<?xml version="1.0" encoding="utf-8"?>
<TestRun id="c32ef7e7-bcb2-4974-b7e7-6980c9f8f864" name="DKSR-EFI-06$@DKSR-EFI-06 2024-01-09 15:41:10" runUser="NT AUTHORITY\NETWORK SERVICE" xmlns="http://microsoft.com/schemas/VisualStudio/TeamTest/2010">
  <Times creation="2024-01-09T15:41:10.1537779+01:00" queuing="2024-01-09T15:41:10.1537779+01:00" start="2024-01-09T15:41:06.7787689+01:00" finish="2024-01-09T15:41:15.5600372+01:00" />
  <TestSettings name="default" id="bab08f70-e8f6-42df-9f01-18f9f9968880">
    <Deployment runDeploymentRoot="DKSR-EFI-06$_DKSR-EFI-06_2024-01-09_15_41_10" />
  </TestSettings>
  <Results>
    <UnitTestResult executionId="f9e6cc30-937d-4ea6-b906-56d11c1c227c" testId="2d53fdea-8210-12a2-fa20-75c46188c947" testName="Given_ConnectionCreated_WhenRunAsync_Then_TaskRunsUntilCancelled" computerName="DKSR-EFI-06" duration="00:00:00.2059285" startTime="2024-01-09T15:41:12.6537836+01:00" endTime="2024-01-09T15:41:12.8725345+01:00" testType="13cdc9d9-ddb5-4fa4-a97d-d965ccfc6d4b" outcome="Passed" testListId="8c84fa94-04c1-424b-9868-57a2d4851a1d" relativeResultsDirectory="f9e6cc30-937d-4ea6-b906-56d11c1c227c" />
    <UnitTestResult executionId="1227c386-8825-4b74-8e75-7297a47b18ca" testId="bd7e0b0c-ef43-360b-dfdb-030b0d50a8ec" testName="WriteAsync_ShouldBeCancelled_WhenTokenIsCancelled" computerName="DKSR-EFI-06" duration="00:00:00.0066120" startTime="2024-01-09T15:41:15.2006620+01:00" endTime="2024-01-09T15:41:15.2006620+01:00" testType="13cdc9d9-ddb5-4fa4-a97d-d965ccfc6d4b" outcome="Passed" testListId="8c84fa94-04c1-424b-9868-57a2d4851a1d" relativeResultsDirectory="1227c386-8825-4b74-8e75-7297a47b18ca" />
    <UnitTestResult executionId="aa6a7bb1-a5c8-470c-9b06-db034ddfdbe5" testId="2db4a4b8-7542-9257-9c47-e10b048b1618" testName="ReadAsync_ShouldReturnMessage_WhenMessgeBytesFitInBuffer_AndIsSplitIn2" computerName="DKSR-EFI-06" duration="00:00:00.0062429" startTime="2024-01-09T15:41:14.8100366+01:00" endTime="2024-01-09T15:41:14.8100366+01:00" testType="13cdc9d9-ddb5-4fa4-a97d-d965ccfc6d4b" outcome="Passed" testListId="8c84fa94-04c1-424b-9868-57a2d4851a1d" relativeResultsDirectory="aa6a7bb1-a5c8-470c-9b06-db034ddfdbe5" />
    <UnitTestResult executionId="b9a28f03-46d7-46ba-9a33-f978b48f3317" testId="43535fd5-c237-92ee-f62c-6062d656852a" testName="Given_ConnectionRuns_When_IncomingMessageProcessorResponds_Then_TheResponseIsPassedToTheWebSocketWriter" computerName="DKSR-EFI-06" duration="00:00:00.1072756" startTime="2024-01-09T15:41:13.3100360+01:00" endTime="2024-01-09T15:41:13.4194093+01:00" testType="13cdc9d9-ddb5-4fa4-a97d-d965ccfc6d4b" outcome="Passed" testListId="8c84fa94-04c1-424b-9868-57a2d4851a1d" relativeResultsDirectory="b9a28f03-46d7-46ba-9a33-f978b48f3317" />
    <UnitTestResult executionId="cd4268b5-def2-4f87-8615-9b705180a063" testId="07d0e3c4-f0e5-a0b1-e09d-27b246255d4a" testName="Given_ConnectionRuns_When_ConnectionIsCancelled_Then_ProcessMessagesAreAwaited" computerName="DKSR-EFI-06" startTime="2024-01-09T15:41:13.4194093+01:00" endTime="2024-01-09T15:41:13.4194093+01:00" testType="13cdc9d9-ddb5-4fa4-a97d-d965ccfc6d4b" outcome="NotExecuted" testListId="8c84fa94-04c1-424b-9868-57a2d4851a1d" relativeResultsDirectory="cd4268b5-def2-4f87-8615-9b705180a063">
      <Output></Output>
    </UnitTestResult>
    <UnitTestResult executionId="6aa71477-b761-432d-a367-11a78692840a" testId="b01ffc42-bd8d-f8f4-c137-073f90bc1c56" testName="ReadAsync_ShouldReturnNull_AndCloseSocket_WhenBinaryIsReceived" computerName="DKSR-EFI-06" duration="00:00:00.0072402" startTime="2024-01-09T15:41:14.2162859+01:00" endTime="2024-01-09T15:41:14.2162859+01:00" testType="13cdc9d9-ddb5-4fa4-a97d-d965ccfc6d4b" outcome="Passed" testListId="8c84fa94-04c1-424b-9868-57a2d4851a1d" relativeResultsDirectory="6aa71477-b761-432d-a367-11a78692840a" />
    <UnitTestResult executionId="fa18b143-b9a3-451f-9882-66786110ecd0" testId="45fbabf4-059d-78c5-13e1-c6c213e9b668" testName="WriteAsync_ShouldSendBinaryData_WhenCalledWithBinaryData" computerName="DKSR-EFI-06" duration="00:00:03.9856285" startTime="2024-01-09T15:41:08.6694029+01:00" endTime="2024-01-09T15:41:12.6537836+01:00" testType="13cdc9d9-ddb5-4fa4-a97d-d965ccfc6d4b" outcome="Passed" testListId="8c84fa94-04c1-424b-9868-57a2d4851a1d" relativeResultsDirectory="fa18b143-b9a3-451f-9882-66786110ecd0" />
    <UnitTestResult executionId="328fddca-b243-430f-b678-9ea9bc0a3911" testId="60e393e1-fb9a-677f-db7d-7b0867243a41" testName="ReadAsync_ShouldReturnNull_AndCloseSocket_WhenCloseIsReceived" computerName="DKSR-EFI-06" duration="00:00:00.0107824" startTime="2024-01-09T15:41:14.2006623+01:00" endTime="2024-01-09T15:41:14.2162859+01:00" testType="13cdc9d9-ddb5-4fa4-a97d-d965ccfc6d4b" outcome="Passed" testListId="8c84fa94-04c1-424b-9868-57a2d4851a1d" relativeResultsDirectory="328fddca-b243-430f-b678-9ea9bc0a3911" />
    <UnitTestResult executionId="5e064e2c-a240-418d-b98c-f007ad80bb9a" testId="c97251e0-524e-5109-53f3-5e1adead1298" testName="Given_WebSocketServerStarted_WhenHttpListenerThrowsException_Then_ServerStops" computerName="DKSR-EFI-06" duration="00:00:00.0903809" startTime="2024-01-09T15:41:13.7787859+01:00" endTime="2024-01-09T15:41:13.8725339+01:00" testType="13cdc9d9-ddb5-4fa4-a97d-d965ccfc6d4b" outcome="Passed" testListId="8c84fa94-04c1-424b-9868-57a2d4851a1d" relativeResultsDirectory="5e064e2c-a240-418d-b98c-f007ad80bb9a" />
    <UnitTestResult executionId="606e2482-fae5-4247-8be5-c2c22149c646" testId="f84c3ab6-5df5-c8d8-bb37-6142800c1835" testName="Given_ConnectionCreated_WhenRunAsync_Then_TaskRunsUntilReaderReportsConnectionClosed" computerName="DKSR-EFI-06" duration="00:00:00.1484554" startTime="2024-01-09T15:41:12.8725345+01:00" endTime="2024-01-09T15:41:13.0131588+01:00" testType="13cdc9d9-ddb5-4fa4-a97d-d965ccfc6d4b" outcome="Passed" testListId="8c84fa94-04c1-424b-9868-57a2d4851a1d" relativeResultsDirectory="606e2482-fae5-4247-8be5-c2c22149c646" />
    <UnitTestResult executionId="a46605e2-adb0-4db4-acc8-17b51da500b1" testId="cb3e1099-bc6e-ffc9-3d3c-c21852b8c186" testName="Given_WebSocketServerRunning_WhenValidateClientReturnsUnauthorized_Then_CloseResponseWithStatus401_AndMessageProcessorIsDisposed" computerName="DKSR-EFI-06" duration="00:00:00.0309774" startTime="2024-01-09T15:41:13.9819125+01:00" endTime="2024-01-09T15:41:14.0131619+01:00" testType="13cdc9d9-ddb5-4fa4-a97d-d965ccfc6d4b" outcome="Passed" testListId="8c84fa94-04c1-424b-9868-57a2d4851a1d" relativeResultsDirectory="a46605e2-adb0-4db4-acc8-17b51da500b1" />
    <UnitTestResult executionId="47361d0d-d218-4046-aecb-ba602c3e0d76" testId="45bc5c00-81fc-dcbb-35b0-d70ab735f706" testName="Given_WebSocketServerRunning_WhenWebSocketRequestsReceived_AndServerShutsDown_Then_ConnectionsAreClosedByServer_AndConnectionAndMessageProcessorAreDisposed" computerName="DKSR-EFI-06" duration="00:00:00.1238823" startTime="2024-01-09T15:41:14.0131619+01:00" endTime="2024-01-09T15:41:14.1382115+01:00" testType="13cdc9d9-ddb5-4fa4-a97d-d965ccfc6d4b" outcome="Passed" testListId="8c84fa94-04c1-424b-9868-57a2d4851a1d" relativeResultsDirectory="47361d0d-d218-4046-aecb-ba602c3e0d76" />
    <UnitTestResult executionId="397e0560-4219-48f5-b61e-01076c223eb6" testId="c45e925c-2d90-9721-a7dd-15fb78334e99" testName="Given_ConnectionRuns_When_ProcessMessageThrowsProcessMessageException_Then_TheConnectionGetsClosed" computerName="DKSR-EFI-06" duration="00:00:00.0403626" startTime="2024-01-09T15:41:13.2631592+01:00" endTime="2024-01-09T15:41:13.3100360+01:00" testType="13cdc9d9-ddb5-4fa4-a97d-d965ccfc6d4b" outcome="Passed" testListId="8c84fa94-04c1-424b-9868-57a2d4851a1d" relativeResultsDirectory="397e0560-4219-48f5-b61e-01076c223eb6" />
    <UnitTestResult executionId="cc1d1c93-fd9d-4772-b03e-6cc5580bd931" testId="a53282b4-6a05-242a-e4d2-b9565bce7581" testName="WriteAsync_ShouldFail_WhenMessageIsNull" computerName="DKSR-EFI-06" duration="00:00:00.0012578" startTime="2024-01-09T15:41:15.2006620+01:00" endTime="2024-01-09T15:41:15.2006620+01:00" testType="13cdc9d9-ddb5-4fa4-a97d-d965ccfc6d4b" outcome="Passed" testListId="8c84fa94-04c1-424b-9868-57a2d4851a1d" relativeResultsDirectory="cc1d1c93-fd9d-4772-b03e-6cc5580bd931" />
    <UnitTestResult executionId="7e504d6e-e010-4e78-82c3-7892fd59d6da" testId="21bbf318-06fa-5331-4b4b-1b1314cab6cc" testName="ReadAsync_ShouldReturnObject_WhenGivenJson" computerName="DKSR-EFI-06" duration="00:00:00.3399858" startTime="2024-01-09T15:41:13.4194093+01:00" endTime="2024-01-09T15:41:13.7475363+01:00" testType="13cdc9d9-ddb5-4fa4-a97d-d965ccfc6d4b" outcome="Passed" testListId="8c84fa94-04c1-424b-9868-57a2d4851a1d" relativeResultsDirectory="7e504d6e-e010-4e78-82c3-7892fd59d6da" />
    <UnitTestResult executionId="13b8101b-55de-4855-8daa-79db07f8bf93" testId="d828ff89-d542-aec2-0f85-e3a6f44609b4" testName="ReadAsync_ShouldReturnMessage_WhenMessgeBytesDoesNotFitInBuffer" computerName="DKSR-EFI-06" duration="00:00:00.3875081" startTime="2024-01-09T15:41:14.8100366+01:00" endTime="2024-01-09T15:41:15.2006620+01:00" testType="13cdc9d9-ddb5-4fa4-a97d-d965ccfc6d4b" outcome="Passed" testListId="8c84fa94-04c1-424b-9868-57a2d4851a1d" relativeResultsDirectory="13b8101b-55de-4855-8daa-79db07f8bf93" />
    <UnitTestResult executionId="c3f0aef3-d519-49f1-a8bf-f026dc88906f" testId="541e7a25-1132-e1e5-2914-5c97dae45806" testName="Given_ConnectionCreated_WhenRunAsync_Then_TaskKeepRunningEvenIfAnExceptionIsThrown" computerName="DKSR-EFI-06" duration="00:00:00.1348721" startTime="2024-01-09T15:41:13.0131588+01:00" endTime="2024-01-09T15:41:13.1537854+01:00" testType="13cdc9d9-ddb5-4fa4-a97d-d965ccfc6d4b" outcome="Passed" testListId="8c84fa94-04c1-424b-9868-57a2d4851a1d" relativeResultsDirectory="c3f0aef3-d519-49f1-a8bf-f026dc88906f" />
    <UnitTestResult executionId="45574966-d554-4ea5-ab6d-1db7dd7fca25" testId="17113636-2838-540b-6e7b-9af7ed2f4a89" testName="ReadAsync_ShouldBeCancelled_WhenTokenIsCancelled" computerName="DKSR-EFI-06" duration="00:00:00.0092790" startTime="2024-01-09T15:41:14.7944130+01:00" endTime="2024-01-09T15:41:14.7944130+01:00" testType="13cdc9d9-ddb5-4fa4-a97d-d965ccfc6d4b" outcome="Passed" testListId="8c84fa94-04c1-424b-9868-57a2d4851a1d" relativeResultsDirectory="45574966-d554-4ea5-ab6d-1db7dd7fca25" />
    <UnitTestResult executionId="f1cfb1bb-6451-4fec-82d0-ffcead9b3210" testId="82208ecb-5dfd-fb08-9afb-08c75a19542d" testName="Given_ConnectionRuns_When_ConnectionIsClosed_Then_ProcessMessagesAreAwaited" computerName="DKSR-EFI-06" startTime="2024-01-09T15:41:13.4194093+01:00" endTime="2024-01-09T15:41:13.4194093+01:00" testType="13cdc9d9-ddb5-4fa4-a97d-d965ccfc6d4b" outcome="NotExecuted" testListId="8c84fa94-04c1-424b-9868-57a2d4851a1d" relativeResultsDirectory="f1cfb1bb-6451-4fec-82d0-ffcead9b3210">
      <Output></Output>
    </UnitTestResult>
    <UnitTestResult executionId="ccf2660d-e70c-4bc9-94d9-01a49d796318" testId="27924e98-8eeb-6eec-e518-9bff1acaa8bc" testName="Given_WebSocketServerRunning_WhenCancelled_Then_StopsWithoutException" computerName="DKSR-EFI-06" duration="00:00:00.0059254" startTime="2024-01-09T15:41:13.8725339+01:00" endTime="2024-01-09T15:41:13.8881582+01:00" testType="13cdc9d9-ddb5-4fa4-a97d-d965ccfc6d4b" outcome="Passed" testListId="8c84fa94-04c1-424b-9868-57a2d4851a1d" relativeResultsDirectory="ccf2660d-e70c-4bc9-94d9-01a49d796318" />
    <UnitTestResult executionId="78284cd5-5bbf-443f-8117-2e8dea30ac10" testId="6cbe5b7e-5a0c-4d41-4528-7220bcedb289" testName="Given_WebSocketServerRunning_WhenNonWebsocketRequestReceived_Then_CloseResponseWithStatus426_AndMessageProcessorIsDisposed" computerName="DKSR-EFI-06" duration="00:00:00.0996965" startTime="2024-01-09T15:41:13.8881582+01:00" endTime="2024-01-09T15:41:13.9819125+01:00" testType="13cdc9d9-ddb5-4fa4-a97d-d965ccfc6d4b" outcome="Passed" testListId="8c84fa94-04c1-424b-9868-57a2d4851a1d" relativeResultsDirectory="78284cd5-5bbf-443f-8117-2e8dea30ac10" />
    <UnitTestResult executionId="d9db4161-d8ef-4571-8c84-aea71366fb64" testId="d48b9345-2218-465d-52b1-e79f9f0ad5f6" testName="Given_WebSocketServerCreated_WhenDisposed_Then_HttpListenerIsDisposed" computerName="DKSR-EFI-06" duration="00:00:00.0188669" startTime="2024-01-09T15:41:13.7631606+01:00" endTime="2024-01-09T15:41:13.7787859+01:00" testType="13cdc9d9-ddb5-4fa4-a97d-d965ccfc6d4b" outcome="Passed" testListId="8c84fa94-04c1-424b-9868-57a2d4851a1d" relativeResultsDirectory="d9db4161-d8ef-4571-8c84-aea71366fb64" />
    <UnitTestResult executionId="4dc1b011-4eca-4f48-98e5-f29e4ffe1de5" testId="74fbcf86-e02b-e102-508f-c289f907d623" testName="ReadAsync_ShouldReturnUnalteredByteArray_WhenGivenBinaryData" computerName="DKSR-EFI-06" duration="00:00:00.6262567" startTime="2024-01-09T15:41:07.8725251+01:00" endTime="2024-01-09T15:41:08.6537775+01:00" testType="13cdc9d9-ddb5-4fa4-a97d-d965ccfc6d4b" outcome="Passed" testListId="8c84fa94-04c1-424b-9868-57a2d4851a1d" relativeResultsDirectory="4dc1b011-4eca-4f48-98e5-f29e4ffe1de5" />
    <UnitTestResult executionId="d485d7ce-fed4-4805-9cc7-3094ffe2e523" testId="1a73e3fb-db04-acf8-efc0-c385c3668563" testName="Given_WebSocketServerRunning_WhenWebSocketRequestsReceived_AndClosedByClient_Then_ConnectionAndMessageProcessorAreDisposed" computerName="DKSR-EFI-06" duration="00:00:00.0621721" startTime="2024-01-09T15:41:14.1382115+01:00" endTime="2024-01-09T15:41:14.2006623+01:00" testType="13cdc9d9-ddb5-4fa4-a97d-d965ccfc6d4b" outcome="Passed" testListId="8c84fa94-04c1-424b-9868-57a2d4851a1d" relativeResultsDirectory="d485d7ce-fed4-4805-9cc7-3094ffe2e523" />
    <UnitTestResult executionId="bc37d363-917f-42c6-886b-f7f7abfdcf44" testId="3c1561df-e7db-a184-b7bc-63aba8a8c00a" testName="WriteAsync_ShouldSendClearTextData_WhenCalledWithAMessage" computerName="DKSR-EFI-06" duration="00:00:00.0048706" startTime="2024-01-09T15:41:15.2006620+01:00" endTime="2024-01-09T15:41:15.2162860+01:00" testType="13cdc9d9-ddb5-4fa4-a97d-d965ccfc6d4b" outcome="Passed" testListId="8c84fa94-04c1-424b-9868-57a2d4851a1d" relativeResultsDirectory="bc37d363-917f-42c6-886b-f7f7abfdcf44" />
    <UnitTestResult executionId="2f19fcc1-7638-481f-957c-0bbbb4236b57" testId="5c315a0f-66f4-9209-9ce3-f856f2e8b9fd" testName="ReadAsync_ShouldReturnMessage_WhenMessgeBytesFitInBuffer_AndIsNotSplit" computerName="DKSR-EFI-06" duration="00:00:00.0066094" startTime="2024-01-09T15:41:14.7944130+01:00" endTime="2024-01-09T15:41:14.8100366+01:00" testType="13cdc9d9-ddb5-4fa4-a97d-d965ccfc6d4b" outcome="Passed" testListId="8c84fa94-04c1-424b-9868-57a2d4851a1d" relativeResultsDirectory="2f19fcc1-7638-481f-957c-0bbbb4236b57" />
    <UnitTestResult executionId="d83488b2-1887-4c7d-bf49-7be03cf30ba5" testId="786ed098-fd0c-ab3e-d959-e6ab09eb64f2" testName="WriteAsync_ShouldSendJsonData_WhenCalledWithAnObject" computerName="DKSR-EFI-06" duration="00:00:00.0104675" startTime="2024-01-09T15:41:13.7631606+01:00" endTime="2024-01-09T15:41:13.7631606+01:00" testType="13cdc9d9-ddb5-4fa4-a97d-d965ccfc6d4b" outcome="Passed" testListId="8c84fa94-04c1-424b-9868-57a2d4851a1d" relativeResultsDirectory="d83488b2-1887-4c7d-bf49-7be03cf30ba5" />
    <UnitTestResult executionId="bc15ebb1-0755-4437-8dfb-d90dea914033" testId="c0b89de7-d5df-1192-84bc-7a554b7173bd" testName="ReadAsync_ShouldReturnNull_AndCloseSocket_WhenMessgeIsTooBig" computerName="DKSR-EFI-06" duration="00:00:00.5585457" startTime="2024-01-09T15:41:14.2319107+01:00" endTime="2024-01-09T15:41:14.7944130+01:00" testType="13cdc9d9-ddb5-4fa4-a97d-d965ccfc6d4b" outcome="Passed" testListId="8c84fa94-04c1-424b-9868-57a2d4851a1d" relativeResultsDirectory="bc15ebb1-0755-4437-8dfb-d90dea914033" />
    <UnitTestResult executionId="2ea36b4e-588c-41c2-8c47-e58a1ee73c15" testId="4178cbcb-b670-4928-d5e3-684f18e91898" testName="Given_ConnectionRuns_When_MessageReceived_Then_ItIsProcessedByIncomingMessageProcessor" computerName="DKSR-EFI-06" duration="00:00:00.1149213" startTime="2024-01-09T15:41:13.1537854+01:00" endTime="2024-01-09T15:41:13.2631592+01:00" testType="13cdc9d9-ddb5-4fa4-a97d-d965ccfc6d4b" outcome="Passed" testListId="8c84fa94-04c1-424b-9868-57a2d4851a1d" relativeResultsDirectory="2ea36b4e-588c-41c2-8c47-e58a1ee73c15" />
  </Results>
  <TestDefinitions>
    <UnitTest name="ReadAsync_ShouldReturnMessage_WhenMessgeBytesFitInBuffer_AndIsSplitIn2" storage="d:\actions-runner\_work\xpco\xpco\common\videoos.common.websockets\tst\videoos.common.websockets.unittests\bin\debug\net47\videoos.common.websockets.unittests.dll" id="2db4a4b8-7542-9257-9c47-e10b048b1618">
      <Execution id="aa6a7bb1-a5c8-470c-9b06-db034ddfdbe5" />
      <TestMethod codeBase="D:\actions-runner\_work\XPCO\XPCO\Common\VideoOS.Common.WebSockets\tst\VideoOS.Common.WebSockets.UnitTests\bin\Debug\net47\VideoOS.Common.WebSockets.UnitTests.dll" adapterTypeName="executor://mstestadapter/v2" className="VideoOS.Common.WebSockets.UnitTests.WebSocketTextReaderTests" name="ReadAsync_ShouldReturnMessage_WhenMessgeBytesFitInBuffer_AndIsSplitIn2" />
    </UnitTest>
    <UnitTest name="ReadAsync_ShouldReturnNull_AndCloseSocket_WhenCloseIsReceived" storage="d:\actions-runner\_work\xpco\xpco\common\videoos.common.websockets\tst\videoos.common.websockets.unittests\bin\debug\net47\videoos.common.websockets.unittests.dll" id="60e393e1-fb9a-677f-db7d-7b0867243a41">
      <Execution id="328fddca-b243-430f-b678-9ea9bc0a3911" />
      <TestMethod codeBase="D:\actions-runner\_work\XPCO\XPCO\Common\VideoOS.Common.WebSockets\tst\VideoOS.Common.WebSockets.UnitTests\bin\Debug\net47\VideoOS.Common.WebSockets.UnitTests.dll" adapterTypeName="executor://mstestadapter/v2" className="VideoOS.Common.WebSockets.UnitTests.WebSocketTextReaderTests" name="ReadAsync_ShouldReturnNull_AndCloseSocket_WhenCloseIsReceived" />
    </UnitTest>
    <UnitTest name="Given_ConnectionRuns_When_MessageReceived_Then_ItIsProcessedByIncomingMessageProcessor" storage="d:\actions-runner\_work\xpco\xpco\common\videoos.common.websockets\tst\videoos.common.websockets.unittests\bin\debug\net47\videoos.common.websockets.unittests.dll" id="4178cbcb-b670-4928-d5e3-684f18e91898">
      <Execution id="2ea36b4e-588c-41c2-8c47-e58a1ee73c15" />
      <TestMethod codeBase="D:\actions-runner\_work\XPCO\XPCO\Common\VideoOS.Common.WebSockets\tst\VideoOS.Common.WebSockets.UnitTests\bin\Debug\net47\VideoOS.Common.WebSockets.UnitTests.dll" adapterTypeName="executor://mstestadapter/v2" className="VideoOS.Common.WebSockets.UnitTests.WebSocketConnectionTest" name="Given_ConnectionRuns_When_MessageReceived_Then_ItIsProcessedByIncomingMessageProcessor" />
    </UnitTest>
    <UnitTest name="Given_WebSocketServerRunning_WhenWebSocketRequestsReceived_AndServerShutsDown_Then_ConnectionsAreClosedByServer_AndConnectionAndMessageProcessorAreDisposed" storage="d:\actions-runner\_work\xpco\xpco\common\videoos.common.websockets\tst\videoos.common.websockets.unittests\bin\debug\net47\videoos.common.websockets.unittests.dll" id="45bc5c00-81fc-dcbb-35b0-d70ab735f706">
      <Execution id="47361d0d-d218-4046-aecb-ba602c3e0d76" />
      <TestMethod codeBase="D:\actions-runner\_work\XPCO\XPCO\Common\VideoOS.Common.WebSockets\tst\VideoOS.Common.WebSockets.UnitTests\bin\Debug\net47\VideoOS.Common.WebSockets.UnitTests.dll" adapterTypeName="executor://mstestadapter/v2" className="VideoOS.Common.WebSockets.UnitTests.WebSocketServerTests" name="Given_WebSocketServerRunning_WhenWebSocketRequestsReceived_AndServerShutsDown_Then_ConnectionsAreClosedByServer_AndConnectionAndMessageProcessorAreDisposed" />
    </UnitTest>
    <UnitTest name="ReadAsync_ShouldReturnUnalteredByteArray_WhenGivenBinaryData" storage="d:\actions-runner\_work\xpco\xpco\common\videoos.common.websockets\tst\videoos.common.websockets.unittests\bin\debug\net47\videoos.common.websockets.unittests.dll" id="74fbcf86-e02b-e102-508f-c289f907d623">
      <Execution id="4dc1b011-4eca-4f48-98e5-f29e4ffe1de5" />
      <TestMethod codeBase="D:\actions-runner\_work\XPCO\XPCO\Common\VideoOS.Common.WebSockets\tst\VideoOS.Common.WebSockets.UnitTests\bin\Debug\net47\VideoOS.Common.WebSockets.UnitTests.dll" adapterTypeName="executor://mstestadapter/v2" className="VideoOS.Common.WebSockets.UnitTests.WebSocketBinaryReaderTests" name="ReadAsync_ShouldReturnUnalteredByteArray_WhenGivenBinaryData" />
    </UnitTest>
    <UnitTest name="Given_WebSocketServerRunning_WhenValidateClientReturnsUnauthorized_Then_CloseResponseWithStatus401_AndMessageProcessorIsDisposed" storage="d:\actions-runner\_work\xpco\xpco\common\videoos.common.websockets\tst\videoos.common.websockets.unittests\bin\debug\net47\videoos.common.websockets.unittests.dll" id="cb3e1099-bc6e-ffc9-3d3c-c21852b8c186">
      <Execution id="a46605e2-adb0-4db4-acc8-17b51da500b1" />
      <TestMethod codeBase="D:\actions-runner\_work\XPCO\XPCO\Common\VideoOS.Common.WebSockets\tst\VideoOS.Common.WebSockets.UnitTests\bin\Debug\net47\VideoOS.Common.WebSockets.UnitTests.dll" adapterTypeName="executor://mstestadapter/v2" className="VideoOS.Common.WebSockets.UnitTests.WebSocketServerTests" name="Given_WebSocketServerRunning_WhenValidateClientReturnsUnauthorized_Then_CloseResponseWithStatus401_AndMessageProcessorIsDisposed" />
    </UnitTest>
    <UnitTest name="ReadAsync_ShouldReturnObject_WhenGivenJson" storage="d:\actions-runner\_work\xpco\xpco\common\videoos.common.websockets\tst\videoos.common.websockets.unittests\bin\debug\net47\videoos.common.websockets.unittests.dll" id="21bbf318-06fa-5331-4b4b-1b1314cab6cc">
      <Execution id="7e504d6e-e010-4e78-82c3-7892fd59d6da" />
      <TestMethod codeBase="D:\actions-runner\_work\XPCO\XPCO\Common\VideoOS.Common.WebSockets\tst\VideoOS.Common.WebSockets.UnitTests\bin\Debug\net47\VideoOS.Common.WebSockets.UnitTests.dll" adapterTypeName="executor://mstestadapter/v2" className="VideoOS.Common.WebSockets.UnitTests.WebSocketJsonReaderTests" name="ReadAsync_ShouldReturnObject_WhenGivenJson" />
    </UnitTest>
    <UnitTest name="ReadAsync_ShouldReturnMessage_WhenMessgeBytesDoesNotFitInBuffer" storage="d:\actions-runner\_work\xpco\xpco\common\videoos.common.websockets\tst\videoos.common.websockets.unittests\bin\debug\net47\videoos.common.websockets.unittests.dll" id="d828ff89-d542-aec2-0f85-e3a6f44609b4">
      <Execution id="13b8101b-55de-4855-8daa-79db07f8bf93" />
      <TestMethod codeBase="D:\actions-runner\_work\XPCO\XPCO\Common\VideoOS.Common.WebSockets\tst\VideoOS.Common.WebSockets.UnitTests\bin\Debug\net47\VideoOS.Common.WebSockets.UnitTests.dll" adapterTypeName="executor://mstestadapter/v2" className="VideoOS.Common.WebSockets.UnitTests.WebSocketTextReaderTests" name="ReadAsync_ShouldReturnMessage_WhenMessgeBytesDoesNotFitInBuffer" />
    </UnitTest>
    <UnitTest name="WriteAsync_ShouldFail_WhenMessageIsNull" storage="d:\actions-runner\_work\xpco\xpco\common\videoos.common.websockets\tst\videoos.common.websockets.unittests\bin\debug\net47\videoos.common.websockets.unittests.dll" id="a53282b4-6a05-242a-e4d2-b9565bce7581">
      <Execution id="cc1d1c93-fd9d-4772-b03e-6cc5580bd931" />
      <TestMethod codeBase="D:\actions-runner\_work\XPCO\XPCO\Common\VideoOS.Common.WebSockets\tst\VideoOS.Common.WebSockets.UnitTests\bin\Debug\net47\VideoOS.Common.WebSockets.UnitTests.dll" adapterTypeName="executor://mstestadapter/v2" className="VideoOS.Common.WebSockets.UnitTests.WebSocketTextWriterTests" name="WriteAsync_ShouldFail_WhenMessageIsNull" />
    </UnitTest>
    <UnitTest name="ReadAsync_ShouldBeCancelled_WhenTokenIsCancelled" storage="d:\actions-runner\_work\xpco\xpco\common\videoos.common.websockets\tst\videoos.common.websockets.unittests\bin\debug\net47\videoos.common.websockets.unittests.dll" id="17113636-2838-540b-6e7b-9af7ed2f4a89">
      <Execution id="45574966-d554-4ea5-ab6d-1db7dd7fca25" />
      <TestMethod codeBase="D:\actions-runner\_work\XPCO\XPCO\Common\VideoOS.Common.WebSockets\tst\VideoOS.Common.WebSockets.UnitTests\bin\Debug\net47\VideoOS.Common.WebSockets.UnitTests.dll" adapterTypeName="executor://mstestadapter/v2" className="VideoOS.Common.WebSockets.UnitTests.WebSocketTextReaderTests" name="ReadAsync_ShouldBeCancelled_WhenTokenIsCancelled" />
    </UnitTest>
    <UnitTest name="Given_WebSocketServerStarted_WhenHttpListenerThrowsException_Then_ServerStops" storage="d:\actions-runner\_work\xpco\xpco\common\videoos.common.websockets\tst\videoos.common.websockets.unittests\bin\debug\net47\videoos.common.websockets.unittests.dll" id="c97251e0-524e-5109-53f3-5e1adead1298">
      <Execution id="5e064e2c-a240-418d-b98c-f007ad80bb9a" />
      <TestMethod codeBase="D:\actions-runner\_work\XPCO\XPCO\Common\VideoOS.Common.WebSockets\tst\VideoOS.Common.WebSockets.UnitTests\bin\Debug\net47\VideoOS.Common.WebSockets.UnitTests.dll" adapterTypeName="executor://mstestadapter/v2" className="VideoOS.Common.WebSockets.UnitTests.WebSocketServerTests" name="Given_WebSocketServerStarted_WhenHttpListenerThrowsException_Then_ServerStops" />
    </UnitTest>
    <UnitTest name="Given_ConnectionRuns_When_ConnectionIsCancelled_Then_ProcessMessagesAreAwaited" storage="d:\actions-runner\_work\xpco\xpco\common\videoos.common.websockets\tst\videoos.common.websockets.unittests\bin\debug\net47\videoos.common.websockets.unittests.dll" id="07d0e3c4-f0e5-a0b1-e09d-27b246255d4a">
      <Execution id="cd4268b5-def2-4f87-8615-9b705180a063" />
      <TestMethod codeBase="D:\actions-runner\_work\XPCO\XPCO\Common\VideoOS.Common.WebSockets\tst\VideoOS.Common.WebSockets.UnitTests\bin\Debug\net47\VideoOS.Common.WebSockets.UnitTests.dll" adapterTypeName="executor://mstestadapter/v2" className="VideoOS.Common.WebSockets.UnitTests.WebSocketConnectionTest" name="Given_ConnectionRuns_When_ConnectionIsCancelled_Then_ProcessMessagesAreAwaited" />
    </UnitTest>
    <UnitTest name="Given_ConnectionRuns_When_IncomingMessageProcessorResponds_Then_TheResponseIsPassedToTheWebSocketWriter" storage="d:\actions-runner\_work\xpco\xpco\common\videoos.common.websockets\tst\videoos.common.websockets.unittests\bin\debug\net47\videoos.common.websockets.unittests.dll" id="43535fd5-c237-92ee-f62c-6062d656852a">
      <Execution id="b9a28f03-46d7-46ba-9a33-f978b48f3317" />
      <TestMethod codeBase="D:\actions-runner\_work\XPCO\XPCO\Common\VideoOS.Common.WebSockets\tst\VideoOS.Common.WebSockets.UnitTests\bin\Debug\net47\VideoOS.Common.WebSockets.UnitTests.dll" adapterTypeName="executor://mstestadapter/v2" className="VideoOS.Common.WebSockets.UnitTests.WebSocketConnectionTest" name="Given_ConnectionRuns_When_IncomingMessageProcessorResponds_Then_TheResponseIsPassedToTheWebSocketWriter" />
    </UnitTest>
    <UnitTest name="ReadAsync_ShouldReturnNull_AndCloseSocket_WhenMessgeIsTooBig" storage="d:\actions-runner\_work\xpco\xpco\common\videoos.common.websockets\tst\videoos.common.websockets.unittests\bin\debug\net47\videoos.common.websockets.unittests.dll" id="c0b89de7-d5df-1192-84bc-7a554b7173bd">
      <Execution id="bc15ebb1-0755-4437-8dfb-d90dea914033" />
      <TestMethod codeBase="D:\actions-runner\_work\XPCO\XPCO\Common\VideoOS.Common.WebSockets\tst\VideoOS.Common.WebSockets.UnitTests\bin\Debug\net47\VideoOS.Common.WebSockets.UnitTests.dll" adapterTypeName="executor://mstestadapter/v2" className="VideoOS.Common.WebSockets.UnitTests.WebSocketTextReaderTests" name="ReadAsync_ShouldReturnNull_AndCloseSocket_WhenMessgeIsTooBig" />
    </UnitTest>
    <UnitTest name="Given_ConnectionRuns_When_ConnectionIsClosed_Then_ProcessMessagesAreAwaited" storage="d:\actions-runner\_work\xpco\xpco\common\videoos.common.websockets\tst\videoos.common.websockets.unittests\bin\debug\net47\videoos.common.websockets.unittests.dll" id="82208ecb-5dfd-fb08-9afb-08c75a19542d">
      <Execution id="f1cfb1bb-6451-4fec-82d0-ffcead9b3210" />
      <TestMethod codeBase="D:\actions-runner\_work\XPCO\XPCO\Common\VideoOS.Common.WebSockets\tst\VideoOS.Common.WebSockets.UnitTests\bin\Debug\net47\VideoOS.Common.WebSockets.UnitTests.dll" adapterTypeName="executor://mstestadapter/v2" className="VideoOS.Common.WebSockets.UnitTests.WebSocketConnectionTest" name="Given_ConnectionRuns_When_ConnectionIsClosed_Then_ProcessMessagesAreAwaited" />
    </UnitTest>
    <UnitTest name="Given_ConnectionRuns_When_ProcessMessageThrowsProcessMessageException_Then_TheConnectionGetsClosed" storage="d:\actions-runner\_work\xpco\xpco\common\videoos.common.websockets\tst\videoos.common.websockets.unittests\bin\debug\net47\videoos.common.websockets.unittests.dll" id="c45e925c-2d90-9721-a7dd-15fb78334e99">
      <Execution id="397e0560-4219-48f5-b61e-01076c223eb6" />
      <TestMethod codeBase="D:\actions-runner\_work\XPCO\XPCO\Common\VideoOS.Common.WebSockets\tst\VideoOS.Common.WebSockets.UnitTests\bin\Debug\net47\VideoOS.Common.WebSockets.UnitTests.dll" adapterTypeName="executor://mstestadapter/v2" className="VideoOS.Common.WebSockets.UnitTests.WebSocketConnectionTest" name="Given_ConnectionRuns_When_ProcessMessageThrowsProcessMessageException_Then_TheConnectionGetsClosed" />
    </UnitTest>
    <UnitTest name="Given_WebSocketServerRunning_WhenWebSocketRequestsReceived_AndClosedByClient_Then_ConnectionAndMessageProcessorAreDisposed" storage="d:\actions-runner\_work\xpco\xpco\common\videoos.common.websockets\tst\videoos.common.websockets.unittests\bin\debug\net47\videoos.common.websockets.unittests.dll" id="1a73e3fb-db04-acf8-efc0-c385c3668563">
      <Execution id="d485d7ce-fed4-4805-9cc7-3094ffe2e523" />
      <TestMethod codeBase="D:\actions-runner\_work\XPCO\XPCO\Common\VideoOS.Common.WebSockets\tst\VideoOS.Common.WebSockets.UnitTests\bin\Debug\net47\VideoOS.Common.WebSockets.UnitTests.dll" adapterTypeName="executor://mstestadapter/v2" className="VideoOS.Common.WebSockets.UnitTests.WebSocketServerTests" name="Given_WebSocketServerRunning_WhenWebSocketRequestsReceived_AndClosedByClient_Then_ConnectionAndMessageProcessorAreDisposed" />
    </UnitTest>
    <UnitTest name="WriteAsync_ShouldSendClearTextData_WhenCalledWithAMessage" storage="d:\actions-runner\_work\xpco\xpco\common\videoos.common.websockets\tst\videoos.common.websockets.unittests\bin\debug\net47\videoos.common.websockets.unittests.dll" id="3c1561df-e7db-a184-b7bc-63aba8a8c00a">
      <Execution id="bc37d363-917f-42c6-886b-f7f7abfdcf44" />
      <TestMethod codeBase="D:\actions-runner\_work\XPCO\XPCO\Common\VideoOS.Common.WebSockets\tst\VideoOS.Common.WebSockets.UnitTests\bin\Debug\net47\VideoOS.Common.WebSockets.UnitTests.dll" adapterTypeName="executor://mstestadapter/v2" className="VideoOS.Common.WebSockets.UnitTests.WebSocketTextWriterTests" name="WriteAsync_ShouldSendClearTextData_WhenCalledWithAMessage" />
    </UnitTest>
    <UnitTest name="Given_ConnectionCreated_WhenRunAsync_Then_TaskRunsUntilReaderReportsConnectionClosed" storage="d:\actions-runner\_work\xpco\xpco\common\videoos.common.websockets\tst\videoos.common.websockets.unittests\bin\debug\net47\videoos.common.websockets.unittests.dll" id="f84c3ab6-5df5-c8d8-bb37-6142800c1835">
      <Execution id="606e2482-fae5-4247-8be5-c2c22149c646" />
      <TestMethod codeBase="D:\actions-runner\_work\XPCO\XPCO\Common\VideoOS.Common.WebSockets\tst\VideoOS.Common.WebSockets.UnitTests\bin\Debug\net47\VideoOS.Common.WebSockets.UnitTests.dll" adapterTypeName="executor://mstestadapter/v2" className="VideoOS.Common.WebSockets.UnitTests.WebSocketConnectionTest" name="Given_ConnectionCreated_WhenRunAsync_Then_TaskRunsUntilReaderReportsConnectionClosed" />
    </UnitTest>
    <UnitTest name="Given_WebSocketServerRunning_WhenNonWebsocketRequestReceived_Then_CloseResponseWithStatus426_AndMessageProcessorIsDisposed" storage="d:\actions-runner\_work\xpco\xpco\common\videoos.common.websockets\tst\videoos.common.websockets.unittests\bin\debug\net47\videoos.common.websockets.unittests.dll" id="6cbe5b7e-5a0c-4d41-4528-7220bcedb289">
      <Execution id="78284cd5-5bbf-443f-8117-2e8dea30ac10" />
      <TestMethod codeBase="D:\actions-runner\_work\XPCO\XPCO\Common\VideoOS.Common.WebSockets\tst\VideoOS.Common.WebSockets.UnitTests\bin\Debug\net47\VideoOS.Common.WebSockets.UnitTests.dll" adapterTypeName="executor://mstestadapter/v2" className="VideoOS.Common.WebSockets.UnitTests.WebSocketServerTests" name="Given_WebSocketServerRunning_WhenNonWebsocketRequestReceived_Then_CloseResponseWithStatus426_AndMessageProcessorIsDisposed" />
    </UnitTest>
    <UnitTest name="ReadAsync_ShouldReturnNull_AndCloseSocket_WhenBinaryIsReceived" storage="d:\actions-runner\_work\xpco\xpco\common\videoos.common.websockets\tst\videoos.common.websockets.unittests\bin\debug\net47\videoos.common.websockets.unittests.dll" id="b01ffc42-bd8d-f8f4-c137-073f90bc1c56">
      <Execution id="6aa71477-b761-432d-a367-11a78692840a" />
      <TestMethod codeBase="D:\actions-runner\_work\XPCO\XPCO\Common\VideoOS.Common.WebSockets\tst\VideoOS.Common.WebSockets.UnitTests\bin\Debug\net47\VideoOS.Common.WebSockets.UnitTests.dll" adapterTypeName="executor://mstestadapter/v2" className="VideoOS.Common.WebSockets.UnitTests.WebSocketTextReaderTests" name="ReadAsync_ShouldReturnNull_AndCloseSocket_WhenBinaryIsReceived" />
    </UnitTest>
    <UnitTest name="Given_WebSocketServerCreated_WhenDisposed_Then_HttpListenerIsDisposed" storage="d:\actions-runner\_work\xpco\xpco\common\videoos.common.websockets\tst\videoos.common.websockets.unittests\bin\debug\net47\videoos.common.websockets.unittests.dll" id="d48b9345-2218-465d-52b1-e79f9f0ad5f6">
      <Execution id="d9db4161-d8ef-4571-8c84-aea71366fb64" />
      <TestMethod codeBase="D:\actions-runner\_work\XPCO\XPCO\Common\VideoOS.Common.WebSockets\tst\VideoOS.Common.WebSockets.UnitTests\bin\Debug\net47\VideoOS.Common.WebSockets.UnitTests.dll" adapterTypeName="executor://mstestadapter/v2" className="VideoOS.Common.WebSockets.UnitTests.WebSocketServerTests" name="Given_WebSocketServerCreated_WhenDisposed_Then_HttpListenerIsDisposed" />
    </UnitTest>
    <UnitTest name="WriteAsync_ShouldSendBinaryData_WhenCalledWithBinaryData" storage="d:\actions-runner\_work\xpco\xpco\common\videoos.common.websockets\tst\videoos.common.websockets.unittests\bin\debug\net47\videoos.common.websockets.unittests.dll" id="45fbabf4-059d-78c5-13e1-c6c213e9b668">
      <Execution id="fa18b143-b9a3-451f-9882-66786110ecd0" />
      <TestMethod codeBase="D:\actions-runner\_work\XPCO\XPCO\Common\VideoOS.Common.WebSockets\tst\VideoOS.Common.WebSockets.UnitTests\bin\Debug\net47\VideoOS.Common.WebSockets.UnitTests.dll" adapterTypeName="executor://mstestadapter/v2" className="VideoOS.Common.WebSockets.UnitTests.WebSocketBinaryWriterTests" name="WriteAsync_ShouldSendBinaryData_WhenCalledWithBinaryData" />
    </UnitTest>
    <UnitTest name="WriteAsync_ShouldBeCancelled_WhenTokenIsCancelled" storage="d:\actions-runner\_work\xpco\xpco\common\videoos.common.websockets\tst\videoos.common.websockets.unittests\bin\debug\net47\videoos.common.websockets.unittests.dll" id="bd7e0b0c-ef43-360b-dfdb-030b0d50a8ec">
      <Execution id="1227c386-8825-4b74-8e75-7297a47b18ca" />
      <TestMethod codeBase="D:\actions-runner\_work\XPCO\XPCO\Common\VideoOS.Common.WebSockets\tst\VideoOS.Common.WebSockets.UnitTests\bin\Debug\net47\VideoOS.Common.WebSockets.UnitTests.dll" adapterTypeName="executor://mstestadapter/v2" className="VideoOS.Common.WebSockets.UnitTests.WebSocketTextWriterTests" name="WriteAsync_ShouldBeCancelled_WhenTokenIsCancelled" />
    </UnitTest>
    <UnitTest name="WriteAsync_ShouldSendJsonData_WhenCalledWithAnObject" storage="d:\actions-runner\_work\xpco\xpco\common\videoos.common.websockets\tst\videoos.common.websockets.unittests\bin\debug\net47\videoos.common.websockets.unittests.dll" id="786ed098-fd0c-ab3e-d959-e6ab09eb64f2">
      <Execution id="d83488b2-1887-4c7d-bf49-7be03cf30ba5" />
      <TestMethod codeBase="D:\actions-runner\_work\XPCO\XPCO\Common\VideoOS.Common.WebSockets\tst\VideoOS.Common.WebSockets.UnitTests\bin\Debug\net47\VideoOS.Common.WebSockets.UnitTests.dll" adapterTypeName="executor://mstestadapter/v2" className="VideoOS.Common.WebSockets.UnitTests.WebSocketJsonWriterTests" name="WriteAsync_ShouldSendJsonData_WhenCalledWithAnObject" />
    </UnitTest>
    <UnitTest name="ReadAsync_ShouldReturnMessage_WhenMessgeBytesFitInBuffer_AndIsNotSplit" storage="d:\actions-runner\_work\xpco\xpco\common\videoos.common.websockets\tst\videoos.common.websockets.unittests\bin\debug\net47\videoos.common.websockets.unittests.dll" id="5c315a0f-66f4-9209-9ce3-f856f2e8b9fd">
      <Execution id="2f19fcc1-7638-481f-957c-0bbbb4236b57" />
      <TestMethod codeBase="D:\actions-runner\_work\XPCO\XPCO\Common\VideoOS.Common.WebSockets\tst\VideoOS.Common.WebSockets.UnitTests\bin\Debug\net47\VideoOS.Common.WebSockets.UnitTests.dll" adapterTypeName="executor://mstestadapter/v2" className="VideoOS.Common.WebSockets.UnitTests.WebSocketTextReaderTests" name="ReadAsync_ShouldReturnMessage_WhenMessgeBytesFitInBuffer_AndIsNotSplit" />
    </UnitTest>
    <UnitTest name="Given_ConnectionCreated_WhenRunAsync_Then_TaskKeepRunningEvenIfAnExceptionIsThrown" storage="d:\actions-runner\_work\xpco\xpco\common\videoos.common.websockets\tst\videoos.common.websockets.unittests\bin\debug\net47\videoos.common.websockets.unittests.dll" id="541e7a25-1132-e1e5-2914-5c97dae45806">
      <Execution id="c3f0aef3-d519-49f1-a8bf-f026dc88906f" />
      <TestMethod codeBase="D:\actions-runner\_work\XPCO\XPCO\Common\VideoOS.Common.WebSockets\tst\VideoOS.Common.WebSockets.UnitTests\bin\Debug\net47\VideoOS.Common.WebSockets.UnitTests.dll" adapterTypeName="executor://mstestadapter/v2" className="VideoOS.Common.WebSockets.UnitTests.WebSocketConnectionTest" name="Given_ConnectionCreated_WhenRunAsync_Then_TaskKeepRunningEvenIfAnExceptionIsThrown" />
    </UnitTest>
    <UnitTest name="Given_ConnectionCreated_WhenRunAsync_Then_TaskRunsUntilCancelled" storage="d:\actions-runner\_work\xpco\xpco\common\videoos.common.websockets\tst\videoos.common.websockets.unittests\bin\debug\net47\videoos.common.websockets.unittests.dll" id="2d53fdea-8210-12a2-fa20-75c46188c947">
      <Execution id="f9e6cc30-937d-4ea6-b906-56d11c1c227c" />
      <TestMethod codeBase="D:\actions-runner\_work\XPCO\XPCO\Common\VideoOS.Common.WebSockets\tst\VideoOS.Common.WebSockets.UnitTests\bin\Debug\net47\VideoOS.Common.WebSockets.UnitTests.dll" adapterTypeName="executor://mstestadapter/v2" className="VideoOS.Common.WebSockets.UnitTests.WebSocketConnectionTest" name="Given_ConnectionCreated_WhenRunAsync_Then_TaskRunsUntilCancelled" />
    </UnitTest>
    <UnitTest name="Given_WebSocketServerRunning_WhenCancelled_Then_StopsWithoutException" storage="d:\actions-runner\_work\xpco\xpco\common\videoos.common.websockets\tst\videoos.common.websockets.unittests\bin\debug\net47\videoos.common.websockets.unittests.dll" id="27924e98-8eeb-6eec-e518-9bff1acaa8bc">
      <Execution id="ccf2660d-e70c-4bc9-94d9-01a49d796318" />
      <TestMethod codeBase="D:\actions-runner\_work\XPCO\XPCO\Common\VideoOS.Common.WebSockets\tst\VideoOS.Common.WebSockets.UnitTests\bin\Debug\net47\VideoOS.Common.WebSockets.UnitTests.dll" adapterTypeName="executor://mstestadapter/v2" className="VideoOS.Common.WebSockets.UnitTests.WebSocketServerTests" name="Given_WebSocketServerRunning_WhenCancelled_Then_StopsWithoutException" />
    </UnitTest>
  </TestDefinitions>
  <TestEntries>
    <TestEntry testId="2d53fdea-8210-12a2-fa20-75c46188c947" executionId="f9e6cc30-937d-4ea6-b906-56d11c1c227c" testListId="8c84fa94-04c1-424b-9868-57a2d4851a1d" />
    <TestEntry testId="bd7e0b0c-ef43-360b-dfdb-030b0d50a8ec" executionId="1227c386-8825-4b74-8e75-7297a47b18ca" testListId="8c84fa94-04c1-424b-9868-57a2d4851a1d" />
    <TestEntry testId="2db4a4b8-7542-9257-9c47-e10b048b1618" executionId="aa6a7bb1-a5c8-470c-9b06-db034ddfdbe5" testListId="8c84fa94-04c1-424b-9868-57a2d4851a1d" />
    <TestEntry testId="43535fd5-c237-92ee-f62c-6062d656852a" executionId="b9a28f03-46d7-46ba-9a33-f978b48f3317" testListId="8c84fa94-04c1-424b-9868-57a2d4851a1d" />
    <TestEntry testId="07d0e3c4-f0e5-a0b1-e09d-27b246255d4a" executionId="cd4268b5-def2-4f87-8615-9b705180a063" testListId="8c84fa94-04c1-424b-9868-57a2d4851a1d" />
    <TestEntry testId="b01ffc42-bd8d-f8f4-c137-073f90bc1c56" executionId="6aa71477-b761-432d-a367-11a78692840a" testListId="8c84fa94-04c1-424b-9868-57a2d4851a1d" />
    <TestEntry testId="45fbabf4-059d-78c5-13e1-c6c213e9b668" executionId="fa18b143-b9a3-451f-9882-66786110ecd0" testListId="8c84fa94-04c1-424b-9868-57a2d4851a1d" />
    <TestEntry testId="60e393e1-fb9a-677f-db7d-7b0867243a41" executionId="328fddca-b243-430f-b678-9ea9bc0a3911" testListId="8c84fa94-04c1-424b-9868-57a2d4851a1d" />
    <TestEntry testId="c97251e0-524e-5109-53f3-5e1adead1298" executionId="5e064e2c-a240-418d-b98c-f007ad80bb9a" testListId="8c84fa94-04c1-424b-9868-57a2d4851a1d" />
    <TestEntry testId="f84c3ab6-5df5-c8d8-bb37-6142800c1835" executionId="606e2482-fae5-4247-8be5-c2c22149c646" testListId="8c84fa94-04c1-424b-9868-57a2d4851a1d" />
    <TestEntry testId="cb3e1099-bc6e-ffc9-3d3c-c21852b8c186" executionId="a46605e2-adb0-4db4-acc8-17b51da500b1" testListId="8c84fa94-04c1-424b-9868-57a2d4851a1d" />
    <TestEntry testId="45bc5c00-81fc-dcbb-35b0-d70ab735f706" executionId="47361d0d-d218-4046-aecb-ba602c3e0d76" testListId="8c84fa94-04c1-424b-9868-57a2d4851a1d" />
    <TestEntry testId="c45e925c-2d90-9721-a7dd-15fb78334e99" executionId="397e0560-4219-48f5-b61e-01076c223eb6" testListId="8c84fa94-04c1-424b-9868-57a2d4851a1d" />
    <TestEntry testId="a53282b4-6a05-242a-e4d2-b9565bce7581" executionId="cc1d1c93-fd9d-4772-b03e-6cc5580bd931" testListId="8c84fa94-04c1-424b-9868-57a2d4851a1d" />
    <TestEntry testId="21bbf318-06fa-5331-4b4b-1b1314cab6cc" executionId="7e504d6e-e010-4e78-82c3-7892fd59d6da" testListId="8c84fa94-04c1-424b-9868-57a2d4851a1d" />
    <TestEntry testId="d828ff89-d542-aec2-0f85-e3a6f44609b4" executionId="13b8101b-55de-4855-8daa-79db07f8bf93" testListId="8c84fa94-04c1-424b-9868-57a2d4851a1d" />
    <TestEntry testId="541e7a25-1132-e1e5-2914-5c97dae45806" executionId="c3f0aef3-d519-49f1-a8bf-f026dc88906f" testListId="8c84fa94-04c1-424b-9868-57a2d4851a1d" />
    <TestEntry testId="17113636-2838-540b-6e7b-9af7ed2f4a89" executionId="45574966-d554-4ea5-ab6d-1db7dd7fca25" testListId="8c84fa94-04c1-424b-9868-57a2d4851a1d" />
    <TestEntry testId="82208ecb-5dfd-fb08-9afb-08c75a19542d" executionId="f1cfb1bb-6451-4fec-82d0-ffcead9b3210" testListId="8c84fa94-04c1-424b-9868-57a2d4851a1d" />
    <TestEntry testId="27924e98-8eeb-6eec-e518-9bff1acaa8bc" executionId="ccf2660d-e70c-4bc9-94d9-01a49d796318" testListId="8c84fa94-04c1-424b-9868-57a2d4851a1d" />
    <TestEntry testId="6cbe5b7e-5a0c-4d41-4528-7220bcedb289" executionId="78284cd5-5bbf-443f-8117-2e8dea30ac10" testListId="8c84fa94-04c1-424b-9868-57a2d4851a1d" />
    <TestEntry testId="d48b9345-2218-465d-52b1-e79f9f0ad5f6" executionId="d9db4161-d8ef-4571-8c84-aea71366fb64" testListId="8c84fa94-04c1-424b-9868-57a2d4851a1d" />
    <TestEntry testId="74fbcf86-e02b-e102-508f-c289f907d623" executionId="4dc1b011-4eca-4f48-98e5-f29e4ffe1de5" testListId="8c84fa94-04c1-424b-9868-57a2d4851a1d" />
    <TestEntry testId="1a73e3fb-db04-acf8-efc0-c385c3668563" executionId="d485d7ce-fed4-4805-9cc7-3094ffe2e523" testListId="8c84fa94-04c1-424b-9868-57a2d4851a1d" />
    <TestEntry testId="3c1561df-e7db-a184-b7bc-63aba8a8c00a" executionId="bc37d363-917f-42c6-886b-f7f7abfdcf44" testListId="8c84fa94-04c1-424b-9868-57a2d4851a1d" />
    <TestEntry testId="5c315a0f-66f4-9209-9ce3-f856f2e8b9fd" executionId="2f19fcc1-7638-481f-957c-0bbbb4236b57" testListId="8c84fa94-04c1-424b-9868-57a2d4851a1d" />
    <TestEntry testId="786ed098-fd0c-ab3e-d959-e6ab09eb64f2" executionId="d83488b2-1887-4c7d-bf49-7be03cf30ba5" testListId="8c84fa94-04c1-424b-9868-57a2d4851a1d" />
    <TestEntry testId="c0b89de7-d5df-1192-84bc-7a554b7173bd" executionId="bc15ebb1-0755-4437-8dfb-d90dea914033" testListId="8c84fa94-04c1-424b-9868-57a2d4851a1d" />
    <TestEntry testId="4178cbcb-b670-4928-d5e3-684f18e91898" executionId="2ea36b4e-588c-41c2-8c47-e58a1ee73c15" testListId="8c84fa94-04c1-424b-9868-57a2d4851a1d" />
  </TestEntries>
  <TestLists>
    <TestList name="Results Not in a List" id="8c84fa94-04c1-424b-9868-57a2d4851a1d" />
    <TestList name="All Loaded Results" id="19431567-8539-422a-85d7-44ee4e166bda" />
  </TestLists>
  <ResultSummary outcome="Completed">
    <Counters total="29" executed="27" passed="27" failed="0" error="0" timeout="0" aborted="0" inconclusive="0" passedButRunAborted="0" notRunnable="0" notExecuted="0" disconnected="0" warning="0" completed="0" inProgress="0" pending="0" />
    <Output>
      <StdOut>Test 'Given_ConnectionRuns_When_ConnectionIsClosed_Then_ProcessMessagesAreAwaited' was skipped in the test run.&#xD;
Test 'Given_ConnectionRuns_When_ConnectionIsCancelled_Then_ProcessMessagesAreAwaited' was skipped in the test run.&#xD;
</StdOut>
    </Output>
  </ResultSummary>
</TestRun>