<?xml version="1.0" encoding="utf-8"?>
<TestRun id="b1dfa7f1-fe22-434d-b8ac-b8e48e9d6ec7" name="DKSR-EFI-06$@DKSR-EFI-06 2024-01-09 15:41:01" runUser="NT AUTHORITY\NETWORK SERVICE" xmlns="http://microsoft.com/schemas/VisualStudio/TeamTest/2010">
  <Times creation="2024-01-09T15:41:01.4349975+01:00" queuing="2024-01-09T15:41:01.4349975+01:00" start="2024-01-09T15:41:00.4453351+01:00" finish="2024-01-09T15:41:01.7162519+01:00" />
  <TestSettings name="default" id="39fcf11a-63cd-4e9d-80c0-1835591a8e34">
    <Deployment runDeploymentRoot="DKSR-EFI-06$_DKSR-EFI-06_2024-01-09_15_41_01" />
  </TestSettings>
  <Results>
    <UnitTestResult executionId="d38bea76-6370-453a-9deb-4f6a7e3855a5" testId="268e5f82-c5b3-c5f3-a6aa-2b49b901ccec" testName="WriteXmlTestOneViewAndOneNestedGroupWithOneViewWithOneNestedGroupWithOneView" computerName="DKSR-EFI-06" duration="00:00:00.0102667" startTime="2024-01-09T15:41:01.3881220+01:00" endTime="2024-01-09T15:41:01.4037489+01:00" testType="13cdc9d9-ddb5-4fa4-a97d-d965ccfc6d4b" outcome="Passed" testListId="8c84fa94-04c1-424b-9868-57a2d4851a1d" relativeResultsDirectory="d38bea76-6370-453a-9deb-4f6a7e3855a5" />
    <UnitTestResult executionId="6f1f866e-616e-4335-b59c-15dde4948fc8" testId="b34854e0-fe8f-c5d3-14fa-ce5f50885cac" testName="ReadXmlTestViewWithOneViewItemWithViewLayoutContainedinView" computerName="DKSR-EFI-06" duration="00:00:00.0006943" startTime="2024-01-09T15:41:01.4662477+01:00" endTime="2024-01-09T15:41:01.4662477+01:00" testType="13cdc9d9-ddb5-4fa4-a97d-d965ccfc6d4b" outcome="Passed" testListId="8c84fa94-04c1-424b-9868-57a2d4851a1d" relativeResultsDirectory="6f1f866e-616e-4335-b59c-15dde4948fc8" />
    <UnitTestResult executionId="d96adc26-3db9-4749-be95-f49e262914b5" testId="97c3bf20-eaec-0b2a-c667-7fc82e5472b8" testName="WriteXmlTestEmptyViewItem" computerName="DKSR-EFI-06" duration="00:00:00.0006339" startTime="2024-01-09T15:41:01.4506217+01:00" endTime="2024-01-09T15:41:01.4506217+01:00" testType="13cdc9d9-ddb5-4fa4-a97d-d965ccfc6d4b" outcome="Passed" testListId="8c84fa94-04c1-424b-9868-57a2d4851a1d" relativeResultsDirectory="d96adc26-3db9-4749-be95-f49e262914b5" />
    <UnitTestResult executionId="a8804f56-8836-45ab-bb5b-ca0786cf8341" testId="e386cf20-46f8-cfc9-41f3-6aa32c9d9d3f" testName="ReadXmlTestDifferentViewItemInformationThanUsedTo" computerName="DKSR-EFI-06" duration="00:00:00.0008114" startTime="2024-01-09T15:41:01.4193700+01:00" endTime="2024-01-09T15:41:01.4193700+01:00" testType="13cdc9d9-ddb5-4fa4-a97d-d965ccfc6d4b" outcome="Passed" testListId="8c84fa94-04c1-424b-9868-57a2d4851a1d" relativeResultsDirectory="a8804f56-8836-45ab-bb5b-ca0786cf8341" />
    <UnitTestResult executionId="6482230e-bcc0-42d3-85c0-94efb7c89c45" testId="b6d71ab1-ac85-052f-e5bf-c13f776c4586" testName="ReadXmlTestMapViewITem" computerName="DKSR-EFI-06" duration="00:00:00.0004953" startTime="2024-01-09T15:41:01.4506217+01:00" endTime="2024-01-09T15:41:01.4506217+01:00" testType="13cdc9d9-ddb5-4fa4-a97d-d965ccfc6d4b" outcome="Passed" testListId="8c84fa94-04c1-424b-9868-57a2d4851a1d" relativeResultsDirectory="6482230e-bcc0-42d3-85c0-94efb7c89c45" />
    <UnitTestResult executionId="5bb178d5-55be-4990-8b20-073fb9e91cf7" testId="444003b6-f4d4-b6de-f730-9221151619de" testName="ReadXmlTestCameraViewItemWithShortcut" computerName="DKSR-EFI-06" duration="00:00:00.0005367" startTime="2024-01-09T15:41:01.4506217+01:00" endTime="2024-01-09T15:41:01.4506217+01:00" testType="13cdc9d9-ddb5-4fa4-a97d-d965ccfc6d4b" outcome="Passed" testListId="8c84fa94-04c1-424b-9868-57a2d4851a1d" relativeResultsDirectory="5bb178d5-55be-4990-8b20-073fb9e91cf7" />
    <UnitTestResult executionId="7c2dcdb7-e4cb-4bb4-b7d9-f0a25046809b" testId="c74185ea-3349-d3ea-9b83-50b171af2003" testName="IsSameLayoutTestDifferentLayoutSameCountOfItemsAndSameName" computerName="DKSR-EFI-06" duration="00:00:00.0004851" startTime="2024-01-09T15:41:01.4506217+01:00" endTime="2024-01-09T15:41:01.4506217+01:00" testType="13cdc9d9-ddb5-4fa4-a97d-d965ccfc6d4b" outcome="Passed" testListId="8c84fa94-04c1-424b-9868-57a2d4851a1d" relativeResultsDirectory="7c2dcdb7-e4cb-4bb4-b7d9-f0a25046809b" />
    <UnitTestResult executionId="bec8aa11-1a44-4f08-b92f-527934a51427" testId="836e1af9-5246-a6cd-ab14-64ff798f6575" testName="WriteXmlFragmentTest" computerName="DKSR-EFI-06" duration="00:00:00.0036050" startTime="2024-01-09T15:41:01.4818726+01:00" endTime="2024-01-09T15:41:01.4818726+01:00" testType="13cdc9d9-ddb5-4fa4-a97d-d965ccfc6d4b" outcome="Passed" testListId="8c84fa94-04c1-424b-9868-57a2d4851a1d" relativeResultsDirectory="bec8aa11-1a44-4f08-b92f-527934a51427" />
    <UnitTestResult executionId="3c11dff9-f3c4-4a04-b88d-76b66c5f19a9" testId="fa5a1cc8-9f51-6c04-e70e-f5fc9395a4f9" testName="ReadXmlTestViewWithOneViewItem" computerName="DKSR-EFI-06" duration="00:00:00.0035808" startTime="2024-01-09T15:41:01.4662477+01:00" endTime="2024-01-09T15:41:01.4662477+01:00" testType="13cdc9d9-ddb5-4fa4-a97d-d965ccfc6d4b" outcome="Passed" testListId="8c84fa94-04c1-424b-9868-57a2d4851a1d" relativeResultsDirectory="3c11dff9-f3c4-4a04-b88d-76b66c5f19a9" />
    <UnitTestResult executionId="d985f97f-3236-4f33-a69f-00e42b6f953a" testId="a37bd4b9-953d-bd2b-d932-7a0838cc96fb" testName="ChangeFieldsView" computerName="DKSR-EFI-06" duration="00:00:00.0040487" startTime="2024-01-09T15:41:01.4662477+01:00" endTime="2024-01-09T15:41:01.4818726+01:00" testType="13cdc9d9-ddb5-4fa4-a97d-d965ccfc6d4b" outcome="Passed" testListId="8c84fa94-04c1-424b-9868-57a2d4851a1d" relativeResultsDirectory="d985f97f-3236-4f33-a69f-00e42b6f953a" />
    <UnitTestResult executionId="47bf9019-73c5-49cf-b582-8dc3b23003a4" testId="ac0e059c-7636-36c4-78e0-2ee68dba2aae" testName="ReadXmlTestEmptyViewItem" computerName="DKSR-EFI-06" duration="00:00:00.0005224" startTime="2024-01-09T15:41:01.4506217+01:00" endTime="2024-01-09T15:41:01.4506217+01:00" testType="13cdc9d9-ddb5-4fa4-a97d-d965ccfc6d4b" outcome="Passed" testListId="8c84fa94-04c1-424b-9868-57a2d4851a1d" relativeResultsDirectory="47bf9019-73c5-49cf-b582-8dc3b23003a4" />
    <UnitTestResult executionId="3316aa7c-ba74-48ce-a0de-33c2fcc28f0a" testId="16fde1ad-cd75-eb22-7e0e-f572cf191b53" testName="WriteXmlTestOneViewAndOneNestedGroupWithOneView" computerName="DKSR-EFI-06" duration="00:00:00.0066956" startTime="2024-01-09T15:41:01.3724979+01:00" endTime="2024-01-09T15:41:01.3881220+01:00" testType="13cdc9d9-ddb5-4fa4-a97d-d965ccfc6d4b" outcome="Passed" testListId="8c84fa94-04c1-424b-9868-57a2d4851a1d" relativeResultsDirectory="3316aa7c-ba74-48ce-a0de-33c2fcc28f0a" />
    <UnitTestResult executionId="b2acf714-e0f4-44cb-84c0-6833e61dc321" testId="ed1a813c-420a-dd3d-bb95-7b96443bfe6d" testName="WriteXmlTestCameraViewItem" computerName="DKSR-EFI-06" duration="00:00:00.0004573" startTime="2024-01-09T15:41:01.4506217+01:00" endTime="2024-01-09T15:41:01.4506217+01:00" testType="13cdc9d9-ddb5-4fa4-a97d-d965ccfc6d4b" outcome="Passed" testListId="8c84fa94-04c1-424b-9868-57a2d4851a1d" relativeResultsDirectory="b2acf714-e0f4-44cb-84c0-6833e61dc321" />
    <UnitTestResult executionId="671ff811-2112-4dff-8d82-d9116103fa74" testId="b334c523-2d5d-ac16-82f9-b0b6ae259d48" testName="WriteXmlTestEmpty" computerName="DKSR-EFI-06" duration="00:00:00.0256395" startTime="2024-01-09T15:41:01.1538527+01:00" endTime="2024-01-09T15:41:01.3101120+01:00" testType="13cdc9d9-ddb5-4fa4-a97d-d965ccfc6d4b" outcome="Passed" testListId="8c84fa94-04c1-424b-9868-57a2d4851a1d" relativeResultsDirectory="671ff811-2112-4dff-8d82-d9116103fa74" />
    <UnitTestResult executionId="a2260c60-a2a8-4dc7-8788-d7d80e2895c7" testId="3c2f10f1-41c2-34a7-f428-69f8e1f2ef71" testName="WriteXmlFragmentTest" computerName="DKSR-EFI-06" duration="00:00:00.0007316" startTime="2024-01-09T15:41:01.4349975+01:00" endTime="2024-01-09T15:41:01.4506217+01:00" testType="13cdc9d9-ddb5-4fa4-a97d-d965ccfc6d4b" outcome="Passed" testListId="8c84fa94-04c1-424b-9868-57a2d4851a1d" relativeResultsDirectory="a2260c60-a2a8-4dc7-8788-d7d80e2895c7" />
    <UnitTestResult executionId="cf27f08f-9c82-4c26-b9a2-9eaab520a3c2" testId="34643078-7b2a-e2cc-a1a6-dacb454bf4c9" testName="ReadXmlTest" computerName="DKSR-EFI-06" duration="00:00:00.0174825" startTime="2024-01-09T15:41:01.4037489+01:00" endTime="2024-01-09T15:41:01.4193700+01:00" testType="13cdc9d9-ddb5-4fa4-a97d-d965ccfc6d4b" outcome="Passed" testListId="8c84fa94-04c1-424b-9868-57a2d4851a1d" relativeResultsDirectory="cf27f08f-9c82-4c26-b9a2-9eaab520a3c2" />
    <UnitTestResult executionId="4f31c3b3-b289-4f5a-a862-7f8a3c3bad14" testId="fad81d5e-2adf-c097-4760-3355bbf0ac94" testName="ReadXmlTestCameraViewItem" computerName="DKSR-EFI-06" duration="00:00:00.0004555" startTime="2024-01-09T15:41:01.4506217+01:00" endTime="2024-01-09T15:41:01.4506217+01:00" testType="13cdc9d9-ddb5-4fa4-a97d-d965ccfc6d4b" outcome="Passed" testListId="8c84fa94-04c1-424b-9868-57a2d4851a1d" relativeResultsDirectory="4f31c3b3-b289-4f5a-a862-7f8a3c3bad14" />
    <UnitTestResult executionId="2337e3f3-c5da-4b2e-8f38-8d381ef2cfdc" testId="fc44350a-c6bd-b1dd-a585-1b82a48d88a3" testName="WriteXmlTestMapViewITem" computerName="DKSR-EFI-06" duration="00:00:00.0004639" startTime="2024-01-09T15:41:01.4506217+01:00" endTime="2024-01-09T15:41:01.4506217+01:00" testType="13cdc9d9-ddb5-4fa4-a97d-d965ccfc6d4b" outcome="Passed" testListId="8c84fa94-04c1-424b-9868-57a2d4851a1d" relativeResultsDirectory="2337e3f3-c5da-4b2e-8f38-8d381ef2cfdc" />
    <UnitTestResult executionId="db65b6dd-059a-4cad-909b-3ba7bc0b728d" testId="3009834f-48c5-93b1-1975-6c9fdd4c9c1e" testName="WriteXmlFragmentTest" computerName="DKSR-EFI-06" duration="00:00:00.0009023" startTime="2024-01-09T15:41:01.4193700+01:00" endTime="2024-01-09T15:41:01.4193700+01:00" testType="13cdc9d9-ddb5-4fa4-a97d-d965ccfc6d4b" outcome="Passed" testListId="8c84fa94-04c1-424b-9868-57a2d4851a1d" relativeResultsDirectory="db65b6dd-059a-4cad-909b-3ba7bc0b728d" />
    <UnitTestResult executionId="5983a4c3-d721-4adc-9964-d8c95d257ff9" testId="69ed9260-d33e-73af-f6b9-cc90e0f84e0c" testName="WriteXmlTestTwoViews" computerName="DKSR-EFI-06" duration="00:00:00.0079145" startTime="2024-01-09T15:41:01.3724979+01:00" endTime="2024-01-09T15:41:01.3724979+01:00" testType="13cdc9d9-ddb5-4fa4-a97d-d965ccfc6d4b" outcome="Passed" testListId="8c84fa94-04c1-424b-9868-57a2d4851a1d" relativeResultsDirectory="5983a4c3-d721-4adc-9964-d8c95d257ff9" />
    <UnitTestResult executionId="0c3f28ff-6e24-4799-b7db-92eb843cf0f4" testId="2708b57d-7de0-293b-4425-8b550d8806bc" testName="ReadXmlTestViewWithOneViewItemWithViewLayoutContainedinViewAndAnotherProperty" computerName="DKSR-EFI-06" duration="00:00:00.0008548" startTime="2024-01-09T15:41:01.4662477+01:00" endTime="2024-01-09T15:41:01.4662477+01:00" testType="13cdc9d9-ddb5-4fa4-a97d-d965ccfc6d4b" outcome="Passed" testListId="8c84fa94-04c1-424b-9868-57a2d4851a1d" relativeResultsDirectory="0c3f28ff-6e24-4799-b7db-92eb843cf0f4" />
    <UnitTestResult executionId="230afbdf-9732-4764-993e-b485e85acf46" testId="1cf66abb-96fb-35be-8990-de671f5387ef" testName="IsSameLayoutTestDifferentLayoutSameCountOfItems" computerName="DKSR-EFI-06" duration="00:00:00.0004689" startTime="2024-01-09T15:41:01.4506217+01:00" endTime="2024-01-09T15:41:01.4506217+01:00" testType="13cdc9d9-ddb5-4fa4-a97d-d965ccfc6d4b" outcome="Passed" testListId="8c84fa94-04c1-424b-9868-57a2d4851a1d" relativeResultsDirectory="230afbdf-9732-4764-993e-b485e85acf46" />
    <UnitTestResult executionId="4a31bf74-2a04-4b66-a7a6-cf738342dc1a" testId="5bb1cf2c-f20b-1b5a-ce23-f7e9f25d6c92" testName="WriteXmlTestEmpty" computerName="DKSR-EFI-06" duration="00:00:00.0003914" startTime="2024-01-09T15:41:01.4349975+01:00" endTime="2024-01-09T15:41:01.4349975+01:00" testType="13cdc9d9-ddb5-4fa4-a97d-d965ccfc6d4b" outcome="Passed" testListId="8c84fa94-04c1-424b-9868-57a2d4851a1d" relativeResultsDirectory="4a31bf74-2a04-4b66-a7a6-cf738342dc1a" />
    <UnitTestResult executionId="b259af77-fcc6-4873-84c1-a292ecccbac4" testId="4b9d9f0c-9b38-1d13-6714-cb28bca714c3" testName="IsSameLayoutTestDifferentLayout" computerName="DKSR-EFI-06" duration="00:00:00.0006756" startTime="2024-01-09T15:41:01.4506217+01:00" endTime="2024-01-09T15:41:01.4506217+01:00" testType="13cdc9d9-ddb5-4fa4-a97d-d965ccfc6d4b" outcome="Passed" testListId="8c84fa94-04c1-424b-9868-57a2d4851a1d" relativeResultsDirectory="b259af77-fcc6-4873-84c1-a292ecccbac4" />
    <UnitTestResult executionId="b293e4e4-04af-43f6-8337-80a47c25ddd3" testId="072a0155-2067-4e26-505a-6080b93bbe51" testName="WriteXmlTestCameraViewItemWithShortcut" computerName="DKSR-EFI-06" duration="00:00:00.0004523" startTime="2024-01-09T15:41:01.4506217+01:00" endTime="2024-01-09T15:41:01.4506217+01:00" testType="13cdc9d9-ddb5-4fa4-a97d-d965ccfc6d4b" outcome="Passed" testListId="8c84fa94-04c1-424b-9868-57a2d4851a1d" relativeResultsDirectory="b293e4e4-04af-43f6-8337-80a47c25ddd3" />
    <UnitTestResult executionId="cacbeb75-b854-40c0-8165-52f7f2283987" testId="83aff7c1-40bd-24c4-b3c9-d698a20cc72f" testName="WriteXmlTestWithOneViewItem" computerName="DKSR-EFI-06" duration="00:00:00.0038675" startTime="2024-01-09T15:41:01.4506217+01:00" endTime="2024-01-09T15:41:01.4662477+01:00" testType="13cdc9d9-ddb5-4fa4-a97d-d965ccfc6d4b" outcome="Passed" testListId="8c84fa94-04c1-424b-9868-57a2d4851a1d" relativeResultsDirectory="cacbeb75-b854-40c0-8165-52f7f2283987" />
    <UnitTestResult executionId="061db88e-119e-42d1-b66c-6e4f6ccd9204" testId="0a1fbe88-0bd8-43a0-b44e-81bbdcbf3065" testName="ReadXmlTestViewWithTwoViewItem" computerName="DKSR-EFI-06" duration="00:00:00.0036749" startTime="2024-01-09T15:41:01.4662477+01:00" endTime="2024-01-09T15:41:01.4662477+01:00" testType="13cdc9d9-ddb5-4fa4-a97d-d965ccfc6d4b" outcome="Passed" testListId="8c84fa94-04c1-424b-9868-57a2d4851a1d" relativeResultsDirectory="061db88e-119e-42d1-b66c-6e4f6ccd9204" />
    <UnitTestResult executionId="9cb1fa1f-ec23-47e2-beba-0040fb75c66c" testId="ca10539f-71a4-72f7-aa53-9bf064ce6ecc" testName="WriteXmlFragmentTest" computerName="DKSR-EFI-06" duration="00:00:00.0008583" startTime="2024-01-09T15:41:01.4506217+01:00" endTime="2024-01-09T15:41:01.4506217+01:00" testType="13cdc9d9-ddb5-4fa4-a97d-d965ccfc6d4b" outcome="Passed" testListId="8c84fa94-04c1-424b-9868-57a2d4851a1d" relativeResultsDirectory="9cb1fa1f-ec23-47e2-beba-0040fb75c66c" />
    <UnitTestResult executionId="0eed5228-6b10-4bba-a2d8-d11782199227" testId="fc69b98d-1432-a585-898a-e551e33ccd0a" testName="ReadXmlTest" computerName="DKSR-EFI-06" duration="00:00:00.0097759" startTime="2024-01-09T15:41:01.4193700+01:00" endTime="2024-01-09T15:41:01.4193700+01:00" testType="13cdc9d9-ddb5-4fa4-a97d-d965ccfc6d4b" outcome="Passed" testListId="8c84fa94-04c1-424b-9868-57a2d4851a1d" relativeResultsDirectory="0eed5228-6b10-4bba-a2d8-d11782199227" />
    <UnitTestResult executionId="dd11ec3e-dde5-4a49-b978-3a1c7519b3a1" testId="c40e0ee6-6a16-4ff7-a775-de7d92578ca2" testName="IsSameLayoutTest" computerName="DKSR-EFI-06" duration="00:00:00.0015854" startTime="2024-01-09T15:41:01.4506217+01:00" endTime="2024-01-09T15:41:01.4506217+01:00" testType="13cdc9d9-ddb5-4fa4-a97d-d965ccfc6d4b" outcome="Passed" testListId="8c84fa94-04c1-424b-9868-57a2d4851a1d" relativeResultsDirectory="dd11ec3e-dde5-4a49-b978-3a1c7519b3a1" />
    <UnitTestResult executionId="f04eb8d2-c9a8-4c5d-be27-86faa2d0d6ff" testId="c3df5bd9-b673-55a1-143d-75dae05920a2" testName="ChangeFieldsViewItem" computerName="DKSR-EFI-06" duration="00:00:00.0008416" startTime="2024-01-09T15:41:01.4506217+01:00" endTime="2024-01-09T15:41:01.4506217+01:00" testType="13cdc9d9-ddb5-4fa4-a97d-d965ccfc6d4b" outcome="Passed" testListId="8c84fa94-04c1-424b-9868-57a2d4851a1d" relativeResultsDirectory="f04eb8d2-c9a8-4c5d-be27-86faa2d0d6ff" />
    <UnitTestResult executionId="978bc8c3-c937-4aca-83c2-5d5a2a976685" testId="2126a02f-3adf-bded-79eb-a1be5f77bb99" testName="WriteXmlTestWithTwoViewItem" computerName="DKSR-EFI-06" duration="00:00:00.0037869" startTime="2024-01-09T15:41:01.4662477+01:00" endTime="2024-01-09T15:41:01.4662477+01:00" testType="13cdc9d9-ddb5-4fa4-a97d-d965ccfc6d4b" outcome="Passed" testListId="8c84fa94-04c1-424b-9868-57a2d4851a1d" relativeResultsDirectory="978bc8c3-c937-4aca-83c2-5d5a2a976685" />
    <UnitTestResult executionId="698491ff-92e6-4b5c-9758-106ff6fcbef9" testId="4ccb33bc-104d-4019-2a41-182f5f4aa6af" testName="WriteXmlTestOneView" computerName="DKSR-EFI-06" duration="00:00:00.0443202" startTime="2024-01-09T15:41:01.3257130+01:00" endTime="2024-01-09T15:41:01.3724979+01:00" testType="13cdc9d9-ddb5-4fa4-a97d-d965ccfc6d4b" outcome="Passed" testListId="8c84fa94-04c1-424b-9868-57a2d4851a1d" relativeResultsDirectory="698491ff-92e6-4b5c-9758-106ff6fcbef9" />
    <UnitTestResult executionId="dfadd738-5583-4f74-9888-142edc3d9be5" testId="45c9ddbc-d572-204b-1719-58d0ef915a96" testName="WriteXmlTestOneGroupWithTwoViews" computerName="DKSR-EFI-06" duration="00:00:00.0071922" startTime="2024-01-09T15:41:01.4349975+01:00" endTime="2024-01-09T15:41:01.4349975+01:00" testType="13cdc9d9-ddb5-4fa4-a97d-d965ccfc6d4b" outcome="Passed" testListId="8c84fa94-04c1-424b-9868-57a2d4851a1d" relativeResultsDirectory="dfadd738-5583-4f74-9888-142edc3d9be5" />
  </Results>
  <TestDefinitions>
    <UnitTest name="IsSameLayoutTest" storage="d:\actions-runner\_work\xpco\xpco\common\sc_sharedcomponent\components\dotnet\videoos.remoteclient.data\unittest\bin\debug\net47\videoos.remoteclient.data.unittest.dll" id="c40e0ee6-6a16-4ff7-a775-de7d92578ca2">
      <Execution id="dd11ec3e-dde5-4a49-b978-3a1c7519b3a1" />
      <TestMethod codeBase="D:\actions-runner\_work\XPCO\XPCO\Common\SC_SharedComponent\Components\dotNet\VideoOS.RemoteClient.Data\unittest\bin\Debug\net47\VideoOS.RemoteClient.Data.UnitTest.dll" adapterTypeName="executor://mstestadapter/v2" className="VideoOS.RemoteClient.Data.UnitTest.ViewLayoutTest" name="IsSameLayoutTest" />
    </UnitTest>
    <UnitTest name="ReadXmlTestMapViewITem" storage="d:\actions-runner\_work\xpco\xpco\common\sc_sharedcomponent\components\dotnet\videoos.remoteclient.data\unittest\bin\debug\net47\videoos.remoteclient.data.unittest.dll" id="b6d71ab1-ac85-052f-e5bf-c13f776c4586">
      <Execution id="6482230e-bcc0-42d3-85c0-94efb7c89c45" />
      <TestMethod codeBase="D:\actions-runner\_work\XPCO\XPCO\Common\SC_SharedComponent\Components\dotNet\VideoOS.RemoteClient.Data\unittest\bin\Debug\net47\VideoOS.RemoteClient.Data.UnitTest.dll" adapterTypeName="executor://mstestadapter/v2" className="VideoOS.RemoteClient.Data.UnitTest.ViewItemTest" name="ReadXmlTestMapViewITem" />
    </UnitTest>
    <UnitTest name="WriteXmlTestCameraViewItem" storage="d:\actions-runner\_work\xpco\xpco\common\sc_sharedcomponent\components\dotnet\videoos.remoteclient.data\unittest\bin\debug\net47\videoos.remoteclient.data.unittest.dll" id="ed1a813c-420a-dd3d-bb95-7b96443bfe6d">
      <Execution id="b2acf714-e0f4-44cb-84c0-6833e61dc321" />
      <TestMethod codeBase="D:\actions-runner\_work\XPCO\XPCO\Common\SC_SharedComponent\Components\dotNet\VideoOS.RemoteClient.Data\unittest\bin\Debug\net47\VideoOS.RemoteClient.Data.UnitTest.dll" adapterTypeName="executor://mstestadapter/v2" className="VideoOS.RemoteClient.Data.UnitTest.ViewItemTest" name="WriteXmlTestCameraViewItem" />
    </UnitTest>
    <UnitTest name="ChangeFieldsView" storage="d:\actions-runner\_work\xpco\xpco\common\sc_sharedcomponent\components\dotnet\videoos.remoteclient.data\unittest\bin\debug\net47\videoos.remoteclient.data.unittest.dll" id="a37bd4b9-953d-bd2b-d932-7a0838cc96fb">
      <Execution id="d985f97f-3236-4f33-a69f-00e42b6f953a" />
      <TestMethod codeBase="D:\actions-runner\_work\XPCO\XPCO\Common\SC_SharedComponent\Components\dotNet\VideoOS.RemoteClient.Data\unittest\bin\Debug\net47\VideoOS.RemoteClient.Data.UnitTest.dll" adapterTypeName="executor://mstestadapter/v2" className="VideoOS.RemoteClient.Data.UnitTest.ViewTest" name="ChangeFieldsView" />
    </UnitTest>
    <UnitTest name="WriteXmlFragmentTest" storage="d:\actions-runner\_work\xpco\xpco\common\sc_sharedcomponent\components\dotnet\videoos.remoteclient.data\unittest\bin\debug\net47\videoos.remoteclient.data.unittest.dll" id="ca10539f-71a4-72f7-aa53-9bf064ce6ecc">
      <Execution id="9cb1fa1f-ec23-47e2-beba-0040fb75c66c" />
      <TestMethod codeBase="D:\actions-runner\_work\XPCO\XPCO\Common\SC_SharedComponent\Components\dotNet\VideoOS.RemoteClient.Data\unittest\bin\Debug\net47\VideoOS.RemoteClient.Data.UnitTest.dll" adapterTypeName="executor://mstestadapter/v2" className="VideoOS.RemoteClient.Data.UnitTest.ViewItemTest" name="WriteXmlFragmentTest" />
    </UnitTest>
    <UnitTest name="WriteXmlTestOneGroupWithTwoViews" storage="d:\actions-runner\_work\xpco\xpco\common\sc_sharedcomponent\components\dotnet\videoos.remoteclient.data\unittest\bin\debug\net47\videoos.remoteclient.data.unittest.dll" id="45c9ddbc-d572-204b-1719-58d0ef915a96">
      <Execution id="dfadd738-5583-4f74-9888-142edc3d9be5" />
      <TestMethod codeBase="D:\actions-runner\_work\XPCO\XPCO\Common\SC_SharedComponent\Components\dotNet\VideoOS.RemoteClient.Data\unittest\bin\Debug\net47\VideoOS.RemoteClient.Data.UnitTest.dll" adapterTypeName="executor://mstestadapter/v2" className="VideoOS.RemoteClient.Data.UnitTest.ViewGroupTest" name="WriteXmlTestOneGroupWithTwoViews" />
    </UnitTest>
    <UnitTest name="WriteXmlFragmentTest" storage="d:\actions-runner\_work\xpco\xpco\common\sc_sharedcomponent\components\dotnet\videoos.remoteclient.data\unittest\bin\debug\net47\videoos.remoteclient.data.unittest.dll" id="3009834f-48c5-93b1-1975-6c9fdd4c9c1e">
      <Execution id="db65b6dd-059a-4cad-909b-3ba7bc0b728d" />
      <TestMethod codeBase="D:\actions-runner\_work\XPCO\XPCO\Common\SC_SharedComponent\Components\dotNet\VideoOS.RemoteClient.Data\unittest\bin\Debug\net47\VideoOS.RemoteClient.Data.UnitTest.dll" adapterTypeName="executor://mstestadapter/v2" className="VideoOS.RemoteClient.Data.UnitTest.GroupTest" name="WriteXmlFragmentTest" />
    </UnitTest>
    <UnitTest name="ReadXmlTestEmptyViewItem" storage="d:\actions-runner\_work\xpco\xpco\common\sc_sharedcomponent\components\dotnet\videoos.remoteclient.data\unittest\bin\debug\net47\videoos.remoteclient.data.unittest.dll" id="ac0e059c-7636-36c4-78e0-2ee68dba2aae">
      <Execution id="47bf9019-73c5-49cf-b582-8dc3b23003a4" />
      <TestMethod codeBase="D:\actions-runner\_work\XPCO\XPCO\Common\SC_SharedComponent\Components\dotNet\VideoOS.RemoteClient.Data\unittest\bin\Debug\net47\VideoOS.RemoteClient.Data.UnitTest.dll" adapterTypeName="executor://mstestadapter/v2" className="VideoOS.RemoteClient.Data.UnitTest.ViewItemTest" name="ReadXmlTestEmptyViewItem" />
    </UnitTest>
    <UnitTest name="WriteXmlTestMapViewITem" storage="d:\actions-runner\_work\xpco\xpco\common\sc_sharedcomponent\components\dotnet\videoos.remoteclient.data\unittest\bin\debug\net47\videoos.remoteclient.data.unittest.dll" id="fc44350a-c6bd-b1dd-a585-1b82a48d88a3">
      <Execution id="2337e3f3-c5da-4b2e-8f38-8d381ef2cfdc" />
      <TestMethod codeBase="D:\actions-runner\_work\XPCO\XPCO\Common\SC_SharedComponent\Components\dotNet\VideoOS.RemoteClient.Data\unittest\bin\Debug\net47\VideoOS.RemoteClient.Data.UnitTest.dll" adapterTypeName="executor://mstestadapter/v2" className="VideoOS.RemoteClient.Data.UnitTest.ViewItemTest" name="WriteXmlTestMapViewITem" />
    </UnitTest>
    <UnitTest name="IsSameLayoutTestDifferentLayout" storage="d:\actions-runner\_work\xpco\xpco\common\sc_sharedcomponent\components\dotnet\videoos.remoteclient.data\unittest\bin\debug\net47\videoos.remoteclient.data.unittest.dll" id="4b9d9f0c-9b38-1d13-6714-cb28bca714c3">
      <Execution id="b259af77-fcc6-4873-84c1-a292ecccbac4" />
      <TestMethod codeBase="D:\actions-runner\_work\XPCO\XPCO\Common\SC_SharedComponent\Components\dotNet\VideoOS.RemoteClient.Data\unittest\bin\Debug\net47\VideoOS.RemoteClient.Data.UnitTest.dll" adapterTypeName="executor://mstestadapter/v2" className="VideoOS.RemoteClient.Data.UnitTest.ViewLayoutTest" name="IsSameLayoutTestDifferentLayout" />
    </UnitTest>
    <UnitTest name="ReadXmlTest" storage="d:\actions-runner\_work\xpco\xpco\common\sc_sharedcomponent\components\dotnet\videoos.remoteclient.data\unittest\bin\debug\net47\videoos.remoteclient.data.unittest.dll" id="34643078-7b2a-e2cc-a1a6-dacb454bf4c9">
      <Execution id="cf27f08f-9c82-4c26-b9a2-9eaab520a3c2" />
      <TestMethod codeBase="D:\actions-runner\_work\XPCO\XPCO\Common\SC_SharedComponent\Components\dotNet\VideoOS.RemoteClient.Data\unittest\bin\Debug\net47\VideoOS.RemoteClient.Data.UnitTest.dll" adapterTypeName="executor://mstestadapter/v2" className="VideoOS.RemoteClient.Data.UnitTest.GroupTest" name="ReadXmlTest" />
    </UnitTest>
    <UnitTest name="ReadXmlTest" storage="d:\actions-runner\_work\xpco\xpco\common\sc_sharedcomponent\components\dotnet\videoos.remoteclient.data\unittest\bin\debug\net47\videoos.remoteclient.data.unittest.dll" id="fc69b98d-1432-a585-898a-e551e33ccd0a">
      <Execution id="0eed5228-6b10-4bba-a2d8-d11782199227" />
      <TestMethod codeBase="D:\actions-runner\_work\XPCO\XPCO\Common\SC_SharedComponent\Components\dotNet\VideoOS.RemoteClient.Data\unittest\bin\Debug\net47\VideoOS.RemoteClient.Data.UnitTest.dll" adapterTypeName="executor://mstestadapter/v2" className="VideoOS.RemoteClient.Data.UnitTest.ViewGroupTest" name="ReadXmlTest" />
    </UnitTest>
    <UnitTest name="WriteXmlFragmentTest" storage="d:\actions-runner\_work\xpco\xpco\common\sc_sharedcomponent\components\dotnet\videoos.remoteclient.data\unittest\bin\debug\net47\videoos.remoteclient.data.unittest.dll" id="836e1af9-5246-a6cd-ab14-64ff798f6575">
      <Execution id="bec8aa11-1a44-4f08-b92f-527934a51427" />
      <TestMethod codeBase="D:\actions-runner\_work\XPCO\XPCO\Common\SC_SharedComponent\Components\dotNet\VideoOS.RemoteClient.Data\unittest\bin\Debug\net47\VideoOS.RemoteClient.Data.UnitTest.dll" adapterTypeName="executor://mstestadapter/v2" className="VideoOS.RemoteClient.Data.UnitTest.ViewTest" name="WriteXmlFragmentTest" />
    </UnitTest>
    <UnitTest name="ReadXmlTestViewWithOneViewItemWithViewLayoutContainedinViewAndAnotherProperty" storage="d:\actions-runner\_work\xpco\xpco\common\sc_sharedcomponent\components\dotnet\videoos.remoteclient.data\unittest\bin\debug\net47\videoos.remoteclient.data.unittest.dll" id="2708b57d-7de0-293b-4425-8b550d8806bc">
      <Execution id="0c3f28ff-6e24-4799-b7db-92eb843cf0f4" />
      <TestMethod codeBase="D:\actions-runner\_work\XPCO\XPCO\Common\SC_SharedComponent\Components\dotNet\VideoOS.RemoteClient.Data\unittest\bin\Debug\net47\VideoOS.RemoteClient.Data.UnitTest.dll" adapterTypeName="executor://mstestadapter/v2" className="VideoOS.RemoteClient.Data.UnitTest.ViewTest" name="ReadXmlTestViewWithOneViewItemWithViewLayoutContainedinViewAndAnotherProperty" />
    </UnitTest>
    <UnitTest name="WriteXmlTestEmpty" storage="d:\actions-runner\_work\xpco\xpco\common\sc_sharedcomponent\components\dotnet\videoos.remoteclient.data\unittest\bin\debug\net47\videoos.remoteclient.data.unittest.dll" id="b334c523-2d5d-ac16-82f9-b0b6ae259d48">
      <Execution id="671ff811-2112-4dff-8d82-d9116103fa74" />
      <TestMethod codeBase="D:\actions-runner\_work\XPCO\XPCO\Common\SC_SharedComponent\Components\dotNet\VideoOS.RemoteClient.Data\unittest\bin\Debug\net47\VideoOS.RemoteClient.Data.UnitTest.dll" adapterTypeName="executor://mstestadapter/v2" className="VideoOS.RemoteClient.Data.UnitTest.GroupTest" name="WriteXmlTestEmpty" />
    </UnitTest>
    <UnitTest name="IsSameLayoutTestDifferentLayoutSameCountOfItemsAndSameName" storage="d:\actions-runner\_work\xpco\xpco\common\sc_sharedcomponent\components\dotnet\videoos.remoteclient.data\unittest\bin\debug\net47\videoos.remoteclient.data.unittest.dll" id="c74185ea-3349-d3ea-9b83-50b171af2003">
      <Execution id="7c2dcdb7-e4cb-4bb4-b7d9-f0a25046809b" />
      <TestMethod codeBase="D:\actions-runner\_work\XPCO\XPCO\Common\SC_SharedComponent\Components\dotNet\VideoOS.RemoteClient.Data\unittest\bin\Debug\net47\VideoOS.RemoteClient.Data.UnitTest.dll" adapterTypeName="executor://mstestadapter/v2" className="VideoOS.RemoteClient.Data.UnitTest.ViewLayoutTest" name="IsSameLayoutTestDifferentLayoutSameCountOfItemsAndSameName" />
    </UnitTest>
    <UnitTest name="WriteXmlTestOneViewAndOneNestedGroupWithOneView" storage="d:\actions-runner\_work\xpco\xpco\common\sc_sharedcomponent\components\dotnet\videoos.remoteclient.data\unittest\bin\debug\net47\videoos.remoteclient.data.unittest.dll" id="16fde1ad-cd75-eb22-7e0e-f572cf191b53">
      <Execution id="3316aa7c-ba74-48ce-a0de-33c2fcc28f0a" />
      <TestMethod codeBase="D:\actions-runner\_work\XPCO\XPCO\Common\SC_SharedComponent\Components\dotNet\VideoOS.RemoteClient.Data\unittest\bin\Debug\net47\VideoOS.RemoteClient.Data.UnitTest.dll" adapterTypeName="executor://mstestadapter/v2" className="VideoOS.RemoteClient.Data.UnitTest.GroupTest" name="WriteXmlTestOneViewAndOneNestedGroupWithOneView" />
    </UnitTest>
    <UnitTest name="ChangeFieldsViewItem" storage="d:\actions-runner\_work\xpco\xpco\common\sc_sharedcomponent\components\dotnet\videoos.remoteclient.data\unittest\bin\debug\net47\videoos.remoteclient.data.unittest.dll" id="c3df5bd9-b673-55a1-143d-75dae05920a2">
      <Execution id="f04eb8d2-c9a8-4c5d-be27-86faa2d0d6ff" />
      <TestMethod codeBase="D:\actions-runner\_work\XPCO\XPCO\Common\SC_SharedComponent\Components\dotNet\VideoOS.RemoteClient.Data\unittest\bin\Debug\net47\VideoOS.RemoteClient.Data.UnitTest.dll" adapterTypeName="executor://mstestadapter/v2" className="VideoOS.RemoteClient.Data.UnitTest.ViewItemTest" name="ChangeFieldsViewItem" />
    </UnitTest>
    <UnitTest name="WriteXmlTestWithTwoViewItem" storage="d:\actions-runner\_work\xpco\xpco\common\sc_sharedcomponent\components\dotnet\videoos.remoteclient.data\unittest\bin\debug\net47\videoos.remoteclient.data.unittest.dll" id="2126a02f-3adf-bded-79eb-a1be5f77bb99">
      <Execution id="978bc8c3-c937-4aca-83c2-5d5a2a976685" />
      <TestMethod codeBase="D:\actions-runner\_work\XPCO\XPCO\Common\SC_SharedComponent\Components\dotNet\VideoOS.RemoteClient.Data\unittest\bin\Debug\net47\VideoOS.RemoteClient.Data.UnitTest.dll" adapterTypeName="executor://mstestadapter/v2" className="VideoOS.RemoteClient.Data.UnitTest.ViewTest" name="WriteXmlTestWithTwoViewItem" />
    </UnitTest>
    <UnitTest name="ReadXmlTestCameraViewItemWithShortcut" storage="d:\actions-runner\_work\xpco\xpco\common\sc_sharedcomponent\components\dotnet\videoos.remoteclient.data\unittest\bin\debug\net47\videoos.remoteclient.data.unittest.dll" id="444003b6-f4d4-b6de-f730-9221151619de">
      <Execution id="5bb178d5-55be-4990-8b20-073fb9e91cf7" />
      <TestMethod codeBase="D:\actions-runner\_work\XPCO\XPCO\Common\SC_SharedComponent\Components\dotNet\VideoOS.RemoteClient.Data\unittest\bin\Debug\net47\VideoOS.RemoteClient.Data.UnitTest.dll" adapterTypeName="executor://mstestadapter/v2" className="VideoOS.RemoteClient.Data.UnitTest.ViewItemTest" name="ReadXmlTestCameraViewItemWithShortcut" />
    </UnitTest>
    <UnitTest name="ReadXmlTestDifferentViewItemInformationThanUsedTo" storage="d:\actions-runner\_work\xpco\xpco\common\sc_sharedcomponent\components\dotnet\videoos.remoteclient.data\unittest\bin\debug\net47\videoos.remoteclient.data.unittest.dll" id="e386cf20-46f8-cfc9-41f3-6aa32c9d9d3f">
      <Execution id="a8804f56-8836-45ab-bb5b-ca0786cf8341" />
      <TestMethod codeBase="D:\actions-runner\_work\XPCO\XPCO\Common\SC_SharedComponent\Components\dotNet\VideoOS.RemoteClient.Data\unittest\bin\Debug\net47\VideoOS.RemoteClient.Data.UnitTest.dll" adapterTypeName="executor://mstestadapter/v2" className="VideoOS.RemoteClient.Data.UnitTest.GroupTest" name="ReadXmlTestDifferentViewItemInformationThanUsedTo" />
    </UnitTest>
    <UnitTest name="ReadXmlTestViewWithTwoViewItem" storage="d:\actions-runner\_work\xpco\xpco\common\sc_sharedcomponent\components\dotnet\videoos.remoteclient.data\unittest\bin\debug\net47\videoos.remoteclient.data.unittest.dll" id="0a1fbe88-0bd8-43a0-b44e-81bbdcbf3065">
      <Execution id="061db88e-119e-42d1-b66c-6e4f6ccd9204" />
      <TestMethod codeBase="D:\actions-runner\_work\XPCO\XPCO\Common\SC_SharedComponent\Components\dotNet\VideoOS.RemoteClient.Data\unittest\bin\Debug\net47\VideoOS.RemoteClient.Data.UnitTest.dll" adapterTypeName="executor://mstestadapter/v2" className="VideoOS.RemoteClient.Data.UnitTest.ViewTest" name="ReadXmlTestViewWithTwoViewItem" />
    </UnitTest>
    <UnitTest name="ReadXmlTestCameraViewItem" storage="d:\actions-runner\_work\xpco\xpco\common\sc_sharedcomponent\components\dotnet\videoos.remoteclient.data\unittest\bin\debug\net47\videoos.remoteclient.data.unittest.dll" id="fad81d5e-2adf-c097-4760-3355bbf0ac94">
      <Execution id="4f31c3b3-b289-4f5a-a862-7f8a3c3bad14" />
      <TestMethod codeBase="D:\actions-runner\_work\XPCO\XPCO\Common\SC_SharedComponent\Components\dotNet\VideoOS.RemoteClient.Data\unittest\bin\Debug\net47\VideoOS.RemoteClient.Data.UnitTest.dll" adapterTypeName="executor://mstestadapter/v2" className="VideoOS.RemoteClient.Data.UnitTest.ViewItemTest" name="ReadXmlTestCameraViewItem" />
    </UnitTest>
    <UnitTest name="WriteXmlTestCameraViewItemWithShortcut" storage="d:\actions-runner\_work\xpco\xpco\common\sc_sharedcomponent\components\dotnet\videoos.remoteclient.data\unittest\bin\debug\net47\videoos.remoteclient.data.unittest.dll" id="072a0155-2067-4e26-505a-6080b93bbe51">
      <Execution id="b293e4e4-04af-43f6-8337-80a47c25ddd3" />
      <TestMethod codeBase="D:\actions-runner\_work\XPCO\XPCO\Common\SC_SharedComponent\Components\dotNet\VideoOS.RemoteClient.Data\unittest\bin\Debug\net47\VideoOS.RemoteClient.Data.UnitTest.dll" adapterTypeName="executor://mstestadapter/v2" className="VideoOS.RemoteClient.Data.UnitTest.ViewItemTest" name="WriteXmlTestCameraViewItemWithShortcut" />
    </UnitTest>
    <UnitTest name="WriteXmlFragmentTest" storage="d:\actions-runner\_work\xpco\xpco\common\sc_sharedcomponent\components\dotnet\videoos.remoteclient.data\unittest\bin\debug\net47\videoos.remoteclient.data.unittest.dll" id="3c2f10f1-41c2-34a7-f428-69f8e1f2ef71">
      <Execution id="a2260c60-a2a8-4dc7-8788-d7d80e2895c7" />
      <TestMethod codeBase="D:\actions-runner\_work\XPCO\XPCO\Common\SC_SharedComponent\Components\dotNet\VideoOS.RemoteClient.Data\unittest\bin\Debug\net47\VideoOS.RemoteClient.Data.UnitTest.dll" adapterTypeName="executor://mstestadapter/v2" className="VideoOS.RemoteClient.Data.UnitTest.ViewGroupTest" name="WriteXmlFragmentTest" />
    </UnitTest>
    <UnitTest name="ReadXmlTestViewWithOneViewItem" storage="d:\actions-runner\_work\xpco\xpco\common\sc_sharedcomponent\components\dotnet\videoos.remoteclient.data\unittest\bin\debug\net47\videoos.remoteclient.data.unittest.dll" id="fa5a1cc8-9f51-6c04-e70e-f5fc9395a4f9">
      <Execution id="3c11dff9-f3c4-4a04-b88d-76b66c5f19a9" />
      <TestMethod codeBase="D:\actions-runner\_work\XPCO\XPCO\Common\SC_SharedComponent\Components\dotNet\VideoOS.RemoteClient.Data\unittest\bin\Debug\net47\VideoOS.RemoteClient.Data.UnitTest.dll" adapterTypeName="executor://mstestadapter/v2" className="VideoOS.RemoteClient.Data.UnitTest.ViewTest" name="ReadXmlTestViewWithOneViewItem" />
    </UnitTest>
    <UnitTest name="ReadXmlTestViewWithOneViewItemWithViewLayoutContainedinView" storage="d:\actions-runner\_work\xpco\xpco\common\sc_sharedcomponent\components\dotnet\videoos.remoteclient.data\unittest\bin\debug\net47\videoos.remoteclient.data.unittest.dll" id="b34854e0-fe8f-c5d3-14fa-ce5f50885cac">
      <Execution id="6f1f866e-616e-4335-b59c-15dde4948fc8" />
      <TestMethod codeBase="D:\actions-runner\_work\XPCO\XPCO\Common\SC_SharedComponent\Components\dotNet\VideoOS.RemoteClient.Data\unittest\bin\Debug\net47\VideoOS.RemoteClient.Data.UnitTest.dll" adapterTypeName="executor://mstestadapter/v2" className="VideoOS.RemoteClient.Data.UnitTest.ViewTest" name="ReadXmlTestViewWithOneViewItemWithViewLayoutContainedinView" />
    </UnitTest>
    <UnitTest name="WriteXmlTestTwoViews" storage="d:\actions-runner\_work\xpco\xpco\common\sc_sharedcomponent\components\dotnet\videoos.remoteclient.data\unittest\bin\debug\net47\videoos.remoteclient.data.unittest.dll" id="69ed9260-d33e-73af-f6b9-cc90e0f84e0c">
      <Execution id="5983a4c3-d721-4adc-9964-d8c95d257ff9" />
      <TestMethod codeBase="D:\actions-runner\_work\XPCO\XPCO\Common\SC_SharedComponent\Components\dotNet\VideoOS.RemoteClient.Data\unittest\bin\Debug\net47\VideoOS.RemoteClient.Data.UnitTest.dll" adapterTypeName="executor://mstestadapter/v2" className="VideoOS.RemoteClient.Data.UnitTest.GroupTest" name="WriteXmlTestTwoViews" />
    </UnitTest>
    <UnitTest name="WriteXmlTestOneView" storage="d:\actions-runner\_work\xpco\xpco\common\sc_sharedcomponent\components\dotnet\videoos.remoteclient.data\unittest\bin\debug\net47\videoos.remoteclient.data.unittest.dll" id="4ccb33bc-104d-4019-2a41-182f5f4aa6af">
      <Execution id="698491ff-92e6-4b5c-9758-106ff6fcbef9" />
      <TestMethod codeBase="D:\actions-runner\_work\XPCO\XPCO\Common\SC_SharedComponent\Components\dotNet\VideoOS.RemoteClient.Data\unittest\bin\Debug\net47\VideoOS.RemoteClient.Data.UnitTest.dll" adapterTypeName="executor://mstestadapter/v2" className="VideoOS.RemoteClient.Data.UnitTest.GroupTest" name="WriteXmlTestOneView" />
    </UnitTest>
    <UnitTest name="WriteXmlTestEmpty" storage="d:\actions-runner\_work\xpco\xpco\common\sc_sharedcomponent\components\dotnet\videoos.remoteclient.data\unittest\bin\debug\net47\videoos.remoteclient.data.unittest.dll" id="5bb1cf2c-f20b-1b5a-ce23-f7e9f25d6c92">
      <Execution id="4a31bf74-2a04-4b66-a7a6-cf738342dc1a" />
      <TestMethod codeBase="D:\actions-runner\_work\XPCO\XPCO\Common\SC_SharedComponent\Components\dotNet\VideoOS.RemoteClient.Data\unittest\bin\Debug\net47\VideoOS.RemoteClient.Data.UnitTest.dll" adapterTypeName="executor://mstestadapter/v2" className="VideoOS.RemoteClient.Data.UnitTest.ViewGroupTest" name="WriteXmlTestEmpty" />
    </UnitTest>
    <UnitTest name="WriteXmlTestEmptyViewItem" storage="d:\actions-runner\_work\xpco\xpco\common\sc_sharedcomponent\components\dotnet\videoos.remoteclient.data\unittest\bin\debug\net47\videoos.remoteclient.data.unittest.dll" id="97c3bf20-eaec-0b2a-c667-7fc82e5472b8">
      <Execution id="d96adc26-3db9-4749-be95-f49e262914b5" />
      <TestMethod codeBase="D:\actions-runner\_work\XPCO\XPCO\Common\SC_SharedComponent\Components\dotNet\VideoOS.RemoteClient.Data\unittest\bin\Debug\net47\VideoOS.RemoteClient.Data.UnitTest.dll" adapterTypeName="executor://mstestadapter/v2" className="VideoOS.RemoteClient.Data.UnitTest.ViewItemTest" name="WriteXmlTestEmptyViewItem" />
    </UnitTest>
    <UnitTest name="WriteXmlTestWithOneViewItem" storage="d:\actions-runner\_work\xpco\xpco\common\sc_sharedcomponent\components\dotnet\videoos.remoteclient.data\unittest\bin\debug\net47\videoos.remoteclient.data.unittest.dll" id="83aff7c1-40bd-24c4-b3c9-d698a20cc72f">
      <Execution id="cacbeb75-b854-40c0-8165-52f7f2283987" />
      <TestMethod codeBase="D:\actions-runner\_work\XPCO\XPCO\Common\SC_SharedComponent\Components\dotNet\VideoOS.RemoteClient.Data\unittest\bin\Debug\net47\VideoOS.RemoteClient.Data.UnitTest.dll" adapterTypeName="executor://mstestadapter/v2" className="VideoOS.RemoteClient.Data.UnitTest.ViewTest" name="WriteXmlTestWithOneViewItem" />
    </UnitTest>
    <UnitTest name="WriteXmlTestOneViewAndOneNestedGroupWithOneViewWithOneNestedGroupWithOneView" storage="d:\actions-runner\_work\xpco\xpco\common\sc_sharedcomponent\components\dotnet\videoos.remoteclient.data\unittest\bin\debug\net47\videoos.remoteclient.data.unittest.dll" id="268e5f82-c5b3-c5f3-a6aa-2b49b901ccec">
      <Execution id="d38bea76-6370-453a-9deb-4f6a7e3855a5" />
      <TestMethod codeBase="D:\actions-runner\_work\XPCO\XPCO\Common\SC_SharedComponent\Components\dotNet\VideoOS.RemoteClient.Data\unittest\bin\Debug\net47\VideoOS.RemoteClient.Data.UnitTest.dll" adapterTypeName="executor://mstestadapter/v2" className="VideoOS.RemoteClient.Data.UnitTest.GroupTest" name="WriteXmlTestOneViewAndOneNestedGroupWithOneViewWithOneNestedGroupWithOneView" />
    </UnitTest>
    <UnitTest name="IsSameLayoutTestDifferentLayoutSameCountOfItems" storage="d:\actions-runner\_work\xpco\xpco\common\sc_sharedcomponent\components\dotnet\videoos.remoteclient.data\unittest\bin\debug\net47\videoos.remoteclient.data.unittest.dll" id="1cf66abb-96fb-35be-8990-de671f5387ef">
      <Execution id="230afbdf-9732-4764-993e-b485e85acf46" />
      <TestMethod codeBase="D:\actions-runner\_work\XPCO\XPCO\Common\SC_SharedComponent\Components\dotNet\VideoOS.RemoteClient.Data\unittest\bin\Debug\net47\VideoOS.RemoteClient.Data.UnitTest.dll" adapterTypeName="executor://mstestadapter/v2" className="VideoOS.RemoteClient.Data.UnitTest.ViewLayoutTest" name="IsSameLayoutTestDifferentLayoutSameCountOfItems" />
    </UnitTest>
  </TestDefinitions>
  <TestEntries>
    <TestEntry testId="268e5f82-c5b3-c5f3-a6aa-2b49b901ccec" executionId="d38bea76-6370-453a-9deb-4f6a7e3855a5" testListId="8c84fa94-04c1-424b-9868-57a2d4851a1d" />
    <TestEntry testId="b34854e0-fe8f-c5d3-14fa-ce5f50885cac" executionId="6f1f866e-616e-4335-b59c-15dde4948fc8" testListId="8c84fa94-04c1-424b-9868-57a2d4851a1d" />
    <TestEntry testId="97c3bf20-eaec-0b2a-c667-7fc82e5472b8" executionId="d96adc26-3db9-4749-be95-f49e262914b5" testListId="8c84fa94-04c1-424b-9868-57a2d4851a1d" />
    <TestEntry testId="e386cf20-46f8-cfc9-41f3-6aa32c9d9d3f" executionId="a8804f56-8836-45ab-bb5b-ca0786cf8341" testListId="8c84fa94-04c1-424b-9868-57a2d4851a1d" />
    <TestEntry testId="b6d71ab1-ac85-052f-e5bf-c13f776c4586" executionId="6482230e-bcc0-42d3-85c0-94efb7c89c45" testListId="8c84fa94-04c1-424b-9868-57a2d4851a1d" />
    <TestEntry testId="444003b6-f4d4-b6de-f730-9221151619de" executionId="5bb178d5-55be-4990-8b20-073fb9e91cf7" testListId="8c84fa94-04c1-424b-9868-57a2d4851a1d" />
    <TestEntry testId="c74185ea-3349-d3ea-9b83-50b171af2003" executionId="7c2dcdb7-e4cb-4bb4-b7d9-f0a25046809b" testListId="8c84fa94-04c1-424b-9868-57a2d4851a1d" />
    <TestEntry testId="836e1af9-5246-a6cd-ab14-64ff798f6575" executionId="bec8aa11-1a44-4f08-b92f-527934a51427" testListId="8c84fa94-04c1-424b-9868-57a2d4851a1d" />
    <TestEntry testId="fa5a1cc8-9f51-6c04-e70e-f5fc9395a4f9" executionId="3c11dff9-f3c4-4a04-b88d-76b66c5f19a9" testListId="8c84fa94-04c1-424b-9868-57a2d4851a1d" />
    <TestEntry testId="a37bd4b9-953d-bd2b-d932-7a0838cc96fb" executionId="d985f97f-3236-4f33-a69f-00e42b6f953a" testListId="8c84fa94-04c1-424b-9868-57a2d4851a1d" />
    <TestEntry testId="ac0e059c-7636-36c4-78e0-2ee68dba2aae" executionId="47bf9019-73c5-49cf-b582-8dc3b23003a4" testListId="8c84fa94-04c1-424b-9868-57a2d4851a1d" />
    <TestEntry testId="16fde1ad-cd75-eb22-7e0e-f572cf191b53" executionId="3316aa7c-ba74-48ce-a0de-33c2fcc28f0a" testListId="8c84fa94-04c1-424b-9868-57a2d4851a1d" />
    <TestEntry testId="ed1a813c-420a-dd3d-bb95-7b96443bfe6d" executionId="b2acf714-e0f4-44cb-84c0-6833e61dc321" testListId="8c84fa94-04c1-424b-9868-57a2d4851a1d" />
    <TestEntry testId="b334c523-2d5d-ac16-82f9-b0b6ae259d48" executionId="671ff811-2112-4dff-8d82-d9116103fa74" testListId="8c84fa94-04c1-424b-9868-57a2d4851a1d" />
    <TestEntry testId="3c2f10f1-41c2-34a7-f428-69f8e1f2ef71" executionId="a2260c60-a2a8-4dc7-8788-d7d80e2895c7" testListId="8c84fa94-04c1-424b-9868-57a2d4851a1d" />
    <TestEntry testId="34643078-7b2a-e2cc-a1a6-dacb454bf4c9" executionId="cf27f08f-9c82-4c26-b9a2-9eaab520a3c2" testListId="8c84fa94-04c1-424b-9868-57a2d4851a1d" />
    <TestEntry testId="fad81d5e-2adf-c097-4760-3355bbf0ac94" executionId="4f31c3b3-b289-4f5a-a862-7f8a3c3bad14" testListId="8c84fa94-04c1-424b-9868-57a2d4851a1d" />
    <TestEntry testId="fc44350a-c6bd-b1dd-a585-1b82a48d88a3" executionId="2337e3f3-c5da-4b2e-8f38-8d381ef2cfdc" testListId="8c84fa94-04c1-424b-9868-57a2d4851a1d" />
    <TestEntry testId="3009834f-48c5-93b1-1975-6c9fdd4c9c1e" executionId="db65b6dd-059a-4cad-909b-3ba7bc0b728d" testListId="8c84fa94-04c1-424b-9868-57a2d4851a1d" />
    <TestEntry testId="69ed9260-d33e-73af-f6b9-cc90e0f84e0c" executionId="5983a4c3-d721-4adc-9964-d8c95d257ff9" testListId="8c84fa94-04c1-424b-9868-57a2d4851a1d" />
    <TestEntry testId="2708b57d-7de0-293b-4425-8b550d8806bc" executionId="0c3f28ff-6e24-4799-b7db-92eb843cf0f4" testListId="8c84fa94-04c1-424b-9868-57a2d4851a1d" />
    <TestEntry testId="1cf66abb-96fb-35be-8990-de671f5387ef" executionId="230afbdf-9732-4764-993e-b485e85acf46" testListId="8c84fa94-04c1-424b-9868-57a2d4851a1d" />
    <TestEntry testId="5bb1cf2c-f20b-1b5a-ce23-f7e9f25d6c92" executionId="4a31bf74-2a04-4b66-a7a6-cf738342dc1a" testListId="8c84fa94-04c1-424b-9868-57a2d4851a1d" />
    <TestEntry testId="4b9d9f0c-9b38-1d13-6714-cb28bca714c3" executionId="b259af77-fcc6-4873-84c1-a292ecccbac4" testListId="8c84fa94-04c1-424b-9868-57a2d4851a1d" />
    <TestEntry testId="072a0155-2067-4e26-505a-6080b93bbe51" executionId="b293e4e4-04af-43f6-8337-80a47c25ddd3" testListId="8c84fa94-04c1-424b-9868-57a2d4851a1d" />
    <TestEntry testId="83aff7c1-40bd-24c4-b3c9-d698a20cc72f" executionId="cacbeb75-b854-40c0-8165-52f7f2283987" testListId="8c84fa94-04c1-424b-9868-57a2d4851a1d" />
    <TestEntry testId="0a1fbe88-0bd8-43a0-b44e-81bbdcbf3065" executionId="061db88e-119e-42d1-b66c-6e4f6ccd9204" testListId="8c84fa94-04c1-424b-9868-57a2d4851a1d" />
    <TestEntry testId="ca10539f-71a4-72f7-aa53-9bf064ce6ecc" executionId="9cb1fa1f-ec23-47e2-beba-0040fb75c66c" testListId="8c84fa94-04c1-424b-9868-57a2d4851a1d" />
    <TestEntry testId="fc69b98d-1432-a585-898a-e551e33ccd0a" executionId="0eed5228-6b10-4bba-a2d8-d11782199227" testListId="8c84fa94-04c1-424b-9868-57a2d4851a1d" />
    <TestEntry testId="c40e0ee6-6a16-4ff7-a775-de7d92578ca2" executionId="dd11ec3e-dde5-4a49-b978-3a1c7519b3a1" testListId="8c84fa94-04c1-424b-9868-57a2d4851a1d" />
    <TestEntry testId="c3df5bd9-b673-55a1-143d-75dae05920a2" executionId="f04eb8d2-c9a8-4c5d-be27-86faa2d0d6ff" testListId="8c84fa94-04c1-424b-9868-57a2d4851a1d" />
    <TestEntry testId="2126a02f-3adf-bded-79eb-a1be5f77bb99" executionId="978bc8c3-c937-4aca-83c2-5d5a2a976685" testListId="8c84fa94-04c1-424b-9868-57a2d4851a1d" />
    <TestEntry testId="4ccb33bc-104d-4019-2a41-182f5f4aa6af" executionId="698491ff-92e6-4b5c-9758-106ff6fcbef9" testListId="8c84fa94-04c1-424b-9868-57a2d4851a1d" />
    <TestEntry testId="45c9ddbc-d572-204b-1719-58d0ef915a96" executionId="dfadd738-5583-4f74-9888-142edc3d9be5" testListId="8c84fa94-04c1-424b-9868-57a2d4851a1d" />
  </TestEntries>
  <TestLists>
    <TestList name="Results Not in a List" id="8c84fa94-04c1-424b-9868-57a2d4851a1d" />
    <TestList name="All Loaded Results" id="19431567-8539-422a-85d7-44ee4e166bda" />
  </TestLists>
  <ResultSummary outcome="Completed">
    <Counters total="34" executed="34" passed="34" failed="0" error="0" timeout="0" aborted="0" inconclusive="0" passedButRunAborted="0" notRunnable="0" notExecuted="0" disconnected="0" warning="0" completed="0" inProgress="0" pending="0" />
  </ResultSummary>
</TestRun>