<?xml version="1.0" encoding="utf-8"?>
<TestRun id="c9c093d9-271f-461e-bde3-7511fa9d0016" name="DKSR-EFI-06$@DKSR-EFI-06 2024-01-09 15:42:54" runUser="NT AUTHORITY\NETWORK SERVICE" xmlns="http://microsoft.com/schemas/VisualStudio/TeamTest/2010">
  <Times creation="2024-01-09T15:42:54.1228227+01:00" queuing="2024-01-09T15:42:54.1228227+01:00" start="2024-01-09T15:42:42.3884032+01:00" finish="2024-01-09T15:43:33.8572535+01:00" />
  <TestSettings name="default" id="e8307af9-446f-4fdb-93c2-80687ea0a519">
    <Deployment runDeploymentRoot="DKSR-EFI-06$_DKSR-EFI-06_2024-01-09_15_42_54" />
  </TestSettings>
  <Results>
    <UnitTestResult executionId="77dec0ac-38db-461b-bcf2-a973cc54e024" testId="f6178929-bcf4-1d49-8082-bab963293513" testName="TestEventMessageWithNoMessage" computerName="DKSR-EFI-06" duration="00:00:00.0004840" startTime="2024-01-09T15:43:31.0916291+01:00" endTime="2024-01-09T15:43:31.0916291+01:00" testType="13cdc9d9-ddb5-4fa4-a97d-d965ccfc6d4b" outcome="Passed" testListId="8c84fa94-04c1-424b-9868-57a2d4851a1d" relativeResultsDirectory="77dec0ac-38db-461b-bcf2-a973cc54e024" />
    <UnitTestResult executionId="606f060b-732e-4aa9-8cbb-fd3a3b2f1ca2" testId="fc2632b1-ab30-aefb-f26f-0a08ac51e247" testName="GetRelatedAsyncTest" computerName="DKSR-EFI-06" duration="00:00:00.0046645" startTime="2024-01-09T15:43:33.1541270+01:00" endTime="2024-01-09T15:43:33.1541270+01:00" testType="13cdc9d9-ddb5-4fa4-a97d-d965ccfc6d4b" outcome="Passed" testListId="8c84fa94-04c1-424b-9868-57a2d4851a1d" relativeResultsDirectory="606f060b-732e-4aa9-8cbb-fd3a3b2f1ca2" />
    <UnitTestResult executionId="60889712-c99f-4b5c-894d-28418f2f4d67" testId="60e1b6a8-8777-ef74-c8a8-b070874bff10" testName="TestParsePortEmptyDoc" computerName="DKSR-EFI-06" duration="00:00:00.0002825" startTime="2024-01-09T15:43:33.2166288+01:00" endTime="2024-01-09T15:43:33.2166288+01:00" testType="13cdc9d9-ddb5-4fa4-a97d-d965ccfc6d4b" outcome="Passed" testListId="8c84fa94-04c1-424b-9868-57a2d4851a1d" relativeResultsDirectory="60889712-c99f-4b5c-894d-28418f2f4d67" />
    <UnitTestResult executionId="4e36062b-1e00-4f6c-99a8-c32f8087f163" testId="8127989a-fbd0-a0c5-1a81-e49b19dbac67" testName="GetChildrenAsyncTest" computerName="DKSR-EFI-06" duration="00:00:00.0040370" startTime="2024-01-09T15:43:33.1853793+01:00" endTime="2024-01-09T15:43:33.1853793+01:00" testType="13cdc9d9-ddb5-4fa4-a97d-d965ccfc6d4b" outcome="Passed" testListId="8c84fa94-04c1-424b-9868-57a2d4851a1d" relativeResultsDirectory="4e36062b-1e00-4f6c-99a8-c32f8087f163" />
    <UnitTestResult executionId="9df76a28-9b9f-4cb6-8234-29c61e06082c" testId="e19ac113-2b0a-dae6-496b-4ca0bcf0772a" testName="TestHandleRequestWithHtmlHeaderNotAllDataReceived" computerName="DKSR-EFI-06" duration="00:00:00.0005071" startTime="2024-01-09T15:42:58.5447128+01:00" endTime="2024-01-09T15:42:58.5604876+01:00" testType="13cdc9d9-ddb5-4fa4-a97d-d965ccfc6d4b" outcome="Passed" testListId="8c84fa94-04c1-424b-9868-57a2d4851a1d" relativeResultsDirectory="9df76a28-9b9f-4cb6-8234-29c61e06082c" />
    <UnitTestResult executionId="f569fbc5-ee30-4721-ab6e-b7f48027ca45" testId="efc5d867-df5e-912a-bc72-f46e1586a7aa" testName="TestAddItem" computerName="DKSR-EFI-06" duration="00:00:00.0052677" startTime="2024-01-09T15:43:32.7166310+01:00" endTime="2024-01-09T15:43:32.7322553+01:00" testType="13cdc9d9-ddb5-4fa4-a97d-d965ccfc6d4b" outcome="Passed" testListId="8c84fa94-04c1-424b-9868-57a2d4851a1d" relativeResultsDirectory="f569fbc5-ee30-4721-ab6e-b7f48027ca45" />
    <UnitTestResult executionId="86360bc1-d5c8-42b5-ba92-1ed714953320" testId="e3924598-2b02-3c0d-3ded-5283ec87996e" testName="TestSettingsLoaded_GeneralSettingsAndAnalyticsEvents" computerName="DKSR-EFI-06" duration="00:00:01.1035546" startTime="2024-01-09T15:42:55.9665825+01:00" endTime="2024-01-09T15:42:57.0759587+01:00" testType="13cdc9d9-ddb5-4fa4-a97d-d965ccfc6d4b" outcome="Passed" testListId="8c84fa94-04c1-424b-9868-57a2d4851a1d" relativeResultsDirectory="86360bc1-d5c8-42b5-ba92-1ed714953320" />
    <UnitTestResult executionId="fbdf458d-1328-47dc-9ad9-b18cd4616ff7" testId="31cce2b4-72a9-4fb4-c866-621620e531af" testName="TestRefresh" computerName="DKSR-EFI-06" duration="00:00:00.0015959" startTime="2024-01-09T15:43:31.8728792+01:00" endTime="2024-01-09T15:43:31.8728792+01:00" testType="13cdc9d9-ddb5-4fa4-a97d-d965ccfc6d4b" outcome="Passed" testListId="8c84fa94-04c1-424b-9868-57a2d4851a1d" relativeResultsDirectory="fbdf458d-1328-47dc-9ad9-b18cd4616ff7" />
    <UnitTestResult executionId="f8df28bf-6023-4008-a4e9-0028fe8670b5" testId="686d7c4f-8f39-a5b6-2de0-88812e31a77c" testName="TestReleaseUserControl" computerName="DKSR-EFI-06" duration="00:00:00.0036748" startTime="2024-01-09T15:43:32.1228792+01:00" endTime="2024-01-09T15:43:32.1228792+01:00" testType="13cdc9d9-ddb5-4fa4-a97d-d965ccfc6d4b" outcome="Passed" testListId="8c84fa94-04c1-424b-9868-57a2d4851a1d" relativeResultsDirectory="f8df28bf-6023-4008-a4e9-0028fe8670b5" />
    <UnitTestResult executionId="61f53ad3-ae7e-4b9c-9a6e-de964d424453" testId="9b48f9e8-305b-a70d-39f8-d7c4a29753cb" testName="TestFillSourceWithSourceNameUnKnownObjectHostNameLookupValidItem" computerName="DKSR-EFI-06" duration="00:00:00.0058782" startTime="2024-01-09T15:43:31.3885036+01:00" endTime="2024-01-09T15:43:31.4041290+01:00" testType="13cdc9d9-ddb5-4fa4-a97d-d965ccfc6d4b" outcome="Passed" testListId="8c84fa94-04c1-424b-9868-57a2d4851a1d" relativeResultsDirectory="61f53ad3-ae7e-4b9c-9a6e-de964d424453" />
    <UnitTestResult executionId="08d03089-640c-4c53-8ca9-104040ca123a" testId="9377ddbc-2a82-324c-6237-e4670485818c" testName="TestHandleRequest_ValidXmlNoAlarm" computerName="DKSR-EFI-06" duration="00:00:00.0093093" startTime="2024-01-09T15:42:58.3259630+01:00" endTime="2024-01-09T15:42:58.3259630+01:00" testType="13cdc9d9-ddb5-4fa4-a97d-d965ccfc6d4b" outcome="Passed" testListId="8c84fa94-04c1-424b-9868-57a2d4851a1d" relativeResultsDirectory="08d03089-640c-4c53-8ca9-104040ca123a" />
    <UnitTestResult executionId="674be073-4c47-4c94-a8da-50ed080951c1" testId="d298f1e0-c8a5-d75b-0ef3-b39c6d540a53" testName="TestCreateAlarmWithMinimum" computerName="DKSR-EFI-06" duration="00:00:00.0006595" startTime="2024-01-09T15:43:31.1072552+01:00" endTime="2024-01-09T15:43:31.1228783+01:00" testType="13cdc9d9-ddb5-4fa4-a97d-d965ccfc6d4b" outcome="Passed" testListId="8c84fa94-04c1-424b-9868-57a2d4851a1d" relativeResultsDirectory="674be073-4c47-4c94-a8da-50ed080951c1" />
    <UnitTestResult executionId="7400ca7d-9bd7-4278-ad86-139fcb807e62" testId="b16a4a3d-2b3f-821d-5dc4-48588bb937be" testName="TestInit_EnvironmentTypeAdministrationXPCO" computerName="DKSR-EFI-06" duration="00:00:00.0093448" startTime="2024-01-09T15:42:54.1071954+01:00" endTime="2024-01-09T15:42:54.1228227+01:00" testType="13cdc9d9-ddb5-4fa4-a97d-d965ccfc6d4b" outcome="Passed" testListId="8c84fa94-04c1-424b-9868-57a2d4851a1d" relativeResultsDirectory="7400ca7d-9bd7-4278-ad86-139fcb807e62" />
    <UnitTestResult executionId="c7a55017-880a-49e6-822c-19577b7a3189" testId="ad871a49-75b0-6181-9664-3bbea754d11e" testName="TestConstructor_NullItem" computerName="DKSR-EFI-06" duration="00:00:00.0009100" startTime="2024-01-09T15:43:31.9510047+01:00" endTime="2024-01-09T15:43:31.9510047+01:00" testType="13cdc9d9-ddb5-4fa4-a97d-d965ccfc6d4b" outcome="Passed" testListId="8c84fa94-04c1-424b-9868-57a2d4851a1d" relativeResultsDirectory="c7a55017-880a-49e6-822c-19577b7a3189" />
    <UnitTestResult executionId="3d0f3caf-da7c-40d5-9618-96e6bb203576" testId="1d2abe98-623e-b9eb-68ea-9dc55d7f52c4" testName="TestAdd" computerName="DKSR-EFI-06" duration="00:00:00.0131851" startTime="2024-01-09T15:43:31.8728792+01:00" endTime="2024-01-09T15:43:31.8885029+01:00" testType="13cdc9d9-ddb5-4fa4-a97d-d965ccfc6d4b" outcome="Passed" testListId="8c84fa94-04c1-424b-9868-57a2d4851a1d" relativeResultsDirectory="3d0f3caf-da7c-40d5-9618-96e6bb203576" />
    <UnitTestResult executionId="569b907b-4b30-4eaf-a42b-76ed5661e19a" testId="d647d8dd-f04a-a2c2-cec5-80065b2d76ee" testName="TestHandleRequest_ValidXmlAlertReturnsNullAlarm" computerName="DKSR-EFI-06" duration="00:00:00.0087381" startTime="2024-01-09T15:42:58.4040868+01:00" endTime="2024-01-09T15:42:58.4040868+01:00" testType="13cdc9d9-ddb5-4fa4-a97d-d965ccfc6d4b" outcome="Passed" testListId="8c84fa94-04c1-424b-9868-57a2d4851a1d" relativeResultsDirectory="569b907b-4b30-4eaf-a42b-76ed5661e19a" />
    <UnitTestResult executionId="f891e022-a1c7-43c3-a4e1-a4b993420ede" testId="ca3f8549-8e65-13d1-59d4-6d74a5fa2453" testName="TestConstruction" computerName="DKSR-EFI-06" duration="00:00:00.0099283" startTime="2024-01-09T15:43:31.0760036+01:00" endTime="2024-01-09T15:43:31.0760036+01:00" testType="13cdc9d9-ddb5-4fa4-a97d-d965ccfc6d4b" outcome="Passed" testListId="8c84fa94-04c1-424b-9868-57a2d4851a1d" relativeResultsDirectory="f891e022-a1c7-43c3-a4e1-a4b993420ede" />
    <UnitTestResult executionId="d7b162de-6757-4847-b4e8-c87ebc7da811" testId="981861bf-c7ac-6490-46dc-0c6d8f66937e" testName="TestGenerateDetailUserControl" computerName="DKSR-EFI-06" duration="00:00:00.1276006" startTime="2024-01-09T15:43:31.9822544+01:00" endTime="2024-01-09T15:43:32.1228792+01:00" testType="13cdc9d9-ddb5-4fa4-a97d-d965ccfc6d4b" outcome="Passed" testListId="8c84fa94-04c1-424b-9868-57a2d4851a1d" relativeResultsDirectory="d7b162de-6757-4847-b4e8-c87ebc7da811" />
    <UnitTestResult executionId="3295428c-5cf5-43ba-83c7-ec5a35b9942f" testId="44e8e31a-750e-3d33-0999-b9e0127d9f23" testName="TestName_EnvironmentTypeService" computerName="DKSR-EFI-06" duration="00:00:00.0008821" startTime="2024-01-09T15:43:33.0603804+01:00" endTime="2024-01-09T15:43:33.0603804+01:00" testType="13cdc9d9-ddb5-4fa4-a97d-d965ccfc6d4b" outcome="Passed" testListId="8c84fa94-04c1-424b-9868-57a2d4851a1d" relativeResultsDirectory="3295428c-5cf5-43ba-83c7-ec5a35b9942f" />
    <UnitTestResult executionId="a53fd744-6601-4330-8205-4a57b401042d" testId="b02adbca-d714-cd3d-4572-5d3913e8b0bd" testName="TestFillSourceWithHostname" computerName="DKSR-EFI-06" duration="00:00:00.0066850" startTime="2024-01-09T15:43:31.3416295+01:00" endTime="2024-01-09T15:43:31.3572553+01:00" testType="13cdc9d9-ddb5-4fa4-a97d-d965ccfc6d4b" outcome="Passed" testListId="8c84fa94-04c1-424b-9868-57a2d4851a1d" relativeResultsDirectory="a53fd744-6601-4330-8205-4a57b401042d" />
    <UnitTestResult executionId="e7c68ca7-9ac1-4685-a9a1-0ce0e2974df6" testId="a797bbbd-fbc1-cdee-6d34-73069d6bb5e8" testName="TestConstruction" computerName="DKSR-EFI-06" duration="00:00:00.0007587" startTime="2024-01-09T15:43:31.8416280+01:00" endTime="2024-01-09T15:43:31.8416280+01:00" testType="13cdc9d9-ddb5-4fa4-a97d-d965ccfc6d4b" outcome="Passed" testListId="8c84fa94-04c1-424b-9868-57a2d4851a1d" relativeResultsDirectory="e7c68ca7-9ac1-4685-a9a1-0ce0e2974df6" />
    <UnitTestResult executionId="e097face-a24c-49df-95af-7da4fad2391f" testId="9063848d-03b0-ccf0-45e2-db439660c51f" testName="TestDeleteItem" computerName="DKSR-EFI-06" duration="00:00:00.0028223" startTime="2024-01-09T15:43:32.7166310+01:00" endTime="2024-01-09T15:43:32.7166310+01:00" testType="13cdc9d9-ddb5-4fa4-a97d-d965ccfc6d4b" outcome="Passed" testListId="8c84fa94-04c1-424b-9868-57a2d4851a1d" relativeResultsDirectory="e097face-a24c-49df-95af-7da4fad2391f" />
    <UnitTestResult executionId="fb2597ba-0b77-4c94-a99c-36ac0a273e49" testId="1c6d0dbe-e217-4906-723c-0ebe81b93891" testName="TestGetItems_ItemsNotNull" computerName="DKSR-EFI-06" duration="00:00:00.0007708" startTime="2024-01-09T15:43:32.7635037+01:00" endTime="2024-01-09T15:43:32.7635037+01:00" testType="13cdc9d9-ddb5-4fa4-a97d-d965ccfc6d4b" outcome="Passed" testListId="8c84fa94-04c1-424b-9868-57a2d4851a1d" relativeResultsDirectory="fb2597ba-0b77-4c94-a99c-36ac0a273e49" />
    <UnitTestResult executionId="566ec501-8353-46d2-a8b6-f30d3a8319e1" testId="743c2ecd-f639-e21d-670f-8916e5300c80" testName="TestLookup" computerName="DKSR-EFI-06" duration="00:00:00.0327559" startTime="2024-01-09T15:43:31.8885029+01:00" endTime="2024-01-09T15:43:31.9353774+01:00" testType="13cdc9d9-ddb5-4fa4-a97d-d965ccfc6d4b" outcome="Passed" testListId="8c84fa94-04c1-424b-9868-57a2d4851a1d" relativeResultsDirectory="566ec501-8353-46d2-a8b6-f30d3a8319e1" />
    <UnitTestResult executionId="766e2f39-4125-439b-9760-8f9e99b3e102" testId="68a1e0c7-c80e-7643-d36c-d46388c618b9" testName="TestParseIpListsNullDoc" computerName="DKSR-EFI-06" duration="00:00:00.0008535" startTime="2024-01-09T15:43:33.2010041+01:00" endTime="2024-01-09T15:43:33.2010041+01:00" testType="13cdc9d9-ddb5-4fa4-a97d-d965ccfc6d4b" outcome="Passed" testListId="8c84fa94-04c1-424b-9868-57a2d4851a1d" relativeResultsDirectory="766e2f39-4125-439b-9760-8f9e99b3e102" />
    <UnitTestResult executionId="24f974b3-0049-4084-9c38-a82e4e9a9c51" testId="4da41ae4-d604-de77-b100-b9c11152b5e2" testName="TestName_EnvironmentTypeService" computerName="DKSR-EFI-06" duration="00:00:00.0007119" startTime="2024-01-09T15:43:31.9666269+01:00" endTime="2024-01-09T15:43:31.9666269+01:00" testType="13cdc9d9-ddb5-4fa4-a97d-d965ccfc6d4b" outcome="Passed" testListId="8c84fa94-04c1-424b-9868-57a2d4851a1d" relativeResultsDirectory="24f974b3-0049-4084-9c38-a82e4e9a9c51" />
    <UnitTestResult executionId="322afca5-7a53-477b-9ca3-01433a2d4bb1" testId="fdd4396d-853a-b81c-99e8-330fa750b5bb" testName="TestFillSourceNullAlarm" computerName="DKSR-EFI-06" duration="00:00:00.0011946" startTime="2024-01-09T15:43:31.1228783+01:00" endTime="2024-01-09T15:43:31.1228783+01:00" testType="13cdc9d9-ddb5-4fa4-a97d-d965ccfc6d4b" outcome="Passed" testListId="8c84fa94-04c1-424b-9868-57a2d4851a1d" relativeResultsDirectory="322afca5-7a53-477b-9ca3-01433a2d4bb1" />
    <UnitTestResult executionId="62ac5f2e-8111-4ea1-a7d5-32898fac45c3" testId="fc3323f7-5755-b5c1-4d9b-c74f626518db" testName="TestConstruction" computerName="DKSR-EFI-06" duration="00:00:00.0006177" startTime="2024-01-09T15:43:33.2010041+01:00" endTime="2024-01-09T15:43:33.2010041+01:00" testType="13cdc9d9-ddb5-4fa4-a97d-d965ccfc6d4b" outcome="Passed" testListId="8c84fa94-04c1-424b-9868-57a2d4851a1d" relativeResultsDirectory="62ac5f2e-8111-4ea1-a7d5-32898fac45c3" />
    <UnitTestResult executionId="9a145aad-bb73-4e42-85b8-03e6050375b7" testId="46067b7a-93a4-dc70-ca0f-14d83f925057" testName="TestIconXPE" computerName="DKSR-EFI-06" duration="00:00:00.6086774" startTime="2024-01-09T15:42:53.3415698+01:00" endTime="2024-01-09T15:42:53.9509472+01:00" testType="13cdc9d9-ddb5-4fa4-a97d-d965ccfc6d4b" outcome="Passed" testListId="8c84fa94-04c1-424b-9868-57a2d4851a1d" relativeResultsDirectory="9a145aad-bb73-4e42-85b8-03e6050375b7" />
    <UnitTestResult executionId="b87d1f56-7a85-4129-8ab9-27d73e8f7daa" testId="bd91e862-6095-d3cc-c742-6c3d0f66b903" testName="TestHandleRequestWithHtmlHeaderNoContentLength" computerName="DKSR-EFI-06" duration="00:00:00.0023594" startTime="2024-01-09T15:42:58.5447128+01:00" endTime="2024-01-09T15:42:58.5447128+01:00" testType="13cdc9d9-ddb5-4fa4-a97d-d965ccfc6d4b" outcome="Passed" testListId="8c84fa94-04c1-424b-9868-57a2d4851a1d" relativeResultsDirectory="b87d1f56-7a85-4129-8ab9-27d73e8f7daa" />
    <UnitTestResult executionId="f6d813f3-8346-475b-b82b-c33952e4a5ad" testId="3512d7b6-2329-1b33-d161-bf892df12629" testName="TestName_EnvironmentTypeAdministration" computerName="DKSR-EFI-06" duration="00:00:00.0008916" startTime="2024-01-09T15:43:33.0447532+01:00" endTime="2024-01-09T15:43:33.0447532+01:00" testType="13cdc9d9-ddb5-4fa4-a97d-d965ccfc6d4b" outcome="Passed" testListId="8c84fa94-04c1-424b-9868-57a2d4851a1d" relativeResultsDirectory="f6d813f3-8346-475b-b82b-c33952e4a5ad" />
    <UnitTestResult executionId="7c7eb89f-fe53-4d24-9642-a10eab04591e" testId="a680688a-97f6-9e51-989f-2a4bbb51757d" testName="TestAllowedHosts" computerName="DKSR-EFI-06" duration="00:00:00.0007679" startTime="2024-01-09T15:43:33.0603804+01:00" endTime="2024-01-09T15:43:33.0760026+01:00" testType="13cdc9d9-ddb5-4fa4-a97d-d965ccfc6d4b" outcome="Passed" testListId="8c84fa94-04c1-424b-9868-57a2d4851a1d" relativeResultsDirectory="7c7eb89f-fe53-4d24-9642-a10eab04591e" />
    <UnitTestResult executionId="7d93bb18-42c3-4087-a1ff-26fb0bf03de0" testId="7064fc9a-517a-334d-157c-bf9e70136218" testName="TestFillSource_NoSourceOrHostname" computerName="DKSR-EFI-06" duration="00:00:00.0048745" startTime="2024-01-09T15:43:31.8260041+01:00" endTime="2024-01-09T15:43:31.8416280+01:00" testType="13cdc9d9-ddb5-4fa4-a97d-d965ccfc6d4b" outcome="Passed" testListId="8c84fa94-04c1-424b-9868-57a2d4851a1d" relativeResultsDirectory="7d93bb18-42c3-4087-a1ff-26fb0bf03de0" />
    <UnitTestResult executionId="661e4a93-6468-4996-a00d-39f843cac878" testId="c485f20f-2936-e124-573a-af07abec5069" testName="TestFillUserControl" computerName="DKSR-EFI-06" duration="00:00:00.0495273" startTime="2024-01-09T15:43:32.5135026+01:00" endTime="2024-01-09T15:43:32.5603779+01:00" testType="13cdc9d9-ddb5-4fa4-a97d-d965ccfc6d4b" outcome="Passed" testListId="8c84fa94-04c1-424b-9868-57a2d4851a1d" relativeResultsDirectory="661e4a93-6468-4996-a00d-39f843cac878" />
    <UnitTestResult executionId="950ca6f8-519e-41b6-a0ca-43bdcf0d007d" testId="64c3d46c-70e0-5802-8b79-0668fff83924" testName="TestUpgradeEventMessagesEmptyConfigFile" computerName="DKSR-EFI-06" duration="00:00:00.0018249" startTime="2024-01-09T15:43:33.2322549+01:00" endTime="2024-01-09T15:43:33.2322549+01:00" testType="13cdc9d9-ddb5-4fa4-a97d-d965ccfc6d4b" outcome="Passed" testListId="8c84fa94-04c1-424b-9868-57a2d4851a1d" relativeResultsDirectory="950ca6f8-519e-41b6-a0ca-43bdcf0d007d" />
    <UnitTestResult executionId="c2623a08-a733-4548-ad81-4e3ba2aa42a9" testId="630469e6-5013-75fa-87f3-a25157cae846" testName="TestParseIpListEmptyXml" computerName="DKSR-EFI-06" duration="00:00:00.0005484" startTime="2024-01-09T15:43:33.2010041+01:00" endTime="2024-01-09T15:43:33.2010041+01:00" testType="13cdc9d9-ddb5-4fa4-a97d-d965ccfc6d4b" outcome="Passed" testListId="8c84fa94-04c1-424b-9868-57a2d4851a1d" relativeResultsDirectory="c2623a08-a733-4548-ad81-4e3ba2aa42a9" />
    <UnitTestResult executionId="5c410ddf-2f95-4eb9-a9b8-cf09348b2515" testId="b840d203-6fe7-ed1d-0fc4-7c39f947fa26" testName="HasRelatedTest" computerName="DKSR-EFI-06" duration="00:00:00.0069860" startTime="2024-01-09T15:43:33.1228792+01:00" endTime="2024-01-09T15:43:33.1385035+01:00" testType="13cdc9d9-ddb5-4fa4-a97d-d965ccfc6d4b" outcome="Passed" testListId="8c84fa94-04c1-424b-9868-57a2d4851a1d" relativeResultsDirectory="5c410ddf-2f95-4eb9-a9b8-cf09348b2515" />
    <UnitTestResult executionId="398f909b-7ca9-4c28-8139-698f89cc980c" testId="1f47e619-99a3-224a-4bdd-4d976819d575" testName="TestUpdateGeneralSettings_WithNullGenealSetting" computerName="DKSR-EFI-06" duration="00:00:00.0009448" startTime="2024-01-09T15:42:54.5446989+01:00" endTime="2024-01-09T15:42:54.5603245+01:00" testType="13cdc9d9-ddb5-4fa4-a97d-d965ccfc6d4b" outcome="Passed" testListId="8c84fa94-04c1-424b-9868-57a2d4851a1d" relativeResultsDirectory="398f909b-7ca9-4c28-8139-698f89cc980c" />
    <UnitTestResult executionId="60a40a25-b15f-4eaf-8e1c-b0f6e3aba7ba" testId="70b8acfc-0f5d-15c1-74a7-35d8aa14bdfe" testName="TestValidateAndSaveUserControl_True" computerName="DKSR-EFI-06" duration="00:00:00.0170755" startTime="2024-01-09T15:43:32.6541269+01:00" endTime="2024-01-09T15:43:32.6697546+01:00" testType="13cdc9d9-ddb5-4fa4-a97d-d965ccfc6d4b" outcome="Passed" testListId="8c84fa94-04c1-424b-9868-57a2d4851a1d" relativeResultsDirectory="60a40a25-b15f-4eaf-8e1c-b0f6e3aba7ba" />
    <UnitTestResult executionId="20168ac2-1f73-47e4-a2bf-edb569a6610b" testId="9ee2b58d-4d5c-216b-cc4e-e3eef1a00c60" testName="TestEventMessageWithMessage" computerName="DKSR-EFI-06" duration="00:00:00.0027006" startTime="2024-01-09T15:43:31.0916291+01:00" endTime="2024-01-09T15:43:31.1072552+01:00" testType="13cdc9d9-ddb5-4fa4-a97d-d965ccfc6d4b" outcome="Passed" testListId="8c84fa94-04c1-424b-9868-57a2d4851a1d" relativeResultsDirectory="20168ac2-1f73-47e4-a2bf-edb569a6610b" />
    <UnitTestResult executionId="94bfcd5c-3ef9-4e74-bd18-618a28b1f5a4" testId="bbb437a5-b175-785f-1346-4ed03a24180a" testName="TestFillSourceNullAlarm" computerName="DKSR-EFI-06" duration="00:00:00.0013121" startTime="2024-01-09T15:43:31.7635035+01:00" endTime="2024-01-09T15:43:31.7635035+01:00" testType="13cdc9d9-ddb5-4fa4-a97d-d965ccfc6d4b" outcome="Passed" testListId="8c84fa94-04c1-424b-9868-57a2d4851a1d" relativeResultsDirectory="94bfcd5c-3ef9-4e74-bd18-618a28b1f5a4" />
    <UnitTestResult executionId="13b5c014-badc-4532-a383-7816d856335b" testId="4d731975-cd09-acda-c596-f16b07c2506e" testName="TestConstructor_Default" computerName="DKSR-EFI-06" duration="00:00:00.0004272" startTime="2024-01-09T15:43:33.0291298+01:00" endTime="2024-01-09T15:43:33.0291298+01:00" testType="13cdc9d9-ddb5-4fa4-a97d-d965ccfc6d4b" outcome="Passed" testListId="8c84fa94-04c1-424b-9868-57a2d4851a1d" relativeResultsDirectory="13b5c014-badc-4532-a383-7816d856335b" />
    <UnitTestResult executionId="d79911e0-a803-4a3c-9cd9-783fbe62e1ae" testId="28c61743-69cc-da8e-f843-61961a6de37b" testName="TestConstructor_Item" computerName="DKSR-EFI-06" duration="00:00:00.0003119" startTime="2024-01-09T15:43:33.0760026+01:00" endTime="2024-01-09T15:43:33.0760026+01:00" testType="13cdc9d9-ddb5-4fa4-a97d-d965ccfc6d4b" outcome="Passed" testListId="8c84fa94-04c1-424b-9868-57a2d4851a1d" relativeResultsDirectory="d79911e0-a803-4a3c-9cd9-783fbe62e1ae" />
    <UnitTestResult executionId="089cef48-3e43-42bf-98b7-6c33d93283f8" testId="68e40d93-f104-d573-b78b-f374bb89bda8" testName="TestIsAuthorized_InvalidAddress" computerName="DKSR-EFI-06" duration="00:00:00.0452183" startTime="2024-01-09T15:42:57.0915821+01:00" endTime="2024-01-09T15:42:57.1384589+01:00" testType="13cdc9d9-ddb5-4fa4-a97d-d965ccfc6d4b" outcome="Passed" testListId="8c84fa94-04c1-424b-9868-57a2d4851a1d" relativeResultsDirectory="089cef48-3e43-42bf-98b7-6c33d93283f8" />
    <UnitTestResult executionId="54e3d165-2dab-4707-8203-1eabdf456acd" testId="57ba51e2-0449-69a0-a0fe-95177de0540e" testName="TestCreateAlarmWithWrongFormat" computerName="DKSR-EFI-06" duration="00:00:00.0117142" startTime="2024-01-09T15:43:31.7478787+01:00" endTime="2024-01-09T15:43:31.7635035+01:00" testType="13cdc9d9-ddb5-4fa4-a97d-d965ccfc6d4b" outcome="Passed" testListId="8c84fa94-04c1-424b-9868-57a2d4851a1d" relativeResultsDirectory="54e3d165-2dab-4707-8203-1eabdf456acd" />
    <UnitTestResult executionId="858a13e2-298b-4b10-9d18-add0d40e5908" testId="906a0490-2008-ab4a-3628-1824bc2d745b" testName="TestGetItems_ItemsNull" computerName="DKSR-EFI-06" duration="00:00:00.0031201" startTime="2024-01-09T15:43:32.7478790+01:00" endTime="2024-01-09T15:43:32.7478790+01:00" testType="13cdc9d9-ddb5-4fa4-a97d-d965ccfc6d4b" outcome="Passed" testListId="8c84fa94-04c1-424b-9868-57a2d4851a1d" relativeResultsDirectory="858a13e2-298b-4b10-9d18-add0d40e5908" />
    <UnitTestResult executionId="5bfcacba-5c30-4739-8dad-8f7edd6f0a64" testId="9c143a4f-02b4-3c35-43f8-b0477627830a" testName="TestAllowedHosts_Null" computerName="DKSR-EFI-06" duration="00:00:00.0001847" startTime="2024-01-09T15:43:33.0760026+01:00" endTime="2024-01-09T15:43:33.0760026+01:00" testType="13cdc9d9-ddb5-4fa4-a97d-d965ccfc6d4b" outcome="Passed" testListId="8c84fa94-04c1-424b-9868-57a2d4851a1d" relativeResultsDirectory="5bfcacba-5c30-4739-8dad-8f7edd6f0a64" />
    <UnitTestResult executionId="ce425177-e2d2-4a44-a120-7bac1a47c9b5" testId="b999c4ce-96be-37bf-70b4-d606de245c4b" testName="TestUpdateEventDefinitions_WithEventDefinitions" computerName="DKSR-EFI-06" duration="00:00:00.0483261" startTime="2024-01-09T15:42:55.9197048+01:00" endTime="2024-01-09T15:42:55.9665825+01:00" testType="13cdc9d9-ddb5-4fa4-a97d-d965ccfc6d4b" outcome="Passed" testListId="8c84fa94-04c1-424b-9868-57a2d4851a1d" relativeResultsDirectory="ce425177-e2d2-4a44-a120-7bac1a47c9b5" />
    <UnitTestResult executionId="ab784d7d-ae03-42bc-8a5d-90daa9cdde9b" testId="7cc4d0b0-ebf8-1238-6c90-a328149d9647" testName="TestConstructor_NullItem" computerName="DKSR-EFI-06" duration="00:00:00.0006666" startTime="2024-01-09T15:43:33.0760026+01:00" endTime="2024-01-09T15:43:33.0916286+01:00" testType="13cdc9d9-ddb5-4fa4-a97d-d965ccfc6d4b" outcome="Passed" testListId="8c84fa94-04c1-424b-9868-57a2d4851a1d" relativeResultsDirectory="ab784d7d-ae03-42bc-8a5d-90daa9cdde9b" />
    <UnitTestResult executionId="219823e1-b263-4c36-9bd8-9d54b5caca38" testId="76d38649-39be-7a04-7bd4-089305eebdba" testName="TestUpdateGeneralSettings_WithCustomHostLists" computerName="DKSR-EFI-06" duration="00:00:01.1948232" startTime="2024-01-09T15:42:54.6540767+01:00" endTime="2024-01-09T15:42:55.8415793+01:00" testType="13cdc9d9-ddb5-4fa4-a97d-d965ccfc6d4b" outcome="Passed" testListId="8c84fa94-04c1-424b-9868-57a2d4851a1d" relativeResultsDirectory="219823e1-b263-4c36-9bd8-9d54b5caca38" />
    <UnitTestResult executionId="e8e52a27-1e7c-4716-996b-3af367df2617" testId="dd7a7279-0902-784a-61c3-66b04a3e6973" testName="TestFillSourceWithSourceNameKnownObject" computerName="DKSR-EFI-06" duration="00:00:00.0049434" startTime="2024-01-09T15:43:31.7791285+01:00" endTime="2024-01-09T15:43:31.7791285+01:00" testType="13cdc9d9-ddb5-4fa4-a97d-d965ccfc6d4b" outcome="Passed" testListId="8c84fa94-04c1-424b-9868-57a2d4851a1d" relativeResultsDirectory="e8e52a27-1e7c-4716-996b-3af367df2617" />
    <UnitTestResult executionId="8cacf708-ee84-4baf-9e9e-5b80d55350b0" testId="fa894b57-d91a-00c2-a775-6080e58f2a84" testName="TestUpgradeEventMessagesNoConfigFile" computerName="DKSR-EFI-06" duration="00:00:00.0002886" startTime="2024-01-09T15:43:33.2166288+01:00" endTime="2024-01-09T15:43:33.2166288+01:00" testType="13cdc9d9-ddb5-4fa4-a97d-d965ccfc6d4b" outcome="Passed" testListId="8c84fa94-04c1-424b-9868-57a2d4851a1d" relativeResultsDirectory="8cacf708-ee84-4baf-9e9e-5b80d55350b0" />
    <UnitTestResult executionId="cf37cc60-2c38-4cd5-8368-d0fb7a3fa2fa" testId="7c111c6e-1816-2f70-18ff-30ffbb26ba59" testName="TestAddItem_AddExistingItemName" computerName="DKSR-EFI-06" duration="00:00:00.0025526" startTime="2024-01-09T15:43:32.7322553+01:00" endTime="2024-01-09T15:43:32.7322553+01:00" testType="13cdc9d9-ddb5-4fa4-a97d-d965ccfc6d4b" outcome="Passed" testListId="8c84fa94-04c1-424b-9868-57a2d4851a1d" relativeResultsDirectory="cf37cc60-2c38-4cd5-8368-d0fb7a3fa2fa" />
    <UnitTestResult executionId="ed349ef2-a2a8-49d2-8e9e-893e246ebccf" testId="c89ce7a8-67b4-96a8-b86d-09b8d9f7b0a8" testName="TestParsePortNullDoc" computerName="DKSR-EFI-06" duration="00:00:00.0007864" startTime="2024-01-09T15:43:33.2010041+01:00" endTime="2024-01-09T15:43:33.2166288+01:00" testType="13cdc9d9-ddb5-4fa4-a97d-d965ccfc6d4b" outcome="Passed" testListId="8c84fa94-04c1-424b-9868-57a2d4851a1d" relativeResultsDirectory="ed349ef2-a2a8-49d2-8e9e-893e246ebccf" />
    <UnitTestResult executionId="4269ff4f-1d61-4750-83d8-ae72fcacff42" testId="222b0508-9017-2a52-0b58-ecc9b98fe182" testName="TestSetGetPropertyStringList_Empty" computerName="DKSR-EFI-06" duration="00:00:00.0007177" startTime="2024-01-09T15:43:33.1072549+01:00" endTime="2024-01-09T15:43:33.1072549+01:00" testType="13cdc9d9-ddb5-4fa4-a97d-d965ccfc6d4b" outcome="Passed" testListId="8c84fa94-04c1-424b-9868-57a2d4851a1d" relativeResultsDirectory="4269ff4f-1d61-4750-83d8-ae72fcacff42" />
    <UnitTestResult executionId="47bebe8f-691c-4bc3-980b-6a7a65069f54" testId="1ead987f-3093-f0cc-ecc1-54610695491a" testName="TestIconXPCO" computerName="DKSR-EFI-06" duration="00:00:00.0015781" startTime="2024-01-09T15:42:54.0290733+01:00" endTime="2024-01-09T15:42:54.0290733+01:00" testType="13cdc9d9-ddb5-4fa4-a97d-d965ccfc6d4b" outcome="Passed" testListId="8c84fa94-04c1-424b-9868-57a2d4851a1d" relativeResultsDirectory="47bebe8f-691c-4bc3-980b-6a7a65069f54" />
    <UnitTestResult executionId="e7fd1a70-fc11-4f52-86ca-fc4695f5bb51" testId="32a3ae4a-eea8-d63c-2ef1-01c2e17b2641" testName="TestId" computerName="DKSR-EFI-06" duration="00:00:00.0005758" startTime="2024-01-09T15:43:31.8572523+01:00" endTime="2024-01-09T15:43:31.8572523+01:00" testType="13cdc9d9-ddb5-4fa4-a97d-d965ccfc6d4b" outcome="Passed" testListId="8c84fa94-04c1-424b-9868-57a2d4851a1d" relativeResultsDirectory="e7fd1a70-fc11-4f52-86ca-fc4695f5bb51" />
    <UnitTestResult executionId="d2cdae22-e26e-4d76-a9f0-c7b2c0a54edc" testId="2735212f-ff13-4b14-ad73-c122581defaa" testName="TestGetItemName_Null" computerName="DKSR-EFI-06" duration="00:00:00.0002588" startTime="2024-01-09T15:43:32.6853783+01:00" endTime="2024-01-09T15:43:32.6853783+01:00" testType="13cdc9d9-ddb5-4fa4-a97d-d965ccfc6d4b" outcome="Passed" testListId="8c84fa94-04c1-424b-9868-57a2d4851a1d" relativeResultsDirectory="d2cdae22-e26e-4d76-a9f0-c7b2c0a54edc" />
    <UnitTestResult executionId="736b35ed-e70b-43a9-b571-9c0ed3f30fac" testId="5638c06b-fc91-8fe5-3b9c-97c51bf7f5f4" testName="TestFillSourceWithHostnameUnKnownObjectHostName" computerName="DKSR-EFI-06" duration="00:00:00.0034779" startTime="2024-01-09T15:43:31.3885036+01:00" endTime="2024-01-09T15:43:31.3885036+01:00" testType="13cdc9d9-ddb5-4fa4-a97d-d965ccfc6d4b" outcome="Passed" testListId="8c84fa94-04c1-424b-9868-57a2d4851a1d" relativeResultsDirectory="736b35ed-e70b-43a9-b571-9c0ed3f30fac" />
    <UnitTestResult executionId="4003187d-36e9-4d0e-83ec-0880a888af74" testId="b862d426-c600-5c47-8f41-2977c5ca4183" testName="TestPortWithGeneralSettings" computerName="DKSR-EFI-06" duration="00:00:00.0307929" startTime="2024-01-09T15:42:54.5134503+01:00" endTime="2024-01-09T15:42:54.5446989+01:00" testType="13cdc9d9-ddb5-4fa4-a97d-d965ccfc6d4b" outcome="Passed" testListId="8c84fa94-04c1-424b-9868-57a2d4851a1d" relativeResultsDirectory="4003187d-36e9-4d0e-83ec-0880a888af74" />
    <UnitTestResult executionId="e596d579-d520-4d52-8ee1-0337f70c9215" testId="f8d7b1a7-4785-3ace-7dbc-2dbc92759bd6" testName="IconTest" computerName="DKSR-EFI-06" duration="00:00:00.0028043" startTime="2024-01-09T15:43:33.1385035+01:00" endTime="2024-01-09T15:43:33.1385035+01:00" testType="13cdc9d9-ddb5-4fa4-a97d-d965ccfc6d4b" outcome="Passed" testListId="8c84fa94-04c1-424b-9868-57a2d4851a1d" relativeResultsDirectory="e596d579-d520-4d52-8ee1-0337f70c9215" />
    <UnitTestResult executionId="332376a7-16a0-46dc-9d99-10404caaff27" testId="b2a3e303-8884-e726-1bd4-bb8bdda5ca04" testName="TestLookupAndAddHosts" computerName="DKSR-EFI-06" duration="00:00:01.1406886" startTime="2024-01-09T15:42:57.1540858+01:00" endTime="2024-01-09T15:42:58.2947121+01:00" testType="13cdc9d9-ddb5-4fa4-a97d-d965ccfc6d4b" outcome="Passed" testListId="8c84fa94-04c1-424b-9868-57a2d4851a1d" relativeResultsDirectory="332376a7-16a0-46dc-9d99-10404caaff27" />
    <UnitTestResult executionId="7c386271-ae01-4128-8c60-8c20e7b30e24" testId="fb82e5ab-b876-f3ec-f70e-ce0788714c64" testName="TestRunConfigurationNotLoadedSocketNotConnected" computerName="DKSR-EFI-06" duration="00:00:03.0109390" startTime="2024-01-09T15:43:01.7790686+01:00" endTime="2024-01-09T15:43:04.7947056+01:00" testType="13cdc9d9-ddb5-4fa4-a97d-d965ccfc6d4b" outcome="Passed" testListId="8c84fa94-04c1-424b-9868-57a2d4851a1d" relativeResultsDirectory="7c386271-ae01-4128-8c60-8c20e7b30e24" />
    <UnitTestResult executionId="2694f5f5-c718-4d90-ac36-adc853aca81e" testId="8d1e8272-2cd2-ba7e-b7f4-7e27c9fed687" testName="PropertiesTest" computerName="DKSR-EFI-06" duration="00:00:00.0007656" startTime="2024-01-09T15:43:33.1385035+01:00" endTime="2024-01-09T15:43:33.1541270+01:00" testType="13cdc9d9-ddb5-4fa4-a97d-d965ccfc6d4b" outcome="Passed" testListId="8c84fa94-04c1-424b-9868-57a2d4851a1d" relativeResultsDirectory="2694f5f5-c718-4d90-ac36-adc853aca81e" />
    <UnitTestResult executionId="5f2e31d6-f4e2-4e96-bf9f-4519539742ec" testId="2594741e-44f5-7035-b04d-9de54da44bdc" testName="TestHandleRequest_UpdateTimeAlertCreateAlarmReturnsOk" computerName="DKSR-EFI-06" duration="00:00:00.0425214" startTime="2024-01-09T15:42:58.5604876+01:00" endTime="2024-01-09T15:42:58.5915892+01:00" testType="13cdc9d9-ddb5-4fa4-a97d-d965ccfc6d4b" outcome="Passed" testListId="8c84fa94-04c1-424b-9868-57a2d4851a1d" relativeResultsDirectory="5f2e31d6-f4e2-4e96-bf9f-4519539742ec" />
    <UnitTestResult executionId="bee5e109-7350-4bc1-9172-491c45d1a75c" testId="933408fc-e0db-e224-b7f6-9701212f2028" testName="TestConstructor_Default" computerName="DKSR-EFI-06" duration="00:00:00.0003383" startTime="2024-01-09T15:43:31.9353774+01:00" endTime="2024-01-09T15:43:31.9353774+01:00" testType="13cdc9d9-ddb5-4fa4-a97d-d965ccfc6d4b" outcome="Passed" testListId="8c84fa94-04c1-424b-9868-57a2d4851a1d" relativeResultsDirectory="bee5e109-7350-4bc1-9172-491c45d1a75c" />
    <UnitTestResult executionId="9b493254-1f7a-4661-a9db-df7e488d8e3e" testId="0c6c505b-1503-5c73-545a-4fa831061f80" testName="TestInit_EnvironmentTypeService" computerName="DKSR-EFI-06" duration="00:00:00.0539957" startTime="2024-01-09T15:42:54.0290733+01:00" endTime="2024-01-09T15:42:54.0915700+01:00" testType="13cdc9d9-ddb5-4fa4-a97d-d965ccfc6d4b" outcome="Passed" testListId="8c84fa94-04c1-424b-9868-57a2d4851a1d" relativeResultsDirectory="9b493254-1f7a-4661-a9db-df7e488d8e3e" />
    <UnitTestResult executionId="1ccd4d40-fd35-4920-8840-b25b9adf8859" testId="c566cc1a-656a-1860-d810-4b5783079e77" testName="TestEventMessageNullDoc" computerName="DKSR-EFI-06" duration="00:00:00.0006685" startTime="2024-01-09T15:43:31.0916291+01:00" endTime="2024-01-09T15:43:31.0916291+01:00" testType="13cdc9d9-ddb5-4fa4-a97d-d965ccfc6d4b" outcome="Passed" testListId="8c84fa94-04c1-424b-9868-57a2d4851a1d" relativeResultsDirectory="1ccd4d40-fd35-4920-8840-b25b9adf8859" />
    <UnitTestResult executionId="aebee1f5-cfab-46b7-a364-d86ee3c2a5ee" testId="8a29bf81-9fef-9e07-210f-123e55fcfd89" testName="TestCreateAlarmWithDoc" computerName="DKSR-EFI-06" duration="00:00:00.2984667" startTime="2024-01-09T15:43:31.4510067+01:00" endTime="2024-01-09T15:43:31.7478787+01:00" testType="13cdc9d9-ddb5-4fa4-a97d-d965ccfc6d4b" outcome="Passed" testListId="8c84fa94-04c1-424b-9868-57a2d4851a1d" relativeResultsDirectory="aebee1f5-cfab-46b7-a364-d86ee3c2a5ee" />
    <UnitTestResult executionId="b0d12e94-2920-458f-bcf7-e8f5839b2753" testId="c95fbcc6-60bf-7584-ab63-e71788326f2e" testName="TestParsePortVerifyFalse" computerName="DKSR-EFI-06" duration="00:00:00.0004759" startTime="2024-01-09T15:43:33.2166288+01:00" endTime="2024-01-09T15:43:33.2166288+01:00" testType="13cdc9d9-ddb5-4fa4-a97d-d965ccfc6d4b" outcome="Passed" testListId="8c84fa94-04c1-424b-9868-57a2d4851a1d" relativeResultsDirectory="b0d12e94-2920-458f-bcf7-e8f5839b2753" />
    <UnitTestResult executionId="47c42fe6-6469-4e91-aa27-791e0f5e9d5f" testId="00302533-927c-b26b-a80c-663005d27dff" testName="TestConstructor_NullItem" computerName="DKSR-EFI-06" duration="00:00:00.0006464" startTime="2024-01-09T15:43:33.0447532+01:00" endTime="2024-01-09T15:43:33.0447532+01:00" testType="13cdc9d9-ddb5-4fa4-a97d-d965ccfc6d4b" outcome="Passed" testListId="8c84fa94-04c1-424b-9868-57a2d4851a1d" relativeResultsDirectory="47c42fe6-6469-4e91-aa27-791e0f5e9d5f" />
    <UnitTestResult executionId="07c61c2a-0249-4d4b-9e74-61a01dc57a99" testId="282a0374-5529-ce12-d28c-f984243e5e6f" testName="TestStart" computerName="DKSR-EFI-06" duration="00:00:03.1640971" startTime="2024-01-09T15:42:58.6073158+01:00" endTime="2024-01-09T15:43:01.7790686+01:00" testType="13cdc9d9-ddb5-4fa4-a97d-d965ccfc6d4b" outcome="Passed" testListId="8c84fa94-04c1-424b-9868-57a2d4851a1d" relativeResultsDirectory="07c61c2a-0249-4d4b-9e74-61a01dc57a99" />
    <UnitTestResult executionId="9e178bec-d195-4938-8701-917e80b3029c" testId="29f1dda2-2ce7-dfd2-c1cc-985082bb198b" testName="TestConstructor_Fqid" computerName="DKSR-EFI-06" duration="00:00:00.0006800" startTime="2024-01-09T15:43:31.9510047+01:00" endTime="2024-01-09T15:43:31.9510047+01:00" testType="13cdc9d9-ddb5-4fa4-a97d-d965ccfc6d4b" outcome="Passed" testListId="8c84fa94-04c1-424b-9868-57a2d4851a1d" relativeResultsDirectory="9e178bec-d195-4938-8701-917e80b3029c" />
    <UnitTestResult executionId="6f65269b-991c-496d-a0e8-2e018913f16f" testId="63223206-c9ca-75eb-91a6-c490cf9d4852" testName="TestHandleRequest_InvalidXmlFirst" computerName="DKSR-EFI-06" duration="00:00:00.0002281" startTime="2024-01-09T15:42:58.2947121+01:00" endTime="2024-01-09T15:42:58.2947121+01:00" testType="13cdc9d9-ddb5-4fa4-a97d-d965ccfc6d4b" outcome="Passed" testListId="8c84fa94-04c1-424b-9868-57a2d4851a1d" relativeResultsDirectory="6f65269b-991c-496d-a0e8-2e018913f16f" />
    <UnitTestResult executionId="e08ebe56-653c-42f3-94b7-1d43f88d2de7" testId="e196541a-5ccd-1a8b-b6d6-53755d8c6405" testName="TestFillSourceNullSettings" computerName="DKSR-EFI-06" duration="00:00:00.0009770" startTime="2024-01-09T15:43:31.1228783+01:00" endTime="2024-01-09T15:43:31.1228783+01:00" testType="13cdc9d9-ddb5-4fa4-a97d-d965ccfc6d4b" outcome="Passed" testListId="8c84fa94-04c1-424b-9868-57a2d4851a1d" relativeResultsDirectory="e08ebe56-653c-42f3-94b7-1d43f88d2de7" />
    <UnitTestResult executionId="54bc86ee-4001-4a59-90ce-aa99d3fa6f16" testId="b732fd71-b534-bedb-b721-ce634efb5754" testName="TestRunNotAuthorized" computerName="DKSR-EFI-06" duration="00:00:03.0179259" startTime="2024-01-09T15:43:07.8103451+01:00" endTime="2024-01-09T15:43:10.8416987+01:00" testType="13cdc9d9-ddb5-4fa4-a97d-d965ccfc6d4b" outcome="Passed" testListId="8c84fa94-04c1-424b-9868-57a2d4851a1d" relativeResultsDirectory="54bc86ee-4001-4a59-90ce-aa99d3fa6f16" />
    <UnitTestResult executionId="6593cb23-55dc-46c0-906e-f03ebaa39a30" testId="1297a481-9abd-22eb-92c2-48db178746b8" testName="TestClearUserControl" computerName="DKSR-EFI-06" duration="00:00:00.3718376" startTime="2024-01-09T15:43:32.1385034+01:00" endTime="2024-01-09T15:43:32.4978785+01:00" testType="13cdc9d9-ddb5-4fa4-a97d-d965ccfc6d4b" outcome="Passed" testListId="8c84fa94-04c1-424b-9868-57a2d4851a1d" relativeResultsDirectory="6593cb23-55dc-46c0-906e-f03ebaa39a30" />
    <UnitTestResult executionId="a8bc7817-beda-4647-8b0a-ec5a6bff2d86" testId="bcaa400c-0478-ab73-d586-3d87bc50dd81" testName="TestFillSourceWithSourceNameUnKnownObject" computerName="DKSR-EFI-06" duration="00:00:00.0082831" startTime="2024-01-09T15:43:31.7947521+01:00" endTime="2024-01-09T15:43:31.8103809+01:00" testType="13cdc9d9-ddb5-4fa4-a97d-d965ccfc6d4b" outcome="Passed" testListId="8c84fa94-04c1-424b-9868-57a2d4851a1d" relativeResultsDirectory="a8bc7817-beda-4647-8b0a-ec5a6bff2d86" />
    <UnitTestResult executionId="b1177242-66e3-4977-a009-59c7c26d2808" testId="0cb0f32d-d4ea-feeb-540c-a349a62ff73c" testName="TestConstructor_Item" computerName="DKSR-EFI-06" duration="00:00:00.0003111" startTime="2024-01-09T15:43:31.9510047+01:00" endTime="2024-01-09T15:43:31.9510047+01:00" testType="13cdc9d9-ddb5-4fa4-a97d-d965ccfc6d4b" outcome="Passed" testListId="8c84fa94-04c1-424b-9868-57a2d4851a1d" relativeResultsDirectory="b1177242-66e3-4977-a009-59c7c26d2808" />
    <UnitTestResult executionId="87b3f54f-40a1-4656-8cc9-9b72f54c0063" testId="26a8eab7-f707-d623-7dae-cdddc206df2a" testName="TestReleaseUserControl_Null" computerName="DKSR-EFI-06" duration="00:00:00.0003089" startTime="2024-01-09T15:43:32.1228792+01:00" endTime="2024-01-09T15:43:32.1228792+01:00" testType="13cdc9d9-ddb5-4fa4-a97d-d965ccfc6d4b" outcome="Passed" testListId="8c84fa94-04c1-424b-9868-57a2d4851a1d" relativeResultsDirectory="87b3f54f-40a1-4656-8cc9-9b72f54c0063" />
    <UnitTestResult executionId="02ce91fa-2438-423d-9bfd-5d8b9f240515" testId="fc879903-f736-1678-7270-b0ed29e81854" testName="TestGetHostId" computerName="DKSR-EFI-06" duration="00:00:00.0027376" startTime="2024-01-09T15:43:31.9353774+01:00" endTime="2024-01-09T15:43:31.9353774+01:00" testType="13cdc9d9-ddb5-4fa4-a97d-d965ccfc6d4b" outcome="Passed" testListId="8c84fa94-04c1-424b-9868-57a2d4851a1d" relativeResultsDirectory="02ce91fa-2438-423d-9bfd-5d8b9f240515" />
    <UnitTestResult executionId="782228e3-3f2b-43cf-b2b1-6f684e678be0" testId="4d4a5230-156e-d429-5e7e-49883d2c29f2" testName="TestGetKnownEventTypes" computerName="DKSR-EFI-06" duration="00:00:00.0065030" startTime="2024-01-09T15:43:32.7635037+01:00" endTime="2024-01-09T15:43:32.7635037+01:00" testType="13cdc9d9-ddb5-4fa4-a97d-d965ccfc6d4b" outcome="Passed" testListId="8c84fa94-04c1-424b-9868-57a2d4851a1d" relativeResultsDirectory="782228e3-3f2b-43cf-b2b1-6f684e678be0" />
    <UnitTestResult executionId="03323d64-7515-4258-b0ba-51d937566d0c" testId="1dddb1a4-febd-fefd-93eb-1bc509392e46" testName="TestIsAuthorized_SecurityDisabled" computerName="DKSR-EFI-06" duration="00:00:00.0015491" startTime="2024-01-09T15:42:57.1384589+01:00" endTime="2024-01-09T15:42:57.1384589+01:00" testType="13cdc9d9-ddb5-4fa4-a97d-d965ccfc6d4b" outcome="Passed" testListId="8c84fa94-04c1-424b-9868-57a2d4851a1d" relativeResultsDirectory="03323d64-7515-4258-b0ba-51d937566d0c" />
    <UnitTestResult executionId="ae0f14de-78f4-4bd0-8e22-fca278b47721" testId="fd502182-599f-e866-86f4-980d05169f5e" testName="TestConstruction" computerName="DKSR-EFI-06" duration="00:00:00.0006280" startTime="2024-01-09T15:42:58.2947121+01:00" endTime="2024-01-09T15:42:58.2947121+01:00" testType="13cdc9d9-ddb5-4fa4-a97d-d965ccfc6d4b" outcome="Passed" testListId="8c84fa94-04c1-424b-9868-57a2d4851a1d" relativeResultsDirectory="ae0f14de-78f4-4bd0-8e22-fca278b47721" />
    <UnitTestResult executionId="4bbb6cc4-ee06-485f-845c-82f921b298b7" testId="cd3490dd-e583-4a73-4a21-89dcff98c7f0" testName="TestSetGetPropertyStringList" computerName="DKSR-EFI-06" duration="00:00:00.0008757" startTime="2024-01-09T15:43:33.1072549+01:00" endTime="2024-01-09T15:43:33.1072549+01:00" testType="13cdc9d9-ddb5-4fa4-a97d-d965ccfc6d4b" outcome="Passed" testListId="8c84fa94-04c1-424b-9868-57a2d4851a1d" relativeResultsDirectory="4bbb6cc4-ee06-485f-845c-82f921b298b7" />
    <UnitTestResult executionId="d03f965b-f082-4f89-9d65-f02c7397acaa" testId="63eb29b2-a20a-4e3c-ee32-fac315e3f3da" testName="TestName_EnvironmentNull" computerName="DKSR-EFI-06" duration="00:00:00.0002415" startTime="2024-01-09T15:43:33.0447532+01:00" endTime="2024-01-09T15:43:33.0447532+01:00" testType="13cdc9d9-ddb5-4fa4-a97d-d965ccfc6d4b" outcome="Passed" testListId="8c84fa94-04c1-424b-9868-57a2d4851a1d" relativeResultsDirectory="d03f965b-f082-4f89-9d65-f02c7397acaa" />
    <UnitTestResult executionId="b68877bb-4e5c-4d7a-bb18-18c93af88e7e" testId="4ecd30a4-7c75-aab4-a14e-72f24f4d1e8c" testName="TestUpdateGeneralSettings_WithNullHostLists" computerName="DKSR-EFI-06" duration="00:00:00.0872082" startTime="2024-01-09T15:42:54.5603245+01:00" endTime="2024-01-09T15:42:54.6384528+01:00" testType="13cdc9d9-ddb5-4fa4-a97d-d965ccfc6d4b" outcome="Passed" testListId="8c84fa94-04c1-424b-9868-57a2d4851a1d" relativeResultsDirectory="b68877bb-4e5c-4d7a-bb18-18c93af88e7e" />
    <UnitTestResult executionId="bcb86ed6-be72-4426-a704-5f1651e2d743" testId="e79c1d31-afdf-0db0-a7ad-68a989a60397" testName="TestUpdateEventDefinitions_WithNullEventDefinitions" computerName="DKSR-EFI-06" duration="00:00:00.0652027" startTime="2024-01-09T15:42:55.8415793+01:00" endTime="2024-01-09T15:42:55.9197048+01:00" testType="13cdc9d9-ddb5-4fa4-a97d-d965ccfc6d4b" outcome="Passed" testListId="8c84fa94-04c1-424b-9868-57a2d4851a1d" relativeResultsDirectory="bcb86ed6-be72-4426-a704-5f1651e2d743" />
    <UnitTestResult executionId="469792b4-e7db-4028-9f50-18b0e1ec866c" testId="f2e13be8-d902-bf66-5ea2-e31071348282" testName="TestClose" computerName="DKSR-EFI-06" duration="00:00:00.0015694" startTime="2024-01-09T15:43:31.8572523+01:00" endTime="2024-01-09T15:43:31.8572523+01:00" testType="13cdc9d9-ddb5-4fa4-a97d-d965ccfc6d4b" outcome="Passed" testListId="8c84fa94-04c1-424b-9868-57a2d4851a1d" relativeResultsDirectory="469792b4-e7db-4028-9f50-18b0e1ec866c" />
    <UnitTestResult executionId="83d88510-66ed-401f-a2d6-e244bdae08bc" testId="a0d1db26-e58f-71ad-41ec-a68bf89707fd" testName="TestName_EnvironmentTypeAdministration" computerName="DKSR-EFI-06" duration="00:00:00.0091966" startTime="2024-01-09T15:43:31.9510047+01:00" endTime="2024-01-09T15:43:31.9666269+01:00" testType="13cdc9d9-ddb5-4fa4-a97d-d965ccfc6d4b" outcome="Passed" testListId="8c84fa94-04c1-424b-9868-57a2d4851a1d" relativeResultsDirectory="83d88510-66ed-401f-a2d6-e244bdae08bc" />
    <UnitTestResult executionId="40a21040-1c11-470b-b7ee-02e45a75d003" testId="877067fa-965d-533c-ea7b-ad7f20848732" testName="TestGetFilter" computerName="DKSR-EFI-06" duration="00:00:00.0033528" startTime="2024-01-09T15:42:57.0759587+01:00" endTime="2024-01-09T15:42:57.0915821+01:00" testType="13cdc9d9-ddb5-4fa4-a97d-d965ccfc6d4b" outcome="Passed" testListId="8c84fa94-04c1-424b-9868-57a2d4851a1d" relativeResultsDirectory="40a21040-1c11-470b-b7ee-02e45a75d003" />
    <UnitTestResult executionId="c2c02ae5-577e-41c8-a5c6-6a8ba34a9dc7" testId="83e33f49-3839-a8bb-cf05-b2992017da73" testName="TestFillSourceWithHostnameUnKnownObjectIp" computerName="DKSR-EFI-06" duration="00:00:00.0027879" startTime="2024-01-09T15:43:31.3728805+01:00" endTime="2024-01-09T15:43:31.3885036+01:00" testType="13cdc9d9-ddb5-4fa4-a97d-d965ccfc6d4b" outcome="Passed" testListId="8c84fa94-04c1-424b-9868-57a2d4851a1d" relativeResultsDirectory="c2c02ae5-577e-41c8-a5c6-6a8ba34a9dc7" />
    <UnitTestResult executionId="1e5380ff-8b7c-46de-8f1d-a1b5af013edb" testId="6f57a0ef-f3b0-892d-c2da-07b42eeff451" testName="TestConstruction" computerName="DKSR-EFI-06" duration="00:00:00.0441490" startTime="2024-01-09T15:42:54.3728231+01:00" endTime="2024-01-09T15:42:54.4197000+01:00" testType="13cdc9d9-ddb5-4fa4-a97d-d965ccfc6d4b" outcome="Passed" testListId="8c84fa94-04c1-424b-9868-57a2d4851a1d" relativeResultsDirectory="1e5380ff-8b7c-46de-8f1d-a1b5af013edb" />
    <UnitTestResult executionId="709ca01b-cc1c-4f93-96b8-92cfdc30c02c" testId="6818ef04-62f8-9bf9-56c2-d4576a55c1c5" testName="TestTargetEnvironments" computerName="DKSR-EFI-06" duration="00:00:00.0022424" startTime="2024-01-09T15:43:31.8728792+01:00" endTime="2024-01-09T15:43:31.8728792+01:00" testType="13cdc9d9-ddb5-4fa4-a97d-d965ccfc6d4b" outcome="Passed" testListId="8c84fa94-04c1-424b-9868-57a2d4851a1d" relativeResultsDirectory="709ca01b-cc1c-4f93-96b8-92cfdc30c02c" />
    <UnitTestResult executionId="c575fa78-6cb2-47f5-839f-a7d9975391cf" testId="3cc755fb-5a66-6257-0e18-9696b64dfe93" testName="TestServiceEnabled" computerName="DKSR-EFI-06" duration="00:00:00.0007172" startTime="2024-01-09T15:43:33.0603804+01:00" endTime="2024-01-09T15:43:33.0603804+01:00" testType="13cdc9d9-ddb5-4fa4-a97d-d965ccfc6d4b" outcome="Passed" testListId="8c84fa94-04c1-424b-9868-57a2d4851a1d" relativeResultsDirectory="c575fa78-6cb2-47f5-839f-a7d9975391cf" />
    <UnitTestResult executionId="b67bde49-3d28-4e63-825e-95d894c309de" testId="b52aa5c9-a2c8-d057-06e9-51544488ee66" testName="TestName" computerName="DKSR-EFI-06" duration="00:00:00.0002349" startTime="2024-01-09T15:43:31.8572523+01:00" endTime="2024-01-09T15:43:31.8572523+01:00" testType="13cdc9d9-ddb5-4fa4-a97d-d965ccfc6d4b" outcome="Passed" testListId="8c84fa94-04c1-424b-9868-57a2d4851a1d" relativeResultsDirectory="b67bde49-3d28-4e63-825e-95d894c309de" />
    <UnitTestResult executionId="b7e765c1-313b-430b-b3d3-33340164d201" testId="6523653e-e1f7-ec96-0b0e-f3f5fe1cf2cb" testName="HasChildrenTest" computerName="DKSR-EFI-06" duration="00:00:00.0062210" startTime="2024-01-09T15:43:33.1228792+01:00" endTime="2024-01-09T15:43:33.1228792+01:00" testType="13cdc9d9-ddb5-4fa4-a97d-d965ccfc6d4b" outcome="Passed" testListId="8c84fa94-04c1-424b-9868-57a2d4851a1d" relativeResultsDirectory="b7e765c1-313b-430b-b3d3-33340164d201" />
    <UnitTestResult executionId="ff506771-11e5-4341-ade9-0f0ffb1d73ad" testId="79f5dd3b-4ff2-5353-fcf8-69dee4b859a7" testName="TestAddItem_CurrentItemNull" computerName="DKSR-EFI-06" duration="00:00:00.0032343" startTime="2024-01-09T15:43:32.7322553+01:00" endTime="2024-01-09T15:43:32.7322553+01:00" testType="13cdc9d9-ddb5-4fa4-a97d-d965ccfc6d4b" outcome="Passed" testListId="8c84fa94-04c1-424b-9868-57a2d4851a1d" relativeResultsDirectory="ff506771-11e5-4341-ade9-0f0ffb1d73ad" />
    <UnitTestResult executionId="c257ffca-296b-4b1f-bf50-8d2fbdfc462b" testId="25d1efdb-35a3-79e5-ae72-87e7e8e2202e" testName="TestFillSourceWithObjectIdReturnItem" computerName="DKSR-EFI-06" duration="00:00:00.0035029" startTime="2024-01-09T15:43:31.7635035+01:00" endTime="2024-01-09T15:43:31.7791285+01:00" testType="13cdc9d9-ddb5-4fa4-a97d-d965ccfc6d4b" outcome="Passed" testListId="8c84fa94-04c1-424b-9868-57a2d4851a1d" relativeResultsDirectory="c257ffca-296b-4b1f-bf50-8d2fbdfc462b" />
    <UnitTestResult executionId="b7bdc13b-202e-42be-a685-41c5e69a787b" testId="a7859604-ea04-7f95-d870-edfc83710f38" testName="TestSetGetPropertyStringNull" computerName="DKSR-EFI-06" duration="00:00:00.0006858" startTime="2024-01-09T15:43:33.0916286+01:00" endTime="2024-01-09T15:43:33.0916286+01:00" testType="13cdc9d9-ddb5-4fa4-a97d-d965ccfc6d4b" outcome="Passed" testListId="8c84fa94-04c1-424b-9868-57a2d4851a1d" relativeResultsDirectory="b7bdc13b-202e-42be-a685-41c5e69a787b" />
    <UnitTestResult executionId="4b2f7275-3c34-4a17-a758-a399dcc076a2" testId="bd54e1d8-be83-335d-1d3f-41d8659fc395" testName="TestHandleRequest_ValidXmlAlertReturnsAlarm" computerName="DKSR-EFI-06" duration="00:00:00.0102574" startTime="2024-01-09T15:42:58.4040868+01:00" endTime="2024-01-09T15:42:58.4197113+01:00" testType="13cdc9d9-ddb5-4fa4-a97d-d965ccfc6d4b" outcome="Passed" testListId="8c84fa94-04c1-424b-9868-57a2d4851a1d" relativeResultsDirectory="4b2f7275-3c34-4a17-a758-a399dcc076a2" />
    <UnitTestResult executionId="0312c106-483a-4891-9799-98f4bdd97812" testId="531745fb-1036-cd42-4937-8988531bfd55" testName="NameTest" computerName="DKSR-EFI-06" duration="00:00:00.0007441" startTime="2024-01-09T15:43:33.1385035+01:00" endTime="2024-01-09T15:43:33.1385035+01:00" testType="13cdc9d9-ddb5-4fa4-a97d-d965ccfc6d4b" outcome="Passed" testListId="8c84fa94-04c1-424b-9868-57a2d4851a1d" relativeResultsDirectory="0312c106-483a-4891-9799-98f4bdd97812" />
    <UnitTestResult executionId="29d7518f-dc49-40d4-a050-91feb4faff3b" testId="9c58c50f-7907-40f9-144e-464220f53b8f" testName="TestGenerateUserControl" computerName="DKSR-EFI-06" duration="00:00:00.2494188" startTime="2024-01-09T15:42:54.1228227+01:00" endTime="2024-01-09T15:42:54.3728231+01:00" testType="13cdc9d9-ddb5-4fa4-a97d-d965ccfc6d4b" outcome="Passed" testListId="8c84fa94-04c1-424b-9868-57a2d4851a1d" relativeResultsDirectory="29d7518f-dc49-40d4-a050-91feb4faff3b" />
    <UnitTestResult executionId="5a49efb9-48d2-4b7f-8d67-29307cc8d453" testId="38413246-5ad1-3549-ea9f-b7c6d2069358" testName="TestClearItemCache" computerName="DKSR-EFI-06" duration="00:00:00.0006158" startTime="2024-01-09T15:43:32.7478790+01:00" endTime="2024-01-09T15:43:32.7478790+01:00" testType="13cdc9d9-ddb5-4fa4-a97d-d965ccfc6d4b" outcome="Passed" testListId="8c84fa94-04c1-424b-9868-57a2d4851a1d" relativeResultsDirectory="5a49efb9-48d2-4b7f-8d67-29307cc8d453" />
    <UnitTestResult executionId="f19f95bc-1035-48a1-9975-a45f44e021e9" testId="ed499e1b-c474-96f6-0d03-6d7bc038a3ef" testName="SetChildrenTest" computerName="DKSR-EFI-06" duration="00:00:00.0025283" startTime="2024-01-09T15:43:33.1541270+01:00" endTime="2024-01-09T15:43:33.1541270+01:00" testType="13cdc9d9-ddb5-4fa4-a97d-d965ccfc6d4b" outcome="Passed" testListId="8c84fa94-04c1-424b-9868-57a2d4851a1d" relativeResultsDirectory="f19f95bc-1035-48a1-9975-a45f44e021e9" />
    <UnitTestResult executionId="c468d6d9-a7b0-425d-96c4-05bd4ee6c666" testId="c5401e31-592e-1ba8-aba9-0d1fd119b7e1" testName="TestAnalyticsEvent" computerName="DKSR-EFI-06" duration="00:00:00.0005556" startTime="2024-01-09T15:43:31.1072552+01:00" endTime="2024-01-09T15:43:31.1072552+01:00" testType="13cdc9d9-ddb5-4fa4-a97d-d965ccfc6d4b" outcome="Passed" testListId="8c84fa94-04c1-424b-9868-57a2d4851a1d" relativeResultsDirectory="c468d6d9-a7b0-425d-96c4-05bd4ee6c666" />
    <UnitTestResult executionId="ed947263-4fd4-44a3-a941-eb57f25a7b7c" testId="5bb918da-47e7-5c1a-e3d8-ff16da5a0e69" testName="GetRelatedTest" computerName="DKSR-EFI-06" duration="00:00:00.0019666" startTime="2024-01-09T15:43:33.1697545+01:00" endTime="2024-01-09T15:43:33.1697545+01:00" testType="13cdc9d9-ddb5-4fa4-a97d-d965ccfc6d4b" outcome="Passed" testListId="8c84fa94-04c1-424b-9868-57a2d4851a1d" relativeResultsDirectory="ed947263-4fd4-44a3-a941-eb57f25a7b7c" />
    <UnitTestResult executionId="0da0b639-96c2-41f6-8193-5878c356d552" testId="b0c0e2e8-4bec-9bb6-fe19-dbcc272a20c0" testName="FQIDTest" computerName="DKSR-EFI-06" duration="00:00:00.0007981" startTime="2024-01-09T15:43:33.1072549+01:00" endTime="2024-01-09T15:43:33.1072549+01:00" testType="13cdc9d9-ddb5-4fa4-a97d-d965ccfc6d4b" outcome="Passed" testListId="8c84fa94-04c1-424b-9868-57a2d4851a1d" relativeResultsDirectory="0da0b639-96c2-41f6-8193-5878c356d552" />
    <UnitTestResult executionId="76a832da-629e-4609-b772-60f248ac8c3b" testId="c9fd1afa-e000-bceb-dcf6-c6bea7b48fed" testName="TestHandleRequest_ValidXmlAlertEmptyEventMessage" computerName="DKSR-EFI-06" duration="00:00:00.0033167" startTime="2024-01-09T15:42:58.4197113+01:00" endTime="2024-01-09T15:42:58.4353373+01:00" testType="13cdc9d9-ddb5-4fa4-a97d-d965ccfc6d4b" outcome="Passed" testListId="8c84fa94-04c1-424b-9868-57a2d4851a1d" relativeResultsDirectory="76a832da-629e-4609-b772-60f248ac8c3b" />
    <UnitTestResult executionId="d90d4ac7-cc3b-47db-ac68-94aee878d4cb" testId="2b84a2cd-763f-f900-99a9-5fdc0db16d50" testName="TestConfiguration" computerName="DKSR-EFI-06" duration="00:00:00.0003506" startTime="2024-01-09T15:43:31.4197528+01:00" endTime="2024-01-09T15:43:31.4197528+01:00" testType="13cdc9d9-ddb5-4fa4-a97d-d965ccfc6d4b" outcome="Passed" testListId="8c84fa94-04c1-424b-9868-57a2d4851a1d" relativeResultsDirectory="d90d4ac7-cc3b-47db-ac68-94aee878d4cb" />
    <UnitTestResult executionId="c9e25935-7e21-4a5b-afa3-c03eb057f346" testId="28842cb7-88ff-c6f7-6139-0d4e33aac9e3" testName="TestEventDefinitionInfoLoaded" computerName="DKSR-EFI-06" duration="00:00:00.0079251" startTime="2024-01-09T15:42:54.4197000+01:00" endTime="2024-01-09T15:42:54.4353251+01:00" testType="13cdc9d9-ddb5-4fa4-a97d-d965ccfc6d4b" outcome="Passed" testListId="8c84fa94-04c1-424b-9868-57a2d4851a1d" relativeResultsDirectory="c9e25935-7e21-4a5b-afa3-c03eb057f346" />
    <UnitTestResult executionId="1e520c19-a687-4916-abb1-a01a4cf619dd" testId="1da33fd1-0d34-076c-43d9-5cd0bf955642" testName="TestEventMessageEmptyDoc" computerName="DKSR-EFI-06" duration="00:00:00.0006714" startTime="2024-01-09T15:43:31.0916291+01:00" endTime="2024-01-09T15:43:31.0916291+01:00" testType="13cdc9d9-ddb5-4fa4-a97d-d965ccfc6d4b" outcome="Passed" testListId="8c84fa94-04c1-424b-9868-57a2d4851a1d" relativeResultsDirectory="1e520c19-a687-4916-abb1-a01a4cf619dd" />
    <UnitTestResult executionId="510b32ea-c4bf-4400-9ec2-e34779731fb2" testId="16f9b650-9451-5818-79e2-4aeec5ecbcb9" testName="TestImportIpListFile" computerName="DKSR-EFI-06" duration="00:00:00.0306086" startTime="2024-01-09T15:43:32.9978782+01:00" endTime="2024-01-09T15:43:33.0291298+01:00" testType="13cdc9d9-ddb5-4fa4-a97d-d965ccfc6d4b" outcome="Passed" testListId="8c84fa94-04c1-424b-9868-57a2d4851a1d" relativeResultsDirectory="510b32ea-c4bf-4400-9ec2-e34779731fb2" />
    <UnitTestResult executionId="e54228d0-0f07-448c-bd11-bf1f120de801" testId="c639412f-a0bd-529f-42ba-db88d5ddb219" testName="TestValidateAndSaveUserControl_False" computerName="DKSR-EFI-06" duration="00:00:00.0053194" startTime="2024-01-09T15:43:32.6697546+01:00" endTime="2024-01-09T15:43:32.6697546+01:00" testType="13cdc9d9-ddb5-4fa4-a97d-d965ccfc6d4b" outcome="Passed" testListId="8c84fa94-04c1-424b-9868-57a2d4851a1d" relativeResultsDirectory="e54228d0-0f07-448c-bd11-bf1f120de801" />
    <UnitTestResult executionId="4b3a35fd-7047-4519-b4dd-f9bf6826e47f" testId="f7fbee19-d8be-dc7f-b5a7-a6fe13663b85" testName="AuthorizationTest" computerName="DKSR-EFI-06" duration="00:00:00.0013805" startTime="2024-01-09T15:43:33.1072549+01:00" endTime="2024-01-09T15:43:33.1072549+01:00" testType="13cdc9d9-ddb5-4fa4-a97d-d965ccfc6d4b" outcome="Passed" testListId="8c84fa94-04c1-424b-9868-57a2d4851a1d" relativeResultsDirectory="4b3a35fd-7047-4519-b4dd-f9bf6826e47f" />
    <UnitTestResult executionId="9e51ce8c-3610-417d-a192-87c783f1692b" testId="30ec32a1-7325-a21c-c877-feeaff272be5" testName="TestFillSourceWithNoHostname" computerName="DKSR-EFI-06" duration="00:00:00.0177828" startTime="2024-01-09T15:43:31.2947534+01:00" endTime="2024-01-09T15:43:31.3260046+01:00" testType="13cdc9d9-ddb5-4fa4-a97d-d965ccfc6d4b" outcome="Passed" testListId="8c84fa94-04c1-424b-9868-57a2d4851a1d" relativeResultsDirectory="9e51ce8c-3610-417d-a192-87c783f1692b" />
    <UnitTestResult executionId="df67de21-7d04-4a60-8f16-fdd2254199f1" testId="a2183f2a-4982-f34a-fce3-120e25cf99f3" testName="TestFillSourceWithObjectIdReturnItem" computerName="DKSR-EFI-06" duration="00:00:00.0524776" startTime="2024-01-09T15:43:31.2478782+01:00" endTime="2024-01-09T15:43:31.2947534+01:00" testType="13cdc9d9-ddb5-4fa4-a97d-d965ccfc6d4b" outcome="Passed" testListId="8c84fa94-04c1-424b-9868-57a2d4851a1d" relativeResultsDirectory="df67de21-7d04-4a60-8f16-fdd2254199f1" />
    <UnitTestResult executionId="6e1f4c4f-be24-47c0-932c-f0cb278014d2" testId="68a8cd2d-36bf-4bca-0c56-40dace703178" testName="TestEventMessageWithMessage" computerName="DKSR-EFI-06" duration="00:00:00.0004977" startTime="2024-01-09T15:43:31.4353794+01:00" endTime="2024-01-09T15:43:31.4353794+01:00" testType="13cdc9d9-ddb5-4fa4-a97d-d965ccfc6d4b" outcome="Passed" testListId="8c84fa94-04c1-424b-9868-57a2d4851a1d" relativeResultsDirectory="6e1f4c4f-be24-47c0-932c-f0cb278014d2" />
    <UnitTestResult executionId="6e52d0d6-91c5-4004-8d69-caa383452d5e" testId="4ed3a2f1-0624-7989-5ea0-238e5318bc3b" testName="TestSetGetPropertyInt" computerName="DKSR-EFI-06" duration="00:00:00.0006801" startTime="2024-01-09T15:43:33.0916286+01:00" endTime="2024-01-09T15:43:33.0916286+01:00" testType="13cdc9d9-ddb5-4fa4-a97d-d965ccfc6d4b" outcome="Passed" testListId="8c84fa94-04c1-424b-9868-57a2d4851a1d" relativeResultsDirectory="6e52d0d6-91c5-4004-8d69-caa383452d5e" />
    <UnitTestResult executionId="00abe88b-f675-4ad7-9e8b-3e9cb37a468c" testId="5b6e1893-dff2-dc10-8ea6-8a16a6b9c356" testName="TestRunAlertDataTestAllResult" computerName="DKSR-EFI-06" duration="00:00:09.1527436" startTime="2024-01-09T15:43:21.9197502+01:00" endTime="2024-01-09T15:43:31.0760036+01:00" testType="13cdc9d9-ddb5-4fa4-a97d-d965ccfc6d4b" outcome="Passed" testListId="8c84fa94-04c1-424b-9868-57a2d4851a1d" relativeResultsDirectory="00abe88b-f675-4ad7-9e8b-3e9cb37a468c" />
    <UnitTestResult executionId="d6568145-7aa0-4b69-bb0e-3be023ce68bc" testId="8da37076-29a6-9454-f54e-2dd1707442fd" testName="TestFillSourceWithSourceNameUnKnownObjectHostNameLookupValidItem" computerName="DKSR-EFI-06" duration="00:00:00.0063656" startTime="2024-01-09T15:43:31.8260041+01:00" endTime="2024-01-09T15:43:31.8260041+01:00" testType="13cdc9d9-ddb5-4fa4-a97d-d965ccfc6d4b" outcome="Passed" testListId="8c84fa94-04c1-424b-9868-57a2d4851a1d" relativeResultsDirectory="d6568145-7aa0-4b69-bb0e-3be023ce68bc" />
    <UnitTestResult executionId="5c2eb8bf-e4a2-4550-b709-aa8739209efb" testId="13bbd6c2-acb6-84fc-9250-7e899c4cba05" testName="TestConfiguration" computerName="DKSR-EFI-06" duration="00:00:00.0005057" startTime="2024-01-09T15:43:31.0916291+01:00" endTime="2024-01-09T15:43:31.0916291+01:00" testType="13cdc9d9-ddb5-4fa4-a97d-d965ccfc6d4b" outcome="Passed" testListId="8c84fa94-04c1-424b-9868-57a2d4851a1d" relativeResultsDirectory="5c2eb8bf-e4a2-4550-b709-aa8739209efb" />
    <UnitTestResult executionId="ff021aa8-9e7d-4a7d-b90f-796863aed8fc" testId="50625ba9-518b-406d-4a76-a7b2a89ccf69" testName="TestCreateAlarmNullDoc" computerName="DKSR-EFI-06" duration="00:00:00.0002294" startTime="2024-01-09T15:43:31.1072552+01:00" endTime="2024-01-09T15:43:31.1072552+01:00" testType="13cdc9d9-ddb5-4fa4-a97d-d965ccfc6d4b" outcome="Passed" testListId="8c84fa94-04c1-424b-9868-57a2d4851a1d" relativeResultsDirectory="ff021aa8-9e7d-4a7d-b90f-796863aed8fc" />
    <UnitTestResult executionId="97a8548e-c8f7-4ad8-bb80-4424bbe37116" testId="5f27c56a-2336-ecc1-a299-39c7c2f53714" testName="TestHandleRequest_ValidXmlAlertCreateAlarmReturnsNotOk" computerName="DKSR-EFI-06" duration="00:00:00.0608455" startTime="2024-01-09T15:42:58.3415892+01:00" endTime="2024-01-09T15:42:58.3884618+01:00" testType="13cdc9d9-ddb5-4fa4-a97d-d965ccfc6d4b" outcome="Passed" testListId="8c84fa94-04c1-424b-9868-57a2d4851a1d" relativeResultsDirectory="97a8548e-c8f7-4ad8-bb80-4424bbe37116" />
    <UnitTestResult executionId="ec7f41a9-73ea-407c-8fbf-2bb489151dd7" testId="af2e23bf-6f85-e762-5c4f-1066523a98e3" testName="TestCreateAlarmWithDocAlarm" computerName="DKSR-EFI-06" duration="00:00:00.0007161" startTime="2024-01-09T15:43:31.1072552+01:00" endTime="2024-01-09T15:43:31.1072552+01:00" testType="13cdc9d9-ddb5-4fa4-a97d-d965ccfc6d4b" outcome="Passed" testListId="8c84fa94-04c1-424b-9868-57a2d4851a1d" relativeResultsDirectory="ec7f41a9-73ea-407c-8fbf-2bb489151dd7" />
    <UnitTestResult executionId="9b546717-70cb-42e0-be62-f15a52859a1c" testId="08b1e8de-fe51-fd69-facc-4b295119de73" testName="TestRunAlertData" computerName="DKSR-EFI-06" duration="00:00:03.0268871" startTime="2024-01-09T15:43:18.8884966+01:00" endTime="2024-01-09T15:43:21.9197502+01:00" testType="13cdc9d9-ddb5-4fa4-a97d-d965ccfc6d4b" outcome="Passed" testListId="8c84fa94-04c1-424b-9868-57a2d4851a1d" relativeResultsDirectory="9b546717-70cb-42e0-be62-f15a52859a1c" />
    <UnitTestResult executionId="1a04a6dc-72ec-458a-ba97-63cd03ef1010" testId="ecd23704-7e34-1aa5-e5f4-6bf6498c5500" testName="TestSetGetPropertyString" computerName="DKSR-EFI-06" duration="00:00:00.0017186" startTime="2024-01-09T15:43:33.0916286+01:00" endTime="2024-01-09T15:43:33.0916286+01:00" testType="13cdc9d9-ddb5-4fa4-a97d-d965ccfc6d4b" outcome="Passed" testListId="8c84fa94-04c1-424b-9868-57a2d4851a1d" relativeResultsDirectory="1a04a6dc-72ec-458a-ba97-63cd03ef1010" />
    <UnitTestResult executionId="97b018b8-b335-4b0a-b2d0-9b6efff5a046" testId="5c9512e9-34bb-2740-f2ec-b4e42cf1ae80" testName="TestHandleRequest_EmptyXmlDocument" computerName="DKSR-EFI-06" duration="00:00:00.0066869" startTime="2024-01-09T15:42:58.3103369+01:00" endTime="2024-01-09T15:42:58.3259630+01:00" testType="13cdc9d9-ddb5-4fa4-a97d-d965ccfc6d4b" outcome="Passed" testListId="8c84fa94-04c1-424b-9868-57a2d4851a1d" relativeResultsDirectory="97b018b8-b335-4b0a-b2d0-9b6efff5a046" />
    <UnitTestResult executionId="d9e164db-3476-470d-b58e-3028164f680f" testId="0682fd04-8c4e-05bb-dafd-b9741ee85bd2" testName="TestGetItems_ConfigNull" computerName="DKSR-EFI-06" duration="00:00:00.0017141" startTime="2024-01-09T15:43:32.7478790+01:00" endTime="2024-01-09T15:43:32.7478790+01:00" testType="13cdc9d9-ddb5-4fa4-a97d-d965ccfc6d4b" outcome="Passed" testListId="8c84fa94-04c1-424b-9868-57a2d4851a1d" relativeResultsDirectory="d9e164db-3476-470d-b58e-3028164f680f" />
    <UnitTestResult executionId="67d02977-037e-471c-ab8e-0aef36d892c9" testId="dc5f1244-37a4-bde8-4e08-777c2a45fb49" testName="TestEventMessageWithNoMessage" computerName="DKSR-EFI-06" duration="00:00:00.0007821" startTime="2024-01-09T15:43:31.4353794+01:00" endTime="2024-01-09T15:43:31.4353794+01:00" testType="13cdc9d9-ddb5-4fa4-a97d-d965ccfc6d4b" outcome="Passed" testListId="8c84fa94-04c1-424b-9868-57a2d4851a1d" relativeResultsDirectory="67d02977-037e-471c-ab8e-0aef36d892c9" />
    <UnitTestResult executionId="7044375b-e163-4573-8695-b28d145e133f" testId="17db969d-d87f-c30b-99c3-955b87ea9c30" testName="TestConstruction" computerName="DKSR-EFI-06" duration="00:00:00.0030920" startTime="2024-01-09T15:42:58.6073158+01:00" endTime="2024-01-09T15:42:58.6073158+01:00" testType="13cdc9d9-ddb5-4fa4-a97d-d965ccfc6d4b" outcome="Passed" testListId="8c84fa94-04c1-424b-9868-57a2d4851a1d" relativeResultsDirectory="7044375b-e163-4573-8695-b28d145e133f" />
    <UnitTestResult executionId="f88bf8fe-6859-4628-9732-a21533774b64" testId="4549307d-5f6e-9ca5-5eaa-26f0964dc3ad" testName="TestConstruction" computerName="DKSR-EFI-06" duration="00:00:00.0001655" startTime="2024-01-09T15:43:31.8728792+01:00" endTime="2024-01-09T15:43:31.8728792+01:00" testType="13cdc9d9-ddb5-4fa4-a97d-d965ccfc6d4b" outcome="Passed" testListId="8c84fa94-04c1-424b-9868-57a2d4851a1d" relativeResultsDirectory="f88bf8fe-6859-4628-9732-a21533774b64" />
    <UnitTestResult executionId="3de22b18-dd87-4cb9-b7a4-c0dc3f6a4438" testId="d3bfeaeb-1a3b-43da-24c5-e9eba90b4a46" testName="TestFillSourceWithHostnameBadNamespace" computerName="DKSR-EFI-06" duration="00:00:00.0010788" startTime="2024-01-09T15:43:31.2947534+01:00" endTime="2024-01-09T15:43:31.2947534+01:00" testType="13cdc9d9-ddb5-4fa4-a97d-d965ccfc6d4b" outcome="Passed" testListId="8c84fa94-04c1-424b-9868-57a2d4851a1d" relativeResultsDirectory="3de22b18-dd87-4cb9-b7a4-c0dc3f6a4438" />
    <UnitTestResult executionId="e9643d03-974c-46ba-a732-99f25352ae7a" testId="ff36a600-e44e-31f5-1388-bc0191016f88" testName="TestEventMessageEmptyDoc" computerName="DKSR-EFI-06" duration="00:00:00.0008995" startTime="2024-01-09T15:43:31.4197528+01:00" endTime="2024-01-09T15:43:31.4197528+01:00" testType="13cdc9d9-ddb5-4fa4-a97d-d965ccfc6d4b" outcome="Passed" testListId="8c84fa94-04c1-424b-9868-57a2d4851a1d" relativeResultsDirectory="e9643d03-974c-46ba-a732-99f25352ae7a" />
    <UnitTestResult executionId="dcb8ca75-d090-4a5b-ac13-405f87f22cb2" testId="90b38ef5-7f35-adf3-35d2-2634eba1d9c4" testName="TestIsAuthorized_NoSettings" computerName="DKSR-EFI-06" duration="00:00:00.0004588" startTime="2024-01-09T15:42:57.0915821+01:00" endTime="2024-01-09T15:42:57.0915821+01:00" testType="13cdc9d9-ddb5-4fa4-a97d-d965ccfc6d4b" outcome="Passed" testListId="8c84fa94-04c1-424b-9868-57a2d4851a1d" relativeResultsDirectory="dcb8ca75-d090-4a5b-ac13-405f87f22cb2" />
    <UnitTestResult executionId="67205619-410c-44f1-925b-32157c133ced" testId="ca83f4bc-62f7-8824-4231-f38c650de7dd" testName="TestIsAuthorized_SecurityEnabled" computerName="DKSR-EFI-06" duration="00:00:00.0010346" startTime="2024-01-09T15:42:57.1384589+01:00" endTime="2024-01-09T15:42:57.1540858+01:00" testType="13cdc9d9-ddb5-4fa4-a97d-d965ccfc6d4b" outcome="Passed" testListId="8c84fa94-04c1-424b-9868-57a2d4851a1d" relativeResultsDirectory="67205619-410c-44f1-925b-32157c133ced" />
    <UnitTestResult executionId="3d71434d-a0ac-4db5-8b3b-6b00edf28fd0" testId="e94dd9f2-6af9-b55d-6b0d-fb0a01cd9cb5" testName="TestParseIpList" computerName="DKSR-EFI-06" duration="00:00:00.0010955" startTime="2024-01-09T15:43:33.2010041+01:00" endTime="2024-01-09T15:43:33.2010041+01:00" testType="13cdc9d9-ddb5-4fa4-a97d-d965ccfc6d4b" outcome="Passed" testListId="8c84fa94-04c1-424b-9868-57a2d4851a1d" relativeResultsDirectory="3d71434d-a0ac-4db5-8b3b-6b00edf28fd0" />
    <UnitTestResult executionId="3a78485d-ab41-4012-8616-4e4476a3f1a2" testId="4911a7f7-260e-fc2b-c5f5-cb0280343cab" testName="TestHandleRequest_XmlStartTagNotValidXml" computerName="DKSR-EFI-06" duration="00:00:00.0077341" startTime="2024-01-09T15:42:58.2947121+01:00" endTime="2024-01-09T15:42:58.3103369+01:00" testType="13cdc9d9-ddb5-4fa4-a97d-d965ccfc6d4b" outcome="Passed" testListId="8c84fa94-04c1-424b-9868-57a2d4851a1d" relativeResultsDirectory="3a78485d-ab41-4012-8616-4e4476a3f1a2" />
    <UnitTestResult executionId="2e46e55e-51be-4b12-84e5-33951e1d8c03" testId="3ae18270-ca1f-a493-3494-1909b2cfe16b" testName="TestConstructor" computerName="DKSR-EFI-06" duration="00:00:00.0012667" startTime="2024-01-09T15:43:31.9822544+01:00" endTime="2024-01-09T15:43:31.9822544+01:00" testType="13cdc9d9-ddb5-4fa4-a97d-d965ccfc6d4b" outcome="Passed" testListId="8c84fa94-04c1-424b-9868-57a2d4851a1d" relativeResultsDirectory="2e46e55e-51be-4b12-84e5-33951e1d8c03" />
    <UnitTestResult executionId="14d4f699-745e-426c-951e-3f0a612822e0" testId="ba962835-2c69-82f8-2550-7b6bc36daedb" testName="TestConstruction" computerName="DKSR-EFI-06" duration="00:00:00.1714316" startTime="2024-01-09T15:43:32.7635037+01:00" endTime="2024-01-09T15:43:32.9353781+01:00" testType="13cdc9d9-ddb5-4fa4-a97d-d965ccfc6d4b" outcome="Passed" testListId="8c84fa94-04c1-424b-9868-57a2d4851a1d" relativeResultsDirectory="14d4f699-745e-426c-951e-3f0a612822e0" />
    <UnitTestResult executionId="0b7b4d24-cad9-4040-b094-2820a7fc7be6" testId="3683f627-21e2-2efc-596f-dff17db7a105" testName="TestImportNoFile" computerName="DKSR-EFI-06" duration="00:00:00.0068920" startTime="2024-01-09T15:43:32.9510012+01:00" endTime="2024-01-09T15:43:32.9510012+01:00" testType="13cdc9d9-ddb5-4fa4-a97d-d965ccfc6d4b" outcome="Passed" testListId="8c84fa94-04c1-424b-9868-57a2d4851a1d" relativeResultsDirectory="0b7b4d24-cad9-4040-b094-2820a7fc7be6" />
    <UnitTestResult executionId="12265867-3bad-4b4b-8e46-53526d16507b" testId="5204a0ac-cbad-5934-acff-c0d5470991c7" testName="TestRunConfigurationNotLoadedSocketConnected" computerName="DKSR-EFI-06" duration="00:00:03.0186178" startTime="2024-01-09T15:43:04.7947056+01:00" endTime="2024-01-09T15:43:07.8103451+01:00" testType="13cdc9d9-ddb5-4fa4-a97d-d965ccfc6d4b" outcome="Passed" testListId="8c84fa94-04c1-424b-9868-57a2d4851a1d" relativeResultsDirectory="12265867-3bad-4b4b-8e46-53526d16507b" />
    <UnitTestResult executionId="2feb0e6a-ca78-40a6-9ac4-09767b34afb0" testId="bbce43df-f93d-45cf-2ace-1d54d228ecf3" testName="TestConstruction" computerName="DKSR-EFI-06" duration="00:00:00.0123022" startTime="2024-01-09T15:43:31.4041290+01:00" endTime="2024-01-09T15:43:31.4197528+01:00" testType="13cdc9d9-ddb5-4fa4-a97d-d965ccfc6d4b" outcome="Passed" testListId="8c84fa94-04c1-424b-9868-57a2d4851a1d" relativeResultsDirectory="2feb0e6a-ca78-40a6-9ac4-09767b34afb0" />
    <UnitTestResult executionId="dcdd33b4-ad66-4d65-bee7-2a47dd909c71" testId="8347fe57-68ef-a53b-1d15-3c16d4a16311" testName="GetChildrenTest" computerName="DKSR-EFI-06" duration="00:00:00.0012702" startTime="2024-01-09T15:43:33.1853793+01:00" endTime="2024-01-09T15:43:33.1853793+01:00" testType="13cdc9d9-ddb5-4fa4-a97d-d965ccfc6d4b" outcome="Passed" testListId="8c84fa94-04c1-424b-9868-57a2d4851a1d" relativeResultsDirectory="dcdd33b4-ad66-4d65-bee7-2a47dd909c71" />
    <UnitTestResult executionId="d1e463e8-b4ae-45fd-a68e-c8d5cd38c490" testId="0d1be572-dfc1-41df-e415-32bb6da31f80" testName="TestName_EnvironmentNull" computerName="DKSR-EFI-06" duration="00:00:00.0005423" startTime="2024-01-09T15:43:31.9510047+01:00" endTime="2024-01-09T15:43:31.9510047+01:00" testType="13cdc9d9-ddb5-4fa4-a97d-d965ccfc6d4b" outcome="Passed" testListId="8c84fa94-04c1-424b-9868-57a2d4851a1d" relativeResultsDirectory="d1e463e8-b4ae-45fd-a68e-c8d5cd38c490" />
    <UnitTestResult executionId="9d5362ea-5f6c-4cd9-8bef-4dcfd6b0be10" testId="841fe5ff-0900-4d55-e645-bce62c676997" testName="TestSetGetPropertyBool" computerName="DKSR-EFI-06" duration="00:00:00.0007491" startTime="2024-01-09T15:43:33.0916286+01:00" endTime="2024-01-09T15:43:33.0916286+01:00" testType="13cdc9d9-ddb5-4fa4-a97d-d965ccfc6d4b" outcome="Passed" testListId="8c84fa94-04c1-424b-9868-57a2d4851a1d" relativeResultsDirectory="9d5362ea-5f6c-4cd9-8bef-4dcfd6b0be10" />
    <UnitTestResult executionId="439e77fd-4432-49d2-b4a3-9b2d52bc0d6d" testId="68779042-a3b8-4fb0-7858-ad695df6c209" testName="TestHandleRequest_WithNull" computerName="DKSR-EFI-06" duration="00:00:00.0009558" startTime="2024-01-09T15:42:58.2947121+01:00" endTime="2024-01-09T15:42:58.2947121+01:00" testType="13cdc9d9-ddb5-4fa4-a97d-d965ccfc6d4b" outcome="Passed" testListId="8c84fa94-04c1-424b-9868-57a2d4851a1d" relativeResultsDirectory="439e77fd-4432-49d2-b4a3-9b2d52bc0d6d" />
    <UnitTestResult executionId="27ffec96-74d5-4d27-90a1-cfaf5cde592a" testId="063d0ec7-783f-7706-6c0b-9c29ba060dc1" testName="TestFillSourceWithObjectIdReturnNullItem" computerName="DKSR-EFI-06" duration="00:00:00.0024337" startTime="2024-01-09T15:43:31.7635035+01:00" endTime="2024-01-09T15:43:31.7635035+01:00" testType="13cdc9d9-ddb5-4fa4-a97d-d965ccfc6d4b" outcome="Passed" testListId="8c84fa94-04c1-424b-9868-57a2d4851a1d" relativeResultsDirectory="27ffec96-74d5-4d27-90a1-cfaf5cde592a" />
    <UnitTestResult executionId="79686df1-5238-4b14-b966-3033e480c41f" testId="6b054722-45c8-9e6e-8d3c-63fdf3adf029" testName="TestConstructor_Default" computerName="DKSR-EFI-06" duration="00:00:00.0001732" startTime="2024-01-09T15:43:33.0760026+01:00" endTime="2024-01-09T15:43:33.0760026+01:00" testType="13cdc9d9-ddb5-4fa4-a97d-d965ccfc6d4b" outcome="Passed" testListId="8c84fa94-04c1-424b-9868-57a2d4851a1d" relativeResultsDirectory="79686df1-5238-4b14-b966-3033e480c41f" />
    <UnitTestResult executionId="5310ce56-9692-44bf-acb6-d2ec9c0c1e61" testId="cf814864-a528-d386-1d25-1deff1ff7e97" testName="TestConstructor_Fqid" computerName="DKSR-EFI-06" duration="00:00:00.0002246" startTime="2024-01-09T15:43:33.0291298+01:00" endTime="2024-01-09T15:43:33.0291298+01:00" testType="13cdc9d9-ddb5-4fa4-a97d-d965ccfc6d4b" outcome="Passed" testListId="8c84fa94-04c1-424b-9868-57a2d4851a1d" relativeResultsDirectory="5310ce56-9692-44bf-acb6-d2ec9c0c1e61" />
    <UnitTestResult executionId="463ab6f2-54e8-4ed1-af25-ca210fe9441a" testId="c55d3e05-9a16-affd-e564-dbe17acf2ec1" testName="TestRunNoDataAvailable" computerName="DKSR-EFI-06" duration="00:00:08.0445800" startTime="2024-01-09T15:43:10.8416987+01:00" endTime="2024-01-09T15:43:18.8884966+01:00" testType="13cdc9d9-ddb5-4fa4-a97d-d965ccfc6d4b" outcome="Passed" testListId="8c84fa94-04c1-424b-9868-57a2d4851a1d" relativeResultsDirectory="463ab6f2-54e8-4ed1-af25-ca210fe9441a" />
    <UnitTestResult executionId="3d4f011d-8f09-4312-9cc2-d9716891c36d" testId="aae93390-7014-1885-f1be-02208dc3d7d1" testName="TestEventMessageNullDoc" computerName="DKSR-EFI-06" duration="00:00:00.0010124" startTime="2024-01-09T15:43:31.4197528+01:00" endTime="2024-01-09T15:43:31.4197528+01:00" testType="13cdc9d9-ddb5-4fa4-a97d-d965ccfc6d4b" outcome="Passed" testListId="8c84fa94-04c1-424b-9868-57a2d4851a1d" relativeResultsDirectory="3d4f011d-8f09-4312-9cc2-d9716891c36d" />
    <UnitTestResult executionId="cd05eacc-ad8c-43b7-9561-0744bd1fb1a7" testId="90b2fab1-e505-89b4-8d22-0f91e5cbb36f" testName="TestUpgradeEventMessagesConfigFile" computerName="DKSR-EFI-06" duration="00:00:00.0086423" startTime="2024-01-09T15:43:33.2322549+01:00" endTime="2024-01-09T15:43:33.2478807+01:00" testType="13cdc9d9-ddb5-4fa4-a97d-d965ccfc6d4b" outcome="Passed" testListId="8c84fa94-04c1-424b-9868-57a2d4851a1d" relativeResultsDirectory="cd05eacc-ad8c-43b7-9561-0744bd1fb1a7" />
    <UnitTestResult executionId="7ba71fa9-cf6d-4d02-9208-e78fdd84eb8a" testId="e68743e5-ad11-acfb-dc47-3f1b3dcd5418" testName="TestSetItemName" computerName="DKSR-EFI-06" duration="00:00:00.0086798" startTime="2024-01-09T15:43:32.6853783+01:00" endTime="2024-01-09T15:43:32.7010044+01:00" testType="13cdc9d9-ddb5-4fa4-a97d-d965ccfc6d4b" outcome="Passed" testListId="8c84fa94-04c1-424b-9868-57a2d4851a1d" relativeResultsDirectory="7ba71fa9-cf6d-4d02-9208-e78fdd84eb8a" />
    <UnitTestResult executionId="3dfbad83-a770-487f-9a6e-e2b4020630ea" testId="51ff0f82-28f1-a278-d306-5c10e7fd8df5" testName="TestConstructor" computerName="DKSR-EFI-06" duration="00:00:00.1437715" startTime="2024-01-09T15:42:52.6696913+01:00" endTime="2024-01-09T15:42:53.2634443+01:00" testType="13cdc9d9-ddb5-4fa4-a97d-d965ccfc6d4b" outcome="Passed" testListId="8c84fa94-04c1-424b-9868-57a2d4851a1d" relativeResultsDirectory="3dfbad83-a770-487f-9a6e-e2b4020630ea" />
    <UnitTestResult executionId="d9842525-363c-4bb3-a407-f33f5ebf1afc" testId="a8648a6e-c33a-0f32-a42d-3069cf24720a" testName="TestAllowedHosts_Empty" computerName="DKSR-EFI-06" duration="00:00:00.0002197" startTime="2024-01-09T15:43:33.0760026+01:00" endTime="2024-01-09T15:43:33.0760026+01:00" testType="13cdc9d9-ddb5-4fa4-a97d-d965ccfc6d4b" outcome="Passed" testListId="8c84fa94-04c1-424b-9868-57a2d4851a1d" relativeResultsDirectory="d9842525-363c-4bb3-a407-f33f5ebf1afc" />
    <UnitTestResult executionId="9dcecfcf-7fdb-46de-96f1-c0772e68fc58" testId="cac92426-4fab-e7bd-c590-d4168bbdd988" testName="TestHandleRequest_ValidXmlAlertNullFilter" computerName="DKSR-EFI-06" duration="00:00:00.0042067" startTime="2024-01-09T15:42:58.4353373+01:00" endTime="2024-01-09T15:42:58.4353373+01:00" testType="13cdc9d9-ddb5-4fa4-a97d-d965ccfc6d4b" outcome="Passed" testListId="8c84fa94-04c1-424b-9868-57a2d4851a1d" relativeResultsDirectory="9dcecfcf-7fdb-46de-96f1-c0772e68fc58" />
    <UnitTestResult executionId="aa8fd3c2-c8e1-4f6c-b053-2a0778107693" testId="5f632cc3-c55f-e00d-0b2d-7a6b37f4f2cc" testName="TestFillSourceWithObjectIdReturnNullItem" computerName="DKSR-EFI-06" duration="00:00:00.0680808" startTime="2024-01-09T15:43:31.1228783+01:00" endTime="2024-01-09T15:43:31.2010022+01:00" testType="13cdc9d9-ddb5-4fa4-a97d-d965ccfc6d4b" outcome="Passed" testListId="8c84fa94-04c1-424b-9868-57a2d4851a1d" relativeResultsDirectory="aa8fd3c2-c8e1-4f6c-b053-2a0778107693" />
    <UnitTestResult executionId="2b82df66-d7de-4f9c-8cb9-95aedd54f58f" testId="9aaa339f-ddc0-e2f6-0559-7a18d4c9fb4c" testName="TestImportEmptyIpListFile" computerName="DKSR-EFI-06" duration="00:00:00.0373292" startTime="2024-01-09T15:43:32.9510012+01:00" endTime="2024-01-09T15:43:32.9978782+01:00" testType="13cdc9d9-ddb5-4fa4-a97d-d965ccfc6d4b" outcome="Passed" testListId="8c84fa94-04c1-424b-9868-57a2d4851a1d" relativeResultsDirectory="2b82df66-d7de-4f9c-8cb9-95aedd54f58f" />
    <UnitTestResult executionId="ef10192c-65b1-4ce8-8188-33772db17c53" testId="02cdc341-fd2e-1dd9-b68a-fae5dd43f01e" testName="TestGetHostId_InvalidAddress" computerName="DKSR-EFI-06" duration="00:00:00.0003578" startTime="2024-01-09T15:43:31.9353774+01:00" endTime="2024-01-09T15:43:31.9353774+01:00" testType="13cdc9d9-ddb5-4fa4-a97d-d965ccfc6d4b" outcome="Passed" testListId="8c84fa94-04c1-424b-9868-57a2d4851a1d" relativeResultsDirectory="ef10192c-65b1-4ce8-8188-33772db17c53" />
    <UnitTestResult executionId="5a466a37-521c-4991-9150-8d0a6a1892ed" testId="ac6cb708-ccb6-1518-cf6e-2723d80211c1" testName="TestFillSourceWithSourceNameUnKnownObjectHostName" computerName="DKSR-EFI-06" duration="00:00:00.0047331" startTime="2024-01-09T15:43:31.8103809+01:00" endTime="2024-01-09T15:43:31.8260041+01:00" testType="13cdc9d9-ddb5-4fa4-a97d-d965ccfc6d4b" outcome="Passed" testListId="8c84fa94-04c1-424b-9868-57a2d4851a1d" relativeResultsDirectory="5a466a37-521c-4991-9150-8d0a6a1892ed" />
    <UnitTestResult executionId="4c099bee-dc3f-4c67-be48-cba9a2e2b2a2" testId="a8e322c5-869d-1868-e7f9-ca57e365acee" testName="GetParentTest" computerName="DKSR-EFI-06" duration="00:00:00.0015740" startTime="2024-01-09T15:43:33.1697545+01:00" endTime="2024-01-09T15:43:33.1697545+01:00" testType="13cdc9d9-ddb5-4fa4-a97d-d965ccfc6d4b" outcome="Passed" testListId="8c84fa94-04c1-424b-9868-57a2d4851a1d" relativeResultsDirectory="4c099bee-dc3f-4c67-be48-cba9a2e2b2a2" />
    <UnitTestResult executionId="7b46a523-63e1-41be-aa72-205648dbb006" testId="a1c40e98-6612-92d9-82e3-49a05418bdb8" testName="TestPort" computerName="DKSR-EFI-06" duration="00:00:00.0005505" startTime="2024-01-09T15:43:33.0603804+01:00" endTime="2024-01-09T15:43:33.0603804+01:00" testType="13cdc9d9-ddb5-4fa4-a97d-d965ccfc6d4b" outcome="Passed" testListId="8c84fa94-04c1-424b-9868-57a2d4851a1d" relativeResultsDirectory="7b46a523-63e1-41be-aa72-205648dbb006" />
    <UnitTestResult executionId="c2c3be68-f556-4e81-86e0-d27dbeadfe79" testId="1aa7d4ab-49e7-7d97-d8e8-a61b0082fdf6" testName="TestConstructor_Item" computerName="DKSR-EFI-06" duration="00:00:00.0003498" startTime="2024-01-09T15:43:33.0447532+01:00" endTime="2024-01-09T15:43:33.0447532+01:00" testType="13cdc9d9-ddb5-4fa4-a97d-d965ccfc6d4b" outcome="Passed" testListId="8c84fa94-04c1-424b-9868-57a2d4851a1d" relativeResultsDirectory="c2c3be68-f556-4e81-86e0-d27dbeadfe79" />
    <UnitTestResult executionId="868a585e-7915-4f58-9a55-f176243abb50" testId="8efb0e92-acc4-391a-1751-7ebb955524cb" testName="TestHandleRequestWithHtmlHeader" computerName="DKSR-EFI-06" duration="00:00:00.0967110" startTime="2024-01-09T15:42:58.4509633+01:00" endTime="2024-01-09T15:42:58.5447128+01:00" testType="13cdc9d9-ddb5-4fa4-a97d-d965ccfc6d4b" outcome="Passed" testListId="8c84fa94-04c1-424b-9868-57a2d4851a1d" relativeResultsDirectory="868a585e-7915-4f58-9a55-f176243abb50" />
    <UnitTestResult executionId="da470487-144d-4ebd-a9b3-0abf6030cbce" testId="4d74893e-15b9-b4c5-e7ae-f35297b66291" testName="TestSecurityEnabled" computerName="DKSR-EFI-06" duration="00:00:00.0004452" startTime="2024-01-09T15:43:33.0603804+01:00" endTime="2024-01-09T15:43:33.0603804+01:00" testType="13cdc9d9-ddb5-4fa4-a97d-d965ccfc6d4b" outcome="Passed" testListId="8c84fa94-04c1-424b-9868-57a2d4851a1d" relativeResultsDirectory="da470487-144d-4ebd-a9b3-0abf6030cbce" />
    <UnitTestResult executionId="66c8ccc1-431f-4c73-975c-115a6de89d76" testId="133ef572-439d-71e3-79c5-0a4d2177cdc0" testName="TestMessage" computerName="DKSR-EFI-06" duration="00:00:00.0002552" startTime="2024-01-09T15:43:31.9666269+01:00" endTime="2024-01-09T15:43:31.9666269+01:00" testType="13cdc9d9-ddb5-4fa4-a97d-d965ccfc6d4b" outcome="Passed" testListId="8c84fa94-04c1-424b-9868-57a2d4851a1d" relativeResultsDirectory="66c8ccc1-431f-4c73-975c-115a6de89d76" />
    <UnitTestResult executionId="9f1ac193-fa9f-456e-9422-048718ff729c" testId="0ba330d1-5d72-214f-98d5-741bc5141b1f" testName="TestUpgradeEventMessagesEmptyFileName" computerName="DKSR-EFI-06" duration="00:00:00.0021783" startTime="2024-01-09T15:43:33.2166288+01:00" endTime="2024-01-09T15:43:33.2166288+01:00" testType="13cdc9d9-ddb5-4fa4-a97d-d965ccfc6d4b" outcome="Passed" testListId="8c84fa94-04c1-424b-9868-57a2d4851a1d" relativeResultsDirectory="9f1ac193-fa9f-456e-9422-048718ff729c" />
    <UnitTestResult executionId="44ff6917-af71-4566-85fd-e8b9665e9d21" testId="0b6c05fd-d413-bc3a-3d24-b6744d2323a9" testName="TestGetItemName" computerName="DKSR-EFI-06" duration="00:00:00.0010961" startTime="2024-01-09T15:43:32.6853783+01:00" endTime="2024-01-09T15:43:32.6853783+01:00" testType="13cdc9d9-ddb5-4fa4-a97d-d965ccfc6d4b" outcome="Passed" testListId="8c84fa94-04c1-424b-9868-57a2d4851a1d" relativeResultsDirectory="44ff6917-af71-4566-85fd-e8b9665e9d21" />
    <UnitTestResult executionId="b1bc81c4-fc5c-407a-b2cd-eacac3441c05" testId="2fc205a8-e6a7-ea97-fa49-eacb1ecbbbdd" testName="TestPortWithNullGeneralSettings" computerName="DKSR-EFI-06" duration="00:00:00.0067024" startTime="2024-01-09T15:42:54.5446989+01:00" endTime="2024-01-09T15:42:54.5446989+01:00" testType="13cdc9d9-ddb5-4fa4-a97d-d965ccfc6d4b" outcome="Passed" testListId="8c84fa94-04c1-424b-9868-57a2d4851a1d" relativeResultsDirectory="b1bc81c4-fc5c-407a-b2cd-eacac3441c05" />
    <UnitTestResult executionId="71172a51-d2b6-4ddd-b867-7d68be86d1a3" testId="6ab9ac36-5046-c3dd-a85e-c9bd4387492b" testName="TestAlarm" computerName="DKSR-EFI-06" duration="00:00:00.0004271" startTime="2024-01-09T15:43:31.4353794+01:00" endTime="2024-01-09T15:43:31.4353794+01:00" testType="13cdc9d9-ddb5-4fa4-a97d-d965ccfc6d4b" outcome="Passed" testListId="8c84fa94-04c1-424b-9868-57a2d4851a1d" relativeResultsDirectory="71172a51-d2b6-4ddd-b867-7d68be86d1a3" />
    <UnitTestResult executionId="437c6492-6d06-4abd-81b6-a23d643d3b95" testId="ec122c3d-bcfd-c916-9ebf-f4a883bae46c" testName="TestCreateItem" computerName="DKSR-EFI-06" duration="00:00:00.0086848" startTime="2024-01-09T15:43:32.7010044+01:00" endTime="2024-01-09T15:43:32.7166310+01:00" testType="13cdc9d9-ddb5-4fa4-a97d-d965ccfc6d4b" outcome="Passed" testListId="8c84fa94-04c1-424b-9868-57a2d4851a1d" relativeResultsDirectory="437c6492-6d06-4abd-81b6-a23d643d3b95" />
    <UnitTestResult executionId="4fbd266e-6545-4430-b426-a4b6c2f8d978" testId="54b320bc-66a9-ba72-4ef5-ee4a8489a59f" testName="TestFillSourceWithSourceNameNullSettings" computerName="DKSR-EFI-06" duration="00:00:00.0008748" startTime="2024-01-09T15:43:31.7791285+01:00" endTime="2024-01-09T15:43:31.7791285+01:00" testType="13cdc9d9-ddb5-4fa4-a97d-d965ccfc6d4b" outcome="Passed" testListId="8c84fa94-04c1-424b-9868-57a2d4851a1d" relativeResultsDirectory="4fbd266e-6545-4430-b426-a4b6c2f8d978" />
    <UnitTestResult executionId="b0df9385-ff56-4714-a3aa-c651df1dfbfb" testId="df9dc118-c047-13d8-3f6a-6e9b0c47b653" testName="TestGeneralSettingsLoaded" computerName="DKSR-EFI-06" duration="00:00:00.0005141" startTime="2024-01-09T15:42:54.5134503+01:00" endTime="2024-01-09T15:42:54.5134503+01:00" testType="13cdc9d9-ddb5-4fa4-a97d-d965ccfc6d4b" outcome="Passed" testListId="8c84fa94-04c1-424b-9868-57a2d4851a1d" relativeResultsDirectory="b0df9385-ff56-4714-a3aa-c651df1dfbfb" />
    <UnitTestResult executionId="176f6f79-7cce-4eba-bf90-8af71195f649" testId="26dbaa56-14a2-678c-c2d3-7f31a1e8fb7b" testName="TestFillSource_AddressAndChannel" computerName="DKSR-EFI-06" duration="00:00:00.0050258" startTime="2024-01-09T15:43:31.8416280+01:00" endTime="2024-01-09T15:43:31.8416280+01:00" testType="13cdc9d9-ddb5-4fa4-a97d-d965ccfc6d4b" outcome="Passed" testListId="8c84fa94-04c1-424b-9868-57a2d4851a1d" relativeResultsDirectory="176f6f79-7cce-4eba-bf90-8af71195f649" />
    <UnitTestResult executionId="4d0390e7-bd8e-4b25-b26a-85edf15e5934" testId="35131e3d-2d9b-f0d6-21c3-4fd8cdb02156" testName="GetDataSourceTest" computerName="DKSR-EFI-06" duration="00:00:00.0022067" startTime="2024-01-09T15:43:33.1853793+01:00" endTime="2024-01-09T15:43:33.1853793+01:00" testType="13cdc9d9-ddb5-4fa4-a97d-d965ccfc6d4b" outcome="Passed" testListId="8c84fa94-04c1-424b-9868-57a2d4851a1d" relativeResultsDirectory="4d0390e7-bd8e-4b25-b26a-85edf15e5934" />
    <UnitTestResult executionId="82c6ff77-bd6f-452b-88d6-6c21fe7f7163" testId="32df93b1-004b-6234-4277-add42c07082d" testName="TestClose" computerName="DKSR-EFI-06" duration="00:00:00.0006235" startTime="2024-01-09T15:43:31.9822544+01:00" endTime="2024-01-09T15:43:31.9822544+01:00" testType="13cdc9d9-ddb5-4fa4-a97d-d965ccfc6d4b" outcome="Passed" testListId="8c84fa94-04c1-424b-9868-57a2d4851a1d" relativeResultsDirectory="82c6ff77-bd6f-452b-88d6-6c21fe7f7163" />
    <UnitTestResult executionId="aff7dffc-ede8-4ef5-bd29-fd91c9ef5fdf" testId="8fb4fc96-7d08-7c00-cb0d-a78d000649c8" testName="TestHandleRequestValidXmlAlertFilterReturnsAsAlarmAsAlert" computerName="DKSR-EFI-06" duration="00:00:00.0072432" startTime="2024-01-09T15:42:58.4353373+01:00" endTime="2024-01-09T15:42:58.4509633+01:00" testType="13cdc9d9-ddb5-4fa4-a97d-d965ccfc6d4b" outcome="Passed" testListId="8c84fa94-04c1-424b-9868-57a2d4851a1d" relativeResultsDirectory="aff7dffc-ede8-4ef5-bd29-fd91c9ef5fdf" />
    <UnitTestResult executionId="efce8b45-71b0-4221-97c5-ea80145fdefe" testId="55787fc9-b017-22c6-8621-e73e4dc6e94e" testName="TestCreateAlarmNullDoc" computerName="DKSR-EFI-06" duration="00:00:00.0012987" startTime="2024-01-09T15:43:31.4353794+01:00" endTime="2024-01-09T15:43:31.4353794+01:00" testType="13cdc9d9-ddb5-4fa4-a97d-d965ccfc6d4b" outcome="Passed" testListId="8c84fa94-04c1-424b-9868-57a2d4851a1d" relativeResultsDirectory="efce8b45-71b0-4221-97c5-ea80145fdefe" />
    <UnitTestResult executionId="9458f6d3-7615-4b0b-901f-1a679bebc60c" testId="05db065b-2c1d-7cb6-061b-491237a64d3e" testName="TestDescription" computerName="DKSR-EFI-06" duration="00:00:00.0008620" startTime="2024-01-09T15:43:31.9822544+01:00" endTime="2024-01-09T15:43:31.9822544+01:00" testType="13cdc9d9-ddb5-4fa4-a97d-d965ccfc6d4b" outcome="Passed" testListId="8c84fa94-04c1-424b-9868-57a2d4851a1d" relativeResultsDirectory="9458f6d3-7615-4b0b-901f-1a679bebc60c" />
  </Results>
  <TestDefinitions>
    <UnitTest name="TestEventMessageWithNoMessage" storage="d:\actions-runner\_work\xpco\xpco\eventserver\analyticsevents\analytics\videoos.analytics.events.unittest\bin\debug\net47\videoos.analytics.events.unittest.dll" id="f6178929-bcf4-1d49-8082-bab963293513">
      <Execution id="77dec0ac-38db-461b-bcf2-a973cc54e024" />
      <TestMethod codeBase="D:\actions-runner\_work\XPCO\XPCO\EventServer\AnalyticsEvents\Analytics\VideoOS.Analytics.Events.UnitTest\bin\Debug\net47\VideoOS.Analytics.Events.UnitTest.dll" adapterTypeName="executor://mstestadapter/v2" className="VideoOS.Analytics.Events.UnitTest.Server.TestAlertHandler" name="TestEventMessageWithNoMessage" />
    </UnitTest>
    <UnitTest name="TestHandleRequest_InvalidXmlFirst" storage="d:\actions-runner\_work\xpco\xpco\eventserver\analyticsevents\analytics\videoos.analytics.events.unittest\bin\debug\net47\videoos.analytics.events.unittest.dll" id="63223206-c9ca-75eb-91a6-c490cf9d4852">
      <Execution id="6f65269b-991c-496d-a0e8-2e018913f16f" />
      <TestMethod codeBase="D:\actions-runner\_work\XPCO\XPCO\EventServer\AnalyticsEvents\Analytics\VideoOS.Analytics.Events.UnitTest\bin\Debug\net47\VideoOS.Analytics.Events.UnitTest.dll" adapterTypeName="executor://mstestadapter/v2" className="VideoOS.Analytics.Events.UnitTest.Server.TestAlarmManager" name="TestHandleRequest_InvalidXmlFirst" />
    </UnitTest>
    <UnitTest name="TestName" storage="d:\actions-runner\_work\xpco\xpco\eventserver\analyticsevents\analytics\videoos.analytics.events.unittest\bin\debug\net47\videoos.analytics.events.unittest.dll" id="b52aa5c9-a2c8-d057-06e9-51544488ee66">
      <Execution id="b67bde49-3d28-4e63-825e-95d894c309de" />
      <TestMethod codeBase="D:\actions-runner\_work\XPCO\XPCO\EventServer\AnalyticsEvents\Analytics\VideoOS.Analytics.Events.UnitTest\bin\Debug\net47\VideoOS.Analytics.Events.UnitTest.dll" adapterTypeName="executor://mstestadapter/v2" className="VideoOS.Analytics.Events.UnitTest.Server.TestAnalyticsEventsBackgroundPlugin" name="TestName" />
    </UnitTest>
    <UnitTest name="TestEventMessageEmptyDoc" storage="d:\actions-runner\_work\xpco\xpco\eventserver\analyticsevents\analytics\videoos.analytics.events.unittest\bin\debug\net47\videoos.analytics.events.unittest.dll" id="1da33fd1-0d34-076c-43d9-5cd0bf955642">
      <Execution id="1e520c19-a687-4916-abb1-a01a4cf619dd" />
      <TestMethod codeBase="D:\actions-runner\_work\XPCO\XPCO\EventServer\AnalyticsEvents\Analytics\VideoOS.Analytics.Events.UnitTest\bin\Debug\net47\VideoOS.Analytics.Events.UnitTest.dll" adapterTypeName="executor://mstestadapter/v2" className="VideoOS.Analytics.Events.UnitTest.Server.TestAlertHandler" name="TestEventMessageEmptyDoc" />
    </UnitTest>
    <UnitTest name="TestLookupAndAddHosts" storage="d:\actions-runner\_work\xpco\xpco\eventserver\analyticsevents\analytics\videoos.analytics.events.unittest\bin\debug\net47\videoos.analytics.events.unittest.dll" id="b2a3e303-8884-e726-1bd4-bb8bdda5ca04">
      <Execution id="332376a7-16a0-46dc-9d99-10404caaff27" />
      <TestMethod codeBase="D:\actions-runner\_work\XPCO\XPCO\EventServer\AnalyticsEvents\Analytics\VideoOS.Analytics.Events.UnitTest\bin\Debug\net47\VideoOS.Analytics.Events.UnitTest.dll" adapterTypeName="executor://mstestadapter/v2" className="VideoOS.Analytics.Events.UnitTest.Background.TestServerSettingsManager" name="TestLookupAndAddHosts" />
    </UnitTest>
    <UnitTest name="TestCreateItem" storage="d:\actions-runner\_work\xpco\xpco\eventserver\analyticsevents\analytics\videoos.analytics.events.unittest\bin\debug\net47\videoos.analytics.events.unittest.dll" id="ec122c3d-bcfd-c916-9ebf-f4a883bae46c">
      <Execution id="437c6492-6d06-4abd-81b6-a23d643d3b95" />
      <TestMethod codeBase="D:\actions-runner\_work\XPCO\XPCO\EventServer\AnalyticsEvents\Analytics\VideoOS.Analytics.Events.UnitTest\bin\Debug\net47\VideoOS.Analytics.Events.UnitTest.dll" adapterTypeName="executor://mstestadapter/v2" className="VideoOS.Analytics.Events.UnitTest.Admin.TestAnalyticsEventItemManager" name="TestCreateItem" />
    </UnitTest>
    <UnitTest name="TestConstructor_Default" storage="d:\actions-runner\_work\xpco\xpco\eventserver\analyticsevents\analytics\videoos.analytics.events.unittest\bin\debug\net47\videoos.analytics.events.unittest.dll" id="4d731975-cd09-acda-c596-f16b07c2506e">
      <Execution id="13b5c014-badc-4532-a383-7816d856335b" />
      <TestMethod codeBase="D:\actions-runner\_work\XPCO\XPCO\EventServer\AnalyticsEvents\Analytics\VideoOS.Analytics.Events.UnitTest\bin\Debug\net47\VideoOS.Analytics.Events.UnitTest.dll" adapterTypeName="executor://mstestadapter/v2" className="VideoOS.Analytics.Events.UnitTest.Admin.TestGeneralSettingsItem" name="TestConstructor_Default" />
    </UnitTest>
    <UnitTest name="TestConstruction" storage="d:\actions-runner\_work\xpco\xpco\eventserver\analyticsevents\analytics\videoos.analytics.events.unittest\bin\debug\net47\videoos.analytics.events.unittest.dll" id="4549307d-5f6e-9ca5-5eaa-26f0964dc3ad">
      <Execution id="f88bf8fe-6859-4628-9732-a21533774b64" />
      <TestMethod codeBase="D:\actions-runner\_work\XPCO\XPCO\EventServer\AnalyticsEvents\Analytics\VideoOS.Analytics.Events.UnitTest\bin\Debug\net47\VideoOS.Analytics.Events.UnitTest.dll" adapterTypeName="executor://mstestadapter/v2" className="VideoOS.Analytics.Events.UnitTest.Server.DeviceManager.TestDeviceManagerXPCO" name="TestConstruction" />
    </UnitTest>
    <UnitTest name="TestParseIpListEmptyXml" storage="d:\actions-runner\_work\xpco\xpco\eventserver\analyticsevents\analytics\videoos.analytics.events.unittest\bin\debug\net47\videoos.analytics.events.unittest.dll" id="630469e6-5013-75fa-87f3-a25157cae846">
      <Execution id="c2623a08-a733-4548-ad81-4e3ba2aa42a9" />
      <TestMethod codeBase="D:\actions-runner\_work\XPCO\XPCO\EventServer\AnalyticsEvents\Analytics\VideoOS.Analytics.Events.UnitTest\bin\Debug\net47\VideoOS.Analytics.Events.UnitTest.dll" adapterTypeName="executor://mstestadapter/v2" className="VideoOS.Analytics.Events.UnitTest.Admin.TestUpgradeManager" name="TestParseIpListEmptyXml" />
    </UnitTest>
    <UnitTest name="TestParseIpListsNullDoc" storage="d:\actions-runner\_work\xpco\xpco\eventserver\analyticsevents\analytics\videoos.analytics.events.unittest\bin\debug\net47\videoos.analytics.events.unittest.dll" id="68a1e0c7-c80e-7643-d36c-d46388c618b9">
      <Execution id="766e2f39-4125-439b-9760-8f9e99b3e102" />
      <TestMethod codeBase="D:\actions-runner\_work\XPCO\XPCO\EventServer\AnalyticsEvents\Analytics\VideoOS.Analytics.Events.UnitTest\bin\Debug\net47\VideoOS.Analytics.Events.UnitTest.dll" adapterTypeName="executor://mstestadapter/v2" className="VideoOS.Analytics.Events.UnitTest.Admin.TestUpgradeManager" name="TestParseIpListsNullDoc" />
    </UnitTest>
    <UnitTest name="TestAlarm" storage="d:\actions-runner\_work\xpco\xpco\eventserver\analyticsevents\analytics\videoos.analytics.events.unittest\bin\debug\net47\videoos.analytics.events.unittest.dll" id="6ab9ac36-5046-c3dd-a85e-c9bd4387492b">
      <Execution id="71172a51-d2b6-4ddd-b867-7d68be86d1a3" />
      <TestMethod codeBase="D:\actions-runner\_work\XPCO\XPCO\EventServer\AnalyticsEvents\Analytics\VideoOS.Analytics.Events.UnitTest\bin\Debug\net47\VideoOS.Analytics.Events.UnitTest.dll" adapterTypeName="executor://mstestadapter/v2" className="VideoOS.Analytics.Events.UnitTest.Server.TestAnalyticsEventHandler" name="TestAlarm" />
    </UnitTest>
    <UnitTest name="TestIsAuthorized_NoSettings" storage="d:\actions-runner\_work\xpco\xpco\eventserver\analyticsevents\analytics\videoos.analytics.events.unittest\bin\debug\net47\videoos.analytics.events.unittest.dll" id="90b38ef5-7f35-adf3-35d2-2634eba1d9c4">
      <Execution id="dcb8ca75-d090-4a5b-ac13-405f87f22cb2" />
      <TestMethod codeBase="D:\actions-runner\_work\XPCO\XPCO\EventServer\AnalyticsEvents\Analytics\VideoOS.Analytics.Events.UnitTest\bin\Debug\net47\VideoOS.Analytics.Events.UnitTest.dll" adapterTypeName="executor://mstestadapter/v2" className="VideoOS.Analytics.Events.UnitTest.Background.TestServerSettingsManager" name="TestIsAuthorized_NoSettings" />
    </UnitTest>
    <UnitTest name="TestHandleRequest_ValidXmlNoAlarm" storage="d:\actions-runner\_work\xpco\xpco\eventserver\analyticsevents\analytics\videoos.analytics.events.unittest\bin\debug\net47\videoos.analytics.events.unittest.dll" id="9377ddbc-2a82-324c-6237-e4670485818c">
      <Execution id="08d03089-640c-4c53-8ca9-104040ca123a" />
      <TestMethod codeBase="D:\actions-runner\_work\XPCO\XPCO\EventServer\AnalyticsEvents\Analytics\VideoOS.Analytics.Events.UnitTest\bin\Debug\net47\VideoOS.Analytics.Events.UnitTest.dll" adapterTypeName="executor://mstestadapter/v2" className="VideoOS.Analytics.Events.UnitTest.Server.TestAlarmManager" name="TestHandleRequest_ValidXmlNoAlarm" />
    </UnitTest>
    <UnitTest name="TestIconXPCO" storage="d:\actions-runner\_work\xpco\xpco\eventserver\analyticsevents\analytics\videoos.analytics.events.unittest\bin\debug\net47\videoos.analytics.events.unittest.dll" id="1ead987f-3093-f0cc-ecc1-54610695491a">
      <Execution id="47bebe8f-691c-4bc3-980b-6a7a65069f54" />
      <TestMethod codeBase="D:\actions-runner\_work\XPCO\XPCO\EventServer\AnalyticsEvents\Analytics\VideoOS.Analytics.Events.UnitTest\bin\Debug\net47\VideoOS.Analytics.Events.UnitTest.dll" adapterTypeName="executor://mstestadapter/v2" className="VideoOS.Analytics.Events.UnitTest.TestAnalyticsEventsDefinition" name="TestIconXPCO" />
    </UnitTest>
    <UnitTest name="TestConstruction" storage="d:\actions-runner\_work\xpco\xpco\eventserver\analyticsevents\analytics\videoos.analytics.events.unittest\bin\debug\net47\videoos.analytics.events.unittest.dll" id="fc3323f7-5755-b5c1-4d9b-c74f626518db">
      <Execution id="62ac5f2e-8111-4ea1-a7d5-32898fac45c3" />
      <TestMethod codeBase="D:\actions-runner\_work\XPCO\XPCO\EventServer\AnalyticsEvents\Analytics\VideoOS.Analytics.Events.UnitTest\bin\Debug\net47\VideoOS.Analytics.Events.UnitTest.dll" adapterTypeName="executor://mstestadapter/v2" className="VideoOS.Analytics.Events.UnitTest.Admin.TestUpgradeManager" name="TestConstruction" />
    </UnitTest>
    <UnitTest name="IconTest" storage="d:\actions-runner\_work\xpco\xpco\eventserver\analyticsevents\analytics\videoos.analytics.events.unittest\bin\debug\net47\videoos.analytics.events.unittest.dll" id="f8d7b1a7-4785-3ace-7dbc-2dbc92759bd6">
      <Execution id="e596d579-d520-4d52-8ee1-0337f70c9215" />
      <TestMethod codeBase="D:\actions-runner\_work\XPCO\XPCO\EventServer\AnalyticsEvents\Analytics\VideoOS.Analytics.Events.UnitTest\bin\Debug\net47\VideoOS.Analytics.Events.UnitTest.dll" adapterTypeName="executor://mstestadapter/v2" className="VideoOS.Analytics.Events.UnitTest.Admin.TestBaseItem" name="IconTest" />
    </UnitTest>
    <UnitTest name="TestGeneralSettingsLoaded" storage="d:\actions-runner\_work\xpco\xpco\eventserver\analyticsevents\analytics\videoos.analytics.events.unittest\bin\debug\net47\videoos.analytics.events.unittest.dll" id="df9dc118-c047-13d8-3f6a-6e9b0c47b653">
      <Execution id="b0df9385-ff56-4714-a3aa-c651df1dfbfb" />
      <TestMethod codeBase="D:\actions-runner\_work\XPCO\XPCO\EventServer\AnalyticsEvents\Analytics\VideoOS.Analytics.Events.UnitTest\bin\Debug\net47\VideoOS.Analytics.Events.UnitTest.dll" adapterTypeName="executor://mstestadapter/v2" className="VideoOS.Analytics.Events.UnitTest.Background.TestServerSettingsManager" name="TestGeneralSettingsLoaded" />
    </UnitTest>
    <UnitTest name="TestFillSourceWithHostnameUnKnownObjectIp" storage="d:\actions-runner\_work\xpco\xpco\eventserver\analyticsevents\analytics\videoos.analytics.events.unittest\bin\debug\net47\videoos.analytics.events.unittest.dll" id="83e33f49-3839-a8bb-cf05-b2992017da73">
      <Execution id="c2c02ae5-577e-41c8-a5c6-6a8ba34a9dc7" />
      <TestMethod codeBase="D:\actions-runner\_work\XPCO\XPCO\EventServer\AnalyticsEvents\Analytics\VideoOS.Analytics.Events.UnitTest\bin\Debug\net47\VideoOS.Analytics.Events.UnitTest.dll" adapterTypeName="executor://mstestadapter/v2" className="VideoOS.Analytics.Events.UnitTest.Server.TestAlertHandler" name="TestFillSourceWithHostnameUnKnownObjectIp" />
    </UnitTest>
    <UnitTest name="TestConstruction" storage="d:\actions-runner\_work\xpco\xpco\eventserver\analyticsevents\analytics\videoos.analytics.events.unittest\bin\debug\net47\videoos.analytics.events.unittest.dll" id="ba962835-2c69-82f8-2550-7b6bc36daedb">
      <Execution id="14d4f699-745e-426c-951e-3f0a612822e0" />
      <TestMethod codeBase="D:\actions-runner\_work\XPCO\XPCO\EventServer\AnalyticsEvents\Analytics\VideoOS.Analytics.Events.UnitTest\bin\Debug\net47\VideoOS.Analytics.Events.UnitTest.dll" adapterTypeName="executor://mstestadapter/v2" className="VideoOS.Analytics.Events.UnitTest.Admin.TestAnalyticsEventOptionsDialogUserControl" name="TestConstruction" />
    </UnitTest>
    <UnitTest name="TestGetItems_ItemsNotNull" storage="d:\actions-runner\_work\xpco\xpco\eventserver\analyticsevents\analytics\videoos.analytics.events.unittest\bin\debug\net47\videoos.analytics.events.unittest.dll" id="1c6d0dbe-e217-4906-723c-0ebe81b93891">
      <Execution id="fb2597ba-0b77-4c94-a99c-36ac0a273e49" />
      <TestMethod codeBase="D:\actions-runner\_work\XPCO\XPCO\EventServer\AnalyticsEvents\Analytics\VideoOS.Analytics.Events.UnitTest\bin\Debug\net47\VideoOS.Analytics.Events.UnitTest.dll" adapterTypeName="executor://mstestadapter/v2" className="VideoOS.Analytics.Events.UnitTest.Admin.TestAnalyticsEventItemManager" name="TestGetItems_ItemsNotNull" />
    </UnitTest>
    <UnitTest name="TestPort" storage="d:\actions-runner\_work\xpco\xpco\eventserver\analyticsevents\analytics\videoos.analytics.events.unittest\bin\debug\net47\videoos.analytics.events.unittest.dll" id="a1c40e98-6612-92d9-82e3-49a05418bdb8">
      <Execution id="7b46a523-63e1-41be-aa72-205648dbb006" />
      <TestMethod codeBase="D:\actions-runner\_work\XPCO\XPCO\EventServer\AnalyticsEvents\Analytics\VideoOS.Analytics.Events.UnitTest\bin\Debug\net47\VideoOS.Analytics.Events.UnitTest.dll" adapterTypeName="executor://mstestadapter/v2" className="VideoOS.Analytics.Events.UnitTest.Admin.TestGeneralSettingsItem" name="TestPort" />
    </UnitTest>
    <UnitTest name="TestGetHostId" storage="d:\actions-runner\_work\xpco\xpco\eventserver\analyticsevents\analytics\videoos.analytics.events.unittest\bin\debug\net47\videoos.analytics.events.unittest.dll" id="fc879903-f736-1678-7270-b0ed29e81854">
      <Execution id="02ce91fa-2438-423d-9bfd-5d8b9f240515" />
      <TestMethod codeBase="D:\actions-runner\_work\XPCO\XPCO\EventServer\AnalyticsEvents\Analytics\VideoOS.Analytics.Events.UnitTest\bin\Debug\net47\VideoOS.Analytics.Events.UnitTest.dll" adapterTypeName="executor://mstestadapter/v2" className="VideoOS.Analytics.Events.UnitTest.Server.DeviceManager.TestHostResolver" name="TestGetHostId" />
    </UnitTest>
    <UnitTest name="GetChildrenTest" storage="d:\actions-runner\_work\xpco\xpco\eventserver\analyticsevents\analytics\videoos.analytics.events.unittest\bin\debug\net47\videoos.analytics.events.unittest.dll" id="8347fe57-68ef-a53b-1d15-3c16d4a16311">
      <Execution id="dcdd33b4-ad66-4d65-bee7-2a47dd909c71" />
      <TestMethod codeBase="D:\actions-runner\_work\XPCO\XPCO\EventServer\AnalyticsEvents\Analytics\VideoOS.Analytics.Events.UnitTest\bin\Debug\net47\VideoOS.Analytics.Events.UnitTest.dll" adapterTypeName="executor://mstestadapter/v2" className="VideoOS.Analytics.Events.UnitTest.Admin.TestBaseItem" name="GetChildrenTest" />
    </UnitTest>
    <UnitTest name="TestGetItemName" storage="d:\actions-runner\_work\xpco\xpco\eventserver\analyticsevents\analytics\videoos.analytics.events.unittest\bin\debug\net47\videoos.analytics.events.unittest.dll" id="0b6c05fd-d413-bc3a-3d24-b6744d2323a9">
      <Execution id="44ff6917-af71-4566-85fd-e8b9665e9d21" />
      <TestMethod codeBase="D:\actions-runner\_work\XPCO\XPCO\EventServer\AnalyticsEvents\Analytics\VideoOS.Analytics.Events.UnitTest\bin\Debug\net47\VideoOS.Analytics.Events.UnitTest.dll" adapterTypeName="executor://mstestadapter/v2" className="VideoOS.Analytics.Events.UnitTest.Admin.TestAnalyticsEventItemManager" name="TestGetItemName" />
    </UnitTest>
    <UnitTest name="TestValidateAndSaveUserControl_True" storage="d:\actions-runner\_work\xpco\xpco\eventserver\analyticsevents\analytics\videoos.analytics.events.unittest\bin\debug\net47\videoos.analytics.events.unittest.dll" id="70b8acfc-0f5d-15c1-74a7-35d8aa14bdfe">
      <Execution id="60a40a25-b15f-4eaf-8e1c-b0f6e3aba7ba" />
      <TestMethod codeBase="D:\actions-runner\_work\XPCO\XPCO\EventServer\AnalyticsEvents\Analytics\VideoOS.Analytics.Events.UnitTest\bin\Debug\net47\VideoOS.Analytics.Events.UnitTest.dll" adapterTypeName="executor://mstestadapter/v2" className="VideoOS.Analytics.Events.UnitTest.Admin.TestAnalyticsEventItemManager" name="TestValidateAndSaveUserControl_True" />
    </UnitTest>
    <UnitTest name="TestUpdateEventDefinitions_WithNullEventDefinitions" storage="d:\actions-runner\_work\xpco\xpco\eventserver\analyticsevents\analytics\videoos.analytics.events.unittest\bin\debug\net47\videoos.analytics.events.unittest.dll" id="e79c1d31-afdf-0db0-a7ad-68a989a60397">
      <Execution id="bcb86ed6-be72-4426-a704-5f1651e2d743" />
      <TestMethod codeBase="D:\actions-runner\_work\XPCO\XPCO\EventServer\AnalyticsEvents\Analytics\VideoOS.Analytics.Events.UnitTest\bin\Debug\net47\VideoOS.Analytics.Events.UnitTest.dll" adapterTypeName="executor://mstestadapter/v2" className="VideoOS.Analytics.Events.UnitTest.Background.TestServerSettingsManager" name="TestUpdateEventDefinitions_WithNullEventDefinitions" />
    </UnitTest>
    <UnitTest name="TestAddItem_AddExistingItemName" storage="d:\actions-runner\_work\xpco\xpco\eventserver\analyticsevents\analytics\videoos.analytics.events.unittest\bin\debug\net47\videoos.analytics.events.unittest.dll" id="7c111c6e-1816-2f70-18ff-30ffbb26ba59">
      <Execution id="cf37cc60-2c38-4cd5-8368-d0fb7a3fa2fa" />
      <TestMethod codeBase="D:\actions-runner\_work\XPCO\XPCO\EventServer\AnalyticsEvents\Analytics\VideoOS.Analytics.Events.UnitTest\bin\Debug\net47\VideoOS.Analytics.Events.UnitTest.dll" adapterTypeName="executor://mstestadapter/v2" className="VideoOS.Analytics.Events.UnitTest.Admin.TestAnalyticsEventItemManager" name="TestAddItem_AddExistingItemName" />
    </UnitTest>
    <UnitTest name="TestEventMessageNullDoc" storage="d:\actions-runner\_work\xpco\xpco\eventserver\analyticsevents\analytics\videoos.analytics.events.unittest\bin\debug\net47\videoos.analytics.events.unittest.dll" id="aae93390-7014-1885-f1be-02208dc3d7d1">
      <Execution id="3d4f011d-8f09-4312-9cc2-d9716891c36d" />
      <TestMethod codeBase="D:\actions-runner\_work\XPCO\XPCO\EventServer\AnalyticsEvents\Analytics\VideoOS.Analytics.Events.UnitTest\bin\Debug\net47\VideoOS.Analytics.Events.UnitTest.dll" adapterTypeName="executor://mstestadapter/v2" className="VideoOS.Analytics.Events.UnitTest.Server.TestAnalyticsEventHandler" name="TestEventMessageNullDoc" />
    </UnitTest>
    <UnitTest name="TestConstructor_NullItem" storage="d:\actions-runner\_work\xpco\xpco\eventserver\analyticsevents\analytics\videoos.analytics.events.unittest\bin\debug\net47\videoos.analytics.events.unittest.dll" id="7cc4d0b0-ebf8-1238-6c90-a328149d9647">
      <Execution id="ab784d7d-ae03-42bc-8a5d-90daa9cdde9b" />
      <TestMethod codeBase="D:\actions-runner\_work\XPCO\XPCO\EventServer\AnalyticsEvents\Analytics\VideoOS.Analytics.Events.UnitTest\bin\Debug\net47\VideoOS.Analytics.Events.UnitTest.dll" adapterTypeName="executor://mstestadapter/v2" className="VideoOS.Analytics.Events.UnitTest.Admin.TestBaseItem" name="TestConstructor_NullItem" />
    </UnitTest>
    <UnitTest name="TestGetItemName_Null" storage="d:\actions-runner\_work\xpco\xpco\eventserver\analyticsevents\analytics\videoos.analytics.events.unittest\bin\debug\net47\videoos.analytics.events.unittest.dll" id="2735212f-ff13-4b14-ad73-c122581defaa">
      <Execution id="d2cdae22-e26e-4d76-a9f0-c7b2c0a54edc" />
      <TestMethod codeBase="D:\actions-runner\_work\XPCO\XPCO\EventServer\AnalyticsEvents\Analytics\VideoOS.Analytics.Events.UnitTest\bin\Debug\net47\VideoOS.Analytics.Events.UnitTest.dll" adapterTypeName="executor://mstestadapter/v2" className="VideoOS.Analytics.Events.UnitTest.Admin.TestAnalyticsEventItemManager" name="TestGetItemName_Null" />
    </UnitTest>
    <UnitTest name="TestRunNotAuthorized" storage="d:\actions-runner\_work\xpco\xpco\eventserver\analyticsevents\analytics\videoos.analytics.events.unittest\bin\debug\net47\videoos.analytics.events.unittest.dll" id="b732fd71-b534-bedb-b721-ce634efb5754">
      <Execution id="54bc86ee-4001-4a59-90ce-aa99d3fa6f16" />
      <TestMethod codeBase="D:\actions-runner\_work\XPCO\XPCO\EventServer\AnalyticsEvents\Analytics\VideoOS.Analytics.Events.UnitTest\bin\Debug\net47\VideoOS.Analytics.Events.UnitTest.dll" adapterTypeName="executor://mstestadapter/v2" className="VideoOS.Analytics.Events.UnitTest.Server.TestAlarmSession" name="TestRunNotAuthorized" />
    </UnitTest>
    <UnitTest name="TestHandleRequest_ValidXmlAlertReturnsAlarm" storage="d:\actions-runner\_work\xpco\xpco\eventserver\analyticsevents\analytics\videoos.analytics.events.unittest\bin\debug\net47\videoos.analytics.events.unittest.dll" id="bd54e1d8-be83-335d-1d3f-41d8659fc395">
      <Execution id="4b2f7275-3c34-4a17-a758-a399dcc076a2" />
      <TestMethod codeBase="D:\actions-runner\_work\XPCO\XPCO\EventServer\AnalyticsEvents\Analytics\VideoOS.Analytics.Events.UnitTest\bin\Debug\net47\VideoOS.Analytics.Events.UnitTest.dll" adapterTypeName="executor://mstestadapter/v2" className="VideoOS.Analytics.Events.UnitTest.Server.TestAlarmManager" name="TestHandleRequest_ValidXmlAlertReturnsAlarm" />
    </UnitTest>
    <UnitTest name="TestConstruction" storage="d:\actions-runner\_work\xpco\xpco\eventserver\analyticsevents\analytics\videoos.analytics.events.unittest\bin\debug\net47\videoos.analytics.events.unittest.dll" id="bbce43df-f93d-45cf-2ace-1d54d228ecf3">
      <Execution id="2feb0e6a-ca78-40a6-9ac4-09767b34afb0" />
      <TestMethod codeBase="D:\actions-runner\_work\XPCO\XPCO\EventServer\AnalyticsEvents\Analytics\VideoOS.Analytics.Events.UnitTest\bin\Debug\net47\VideoOS.Analytics.Events.UnitTest.dll" adapterTypeName="executor://mstestadapter/v2" className="VideoOS.Analytics.Events.UnitTest.Server.TestAnalyticsEventHandler" name="TestConstruction" />
    </UnitTest>
    <UnitTest name="TestName_EnvironmentTypeAdministration" storage="d:\actions-runner\_work\xpco\xpco\eventserver\analyticsevents\analytics\videoos.analytics.events.unittest\bin\debug\net47\videoos.analytics.events.unittest.dll" id="a0d1db26-e58f-71ad-41ec-a68bf89707fd">
      <Execution id="83d88510-66ed-401f-a2d6-e244bdae08bc" />
      <TestMethod codeBase="D:\actions-runner\_work\XPCO\XPCO\EventServer\AnalyticsEvents\Analytics\VideoOS.Analytics.Events.UnitTest\bin\Debug\net47\VideoOS.Analytics.Events.UnitTest.dll" adapterTypeName="executor://mstestadapter/v2" className="VideoOS.Analytics.Events.UnitTest.Admin.TestAnalyticsEventItem" name="TestName_EnvironmentTypeAdministration" />
    </UnitTest>
    <UnitTest name="TestFillSourceWithObjectIdReturnNullItem" storage="d:\actions-runner\_work\xpco\xpco\eventserver\analyticsevents\analytics\videoos.analytics.events.unittest\bin\debug\net47\videoos.analytics.events.unittest.dll" id="063d0ec7-783f-7706-6c0b-9c29ba060dc1">
      <Execution id="27ffec96-74d5-4d27-90a1-cfaf5cde592a" />
      <TestMethod codeBase="D:\actions-runner\_work\XPCO\XPCO\EventServer\AnalyticsEvents\Analytics\VideoOS.Analytics.Events.UnitTest\bin\Debug\net47\VideoOS.Analytics.Events.UnitTest.dll" adapterTypeName="executor://mstestadapter/v2" className="VideoOS.Analytics.Events.UnitTest.Server.TestAnalyticsEventHandler" name="TestFillSourceWithObjectIdReturnNullItem" />
    </UnitTest>
    <UnitTest name="TestRunNoDataAvailable" storage="d:\actions-runner\_work\xpco\xpco\eventserver\analyticsevents\analytics\videoos.analytics.events.unittest\bin\debug\net47\videoos.analytics.events.unittest.dll" id="c55d3e05-9a16-affd-e564-dbe17acf2ec1">
      <Execution id="463ab6f2-54e8-4ed1-af25-ca210fe9441a" />
      <TestMethod codeBase="D:\actions-runner\_work\XPCO\XPCO\EventServer\AnalyticsEvents\Analytics\VideoOS.Analytics.Events.UnitTest\bin\Debug\net47\VideoOS.Analytics.Events.UnitTest.dll" adapterTypeName="executor://mstestadapter/v2" className="VideoOS.Analytics.Events.UnitTest.Server.TestAlarmSession" name="TestRunNoDataAvailable" />
    </UnitTest>
    <UnitTest name="TestIsAuthorized_InvalidAddress" storage="d:\actions-runner\_work\xpco\xpco\eventserver\analyticsevents\analytics\videoos.analytics.events.unittest\bin\debug\net47\videoos.analytics.events.unittest.dll" id="68e40d93-f104-d573-b78b-f374bb89bda8">
      <Execution id="089cef48-3e43-42bf-98b7-6c33d93283f8" />
      <TestMethod codeBase="D:\actions-runner\_work\XPCO\XPCO\EventServer\AnalyticsEvents\Analytics\VideoOS.Analytics.Events.UnitTest\bin\Debug\net47\VideoOS.Analytics.Events.UnitTest.dll" adapterTypeName="executor://mstestadapter/v2" className="VideoOS.Analytics.Events.UnitTest.Background.TestServerSettingsManager" name="TestIsAuthorized_InvalidAddress" />
    </UnitTest>
    <UnitTest name="TestName_EnvironmentNull" storage="d:\actions-runner\_work\xpco\xpco\eventserver\analyticsevents\analytics\videoos.analytics.events.unittest\bin\debug\net47\videoos.analytics.events.unittest.dll" id="63eb29b2-a20a-4e3c-ee32-fac315e3f3da">
      <Execution id="d03f965b-f082-4f89-9d65-f02c7397acaa" />
      <TestMethod codeBase="D:\actions-runner\_work\XPCO\XPCO\EventServer\AnalyticsEvents\Analytics\VideoOS.Analytics.Events.UnitTest\bin\Debug\net47\VideoOS.Analytics.Events.UnitTest.dll" adapterTypeName="executor://mstestadapter/v2" className="VideoOS.Analytics.Events.UnitTest.Admin.TestGeneralSettingsItem" name="TestName_EnvironmentNull" />
    </UnitTest>
    <UnitTest name="TestGetKnownEventTypes" storage="d:\actions-runner\_work\xpco\xpco\eventserver\analyticsevents\analytics\videoos.analytics.events.unittest\bin\debug\net47\videoos.analytics.events.unittest.dll" id="4d4a5230-156e-d429-5e7e-49883d2c29f2">
      <Execution id="782228e3-3f2b-43cf-b2b1-6f684e678be0" />
      <TestMethod codeBase="D:\actions-runner\_work\XPCO\XPCO\EventServer\AnalyticsEvents\Analytics\VideoOS.Analytics.Events.UnitTest\bin\Debug\net47\VideoOS.Analytics.Events.UnitTest.dll" adapterTypeName="executor://mstestadapter/v2" className="VideoOS.Analytics.Events.UnitTest.Admin.TestAnalyticsEventItemManager" name="TestGetKnownEventTypes" />
    </UnitTest>
    <UnitTest name="GetRelatedAsyncTest" storage="d:\actions-runner\_work\xpco\xpco\eventserver\analyticsevents\analytics\videoos.analytics.events.unittest\bin\debug\net47\videoos.analytics.events.unittest.dll" id="fc2632b1-ab30-aefb-f26f-0a08ac51e247">
      <Execution id="606f060b-732e-4aa9-8cbb-fd3a3b2f1ca2" />
      <TestMethod codeBase="D:\actions-runner\_work\XPCO\XPCO\EventServer\AnalyticsEvents\Analytics\VideoOS.Analytics.Events.UnitTest\bin\Debug\net47\VideoOS.Analytics.Events.UnitTest.dll" adapterTypeName="executor://mstestadapter/v2" className="VideoOS.Analytics.Events.UnitTest.Admin.TestBaseItem" name="GetRelatedAsyncTest" />
    </UnitTest>
    <UnitTest name="TestHandleRequestValidXmlAlertFilterReturnsAsAlarmAsAlert" storage="d:\actions-runner\_work\xpco\xpco\eventserver\analyticsevents\analytics\videoos.analytics.events.unittest\bin\debug\net47\videoos.analytics.events.unittest.dll" id="8fb4fc96-7d08-7c00-cb0d-a78d000649c8">
      <Execution id="aff7dffc-ede8-4ef5-bd29-fd91c9ef5fdf" />
      <TestMethod codeBase="D:\actions-runner\_work\XPCO\XPCO\EventServer\AnalyticsEvents\Analytics\VideoOS.Analytics.Events.UnitTest\bin\Debug\net47\VideoOS.Analytics.Events.UnitTest.dll" adapterTypeName="executor://mstestadapter/v2" className="VideoOS.Analytics.Events.UnitTest.Server.TestAlarmManager" name="TestHandleRequestValidXmlAlertFilterReturnsAsAlarmAsAlert" />
    </UnitTest>
    <UnitTest name="TestConstructor_Default" storage="d:\actions-runner\_work\xpco\xpco\eventserver\analyticsevents\analytics\videoos.analytics.events.unittest\bin\debug\net47\videoos.analytics.events.unittest.dll" id="933408fc-e0db-e224-b7f6-9701212f2028">
      <Execution id="bee5e109-7350-4bc1-9172-491c45d1a75c" />
      <TestMethod codeBase="D:\actions-runner\_work\XPCO\XPCO\EventServer\AnalyticsEvents\Analytics\VideoOS.Analytics.Events.UnitTest\bin\Debug\net47\VideoOS.Analytics.Events.UnitTest.dll" adapterTypeName="executor://mstestadapter/v2" className="VideoOS.Analytics.Events.UnitTest.Admin.TestAnalyticsEventItem" name="TestConstructor_Default" />
    </UnitTest>
    <UnitTest name="TestSetGetPropertyInt" storage="d:\actions-runner\_work\xpco\xpco\eventserver\analyticsevents\analytics\videoos.analytics.events.unittest\bin\debug\net47\videoos.analytics.events.unittest.dll" id="4ed3a2f1-0624-7989-5ea0-238e5318bc3b">
      <Execution id="6e52d0d6-91c5-4004-8d69-caa383452d5e" />
      <TestMethod codeBase="D:\actions-runner\_work\XPCO\XPCO\EventServer\AnalyticsEvents\Analytics\VideoOS.Analytics.Events.UnitTest\bin\Debug\net47\VideoOS.Analytics.Events.UnitTest.dll" adapterTypeName="executor://mstestadapter/v2" className="VideoOS.Analytics.Events.UnitTest.Admin.TestBaseItem" name="TestSetGetPropertyInt" />
    </UnitTest>
    <UnitTest name="TestFillSourceNullAlarm" storage="d:\actions-runner\_work\xpco\xpco\eventserver\analyticsevents\analytics\videoos.analytics.events.unittest\bin\debug\net47\videoos.analytics.events.unittest.dll" id="fdd4396d-853a-b81c-99e8-330fa750b5bb">
      <Execution id="322afca5-7a53-477b-9ca3-01433a2d4bb1" />
      <TestMethod codeBase="D:\actions-runner\_work\XPCO\XPCO\EventServer\AnalyticsEvents\Analytics\VideoOS.Analytics.Events.UnitTest\bin\Debug\net47\VideoOS.Analytics.Events.UnitTest.dll" adapterTypeName="executor://mstestadapter/v2" className="VideoOS.Analytics.Events.UnitTest.Server.TestAlertHandler" name="TestFillSourceNullAlarm" />
    </UnitTest>
    <UnitTest name="TestAnalyticsEvent" storage="d:\actions-runner\_work\xpco\xpco\eventserver\analyticsevents\analytics\videoos.analytics.events.unittest\bin\debug\net47\videoos.analytics.events.unittest.dll" id="c5401e31-592e-1ba8-aba9-0d1fd119b7e1">
      <Execution id="c468d6d9-a7b0-425d-96c4-05bd4ee6c666" />
      <TestMethod codeBase="D:\actions-runner\_work\XPCO\XPCO\EventServer\AnalyticsEvents\Analytics\VideoOS.Analytics.Events.UnitTest\bin\Debug\net47\VideoOS.Analytics.Events.UnitTest.dll" adapterTypeName="executor://mstestadapter/v2" className="VideoOS.Analytics.Events.UnitTest.Server.TestAlertHandler" name="TestAnalyticsEvent" />
    </UnitTest>
    <UnitTest name="TestConstructor_Fqid" storage="d:\actions-runner\_work\xpco\xpco\eventserver\analyticsevents\analytics\videoos.analytics.events.unittest\bin\debug\net47\videoos.analytics.events.unittest.dll" id="29f1dda2-2ce7-dfd2-c1cc-985082bb198b">
      <Execution id="9e178bec-d195-4938-8701-917e80b3029c" />
      <TestMethod codeBase="D:\actions-runner\_work\XPCO\XPCO\EventServer\AnalyticsEvents\Analytics\VideoOS.Analytics.Events.UnitTest\bin\Debug\net47\VideoOS.Analytics.Events.UnitTest.dll" adapterTypeName="executor://mstestadapter/v2" className="VideoOS.Analytics.Events.UnitTest.Admin.TestAnalyticsEventItem" name="TestConstructor_Fqid" />
    </UnitTest>
    <UnitTest name="SetChildrenTest" storage="d:\actions-runner\_work\xpco\xpco\eventserver\analyticsevents\analytics\videoos.analytics.events.unittest\bin\debug\net47\videoos.analytics.events.unittest.dll" id="ed499e1b-c474-96f6-0d03-6d7bc038a3ef">
      <Execution id="f19f95bc-1035-48a1-9975-a45f44e021e9" />
      <TestMethod codeBase="D:\actions-runner\_work\XPCO\XPCO\EventServer\AnalyticsEvents\Analytics\VideoOS.Analytics.Events.UnitTest\bin\Debug\net47\VideoOS.Analytics.Events.UnitTest.dll" adapterTypeName="executor://mstestadapter/v2" className="VideoOS.Analytics.Events.UnitTest.Admin.TestBaseItem" name="SetChildrenTest" />
    </UnitTest>
    <UnitTest name="TestGetItems_ConfigNull" storage="d:\actions-runner\_work\xpco\xpco\eventserver\analyticsevents\analytics\videoos.analytics.events.unittest\bin\debug\net47\videoos.analytics.events.unittest.dll" id="0682fd04-8c4e-05bb-dafd-b9741ee85bd2">
      <Execution id="d9e164db-3476-470d-b58e-3028164f680f" />
      <TestMethod codeBase="D:\actions-runner\_work\XPCO\XPCO\EventServer\AnalyticsEvents\Analytics\VideoOS.Analytics.Events.UnitTest\bin\Debug\net47\VideoOS.Analytics.Events.UnitTest.dll" adapterTypeName="executor://mstestadapter/v2" className="VideoOS.Analytics.Events.UnitTest.Admin.TestAnalyticsEventItemManager" name="TestGetItems_ConfigNull" />
    </UnitTest>
    <UnitTest name="TestSetGetPropertyStringList" storage="d:\actions-runner\_work\xpco\xpco\eventserver\analyticsevents\analytics\videoos.analytics.events.unittest\bin\debug\net47\videoos.analytics.events.unittest.dll" id="cd3490dd-e583-4a73-4a21-89dcff98c7f0">
      <Execution id="4bbb6cc4-ee06-485f-845c-82f921b298b7" />
      <TestMethod codeBase="D:\actions-runner\_work\XPCO\XPCO\EventServer\AnalyticsEvents\Analytics\VideoOS.Analytics.Events.UnitTest\bin\Debug\net47\VideoOS.Analytics.Events.UnitTest.dll" adapterTypeName="executor://mstestadapter/v2" className="VideoOS.Analytics.Events.UnitTest.Admin.TestBaseItem" name="TestSetGetPropertyStringList" />
    </UnitTest>
    <UnitTest name="TestIsAuthorized_SecurityEnabled" storage="d:\actions-runner\_work\xpco\xpco\eventserver\analyticsevents\analytics\videoos.analytics.events.unittest\bin\debug\net47\videoos.analytics.events.unittest.dll" id="ca83f4bc-62f7-8824-4231-f38c650de7dd">
      <Execution id="67205619-410c-44f1-925b-32157c133ced" />
      <TestMethod codeBase="D:\actions-runner\_work\XPCO\XPCO\EventServer\AnalyticsEvents\Analytics\VideoOS.Analytics.Events.UnitTest\bin\Debug\net47\VideoOS.Analytics.Events.UnitTest.dll" adapterTypeName="executor://mstestadapter/v2" className="VideoOS.Analytics.Events.UnitTest.Background.TestServerSettingsManager" name="TestIsAuthorized_SecurityEnabled" />
    </UnitTest>
    <UnitTest name="TestFillSourceWithNoHostname" storage="d:\actions-runner\_work\xpco\xpco\eventserver\analyticsevents\analytics\videoos.analytics.events.unittest\bin\debug\net47\videoos.analytics.events.unittest.dll" id="30ec32a1-7325-a21c-c877-feeaff272be5">
      <Execution id="9e51ce8c-3610-417d-a192-87c783f1692b" />
      <TestMethod codeBase="D:\actions-runner\_work\XPCO\XPCO\EventServer\AnalyticsEvents\Analytics\VideoOS.Analytics.Events.UnitTest\bin\Debug\net47\VideoOS.Analytics.Events.UnitTest.dll" adapterTypeName="executor://mstestadapter/v2" className="VideoOS.Analytics.Events.UnitTest.Server.TestAlertHandler" name="TestFillSourceWithNoHostname" />
    </UnitTest>
    <UnitTest name="TestDeleteItem" storage="d:\actions-runner\_work\xpco\xpco\eventserver\analyticsevents\analytics\videoos.analytics.events.unittest\bin\debug\net47\videoos.analytics.events.unittest.dll" id="9063848d-03b0-ccf0-45e2-db439660c51f">
      <Execution id="e097face-a24c-49df-95af-7da4fad2391f" />
      <TestMethod codeBase="D:\actions-runner\_work\XPCO\XPCO\EventServer\AnalyticsEvents\Analytics\VideoOS.Analytics.Events.UnitTest\bin\Debug\net47\VideoOS.Analytics.Events.UnitTest.dll" adapterTypeName="executor://mstestadapter/v2" className="VideoOS.Analytics.Events.UnitTest.Admin.TestAnalyticsEventItemManager" name="TestDeleteItem" />
    </UnitTest>
    <UnitTest name="TestIsAuthorized_SecurityDisabled" storage="d:\actions-runner\_work\xpco\xpco\eventserver\analyticsevents\analytics\videoos.analytics.events.unittest\bin\debug\net47\videoos.analytics.events.unittest.dll" id="1dddb1a4-febd-fefd-93eb-1bc509392e46">
      <Execution id="03323d64-7515-4258-b0ba-51d937566d0c" />
      <TestMethod codeBase="D:\actions-runner\_work\XPCO\XPCO\EventServer\AnalyticsEvents\Analytics\VideoOS.Analytics.Events.UnitTest\bin\Debug\net47\VideoOS.Analytics.Events.UnitTest.dll" adapterTypeName="executor://mstestadapter/v2" className="VideoOS.Analytics.Events.UnitTest.Background.TestServerSettingsManager" name="TestIsAuthorized_SecurityDisabled" />
    </UnitTest>
    <UnitTest name="TestFillUserControl" storage="d:\actions-runner\_work\xpco\xpco\eventserver\analyticsevents\analytics\videoos.analytics.events.unittest\bin\debug\net47\videoos.analytics.events.unittest.dll" id="c485f20f-2936-e124-573a-af07abec5069">
      <Execution id="661e4a93-6468-4996-a00d-39f843cac878" />
      <TestMethod codeBase="D:\actions-runner\_work\XPCO\XPCO\EventServer\AnalyticsEvents\Analytics\VideoOS.Analytics.Events.UnitTest\bin\Debug\net47\VideoOS.Analytics.Events.UnitTest.dll" adapterTypeName="executor://mstestadapter/v2" className="VideoOS.Analytics.Events.UnitTest.Admin.TestAnalyticsEventItemManager" name="TestFillUserControl" />
    </UnitTest>
    <UnitTest name="TestUpdateGeneralSettings_WithCustomHostLists" storage="d:\actions-runner\_work\xpco\xpco\eventserver\analyticsevents\analytics\videoos.analytics.events.unittest\bin\debug\net47\videoos.analytics.events.unittest.dll" id="76d38649-39be-7a04-7bd4-089305eebdba">
      <Execution id="219823e1-b263-4c36-9bd8-9d54b5caca38" />
      <TestMethod codeBase="D:\actions-runner\_work\XPCO\XPCO\EventServer\AnalyticsEvents\Analytics\VideoOS.Analytics.Events.UnitTest\bin\Debug\net47\VideoOS.Analytics.Events.UnitTest.dll" adapterTypeName="executor://mstestadapter/v2" className="VideoOS.Analytics.Events.UnitTest.Background.TestServerSettingsManager" name="TestUpdateGeneralSettings_WithCustomHostLists" />
    </UnitTest>
    <UnitTest name="TestEventMessageWithMessage" storage="d:\actions-runner\_work\xpco\xpco\eventserver\analyticsevents\analytics\videoos.analytics.events.unittest\bin\debug\net47\videoos.analytics.events.unittest.dll" id="9ee2b58d-4d5c-216b-cc4e-e3eef1a00c60">
      <Execution id="20168ac2-1f73-47e4-a2bf-edb569a6610b" />
      <TestMethod codeBase="D:\actions-runner\_work\XPCO\XPCO\EventServer\AnalyticsEvents\Analytics\VideoOS.Analytics.Events.UnitTest\bin\Debug\net47\VideoOS.Analytics.Events.UnitTest.dll" adapterTypeName="executor://mstestadapter/v2" className="VideoOS.Analytics.Events.UnitTest.Server.TestAlertHandler" name="TestEventMessageWithMessage" />
    </UnitTest>
    <UnitTest name="TestCreateAlarmWithWrongFormat" storage="d:\actions-runner\_work\xpco\xpco\eventserver\analyticsevents\analytics\videoos.analytics.events.unittest\bin\debug\net47\videoos.analytics.events.unittest.dll" id="57ba51e2-0449-69a0-a0fe-95177de0540e">
      <Execution id="54e3d165-2dab-4707-8203-1eabdf456acd" />
      <TestMethod codeBase="D:\actions-runner\_work\XPCO\XPCO\EventServer\AnalyticsEvents\Analytics\VideoOS.Analytics.Events.UnitTest\bin\Debug\net47\VideoOS.Analytics.Events.UnitTest.dll" adapterTypeName="executor://mstestadapter/v2" className="VideoOS.Analytics.Events.UnitTest.Server.TestAnalyticsEventHandler" name="TestCreateAlarmWithWrongFormat" />
    </UnitTest>
    <UnitTest name="TestFillSourceWithHostname" storage="d:\actions-runner\_work\xpco\xpco\eventserver\analyticsevents\analytics\videoos.analytics.events.unittest\bin\debug\net47\videoos.analytics.events.unittest.dll" id="b02adbca-d714-cd3d-4572-5d3913e8b0bd">
      <Execution id="a53fd744-6601-4330-8205-4a57b401042d" />
      <TestMethod codeBase="D:\actions-runner\_work\XPCO\XPCO\EventServer\AnalyticsEvents\Analytics\VideoOS.Analytics.Events.UnitTest\bin\Debug\net47\VideoOS.Analytics.Events.UnitTest.dll" adapterTypeName="executor://mstestadapter/v2" className="VideoOS.Analytics.Events.UnitTest.Server.TestAlertHandler" name="TestFillSourceWithHostname" />
    </UnitTest>
    <UnitTest name="TestRunAlertDataTestAllResult" storage="d:\actions-runner\_work\xpco\xpco\eventserver\analyticsevents\analytics\videoos.analytics.events.unittest\bin\debug\net47\videoos.analytics.events.unittest.dll" id="5b6e1893-dff2-dc10-8ea6-8a16a6b9c356">
      <Execution id="00abe88b-f675-4ad7-9e8b-3e9cb37a468c" />
      <TestMethod codeBase="D:\actions-runner\_work\XPCO\XPCO\EventServer\AnalyticsEvents\Analytics\VideoOS.Analytics.Events.UnitTest\bin\Debug\net47\VideoOS.Analytics.Events.UnitTest.dll" adapterTypeName="executor://mstestadapter/v2" className="VideoOS.Analytics.Events.UnitTest.Server.TestAlarmSession" name="TestRunAlertDataTestAllResult" />
    </UnitTest>
    <UnitTest name="TestConstructor_Item" storage="d:\actions-runner\_work\xpco\xpco\eventserver\analyticsevents\analytics\videoos.analytics.events.unittest\bin\debug\net47\videoos.analytics.events.unittest.dll" id="28c61743-69cc-da8e-f843-61961a6de37b">
      <Execution id="d79911e0-a803-4a3c-9cd9-783fbe62e1ae" />
      <TestMethod codeBase="D:\actions-runner\_work\XPCO\XPCO\EventServer\AnalyticsEvents\Analytics\VideoOS.Analytics.Events.UnitTest\bin\Debug\net47\VideoOS.Analytics.Events.UnitTest.dll" adapterTypeName="executor://mstestadapter/v2" className="VideoOS.Analytics.Events.UnitTest.Admin.TestBaseItem" name="TestConstructor_Item" />
    </UnitTest>
    <UnitTest name="TestParseIpList" storage="d:\actions-runner\_work\xpco\xpco\eventserver\analyticsevents\analytics\videoos.analytics.events.unittest\bin\debug\net47\videoos.analytics.events.unittest.dll" id="e94dd9f2-6af9-b55d-6b0d-fb0a01cd9cb5">
      <Execution id="3d71434d-a0ac-4db5-8b3b-6b00edf28fd0" />
      <TestMethod codeBase="D:\actions-runner\_work\XPCO\XPCO\EventServer\AnalyticsEvents\Analytics\VideoOS.Analytics.Events.UnitTest\bin\Debug\net47\VideoOS.Analytics.Events.UnitTest.dll" adapterTypeName="executor://mstestadapter/v2" className="VideoOS.Analytics.Events.UnitTest.Admin.TestUpgradeManager" name="TestParseIpList" />
    </UnitTest>
    <UnitTest name="TestReleaseUserControl_Null" storage="d:\actions-runner\_work\xpco\xpco\eventserver\analyticsevents\analytics\videoos.analytics.events.unittest\bin\debug\net47\videoos.analytics.events.unittest.dll" id="26a8eab7-f707-d623-7dae-cdddc206df2a">
      <Execution id="87b3f54f-40a1-4656-8cc9-9b72f54c0063" />
      <TestMethod codeBase="D:\actions-runner\_work\XPCO\XPCO\EventServer\AnalyticsEvents\Analytics\VideoOS.Analytics.Events.UnitTest\bin\Debug\net47\VideoOS.Analytics.Events.UnitTest.dll" adapterTypeName="executor://mstestadapter/v2" className="VideoOS.Analytics.Events.UnitTest.Admin.TestAnalyticsEventItemManager" name="TestReleaseUserControl_Null" />
    </UnitTest>
    <UnitTest name="TestClose" storage="d:\actions-runner\_work\xpco\xpco\eventserver\analyticsevents\analytics\videoos.analytics.events.unittest\bin\debug\net47\videoos.analytics.events.unittest.dll" id="32df93b1-004b-6234-4277-add42c07082d">
      <Execution id="82c6ff77-bd6f-452b-88d6-6c21fe7f7163" />
      <TestMethod codeBase="D:\actions-runner\_work\XPCO\XPCO\EventServer\AnalyticsEvents\Analytics\VideoOS.Analytics.Events.UnitTest\bin\Debug\net47\VideoOS.Analytics.Events.UnitTest.dll" adapterTypeName="executor://mstestadapter/v2" className="VideoOS.Analytics.Events.UnitTest.Admin.TestAnalyticsEventItemManager" name="TestClose" />
    </UnitTest>
    <UnitTest name="TestAdd" storage="d:\actions-runner\_work\xpco\xpco\eventserver\analyticsevents\analytics\videoos.analytics.events.unittest\bin\debug\net47\videoos.analytics.events.unittest.dll" id="1d2abe98-623e-b9eb-68ea-9dc55d7f52c4">
      <Execution id="3d0f3caf-da7c-40d5-9618-96e6bb203576" />
      <TestMethod codeBase="D:\actions-runner\_work\XPCO\XPCO\EventServer\AnalyticsEvents\Analytics\VideoOS.Analytics.Events.UnitTest\bin\Debug\net47\VideoOS.Analytics.Events.UnitTest.dll" adapterTypeName="executor://mstestadapter/v2" className="VideoOS.Analytics.Events.UnitTest.Server.DeviceManager.TestDeviceManagerXPCO" name="TestAdd" />
    </UnitTest>
    <UnitTest name="TestConstructor_NullItem" storage="d:\actions-runner\_work\xpco\xpco\eventserver\analyticsevents\analytics\videoos.analytics.events.unittest\bin\debug\net47\videoos.analytics.events.unittest.dll" id="ad871a49-75b0-6181-9664-3bbea754d11e">
      <Execution id="c7a55017-880a-49e6-822c-19577b7a3189" />
      <TestMethod codeBase="D:\actions-runner\_work\XPCO\XPCO\EventServer\AnalyticsEvents\Analytics\VideoOS.Analytics.Events.UnitTest\bin\Debug\net47\VideoOS.Analytics.Events.UnitTest.dll" adapterTypeName="executor://mstestadapter/v2" className="VideoOS.Analytics.Events.UnitTest.Admin.TestAnalyticsEventItem" name="TestConstructor_NullItem" />
    </UnitTest>
    <UnitTest name="TestHandleRequest_ValidXmlAlertCreateAlarmReturnsNotOk" storage="d:\actions-runner\_work\xpco\xpco\eventserver\analyticsevents\analytics\videoos.analytics.events.unittest\bin\debug\net47\videoos.analytics.events.unittest.dll" id="5f27c56a-2336-ecc1-a299-39c7c2f53714">
      <Execution id="97a8548e-c8f7-4ad8-bb80-4424bbe37116" />
      <TestMethod codeBase="D:\actions-runner\_work\XPCO\XPCO\EventServer\AnalyticsEvents\Analytics\VideoOS.Analytics.Events.UnitTest\bin\Debug\net47\VideoOS.Analytics.Events.UnitTest.dll" adapterTypeName="executor://mstestadapter/v2" className="VideoOS.Analytics.Events.UnitTest.Server.TestAlarmManager" name="TestHandleRequest_ValidXmlAlertCreateAlarmReturnsNotOk" />
    </UnitTest>
    <UnitTest name="NameTest" storage="d:\actions-runner\_work\xpco\xpco\eventserver\analyticsevents\analytics\videoos.analytics.events.unittest\bin\debug\net47\videoos.analytics.events.unittest.dll" id="531745fb-1036-cd42-4937-8988531bfd55">
      <Execution id="0312c106-483a-4891-9799-98f4bdd97812" />
      <TestMethod codeBase="D:\actions-runner\_work\XPCO\XPCO\EventServer\AnalyticsEvents\Analytics\VideoOS.Analytics.Events.UnitTest\bin\Debug\net47\VideoOS.Analytics.Events.UnitTest.dll" adapterTypeName="executor://mstestadapter/v2" className="VideoOS.Analytics.Events.UnitTest.Admin.TestBaseItem" name="NameTest" />
    </UnitTest>
    <UnitTest name="TestCreateAlarmWithMinimum" storage="d:\actions-runner\_work\xpco\xpco\eventserver\analyticsevents\analytics\videoos.analytics.events.unittest\bin\debug\net47\videoos.analytics.events.unittest.dll" id="d298f1e0-c8a5-d75b-0ef3-b39c6d540a53">
      <Execution id="674be073-4c47-4c94-a8da-50ed080951c1" />
      <TestMethod codeBase="D:\actions-runner\_work\XPCO\XPCO\EventServer\AnalyticsEvents\Analytics\VideoOS.Analytics.Events.UnitTest\bin\Debug\net47\VideoOS.Analytics.Events.UnitTest.dll" adapterTypeName="executor://mstestadapter/v2" className="VideoOS.Analytics.Events.UnitTest.Server.TestAlertHandler" name="TestCreateAlarmWithMinimum" />
    </UnitTest>
    <UnitTest name="TestServiceEnabled" storage="d:\actions-runner\_work\xpco\xpco\eventserver\analyticsevents\analytics\videoos.analytics.events.unittest\bin\debug\net47\videoos.analytics.events.unittest.dll" id="3cc755fb-5a66-6257-0e18-9696b64dfe93">
      <Execution id="c575fa78-6cb2-47f5-839f-a7d9975391cf" />
      <TestMethod codeBase="D:\actions-runner\_work\XPCO\XPCO\EventServer\AnalyticsEvents\Analytics\VideoOS.Analytics.Events.UnitTest\bin\Debug\net47\VideoOS.Analytics.Events.UnitTest.dll" adapterTypeName="executor://mstestadapter/v2" className="VideoOS.Analytics.Events.UnitTest.Admin.TestGeneralSettingsItem" name="TestServiceEnabled" />
    </UnitTest>
    <UnitTest name="TestConfiguration" storage="d:\actions-runner\_work\xpco\xpco\eventserver\analyticsevents\analytics\videoos.analytics.events.unittest\bin\debug\net47\videoos.analytics.events.unittest.dll" id="2b84a2cd-763f-f900-99a9-5fdc0db16d50">
      <Execution id="d90d4ac7-cc3b-47db-ac68-94aee878d4cb" />
      <TestMethod codeBase="D:\actions-runner\_work\XPCO\XPCO\EventServer\AnalyticsEvents\Analytics\VideoOS.Analytics.Events.UnitTest\bin\Debug\net47\VideoOS.Analytics.Events.UnitTest.dll" adapterTypeName="executor://mstestadapter/v2" className="VideoOS.Analytics.Events.UnitTest.Server.TestAnalyticsEventHandler" name="TestConfiguration" />
    </UnitTest>
    <UnitTest name="TestImportEmptyIpListFile" storage="d:\actions-runner\_work\xpco\xpco\eventserver\analyticsevents\analytics\videoos.analytics.events.unittest\bin\debug\net47\videoos.analytics.events.unittest.dll" id="9aaa339f-ddc0-e2f6-0559-7a18d4c9fb4c">
      <Execution id="2b82df66-d7de-4f9c-8cb9-95aedd54f58f" />
      <TestMethod codeBase="D:\actions-runner\_work\XPCO\XPCO\EventServer\AnalyticsEvents\Analytics\VideoOS.Analytics.Events.UnitTest\bin\Debug\net47\VideoOS.Analytics.Events.UnitTest.dll" adapterTypeName="executor://mstestadapter/v2" className="VideoOS.Analytics.Events.UnitTest.Admin.TestAnalyticsEventOptionsDialogUserControl" name="TestImportEmptyIpListFile" />
    </UnitTest>
    <UnitTest name="TestName_EnvironmentNull" storage="d:\actions-runner\_work\xpco\xpco\eventserver\analyticsevents\analytics\videoos.analytics.events.unittest\bin\debug\net47\videoos.analytics.events.unittest.dll" id="0d1be572-dfc1-41df-e415-32bb6da31f80">
      <Execution id="d1e463e8-b4ae-45fd-a68e-c8d5cd38c490" />
      <TestMethod codeBase="D:\actions-runner\_work\XPCO\XPCO\EventServer\AnalyticsEvents\Analytics\VideoOS.Analytics.Events.UnitTest\bin\Debug\net47\VideoOS.Analytics.Events.UnitTest.dll" adapterTypeName="executor://mstestadapter/v2" className="VideoOS.Analytics.Events.UnitTest.Admin.TestAnalyticsEventItem" name="TestName_EnvironmentNull" />
    </UnitTest>
    <UnitTest name="TestConfiguration" storage="d:\actions-runner\_work\xpco\xpco\eventserver\analyticsevents\analytics\videoos.analytics.events.unittest\bin\debug\net47\videoos.analytics.events.unittest.dll" id="13bbd6c2-acb6-84fc-9250-7e899c4cba05">
      <Execution id="5c2eb8bf-e4a2-4550-b709-aa8739209efb" />
      <TestMethod codeBase="D:\actions-runner\_work\XPCO\XPCO\EventServer\AnalyticsEvents\Analytics\VideoOS.Analytics.Events.UnitTest\bin\Debug\net47\VideoOS.Analytics.Events.UnitTest.dll" adapterTypeName="executor://mstestadapter/v2" className="VideoOS.Analytics.Events.UnitTest.Server.TestAlertHandler" name="TestConfiguration" />
    </UnitTest>
    <UnitTest name="TestFillSourceNullAlarm" storage="d:\actions-runner\_work\xpco\xpco\eventserver\analyticsevents\analytics\videoos.analytics.events.unittest\bin\debug\net47\videoos.analytics.events.unittest.dll" id="bbb437a5-b175-785f-1346-4ed03a24180a">
      <Execution id="94bfcd5c-3ef9-4e74-bd18-618a28b1f5a4" />
      <TestMethod codeBase="D:\actions-runner\_work\XPCO\XPCO\EventServer\AnalyticsEvents\Analytics\VideoOS.Analytics.Events.UnitTest\bin\Debug\net47\VideoOS.Analytics.Events.UnitTest.dll" adapterTypeName="executor://mstestadapter/v2" className="VideoOS.Analytics.Events.UnitTest.Server.TestAnalyticsEventHandler" name="TestFillSourceNullAlarm" />
    </UnitTest>
    <UnitTest name="TestValidateAndSaveUserControl_False" storage="d:\actions-runner\_work\xpco\xpco\eventserver\analyticsevents\analytics\videoos.analytics.events.unittest\bin\debug\net47\videoos.analytics.events.unittest.dll" id="c639412f-a0bd-529f-42ba-db88d5ddb219">
      <Execution id="e54228d0-0f07-448c-bd11-bf1f120de801" />
      <TestMethod codeBase="D:\actions-runner\_work\XPCO\XPCO\EventServer\AnalyticsEvents\Analytics\VideoOS.Analytics.Events.UnitTest\bin\Debug\net47\VideoOS.Analytics.Events.UnitTest.dll" adapterTypeName="executor://mstestadapter/v2" className="VideoOS.Analytics.Events.UnitTest.Admin.TestAnalyticsEventItemManager" name="TestValidateAndSaveUserControl_False" />
    </UnitTest>
    <UnitTest name="TestEventDefinitionInfoLoaded" storage="d:\actions-runner\_work\xpco\xpco\eventserver\analyticsevents\analytics\videoos.analytics.events.unittest\bin\debug\net47\videoos.analytics.events.unittest.dll" id="28842cb7-88ff-c6f7-6139-0d4e33aac9e3">
      <Execution id="c9e25935-7e21-4a5b-afa3-c03eb057f346" />
      <TestMethod codeBase="D:\actions-runner\_work\XPCO\XPCO\EventServer\AnalyticsEvents\Analytics\VideoOS.Analytics.Events.UnitTest\bin\Debug\net47\VideoOS.Analytics.Events.UnitTest.dll" adapterTypeName="executor://mstestadapter/v2" className="VideoOS.Analytics.Events.UnitTest.Background.TestServerSettingsManager" name="TestEventDefinitionInfoLoaded" />
    </UnitTest>
    <UnitTest name="TestFillSourceWithSourceNameKnownObject" storage="d:\actions-runner\_work\xpco\xpco\eventserver\analyticsevents\analytics\videoos.analytics.events.unittest\bin\debug\net47\videoos.analytics.events.unittest.dll" id="dd7a7279-0902-784a-61c3-66b04a3e6973">
      <Execution id="e8e52a27-1e7c-4716-996b-3af367df2617" />
      <TestMethod codeBase="D:\actions-runner\_work\XPCO\XPCO\EventServer\AnalyticsEvents\Analytics\VideoOS.Analytics.Events.UnitTest\bin\Debug\net47\VideoOS.Analytics.Events.UnitTest.dll" adapterTypeName="executor://mstestadapter/v2" className="VideoOS.Analytics.Events.UnitTest.Server.TestAnalyticsEventHandler" name="TestFillSourceWithSourceNameKnownObject" />
    </UnitTest>
    <UnitTest name="GetDataSourceTest" storage="d:\actions-runner\_work\xpco\xpco\eventserver\analyticsevents\analytics\videoos.analytics.events.unittest\bin\debug\net47\videoos.analytics.events.unittest.dll" id="35131e3d-2d9b-f0d6-21c3-4fd8cdb02156">
      <Execution id="4d0390e7-bd8e-4b25-b26a-85edf15e5934" />
      <TestMethod codeBase="D:\actions-runner\_work\XPCO\XPCO\EventServer\AnalyticsEvents\Analytics\VideoOS.Analytics.Events.UnitTest\bin\Debug\net47\VideoOS.Analytics.Events.UnitTest.dll" adapterTypeName="executor://mstestadapter/v2" className="VideoOS.Analytics.Events.UnitTest.Admin.TestBaseItem" name="GetDataSourceTest" />
    </UnitTest>
    <UnitTest name="TestFillSourceWithObjectIdReturnItem" storage="d:\actions-runner\_work\xpco\xpco\eventserver\analyticsevents\analytics\videoos.analytics.events.unittest\bin\debug\net47\videoos.analytics.events.unittest.dll" id="25d1efdb-35a3-79e5-ae72-87e7e8e2202e">
      <Execution id="c257ffca-296b-4b1f-bf50-8d2fbdfc462b" />
      <TestMethod codeBase="D:\actions-runner\_work\XPCO\XPCO\EventServer\AnalyticsEvents\Analytics\VideoOS.Analytics.Events.UnitTest\bin\Debug\net47\VideoOS.Analytics.Events.UnitTest.dll" adapterTypeName="executor://mstestadapter/v2" className="VideoOS.Analytics.Events.UnitTest.Server.TestAnalyticsEventHandler" name="TestFillSourceWithObjectIdReturnItem" />
    </UnitTest>
    <UnitTest name="TestFillSourceWithObjectIdReturnNullItem" storage="d:\actions-runner\_work\xpco\xpco\eventserver\analyticsevents\analytics\videoos.analytics.events.unittest\bin\debug\net47\videoos.analytics.events.unittest.dll" id="5f632cc3-c55f-e00d-0b2d-7a6b37f4f2cc">
      <Execution id="aa8fd3c2-c8e1-4f6c-b053-2a0778107693" />
      <TestMethod codeBase="D:\actions-runner\_work\XPCO\XPCO\EventServer\AnalyticsEvents\Analytics\VideoOS.Analytics.Events.UnitTest\bin\Debug\net47\VideoOS.Analytics.Events.UnitTest.dll" adapterTypeName="executor://mstestadapter/v2" className="VideoOS.Analytics.Events.UnitTest.Server.TestAlertHandler" name="TestFillSourceWithObjectIdReturnNullItem" />
    </UnitTest>
    <UnitTest name="PropertiesTest" storage="d:\actions-runner\_work\xpco\xpco\eventserver\analyticsevents\analytics\videoos.analytics.events.unittest\bin\debug\net47\videoos.analytics.events.unittest.dll" id="8d1e8272-2cd2-ba7e-b7f4-7e27c9fed687">
      <Execution id="2694f5f5-c718-4d90-ac36-adc853aca81e" />
      <TestMethod codeBase="D:\actions-runner\_work\XPCO\XPCO\EventServer\AnalyticsEvents\Analytics\VideoOS.Analytics.Events.UnitTest\bin\Debug\net47\VideoOS.Analytics.Events.UnitTest.dll" adapterTypeName="executor://mstestadapter/v2" className="VideoOS.Analytics.Events.UnitTest.Admin.TestBaseItem" name="PropertiesTest" />
    </UnitTest>
    <UnitTest name="GetChildrenAsyncTest" storage="d:\actions-runner\_work\xpco\xpco\eventserver\analyticsevents\analytics\videoos.analytics.events.unittest\bin\debug\net47\videoos.analytics.events.unittest.dll" id="8127989a-fbd0-a0c5-1a81-e49b19dbac67">
      <Execution id="4e36062b-1e00-4f6c-99a8-c32f8087f163" />
      <TestMethod codeBase="D:\actions-runner\_work\XPCO\XPCO\EventServer\AnalyticsEvents\Analytics\VideoOS.Analytics.Events.UnitTest\bin\Debug\net47\VideoOS.Analytics.Events.UnitTest.dll" adapterTypeName="executor://mstestadapter/v2" className="VideoOS.Analytics.Events.UnitTest.Admin.TestBaseItem" name="GetChildrenAsyncTest" />
    </UnitTest>
    <UnitTest name="TestHandleRequestWithHtmlHeaderNotAllDataReceived" storage="d:\actions-runner\_work\xpco\xpco\eventserver\analyticsevents\analytics\videoos.analytics.events.unittest\bin\debug\net47\videoos.analytics.events.unittest.dll" id="e19ac113-2b0a-dae6-496b-4ca0bcf0772a">
      <Execution id="9df76a28-9b9f-4cb6-8234-29c61e06082c" />
      <TestMethod codeBase="D:\actions-runner\_work\XPCO\XPCO\EventServer\AnalyticsEvents\Analytics\VideoOS.Analytics.Events.UnitTest\bin\Debug\net47\VideoOS.Analytics.Events.UnitTest.dll" adapterTypeName="executor://mstestadapter/v2" className="VideoOS.Analytics.Events.UnitTest.Server.TestAlarmManager" name="TestHandleRequestWithHtmlHeaderNotAllDataReceived" />
    </UnitTest>
    <UnitTest name="TestName_EnvironmentTypeService" storage="d:\actions-runner\_work\xpco\xpco\eventserver\analyticsevents\analytics\videoos.analytics.events.unittest\bin\debug\net47\videoos.analytics.events.unittest.dll" id="44e8e31a-750e-3d33-0999-b9e0127d9f23">
      <Execution id="3295428c-5cf5-43ba-83c7-ec5a35b9942f" />
      <TestMethod codeBase="D:\actions-runner\_work\XPCO\XPCO\EventServer\AnalyticsEvents\Analytics\VideoOS.Analytics.Events.UnitTest\bin\Debug\net47\VideoOS.Analytics.Events.UnitTest.dll" adapterTypeName="executor://mstestadapter/v2" className="VideoOS.Analytics.Events.UnitTest.Admin.TestGeneralSettingsItem" name="TestName_EnvironmentTypeService" />
    </UnitTest>
    <UnitTest name="TestDescription" storage="d:\actions-runner\_work\xpco\xpco\eventserver\analyticsevents\analytics\videoos.analytics.events.unittest\bin\debug\net47\videoos.analytics.events.unittest.dll" id="05db065b-2c1d-7cb6-061b-491237a64d3e">
      <Execution id="9458f6d3-7615-4b0b-901f-1a679bebc60c" />
      <TestMethod codeBase="D:\actions-runner\_work\XPCO\XPCO\EventServer\AnalyticsEvents\Analytics\VideoOS.Analytics.Events.UnitTest\bin\Debug\net47\VideoOS.Analytics.Events.UnitTest.dll" adapterTypeName="executor://mstestadapter/v2" className="VideoOS.Analytics.Events.UnitTest.Admin.TestAnalyticsEventItem" name="TestDescription" />
    </UnitTest>
    <UnitTest name="TestConstruction" storage="d:\actions-runner\_work\xpco\xpco\eventserver\analyticsevents\analytics\videoos.analytics.events.unittest\bin\debug\net47\videoos.analytics.events.unittest.dll" id="ca3f8549-8e65-13d1-59d4-6d74a5fa2453">
      <Execution id="f891e022-a1c7-43c3-a4e1-a4b993420ede" />
      <TestMethod codeBase="D:\actions-runner\_work\XPCO\XPCO\EventServer\AnalyticsEvents\Analytics\VideoOS.Analytics.Events.UnitTest\bin\Debug\net47\VideoOS.Analytics.Events.UnitTest.dll" adapterTypeName="executor://mstestadapter/v2" className="VideoOS.Analytics.Events.UnitTest.Server.TestAlertHandler" name="TestConstruction" />
    </UnitTest>
    <UnitTest name="TestFillSource_NoSourceOrHostname" storage="d:\actions-runner\_work\xpco\xpco\eventserver\analyticsevents\analytics\videoos.analytics.events.unittest\bin\debug\net47\videoos.analytics.events.unittest.dll" id="7064fc9a-517a-334d-157c-bf9e70136218">
      <Execution id="7d93bb18-42c3-4087-a1ff-26fb0bf03de0" />
      <TestMethod codeBase="D:\actions-runner\_work\XPCO\XPCO\EventServer\AnalyticsEvents\Analytics\VideoOS.Analytics.Events.UnitTest\bin\Debug\net47\VideoOS.Analytics.Events.UnitTest.dll" adapterTypeName="executor://mstestadapter/v2" className="VideoOS.Analytics.Events.UnitTest.Server.TestAnalyticsEventHandler" name="TestFillSource_NoSourceOrHostname" />
    </UnitTest>
    <UnitTest name="TestSetGetPropertyString" storage="d:\actions-runner\_work\xpco\xpco\eventserver\analyticsevents\analytics\videoos.analytics.events.unittest\bin\debug\net47\videoos.analytics.events.unittest.dll" id="ecd23704-7e34-1aa5-e5f4-6bf6498c5500">
      <Execution id="1a04a6dc-72ec-458a-ba97-63cd03ef1010" />
      <TestMethod codeBase="D:\actions-runner\_work\XPCO\XPCO\EventServer\AnalyticsEvents\Analytics\VideoOS.Analytics.Events.UnitTest\bin\Debug\net47\VideoOS.Analytics.Events.UnitTest.dll" adapterTypeName="executor://mstestadapter/v2" className="VideoOS.Analytics.Events.UnitTest.Admin.TestBaseItem" name="TestSetGetPropertyString" />
    </UnitTest>
    <UnitTest name="TestAddItem" storage="d:\actions-runner\_work\xpco\xpco\eventserver\analyticsevents\analytics\videoos.analytics.events.unittest\bin\debug\net47\videoos.analytics.events.unittest.dll" id="efc5d867-df5e-912a-bc72-f46e1586a7aa">
      <Execution id="f569fbc5-ee30-4721-ab6e-b7f48027ca45" />
      <TestMethod codeBase="D:\actions-runner\_work\XPCO\XPCO\EventServer\AnalyticsEvents\Analytics\VideoOS.Analytics.Events.UnitTest\bin\Debug\net47\VideoOS.Analytics.Events.UnitTest.dll" adapterTypeName="executor://mstestadapter/v2" className="VideoOS.Analytics.Events.UnitTest.Admin.TestAnalyticsEventItemManager" name="TestAddItem" />
    </UnitTest>
    <UnitTest name="TestRunConfigurationNotLoadedSocketNotConnected" storage="d:\actions-runner\_work\xpco\xpco\eventserver\analyticsevents\analytics\videoos.analytics.events.unittest\bin\debug\net47\videoos.analytics.events.unittest.dll" id="fb82e5ab-b876-f3ec-f70e-ce0788714c64">
      <Execution id="7c386271-ae01-4128-8c60-8c20e7b30e24" />
      <TestMethod codeBase="D:\actions-runner\_work\XPCO\XPCO\EventServer\AnalyticsEvents\Analytics\VideoOS.Analytics.Events.UnitTest\bin\Debug\net47\VideoOS.Analytics.Events.UnitTest.dll" adapterTypeName="executor://mstestadapter/v2" className="VideoOS.Analytics.Events.UnitTest.Server.TestAlarmSession" name="TestRunConfigurationNotLoadedSocketNotConnected" />
    </UnitTest>
    <UnitTest name="TestUpgradeEventMessagesNoConfigFile" storage="d:\actions-runner\_work\xpco\xpco\eventserver\analyticsevents\analytics\videoos.analytics.events.unittest\bin\debug\net47\videoos.analytics.events.unittest.dll" id="fa894b57-d91a-00c2-a775-6080e58f2a84">
      <Execution id="8cacf708-ee84-4baf-9e9e-5b80d55350b0" />
      <TestMethod codeBase="D:\actions-runner\_work\XPCO\XPCO\EventServer\AnalyticsEvents\Analytics\VideoOS.Analytics.Events.UnitTest\bin\Debug\net47\VideoOS.Analytics.Events.UnitTest.dll" adapterTypeName="executor://mstestadapter/v2" className="VideoOS.Analytics.Events.UnitTest.Admin.TestUpgradeManager" name="TestUpgradeEventMessagesNoConfigFile" />
    </UnitTest>
    <UnitTest name="TestGenerateUserControl" storage="d:\actions-runner\_work\xpco\xpco\eventserver\analyticsevents\analytics\videoos.analytics.events.unittest\bin\debug\net47\videoos.analytics.events.unittest.dll" id="9c58c50f-7907-40f9-144e-464220f53b8f">
      <Execution id="29d7518f-dc49-40d4-a050-91feb4faff3b" />
      <TestMethod codeBase="D:\actions-runner\_work\XPCO\XPCO\EventServer\AnalyticsEvents\Analytics\VideoOS.Analytics.Events.UnitTest\bin\Debug\net47\VideoOS.Analytics.Events.UnitTest.dll" adapterTypeName="executor://mstestadapter/v2" className="VideoOS.Analytics.Events.UnitTest.TestAnalyticsEventsDefinition" name="TestGenerateUserControl" />
    </UnitTest>
    <UnitTest name="TestUpdateEventDefinitions_WithEventDefinitions" storage="d:\actions-runner\_work\xpco\xpco\eventserver\analyticsevents\analytics\videoos.analytics.events.unittest\bin\debug\net47\videoos.analytics.events.unittest.dll" id="b999c4ce-96be-37bf-70b4-d606de245c4b">
      <Execution id="ce425177-e2d2-4a44-a120-7bac1a47c9b5" />
      <TestMethod codeBase="D:\actions-runner\_work\XPCO\XPCO\EventServer\AnalyticsEvents\Analytics\VideoOS.Analytics.Events.UnitTest\bin\Debug\net47\VideoOS.Analytics.Events.UnitTest.dll" adapterTypeName="executor://mstestadapter/v2" className="VideoOS.Analytics.Events.UnitTest.Background.TestServerSettingsManager" name="TestUpdateEventDefinitions_WithEventDefinitions" />
    </UnitTest>
    <UnitTest name="TestHandleRequest_UpdateTimeAlertCreateAlarmReturnsOk" storage="d:\actions-runner\_work\xpco\xpco\eventserver\analyticsevents\analytics\videoos.analytics.events.unittest\bin\debug\net47\videoos.analytics.events.unittest.dll" id="2594741e-44f5-7035-b04d-9de54da44bdc">
      <Execution id="5f2e31d6-f4e2-4e96-bf9f-4519539742ec" />
      <TestMethod codeBase="D:\actions-runner\_work\XPCO\XPCO\EventServer\AnalyticsEvents\Analytics\VideoOS.Analytics.Events.UnitTest\bin\Debug\net47\VideoOS.Analytics.Events.UnitTest.dll" adapterTypeName="executor://mstestadapter/v2" className="VideoOS.Analytics.Events.UnitTest.Server.TestAlarmManager" name="TestHandleRequest_UpdateTimeAlertCreateAlarmReturnsOk" />
    </UnitTest>
    <UnitTest name="TestPortWithGeneralSettings" storage="d:\actions-runner\_work\xpco\xpco\eventserver\analyticsevents\analytics\videoos.analytics.events.unittest\bin\debug\net47\videoos.analytics.events.unittest.dll" id="b862d426-c600-5c47-8f41-2977c5ca4183">
      <Execution id="4003187d-36e9-4d0e-83ec-0880a888af74" />
      <TestMethod codeBase="D:\actions-runner\_work\XPCO\XPCO\EventServer\AnalyticsEvents\Analytics\VideoOS.Analytics.Events.UnitTest\bin\Debug\net47\VideoOS.Analytics.Events.UnitTest.dll" adapterTypeName="executor://mstestadapter/v2" className="VideoOS.Analytics.Events.UnitTest.Background.TestServerSettingsManager" name="TestPortWithGeneralSettings" />
    </UnitTest>
    <UnitTest name="TestHandleRequest_ValidXmlAlertNullFilter" storage="d:\actions-runner\_work\xpco\xpco\eventserver\analyticsevents\analytics\videoos.analytics.events.unittest\bin\debug\net47\videoos.analytics.events.unittest.dll" id="cac92426-4fab-e7bd-c590-d4168bbdd988">
      <Execution id="9dcecfcf-7fdb-46de-96f1-c0772e68fc58" />
      <TestMethod codeBase="D:\actions-runner\_work\XPCO\XPCO\EventServer\AnalyticsEvents\Analytics\VideoOS.Analytics.Events.UnitTest\bin\Debug\net47\VideoOS.Analytics.Events.UnitTest.dll" adapterTypeName="executor://mstestadapter/v2" className="VideoOS.Analytics.Events.UnitTest.Server.TestAlarmManager" name="TestHandleRequest_ValidXmlAlertNullFilter" />
    </UnitTest>
    <UnitTest name="TestFillSourceWithSourceNameUnKnownObject" storage="d:\actions-runner\_work\xpco\xpco\eventserver\analyticsevents\analytics\videoos.analytics.events.unittest\bin\debug\net47\videoos.analytics.events.unittest.dll" id="bcaa400c-0478-ab73-d586-3d87bc50dd81">
      <Execution id="a8bc7817-beda-4647-8b0a-ec5a6bff2d86" />
      <TestMethod codeBase="D:\actions-runner\_work\XPCO\XPCO\EventServer\AnalyticsEvents\Analytics\VideoOS.Analytics.Events.UnitTest\bin\Debug\net47\VideoOS.Analytics.Events.UnitTest.dll" adapterTypeName="executor://mstestadapter/v2" className="VideoOS.Analytics.Events.UnitTest.Server.TestAnalyticsEventHandler" name="TestFillSourceWithSourceNameUnKnownObject" />
    </UnitTest>
    <UnitTest name="TestConstruction" storage="d:\actions-runner\_work\xpco\xpco\eventserver\analyticsevents\analytics\videoos.analytics.events.unittest\bin\debug\net47\videoos.analytics.events.unittest.dll" id="fd502182-599f-e866-86f4-980d05169f5e">
      <Execution id="ae0f14de-78f4-4bd0-8e22-fca278b47721" />
      <TestMethod codeBase="D:\actions-runner\_work\XPCO\XPCO\EventServer\AnalyticsEvents\Analytics\VideoOS.Analytics.Events.UnitTest\bin\Debug\net47\VideoOS.Analytics.Events.UnitTest.dll" adapterTypeName="executor://mstestadapter/v2" className="VideoOS.Analytics.Events.UnitTest.Server.TestAlarmManager" name="TestConstruction" />
    </UnitTest>
    <UnitTest name="TestStart" storage="d:\actions-runner\_work\xpco\xpco\eventserver\analyticsevents\analytics\videoos.analytics.events.unittest\bin\debug\net47\videoos.analytics.events.unittest.dll" id="282a0374-5529-ce12-d28c-f984243e5e6f">
      <Execution id="07c61c2a-0249-4d4b-9e74-61a01dc57a99" />
      <TestMethod codeBase="D:\actions-runner\_work\XPCO\XPCO\EventServer\AnalyticsEvents\Analytics\VideoOS.Analytics.Events.UnitTest\bin\Debug\net47\VideoOS.Analytics.Events.UnitTest.dll" adapterTypeName="executor://mstestadapter/v2" className="VideoOS.Analytics.Events.UnitTest.Server.TestAlarmSession" name="TestStart" />
    </UnitTest>
    <UnitTest name="TestUpgradeEventMessagesEmptyFileName" storage="d:\actions-runner\_work\xpco\xpco\eventserver\analyticsevents\analytics\videoos.analytics.events.unittest\bin\debug\net47\videoos.analytics.events.unittest.dll" id="0ba330d1-5d72-214f-98d5-741bc5141b1f">
      <Execution id="9f1ac193-fa9f-456e-9422-048718ff729c" />
      <TestMethod codeBase="D:\actions-runner\_work\XPCO\XPCO\EventServer\AnalyticsEvents\Analytics\VideoOS.Analytics.Events.UnitTest\bin\Debug\net47\VideoOS.Analytics.Events.UnitTest.dll" adapterTypeName="executor://mstestadapter/v2" className="VideoOS.Analytics.Events.UnitTest.Admin.TestUpgradeManager" name="TestUpgradeEventMessagesEmptyFileName" />
    </UnitTest>
    <UnitTest name="TestCreateAlarmNullDoc" storage="d:\actions-runner\_work\xpco\xpco\eventserver\analyticsevents\analytics\videoos.analytics.events.unittest\bin\debug\net47\videoos.analytics.events.unittest.dll" id="50625ba9-518b-406d-4a76-a7b2a89ccf69">
      <Execution id="ff021aa8-9e7d-4a7d-b90f-796863aed8fc" />
      <TestMethod codeBase="D:\actions-runner\_work\XPCO\XPCO\EventServer\AnalyticsEvents\Analytics\VideoOS.Analytics.Events.UnitTest\bin\Debug\net47\VideoOS.Analytics.Events.UnitTest.dll" adapterTypeName="executor://mstestadapter/v2" className="VideoOS.Analytics.Events.UnitTest.Server.TestAlertHandler" name="TestCreateAlarmNullDoc" />
    </UnitTest>
    <UnitTest name="TestImportIpListFile" storage="d:\actions-runner\_work\xpco\xpco\eventserver\analyticsevents\analytics\videoos.analytics.events.unittest\bin\debug\net47\videoos.analytics.events.unittest.dll" id="16f9b650-9451-5818-79e2-4aeec5ecbcb9">
      <Execution id="510b32ea-c4bf-4400-9ec2-e34779731fb2" />
      <TestMethod codeBase="D:\actions-runner\_work\XPCO\XPCO\EventServer\AnalyticsEvents\Analytics\VideoOS.Analytics.Events.UnitTest\bin\Debug\net47\VideoOS.Analytics.Events.UnitTest.dll" adapterTypeName="executor://mstestadapter/v2" className="VideoOS.Analytics.Events.UnitTest.Admin.TestAnalyticsEventOptionsDialogUserControl" name="TestImportIpListFile" />
    </UnitTest>
    <UnitTest name="TestAllowedHosts_Empty" storage="d:\actions-runner\_work\xpco\xpco\eventserver\analyticsevents\analytics\videoos.analytics.events.unittest\bin\debug\net47\videoos.analytics.events.unittest.dll" id="a8648a6e-c33a-0f32-a42d-3069cf24720a">
      <Execution id="d9842525-363c-4bb3-a407-f33f5ebf1afc" />
      <TestMethod codeBase="D:\actions-runner\_work\XPCO\XPCO\EventServer\AnalyticsEvents\Analytics\VideoOS.Analytics.Events.UnitTest\bin\Debug\net47\VideoOS.Analytics.Events.UnitTest.dll" adapterTypeName="executor://mstestadapter/v2" className="VideoOS.Analytics.Events.UnitTest.Admin.TestGeneralSettingsItem" name="TestAllowedHosts_Empty" />
    </UnitTest>
    <UnitTest name="TestFillSourceWithSourceNameUnKnownObjectHostNameLookupValidItem" storage="d:\actions-runner\_work\xpco\xpco\eventserver\analyticsevents\analytics\videoos.analytics.events.unittest\bin\debug\net47\videoos.analytics.events.unittest.dll" id="9b48f9e8-305b-a70d-39f8-d7c4a29753cb">
      <Execution id="61f53ad3-ae7e-4b9c-9a6e-de964d424453" />
      <TestMethod codeBase="D:\actions-runner\_work\XPCO\XPCO\EventServer\AnalyticsEvents\Analytics\VideoOS.Analytics.Events.UnitTest\bin\Debug\net47\VideoOS.Analytics.Events.UnitTest.dll" adapterTypeName="executor://mstestadapter/v2" className="VideoOS.Analytics.Events.UnitTest.Server.TestAlertHandler" name="TestFillSourceWithSourceNameUnKnownObjectHostNameLookupValidItem" />
    </UnitTest>
    <UnitTest name="TestGetItems_ItemsNull" storage="d:\actions-runner\_work\xpco\xpco\eventserver\analyticsevents\analytics\videoos.analytics.events.unittest\bin\debug\net47\videoos.analytics.events.unittest.dll" id="906a0490-2008-ab4a-3628-1824bc2d745b">
      <Execution id="858a13e2-298b-4b10-9d18-add0d40e5908" />
      <TestMethod codeBase="D:\actions-runner\_work\XPCO\XPCO\EventServer\AnalyticsEvents\Analytics\VideoOS.Analytics.Events.UnitTest\bin\Debug\net47\VideoOS.Analytics.Events.UnitTest.dll" adapterTypeName="executor://mstestadapter/v2" className="VideoOS.Analytics.Events.UnitTest.Admin.TestAnalyticsEventItemManager" name="TestGetItems_ItemsNull" />
    </UnitTest>
    <UnitTest name="TestTargetEnvironments" storage="d:\actions-runner\_work\xpco\xpco\eventserver\analyticsevents\analytics\videoos.analytics.events.unittest\bin\debug\net47\videoos.analytics.events.unittest.dll" id="6818ef04-62f8-9bf9-56c2-d4576a55c1c5">
      <Execution id="709ca01b-cc1c-4f93-96b8-92cfdc30c02c" />
      <TestMethod codeBase="D:\actions-runner\_work\XPCO\XPCO\EventServer\AnalyticsEvents\Analytics\VideoOS.Analytics.Events.UnitTest\bin\Debug\net47\VideoOS.Analytics.Events.UnitTest.dll" adapterTypeName="executor://mstestadapter/v2" className="VideoOS.Analytics.Events.UnitTest.Server.TestAnalyticsEventsBackgroundPlugin" name="TestTargetEnvironments" />
    </UnitTest>
    <UnitTest name="TestFillSourceWithSourceNameNullSettings" storage="d:\actions-runner\_work\xpco\xpco\eventserver\analyticsevents\analytics\videoos.analytics.events.unittest\bin\debug\net47\videoos.analytics.events.unittest.dll" id="54b320bc-66a9-ba72-4ef5-ee4a8489a59f">
      <Execution id="4fbd266e-6545-4430-b426-a4b6c2f8d978" />
      <TestMethod codeBase="D:\actions-runner\_work\XPCO\XPCO\EventServer\AnalyticsEvents\Analytics\VideoOS.Analytics.Events.UnitTest\bin\Debug\net47\VideoOS.Analytics.Events.UnitTest.dll" adapterTypeName="executor://mstestadapter/v2" className="VideoOS.Analytics.Events.UnitTest.Server.TestAnalyticsEventHandler" name="TestFillSourceWithSourceNameNullSettings" />
    </UnitTest>
    <UnitTest name="TestId" storage="d:\actions-runner\_work\xpco\xpco\eventserver\analyticsevents\analytics\videoos.analytics.events.unittest\bin\debug\net47\videoos.analytics.events.unittest.dll" id="32a3ae4a-eea8-d63c-2ef1-01c2e17b2641">
      <Execution id="e7fd1a70-fc11-4f52-86ca-fc4695f5bb51" />
      <TestMethod codeBase="D:\actions-runner\_work\XPCO\XPCO\EventServer\AnalyticsEvents\Analytics\VideoOS.Analytics.Events.UnitTest\bin\Debug\net47\VideoOS.Analytics.Events.UnitTest.dll" adapterTypeName="executor://mstestadapter/v2" className="VideoOS.Analytics.Events.UnitTest.Server.TestAnalyticsEventsBackgroundPlugin" name="TestId" />
    </UnitTest>
    <UnitTest name="TestSetGetPropertyStringNull" storage="d:\actions-runner\_work\xpco\xpco\eventserver\analyticsevents\analytics\videoos.analytics.events.unittest\bin\debug\net47\videoos.analytics.events.unittest.dll" id="a7859604-ea04-7f95-d870-edfc83710f38">
      <Execution id="b7bdc13b-202e-42be-a685-41c5e69a787b" />
      <TestMethod codeBase="D:\actions-runner\_work\XPCO\XPCO\EventServer\AnalyticsEvents\Analytics\VideoOS.Analytics.Events.UnitTest\bin\Debug\net47\VideoOS.Analytics.Events.UnitTest.dll" adapterTypeName="executor://mstestadapter/v2" className="VideoOS.Analytics.Events.UnitTest.Admin.TestBaseItem" name="TestSetGetPropertyStringNull" />
    </UnitTest>
    <UnitTest name="TestSetItemName" storage="d:\actions-runner\_work\xpco\xpco\eventserver\analyticsevents\analytics\videoos.analytics.events.unittest\bin\debug\net47\videoos.analytics.events.unittest.dll" id="e68743e5-ad11-acfb-dc47-3f1b3dcd5418">
      <Execution id="7ba71fa9-cf6d-4d02-9208-e78fdd84eb8a" />
      <TestMethod codeBase="D:\actions-runner\_work\XPCO\XPCO\EventServer\AnalyticsEvents\Analytics\VideoOS.Analytics.Events.UnitTest\bin\Debug\net47\VideoOS.Analytics.Events.UnitTest.dll" adapterTypeName="executor://mstestadapter/v2" className="VideoOS.Analytics.Events.UnitTest.Admin.TestAnalyticsEventItemManager" name="TestSetItemName" />
    </UnitTest>
    <UnitTest name="TestRunAlertData" storage="d:\actions-runner\_work\xpco\xpco\eventserver\analyticsevents\analytics\videoos.analytics.events.unittest\bin\debug\net47\videoos.analytics.events.unittest.dll" id="08b1e8de-fe51-fd69-facc-4b295119de73">
      <Execution id="9b546717-70cb-42e0-be62-f15a52859a1c" />
      <TestMethod codeBase="D:\actions-runner\_work\XPCO\XPCO\EventServer\AnalyticsEvents\Analytics\VideoOS.Analytics.Events.UnitTest\bin\Debug\net47\VideoOS.Analytics.Events.UnitTest.dll" adapterTypeName="executor://mstestadapter/v2" className="VideoOS.Analytics.Events.UnitTest.Server.TestAlarmSession" name="TestRunAlertData" />
    </UnitTest>
    <UnitTest name="HasChildrenTest" storage="d:\actions-runner\_work\xpco\xpco\eventserver\analyticsevents\analytics\videoos.analytics.events.unittest\bin\debug\net47\videoos.analytics.events.unittest.dll" id="6523653e-e1f7-ec96-0b0e-f3f5fe1cf2cb">
      <Execution id="b7e765c1-313b-430b-b3d3-33340164d201" />
      <TestMethod codeBase="D:\actions-runner\_work\XPCO\XPCO\EventServer\AnalyticsEvents\Analytics\VideoOS.Analytics.Events.UnitTest\bin\Debug\net47\VideoOS.Analytics.Events.UnitTest.dll" adapterTypeName="executor://mstestadapter/v2" className="VideoOS.Analytics.Events.UnitTest.Admin.TestBaseItem" name="HasChildrenTest" />
    </UnitTest>
    <UnitTest name="TestConstruction" storage="d:\actions-runner\_work\xpco\xpco\eventserver\analyticsevents\analytics\videoos.analytics.events.unittest\bin\debug\net47\videoos.analytics.events.unittest.dll" id="6f57a0ef-f3b0-892d-c2da-07b42eeff451">
      <Execution id="1e5380ff-8b7c-46de-8f1d-a1b5af013edb" />
      <TestMethod codeBase="D:\actions-runner\_work\XPCO\XPCO\EventServer\AnalyticsEvents\Analytics\VideoOS.Analytics.Events.UnitTest\bin\Debug\net47\VideoOS.Analytics.Events.UnitTest.dll" adapterTypeName="executor://mstestadapter/v2" className="VideoOS.Analytics.Events.UnitTest.Background.TestServerSettingsManager" name="TestConstruction" />
    </UnitTest>
    <UnitTest name="TestParsePortEmptyDoc" storage="d:\actions-runner\_work\xpco\xpco\eventserver\analyticsevents\analytics\videoos.analytics.events.unittest\bin\debug\net47\videoos.analytics.events.unittest.dll" id="60e1b6a8-8777-ef74-c8a8-b070874bff10">
      <Execution id="60889712-c99f-4b5c-894d-28418f2f4d67" />
      <TestMethod codeBase="D:\actions-runner\_work\XPCO\XPCO\EventServer\AnalyticsEvents\Analytics\VideoOS.Analytics.Events.UnitTest\bin\Debug\net47\VideoOS.Analytics.Events.UnitTest.dll" adapterTypeName="executor://mstestadapter/v2" className="VideoOS.Analytics.Events.UnitTest.Admin.TestUpgradeManager" name="TestParsePortEmptyDoc" />
    </UnitTest>
    <UnitTest name="TestUpgradeEventMessagesEmptyConfigFile" storage="d:\actions-runner\_work\xpco\xpco\eventserver\analyticsevents\analytics\videoos.analytics.events.unittest\bin\debug\net47\videoos.analytics.events.unittest.dll" id="64c3d46c-70e0-5802-8b79-0668fff83924">
      <Execution id="950ca6f8-519e-41b6-a0ca-43bdcf0d007d" />
      <TestMethod codeBase="D:\actions-runner\_work\XPCO\XPCO\EventServer\AnalyticsEvents\Analytics\VideoOS.Analytics.Events.UnitTest\bin\Debug\net47\VideoOS.Analytics.Events.UnitTest.dll" adapterTypeName="executor://mstestadapter/v2" className="VideoOS.Analytics.Events.UnitTest.Admin.TestUpgradeManager" name="TestUpgradeEventMessagesEmptyConfigFile" />
    </UnitTest>
    <UnitTest name="TestName_EnvironmentTypeService" storage="d:\actions-runner\_work\xpco\xpco\eventserver\analyticsevents\analytics\videoos.analytics.events.unittest\bin\debug\net47\videoos.analytics.events.unittest.dll" id="4da41ae4-d604-de77-b100-b9c11152b5e2">
      <Execution id="24f974b3-0049-4084-9c38-a82e4e9a9c51" />
      <TestMethod codeBase="D:\actions-runner\_work\XPCO\XPCO\EventServer\AnalyticsEvents\Analytics\VideoOS.Analytics.Events.UnitTest\bin\Debug\net47\VideoOS.Analytics.Events.UnitTest.dll" adapterTypeName="executor://mstestadapter/v2" className="VideoOS.Analytics.Events.UnitTest.Admin.TestAnalyticsEventItem" name="TestName_EnvironmentTypeService" />
    </UnitTest>
    <UnitTest name="TestCreateAlarmNullDoc" storage="d:\actions-runner\_work\xpco\xpco\eventserver\analyticsevents\analytics\videoos.analytics.events.unittest\bin\debug\net47\videoos.analytics.events.unittest.dll" id="55787fc9-b017-22c6-8621-e73e4dc6e94e">
      <Execution id="efce8b45-71b0-4221-97c5-ea80145fdefe" />
      <TestMethod codeBase="D:\actions-runner\_work\XPCO\XPCO\EventServer\AnalyticsEvents\Analytics\VideoOS.Analytics.Events.UnitTest\bin\Debug\net47\VideoOS.Analytics.Events.UnitTest.dll" adapterTypeName="executor://mstestadapter/v2" className="VideoOS.Analytics.Events.UnitTest.Server.TestAnalyticsEventHandler" name="TestCreateAlarmNullDoc" />
    </UnitTest>
    <UnitTest name="TestHandleRequest_ValidXmlAlertReturnsNullAlarm" storage="d:\actions-runner\_work\xpco\xpco\eventserver\analyticsevents\analytics\videoos.analytics.events.unittest\bin\debug\net47\videoos.analytics.events.unittest.dll" id="d647d8dd-f04a-a2c2-cec5-80065b2d76ee">
      <Execution id="569b907b-4b30-4eaf-a42b-76ed5661e19a" />
      <TestMethod codeBase="D:\actions-runner\_work\XPCO\XPCO\EventServer\AnalyticsEvents\Analytics\VideoOS.Analytics.Events.UnitTest\bin\Debug\net47\VideoOS.Analytics.Events.UnitTest.dll" adapterTypeName="executor://mstestadapter/v2" className="VideoOS.Analytics.Events.UnitTest.Server.TestAlarmManager" name="TestHandleRequest_ValidXmlAlertReturnsNullAlarm" />
    </UnitTest>
    <UnitTest name="TestParsePortNullDoc" storage="d:\actions-runner\_work\xpco\xpco\eventserver\analyticsevents\analytics\videoos.analytics.events.unittest\bin\debug\net47\videoos.analytics.events.unittest.dll" id="c89ce7a8-67b4-96a8-b86d-09b8d9f7b0a8">
      <Execution id="ed349ef2-a2a8-49d2-8e9e-893e246ebccf" />
      <TestMethod codeBase="D:\actions-runner\_work\XPCO\XPCO\EventServer\AnalyticsEvents\Analytics\VideoOS.Analytics.Events.UnitTest\bin\Debug\net47\VideoOS.Analytics.Events.UnitTest.dll" adapterTypeName="executor://mstestadapter/v2" className="VideoOS.Analytics.Events.UnitTest.Admin.TestUpgradeManager" name="TestParsePortNullDoc" />
    </UnitTest>
    <UnitTest name="TestClose" storage="d:\actions-runner\_work\xpco\xpco\eventserver\analyticsevents\analytics\videoos.analytics.events.unittest\bin\debug\net47\videoos.analytics.events.unittest.dll" id="f2e13be8-d902-bf66-5ea2-e31071348282">
      <Execution id="469792b4-e7db-4028-9f50-18b0e1ec866c" />
      <TestMethod codeBase="D:\actions-runner\_work\XPCO\XPCO\EventServer\AnalyticsEvents\Analytics\VideoOS.Analytics.Events.UnitTest\bin\Debug\net47\VideoOS.Analytics.Events.UnitTest.dll" adapterTypeName="executor://mstestadapter/v2" className="VideoOS.Analytics.Events.UnitTest.Server.TestAnalyticsEventsBackgroundPlugin" name="TestClose" />
    </UnitTest>
    <UnitTest name="TestGetFilter" storage="d:\actions-runner\_work\xpco\xpco\eventserver\analyticsevents\analytics\videoos.analytics.events.unittest\bin\debug\net47\videoos.analytics.events.unittest.dll" id="877067fa-965d-533c-ea7b-ad7f20848732">
      <Execution id="40a21040-1c11-470b-b7ee-02e45a75d003" />
      <TestMethod codeBase="D:\actions-runner\_work\XPCO\XPCO\EventServer\AnalyticsEvents\Analytics\VideoOS.Analytics.Events.UnitTest\bin\Debug\net47\VideoOS.Analytics.Events.UnitTest.dll" adapterTypeName="executor://mstestadapter/v2" className="VideoOS.Analytics.Events.UnitTest.Background.TestServerSettingsManager" name="TestGetFilter" />
    </UnitTest>
    <UnitTest name="TestUpdateGeneralSettings_WithNullGenealSetting" storage="d:\actions-runner\_work\xpco\xpco\eventserver\analyticsevents\analytics\videoos.analytics.events.unittest\bin\debug\net47\videoos.analytics.events.unittest.dll" id="1f47e619-99a3-224a-4bdd-4d976819d575">
      <Execution id="398f909b-7ca9-4c28-8139-698f89cc980c" />
      <TestMethod codeBase="D:\actions-runner\_work\XPCO\XPCO\EventServer\AnalyticsEvents\Analytics\VideoOS.Analytics.Events.UnitTest\bin\Debug\net47\VideoOS.Analytics.Events.UnitTest.dll" adapterTypeName="executor://mstestadapter/v2" className="VideoOS.Analytics.Events.UnitTest.Background.TestServerSettingsManager" name="TestUpdateGeneralSettings_WithNullGenealSetting" />
    </UnitTest>
    <UnitTest name="TestConstructor" storage="d:\actions-runner\_work\xpco\xpco\eventserver\analyticsevents\analytics\videoos.analytics.events.unittest\bin\debug\net47\videoos.analytics.events.unittest.dll" id="3ae18270-ca1f-a493-3494-1909b2cfe16b">
      <Execution id="2e46e55e-51be-4b12-84e5-33951e1d8c03" />
      <TestMethod codeBase="D:\actions-runner\_work\XPCO\XPCO\EventServer\AnalyticsEvents\Analytics\VideoOS.Analytics.Events.UnitTest\bin\Debug\net47\VideoOS.Analytics.Events.UnitTest.dll" adapterTypeName="executor://mstestadapter/v2" className="VideoOS.Analytics.Events.UnitTest.Admin.TestAnalyticsEventItemManager" name="TestConstructor" />
    </UnitTest>
    <UnitTest name="TestEventMessageWithNoMessage" storage="d:\actions-runner\_work\xpco\xpco\eventserver\analyticsevents\analytics\videoos.analytics.events.unittest\bin\debug\net47\videoos.analytics.events.unittest.dll" id="dc5f1244-37a4-bde8-4e08-777c2a45fb49">
      <Execution id="67d02977-037e-471c-ab8e-0aef36d892c9" />
      <TestMethod codeBase="D:\actions-runner\_work\XPCO\XPCO\EventServer\AnalyticsEvents\Analytics\VideoOS.Analytics.Events.UnitTest\bin\Debug\net47\VideoOS.Analytics.Events.UnitTest.dll" adapterTypeName="executor://mstestadapter/v2" className="VideoOS.Analytics.Events.UnitTest.Server.TestAnalyticsEventHandler" name="TestEventMessageWithNoMessage" />
    </UnitTest>
    <UnitTest name="TestConstruction" storage="d:\actions-runner\_work\xpco\xpco\eventserver\analyticsevents\analytics\videoos.analytics.events.unittest\bin\debug\net47\videoos.analytics.events.unittest.dll" id="a797bbbd-fbc1-cdee-6d34-73069d6bb5e8">
      <Execution id="e7c68ca7-9ac1-4685-a9a1-0ce0e2974df6" />
      <TestMethod codeBase="D:\actions-runner\_work\XPCO\XPCO\EventServer\AnalyticsEvents\Analytics\VideoOS.Analytics.Events.UnitTest\bin\Debug\net47\VideoOS.Analytics.Events.UnitTest.dll" adapterTypeName="executor://mstestadapter/v2" className="VideoOS.Analytics.Events.UnitTest.Server.TestAnalyticsEventsBackgroundPlugin" name="TestConstruction" />
    </UnitTest>
    <UnitTest name="TestCreateAlarmWithDoc" storage="d:\actions-runner\_work\xpco\xpco\eventserver\analyticsevents\analytics\videoos.analytics.events.unittest\bin\debug\net47\videoos.analytics.events.unittest.dll" id="8a29bf81-9fef-9e07-210f-123e55fcfd89">
      <Execution id="aebee1f5-cfab-46b7-a364-d86ee3c2a5ee" />
      <TestMethod codeBase="D:\actions-runner\_work\XPCO\XPCO\EventServer\AnalyticsEvents\Analytics\VideoOS.Analytics.Events.UnitTest\bin\Debug\net47\VideoOS.Analytics.Events.UnitTest.dll" adapterTypeName="executor://mstestadapter/v2" className="VideoOS.Analytics.Events.UnitTest.Server.TestAnalyticsEventHandler" name="TestCreateAlarmWithDoc" />
    </UnitTest>
    <UnitTest name="TestRunConfigurationNotLoadedSocketConnected" storage="d:\actions-runner\_work\xpco\xpco\eventserver\analyticsevents\analytics\videoos.analytics.events.unittest\bin\debug\net47\videoos.analytics.events.unittest.dll" id="5204a0ac-cbad-5934-acff-c0d5470991c7">
      <Execution id="12265867-3bad-4b4b-8e46-53526d16507b" />
      <TestMethod codeBase="D:\actions-runner\_work\XPCO\XPCO\EventServer\AnalyticsEvents\Analytics\VideoOS.Analytics.Events.UnitTest\bin\Debug\net47\VideoOS.Analytics.Events.UnitTest.dll" adapterTypeName="executor://mstestadapter/v2" className="VideoOS.Analytics.Events.UnitTest.Server.TestAlarmSession" name="TestRunConfigurationNotLoadedSocketConnected" />
    </UnitTest>
    <UnitTest name="TestHandleRequestWithHtmlHeader" storage="d:\actions-runner\_work\xpco\xpco\eventserver\analyticsevents\analytics\videoos.analytics.events.unittest\bin\debug\net47\videoos.analytics.events.unittest.dll" id="8efb0e92-acc4-391a-1751-7ebb955524cb">
      <Execution id="868a585e-7915-4f58-9a55-f176243abb50" />
      <TestMethod codeBase="D:\actions-runner\_work\XPCO\XPCO\EventServer\AnalyticsEvents\Analytics\VideoOS.Analytics.Events.UnitTest\bin\Debug\net47\VideoOS.Analytics.Events.UnitTest.dll" adapterTypeName="executor://mstestadapter/v2" className="VideoOS.Analytics.Events.UnitTest.Server.TestAlarmManager" name="TestHandleRequestWithHtmlHeader" />
    </UnitTest>
    <UnitTest name="TestConstruction" storage="d:\actions-runner\_work\xpco\xpco\eventserver\analyticsevents\analytics\videoos.analytics.events.unittest\bin\debug\net47\videoos.analytics.events.unittest.dll" id="17db969d-d87f-c30b-99c3-955b87ea9c30">
      <Execution id="7044375b-e163-4573-8695-b28d145e133f" />
      <TestMethod codeBase="D:\actions-runner\_work\XPCO\XPCO\EventServer\AnalyticsEvents\Analytics\VideoOS.Analytics.Events.UnitTest\bin\Debug\net47\VideoOS.Analytics.Events.UnitTest.dll" adapterTypeName="executor://mstestadapter/v2" className="VideoOS.Analytics.Events.UnitTest.Server.TestAlarmSession" name="TestConstruction" />
    </UnitTest>
    <UnitTest name="TestSettingsLoaded_GeneralSettingsAndAnalyticsEvents" storage="d:\actions-runner\_work\xpco\xpco\eventserver\analyticsevents\analytics\videoos.analytics.events.unittest\bin\debug\net47\videoos.analytics.events.unittest.dll" id="e3924598-2b02-3c0d-3ded-5283ec87996e">
      <Execution id="86360bc1-d5c8-42b5-ba92-1ed714953320" />
      <TestMethod codeBase="D:\actions-runner\_work\XPCO\XPCO\EventServer\AnalyticsEvents\Analytics\VideoOS.Analytics.Events.UnitTest\bin\Debug\net47\VideoOS.Analytics.Events.UnitTest.dll" adapterTypeName="executor://mstestadapter/v2" className="VideoOS.Analytics.Events.UnitTest.Background.TestServerSettingsManager" name="TestSettingsLoaded_GeneralSettingsAndAnalyticsEvents" />
    </UnitTest>
    <UnitTest name="TestAllowedHosts" storage="d:\actions-runner\_work\xpco\xpco\eventserver\analyticsevents\analytics\videoos.analytics.events.unittest\bin\debug\net47\videoos.analytics.events.unittest.dll" id="a680688a-97f6-9e51-989f-2a4bbb51757d">
      <Execution id="7c7eb89f-fe53-4d24-9642-a10eab04591e" />
      <TestMethod codeBase="D:\actions-runner\_work\XPCO\XPCO\EventServer\AnalyticsEvents\Analytics\VideoOS.Analytics.Events.UnitTest\bin\Debug\net47\VideoOS.Analytics.Events.UnitTest.dll" adapterTypeName="executor://mstestadapter/v2" className="VideoOS.Analytics.Events.UnitTest.Admin.TestGeneralSettingsItem" name="TestAllowedHosts" />
    </UnitTest>
    <UnitTest name="TestEventMessageNullDoc" storage="d:\actions-runner\_work\xpco\xpco\eventserver\analyticsevents\analytics\videoos.analytics.events.unittest\bin\debug\net47\videoos.analytics.events.unittest.dll" id="c566cc1a-656a-1860-d810-4b5783079e77">
      <Execution id="1ccd4d40-fd35-4920-8840-b25b9adf8859" />
      <TestMethod codeBase="D:\actions-runner\_work\XPCO\XPCO\EventServer\AnalyticsEvents\Analytics\VideoOS.Analytics.Events.UnitTest\bin\Debug\net47\VideoOS.Analytics.Events.UnitTest.dll" adapterTypeName="executor://mstestadapter/v2" className="VideoOS.Analytics.Events.UnitTest.Server.TestAlertHandler" name="TestEventMessageNullDoc" />
    </UnitTest>
    <UnitTest name="TestMessage" storage="d:\actions-runner\_work\xpco\xpco\eventserver\analyticsevents\analytics\videoos.analytics.events.unittest\bin\debug\net47\videoos.analytics.events.unittest.dll" id="133ef572-439d-71e3-79c5-0a4d2177cdc0">
      <Execution id="66c8ccc1-431f-4c73-975c-115a6de89d76" />
      <TestMethod codeBase="D:\actions-runner\_work\XPCO\XPCO\EventServer\AnalyticsEvents\Analytics\VideoOS.Analytics.Events.UnitTest\bin\Debug\net47\VideoOS.Analytics.Events.UnitTest.dll" adapterTypeName="executor://mstestadapter/v2" className="VideoOS.Analytics.Events.UnitTest.Admin.TestAnalyticsEventItem" name="TestMessage" />
    </UnitTest>
    <UnitTest name="TestHandleRequest_XmlStartTagNotValidXml" storage="d:\actions-runner\_work\xpco\xpco\eventserver\analyticsevents\analytics\videoos.analytics.events.unittest\bin\debug\net47\videoos.analytics.events.unittest.dll" id="4911a7f7-260e-fc2b-c5f5-cb0280343cab">
      <Execution id="3a78485d-ab41-4012-8616-4e4476a3f1a2" />
      <TestMethod codeBase="D:\actions-runner\_work\XPCO\XPCO\EventServer\AnalyticsEvents\Analytics\VideoOS.Analytics.Events.UnitTest\bin\Debug\net47\VideoOS.Analytics.Events.UnitTest.dll" adapterTypeName="executor://mstestadapter/v2" className="VideoOS.Analytics.Events.UnitTest.Server.TestAlarmManager" name="TestHandleRequest_XmlStartTagNotValidXml" />
    </UnitTest>
    <UnitTest name="TestUpgradeEventMessagesConfigFile" storage="d:\actions-runner\_work\xpco\xpco\eventserver\analyticsevents\analytics\videoos.analytics.events.unittest\bin\debug\net47\videoos.analytics.events.unittest.dll" id="90b2fab1-e505-89b4-8d22-0f91e5cbb36f">
      <Execution id="cd05eacc-ad8c-43b7-9561-0744bd1fb1a7" />
      <TestMethod codeBase="D:\actions-runner\_work\XPCO\XPCO\EventServer\AnalyticsEvents\Analytics\VideoOS.Analytics.Events.UnitTest\bin\Debug\net47\VideoOS.Analytics.Events.UnitTest.dll" adapterTypeName="executor://mstestadapter/v2" className="VideoOS.Analytics.Events.UnitTest.Admin.TestUpgradeManager" name="TestUpgradeEventMessagesConfigFile" />
    </UnitTest>
    <UnitTest name="TestAllowedHosts_Null" storage="d:\actions-runner\_work\xpco\xpco\eventserver\analyticsevents\analytics\videoos.analytics.events.unittest\bin\debug\net47\videoos.analytics.events.unittest.dll" id="9c143a4f-02b4-3c35-43f8-b0477627830a">
      <Execution id="5bfcacba-5c30-4739-8dad-8f7edd6f0a64" />
      <TestMethod codeBase="D:\actions-runner\_work\XPCO\XPCO\EventServer\AnalyticsEvents\Analytics\VideoOS.Analytics.Events.UnitTest\bin\Debug\net47\VideoOS.Analytics.Events.UnitTest.dll" adapterTypeName="executor://mstestadapter/v2" className="VideoOS.Analytics.Events.UnitTest.Admin.TestGeneralSettingsItem" name="TestAllowedHosts_Null" />
    </UnitTest>
    <UnitTest name="TestFillSourceWithSourceNameUnKnownObjectHostName" storage="d:\actions-runner\_work\xpco\xpco\eventserver\analyticsevents\analytics\videoos.analytics.events.unittest\bin\debug\net47\videoos.analytics.events.unittest.dll" id="ac6cb708-ccb6-1518-cf6e-2723d80211c1">
      <Execution id="5a466a37-521c-4991-9150-8d0a6a1892ed" />
      <TestMethod codeBase="D:\actions-runner\_work\XPCO\XPCO\EventServer\AnalyticsEvents\Analytics\VideoOS.Analytics.Events.UnitTest\bin\Debug\net47\VideoOS.Analytics.Events.UnitTest.dll" adapterTypeName="executor://mstestadapter/v2" className="VideoOS.Analytics.Events.UnitTest.Server.TestAnalyticsEventHandler" name="TestFillSourceWithSourceNameUnKnownObjectHostName" />
    </UnitTest>
    <UnitTest name="TestFillSourceWithSourceNameUnKnownObjectHostNameLookupValidItem" storage="d:\actions-runner\_work\xpco\xpco\eventserver\analyticsevents\analytics\videoos.analytics.events.unittest\bin\debug\net47\videoos.analytics.events.unittest.dll" id="8da37076-29a6-9454-f54e-2dd1707442fd">
      <Execution id="d6568145-7aa0-4b69-bb0e-3be023ce68bc" />
      <TestMethod codeBase="D:\actions-runner\_work\XPCO\XPCO\EventServer\AnalyticsEvents\Analytics\VideoOS.Analytics.Events.UnitTest\bin\Debug\net47\VideoOS.Analytics.Events.UnitTest.dll" adapterTypeName="executor://mstestadapter/v2" className="VideoOS.Analytics.Events.UnitTest.Server.TestAnalyticsEventHandler" name="TestFillSourceWithSourceNameUnKnownObjectHostNameLookupValidItem" />
    </UnitTest>
    <UnitTest name="TestSetGetPropertyStringList_Empty" storage="d:\actions-runner\_work\xpco\xpco\eventserver\analyticsevents\analytics\videoos.analytics.events.unittest\bin\debug\net47\videoos.analytics.events.unittest.dll" id="222b0508-9017-2a52-0b58-ecc9b98fe182">
      <Execution id="4269ff4f-1d61-4750-83d8-ae72fcacff42" />
      <TestMethod codeBase="D:\actions-runner\_work\XPCO\XPCO\EventServer\AnalyticsEvents\Analytics\VideoOS.Analytics.Events.UnitTest\bin\Debug\net47\VideoOS.Analytics.Events.UnitTest.dll" adapterTypeName="executor://mstestadapter/v2" className="VideoOS.Analytics.Events.UnitTest.Admin.TestBaseItem" name="TestSetGetPropertyStringList_Empty" />
    </UnitTest>
    <UnitTest name="TestHandleRequest_ValidXmlAlertEmptyEventMessage" storage="d:\actions-runner\_work\xpco\xpco\eventserver\analyticsevents\analytics\videoos.analytics.events.unittest\bin\debug\net47\videoos.analytics.events.unittest.dll" id="c9fd1afa-e000-bceb-dcf6-c6bea7b48fed">
      <Execution id="76a832da-629e-4609-b772-60f248ac8c3b" />
      <TestMethod codeBase="D:\actions-runner\_work\XPCO\XPCO\EventServer\AnalyticsEvents\Analytics\VideoOS.Analytics.Events.UnitTest\bin\Debug\net47\VideoOS.Analytics.Events.UnitTest.dll" adapterTypeName="executor://mstestadapter/v2" className="VideoOS.Analytics.Events.UnitTest.Server.TestAlarmManager" name="TestHandleRequest_ValidXmlAlertEmptyEventMessage" />
    </UnitTest>
    <UnitTest name="TestFillSource_AddressAndChannel" storage="d:\actions-runner\_work\xpco\xpco\eventserver\analyticsevents\analytics\videoos.analytics.events.unittest\bin\debug\net47\videoos.analytics.events.unittest.dll" id="26dbaa56-14a2-678c-c2d3-7f31a1e8fb7b">
      <Execution id="176f6f79-7cce-4eba-bf90-8af71195f649" />
      <TestMethod codeBase="D:\actions-runner\_work\XPCO\XPCO\EventServer\AnalyticsEvents\Analytics\VideoOS.Analytics.Events.UnitTest\bin\Debug\net47\VideoOS.Analytics.Events.UnitTest.dll" adapterTypeName="executor://mstestadapter/v2" className="VideoOS.Analytics.Events.UnitTest.Server.TestAnalyticsEventHandler" name="TestFillSource_AddressAndChannel" />
    </UnitTest>
    <UnitTest name="TestImportNoFile" storage="d:\actions-runner\_work\xpco\xpco\eventserver\analyticsevents\analytics\videoos.analytics.events.unittest\bin\debug\net47\videoos.analytics.events.unittest.dll" id="3683f627-21e2-2efc-596f-dff17db7a105">
      <Execution id="0b7b4d24-cad9-4040-b094-2820a7fc7be6" />
      <TestMethod codeBase="D:\actions-runner\_work\XPCO\XPCO\EventServer\AnalyticsEvents\Analytics\VideoOS.Analytics.Events.UnitTest\bin\Debug\net47\VideoOS.Analytics.Events.UnitTest.dll" adapterTypeName="executor://mstestadapter/v2" className="VideoOS.Analytics.Events.UnitTest.Admin.TestAnalyticsEventOptionsDialogUserControl" name="TestImportNoFile" />
    </UnitTest>
    <UnitTest name="HasRelatedTest" storage="d:\actions-runner\_work\xpco\xpco\eventserver\analyticsevents\analytics\videoos.analytics.events.unittest\bin\debug\net47\videoos.analytics.events.unittest.dll" id="b840d203-6fe7-ed1d-0fc4-7c39f947fa26">
      <Execution id="5c410ddf-2f95-4eb9-a9b8-cf09348b2515" />
      <TestMethod codeBase="D:\actions-runner\_work\XPCO\XPCO\EventServer\AnalyticsEvents\Analytics\VideoOS.Analytics.Events.UnitTest\bin\Debug\net47\VideoOS.Analytics.Events.UnitTest.dll" adapterTypeName="executor://mstestadapter/v2" className="VideoOS.Analytics.Events.UnitTest.Admin.TestBaseItem" name="HasRelatedTest" />
    </UnitTest>
    <UnitTest name="GetParentTest" storage="d:\actions-runner\_work\xpco\xpco\eventserver\analyticsevents\analytics\videoos.analytics.events.unittest\bin\debug\net47\videoos.analytics.events.unittest.dll" id="a8e322c5-869d-1868-e7f9-ca57e365acee">
      <Execution id="4c099bee-dc3f-4c67-be48-cba9a2e2b2a2" />
      <TestMethod codeBase="D:\actions-runner\_work\XPCO\XPCO\EventServer\AnalyticsEvents\Analytics\VideoOS.Analytics.Events.UnitTest\bin\Debug\net47\VideoOS.Analytics.Events.UnitTest.dll" adapterTypeName="executor://mstestadapter/v2" className="VideoOS.Analytics.Events.UnitTest.Admin.TestBaseItem" name="GetParentTest" />
    </UnitTest>
    <UnitTest name="TestFillSourceWithObjectIdReturnItem" storage="d:\actions-runner\_work\xpco\xpco\eventserver\analyticsevents\analytics\videoos.analytics.events.unittest\bin\debug\net47\videoos.analytics.events.unittest.dll" id="a2183f2a-4982-f34a-fce3-120e25cf99f3">
      <Execution id="df67de21-7d04-4a60-8f16-fdd2254199f1" />
      <TestMethod codeBase="D:\actions-runner\_work\XPCO\XPCO\EventServer\AnalyticsEvents\Analytics\VideoOS.Analytics.Events.UnitTest\bin\Debug\net47\VideoOS.Analytics.Events.UnitTest.dll" adapterTypeName="executor://mstestadapter/v2" className="VideoOS.Analytics.Events.UnitTest.Server.TestAlertHandler" name="TestFillSourceWithObjectIdReturnItem" />
    </UnitTest>
    <UnitTest name="TestHandleRequest_EmptyXmlDocument" storage="d:\actions-runner\_work\xpco\xpco\eventserver\analyticsevents\analytics\videoos.analytics.events.unittest\bin\debug\net47\videoos.analytics.events.unittest.dll" id="5c9512e9-34bb-2740-f2ec-b4e42cf1ae80">
      <Execution id="97b018b8-b335-4b0a-b2d0-9b6efff5a046" />
      <TestMethod codeBase="D:\actions-runner\_work\XPCO\XPCO\EventServer\AnalyticsEvents\Analytics\VideoOS.Analytics.Events.UnitTest\bin\Debug\net47\VideoOS.Analytics.Events.UnitTest.dll" adapterTypeName="executor://mstestadapter/v2" className="VideoOS.Analytics.Events.UnitTest.Server.TestAlarmManager" name="TestHandleRequest_EmptyXmlDocument" />
    </UnitTest>
    <UnitTest name="GetRelatedTest" storage="d:\actions-runner\_work\xpco\xpco\eventserver\analyticsevents\analytics\videoos.analytics.events.unittest\bin\debug\net47\videoos.analytics.events.unittest.dll" id="5bb918da-47e7-5c1a-e3d8-ff16da5a0e69">
      <Execution id="ed947263-4fd4-44a3-a941-eb57f25a7b7c" />
      <TestMethod codeBase="D:\actions-runner\_work\XPCO\XPCO\EventServer\AnalyticsEvents\Analytics\VideoOS.Analytics.Events.UnitTest\bin\Debug\net47\VideoOS.Analytics.Events.UnitTest.dll" adapterTypeName="executor://mstestadapter/v2" className="VideoOS.Analytics.Events.UnitTest.Admin.TestBaseItem" name="GetRelatedTest" />
    </UnitTest>
    <UnitTest name="TestGetHostId_InvalidAddress" storage="d:\actions-runner\_work\xpco\xpco\eventserver\analyticsevents\analytics\videoos.analytics.events.unittest\bin\debug\net47\videoos.analytics.events.unittest.dll" id="02cdc341-fd2e-1dd9-b68a-fae5dd43f01e">
      <Execution id="ef10192c-65b1-4ce8-8188-33772db17c53" />
      <TestMethod codeBase="D:\actions-runner\_work\XPCO\XPCO\EventServer\AnalyticsEvents\Analytics\VideoOS.Analytics.Events.UnitTest\bin\Debug\net47\VideoOS.Analytics.Events.UnitTest.dll" adapterTypeName="executor://mstestadapter/v2" className="VideoOS.Analytics.Events.UnitTest.Server.DeviceManager.TestHostResolver" name="TestGetHostId_InvalidAddress" />
    </UnitTest>
    <UnitTest name="FQIDTest" storage="d:\actions-runner\_work\xpco\xpco\eventserver\analyticsevents\analytics\videoos.analytics.events.unittest\bin\debug\net47\videoos.analytics.events.unittest.dll" id="b0c0e2e8-4bec-9bb6-fe19-dbcc272a20c0">
      <Execution id="0da0b639-96c2-41f6-8193-5878c356d552" />
      <TestMethod codeBase="D:\actions-runner\_work\XPCO\XPCO\EventServer\AnalyticsEvents\Analytics\VideoOS.Analytics.Events.UnitTest\bin\Debug\net47\VideoOS.Analytics.Events.UnitTest.dll" adapterTypeName="executor://mstestadapter/v2" className="VideoOS.Analytics.Events.UnitTest.Admin.TestBaseItem" name="FQIDTest" />
    </UnitTest>
    <UnitTest name="TestGenerateDetailUserControl" storage="d:\actions-runner\_work\xpco\xpco\eventserver\analyticsevents\analytics\videoos.analytics.events.unittest\bin\debug\net47\videoos.analytics.events.unittest.dll" id="981861bf-c7ac-6490-46dc-0c6d8f66937e">
      <Execution id="d7b162de-6757-4847-b4e8-c87ebc7da811" />
      <TestMethod codeBase="D:\actions-runner\_work\XPCO\XPCO\EventServer\AnalyticsEvents\Analytics\VideoOS.Analytics.Events.UnitTest\bin\Debug\net47\VideoOS.Analytics.Events.UnitTest.dll" adapterTypeName="executor://mstestadapter/v2" className="VideoOS.Analytics.Events.UnitTest.Admin.TestAnalyticsEventItemManager" name="TestGenerateDetailUserControl" />
    </UnitTest>
    <UnitTest name="TestUpdateGeneralSettings_WithNullHostLists" storage="d:\actions-runner\_work\xpco\xpco\eventserver\analyticsevents\analytics\videoos.analytics.events.unittest\bin\debug\net47\videoos.analytics.events.unittest.dll" id="4ecd30a4-7c75-aab4-a14e-72f24f4d1e8c">
      <Execution id="b68877bb-4e5c-4d7a-bb18-18c93af88e7e" />
      <TestMethod codeBase="D:\actions-runner\_work\XPCO\XPCO\EventServer\AnalyticsEvents\Analytics\VideoOS.Analytics.Events.UnitTest\bin\Debug\net47\VideoOS.Analytics.Events.UnitTest.dll" adapterTypeName="executor://mstestadapter/v2" className="VideoOS.Analytics.Events.UnitTest.Background.TestServerSettingsManager" name="TestUpdateGeneralSettings_WithNullHostLists" />
    </UnitTest>
    <UnitTest name="TestAddItem_CurrentItemNull" storage="d:\actions-runner\_work\xpco\xpco\eventserver\analyticsevents\analytics\videoos.analytics.events.unittest\bin\debug\net47\videoos.analytics.events.unittest.dll" id="79f5dd3b-4ff2-5353-fcf8-69dee4b859a7">
      <Execution id="ff506771-11e5-4341-ade9-0f0ffb1d73ad" />
      <TestMethod codeBase="D:\actions-runner\_work\XPCO\XPCO\EventServer\AnalyticsEvents\Analytics\VideoOS.Analytics.Events.UnitTest\bin\Debug\net47\VideoOS.Analytics.Events.UnitTest.dll" adapterTypeName="executor://mstestadapter/v2" className="VideoOS.Analytics.Events.UnitTest.Admin.TestAnalyticsEventItemManager" name="TestAddItem_CurrentItemNull" />
    </UnitTest>
    <UnitTest name="TestInit_EnvironmentTypeService" storage="d:\actions-runner\_work\xpco\xpco\eventserver\analyticsevents\analytics\videoos.analytics.events.unittest\bin\debug\net47\videoos.analytics.events.unittest.dll" id="0c6c505b-1503-5c73-545a-4fa831061f80">
      <Execution id="9b493254-1f7a-4661-a9db-df7e488d8e3e" />
      <TestMethod codeBase="D:\actions-runner\_work\XPCO\XPCO\EventServer\AnalyticsEvents\Analytics\VideoOS.Analytics.Events.UnitTest\bin\Debug\net47\VideoOS.Analytics.Events.UnitTest.dll" adapterTypeName="executor://mstestadapter/v2" className="VideoOS.Analytics.Events.UnitTest.TestAnalyticsEventsDefinition" name="TestInit_EnvironmentTypeService" />
    </UnitTest>
    <UnitTest name="TestConstructor_Fqid" storage="d:\actions-runner\_work\xpco\xpco\eventserver\analyticsevents\analytics\videoos.analytics.events.unittest\bin\debug\net47\videoos.analytics.events.unittest.dll" id="cf814864-a528-d386-1d25-1deff1ff7e97">
      <Execution id="5310ce56-9692-44bf-acb6-d2ec9c0c1e61" />
      <TestMethod codeBase="D:\actions-runner\_work\XPCO\XPCO\EventServer\AnalyticsEvents\Analytics\VideoOS.Analytics.Events.UnitTest\bin\Debug\net47\VideoOS.Analytics.Events.UnitTest.dll" adapterTypeName="executor://mstestadapter/v2" className="VideoOS.Analytics.Events.UnitTest.Admin.TestGeneralSettingsItem" name="TestConstructor_Fqid" />
    </UnitTest>
    <UnitTest name="TestConstructor_Item" storage="d:\actions-runner\_work\xpco\xpco\eventserver\analyticsevents\analytics\videoos.analytics.events.unittest\bin\debug\net47\videoos.analytics.events.unittest.dll" id="1aa7d4ab-49e7-7d97-d8e8-a61b0082fdf6">
      <Execution id="c2c3be68-f556-4e81-86e0-d27dbeadfe79" />
      <TestMethod codeBase="D:\actions-runner\_work\XPCO\XPCO\EventServer\AnalyticsEvents\Analytics\VideoOS.Analytics.Events.UnitTest\bin\Debug\net47\VideoOS.Analytics.Events.UnitTest.dll" adapterTypeName="executor://mstestadapter/v2" className="VideoOS.Analytics.Events.UnitTest.Admin.TestGeneralSettingsItem" name="TestConstructor_Item" />
    </UnitTest>
    <UnitTest name="TestFillSourceNullSettings" storage="d:\actions-runner\_work\xpco\xpco\eventserver\analyticsevents\analytics\videoos.analytics.events.unittest\bin\debug\net47\videoos.analytics.events.unittest.dll" id="e196541a-5ccd-1a8b-b6d6-53755d8c6405">
      <Execution id="e08ebe56-653c-42f3-94b7-1d43f88d2de7" />
      <TestMethod codeBase="D:\actions-runner\_work\XPCO\XPCO\EventServer\AnalyticsEvents\Analytics\VideoOS.Analytics.Events.UnitTest\bin\Debug\net47\VideoOS.Analytics.Events.UnitTest.dll" adapterTypeName="executor://mstestadapter/v2" className="VideoOS.Analytics.Events.UnitTest.Server.TestAlertHandler" name="TestFillSourceNullSettings" />
    </UnitTest>
    <UnitTest name="TestParsePortVerifyFalse" storage="d:\actions-runner\_work\xpco\xpco\eventserver\analyticsevents\analytics\videoos.analytics.events.unittest\bin\debug\net47\videoos.analytics.events.unittest.dll" id="c95fbcc6-60bf-7584-ab63-e71788326f2e">
      <Execution id="b0d12e94-2920-458f-bcf7-e8f5839b2753" />
      <TestMethod codeBase="D:\actions-runner\_work\XPCO\XPCO\EventServer\AnalyticsEvents\Analytics\VideoOS.Analytics.Events.UnitTest\bin\Debug\net47\VideoOS.Analytics.Events.UnitTest.dll" adapterTypeName="executor://mstestadapter/v2" className="VideoOS.Analytics.Events.UnitTest.Admin.TestUpgradeManager" name="TestParsePortVerifyFalse" />
    </UnitTest>
    <UnitTest name="TestPortWithNullGeneralSettings" storage="d:\actions-runner\_work\xpco\xpco\eventserver\analyticsevents\analytics\videoos.analytics.events.unittest\bin\debug\net47\videoos.analytics.events.unittest.dll" id="2fc205a8-e6a7-ea97-fa49-eacb1ecbbbdd">
      <Execution id="b1bc81c4-fc5c-407a-b2cd-eacac3441c05" />
      <TestMethod codeBase="D:\actions-runner\_work\XPCO\XPCO\EventServer\AnalyticsEvents\Analytics\VideoOS.Analytics.Events.UnitTest\bin\Debug\net47\VideoOS.Analytics.Events.UnitTest.dll" adapterTypeName="executor://mstestadapter/v2" className="VideoOS.Analytics.Events.UnitTest.Background.TestServerSettingsManager" name="TestPortWithNullGeneralSettings" />
    </UnitTest>
    <UnitTest name="TestConstructor_NullItem" storage="d:\actions-runner\_work\xpco\xpco\eventserver\analyticsevents\analytics\videoos.analytics.events.unittest\bin\debug\net47\videoos.analytics.events.unittest.dll" id="00302533-927c-b26b-a80c-663005d27dff">
      <Execution id="47c42fe6-6469-4e91-aa27-791e0f5e9d5f" />
      <TestMethod codeBase="D:\actions-runner\_work\XPCO\XPCO\EventServer\AnalyticsEvents\Analytics\VideoOS.Analytics.Events.UnitTest\bin\Debug\net47\VideoOS.Analytics.Events.UnitTest.dll" adapterTypeName="executor://mstestadapter/v2" className="VideoOS.Analytics.Events.UnitTest.Admin.TestGeneralSettingsItem" name="TestConstructor_NullItem" />
    </UnitTest>
    <UnitTest name="TestCreateAlarmWithDocAlarm" storage="d:\actions-runner\_work\xpco\xpco\eventserver\analyticsevents\analytics\videoos.analytics.events.unittest\bin\debug\net47\videoos.analytics.events.unittest.dll" id="af2e23bf-6f85-e762-5c4f-1066523a98e3">
      <Execution id="ec7f41a9-73ea-407c-8fbf-2bb489151dd7" />
      <TestMethod codeBase="D:\actions-runner\_work\XPCO\XPCO\EventServer\AnalyticsEvents\Analytics\VideoOS.Analytics.Events.UnitTest\bin\Debug\net47\VideoOS.Analytics.Events.UnitTest.dll" adapterTypeName="executor://mstestadapter/v2" className="VideoOS.Analytics.Events.UnitTest.Server.TestAlertHandler" name="TestCreateAlarmWithDocAlarm" />
    </UnitTest>
    <UnitTest name="TestIconXPE" storage="d:\actions-runner\_work\xpco\xpco\eventserver\analyticsevents\analytics\videoos.analytics.events.unittest\bin\debug\net47\videoos.analytics.events.unittest.dll" id="46067b7a-93a4-dc70-ca0f-14d83f925057">
      <Execution id="9a145aad-bb73-4e42-85b8-03e6050375b7" />
      <TestMethod codeBase="D:\actions-runner\_work\XPCO\XPCO\EventServer\AnalyticsEvents\Analytics\VideoOS.Analytics.Events.UnitTest\bin\Debug\net47\VideoOS.Analytics.Events.UnitTest.dll" adapterTypeName="executor://mstestadapter/v2" className="VideoOS.Analytics.Events.UnitTest.TestAnalyticsEventsDefinition" name="TestIconXPE" />
    </UnitTest>
    <UnitTest name="TestFillSourceWithHostnameBadNamespace" storage="d:\actions-runner\_work\xpco\xpco\eventserver\analyticsevents\analytics\videoos.analytics.events.unittest\bin\debug\net47\videoos.analytics.events.unittest.dll" id="d3bfeaeb-1a3b-43da-24c5-e9eba90b4a46">
      <Execution id="3de22b18-dd87-4cb9-b7a4-c0dc3f6a4438" />
      <TestMethod codeBase="D:\actions-runner\_work\XPCO\XPCO\EventServer\AnalyticsEvents\Analytics\VideoOS.Analytics.Events.UnitTest\bin\Debug\net47\VideoOS.Analytics.Events.UnitTest.dll" adapterTypeName="executor://mstestadapter/v2" className="VideoOS.Analytics.Events.UnitTest.Server.TestAlertHandler" name="TestFillSourceWithHostnameBadNamespace" />
    </UnitTest>
    <UnitTest name="TestFillSourceWithHostnameUnKnownObjectHostName" storage="d:\actions-runner\_work\xpco\xpco\eventserver\analyticsevents\analytics\videoos.analytics.events.unittest\bin\debug\net47\videoos.analytics.events.unittest.dll" id="5638c06b-fc91-8fe5-3b9c-97c51bf7f5f4">
      <Execution id="736b35ed-e70b-43a9-b571-9c0ed3f30fac" />
      <TestMethod codeBase="D:\actions-runner\_work\XPCO\XPCO\EventServer\AnalyticsEvents\Analytics\VideoOS.Analytics.Events.UnitTest\bin\Debug\net47\VideoOS.Analytics.Events.UnitTest.dll" adapterTypeName="executor://mstestadapter/v2" className="VideoOS.Analytics.Events.UnitTest.Server.TestAlertHandler" name="TestFillSourceWithHostnameUnKnownObjectHostName" />
    </UnitTest>
    <UnitTest name="TestConstructor_Default" storage="d:\actions-runner\_work\xpco\xpco\eventserver\analyticsevents\analytics\videoos.analytics.events.unittest\bin\debug\net47\videoos.analytics.events.unittest.dll" id="6b054722-45c8-9e6e-8d3c-63fdf3adf029">
      <Execution id="79686df1-5238-4b14-b966-3033e480c41f" />
      <TestMethod codeBase="D:\actions-runner\_work\XPCO\XPCO\EventServer\AnalyticsEvents\Analytics\VideoOS.Analytics.Events.UnitTest\bin\Debug\net47\VideoOS.Analytics.Events.UnitTest.dll" adapterTypeName="executor://mstestadapter/v2" className="VideoOS.Analytics.Events.UnitTest.Admin.TestBaseItem" name="TestConstructor_Default" />
    </UnitTest>
    <UnitTest name="TestHandleRequestWithHtmlHeaderNoContentLength" storage="d:\actions-runner\_work\xpco\xpco\eventserver\analyticsevents\analytics\videoos.analytics.events.unittest\bin\debug\net47\videoos.analytics.events.unittest.dll" id="bd91e862-6095-d3cc-c742-6c3d0f66b903">
      <Execution id="b87d1f56-7a85-4129-8ab9-27d73e8f7daa" />
      <TestMethod codeBase="D:\actions-runner\_work\XPCO\XPCO\EventServer\AnalyticsEvents\Analytics\VideoOS.Analytics.Events.UnitTest\bin\Debug\net47\VideoOS.Analytics.Events.UnitTest.dll" adapterTypeName="executor://mstestadapter/v2" className="VideoOS.Analytics.Events.UnitTest.Server.TestAlarmManager" name="TestHandleRequestWithHtmlHeaderNoContentLength" />
    </UnitTest>
    <UnitTest name="TestReleaseUserControl" storage="d:\actions-runner\_work\xpco\xpco\eventserver\analyticsevents\analytics\videoos.analytics.events.unittest\bin\debug\net47\videoos.analytics.events.unittest.dll" id="686d7c4f-8f39-a5b6-2de0-88812e31a77c">
      <Execution id="f8df28bf-6023-4008-a4e9-0028fe8670b5" />
      <TestMethod codeBase="D:\actions-runner\_work\XPCO\XPCO\EventServer\AnalyticsEvents\Analytics\VideoOS.Analytics.Events.UnitTest\bin\Debug\net47\VideoOS.Analytics.Events.UnitTest.dll" adapterTypeName="executor://mstestadapter/v2" className="VideoOS.Analytics.Events.UnitTest.Admin.TestAnalyticsEventItemManager" name="TestReleaseUserControl" />
    </UnitTest>
    <UnitTest name="TestSetGetPropertyBool" storage="d:\actions-runner\_work\xpco\xpco\eventserver\analyticsevents\analytics\videoos.analytics.events.unittest\bin\debug\net47\videoos.analytics.events.unittest.dll" id="841fe5ff-0900-4d55-e645-bce62c676997">
      <Execution id="9d5362ea-5f6c-4cd9-8bef-4dcfd6b0be10" />
      <TestMethod codeBase="D:\actions-runner\_work\XPCO\XPCO\EventServer\AnalyticsEvents\Analytics\VideoOS.Analytics.Events.UnitTest\bin\Debug\net47\VideoOS.Analytics.Events.UnitTest.dll" adapterTypeName="executor://mstestadapter/v2" className="VideoOS.Analytics.Events.UnitTest.Admin.TestBaseItem" name="TestSetGetPropertyBool" />
    </UnitTest>
    <UnitTest name="TestClearItemCache" storage="d:\actions-runner\_work\xpco\xpco\eventserver\analyticsevents\analytics\videoos.analytics.events.unittest\bin\debug\net47\videoos.analytics.events.unittest.dll" id="38413246-5ad1-3549-ea9f-b7c6d2069358">
      <Execution id="5a49efb9-48d2-4b7f-8d67-29307cc8d453" />
      <TestMethod codeBase="D:\actions-runner\_work\XPCO\XPCO\EventServer\AnalyticsEvents\Analytics\VideoOS.Analytics.Events.UnitTest\bin\Debug\net47\VideoOS.Analytics.Events.UnitTest.dll" adapterTypeName="executor://mstestadapter/v2" className="VideoOS.Analytics.Events.UnitTest.Admin.TestAnalyticsEventItemManager" name="TestClearItemCache" />
    </UnitTest>
    <UnitTest name="TestSecurityEnabled" storage="d:\actions-runner\_work\xpco\xpco\eventserver\analyticsevents\analytics\videoos.analytics.events.unittest\bin\debug\net47\videoos.analytics.events.unittest.dll" id="4d74893e-15b9-b4c5-e7ae-f35297b66291">
      <Execution id="da470487-144d-4ebd-a9b3-0abf6030cbce" />
      <TestMethod codeBase="D:\actions-runner\_work\XPCO\XPCO\EventServer\AnalyticsEvents\Analytics\VideoOS.Analytics.Events.UnitTest\bin\Debug\net47\VideoOS.Analytics.Events.UnitTest.dll" adapterTypeName="executor://mstestadapter/v2" className="VideoOS.Analytics.Events.UnitTest.Admin.TestGeneralSettingsItem" name="TestSecurityEnabled" />
    </UnitTest>
    <UnitTest name="TestInit_EnvironmentTypeAdministrationXPCO" storage="d:\actions-runner\_work\xpco\xpco\eventserver\analyticsevents\analytics\videoos.analytics.events.unittest\bin\debug\net47\videoos.analytics.events.unittest.dll" id="b16a4a3d-2b3f-821d-5dc4-48588bb937be">
      <Execution id="7400ca7d-9bd7-4278-ad86-139fcb807e62" />
      <TestMethod codeBase="D:\actions-runner\_work\XPCO\XPCO\EventServer\AnalyticsEvents\Analytics\VideoOS.Analytics.Events.UnitTest\bin\Debug\net47\VideoOS.Analytics.Events.UnitTest.dll" adapterTypeName="executor://mstestadapter/v2" className="VideoOS.Analytics.Events.UnitTest.TestAnalyticsEventsDefinition" name="TestInit_EnvironmentTypeAdministrationXPCO" />
    </UnitTest>
    <UnitTest name="TestConstructor" storage="d:\actions-runner\_work\xpco\xpco\eventserver\analyticsevents\analytics\videoos.analytics.events.unittest\bin\debug\net47\videoos.analytics.events.unittest.dll" id="51ff0f82-28f1-a278-d306-5c10e7fd8df5">
      <Execution id="3dfbad83-a770-487f-9a6e-e2b4020630ea" />
      <TestMethod codeBase="D:\actions-runner\_work\XPCO\XPCO\EventServer\AnalyticsEvents\Analytics\VideoOS.Analytics.Events.UnitTest\bin\Debug\net47\VideoOS.Analytics.Events.UnitTest.dll" adapterTypeName="executor://mstestadapter/v2" className="VideoOS.Analytics.Events.UnitTest.TestAnalyticsEventsDefinition" name="TestConstructor" />
    </UnitTest>
    <UnitTest name="TestRefresh" storage="d:\actions-runner\_work\xpco\xpco\eventserver\analyticsevents\analytics\videoos.analytics.events.unittest\bin\debug\net47\videoos.analytics.events.unittest.dll" id="31cce2b4-72a9-4fb4-c866-621620e531af">
      <Execution id="fbdf458d-1328-47dc-9ad9-b18cd4616ff7" />
      <TestMethod codeBase="D:\actions-runner\_work\XPCO\XPCO\EventServer\AnalyticsEvents\Analytics\VideoOS.Analytics.Events.UnitTest\bin\Debug\net47\VideoOS.Analytics.Events.UnitTest.dll" adapterTypeName="executor://mstestadapter/v2" className="VideoOS.Analytics.Events.UnitTest.Server.DeviceManager.TestDeviceManagerXPCO" name="TestRefresh" />
    </UnitTest>
    <UnitTest name="TestLookup" storage="d:\actions-runner\_work\xpco\xpco\eventserver\analyticsevents\analytics\videoos.analytics.events.unittest\bin\debug\net47\videoos.analytics.events.unittest.dll" id="743c2ecd-f639-e21d-670f-8916e5300c80">
      <Execution id="566ec501-8353-46d2-a8b6-f30d3a8319e1" />
      <TestMethod codeBase="D:\actions-runner\_work\XPCO\XPCO\EventServer\AnalyticsEvents\Analytics\VideoOS.Analytics.Events.UnitTest\bin\Debug\net47\VideoOS.Analytics.Events.UnitTest.dll" adapterTypeName="executor://mstestadapter/v2" className="VideoOS.Analytics.Events.UnitTest.Server.DeviceManager.TestDeviceManagerXPCO" name="TestLookup" />
    </UnitTest>
    <UnitTest name="TestEventMessageEmptyDoc" storage="d:\actions-runner\_work\xpco\xpco\eventserver\analyticsevents\analytics\videoos.analytics.events.unittest\bin\debug\net47\videoos.analytics.events.unittest.dll" id="ff36a600-e44e-31f5-1388-bc0191016f88">
      <Execution id="e9643d03-974c-46ba-a732-99f25352ae7a" />
      <TestMethod codeBase="D:\actions-runner\_work\XPCO\XPCO\EventServer\AnalyticsEvents\Analytics\VideoOS.Analytics.Events.UnitTest\bin\Debug\net47\VideoOS.Analytics.Events.UnitTest.dll" adapterTypeName="executor://mstestadapter/v2" className="VideoOS.Analytics.Events.UnitTest.Server.TestAnalyticsEventHandler" name="TestEventMessageEmptyDoc" />
    </UnitTest>
    <UnitTest name="TestEventMessageWithMessage" storage="d:\actions-runner\_work\xpco\xpco\eventserver\analyticsevents\analytics\videoos.analytics.events.unittest\bin\debug\net47\videoos.analytics.events.unittest.dll" id="68a8cd2d-36bf-4bca-0c56-40dace703178">
      <Execution id="6e1f4c4f-be24-47c0-932c-f0cb278014d2" />
      <TestMethod codeBase="D:\actions-runner\_work\XPCO\XPCO\EventServer\AnalyticsEvents\Analytics\VideoOS.Analytics.Events.UnitTest\bin\Debug\net47\VideoOS.Analytics.Events.UnitTest.dll" adapterTypeName="executor://mstestadapter/v2" className="VideoOS.Analytics.Events.UnitTest.Server.TestAnalyticsEventHandler" name="TestEventMessageWithMessage" />
    </UnitTest>
    <UnitTest name="TestName_EnvironmentTypeAdministration" storage="d:\actions-runner\_work\xpco\xpco\eventserver\analyticsevents\analytics\videoos.analytics.events.unittest\bin\debug\net47\videoos.analytics.events.unittest.dll" id="3512d7b6-2329-1b33-d161-bf892df12629">
      <Execution id="f6d813f3-8346-475b-b82b-c33952e4a5ad" />
      <TestMethod codeBase="D:\actions-runner\_work\XPCO\XPCO\EventServer\AnalyticsEvents\Analytics\VideoOS.Analytics.Events.UnitTest\bin\Debug\net47\VideoOS.Analytics.Events.UnitTest.dll" adapterTypeName="executor://mstestadapter/v2" className="VideoOS.Analytics.Events.UnitTest.Admin.TestGeneralSettingsItem" name="TestName_EnvironmentTypeAdministration" />
    </UnitTest>
    <UnitTest name="TestConstructor_Item" storage="d:\actions-runner\_work\xpco\xpco\eventserver\analyticsevents\analytics\videoos.analytics.events.unittest\bin\debug\net47\videoos.analytics.events.unittest.dll" id="0cb0f32d-d4ea-feeb-540c-a349a62ff73c">
      <Execution id="b1177242-66e3-4977-a009-59c7c26d2808" />
      <TestMethod codeBase="D:\actions-runner\_work\XPCO\XPCO\EventServer\AnalyticsEvents\Analytics\VideoOS.Analytics.Events.UnitTest\bin\Debug\net47\VideoOS.Analytics.Events.UnitTest.dll" adapterTypeName="executor://mstestadapter/v2" className="VideoOS.Analytics.Events.UnitTest.Admin.TestAnalyticsEventItem" name="TestConstructor_Item" />
    </UnitTest>
    <UnitTest name="AuthorizationTest" storage="d:\actions-runner\_work\xpco\xpco\eventserver\analyticsevents\analytics\videoos.analytics.events.unittest\bin\debug\net47\videoos.analytics.events.unittest.dll" id="f7fbee19-d8be-dc7f-b5a7-a6fe13663b85">
      <Execution id="4b3a35fd-7047-4519-b4dd-f9bf6826e47f" />
      <TestMethod codeBase="D:\actions-runner\_work\XPCO\XPCO\EventServer\AnalyticsEvents\Analytics\VideoOS.Analytics.Events.UnitTest\bin\Debug\net47\VideoOS.Analytics.Events.UnitTest.dll" adapterTypeName="executor://mstestadapter/v2" className="VideoOS.Analytics.Events.UnitTest.Admin.TestBaseItem" name="AuthorizationTest" />
    </UnitTest>
    <UnitTest name="TestClearUserControl" storage="d:\actions-runner\_work\xpco\xpco\eventserver\analyticsevents\analytics\videoos.analytics.events.unittest\bin\debug\net47\videoos.analytics.events.unittest.dll" id="1297a481-9abd-22eb-92c2-48db178746b8">
      <Execution id="6593cb23-55dc-46c0-906e-f03ebaa39a30" />
      <TestMethod codeBase="D:\actions-runner\_work\XPCO\XPCO\EventServer\AnalyticsEvents\Analytics\VideoOS.Analytics.Events.UnitTest\bin\Debug\net47\VideoOS.Analytics.Events.UnitTest.dll" adapterTypeName="executor://mstestadapter/v2" className="VideoOS.Analytics.Events.UnitTest.Admin.TestAnalyticsEventItemManager" name="TestClearUserControl" />
    </UnitTest>
    <UnitTest name="TestHandleRequest_WithNull" storage="d:\actions-runner\_work\xpco\xpco\eventserver\analyticsevents\analytics\videoos.analytics.events.unittest\bin\debug\net47\videoos.analytics.events.unittest.dll" id="68779042-a3b8-4fb0-7858-ad695df6c209">
      <Execution id="439e77fd-4432-49d2-b4a3-9b2d52bc0d6d" />
      <TestMethod codeBase="D:\actions-runner\_work\XPCO\XPCO\EventServer\AnalyticsEvents\Analytics\VideoOS.Analytics.Events.UnitTest\bin\Debug\net47\VideoOS.Analytics.Events.UnitTest.dll" adapterTypeName="executor://mstestadapter/v2" className="VideoOS.Analytics.Events.UnitTest.Server.TestAlarmManager" name="TestHandleRequest_WithNull" />
    </UnitTest>
  </TestDefinitions>
  <TestEntries>
    <TestEntry testId="f6178929-bcf4-1d49-8082-bab963293513" executionId="77dec0ac-38db-461b-bcf2-a973cc54e024" testListId="8c84fa94-04c1-424b-9868-57a2d4851a1d" />
    <TestEntry testId="fc2632b1-ab30-aefb-f26f-0a08ac51e247" executionId="606f060b-732e-4aa9-8cbb-fd3a3b2f1ca2" testListId="8c84fa94-04c1-424b-9868-57a2d4851a1d" />
    <TestEntry testId="60e1b6a8-8777-ef74-c8a8-b070874bff10" executionId="60889712-c99f-4b5c-894d-28418f2f4d67" testListId="8c84fa94-04c1-424b-9868-57a2d4851a1d" />
    <TestEntry testId="8127989a-fbd0-a0c5-1a81-e49b19dbac67" executionId="4e36062b-1e00-4f6c-99a8-c32f8087f163" testListId="8c84fa94-04c1-424b-9868-57a2d4851a1d" />
    <TestEntry testId="e19ac113-2b0a-dae6-496b-4ca0bcf0772a" executionId="9df76a28-9b9f-4cb6-8234-29c61e06082c" testListId="8c84fa94-04c1-424b-9868-57a2d4851a1d" />
    <TestEntry testId="efc5d867-df5e-912a-bc72-f46e1586a7aa" executionId="f569fbc5-ee30-4721-ab6e-b7f48027ca45" testListId="8c84fa94-04c1-424b-9868-57a2d4851a1d" />
    <TestEntry testId="e3924598-2b02-3c0d-3ded-5283ec87996e" executionId="86360bc1-d5c8-42b5-ba92-1ed714953320" testListId="8c84fa94-04c1-424b-9868-57a2d4851a1d" />
    <TestEntry testId="31cce2b4-72a9-4fb4-c866-621620e531af" executionId="fbdf458d-1328-47dc-9ad9-b18cd4616ff7" testListId="8c84fa94-04c1-424b-9868-57a2d4851a1d" />
    <TestEntry testId="686d7c4f-8f39-a5b6-2de0-88812e31a77c" executionId="f8df28bf-6023-4008-a4e9-0028fe8670b5" testListId="8c84fa94-04c1-424b-9868-57a2d4851a1d" />
    <TestEntry testId="9b48f9e8-305b-a70d-39f8-d7c4a29753cb" executionId="61f53ad3-ae7e-4b9c-9a6e-de964d424453" testListId="8c84fa94-04c1-424b-9868-57a2d4851a1d" />
    <TestEntry testId="9377ddbc-2a82-324c-6237-e4670485818c" executionId="08d03089-640c-4c53-8ca9-104040ca123a" testListId="8c84fa94-04c1-424b-9868-57a2d4851a1d" />
    <TestEntry testId="d298f1e0-c8a5-d75b-0ef3-b39c6d540a53" executionId="674be073-4c47-4c94-a8da-50ed080951c1" testListId="8c84fa94-04c1-424b-9868-57a2d4851a1d" />
    <TestEntry testId="b16a4a3d-2b3f-821d-5dc4-48588bb937be" executionId="7400ca7d-9bd7-4278-ad86-139fcb807e62" testListId="8c84fa94-04c1-424b-9868-57a2d4851a1d" />
    <TestEntry testId="ad871a49-75b0-6181-9664-3bbea754d11e" executionId="c7a55017-880a-49e6-822c-19577b7a3189" testListId="8c84fa94-04c1-424b-9868-57a2d4851a1d" />
    <TestEntry testId="1d2abe98-623e-b9eb-68ea-9dc55d7f52c4" executionId="3d0f3caf-da7c-40d5-9618-96e6bb203576" testListId="8c84fa94-04c1-424b-9868-57a2d4851a1d" />
    <TestEntry testId="d647d8dd-f04a-a2c2-cec5-80065b2d76ee" executionId="569b907b-4b30-4eaf-a42b-76ed5661e19a" testListId="8c84fa94-04c1-424b-9868-57a2d4851a1d" />
    <TestEntry testId="ca3f8549-8e65-13d1-59d4-6d74a5fa2453" executionId="f891e022-a1c7-43c3-a4e1-a4b993420ede" testListId="8c84fa94-04c1-424b-9868-57a2d4851a1d" />
    <TestEntry testId="981861bf-c7ac-6490-46dc-0c6d8f66937e" executionId="d7b162de-6757-4847-b4e8-c87ebc7da811" testListId="8c84fa94-04c1-424b-9868-57a2d4851a1d" />
    <TestEntry testId="44e8e31a-750e-3d33-0999-b9e0127d9f23" executionId="3295428c-5cf5-43ba-83c7-ec5a35b9942f" testListId="8c84fa94-04c1-424b-9868-57a2d4851a1d" />
    <TestEntry testId="b02adbca-d714-cd3d-4572-5d3913e8b0bd" executionId="a53fd744-6601-4330-8205-4a57b401042d" testListId="8c84fa94-04c1-424b-9868-57a2d4851a1d" />
    <TestEntry testId="a797bbbd-fbc1-cdee-6d34-73069d6bb5e8" executionId="e7c68ca7-9ac1-4685-a9a1-0ce0e2974df6" testListId="8c84fa94-04c1-424b-9868-57a2d4851a1d" />
    <TestEntry testId="9063848d-03b0-ccf0-45e2-db439660c51f" executionId="e097face-a24c-49df-95af-7da4fad2391f" testListId="8c84fa94-04c1-424b-9868-57a2d4851a1d" />
    <TestEntry testId="1c6d0dbe-e217-4906-723c-0ebe81b93891" executionId="fb2597ba-0b77-4c94-a99c-36ac0a273e49" testListId="8c84fa94-04c1-424b-9868-57a2d4851a1d" />
    <TestEntry testId="743c2ecd-f639-e21d-670f-8916e5300c80" executionId="566ec501-8353-46d2-a8b6-f30d3a8319e1" testListId="8c84fa94-04c1-424b-9868-57a2d4851a1d" />
    <TestEntry testId="68a1e0c7-c80e-7643-d36c-d46388c618b9" executionId="766e2f39-4125-439b-9760-8f9e99b3e102" testListId="8c84fa94-04c1-424b-9868-57a2d4851a1d" />
    <TestEntry testId="4da41ae4-d604-de77-b100-b9c11152b5e2" executionId="24f974b3-0049-4084-9c38-a82e4e9a9c51" testListId="8c84fa94-04c1-424b-9868-57a2d4851a1d" />
    <TestEntry testId="fdd4396d-853a-b81c-99e8-330fa750b5bb" executionId="322afca5-7a53-477b-9ca3-01433a2d4bb1" testListId="8c84fa94-04c1-424b-9868-57a2d4851a1d" />
    <TestEntry testId="fc3323f7-5755-b5c1-4d9b-c74f626518db" executionId="62ac5f2e-8111-4ea1-a7d5-32898fac45c3" testListId="8c84fa94-04c1-424b-9868-57a2d4851a1d" />
    <TestEntry testId="46067b7a-93a4-dc70-ca0f-14d83f925057" executionId="9a145aad-bb73-4e42-85b8-03e6050375b7" testListId="8c84fa94-04c1-424b-9868-57a2d4851a1d" />
    <TestEntry testId="bd91e862-6095-d3cc-c742-6c3d0f66b903" executionId="b87d1f56-7a85-4129-8ab9-27d73e8f7daa" testListId="8c84fa94-04c1-424b-9868-57a2d4851a1d" />
    <TestEntry testId="3512d7b6-2329-1b33-d161-bf892df12629" executionId="f6d813f3-8346-475b-b82b-c33952e4a5ad" testListId="8c84fa94-04c1-424b-9868-57a2d4851a1d" />
    <TestEntry testId="a680688a-97f6-9e51-989f-2a4bbb51757d" executionId="7c7eb89f-fe53-4d24-9642-a10eab04591e" testListId="8c84fa94-04c1-424b-9868-57a2d4851a1d" />
    <TestEntry testId="7064fc9a-517a-334d-157c-bf9e70136218" executionId="7d93bb18-42c3-4087-a1ff-26fb0bf03de0" testListId="8c84fa94-04c1-424b-9868-57a2d4851a1d" />
    <TestEntry testId="c485f20f-2936-e124-573a-af07abec5069" executionId="661e4a93-6468-4996-a00d-39f843cac878" testListId="8c84fa94-04c1-424b-9868-57a2d4851a1d" />
    <TestEntry testId="64c3d46c-70e0-5802-8b79-0668fff83924" executionId="950ca6f8-519e-41b6-a0ca-43bdcf0d007d" testListId="8c84fa94-04c1-424b-9868-57a2d4851a1d" />
    <TestEntry testId="630469e6-5013-75fa-87f3-a25157cae846" executionId="c2623a08-a733-4548-ad81-4e3ba2aa42a9" testListId="8c84fa94-04c1-424b-9868-57a2d4851a1d" />
    <TestEntry testId="b840d203-6fe7-ed1d-0fc4-7c39f947fa26" executionId="5c410ddf-2f95-4eb9-a9b8-cf09348b2515" testListId="8c84fa94-04c1-424b-9868-57a2d4851a1d" />
    <TestEntry testId="1f47e619-99a3-224a-4bdd-4d976819d575" executionId="398f909b-7ca9-4c28-8139-698f89cc980c" testListId="8c84fa94-04c1-424b-9868-57a2d4851a1d" />
    <TestEntry testId="70b8acfc-0f5d-15c1-74a7-35d8aa14bdfe" executionId="60a40a25-b15f-4eaf-8e1c-b0f6e3aba7ba" testListId="8c84fa94-04c1-424b-9868-57a2d4851a1d" />
    <TestEntry testId="9ee2b58d-4d5c-216b-cc4e-e3eef1a00c60" executionId="20168ac2-1f73-47e4-a2bf-edb569a6610b" testListId="8c84fa94-04c1-424b-9868-57a2d4851a1d" />
    <TestEntry testId="bbb437a5-b175-785f-1346-4ed03a24180a" executionId="94bfcd5c-3ef9-4e74-bd18-618a28b1f5a4" testListId="8c84fa94-04c1-424b-9868-57a2d4851a1d" />
    <TestEntry testId="4d731975-cd09-acda-c596-f16b07c2506e" executionId="13b5c014-badc-4532-a383-7816d856335b" testListId="8c84fa94-04c1-424b-9868-57a2d4851a1d" />
    <TestEntry testId="28c61743-69cc-da8e-f843-61961a6de37b" executionId="d79911e0-a803-4a3c-9cd9-783fbe62e1ae" testListId="8c84fa94-04c1-424b-9868-57a2d4851a1d" />
    <TestEntry testId="68e40d93-f104-d573-b78b-f374bb89bda8" executionId="089cef48-3e43-42bf-98b7-6c33d93283f8" testListId="8c84fa94-04c1-424b-9868-57a2d4851a1d" />
    <TestEntry testId="57ba51e2-0449-69a0-a0fe-95177de0540e" executionId="54e3d165-2dab-4707-8203-1eabdf456acd" testListId="8c84fa94-04c1-424b-9868-57a2d4851a1d" />
    <TestEntry testId="906a0490-2008-ab4a-3628-1824bc2d745b" executionId="858a13e2-298b-4b10-9d18-add0d40e5908" testListId="8c84fa94-04c1-424b-9868-57a2d4851a1d" />
    <TestEntry testId="9c143a4f-02b4-3c35-43f8-b0477627830a" executionId="5bfcacba-5c30-4739-8dad-8f7edd6f0a64" testListId="8c84fa94-04c1-424b-9868-57a2d4851a1d" />
    <TestEntry testId="b999c4ce-96be-37bf-70b4-d606de245c4b" executionId="ce425177-e2d2-4a44-a120-7bac1a47c9b5" testListId="8c84fa94-04c1-424b-9868-57a2d4851a1d" />
    <TestEntry testId="7cc4d0b0-ebf8-1238-6c90-a328149d9647" executionId="ab784d7d-ae03-42bc-8a5d-90daa9cdde9b" testListId="8c84fa94-04c1-424b-9868-57a2d4851a1d" />
    <TestEntry testId="76d38649-39be-7a04-7bd4-089305eebdba" executionId="219823e1-b263-4c36-9bd8-9d54b5caca38" testListId="8c84fa94-04c1-424b-9868-57a2d4851a1d" />
    <TestEntry testId="dd7a7279-0902-784a-61c3-66b04a3e6973" executionId="e8e52a27-1e7c-4716-996b-3af367df2617" testListId="8c84fa94-04c1-424b-9868-57a2d4851a1d" />
    <TestEntry testId="fa894b57-d91a-00c2-a775-6080e58f2a84" executionId="8cacf708-ee84-4baf-9e9e-5b80d55350b0" testListId="8c84fa94-04c1-424b-9868-57a2d4851a1d" />
    <TestEntry testId="7c111c6e-1816-2f70-18ff-30ffbb26ba59" executionId="cf37cc60-2c38-4cd5-8368-d0fb7a3fa2fa" testListId="8c84fa94-04c1-424b-9868-57a2d4851a1d" />
    <TestEntry testId="c89ce7a8-67b4-96a8-b86d-09b8d9f7b0a8" executionId="ed349ef2-a2a8-49d2-8e9e-893e246ebccf" testListId="8c84fa94-04c1-424b-9868-57a2d4851a1d" />
    <TestEntry testId="222b0508-9017-2a52-0b58-ecc9b98fe182" executionId="4269ff4f-1d61-4750-83d8-ae72fcacff42" testListId="8c84fa94-04c1-424b-9868-57a2d4851a1d" />
    <TestEntry testId="1ead987f-3093-f0cc-ecc1-54610695491a" executionId="47bebe8f-691c-4bc3-980b-6a7a65069f54" testListId="8c84fa94-04c1-424b-9868-57a2d4851a1d" />
    <TestEntry testId="32a3ae4a-eea8-d63c-2ef1-01c2e17b2641" executionId="e7fd1a70-fc11-4f52-86ca-fc4695f5bb51" testListId="8c84fa94-04c1-424b-9868-57a2d4851a1d" />
    <TestEntry testId="2735212f-ff13-4b14-ad73-c122581defaa" executionId="d2cdae22-e26e-4d76-a9f0-c7b2c0a54edc" testListId="8c84fa94-04c1-424b-9868-57a2d4851a1d" />
    <TestEntry testId="5638c06b-fc91-8fe5-3b9c-97c51bf7f5f4" executionId="736b35ed-e70b-43a9-b571-9c0ed3f30fac" testListId="8c84fa94-04c1-424b-9868-57a2d4851a1d" />
    <TestEntry testId="b862d426-c600-5c47-8f41-2977c5ca4183" executionId="4003187d-36e9-4d0e-83ec-0880a888af74" testListId="8c84fa94-04c1-424b-9868-57a2d4851a1d" />
    <TestEntry testId="f8d7b1a7-4785-3ace-7dbc-2dbc92759bd6" executionId="e596d579-d520-4d52-8ee1-0337f70c9215" testListId="8c84fa94-04c1-424b-9868-57a2d4851a1d" />
    <TestEntry testId="b2a3e303-8884-e726-1bd4-bb8bdda5ca04" executionId="332376a7-16a0-46dc-9d99-10404caaff27" testListId="8c84fa94-04c1-424b-9868-57a2d4851a1d" />
    <TestEntry testId="fb82e5ab-b876-f3ec-f70e-ce0788714c64" executionId="7c386271-ae01-4128-8c60-8c20e7b30e24" testListId="8c84fa94-04c1-424b-9868-57a2d4851a1d" />
    <TestEntry testId="8d1e8272-2cd2-ba7e-b7f4-7e27c9fed687" executionId="2694f5f5-c718-4d90-ac36-adc853aca81e" testListId="8c84fa94-04c1-424b-9868-57a2d4851a1d" />
    <TestEntry testId="2594741e-44f5-7035-b04d-9de54da44bdc" executionId="5f2e31d6-f4e2-4e96-bf9f-4519539742ec" testListId="8c84fa94-04c1-424b-9868-57a2d4851a1d" />
    <TestEntry testId="933408fc-e0db-e224-b7f6-9701212f2028" executionId="bee5e109-7350-4bc1-9172-491c45d1a75c" testListId="8c84fa94-04c1-424b-9868-57a2d4851a1d" />
    <TestEntry testId="0c6c505b-1503-5c73-545a-4fa831061f80" executionId="9b493254-1f7a-4661-a9db-df7e488d8e3e" testListId="8c84fa94-04c1-424b-9868-57a2d4851a1d" />
    <TestEntry testId="c566cc1a-656a-1860-d810-4b5783079e77" executionId="1ccd4d40-fd35-4920-8840-b25b9adf8859" testListId="8c84fa94-04c1-424b-9868-57a2d4851a1d" />
    <TestEntry testId="8a29bf81-9fef-9e07-210f-123e55fcfd89" executionId="aebee1f5-cfab-46b7-a364-d86ee3c2a5ee" testListId="8c84fa94-04c1-424b-9868-57a2d4851a1d" />
    <TestEntry testId="c95fbcc6-60bf-7584-ab63-e71788326f2e" executionId="b0d12e94-2920-458f-bcf7-e8f5839b2753" testListId="8c84fa94-04c1-424b-9868-57a2d4851a1d" />
    <TestEntry testId="00302533-927c-b26b-a80c-663005d27dff" executionId="47c42fe6-6469-4e91-aa27-791e0f5e9d5f" testListId="8c84fa94-04c1-424b-9868-57a2d4851a1d" />
    <TestEntry testId="282a0374-5529-ce12-d28c-f984243e5e6f" executionId="07c61c2a-0249-4d4b-9e74-61a01dc57a99" testListId="8c84fa94-04c1-424b-9868-57a2d4851a1d" />
    <TestEntry testId="29f1dda2-2ce7-dfd2-c1cc-985082bb198b" executionId="9e178bec-d195-4938-8701-917e80b3029c" testListId="8c84fa94-04c1-424b-9868-57a2d4851a1d" />
    <TestEntry testId="63223206-c9ca-75eb-91a6-c490cf9d4852" executionId="6f65269b-991c-496d-a0e8-2e018913f16f" testListId="8c84fa94-04c1-424b-9868-57a2d4851a1d" />
    <TestEntry testId="e196541a-5ccd-1a8b-b6d6-53755d8c6405" executionId="e08ebe56-653c-42f3-94b7-1d43f88d2de7" testListId="8c84fa94-04c1-424b-9868-57a2d4851a1d" />
    <TestEntry testId="b732fd71-b534-bedb-b721-ce634efb5754" executionId="54bc86ee-4001-4a59-90ce-aa99d3fa6f16" testListId="8c84fa94-04c1-424b-9868-57a2d4851a1d" />
    <TestEntry testId="1297a481-9abd-22eb-92c2-48db178746b8" executionId="6593cb23-55dc-46c0-906e-f03ebaa39a30" testListId="8c84fa94-04c1-424b-9868-57a2d4851a1d" />
    <TestEntry testId="bcaa400c-0478-ab73-d586-3d87bc50dd81" executionId="a8bc7817-beda-4647-8b0a-ec5a6bff2d86" testListId="8c84fa94-04c1-424b-9868-57a2d4851a1d" />
    <TestEntry testId="0cb0f32d-d4ea-feeb-540c-a349a62ff73c" executionId="b1177242-66e3-4977-a009-59c7c26d2808" testListId="8c84fa94-04c1-424b-9868-57a2d4851a1d" />
    <TestEntry testId="26a8eab7-f707-d623-7dae-cdddc206df2a" executionId="87b3f54f-40a1-4656-8cc9-9b72f54c0063" testListId="8c84fa94-04c1-424b-9868-57a2d4851a1d" />
    <TestEntry testId="fc879903-f736-1678-7270-b0ed29e81854" executionId="02ce91fa-2438-423d-9bfd-5d8b9f240515" testListId="8c84fa94-04c1-424b-9868-57a2d4851a1d" />
    <TestEntry testId="4d4a5230-156e-d429-5e7e-49883d2c29f2" executionId="782228e3-3f2b-43cf-b2b1-6f684e678be0" testListId="8c84fa94-04c1-424b-9868-57a2d4851a1d" />
    <TestEntry testId="1dddb1a4-febd-fefd-93eb-1bc509392e46" executionId="03323d64-7515-4258-b0ba-51d937566d0c" testListId="8c84fa94-04c1-424b-9868-57a2d4851a1d" />
    <TestEntry testId="fd502182-599f-e866-86f4-980d05169f5e" executionId="ae0f14de-78f4-4bd0-8e22-fca278b47721" testListId="8c84fa94-04c1-424b-9868-57a2d4851a1d" />
    <TestEntry testId="cd3490dd-e583-4a73-4a21-89dcff98c7f0" executionId="4bbb6cc4-ee06-485f-845c-82f921b298b7" testListId="8c84fa94-04c1-424b-9868-57a2d4851a1d" />
    <TestEntry testId="63eb29b2-a20a-4e3c-ee32-fac315e3f3da" executionId="d03f965b-f082-4f89-9d65-f02c7397acaa" testListId="8c84fa94-04c1-424b-9868-57a2d4851a1d" />
    <TestEntry testId="4ecd30a4-7c75-aab4-a14e-72f24f4d1e8c" executionId="b68877bb-4e5c-4d7a-bb18-18c93af88e7e" testListId="8c84fa94-04c1-424b-9868-57a2d4851a1d" />
    <TestEntry testId="e79c1d31-afdf-0db0-a7ad-68a989a60397" executionId="bcb86ed6-be72-4426-a704-5f1651e2d743" testListId="8c84fa94-04c1-424b-9868-57a2d4851a1d" />
    <TestEntry testId="f2e13be8-d902-bf66-5ea2-e31071348282" executionId="469792b4-e7db-4028-9f50-18b0e1ec866c" testListId="8c84fa94-04c1-424b-9868-57a2d4851a1d" />
    <TestEntry testId="a0d1db26-e58f-71ad-41ec-a68bf89707fd" executionId="83d88510-66ed-401f-a2d6-e244bdae08bc" testListId="8c84fa94-04c1-424b-9868-57a2d4851a1d" />
    <TestEntry testId="877067fa-965d-533c-ea7b-ad7f20848732" executionId="40a21040-1c11-470b-b7ee-02e45a75d003" testListId="8c84fa94-04c1-424b-9868-57a2d4851a1d" />
    <TestEntry testId="83e33f49-3839-a8bb-cf05-b2992017da73" executionId="c2c02ae5-577e-41c8-a5c6-6a8ba34a9dc7" testListId="8c84fa94-04c1-424b-9868-57a2d4851a1d" />
    <TestEntry testId="6f57a0ef-f3b0-892d-c2da-07b42eeff451" executionId="1e5380ff-8b7c-46de-8f1d-a1b5af013edb" testListId="8c84fa94-04c1-424b-9868-57a2d4851a1d" />
    <TestEntry testId="6818ef04-62f8-9bf9-56c2-d4576a55c1c5" executionId="709ca01b-cc1c-4f93-96b8-92cfdc30c02c" testListId="8c84fa94-04c1-424b-9868-57a2d4851a1d" />
    <TestEntry testId="3cc755fb-5a66-6257-0e18-9696b64dfe93" executionId="c575fa78-6cb2-47f5-839f-a7d9975391cf" testListId="8c84fa94-04c1-424b-9868-57a2d4851a1d" />
    <TestEntry testId="b52aa5c9-a2c8-d057-06e9-51544488ee66" executionId="b67bde49-3d28-4e63-825e-95d894c309de" testListId="8c84fa94-04c1-424b-9868-57a2d4851a1d" />
    <TestEntry testId="6523653e-e1f7-ec96-0b0e-f3f5fe1cf2cb" executionId="b7e765c1-313b-430b-b3d3-33340164d201" testListId="8c84fa94-04c1-424b-9868-57a2d4851a1d" />
    <TestEntry testId="79f5dd3b-4ff2-5353-fcf8-69dee4b859a7" executionId="ff506771-11e5-4341-ade9-0f0ffb1d73ad" testListId="8c84fa94-04c1-424b-9868-57a2d4851a1d" />
    <TestEntry testId="25d1efdb-35a3-79e5-ae72-87e7e8e2202e" executionId="c257ffca-296b-4b1f-bf50-8d2fbdfc462b" testListId="8c84fa94-04c1-424b-9868-57a2d4851a1d" />
    <TestEntry testId="a7859604-ea04-7f95-d870-edfc83710f38" executionId="b7bdc13b-202e-42be-a685-41c5e69a787b" testListId="8c84fa94-04c1-424b-9868-57a2d4851a1d" />
    <TestEntry testId="bd54e1d8-be83-335d-1d3f-41d8659fc395" executionId="4b2f7275-3c34-4a17-a758-a399dcc076a2" testListId="8c84fa94-04c1-424b-9868-57a2d4851a1d" />
    <TestEntry testId="531745fb-1036-cd42-4937-8988531bfd55" executionId="0312c106-483a-4891-9799-98f4bdd97812" testListId="8c84fa94-04c1-424b-9868-57a2d4851a1d" />
    <TestEntry testId="9c58c50f-7907-40f9-144e-464220f53b8f" executionId="29d7518f-dc49-40d4-a050-91feb4faff3b" testListId="8c84fa94-04c1-424b-9868-57a2d4851a1d" />
    <TestEntry testId="38413246-5ad1-3549-ea9f-b7c6d2069358" executionId="5a49efb9-48d2-4b7f-8d67-29307cc8d453" testListId="8c84fa94-04c1-424b-9868-57a2d4851a1d" />
    <TestEntry testId="ed499e1b-c474-96f6-0d03-6d7bc038a3ef" executionId="f19f95bc-1035-48a1-9975-a45f44e021e9" testListId="8c84fa94-04c1-424b-9868-57a2d4851a1d" />
    <TestEntry testId="c5401e31-592e-1ba8-aba9-0d1fd119b7e1" executionId="c468d6d9-a7b0-425d-96c4-05bd4ee6c666" testListId="8c84fa94-04c1-424b-9868-57a2d4851a1d" />
    <TestEntry testId="5bb918da-47e7-5c1a-e3d8-ff16da5a0e69" executionId="ed947263-4fd4-44a3-a941-eb57f25a7b7c" testListId="8c84fa94-04c1-424b-9868-57a2d4851a1d" />
    <TestEntry testId="b0c0e2e8-4bec-9bb6-fe19-dbcc272a20c0" executionId="0da0b639-96c2-41f6-8193-5878c356d552" testListId="8c84fa94-04c1-424b-9868-57a2d4851a1d" />
    <TestEntry testId="c9fd1afa-e000-bceb-dcf6-c6bea7b48fed" executionId="76a832da-629e-4609-b772-60f248ac8c3b" testListId="8c84fa94-04c1-424b-9868-57a2d4851a1d" />
    <TestEntry testId="2b84a2cd-763f-f900-99a9-5fdc0db16d50" executionId="d90d4ac7-cc3b-47db-ac68-94aee878d4cb" testListId="8c84fa94-04c1-424b-9868-57a2d4851a1d" />
    <TestEntry testId="28842cb7-88ff-c6f7-6139-0d4e33aac9e3" executionId="c9e25935-7e21-4a5b-afa3-c03eb057f346" testListId="8c84fa94-04c1-424b-9868-57a2d4851a1d" />
    <TestEntry testId="1da33fd1-0d34-076c-43d9-5cd0bf955642" executionId="1e520c19-a687-4916-abb1-a01a4cf619dd" testListId="8c84fa94-04c1-424b-9868-57a2d4851a1d" />
    <TestEntry testId="16f9b650-9451-5818-79e2-4aeec5ecbcb9" executionId="510b32ea-c4bf-4400-9ec2-e34779731fb2" testListId="8c84fa94-04c1-424b-9868-57a2d4851a1d" />
    <TestEntry testId="c639412f-a0bd-529f-42ba-db88d5ddb219" executionId="e54228d0-0f07-448c-bd11-bf1f120de801" testListId="8c84fa94-04c1-424b-9868-57a2d4851a1d" />
    <TestEntry testId="f7fbee19-d8be-dc7f-b5a7-a6fe13663b85" executionId="4b3a35fd-7047-4519-b4dd-f9bf6826e47f" testListId="8c84fa94-04c1-424b-9868-57a2d4851a1d" />
    <TestEntry testId="30ec32a1-7325-a21c-c877-feeaff272be5" executionId="9e51ce8c-3610-417d-a192-87c783f1692b" testListId="8c84fa94-04c1-424b-9868-57a2d4851a1d" />
    <TestEntry testId="a2183f2a-4982-f34a-fce3-120e25cf99f3" executionId="df67de21-7d04-4a60-8f16-fdd2254199f1" testListId="8c84fa94-04c1-424b-9868-57a2d4851a1d" />
    <TestEntry testId="68a8cd2d-36bf-4bca-0c56-40dace703178" executionId="6e1f4c4f-be24-47c0-932c-f0cb278014d2" testListId="8c84fa94-04c1-424b-9868-57a2d4851a1d" />
    <TestEntry testId="4ed3a2f1-0624-7989-5ea0-238e5318bc3b" executionId="6e52d0d6-91c5-4004-8d69-caa383452d5e" testListId="8c84fa94-04c1-424b-9868-57a2d4851a1d" />
    <TestEntry testId="5b6e1893-dff2-dc10-8ea6-8a16a6b9c356" executionId="00abe88b-f675-4ad7-9e8b-3e9cb37a468c" testListId="8c84fa94-04c1-424b-9868-57a2d4851a1d" />
    <TestEntry testId="8da37076-29a6-9454-f54e-2dd1707442fd" executionId="d6568145-7aa0-4b69-bb0e-3be023ce68bc" testListId="8c84fa94-04c1-424b-9868-57a2d4851a1d" />
    <TestEntry testId="13bbd6c2-acb6-84fc-9250-7e899c4cba05" executionId="5c2eb8bf-e4a2-4550-b709-aa8739209efb" testListId="8c84fa94-04c1-424b-9868-57a2d4851a1d" />
    <TestEntry testId="50625ba9-518b-406d-4a76-a7b2a89ccf69" executionId="ff021aa8-9e7d-4a7d-b90f-796863aed8fc" testListId="8c84fa94-04c1-424b-9868-57a2d4851a1d" />
    <TestEntry testId="5f27c56a-2336-ecc1-a299-39c7c2f53714" executionId="97a8548e-c8f7-4ad8-bb80-4424bbe37116" testListId="8c84fa94-04c1-424b-9868-57a2d4851a1d" />
    <TestEntry testId="af2e23bf-6f85-e762-5c4f-1066523a98e3" executionId="ec7f41a9-73ea-407c-8fbf-2bb489151dd7" testListId="8c84fa94-04c1-424b-9868-57a2d4851a1d" />
    <TestEntry testId="08b1e8de-fe51-fd69-facc-4b295119de73" executionId="9b546717-70cb-42e0-be62-f15a52859a1c" testListId="8c84fa94-04c1-424b-9868-57a2d4851a1d" />
    <TestEntry testId="ecd23704-7e34-1aa5-e5f4-6bf6498c5500" executionId="1a04a6dc-72ec-458a-ba97-63cd03ef1010" testListId="8c84fa94-04c1-424b-9868-57a2d4851a1d" />
    <TestEntry testId="5c9512e9-34bb-2740-f2ec-b4e42cf1ae80" executionId="97b018b8-b335-4b0a-b2d0-9b6efff5a046" testListId="8c84fa94-04c1-424b-9868-57a2d4851a1d" />
    <TestEntry testId="0682fd04-8c4e-05bb-dafd-b9741ee85bd2" executionId="d9e164db-3476-470d-b58e-3028164f680f" testListId="8c84fa94-04c1-424b-9868-57a2d4851a1d" />
    <TestEntry testId="dc5f1244-37a4-bde8-4e08-777c2a45fb49" executionId="67d02977-037e-471c-ab8e-0aef36d892c9" testListId="8c84fa94-04c1-424b-9868-57a2d4851a1d" />
    <TestEntry testId="17db969d-d87f-c30b-99c3-955b87ea9c30" executionId="7044375b-e163-4573-8695-b28d145e133f" testListId="8c84fa94-04c1-424b-9868-57a2d4851a1d" />
    <TestEntry testId="4549307d-5f6e-9ca5-5eaa-26f0964dc3ad" executionId="f88bf8fe-6859-4628-9732-a21533774b64" testListId="8c84fa94-04c1-424b-9868-57a2d4851a1d" />
    <TestEntry testId="d3bfeaeb-1a3b-43da-24c5-e9eba90b4a46" executionId="3de22b18-dd87-4cb9-b7a4-c0dc3f6a4438" testListId="8c84fa94-04c1-424b-9868-57a2d4851a1d" />
    <TestEntry testId="ff36a600-e44e-31f5-1388-bc0191016f88" executionId="e9643d03-974c-46ba-a732-99f25352ae7a" testListId="8c84fa94-04c1-424b-9868-57a2d4851a1d" />
    <TestEntry testId="90b38ef5-7f35-adf3-35d2-2634eba1d9c4" executionId="dcb8ca75-d090-4a5b-ac13-405f87f22cb2" testListId="8c84fa94-04c1-424b-9868-57a2d4851a1d" />
    <TestEntry testId="ca83f4bc-62f7-8824-4231-f38c650de7dd" executionId="67205619-410c-44f1-925b-32157c133ced" testListId="8c84fa94-04c1-424b-9868-57a2d4851a1d" />
    <TestEntry testId="e94dd9f2-6af9-b55d-6b0d-fb0a01cd9cb5" executionId="3d71434d-a0ac-4db5-8b3b-6b00edf28fd0" testListId="8c84fa94-04c1-424b-9868-57a2d4851a1d" />
    <TestEntry testId="4911a7f7-260e-fc2b-c5f5-cb0280343cab" executionId="3a78485d-ab41-4012-8616-4e4476a3f1a2" testListId="8c84fa94-04c1-424b-9868-57a2d4851a1d" />
    <TestEntry testId="3ae18270-ca1f-a493-3494-1909b2cfe16b" executionId="2e46e55e-51be-4b12-84e5-33951e1d8c03" testListId="8c84fa94-04c1-424b-9868-57a2d4851a1d" />
    <TestEntry testId="ba962835-2c69-82f8-2550-7b6bc36daedb" executionId="14d4f699-745e-426c-951e-3f0a612822e0" testListId="8c84fa94-04c1-424b-9868-57a2d4851a1d" />
    <TestEntry testId="3683f627-21e2-2efc-596f-dff17db7a105" executionId="0b7b4d24-cad9-4040-b094-2820a7fc7be6" testListId="8c84fa94-04c1-424b-9868-57a2d4851a1d" />
    <TestEntry testId="5204a0ac-cbad-5934-acff-c0d5470991c7" executionId="12265867-3bad-4b4b-8e46-53526d16507b" testListId="8c84fa94-04c1-424b-9868-57a2d4851a1d" />
    <TestEntry testId="bbce43df-f93d-45cf-2ace-1d54d228ecf3" executionId="2feb0e6a-ca78-40a6-9ac4-09767b34afb0" testListId="8c84fa94-04c1-424b-9868-57a2d4851a1d" />
    <TestEntry testId="8347fe57-68ef-a53b-1d15-3c16d4a16311" executionId="dcdd33b4-ad66-4d65-bee7-2a47dd909c71" testListId="8c84fa94-04c1-424b-9868-57a2d4851a1d" />
    <TestEntry testId="0d1be572-dfc1-41df-e415-32bb6da31f80" executionId="d1e463e8-b4ae-45fd-a68e-c8d5cd38c490" testListId="8c84fa94-04c1-424b-9868-57a2d4851a1d" />
    <TestEntry testId="841fe5ff-0900-4d55-e645-bce62c676997" executionId="9d5362ea-5f6c-4cd9-8bef-4dcfd6b0be10" testListId="8c84fa94-04c1-424b-9868-57a2d4851a1d" />
    <TestEntry testId="68779042-a3b8-4fb0-7858-ad695df6c209" executionId="439e77fd-4432-49d2-b4a3-9b2d52bc0d6d" testListId="8c84fa94-04c1-424b-9868-57a2d4851a1d" />
    <TestEntry testId="063d0ec7-783f-7706-6c0b-9c29ba060dc1" executionId="27ffec96-74d5-4d27-90a1-cfaf5cde592a" testListId="8c84fa94-04c1-424b-9868-57a2d4851a1d" />
    <TestEntry testId="6b054722-45c8-9e6e-8d3c-63fdf3adf029" executionId="79686df1-5238-4b14-b966-3033e480c41f" testListId="8c84fa94-04c1-424b-9868-57a2d4851a1d" />
    <TestEntry testId="cf814864-a528-d386-1d25-1deff1ff7e97" executionId="5310ce56-9692-44bf-acb6-d2ec9c0c1e61" testListId="8c84fa94-04c1-424b-9868-57a2d4851a1d" />
    <TestEntry testId="c55d3e05-9a16-affd-e564-dbe17acf2ec1" executionId="463ab6f2-54e8-4ed1-af25-ca210fe9441a" testListId="8c84fa94-04c1-424b-9868-57a2d4851a1d" />
    <TestEntry testId="aae93390-7014-1885-f1be-02208dc3d7d1" executionId="3d4f011d-8f09-4312-9cc2-d9716891c36d" testListId="8c84fa94-04c1-424b-9868-57a2d4851a1d" />
    <TestEntry testId="90b2fab1-e505-89b4-8d22-0f91e5cbb36f" executionId="cd05eacc-ad8c-43b7-9561-0744bd1fb1a7" testListId="8c84fa94-04c1-424b-9868-57a2d4851a1d" />
    <TestEntry testId="e68743e5-ad11-acfb-dc47-3f1b3dcd5418" executionId="7ba71fa9-cf6d-4d02-9208-e78fdd84eb8a" testListId="8c84fa94-04c1-424b-9868-57a2d4851a1d" />
    <TestEntry testId="51ff0f82-28f1-a278-d306-5c10e7fd8df5" executionId="3dfbad83-a770-487f-9a6e-e2b4020630ea" testListId="8c84fa94-04c1-424b-9868-57a2d4851a1d" />
    <TestEntry testId="a8648a6e-c33a-0f32-a42d-3069cf24720a" executionId="d9842525-363c-4bb3-a407-f33f5ebf1afc" testListId="8c84fa94-04c1-424b-9868-57a2d4851a1d" />
    <TestEntry testId="cac92426-4fab-e7bd-c590-d4168bbdd988" executionId="9dcecfcf-7fdb-46de-96f1-c0772e68fc58" testListId="8c84fa94-04c1-424b-9868-57a2d4851a1d" />
    <TestEntry testId="5f632cc3-c55f-e00d-0b2d-7a6b37f4f2cc" executionId="aa8fd3c2-c8e1-4f6c-b053-2a0778107693" testListId="8c84fa94-04c1-424b-9868-57a2d4851a1d" />
    <TestEntry testId="9aaa339f-ddc0-e2f6-0559-7a18d4c9fb4c" executionId="2b82df66-d7de-4f9c-8cb9-95aedd54f58f" testListId="8c84fa94-04c1-424b-9868-57a2d4851a1d" />
    <TestEntry testId="02cdc341-fd2e-1dd9-b68a-fae5dd43f01e" executionId="ef10192c-65b1-4ce8-8188-33772db17c53" testListId="8c84fa94-04c1-424b-9868-57a2d4851a1d" />
    <TestEntry testId="ac6cb708-ccb6-1518-cf6e-2723d80211c1" executionId="5a466a37-521c-4991-9150-8d0a6a1892ed" testListId="8c84fa94-04c1-424b-9868-57a2d4851a1d" />
    <TestEntry testId="a8e322c5-869d-1868-e7f9-ca57e365acee" executionId="4c099bee-dc3f-4c67-be48-cba9a2e2b2a2" testListId="8c84fa94-04c1-424b-9868-57a2d4851a1d" />
    <TestEntry testId="a1c40e98-6612-92d9-82e3-49a05418bdb8" executionId="7b46a523-63e1-41be-aa72-205648dbb006" testListId="8c84fa94-04c1-424b-9868-57a2d4851a1d" />
    <TestEntry testId="1aa7d4ab-49e7-7d97-d8e8-a61b0082fdf6" executionId="c2c3be68-f556-4e81-86e0-d27dbeadfe79" testListId="8c84fa94-04c1-424b-9868-57a2d4851a1d" />
    <TestEntry testId="8efb0e92-acc4-391a-1751-7ebb955524cb" executionId="868a585e-7915-4f58-9a55-f176243abb50" testListId="8c84fa94-04c1-424b-9868-57a2d4851a1d" />
    <TestEntry testId="4d74893e-15b9-b4c5-e7ae-f35297b66291" executionId="da470487-144d-4ebd-a9b3-0abf6030cbce" testListId="8c84fa94-04c1-424b-9868-57a2d4851a1d" />
    <TestEntry testId="133ef572-439d-71e3-79c5-0a4d2177cdc0" executionId="66c8ccc1-431f-4c73-975c-115a6de89d76" testListId="8c84fa94-04c1-424b-9868-57a2d4851a1d" />
    <TestEntry testId="0ba330d1-5d72-214f-98d5-741bc5141b1f" executionId="9f1ac193-fa9f-456e-9422-048718ff729c" testListId="8c84fa94-04c1-424b-9868-57a2d4851a1d" />
    <TestEntry testId="0b6c05fd-d413-bc3a-3d24-b6744d2323a9" executionId="44ff6917-af71-4566-85fd-e8b9665e9d21" testListId="8c84fa94-04c1-424b-9868-57a2d4851a1d" />
    <TestEntry testId="2fc205a8-e6a7-ea97-fa49-eacb1ecbbbdd" executionId="b1bc81c4-fc5c-407a-b2cd-eacac3441c05" testListId="8c84fa94-04c1-424b-9868-57a2d4851a1d" />
    <TestEntry testId="6ab9ac36-5046-c3dd-a85e-c9bd4387492b" executionId="71172a51-d2b6-4ddd-b867-7d68be86d1a3" testListId="8c84fa94-04c1-424b-9868-57a2d4851a1d" />
    <TestEntry testId="ec122c3d-bcfd-c916-9ebf-f4a883bae46c" executionId="437c6492-6d06-4abd-81b6-a23d643d3b95" testListId="8c84fa94-04c1-424b-9868-57a2d4851a1d" />
    <TestEntry testId="54b320bc-66a9-ba72-4ef5-ee4a8489a59f" executionId="4fbd266e-6545-4430-b426-a4b6c2f8d978" testListId="8c84fa94-04c1-424b-9868-57a2d4851a1d" />
    <TestEntry testId="df9dc118-c047-13d8-3f6a-6e9b0c47b653" executionId="b0df9385-ff56-4714-a3aa-c651df1dfbfb" testListId="8c84fa94-04c1-424b-9868-57a2d4851a1d" />
    <TestEntry testId="26dbaa56-14a2-678c-c2d3-7f31a1e8fb7b" executionId="176f6f79-7cce-4eba-bf90-8af71195f649" testListId="8c84fa94-04c1-424b-9868-57a2d4851a1d" />
    <TestEntry testId="35131e3d-2d9b-f0d6-21c3-4fd8cdb02156" executionId="4d0390e7-bd8e-4b25-b26a-85edf15e5934" testListId="8c84fa94-04c1-424b-9868-57a2d4851a1d" />
    <TestEntry testId="32df93b1-004b-6234-4277-add42c07082d" executionId="82c6ff77-bd6f-452b-88d6-6c21fe7f7163" testListId="8c84fa94-04c1-424b-9868-57a2d4851a1d" />
    <TestEntry testId="8fb4fc96-7d08-7c00-cb0d-a78d000649c8" executionId="aff7dffc-ede8-4ef5-bd29-fd91c9ef5fdf" testListId="8c84fa94-04c1-424b-9868-57a2d4851a1d" />
    <TestEntry testId="55787fc9-b017-22c6-8621-e73e4dc6e94e" executionId="efce8b45-71b0-4221-97c5-ea80145fdefe" testListId="8c84fa94-04c1-424b-9868-57a2d4851a1d" />
    <TestEntry testId="05db065b-2c1d-7cb6-061b-491237a64d3e" executionId="9458f6d3-7615-4b0b-901f-1a679bebc60c" testListId="8c84fa94-04c1-424b-9868-57a2d4851a1d" />
  </TestEntries>
  <TestLists>
    <TestList name="Results Not in a List" id="8c84fa94-04c1-424b-9868-57a2d4851a1d" />
    <TestList name="All Loaded Results" id="19431567-8539-422a-85d7-44ee4e166bda" />
  </TestLists>
  <ResultSummary outcome="Completed">
    <Counters total="180" executed="180" passed="180" failed="0" error="0" timeout="0" aborted="0" inconclusive="0" passedButRunAborted="0" notRunnable="0" notExecuted="0" disconnected="0" warning="0" completed="0" inProgress="0" pending="0" />
  </ResultSummary>
</TestRun>