<?xml version="1.0" encoding="utf-8"?>
<TestRun id="17162774-1170-45b3-a4f6-d2957fa87a20" name="DKSR-EFI-06$@DKSR-EFI-06 2024-01-09 15:42:51" runUser="NT AUTHORITY\NETWORK SERVICE" xmlns="http://microsoft.com/schemas/VisualStudio/TeamTest/2010">
  <Times creation="2024-01-09T15:42:51.5759390+01:00" queuing="2024-01-09T15:42:51.5759390+01:00" start="2024-01-09T15:42:49.6384266+01:00" finish="2024-01-09T15:42:51.6384376+01:00" />
  <TestSettings name="default" id="fb2bc4d7-7646-4b10-91fb-d847fb7d0c93">
    <Deployment runDeploymentRoot="DKSR-EFI-06$_DKSR-EFI-06_2024-01-09_15_42_51" />
  </TestSettings>
  <Results>
    <UnitTestResult executionId="6437cf00-fbda-4903-9d6e-2e8961aee4d8" testId="2b77d94c-6633-5d27-ddef-f3a2a9a67f96" testName="DefinedEventsAreLoadedSimple_Test" computerName="DKSR-EFI-06" duration="00:00:00.0092430" startTime="2024-01-09T15:42:51.0915624+01:00" endTime="2024-01-09T15:42:51.0915624+01:00" testType="13cdc9d9-ddb5-4fa4-a97d-d965ccfc6d4b" outcome="Passed" testListId="8c84fa94-04c1-424b-9868-57a2d4851a1d" relativeResultsDirectory="6437cf00-fbda-4903-9d6e-2e8961aee4d8">
      <Output>
        <StdOut>Debug Trace:&#xD;
[GenericEventsDefinition]:DefinedEvents: Reloading generic event definitions</StdOut>
      </Output>
    </UnitTestResult>
    <UnitTestResult executionId="d1cb7a52-5408-4dda-9e49-a7088b733630" testId="f40959da-9770-7b80-7822-3edcb714cf97" testName="GenericEventsCacheReload_Tests" computerName="DKSR-EFI-06" duration="00:00:00.0585320" startTime="2024-01-09T15:42:51.1071841+01:00" endTime="2024-01-09T15:42:51.1696838+01:00" testType="13cdc9d9-ddb5-4fa4-a97d-d965ccfc6d4b" outcome="Passed" testListId="8c84fa94-04c1-424b-9868-57a2d4851a1d" relativeResultsDirectory="d1cb7a52-5408-4dda-9e49-a7088b733630">
      <Output>
        <StdOut>Debug Trace:&#xD;
[GenericEventsDefinition]:[EventDefinitionsChangedHandler] Configuration change: d4d19c01-03f2-4ac6-9d2b-5356b5de62f1&#xD;
[GenericEventsDefinition]:[EventDefinitionsChangedHandler] Set flag to reload event definitions.&#xD;
[GenericEventsDefinition]:DefinedEvents: Reloading generic event definitions&#xD;
[GenericEventsDefinition]:[EventDefinitionsChangedHandler] Reloaded event definitions.&#xD;
[GenericEventsDefinition]:[EventDefinitionsChangedHandler] Configuration change: d4d19c01-03f2-4ac6-9d2b-5356b5de62f1&#xD;
[GenericEventsDefinition]:[EventDefinitionsChangedHandler] Set flag to reload event definitions.&#xD;
[GenericEventsDefinition]:DefinedEvents: Reloading generic event definitions&#xD;
[GenericEventsDefinition]:[EventDefinitionsChangedHandler] Reloaded event definitions.</StdOut>
      </Output>
    </UnitTestResult>
    <UnitTestResult executionId="21259fdf-9f8c-4c99-aa1a-702c954e2cd2" testId="73e99e36-5234-9645-3c68-e9411dd53eb6" testName="TryGetRelated_Tests" computerName="DKSR-EFI-06" duration="00:00:00.2092757" startTime="2024-01-09T15:42:50.6853087+01:00" endTime="2024-01-09T15:42:51.0603090+01:00" testType="13cdc9d9-ddb5-4fa4-a97d-d965ccfc6d4b" outcome="Passed" testListId="8c84fa94-04c1-424b-9868-57a2d4851a1d" relativeResultsDirectory="21259fdf-9f8c-4c99-aa1a-702c954e2cd2" />
    <UnitTestResult executionId="137b0be6-1019-42f1-9d23-c1f4b168b45d" testId="8b5e07c3-7731-cdbb-d13e-6365388aa720" testName="ConfigurationCacheIsLoadedSimple_Test" computerName="DKSR-EFI-06" duration="00:00:00.0037196" startTime="2024-01-09T15:42:51.0759357+01:00" endTime="2024-01-09T15:42:51.0915624+01:00" testType="13cdc9d9-ddb5-4fa4-a97d-d965ccfc6d4b" outcome="Passed" testListId="8c84fa94-04c1-424b-9868-57a2d4851a1d" relativeResultsDirectory="137b0be6-1019-42f1-9d23-c1f4b168b45d" />
  </Results>
  <TestDefinitions>
    <UnitTest name="ConfigurationCacheIsLoadedSimple_Test" storage="d:\actions-runner\_work\xpco\xpco\eventserver\genericevents\genericevents\videoos.generic.events.unittest\bin\debug\net47\videoos.generic.events.unittest.dll" id="8b5e07c3-7731-cdbb-d13e-6365388aa720">
      <Execution id="137b0be6-1019-42f1-9d23-c1f4b168b45d" />
      <TestMethod codeBase="D:\actions-runner\_work\XPCO\XPCO\EventServer\GenericEvents\GenericEvents\VideoOS.Generic.Events.UnitTest\bin\Debug\net47\VideoOS.Generic.Events.UnitTest.dll" adapterTypeName="executor://mstestadapter/v2" className="VideoOS.Generic.Events.UnitTest.UnitTest" name="ConfigurationCacheIsLoadedSimple_Test" />
    </UnitTest>
    <UnitTest name="GenericEventsCacheReload_Tests" storage="d:\actions-runner\_work\xpco\xpco\eventserver\genericevents\genericevents\videoos.generic.events.unittest\bin\debug\net47\videoos.generic.events.unittest.dll" id="f40959da-9770-7b80-7822-3edcb714cf97">
      <Execution id="d1cb7a52-5408-4dda-9e49-a7088b733630" />
      <TestMethod codeBase="D:\actions-runner\_work\XPCO\XPCO\EventServer\GenericEvents\GenericEvents\VideoOS.Generic.Events.UnitTest\bin\Debug\net47\VideoOS.Generic.Events.UnitTest.dll" adapterTypeName="executor://mstestadapter/v2" className="VideoOS.Generic.Events.UnitTest.UnitTest" name="GenericEventsCacheReload_Tests" />
    </UnitTest>
    <UnitTest name="DefinedEventsAreLoadedSimple_Test" storage="d:\actions-runner\_work\xpco\xpco\eventserver\genericevents\genericevents\videoos.generic.events.unittest\bin\debug\net47\videoos.generic.events.unittest.dll" id="2b77d94c-6633-5d27-ddef-f3a2a9a67f96">
      <Execution id="6437cf00-fbda-4903-9d6e-2e8961aee4d8" />
      <TestMethod codeBase="D:\actions-runner\_work\XPCO\XPCO\EventServer\GenericEvents\GenericEvents\VideoOS.Generic.Events.UnitTest\bin\Debug\net47\VideoOS.Generic.Events.UnitTest.dll" adapterTypeName="executor://mstestadapter/v2" className="VideoOS.Generic.Events.UnitTest.UnitTest" name="DefinedEventsAreLoadedSimple_Test" />
    </UnitTest>
    <UnitTest name="TryGetRelated_Tests" storage="d:\actions-runner\_work\xpco\xpco\eventserver\genericevents\genericevents\videoos.generic.events.unittest\bin\debug\net47\videoos.generic.events.unittest.dll" id="73e99e36-5234-9645-3c68-e9411dd53eb6">
      <Execution id="21259fdf-9f8c-4c99-aa1a-702c954e2cd2" />
      <TestMethod codeBase="D:\actions-runner\_work\XPCO\XPCO\EventServer\GenericEvents\GenericEvents\VideoOS.Generic.Events.UnitTest\bin\Debug\net47\VideoOS.Generic.Events.UnitTest.dll" adapterTypeName="executor://mstestadapter/v2" className="VideoOS.Generic.Events.UnitTest.UnitTest" name="TryGetRelated_Tests" />
    </UnitTest>
  </TestDefinitions>
  <TestEntries>
    <TestEntry testId="2b77d94c-6633-5d27-ddef-f3a2a9a67f96" executionId="6437cf00-fbda-4903-9d6e-2e8961aee4d8" testListId="8c84fa94-04c1-424b-9868-57a2d4851a1d" />
    <TestEntry testId="f40959da-9770-7b80-7822-3edcb714cf97" executionId="d1cb7a52-5408-4dda-9e49-a7088b733630" testListId="8c84fa94-04c1-424b-9868-57a2d4851a1d" />
    <TestEntry testId="73e99e36-5234-9645-3c68-e9411dd53eb6" executionId="21259fdf-9f8c-4c99-aa1a-702c954e2cd2" testListId="8c84fa94-04c1-424b-9868-57a2d4851a1d" />
    <TestEntry testId="8b5e07c3-7731-cdbb-d13e-6365388aa720" executionId="137b0be6-1019-42f1-9d23-c1f4b168b45d" testListId="8c84fa94-04c1-424b-9868-57a2d4851a1d" />
  </TestEntries>
  <TestLists>
    <TestList name="Results Not in a List" id="8c84fa94-04c1-424b-9868-57a2d4851a1d" />
    <TestList name="All Loaded Results" id="19431567-8539-422a-85d7-44ee4e166bda" />
  </TestLists>
  <ResultSummary outcome="Completed">
    <Counters total="4" executed="4" passed="4" failed="0" error="0" timeout="0" aborted="0" inconclusive="0" passedButRunAborted="0" notRunnable="0" notExecuted="0" disconnected="0" warning="0" completed="0" inProgress="0" pending="0" />
  </ResultSummary>
</TestRun>