<?xml version="1.0" encoding="utf-8"?>
<TestRun id="d3e67e90-68f0-442f-9874-7e9b38326e83" name="DKSR-EFI-06$@DKSR-EFI-06 2024-01-09 15:41:19" runUser="NT AUTHORITY\NETWORK SERVICE" xmlns="http://microsoft.com/schemas/VisualStudio/TeamTest/2010">
  <Times creation="2024-01-09T15:41:19.4662934+01:00" queuing="2024-01-09T15:41:19.4662934+01:00" start="2024-01-09T15:41:08.9662749+01:00" finish="2024-01-09T15:41:27.7944252+01:00" />
  <TestSettings name="default" id="f83cbf34-2749-455b-8f64-e911dde3fcf5">
    <Deployment runDeploymentRoot="DKSR-EFI-06$_DKSR-EFI-06_2024-01-09_15_41_19" />
  </TestSettings>
  <Results>
    <UnitTestResult executionId="909cd417-c1ad-4b04-b04a-b926981196fb" testId="40fe9f87-53fc-abc6-c420-fc69d725d508" testName="RegisterClient_ClientIdIsNull_ThrowArgumentException" computerName="DKSR-EFI-06" duration="00:00:00.0025550" startTime="2024-01-09T15:41:23.0756697+01:00" endTime="2024-01-09T15:41:23.0756697+01:00" testType="13cdc9d9-ddb5-4fa4-a97d-d965ccfc6d4b" outcome="Passed" testListId="8c84fa94-04c1-424b-9868-57a2d4851a1d" relativeResultsDirectory="909cd417-c1ad-4b04-b04a-b926981196fb" />
    <UnitTestResult executionId="a237729d-dcb0-4104-b124-44730cd492e2" testId="f32bda88-4a09-74c7-2e78-6d8d84420e73" testName="BeforeSendRequest_ThrowsHttpRequestExceptionWithWebException_ThrowsCommunicationException (ServerProtocolViolation)" computerName="DKSR-EFI-06" duration="00:00:00.0002309" startTime="2024-01-09T15:41:26.3881710+01:00" endTime="2024-01-09T15:41:26.3881710+01:00" testType="13cdc9d9-ddb5-4fa4-a97d-d965ccfc6d4b" outcome="Passed" testListId="8c84fa94-04c1-424b-9868-57a2d4851a1d" relativeResultsDirectory="a237729d-dcb0-4104-b124-44730cd492e2" />
    <UnitTestResult executionId="9f84e6e5-dd33-41a4-abd7-248a5a9bf788" testId="885ad0b6-d00e-5dbd-daaf-61bd8cc19071" testName="IdpTokenClient_DefaultCredentialsAsCredentials_HttpClientConfiguredToUseDefualtCredentials" computerName="DKSR-EFI-06" duration="00:00:00.0052257" startTime="2024-01-09T15:41:23.4037934+01:00" endTime="2024-01-09T15:41:23.4037934+01:00" testType="13cdc9d9-ddb5-4fa4-a97d-d965ccfc6d4b" outcome="Passed" testListId="8c84fa94-04c1-424b-9868-57a2d4851a1d" relativeResultsDirectory="9f84e6e5-dd33-41a4-abd7-248a5a9bf788" />
    <UnitTestResult executionId="2046162c-7c69-4ef1-9751-e25e3e768c68" testId="c2c2904c-f56a-3663-d545-f06d0f3baf88" testName="Construct_SpecifySingleGrantType_Success" computerName="DKSR-EFI-06" duration="00:00:00.0002607" startTime="2024-01-09T15:41:26.9037939+01:00" endTime="2024-01-09T15:41:26.9037939+01:00" testType="13cdc9d9-ddb5-4fa4-a97d-d965ccfc6d4b" outcome="Passed" testListId="8c84fa94-04c1-424b-9868-57a2d4851a1d" relativeResultsDirectory="2046162c-7c69-4ef1-9751-e25e3e768c68" />
    <UnitTestResult executionId="5ccef64b-de8a-4853-97b4-1c7e7583098c" testId="90d13d23-6660-c28a-543b-d374b02dcccb" testName="GetClaimValue_IdTokenRetrieved_ClaimThere_ReturnsClaimValue" computerName="DKSR-EFI-06" duration="00:00:00.0024803" startTime="2024-01-09T15:41:26.7944226+01:00" endTime="2024-01-09T15:41:26.7944226+01:00" testType="13cdc9d9-ddb5-4fa4-a97d-d965ccfc6d4b" outcome="Passed" testListId="8c84fa94-04c1-424b-9868-57a2d4851a1d" relativeResultsDirectory="5ccef64b-de8a-4853-97b4-1c7e7583098c" />
    <UnitTestResult executionId="8ea1a6c2-3a47-44d9-97cc-1c4200fa9ae1" testId="4574fcc8-85dd-4c47-5c3d-12a2d873463b" testName="BeforeSendRequest_ThrowsHttpRequestExceptionWithoutWebException_ThrowsCommunicationException" computerName="DKSR-EFI-06" duration="00:00:00.0011211" startTime="2024-01-09T15:41:26.4194187+01:00" endTime="2024-01-09T15:41:26.4194187+01:00" testType="13cdc9d9-ddb5-4fa4-a97d-d965ccfc6d4b" outcome="Passed" testListId="8c84fa94-04c1-424b-9868-57a2d4851a1d" relativeResultsDirectory="8ea1a6c2-3a47-44d9-97cc-1c4200fa9ae1" />
    <UnitTestResult executionId="b3a112e6-f461-44de-852b-73112b35bb89" testId="0ae882bf-7b3d-9ae3-2fd3-8f4782af29c4" testName="CreateException_DuplicateEmail_Is_EmailAlreadyExistsException" computerName="DKSR-EFI-06" duration="00:00:00.0004340" startTime="2024-01-09T15:41:27.0600462+01:00" endTime="2024-01-09T15:41:27.0600462+01:00" testType="13cdc9d9-ddb5-4fa4-a97d-d965ccfc6d4b" outcome="Passed" testListId="8c84fa94-04c1-424b-9868-57a2d4851a1d" relativeResultsDirectory="b3a112e6-f461-44de-852b-73112b35bb89" />
    <UnitTestResult executionId="cbb05ad0-3eab-43c3-a6c8-252d393e903a" testId="0e2095e5-7d8e-1183-e8f6-f216b8006a5b" testName="GetClaimValue_IdTokenRetrieved_ClaimThere_ReturnsClaimValue" computerName="DKSR-EFI-06" duration="00:00:00.0021514" startTime="2024-01-09T15:41:26.9819185+01:00" endTime="2024-01-09T15:41:26.9819185+01:00" testType="13cdc9d9-ddb5-4fa4-a97d-d965ccfc6d4b" outcome="Passed" testListId="8c84fa94-04c1-424b-9868-57a2d4851a1d" relativeResultsDirectory="cbb05ad0-3eab-43c3-a6c8-252d393e903a" />
    <UnitTestResult executionId="38807edc-c083-4e67-be3d-40796c40694a" testId="a01ac9ad-250e-dc3d-a656-c7b6a9fad9c5" testName="HasValidScheme_UriIsHostName_ReturnsFalse" computerName="DKSR-EFI-06" duration="00:00:00.0001712" startTime="2024-01-09T15:41:25.6381669+01:00" endTime="2024-01-09T15:41:25.6381669+01:00" testType="13cdc9d9-ddb5-4fa4-a97d-d965ccfc6d4b" outcome="Passed" testListId="8c84fa94-04c1-424b-9868-57a2d4851a1d" relativeResultsDirectory="38807edc-c083-4e67-be3d-40796c40694a" />
    <UnitTestResult executionId="03eae5b1-7ffb-4f3d-be70-055accfe7ed9" testId="2b02613f-adc7-9ead-fab9-497ce9230752" testName="Retrieve_EmptyClient_ThrowsArgumentNullException" computerName="DKSR-EFI-06" duration="00:00:00.0010976" startTime="2024-01-09T15:41:25.5756675+01:00" endTime="2024-01-09T15:41:25.5912949+01:00" testType="13cdc9d9-ddb5-4fa4-a97d-d965ccfc6d4b" outcome="Passed" testListId="8c84fa94-04c1-424b-9868-57a2d4851a1d" relativeResultsDirectory="03eae5b1-7ffb-4f3d-be70-055accfe7ed9" />
    <UnitTestResult executionId="2e4b97ba-cca5-4d1b-9c94-965ebfae5d35" testId="93c98b5d-aec7-74de-34c5-6fcc025495ea" testName="SendRequest_ResponseHasBadStatusCode_ThrowIdpException (NotFound)" computerName="DKSR-EFI-06" duration="00:00:00.0011966" startTime="2024-01-09T15:41:22.8412921+01:00" endTime="2024-01-09T15:41:22.8412921+01:00" testType="13cdc9d9-ddb5-4fa4-a97d-d965ccfc6d4b" outcome="Passed" testListId="8c84fa94-04c1-424b-9868-57a2d4851a1d" relativeResultsDirectory="2e4b97ba-cca5-4d1b-9c94-965ebfae5d35" />
    <UnitTestResult executionId="c72b0b0d-25d7-4ce4-a104-5e332815b901" testId="94828043-c08c-3149-a789-f000eb0ddc6d" testName="ValidateIdpServer_SimulateInvalidResponseFromOAuthServer_UnsecureIdpNotAvailable_SecureIdpNotAvailable" computerName="DKSR-EFI-06" duration="00:00:00.0015337" startTime="2024-01-09T15:41:25.4975430+01:00" endTime="2024-01-09T15:41:25.4975430+01:00" testType="13cdc9d9-ddb5-4fa4-a97d-d965ccfc6d4b" outcome="Passed" testListId="8c84fa94-04c1-424b-9868-57a2d4851a1d" relativeResultsDirectory="c72b0b0d-25d7-4ce4-a104-5e332815b901" />
    <UnitTestResult executionId="f67cefe6-6c59-4d37-a137-86b09e94e163" testId="afabb9a4-988f-5af8-5e0c-adf9e9521a8f" testName="Construct_WithErrorResponses_ResponseWithErrorResponses" computerName="DKSR-EFI-06" duration="00:00:00.0006941" startTime="2024-01-09T15:41:22.2475439+01:00" endTime="2024-01-09T15:41:22.2475439+01:00" testType="13cdc9d9-ddb5-4fa4-a97d-d965ccfc6d4b" outcome="Passed" testListId="8c84fa94-04c1-424b-9868-57a2d4851a1d" relativeResultsDirectory="f67cefe6-6c59-4d37-a137-86b09e94e163" />
    <UnitTestResult executionId="0d70c109-62d6-4051-a693-a59edd06b9b7" testId="8a9bf480-5820-5db4-cbbc-995cdda4b03b" testName="Start_TimeToTokenExpireUnder5min_TriesToGetNewToken" computerName="DKSR-EFI-06" duration="00:00:00.0026553" startTime="2024-01-09T15:41:26.9350454+01:00" endTime="2024-01-09T15:41:26.9350454+01:00" testType="13cdc9d9-ddb5-4fa4-a97d-d965ccfc6d4b" outcome="Passed" testListId="8c84fa94-04c1-424b-9868-57a2d4851a1d" relativeResultsDirectory="0d70c109-62d6-4051-a693-a59edd06b9b7" />
    <UnitTestResult executionId="4d001f42-a6c4-4e8b-b301-0d9713893b00" testId="7c241f9b-2b9f-c010-004c-ec717a0175c5" testName="Start_TokenRefreshSuccess_StartTimerInterval10" computerName="DKSR-EFI-06" duration="00:00:00.0092864" startTime="2024-01-09T15:41:26.7006727+01:00" endTime="2024-01-09T15:41:26.7006727+01:00" testType="13cdc9d9-ddb5-4fa4-a97d-d965ccfc6d4b" outcome="Passed" testListId="8c84fa94-04c1-424b-9868-57a2d4851a1d" relativeResultsDirectory="4d001f42-a6c4-4e8b-b301-0d9713893b00" />
    <UnitTestResult executionId="e404695d-42f9-4f9f-8100-5d57d7396fab" testId="b639b5fb-3ef5-2cd9-a90a-017d1638f497" testName="BasicOpenAuthenticationHeaderValue_Constructor_NullUserName" computerName="DKSR-EFI-06" duration="00:00:00.0006396" startTime="2024-01-09T15:41:21.7319209+01:00" endTime="2024-01-09T15:41:21.7475430+01:00" testType="13cdc9d9-ddb5-4fa4-a97d-d965ccfc6d4b" outcome="Passed" testListId="8c84fa94-04c1-424b-9868-57a2d4851a1d" relativeResultsDirectory="e404695d-42f9-4f9f-8100-5d57d7396fab" />
    <UnitTestResult executionId="e5823fc0-f5dc-4c01-84b1-a2e62f0c9db5" testId="3622d494-d4b2-e857-f033-1b05e4e716ef" testName="CheckAccess_PrincipalHasWrongScopeClaim_ReturnsFalse (wrongscope)" computerName="DKSR-EFI-06" duration="00:00:00.0042352" startTime="2024-01-09T15:41:26.5912954+01:00" endTime="2024-01-09T15:41:26.5912954+01:00" testType="13cdc9d9-ddb5-4fa4-a97d-d965ccfc6d4b" outcome="Passed" testListId="8c84fa94-04c1-424b-9868-57a2d4851a1d" relativeResultsDirectory="e5823fc0-f5dc-4c01-84b1-a2e62f0c9db5" />
    <UnitTestResult executionId="7b3bb1f5-9280-4325-8919-bbd64048bca7" testId="71445656-a9f4-f108-ab88-6f99f9f42b16" testName="GetTrustedIssuers_ResponseHasSuccessfulStatusCode_CorrectRequestUriIsPassed" computerName="DKSR-EFI-06" duration="00:00:00.0093645" startTime="2024-01-09T15:41:26.1537963+01:00" endTime="2024-01-09T15:41:26.1537963+01:00" testType="13cdc9d9-ddb5-4fa4-a97d-d965ccfc6d4b" outcome="Passed" testListId="8c84fa94-04c1-424b-9868-57a2d4851a1d" relativeResultsDirectory="7b3bb1f5-9280-4325-8919-bbd64048bca7" />
    <UnitTestResult executionId="aa71bc5a-e1f4-4908-8367-155d2a5acd59" testId="aa47e31d-c2f6-bb7b-d522-2ea72ad09b0c" testName="HandleException_WebException_Status_Timeout_ReturnsTrue" computerName="DKSR-EFI-06" duration="00:00:00.0001686" startTime="2024-01-09T15:41:25.6381669+01:00" endTime="2024-01-09T15:41:25.6381669+01:00" testType="13cdc9d9-ddb5-4fa4-a97d-d965ccfc6d4b" outcome="Passed" testListId="8c84fa94-04c1-424b-9868-57a2d4851a1d" relativeResultsDirectory="aa71bc5a-e1f4-4908-8367-155d2a5acd59" />
    <UnitTestResult executionId="63dde811-d430-4faa-a066-f3c5308a367e" testId="0d4bd5fb-a3e0-f3c1-4f95-139d2488ddad" testName="ValidateToken_SignatureKeyNotFoundMinimumRefreshIntervalNotReached_RefreshNotRequested" computerName="DKSR-EFI-06" duration="00:00:00.2112528" startTime="2024-01-09T15:41:20.4038393+01:00" endTime="2024-01-09T15:41:20.6069162+01:00" testType="13cdc9d9-ddb5-4fa4-a97d-d965ccfc6d4b" outcome="Passed" testListId="8c84fa94-04c1-424b-9868-57a2d4851a1d" relativeResultsDirectory="63dde811-d430-4faa-a066-f3c5308a367e" />
    <UnitTestResult executionId="72dc7446-8952-4f71-8c07-a28a696a160f" testId="c651221e-2e16-748a-beae-063304b5df4f" testName="Ctor_TokenCacheIsNull_ThrowsArgumentNullException" computerName="DKSR-EFI-06" duration="00:00:00.0188299" startTime="2024-01-09T15:41:26.2006712+01:00" endTime="2024-01-09T15:41:26.2162952+01:00" testType="13cdc9d9-ddb5-4fa4-a97d-d965ccfc6d4b" outcome="Passed" testListId="8c84fa94-04c1-424b-9868-57a2d4851a1d" relativeResultsDirectory="72dc7446-8952-4f71-8c07-a28a696a160f" />
    <UnitTestResult executionId="eae596cb-4fca-4e97-9d8b-12669549973e" testId="d41a3cc4-b17c-f696-0087-3606dad36b9b" testName="ValidateIdpServer_SimulateValidResponseFromOAuthServer_WithValidCertificateAndUserPortWithNoScheme_ReturnsHttpsSecureConnection" computerName="DKSR-EFI-06" duration="00:00:00.1152173" startTime="2024-01-09T15:41:24.4819198+01:00" endTime="2024-01-09T15:41:24.5912982+01:00" testType="13cdc9d9-ddb5-4fa4-a97d-d965ccfc6d4b" outcome="Passed" testListId="8c84fa94-04c1-424b-9868-57a2d4851a1d" relativeResultsDirectory="eae596cb-4fca-4e97-9d8b-12669549973e" />
    <UnitTestResult executionId="02936bf3-5061-489b-ba68-e16d43f06bb4" testId="d5efb860-28fa-be3f-9f7b-507708f7d20d" testName="ValidateIdpServer_SimulateValidResponseFromPreOAuthServer_WithInvalidCertificate" computerName="DKSR-EFI-06" duration="00:00:00.0019736" startTime="2024-01-09T15:41:23.5600464+01:00" endTime="2024-01-09T15:41:23.5600464+01:00" testType="13cdc9d9-ddb5-4fa4-a97d-d965ccfc6d4b" outcome="Passed" testListId="8c84fa94-04c1-424b-9868-57a2d4851a1d" relativeResultsDirectory="02936bf3-5061-489b-ba68-e16d43f06bb4" />
    <UnitTestResult executionId="24938596-9c42-4201-bd10-4712159d0170" testId="20c79940-9719-f9c5-6819-e1e3e40039dc" testName="CreateLogin_AccessTokenIsNull_ThrowArgumentException" computerName="DKSR-EFI-06" duration="00:00:00.0015332" startTime="2024-01-09T15:41:25.9350450+01:00" endTime="2024-01-09T15:41:25.9350450+01:00" testType="13cdc9d9-ddb5-4fa4-a97d-d965ccfc6d4b" outcome="Passed" testListId="8c84fa94-04c1-424b-9868-57a2d4851a1d" relativeResultsDirectory="24938596-9c42-4201-bd10-4712159d0170" />
    <UnitTestResult executionId="7cd19303-61de-49f2-b273-9cfa0861f27a" testId="9aba6afc-33b4-b3ea-f2ba-94221cb99165" testName="Constructor_NullProvider_ThrowsArgumentNullException" computerName="DKSR-EFI-06" duration="00:00:00.0006916" startTime="2024-01-09T15:41:19.4506653+01:00" endTime="2024-01-09T15:41:19.4506653+01:00" testType="13cdc9d9-ddb5-4fa4-a97d-d965ccfc6d4b" outcome="Passed" testListId="8c84fa94-04c1-424b-9868-57a2d4851a1d" relativeResultsDirectory="7cd19303-61de-49f2-b273-9cfa0861f27a" />
    <UnitTestResult executionId="b86445a7-471a-4d7d-9c3d-97f098494b6e" testId="ee4023a9-7ef5-de07-c4fc-93e795d5baa7" testName="SendRequest_ResponseHasStatusCodeAndCustomIdpError_ThrowCorrectIdpException (400,PasswordRequiresLower,VideoOS.IdentityServer.Common.Exceptions.PasswordNotComplexEnoughException)" computerName="DKSR-EFI-06" duration="00:00:00.0008104" startTime="2024-01-09T15:41:22.9506689+01:00" endTime="2024-01-09T15:41:22.9819219+01:00" testType="13cdc9d9-ddb5-4fa4-a97d-d965ccfc6d4b" outcome="Passed" testListId="8c84fa94-04c1-424b-9868-57a2d4851a1d" relativeResultsDirectory="b86445a7-471a-4d7d-9c3d-97f098494b6e" />
    <UnitTestResult executionId="b4e39742-333b-48c2-a0e0-067f7a5a3b9c" testId="ebe888ba-3631-12b0-9554-250fe8da03f0" testName="TokenCache_Constructor_Secret_ArgumentNullException" computerName="DKSR-EFI-06" duration="00:00:00.0009103" startTime="2024-01-09T15:41:26.6694190+01:00" endTime="2024-01-09T15:41:26.6694190+01:00" testType="13cdc9d9-ddb5-4fa4-a97d-d965ccfc6d4b" outcome="Passed" testListId="8c84fa94-04c1-424b-9868-57a2d4851a1d" relativeResultsDirectory="b4e39742-333b-48c2-a0e0-067f7a5a3b9c" />
    <UnitTestResult executionId="f260b132-da0b-40b5-97e8-c5acd22d39d1" testId="8acb64df-af33-04f7-00cd-764cd60dcd21" testName="Construct_DefaultConstructor_UsesDefaultTimeout_Success" computerName="DKSR-EFI-06" duration="00:00:00.0002325" startTime="2024-01-09T15:41:25.5131705+01:00" endTime="2024-01-09T15:41:25.5131705+01:00" testType="13cdc9d9-ddb5-4fa4-a97d-d965ccfc6d4b" outcome="Passed" testListId="8c84fa94-04c1-424b-9868-57a2d4851a1d" relativeResultsDirectory="f260b132-da0b-40b5-97e8-c5acd22d39d1" />
    <UnitTestResult executionId="6eeb83fb-b125-4bfa-a57a-321b05538202" testId="2c257caa-63e0-0918-bed2-614d73e7951d" testName="Constructor_NullClientSettings_ThrowArgumentNullException" computerName="DKSR-EFI-06" duration="00:00:00.0006111" startTime="2024-01-09T15:41:19.4506653+01:00" endTime="2024-01-09T15:41:19.4506653+01:00" testType="13cdc9d9-ddb5-4fa4-a97d-d965ccfc6d4b" outcome="Passed" testListId="8c84fa94-04c1-424b-9868-57a2d4851a1d" relativeResultsDirectory="6eeb83fb-b125-4bfa-a57a-321b05538202" />
    <UnitTestResult executionId="6627fdab-f5ee-432f-9b13-62dd2a3508f6" testId="eecfcbb2-c955-43fc-8e5c-cfc66bc5dfcb" testName="ValidateIdpServer_HttpAddressInvalidPort_ShouldThrow" computerName="DKSR-EFI-06" startTime="2024-01-09T15:41:23.4506693+01:00" endTime="2024-01-09T15:41:23.4506693+01:00" testType="13cdc9d9-ddb5-4fa4-a97d-d965ccfc6d4b" outcome="NotExecuted" testListId="8c84fa94-04c1-424b-9868-57a2d4851a1d" relativeResultsDirectory="6627fdab-f5ee-432f-9b13-62dd2a3508f6">
      <Output></Output>
    </UnitTestResult>
    <UnitTestResult executionId="c11e3e5c-873d-4f3a-ba77-d0fa999d4a11" testId="970cd01e-43a8-573f-d6bb-d3e5d63f1935" testName="ValidateToken_SubClaimMissing_SystemClaimIsAddedToClaims" computerName="DKSR-EFI-06" duration="00:00:00.0354639" startTime="2024-01-09T15:41:21.4350426+01:00" endTime="2024-01-09T15:41:21.4662962+01:00" testType="13cdc9d9-ddb5-4fa4-a97d-d965ccfc6d4b" outcome="Passed" testListId="8c84fa94-04c1-424b-9868-57a2d4851a1d" relativeResultsDirectory="c11e3e5c-873d-4f3a-ba77-d0fa999d4a11" />
    <UnitTestResult executionId="23fca8fc-9cb9-4c34-bf5e-c5fcf84fc7d3" testId="90eefc04-1f04-d44e-931c-bf308a05aad7" testName="RefreshToken_IdTokenNotRetrieved_NoError" computerName="DKSR-EFI-06" duration="00:00:00.0018419" startTime="2024-01-09T15:41:26.8725449+01:00" endTime="2024-01-09T15:41:26.8725449+01:00" testType="13cdc9d9-ddb5-4fa4-a97d-d965ccfc6d4b" outcome="Passed" testListId="8c84fa94-04c1-424b-9868-57a2d4851a1d" relativeResultsDirectory="23fca8fc-9cb9-4c34-bf5e-c5fcf84fc7d3" />
    <UnitTestResult executionId="f87f46a5-f256-4d44-b7db-74c3e1d655e7" testId="bef49fa8-35a0-c104-c37a-933b8d6f8b64" testName="SendRequest_ResponseHasBadStatusCode_ThrowIdpException (RequestedRangeNotSatisfiable)" computerName="DKSR-EFI-06" duration="00:00:00.0007850" startTime="2024-01-09T15:41:22.8881687+01:00" endTime="2024-01-09T15:41:22.8881687+01:00" testType="13cdc9d9-ddb5-4fa4-a97d-d965ccfc6d4b" outcome="Passed" testListId="8c84fa94-04c1-424b-9868-57a2d4851a1d" relativeResultsDirectory="f87f46a5-f256-4d44-b7db-74c3e1d655e7" />
    <UnitTestResult executionId="d3a8194b-56df-4b96-8b09-7e30314360ff" testId="87c632ab-1f7d-93ea-f769-4737e54aa158" testName="GetTokenResponseAsync_TokenResponseIsReturned" computerName="DKSR-EFI-06" duration="00:00:00.6804000" startTime="2024-01-09T15:41:18.6381667+01:00" endTime="2024-01-09T15:41:19.3256669+01:00" testType="13cdc9d9-ddb5-4fa4-a97d-d965ccfc6d4b" outcome="Passed" testListId="8c84fa94-04c1-424b-9868-57a2d4851a1d" relativeResultsDirectory="d3a8194b-56df-4b96-8b09-7e30314360ff" />
    <UnitTestResult executionId="6ef94f05-afb5-4d3c-9361-7b9500c76025" testId="4618c648-90e2-3a1c-2996-abab9470f68d" testName="UpdateTrustedIssuers_ResponseHasSuccessfulStatusCode_CorrectRequestUriIsPassed" computerName="DKSR-EFI-06" duration="00:00:00.0089336" startTime="2024-01-09T15:41:26.1850439+01:00" endTime="2024-01-09T15:41:26.2006712+01:00" testType="13cdc9d9-ddb5-4fa4-a97d-d965ccfc6d4b" outcome="Passed" testListId="8c84fa94-04c1-424b-9868-57a2d4851a1d" relativeResultsDirectory="6ef94f05-afb5-4d3c-9361-7b9500c76025" />
    <UnitTestResult executionId="a9a13e96-e47f-4154-b40b-2074062ebace" testId="feb4fa5e-1e90-63a6-9054-269133b16e54" testName="CreateException_PasswordTooShort_Is_PasswordNotComplexEnoughException" computerName="DKSR-EFI-06" duration="00:00:00.0004888" startTime="2024-01-09T15:41:27.0756673+01:00" endTime="2024-01-09T15:41:27.0756673+01:00" testType="13cdc9d9-ddb5-4fa4-a97d-d965ccfc6d4b" outcome="Passed" testListId="8c84fa94-04c1-424b-9868-57a2d4851a1d" relativeResultsDirectory="a9a13e96-e47f-4154-b40b-2074062ebace" />
    <UnitTestResult executionId="7a3d40da-c845-4420-8c1b-800019c61860" testId="dec0f944-3e42-30c0-8e32-16b653428b10" testName="UpdateTrustedIssuers_ModelIsNull_ThrowArgumentNullException" computerName="DKSR-EFI-06" duration="00:00:00.0011336" startTime="2024-01-09T15:41:26.1850439+01:00" endTime="2024-01-09T15:41:26.1850439+01:00" testType="13cdc9d9-ddb5-4fa4-a97d-d965ccfc6d4b" outcome="Passed" testListId="8c84fa94-04c1-424b-9868-57a2d4851a1d" relativeResultsDirectory="7a3d40da-c845-4420-8c1b-800019c61860" />
    <UnitTestResult executionId="728e13c4-46d2-4206-979f-213a533ad190" testId="04ba112f-e345-0314-e5a5-bfdf9ebd97a8" testName="ValidateIdpServer_CancellationRequest_ShouldThrow" computerName="DKSR-EFI-06" startTime="2024-01-09T15:41:23.4506693+01:00" endTime="2024-01-09T15:41:23.4506693+01:00" testType="13cdc9d9-ddb5-4fa4-a97d-d965ccfc6d4b" outcome="NotExecuted" testListId="8c84fa94-04c1-424b-9868-57a2d4851a1d" relativeResultsDirectory="728e13c4-46d2-4206-979f-213a533ad190">
      <Output></Output>
    </UnitTestResult>
    <UnitTestResult executionId="1424b8b8-1d8c-4adf-afb6-e67b1166d5ff" testId="b8901242-2f26-bc70-f843-5bf9455c7828" testName="IdpTokenClient_NonDefaultCredentials_HttpClientConfiguredToNotUseDefualtCredentials" computerName="DKSR-EFI-06" duration="00:00:00.0039082" startTime="2024-01-09T15:41:23.4350450+01:00" endTime="2024-01-09T15:41:23.4350450+01:00" testType="13cdc9d9-ddb5-4fa4-a97d-d965ccfc6d4b" outcome="Passed" testListId="8c84fa94-04c1-424b-9868-57a2d4851a1d" relativeResultsDirectory="1424b8b8-1d8c-4adf-afb6-e67b1166d5ff" />
    <UnitTestResult executionId="5b32724f-c259-4178-a83b-ab70598c6f58" testId="ee4023a9-7ef5-de07-c4fc-93e795d5baa7" testName="SendRequest_ResponseHasStatusCodeAndCustomIdpError_ThrowCorrectIdpException (400,PasswordRequiresUpper,VideoOS.IdentityServer.Common.Exceptions.PasswordNotComplexEnoughException)" computerName="DKSR-EFI-06" duration="00:00:00.0007727" startTime="2024-01-09T15:41:22.9506689+01:00" endTime="2024-01-09T15:41:22.9819219+01:00" testType="13cdc9d9-ddb5-4fa4-a97d-d965ccfc6d4b" outcome="Passed" testListId="8c84fa94-04c1-424b-9868-57a2d4851a1d" relativeResultsDirectory="5b32724f-c259-4178-a83b-ab70598c6f58" />
    <UnitTestResult executionId="0caa8d2f-474d-4d94-a535-26c7fb4b0be0" testId="d466e244-c3ed-547f-7f11-f1da74ff69ab" testName="GetTrustedIssuer_ResponseHasSuccessfulStatusCode_CorrectRequestUriIsPassed" computerName="DKSR-EFI-06" duration="00:00:00.0078601" startTime="2024-01-09T15:41:26.1381705+01:00" endTime="2024-01-09T15:41:26.1381705+01:00" testType="13cdc9d9-ddb5-4fa4-a97d-d965ccfc6d4b" outcome="Passed" testListId="8c84fa94-04c1-424b-9868-57a2d4851a1d" relativeResultsDirectory="0caa8d2f-474d-4d94-a535-26c7fb4b0be0" />
    <UnitTestResult executionId="f5552547-8ac5-4bff-bb5f-f75fe2fa36d8" testId="063fc5d6-7093-4898-586d-f7c91da3d90a" testName="VerifyEndpointSupportsSsl_InvalidParam_RelativeUri_ValidTimeout_Throws_ArgumentException" computerName="DKSR-EFI-06" duration="00:00:00.0006296" startTime="2024-01-09T15:41:25.5287942+01:00" endTime="2024-01-09T15:41:25.5287942+01:00" testType="13cdc9d9-ddb5-4fa4-a97d-d965ccfc6d4b" outcome="Passed" testListId="8c84fa94-04c1-424b-9868-57a2d4851a1d" relativeResultsDirectory="f5552547-8ac5-4bff-bb5f-f75fe2fa36d8" />
    <UnitTestResult executionId="c5623ff1-b3bd-491a-93a9-026d42a3a708" testId="65770ab3-18b0-0e9f-399a-f7a04ea6e0e5" testName="CreateException_PasswordRequiresLower_Is_PasswordNotComplexEnoughException" computerName="DKSR-EFI-06" duration="00:00:00.0002552" startTime="2024-01-09T15:41:27.0756673+01:00" endTime="2024-01-09T15:41:27.0756673+01:00" testType="13cdc9d9-ddb5-4fa4-a97d-d965ccfc6d4b" outcome="Passed" testListId="8c84fa94-04c1-424b-9868-57a2d4851a1d" relativeResultsDirectory="c5623ff1-b3bd-491a-93a9-026d42a3a708" />
    <UnitTestResult executionId="a60763b6-2310-46ce-bf07-e69e82424dc4" testId="05f6a519-6922-0d88-29ab-58670334a8c0" testName="BasicOpenAuthenticationHeaderValue_Constructor_EmptyUserName" computerName="DKSR-EFI-06" duration="00:00:00.0003363" startTime="2024-01-09T15:41:21.7475430+01:00" endTime="2024-01-09T15:41:21.7475430+01:00" testType="13cdc9d9-ddb5-4fa4-a97d-d965ccfc6d4b" outcome="Passed" testListId="8c84fa94-04c1-424b-9868-57a2d4851a1d" relativeResultsDirectory="a60763b6-2310-46ce-bf07-e69e82424dc4" />
    <UnitTestResult executionId="c1ac1f2c-9814-492c-8b2e-21d5362926bc" testId="cb7249c8-dcf7-5d04-d8a1-9ce11225ac6e" testName="CreateException_PasswordRequiresNonAlphanumeric_Is_PasswordNotComplexEnoughException" computerName="DKSR-EFI-06" duration="00:00:00.0003138" startTime="2024-01-09T15:41:27.0756673+01:00" endTime="2024-01-09T15:41:27.0756673+01:00" testType="13cdc9d9-ddb5-4fa4-a97d-d965ccfc6d4b" outcome="Passed" testListId="8c84fa94-04c1-424b-9868-57a2d4851a1d" relativeResultsDirectory="c1ac1f2c-9814-492c-8b2e-21d5362926bc" />
    <UnitTestResult executionId="90ef2428-079c-4522-8c04-67147ca0ff69" testId="99b19e16-f681-5bb0-a837-9febcde3cc8b" testName="GetUserByName_ResponseHasSuccessfulStatusCode_CorrectRequestUriIsPassedAndUserIsReturned" computerName="DKSR-EFI-06" duration="00:00:00.0082687" startTime="2024-01-09T15:41:25.7006711+01:00" endTime="2024-01-09T15:41:25.7006711+01:00" testType="13cdc9d9-ddb5-4fa4-a97d-d965ccfc6d4b" outcome="Passed" testListId="8c84fa94-04c1-424b-9868-57a2d4851a1d" relativeResultsDirectory="90ef2428-079c-4522-8c04-67147ca0ff69" />
    <UnitTestResult executionId="64f9db4f-fab1-4605-9b9d-aff8f1aa4ebf" testId="62fbcf4e-b581-51f7-791e-0ba6c6135258" testName="DeleteLogin_ParameterIsNull_ThrowArgumentException (abc,abc,)" computerName="DKSR-EFI-06" duration="00:00:00.0001113" startTime="2024-01-09T15:41:25.9662951+01:00" endTime="2024-01-09T15:41:25.9662951+01:00" testType="13cdc9d9-ddb5-4fa4-a97d-d965ccfc6d4b" outcome="Passed" testListId="8c84fa94-04c1-424b-9868-57a2d4851a1d" relativeResultsDirectory="64f9db4f-fab1-4605-9b9d-aff8f1aa4ebf" />
    <UnitTestResult executionId="f507213f-8963-4fd0-941b-e2176a0149b3" testId="730bef14-9053-6444-695c-2c9c89ef8f7a" testName="ValidateIdpServer_HttpsAddressInvalidPort_ShouldThrow" computerName="DKSR-EFI-06" startTime="2024-01-09T15:41:23.4506693+01:00" endTime="2024-01-09T15:41:23.4506693+01:00" testType="13cdc9d9-ddb5-4fa4-a97d-d965ccfc6d4b" outcome="NotExecuted" testListId="8c84fa94-04c1-424b-9868-57a2d4851a1d" relativeResultsDirectory="f507213f-8963-4fd0-941b-e2176a0149b3">
      <Output></Output>
    </UnitTestResult>
    <UnitTestResult executionId="594088ee-5b24-49c9-8deb-bb2c92773365" testId="1155d7e4-ae1c-c9f6-e196-ad7112467825" testName="SendRequest_ResponseHasBadStatusCode_ThrowIdpException (RequestEntityTooLarge)" computerName="DKSR-EFI-06" duration="00:00:00.0007646" startTime="2024-01-09T15:41:22.8725447+01:00" endTime="2024-01-09T15:41:22.8725447+01:00" testType="13cdc9d9-ddb5-4fa4-a97d-d965ccfc6d4b" outcome="Passed" testListId="8c84fa94-04c1-424b-9868-57a2d4851a1d" relativeResultsDirectory="594088ee-5b24-49c9-8deb-bb2c92773365" />
    <UnitTestResult executionId="7d72d926-5d35-401c-8c83-526894f09b24" testId="d721172e-4856-c743-a2e0-556773d6db34" testName="HasValidScheme_UriIsFtp_ReturnsTrue" computerName="DKSR-EFI-06" duration="00:00:00.0001854" startTime="2024-01-09T15:41:25.6537939+01:00" endTime="2024-01-09T15:41:25.6537939+01:00" testType="13cdc9d9-ddb5-4fa4-a97d-d965ccfc6d4b" outcome="Passed" testListId="8c84fa94-04c1-424b-9868-57a2d4851a1d" relativeResultsDirectory="7d72d926-5d35-401c-8c83-526894f09b24" />
    <UnitTestResult executionId="599fad56-759a-4cbb-b1b0-6bda0cbf4aa6" testId="b61d19a2-eeb7-66f5-f12f-c31f348cabd6" testName="ClientCredentialsAuthenticationAsync_StatusCodeOk_TokenResponseWithTokenIsReturned" computerName="DKSR-EFI-06" duration="00:00:00.0043698" startTime="2024-01-09T15:41:23.3725441+01:00" endTime="2024-01-09T15:41:23.3725441+01:00" testType="13cdc9d9-ddb5-4fa4-a97d-d965ccfc6d4b" outcome="Passed" testListId="8c84fa94-04c1-424b-9868-57a2d4851a1d" relativeResultsDirectory="599fad56-759a-4cbb-b1b0-6bda0cbf4aa6" />
    <UnitTestResult executionId="a7e8b9cb-cbe9-4459-bf79-1d96bd972392" testId="f58804b4-1c3e-a2cd-9639-d58251748d47" testName="GetUserCollection_UserIdsAreNull_ThrowArgumentNullException" computerName="DKSR-EFI-06" duration="00:00:00.0012501" startTime="2024-01-09T15:41:25.8258521+01:00" endTime="2024-01-09T15:41:25.8258521+01:00" testType="13cdc9d9-ddb5-4fa4-a97d-d965ccfc6d4b" outcome="Passed" testListId="8c84fa94-04c1-424b-9868-57a2d4851a1d" relativeResultsDirectory="a7e8b9cb-cbe9-4459-bf79-1d96bd972392" />
    <UnitTestResult executionId="3a4b9032-d445-489c-8973-8d7b609ec24e" testId="490eb431-6d13-ab7d-b1eb-cfc423ab2fff" testName="BuildFullUri_HasUnencodedParts_PartsAreEncoded (a+b;c,a^!)" computerName="DKSR-EFI-06" duration="00:00:00.0000943" startTime="2024-01-09T15:41:23.0600428+01:00" endTime="2024-01-09T15:41:23.0600428+01:00" testType="13cdc9d9-ddb5-4fa4-a97d-d965ccfc6d4b" outcome="Passed" testListId="8c84fa94-04c1-424b-9868-57a2d4851a1d" relativeResultsDirectory="3a4b9032-d445-489c-8973-8d7b609ec24e" />
    <UnitTestResult executionId="3c073ec7-5e5e-4676-8e02-bfeb430afa7c" testId="c095042d-e50b-f78e-7e75-2b785c69205f" testName="TokenCache_Constructor_Success" computerName="DKSR-EFI-06" duration="00:00:00.0078541" startTime="2024-01-09T15:41:26.6225458+01:00" endTime="2024-01-09T15:41:26.6381687+01:00" testType="13cdc9d9-ddb5-4fa4-a97d-d965ccfc6d4b" outcome="Passed" testListId="8c84fa94-04c1-424b-9868-57a2d4851a1d" relativeResultsDirectory="3c073ec7-5e5e-4676-8e02-bfeb430afa7c" />
    <UnitTestResult executionId="4a1de3dc-5aa2-49fb-8aca-f4749e141436" testId="9c36fd41-e765-81f6-df8e-f462ee2c6552" testName="Ctor_AudiencesIsNull_ThrowsArgumentNullException" computerName="DKSR-EFI-06" duration="00:00:00.0003638" startTime="2024-01-09T15:41:21.3412932+01:00" endTime="2024-01-09T15:41:21.3412932+01:00" testType="13cdc9d9-ddb5-4fa4-a97d-d965ccfc6d4b" outcome="Passed" testListId="8c84fa94-04c1-424b-9868-57a2d4851a1d" relativeResultsDirectory="4a1de3dc-5aa2-49fb-8aca-f4749e141436" />
    <UnitTestResult executionId="ccd4a3d3-9c25-4d2c-bfa4-28630dd668a2" testId="ee4023a9-7ef5-de07-c4fc-93e795d5baa7" testName="SendRequest_ResponseHasStatusCodeAndCustomIdpError_ThrowCorrectIdpException (400,UserLockoutNotEnabled,VideoOS.IdentityServer.Common.Exceptions.DefaultErrorException)" computerName="DKSR-EFI-06" duration="00:00:00.0007610" startTime="2024-01-09T15:41:22.9506689+01:00" endTime="2024-01-09T15:41:22.9819219+01:00" testType="13cdc9d9-ddb5-4fa4-a97d-d965ccfc6d4b" outcome="Passed" testListId="8c84fa94-04c1-424b-9868-57a2d4851a1d" relativeResultsDirectory="ccd4a3d3-9c25-4d2c-bfa4-28630dd668a2" />
    <UnitTestResult executionId="5fc42002-5c6a-4e0a-86a9-7d54eafcf159" testId="64ce3878-ca47-8b99-d700-14791eaa9c40" testName="GetEventLogs_AccessTokenNull_ThrowsArgumentNullException" computerName="DKSR-EFI-06" duration="00:00:00.0011471" startTime="2024-01-09T15:41:26.0600454+01:00" endTime="2024-01-09T15:41:26.0600454+01:00" testType="13cdc9d9-ddb5-4fa4-a97d-d965ccfc6d4b" outcome="Passed" testListId="8c84fa94-04c1-424b-9868-57a2d4851a1d" relativeResultsDirectory="5fc42002-5c6a-4e0a-86a9-7d54eafcf159" />
    <UnitTestResult executionId="55cf1313-1877-47f8-9add-af97fc21bb01" testId="e9fa84ac-633c-62b6-98d7-47b66e6e189e" testName="ValidateToken_SignatureKeyNotFoundMinimumRefreshIntervalReached_RefreshRequested" computerName="DKSR-EFI-06" duration="00:00:00.4002691" startTime="2024-01-09T15:41:20.6069162+01:00" endTime="2024-01-09T15:41:21.0131679+01:00" testType="13cdc9d9-ddb5-4fa4-a97d-d965ccfc6d4b" outcome="Passed" testListId="8c84fa94-04c1-424b-9868-57a2d4851a1d" relativeResultsDirectory="55cf1313-1877-47f8-9add-af97fc21bb01" />
    <UnitTestResult executionId="b69b64fa-1019-40e2-929a-39b55cd5683c" testId="9574f2b4-908d-7278-b0da-6c84b944cfb6" testName="SendRequest_ResponseHasBadStatusCode_ThrowIdpException (ServiceUnavailable)" computerName="DKSR-EFI-06" duration="00:00:00.0008068" startTime="2024-01-09T15:41:22.9350408+01:00" endTime="2024-01-09T15:41:22.9506689+01:00" testType="13cdc9d9-ddb5-4fa4-a97d-d965ccfc6d4b" outcome="Passed" testListId="8c84fa94-04c1-424b-9868-57a2d4851a1d" relativeResultsDirectory="b69b64fa-1019-40e2-929a-39b55cd5683c" />
    <UnitTestResult executionId="c4d86ad7-bfde-4059-92af-5130450bee11" testId="388c5c74-720e-564b-d683-490d356af3fe" testName="DeleteLogin_ResponseHasSuccessfulStatusCode_CorrectRequestUriIsPassed" computerName="DKSR-EFI-06" duration="00:00:00.0092747" startTime="2024-01-09T15:41:25.9662951+01:00" endTime="2024-01-09T15:41:25.9662951+01:00" testType="13cdc9d9-ddb5-4fa4-a97d-d965ccfc6d4b" outcome="Passed" testListId="8c84fa94-04c1-424b-9868-57a2d4851a1d" relativeResultsDirectory="c4d86ad7-bfde-4059-92af-5130450bee11" />
    <UnitTestResult executionId="3f414973-0b0e-4c52-8ce3-8ca19a7ec5e5" testId="f0bc3cf2-7e7b-22f4-8d42-04d99e358cfe" testName="Ctor_AudiencesIsEmpty_DoNotThrowException" computerName="DKSR-EFI-06" duration="00:00:00.0003684" startTime="2024-01-09T15:41:21.3569161+01:00" endTime="2024-01-09T15:41:21.3569161+01:00" testType="13cdc9d9-ddb5-4fa4-a97d-d965ccfc6d4b" outcome="Passed" testListId="8c84fa94-04c1-424b-9868-57a2d4851a1d" relativeResultsDirectory="3f414973-0b0e-4c52-8ce3-8ca19a7ec5e5" />
    <UnitTestResult executionId="19d5747d-a306-4843-bcec-f8fecc8da204" testId="35c85059-4d38-96d6-5ba6-39946ca04b5d" testName="SendRequest_ResponseIs400AndHasInvalidClientError_ThrowUnauthorizedException" computerName="DKSR-EFI-06" duration="00:00:00.0046006" startTime="2024-01-09T15:41:23.0131686+01:00" endTime="2024-01-09T15:41:23.0131686+01:00" testType="13cdc9d9-ddb5-4fa4-a97d-d965ccfc6d4b" outcome="Passed" testListId="8c84fa94-04c1-424b-9868-57a2d4851a1d" relativeResultsDirectory="19d5747d-a306-4843-bcec-f8fecc8da204" />
    <UnitTestResult executionId="138ebf66-492a-4022-ae23-6bbfc0255360" testId="00ff095b-4bc6-db53-f938-6a37bc01f46b" testName="CreateException_InvalidRoleName_Is_InvalidNameException" computerName="DKSR-EFI-06" duration="00:00:00.0002968" startTime="2024-01-09T15:41:27.0444188+01:00" endTime="2024-01-09T15:41:27.0444188+01:00" testType="13cdc9d9-ddb5-4fa4-a97d-d965ccfc6d4b" outcome="Passed" testListId="8c84fa94-04c1-424b-9868-57a2d4851a1d" relativeResultsDirectory="138ebf66-492a-4022-ae23-6bbfc0255360" />
    <UnitTestResult executionId="a42a46c4-1dc1-4f24-b5b1-8dabc65d41b3" testId="6a56b596-cc3a-9bf5-da7f-9064d03397a2" testName="ValidateIdpServer_SimulateValidResponseFrom_WithNonStandardPortAndValidScheme_AgainstVersionNotSupportingOauth_Success" computerName="DKSR-EFI-06" duration="00:00:00.2313244" startTime="2024-01-09T15:41:23.8412947+01:00" endTime="2024-01-09T15:41:24.0756694+01:00" testType="13cdc9d9-ddb5-4fa4-a97d-d965ccfc6d4b" outcome="Passed" testListId="8c84fa94-04c1-424b-9868-57a2d4851a1d" relativeResultsDirectory="a42a46c4-1dc1-4f24-b5b1-8dabc65d41b3" />
    <UnitTestResult executionId="1e4fbeaf-a7ef-42c2-962c-f890b195d8bd" testId="3c9fa628-c7d5-d183-10bb-7d387f6779bb" testName="Constructor_NullIIdpTokenRetriever_ThrowsArgumentNullException" computerName="DKSR-EFI-06" duration="00:00:00.0037904" startTime="2024-01-09T15:41:19.4350393+01:00" endTime="2024-01-09T15:41:19.4506653+01:00" testType="13cdc9d9-ddb5-4fa4-a97d-d965ccfc6d4b" outcome="Passed" testListId="8c84fa94-04c1-424b-9868-57a2d4851a1d" relativeResultsDirectory="1e4fbeaf-a7ef-42c2-962c-f890b195d8bd" />
    <UnitTestResult executionId="1dceac0c-b67d-418f-8296-db4f472cfcdc" testId="5098da35-a50d-188f-464b-c0e73540175b" testName="ValidateIdpServer_InvalidUri_RelativeUri_Throws_ArgumentException" computerName="DKSR-EFI-06" duration="00:00:00.0011919" startTime="2024-01-09T15:41:23.4819177+01:00" endTime="2024-01-09T15:41:23.4819177+01:00" testType="13cdc9d9-ddb5-4fa4-a97d-d965ccfc6d4b" outcome="Passed" testListId="8c84fa94-04c1-424b-9868-57a2d4851a1d" relativeResultsDirectory="1dceac0c-b67d-418f-8296-db4f472cfcdc" />
    <UnitTestResult executionId="98f99fe7-3d05-4f4d-af22-e2f9d6421a10" testId="172041ae-12af-58d9-c5c3-06cc738ac111" testName="CheckAccess_PrincipalHasNoScopeClaims_ReturnsFalse" computerName="DKSR-EFI-06" duration="00:00:00.0071671" startTime="2024-01-09T15:41:26.5756708+01:00" endTime="2024-01-09T15:41:26.5912954+01:00" testType="13cdc9d9-ddb5-4fa4-a97d-d965ccfc6d4b" outcome="Passed" testListId="8c84fa94-04c1-424b-9868-57a2d4851a1d" relativeResultsDirectory="98f99fe7-3d05-4f4d-af22-e2f9d6421a10" />
    <UnitTestResult executionId="84e703cd-faa7-4381-835b-05ab7bdfa888" testId="5304b9a1-8d75-0736-1781-57659e307ca7" testName="IsTokenExpired_RefreshTokenIsNotCalled_ReturnFalse" computerName="DKSR-EFI-06" duration="00:00:00.0010035" startTime="2024-01-09T15:41:26.9506726+01:00" endTime="2024-01-09T15:41:26.9506726+01:00" testType="13cdc9d9-ddb5-4fa4-a97d-d965ccfc6d4b" outcome="Passed" testListId="8c84fa94-04c1-424b-9868-57a2d4851a1d" relativeResultsDirectory="84e703cd-faa7-4381-835b-05ab7bdfa888" />
    <UnitTestResult executionId="e0e7d0d9-0a48-499a-b01f-fd309f7aeeeb" testId="0f53cf01-7625-abe4-40b4-7756723d3b2e" testName="ValidateIdpServer_SimulateValidResponseFromOAuthServer_SecureCheckOnly_ReturnsHttpsSecureConnection" computerName="DKSR-EFI-06" duration="00:00:00.1698976" startTime="2024-01-09T15:41:24.7475439+01:00" endTime="2024-01-09T15:41:24.9194179+01:00" testType="13cdc9d9-ddb5-4fa4-a97d-d965ccfc6d4b" outcome="Passed" testListId="8c84fa94-04c1-424b-9868-57a2d4851a1d" relativeResultsDirectory="e0e7d0d9-0a48-499a-b01f-fd309f7aeeeb" />
    <UnitTestResult executionId="1bafba8d-e7fe-43ba-8c5e-1bfd85ca2a93" testId="6527d399-3c52-8422-d90f-6c83c08b6874" testName="CreateException_OtherError_Throws_DefaultErrorException" computerName="DKSR-EFI-06" duration="00:00:00.0002874" startTime="2024-01-09T15:41:27.0131716+01:00" endTime="2024-01-09T15:41:27.0131716+01:00" testType="13cdc9d9-ddb5-4fa4-a97d-d965ccfc6d4b" outcome="Passed" testListId="8c84fa94-04c1-424b-9868-57a2d4851a1d" relativeResultsDirectory="1bafba8d-e7fe-43ba-8c5e-1bfd85ca2a93" />
    <UnitTestResult executionId="a97eaccf-9141-48ed-a1ea-ed86a7d9a317" testId="355371bd-45fe-c229-5034-898ad04eb1dc" testName="GetTokenResponseAsync_HttpStatusIsNotOk_IdpExceptionIsThrown (VideoOS.IdentityServer.Common.Exceptions.InternalServerErrorException,InternalServerError)" computerName="DKSR-EFI-06" duration="00:00:00.0016009" startTime="2024-01-09T15:41:19.3256669+01:00" endTime="2024-01-09T15:41:19.4038696+01:00" testType="13cdc9d9-ddb5-4fa4-a97d-d965ccfc6d4b" outcome="Passed" testListId="8c84fa94-04c1-424b-9868-57a2d4851a1d" relativeResultsDirectory="a97eaccf-9141-48ed-a1ea-ed86a7d9a317" />
    <UnitTestResult executionId="b327eeca-af8f-4c61-a748-8c08ec3534bb" testId="ee4023a9-7ef5-de07-c4fc-93e795d5baa7" testName="SendRequest_ResponseHasStatusCodeAndCustomIdpError_ThrowCorrectIdpException (400,InvalidRoleName,VideoOS.IdentityServer.Common.Exceptions.InvalidNameException)" computerName="DKSR-EFI-06" duration="00:00:00.0008755" startTime="2024-01-09T15:41:22.9506689+01:00" endTime="2024-01-09T15:41:22.9819219+01:00" testType="13cdc9d9-ddb5-4fa4-a97d-d965ccfc6d4b" outcome="Passed" testListId="8c84fa94-04c1-424b-9868-57a2d4851a1d" relativeResultsDirectory="b327eeca-af8f-4c61-a748-8c08ec3534bb" />
    <UnitTestResult executionId="d0149e3f-1e0c-4d60-80b7-28cf3e6f3b4a" testId="435442ba-9897-362e-beef-40dd9aef0a97" testName="RegisterAuthorizationCodeClientWithToken_RedirectUrisIsNull_ThrowArgumentException" computerName="DKSR-EFI-06" duration="00:00:00.0012044" startTime="2024-01-09T15:41:23.2944184+01:00" endTime="2024-01-09T15:41:23.2944184+01:00" testType="13cdc9d9-ddb5-4fa4-a97d-d965ccfc6d4b" outcome="Passed" testListId="8c84fa94-04c1-424b-9868-57a2d4851a1d" relativeResultsDirectory="d0149e3f-1e0c-4d60-80b7-28cf3e6f3b4a" />
    <UnitTestResult executionId="9c600414-85cc-48d0-8c87-ad6f7d04d6e3" testId="d176d0bf-5559-b755-c69c-09a2d4950528" testName="SendRequest_ResponseHasBadStatusCode_ThrowIdpException (HttpVersionNotSupported)" computerName="DKSR-EFI-06" duration="00:00:00.0007844" startTime="2024-01-09T15:41:22.9506689+01:00" endTime="2024-01-09T15:41:22.9506689+01:00" testType="13cdc9d9-ddb5-4fa4-a97d-d965ccfc6d4b" outcome="Passed" testListId="8c84fa94-04c1-424b-9868-57a2d4851a1d" relativeResultsDirectory="9c600414-85cc-48d0-8c87-ad6f7d04d6e3" />
    <UnitTestResult executionId="664bea22-d603-4f31-a86e-e21bdf640892" testId="ee4023a9-7ef5-de07-c4fc-93e795d5baa7" testName="SendRequest_ResponseHasStatusCodeAndCustomIdpError_ThrowCorrectIdpException (403,DefaultError,VideoOS.IdentityServer.Common.Exceptions.ForbiddenException)" computerName="DKSR-EFI-06" duration="00:00:00.0009710" startTime="2024-01-09T15:41:22.9506689+01:00" endTime="2024-01-09T15:41:22.9819219+01:00" testType="13cdc9d9-ddb5-4fa4-a97d-d965ccfc6d4b" outcome="Passed" testListId="8c84fa94-04c1-424b-9868-57a2d4851a1d" relativeResultsDirectory="664bea22-d603-4f31-a86e-e21bdf640892" />
    <UnitTestResult executionId="6390c014-fe46-4158-93b2-791e44164b55" testId="22db2a0a-aa8a-2a11-0ea7-22ee10a4b12c" testName="GetTokenResponseAsync_TokenResponseIsOk_TokenResponseIsReturned" computerName="DKSR-EFI-06" duration="00:00:00.0082595" startTime="2024-01-09T15:41:19.4975889+01:00" endTime="2024-01-09T15:41:19.5131653+01:00" testType="13cdc9d9-ddb5-4fa4-a97d-d965ccfc6d4b" outcome="Passed" testListId="8c84fa94-04c1-424b-9868-57a2d4851a1d" relativeResultsDirectory="6390c014-fe46-4158-93b2-791e44164b55" />
    <UnitTestResult executionId="8626b0fb-c779-4208-a3a2-3e1dfb1dd3ed" testId="ad89ac24-24de-f6bb-8252-5fda23ce2272" testName="Constructor_NullAccessToken_ThrowsArgumentNullException" computerName="DKSR-EFI-06" duration="00:00:00.0005949" startTime="2024-01-09T15:41:25.5912949+01:00" endTime="2024-01-09T15:41:25.5912949+01:00" testType="13cdc9d9-ddb5-4fa4-a97d-d965ccfc6d4b" outcome="Passed" testListId="8c84fa94-04c1-424b-9868-57a2d4851a1d" relativeResultsDirectory="8626b0fb-c779-4208-a3a2-3e1dfb1dd3ed" />
    <UnitTestResult executionId="2b16c045-d71b-40c0-90ad-83f7e56c946a" testId="7ea2fcb8-8d7a-7b3e-5257-f1b66909cef7" testName="CheckAccess_PrincipalHasCorrectScopeClaim_ReturnsTrue (ABC,abc)" computerName="DKSR-EFI-06" duration="00:00:00.0033128" startTime="2024-01-09T15:41:26.6225458+01:00" endTime="2024-01-09T15:41:26.6225458+01:00" testType="13cdc9d9-ddb5-4fa4-a97d-d965ccfc6d4b" outcome="Passed" testListId="8c84fa94-04c1-424b-9868-57a2d4851a1d" relativeResultsDirectory="2b16c045-d71b-40c0-90ad-83f7e56c946a" />
    <UnitTestResult executionId="00929406-d1b2-4ce4-b07b-59f3da3826ba" testId="a1533602-6410-91ea-863d-c06356133eae" testName="ValidateToken_MetaDataLoadNotDelayed_MetaDataLoadNotDelayed" computerName="DKSR-EFI-06" duration="00:00:00.0457798" startTime="2024-01-09T15:41:19.6069156+01:00" endTime="2024-01-09T15:41:19.6537893+01:00" testType="13cdc9d9-ddb5-4fa4-a97d-d965ccfc6d4b" outcome="Passed" testListId="8c84fa94-04c1-424b-9868-57a2d4851a1d" relativeResultsDirectory="00929406-d1b2-4ce4-b07b-59f3da3826ba" />
    <UnitTestResult executionId="55d85713-5ad0-41ba-b559-68980e3f394b" testId="ee4023a9-7ef5-de07-c4fc-93e795d5baa7" testName="SendRequest_ResponseHasStatusCodeAndCustomIdpError_ThrowCorrectIdpException (401,DefaultError,VideoOS.IdentityServer.Common.Exceptions.UnauthorizedException)" computerName="DKSR-EFI-06" duration="00:00:00.0056140" startTime="2024-01-09T15:41:22.9506689+01:00" endTime="2024-01-09T15:41:22.9819219+01:00" testType="13cdc9d9-ddb5-4fa4-a97d-d965ccfc6d4b" outcome="Passed" testListId="8c84fa94-04c1-424b-9868-57a2d4851a1d" relativeResultsDirectory="55d85713-5ad0-41ba-b559-68980e3f394b" />
    <UnitTestResult executionId="9613e119-f13a-4c88-9a98-10cacdd05860" testId="2094e3f3-bb74-95c3-1e50-e6fdef78ea13" testName="GetTokenResponseAsync_HttpStatusIsNotOk_IdpExceptionIsThrown (VideoOS.IdentityServer.Common.Exceptions.UnauthorizedException,Unauthorized)" computerName="DKSR-EFI-06" duration="00:00:00.0024180" startTime="2024-01-09T15:41:19.5131653+01:00" endTime="2024-01-09T15:41:19.5131653+01:00" testType="13cdc9d9-ddb5-4fa4-a97d-d965ccfc6d4b" outcome="Passed" testListId="8c84fa94-04c1-424b-9868-57a2d4851a1d" relativeResultsDirectory="9613e119-f13a-4c88-9a98-10cacdd05860" />
    <UnitTestResult executionId="d51d9b09-c444-483d-b120-f255e85a0f71" testId="5350274c-91fb-610e-856e-3415f7a1fa83" testName="RegisterAuthorizationCodeClientWithToken_ClientIdIsNull_ThrowArgumentException" computerName="DKSR-EFI-06" duration="00:00:00.0026342" startTime="2024-01-09T15:41:23.2787943+01:00" endTime="2024-01-09T15:41:23.2787943+01:00" testType="13cdc9d9-ddb5-4fa4-a97d-d965ccfc6d4b" outcome="Passed" testListId="8c84fa94-04c1-424b-9868-57a2d4851a1d" relativeResultsDirectory="d51d9b09-c444-483d-b120-f255e85a0f71" />
    <UnitTestResult executionId="88480022-a5c0-4d58-91dc-cee86e1a988a" testId="aac9aae4-033c-5a4d-bf6f-6c295840a3fd" testName="RegisterAuthorizationCodeClient_RedirectUrisIsEmpty_ThrowArgumentException" computerName="DKSR-EFI-06" duration="00:00:00.0011036" startTime="2024-01-09T15:41:23.3256688+01:00" endTime="2024-01-09T15:41:23.3256688+01:00" testType="13cdc9d9-ddb5-4fa4-a97d-d965ccfc6d4b" outcome="Passed" testListId="8c84fa94-04c1-424b-9868-57a2d4851a1d" relativeResultsDirectory="88480022-a5c0-4d58-91dc-cee86e1a988a" />
    <UnitTestResult executionId="34018a0f-8fde-4c5d-a335-4e3861304318" testId="ee4023a9-7ef5-de07-c4fc-93e795d5baa7" testName="SendRequest_ResponseHasStatusCodeAndCustomIdpError_ThrowCorrectIdpException (400,InvalidUserName,VideoOS.IdentityServer.Common.Exceptions.InvalidNameException)" computerName="DKSR-EFI-06" duration="00:00:00.0007780" startTime="2024-01-09T15:41:22.9506689+01:00" endTime="2024-01-09T15:41:22.9819219+01:00" testType="13cdc9d9-ddb5-4fa4-a97d-d965ccfc6d4b" outcome="Passed" testListId="8c84fa94-04c1-424b-9868-57a2d4851a1d" relativeResultsDirectory="34018a0f-8fde-4c5d-a335-4e3861304318" />
    <UnitTestResult executionId="9fe126fd-0ad8-4eb4-9398-861d8fd00391" testId="dda37eb5-3275-a6a0-766a-62d2bf0b35ac" testName="GetUsersAfterModifiedDate_UnixTimeIsSet_UriQueryContainsTheFilter" computerName="DKSR-EFI-06" duration="00:00:00.0090338" startTime="2024-01-09T15:41:26.1069188+01:00" endTime="2024-01-09T15:41:26.1069188+01:00" testType="13cdc9d9-ddb5-4fa4-a97d-d965ccfc6d4b" outcome="Passed" testListId="8c84fa94-04c1-424b-9868-57a2d4851a1d" relativeResultsDirectory="9fe126fd-0ad8-4eb4-9398-861d8fd00391" />
    <UnitTestResult executionId="803440b5-c8a7-4a22-8c4b-183994e6ebcc" testId="990b87dc-a86d-2543-ed49-4086f9d9a47d" testName="ValidateIdpServer_SimulateResponseFromPreOAuthServer_WithValidCertificate_OpenConfigurationNotFound" computerName="DKSR-EFI-06" duration="00:00:00.0080121" startTime="2024-01-09T15:41:23.4975441+01:00" endTime="2024-01-09T15:41:23.5131692+01:00" testType="13cdc9d9-ddb5-4fa4-a97d-d965ccfc6d4b" outcome="Passed" testListId="8c84fa94-04c1-424b-9868-57a2d4851a1d" relativeResultsDirectory="803440b5-c8a7-4a22-8c4b-183994e6ebcc" />
    <UnitTestResult executionId="3031476f-dc1c-40fb-a11e-bb4aa8f6ffbc" testId="9d9108bd-86db-659c-91d4-935425fa020c" testName="SendRequest_ResponseHasStatusCodeAndErrorCode_ThrowCorrectIdpException (400,DefaultError,VideoOS.IdentityServer.Common.Exceptions.DefaultErrorException)" computerName="DKSR-EFI-06" duration="00:00:00.0007943" startTime="2024-01-09T15:41:22.9819219+01:00" endTime="2024-01-09T15:41:22.9975424+01:00" testType="13cdc9d9-ddb5-4fa4-a97d-d965ccfc6d4b" outcome="Passed" testListId="8c84fa94-04c1-424b-9868-57a2d4851a1d" relativeResultsDirectory="3031476f-dc1c-40fb-a11e-bb4aa8f6ffbc" />
    <UnitTestResult executionId="9062277a-3f9f-4bc0-ac0b-395c7da6f6b4" testId="cb270c9a-018c-ca10-c7ca-7967670c892b" testName="Constructor_NullTrustedToken_ThrowsArgumentNullException" computerName="DKSR-EFI-06" duration="00:00:00.1977925" startTime="2024-01-09T15:41:18.4194156+01:00" endTime="2024-01-09T15:41:18.6225412+01:00" testType="13cdc9d9-ddb5-4fa4-a97d-d965ccfc6d4b" outcome="Passed" testListId="8c84fa94-04c1-424b-9868-57a2d4851a1d" relativeResultsDirectory="9062277a-3f9f-4bc0-ac0b-395c7da6f6b4" />
    <UnitTestResult executionId="64b249f1-e2ba-4e1e-96cf-5ccc25cce601" testId="3c174b71-d834-497d-cddf-1a3c06acc75d" testName="Start_TimeToTokenExpireOver5min_TokenCacheNotUpdated" computerName="DKSR-EFI-06" duration="00:00:00.0040004" startTime="2024-01-09T15:41:26.7319224+01:00" endTime="2024-01-09T15:41:26.7475438+01:00" testType="13cdc9d9-ddb5-4fa4-a97d-d965ccfc6d4b" outcome="Passed" testListId="8c84fa94-04c1-424b-9868-57a2d4851a1d" relativeResultsDirectory="64b249f1-e2ba-4e1e-96cf-5ccc25cce601" />
    <UnitTestResult executionId="212c7996-c70d-4f70-83fc-0141f469c995" testId="cb3d0d63-a156-b025-1c90-4a3dc7841ffd" testName="RegisterAuthorizationCodeClientWithToken_ResponseHasSuccessfulStatusCode_CorrectRequestUriIsPassedWithoutSecret" computerName="DKSR-EFI-06" duration="00:00:00.0067216" startTime="2024-01-09T15:41:23.2944184+01:00" endTime="2024-01-09T15:41:23.3100459+01:00" testType="13cdc9d9-ddb5-4fa4-a97d-d965ccfc6d4b" outcome="Passed" testListId="8c84fa94-04c1-424b-9868-57a2d4851a1d" relativeResultsDirectory="212c7996-c70d-4f70-83fc-0141f469c995" />
    <UnitTestResult executionId="9f2066d2-609a-4587-9d78-a6103e655a96" testId="28e59258-d59d-b899-0352-abac45b3f73d" testName="DeleteTrustedIssuers_AccessTokenIsNull_ThrowArgumentException" computerName="DKSR-EFI-06" duration="00:00:00.0013436" startTime="2024-01-09T15:41:26.1694227+01:00" endTime="2024-01-09T15:41:26.1694227+01:00" testType="13cdc9d9-ddb5-4fa4-a97d-d965ccfc6d4b" outcome="Passed" testListId="8c84fa94-04c1-424b-9868-57a2d4851a1d" relativeResultsDirectory="9f2066d2-609a-4587-9d78-a6103e655a96" />
    <UnitTestResult executionId="5fe7776f-e48d-4a6b-9905-cdf181bee4ad" testId="ee4023a9-7ef5-de07-c4fc-93e795d5baa7" testName="SendRequest_ResponseHasStatusCodeAndCustomIdpError_ThrowCorrectIdpException (400,PasswordRequiresUniqueChars,VideoOS.IdentityServer.Common.Exceptions.PasswordNotComplexEnoughException)" computerName="DKSR-EFI-06" duration="00:00:00.0008369" startTime="2024-01-09T15:41:22.9506689+01:00" endTime="2024-01-09T15:41:22.9819219+01:00" testType="13cdc9d9-ddb5-4fa4-a97d-d965ccfc6d4b" outcome="Passed" testListId="8c84fa94-04c1-424b-9868-57a2d4851a1d" relativeResultsDirectory="5fe7776f-e48d-4a6b-9905-cdf181bee4ad" />
    <UnitTestResult executionId="4ac68cb2-d926-4196-9ab7-3550b2712509" testId="c65def95-e459-70a7-408d-154b2321db49" testName="UserName_NoNameClaim_ThrowsInvalidOperationException" computerName="DKSR-EFI-06" duration="00:00:00.0023703" startTime="2024-01-09T15:41:26.9819185+01:00" endTime="2024-01-09T15:41:26.9819185+01:00" testType="13cdc9d9-ddb5-4fa4-a97d-d965ccfc6d4b" outcome="Passed" testListId="8c84fa94-04c1-424b-9868-57a2d4851a1d" relativeResultsDirectory="4ac68cb2-d926-4196-9ab7-3550b2712509" />
    <UnitTestResult executionId="3ccb9625-2b26-4c08-88e1-f49be641b05b" testId="6dc7da62-c15b-7e96-f1c6-3eedd5697243" testName="GetAsync_UriInputIsNull_ThrowArgumentNullException" computerName="DKSR-EFI-06" duration="00:00:00.0012790" startTime="2024-01-09T15:41:22.2631683+01:00" endTime="2024-01-09T15:41:22.2631683+01:00" testType="13cdc9d9-ddb5-4fa4-a97d-d965ccfc6d4b" outcome="Passed" testListId="8c84fa94-04c1-424b-9868-57a2d4851a1d" relativeResultsDirectory="3ccb9625-2b26-4c08-88e1-f49be641b05b" />
    <UnitTestResult executionId="a98e83bd-30a7-48db-b428-752d31cb43c2" testId="f740022f-70ee-66e1-da38-2c4767f72ea7" testName="UserName_HasNameClaim_ReturnsUserName" computerName="DKSR-EFI-06" duration="00:00:00.0021755" startTime="2024-01-09T15:41:26.9975434+01:00" endTime="2024-01-09T15:41:26.9975434+01:00" testType="13cdc9d9-ddb5-4fa4-a97d-d965ccfc6d4b" outcome="Passed" testListId="8c84fa94-04c1-424b-9868-57a2d4851a1d" relativeResultsDirectory="a98e83bd-30a7-48db-b428-752d31cb43c2" />
    <UnitTestResult executionId="f11a2e89-0f2a-46c7-aed7-c8bd56b5f0d1" testId="a20b8cdb-3697-b063-4ea9-47fb6efe0241" testName="RegisterAuthorizationCodeClientWithToken_ScopesAreNull_ThrowArgumentNullException" computerName="DKSR-EFI-06" duration="00:00:00.0011268" startTime="2024-01-09T15:41:23.2787943+01:00" endTime="2024-01-09T15:41:23.2787943+01:00" testType="13cdc9d9-ddb5-4fa4-a97d-d965ccfc6d4b" outcome="Passed" testListId="8c84fa94-04c1-424b-9868-57a2d4851a1d" relativeResultsDirectory="f11a2e89-0f2a-46c7-aed7-c8bd56b5f0d1" />
    <UnitTestResult executionId="bab34f5a-0726-459c-974b-6e08a56caca0" testId="d881db98-d513-4483-6745-6376d9bd922f" testName="BuildFullUri_HasUnencodedParts_PartsAreEncoded (123,1 2 3=)" computerName="DKSR-EFI-06" duration="00:00:00.0000809" startTime="2024-01-09T15:41:23.0600428+01:00" endTime="2024-01-09T15:41:23.0600428+01:00" testType="13cdc9d9-ddb5-4fa4-a97d-d965ccfc6d4b" outcome="Passed" testListId="8c84fa94-04c1-424b-9868-57a2d4851a1d" relativeResultsDirectory="bab34f5a-0726-459c-974b-6e08a56caca0" />
    <UnitTestResult executionId="ce26d2bc-e68d-4027-836a-bc77cc3c5926" testId="9d9108bd-86db-659c-91d4-935425fa020c" testName="SendRequest_ResponseHasStatusCodeAndErrorCode_ThrowCorrectIdpException (400,InvalidCredentials,VideoOS.IdentityServer.Common.Exceptions.UnauthorizedException)" computerName="DKSR-EFI-06" duration="00:00:00.0009157" startTime="2024-01-09T15:41:22.9819219+01:00" endTime="2024-01-09T15:41:22.9975424+01:00" testType="13cdc9d9-ddb5-4fa4-a97d-d965ccfc6d4b" outcome="Passed" testListId="8c84fa94-04c1-424b-9868-57a2d4851a1d" relativeResultsDirectory="ce26d2bc-e68d-4027-836a-bc77cc3c5926" />
    <UnitTestResult executionId="39c32cf5-5512-4851-8d75-ac62773e21fb" testId="bf546bdc-4b09-7c78-8e68-7999cc725390" testName="CreateException_403_Is_ForbiddenException" computerName="DKSR-EFI-06" duration="00:00:00.0002210" startTime="2024-01-09T15:41:27.0131716+01:00" endTime="2024-01-09T15:41:27.0131716+01:00" testType="13cdc9d9-ddb5-4fa4-a97d-d965ccfc6d4b" outcome="Passed" testListId="8c84fa94-04c1-424b-9868-57a2d4851a1d" relativeResultsDirectory="39c32cf5-5512-4851-8d75-ac62773e21fb" />
    <UnitTestResult executionId="64a02649-ef8b-490c-9da5-1fb54b8d2de4" testId="0cc1a792-32db-3643-8570-b5f3ee785740" testName="ValidateToken_RefreshIntervalNotReached_CachedConfig" computerName="DKSR-EFI-06" duration="00:00:00.1930350" startTime="2024-01-09T15:41:21.0131679+01:00" endTime="2024-01-09T15:41:21.2006694+01:00" testType="13cdc9d9-ddb5-4fa4-a97d-d965ccfc6d4b" outcome="Passed" testListId="8c84fa94-04c1-424b-9868-57a2d4851a1d" relativeResultsDirectory="64a02649-ef8b-490c-9da5-1fb54b8d2de4" />
    <UnitTestResult executionId="4b7b6552-2cef-4101-a042-d6975173ad68" testId="8e1ae9ed-48fa-e512-e027-fe3bb954eb8b" testName="IsTokenExpired_TokenExpiration_ExpiredReturnTrueNotExpiredReturnFalse (-1,True)" computerName="DKSR-EFI-06" duration="00:00:00.0005462" startTime="2024-01-09T15:41:26.9506726+01:00" endTime="2024-01-09T15:41:26.9506726+01:00" testType="13cdc9d9-ddb5-4fa4-a97d-d965ccfc6d4b" outcome="Passed" testListId="8c84fa94-04c1-424b-9868-57a2d4851a1d" relativeResultsDirectory="4b7b6552-2cef-4101-a042-d6975173ad68" />
    <UnitTestResult executionId="0c02cfe8-79aa-43a3-bea8-6c04caa044d3" testId="dbd8c577-b242-b838-2751-2fb2c595a2b3" testName="CreateUserCollection_CreateUserModelIsNull_ThrowArgumentNullException" computerName="DKSR-EFI-06" duration="00:00:00.0011608" startTime="2024-01-09T15:41:25.8881691+01:00" endTime="2024-01-09T15:41:25.8881691+01:00" testType="13cdc9d9-ddb5-4fa4-a97d-d965ccfc6d4b" outcome="Passed" testListId="8c84fa94-04c1-424b-9868-57a2d4851a1d" relativeResultsDirectory="0c02cfe8-79aa-43a3-bea8-6c04caa044d3" />
    <UnitTestResult executionId="f683f05a-3e40-4278-aa21-4d651b0bd97e" testId="9161f5e4-37b0-b6bc-22e9-91ccc708f977" testName="GetTokenResponse_TokenHandlerDisposedBeforeCall_ObjectDisposedException" computerName="DKSR-EFI-06" duration="00:00:00.0028094" startTime="2024-01-09T15:41:19.5131653+01:00" endTime="2024-01-09T15:41:19.5131653+01:00" testType="13cdc9d9-ddb5-4fa4-a97d-d965ccfc6d4b" outcome="Passed" testListId="8c84fa94-04c1-424b-9868-57a2d4851a1d" relativeResultsDirectory="f683f05a-3e40-4278-aa21-4d651b0bd97e" />
    <UnitTestResult executionId="39a34688-a9cf-49d0-8ebf-486c7e525316" testId="eef3d4d9-ae71-3c95-4f3b-3059412b7fd3" testName="SendRequest_ResponseHasBadStatusCode_ThrowIdpException (RequestTimeout)" computerName="DKSR-EFI-06" duration="00:00:00.0008862" startTime="2024-01-09T15:41:22.8569177+01:00" endTime="2024-01-09T15:41:22.8569177+01:00" testType="13cdc9d9-ddb5-4fa4-a97d-d965ccfc6d4b" outcome="Passed" testListId="8c84fa94-04c1-424b-9868-57a2d4851a1d" relativeResultsDirectory="39a34688-a9cf-49d0-8ebf-486c7e525316" />
    <UnitTestResult executionId="de838b4f-6a66-4db8-8e6f-8ab6bde647f3" testId="24757d53-50b6-4207-edb9-4d7b85e83ec0" testName="CreateException_InvalidCode_Throws_ArgumentOutOfRangeException" computerName="DKSR-EFI-06" duration="00:00:00.0008920" startTime="2024-01-09T15:41:26.9975434+01:00" endTime="2024-01-09T15:41:27.0131716+01:00" testType="13cdc9d9-ddb5-4fa4-a97d-d965ccfc6d4b" outcome="Passed" testListId="8c84fa94-04c1-424b-9868-57a2d4851a1d" relativeResultsDirectory="de838b4f-6a66-4db8-8e6f-8ab6bde647f3" />
    <UnitTestResult executionId="351a6fb9-1aa0-46f0-acef-33ebcdedf914" testId="ee4023a9-7ef5-de07-c4fc-93e795d5baa7" testName="SendRequest_ResponseHasStatusCodeAndCustomIdpError_ThrowCorrectIdpException (400,PasswordMismatch,VideoOS.IdentityServer.Common.Exceptions.DefaultErrorException)" computerName="DKSR-EFI-06" duration="00:00:00.0007677" startTime="2024-01-09T15:41:22.9506689+01:00" endTime="2024-01-09T15:41:22.9819219+01:00" testType="13cdc9d9-ddb5-4fa4-a97d-d965ccfc6d4b" outcome="Passed" testListId="8c84fa94-04c1-424b-9868-57a2d4851a1d" relativeResultsDirectory="351a6fb9-1aa0-46f0-acef-33ebcdedf914" />
    <UnitTestResult executionId="9b0527a8-6171-4fbe-b35b-9269221bf972" testId="1c871e62-fc07-15be-cc5c-68162573f4bc" testName="ValidateIdpServer_SimulateValidResponseFromOAuthServer_WithValidCertificate_IdpOpenConfigurationNotAvailable" computerName="DKSR-EFI-06" duration="00:00:00.0018594" startTime="2024-01-09T15:41:23.5912930+01:00" endTime="2024-01-09T15:41:23.5912930+01:00" testType="13cdc9d9-ddb5-4fa4-a97d-d965ccfc6d4b" outcome="Passed" testListId="8c84fa94-04c1-424b-9868-57a2d4851a1d" relativeResultsDirectory="9b0527a8-6171-4fbe-b35b-9269221bf972" />
    <UnitTestResult executionId="132024c8-053c-4d76-bc90-53eb64822af8" testId="a27779ab-d479-2618-c0d6-39c534be7415" testName="VerifyEndpointSupportsSsl_InvalidParam_Null_Throws_ArgumentNullException" computerName="DKSR-EFI-06" duration="00:00:00.0033416" startTime="2024-01-09T15:41:25.5131705+01:00" endTime="2024-01-09T15:41:25.5131705+01:00" testType="13cdc9d9-ddb5-4fa4-a97d-d965ccfc6d4b" outcome="Passed" testListId="8c84fa94-04c1-424b-9868-57a2d4851a1d" relativeResultsDirectory="132024c8-053c-4d76-bc90-53eb64822af8" />
    <UnitTestResult executionId="82f1f7d5-440f-4275-84cb-bb3ce896c421" testId="9d653b0d-6df9-735d-0e75-f562a12dfb97" testName="Construct_ValidateTimeoutSentToSslVerification_DiscoveryTypeBoth_Success" computerName="DKSR-EFI-06" duration="00:00:00.0002736" startTime="2024-01-09T15:41:23.4662936+01:00" endTime="2024-01-09T15:41:23.4662936+01:00" testType="13cdc9d9-ddb5-4fa4-a97d-d965ccfc6d4b" outcome="Passed" testListId="8c84fa94-04c1-424b-9868-57a2d4851a1d" relativeResultsDirectory="82f1f7d5-440f-4275-84cb-bb3ce896c421" />
    <UnitTestResult executionId="37e53eb9-506d-4288-9b09-b8e4bab1c868" testId="1cd4fe94-7bb9-0d0d-a095-b6d8dbddc0b6" testName="SendRequest_ResponseHasBadStatusCode_ThrowIdpException (PaymentRequired)" computerName="DKSR-EFI-06" duration="00:00:00.0008055" startTime="2024-01-09T15:41:22.8412921+01:00" endTime="2024-01-09T15:41:22.8412921+01:00" testType="13cdc9d9-ddb5-4fa4-a97d-d965ccfc6d4b" outcome="Passed" testListId="8c84fa94-04c1-424b-9868-57a2d4851a1d" relativeResultsDirectory="37e53eb9-506d-4288-9b09-b8e4bab1c868" />
    <UnitTestResult executionId="c0d1d9d5-2cf3-4f14-a24b-70e8c585237e" testId="4ea55908-c33e-986a-f384-035f1ba3fbff" testName="UpdateUser_AccessTokenIsNull_ThrowArgumentException" computerName="DKSR-EFI-06" duration="00:00:00.0016740" startTime="2024-01-09T15:41:25.7475460+01:00" endTime="2024-01-09T15:41:25.7475460+01:00" testType="13cdc9d9-ddb5-4fa4-a97d-d965ccfc6d4b" outcome="Passed" testListId="8c84fa94-04c1-424b-9868-57a2d4851a1d" relativeResultsDirectory="c0d1d9d5-2cf3-4f14-a24b-70e8c585237e" />
    <UnitTestResult executionId="03700f14-ad6e-4e99-8202-bcd182bb1c72" testId="7769836f-b1cd-5510-88a4-b46be0e10342" testName="Construct_ValidateDefaultTimeoutSentToSslVerification_Success" computerName="DKSR-EFI-06" duration="00:00:00.0019351" startTime="2024-01-09T15:41:23.4662936+01:00" endTime="2024-01-09T15:41:23.4662936+01:00" testType="13cdc9d9-ddb5-4fa4-a97d-d965ccfc6d4b" outcome="Passed" testListId="8c84fa94-04c1-424b-9868-57a2d4851a1d" relativeResultsDirectory="03700f14-ad6e-4e99-8202-bcd182bb1c72" />
    <UnitTestResult executionId="348c5599-8c86-4ddb-971e-e9f28af35378" testId="44cd508c-9285-845c-4b2e-fe943114c39c" testName="Constructor_EmptyAccessToken_ThrowsArgumentNullException" computerName="DKSR-EFI-06" duration="00:00:00.0006216" startTime="2024-01-09T15:41:25.5912949+01:00" endTime="2024-01-09T15:41:25.5912949+01:00" testType="13cdc9d9-ddb5-4fa4-a97d-d965ccfc6d4b" outcome="Passed" testListId="8c84fa94-04c1-424b-9868-57a2d4851a1d" relativeResultsDirectory="348c5599-8c86-4ddb-971e-e9f28af35378" />
    <UnitTestResult executionId="aa5f3f69-76cb-469e-bee6-d51ee65ecd48" testId="b3c93a97-6762-97e2-4473-6d5a7d219a04" testName="GetUserCollection_QueryParameterIsVariableSize_QueryParameterIsUsedWhenNotTooBig (1,False)" computerName="DKSR-EFI-06" duration="00:00:00.0084041" startTime="2024-01-09T15:41:25.8569202+01:00" endTime="2024-01-09T15:41:25.8725440+01:00" testType="13cdc9d9-ddb5-4fa4-a97d-d965ccfc6d4b" outcome="Passed" testListId="8c84fa94-04c1-424b-9868-57a2d4851a1d" relativeResultsDirectory="aa5f3f69-76cb-469e-bee6-d51ee65ecd48" />
    <UnitTestResult executionId="a44f5a4b-2450-43ac-917d-cba83fe442a6" testId="5e0c0b16-1156-1376-f6f0-3908d3a2cb3b" testName="GetAsync_AllCallsFailed_DiscoveryResponsesForAll" computerName="DKSR-EFI-06" duration="00:00:00.0020321" startTime="2024-01-09T15:41:22.3412910+01:00" endTime="2024-01-09T15:41:22.3412910+01:00" testType="13cdc9d9-ddb5-4fa4-a97d-d965ccfc6d4b" outcome="Passed" testListId="8c84fa94-04c1-424b-9868-57a2d4851a1d" relativeResultsDirectory="a44f5a4b-2450-43ac-917d-cba83fe442a6" />
    <UnitTestResult executionId="2bd6a644-ba1e-41fc-8b81-67294ea97e13" testId="529c2e35-24ca-56d0-82ae-22b9934a7f05" testName="ValidateToken_SubClaimPresent_SystemClaimIsNotAddedToClaims" computerName="DKSR-EFI-06" duration="00:00:00.0069312" startTime="2024-01-09T15:41:21.4662962+01:00" endTime="2024-01-09T15:41:21.4819213+01:00" testType="13cdc9d9-ddb5-4fa4-a97d-d965ccfc6d4b" outcome="Passed" testListId="8c84fa94-04c1-424b-9868-57a2d4851a1d" relativeResultsDirectory="2bd6a644-ba1e-41fc-8b81-67294ea97e13" />
    <UnitTestResult executionId="39e59494-71ad-41ba-982d-91d7e90bd92b" testId="755826d7-2b80-4234-302f-1403ed18949d" testName="BeforeSendRequest_ThrowsHttpRequestExceptionWithWebException_ThrowsCommunicationException (Success)" computerName="DKSR-EFI-06" duration="00:00:00.0011729" startTime="2024-01-09T15:41:26.3569227+01:00" endTime="2024-01-09T15:41:26.3569227+01:00" testType="13cdc9d9-ddb5-4fa4-a97d-d965ccfc6d4b" outcome="Passed" testListId="8c84fa94-04c1-424b-9868-57a2d4851a1d" relativeResultsDirectory="39e59494-71ad-41ba-982d-91d7e90bd92b" />
    <UnitTestResult executionId="c70b5aab-3896-4dc2-97a7-065cdf5c684d" testId="a8bcc73c-dc70-1261-8278-4b0a946db697" testName="Ctor_TypeIsNull_ThrowsArgumentNullException" computerName="DKSR-EFI-06" duration="00:00:00.0003066" startTime="2024-01-09T15:41:26.4350463+01:00" endTime="2024-01-09T15:41:26.4350463+01:00" testType="13cdc9d9-ddb5-4fa4-a97d-d965ccfc6d4b" outcome="Passed" testListId="8c84fa94-04c1-424b-9868-57a2d4851a1d" relativeResultsDirectory="c70b5aab-3896-4dc2-97a7-065cdf5c684d" />
    <UnitTestResult executionId="4f4f7703-9cf8-411a-a9e8-b721b6a7a684" testId="7b9b1873-4328-312e-2778-9f9b8787518d" testName="ValidateIdpServer_SimulateValidResponseFromOAuthServer_WithNonStandardPortAndNoScheme_WithInvalidCertificate" computerName="DKSR-EFI-06" duration="00:00:00.1281311" startTime="2024-01-09T15:41:24.0756694+01:00" endTime="2024-01-09T15:41:24.2006694+01:00" testType="13cdc9d9-ddb5-4fa4-a97d-d965ccfc6d4b" outcome="Passed" testListId="8c84fa94-04c1-424b-9868-57a2d4851a1d" relativeResultsDirectory="4f4f7703-9cf8-411a-a9e8-b721b6a7a684" />
    <UnitTestResult executionId="393bc94a-498c-44a1-971d-8663cabfb909" testId="d31208f6-32e8-d301-b39b-41ee13f7023e" testName="VerifyEndpointSupportsSsl_InvalidParam_Null_ValidTimeout_Throws_ArgumentNullException" computerName="DKSR-EFI-06" duration="00:00:00.0006441" startTime="2024-01-09T15:41:25.5287942+01:00" endTime="2024-01-09T15:41:25.5287942+01:00" testType="13cdc9d9-ddb5-4fa4-a97d-d965ccfc6d4b" outcome="Passed" testListId="8c84fa94-04c1-424b-9868-57a2d4851a1d" relativeResultsDirectory="393bc94a-498c-44a1-971d-8663cabfb909" />
    <UnitTestResult executionId="b9316193-5213-4287-b7dd-65d73cb36a14" testId="177f25f3-8788-a5e1-0e06-b7d455065c9f" testName="CreateLogin_ModelIsNull_ThrowArgumentNullException" computerName="DKSR-EFI-06" duration="00:00:00.0011808" startTime="2024-01-09T15:41:25.9350450+01:00" endTime="2024-01-09T15:41:25.9350450+01:00" testType="13cdc9d9-ddb5-4fa4-a97d-d965ccfc6d4b" outcome="Passed" testListId="8c84fa94-04c1-424b-9868-57a2d4851a1d" relativeResultsDirectory="b9316193-5213-4287-b7dd-65d73cb36a14" />
    <UnitTestResult executionId="c0b21fe8-c305-4f1b-8bab-4bb8a861d8ad" testId="be2661e6-13a2-efcd-f033-26370e5bd14f" testName="Retrieve_NullIdpTokenClient_ThrowsArgumentNullException" computerName="DKSR-EFI-06" duration="00:00:00.0010413" startTime="2024-01-09T15:41:25.5756675+01:00" endTime="2024-01-09T15:41:25.5756675+01:00" testType="13cdc9d9-ddb5-4fa4-a97d-d965ccfc6d4b" outcome="Passed" testListId="8c84fa94-04c1-424b-9868-57a2d4851a1d" relativeResultsDirectory="c0b21fe8-c305-4f1b-8bab-4bb8a861d8ad" />
    <UnitTestResult executionId="e84e37e8-d3d4-49c8-ba04-27747ca946b1" testId="37e4a981-a5bb-fc1d-cb06-e50341eef0d3" testName="ValidateIdpServer_SimulateValidResponseFromOAuthServer_WithInvalidCertificate" computerName="DKSR-EFI-06" duration="00:00:00.0019617" startTime="2024-01-09T15:41:23.5912930+01:00" endTime="2024-01-09T15:41:23.5912930+01:00" testType="13cdc9d9-ddb5-4fa4-a97d-d965ccfc6d4b" outcome="Passed" testListId="8c84fa94-04c1-424b-9868-57a2d4851a1d" relativeResultsDirectory="e84e37e8-d3d4-49c8-ba04-27747ca946b1" />
    <UnitTestResult executionId="c668d948-b3c5-425e-adaf-5c51e2a4f9a8" testId="1b2a48cb-3076-b35a-c216-de57ac818d9a" testName="HasValidScheme_UriIsGopher_ReturnsTrue" computerName="DKSR-EFI-06" duration="00:00:00.0001904" startTime="2024-01-09T15:41:25.6537939+01:00" endTime="2024-01-09T15:41:25.6537939+01:00" testType="13cdc9d9-ddb5-4fa4-a97d-d965ccfc6d4b" outcome="Passed" testListId="8c84fa94-04c1-424b-9868-57a2d4851a1d" relativeResultsDirectory="c668d948-b3c5-425e-adaf-5c51e2a4f9a8" />
    <UnitTestResult executionId="982034d5-b701-4f3b-8c89-bc216dc1c4a4" testId="ee4023a9-7ef5-de07-c4fc-93e795d5baa7" testName="SendRequest_ResponseHasStatusCodeAndCustomIdpError_ThrowCorrectIdpException (400,RecoveryCodeRedemptionFailed,VideoOS.IdentityServer.Common.Exceptions.DefaultErrorException)" computerName="DKSR-EFI-06" duration="00:00:00.0008551" startTime="2024-01-09T15:41:22.9506689+01:00" endTime="2024-01-09T15:41:22.9819219+01:00" testType="13cdc9d9-ddb5-4fa4-a97d-d965ccfc6d4b" outcome="Passed" testListId="8c84fa94-04c1-424b-9868-57a2d4851a1d" relativeResultsDirectory="982034d5-b701-4f3b-8c89-bc216dc1c4a4" />
    <UnitTestResult executionId="75b5a5a4-e20f-49fb-a1f9-0d41423f86ae" testId="8cac781b-3c65-0ccf-a739-6333f1b2885a" testName="BeforeSendRequest_ThrowsUnauthorizedException_ThrowsMessageSecurityException" computerName="DKSR-EFI-06" duration="00:00:00.0017274" startTime="2024-01-09T15:41:26.3412970+01:00" endTime="2024-01-09T15:41:26.3412970+01:00" testType="13cdc9d9-ddb5-4fa4-a97d-d965ccfc6d4b" outcome="Passed" testListId="8c84fa94-04c1-424b-9868-57a2d4851a1d" relativeResultsDirectory="75b5a5a4-e20f-49fb-a1f9-0d41423f86ae" />
    <UnitTestResult executionId="b9ce964a-61bc-4ceb-96f8-84925ccb50af" testId="a844f451-0f87-c9e5-8ca9-902b45b90314" testName="HasValidScheme_UriIsHttp_ReturnsTrue" computerName="DKSR-EFI-06" duration="00:00:00.0002250" startTime="2024-01-09T15:41:25.6537939+01:00" endTime="2024-01-09T15:41:25.6537939+01:00" testType="13cdc9d9-ddb5-4fa4-a97d-d965ccfc6d4b" outcome="Passed" testListId="8c84fa94-04c1-424b-9868-57a2d4851a1d" relativeResultsDirectory="b9ce964a-61bc-4ceb-96f8-84925ccb50af" />
    <UnitTestResult executionId="f91c6751-a4b9-4289-b2a3-dcaa5adfab70" testId="fcf10477-6ad0-000b-9152-cfbeeb11eccd" testName="BeforeSendRequest_ThrowsHttpRequestExceptionWithWebException_ThrowsCommunicationException (SecureChannelFailure)" computerName="DKSR-EFI-06" duration="00:00:00.0002388" startTime="2024-01-09T15:41:26.3881710+01:00" endTime="2024-01-09T15:41:26.3881710+01:00" testType="13cdc9d9-ddb5-4fa4-a97d-d965ccfc6d4b" outcome="Passed" testListId="8c84fa94-04c1-424b-9868-57a2d4851a1d" relativeResultsDirectory="f91c6751-a4b9-4289-b2a3-dcaa5adfab70" />
    <UnitTestResult executionId="9748147a-98f8-4d1e-beec-5a1456d655a4" testId="e9885d89-bc72-7366-67b0-3a6b90c9fc06" testName="SendRequest_ResponseHasBadStatusCode_ThrowIdpException (BadRequest)" computerName="DKSR-EFI-06" duration="00:00:00.0070731" startTime="2024-01-09T15:41:22.6850422+01:00" endTime="2024-01-09T15:41:22.8256699+01:00" testType="13cdc9d9-ddb5-4fa4-a97d-d965ccfc6d4b" outcome="Passed" testListId="8c84fa94-04c1-424b-9868-57a2d4851a1d" relativeResultsDirectory="9748147a-98f8-4d1e-beec-5a1456d655a4" />
    <UnitTestResult executionId="008eb64c-a147-47fc-8e0d-3abb6e4b04ce" testId="9a74f111-730b-48ac-793d-eafd4afb012a" testName="RegisterAuthorizationCodeClient_ClientIdIsNull_ThrowArgumentException" computerName="DKSR-EFI-06" duration="00:00:00.0024584" startTime="2024-01-09T15:41:23.3100459+01:00" endTime="2024-01-09T15:41:23.3100459+01:00" testType="13cdc9d9-ddb5-4fa4-a97d-d965ccfc6d4b" outcome="Passed" testListId="8c84fa94-04c1-424b-9868-57a2d4851a1d" relativeResultsDirectory="008eb64c-a147-47fc-8e0d-3abb6e4b04ce" />
    <UnitTestResult executionId="4b6603ae-dacd-48b2-ae7a-bafc83db364b" testId="ee4023a9-7ef5-de07-c4fc-93e795d5baa7" testName="SendRequest_ResponseHasStatusCodeAndCustomIdpError_ThrowCorrectIdpException (400,LoginAlreadyAssociated,VideoOS.IdentityServer.Common.Exceptions.LoginAlreadyAssociatedException)" computerName="DKSR-EFI-06" duration="00:00:00.0009684" startTime="2024-01-09T15:41:22.9506689+01:00" endTime="2024-01-09T15:41:22.9819219+01:00" testType="13cdc9d9-ddb5-4fa4-a97d-d965ccfc6d4b" outcome="Passed" testListId="8c84fa94-04c1-424b-9868-57a2d4851a1d" relativeResultsDirectory="4b6603ae-dacd-48b2-ae7a-bafc83db364b" />
    <UnitTestResult executionId="06fefec0-f7fd-4153-9393-03f4d17eac59" testId="026a0bc2-d18b-aab5-abeb-9318d37dfa38" testName="ValidateIdpServer_SimulateValidResponseFromOAuthServer_WithValidCertificate_SslVerificationTimesOut" computerName="DKSR-EFI-06" duration="00:00:00.0019632" startTime="2024-01-09T15:41:23.5756688+01:00" endTime="2024-01-09T15:41:23.5756688+01:00" testType="13cdc9d9-ddb5-4fa4-a97d-d965ccfc6d4b" outcome="Passed" testListId="8c84fa94-04c1-424b-9868-57a2d4851a1d" relativeResultsDirectory="06fefec0-f7fd-4153-9393-03f4d17eac59" />
    <UnitTestResult executionId="316f2671-f262-433b-a9e5-a9cc1d1e4cad" testId="4c680463-2526-d2b9-8b45-18d4e02b72d8" testName="BeforeSendRequest_ThrowsHttpRequestExceptionWithWebException_ThrowsCommunicationException (Timeout)" computerName="DKSR-EFI-06" duration="00:00:00.0002589" startTime="2024-01-09T15:41:26.4037953+01:00" endTime="2024-01-09T15:41:26.4037953+01:00" testType="13cdc9d9-ddb5-4fa4-a97d-d965ccfc6d4b" outcome="Passed" testListId="8c84fa94-04c1-424b-9868-57a2d4851a1d" relativeResultsDirectory="316f2671-f262-433b-a9e5-a9cc1d1e4cad" />
    <UnitTestResult executionId="e18c5558-b71b-4928-85ff-803d0f957732" testId="2439864b-27f0-8850-4ed8-51ccc06b948f" testName="SendRequest_ModelStateError_ThrowsInvalidArgumentsException" computerName="DKSR-EFI-06" duration="00:00:00.0052849" startTime="2024-01-09T15:41:22.9975424+01:00" endTime="2024-01-09T15:41:22.9975424+01:00" testType="13cdc9d9-ddb5-4fa4-a97d-d965ccfc6d4b" outcome="Passed" testListId="8c84fa94-04c1-424b-9868-57a2d4851a1d" relativeResultsDirectory="e18c5558-b71b-4928-85ff-803d0f957732" />
    <UnitTestResult executionId="06ca2784-de19-4991-91c0-9db28774f17d" testId="26714a1a-41f7-451e-82b0-891505fd3754" testName="CreateException_LockedOut_Is_LockedOutException" computerName="DKSR-EFI-06" duration="00:00:00.0001770" startTime="2024-01-09T15:41:27.0444188+01:00" endTime="2024-01-09T15:41:27.0444188+01:00" testType="13cdc9d9-ddb5-4fa4-a97d-d965ccfc6d4b" outcome="Passed" testListId="8c84fa94-04c1-424b-9868-57a2d4851a1d" relativeResultsDirectory="06ca2784-de19-4991-91c0-9db28774f17d" />
    <UnitTestResult executionId="191cb634-ac8b-4e0e-b440-10e7c9342ddb" testId="7ca488d0-3aca-76f1-6559-f9cc58d50a45" testName="Ctor_AddressIsNull_ThrowsArgumentNullException" computerName="DKSR-EFI-06" duration="00:00:00.0161595" startTime="2024-01-09T15:41:19.5287926+01:00" endTime="2024-01-09T15:41:19.5444151+01:00" testType="13cdc9d9-ddb5-4fa4-a97d-d965ccfc6d4b" outcome="Passed" testListId="8c84fa94-04c1-424b-9868-57a2d4851a1d" relativeResultsDirectory="191cb634-ac8b-4e0e-b440-10e7c9342ddb" />
    <UnitTestResult executionId="703609b8-a499-4619-9a7a-bba780fecf86" testId="3ff67faa-d3a0-075c-0c7a-09774bd03583" testName="HandleException_WebException_Status_ProtocolError_ReturnsFalse" computerName="DKSR-EFI-06" duration="00:00:00.0007781" startTime="2024-01-09T15:41:25.6225444+01:00" endTime="2024-01-09T15:41:25.6225444+01:00" testType="13cdc9d9-ddb5-4fa4-a97d-d965ccfc6d4b" outcome="Passed" testListId="8c84fa94-04c1-424b-9868-57a2d4851a1d" relativeResultsDirectory="703609b8-a499-4619-9a7a-bba780fecf86" />
    <UnitTestResult executionId="a80ea700-a53a-4a78-a66b-6997f86c6aad" testId="0c335cba-9d4b-aa04-40ba-337c73bdc2f2" testName="GetEventLogs_ResponseHasOneLog_LogIsReturned" computerName="DKSR-EFI-06" duration="00:00:00.0061521" startTime="2024-01-09T15:41:26.0131688+01:00" endTime="2024-01-09T15:41:26.0131688+01:00" testType="13cdc9d9-ddb5-4fa4-a97d-d965ccfc6d4b" outcome="Passed" testListId="8c84fa94-04c1-424b-9868-57a2d4851a1d" relativeResultsDirectory="a80ea700-a53a-4a78-a66b-6997f86c6aad" />
    <UnitTestResult executionId="73a9cb1e-f1be-4f99-a2bb-d7cc37bc4ace" testId="74b856c2-3b89-4a6f-b0e9-87ceb7b85e0f" testName="ValidateIdpServer_PassMultipleUri_InvalidParam_Null_Throws_ArgumentNullException" computerName="DKSR-EFI-06" duration="00:00:00.0033903" startTime="2024-01-09T15:41:25.2631692+01:00" endTime="2024-01-09T15:41:25.2631692+01:00" testType="13cdc9d9-ddb5-4fa4-a97d-d965ccfc6d4b" outcome="Passed" testListId="8c84fa94-04c1-424b-9868-57a2d4851a1d" relativeResultsDirectory="73a9cb1e-f1be-4f99-a2bb-d7cc37bc4ace" />
    <UnitTestResult executionId="4d38d336-4057-4b33-8bbe-4d0c0c3e0c4f" testId="d5b3be23-e24d-3907-6e80-ddd593570613" testName="Construct_InvalidParam_ClientId_Null_Throws_ArgumentNullException" computerName="DKSR-EFI-06" duration="00:00:00.0005141" startTime="2024-01-09T15:41:26.8881728+01:00" endTime="2024-01-09T15:41:26.8881728+01:00" testType="13cdc9d9-ddb5-4fa4-a97d-d965ccfc6d4b" outcome="Passed" testListId="8c84fa94-04c1-424b-9868-57a2d4851a1d" relativeResultsDirectory="4d38d336-4057-4b33-8bbe-4d0c0c3e0c4f" />
    <UnitTestResult executionId="3553ed4e-2015-408b-b3a5-d937cd673941" testId="2f5d977d-1e91-46c0-f08f-cb953748d3bb" testName="Constructor_NullIdToken_ThrowsArgumentNullException" computerName="DKSR-EFI-06" duration="00:00:00.0005287" startTime="2024-01-09T15:41:25.5912949+01:00" endTime="2024-01-09T15:41:25.5912949+01:00" testType="13cdc9d9-ddb5-4fa4-a97d-d965ccfc6d4b" outcome="Passed" testListId="8c84fa94-04c1-424b-9868-57a2d4851a1d" relativeResultsDirectory="3553ed4e-2015-408b-b3a5-d937cd673941" />
    <UnitTestResult executionId="17df9187-7310-4f24-b2ff-f3fef510a2b6" testId="37cca059-17dd-1ce4-7f7a-261dd96b9c03" testName="HasValidScheme_UriIsNntp_ReturnsTrue" computerName="DKSR-EFI-06" duration="00:00:00.0001796" startTime="2024-01-09T15:41:25.6694212+01:00" endTime="2024-01-09T15:41:25.6694212+01:00" testType="13cdc9d9-ddb5-4fa4-a97d-d965ccfc6d4b" outcome="Passed" testListId="8c84fa94-04c1-424b-9868-57a2d4851a1d" relativeResultsDirectory="17df9187-7310-4f24-b2ff-f3fef510a2b6" />
    <UnitTestResult executionId="34f88695-795b-446e-840e-1a6fd388019a" testId="f37524f4-6178-1300-0d38-772771a42b59" testName="Construct_InvalidParam_ClientIBaseServerUri_PartialUri_Throws_ArgumentException" computerName="DKSR-EFI-06" duration="00:00:00.0006313" startTime="2024-01-09T15:41:26.8881728+01:00" endTime="2024-01-09T15:41:26.8881728+01:00" testType="13cdc9d9-ddb5-4fa4-a97d-d965ccfc6d4b" outcome="Passed" testListId="8c84fa94-04c1-424b-9868-57a2d4851a1d" relativeResultsDirectory="34f88695-795b-446e-840e-1a6fd388019a" />
    <UnitTestResult executionId="9b7c9c15-d918-4207-965e-2870adbd8348" testId="a0775966-a411-1fb9-950c-2214329c5e22" testName="ValidateIdpServer_SimulateValidResponseFromOAuthServer_SecureCheckOnly_WithTimeout_ReturnsHttpsSecureConnection" computerName="DKSR-EFI-06" duration="00:00:00.1977255" startTime="2024-01-09T15:41:25.0600442+01:00" endTime="2024-01-09T15:41:25.2475500+01:00" testType="13cdc9d9-ddb5-4fa4-a97d-d965ccfc6d4b" outcome="Passed" testListId="8c84fa94-04c1-424b-9868-57a2d4851a1d" relativeResultsDirectory="9b7c9c15-d918-4207-965e-2870adbd8348" />
    <UnitTestResult executionId="6747ec03-7a1b-4603-9188-5eee1c86f32f" testId="ee4023a9-7ef5-de07-c4fc-93e795d5baa7" testName="SendRequest_ResponseHasStatusCodeAndCustomIdpError_ThrowCorrectIdpException (400,ConcurrencyFailure,VideoOS.IdentityServer.Common.Exceptions.DefaultErrorException)" computerName="DKSR-EFI-06" duration="00:00:00.0006870" startTime="2024-01-09T15:41:22.9506689+01:00" endTime="2024-01-09T15:41:22.9819219+01:00" testType="13cdc9d9-ddb5-4fa4-a97d-d965ccfc6d4b" outcome="Passed" testListId="8c84fa94-04c1-424b-9868-57a2d4851a1d" relativeResultsDirectory="6747ec03-7a1b-4603-9188-5eee1c86f32f" />
    <UnitTestResult executionId="82857d3c-8a6f-44f6-82c8-e49db1ab656d" testId="fb9a0fbc-d523-38e7-fa29-68166d7c4694" testName="Retrieve_EmptyProvider_ThrowsArgumentNullException" computerName="DKSR-EFI-06" duration="00:00:00.0012596" startTime="2024-01-09T15:41:25.5756675+01:00" endTime="2024-01-09T15:41:25.5756675+01:00" testType="13cdc9d9-ddb5-4fa4-a97d-d965ccfc6d4b" outcome="Passed" testListId="8c84fa94-04c1-424b-9868-57a2d4851a1d" relativeResultsDirectory="82857d3c-8a6f-44f6-82c8-e49db1ab656d" />
    <UnitTestResult executionId="183782ef-a962-41d5-bd09-35b78f100b23" testId="7f76177b-4d84-642e-9bcb-00aa4c931e13" testName="CreateAdmin_AccessTokenIsNull_ThrowArgumentException" computerName="DKSR-EFI-06" duration="00:00:00.0014876" startTime="2024-01-09T15:41:25.9662951+01:00" endTime="2024-01-09T15:41:25.9819193+01:00" testType="13cdc9d9-ddb5-4fa4-a97d-d965ccfc6d4b" outcome="Passed" testListId="8c84fa94-04c1-424b-9868-57a2d4851a1d" relativeResultsDirectory="183782ef-a962-41d5-bd09-35b78f100b23" />
    <UnitTestResult executionId="112cd1e8-e0cf-480d-adcf-41aa0c1d9f07" testId="d807db37-04e4-3703-28e1-c5c109b432e1" testName="GetUserCollection_ResponseHasSuccessfulStatusCode_CorrectRequestUriIsPassedAndUsersAreReturned" computerName="DKSR-EFI-06" duration="00:00:00.0139262" startTime="2024-01-09T15:41:25.8412937+01:00" endTime="2024-01-09T15:41:25.8569202+01:00" testType="13cdc9d9-ddb5-4fa4-a97d-d965ccfc6d4b" outcome="Passed" testListId="8c84fa94-04c1-424b-9868-57a2d4851a1d" relativeResultsDirectory="112cd1e8-e0cf-480d-adcf-41aa0c1d9f07" />
    <UnitTestResult executionId="2744a2fb-49f8-4c5c-9700-a2b58e5b29b3" testId="475ca662-af82-6579-f761-35cb472cb87e" testName="GetUserByName_ParameterIsNull_ThrowArgumentException (abc,)" computerName="DKSR-EFI-06" duration="00:00:00.0002246" startTime="2024-01-09T15:41:25.7006711+01:00" endTime="2024-01-09T15:41:25.7006711+01:00" testType="13cdc9d9-ddb5-4fa4-a97d-d965ccfc6d4b" outcome="Passed" testListId="8c84fa94-04c1-424b-9868-57a2d4851a1d" relativeResultsDirectory="2744a2fb-49f8-4c5c-9700-a2b58e5b29b3" />
    <UnitTestResult executionId="f99bf060-f92c-47fe-af26-e977ff47d47a" testId="2f309615-d38e-60ef-2c2d-0b95ad0a2a62" testName="ValidateToken_MetaDataLoadDelay_MetadataLoadDelayed" computerName="DKSR-EFI-06" duration="00:00:00.0227318" startTime="2024-01-09T15:41:19.5756675+01:00" endTime="2024-01-09T15:41:19.6069156+01:00" testType="13cdc9d9-ddb5-4fa4-a97d-d965ccfc6d4b" outcome="Passed" testListId="8c84fa94-04c1-424b-9868-57a2d4851a1d" relativeResultsDirectory="f99bf060-f92c-47fe-af26-e977ff47d47a" />
    <UnitTestResult executionId="0dc8e5ed-4f4a-46ff-ae29-46abf9ad37a4" testId="6edb9734-0085-61fb-03c0-8905f287bd8a" testName="GetTrustedIssuers_AccessTokenIsNull_ThrowArgumentException" computerName="DKSR-EFI-06" duration="00:00:00.0013780" startTime="2024-01-09T15:41:26.1537963+01:00" endTime="2024-01-09T15:41:26.1537963+01:00" testType="13cdc9d9-ddb5-4fa4-a97d-d965ccfc6d4b" outcome="Passed" testListId="8c84fa94-04c1-424b-9868-57a2d4851a1d" relativeResultsDirectory="0dc8e5ed-4f4a-46ff-ae29-46abf9ad37a4" />
    <UnitTestResult executionId="949cb6b2-6541-4412-8ca1-69d11b39f565" testId="59d00ef5-8a37-2b1f-99b8-740e21e44e72" testName="GetAllValidScopes_ResponseHasSuccessfulStatusCode_ScopesAreReturned" computerName="DKSR-EFI-06" duration="00:00:00.0124365" startTime="2024-01-09T15:41:23.2475433+01:00" endTime="2024-01-09T15:41:23.2631679+01:00" testType="13cdc9d9-ddb5-4fa4-a97d-d965ccfc6d4b" outcome="Passed" testListId="8c84fa94-04c1-424b-9868-57a2d4851a1d" relativeResultsDirectory="949cb6b2-6541-4412-8ca1-69d11b39f565" />
    <UnitTestResult executionId="18016eaf-9979-4587-b743-af6540040510" testId="b357bd63-2bfe-e360-123f-216e041a66f7" testName="GetUsersAfterModifiedDate_AccessTokenNullWithDateTimeNow_ThrowsArgumentException" computerName="DKSR-EFI-06" duration="00:00:00.0038235" startTime="2024-01-09T15:41:26.0600454+01:00" endTime="2024-01-09T15:41:26.0756690+01:00" testType="13cdc9d9-ddb5-4fa4-a97d-d965ccfc6d4b" outcome="Passed" testListId="8c84fa94-04c1-424b-9868-57a2d4851a1d" relativeResultsDirectory="18016eaf-9979-4587-b743-af6540040510" />
    <UnitTestResult executionId="2c06dd92-1f65-4483-937d-60dba1242526" testId="1441b80a-d34b-716a-62ff-daf3315612e2" testName="IsTokenExpired_TokenExpiration_ExpiredReturnTrueNotExpiredReturnFalse (1,False)" computerName="DKSR-EFI-06" duration="00:00:00.0025259" startTime="2024-01-09T15:41:26.9506726+01:00" endTime="2024-01-09T15:41:26.9506726+01:00" testType="13cdc9d9-ddb5-4fa4-a97d-d965ccfc6d4b" outcome="Passed" testListId="8c84fa94-04c1-424b-9868-57a2d4851a1d" relativeResultsDirectory="2c06dd92-1f65-4483-937d-60dba1242526" />
    <UnitTestResult executionId="2937dd1b-bfdc-400d-9007-6f6b0e7db33c" testId="f872f45e-56c6-8ff1-732b-a4f3744612ec" testName="GetAsync_ErrorTypeHttp_DiscoveryResponseIsError" computerName="DKSR-EFI-06" duration="00:00:00.0615607" startTime="2024-01-09T15:41:22.2631683+01:00" endTime="2024-01-09T15:41:22.3256695+01:00" testType="13cdc9d9-ddb5-4fa4-a97d-d965ccfc6d4b" outcome="Passed" testListId="8c84fa94-04c1-424b-9868-57a2d4851a1d" relativeResultsDirectory="2937dd1b-bfdc-400d-9007-6f6b0e7db33c" />
    <UnitTestResult executionId="4d6abe6c-0203-4ac7-a277-86524d6d87e9" testId="219cb226-0982-5e89-b39e-e3df45859861" testName="Constructor_NullClientSettings_ThrowArgumentNullException" computerName="DKSR-EFI-06" duration="00:00:00.0010366" startTime="2024-01-09T15:41:18.6225412+01:00" endTime="2024-01-09T15:41:18.6225412+01:00" testType="13cdc9d9-ddb5-4fa4-a97d-d965ccfc6d4b" outcome="Passed" testListId="8c84fa94-04c1-424b-9868-57a2d4851a1d" relativeResultsDirectory="4d6abe6c-0203-4ac7-a277-86524d6d87e9" />
    <UnitTestResult executionId="81547f14-6bcd-48ae-98de-e09d9ba89316" testId="71d1b4b5-6612-dad9-c0dc-422f4a8a13d1" testName="BuildFullUri_HasUnencodedParts_PartsAreEncoded (a:b?c,a\)" computerName="DKSR-EFI-06" duration="00:00:00.0001080" startTime="2024-01-09T15:41:23.0600428+01:00" endTime="2024-01-09T15:41:23.0600428+01:00" testType="13cdc9d9-ddb5-4fa4-a97d-d965ccfc6d4b" outcome="Passed" testListId="8c84fa94-04c1-424b-9868-57a2d4851a1d" relativeResultsDirectory="81547f14-6bcd-48ae-98de-e09d9ba89316" />
    <UnitTestResult executionId="e00520b4-4997-4ce8-b089-d8a021cdc0f3" testId="a1133c85-1ac8-f2df-7a32-450e86b0c1a8" testName="UpdateUser_UpdateUserModelIsNull_ThrowArgumentNullException" computerName="DKSR-EFI-06" duration="00:00:00.0011818" startTime="2024-01-09T15:41:25.7475460+01:00" endTime="2024-01-09T15:41:25.7475460+01:00" testType="13cdc9d9-ddb5-4fa4-a97d-d965ccfc6d4b" outcome="Passed" testListId="8c84fa94-04c1-424b-9868-57a2d4851a1d" relativeResultsDirectory="e00520b4-4997-4ce8-b089-d8a021cdc0f3" />
    <UnitTestResult executionId="272bdd0b-94ab-45e7-b741-f710b9a63654" testId="4b3a00da-f880-578f-c303-7e5e482337d2" testName="ValidateFasterIdpServerOnBothSchemas_WorkingHttpAddress_ShouldSuccess" computerName="DKSR-EFI-06" startTime="2024-01-09T15:41:23.4506693+01:00" endTime="2024-01-09T15:41:23.4506693+01:00" testType="13cdc9d9-ddb5-4fa4-a97d-d965ccfc6d4b" outcome="NotExecuted" testListId="8c84fa94-04c1-424b-9868-57a2d4851a1d" relativeResultsDirectory="272bdd0b-94ab-45e7-b741-f710b9a63654">
      <Output></Output>
    </UnitTestResult>
    <UnitTestResult executionId="0ef6f167-0841-4743-8f0d-e805db4ebd3f" testId="c010b35c-ca77-152c-97b9-c2d3f6ea7d7d" testName="CreateTrustedIssuer_ResponseHasSuccessfulStatusCode_CorrectRequestUriIsPassed" computerName="DKSR-EFI-06" duration="00:00:00.0100403" startTime="2024-01-09T15:41:26.1225443+01:00" endTime="2024-01-09T15:41:26.1381705+01:00" testType="13cdc9d9-ddb5-4fa4-a97d-d965ccfc6d4b" outcome="Passed" testListId="8c84fa94-04c1-424b-9868-57a2d4851a1d" relativeResultsDirectory="0ef6f167-0841-4743-8f0d-e805db4ebd3f" />
    <UnitTestResult executionId="237d647b-e8f0-4612-baae-01a4b90c3ccf" testId="37bc0dd3-b2de-4f1d-bc0b-a4f0fd76a31b" testName="BeforeSendRequest_ThrowsHttpRequestExceptionWithWebException_ThrowsCommunicationException (RequestProhibitedByProxy)" computerName="DKSR-EFI-06" duration="00:00:00.0002151" startTime="2024-01-09T15:41:26.4194187+01:00" endTime="2024-01-09T15:41:26.4194187+01:00" testType="13cdc9d9-ddb5-4fa4-a97d-d965ccfc6d4b" outcome="Passed" testListId="8c84fa94-04c1-424b-9868-57a2d4851a1d" relativeResultsDirectory="237d647b-e8f0-4612-baae-01a4b90c3ccf" />
    <UnitTestResult executionId="57b87974-2c83-407d-a2b7-c22c37ab413e" testId="2fefd669-00f0-6209-0174-c1ad44273487" testName="Constructor_EmptyToken_ThrowsArgumentNullException" computerName="DKSR-EFI-06" duration="00:00:00.0006692" startTime="2024-01-09T15:41:18.6225412+01:00" endTime="2024-01-09T15:41:18.6225412+01:00" testType="13cdc9d9-ddb5-4fa4-a97d-d965ccfc6d4b" outcome="Passed" testListId="8c84fa94-04c1-424b-9868-57a2d4851a1d" relativeResultsDirectory="57b87974-2c83-407d-a2b7-c22c37ab413e" />
    <UnitTestResult executionId="951d9cc4-cd85-4e0a-ad29-a514acf356ab" testId="8fab2801-8a96-682b-eb75-995f4da50517" testName="DeleteLogin_ParameterIsNull_ThrowArgumentException (,abc,abc)" computerName="DKSR-EFI-06" duration="00:00:00.0015869" startTime="2024-01-09T15:41:25.9506701+01:00" endTime="2024-01-09T15:41:25.9506701+01:00" testType="13cdc9d9-ddb5-4fa4-a97d-d965ccfc6d4b" outcome="Passed" testListId="8c84fa94-04c1-424b-9868-57a2d4851a1d" relativeResultsDirectory="951d9cc4-cd85-4e0a-ad29-a514acf356ab" />
    <UnitTestResult executionId="5bb9c128-73d4-4506-b356-23042f82c3e0" testId="2f8b9abc-1c8d-726a-bc19-fbcf045e42b5" testName="Ctor_AddressIsNull_ThrowsArgumentNullException" computerName="DKSR-EFI-06" duration="00:00:00.0004900" startTime="2024-01-09T15:41:21.3412932+01:00" endTime="2024-01-09T15:41:21.3412932+01:00" testType="13cdc9d9-ddb5-4fa4-a97d-d965ccfc6d4b" outcome="Passed" testListId="8c84fa94-04c1-424b-9868-57a2d4851a1d" relativeResultsDirectory="5bb9c128-73d4-4506-b356-23042f82c3e0" />
    <UnitTestResult executionId="52dea622-cd15-467f-be6a-7079cea52e3c" testId="151a3939-7178-7ca5-04d5-74b2e2ea473d" testName="IdpException_ErrorsProperty_IsAccessible" computerName="DKSR-EFI-06" duration="00:00:00.0001931" startTime="2024-01-09T15:41:27.1225437+01:00" endTime="2024-01-09T15:41:27.1225437+01:00" testType="13cdc9d9-ddb5-4fa4-a97d-d965ccfc6d4b" outcome="Passed" testListId="8c84fa94-04c1-424b-9868-57a2d4851a1d" relativeResultsDirectory="52dea622-cd15-467f-be6a-7079cea52e3c" />
    <UnitTestResult executionId="0e484ff5-b6bf-4a4e-9aff-21e927b19e6d" testId="9cc02e74-38fe-d95c-2cfa-20f9c297a179" testName="BeforeSendRequest_ThrowsHttpRequestExceptionWithWebException_ThrowsCommunicationException (ReceiveFailure)" computerName="DKSR-EFI-06" duration="00:00:00.0002399" startTime="2024-01-09T15:41:26.3725455+01:00" endTime="2024-01-09T15:41:26.3725455+01:00" testType="13cdc9d9-ddb5-4fa4-a97d-d965ccfc6d4b" outcome="Passed" testListId="8c84fa94-04c1-424b-9868-57a2d4851a1d" relativeResultsDirectory="0e484ff5-b6bf-4a4e-9aff-21e927b19e6d" />
    <UnitTestResult executionId="5ab8ad30-ec66-4f05-9706-b3d1cec3ba4d" testId="a9b2f3e1-2fa9-2844-278a-1ff95a3cd450" testName="SendRequest_ResponseHasBadStatusCode_ThrowIdpException (UnsupportedMediaType)" computerName="DKSR-EFI-06" duration="00:00:00.0007624" startTime="2024-01-09T15:41:22.8881687+01:00" endTime="2024-01-09T15:41:22.8881687+01:00" testType="13cdc9d9-ddb5-4fa4-a97d-d965ccfc6d4b" outcome="Passed" testListId="8c84fa94-04c1-424b-9868-57a2d4851a1d" relativeResultsDirectory="5ab8ad30-ec66-4f05-9706-b3d1cec3ba4d" />
    <UnitTestResult executionId="fa1754b7-f3e7-4d68-88de-0c769a58d3bd" testId="46272a5b-6f40-ca49-f0c0-19ef57f507c2" testName="RegisterAuthorizationCodeClientWithToken_AccessTokenIsNull_ThrowArgumentException" computerName="DKSR-EFI-06" duration="00:00:00.0011950" startTime="2024-01-09T15:41:23.2787943+01:00" endTime="2024-01-09T15:41:23.2787943+01:00" testType="13cdc9d9-ddb5-4fa4-a97d-d965ccfc6d4b" outcome="Passed" testListId="8c84fa94-04c1-424b-9868-57a2d4851a1d" relativeResultsDirectory="fa1754b7-f3e7-4d68-88de-0c769a58d3bd" />
    <UnitTestResult executionId="0280deef-1c32-4681-bf70-8deb600ac5d4" testId="6204f013-e7f4-8462-dc2a-44175020e042" testName="ValidateIdpServer_PassMultipleUri_ValidateEachWithoutRepeatingTheValidationOnScheme_Success" computerName="DKSR-EFI-06" duration="00:00:00.2283476" startTime="2024-01-09T15:41:25.2631692+01:00" endTime="2024-01-09T15:41:25.4975430+01:00" testType="13cdc9d9-ddb5-4fa4-a97d-d965ccfc6d4b" outcome="Passed" testListId="8c84fa94-04c1-424b-9868-57a2d4851a1d" relativeResultsDirectory="0280deef-1c32-4681-bf70-8deb600ac5d4" />
    <UnitTestResult executionId="50e213e1-a6aa-4658-957d-a977edb48120" testId="5ab64c0d-21f1-9b5d-4478-84b27fa34b5c" testName="ValidateIdpServer_SimulateValidResponseFromOAuthServer_WithNonStandardPortAndHttpScheme_WithInvalidCertificate" computerName="DKSR-EFI-06" duration="00:00:00.1273080" startTime="2024-01-09T15:41:24.2162961+01:00" endTime="2024-01-09T15:41:24.3412932+01:00" testType="13cdc9d9-ddb5-4fa4-a97d-d965ccfc6d4b" outcome="Passed" testListId="8c84fa94-04c1-424b-9868-57a2d4851a1d" relativeResultsDirectory="50e213e1-a6aa-4658-957d-a977edb48120" />
    <UnitTestResult executionId="9b1d628f-bd1d-4b0d-b63a-340625b90796" testId="9d9108bd-86db-659c-91d4-935425fa020c" testName="SendRequest_ResponseHasStatusCodeAndErrorCode_ThrowCorrectIdpException (400,LockedOut,VideoOS.IdentityServer.Common.Exceptions.LockedOutException)" computerName="DKSR-EFI-06" duration="00:00:00.0008856" startTime="2024-01-09T15:41:22.9819219+01:00" endTime="2024-01-09T15:41:22.9975424+01:00" testType="13cdc9d9-ddb5-4fa4-a97d-d965ccfc6d4b" outcome="Passed" testListId="8c84fa94-04c1-424b-9868-57a2d4851a1d" relativeResultsDirectory="9b1d628f-bd1d-4b0d-b63a-340625b90796" />
    <UnitTestResult executionId="a635559f-fab5-408b-a148-826a1e1cc478" testId="e870aa90-2e02-5dba-b8c8-beea96026546" testName="BeforeSendRequest_ThrowsHttpRequestExceptionWithWebException_ThrowsCommunicationException (RequestCanceled)" computerName="DKSR-EFI-06" duration="00:00:00.0002365" startTime="2024-01-09T15:41:26.3725455+01:00" endTime="2024-01-09T15:41:26.3725455+01:00" testType="13cdc9d9-ddb5-4fa4-a97d-d965ccfc6d4b" outcome="Passed" testListId="8c84fa94-04c1-424b-9868-57a2d4851a1d" relativeResultsDirectory="a635559f-fab5-408b-a148-826a1e1cc478" />
    <UnitTestResult executionId="cc95829e-ae31-4c65-ad6c-1c3b4d7ab9a1" testId="fb000b2f-ab6a-7251-dbe2-b846f6fcbd0e" testName="Authenticate_AuthHeaderHasWrongScheme_ReturnNull" computerName="DKSR-EFI-06" duration="00:00:00.0040135" startTime="2024-01-09T15:41:26.5287972+01:00" endTime="2024-01-09T15:41:26.5444214+01:00" testType="13cdc9d9-ddb5-4fa4-a97d-d965ccfc6d4b" outcome="Passed" testListId="8c84fa94-04c1-424b-9868-57a2d4851a1d" relativeResultsDirectory="cc95829e-ae31-4c65-ad6c-1c3b4d7ab9a1">
      <Output>
        <StdOut>Debug Trace:&#xD;
Incorrect scheme in authorization header. The value was abc, but 'Bearer' was expected.</StdOut>
      </Output>
    </UnitTestResult>
    <UnitTestResult executionId="5a457464-aa2c-42a1-a03c-424b7681bca9" testId="44c7436c-905a-58ad-44f0-0942a51a60c8" testName="Constructor_RequestedScopes_Filtered_by_Supported" computerName="DKSR-EFI-06" duration="00:00:00.0144486" startTime="2024-01-09T15:41:25.5444736+01:00" endTime="2024-01-09T15:41:25.5600465+01:00" testType="13cdc9d9-ddb5-4fa4-a97d-d965ccfc6d4b" outcome="Passed" testListId="8c84fa94-04c1-424b-9868-57a2d4851a1d" relativeResultsDirectory="5a457464-aa2c-42a1-a03c-424b7681bca9" />
    <UnitTestResult executionId="f5fe9ff2-28f8-497b-b5bc-f6bdb082f003" testId="1ad62dd9-f5f4-acc1-288e-32afb8d0c153" testName="ValidateToken_CancellationIsRequested_ThrowOperationCanceledException" computerName="DKSR-EFI-06" duration="00:00:00.0038324" startTime="2024-01-09T15:41:21.4194244+01:00" endTime="2024-01-09T15:41:21.4350426+01:00" testType="13cdc9d9-ddb5-4fa4-a97d-d965ccfc6d4b" outcome="Passed" testListId="8c84fa94-04c1-424b-9868-57a2d4851a1d" relativeResultsDirectory="f5fe9ff2-28f8-497b-b5bc-f6bdb082f003" />
    <UnitTestResult executionId="17d790aa-4b26-4a08-bc13-899e934495f9" testId="576b4205-3800-13a7-aaef-8abb157a3de6" testName="GetUserCollection_QueryParameterIsVariableSize_QueryParameterIsUsedWhenNotTooBig (2049,True)" computerName="DKSR-EFI-06" duration="00:00:00.0027917" startTime="2024-01-09T15:41:25.8725440+01:00" endTime="2024-01-09T15:41:25.8881691+01:00" testType="13cdc9d9-ddb5-4fa4-a97d-d965ccfc6d4b" outcome="Passed" testListId="8c84fa94-04c1-424b-9868-57a2d4851a1d" relativeResultsDirectory="17d790aa-4b26-4a08-bc13-899e934495f9" />
    <UnitTestResult executionId="1d98811e-a795-43c9-be62-8490abaeb954" testId="742536c7-d443-5e0f-b608-8b298fe05c9f" testName="SendRequest_ResponseHasStatusCode404AndNoErrorResponse_ThrowNotFoundException" computerName="DKSR-EFI-06" duration="00:00:00.0037284" startTime="2024-01-09T15:41:23.0131686+01:00" endTime="2024-01-09T15:41:23.0131686+01:00" testType="13cdc9d9-ddb5-4fa4-a97d-d965ccfc6d4b" outcome="Passed" testListId="8c84fa94-04c1-424b-9868-57a2d4851a1d" relativeResultsDirectory="1d98811e-a795-43c9-be62-8490abaeb954" />
    <UnitTestResult executionId="5585b111-c665-4f61-a5f8-4e124e9074e7" testId="80b98953-0430-0651-0920-d07f5f37c65f" testName="RegisterClient_ResponseHasSuccessfulStatusCode_ModelWithSecretIsReturned" computerName="DKSR-EFI-06" duration="00:00:00.0106614" startTime="2024-01-09T15:41:23.2319196+01:00" endTime="2024-01-09T15:41:23.2475433+01:00" testType="13cdc9d9-ddb5-4fa4-a97d-d965ccfc6d4b" outcome="Passed" testListId="8c84fa94-04c1-424b-9868-57a2d4851a1d" relativeResultsDirectory="5585b111-c665-4f61-a5f8-4e124e9074e7" />
    <UnitTestResult executionId="cc3088b3-cfae-4fba-ab08-c0546f1e55b6" testId="83822170-a282-a7f9-81dc-2f08dba999ec" testName="GetEventLogs_NumberToReturnIsOutOfRange_ThrowsArgumentOutOfRangeException (-1)" computerName="DKSR-EFI-06" duration="00:00:00.0015568" startTime="2024-01-09T15:41:26.0600454+01:00" endTime="2024-01-09T15:41:26.0600454+01:00" testType="13cdc9d9-ddb5-4fa4-a97d-d965ccfc6d4b" outcome="Passed" testListId="8c84fa94-04c1-424b-9868-57a2d4851a1d" relativeResultsDirectory="cc3088b3-cfae-4fba-ab08-c0546f1e55b6" />
    <UnitTestResult executionId="052671dc-4bc8-4678-8686-a39f54da5623" testId="d0c7c382-be92-208a-f641-c4a9c109541e" testName="SendRequest_StatusCodeIs400ButJsonIsNotReturned_ThrowDefaultIdpException" computerName="DKSR-EFI-06" duration="00:00:00.0037936" startTime="2024-01-09T15:41:23.0131686+01:00" endTime="2024-01-09T15:41:23.0287940+01:00" testType="13cdc9d9-ddb5-4fa4-a97d-d965ccfc6d4b" outcome="Passed" testListId="8c84fa94-04c1-424b-9868-57a2d4851a1d" relativeResultsDirectory="052671dc-4bc8-4678-8686-a39f54da5623" />
    <UnitTestResult executionId="1e86e1ab-be36-4b02-9e9c-b94c1cb021fb" testId="1bf6f04e-4c48-1505-0d9f-236f2354e6ad" testName="SendRequest_ResponseHasBadStatusCode_ThrowIdpException (InternalServerError)" computerName="DKSR-EFI-06" duration="00:00:00.0008251" startTime="2024-01-09T15:41:22.9037928+01:00" endTime="2024-01-09T15:41:22.9037928+01:00" testType="13cdc9d9-ddb5-4fa4-a97d-d965ccfc6d4b" outcome="Passed" testListId="8c84fa94-04c1-424b-9868-57a2d4851a1d" relativeResultsDirectory="1e86e1ab-be36-4b02-9e9c-b94c1cb021fb" />
    <UnitTestResult executionId="af8e9350-e12a-496c-a3c1-d6e38941552b" testId="04b44c91-ce22-b8f9-2338-b791e3f2bc17" testName="GetEventLogs_ResponseHasSuccessfulStatusCode_CorrectRequestUriIsPassed" computerName="DKSR-EFI-06" duration="00:00:00.0372824" startTime="2024-01-09T15:41:26.0131688+01:00" endTime="2024-01-09T15:41:26.0600454+01:00" testType="13cdc9d9-ddb5-4fa4-a97d-d965ccfc6d4b" outcome="Passed" testListId="8c84fa94-04c1-424b-9868-57a2d4851a1d" relativeResultsDirectory="af8e9350-e12a-496c-a3c1-d6e38941552b" />
    <UnitTestResult executionId="4c2b2113-4c1c-42fd-a9e0-5d2977f37144" testId="ddfbb81c-2b69-a408-6560-2aedf261697f" testName="GetUser_ResponseHasSuccessfulStatusCode_CorrectRequestUriIsPassedAndUserIsReturned" computerName="DKSR-EFI-06" duration="00:00:00.0076457" startTime="2024-01-09T15:41:25.6850447+01:00" endTime="2024-01-09T15:41:25.6850447+01:00" testType="13cdc9d9-ddb5-4fa4-a97d-d965ccfc6d4b" outcome="Passed" testListId="8c84fa94-04c1-424b-9868-57a2d4851a1d" relativeResultsDirectory="4c2b2113-4c1c-42fd-a9e0-5d2977f37144" />
    <UnitTestResult executionId="85da5278-70ce-4e60-adfc-e3f98e594229" testId="4df62476-7918-8981-230a-1c8bcba97842" testName="UserAndDomainName_ThrowsNotSupportedException" computerName="DKSR-EFI-06" duration="00:00:00.0025594" startTime="2024-01-09T15:41:26.9975434+01:00" endTime="2024-01-09T15:41:26.9975434+01:00" testType="13cdc9d9-ddb5-4fa4-a97d-d965ccfc6d4b" outcome="Passed" testListId="8c84fa94-04c1-424b-9868-57a2d4851a1d" relativeResultsDirectory="85da5278-70ce-4e60-adfc-e3f98e594229" />
    <UnitTestResult executionId="a70801e2-4af1-4712-b5d3-01e0ca816116" testId="19645128-e202-44ae-34e1-bebb765d5926" testName="GetClaimValue_IdTokenNotRetrieved_Throws_InvalidOperationException" computerName="DKSR-EFI-06" duration="00:00:00.0012211" startTime="2024-01-09T15:41:26.9662938+01:00" endTime="2024-01-09T15:41:26.9662938+01:00" testType="13cdc9d9-ddb5-4fa4-a97d-d965ccfc6d4b" outcome="Passed" testListId="8c84fa94-04c1-424b-9868-57a2d4851a1d" relativeResultsDirectory="a70801e2-4af1-4712-b5d3-01e0ca816116" />
    <UnitTestResult executionId="9230fb8d-e090-4baf-b48d-31e8104411a4" testId="e0eca9f7-d766-7032-cd66-1fda7415dd68" testName="CreateException_InvalidClient_Is_UnauthorizedException" computerName="DKSR-EFI-06" duration="00:00:00.0001738" startTime="2024-01-09T15:41:27.0444188+01:00" endTime="2024-01-09T15:41:27.0444188+01:00" testType="13cdc9d9-ddb5-4fa4-a97d-d965ccfc6d4b" outcome="Passed" testListId="8c84fa94-04c1-424b-9868-57a2d4851a1d" relativeResultsDirectory="9230fb8d-e090-4baf-b48d-31e8104411a4" />
    <UnitTestResult executionId="338f899c-8865-44fd-a400-6351d52112eb" testId="29f233fd-b25c-9cd4-e1b6-f9fc4d6c9b1b" testName="BeforeSendRequest_ThrowsHttpRequestExceptionWithWebException_ThrowsCommunicationException (PipelineFailure)" computerName="DKSR-EFI-06" duration="00:00:00.0002305" startTime="2024-01-09T15:41:26.3725455+01:00" endTime="2024-01-09T15:41:26.3725455+01:00" testType="13cdc9d9-ddb5-4fa4-a97d-d965ccfc6d4b" outcome="Passed" testListId="8c84fa94-04c1-424b-9868-57a2d4851a1d" relativeResultsDirectory="338f899c-8865-44fd-a400-6351d52112eb" />
    <UnitTestResult executionId="c819df92-1d68-4c2e-861f-c9628b9efcbc" testId="0c88b540-cd14-9945-dfea-9607412205d7" testName="ClientCredentialsAuthenticationAsync_SecretIsNull_ThrowArgumentException" computerName="DKSR-EFI-06" duration="00:00:00.0015604" startTime="2024-01-09T15:41:23.3412971+01:00" endTime="2024-01-09T15:41:23.3412971+01:00" testType="13cdc9d9-ddb5-4fa4-a97d-d965ccfc6d4b" outcome="Passed" testListId="8c84fa94-04c1-424b-9868-57a2d4851a1d" relativeResultsDirectory="c819df92-1d68-4c2e-861f-c9628b9efcbc" />
    <UnitTestResult executionId="9851fba6-30a7-4809-af79-db2b53aa21b3" testId="86ac9b82-99af-2131-da6d-99fa4abd32a6" testName="GetUsersAfterModifiedDate_AccessTokenNullWithUnixTime_ThrowsArgumentNullException" computerName="DKSR-EFI-06" duration="00:00:00.0013576" startTime="2024-01-09T15:41:26.0756690+01:00" endTime="2024-01-09T15:41:26.0756690+01:00" testType="13cdc9d9-ddb5-4fa4-a97d-d965ccfc6d4b" outcome="Passed" testListId="8c84fa94-04c1-424b-9868-57a2d4851a1d" relativeResultsDirectory="9851fba6-30a7-4809-af79-db2b53aa21b3" />
    <UnitTestResult executionId="a09eee82-934e-45de-aec4-a53e598ae666" testId="712a4429-a5d0-f9f8-e944-14b3128417df" testName="Start_StartIsCalled_TokenCacheUpdated" computerName="DKSR-EFI-06" duration="00:00:00.0139241" startTime="2024-01-09T15:41:26.6694190+01:00" endTime="2024-01-09T15:41:26.6850440+01:00" testType="13cdc9d9-ddb5-4fa4-a97d-d965ccfc6d4b" outcome="Passed" testListId="8c84fa94-04c1-424b-9868-57a2d4851a1d" relativeResultsDirectory="a09eee82-934e-45de-aec4-a53e598ae666" />
    <UnitTestResult executionId="b2192481-e80c-4b08-9905-932f40ebd897" testId="668c76c9-4bf1-dcc1-807a-f065424f58ba" testName="SendRequest_ResponseHasBadStatusCode_ThrowIdpException (PreconditionFailed)" computerName="DKSR-EFI-06" duration="00:00:00.0007602" startTime="2024-01-09T15:41:22.8725447+01:00" endTime="2024-01-09T15:41:22.8725447+01:00" testType="13cdc9d9-ddb5-4fa4-a97d-d965ccfc6d4b" outcome="Passed" testListId="8c84fa94-04c1-424b-9868-57a2d4851a1d" relativeResultsDirectory="b2192481-e80c-4b08-9905-932f40ebd897" />
    <UnitTestResult executionId="14e3b3f1-7060-4e8b-abf3-d7c0993878a8" testId="723220bc-f6bc-2344-fd48-d0edbe583623" testName="GetAsync_MultipleSuccessfulResponses_FirstIsReturned" computerName="DKSR-EFI-06" duration="00:00:00.0070381" startTime="2024-01-09T15:41:22.3725441+01:00" endTime="2024-01-09T15:41:22.3725441+01:00" testType="13cdc9d9-ddb5-4fa4-a97d-d965ccfc6d4b" outcome="Passed" testListId="8c84fa94-04c1-424b-9868-57a2d4851a1d" relativeResultsDirectory="14e3b3f1-7060-4e8b-abf3-d7c0993878a8" />
    <UnitTestResult executionId="6f8c1d89-e022-431e-acf8-ebbe6f292b74" testId="c7bbac13-8629-583d-7b7e-ef2d4c387bd4" testName="CreateUser_ResponseHasSuccessfulStatusCode_CorrectRequestUriIsPassedAndUserIsReturned" computerName="DKSR-EFI-06" duration="00:00:00.0112899" startTime="2024-01-09T15:41:25.7319197+01:00" endTime="2024-01-09T15:41:25.7475460+01:00" testType="13cdc9d9-ddb5-4fa4-a97d-d965ccfc6d4b" outcome="Passed" testListId="8c84fa94-04c1-424b-9868-57a2d4851a1d" relativeResultsDirectory="6f8c1d89-e022-431e-acf8-ebbe6f292b74" />
    <UnitTestResult executionId="1a5fd015-d2b4-4878-a12e-0347d9b4d6aa" testId="f15d1485-b568-93f4-d5a1-108ce37ed532" testName="GetTokenResponseAsync_HttpStatusIsNotOk_IdpExceptionIsThrown (VideoOS.IdentityServer.Common.Exceptions.InternalServerErrorException)" computerName="DKSR-EFI-06" duration="00:00:00.0018118" startTime="2024-01-09T15:41:19.4819166+01:00" endTime="2024-01-09T15:41:19.4819166+01:00" testType="13cdc9d9-ddb5-4fa4-a97d-d965ccfc6d4b" outcome="Passed" testListId="8c84fa94-04c1-424b-9868-57a2d4851a1d" relativeResultsDirectory="1a5fd015-d2b4-4878-a12e-0347d9b4d6aa" />
    <UnitTestResult executionId="59aa371d-7dfb-49e3-be67-ad5bd05bc510" testId="3c121194-5cce-c4ca-1fab-08ec04d15250" testName="CreateException_404_Is_NotFoundException" computerName="DKSR-EFI-06" duration="00:00:00.0001880" startTime="2024-01-09T15:41:27.0287958+01:00" endTime="2024-01-09T15:41:27.0287958+01:00" testType="13cdc9d9-ddb5-4fa4-a97d-d965ccfc6d4b" outcome="Passed" testListId="8c84fa94-04c1-424b-9868-57a2d4851a1d" relativeResultsDirectory="59aa371d-7dfb-49e3-be67-ad5bd05bc510" />
    <UnitTestResult executionId="d4219ab6-aef4-4d18-a4ea-5659beec65fb" testId="22b22ab0-28ad-dcc3-3c47-956fecf0f862" testName="SendRequest_StatusCodeIsOk_ReturnDeserializedObject" computerName="DKSR-EFI-06" duration="00:00:00.0053619" startTime="2024-01-09T15:41:23.0287940+01:00" endTime="2024-01-09T15:41:23.0287940+01:00" testType="13cdc9d9-ddb5-4fa4-a97d-d965ccfc6d4b" outcome="Passed" testListId="8c84fa94-04c1-424b-9868-57a2d4851a1d" relativeResultsDirectory="d4219ab6-aef4-4d18-a4ea-5659beec65fb" />
    <UnitTestResult executionId="dacf3707-59b8-460a-912b-7a06c65af18b" testId="359096ac-1baa-97a0-9aac-14ec7cffbe5a" testName="CreateTrustedIssuer_AccessTokenIsNull_ThrowArgumentException" computerName="DKSR-EFI-06" duration="00:00:00.0014841" startTime="2024-01-09T15:41:26.1069188+01:00" endTime="2024-01-09T15:41:26.1225443+01:00" testType="13cdc9d9-ddb5-4fa4-a97d-d965ccfc6d4b" outcome="Passed" testListId="8c84fa94-04c1-424b-9868-57a2d4851a1d" relativeResultsDirectory="dacf3707-59b8-460a-912b-7a06c65af18b" />
    <UnitTestResult executionId="652809a5-3dcc-4d3c-b994-c54fd9c7f8b1" testId="f52b848b-cf3f-47b4-506b-dccb77611ec5" testName="CreateException_NotAllowed_Is_NotAllowedException" computerName="DKSR-EFI-06" duration="00:00:00.0002971" startTime="2024-01-09T15:41:27.0912943+01:00" endTime="2024-01-09T15:41:27.0912943+01:00" testType="13cdc9d9-ddb5-4fa4-a97d-d965ccfc6d4b" outcome="Passed" testListId="8c84fa94-04c1-424b-9868-57a2d4851a1d" relativeResultsDirectory="652809a5-3dcc-4d3c-b994-c54fd9c7f8b1" />
    <UnitTestResult executionId="b34f2644-9a91-4484-a1d2-073d5d1cb397" testId="deca3051-566c-ab49-e061-aefe5abff9fe" testName="CreateException_ArgumentsNotResolved_Is_BadArgumentsException" computerName="DKSR-EFI-06" duration="00:00:00.0002232" startTime="2024-01-09T15:41:27.0912943+01:00" endTime="2024-01-09T15:41:27.0912943+01:00" testType="13cdc9d9-ddb5-4fa4-a97d-d965ccfc6d4b" outcome="Passed" testListId="8c84fa94-04c1-424b-9868-57a2d4851a1d" relativeResultsDirectory="b34f2644-9a91-4484-a1d2-073d5d1cb397" />
    <UnitTestResult executionId="bc44bf3d-0d03-4d05-bafb-9b2e5904c121" testId="99565e95-1a0c-269c-a11f-12a2852883ea" testName="HasValidScheme_UriIsNetTcp_ReturnsTrue" computerName="DKSR-EFI-06" duration="00:00:00.0001742" startTime="2024-01-09T15:41:25.6694212+01:00" endTime="2024-01-09T15:41:25.6694212+01:00" testType="13cdc9d9-ddb5-4fa4-a97d-d965ccfc6d4b" outcome="Passed" testListId="8c84fa94-04c1-424b-9868-57a2d4851a1d" relativeResultsDirectory="bc44bf3d-0d03-4d05-bafb-9b2e5904c121" />
    <UnitTestResult executionId="bd1f5fea-ad6a-4102-9ea3-59bcec0c3654" testId="a195a1f3-7257-7b57-25f5-d869b6864153" testName="CreateException_PasswordRequiresDigit_Is_PasswordNotComplexEnoughException" computerName="DKSR-EFI-06" duration="00:00:00.0002498" startTime="2024-01-09T15:41:27.0600462+01:00" endTime="2024-01-09T15:41:27.0600462+01:00" testType="13cdc9d9-ddb5-4fa4-a97d-d965ccfc6d4b" outcome="Passed" testListId="8c84fa94-04c1-424b-9868-57a2d4851a1d" relativeResultsDirectory="bd1f5fea-ad6a-4102-9ea3-59bcec0c3654" />
    <UnitTestResult executionId="b5cb79a7-e8d5-4826-8cc7-79253a96560d" testId="dc2936a8-a88a-b2cd-9a40-e8ec53aed396" testName="BeforeSendRequest_ThrowsIdentityServerTokenException_ThrowsIdentityServerTokenException" computerName="DKSR-EFI-06" duration="00:00:00.0013326" startTime="2024-01-09T15:41:26.3569227+01:00" endTime="2024-01-09T15:41:26.3569227+01:00" testType="13cdc9d9-ddb5-4fa4-a97d-d965ccfc6d4b" outcome="Passed" testListId="8c84fa94-04c1-424b-9868-57a2d4851a1d" relativeResultsDirectory="b5cb79a7-e8d5-4826-8cc7-79253a96560d" />
    <UnitTestResult executionId="a9f924ca-2dd4-4c6c-8cdf-a43107f151a0" testId="df98ebf9-08c0-e892-4032-ff03288ed21d" testName="ValidateToken_RefreshIntervalReached_NewConfigRetrieved" computerName="DKSR-EFI-06" duration="00:00:00.1271522" startTime="2024-01-09T15:41:21.2162926+01:00" endTime="2024-01-09T15:41:21.3412932+01:00" testType="13cdc9d9-ddb5-4fa4-a97d-d965ccfc6d4b" outcome="Passed" testListId="8c84fa94-04c1-424b-9868-57a2d4851a1d" relativeResultsDirectory="a9f924ca-2dd4-4c6c-8cdf-a43107f151a0" />
    <UnitTestResult executionId="6f5d825c-cbcb-437e-8c37-9fa5400f9c57" testId="270700fa-e78d-d8e5-7de5-4325952fbc65" testName="Ctor_IOpenIdTokenHandlerIsNull_ThrowsArgumentNullException" computerName="DKSR-EFI-06" duration="00:00:00.0521231" startTime="2024-01-09T15:41:26.4350463+01:00" endTime="2024-01-09T15:41:26.4975467+01:00" testType="13cdc9d9-ddb5-4fa4-a97d-d965ccfc6d4b" outcome="Passed" testListId="8c84fa94-04c1-424b-9868-57a2d4851a1d" relativeResultsDirectory="6f5d825c-cbcb-437e-8c37-9fa5400f9c57" />
    <UnitTestResult executionId="d54f2c6c-8761-40f9-839f-10be994add42" testId="851fb875-0294-59e3-54ed-d95f850fb682" testName="DiscoveryClient_Dispose_HttpClientDisposed" computerName="DKSR-EFI-06" duration="00:00:00.0021667" startTime="2024-01-09T15:41:22.3881707+01:00" endTime="2024-01-09T15:41:22.3881707+01:00" testType="13cdc9d9-ddb5-4fa4-a97d-d965ccfc6d4b" outcome="Passed" testListId="8c84fa94-04c1-424b-9868-57a2d4851a1d" relativeResultsDirectory="d54f2c6c-8761-40f9-839f-10be994add42" />
    <UnitTestResult executionId="ffc2651a-8152-46c4-add0-eb5c3ec6f14d" testId="83028242-f49c-fe61-01aa-89f0e3669d5d" testName="BeforeSendRequest_ThrowsHttpRequestExceptionWithWebException_ThrowsCommunicationException (ConnectionClosed)" computerName="DKSR-EFI-06" duration="00:00:00.0002236" startTime="2024-01-09T15:41:26.3881710+01:00" endTime="2024-01-09T15:41:26.3881710+01:00" testType="13cdc9d9-ddb5-4fa4-a97d-d965ccfc6d4b" outcome="Passed" testListId="8c84fa94-04c1-424b-9868-57a2d4851a1d" relativeResultsDirectory="ffc2651a-8152-46c4-add0-eb5c3ec6f14d" />
    <UnitTestResult executionId="f6f7a732-aacf-4656-a1a6-7d5a747deb6c" testId="da2a4482-8679-bf21-379a-ba675bbae9ad" testName="DeleteUser_ParameterIsNull_ThrowArgumentException (,abc)" computerName="DKSR-EFI-06" duration="00:00:00.0015883" startTime="2024-01-09T15:41:25.8100449+01:00" endTime="2024-01-09T15:41:25.8100449+01:00" testType="13cdc9d9-ddb5-4fa4-a97d-d965ccfc6d4b" outcome="Passed" testListId="8c84fa94-04c1-424b-9868-57a2d4851a1d" relativeResultsDirectory="f6f7a732-aacf-4656-a1a6-7d5a747deb6c" />
    <UnitTestResult executionId="22e3a3f0-9526-4c84-94e9-79caf2814bfd" testId="e1a7c90b-842f-6747-d414-96d35e63ecce" testName="RegisterAuthorizationCodeClientWithToken_RedirectUrisIsEmpty_ThrowArgumentException" computerName="DKSR-EFI-06" duration="00:00:00.0011842" startTime="2024-01-09T15:41:23.2944184+01:00" endTime="2024-01-09T15:41:23.2944184+01:00" testType="13cdc9d9-ddb5-4fa4-a97d-d965ccfc6d4b" outcome="Passed" testListId="8c84fa94-04c1-424b-9868-57a2d4851a1d" relativeResultsDirectory="22e3a3f0-9526-4c84-94e9-79caf2814bfd" />
    <UnitTestResult executionId="797c2c37-ece9-42ae-a919-53caa00fa0b8" testId="11a7072a-d21b-7c2a-b062-98fe08e0c6dd" testName="HandleException_InnerException_WebException_Status_ConnectionClosed_ReturnsTrue" computerName="DKSR-EFI-06" duration="00:00:00.0001981" startTime="2024-01-09T15:41:25.6225444+01:00" endTime="2024-01-09T15:41:25.6225444+01:00" testType="13cdc9d9-ddb5-4fa4-a97d-d965ccfc6d4b" outcome="Passed" testListId="8c84fa94-04c1-424b-9868-57a2d4851a1d" relativeResultsDirectory="797c2c37-ece9-42ae-a919-53caa00fa0b8" />
    <UnitTestResult executionId="4b4829f8-cb10-4347-b218-6253e79578b0" testId="ecc460ca-dce5-f2c1-27e1-c58351216caa" testName="BeforeSendRequest_ThrowsHttpRequestExceptionWithWebException_ThrowsCommunicationException (TrustFailure)" computerName="DKSR-EFI-06" duration="00:00:00.0003703" startTime="2024-01-09T15:41:26.3881710+01:00" endTime="2024-01-09T15:41:26.3881710+01:00" testType="13cdc9d9-ddb5-4fa4-a97d-d965ccfc6d4b" outcome="Passed" testListId="8c84fa94-04c1-424b-9868-57a2d4851a1d" relativeResultsDirectory="4b4829f8-cb10-4347-b218-6253e79578b0" />
    <UnitTestResult executionId="7cf1a833-02db-4ec1-a8c5-5e1773b8dd5c" testId="bd6e2c82-85dd-8f11-260e-d6592f779064" testName="Construct_InvalidIHttpGet_Null_Throws_ArgumentNullException" computerName="DKSR-EFI-06" duration="00:00:00.0024092" startTime="2024-01-09T15:41:23.4662936+01:00" endTime="2024-01-09T15:41:23.4662936+01:00" testType="13cdc9d9-ddb5-4fa4-a97d-d965ccfc6d4b" outcome="Passed" testListId="8c84fa94-04c1-424b-9868-57a2d4851a1d" relativeResultsDirectory="7cf1a833-02db-4ec1-a8c5-5e1773b8dd5c" />
    <UnitTestResult executionId="032f7006-7e7d-4669-923e-e63baddd2136" testId="003ec38a-6be6-40fe-fb76-841c13807019" testName="ValidateIdpServer_SimulateValidResponseFromOAuthServer_WithValidCertificate_UsingFtpScheme_Success" computerName="DKSR-EFI-06" duration="00:00:00.0023289" startTime="2024-01-09T15:41:25.2631692+01:00" endTime="2024-01-09T15:41:25.2631692+01:00" testType="13cdc9d9-ddb5-4fa4-a97d-d965ccfc6d4b" outcome="Passed" testListId="8c84fa94-04c1-424b-9868-57a2d4851a1d" relativeResultsDirectory="032f7006-7e7d-4669-923e-e63baddd2136" />
    <UnitTestResult executionId="a338e13c-0454-4590-b939-db952c1a4d61" testId="e83a59b5-7762-fd63-39f4-c2a7432224a0" testName="Authenticate_AuthHeaderHasCorrectScheme_TokenIsValidatedAndClaimsPrincipalIsReturned" computerName="DKSR-EFI-06" duration="00:00:00.0068694" startTime="2024-01-09T15:41:26.5600872+01:00" endTime="2024-01-09T15:41:26.5600872+01:00" testType="13cdc9d9-ddb5-4fa4-a97d-d965ccfc6d4b" outcome="Passed" testListId="8c84fa94-04c1-424b-9868-57a2d4851a1d" relativeResultsDirectory="a338e13c-0454-4590-b939-db952c1a4d61" />
    <UnitTestResult executionId="f2adbad5-586b-4e2e-ab7e-afa67287f016" testId="feea589f-edbd-d65f-71e5-4e5f6aa59dc1" testName="GetTrustedIssuer_AccessTokenIsNull_ThrowArgumentException" computerName="DKSR-EFI-06" duration="00:00:00.0012736" startTime="2024-01-09T15:41:26.1381705+01:00" endTime="2024-01-09T15:41:26.1381705+01:00" testType="13cdc9d9-ddb5-4fa4-a97d-d965ccfc6d4b" outcome="Passed" testListId="8c84fa94-04c1-424b-9868-57a2d4851a1d" relativeResultsDirectory="f2adbad5-586b-4e2e-ab7e-afa67287f016" />
    <UnitTestResult executionId="7c1e318e-b0ce-47f6-bfed-f5e9b8f9b4d0" testId="9e519774-75c3-0938-a5ac-c98cb0ed4a6d" testName="GetUserCollection_AccessTokenIsNull_ThrowArgumentException" computerName="DKSR-EFI-06" duration="00:00:00.0029156" startTime="2024-01-09T15:41:25.8258521+01:00" endTime="2024-01-09T15:41:25.8258521+01:00" testType="13cdc9d9-ddb5-4fa4-a97d-d965ccfc6d4b" outcome="Passed" testListId="8c84fa94-04c1-424b-9868-57a2d4851a1d" relativeResultsDirectory="7c1e318e-b0ce-47f6-bfed-f5e9b8f9b4d0" />
    <UnitTestResult executionId="19ab9a90-93f1-40cc-894e-7ee85e37bd4c" testId="1eb96942-90b7-e230-1cfa-7966bc14fec4" testName="GetTokenResponseAsync_TokenHandlerDisposedBeforeCall_ObjectDisposedException" computerName="DKSR-EFI-06" duration="00:00:00.0109094" startTime="2024-01-09T15:41:19.4038696+01:00" endTime="2024-01-09T15:41:19.4194182+01:00" testType="13cdc9d9-ddb5-4fa4-a97d-d965ccfc6d4b" outcome="Passed" testListId="8c84fa94-04c1-424b-9868-57a2d4851a1d" relativeResultsDirectory="19ab9a90-93f1-40cc-894e-7ee85e37bd4c" />
    <UnitTestResult executionId="816249ab-5cc6-4d73-a0b2-db6f2be4ff60" testId="4049cd8f-4722-f786-6675-c96c049dafca" testName="HandleException_UnexpectedExceptionType_ReturnsFalse" computerName="DKSR-EFI-06" duration="00:00:00.0001372" startTime="2024-01-09T15:41:25.6381669+01:00" endTime="2024-01-09T15:41:25.6381669+01:00" testType="13cdc9d9-ddb5-4fa4-a97d-d965ccfc6d4b" outcome="Passed" testListId="8c84fa94-04c1-424b-9868-57a2d4851a1d" relativeResultsDirectory="816249ab-5cc6-4d73-a0b2-db6f2be4ff60" />
    <UnitTestResult executionId="214e1a05-dadb-4fa8-aa6a-206bc51192d7" testId="2ee7e566-cb75-fc37-6701-6a6ccb41d168" testName="Constructor_NullSupportedScopes_ThrowsArgumentNullException" computerName="DKSR-EFI-06" duration="00:00:00.0006732" startTime="2024-01-09T15:41:25.5444736+01:00" endTime="2024-01-09T15:41:25.5444736+01:00" testType="13cdc9d9-ddb5-4fa4-a97d-d965ccfc6d4b" outcome="Passed" testListId="8c84fa94-04c1-424b-9868-57a2d4851a1d" relativeResultsDirectory="214e1a05-dadb-4fa8-aa6a-206bc51192d7" />
    <UnitTestResult executionId="2353c053-a84c-4a9d-aaf9-bcdb7bf7d212" testId="4d922aac-d29d-5603-d614-ad2e17cb5ae6" testName="IdpTokenClient_DefaultNetworksCredentialsAsCredentials_HttpClientConfiguredToUseDefualtCredentials" computerName="DKSR-EFI-06" duration="00:00:00.0022448" startTime="2024-01-09T15:41:23.4194187+01:00" endTime="2024-01-09T15:41:23.4194187+01:00" testType="13cdc9d9-ddb5-4fa4-a97d-d965ccfc6d4b" outcome="Passed" testListId="8c84fa94-04c1-424b-9868-57a2d4851a1d" relativeResultsDirectory="2353c053-a84c-4a9d-aaf9-bcdb7bf7d212" />
    <UnitTestResult executionId="adf767cf-d541-4912-a360-ec49620abdd3" testId="18cc13e9-00f7-9f54-e05b-755de4a3190e" testName="SendRequest_ResponseHasBadStatusCode_ThrowIdpException (NotAcceptable)" computerName="DKSR-EFI-06" duration="00:00:00.0007553" startTime="2024-01-09T15:41:22.8412921+01:00" endTime="2024-01-09T15:41:22.8412921+01:00" testType="13cdc9d9-ddb5-4fa4-a97d-d965ccfc6d4b" outcome="Passed" testListId="8c84fa94-04c1-424b-9868-57a2d4851a1d" relativeResultsDirectory="adf767cf-d541-4912-a360-ec49620abdd3" />
    <UnitTestResult executionId="61dec48d-c129-4e2c-b926-2978644c18ec" testId="0bc42d33-b32e-50ec-eba2-c1ef80d71cc4" testName="CreateAdmin_ResponseHasSuccessfulStatusCode_CorrectRequestUriIsPassed" computerName="DKSR-EFI-06" duration="00:00:00.0070168" startTime="2024-01-09T15:41:25.9819193+01:00" endTime="2024-01-09T15:41:25.9819193+01:00" testType="13cdc9d9-ddb5-4fa4-a97d-d965ccfc6d4b" outcome="Passed" testListId="8c84fa94-04c1-424b-9868-57a2d4851a1d" relativeResultsDirectory="61dec48d-c129-4e2c-b926-2978644c18ec" />
    <UnitTestResult executionId="06bc6361-e61d-4ef3-814c-e83dca4a9f86" testId="02022d21-40cd-3c83-07fb-845b28c8719d" testName="Construct_WithHttpError_ResponseWithStatusCode" computerName="DKSR-EFI-06" duration="00:00:00.0036318" startTime="2024-01-09T15:41:22.2475439+01:00" endTime="2024-01-09T15:41:22.2475439+01:00" testType="13cdc9d9-ddb5-4fa4-a97d-d965ccfc6d4b" outcome="Passed" testListId="8c84fa94-04c1-424b-9868-57a2d4851a1d" relativeResultsDirectory="06bc6361-e61d-4ef3-814c-e83dca4a9f86" />
    <UnitTestResult executionId="91b559e9-4cbb-4a70-bf17-6583b91e1a90" testId="95c412a3-338e-b711-9f7f-79585ecc287b" testName="SendRequest_ResponseHasBadStatusCode_ThrowIdpException (Forbidden)" computerName="DKSR-EFI-06" duration="00:00:00.0009599" startTime="2024-01-09T15:41:22.8412921+01:00" endTime="2024-01-09T15:41:22.8412921+01:00" testType="13cdc9d9-ddb5-4fa4-a97d-d965ccfc6d4b" outcome="Passed" testListId="8c84fa94-04c1-424b-9868-57a2d4851a1d" relativeResultsDirectory="91b559e9-4cbb-4a70-bf17-6583b91e1a90" />
    <UnitTestResult executionId="fb49d354-bed0-4c61-a4a8-377cc9947616" testId="e7af6fc8-165d-9f9b-7acd-68ce9f4566a5" testName="UpdateUser_IdIsNull_ThrowArgumentException" computerName="DKSR-EFI-06" duration="00:00:00.0010930" startTime="2024-01-09T15:41:25.7475460+01:00" endTime="2024-01-09T15:41:25.7475460+01:00" testType="13cdc9d9-ddb5-4fa4-a97d-d965ccfc6d4b" outcome="Passed" testListId="8c84fa94-04c1-424b-9868-57a2d4851a1d" relativeResultsDirectory="fb49d354-bed0-4c61-a4a8-377cc9947616" />
    <UnitTestResult executionId="7345db5f-e412-4d91-8626-f0f2b5127a1c" testId="ca7d5be2-14df-0b62-6b71-5f58bc8ff588" testName="HasValidScheme_UriIsNews_ReturnsTrue" computerName="DKSR-EFI-06" duration="00:00:00.0001990" startTime="2024-01-09T15:41:25.6694212+01:00" endTime="2024-01-09T15:41:25.6694212+01:00" testType="13cdc9d9-ddb5-4fa4-a97d-d965ccfc6d4b" outcome="Passed" testListId="8c84fa94-04c1-424b-9868-57a2d4851a1d" relativeResultsDirectory="7345db5f-e412-4d91-8626-f0f2b5127a1c" />
    <UnitTestResult executionId="47cece93-523d-4b1e-81c8-e2de4788f00e" testId="ee4023a9-7ef5-de07-c4fc-93e795d5baa7" testName="SendRequest_ResponseHasStatusCodeAndCustomIdpError_ThrowCorrectIdpException (400,DefaultError,VideoOS.IdentityServer.Common.Exceptions.DefaultErrorException)" computerName="DKSR-EFI-06" duration="00:00:00.0009278" startTime="2024-01-09T15:41:22.9506689+01:00" endTime="2024-01-09T15:41:22.9819219+01:00" testType="13cdc9d9-ddb5-4fa4-a97d-d965ccfc6d4b" outcome="Passed" testListId="8c84fa94-04c1-424b-9868-57a2d4851a1d" relativeResultsDirectory="47cece93-523d-4b1e-81c8-e2de4788f00e" />
    <UnitTestResult executionId="53096577-a46e-41a7-b07b-dbc496e1a2cc" testId="8e4a546d-0fa7-5997-2d4c-127c6b639168" testName="ValidateIdpServer_SimulateValidResponseFromOAuthServer_WithValidCertificateAndUserPort_ReturnsHttpsSecureConnection" computerName="DKSR-EFI-06" duration="00:00:00.1334631" startTime="2024-01-09T15:41:24.3412932+01:00" endTime="2024-01-09T15:41:24.4819198+01:00" testType="13cdc9d9-ddb5-4fa4-a97d-d965ccfc6d4b" outcome="Passed" testListId="8c84fa94-04c1-424b-9868-57a2d4851a1d" relativeResultsDirectory="53096577-a46e-41a7-b07b-dbc496e1a2cc" />
    <UnitTestResult executionId="423fdd2e-3520-48cf-9409-4cf512a7ef78" testId="0f27abe8-3384-6920-a039-76a637899eb2" testName="Construct_UsesLargeCustomTimeout_Success" computerName="DKSR-EFI-06" duration="00:00:00.0001532" startTime="2024-01-09T15:41:25.5131705+01:00" endTime="2024-01-09T15:41:25.5131705+01:00" testType="13cdc9d9-ddb5-4fa4-a97d-d965ccfc6d4b" outcome="Passed" testListId="8c84fa94-04c1-424b-9868-57a2d4851a1d" relativeResultsDirectory="423fdd2e-3520-48cf-9409-4cf512a7ef78" />
    <UnitTestResult executionId="c280cae4-cd91-40bf-b2d5-008f28e4499c" testId="0316908d-df3c-838f-613a-29a95694fc11" testName="SendRequest_ResponseHasBadStatusCode_ThrowIdpException (Gone)" computerName="DKSR-EFI-06" duration="00:00:00.0008321" startTime="2024-01-09T15:41:22.8725447+01:00" endTime="2024-01-09T15:41:22.8725447+01:00" testType="13cdc9d9-ddb5-4fa4-a97d-d965ccfc6d4b" outcome="Passed" testListId="8c84fa94-04c1-424b-9868-57a2d4851a1d" relativeResultsDirectory="c280cae4-cd91-40bf-b2d5-008f28e4499c" />
    <UnitTestResult executionId="67a26dbd-4264-4dd5-a85b-9b3667a54bda" testId="aceed3fe-4ee0-3f07-6d4b-e9ae24c2527d" testName="Constructor_EmptyIdToken_ThrowsArgumentNullException" computerName="DKSR-EFI-06" duration="00:00:00.0005659" startTime="2024-01-09T15:41:25.6070390+01:00" endTime="2024-01-09T15:41:25.6070390+01:00" testType="13cdc9d9-ddb5-4fa4-a97d-d965ccfc6d4b" outcome="Passed" testListId="8c84fa94-04c1-424b-9868-57a2d4851a1d" relativeResultsDirectory="67a26dbd-4264-4dd5-a85b-9b3667a54bda" />
    <UnitTestResult executionId="7ab395b6-b1c4-4fbf-b891-332ad5648106" testId="3dc13ed3-005d-7721-2c63-eb85486517c8" testName="GetAsync_ErrorTypeAggregateException_ExceptionMessageFromInner" computerName="DKSR-EFI-06" duration="00:00:00.0031322" startTime="2024-01-09T15:41:22.3256695+01:00" endTime="2024-01-09T15:41:22.3412910+01:00" testType="13cdc9d9-ddb5-4fa4-a97d-d965ccfc6d4b" outcome="Passed" testListId="8c84fa94-04c1-424b-9868-57a2d4851a1d" relativeResultsDirectory="7ab395b6-b1c4-4fbf-b891-332ad5648106" />
    <UnitTestResult executionId="b0e9c924-8bcc-4cad-8ff8-a1bd250c0b02" testId="78041a23-7bf7-db78-694f-dcf00358b174" testName="HandleException_IdentityServerTokenException_ReturnsTrue" computerName="DKSR-EFI-06" duration="00:00:00.0002573" startTime="2024-01-09T15:41:25.6225444+01:00" endTime="2024-01-09T15:41:25.6225444+01:00" testType="13cdc9d9-ddb5-4fa4-a97d-d965ccfc6d4b" outcome="Passed" testListId="8c84fa94-04c1-424b-9868-57a2d4851a1d" relativeResultsDirectory="b0e9c924-8bcc-4cad-8ff8-a1bd250c0b02" />
    <UnitTestResult executionId="96e92571-6e8d-45b7-b61a-d2da17af7f9c" testId="ee4023a9-7ef5-de07-c4fc-93e795d5baa7" testName="SendRequest_ResponseHasStatusCodeAndCustomIdpError_ThrowCorrectIdpException (400,PasswordRequiresNonAlphanumeric,VideoOS.IdentityServer.Common.Exceptions.PasswordNotComplexEnoughException)" computerName="DKSR-EFI-06" duration="00:00:00.0007556" startTime="2024-01-09T15:41:22.9506689+01:00" endTime="2024-01-09T15:41:22.9819219+01:00" testType="13cdc9d9-ddb5-4fa4-a97d-d965ccfc6d4b" outcome="Passed" testListId="8c84fa94-04c1-424b-9868-57a2d4851a1d" relativeResultsDirectory="96e92571-6e8d-45b7-b61a-d2da17af7f9c" />
    <UnitTestResult executionId="f5a7d29d-8594-4ffc-a7fe-20f65962d096" testId="f15d1485-b568-93f4-d5a1-108ce37ed532" testName="GetTokenResponseAsync_HttpStatusIsNotOk_IdpExceptionIsThrown (VideoOS.IdentityServer.Common.Exceptions.UnauthorizedException)" computerName="DKSR-EFI-06" duration="00:00:00.0050440" startTime="2024-01-09T15:41:19.4819166+01:00" endTime="2024-01-09T15:41:19.4819166+01:00" testType="13cdc9d9-ddb5-4fa4-a97d-d965ccfc6d4b" outcome="Passed" testListId="8c84fa94-04c1-424b-9868-57a2d4851a1d" relativeResultsDirectory="f5a7d29d-8594-4ffc-a7fe-20f65962d096" />
    <UnitTestResult executionId="285303fe-e1d3-4642-b802-2665f032432a" testId="a22a5490-f8cc-bbba-c479-58ecdc58c38a" testName="ValidateToken_SignatureKeyNotFound_RefreshRequested" computerName="DKSR-EFI-06" duration="00:00:00.2579397" startTime="2024-01-09T15:41:21.4819213+01:00" endTime="2024-01-09T15:41:21.7319209+01:00" testType="13cdc9d9-ddb5-4fa4-a97d-d965ccfc6d4b" outcome="Passed" testListId="8c84fa94-04c1-424b-9868-57a2d4851a1d" relativeResultsDirectory="285303fe-e1d3-4642-b802-2665f032432a" />
    <UnitTestResult executionId="2fb68ec3-0f81-4229-a3b9-46c167afb205" testId="a52b94e3-f309-9a3e-47e5-d2dd4e4b19fa" testName="IsTokenExpired_TokenExpiration_ExpiredReturnTrueNotExpiredReturnFalse (1,False)" computerName="DKSR-EFI-06" duration="00:00:00.0025585" startTime="2024-01-09T15:41:26.7631697+01:00" endTime="2024-01-09T15:41:26.7787949+01:00" testType="13cdc9d9-ddb5-4fa4-a97d-d965ccfc6d4b" outcome="Passed" testListId="8c84fa94-04c1-424b-9868-57a2d4851a1d" relativeResultsDirectory="2fb68ec3-0f81-4229-a3b9-46c167afb205" />
    <UnitTestResult executionId="6244a42c-b3bb-4dc8-83dc-34995b1ab85b" testId="1123588b-584b-06b7-cbdb-e5cf3ec64afc" testName="ValidateIdpServer_SimulateValidResponseFromOAuthServer_UnsecureCheckOnly_WithTimeout_ReturnsHttpsSecureConnection" computerName="DKSR-EFI-06" duration="00:00:00.1365686" startTime="2024-01-09T15:41:24.9194179+01:00" endTime="2024-01-09T15:41:25.0600442+01:00" testType="13cdc9d9-ddb5-4fa4-a97d-d965ccfc6d4b" outcome="Passed" testListId="8c84fa94-04c1-424b-9868-57a2d4851a1d" relativeResultsDirectory="6244a42c-b3bb-4dc8-83dc-34995b1ab85b" />
    <UnitTestResult executionId="4ffa039b-2a0c-43ee-b634-1d159b455636" testId="2607a5e2-638f-a022-bdc9-d6d4d15539fb" testName="BeforeSendRequest_ThrowsHttpRequestExceptionWithWebException_ThrowsCommunicationException (MessageLengthLimitExceeded)" computerName="DKSR-EFI-06" duration="00:00:00.0002347" startTime="2024-01-09T15:41:26.4037953+01:00" endTime="2024-01-09T15:41:26.4037953+01:00" testType="13cdc9d9-ddb5-4fa4-a97d-d965ccfc6d4b" outcome="Passed" testListId="8c84fa94-04c1-424b-9868-57a2d4851a1d" relativeResultsDirectory="4ffa039b-2a0c-43ee-b634-1d159b455636" />
    <UnitTestResult executionId="9aba857f-090c-483b-ab10-8343ef21f084" testId="164af1fb-8ab7-de87-8f12-29fc40e9bd15" testName="DeleteAdmin_ResponseHasSuccessfulStatusCode_CorrectRequestUriIsPassed" computerName="DKSR-EFI-06" duration="00:00:00.0063295" startTime="2024-01-09T15:41:25.9975436+01:00" endTime="2024-01-09T15:41:25.9975436+01:00" testType="13cdc9d9-ddb5-4fa4-a97d-d965ccfc6d4b" outcome="Passed" testListId="8c84fa94-04c1-424b-9868-57a2d4851a1d" relativeResultsDirectory="9aba857f-090c-483b-ab10-8343ef21f084" />
    <UnitTestResult executionId="3070fac6-b131-4829-b6ba-9bf0068cb9cc" testId="14d66e4b-1cea-10ac-2eb5-4a21e27a1337" testName="IsTokenExpired_TokenExpiration_ExpiredReturnTrueNotExpiredReturnFalse (-1,True)" computerName="DKSR-EFI-06" duration="00:00:00.0005490" startTime="2024-01-09T15:41:26.7787949+01:00" endTime="2024-01-09T15:41:26.7787949+01:00" testType="13cdc9d9-ddb5-4fa4-a97d-d965ccfc6d4b" outcome="Passed" testListId="8c84fa94-04c1-424b-9868-57a2d4851a1d" relativeResultsDirectory="3070fac6-b131-4829-b6ba-9bf0068cb9cc" />
    <UnitTestResult executionId="fb69cb25-e2db-4be1-82ea-313587197b00" testId="44b2dbc1-f234-0a4c-b38c-97497c832d58" testName="BeforeSendRequest_ThrowsHttpRequestExceptionWithWebException_ThrowsCommunicationException (KeepAliveFailure)" computerName="DKSR-EFI-06" duration="00:00:00.0002207" startTime="2024-01-09T15:41:26.3881710+01:00" endTime="2024-01-09T15:41:26.4037953+01:00" testType="13cdc9d9-ddb5-4fa4-a97d-d965ccfc6d4b" outcome="Passed" testListId="8c84fa94-04c1-424b-9868-57a2d4851a1d" relativeResultsDirectory="fb69cb25-e2db-4be1-82ea-313587197b00" />
    <UnitTestResult executionId="48668d4c-edcc-4339-a1c9-91be8d00b876" testId="4988c4a8-a7df-3551-56c3-3fad77d98b4a" testName="Construct_ValidateTimeoutSentToSslVerification_SpecifyTimeout_Success" computerName="DKSR-EFI-06" duration="00:00:00.0002708" startTime="2024-01-09T15:41:23.4662936+01:00" endTime="2024-01-09T15:41:23.4662936+01:00" testType="13cdc9d9-ddb5-4fa4-a97d-d965ccfc6d4b" outcome="Passed" testListId="8c84fa94-04c1-424b-9868-57a2d4851a1d" relativeResultsDirectory="48668d4c-edcc-4339-a1c9-91be8d00b876" />
    <UnitTestResult executionId="1b3761ba-9733-4310-82b4-e8f8206aaf46" testId="43ee071b-dfe1-26fb-3267-1ba3aa8a0a7a" testName="CreateException_InvalidUserName_Is_InvalidNameException" computerName="DKSR-EFI-06" duration="00:00:00.0002791" startTime="2024-01-09T15:41:27.0600462+01:00" endTime="2024-01-09T15:41:27.0600462+01:00" testType="13cdc9d9-ddb5-4fa4-a97d-d965ccfc6d4b" outcome="Passed" testListId="8c84fa94-04c1-424b-9868-57a2d4851a1d" relativeResultsDirectory="1b3761ba-9733-4310-82b4-e8f8206aaf46" />
    <UnitTestResult executionId="05a3c73c-4dcf-4a38-9084-5d3ea708f667" testId="9ef64bea-8c17-ab0b-0aa2-a889a448670e" testName="ValidateIdpServer_WorkingHttpAddress_ShouldSuccess" computerName="DKSR-EFI-06" startTime="2024-01-09T15:41:23.4350450+01:00" endTime="2024-01-09T15:41:23.4350450+01:00" testType="13cdc9d9-ddb5-4fa4-a97d-d965ccfc6d4b" outcome="NotExecuted" testListId="8c84fa94-04c1-424b-9868-57a2d4851a1d" relativeResultsDirectory="05a3c73c-4dcf-4a38-9084-5d3ea708f667">
      <Output></Output>
    </UnitTestResult>
    <UnitTestResult executionId="7ce58a43-41a7-42f6-b792-ce517e73b650" testId="07860993-0a42-4d7c-0b94-185b0186e197" testName="SendRequest_ResponseHasBadStatusCode_ThrowIdpException (NotImplemented)" computerName="DKSR-EFI-06" duration="00:00:00.0009482" startTime="2024-01-09T15:41:22.9350408+01:00" endTime="2024-01-09T15:41:22.9350408+01:00" testType="13cdc9d9-ddb5-4fa4-a97d-d965ccfc6d4b" outcome="Passed" testListId="8c84fa94-04c1-424b-9868-57a2d4851a1d" relativeResultsDirectory="7ce58a43-41a7-42f6-b792-ce517e73b650" />
    <UnitTestResult executionId="73aee4f2-ed75-47db-bad3-84bc14f18f7f" testId="76a3eda6-3598-ebb2-6b10-983e4fde7476" testName="WindowsAuthenticationAsync_StatusCodeOk_TokenResponseWithTokenIsReturned" computerName="DKSR-EFI-06" duration="00:00:00.0046668" startTime="2024-01-09T15:41:23.3725441+01:00" endTime="2024-01-09T15:41:23.3881693+01:00" testType="13cdc9d9-ddb5-4fa4-a97d-d965ccfc6d4b" outcome="Passed" testListId="8c84fa94-04c1-424b-9868-57a2d4851a1d" relativeResultsDirectory="73aee4f2-ed75-47db-bad3-84bc14f18f7f" />
    <UnitTestResult executionId="aad2bb76-ce49-4845-a5b7-0239e77bc49d" testId="29a32c84-cf2a-eb4c-5896-a439fd50b2b8" testName="SendRequest_ResponseHasBadStatusCode_ThrowIdpException (GatewayTimeout)" computerName="DKSR-EFI-06" duration="00:00:00.0008034" startTime="2024-01-09T15:41:22.9506689+01:00" endTime="2024-01-09T15:41:22.9506689+01:00" testType="13cdc9d9-ddb5-4fa4-a97d-d965ccfc6d4b" outcome="Passed" testListId="8c84fa94-04c1-424b-9868-57a2d4851a1d" relativeResultsDirectory="aad2bb76-ce49-4845-a5b7-0239e77bc49d" />
    <UnitTestResult executionId="f5e10324-8e7a-444d-b914-071a0778547e" testId="2b6f2d8f-97a8-a49e-9820-0353b7cf269e" testName="IdpTokenClient_CredentialsCacheAsCredentials_HttpClientConfiguredToNotUseDefualtCredentials" computerName="DKSR-EFI-06" duration="00:00:00.0139847" startTime="2024-01-09T15:41:23.4194187+01:00" endTime="2024-01-09T15:41:23.4350450+01:00" testType="13cdc9d9-ddb5-4fa4-a97d-d965ccfc6d4b" outcome="Passed" testListId="8c84fa94-04c1-424b-9868-57a2d4851a1d" relativeResultsDirectory="f5e10324-8e7a-444d-b914-071a0778547e" />
    <UnitTestResult executionId="099fbb2a-425e-4655-b125-a75747c7166a" testId="a6c86e7f-3cba-5a70-e72e-8210186f640d" testName="HttpGetResult_Constructor_Success" computerName="DKSR-EFI-06" duration="00:00:00.0031313" startTime="2024-01-09T15:41:25.6070390+01:00" endTime="2024-01-09T15:41:25.6070390+01:00" testType="13cdc9d9-ddb5-4fa4-a97d-d965ccfc6d4b" outcome="Passed" testListId="8c84fa94-04c1-424b-9868-57a2d4851a1d" relativeResultsDirectory="099fbb2a-425e-4655-b125-a75747c7166a" />
    <UnitTestResult executionId="ce6af87d-2876-4b5d-bc89-eb0021cdb5db" testId="9272183c-1f20-60d5-550e-a9927fe14301" testName="ValidateIdpServer_SimulateInvalidResponseFromPreOAuthServer_CallIsCurrentVersion_Throws_InvalidOperationException" computerName="DKSR-EFI-06" duration="00:00:00.0127724" startTime="2024-01-09T15:41:23.4819177+01:00" endTime="2024-01-09T15:41:23.4975441+01:00" testType="13cdc9d9-ddb5-4fa4-a97d-d965ccfc6d4b" outcome="Passed" testListId="8c84fa94-04c1-424b-9868-57a2d4851a1d" relativeResultsDirectory="ce6af87d-2876-4b5d-bc89-eb0021cdb5db" />
    <UnitTestResult executionId="a12cafba-d8dc-4c3c-9a2c-0271d4e7e6e3" testId="5b17c964-8de5-81fb-e7e8-0037826de418" testName="ValidateIdpServer_SimulateValidResponseFromOAuthServer_WithValidCertificate_UnsecureIdpNotAvailable" computerName="DKSR-EFI-06" duration="00:00:00.0020185" startTime="2024-01-09T15:41:23.5912930+01:00" endTime="2024-01-09T15:41:23.5912930+01:00" testType="13cdc9d9-ddb5-4fa4-a97d-d965ccfc6d4b" outcome="Passed" testListId="8c84fa94-04c1-424b-9868-57a2d4851a1d" relativeResultsDirectory="a12cafba-d8dc-4c3c-9a2c-0271d4e7e6e3" />
    <UnitTestResult executionId="93923401-7f36-4309-ae9c-1213ee2ff9ee" testId="ab24e2cb-a9e7-696f-52cc-bbef4af32000" testName="CreateException_ModelStateVaidationError_Is_InvalidArgumentsException" computerName="DKSR-EFI-06" duration="00:00:00.0012126" startTime="2024-01-09T15:41:27.1069168+01:00" endTime="2024-01-09T15:41:27.1069168+01:00" testType="13cdc9d9-ddb5-4fa4-a97d-d965ccfc6d4b" outcome="Passed" testListId="8c84fa94-04c1-424b-9868-57a2d4851a1d" relativeResultsDirectory="93923401-7f36-4309-ae9c-1213ee2ff9ee" />
    <UnitTestResult executionId="25da1f34-5beb-4566-8879-ff35a2339685" testId="faab56b6-f448-562a-00cf-747e8f2205fc" testName="Authenticate_AuthHeaderIsNotPresent_ReturnNull" computerName="DKSR-EFI-06" duration="00:00:00.0154684" startTime="2024-01-09T15:41:26.4975467+01:00" endTime="2024-01-09T15:41:26.5131708+01:00" testType="13cdc9d9-ddb5-4fa4-a97d-d965ccfc6d4b" outcome="Passed" testListId="8c84fa94-04c1-424b-9868-57a2d4851a1d" relativeResultsDirectory="25da1f34-5beb-4566-8879-ff35a2339685">
      <Output>
        <StdOut>Debug Trace:&#xD;
Expected an authorization header with a Bearer scheme, but header was missing.</StdOut>
      </Output>
    </UnitTestResult>
    <UnitTestResult executionId="5455baf3-75ab-4382-9234-bc5be21d3f80" testId="75f0e5f4-99c9-2f64-6049-6fef29308c40" testName="SendRequest_ResponseHasBadStatusCode_ThrowIdpException (MethodNotAllowed)" computerName="DKSR-EFI-06" duration="00:00:00.0008144" startTime="2024-01-09T15:41:22.8412921+01:00" endTime="2024-01-09T15:41:22.8412921+01:00" testType="13cdc9d9-ddb5-4fa4-a97d-d965ccfc6d4b" outcome="Passed" testListId="8c84fa94-04c1-424b-9868-57a2d4851a1d" relativeResultsDirectory="5455baf3-75ab-4382-9234-bc5be21d3f80" />
    <UnitTestResult executionId="cd32f4d3-2d91-4d50-a00b-3e07c1e6c163" testId="08a3c3db-cc01-e5ed-016b-ec03cbb97901" testName="ValidateToken_SecurityTokenIsNull_ThrowArgumentNullException" computerName="DKSR-EFI-06" duration="00:00:00.0326942" startTime="2024-01-09T15:41:19.5444151+01:00" endTime="2024-01-09T15:41:19.5756675+01:00" testType="13cdc9d9-ddb5-4fa4-a97d-d965ccfc6d4b" outcome="Passed" testListId="8c84fa94-04c1-424b-9868-57a2d4851a1d" relativeResultsDirectory="cd32f4d3-2d91-4d50-a00b-3e07c1e6c163" />
    <UnitTestResult executionId="f865e16d-644e-479a-84ae-fb791bd8f366" testId="63d736d3-1abb-5e1e-67d5-7731969795df" testName="SendRequest_ResponseHasBadStatusCode_ThrowIdpException (RequestUriTooLong)" computerName="DKSR-EFI-06" duration="00:00:00.0008438" startTime="2024-01-09T15:41:22.8725447+01:00" endTime="2024-01-09T15:41:22.8881687+01:00" testType="13cdc9d9-ddb5-4fa4-a97d-d965ccfc6d4b" outcome="Passed" testListId="8c84fa94-04c1-424b-9868-57a2d4851a1d" relativeResultsDirectory="f865e16d-644e-479a-84ae-fb791bd8f366" />
    <UnitTestResult executionId="223f1b09-9738-4c9b-9454-50cabd1c9242" testId="bbd84ed1-520d-4358-3488-4aa29532b886" testName="DeleteLogin_ParameterIsNull_ThrowArgumentException (abc,,abc)" computerName="DKSR-EFI-06" duration="00:00:00.0001357" startTime="2024-01-09T15:41:25.9506701+01:00" endTime="2024-01-09T15:41:25.9506701+01:00" testType="13cdc9d9-ddb5-4fa4-a97d-d965ccfc6d4b" outcome="Passed" testListId="8c84fa94-04c1-424b-9868-57a2d4851a1d" relativeResultsDirectory="223f1b09-9738-4c9b-9454-50cabd1c9242" />
    <UnitTestResult executionId="a0fb744a-489a-4115-8381-03b171def2aa" testId="d084f15f-2ff5-b9de-3bb3-de877630baf6" testName="GetUsersAfterModifiedDate_UnixTimeIsNegative_ThrowsArgumentOutOfRangeException" computerName="DKSR-EFI-06" duration="00:00:00.0010151" startTime="2024-01-09T15:41:26.0756690+01:00" endTime="2024-01-09T15:41:26.0756690+01:00" testType="13cdc9d9-ddb5-4fa4-a97d-d965ccfc6d4b" outcome="Passed" testListId="8c84fa94-04c1-424b-9868-57a2d4851a1d" relativeResultsDirectory="a0fb744a-489a-4115-8381-03b171def2aa" />
    <UnitTestResult executionId="95a82ea2-93d1-49ef-a7ac-9394404e9622" testId="0d2f4ed5-125c-a2b1-8e5f-5e598ab83d5e" testName="Constructor_NullRefreshToken_ThrowsArgumentNullException" computerName="DKSR-EFI-06" duration="00:00:00.0007040" startTime="2024-01-09T15:41:25.5912949+01:00" endTime="2024-01-09T15:41:25.5912949+01:00" testType="13cdc9d9-ddb5-4fa4-a97d-d965ccfc6d4b" outcome="Passed" testListId="8c84fa94-04c1-424b-9868-57a2d4851a1d" relativeResultsDirectory="95a82ea2-93d1-49ef-a7ac-9394404e9622" />
    <UnitTestResult executionId="30a66745-d9e3-4813-b3e8-09442f542995" testId="67a73538-1027-a501-a8ed-160a0b377dca" testName="GetTokenWithRegisterClientScope_ResponseHasSuccessfulStatusCode_TokenIsReturned" computerName="DKSR-EFI-06" duration="00:00:00.0064046" startTime="2024-01-09T15:41:23.2631679+01:00" endTime="2024-01-09T15:41:23.2787943+01:00" testType="13cdc9d9-ddb5-4fa4-a97d-d965ccfc6d4b" outcome="Passed" testListId="8c84fa94-04c1-424b-9868-57a2d4851a1d" relativeResultsDirectory="30a66745-d9e3-4813-b3e8-09442f542995" />
    <UnitTestResult executionId="f45c2e61-c59a-4ee3-b17d-a4b42717a687" testId="5fc9fa5a-5fe3-b72e-18ec-1d655d4e8290" testName="CreateException_401_Is_UnauthorizedException" computerName="DKSR-EFI-06" duration="00:00:00.0001979" startTime="2024-01-09T15:41:27.0131716+01:00" endTime="2024-01-09T15:41:27.0131716+01:00" testType="13cdc9d9-ddb5-4fa4-a97d-d965ccfc6d4b" outcome="Passed" testListId="8c84fa94-04c1-424b-9868-57a2d4851a1d" relativeResultsDirectory="f45c2e61-c59a-4ee3-b17d-a4b42717a687" />
    <UnitTestResult executionId="f86d8530-a469-47b9-be97-604452f05f16" testId="ee4023a9-7ef5-de07-c4fc-93e795d5baa7" testName="SendRequest_ResponseHasStatusCodeAndCustomIdpError_ThrowCorrectIdpException (500,DefaultError,VideoOS.IdentityServer.Common.Exceptions.InternalServerErrorException)" computerName="DKSR-EFI-06" duration="00:00:00.0008503" startTime="2024-01-09T15:41:22.9506689+01:00" endTime="2024-01-09T15:41:22.9819219+01:00" testType="13cdc9d9-ddb5-4fa4-a97d-d965ccfc6d4b" outcome="Passed" testListId="8c84fa94-04c1-424b-9868-57a2d4851a1d" relativeResultsDirectory="f86d8530-a469-47b9-be97-604452f05f16" />
    <UnitTestResult executionId="4ed3735d-1eca-43fd-b685-e8f024e2fbe5" testId="7f2480da-8572-1058-bed9-d76ee4f460a4" testName="CreateException_DuplicateUserName_Is_AlreadyExistsException" computerName="DKSR-EFI-06" duration="00:00:00.0002355" startTime="2024-01-09T15:41:27.0600462+01:00" endTime="2024-01-09T15:41:27.0600462+01:00" testType="13cdc9d9-ddb5-4fa4-a97d-d965ccfc6d4b" outcome="Passed" testListId="8c84fa94-04c1-424b-9868-57a2d4851a1d" relativeResultsDirectory="4ed3735d-1eca-43fd-b685-e8f024e2fbe5" />
    <UnitTestResult executionId="5d8f122e-fd9d-44ef-afbb-be16db63bc7b" testId="3dcddc47-428b-8273-354a-bd306914fecf" testName="BasicOpenAuthenticationHeaderValue_Constructor_Success_SpaceInUserName" computerName="DKSR-EFI-06" duration="00:00:00.0002230" startTime="2024-01-09T15:41:21.7475430+01:00" endTime="2024-01-09T15:41:21.7475430+01:00" testType="13cdc9d9-ddb5-4fa4-a97d-d965ccfc6d4b" outcome="Passed" testListId="8c84fa94-04c1-424b-9868-57a2d4851a1d" relativeResultsDirectory="5d8f122e-fd9d-44ef-afbb-be16db63bc7b" />
    <UnitTestResult executionId="38c929ea-e365-41fc-907d-ef040ec1694b" testId="d56d39a2-1050-3e2a-2b04-2c4d9212b822" testName="Dispose_IDisposableTokenHandler_Success" computerName="DKSR-EFI-06" duration="00:00:00.0022610" startTime="2024-01-09T15:41:26.8569218+01:00" endTime="2024-01-09T15:41:26.8725449+01:00" testType="13cdc9d9-ddb5-4fa4-a97d-d965ccfc6d4b" outcome="Passed" testListId="8c84fa94-04c1-424b-9868-57a2d4851a1d" relativeResultsDirectory="38c929ea-e365-41fc-907d-ef040ec1694b" />
    <UnitTestResult executionId="663e3052-d47f-4e58-bf20-475dbdbcef7b" testId="abd81a1c-e3b4-bebe-d21f-4ca159588c70" testName="ResourceOwnerAuthenticationAsync_StatusCodeOk_TokenResponseWithTokenIsReturned" computerName="DKSR-EFI-06" duration="00:00:00.0046114" startTime="2024-01-09T15:41:23.3881693+01:00" endTime="2024-01-09T15:41:23.3881693+01:00" testType="13cdc9d9-ddb5-4fa4-a97d-d965ccfc6d4b" outcome="Passed" testListId="8c84fa94-04c1-424b-9868-57a2d4851a1d" relativeResultsDirectory="663e3052-d47f-4e58-bf20-475dbdbcef7b" />
    <UnitTestResult executionId="4cbe8803-c103-4223-941f-ec43d99eeec5" testId="0e660fb6-01c2-ec2d-f816-fac9e4547e68" testName="RefreshToken_TokenIsNotJWT_IdentityServerTokenException" computerName="DKSR-EFI-06" duration="00:00:00.0150804" startTime="2024-01-09T15:41:26.9037939+01:00" endTime="2024-01-09T15:41:26.9194210+01:00" testType="13cdc9d9-ddb5-4fa4-a97d-d965ccfc6d4b" outcome="Passed" testListId="8c84fa94-04c1-424b-9868-57a2d4851a1d" relativeResultsDirectory="4cbe8803-c103-4223-941f-ec43d99eeec5" />
    <UnitTestResult executionId="bfe3ea92-6efe-4fc8-a95f-9f95d0774a5d" testId="a2c96cce-3d64-0619-9c0f-87d54f8eee1b" testName="BasicOpenAuthenticationHeaderValue_Constructor_NullPassword" computerName="DKSR-EFI-06" duration="00:00:00.0061180" startTime="2024-01-09T15:41:21.7475430+01:00" endTime="2024-01-09T15:41:21.7475430+01:00" testType="13cdc9d9-ddb5-4fa4-a97d-d965ccfc6d4b" outcome="Passed" testListId="8c84fa94-04c1-424b-9868-57a2d4851a1d" relativeResultsDirectory="bfe3ea92-6efe-4fc8-a95f-9f95d0774a5d" />
    <UnitTestResult executionId="82fc91eb-2a63-436a-b985-3d8dc81daddb" testId="f5c02efb-b35c-365d-c779-9919be9854f1" testName="RefreshToken_InvalidToken_AccessTokenException" computerName="DKSR-EFI-06" duration="00:00:00.0027744" startTime="2024-01-09T15:41:26.6850440+01:00" endTime="2024-01-09T15:41:26.6850440+01:00" testType="13cdc9d9-ddb5-4fa4-a97d-d965ccfc6d4b" outcome="Passed" testListId="8c84fa94-04c1-424b-9868-57a2d4851a1d" relativeResultsDirectory="82fc91eb-2a63-436a-b985-3d8dc81daddb" />
    <UnitTestResult executionId="3cf1dbfb-8fe0-4c74-b456-ff8034d8e0b1" testId="bf3dc991-3368-6005-a716-c4582669d18a" testName="RegisterAuthorizationCodeClient_RedirectUrisIsNull_ThrowArgumentException" computerName="DKSR-EFI-06" duration="00:00:00.0010467" startTime="2024-01-09T15:41:23.3100459+01:00" endTime="2024-01-09T15:41:23.3100459+01:00" testType="13cdc9d9-ddb5-4fa4-a97d-d965ccfc6d4b" outcome="Passed" testListId="8c84fa94-04c1-424b-9868-57a2d4851a1d" relativeResultsDirectory="3cf1dbfb-8fe0-4c74-b456-ff8034d8e0b1" />
    <UnitTestResult executionId="49e08fc7-7e2d-4ca2-a668-26033a52bdb3" testId="634cad37-210a-4bc0-8d4e-c43234da05dd" testName="BeforeSendRequest_HttpRequestMessagePropertyHasBeenSet_HttpRequestMessagePropertyHasAnAuthorizationHeaderWithBearerScheme" computerName="DKSR-EFI-06" duration="00:00:00.0042191" startTime="2024-01-09T15:41:26.3412970+01:00" endTime="2024-01-09T15:41:26.3412970+01:00" testType="13cdc9d9-ddb5-4fa4-a97d-d965ccfc6d4b" outcome="Passed" testListId="8c84fa94-04c1-424b-9868-57a2d4851a1d" relativeResultsDirectory="49e08fc7-7e2d-4ca2-a668-26033a52bdb3" />
    <UnitTestResult executionId="85cbdf44-093d-4032-bc47-f96f82f85166" testId="a8a38b08-43ad-784d-afbc-d0335bfce14c" testName="RegisterAuthorizationCodeClient_ScopesAreNull_ThrowArgumentNullException" computerName="DKSR-EFI-06" duration="00:00:00.0010818" startTime="2024-01-09T15:41:23.3100459+01:00" endTime="2024-01-09T15:41:23.3100459+01:00" testType="13cdc9d9-ddb5-4fa4-a97d-d965ccfc6d4b" outcome="Passed" testListId="8c84fa94-04c1-424b-9868-57a2d4851a1d" relativeResultsDirectory="85cbdf44-093d-4032-bc47-f96f82f85166" />
    <UnitTestResult executionId="b6923124-09b5-471f-9a66-7192b6e32074" testId="21823bf0-ff7d-6139-8246-3e6c7fce3add" testName="TokenCache_Constructor_Scope_ArgumentNullException" computerName="DKSR-EFI-06" duration="00:00:00.0009001" startTime="2024-01-09T15:41:26.6537973+01:00" endTime="2024-01-09T15:41:26.6537973+01:00" testType="13cdc9d9-ddb5-4fa4-a97d-d965ccfc6d4b" outcome="Passed" testListId="8c84fa94-04c1-424b-9868-57a2d4851a1d" relativeResultsDirectory="b6923124-09b5-471f-9a66-7192b6e32074" />
    <UnitTestResult executionId="91e4cb33-e3ae-4ebf-8afa-088298a85d95" testId="1146fad1-5168-1504-a8de-6a696ebcdf14" testName="CreateUserCollection_ResponseHasSuccessfulStatusCode_CorrectRequestUriIsPassedAndUsersAreReturned" computerName="DKSR-EFI-06" duration="00:00:00.0120659" startTime="2024-01-09T15:41:25.8881691+01:00" endTime="2024-01-09T15:41:25.9037944+01:00" testType="13cdc9d9-ddb5-4fa4-a97d-d965ccfc6d4b" outcome="Passed" testListId="8c84fa94-04c1-424b-9868-57a2d4851a1d" relativeResultsDirectory="91e4cb33-e3ae-4ebf-8afa-088298a85d95" />
    <UnitTestResult executionId="46876434-fbdf-407b-acc3-ac2162f5e792" testId="c37b2cf6-c0e8-40c5-30eb-c0a1ff817046" testName="BeforeSendRequest_ThrowsHttpRequestExceptionWithWebException_ThrowsCommunicationException (UnknownError)" computerName="DKSR-EFI-06" duration="00:00:00.0002505" startTime="2024-01-09T15:41:26.4037953+01:00" endTime="2024-01-09T15:41:26.4037953+01:00" testType="13cdc9d9-ddb5-4fa4-a97d-d965ccfc6d4b" outcome="Passed" testListId="8c84fa94-04c1-424b-9868-57a2d4851a1d" relativeResultsDirectory="46876434-fbdf-407b-acc3-ac2162f5e792" />
    <UnitTestResult executionId="ee1d954c-770c-44ba-95b5-030ebc06ea00" testId="6295024d-cdd4-de28-e7d8-515486f05d12" testName="HasValidScheme_UriIsHttps_ReturnsTrue" computerName="DKSR-EFI-06" duration="00:00:00.0001802" startTime="2024-01-09T15:41:25.6381669+01:00" endTime="2024-01-09T15:41:25.6381669+01:00" testType="13cdc9d9-ddb5-4fa4-a97d-d965ccfc6d4b" outcome="Passed" testListId="8c84fa94-04c1-424b-9868-57a2d4851a1d" relativeResultsDirectory="ee1d954c-770c-44ba-95b5-030ebc06ea00" />
    <UnitTestResult executionId="82ca231d-db31-4ca6-8282-7e2a73554cb3" testId="edadc8c2-2e6c-d240-0235-8c3d78f18004" testName="Dispose_IDisposableTokenHandler_Success" computerName="DKSR-EFI-06" duration="00:00:00.0073919" startTime="2024-01-09T15:41:26.9506726+01:00" endTime="2024-01-09T15:41:26.9662938+01:00" testType="13cdc9d9-ddb5-4fa4-a97d-d965ccfc6d4b" outcome="Passed" testListId="8c84fa94-04c1-424b-9868-57a2d4851a1d" relativeResultsDirectory="82ca231d-db31-4ca6-8282-7e2a73554cb3" />
    <UnitTestResult executionId="42b5cd42-42a0-4358-af80-db80f7c2786d" testId="fcaeabd6-201c-a809-f13b-51e8e57f8ab1" testName="ValidateIdpServer_InvalidSslConfiguration_ShouldThrow" computerName="DKSR-EFI-06" startTime="2024-01-09T15:41:23.4350450+01:00" endTime="2024-01-09T15:41:23.4506693+01:00" testType="13cdc9d9-ddb5-4fa4-a97d-d965ccfc6d4b" outcome="NotExecuted" testListId="8c84fa94-04c1-424b-9868-57a2d4851a1d" relativeResultsDirectory="42b5cd42-42a0-4358-af80-db80f7c2786d">
      <Output></Output>
    </UnitTestResult>
    <UnitTestResult executionId="b05d2061-21f3-4dc8-810f-138db66729e3" testId="18d1d3c3-df4e-6919-02e8-0460c923b1d0" testName="BuildFullUri_HasUnencodedParts_PartsAreEncoded (a b c,/a)" computerName="DKSR-EFI-06" duration="00:00:00.0146535" startTime="2024-01-09T15:41:23.0287940+01:00" endTime="2024-01-09T15:41:23.0600428+01:00" testType="13cdc9d9-ddb5-4fa4-a97d-d965ccfc6d4b" outcome="Passed" testListId="8c84fa94-04c1-424b-9868-57a2d4851a1d" relativeResultsDirectory="b05d2061-21f3-4dc8-810f-138db66729e3" />
    <UnitTestResult executionId="66d8d36f-6d0c-4305-8a05-1a41cd5469b1" testId="25aa6176-148e-f1e7-5c9f-10f279eb31cc" testName="CreateException_ErrorTheSamePasswords_Is_PasswordSameAsOldException" computerName="DKSR-EFI-06" duration="00:00:00.0004203" startTime="2024-01-09T15:41:27.0444188+01:00" endTime="2024-01-09T15:41:27.0444188+01:00" testType="13cdc9d9-ddb5-4fa4-a97d-d965ccfc6d4b" outcome="Passed" testListId="8c84fa94-04c1-424b-9868-57a2d4851a1d" relativeResultsDirectory="66d8d36f-6d0c-4305-8a05-1a41cd5469b1" />
    <UnitTestResult executionId="3d953d2a-2d1b-4ccd-9a63-5e594e24b2b4" testId="dff6bcfa-7c56-915c-d680-949651ff50ba" testName="CreateException_ChangePassword_Is_ChangePasswordException" computerName="DKSR-EFI-06" duration="00:00:00.0001856" startTime="2024-01-09T15:41:27.0444188+01:00" endTime="2024-01-09T15:41:27.0444188+01:00" testType="13cdc9d9-ddb5-4fa4-a97d-d965ccfc6d4b" outcome="Passed" testListId="8c84fa94-04c1-424b-9868-57a2d4851a1d" relativeResultsDirectory="3d953d2a-2d1b-4ccd-9a63-5e594e24b2b4" />
    <UnitTestResult executionId="6b2126ca-6522-44c5-89b8-aa6ea48f1bdd" testId="7cf653ab-c1ac-db4f-c8b6-0088365ff615" testName="HandleException_InvalidParamException_Null_Throws_" computerName="DKSR-EFI-06" duration="00:00:00.0014351" startTime="2024-01-09T15:41:25.6070390+01:00" endTime="2024-01-09T15:41:25.6070390+01:00" testType="13cdc9d9-ddb5-4fa4-a97d-d965ccfc6d4b" outcome="Passed" testListId="8c84fa94-04c1-424b-9868-57a2d4851a1d" relativeResultsDirectory="6b2126ca-6522-44c5-89b8-aa6ea48f1bdd" />
    <UnitTestResult executionId="6a058be8-fd4e-41a1-bfde-4d8c15c01143" testId="7102ede2-c297-16f6-bd79-a261e9a0ab55" testName="ValidateFasterIdpServerOnBothSchemas_WorkingHttpAddressAndCancellationRequest_ShouldCancelAndReturnEmptyResult" computerName="DKSR-EFI-06" startTime="2024-01-09T15:41:23.4506693+01:00" endTime="2024-01-09T15:41:23.4506693+01:00" testType="13cdc9d9-ddb5-4fa4-a97d-d965ccfc6d4b" outcome="NotExecuted" testListId="8c84fa94-04c1-424b-9868-57a2d4851a1d" relativeResultsDirectory="6a058be8-fd4e-41a1-bfde-4d8c15c01143">
      <Output></Output>
    </UnitTestResult>
    <UnitTestResult executionId="de6afa20-5f61-46db-8f08-1b379d6e9099" testId="1edf4c99-c764-95bb-14ad-e4ec565371a3" testName="ValidateIdpServer_InvalidUri_Null_Throws_ArgumentNullException" computerName="DKSR-EFI-06" duration="00:00:00.0026627" startTime="2024-01-09T15:41:23.4819177+01:00" endTime="2024-01-09T15:41:23.4819177+01:00" testType="13cdc9d9-ddb5-4fa4-a97d-d965ccfc6d4b" outcome="Passed" testListId="8c84fa94-04c1-424b-9868-57a2d4851a1d" relativeResultsDirectory="de6afa20-5f61-46db-8f08-1b379d6e9099" />
    <UnitTestResult executionId="0f2f1efe-1699-4c60-88d5-476fad3072e1" testId="cac73a53-b4ae-6c1b-3bae-7a153785b4c5" testName="GetAsync_CallCancelled_OperationCanceledException" computerName="DKSR-EFI-06" duration="00:00:00.0035429" startTime="2024-01-09T15:41:22.3725441+01:00" endTime="2024-01-09T15:41:22.3881707+01:00" testType="13cdc9d9-ddb5-4fa4-a97d-d965ccfc6d4b" outcome="Passed" testListId="8c84fa94-04c1-424b-9868-57a2d4851a1d" relativeResultsDirectory="0f2f1efe-1699-4c60-88d5-476fad3072e1" />
    <UnitTestResult executionId="b5a1f60b-32bc-49a4-a529-973028dd754b" testId="34f3be5c-39ef-6e9c-dee7-38b37313e24c" testName="ValidateIdpServer_SimulateValidResponseFrom_WithNonStandardPortAndNoScheme_AgainstVersionNotSupportingOauth_Success" computerName="DKSR-EFI-06" duration="00:00:00.2351844" startTime="2024-01-09T15:41:23.5912930+01:00" endTime="2024-01-09T15:41:23.8412947+01:00" testType="13cdc9d9-ddb5-4fa4-a97d-d965ccfc6d4b" outcome="Passed" testListId="8c84fa94-04c1-424b-9868-57a2d4851a1d" relativeResultsDirectory="b5a1f60b-32bc-49a4-a529-973028dd754b" />
    <UnitTestResult executionId="3c475cc6-c67b-4aee-95f8-86912b558355" testId="27a8059d-8b78-3c02-be74-55c51fedea26" testName="Ctor_OperationContextHelperIsNull_ThrowsArgumentNullException" computerName="DKSR-EFI-06" duration="00:00:00.0008854" startTime="2024-01-09T15:41:26.5600872+01:00" endTime="2024-01-09T15:41:26.5600872+01:00" testType="13cdc9d9-ddb5-4fa4-a97d-d965ccfc6d4b" outcome="Passed" testListId="8c84fa94-04c1-424b-9868-57a2d4851a1d" relativeResultsDirectory="3c475cc6-c67b-4aee-95f8-86912b558355" />
    <UnitTestResult executionId="6a9dc340-62b3-4448-9989-15b4dc7d1845" testId="1084380c-efdf-4335-3855-2ba20ad000dd" testName="Constructor_ScopeIsEmpty_ThrowArgumentException" computerName="DKSR-EFI-06" duration="00:00:00.0004405" startTime="2024-01-09T15:41:19.4975889+01:00" endTime="2024-01-09T15:41:19.4975889+01:00" testType="13cdc9d9-ddb5-4fa4-a97d-d965ccfc6d4b" outcome="Passed" testListId="8c84fa94-04c1-424b-9868-57a2d4851a1d" relativeResultsDirectory="6a9dc340-62b3-4448-9989-15b4dc7d1845" />
    <UnitTestResult executionId="fc3d922d-de0f-4b0d-ab4a-c2c7d0d2ad01" testId="11e2d426-0f64-e877-4f88-684b98f80094" testName="Constructor_NullRequestedScopes_ThrowsArgumentNullException" computerName="DKSR-EFI-06" duration="00:00:00.0007173" startTime="2024-01-09T15:41:25.5444736+01:00" endTime="2024-01-09T15:41:25.5444736+01:00" testType="13cdc9d9-ddb5-4fa4-a97d-d965ccfc6d4b" outcome="Passed" testListId="8c84fa94-04c1-424b-9868-57a2d4851a1d" relativeResultsDirectory="fc3d922d-de0f-4b0d-ab4a-c2c7d0d2ad01" />
    <UnitTestResult executionId="1ec805f9-1397-4c21-a106-aea0b09434e4" testId="0956a829-49d6-d659-dada-e609c64ef2a6" testName="GetLogin_ParameterIsNull_ThrowArgumentException (,,abc)" computerName="DKSR-EFI-06" duration="00:00:00.0028261" startTime="2024-01-09T15:41:25.9037944+01:00" endTime="2024-01-09T15:41:25.9194210+01:00" testType="13cdc9d9-ddb5-4fa4-a97d-d965ccfc6d4b" outcome="Passed" testListId="8c84fa94-04c1-424b-9868-57a2d4851a1d" relativeResultsDirectory="1ec805f9-1397-4c21-a106-aea0b09434e4" />
    <UnitTestResult executionId="e22ec45b-6cac-4973-95ce-20cebd3cc4fd" testId="7eafd3b9-debc-1a0c-12c6-11d7098cd775" testName="VerifyEndpointSupportsSsl_InvalidParam_RelativeUri_Throws_ArgumentException" computerName="DKSR-EFI-06" duration="00:00:00.0006539" startTime="2024-01-09T15:41:25.5287942+01:00" endTime="2024-01-09T15:41:25.5287942+01:00" testType="13cdc9d9-ddb5-4fa4-a97d-d965ccfc6d4b" outcome="Passed" testListId="8c84fa94-04c1-424b-9868-57a2d4851a1d" relativeResultsDirectory="e22ec45b-6cac-4973-95ce-20cebd3cc4fd" />
    <UnitTestResult executionId="3f9757a6-c847-4189-bd2b-cfe5a934f3cc" testId="355371bd-45fe-c229-5034-898ad04eb1dc" testName="GetTokenResponseAsync_HttpStatusIsNotOk_IdpExceptionIsThrown (VideoOS.IdentityServer.Common.Exceptions.UnauthorizedException,Unauthorized)" computerName="DKSR-EFI-06" duration="00:00:00.0222461" startTime="2024-01-09T15:41:19.3256669+01:00" endTime="2024-01-09T15:41:19.4038696+01:00" testType="13cdc9d9-ddb5-4fa4-a97d-d965ccfc6d4b" outcome="Passed" testListId="8c84fa94-04c1-424b-9868-57a2d4851a1d" relativeResultsDirectory="3f9757a6-c847-4189-bd2b-cfe5a934f3cc" />
    <UnitTestResult executionId="f59e6585-74b9-4d89-b2aa-ce63cf9afb75" testId="273070a4-2ffd-9a94-4178-f3727c932514" testName="Ctor_ScopeIsSet_RequiredClaimHasScopeClaim" computerName="DKSR-EFI-06" duration="00:00:00.0003922" startTime="2024-01-09T15:41:26.6225458+01:00" endTime="2024-01-09T15:41:26.6225458+01:00" testType="13cdc9d9-ddb5-4fa4-a97d-d965ccfc6d4b" outcome="Passed" testListId="8c84fa94-04c1-424b-9868-57a2d4851a1d" relativeResultsDirectory="f59e6585-74b9-4d89-b2aa-ce63cf9afb75" />
    <UnitTestResult executionId="ec3aa6ac-1294-4102-b883-22979993aa38" testId="29687309-d7e0-0838-a577-9dfd8b70cb79" testName="VerifyEndpointSupportsSsl_InvalidParam_TimeoutBelowMInimum_Throws_ArgumentException" computerName="DKSR-EFI-06" duration="00:00:00.0006248" startTime="2024-01-09T15:41:25.5287942+01:00" endTime="2024-01-09T15:41:25.5287942+01:00" testType="13cdc9d9-ddb5-4fa4-a97d-d965ccfc6d4b" outcome="Passed" testListId="8c84fa94-04c1-424b-9868-57a2d4851a1d" relativeResultsDirectory="ec3aa6ac-1294-4102-b883-22979993aa38" />
    <UnitTestResult executionId="85a03714-5f71-4b30-a18f-50863356c464" testId="3a443cd7-9c96-2cc4-1c4b-302bec95fdb5" testName="BeforeSendRequest_ThrowsHttpRequestExceptionWithWebException_ThrowsCommunicationException (RequestProhibitedByCachePolicy)" computerName="DKSR-EFI-06" duration="00:00:00.0002265" startTime="2024-01-09T15:41:26.4194187+01:00" endTime="2024-01-09T15:41:26.4194187+01:00" testType="13cdc9d9-ddb5-4fa4-a97d-d965ccfc6d4b" outcome="Passed" testListId="8c84fa94-04c1-424b-9868-57a2d4851a1d" relativeResultsDirectory="85a03714-5f71-4b30-a18f-50863356c464" />
    <UnitTestResult executionId="caf395cc-3832-479e-85bd-29340ff0cb0f" testId="1b8c86ad-d6be-1e33-af55-74534338a533" testName="BeforeSendRequest_ThrowsHttpRequestExceptionWithWebException_ThrowsCommunicationException (CacheEntryNotFound)" computerName="DKSR-EFI-06" duration="00:00:00.0002408" startTime="2024-01-09T15:41:26.4194187+01:00" endTime="2024-01-09T15:41:26.4194187+01:00" testType="13cdc9d9-ddb5-4fa4-a97d-d965ccfc6d4b" outcome="Passed" testListId="8c84fa94-04c1-424b-9868-57a2d4851a1d" relativeResultsDirectory="caf395cc-3832-479e-85bd-29340ff0cb0f" />
    <UnitTestResult executionId="4110bff5-c38a-4e38-b210-6f9a8d731875" testId="ee4023a9-7ef5-de07-c4fc-93e795d5baa7" testName="SendRequest_ResponseHasStatusCodeAndCustomIdpError_ThrowCorrectIdpException (404,UserNotFound,VideoOS.IdentityServer.Common.Exceptions.UserNotFoundException)" computerName="DKSR-EFI-06" duration="00:00:00.0013788" startTime="2024-01-09T15:41:22.9506689+01:00" endTime="2024-01-09T15:41:22.9819219+01:00" testType="13cdc9d9-ddb5-4fa4-a97d-d965ccfc6d4b" outcome="Passed" testListId="8c84fa94-04c1-424b-9868-57a2d4851a1d" relativeResultsDirectory="4110bff5-c38a-4e38-b210-6f9a8d731875" />
    <UnitTestResult executionId="f48ad61f-7bcf-4e99-93ee-7e93a17f86dc" testId="5c93f740-724a-d4d0-9162-f8b044826d66" testName="SendRequest_ResponseHasBadStatusCode_ThrowIdpException (Conflict)" computerName="DKSR-EFI-06" duration="00:00:00.0013855" startTime="2024-01-09T15:41:22.8569177+01:00" endTime="2024-01-09T15:41:22.8569177+01:00" testType="13cdc9d9-ddb5-4fa4-a97d-d965ccfc6d4b" outcome="Passed" testListId="8c84fa94-04c1-424b-9868-57a2d4851a1d" relativeResultsDirectory="f48ad61f-7bcf-4e99-93ee-7e93a17f86dc" />
    <UnitTestResult executionId="257eaaa9-7a5f-40cc-b40e-672e4e143bf6" testId="17a16fc5-4fe6-49ea-a991-631fada3d645" testName="Constructor_SecretIsNull_ThrowArgumentNullException" computerName="DKSR-EFI-06" duration="00:00:00.0004152" startTime="2024-01-09T15:41:19.4975889+01:00" endTime="2024-01-09T15:41:19.4975889+01:00" testType="13cdc9d9-ddb5-4fa4-a97d-d965ccfc6d4b" outcome="Passed" testListId="8c84fa94-04c1-424b-9868-57a2d4851a1d" relativeResultsDirectory="257eaaa9-7a5f-40cc-b40e-672e4e143bf6" />
    <UnitTestResult executionId="af32a321-d90b-4f58-9eeb-4bd02e0feef9" testId="08a458bc-f70d-a527-f23d-08de1cac7168" testName="HasValidScheme_UriIsFile_ReturnsTrue" computerName="DKSR-EFI-06" duration="00:00:00.0001822" startTime="2024-01-09T15:41:25.6537939+01:00" endTime="2024-01-09T15:41:25.6537939+01:00" testType="13cdc9d9-ddb5-4fa4-a97d-d965ccfc6d4b" outcome="Passed" testListId="8c84fa94-04c1-424b-9868-57a2d4851a1d" relativeResultsDirectory="af32a321-d90b-4f58-9eeb-4bd02e0feef9" />
    <UnitTestResult executionId="3ea4933c-ac8a-46b6-b17f-9949723c9272" testId="0257b952-b68e-ce9d-9d12-e1b7f33eb9e6" testName="methodName_testState_expectedResult" computerName="DKSR-EFI-06" duration="00:00:00.0003821" startTime="2024-01-09T15:41:26.9037939+01:00" endTime="2024-01-09T15:41:26.9037939+01:00" testType="13cdc9d9-ddb5-4fa4-a97d-d965ccfc6d4b" outcome="Passed" testListId="8c84fa94-04c1-424b-9868-57a2d4851a1d" relativeResultsDirectory="3ea4933c-ac8a-46b6-b17f-9949723c9272" />
    <UnitTestResult executionId="7921f19f-fb2c-4ac8-aa61-90193a9799d2" testId="2b9c28db-d91c-099d-ee87-9be4d4baccfb" testName="SendRequest_ResponseHasBadStatusCode_ThrowIdpException (ExpectationFailed)" computerName="DKSR-EFI-06" duration="00:00:00.0007540" startTime="2024-01-09T15:41:22.8881687+01:00" endTime="2024-01-09T15:41:22.8881687+01:00" testType="13cdc9d9-ddb5-4fa4-a97d-d965ccfc6d4b" outcome="Passed" testListId="8c84fa94-04c1-424b-9868-57a2d4851a1d" relativeResultsDirectory="7921f19f-fb2c-4ac8-aa61-90193a9799d2" />
    <UnitTestResult executionId="de8168e9-cac1-4cfe-b9f4-9a629c250e3a" testId="a4176163-6edd-669e-35fb-02700dc32d3b" testName="DeleteUser_ResponseHasSuccessfulStatusCode_CorrectRequestUriIsPassed" computerName="DKSR-EFI-06" duration="00:00:00.0090496" startTime="2024-01-09T15:41:25.8100449+01:00" endTime="2024-01-09T15:41:25.8258521+01:00" testType="13cdc9d9-ddb5-4fa4-a97d-d965ccfc6d4b" outcome="Passed" testListId="8c84fa94-04c1-424b-9868-57a2d4851a1d" relativeResultsDirectory="de8168e9-cac1-4cfe-b9f4-9a629c250e3a" />
    <UnitTestResult executionId="31917b61-9b30-4a5f-b6a2-9e6da45ff299" testId="bc83a862-c72b-e348-034e-0bebd83e892a" testName="GetUser_ParameterIsNull_ThrowArgumentException (abc,)" computerName="DKSR-EFI-06" duration="00:00:00.0001490" startTime="2024-01-09T15:41:25.6694212+01:00" endTime="2024-01-09T15:41:25.6694212+01:00" testType="13cdc9d9-ddb5-4fa4-a97d-d965ccfc6d4b" outcome="Passed" testListId="8c84fa94-04c1-424b-9868-57a2d4851a1d" relativeResultsDirectory="31917b61-9b30-4a5f-b6a2-9e6da45ff299" />
    <UnitTestResult executionId="1e57025e-a490-42bb-b674-3c963d315e83" testId="d3545ea5-dab7-481a-2ef9-e3a4a28edd41" testName="CreateUserCollection_AccessTokenIsNull_ThrowArgumentException" computerName="DKSR-EFI-06" duration="00:00:00.0017267" startTime="2024-01-09T15:41:25.8881691+01:00" endTime="2024-01-09T15:41:25.8881691+01:00" testType="13cdc9d9-ddb5-4fa4-a97d-d965ccfc6d4b" outcome="Passed" testListId="8c84fa94-04c1-424b-9868-57a2d4851a1d" relativeResultsDirectory="1e57025e-a490-42bb-b674-3c963d315e83" />
    <UnitTestResult executionId="be6f02e0-de52-4f55-8887-4eac03f33d5b" testId="dd0f099b-0409-1632-fcd8-f5bbcb9fcf08" testName="UpdateTrustedIssuers_AccessTokenIsNull_ThrowArgumentException" computerName="DKSR-EFI-06" duration="00:00:00.0017776" startTime="2024-01-09T15:41:26.1850439+01:00" endTime="2024-01-09T15:41:26.1850439+01:00" testType="13cdc9d9-ddb5-4fa4-a97d-d965ccfc6d4b" outcome="Passed" testListId="8c84fa94-04c1-424b-9868-57a2d4851a1d" relativeResultsDirectory="be6f02e0-de52-4f55-8887-4eac03f33d5b" />
    <UnitTestResult executionId="77419537-377a-426d-a3b9-2fc71c89fdf9" testId="09372ef8-08d3-01fe-20c8-b7c4bfe94b6c" testName="Start_StopTimerCalled_Success" computerName="DKSR-EFI-06" duration="00:00:00.0039959" startTime="2024-01-09T15:41:26.6850440+01:00" endTime="2024-01-09T15:41:26.7006727+01:00" testType="13cdc9d9-ddb5-4fa4-a97d-d965ccfc6d4b" outcome="Passed" testListId="8c84fa94-04c1-424b-9868-57a2d4851a1d" relativeResultsDirectory="77419537-377a-426d-a3b9-2fc71c89fdf9" />
    <UnitTestResult executionId="cb86e67c-f503-4d92-a5b1-b7ea036d1d16" testId="580860dc-2c0d-6d21-09c2-29eb5cd9d7aa" testName="IdpException_ErrorProperty_IsAccessible" computerName="DKSR-EFI-06" duration="00:00:00.0003427" startTime="2024-01-09T15:41:27.1069168+01:00" endTime="2024-01-09T15:41:27.1069168+01:00" testType="13cdc9d9-ddb5-4fa4-a97d-d965ccfc6d4b" outcome="Passed" testListId="8c84fa94-04c1-424b-9868-57a2d4851a1d" relativeResultsDirectory="cb86e67c-f503-4d92-a5b1-b7ea036d1d16" />
    <UnitTestResult executionId="7d354854-d950-48cf-b223-02d6653ebc1e" testId="ac435e0a-e1c6-7616-0ac5-820a47d8c989" testName="GetUsers_ParameterIsNull_ThrowArgumentException" computerName="DKSR-EFI-06" duration="00:00:00.0016131" startTime="2024-01-09T15:41:25.7006711+01:00" endTime="2024-01-09T15:41:25.7162937+01:00" testType="13cdc9d9-ddb5-4fa4-a97d-d965ccfc6d4b" outcome="Passed" testListId="8c84fa94-04c1-424b-9868-57a2d4851a1d" relativeResultsDirectory="7d354854-d950-48cf-b223-02d6653ebc1e" />
    <UnitTestResult executionId="27a9e4a3-e709-4052-b9a3-145d167b9bef" testId="0eb6bb6a-eef9-422e-dfe1-eec86ae82e59" testName="BeforeSendRequest_ThrowsTaskCanceledException_ThrowsCommunicationException" computerName="DKSR-EFI-06" duration="00:00:00.0011848" startTime="2024-01-09T15:41:26.4194187+01:00" endTime="2024-01-09T15:41:26.4194187+01:00" testType="13cdc9d9-ddb5-4fa4-a97d-d965ccfc6d4b" outcome="Passed" testListId="8c84fa94-04c1-424b-9868-57a2d4851a1d" relativeResultsDirectory="27a9e4a3-e709-4052-b9a3-145d167b9bef" />
    <UnitTestResult executionId="c3294ce8-4d17-4694-9817-4597a36edbf2" testId="4e64a2d0-91fd-57ef-a8c4-3f9f75705cb7" testName="UserName_NoNameClaim_ThrowsInvalidOperationException" computerName="DKSR-EFI-06" duration="00:00:00.0025204" startTime="2024-01-09T15:41:26.8725449+01:00" endTime="2024-01-09T15:41:26.8725449+01:00" testType="13cdc9d9-ddb5-4fa4-a97d-d965ccfc6d4b" outcome="Passed" testListId="8c84fa94-04c1-424b-9868-57a2d4851a1d" relativeResultsDirectory="c3294ce8-4d17-4694-9817-4597a36edbf2" />
    <UnitTestResult executionId="f377568b-0167-42b6-899b-6a8c54bc687e" testId="aee78e02-d706-9f06-c554-ee7aa708e371" testName="Start_TimeToTokenExpireUnder5min_TokenCacheUpdated" computerName="DKSR-EFI-06" duration="00:00:00.0204979" startTime="2024-01-09T15:41:26.7162962+01:00" endTime="2024-01-09T15:41:26.7319224+01:00" testType="13cdc9d9-ddb5-4fa4-a97d-d965ccfc6d4b" outcome="Passed" testListId="8c84fa94-04c1-424b-9868-57a2d4851a1d" relativeResultsDirectory="f377568b-0167-42b6-899b-6a8c54bc687e" />
    <UnitTestResult executionId="60c7081d-dbef-4c2f-bb7e-180c17661788" testId="0c73a1ad-6206-0874-edea-ce6d1ddf48e7" testName="Start_TimeToTokenExpireOver5min_ReturnsCachedToken" computerName="DKSR-EFI-06" duration="00:00:00.0030358" startTime="2024-01-09T15:41:26.9194210+01:00" endTime="2024-01-09T15:41:26.9350454+01:00" testType="13cdc9d9-ddb5-4fa4-a97d-d965ccfc6d4b" outcome="Passed" testListId="8c84fa94-04c1-424b-9868-57a2d4851a1d" relativeResultsDirectory="60c7081d-dbef-4c2f-bb7e-180c17661788" />
    <UnitTestResult executionId="9ed09e19-1b66-43c2-8f0c-11d60c0f70bd" testId="2094e3f3-bb74-95c3-1e50-e6fdef78ea13" testName="GetTokenResponseAsync_HttpStatusIsNotOk_IdpExceptionIsThrown (VideoOS.IdentityServer.Common.Exceptions.InternalServerErrorException,InternalServerError)" computerName="DKSR-EFI-06" duration="00:00:00.0011831" startTime="2024-01-09T15:41:19.5131653+01:00" endTime="2024-01-09T15:41:19.5131653+01:00" testType="13cdc9d9-ddb5-4fa4-a97d-d965ccfc6d4b" outcome="Passed" testListId="8c84fa94-04c1-424b-9868-57a2d4851a1d" relativeResultsDirectory="9ed09e19-1b66-43c2-8f0c-11d60c0f70bd" />
    <UnitTestResult executionId="7bb666fa-8aab-4872-9a22-fc1553030824" testId="c9653e4a-f0fc-ded6-13b1-2d7721cd5788" testName="CreateUser_AccessTokenIsNull_ThrowArgumentException" computerName="DKSR-EFI-06" duration="00:00:00.0015904" startTime="2024-01-09T15:41:25.7162937+01:00" endTime="2024-01-09T15:41:25.7319197+01:00" testType="13cdc9d9-ddb5-4fa4-a97d-d965ccfc6d4b" outcome="Passed" testListId="8c84fa94-04c1-424b-9868-57a2d4851a1d" relativeResultsDirectory="7bb666fa-8aab-4872-9a22-fc1553030824" />
    <UnitTestResult executionId="830ced1f-0800-4f0c-a44c-c66c2b5f9271" testId="a912da9b-9910-2e20-bdfd-ebd2e525320e" testName="GetTokenResponseAsync_TokenResponseIsReturned" computerName="DKSR-EFI-06" duration="00:00:00.0154840" startTime="2024-01-09T15:41:19.4506653+01:00" endTime="2024-01-09T15:41:19.4662934+01:00" testType="13cdc9d9-ddb5-4fa4-a97d-d965ccfc6d4b" outcome="Passed" testListId="8c84fa94-04c1-424b-9868-57a2d4851a1d" relativeResultsDirectory="830ced1f-0800-4f0c-a44c-c66c2b5f9271" />
    <UnitTestResult executionId="244c38ec-eecd-42fe-9d5f-583b8ed2a9b5" testId="98edab49-64e8-bcaf-beed-559fb53bdf3f" testName="CreateException_DuplicateAdminIdentity_Is_DuplicateAdminIdentityException" computerName="DKSR-EFI-06" duration="00:00:00.0002984" startTime="2024-01-09T15:41:27.0912943+01:00" endTime="2024-01-09T15:41:27.0912943+01:00" testType="13cdc9d9-ddb5-4fa4-a97d-d965ccfc6d4b" outcome="Passed" testListId="8c84fa94-04c1-424b-9868-57a2d4851a1d" relativeResultsDirectory="244c38ec-eecd-42fe-9d5f-583b8ed2a9b5" />
    <UnitTestResult executionId="a96144ff-535d-42b3-8b16-576e3ca6510a" testId="384c466e-e541-dfd8-e107-db2fc07e11e9" testName="Stop_RefreshGetToken" computerName="DKSR-EFI-06" duration="00:00:00.0039852" startTime="2024-01-09T15:41:26.7631697+01:00" endTime="2024-01-09T15:41:26.7631697+01:00" testType="13cdc9d9-ddb5-4fa4-a97d-d965ccfc6d4b" outcome="Passed" testListId="8c84fa94-04c1-424b-9868-57a2d4851a1d" relativeResultsDirectory="a96144ff-535d-42b3-8b16-576e3ca6510a" />
    <UnitTestResult executionId="31cf650d-1264-46fb-b074-54c237382f8e" testId="ebd8b721-48ec-4a9e-4f6a-ce30457acd4f" testName="ValidateIdpServer_SimulateValidResponseFromOAuthServer_UnsecureCheckOnly_ReturnsHttpsSecureConnection" computerName="DKSR-EFI-06" duration="00:00:00.1450857" startTime="2024-01-09T15:41:24.5912982+01:00" endTime="2024-01-09T15:41:24.7475439+01:00" testType="13cdc9d9-ddb5-4fa4-a97d-d965ccfc6d4b" outcome="Passed" testListId="8c84fa94-04c1-424b-9868-57a2d4851a1d" relativeResultsDirectory="31cf650d-1264-46fb-b074-54c237382f8e" />
    <UnitTestResult executionId="1ed1853b-8527-4515-83f9-29578c90f055" testId="ee1e7c2b-0cb3-69aa-1c3e-150a4187ed3e" testName="CreateException_InvalidCredentials_Is_ChangePasswordException" computerName="DKSR-EFI-06" duration="00:00:00.0002188" startTime="2024-01-09T15:41:27.0287958+01:00" endTime="2024-01-09T15:41:27.0287958+01:00" testType="13cdc9d9-ddb5-4fa4-a97d-d965ccfc6d4b" outcome="Passed" testListId="8c84fa94-04c1-424b-9868-57a2d4851a1d" relativeResultsDirectory="1ed1853b-8527-4515-83f9-29578c90f055" />
    <UnitTestResult executionId="beee9336-df43-41c6-80d6-b71ba1bf3cf3" testId="82b44982-47bf-5402-bc06-46a13615b67f" testName="BuildFullUri_HasNullPart_ThrowsArgumentException" computerName="DKSR-EFI-06" duration="00:00:00.0005623" startTime="2024-01-09T15:41:23.0600428+01:00" endTime="2024-01-09T15:41:23.0756697+01:00" testType="13cdc9d9-ddb5-4fa4-a97d-d965ccfc6d4b" outcome="Passed" testListId="8c84fa94-04c1-424b-9868-57a2d4851a1d" relativeResultsDirectory="beee9336-df43-41c6-80d6-b71ba1bf3cf3" />
    <UnitTestResult executionId="13f84a57-5191-4b2d-a246-9802320c1673" testId="160926a9-6be8-e16e-5ee4-6d69f6901085" testName="HandleException_WebException_Status_ConnectionClosed_ReturnsTrue" computerName="DKSR-EFI-06" duration="00:00:00.0002222" startTime="2024-01-09T15:41:25.6225444+01:00" endTime="2024-01-09T15:41:25.6225444+01:00" testType="13cdc9d9-ddb5-4fa4-a97d-d965ccfc6d4b" outcome="Passed" testListId="8c84fa94-04c1-424b-9868-57a2d4851a1d" relativeResultsDirectory="13f84a57-5191-4b2d-a246-9802320c1673" />
    <UnitTestResult executionId="378a102e-10d9-4110-bff2-e1ce1ca7eac3" testId="52f18a4a-df7a-b0a9-8294-4256ba81d7da" testName="ValidateIdpServer_SimulateInvalidResponseFromOAuthServer_UnsecureIdpNotAvailable_SecureIdpAvailable_InvalidCertificate" computerName="DKSR-EFI-06" duration="00:00:00.0014818" startTime="2024-01-09T15:41:25.4975430+01:00" endTime="2024-01-09T15:41:25.4975430+01:00" testType="13cdc9d9-ddb5-4fa4-a97d-d965ccfc6d4b" outcome="Passed" testListId="8c84fa94-04c1-424b-9868-57a2d4851a1d" relativeResultsDirectory="378a102e-10d9-4110-bff2-e1ce1ca7eac3" />
    <UnitTestResult executionId="a88feb51-1586-4351-9ce2-c8ebcdb30ed7" testId="bf3ad47a-9250-f8b8-31e2-5fe2764ad9e8" testName="CreateException_AdminIdentityNotFound_Is_DuplicateAdminIdentityException" computerName="DKSR-EFI-06" duration="00:00:00.0004234" startTime="2024-01-09T15:41:27.1069168+01:00" endTime="2024-01-09T15:41:27.1069168+01:00" testType="13cdc9d9-ddb5-4fa4-a97d-d965ccfc6d4b" outcome="Passed" testListId="8c84fa94-04c1-424b-9868-57a2d4851a1d" relativeResultsDirectory="a88feb51-1586-4351-9ce2-c8ebcdb30ed7" />
    <UnitTestResult executionId="8ac48e8f-4036-4c88-b9f6-462d03b29e91" testId="9f0c86dc-a496-7741-858c-a11363a3da1a" testName="TokenCache_Constructor_ClientTokenSettings_ArgumentNullException" computerName="DKSR-EFI-06" duration="00:00:00.0147683" startTime="2024-01-09T15:41:26.6381687+01:00" endTime="2024-01-09T15:41:26.6537973+01:00" testType="13cdc9d9-ddb5-4fa4-a97d-d965ccfc6d4b" outcome="Passed" testListId="8c84fa94-04c1-424b-9868-57a2d4851a1d" relativeResultsDirectory="8ac48e8f-4036-4c88-b9f6-462d03b29e91" />
    <UnitTestResult executionId="da2be7cc-bf5e-4f47-962d-26579ca3a21f" testId="27aea1a6-1e4c-b203-2089-de14d612090c" testName="Constructor_EmptyProvider_ThrowsArgumentNullException" computerName="DKSR-EFI-06" duration="00:00:00.0006915" startTime="2024-01-09T15:41:19.4506653+01:00" endTime="2024-01-09T15:41:19.4506653+01:00" testType="13cdc9d9-ddb5-4fa4-a97d-d965ccfc6d4b" outcome="Passed" testListId="8c84fa94-04c1-424b-9868-57a2d4851a1d" relativeResultsDirectory="da2be7cc-bf5e-4f47-962d-26579ca3a21f" />
    <UnitTestResult executionId="6f9cf42e-b0ac-4c42-9d59-d94033b57c77" testId="957b72e6-223d-945c-7af4-a1f0fe7fb5d3" testName="Constructor_NullUri_ThrowsArgumentNullException" computerName="DKSR-EFI-06" duration="00:00:00.0009155" startTime="2024-01-09T15:41:19.4350393+01:00" endTime="2024-01-09T15:41:19.4350393+01:00" testType="13cdc9d9-ddb5-4fa4-a97d-d965ccfc6d4b" outcome="Passed" testListId="8c84fa94-04c1-424b-9868-57a2d4851a1d" relativeResultsDirectory="6f9cf42e-b0ac-4c42-9d59-d94033b57c77" />
    <UnitTestResult executionId="c114a813-c587-4e01-9669-2eb385dc1d1a" testId="e14c6e87-d4a0-9f31-fe5d-63401bba496d" testName="BeforeSendRequest_ThrowsHttpRequestExceptionWithWebException_ThrowsCommunicationException (Pending)" computerName="DKSR-EFI-06" duration="00:00:00.0002161" startTime="2024-01-09T15:41:26.4037953+01:00" endTime="2024-01-09T15:41:26.4037953+01:00" testType="13cdc9d9-ddb5-4fa4-a97d-d965ccfc6d4b" outcome="Passed" testListId="8c84fa94-04c1-424b-9868-57a2d4851a1d" relativeResultsDirectory="c114a813-c587-4e01-9669-2eb385dc1d1a" />
    <UnitTestResult executionId="b1900480-ff5c-40e8-a865-55dac0a8a3b6" testId="bc6f6cb5-f7c9-e3db-d707-a236ceb509b9" testName="Construct_WithUri_IsErrorFalse" computerName="DKSR-EFI-06" duration="00:00:00.4824816" startTime="2024-01-09T15:41:21.7631657+01:00" endTime="2024-01-09T15:41:22.2319177+01:00" testType="13cdc9d9-ddb5-4fa4-a97d-d965ccfc6d4b" outcome="Passed" testListId="8c84fa94-04c1-424b-9868-57a2d4851a1d" relativeResultsDirectory="b1900480-ff5c-40e8-a865-55dac0a8a3b6" />
    <UnitTestResult executionId="e9cf438d-8729-4a91-ac52-c2aa3da858b5" testId="d313dde6-0806-2abf-bd1c-3417608d3183" testName="RefreshToken_TokenHandlerReturnsToken_RefreshTokenReturnsToken" computerName="DKSR-EFI-06" duration="00:00:00.0019469" startTime="2024-01-09T15:41:26.9350454+01:00" endTime="2024-01-09T15:41:26.9350454+01:00" testType="13cdc9d9-ddb5-4fa4-a97d-d965ccfc6d4b" outcome="Passed" testListId="8c84fa94-04c1-424b-9868-57a2d4851a1d" relativeResultsDirectory="e9cf438d-8729-4a91-ac52-c2aa3da858b5" />
    <UnitTestResult executionId="9d4d2456-ab69-4198-bfa7-2f6ae6601b3d" testId="546e1c1f-b92a-588a-a4ee-351bbc7f5bb0" testName="GetUserByName_ParameterIsNull_ThrowArgumentException (,abc)" computerName="DKSR-EFI-06" duration="00:00:00.0021785" startTime="2024-01-09T15:41:25.6850447+01:00" endTime="2024-01-09T15:41:25.6850447+01:00" testType="13cdc9d9-ddb5-4fa4-a97d-d965ccfc6d4b" outcome="Passed" testListId="8c84fa94-04c1-424b-9868-57a2d4851a1d" relativeResultsDirectory="9d4d2456-ab69-4198-bfa7-2f6ae6601b3d" />
    <UnitTestResult executionId="31bd8b90-2131-49b7-af4e-09f017d7fb74" testId="7a8926d4-b9a3-8330-c659-fa45110afd0c" testName="GetClaimValue_IdTokenRetrieved_ClaimNotThere_ReturnsNull" computerName="DKSR-EFI-06" duration="00:00:00.0045672" startTime="2024-01-09T15:41:26.7787949+01:00" endTime="2024-01-09T15:41:26.7944226+01:00" testType="13cdc9d9-ddb5-4fa4-a97d-d965ccfc6d4b" outcome="Passed" testListId="8c84fa94-04c1-424b-9868-57a2d4851a1d" relativeResultsDirectory="31bd8b90-2131-49b7-af4e-09f017d7fb74" />
    <UnitTestResult executionId="42da4eab-4b42-4ad2-85f9-d4518ec827fd" testId="a2e9ef55-bfe0-9647-cd73-b7dbecbeddd9" testName="GetUserCollection_EmptyIdList_ThrowArgumentException" computerName="DKSR-EFI-06" duration="00:00:00.0013589" startTime="2024-01-09T15:41:25.8412937+01:00" endTime="2024-01-09T15:41:25.8412937+01:00" testType="13cdc9d9-ddb5-4fa4-a97d-d965ccfc6d4b" outcome="Passed" testListId="8c84fa94-04c1-424b-9868-57a2d4851a1d" relativeResultsDirectory="42da4eab-4b42-4ad2-85f9-d4518ec827fd" />
    <UnitTestResult executionId="058ee172-996f-47b3-8d79-43e0daf49f23" testId="6ff3a64d-e43e-c9b5-cdb2-5023b692a002" testName="BeforeSendRequest_ThrowsHttpRequestExceptionWithWebException_ThrowsCommunicationException (SendFailure)" computerName="DKSR-EFI-06" duration="00:00:00.0002296" startTime="2024-01-09T15:41:26.3725455+01:00" endTime="2024-01-09T15:41:26.3725455+01:00" testType="13cdc9d9-ddb5-4fa4-a97d-d965ccfc6d4b" outcome="Passed" testListId="8c84fa94-04c1-424b-9868-57a2d4851a1d" relativeResultsDirectory="058ee172-996f-47b3-8d79-43e0daf49f23" />
    <UnitTestResult executionId="336a9f75-9341-4c3b-9df0-d20ba949cbaa" testId="d88306ca-9afa-8148-3367-97d6e4d284e8" testName="BeforeSendRequest_ThrowsHttpRequestExceptionWithWebException_ThrowsCommunicationException (ProxyNameResolutionFailure)" computerName="DKSR-EFI-06" duration="00:00:00.0002570" startTime="2024-01-09T15:41:26.4037953+01:00" endTime="2024-01-09T15:41:26.4037953+01:00" testType="13cdc9d9-ddb5-4fa4-a97d-d965ccfc6d4b" outcome="Passed" testListId="8c84fa94-04c1-424b-9868-57a2d4851a1d" relativeResultsDirectory="336a9f75-9341-4c3b-9df0-d20ba949cbaa" />
    <UnitTestResult executionId="928ac874-62f8-4707-93d5-2f6bee700379" testId="bf705ae1-67a7-5fa6-c13f-a22026ecd395" testName="Retrieve_NullProvider_ThrowsArgumentNullException" computerName="DKSR-EFI-06" duration="00:00:00.0048627" startTime="2024-01-09T15:41:25.5756675+01:00" endTime="2024-01-09T15:41:25.5756675+01:00" testType="13cdc9d9-ddb5-4fa4-a97d-d965ccfc6d4b" outcome="Passed" testListId="8c84fa94-04c1-424b-9868-57a2d4851a1d" relativeResultsDirectory="928ac874-62f8-4707-93d5-2f6bee700379" />
    <UnitTestResult executionId="684773ae-ffa9-49a9-8fe0-82ef9a4a8512" testId="6fb4517f-b4e4-4771-fc0a-9b00bebd656e" testName="Construct_InvalidParam_GrantType_Null_Throws_ArgumentNullException" computerName="DKSR-EFI-06" duration="00:00:00.0006492" startTime="2024-01-09T15:41:26.9037939+01:00" endTime="2024-01-09T15:41:26.9037939+01:00" testType="13cdc9d9-ddb5-4fa4-a97d-d965ccfc6d4b" outcome="Passed" testListId="8c84fa94-04c1-424b-9868-57a2d4851a1d" relativeResultsDirectory="684773ae-ffa9-49a9-8fe0-82ef9a4a8512" />
    <UnitTestResult executionId="53bf78e7-685e-4bdb-83f6-ce6e71a06e36" testId="51ae2f2f-1fc6-42dd-cfea-900de2971e28" testName="CheckAccess_NoRequiredClaims_ReturnsTrue" computerName="DKSR-EFI-06" duration="00:00:00.0108142" startTime="2024-01-09T15:41:26.5600872+01:00" endTime="2024-01-09T15:41:26.5756708+01:00" testType="13cdc9d9-ddb5-4fa4-a97d-d965ccfc6d4b" outcome="Passed" testListId="8c84fa94-04c1-424b-9868-57a2d4851a1d" relativeResultsDirectory="53bf78e7-685e-4bdb-83f6-ce6e71a06e36" />
    <UnitTestResult executionId="a55fb60c-ed95-47e3-87f1-a6ef69b19b76" testId="65c35641-c7fa-ea47-734f-c81f8095832e" testName="Constructor_BaseAddressIsNull_ThrowArgumentNullException" computerName="DKSR-EFI-06" duration="00:00:00.0015657" startTime="2024-01-09T15:41:23.0756697+01:00" endTime="2024-01-09T15:41:23.0756697+01:00" testType="13cdc9d9-ddb5-4fa4-a97d-d965ccfc6d4b" outcome="Passed" testListId="8c84fa94-04c1-424b-9868-57a2d4851a1d" relativeResultsDirectory="a55fb60c-ed95-47e3-87f1-a6ef69b19b76" />
    <UnitTestResult executionId="5cacfe5d-8ed6-4fd2-9ec2-2e5c1e2eb3db" testId="8960bb52-9b82-13fc-c2b9-b466022a1aa2" testName="ValidateToken_TokenIsNull_ThrowArgumentNullException" computerName="DKSR-EFI-06" duration="00:00:00.0685252" startTime="2024-01-09T15:41:21.3569161+01:00" endTime="2024-01-09T15:41:21.4194244+01:00" testType="13cdc9d9-ddb5-4fa4-a97d-d965ccfc6d4b" outcome="Passed" testListId="8c84fa94-04c1-424b-9868-57a2d4851a1d" relativeResultsDirectory="5cacfe5d-8ed6-4fd2-9ec2-2e5c1e2eb3db" />
    <UnitTestResult executionId="4b754bb8-f77c-4bcc-a80f-da8ef027eb27" testId="b03e8e27-9937-91b2-5c08-fa8ff907b26f" testName="Constructor_Successful" computerName="DKSR-EFI-06" duration="00:00:00.0001756" startTime="2024-01-09T15:41:25.6070390+01:00" endTime="2024-01-09T15:41:25.6070390+01:00" testType="13cdc9d9-ddb5-4fa4-a97d-d965ccfc6d4b" outcome="Passed" testListId="8c84fa94-04c1-424b-9868-57a2d4851a1d" relativeResultsDirectory="4b754bb8-f77c-4bcc-a80f-da8ef027eb27" />
    <UnitTestResult executionId="faa5f708-ef66-48ee-87ab-7179655e1833" testId="9ee81fd7-67d3-477b-170c-75529c080bdb" testName="Ctor_TypeAndValueIsSet_RequiredClaimIsSet" computerName="DKSR-EFI-06" duration="00:00:00.0002720" startTime="2024-01-09T15:41:26.4350463+01:00" endTime="2024-01-09T15:41:26.4350463+01:00" testType="13cdc9d9-ddb5-4fa4-a97d-d965ccfc6d4b" outcome="Passed" testListId="8c84fa94-04c1-424b-9868-57a2d4851a1d" relativeResultsDirectory="faa5f708-ef66-48ee-87ab-7179655e1833" />
    <UnitTestResult executionId="c2fe83de-b6b6-4882-86ad-af59430ead7a" testId="320b9240-8de4-6e99-ff14-f9386efd026e" testName="Constructor_NullIdpUrl_ThrowsArgumentNullException" computerName="DKSR-EFI-06" duration="00:00:00.0019077" startTime="2024-01-09T15:41:25.5287942+01:00" endTime="2024-01-09T15:41:25.5444736+01:00" testType="13cdc9d9-ddb5-4fa4-a97d-d965ccfc6d4b" outcome="Passed" testListId="8c84fa94-04c1-424b-9868-57a2d4851a1d" relativeResultsDirectory="c2fe83de-b6b6-4882-86ad-af59430ead7a" />
    <UnitTestResult executionId="3ccbb903-97ac-4a31-9cba-eb76da432f0c" testId="594bafcb-5bdd-b7e8-3c6a-5bbda9e8a6d1" testName="CreateAdmin_CreateAdminModelIsNull_ThrowArgumentNullException" computerName="DKSR-EFI-06" duration="00:00:00.0011088" startTime="2024-01-09T15:41:25.9819193+01:00" endTime="2024-01-09T15:41:25.9819193+01:00" testType="13cdc9d9-ddb5-4fa4-a97d-d965ccfc6d4b" outcome="Passed" testListId="8c84fa94-04c1-424b-9868-57a2d4851a1d" relativeResultsDirectory="3ccbb903-97ac-4a31-9cba-eb76da432f0c" />
    <UnitTestResult executionId="2010d0c5-7b38-41e0-9907-58cc7559e411" testId="ee4023a9-7ef5-de07-c4fc-93e795d5baa7" testName="SendRequest_ResponseHasStatusCodeAndCustomIdpError_ThrowCorrectIdpException (400,DuplicateUserName,VideoOS.IdentityServer.Common.Exceptions.AlreadyExistsException)" computerName="DKSR-EFI-06" duration="00:00:00.0008923" startTime="2024-01-09T15:41:22.9506689+01:00" endTime="2024-01-09T15:41:22.9819219+01:00" testType="13cdc9d9-ddb5-4fa4-a97d-d965ccfc6d4b" outcome="Passed" testListId="8c84fa94-04c1-424b-9868-57a2d4851a1d" relativeResultsDirectory="2010d0c5-7b38-41e0-9907-58cc7559e411" />
    <UnitTestResult executionId="5f813c3e-b47d-4b32-a3f4-c7f4faa140e1" testId="dedf70a5-f131-d84f-4234-6a5051d02528" testName="RegisterAuthorizationCodeClient_ResponseHasSuccessfulStatusCode_CorrectRequestUriIsPassedWithoutSecret" computerName="DKSR-EFI-06" duration="00:00:00.0084388" startTime="2024-01-09T15:41:23.3256688+01:00" endTime="2024-01-09T15:41:23.3256688+01:00" testType="13cdc9d9-ddb5-4fa4-a97d-d965ccfc6d4b" outcome="Passed" testListId="8c84fa94-04c1-424b-9868-57a2d4851a1d" relativeResultsDirectory="5f813c3e-b47d-4b32-a3f4-c7f4faa140e1" />
    <UnitTestResult executionId="e9170e95-d816-4105-94bc-23f101a7308f" testId="21bc6c22-cae5-d6e6-f8be-0a3d9ef4e313" testName="DeleteAdmin_ParameterIsNull_ThrowArgumentException (,1-2-3)" computerName="DKSR-EFI-06" duration="00:00:00.0014209" startTime="2024-01-09T15:41:25.9819193+01:00" endTime="2024-01-09T15:41:25.9975436+01:00" testType="13cdc9d9-ddb5-4fa4-a97d-d965ccfc6d4b" outcome="Passed" testListId="8c84fa94-04c1-424b-9868-57a2d4851a1d" relativeResultsDirectory="e9170e95-d816-4105-94bc-23f101a7308f" />
    <UnitTestResult executionId="12dc93c8-4b8d-441a-b245-913737e2a84f" testId="5401d072-9045-3f20-e5b8-85e624c8ae31" testName="CreateException_500_Is_UnauthorizedException" computerName="DKSR-EFI-06" duration="00:00:00.0001839" startTime="2024-01-09T15:41:27.0287958+01:00" endTime="2024-01-09T15:41:27.0287958+01:00" testType="13cdc9d9-ddb5-4fa4-a97d-d965ccfc6d4b" outcome="Passed" testListId="8c84fa94-04c1-424b-9868-57a2d4851a1d" relativeResultsDirectory="12dc93c8-4b8d-441a-b245-913737e2a84f" />
    <UnitTestResult executionId="9e6f3641-4973-498b-be3c-205b46d57d4b" testId="3880dfbe-9655-d700-4c62-0df9ed476ecc" testName="CreateException_PasswordRequiresUpper_Is_PasswordNotComplexEnoughException" computerName="DKSR-EFI-06" duration="00:00:00.0002500" startTime="2024-01-09T15:41:27.0756673+01:00" endTime="2024-01-09T15:41:27.0756673+01:00" testType="13cdc9d9-ddb5-4fa4-a97d-d965ccfc6d4b" outcome="Passed" testListId="8c84fa94-04c1-424b-9868-57a2d4851a1d" relativeResultsDirectory="9e6f3641-4973-498b-be3c-205b46d57d4b" />
    <UnitTestResult executionId="8eb15959-4a22-4865-a818-b1a0cab915d8" testId="e1b36847-cc65-e739-8fc1-4c65074486c5" testName="Construct_WithException_ResponseWithException" computerName="DKSR-EFI-06" duration="00:00:00.0019627" startTime="2024-01-09T15:41:22.2475439+01:00" endTime="2024-01-09T15:41:22.2475439+01:00" testType="13cdc9d9-ddb5-4fa4-a97d-d965ccfc6d4b" outcome="Passed" testListId="8c84fa94-04c1-424b-9868-57a2d4851a1d" relativeResultsDirectory="8eb15959-4a22-4865-a818-b1a0cab915d8" />
    <UnitTestResult executionId="6fd1198c-32d8-47d6-aced-ae4f8baba658" testId="2a8032ec-2494-843d-f098-18bbc743b65d" testName="UserName_HasNameClaim_ReturnsUserName" computerName="DKSR-EFI-06" duration="00:00:00.0023064" startTime="2024-01-09T15:41:26.8881728+01:00" endTime="2024-01-09T15:41:26.8881728+01:00" testType="13cdc9d9-ddb5-4fa4-a97d-d965ccfc6d4b" outcome="Passed" testListId="8c84fa94-04c1-424b-9868-57a2d4851a1d" relativeResultsDirectory="6fd1198c-32d8-47d6-aced-ae4f8baba658" />
    <UnitTestResult executionId="65fb4343-1545-4538-978e-15357ca08f18" testId="ee4023a9-7ef5-de07-c4fc-93e795d5baa7" testName="SendRequest_ResponseHasStatusCodeAndCustomIdpError_ThrowCorrectIdpException (400,InvalidToken,VideoOS.IdentityServer.Common.Exceptions.DefaultErrorException)" computerName="DKSR-EFI-06" duration="00:00:00.0010138" startTime="2024-01-09T15:41:22.9506689+01:00" endTime="2024-01-09T15:41:22.9819219+01:00" testType="13cdc9d9-ddb5-4fa4-a97d-d965ccfc6d4b" outcome="Passed" testListId="8c84fa94-04c1-424b-9868-57a2d4851a1d" relativeResultsDirectory="65fb4343-1545-4538-978e-15357ca08f18" />
    <UnitTestResult executionId="3586c2f5-69a7-4c77-9cd8-f19dfd7e0a0b" testId="6c035807-52d4-6caf-a566-ec498448b6fa" testName="Constructor_ClientTokenSettingsIsNull_ThrowArgumentNullException" computerName="DKSR-EFI-06" duration="00:00:00.0026007" startTime="2024-01-09T15:41:19.4819166+01:00" endTime="2024-01-09T15:41:19.4819166+01:00" testType="13cdc9d9-ddb5-4fa4-a97d-d965ccfc6d4b" outcome="Passed" testListId="8c84fa94-04c1-424b-9868-57a2d4851a1d" relativeResultsDirectory="3586c2f5-69a7-4c77-9cd8-f19dfd7e0a0b" />
    <UnitTestResult executionId="e760e5e7-0eca-4249-99ff-5adc648e75fa" testId="d85ce454-c380-2ac2-ff60-059c934c0c87" testName="ValidateToken_Success_ClaimsPrincipal" computerName="DKSR-EFI-06" duration="00:00:00.7330023" startTime="2024-01-09T15:41:19.6537893+01:00" endTime="2024-01-09T15:41:20.3881657+01:00" testType="13cdc9d9-ddb5-4fa4-a97d-d965ccfc6d4b" outcome="Passed" testListId="8c84fa94-04c1-424b-9868-57a2d4851a1d" relativeResultsDirectory="e760e5e7-0eca-4249-99ff-5adc648e75fa" />
    <UnitTestResult executionId="2c1c5bff-ae32-45ab-bb5f-2c93e1922493" testId="d0d162e0-a27a-438e-6e3b-3fe15b89c2fa" testName="DeleteAdmin_ParameterIsNull_ThrowArgumentException (abc,)" computerName="DKSR-EFI-06" duration="00:00:00.0001332" startTime="2024-01-09T15:41:25.9975436+01:00" endTime="2024-01-09T15:41:25.9975436+01:00" testType="13cdc9d9-ddb5-4fa4-a97d-d965ccfc6d4b" outcome="Passed" testListId="8c84fa94-04c1-424b-9868-57a2d4851a1d" relativeResultsDirectory="2c1c5bff-ae32-45ab-bb5f-2c93e1922493" />
    <UnitTestResult executionId="97d47851-5ff2-4f89-a24d-4c83da736968" testId="1620f4f3-fa43-753e-a977-2bf07d76d45d" testName="HasValidScheme_UriIsMailTo_ReturnsTrue" computerName="DKSR-EFI-06" duration="00:00:00.0001879" startTime="2024-01-09T15:41:25.6537939+01:00" endTime="2024-01-09T15:41:25.6537939+01:00" testType="13cdc9d9-ddb5-4fa4-a97d-d965ccfc6d4b" outcome="Passed" testListId="8c84fa94-04c1-424b-9868-57a2d4851a1d" relativeResultsDirectory="97d47851-5ff2-4f89-a24d-4c83da736968" />
    <UnitTestResult executionId="125a7a0c-04e1-4163-b723-be98d669e8b7" testId="05652edd-928f-dd7d-e6ce-82417f010b21" testName="ValidateToken_TokenValidationParametersIsNull_ThrowArgumentNullException" computerName="DKSR-EFI-06" duration="00:00:00.0005999" startTime="2024-01-09T15:41:19.5756675+01:00" endTime="2024-01-09T15:41:19.5756675+01:00" testType="13cdc9d9-ddb5-4fa4-a97d-d965ccfc6d4b" outcome="Passed" testListId="8c84fa94-04c1-424b-9868-57a2d4851a1d" relativeResultsDirectory="125a7a0c-04e1-4163-b723-be98d669e8b7" />
    <UnitTestResult executionId="03fcb44d-60c0-4e53-8f1b-c8602d825a3b" testId="437f2012-d0bd-9480-97fb-1b4e5a423d3b" testName="CreateException_AnythingElse_Is_DefaultErrorException" computerName="DKSR-EFI-06" duration="00:00:00.0002801" startTime="2024-01-09T15:41:27.1069168+01:00" endTime="2024-01-09T15:41:27.1069168+01:00" testType="13cdc9d9-ddb5-4fa4-a97d-d965ccfc6d4b" outcome="Passed" testListId="8c84fa94-04c1-424b-9868-57a2d4851a1d" relativeResultsDirectory="03fcb44d-60c0-4e53-8f1b-c8602d825a3b" />
    <UnitTestResult executionId="2b77abc0-5d60-41d6-9e4f-5e46fe7fd0f8" testId="bbacb338-027e-8ff3-9426-ba091de7dfef" testName="BeforeSendRequest_ThrowsUnexpectedException_RethrowsException" computerName="DKSR-EFI-06" duration="00:00:00.0016709" startTime="2024-01-09T15:41:26.4350463+01:00" endTime="2024-01-09T15:41:26.4350463+01:00" testType="13cdc9d9-ddb5-4fa4-a97d-d965ccfc6d4b" outcome="Passed" testListId="8c84fa94-04c1-424b-9868-57a2d4851a1d" relativeResultsDirectory="2b77abc0-5d60-41d6-9e4f-5e46fe7fd0f8" />
    <UnitTestResult executionId="6c1f0c7d-e7a9-47b5-b296-6108e1d4b731" testId="df356c35-94b9-ef56-4b12-cc6f86331c25" testName="GetUserCollection_QueryParameterIsVariableSize_QueryParameterIsUsedWhenNotTooBig (2048,False)" computerName="DKSR-EFI-06" duration="00:00:00.0026999" startTime="2024-01-09T15:41:25.8725440+01:00" endTime="2024-01-09T15:41:25.8725440+01:00" testType="13cdc9d9-ddb5-4fa4-a97d-d965ccfc6d4b" outcome="Passed" testListId="8c84fa94-04c1-424b-9868-57a2d4851a1d" relativeResultsDirectory="6c1f0c7d-e7a9-47b5-b296-6108e1d4b731" />
    <UnitTestResult executionId="3a6e44b8-5ddd-417c-ac20-a3b147ef3e8d" testId="ee4023a9-7ef5-de07-c4fc-93e795d5baa7" testName="SendRequest_ResponseHasStatusCodeAndCustomIdpError_ThrowCorrectIdpException (400,UserAlreadyHasPassword,VideoOS.IdentityServer.Common.Exceptions.DefaultErrorException)" computerName="DKSR-EFI-06" duration="00:00:00.0006816" startTime="2024-01-09T15:41:22.9506689+01:00" endTime="2024-01-09T15:41:22.9819219+01:00" testType="13cdc9d9-ddb5-4fa4-a97d-d965ccfc6d4b" outcome="Passed" testListId="8c84fa94-04c1-424b-9868-57a2d4851a1d" relativeResultsDirectory="3a6e44b8-5ddd-417c-ac20-a3b147ef3e8d" />
    <UnitTestResult executionId="e425281c-3b02-4d40-8c9a-595e73603492" testId="6ee35bac-519f-b442-48b8-ad90bff16940" testName="RefreshToken_TokenHandlerReturnsToken_RefreshTokenReturnsToken" computerName="DKSR-EFI-06" duration="00:00:00.0031342" startTime="2024-01-09T15:41:26.7475438+01:00" endTime="2024-01-09T15:41:26.7631697+01:00" testType="13cdc9d9-ddb5-4fa4-a97d-d965ccfc6d4b" outcome="Passed" testListId="8c84fa94-04c1-424b-9868-57a2d4851a1d" relativeResultsDirectory="e425281c-3b02-4d40-8c9a-595e73603492" />
    <UnitTestResult executionId="b1bc7b0c-639b-4066-b596-0b557bc38a74" testId="ee5160b1-3233-41e0-3299-0425a39eeee5" testName="RefreshToken_IdTokenNotRetrieved_NoError" computerName="DKSR-EFI-06" duration="00:00:00.0020004" startTime="2024-01-09T15:41:26.9819185+01:00" endTime="2024-01-09T15:41:26.9819185+01:00" testType="13cdc9d9-ddb5-4fa4-a97d-d965ccfc6d4b" outcome="Passed" testListId="8c84fa94-04c1-424b-9868-57a2d4851a1d" relativeResultsDirectory="b1bc7b0c-639b-4066-b596-0b557bc38a74" />
    <UnitTestResult executionId="c425fd7e-be98-422c-9a87-aa3848219b15" testId="6afc125c-c7a5-eaa7-7af0-9ebe233aad22" testName="SendRequest_ResponseHasBadStatusCode_ThrowIdpException (UpgradeRequired)" computerName="DKSR-EFI-06" duration="00:00:00.0007499" startTime="2024-01-09T15:41:22.8881687+01:00" endTime="2024-01-09T15:41:22.8881687+01:00" testType="13cdc9d9-ddb5-4fa4-a97d-d965ccfc6d4b" outcome="Passed" testListId="8c84fa94-04c1-424b-9868-57a2d4851a1d" relativeResultsDirectory="c425fd7e-be98-422c-9a87-aa3848219b15" />
    <UnitTestResult executionId="b6f29e6b-c4e5-4aef-a8b1-33ed9010a1b7" testId="3f9c843a-1e55-447d-5796-24cc11eb0601" testName="Ctor_ValueIsNull_ThrowsArgumentNullException" computerName="DKSR-EFI-06" duration="00:00:00.0008270" startTime="2024-01-09T15:41:26.4350463+01:00" endTime="2024-01-09T15:41:26.4350463+01:00" testType="13cdc9d9-ddb5-4fa4-a97d-d965ccfc6d4b" outcome="Passed" testListId="8c84fa94-04c1-424b-9868-57a2d4851a1d" relativeResultsDirectory="b6f29e6b-c4e5-4aef-a8b1-33ed9010a1b7" />
    <UnitTestResult executionId="e24c3ed5-b9d9-484f-aab1-5fdae7328f69" testId="737140b9-e37f-2a4f-5ecb-7640b87ef58e" testName="GetUser_ParameterIsNull_ThrowArgumentException (,abc)" computerName="DKSR-EFI-06" duration="00:00:00.0012280" startTime="2024-01-09T15:41:25.6694212+01:00" endTime="2024-01-09T15:41:25.6694212+01:00" testType="13cdc9d9-ddb5-4fa4-a97d-d965ccfc6d4b" outcome="Passed" testListId="8c84fa94-04c1-424b-9868-57a2d4851a1d" relativeResultsDirectory="e24c3ed5-b9d9-484f-aab1-5fdae7328f69" />
    <UnitTestResult executionId="98d1b3b0-cc42-45af-b875-80080f07f366" testId="2461b8e3-8daf-c6ae-fd7a-04ef2c9029b1" testName="Construct_InvalidParam_BaseServeruri_Null_Throws_ArgumentNullException" computerName="DKSR-EFI-06" duration="00:00:00.0006864" startTime="2024-01-09T15:41:26.8881728+01:00" endTime="2024-01-09T15:41:26.8881728+01:00" testType="13cdc9d9-ddb5-4fa4-a97d-d965ccfc6d4b" outcome="Passed" testListId="8c84fa94-04c1-424b-9868-57a2d4851a1d" relativeResultsDirectory="98d1b3b0-cc42-45af-b875-80080f07f366" />
    <UnitTestResult executionId="1adaed55-35c7-44a0-8c30-705901a8c91f" testId="c46d157a-ee92-777a-ec56-c2afd9b36a47" testName="ValidateIdpServer_SimulateValidResponseFromOAuthServer_WithValidCertificate" computerName="DKSR-EFI-06" duration="00:00:00.0100539" startTime="2024-01-09T15:41:23.5600464+01:00" endTime="2024-01-09T15:41:23.5756688+01:00" testType="13cdc9d9-ddb5-4fa4-a97d-d965ccfc6d4b" outcome="Passed" testListId="8c84fa94-04c1-424b-9868-57a2d4851a1d" relativeResultsDirectory="1adaed55-35c7-44a0-8c30-705901a8c91f" />
    <UnitTestResult executionId="497258fd-2f4d-4ea4-90df-1d611d7c6995" testId="d500cfda-0f9f-e179-c72f-1f44e45838d9" testName="RegisterClient_ResponseHasSuccessfulStatusCode_CorrectRequestUriIsPassedAndModelWithSecretIsReturned" computerName="DKSR-EFI-06" duration="00:00:00.1473337" startTime="2024-01-09T15:41:23.0912966+01:00" endTime="2024-01-09T15:41:23.2319196+01:00" testType="13cdc9d9-ddb5-4fa4-a97d-d965ccfc6d4b" outcome="Passed" testListId="8c84fa94-04c1-424b-9868-57a2d4851a1d" relativeResultsDirectory="497258fd-2f4d-4ea4-90df-1d611d7c6995" />
    <UnitTestResult executionId="31a6ac08-7b0b-456d-8e78-05a63fb11838" testId="c25f8796-8fb8-e9c9-dc4c-16994d769571" testName="GetAsync_ErrorTypeException_DiscoveryResponseIsError" computerName="DKSR-EFI-06" duration="00:00:00.0048392" startTime="2024-01-09T15:41:22.3256695+01:00" endTime="2024-01-09T15:41:22.3256695+01:00" testType="13cdc9d9-ddb5-4fa4-a97d-d965ccfc6d4b" outcome="Passed" testListId="8c84fa94-04c1-424b-9868-57a2d4851a1d" relativeResultsDirectory="31a6ac08-7b0b-456d-8e78-05a63fb11838" />
    <UnitTestResult executionId="1393dbb4-931c-42fe-a6b9-67569289ccb7" testId="0650eafd-0764-a4dd-8f31-2c251d438215" testName="CreateTrustedIssuer_ModelIsNull_ThrowArgumentNullException" computerName="DKSR-EFI-06" duration="00:00:00.0010645" startTime="2024-01-09T15:41:26.1225443+01:00" endTime="2024-01-09T15:41:26.1225443+01:00" testType="13cdc9d9-ddb5-4fa4-a97d-d965ccfc6d4b" outcome="Passed" testListId="8c84fa94-04c1-424b-9868-57a2d4851a1d" relativeResultsDirectory="1393dbb4-931c-42fe-a6b9-67569289ccb7" />
    <UnitTestResult executionId="659a4f34-632e-4cb0-a249-32de35d8b8f5" testId="083062ca-22b3-f842-aa3b-2548ef3b2afa" testName="RegisterClient_AccessTokenIsNull_ThrowArgumentException" computerName="DKSR-EFI-06" duration="00:00:00.0022152" startTime="2024-01-09T15:41:23.0756697+01:00" endTime="2024-01-09T15:41:23.0912966+01:00" testType="13cdc9d9-ddb5-4fa4-a97d-d965ccfc6d4b" outcome="Passed" testListId="8c84fa94-04c1-424b-9868-57a2d4851a1d" relativeResultsDirectory="659a4f34-632e-4cb0-a249-32de35d8b8f5" />
    <UnitTestResult executionId="b9a385d2-0169-4235-840c-b53c3c66cebd" testId="79bdc8ed-4f4b-9849-1ddd-b15e09b27525" testName="CreateException_ErrorStrongPassword_Is_PasswordNotComplexEnoughException" computerName="DKSR-EFI-06" duration="00:00:00.0002835" startTime="2024-01-09T15:41:27.0600462+01:00" endTime="2024-01-09T15:41:27.0600462+01:00" testType="13cdc9d9-ddb5-4fa4-a97d-d965ccfc6d4b" outcome="Passed" testListId="8c84fa94-04c1-424b-9868-57a2d4851a1d" relativeResultsDirectory="b9a385d2-0169-4235-840c-b53c3c66cebd" />
    <UnitTestResult executionId="85d1cff0-7f88-4f54-9b4b-dd9aaaaa73db" testId="4028140e-6ceb-44db-b0b0-5a4385a02e69" testName="HasValidScheme_UriInvalid_Null_ReturnsFalse" computerName="DKSR-EFI-06" duration="00:00:00.0001830" startTime="2024-01-09T15:41:25.6381669+01:00" endTime="2024-01-09T15:41:25.6381669+01:00" testType="13cdc9d9-ddb5-4fa4-a97d-d965ccfc6d4b" outcome="Passed" testListId="8c84fa94-04c1-424b-9868-57a2d4851a1d" relativeResultsDirectory="85d1cff0-7f88-4f54-9b4b-dd9aaaaa73db" />
    <UnitTestResult executionId="a1904228-459d-4808-819a-2f9c8bbabbfc" testId="f2d7d06b-9241-871a-61b6-24bd28dbad8b" testName="GetLogin_ParameterIsNull_ThrowArgumentException (abc,,)" computerName="DKSR-EFI-06" duration="00:00:00.0001740" startTime="2024-01-09T15:41:25.9194210+01:00" endTime="2024-01-09T15:41:25.9194210+01:00" testType="13cdc9d9-ddb5-4fa4-a97d-d965ccfc6d4b" outcome="Passed" testListId="8c84fa94-04c1-424b-9868-57a2d4851a1d" relativeResultsDirectory="a1904228-459d-4808-819a-2f9c8bbabbfc" />
    <UnitTestResult executionId="a46f0c94-7e22-4b51-a171-d865a0b5fd64" testId="19385676-0b53-c79d-1ffa-123def9ca885" testName="Authenticate_AuthHeaderHasMalformedToken_ReturnNull" computerName="DKSR-EFI-06" duration="00:00:00.0095524" startTime="2024-01-09T15:41:26.5444214+01:00" endTime="2024-01-09T15:41:26.5444214+01:00" testType="13cdc9d9-ddb5-4fa4-a97d-d965ccfc6d4b" outcome="Passed" testListId="8c84fa94-04c1-424b-9868-57a2d4851a1d" relativeResultsDirectory="a46f0c94-7e22-4b51-a171-d865a0b5fd64">
      <Output>
        <StdOut>Debug Trace:&#xD;
Cannot read the provided token.</StdOut>
      </Output>
    </UnitTestResult>
    <UnitTestResult executionId="55039c1a-f817-4e09-8884-5edfb5937d65" testId="6aef1b61-0dc3-b6ce-7dbd-e4e62a370ac5" testName="CreateException_PasswordRequiresUniqueChars_Is_PasswordNotComplexEnoughException" computerName="DKSR-EFI-06" duration="00:00:00.0002672" startTime="2024-01-09T15:41:27.0756673+01:00" endTime="2024-01-09T15:41:27.0756673+01:00" testType="13cdc9d9-ddb5-4fa4-a97d-d965ccfc6d4b" outcome="Passed" testListId="8c84fa94-04c1-424b-9868-57a2d4851a1d" relativeResultsDirectory="55039c1a-f817-4e09-8884-5edfb5937d65" />
    <UnitTestResult executionId="f209f1e4-b222-4075-8d3b-857025e8d41b" testId="b4267121-9b95-3e21-c565-aedda680f67b" testName="CheckAccess_PrincipalHasWrongScopeClaim_ReturnsFalse (Abc)" computerName="DKSR-EFI-06" duration="00:00:00.0029171" startTime="2024-01-09T15:41:26.6069172+01:00" endTime="2024-01-09T15:41:26.6069172+01:00" testType="13cdc9d9-ddb5-4fa4-a97d-d965ccfc6d4b" outcome="Passed" testListId="8c84fa94-04c1-424b-9868-57a2d4851a1d" relativeResultsDirectory="f209f1e4-b222-4075-8d3b-857025e8d41b" />
    <UnitTestResult executionId="8bf95613-3ecf-4a86-b7c6-c19117c30de1" testId="b05795f0-d2f6-22ea-cbc0-12b777940158" testName="Constructor_ScopeIsNull_ThrowArgumentNullException" computerName="DKSR-EFI-06" duration="00:00:00.0005630" startTime="2024-01-09T15:41:19.4975889+01:00" endTime="2024-01-09T15:41:19.4975889+01:00" testType="13cdc9d9-ddb5-4fa4-a97d-d965ccfc6d4b" outcome="Passed" testListId="8c84fa94-04c1-424b-9868-57a2d4851a1d" relativeResultsDirectory="8bf95613-3ecf-4a86-b7c6-c19117c30de1" />
    <UnitTestResult executionId="e0d5b845-8713-41be-bebb-90f58c3a538b" testId="a1c440cc-e9a7-05c3-3566-ebee3d13c619" testName="SendRequest_ResponseHasBadStatusCode_ThrowIdpException (BadGateway)" computerName="DKSR-EFI-06" duration="00:00:00.0008425" startTime="2024-01-09T15:41:22.9350408+01:00" endTime="2024-01-09T15:41:22.9350408+01:00" testType="13cdc9d9-ddb5-4fa4-a97d-d965ccfc6d4b" outcome="Passed" testListId="8c84fa94-04c1-424b-9868-57a2d4851a1d" relativeResultsDirectory="e0d5b845-8713-41be-bebb-90f58c3a538b" />
    <UnitTestResult executionId="2f00fc7e-47be-48d6-9c9f-051688ba056d" testId="098fb557-60b9-c84f-e666-1ebb6f9228ac" testName="SendRequest_ResponseHasBadStatusCode_ThrowIdpException (Unauthorized)" computerName="DKSR-EFI-06" duration="00:00:00.0009048" startTime="2024-01-09T15:41:22.8256699+01:00" endTime="2024-01-09T15:41:22.8256699+01:00" testType="13cdc9d9-ddb5-4fa4-a97d-d965ccfc6d4b" outcome="Passed" testListId="8c84fa94-04c1-424b-9868-57a2d4851a1d" relativeResultsDirectory="2f00fc7e-47be-48d6-9c9f-051688ba056d" />
    <UnitTestResult executionId="baadec37-fc7b-4b9e-b27a-e9ce241a2518" testId="b534d700-8c81-a428-c5af-952f23674e8e" testName="Ctor_RequireHttpsIsTrueButAddressSchemeIsHttp_ThrowsArgumentException" computerName="DKSR-EFI-06" duration="00:00:00.0024031" startTime="2024-01-09T15:41:21.3412932+01:00" endTime="2024-01-09T15:41:21.3412932+01:00" testType="13cdc9d9-ddb5-4fa4-a97d-d965ccfc6d4b" outcome="Passed" testListId="8c84fa94-04c1-424b-9868-57a2d4851a1d" relativeResultsDirectory="baadec37-fc7b-4b9e-b27a-e9ce241a2518" />
    <UnitTestResult executionId="dcc07a84-3e45-4910-aaea-b1880170ca1a" testId="f6233300-4bb5-ebc3-fb67-68daee71e649" testName="Constructor_NullHttpClient_ThrowArgumentNullException" computerName="DKSR-EFI-06" duration="00:00:00.0018696" startTime="2024-01-09T15:41:18.6381667+01:00" endTime="2024-01-09T15:41:18.6381667+01:00" testType="13cdc9d9-ddb5-4fa4-a97d-d965ccfc6d4b" outcome="Passed" testListId="8c84fa94-04c1-424b-9868-57a2d4851a1d" relativeResultsDirectory="dcc07a84-3e45-4910-aaea-b1880170ca1a" />
    <UnitTestResult executionId="287598db-4dec-4b7a-889d-39e6f77e8680" testId="ec4cb66a-617d-876b-6006-2ba82ddc24c5" testName="CreateException_LoginAlreadyAssociated_Is_LoginAlreadyAssociatedException" computerName="DKSR-EFI-06" duration="00:00:00.0002391" startTime="2024-01-09T15:41:27.0912943+01:00" endTime="2024-01-09T15:41:27.0912943+01:00" testType="13cdc9d9-ddb5-4fa4-a97d-d965ccfc6d4b" outcome="Passed" testListId="8c84fa94-04c1-424b-9868-57a2d4851a1d" relativeResultsDirectory="287598db-4dec-4b7a-889d-39e6f77e8680" />
    <UnitTestResult executionId="475dda32-52e9-4900-987e-927fcf90e2aa" testId="465c8cd2-c8da-7a18-e799-1339dfb5880e" testName="CreateUser_CreateUserModelIsNull_ThrowArgumentNullException" computerName="DKSR-EFI-06" duration="00:00:00.0010925" startTime="2024-01-09T15:41:25.7319197+01:00" endTime="2024-01-09T15:41:25.7319197+01:00" testType="13cdc9d9-ddb5-4fa4-a97d-d965ccfc6d4b" outcome="Passed" testListId="8c84fa94-04c1-424b-9868-57a2d4851a1d" relativeResultsDirectory="475dda32-52e9-4900-987e-927fcf90e2aa" />
    <UnitTestResult executionId="6c6b04eb-98f7-468a-aa80-bc4b83857045" testId="3947b69a-c95e-04ea-68de-b5f0fc66e8c1" testName="GetLogin_ParameterIsNull_ThrowArgumentException (,abc,)" computerName="DKSR-EFI-06" duration="00:00:00.0001460" startTime="2024-01-09T15:41:25.9194210+01:00" endTime="2024-01-09T15:41:25.9194210+01:00" testType="13cdc9d9-ddb5-4fa4-a97d-d965ccfc6d4b" outcome="Passed" testListId="8c84fa94-04c1-424b-9868-57a2d4851a1d" relativeResultsDirectory="6c6b04eb-98f7-468a-aa80-bc4b83857045" />
    <UnitTestResult executionId="a779204a-55c8-402e-ad58-9efdcc08ac5a" testId="fc0fef98-8b80-5ef6-59d2-fe46d77e15c0" testName="UpdateUser_ResponseHasSuccessfulStatusCode_CorrectRequestUriIsPassedAndUserIsReturned" computerName="DKSR-EFI-06" duration="00:00:00.0443648" startTime="2024-01-09T15:41:25.7631709+01:00" endTime="2024-01-09T15:41:25.7944194+01:00" testType="13cdc9d9-ddb5-4fa4-a97d-d965ccfc6d4b" outcome="Passed" testListId="8c84fa94-04c1-424b-9868-57a2d4851a1d" relativeResultsDirectory="a779204a-55c8-402e-ad58-9efdcc08ac5a" />
    <UnitTestResult executionId="55a01748-1080-408a-8ef4-fe9c75a9d9e8" testId="6305c415-2662-3605-7a21-6246fd795db9" testName="Constructor_EmptyRefreshToken_ThrowsArgumentNullException" computerName="DKSR-EFI-06" duration="00:00:00.0005647" startTime="2024-01-09T15:41:25.5912949+01:00" endTime="2024-01-09T15:41:25.5912949+01:00" testType="13cdc9d9-ddb5-4fa4-a97d-d965ccfc6d4b" outcome="Passed" testListId="8c84fa94-04c1-424b-9868-57a2d4851a1d" relativeResultsDirectory="55a01748-1080-408a-8ef4-fe9c75a9d9e8" />
    <UnitTestResult executionId="5153e379-88f1-48ce-982e-bcde925c9e00" testId="4dc452ef-89de-ef92-35ba-5de565a80983" testName="IdpTokenClient_NullCredentials_HttpClientConfiguredToUseDefualtCredentials" computerName="DKSR-EFI-06" duration="00:00:00.0100697" startTime="2024-01-09T15:41:23.3881693+01:00" endTime="2024-01-09T15:41:23.4037934+01:00" testType="13cdc9d9-ddb5-4fa4-a97d-d965ccfc6d4b" outcome="Passed" testListId="8c84fa94-04c1-424b-9868-57a2d4851a1d" relativeResultsDirectory="5153e379-88f1-48ce-982e-bcde925c9e00" />
    <UnitTestResult executionId="a1559ac4-ff61-441f-a174-97d5e550a927" testId="dead27ec-ffeb-f213-e424-1f80d53ea366" testName="ValidateIdpServer_SimulateValidResponseFromPreOAuthServer_WithValidCertificate" computerName="DKSR-EFI-06" duration="00:00:00.0365671" startTime="2024-01-09T15:41:23.5131692+01:00" endTime="2024-01-09T15:41:23.5444229+01:00" testType="13cdc9d9-ddb5-4fa4-a97d-d965ccfc6d4b" outcome="Passed" testListId="8c84fa94-04c1-424b-9868-57a2d4851a1d" relativeResultsDirectory="a1559ac4-ff61-441f-a174-97d5e550a927" />
    <UnitTestResult executionId="4d51e19e-a0d3-4f31-9b86-3879d89c827c" testId="45e382ab-a2e7-81c4-c83f-6e836a16f442" testName="Start_TimeToTokenExpireOver5min_NewStart_TokenCacheUpdated" computerName="DKSR-EFI-06" duration="00:00:00.0051588" startTime="2024-01-09T15:41:26.7475438+01:00" endTime="2024-01-09T15:41:26.7475438+01:00" testType="13cdc9d9-ddb5-4fa4-a97d-d965ccfc6d4b" outcome="Passed" testListId="8c84fa94-04c1-424b-9868-57a2d4851a1d" relativeResultsDirectory="4d51e19e-a0d3-4f31-9b86-3879d89c827c" />
    <UnitTestResult executionId="5e6221ab-f895-4dc6-bb53-7f96b56d5c8f" testId="ee4023a9-7ef5-de07-c4fc-93e795d5baa7" testName="SendRequest_ResponseHasStatusCodeAndCustomIdpError_ThrowCorrectIdpException (400,PasswordTooShort,VideoOS.IdentityServer.Common.Exceptions.PasswordNotComplexEnoughException)" computerName="DKSR-EFI-06" duration="00:00:00.0007885" startTime="2024-01-09T15:41:22.9506689+01:00" endTime="2024-01-09T15:41:22.9819219+01:00" testType="13cdc9d9-ddb5-4fa4-a97d-d965ccfc6d4b" outcome="Passed" testListId="8c84fa94-04c1-424b-9868-57a2d4851a1d" relativeResultsDirectory="5e6221ab-f895-4dc6-bb53-7f96b56d5c8f" />
    <UnitTestResult executionId="845007d8-ac32-477e-a469-a660624429ae" testId="d35048be-1680-5fe1-6d7b-c9c557f71eff" testName="GetUsersAfterModifiedDate_DateTimeIsSet_UriQueryContainsTheFilter" computerName="DKSR-EFI-06" duration="00:00:00.0179580" startTime="2024-01-09T15:41:26.0756690+01:00" endTime="2024-01-09T15:41:26.0912932+01:00" testType="13cdc9d9-ddb5-4fa4-a97d-d965ccfc6d4b" outcome="Passed" testListId="8c84fa94-04c1-424b-9868-57a2d4851a1d" relativeResultsDirectory="845007d8-ac32-477e-a469-a660624429ae" />
    <UnitTestResult executionId="7578bfaa-19a2-4c6e-ac08-3f8ea5ba7d8a" testId="4fec9ec7-a715-f40d-70ae-2bde7321c0b8" testName="SendRequest_ResponseHasBadStatusCode_ThrowIdpException (ProxyAuthenticationRequired)" computerName="DKSR-EFI-06" duration="00:00:00.0008940" startTime="2024-01-09T15:41:22.8569177+01:00" endTime="2024-01-09T15:41:22.8569177+01:00" testType="13cdc9d9-ddb5-4fa4-a97d-d965ccfc6d4b" outcome="Passed" testListId="8c84fa94-04c1-424b-9868-57a2d4851a1d" relativeResultsDirectory="7578bfaa-19a2-4c6e-ac08-3f8ea5ba7d8a" />
    <UnitTestResult executionId="000ec5ee-fea2-4948-9c94-14e37ba21b23" testId="6c22c485-f80c-11c5-01c7-a10cd38d415a" testName="CheckAccess_PrincipalHasWrongScopeClaim_ReturnsFalse (ABC)" computerName="DKSR-EFI-06" duration="00:00:00.0033203" startTime="2024-01-09T15:41:26.6069172+01:00" endTime="2024-01-09T15:41:26.6069172+01:00" testType="13cdc9d9-ddb5-4fa4-a97d-d965ccfc6d4b" outcome="Passed" testListId="8c84fa94-04c1-424b-9868-57a2d4851a1d" relativeResultsDirectory="000ec5ee-fea2-4948-9c94-14e37ba21b23" />
    <UnitTestResult executionId="bc4c4788-428e-4ddc-a733-f877d2d45466" testId="8930d882-3bbd-8944-5200-f7a907000dfc" testName="BeforeSendRequest_ThrowsHttpRequestExceptionWithWebException_ThrowsCommunicationException (ProtocolError)" computerName="DKSR-EFI-06" duration="00:00:00.0002334" startTime="2024-01-09T15:41:26.3725455+01:00" endTime="2024-01-09T15:41:26.3725455+01:00" testType="13cdc9d9-ddb5-4fa4-a97d-d965ccfc6d4b" outcome="Passed" testListId="8c84fa94-04c1-424b-9868-57a2d4851a1d" relativeResultsDirectory="bc4c4788-428e-4ddc-a733-f877d2d45466" />
    <UnitTestResult executionId="6a1b3779-bd19-4f5d-bdbf-2967bea51677" testId="d8254cb2-99a9-5fa4-0212-2ded41c41bd0" testName="Construct_InvalidParam_ClientId_EmptyString_Throws_ArgumentNullException" computerName="DKSR-EFI-06" duration="00:00:00.0005532" startTime="2024-01-09T15:41:26.8881728+01:00" endTime="2024-01-09T15:41:26.9037939+01:00" testType="13cdc9d9-ddb5-4fa4-a97d-d965ccfc6d4b" outcome="Passed" testListId="8c84fa94-04c1-424b-9868-57a2d4851a1d" relativeResultsDirectory="6a1b3779-bd19-4f5d-bdbf-2967bea51677" />
    <UnitTestResult executionId="1897debc-b22d-4ab5-b2aa-f0e67879188a" testId="b9e2ee06-91b7-acf8-fabd-84e17e5fc555" testName="GetUsers_ResponseHasSuccessfulStatusCode_CorrectRequestUriIsPassedAndUserIsReturned" computerName="DKSR-EFI-06" duration="00:00:00.0072607" startTime="2024-01-09T15:41:25.7162937+01:00" endTime="2024-01-09T15:41:25.7162937+01:00" testType="13cdc9d9-ddb5-4fa4-a97d-d965ccfc6d4b" outcome="Passed" testListId="8c84fa94-04c1-424b-9868-57a2d4851a1d" relativeResultsDirectory="1897debc-b22d-4ab5-b2aa-f0e67879188a" />
    <UnitTestResult executionId="96e7e5b7-0539-4ba0-a00f-cf87a45cb0fd" testId="48e5f408-630a-7efe-4163-87f853b9fc3c" testName="DeleteTrustedIssuers_ResponseHasSuccessfulStatusCode_CorrectRequestUriIsPassed" computerName="DKSR-EFI-06" duration="00:00:00.0079366" startTime="2024-01-09T15:41:26.1694227+01:00" endTime="2024-01-09T15:41:26.1694227+01:00" testType="13cdc9d9-ddb5-4fa4-a97d-d965ccfc6d4b" outcome="Passed" testListId="8c84fa94-04c1-424b-9868-57a2d4851a1d" relativeResultsDirectory="96e7e5b7-0539-4ba0-a00f-cf87a45cb0fd" />
    <UnitTestResult executionId="67cdead3-f715-4b1f-83d3-1a5f29a4304d" testId="2b021d7e-c76f-2f26-bc24-23b377698977" testName="Authenticate_AuthHeaderIsMalformed_ReturnNull" computerName="DKSR-EFI-06" duration="00:00:00.0063577" startTime="2024-01-09T15:41:26.5287972+01:00" endTime="2024-01-09T15:41:26.5287972+01:00" testType="13cdc9d9-ddb5-4fa4-a97d-d965ccfc6d4b" outcome="Passed" testListId="8c84fa94-04c1-424b-9868-57a2d4851a1d" relativeResultsDirectory="67cdead3-f715-4b1f-83d3-1a5f29a4304d">
      <Output>
        <StdOut>Debug Trace:&#xD;
Incorrect authorization header. The value was: ' '</StdOut>
      </Output>
    </UnitTestResult>
    <UnitTestResult executionId="db43510d-5d37-4f4b-807d-56edb924de78" testId="ddded40e-1f02-eacb-d4a2-e26ac1095ebf" testName="Dispose_TokenDisposed_ObjectDisposedException" computerName="DKSR-EFI-06" duration="00:00:00.0009015" startTime="2024-01-09T15:41:26.8725449+01:00" endTime="2024-01-09T15:41:26.8725449+01:00" testType="13cdc9d9-ddb5-4fa4-a97d-d965ccfc6d4b" outcome="Passed" testListId="8c84fa94-04c1-424b-9868-57a2d4851a1d" relativeResultsDirectory="db43510d-5d37-4f4b-807d-56edb924de78" />
    <UnitTestResult executionId="769cc582-d367-4725-a086-5c6099471496" testId="07e017ec-27c0-e3c7-e86f-7418562949bd" testName="Start_TokenRefreshFailed_StartTimerInterval5" computerName="DKSR-EFI-06" duration="00:00:00.0038969" startTime="2024-01-09T15:41:26.7006727+01:00" endTime="2024-01-09T15:41:26.7162962+01:00" testType="13cdc9d9-ddb5-4fa4-a97d-d965ccfc6d4b" outcome="Passed" testListId="8c84fa94-04c1-424b-9868-57a2d4851a1d" relativeResultsDirectory="769cc582-d367-4725-a086-5c6099471496" />
    <UnitTestResult executionId="74e72389-1123-4a85-a7d7-7cdbcf058d39" testId="ecb758fe-0180-464c-e553-3e17f3a94b1f" testName="HasValidScheme_UriIsNetPipe_ReturnsTrue" computerName="DKSR-EFI-06" duration="00:00:00.0001998" startTime="2024-01-09T15:41:25.6537939+01:00" endTime="2024-01-09T15:41:25.6537939+01:00" testType="13cdc9d9-ddb5-4fa4-a97d-d965ccfc6d4b" outcome="Passed" testListId="8c84fa94-04c1-424b-9868-57a2d4851a1d" relativeResultsDirectory="74e72389-1123-4a85-a7d7-7cdbcf058d39" />
    <UnitTestResult executionId="563bdfbc-08e6-4a76-9202-11d9761d3102" testId="5ac69b1a-a384-bee2-381f-56a296f2c282" testName="CreateException_404_UserNotFound_Is_UserNotFoundException" computerName="DKSR-EFI-06" duration="00:00:00.0002633" startTime="2024-01-09T15:41:27.0287958+01:00" endTime="2024-01-09T15:41:27.0287958+01:00" testType="13cdc9d9-ddb5-4fa4-a97d-d965ccfc6d4b" outcome="Passed" testListId="8c84fa94-04c1-424b-9868-57a2d4851a1d" relativeResultsDirectory="563bdfbc-08e6-4a76-9202-11d9761d3102" />
    <UnitTestResult executionId="10452ed3-8d0f-4cd7-9c0f-3a329d510c9d" testId="abc17b2d-2fdc-8231-f8f9-d08681dce944" testName="Construct_InvalidParam_GrantType_EmptyString_Throws_ArgumentNullException" computerName="DKSR-EFI-06" duration="00:00:00.0006269" startTime="2024-01-09T15:41:26.9037939+01:00" endTime="2024-01-09T15:41:26.9037939+01:00" testType="13cdc9d9-ddb5-4fa4-a97d-d965ccfc6d4b" outcome="Passed" testListId="8c84fa94-04c1-424b-9868-57a2d4851a1d" relativeResultsDirectory="10452ed3-8d0f-4cd7-9c0f-3a329d510c9d" />
    <UnitTestResult executionId="deff902e-ff4e-4347-9316-fcaea1e9e03c" testId="0849ef5c-5ece-5fd5-f289-447abc0f32b7" testName="GetEventLogs_NumberToReturnIsOutOfRange_ThrowsArgumentOutOfRangeException (0)" computerName="DKSR-EFI-06" duration="00:00:00.0001494" startTime="2024-01-09T15:41:26.0600454+01:00" endTime="2024-01-09T15:41:26.0600454+01:00" testType="13cdc9d9-ddb5-4fa4-a97d-d965ccfc6d4b" outcome="Passed" testListId="8c84fa94-04c1-424b-9868-57a2d4851a1d" relativeResultsDirectory="deff902e-ff4e-4347-9316-fcaea1e9e03c" />
    <UnitTestResult executionId="12290dc9-57ab-4462-bf66-ba9d8eb67687" testId="884913dc-63e3-b134-e957-2e7bedb5da00" testName="DeleteUser_ParameterIsNull_ThrowArgumentException (abc,)" computerName="DKSR-EFI-06" duration="00:00:00.0001306" startTime="2024-01-09T15:41:25.8100449+01:00" endTime="2024-01-09T15:41:25.8100449+01:00" testType="13cdc9d9-ddb5-4fa4-a97d-d965ccfc6d4b" outcome="Passed" testListId="8c84fa94-04c1-424b-9868-57a2d4851a1d" relativeResultsDirectory="12290dc9-57ab-4462-bf66-ba9d8eb67687" />
    <UnitTestResult executionId="332c5b58-3812-4bbc-938f-f1ae21884803" testId="41159a03-c027-b654-a27a-5a7d8d8246d9" testName="GetClaimValue_IdTokenNotRetrieved_Throws_InvalidOperationException" computerName="DKSR-EFI-06" duration="00:00:00.0013298" startTime="2024-01-09T15:41:26.7787949+01:00" endTime="2024-01-09T15:41:26.7787949+01:00" testType="13cdc9d9-ddb5-4fa4-a97d-d965ccfc6d4b" outcome="Passed" testListId="8c84fa94-04c1-424b-9868-57a2d4851a1d" relativeResultsDirectory="332c5b58-3812-4bbc-938f-f1ae21884803" />
    <UnitTestResult executionId="2974a3a1-c905-4f13-a046-572f839b5ec4" testId="62ab3ade-1e62-63bc-67fe-f16a91fdcb03" testName="RefreshToken_StartIsNotCalled_RefreshTokenCallsStart" computerName="DKSR-EFI-06" duration="00:00:00.0028852" startTime="2024-01-09T15:41:26.7631697+01:00" endTime="2024-01-09T15:41:26.7631697+01:00" testType="13cdc9d9-ddb5-4fa4-a97d-d965ccfc6d4b" outcome="Passed" testListId="8c84fa94-04c1-424b-9868-57a2d4851a1d" relativeResultsDirectory="2974a3a1-c905-4f13-a046-572f839b5ec4" />
    <UnitTestResult executionId="ebb74c47-e329-4126-8e03-9b4f2c1c6062" testId="11f6a1d3-68c5-e38c-c943-6b9363d564f1" testName="HandleException_WebException_Status_TrustFailure_ReturnsTrue" computerName="DKSR-EFI-06" duration="00:00:00.0001625" startTime="2024-01-09T15:41:25.6381669+01:00" endTime="2024-01-09T15:41:25.6381669+01:00" testType="13cdc9d9-ddb5-4fa4-a97d-d965ccfc6d4b" outcome="Passed" testListId="8c84fa94-04c1-424b-9868-57a2d4851a1d" relativeResultsDirectory="ebb74c47-e329-4126-8e03-9b4f2c1c6062" />
    <UnitTestResult executionId="f616e688-4a32-4214-aaa2-416780b849c7" testId="ee4023a9-7ef5-de07-c4fc-93e795d5baa7" testName="SendRequest_ResponseHasStatusCodeAndCustomIdpError_ThrowCorrectIdpException (400,ArgumentsNotResolved,VideoOS.IdentityServer.Common.Exceptions.BadArgumentsException)" computerName="DKSR-EFI-06" duration="00:00:00.0008700" startTime="2024-01-09T15:41:22.9506689+01:00" endTime="2024-01-09T15:41:22.9819219+01:00" testType="13cdc9d9-ddb5-4fa4-a97d-d965ccfc6d4b" outcome="Passed" testListId="8c84fa94-04c1-424b-9868-57a2d4851a1d" relativeResultsDirectory="f616e688-4a32-4214-aaa2-416780b849c7" />
    <UnitTestResult executionId="893db81b-d74f-438b-a8a0-a69cced0a463" testId="e537837c-49aa-c37d-6f72-a32aee3a91e2" testName="SendRequest_ResponseHasBadStatusCode_ThrowIdpException (LengthRequired)" computerName="DKSR-EFI-06" duration="00:00:00.0007791" startTime="2024-01-09T15:41:22.8725447+01:00" endTime="2024-01-09T15:41:22.8725447+01:00" testType="13cdc9d9-ddb5-4fa4-a97d-d965ccfc6d4b" outcome="Passed" testListId="8c84fa94-04c1-424b-9868-57a2d4851a1d" relativeResultsDirectory="893db81b-d74f-438b-a8a0-a69cced0a463" />
    <UnitTestResult executionId="467509a0-3c00-4c8e-bc03-be1f52cbc68e" testId="6ce955a0-0761-b09e-dcca-c2383b742171" testName="BeforeSendRequest_HttpRequestMessagePropertyHasNotBeenSet_HttpRequestMessagePropertyIsAddedWithAnAuthorizationHeaderWithBearerScheme" computerName="DKSR-EFI-06" duration="00:00:00.0979394" startTime="2024-01-09T15:41:26.2162952+01:00" endTime="2024-01-09T15:41:26.3256705+01:00" testType="13cdc9d9-ddb5-4fa4-a97d-d965ccfc6d4b" outcome="Passed" testListId="8c84fa94-04c1-424b-9868-57a2d4851a1d" relativeResultsDirectory="467509a0-3c00-4c8e-bc03-be1f52cbc68e" />
    <UnitTestResult executionId="47eba990-3bad-4c8c-9ae3-6477270ec9b8" testId="8b0bbd88-d4e3-018e-eff8-fdef5f0617d3" testName="HandleException_WebException_Status_KeepAliveFailure_ReturnsTrue" computerName="DKSR-EFI-06" duration="00:00:00.0001557" startTime="2024-01-09T15:41:25.6381669+01:00" endTime="2024-01-09T15:41:25.6381669+01:00" testType="13cdc9d9-ddb5-4fa4-a97d-d965ccfc6d4b" outcome="Passed" testListId="8c84fa94-04c1-424b-9868-57a2d4851a1d" relativeResultsDirectory="47eba990-3bad-4c8c-9ae3-6477270ec9b8" />
    <UnitTestResult executionId="d50e1c3a-ec43-40c3-aad2-cc7b0cd3093f" testId="23744893-3ce4-b3c9-e589-b7048486411c" testName="BeforeSendRequest_ThrowsHttpRequestExceptionWithWebException_ThrowsEndpointNotFoundException (NameResolutionFailure)" computerName="DKSR-EFI-06" duration="00:00:00.0002448" startTime="2024-01-09T15:41:26.3569227+01:00" endTime="2024-01-09T15:41:26.3569227+01:00" testType="13cdc9d9-ddb5-4fa4-a97d-d965ccfc6d4b" outcome="Passed" testListId="8c84fa94-04c1-424b-9868-57a2d4851a1d" relativeResultsDirectory="d50e1c3a-ec43-40c3-aad2-cc7b0cd3093f" />
    <UnitTestResult executionId="d3adb9f4-f5c8-417b-a1bc-8537430f2768" testId="e7ba2069-4614-8f70-3802-5e750be986c1" testName="Construct_DefaultConstructorAndSettings_DoesNotBlowUpOrThrowException" computerName="DKSR-EFI-06" duration="00:00:00.0004205" startTime="2024-01-09T15:41:23.4975441+01:00" endTime="2024-01-09T15:41:23.4975441+01:00" testType="13cdc9d9-ddb5-4fa4-a97d-d965ccfc6d4b" outcome="Passed" testListId="8c84fa94-04c1-424b-9868-57a2d4851a1d" relativeResultsDirectory="d3adb9f4-f5c8-417b-a1bc-8537430f2768" />
    <UnitTestResult executionId="af16e897-674d-4926-abcb-e6ccbd7cb3ec" testId="9e0b7fff-6087-8103-bf4a-c343b2ddff7d" testName="GetClaimValue_IdTokenRetrieved_ClaimNotThere_ReturnsNull" computerName="DKSR-EFI-06" duration="00:00:00.0024199" startTime="2024-01-09T15:41:26.9662938+01:00" endTime="2024-01-09T15:41:26.9819185+01:00" testType="13cdc9d9-ddb5-4fa4-a97d-d965ccfc6d4b" outcome="Passed" testListId="8c84fa94-04c1-424b-9868-57a2d4851a1d" relativeResultsDirectory="af16e897-674d-4926-abcb-e6ccbd7cb3ec" />
    <UnitTestResult executionId="6019adc0-9827-47f8-a524-3baff3659d96" testId="59315ec5-850b-190c-1c3a-c69be3cf286e" testName="GetAsync_SuccessfulResponse_OutstandingCallCanceled" computerName="DKSR-EFI-06" duration="00:00:00.0226993" startTime="2024-01-09T15:41:22.3412910+01:00" endTime="2024-01-09T15:41:22.3725441+01:00" testType="13cdc9d9-ddb5-4fa4-a97d-d965ccfc6d4b" outcome="Passed" testListId="8c84fa94-04c1-424b-9868-57a2d4851a1d" relativeResultsDirectory="6019adc0-9827-47f8-a524-3baff3659d96" />
    <UnitTestResult executionId="1203005e-6642-4be3-81e3-25d4b56b6124" testId="94cf9b96-4bb3-ba5f-0704-49b8fc9a4cf0" testName="HandleException_InnerException_WebException_Status_ProtocolError_ReturnsFalse" computerName="DKSR-EFI-06" duration="00:00:00.0002476" startTime="2024-01-09T15:41:25.6225444+01:00" endTime="2024-01-09T15:41:25.6225444+01:00" testType="13cdc9d9-ddb5-4fa4-a97d-d965ccfc6d4b" outcome="Passed" testListId="8c84fa94-04c1-424b-9868-57a2d4851a1d" relativeResultsDirectory="1203005e-6642-4be3-81e3-25d4b56b6124" />
    <UnitTestResult executionId="3de7a715-e9a9-48d1-8c5b-d80b8ed98578" testId="2c3c5b9a-85d3-0ea3-3ec1-f527226951f2" testName="RegisterClient_ScopesAreNull_ThrowArgumentNullException" computerName="DKSR-EFI-06" duration="00:00:00.0010402" startTime="2024-01-09T15:41:23.0756697+01:00" endTime="2024-01-09T15:41:23.0756697+01:00" testType="13cdc9d9-ddb5-4fa4-a97d-d965ccfc6d4b" outcome="Passed" testListId="8c84fa94-04c1-424b-9868-57a2d4851a1d" relativeResultsDirectory="3de7a715-e9a9-48d1-8c5b-d80b8ed98578" />
    <UnitTestResult executionId="8921a3fe-8110-4ef8-88fe-163d245a0e6a" testId="d1a7ae75-499e-4c81-b00a-a79e362c4160" testName="SendRequest_ResponseHasOkStatusCodeButContentHasWrongFormat_ThrowIdpException" computerName="DKSR-EFI-06" duration="00:00:00.2897956" startTime="2024-01-09T15:41:22.4037925+01:00" endTime="2024-01-09T15:41:22.6850422+01:00" testType="13cdc9d9-ddb5-4fa4-a97d-d965ccfc6d4b" outcome="Passed" testListId="8c84fa94-04c1-424b-9868-57a2d4851a1d" relativeResultsDirectory="8921a3fe-8110-4ef8-88fe-163d245a0e6a" />
    <UnitTestResult executionId="2cbbe140-2dc8-4c59-8c88-6a3a77ef271c" testId="5f39840e-bec0-c8da-e673-ef76d6aa6bc8" testName="GetLogin_ResponseHasSuccessfulStatusCode_CorrectRequestUriIsPassedAndLoginIsReturned" computerName="DKSR-EFI-06" duration="00:00:00.0085598" startTime="2024-01-09T15:41:25.9194210+01:00" endTime="2024-01-09T15:41:25.9350450+01:00" testType="13cdc9d9-ddb5-4fa4-a97d-d965ccfc6d4b" outcome="Passed" testListId="8c84fa94-04c1-424b-9868-57a2d4851a1d" relativeResultsDirectory="2cbbe140-2dc8-4c59-8c88-6a3a77ef271c" />
    <UnitTestResult executionId="1afd589d-ac61-4e25-a017-00b4f3673358" testId="9d9108bd-86db-659c-91d4-935425fa020c" testName="SendRequest_ResponseHasStatusCodeAndErrorCode_ThrowCorrectIdpException (400,ChangePassword,VideoOS.IdentityServer.Common.Exceptions.ChangePasswordException)" computerName="DKSR-EFI-06" duration="00:00:00.0051793" startTime="2024-01-09T15:41:22.9819219+01:00" endTime="2024-01-09T15:41:22.9975424+01:00" testType="13cdc9d9-ddb5-4fa4-a97d-d965ccfc6d4b" outcome="Passed" testListId="8c84fa94-04c1-424b-9868-57a2d4851a1d" relativeResultsDirectory="1afd589d-ac61-4e25-a017-00b4f3673358" />
    <UnitTestResult executionId="11572607-6c3d-42fd-89a6-05f48f210c00" testId="d1a6ae8a-cb2b-c77a-d829-943ec8fecc27" testName="BeforeSendRequest_ThrowsHttpRequestExceptionWithWebException_ThrowsEndpointNotFoundException (ConnectFailure)" computerName="DKSR-EFI-06" duration="00:00:00.0014898" startTime="2024-01-09T15:41:26.3569227+01:00" endTime="2024-01-09T15:41:26.3569227+01:00" testType="13cdc9d9-ddb5-4fa4-a97d-d965ccfc6d4b" outcome="Passed" testListId="8c84fa94-04c1-424b-9868-57a2d4851a1d" relativeResultsDirectory="11572607-6c3d-42fd-89a6-05f48f210c00" />
    <UnitTestResult executionId="fa98af68-c60c-4deb-8549-53c2fd153724" testId="3257b61e-ecc1-ecc4-fcd4-340f5d424a71" testName="CheckAccess_PrincipalHasCorrectScopeClaim_ReturnsTrue (abc,ABC)" computerName="DKSR-EFI-06" duration="00:00:00.0043959" startTime="2024-01-09T15:41:26.6069172+01:00" endTime="2024-01-09T15:41:26.6225458+01:00" testType="13cdc9d9-ddb5-4fa4-a97d-d965ccfc6d4b" outcome="Passed" testListId="8c84fa94-04c1-424b-9868-57a2d4851a1d" relativeResultsDirectory="fa98af68-c60c-4deb-8549-53c2fd153724" />
    <UnitTestResult executionId="4795e413-c1ec-4deb-98b6-f0ab9c46777d" testId="2c55edee-6a96-66e5-7447-ae0a0f99cbe5" testName="CreateLogin_ResponseHasSuccessfulStatusCode_CorrectRequestUriIsPassedAndLoginIsReturned" computerName="DKSR-EFI-06" duration="00:00:00.0095092" startTime="2024-01-09T15:41:25.9350450+01:00" endTime="2024-01-09T15:41:25.9506701+01:00" testType="13cdc9d9-ddb5-4fa4-a97d-d965ccfc6d4b" outcome="Passed" testListId="8c84fa94-04c1-424b-9868-57a2d4851a1d" relativeResultsDirectory="4795e413-c1ec-4deb-98b6-f0ab9c46777d" />
    <UnitTestResult executionId="e0328553-2303-47dd-a5c4-0f11798d02c1" testId="836c4ce4-261b-464f-c6a6-10c2a88fa0d7" testName="Constructor_NullUri_ThrowsArgumentNullException" computerName="DKSR-EFI-06" duration="00:00:00.0117004" startTime="2024-01-09T15:41:17.9975410+01:00" endTime="2024-01-09T15:41:18.3569131+01:00" testType="13cdc9d9-ddb5-4fa4-a97d-d965ccfc6d4b" outcome="Passed" testListId="8c84fa94-04c1-424b-9868-57a2d4851a1d" relativeResultsDirectory="e0328553-2303-47dd-a5c4-0f11798d02c1" />
  </Results>
  <TestDefinitions>
    <UnitTest name="CreateException_404_Is_NotFoundException" storage="d:\actions-runner\_work\xpco\xpco\common\videoos.identityserver.common\videoos.identityserver.common.unittests\bin\debug\net47\videoos.identityserver.common.unittests.dll" id="3c121194-5cce-c4ca-1fab-08ec04d15250">
      <Execution id="59aa371d-7dfb-49e3-be67-ad5bd05bc510" />
      <TestMethod codeBase="D:\actions-runner\_work\XPCO\XPCO\Common\VideoOS.IdentityServer.Common\VideoOS.IdentityServer.Common.UnitTests\bin\Debug\net47\VideoOS.IdentityServer.Common.UnitTests.dll" adapterTypeName="executor://mstestadapter/v2" className="VideoOS.IdentityServer.Common.UnitTests.Exceptions.IdpExceptionFactoryTests" name="CreateException_404_Is_NotFoundException" />
    </UnitTest>
    <UnitTest name="RefreshToken_StartIsNotCalled_RefreshTokenCallsStart" storage="d:\actions-runner\_work\xpco\xpco\common\videoos.identityserver.common\videoos.identityserver.common.unittests\bin\debug\net47\videoos.identityserver.common.unittests.dll" id="62ab3ade-1e62-63bc-67fe-f16a91fdcb03">
      <Execution id="2974a3a1-c905-4f13-a046-572f839b5ec4" />
      <TestMethod codeBase="D:\actions-runner\_work\XPCO\XPCO\Common\VideoOS.IdentityServer.Common\VideoOS.IdentityServer.Common.UnitTests\bin\Debug\net47\VideoOS.IdentityServer.Common.UnitTests.dll" adapterTypeName="executor://mstestadapter/v2" className="VideoOS.IdentityServer.Common.UnitTests.Handlers.TokenCacheTests" name="RefreshToken_StartIsNotCalled_RefreshTokenCallsStart" />
    </UnitTest>
    <UnitTest name="RegisterClient_ClientIdIsNull_ThrowArgumentException" storage="d:\actions-runner\_work\xpco\xpco\common\videoos.identityserver.common\videoos.identityserver.common.unittests\bin\debug\net47\videoos.identityserver.common.unittests.dll" id="40fe9f87-53fc-abc6-c420-fc69d725d508">
      <Execution id="909cd417-c1ad-4b04-b04a-b926981196fb" />
      <TestMethod codeBase="D:\actions-runner\_work\XPCO\XPCO\Common\VideoOS.IdentityServer.Common\VideoOS.IdentityServer.Common.UnitTests\bin\Debug\net47\VideoOS.IdentityServer.Common.UnitTests.dll" adapterTypeName="executor://mstestadapter/v2" className="VideoOS.IdentityServer.Common.UnitTests.IdpRegistrationClientTests" name="RegisterClient_ClientIdIsNull_ThrowArgumentException" />
    </UnitTest>
    <UnitTest name="HasValidScheme_UriIsNews_ReturnsTrue" storage="d:\actions-runner\_work\xpco\xpco\common\videoos.identityserver.common\videoos.identityserver.common.unittests\bin\debug\net47\videoos.identityserver.common.unittests.dll" id="ca7d5be2-14df-0b62-6b71-5f58bc8ff588">
      <Execution id="7345db5f-e412-4d91-8626-f0f2b5127a1c" />
      <TestMethod codeBase="D:\actions-runner\_work\XPCO\XPCO\Common\VideoOS.IdentityServer.Common\VideoOS.IdentityServer.Common.UnitTests\bin\Debug\net47\VideoOS.IdentityServer.Common.UnitTests.dll" adapterTypeName="executor://mstestadapter/v2" className="VideoOS.IdentityServer.Common.UnitTests.Utilities.ServerValidation.UriExtenderTests" name="HasValidScheme_UriIsNews_ReturnsTrue" />
    </UnitTest>
    <UnitTest name="HasValidScheme_UriIsNntp_ReturnsTrue" storage="d:\actions-runner\_work\xpco\xpco\common\videoos.identityserver.common\videoos.identityserver.common.unittests\bin\debug\net47\videoos.identityserver.common.unittests.dll" id="37cca059-17dd-1ce4-7f7a-261dd96b9c03">
      <Execution id="17df9187-7310-4f24-b2ff-f3fef510a2b6" />
      <TestMethod codeBase="D:\actions-runner\_work\XPCO\XPCO\Common\VideoOS.IdentityServer.Common\VideoOS.IdentityServer.Common.UnitTests\bin\Debug\net47\VideoOS.IdentityServer.Common.UnitTests.dll" adapterTypeName="executor://mstestadapter/v2" className="VideoOS.IdentityServer.Common.UnitTests.Utilities.ServerValidation.UriExtenderTests" name="HasValidScheme_UriIsNntp_ReturnsTrue" />
    </UnitTest>
    <UnitTest name="IdpTokenClient_DefaultNetworksCredentialsAsCredentials_HttpClientConfiguredToUseDefualtCredentials" storage="d:\actions-runner\_work\xpco\xpco\common\videoos.identityserver.common\videoos.identityserver.common.unittests\bin\debug\net47\videoos.identityserver.common.unittests.dll" id="4d922aac-d29d-5603-d614-ad2e17cb5ae6">
      <Execution id="2353c053-a84c-4a9d-aaf9-bcdb7bf7d212" />
      <TestMethod codeBase="D:\actions-runner\_work\XPCO\XPCO\Common\VideoOS.IdentityServer.Common\VideoOS.IdentityServer.Common.UnitTests\bin\Debug\net47\VideoOS.IdentityServer.Common.UnitTests.dll" adapterTypeName="executor://mstestadapter/v2" className="VideoOS.IdentityServer.Common.UnitTests.IdpTokenClientTests" name="IdpTokenClient_DefaultNetworksCredentialsAsCredentials_HttpClientConfiguredToUseDefualtCredentials" />
    </UnitTest>
    <UnitTest name="ValidateIdpServer_SimulateValidResponseFromOAuthServer_UnsecureCheckOnly_ReturnsHttpsSecureConnection" storage="d:\actions-runner\_work\xpco\xpco\common\videoos.identityserver.common\videoos.identityserver.common.unittests\bin\debug\net47\videoos.identityserver.common.unittests.dll" id="ebd8b721-48ec-4a9e-4f6a-ce30457acd4f">
      <Execution id="31cf650d-1264-46fb-b074-54c237382f8e" />
      <TestMethod codeBase="D:\actions-runner\_work\XPCO\XPCO\Common\VideoOS.IdentityServer.Common\VideoOS.IdentityServer.Common.UnitTests\bin\Debug\net47\VideoOS.IdentityServer.Common.UnitTests.dll" adapterTypeName="executor://mstestadapter/v2" className="VideoOS.IdentityServer.Common.UnitTests.IdpServerValidationTests" name="ValidateIdpServer_SimulateValidResponseFromOAuthServer_UnsecureCheckOnly_ReturnsHttpsSecureConnection" />
    </UnitTest>
    <UnitTest name="CreateException_NotAllowed_Is_NotAllowedException" storage="d:\actions-runner\_work\xpco\xpco\common\videoos.identityserver.common\videoos.identityserver.common.unittests\bin\debug\net47\videoos.identityserver.common.unittests.dll" id="f52b848b-cf3f-47b4-506b-dccb77611ec5">
      <Execution id="652809a5-3dcc-4d3c-b994-c54fd9c7f8b1" />
      <TestMethod codeBase="D:\actions-runner\_work\XPCO\XPCO\Common\VideoOS.IdentityServer.Common\VideoOS.IdentityServer.Common.UnitTests\bin\Debug\net47\VideoOS.IdentityServer.Common.UnitTests.dll" adapterTypeName="executor://mstestadapter/v2" className="VideoOS.IdentityServer.Common.UnitTests.Exceptions.IdpExceptionFactoryTests" name="CreateException_NotAllowed_Is_NotAllowedException" />
    </UnitTest>
    <UnitTest name="SendRequest_ResponseHasBadStatusCode_ThrowIdpException (ExpectationFailed)" storage="d:\actions-runner\_work\xpco\xpco\common\videoos.identityserver.common\videoos.identityserver.common.unittests\bin\debug\net47\videoos.identityserver.common.unittests.dll" id="2b9c28db-d91c-099d-ee87-9be4d4baccfb">
      <Execution id="7921f19f-fb2c-4ac8-aa61-90193a9799d2" />
      <TestMethod codeBase="D:\actions-runner\_work\XPCO\XPCO\Common\VideoOS.IdentityServer.Common\VideoOS.IdentityServer.Common.UnitTests\bin\Debug\net47\VideoOS.IdentityServer.Common.UnitTests.dll" adapterTypeName="executor://mstestadapter/v2" className="VideoOS.IdentityServer.Common.UnitTests.IdpClientBaseTests" name="SendRequest_ResponseHasBadStatusCode_ThrowIdpException" />
    </UnitTest>
    <UnitTest name="IsTokenExpired_TokenExpiration_ExpiredReturnTrueNotExpiredReturnFalse (-1,True)" storage="d:\actions-runner\_work\xpco\xpco\common\videoos.identityserver.common\videoos.identityserver.common.unittests\bin\debug\net47\videoos.identityserver.common.unittests.dll" id="14d66e4b-1cea-10ac-2eb5-4a21e27a1337">
      <Execution id="3070fac6-b131-4829-b6ba-9bf0068cb9cc" />
      <TestMethod codeBase="D:\actions-runner\_work\XPCO\XPCO\Common\VideoOS.IdentityServer.Common\VideoOS.IdentityServer.Common.UnitTests\bin\Debug\net47\VideoOS.IdentityServer.Common.UnitTests.dll" adapterTypeName="executor://mstestadapter/v2" className="VideoOS.IdentityServer.Common.UnitTests.Handlers.TokenCacheTests" name="IsTokenExpired_TokenExpiration_ExpiredReturnTrueNotExpiredReturnFalse" />
    </UnitTest>
    <UnitTest name="GetClaimValue_IdTokenRetrieved_ClaimThere_ReturnsClaimValue" storage="d:\actions-runner\_work\xpco\xpco\common\videoos.identityserver.common\videoos.identityserver.common.unittests\bin\debug\net47\videoos.identityserver.common.unittests.dll" id="0e2095e5-7d8e-1183-e8f6-f216b8006a5b">
      <Execution id="cbb05ad0-3eab-43c3-a6c8-252d393e903a" />
      <TestMethod codeBase="D:\actions-runner\_work\XPCO\XPCO\Common\VideoOS.IdentityServer.Common\VideoOS.IdentityServer.Common.UnitTests\bin\Debug\net47\VideoOS.IdentityServer.Common.UnitTests.dll" adapterTypeName="executor://mstestadapter/v2" className="VideoOS.IdentityServer.Common.UnitTests.Handlers.IdentityServerToken.SimpleTokenCacheTests" name="GetClaimValue_IdTokenRetrieved_ClaimThere_ReturnsClaimValue" />
    </UnitTest>
    <UnitTest name="Construct_DefaultConstructorAndSettings_DoesNotBlowUpOrThrowException" storage="d:\actions-runner\_work\xpco\xpco\common\videoos.identityserver.common\videoos.identityserver.common.unittests\bin\debug\net47\videoos.identityserver.common.unittests.dll" id="e7ba2069-4614-8f70-3802-5e750be986c1">
      <Execution id="d3adb9f4-f5c8-417b-a1bc-8537430f2768" />
      <TestMethod codeBase="D:\actions-runner\_work\XPCO\XPCO\Common\VideoOS.IdentityServer.Common\VideoOS.IdentityServer.Common.UnitTests\bin\Debug\net47\VideoOS.IdentityServer.Common.UnitTests.dll" adapterTypeName="executor://mstestadapter/v2" className="VideoOS.IdentityServer.Common.UnitTests.IdpServerValidationTests" name="Construct_DefaultConstructorAndSettings_DoesNotBlowUpOrThrowException" />
    </UnitTest>
    <UnitTest name="GetEventLogs_NumberToReturnIsOutOfRange_ThrowsArgumentOutOfRangeException (0)" storage="d:\actions-runner\_work\xpco\xpco\common\videoos.identityserver.common\videoos.identityserver.common.unittests\bin\debug\net47\videoos.identityserver.common.unittests.dll" id="0849ef5c-5ece-5fd5-f289-447abc0f32b7">
      <Execution id="deff902e-ff4e-4347-9316-fcaea1e9e03c" />
      <TestMethod codeBase="D:\actions-runner\_work\XPCO\XPCO\Common\VideoOS.IdentityServer.Common\VideoOS.IdentityServer.Common.UnitTests\bin\Debug\net47\VideoOS.IdentityServer.Common.UnitTests.dll" adapterTypeName="executor://mstestadapter/v2" className="VideoOS.IdentityServer.Common.UnitTests.Services.IdpAdministrationClientTests" name="GetEventLogs_NumberToReturnIsOutOfRange_ThrowsArgumentOutOfRangeException" />
    </UnitTest>
    <UnitTest name="IsTokenExpired_TokenExpiration_ExpiredReturnTrueNotExpiredReturnFalse (-1,True)" storage="d:\actions-runner\_work\xpco\xpco\common\videoos.identityserver.common\videoos.identityserver.common.unittests\bin\debug\net47\videoos.identityserver.common.unittests.dll" id="8e1ae9ed-48fa-e512-e027-fe3bb954eb8b">
      <Execution id="4b7b6552-2cef-4101-a042-d6975173ad68" />
      <TestMethod codeBase="D:\actions-runner\_work\XPCO\XPCO\Common\VideoOS.IdentityServer.Common\VideoOS.IdentityServer.Common.UnitTests\bin\Debug\net47\VideoOS.IdentityServer.Common.UnitTests.dll" adapterTypeName="executor://mstestadapter/v2" className="VideoOS.IdentityServer.Common.UnitTests.Handlers.IdentityServerToken.SimpleTokenCacheTests" name="IsTokenExpired_TokenExpiration_ExpiredReturnTrueNotExpiredReturnFalse" />
    </UnitTest>
    <UnitTest name="ValidateToken_TokenIsNull_ThrowArgumentNullException" storage="d:\actions-runner\_work\xpco\xpco\common\videoos.identityserver.common\videoos.identityserver.common.unittests\bin\debug\net47\videoos.identityserver.common.unittests.dll" id="8960bb52-9b82-13fc-c2b9-b466022a1aa2">
      <Execution id="5cacfe5d-8ed6-4fd2-9ec2-2e5c1e2eb3db" />
      <TestMethod codeBase="D:\actions-runner\_work\XPCO\XPCO\Common\VideoOS.IdentityServer.Common\VideoOS.IdentityServer.Common.UnitTests\bin\Debug\net47\VideoOS.IdentityServer.Common.UnitTests.dll" adapterTypeName="executor://mstestadapter/v2" className="VideoOS.IdentityServer.Common.UnitTests.OpenIdTokenHandlerTests" name="ValidateToken_TokenIsNull_ThrowArgumentNullException" />
    </UnitTest>
    <UnitTest name="HandleException_InvalidParamException_Null_Throws_" storage="d:\actions-runner\_work\xpco\xpco\common\videoos.identityserver.common\videoos.identityserver.common.unittests\bin\debug\net47\videoos.identityserver.common.unittests.dll" id="7cf653ab-c1ac-db4f-c8b6-0088365ff615">
      <Execution id="6b2126ca-6522-44c5-89b8-aa6ea48f1bdd" />
      <TestMethod codeBase="D:\actions-runner\_work\XPCO\XPCO\Common\VideoOS.IdentityServer.Common\VideoOS.IdentityServer.Common.UnitTests\bin\Debug\net47\VideoOS.IdentityServer.Common.UnitTests.dll" adapterTypeName="executor://mstestadapter/v2" className="VideoOS.IdentityServer.Common.UnitTests.Utilities.ServerValidation.IdpExceptionHandlerTests" name="HandleException_InvalidParamException_Null_Throws_" />
    </UnitTest>
    <UnitTest name="Retrieve_NullIdpTokenClient_ThrowsArgumentNullException" storage="d:\actions-runner\_work\xpco\xpco\common\videoos.identityserver.common\videoos.identityserver.common.unittests\bin\debug\net47\videoos.identityserver.common.unittests.dll" id="be2661e6-13a2-efcd-f033-26370e5bd14f">
      <Execution id="c0b21fe8-c305-4f1b-8bab-4bb8a861d8ad" />
      <TestMethod codeBase="D:\actions-runner\_work\XPCO\XPCO\Common\VideoOS.IdentityServer.Common\VideoOS.IdentityServer.Common.UnitTests\bin\Debug\net47\VideoOS.IdentityServer.Common.UnitTests.dll" adapterTypeName="executor://mstestadapter/v2" className="VideoOS.IdentityServer.Common.UnitTests.Utilities.Tokens.IdpTokenRetrieverTests" name="Retrieve_NullIdpTokenClient_ThrowsArgumentNullException" />
    </UnitTest>
    <UnitTest name="Start_TimeToTokenExpireOver5min_TokenCacheNotUpdated" storage="d:\actions-runner\_work\xpco\xpco\common\videoos.identityserver.common\videoos.identityserver.common.unittests\bin\debug\net47\videoos.identityserver.common.unittests.dll" id="3c174b71-d834-497d-cddf-1a3c06acc75d">
      <Execution id="64b249f1-e2ba-4e1e-96cf-5ccc25cce601" />
      <TestMethod codeBase="D:\actions-runner\_work\XPCO\XPCO\Common\VideoOS.IdentityServer.Common\VideoOS.IdentityServer.Common.UnitTests\bin\Debug\net47\VideoOS.IdentityServer.Common.UnitTests.dll" adapterTypeName="executor://mstestadapter/v2" className="VideoOS.IdentityServer.Common.UnitTests.Handlers.TokenCacheTests" name="Start_TimeToTokenExpireOver5min_TokenCacheNotUpdated" />
    </UnitTest>
    <UnitTest name="CheckAccess_PrincipalHasWrongScopeClaim_ReturnsFalse (wrongscope)" storage="d:\actions-runner\_work\xpco\xpco\common\videoos.identityserver.common\videoos.identityserver.common.unittests\bin\debug\net47\videoos.identityserver.common.unittests.dll" id="3622d494-d4b2-e857-f033-1b05e4e716ef">
      <Execution id="e5823fc0-f5dc-4c01-84b1-a2e62f0c9db5" />
      <TestMethod codeBase="D:\actions-runner\_work\XPCO\XPCO\Common\VideoOS.IdentityServer.Common\VideoOS.IdentityServer.Common.UnitTests\bin\Debug\net47\VideoOS.IdentityServer.Common.UnitTests.dll" adapterTypeName="executor://mstestadapter/v2" className="VideoOS.IdentityServer.Common.UnitTests.ServiceModel.OpenIdClaimsAuthorizationManagerTests" name="CheckAccess_PrincipalHasWrongScopeClaim_ReturnsFalse" />
    </UnitTest>
    <UnitTest name="Dispose_IDisposableTokenHandler_Success" storage="d:\actions-runner\_work\xpco\xpco\common\videoos.identityserver.common\videoos.identityserver.common.unittests\bin\debug\net47\videoos.identityserver.common.unittests.dll" id="d56d39a2-1050-3e2a-2b04-2c4d9212b822">
      <Execution id="38c929ea-e365-41fc-907d-ef040ec1694b" />
      <TestMethod codeBase="D:\actions-runner\_work\XPCO\XPCO\Common\VideoOS.IdentityServer.Common\VideoOS.IdentityServer.Common.UnitTests\bin\Debug\net47\VideoOS.IdentityServer.Common.UnitTests.dll" adapterTypeName="executor://mstestadapter/v2" className="VideoOS.IdentityServer.Common.UnitTests.Handlers.TokenCacheTests" name="Dispose_IDisposableTokenHandler_Success" />
    </UnitTest>
    <UnitTest name="ValidateIdpServer_SimulateInvalidResponseFromOAuthServer_UnsecureIdpNotAvailable_SecureIdpNotAvailable" storage="d:\actions-runner\_work\xpco\xpco\common\videoos.identityserver.common\videoos.identityserver.common.unittests\bin\debug\net47\videoos.identityserver.common.unittests.dll" id="94828043-c08c-3149-a789-f000eb0ddc6d">
      <Execution id="c72b0b0d-25d7-4ce4-a104-5e332815b901" />
      <TestMethod codeBase="D:\actions-runner\_work\XPCO\XPCO\Common\VideoOS.IdentityServer.Common\VideoOS.IdentityServer.Common.UnitTests\bin\Debug\net47\VideoOS.IdentityServer.Common.UnitTests.dll" adapterTypeName="executor://mstestadapter/v2" className="VideoOS.IdentityServer.Common.UnitTests.IdpServerValidationTests" name="ValidateIdpServer_SimulateInvalidResponseFromOAuthServer_UnsecureIdpNotAvailable_SecureIdpNotAvailable" />
    </UnitTest>
    <UnitTest name="Constructor_EmptyToken_ThrowsArgumentNullException" storage="d:\actions-runner\_work\xpco\xpco\common\videoos.identityserver.common\videoos.identityserver.common.unittests\bin\debug\net47\videoos.identityserver.common.unittests.dll" id="2fefd669-00f0-6209-0174-c1ad44273487">
      <Execution id="57b87974-2c83-407d-a2b7-c22c37ab413e" />
      <TestMethod codeBase="D:\actions-runner\_work\XPCO\XPCO\Common\VideoOS.IdentityServer.Common\VideoOS.IdentityServer.Common.UnitTests\bin\Debug\net47\VideoOS.IdentityServer.Common.UnitTests.dll" adapterTypeName="executor://mstestadapter/v2" className="VideoOS.IdentityServer.Common.UnitTests.ExchangeTokenHandlerTests" name="Constructor_EmptyToken_ThrowsArgumentNullException" />
    </UnitTest>
    <UnitTest name="CreateException_PasswordRequiresUpper_Is_PasswordNotComplexEnoughException" storage="d:\actions-runner\_work\xpco\xpco\common\videoos.identityserver.common\videoos.identityserver.common.unittests\bin\debug\net47\videoos.identityserver.common.unittests.dll" id="3880dfbe-9655-d700-4c62-0df9ed476ecc">
      <Execution id="9e6f3641-4973-498b-be3c-205b46d57d4b" />
      <TestMethod codeBase="D:\actions-runner\_work\XPCO\XPCO\Common\VideoOS.IdentityServer.Common\VideoOS.IdentityServer.Common.UnitTests\bin\Debug\net47\VideoOS.IdentityServer.Common.UnitTests.dll" adapterTypeName="executor://mstestadapter/v2" className="VideoOS.IdentityServer.Common.UnitTests.Exceptions.IdpExceptionFactoryTests" name="CreateException_PasswordRequiresUpper_Is_PasswordNotComplexEnoughException" />
    </UnitTest>
    <UnitTest name="CreateUser_ResponseHasSuccessfulStatusCode_CorrectRequestUriIsPassedAndUserIsReturned" storage="d:\actions-runner\_work\xpco\xpco\common\videoos.identityserver.common\videoos.identityserver.common.unittests\bin\debug\net47\videoos.identityserver.common.unittests.dll" id="c7bbac13-8629-583d-7b7e-ef2d4c387bd4">
      <Execution id="6f8c1d89-e022-431e-acf8-ebbe6f292b74" />
      <TestMethod codeBase="D:\actions-runner\_work\XPCO\XPCO\Common\VideoOS.IdentityServer.Common\VideoOS.IdentityServer.Common.UnitTests\bin\Debug\net47\VideoOS.IdentityServer.Common.UnitTests.dll" adapterTypeName="executor://mstestadapter/v2" className="VideoOS.IdentityServer.Common.UnitTests.Services.IdpAdministrationClientTests" name="CreateUser_ResponseHasSuccessfulStatusCode_CorrectRequestUriIsPassedAndUserIsReturned" />
    </UnitTest>
    <UnitTest name="UserName_HasNameClaim_ReturnsUserName" storage="d:\actions-runner\_work\xpco\xpco\common\videoos.identityserver.common\videoos.identityserver.common.unittests\bin\debug\net47\videoos.identityserver.common.unittests.dll" id="f740022f-70ee-66e1-da38-2c4767f72ea7">
      <Execution id="a98e83bd-30a7-48db-b428-752d31cb43c2" />
      <TestMethod codeBase="D:\actions-runner\_work\XPCO\XPCO\Common\VideoOS.IdentityServer.Common\VideoOS.IdentityServer.Common.UnitTests\bin\Debug\net47\VideoOS.IdentityServer.Common.UnitTests.dll" adapterTypeName="executor://mstestadapter/v2" className="VideoOS.IdentityServer.Common.UnitTests.Handlers.IdentityServerToken.SimpleTokenCacheTests" name="UserName_HasNameClaim_ReturnsUserName" />
    </UnitTest>
    <UnitTest name="ValidateIdpServer_SimulateValidResponseFromPreOAuthServer_WithValidCertificate" storage="d:\actions-runner\_work\xpco\xpco\common\videoos.identityserver.common\videoos.identityserver.common.unittests\bin\debug\net47\videoos.identityserver.common.unittests.dll" id="dead27ec-ffeb-f213-e424-1f80d53ea366">
      <Execution id="a1559ac4-ff61-441f-a174-97d5e550a927" />
      <TestMethod codeBase="D:\actions-runner\_work\XPCO\XPCO\Common\VideoOS.IdentityServer.Common\VideoOS.IdentityServer.Common.UnitTests\bin\Debug\net47\VideoOS.IdentityServer.Common.UnitTests.dll" adapterTypeName="executor://mstestadapter/v2" className="VideoOS.IdentityServer.Common.UnitTests.IdpServerValidationTests" name="ValidateIdpServer_SimulateValidResponseFromPreOAuthServer_WithValidCertificate" />
    </UnitTest>
    <UnitTest name="GetLogin_ResponseHasSuccessfulStatusCode_CorrectRequestUriIsPassedAndLoginIsReturned" storage="d:\actions-runner\_work\xpco\xpco\common\videoos.identityserver.common\videoos.identityserver.common.unittests\bin\debug\net47\videoos.identityserver.common.unittests.dll" id="5f39840e-bec0-c8da-e673-ef76d6aa6bc8">
      <Execution id="2cbbe140-2dc8-4c59-8c88-6a3a77ef271c" />
      <TestMethod codeBase="D:\actions-runner\_work\XPCO\XPCO\Common\VideoOS.IdentityServer.Common\VideoOS.IdentityServer.Common.UnitTests\bin\Debug\net47\VideoOS.IdentityServer.Common.UnitTests.dll" adapterTypeName="executor://mstestadapter/v2" className="VideoOS.IdentityServer.Common.UnitTests.Services.IdpAdministrationClientTests" name="GetLogin_ResponseHasSuccessfulStatusCode_CorrectRequestUriIsPassedAndLoginIsReturned" />
    </UnitTest>
    <UnitTest name="GetLogin_ParameterIsNull_ThrowArgumentException (,abc,)" storage="d:\actions-runner\_work\xpco\xpco\common\videoos.identityserver.common\videoos.identityserver.common.unittests\bin\debug\net47\videoos.identityserver.common.unittests.dll" id="3947b69a-c95e-04ea-68de-b5f0fc66e8c1">
      <Execution id="6c6b04eb-98f7-468a-aa80-bc4b83857045" />
      <TestMethod codeBase="D:\actions-runner\_work\XPCO\XPCO\Common\VideoOS.IdentityServer.Common\VideoOS.IdentityServer.Common.UnitTests\bin\Debug\net47\VideoOS.IdentityServer.Common.UnitTests.dll" adapterTypeName="executor://mstestadapter/v2" className="VideoOS.IdentityServer.Common.UnitTests.Services.IdpAdministrationClientTests" name="GetLogin_ParameterIsNull_ThrowArgumentException" />
    </UnitTest>
    <UnitTest name="Start_StartIsCalled_TokenCacheUpdated" storage="d:\actions-runner\_work\xpco\xpco\common\videoos.identityserver.common\videoos.identityserver.common.unittests\bin\debug\net47\videoos.identityserver.common.unittests.dll" id="712a4429-a5d0-f9f8-e944-14b3128417df">
      <Execution id="a09eee82-934e-45de-aec4-a53e598ae666" />
      <TestMethod codeBase="D:\actions-runner\_work\XPCO\XPCO\Common\VideoOS.IdentityServer.Common\VideoOS.IdentityServer.Common.UnitTests\bin\Debug\net47\VideoOS.IdentityServer.Common.UnitTests.dll" adapterTypeName="executor://mstestadapter/v2" className="VideoOS.IdentityServer.Common.UnitTests.Handlers.TokenCacheTests" name="Start_StartIsCalled_TokenCacheUpdated" />
    </UnitTest>
    <UnitTest name="BeforeSendRequest_HttpRequestMessagePropertyHasBeenSet_HttpRequestMessagePropertyHasAnAuthorizationHeaderWithBearerScheme" storage="d:\actions-runner\_work\xpco\xpco\common\videoos.identityserver.common\videoos.identityserver.common.unittests\bin\debug\net47\videoos.identityserver.common.unittests.dll" id="634cad37-210a-4bc0-8d4e-c43234da05dd">
      <Execution id="49e08fc7-7e2d-4ca2-a668-26033a52bdb3" />
      <TestMethod codeBase="D:\actions-runner\_work\XPCO\XPCO\Common\VideoOS.IdentityServer.Common\VideoOS.IdentityServer.Common.UnitTests\bin\Debug\net47\VideoOS.IdentityServer.Common.UnitTests.dll" adapterTypeName="executor://mstestadapter/v2" className="VideoOS.IdentityServer.Common.UnitTests.ServiceModel.BearerAuthorizationHeaderInspectorTests" name="BeforeSendRequest_HttpRequestMessagePropertyHasBeenSet_HttpRequestMessagePropertyHasAnAuthorizationHeaderWithBearerScheme" />
    </UnitTest>
    <UnitTest name="CreateException_LoginAlreadyAssociated_Is_LoginAlreadyAssociatedException" storage="d:\actions-runner\_work\xpco\xpco\common\videoos.identityserver.common\videoos.identityserver.common.unittests\bin\debug\net47\videoos.identityserver.common.unittests.dll" id="ec4cb66a-617d-876b-6006-2ba82ddc24c5">
      <Execution id="287598db-4dec-4b7a-889d-39e6f77e8680" />
      <TestMethod codeBase="D:\actions-runner\_work\XPCO\XPCO\Common\VideoOS.IdentityServer.Common\VideoOS.IdentityServer.Common.UnitTests\bin\Debug\net47\VideoOS.IdentityServer.Common.UnitTests.dll" adapterTypeName="executor://mstestadapter/v2" className="VideoOS.IdentityServer.Common.UnitTests.Exceptions.IdpExceptionFactoryTests" name="CreateException_LoginAlreadyAssociated_Is_LoginAlreadyAssociatedException" />
    </UnitTest>
    <UnitTest name="Constructor_NullClientSettings_ThrowArgumentNullException" storage="d:\actions-runner\_work\xpco\xpco\common\videoos.identityserver.common\videoos.identityserver.common.unittests\bin\debug\net47\videoos.identityserver.common.unittests.dll" id="219cb226-0982-5e89-b39e-e3df45859861">
      <Execution id="4d6abe6c-0203-4ac7-a277-86524d6d87e9" />
      <TestMethod codeBase="D:\actions-runner\_work\XPCO\XPCO\Common\VideoOS.IdentityServer.Common\VideoOS.IdentityServer.Common.UnitTests\bin\Debug\net47\VideoOS.IdentityServer.Common.UnitTests.dll" adapterTypeName="executor://mstestadapter/v2" className="VideoOS.IdentityServer.Common.UnitTests.ExchangeTokenHandlerTests" name="Constructor_NullClientSettings_ThrowArgumentNullException" />
    </UnitTest>
    <UnitTest name="IdpException_ErrorProperty_IsAccessible" storage="d:\actions-runner\_work\xpco\xpco\common\videoos.identityserver.common\videoos.identityserver.common.unittests\bin\debug\net47\videoos.identityserver.common.unittests.dll" id="580860dc-2c0d-6d21-09c2-29eb5cd9d7aa">
      <Execution id="cb86e67c-f503-4d92-a5b1-b7ea036d1d16" />
      <TestMethod codeBase="D:\actions-runner\_work\XPCO\XPCO\Common\VideoOS.IdentityServer.Common\VideoOS.IdentityServer.Common.UnitTests\bin\Debug\net47\VideoOS.IdentityServer.Common.UnitTests.dll" adapterTypeName="executor://mstestadapter/v2" className="VideoOS.IdentityServer.Common.UnitTests.Exceptions.IdpExceptionTests" name="IdpException_ErrorProperty_IsAccessible" />
    </UnitTest>
    <UnitTest name="ValidateToken_SecurityTokenIsNull_ThrowArgumentNullException" storage="d:\actions-runner\_work\xpco\xpco\common\videoos.identityserver.common\videoos.identityserver.common.unittests\bin\debug\net47\videoos.identityserver.common.unittests.dll" id="08a3c3db-cc01-e5ed-016b-ec03cbb97901">
      <Execution id="cd32f4d3-2d91-4d50-a00b-3e07c1e6c163" />
      <TestMethod codeBase="D:\actions-runner\_work\XPCO\XPCO\Common\VideoOS.IdentityServer.Common\VideoOS.IdentityServer.Common.UnitTests\bin\Debug\net47\VideoOS.IdentityServer.Common.UnitTests.dll" adapterTypeName="executor://mstestadapter/v2" className="VideoOS.IdentityServer.Common.UnitTests.JwtSecurityTokenValidatorWithConfigurationManagerTests" name="ValidateToken_SecurityTokenIsNull_ThrowArgumentNullException" />
    </UnitTest>
    <UnitTest name="RefreshToken_IdTokenNotRetrieved_NoError" storage="d:\actions-runner\_work\xpco\xpco\common\videoos.identityserver.common\videoos.identityserver.common.unittests\bin\debug\net47\videoos.identityserver.common.unittests.dll" id="90eefc04-1f04-d44e-931c-bf308a05aad7">
      <Execution id="23fca8fc-9cb9-4c34-bf5e-c5fcf84fc7d3" />
      <TestMethod codeBase="D:\actions-runner\_work\XPCO\XPCO\Common\VideoOS.IdentityServer.Common\VideoOS.IdentityServer.Common.UnitTests\bin\Debug\net47\VideoOS.IdentityServer.Common.UnitTests.dll" adapterTypeName="executor://mstestadapter/v2" className="VideoOS.IdentityServer.Common.UnitTests.Handlers.TokenCacheTests" name="RefreshToken_IdTokenNotRetrieved_NoError" />
    </UnitTest>
    <UnitTest name="BeforeSendRequest_ThrowsHttpRequestExceptionWithWebException_ThrowsCommunicationException (PipelineFailure)" storage="d:\actions-runner\_work\xpco\xpco\common\videoos.identityserver.common\videoos.identityserver.common.unittests\bin\debug\net47\videoos.identityserver.common.unittests.dll" id="29f233fd-b25c-9cd4-e1b6-f9fc4d6c9b1b">
      <Execution id="338f899c-8865-44fd-a400-6351d52112eb" />
      <TestMethod codeBase="D:\actions-runner\_work\XPCO\XPCO\Common\VideoOS.IdentityServer.Common\VideoOS.IdentityServer.Common.UnitTests\bin\Debug\net47\VideoOS.IdentityServer.Common.UnitTests.dll" adapterTypeName="executor://mstestadapter/v2" className="VideoOS.IdentityServer.Common.UnitTests.ServiceModel.BearerAuthorizationHeaderInspectorTests" name="BeforeSendRequest_ThrowsHttpRequestExceptionWithWebException_ThrowsCommunicationException" />
    </UnitTest>
    <UnitTest name="CreateException_InvalidClient_Is_UnauthorizedException" storage="d:\actions-runner\_work\xpco\xpco\common\videoos.identityserver.common\videoos.identityserver.common.unittests\bin\debug\net47\videoos.identityserver.common.unittests.dll" id="e0eca9f7-d766-7032-cd66-1fda7415dd68">
      <Execution id="9230fb8d-e090-4baf-b48d-31e8104411a4" />
      <TestMethod codeBase="D:\actions-runner\_work\XPCO\XPCO\Common\VideoOS.IdentityServer.Common\VideoOS.IdentityServer.Common.UnitTests\bin\Debug\net47\VideoOS.IdentityServer.Common.UnitTests.dll" adapterTypeName="executor://mstestadapter/v2" className="VideoOS.IdentityServer.Common.UnitTests.Exceptions.IdpExceptionFactoryTests" name="CreateException_InvalidClient_Is_UnauthorizedException" />
    </UnitTest>
    <UnitTest name="Construct_SpecifySingleGrantType_Success" storage="d:\actions-runner\_work\xpco\xpco\common\videoos.identityserver.common\videoos.identityserver.common.unittests\bin\debug\net47\videoos.identityserver.common.unittests.dll" id="c2c2904c-f56a-3663-d545-f06d0f3baf88">
      <Execution id="2046162c-7c69-4ef1-9751-e25e3e768c68" />
      <TestMethod codeBase="D:\actions-runner\_work\XPCO\XPCO\Common\VideoOS.IdentityServer.Common\VideoOS.IdentityServer.Common.UnitTests\bin\Debug\net47\VideoOS.IdentityServer.Common.UnitTests.dll" adapterTypeName="executor://mstestadapter/v2" className="VideoOS.IdentityServer.Common.UnitTests.Handlers.IdentityServerToken.IdentityServerClientSettingsTests" name="Construct_SpecifySingleGrantType_Success" />
    </UnitTest>
    <UnitTest name="DeleteLogin_ParameterIsNull_ThrowArgumentException (abc,abc,)" storage="d:\actions-runner\_work\xpco\xpco\common\videoos.identityserver.common\videoos.identityserver.common.unittests\bin\debug\net47\videoos.identityserver.common.unittests.dll" id="62fbcf4e-b581-51f7-791e-0ba6c6135258">
      <Execution id="64f9db4f-fab1-4605-9b9d-aff8f1aa4ebf" />
      <TestMethod codeBase="D:\actions-runner\_work\XPCO\XPCO\Common\VideoOS.IdentityServer.Common\VideoOS.IdentityServer.Common.UnitTests\bin\Debug\net47\VideoOS.IdentityServer.Common.UnitTests.dll" adapterTypeName="executor://mstestadapter/v2" className="VideoOS.IdentityServer.Common.UnitTests.Services.IdpAdministrationClientTests" name="DeleteLogin_ParameterIsNull_ThrowArgumentException" />
    </UnitTest>
    <UnitTest name="Retrieve_EmptyClient_ThrowsArgumentNullException" storage="d:\actions-runner\_work\xpco\xpco\common\videoos.identityserver.common\videoos.identityserver.common.unittests\bin\debug\net47\videoos.identityserver.common.unittests.dll" id="2b02613f-adc7-9ead-fab9-497ce9230752">
      <Execution id="03eae5b1-7ffb-4f3d-be70-055accfe7ed9" />
      <TestMethod codeBase="D:\actions-runner\_work\XPCO\XPCO\Common\VideoOS.IdentityServer.Common\VideoOS.IdentityServer.Common.UnitTests\bin\Debug\net47\VideoOS.IdentityServer.Common.UnitTests.dll" adapterTypeName="executor://mstestadapter/v2" className="VideoOS.IdentityServer.Common.UnitTests.Utilities.Tokens.IdpTokenRetrieverTests" name="Retrieve_EmptyClient_ThrowsArgumentNullException" />
    </UnitTest>
    <UnitTest name="BeforeSendRequest_ThrowsHttpRequestExceptionWithWebException_ThrowsCommunicationException (UnknownError)" storage="d:\actions-runner\_work\xpco\xpco\common\videoos.identityserver.common\videoos.identityserver.common.unittests\bin\debug\net47\videoos.identityserver.common.unittests.dll" id="c37b2cf6-c0e8-40c5-30eb-c0a1ff817046">
      <Execution id="46876434-fbdf-407b-acc3-ac2162f5e792" />
      <TestMethod codeBase="D:\actions-runner\_work\XPCO\XPCO\Common\VideoOS.IdentityServer.Common\VideoOS.IdentityServer.Common.UnitTests\bin\Debug\net47\VideoOS.IdentityServer.Common.UnitTests.dll" adapterTypeName="executor://mstestadapter/v2" className="VideoOS.IdentityServer.Common.UnitTests.ServiceModel.BearerAuthorizationHeaderInspectorTests" name="BeforeSendRequest_ThrowsHttpRequestExceptionWithWebException_ThrowsCommunicationException" />
    </UnitTest>
    <UnitTest name="ValidateToken_SubClaimPresent_SystemClaimIsNotAddedToClaims" storage="d:\actions-runner\_work\xpco\xpco\common\videoos.identityserver.common\videoos.identityserver.common.unittests\bin\debug\net47\videoos.identityserver.common.unittests.dll" id="529c2e35-24ca-56d0-82ae-22b9934a7f05">
      <Execution id="2bd6a644-ba1e-41fc-8b81-67294ea97e13" />
      <TestMethod codeBase="D:\actions-runner\_work\XPCO\XPCO\Common\VideoOS.IdentityServer.Common\VideoOS.IdentityServer.Common.UnitTests\bin\Debug\net47\VideoOS.IdentityServer.Common.UnitTests.dll" adapterTypeName="executor://mstestadapter/v2" className="VideoOS.IdentityServer.Common.UnitTests.OpenIdTokenHandlerTests" name="ValidateToken_SubClaimPresent_SystemClaimIsNotAddedToClaims" />
    </UnitTest>
    <UnitTest name="GetTrustedIssuers_AccessTokenIsNull_ThrowArgumentException" storage="d:\actions-runner\_work\xpco\xpco\common\videoos.identityserver.common\videoos.identityserver.common.unittests\bin\debug\net47\videoos.identityserver.common.unittests.dll" id="6edb9734-0085-61fb-03c0-8905f287bd8a">
      <Execution id="0dc8e5ed-4f4a-46ff-ae29-46abf9ad37a4" />
      <TestMethod codeBase="D:\actions-runner\_work\XPCO\XPCO\Common\VideoOS.IdentityServer.Common\VideoOS.IdentityServer.Common.UnitTests\bin\Debug\net47\VideoOS.IdentityServer.Common.UnitTests.dll" adapterTypeName="executor://mstestadapter/v2" className="VideoOS.IdentityServer.Common.UnitTests.Services.IdpAdministrationClientTests" name="GetTrustedIssuers_AccessTokenIsNull_ThrowArgumentException" />
    </UnitTest>
    <UnitTest name="DeleteLogin_ParameterIsNull_ThrowArgumentException (abc,,abc)" storage="d:\actions-runner\_work\xpco\xpco\common\videoos.identityserver.common\videoos.identityserver.common.unittests\bin\debug\net47\videoos.identityserver.common.unittests.dll" id="bbd84ed1-520d-4358-3488-4aa29532b886">
      <Execution id="223f1b09-9738-4c9b-9454-50cabd1c9242" />
      <TestMethod codeBase="D:\actions-runner\_work\XPCO\XPCO\Common\VideoOS.IdentityServer.Common\VideoOS.IdentityServer.Common.UnitTests\bin\Debug\net47\VideoOS.IdentityServer.Common.UnitTests.dll" adapterTypeName="executor://mstestadapter/v2" className="VideoOS.IdentityServer.Common.UnitTests.Services.IdpAdministrationClientTests" name="DeleteLogin_ParameterIsNull_ThrowArgumentException" />
    </UnitTest>
    <UnitTest name="ValidateIdpServer_SimulateValidResponseFromOAuthServer_WithInvalidCertificate" storage="d:\actions-runner\_work\xpco\xpco\common\videoos.identityserver.common\videoos.identityserver.common.unittests\bin\debug\net47\videoos.identityserver.common.unittests.dll" id="37e4a981-a5bb-fc1d-cb06-e50341eef0d3">
      <Execution id="e84e37e8-d3d4-49c8-ba04-27747ca946b1" />
      <TestMethod codeBase="D:\actions-runner\_work\XPCO\XPCO\Common\VideoOS.IdentityServer.Common\VideoOS.IdentityServer.Common.UnitTests\bin\Debug\net47\VideoOS.IdentityServer.Common.UnitTests.dll" adapterTypeName="executor://mstestadapter/v2" className="VideoOS.IdentityServer.Common.UnitTests.IdpServerValidationTests" name="ValidateIdpServer_SimulateValidResponseFromOAuthServer_WithInvalidCertificate" />
    </UnitTest>
    <UnitTest name="ValidateToken_SignatureKeyNotFound_RefreshRequested" storage="d:\actions-runner\_work\xpco\xpco\common\videoos.identityserver.common\videoos.identityserver.common.unittests\bin\debug\net47\videoos.identityserver.common.unittests.dll" id="a22a5490-f8cc-bbba-c479-58ecdc58c38a">
      <Execution id="285303fe-e1d3-4642-b802-2665f032432a" />
      <TestMethod codeBase="D:\actions-runner\_work\XPCO\XPCO\Common\VideoOS.IdentityServer.Common\VideoOS.IdentityServer.Common.UnitTests\bin\Debug\net47\VideoOS.IdentityServer.Common.UnitTests.dll" adapterTypeName="executor://mstestadapter/v2" className="VideoOS.IdentityServer.Common.UnitTests.OpenIdTokenHandlerTests" name="ValidateToken_SignatureKeyNotFound_RefreshRequested" />
    </UnitTest>
    <UnitTest name="SendRequest_ResponseHasBadStatusCode_ThrowIdpException (UpgradeRequired)" storage="d:\actions-runner\_work\xpco\xpco\common\videoos.identityserver.common\videoos.identityserver.common.unittests\bin\debug\net47\videoos.identityserver.common.unittests.dll" id="6afc125c-c7a5-eaa7-7af0-9ebe233aad22">
      <Execution id="c425fd7e-be98-422c-9a87-aa3848219b15" />
      <TestMethod codeBase="D:\actions-runner\_work\XPCO\XPCO\Common\VideoOS.IdentityServer.Common\VideoOS.IdentityServer.Common.UnitTests\bin\Debug\net47\VideoOS.IdentityServer.Common.UnitTests.dll" adapterTypeName="executor://mstestadapter/v2" className="VideoOS.IdentityServer.Common.UnitTests.IdpClientBaseTests" name="SendRequest_ResponseHasBadStatusCode_ThrowIdpException" />
    </UnitTest>
    <UnitTest name="UserName_NoNameClaim_ThrowsInvalidOperationException" storage="d:\actions-runner\_work\xpco\xpco\common\videoos.identityserver.common\videoos.identityserver.common.unittests\bin\debug\net47\videoos.identityserver.common.unittests.dll" id="c65def95-e459-70a7-408d-154b2321db49">
      <Execution id="4ac68cb2-d926-4196-9ab7-3550b2712509" />
      <TestMethod codeBase="D:\actions-runner\_work\XPCO\XPCO\Common\VideoOS.IdentityServer.Common\VideoOS.IdentityServer.Common.UnitTests\bin\Debug\net47\VideoOS.IdentityServer.Common.UnitTests.dll" adapterTypeName="executor://mstestadapter/v2" className="VideoOS.IdentityServer.Common.UnitTests.Handlers.IdentityServerToken.SimpleTokenCacheTests" name="UserName_NoNameClaim_ThrowsInvalidOperationException" />
    </UnitTest>
    <UnitTest name="ValidateIdpServer_SimulateValidResponseFromOAuthServer_WithValidCertificateAndUserPort_ReturnsHttpsSecureConnection" storage="d:\actions-runner\_work\xpco\xpco\common\videoos.identityserver.common\videoos.identityserver.common.unittests\bin\debug\net47\videoos.identityserver.common.unittests.dll" id="8e4a546d-0fa7-5997-2d4c-127c6b639168">
      <Execution id="53096577-a46e-41a7-b07b-dbc496e1a2cc" />
      <TestMethod codeBase="D:\actions-runner\_work\XPCO\XPCO\Common\VideoOS.IdentityServer.Common\VideoOS.IdentityServer.Common.UnitTests\bin\Debug\net47\VideoOS.IdentityServer.Common.UnitTests.dll" adapterTypeName="executor://mstestadapter/v2" className="VideoOS.IdentityServer.Common.UnitTests.IdpServerValidationTests" name="ValidateIdpServer_SimulateValidResponseFromOAuthServer_WithValidCertificateAndUserPort_ReturnsHttpsSecureConnection" />
    </UnitTest>
    <UnitTest name="SendRequest_ResponseHasBadStatusCode_ThrowIdpException (Forbidden)" storage="d:\actions-runner\_work\xpco\xpco\common\videoos.identityserver.common\videoos.identityserver.common.unittests\bin\debug\net47\videoos.identityserver.common.unittests.dll" id="95c412a3-338e-b711-9f7f-79585ecc287b">
      <Execution id="91b559e9-4cbb-4a70-bf17-6583b91e1a90" />
      <TestMethod codeBase="D:\actions-runner\_work\XPCO\XPCO\Common\VideoOS.IdentityServer.Common\VideoOS.IdentityServer.Common.UnitTests\bin\Debug\net47\VideoOS.IdentityServer.Common.UnitTests.dll" adapterTypeName="executor://mstestadapter/v2" className="VideoOS.IdentityServer.Common.UnitTests.IdpClientBaseTests" name="SendRequest_ResponseHasBadStatusCode_ThrowIdpException" />
    </UnitTest>
    <UnitTest name="ValidateToken_CancellationIsRequested_ThrowOperationCanceledException" storage="d:\actions-runner\_work\xpco\xpco\common\videoos.identityserver.common\videoos.identityserver.common.unittests\bin\debug\net47\videoos.identityserver.common.unittests.dll" id="1ad62dd9-f5f4-acc1-288e-32afb8d0c153">
      <Execution id="f5fe9ff2-28f8-497b-b5bc-f6bdb082f003" />
      <TestMethod codeBase="D:\actions-runner\_work\XPCO\XPCO\Common\VideoOS.IdentityServer.Common\VideoOS.IdentityServer.Common.UnitTests\bin\Debug\net47\VideoOS.IdentityServer.Common.UnitTests.dll" adapterTypeName="executor://mstestadapter/v2" className="VideoOS.IdentityServer.Common.UnitTests.OpenIdTokenHandlerTests" name="ValidateToken_CancellationIsRequested_ThrowOperationCanceledException" />
    </UnitTest>
    <UnitTest name="HandleException_WebException_Status_ProtocolError_ReturnsFalse" storage="d:\actions-runner\_work\xpco\xpco\common\videoos.identityserver.common\videoos.identityserver.common.unittests\bin\debug\net47\videoos.identityserver.common.unittests.dll" id="3ff67faa-d3a0-075c-0c7a-09774bd03583">
      <Execution id="703609b8-a499-4619-9a7a-bba780fecf86" />
      <TestMethod codeBase="D:\actions-runner\_work\XPCO\XPCO\Common\VideoOS.IdentityServer.Common\VideoOS.IdentityServer.Common.UnitTests\bin\Debug\net47\VideoOS.IdentityServer.Common.UnitTests.dll" adapterTypeName="executor://mstestadapter/v2" className="VideoOS.IdentityServer.Common.UnitTests.Utilities.ServerValidation.IdpExceptionHandlerTests" name="HandleException_WebException_Status_ProtocolError_ReturnsFalse" />
    </UnitTest>
    <UnitTest name="Constructor_NullClientSettings_ThrowArgumentNullException" storage="d:\actions-runner\_work\xpco\xpco\common\videoos.identityserver.common\videoos.identityserver.common.unittests\bin\debug\net47\videoos.identityserver.common.unittests.dll" id="2c257caa-63e0-0918-bed2-614d73e7951d">
      <Execution id="6eeb83fb-b125-4bfa-a57a-321b05538202" />
      <TestMethod codeBase="D:\actions-runner\_work\XPCO\XPCO\Common\VideoOS.IdentityServer.Common\VideoOS.IdentityServer.Common.UnitTests\bin\Debug\net47\VideoOS.IdentityServer.Common.UnitTests.dll" adapterTypeName="executor://mstestadapter/v2" className="VideoOS.IdentityServer.Common.UnitTests.ExternalTokenHandlerTests" name="Constructor_NullClientSettings_ThrowArgumentNullException" />
    </UnitTest>
    <UnitTest name="Constructor_NullRefreshToken_ThrowsArgumentNullException" storage="d:\actions-runner\_work\xpco\xpco\common\videoos.identityserver.common\videoos.identityserver.common.unittests\bin\debug\net47\videoos.identityserver.common.unittests.dll" id="0d2f4ed5-125c-a2b1-8e5f-5e598ab83d5e">
      <Execution id="95a82ea2-93d1-49ef-a7ac-9394404e9622" />
      <TestMethod codeBase="D:\actions-runner\_work\XPCO\XPCO\Common\VideoOS.IdentityServer.Common\VideoOS.IdentityServer.Common.UnitTests\bin\Debug\net47\VideoOS.IdentityServer.Common.UnitTests.dll" adapterTypeName="executor://mstestadapter/v2" className="VideoOS.IdentityServer.Common.UnitTests.Utilities.Tokens.IdpTokensTests" name="Constructor_NullRefreshToken_ThrowsArgumentNullException" />
    </UnitTest>
    <UnitTest name="ValidateIdpServer_HttpAddressInvalidPort_ShouldThrow" storage="d:\actions-runner\_work\xpco\xpco\common\videoos.identityserver.common\videoos.identityserver.common.unittests\bin\debug\net47\videoos.identityserver.common.unittests.dll" id="eecfcbb2-c955-43fc-8e5c-cfc66bc5dfcb">
      <Execution id="6627fdab-f5ee-432f-9b13-62dd2a3508f6" />
      <TestMethod codeBase="D:\actions-runner\_work\XPCO\XPCO\Common\VideoOS.IdentityServer.Common\VideoOS.IdentityServer.Common.UnitTests\bin\Debug\net47\VideoOS.IdentityServer.Common.UnitTests.dll" adapterTypeName="executor://mstestadapter/v2" className="VideoOS.IdentityServer.Common.UnitTests.IdpDiscoveryServiceTests" name="ValidateIdpServer_HttpAddressInvalidPort_ShouldThrow" />
    </UnitTest>
    <UnitTest name="Constructor_NullSupportedScopes_ThrowsArgumentNullException" storage="d:\actions-runner\_work\xpco\xpco\common\videoos.identityserver.common\videoos.identityserver.common.unittests\bin\debug\net47\videoos.identityserver.common.unittests.dll" id="2ee7e566-cb75-fc37-6701-6a6ccb41d168">
      <Execution id="214e1a05-dadb-4fa8-aa6a-206bc51192d7" />
      <TestMethod codeBase="D:\actions-runner\_work\XPCO\XPCO\Common\VideoOS.IdentityServer.Common\VideoOS.IdentityServer.Common.UnitTests\bin\Debug\net47\VideoOS.IdentityServer.Common.UnitTests.dll" adapterTypeName="executor://mstestadapter/v2" className="VideoOS.IdentityServer.Common.UnitTests.Utilities.Tokens.IdpTokenRetrieverTests" name="Constructor_NullSupportedScopes_ThrowsArgumentNullException" />
    </UnitTest>
    <UnitTest name="SendRequest_ResponseHasBadStatusCode_ThrowIdpException (ProxyAuthenticationRequired)" storage="d:\actions-runner\_work\xpco\xpco\common\videoos.identityserver.common\videoos.identityserver.common.unittests\bin\debug\net47\videoos.identityserver.common.unittests.dll" id="4fec9ec7-a715-f40d-70ae-2bde7321c0b8">
      <Execution id="7578bfaa-19a2-4c6e-ac08-3f8ea5ba7d8a" />
      <TestMethod codeBase="D:\actions-runner\_work\XPCO\XPCO\Common\VideoOS.IdentityServer.Common\VideoOS.IdentityServer.Common.UnitTests\bin\Debug\net47\VideoOS.IdentityServer.Common.UnitTests.dll" adapterTypeName="executor://mstestadapter/v2" className="VideoOS.IdentityServer.Common.UnitTests.IdpClientBaseTests" name="SendRequest_ResponseHasBadStatusCode_ThrowIdpException" />
    </UnitTest>
    <UnitTest name="BasicOpenAuthenticationHeaderValue_Constructor_EmptyUserName" storage="d:\actions-runner\_work\xpco\xpco\common\videoos.identityserver.common\videoos.identityserver.common.unittests\bin\debug\net47\videoos.identityserver.common.unittests.dll" id="05f6a519-6922-0d88-29ab-58670334a8c0">
      <Execution id="a60763b6-2310-46ce-bf07-e69e82424dc4" />
      <TestMethod codeBase="D:\actions-runner\_work\XPCO\XPCO\Common\VideoOS.IdentityServer.Common\VideoOS.IdentityServer.Common.UnitTests\bin\Debug\net47\VideoOS.IdentityServer.Common.UnitTests.dll" adapterTypeName="executor://mstestadapter/v2" className="VideoOS.IdentityServer.Common.UnitTests.BasicOpenAuthenticationHeaderValueTests" name="BasicOpenAuthenticationHeaderValue_Constructor_EmptyUserName" />
    </UnitTest>
    <UnitTest name="IdpTokenClient_CredentialsCacheAsCredentials_HttpClientConfiguredToNotUseDefualtCredentials" storage="d:\actions-runner\_work\xpco\xpco\common\videoos.identityserver.common\videoos.identityserver.common.unittests\bin\debug\net47\videoos.identityserver.common.unittests.dll" id="2b6f2d8f-97a8-a49e-9820-0353b7cf269e">
      <Execution id="f5e10324-8e7a-444d-b914-071a0778547e" />
      <TestMethod codeBase="D:\actions-runner\_work\XPCO\XPCO\Common\VideoOS.IdentityServer.Common\VideoOS.IdentityServer.Common.UnitTests\bin\Debug\net47\VideoOS.IdentityServer.Common.UnitTests.dll" adapterTypeName="executor://mstestadapter/v2" className="VideoOS.IdentityServer.Common.UnitTests.IdpTokenClientTests" name="IdpTokenClient_CredentialsCacheAsCredentials_HttpClientConfiguredToNotUseDefualtCredentials" />
    </UnitTest>
    <UnitTest name="Retrieve_NullProvider_ThrowsArgumentNullException" storage="d:\actions-runner\_work\xpco\xpco\common\videoos.identityserver.common\videoos.identityserver.common.unittests\bin\debug\net47\videoos.identityserver.common.unittests.dll" id="bf705ae1-67a7-5fa6-c13f-a22026ecd395">
      <Execution id="928ac874-62f8-4707-93d5-2f6bee700379" />
      <TestMethod codeBase="D:\actions-runner\_work\XPCO\XPCO\Common\VideoOS.IdentityServer.Common\VideoOS.IdentityServer.Common.UnitTests\bin\Debug\net47\VideoOS.IdentityServer.Common.UnitTests.dll" adapterTypeName="executor://mstestadapter/v2" className="VideoOS.IdentityServer.Common.UnitTests.Utilities.Tokens.IdpTokenRetrieverTests" name="Retrieve_NullProvider_ThrowsArgumentNullException" />
    </UnitTest>
    <UnitTest name="Ctor_RequireHttpsIsTrueButAddressSchemeIsHttp_ThrowsArgumentException" storage="d:\actions-runner\_work\xpco\xpco\common\videoos.identityserver.common\videoos.identityserver.common.unittests\bin\debug\net47\videoos.identityserver.common.unittests.dll" id="b534d700-8c81-a428-c5af-952f23674e8e">
      <Execution id="baadec37-fc7b-4b9e-b27a-e9ce241a2518" />
      <TestMethod codeBase="D:\actions-runner\_work\XPCO\XPCO\Common\VideoOS.IdentityServer.Common\VideoOS.IdentityServer.Common.UnitTests\bin\Debug\net47\VideoOS.IdentityServer.Common.UnitTests.dll" adapterTypeName="executor://mstestadapter/v2" className="VideoOS.IdentityServer.Common.UnitTests.OpenIdTokenHandlerTests" name="Ctor_RequireHttpsIsTrueButAddressSchemeIsHttp_ThrowsArgumentException" />
    </UnitTest>
    <UnitTest name="Constructor_Successful" storage="d:\actions-runner\_work\xpco\xpco\common\videoos.identityserver.common\videoos.identityserver.common.unittests\bin\debug\net47\videoos.identityserver.common.unittests.dll" id="b03e8e27-9937-91b2-5c08-fa8ff907b26f">
      <Execution id="4b754bb8-f77c-4bcc-a80f-da8ef027eb27" />
      <TestMethod codeBase="D:\actions-runner\_work\XPCO\XPCO\Common\VideoOS.IdentityServer.Common\VideoOS.IdentityServer.Common.UnitTests\bin\Debug\net47\VideoOS.IdentityServer.Common.UnitTests.dll" adapterTypeName="executor://mstestadapter/v2" className="VideoOS.IdentityServer.Common.UnitTests.Utilities.Tokens.IdpTokensTests" name="Constructor_Successful" />
    </UnitTest>
    <UnitTest name="Ctor_AddressIsNull_ThrowsArgumentNullException" storage="d:\actions-runner\_work\xpco\xpco\common\videoos.identityserver.common\videoos.identityserver.common.unittests\bin\debug\net47\videoos.identityserver.common.unittests.dll" id="7ca488d0-3aca-76f1-6559-f9cc58d50a45">
      <Execution id="191cb634-ac8b-4e0e-b440-10e7c9342ddb" />
      <TestMethod codeBase="D:\actions-runner\_work\XPCO\XPCO\Common\VideoOS.IdentityServer.Common\VideoOS.IdentityServer.Common.UnitTests\bin\Debug\net47\VideoOS.IdentityServer.Common.UnitTests.dll" adapterTypeName="executor://mstestadapter/v2" className="VideoOS.IdentityServer.Common.UnitTests.JwtSecurityTokenValidatorWithConfigurationManagerTests" name="Ctor_AddressIsNull_ThrowsArgumentNullException" />
    </UnitTest>
    <UnitTest name="SendRequest_ResponseHasBadStatusCode_ThrowIdpException (RequestTimeout)" storage="d:\actions-runner\_work\xpco\xpco\common\videoos.identityserver.common\videoos.identityserver.common.unittests\bin\debug\net47\videoos.identityserver.common.unittests.dll" id="eef3d4d9-ae71-3c95-4f3b-3059412b7fd3">
      <Execution id="39a34688-a9cf-49d0-8ebf-486c7e525316" />
      <TestMethod codeBase="D:\actions-runner\_work\XPCO\XPCO\Common\VideoOS.IdentityServer.Common\VideoOS.IdentityServer.Common.UnitTests\bin\Debug\net47\VideoOS.IdentityServer.Common.UnitTests.dll" adapterTypeName="executor://mstestadapter/v2" className="VideoOS.IdentityServer.Common.UnitTests.IdpClientBaseTests" name="SendRequest_ResponseHasBadStatusCode_ThrowIdpException" />
    </UnitTest>
    <UnitTest name="Constructor_ScopeIsEmpty_ThrowArgumentException" storage="d:\actions-runner\_work\xpco\xpco\common\videoos.identityserver.common\videoos.identityserver.common.unittests\bin\debug\net47\videoos.identityserver.common.unittests.dll" id="1084380c-efdf-4335-3855-2ba20ad000dd">
      <Execution id="6a9dc340-62b3-4448-9989-15b4dc7d1845" />
      <TestMethod codeBase="D:\actions-runner\_work\XPCO\XPCO\Common\VideoOS.IdentityServer.Common\VideoOS.IdentityServer.Common.UnitTests\bin\Debug\net47\VideoOS.IdentityServer.Common.UnitTests.dll" adapterTypeName="executor://mstestadapter/v2" className="VideoOS.IdentityServer.Common.UnitTests.IdentityServerTokenHandlerTests" name="Constructor_ScopeIsEmpty_ThrowArgumentException" />
    </UnitTest>
    <UnitTest name="Construct_WithHttpError_ResponseWithStatusCode" storage="d:\actions-runner\_work\xpco\xpco\common\videoos.identityserver.common\videoos.identityserver.common.unittests\bin\debug\net47\videoos.identityserver.common.unittests.dll" id="02022d21-40cd-3c83-07fb-845b28c8719d">
      <Execution id="06bc6361-e61d-4ef3-814c-e83dca4a9f86" />
      <TestMethod codeBase="D:\actions-runner\_work\XPCO\XPCO\Common\VideoOS.IdentityServer.Common\VideoOS.IdentityServer.Common.UnitTests\bin\Debug\net47\VideoOS.IdentityServer.Common.UnitTests.dll" adapterTypeName="executor://mstestadapter/v2" className="VideoOS.IdentityServer.Common.UnitTests.DiscoveryResponseTests" name="Construct_WithHttpError_ResponseWithStatusCode" />
    </UnitTest>
    <UnitTest name="CreateUserCollection_ResponseHasSuccessfulStatusCode_CorrectRequestUriIsPassedAndUsersAreReturned" storage="d:\actions-runner\_work\xpco\xpco\common\videoos.identityserver.common\videoos.identityserver.common.unittests\bin\debug\net47\videoos.identityserver.common.unittests.dll" id="1146fad1-5168-1504-a8de-6a696ebcdf14">
      <Execution id="91e4cb33-e3ae-4ebf-8afa-088298a85d95" />
      <TestMethod codeBase="D:\actions-runner\_work\XPCO\XPCO\Common\VideoOS.IdentityServer.Common\VideoOS.IdentityServer.Common.UnitTests\bin\Debug\net47\VideoOS.IdentityServer.Common.UnitTests.dll" adapterTypeName="executor://mstestadapter/v2" className="VideoOS.IdentityServer.Common.UnitTests.Services.IdpAdministrationClientTests" name="CreateUserCollection_ResponseHasSuccessfulStatusCode_CorrectRequestUriIsPassedAndUsersAreReturned" />
    </UnitTest>
    <UnitTest name="UserAndDomainName_ThrowsNotSupportedException" storage="d:\actions-runner\_work\xpco\xpco\common\videoos.identityserver.common\videoos.identityserver.common.unittests\bin\debug\net47\videoos.identityserver.common.unittests.dll" id="4df62476-7918-8981-230a-1c8bcba97842">
      <Execution id="85da5278-70ce-4e60-adfc-e3f98e594229" />
      <TestMethod codeBase="D:\actions-runner\_work\XPCO\XPCO\Common\VideoOS.IdentityServer.Common\VideoOS.IdentityServer.Common.UnitTests\bin\Debug\net47\VideoOS.IdentityServer.Common.UnitTests.dll" adapterTypeName="executor://mstestadapter/v2" className="VideoOS.IdentityServer.Common.UnitTests.Handlers.IdentityServerToken.SimpleTokenCacheTests" name="UserAndDomainName_ThrowsNotSupportedException" />
    </UnitTest>
    <UnitTest name="CreateException_InvalidCode_Throws_ArgumentOutOfRangeException" storage="d:\actions-runner\_work\xpco\xpco\common\videoos.identityserver.common\videoos.identityserver.common.unittests\bin\debug\net47\videoos.identityserver.common.unittests.dll" id="24757d53-50b6-4207-edb9-4d7b85e83ec0">
      <Execution id="de838b4f-6a66-4db8-8e6f-8ab6bde647f3" />
      <TestMethod codeBase="D:\actions-runner\_work\XPCO\XPCO\Common\VideoOS.IdentityServer.Common\VideoOS.IdentityServer.Common.UnitTests\bin\Debug\net47\VideoOS.IdentityServer.Common.UnitTests.dll" adapterTypeName="executor://mstestadapter/v2" className="VideoOS.IdentityServer.Common.UnitTests.Exceptions.IdpExceptionFactoryTests" name="CreateException_InvalidCode_Throws_ArgumentOutOfRangeException" />
    </UnitTest>
    <UnitTest name="Authenticate_AuthHeaderHasMalformedToken_ReturnNull" storage="d:\actions-runner\_work\xpco\xpco\common\videoos.identityserver.common\videoos.identityserver.common.unittests\bin\debug\net47\videoos.identityserver.common.unittests.dll" id="19385676-0b53-c79d-1ffa-123def9ca885">
      <Execution id="a46f0c94-7e22-4b51-a171-d865a0b5fd64" />
      <TestMethod codeBase="D:\actions-runner\_work\XPCO\XPCO\Common\VideoOS.IdentityServer.Common\VideoOS.IdentityServer.Common.UnitTests\bin\Debug\net47\VideoOS.IdentityServer.Common.UnitTests.dll" adapterTypeName="executor://mstestadapter/v2" className="VideoOS.IdentityServer.Common.UnitTests.ServiceModel.OpenIdClaimsAuthenticationManagerTests" name="Authenticate_AuthHeaderHasMalformedToken_ReturnNull" />
    </UnitTest>
    <UnitTest name="HasValidScheme_UriIsHttps_ReturnsTrue" storage="d:\actions-runner\_work\xpco\xpco\common\videoos.identityserver.common\videoos.identityserver.common.unittests\bin\debug\net47\videoos.identityserver.common.unittests.dll" id="6295024d-cdd4-de28-e7d8-515486f05d12">
      <Execution id="ee1d954c-770c-44ba-95b5-030ebc06ea00" />
      <TestMethod codeBase="D:\actions-runner\_work\XPCO\XPCO\Common\VideoOS.IdentityServer.Common\VideoOS.IdentityServer.Common.UnitTests\bin\Debug\net47\VideoOS.IdentityServer.Common.UnitTests.dll" adapterTypeName="executor://mstestadapter/v2" className="VideoOS.IdentityServer.Common.UnitTests.Utilities.ServerValidation.UriExtenderTests" name="HasValidScheme_UriIsHttps_ReturnsTrue" />
    </UnitTest>
    <UnitTest name="ValidateIdpServer_WorkingHttpAddress_ShouldSuccess" storage="d:\actions-runner\_work\xpco\xpco\common\videoos.identityserver.common\videoos.identityserver.common.unittests\bin\debug\net47\videoos.identityserver.common.unittests.dll" id="9ef64bea-8c17-ab0b-0aa2-a889a448670e">
      <Execution id="05a3c73c-4dcf-4a38-9084-5d3ea708f667" />
      <TestMethod codeBase="D:\actions-runner\_work\XPCO\XPCO\Common\VideoOS.IdentityServer.Common\VideoOS.IdentityServer.Common.UnitTests\bin\Debug\net47\VideoOS.IdentityServer.Common.UnitTests.dll" adapterTypeName="executor://mstestadapter/v2" className="VideoOS.IdentityServer.Common.UnitTests.IdpDiscoveryServiceTests" name="ValidateIdpServer_WorkingHttpAddress_ShouldSuccess" />
    </UnitTest>
    <UnitTest name="Start_TokenRefreshSuccess_StartTimerInterval10" storage="d:\actions-runner\_work\xpco\xpco\common\videoos.identityserver.common\videoos.identityserver.common.unittests\bin\debug\net47\videoos.identityserver.common.unittests.dll" id="7c241f9b-2b9f-c010-004c-ec717a0175c5">
      <Execution id="4d001f42-a6c4-4e8b-b301-0d9713893b00" />
      <TestMethod codeBase="D:\actions-runner\_work\XPCO\XPCO\Common\VideoOS.IdentityServer.Common\VideoOS.IdentityServer.Common.UnitTests\bin\Debug\net47\VideoOS.IdentityServer.Common.UnitTests.dll" adapterTypeName="executor://mstestadapter/v2" className="VideoOS.IdentityServer.Common.UnitTests.Handlers.TokenCacheTests" name="Start_TokenRefreshSuccess_StartTimerInterval10" />
    </UnitTest>
    <UnitTest name="SendRequest_ResponseHasStatusCodeAndCustomIdpError_ThrowCorrectIdpException" storage="d:\actions-runner\_work\xpco\xpco\common\videoos.identityserver.common\videoos.identityserver.common.unittests\bin\debug\net47\videoos.identityserver.common.unittests.dll" id="ee4023a9-7ef5-de07-c4fc-93e795d5baa7">
      <Execution id="55d85713-5ad0-41ba-b559-68980e3f394b" />
      <TestMethod codeBase="D:\actions-runner\_work\XPCO\XPCO\Common\VideoOS.IdentityServer.Common\VideoOS.IdentityServer.Common.UnitTests\bin\Debug\net47\VideoOS.IdentityServer.Common.UnitTests.dll" adapterTypeName="executor://mstestadapter/v2" className="VideoOS.IdentityServer.Common.UnitTests.IdpClientBaseTests" name="SendRequest_ResponseHasStatusCodeAndCustomIdpError_ThrowCorrectIdpException" />
    </UnitTest>
    <UnitTest name="RefreshToken_TokenHandlerReturnsToken_RefreshTokenReturnsToken" storage="d:\actions-runner\_work\xpco\xpco\common\videoos.identityserver.common\videoos.identityserver.common.unittests\bin\debug\net47\videoos.identityserver.common.unittests.dll" id="6ee35bac-519f-b442-48b8-ad90bff16940">
      <Execution id="e425281c-3b02-4d40-8c9a-595e73603492" />
      <TestMethod codeBase="D:\actions-runner\_work\XPCO\XPCO\Common\VideoOS.IdentityServer.Common\VideoOS.IdentityServer.Common.UnitTests\bin\Debug\net47\VideoOS.IdentityServer.Common.UnitTests.dll" adapterTypeName="executor://mstestadapter/v2" className="VideoOS.IdentityServer.Common.UnitTests.Handlers.TokenCacheTests" name="RefreshToken_TokenHandlerReturnsToken_RefreshTokenReturnsToken" />
    </UnitTest>
    <UnitTest name="ValidateIdpServer_SimulateValidResponseFromOAuthServer_WithValidCertificate" storage="d:\actions-runner\_work\xpco\xpco\common\videoos.identityserver.common\videoos.identityserver.common.unittests\bin\debug\net47\videoos.identityserver.common.unittests.dll" id="c46d157a-ee92-777a-ec56-c2afd9b36a47">
      <Execution id="1adaed55-35c7-44a0-8c30-705901a8c91f" />
      <TestMethod codeBase="D:\actions-runner\_work\XPCO\XPCO\Common\VideoOS.IdentityServer.Common\VideoOS.IdentityServer.Common.UnitTests\bin\Debug\net47\VideoOS.IdentityServer.Common.UnitTests.dll" adapterTypeName="executor://mstestadapter/v2" className="VideoOS.IdentityServer.Common.UnitTests.IdpServerValidationTests" name="ValidateIdpServer_SimulateValidResponseFromOAuthServer_WithValidCertificate" />
    </UnitTest>
    <UnitTest name="SendRequest_ModelStateError_ThrowsInvalidArgumentsException" storage="d:\actions-runner\_work\xpco\xpco\common\videoos.identityserver.common\videoos.identityserver.common.unittests\bin\debug\net47\videoos.identityserver.common.unittests.dll" id="2439864b-27f0-8850-4ed8-51ccc06b948f">
      <Execution id="e18c5558-b71b-4928-85ff-803d0f957732" />
      <TestMethod codeBase="D:\actions-runner\_work\XPCO\XPCO\Common\VideoOS.IdentityServer.Common\VideoOS.IdentityServer.Common.UnitTests\bin\Debug\net47\VideoOS.IdentityServer.Common.UnitTests.dll" adapterTypeName="executor://mstestadapter/v2" className="VideoOS.IdentityServer.Common.UnitTests.IdpClientBaseTests" name="SendRequest_ModelStateError_ThrowsInvalidArgumentsException" />
    </UnitTest>
    <UnitTest name="BasicOpenAuthenticationHeaderValue_Constructor_NullUserName" storage="d:\actions-runner\_work\xpco\xpco\common\videoos.identityserver.common\videoos.identityserver.common.unittests\bin\debug\net47\videoos.identityserver.common.unittests.dll" id="b639b5fb-3ef5-2cd9-a90a-017d1638f497">
      <Execution id="e404695d-42f9-4f9f-8100-5d57d7396fab" />
      <TestMethod codeBase="D:\actions-runner\_work\XPCO\XPCO\Common\VideoOS.IdentityServer.Common\VideoOS.IdentityServer.Common.UnitTests\bin\Debug\net47\VideoOS.IdentityServer.Common.UnitTests.dll" adapterTypeName="executor://mstestadapter/v2" className="VideoOS.IdentityServer.Common.UnitTests.BasicOpenAuthenticationHeaderValueTests" name="BasicOpenAuthenticationHeaderValue_Constructor_NullUserName" />
    </UnitTest>
    <UnitTest name="TokenCache_Constructor_Scope_ArgumentNullException" storage="d:\actions-runner\_work\xpco\xpco\common\videoos.identityserver.common\videoos.identityserver.common.unittests\bin\debug\net47\videoos.identityserver.common.unittests.dll" id="21823bf0-ff7d-6139-8246-3e6c7fce3add">
      <Execution id="b6923124-09b5-471f-9a66-7192b6e32074" />
      <TestMethod codeBase="D:\actions-runner\_work\XPCO\XPCO\Common\VideoOS.IdentityServer.Common\VideoOS.IdentityServer.Common.UnitTests\bin\Debug\net47\VideoOS.IdentityServer.Common.UnitTests.dll" adapterTypeName="executor://mstestadapter/v2" className="VideoOS.IdentityServer.Common.UnitTests.Handlers.TokenCacheTests" name="TokenCache_Constructor_Scope_ArgumentNullException" />
    </UnitTest>
    <UnitTest name="BeforeSendRequest_ThrowsHttpRequestExceptionWithWebException_ThrowsCommunicationException (SendFailure)" storage="d:\actions-runner\_work\xpco\xpco\common\videoos.identityserver.common\videoos.identityserver.common.unittests\bin\debug\net47\videoos.identityserver.common.unittests.dll" id="6ff3a64d-e43e-c9b5-cdb2-5023b692a002">
      <Execution id="058ee172-996f-47b3-8d79-43e0daf49f23" />
      <TestMethod codeBase="D:\actions-runner\_work\XPCO\XPCO\Common\VideoOS.IdentityServer.Common\VideoOS.IdentityServer.Common.UnitTests\bin\Debug\net47\VideoOS.IdentityServer.Common.UnitTests.dll" adapterTypeName="executor://mstestadapter/v2" className="VideoOS.IdentityServer.Common.UnitTests.ServiceModel.BearerAuthorizationHeaderInspectorTests" name="BeforeSendRequest_ThrowsHttpRequestExceptionWithWebException_ThrowsCommunicationException" />
    </UnitTest>
    <UnitTest name="SendRequest_ResponseHasOkStatusCodeButContentHasWrongFormat_ThrowIdpException" storage="d:\actions-runner\_work\xpco\xpco\common\videoos.identityserver.common\videoos.identityserver.common.unittests\bin\debug\net47\videoos.identityserver.common.unittests.dll" id="d1a7ae75-499e-4c81-b00a-a79e362c4160">
      <Execution id="8921a3fe-8110-4ef8-88fe-163d245a0e6a" />
      <TestMethod codeBase="D:\actions-runner\_work\XPCO\XPCO\Common\VideoOS.IdentityServer.Common\VideoOS.IdentityServer.Common.UnitTests\bin\Debug\net47\VideoOS.IdentityServer.Common.UnitTests.dll" adapterTypeName="executor://mstestadapter/v2" className="VideoOS.IdentityServer.Common.UnitTests.IdpClientBaseTests" name="SendRequest_ResponseHasOkStatusCodeButContentHasWrongFormat_ThrowIdpException" />
    </UnitTest>
    <UnitTest name="GetTokenResponseAsync_TokenHandlerDisposedBeforeCall_ObjectDisposedException" storage="d:\actions-runner\_work\xpco\xpco\common\videoos.identityserver.common\videoos.identityserver.common.unittests\bin\debug\net47\videoos.identityserver.common.unittests.dll" id="1eb96942-90b7-e230-1cfa-7966bc14fec4">
      <Execution id="19ab9a90-93f1-40cc-894e-7ee85e37bd4c" />
      <TestMethod codeBase="D:\actions-runner\_work\XPCO\XPCO\Common\VideoOS.IdentityServer.Common\VideoOS.IdentityServer.Common.UnitTests\bin\Debug\net47\VideoOS.IdentityServer.Common.UnitTests.dll" adapterTypeName="executor://mstestadapter/v2" className="VideoOS.IdentityServer.Common.UnitTests.ExchangeTokenHandlerTests" name="GetTokenResponseAsync_TokenHandlerDisposedBeforeCall_ObjectDisposedException" />
    </UnitTest>
    <UnitTest name="ValidateIdpServer_HttpsAddressInvalidPort_ShouldThrow" storage="d:\actions-runner\_work\xpco\xpco\common\videoos.identityserver.common\videoos.identityserver.common.unittests\bin\debug\net47\videoos.identityserver.common.unittests.dll" id="730bef14-9053-6444-695c-2c9c89ef8f7a">
      <Execution id="f507213f-8963-4fd0-941b-e2176a0149b3" />
      <TestMethod codeBase="D:\actions-runner\_work\XPCO\XPCO\Common\VideoOS.IdentityServer.Common\VideoOS.IdentityServer.Common.UnitTests\bin\Debug\net47\VideoOS.IdentityServer.Common.UnitTests.dll" adapterTypeName="executor://mstestadapter/v2" className="VideoOS.IdentityServer.Common.UnitTests.IdpDiscoveryServiceTests" name="ValidateIdpServer_HttpsAddressInvalidPort_ShouldThrow" />
    </UnitTest>
    <UnitTest name="Stop_RefreshGetToken" storage="d:\actions-runner\_work\xpco\xpco\common\videoos.identityserver.common\videoos.identityserver.common.unittests\bin\debug\net47\videoos.identityserver.common.unittests.dll" id="384c466e-e541-dfd8-e107-db2fc07e11e9">
      <Execution id="a96144ff-535d-42b3-8b16-576e3ca6510a" />
      <TestMethod codeBase="D:\actions-runner\_work\XPCO\XPCO\Common\VideoOS.IdentityServer.Common\VideoOS.IdentityServer.Common.UnitTests\bin\Debug\net47\VideoOS.IdentityServer.Common.UnitTests.dll" adapterTypeName="executor://mstestadapter/v2" className="VideoOS.IdentityServer.Common.UnitTests.Handlers.TokenCacheTests" name="Stop_RefreshGetToken" />
    </UnitTest>
    <UnitTest name="Start_TokenRefreshFailed_StartTimerInterval5" storage="d:\actions-runner\_work\xpco\xpco\common\videoos.identityserver.common\videoos.identityserver.common.unittests\bin\debug\net47\videoos.identityserver.common.unittests.dll" id="07e017ec-27c0-e3c7-e86f-7418562949bd">
      <Execution id="769cc582-d367-4725-a086-5c6099471496" />
      <TestMethod codeBase="D:\actions-runner\_work\XPCO\XPCO\Common\VideoOS.IdentityServer.Common\VideoOS.IdentityServer.Common.UnitTests\bin\Debug\net47\VideoOS.IdentityServer.Common.UnitTests.dll" adapterTypeName="executor://mstestadapter/v2" className="VideoOS.IdentityServer.Common.UnitTests.Handlers.TokenCacheTests" name="Start_TokenRefreshFailed_StartTimerInterval5" />
    </UnitTest>
    <UnitTest name="CreateException_PasswordRequiresDigit_Is_PasswordNotComplexEnoughException" storage="d:\actions-runner\_work\xpco\xpco\common\videoos.identityserver.common\videoos.identityserver.common.unittests\bin\debug\net47\videoos.identityserver.common.unittests.dll" id="a195a1f3-7257-7b57-25f5-d869b6864153">
      <Execution id="bd1f5fea-ad6a-4102-9ea3-59bcec0c3654" />
      <TestMethod codeBase="D:\actions-runner\_work\XPCO\XPCO\Common\VideoOS.IdentityServer.Common\VideoOS.IdentityServer.Common.UnitTests\bin\Debug\net47\VideoOS.IdentityServer.Common.UnitTests.dll" adapterTypeName="executor://mstestadapter/v2" className="VideoOS.IdentityServer.Common.UnitTests.Exceptions.IdpExceptionFactoryTests" name="CreateException_PasswordRequiresDigit_Is_PasswordNotComplexEnoughException" />
    </UnitTest>
    <UnitTest name="CreateTrustedIssuer_ResponseHasSuccessfulStatusCode_CorrectRequestUriIsPassed" storage="d:\actions-runner\_work\xpco\xpco\common\videoos.identityserver.common\videoos.identityserver.common.unittests\bin\debug\net47\videoos.identityserver.common.unittests.dll" id="c010b35c-ca77-152c-97b9-c2d3f6ea7d7d">
      <Execution id="0ef6f167-0841-4743-8f0d-e805db4ebd3f" />
      <TestMethod codeBase="D:\actions-runner\_work\XPCO\XPCO\Common\VideoOS.IdentityServer.Common\VideoOS.IdentityServer.Common.UnitTests\bin\Debug\net47\VideoOS.IdentityServer.Common.UnitTests.dll" adapterTypeName="executor://mstestadapter/v2" className="VideoOS.IdentityServer.Common.UnitTests.Services.IdpAdministrationClientTests" name="CreateTrustedIssuer_ResponseHasSuccessfulStatusCode_CorrectRequestUriIsPassed" />
    </UnitTest>
    <UnitTest name="IdpTokenClient_NullCredentials_HttpClientConfiguredToUseDefualtCredentials" storage="d:\actions-runner\_work\xpco\xpco\common\videoos.identityserver.common\videoos.identityserver.common.unittests\bin\debug\net47\videoos.identityserver.common.unittests.dll" id="4dc452ef-89de-ef92-35ba-5de565a80983">
      <Execution id="5153e379-88f1-48ce-982e-bcde925c9e00" />
      <TestMethod codeBase="D:\actions-runner\_work\XPCO\XPCO\Common\VideoOS.IdentityServer.Common\VideoOS.IdentityServer.Common.UnitTests\bin\Debug\net47\VideoOS.IdentityServer.Common.UnitTests.dll" adapterTypeName="executor://mstestadapter/v2" className="VideoOS.IdentityServer.Common.UnitTests.IdpTokenClientTests" name="IdpTokenClient_NullCredentials_HttpClientConfiguredToUseDefualtCredentials" />
    </UnitTest>
    <UnitTest name="ValidateToken_SignatureKeyNotFoundMinimumRefreshIntervalReached_RefreshRequested" storage="d:\actions-runner\_work\xpco\xpco\common\videoos.identityserver.common\videoos.identityserver.common.unittests\bin\debug\net47\videoos.identityserver.common.unittests.dll" id="e9fa84ac-633c-62b6-98d7-47b66e6e189e">
      <Execution id="55cf1313-1877-47f8-9add-af97fc21bb01" />
      <TestMethod codeBase="D:\actions-runner\_work\XPCO\XPCO\Common\VideoOS.IdentityServer.Common\VideoOS.IdentityServer.Common.UnitTests\bin\Debug\net47\VideoOS.IdentityServer.Common.UnitTests.dll" adapterTypeName="executor://mstestadapter/v2" className="VideoOS.IdentityServer.Common.UnitTests.JwtSecurityTokenValidatorWithConfigurationManagerTests" name="ValidateToken_SignatureKeyNotFoundMinimumRefreshIntervalReached_RefreshRequested" />
    </UnitTest>
    <UnitTest name="BeforeSendRequest_ThrowsHttpRequestExceptionWithWebException_ThrowsCommunicationException (CacheEntryNotFound)" storage="d:\actions-runner\_work\xpco\xpco\common\videoos.identityserver.common\videoos.identityserver.common.unittests\bin\debug\net47\videoos.identityserver.common.unittests.dll" id="1b8c86ad-d6be-1e33-af55-74534338a533">
      <Execution id="caf395cc-3832-479e-85bd-29340ff0cb0f" />
      <TestMethod codeBase="D:\actions-runner\_work\XPCO\XPCO\Common\VideoOS.IdentityServer.Common\VideoOS.IdentityServer.Common.UnitTests\bin\Debug\net47\VideoOS.IdentityServer.Common.UnitTests.dll" adapterTypeName="executor://mstestadapter/v2" className="VideoOS.IdentityServer.Common.UnitTests.ServiceModel.BearerAuthorizationHeaderInspectorTests" name="BeforeSendRequest_ThrowsHttpRequestExceptionWithWebException_ThrowsCommunicationException" />
    </UnitTest>
    <UnitTest name="Retrieve_EmptyProvider_ThrowsArgumentNullException" storage="d:\actions-runner\_work\xpco\xpco\common\videoos.identityserver.common\videoos.identityserver.common.unittests\bin\debug\net47\videoos.identityserver.common.unittests.dll" id="fb9a0fbc-d523-38e7-fa29-68166d7c4694">
      <Execution id="82857d3c-8a6f-44f6-82c8-e49db1ab656d" />
      <TestMethod codeBase="D:\actions-runner\_work\XPCO\XPCO\Common\VideoOS.IdentityServer.Common\VideoOS.IdentityServer.Common.UnitTests\bin\Debug\net47\VideoOS.IdentityServer.Common.UnitTests.dll" adapterTypeName="executor://mstestadapter/v2" className="VideoOS.IdentityServer.Common.UnitTests.Utilities.Tokens.IdpTokenRetrieverTests" name="Retrieve_EmptyProvider_ThrowsArgumentNullException" />
    </UnitTest>
    <UnitTest name="ValidateIdpServer_SimulateValidResponseFrom_WithNonStandardPortAndValidScheme_AgainstVersionNotSupportingOauth_Success" storage="d:\actions-runner\_work\xpco\xpco\common\videoos.identityserver.common\videoos.identityserver.common.unittests\bin\debug\net47\videoos.identityserver.common.unittests.dll" id="6a56b596-cc3a-9bf5-da7f-9064d03397a2">
      <Execution id="a42a46c4-1dc1-4f24-b5b1-8dabc65d41b3" />
      <TestMethod codeBase="D:\actions-runner\_work\XPCO\XPCO\Common\VideoOS.IdentityServer.Common\VideoOS.IdentityServer.Common.UnitTests\bin\Debug\net47\VideoOS.IdentityServer.Common.UnitTests.dll" adapterTypeName="executor://mstestadapter/v2" className="VideoOS.IdentityServer.Common.UnitTests.IdpServerValidationTests" name="ValidateIdpServer_SimulateValidResponseFrom_WithNonStandardPortAndValidScheme_AgainstVersionNotSupportingOauth_Success" />
    </UnitTest>
    <UnitTest name="GetUserCollection_QueryParameterIsVariableSize_QueryParameterIsUsedWhenNotTooBig (1,False)" storage="d:\actions-runner\_work\xpco\xpco\common\videoos.identityserver.common\videoos.identityserver.common.unittests\bin\debug\net47\videoos.identityserver.common.unittests.dll" id="b3c93a97-6762-97e2-4473-6d5a7d219a04">
      <Execution id="aa5f3f69-76cb-469e-bee6-d51ee65ecd48" />
      <TestMethod codeBase="D:\actions-runner\_work\XPCO\XPCO\Common\VideoOS.IdentityServer.Common\VideoOS.IdentityServer.Common.UnitTests\bin\Debug\net47\VideoOS.IdentityServer.Common.UnitTests.dll" adapterTypeName="executor://mstestadapter/v2" className="VideoOS.IdentityServer.Common.UnitTests.Services.IdpAdministrationClientTests" name="GetUserCollection_QueryParameterIsVariableSize_QueryParameterIsUsedWhenNotTooBig" />
    </UnitTest>
    <UnitTest name="GetEventLogs_ResponseHasOneLog_LogIsReturned" storage="d:\actions-runner\_work\xpco\xpco\common\videoos.identityserver.common\videoos.identityserver.common.unittests\bin\debug\net47\videoos.identityserver.common.unittests.dll" id="0c335cba-9d4b-aa04-40ba-337c73bdc2f2">
      <Execution id="a80ea700-a53a-4a78-a66b-6997f86c6aad" />
      <TestMethod codeBase="D:\actions-runner\_work\XPCO\XPCO\Common\VideoOS.IdentityServer.Common\VideoOS.IdentityServer.Common.UnitTests\bin\Debug\net47\VideoOS.IdentityServer.Common.UnitTests.dll" adapterTypeName="executor://mstestadapter/v2" className="VideoOS.IdentityServer.Common.UnitTests.Services.IdpAdministrationClientTests" name="GetEventLogs_ResponseHasOneLog_LogIsReturned" />
    </UnitTest>
    <UnitTest name="GetEventLogs_NumberToReturnIsOutOfRange_ThrowsArgumentOutOfRangeException (-1)" storage="d:\actions-runner\_work\xpco\xpco\common\videoos.identityserver.common\videoos.identityserver.common.unittests\bin\debug\net47\videoos.identityserver.common.unittests.dll" id="83822170-a282-a7f9-81dc-2f08dba999ec">
      <Execution id="cc3088b3-cfae-4fba-ab08-c0546f1e55b6" />
      <TestMethod codeBase="D:\actions-runner\_work\XPCO\XPCO\Common\VideoOS.IdentityServer.Common\VideoOS.IdentityServer.Common.UnitTests\bin\Debug\net47\VideoOS.IdentityServer.Common.UnitTests.dll" adapterTypeName="executor://mstestadapter/v2" className="VideoOS.IdentityServer.Common.UnitTests.Services.IdpAdministrationClientTests" name="GetEventLogs_NumberToReturnIsOutOfRange_ThrowsArgumentOutOfRangeException" />
    </UnitTest>
    <UnitTest name="HasValidScheme_UriIsNetTcp_ReturnsTrue" storage="d:\actions-runner\_work\xpco\xpco\common\videoos.identityserver.common\videoos.identityserver.common.unittests\bin\debug\net47\videoos.identityserver.common.unittests.dll" id="99565e95-1a0c-269c-a11f-12a2852883ea">
      <Execution id="bc44bf3d-0d03-4d05-bafb-9b2e5904c121" />
      <TestMethod codeBase="D:\actions-runner\_work\XPCO\XPCO\Common\VideoOS.IdentityServer.Common\VideoOS.IdentityServer.Common.UnitTests\bin\Debug\net47\VideoOS.IdentityServer.Common.UnitTests.dll" adapterTypeName="executor://mstestadapter/v2" className="VideoOS.IdentityServer.Common.UnitTests.Utilities.ServerValidation.UriExtenderTests" name="HasValidScheme_UriIsNetTcp_ReturnsTrue" />
    </UnitTest>
    <UnitTest name="Constructor_ClientTokenSettingsIsNull_ThrowArgumentNullException" storage="d:\actions-runner\_work\xpco\xpco\common\videoos.identityserver.common\videoos.identityserver.common.unittests\bin\debug\net47\videoos.identityserver.common.unittests.dll" id="6c035807-52d4-6caf-a566-ec498448b6fa">
      <Execution id="3586c2f5-69a7-4c77-9cd8-f19dfd7e0a0b" />
      <TestMethod codeBase="D:\actions-runner\_work\XPCO\XPCO\Common\VideoOS.IdentityServer.Common\VideoOS.IdentityServer.Common.UnitTests\bin\Debug\net47\VideoOS.IdentityServer.Common.UnitTests.dll" adapterTypeName="executor://mstestadapter/v2" className="VideoOS.IdentityServer.Common.UnitTests.IdentityServerTokenHandlerTests" name="Constructor_ClientTokenSettingsIsNull_ThrowArgumentNullException" />
    </UnitTest>
    <UnitTest name="GetAsync_ErrorTypeException_DiscoveryResponseIsError" storage="d:\actions-runner\_work\xpco\xpco\common\videoos.identityserver.common\videoos.identityserver.common.unittests\bin\debug\net47\videoos.identityserver.common.unittests.dll" id="c25f8796-8fb8-e9c9-dc4c-16994d769571">
      <Execution id="31a6ac08-7b0b-456d-8e78-05a63fb11838" />
      <TestMethod codeBase="D:\actions-runner\_work\XPCO\XPCO\Common\VideoOS.IdentityServer.Common\VideoOS.IdentityServer.Common.UnitTests\bin\Debug\net47\VideoOS.IdentityServer.Common.UnitTests.dll" adapterTypeName="executor://mstestadapter/v2" className="VideoOS.IdentityServer.Common.UnitTests.DiscoveryClientTests" name="GetAsync_ErrorTypeException_DiscoveryResponseIsError" />
    </UnitTest>
    <UnitTest name="GetUserCollection_QueryParameterIsVariableSize_QueryParameterIsUsedWhenNotTooBig (2049,True)" storage="d:\actions-runner\_work\xpco\xpco\common\videoos.identityserver.common\videoos.identityserver.common.unittests\bin\debug\net47\videoos.identityserver.common.unittests.dll" id="576b4205-3800-13a7-aaef-8abb157a3de6">
      <Execution id="17d790aa-4b26-4a08-bc13-899e934495f9" />
      <TestMethod codeBase="D:\actions-runner\_work\XPCO\XPCO\Common\VideoOS.IdentityServer.Common\VideoOS.IdentityServer.Common.UnitTests\bin\Debug\net47\VideoOS.IdentityServer.Common.UnitTests.dll" adapterTypeName="executor://mstestadapter/v2" className="VideoOS.IdentityServer.Common.UnitTests.Services.IdpAdministrationClientTests" name="GetUserCollection_QueryParameterIsVariableSize_QueryParameterIsUsedWhenNotTooBig" />
    </UnitTest>
    <UnitTest name="GetTokenResponseAsync_HttpStatusIsNotOk_IdpExceptionIsThrown" storage="d:\actions-runner\_work\xpco\xpco\common\videoos.identityserver.common\videoos.identityserver.common.unittests\bin\debug\net47\videoos.identityserver.common.unittests.dll" id="f15d1485-b568-93f4-d5a1-108ce37ed532">
      <Execution id="f5a7d29d-8594-4ffc-a7fe-20f65962d096" />
      <TestMethod codeBase="D:\actions-runner\_work\XPCO\XPCO\Common\VideoOS.IdentityServer.Common\VideoOS.IdentityServer.Common.UnitTests\bin\Debug\net47\VideoOS.IdentityServer.Common.UnitTests.dll" adapterTypeName="executor://mstestadapter/v2" className="VideoOS.IdentityServer.Common.UnitTests.ExternalTokenHandlerTests" name="GetTokenResponseAsync_HttpStatusIsNotOk_IdpExceptionIsThrown" />
    </UnitTest>
    <UnitTest name="GetClaimValue_IdTokenRetrieved_ClaimThere_ReturnsClaimValue" storage="d:\actions-runner\_work\xpco\xpco\common\videoos.identityserver.common\videoos.identityserver.common.unittests\bin\debug\net47\videoos.identityserver.common.unittests.dll" id="90d13d23-6660-c28a-543b-d374b02dcccb">
      <Execution id="5ccef64b-de8a-4853-97b4-1c7e7583098c" />
      <TestMethod codeBase="D:\actions-runner\_work\XPCO\XPCO\Common\VideoOS.IdentityServer.Common\VideoOS.IdentityServer.Common.UnitTests\bin\Debug\net47\VideoOS.IdentityServer.Common.UnitTests.dll" adapterTypeName="executor://mstestadapter/v2" className="VideoOS.IdentityServer.Common.UnitTests.Handlers.TokenCacheTests" name="GetClaimValue_IdTokenRetrieved_ClaimThere_ReturnsClaimValue" />
    </UnitTest>
    <UnitTest name="CreateException_DuplicateAdminIdentity_Is_DuplicateAdminIdentityException" storage="d:\actions-runner\_work\xpco\xpco\common\videoos.identityserver.common\videoos.identityserver.common.unittests\bin\debug\net47\videoos.identityserver.common.unittests.dll" id="98edab49-64e8-bcaf-beed-559fb53bdf3f">
      <Execution id="244c38ec-eecd-42fe-9d5f-583b8ed2a9b5" />
      <TestMethod codeBase="D:\actions-runner\_work\XPCO\XPCO\Common\VideoOS.IdentityServer.Common\VideoOS.IdentityServer.Common.UnitTests\bin\Debug\net47\VideoOS.IdentityServer.Common.UnitTests.dll" adapterTypeName="executor://mstestadapter/v2" className="VideoOS.IdentityServer.Common.UnitTests.Exceptions.IdpExceptionFactoryTests" name="CreateException_DuplicateAdminIdentity_Is_DuplicateAdminIdentityException" />
    </UnitTest>
    <UnitTest name="CreateException_LockedOut_Is_LockedOutException" storage="d:\actions-runner\_work\xpco\xpco\common\videoos.identityserver.common\videoos.identityserver.common.unittests\bin\debug\net47\videoos.identityserver.common.unittests.dll" id="26714a1a-41f7-451e-82b0-891505fd3754">
      <Execution id="06ca2784-de19-4991-91c0-9db28774f17d" />
      <TestMethod codeBase="D:\actions-runner\_work\XPCO\XPCO\Common\VideoOS.IdentityServer.Common\VideoOS.IdentityServer.Common.UnitTests\bin\Debug\net47\VideoOS.IdentityServer.Common.UnitTests.dll" adapterTypeName="executor://mstestadapter/v2" className="VideoOS.IdentityServer.Common.UnitTests.Exceptions.IdpExceptionFactoryTests" name="CreateException_LockedOut_Is_LockedOutException" />
    </UnitTest>
    <UnitTest name="ValidateIdpServer_SimulateResponseFromPreOAuthServer_WithValidCertificate_OpenConfigurationNotFound" storage="d:\actions-runner\_work\xpco\xpco\common\videoos.identityserver.common\videoos.identityserver.common.unittests\bin\debug\net47\videoos.identityserver.common.unittests.dll" id="990b87dc-a86d-2543-ed49-4086f9d9a47d">
      <Execution id="803440b5-c8a7-4a22-8c4b-183994e6ebcc" />
      <TestMethod codeBase="D:\actions-runner\_work\XPCO\XPCO\Common\VideoOS.IdentityServer.Common\VideoOS.IdentityServer.Common.UnitTests\bin\Debug\net47\VideoOS.IdentityServer.Common.UnitTests.dll" adapterTypeName="executor://mstestadapter/v2" className="VideoOS.IdentityServer.Common.UnitTests.IdpServerValidationTests" name="ValidateIdpServer_SimulateResponseFromPreOAuthServer_WithValidCertificate_OpenConfigurationNotFound" />
    </UnitTest>
    <UnitTest name="Construct_InvalidParam_ClientIBaseServerUri_PartialUri_Throws_ArgumentException" storage="d:\actions-runner\_work\xpco\xpco\common\videoos.identityserver.common\videoos.identityserver.common.unittests\bin\debug\net47\videoos.identityserver.common.unittests.dll" id="f37524f4-6178-1300-0d38-772771a42b59">
      <Execution id="34f88695-795b-446e-840e-1a6fd388019a" />
      <TestMethod codeBase="D:\actions-runner\_work\XPCO\XPCO\Common\VideoOS.IdentityServer.Common\VideoOS.IdentityServer.Common.UnitTests\bin\Debug\net47\VideoOS.IdentityServer.Common.UnitTests.dll" adapterTypeName="executor://mstestadapter/v2" className="VideoOS.IdentityServer.Common.UnitTests.Handlers.IdentityServerToken.IdentityServerClientSettingsTests" name="Construct_InvalidParam_ClientIBaseServerUri_PartialUri_Throws_ArgumentException" />
    </UnitTest>
    <UnitTest name="HandleException_WebException_Status_KeepAliveFailure_ReturnsTrue" storage="d:\actions-runner\_work\xpco\xpco\common\videoos.identityserver.common\videoos.identityserver.common.unittests\bin\debug\net47\videoos.identityserver.common.unittests.dll" id="8b0bbd88-d4e3-018e-eff8-fdef5f0617d3">
      <Execution id="47eba990-3bad-4c8c-9ae3-6477270ec9b8" />
      <TestMethod codeBase="D:\actions-runner\_work\XPCO\XPCO\Common\VideoOS.IdentityServer.Common\VideoOS.IdentityServer.Common.UnitTests\bin\Debug\net47\VideoOS.IdentityServer.Common.UnitTests.dll" adapterTypeName="executor://mstestadapter/v2" className="VideoOS.IdentityServer.Common.UnitTests.Utilities.ServerValidation.IdpExceptionHandlerTests" name="HandleException_WebException_Status_KeepAliveFailure_ReturnsTrue" />
    </UnitTest>
    <UnitTest name="HasValidScheme_UriIsMailTo_ReturnsTrue" storage="d:\actions-runner\_work\xpco\xpco\common\videoos.identityserver.common\videoos.identityserver.common.unittests\bin\debug\net47\videoos.identityserver.common.unittests.dll" id="1620f4f3-fa43-753e-a977-2bf07d76d45d">
      <Execution id="97d47851-5ff2-4f89-a24d-4c83da736968" />
      <TestMethod codeBase="D:\actions-runner\_work\XPCO\XPCO\Common\VideoOS.IdentityServer.Common\VideoOS.IdentityServer.Common.UnitTests\bin\Debug\net47\VideoOS.IdentityServer.Common.UnitTests.dll" adapterTypeName="executor://mstestadapter/v2" className="VideoOS.IdentityServer.Common.UnitTests.Utilities.ServerValidation.UriExtenderTests" name="HasValidScheme_UriIsMailTo_ReturnsTrue" />
    </UnitTest>
    <UnitTest name="Constructor_RequestedScopes_Filtered_by_Supported" storage="d:\actions-runner\_work\xpco\xpco\common\videoos.identityserver.common\videoos.identityserver.common.unittests\bin\debug\net47\videoos.identityserver.common.unittests.dll" id="44c7436c-905a-58ad-44f0-0942a51a60c8">
      <Execution id="5a457464-aa2c-42a1-a03c-424b7681bca9" />
      <TestMethod codeBase="D:\actions-runner\_work\XPCO\XPCO\Common\VideoOS.IdentityServer.Common\VideoOS.IdentityServer.Common.UnitTests\bin\Debug\net47\VideoOS.IdentityServer.Common.UnitTests.dll" adapterTypeName="executor://mstestadapter/v2" className="VideoOS.IdentityServer.Common.UnitTests.Utilities.Tokens.IdpTokenRetrieverTests" name="Constructor_RequestedScopes_Filtered_by_Supported" />
    </UnitTest>
    <UnitTest name="SendRequest_ResponseHasBadStatusCode_ThrowIdpException (BadRequest)" storage="d:\actions-runner\_work\xpco\xpco\common\videoos.identityserver.common\videoos.identityserver.common.unittests\bin\debug\net47\videoos.identityserver.common.unittests.dll" id="e9885d89-bc72-7366-67b0-3a6b90c9fc06">
      <Execution id="9748147a-98f8-4d1e-beec-5a1456d655a4" />
      <TestMethod codeBase="D:\actions-runner\_work\XPCO\XPCO\Common\VideoOS.IdentityServer.Common\VideoOS.IdentityServer.Common.UnitTests\bin\Debug\net47\VideoOS.IdentityServer.Common.UnitTests.dll" adapterTypeName="executor://mstestadapter/v2" className="VideoOS.IdentityServer.Common.UnitTests.IdpClientBaseTests" name="SendRequest_ResponseHasBadStatusCode_ThrowIdpException" />
    </UnitTest>
    <UnitTest name="Construct_InvalidParam_GrantType_EmptyString_Throws_ArgumentNullException" storage="d:\actions-runner\_work\xpco\xpco\common\videoos.identityserver.common\videoos.identityserver.common.unittests\bin\debug\net47\videoos.identityserver.common.unittests.dll" id="abc17b2d-2fdc-8231-f8f9-d08681dce944">
      <Execution id="10452ed3-8d0f-4cd7-9c0f-3a329d510c9d" />
      <TestMethod codeBase="D:\actions-runner\_work\XPCO\XPCO\Common\VideoOS.IdentityServer.Common\VideoOS.IdentityServer.Common.UnitTests\bin\Debug\net47\VideoOS.IdentityServer.Common.UnitTests.dll" adapterTypeName="executor://mstestadapter/v2" className="VideoOS.IdentityServer.Common.UnitTests.Handlers.IdentityServerToken.IdentityServerClientSettingsTests" name="Construct_InvalidParam_GrantType_EmptyString_Throws_ArgumentNullException" />
    </UnitTest>
    <UnitTest name="CheckAccess_PrincipalHasWrongScopeClaim_ReturnsFalse (Abc)" storage="d:\actions-runner\_work\xpco\xpco\common\videoos.identityserver.common\videoos.identityserver.common.unittests\bin\debug\net47\videoos.identityserver.common.unittests.dll" id="b4267121-9b95-3e21-c565-aedda680f67b">
      <Execution id="f209f1e4-b222-4075-8d3b-857025e8d41b" />
      <TestMethod codeBase="D:\actions-runner\_work\XPCO\XPCO\Common\VideoOS.IdentityServer.Common\VideoOS.IdentityServer.Common.UnitTests\bin\Debug\net47\VideoOS.IdentityServer.Common.UnitTests.dll" adapterTypeName="executor://mstestadapter/v2" className="VideoOS.IdentityServer.Common.UnitTests.ServiceModel.OpenIdClaimsAuthorizationManagerTests" name="CheckAccess_PrincipalHasWrongScopeClaim_ReturnsFalse" />
    </UnitTest>
    <UnitTest name="GetUserCollection_EmptyIdList_ThrowArgumentException" storage="d:\actions-runner\_work\xpco\xpco\common\videoos.identityserver.common\videoos.identityserver.common.unittests\bin\debug\net47\videoos.identityserver.common.unittests.dll" id="a2e9ef55-bfe0-9647-cd73-b7dbecbeddd9">
      <Execution id="42da4eab-4b42-4ad2-85f9-d4518ec827fd" />
      <TestMethod codeBase="D:\actions-runner\_work\XPCO\XPCO\Common\VideoOS.IdentityServer.Common\VideoOS.IdentityServer.Common.UnitTests\bin\Debug\net47\VideoOS.IdentityServer.Common.UnitTests.dll" adapterTypeName="executor://mstestadapter/v2" className="VideoOS.IdentityServer.Common.UnitTests.Services.IdpAdministrationClientTests" name="GetUserCollection_EmptyIdList_ThrowArgumentException" />
    </UnitTest>
    <UnitTest name="Ctor_AddressIsNull_ThrowsArgumentNullException" storage="d:\actions-runner\_work\xpco\xpco\common\videoos.identityserver.common\videoos.identityserver.common.unittests\bin\debug\net47\videoos.identityserver.common.unittests.dll" id="2f8b9abc-1c8d-726a-bc19-fbcf045e42b5">
      <Execution id="5bb9c128-73d4-4506-b356-23042f82c3e0" />
      <TestMethod codeBase="D:\actions-runner\_work\XPCO\XPCO\Common\VideoOS.IdentityServer.Common\VideoOS.IdentityServer.Common.UnitTests\bin\Debug\net47\VideoOS.IdentityServer.Common.UnitTests.dll" adapterTypeName="executor://mstestadapter/v2" className="VideoOS.IdentityServer.Common.UnitTests.OpenIdTokenHandlerTests" name="Ctor_AddressIsNull_ThrowsArgumentNullException" />
    </UnitTest>
    <UnitTest name="ValidateToken_SubClaimMissing_SystemClaimIsAddedToClaims" storage="d:\actions-runner\_work\xpco\xpco\common\videoos.identityserver.common\videoos.identityserver.common.unittests\bin\debug\net47\videoos.identityserver.common.unittests.dll" id="970cd01e-43a8-573f-d6bb-d3e5d63f1935">
      <Execution id="c11e3e5c-873d-4f3a-ba77-d0fa999d4a11" />
      <TestMethod codeBase="D:\actions-runner\_work\XPCO\XPCO\Common\VideoOS.IdentityServer.Common\VideoOS.IdentityServer.Common.UnitTests\bin\Debug\net47\VideoOS.IdentityServer.Common.UnitTests.dll" adapterTypeName="executor://mstestadapter/v2" className="VideoOS.IdentityServer.Common.UnitTests.OpenIdTokenHandlerTests" name="ValidateToken_SubClaimMissing_SystemClaimIsAddedToClaims" />
    </UnitTest>
    <UnitTest name="CreateException_500_Is_UnauthorizedException" storage="d:\actions-runner\_work\xpco\xpco\common\videoos.identityserver.common\videoos.identityserver.common.unittests\bin\debug\net47\videoos.identityserver.common.unittests.dll" id="5401d072-9045-3f20-e5b8-85e624c8ae31">
      <Execution id="12dc93c8-4b8d-441a-b245-913737e2a84f" />
      <TestMethod codeBase="D:\actions-runner\_work\XPCO\XPCO\Common\VideoOS.IdentityServer.Common\VideoOS.IdentityServer.Common.UnitTests\bin\Debug\net47\VideoOS.IdentityServer.Common.UnitTests.dll" adapterTypeName="executor://mstestadapter/v2" className="VideoOS.IdentityServer.Common.UnitTests.Exceptions.IdpExceptionFactoryTests" name="CreateException_500_Is_UnauthorizedException" />
    </UnitTest>
    <UnitTest name="BuildFullUri_HasUnencodedParts_PartsAreEncoded (123,1 2 3=)" storage="d:\actions-runner\_work\xpco\xpco\common\videoos.identityserver.common\videoos.identityserver.common.unittests\bin\debug\net47\videoos.identityserver.common.unittests.dll" id="d881db98-d513-4483-6745-6376d9bd922f">
      <Execution id="bab34f5a-0726-459c-974b-6e08a56caca0" />
      <TestMethod codeBase="D:\actions-runner\_work\XPCO\XPCO\Common\VideoOS.IdentityServer.Common\VideoOS.IdentityServer.Common.UnitTests\bin\Debug\net47\VideoOS.IdentityServer.Common.UnitTests.dll" adapterTypeName="executor://mstestadapter/v2" className="VideoOS.IdentityServer.Common.UnitTests.IdpClientBaseTests" name="BuildFullUri_HasUnencodedParts_PartsAreEncoded" />
    </UnitTest>
    <UnitTest name="Constructor_NullIIdpTokenRetriever_ThrowsArgumentNullException" storage="d:\actions-runner\_work\xpco\xpco\common\videoos.identityserver.common\videoos.identityserver.common.unittests\bin\debug\net47\videoos.identityserver.common.unittests.dll" id="3c9fa628-c7d5-d183-10bb-7d387f6779bb">
      <Execution id="1e4fbeaf-a7ef-42c2-962c-f890b195d8bd" />
      <TestMethod codeBase="D:\actions-runner\_work\XPCO\XPCO\Common\VideoOS.IdentityServer.Common\VideoOS.IdentityServer.Common.UnitTests\bin\Debug\net47\VideoOS.IdentityServer.Common.UnitTests.dll" adapterTypeName="executor://mstestadapter/v2" className="VideoOS.IdentityServer.Common.UnitTests.ExternalTokenHandlerTests" name="Constructor_NullIIdpTokenRetriever_ThrowsArgumentNullException" />
    </UnitTest>
    <UnitTest name="CreateUser_CreateUserModelIsNull_ThrowArgumentNullException" storage="d:\actions-runner\_work\xpco\xpco\common\videoos.identityserver.common\videoos.identityserver.common.unittests\bin\debug\net47\videoos.identityserver.common.unittests.dll" id="465c8cd2-c8da-7a18-e799-1339dfb5880e">
      <Execution id="475dda32-52e9-4900-987e-927fcf90e2aa" />
      <TestMethod codeBase="D:\actions-runner\_work\XPCO\XPCO\Common\VideoOS.IdentityServer.Common\VideoOS.IdentityServer.Common.UnitTests\bin\Debug\net47\VideoOS.IdentityServer.Common.UnitTests.dll" adapterTypeName="executor://mstestadapter/v2" className="VideoOS.IdentityServer.Common.UnitTests.Services.IdpAdministrationClientTests" name="CreateUser_CreateUserModelIsNull_ThrowArgumentNullException" />
    </UnitTest>
    <UnitTest name="GetUserCollection_QueryParameterIsVariableSize_QueryParameterIsUsedWhenNotTooBig (2048,False)" storage="d:\actions-runner\_work\xpco\xpco\common\videoos.identityserver.common\videoos.identityserver.common.unittests\bin\debug\net47\videoos.identityserver.common.unittests.dll" id="df356c35-94b9-ef56-4b12-cc6f86331c25">
      <Execution id="6c1f0c7d-e7a9-47b5-b296-6108e1d4b731" />
      <TestMethod codeBase="D:\actions-runner\_work\XPCO\XPCO\Common\VideoOS.IdentityServer.Common\VideoOS.IdentityServer.Common.UnitTests\bin\Debug\net47\VideoOS.IdentityServer.Common.UnitTests.dll" adapterTypeName="executor://mstestadapter/v2" className="VideoOS.IdentityServer.Common.UnitTests.Services.IdpAdministrationClientTests" name="GetUserCollection_QueryParameterIsVariableSize_QueryParameterIsUsedWhenNotTooBig" />
    </UnitTest>
    <UnitTest name="Construct_DefaultConstructor_UsesDefaultTimeout_Success" storage="d:\actions-runner\_work\xpco\xpco\common\videoos.identityserver.common\videoos.identityserver.common.unittests\bin\debug\net47\videoos.identityserver.common.unittests.dll" id="8acb64df-af33-04f7-00cd-764cd60dcd21">
      <Execution id="f260b132-da0b-40b5-97e8-c5acd22d39d1" />
      <TestMethod codeBase="D:\actions-runner\_work\XPCO\XPCO\Common\VideoOS.IdentityServer.Common\VideoOS.IdentityServer.Common.UnitTests\bin\Debug\net47\VideoOS.IdentityServer.Common.UnitTests.dll" adapterTypeName="executor://mstestadapter/v2" className="VideoOS.IdentityServer.Common.UnitTests.Utilities.SslVerificationTests" name="Construct_DefaultConstructor_UsesDefaultTimeout_Success" />
    </UnitTest>
    <UnitTest name="CreateException_403_Is_ForbiddenException" storage="d:\actions-runner\_work\xpco\xpco\common\videoos.identityserver.common\videoos.identityserver.common.unittests\bin\debug\net47\videoos.identityserver.common.unittests.dll" id="bf546bdc-4b09-7c78-8e68-7999cc725390">
      <Execution id="39c32cf5-5512-4851-8d75-ac62773e21fb" />
      <TestMethod codeBase="D:\actions-runner\_work\XPCO\XPCO\Common\VideoOS.IdentityServer.Common\VideoOS.IdentityServer.Common.UnitTests\bin\Debug\net47\VideoOS.IdentityServer.Common.UnitTests.dll" adapterTypeName="executor://mstestadapter/v2" className="VideoOS.IdentityServer.Common.UnitTests.Exceptions.IdpExceptionFactoryTests" name="CreateException_403_Is_ForbiddenException" />
    </UnitTest>
    <UnitTest name="BeforeSendRequest_HttpRequestMessagePropertyHasNotBeenSet_HttpRequestMessagePropertyIsAddedWithAnAuthorizationHeaderWithBearerScheme" storage="d:\actions-runner\_work\xpco\xpco\common\videoos.identityserver.common\videoos.identityserver.common.unittests\bin\debug\net47\videoos.identityserver.common.unittests.dll" id="6ce955a0-0761-b09e-dcca-c2383b742171">
      <Execution id="467509a0-3c00-4c8e-bc03-be1f52cbc68e" />
      <TestMethod codeBase="D:\actions-runner\_work\XPCO\XPCO\Common\VideoOS.IdentityServer.Common\VideoOS.IdentityServer.Common.UnitTests\bin\Debug\net47\VideoOS.IdentityServer.Common.UnitTests.dll" adapterTypeName="executor://mstestadapter/v2" className="VideoOS.IdentityServer.Common.UnitTests.ServiceModel.BearerAuthorizationHeaderInspectorTests" name="BeforeSendRequest_HttpRequestMessagePropertyHasNotBeenSet_HttpRequestMessagePropertyIsAddedWithAnAuthorizationHeaderWithBearerScheme" />
    </UnitTest>
    <UnitTest name="HasValidScheme_UriIsGopher_ReturnsTrue" storage="d:\actions-runner\_work\xpco\xpco\common\videoos.identityserver.common\videoos.identityserver.common.unittests\bin\debug\net47\videoos.identityserver.common.unittests.dll" id="1b2a48cb-3076-b35a-c216-de57ac818d9a">
      <Execution id="c668d948-b3c5-425e-adaf-5c51e2a4f9a8" />
      <TestMethod codeBase="D:\actions-runner\_work\XPCO\XPCO\Common\VideoOS.IdentityServer.Common\VideoOS.IdentityServer.Common.UnitTests\bin\Debug\net47\VideoOS.IdentityServer.Common.UnitTests.dll" adapterTypeName="executor://mstestadapter/v2" className="VideoOS.IdentityServer.Common.UnitTests.Utilities.ServerValidation.UriExtenderTests" name="HasValidScheme_UriIsGopher_ReturnsTrue" />
    </UnitTest>
    <UnitTest name="GetTokenResponseAsync_TokenResponseIsReturned" storage="d:\actions-runner\_work\xpco\xpco\common\videoos.identityserver.common\videoos.identityserver.common.unittests\bin\debug\net47\videoos.identityserver.common.unittests.dll" id="a912da9b-9910-2e20-bdfd-ebd2e525320e">
      <Execution id="830ced1f-0800-4f0c-a44c-c66c2b5f9271" />
      <TestMethod codeBase="D:\actions-runner\_work\XPCO\XPCO\Common\VideoOS.IdentityServer.Common\VideoOS.IdentityServer.Common.UnitTests\bin\Debug\net47\VideoOS.IdentityServer.Common.UnitTests.dll" adapterTypeName="executor://mstestadapter/v2" className="VideoOS.IdentityServer.Common.UnitTests.ExternalTokenHandlerTests" name="GetTokenResponseAsync_TokenResponseIsReturned" />
    </UnitTest>
    <UnitTest name="GetLogin_ParameterIsNull_ThrowArgumentException (abc,,)" storage="d:\actions-runner\_work\xpco\xpco\common\videoos.identityserver.common\videoos.identityserver.common.unittests\bin\debug\net47\videoos.identityserver.common.unittests.dll" id="f2d7d06b-9241-871a-61b6-24bd28dbad8b">
      <Execution id="a1904228-459d-4808-819a-2f9c8bbabbfc" />
      <TestMethod codeBase="D:\actions-runner\_work\XPCO\XPCO\Common\VideoOS.IdentityServer.Common\VideoOS.IdentityServer.Common.UnitTests\bin\Debug\net47\VideoOS.IdentityServer.Common.UnitTests.dll" adapterTypeName="executor://mstestadapter/v2" className="VideoOS.IdentityServer.Common.UnitTests.Services.IdpAdministrationClientTests" name="GetLogin_ParameterIsNull_ThrowArgumentException" />
    </UnitTest>
    <UnitTest name="GetUser_ResponseHasSuccessfulStatusCode_CorrectRequestUriIsPassedAndUserIsReturned" storage="d:\actions-runner\_work\xpco\xpco\common\videoos.identityserver.common\videoos.identityserver.common.unittests\bin\debug\net47\videoos.identityserver.common.unittests.dll" id="ddfbb81c-2b69-a408-6560-2aedf261697f">
      <Execution id="4c2b2113-4c1c-42fd-a9e0-5d2977f37144" />
      <TestMethod codeBase="D:\actions-runner\_work\XPCO\XPCO\Common\VideoOS.IdentityServer.Common\VideoOS.IdentityServer.Common.UnitTests\bin\Debug\net47\VideoOS.IdentityServer.Common.UnitTests.dll" adapterTypeName="executor://mstestadapter/v2" className="VideoOS.IdentityServer.Common.UnitTests.Services.IdpAdministrationClientTests" name="GetUser_ResponseHasSuccessfulStatusCode_CorrectRequestUriIsPassedAndUserIsReturned" />
    </UnitTest>
    <UnitTest name="HasValidScheme_UriInvalid_Null_ReturnsFalse" storage="d:\actions-runner\_work\xpco\xpco\common\videoos.identityserver.common\videoos.identityserver.common.unittests\bin\debug\net47\videoos.identityserver.common.unittests.dll" id="4028140e-6ceb-44db-b0b0-5a4385a02e69">
      <Execution id="85d1cff0-7f88-4f54-9b4b-dd9aaaaa73db" />
      <TestMethod codeBase="D:\actions-runner\_work\XPCO\XPCO\Common\VideoOS.IdentityServer.Common\VideoOS.IdentityServer.Common.UnitTests\bin\Debug\net47\VideoOS.IdentityServer.Common.UnitTests.dll" adapterTypeName="executor://mstestadapter/v2" className="VideoOS.IdentityServer.Common.UnitTests.Utilities.ServerValidation.UriExtenderTests" name="HasValidScheme_UriInvalid_Null_ReturnsFalse" />
    </UnitTest>
    <UnitTest name="Constructor_NullIdToken_ThrowsArgumentNullException" storage="d:\actions-runner\_work\xpco\xpco\common\videoos.identityserver.common\videoos.identityserver.common.unittests\bin\debug\net47\videoos.identityserver.common.unittests.dll" id="2f5d977d-1e91-46c0-f08f-cb953748d3bb">
      <Execution id="3553ed4e-2015-408b-b3a5-d937cd673941" />
      <TestMethod codeBase="D:\actions-runner\_work\XPCO\XPCO\Common\VideoOS.IdentityServer.Common\VideoOS.IdentityServer.Common.UnitTests\bin\Debug\net47\VideoOS.IdentityServer.Common.UnitTests.dll" adapterTypeName="executor://mstestadapter/v2" className="VideoOS.IdentityServer.Common.UnitTests.Utilities.Tokens.IdpTokensTests" name="Constructor_NullIdToken_ThrowsArgumentNullException" />
    </UnitTest>
    <UnitTest name="HandleException_WebException_Status_Timeout_ReturnsTrue" storage="d:\actions-runner\_work\xpco\xpco\common\videoos.identityserver.common\videoos.identityserver.common.unittests\bin\debug\net47\videoos.identityserver.common.unittests.dll" id="aa47e31d-c2f6-bb7b-d522-2ea72ad09b0c">
      <Execution id="aa71bc5a-e1f4-4908-8367-155d2a5acd59" />
      <TestMethod codeBase="D:\actions-runner\_work\XPCO\XPCO\Common\VideoOS.IdentityServer.Common\VideoOS.IdentityServer.Common.UnitTests\bin\Debug\net47\VideoOS.IdentityServer.Common.UnitTests.dll" adapterTypeName="executor://mstestadapter/v2" className="VideoOS.IdentityServer.Common.UnitTests.Utilities.ServerValidation.IdpExceptionHandlerTests" name="HandleException_WebException_Status_Timeout_ReturnsTrue" />
    </UnitTest>
    <UnitTest name="BeforeSendRequest_ThrowsHttpRequestExceptionWithWebException_ThrowsCommunicationException (Pending)" storage="d:\actions-runner\_work\xpco\xpco\common\videoos.identityserver.common\videoos.identityserver.common.unittests\bin\debug\net47\videoos.identityserver.common.unittests.dll" id="e14c6e87-d4a0-9f31-fe5d-63401bba496d">
      <Execution id="c114a813-c587-4e01-9669-2eb385dc1d1a" />
      <TestMethod codeBase="D:\actions-runner\_work\XPCO\XPCO\Common\VideoOS.IdentityServer.Common\VideoOS.IdentityServer.Common.UnitTests\bin\Debug\net47\VideoOS.IdentityServer.Common.UnitTests.dll" adapterTypeName="executor://mstestadapter/v2" className="VideoOS.IdentityServer.Common.UnitTests.ServiceModel.BearerAuthorizationHeaderInspectorTests" name="BeforeSendRequest_ThrowsHttpRequestExceptionWithWebException_ThrowsCommunicationException" />
    </UnitTest>
    <UnitTest name="UserName_NoNameClaim_ThrowsInvalidOperationException" storage="d:\actions-runner\_work\xpco\xpco\common\videoos.identityserver.common\videoos.identityserver.common.unittests\bin\debug\net47\videoos.identityserver.common.unittests.dll" id="4e64a2d0-91fd-57ef-a8c4-3f9f75705cb7">
      <Execution id="c3294ce8-4d17-4694-9817-4597a36edbf2" />
      <TestMethod codeBase="D:\actions-runner\_work\XPCO\XPCO\Common\VideoOS.IdentityServer.Common\VideoOS.IdentityServer.Common.UnitTests\bin\Debug\net47\VideoOS.IdentityServer.Common.UnitTests.dll" adapterTypeName="executor://mstestadapter/v2" className="VideoOS.IdentityServer.Common.UnitTests.Handlers.TokenCacheTests" name="UserName_NoNameClaim_ThrowsInvalidOperationException" />
    </UnitTest>
    <UnitTest name="BeforeSendRequest_ThrowsHttpRequestExceptionWithWebException_ThrowsCommunicationException (SecureChannelFailure)" storage="d:\actions-runner\_work\xpco\xpco\common\videoos.identityserver.common\videoos.identityserver.common.unittests\bin\debug\net47\videoos.identityserver.common.unittests.dll" id="fcf10477-6ad0-000b-9152-cfbeeb11eccd">
      <Execution id="f91c6751-a4b9-4289-b2a3-dcaa5adfab70" />
      <TestMethod codeBase="D:\actions-runner\_work\XPCO\XPCO\Common\VideoOS.IdentityServer.Common\VideoOS.IdentityServer.Common.UnitTests\bin\Debug\net47\VideoOS.IdentityServer.Common.UnitTests.dll" adapterTypeName="executor://mstestadapter/v2" className="VideoOS.IdentityServer.Common.UnitTests.ServiceModel.BearerAuthorizationHeaderInspectorTests" name="BeforeSendRequest_ThrowsHttpRequestExceptionWithWebException_ThrowsCommunicationException" />
    </UnitTest>
    <UnitTest name="RegisterAuthorizationCodeClientWithToken_AccessTokenIsNull_ThrowArgumentException" storage="d:\actions-runner\_work\xpco\xpco\common\videoos.identityserver.common\videoos.identityserver.common.unittests\bin\debug\net47\videoos.identityserver.common.unittests.dll" id="46272a5b-6f40-ca49-f0c0-19ef57f507c2">
      <Execution id="fa1754b7-f3e7-4d68-88de-0c769a58d3bd" />
      <TestMethod codeBase="D:\actions-runner\_work\XPCO\XPCO\Common\VideoOS.IdentityServer.Common\VideoOS.IdentityServer.Common.UnitTests\bin\Debug\net47\VideoOS.IdentityServer.Common.UnitTests.dll" adapterTypeName="executor://mstestadapter/v2" className="VideoOS.IdentityServer.Common.UnitTests.IdpRegistrationClientTests" name="RegisterAuthorizationCodeClientWithToken_AccessTokenIsNull_ThrowArgumentException" />
    </UnitTest>
    <UnitTest name="CreateAdmin_ResponseHasSuccessfulStatusCode_CorrectRequestUriIsPassed" storage="d:\actions-runner\_work\xpco\xpco\common\videoos.identityserver.common\videoos.identityserver.common.unittests\bin\debug\net47\videoos.identityserver.common.unittests.dll" id="0bc42d33-b32e-50ec-eba2-c1ef80d71cc4">
      <Execution id="61dec48d-c129-4e2c-b926-2978644c18ec" />
      <TestMethod codeBase="D:\actions-runner\_work\XPCO\XPCO\Common\VideoOS.IdentityServer.Common\VideoOS.IdentityServer.Common.UnitTests\bin\Debug\net47\VideoOS.IdentityServer.Common.UnitTests.dll" adapterTypeName="executor://mstestadapter/v2" className="VideoOS.IdentityServer.Common.UnitTests.Services.IdpAdministrationClientTests" name="CreateAdmin_ResponseHasSuccessfulStatusCode_CorrectRequestUriIsPassed" />
    </UnitTest>
    <UnitTest name="CreateAdmin_AccessTokenIsNull_ThrowArgumentException" storage="d:\actions-runner\_work\xpco\xpco\common\videoos.identityserver.common\videoos.identityserver.common.unittests\bin\debug\net47\videoos.identityserver.common.unittests.dll" id="7f76177b-4d84-642e-9bcb-00aa4c931e13">
      <Execution id="183782ef-a962-41d5-bd09-35b78f100b23" />
      <TestMethod codeBase="D:\actions-runner\_work\XPCO\XPCO\Common\VideoOS.IdentityServer.Common\VideoOS.IdentityServer.Common.UnitTests\bin\Debug\net47\VideoOS.IdentityServer.Common.UnitTests.dll" adapterTypeName="executor://mstestadapter/v2" className="VideoOS.IdentityServer.Common.UnitTests.Services.IdpAdministrationClientTests" name="CreateAdmin_AccessTokenIsNull_ThrowArgumentException" />
    </UnitTest>
    <UnitTest name="ClientCredentialsAuthenticationAsync_SecretIsNull_ThrowArgumentException" storage="d:\actions-runner\_work\xpco\xpco\common\videoos.identityserver.common\videoos.identityserver.common.unittests\bin\debug\net47\videoos.identityserver.common.unittests.dll" id="0c88b540-cd14-9945-dfea-9607412205d7">
      <Execution id="c819df92-1d68-4c2e-861f-c9628b9efcbc" />
      <TestMethod codeBase="D:\actions-runner\_work\XPCO\XPCO\Common\VideoOS.IdentityServer.Common\VideoOS.IdentityServer.Common.UnitTests\bin\Debug\net47\VideoOS.IdentityServer.Common.UnitTests.dll" adapterTypeName="executor://mstestadapter/v2" className="VideoOS.IdentityServer.Common.UnitTests.IdpTokenClientTests" name="ClientCredentialsAuthenticationAsync_SecretIsNull_ThrowArgumentException" />
    </UnitTest>
    <UnitTest name="Constructor_NullUri_ThrowsArgumentNullException" storage="d:\actions-runner\_work\xpco\xpco\common\videoos.identityserver.common\videoos.identityserver.common.unittests\bin\debug\net47\videoos.identityserver.common.unittests.dll" id="957b72e6-223d-945c-7af4-a1f0fe7fb5d3">
      <Execution id="6f9cf42e-b0ac-4c42-9d59-d94033b57c77" />
      <TestMethod codeBase="D:\actions-runner\_work\XPCO\XPCO\Common\VideoOS.IdentityServer.Common\VideoOS.IdentityServer.Common.UnitTests\bin\Debug\net47\VideoOS.IdentityServer.Common.UnitTests.dll" adapterTypeName="executor://mstestadapter/v2" className="VideoOS.IdentityServer.Common.UnitTests.ExternalTokenHandlerTests" name="Constructor_NullUri_ThrowsArgumentNullException" />
    </UnitTest>
    <UnitTest name="Ctor_TokenCacheIsNull_ThrowsArgumentNullException" storage="d:\actions-runner\_work\xpco\xpco\common\videoos.identityserver.common\videoos.identityserver.common.unittests\bin\debug\net47\videoos.identityserver.common.unittests.dll" id="c651221e-2e16-748a-beae-063304b5df4f">
      <Execution id="72dc7446-8952-4f71-8c07-a28a696a160f" />
      <TestMethod codeBase="D:\actions-runner\_work\XPCO\XPCO\Common\VideoOS.IdentityServer.Common\VideoOS.IdentityServer.Common.UnitTests\bin\Debug\net47\VideoOS.IdentityServer.Common.UnitTests.dll" adapterTypeName="executor://mstestadapter/v2" className="VideoOS.IdentityServer.Common.UnitTests.ServiceModel.BearerAuthorizationHeaderInspectorTests" name="Ctor_TokenCacheIsNull_ThrowsArgumentNullException" />
    </UnitTest>
    <UnitTest name="SendRequest_ResponseHasBadStatusCode_ThrowIdpException (GatewayTimeout)" storage="d:\actions-runner\_work\xpco\xpco\common\videoos.identityserver.common\videoos.identityserver.common.unittests\bin\debug\net47\videoos.identityserver.common.unittests.dll" id="29a32c84-cf2a-eb4c-5896-a439fd50b2b8">
      <Execution id="aad2bb76-ce49-4845-a5b7-0239e77bc49d" />
      <TestMethod codeBase="D:\actions-runner\_work\XPCO\XPCO\Common\VideoOS.IdentityServer.Common\VideoOS.IdentityServer.Common.UnitTests\bin\Debug\net47\VideoOS.IdentityServer.Common.UnitTests.dll" adapterTypeName="executor://mstestadapter/v2" className="VideoOS.IdentityServer.Common.UnitTests.IdpClientBaseTests" name="SendRequest_ResponseHasBadStatusCode_ThrowIdpException" />
    </UnitTest>
    <UnitTest name="ClientCredentialsAuthenticationAsync_StatusCodeOk_TokenResponseWithTokenIsReturned" storage="d:\actions-runner\_work\xpco\xpco\common\videoos.identityserver.common\videoos.identityserver.common.unittests\bin\debug\net47\videoos.identityserver.common.unittests.dll" id="b61d19a2-eeb7-66f5-f12f-c31f348cabd6">
      <Execution id="599fad56-759a-4cbb-b1b0-6bda0cbf4aa6" />
      <TestMethod codeBase="D:\actions-runner\_work\XPCO\XPCO\Common\VideoOS.IdentityServer.Common\VideoOS.IdentityServer.Common.UnitTests\bin\Debug\net47\VideoOS.IdentityServer.Common.UnitTests.dll" adapterTypeName="executor://mstestadapter/v2" className="VideoOS.IdentityServer.Common.UnitTests.IdpTokenClientTests" name="ClientCredentialsAuthenticationAsync_StatusCodeOk_TokenResponseWithTokenIsReturned" />
    </UnitTest>
    <UnitTest name="RefreshToken_TokenIsNotJWT_IdentityServerTokenException" storage="d:\actions-runner\_work\xpco\xpco\common\videoos.identityserver.common\videoos.identityserver.common.unittests\bin\debug\net47\videoos.identityserver.common.unittests.dll" id="0e660fb6-01c2-ec2d-f816-fac9e4547e68">
      <Execution id="4cbe8803-c103-4223-941f-ec43d99eeec5" />
      <TestMethod codeBase="D:\actions-runner\_work\XPCO\XPCO\Common\VideoOS.IdentityServer.Common\VideoOS.IdentityServer.Common.UnitTests\bin\Debug\net47\VideoOS.IdentityServer.Common.UnitTests.dll" adapterTypeName="executor://mstestadapter/v2" className="VideoOS.IdentityServer.Common.UnitTests.Handlers.IdentityServerToken.SimpleTokenCacheTests" name="RefreshToken_TokenIsNotJWT_IdentityServerTokenException" />
    </UnitTest>
    <UnitTest name="BeforeSendRequest_ThrowsHttpRequestExceptionWithWebException_ThrowsCommunicationException (RequestProhibitedByCachePolicy)" storage="d:\actions-runner\_work\xpco\xpco\common\videoos.identityserver.common\videoos.identityserver.common.unittests\bin\debug\net47\videoos.identityserver.common.unittests.dll" id="3a443cd7-9c96-2cc4-1c4b-302bec95fdb5">
      <Execution id="85a03714-5f71-4b30-a18f-50863356c464" />
      <TestMethod codeBase="D:\actions-runner\_work\XPCO\XPCO\Common\VideoOS.IdentityServer.Common\VideoOS.IdentityServer.Common.UnitTests\bin\Debug\net47\VideoOS.IdentityServer.Common.UnitTests.dll" adapterTypeName="executor://mstestadapter/v2" className="VideoOS.IdentityServer.Common.UnitTests.ServiceModel.BearerAuthorizationHeaderInspectorTests" name="BeforeSendRequest_ThrowsHttpRequestExceptionWithWebException_ThrowsCommunicationException" />
    </UnitTest>
    <UnitTest name="BeforeSendRequest_ThrowsHttpRequestExceptionWithWebException_ThrowsEndpointNotFoundException (ConnectFailure)" storage="d:\actions-runner\_work\xpco\xpco\common\videoos.identityserver.common\videoos.identityserver.common.unittests\bin\debug\net47\videoos.identityserver.common.unittests.dll" id="d1a6ae8a-cb2b-c77a-d829-943ec8fecc27">
      <Execution id="11572607-6c3d-42fd-89a6-05f48f210c00" />
      <TestMethod codeBase="D:\actions-runner\_work\XPCO\XPCO\Common\VideoOS.IdentityServer.Common\VideoOS.IdentityServer.Common.UnitTests\bin\Debug\net47\VideoOS.IdentityServer.Common.UnitTests.dll" adapterTypeName="executor://mstestadapter/v2" className="VideoOS.IdentityServer.Common.UnitTests.ServiceModel.BearerAuthorizationHeaderInspectorTests" name="BeforeSendRequest_ThrowsHttpRequestExceptionWithWebException_ThrowsEndpointNotFoundException" />
    </UnitTest>
    <UnitTest name="Constructor_EmptyIdToken_ThrowsArgumentNullException" storage="d:\actions-runner\_work\xpco\xpco\common\videoos.identityserver.common\videoos.identityserver.common.unittests\bin\debug\net47\videoos.identityserver.common.unittests.dll" id="aceed3fe-4ee0-3f07-6d4b-e9ae24c2527d">
      <Execution id="67a26dbd-4264-4dd5-a85b-9b3667a54bda" />
      <TestMethod codeBase="D:\actions-runner\_work\XPCO\XPCO\Common\VideoOS.IdentityServer.Common\VideoOS.IdentityServer.Common.UnitTests\bin\Debug\net47\VideoOS.IdentityServer.Common.UnitTests.dll" adapterTypeName="executor://mstestadapter/v2" className="VideoOS.IdentityServer.Common.UnitTests.Utilities.Tokens.IdpTokensTests" name="Constructor_EmptyIdToken_ThrowsArgumentNullException" />
    </UnitTest>
    <UnitTest name="SendRequest_ResponseHasBadStatusCode_ThrowIdpException (InternalServerError)" storage="d:\actions-runner\_work\xpco\xpco\common\videoos.identityserver.common\videoos.identityserver.common.unittests\bin\debug\net47\videoos.identityserver.common.unittests.dll" id="1bf6f04e-4c48-1505-0d9f-236f2354e6ad">
      <Execution id="1e86e1ab-be36-4b02-9e9c-b94c1cb021fb" />
      <TestMethod codeBase="D:\actions-runner\_work\XPCO\XPCO\Common\VideoOS.IdentityServer.Common\VideoOS.IdentityServer.Common.UnitTests\bin\Debug\net47\VideoOS.IdentityServer.Common.UnitTests.dll" adapterTypeName="executor://mstestadapter/v2" className="VideoOS.IdentityServer.Common.UnitTests.IdpClientBaseTests" name="SendRequest_ResponseHasBadStatusCode_ThrowIdpException" />
    </UnitTest>
    <UnitTest name="UpdateTrustedIssuers_ModelIsNull_ThrowArgumentNullException" storage="d:\actions-runner\_work\xpco\xpco\common\videoos.identityserver.common\videoos.identityserver.common.unittests\bin\debug\net47\videoos.identityserver.common.unittests.dll" id="dec0f944-3e42-30c0-8e32-16b653428b10">
      <Execution id="7a3d40da-c845-4420-8c1b-800019c61860" />
      <TestMethod codeBase="D:\actions-runner\_work\XPCO\XPCO\Common\VideoOS.IdentityServer.Common\VideoOS.IdentityServer.Common.UnitTests\bin\Debug\net47\VideoOS.IdentityServer.Common.UnitTests.dll" adapterTypeName="executor://mstestadapter/v2" className="VideoOS.IdentityServer.Common.UnitTests.Services.IdpAdministrationClientTests" name="UpdateTrustedIssuers_ModelIsNull_ThrowArgumentNullException" />
    </UnitTest>
    <UnitTest name="GetAllValidScopes_ResponseHasSuccessfulStatusCode_ScopesAreReturned" storage="d:\actions-runner\_work\xpco\xpco\common\videoos.identityserver.common\videoos.identityserver.common.unittests\bin\debug\net47\videoos.identityserver.common.unittests.dll" id="59d00ef5-8a37-2b1f-99b8-740e21e44e72">
      <Execution id="949cb6b2-6541-4412-8ca1-69d11b39f565" />
      <TestMethod codeBase="D:\actions-runner\_work\XPCO\XPCO\Common\VideoOS.IdentityServer.Common\VideoOS.IdentityServer.Common.UnitTests\bin\Debug\net47\VideoOS.IdentityServer.Common.UnitTests.dll" adapterTypeName="executor://mstestadapter/v2" className="VideoOS.IdentityServer.Common.UnitTests.IdpRegistrationClientTests" name="GetAllValidScopes_ResponseHasSuccessfulStatusCode_ScopesAreReturned" />
    </UnitTest>
    <UnitTest name="UpdateTrustedIssuers_AccessTokenIsNull_ThrowArgumentException" storage="d:\actions-runner\_work\xpco\xpco\common\videoos.identityserver.common\videoos.identityserver.common.unittests\bin\debug\net47\videoos.identityserver.common.unittests.dll" id="dd0f099b-0409-1632-fcd8-f5bbcb9fcf08">
      <Execution id="be6f02e0-de52-4f55-8887-4eac03f33d5b" />
      <TestMethod codeBase="D:\actions-runner\_work\XPCO\XPCO\Common\VideoOS.IdentityServer.Common\VideoOS.IdentityServer.Common.UnitTests\bin\Debug\net47\VideoOS.IdentityServer.Common.UnitTests.dll" adapterTypeName="executor://mstestadapter/v2" className="VideoOS.IdentityServer.Common.UnitTests.Services.IdpAdministrationClientTests" name="UpdateTrustedIssuers_AccessTokenIsNull_ThrowArgumentException" />
    </UnitTest>
    <UnitTest name="GetTokenWithRegisterClientScope_ResponseHasSuccessfulStatusCode_TokenIsReturned" storage="d:\actions-runner\_work\xpco\xpco\common\videoos.identityserver.common\videoos.identityserver.common.unittests\bin\debug\net47\videoos.identityserver.common.unittests.dll" id="67a73538-1027-a501-a8ed-160a0b377dca">
      <Execution id="30a66745-d9e3-4813-b3e8-09442f542995" />
      <TestMethod codeBase="D:\actions-runner\_work\XPCO\XPCO\Common\VideoOS.IdentityServer.Common\VideoOS.IdentityServer.Common.UnitTests\bin\Debug\net47\VideoOS.IdentityServer.Common.UnitTests.dll" adapterTypeName="executor://mstestadapter/v2" className="VideoOS.IdentityServer.Common.UnitTests.IdpRegistrationClientTests" name="GetTokenWithRegisterClientScope_ResponseHasSuccessfulStatusCode_TokenIsReturned" />
    </UnitTest>
    <UnitTest name="SendRequest_ResponseHasBadStatusCode_ThrowIdpException (Conflict)" storage="d:\actions-runner\_work\xpco\xpco\common\videoos.identityserver.common\videoos.identityserver.common.unittests\bin\debug\net47\videoos.identityserver.common.unittests.dll" id="5c93f740-724a-d4d0-9162-f8b044826d66">
      <Execution id="f48ad61f-7bcf-4e99-93ee-7e93a17f86dc" />
      <TestMethod codeBase="D:\actions-runner\_work\XPCO\XPCO\Common\VideoOS.IdentityServer.Common\VideoOS.IdentityServer.Common.UnitTests\bin\Debug\net47\VideoOS.IdentityServer.Common.UnitTests.dll" adapterTypeName="executor://mstestadapter/v2" className="VideoOS.IdentityServer.Common.UnitTests.IdpClientBaseTests" name="SendRequest_ResponseHasBadStatusCode_ThrowIdpException" />
    </UnitTest>
    <UnitTest name="DeleteTrustedIssuers_ResponseHasSuccessfulStatusCode_CorrectRequestUriIsPassed" storage="d:\actions-runner\_work\xpco\xpco\common\videoos.identityserver.common\videoos.identityserver.common.unittests\bin\debug\net47\videoos.identityserver.common.unittests.dll" id="48e5f408-630a-7efe-4163-87f853b9fc3c">
      <Execution id="96e7e5b7-0539-4ba0-a00f-cf87a45cb0fd" />
      <TestMethod codeBase="D:\actions-runner\_work\XPCO\XPCO\Common\VideoOS.IdentityServer.Common\VideoOS.IdentityServer.Common.UnitTests\bin\Debug\net47\VideoOS.IdentityServer.Common.UnitTests.dll" adapterTypeName="executor://mstestadapter/v2" className="VideoOS.IdentityServer.Common.UnitTests.Services.IdpAdministrationClientTests" name="DeleteTrustedIssuers_ResponseHasSuccessfulStatusCode_CorrectRequestUriIsPassed" />
    </UnitTest>
    <UnitTest name="BeforeSendRequest_ThrowsHttpRequestExceptionWithWebException_ThrowsCommunicationException (KeepAliveFailure)" storage="d:\actions-runner\_work\xpco\xpco\common\videoos.identityserver.common\videoos.identityserver.common.unittests\bin\debug\net47\videoos.identityserver.common.unittests.dll" id="44b2dbc1-f234-0a4c-b38c-97497c832d58">
      <Execution id="fb69cb25-e2db-4be1-82ea-313587197b00" />
      <TestMethod codeBase="D:\actions-runner\_work\XPCO\XPCO\Common\VideoOS.IdentityServer.Common\VideoOS.IdentityServer.Common.UnitTests\bin\Debug\net47\VideoOS.IdentityServer.Common.UnitTests.dll" adapterTypeName="executor://mstestadapter/v2" className="VideoOS.IdentityServer.Common.UnitTests.ServiceModel.BearerAuthorizationHeaderInspectorTests" name="BeforeSendRequest_ThrowsHttpRequestExceptionWithWebException_ThrowsCommunicationException" />
    </UnitTest>
    <UnitTest name="ValidateFasterIdpServerOnBothSchemas_WorkingHttpAddress_ShouldSuccess" storage="d:\actions-runner\_work\xpco\xpco\common\videoos.identityserver.common\videoos.identityserver.common.unittests\bin\debug\net47\videoos.identityserver.common.unittests.dll" id="4b3a00da-f880-578f-c303-7e5e482337d2">
      <Execution id="272bdd0b-94ab-45e7-b741-f710b9a63654" />
      <TestMethod codeBase="D:\actions-runner\_work\XPCO\XPCO\Common\VideoOS.IdentityServer.Common\VideoOS.IdentityServer.Common.UnitTests\bin\Debug\net47\VideoOS.IdentityServer.Common.UnitTests.dll" adapterTypeName="executor://mstestadapter/v2" className="VideoOS.IdentityServer.Common.UnitTests.IdpDiscoveryServiceTests" name="ValidateFasterIdpServerOnBothSchemas_WorkingHttpAddress_ShouldSuccess" />
    </UnitTest>
    <UnitTest name="BeforeSendRequest_ThrowsHttpRequestExceptionWithWebException_ThrowsCommunicationException (MessageLengthLimitExceeded)" storage="d:\actions-runner\_work\xpco\xpco\common\videoos.identityserver.common\videoos.identityserver.common.unittests\bin\debug\net47\videoos.identityserver.common.unittests.dll" id="2607a5e2-638f-a022-bdc9-d6d4d15539fb">
      <Execution id="4ffa039b-2a0c-43ee-b634-1d159b455636" />
      <TestMethod codeBase="D:\actions-runner\_work\XPCO\XPCO\Common\VideoOS.IdentityServer.Common\VideoOS.IdentityServer.Common.UnitTests\bin\Debug\net47\VideoOS.IdentityServer.Common.UnitTests.dll" adapterTypeName="executor://mstestadapter/v2" className="VideoOS.IdentityServer.Common.UnitTests.ServiceModel.BearerAuthorizationHeaderInspectorTests" name="BeforeSendRequest_ThrowsHttpRequestExceptionWithWebException_ThrowsCommunicationException" />
    </UnitTest>
    <UnitTest name="GetTrustedIssuers_ResponseHasSuccessfulStatusCode_CorrectRequestUriIsPassed" storage="d:\actions-runner\_work\xpco\xpco\common\videoos.identityserver.common\videoos.identityserver.common.unittests\bin\debug\net47\videoos.identityserver.common.unittests.dll" id="71445656-a9f4-f108-ab88-6f99f9f42b16">
      <Execution id="7b3bb1f5-9280-4325-8919-bbd64048bca7" />
      <TestMethod codeBase="D:\actions-runner\_work\XPCO\XPCO\Common\VideoOS.IdentityServer.Common\VideoOS.IdentityServer.Common.UnitTests\bin\Debug\net47\VideoOS.IdentityServer.Common.UnitTests.dll" adapterTypeName="executor://mstestadapter/v2" className="VideoOS.IdentityServer.Common.UnitTests.Services.IdpAdministrationClientTests" name="GetTrustedIssuers_ResponseHasSuccessfulStatusCode_CorrectRequestUriIsPassed" />
    </UnitTest>
    <UnitTest name="Start_TimeToTokenExpireOver5min_NewStart_TokenCacheUpdated" storage="d:\actions-runner\_work\xpco\xpco\common\videoos.identityserver.common\videoos.identityserver.common.unittests\bin\debug\net47\videoos.identityserver.common.unittests.dll" id="45e382ab-a2e7-81c4-c83f-6e836a16f442">
      <Execution id="4d51e19e-a0d3-4f31-9b86-3879d89c827c" />
      <TestMethod codeBase="D:\actions-runner\_work\XPCO\XPCO\Common\VideoOS.IdentityServer.Common\VideoOS.IdentityServer.Common.UnitTests\bin\Debug\net47\VideoOS.IdentityServer.Common.UnitTests.dll" adapterTypeName="executor://mstestadapter/v2" className="VideoOS.IdentityServer.Common.UnitTests.Handlers.TokenCacheTests" name="Start_TimeToTokenExpireOver5min_NewStart_TokenCacheUpdated" />
    </UnitTest>
    <UnitTest name="DeleteLogin_ResponseHasSuccessfulStatusCode_CorrectRequestUriIsPassed" storage="d:\actions-runner\_work\xpco\xpco\common\videoos.identityserver.common\videoos.identityserver.common.unittests\bin\debug\net47\videoos.identityserver.common.unittests.dll" id="388c5c74-720e-564b-d683-490d356af3fe">
      <Execution id="c4d86ad7-bfde-4059-92af-5130450bee11" />
      <TestMethod codeBase="D:\actions-runner\_work\XPCO\XPCO\Common\VideoOS.IdentityServer.Common\VideoOS.IdentityServer.Common.UnitTests\bin\Debug\net47\VideoOS.IdentityServer.Common.UnitTests.dll" adapterTypeName="executor://mstestadapter/v2" className="VideoOS.IdentityServer.Common.UnitTests.Services.IdpAdministrationClientTests" name="DeleteLogin_ResponseHasSuccessfulStatusCode_CorrectRequestUriIsPassed" />
    </UnitTest>
    <UnitTest name="DeleteUser_ResponseHasSuccessfulStatusCode_CorrectRequestUriIsPassed" storage="d:\actions-runner\_work\xpco\xpco\common\videoos.identityserver.common\videoos.identityserver.common.unittests\bin\debug\net47\videoos.identityserver.common.unittests.dll" id="a4176163-6edd-669e-35fb-02700dc32d3b">
      <Execution id="de8168e9-cac1-4cfe-b9f4-9a629c250e3a" />
      <TestMethod codeBase="D:\actions-runner\_work\XPCO\XPCO\Common\VideoOS.IdentityServer.Common\VideoOS.IdentityServer.Common.UnitTests\bin\Debug\net47\VideoOS.IdentityServer.Common.UnitTests.dll" adapterTypeName="executor://mstestadapter/v2" className="VideoOS.IdentityServer.Common.UnitTests.Services.IdpAdministrationClientTests" name="DeleteUser_ResponseHasSuccessfulStatusCode_CorrectRequestUriIsPassed" />
    </UnitTest>
    <UnitTest name="SendRequest_ResponseHasBadStatusCode_ThrowIdpException (MethodNotAllowed)" storage="d:\actions-runner\_work\xpco\xpco\common\videoos.identityserver.common\videoos.identityserver.common.unittests\bin\debug\net47\videoos.identityserver.common.unittests.dll" id="75f0e5f4-99c9-2f64-6049-6fef29308c40">
      <Execution id="5455baf3-75ab-4382-9234-bc5be21d3f80" />
      <TestMethod codeBase="D:\actions-runner\_work\XPCO\XPCO\Common\VideoOS.IdentityServer.Common\VideoOS.IdentityServer.Common.UnitTests\bin\Debug\net47\VideoOS.IdentityServer.Common.UnitTests.dll" adapterTypeName="executor://mstestadapter/v2" className="VideoOS.IdentityServer.Common.UnitTests.IdpClientBaseTests" name="SendRequest_ResponseHasBadStatusCode_ThrowIdpException" />
    </UnitTest>
    <UnitTest name="SendRequest_ResponseHasBadStatusCode_ThrowIdpException (BadGateway)" storage="d:\actions-runner\_work\xpco\xpco\common\videoos.identityserver.common\videoos.identityserver.common.unittests\bin\debug\net47\videoos.identityserver.common.unittests.dll" id="a1c440cc-e9a7-05c3-3566-ebee3d13c619">
      <Execution id="e0d5b845-8713-41be-bebb-90f58c3a538b" />
      <TestMethod codeBase="D:\actions-runner\_work\XPCO\XPCO\Common\VideoOS.IdentityServer.Common\VideoOS.IdentityServer.Common.UnitTests\bin\Debug\net47\VideoOS.IdentityServer.Common.UnitTests.dll" adapterTypeName="executor://mstestadapter/v2" className="VideoOS.IdentityServer.Common.UnitTests.IdpClientBaseTests" name="SendRequest_ResponseHasBadStatusCode_ThrowIdpException" />
    </UnitTest>
    <UnitTest name="Constructor_NullUri_ThrowsArgumentNullException" storage="d:\actions-runner\_work\xpco\xpco\common\videoos.identityserver.common\videoos.identityserver.common.unittests\bin\debug\net47\videoos.identityserver.common.unittests.dll" id="836c4ce4-261b-464f-c6a6-10c2a88fa0d7">
      <Execution id="e0328553-2303-47dd-a5c4-0f11798d02c1" />
      <TestMethod codeBase="D:\actions-runner\_work\XPCO\XPCO\Common\VideoOS.IdentityServer.Common\VideoOS.IdentityServer.Common.UnitTests\bin\Debug\net47\VideoOS.IdentityServer.Common.UnitTests.dll" adapterTypeName="executor://mstestadapter/v2" className="VideoOS.IdentityServer.Common.UnitTests.ExchangeTokenHandlerTests" name="Constructor_NullUri_ThrowsArgumentNullException" />
    </UnitTest>
    <UnitTest name="Construct_InvalidParam_BaseServeruri_Null_Throws_ArgumentNullException" storage="d:\actions-runner\_work\xpco\xpco\common\videoos.identityserver.common\videoos.identityserver.common.unittests\bin\debug\net47\videoos.identityserver.common.unittests.dll" id="2461b8e3-8daf-c6ae-fd7a-04ef2c9029b1">
      <Execution id="98d1b3b0-cc42-45af-b875-80080f07f366" />
      <TestMethod codeBase="D:\actions-runner\_work\XPCO\XPCO\Common\VideoOS.IdentityServer.Common\VideoOS.IdentityServer.Common.UnitTests\bin\Debug\net47\VideoOS.IdentityServer.Common.UnitTests.dll" adapterTypeName="executor://mstestadapter/v2" className="VideoOS.IdentityServer.Common.UnitTests.Handlers.IdentityServerToken.IdentityServerClientSettingsTests" name="Construct_InvalidParam_BaseServeruri_Null_Throws_ArgumentNullException" />
    </UnitTest>
    <UnitTest name="HandleException_InnerException_WebException_Status_ProtocolError_ReturnsFalse" storage="d:\actions-runner\_work\xpco\xpco\common\videoos.identityserver.common\videoos.identityserver.common.unittests\bin\debug\net47\videoos.identityserver.common.unittests.dll" id="94cf9b96-4bb3-ba5f-0704-49b8fc9a4cf0">
      <Execution id="1203005e-6642-4be3-81e3-25d4b56b6124" />
      <TestMethod codeBase="D:\actions-runner\_work\XPCO\XPCO\Common\VideoOS.IdentityServer.Common\VideoOS.IdentityServer.Common.UnitTests\bin\Debug\net47\VideoOS.IdentityServer.Common.UnitTests.dll" adapterTypeName="executor://mstestadapter/v2" className="VideoOS.IdentityServer.Common.UnitTests.Utilities.ServerValidation.IdpExceptionHandlerTests" name="HandleException_InnerException_WebException_Status_ProtocolError_ReturnsFalse" />
    </UnitTest>
    <UnitTest name="BeforeSendRequest_ThrowsHttpRequestExceptionWithWebException_ThrowsCommunicationException (ServerProtocolViolation)" storage="d:\actions-runner\_work\xpco\xpco\common\videoos.identityserver.common\videoos.identityserver.common.unittests\bin\debug\net47\videoos.identityserver.common.unittests.dll" id="f32bda88-4a09-74c7-2e78-6d8d84420e73">
      <Execution id="a237729d-dcb0-4104-b124-44730cd492e2" />
      <TestMethod codeBase="D:\actions-runner\_work\XPCO\XPCO\Common\VideoOS.IdentityServer.Common\VideoOS.IdentityServer.Common.UnitTests\bin\Debug\net47\VideoOS.IdentityServer.Common.UnitTests.dll" adapterTypeName="executor://mstestadapter/v2" className="VideoOS.IdentityServer.Common.UnitTests.ServiceModel.BearerAuthorizationHeaderInspectorTests" name="BeforeSendRequest_ThrowsHttpRequestExceptionWithWebException_ThrowsCommunicationException" />
    </UnitTest>
    <UnitTest name="HasValidScheme_UriIsFtp_ReturnsTrue" storage="d:\actions-runner\_work\xpco\xpco\common\videoos.identityserver.common\videoos.identityserver.common.unittests\bin\debug\net47\videoos.identityserver.common.unittests.dll" id="d721172e-4856-c743-a2e0-556773d6db34">
      <Execution id="7d72d926-5d35-401c-8c83-526894f09b24" />
      <TestMethod codeBase="D:\actions-runner\_work\XPCO\XPCO\Common\VideoOS.IdentityServer.Common\VideoOS.IdentityServer.Common.UnitTests\bin\Debug\net47\VideoOS.IdentityServer.Common.UnitTests.dll" adapterTypeName="executor://mstestadapter/v2" className="VideoOS.IdentityServer.Common.UnitTests.Utilities.ServerValidation.UriExtenderTests" name="HasValidScheme_UriIsFtp_ReturnsTrue" />
    </UnitTest>
    <UnitTest name="ValidateToken_RefreshIntervalReached_NewConfigRetrieved" storage="d:\actions-runner\_work\xpco\xpco\common\videoos.identityserver.common\videoos.identityserver.common.unittests\bin\debug\net47\videoos.identityserver.common.unittests.dll" id="df98ebf9-08c0-e892-4032-ff03288ed21d">
      <Execution id="a9f924ca-2dd4-4c6c-8cdf-a43107f151a0" />
      <TestMethod codeBase="D:\actions-runner\_work\XPCO\XPCO\Common\VideoOS.IdentityServer.Common\VideoOS.IdentityServer.Common.UnitTests\bin\Debug\net47\VideoOS.IdentityServer.Common.UnitTests.dll" adapterTypeName="executor://mstestadapter/v2" className="VideoOS.IdentityServer.Common.UnitTests.JwtSecurityTokenValidatorWithConfigurationManagerTests" name="ValidateToken_RefreshIntervalReached_NewConfigRetrieved" />
    </UnitTest>
    <UnitTest name="ValidateIdpServer_SimulateValidResponseFromOAuthServer_WithNonStandardPortAndNoScheme_WithInvalidCertificate" storage="d:\actions-runner\_work\xpco\xpco\common\videoos.identityserver.common\videoos.identityserver.common.unittests\bin\debug\net47\videoos.identityserver.common.unittests.dll" id="7b9b1873-4328-312e-2778-9f9b8787518d">
      <Execution id="4f4f7703-9cf8-411a-a9e8-b721b6a7a684" />
      <TestMethod codeBase="D:\actions-runner\_work\XPCO\XPCO\Common\VideoOS.IdentityServer.Common\VideoOS.IdentityServer.Common.UnitTests\bin\Debug\net47\VideoOS.IdentityServer.Common.UnitTests.dll" adapterTypeName="executor://mstestadapter/v2" className="VideoOS.IdentityServer.Common.UnitTests.IdpServerValidationTests" name="ValidateIdpServer_SimulateValidResponseFromOAuthServer_WithNonStandardPortAndNoScheme_WithInvalidCertificate" />
    </UnitTest>
    <UnitTest name="BasicOpenAuthenticationHeaderValue_Constructor_Success_SpaceInUserName" storage="d:\actions-runner\_work\xpco\xpco\common\videoos.identityserver.common\videoos.identityserver.common.unittests\bin\debug\net47\videoos.identityserver.common.unittests.dll" id="3dcddc47-428b-8273-354a-bd306914fecf">
      <Execution id="5d8f122e-fd9d-44ef-afbb-be16db63bc7b" />
      <TestMethod codeBase="D:\actions-runner\_work\XPCO\XPCO\Common\VideoOS.IdentityServer.Common\VideoOS.IdentityServer.Common.UnitTests\bin\Debug\net47\VideoOS.IdentityServer.Common.UnitTests.dll" adapterTypeName="executor://mstestadapter/v2" className="VideoOS.IdentityServer.Common.UnitTests.BasicOpenAuthenticationHeaderValueTests" name="BasicOpenAuthenticationHeaderValue_Constructor_Success_SpaceInUserName" />
    </UnitTest>
    <UnitTest name="Constructor_EmptyRefreshToken_ThrowsArgumentNullException" storage="d:\actions-runner\_work\xpco\xpco\common\videoos.identityserver.common\videoos.identityserver.common.unittests\bin\debug\net47\videoos.identityserver.common.unittests.dll" id="6305c415-2662-3605-7a21-6246fd795db9">
      <Execution id="55a01748-1080-408a-8ef4-fe9c75a9d9e8" />
      <TestMethod codeBase="D:\actions-runner\_work\XPCO\XPCO\Common\VideoOS.IdentityServer.Common\VideoOS.IdentityServer.Common.UnitTests\bin\Debug\net47\VideoOS.IdentityServer.Common.UnitTests.dll" adapterTypeName="executor://mstestadapter/v2" className="VideoOS.IdentityServer.Common.UnitTests.Utilities.Tokens.IdpTokensTests" name="Constructor_EmptyRefreshToken_ThrowsArgumentNullException" />
    </UnitTest>
    <UnitTest name="TokenCache_Constructor_Success" storage="d:\actions-runner\_work\xpco\xpco\common\videoos.identityserver.common\videoos.identityserver.common.unittests\bin\debug\net47\videoos.identityserver.common.unittests.dll" id="c095042d-e50b-f78e-7e75-2b785c69205f">
      <Execution id="3c073ec7-5e5e-4676-8e02-bfeb430afa7c" />
      <TestMethod codeBase="D:\actions-runner\_work\XPCO\XPCO\Common\VideoOS.IdentityServer.Common\VideoOS.IdentityServer.Common.UnitTests\bin\Debug\net47\VideoOS.IdentityServer.Common.UnitTests.dll" adapterTypeName="executor://mstestadapter/v2" className="VideoOS.IdentityServer.Common.UnitTests.Handlers.TokenCacheTests" name="TokenCache_Constructor_Success" />
    </UnitTest>
    <UnitTest name="BeforeSendRequest_ThrowsUnexpectedException_RethrowsException" storage="d:\actions-runner\_work\xpco\xpco\common\videoos.identityserver.common\videoos.identityserver.common.unittests\bin\debug\net47\videoos.identityserver.common.unittests.dll" id="bbacb338-027e-8ff3-9426-ba091de7dfef">
      <Execution id="2b77abc0-5d60-41d6-9e4f-5e46fe7fd0f8" />
      <TestMethod codeBase="D:\actions-runner\_work\XPCO\XPCO\Common\VideoOS.IdentityServer.Common\VideoOS.IdentityServer.Common.UnitTests\bin\Debug\net47\VideoOS.IdentityServer.Common.UnitTests.dll" adapterTypeName="executor://mstestadapter/v2" className="VideoOS.IdentityServer.Common.UnitTests.ServiceModel.BearerAuthorizationHeaderInspectorTests" name="BeforeSendRequest_ThrowsUnexpectedException_RethrowsException" />
    </UnitTest>
    <UnitTest name="Authenticate_AuthHeaderHasCorrectScheme_TokenIsValidatedAndClaimsPrincipalIsReturned" storage="d:\actions-runner\_work\xpco\xpco\common\videoos.identityserver.common\videoos.identityserver.common.unittests\bin\debug\net47\videoos.identityserver.common.unittests.dll" id="e83a59b5-7762-fd63-39f4-c2a7432224a0">
      <Execution id="a338e13c-0454-4590-b939-db952c1a4d61" />
      <TestMethod codeBase="D:\actions-runner\_work\XPCO\XPCO\Common\VideoOS.IdentityServer.Common\VideoOS.IdentityServer.Common.UnitTests\bin\Debug\net47\VideoOS.IdentityServer.Common.UnitTests.dll" adapterTypeName="executor://mstestadapter/v2" className="VideoOS.IdentityServer.Common.UnitTests.ServiceModel.OpenIdClaimsAuthenticationManagerTests" name="Authenticate_AuthHeaderHasCorrectScheme_TokenIsValidatedAndClaimsPrincipalIsReturned" />
    </UnitTest>
    <UnitTest name="BeforeSendRequest_ThrowsHttpRequestExceptionWithWebException_ThrowsCommunicationException (RequestProhibitedByProxy)" storage="d:\actions-runner\_work\xpco\xpco\common\videoos.identityserver.common\videoos.identityserver.common.unittests\bin\debug\net47\videoos.identityserver.common.unittests.dll" id="37bc0dd3-b2de-4f1d-bc0b-a4f0fd76a31b">
      <Execution id="237d647b-e8f0-4612-baae-01a4b90c3ccf" />
      <TestMethod codeBase="D:\actions-runner\_work\XPCO\XPCO\Common\VideoOS.IdentityServer.Common\VideoOS.IdentityServer.Common.UnitTests\bin\Debug\net47\VideoOS.IdentityServer.Common.UnitTests.dll" adapterTypeName="executor://mstestadapter/v2" className="VideoOS.IdentityServer.Common.UnitTests.ServiceModel.BearerAuthorizationHeaderInspectorTests" name="BeforeSendRequest_ThrowsHttpRequestExceptionWithWebException_ThrowsCommunicationException" />
    </UnitTest>
    <UnitTest name="SendRequest_StatusCodeIs400ButJsonIsNotReturned_ThrowDefaultIdpException" storage="d:\actions-runner\_work\xpco\xpco\common\videoos.identityserver.common\videoos.identityserver.common.unittests\bin\debug\net47\videoos.identityserver.common.unittests.dll" id="d0c7c382-be92-208a-f641-c4a9c109541e">
      <Execution id="052671dc-4bc8-4678-8686-a39f54da5623" />
      <TestMethod codeBase="D:\actions-runner\_work\XPCO\XPCO\Common\VideoOS.IdentityServer.Common\VideoOS.IdentityServer.Common.UnitTests\bin\Debug\net47\VideoOS.IdentityServer.Common.UnitTests.dll" adapterTypeName="executor://mstestadapter/v2" className="VideoOS.IdentityServer.Common.UnitTests.IdpClientBaseTests" name="SendRequest_StatusCodeIs400ButJsonIsNotReturned_ThrowDefaultIdpException" />
    </UnitTest>
    <UnitTest name="CreateLogin_ResponseHasSuccessfulStatusCode_CorrectRequestUriIsPassedAndLoginIsReturned" storage="d:\actions-runner\_work\xpco\xpco\common\videoos.identityserver.common\videoos.identityserver.common.unittests\bin\debug\net47\videoos.identityserver.common.unittests.dll" id="2c55edee-6a96-66e5-7447-ae0a0f99cbe5">
      <Execution id="4795e413-c1ec-4deb-98b6-f0ab9c46777d" />
      <TestMethod codeBase="D:\actions-runner\_work\XPCO\XPCO\Common\VideoOS.IdentityServer.Common\VideoOS.IdentityServer.Common.UnitTests\bin\Debug\net47\VideoOS.IdentityServer.Common.UnitTests.dll" adapterTypeName="executor://mstestadapter/v2" className="VideoOS.IdentityServer.Common.UnitTests.Services.IdpAdministrationClientTests" name="CreateLogin_ResponseHasSuccessfulStatusCode_CorrectRequestUriIsPassedAndLoginIsReturned" />
    </UnitTest>
    <UnitTest name="Ctor_OperationContextHelperIsNull_ThrowsArgumentNullException" storage="d:\actions-runner\_work\xpco\xpco\common\videoos.identityserver.common\videoos.identityserver.common.unittests\bin\debug\net47\videoos.identityserver.common.unittests.dll" id="27a8059d-8b78-3c02-be74-55c51fedea26">
      <Execution id="3c475cc6-c67b-4aee-95f8-86912b558355" />
      <TestMethod codeBase="D:\actions-runner\_work\XPCO\XPCO\Common\VideoOS.IdentityServer.Common\VideoOS.IdentityServer.Common.UnitTests\bin\Debug\net47\VideoOS.IdentityServer.Common.UnitTests.dll" adapterTypeName="executor://mstestadapter/v2" className="VideoOS.IdentityServer.Common.UnitTests.ServiceModel.OpenIdClaimsAuthorizationManagerTests" name="Ctor_OperationContextHelperIsNull_ThrowsArgumentNullException" />
    </UnitTest>
    <UnitTest name="BeforeSendRequest_ThrowsUnauthorizedException_ThrowsMessageSecurityException" storage="d:\actions-runner\_work\xpco\xpco\common\videoos.identityserver.common\videoos.identityserver.common.unittests\bin\debug\net47\videoos.identityserver.common.unittests.dll" id="8cac781b-3c65-0ccf-a739-6333f1b2885a">
      <Execution id="75b5a5a4-e20f-49fb-a1f9-0d41423f86ae" />
      <TestMethod codeBase="D:\actions-runner\_work\XPCO\XPCO\Common\VideoOS.IdentityServer.Common\VideoOS.IdentityServer.Common.UnitTests\bin\Debug\net47\VideoOS.IdentityServer.Common.UnitTests.dll" adapterTypeName="executor://mstestadapter/v2" className="VideoOS.IdentityServer.Common.UnitTests.ServiceModel.BearerAuthorizationHeaderInspectorTests" name="BeforeSendRequest_ThrowsUnauthorizedException_ThrowsMessageSecurityException" />
    </UnitTest>
    <UnitTest name="Authenticate_AuthHeaderHasWrongScheme_ReturnNull" storage="d:\actions-runner\_work\xpco\xpco\common\videoos.identityserver.common\videoos.identityserver.common.unittests\bin\debug\net47\videoos.identityserver.common.unittests.dll" id="fb000b2f-ab6a-7251-dbe2-b846f6fcbd0e">
      <Execution id="cc95829e-ae31-4c65-ad6c-1c3b4d7ab9a1" />
      <TestMethod codeBase="D:\actions-runner\_work\XPCO\XPCO\Common\VideoOS.IdentityServer.Common\VideoOS.IdentityServer.Common.UnitTests\bin\Debug\net47\VideoOS.IdentityServer.Common.UnitTests.dll" adapterTypeName="executor://mstestadapter/v2" className="VideoOS.IdentityServer.Common.UnitTests.ServiceModel.OpenIdClaimsAuthenticationManagerTests" name="Authenticate_AuthHeaderHasWrongScheme_ReturnNull" />
    </UnitTest>
    <UnitTest name="SendRequest_ResponseHasBadStatusCode_ThrowIdpException (RequestedRangeNotSatisfiable)" storage="d:\actions-runner\_work\xpco\xpco\common\videoos.identityserver.common\videoos.identityserver.common.unittests\bin\debug\net47\videoos.identityserver.common.unittests.dll" id="bef49fa8-35a0-c104-c37a-933b8d6f8b64">
      <Execution id="f87f46a5-f256-4d44-b7db-74c3e1d655e7" />
      <TestMethod codeBase="D:\actions-runner\_work\XPCO\XPCO\Common\VideoOS.IdentityServer.Common\VideoOS.IdentityServer.Common.UnitTests\bin\Debug\net47\VideoOS.IdentityServer.Common.UnitTests.dll" adapterTypeName="executor://mstestadapter/v2" className="VideoOS.IdentityServer.Common.UnitTests.IdpClientBaseTests" name="SendRequest_ResponseHasBadStatusCode_ThrowIdpException" />
    </UnitTest>
    <UnitTest name="IsTokenExpired_RefreshTokenIsNotCalled_ReturnFalse" storage="d:\actions-runner\_work\xpco\xpco\common\videoos.identityserver.common\videoos.identityserver.common.unittests\bin\debug\net47\videoos.identityserver.common.unittests.dll" id="5304b9a1-8d75-0736-1781-57659e307ca7">
      <Execution id="84e703cd-faa7-4381-835b-05ab7bdfa888" />
      <TestMethod codeBase="D:\actions-runner\_work\XPCO\XPCO\Common\VideoOS.IdentityServer.Common\VideoOS.IdentityServer.Common.UnitTests\bin\Debug\net47\VideoOS.IdentityServer.Common.UnitTests.dll" adapterTypeName="executor://mstestadapter/v2" className="VideoOS.IdentityServer.Common.UnitTests.Handlers.IdentityServerToken.SimpleTokenCacheTests" name="IsTokenExpired_RefreshTokenIsNotCalled_ReturnFalse" />
    </UnitTest>
    <UnitTest name="HasValidScheme_UriIsFile_ReturnsTrue" storage="d:\actions-runner\_work\xpco\xpco\common\videoos.identityserver.common\videoos.identityserver.common.unittests\bin\debug\net47\videoos.identityserver.common.unittests.dll" id="08a458bc-f70d-a527-f23d-08de1cac7168">
      <Execution id="af32a321-d90b-4f58-9eeb-4bd02e0feef9" />
      <TestMethod codeBase="D:\actions-runner\_work\XPCO\XPCO\Common\VideoOS.IdentityServer.Common\VideoOS.IdentityServer.Common.UnitTests\bin\Debug\net47\VideoOS.IdentityServer.Common.UnitTests.dll" adapterTypeName="executor://mstestadapter/v2" className="VideoOS.IdentityServer.Common.UnitTests.Utilities.ServerValidation.UriExtenderTests" name="HasValidScheme_UriIsFile_ReturnsTrue" />
    </UnitTest>
    <UnitTest name="Constructor_NullProvider_ThrowsArgumentNullException" storage="d:\actions-runner\_work\xpco\xpco\common\videoos.identityserver.common\videoos.identityserver.common.unittests\bin\debug\net47\videoos.identityserver.common.unittests.dll" id="9aba6afc-33b4-b3ea-f2ba-94221cb99165">
      <Execution id="7cd19303-61de-49f2-b273-9cfa0861f27a" />
      <TestMethod codeBase="D:\actions-runner\_work\XPCO\XPCO\Common\VideoOS.IdentityServer.Common\VideoOS.IdentityServer.Common.UnitTests\bin\Debug\net47\VideoOS.IdentityServer.Common.UnitTests.dll" adapterTypeName="executor://mstestadapter/v2" className="VideoOS.IdentityServer.Common.UnitTests.ExternalTokenHandlerTests" name="Constructor_NullProvider_ThrowsArgumentNullException" />
    </UnitTest>
    <UnitTest name="GetUsers_ResponseHasSuccessfulStatusCode_CorrectRequestUriIsPassedAndUserIsReturned" storage="d:\actions-runner\_work\xpco\xpco\common\videoos.identityserver.common\videoos.identityserver.common.unittests\bin\debug\net47\videoos.identityserver.common.unittests.dll" id="b9e2ee06-91b7-acf8-fabd-84e17e5fc555">
      <Execution id="1897debc-b22d-4ab5-b2aa-f0e67879188a" />
      <TestMethod codeBase="D:\actions-runner\_work\XPCO\XPCO\Common\VideoOS.IdentityServer.Common\VideoOS.IdentityServer.Common.UnitTests\bin\Debug\net47\VideoOS.IdentityServer.Common.UnitTests.dll" adapterTypeName="executor://mstestadapter/v2" className="VideoOS.IdentityServer.Common.UnitTests.Services.IdpAdministrationClientTests" name="GetUsers_ResponseHasSuccessfulStatusCode_CorrectRequestUriIsPassedAndUserIsReturned" />
    </UnitTest>
    <UnitTest name="ValidateIdpServer_PassMultipleUri_InvalidParam_Null_Throws_ArgumentNullException" storage="d:\actions-runner\_work\xpco\xpco\common\videoos.identityserver.common\videoos.identityserver.common.unittests\bin\debug\net47\videoos.identityserver.common.unittests.dll" id="74b856c2-3b89-4a6f-b0e9-87ceb7b85e0f">
      <Execution id="73a9cb1e-f1be-4f99-a2bb-d7cc37bc4ace" />
      <TestMethod codeBase="D:\actions-runner\_work\XPCO\XPCO\Common\VideoOS.IdentityServer.Common\VideoOS.IdentityServer.Common.UnitTests\bin\Debug\net47\VideoOS.IdentityServer.Common.UnitTests.dll" adapterTypeName="executor://mstestadapter/v2" className="VideoOS.IdentityServer.Common.UnitTests.IdpServerValidationTests" name="ValidateIdpServer_PassMultipleUri_InvalidParam_Null_Throws_ArgumentNullException" />
    </UnitTest>
    <UnitTest name="Ctor_ValueIsNull_ThrowsArgumentNullException" storage="d:\actions-runner\_work\xpco\xpco\common\videoos.identityserver.common\videoos.identityserver.common.unittests\bin\debug\net47\videoos.identityserver.common.unittests.dll" id="3f9c843a-1e55-447d-5796-24cc11eb0601">
      <Execution id="b6f29e6b-c4e5-4aef-a8b1-33ed9010a1b7" />
      <TestMethod codeBase="D:\actions-runner\_work\XPCO\XPCO\Common\VideoOS.IdentityServer.Common\VideoOS.IdentityServer.Common.UnitTests\bin\Debug\net47\VideoOS.IdentityServer.Common.UnitTests.dll" adapterTypeName="executor://mstestadapter/v2" className="VideoOS.IdentityServer.Common.UnitTests.ServiceModel.ClaimRequirementAttributeTests" name="Ctor_ValueIsNull_ThrowsArgumentNullException" />
    </UnitTest>
    <UnitTest name="RegisterAuthorizationCodeClient_ClientIdIsNull_ThrowArgumentException" storage="d:\actions-runner\_work\xpco\xpco\common\videoos.identityserver.common\videoos.identityserver.common.unittests\bin\debug\net47\videoos.identityserver.common.unittests.dll" id="9a74f111-730b-48ac-793d-eafd4afb012a">
      <Execution id="008eb64c-a147-47fc-8e0d-3abb6e4b04ce" />
      <TestMethod codeBase="D:\actions-runner\_work\XPCO\XPCO\Common\VideoOS.IdentityServer.Common\VideoOS.IdentityServer.Common.UnitTests\bin\Debug\net47\VideoOS.IdentityServer.Common.UnitTests.dll" adapterTypeName="executor://mstestadapter/v2" className="VideoOS.IdentityServer.Common.UnitTests.IdpRegistrationClientTests" name="RegisterAuthorizationCodeClient_ClientIdIsNull_ThrowArgumentException" />
    </UnitTest>
    <UnitTest name="GetUser_ParameterIsNull_ThrowArgumentException (,abc)" storage="d:\actions-runner\_work\xpco\xpco\common\videoos.identityserver.common\videoos.identityserver.common.unittests\bin\debug\net47\videoos.identityserver.common.unittests.dll" id="737140b9-e37f-2a4f-5ecb-7640b87ef58e">
      <Execution id="e24c3ed5-b9d9-484f-aab1-5fdae7328f69" />
      <TestMethod codeBase="D:\actions-runner\_work\XPCO\XPCO\Common\VideoOS.IdentityServer.Common\VideoOS.IdentityServer.Common.UnitTests\bin\Debug\net47\VideoOS.IdentityServer.Common.UnitTests.dll" adapterTypeName="executor://mstestadapter/v2" className="VideoOS.IdentityServer.Common.UnitTests.Services.IdpAdministrationClientTests" name="GetUser_ParameterIsNull_ThrowArgumentException" />
    </UnitTest>
    <UnitTest name="GetAsync_SuccessfulResponse_OutstandingCallCanceled" storage="d:\actions-runner\_work\xpco\xpco\common\videoos.identityserver.common\videoos.identityserver.common.unittests\bin\debug\net47\videoos.identityserver.common.unittests.dll" id="59315ec5-850b-190c-1c3a-c69be3cf286e">
      <Execution id="6019adc0-9827-47f8-a524-3baff3659d96" />
      <TestMethod codeBase="D:\actions-runner\_work\XPCO\XPCO\Common\VideoOS.IdentityServer.Common\VideoOS.IdentityServer.Common.UnitTests\bin\Debug\net47\VideoOS.IdentityServer.Common.UnitTests.dll" adapterTypeName="executor://mstestadapter/v2" className="VideoOS.IdentityServer.Common.UnitTests.DiscoveryClientTests" name="GetAsync_SuccessfulResponse_OutstandingCallCanceled" />
    </UnitTest>
    <UnitTest name="DiscoveryClient_Dispose_HttpClientDisposed" storage="d:\actions-runner\_work\xpco\xpco\common\videoos.identityserver.common\videoos.identityserver.common.unittests\bin\debug\net47\videoos.identityserver.common.unittests.dll" id="851fb875-0294-59e3-54ed-d95f850fb682">
      <Execution id="d54f2c6c-8761-40f9-839f-10be994add42" />
      <TestMethod codeBase="D:\actions-runner\_work\XPCO\XPCO\Common\VideoOS.IdentityServer.Common\VideoOS.IdentityServer.Common.UnitTests\bin\Debug\net47\VideoOS.IdentityServer.Common.UnitTests.dll" adapterTypeName="executor://mstestadapter/v2" className="VideoOS.IdentityServer.Common.UnitTests.DiscoveryClientTests" name="DiscoveryClient_Dispose_HttpClientDisposed" />
    </UnitTest>
    <UnitTest name="Dispose_TokenDisposed_ObjectDisposedException" storage="d:\actions-runner\_work\xpco\xpco\common\videoos.identityserver.common\videoos.identityserver.common.unittests\bin\debug\net47\videoos.identityserver.common.unittests.dll" id="ddded40e-1f02-eacb-d4a2-e26ac1095ebf">
      <Execution id="db43510d-5d37-4f4b-807d-56edb924de78" />
      <TestMethod codeBase="D:\actions-runner\_work\XPCO\XPCO\Common\VideoOS.IdentityServer.Common\VideoOS.IdentityServer.Common.UnitTests\bin\Debug\net47\VideoOS.IdentityServer.Common.UnitTests.dll" adapterTypeName="executor://mstestadapter/v2" className="VideoOS.IdentityServer.Common.UnitTests.Handlers.TokenCacheTests" name="Dispose_TokenDisposed_ObjectDisposedException" />
    </UnitTest>
    <UnitTest name="UpdateUser_UpdateUserModelIsNull_ThrowArgumentNullException" storage="d:\actions-runner\_work\xpco\xpco\common\videoos.identityserver.common\videoos.identityserver.common.unittests\bin\debug\net47\videoos.identityserver.common.unittests.dll" id="a1133c85-1ac8-f2df-7a32-450e86b0c1a8">
      <Execution id="e00520b4-4997-4ce8-b089-d8a021cdc0f3" />
      <TestMethod codeBase="D:\actions-runner\_work\XPCO\XPCO\Common\VideoOS.IdentityServer.Common\VideoOS.IdentityServer.Common.UnitTests\bin\Debug\net47\VideoOS.IdentityServer.Common.UnitTests.dll" adapterTypeName="executor://mstestadapter/v2" className="VideoOS.IdentityServer.Common.UnitTests.Services.IdpAdministrationClientTests" name="UpdateUser_UpdateUserModelIsNull_ThrowArgumentNullException" />
    </UnitTest>
    <UnitTest name="GetUserCollection_AccessTokenIsNull_ThrowArgumentException" storage="d:\actions-runner\_work\xpco\xpco\common\videoos.identityserver.common\videoos.identityserver.common.unittests\bin\debug\net47\videoos.identityserver.common.unittests.dll" id="9e519774-75c3-0938-a5ac-c98cb0ed4a6d">
      <Execution id="7c1e318e-b0ce-47f6-bfed-f5e9b8f9b4d0" />
      <TestMethod codeBase="D:\actions-runner\_work\XPCO\XPCO\Common\VideoOS.IdentityServer.Common\VideoOS.IdentityServer.Common.UnitTests\bin\Debug\net47\VideoOS.IdentityServer.Common.UnitTests.dll" adapterTypeName="executor://mstestadapter/v2" className="VideoOS.IdentityServer.Common.UnitTests.Services.IdpAdministrationClientTests" name="GetUserCollection_AccessTokenIsNull_ThrowArgumentException" />
    </UnitTest>
    <UnitTest name="GetAsync_UriInputIsNull_ThrowArgumentNullException" storage="d:\actions-runner\_work\xpco\xpco\common\videoos.identityserver.common\videoos.identityserver.common.unittests\bin\debug\net47\videoos.identityserver.common.unittests.dll" id="6dc7da62-c15b-7e96-f1c6-3eedd5697243">
      <Execution id="3ccb9625-2b26-4c08-88e1-f49be641b05b" />
      <TestMethod codeBase="D:\actions-runner\_work\XPCO\XPCO\Common\VideoOS.IdentityServer.Common\VideoOS.IdentityServer.Common.UnitTests\bin\Debug\net47\VideoOS.IdentityServer.Common.UnitTests.dll" adapterTypeName="executor://mstestadapter/v2" className="VideoOS.IdentityServer.Common.UnitTests.DiscoveryClientTests" name="GetAsync_UriInputIsNull_ThrowArgumentNullException" />
    </UnitTest>
    <UnitTest name="SendRequest_ResponseIs400AndHasInvalidClientError_ThrowUnauthorizedException" storage="d:\actions-runner\_work\xpco\xpco\common\videoos.identityserver.common\videoos.identityserver.common.unittests\bin\debug\net47\videoos.identityserver.common.unittests.dll" id="35c85059-4d38-96d6-5ba6-39946ca04b5d">
      <Execution id="19d5747d-a306-4843-bcec-f8fecc8da204" />
      <TestMethod codeBase="D:\actions-runner\_work\XPCO\XPCO\Common\VideoOS.IdentityServer.Common\VideoOS.IdentityServer.Common.UnitTests\bin\Debug\net47\VideoOS.IdentityServer.Common.UnitTests.dll" adapterTypeName="executor://mstestadapter/v2" className="VideoOS.IdentityServer.Common.UnitTests.IdpClientBaseTests" name="SendRequest_ResponseIs400AndHasInvalidClientError_ThrowUnauthorizedException" />
    </UnitTest>
    <UnitTest name="IdpTokenClient_DefaultCredentialsAsCredentials_HttpClientConfiguredToUseDefualtCredentials" storage="d:\actions-runner\_work\xpco\xpco\common\videoos.identityserver.common\videoos.identityserver.common.unittests\bin\debug\net47\videoos.identityserver.common.unittests.dll" id="885ad0b6-d00e-5dbd-daaf-61bd8cc19071">
      <Execution id="9f84e6e5-dd33-41a4-abd7-248a5a9bf788" />
      <TestMethod codeBase="D:\actions-runner\_work\XPCO\XPCO\Common\VideoOS.IdentityServer.Common\VideoOS.IdentityServer.Common.UnitTests\bin\Debug\net47\VideoOS.IdentityServer.Common.UnitTests.dll" adapterTypeName="executor://mstestadapter/v2" className="VideoOS.IdentityServer.Common.UnitTests.IdpTokenClientTests" name="IdpTokenClient_DefaultCredentialsAsCredentials_HttpClientConfiguredToUseDefualtCredentials" />
    </UnitTest>
    <UnitTest name="Construct_WithErrorResponses_ResponseWithErrorResponses" storage="d:\actions-runner\_work\xpco\xpco\common\videoos.identityserver.common\videoos.identityserver.common.unittests\bin\debug\net47\videoos.identityserver.common.unittests.dll" id="afabb9a4-988f-5af8-5e0c-adf9e9521a8f">
      <Execution id="f67cefe6-6c59-4d37-a137-86b09e94e163" />
      <TestMethod codeBase="D:\actions-runner\_work\XPCO\XPCO\Common\VideoOS.IdentityServer.Common\VideoOS.IdentityServer.Common.UnitTests\bin\Debug\net47\VideoOS.IdentityServer.Common.UnitTests.dll" adapterTypeName="executor://mstestadapter/v2" className="VideoOS.IdentityServer.Common.UnitTests.DiscoveryResponseTests" name="Construct_WithErrorResponses_ResponseWithErrorResponses" />
    </UnitTest>
    <UnitTest name="CheckAccess_PrincipalHasNoScopeClaims_ReturnsFalse" storage="d:\actions-runner\_work\xpco\xpco\common\videoos.identityserver.common\videoos.identityserver.common.unittests\bin\debug\net47\videoos.identityserver.common.unittests.dll" id="172041ae-12af-58d9-c5c3-06cc738ac111">
      <Execution id="98f99fe7-3d05-4f4d-af22-e2f9d6421a10" />
      <TestMethod codeBase="D:\actions-runner\_work\XPCO\XPCO\Common\VideoOS.IdentityServer.Common\VideoOS.IdentityServer.Common.UnitTests\bin\Debug\net47\VideoOS.IdentityServer.Common.UnitTests.dll" adapterTypeName="executor://mstestadapter/v2" className="VideoOS.IdentityServer.Common.UnitTests.ServiceModel.OpenIdClaimsAuthorizationManagerTests" name="CheckAccess_PrincipalHasNoScopeClaims_ReturnsFalse" />
    </UnitTest>
    <UnitTest name="CreateUserCollection_CreateUserModelIsNull_ThrowArgumentNullException" storage="d:\actions-runner\_work\xpco\xpco\common\videoos.identityserver.common\videoos.identityserver.common.unittests\bin\debug\net47\videoos.identityserver.common.unittests.dll" id="dbd8c577-b242-b838-2751-2fb2c595a2b3">
      <Execution id="0c02cfe8-79aa-43a3-bea8-6c04caa044d3" />
      <TestMethod codeBase="D:\actions-runner\_work\XPCO\XPCO\Common\VideoOS.IdentityServer.Common\VideoOS.IdentityServer.Common.UnitTests\bin\Debug\net47\VideoOS.IdentityServer.Common.UnitTests.dll" adapterTypeName="executor://mstestadapter/v2" className="VideoOS.IdentityServer.Common.UnitTests.Services.IdpAdministrationClientTests" name="CreateUserCollection_CreateUserModelIsNull_ThrowArgumentNullException" />
    </UnitTest>
    <UnitTest name="RegisterAuthorizationCodeClientWithToken_ScopesAreNull_ThrowArgumentNullException" storage="d:\actions-runner\_work\xpco\xpco\common\videoos.identityserver.common\videoos.identityserver.common.unittests\bin\debug\net47\videoos.identityserver.common.unittests.dll" id="a20b8cdb-3697-b063-4ea9-47fb6efe0241">
      <Execution id="f11a2e89-0f2a-46c7-aed7-c8bd56b5f0d1" />
      <TestMethod codeBase="D:\actions-runner\_work\XPCO\XPCO\Common\VideoOS.IdentityServer.Common\VideoOS.IdentityServer.Common.UnitTests\bin\Debug\net47\VideoOS.IdentityServer.Common.UnitTests.dll" adapterTypeName="executor://mstestadapter/v2" className="VideoOS.IdentityServer.Common.UnitTests.IdpRegistrationClientTests" name="RegisterAuthorizationCodeClientWithToken_ScopesAreNull_ThrowArgumentNullException" />
    </UnitTest>
    <UnitTest name="GetUserByName_ParameterIsNull_ThrowArgumentException (,abc)" storage="d:\actions-runner\_work\xpco\xpco\common\videoos.identityserver.common\videoos.identityserver.common.unittests\bin\debug\net47\videoos.identityserver.common.unittests.dll" id="546e1c1f-b92a-588a-a4ee-351bbc7f5bb0">
      <Execution id="9d4d2456-ab69-4198-bfa7-2f6ae6601b3d" />
      <TestMethod codeBase="D:\actions-runner\_work\XPCO\XPCO\Common\VideoOS.IdentityServer.Common\VideoOS.IdentityServer.Common.UnitTests\bin\Debug\net47\VideoOS.IdentityServer.Common.UnitTests.dll" adapterTypeName="executor://mstestadapter/v2" className="VideoOS.IdentityServer.Common.UnitTests.Services.IdpAdministrationClientTests" name="GetUserByName_ParameterIsNull_ThrowArgumentException" />
    </UnitTest>
    <UnitTest name="HandleException_InnerException_WebException_Status_ConnectionClosed_ReturnsTrue" storage="d:\actions-runner\_work\xpco\xpco\common\videoos.identityserver.common\videoos.identityserver.common.unittests\bin\debug\net47\videoos.identityserver.common.unittests.dll" id="11a7072a-d21b-7c2a-b062-98fe08e0c6dd">
      <Execution id="797c2c37-ece9-42ae-a919-53caa00fa0b8" />
      <TestMethod codeBase="D:\actions-runner\_work\XPCO\XPCO\Common\VideoOS.IdentityServer.Common\VideoOS.IdentityServer.Common.UnitTests\bin\Debug\net47\VideoOS.IdentityServer.Common.UnitTests.dll" adapterTypeName="executor://mstestadapter/v2" className="VideoOS.IdentityServer.Common.UnitTests.Utilities.ServerValidation.IdpExceptionHandlerTests" name="HandleException_InnerException_WebException_Status_ConnectionClosed_ReturnsTrue" />
    </UnitTest>
    <UnitTest name="GetUserByName_ParameterIsNull_ThrowArgumentException (abc,)" storage="d:\actions-runner\_work\xpco\xpco\common\videoos.identityserver.common\videoos.identityserver.common.unittests\bin\debug\net47\videoos.identityserver.common.unittests.dll" id="475ca662-af82-6579-f761-35cb472cb87e">
      <Execution id="2744a2fb-49f8-4c5c-9700-a2b58e5b29b3" />
      <TestMethod codeBase="D:\actions-runner\_work\XPCO\XPCO\Common\VideoOS.IdentityServer.Common\VideoOS.IdentityServer.Common.UnitTests\bin\Debug\net47\VideoOS.IdentityServer.Common.UnitTests.dll" adapterTypeName="executor://mstestadapter/v2" className="VideoOS.IdentityServer.Common.UnitTests.Services.IdpAdministrationClientTests" name="GetUserByName_ParameterIsNull_ThrowArgumentException" />
    </UnitTest>
    <UnitTest name="RegisterClient_ResponseHasSuccessfulStatusCode_ModelWithSecretIsReturned" storage="d:\actions-runner\_work\xpco\xpco\common\videoos.identityserver.common\videoos.identityserver.common.unittests\bin\debug\net47\videoos.identityserver.common.unittests.dll" id="80b98953-0430-0651-0920-d07f5f37c65f">
      <Execution id="5585b111-c665-4f61-a5f8-4e124e9074e7" />
      <TestMethod codeBase="D:\actions-runner\_work\XPCO\XPCO\Common\VideoOS.IdentityServer.Common\VideoOS.IdentityServer.Common.UnitTests\bin\Debug\net47\VideoOS.IdentityServer.Common.UnitTests.dll" adapterTypeName="executor://mstestadapter/v2" className="VideoOS.IdentityServer.Common.UnitTests.IdpRegistrationClientTests" name="RegisterClient_ResponseHasSuccessfulStatusCode_ModelWithSecretIsReturned" />
    </UnitTest>
    <UnitTest name="Start_TimeToTokenExpireUnder5min_TokenCacheUpdated" storage="d:\actions-runner\_work\xpco\xpco\common\videoos.identityserver.common\videoos.identityserver.common.unittests\bin\debug\net47\videoos.identityserver.common.unittests.dll" id="aee78e02-d706-9f06-c554-ee7aa708e371">
      <Execution id="f377568b-0167-42b6-899b-6a8c54bc687e" />
      <TestMethod codeBase="D:\actions-runner\_work\XPCO\XPCO\Common\VideoOS.IdentityServer.Common\VideoOS.IdentityServer.Common.UnitTests\bin\Debug\net47\VideoOS.IdentityServer.Common.UnitTests.dll" adapterTypeName="executor://mstestadapter/v2" className="VideoOS.IdentityServer.Common.UnitTests.Handlers.TokenCacheTests" name="Start_TimeToTokenExpireUnder5min_TokenCacheUpdated" />
    </UnitTest>
    <UnitTest name="RegisterAuthorizationCodeClientWithToken_RedirectUrisIsNull_ThrowArgumentException" storage="d:\actions-runner\_work\xpco\xpco\common\videoos.identityserver.common\videoos.identityserver.common.unittests\bin\debug\net47\videoos.identityserver.common.unittests.dll" id="435442ba-9897-362e-beef-40dd9aef0a97">
      <Execution id="d0149e3f-1e0c-4d60-80b7-28cf3e6f3b4a" />
      <TestMethod codeBase="D:\actions-runner\_work\XPCO\XPCO\Common\VideoOS.IdentityServer.Common\VideoOS.IdentityServer.Common.UnitTests\bin\Debug\net47\VideoOS.IdentityServer.Common.UnitTests.dll" adapterTypeName="executor://mstestadapter/v2" className="VideoOS.IdentityServer.Common.UnitTests.IdpRegistrationClientTests" name="RegisterAuthorizationCodeClientWithToken_RedirectUrisIsNull_ThrowArgumentException" />
    </UnitTest>
    <UnitTest name="HandleException_WebException_Status_TrustFailure_ReturnsTrue" storage="d:\actions-runner\_work\xpco\xpco\common\videoos.identityserver.common\videoos.identityserver.common.unittests\bin\debug\net47\videoos.identityserver.common.unittests.dll" id="11f6a1d3-68c5-e38c-c943-6b9363d564f1">
      <Execution id="ebb74c47-e329-4126-8e03-9b4f2c1c6062" />
      <TestMethod codeBase="D:\actions-runner\_work\XPCO\XPCO\Common\VideoOS.IdentityServer.Common\VideoOS.IdentityServer.Common.UnitTests\bin\Debug\net47\VideoOS.IdentityServer.Common.UnitTests.dll" adapterTypeName="executor://mstestadapter/v2" className="VideoOS.IdentityServer.Common.UnitTests.Utilities.ServerValidation.IdpExceptionHandlerTests" name="HandleException_WebException_Status_TrustFailure_ReturnsTrue" />
    </UnitTest>
    <UnitTest name="ValidateIdpServer_SimulateValidResponseFromOAuthServer_SecureCheckOnly_WithTimeout_ReturnsHttpsSecureConnection" storage="d:\actions-runner\_work\xpco\xpco\common\videoos.identityserver.common\videoos.identityserver.common.unittests\bin\debug\net47\videoos.identityserver.common.unittests.dll" id="a0775966-a411-1fb9-950c-2214329c5e22">
      <Execution id="9b7c9c15-d918-4207-965e-2870adbd8348" />
      <TestMethod codeBase="D:\actions-runner\_work\XPCO\XPCO\Common\VideoOS.IdentityServer.Common\VideoOS.IdentityServer.Common.UnitTests\bin\Debug\net47\VideoOS.IdentityServer.Common.UnitTests.dll" adapterTypeName="executor://mstestadapter/v2" className="VideoOS.IdentityServer.Common.UnitTests.IdpServerValidationTests" name="ValidateIdpServer_SimulateValidResponseFromOAuthServer_SecureCheckOnly_WithTimeout_ReturnsHttpsSecureConnection" />
    </UnitTest>
    <UnitTest name="Construct_InvalidParam_ClientId_EmptyString_Throws_ArgumentNullException" storage="d:\actions-runner\_work\xpco\xpco\common\videoos.identityserver.common\videoos.identityserver.common.unittests\bin\debug\net47\videoos.identityserver.common.unittests.dll" id="d8254cb2-99a9-5fa4-0212-2ded41c41bd0">
      <Execution id="6a1b3779-bd19-4f5d-bdbf-2967bea51677" />
      <TestMethod codeBase="D:\actions-runner\_work\XPCO\XPCO\Common\VideoOS.IdentityServer.Common\VideoOS.IdentityServer.Common.UnitTests\bin\Debug\net47\VideoOS.IdentityServer.Common.UnitTests.dll" adapterTypeName="executor://mstestadapter/v2" className="VideoOS.IdentityServer.Common.UnitTests.Handlers.IdentityServerToken.IdentityServerClientSettingsTests" name="Construct_InvalidParam_ClientId_EmptyString_Throws_ArgumentNullException" />
    </UnitTest>
    <UnitTest name="RegisterAuthorizationCodeClientWithToken_RedirectUrisIsEmpty_ThrowArgumentException" storage="d:\actions-runner\_work\xpco\xpco\common\videoos.identityserver.common\videoos.identityserver.common.unittests\bin\debug\net47\videoos.identityserver.common.unittests.dll" id="e1a7c90b-842f-6747-d414-96d35e63ecce">
      <Execution id="22e3a3f0-9526-4c84-94e9-79caf2814bfd" />
      <TestMethod codeBase="D:\actions-runner\_work\XPCO\XPCO\Common\VideoOS.IdentityServer.Common\VideoOS.IdentityServer.Common.UnitTests\bin\Debug\net47\VideoOS.IdentityServer.Common.UnitTests.dll" adapterTypeName="executor://mstestadapter/v2" className="VideoOS.IdentityServer.Common.UnitTests.IdpRegistrationClientTests" name="RegisterAuthorizationCodeClientWithToken_RedirectUrisIsEmpty_ThrowArgumentException" />
    </UnitTest>
    <UnitTest name="RegisterAuthorizationCodeClient_ScopesAreNull_ThrowArgumentNullException" storage="d:\actions-runner\_work\xpco\xpco\common\videoos.identityserver.common\videoos.identityserver.common.unittests\bin\debug\net47\videoos.identityserver.common.unittests.dll" id="a8a38b08-43ad-784d-afbc-d0335bfce14c">
      <Execution id="85cbdf44-093d-4032-bc47-f96f82f85166" />
      <TestMethod codeBase="D:\actions-runner\_work\XPCO\XPCO\Common\VideoOS.IdentityServer.Common\VideoOS.IdentityServer.Common.UnitTests\bin\Debug\net47\VideoOS.IdentityServer.Common.UnitTests.dll" adapterTypeName="executor://mstestadapter/v2" className="VideoOS.IdentityServer.Common.UnitTests.IdpRegistrationClientTests" name="RegisterAuthorizationCodeClient_ScopesAreNull_ThrowArgumentNullException" />
    </UnitTest>
    <UnitTest name="VerifyEndpointSupportsSsl_InvalidParam_Null_Throws_ArgumentNullException" storage="d:\actions-runner\_work\xpco\xpco\common\videoos.identityserver.common\videoos.identityserver.common.unittests\bin\debug\net47\videoos.identityserver.common.unittests.dll" id="a27779ab-d479-2618-c0d6-39c534be7415">
      <Execution id="132024c8-053c-4d76-bc90-53eb64822af8" />
      <TestMethod codeBase="D:\actions-runner\_work\XPCO\XPCO\Common\VideoOS.IdentityServer.Common\VideoOS.IdentityServer.Common.UnitTests\bin\Debug\net47\VideoOS.IdentityServer.Common.UnitTests.dll" adapterTypeName="executor://mstestadapter/v2" className="VideoOS.IdentityServer.Common.UnitTests.Utilities.SslVerificationTests" name="VerifyEndpointSupportsSsl_InvalidParam_Null_Throws_ArgumentNullException" />
    </UnitTest>
    <UnitTest name="CreateAdmin_CreateAdminModelIsNull_ThrowArgumentNullException" storage="d:\actions-runner\_work\xpco\xpco\common\videoos.identityserver.common\videoos.identityserver.common.unittests\bin\debug\net47\videoos.identityserver.common.unittests.dll" id="594bafcb-5bdd-b7e8-3c6a-5bbda9e8a6d1">
      <Execution id="3ccbb903-97ac-4a31-9cba-eb76da432f0c" />
      <TestMethod codeBase="D:\actions-runner\_work\XPCO\XPCO\Common\VideoOS.IdentityServer.Common\VideoOS.IdentityServer.Common.UnitTests\bin\Debug\net47\VideoOS.IdentityServer.Common.UnitTests.dll" adapterTypeName="executor://mstestadapter/v2" className="VideoOS.IdentityServer.Common.UnitTests.Services.IdpAdministrationClientTests" name="CreateAdmin_CreateAdminModelIsNull_ThrowArgumentNullException" />
    </UnitTest>
    <UnitTest name="ValidateIdpServer_SimulateValidResponseFromPreOAuthServer_WithInvalidCertificate" storage="d:\actions-runner\_work\xpco\xpco\common\videoos.identityserver.common\videoos.identityserver.common.unittests\bin\debug\net47\videoos.identityserver.common.unittests.dll" id="d5efb860-28fa-be3f-9f7b-507708f7d20d">
      <Execution id="02936bf3-5061-489b-ba68-e16d43f06bb4" />
      <TestMethod codeBase="D:\actions-runner\_work\XPCO\XPCO\Common\VideoOS.IdentityServer.Common\VideoOS.IdentityServer.Common.UnitTests\bin\Debug\net47\VideoOS.IdentityServer.Common.UnitTests.dll" adapterTypeName="executor://mstestadapter/v2" className="VideoOS.IdentityServer.Common.UnitTests.IdpServerValidationTests" name="ValidateIdpServer_SimulateValidResponseFromPreOAuthServer_WithInvalidCertificate" />
    </UnitTest>
    <UnitTest name="Construct_InvalidIHttpGet_Null_Throws_ArgumentNullException" storage="d:\actions-runner\_work\xpco\xpco\common\videoos.identityserver.common\videoos.identityserver.common.unittests\bin\debug\net47\videoos.identityserver.common.unittests.dll" id="bd6e2c82-85dd-8f11-260e-d6592f779064">
      <Execution id="7cf1a833-02db-4ec1-a8c5-5e1773b8dd5c" />
      <TestMethod codeBase="D:\actions-runner\_work\XPCO\XPCO\Common\VideoOS.IdentityServer.Common\VideoOS.IdentityServer.Common.UnitTests\bin\Debug\net47\VideoOS.IdentityServer.Common.UnitTests.dll" adapterTypeName="executor://mstestadapter/v2" className="VideoOS.IdentityServer.Common.UnitTests.IdpServerValidationTests" name="Construct_InvalidIHttpGet_Null_Throws_ArgumentNullException" />
    </UnitTest>
    <UnitTest name="VerifyEndpointSupportsSsl_InvalidParam_RelativeUri_Throws_ArgumentException" storage="d:\actions-runner\_work\xpco\xpco\common\videoos.identityserver.common\videoos.identityserver.common.unittests\bin\debug\net47\videoos.identityserver.common.unittests.dll" id="7eafd3b9-debc-1a0c-12c6-11d7098cd775">
      <Execution id="e22ec45b-6cac-4973-95ce-20cebd3cc4fd" />
      <TestMethod codeBase="D:\actions-runner\_work\XPCO\XPCO\Common\VideoOS.IdentityServer.Common\VideoOS.IdentityServer.Common.UnitTests\bin\Debug\net47\VideoOS.IdentityServer.Common.UnitTests.dll" adapterTypeName="executor://mstestadapter/v2" className="VideoOS.IdentityServer.Common.UnitTests.Utilities.SslVerificationTests" name="VerifyEndpointSupportsSsl_InvalidParam_RelativeUri_Throws_ArgumentException" />
    </UnitTest>
    <UnitTest name="Ctor_TypeAndValueIsSet_RequiredClaimIsSet" storage="d:\actions-runner\_work\xpco\xpco\common\videoos.identityserver.common\videoos.identityserver.common.unittests\bin\debug\net47\videoos.identityserver.common.unittests.dll" id="9ee81fd7-67d3-477b-170c-75529c080bdb">
      <Execution id="faa5f708-ef66-48ee-87ab-7179655e1833" />
      <TestMethod codeBase="D:\actions-runner\_work\XPCO\XPCO\Common\VideoOS.IdentityServer.Common\VideoOS.IdentityServer.Common.UnitTests\bin\Debug\net47\VideoOS.IdentityServer.Common.UnitTests.dll" adapterTypeName="executor://mstestadapter/v2" className="VideoOS.IdentityServer.Common.UnitTests.ServiceModel.ClaimRequirementAttributeTests" name="Ctor_TypeAndValueIsSet_RequiredClaimIsSet" />
    </UnitTest>
    <UnitTest name="GetUser_ParameterIsNull_ThrowArgumentException (abc,)" storage="d:\actions-runner\_work\xpco\xpco\common\videoos.identityserver.common\videoos.identityserver.common.unittests\bin\debug\net47\videoos.identityserver.common.unittests.dll" id="bc83a862-c72b-e348-034e-0bebd83e892a">
      <Execution id="31917b61-9b30-4a5f-b6a2-9e6da45ff299" />
      <TestMethod codeBase="D:\actions-runner\_work\XPCO\XPCO\Common\VideoOS.IdentityServer.Common\VideoOS.IdentityServer.Common.UnitTests\bin\Debug\net47\VideoOS.IdentityServer.Common.UnitTests.dll" adapterTypeName="executor://mstestadapter/v2" className="VideoOS.IdentityServer.Common.UnitTests.Services.IdpAdministrationClientTests" name="GetUser_ParameterIsNull_ThrowArgumentException" />
    </UnitTest>
    <UnitTest name="GetClaimValue_IdTokenRetrieved_ClaimNotThere_ReturnsNull" storage="d:\actions-runner\_work\xpco\xpco\common\videoos.identityserver.common\videoos.identityserver.common.unittests\bin\debug\net47\videoos.identityserver.common.unittests.dll" id="9e0b7fff-6087-8103-bf4a-c343b2ddff7d">
      <Execution id="af16e897-674d-4926-abcb-e6ccbd7cb3ec" />
      <TestMethod codeBase="D:\actions-runner\_work\XPCO\XPCO\Common\VideoOS.IdentityServer.Common\VideoOS.IdentityServer.Common.UnitTests\bin\Debug\net47\VideoOS.IdentityServer.Common.UnitTests.dll" adapterTypeName="executor://mstestadapter/v2" className="VideoOS.IdentityServer.Common.UnitTests.Handlers.IdentityServerToken.SimpleTokenCacheTests" name="GetClaimValue_IdTokenRetrieved_ClaimNotThere_ReturnsNull" />
    </UnitTest>
    <UnitTest name="Constructor_EmptyAccessToken_ThrowsArgumentNullException" storage="d:\actions-runner\_work\xpco\xpco\common\videoos.identityserver.common\videoos.identityserver.common.unittests\bin\debug\net47\videoos.identityserver.common.unittests.dll" id="44cd508c-9285-845c-4b2e-fe943114c39c">
      <Execution id="348c5599-8c86-4ddb-971e-e9f28af35378" />
      <TestMethod codeBase="D:\actions-runner\_work\XPCO\XPCO\Common\VideoOS.IdentityServer.Common\VideoOS.IdentityServer.Common.UnitTests\bin\Debug\net47\VideoOS.IdentityServer.Common.UnitTests.dll" adapterTypeName="executor://mstestadapter/v2" className="VideoOS.IdentityServer.Common.UnitTests.Utilities.Tokens.IdpTokensTests" name="Constructor_EmptyAccessToken_ThrowsArgumentNullException" />
    </UnitTest>
    <UnitTest name="ValidateIdpServer_PassMultipleUri_ValidateEachWithoutRepeatingTheValidationOnScheme_Success" storage="d:\actions-runner\_work\xpco\xpco\common\videoos.identityserver.common\videoos.identityserver.common.unittests\bin\debug\net47\videoos.identityserver.common.unittests.dll" id="6204f013-e7f4-8462-dc2a-44175020e042">
      <Execution id="0280deef-1c32-4681-bf70-8deb600ac5d4" />
      <TestMethod codeBase="D:\actions-runner\_work\XPCO\XPCO\Common\VideoOS.IdentityServer.Common\VideoOS.IdentityServer.Common.UnitTests\bin\Debug\net47\VideoOS.IdentityServer.Common.UnitTests.dll" adapterTypeName="executor://mstestadapter/v2" className="VideoOS.IdentityServer.Common.UnitTests.IdpServerValidationTests" name="ValidateIdpServer_PassMultipleUri_ValidateEachWithoutRepeatingTheValidationOnScheme_Success" />
    </UnitTest>
    <UnitTest name="Construct_ValidateDefaultTimeoutSentToSslVerification_Success" storage="d:\actions-runner\_work\xpco\xpco\common\videoos.identityserver.common\videoos.identityserver.common.unittests\bin\debug\net47\videoos.identityserver.common.unittests.dll" id="7769836f-b1cd-5510-88a4-b46be0e10342">
      <Execution id="03700f14-ad6e-4e99-8202-bcd182bb1c72" />
      <TestMethod codeBase="D:\actions-runner\_work\XPCO\XPCO\Common\VideoOS.IdentityServer.Common\VideoOS.IdentityServer.Common.UnitTests\bin\Debug\net47\VideoOS.IdentityServer.Common.UnitTests.dll" adapterTypeName="executor://mstestadapter/v2" className="VideoOS.IdentityServer.Common.UnitTests.IdpServerValidationTests" name="Construct_ValidateDefaultTimeoutSentToSslVerification_Success" />
    </UnitTest>
    <UnitTest name="ValidateIdpServer_SimulateValidResponseFromOAuthServer_WithValidCertificate_UnsecureIdpNotAvailable" storage="d:\actions-runner\_work\xpco\xpco\common\videoos.identityserver.common\videoos.identityserver.common.unittests\bin\debug\net47\videoos.identityserver.common.unittests.dll" id="5b17c964-8de5-81fb-e7e8-0037826de418">
      <Execution id="a12cafba-d8dc-4c3c-9a2c-0271d4e7e6e3" />
      <TestMethod codeBase="D:\actions-runner\_work\XPCO\XPCO\Common\VideoOS.IdentityServer.Common\VideoOS.IdentityServer.Common.UnitTests\bin\Debug\net47\VideoOS.IdentityServer.Common.UnitTests.dll" adapterTypeName="executor://mstestadapter/v2" className="VideoOS.IdentityServer.Common.UnitTests.IdpServerValidationTests" name="ValidateIdpServer_SimulateValidResponseFromOAuthServer_WithValidCertificate_UnsecureIdpNotAvailable" />
    </UnitTest>
    <UnitTest name="CheckAccess_NoRequiredClaims_ReturnsTrue" storage="d:\actions-runner\_work\xpco\xpco\common\videoos.identityserver.common\videoos.identityserver.common.unittests\bin\debug\net47\videoos.identityserver.common.unittests.dll" id="51ae2f2f-1fc6-42dd-cfea-900de2971e28">
      <Execution id="53bf78e7-685e-4bdb-83f6-ce6e71a06e36" />
      <TestMethod codeBase="D:\actions-runner\_work\XPCO\XPCO\Common\VideoOS.IdentityServer.Common\VideoOS.IdentityServer.Common.UnitTests\bin\Debug\net47\VideoOS.IdentityServer.Common.UnitTests.dll" adapterTypeName="executor://mstestadapter/v2" className="VideoOS.IdentityServer.Common.UnitTests.ServiceModel.OpenIdClaimsAuthorizationManagerTests" name="CheckAccess_NoRequiredClaims_ReturnsTrue" />
    </UnitTest>
    <UnitTest name="DeleteLogin_ParameterIsNull_ThrowArgumentException (,abc,abc)" storage="d:\actions-runner\_work\xpco\xpco\common\videoos.identityserver.common\videoos.identityserver.common.unittests\bin\debug\net47\videoos.identityserver.common.unittests.dll" id="8fab2801-8a96-682b-eb75-995f4da50517">
      <Execution id="951d9cc4-cd85-4e0a-ad29-a514acf356ab" />
      <TestMethod codeBase="D:\actions-runner\_work\XPCO\XPCO\Common\VideoOS.IdentityServer.Common\VideoOS.IdentityServer.Common.UnitTests\bin\Debug\net47\VideoOS.IdentityServer.Common.UnitTests.dll" adapterTypeName="executor://mstestadapter/v2" className="VideoOS.IdentityServer.Common.UnitTests.Services.IdpAdministrationClientTests" name="DeleteLogin_ParameterIsNull_ThrowArgumentException" />
    </UnitTest>
    <UnitTest name="methodName_testState_expectedResult" storage="d:\actions-runner\_work\xpco\xpco\common\videoos.identityserver.common\videoos.identityserver.common.unittests\bin\debug\net47\videoos.identityserver.common.unittests.dll" id="0257b952-b68e-ce9d-9d12-e1b7f33eb9e6">
      <Execution id="3ea4933c-ac8a-46b6-b17f-9949723c9272" />
      <TestMethod codeBase="D:\actions-runner\_work\XPCO\XPCO\Common\VideoOS.IdentityServer.Common\VideoOS.IdentityServer.Common.UnitTests\bin\Debug\net47\VideoOS.IdentityServer.Common.UnitTests.dll" adapterTypeName="executor://mstestadapter/v2" className="VideoOS.IdentityServer.Common.UnitTests.Handlers.IdentityServerToken.IdentityServerWindowsTokenHandlerTests" name="methodName_testState_expectedResult" />
    </UnitTest>
    <UnitTest name="VerifyEndpointSupportsSsl_InvalidParam_TimeoutBelowMInimum_Throws_ArgumentException" storage="d:\actions-runner\_work\xpco\xpco\common\videoos.identityserver.common\videoos.identityserver.common.unittests\bin\debug\net47\videoos.identityserver.common.unittests.dll" id="29687309-d7e0-0838-a577-9dfd8b70cb79">
      <Execution id="ec3aa6ac-1294-4102-b883-22979993aa38" />
      <TestMethod codeBase="D:\actions-runner\_work\XPCO\XPCO\Common\VideoOS.IdentityServer.Common\VideoOS.IdentityServer.Common.UnitTests\bin\Debug\net47\VideoOS.IdentityServer.Common.UnitTests.dll" adapterTypeName="executor://mstestadapter/v2" className="VideoOS.IdentityServer.Common.UnitTests.Utilities.SslVerificationTests" name="VerifyEndpointSupportsSsl_InvalidParam_TimeoutBelowMInimum_Throws_ArgumentException" />
    </UnitTest>
    <UnitTest name="RefreshToken_TokenHandlerReturnsToken_RefreshTokenReturnsToken" storage="d:\actions-runner\_work\xpco\xpco\common\videoos.identityserver.common\videoos.identityserver.common.unittests\bin\debug\net47\videoos.identityserver.common.unittests.dll" id="d313dde6-0806-2abf-bd1c-3417608d3183">
      <Execution id="e9cf438d-8729-4a91-ac52-c2aa3da858b5" />
      <TestMethod codeBase="D:\actions-runner\_work\XPCO\XPCO\Common\VideoOS.IdentityServer.Common\VideoOS.IdentityServer.Common.UnitTests\bin\Debug\net47\VideoOS.IdentityServer.Common.UnitTests.dll" adapterTypeName="executor://mstestadapter/v2" className="VideoOS.IdentityServer.Common.UnitTests.Handlers.IdentityServerToken.SimpleTokenCacheTests" name="RefreshToken_TokenHandlerReturnsToken_RefreshTokenReturnsToken" />
    </UnitTest>
    <UnitTest name="BeforeSendRequest_ThrowsTaskCanceledException_ThrowsCommunicationException" storage="d:\actions-runner\_work\xpco\xpco\common\videoos.identityserver.common\videoos.identityserver.common.unittests\bin\debug\net47\videoos.identityserver.common.unittests.dll" id="0eb6bb6a-eef9-422e-dfe1-eec86ae82e59">
      <Execution id="27a9e4a3-e709-4052-b9a3-145d167b9bef" />
      <TestMethod codeBase="D:\actions-runner\_work\XPCO\XPCO\Common\VideoOS.IdentityServer.Common\VideoOS.IdentityServer.Common.UnitTests\bin\Debug\net47\VideoOS.IdentityServer.Common.UnitTests.dll" adapterTypeName="executor://mstestadapter/v2" className="VideoOS.IdentityServer.Common.UnitTests.ServiceModel.BearerAuthorizationHeaderInspectorTests" name="BeforeSendRequest_ThrowsTaskCanceledException_ThrowsCommunicationException" />
    </UnitTest>
    <UnitTest name="SendRequest_ResponseHasBadStatusCode_ThrowIdpException (Gone)" storage="d:\actions-runner\_work\xpco\xpco\common\videoos.identityserver.common\videoos.identityserver.common.unittests\bin\debug\net47\videoos.identityserver.common.unittests.dll" id="0316908d-df3c-838f-613a-29a95694fc11">
      <Execution id="c280cae4-cd91-40bf-b2d5-008f28e4499c" />
      <TestMethod codeBase="D:\actions-runner\_work\XPCO\XPCO\Common\VideoOS.IdentityServer.Common\VideoOS.IdentityServer.Common.UnitTests\bin\Debug\net47\VideoOS.IdentityServer.Common.UnitTests.dll" adapterTypeName="executor://mstestadapter/v2" className="VideoOS.IdentityServer.Common.UnitTests.IdpClientBaseTests" name="SendRequest_ResponseHasBadStatusCode_ThrowIdpException" />
    </UnitTest>
    <UnitTest name="ValidateToken_TokenValidationParametersIsNull_ThrowArgumentNullException" storage="d:\actions-runner\_work\xpco\xpco\common\videoos.identityserver.common\videoos.identityserver.common.unittests\bin\debug\net47\videoos.identityserver.common.unittests.dll" id="05652edd-928f-dd7d-e6ce-82417f010b21">
      <Execution id="125a7a0c-04e1-4163-b723-be98d669e8b7" />
      <TestMethod codeBase="D:\actions-runner\_work\XPCO\XPCO\Common\VideoOS.IdentityServer.Common\VideoOS.IdentityServer.Common.UnitTests\bin\Debug\net47\VideoOS.IdentityServer.Common.UnitTests.dll" adapterTypeName="executor://mstestadapter/v2" className="VideoOS.IdentityServer.Common.UnitTests.JwtSecurityTokenValidatorWithConfigurationManagerTests" name="ValidateToken_TokenValidationParametersIsNull_ThrowArgumentNullException" />
    </UnitTest>
    <UnitTest name="CreateException_ErrorTheSamePasswords_Is_PasswordSameAsOldException" storage="d:\actions-runner\_work\xpco\xpco\common\videoos.identityserver.common\videoos.identityserver.common.unittests\bin\debug\net47\videoos.identityserver.common.unittests.dll" id="25aa6176-148e-f1e7-5c9f-10f279eb31cc">
      <Execution id="66d8d36f-6d0c-4305-8a05-1a41cd5469b1" />
      <TestMethod codeBase="D:\actions-runner\_work\XPCO\XPCO\Common\VideoOS.IdentityServer.Common\VideoOS.IdentityServer.Common.UnitTests\bin\Debug\net47\VideoOS.IdentityServer.Common.UnitTests.dll" adapterTypeName="executor://mstestadapter/v2" className="VideoOS.IdentityServer.Common.UnitTests.Exceptions.IdpExceptionFactoryTests" name="CreateException_ErrorTheSamePasswords_Is_PasswordSameAsOldException" />
    </UnitTest>
    <UnitTest name="CreateLogin_AccessTokenIsNull_ThrowArgumentException" storage="d:\actions-runner\_work\xpco\xpco\common\videoos.identityserver.common\videoos.identityserver.common.unittests\bin\debug\net47\videoos.identityserver.common.unittests.dll" id="20c79940-9719-f9c5-6819-e1e3e40039dc">
      <Execution id="24938596-9c42-4201-bd10-4712159d0170" />
      <TestMethod codeBase="D:\actions-runner\_work\XPCO\XPCO\Common\VideoOS.IdentityServer.Common\VideoOS.IdentityServer.Common.UnitTests\bin\Debug\net47\VideoOS.IdentityServer.Common.UnitTests.dll" adapterTypeName="executor://mstestadapter/v2" className="VideoOS.IdentityServer.Common.UnitTests.Services.IdpAdministrationClientTests" name="CreateLogin_AccessTokenIsNull_ThrowArgumentException" />
    </UnitTest>
    <UnitTest name="ValidateToken_RefreshIntervalNotReached_CachedConfig" storage="d:\actions-runner\_work\xpco\xpco\common\videoos.identityserver.common\videoos.identityserver.common.unittests\bin\debug\net47\videoos.identityserver.common.unittests.dll" id="0cc1a792-32db-3643-8570-b5f3ee785740">
      <Execution id="64a02649-ef8b-490c-9da5-1fb54b8d2de4" />
      <TestMethod codeBase="D:\actions-runner\_work\XPCO\XPCO\Common\VideoOS.IdentityServer.Common\VideoOS.IdentityServer.Common.UnitTests\bin\Debug\net47\VideoOS.IdentityServer.Common.UnitTests.dll" adapterTypeName="executor://mstestadapter/v2" className="VideoOS.IdentityServer.Common.UnitTests.JwtSecurityTokenValidatorWithConfigurationManagerTests" name="ValidateToken_RefreshIntervalNotReached_CachedConfig" />
    </UnitTest>
    <UnitTest name="GetTokenResponseAsync_HttpStatusIsNotOk_IdpExceptionIsThrown" storage="d:\actions-runner\_work\xpco\xpco\common\videoos.identityserver.common\videoos.identityserver.common.unittests\bin\debug\net47\videoos.identityserver.common.unittests.dll" id="2094e3f3-bb74-95c3-1e50-e6fdef78ea13">
      <Execution id="9613e119-f13a-4c88-9a98-10cacdd05860" />
      <TestMethod codeBase="D:\actions-runner\_work\XPCO\XPCO\Common\VideoOS.IdentityServer.Common\VideoOS.IdentityServer.Common.UnitTests\bin\Debug\net47\VideoOS.IdentityServer.Common.UnitTests.dll" adapterTypeName="executor://mstestadapter/v2" className="VideoOS.IdentityServer.Common.UnitTests.IdentityServerTokenHandlerTests" name="GetTokenResponseAsync_HttpStatusIsNotOk_IdpExceptionIsThrown" />
    </UnitTest>
    <UnitTest name="CreateException_PasswordRequiresLower_Is_PasswordNotComplexEnoughException" storage="d:\actions-runner\_work\xpco\xpco\common\videoos.identityserver.common\videoos.identityserver.common.unittests\bin\debug\net47\videoos.identityserver.common.unittests.dll" id="65770ab3-18b0-0e9f-399a-f7a04ea6e0e5">
      <Execution id="c5623ff1-b3bd-491a-93a9-026d42a3a708" />
      <TestMethod codeBase="D:\actions-runner\_work\XPCO\XPCO\Common\VideoOS.IdentityServer.Common\VideoOS.IdentityServer.Common.UnitTests\bin\Debug\net47\VideoOS.IdentityServer.Common.UnitTests.dll" adapterTypeName="executor://mstestadapter/v2" className="VideoOS.IdentityServer.Common.UnitTests.Exceptions.IdpExceptionFactoryTests" name="CreateException_PasswordRequiresLower_Is_PasswordNotComplexEnoughException" />
    </UnitTest>
    <UnitTest name="Ctor_AudiencesIsEmpty_DoNotThrowException" storage="d:\actions-runner\_work\xpco\xpco\common\videoos.identityserver.common\videoos.identityserver.common.unittests\bin\debug\net47\videoos.identityserver.common.unittests.dll" id="f0bc3cf2-7e7b-22f4-8d42-04d99e358cfe">
      <Execution id="3f414973-0b0e-4c52-8ce3-8ca19a7ec5e5" />
      <TestMethod codeBase="D:\actions-runner\_work\XPCO\XPCO\Common\VideoOS.IdentityServer.Common\VideoOS.IdentityServer.Common.UnitTests\bin\Debug\net47\VideoOS.IdentityServer.Common.UnitTests.dll" adapterTypeName="executor://mstestadapter/v2" className="VideoOS.IdentityServer.Common.UnitTests.OpenIdTokenHandlerTests" name="Ctor_AudiencesIsEmpty_DoNotThrowException" />
    </UnitTest>
    <UnitTest name="CreateException_ModelStateVaidationError_Is_InvalidArgumentsException" storage="d:\actions-runner\_work\xpco\xpco\common\videoos.identityserver.common\videoos.identityserver.common.unittests\bin\debug\net47\videoos.identityserver.common.unittests.dll" id="ab24e2cb-a9e7-696f-52cc-bbef4af32000">
      <Execution id="93923401-7f36-4309-ae9c-1213ee2ff9ee" />
      <TestMethod codeBase="D:\actions-runner\_work\XPCO\XPCO\Common\VideoOS.IdentityServer.Common\VideoOS.IdentityServer.Common.UnitTests\bin\Debug\net47\VideoOS.IdentityServer.Common.UnitTests.dll" adapterTypeName="executor://mstestadapter/v2" className="VideoOS.IdentityServer.Common.UnitTests.Exceptions.IdpExceptionFactoryTests" name="CreateException_ModelStateVaidationError_Is_InvalidArgumentsException" />
    </UnitTest>
    <UnitTest name="ValidateToken_Success_ClaimsPrincipal" storage="d:\actions-runner\_work\xpco\xpco\common\videoos.identityserver.common\videoos.identityserver.common.unittests\bin\debug\net47\videoos.identityserver.common.unittests.dll" id="d85ce454-c380-2ac2-ff60-059c934c0c87">
      <Execution id="e760e5e7-0eca-4249-99ff-5adc648e75fa" />
      <TestMethod codeBase="D:\actions-runner\_work\XPCO\XPCO\Common\VideoOS.IdentityServer.Common\VideoOS.IdentityServer.Common.UnitTests\bin\Debug\net47\VideoOS.IdentityServer.Common.UnitTests.dll" adapterTypeName="executor://mstestadapter/v2" className="VideoOS.IdentityServer.Common.UnitTests.JwtSecurityTokenValidatorWithConfigurationManagerTests" name="ValidateToken_Success_ClaimsPrincipal" />
    </UnitTest>
    <UnitTest name="CreateException_PasswordTooShort_Is_PasswordNotComplexEnoughException" storage="d:\actions-runner\_work\xpco\xpco\common\videoos.identityserver.common\videoos.identityserver.common.unittests\bin\debug\net47\videoos.identityserver.common.unittests.dll" id="feb4fa5e-1e90-63a6-9054-269133b16e54">
      <Execution id="a9a13e96-e47f-4154-b40b-2074062ebace" />
      <TestMethod codeBase="D:\actions-runner\_work\XPCO\XPCO\Common\VideoOS.IdentityServer.Common\VideoOS.IdentityServer.Common.UnitTests\bin\Debug\net47\VideoOS.IdentityServer.Common.UnitTests.dll" adapterTypeName="executor://mstestadapter/v2" className="VideoOS.IdentityServer.Common.UnitTests.Exceptions.IdpExceptionFactoryTests" name="CreateException_PasswordTooShort_Is_PasswordNotComplexEnoughException" />
    </UnitTest>
    <UnitTest name="Constructor_NullIdpUrl_ThrowsArgumentNullException" storage="d:\actions-runner\_work\xpco\xpco\common\videoos.identityserver.common\videoos.identityserver.common.unittests\bin\debug\net47\videoos.identityserver.common.unittests.dll" id="320b9240-8de4-6e99-ff14-f9386efd026e">
      <Execution id="c2fe83de-b6b6-4882-86ad-af59430ead7a" />
      <TestMethod codeBase="D:\actions-runner\_work\XPCO\XPCO\Common\VideoOS.IdentityServer.Common\VideoOS.IdentityServer.Common.UnitTests\bin\Debug\net47\VideoOS.IdentityServer.Common.UnitTests.dll" adapterTypeName="executor://mstestadapter/v2" className="VideoOS.IdentityServer.Common.UnitTests.Utilities.Tokens.IdpTokenRetrieverTests" name="Constructor_NullIdpUrl_ThrowsArgumentNullException" />
    </UnitTest>
    <UnitTest name="SendRequest_ResponseHasBadStatusCode_ThrowIdpException (LengthRequired)" storage="d:\actions-runner\_work\xpco\xpco\common\videoos.identityserver.common\videoos.identityserver.common.unittests\bin\debug\net47\videoos.identityserver.common.unittests.dll" id="e537837c-49aa-c37d-6f72-a32aee3a91e2">
      <Execution id="893db81b-d74f-438b-a8a0-a69cced0a463" />
      <TestMethod codeBase="D:\actions-runner\_work\XPCO\XPCO\Common\VideoOS.IdentityServer.Common\VideoOS.IdentityServer.Common.UnitTests\bin\Debug\net47\VideoOS.IdentityServer.Common.UnitTests.dll" adapterTypeName="executor://mstestadapter/v2" className="VideoOS.IdentityServer.Common.UnitTests.IdpClientBaseTests" name="SendRequest_ResponseHasBadStatusCode_ThrowIdpException" />
    </UnitTest>
    <UnitTest name="GetTokenResponse_TokenHandlerDisposedBeforeCall_ObjectDisposedException" storage="d:\actions-runner\_work\xpco\xpco\common\videoos.identityserver.common\videoos.identityserver.common.unittests\bin\debug\net47\videoos.identityserver.common.unittests.dll" id="9161f5e4-37b0-b6bc-22e9-91ccc708f977">
      <Execution id="f683f05a-3e40-4278-aa21-4d651b0bd97e" />
      <TestMethod codeBase="D:\actions-runner\_work\XPCO\XPCO\Common\VideoOS.IdentityServer.Common\VideoOS.IdentityServer.Common.UnitTests\bin\Debug\net47\VideoOS.IdentityServer.Common.UnitTests.dll" adapterTypeName="executor://mstestadapter/v2" className="VideoOS.IdentityServer.Common.UnitTests.IdentityServerTokenHandlerTests" name="GetTokenResponse_TokenHandlerDisposedBeforeCall_ObjectDisposedException" />
    </UnitTest>
    <UnitTest name="SendRequest_ResponseHasStatusCode404AndNoErrorResponse_ThrowNotFoundException" storage="d:\actions-runner\_work\xpco\xpco\common\videoos.identityserver.common\videoos.identityserver.common.unittests\bin\debug\net47\videoos.identityserver.common.unittests.dll" id="742536c7-d443-5e0f-b608-8b298fe05c9f">
      <Execution id="1d98811e-a795-43c9-be62-8490abaeb954" />
      <TestMethod codeBase="D:\actions-runner\_work\XPCO\XPCO\Common\VideoOS.IdentityServer.Common\VideoOS.IdentityServer.Common.UnitTests\bin\Debug\net47\VideoOS.IdentityServer.Common.UnitTests.dll" adapterTypeName="executor://mstestadapter/v2" className="VideoOS.IdentityServer.Common.UnitTests.IdpClientBaseTests" name="SendRequest_ResponseHasStatusCode404AndNoErrorResponse_ThrowNotFoundException" />
    </UnitTest>
    <UnitTest name="Constructor_BaseAddressIsNull_ThrowArgumentNullException" storage="d:\actions-runner\_work\xpco\xpco\common\videoos.identityserver.common\videoos.identityserver.common.unittests\bin\debug\net47\videoos.identityserver.common.unittests.dll" id="65c35641-c7fa-ea47-734f-c81f8095832e">
      <Execution id="a55fb60c-ed95-47e3-87f1-a6ef69b19b76" />
      <TestMethod codeBase="D:\actions-runner\_work\XPCO\XPCO\Common\VideoOS.IdentityServer.Common\VideoOS.IdentityServer.Common.UnitTests\bin\Debug\net47\VideoOS.IdentityServer.Common.UnitTests.dll" adapterTypeName="executor://mstestadapter/v2" className="VideoOS.IdentityServer.Common.UnitTests.IdpRegistrationClientTests" name="Constructor_BaseAddressIsNull_ThrowArgumentNullException" />
    </UnitTest>
    <UnitTest name="IsTokenExpired_TokenExpiration_ExpiredReturnTrueNotExpiredReturnFalse (1,False)" storage="d:\actions-runner\_work\xpco\xpco\common\videoos.identityserver.common\videoos.identityserver.common.unittests\bin\debug\net47\videoos.identityserver.common.unittests.dll" id="a52b94e3-f309-9a3e-47e5-d2dd4e4b19fa">
      <Execution id="2fb68ec3-0f81-4229-a3b9-46c167afb205" />
      <TestMethod codeBase="D:\actions-runner\_work\XPCO\XPCO\Common\VideoOS.IdentityServer.Common\VideoOS.IdentityServer.Common.UnitTests\bin\Debug\net47\VideoOS.IdentityServer.Common.UnitTests.dll" adapterTypeName="executor://mstestadapter/v2" className="VideoOS.IdentityServer.Common.UnitTests.Handlers.TokenCacheTests" name="IsTokenExpired_TokenExpiration_ExpiredReturnTrueNotExpiredReturnFalse" />
    </UnitTest>
    <UnitTest name="BeforeSendRequest_ThrowsHttpRequestExceptionWithWebException_ThrowsCommunicationException (ProtocolError)" storage="d:\actions-runner\_work\xpco\xpco\common\videoos.identityserver.common\videoos.identityserver.common.unittests\bin\debug\net47\videoos.identityserver.common.unittests.dll" id="8930d882-3bbd-8944-5200-f7a907000dfc">
      <Execution id="bc4c4788-428e-4ddc-a733-f877d2d45466" />
      <TestMethod codeBase="D:\actions-runner\_work\XPCO\XPCO\Common\VideoOS.IdentityServer.Common\VideoOS.IdentityServer.Common.UnitTests\bin\Debug\net47\VideoOS.IdentityServer.Common.UnitTests.dll" adapterTypeName="executor://mstestadapter/v2" className="VideoOS.IdentityServer.Common.UnitTests.ServiceModel.BearerAuthorizationHeaderInspectorTests" name="BeforeSendRequest_ThrowsHttpRequestExceptionWithWebException_ThrowsCommunicationException" />
    </UnitTest>
    <UnitTest name="BeforeSendRequest_ThrowsHttpRequestExceptionWithWebException_ThrowsCommunicationException (ConnectionClosed)" storage="d:\actions-runner\_work\xpco\xpco\common\videoos.identityserver.common\videoos.identityserver.common.unittests\bin\debug\net47\videoos.identityserver.common.unittests.dll" id="83028242-f49c-fe61-01aa-89f0e3669d5d">
      <Execution id="ffc2651a-8152-46c4-add0-eb5c3ec6f14d" />
      <TestMethod codeBase="D:\actions-runner\_work\XPCO\XPCO\Common\VideoOS.IdentityServer.Common\VideoOS.IdentityServer.Common.UnitTests\bin\Debug\net47\VideoOS.IdentityServer.Common.UnitTests.dll" adapterTypeName="executor://mstestadapter/v2" className="VideoOS.IdentityServer.Common.UnitTests.ServiceModel.BearerAuthorizationHeaderInspectorTests" name="BeforeSendRequest_ThrowsHttpRequestExceptionWithWebException_ThrowsCommunicationException" />
    </UnitTest>
    <UnitTest name="GetTrustedIssuer_AccessTokenIsNull_ThrowArgumentException" storage="d:\actions-runner\_work\xpco\xpco\common\videoos.identityserver.common\videoos.identityserver.common.unittests\bin\debug\net47\videoos.identityserver.common.unittests.dll" id="feea589f-edbd-d65f-71e5-4e5f6aa59dc1">
      <Execution id="f2adbad5-586b-4e2e-ab7e-afa67287f016" />
      <TestMethod codeBase="D:\actions-runner\_work\XPCO\XPCO\Common\VideoOS.IdentityServer.Common\VideoOS.IdentityServer.Common.UnitTests\bin\Debug\net47\VideoOS.IdentityServer.Common.UnitTests.dll" adapterTypeName="executor://mstestadapter/v2" className="VideoOS.IdentityServer.Common.UnitTests.Services.IdpAdministrationClientTests" name="GetTrustedIssuer_AccessTokenIsNull_ThrowArgumentException" />
    </UnitTest>
    <UnitTest name="ValidateIdpServer_InvalidUri_Null_Throws_ArgumentNullException" storage="d:\actions-runner\_work\xpco\xpco\common\videoos.identityserver.common\videoos.identityserver.common.unittests\bin\debug\net47\videoos.identityserver.common.unittests.dll" id="1edf4c99-c764-95bb-14ad-e4ec565371a3">
      <Execution id="de6afa20-5f61-46db-8f08-1b379d6e9099" />
      <TestMethod codeBase="D:\actions-runner\_work\XPCO\XPCO\Common\VideoOS.IdentityServer.Common\VideoOS.IdentityServer.Common.UnitTests\bin\Debug\net47\VideoOS.IdentityServer.Common.UnitTests.dll" adapterTypeName="executor://mstestadapter/v2" className="VideoOS.IdentityServer.Common.UnitTests.IdpServerValidationTests" name="ValidateIdpServer_InvalidUri_Null_Throws_ArgumentNullException" />
    </UnitTest>
    <UnitTest name="CreateException_AdminIdentityNotFound_Is_DuplicateAdminIdentityException" storage="d:\actions-runner\_work\xpco\xpco\common\videoos.identityserver.common\videoos.identityserver.common.unittests\bin\debug\net47\videoos.identityserver.common.unittests.dll" id="bf3ad47a-9250-f8b8-31e2-5fe2764ad9e8">
      <Execution id="a88feb51-1586-4351-9ce2-c8ebcdb30ed7" />
      <TestMethod codeBase="D:\actions-runner\_work\XPCO\XPCO\Common\VideoOS.IdentityServer.Common\VideoOS.IdentityServer.Common.UnitTests\bin\Debug\net47\VideoOS.IdentityServer.Common.UnitTests.dll" adapterTypeName="executor://mstestadapter/v2" className="VideoOS.IdentityServer.Common.UnitTests.Exceptions.IdpExceptionFactoryTests" name="CreateException_AdminIdentityNotFound_Is_DuplicateAdminIdentityException" />
    </UnitTest>
    <UnitTest name="GetUserCollection_UserIdsAreNull_ThrowArgumentNullException" storage="d:\actions-runner\_work\xpco\xpco\common\videoos.identityserver.common\videoos.identityserver.common.unittests\bin\debug\net47\videoos.identityserver.common.unittests.dll" id="f58804b4-1c3e-a2cd-9639-d58251748d47">
      <Execution id="a7e8b9cb-cbe9-4459-bf79-1d96bd972392" />
      <TestMethod codeBase="D:\actions-runner\_work\XPCO\XPCO\Common\VideoOS.IdentityServer.Common\VideoOS.IdentityServer.Common.UnitTests\bin\Debug\net47\VideoOS.IdentityServer.Common.UnitTests.dll" adapterTypeName="executor://mstestadapter/v2" className="VideoOS.IdentityServer.Common.UnitTests.Services.IdpAdministrationClientTests" name="GetUserCollection_UserIdsAreNull_ThrowArgumentNullException" />
    </UnitTest>
    <UnitTest name="Ctor_ScopeIsSet_RequiredClaimHasScopeClaim" storage="d:\actions-runner\_work\xpco\xpco\common\videoos.identityserver.common\videoos.identityserver.common.unittests\bin\debug\net47\videoos.identityserver.common.unittests.dll" id="273070a4-2ffd-9a94-4178-f3727c932514">
      <Execution id="f59e6585-74b9-4d89-b2aa-ce63cf9afb75" />
      <TestMethod codeBase="D:\actions-runner\_work\XPCO\XPCO\Common\VideoOS.IdentityServer.Common\VideoOS.IdentityServer.Common.UnitTests\bin\Debug\net47\VideoOS.IdentityServer.Common.UnitTests.dll" adapterTypeName="executor://mstestadapter/v2" className="VideoOS.IdentityServer.Common.UnitTests.ServiceModel.ScopeRequirementAttributeTests" name="Ctor_ScopeIsSet_RequiredClaimHasScopeClaim" />
    </UnitTest>
    <UnitTest name="HandleException_UnexpectedExceptionType_ReturnsFalse" storage="d:\actions-runner\_work\xpco\xpco\common\videoos.identityserver.common\videoos.identityserver.common.unittests\bin\debug\net47\videoos.identityserver.common.unittests.dll" id="4049cd8f-4722-f786-6675-c96c049dafca">
      <Execution id="816249ab-5cc6-4d73-a0b2-db6f2be4ff60" />
      <TestMethod codeBase="D:\actions-runner\_work\XPCO\XPCO\Common\VideoOS.IdentityServer.Common\VideoOS.IdentityServer.Common.UnitTests\bin\Debug\net47\VideoOS.IdentityServer.Common.UnitTests.dll" adapterTypeName="executor://mstestadapter/v2" className="VideoOS.IdentityServer.Common.UnitTests.Utilities.ServerValidation.IdpExceptionHandlerTests" name="HandleException_UnexpectedExceptionType_ReturnsFalse" />
    </UnitTest>
    <UnitTest name="ValidateIdpServer_SimulateValidResponseFromOAuthServer_UnsecureCheckOnly_WithTimeout_ReturnsHttpsSecureConnection" storage="d:\actions-runner\_work\xpco\xpco\common\videoos.identityserver.common\videoos.identityserver.common.unittests\bin\debug\net47\videoos.identityserver.common.unittests.dll" id="1123588b-584b-06b7-cbdb-e5cf3ec64afc">
      <Execution id="6244a42c-b3bb-4dc8-83dc-34995b1ab85b" />
      <TestMethod codeBase="D:\actions-runner\_work\XPCO\XPCO\Common\VideoOS.IdentityServer.Common\VideoOS.IdentityServer.Common.UnitTests\bin\Debug\net47\VideoOS.IdentityServer.Common.UnitTests.dll" adapterTypeName="executor://mstestadapter/v2" className="VideoOS.IdentityServer.Common.UnitTests.IdpServerValidationTests" name="ValidateIdpServer_SimulateValidResponseFromOAuthServer_UnsecureCheckOnly_WithTimeout_ReturnsHttpsSecureConnection" />
    </UnitTest>
    <UnitTest name="CreateException_ChangePassword_Is_ChangePasswordException" storage="d:\actions-runner\_work\xpco\xpco\common\videoos.identityserver.common\videoos.identityserver.common.unittests\bin\debug\net47\videoos.identityserver.common.unittests.dll" id="dff6bcfa-7c56-915c-d680-949651ff50ba">
      <Execution id="3d953d2a-2d1b-4ccd-9a63-5e594e24b2b4" />
      <TestMethod codeBase="D:\actions-runner\_work\XPCO\XPCO\Common\VideoOS.IdentityServer.Common\VideoOS.IdentityServer.Common.UnitTests\bin\Debug\net47\VideoOS.IdentityServer.Common.UnitTests.dll" adapterTypeName="executor://mstestadapter/v2" className="VideoOS.IdentityServer.Common.UnitTests.Exceptions.IdpExceptionFactoryTests" name="CreateException_ChangePassword_Is_ChangePasswordException" />
    </UnitTest>
    <UnitTest name="ValidateIdpServer_SimulateValidResponseFromOAuthServer_WithValidCertificate_IdpOpenConfigurationNotAvailable" storage="d:\actions-runner\_work\xpco\xpco\common\videoos.identityserver.common\videoos.identityserver.common.unittests\bin\debug\net47\videoos.identityserver.common.unittests.dll" id="1c871e62-fc07-15be-cc5c-68162573f4bc">
      <Execution id="9b0527a8-6171-4fbe-b35b-9269221bf972" />
      <TestMethod codeBase="D:\actions-runner\_work\XPCO\XPCO\Common\VideoOS.IdentityServer.Common\VideoOS.IdentityServer.Common.UnitTests\bin\Debug\net47\VideoOS.IdentityServer.Common.UnitTests.dll" adapterTypeName="executor://mstestadapter/v2" className="VideoOS.IdentityServer.Common.UnitTests.IdpServerValidationTests" name="ValidateIdpServer_SimulateValidResponseFromOAuthServer_WithValidCertificate_IdpOpenConfigurationNotAvailable" />
    </UnitTest>
    <UnitTest name="CreateException_DuplicateEmail_Is_EmailAlreadyExistsException" storage="d:\actions-runner\_work\xpco\xpco\common\videoos.identityserver.common\videoos.identityserver.common.unittests\bin\debug\net47\videoos.identityserver.common.unittests.dll" id="0ae882bf-7b3d-9ae3-2fd3-8f4782af29c4">
      <Execution id="b3a112e6-f461-44de-852b-73112b35bb89" />
      <TestMethod codeBase="D:\actions-runner\_work\XPCO\XPCO\Common\VideoOS.IdentityServer.Common\VideoOS.IdentityServer.Common.UnitTests\bin\Debug\net47\VideoOS.IdentityServer.Common.UnitTests.dll" adapterTypeName="executor://mstestadapter/v2" className="VideoOS.IdentityServer.Common.UnitTests.Exceptions.IdpExceptionFactoryTests" name="CreateException_DuplicateEmail_Is_EmailAlreadyExistsException" />
    </UnitTest>
    <UnitTest name="IdpTokenClient_NonDefaultCredentials_HttpClientConfiguredToNotUseDefualtCredentials" storage="d:\actions-runner\_work\xpco\xpco\common\videoos.identityserver.common\videoos.identityserver.common.unittests\bin\debug\net47\videoos.identityserver.common.unittests.dll" id="b8901242-2f26-bc70-f843-5bf9455c7828">
      <Execution id="1424b8b8-1d8c-4adf-afb6-e67b1166d5ff" />
      <TestMethod codeBase="D:\actions-runner\_work\XPCO\XPCO\Common\VideoOS.IdentityServer.Common\VideoOS.IdentityServer.Common.UnitTests\bin\Debug\net47\VideoOS.IdentityServer.Common.UnitTests.dll" adapterTypeName="executor://mstestadapter/v2" className="VideoOS.IdentityServer.Common.UnitTests.IdpTokenClientTests" name="IdpTokenClient_NonDefaultCredentials_HttpClientConfiguredToNotUseDefualtCredentials" />
    </UnitTest>
    <UnitTest name="Constructor_ScopeIsNull_ThrowArgumentNullException" storage="d:\actions-runner\_work\xpco\xpco\common\videoos.identityserver.common\videoos.identityserver.common.unittests\bin\debug\net47\videoos.identityserver.common.unittests.dll" id="b05795f0-d2f6-22ea-cbc0-12b777940158">
      <Execution id="8bf95613-3ecf-4a86-b7c6-c19117c30de1" />
      <TestMethod codeBase="D:\actions-runner\_work\XPCO\XPCO\Common\VideoOS.IdentityServer.Common\VideoOS.IdentityServer.Common.UnitTests\bin\Debug\net47\VideoOS.IdentityServer.Common.UnitTests.dll" adapterTypeName="executor://mstestadapter/v2" className="VideoOS.IdentityServer.Common.UnitTests.IdentityServerTokenHandlerTests" name="Constructor_ScopeIsNull_ThrowArgumentNullException" />
    </UnitTest>
    <UnitTest name="IsTokenExpired_TokenExpiration_ExpiredReturnTrueNotExpiredReturnFalse (1,False)" storage="d:\actions-runner\_work\xpco\xpco\common\videoos.identityserver.common\videoos.identityserver.common.unittests\bin\debug\net47\videoos.identityserver.common.unittests.dll" id="1441b80a-d34b-716a-62ff-daf3315612e2">
      <Execution id="2c06dd92-1f65-4483-937d-60dba1242526" />
      <TestMethod codeBase="D:\actions-runner\_work\XPCO\XPCO\Common\VideoOS.IdentityServer.Common\VideoOS.IdentityServer.Common.UnitTests\bin\Debug\net47\VideoOS.IdentityServer.Common.UnitTests.dll" adapterTypeName="executor://mstestadapter/v2" className="VideoOS.IdentityServer.Common.UnitTests.Handlers.IdentityServerToken.SimpleTokenCacheTests" name="IsTokenExpired_TokenExpiration_ExpiredReturnTrueNotExpiredReturnFalse" />
    </UnitTest>
    <UnitTest name="Constructor_NullTrustedToken_ThrowsArgumentNullException" storage="d:\actions-runner\_work\xpco\xpco\common\videoos.identityserver.common\videoos.identityserver.common.unittests\bin\debug\net47\videoos.identityserver.common.unittests.dll" id="cb270c9a-018c-ca10-c7ca-7967670c892b">
      <Execution id="9062277a-3f9f-4bc0-ac0b-395c7da6f6b4" />
      <TestMethod codeBase="D:\actions-runner\_work\XPCO\XPCO\Common\VideoOS.IdentityServer.Common\VideoOS.IdentityServer.Common.UnitTests\bin\Debug\net47\VideoOS.IdentityServer.Common.UnitTests.dll" adapterTypeName="executor://mstestadapter/v2" className="VideoOS.IdentityServer.Common.UnitTests.ExchangeTokenHandlerTests" name="Constructor_NullTrustedToken_ThrowsArgumentNullException" />
    </UnitTest>
    <UnitTest name="VerifyEndpointSupportsSsl_InvalidParam_Null_ValidTimeout_Throws_ArgumentNullException" storage="d:\actions-runner\_work\xpco\xpco\common\videoos.identityserver.common\videoos.identityserver.common.unittests\bin\debug\net47\videoos.identityserver.common.unittests.dll" id="d31208f6-32e8-d301-b39b-41ee13f7023e">
      <Execution id="393bc94a-498c-44a1-971d-8663cabfb909" />
      <TestMethod codeBase="D:\actions-runner\_work\XPCO\XPCO\Common\VideoOS.IdentityServer.Common\VideoOS.IdentityServer.Common.UnitTests\bin\Debug\net47\VideoOS.IdentityServer.Common.UnitTests.dll" adapterTypeName="executor://mstestadapter/v2" className="VideoOS.IdentityServer.Common.UnitTests.Utilities.SslVerificationTests" name="VerifyEndpointSupportsSsl_InvalidParam_Null_ValidTimeout_Throws_ArgumentNullException" />
    </UnitTest>
    <UnitTest name="GetClaimValue_IdTokenNotRetrieved_Throws_InvalidOperationException" storage="d:\actions-runner\_work\xpco\xpco\common\videoos.identityserver.common\videoos.identityserver.common.unittests\bin\debug\net47\videoos.identityserver.common.unittests.dll" id="41159a03-c027-b654-a27a-5a7d8d8246d9">
      <Execution id="332c5b58-3812-4bbc-938f-f1ae21884803" />
      <TestMethod codeBase="D:\actions-runner\_work\XPCO\XPCO\Common\VideoOS.IdentityServer.Common\VideoOS.IdentityServer.Common.UnitTests\bin\Debug\net47\VideoOS.IdentityServer.Common.UnitTests.dll" adapterTypeName="executor://mstestadapter/v2" className="VideoOS.IdentityServer.Common.UnitTests.Handlers.TokenCacheTests" name="GetClaimValue_IdTokenNotRetrieved_Throws_InvalidOperationException" />
    </UnitTest>
    <UnitTest name="CreateException_404_UserNotFound_Is_UserNotFoundException" storage="d:\actions-runner\_work\xpco\xpco\common\videoos.identityserver.common\videoos.identityserver.common.unittests\bin\debug\net47\videoos.identityserver.common.unittests.dll" id="5ac69b1a-a384-bee2-381f-56a296f2c282">
      <Execution id="563bdfbc-08e6-4a76-9202-11d9761d3102" />
      <TestMethod codeBase="D:\actions-runner\_work\XPCO\XPCO\Common\VideoOS.IdentityServer.Common\VideoOS.IdentityServer.Common.UnitTests\bin\Debug\net47\VideoOS.IdentityServer.Common.UnitTests.dll" adapterTypeName="executor://mstestadapter/v2" className="VideoOS.IdentityServer.Common.UnitTests.Exceptions.IdpExceptionFactoryTests" name="CreateException_404_UserNotFound_Is_UserNotFoundException" />
    </UnitTest>
    <UnitTest name="Ctor_AudiencesIsNull_ThrowsArgumentNullException" storage="d:\actions-runner\_work\xpco\xpco\common\videoos.identityserver.common\videoos.identityserver.common.unittests\bin\debug\net47\videoos.identityserver.common.unittests.dll" id="9c36fd41-e765-81f6-df8e-f462ee2c6552">
      <Execution id="4a1de3dc-5aa2-49fb-8aca-f4749e141436" />
      <TestMethod codeBase="D:\actions-runner\_work\XPCO\XPCO\Common\VideoOS.IdentityServer.Common\VideoOS.IdentityServer.Common.UnitTests\bin\Debug\net47\VideoOS.IdentityServer.Common.UnitTests.dll" adapterTypeName="executor://mstestadapter/v2" className="VideoOS.IdentityServer.Common.UnitTests.OpenIdTokenHandlerTests" name="Ctor_AudiencesIsNull_ThrowsArgumentNullException" />
    </UnitTest>
    <UnitTest name="RegisterClient_AccessTokenIsNull_ThrowArgumentException" storage="d:\actions-runner\_work\xpco\xpco\common\videoos.identityserver.common\videoos.identityserver.common.unittests\bin\debug\net47\videoos.identityserver.common.unittests.dll" id="083062ca-22b3-f842-aa3b-2548ef3b2afa">
      <Execution id="659a4f34-632e-4cb0-a249-32de35d8b8f5" />
      <TestMethod codeBase="D:\actions-runner\_work\XPCO\XPCO\Common\VideoOS.IdentityServer.Common\VideoOS.IdentityServer.Common.UnitTests\bin\Debug\net47\VideoOS.IdentityServer.Common.UnitTests.dll" adapterTypeName="executor://mstestadapter/v2" className="VideoOS.IdentityServer.Common.UnitTests.IdpRegistrationClientTests" name="RegisterClient_AccessTokenIsNull_ThrowArgumentException" />
    </UnitTest>
    <UnitTest name="ValidateIdpServer_CancellationRequest_ShouldThrow" storage="d:\actions-runner\_work\xpco\xpco\common\videoos.identityserver.common\videoos.identityserver.common.unittests\bin\debug\net47\videoos.identityserver.common.unittests.dll" id="04ba112f-e345-0314-e5a5-bfdf9ebd97a8">
      <Execution id="728e13c4-46d2-4206-979f-213a533ad190" />
      <TestMethod codeBase="D:\actions-runner\_work\XPCO\XPCO\Common\VideoOS.IdentityServer.Common\VideoOS.IdentityServer.Common.UnitTests\bin\Debug\net47\VideoOS.IdentityServer.Common.UnitTests.dll" adapterTypeName="executor://mstestadapter/v2" className="VideoOS.IdentityServer.Common.UnitTests.IdpDiscoveryServiceTests" name="ValidateIdpServer_CancellationRequest_ShouldThrow" />
    </UnitTest>
    <UnitTest name="Constructor_NullAccessToken_ThrowsArgumentNullException" storage="d:\actions-runner\_work\xpco\xpco\common\videoos.identityserver.common\videoos.identityserver.common.unittests\bin\debug\net47\videoos.identityserver.common.unittests.dll" id="ad89ac24-24de-f6bb-8252-5fda23ce2272">
      <Execution id="8626b0fb-c779-4208-a3a2-3e1dfb1dd3ed" />
      <TestMethod codeBase="D:\actions-runner\_work\XPCO\XPCO\Common\VideoOS.IdentityServer.Common\VideoOS.IdentityServer.Common.UnitTests\bin\Debug\net47\VideoOS.IdentityServer.Common.UnitTests.dll" adapterTypeName="executor://mstestadapter/v2" className="VideoOS.IdentityServer.Common.UnitTests.Utilities.Tokens.IdpTokensTests" name="Constructor_NullAccessToken_ThrowsArgumentNullException" />
    </UnitTest>
    <UnitTest name="ValidateIdpServer_SimulateValidResponseFrom_WithNonStandardPortAndNoScheme_AgainstVersionNotSupportingOauth_Success" storage="d:\actions-runner\_work\xpco\xpco\common\videoos.identityserver.common\videoos.identityserver.common.unittests\bin\debug\net47\videoos.identityserver.common.unittests.dll" id="34f3be5c-39ef-6e9c-dee7-38b37313e24c">
      <Execution id="b5a1f60b-32bc-49a4-a529-973028dd754b" />
      <TestMethod codeBase="D:\actions-runner\_work\XPCO\XPCO\Common\VideoOS.IdentityServer.Common\VideoOS.IdentityServer.Common.UnitTests\bin\Debug\net47\VideoOS.IdentityServer.Common.UnitTests.dll" adapterTypeName="executor://mstestadapter/v2" className="VideoOS.IdentityServer.Common.UnitTests.IdpServerValidationTests" name="ValidateIdpServer_SimulateValidResponseFrom_WithNonStandardPortAndNoScheme_AgainstVersionNotSupportingOauth_Success" />
    </UnitTest>
    <UnitTest name="GetEventLogs_AccessTokenNull_ThrowsArgumentNullException" storage="d:\actions-runner\_work\xpco\xpco\common\videoos.identityserver.common\videoos.identityserver.common.unittests\bin\debug\net47\videoos.identityserver.common.unittests.dll" id="64ce3878-ca47-8b99-d700-14791eaa9c40">
      <Execution id="5fc42002-5c6a-4e0a-86a9-7d54eafcf159" />
      <TestMethod codeBase="D:\actions-runner\_work\XPCO\XPCO\Common\VideoOS.IdentityServer.Common\VideoOS.IdentityServer.Common.UnitTests\bin\Debug\net47\VideoOS.IdentityServer.Common.UnitTests.dll" adapterTypeName="executor://mstestadapter/v2" className="VideoOS.IdentityServer.Common.UnitTests.Services.IdpAdministrationClientTests" name="GetEventLogs_AccessTokenNull_ThrowsArgumentNullException" />
    </UnitTest>
    <UnitTest name="SendRequest_ResponseHasBadStatusCode_ThrowIdpException (PreconditionFailed)" storage="d:\actions-runner\_work\xpco\xpco\common\videoos.identityserver.common\videoos.identityserver.common.unittests\bin\debug\net47\videoos.identityserver.common.unittests.dll" id="668c76c9-4bf1-dcc1-807a-f065424f58ba">
      <Execution id="b2192481-e80c-4b08-9905-932f40ebd897" />
      <TestMethod codeBase="D:\actions-runner\_work\XPCO\XPCO\Common\VideoOS.IdentityServer.Common\VideoOS.IdentityServer.Common.UnitTests\bin\Debug\net47\VideoOS.IdentityServer.Common.UnitTests.dll" adapterTypeName="executor://mstestadapter/v2" className="VideoOS.IdentityServer.Common.UnitTests.IdpClientBaseTests" name="SendRequest_ResponseHasBadStatusCode_ThrowIdpException" />
    </UnitTest>
    <UnitTest name="CheckAccess_PrincipalHasCorrectScopeClaim_ReturnsTrue (abc,ABC)" storage="d:\actions-runner\_work\xpco\xpco\common\videoos.identityserver.common\videoos.identityserver.common.unittests\bin\debug\net47\videoos.identityserver.common.unittests.dll" id="3257b61e-ecc1-ecc4-fcd4-340f5d424a71">
      <Execution id="fa98af68-c60c-4deb-8549-53c2fd153724" />
      <TestMethod codeBase="D:\actions-runner\_work\XPCO\XPCO\Common\VideoOS.IdentityServer.Common\VideoOS.IdentityServer.Common.UnitTests\bin\Debug\net47\VideoOS.IdentityServer.Common.UnitTests.dll" adapterTypeName="executor://mstestadapter/v2" className="VideoOS.IdentityServer.Common.UnitTests.ServiceModel.OpenIdClaimsAuthorizationManagerTests" name="CheckAccess_PrincipalHasCorrectScopeClaim_ReturnsTrue" />
    </UnitTest>
    <UnitTest name="Construct_InvalidParam_GrantType_Null_Throws_ArgumentNullException" storage="d:\actions-runner\_work\xpco\xpco\common\videoos.identityserver.common\videoos.identityserver.common.unittests\bin\debug\net47\videoos.identityserver.common.unittests.dll" id="6fb4517f-b4e4-4771-fc0a-9b00bebd656e">
      <Execution id="684773ae-ffa9-49a9-8fe0-82ef9a4a8512" />
      <TestMethod codeBase="D:\actions-runner\_work\XPCO\XPCO\Common\VideoOS.IdentityServer.Common\VideoOS.IdentityServer.Common.UnitTests\bin\Debug\net47\VideoOS.IdentityServer.Common.UnitTests.dll" adapterTypeName="executor://mstestadapter/v2" className="VideoOS.IdentityServer.Common.UnitTests.Handlers.IdentityServerToken.IdentityServerClientSettingsTests" name="Construct_InvalidParam_GrantType_Null_Throws_ArgumentNullException" />
    </UnitTest>
    <UnitTest name="UpdateUser_ResponseHasSuccessfulStatusCode_CorrectRequestUriIsPassedAndUserIsReturned" storage="d:\actions-runner\_work\xpco\xpco\common\videoos.identityserver.common\videoos.identityserver.common.unittests\bin\debug\net47\videoos.identityserver.common.unittests.dll" id="fc0fef98-8b80-5ef6-59d2-fe46d77e15c0">
      <Execution id="a779204a-55c8-402e-ad58-9efdcc08ac5a" />
      <TestMethod codeBase="D:\actions-runner\_work\XPCO\XPCO\Common\VideoOS.IdentityServer.Common\VideoOS.IdentityServer.Common.UnitTests\bin\Debug\net47\VideoOS.IdentityServer.Common.UnitTests.dll" adapterTypeName="executor://mstestadapter/v2" className="VideoOS.IdentityServer.Common.UnitTests.Services.IdpAdministrationClientTests" name="UpdateUser_ResponseHasSuccessfulStatusCode_CorrectRequestUriIsPassedAndUserIsReturned" />
    </UnitTest>
    <UnitTest name="ValidateFasterIdpServerOnBothSchemas_WorkingHttpAddressAndCancellationRequest_ShouldCancelAndReturnEmptyResult" storage="d:\actions-runner\_work\xpco\xpco\common\videoos.identityserver.common\videoos.identityserver.common.unittests\bin\debug\net47\videoos.identityserver.common.unittests.dll" id="7102ede2-c297-16f6-bd79-a261e9a0ab55">
      <Execution id="6a058be8-fd4e-41a1-bfde-4d8c15c01143" />
      <TestMethod codeBase="D:\actions-runner\_work\XPCO\XPCO\Common\VideoOS.IdentityServer.Common\VideoOS.IdentityServer.Common.UnitTests\bin\Debug\net47\VideoOS.IdentityServer.Common.UnitTests.dll" adapterTypeName="executor://mstestadapter/v2" className="VideoOS.IdentityServer.Common.UnitTests.IdpDiscoveryServiceTests" name="ValidateFasterIdpServerOnBothSchemas_WorkingHttpAddressAndCancellationRequest_ShouldCancelAndReturnEmptyResult" />
    </UnitTest>
    <UnitTest name="GetUsersAfterModifiedDate_DateTimeIsSet_UriQueryContainsTheFilter" storage="d:\actions-runner\_work\xpco\xpco\common\videoos.identityserver.common\videoos.identityserver.common.unittests\bin\debug\net47\videoos.identityserver.common.unittests.dll" id="d35048be-1680-5fe1-6d7b-c9c557f71eff">
      <Execution id="845007d8-ac32-477e-a469-a660624429ae" />
      <TestMethod codeBase="D:\actions-runner\_work\XPCO\XPCO\Common\VideoOS.IdentityServer.Common\VideoOS.IdentityServer.Common.UnitTests\bin\Debug\net47\VideoOS.IdentityServer.Common.UnitTests.dll" adapterTypeName="executor://mstestadapter/v2" className="VideoOS.IdentityServer.Common.UnitTests.Services.IdpAdministrationClientTests" name="GetUsersAfterModifiedDate_DateTimeIsSet_UriQueryContainsTheFilter" />
    </UnitTest>
    <UnitTest name="HasValidScheme_UriIsNetPipe_ReturnsTrue" storage="d:\actions-runner\_work\xpco\xpco\common\videoos.identityserver.common\videoos.identityserver.common.unittests\bin\debug\net47\videoos.identityserver.common.unittests.dll" id="ecb758fe-0180-464c-e553-3e17f3a94b1f">
      <Execution id="74e72389-1123-4a85-a7d7-7cdbcf058d39" />
      <TestMethod codeBase="D:\actions-runner\_work\XPCO\XPCO\Common\VideoOS.IdentityServer.Common\VideoOS.IdentityServer.Common.UnitTests\bin\Debug\net47\VideoOS.IdentityServer.Common.UnitTests.dll" adapterTypeName="executor://mstestadapter/v2" className="VideoOS.IdentityServer.Common.UnitTests.Utilities.ServerValidation.UriExtenderTests" name="HasValidScheme_UriIsNetPipe_ReturnsTrue" />
    </UnitTest>
    <UnitTest name="ValidateIdpServer_SimulateValidResponseFromOAuthServer_WithValidCertificateAndUserPortWithNoScheme_ReturnsHttpsSecureConnection" storage="d:\actions-runner\_work\xpco\xpco\common\videoos.identityserver.common\videoos.identityserver.common.unittests\bin\debug\net47\videoos.identityserver.common.unittests.dll" id="d41a3cc4-b17c-f696-0087-3606dad36b9b">
      <Execution id="eae596cb-4fca-4e97-9d8b-12669549973e" />
      <TestMethod codeBase="D:\actions-runner\_work\XPCO\XPCO\Common\VideoOS.IdentityServer.Common\VideoOS.IdentityServer.Common.UnitTests\bin\Debug\net47\VideoOS.IdentityServer.Common.UnitTests.dll" adapterTypeName="executor://mstestadapter/v2" className="VideoOS.IdentityServer.Common.UnitTests.IdpServerValidationTests" name="ValidateIdpServer_SimulateValidResponseFromOAuthServer_WithValidCertificateAndUserPortWithNoScheme_ReturnsHttpsSecureConnection" />
    </UnitTest>
    <UnitTest name="RegisterClient_ResponseHasSuccessfulStatusCode_CorrectRequestUriIsPassedAndModelWithSecretIsReturned" storage="d:\actions-runner\_work\xpco\xpco\common\videoos.identityserver.common\videoos.identityserver.common.unittests\bin\debug\net47\videoos.identityserver.common.unittests.dll" id="d500cfda-0f9f-e179-c72f-1f44e45838d9">
      <Execution id="497258fd-2f4d-4ea4-90df-1d611d7c6995" />
      <TestMethod codeBase="D:\actions-runner\_work\XPCO\XPCO\Common\VideoOS.IdentityServer.Common\VideoOS.IdentityServer.Common.UnitTests\bin\Debug\net47\VideoOS.IdentityServer.Common.UnitTests.dll" adapterTypeName="executor://mstestadapter/v2" className="VideoOS.IdentityServer.Common.UnitTests.IdpRegistrationClientTests" name="RegisterClient_ResponseHasSuccessfulStatusCode_CorrectRequestUriIsPassedAndModelWithSecretIsReturned" />
    </UnitTest>
    <UnitTest name="VerifyEndpointSupportsSsl_InvalidParam_RelativeUri_ValidTimeout_Throws_ArgumentException" storage="d:\actions-runner\_work\xpco\xpco\common\videoos.identityserver.common\videoos.identityserver.common.unittests\bin\debug\net47\videoos.identityserver.common.unittests.dll" id="063fc5d6-7093-4898-586d-f7c91da3d90a">
      <Execution id="f5552547-8ac5-4bff-bb5f-f75fe2fa36d8" />
      <TestMethod codeBase="D:\actions-runner\_work\XPCO\XPCO\Common\VideoOS.IdentityServer.Common\VideoOS.IdentityServer.Common.UnitTests\bin\Debug\net47\VideoOS.IdentityServer.Common.UnitTests.dll" adapterTypeName="executor://mstestadapter/v2" className="VideoOS.IdentityServer.Common.UnitTests.Utilities.SslVerificationTests" name="VerifyEndpointSupportsSsl_InvalidParam_RelativeUri_ValidTimeout_Throws_ArgumentException" />
    </UnitTest>
    <UnitTest name="RefreshToken_IdTokenNotRetrieved_NoError" storage="d:\actions-runner\_work\xpco\xpco\common\videoos.identityserver.common\videoos.identityserver.common.unittests\bin\debug\net47\videoos.identityserver.common.unittests.dll" id="ee5160b1-3233-41e0-3299-0425a39eeee5">
      <Execution id="b1bc7b0c-639b-4066-b596-0b557bc38a74" />
      <TestMethod codeBase="D:\actions-runner\_work\XPCO\XPCO\Common\VideoOS.IdentityServer.Common\VideoOS.IdentityServer.Common.UnitTests\bin\Debug\net47\VideoOS.IdentityServer.Common.UnitTests.dll" adapterTypeName="executor://mstestadapter/v2" className="VideoOS.IdentityServer.Common.UnitTests.Handlers.IdentityServerToken.SimpleTokenCacheTests" name="RefreshToken_IdTokenNotRetrieved_NoError" />
    </UnitTest>
    <UnitTest name="SendRequest_ResponseHasBadStatusCode_ThrowIdpException (NotAcceptable)" storage="d:\actions-runner\_work\xpco\xpco\common\videoos.identityserver.common\videoos.identityserver.common.unittests\bin\debug\net47\videoos.identityserver.common.unittests.dll" id="18cc13e9-00f7-9f54-e05b-755de4a3190e">
      <Execution id="adf767cf-d541-4912-a360-ec49620abdd3" />
      <TestMethod codeBase="D:\actions-runner\_work\XPCO\XPCO\Common\VideoOS.IdentityServer.Common\VideoOS.IdentityServer.Common.UnitTests\bin\Debug\net47\VideoOS.IdentityServer.Common.UnitTests.dll" adapterTypeName="executor://mstestadapter/v2" className="VideoOS.IdentityServer.Common.UnitTests.IdpClientBaseTests" name="SendRequest_ResponseHasBadStatusCode_ThrowIdpException" />
    </UnitTest>
    <UnitTest name="SendRequest_ResponseHasBadStatusCode_ThrowIdpException (UnsupportedMediaType)" storage="d:\actions-runner\_work\xpco\xpco\common\videoos.identityserver.common\videoos.identityserver.common.unittests\bin\debug\net47\videoos.identityserver.common.unittests.dll" id="a9b2f3e1-2fa9-2844-278a-1ff95a3cd450">
      <Execution id="5ab8ad30-ec66-4f05-9706-b3d1cec3ba4d" />
      <TestMethod codeBase="D:\actions-runner\_work\XPCO\XPCO\Common\VideoOS.IdentityServer.Common\VideoOS.IdentityServer.Common.UnitTests\bin\Debug\net47\VideoOS.IdentityServer.Common.UnitTests.dll" adapterTypeName="executor://mstestadapter/v2" className="VideoOS.IdentityServer.Common.UnitTests.IdpClientBaseTests" name="SendRequest_ResponseHasBadStatusCode_ThrowIdpException" />
    </UnitTest>
    <UnitTest name="Construct_InvalidParam_ClientId_Null_Throws_ArgumentNullException" storage="d:\actions-runner\_work\xpco\xpco\common\videoos.identityserver.common\videoos.identityserver.common.unittests\bin\debug\net47\videoos.identityserver.common.unittests.dll" id="d5b3be23-e24d-3907-6e80-ddd593570613">
      <Execution id="4d38d336-4057-4b33-8bbe-4d0c0c3e0c4f" />
      <TestMethod codeBase="D:\actions-runner\_work\XPCO\XPCO\Common\VideoOS.IdentityServer.Common\VideoOS.IdentityServer.Common.UnitTests\bin\Debug\net47\VideoOS.IdentityServer.Common.UnitTests.dll" adapterTypeName="executor://mstestadapter/v2" className="VideoOS.IdentityServer.Common.UnitTests.Handlers.IdentityServerToken.IdentityServerClientSettingsTests" name="Construct_InvalidParam_ClientId_Null_Throws_ArgumentNullException" />
    </UnitTest>
    <UnitTest name="SendRequest_StatusCodeIsOk_ReturnDeserializedObject" storage="d:\actions-runner\_work\xpco\xpco\common\videoos.identityserver.common\videoos.identityserver.common.unittests\bin\debug\net47\videoos.identityserver.common.unittests.dll" id="22b22ab0-28ad-dcc3-3c47-956fecf0f862">
      <Execution id="d4219ab6-aef4-4d18-a4ea-5659beec65fb" />
      <TestMethod codeBase="D:\actions-runner\_work\XPCO\XPCO\Common\VideoOS.IdentityServer.Common\VideoOS.IdentityServer.Common.UnitTests\bin\Debug\net47\VideoOS.IdentityServer.Common.UnitTests.dll" adapterTypeName="executor://mstestadapter/v2" className="VideoOS.IdentityServer.Common.UnitTests.IdpClientBaseTests" name="SendRequest_StatusCodeIsOk_ReturnDeserializedObject" />
    </UnitTest>
    <UnitTest name="ValidateToken_MetaDataLoadNotDelayed_MetaDataLoadNotDelayed" storage="d:\actions-runner\_work\xpco\xpco\common\videoos.identityserver.common\videoos.identityserver.common.unittests\bin\debug\net47\videoos.identityserver.common.unittests.dll" id="a1533602-6410-91ea-863d-c06356133eae">
      <Execution id="00929406-d1b2-4ce4-b07b-59f3da3826ba" />
      <TestMethod codeBase="D:\actions-runner\_work\XPCO\XPCO\Common\VideoOS.IdentityServer.Common\VideoOS.IdentityServer.Common.UnitTests\bin\Debug\net47\VideoOS.IdentityServer.Common.UnitTests.dll" adapterTypeName="executor://mstestadapter/v2" className="VideoOS.IdentityServer.Common.UnitTests.JwtSecurityTokenValidatorWithConfigurationManagerTests" name="ValidateToken_MetaDataLoadNotDelayed_MetaDataLoadNotDelayed" />
    </UnitTest>
    <UnitTest name="Construct_WithUri_IsErrorFalse" storage="d:\actions-runner\_work\xpco\xpco\common\videoos.identityserver.common\videoos.identityserver.common.unittests\bin\debug\net47\videoos.identityserver.common.unittests.dll" id="bc6f6cb5-f7c9-e3db-d707-a236ceb509b9">
      <Execution id="b1900480-ff5c-40e8-a865-55dac0a8a3b6" />
      <TestMethod codeBase="D:\actions-runner\_work\XPCO\XPCO\Common\VideoOS.IdentityServer.Common\VideoOS.IdentityServer.Common.UnitTests\bin\Debug\net47\VideoOS.IdentityServer.Common.UnitTests.dll" adapterTypeName="executor://mstestadapter/v2" className="VideoOS.IdentityServer.Common.UnitTests.DiscoveryResponseTests" name="Construct_WithUri_IsErrorFalse" />
    </UnitTest>
    <UnitTest name="ValidateIdpServer_SimulateInvalidResponseFromPreOAuthServer_CallIsCurrentVersion_Throws_InvalidOperationException" storage="d:\actions-runner\_work\xpco\xpco\common\videoos.identityserver.common\videoos.identityserver.common.unittests\bin\debug\net47\videoos.identityserver.common.unittests.dll" id="9272183c-1f20-60d5-550e-a9927fe14301">
      <Execution id="ce6af87d-2876-4b5d-bc89-eb0021cdb5db" />
      <TestMethod codeBase="D:\actions-runner\_work\XPCO\XPCO\Common\VideoOS.IdentityServer.Common\VideoOS.IdentityServer.Common.UnitTests\bin\Debug\net47\VideoOS.IdentityServer.Common.UnitTests.dll" adapterTypeName="executor://mstestadapter/v2" className="VideoOS.IdentityServer.Common.UnitTests.IdpServerValidationTests" name="ValidateIdpServer_SimulateInvalidResponseFromPreOAuthServer_CallIsCurrentVersion_Throws_InvalidOperationException" />
    </UnitTest>
    <UnitTest name="GetTokenResponseAsync_TokenResponseIsOk_TokenResponseIsReturned" storage="d:\actions-runner\_work\xpco\xpco\common\videoos.identityserver.common\videoos.identityserver.common.unittests\bin\debug\net47\videoos.identityserver.common.unittests.dll" id="22db2a0a-aa8a-2a11-0ea7-22ee10a4b12c">
      <Execution id="6390c014-fe46-4158-93b2-791e44164b55" />
      <TestMethod codeBase="D:\actions-runner\_work\XPCO\XPCO\Common\VideoOS.IdentityServer.Common\VideoOS.IdentityServer.Common.UnitTests\bin\Debug\net47\VideoOS.IdentityServer.Common.UnitTests.dll" adapterTypeName="executor://mstestadapter/v2" className="VideoOS.IdentityServer.Common.UnitTests.IdentityServerTokenHandlerTests" name="GetTokenResponseAsync_TokenResponseIsOk_TokenResponseIsReturned" />
    </UnitTest>
    <UnitTest name="BeforeSendRequest_ThrowsHttpRequestExceptionWithWebException_ThrowsCommunicationException (TrustFailure)" storage="d:\actions-runner\_work\xpco\xpco\common\videoos.identityserver.common\videoos.identityserver.common.unittests\bin\debug\net47\videoos.identityserver.common.unittests.dll" id="ecc460ca-dce5-f2c1-27e1-c58351216caa">
      <Execution id="4b4829f8-cb10-4347-b218-6253e79578b0" />
      <TestMethod codeBase="D:\actions-runner\_work\XPCO\XPCO\Common\VideoOS.IdentityServer.Common\VideoOS.IdentityServer.Common.UnitTests\bin\Debug\net47\VideoOS.IdentityServer.Common.UnitTests.dll" adapterTypeName="executor://mstestadapter/v2" className="VideoOS.IdentityServer.Common.UnitTests.ServiceModel.BearerAuthorizationHeaderInspectorTests" name="BeforeSendRequest_ThrowsHttpRequestExceptionWithWebException_ThrowsCommunicationException" />
    </UnitTest>
    <UnitTest name="RegisterAuthorizationCodeClientWithToken_ResponseHasSuccessfulStatusCode_CorrectRequestUriIsPassedWithoutSecret" storage="d:\actions-runner\_work\xpco\xpco\common\videoos.identityserver.common\videoos.identityserver.common.unittests\bin\debug\net47\videoos.identityserver.common.unittests.dll" id="cb3d0d63-a156-b025-1c90-4a3dc7841ffd">
      <Execution id="212c7996-c70d-4f70-83fc-0141f469c995" />
      <TestMethod codeBase="D:\actions-runner\_work\XPCO\XPCO\Common\VideoOS.IdentityServer.Common\VideoOS.IdentityServer.Common.UnitTests\bin\Debug\net47\VideoOS.IdentityServer.Common.UnitTests.dll" adapterTypeName="executor://mstestadapter/v2" className="VideoOS.IdentityServer.Common.UnitTests.IdpRegistrationClientTests" name="RegisterAuthorizationCodeClientWithToken_ResponseHasSuccessfulStatusCode_CorrectRequestUriIsPassedWithoutSecret" />
    </UnitTest>
    <UnitTest name="CreateException_AnythingElse_Is_DefaultErrorException" storage="d:\actions-runner\_work\xpco\xpco\common\videoos.identityserver.common\videoos.identityserver.common.unittests\bin\debug\net47\videoos.identityserver.common.unittests.dll" id="437f2012-d0bd-9480-97fb-1b4e5a423d3b">
      <Execution id="03fcb44d-60c0-4e53-8f1b-c8602d825a3b" />
      <TestMethod codeBase="D:\actions-runner\_work\XPCO\XPCO\Common\VideoOS.IdentityServer.Common\VideoOS.IdentityServer.Common.UnitTests\bin\Debug\net47\VideoOS.IdentityServer.Common.UnitTests.dll" adapterTypeName="executor://mstestadapter/v2" className="VideoOS.IdentityServer.Common.UnitTests.Exceptions.IdpExceptionFactoryTests" name="CreateException_AnythingElse_Is_DefaultErrorException" />
    </UnitTest>
    <UnitTest name="ValidateIdpServer_SimulateValidResponseFromOAuthServer_SecureCheckOnly_ReturnsHttpsSecureConnection" storage="d:\actions-runner\_work\xpco\xpco\common\videoos.identityserver.common\videoos.identityserver.common.unittests\bin\debug\net47\videoos.identityserver.common.unittests.dll" id="0f53cf01-7625-abe4-40b4-7756723d3b2e">
      <Execution id="e0e7d0d9-0a48-499a-b01f-fd309f7aeeeb" />
      <TestMethod codeBase="D:\actions-runner\_work\XPCO\XPCO\Common\VideoOS.IdentityServer.Common\VideoOS.IdentityServer.Common.UnitTests\bin\Debug\net47\VideoOS.IdentityServer.Common.UnitTests.dll" adapterTypeName="executor://mstestadapter/v2" className="VideoOS.IdentityServer.Common.UnitTests.IdpServerValidationTests" name="ValidateIdpServer_SimulateValidResponseFromOAuthServer_SecureCheckOnly_ReturnsHttpsSecureConnection" />
    </UnitTest>
    <UnitTest name="RefreshToken_InvalidToken_AccessTokenException" storage="d:\actions-runner\_work\xpco\xpco\common\videoos.identityserver.common\videoos.identityserver.common.unittests\bin\debug\net47\videoos.identityserver.common.unittests.dll" id="f5c02efb-b35c-365d-c779-9919be9854f1">
      <Execution id="82fc91eb-2a63-436a-b985-3d8dc81daddb" />
      <TestMethod codeBase="D:\actions-runner\_work\XPCO\XPCO\Common\VideoOS.IdentityServer.Common\VideoOS.IdentityServer.Common.UnitTests\bin\Debug\net47\VideoOS.IdentityServer.Common.UnitTests.dll" adapterTypeName="executor://mstestadapter/v2" className="VideoOS.IdentityServer.Common.UnitTests.Handlers.TokenCacheTests" name="RefreshToken_InvalidToken_AccessTokenException" />
    </UnitTest>
    <UnitTest name="GetClaimValue_IdTokenNotRetrieved_Throws_InvalidOperationException" storage="d:\actions-runner\_work\xpco\xpco\common\videoos.identityserver.common\videoos.identityserver.common.unittests\bin\debug\net47\videoos.identityserver.common.unittests.dll" id="19645128-e202-44ae-34e1-bebb765d5926">
      <Execution id="a70801e2-4af1-4712-b5d3-01e0ca816116" />
      <TestMethod codeBase="D:\actions-runner\_work\XPCO\XPCO\Common\VideoOS.IdentityServer.Common\VideoOS.IdentityServer.Common.UnitTests\bin\Debug\net47\VideoOS.IdentityServer.Common.UnitTests.dll" adapterTypeName="executor://mstestadapter/v2" className="VideoOS.IdentityServer.Common.UnitTests.Handlers.IdentityServerToken.SimpleTokenCacheTests" name="GetClaimValue_IdTokenNotRetrieved_Throws_InvalidOperationException" />
    </UnitTest>
    <UnitTest name="CreateException_DuplicateUserName_Is_AlreadyExistsException" storage="d:\actions-runner\_work\xpco\xpco\common\videoos.identityserver.common\videoos.identityserver.common.unittests\bin\debug\net47\videoos.identityserver.common.unittests.dll" id="7f2480da-8572-1058-bed9-d76ee4f460a4">
      <Execution id="4ed3735d-1eca-43fd-b685-e8f024e2fbe5" />
      <TestMethod codeBase="D:\actions-runner\_work\XPCO\XPCO\Common\VideoOS.IdentityServer.Common\VideoOS.IdentityServer.Common.UnitTests\bin\Debug\net47\VideoOS.IdentityServer.Common.UnitTests.dll" adapterTypeName="executor://mstestadapter/v2" className="VideoOS.IdentityServer.Common.UnitTests.Exceptions.IdpExceptionFactoryTests" name="CreateException_DuplicateUserName_Is_AlreadyExistsException" />
    </UnitTest>
    <UnitTest name="Start_TimeToTokenExpireOver5min_ReturnsCachedToken" storage="d:\actions-runner\_work\xpco\xpco\common\videoos.identityserver.common\videoos.identityserver.common.unittests\bin\debug\net47\videoos.identityserver.common.unittests.dll" id="0c73a1ad-6206-0874-edea-ce6d1ddf48e7">
      <Execution id="60c7081d-dbef-4c2f-bb7e-180c17661788" />
      <TestMethod codeBase="D:\actions-runner\_work\XPCO\XPCO\Common\VideoOS.IdentityServer.Common\VideoOS.IdentityServer.Common.UnitTests\bin\Debug\net47\VideoOS.IdentityServer.Common.UnitTests.dll" adapterTypeName="executor://mstestadapter/v2" className="VideoOS.IdentityServer.Common.UnitTests.Handlers.IdentityServerToken.SimpleTokenCacheTests" name="Start_TimeToTokenExpireOver5min_ReturnsCachedToken" />
    </UnitTest>
    <UnitTest name="GetLogin_ParameterIsNull_ThrowArgumentException (,,abc)" storage="d:\actions-runner\_work\xpco\xpco\common\videoos.identityserver.common\videoos.identityserver.common.unittests\bin\debug\net47\videoos.identityserver.common.unittests.dll" id="0956a829-49d6-d659-dada-e609c64ef2a6">
      <Execution id="1ec805f9-1397-4c21-a106-aea0b09434e4" />
      <TestMethod codeBase="D:\actions-runner\_work\XPCO\XPCO\Common\VideoOS.IdentityServer.Common\VideoOS.IdentityServer.Common.UnitTests\bin\Debug\net47\VideoOS.IdentityServer.Common.UnitTests.dll" adapterTypeName="executor://mstestadapter/v2" className="VideoOS.IdentityServer.Common.UnitTests.Services.IdpAdministrationClientTests" name="GetLogin_ParameterIsNull_ThrowArgumentException" />
    </UnitTest>
    <UnitTest name="CreateException_OtherError_Throws_DefaultErrorException" storage="d:\actions-runner\_work\xpco\xpco\common\videoos.identityserver.common\videoos.identityserver.common.unittests\bin\debug\net47\videoos.identityserver.common.unittests.dll" id="6527d399-3c52-8422-d90f-6c83c08b6874">
      <Execution id="1bafba8d-e7fe-43ba-8c5e-1bfd85ca2a93" />
      <TestMethod codeBase="D:\actions-runner\_work\XPCO\XPCO\Common\VideoOS.IdentityServer.Common\VideoOS.IdentityServer.Common.UnitTests\bin\Debug\net47\VideoOS.IdentityServer.Common.UnitTests.dll" adapterTypeName="executor://mstestadapter/v2" className="VideoOS.IdentityServer.Common.UnitTests.Exceptions.IdpExceptionFactoryTests" name="CreateException_OtherError_Throws_DefaultErrorException" />
    </UnitTest>
    <UnitTest name="HttpGetResult_Constructor_Success" storage="d:\actions-runner\_work\xpco\xpco\common\videoos.identityserver.common\videoos.identityserver.common.unittests\bin\debug\net47\videoos.identityserver.common.unittests.dll" id="a6c86e7f-3cba-5a70-e72e-8210186f640d">
      <Execution id="099fbb2a-425e-4655-b125-a75747c7166a" />
      <TestMethod codeBase="D:\actions-runner\_work\XPCO\XPCO\Common\VideoOS.IdentityServer.Common\VideoOS.IdentityServer.Common.UnitTests\bin\Debug\net47\VideoOS.IdentityServer.Common.UnitTests.dll" adapterTypeName="executor://mstestadapter/v2" className="VideoOS.IdentityServer.Common.UnitTests.Utilities.ServerValidation.HttpGetResultTests" name="HttpGetResult_Constructor_Success" />
    </UnitTest>
    <UnitTest name="Constructor_NullRequestedScopes_ThrowsArgumentNullException" storage="d:\actions-runner\_work\xpco\xpco\common\videoos.identityserver.common\videoos.identityserver.common.unittests\bin\debug\net47\videoos.identityserver.common.unittests.dll" id="11e2d426-0f64-e877-4f88-684b98f80094">
      <Execution id="fc3d922d-de0f-4b0d-ab4a-c2c7d0d2ad01" />
      <TestMethod codeBase="D:\actions-runner\_work\XPCO\XPCO\Common\VideoOS.IdentityServer.Common\VideoOS.IdentityServer.Common.UnitTests\bin\Debug\net47\VideoOS.IdentityServer.Common.UnitTests.dll" adapterTypeName="executor://mstestadapter/v2" className="VideoOS.IdentityServer.Common.UnitTests.Utilities.Tokens.IdpTokenRetrieverTests" name="Constructor_NullRequestedScopes_ThrowsArgumentNullException" />
    </UnitTest>
    <UnitTest name="Construct_UsesLargeCustomTimeout_Success" storage="d:\actions-runner\_work\xpco\xpco\common\videoos.identityserver.common\videoos.identityserver.common.unittests\bin\debug\net47\videoos.identityserver.common.unittests.dll" id="0f27abe8-3384-6920-a039-76a637899eb2">
      <Execution id="423fdd2e-3520-48cf-9409-4cf512a7ef78" />
      <TestMethod codeBase="D:\actions-runner\_work\XPCO\XPCO\Common\VideoOS.IdentityServer.Common\VideoOS.IdentityServer.Common.UnitTests\bin\Debug\net47\VideoOS.IdentityServer.Common.UnitTests.dll" adapterTypeName="executor://mstestadapter/v2" className="VideoOS.IdentityServer.Common.UnitTests.Utilities.SslVerificationTests" name="Construct_UsesLargeCustomTimeout_Success" />
    </UnitTest>
    <UnitTest name="BeforeSendRequest_ThrowsIdentityServerTokenException_ThrowsIdentityServerTokenException" storage="d:\actions-runner\_work\xpco\xpco\common\videoos.identityserver.common\videoos.identityserver.common.unittests\bin\debug\net47\videoos.identityserver.common.unittests.dll" id="dc2936a8-a88a-b2cd-9a40-e8ec53aed396">
      <Execution id="b5cb79a7-e8d5-4826-8cc7-79253a96560d" />
      <TestMethod codeBase="D:\actions-runner\_work\XPCO\XPCO\Common\VideoOS.IdentityServer.Common\VideoOS.IdentityServer.Common.UnitTests\bin\Debug\net47\VideoOS.IdentityServer.Common.UnitTests.dll" adapterTypeName="executor://mstestadapter/v2" className="VideoOS.IdentityServer.Common.UnitTests.ServiceModel.BearerAuthorizationHeaderInspectorTests" name="BeforeSendRequest_ThrowsIdentityServerTokenException_ThrowsIdentityServerTokenException" />
    </UnitTest>
    <UnitTest name="CreateException_PasswordRequiresNonAlphanumeric_Is_PasswordNotComplexEnoughException" storage="d:\actions-runner\_work\xpco\xpco\common\videoos.identityserver.common\videoos.identityserver.common.unittests\bin\debug\net47\videoos.identityserver.common.unittests.dll" id="cb7249c8-dcf7-5d04-d8a1-9ce11225ac6e">
      <Execution id="c1ac1f2c-9814-492c-8b2e-21d5362926bc" />
      <TestMethod codeBase="D:\actions-runner\_work\XPCO\XPCO\Common\VideoOS.IdentityServer.Common\VideoOS.IdentityServer.Common.UnitTests\bin\Debug\net47\VideoOS.IdentityServer.Common.UnitTests.dll" adapterTypeName="executor://mstestadapter/v2" className="VideoOS.IdentityServer.Common.UnitTests.Exceptions.IdpExceptionFactoryTests" name="CreateException_PasswordRequiresNonAlphanumeric_Is_PasswordNotComplexEnoughException" />
    </UnitTest>
    <UnitTest name="CreateTrustedIssuer_AccessTokenIsNull_ThrowArgumentException" storage="d:\actions-runner\_work\xpco\xpco\common\videoos.identityserver.common\videoos.identityserver.common.unittests\bin\debug\net47\videoos.identityserver.common.unittests.dll" id="359096ac-1baa-97a0-9aac-14ec7cffbe5a">
      <Execution id="dacf3707-59b8-460a-912b-7a06c65af18b" />
      <TestMethod codeBase="D:\actions-runner\_work\XPCO\XPCO\Common\VideoOS.IdentityServer.Common\VideoOS.IdentityServer.Common.UnitTests\bin\Debug\net47\VideoOS.IdentityServer.Common.UnitTests.dll" adapterTypeName="executor://mstestadapter/v2" className="VideoOS.IdentityServer.Common.UnitTests.Services.IdpAdministrationClientTests" name="CreateTrustedIssuer_AccessTokenIsNull_ThrowArgumentException" />
    </UnitTest>
    <UnitTest name="DeleteAdmin_ParameterIsNull_ThrowArgumentException (,1-2-3)" storage="d:\actions-runner\_work\xpco\xpco\common\videoos.identityserver.common\videoos.identityserver.common.unittests\bin\debug\net47\videoos.identityserver.common.unittests.dll" id="21bc6c22-cae5-d6e6-f8be-0a3d9ef4e313">
      <Execution id="e9170e95-d816-4105-94bc-23f101a7308f" />
      <TestMethod codeBase="D:\actions-runner\_work\XPCO\XPCO\Common\VideoOS.IdentityServer.Common\VideoOS.IdentityServer.Common.UnitTests\bin\Debug\net47\VideoOS.IdentityServer.Common.UnitTests.dll" adapterTypeName="executor://mstestadapter/v2" className="VideoOS.IdentityServer.Common.UnitTests.Services.IdpAdministrationClientTests" name="DeleteAdmin_ParameterIsNull_ThrowArgumentException" />
    </UnitTest>
    <UnitTest name="SendRequest_ResponseHasBadStatusCode_ThrowIdpException (RequestUriTooLong)" storage="d:\actions-runner\_work\xpco\xpco\common\videoos.identityserver.common\videoos.identityserver.common.unittests\bin\debug\net47\videoos.identityserver.common.unittests.dll" id="63d736d3-1abb-5e1e-67d5-7731969795df">
      <Execution id="f865e16d-644e-479a-84ae-fb791bd8f366" />
      <TestMethod codeBase="D:\actions-runner\_work\XPCO\XPCO\Common\VideoOS.IdentityServer.Common\VideoOS.IdentityServer.Common.UnitTests\bin\Debug\net47\VideoOS.IdentityServer.Common.UnitTests.dll" adapterTypeName="executor://mstestadapter/v2" className="VideoOS.IdentityServer.Common.UnitTests.IdpClientBaseTests" name="SendRequest_ResponseHasBadStatusCode_ThrowIdpException" />
    </UnitTest>
    <UnitTest name="GetTokenResponseAsync_HttpStatusIsNotOk_IdpExceptionIsThrown" storage="d:\actions-runner\_work\xpco\xpco\common\videoos.identityserver.common\videoos.identityserver.common.unittests\bin\debug\net47\videoos.identityserver.common.unittests.dll" id="355371bd-45fe-c229-5034-898ad04eb1dc">
      <Execution id="3f9757a6-c847-4189-bd2b-cfe5a934f3cc" />
      <TestMethod codeBase="D:\actions-runner\_work\XPCO\XPCO\Common\VideoOS.IdentityServer.Common\VideoOS.IdentityServer.Common.UnitTests\bin\Debug\net47\VideoOS.IdentityServer.Common.UnitTests.dll" adapterTypeName="executor://mstestadapter/v2" className="VideoOS.IdentityServer.Common.UnitTests.ExchangeTokenHandlerTests" name="GetTokenResponseAsync_HttpStatusIsNotOk_IdpExceptionIsThrown" />
    </UnitTest>
    <UnitTest name="GetUsersAfterModifiedDate_UnixTimeIsNegative_ThrowsArgumentOutOfRangeException" storage="d:\actions-runner\_work\xpco\xpco\common\videoos.identityserver.common\videoos.identityserver.common.unittests\bin\debug\net47\videoos.identityserver.common.unittests.dll" id="d084f15f-2ff5-b9de-3bb3-de877630baf6">
      <Execution id="a0fb744a-489a-4115-8381-03b171def2aa" />
      <TestMethod codeBase="D:\actions-runner\_work\XPCO\XPCO\Common\VideoOS.IdentityServer.Common\VideoOS.IdentityServer.Common.UnitTests\bin\Debug\net47\VideoOS.IdentityServer.Common.UnitTests.dll" adapterTypeName="executor://mstestadapter/v2" className="VideoOS.IdentityServer.Common.UnitTests.Services.IdpAdministrationClientTests" name="GetUsersAfterModifiedDate_UnixTimeIsNegative_ThrowsArgumentOutOfRangeException" />
    </UnitTest>
    <UnitTest name="Constructor_EmptyProvider_ThrowsArgumentNullException" storage="d:\actions-runner\_work\xpco\xpco\common\videoos.identityserver.common\videoos.identityserver.common.unittests\bin\debug\net47\videoos.identityserver.common.unittests.dll" id="27aea1a6-1e4c-b203-2089-de14d612090c">
      <Execution id="da2be7cc-bf5e-4f47-962d-26579ca3a21f" />
      <TestMethod codeBase="D:\actions-runner\_work\XPCO\XPCO\Common\VideoOS.IdentityServer.Common\VideoOS.IdentityServer.Common.UnitTests\bin\Debug\net47\VideoOS.IdentityServer.Common.UnitTests.dll" adapterTypeName="executor://mstestadapter/v2" className="VideoOS.IdentityServer.Common.UnitTests.ExternalTokenHandlerTests" name="Constructor_EmptyProvider_ThrowsArgumentNullException" />
    </UnitTest>
    <UnitTest name="Construct_ValidateTimeoutSentToSslVerification_SpecifyTimeout_Success" storage="d:\actions-runner\_work\xpco\xpco\common\videoos.identityserver.common\videoos.identityserver.common.unittests\bin\debug\net47\videoos.identityserver.common.unittests.dll" id="4988c4a8-a7df-3551-56c3-3fad77d98b4a">
      <Execution id="48668d4c-edcc-4339-a1c9-91be8d00b876" />
      <TestMethod codeBase="D:\actions-runner\_work\XPCO\XPCO\Common\VideoOS.IdentityServer.Common\VideoOS.IdentityServer.Common.UnitTests\bin\Debug\net47\VideoOS.IdentityServer.Common.UnitTests.dll" adapterTypeName="executor://mstestadapter/v2" className="VideoOS.IdentityServer.Common.UnitTests.IdpServerValidationTests" name="Construct_ValidateTimeoutSentToSslVerification_SpecifyTimeout_Success" />
    </UnitTest>
    <UnitTest name="RegisterAuthorizationCodeClient_ResponseHasSuccessfulStatusCode_CorrectRequestUriIsPassedWithoutSecret" storage="d:\actions-runner\_work\xpco\xpco\common\videoos.identityserver.common\videoos.identityserver.common.unittests\bin\debug\net47\videoos.identityserver.common.unittests.dll" id="dedf70a5-f131-d84f-4234-6a5051d02528">
      <Execution id="5f813c3e-b47d-4b32-a3f4-c7f4faa140e1" />
      <TestMethod codeBase="D:\actions-runner\_work\XPCO\XPCO\Common\VideoOS.IdentityServer.Common\VideoOS.IdentityServer.Common.UnitTests\bin\Debug\net47\VideoOS.IdentityServer.Common.UnitTests.dll" adapterTypeName="executor://mstestadapter/v2" className="VideoOS.IdentityServer.Common.UnitTests.IdpRegistrationClientTests" name="RegisterAuthorizationCodeClient_ResponseHasSuccessfulStatusCode_CorrectRequestUriIsPassedWithoutSecret" />
    </UnitTest>
    <UnitTest name="SendRequest_ResponseHasStatusCodeAndErrorCode_ThrowCorrectIdpException" storage="d:\actions-runner\_work\xpco\xpco\common\videoos.identityserver.common\videoos.identityserver.common.unittests\bin\debug\net47\videoos.identityserver.common.unittests.dll" id="9d9108bd-86db-659c-91d4-935425fa020c">
      <Execution id="1afd589d-ac61-4e25-a017-00b4f3673358" />
      <TestMethod codeBase="D:\actions-runner\_work\XPCO\XPCO\Common\VideoOS.IdentityServer.Common\VideoOS.IdentityServer.Common.UnitTests\bin\Debug\net47\VideoOS.IdentityServer.Common.UnitTests.dll" adapterTypeName="executor://mstestadapter/v2" className="VideoOS.IdentityServer.Common.UnitTests.IdpClientBaseTests" name="SendRequest_ResponseHasStatusCodeAndErrorCode_ThrowCorrectIdpException" />
    </UnitTest>
    <UnitTest name="DeleteUser_ParameterIsNull_ThrowArgumentException (abc,)" storage="d:\actions-runner\_work\xpco\xpco\common\videoos.identityserver.common\videoos.identityserver.common.unittests\bin\debug\net47\videoos.identityserver.common.unittests.dll" id="884913dc-63e3-b134-e957-2e7bedb5da00">
      <Execution id="12290dc9-57ab-4462-bf66-ba9d8eb67687" />
      <TestMethod codeBase="D:\actions-runner\_work\XPCO\XPCO\Common\VideoOS.IdentityServer.Common\VideoOS.IdentityServer.Common.UnitTests\bin\Debug\net47\VideoOS.IdentityServer.Common.UnitTests.dll" adapterTypeName="executor://mstestadapter/v2" className="VideoOS.IdentityServer.Common.UnitTests.Services.IdpAdministrationClientTests" name="DeleteUser_ParameterIsNull_ThrowArgumentException" />
    </UnitTest>
    <UnitTest name="UserName_HasNameClaim_ReturnsUserName" storage="d:\actions-runner\_work\xpco\xpco\common\videoos.identityserver.common\videoos.identityserver.common.unittests\bin\debug\net47\videoos.identityserver.common.unittests.dll" id="2a8032ec-2494-843d-f098-18bbc743b65d">
      <Execution id="6fd1198c-32d8-47d6-aced-ae4f8baba658" />
      <TestMethod codeBase="D:\actions-runner\_work\XPCO\XPCO\Common\VideoOS.IdentityServer.Common\VideoOS.IdentityServer.Common.UnitTests\bin\Debug\net47\VideoOS.IdentityServer.Common.UnitTests.dll" adapterTypeName="executor://mstestadapter/v2" className="VideoOS.IdentityServer.Common.UnitTests.Handlers.TokenCacheTests" name="UserName_HasNameClaim_ReturnsUserName" />
    </UnitTest>
    <UnitTest name="ValidateIdpServer_InvalidUri_RelativeUri_Throws_ArgumentException" storage="d:\actions-runner\_work\xpco\xpco\common\videoos.identityserver.common\videoos.identityserver.common.unittests\bin\debug\net47\videoos.identityserver.common.unittests.dll" id="5098da35-a50d-188f-464b-c0e73540175b">
      <Execution id="1dceac0c-b67d-418f-8296-db4f472cfcdc" />
      <TestMethod codeBase="D:\actions-runner\_work\XPCO\XPCO\Common\VideoOS.IdentityServer.Common\VideoOS.IdentityServer.Common.UnitTests\bin\Debug\net47\VideoOS.IdentityServer.Common.UnitTests.dll" adapterTypeName="executor://mstestadapter/v2" className="VideoOS.IdentityServer.Common.UnitTests.IdpServerValidationTests" name="ValidateIdpServer_InvalidUri_RelativeUri_Throws_ArgumentException" />
    </UnitTest>
    <UnitTest name="CreateException_InvalidRoleName_Is_InvalidNameException" storage="d:\actions-runner\_work\xpco\xpco\common\videoos.identityserver.common\videoos.identityserver.common.unittests\bin\debug\net47\videoos.identityserver.common.unittests.dll" id="00ff095b-4bc6-db53-f938-6a37bc01f46b">
      <Execution id="138ebf66-492a-4022-ae23-6bbfc0255360" />
      <TestMethod codeBase="D:\actions-runner\_work\XPCO\XPCO\Common\VideoOS.IdentityServer.Common\VideoOS.IdentityServer.Common.UnitTests\bin\Debug\net47\VideoOS.IdentityServer.Common.UnitTests.dll" adapterTypeName="executor://mstestadapter/v2" className="VideoOS.IdentityServer.Common.UnitTests.Exceptions.IdpExceptionFactoryTests" name="CreateException_InvalidRoleName_Is_InvalidNameException" />
    </UnitTest>
    <UnitTest name="ValidateIdpServer_SimulateValidResponseFromOAuthServer_WithValidCertificate_UsingFtpScheme_Success" storage="d:\actions-runner\_work\xpco\xpco\common\videoos.identityserver.common\videoos.identityserver.common.unittests\bin\debug\net47\videoos.identityserver.common.unittests.dll" id="003ec38a-6be6-40fe-fb76-841c13807019">
      <Execution id="032f7006-7e7d-4669-923e-e63baddd2136" />
      <TestMethod codeBase="D:\actions-runner\_work\XPCO\XPCO\Common\VideoOS.IdentityServer.Common\VideoOS.IdentityServer.Common.UnitTests\bin\Debug\net47\VideoOS.IdentityServer.Common.UnitTests.dll" adapterTypeName="executor://mstestadapter/v2" className="VideoOS.IdentityServer.Common.UnitTests.IdpServerValidationTests" name="ValidateIdpServer_SimulateValidResponseFromOAuthServer_WithValidCertificate_UsingFtpScheme_Success" />
    </UnitTest>
    <UnitTest name="CreateException_401_Is_UnauthorizedException" storage="d:\actions-runner\_work\xpco\xpco\common\videoos.identityserver.common\videoos.identityserver.common.unittests\bin\debug\net47\videoos.identityserver.common.unittests.dll" id="5fc9fa5a-5fe3-b72e-18ec-1d655d4e8290">
      <Execution id="f45c2e61-c59a-4ee3-b17d-a4b42717a687" />
      <TestMethod codeBase="D:\actions-runner\_work\XPCO\XPCO\Common\VideoOS.IdentityServer.Common\VideoOS.IdentityServer.Common.UnitTests\bin\Debug\net47\VideoOS.IdentityServer.Common.UnitTests.dll" adapterTypeName="executor://mstestadapter/v2" className="VideoOS.IdentityServer.Common.UnitTests.Exceptions.IdpExceptionFactoryTests" name="CreateException_401_Is_UnauthorizedException" />
    </UnitTest>
    <UnitTest name="GetUsers_ParameterIsNull_ThrowArgumentException" storage="d:\actions-runner\_work\xpco\xpco\common\videoos.identityserver.common\videoos.identityserver.common.unittests\bin\debug\net47\videoos.identityserver.common.unittests.dll" id="ac435e0a-e1c6-7616-0ac5-820a47d8c989">
      <Execution id="7d354854-d950-48cf-b223-02d6653ebc1e" />
      <TestMethod codeBase="D:\actions-runner\_work\XPCO\XPCO\Common\VideoOS.IdentityServer.Common\VideoOS.IdentityServer.Common.UnitTests\bin\Debug\net47\VideoOS.IdentityServer.Common.UnitTests.dll" adapterTypeName="executor://mstestadapter/v2" className="VideoOS.IdentityServer.Common.UnitTests.Services.IdpAdministrationClientTests" name="GetUsers_ParameterIsNull_ThrowArgumentException" />
    </UnitTest>
    <UnitTest name="SendRequest_ResponseHasBadStatusCode_ThrowIdpException (NotFound)" storage="d:\actions-runner\_work\xpco\xpco\common\videoos.identityserver.common\videoos.identityserver.common.unittests\bin\debug\net47\videoos.identityserver.common.unittests.dll" id="93c98b5d-aec7-74de-34c5-6fcc025495ea">
      <Execution id="2e4b97ba-cca5-4d1b-9c94-965ebfae5d35" />
      <TestMethod codeBase="D:\actions-runner\_work\XPCO\XPCO\Common\VideoOS.IdentityServer.Common\VideoOS.IdentityServer.Common.UnitTests\bin\Debug\net47\VideoOS.IdentityServer.Common.UnitTests.dll" adapterTypeName="executor://mstestadapter/v2" className="VideoOS.IdentityServer.Common.UnitTests.IdpClientBaseTests" name="SendRequest_ResponseHasBadStatusCode_ThrowIdpException" />
    </UnitTest>
    <UnitTest name="BeforeSendRequest_ThrowsHttpRequestExceptionWithWebException_ThrowsEndpointNotFoundException (NameResolutionFailure)" storage="d:\actions-runner\_work\xpco\xpco\common\videoos.identityserver.common\videoos.identityserver.common.unittests\bin\debug\net47\videoos.identityserver.common.unittests.dll" id="23744893-3ce4-b3c9-e589-b7048486411c">
      <Execution id="d50e1c3a-ec43-40c3-aad2-cc7b0cd3093f" />
      <TestMethod codeBase="D:\actions-runner\_work\XPCO\XPCO\Common\VideoOS.IdentityServer.Common\VideoOS.IdentityServer.Common.UnitTests\bin\Debug\net47\VideoOS.IdentityServer.Common.UnitTests.dll" adapterTypeName="executor://mstestadapter/v2" className="VideoOS.IdentityServer.Common.UnitTests.ServiceModel.BearerAuthorizationHeaderInspectorTests" name="BeforeSendRequest_ThrowsHttpRequestExceptionWithWebException_ThrowsEndpointNotFoundException" />
    </UnitTest>
    <UnitTest name="RegisterAuthorizationCodeClient_RedirectUrisIsNull_ThrowArgumentException" storage="d:\actions-runner\_work\xpco\xpco\common\videoos.identityserver.common\videoos.identityserver.common.unittests\bin\debug\net47\videoos.identityserver.common.unittests.dll" id="bf3dc991-3368-6005-a716-c4582669d18a">
      <Execution id="3cf1dbfb-8fe0-4c74-b456-ff8034d8e0b1" />
      <TestMethod codeBase="D:\actions-runner\_work\XPCO\XPCO\Common\VideoOS.IdentityServer.Common\VideoOS.IdentityServer.Common.UnitTests\bin\Debug\net47\VideoOS.IdentityServer.Common.UnitTests.dll" adapterTypeName="executor://mstestadapter/v2" className="VideoOS.IdentityServer.Common.UnitTests.IdpRegistrationClientTests" name="RegisterAuthorizationCodeClient_RedirectUrisIsNull_ThrowArgumentException" />
    </UnitTest>
    <UnitTest name="CheckAccess_PrincipalHasWrongScopeClaim_ReturnsFalse (ABC)" storage="d:\actions-runner\_work\xpco\xpco\common\videoos.identityserver.common\videoos.identityserver.common.unittests\bin\debug\net47\videoos.identityserver.common.unittests.dll" id="6c22c485-f80c-11c5-01c7-a10cd38d415a">
      <Execution id="000ec5ee-fea2-4948-9c94-14e37ba21b23" />
      <TestMethod codeBase="D:\actions-runner\_work\XPCO\XPCO\Common\VideoOS.IdentityServer.Common\VideoOS.IdentityServer.Common.UnitTests\bin\Debug\net47\VideoOS.IdentityServer.Common.UnitTests.dll" adapterTypeName="executor://mstestadapter/v2" className="VideoOS.IdentityServer.Common.UnitTests.ServiceModel.OpenIdClaimsAuthorizationManagerTests" name="CheckAccess_PrincipalHasWrongScopeClaim_ReturnsFalse" />
    </UnitTest>
    <UnitTest name="BeforeSendRequest_ThrowsHttpRequestExceptionWithWebException_ThrowsCommunicationException (ProxyNameResolutionFailure)" storage="d:\actions-runner\_work\xpco\xpco\common\videoos.identityserver.common\videoos.identityserver.common.unittests\bin\debug\net47\videoos.identityserver.common.unittests.dll" id="d88306ca-9afa-8148-3367-97d6e4d284e8">
      <Execution id="336a9f75-9341-4c3b-9df0-d20ba949cbaa" />
      <TestMethod codeBase="D:\actions-runner\_work\XPCO\XPCO\Common\VideoOS.IdentityServer.Common\VideoOS.IdentityServer.Common.UnitTests\bin\Debug\net47\VideoOS.IdentityServer.Common.UnitTests.dll" adapterTypeName="executor://mstestadapter/v2" className="VideoOS.IdentityServer.Common.UnitTests.ServiceModel.BearerAuthorizationHeaderInspectorTests" name="BeforeSendRequest_ThrowsHttpRequestExceptionWithWebException_ThrowsCommunicationException" />
    </UnitTest>
    <UnitTest name="CreateTrustedIssuer_ModelIsNull_ThrowArgumentNullException" storage="d:\actions-runner\_work\xpco\xpco\common\videoos.identityserver.common\videoos.identityserver.common.unittests\bin\debug\net47\videoos.identityserver.common.unittests.dll" id="0650eafd-0764-a4dd-8f31-2c251d438215">
      <Execution id="1393dbb4-931c-42fe-a6b9-67569289ccb7" />
      <TestMethod codeBase="D:\actions-runner\_work\XPCO\XPCO\Common\VideoOS.IdentityServer.Common\VideoOS.IdentityServer.Common.UnitTests\bin\Debug\net47\VideoOS.IdentityServer.Common.UnitTests.dll" adapterTypeName="executor://mstestadapter/v2" className="VideoOS.IdentityServer.Common.UnitTests.Services.IdpAdministrationClientTests" name="CreateTrustedIssuer_ModelIsNull_ThrowArgumentNullException" />
    </UnitTest>
    <UnitTest name="ResourceOwnerAuthenticationAsync_StatusCodeOk_TokenResponseWithTokenIsReturned" storage="d:\actions-runner\_work\xpco\xpco\common\videoos.identityserver.common\videoos.identityserver.common.unittests\bin\debug\net47\videoos.identityserver.common.unittests.dll" id="abd81a1c-e3b4-bebe-d21f-4ca159588c70">
      <Execution id="663e3052-d47f-4e58-bf20-475dbdbcef7b" />
      <TestMethod codeBase="D:\actions-runner\_work\XPCO\XPCO\Common\VideoOS.IdentityServer.Common\VideoOS.IdentityServer.Common.UnitTests\bin\Debug\net47\VideoOS.IdentityServer.Common.UnitTests.dll" adapterTypeName="executor://mstestadapter/v2" className="VideoOS.IdentityServer.Common.UnitTests.IdpTokenClientTests" name="ResourceOwnerAuthenticationAsync_StatusCodeOk_TokenResponseWithTokenIsReturned" />
    </UnitTest>
    <UnitTest name="CreateException_ErrorStrongPassword_Is_PasswordNotComplexEnoughException" storage="d:\actions-runner\_work\xpco\xpco\common\videoos.identityserver.common\videoos.identityserver.common.unittests\bin\debug\net47\videoos.identityserver.common.unittests.dll" id="79bdc8ed-4f4b-9849-1ddd-b15e09b27525">
      <Execution id="b9a385d2-0169-4235-840c-b53c3c66cebd" />
      <TestMethod codeBase="D:\actions-runner\_work\XPCO\XPCO\Common\VideoOS.IdentityServer.Common\VideoOS.IdentityServer.Common.UnitTests\bin\Debug\net47\VideoOS.IdentityServer.Common.UnitTests.dll" adapterTypeName="executor://mstestadapter/v2" className="VideoOS.IdentityServer.Common.UnitTests.Exceptions.IdpExceptionFactoryTests" name="CreateException_ErrorStrongPassword_Is_PasswordNotComplexEnoughException" />
    </UnitTest>
    <UnitTest name="BeforeSendRequest_ThrowsHttpRequestExceptionWithWebException_ThrowsCommunicationException (Success)" storage="d:\actions-runner\_work\xpco\xpco\common\videoos.identityserver.common\videoos.identityserver.common.unittests\bin\debug\net47\videoos.identityserver.common.unittests.dll" id="755826d7-2b80-4234-302f-1403ed18949d">
      <Execution id="39e59494-71ad-41ba-982d-91d7e90bd92b" />
      <TestMethod codeBase="D:\actions-runner\_work\XPCO\XPCO\Common\VideoOS.IdentityServer.Common\VideoOS.IdentityServer.Common.UnitTests\bin\Debug\net47\VideoOS.IdentityServer.Common.UnitTests.dll" adapterTypeName="executor://mstestadapter/v2" className="VideoOS.IdentityServer.Common.UnitTests.ServiceModel.BearerAuthorizationHeaderInspectorTests" name="BeforeSendRequest_ThrowsHttpRequestExceptionWithWebException_ThrowsCommunicationException" />
    </UnitTest>
    <UnitTest name="GetTrustedIssuer_ResponseHasSuccessfulStatusCode_CorrectRequestUriIsPassed" storage="d:\actions-runner\_work\xpco\xpco\common\videoos.identityserver.common\videoos.identityserver.common.unittests\bin\debug\net47\videoos.identityserver.common.unittests.dll" id="d466e244-c3ed-547f-7f11-f1da74ff69ab">
      <Execution id="0caa8d2f-474d-4d94-a535-26c7fb4b0be0" />
      <TestMethod codeBase="D:\actions-runner\_work\XPCO\XPCO\Common\VideoOS.IdentityServer.Common\VideoOS.IdentityServer.Common.UnitTests\bin\Debug\net47\VideoOS.IdentityServer.Common.UnitTests.dll" adapterTypeName="executor://mstestadapter/v2" className="VideoOS.IdentityServer.Common.UnitTests.Services.IdpAdministrationClientTests" name="GetTrustedIssuer_ResponseHasSuccessfulStatusCode_CorrectRequestUriIsPassed" />
    </UnitTest>
    <UnitTest name="CheckAccess_PrincipalHasCorrectScopeClaim_ReturnsTrue (ABC,abc)" storage="d:\actions-runner\_work\xpco\xpco\common\videoos.identityserver.common\videoos.identityserver.common.unittests\bin\debug\net47\videoos.identityserver.common.unittests.dll" id="7ea2fcb8-8d7a-7b3e-5257-f1b66909cef7">
      <Execution id="2b16c045-d71b-40c0-90ad-83f7e56c946a" />
      <TestMethod codeBase="D:\actions-runner\_work\XPCO\XPCO\Common\VideoOS.IdentityServer.Common\VideoOS.IdentityServer.Common.UnitTests\bin\Debug\net47\VideoOS.IdentityServer.Common.UnitTests.dll" adapterTypeName="executor://mstestadapter/v2" className="VideoOS.IdentityServer.Common.UnitTests.ServiceModel.OpenIdClaimsAuthorizationManagerTests" name="CheckAccess_PrincipalHasCorrectScopeClaim_ReturnsTrue" />
    </UnitTest>
    <UnitTest name="DeleteAdmin_ResponseHasSuccessfulStatusCode_CorrectRequestUriIsPassed" storage="d:\actions-runner\_work\xpco\xpco\common\videoos.identityserver.common\videoos.identityserver.common.unittests\bin\debug\net47\videoos.identityserver.common.unittests.dll" id="164af1fb-8ab7-de87-8f12-29fc40e9bd15">
      <Execution id="9aba857f-090c-483b-ab10-8343ef21f084" />
      <TestMethod codeBase="D:\actions-runner\_work\XPCO\XPCO\Common\VideoOS.IdentityServer.Common\VideoOS.IdentityServer.Common.UnitTests\bin\Debug\net47\VideoOS.IdentityServer.Common.UnitTests.dll" adapterTypeName="executor://mstestadapter/v2" className="VideoOS.IdentityServer.Common.UnitTests.Services.IdpAdministrationClientTests" name="DeleteAdmin_ResponseHasSuccessfulStatusCode_CorrectRequestUriIsPassed" />
    </UnitTest>
    <UnitTest name="SendRequest_ResponseHasBadStatusCode_ThrowIdpException (Unauthorized)" storage="d:\actions-runner\_work\xpco\xpco\common\videoos.identityserver.common\videoos.identityserver.common.unittests\bin\debug\net47\videoos.identityserver.common.unittests.dll" id="098fb557-60b9-c84f-e666-1ebb6f9228ac">
      <Execution id="2f00fc7e-47be-48d6-9c9f-051688ba056d" />
      <TestMethod codeBase="D:\actions-runner\_work\XPCO\XPCO\Common\VideoOS.IdentityServer.Common\VideoOS.IdentityServer.Common.UnitTests\bin\Debug\net47\VideoOS.IdentityServer.Common.UnitTests.dll" adapterTypeName="executor://mstestadapter/v2" className="VideoOS.IdentityServer.Common.UnitTests.IdpClientBaseTests" name="SendRequest_ResponseHasBadStatusCode_ThrowIdpException" />
    </UnitTest>
    <UnitTest name="BuildFullUri_HasUnencodedParts_PartsAreEncoded (a+b;c,a^!)" storage="d:\actions-runner\_work\xpco\xpco\common\videoos.identityserver.common\videoos.identityserver.common.unittests\bin\debug\net47\videoos.identityserver.common.unittests.dll" id="490eb431-6d13-ab7d-b1eb-cfc423ab2fff">
      <Execution id="3a4b9032-d445-489c-8973-8d7b609ec24e" />
      <TestMethod codeBase="D:\actions-runner\_work\XPCO\XPCO\Common\VideoOS.IdentityServer.Common\VideoOS.IdentityServer.Common.UnitTests\bin\Debug\net47\VideoOS.IdentityServer.Common.UnitTests.dll" adapterTypeName="executor://mstestadapter/v2" className="VideoOS.IdentityServer.Common.UnitTests.IdpClientBaseTests" name="BuildFullUri_HasUnencodedParts_PartsAreEncoded" />
    </UnitTest>
    <UnitTest name="ValidateIdpServer_SimulateValidResponseFromOAuthServer_WithNonStandardPortAndHttpScheme_WithInvalidCertificate" storage="d:\actions-runner\_work\xpco\xpco\common\videoos.identityserver.common\videoos.identityserver.common.unittests\bin\debug\net47\videoos.identityserver.common.unittests.dll" id="5ab64c0d-21f1-9b5d-4478-84b27fa34b5c">
      <Execution id="50e213e1-a6aa-4658-957d-a977edb48120" />
      <TestMethod codeBase="D:\actions-runner\_work\XPCO\XPCO\Common\VideoOS.IdentityServer.Common\VideoOS.IdentityServer.Common.UnitTests\bin\Debug\net47\VideoOS.IdentityServer.Common.UnitTests.dll" adapterTypeName="executor://mstestadapter/v2" className="VideoOS.IdentityServer.Common.UnitTests.IdpServerValidationTests" name="ValidateIdpServer_SimulateValidResponseFromOAuthServer_WithNonStandardPortAndHttpScheme_WithInvalidCertificate" />
    </UnitTest>
    <UnitTest name="ValidateIdpServer_InvalidSslConfiguration_ShouldThrow" storage="d:\actions-runner\_work\xpco\xpco\common\videoos.identityserver.common\videoos.identityserver.common.unittests\bin\debug\net47\videoos.identityserver.common.unittests.dll" id="fcaeabd6-201c-a809-f13b-51e8e57f8ab1">
      <Execution id="42b5cd42-42a0-4358-af80-db80f7c2786d" />
      <TestMethod codeBase="D:\actions-runner\_work\XPCO\XPCO\Common\VideoOS.IdentityServer.Common\VideoOS.IdentityServer.Common.UnitTests\bin\Debug\net47\VideoOS.IdentityServer.Common.UnitTests.dll" adapterTypeName="executor://mstestadapter/v2" className="VideoOS.IdentityServer.Common.UnitTests.IdpDiscoveryServiceTests" name="ValidateIdpServer_InvalidSslConfiguration_ShouldThrow" />
    </UnitTest>
    <UnitTest name="Construct_WithException_ResponseWithException" storage="d:\actions-runner\_work\xpco\xpco\common\videoos.identityserver.common\videoos.identityserver.common.unittests\bin\debug\net47\videoos.identityserver.common.unittests.dll" id="e1b36847-cc65-e739-8fc1-4c65074486c5">
      <Execution id="8eb15959-4a22-4865-a818-b1a0cab915d8" />
      <TestMethod codeBase="D:\actions-runner\_work\XPCO\XPCO\Common\VideoOS.IdentityServer.Common\VideoOS.IdentityServer.Common.UnitTests\bin\Debug\net47\VideoOS.IdentityServer.Common.UnitTests.dll" adapterTypeName="executor://mstestadapter/v2" className="VideoOS.IdentityServer.Common.UnitTests.DiscoveryResponseTests" name="Construct_WithException_ResponseWithException" />
    </UnitTest>
    <UnitTest name="CreateUser_AccessTokenIsNull_ThrowArgumentException" storage="d:\actions-runner\_work\xpco\xpco\common\videoos.identityserver.common\videoos.identityserver.common.unittests\bin\debug\net47\videoos.identityserver.common.unittests.dll" id="c9653e4a-f0fc-ded6-13b1-2d7721cd5788">
      <Execution id="7bb666fa-8aab-4872-9a22-fc1553030824" />
      <TestMethod codeBase="D:\actions-runner\_work\XPCO\XPCO\Common\VideoOS.IdentityServer.Common\VideoOS.IdentityServer.Common.UnitTests\bin\Debug\net47\VideoOS.IdentityServer.Common.UnitTests.dll" adapterTypeName="executor://mstestadapter/v2" className="VideoOS.IdentityServer.Common.UnitTests.Services.IdpAdministrationClientTests" name="CreateUser_AccessTokenIsNull_ThrowArgumentException" />
    </UnitTest>
    <UnitTest name="BeforeSendRequest_ThrowsHttpRequestExceptionWithWebException_ThrowsCommunicationException (ReceiveFailure)" storage="d:\actions-runner\_work\xpco\xpco\common\videoos.identityserver.common\videoos.identityserver.common.unittests\bin\debug\net47\videoos.identityserver.common.unittests.dll" id="9cc02e74-38fe-d95c-2cfa-20f9c297a179">
      <Execution id="0e484ff5-b6bf-4a4e-9aff-21e927b19e6d" />
      <TestMethod codeBase="D:\actions-runner\_work\XPCO\XPCO\Common\VideoOS.IdentityServer.Common\VideoOS.IdentityServer.Common.UnitTests\bin\Debug\net47\VideoOS.IdentityServer.Common.UnitTests.dll" adapterTypeName="executor://mstestadapter/v2" className="VideoOS.IdentityServer.Common.UnitTests.ServiceModel.BearerAuthorizationHeaderInspectorTests" name="BeforeSendRequest_ThrowsHttpRequestExceptionWithWebException_ThrowsCommunicationException" />
    </UnitTest>
    <UnitTest name="BeforeSendRequest_ThrowsHttpRequestExceptionWithoutWebException_ThrowsCommunicationException" storage="d:\actions-runner\_work\xpco\xpco\common\videoos.identityserver.common\videoos.identityserver.common.unittests\bin\debug\net47\videoos.identityserver.common.unittests.dll" id="4574fcc8-85dd-4c47-5c3d-12a2d873463b">
      <Execution id="8ea1a6c2-3a47-44d9-97cc-1c4200fa9ae1" />
      <TestMethod codeBase="D:\actions-runner\_work\XPCO\XPCO\Common\VideoOS.IdentityServer.Common\VideoOS.IdentityServer.Common.UnitTests\bin\Debug\net47\VideoOS.IdentityServer.Common.UnitTests.dll" adapterTypeName="executor://mstestadapter/v2" className="VideoOS.IdentityServer.Common.UnitTests.ServiceModel.BearerAuthorizationHeaderInspectorTests" name="BeforeSendRequest_ThrowsHttpRequestExceptionWithoutWebException_ThrowsCommunicationException" />
    </UnitTest>
    <UnitTest name="Construct_ValidateTimeoutSentToSslVerification_DiscoveryTypeBoth_Success" storage="d:\actions-runner\_work\xpco\xpco\common\videoos.identityserver.common\videoos.identityserver.common.unittests\bin\debug\net47\videoos.identityserver.common.unittests.dll" id="9d653b0d-6df9-735d-0e75-f562a12dfb97">
      <Execution id="82f1f7d5-440f-4275-84cb-bb3ce896c421" />
      <TestMethod codeBase="D:\actions-runner\_work\XPCO\XPCO\Common\VideoOS.IdentityServer.Common\VideoOS.IdentityServer.Common.UnitTests\bin\Debug\net47\VideoOS.IdentityServer.Common.UnitTests.dll" adapterTypeName="executor://mstestadapter/v2" className="VideoOS.IdentityServer.Common.UnitTests.IdpServerValidationTests" name="Construct_ValidateTimeoutSentToSslVerification_DiscoveryTypeBoth_Success" />
    </UnitTest>
    <UnitTest name="TokenCache_Constructor_ClientTokenSettings_ArgumentNullException" storage="d:\actions-runner\_work\xpco\xpco\common\videoos.identityserver.common\videoos.identityserver.common.unittests\bin\debug\net47\videoos.identityserver.common.unittests.dll" id="9f0c86dc-a496-7741-858c-a11363a3da1a">
      <Execution id="8ac48e8f-4036-4c88-b9f6-462d03b29e91" />
      <TestMethod codeBase="D:\actions-runner\_work\XPCO\XPCO\Common\VideoOS.IdentityServer.Common\VideoOS.IdentityServer.Common.UnitTests\bin\Debug\net47\VideoOS.IdentityServer.Common.UnitTests.dll" adapterTypeName="executor://mstestadapter/v2" className="VideoOS.IdentityServer.Common.UnitTests.Handlers.TokenCacheTests" name="TokenCache_Constructor_ClientTokenSettings_ArgumentNullException" />
    </UnitTest>
    <UnitTest name="GetEventLogs_ResponseHasSuccessfulStatusCode_CorrectRequestUriIsPassed" storage="d:\actions-runner\_work\xpco\xpco\common\videoos.identityserver.common\videoos.identityserver.common.unittests\bin\debug\net47\videoos.identityserver.common.unittests.dll" id="04b44c91-ce22-b8f9-2338-b791e3f2bc17">
      <Execution id="af8e9350-e12a-496c-a3c1-d6e38941552b" />
      <TestMethod codeBase="D:\actions-runner\_work\XPCO\XPCO\Common\VideoOS.IdentityServer.Common\VideoOS.IdentityServer.Common.UnitTests\bin\Debug\net47\VideoOS.IdentityServer.Common.UnitTests.dll" adapterTypeName="executor://mstestadapter/v2" className="VideoOS.IdentityServer.Common.UnitTests.Services.IdpAdministrationClientTests" name="GetEventLogs_ResponseHasSuccessfulStatusCode_CorrectRequestUriIsPassed" />
    </UnitTest>
    <UnitTest name="BuildFullUri_HasUnencodedParts_PartsAreEncoded (a:b?c,a\)" storage="d:\actions-runner\_work\xpco\xpco\common\videoos.identityserver.common\videoos.identityserver.common.unittests\bin\debug\net47\videoos.identityserver.common.unittests.dll" id="71d1b4b5-6612-dad9-c0dc-422f4a8a13d1">
      <Execution id="81547f14-6bcd-48ae-98de-e09d9ba89316" />
      <TestMethod codeBase="D:\actions-runner\_work\XPCO\XPCO\Common\VideoOS.IdentityServer.Common\VideoOS.IdentityServer.Common.UnitTests\bin\Debug\net47\VideoOS.IdentityServer.Common.UnitTests.dll" adapterTypeName="executor://mstestadapter/v2" className="VideoOS.IdentityServer.Common.UnitTests.IdpClientBaseTests" name="BuildFullUri_HasUnencodedParts_PartsAreEncoded" />
    </UnitTest>
    <UnitTest name="BeforeSendRequest_ThrowsHttpRequestExceptionWithWebException_ThrowsCommunicationException (Timeout)" storage="d:\actions-runner\_work\xpco\xpco\common\videoos.identityserver.common\videoos.identityserver.common.unittests\bin\debug\net47\videoos.identityserver.common.unittests.dll" id="4c680463-2526-d2b9-8b45-18d4e02b72d8">
      <Execution id="316f2671-f262-433b-a9e5-a9cc1d1e4cad" />
      <TestMethod codeBase="D:\actions-runner\_work\XPCO\XPCO\Common\VideoOS.IdentityServer.Common\VideoOS.IdentityServer.Common.UnitTests\bin\Debug\net47\VideoOS.IdentityServer.Common.UnitTests.dll" adapterTypeName="executor://mstestadapter/v2" className="VideoOS.IdentityServer.Common.UnitTests.ServiceModel.BearerAuthorizationHeaderInspectorTests" name="BeforeSendRequest_ThrowsHttpRequestExceptionWithWebException_ThrowsCommunicationException" />
    </UnitTest>
    <UnitTest name="DeleteTrustedIssuers_AccessTokenIsNull_ThrowArgumentException" storage="d:\actions-runner\_work\xpco\xpco\common\videoos.identityserver.common\videoos.identityserver.common.unittests\bin\debug\net47\videoos.identityserver.common.unittests.dll" id="28e59258-d59d-b899-0352-abac45b3f73d">
      <Execution id="9f2066d2-609a-4587-9d78-a6103e655a96" />
      <TestMethod codeBase="D:\actions-runner\_work\XPCO\XPCO\Common\VideoOS.IdentityServer.Common\VideoOS.IdentityServer.Common.UnitTests\bin\Debug\net47\VideoOS.IdentityServer.Common.UnitTests.dll" adapterTypeName="executor://mstestadapter/v2" className="VideoOS.IdentityServer.Common.UnitTests.Services.IdpAdministrationClientTests" name="DeleteTrustedIssuers_AccessTokenIsNull_ThrowArgumentException" />
    </UnitTest>
    <UnitTest name="ValidateToken_MetaDataLoadDelay_MetadataLoadDelayed" storage="d:\actions-runner\_work\xpco\xpco\common\videoos.identityserver.common\videoos.identityserver.common.unittests\bin\debug\net47\videoos.identityserver.common.unittests.dll" id="2f309615-d38e-60ef-2c2d-0b95ad0a2a62">
      <Execution id="f99bf060-f92c-47fe-af26-e977ff47d47a" />
      <TestMethod codeBase="D:\actions-runner\_work\XPCO\XPCO\Common\VideoOS.IdentityServer.Common\VideoOS.IdentityServer.Common.UnitTests\bin\Debug\net47\VideoOS.IdentityServer.Common.UnitTests.dll" adapterTypeName="executor://mstestadapter/v2" className="VideoOS.IdentityServer.Common.UnitTests.JwtSecurityTokenValidatorWithConfigurationManagerTests" name="ValidateToken_MetaDataLoadDelay_MetadataLoadDelayed" />
    </UnitTest>
    <UnitTest name="HandleException_IdentityServerTokenException_ReturnsTrue" storage="d:\actions-runner\_work\xpco\xpco\common\videoos.identityserver.common\videoos.identityserver.common.unittests\bin\debug\net47\videoos.identityserver.common.unittests.dll" id="78041a23-7bf7-db78-694f-dcf00358b174">
      <Execution id="b0e9c924-8bcc-4cad-8ff8-a1bd250c0b02" />
      <TestMethod codeBase="D:\actions-runner\_work\XPCO\XPCO\Common\VideoOS.IdentityServer.Common\VideoOS.IdentityServer.Common.UnitTests\bin\Debug\net47\VideoOS.IdentityServer.Common.UnitTests.dll" adapterTypeName="executor://mstestadapter/v2" className="VideoOS.IdentityServer.Common.UnitTests.Utilities.ServerValidation.IdpExceptionHandlerTests" name="HandleException_IdentityServerTokenException_ReturnsTrue" />
    </UnitTest>
    <UnitTest name="ValidateToken_SignatureKeyNotFoundMinimumRefreshIntervalNotReached_RefreshNotRequested" storage="d:\actions-runner\_work\xpco\xpco\common\videoos.identityserver.common\videoos.identityserver.common.unittests\bin\debug\net47\videoos.identityserver.common.unittests.dll" id="0d4bd5fb-a3e0-f3c1-4f95-139d2488ddad">
      <Execution id="63dde811-d430-4faa-a066-f3c5308a367e" />
      <TestMethod codeBase="D:\actions-runner\_work\XPCO\XPCO\Common\VideoOS.IdentityServer.Common\VideoOS.IdentityServer.Common.UnitTests\bin\Debug\net47\VideoOS.IdentityServer.Common.UnitTests.dll" adapterTypeName="executor://mstestadapter/v2" className="VideoOS.IdentityServer.Common.UnitTests.JwtSecurityTokenValidatorWithConfigurationManagerTests" name="ValidateToken_SignatureKeyNotFoundMinimumRefreshIntervalNotReached_RefreshNotRequested" />
    </UnitTest>
    <UnitTest name="UpdateUser_AccessTokenIsNull_ThrowArgumentException" storage="d:\actions-runner\_work\xpco\xpco\common\videoos.identityserver.common\videoos.identityserver.common.unittests\bin\debug\net47\videoos.identityserver.common.unittests.dll" id="4ea55908-c33e-986a-f384-035f1ba3fbff">
      <Execution id="c0d1d9d5-2cf3-4f14-a24b-70e8c585237e" />
      <TestMethod codeBase="D:\actions-runner\_work\XPCO\XPCO\Common\VideoOS.IdentityServer.Common\VideoOS.IdentityServer.Common.UnitTests\bin\Debug\net47\VideoOS.IdentityServer.Common.UnitTests.dll" adapterTypeName="executor://mstestadapter/v2" className="VideoOS.IdentityServer.Common.UnitTests.Services.IdpAdministrationClientTests" name="UpdateUser_AccessTokenIsNull_ThrowArgumentException" />
    </UnitTest>
    <UnitTest name="GetAsync_CallCancelled_OperationCanceledException" storage="d:\actions-runner\_work\xpco\xpco\common\videoos.identityserver.common\videoos.identityserver.common.unittests\bin\debug\net47\videoos.identityserver.common.unittests.dll" id="cac73a53-b4ae-6c1b-3bae-7a153785b4c5">
      <Execution id="0f2f1efe-1699-4c60-88d5-476fad3072e1" />
      <TestMethod codeBase="D:\actions-runner\_work\XPCO\XPCO\Common\VideoOS.IdentityServer.Common\VideoOS.IdentityServer.Common.UnitTests\bin\Debug\net47\VideoOS.IdentityServer.Common.UnitTests.dll" adapterTypeName="executor://mstestadapter/v2" className="VideoOS.IdentityServer.Common.UnitTests.DiscoveryClientTests" name="GetAsync_CallCancelled_OperationCanceledException" />
    </UnitTest>
    <UnitTest name="SendRequest_ResponseHasBadStatusCode_ThrowIdpException (HttpVersionNotSupported)" storage="d:\actions-runner\_work\xpco\xpco\common\videoos.identityserver.common\videoos.identityserver.common.unittests\bin\debug\net47\videoos.identityserver.common.unittests.dll" id="d176d0bf-5559-b755-c69c-09a2d4950528">
      <Execution id="9c600414-85cc-48d0-8c87-ad6f7d04d6e3" />
      <TestMethod codeBase="D:\actions-runner\_work\XPCO\XPCO\Common\VideoOS.IdentityServer.Common\VideoOS.IdentityServer.Common.UnitTests\bin\Debug\net47\VideoOS.IdentityServer.Common.UnitTests.dll" adapterTypeName="executor://mstestadapter/v2" className="VideoOS.IdentityServer.Common.UnitTests.IdpClientBaseTests" name="SendRequest_ResponseHasBadStatusCode_ThrowIdpException" />
    </UnitTest>
    <UnitTest name="GetClaimValue_IdTokenRetrieved_ClaimNotThere_ReturnsNull" storage="d:\actions-runner\_work\xpco\xpco\common\videoos.identityserver.common\videoos.identityserver.common.unittests\bin\debug\net47\videoos.identityserver.common.unittests.dll" id="7a8926d4-b9a3-8330-c659-fa45110afd0c">
      <Execution id="31bd8b90-2131-49b7-af4e-09f017d7fb74" />
      <TestMethod codeBase="D:\actions-runner\_work\XPCO\XPCO\Common\VideoOS.IdentityServer.Common\VideoOS.IdentityServer.Common.UnitTests\bin\Debug\net47\VideoOS.IdentityServer.Common.UnitTests.dll" adapterTypeName="executor://mstestadapter/v2" className="VideoOS.IdentityServer.Common.UnitTests.Handlers.TokenCacheTests" name="GetClaimValue_IdTokenRetrieved_ClaimNotThere_ReturnsNull" />
    </UnitTest>
    <UnitTest name="Dispose_IDisposableTokenHandler_Success" storage="d:\actions-runner\_work\xpco\xpco\common\videoos.identityserver.common\videoos.identityserver.common.unittests\bin\debug\net47\videoos.identityserver.common.unittests.dll" id="edadc8c2-2e6c-d240-0235-8c3d78f18004">
      <Execution id="82ca231d-db31-4ca6-8282-7e2a73554cb3" />
      <TestMethod codeBase="D:\actions-runner\_work\XPCO\XPCO\Common\VideoOS.IdentityServer.Common\VideoOS.IdentityServer.Common.UnitTests\bin\Debug\net47\VideoOS.IdentityServer.Common.UnitTests.dll" adapterTypeName="executor://mstestadapter/v2" className="VideoOS.IdentityServer.Common.UnitTests.Handlers.IdentityServerToken.SimpleTokenCacheTests" name="Dispose_IDisposableTokenHandler_Success" />
    </UnitTest>
    <UnitTest name="TokenCache_Constructor_Secret_ArgumentNullException" storage="d:\actions-runner\_work\xpco\xpco\common\videoos.identityserver.common\videoos.identityserver.common.unittests\bin\debug\net47\videoos.identityserver.common.unittests.dll" id="ebe888ba-3631-12b0-9554-250fe8da03f0">
      <Execution id="b4e39742-333b-48c2-a0e0-067f7a5a3b9c" />
      <TestMethod codeBase="D:\actions-runner\_work\XPCO\XPCO\Common\VideoOS.IdentityServer.Common\VideoOS.IdentityServer.Common.UnitTests\bin\Debug\net47\VideoOS.IdentityServer.Common.UnitTests.dll" adapterTypeName="executor://mstestadapter/v2" className="VideoOS.IdentityServer.Common.UnitTests.Handlers.TokenCacheTests" name="TokenCache_Constructor_Secret_ArgumentNullException" />
    </UnitTest>
    <UnitTest name="GetAsync_MultipleSuccessfulResponses_FirstIsReturned" storage="d:\actions-runner\_work\xpco\xpco\common\videoos.identityserver.common\videoos.identityserver.common.unittests\bin\debug\net47\videoos.identityserver.common.unittests.dll" id="723220bc-f6bc-2344-fd48-d0edbe583623">
      <Execution id="14e3b3f1-7060-4e8b-abf3-d7c0993878a8" />
      <TestMethod codeBase="D:\actions-runner\_work\XPCO\XPCO\Common\VideoOS.IdentityServer.Common\VideoOS.IdentityServer.Common.UnitTests\bin\Debug\net47\VideoOS.IdentityServer.Common.UnitTests.dll" adapterTypeName="executor://mstestadapter/v2" className="VideoOS.IdentityServer.Common.UnitTests.DiscoveryClientTests" name="GetAsync_MultipleSuccessfulResponses_FirstIsReturned" />
    </UnitTest>
    <UnitTest name="ValidateIdpServer_SimulateInvalidResponseFromOAuthServer_UnsecureIdpNotAvailable_SecureIdpAvailable_InvalidCertificate" storage="d:\actions-runner\_work\xpco\xpco\common\videoos.identityserver.common\videoos.identityserver.common.unittests\bin\debug\net47\videoos.identityserver.common.unittests.dll" id="52f18a4a-df7a-b0a9-8294-4256ba81d7da">
      <Execution id="378a102e-10d9-4110-bff2-e1ce1ca7eac3" />
      <TestMethod codeBase="D:\actions-runner\_work\XPCO\XPCO\Common\VideoOS.IdentityServer.Common\VideoOS.IdentityServer.Common.UnitTests\bin\Debug\net47\VideoOS.IdentityServer.Common.UnitTests.dll" adapterTypeName="executor://mstestadapter/v2" className="VideoOS.IdentityServer.Common.UnitTests.IdpServerValidationTests" name="ValidateIdpServer_SimulateInvalidResponseFromOAuthServer_UnsecureIdpNotAvailable_SecureIdpAvailable_InvalidCertificate" />
    </UnitTest>
    <UnitTest name="GetUsersAfterModifiedDate_AccessTokenNullWithDateTimeNow_ThrowsArgumentException" storage="d:\actions-runner\_work\xpco\xpco\common\videoos.identityserver.common\videoos.identityserver.common.unittests\bin\debug\net47\videoos.identityserver.common.unittests.dll" id="b357bd63-2bfe-e360-123f-216e041a66f7">
      <Execution id="18016eaf-9979-4587-b743-af6540040510" />
      <TestMethod codeBase="D:\actions-runner\_work\XPCO\XPCO\Common\VideoOS.IdentityServer.Common\VideoOS.IdentityServer.Common.UnitTests\bin\Debug\net47\VideoOS.IdentityServer.Common.UnitTests.dll" adapterTypeName="executor://mstestadapter/v2" className="VideoOS.IdentityServer.Common.UnitTests.Services.IdpAdministrationClientTests" name="GetUsersAfterModifiedDate_AccessTokenNullWithDateTimeNow_ThrowsArgumentException" />
    </UnitTest>
    <UnitTest name="Constructor_NullHttpClient_ThrowArgumentNullException" storage="d:\actions-runner\_work\xpco\xpco\common\videoos.identityserver.common\videoos.identityserver.common.unittests\bin\debug\net47\videoos.identityserver.common.unittests.dll" id="f6233300-4bb5-ebc3-fb67-68daee71e649">
      <Execution id="dcc07a84-3e45-4910-aaea-b1880170ca1a" />
      <TestMethod codeBase="D:\actions-runner\_work\XPCO\XPCO\Common\VideoOS.IdentityServer.Common\VideoOS.IdentityServer.Common.UnitTests\bin\Debug\net47\VideoOS.IdentityServer.Common.UnitTests.dll" adapterTypeName="executor://mstestadapter/v2" className="VideoOS.IdentityServer.Common.UnitTests.ExchangeTokenHandlerTests" name="Constructor_NullHttpClient_ThrowArgumentNullException" />
    </UnitTest>
    <UnitTest name="GetAsync_AllCallsFailed_DiscoveryResponsesForAll" storage="d:\actions-runner\_work\xpco\xpco\common\videoos.identityserver.common\videoos.identityserver.common.unittests\bin\debug\net47\videoos.identityserver.common.unittests.dll" id="5e0c0b16-1156-1376-f6f0-3908d3a2cb3b">
      <Execution id="a44f5a4b-2450-43ac-917d-cba83fe442a6" />
      <TestMethod codeBase="D:\actions-runner\_work\XPCO\XPCO\Common\VideoOS.IdentityServer.Common\VideoOS.IdentityServer.Common.UnitTests\bin\Debug\net47\VideoOS.IdentityServer.Common.UnitTests.dll" adapterTypeName="executor://mstestadapter/v2" className="VideoOS.IdentityServer.Common.UnitTests.DiscoveryClientTests" name="GetAsync_AllCallsFailed_DiscoveryResponsesForAll" />
    </UnitTest>
    <UnitTest name="GetUsersAfterModifiedDate_UnixTimeIsSet_UriQueryContainsTheFilter" storage="d:\actions-runner\_work\xpco\xpco\common\videoos.identityserver.common\videoos.identityserver.common.unittests\bin\debug\net47\videoos.identityserver.common.unittests.dll" id="dda37eb5-3275-a6a0-766a-62d2bf0b35ac">
      <Execution id="9fe126fd-0ad8-4eb4-9398-861d8fd00391" />
      <TestMethod codeBase="D:\actions-runner\_work\XPCO\XPCO\Common\VideoOS.IdentityServer.Common\VideoOS.IdentityServer.Common.UnitTests\bin\Debug\net47\VideoOS.IdentityServer.Common.UnitTests.dll" adapterTypeName="executor://mstestadapter/v2" className="VideoOS.IdentityServer.Common.UnitTests.Services.IdpAdministrationClientTests" name="GetUsersAfterModifiedDate_UnixTimeIsSet_UriQueryContainsTheFilter" />
    </UnitTest>
    <UnitTest name="Authenticate_AuthHeaderIsMalformed_ReturnNull" storage="d:\actions-runner\_work\xpco\xpco\common\videoos.identityserver.common\videoos.identityserver.common.unittests\bin\debug\net47\videoos.identityserver.common.unittests.dll" id="2b021d7e-c76f-2f26-bc24-23b377698977">
      <Execution id="67cdead3-f715-4b1f-83d3-1a5f29a4304d" />
      <TestMethod codeBase="D:\actions-runner\_work\XPCO\XPCO\Common\VideoOS.IdentityServer.Common\VideoOS.IdentityServer.Common.UnitTests\bin\Debug\net47\VideoOS.IdentityServer.Common.UnitTests.dll" adapterTypeName="executor://mstestadapter/v2" className="VideoOS.IdentityServer.Common.UnitTests.ServiceModel.OpenIdClaimsAuthenticationManagerTests" name="Authenticate_AuthHeaderIsMalformed_ReturnNull" />
    </UnitTest>
    <UnitTest name="CreateUserCollection_AccessTokenIsNull_ThrowArgumentException" storage="d:\actions-runner\_work\xpco\xpco\common\videoos.identityserver.common\videoos.identityserver.common.unittests\bin\debug\net47\videoos.identityserver.common.unittests.dll" id="d3545ea5-dab7-481a-2ef9-e3a4a28edd41">
      <Execution id="1e57025e-a490-42bb-b674-3c963d315e83" />
      <TestMethod codeBase="D:\actions-runner\_work\XPCO\XPCO\Common\VideoOS.IdentityServer.Common\VideoOS.IdentityServer.Common.UnitTests\bin\Debug\net47\VideoOS.IdentityServer.Common.UnitTests.dll" adapterTypeName="executor://mstestadapter/v2" className="VideoOS.IdentityServer.Common.UnitTests.Services.IdpAdministrationClientTests" name="CreateUserCollection_AccessTokenIsNull_ThrowArgumentException" />
    </UnitTest>
    <UnitTest name="GetUserCollection_ResponseHasSuccessfulStatusCode_CorrectRequestUriIsPassedAndUsersAreReturned" storage="d:\actions-runner\_work\xpco\xpco\common\videoos.identityserver.common\videoos.identityserver.common.unittests\bin\debug\net47\videoos.identityserver.common.unittests.dll" id="d807db37-04e4-3703-28e1-c5c109b432e1">
      <Execution id="112cd1e8-e0cf-480d-adcf-41aa0c1d9f07" />
      <TestMethod codeBase="D:\actions-runner\_work\XPCO\XPCO\Common\VideoOS.IdentityServer.Common\VideoOS.IdentityServer.Common.UnitTests\bin\Debug\net47\VideoOS.IdentityServer.Common.UnitTests.dll" adapterTypeName="executor://mstestadapter/v2" className="VideoOS.IdentityServer.Common.UnitTests.Services.IdpAdministrationClientTests" name="GetUserCollection_ResponseHasSuccessfulStatusCode_CorrectRequestUriIsPassedAndUsersAreReturned" />
    </UnitTest>
    <UnitTest name="RegisterAuthorizationCodeClient_RedirectUrisIsEmpty_ThrowArgumentException" storage="d:\actions-runner\_work\xpco\xpco\common\videoos.identityserver.common\videoos.identityserver.common.unittests\bin\debug\net47\videoos.identityserver.common.unittests.dll" id="aac9aae4-033c-5a4d-bf6f-6c295840a3fd">
      <Execution id="88480022-a5c0-4d58-91dc-cee86e1a988a" />
      <TestMethod codeBase="D:\actions-runner\_work\XPCO\XPCO\Common\VideoOS.IdentityServer.Common\VideoOS.IdentityServer.Common.UnitTests\bin\Debug\net47\VideoOS.IdentityServer.Common.UnitTests.dll" adapterTypeName="executor://mstestadapter/v2" className="VideoOS.IdentityServer.Common.UnitTests.IdpRegistrationClientTests" name="RegisterAuthorizationCodeClient_RedirectUrisIsEmpty_ThrowArgumentException" />
    </UnitTest>
    <UnitTest name="RegisterClient_ScopesAreNull_ThrowArgumentNullException" storage="d:\actions-runner\_work\xpco\xpco\common\videoos.identityserver.common\videoos.identityserver.common.unittests\bin\debug\net47\videoos.identityserver.common.unittests.dll" id="2c3c5b9a-85d3-0ea3-3ec1-f527226951f2">
      <Execution id="3de7a715-e9a9-48d1-8c5b-d80b8ed98578" />
      <TestMethod codeBase="D:\actions-runner\_work\XPCO\XPCO\Common\VideoOS.IdentityServer.Common\VideoOS.IdentityServer.Common.UnitTests\bin\Debug\net47\VideoOS.IdentityServer.Common.UnitTests.dll" adapterTypeName="executor://mstestadapter/v2" className="VideoOS.IdentityServer.Common.UnitTests.IdpRegistrationClientTests" name="RegisterClient_ScopesAreNull_ThrowArgumentNullException" />
    </UnitTest>
    <UnitTest name="Constructor_SecretIsNull_ThrowArgumentNullException" storage="d:\actions-runner\_work\xpco\xpco\common\videoos.identityserver.common\videoos.identityserver.common.unittests\bin\debug\net47\videoos.identityserver.common.unittests.dll" id="17a16fc5-4fe6-49ea-a991-631fada3d645">
      <Execution id="257eaaa9-7a5f-40cc-b40e-672e4e143bf6" />
      <TestMethod codeBase="D:\actions-runner\_work\XPCO\XPCO\Common\VideoOS.IdentityServer.Common\VideoOS.IdentityServer.Common.UnitTests\bin\Debug\net47\VideoOS.IdentityServer.Common.UnitTests.dll" adapterTypeName="executor://mstestadapter/v2" className="VideoOS.IdentityServer.Common.UnitTests.IdentityServerTokenHandlerTests" name="Constructor_SecretIsNull_ThrowArgumentNullException" />
    </UnitTest>
    <UnitTest name="BuildFullUri_HasNullPart_ThrowsArgumentException" storage="d:\actions-runner\_work\xpco\xpco\common\videoos.identityserver.common\videoos.identityserver.common.unittests\bin\debug\net47\videoos.identityserver.common.unittests.dll" id="82b44982-47bf-5402-bc06-46a13615b67f">
      <Execution id="beee9336-df43-41c6-80d6-b71ba1bf3cf3" />
      <TestMethod codeBase="D:\actions-runner\_work\XPCO\XPCO\Common\VideoOS.IdentityServer.Common\VideoOS.IdentityServer.Common.UnitTests\bin\Debug\net47\VideoOS.IdentityServer.Common.UnitTests.dll" adapterTypeName="executor://mstestadapter/v2" className="VideoOS.IdentityServer.Common.UnitTests.IdpClientBaseTests" name="BuildFullUri_HasNullPart_ThrowsArgumentException" />
    </UnitTest>
    <UnitTest name="BeforeSendRequest_ThrowsHttpRequestExceptionWithWebException_ThrowsCommunicationException (RequestCanceled)" storage="d:\actions-runner\_work\xpco\xpco\common\videoos.identityserver.common\videoos.identityserver.common.unittests\bin\debug\net47\videoos.identityserver.common.unittests.dll" id="e870aa90-2e02-5dba-b8c8-beea96026546">
      <Execution id="a635559f-fab5-408b-a148-826a1e1cc478" />
      <TestMethod codeBase="D:\actions-runner\_work\XPCO\XPCO\Common\VideoOS.IdentityServer.Common\VideoOS.IdentityServer.Common.UnitTests\bin\Debug\net47\VideoOS.IdentityServer.Common.UnitTests.dll" adapterTypeName="executor://mstestadapter/v2" className="VideoOS.IdentityServer.Common.UnitTests.ServiceModel.BearerAuthorizationHeaderInspectorTests" name="BeforeSendRequest_ThrowsHttpRequestExceptionWithWebException_ThrowsCommunicationException" />
    </UnitTest>
    <UnitTest name="SendRequest_ResponseHasBadStatusCode_ThrowIdpException (PaymentRequired)" storage="d:\actions-runner\_work\xpco\xpco\common\videoos.identityserver.common\videoos.identityserver.common.unittests\bin\debug\net47\videoos.identityserver.common.unittests.dll" id="1cd4fe94-7bb9-0d0d-a095-b6d8dbddc0b6">
      <Execution id="37e53eb9-506d-4288-9b09-b8e4bab1c868" />
      <TestMethod codeBase="D:\actions-runner\_work\XPCO\XPCO\Common\VideoOS.IdentityServer.Common\VideoOS.IdentityServer.Common.UnitTests\bin\Debug\net47\VideoOS.IdentityServer.Common.UnitTests.dll" adapterTypeName="executor://mstestadapter/v2" className="VideoOS.IdentityServer.Common.UnitTests.IdpClientBaseTests" name="SendRequest_ResponseHasBadStatusCode_ThrowIdpException" />
    </UnitTest>
    <UnitTest name="CreateException_InvalidCredentials_Is_ChangePasswordException" storage="d:\actions-runner\_work\xpco\xpco\common\videoos.identityserver.common\videoos.identityserver.common.unittests\bin\debug\net47\videoos.identityserver.common.unittests.dll" id="ee1e7c2b-0cb3-69aa-1c3e-150a4187ed3e">
      <Execution id="1ed1853b-8527-4515-83f9-29578c90f055" />
      <TestMethod codeBase="D:\actions-runner\_work\XPCO\XPCO\Common\VideoOS.IdentityServer.Common\VideoOS.IdentityServer.Common.UnitTests\bin\Debug\net47\VideoOS.IdentityServer.Common.UnitTests.dll" adapterTypeName="executor://mstestadapter/v2" className="VideoOS.IdentityServer.Common.UnitTests.Exceptions.IdpExceptionFactoryTests" name="CreateException_InvalidCredentials_Is_ChangePasswordException" />
    </UnitTest>
    <UnitTest name="UpdateTrustedIssuers_ResponseHasSuccessfulStatusCode_CorrectRequestUriIsPassed" storage="d:\actions-runner\_work\xpco\xpco\common\videoos.identityserver.common\videoos.identityserver.common.unittests\bin\debug\net47\videoos.identityserver.common.unittests.dll" id="4618c648-90e2-3a1c-2996-abab9470f68d">
      <Execution id="6ef94f05-afb5-4d3c-9361-7b9500c76025" />
      <TestMethod codeBase="D:\actions-runner\_work\XPCO\XPCO\Common\VideoOS.IdentityServer.Common\VideoOS.IdentityServer.Common.UnitTests\bin\Debug\net47\VideoOS.IdentityServer.Common.UnitTests.dll" adapterTypeName="executor://mstestadapter/v2" className="VideoOS.IdentityServer.Common.UnitTests.Services.IdpAdministrationClientTests" name="UpdateTrustedIssuers_ResponseHasSuccessfulStatusCode_CorrectRequestUriIsPassed" />
    </UnitTest>
    <UnitTest name="RegisterAuthorizationCodeClientWithToken_ClientIdIsNull_ThrowArgumentException" storage="d:\actions-runner\_work\xpco\xpco\common\videoos.identityserver.common\videoos.identityserver.common.unittests\bin\debug\net47\videoos.identityserver.common.unittests.dll" id="5350274c-91fb-610e-856e-3415f7a1fa83">
      <Execution id="d51d9b09-c444-483d-b120-f255e85a0f71" />
      <TestMethod codeBase="D:\actions-runner\_work\XPCO\XPCO\Common\VideoOS.IdentityServer.Common\VideoOS.IdentityServer.Common.UnitTests\bin\Debug\net47\VideoOS.IdentityServer.Common.UnitTests.dll" adapterTypeName="executor://mstestadapter/v2" className="VideoOS.IdentityServer.Common.UnitTests.IdpRegistrationClientTests" name="RegisterAuthorizationCodeClientWithToken_ClientIdIsNull_ThrowArgumentException" />
    </UnitTest>
    <UnitTest name="GetTokenResponseAsync_TokenResponseIsReturned" storage="d:\actions-runner\_work\xpco\xpco\common\videoos.identityserver.common\videoos.identityserver.common.unittests\bin\debug\net47\videoos.identityserver.common.unittests.dll" id="87c632ab-1f7d-93ea-f769-4737e54aa158">
      <Execution id="d3a8194b-56df-4b96-8b09-7e30314360ff" />
      <TestMethod codeBase="D:\actions-runner\_work\XPCO\XPCO\Common\VideoOS.IdentityServer.Common\VideoOS.IdentityServer.Common.UnitTests\bin\Debug\net47\VideoOS.IdentityServer.Common.UnitTests.dll" adapterTypeName="executor://mstestadapter/v2" className="VideoOS.IdentityServer.Common.UnitTests.ExchangeTokenHandlerTests" name="GetTokenResponseAsync_TokenResponseIsReturned" />
    </UnitTest>
    <UnitTest name="UpdateUser_IdIsNull_ThrowArgumentException" storage="d:\actions-runner\_work\xpco\xpco\common\videoos.identityserver.common\videoos.identityserver.common.unittests\bin\debug\net47\videoos.identityserver.common.unittests.dll" id="e7af6fc8-165d-9f9b-7acd-68ce9f4566a5">
      <Execution id="fb49d354-bed0-4c61-a4a8-377cc9947616" />
      <TestMethod codeBase="D:\actions-runner\_work\XPCO\XPCO\Common\VideoOS.IdentityServer.Common\VideoOS.IdentityServer.Common.UnitTests\bin\Debug\net47\VideoOS.IdentityServer.Common.UnitTests.dll" adapterTypeName="executor://mstestadapter/v2" className="VideoOS.IdentityServer.Common.UnitTests.Services.IdpAdministrationClientTests" name="UpdateUser_IdIsNull_ThrowArgumentException" />
    </UnitTest>
    <UnitTest name="Ctor_IOpenIdTokenHandlerIsNull_ThrowsArgumentNullException" storage="d:\actions-runner\_work\xpco\xpco\common\videoos.identityserver.common\videoos.identityserver.common.unittests\bin\debug\net47\videoos.identityserver.common.unittests.dll" id="270700fa-e78d-d8e5-7de5-4325952fbc65">
      <Execution id="6f5d825c-cbcb-437e-8c37-9fa5400f9c57" />
      <TestMethod codeBase="D:\actions-runner\_work\XPCO\XPCO\Common\VideoOS.IdentityServer.Common\VideoOS.IdentityServer.Common.UnitTests\bin\Debug\net47\VideoOS.IdentityServer.Common.UnitTests.dll" adapterTypeName="executor://mstestadapter/v2" className="VideoOS.IdentityServer.Common.UnitTests.ServiceModel.OpenIdClaimsAuthenticationManagerTests" name="Ctor_IOpenIdTokenHandlerIsNull_ThrowsArgumentNullException" />
    </UnitTest>
    <UnitTest name="ValidateIdpServer_SimulateValidResponseFromOAuthServer_WithValidCertificate_SslVerificationTimesOut" storage="d:\actions-runner\_work\xpco\xpco\common\videoos.identityserver.common\videoos.identityserver.common.unittests\bin\debug\net47\videoos.identityserver.common.unittests.dll" id="026a0bc2-d18b-aab5-abeb-9318d37dfa38">
      <Execution id="06fefec0-f7fd-4153-9393-03f4d17eac59" />
      <TestMethod codeBase="D:\actions-runner\_work\XPCO\XPCO\Common\VideoOS.IdentityServer.Common\VideoOS.IdentityServer.Common.UnitTests\bin\Debug\net47\VideoOS.IdentityServer.Common.UnitTests.dll" adapterTypeName="executor://mstestadapter/v2" className="VideoOS.IdentityServer.Common.UnitTests.IdpServerValidationTests" name="ValidateIdpServer_SimulateValidResponseFromOAuthServer_WithValidCertificate_SslVerificationTimesOut" />
    </UnitTest>
    <UnitTest name="SendRequest_ResponseHasBadStatusCode_ThrowIdpException (RequestEntityTooLarge)" storage="d:\actions-runner\_work\xpco\xpco\common\videoos.identityserver.common\videoos.identityserver.common.unittests\bin\debug\net47\videoos.identityserver.common.unittests.dll" id="1155d7e4-ae1c-c9f6-e196-ad7112467825">
      <Execution id="594088ee-5b24-49c9-8deb-bb2c92773365" />
      <TestMethod codeBase="D:\actions-runner\_work\XPCO\XPCO\Common\VideoOS.IdentityServer.Common\VideoOS.IdentityServer.Common.UnitTests\bin\Debug\net47\VideoOS.IdentityServer.Common.UnitTests.dll" adapterTypeName="executor://mstestadapter/v2" className="VideoOS.IdentityServer.Common.UnitTests.IdpClientBaseTests" name="SendRequest_ResponseHasBadStatusCode_ThrowIdpException" />
    </UnitTest>
    <UnitTest name="DeleteUser_ParameterIsNull_ThrowArgumentException (,abc)" storage="d:\actions-runner\_work\xpco\xpco\common\videoos.identityserver.common\videoos.identityserver.common.unittests\bin\debug\net47\videoos.identityserver.common.unittests.dll" id="da2a4482-8679-bf21-379a-ba675bbae9ad">
      <Execution id="f6f7a732-aacf-4656-a1a6-7d5a747deb6c" />
      <TestMethod codeBase="D:\actions-runner\_work\XPCO\XPCO\Common\VideoOS.IdentityServer.Common\VideoOS.IdentityServer.Common.UnitTests\bin\Debug\net47\VideoOS.IdentityServer.Common.UnitTests.dll" adapterTypeName="executor://mstestadapter/v2" className="VideoOS.IdentityServer.Common.UnitTests.Services.IdpAdministrationClientTests" name="DeleteUser_ParameterIsNull_ThrowArgumentException" />
    </UnitTest>
    <UnitTest name="HasValidScheme_UriIsHttp_ReturnsTrue" storage="d:\actions-runner\_work\xpco\xpco\common\videoos.identityserver.common\videoos.identityserver.common.unittests\bin\debug\net47\videoos.identityserver.common.unittests.dll" id="a844f451-0f87-c9e5-8ca9-902b45b90314">
      <Execution id="b9ce964a-61bc-4ceb-96f8-84925ccb50af" />
      <TestMethod codeBase="D:\actions-runner\_work\XPCO\XPCO\Common\VideoOS.IdentityServer.Common\VideoOS.IdentityServer.Common.UnitTests\bin\Debug\net47\VideoOS.IdentityServer.Common.UnitTests.dll" adapterTypeName="executor://mstestadapter/v2" className="VideoOS.IdentityServer.Common.UnitTests.Utilities.ServerValidation.UriExtenderTests" name="HasValidScheme_UriIsHttp_ReturnsTrue" />
    </UnitTest>
    <UnitTest name="CreateException_PasswordRequiresUniqueChars_Is_PasswordNotComplexEnoughException" storage="d:\actions-runner\_work\xpco\xpco\common\videoos.identityserver.common\videoos.identityserver.common.unittests\bin\debug\net47\videoos.identityserver.common.unittests.dll" id="6aef1b61-0dc3-b6ce-7dbd-e4e62a370ac5">
      <Execution id="55039c1a-f817-4e09-8884-5edfb5937d65" />
      <TestMethod codeBase="D:\actions-runner\_work\XPCO\XPCO\Common\VideoOS.IdentityServer.Common\VideoOS.IdentityServer.Common.UnitTests\bin\Debug\net47\VideoOS.IdentityServer.Common.UnitTests.dll" adapterTypeName="executor://mstestadapter/v2" className="VideoOS.IdentityServer.Common.UnitTests.Exceptions.IdpExceptionFactoryTests" name="CreateException_PasswordRequiresUniqueChars_Is_PasswordNotComplexEnoughException" />
    </UnitTest>
    <UnitTest name="BuildFullUri_HasUnencodedParts_PartsAreEncoded (a b c,/a)" storage="d:\actions-runner\_work\xpco\xpco\common\videoos.identityserver.common\videoos.identityserver.common.unittests\bin\debug\net47\videoos.identityserver.common.unittests.dll" id="18d1d3c3-df4e-6919-02e8-0460c923b1d0">
      <Execution id="b05d2061-21f3-4dc8-810f-138db66729e3" />
      <TestMethod codeBase="D:\actions-runner\_work\XPCO\XPCO\Common\VideoOS.IdentityServer.Common\VideoOS.IdentityServer.Common.UnitTests\bin\Debug\net47\VideoOS.IdentityServer.Common.UnitTests.dll" adapterTypeName="executor://mstestadapter/v2" className="VideoOS.IdentityServer.Common.UnitTests.IdpClientBaseTests" name="BuildFullUri_HasUnencodedParts_PartsAreEncoded" />
    </UnitTest>
    <UnitTest name="Authenticate_AuthHeaderIsNotPresent_ReturnNull" storage="d:\actions-runner\_work\xpco\xpco\common\videoos.identityserver.common\videoos.identityserver.common.unittests\bin\debug\net47\videoos.identityserver.common.unittests.dll" id="faab56b6-f448-562a-00cf-747e8f2205fc">
      <Execution id="25da1f34-5beb-4566-8879-ff35a2339685" />
      <TestMethod codeBase="D:\actions-runner\_work\XPCO\XPCO\Common\VideoOS.IdentityServer.Common\VideoOS.IdentityServer.Common.UnitTests\bin\Debug\net47\VideoOS.IdentityServer.Common.UnitTests.dll" adapterTypeName="executor://mstestadapter/v2" className="VideoOS.IdentityServer.Common.UnitTests.ServiceModel.OpenIdClaimsAuthenticationManagerTests" name="Authenticate_AuthHeaderIsNotPresent_ReturnNull" />
    </UnitTest>
    <UnitTest name="Start_StopTimerCalled_Success" storage="d:\actions-runner\_work\xpco\xpco\common\videoos.identityserver.common\videoos.identityserver.common.unittests\bin\debug\net47\videoos.identityserver.common.unittests.dll" id="09372ef8-08d3-01fe-20c8-b7c4bfe94b6c">
      <Execution id="77419537-377a-426d-a3b9-2fc71c89fdf9" />
      <TestMethod codeBase="D:\actions-runner\_work\XPCO\XPCO\Common\VideoOS.IdentityServer.Common\VideoOS.IdentityServer.Common.UnitTests\bin\Debug\net47\VideoOS.IdentityServer.Common.UnitTests.dll" adapterTypeName="executor://mstestadapter/v2" className="VideoOS.IdentityServer.Common.UnitTests.Handlers.TokenCacheTests" name="Start_StopTimerCalled_Success" />
    </UnitTest>
    <UnitTest name="SendRequest_ResponseHasBadStatusCode_ThrowIdpException (NotImplemented)" storage="d:\actions-runner\_work\xpco\xpco\common\videoos.identityserver.common\videoos.identityserver.common.unittests\bin\debug\net47\videoos.identityserver.common.unittests.dll" id="07860993-0a42-4d7c-0b94-185b0186e197">
      <Execution id="7ce58a43-41a7-42f6-b792-ce517e73b650" />
      <TestMethod codeBase="D:\actions-runner\_work\XPCO\XPCO\Common\VideoOS.IdentityServer.Common\VideoOS.IdentityServer.Common.UnitTests\bin\Debug\net47\VideoOS.IdentityServer.Common.UnitTests.dll" adapterTypeName="executor://mstestadapter/v2" className="VideoOS.IdentityServer.Common.UnitTests.IdpClientBaseTests" name="SendRequest_ResponseHasBadStatusCode_ThrowIdpException" />
    </UnitTest>
    <UnitTest name="DeleteAdmin_ParameterIsNull_ThrowArgumentException (abc,)" storage="d:\actions-runner\_work\xpco\xpco\common\videoos.identityserver.common\videoos.identityserver.common.unittests\bin\debug\net47\videoos.identityserver.common.unittests.dll" id="d0d162e0-a27a-438e-6e3b-3fe15b89c2fa">
      <Execution id="2c1c5bff-ae32-45ab-bb5f-2c93e1922493" />
      <TestMethod codeBase="D:\actions-runner\_work\XPCO\XPCO\Common\VideoOS.IdentityServer.Common\VideoOS.IdentityServer.Common.UnitTests\bin\Debug\net47\VideoOS.IdentityServer.Common.UnitTests.dll" adapterTypeName="executor://mstestadapter/v2" className="VideoOS.IdentityServer.Common.UnitTests.Services.IdpAdministrationClientTests" name="DeleteAdmin_ParameterIsNull_ThrowArgumentException" />
    </UnitTest>
    <UnitTest name="HandleException_WebException_Status_ConnectionClosed_ReturnsTrue" storage="d:\actions-runner\_work\xpco\xpco\common\videoos.identityserver.common\videoos.identityserver.common.unittests\bin\debug\net47\videoos.identityserver.common.unittests.dll" id="160926a9-6be8-e16e-5ee4-6d69f6901085">
      <Execution id="13f84a57-5191-4b2d-a246-9802320c1673" />
      <TestMethod codeBase="D:\actions-runner\_work\XPCO\XPCO\Common\VideoOS.IdentityServer.Common\VideoOS.IdentityServer.Common.UnitTests\bin\Debug\net47\VideoOS.IdentityServer.Common.UnitTests.dll" adapterTypeName="executor://mstestadapter/v2" className="VideoOS.IdentityServer.Common.UnitTests.Utilities.ServerValidation.IdpExceptionHandlerTests" name="HandleException_WebException_Status_ConnectionClosed_ReturnsTrue" />
    </UnitTest>
    <UnitTest name="CreateException_ArgumentsNotResolved_Is_BadArgumentsException" storage="d:\actions-runner\_work\xpco\xpco\common\videoos.identityserver.common\videoos.identityserver.common.unittests\bin\debug\net47\videoos.identityserver.common.unittests.dll" id="deca3051-566c-ab49-e061-aefe5abff9fe">
      <Execution id="b34f2644-9a91-4484-a1d2-073d5d1cb397" />
      <TestMethod codeBase="D:\actions-runner\_work\XPCO\XPCO\Common\VideoOS.IdentityServer.Common\VideoOS.IdentityServer.Common.UnitTests\bin\Debug\net47\VideoOS.IdentityServer.Common.UnitTests.dll" adapterTypeName="executor://mstestadapter/v2" className="VideoOS.IdentityServer.Common.UnitTests.Exceptions.IdpExceptionFactoryTests" name="CreateException_ArgumentsNotResolved_Is_BadArgumentsException" />
    </UnitTest>
    <UnitTest name="BasicOpenAuthenticationHeaderValue_Constructor_NullPassword" storage="d:\actions-runner\_work\xpco\xpco\common\videoos.identityserver.common\videoos.identityserver.common.unittests\bin\debug\net47\videoos.identityserver.common.unittests.dll" id="a2c96cce-3d64-0619-9c0f-87d54f8eee1b">
      <Execution id="bfe3ea92-6efe-4fc8-a95f-9f95d0774a5d" />
      <TestMethod codeBase="D:\actions-runner\_work\XPCO\XPCO\Common\VideoOS.IdentityServer.Common\VideoOS.IdentityServer.Common.UnitTests\bin\Debug\net47\VideoOS.IdentityServer.Common.UnitTests.dll" adapterTypeName="executor://mstestadapter/v2" className="VideoOS.IdentityServer.Common.UnitTests.BasicOpenAuthenticationHeaderValueTests" name="BasicOpenAuthenticationHeaderValue_Constructor_NullPassword" />
    </UnitTest>
    <UnitTest name="WindowsAuthenticationAsync_StatusCodeOk_TokenResponseWithTokenIsReturned" storage="d:\actions-runner\_work\xpco\xpco\common\videoos.identityserver.common\videoos.identityserver.common.unittests\bin\debug\net47\videoos.identityserver.common.unittests.dll" id="76a3eda6-3598-ebb2-6b10-983e4fde7476">
      <Execution id="73aee4f2-ed75-47db-bad3-84bc14f18f7f" />
      <TestMethod codeBase="D:\actions-runner\_work\XPCO\XPCO\Common\VideoOS.IdentityServer.Common\VideoOS.IdentityServer.Common.UnitTests\bin\Debug\net47\VideoOS.IdentityServer.Common.UnitTests.dll" adapterTypeName="executor://mstestadapter/v2" className="VideoOS.IdentityServer.Common.UnitTests.IdpTokenClientTests" name="WindowsAuthenticationAsync_StatusCodeOk_TokenResponseWithTokenIsReturned" />
    </UnitTest>
    <UnitTest name="Ctor_TypeIsNull_ThrowsArgumentNullException" storage="d:\actions-runner\_work\xpco\xpco\common\videoos.identityserver.common\videoos.identityserver.common.unittests\bin\debug\net47\videoos.identityserver.common.unittests.dll" id="a8bcc73c-dc70-1261-8278-4b0a946db697">
      <Execution id="c70b5aab-3896-4dc2-97a7-065cdf5c684d" />
      <TestMethod codeBase="D:\actions-runner\_work\XPCO\XPCO\Common\VideoOS.IdentityServer.Common\VideoOS.IdentityServer.Common.UnitTests\bin\Debug\net47\VideoOS.IdentityServer.Common.UnitTests.dll" adapterTypeName="executor://mstestadapter/v2" className="VideoOS.IdentityServer.Common.UnitTests.ServiceModel.ClaimRequirementAttributeTests" name="Ctor_TypeIsNull_ThrowsArgumentNullException" />
    </UnitTest>
    <UnitTest name="SendRequest_ResponseHasBadStatusCode_ThrowIdpException (ServiceUnavailable)" storage="d:\actions-runner\_work\xpco\xpco\common\videoos.identityserver.common\videoos.identityserver.common.unittests\bin\debug\net47\videoos.identityserver.common.unittests.dll" id="9574f2b4-908d-7278-b0da-6c84b944cfb6">
      <Execution id="b69b64fa-1019-40e2-929a-39b55cd5683c" />
      <TestMethod codeBase="D:\actions-runner\_work\XPCO\XPCO\Common\VideoOS.IdentityServer.Common\VideoOS.IdentityServer.Common.UnitTests\bin\Debug\net47\VideoOS.IdentityServer.Common.UnitTests.dll" adapterTypeName="executor://mstestadapter/v2" className="VideoOS.IdentityServer.Common.UnitTests.IdpClientBaseTests" name="SendRequest_ResponseHasBadStatusCode_ThrowIdpException" />
    </UnitTest>
    <UnitTest name="CreateLogin_ModelIsNull_ThrowArgumentNullException" storage="d:\actions-runner\_work\xpco\xpco\common\videoos.identityserver.common\videoos.identityserver.common.unittests\bin\debug\net47\videoos.identityserver.common.unittests.dll" id="177f25f3-8788-a5e1-0e06-b7d455065c9f">
      <Execution id="b9316193-5213-4287-b7dd-65d73cb36a14" />
      <TestMethod codeBase="D:\actions-runner\_work\XPCO\XPCO\Common\VideoOS.IdentityServer.Common\VideoOS.IdentityServer.Common.UnitTests\bin\Debug\net47\VideoOS.IdentityServer.Common.UnitTests.dll" adapterTypeName="executor://mstestadapter/v2" className="VideoOS.IdentityServer.Common.UnitTests.Services.IdpAdministrationClientTests" name="CreateLogin_ModelIsNull_ThrowArgumentNullException" />
    </UnitTest>
    <UnitTest name="Start_TimeToTokenExpireUnder5min_TriesToGetNewToken" storage="d:\actions-runner\_work\xpco\xpco\common\videoos.identityserver.common\videoos.identityserver.common.unittests\bin\debug\net47\videoos.identityserver.common.unittests.dll" id="8a9bf480-5820-5db4-cbbc-995cdda4b03b">
      <Execution id="0d70c109-62d6-4051-a693-a59edd06b9b7" />
      <TestMethod codeBase="D:\actions-runner\_work\XPCO\XPCO\Common\VideoOS.IdentityServer.Common\VideoOS.IdentityServer.Common.UnitTests\bin\Debug\net47\VideoOS.IdentityServer.Common.UnitTests.dll" adapterTypeName="executor://mstestadapter/v2" className="VideoOS.IdentityServer.Common.UnitTests.Handlers.IdentityServerToken.SimpleTokenCacheTests" name="Start_TimeToTokenExpireUnder5min_TriesToGetNewToken" />
    </UnitTest>
    <UnitTest name="GetAsync_ErrorTypeAggregateException_ExceptionMessageFromInner" storage="d:\actions-runner\_work\xpco\xpco\common\videoos.identityserver.common\videoos.identityserver.common.unittests\bin\debug\net47\videoos.identityserver.common.unittests.dll" id="3dc13ed3-005d-7721-2c63-eb85486517c8">
      <Execution id="7ab395b6-b1c4-4fbf-b891-332ad5648106" />
      <TestMethod codeBase="D:\actions-runner\_work\XPCO\XPCO\Common\VideoOS.IdentityServer.Common\VideoOS.IdentityServer.Common.UnitTests\bin\Debug\net47\VideoOS.IdentityServer.Common.UnitTests.dll" adapterTypeName="executor://mstestadapter/v2" className="VideoOS.IdentityServer.Common.UnitTests.DiscoveryClientTests" name="GetAsync_ErrorTypeAggregateException_ExceptionMessageFromInner" />
    </UnitTest>
    <UnitTest name="IdpException_ErrorsProperty_IsAccessible" storage="d:\actions-runner\_work\xpco\xpco\common\videoos.identityserver.common\videoos.identityserver.common.unittests\bin\debug\net47\videoos.identityserver.common.unittests.dll" id="151a3939-7178-7ca5-04d5-74b2e2ea473d">
      <Execution id="52dea622-cd15-467f-be6a-7079cea52e3c" />
      <TestMethod codeBase="D:\actions-runner\_work\XPCO\XPCO\Common\VideoOS.IdentityServer.Common\VideoOS.IdentityServer.Common.UnitTests\bin\Debug\net47\VideoOS.IdentityServer.Common.UnitTests.dll" adapterTypeName="executor://mstestadapter/v2" className="VideoOS.IdentityServer.Common.UnitTests.Exceptions.IdpExceptionTests" name="IdpException_ErrorsProperty_IsAccessible" />
    </UnitTest>
    <UnitTest name="GetUserByName_ResponseHasSuccessfulStatusCode_CorrectRequestUriIsPassedAndUserIsReturned" storage="d:\actions-runner\_work\xpco\xpco\common\videoos.identityserver.common\videoos.identityserver.common.unittests\bin\debug\net47\videoos.identityserver.common.unittests.dll" id="99b19e16-f681-5bb0-a837-9febcde3cc8b">
      <Execution id="90ef2428-079c-4522-8c04-67147ca0ff69" />
      <TestMethod codeBase="D:\actions-runner\_work\XPCO\XPCO\Common\VideoOS.IdentityServer.Common\VideoOS.IdentityServer.Common.UnitTests\bin\Debug\net47\VideoOS.IdentityServer.Common.UnitTests.dll" adapterTypeName="executor://mstestadapter/v2" className="VideoOS.IdentityServer.Common.UnitTests.Services.IdpAdministrationClientTests" name="GetUserByName_ResponseHasSuccessfulStatusCode_CorrectRequestUriIsPassedAndUserIsReturned" />
    </UnitTest>
    <UnitTest name="HasValidScheme_UriIsHostName_ReturnsFalse" storage="d:\actions-runner\_work\xpco\xpco\common\videoos.identityserver.common\videoos.identityserver.common.unittests\bin\debug\net47\videoos.identityserver.common.unittests.dll" id="a01ac9ad-250e-dc3d-a656-c7b6a9fad9c5">
      <Execution id="38807edc-c083-4e67-be3d-40796c40694a" />
      <TestMethod codeBase="D:\actions-runner\_work\XPCO\XPCO\Common\VideoOS.IdentityServer.Common\VideoOS.IdentityServer.Common.UnitTests\bin\Debug\net47\VideoOS.IdentityServer.Common.UnitTests.dll" adapterTypeName="executor://mstestadapter/v2" className="VideoOS.IdentityServer.Common.UnitTests.Utilities.ServerValidation.UriExtenderTests" name="HasValidScheme_UriIsHostName_ReturnsFalse" />
    </UnitTest>
    <UnitTest name="CreateException_InvalidUserName_Is_InvalidNameException" storage="d:\actions-runner\_work\xpco\xpco\common\videoos.identityserver.common\videoos.identityserver.common.unittests\bin\debug\net47\videoos.identityserver.common.unittests.dll" id="43ee071b-dfe1-26fb-3267-1ba3aa8a0a7a">
      <Execution id="1b3761ba-9733-4310-82b4-e8f8206aaf46" />
      <TestMethod codeBase="D:\actions-runner\_work\XPCO\XPCO\Common\VideoOS.IdentityServer.Common\VideoOS.IdentityServer.Common.UnitTests\bin\Debug\net47\VideoOS.IdentityServer.Common.UnitTests.dll" adapterTypeName="executor://mstestadapter/v2" className="VideoOS.IdentityServer.Common.UnitTests.Exceptions.IdpExceptionFactoryTests" name="CreateException_InvalidUserName_Is_InvalidNameException" />
    </UnitTest>
    <UnitTest name="GetUsersAfterModifiedDate_AccessTokenNullWithUnixTime_ThrowsArgumentNullException" storage="d:\actions-runner\_work\xpco\xpco\common\videoos.identityserver.common\videoos.identityserver.common.unittests\bin\debug\net47\videoos.identityserver.common.unittests.dll" id="86ac9b82-99af-2131-da6d-99fa4abd32a6">
      <Execution id="9851fba6-30a7-4809-af79-db2b53aa21b3" />
      <TestMethod codeBase="D:\actions-runner\_work\XPCO\XPCO\Common\VideoOS.IdentityServer.Common\VideoOS.IdentityServer.Common.UnitTests\bin\Debug\net47\VideoOS.IdentityServer.Common.UnitTests.dll" adapterTypeName="executor://mstestadapter/v2" className="VideoOS.IdentityServer.Common.UnitTests.Services.IdpAdministrationClientTests" name="GetUsersAfterModifiedDate_AccessTokenNullWithUnixTime_ThrowsArgumentNullException" />
    </UnitTest>
    <UnitTest name="GetAsync_ErrorTypeHttp_DiscoveryResponseIsError" storage="d:\actions-runner\_work\xpco\xpco\common\videoos.identityserver.common\videoos.identityserver.common.unittests\bin\debug\net47\videoos.identityserver.common.unittests.dll" id="f872f45e-56c6-8ff1-732b-a4f3744612ec">
      <Execution id="2937dd1b-bfdc-400d-9007-6f6b0e7db33c" />
      <TestMethod codeBase="D:\actions-runner\_work\XPCO\XPCO\Common\VideoOS.IdentityServer.Common\VideoOS.IdentityServer.Common.UnitTests\bin\Debug\net47\VideoOS.IdentityServer.Common.UnitTests.dll" adapterTypeName="executor://mstestadapter/v2" className="VideoOS.IdentityServer.Common.UnitTests.DiscoveryClientTests" name="GetAsync_ErrorTypeHttp_DiscoveryResponseIsError" />
    </UnitTest>
  </TestDefinitions>
  <TestEntries>
    <TestEntry testId="40fe9f87-53fc-abc6-c420-fc69d725d508" executionId="909cd417-c1ad-4b04-b04a-b926981196fb" testListId="8c84fa94-04c1-424b-9868-57a2d4851a1d" />
    <TestEntry testId="f32bda88-4a09-74c7-2e78-6d8d84420e73" executionId="a237729d-dcb0-4104-b124-44730cd492e2" testListId="8c84fa94-04c1-424b-9868-57a2d4851a1d" />
    <TestEntry testId="885ad0b6-d00e-5dbd-daaf-61bd8cc19071" executionId="9f84e6e5-dd33-41a4-abd7-248a5a9bf788" testListId="8c84fa94-04c1-424b-9868-57a2d4851a1d" />
    <TestEntry testId="c2c2904c-f56a-3663-d545-f06d0f3baf88" executionId="2046162c-7c69-4ef1-9751-e25e3e768c68" testListId="8c84fa94-04c1-424b-9868-57a2d4851a1d" />
    <TestEntry testId="90d13d23-6660-c28a-543b-d374b02dcccb" executionId="5ccef64b-de8a-4853-97b4-1c7e7583098c" testListId="8c84fa94-04c1-424b-9868-57a2d4851a1d" />
    <TestEntry testId="4574fcc8-85dd-4c47-5c3d-12a2d873463b" executionId="8ea1a6c2-3a47-44d9-97cc-1c4200fa9ae1" testListId="8c84fa94-04c1-424b-9868-57a2d4851a1d" />
    <TestEntry testId="0ae882bf-7b3d-9ae3-2fd3-8f4782af29c4" executionId="b3a112e6-f461-44de-852b-73112b35bb89" testListId="8c84fa94-04c1-424b-9868-57a2d4851a1d" />
    <TestEntry testId="0e2095e5-7d8e-1183-e8f6-f216b8006a5b" executionId="cbb05ad0-3eab-43c3-a6c8-252d393e903a" testListId="8c84fa94-04c1-424b-9868-57a2d4851a1d" />
    <TestEntry testId="a01ac9ad-250e-dc3d-a656-c7b6a9fad9c5" executionId="38807edc-c083-4e67-be3d-40796c40694a" testListId="8c84fa94-04c1-424b-9868-57a2d4851a1d" />
    <TestEntry testId="2b02613f-adc7-9ead-fab9-497ce9230752" executionId="03eae5b1-7ffb-4f3d-be70-055accfe7ed9" testListId="8c84fa94-04c1-424b-9868-57a2d4851a1d" />
    <TestEntry testId="93c98b5d-aec7-74de-34c5-6fcc025495ea" executionId="2e4b97ba-cca5-4d1b-9c94-965ebfae5d35" testListId="8c84fa94-04c1-424b-9868-57a2d4851a1d" />
    <TestEntry testId="94828043-c08c-3149-a789-f000eb0ddc6d" executionId="c72b0b0d-25d7-4ce4-a104-5e332815b901" testListId="8c84fa94-04c1-424b-9868-57a2d4851a1d" />
    <TestEntry testId="afabb9a4-988f-5af8-5e0c-adf9e9521a8f" executionId="f67cefe6-6c59-4d37-a137-86b09e94e163" testListId="8c84fa94-04c1-424b-9868-57a2d4851a1d" />
    <TestEntry testId="8a9bf480-5820-5db4-cbbc-995cdda4b03b" executionId="0d70c109-62d6-4051-a693-a59edd06b9b7" testListId="8c84fa94-04c1-424b-9868-57a2d4851a1d" />
    <TestEntry testId="7c241f9b-2b9f-c010-004c-ec717a0175c5" executionId="4d001f42-a6c4-4e8b-b301-0d9713893b00" testListId="8c84fa94-04c1-424b-9868-57a2d4851a1d" />
    <TestEntry testId="b639b5fb-3ef5-2cd9-a90a-017d1638f497" executionId="e404695d-42f9-4f9f-8100-5d57d7396fab" testListId="8c84fa94-04c1-424b-9868-57a2d4851a1d" />
    <TestEntry testId="3622d494-d4b2-e857-f033-1b05e4e716ef" executionId="e5823fc0-f5dc-4c01-84b1-a2e62f0c9db5" testListId="8c84fa94-04c1-424b-9868-57a2d4851a1d" />
    <TestEntry testId="71445656-a9f4-f108-ab88-6f99f9f42b16" executionId="7b3bb1f5-9280-4325-8919-bbd64048bca7" testListId="8c84fa94-04c1-424b-9868-57a2d4851a1d" />
    <TestEntry testId="aa47e31d-c2f6-bb7b-d522-2ea72ad09b0c" executionId="aa71bc5a-e1f4-4908-8367-155d2a5acd59" testListId="8c84fa94-04c1-424b-9868-57a2d4851a1d" />
    <TestEntry testId="0d4bd5fb-a3e0-f3c1-4f95-139d2488ddad" executionId="63dde811-d430-4faa-a066-f3c5308a367e" testListId="8c84fa94-04c1-424b-9868-57a2d4851a1d" />
    <TestEntry testId="c651221e-2e16-748a-beae-063304b5df4f" executionId="72dc7446-8952-4f71-8c07-a28a696a160f" testListId="8c84fa94-04c1-424b-9868-57a2d4851a1d" />
    <TestEntry testId="d41a3cc4-b17c-f696-0087-3606dad36b9b" executionId="eae596cb-4fca-4e97-9d8b-12669549973e" testListId="8c84fa94-04c1-424b-9868-57a2d4851a1d" />
    <TestEntry testId="d5efb860-28fa-be3f-9f7b-507708f7d20d" executionId="02936bf3-5061-489b-ba68-e16d43f06bb4" testListId="8c84fa94-04c1-424b-9868-57a2d4851a1d" />
    <TestEntry testId="20c79940-9719-f9c5-6819-e1e3e40039dc" executionId="24938596-9c42-4201-bd10-4712159d0170" testListId="8c84fa94-04c1-424b-9868-57a2d4851a1d" />
    <TestEntry testId="9aba6afc-33b4-b3ea-f2ba-94221cb99165" executionId="7cd19303-61de-49f2-b273-9cfa0861f27a" testListId="8c84fa94-04c1-424b-9868-57a2d4851a1d" />
    <TestEntry testId="ee4023a9-7ef5-de07-c4fc-93e795d5baa7" executionId="b86445a7-471a-4d7d-9c3d-97f098494b6e" testListId="8c84fa94-04c1-424b-9868-57a2d4851a1d" />
    <TestEntry testId="ebe888ba-3631-12b0-9554-250fe8da03f0" executionId="b4e39742-333b-48c2-a0e0-067f7a5a3b9c" testListId="8c84fa94-04c1-424b-9868-57a2d4851a1d" />
    <TestEntry testId="8acb64df-af33-04f7-00cd-764cd60dcd21" executionId="f260b132-da0b-40b5-97e8-c5acd22d39d1" testListId="8c84fa94-04c1-424b-9868-57a2d4851a1d" />
    <TestEntry testId="2c257caa-63e0-0918-bed2-614d73e7951d" executionId="6eeb83fb-b125-4bfa-a57a-321b05538202" testListId="8c84fa94-04c1-424b-9868-57a2d4851a1d" />
    <TestEntry testId="eecfcbb2-c955-43fc-8e5c-cfc66bc5dfcb" executionId="6627fdab-f5ee-432f-9b13-62dd2a3508f6" testListId="8c84fa94-04c1-424b-9868-57a2d4851a1d" />
    <TestEntry testId="970cd01e-43a8-573f-d6bb-d3e5d63f1935" executionId="c11e3e5c-873d-4f3a-ba77-d0fa999d4a11" testListId="8c84fa94-04c1-424b-9868-57a2d4851a1d" />
    <TestEntry testId="90eefc04-1f04-d44e-931c-bf308a05aad7" executionId="23fca8fc-9cb9-4c34-bf5e-c5fcf84fc7d3" testListId="8c84fa94-04c1-424b-9868-57a2d4851a1d" />
    <TestEntry testId="bef49fa8-35a0-c104-c37a-933b8d6f8b64" executionId="f87f46a5-f256-4d44-b7db-74c3e1d655e7" testListId="8c84fa94-04c1-424b-9868-57a2d4851a1d" />
    <TestEntry testId="87c632ab-1f7d-93ea-f769-4737e54aa158" executionId="d3a8194b-56df-4b96-8b09-7e30314360ff" testListId="8c84fa94-04c1-424b-9868-57a2d4851a1d" />
    <TestEntry testId="4618c648-90e2-3a1c-2996-abab9470f68d" executionId="6ef94f05-afb5-4d3c-9361-7b9500c76025" testListId="8c84fa94-04c1-424b-9868-57a2d4851a1d" />
    <TestEntry testId="feb4fa5e-1e90-63a6-9054-269133b16e54" executionId="a9a13e96-e47f-4154-b40b-2074062ebace" testListId="8c84fa94-04c1-424b-9868-57a2d4851a1d" />
    <TestEntry testId="dec0f944-3e42-30c0-8e32-16b653428b10" executionId="7a3d40da-c845-4420-8c1b-800019c61860" testListId="8c84fa94-04c1-424b-9868-57a2d4851a1d" />
    <TestEntry testId="04ba112f-e345-0314-e5a5-bfdf9ebd97a8" executionId="728e13c4-46d2-4206-979f-213a533ad190" testListId="8c84fa94-04c1-424b-9868-57a2d4851a1d" />
    <TestEntry testId="b8901242-2f26-bc70-f843-5bf9455c7828" executionId="1424b8b8-1d8c-4adf-afb6-e67b1166d5ff" testListId="8c84fa94-04c1-424b-9868-57a2d4851a1d" />
    <TestEntry testId="ee4023a9-7ef5-de07-c4fc-93e795d5baa7" executionId="5b32724f-c259-4178-a83b-ab70598c6f58" testListId="8c84fa94-04c1-424b-9868-57a2d4851a1d" />
    <TestEntry testId="d466e244-c3ed-547f-7f11-f1da74ff69ab" executionId="0caa8d2f-474d-4d94-a535-26c7fb4b0be0" testListId="8c84fa94-04c1-424b-9868-57a2d4851a1d" />
    <TestEntry testId="063fc5d6-7093-4898-586d-f7c91da3d90a" executionId="f5552547-8ac5-4bff-bb5f-f75fe2fa36d8" testListId="8c84fa94-04c1-424b-9868-57a2d4851a1d" />
    <TestEntry testId="65770ab3-18b0-0e9f-399a-f7a04ea6e0e5" executionId="c5623ff1-b3bd-491a-93a9-026d42a3a708" testListId="8c84fa94-04c1-424b-9868-57a2d4851a1d" />
    <TestEntry testId="05f6a519-6922-0d88-29ab-58670334a8c0" executionId="a60763b6-2310-46ce-bf07-e69e82424dc4" testListId="8c84fa94-04c1-424b-9868-57a2d4851a1d" />
    <TestEntry testId="cb7249c8-dcf7-5d04-d8a1-9ce11225ac6e" executionId="c1ac1f2c-9814-492c-8b2e-21d5362926bc" testListId="8c84fa94-04c1-424b-9868-57a2d4851a1d" />
    <TestEntry testId="99b19e16-f681-5bb0-a837-9febcde3cc8b" executionId="90ef2428-079c-4522-8c04-67147ca0ff69" testListId="8c84fa94-04c1-424b-9868-57a2d4851a1d" />
    <TestEntry testId="62fbcf4e-b581-51f7-791e-0ba6c6135258" executionId="64f9db4f-fab1-4605-9b9d-aff8f1aa4ebf" testListId="8c84fa94-04c1-424b-9868-57a2d4851a1d" />
    <TestEntry testId="730bef14-9053-6444-695c-2c9c89ef8f7a" executionId="f507213f-8963-4fd0-941b-e2176a0149b3" testListId="8c84fa94-04c1-424b-9868-57a2d4851a1d" />
    <TestEntry testId="1155d7e4-ae1c-c9f6-e196-ad7112467825" executionId="594088ee-5b24-49c9-8deb-bb2c92773365" testListId="8c84fa94-04c1-424b-9868-57a2d4851a1d" />
    <TestEntry testId="d721172e-4856-c743-a2e0-556773d6db34" executionId="7d72d926-5d35-401c-8c83-526894f09b24" testListId="8c84fa94-04c1-424b-9868-57a2d4851a1d" />
    <TestEntry testId="b61d19a2-eeb7-66f5-f12f-c31f348cabd6" executionId="599fad56-759a-4cbb-b1b0-6bda0cbf4aa6" testListId="8c84fa94-04c1-424b-9868-57a2d4851a1d" />
    <TestEntry testId="f58804b4-1c3e-a2cd-9639-d58251748d47" executionId="a7e8b9cb-cbe9-4459-bf79-1d96bd972392" testListId="8c84fa94-04c1-424b-9868-57a2d4851a1d" />
    <TestEntry testId="490eb431-6d13-ab7d-b1eb-cfc423ab2fff" executionId="3a4b9032-d445-489c-8973-8d7b609ec24e" testListId="8c84fa94-04c1-424b-9868-57a2d4851a1d" />
    <TestEntry testId="c095042d-e50b-f78e-7e75-2b785c69205f" executionId="3c073ec7-5e5e-4676-8e02-bfeb430afa7c" testListId="8c84fa94-04c1-424b-9868-57a2d4851a1d" />
    <TestEntry testId="9c36fd41-e765-81f6-df8e-f462ee2c6552" executionId="4a1de3dc-5aa2-49fb-8aca-f4749e141436" testListId="8c84fa94-04c1-424b-9868-57a2d4851a1d" />
    <TestEntry testId="ee4023a9-7ef5-de07-c4fc-93e795d5baa7" executionId="ccd4a3d3-9c25-4d2c-bfa4-28630dd668a2" testListId="8c84fa94-04c1-424b-9868-57a2d4851a1d" />
    <TestEntry testId="64ce3878-ca47-8b99-d700-14791eaa9c40" executionId="5fc42002-5c6a-4e0a-86a9-7d54eafcf159" testListId="8c84fa94-04c1-424b-9868-57a2d4851a1d" />
    <TestEntry testId="e9fa84ac-633c-62b6-98d7-47b66e6e189e" executionId="55cf1313-1877-47f8-9add-af97fc21bb01" testListId="8c84fa94-04c1-424b-9868-57a2d4851a1d" />
    <TestEntry testId="9574f2b4-908d-7278-b0da-6c84b944cfb6" executionId="b69b64fa-1019-40e2-929a-39b55cd5683c" testListId="8c84fa94-04c1-424b-9868-57a2d4851a1d" />
    <TestEntry testId="388c5c74-720e-564b-d683-490d356af3fe" executionId="c4d86ad7-bfde-4059-92af-5130450bee11" testListId="8c84fa94-04c1-424b-9868-57a2d4851a1d" />
    <TestEntry testId="f0bc3cf2-7e7b-22f4-8d42-04d99e358cfe" executionId="3f414973-0b0e-4c52-8ce3-8ca19a7ec5e5" testListId="8c84fa94-04c1-424b-9868-57a2d4851a1d" />
    <TestEntry testId="35c85059-4d38-96d6-5ba6-39946ca04b5d" executionId="19d5747d-a306-4843-bcec-f8fecc8da204" testListId="8c84fa94-04c1-424b-9868-57a2d4851a1d" />
    <TestEntry testId="00ff095b-4bc6-db53-f938-6a37bc01f46b" executionId="138ebf66-492a-4022-ae23-6bbfc0255360" testListId="8c84fa94-04c1-424b-9868-57a2d4851a1d" />
    <TestEntry testId="6a56b596-cc3a-9bf5-da7f-9064d03397a2" executionId="a42a46c4-1dc1-4f24-b5b1-8dabc65d41b3" testListId="8c84fa94-04c1-424b-9868-57a2d4851a1d" />
    <TestEntry testId="3c9fa628-c7d5-d183-10bb-7d387f6779bb" executionId="1e4fbeaf-a7ef-42c2-962c-f890b195d8bd" testListId="8c84fa94-04c1-424b-9868-57a2d4851a1d" />
    <TestEntry testId="5098da35-a50d-188f-464b-c0e73540175b" executionId="1dceac0c-b67d-418f-8296-db4f472cfcdc" testListId="8c84fa94-04c1-424b-9868-57a2d4851a1d" />
    <TestEntry testId="172041ae-12af-58d9-c5c3-06cc738ac111" executionId="98f99fe7-3d05-4f4d-af22-e2f9d6421a10" testListId="8c84fa94-04c1-424b-9868-57a2d4851a1d" />
    <TestEntry testId="5304b9a1-8d75-0736-1781-57659e307ca7" executionId="84e703cd-faa7-4381-835b-05ab7bdfa888" testListId="8c84fa94-04c1-424b-9868-57a2d4851a1d" />
    <TestEntry testId="0f53cf01-7625-abe4-40b4-7756723d3b2e" executionId="e0e7d0d9-0a48-499a-b01f-fd309f7aeeeb" testListId="8c84fa94-04c1-424b-9868-57a2d4851a1d" />
    <TestEntry testId="6527d399-3c52-8422-d90f-6c83c08b6874" executionId="1bafba8d-e7fe-43ba-8c5e-1bfd85ca2a93" testListId="8c84fa94-04c1-424b-9868-57a2d4851a1d" />
    <TestEntry testId="355371bd-45fe-c229-5034-898ad04eb1dc" executionId="a97eaccf-9141-48ed-a1ea-ed86a7d9a317" testListId="8c84fa94-04c1-424b-9868-57a2d4851a1d" />
    <TestEntry testId="ee4023a9-7ef5-de07-c4fc-93e795d5baa7" executionId="b327eeca-af8f-4c61-a748-8c08ec3534bb" testListId="8c84fa94-04c1-424b-9868-57a2d4851a1d" />
    <TestEntry testId="435442ba-9897-362e-beef-40dd9aef0a97" executionId="d0149e3f-1e0c-4d60-80b7-28cf3e6f3b4a" testListId="8c84fa94-04c1-424b-9868-57a2d4851a1d" />
    <TestEntry testId="d176d0bf-5559-b755-c69c-09a2d4950528" executionId="9c600414-85cc-48d0-8c87-ad6f7d04d6e3" testListId="8c84fa94-04c1-424b-9868-57a2d4851a1d" />
    <TestEntry testId="ee4023a9-7ef5-de07-c4fc-93e795d5baa7" executionId="664bea22-d603-4f31-a86e-e21bdf640892" testListId="8c84fa94-04c1-424b-9868-57a2d4851a1d" />
    <TestEntry testId="22db2a0a-aa8a-2a11-0ea7-22ee10a4b12c" executionId="6390c014-fe46-4158-93b2-791e44164b55" testListId="8c84fa94-04c1-424b-9868-57a2d4851a1d" />
    <TestEntry testId="ad89ac24-24de-f6bb-8252-5fda23ce2272" executionId="8626b0fb-c779-4208-a3a2-3e1dfb1dd3ed" testListId="8c84fa94-04c1-424b-9868-57a2d4851a1d" />
    <TestEntry testId="7ea2fcb8-8d7a-7b3e-5257-f1b66909cef7" executionId="2b16c045-d71b-40c0-90ad-83f7e56c946a" testListId="8c84fa94-04c1-424b-9868-57a2d4851a1d" />
    <TestEntry testId="a1533602-6410-91ea-863d-c06356133eae" executionId="00929406-d1b2-4ce4-b07b-59f3da3826ba" testListId="8c84fa94-04c1-424b-9868-57a2d4851a1d" />
    <TestEntry testId="ee4023a9-7ef5-de07-c4fc-93e795d5baa7" executionId="55d85713-5ad0-41ba-b559-68980e3f394b" testListId="8c84fa94-04c1-424b-9868-57a2d4851a1d" />
    <TestEntry testId="2094e3f3-bb74-95c3-1e50-e6fdef78ea13" executionId="9613e119-f13a-4c88-9a98-10cacdd05860" testListId="8c84fa94-04c1-424b-9868-57a2d4851a1d" />
    <TestEntry testId="5350274c-91fb-610e-856e-3415f7a1fa83" executionId="d51d9b09-c444-483d-b120-f255e85a0f71" testListId="8c84fa94-04c1-424b-9868-57a2d4851a1d" />
    <TestEntry testId="aac9aae4-033c-5a4d-bf6f-6c295840a3fd" executionId="88480022-a5c0-4d58-91dc-cee86e1a988a" testListId="8c84fa94-04c1-424b-9868-57a2d4851a1d" />
    <TestEntry testId="ee4023a9-7ef5-de07-c4fc-93e795d5baa7" executionId="34018a0f-8fde-4c5d-a335-4e3861304318" testListId="8c84fa94-04c1-424b-9868-57a2d4851a1d" />
    <TestEntry testId="dda37eb5-3275-a6a0-766a-62d2bf0b35ac" executionId="9fe126fd-0ad8-4eb4-9398-861d8fd00391" testListId="8c84fa94-04c1-424b-9868-57a2d4851a1d" />
    <TestEntry testId="990b87dc-a86d-2543-ed49-4086f9d9a47d" executionId="803440b5-c8a7-4a22-8c4b-183994e6ebcc" testListId="8c84fa94-04c1-424b-9868-57a2d4851a1d" />
    <TestEntry testId="9d9108bd-86db-659c-91d4-935425fa020c" executionId="3031476f-dc1c-40fb-a11e-bb4aa8f6ffbc" testListId="8c84fa94-04c1-424b-9868-57a2d4851a1d" />
    <TestEntry testId="cb270c9a-018c-ca10-c7ca-7967670c892b" executionId="9062277a-3f9f-4bc0-ac0b-395c7da6f6b4" testListId="8c84fa94-04c1-424b-9868-57a2d4851a1d" />
    <TestEntry testId="3c174b71-d834-497d-cddf-1a3c06acc75d" executionId="64b249f1-e2ba-4e1e-96cf-5ccc25cce601" testListId="8c84fa94-04c1-424b-9868-57a2d4851a1d" />
    <TestEntry testId="cb3d0d63-a156-b025-1c90-4a3dc7841ffd" executionId="212c7996-c70d-4f70-83fc-0141f469c995" testListId="8c84fa94-04c1-424b-9868-57a2d4851a1d" />
    <TestEntry testId="28e59258-d59d-b899-0352-abac45b3f73d" executionId="9f2066d2-609a-4587-9d78-a6103e655a96" testListId="8c84fa94-04c1-424b-9868-57a2d4851a1d" />
    <TestEntry testId="ee4023a9-7ef5-de07-c4fc-93e795d5baa7" executionId="5fe7776f-e48d-4a6b-9905-cdf181bee4ad" testListId="8c84fa94-04c1-424b-9868-57a2d4851a1d" />
    <TestEntry testId="c65def95-e459-70a7-408d-154b2321db49" executionId="4ac68cb2-d926-4196-9ab7-3550b2712509" testListId="8c84fa94-04c1-424b-9868-57a2d4851a1d" />
    <TestEntry testId="6dc7da62-c15b-7e96-f1c6-3eedd5697243" executionId="3ccb9625-2b26-4c08-88e1-f49be641b05b" testListId="8c84fa94-04c1-424b-9868-57a2d4851a1d" />
    <TestEntry testId="f740022f-70ee-66e1-da38-2c4767f72ea7" executionId="a98e83bd-30a7-48db-b428-752d31cb43c2" testListId="8c84fa94-04c1-424b-9868-57a2d4851a1d" />
    <TestEntry testId="a20b8cdb-3697-b063-4ea9-47fb6efe0241" executionId="f11a2e89-0f2a-46c7-aed7-c8bd56b5f0d1" testListId="8c84fa94-04c1-424b-9868-57a2d4851a1d" />
    <TestEntry testId="d881db98-d513-4483-6745-6376d9bd922f" executionId="bab34f5a-0726-459c-974b-6e08a56caca0" testListId="8c84fa94-04c1-424b-9868-57a2d4851a1d" />
    <TestEntry testId="9d9108bd-86db-659c-91d4-935425fa020c" executionId="ce26d2bc-e68d-4027-836a-bc77cc3c5926" testListId="8c84fa94-04c1-424b-9868-57a2d4851a1d" />
    <TestEntry testId="bf546bdc-4b09-7c78-8e68-7999cc725390" executionId="39c32cf5-5512-4851-8d75-ac62773e21fb" testListId="8c84fa94-04c1-424b-9868-57a2d4851a1d" />
    <TestEntry testId="0cc1a792-32db-3643-8570-b5f3ee785740" executionId="64a02649-ef8b-490c-9da5-1fb54b8d2de4" testListId="8c84fa94-04c1-424b-9868-57a2d4851a1d" />
    <TestEntry testId="8e1ae9ed-48fa-e512-e027-fe3bb954eb8b" executionId="4b7b6552-2cef-4101-a042-d6975173ad68" testListId="8c84fa94-04c1-424b-9868-57a2d4851a1d" />
    <TestEntry testId="dbd8c577-b242-b838-2751-2fb2c595a2b3" executionId="0c02cfe8-79aa-43a3-bea8-6c04caa044d3" testListId="8c84fa94-04c1-424b-9868-57a2d4851a1d" />
    <TestEntry testId="9161f5e4-37b0-b6bc-22e9-91ccc708f977" executionId="f683f05a-3e40-4278-aa21-4d651b0bd97e" testListId="8c84fa94-04c1-424b-9868-57a2d4851a1d" />
    <TestEntry testId="eef3d4d9-ae71-3c95-4f3b-3059412b7fd3" executionId="39a34688-a9cf-49d0-8ebf-486c7e525316" testListId="8c84fa94-04c1-424b-9868-57a2d4851a1d" />
    <TestEntry testId="24757d53-50b6-4207-edb9-4d7b85e83ec0" executionId="de838b4f-6a66-4db8-8e6f-8ab6bde647f3" testListId="8c84fa94-04c1-424b-9868-57a2d4851a1d" />
    <TestEntry testId="ee4023a9-7ef5-de07-c4fc-93e795d5baa7" executionId="351a6fb9-1aa0-46f0-acef-33ebcdedf914" testListId="8c84fa94-04c1-424b-9868-57a2d4851a1d" />
    <TestEntry testId="1c871e62-fc07-15be-cc5c-68162573f4bc" executionId="9b0527a8-6171-4fbe-b35b-9269221bf972" testListId="8c84fa94-04c1-424b-9868-57a2d4851a1d" />
    <TestEntry testId="a27779ab-d479-2618-c0d6-39c534be7415" executionId="132024c8-053c-4d76-bc90-53eb64822af8" testListId="8c84fa94-04c1-424b-9868-57a2d4851a1d" />
    <TestEntry testId="9d653b0d-6df9-735d-0e75-f562a12dfb97" executionId="82f1f7d5-440f-4275-84cb-bb3ce896c421" testListId="8c84fa94-04c1-424b-9868-57a2d4851a1d" />
    <TestEntry testId="1cd4fe94-7bb9-0d0d-a095-b6d8dbddc0b6" executionId="37e53eb9-506d-4288-9b09-b8e4bab1c868" testListId="8c84fa94-04c1-424b-9868-57a2d4851a1d" />
    <TestEntry testId="4ea55908-c33e-986a-f384-035f1ba3fbff" executionId="c0d1d9d5-2cf3-4f14-a24b-70e8c585237e" testListId="8c84fa94-04c1-424b-9868-57a2d4851a1d" />
    <TestEntry testId="7769836f-b1cd-5510-88a4-b46be0e10342" executionId="03700f14-ad6e-4e99-8202-bcd182bb1c72" testListId="8c84fa94-04c1-424b-9868-57a2d4851a1d" />
    <TestEntry testId="44cd508c-9285-845c-4b2e-fe943114c39c" executionId="348c5599-8c86-4ddb-971e-e9f28af35378" testListId="8c84fa94-04c1-424b-9868-57a2d4851a1d" />
    <TestEntry testId="b3c93a97-6762-97e2-4473-6d5a7d219a04" executionId="aa5f3f69-76cb-469e-bee6-d51ee65ecd48" testListId="8c84fa94-04c1-424b-9868-57a2d4851a1d" />
    <TestEntry testId="5e0c0b16-1156-1376-f6f0-3908d3a2cb3b" executionId="a44f5a4b-2450-43ac-917d-cba83fe442a6" testListId="8c84fa94-04c1-424b-9868-57a2d4851a1d" />
    <TestEntry testId="529c2e35-24ca-56d0-82ae-22b9934a7f05" executionId="2bd6a644-ba1e-41fc-8b81-67294ea97e13" testListId="8c84fa94-04c1-424b-9868-57a2d4851a1d" />
    <TestEntry testId="755826d7-2b80-4234-302f-1403ed18949d" executionId="39e59494-71ad-41ba-982d-91d7e90bd92b" testListId="8c84fa94-04c1-424b-9868-57a2d4851a1d" />
    <TestEntry testId="a8bcc73c-dc70-1261-8278-4b0a946db697" executionId="c70b5aab-3896-4dc2-97a7-065cdf5c684d" testListId="8c84fa94-04c1-424b-9868-57a2d4851a1d" />
    <TestEntry testId="7b9b1873-4328-312e-2778-9f9b8787518d" executionId="4f4f7703-9cf8-411a-a9e8-b721b6a7a684" testListId="8c84fa94-04c1-424b-9868-57a2d4851a1d" />
    <TestEntry testId="d31208f6-32e8-d301-b39b-41ee13f7023e" executionId="393bc94a-498c-44a1-971d-8663cabfb909" testListId="8c84fa94-04c1-424b-9868-57a2d4851a1d" />
    <TestEntry testId="177f25f3-8788-a5e1-0e06-b7d455065c9f" executionId="b9316193-5213-4287-b7dd-65d73cb36a14" testListId="8c84fa94-04c1-424b-9868-57a2d4851a1d" />
    <TestEntry testId="be2661e6-13a2-efcd-f033-26370e5bd14f" executionId="c0b21fe8-c305-4f1b-8bab-4bb8a861d8ad" testListId="8c84fa94-04c1-424b-9868-57a2d4851a1d" />
    <TestEntry testId="37e4a981-a5bb-fc1d-cb06-e50341eef0d3" executionId="e84e37e8-d3d4-49c8-ba04-27747ca946b1" testListId="8c84fa94-04c1-424b-9868-57a2d4851a1d" />
    <TestEntry testId="1b2a48cb-3076-b35a-c216-de57ac818d9a" executionId="c668d948-b3c5-425e-adaf-5c51e2a4f9a8" testListId="8c84fa94-04c1-424b-9868-57a2d4851a1d" />
    <TestEntry testId="ee4023a9-7ef5-de07-c4fc-93e795d5baa7" executionId="982034d5-b701-4f3b-8c89-bc216dc1c4a4" testListId="8c84fa94-04c1-424b-9868-57a2d4851a1d" />
    <TestEntry testId="8cac781b-3c65-0ccf-a739-6333f1b2885a" executionId="75b5a5a4-e20f-49fb-a1f9-0d41423f86ae" testListId="8c84fa94-04c1-424b-9868-57a2d4851a1d" />
    <TestEntry testId="a844f451-0f87-c9e5-8ca9-902b45b90314" executionId="b9ce964a-61bc-4ceb-96f8-84925ccb50af" testListId="8c84fa94-04c1-424b-9868-57a2d4851a1d" />
    <TestEntry testId="fcf10477-6ad0-000b-9152-cfbeeb11eccd" executionId="f91c6751-a4b9-4289-b2a3-dcaa5adfab70" testListId="8c84fa94-04c1-424b-9868-57a2d4851a1d" />
    <TestEntry testId="e9885d89-bc72-7366-67b0-3a6b90c9fc06" executionId="9748147a-98f8-4d1e-beec-5a1456d655a4" testListId="8c84fa94-04c1-424b-9868-57a2d4851a1d" />
    <TestEntry testId="9a74f111-730b-48ac-793d-eafd4afb012a" executionId="008eb64c-a147-47fc-8e0d-3abb6e4b04ce" testListId="8c84fa94-04c1-424b-9868-57a2d4851a1d" />
    <TestEntry testId="ee4023a9-7ef5-de07-c4fc-93e795d5baa7" executionId="4b6603ae-dacd-48b2-ae7a-bafc83db364b" testListId="8c84fa94-04c1-424b-9868-57a2d4851a1d" />
    <TestEntry testId="026a0bc2-d18b-aab5-abeb-9318d37dfa38" executionId="06fefec0-f7fd-4153-9393-03f4d17eac59" testListId="8c84fa94-04c1-424b-9868-57a2d4851a1d" />
    <TestEntry testId="4c680463-2526-d2b9-8b45-18d4e02b72d8" executionId="316f2671-f262-433b-a9e5-a9cc1d1e4cad" testListId="8c84fa94-04c1-424b-9868-57a2d4851a1d" />
    <TestEntry testId="2439864b-27f0-8850-4ed8-51ccc06b948f" executionId="e18c5558-b71b-4928-85ff-803d0f957732" testListId="8c84fa94-04c1-424b-9868-57a2d4851a1d" />
    <TestEntry testId="26714a1a-41f7-451e-82b0-891505fd3754" executionId="06ca2784-de19-4991-91c0-9db28774f17d" testListId="8c84fa94-04c1-424b-9868-57a2d4851a1d" />
    <TestEntry testId="7ca488d0-3aca-76f1-6559-f9cc58d50a45" executionId="191cb634-ac8b-4e0e-b440-10e7c9342ddb" testListId="8c84fa94-04c1-424b-9868-57a2d4851a1d" />
    <TestEntry testId="3ff67faa-d3a0-075c-0c7a-09774bd03583" executionId="703609b8-a499-4619-9a7a-bba780fecf86" testListId="8c84fa94-04c1-424b-9868-57a2d4851a1d" />
    <TestEntry testId="0c335cba-9d4b-aa04-40ba-337c73bdc2f2" executionId="a80ea700-a53a-4a78-a66b-6997f86c6aad" testListId="8c84fa94-04c1-424b-9868-57a2d4851a1d" />
    <TestEntry testId="74b856c2-3b89-4a6f-b0e9-87ceb7b85e0f" executionId="73a9cb1e-f1be-4f99-a2bb-d7cc37bc4ace" testListId="8c84fa94-04c1-424b-9868-57a2d4851a1d" />
    <TestEntry testId="d5b3be23-e24d-3907-6e80-ddd593570613" executionId="4d38d336-4057-4b33-8bbe-4d0c0c3e0c4f" testListId="8c84fa94-04c1-424b-9868-57a2d4851a1d" />
    <TestEntry testId="2f5d977d-1e91-46c0-f08f-cb953748d3bb" executionId="3553ed4e-2015-408b-b3a5-d937cd673941" testListId="8c84fa94-04c1-424b-9868-57a2d4851a1d" />
    <TestEntry testId="37cca059-17dd-1ce4-7f7a-261dd96b9c03" executionId="17df9187-7310-4f24-b2ff-f3fef510a2b6" testListId="8c84fa94-04c1-424b-9868-57a2d4851a1d" />
    <TestEntry testId="f37524f4-6178-1300-0d38-772771a42b59" executionId="34f88695-795b-446e-840e-1a6fd388019a" testListId="8c84fa94-04c1-424b-9868-57a2d4851a1d" />
    <TestEntry testId="a0775966-a411-1fb9-950c-2214329c5e22" executionId="9b7c9c15-d918-4207-965e-2870adbd8348" testListId="8c84fa94-04c1-424b-9868-57a2d4851a1d" />
    <TestEntry testId="ee4023a9-7ef5-de07-c4fc-93e795d5baa7" executionId="6747ec03-7a1b-4603-9188-5eee1c86f32f" testListId="8c84fa94-04c1-424b-9868-57a2d4851a1d" />
    <TestEntry testId="fb9a0fbc-d523-38e7-fa29-68166d7c4694" executionId="82857d3c-8a6f-44f6-82c8-e49db1ab656d" testListId="8c84fa94-04c1-424b-9868-57a2d4851a1d" />
    <TestEntry testId="7f76177b-4d84-642e-9bcb-00aa4c931e13" executionId="183782ef-a962-41d5-bd09-35b78f100b23" testListId="8c84fa94-04c1-424b-9868-57a2d4851a1d" />
    <TestEntry testId="d807db37-04e4-3703-28e1-c5c109b432e1" executionId="112cd1e8-e0cf-480d-adcf-41aa0c1d9f07" testListId="8c84fa94-04c1-424b-9868-57a2d4851a1d" />
    <TestEntry testId="475ca662-af82-6579-f761-35cb472cb87e" executionId="2744a2fb-49f8-4c5c-9700-a2b58e5b29b3" testListId="8c84fa94-04c1-424b-9868-57a2d4851a1d" />
    <TestEntry testId="2f309615-d38e-60ef-2c2d-0b95ad0a2a62" executionId="f99bf060-f92c-47fe-af26-e977ff47d47a" testListId="8c84fa94-04c1-424b-9868-57a2d4851a1d" />
    <TestEntry testId="6edb9734-0085-61fb-03c0-8905f287bd8a" executionId="0dc8e5ed-4f4a-46ff-ae29-46abf9ad37a4" testListId="8c84fa94-04c1-424b-9868-57a2d4851a1d" />
    <TestEntry testId="59d00ef5-8a37-2b1f-99b8-740e21e44e72" executionId="949cb6b2-6541-4412-8ca1-69d11b39f565" testListId="8c84fa94-04c1-424b-9868-57a2d4851a1d" />
    <TestEntry testId="b357bd63-2bfe-e360-123f-216e041a66f7" executionId="18016eaf-9979-4587-b743-af6540040510" testListId="8c84fa94-04c1-424b-9868-57a2d4851a1d" />
    <TestEntry testId="1441b80a-d34b-716a-62ff-daf3315612e2" executionId="2c06dd92-1f65-4483-937d-60dba1242526" testListId="8c84fa94-04c1-424b-9868-57a2d4851a1d" />
    <TestEntry testId="f872f45e-56c6-8ff1-732b-a4f3744612ec" executionId="2937dd1b-bfdc-400d-9007-6f6b0e7db33c" testListId="8c84fa94-04c1-424b-9868-57a2d4851a1d" />
    <TestEntry testId="219cb226-0982-5e89-b39e-e3df45859861" executionId="4d6abe6c-0203-4ac7-a277-86524d6d87e9" testListId="8c84fa94-04c1-424b-9868-57a2d4851a1d" />
    <TestEntry testId="71d1b4b5-6612-dad9-c0dc-422f4a8a13d1" executionId="81547f14-6bcd-48ae-98de-e09d9ba89316" testListId="8c84fa94-04c1-424b-9868-57a2d4851a1d" />
    <TestEntry testId="a1133c85-1ac8-f2df-7a32-450e86b0c1a8" executionId="e00520b4-4997-4ce8-b089-d8a021cdc0f3" testListId="8c84fa94-04c1-424b-9868-57a2d4851a1d" />
    <TestEntry testId="4b3a00da-f880-578f-c303-7e5e482337d2" executionId="272bdd0b-94ab-45e7-b741-f710b9a63654" testListId="8c84fa94-04c1-424b-9868-57a2d4851a1d" />
    <TestEntry testId="c010b35c-ca77-152c-97b9-c2d3f6ea7d7d" executionId="0ef6f167-0841-4743-8f0d-e805db4ebd3f" testListId="8c84fa94-04c1-424b-9868-57a2d4851a1d" />
    <TestEntry testId="37bc0dd3-b2de-4f1d-bc0b-a4f0fd76a31b" executionId="237d647b-e8f0-4612-baae-01a4b90c3ccf" testListId="8c84fa94-04c1-424b-9868-57a2d4851a1d" />
    <TestEntry testId="2fefd669-00f0-6209-0174-c1ad44273487" executionId="57b87974-2c83-407d-a2b7-c22c37ab413e" testListId="8c84fa94-04c1-424b-9868-57a2d4851a1d" />
    <TestEntry testId="8fab2801-8a96-682b-eb75-995f4da50517" executionId="951d9cc4-cd85-4e0a-ad29-a514acf356ab" testListId="8c84fa94-04c1-424b-9868-57a2d4851a1d" />
    <TestEntry testId="2f8b9abc-1c8d-726a-bc19-fbcf045e42b5" executionId="5bb9c128-73d4-4506-b356-23042f82c3e0" testListId="8c84fa94-04c1-424b-9868-57a2d4851a1d" />
    <TestEntry testId="151a3939-7178-7ca5-04d5-74b2e2ea473d" executionId="52dea622-cd15-467f-be6a-7079cea52e3c" testListId="8c84fa94-04c1-424b-9868-57a2d4851a1d" />
    <TestEntry testId="9cc02e74-38fe-d95c-2cfa-20f9c297a179" executionId="0e484ff5-b6bf-4a4e-9aff-21e927b19e6d" testListId="8c84fa94-04c1-424b-9868-57a2d4851a1d" />
    <TestEntry testId="a9b2f3e1-2fa9-2844-278a-1ff95a3cd450" executionId="5ab8ad30-ec66-4f05-9706-b3d1cec3ba4d" testListId="8c84fa94-04c1-424b-9868-57a2d4851a1d" />
    <TestEntry testId="46272a5b-6f40-ca49-f0c0-19ef57f507c2" executionId="fa1754b7-f3e7-4d68-88de-0c769a58d3bd" testListId="8c84fa94-04c1-424b-9868-57a2d4851a1d" />
    <TestEntry testId="6204f013-e7f4-8462-dc2a-44175020e042" executionId="0280deef-1c32-4681-bf70-8deb600ac5d4" testListId="8c84fa94-04c1-424b-9868-57a2d4851a1d" />
    <TestEntry testId="5ab64c0d-21f1-9b5d-4478-84b27fa34b5c" executionId="50e213e1-a6aa-4658-957d-a977edb48120" testListId="8c84fa94-04c1-424b-9868-57a2d4851a1d" />
    <TestEntry testId="9d9108bd-86db-659c-91d4-935425fa020c" executionId="9b1d628f-bd1d-4b0d-b63a-340625b90796" testListId="8c84fa94-04c1-424b-9868-57a2d4851a1d" />
    <TestEntry testId="e870aa90-2e02-5dba-b8c8-beea96026546" executionId="a635559f-fab5-408b-a148-826a1e1cc478" testListId="8c84fa94-04c1-424b-9868-57a2d4851a1d" />
    <TestEntry testId="fb000b2f-ab6a-7251-dbe2-b846f6fcbd0e" executionId="cc95829e-ae31-4c65-ad6c-1c3b4d7ab9a1" testListId="8c84fa94-04c1-424b-9868-57a2d4851a1d" />
    <TestEntry testId="44c7436c-905a-58ad-44f0-0942a51a60c8" executionId="5a457464-aa2c-42a1-a03c-424b7681bca9" testListId="8c84fa94-04c1-424b-9868-57a2d4851a1d" />
    <TestEntry testId="1ad62dd9-f5f4-acc1-288e-32afb8d0c153" executionId="f5fe9ff2-28f8-497b-b5bc-f6bdb082f003" testListId="8c84fa94-04c1-424b-9868-57a2d4851a1d" />
    <TestEntry testId="576b4205-3800-13a7-aaef-8abb157a3de6" executionId="17d790aa-4b26-4a08-bc13-899e934495f9" testListId="8c84fa94-04c1-424b-9868-57a2d4851a1d" />
    <TestEntry testId="742536c7-d443-5e0f-b608-8b298fe05c9f" executionId="1d98811e-a795-43c9-be62-8490abaeb954" testListId="8c84fa94-04c1-424b-9868-57a2d4851a1d" />
    <TestEntry testId="80b98953-0430-0651-0920-d07f5f37c65f" executionId="5585b111-c665-4f61-a5f8-4e124e9074e7" testListId="8c84fa94-04c1-424b-9868-57a2d4851a1d" />
    <TestEntry testId="83822170-a282-a7f9-81dc-2f08dba999ec" executionId="cc3088b3-cfae-4fba-ab08-c0546f1e55b6" testListId="8c84fa94-04c1-424b-9868-57a2d4851a1d" />
    <TestEntry testId="d0c7c382-be92-208a-f641-c4a9c109541e" executionId="052671dc-4bc8-4678-8686-a39f54da5623" testListId="8c84fa94-04c1-424b-9868-57a2d4851a1d" />
    <TestEntry testId="1bf6f04e-4c48-1505-0d9f-236f2354e6ad" executionId="1e86e1ab-be36-4b02-9e9c-b94c1cb021fb" testListId="8c84fa94-04c1-424b-9868-57a2d4851a1d" />
    <TestEntry testId="04b44c91-ce22-b8f9-2338-b791e3f2bc17" executionId="af8e9350-e12a-496c-a3c1-d6e38941552b" testListId="8c84fa94-04c1-424b-9868-57a2d4851a1d" />
    <TestEntry testId="ddfbb81c-2b69-a408-6560-2aedf261697f" executionId="4c2b2113-4c1c-42fd-a9e0-5d2977f37144" testListId="8c84fa94-04c1-424b-9868-57a2d4851a1d" />
    <TestEntry testId="4df62476-7918-8981-230a-1c8bcba97842" executionId="85da5278-70ce-4e60-adfc-e3f98e594229" testListId="8c84fa94-04c1-424b-9868-57a2d4851a1d" />
    <TestEntry testId="19645128-e202-44ae-34e1-bebb765d5926" executionId="a70801e2-4af1-4712-b5d3-01e0ca816116" testListId="8c84fa94-04c1-424b-9868-57a2d4851a1d" />
    <TestEntry testId="e0eca9f7-d766-7032-cd66-1fda7415dd68" executionId="9230fb8d-e090-4baf-b48d-31e8104411a4" testListId="8c84fa94-04c1-424b-9868-57a2d4851a1d" />
    <TestEntry testId="29f233fd-b25c-9cd4-e1b6-f9fc4d6c9b1b" executionId="338f899c-8865-44fd-a400-6351d52112eb" testListId="8c84fa94-04c1-424b-9868-57a2d4851a1d" />
    <TestEntry testId="0c88b540-cd14-9945-dfea-9607412205d7" executionId="c819df92-1d68-4c2e-861f-c9628b9efcbc" testListId="8c84fa94-04c1-424b-9868-57a2d4851a1d" />
    <TestEntry testId="86ac9b82-99af-2131-da6d-99fa4abd32a6" executionId="9851fba6-30a7-4809-af79-db2b53aa21b3" testListId="8c84fa94-04c1-424b-9868-57a2d4851a1d" />
    <TestEntry testId="712a4429-a5d0-f9f8-e944-14b3128417df" executionId="a09eee82-934e-45de-aec4-a53e598ae666" testListId="8c84fa94-04c1-424b-9868-57a2d4851a1d" />
    <TestEntry testId="668c76c9-4bf1-dcc1-807a-f065424f58ba" executionId="b2192481-e80c-4b08-9905-932f40ebd897" testListId="8c84fa94-04c1-424b-9868-57a2d4851a1d" />
    <TestEntry testId="723220bc-f6bc-2344-fd48-d0edbe583623" executionId="14e3b3f1-7060-4e8b-abf3-d7c0993878a8" testListId="8c84fa94-04c1-424b-9868-57a2d4851a1d" />
    <TestEntry testId="c7bbac13-8629-583d-7b7e-ef2d4c387bd4" executionId="6f8c1d89-e022-431e-acf8-ebbe6f292b74" testListId="8c84fa94-04c1-424b-9868-57a2d4851a1d" />
    <TestEntry testId="f15d1485-b568-93f4-d5a1-108ce37ed532" executionId="1a5fd015-d2b4-4878-a12e-0347d9b4d6aa" testListId="8c84fa94-04c1-424b-9868-57a2d4851a1d" />
    <TestEntry testId="3c121194-5cce-c4ca-1fab-08ec04d15250" executionId="59aa371d-7dfb-49e3-be67-ad5bd05bc510" testListId="8c84fa94-04c1-424b-9868-57a2d4851a1d" />
    <TestEntry testId="22b22ab0-28ad-dcc3-3c47-956fecf0f862" executionId="d4219ab6-aef4-4d18-a4ea-5659beec65fb" testListId="8c84fa94-04c1-424b-9868-57a2d4851a1d" />
    <TestEntry testId="359096ac-1baa-97a0-9aac-14ec7cffbe5a" executionId="dacf3707-59b8-460a-912b-7a06c65af18b" testListId="8c84fa94-04c1-424b-9868-57a2d4851a1d" />
    <TestEntry testId="f52b848b-cf3f-47b4-506b-dccb77611ec5" executionId="652809a5-3dcc-4d3c-b994-c54fd9c7f8b1" testListId="8c84fa94-04c1-424b-9868-57a2d4851a1d" />
    <TestEntry testId="deca3051-566c-ab49-e061-aefe5abff9fe" executionId="b34f2644-9a91-4484-a1d2-073d5d1cb397" testListId="8c84fa94-04c1-424b-9868-57a2d4851a1d" />
    <TestEntry testId="99565e95-1a0c-269c-a11f-12a2852883ea" executionId="bc44bf3d-0d03-4d05-bafb-9b2e5904c121" testListId="8c84fa94-04c1-424b-9868-57a2d4851a1d" />
    <TestEntry testId="a195a1f3-7257-7b57-25f5-d869b6864153" executionId="bd1f5fea-ad6a-4102-9ea3-59bcec0c3654" testListId="8c84fa94-04c1-424b-9868-57a2d4851a1d" />
    <TestEntry testId="dc2936a8-a88a-b2cd-9a40-e8ec53aed396" executionId="b5cb79a7-e8d5-4826-8cc7-79253a96560d" testListId="8c84fa94-04c1-424b-9868-57a2d4851a1d" />
    <TestEntry testId="df98ebf9-08c0-e892-4032-ff03288ed21d" executionId="a9f924ca-2dd4-4c6c-8cdf-a43107f151a0" testListId="8c84fa94-04c1-424b-9868-57a2d4851a1d" />
    <TestEntry testId="270700fa-e78d-d8e5-7de5-4325952fbc65" executionId="6f5d825c-cbcb-437e-8c37-9fa5400f9c57" testListId="8c84fa94-04c1-424b-9868-57a2d4851a1d" />
    <TestEntry testId="851fb875-0294-59e3-54ed-d95f850fb682" executionId="d54f2c6c-8761-40f9-839f-10be994add42" testListId="8c84fa94-04c1-424b-9868-57a2d4851a1d" />
    <TestEntry testId="83028242-f49c-fe61-01aa-89f0e3669d5d" executionId="ffc2651a-8152-46c4-add0-eb5c3ec6f14d" testListId="8c84fa94-04c1-424b-9868-57a2d4851a1d" />
    <TestEntry testId="da2a4482-8679-bf21-379a-ba675bbae9ad" executionId="f6f7a732-aacf-4656-a1a6-7d5a747deb6c" testListId="8c84fa94-04c1-424b-9868-57a2d4851a1d" />
    <TestEntry testId="e1a7c90b-842f-6747-d414-96d35e63ecce" executionId="22e3a3f0-9526-4c84-94e9-79caf2814bfd" testListId="8c84fa94-04c1-424b-9868-57a2d4851a1d" />
    <TestEntry testId="11a7072a-d21b-7c2a-b062-98fe08e0c6dd" executionId="797c2c37-ece9-42ae-a919-53caa00fa0b8" testListId="8c84fa94-04c1-424b-9868-57a2d4851a1d" />
    <TestEntry testId="ecc460ca-dce5-f2c1-27e1-c58351216caa" executionId="4b4829f8-cb10-4347-b218-6253e79578b0" testListId="8c84fa94-04c1-424b-9868-57a2d4851a1d" />
    <TestEntry testId="bd6e2c82-85dd-8f11-260e-d6592f779064" executionId="7cf1a833-02db-4ec1-a8c5-5e1773b8dd5c" testListId="8c84fa94-04c1-424b-9868-57a2d4851a1d" />
    <TestEntry testId="003ec38a-6be6-40fe-fb76-841c13807019" executionId="032f7006-7e7d-4669-923e-e63baddd2136" testListId="8c84fa94-04c1-424b-9868-57a2d4851a1d" />
    <TestEntry testId="e83a59b5-7762-fd63-39f4-c2a7432224a0" executionId="a338e13c-0454-4590-b939-db952c1a4d61" testListId="8c84fa94-04c1-424b-9868-57a2d4851a1d" />
    <TestEntry testId="feea589f-edbd-d65f-71e5-4e5f6aa59dc1" executionId="f2adbad5-586b-4e2e-ab7e-afa67287f016" testListId="8c84fa94-04c1-424b-9868-57a2d4851a1d" />
    <TestEntry testId="9e519774-75c3-0938-a5ac-c98cb0ed4a6d" executionId="7c1e318e-b0ce-47f6-bfed-f5e9b8f9b4d0" testListId="8c84fa94-04c1-424b-9868-57a2d4851a1d" />
    <TestEntry testId="1eb96942-90b7-e230-1cfa-7966bc14fec4" executionId="19ab9a90-93f1-40cc-894e-7ee85e37bd4c" testListId="8c84fa94-04c1-424b-9868-57a2d4851a1d" />
    <TestEntry testId="4049cd8f-4722-f786-6675-c96c049dafca" executionId="816249ab-5cc6-4d73-a0b2-db6f2be4ff60" testListId="8c84fa94-04c1-424b-9868-57a2d4851a1d" />
    <TestEntry testId="2ee7e566-cb75-fc37-6701-6a6ccb41d168" executionId="214e1a05-dadb-4fa8-aa6a-206bc51192d7" testListId="8c84fa94-04c1-424b-9868-57a2d4851a1d" />
    <TestEntry testId="4d922aac-d29d-5603-d614-ad2e17cb5ae6" executionId="2353c053-a84c-4a9d-aaf9-bcdb7bf7d212" testListId="8c84fa94-04c1-424b-9868-57a2d4851a1d" />
    <TestEntry testId="18cc13e9-00f7-9f54-e05b-755de4a3190e" executionId="adf767cf-d541-4912-a360-ec49620abdd3" testListId="8c84fa94-04c1-424b-9868-57a2d4851a1d" />
    <TestEntry testId="0bc42d33-b32e-50ec-eba2-c1ef80d71cc4" executionId="61dec48d-c129-4e2c-b926-2978644c18ec" testListId="8c84fa94-04c1-424b-9868-57a2d4851a1d" />
    <TestEntry testId="02022d21-40cd-3c83-07fb-845b28c8719d" executionId="06bc6361-e61d-4ef3-814c-e83dca4a9f86" testListId="8c84fa94-04c1-424b-9868-57a2d4851a1d" />
    <TestEntry testId="95c412a3-338e-b711-9f7f-79585ecc287b" executionId="91b559e9-4cbb-4a70-bf17-6583b91e1a90" testListId="8c84fa94-04c1-424b-9868-57a2d4851a1d" />
    <TestEntry testId="e7af6fc8-165d-9f9b-7acd-68ce9f4566a5" executionId="fb49d354-bed0-4c61-a4a8-377cc9947616" testListId="8c84fa94-04c1-424b-9868-57a2d4851a1d" />
    <TestEntry testId="ca7d5be2-14df-0b62-6b71-5f58bc8ff588" executionId="7345db5f-e412-4d91-8626-f0f2b5127a1c" testListId="8c84fa94-04c1-424b-9868-57a2d4851a1d" />
    <TestEntry testId="ee4023a9-7ef5-de07-c4fc-93e795d5baa7" executionId="47cece93-523d-4b1e-81c8-e2de4788f00e" testListId="8c84fa94-04c1-424b-9868-57a2d4851a1d" />
    <TestEntry testId="8e4a546d-0fa7-5997-2d4c-127c6b639168" executionId="53096577-a46e-41a7-b07b-dbc496e1a2cc" testListId="8c84fa94-04c1-424b-9868-57a2d4851a1d" />
    <TestEntry testId="0f27abe8-3384-6920-a039-76a637899eb2" executionId="423fdd2e-3520-48cf-9409-4cf512a7ef78" testListId="8c84fa94-04c1-424b-9868-57a2d4851a1d" />
    <TestEntry testId="0316908d-df3c-838f-613a-29a95694fc11" executionId="c280cae4-cd91-40bf-b2d5-008f28e4499c" testListId="8c84fa94-04c1-424b-9868-57a2d4851a1d" />
    <TestEntry testId="aceed3fe-4ee0-3f07-6d4b-e9ae24c2527d" executionId="67a26dbd-4264-4dd5-a85b-9b3667a54bda" testListId="8c84fa94-04c1-424b-9868-57a2d4851a1d" />
    <TestEntry testId="3dc13ed3-005d-7721-2c63-eb85486517c8" executionId="7ab395b6-b1c4-4fbf-b891-332ad5648106" testListId="8c84fa94-04c1-424b-9868-57a2d4851a1d" />
    <TestEntry testId="78041a23-7bf7-db78-694f-dcf00358b174" executionId="b0e9c924-8bcc-4cad-8ff8-a1bd250c0b02" testListId="8c84fa94-04c1-424b-9868-57a2d4851a1d" />
    <TestEntry testId="ee4023a9-7ef5-de07-c4fc-93e795d5baa7" executionId="96e92571-6e8d-45b7-b61a-d2da17af7f9c" testListId="8c84fa94-04c1-424b-9868-57a2d4851a1d" />
    <TestEntry testId="f15d1485-b568-93f4-d5a1-108ce37ed532" executionId="f5a7d29d-8594-4ffc-a7fe-20f65962d096" testListId="8c84fa94-04c1-424b-9868-57a2d4851a1d" />
    <TestEntry testId="a22a5490-f8cc-bbba-c479-58ecdc58c38a" executionId="285303fe-e1d3-4642-b802-2665f032432a" testListId="8c84fa94-04c1-424b-9868-57a2d4851a1d" />
    <TestEntry testId="a52b94e3-f309-9a3e-47e5-d2dd4e4b19fa" executionId="2fb68ec3-0f81-4229-a3b9-46c167afb205" testListId="8c84fa94-04c1-424b-9868-57a2d4851a1d" />
    <TestEntry testId="1123588b-584b-06b7-cbdb-e5cf3ec64afc" executionId="6244a42c-b3bb-4dc8-83dc-34995b1ab85b" testListId="8c84fa94-04c1-424b-9868-57a2d4851a1d" />
    <TestEntry testId="2607a5e2-638f-a022-bdc9-d6d4d15539fb" executionId="4ffa039b-2a0c-43ee-b634-1d159b455636" testListId="8c84fa94-04c1-424b-9868-57a2d4851a1d" />
    <TestEntry testId="164af1fb-8ab7-de87-8f12-29fc40e9bd15" executionId="9aba857f-090c-483b-ab10-8343ef21f084" testListId="8c84fa94-04c1-424b-9868-57a2d4851a1d" />
    <TestEntry testId="14d66e4b-1cea-10ac-2eb5-4a21e27a1337" executionId="3070fac6-b131-4829-b6ba-9bf0068cb9cc" testListId="8c84fa94-04c1-424b-9868-57a2d4851a1d" />
    <TestEntry testId="44b2dbc1-f234-0a4c-b38c-97497c832d58" executionId="fb69cb25-e2db-4be1-82ea-313587197b00" testListId="8c84fa94-04c1-424b-9868-57a2d4851a1d" />
    <TestEntry testId="4988c4a8-a7df-3551-56c3-3fad77d98b4a" executionId="48668d4c-edcc-4339-a1c9-91be8d00b876" testListId="8c84fa94-04c1-424b-9868-57a2d4851a1d" />
    <TestEntry testId="43ee071b-dfe1-26fb-3267-1ba3aa8a0a7a" executionId="1b3761ba-9733-4310-82b4-e8f8206aaf46" testListId="8c84fa94-04c1-424b-9868-57a2d4851a1d" />
    <TestEntry testId="9ef64bea-8c17-ab0b-0aa2-a889a448670e" executionId="05a3c73c-4dcf-4a38-9084-5d3ea708f667" testListId="8c84fa94-04c1-424b-9868-57a2d4851a1d" />
    <TestEntry testId="07860993-0a42-4d7c-0b94-185b0186e197" executionId="7ce58a43-41a7-42f6-b792-ce517e73b650" testListId="8c84fa94-04c1-424b-9868-57a2d4851a1d" />
    <TestEntry testId="76a3eda6-3598-ebb2-6b10-983e4fde7476" executionId="73aee4f2-ed75-47db-bad3-84bc14f18f7f" testListId="8c84fa94-04c1-424b-9868-57a2d4851a1d" />
    <TestEntry testId="29a32c84-cf2a-eb4c-5896-a439fd50b2b8" executionId="aad2bb76-ce49-4845-a5b7-0239e77bc49d" testListId="8c84fa94-04c1-424b-9868-57a2d4851a1d" />
    <TestEntry testId="2b6f2d8f-97a8-a49e-9820-0353b7cf269e" executionId="f5e10324-8e7a-444d-b914-071a0778547e" testListId="8c84fa94-04c1-424b-9868-57a2d4851a1d" />
    <TestEntry testId="a6c86e7f-3cba-5a70-e72e-8210186f640d" executionId="099fbb2a-425e-4655-b125-a75747c7166a" testListId="8c84fa94-04c1-424b-9868-57a2d4851a1d" />
    <TestEntry testId="9272183c-1f20-60d5-550e-a9927fe14301" executionId="ce6af87d-2876-4b5d-bc89-eb0021cdb5db" testListId="8c84fa94-04c1-424b-9868-57a2d4851a1d" />
    <TestEntry testId="5b17c964-8de5-81fb-e7e8-0037826de418" executionId="a12cafba-d8dc-4c3c-9a2c-0271d4e7e6e3" testListId="8c84fa94-04c1-424b-9868-57a2d4851a1d" />
    <TestEntry testId="ab24e2cb-a9e7-696f-52cc-bbef4af32000" executionId="93923401-7f36-4309-ae9c-1213ee2ff9ee" testListId="8c84fa94-04c1-424b-9868-57a2d4851a1d" />
    <TestEntry testId="faab56b6-f448-562a-00cf-747e8f2205fc" executionId="25da1f34-5beb-4566-8879-ff35a2339685" testListId="8c84fa94-04c1-424b-9868-57a2d4851a1d" />
    <TestEntry testId="75f0e5f4-99c9-2f64-6049-6fef29308c40" executionId="5455baf3-75ab-4382-9234-bc5be21d3f80" testListId="8c84fa94-04c1-424b-9868-57a2d4851a1d" />
    <TestEntry testId="08a3c3db-cc01-e5ed-016b-ec03cbb97901" executionId="cd32f4d3-2d91-4d50-a00b-3e07c1e6c163" testListId="8c84fa94-04c1-424b-9868-57a2d4851a1d" />
    <TestEntry testId="63d736d3-1abb-5e1e-67d5-7731969795df" executionId="f865e16d-644e-479a-84ae-fb791bd8f366" testListId="8c84fa94-04c1-424b-9868-57a2d4851a1d" />
    <TestEntry testId="bbd84ed1-520d-4358-3488-4aa29532b886" executionId="223f1b09-9738-4c9b-9454-50cabd1c9242" testListId="8c84fa94-04c1-424b-9868-57a2d4851a1d" />
    <TestEntry testId="d084f15f-2ff5-b9de-3bb3-de877630baf6" executionId="a0fb744a-489a-4115-8381-03b171def2aa" testListId="8c84fa94-04c1-424b-9868-57a2d4851a1d" />
    <TestEntry testId="0d2f4ed5-125c-a2b1-8e5f-5e598ab83d5e" executionId="95a82ea2-93d1-49ef-a7ac-9394404e9622" testListId="8c84fa94-04c1-424b-9868-57a2d4851a1d" />
    <TestEntry testId="67a73538-1027-a501-a8ed-160a0b377dca" executionId="30a66745-d9e3-4813-b3e8-09442f542995" testListId="8c84fa94-04c1-424b-9868-57a2d4851a1d" />
    <TestEntry testId="5fc9fa5a-5fe3-b72e-18ec-1d655d4e8290" executionId="f45c2e61-c59a-4ee3-b17d-a4b42717a687" testListId="8c84fa94-04c1-424b-9868-57a2d4851a1d" />
    <TestEntry testId="ee4023a9-7ef5-de07-c4fc-93e795d5baa7" executionId="f86d8530-a469-47b9-be97-604452f05f16" testListId="8c84fa94-04c1-424b-9868-57a2d4851a1d" />
    <TestEntry testId="7f2480da-8572-1058-bed9-d76ee4f460a4" executionId="4ed3735d-1eca-43fd-b685-e8f024e2fbe5" testListId="8c84fa94-04c1-424b-9868-57a2d4851a1d" />
    <TestEntry testId="3dcddc47-428b-8273-354a-bd306914fecf" executionId="5d8f122e-fd9d-44ef-afbb-be16db63bc7b" testListId="8c84fa94-04c1-424b-9868-57a2d4851a1d" />
    <TestEntry testId="d56d39a2-1050-3e2a-2b04-2c4d9212b822" executionId="38c929ea-e365-41fc-907d-ef040ec1694b" testListId="8c84fa94-04c1-424b-9868-57a2d4851a1d" />
    <TestEntry testId="abd81a1c-e3b4-bebe-d21f-4ca159588c70" executionId="663e3052-d47f-4e58-bf20-475dbdbcef7b" testListId="8c84fa94-04c1-424b-9868-57a2d4851a1d" />
    <TestEntry testId="0e660fb6-01c2-ec2d-f816-fac9e4547e68" executionId="4cbe8803-c103-4223-941f-ec43d99eeec5" testListId="8c84fa94-04c1-424b-9868-57a2d4851a1d" />
    <TestEntry testId="a2c96cce-3d64-0619-9c0f-87d54f8eee1b" executionId="bfe3ea92-6efe-4fc8-a95f-9f95d0774a5d" testListId="8c84fa94-04c1-424b-9868-57a2d4851a1d" />
    <TestEntry testId="f5c02efb-b35c-365d-c779-9919be9854f1" executionId="82fc91eb-2a63-436a-b985-3d8dc81daddb" testListId="8c84fa94-04c1-424b-9868-57a2d4851a1d" />
    <TestEntry testId="bf3dc991-3368-6005-a716-c4582669d18a" executionId="3cf1dbfb-8fe0-4c74-b456-ff8034d8e0b1" testListId="8c84fa94-04c1-424b-9868-57a2d4851a1d" />
    <TestEntry testId="634cad37-210a-4bc0-8d4e-c43234da05dd" executionId="49e08fc7-7e2d-4ca2-a668-26033a52bdb3" testListId="8c84fa94-04c1-424b-9868-57a2d4851a1d" />
    <TestEntry testId="a8a38b08-43ad-784d-afbc-d0335bfce14c" executionId="85cbdf44-093d-4032-bc47-f96f82f85166" testListId="8c84fa94-04c1-424b-9868-57a2d4851a1d" />
    <TestEntry testId="21823bf0-ff7d-6139-8246-3e6c7fce3add" executionId="b6923124-09b5-471f-9a66-7192b6e32074" testListId="8c84fa94-04c1-424b-9868-57a2d4851a1d" />
    <TestEntry testId="1146fad1-5168-1504-a8de-6a696ebcdf14" executionId="91e4cb33-e3ae-4ebf-8afa-088298a85d95" testListId="8c84fa94-04c1-424b-9868-57a2d4851a1d" />
    <TestEntry testId="c37b2cf6-c0e8-40c5-30eb-c0a1ff817046" executionId="46876434-fbdf-407b-acc3-ac2162f5e792" testListId="8c84fa94-04c1-424b-9868-57a2d4851a1d" />
    <TestEntry testId="6295024d-cdd4-de28-e7d8-515486f05d12" executionId="ee1d954c-770c-44ba-95b5-030ebc06ea00" testListId="8c84fa94-04c1-424b-9868-57a2d4851a1d" />
    <TestEntry testId="edadc8c2-2e6c-d240-0235-8c3d78f18004" executionId="82ca231d-db31-4ca6-8282-7e2a73554cb3" testListId="8c84fa94-04c1-424b-9868-57a2d4851a1d" />
    <TestEntry testId="fcaeabd6-201c-a809-f13b-51e8e57f8ab1" executionId="42b5cd42-42a0-4358-af80-db80f7c2786d" testListId="8c84fa94-04c1-424b-9868-57a2d4851a1d" />
    <TestEntry testId="18d1d3c3-df4e-6919-02e8-0460c923b1d0" executionId="b05d2061-21f3-4dc8-810f-138db66729e3" testListId="8c84fa94-04c1-424b-9868-57a2d4851a1d" />
    <TestEntry testId="25aa6176-148e-f1e7-5c9f-10f279eb31cc" executionId="66d8d36f-6d0c-4305-8a05-1a41cd5469b1" testListId="8c84fa94-04c1-424b-9868-57a2d4851a1d" />
    <TestEntry testId="dff6bcfa-7c56-915c-d680-949651ff50ba" executionId="3d953d2a-2d1b-4ccd-9a63-5e594e24b2b4" testListId="8c84fa94-04c1-424b-9868-57a2d4851a1d" />
    <TestEntry testId="7cf653ab-c1ac-db4f-c8b6-0088365ff615" executionId="6b2126ca-6522-44c5-89b8-aa6ea48f1bdd" testListId="8c84fa94-04c1-424b-9868-57a2d4851a1d" />
    <TestEntry testId="7102ede2-c297-16f6-bd79-a261e9a0ab55" executionId="6a058be8-fd4e-41a1-bfde-4d8c15c01143" testListId="8c84fa94-04c1-424b-9868-57a2d4851a1d" />
    <TestEntry testId="1edf4c99-c764-95bb-14ad-e4ec565371a3" executionId="de6afa20-5f61-46db-8f08-1b379d6e9099" testListId="8c84fa94-04c1-424b-9868-57a2d4851a1d" />
    <TestEntry testId="cac73a53-b4ae-6c1b-3bae-7a153785b4c5" executionId="0f2f1efe-1699-4c60-88d5-476fad3072e1" testListId="8c84fa94-04c1-424b-9868-57a2d4851a1d" />
    <TestEntry testId="34f3be5c-39ef-6e9c-dee7-38b37313e24c" executionId="b5a1f60b-32bc-49a4-a529-973028dd754b" testListId="8c84fa94-04c1-424b-9868-57a2d4851a1d" />
    <TestEntry testId="27a8059d-8b78-3c02-be74-55c51fedea26" executionId="3c475cc6-c67b-4aee-95f8-86912b558355" testListId="8c84fa94-04c1-424b-9868-57a2d4851a1d" />
    <TestEntry testId="1084380c-efdf-4335-3855-2ba20ad000dd" executionId="6a9dc340-62b3-4448-9989-15b4dc7d1845" testListId="8c84fa94-04c1-424b-9868-57a2d4851a1d" />
    <TestEntry testId="11e2d426-0f64-e877-4f88-684b98f80094" executionId="fc3d922d-de0f-4b0d-ab4a-c2c7d0d2ad01" testListId="8c84fa94-04c1-424b-9868-57a2d4851a1d" />
    <TestEntry testId="0956a829-49d6-d659-dada-e609c64ef2a6" executionId="1ec805f9-1397-4c21-a106-aea0b09434e4" testListId="8c84fa94-04c1-424b-9868-57a2d4851a1d" />
    <TestEntry testId="7eafd3b9-debc-1a0c-12c6-11d7098cd775" executionId="e22ec45b-6cac-4973-95ce-20cebd3cc4fd" testListId="8c84fa94-04c1-424b-9868-57a2d4851a1d" />
    <TestEntry testId="355371bd-45fe-c229-5034-898ad04eb1dc" executionId="3f9757a6-c847-4189-bd2b-cfe5a934f3cc" testListId="8c84fa94-04c1-424b-9868-57a2d4851a1d" />
    <TestEntry testId="273070a4-2ffd-9a94-4178-f3727c932514" executionId="f59e6585-74b9-4d89-b2aa-ce63cf9afb75" testListId="8c84fa94-04c1-424b-9868-57a2d4851a1d" />
    <TestEntry testId="29687309-d7e0-0838-a577-9dfd8b70cb79" executionId="ec3aa6ac-1294-4102-b883-22979993aa38" testListId="8c84fa94-04c1-424b-9868-57a2d4851a1d" />
    <TestEntry testId="3a443cd7-9c96-2cc4-1c4b-302bec95fdb5" executionId="85a03714-5f71-4b30-a18f-50863356c464" testListId="8c84fa94-04c1-424b-9868-57a2d4851a1d" />
    <TestEntry testId="1b8c86ad-d6be-1e33-af55-74534338a533" executionId="caf395cc-3832-479e-85bd-29340ff0cb0f" testListId="8c84fa94-04c1-424b-9868-57a2d4851a1d" />
    <TestEntry testId="ee4023a9-7ef5-de07-c4fc-93e795d5baa7" executionId="4110bff5-c38a-4e38-b210-6f9a8d731875" testListId="8c84fa94-04c1-424b-9868-57a2d4851a1d" />
    <TestEntry testId="5c93f740-724a-d4d0-9162-f8b044826d66" executionId="f48ad61f-7bcf-4e99-93ee-7e93a17f86dc" testListId="8c84fa94-04c1-424b-9868-57a2d4851a1d" />
    <TestEntry testId="17a16fc5-4fe6-49ea-a991-631fada3d645" executionId="257eaaa9-7a5f-40cc-b40e-672e4e143bf6" testListId="8c84fa94-04c1-424b-9868-57a2d4851a1d" />
    <TestEntry testId="08a458bc-f70d-a527-f23d-08de1cac7168" executionId="af32a321-d90b-4f58-9eeb-4bd02e0feef9" testListId="8c84fa94-04c1-424b-9868-57a2d4851a1d" />
    <TestEntry testId="0257b952-b68e-ce9d-9d12-e1b7f33eb9e6" executionId="3ea4933c-ac8a-46b6-b17f-9949723c9272" testListId="8c84fa94-04c1-424b-9868-57a2d4851a1d" />
    <TestEntry testId="2b9c28db-d91c-099d-ee87-9be4d4baccfb" executionId="7921f19f-fb2c-4ac8-aa61-90193a9799d2" testListId="8c84fa94-04c1-424b-9868-57a2d4851a1d" />
    <TestEntry testId="a4176163-6edd-669e-35fb-02700dc32d3b" executionId="de8168e9-cac1-4cfe-b9f4-9a629c250e3a" testListId="8c84fa94-04c1-424b-9868-57a2d4851a1d" />
    <TestEntry testId="bc83a862-c72b-e348-034e-0bebd83e892a" executionId="31917b61-9b30-4a5f-b6a2-9e6da45ff299" testListId="8c84fa94-04c1-424b-9868-57a2d4851a1d" />
    <TestEntry testId="d3545ea5-dab7-481a-2ef9-e3a4a28edd41" executionId="1e57025e-a490-42bb-b674-3c963d315e83" testListId="8c84fa94-04c1-424b-9868-57a2d4851a1d" />
    <TestEntry testId="dd0f099b-0409-1632-fcd8-f5bbcb9fcf08" executionId="be6f02e0-de52-4f55-8887-4eac03f33d5b" testListId="8c84fa94-04c1-424b-9868-57a2d4851a1d" />
    <TestEntry testId="09372ef8-08d3-01fe-20c8-b7c4bfe94b6c" executionId="77419537-377a-426d-a3b9-2fc71c89fdf9" testListId="8c84fa94-04c1-424b-9868-57a2d4851a1d" />
    <TestEntry testId="580860dc-2c0d-6d21-09c2-29eb5cd9d7aa" executionId="cb86e67c-f503-4d92-a5b1-b7ea036d1d16" testListId="8c84fa94-04c1-424b-9868-57a2d4851a1d" />
    <TestEntry testId="ac435e0a-e1c6-7616-0ac5-820a47d8c989" executionId="7d354854-d950-48cf-b223-02d6653ebc1e" testListId="8c84fa94-04c1-424b-9868-57a2d4851a1d" />
    <TestEntry testId="0eb6bb6a-eef9-422e-dfe1-eec86ae82e59" executionId="27a9e4a3-e709-4052-b9a3-145d167b9bef" testListId="8c84fa94-04c1-424b-9868-57a2d4851a1d" />
    <TestEntry testId="4e64a2d0-91fd-57ef-a8c4-3f9f75705cb7" executionId="c3294ce8-4d17-4694-9817-4597a36edbf2" testListId="8c84fa94-04c1-424b-9868-57a2d4851a1d" />
    <TestEntry testId="aee78e02-d706-9f06-c554-ee7aa708e371" executionId="f377568b-0167-42b6-899b-6a8c54bc687e" testListId="8c84fa94-04c1-424b-9868-57a2d4851a1d" />
    <TestEntry testId="0c73a1ad-6206-0874-edea-ce6d1ddf48e7" executionId="60c7081d-dbef-4c2f-bb7e-180c17661788" testListId="8c84fa94-04c1-424b-9868-57a2d4851a1d" />
    <TestEntry testId="2094e3f3-bb74-95c3-1e50-e6fdef78ea13" executionId="9ed09e19-1b66-43c2-8f0c-11d60c0f70bd" testListId="8c84fa94-04c1-424b-9868-57a2d4851a1d" />
    <TestEntry testId="c9653e4a-f0fc-ded6-13b1-2d7721cd5788" executionId="7bb666fa-8aab-4872-9a22-fc1553030824" testListId="8c84fa94-04c1-424b-9868-57a2d4851a1d" />
    <TestEntry testId="a912da9b-9910-2e20-bdfd-ebd2e525320e" executionId="830ced1f-0800-4f0c-a44c-c66c2b5f9271" testListId="8c84fa94-04c1-424b-9868-57a2d4851a1d" />
    <TestEntry testId="98edab49-64e8-bcaf-beed-559fb53bdf3f" executionId="244c38ec-eecd-42fe-9d5f-583b8ed2a9b5" testListId="8c84fa94-04c1-424b-9868-57a2d4851a1d" />
    <TestEntry testId="384c466e-e541-dfd8-e107-db2fc07e11e9" executionId="a96144ff-535d-42b3-8b16-576e3ca6510a" testListId="8c84fa94-04c1-424b-9868-57a2d4851a1d" />
    <TestEntry testId="ebd8b721-48ec-4a9e-4f6a-ce30457acd4f" executionId="31cf650d-1264-46fb-b074-54c237382f8e" testListId="8c84fa94-04c1-424b-9868-57a2d4851a1d" />
    <TestEntry testId="ee1e7c2b-0cb3-69aa-1c3e-150a4187ed3e" executionId="1ed1853b-8527-4515-83f9-29578c90f055" testListId="8c84fa94-04c1-424b-9868-57a2d4851a1d" />
    <TestEntry testId="82b44982-47bf-5402-bc06-46a13615b67f" executionId="beee9336-df43-41c6-80d6-b71ba1bf3cf3" testListId="8c84fa94-04c1-424b-9868-57a2d4851a1d" />
    <TestEntry testId="160926a9-6be8-e16e-5ee4-6d69f6901085" executionId="13f84a57-5191-4b2d-a246-9802320c1673" testListId="8c84fa94-04c1-424b-9868-57a2d4851a1d" />
    <TestEntry testId="52f18a4a-df7a-b0a9-8294-4256ba81d7da" executionId="378a102e-10d9-4110-bff2-e1ce1ca7eac3" testListId="8c84fa94-04c1-424b-9868-57a2d4851a1d" />
    <TestEntry testId="bf3ad47a-9250-f8b8-31e2-5fe2764ad9e8" executionId="a88feb51-1586-4351-9ce2-c8ebcdb30ed7" testListId="8c84fa94-04c1-424b-9868-57a2d4851a1d" />
    <TestEntry testId="9f0c86dc-a496-7741-858c-a11363a3da1a" executionId="8ac48e8f-4036-4c88-b9f6-462d03b29e91" testListId="8c84fa94-04c1-424b-9868-57a2d4851a1d" />
    <TestEntry testId="27aea1a6-1e4c-b203-2089-de14d612090c" executionId="da2be7cc-bf5e-4f47-962d-26579ca3a21f" testListId="8c84fa94-04c1-424b-9868-57a2d4851a1d" />
    <TestEntry testId="957b72e6-223d-945c-7af4-a1f0fe7fb5d3" executionId="6f9cf42e-b0ac-4c42-9d59-d94033b57c77" testListId="8c84fa94-04c1-424b-9868-57a2d4851a1d" />
    <TestEntry testId="e14c6e87-d4a0-9f31-fe5d-63401bba496d" executionId="c114a813-c587-4e01-9669-2eb385dc1d1a" testListId="8c84fa94-04c1-424b-9868-57a2d4851a1d" />
    <TestEntry testId="bc6f6cb5-f7c9-e3db-d707-a236ceb509b9" executionId="b1900480-ff5c-40e8-a865-55dac0a8a3b6" testListId="8c84fa94-04c1-424b-9868-57a2d4851a1d" />
    <TestEntry testId="d313dde6-0806-2abf-bd1c-3417608d3183" executionId="e9cf438d-8729-4a91-ac52-c2aa3da858b5" testListId="8c84fa94-04c1-424b-9868-57a2d4851a1d" />
    <TestEntry testId="546e1c1f-b92a-588a-a4ee-351bbc7f5bb0" executionId="9d4d2456-ab69-4198-bfa7-2f6ae6601b3d" testListId="8c84fa94-04c1-424b-9868-57a2d4851a1d" />
    <TestEntry testId="7a8926d4-b9a3-8330-c659-fa45110afd0c" executionId="31bd8b90-2131-49b7-af4e-09f017d7fb74" testListId="8c84fa94-04c1-424b-9868-57a2d4851a1d" />
    <TestEntry testId="a2e9ef55-bfe0-9647-cd73-b7dbecbeddd9" executionId="42da4eab-4b42-4ad2-85f9-d4518ec827fd" testListId="8c84fa94-04c1-424b-9868-57a2d4851a1d" />
    <TestEntry testId="6ff3a64d-e43e-c9b5-cdb2-5023b692a002" executionId="058ee172-996f-47b3-8d79-43e0daf49f23" testListId="8c84fa94-04c1-424b-9868-57a2d4851a1d" />
    <TestEntry testId="d88306ca-9afa-8148-3367-97d6e4d284e8" executionId="336a9f75-9341-4c3b-9df0-d20ba949cbaa" testListId="8c84fa94-04c1-424b-9868-57a2d4851a1d" />
    <TestEntry testId="bf705ae1-67a7-5fa6-c13f-a22026ecd395" executionId="928ac874-62f8-4707-93d5-2f6bee700379" testListId="8c84fa94-04c1-424b-9868-57a2d4851a1d" />
    <TestEntry testId="6fb4517f-b4e4-4771-fc0a-9b00bebd656e" executionId="684773ae-ffa9-49a9-8fe0-82ef9a4a8512" testListId="8c84fa94-04c1-424b-9868-57a2d4851a1d" />
    <TestEntry testId="51ae2f2f-1fc6-42dd-cfea-900de2971e28" executionId="53bf78e7-685e-4bdb-83f6-ce6e71a06e36" testListId="8c84fa94-04c1-424b-9868-57a2d4851a1d" />
    <TestEntry testId="65c35641-c7fa-ea47-734f-c81f8095832e" executionId="a55fb60c-ed95-47e3-87f1-a6ef69b19b76" testListId="8c84fa94-04c1-424b-9868-57a2d4851a1d" />
    <TestEntry testId="8960bb52-9b82-13fc-c2b9-b466022a1aa2" executionId="5cacfe5d-8ed6-4fd2-9ec2-2e5c1e2eb3db" testListId="8c84fa94-04c1-424b-9868-57a2d4851a1d" />
    <TestEntry testId="b03e8e27-9937-91b2-5c08-fa8ff907b26f" executionId="4b754bb8-f77c-4bcc-a80f-da8ef027eb27" testListId="8c84fa94-04c1-424b-9868-57a2d4851a1d" />
    <TestEntry testId="9ee81fd7-67d3-477b-170c-75529c080bdb" executionId="faa5f708-ef66-48ee-87ab-7179655e1833" testListId="8c84fa94-04c1-424b-9868-57a2d4851a1d" />
    <TestEntry testId="320b9240-8de4-6e99-ff14-f9386efd026e" executionId="c2fe83de-b6b6-4882-86ad-af59430ead7a" testListId="8c84fa94-04c1-424b-9868-57a2d4851a1d" />
    <TestEntry testId="594bafcb-5bdd-b7e8-3c6a-5bbda9e8a6d1" executionId="3ccbb903-97ac-4a31-9cba-eb76da432f0c" testListId="8c84fa94-04c1-424b-9868-57a2d4851a1d" />
    <TestEntry testId="ee4023a9-7ef5-de07-c4fc-93e795d5baa7" executionId="2010d0c5-7b38-41e0-9907-58cc7559e411" testListId="8c84fa94-04c1-424b-9868-57a2d4851a1d" />
    <TestEntry testId="dedf70a5-f131-d84f-4234-6a5051d02528" executionId="5f813c3e-b47d-4b32-a3f4-c7f4faa140e1" testListId="8c84fa94-04c1-424b-9868-57a2d4851a1d" />
    <TestEntry testId="21bc6c22-cae5-d6e6-f8be-0a3d9ef4e313" executionId="e9170e95-d816-4105-94bc-23f101a7308f" testListId="8c84fa94-04c1-424b-9868-57a2d4851a1d" />
    <TestEntry testId="5401d072-9045-3f20-e5b8-85e624c8ae31" executionId="12dc93c8-4b8d-441a-b245-913737e2a84f" testListId="8c84fa94-04c1-424b-9868-57a2d4851a1d" />
    <TestEntry testId="3880dfbe-9655-d700-4c62-0df9ed476ecc" executionId="9e6f3641-4973-498b-be3c-205b46d57d4b" testListId="8c84fa94-04c1-424b-9868-57a2d4851a1d" />
    <TestEntry testId="e1b36847-cc65-e739-8fc1-4c65074486c5" executionId="8eb15959-4a22-4865-a818-b1a0cab915d8" testListId="8c84fa94-04c1-424b-9868-57a2d4851a1d" />
    <TestEntry testId="2a8032ec-2494-843d-f098-18bbc743b65d" executionId="6fd1198c-32d8-47d6-aced-ae4f8baba658" testListId="8c84fa94-04c1-424b-9868-57a2d4851a1d" />
    <TestEntry testId="ee4023a9-7ef5-de07-c4fc-93e795d5baa7" executionId="65fb4343-1545-4538-978e-15357ca08f18" testListId="8c84fa94-04c1-424b-9868-57a2d4851a1d" />
    <TestEntry testId="6c035807-52d4-6caf-a566-ec498448b6fa" executionId="3586c2f5-69a7-4c77-9cd8-f19dfd7e0a0b" testListId="8c84fa94-04c1-424b-9868-57a2d4851a1d" />
    <TestEntry testId="d85ce454-c380-2ac2-ff60-059c934c0c87" executionId="e760e5e7-0eca-4249-99ff-5adc648e75fa" testListId="8c84fa94-04c1-424b-9868-57a2d4851a1d" />
    <TestEntry testId="d0d162e0-a27a-438e-6e3b-3fe15b89c2fa" executionId="2c1c5bff-ae32-45ab-bb5f-2c93e1922493" testListId="8c84fa94-04c1-424b-9868-57a2d4851a1d" />
    <TestEntry testId="1620f4f3-fa43-753e-a977-2bf07d76d45d" executionId="97d47851-5ff2-4f89-a24d-4c83da736968" testListId="8c84fa94-04c1-424b-9868-57a2d4851a1d" />
    <TestEntry testId="05652edd-928f-dd7d-e6ce-82417f010b21" executionId="125a7a0c-04e1-4163-b723-be98d669e8b7" testListId="8c84fa94-04c1-424b-9868-57a2d4851a1d" />
    <TestEntry testId="437f2012-d0bd-9480-97fb-1b4e5a423d3b" executionId="03fcb44d-60c0-4e53-8f1b-c8602d825a3b" testListId="8c84fa94-04c1-424b-9868-57a2d4851a1d" />
    <TestEntry testId="bbacb338-027e-8ff3-9426-ba091de7dfef" executionId="2b77abc0-5d60-41d6-9e4f-5e46fe7fd0f8" testListId="8c84fa94-04c1-424b-9868-57a2d4851a1d" />
    <TestEntry testId="df356c35-94b9-ef56-4b12-cc6f86331c25" executionId="6c1f0c7d-e7a9-47b5-b296-6108e1d4b731" testListId="8c84fa94-04c1-424b-9868-57a2d4851a1d" />
    <TestEntry testId="ee4023a9-7ef5-de07-c4fc-93e795d5baa7" executionId="3a6e44b8-5ddd-417c-ac20-a3b147ef3e8d" testListId="8c84fa94-04c1-424b-9868-57a2d4851a1d" />
    <TestEntry testId="6ee35bac-519f-b442-48b8-ad90bff16940" executionId="e425281c-3b02-4d40-8c9a-595e73603492" testListId="8c84fa94-04c1-424b-9868-57a2d4851a1d" />
    <TestEntry testId="ee5160b1-3233-41e0-3299-0425a39eeee5" executionId="b1bc7b0c-639b-4066-b596-0b557bc38a74" testListId="8c84fa94-04c1-424b-9868-57a2d4851a1d" />
    <TestEntry testId="6afc125c-c7a5-eaa7-7af0-9ebe233aad22" executionId="c425fd7e-be98-422c-9a87-aa3848219b15" testListId="8c84fa94-04c1-424b-9868-57a2d4851a1d" />
    <TestEntry testId="3f9c843a-1e55-447d-5796-24cc11eb0601" executionId="b6f29e6b-c4e5-4aef-a8b1-33ed9010a1b7" testListId="8c84fa94-04c1-424b-9868-57a2d4851a1d" />
    <TestEntry testId="737140b9-e37f-2a4f-5ecb-7640b87ef58e" executionId="e24c3ed5-b9d9-484f-aab1-5fdae7328f69" testListId="8c84fa94-04c1-424b-9868-57a2d4851a1d" />
    <TestEntry testId="2461b8e3-8daf-c6ae-fd7a-04ef2c9029b1" executionId="98d1b3b0-cc42-45af-b875-80080f07f366" testListId="8c84fa94-04c1-424b-9868-57a2d4851a1d" />
    <TestEntry testId="c46d157a-ee92-777a-ec56-c2afd9b36a47" executionId="1adaed55-35c7-44a0-8c30-705901a8c91f" testListId="8c84fa94-04c1-424b-9868-57a2d4851a1d" />
    <TestEntry testId="d500cfda-0f9f-e179-c72f-1f44e45838d9" executionId="497258fd-2f4d-4ea4-90df-1d611d7c6995" testListId="8c84fa94-04c1-424b-9868-57a2d4851a1d" />
    <TestEntry testId="c25f8796-8fb8-e9c9-dc4c-16994d769571" executionId="31a6ac08-7b0b-456d-8e78-05a63fb11838" testListId="8c84fa94-04c1-424b-9868-57a2d4851a1d" />
    <TestEntry testId="0650eafd-0764-a4dd-8f31-2c251d438215" executionId="1393dbb4-931c-42fe-a6b9-67569289ccb7" testListId="8c84fa94-04c1-424b-9868-57a2d4851a1d" />
    <TestEntry testId="083062ca-22b3-f842-aa3b-2548ef3b2afa" executionId="659a4f34-632e-4cb0-a249-32de35d8b8f5" testListId="8c84fa94-04c1-424b-9868-57a2d4851a1d" />
    <TestEntry testId="79bdc8ed-4f4b-9849-1ddd-b15e09b27525" executionId="b9a385d2-0169-4235-840c-b53c3c66cebd" testListId="8c84fa94-04c1-424b-9868-57a2d4851a1d" />
    <TestEntry testId="4028140e-6ceb-44db-b0b0-5a4385a02e69" executionId="85d1cff0-7f88-4f54-9b4b-dd9aaaaa73db" testListId="8c84fa94-04c1-424b-9868-57a2d4851a1d" />
    <TestEntry testId="f2d7d06b-9241-871a-61b6-24bd28dbad8b" executionId="a1904228-459d-4808-819a-2f9c8bbabbfc" testListId="8c84fa94-04c1-424b-9868-57a2d4851a1d" />
    <TestEntry testId="19385676-0b53-c79d-1ffa-123def9ca885" executionId="a46f0c94-7e22-4b51-a171-d865a0b5fd64" testListId="8c84fa94-04c1-424b-9868-57a2d4851a1d" />
    <TestEntry testId="6aef1b61-0dc3-b6ce-7dbd-e4e62a370ac5" executionId="55039c1a-f817-4e09-8884-5edfb5937d65" testListId="8c84fa94-04c1-424b-9868-57a2d4851a1d" />
    <TestEntry testId="b4267121-9b95-3e21-c565-aedda680f67b" executionId="f209f1e4-b222-4075-8d3b-857025e8d41b" testListId="8c84fa94-04c1-424b-9868-57a2d4851a1d" />
    <TestEntry testId="b05795f0-d2f6-22ea-cbc0-12b777940158" executionId="8bf95613-3ecf-4a86-b7c6-c19117c30de1" testListId="8c84fa94-04c1-424b-9868-57a2d4851a1d" />
    <TestEntry testId="a1c440cc-e9a7-05c3-3566-ebee3d13c619" executionId="e0d5b845-8713-41be-bebb-90f58c3a538b" testListId="8c84fa94-04c1-424b-9868-57a2d4851a1d" />
    <TestEntry testId="098fb557-60b9-c84f-e666-1ebb6f9228ac" executionId="2f00fc7e-47be-48d6-9c9f-051688ba056d" testListId="8c84fa94-04c1-424b-9868-57a2d4851a1d" />
    <TestEntry testId="b534d700-8c81-a428-c5af-952f23674e8e" executionId="baadec37-fc7b-4b9e-b27a-e9ce241a2518" testListId="8c84fa94-04c1-424b-9868-57a2d4851a1d" />
    <TestEntry testId="f6233300-4bb5-ebc3-fb67-68daee71e649" executionId="dcc07a84-3e45-4910-aaea-b1880170ca1a" testListId="8c84fa94-04c1-424b-9868-57a2d4851a1d" />
    <TestEntry testId="ec4cb66a-617d-876b-6006-2ba82ddc24c5" executionId="287598db-4dec-4b7a-889d-39e6f77e8680" testListId="8c84fa94-04c1-424b-9868-57a2d4851a1d" />
    <TestEntry testId="465c8cd2-c8da-7a18-e799-1339dfb5880e" executionId="475dda32-52e9-4900-987e-927fcf90e2aa" testListId="8c84fa94-04c1-424b-9868-57a2d4851a1d" />
    <TestEntry testId="3947b69a-c95e-04ea-68de-b5f0fc66e8c1" executionId="6c6b04eb-98f7-468a-aa80-bc4b83857045" testListId="8c84fa94-04c1-424b-9868-57a2d4851a1d" />
    <TestEntry testId="fc0fef98-8b80-5ef6-59d2-fe46d77e15c0" executionId="a779204a-55c8-402e-ad58-9efdcc08ac5a" testListId="8c84fa94-04c1-424b-9868-57a2d4851a1d" />
    <TestEntry testId="6305c415-2662-3605-7a21-6246fd795db9" executionId="55a01748-1080-408a-8ef4-fe9c75a9d9e8" testListId="8c84fa94-04c1-424b-9868-57a2d4851a1d" />
    <TestEntry testId="4dc452ef-89de-ef92-35ba-5de565a80983" executionId="5153e379-88f1-48ce-982e-bcde925c9e00" testListId="8c84fa94-04c1-424b-9868-57a2d4851a1d" />
    <TestEntry testId="dead27ec-ffeb-f213-e424-1f80d53ea366" executionId="a1559ac4-ff61-441f-a174-97d5e550a927" testListId="8c84fa94-04c1-424b-9868-57a2d4851a1d" />
    <TestEntry testId="45e382ab-a2e7-81c4-c83f-6e836a16f442" executionId="4d51e19e-a0d3-4f31-9b86-3879d89c827c" testListId="8c84fa94-04c1-424b-9868-57a2d4851a1d" />
    <TestEntry testId="ee4023a9-7ef5-de07-c4fc-93e795d5baa7" executionId="5e6221ab-f895-4dc6-bb53-7f96b56d5c8f" testListId="8c84fa94-04c1-424b-9868-57a2d4851a1d" />
    <TestEntry testId="d35048be-1680-5fe1-6d7b-c9c557f71eff" executionId="845007d8-ac32-477e-a469-a660624429ae" testListId="8c84fa94-04c1-424b-9868-57a2d4851a1d" />
    <TestEntry testId="4fec9ec7-a715-f40d-70ae-2bde7321c0b8" executionId="7578bfaa-19a2-4c6e-ac08-3f8ea5ba7d8a" testListId="8c84fa94-04c1-424b-9868-57a2d4851a1d" />
    <TestEntry testId="6c22c485-f80c-11c5-01c7-a10cd38d415a" executionId="000ec5ee-fea2-4948-9c94-14e37ba21b23" testListId="8c84fa94-04c1-424b-9868-57a2d4851a1d" />
    <TestEntry testId="8930d882-3bbd-8944-5200-f7a907000dfc" executionId="bc4c4788-428e-4ddc-a733-f877d2d45466" testListId="8c84fa94-04c1-424b-9868-57a2d4851a1d" />
    <TestEntry testId="d8254cb2-99a9-5fa4-0212-2ded41c41bd0" executionId="6a1b3779-bd19-4f5d-bdbf-2967bea51677" testListId="8c84fa94-04c1-424b-9868-57a2d4851a1d" />
    <TestEntry testId="b9e2ee06-91b7-acf8-fabd-84e17e5fc555" executionId="1897debc-b22d-4ab5-b2aa-f0e67879188a" testListId="8c84fa94-04c1-424b-9868-57a2d4851a1d" />
    <TestEntry testId="48e5f408-630a-7efe-4163-87f853b9fc3c" executionId="96e7e5b7-0539-4ba0-a00f-cf87a45cb0fd" testListId="8c84fa94-04c1-424b-9868-57a2d4851a1d" />
    <TestEntry testId="2b021d7e-c76f-2f26-bc24-23b377698977" executionId="67cdead3-f715-4b1f-83d3-1a5f29a4304d" testListId="8c84fa94-04c1-424b-9868-57a2d4851a1d" />
    <TestEntry testId="ddded40e-1f02-eacb-d4a2-e26ac1095ebf" executionId="db43510d-5d37-4f4b-807d-56edb924de78" testListId="8c84fa94-04c1-424b-9868-57a2d4851a1d" />
    <TestEntry testId="07e017ec-27c0-e3c7-e86f-7418562949bd" executionId="769cc582-d367-4725-a086-5c6099471496" testListId="8c84fa94-04c1-424b-9868-57a2d4851a1d" />
    <TestEntry testId="ecb758fe-0180-464c-e553-3e17f3a94b1f" executionId="74e72389-1123-4a85-a7d7-7cdbcf058d39" testListId="8c84fa94-04c1-424b-9868-57a2d4851a1d" />
    <TestEntry testId="5ac69b1a-a384-bee2-381f-56a296f2c282" executionId="563bdfbc-08e6-4a76-9202-11d9761d3102" testListId="8c84fa94-04c1-424b-9868-57a2d4851a1d" />
    <TestEntry testId="abc17b2d-2fdc-8231-f8f9-d08681dce944" executionId="10452ed3-8d0f-4cd7-9c0f-3a329d510c9d" testListId="8c84fa94-04c1-424b-9868-57a2d4851a1d" />
    <TestEntry testId="0849ef5c-5ece-5fd5-f289-447abc0f32b7" executionId="deff902e-ff4e-4347-9316-fcaea1e9e03c" testListId="8c84fa94-04c1-424b-9868-57a2d4851a1d" />
    <TestEntry testId="884913dc-63e3-b134-e957-2e7bedb5da00" executionId="12290dc9-57ab-4462-bf66-ba9d8eb67687" testListId="8c84fa94-04c1-424b-9868-57a2d4851a1d" />
    <TestEntry testId="41159a03-c027-b654-a27a-5a7d8d8246d9" executionId="332c5b58-3812-4bbc-938f-f1ae21884803" testListId="8c84fa94-04c1-424b-9868-57a2d4851a1d" />
    <TestEntry testId="62ab3ade-1e62-63bc-67fe-f16a91fdcb03" executionId="2974a3a1-c905-4f13-a046-572f839b5ec4" testListId="8c84fa94-04c1-424b-9868-57a2d4851a1d" />
    <TestEntry testId="11f6a1d3-68c5-e38c-c943-6b9363d564f1" executionId="ebb74c47-e329-4126-8e03-9b4f2c1c6062" testListId="8c84fa94-04c1-424b-9868-57a2d4851a1d" />
    <TestEntry testId="ee4023a9-7ef5-de07-c4fc-93e795d5baa7" executionId="f616e688-4a32-4214-aaa2-416780b849c7" testListId="8c84fa94-04c1-424b-9868-57a2d4851a1d" />
    <TestEntry testId="e537837c-49aa-c37d-6f72-a32aee3a91e2" executionId="893db81b-d74f-438b-a8a0-a69cced0a463" testListId="8c84fa94-04c1-424b-9868-57a2d4851a1d" />
    <TestEntry testId="6ce955a0-0761-b09e-dcca-c2383b742171" executionId="467509a0-3c00-4c8e-bc03-be1f52cbc68e" testListId="8c84fa94-04c1-424b-9868-57a2d4851a1d" />
    <TestEntry testId="8b0bbd88-d4e3-018e-eff8-fdef5f0617d3" executionId="47eba990-3bad-4c8c-9ae3-6477270ec9b8" testListId="8c84fa94-04c1-424b-9868-57a2d4851a1d" />
    <TestEntry testId="23744893-3ce4-b3c9-e589-b7048486411c" executionId="d50e1c3a-ec43-40c3-aad2-cc7b0cd3093f" testListId="8c84fa94-04c1-424b-9868-57a2d4851a1d" />
    <TestEntry testId="e7ba2069-4614-8f70-3802-5e750be986c1" executionId="d3adb9f4-f5c8-417b-a1bc-8537430f2768" testListId="8c84fa94-04c1-424b-9868-57a2d4851a1d" />
    <TestEntry testId="9e0b7fff-6087-8103-bf4a-c343b2ddff7d" executionId="af16e897-674d-4926-abcb-e6ccbd7cb3ec" testListId="8c84fa94-04c1-424b-9868-57a2d4851a1d" />
    <TestEntry testId="59315ec5-850b-190c-1c3a-c69be3cf286e" executionId="6019adc0-9827-47f8-a524-3baff3659d96" testListId="8c84fa94-04c1-424b-9868-57a2d4851a1d" />
    <TestEntry testId="94cf9b96-4bb3-ba5f-0704-49b8fc9a4cf0" executionId="1203005e-6642-4be3-81e3-25d4b56b6124" testListId="8c84fa94-04c1-424b-9868-57a2d4851a1d" />
    <TestEntry testId="2c3c5b9a-85d3-0ea3-3ec1-f527226951f2" executionId="3de7a715-e9a9-48d1-8c5b-d80b8ed98578" testListId="8c84fa94-04c1-424b-9868-57a2d4851a1d" />
    <TestEntry testId="d1a7ae75-499e-4c81-b00a-a79e362c4160" executionId="8921a3fe-8110-4ef8-88fe-163d245a0e6a" testListId="8c84fa94-04c1-424b-9868-57a2d4851a1d" />
    <TestEntry testId="5f39840e-bec0-c8da-e673-ef76d6aa6bc8" executionId="2cbbe140-2dc8-4c59-8c88-6a3a77ef271c" testListId="8c84fa94-04c1-424b-9868-57a2d4851a1d" />
    <TestEntry testId="9d9108bd-86db-659c-91d4-935425fa020c" executionId="1afd589d-ac61-4e25-a017-00b4f3673358" testListId="8c84fa94-04c1-424b-9868-57a2d4851a1d" />
    <TestEntry testId="d1a6ae8a-cb2b-c77a-d829-943ec8fecc27" executionId="11572607-6c3d-42fd-89a6-05f48f210c00" testListId="8c84fa94-04c1-424b-9868-57a2d4851a1d" />
    <TestEntry testId="3257b61e-ecc1-ecc4-fcd4-340f5d424a71" executionId="fa98af68-c60c-4deb-8549-53c2fd153724" testListId="8c84fa94-04c1-424b-9868-57a2d4851a1d" />
    <TestEntry testId="2c55edee-6a96-66e5-7447-ae0a0f99cbe5" executionId="4795e413-c1ec-4deb-98b6-f0ab9c46777d" testListId="8c84fa94-04c1-424b-9868-57a2d4851a1d" />
    <TestEntry testId="836c4ce4-261b-464f-c6a6-10c2a88fa0d7" executionId="e0328553-2303-47dd-a5c4-0f11798d02c1" testListId="8c84fa94-04c1-424b-9868-57a2d4851a1d" />
  </TestEntries>
  <TestLists>
    <TestList name="Results Not in a List" id="8c84fa94-04c1-424b-9868-57a2d4851a1d" />
    <TestList name="All Loaded Results" id="19431567-8539-422a-85d7-44ee4e166bda" />
  </TestLists>
  <ResultSummary outcome="Completed">
    <Counters total="427" executed="420" passed="420" failed="0" error="0" timeout="0" aborted="0" inconclusive="0" passedButRunAborted="0" notRunnable="0" notExecuted="0" disconnected="0" warning="0" completed="0" inProgress="0" pending="0" />
    <Output>
      <StdOut>Test 'ValidateIdpServer_WorkingHttpAddress_ShouldSuccess' was skipped in the test run.&#xD;
Test 'ValidateIdpServer_InvalidSslConfiguration_ShouldThrow' was skipped in the test run.&#xD;
Test 'ValidateIdpServer_HttpsAddressInvalidPort_ShouldThrow' was skipped in the test run.&#xD;
Test 'ValidateIdpServer_HttpAddressInvalidPort_ShouldThrow' was skipped in the test run.&#xD;
Test 'ValidateIdpServer_CancellationRequest_ShouldThrow' was skipped in the test run.&#xD;
Test 'ValidateFasterIdpServerOnBothSchemas_WorkingHttpAddress_ShouldSuccess' was skipped in the test run.&#xD;
Test 'ValidateFasterIdpServerOnBothSchemas_WorkingHttpAddressAndCancellationRequest_ShouldCancelAndReturnEmptyResult' was skipped in the test run.&#xD;
</StdOut>
    </Output>
  </ResultSummary>
</TestRun>