<?xml version="1.0" encoding="utf-8"?>
<TestRun id="5b064dab-aaa4-49ba-be01-2fed78c234da" name="DKSR-EFI-06$@DKSR-EFI-06 2024-01-09 15:41:11" runUser="NT AUTHORITY\NETWORK SERVICE" xmlns="http://microsoft.com/schemas/VisualStudio/TeamTest/2010">
  <Times creation="2024-01-09T15:41:11.3100303+01:00" queuing="2024-01-09T15:41:11.3100303+01:00" start="2024-01-09T15:41:08.0287747+01:00" finish="2024-01-09T15:45:56.5793559+01:00" />
  <TestSettings name="default" id="84dc6fdc-1bb8-4c6c-9a69-5574e66a1a76">
    <Deployment runDeploymentRoot="DKSR-EFI-06$_DKSR-EFI-06_2024-01-09_15_41_11" />
  </TestSettings>
  <Results>
    <UnitTestResult executionId="2aad4316-1075-4d63-859c-7679be63a06b" testId="afc650e6-c5e7-eca3-c24e-cf8137610992" testName="Create_GivenScriptWithoutTransactionComment_ShouldReturnScriptWithDefaultTransactionSupport" computerName="DKSR-EFI-06" duration="00:00:00.0037328" startTime="2024-01-09T15:45:56.2043028+01:00" endTime="2024-01-09T15:45:56.2043028+01:00" testType="13cdc9d9-ddb5-4fa4-a97d-d965ccfc6d4b" outcome="Passed" testListId="8c84fa94-04c1-424b-9868-57a2d4851a1d" relativeResultsDirectory="2aad4316-1075-4d63-859c-7679be63a06b" />
    <UnitTestResult executionId="de99a142-a889-4aeb-92ff-0c7aac4e7991" testId="af31b27d-5c61-fbc3-1ed2-e579eca71705" testName="IsReadyToExecute_UpdateScenario_CurrentDbVersionLowerThanMinimumSupportedVersion_ShouldLogAndReturnFalse" computerName="DKSR-EFI-06" duration="00:00:00.0137518" startTime="2024-01-09T15:45:56.1574187+01:00" endTime="2024-01-09T15:45:56.1730697+01:00" testType="13cdc9d9-ddb5-4fa4-a97d-d965ccfc6d4b" outcome="Passed" testListId="8c84fa94-04c1-424b-9868-57a2d4851a1d" relativeResultsDirectory="de99a142-a889-4aeb-92ff-0c7aac4e7991" />
    <UnitTestResult executionId="ff665ea0-81d2-4daa-bc7e-a14facd66b18" testId="741339a6-21fe-a872-cd6b-b614a77cc752" testName="CreateEmbedded_GivenEmptyScriptName_ShouldThrow" computerName="DKSR-EFI-06" duration="00:00:00.0006294" startTime="2024-01-09T15:45:56.2355566+01:00" endTime="2024-01-09T15:45:56.2355566+01:00" testType="13cdc9d9-ddb5-4fa4-a97d-d965ccfc6d4b" outcome="Passed" testListId="8c84fa94-04c1-424b-9868-57a2d4851a1d" relativeResultsDirectory="ff665ea0-81d2-4daa-bc7e-a14facd66b18" />
    <UnitTestResult executionId="d8bfd639-1bc8-4dca-a598-df9a4d9c8179" testId="2388efa5-9ced-56ba-7b92-9b5de847fc7e" testName="EnrichConfiguration_GivenInputAppConfig_ShouldReturnCorrectAppConfig" computerName="DKSR-EFI-06" duration="00:00:00.0150657" startTime="2024-01-09T15:45:56.3762031+01:00" endTime="2024-01-09T15:45:56.3918294+01:00" testType="13cdc9d9-ddb5-4fa4-a97d-d965ccfc6d4b" outcome="Passed" testListId="8c84fa94-04c1-424b-9868-57a2d4851a1d" relativeResultsDirectory="d8bfd639-1bc8-4dca-a598-df9a4d9c8179" />
    <UnitTestResult executionId="8aadc260-b0c6-4288-b977-d1bcfea9fa30" testId="79591c70-394d-9f25-62b4-ef18405cf903" testName="IsReadyToExecute_UpdateScenario_DatabaseExistsButShouldBeDeleted_ShouldSkipVersionAndProductValidation" computerName="DKSR-EFI-06" duration="00:00:00.0053957" startTime="2024-01-09T15:45:56.1886724+01:00" endTime="2024-01-09T15:45:56.1886724+01:00" testType="13cdc9d9-ddb5-4fa4-a97d-d965ccfc6d4b" outcome="Passed" testListId="8c84fa94-04c1-424b-9868-57a2d4851a1d" relativeResultsDirectory="8aadc260-b0c6-4288-b977-d1bcfea9fa30" />
    <UnitTestResult executionId="e8ed22de-e385-428d-83ae-c8ce5385e0b0" testId="bba149cc-081a-f1aa-47df-144245184e0e" testName="GetLogLevel_NoneLogLevel_Success" computerName="DKSR-EFI-06" duration="00:00:00.0007357" startTime="2024-01-09T15:45:56.3762031+01:00" endTime="2024-01-09T15:45:56.3762031+01:00" testType="13cdc9d9-ddb5-4fa4-a97d-d965ccfc6d4b" outcome="Passed" testListId="8c84fa94-04c1-424b-9868-57a2d4851a1d" relativeResultsDirectory="e8ed22de-e385-428d-83ae-c8ce5385e0b0" />
    <UnitTestResult executionId="8cec0475-ca65-412c-8ad2-2ab3552d795c" testId="78c43138-7ef9-3133-dade-14b848c3191c" testName="Create_GivenVersionedScript_ShouldReturnScriptWithVersion" computerName="DKSR-EFI-06" duration="00:00:00.0029302" startTime="2024-01-09T15:45:56.2199305+01:00" endTime="2024-01-09T15:45:56.2199305+01:00" testType="13cdc9d9-ddb5-4fa4-a97d-d965ccfc6d4b" outcome="Passed" testListId="8c84fa94-04c1-424b-9868-57a2d4851a1d" relativeResultsDirectory="8cec0475-ca65-412c-8ad2-2ab3552d795c" />
    <UnitTestResult executionId="8cfc3ddd-aaf3-4e7a-a698-74cbd16b6f23" testId="5b23e67a-a2a0-c3c3-cce5-1e6575c01c9d" testName="Create_GivenScriptWithoutValidStatements_ShouldReturnScriptWithoutStatements" computerName="DKSR-EFI-06" duration="00:00:00.0027766" startTime="2024-01-09T15:45:56.2043028+01:00" endTime="2024-01-09T15:45:56.2199305+01:00" testType="13cdc9d9-ddb5-4fa4-a97d-d965ccfc6d4b" outcome="Passed" testListId="8c84fa94-04c1-424b-9868-57a2d4851a1d" relativeResultsDirectory="8cfc3ddd-aaf3-4e7a-a698-74cbd16b6f23" />
    <UnitTestResult executionId="02424365-1f73-4cf5-910e-eb510c12f9f7" testId="9b464051-17df-e8a9-ef0d-733218e9a3ee" testName="Constructor_NoNulls_Success" computerName="DKSR-EFI-06" duration="00:00:00.0004196" startTime="2024-01-09T15:45:56.1574187+01:00" endTime="2024-01-09T15:45:56.1574187+01:00" testType="13cdc9d9-ddb5-4fa4-a97d-d965ccfc6d4b" outcome="Passed" testListId="8c84fa94-04c1-424b-9868-57a2d4851a1d" relativeResultsDirectory="02424365-1f73-4cf5-910e-eb510c12f9f7" />
    <UnitTestResult executionId="58b974db-65c1-4840-8fe6-5b414d8e187d" testId="f419461f-31bf-a70b-f83a-889f52c5c952" testName="GetVmsDbTypeMapper_VmsDbType_AllArguments" computerName="DKSR-EFI-06" duration="00:00:00.0035631" startTime="2024-01-09T15:45:56.1886724+01:00" endTime="2024-01-09T15:45:56.2043028+01:00" testType="13cdc9d9-ddb5-4fa4-a97d-d965ccfc6d4b" outcome="Passed" testListId="8c84fa94-04c1-424b-9868-57a2d4851a1d" relativeResultsDirectory="58b974db-65c1-4840-8fe6-5b414d8e187d" />
    <UnitTestResult executionId="6952a6d0-77e0-4323-bc11-59f2a919700a" testId="dde1f694-7e4c-1e4e-07c3-2a4082992625" testName="CreateThenUpgradeVmsDatabaseNoUpgradeScripts" computerName="DKSR-EFI-06" duration="00:01:11.4103711" startTime="2024-01-09T15:42:22.5602156+01:00" endTime="2024-01-09T15:43:33.9822517+01:00" testType="13cdc9d9-ddb5-4fa4-a97d-d965ccfc6d4b" outcome="Passed" testListId="8c84fa94-04c1-424b-9868-57a2d4851a1d" relativeResultsDirectory="6952a6d0-77e0-4323-bc11-59f2a919700a">
      <Output>
        <StdOut>Executing Baseline scripts&#xD;
Script content has been replaced. Key: {NewDatabaseLicenseTlsData}&#xD;
Script content has been replaced. Key: {NewDatabaseHomeSiteId}&#xD;
Script content has been replaced. Key: {NewDatabaseHomeSiteId}&#xD;
Script content has been replaced. Key: {NewDatabaseHomeSiteId}&#xD;
Baseline scripts have been executed&#xD;
&#xD;
Retrieving all sql files from: ; Current DB version: 23.3.8&#xD;
0 sql files found.&#xD;
Retrieving all sql files from: Temp&#xD;
0 sql files found.&#xD;
Retrieving all sql files from: StoredProcedures&#xD;
0 sql files found.&#xD;
Retrieving all sql files from: ; Current DB version: 23.3.8&#xD;
0 sql files found.&#xD;
Retrieving all sql files from: Temp&#xD;
0 sql files found.&#xD;
Retrieving all sql files from: StoredProcedures&#xD;
0 sql files found.</StdOut>
      </Output>
    </UnitTestResult>
    <UnitTestResult executionId="6a63d26b-96fe-443c-82fd-00beb4bfd502" testId="6099c9de-e2d2-7cf0-1838-8a8cc1758227" testName="GetLogLevel_DebugLogLevel_Success" computerName="DKSR-EFI-06" duration="00:00:00.0006623" startTime="2024-01-09T15:45:56.3762031+01:00" endTime="2024-01-09T15:45:56.3762031+01:00" testType="13cdc9d9-ddb5-4fa4-a97d-d965ccfc6d4b" outcome="Passed" testListId="8c84fa94-04c1-424b-9868-57a2d4851a1d" relativeResultsDirectory="6a63d26b-96fe-443c-82fd-00beb4bfd502" />
    <UnitTestResult executionId="5262187c-9518-49d3-8209-a6f880d3bb89" testId="b20c96e8-7c10-0b75-3794-96ea9f2e063e" testName="Create_GivenEmptyFilePath_ShouldThrow" computerName="DKSR-EFI-06" duration="00:00:00.0046780" startTime="2024-01-09T15:45:56.2043028+01:00" endTime="2024-01-09T15:45:56.2043028+01:00" testType="13cdc9d9-ddb5-4fa4-a97d-d965ccfc6d4b" outcome="Passed" testListId="8c84fa94-04c1-424b-9868-57a2d4851a1d" relativeResultsDirectory="5262187c-9518-49d3-8209-a6f880d3bb89" />
    <UnitTestResult executionId="0e3ac1ff-e95a-43d2-81ab-40f30b351c04" testId="064429b8-a5d8-3b48-d5a4-fc74fc62b102" testName="Get_GivenNotSupportedCommandLineArg_ShouldLogAndReturnNull" computerName="DKSR-EFI-06" duration="00:00:00.0024631" startTime="2024-01-09T15:45:56.3918294+01:00" endTime="2024-01-09T15:45:56.3918294+01:00" testType="13cdc9d9-ddb5-4fa4-a97d-d965ccfc6d4b" outcome="Passed" testListId="8c84fa94-04c1-424b-9868-57a2d4851a1d" relativeResultsDirectory="0e3ac1ff-e95a-43d2-81ab-40f30b351c04" />
    <UnitTestResult executionId="ce7e3918-f7c4-4bc5-90e5-2fa2a31d498c" testId="702645e6-7396-cb60-9de0-cccaae422d3f" testName="Get_GivenCommandLineArgs_ShouldReturnCorrectAppConfig" computerName="DKSR-EFI-06" duration="00:00:00.0044009" startTime="2024-01-09T15:45:56.4074567+01:00" endTime="2024-01-09T15:45:56.4074567+01:00" testType="13cdc9d9-ddb5-4fa4-a97d-d965ccfc6d4b" outcome="Passed" testListId="8c84fa94-04c1-424b-9868-57a2d4851a1d" relativeResultsDirectory="ce7e3918-f7c4-4bc5-90e5-2fa2a31d498c" />
    <UnitTestResult executionId="8b934fd2-b2f3-4b5f-a564-c8ce4612083a" testId="673d823a-c5c2-5092-cff8-6327f96305ec" testName="Execute_GivenEmptyScriptsCollection_ShouldDoNothing" computerName="DKSR-EFI-06" duration="00:00:00.0021621" startTime="2024-01-09T15:45:56.3136947+01:00" endTime="2024-01-09T15:45:56.3136947+01:00" testType="13cdc9d9-ddb5-4fa4-a97d-d965ccfc6d4b" outcome="Passed" testListId="8c84fa94-04c1-424b-9868-57a2d4851a1d" relativeResultsDirectory="8b934fd2-b2f3-4b5f-a564-c8ce4612083a" />
    <UnitTestResult executionId="80523fbc-c13d-46dc-a7a7-90322817d4ba" testId="b6a84fc9-b8af-7638-b578-e83dde990014" testName="CreateAndUpgradeVmsDatabaseToNewVersion" computerName="DKSR-EFI-06" duration="00:00:32.7134543" startTime="2024-01-09T15:43:50.5135662+01:00" endTime="2024-01-09T15:44:23.2168060+01:00" testType="13cdc9d9-ddb5-4fa4-a97d-d965ccfc6d4b" outcome="Passed" testListId="8c84fa94-04c1-424b-9868-57a2d4851a1d" relativeResultsDirectory="80523fbc-c13d-46dc-a7a7-90322817d4ba">
      <Output>
        <StdOut>Executing Baseline scripts&#xD;
Script content has been replaced. Key: {NewDatabaseLicenseTlsData}&#xD;
Script content has been replaced. Key: {NewDatabaseHomeSiteId}&#xD;
Script content has been replaced. Key: {NewDatabaseHomeSiteId}&#xD;
Script content has been replaced. Key: {NewDatabaseHomeSiteId}&#xD;
Baseline scripts have been executed&#xD;
&#xD;
Retrieving all sql files from: SomePath; Current DB version: 23.3.8&#xD;
Script 21.1.1.SomeScriptName.sql version 21.1.1 is lower than current VMS DB version 23.3.8&#xD;
1 sql files found.&#xD;
Retrieving all sql files from: SomePath\Temp&#xD;
0 sql files found.&#xD;
Retrieving all sql files from: SomePath\StoredProcedures&#xD;
0 sql files found.&#xD;
System table set to version: 55.3.9</StdOut>
      </Output>
    </UnitTestResult>
    <UnitTestResult executionId="a78d545e-2614-44a9-b124-8de658c4e8e4" testId="04f8bbce-1f90-cd92-253a-67e1f4ba674f" testName="Constructor_ScriptsExecutor_Null_Throws_ArgumentNullException" computerName="DKSR-EFI-06" duration="00:00:00.0006983" startTime="2024-01-09T15:45:56.1574187+01:00" endTime="2024-01-09T15:45:56.1574187+01:00" testType="13cdc9d9-ddb5-4fa4-a97d-d965ccfc6d4b" outcome="Passed" testListId="8c84fa94-04c1-424b-9868-57a2d4851a1d" relativeResultsDirectory="a78d545e-2614-44a9-b124-8de658c4e8e4" />
    <UnitTestResult executionId="d811f97a-eb65-4809-a83f-4435d33274ea" testId="89a11917-5aa8-feb1-68af-0ce22ad844d0" testName="Get_GivenHelpArg_ShouldSkipArgsValidationAndReturnAppConfig" computerName="DKSR-EFI-06" duration="00:00:00.0017803" startTime="2024-01-09T15:45:56.3918294+01:00" endTime="2024-01-09T15:45:56.3918294+01:00" testType="13cdc9d9-ddb5-4fa4-a97d-d965ccfc6d4b" outcome="Passed" testListId="8c84fa94-04c1-424b-9868-57a2d4851a1d" relativeResultsDirectory="d811f97a-eb65-4809-a83f-4435d33274ea" />
    <UnitTestResult executionId="7ddfd89a-4ac0-4ec7-b5a5-4851e099a70e" testId="465f0b10-185c-c9d6-3652-0b9a093b0b3b" testName="ShouldExecute_GivenVmsConnectionString_ShouldReturnTrue" computerName="DKSR-EFI-06" duration="00:00:00.0004730" startTime="2024-01-09T15:45:56.1574187+01:00" endTime="2024-01-09T15:45:56.1574187+01:00" testType="13cdc9d9-ddb5-4fa4-a97d-d965ccfc6d4b" outcome="Passed" testListId="8c84fa94-04c1-424b-9868-57a2d4851a1d" relativeResultsDirectory="7ddfd89a-4ac0-4ec7-b5a5-4851e099a70e" />
    <UnitTestResult executionId="c22be24b-b9bc-47ab-963e-2c77f8cd4df4" testId="ca18aca4-9d6f-eaf5-771c-009a4cbed329" testName="Get_GivenEmptyCommandLineArgs_ShouldReturnDefaultAppConfig" computerName="DKSR-EFI-06" duration="00:00:00.0039864" startTime="2024-01-09T15:45:56.3918294+01:00" endTime="2024-01-09T15:45:56.3918294+01:00" testType="13cdc9d9-ddb5-4fa4-a97d-d965ccfc6d4b" outcome="Passed" testListId="8c84fa94-04c1-424b-9868-57a2d4851a1d" relativeResultsDirectory="c22be24b-b9bc-47ab-963e-2c77f8cd4df4" />
    <UnitTestResult executionId="cdbd7a56-c336-404a-8df1-6205001fef2f" testId="65bbabd0-1aa6-9abd-2678-07f395504fe6" testName="CreateThenUpgradeInCorrectOrder" computerName="DKSR-EFI-06" duration="00:00:26.2719805" startTime="2024-01-09T15:45:11.5137586+01:00" endTime="2024-01-09T15:45:37.7950491+01:00" testType="13cdc9d9-ddb5-4fa4-a97d-d965ccfc6d4b" outcome="Passed" testListId="8c84fa94-04c1-424b-9868-57a2d4851a1d" relativeResultsDirectory="cdbd7a56-c336-404a-8df1-6205001fef2f">
      <Output>
        <StdOut>Executing Baseline scripts&#xD;
Script content has been replaced. Key: {NewDatabaseLicenseTlsData}&#xD;
Script content has been replaced. Key: {NewDatabaseHomeSiteId}&#xD;
Script content has been replaced. Key: {NewDatabaseHomeSiteId}&#xD;
Script content has been replaced. Key: {NewDatabaseHomeSiteId}&#xD;
Baseline scripts have been executed&#xD;
&#xD;
Retrieving all sql files from: SomePath; Current DB version: 23.3.8&#xD;
2 sql files found.&#xD;
Retrieving all sql files from: SomePath\Temp&#xD;
0 sql files found.&#xD;
Retrieving all sql files from: SomePath\StoredProcedures&#xD;
0 sql files found.&#xD;
System table set to version: 51.1.1&#xD;
&#xD;
System table set to version: 55.3.9</StdOut>
      </Output>
    </UnitTestResult>
    <UnitTestResult executionId="b25c457f-b1d2-422c-99a8-b3d3ad462cff" testId="5581f54c-df72-453d-9da1-39abdb36fa4f" testName="Constructor_MasterDbOperations_Null_Throws_ArgumentNullException" computerName="DKSR-EFI-06" duration="00:00:00.0007932" startTime="2024-01-09T15:45:56.1417916+01:00" endTime="2024-01-09T15:45:56.1417916+01:00" testType="13cdc9d9-ddb5-4fa4-a97d-d965ccfc6d4b" outcome="Passed" testListId="8c84fa94-04c1-424b-9868-57a2d4851a1d" relativeResultsDirectory="b25c457f-b1d2-422c-99a8-b3d3ad462cff" />
    <UnitTestResult executionId="fdc3eb85-fbe2-48fd-af78-5b3d3bf805fd" testId="fc744469-1019-677e-ec3e-cac0babb1498" testName="GetVersionedScripts_PathWithoutScripts_EmptyResult_Success" computerName="DKSR-EFI-06" duration="00:00:00.0139080" startTime="2024-01-09T15:45:56.2355566+01:00" endTime="2024-01-09T15:45:56.2511848+01:00" testType="13cdc9d9-ddb5-4fa4-a97d-d965ccfc6d4b" outcome="Passed" testListId="8c84fa94-04c1-424b-9868-57a2d4851a1d" relativeResultsDirectory="fdc3eb85-fbe2-48fd-af78-5b3d3bf805fd" />
    <UnitTestResult executionId="3d970b60-230a-45b6-b85b-50837129c4e2" testId="e78fe158-9bbe-4100-8e01-2da76940083e" testName="IsReadyToExecute_NoVmsConnectionString_ShouldReturnFalse" computerName="DKSR-EFI-06" duration="00:00:00.0004427" startTime="2024-01-09T15:45:56.1574187+01:00" endTime="2024-01-09T15:45:56.1574187+01:00" testType="13cdc9d9-ddb5-4fa4-a97d-d965ccfc6d4b" outcome="Passed" testListId="8c84fa94-04c1-424b-9868-57a2d4851a1d" relativeResultsDirectory="3d970b60-230a-45b6-b85b-50837129c4e2" />
    <UnitTestResult executionId="52351b5f-af4f-4973-bc04-a890e4d22e6a" testId="10da54e4-c3e2-70d3-8bc7-de9feda214da" testName="Create_GivenNonVersionedScript_ShouldReturnScriptWithoutVersion" computerName="DKSR-EFI-06" duration="00:00:00.0027583" startTime="2024-01-09T15:45:56.2199305+01:00" endTime="2024-01-09T15:45:56.2355566+01:00" testType="13cdc9d9-ddb5-4fa4-a97d-d965ccfc6d4b" outcome="Passed" testListId="8c84fa94-04c1-424b-9868-57a2d4851a1d" relativeResultsDirectory="52351b5f-af4f-4973-bc04-a890e4d22e6a" />
    <UnitTestResult executionId="a3d9fafd-46d5-4257-84a2-a041a8726d93" testId="bd5aa487-7039-c07f-c64a-9bb61750aff0" testName="Execute_GivenOneScriptInCollection_ShouldExecuteScript" computerName="DKSR-EFI-06" duration="00:00:00.0060270" startTime="2024-01-09T15:45:56.3136947+01:00" endTime="2024-01-09T15:45:56.3136947+01:00" testType="13cdc9d9-ddb5-4fa4-a97d-d965ccfc6d4b" outcome="Passed" testListId="8c84fa94-04c1-424b-9868-57a2d4851a1d" relativeResultsDirectory="a3d9fafd-46d5-4257-84a2-a041a8726d93" />
    <UnitTestResult executionId="331ec5b7-a8f8-427a-aa60-97d914236200" testId="875548f8-2077-d880-325c-60b6c68964fb" testName="GetAllScripts_GivenStoredProcedures_ShouldCollectThem_Success" computerName="DKSR-EFI-06" duration="00:00:00.0083245" startTime="2024-01-09T15:45:56.2824394+01:00" endTime="2024-01-09T15:45:56.2980685+01:00" testType="13cdc9d9-ddb5-4fa4-a97d-d965ccfc6d4b" outcome="Passed" testListId="8c84fa94-04c1-424b-9868-57a2d4851a1d" relativeResultsDirectory="331ec5b7-a8f8-427a-aa60-97d914236200" />
    <UnitTestResult executionId="25ca2019-a782-46a3-9d97-7fbb03c8f26a" testId="68cb11d5-1985-d85b-200d-5926f8c81604" testName="GetVersionedScripts_Sorting_Success" computerName="DKSR-EFI-06" duration="00:00:00.0098744" startTime="2024-01-09T15:45:56.2511848+01:00" endTime="2024-01-09T15:45:56.2668119+01:00" testType="13cdc9d9-ddb5-4fa4-a97d-d965ccfc6d4b" outcome="Passed" testListId="8c84fa94-04c1-424b-9868-57a2d4851a1d" relativeResultsDirectory="25ca2019-a782-46a3-9d97-7fbb03c8f26a" />
    <UnitTestResult executionId="cb5d5aee-c53d-409f-9939-c5f0264cd553" testId="b608d459-68f8-4b17-c569-7ce8de19aa3a" testName="Constructor_DatabaseVersionProviderFactory_Null_Throws_ArgumentNullException" computerName="DKSR-EFI-06" duration="00:00:00.0006831" startTime="2024-01-09T15:45:56.1574187+01:00" endTime="2024-01-09T15:45:56.1574187+01:00" testType="13cdc9d9-ddb5-4fa4-a97d-d965ccfc6d4b" outcome="Passed" testListId="8c84fa94-04c1-424b-9868-57a2d4851a1d" relativeResultsDirectory="cb5d5aee-c53d-409f-9939-c5f0264cd553" />
    <UnitTestResult executionId="0d92c6df-0356-4ddb-bd03-41cfd3915e3a" testId="904deb02-8736-9b32-c134-5c7d259832e2" testName="Execute_GivenOneBrokenScriptInCollection_ShouldThrow" computerName="DKSR-EFI-06" duration="00:00:00.0046928" startTime="2024-01-09T15:45:56.3136947+01:00" endTime="2024-01-09T15:45:56.3136947+01:00" testType="13cdc9d9-ddb5-4fa4-a97d-d965ccfc6d4b" outcome="Passed" testListId="8c84fa94-04c1-424b-9868-57a2d4851a1d" relativeResultsDirectory="0d92c6df-0356-4ddb-bd03-41cfd3915e3a" />
    <UnitTestResult executionId="f359be5e-fce1-4f1e-9343-c4220575a01b" testId="3c38b12d-0514-ddbf-d2d8-766e948984fc" testName="CreateThenOverwriteDatabase" computerName="DKSR-EFI-06" duration="00:00:48.2942242" startTime="2024-01-09T15:44:23.2168060+01:00" endTime="2024-01-09T15:45:11.5137586+01:00" testType="13cdc9d9-ddb5-4fa4-a97d-d965ccfc6d4b" outcome="Passed" testListId="8c84fa94-04c1-424b-9868-57a2d4851a1d" relativeResultsDirectory="f359be5e-fce1-4f1e-9343-c4220575a01b">
      <Output>
        <StdOut>Executing Baseline scripts&#xD;
Script content has been replaced. Key: {NewDatabaseLicenseTlsData}&#xD;
Script content has been replaced. Key: {NewDatabaseHomeSiteId}&#xD;
Script content has been replaced. Key: {NewDatabaseHomeSiteId}&#xD;
Script content has been replaced. Key: {NewDatabaseHomeSiteId}&#xD;
Baseline scripts have been executed&#xD;
&#xD;
Retrieving all sql files from: SomePath; Current DB version: 23.3.8&#xD;
1 sql files found.&#xD;
Retrieving all sql files from: SomePath\Temp&#xD;
0 sql files found.&#xD;
Retrieving all sql files from: SomePath\StoredProcedures&#xD;
0 sql files found.&#xD;
System table set to version: 55.3.9&#xD;
&#xD;
Executing Baseline scripts&#xD;
Script content has been replaced. Key: {NewDatabaseLicenseTlsData}&#xD;
Script content has been replaced. Key: {NewDatabaseHomeSiteId}&#xD;
Script content has been replaced. Key: {NewDatabaseHomeSiteId}&#xD;
Script content has been replaced. Key: {NewDatabaseHomeSiteId}&#xD;
Baseline scripts have been executed&#xD;
&#xD;
Retrieving all sql files from: SomePath; Current DB version: 23.3.8&#xD;
0 sql files found.&#xD;
Retrieving all sql files from: SomePath\Temp&#xD;
0 sql files found.&#xD;
Retrieving all sql files from: SomePath\StoredProcedures&#xD;
0 sql files found.</StdOut>
      </Output>
    </UnitTestResult>
    <UnitTestResult executionId="55ec58dc-2a76-40b2-a648-dc7b8cca4f39" testId="e9f0dcf8-8217-8bbf-fe69-3ef1086dfebe" testName="Get_NoScriptsPath_ShouldTakeExecutingAssemblyLocation" computerName="DKSR-EFI-06" duration="00:00:00.0015809" startTime="2024-01-09T15:45:56.4074567+01:00" endTime="2024-01-09T15:45:56.4074567+01:00" testType="13cdc9d9-ddb5-4fa4-a97d-d965ccfc6d4b" outcome="Passed" testListId="8c84fa94-04c1-424b-9868-57a2d4851a1d" relativeResultsDirectory="55ec58dc-2a76-40b2-a648-dc7b8cca4f39" />
    <UnitTestResult executionId="53b2fb84-f625-42a3-a036-4f49bf9b0137" testId="6ee6e7fe-d9ff-b8c7-4cce-86eb02501373" testName="Create_GivenScriptWithoutTransactionSupport_ShouldReturnScriptWithoutTransactionSupport" computerName="DKSR-EFI-06" duration="00:00:00.0021246" startTime="2024-01-09T15:45:56.2043028+01:00" endTime="2024-01-09T15:45:56.2043028+01:00" testType="13cdc9d9-ddb5-4fa4-a97d-d965ccfc6d4b" outcome="Passed" testListId="8c84fa94-04c1-424b-9868-57a2d4851a1d" relativeResultsDirectory="53b2fb84-f625-42a3-a036-4f49bf9b0137" />
    <UnitTestResult executionId="940422f5-258b-4479-a1a8-7b7473d83838" testId="ab194622-cf10-28ec-2400-b5abc4ca3946" testName="Execute_GivenMultipleScriptsInCollection_ShouldExecuteAllScripts" computerName="DKSR-EFI-06" duration="00:00:00.0079043" startTime="2024-01-09T15:45:56.3136947+01:00" endTime="2024-01-09T15:45:56.3293214+01:00" testType="13cdc9d9-ddb5-4fa4-a97d-d965ccfc6d4b" outcome="Passed" testListId="8c84fa94-04c1-424b-9868-57a2d4851a1d" relativeResultsDirectory="940422f5-258b-4479-a1a8-7b7473d83838" />
    <UnitTestResult executionId="553527a7-424e-4fe6-8a8b-37c3f240973c" testId="3cca7369-9ecc-3ef2-22e8-86d9ac384202" testName="GetVersionedScripts_GivenOldScriptThatCurrentDbVersion_ShouldSkipThatScript" computerName="DKSR-EFI-06" duration="00:00:00.0145152" startTime="2024-01-09T15:45:56.2668119+01:00" endTime="2024-01-09T15:45:56.2824394+01:00" testType="13cdc9d9-ddb5-4fa4-a97d-d965ccfc6d4b" outcome="Passed" testListId="8c84fa94-04c1-424b-9868-57a2d4851a1d" relativeResultsDirectory="553527a7-424e-4fe6-8a8b-37c3f240973c" />
    <UnitTestResult executionId="3e7f3191-d57d-41b2-b9b4-1e64056338b0" testId="686a860e-766b-012e-f87d-3bb3f66d6abf" testName="CreateVmsDatabaseDatabaseAlreadyExists" computerName="DKSR-EFI-06" startTime="2024-01-09T15:41:35.5913578+01:00" endTime="2024-01-09T15:41:35.5913578+01:00" testType="13cdc9d9-ddb5-4fa4-a97d-d965ccfc6d4b" outcome="NotExecuted" testListId="8c84fa94-04c1-424b-9868-57a2d4851a1d" relativeResultsDirectory="3e7f3191-d57d-41b2-b9b4-1e64056338b0">
      <Output></Output>
    </UnitTestResult>
    <UnitTestResult executionId="c781bb7d-250b-42f8-9b3a-2a8b415d357e" testId="5bf11d8b-aae6-877c-b28c-17bae43fadfa" testName="Constructor_KeyStorage_Null_Throws_ArgumentNullException" computerName="DKSR-EFI-06" duration="00:00:00.0006710" startTime="2024-01-09T15:45:56.1574187+01:00" endTime="2024-01-09T15:45:56.1574187+01:00" testType="13cdc9d9-ddb5-4fa4-a97d-d965ccfc6d4b" outcome="Passed" testListId="8c84fa94-04c1-424b-9868-57a2d4851a1d" relativeResultsDirectory="c781bb7d-250b-42f8-9b3a-2a8b415d357e" />
    <UnitTestResult executionId="d52e30f2-6336-4f12-ae31-23c3adab2ffb" testId="ac9ae4b8-5b59-bf17-6036-8874e550ac26" testName="CreateVmsDatabase" computerName="DKSR-EFI-06" duration="00:00:25.2990191" startTime="2024-01-09T15:41:10.2944031+01:00" endTime="2024-01-09T15:41:35.5913578+01:00" testType="13cdc9d9-ddb5-4fa4-a97d-d965ccfc6d4b" outcome="Passed" testListId="8c84fa94-04c1-424b-9868-57a2d4851a1d" relativeResultsDirectory="d52e30f2-6336-4f12-ae31-23c3adab2ffb">
      <Output>
        <StdOut>Executing Baseline scripts&#xD;
Script content has been replaced. Key: {NewDatabaseLicenseTlsData}&#xD;
Script content has been replaced. Key: {NewDatabaseHomeSiteId}&#xD;
Script content has been replaced. Key: {NewDatabaseHomeSiteId}&#xD;
Script content has been replaced. Key: {NewDatabaseHomeSiteId}&#xD;
Baseline scripts have been executed&#xD;
&#xD;
Retrieving all sql files from: ; Current DB version: 23.3.8&#xD;
0 sql files found.&#xD;
Retrieving all sql files from: Temp&#xD;
0 sql files found.&#xD;
Retrieving all sql files from: StoredProcedures&#xD;
0 sql files found.</StdOut>
      </Output>
    </UnitTestResult>
    <UnitTestResult executionId="b8375b59-6a8d-444e-b3b8-6587ce53dda4" testId="32eb61fc-2450-1ada-8488-7c573853f5df" testName="GetAllScripts_GivenTempScripts_ShouldCollectThem_Success" computerName="DKSR-EFI-06" duration="00:00:00.0084157" startTime="2024-01-09T15:45:56.2824394+01:00" endTime="2024-01-09T15:45:56.2824394+01:00" testType="13cdc9d9-ddb5-4fa4-a97d-d965ccfc6d4b" outcome="Passed" testListId="8c84fa94-04c1-424b-9868-57a2d4851a1d" relativeResultsDirectory="b8375b59-6a8d-444e-b3b8-6587ce53dda4" />
    <UnitTestResult executionId="3d5edcb3-134c-4f3e-9412-e2a30eb76f8f" testId="095f3b1b-c15f-8f8f-6f45-89cc91d4fcbb" testName="IsReadyToExecute_UpdateScenario_DowngradeProduct_ShouldLogAndReturnFalse" computerName="DKSR-EFI-06" duration="00:00:00.0087883" startTime="2024-01-09T15:45:56.1730697+01:00" endTime="2024-01-09T15:45:56.1730697+01:00" testType="13cdc9d9-ddb5-4fa4-a97d-d965ccfc6d4b" outcome="Passed" testListId="8c84fa94-04c1-424b-9868-57a2d4851a1d" relativeResultsDirectory="3d5edcb3-134c-4f3e-9412-e2a30eb76f8f" />
    <UnitTestResult executionId="082c82ae-4519-493c-a491-4fd461eab51a" testId="41d30b56-9442-82fc-617e-045fc6735520" testName="Constructor_Logger_Null_Throws_ArgumentNullException" computerName="DKSR-EFI-06" duration="00:00:00.0032985" startTime="2024-01-09T15:45:56.1417916+01:00" endTime="2024-01-09T15:45:56.1417916+01:00" testType="13cdc9d9-ddb5-4fa4-a97d-d965ccfc6d4b" outcome="Passed" testListId="8c84fa94-04c1-424b-9868-57a2d4851a1d" relativeResultsDirectory="082c82ae-4519-493c-a491-4fd461eab51a" />
    <UnitTestResult executionId="8653a89e-48d1-46bc-8953-1a752f553839" testId="95fcec59-d8a9-a66a-a9de-92fa7fa22840" testName="DefaultConstructor_NullEnvironmentWrapper_Throws_ArgumentNullException" computerName="DKSR-EFI-06" duration="00:00:00.0009883" startTime="2024-01-09T15:45:56.3605749+01:00" endTime="2024-01-09T15:45:56.3605749+01:00" testType="13cdc9d9-ddb5-4fa4-a97d-d965ccfc6d4b" outcome="Passed" testListId="8c84fa94-04c1-424b-9868-57a2d4851a1d" relativeResultsDirectory="8653a89e-48d1-46bc-8953-1a752f553839" />
    <UnitTestResult executionId="3dad3b4f-c5cf-4945-bc0a-6990f9990ba6" testId="75405596-547d-3d11-b42a-a99c32d62adb" testName="Constructor_AppConfigProvider_Null_Throws_ArgumentNullException" computerName="DKSR-EFI-06" duration="00:00:00.0008486" startTime="2024-01-09T15:45:56.1417916+01:00" endTime="2024-01-09T15:45:56.1417916+01:00" testType="13cdc9d9-ddb5-4fa4-a97d-d965ccfc6d4b" outcome="Passed" testListId="8c84fa94-04c1-424b-9868-57a2d4851a1d" relativeResultsDirectory="3dad3b4f-c5cf-4945-bc0a-6990f9990ba6" />
    <UnitTestResult executionId="63fbc137-721c-43f3-8312-f07382974c10" testId="0b5cb3ff-7c31-8b4f-f774-04f204b3af60" testName="CreateThenUpgradeVmsDatabaseToNewVersion" computerName="DKSR-EFI-06" duration="00:00:16.5314032" startTime="2024-01-09T15:43:33.9822517+01:00" endTime="2024-01-09T15:43:50.5135662+01:00" testType="13cdc9d9-ddb5-4fa4-a97d-d965ccfc6d4b" outcome="Passed" testListId="8c84fa94-04c1-424b-9868-57a2d4851a1d" relativeResultsDirectory="63fbc137-721c-43f3-8312-f07382974c10">
      <Output>
        <StdOut>Executing Baseline scripts&#xD;
Script content has been replaced. Key: {NewDatabaseLicenseTlsData}&#xD;
Script content has been replaced. Key: {NewDatabaseHomeSiteId}&#xD;
Script content has been replaced. Key: {NewDatabaseHomeSiteId}&#xD;
Script content has been replaced. Key: {NewDatabaseHomeSiteId}&#xD;
Baseline scripts have been executed&#xD;
&#xD;
Retrieving all sql files from: SomePath; Current DB version: 23.3.8&#xD;
0 sql files found.&#xD;
Retrieving all sql files from: SomePath\Temp&#xD;
0 sql files found.&#xD;
Retrieving all sql files from: SomePath\StoredProcedures&#xD;
0 sql files found.&#xD;
Retrieving all sql files from: SomePath; Current DB version: 23.3.8&#xD;
Script 21.1.1.SomeScriptName.sql version 21.1.1 is lower than current VMS DB version 23.3.8&#xD;
1 sql files found.&#xD;
Retrieving all sql files from: SomePath\Temp&#xD;
0 sql files found.&#xD;
Retrieving all sql files from: SomePath\StoredProcedures&#xD;
0 sql files found.&#xD;
System table set to version: 55.3.9</StdOut>
      </Output>
    </UnitTestResult>
    <UnitTestResult executionId="f6bc73dd-d7a2-4f4c-b223-7060b3c0f409" testId="8876f71d-207b-9e98-73fb-269dea525259" testName="EnrichConfiguration_NoScriptsPath_ShouldTakeExecutingAssemblyLocation" computerName="DKSR-EFI-06" duration="00:00:00.0018455" startTime="2024-01-09T15:45:56.3918294+01:00" endTime="2024-01-09T15:45:56.3918294+01:00" testType="13cdc9d9-ddb5-4fa4-a97d-d965ccfc6d4b" outcome="Passed" testListId="8c84fa94-04c1-424b-9868-57a2d4851a1d" relativeResultsDirectory="f6bc73dd-d7a2-4f4c-b223-7060b3c0f409" />
    <UnitTestResult executionId="1f8fb2ad-9ace-4ce0-ba08-29b8c700f5c1" testId="d6dfd496-6209-a847-e8f3-6fbcdc84c22c" testName="Create_GivenScriptWithMultipleStatements_ShouldReturnScriptWithThatStatements" computerName="DKSR-EFI-06" duration="00:00:00.0038821" startTime="2024-01-09T15:45:56.2199305+01:00" endTime="2024-01-09T15:45:56.2199305+01:00" testType="13cdc9d9-ddb5-4fa4-a97d-d965ccfc6d4b" outcome="Passed" testListId="8c84fa94-04c1-424b-9868-57a2d4851a1d" relativeResultsDirectory="1f8fb2ad-9ace-4ce0-ba08-29b8c700f5c1" />
    <UnitTestResult executionId="0a4adf37-9679-4e8b-98a3-353e8b2f88f9" testId="7cf895a2-7f92-0c2a-94f7-77225e4e367a" testName="Constructor_DbOperations_Null_Throws_ArgumentNullException" computerName="DKSR-EFI-06" duration="00:00:00.0007625" startTime="2024-01-09T15:45:56.1417916+01:00" endTime="2024-01-09T15:45:56.1417916+01:00" testType="13cdc9d9-ddb5-4fa4-a97d-d965ccfc6d4b" outcome="Passed" testListId="8c84fa94-04c1-424b-9868-57a2d4851a1d" relativeResultsDirectory="0a4adf37-9679-4e8b-98a3-353e8b2f88f9" />
    <UnitTestResult executionId="294786be-6e8c-417b-8a18-85e9616224fd" testId="6717228d-b0db-29cf-2f7d-7fb9f7b75e75" testName="Execute_GivenInvalidAppConfiguration_ShouldLogAndReturnFalse" computerName="DKSR-EFI-06" duration="00:00:00.5554226" startTime="2024-01-09T15:41:09.4662782+01:00" endTime="2024-01-09T15:41:10.2319026+01:00" testType="13cdc9d9-ddb5-4fa4-a97d-d965ccfc6d4b" outcome="Passed" testListId="8c84fa94-04c1-424b-9868-57a2d4851a1d" relativeResultsDirectory="294786be-6e8c-417b-8a18-85e9616224fd" />
    <UnitTestResult executionId="ce3f9c5b-c650-4c53-a15e-78daf4ffc25b" testId="b981ef1e-0643-0a10-c408-9602ea31071b" testName="GetLogLevel_InvalidArgument_Returns_DefaultLogLevel" computerName="DKSR-EFI-06" duration="00:00:00.0029741" startTime="2024-01-09T15:45:56.3605749+01:00" endTime="2024-01-09T15:45:56.3762031+01:00" testType="13cdc9d9-ddb5-4fa4-a97d-d965ccfc6d4b" outcome="Passed" testListId="8c84fa94-04c1-424b-9868-57a2d4851a1d" relativeResultsDirectory="ce3f9c5b-c650-4c53-a15e-78daf4ffc25b" />
    <UnitTestResult executionId="721a3163-1616-442f-818d-33d320beec79" testId="e9246b2a-5ddd-ce86-661a-ec992691ba70" testName="IsValidConfiguration_GivenNotSupportedCommandLineArg_ShouldLogAndReturnFalse" computerName="DKSR-EFI-06" duration="00:00:00.0023395" startTime="2024-01-09T15:45:56.3918294+01:00" endTime="2024-01-09T15:45:56.4074567+01:00" testType="13cdc9d9-ddb5-4fa4-a97d-d965ccfc6d4b" outcome="Passed" testListId="8c84fa94-04c1-424b-9868-57a2d4851a1d" relativeResultsDirectory="721a3163-1616-442f-818d-33d320beec79" />
    <UnitTestResult executionId="cecc6752-4d87-4b6c-82d0-645aa599e66e" testId="9bfeb736-ca4e-5e91-b7a2-4db35809c59a" testName="IsReadyToExecute_UpdateScenario_HappyPath_ShouldReturnTrue" computerName="DKSR-EFI-06" duration="00:00:00.0088975" startTime="2024-01-09T15:45:56.1730697+01:00" endTime="2024-01-09T15:45:56.1886724+01:00" testType="13cdc9d9-ddb5-4fa4-a97d-d965ccfc6d4b" outcome="Passed" testListId="8c84fa94-04c1-424b-9868-57a2d4851a1d" relativeResultsDirectory="cecc6752-4d87-4b6c-82d0-645aa599e66e" />
    <UnitTestResult executionId="3fb05c45-ca5a-446c-ac6a-161f8e9d31d2" testId="c88add81-88bd-8ea9-989f-db2dfc287771" testName="CreateEmbedded_GivenExistingScriptName_ShouldReturnValidScript" computerName="DKSR-EFI-06" duration="00:00:00.0017329" startTime="2024-01-09T15:45:56.2355566+01:00" endTime="2024-01-09T15:45:56.2355566+01:00" testType="13cdc9d9-ddb5-4fa4-a97d-d965ccfc6d4b" outcome="Passed" testListId="8c84fa94-04c1-424b-9868-57a2d4851a1d" relativeResultsDirectory="3fb05c45-ca5a-446c-ac6a-161f8e9d31d2" />
    <UnitTestResult executionId="721f134b-865a-4165-a4d5-3f8911385b88" testId="50a58278-6fbf-6e1e-a6e1-637055c38299" testName="Execute_ScriptNoVersion_ShouldNotSetVersion" computerName="DKSR-EFI-06" duration="00:00:00.0048787" startTime="2024-01-09T15:45:56.3449471+01:00" endTime="2024-01-09T15:45:56.3605749+01:00" testType="13cdc9d9-ddb5-4fa4-a97d-d965ccfc6d4b" outcome="Passed" testListId="8c84fa94-04c1-424b-9868-57a2d4851a1d" relativeResultsDirectory="721f134b-865a-4165-a4d5-3f8911385b88" />
    <UnitTestResult executionId="e1aa66dc-d8ac-405a-b210-2833ce4bbaf9" testId="700cd3a9-84b0-2e12-b13f-48ceb717eb8b" testName="DefaultConstructor_NullErrorLogger_Throws_ArgumentNullException" computerName="DKSR-EFI-06" duration="00:00:00.0006026" startTime="2024-01-09T15:45:56.3605749+01:00" endTime="2024-01-09T15:45:56.3605749+01:00" testType="13cdc9d9-ddb5-4fa4-a97d-d965ccfc6d4b" outcome="Passed" testListId="8c84fa94-04c1-424b-9868-57a2d4851a1d" relativeResultsDirectory="e1aa66dc-d8ac-405a-b210-2833ce4bbaf9" />
    <UnitTestResult executionId="519b87cf-8fc0-4414-be22-6d3684275b03" testId="4f77b768-fdd6-d9f7-17dc-d6fe0dba6a76" testName="GetLogLevel_WarningLogLevel_Success" computerName="DKSR-EFI-06" duration="00:00:00.0010518" startTime="2024-01-09T15:45:56.3762031+01:00" endTime="2024-01-09T15:45:56.3762031+01:00" testType="13cdc9d9-ddb5-4fa4-a97d-d965ccfc6d4b" outcome="Passed" testListId="8c84fa94-04c1-424b-9868-57a2d4851a1d" relativeResultsDirectory="519b87cf-8fc0-4414-be22-6d3684275b03" />
    <UnitTestResult executionId="3bf56753-a521-4708-8b36-932b7641ee01" testId="a0f9c482-e7b2-3a3d-cfcc-2dcdd4040ff9" testName="Get_GivenIsExternallyManagedDbArg_ShouldReturnCorrectAppConfig" computerName="DKSR-EFI-06" duration="00:00:00.0021691" startTime="2024-01-09T15:45:56.4074567+01:00" endTime="2024-01-09T15:45:56.4074567+01:00" testType="13cdc9d9-ddb5-4fa4-a97d-d965ccfc6d4b" outcome="Passed" testListId="8c84fa94-04c1-424b-9868-57a2d4851a1d" relativeResultsDirectory="3bf56753-a521-4708-8b36-932b7641ee01" />
    <UnitTestResult executionId="c84589da-39bb-4539-a954-2149b9e45f75" testId="01826079-be72-7b70-b9e3-2bcdd8fb2e14" testName="GetLogLevel_DefaultLogLevel_Success" computerName="DKSR-EFI-06" duration="00:00:00.0062101" startTime="2024-01-09T15:45:56.3605749+01:00" endTime="2024-01-09T15:45:56.3605749+01:00" testType="13cdc9d9-ddb5-4fa4-a97d-d965ccfc6d4b" outcome="Passed" testListId="8c84fa94-04c1-424b-9868-57a2d4851a1d" relativeResultsDirectory="c84589da-39bb-4539-a954-2149b9e45f75" />
    <UnitTestResult executionId="de6b336f-6273-486d-9832-eccd87a0faab" testId="31e7b9fa-1a47-95f0-5dda-b3bef5a15e43" testName="CreateVmsDatabaseExternallyManaged" computerName="DKSR-EFI-06" duration="00:00:17.6282030" startTime="2024-01-09T15:41:35.5913578+01:00" endTime="2024-01-09T15:41:53.2164450+01:00" testType="13cdc9d9-ddb5-4fa4-a97d-d965ccfc6d4b" outcome="Passed" testListId="8c84fa94-04c1-424b-9868-57a2d4851a1d" relativeResultsDirectory="de6b336f-6273-486d-9832-eccd87a0faab">
      <Output>
        <StdOut>System Table not found&#xD;
&#xD;
Executing Baseline scripts&#xD;
Script content has been replaced. Key: {NewDatabaseLicenseTlsData}&#xD;
Script content has been replaced. Key: {NewDatabaseHomeSiteId}&#xD;
Script content has been replaced. Key: {NewDatabaseHomeSiteId}&#xD;
Script content has been replaced. Key: {NewDatabaseHomeSiteId}&#xD;
Baseline scripts have been executed&#xD;
&#xD;
Retrieving all sql files from: ; Current DB version: 23.3.8&#xD;
0 sql files found.&#xD;
Retrieving all sql files from: Temp&#xD;
0 sql files found.&#xD;
Retrieving all sql files from: StoredProcedures&#xD;
0 sql files found.</StdOut>
      </Output>
    </UnitTestResult>
    <UnitTestResult executionId="3694c343-c015-4880-a8c7-0084bc666be1" testId="6f5df8b4-452b-59af-aaa5-4ca2d6ff793d" testName="CreateAllDatabases" computerName="DKSR-EFI-06" duration="00:00:10.9129959" startTime="2024-01-09T15:45:37.7950491+01:00" endTime="2024-01-09T15:45:48.7028507+01:00" testType="13cdc9d9-ddb5-4fa4-a97d-d965ccfc6d4b" outcome="Passed" testListId="8c84fa94-04c1-424b-9868-57a2d4851a1d" relativeResultsDirectory="3694c343-c015-4880-a8c7-0084bc666be1">
      <Output>
        <StdOut>Executing Baseline scripts&#xD;
Script content has been replaced. Key: {NewDatabaseLicenseTlsData}&#xD;
Script content has been replaced. Key: {NewDatabaseHomeSiteId}&#xD;
Script content has been replaced. Key: {NewDatabaseHomeSiteId}&#xD;
Script content has been replaced. Key: {NewDatabaseHomeSiteId}&#xD;
Baseline scripts have been executed&#xD;
&#xD;
Retrieving all sql files from: SomePath; Current DB version: 23.3.8&#xD;
1 sql files found.&#xD;
Retrieving all sql files from: SomePath\Temp&#xD;
0 sql files found.&#xD;
Retrieving all sql files from: SomePath\StoredProcedures&#xD;
0 sql files found.&#xD;
System table set to version: 23.3.11&#xD;
&#xD;
Executing Baseline scripts&#xD;
Script does not contain any statements!&#xD;
Script does not contain any statements!&#xD;
Script does not contain any statements!&#xD;
Script does not contain any statements!&#xD;
Baseline scripts have been executed&#xD;
&#xD;
Retrieving all sql files from: SomePath\IDP; Current DB version: 23.1.6&#xD;
1 sql files found.&#xD;
Retrieving all sql files from: SomePath\IDP\Temp&#xD;
0 sql files found.&#xD;
Retrieving all sql files from: SomePath\IDP\StoredProcedures&#xD;
0 sql files found.&#xD;
System table set to version: 23.3.12&#xD;
&#xD;
Executing Baseline scripts&#xD;
Script does not contain any statements!&#xD;
Script does not contain any statements!&#xD;
Script does not contain any statements!&#xD;
Script does not contain any statements!&#xD;
Script does not contain any statements!&#xD;
Script does not contain any statements!&#xD;
Baseline scripts have been executed&#xD;
&#xD;
Retrieving all sql files from: SomePath\IncidentManager; Current DB version: 23.1.1&#xD;
1 sql files found.&#xD;
Retrieving all sql files from: SomePath\IncidentManager\Temp&#xD;
0 sql files found.&#xD;
Retrieving all sql files from: SomePath\IncidentManager\StoredProcedures&#xD;
0 sql files found.&#xD;
System table set to version: 23.3.7</StdOut>
      </Output>
    </UnitTestResult>
    <UnitTestResult executionId="f1c74ad8-6ea6-4b8f-8fa0-ba829c94c6c3" testId="3e39c4fd-e569-1a52-6db5-663e0f313655" testName="Execute_GivenScriptContentReplacements_ShouldExecuteScriptWithReplacedContent" computerName="DKSR-EFI-06" duration="00:00:00.0223335" startTime="2024-01-09T15:45:56.3293214+01:00" endTime="2024-01-09T15:45:56.3449471+01:00" testType="13cdc9d9-ddb5-4fa4-a97d-d965ccfc6d4b" outcome="Passed" testListId="8c84fa94-04c1-424b-9868-57a2d4851a1d" relativeResultsDirectory="f1c74ad8-6ea6-4b8f-8fa0-ba829c94c6c3" />
    <UnitTestResult executionId="25b3bdda-d627-45d3-9dd8-52d7b64bba69" testId="25819e67-9cc2-8de0-c182-77febfb0511b" testName="Constructor_SqlConnectionFactory_Null_Throws_ArgumentNullException" computerName="DKSR-EFI-06" duration="00:00:00.0007012" startTime="2024-01-09T15:45:56.1574187+01:00" endTime="2024-01-09T15:45:56.1574187+01:00" testType="13cdc9d9-ddb5-4fa4-a97d-d965ccfc6d4b" outcome="Passed" testListId="8c84fa94-04c1-424b-9868-57a2d4851a1d" relativeResultsDirectory="25b3bdda-d627-45d3-9dd8-52d7b64bba69" />
    <UnitTestResult executionId="98b43bb3-7d4a-4fa8-bb94-3fdf0513304a" testId="ab19b7bf-ad07-089f-53a1-3d3dbecbc8f5" testName="Execute_GivenHelpArg_ShouldLogHelpAndReturnTrue" computerName="DKSR-EFI-06" duration="00:00:00.0396113" startTime="2024-01-09T15:41:10.2475291+01:00" endTime="2024-01-09T15:41:10.2807472+01:00" testType="13cdc9d9-ddb5-4fa4-a97d-d965ccfc6d4b" outcome="Passed" testListId="8c84fa94-04c1-424b-9868-57a2d4851a1d" relativeResultsDirectory="98b43bb3-7d4a-4fa8-bb94-3fdf0513304a" />
    <UnitTestResult executionId="3a704c5e-0e2f-4831-8d7f-9cafec2d8d3f" testId="ca4596e6-88b4-16cc-9437-62363304193e" testName="GetVersionedScripts_GivenNullVersion_ShouldCollect_Success" computerName="DKSR-EFI-06" duration="00:00:00.0064356" startTime="2024-01-09T15:45:56.2980685+01:00" endTime="2024-01-09T15:45:56.2980685+01:00" testType="13cdc9d9-ddb5-4fa4-a97d-d965ccfc6d4b" outcome="Passed" testListId="8c84fa94-04c1-424b-9868-57a2d4851a1d" relativeResultsDirectory="3a704c5e-0e2f-4831-8d7f-9cafec2d8d3f" />
    <UnitTestResult executionId="126ead1c-cad2-40f7-86d9-6fdadd8d7887" testId="cffab82f-3414-27a9-2389-810a030221f8" testName="OverwriteVmsDatabaseExternallyManagedShouldFail" computerName="DKSR-EFI-06" duration="00:00:29.3488503" startTime="2024-01-09T15:41:53.2164450+01:00" endTime="2024-01-09T15:42:22.5602156+01:00" testType="13cdc9d9-ddb5-4fa4-a97d-d965ccfc6d4b" outcome="Passed" testListId="8c84fa94-04c1-424b-9868-57a2d4851a1d" relativeResultsDirectory="126ead1c-cad2-40f7-86d9-6fdadd8d7887">
      <Output>
        <StdOut>System Table not found&#xD;
&#xD;
Executing Baseline scripts&#xD;
Script content has been replaced. Key: {NewDatabaseLicenseTlsData}&#xD;
Script content has been replaced. Key: {NewDatabaseHomeSiteId}&#xD;
Script content has been replaced. Key: {NewDatabaseHomeSiteId}&#xD;
Script content has been replaced. Key: {NewDatabaseHomeSiteId}&#xD;
Baseline scripts have been executed&#xD;
&#xD;
Retrieving all sql files from: ; Current DB version: 23.3.8&#xD;
0 sql files found.&#xD;
Retrieving all sql files from: Temp&#xD;
0 sql files found.&#xD;
Retrieving all sql files from: StoredProcedures&#xD;
0 sql files found.&#xD;
Can't delete databases since they are externally managed!</StdOut>
      </Output>
    </UnitTestResult>
    <UnitTestResult executionId="646fd3fc-fee1-435b-bb02-83258c76a606" testId="04e2ea31-6c30-6dc2-1890-8643fb008cc3" testName="Constructor_ScriptsCollector_Null_Throws_ArgumentNullException" computerName="DKSR-EFI-06" duration="00:00:00.0006888" startTime="2024-01-09T15:45:56.1417916+01:00" endTime="2024-01-09T15:45:56.1574187+01:00" testType="13cdc9d9-ddb5-4fa4-a97d-d965ccfc6d4b" outcome="Passed" testListId="8c84fa94-04c1-424b-9868-57a2d4851a1d" relativeResultsDirectory="646fd3fc-fee1-435b-bb02-83258c76a606" />
    <UnitTestResult executionId="e93f7a9b-76db-461c-86a6-07cc96c4ca74" testId="fb86b757-bded-c0b9-e792-10e606c289de" testName="GetScripts_GivenInvalidScripts_ShouldThrow" computerName="DKSR-EFI-06" duration="00:00:00.0063688" startTime="2024-01-09T15:45:56.2980685+01:00" endTime="2024-01-09T15:45:56.3136947+01:00" testType="13cdc9d9-ddb5-4fa4-a97d-d965ccfc6d4b" outcome="Passed" testListId="8c84fa94-04c1-424b-9868-57a2d4851a1d" relativeResultsDirectory="e93f7a9b-76db-461c-86a6-07cc96c4ca74" />
    <UnitTestResult executionId="5417dd49-09ac-49a0-a665-dea93373f223" testId="bc65ce97-e1cb-7cff-0568-18a39fed20c2" testName="CreateEmbedded_GivenNonExistingScriptName_ShouldThrow" computerName="DKSR-EFI-06" duration="00:00:00.0031386" startTime="2024-01-09T15:45:56.2355566+01:00" endTime="2024-01-09T15:45:56.2355566+01:00" testType="13cdc9d9-ddb5-4fa4-a97d-d965ccfc6d4b" outcome="Passed" testListId="8c84fa94-04c1-424b-9868-57a2d4851a1d" relativeResultsDirectory="5417dd49-09ac-49a0-a665-dea93373f223" />
    <UnitTestResult executionId="af73cc8c-77d5-4462-8a5b-5b2d575e74a6" testId="cc68eb69-61b4-2530-3b70-25726734b520" testName="CreateAllDatabasesExternallyManagedUsingLimitedAccounts" computerName="DKSR-EFI-06" duration="00:00:07.4345884" startTime="2024-01-09T15:45:48.7028507+01:00" endTime="2024-01-09T15:45:56.1417916+01:00" testType="13cdc9d9-ddb5-4fa4-a97d-d965ccfc6d4b" outcome="Passed" testListId="8c84fa94-04c1-424b-9868-57a2d4851a1d" relativeResultsDirectory="af73cc8c-77d5-4462-8a5b-5b2d575e74a6">
      <Output>
        <StdOut>System Table not found&#xD;
&#xD;
Executing Baseline scripts&#xD;
Script content has been replaced. Key: {NewDatabaseLicenseTlsData}&#xD;
Script content has been replaced. Key: {NewDatabaseHomeSiteId}&#xD;
Script content has been replaced. Key: {NewDatabaseHomeSiteId}&#xD;
Script content has been replaced. Key: {NewDatabaseHomeSiteId}&#xD;
Baseline scripts have been executed&#xD;
&#xD;
Retrieving all sql files from: SomePath; Current DB version: 23.3.8&#xD;
1 sql files found.&#xD;
Retrieving all sql files from: SomePath\Temp&#xD;
0 sql files found.&#xD;
Retrieving all sql files from: SomePath\StoredProcedures&#xD;
0 sql files found.&#xD;
System table set to version: 23.3.11&#xD;
&#xD;
System Table not found&#xD;
&#xD;
Executing Baseline scripts&#xD;
Script does not contain any statements!&#xD;
Script does not contain any statements!&#xD;
Script does not contain any statements!&#xD;
Script does not contain any statements!&#xD;
Baseline scripts have been executed&#xD;
&#xD;
Retrieving all sql files from: SomePath\IDP; Current DB version: 23.1.6&#xD;
1 sql files found.&#xD;
Retrieving all sql files from: SomePath\IDP\Temp&#xD;
0 sql files found.&#xD;
Retrieving all sql files from: SomePath\IDP\StoredProcedures&#xD;
0 sql files found.&#xD;
System table set to version: 23.3.12&#xD;
&#xD;
System Table not found&#xD;
&#xD;
Executing Baseline scripts&#xD;
Script does not contain any statements!&#xD;
Script does not contain any statements!&#xD;
Script does not contain any statements!&#xD;
Script does not contain any statements!&#xD;
Script does not contain any statements!&#xD;
Script does not contain any statements!&#xD;
Baseline scripts have been executed&#xD;
&#xD;
Retrieving all sql files from: SomePath\IncidentManager; Current DB version: 23.1.1&#xD;
1 sql files found.&#xD;
Retrieving all sql files from: SomePath\IncidentManager\Temp&#xD;
0 sql files found.&#xD;
Retrieving all sql files from: SomePath\IncidentManager\StoredProcedures&#xD;
0 sql files found.&#xD;
System table set to version: 23.3.7</StdOut>
      </Output>
    </UnitTestResult>
    <UnitTestResult executionId="751b0223-ef36-46a1-8d62-f190dc24355c" testId="f64c12ad-84d7-c28d-9e74-5b9666974d96" testName="Create_GivenScriptWithOneStatement_ShouldReturnScriptWithThatStatement" computerName="DKSR-EFI-06" duration="00:00:00.0038475" startTime="2024-01-09T15:45:56.2199305+01:00" endTime="2024-01-09T15:45:56.2199305+01:00" testType="13cdc9d9-ddb5-4fa4-a97d-d965ccfc6d4b" outcome="Passed" testListId="8c84fa94-04c1-424b-9868-57a2d4851a1d" relativeResultsDirectory="751b0223-ef36-46a1-8d62-f190dc24355c" />
    <UnitTestResult executionId="48c33ca6-2504-413a-b560-59b4db9048ae" testId="7e1833b0-8b42-2c29-a2eb-b5a87e60f73a" testName="ShouldExecute_NoVmsConnectionString_ShouldReturnFalse" computerName="DKSR-EFI-06" duration="00:00:00.0004662" startTime="2024-01-09T15:45:56.1574187+01:00" endTime="2024-01-09T15:45:56.1574187+01:00" testType="13cdc9d9-ddb5-4fa4-a97d-d965ccfc6d4b" outcome="Passed" testListId="8c84fa94-04c1-424b-9868-57a2d4851a1d" relativeResultsDirectory="48c33ca6-2504-413a-b560-59b4db9048ae" />
  </Results>
  <TestDefinitions>
    <UnitTest name="Constructor_SqlConnectionFactory_Null_Throws_ArgumentNullException" storage="d:\actions-runner\_work\xpco\xpco\common\videoos.database.common\tst\videoos.sqlupdate.unittests\bin\debug\net47\videoos.sqlupdate.unittests.dll" id="25819e67-9cc2-8de0-c182-77febfb0511b">
      <Execution id="25b3bdda-d627-45d3-9dd8-52d7b64bba69" />
      <TestMethod codeBase="D:\actions-runner\_work\XPCO\XPCO\Common\VideoOS.Database.Common\tst\VideoOS.SqlUpdate.UnitTests\bin\Debug\net47\VideoOS.SqlUpdate.UnitTests.dll" adapterTypeName="executor://mstestadapter/v2" className="VideoOS.SqlUpdate.UnitTests.Core.Services.DbServiceTests" name="Constructor_SqlConnectionFactory_Null_Throws_ArgumentNullException" />
    </UnitTest>
    <UnitTest name="Execute_GivenScriptContentReplacements_ShouldExecuteScriptWithReplacedContent" storage="d:\actions-runner\_work\xpco\xpco\common\videoos.database.common\tst\videoos.sqlupdate.unittests\bin\debug\net47\videoos.sqlupdate.unittests.dll" id="3e39c4fd-e569-1a52-6db5-663e0f313655">
      <Execution id="f1c74ad8-6ea6-4b8f-8fa0-ba829c94c6c3" />
      <TestMethod codeBase="D:\actions-runner\_work\XPCO\XPCO\Common\VideoOS.Database.Common\tst\VideoOS.SqlUpdate.UnitTests\bin\Debug\net47\VideoOS.SqlUpdate.UnitTests.dll" adapterTypeName="executor://mstestadapter/v2" className="VideoOS.SqlUpdate.UnitTests.Core.Scripts.ScriptsExecutorTests" name="Execute_GivenScriptContentReplacements_ShouldExecuteScriptWithReplacedContent" />
    </UnitTest>
    <UnitTest name="CreateVmsDatabase" storage="d:\actions-runner\_work\xpco\xpco\common\videoos.database.common\tst\videoos.sqlupdate.unittests\bin\debug\net47\videoos.sqlupdate.unittests.dll" id="ac9ae4b8-5b59-bf17-6036-8874e550ac26">
      <TestCategory>
        <TestCategoryItem TestCategory="Database" />
      </TestCategory>
      <Execution id="d52e30f2-6336-4f12-ae31-23c3adab2ffb" />
      <TestMethod codeBase="D:\actions-runner\_work\XPCO\XPCO\Common\VideoOS.Database.Common\tst\VideoOS.SqlUpdate.UnitTests\bin\Debug\net47\VideoOS.SqlUpdate.UnitTests.dll" adapterTypeName="executor://mstestadapter/v2" className="VideoOS.SqlUpdate.UnitTests.SqlUpdateDatabaseTests" name="CreateVmsDatabase" />
    </UnitTest>
    <UnitTest name="Create_GivenScriptWithoutTransactionComment_ShouldReturnScriptWithDefaultTransactionSupport" storage="d:\actions-runner\_work\xpco\xpco\common\videoos.database.common\tst\videoos.sqlupdate.unittests\bin\debug\net47\videoos.sqlupdate.unittests.dll" id="afc650e6-c5e7-eca3-c24e-cf8137610992">
      <Execution id="2aad4316-1075-4d63-859c-7679be63a06b" />
      <TestMethod codeBase="D:\actions-runner\_work\XPCO\XPCO\Common\VideoOS.Database.Common\tst\VideoOS.SqlUpdate.UnitTests\bin\Debug\net47\VideoOS.SqlUpdate.UnitTests.dll" adapterTypeName="executor://mstestadapter/v2" className="VideoOS.SqlUpdate.UnitTests.Core.Scripts.ScriptFactoryTests" name="Create_GivenScriptWithoutTransactionComment_ShouldReturnScriptWithDefaultTransactionSupport" />
    </UnitTest>
    <UnitTest name="CreateThenOverwriteDatabase" storage="d:\actions-runner\_work\xpco\xpco\common\videoos.database.common\tst\videoos.sqlupdate.unittests\bin\debug\net47\videoos.sqlupdate.unittests.dll" id="3c38b12d-0514-ddbf-d2d8-766e948984fc">
      <TestCategory>
        <TestCategoryItem TestCategory="Database" />
      </TestCategory>
      <Execution id="f359be5e-fce1-4f1e-9343-c4220575a01b" />
      <TestMethod codeBase="D:\actions-runner\_work\XPCO\XPCO\Common\VideoOS.Database.Common\tst\VideoOS.SqlUpdate.UnitTests\bin\Debug\net47\VideoOS.SqlUpdate.UnitTests.dll" adapterTypeName="executor://mstestadapter/v2" className="VideoOS.SqlUpdate.UnitTests.SqlUpdateDatabaseTests" name="CreateThenOverwriteDatabase" />
    </UnitTest>
    <UnitTest name="Get_GivenHelpArg_ShouldSkipArgsValidationAndReturnAppConfig" storage="d:\actions-runner\_work\xpco\xpco\common\videoos.database.common\tst\videoos.sqlupdate.unittests\bin\debug\net47\videoos.sqlupdate.unittests.dll" id="89a11917-5aa8-feb1-68af-0ce22ad844d0">
      <Execution id="d811f97a-eb65-4809-a83f-4435d33274ea" />
      <TestMethod codeBase="D:\actions-runner\_work\XPCO\XPCO\Common\VideoOS.Database.Common\tst\VideoOS.SqlUpdate.UnitTests\bin\Debug\net47\VideoOS.SqlUpdate.UnitTests.dll" adapterTypeName="executor://mstestadapter/v2" className="VideoOS.SqlUpdate.UnitTests.Core.Configuration.AppConfigProviderTests" name="Get_GivenHelpArg_ShouldSkipArgsValidationAndReturnAppConfig" />
    </UnitTest>
    <UnitTest name="Constructor_AppConfigProvider_Null_Throws_ArgumentNullException" storage="d:\actions-runner\_work\xpco\xpco\common\videoos.database.common\tst\videoos.sqlupdate.unittests\bin\debug\net47\videoos.sqlupdate.unittests.dll" id="75405596-547d-3d11-b42a-a99c32d62adb">
      <Execution id="3dad3b4f-c5cf-4945-bc0a-6990f9990ba6" />
      <TestMethod codeBase="D:\actions-runner\_work\XPCO\XPCO\Common\VideoOS.Database.Common\tst\VideoOS.SqlUpdate.UnitTests\bin\Debug\net47\VideoOS.SqlUpdate.UnitTests.dll" adapterTypeName="executor://mstestadapter/v2" className="VideoOS.SqlUpdate.UnitTests.Core.Services.DbServiceTests" name="Constructor_AppConfigProvider_Null_Throws_ArgumentNullException" />
    </UnitTest>
    <UnitTest name="GetVersionedScripts_Sorting_Success" storage="d:\actions-runner\_work\xpco\xpco\common\videoos.database.common\tst\videoos.sqlupdate.unittests\bin\debug\net47\videoos.sqlupdate.unittests.dll" id="68cb11d5-1985-d85b-200d-5926f8c81604">
      <Execution id="25ca2019-a782-46a3-9d97-7fbb03c8f26a" />
      <TestMethod codeBase="D:\actions-runner\_work\XPCO\XPCO\Common\VideoOS.Database.Common\tst\VideoOS.SqlUpdate.UnitTests\bin\Debug\net47\VideoOS.SqlUpdate.UnitTests.dll" adapterTypeName="executor://mstestadapter/v2" className="VideoOS.SqlUpdate.UnitTests.Core.Scripts.ScriptsCollectorTests" name="GetVersionedScripts_Sorting_Success" />
    </UnitTest>
    <UnitTest name="GetVmsDbTypeMapper_VmsDbType_AllArguments" storage="d:\actions-runner\_work\xpco\xpco\common\videoos.database.common\tst\videoos.sqlupdate.unittests\bin\debug\net47\videoos.sqlupdate.unittests.dll" id="f419461f-31bf-a70b-f83a-889f52c5c952">
      <Execution id="58b974db-65c1-4840-8fe6-5b414d8e187d" />
      <TestMethod codeBase="D:\actions-runner\_work\XPCO\XPCO\Common\VideoOS.Database.Common\tst\VideoOS.SqlUpdate.UnitTests\bin\Debug\net47\VideoOS.SqlUpdate.UnitTests.dll" adapterTypeName="executor://mstestadapter/v2" className="VideoOS.SqlUpdate.UnitTests.Core.Services.VmsDbTypeMapperTests" name="GetVmsDbTypeMapper_VmsDbType_AllArguments" />
    </UnitTest>
    <UnitTest name="Execute_GivenEmptyScriptsCollection_ShouldDoNothing" storage="d:\actions-runner\_work\xpco\xpco\common\videoos.database.common\tst\videoos.sqlupdate.unittests\bin\debug\net47\videoos.sqlupdate.unittests.dll" id="673d823a-c5c2-5092-cff8-6327f96305ec">
      <Execution id="8b934fd2-b2f3-4b5f-a564-c8ce4612083a" />
      <TestMethod codeBase="D:\actions-runner\_work\XPCO\XPCO\Common\VideoOS.Database.Common\tst\VideoOS.SqlUpdate.UnitTests\bin\Debug\net47\VideoOS.SqlUpdate.UnitTests.dll" adapterTypeName="executor://mstestadapter/v2" className="VideoOS.SqlUpdate.UnitTests.Core.Scripts.ScriptsExecutorTests" name="Execute_GivenEmptyScriptsCollection_ShouldDoNothing" />
    </UnitTest>
    <UnitTest name="Create_GivenEmptyFilePath_ShouldThrow" storage="d:\actions-runner\_work\xpco\xpco\common\videoos.database.common\tst\videoos.sqlupdate.unittests\bin\debug\net47\videoos.sqlupdate.unittests.dll" id="b20c96e8-7c10-0b75-3794-96ea9f2e063e">
      <Execution id="5262187c-9518-49d3-8209-a6f880d3bb89" />
      <TestMethod codeBase="D:\actions-runner\_work\XPCO\XPCO\Common\VideoOS.Database.Common\tst\VideoOS.SqlUpdate.UnitTests\bin\Debug\net47\VideoOS.SqlUpdate.UnitTests.dll" adapterTypeName="executor://mstestadapter/v2" className="VideoOS.SqlUpdate.UnitTests.Core.Scripts.ScriptFactoryTests" name="Create_GivenEmptyFilePath_ShouldThrow" />
    </UnitTest>
    <UnitTest name="IsReadyToExecute_NoVmsConnectionString_ShouldReturnFalse" storage="d:\actions-runner\_work\xpco\xpco\common\videoos.database.common\tst\videoos.sqlupdate.unittests\bin\debug\net47\videoos.sqlupdate.unittests.dll" id="e78fe158-9bbe-4100-8e01-2da76940083e">
      <Execution id="3d970b60-230a-45b6-b85b-50837129c4e2" />
      <TestMethod codeBase="D:\actions-runner\_work\XPCO\XPCO\Common\VideoOS.Database.Common\tst\VideoOS.SqlUpdate.UnitTests\bin\Debug\net47\VideoOS.SqlUpdate.UnitTests.dll" adapterTypeName="executor://mstestadapter/v2" className="VideoOS.SqlUpdate.UnitTests.Core.Services.DbServiceTests" name="IsReadyToExecute_NoVmsConnectionString_ShouldReturnFalse" />
    </UnitTest>
    <UnitTest name="ShouldExecute_GivenVmsConnectionString_ShouldReturnTrue" storage="d:\actions-runner\_work\xpco\xpco\common\videoos.database.common\tst\videoos.sqlupdate.unittests\bin\debug\net47\videoos.sqlupdate.unittests.dll" id="465f0b10-185c-c9d6-3652-0b9a093b0b3b">
      <Execution id="7ddfd89a-4ac0-4ec7-b5a5-4851e099a70e" />
      <TestMethod codeBase="D:\actions-runner\_work\XPCO\XPCO\Common\VideoOS.Database.Common\tst\VideoOS.SqlUpdate.UnitTests\bin\Debug\net47\VideoOS.SqlUpdate.UnitTests.dll" adapterTypeName="executor://mstestadapter/v2" className="VideoOS.SqlUpdate.UnitTests.Core.Services.DbServiceTests" name="ShouldExecute_GivenVmsConnectionString_ShouldReturnTrue" />
    </UnitTest>
    <UnitTest name="GetVersionedScripts_GivenNullVersion_ShouldCollect_Success" storage="d:\actions-runner\_work\xpco\xpco\common\videoos.database.common\tst\videoos.sqlupdate.unittests\bin\debug\net47\videoos.sqlupdate.unittests.dll" id="ca4596e6-88b4-16cc-9437-62363304193e">
      <Execution id="3a704c5e-0e2f-4831-8d7f-9cafec2d8d3f" />
      <TestMethod codeBase="D:\actions-runner\_work\XPCO\XPCO\Common\VideoOS.Database.Common\tst\VideoOS.SqlUpdate.UnitTests\bin\Debug\net47\VideoOS.SqlUpdate.UnitTests.dll" adapterTypeName="executor://mstestadapter/v2" className="VideoOS.SqlUpdate.UnitTests.Core.Scripts.ScriptsCollectorTests" name="GetVersionedScripts_GivenNullVersion_ShouldCollect_Success" />
    </UnitTest>
    <UnitTest name="CreateThenUpgradeVmsDatabaseToNewVersion" storage="d:\actions-runner\_work\xpco\xpco\common\videoos.database.common\tst\videoos.sqlupdate.unittests\bin\debug\net47\videoos.sqlupdate.unittests.dll" id="0b5cb3ff-7c31-8b4f-f774-04f204b3af60">
      <TestCategory>
        <TestCategoryItem TestCategory="Database" />
      </TestCategory>
      <Execution id="63fbc137-721c-43f3-8312-f07382974c10" />
      <TestMethod codeBase="D:\actions-runner\_work\XPCO\XPCO\Common\VideoOS.Database.Common\tst\VideoOS.SqlUpdate.UnitTests\bin\Debug\net47\VideoOS.SqlUpdate.UnitTests.dll" adapterTypeName="executor://mstestadapter/v2" className="VideoOS.SqlUpdate.UnitTests.SqlUpdateDatabaseTests" name="CreateThenUpgradeVmsDatabaseToNewVersion" />
    </UnitTest>
    <UnitTest name="Get_NoScriptsPath_ShouldTakeExecutingAssemblyLocation" storage="d:\actions-runner\_work\xpco\xpco\common\videoos.database.common\tst\videoos.sqlupdate.unittests\bin\debug\net47\videoos.sqlupdate.unittests.dll" id="e9f0dcf8-8217-8bbf-fe69-3ef1086dfebe">
      <Execution id="55ec58dc-2a76-40b2-a648-dc7b8cca4f39" />
      <TestMethod codeBase="D:\actions-runner\_work\XPCO\XPCO\Common\VideoOS.Database.Common\tst\VideoOS.SqlUpdate.UnitTests\bin\Debug\net47\VideoOS.SqlUpdate.UnitTests.dll" adapterTypeName="executor://mstestadapter/v2" className="VideoOS.SqlUpdate.UnitTests.Core.Configuration.AppConfigProviderTests" name="Get_NoScriptsPath_ShouldTakeExecutingAssemblyLocation" />
    </UnitTest>
    <UnitTest name="GetLogLevel_NoneLogLevel_Success" storage="d:\actions-runner\_work\xpco\xpco\common\videoos.database.common\tst\videoos.sqlupdate.unittests\bin\debug\net47\videoos.sqlupdate.unittests.dll" id="bba149cc-081a-f1aa-47df-144245184e0e">
      <Execution id="e8ed22de-e385-428d-83ae-c8ce5385e0b0" />
      <TestMethod codeBase="D:\actions-runner\_work\XPCO\XPCO\Common\VideoOS.Database.Common\tst\VideoOS.SqlUpdate.UnitTests\bin\Debug\net47\VideoOS.SqlUpdate.UnitTests.dll" adapterTypeName="executor://mstestadapter/v2" className="VideoOS.SqlUpdate.UnitTests.Core.Logger.LogLevelArgumentParserTests" name="GetLogLevel_NoneLogLevel_Success" />
    </UnitTest>
    <UnitTest name="GetScripts_GivenInvalidScripts_ShouldThrow" storage="d:\actions-runner\_work\xpco\xpco\common\videoos.database.common\tst\videoos.sqlupdate.unittests\bin\debug\net47\videoos.sqlupdate.unittests.dll" id="fb86b757-bded-c0b9-e792-10e606c289de">
      <Execution id="e93f7a9b-76db-461c-86a6-07cc96c4ca74" />
      <TestMethod codeBase="D:\actions-runner\_work\XPCO\XPCO\Common\VideoOS.Database.Common\tst\VideoOS.SqlUpdate.UnitTests\bin\Debug\net47\VideoOS.SqlUpdate.UnitTests.dll" adapterTypeName="executor://mstestadapter/v2" className="VideoOS.SqlUpdate.UnitTests.Core.Scripts.ScriptsCollectorTests" name="GetScripts_GivenInvalidScripts_ShouldThrow" />
    </UnitTest>
    <UnitTest name="CreateEmbedded_GivenNonExistingScriptName_ShouldThrow" storage="d:\actions-runner\_work\xpco\xpco\common\videoos.database.common\tst\videoos.sqlupdate.unittests\bin\debug\net47\videoos.sqlupdate.unittests.dll" id="bc65ce97-e1cb-7cff-0568-18a39fed20c2">
      <Execution id="5417dd49-09ac-49a0-a665-dea93373f223" />
      <TestMethod codeBase="D:\actions-runner\_work\XPCO\XPCO\Common\VideoOS.Database.Common\tst\VideoOS.SqlUpdate.UnitTests\bin\Debug\net47\VideoOS.SqlUpdate.UnitTests.dll" adapterTypeName="executor://mstestadapter/v2" className="VideoOS.SqlUpdate.UnitTests.Core.Scripts.ScriptFactoryTests" name="CreateEmbedded_GivenNonExistingScriptName_ShouldThrow" />
    </UnitTest>
    <UnitTest name="GetLogLevel_DebugLogLevel_Success" storage="d:\actions-runner\_work\xpco\xpco\common\videoos.database.common\tst\videoos.sqlupdate.unittests\bin\debug\net47\videoos.sqlupdate.unittests.dll" id="6099c9de-e2d2-7cf0-1838-8a8cc1758227">
      <Execution id="6a63d26b-96fe-443c-82fd-00beb4bfd502" />
      <TestMethod codeBase="D:\actions-runner\_work\XPCO\XPCO\Common\VideoOS.Database.Common\tst\VideoOS.SqlUpdate.UnitTests\bin\Debug\net47\VideoOS.SqlUpdate.UnitTests.dll" adapterTypeName="executor://mstestadapter/v2" className="VideoOS.SqlUpdate.UnitTests.Core.Logger.LogLevelArgumentParserTests" name="GetLogLevel_DebugLogLevel_Success" />
    </UnitTest>
    <UnitTest name="CreateVmsDatabaseExternallyManaged" storage="d:\actions-runner\_work\xpco\xpco\common\videoos.database.common\tst\videoos.sqlupdate.unittests\bin\debug\net47\videoos.sqlupdate.unittests.dll" id="31e7b9fa-1a47-95f0-5dda-b3bef5a15e43">
      <TestCategory>
        <TestCategoryItem TestCategory="Database" />
      </TestCategory>
      <Execution id="de6b336f-6273-486d-9832-eccd87a0faab" />
      <TestMethod codeBase="D:\actions-runner\_work\XPCO\XPCO\Common\VideoOS.Database.Common\tst\VideoOS.SqlUpdate.UnitTests\bin\Debug\net47\VideoOS.SqlUpdate.UnitTests.dll" adapterTypeName="executor://mstestadapter/v2" className="VideoOS.SqlUpdate.UnitTests.SqlUpdateDatabaseTests" name="CreateVmsDatabaseExternallyManaged" />
    </UnitTest>
    <UnitTest name="Create_GivenScriptWithoutValidStatements_ShouldReturnScriptWithoutStatements" storage="d:\actions-runner\_work\xpco\xpco\common\videoos.database.common\tst\videoos.sqlupdate.unittests\bin\debug\net47\videoos.sqlupdate.unittests.dll" id="5b23e67a-a2a0-c3c3-cce5-1e6575c01c9d">
      <Execution id="8cfc3ddd-aaf3-4e7a-a698-74cbd16b6f23" />
      <TestMethod codeBase="D:\actions-runner\_work\XPCO\XPCO\Common\VideoOS.Database.Common\tst\VideoOS.SqlUpdate.UnitTests\bin\Debug\net47\VideoOS.SqlUpdate.UnitTests.dll" adapterTypeName="executor://mstestadapter/v2" className="VideoOS.SqlUpdate.UnitTests.Core.Scripts.ScriptFactoryTests" name="Create_GivenScriptWithoutValidStatements_ShouldReturnScriptWithoutStatements" />
    </UnitTest>
    <UnitTest name="DefaultConstructor_NullErrorLogger_Throws_ArgumentNullException" storage="d:\actions-runner\_work\xpco\xpco\common\videoos.database.common\tst\videoos.sqlupdate.unittests\bin\debug\net47\videoos.sqlupdate.unittests.dll" id="700cd3a9-84b0-2e12-b13f-48ceb717eb8b">
      <Execution id="e1aa66dc-d8ac-405a-b210-2833ce4bbaf9" />
      <TestMethod codeBase="D:\actions-runner\_work\XPCO\XPCO\Common\VideoOS.Database.Common\tst\VideoOS.SqlUpdate.UnitTests\bin\Debug\net47\VideoOS.SqlUpdate.UnitTests.dll" adapterTypeName="executor://mstestadapter/v2" className="VideoOS.SqlUpdate.UnitTests.Core.Logger.LogLevelArgumentParserTests" name="DefaultConstructor_NullErrorLogger_Throws_ArgumentNullException" />
    </UnitTest>
    <UnitTest name="IsReadyToExecute_UpdateScenario_DowngradeProduct_ShouldLogAndReturnFalse" storage="d:\actions-runner\_work\xpco\xpco\common\videoos.database.common\tst\videoos.sqlupdate.unittests\bin\debug\net47\videoos.sqlupdate.unittests.dll" id="095f3b1b-c15f-8f8f-6f45-89cc91d4fcbb">
      <Execution id="3d5edcb3-134c-4f3e-9412-e2a30eb76f8f" />
      <TestMethod codeBase="D:\actions-runner\_work\XPCO\XPCO\Common\VideoOS.Database.Common\tst\VideoOS.SqlUpdate.UnitTests\bin\Debug\net47\VideoOS.SqlUpdate.UnitTests.dll" adapterTypeName="executor://mstestadapter/v2" className="VideoOS.SqlUpdate.UnitTests.Core.Services.DbServiceTests" name="IsReadyToExecute_UpdateScenario_DowngradeProduct_ShouldLogAndReturnFalse" />
    </UnitTest>
    <UnitTest name="GetAllScripts_GivenTempScripts_ShouldCollectThem_Success" storage="d:\actions-runner\_work\xpco\xpco\common\videoos.database.common\tst\videoos.sqlupdate.unittests\bin\debug\net47\videoos.sqlupdate.unittests.dll" id="32eb61fc-2450-1ada-8488-7c573853f5df">
      <Execution id="b8375b59-6a8d-444e-b3b8-6587ce53dda4" />
      <TestMethod codeBase="D:\actions-runner\_work\XPCO\XPCO\Common\VideoOS.Database.Common\tst\VideoOS.SqlUpdate.UnitTests\bin\Debug\net47\VideoOS.SqlUpdate.UnitTests.dll" adapterTypeName="executor://mstestadapter/v2" className="VideoOS.SqlUpdate.UnitTests.Core.Scripts.ScriptsCollectorTests" name="GetAllScripts_GivenTempScripts_ShouldCollectThem_Success" />
    </UnitTest>
    <UnitTest name="Execute_GivenMultipleScriptsInCollection_ShouldExecuteAllScripts" storage="d:\actions-runner\_work\xpco\xpco\common\videoos.database.common\tst\videoos.sqlupdate.unittests\bin\debug\net47\videoos.sqlupdate.unittests.dll" id="ab194622-cf10-28ec-2400-b5abc4ca3946">
      <Execution id="940422f5-258b-4479-a1a8-7b7473d83838" />
      <TestMethod codeBase="D:\actions-runner\_work\XPCO\XPCO\Common\VideoOS.Database.Common\tst\VideoOS.SqlUpdate.UnitTests\bin\Debug\net47\VideoOS.SqlUpdate.UnitTests.dll" adapterTypeName="executor://mstestadapter/v2" className="VideoOS.SqlUpdate.UnitTests.Core.Scripts.ScriptsExecutorTests" name="Execute_GivenMultipleScriptsInCollection_ShouldExecuteAllScripts" />
    </UnitTest>
    <UnitTest name="Create_GivenVersionedScript_ShouldReturnScriptWithVersion" storage="d:\actions-runner\_work\xpco\xpco\common\videoos.database.common\tst\videoos.sqlupdate.unittests\bin\debug\net47\videoos.sqlupdate.unittests.dll" id="78c43138-7ef9-3133-dade-14b848c3191c">
      <Execution id="8cec0475-ca65-412c-8ad2-2ab3552d795c" />
      <TestMethod codeBase="D:\actions-runner\_work\XPCO\XPCO\Common\VideoOS.Database.Common\tst\VideoOS.SqlUpdate.UnitTests\bin\Debug\net47\VideoOS.SqlUpdate.UnitTests.dll" adapterTypeName="executor://mstestadapter/v2" className="VideoOS.SqlUpdate.UnitTests.Core.Scripts.ScriptFactoryTests" name="Create_GivenVersionedScript_ShouldReturnScriptWithVersion" />
    </UnitTest>
    <UnitTest name="OverwriteVmsDatabaseExternallyManagedShouldFail" storage="d:\actions-runner\_work\xpco\xpco\common\videoos.database.common\tst\videoos.sqlupdate.unittests\bin\debug\net47\videoos.sqlupdate.unittests.dll" id="cffab82f-3414-27a9-2389-810a030221f8">
      <TestCategory>
        <TestCategoryItem TestCategory="Database" />
      </TestCategory>
      <Execution id="126ead1c-cad2-40f7-86d9-6fdadd8d7887" />
      <TestMethod codeBase="D:\actions-runner\_work\XPCO\XPCO\Common\VideoOS.Database.Common\tst\VideoOS.SqlUpdate.UnitTests\bin\Debug\net47\VideoOS.SqlUpdate.UnitTests.dll" adapterTypeName="executor://mstestadapter/v2" className="VideoOS.SqlUpdate.UnitTests.SqlUpdateDatabaseTests" name="OverwriteVmsDatabaseExternallyManagedShouldFail" />
    </UnitTest>
    <UnitTest name="CreateAndUpgradeVmsDatabaseToNewVersion" storage="d:\actions-runner\_work\xpco\xpco\common\videoos.database.common\tst\videoos.sqlupdate.unittests\bin\debug\net47\videoos.sqlupdate.unittests.dll" id="b6a84fc9-b8af-7638-b578-e83dde990014">
      <TestCategory>
        <TestCategoryItem TestCategory="Database" />
      </TestCategory>
      <Execution id="80523fbc-c13d-46dc-a7a7-90322817d4ba" />
      <TestMethod codeBase="D:\actions-runner\_work\XPCO\XPCO\Common\VideoOS.Database.Common\tst\VideoOS.SqlUpdate.UnitTests\bin\Debug\net47\VideoOS.SqlUpdate.UnitTests.dll" adapterTypeName="executor://mstestadapter/v2" className="VideoOS.SqlUpdate.UnitTests.SqlUpdateDatabaseTests" name="CreateAndUpgradeVmsDatabaseToNewVersion" />
    </UnitTest>
    <UnitTest name="EnrichConfiguration_NoScriptsPath_ShouldTakeExecutingAssemblyLocation" storage="d:\actions-runner\_work\xpco\xpco\common\videoos.database.common\tst\videoos.sqlupdate.unittests\bin\debug\net47\videoos.sqlupdate.unittests.dll" id="8876f71d-207b-9e98-73fb-269dea525259">
      <Execution id="f6bc73dd-d7a2-4f4c-b223-7060b3c0f409" />
      <TestMethod codeBase="D:\actions-runner\_work\XPCO\XPCO\Common\VideoOS.Database.Common\tst\VideoOS.SqlUpdate.UnitTests\bin\Debug\net47\VideoOS.SqlUpdate.UnitTests.dll" adapterTypeName="executor://mstestadapter/v2" className="VideoOS.SqlUpdate.UnitTests.Core.Configuration.AppConfigHelperTests" name="EnrichConfiguration_NoScriptsPath_ShouldTakeExecutingAssemblyLocation" />
    </UnitTest>
    <UnitTest name="Get_GivenIsExternallyManagedDbArg_ShouldReturnCorrectAppConfig" storage="d:\actions-runner\_work\xpco\xpco\common\videoos.database.common\tst\videoos.sqlupdate.unittests\bin\debug\net47\videoos.sqlupdate.unittests.dll" id="a0f9c482-e7b2-3a3d-cfcc-2dcdd4040ff9">
      <Execution id="3bf56753-a521-4708-8b36-932b7641ee01" />
      <TestMethod codeBase="D:\actions-runner\_work\XPCO\XPCO\Common\VideoOS.Database.Common\tst\VideoOS.SqlUpdate.UnitTests\bin\Debug\net47\VideoOS.SqlUpdate.UnitTests.dll" adapterTypeName="executor://mstestadapter/v2" className="VideoOS.SqlUpdate.UnitTests.Core.Configuration.AppConfigProviderTests" name="Get_GivenIsExternallyManagedDbArg_ShouldReturnCorrectAppConfig" />
    </UnitTest>
    <UnitTest name="GetLogLevel_DefaultLogLevel_Success" storage="d:\actions-runner\_work\xpco\xpco\common\videoos.database.common\tst\videoos.sqlupdate.unittests\bin\debug\net47\videoos.sqlupdate.unittests.dll" id="01826079-be72-7b70-b9e3-2bcdd8fb2e14">
      <Execution id="c84589da-39bb-4539-a954-2149b9e45f75" />
      <TestMethod codeBase="D:\actions-runner\_work\XPCO\XPCO\Common\VideoOS.Database.Common\tst\VideoOS.SqlUpdate.UnitTests\bin\Debug\net47\VideoOS.SqlUpdate.UnitTests.dll" adapterTypeName="executor://mstestadapter/v2" className="VideoOS.SqlUpdate.UnitTests.Core.Logger.LogLevelArgumentParserTests" name="GetLogLevel_DefaultLogLevel_Success" />
    </UnitTest>
    <UnitTest name="Execute_GivenHelpArg_ShouldLogHelpAndReturnTrue" storage="d:\actions-runner\_work\xpco\xpco\common\videoos.database.common\tst\videoos.sqlupdate.unittests\bin\debug\net47\videoos.sqlupdate.unittests.dll" id="ab19b7bf-ad07-089f-53a1-3d3dbecbc8f5">
      <Execution id="98b43bb3-7d4a-4fa8-bb94-3fdf0513304a" />
      <TestMethod codeBase="D:\actions-runner\_work\XPCO\XPCO\Common\VideoOS.Database.Common\tst\VideoOS.SqlUpdate.UnitTests\bin\Debug\net47\VideoOS.SqlUpdate.UnitTests.dll" adapterTypeName="executor://mstestadapter/v2" className="VideoOS.SqlUpdate.UnitTests.MainControllerTests" name="Execute_GivenHelpArg_ShouldLogHelpAndReturnTrue" />
    </UnitTest>
    <UnitTest name="GetLogLevel_WarningLogLevel_Success" storage="d:\actions-runner\_work\xpco\xpco\common\videoos.database.common\tst\videoos.sqlupdate.unittests\bin\debug\net47\videoos.sqlupdate.unittests.dll" id="4f77b768-fdd6-d9f7-17dc-d6fe0dba6a76">
      <Execution id="519b87cf-8fc0-4414-be22-6d3684275b03" />
      <TestMethod codeBase="D:\actions-runner\_work\XPCO\XPCO\Common\VideoOS.Database.Common\tst\VideoOS.SqlUpdate.UnitTests\bin\Debug\net47\VideoOS.SqlUpdate.UnitTests.dll" adapterTypeName="executor://mstestadapter/v2" className="VideoOS.SqlUpdate.UnitTests.Core.Logger.LogLevelArgumentParserTests" name="GetLogLevel_WarningLogLevel_Success" />
    </UnitTest>
    <UnitTest name="EnrichConfiguration_GivenInputAppConfig_ShouldReturnCorrectAppConfig" storage="d:\actions-runner\_work\xpco\xpco\common\videoos.database.common\tst\videoos.sqlupdate.unittests\bin\debug\net47\videoos.sqlupdate.unittests.dll" id="2388efa5-9ced-56ba-7b92-9b5de847fc7e">
      <Execution id="d8bfd639-1bc8-4dca-a598-df9a4d9c8179" />
      <TestMethod codeBase="D:\actions-runner\_work\XPCO\XPCO\Common\VideoOS.Database.Common\tst\VideoOS.SqlUpdate.UnitTests\bin\Debug\net47\VideoOS.SqlUpdate.UnitTests.dll" adapterTypeName="executor://mstestadapter/v2" className="VideoOS.SqlUpdate.UnitTests.Core.Configuration.AppConfigHelperTests" name="EnrichConfiguration_GivenInputAppConfig_ShouldReturnCorrectAppConfig" />
    </UnitTest>
    <UnitTest name="Execute_ScriptNoVersion_ShouldNotSetVersion" storage="d:\actions-runner\_work\xpco\xpco\common\videoos.database.common\tst\videoos.sqlupdate.unittests\bin\debug\net47\videoos.sqlupdate.unittests.dll" id="50a58278-6fbf-6e1e-a6e1-637055c38299">
      <Execution id="721f134b-865a-4165-a4d5-3f8911385b88" />
      <TestMethod codeBase="D:\actions-runner\_work\XPCO\XPCO\Common\VideoOS.Database.Common\tst\VideoOS.SqlUpdate.UnitTests\bin\Debug\net47\VideoOS.SqlUpdate.UnitTests.dll" adapterTypeName="executor://mstestadapter/v2" className="VideoOS.SqlUpdate.UnitTests.Core.Scripts.ScriptsExecutorTests" name="Execute_ScriptNoVersion_ShouldNotSetVersion" />
    </UnitTest>
    <UnitTest name="IsValidConfiguration_GivenNotSupportedCommandLineArg_ShouldLogAndReturnFalse" storage="d:\actions-runner\_work\xpco\xpco\common\videoos.database.common\tst\videoos.sqlupdate.unittests\bin\debug\net47\videoos.sqlupdate.unittests.dll" id="e9246b2a-5ddd-ce86-661a-ec992691ba70">
      <Execution id="721a3163-1616-442f-818d-33d320beec79" />
      <TestMethod codeBase="D:\actions-runner\_work\XPCO\XPCO\Common\VideoOS.Database.Common\tst\VideoOS.SqlUpdate.UnitTests\bin\Debug\net47\VideoOS.SqlUpdate.UnitTests.dll" adapterTypeName="executor://mstestadapter/v2" className="VideoOS.SqlUpdate.UnitTests.Core.Configuration.AppConfigProviderTests" name="IsValidConfiguration_GivenNotSupportedCommandLineArg_ShouldLogAndReturnFalse" />
    </UnitTest>
    <UnitTest name="Execute_GivenOneBrokenScriptInCollection_ShouldThrow" storage="d:\actions-runner\_work\xpco\xpco\common\videoos.database.common\tst\videoos.sqlupdate.unittests\bin\debug\net47\videoos.sqlupdate.unittests.dll" id="904deb02-8736-9b32-c134-5c7d259832e2">
      <Execution id="0d92c6df-0356-4ddb-bd03-41cfd3915e3a" />
      <TestMethod codeBase="D:\actions-runner\_work\XPCO\XPCO\Common\VideoOS.Database.Common\tst\VideoOS.SqlUpdate.UnitTests\bin\Debug\net47\VideoOS.SqlUpdate.UnitTests.dll" adapterTypeName="executor://mstestadapter/v2" className="VideoOS.SqlUpdate.UnitTests.Core.Scripts.ScriptsExecutorTests" name="Execute_GivenOneBrokenScriptInCollection_ShouldThrow" />
    </UnitTest>
    <UnitTest name="CreateAllDatabasesExternallyManagedUsingLimitedAccounts" storage="d:\actions-runner\_work\xpco\xpco\common\videoos.database.common\tst\videoos.sqlupdate.unittests\bin\debug\net47\videoos.sqlupdate.unittests.dll" id="cc68eb69-61b4-2530-3b70-25726734b520">
      <TestCategory>
        <TestCategoryItem TestCategory="Database" />
      </TestCategory>
      <Execution id="af73cc8c-77d5-4462-8a5b-5b2d575e74a6" />
      <TestMethod codeBase="D:\actions-runner\_work\XPCO\XPCO\Common\VideoOS.Database.Common\tst\VideoOS.SqlUpdate.UnitTests\bin\Debug\net47\VideoOS.SqlUpdate.UnitTests.dll" adapterTypeName="executor://mstestadapter/v2" className="VideoOS.SqlUpdate.UnitTests.SqlUpdateDatabaseTests" name="CreateAllDatabasesExternallyManagedUsingLimitedAccounts" />
    </UnitTest>
    <UnitTest name="CreateAllDatabases" storage="d:\actions-runner\_work\xpco\xpco\common\videoos.database.common\tst\videoos.sqlupdate.unittests\bin\debug\net47\videoos.sqlupdate.unittests.dll" id="6f5df8b4-452b-59af-aaa5-4ca2d6ff793d">
      <TestCategory>
        <TestCategoryItem TestCategory="Database" />
      </TestCategory>
      <Execution id="3694c343-c015-4880-a8c7-0084bc666be1" />
      <TestMethod codeBase="D:\actions-runner\_work\XPCO\XPCO\Common\VideoOS.Database.Common\tst\VideoOS.SqlUpdate.UnitTests\bin\Debug\net47\VideoOS.SqlUpdate.UnitTests.dll" adapterTypeName="executor://mstestadapter/v2" className="VideoOS.SqlUpdate.UnitTests.SqlUpdateDatabaseTests" name="CreateAllDatabases" />
    </UnitTest>
    <UnitTest name="Constructor_ScriptsCollector_Null_Throws_ArgumentNullException" storage="d:\actions-runner\_work\xpco\xpco\common\videoos.database.common\tst\videoos.sqlupdate.unittests\bin\debug\net47\videoos.sqlupdate.unittests.dll" id="04e2ea31-6c30-6dc2-1890-8643fb008cc3">
      <Execution id="646fd3fc-fee1-435b-bb02-83258c76a606" />
      <TestMethod codeBase="D:\actions-runner\_work\XPCO\XPCO\Common\VideoOS.Database.Common\tst\VideoOS.SqlUpdate.UnitTests\bin\Debug\net47\VideoOS.SqlUpdate.UnitTests.dll" adapterTypeName="executor://mstestadapter/v2" className="VideoOS.SqlUpdate.UnitTests.Core.Services.DbServiceTests" name="Constructor_ScriptsCollector_Null_Throws_ArgumentNullException" />
    </UnitTest>
    <UnitTest name="IsReadyToExecute_UpdateScenario_HappyPath_ShouldReturnTrue" storage="d:\actions-runner\_work\xpco\xpco\common\videoos.database.common\tst\videoos.sqlupdate.unittests\bin\debug\net47\videoos.sqlupdate.unittests.dll" id="9bfeb736-ca4e-5e91-b7a2-4db35809c59a">
      <Execution id="cecc6752-4d87-4b6c-82d0-645aa599e66e" />
      <TestMethod codeBase="D:\actions-runner\_work\XPCO\XPCO\Common\VideoOS.Database.Common\tst\VideoOS.SqlUpdate.UnitTests\bin\Debug\net47\VideoOS.SqlUpdate.UnitTests.dll" adapterTypeName="executor://mstestadapter/v2" className="VideoOS.SqlUpdate.UnitTests.Core.Services.DbServiceTests" name="IsReadyToExecute_UpdateScenario_HappyPath_ShouldReturnTrue" />
    </UnitTest>
    <UnitTest name="Create_GivenScriptWithoutTransactionSupport_ShouldReturnScriptWithoutTransactionSupport" storage="d:\actions-runner\_work\xpco\xpco\common\videoos.database.common\tst\videoos.sqlupdate.unittests\bin\debug\net47\videoos.sqlupdate.unittests.dll" id="6ee6e7fe-d9ff-b8c7-4cce-86eb02501373">
      <Execution id="53b2fb84-f625-42a3-a036-4f49bf9b0137" />
      <TestMethod codeBase="D:\actions-runner\_work\XPCO\XPCO\Common\VideoOS.Database.Common\tst\VideoOS.SqlUpdate.UnitTests\bin\Debug\net47\VideoOS.SqlUpdate.UnitTests.dll" adapterTypeName="executor://mstestadapter/v2" className="VideoOS.SqlUpdate.UnitTests.Core.Scripts.ScriptFactoryTests" name="Create_GivenScriptWithoutTransactionSupport_ShouldReturnScriptWithoutTransactionSupport" />
    </UnitTest>
    <UnitTest name="Create_GivenNonVersionedScript_ShouldReturnScriptWithoutVersion" storage="d:\actions-runner\_work\xpco\xpco\common\videoos.database.common\tst\videoos.sqlupdate.unittests\bin\debug\net47\videoos.sqlupdate.unittests.dll" id="10da54e4-c3e2-70d3-8bc7-de9feda214da">
      <Execution id="52351b5f-af4f-4973-bc04-a890e4d22e6a" />
      <TestMethod codeBase="D:\actions-runner\_work\XPCO\XPCO\Common\VideoOS.Database.Common\tst\VideoOS.SqlUpdate.UnitTests\bin\Debug\net47\VideoOS.SqlUpdate.UnitTests.dll" adapterTypeName="executor://mstestadapter/v2" className="VideoOS.SqlUpdate.UnitTests.Core.Scripts.ScriptFactoryTests" name="Create_GivenNonVersionedScript_ShouldReturnScriptWithoutVersion" />
    </UnitTest>
    <UnitTest name="Constructor_MasterDbOperations_Null_Throws_ArgumentNullException" storage="d:\actions-runner\_work\xpco\xpco\common\videoos.database.common\tst\videoos.sqlupdate.unittests\bin\debug\net47\videoos.sqlupdate.unittests.dll" id="5581f54c-df72-453d-9da1-39abdb36fa4f">
      <Execution id="b25c457f-b1d2-422c-99a8-b3d3ad462cff" />
      <TestMethod codeBase="D:\actions-runner\_work\XPCO\XPCO\Common\VideoOS.Database.Common\tst\VideoOS.SqlUpdate.UnitTests\bin\Debug\net47\VideoOS.SqlUpdate.UnitTests.dll" adapterTypeName="executor://mstestadapter/v2" className="VideoOS.SqlUpdate.UnitTests.Core.Services.DbServiceTests" name="Constructor_MasterDbOperations_Null_Throws_ArgumentNullException" />
    </UnitTest>
    <UnitTest name="GetVersionedScripts_GivenOldScriptThatCurrentDbVersion_ShouldSkipThatScript" storage="d:\actions-runner\_work\xpco\xpco\common\videoos.database.common\tst\videoos.sqlupdate.unittests\bin\debug\net47\videoos.sqlupdate.unittests.dll" id="3cca7369-9ecc-3ef2-22e8-86d9ac384202">
      <Execution id="553527a7-424e-4fe6-8a8b-37c3f240973c" />
      <TestMethod codeBase="D:\actions-runner\_work\XPCO\XPCO\Common\VideoOS.Database.Common\tst\VideoOS.SqlUpdate.UnitTests\bin\Debug\net47\VideoOS.SqlUpdate.UnitTests.dll" adapterTypeName="executor://mstestadapter/v2" className="VideoOS.SqlUpdate.UnitTests.Core.Scripts.ScriptsCollectorTests" name="GetVersionedScripts_GivenOldScriptThatCurrentDbVersion_ShouldSkipThatScript" />
    </UnitTest>
    <UnitTest name="Get_GivenNotSupportedCommandLineArg_ShouldLogAndReturnNull" storage="d:\actions-runner\_work\xpco\xpco\common\videoos.database.common\tst\videoos.sqlupdate.unittests\bin\debug\net47\videoos.sqlupdate.unittests.dll" id="064429b8-a5d8-3b48-d5a4-fc74fc62b102">
      <Execution id="0e3ac1ff-e95a-43d2-81ab-40f30b351c04" />
      <TestMethod codeBase="D:\actions-runner\_work\XPCO\XPCO\Common\VideoOS.Database.Common\tst\VideoOS.SqlUpdate.UnitTests\bin\Debug\net47\VideoOS.SqlUpdate.UnitTests.dll" adapterTypeName="executor://mstestadapter/v2" className="VideoOS.SqlUpdate.UnitTests.Core.Configuration.AppConfigProviderTests" name="Get_GivenNotSupportedCommandLineArg_ShouldLogAndReturnNull" />
    </UnitTest>
    <UnitTest name="Constructor_DatabaseVersionProviderFactory_Null_Throws_ArgumentNullException" storage="d:\actions-runner\_work\xpco\xpco\common\videoos.database.common\tst\videoos.sqlupdate.unittests\bin\debug\net47\videoos.sqlupdate.unittests.dll" id="b608d459-68f8-4b17-c569-7ce8de19aa3a">
      <Execution id="cb5d5aee-c53d-409f-9939-c5f0264cd553" />
      <TestMethod codeBase="D:\actions-runner\_work\XPCO\XPCO\Common\VideoOS.Database.Common\tst\VideoOS.SqlUpdate.UnitTests\bin\Debug\net47\VideoOS.SqlUpdate.UnitTests.dll" adapterTypeName="executor://mstestadapter/v2" className="VideoOS.SqlUpdate.UnitTests.Core.Services.DbServiceTests" name="Constructor_DatabaseVersionProviderFactory_Null_Throws_ArgumentNullException" />
    </UnitTest>
    <UnitTest name="Constructor_DbOperations_Null_Throws_ArgumentNullException" storage="d:\actions-runner\_work\xpco\xpco\common\videoos.database.common\tst\videoos.sqlupdate.unittests\bin\debug\net47\videoos.sqlupdate.unittests.dll" id="7cf895a2-7f92-0c2a-94f7-77225e4e367a">
      <Execution id="0a4adf37-9679-4e8b-98a3-353e8b2f88f9" />
      <TestMethod codeBase="D:\actions-runner\_work\XPCO\XPCO\Common\VideoOS.Database.Common\tst\VideoOS.SqlUpdate.UnitTests\bin\Debug\net47\VideoOS.SqlUpdate.UnitTests.dll" adapterTypeName="executor://mstestadapter/v2" className="VideoOS.SqlUpdate.UnitTests.Core.Services.DbServiceTests" name="Constructor_DbOperations_Null_Throws_ArgumentNullException" />
    </UnitTest>
    <UnitTest name="Create_GivenScriptWithMultipleStatements_ShouldReturnScriptWithThatStatements" storage="d:\actions-runner\_work\xpco\xpco\common\videoos.database.common\tst\videoos.sqlupdate.unittests\bin\debug\net47\videoos.sqlupdate.unittests.dll" id="d6dfd496-6209-a847-e8f3-6fbcdc84c22c">
      <Execution id="1f8fb2ad-9ace-4ce0-ba08-29b8c700f5c1" />
      <TestMethod codeBase="D:\actions-runner\_work\XPCO\XPCO\Common\VideoOS.Database.Common\tst\VideoOS.SqlUpdate.UnitTests\bin\Debug\net47\VideoOS.SqlUpdate.UnitTests.dll" adapterTypeName="executor://mstestadapter/v2" className="VideoOS.SqlUpdate.UnitTests.Core.Scripts.ScriptFactoryTests" name="Create_GivenScriptWithMultipleStatements_ShouldReturnScriptWithThatStatements" />
    </UnitTest>
    <UnitTest name="ShouldExecute_NoVmsConnectionString_ShouldReturnFalse" storage="d:\actions-runner\_work\xpco\xpco\common\videoos.database.common\tst\videoos.sqlupdate.unittests\bin\debug\net47\videoos.sqlupdate.unittests.dll" id="7e1833b0-8b42-2c29-a2eb-b5a87e60f73a">
      <Execution id="48c33ca6-2504-413a-b560-59b4db9048ae" />
      <TestMethod codeBase="D:\actions-runner\_work\XPCO\XPCO\Common\VideoOS.Database.Common\tst\VideoOS.SqlUpdate.UnitTests\bin\Debug\net47\VideoOS.SqlUpdate.UnitTests.dll" adapterTypeName="executor://mstestadapter/v2" className="VideoOS.SqlUpdate.UnitTests.Core.Services.DbServiceTests" name="ShouldExecute_NoVmsConnectionString_ShouldReturnFalse" />
    </UnitTest>
    <UnitTest name="Constructor_KeyStorage_Null_Throws_ArgumentNullException" storage="d:\actions-runner\_work\xpco\xpco\common\videoos.database.common\tst\videoos.sqlupdate.unittests\bin\debug\net47\videoos.sqlupdate.unittests.dll" id="5bf11d8b-aae6-877c-b28c-17bae43fadfa">
      <Execution id="c781bb7d-250b-42f8-9b3a-2a8b415d357e" />
      <TestMethod codeBase="D:\actions-runner\_work\XPCO\XPCO\Common\VideoOS.Database.Common\tst\VideoOS.SqlUpdate.UnitTests\bin\Debug\net47\VideoOS.SqlUpdate.UnitTests.dll" adapterTypeName="executor://mstestadapter/v2" className="VideoOS.SqlUpdate.UnitTests.Core.Services.DbServiceTests" name="Constructor_KeyStorage_Null_Throws_ArgumentNullException" />
    </UnitTest>
    <UnitTest name="Execute_GivenOneScriptInCollection_ShouldExecuteScript" storage="d:\actions-runner\_work\xpco\xpco\common\videoos.database.common\tst\videoos.sqlupdate.unittests\bin\debug\net47\videoos.sqlupdate.unittests.dll" id="bd5aa487-7039-c07f-c64a-9bb61750aff0">
      <Execution id="a3d9fafd-46d5-4257-84a2-a041a8726d93" />
      <TestMethod codeBase="D:\actions-runner\_work\XPCO\XPCO\Common\VideoOS.Database.Common\tst\VideoOS.SqlUpdate.UnitTests\bin\Debug\net47\VideoOS.SqlUpdate.UnitTests.dll" adapterTypeName="executor://mstestadapter/v2" className="VideoOS.SqlUpdate.UnitTests.Core.Scripts.ScriptsExecutorTests" name="Execute_GivenOneScriptInCollection_ShouldExecuteScript" />
    </UnitTest>
    <UnitTest name="GetLogLevel_InvalidArgument_Returns_DefaultLogLevel" storage="d:\actions-runner\_work\xpco\xpco\common\videoos.database.common\tst\videoos.sqlupdate.unittests\bin\debug\net47\videoos.sqlupdate.unittests.dll" id="b981ef1e-0643-0a10-c408-9602ea31071b">
      <Execution id="ce3f9c5b-c650-4c53-a15e-78daf4ffc25b" />
      <TestMethod codeBase="D:\actions-runner\_work\XPCO\XPCO\Common\VideoOS.Database.Common\tst\VideoOS.SqlUpdate.UnitTests\bin\Debug\net47\VideoOS.SqlUpdate.UnitTests.dll" adapterTypeName="executor://mstestadapter/v2" className="VideoOS.SqlUpdate.UnitTests.Core.Logger.LogLevelArgumentParserTests" name="GetLogLevel_InvalidArgument_Returns_DefaultLogLevel" />
    </UnitTest>
    <UnitTest name="Execute_GivenInvalidAppConfiguration_ShouldLogAndReturnFalse" storage="d:\actions-runner\_work\xpco\xpco\common\videoos.database.common\tst\videoos.sqlupdate.unittests\bin\debug\net47\videoos.sqlupdate.unittests.dll" id="6717228d-b0db-29cf-2f7d-7fb9f7b75e75">
      <Execution id="294786be-6e8c-417b-8a18-85e9616224fd" />
      <TestMethod codeBase="D:\actions-runner\_work\XPCO\XPCO\Common\VideoOS.Database.Common\tst\VideoOS.SqlUpdate.UnitTests\bin\Debug\net47\VideoOS.SqlUpdate.UnitTests.dll" adapterTypeName="executor://mstestadapter/v2" className="VideoOS.SqlUpdate.UnitTests.MainControllerTests" name="Execute_GivenInvalidAppConfiguration_ShouldLogAndReturnFalse" />
    </UnitTest>
    <UnitTest name="IsReadyToExecute_UpdateScenario_DatabaseExistsButShouldBeDeleted_ShouldSkipVersionAndProductValidation" storage="d:\actions-runner\_work\xpco\xpco\common\videoos.database.common\tst\videoos.sqlupdate.unittests\bin\debug\net47\videoos.sqlupdate.unittests.dll" id="79591c70-394d-9f25-62b4-ef18405cf903">
      <Execution id="8aadc260-b0c6-4288-b977-d1bcfea9fa30" />
      <TestMethod codeBase="D:\actions-runner\_work\XPCO\XPCO\Common\VideoOS.Database.Common\tst\VideoOS.SqlUpdate.UnitTests\bin\Debug\net47\VideoOS.SqlUpdate.UnitTests.dll" adapterTypeName="executor://mstestadapter/v2" className="VideoOS.SqlUpdate.UnitTests.Core.Services.DbServiceTests" name="IsReadyToExecute_UpdateScenario_DatabaseExistsButShouldBeDeleted_ShouldSkipVersionAndProductValidation" />
    </UnitTest>
    <UnitTest name="CreateThenUpgradeVmsDatabaseNoUpgradeScripts" storage="d:\actions-runner\_work\xpco\xpco\common\videoos.database.common\tst\videoos.sqlupdate.unittests\bin\debug\net47\videoos.sqlupdate.unittests.dll" id="dde1f694-7e4c-1e4e-07c3-2a4082992625">
      <TestCategory>
        <TestCategoryItem TestCategory="Database" />
      </TestCategory>
      <Execution id="6952a6d0-77e0-4323-bc11-59f2a919700a" />
      <TestMethod codeBase="D:\actions-runner\_work\XPCO\XPCO\Common\VideoOS.Database.Common\tst\VideoOS.SqlUpdate.UnitTests\bin\Debug\net47\VideoOS.SqlUpdate.UnitTests.dll" adapterTypeName="executor://mstestadapter/v2" className="VideoOS.SqlUpdate.UnitTests.SqlUpdateDatabaseTests" name="CreateThenUpgradeVmsDatabaseNoUpgradeScripts" />
    </UnitTest>
    <UnitTest name="Constructor_Logger_Null_Throws_ArgumentNullException" storage="d:\actions-runner\_work\xpco\xpco\common\videoos.database.common\tst\videoos.sqlupdate.unittests\bin\debug\net47\videoos.sqlupdate.unittests.dll" id="41d30b56-9442-82fc-617e-045fc6735520">
      <Execution id="082c82ae-4519-493c-a491-4fd461eab51a" />
      <TestMethod codeBase="D:\actions-runner\_work\XPCO\XPCO\Common\VideoOS.Database.Common\tst\VideoOS.SqlUpdate.UnitTests\bin\Debug\net47\VideoOS.SqlUpdate.UnitTests.dll" adapterTypeName="executor://mstestadapter/v2" className="VideoOS.SqlUpdate.UnitTests.Core.Services.DbServiceTests" name="Constructor_Logger_Null_Throws_ArgumentNullException" />
    </UnitTest>
    <UnitTest name="Get_GivenCommandLineArgs_ShouldReturnCorrectAppConfig" storage="d:\actions-runner\_work\xpco\xpco\common\videoos.database.common\tst\videoos.sqlupdate.unittests\bin\debug\net47\videoos.sqlupdate.unittests.dll" id="702645e6-7396-cb60-9de0-cccaae422d3f">
      <Execution id="ce7e3918-f7c4-4bc5-90e5-2fa2a31d498c" />
      <TestMethod codeBase="D:\actions-runner\_work\XPCO\XPCO\Common\VideoOS.Database.Common\tst\VideoOS.SqlUpdate.UnitTests\bin\Debug\net47\VideoOS.SqlUpdate.UnitTests.dll" adapterTypeName="executor://mstestadapter/v2" className="VideoOS.SqlUpdate.UnitTests.Core.Configuration.AppConfigProviderTests" name="Get_GivenCommandLineArgs_ShouldReturnCorrectAppConfig" />
    </UnitTest>
    <UnitTest name="Get_GivenEmptyCommandLineArgs_ShouldReturnDefaultAppConfig" storage="d:\actions-runner\_work\xpco\xpco\common\videoos.database.common\tst\videoos.sqlupdate.unittests\bin\debug\net47\videoos.sqlupdate.unittests.dll" id="ca18aca4-9d6f-eaf5-771c-009a4cbed329">
      <Execution id="c22be24b-b9bc-47ab-963e-2c77f8cd4df4" />
      <TestMethod codeBase="D:\actions-runner\_work\XPCO\XPCO\Common\VideoOS.Database.Common\tst\VideoOS.SqlUpdate.UnitTests\bin\Debug\net47\VideoOS.SqlUpdate.UnitTests.dll" adapterTypeName="executor://mstestadapter/v2" className="VideoOS.SqlUpdate.UnitTests.Core.Configuration.AppConfigProviderTests" name="Get_GivenEmptyCommandLineArgs_ShouldReturnDefaultAppConfig" />
    </UnitTest>
    <UnitTest name="CreateEmbedded_GivenExistingScriptName_ShouldReturnValidScript" storage="d:\actions-runner\_work\xpco\xpco\common\videoos.database.common\tst\videoos.sqlupdate.unittests\bin\debug\net47\videoos.sqlupdate.unittests.dll" id="c88add81-88bd-8ea9-989f-db2dfc287771">
      <Execution id="3fb05c45-ca5a-446c-ac6a-161f8e9d31d2" />
      <TestMethod codeBase="D:\actions-runner\_work\XPCO\XPCO\Common\VideoOS.Database.Common\tst\VideoOS.SqlUpdate.UnitTests\bin\Debug\net47\VideoOS.SqlUpdate.UnitTests.dll" adapterTypeName="executor://mstestadapter/v2" className="VideoOS.SqlUpdate.UnitTests.Core.Scripts.ScriptFactoryTests" name="CreateEmbedded_GivenExistingScriptName_ShouldReturnValidScript" />
    </UnitTest>
    <UnitTest name="Create_GivenScriptWithOneStatement_ShouldReturnScriptWithThatStatement" storage="d:\actions-runner\_work\xpco\xpco\common\videoos.database.common\tst\videoos.sqlupdate.unittests\bin\debug\net47\videoos.sqlupdate.unittests.dll" id="f64c12ad-84d7-c28d-9e74-5b9666974d96">
      <Execution id="751b0223-ef36-46a1-8d62-f190dc24355c" />
      <TestMethod codeBase="D:\actions-runner\_work\XPCO\XPCO\Common\VideoOS.Database.Common\tst\VideoOS.SqlUpdate.UnitTests\bin\Debug\net47\VideoOS.SqlUpdate.UnitTests.dll" adapterTypeName="executor://mstestadapter/v2" className="VideoOS.SqlUpdate.UnitTests.Core.Scripts.ScriptFactoryTests" name="Create_GivenScriptWithOneStatement_ShouldReturnScriptWithThatStatement" />
    </UnitTest>
    <UnitTest name="CreateVmsDatabaseDatabaseAlreadyExists" storage="d:\actions-runner\_work\xpco\xpco\common\videoos.database.common\tst\videoos.sqlupdate.unittests\bin\debug\net47\videoos.sqlupdate.unittests.dll" id="686a860e-766b-012e-f87d-3bb3f66d6abf">
      <TestCategory>
        <TestCategoryItem TestCategory="Database" />
      </TestCategory>
      <Execution id="3e7f3191-d57d-41b2-b9b4-1e64056338b0" />
      <TestMethod codeBase="D:\actions-runner\_work\XPCO\XPCO\Common\VideoOS.Database.Common\tst\VideoOS.SqlUpdate.UnitTests\bin\Debug\net47\VideoOS.SqlUpdate.UnitTests.dll" adapterTypeName="executor://mstestadapter/v2" className="VideoOS.SqlUpdate.UnitTests.SqlUpdateDatabaseTests" name="CreateVmsDatabaseDatabaseAlreadyExists" />
    </UnitTest>
    <UnitTest name="Constructor_NoNulls_Success" storage="d:\actions-runner\_work\xpco\xpco\common\videoos.database.common\tst\videoos.sqlupdate.unittests\bin\debug\net47\videoos.sqlupdate.unittests.dll" id="9b464051-17df-e8a9-ef0d-733218e9a3ee">
      <Execution id="02424365-1f73-4cf5-910e-eb510c12f9f7" />
      <TestMethod codeBase="D:\actions-runner\_work\XPCO\XPCO\Common\VideoOS.Database.Common\tst\VideoOS.SqlUpdate.UnitTests\bin\Debug\net47\VideoOS.SqlUpdate.UnitTests.dll" adapterTypeName="executor://mstestadapter/v2" className="VideoOS.SqlUpdate.UnitTests.Core.Services.DbServiceTests" name="Constructor_NoNulls_Success" />
    </UnitTest>
    <UnitTest name="CreateEmbedded_GivenEmptyScriptName_ShouldThrow" storage="d:\actions-runner\_work\xpco\xpco\common\videoos.database.common\tst\videoos.sqlupdate.unittests\bin\debug\net47\videoos.sqlupdate.unittests.dll" id="741339a6-21fe-a872-cd6b-b614a77cc752">
      <Execution id="ff665ea0-81d2-4daa-bc7e-a14facd66b18" />
      <TestMethod codeBase="D:\actions-runner\_work\XPCO\XPCO\Common\VideoOS.Database.Common\tst\VideoOS.SqlUpdate.UnitTests\bin\Debug\net47\VideoOS.SqlUpdate.UnitTests.dll" adapterTypeName="executor://mstestadapter/v2" className="VideoOS.SqlUpdate.UnitTests.Core.Scripts.ScriptFactoryTests" name="CreateEmbedded_GivenEmptyScriptName_ShouldThrow" />
    </UnitTest>
    <UnitTest name="GetAllScripts_GivenStoredProcedures_ShouldCollectThem_Success" storage="d:\actions-runner\_work\xpco\xpco\common\videoos.database.common\tst\videoos.sqlupdate.unittests\bin\debug\net47\videoos.sqlupdate.unittests.dll" id="875548f8-2077-d880-325c-60b6c68964fb">
      <Execution id="331ec5b7-a8f8-427a-aa60-97d914236200" />
      <TestMethod codeBase="D:\actions-runner\_work\XPCO\XPCO\Common\VideoOS.Database.Common\tst\VideoOS.SqlUpdate.UnitTests\bin\Debug\net47\VideoOS.SqlUpdate.UnitTests.dll" adapterTypeName="executor://mstestadapter/v2" className="VideoOS.SqlUpdate.UnitTests.Core.Scripts.ScriptsCollectorTests" name="GetAllScripts_GivenStoredProcedures_ShouldCollectThem_Success" />
    </UnitTest>
    <UnitTest name="GetVersionedScripts_PathWithoutScripts_EmptyResult_Success" storage="d:\actions-runner\_work\xpco\xpco\common\videoos.database.common\tst\videoos.sqlupdate.unittests\bin\debug\net47\videoos.sqlupdate.unittests.dll" id="fc744469-1019-677e-ec3e-cac0babb1498">
      <Execution id="fdc3eb85-fbe2-48fd-af78-5b3d3bf805fd" />
      <TestMethod codeBase="D:\actions-runner\_work\XPCO\XPCO\Common\VideoOS.Database.Common\tst\VideoOS.SqlUpdate.UnitTests\bin\Debug\net47\VideoOS.SqlUpdate.UnitTests.dll" adapterTypeName="executor://mstestadapter/v2" className="VideoOS.SqlUpdate.UnitTests.Core.Scripts.ScriptsCollectorTests" name="GetVersionedScripts_PathWithoutScripts_EmptyResult_Success" />
    </UnitTest>
    <UnitTest name="CreateThenUpgradeInCorrectOrder" storage="d:\actions-runner\_work\xpco\xpco\common\videoos.database.common\tst\videoos.sqlupdate.unittests\bin\debug\net47\videoos.sqlupdate.unittests.dll" id="65bbabd0-1aa6-9abd-2678-07f395504fe6">
      <TestCategory>
        <TestCategoryItem TestCategory="Database" />
      </TestCategory>
      <Execution id="cdbd7a56-c336-404a-8df1-6205001fef2f" />
      <TestMethod codeBase="D:\actions-runner\_work\XPCO\XPCO\Common\VideoOS.Database.Common\tst\VideoOS.SqlUpdate.UnitTests\bin\Debug\net47\VideoOS.SqlUpdate.UnitTests.dll" adapterTypeName="executor://mstestadapter/v2" className="VideoOS.SqlUpdate.UnitTests.SqlUpdateDatabaseTests" name="CreateThenUpgradeInCorrectOrder" />
    </UnitTest>
    <UnitTest name="DefaultConstructor_NullEnvironmentWrapper_Throws_ArgumentNullException" storage="d:\actions-runner\_work\xpco\xpco\common\videoos.database.common\tst\videoos.sqlupdate.unittests\bin\debug\net47\videoos.sqlupdate.unittests.dll" id="95fcec59-d8a9-a66a-a9de-92fa7fa22840">
      <Execution id="8653a89e-48d1-46bc-8953-1a752f553839" />
      <TestMethod codeBase="D:\actions-runner\_work\XPCO\XPCO\Common\VideoOS.Database.Common\tst\VideoOS.SqlUpdate.UnitTests\bin\Debug\net47\VideoOS.SqlUpdate.UnitTests.dll" adapterTypeName="executor://mstestadapter/v2" className="VideoOS.SqlUpdate.UnitTests.Core.Logger.LogLevelArgumentParserTests" name="DefaultConstructor_NullEnvironmentWrapper_Throws_ArgumentNullException" />
    </UnitTest>
    <UnitTest name="IsReadyToExecute_UpdateScenario_CurrentDbVersionLowerThanMinimumSupportedVersion_ShouldLogAndReturnFalse" storage="d:\actions-runner\_work\xpco\xpco\common\videoos.database.common\tst\videoos.sqlupdate.unittests\bin\debug\net47\videoos.sqlupdate.unittests.dll" id="af31b27d-5c61-fbc3-1ed2-e579eca71705">
      <Execution id="de99a142-a889-4aeb-92ff-0c7aac4e7991" />
      <TestMethod codeBase="D:\actions-runner\_work\XPCO\XPCO\Common\VideoOS.Database.Common\tst\VideoOS.SqlUpdate.UnitTests\bin\Debug\net47\VideoOS.SqlUpdate.UnitTests.dll" adapterTypeName="executor://mstestadapter/v2" className="VideoOS.SqlUpdate.UnitTests.Core.Services.DbServiceTests" name="IsReadyToExecute_UpdateScenario_CurrentDbVersionLowerThanMinimumSupportedVersion_ShouldLogAndReturnFalse" />
    </UnitTest>
    <UnitTest name="Constructor_ScriptsExecutor_Null_Throws_ArgumentNullException" storage="d:\actions-runner\_work\xpco\xpco\common\videoos.database.common\tst\videoos.sqlupdate.unittests\bin\debug\net47\videoos.sqlupdate.unittests.dll" id="04f8bbce-1f90-cd92-253a-67e1f4ba674f">
      <Execution id="a78d545e-2614-44a9-b124-8de658c4e8e4" />
      <TestMethod codeBase="D:\actions-runner\_work\XPCO\XPCO\Common\VideoOS.Database.Common\tst\VideoOS.SqlUpdate.UnitTests\bin\Debug\net47\VideoOS.SqlUpdate.UnitTests.dll" adapterTypeName="executor://mstestadapter/v2" className="VideoOS.SqlUpdate.UnitTests.Core.Services.DbServiceTests" name="Constructor_ScriptsExecutor_Null_Throws_ArgumentNullException" />
    </UnitTest>
  </TestDefinitions>
  <TestEntries>
    <TestEntry testId="afc650e6-c5e7-eca3-c24e-cf8137610992" executionId="2aad4316-1075-4d63-859c-7679be63a06b" testListId="8c84fa94-04c1-424b-9868-57a2d4851a1d" />
    <TestEntry testId="af31b27d-5c61-fbc3-1ed2-e579eca71705" executionId="de99a142-a889-4aeb-92ff-0c7aac4e7991" testListId="8c84fa94-04c1-424b-9868-57a2d4851a1d" />
    <TestEntry testId="741339a6-21fe-a872-cd6b-b614a77cc752" executionId="ff665ea0-81d2-4daa-bc7e-a14facd66b18" testListId="8c84fa94-04c1-424b-9868-57a2d4851a1d" />
    <TestEntry testId="2388efa5-9ced-56ba-7b92-9b5de847fc7e" executionId="d8bfd639-1bc8-4dca-a598-df9a4d9c8179" testListId="8c84fa94-04c1-424b-9868-57a2d4851a1d" />
    <TestEntry testId="79591c70-394d-9f25-62b4-ef18405cf903" executionId="8aadc260-b0c6-4288-b977-d1bcfea9fa30" testListId="8c84fa94-04c1-424b-9868-57a2d4851a1d" />
    <TestEntry testId="bba149cc-081a-f1aa-47df-144245184e0e" executionId="e8ed22de-e385-428d-83ae-c8ce5385e0b0" testListId="8c84fa94-04c1-424b-9868-57a2d4851a1d" />
    <TestEntry testId="78c43138-7ef9-3133-dade-14b848c3191c" executionId="8cec0475-ca65-412c-8ad2-2ab3552d795c" testListId="8c84fa94-04c1-424b-9868-57a2d4851a1d" />
    <TestEntry testId="5b23e67a-a2a0-c3c3-cce5-1e6575c01c9d" executionId="8cfc3ddd-aaf3-4e7a-a698-74cbd16b6f23" testListId="8c84fa94-04c1-424b-9868-57a2d4851a1d" />
    <TestEntry testId="9b464051-17df-e8a9-ef0d-733218e9a3ee" executionId="02424365-1f73-4cf5-910e-eb510c12f9f7" testListId="8c84fa94-04c1-424b-9868-57a2d4851a1d" />
    <TestEntry testId="f419461f-31bf-a70b-f83a-889f52c5c952" executionId="58b974db-65c1-4840-8fe6-5b414d8e187d" testListId="8c84fa94-04c1-424b-9868-57a2d4851a1d" />
    <TestEntry testId="dde1f694-7e4c-1e4e-07c3-2a4082992625" executionId="6952a6d0-77e0-4323-bc11-59f2a919700a" testListId="8c84fa94-04c1-424b-9868-57a2d4851a1d" />
    <TestEntry testId="6099c9de-e2d2-7cf0-1838-8a8cc1758227" executionId="6a63d26b-96fe-443c-82fd-00beb4bfd502" testListId="8c84fa94-04c1-424b-9868-57a2d4851a1d" />
    <TestEntry testId="b20c96e8-7c10-0b75-3794-96ea9f2e063e" executionId="5262187c-9518-49d3-8209-a6f880d3bb89" testListId="8c84fa94-04c1-424b-9868-57a2d4851a1d" />
    <TestEntry testId="064429b8-a5d8-3b48-d5a4-fc74fc62b102" executionId="0e3ac1ff-e95a-43d2-81ab-40f30b351c04" testListId="8c84fa94-04c1-424b-9868-57a2d4851a1d" />
    <TestEntry testId="702645e6-7396-cb60-9de0-cccaae422d3f" executionId="ce7e3918-f7c4-4bc5-90e5-2fa2a31d498c" testListId="8c84fa94-04c1-424b-9868-57a2d4851a1d" />
    <TestEntry testId="673d823a-c5c2-5092-cff8-6327f96305ec" executionId="8b934fd2-b2f3-4b5f-a564-c8ce4612083a" testListId="8c84fa94-04c1-424b-9868-57a2d4851a1d" />
    <TestEntry testId="b6a84fc9-b8af-7638-b578-e83dde990014" executionId="80523fbc-c13d-46dc-a7a7-90322817d4ba" testListId="8c84fa94-04c1-424b-9868-57a2d4851a1d" />
    <TestEntry testId="04f8bbce-1f90-cd92-253a-67e1f4ba674f" executionId="a78d545e-2614-44a9-b124-8de658c4e8e4" testListId="8c84fa94-04c1-424b-9868-57a2d4851a1d" />
    <TestEntry testId="89a11917-5aa8-feb1-68af-0ce22ad844d0" executionId="d811f97a-eb65-4809-a83f-4435d33274ea" testListId="8c84fa94-04c1-424b-9868-57a2d4851a1d" />
    <TestEntry testId="465f0b10-185c-c9d6-3652-0b9a093b0b3b" executionId="7ddfd89a-4ac0-4ec7-b5a5-4851e099a70e" testListId="8c84fa94-04c1-424b-9868-57a2d4851a1d" />
    <TestEntry testId="ca18aca4-9d6f-eaf5-771c-009a4cbed329" executionId="c22be24b-b9bc-47ab-963e-2c77f8cd4df4" testListId="8c84fa94-04c1-424b-9868-57a2d4851a1d" />
    <TestEntry testId="65bbabd0-1aa6-9abd-2678-07f395504fe6" executionId="cdbd7a56-c336-404a-8df1-6205001fef2f" testListId="8c84fa94-04c1-424b-9868-57a2d4851a1d" />
    <TestEntry testId="5581f54c-df72-453d-9da1-39abdb36fa4f" executionId="b25c457f-b1d2-422c-99a8-b3d3ad462cff" testListId="8c84fa94-04c1-424b-9868-57a2d4851a1d" />
    <TestEntry testId="fc744469-1019-677e-ec3e-cac0babb1498" executionId="fdc3eb85-fbe2-48fd-af78-5b3d3bf805fd" testListId="8c84fa94-04c1-424b-9868-57a2d4851a1d" />
    <TestEntry testId="e78fe158-9bbe-4100-8e01-2da76940083e" executionId="3d970b60-230a-45b6-b85b-50837129c4e2" testListId="8c84fa94-04c1-424b-9868-57a2d4851a1d" />
    <TestEntry testId="10da54e4-c3e2-70d3-8bc7-de9feda214da" executionId="52351b5f-af4f-4973-bc04-a890e4d22e6a" testListId="8c84fa94-04c1-424b-9868-57a2d4851a1d" />
    <TestEntry testId="bd5aa487-7039-c07f-c64a-9bb61750aff0" executionId="a3d9fafd-46d5-4257-84a2-a041a8726d93" testListId="8c84fa94-04c1-424b-9868-57a2d4851a1d" />
    <TestEntry testId="875548f8-2077-d880-325c-60b6c68964fb" executionId="331ec5b7-a8f8-427a-aa60-97d914236200" testListId="8c84fa94-04c1-424b-9868-57a2d4851a1d" />
    <TestEntry testId="68cb11d5-1985-d85b-200d-5926f8c81604" executionId="25ca2019-a782-46a3-9d97-7fbb03c8f26a" testListId="8c84fa94-04c1-424b-9868-57a2d4851a1d" />
    <TestEntry testId="b608d459-68f8-4b17-c569-7ce8de19aa3a" executionId="cb5d5aee-c53d-409f-9939-c5f0264cd553" testListId="8c84fa94-04c1-424b-9868-57a2d4851a1d" />
    <TestEntry testId="904deb02-8736-9b32-c134-5c7d259832e2" executionId="0d92c6df-0356-4ddb-bd03-41cfd3915e3a" testListId="8c84fa94-04c1-424b-9868-57a2d4851a1d" />
    <TestEntry testId="3c38b12d-0514-ddbf-d2d8-766e948984fc" executionId="f359be5e-fce1-4f1e-9343-c4220575a01b" testListId="8c84fa94-04c1-424b-9868-57a2d4851a1d" />
    <TestEntry testId="e9f0dcf8-8217-8bbf-fe69-3ef1086dfebe" executionId="55ec58dc-2a76-40b2-a648-dc7b8cca4f39" testListId="8c84fa94-04c1-424b-9868-57a2d4851a1d" />
    <TestEntry testId="6ee6e7fe-d9ff-b8c7-4cce-86eb02501373" executionId="53b2fb84-f625-42a3-a036-4f49bf9b0137" testListId="8c84fa94-04c1-424b-9868-57a2d4851a1d" />
    <TestEntry testId="ab194622-cf10-28ec-2400-b5abc4ca3946" executionId="940422f5-258b-4479-a1a8-7b7473d83838" testListId="8c84fa94-04c1-424b-9868-57a2d4851a1d" />
    <TestEntry testId="3cca7369-9ecc-3ef2-22e8-86d9ac384202" executionId="553527a7-424e-4fe6-8a8b-37c3f240973c" testListId="8c84fa94-04c1-424b-9868-57a2d4851a1d" />
    <TestEntry testId="686a860e-766b-012e-f87d-3bb3f66d6abf" executionId="3e7f3191-d57d-41b2-b9b4-1e64056338b0" testListId="8c84fa94-04c1-424b-9868-57a2d4851a1d" />
    <TestEntry testId="5bf11d8b-aae6-877c-b28c-17bae43fadfa" executionId="c781bb7d-250b-42f8-9b3a-2a8b415d357e" testListId="8c84fa94-04c1-424b-9868-57a2d4851a1d" />
    <TestEntry testId="ac9ae4b8-5b59-bf17-6036-8874e550ac26" executionId="d52e30f2-6336-4f12-ae31-23c3adab2ffb" testListId="8c84fa94-04c1-424b-9868-57a2d4851a1d" />
    <TestEntry testId="32eb61fc-2450-1ada-8488-7c573853f5df" executionId="b8375b59-6a8d-444e-b3b8-6587ce53dda4" testListId="8c84fa94-04c1-424b-9868-57a2d4851a1d" />
    <TestEntry testId="095f3b1b-c15f-8f8f-6f45-89cc91d4fcbb" executionId="3d5edcb3-134c-4f3e-9412-e2a30eb76f8f" testListId="8c84fa94-04c1-424b-9868-57a2d4851a1d" />
    <TestEntry testId="41d30b56-9442-82fc-617e-045fc6735520" executionId="082c82ae-4519-493c-a491-4fd461eab51a" testListId="8c84fa94-04c1-424b-9868-57a2d4851a1d" />
    <TestEntry testId="95fcec59-d8a9-a66a-a9de-92fa7fa22840" executionId="8653a89e-48d1-46bc-8953-1a752f553839" testListId="8c84fa94-04c1-424b-9868-57a2d4851a1d" />
    <TestEntry testId="75405596-547d-3d11-b42a-a99c32d62adb" executionId="3dad3b4f-c5cf-4945-bc0a-6990f9990ba6" testListId="8c84fa94-04c1-424b-9868-57a2d4851a1d" />
    <TestEntry testId="0b5cb3ff-7c31-8b4f-f774-04f204b3af60" executionId="63fbc137-721c-43f3-8312-f07382974c10" testListId="8c84fa94-04c1-424b-9868-57a2d4851a1d" />
    <TestEntry testId="8876f71d-207b-9e98-73fb-269dea525259" executionId="f6bc73dd-d7a2-4f4c-b223-7060b3c0f409" testListId="8c84fa94-04c1-424b-9868-57a2d4851a1d" />
    <TestEntry testId="d6dfd496-6209-a847-e8f3-6fbcdc84c22c" executionId="1f8fb2ad-9ace-4ce0-ba08-29b8c700f5c1" testListId="8c84fa94-04c1-424b-9868-57a2d4851a1d" />
    <TestEntry testId="7cf895a2-7f92-0c2a-94f7-77225e4e367a" executionId="0a4adf37-9679-4e8b-98a3-353e8b2f88f9" testListId="8c84fa94-04c1-424b-9868-57a2d4851a1d" />
    <TestEntry testId="6717228d-b0db-29cf-2f7d-7fb9f7b75e75" executionId="294786be-6e8c-417b-8a18-85e9616224fd" testListId="8c84fa94-04c1-424b-9868-57a2d4851a1d" />
    <TestEntry testId="b981ef1e-0643-0a10-c408-9602ea31071b" executionId="ce3f9c5b-c650-4c53-a15e-78daf4ffc25b" testListId="8c84fa94-04c1-424b-9868-57a2d4851a1d" />
    <TestEntry testId="e9246b2a-5ddd-ce86-661a-ec992691ba70" executionId="721a3163-1616-442f-818d-33d320beec79" testListId="8c84fa94-04c1-424b-9868-57a2d4851a1d" />
    <TestEntry testId="9bfeb736-ca4e-5e91-b7a2-4db35809c59a" executionId="cecc6752-4d87-4b6c-82d0-645aa599e66e" testListId="8c84fa94-04c1-424b-9868-57a2d4851a1d" />
    <TestEntry testId="c88add81-88bd-8ea9-989f-db2dfc287771" executionId="3fb05c45-ca5a-446c-ac6a-161f8e9d31d2" testListId="8c84fa94-04c1-424b-9868-57a2d4851a1d" />
    <TestEntry testId="50a58278-6fbf-6e1e-a6e1-637055c38299" executionId="721f134b-865a-4165-a4d5-3f8911385b88" testListId="8c84fa94-04c1-424b-9868-57a2d4851a1d" />
    <TestEntry testId="700cd3a9-84b0-2e12-b13f-48ceb717eb8b" executionId="e1aa66dc-d8ac-405a-b210-2833ce4bbaf9" testListId="8c84fa94-04c1-424b-9868-57a2d4851a1d" />
    <TestEntry testId="4f77b768-fdd6-d9f7-17dc-d6fe0dba6a76" executionId="519b87cf-8fc0-4414-be22-6d3684275b03" testListId="8c84fa94-04c1-424b-9868-57a2d4851a1d" />
    <TestEntry testId="a0f9c482-e7b2-3a3d-cfcc-2dcdd4040ff9" executionId="3bf56753-a521-4708-8b36-932b7641ee01" testListId="8c84fa94-04c1-424b-9868-57a2d4851a1d" />
    <TestEntry testId="01826079-be72-7b70-b9e3-2bcdd8fb2e14" executionId="c84589da-39bb-4539-a954-2149b9e45f75" testListId="8c84fa94-04c1-424b-9868-57a2d4851a1d" />
    <TestEntry testId="31e7b9fa-1a47-95f0-5dda-b3bef5a15e43" executionId="de6b336f-6273-486d-9832-eccd87a0faab" testListId="8c84fa94-04c1-424b-9868-57a2d4851a1d" />
    <TestEntry testId="6f5df8b4-452b-59af-aaa5-4ca2d6ff793d" executionId="3694c343-c015-4880-a8c7-0084bc666be1" testListId="8c84fa94-04c1-424b-9868-57a2d4851a1d" />
    <TestEntry testId="3e39c4fd-e569-1a52-6db5-663e0f313655" executionId="f1c74ad8-6ea6-4b8f-8fa0-ba829c94c6c3" testListId="8c84fa94-04c1-424b-9868-57a2d4851a1d" />
    <TestEntry testId="25819e67-9cc2-8de0-c182-77febfb0511b" executionId="25b3bdda-d627-45d3-9dd8-52d7b64bba69" testListId="8c84fa94-04c1-424b-9868-57a2d4851a1d" />
    <TestEntry testId="ab19b7bf-ad07-089f-53a1-3d3dbecbc8f5" executionId="98b43bb3-7d4a-4fa8-bb94-3fdf0513304a" testListId="8c84fa94-04c1-424b-9868-57a2d4851a1d" />
    <TestEntry testId="ca4596e6-88b4-16cc-9437-62363304193e" executionId="3a704c5e-0e2f-4831-8d7f-9cafec2d8d3f" testListId="8c84fa94-04c1-424b-9868-57a2d4851a1d" />
    <TestEntry testId="cffab82f-3414-27a9-2389-810a030221f8" executionId="126ead1c-cad2-40f7-86d9-6fdadd8d7887" testListId="8c84fa94-04c1-424b-9868-57a2d4851a1d" />
    <TestEntry testId="04e2ea31-6c30-6dc2-1890-8643fb008cc3" executionId="646fd3fc-fee1-435b-bb02-83258c76a606" testListId="8c84fa94-04c1-424b-9868-57a2d4851a1d" />
    <TestEntry testId="fb86b757-bded-c0b9-e792-10e606c289de" executionId="e93f7a9b-76db-461c-86a6-07cc96c4ca74" testListId="8c84fa94-04c1-424b-9868-57a2d4851a1d" />
    <TestEntry testId="bc65ce97-e1cb-7cff-0568-18a39fed20c2" executionId="5417dd49-09ac-49a0-a665-dea93373f223" testListId="8c84fa94-04c1-424b-9868-57a2d4851a1d" />
    <TestEntry testId="cc68eb69-61b4-2530-3b70-25726734b520" executionId="af73cc8c-77d5-4462-8a5b-5b2d575e74a6" testListId="8c84fa94-04c1-424b-9868-57a2d4851a1d" />
    <TestEntry testId="f64c12ad-84d7-c28d-9e74-5b9666974d96" executionId="751b0223-ef36-46a1-8d62-f190dc24355c" testListId="8c84fa94-04c1-424b-9868-57a2d4851a1d" />
    <TestEntry testId="7e1833b0-8b42-2c29-a2eb-b5a87e60f73a" executionId="48c33ca6-2504-413a-b560-59b4db9048ae" testListId="8c84fa94-04c1-424b-9868-57a2d4851a1d" />
  </TestEntries>
  <TestLists>
    <TestList name="Results Not in a List" id="8c84fa94-04c1-424b-9868-57a2d4851a1d" />
    <TestList name="All Loaded Results" id="19431567-8539-422a-85d7-44ee4e166bda" />
  </TestLists>
  <ResultSummary outcome="Completed">
    <Counters total="71" executed="70" passed="70" failed="0" error="0" timeout="0" aborted="0" inconclusive="0" passedButRunAborted="0" notRunnable="0" notExecuted="0" disconnected="0" warning="0" completed="0" inProgress="0" pending="0" />
    <Output>
      <StdOut>Test 'CreateVmsDatabaseDatabaseAlreadyExists' was skipped in the test run.&#xD;
</StdOut>
    </Output>
  </ResultSummary>
</TestRun>