<?xml version="1.0" encoding="utf-8"?>
<TestRun id="c4d5b6ba-cdd9-4611-83cd-b31f3c81c6ca" name="DKSR-EFI-06$@DKSR-EFI-06 2024-01-09 15:41:13" runUser="NT AUTHORITY\NETWORK SERVICE" xmlns="http://microsoft.com/schemas/VisualStudio/TeamTest/2010">
  <Times creation="2024-01-09T15:41:13.9350356+01:00" queuing="2024-01-09T15:41:13.9350356+01:00" start="2024-01-09T15:41:03.6693813+01:00" finish="2024-01-09T15:41:13.9975380+01:00" />
  <TestSettings name="default" id="b5fe76ad-6aac-4b6b-ad05-ee5ee90442f8">
    <Deployment runDeploymentRoot="DKSR-EFI-06$_DKSR-EFI-06_2024-01-09_15_41_13" />
  </TestSettings>
  <Results>
    <UnitTestResult executionId="2be29764-1885-4ef8-b21e-15c11d37a3c0" testId="8049982c-b517-f453-3cd6-a953f602abdd" testName="Given_PeriodSetTo100mSec_When_CountingTicksOver1Sec_Then_ResultIsWithinTolerance" computerName="DKSR-EFI-06" startTime="2024-01-09T15:41:12.7787843+01:00" endTime="2024-01-09T15:41:13.3412843+01:00" testType="13cdc9d9-ddb5-4fa4-a97d-d965ccfc6d4b" outcome="NotExecuted" testListId="8c84fa94-04c1-424b-9868-57a2d4851a1d" relativeResultsDirectory="2be29764-1885-4ef8-b21e-15c11d37a3c0">
      <Output></Output>
    </UnitTestResult>
  </Results>
  <TestDefinitions>
    <UnitTest name="Given_PeriodSetTo100mSec_When_CountingTicksOver1Sec_Then_ResultIsWithinTolerance" storage="d:\actions-runner\_work\xpco\xpco\common\videoos.common.environmentservices\tst\videoos.common.environmentservices.unittest\bin\debug\net47\videoos.common.environmentservices.unittest.dll" id="8049982c-b517-f453-3cd6-a953f602abdd">
      <Execution id="2be29764-1885-4ef8-b21e-15c11d37a3c0" />
      <TestMethod codeBase="D:\actions-runner\_work\XPCO\XPCO\Common\VideoOS.Common.EnvironmentServices\tst\VideoOS.Common.EnvironmentServices.UnitTest\bin\Debug\net47\VideoOS.Common.EnvironmentServices.UnitTest.dll" adapterTypeName="executor://mstestadapter/v2" className="VideoOS.Common.EnvironmentServices.UnitTest.PeriodicTimerTests" name="Given_PeriodSetTo100mSec_When_CountingTicksOver1Sec_Then_ResultIsWithinTolerance" />
    </UnitTest>
  </TestDefinitions>
  <TestEntries>
    <TestEntry testId="8049982c-b517-f453-3cd6-a953f602abdd" executionId="2be29764-1885-4ef8-b21e-15c11d37a3c0" testListId="8c84fa94-04c1-424b-9868-57a2d4851a1d" />
  </TestEntries>
  <TestLists>
    <TestList name="Results Not in a List" id="8c84fa94-04c1-424b-9868-57a2d4851a1d" />
    <TestList name="All Loaded Results" id="19431567-8539-422a-85d7-44ee4e166bda" />
  </TestLists>
  <ResultSummary outcome="Completed">
    <Counters total="1" executed="0" passed="0" failed="0" error="0" timeout="0" aborted="0" inconclusive="0" passedButRunAborted="0" notRunnable="0" notExecuted="0" disconnected="0" warning="0" completed="0" inProgress="0" pending="0" />
    <Output>
      <StdOut>Test 'Given_PeriodSetTo100mSec_When_CountingTicksOver1Sec_Then_ResultIsWithinTolerance' was skipped in the test run.&#xD;
</StdOut>
    </Output>
  </ResultSummary>
</TestRun>