<?xml version="1.0" encoding="utf-8"?>
<TestRun id="e6d00e7d-9eeb-43d0-9d80-2e963b37bced" name="DKSR-EFI-06$@DKSR-EFI-06 2024-01-09 15:42:59" runUser="NT AUTHORITY\NETWORK SERVICE" xmlns="http://microsoft.com/schemas/VisualStudio/TeamTest/2010">
  <Times creation="2024-01-09T15:42:59.3259681+01:00" queuing="2024-01-09T15:42:59.3259681+01:00" start="2024-01-09T15:42:49.4821781+01:00" finish="2024-01-09T15:43:00.9197170+01:00" />
  <TestSettings name="default" id="c0f73bf7-f22b-4aea-af81-470c5085fb8c">
    <Deployment runDeploymentRoot="DKSR-EFI-06$_DKSR-EFI-06_2024-01-09_15_42_59" />
  </TestSettings>
  <Results>
    <UnitTestResult executionId="1ada8b6d-d94e-4566-a847-5d8ee826dea7" testId="36f02044-36fe-72da-6bd4-b6fc699db939" testName="CallWithRetry_ShouldPropagateException_WhenCallFailsAndRetryCountExceeded" computerName="DKSR-EFI-06" duration="00:00:00.0011500" startTime="2024-01-09T15:42:59.2947157+01:00" endTime="2024-01-09T15:42:59.3103394+01:00" testType="13cdc9d9-ddb5-4fa4-a97d-d965ccfc6d4b" outcome="Passed" testListId="8c84fa94-04c1-424b-9868-57a2d4851a1d" relativeResultsDirectory="1ada8b6d-d94e-4566-a847-5d8ee826dea7" />
    <UnitTestResult executionId="b4b7aba7-b20a-4167-b259-bd044ae23ddd" testId="3f0812f0-e9e8-3397-cf1c-f6efc30d51c2" testName="CallWithRetry_ShouldReturnResult_WhenCallSucceedsImmediately" computerName="DKSR-EFI-06" duration="00:00:00.3013716" startTime="2024-01-09T15:42:58.9509771+01:00" endTime="2024-01-09T15:42:59.2478409+01:00" testType="13cdc9d9-ddb5-4fa4-a97d-d965ccfc6d4b" outcome="Passed" testListId="8c84fa94-04c1-424b-9868-57a2d4851a1d" relativeResultsDirectory="b4b7aba7-b20a-4167-b259-bd044ae23ddd" />
    <UnitTestResult executionId="a5e4ece9-f693-4df2-923e-c7afd4b13cd2" testId="84275b75-e424-e202-3f50-6ece6e6bd015" testName="RegisterProvider_ShouldAddBothProviders_WhenCalledTwiceWithDifferentProviders" computerName="DKSR-EFI-06" duration="00:00:00.0003021" startTime="2024-01-09T15:43:00.4353439+01:00" endTime="2024-01-09T15:43:00.4353439+01:00" testType="13cdc9d9-ddb5-4fa4-a97d-d965ccfc6d4b" outcome="Passed" testListId="8c84fa94-04c1-424b-9868-57a2d4851a1d" relativeResultsDirectory="a5e4ece9-f693-4df2-923e-c7afd4b13cd2" />
    <UnitTestResult executionId="8f71bf03-c0e5-4545-8199-46e243c94080" testId="0950f7f3-815c-b6fe-6976-0f8bb7d2412b" testName="SetRetentionValue_ShouldStillClearList_WhenClientIsNull" computerName="DKSR-EFI-06" duration="00:00:00.0002162" startTime="2024-01-09T15:43:00.4353439+01:00" endTime="2024-01-09T15:43:00.4353439+01:00" testType="13cdc9d9-ddb5-4fa4-a97d-d965ccfc6d4b" outcome="Passed" testListId="8c84fa94-04c1-424b-9868-57a2d4851a1d" relativeResultsDirectory="8f71bf03-c0e5-4545-8199-46e243c94080" />
    <UnitTestResult executionId="916d013f-7f27-4b8b-a946-5db327b978c0" testId="4e4e0d41-d574-0c50-b4c4-f80673057a48" testName="CallWithRetry_ShouldNotCatchTimeoutException_WhenCallThrowsTimeoutException" computerName="DKSR-EFI-06" duration="00:00:00.0011082" startTime="2024-01-09T15:42:59.2790907+01:00" endTime="2024-01-09T15:42:59.2790907+01:00" testType="13cdc9d9-ddb5-4fa4-a97d-d965ccfc6d4b" outcome="Passed" testListId="8c84fa94-04c1-424b-9868-57a2d4851a1d" relativeResultsDirectory="916d013f-7f27-4b8b-a946-5db327b978c0" />
    <UnitTestResult executionId="161c4497-d5ad-453f-a354-d013853404a9" testId="f58f3fb2-2b18-46b0-82e1-bb084d35f173" testName="CallWithRetry_ShouldReturnResult_WhenCallSucceedsOnSecondInvocation" computerName="DKSR-EFI-06" duration="00:00:00.0014291" startTime="2024-01-09T15:42:59.2634656+01:00" endTime="2024-01-09T15:42:59.2634656+01:00" testType="13cdc9d9-ddb5-4fa4-a97d-d965ccfc6d4b" outcome="Passed" testListId="8c84fa94-04c1-424b-9868-57a2d4851a1d" relativeResultsDirectory="161c4497-d5ad-453f-a354-d013853404a9" />
    <UnitTestResult executionId="afd1014d-d870-4cf5-897e-f80ba5452584" testId="025c998e-4ac7-480d-af35-83315c282330" testName="CallWithRetry_ShouldCreateNewClient_WhenFirstCallFails" computerName="DKSR-EFI-06" duration="00:00:00.0008753" startTime="2024-01-09T15:42:59.2634656+01:00" endTime="2024-01-09T15:42:59.2634656+01:00" testType="13cdc9d9-ddb5-4fa4-a97d-d965ccfc6d4b" outcome="Passed" testListId="8c84fa94-04c1-424b-9868-57a2d4851a1d" relativeResultsDirectory="afd1014d-d870-4cf5-897e-f80ba5452584" />
    <UnitTestResult executionId="9ec01515-295f-4877-8b4a-79412f4cdbe3" testId="d4e71ae8-8841-b8f2-5c55-a8612cacc3d6" testName="ServersWithEventServer_ShouldExcludeServers_WithEventServerVersionLowerThanSpecifiedMajor" computerName="DKSR-EFI-06" duration="00:00:00.0437354" startTime="2024-01-09T15:43:00.3415909+01:00" endTime="2024-01-09T15:43:00.3885113+01:00" testType="13cdc9d9-ddb5-4fa4-a97d-d965ccfc6d4b" outcome="Passed" testListId="8c84fa94-04c1-424b-9868-57a2d4851a1d" relativeResultsDirectory="9ec01515-295f-4877-8b4a-79412f4cdbe3" />
    <UnitTestResult executionId="9d8e96e9-bd0c-47e8-8457-caffcc2211d9" testId="8d0ac25f-6c9f-a229-f2cc-ba61fa61168e" testName="ServersWithEventServer_ShouldReturnAllKnownServersWithEventServersInstalled_IfPassedMajorIsNegativeNumber" computerName="DKSR-EFI-06" duration="00:00:00.0193780" startTime="2024-01-09T15:43:00.3885113+01:00" endTime="2024-01-09T15:43:00.4040919+01:00" testType="13cdc9d9-ddb5-4fa4-a97d-d965ccfc6d4b" outcome="Passed" testListId="8c84fa94-04c1-424b-9868-57a2d4851a1d" relativeResultsDirectory="9d8e96e9-bd0c-47e8-8457-caffcc2211d9" />
    <UnitTestResult executionId="18f6155a-097f-4e93-a387-4e25410aafd2" testId="221955e2-0da1-5b03-4525-2a71c1b5550d" testName="CallWithRetry_ShouldThrowArgumentNullException_WhenCallIsNull" computerName="DKSR-EFI-06" duration="00:00:00.2451423" startTime="2024-01-09T15:42:58.2790866+01:00" endTime="2024-01-09T15:42:58.8728379+01:00" testType="13cdc9d9-ddb5-4fa4-a97d-d965ccfc6d4b" outcome="Passed" testListId="8c84fa94-04c1-424b-9868-57a2d4851a1d" relativeResultsDirectory="18f6155a-097f-4e93-a387-4e25410aafd2" />
    <UnitTestResult executionId="e99d8c26-dffe-4199-af72-bc1087fdccab" testId="a9c23f40-6e91-69be-8a42-e647ca5e9455" testName="CallWithRetry_ShouldRetryAtMostMaxDefaultRetries_WhenCallFails" computerName="DKSR-EFI-06" duration="00:00:00.0007857" startTime="2024-01-09T15:42:59.2634656+01:00" endTime="2024-01-09T15:42:59.2634656+01:00" testType="13cdc9d9-ddb5-4fa4-a97d-d965ccfc6d4b" outcome="Passed" testListId="8c84fa94-04c1-424b-9868-57a2d4851a1d" relativeResultsDirectory="e99d8c26-dffe-4199-af72-bc1087fdccab" />
    <UnitTestResult executionId="f9f59fd4-42ee-4efe-b79c-cda481d7447d" testId="e7b26d3d-7da9-1463-c9b3-716e77187fa9" testName="CallWithRetry_ShouldReuseClient_WhenFirstCallSucceedsImmediatelyAndClientIsOpen" computerName="DKSR-EFI-06" duration="00:00:00.0082774" startTime="2024-01-09T15:42:59.2478409+01:00" endTime="2024-01-09T15:42:59.2634656+01:00" testType="13cdc9d9-ddb5-4fa4-a97d-d965ccfc6d4b" outcome="Passed" testListId="8c84fa94-04c1-424b-9868-57a2d4851a1d" relativeResultsDirectory="f9f59fd4-42ee-4efe-b79c-cda481d7447d" />
    <UnitTestResult executionId="02102a16-9063-4c59-8868-f0688d883aa6" testId="ca490a8c-d966-5c37-f1e6-0a5bfe1ae91b" testName="RegisterProvider_ShouldAddOnlyOneProvider_WhenCalledTwiceWithSameProvider" computerName="DKSR-EFI-06" duration="00:00:00.0168369" startTime="2024-01-09T15:43:00.4197164+01:00" endTime="2024-01-09T15:43:00.4353439+01:00" testType="13cdc9d9-ddb5-4fa4-a97d-d965ccfc6d4b" outcome="Passed" testListId="8c84fa94-04c1-424b-9868-57a2d4851a1d" relativeResultsDirectory="02102a16-9063-4c59-8868-f0688d883aa6" />
    <UnitTestResult executionId="d5d40a77-3739-47de-ab26-778c5fb83595" testId="4922faf7-1f8e-eb9a-9fca-2ba0d1b06a33" testName="ServersWithEventServer_ShouldExcludeServers_WithEventServerVersionLowerThanSpecified" computerName="DKSR-EFI-06" duration="00:00:01.0269502" startTime="2024-01-09T15:42:59.3103394+01:00" endTime="2024-01-09T15:43:00.3415909+01:00" testType="13cdc9d9-ddb5-4fa4-a97d-d965ccfc6d4b" outcome="Passed" testListId="8c84fa94-04c1-424b-9868-57a2d4851a1d" relativeResultsDirectory="d5d40a77-3739-47de-ab26-778c5fb83595" />
    <UnitTestResult executionId="fd88123b-affd-486c-802b-1a7bd864d3f0" testId="8aebe252-17b0-ca4b-f221-238c5ed41ada" testName="CallWithRetry_ShouldThrowArgumentOutOfRangeException_WhenRetryCountIsSmallerThanZero" computerName="DKSR-EFI-06" duration="00:00:00.0012842" startTime="2024-01-09T15:42:58.9353394+01:00" endTime="2024-01-09T15:42:58.9509771+01:00" testType="13cdc9d9-ddb5-4fa4-a97d-d965ccfc6d4b" outcome="Passed" testListId="8c84fa94-04c1-424b-9868-57a2d4851a1d" relativeResultsDirectory="fd88123b-affd-486c-802b-1a7bd864d3f0" />
    <UnitTestResult executionId="ea3d60af-1d21-4d40-9101-4a8c77ebe620" testId="5c7c5fb6-3122-ee77-14c1-2f11c5bdd666" testName="CallWithRetryWithRetryCount_ShouldRetryAtMostRetryCount_WhenCallFails" computerName="DKSR-EFI-06" duration="00:00:00.0006500" startTime="2024-01-09T15:42:59.2790907+01:00" endTime="2024-01-09T15:42:59.2790907+01:00" testType="13cdc9d9-ddb5-4fa4-a97d-d965ccfc6d4b" outcome="Passed" testListId="8c84fa94-04c1-424b-9868-57a2d4851a1d" relativeResultsDirectory="ea3d60af-1d21-4d40-9101-4a8c77ebe620" />
  </Results>
  <TestDefinitions>
    <UnitTest name="ServersWithEventServer_ShouldExcludeServers_WithEventServerVersionLowerThanSpecified" storage="d:\actions-runner\_work\xpco\xpco\eventserver\communication\dotnet\videoos.eventserver.communication.unittest\bin\debug\net47\videoos.eventserver.communication.unittest.dll" id="4922faf7-1f8e-eb9a-9fca-2ba0d1b06a33">
      <Execution id="d5d40a77-3739-47de-ab26-778c5fb83595" />
      <TestMethod codeBase="D:\actions-runner\_work\XPCO\XPCO\EventServer\Communication\dotNet\VideoOS.EventServer.Communication.UnitTest\bin\Debug\net47\VideoOS.EventServer.Communication.UnitTest.dll" adapterTypeName="executor://mstestadapter/v2" className="VideoOS.EventServer.Communication.UnitTest.ServerReceiverTest" name="ServersWithEventServer_ShouldExcludeServers_WithEventServerVersionLowerThanSpecified" />
    </UnitTest>
    <UnitTest name="CallWithRetry_ShouldRetryAtMostMaxDefaultRetries_WhenCallFails" storage="d:\actions-runner\_work\xpco\xpco\eventserver\communication\dotnet\videoos.eventserver.communication.unittest\bin\debug\net47\videoos.eventserver.communication.unittest.dll" id="a9c23f40-6e91-69be-8a42-e647ca5e9455">
      <Execution id="e99d8c26-dffe-4199-af72-bc1087fdccab" />
      <TestMethod codeBase="D:\actions-runner\_work\XPCO\XPCO\EventServer\Communication\dotNet\VideoOS.EventServer.Communication.UnitTest\bin\Debug\net47\VideoOS.EventServer.Communication.UnitTest.dll" adapterTypeName="executor://mstestadapter/v2" className="VideoOS.EventServer.Communication.UnitTest.ClientPoolTest" name="CallWithRetry_ShouldRetryAtMostMaxDefaultRetries_WhenCallFails" />
    </UnitTest>
    <UnitTest name="CallWithRetry_ShouldReuseClient_WhenFirstCallSucceedsImmediatelyAndClientIsOpen" storage="d:\actions-runner\_work\xpco\xpco\eventserver\communication\dotnet\videoos.eventserver.communication.unittest\bin\debug\net47\videoos.eventserver.communication.unittest.dll" id="e7b26d3d-7da9-1463-c9b3-716e77187fa9">
      <Execution id="f9f59fd4-42ee-4efe-b79c-cda481d7447d" />
      <TestMethod codeBase="D:\actions-runner\_work\XPCO\XPCO\EventServer\Communication\dotNet\VideoOS.EventServer.Communication.UnitTest\bin\Debug\net47\VideoOS.EventServer.Communication.UnitTest.dll" adapterTypeName="executor://mstestadapter/v2" className="VideoOS.EventServer.Communication.UnitTest.ClientPoolTest" name="CallWithRetry_ShouldReuseClient_WhenFirstCallSucceedsImmediatelyAndClientIsOpen" />
    </UnitTest>
    <UnitTest name="CallWithRetryWithRetryCount_ShouldRetryAtMostRetryCount_WhenCallFails" storage="d:\actions-runner\_work\xpco\xpco\eventserver\communication\dotnet\videoos.eventserver.communication.unittest\bin\debug\net47\videoos.eventserver.communication.unittest.dll" id="5c7c5fb6-3122-ee77-14c1-2f11c5bdd666">
      <Execution id="ea3d60af-1d21-4d40-9101-4a8c77ebe620" />
      <TestMethod codeBase="D:\actions-runner\_work\XPCO\XPCO\EventServer\Communication\dotNet\VideoOS.EventServer.Communication.UnitTest\bin\Debug\net47\VideoOS.EventServer.Communication.UnitTest.dll" adapterTypeName="executor://mstestadapter/v2" className="VideoOS.EventServer.Communication.UnitTest.ClientPoolTest" name="CallWithRetryWithRetryCount_ShouldRetryAtMostRetryCount_WhenCallFails" />
    </UnitTest>
    <UnitTest name="RegisterProvider_ShouldAddOnlyOneProvider_WhenCalledTwiceWithSameProvider" storage="d:\actions-runner\_work\xpco\xpco\eventserver\communication\dotnet\videoos.eventserver.communication.unittest\bin\debug\net47\videoos.eventserver.communication.unittest.dll" id="ca490a8c-d966-5c37-f1e6-0a5bfe1ae91b">
      <Execution id="02102a16-9063-4c59-8868-f0688d883aa6" />
      <TestMethod codeBase="D:\actions-runner\_work\XPCO\XPCO\EventServer\Communication\dotNet\VideoOS.EventServer.Communication.UnitTest\bin\Debug\net47\VideoOS.EventServer.Communication.UnitTest.dll" adapterTypeName="executor://mstestadapter/v2" className="VideoOS.EventServer.Communication.UnitTest.Configuration.EventRetentionUpdateTest" name="RegisterProvider_ShouldAddOnlyOneProvider_WhenCalledTwiceWithSameProvider" />
    </UnitTest>
    <UnitTest name="RegisterProvider_ShouldAddBothProviders_WhenCalledTwiceWithDifferentProviders" storage="d:\actions-runner\_work\xpco\xpco\eventserver\communication\dotnet\videoos.eventserver.communication.unittest\bin\debug\net47\videoos.eventserver.communication.unittest.dll" id="84275b75-e424-e202-3f50-6ece6e6bd015">
      <Execution id="a5e4ece9-f693-4df2-923e-c7afd4b13cd2" />
      <TestMethod codeBase="D:\actions-runner\_work\XPCO\XPCO\EventServer\Communication\dotNet\VideoOS.EventServer.Communication.UnitTest\bin\Debug\net47\VideoOS.EventServer.Communication.UnitTest.dll" adapterTypeName="executor://mstestadapter/v2" className="VideoOS.EventServer.Communication.UnitTest.Configuration.EventRetentionUpdateTest" name="RegisterProvider_ShouldAddBothProviders_WhenCalledTwiceWithDifferentProviders" />
    </UnitTest>
    <UnitTest name="CallWithRetry_ShouldPropagateException_WhenCallFailsAndRetryCountExceeded" storage="d:\actions-runner\_work\xpco\xpco\eventserver\communication\dotnet\videoos.eventserver.communication.unittest\bin\debug\net47\videoos.eventserver.communication.unittest.dll" id="36f02044-36fe-72da-6bd4-b6fc699db939">
      <Execution id="1ada8b6d-d94e-4566-a847-5d8ee826dea7" />
      <TestMethod codeBase="D:\actions-runner\_work\XPCO\XPCO\EventServer\Communication\dotNet\VideoOS.EventServer.Communication.UnitTest\bin\Debug\net47\VideoOS.EventServer.Communication.UnitTest.dll" adapterTypeName="executor://mstestadapter/v2" className="VideoOS.EventServer.Communication.UnitTest.ClientPoolTest" name="CallWithRetry_ShouldPropagateException_WhenCallFailsAndRetryCountExceeded" />
    </UnitTest>
    <UnitTest name="ServersWithEventServer_ShouldReturnAllKnownServersWithEventServersInstalled_IfPassedMajorIsNegativeNumber" storage="d:\actions-runner\_work\xpco\xpco\eventserver\communication\dotnet\videoos.eventserver.communication.unittest\bin\debug\net47\videoos.eventserver.communication.unittest.dll" id="8d0ac25f-6c9f-a229-f2cc-ba61fa61168e">
      <Execution id="9d8e96e9-bd0c-47e8-8457-caffcc2211d9" />
      <TestMethod codeBase="D:\actions-runner\_work\XPCO\XPCO\EventServer\Communication\dotNet\VideoOS.EventServer.Communication.UnitTest\bin\Debug\net47\VideoOS.EventServer.Communication.UnitTest.dll" adapterTypeName="executor://mstestadapter/v2" className="VideoOS.EventServer.Communication.UnitTest.ServerReceiverTest" name="ServersWithEventServer_ShouldReturnAllKnownServersWithEventServersInstalled_IfPassedMajorIsNegativeNumber" />
    </UnitTest>
    <UnitTest name="SetRetentionValue_ShouldStillClearList_WhenClientIsNull" storage="d:\actions-runner\_work\xpco\xpco\eventserver\communication\dotnet\videoos.eventserver.communication.unittest\bin\debug\net47\videoos.eventserver.communication.unittest.dll" id="0950f7f3-815c-b6fe-6976-0f8bb7d2412b">
      <Execution id="8f71bf03-c0e5-4545-8199-46e243c94080" />
      <TestMethod codeBase="D:\actions-runner\_work\XPCO\XPCO\EventServer\Communication\dotNet\VideoOS.EventServer.Communication.UnitTest\bin\Debug\net47\VideoOS.EventServer.Communication.UnitTest.dll" adapterTypeName="executor://mstestadapter/v2" className="VideoOS.EventServer.Communication.UnitTest.Configuration.EventRetentionUpdateTest" name="SetRetentionValue_ShouldStillClearList_WhenClientIsNull" />
    </UnitTest>
    <UnitTest name="CallWithRetry_ShouldCreateNewClient_WhenFirstCallFails" storage="d:\actions-runner\_work\xpco\xpco\eventserver\communication\dotnet\videoos.eventserver.communication.unittest\bin\debug\net47\videoos.eventserver.communication.unittest.dll" id="025c998e-4ac7-480d-af35-83315c282330">
      <Execution id="afd1014d-d870-4cf5-897e-f80ba5452584" />
      <TestMethod codeBase="D:\actions-runner\_work\XPCO\XPCO\EventServer\Communication\dotNet\VideoOS.EventServer.Communication.UnitTest\bin\Debug\net47\VideoOS.EventServer.Communication.UnitTest.dll" adapterTypeName="executor://mstestadapter/v2" className="VideoOS.EventServer.Communication.UnitTest.ClientPoolTest" name="CallWithRetry_ShouldCreateNewClient_WhenFirstCallFails" />
    </UnitTest>
    <UnitTest name="CallWithRetry_ShouldThrowArgumentOutOfRangeException_WhenRetryCountIsSmallerThanZero" storage="d:\actions-runner\_work\xpco\xpco\eventserver\communication\dotnet\videoos.eventserver.communication.unittest\bin\debug\net47\videoos.eventserver.communication.unittest.dll" id="8aebe252-17b0-ca4b-f221-238c5ed41ada">
      <Execution id="fd88123b-affd-486c-802b-1a7bd864d3f0" />
      <TestMethod codeBase="D:\actions-runner\_work\XPCO\XPCO\EventServer\Communication\dotNet\VideoOS.EventServer.Communication.UnitTest\bin\Debug\net47\VideoOS.EventServer.Communication.UnitTest.dll" adapterTypeName="executor://mstestadapter/v2" className="VideoOS.EventServer.Communication.UnitTest.ClientPoolTest" name="CallWithRetry_ShouldThrowArgumentOutOfRangeException_WhenRetryCountIsSmallerThanZero" />
    </UnitTest>
    <UnitTest name="CallWithRetry_ShouldThrowArgumentNullException_WhenCallIsNull" storage="d:\actions-runner\_work\xpco\xpco\eventserver\communication\dotnet\videoos.eventserver.communication.unittest\bin\debug\net47\videoos.eventserver.communication.unittest.dll" id="221955e2-0da1-5b03-4525-2a71c1b5550d">
      <Execution id="18f6155a-097f-4e93-a387-4e25410aafd2" />
      <TestMethod codeBase="D:\actions-runner\_work\XPCO\XPCO\EventServer\Communication\dotNet\VideoOS.EventServer.Communication.UnitTest\bin\Debug\net47\VideoOS.EventServer.Communication.UnitTest.dll" adapterTypeName="executor://mstestadapter/v2" className="VideoOS.EventServer.Communication.UnitTest.ClientPoolTest" name="CallWithRetry_ShouldThrowArgumentNullException_WhenCallIsNull" />
    </UnitTest>
    <UnitTest name="CallWithRetry_ShouldReturnResult_WhenCallSucceedsOnSecondInvocation" storage="d:\actions-runner\_work\xpco\xpco\eventserver\communication\dotnet\videoos.eventserver.communication.unittest\bin\debug\net47\videoos.eventserver.communication.unittest.dll" id="f58f3fb2-2b18-46b0-82e1-bb084d35f173">
      <Execution id="161c4497-d5ad-453f-a354-d013853404a9" />
      <TestMethod codeBase="D:\actions-runner\_work\XPCO\XPCO\EventServer\Communication\dotNet\VideoOS.EventServer.Communication.UnitTest\bin\Debug\net47\VideoOS.EventServer.Communication.UnitTest.dll" adapterTypeName="executor://mstestadapter/v2" className="VideoOS.EventServer.Communication.UnitTest.ClientPoolTest" name="CallWithRetry_ShouldReturnResult_WhenCallSucceedsOnSecondInvocation" />
    </UnitTest>
    <UnitTest name="CallWithRetry_ShouldReturnResult_WhenCallSucceedsImmediately" storage="d:\actions-runner\_work\xpco\xpco\eventserver\communication\dotnet\videoos.eventserver.communication.unittest\bin\debug\net47\videoos.eventserver.communication.unittest.dll" id="3f0812f0-e9e8-3397-cf1c-f6efc30d51c2">
      <Execution id="b4b7aba7-b20a-4167-b259-bd044ae23ddd" />
      <TestMethod codeBase="D:\actions-runner\_work\XPCO\XPCO\EventServer\Communication\dotNet\VideoOS.EventServer.Communication.UnitTest\bin\Debug\net47\VideoOS.EventServer.Communication.UnitTest.dll" adapterTypeName="executor://mstestadapter/v2" className="VideoOS.EventServer.Communication.UnitTest.ClientPoolTest" name="CallWithRetry_ShouldReturnResult_WhenCallSucceedsImmediately" />
    </UnitTest>
    <UnitTest name="ServersWithEventServer_ShouldExcludeServers_WithEventServerVersionLowerThanSpecifiedMajor" storage="d:\actions-runner\_work\xpco\xpco\eventserver\communication\dotnet\videoos.eventserver.communication.unittest\bin\debug\net47\videoos.eventserver.communication.unittest.dll" id="d4e71ae8-8841-b8f2-5c55-a8612cacc3d6">
      <Execution id="9ec01515-295f-4877-8b4a-79412f4cdbe3" />
      <TestMethod codeBase="D:\actions-runner\_work\XPCO\XPCO\EventServer\Communication\dotNet\VideoOS.EventServer.Communication.UnitTest\bin\Debug\net47\VideoOS.EventServer.Communication.UnitTest.dll" adapterTypeName="executor://mstestadapter/v2" className="VideoOS.EventServer.Communication.UnitTest.ServerReceiverTest" name="ServersWithEventServer_ShouldExcludeServers_WithEventServerVersionLowerThanSpecifiedMajor" />
    </UnitTest>
    <UnitTest name="CallWithRetry_ShouldNotCatchTimeoutException_WhenCallThrowsTimeoutException" storage="d:\actions-runner\_work\xpco\xpco\eventserver\communication\dotnet\videoos.eventserver.communication.unittest\bin\debug\net47\videoos.eventserver.communication.unittest.dll" id="4e4e0d41-d574-0c50-b4c4-f80673057a48">
      <Execution id="916d013f-7f27-4b8b-a946-5db327b978c0" />
      <TestMethod codeBase="D:\actions-runner\_work\XPCO\XPCO\EventServer\Communication\dotNet\VideoOS.EventServer.Communication.UnitTest\bin\Debug\net47\VideoOS.EventServer.Communication.UnitTest.dll" adapterTypeName="executor://mstestadapter/v2" className="VideoOS.EventServer.Communication.UnitTest.ClientPoolTest" name="CallWithRetry_ShouldNotCatchTimeoutException_WhenCallThrowsTimeoutException" />
    </UnitTest>
  </TestDefinitions>
  <TestEntries>
    <TestEntry testId="36f02044-36fe-72da-6bd4-b6fc699db939" executionId="1ada8b6d-d94e-4566-a847-5d8ee826dea7" testListId="8c84fa94-04c1-424b-9868-57a2d4851a1d" />
    <TestEntry testId="3f0812f0-e9e8-3397-cf1c-f6efc30d51c2" executionId="b4b7aba7-b20a-4167-b259-bd044ae23ddd" testListId="8c84fa94-04c1-424b-9868-57a2d4851a1d" />
    <TestEntry testId="84275b75-e424-e202-3f50-6ece6e6bd015" executionId="a5e4ece9-f693-4df2-923e-c7afd4b13cd2" testListId="8c84fa94-04c1-424b-9868-57a2d4851a1d" />
    <TestEntry testId="0950f7f3-815c-b6fe-6976-0f8bb7d2412b" executionId="8f71bf03-c0e5-4545-8199-46e243c94080" testListId="8c84fa94-04c1-424b-9868-57a2d4851a1d" />
    <TestEntry testId="4e4e0d41-d574-0c50-b4c4-f80673057a48" executionId="916d013f-7f27-4b8b-a946-5db327b978c0" testListId="8c84fa94-04c1-424b-9868-57a2d4851a1d" />
    <TestEntry testId="f58f3fb2-2b18-46b0-82e1-bb084d35f173" executionId="161c4497-d5ad-453f-a354-d013853404a9" testListId="8c84fa94-04c1-424b-9868-57a2d4851a1d" />
    <TestEntry testId="025c998e-4ac7-480d-af35-83315c282330" executionId="afd1014d-d870-4cf5-897e-f80ba5452584" testListId="8c84fa94-04c1-424b-9868-57a2d4851a1d" />
    <TestEntry testId="d4e71ae8-8841-b8f2-5c55-a8612cacc3d6" executionId="9ec01515-295f-4877-8b4a-79412f4cdbe3" testListId="8c84fa94-04c1-424b-9868-57a2d4851a1d" />
    <TestEntry testId="8d0ac25f-6c9f-a229-f2cc-ba61fa61168e" executionId="9d8e96e9-bd0c-47e8-8457-caffcc2211d9" testListId="8c84fa94-04c1-424b-9868-57a2d4851a1d" />
    <TestEntry testId="221955e2-0da1-5b03-4525-2a71c1b5550d" executionId="18f6155a-097f-4e93-a387-4e25410aafd2" testListId="8c84fa94-04c1-424b-9868-57a2d4851a1d" />
    <TestEntry testId="a9c23f40-6e91-69be-8a42-e647ca5e9455" executionId="e99d8c26-dffe-4199-af72-bc1087fdccab" testListId="8c84fa94-04c1-424b-9868-57a2d4851a1d" />
    <TestEntry testId="e7b26d3d-7da9-1463-c9b3-716e77187fa9" executionId="f9f59fd4-42ee-4efe-b79c-cda481d7447d" testListId="8c84fa94-04c1-424b-9868-57a2d4851a1d" />
    <TestEntry testId="ca490a8c-d966-5c37-f1e6-0a5bfe1ae91b" executionId="02102a16-9063-4c59-8868-f0688d883aa6" testListId="8c84fa94-04c1-424b-9868-57a2d4851a1d" />
    <TestEntry testId="4922faf7-1f8e-eb9a-9fca-2ba0d1b06a33" executionId="d5d40a77-3739-47de-ab26-778c5fb83595" testListId="8c84fa94-04c1-424b-9868-57a2d4851a1d" />
    <TestEntry testId="8aebe252-17b0-ca4b-f221-238c5ed41ada" executionId="fd88123b-affd-486c-802b-1a7bd864d3f0" testListId="8c84fa94-04c1-424b-9868-57a2d4851a1d" />
    <TestEntry testId="5c7c5fb6-3122-ee77-14c1-2f11c5bdd666" executionId="ea3d60af-1d21-4d40-9101-4a8c77ebe620" testListId="8c84fa94-04c1-424b-9868-57a2d4851a1d" />
  </TestEntries>
  <TestLists>
    <TestList name="Results Not in a List" id="8c84fa94-04c1-424b-9868-57a2d4851a1d" />
    <TestList name="All Loaded Results" id="19431567-8539-422a-85d7-44ee4e166bda" />
  </TestLists>
  <ResultSummary outcome="Completed">
    <Counters total="16" executed="16" passed="16" failed="0" error="0" timeout="0" aborted="0" inconclusive="0" passedButRunAborted="0" notRunnable="0" notExecuted="0" disconnected="0" warning="0" completed="0" inProgress="0" pending="0" />
  </ResultSummary>
</TestRun>