<?xml version="1.0" encoding="utf-8"?>
<TestRun id="d2f1f453-b90d-4948-9b72-480b377f2cfb" name="DKSR-EFI-06$@DKSR-EFI-06 2024-01-09 15:42:53" runUser="NT AUTHORITY\NETWORK SERVICE" xmlns="http://microsoft.com/schemas/VisualStudio/TeamTest/2010">
  <Times creation="2024-01-09T15:42:53.6071972+01:00" queuing="2024-01-09T15:42:53.6071972+01:00" start="2024-01-09T15:42:32.2633459+01:00" finish="2024-01-09T15:42:55.6384532+01:00" />
  <TestSettings name="default" id="5dcdcd6a-0dd5-4a3b-9e7d-142c36e24ef2">
    <Deployment runDeploymentRoot="DKSR-EFI-06$_DKSR-EFI-06_2024-01-09_15_42_53" />
  </TestSettings>
  <Results>
    <UnitTestResult executionId="e7501237-4223-4888-8b21-f5152c73d322" testId="929abfd5-02ec-22f2-e531-d040f04bf1b3" testName="VideoOS.DataCollector.Service.Integration.Tests.DataCollectorGrpcServiceTests.GetDataCollectorId_IsSet_Returned" computerName="DKSR-EFI-06" duration="00:00:00.2444035" startTime="2024-01-09T15:42:53.8213780+01:00" endTime="2024-01-09T15:42:53.8213782+01:00" testType="13cdc9d9-ddb5-4fa4-a97d-d965ccfc6d4b" outcome="Passed" testListId="8c84fa94-04c1-424b-9868-57a2d4851a1d" relativeResultsDirectory="e7501237-4223-4888-8b21-f5152c73d322" />
    <UnitTestResult executionId="96a31b10-78c0-434e-864f-1dc8447809cf" testId="2d200c5d-6dcc-fa29-4dc0-371a8366835f" testName="VideoOS.DataCollector.Service.Integration.Tests.DataCollectorGrpcServiceTests.PostUpdatedCounterStateRuleConfigurations_Success" computerName="DKSR-EFI-06" duration="00:00:00.4091248" startTime="2024-01-09T15:42:55.4093948+01:00" endTime="2024-01-09T15:42:55.4093952+01:00" testType="13cdc9d9-ddb5-4fa4-a97d-d965ccfc6d4b" outcome="Passed" testListId="8c84fa94-04c1-424b-9868-57a2d4851a1d" relativeResultsDirectory="96a31b10-78c0-434e-864f-1dc8447809cf" />
    <UnitTestResult executionId="8c1cab04-f662-422e-8145-fbcaacbb5de7" testId="31a63df1-f4f6-247c-5e65-3eb661da918c" testName="VideoOS.DataCollector.Service.Integration.Tests.DataCollectorGrpcServiceTests.isAlive_true" computerName="DKSR-EFI-06" duration="00:00:00.3427181" startTime="2024-01-09T15:42:54.5136027+01:00" endTime="2024-01-09T15:42:54.5136031+01:00" testType="13cdc9d9-ddb5-4fa4-a97d-d965ccfc6d4b" outcome="Passed" testListId="8c84fa94-04c1-424b-9868-57a2d4851a1d" relativeResultsDirectory="8c1cab04-f662-422e-8145-fbcaacbb5de7" />
    <UnitTestResult executionId="795e7c5f-5190-438e-b202-887d5fa34481" testId="c1686217-4217-6b83-c75e-444f212b2907" testName="VideoOS.DataCollector.Service.Integration.Tests.DataCollectorGrpcServiceTests.GetPerformanceCounterValues_Success" computerName="DKSR-EFI-06" duration="00:00:00.3492772" startTime="2024-01-09T15:42:54.1707715+01:00" endTime="2024-01-09T15:42:54.1707718+01:00" testType="13cdc9d9-ddb5-4fa4-a97d-d965ccfc6d4b" outcome="Passed" testListId="8c84fa94-04c1-424b-9868-57a2d4851a1d" relativeResultsDirectory="795e7c5f-5190-438e-b202-887d5fa34481" />
    <UnitTestResult executionId="2e8a47f9-6706-49d5-b9f0-5c2a0597ee25" testId="0ae2b898-8f66-c89a-0709-13ff6138390b" testName="VideoOS.DataCollector.Service.Integration.Tests.DataCollectorGrpcServiceTests.GetPerformanceCounterInstances_Success" computerName="DKSR-EFI-06" duration="00:00:00.4863938" startTime="2024-01-09T15:42:55.0001678+01:00" endTime="2024-01-09T15:42:55.0001683+01:00" testType="13cdc9d9-ddb5-4fa4-a97d-d965ccfc6d4b" outcome="Passed" testListId="8c84fa94-04c1-424b-9868-57a2d4851a1d" relativeResultsDirectory="2e8a47f9-6706-49d5-b9f0-5c2a0597ee25" />
    <UnitTestResult executionId="163d920b-2462-44f2-877f-b3c15d29faa4" testId="01221dbc-ca49-666e-5c3e-1a15531605b1" testName="VideoOS.DataCollector.Service.Integration.Tests.DataCollectorGrpcServiceTests.GetCategories_Success" computerName="DKSR-EFI-06" duration="00:00:11.1972947" startTime="2024-01-09T15:42:53.5776839+01:00" endTime="2024-01-09T15:42:53.5777139+01:00" testType="13cdc9d9-ddb5-4fa4-a97d-d965ccfc6d4b" outcome="Passed" testListId="8c84fa94-04c1-424b-9868-57a2d4851a1d" relativeResultsDirectory="163d920b-2462-44f2-877f-b3c15d29faa4" />
  </Results>
  <TestDefinitions>
    <UnitTest name="VideoOS.DataCollector.Service.Integration.Tests.DataCollectorGrpcServiceTests.GetPerformanceCounterInstances_Success" storage="d:\actions-runner\_work\xpco\xpco\datacollector\service\tst\videoos.datacollector.service.integration.tests\bin\x64\debug\net6.0-windows\win-x64\videoos.datacollector.service.integration.tests.dll" id="0ae2b898-8f66-c89a-0709-13ff6138390b">
      <Execution id="2e8a47f9-6706-49d5-b9f0-5c2a0597ee25" />
      <TestMethod codeBase="D:\actions-runner\_work\XPCO\XPCO\DataCollector\Service\tst\VideoOS.DataCollector.Service.Integration.Tests\bin\x64\Debug\net6.0-windows\win-x64\VideoOS.DataCollector.Service.Integration.Tests.dll" adapterTypeName="executor://xunit/VsTestRunner2/netcoreapp" className="VideoOS.DataCollector.Service.Integration.Tests.DataCollectorGrpcServiceTests" name="GetPerformanceCounterInstances_Success" />
    </UnitTest>
    <UnitTest name="VideoOS.DataCollector.Service.Integration.Tests.DataCollectorGrpcServiceTests.isAlive_true" storage="d:\actions-runner\_work\xpco\xpco\datacollector\service\tst\videoos.datacollector.service.integration.tests\bin\x64\debug\net6.0-windows\win-x64\videoos.datacollector.service.integration.tests.dll" id="31a63df1-f4f6-247c-5e65-3eb661da918c">
      <Execution id="8c1cab04-f662-422e-8145-fbcaacbb5de7" />
      <TestMethod codeBase="D:\actions-runner\_work\XPCO\XPCO\DataCollector\Service\tst\VideoOS.DataCollector.Service.Integration.Tests\bin\x64\Debug\net6.0-windows\win-x64\VideoOS.DataCollector.Service.Integration.Tests.dll" adapterTypeName="executor://xunit/VsTestRunner2/netcoreapp" className="VideoOS.DataCollector.Service.Integration.Tests.DataCollectorGrpcServiceTests" name="isAlive_true" />
    </UnitTest>
    <UnitTest name="VideoOS.DataCollector.Service.Integration.Tests.DataCollectorGrpcServiceTests.PostUpdatedCounterStateRuleConfigurations_Success" storage="d:\actions-runner\_work\xpco\xpco\datacollector\service\tst\videoos.datacollector.service.integration.tests\bin\x64\debug\net6.0-windows\win-x64\videoos.datacollector.service.integration.tests.dll" id="2d200c5d-6dcc-fa29-4dc0-371a8366835f">
      <Execution id="96a31b10-78c0-434e-864f-1dc8447809cf" />
      <TestMethod codeBase="D:\actions-runner\_work\XPCO\XPCO\DataCollector\Service\tst\VideoOS.DataCollector.Service.Integration.Tests\bin\x64\Debug\net6.0-windows\win-x64\VideoOS.DataCollector.Service.Integration.Tests.dll" adapterTypeName="executor://xunit/VsTestRunner2/netcoreapp" className="VideoOS.DataCollector.Service.Integration.Tests.DataCollectorGrpcServiceTests" name="PostUpdatedCounterStateRuleConfigurations_Success" />
    </UnitTest>
    <UnitTest name="VideoOS.DataCollector.Service.Integration.Tests.DataCollectorGrpcServiceTests.GetCategories_Success" storage="d:\actions-runner\_work\xpco\xpco\datacollector\service\tst\videoos.datacollector.service.integration.tests\bin\x64\debug\net6.0-windows\win-x64\videoos.datacollector.service.integration.tests.dll" id="01221dbc-ca49-666e-5c3e-1a15531605b1">
      <Execution id="163d920b-2462-44f2-877f-b3c15d29faa4" />
      <TestMethod codeBase="D:\actions-runner\_work\XPCO\XPCO\DataCollector\Service\tst\VideoOS.DataCollector.Service.Integration.Tests\bin\x64\Debug\net6.0-windows\win-x64\VideoOS.DataCollector.Service.Integration.Tests.dll" adapterTypeName="executor://xunit/VsTestRunner2/netcoreapp" className="VideoOS.DataCollector.Service.Integration.Tests.DataCollectorGrpcServiceTests" name="GetCategories_Success" />
    </UnitTest>
    <UnitTest name="VideoOS.DataCollector.Service.Integration.Tests.DataCollectorGrpcServiceTests.GetPerformanceCounterValues_Success" storage="d:\actions-runner\_work\xpco\xpco\datacollector\service\tst\videoos.datacollector.service.integration.tests\bin\x64\debug\net6.0-windows\win-x64\videoos.datacollector.service.integration.tests.dll" id="c1686217-4217-6b83-c75e-444f212b2907">
      <Execution id="795e7c5f-5190-438e-b202-887d5fa34481" />
      <TestMethod codeBase="D:\actions-runner\_work\XPCO\XPCO\DataCollector\Service\tst\VideoOS.DataCollector.Service.Integration.Tests\bin\x64\Debug\net6.0-windows\win-x64\VideoOS.DataCollector.Service.Integration.Tests.dll" adapterTypeName="executor://xunit/VsTestRunner2/netcoreapp" className="VideoOS.DataCollector.Service.Integration.Tests.DataCollectorGrpcServiceTests" name="GetPerformanceCounterValues_Success" />
    </UnitTest>
    <UnitTest name="VideoOS.DataCollector.Service.Integration.Tests.DataCollectorGrpcServiceTests.GetDataCollectorId_IsSet_Returned" storage="d:\actions-runner\_work\xpco\xpco\datacollector\service\tst\videoos.datacollector.service.integration.tests\bin\x64\debug\net6.0-windows\win-x64\videoos.datacollector.service.integration.tests.dll" id="929abfd5-02ec-22f2-e531-d040f04bf1b3">
      <Execution id="e7501237-4223-4888-8b21-f5152c73d322" />
      <TestMethod codeBase="D:\actions-runner\_work\XPCO\XPCO\DataCollector\Service\tst\VideoOS.DataCollector.Service.Integration.Tests\bin\x64\Debug\net6.0-windows\win-x64\VideoOS.DataCollector.Service.Integration.Tests.dll" adapterTypeName="executor://xunit/VsTestRunner2/netcoreapp" className="VideoOS.DataCollector.Service.Integration.Tests.DataCollectorGrpcServiceTests" name="GetDataCollectorId_IsSet_Returned" />
    </UnitTest>
  </TestDefinitions>
  <TestEntries>
    <TestEntry testId="929abfd5-02ec-22f2-e531-d040f04bf1b3" executionId="e7501237-4223-4888-8b21-f5152c73d322" testListId="8c84fa94-04c1-424b-9868-57a2d4851a1d" />
    <TestEntry testId="2d200c5d-6dcc-fa29-4dc0-371a8366835f" executionId="96a31b10-78c0-434e-864f-1dc8447809cf" testListId="8c84fa94-04c1-424b-9868-57a2d4851a1d" />
    <TestEntry testId="31a63df1-f4f6-247c-5e65-3eb661da918c" executionId="8c1cab04-f662-422e-8145-fbcaacbb5de7" testListId="8c84fa94-04c1-424b-9868-57a2d4851a1d" />
    <TestEntry testId="c1686217-4217-6b83-c75e-444f212b2907" executionId="795e7c5f-5190-438e-b202-887d5fa34481" testListId="8c84fa94-04c1-424b-9868-57a2d4851a1d" />
    <TestEntry testId="0ae2b898-8f66-c89a-0709-13ff6138390b" executionId="2e8a47f9-6706-49d5-b9f0-5c2a0597ee25" testListId="8c84fa94-04c1-424b-9868-57a2d4851a1d" />
    <TestEntry testId="01221dbc-ca49-666e-5c3e-1a15531605b1" executionId="163d920b-2462-44f2-877f-b3c15d29faa4" testListId="8c84fa94-04c1-424b-9868-57a2d4851a1d" />
  </TestEntries>
  <TestLists>
    <TestList name="Results Not in a List" id="8c84fa94-04c1-424b-9868-57a2d4851a1d" />
    <TestList name="All Loaded Results" id="19431567-8539-422a-85d7-44ee4e166bda" />
  </TestLists>
  <ResultSummary outcome="Completed">
    <Counters total="6" executed="6" passed="6" failed="0" error="0" timeout="0" aborted="0" inconclusive="0" passedButRunAborted="0" notRunnable="0" notExecuted="0" disconnected="0" warning="0" completed="0" inProgress="0" pending="0" />
    <Output>
      <StdOut>[xUnit.net 00:00:00.00] xUnit.net VSTest Adapter v2.4.3+1b45f5407b (64-bit .NET 6.0.25)&#xD;
[xUnit.net 00:00:06.52]   Discovering: VideoOS.DataCollector.Service.Integration.Tests&#xD;
[xUnit.net 00:00:06.72]   Discovered:  VideoOS.DataCollector.Service.Integration.Tests&#xD;
[xUnit.net 00:00:06.73]   Starting:    VideoOS.DataCollector.Service.Integration.Tests&#xD;
[xUnit.net 00:00:21.16]   Finished:    VideoOS.DataCollector.Service.Integration.Tests&#xD;
</StdOut>
    </Output>
  </ResultSummary>
</TestRun>