<?xml version="1.0" encoding="utf-8"?>
<TestRun id="d589fc0b-2b75-4673-aaee-fd904b231903" name="DKSR-EFI-06$@DKSR-EFI-06 2024-01-09 15:41:42" runUser="NT AUTHORITY\NETWORK SERVICE" xmlns="http://microsoft.com/schemas/VisualStudio/TeamTest/2010">
  <Times creation="2024-01-09T15:41:42.1226367+01:00" queuing="2024-01-09T15:41:42.1226367+01:00" start="2024-01-09T15:41:33.4975949+01:00" finish="2024-01-09T15:41:42.1851369+01:00" />
  <TestSettings name="default" id="ef187ad3-a707-4f10-8272-6e4d3bad3567">
    <Deployment runDeploymentRoot="DKSR-EFI-06$_DKSR-EFI-06_2024-01-09_15_41_42" />
  </TestSettings>
  <Results>
    <UnitTestResult executionId="a58eba2d-7ddf-4aac-9cb4-dd065fd4a9b9" testId="0a01db17-3237-050f-5b8b-3fa4fbf566c1" testName="RecorderConfigSettingsTest_NoSystemData" computerName="DKSR-EFI-06" duration="00:00:00.0007502" startTime="2024-01-09T15:41:41.8413846+01:00" endTime="2024-01-09T15:41:41.8413846+01:00" testType="13cdc9d9-ddb5-4fa4-a97d-d965ccfc6d4b" outcome="Passed" testListId="8c84fa94-04c1-424b-9868-57a2d4851a1d" relativeResultsDirectory="a58eba2d-7ddf-4aac-9cb4-dd065fd4a9b9" />
    <UnitTestResult executionId="fb88232b-4e30-456e-ab20-b18aad64b42c" testId="f1131939-32b4-03c6-f28c-8fae23cbf6e8" testName="RecorderConfigSettingsTest_WithSystemData" computerName="DKSR-EFI-06" duration="00:00:00.0146316" startTime="2024-01-09T15:41:41.8257599+01:00" endTime="2024-01-09T15:41:41.8413846+01:00" testType="13cdc9d9-ddb5-4fa4-a97d-d965ccfc6d4b" outcome="Passed" testListId="8c84fa94-04c1-424b-9868-57a2d4851a1d" relativeResultsDirectory="fb88232b-4e30-456e-ab20-b18aad64b42c" />
    <UnitTestResult executionId="57fd92fc-33a1-4f32-a0ed-1241841758ef" testId="831cb234-f72e-c993-1aff-0b81f06cae63" testName="RecorderConfigSettingsTest_NoSystemData_SetLastWebApiPublicUriDnsEndpoint" computerName="DKSR-EFI-06" duration="00:00:00.8518212" startTime="2024-01-09T15:41:40.5757573+01:00" endTime="2024-01-09T15:41:41.7632598+01:00" testType="13cdc9d9-ddb5-4fa4-a97d-d965ccfc6d4b" outcome="Passed" testListId="8c84fa94-04c1-424b-9868-57a2d4851a1d" relativeResultsDirectory="57fd92fc-33a1-4f32-a0ed-1241841758ef" />
  </Results>
  <TestDefinitions>
    <UnitTest name="RecorderConfigSettingsTest_NoSystemData" storage="d:\actions-runner\_work\xpco\xpco\corporate\recordingserver\recorderservice\tst\recorder.uacparts.unittests\bin\x64\debug\net472\recorder.uacparts.unittests.dll" id="0a01db17-3237-050f-5b8b-3fa4fbf566c1">
      <Execution id="a58eba2d-7ddf-4aac-9cb4-dd065fd4a9b9" />
      <TestMethod codeBase="D:\actions-runner\_work\XPCO\XPCO\Corporate\RecordingServer\RecorderService\tst\Recorder.UACParts.UnitTests\bin\x64\Debug\net472\Recorder.UACParts.UnitTests.dll" adapterTypeName="executor://mstestadapter/v2" className="Recorder.UACParts.UnitTests.RecorderConfigSettingsTest" name="RecorderConfigSettingsTest_NoSystemData" />
    </UnitTest>
    <UnitTest name="RecorderConfigSettingsTest_WithSystemData" storage="d:\actions-runner\_work\xpco\xpco\corporate\recordingserver\recorderservice\tst\recorder.uacparts.unittests\bin\x64\debug\net472\recorder.uacparts.unittests.dll" id="f1131939-32b4-03c6-f28c-8fae23cbf6e8">
      <Execution id="fb88232b-4e30-456e-ab20-b18aad64b42c" />
      <TestMethod codeBase="D:\actions-runner\_work\XPCO\XPCO\Corporate\RecordingServer\RecorderService\tst\Recorder.UACParts.UnitTests\bin\x64\Debug\net472\Recorder.UACParts.UnitTests.dll" adapterTypeName="executor://mstestadapter/v2" className="Recorder.UACParts.UnitTests.RecorderConfigSettingsTest" name="RecorderConfigSettingsTest_WithSystemData" />
    </UnitTest>
    <UnitTest name="RecorderConfigSettingsTest_NoSystemData_SetLastWebApiPublicUriDnsEndpoint" storage="d:\actions-runner\_work\xpco\xpco\corporate\recordingserver\recorderservice\tst\recorder.uacparts.unittests\bin\x64\debug\net472\recorder.uacparts.unittests.dll" id="831cb234-f72e-c993-1aff-0b81f06cae63">
      <Execution id="57fd92fc-33a1-4f32-a0ed-1241841758ef" />
      <TestMethod codeBase="D:\actions-runner\_work\XPCO\XPCO\Corporate\RecordingServer\RecorderService\tst\Recorder.UACParts.UnitTests\bin\x64\Debug\net472\Recorder.UACParts.UnitTests.dll" adapterTypeName="executor://mstestadapter/v2" className="Recorder.UACParts.UnitTests.RecorderConfigSettingsTest" name="RecorderConfigSettingsTest_NoSystemData_SetLastWebApiPublicUriDnsEndpoint" />
    </UnitTest>
  </TestDefinitions>
  <TestEntries>
    <TestEntry testId="0a01db17-3237-050f-5b8b-3fa4fbf566c1" executionId="a58eba2d-7ddf-4aac-9cb4-dd065fd4a9b9" testListId="8c84fa94-04c1-424b-9868-57a2d4851a1d" />
    <TestEntry testId="f1131939-32b4-03c6-f28c-8fae23cbf6e8" executionId="fb88232b-4e30-456e-ab20-b18aad64b42c" testListId="8c84fa94-04c1-424b-9868-57a2d4851a1d" />
    <TestEntry testId="831cb234-f72e-c993-1aff-0b81f06cae63" executionId="57fd92fc-33a1-4f32-a0ed-1241841758ef" testListId="8c84fa94-04c1-424b-9868-57a2d4851a1d" />
  </TestEntries>
  <TestLists>
    <TestList name="Results Not in a List" id="8c84fa94-04c1-424b-9868-57a2d4851a1d" />
    <TestList name="All Loaded Results" id="19431567-8539-422a-85d7-44ee4e166bda" />
  </TestLists>
  <ResultSummary outcome="Completed">
    <Counters total="3" executed="3" passed="3" failed="0" error="0" timeout="0" aborted="0" inconclusive="0" passedButRunAborted="0" notRunnable="0" notExecuted="0" disconnected="0" warning="0" completed="0" inProgress="0" pending="0" />
  </ResultSummary>
</TestRun>