<?xml version="1.0" encoding="utf-8"?>
<TestRun id="d427a80c-7985-4bd6-8bd3-126852abf8d8" name="DKSR-EFI-06$@DKSR-EFI-06 2024-01-09 15:45:03" runUser="NT AUTHORITY\NETWORK SERVICE" xmlns="http://microsoft.com/schemas/VisualStudio/TeamTest/2010">
  <Times creation="2024-01-09T15:45:03.0918701+01:00" queuing="2024-01-09T15:45:03.0918701+01:00" start="2024-01-09T15:44:50.4199788+01:00" finish="2024-01-09T15:45:19.3887814+01:00" />
  <TestSettings name="default" id="d0238e11-ceab-4215-b20e-96186ce3bd34">
    <Deployment runDeploymentRoot="DKSR-EFI-06$_DKSR-EFI-06_2024-01-09_15_45_03" />
  </TestSettings>
  <Results>
    <UnitTestResult executionId="705841d5-ee9e-422d-b974-c5d58c5ca78f" testId="83010949-ed7b-8226-25ad-4ca68ee05c40" testName="Search_SmartSearch_OneCamera_ThrowsWebException_Success" computerName="DKSR-EFI-06" duration="00:00:00.0928131" startTime="2024-01-09T15:45:07.7168791+01:00" endTime="2024-01-09T15:45:07.8106327+01:00" testType="13cdc9d9-ddb5-4fa4-a97d-d965ccfc6d4b" outcome="Passed" testListId="8c84fa94-04c1-424b-9868-57a2d4851a1d" relativeResultsDirectory="705841d5-ee9e-422d-b974-c5d58c5ca78f" />
    <UnitTestResult executionId="518d417c-dfa0-42e6-9e1b-4853309a0e65" testId="5f8f1ea9-57ef-1a8c-66ba-1f131dd9bb05" testName="TestSearch_NullCameras_NoSearchAndResults" computerName="DKSR-EFI-06" duration="00:00:00.1217059" startTime="2024-01-09T15:45:03.4981209+01:00" endTime="2024-01-09T15:45:03.6231224+01:00" testType="13cdc9d9-ddb5-4fa4-a97d-d965ccfc6d4b" outcome="Passed" testListId="8c84fa94-04c1-424b-9868-57a2d4851a1d" relativeResultsDirectory="518d417c-dfa0-42e6-9e1b-4853309a0e65" />
    <UnitTestResult executionId="05bf2a7f-40d0-4b29-9186-6260b86f76c1" testId="7edb1ffb-a1cd-e213-6b4c-6cc73224a061" testName="TestBookmarkSearchFromBookmark_NullBookmarkId_Failure" computerName="DKSR-EFI-06" duration="00:00:00.0019120" startTime="2024-01-09T15:45:10.2012578+01:00" endTime="2024-01-09T15:45:10.2168872+01:00" testType="13cdc9d9-ddb5-4fa4-a97d-d965ccfc6d4b" outcome="Passed" testListId="8c84fa94-04c1-424b-9868-57a2d4851a1d" relativeResultsDirectory="05bf2a7f-40d0-4b29-9186-6260b86f76c1" />
    <UnitTestResult executionId="8301c1ff-4ab5-4946-86b2-e73551a9b707" testId="0afa23c5-246f-db20-9fb8-2e0f033a9892" testName="TestBookmarkSearchTimeOffline_IndependentOfCulture_Success (Header,Aabb,1,da-DK)" computerName="DKSR-EFI-06" duration="00:00:00.0003236" startTime="2024-01-09T15:45:10.6543833+01:00" endTime="2024-01-09T15:45:10.6543833+01:00" testType="13cdc9d9-ddb5-4fa4-a97d-d965ccfc6d4b" outcome="Passed" testListId="8c84fa94-04c1-424b-9868-57a2d4851a1d" relativeResultsDirectory="8301c1ff-4ab5-4946-86b2-e73551a9b707" />
    <UnitTestResult executionId="4de0cc1b-1068-408a-9672-248042639c02" testId="6712b95f-49c4-fb54-91c0-f2fe0be1af3c" testName="TestSearch_TwoCameras_WithPermissionForOnlyOne_Success" computerName="DKSR-EFI-06" duration="00:00:00.1038784" startTime="2024-01-09T15:45:04.3106243+01:00" endTime="2024-01-09T15:45:04.4200571+01:00" testType="13cdc9d9-ddb5-4fa4-a97d-d965ccfc6d4b" outcome="Passed" testListId="8c84fa94-04c1-424b-9868-57a2d4851a1d" relativeResultsDirectory="4de0cc1b-1068-408a-9672-248042639c02" />
    <UnitTestResult executionId="79eee894-729b-4752-8e12-caa91d8482f2" testId="1a4ed74f-0230-3b07-b46c-f98f72c37608" testName="TestSearch_BookmarkSearchTimeThrowsCommunicationException_Success" computerName="DKSR-EFI-06" duration="00:00:00.2084828" startTime="2024-01-09T15:45:12.0137622+01:00" endTime="2024-01-09T15:45:12.2325120+01:00" testType="13cdc9d9-ddb5-4fa4-a97d-d965ccfc6d4b" outcome="Passed" testListId="8c84fa94-04c1-424b-9868-57a2d4851a1d" relativeResultsDirectory="79eee894-729b-4752-8e12-caa91d8482f2" />
    <UnitTestResult executionId="8f01d00c-3a2d-46fd-8411-31dd915f9de8" testId="b94dfcf4-7136-c16b-a733-2745c97ee71f" testName="TestBookmarkSearchFromBookmarkOffline_Success (Header,Header1,1)" computerName="DKSR-EFI-06" duration="00:00:00.0022381" startTime="2024-01-09T15:45:10.5762607+01:00" endTime="2024-01-09T15:45:10.5762607+01:00" testType="13cdc9d9-ddb5-4fa4-a97d-d965ccfc6d4b" outcome="Passed" testListId="8c84fa94-04c1-424b-9868-57a2d4851a1d" relativeResultsDirectory="8f01d00c-3a2d-46fd-8411-31dd915f9de8" />
    <UnitTestResult executionId="922d0b8f-37ba-4e15-82d6-aff51a6815ad" testId="3cde7a2a-ddd3-4cda-2af0-baa0674cf958" testName="Id_Correct" computerName="DKSR-EFI-06" duration="00:00:00.0007212" startTime="2024-01-09T15:45:03.4668723+01:00" endTime="2024-01-09T15:45:03.4668723+01:00" testType="13cdc9d9-ddb5-4fa4-a97d-d965ccfc6d4b" outcome="Passed" testListId="8c84fa94-04c1-424b-9868-57a2d4851a1d" relativeResultsDirectory="922d0b8f-37ba-4e15-82d6-aff51a6815ad" />
    <UnitTestResult executionId="69a99c8c-442d-4203-ae72-1bdb69397790" testId="658955d0-5eea-8828-e8a3-5da91fd8de2b" testName="CreateSearchDefinition_Correct" computerName="DKSR-EFI-06" duration="00:00:00.0032012" startTime="2024-01-09T15:45:03.4824964+01:00" endTime="2024-01-09T15:45:03.4824964+01:00" testType="13cdc9d9-ddb5-4fa4-a97d-d965ccfc6d4b" outcome="Passed" testListId="8c84fa94-04c1-424b-9868-57a2d4851a1d" relativeResultsDirectory="69a99c8c-442d-4203-ae72-1bdb69397790" />
    <UnitTestResult executionId="6ef9f206-41e9-4a15-9c83-07386bdc0ef8" testId="f9d8b802-0f33-f7c4-a717-51e84afe0716" testName="TestBookmarkSearchFromBookmarkOffline_IndependentOfCulture_Success (Description,aacc,1,da-DK)" computerName="DKSR-EFI-06" duration="00:00:00.0003110" startTime="2024-01-09T15:45:10.7012588+01:00" endTime="2024-01-09T15:45:10.7012588+01:00" testType="13cdc9d9-ddb5-4fa4-a97d-d965ccfc6d4b" outcome="Passed" testListId="8c84fa94-04c1-424b-9868-57a2d4851a1d" relativeResultsDirectory="6ef9f206-41e9-4a15-9c83-07386bdc0ef8" />
    <UnitTestResult executionId="9b8abf15-be18-4b79-a107-751351ec3ab8" testId="ab46e406-895f-94d0-a641-f5e66a2e4d56" testName="Search_SmartSearch_TwoCamera_AscendingSortOrder_Success" computerName="DKSR-EFI-06" duration="00:00:00.1800104" startTime="2024-01-09T15:45:08.5293811+01:00" endTime="2024-01-09T15:45:08.7012574+01:00" testType="13cdc9d9-ddb5-4fa4-a97d-d965ccfc6d4b" outcome="Passed" testListId="8c84fa94-04c1-424b-9868-57a2d4851a1d" relativeResultsDirectory="9b8abf15-be18-4b79-a107-751351ec3ab8" />
    <UnitTestResult executionId="3ba948de-9362-46fe-b2ab-c649d87cd983" testId="aa8892c6-41c4-bf5c-640f-99a2d64c993c" testName="SearchCriteriaOnChanged_DefinitionClosed_ItemRemovedFromScope_NoChangeToFilterValue" computerName="DKSR-EFI-06" duration="00:00:00.0029428" startTime="2024-01-09T15:45:05.2793751+01:00" endTime="2024-01-09T15:45:05.2793751+01:00" testType="13cdc9d9-ddb5-4fa4-a97d-d965ccfc6d4b" outcome="Passed" testListId="8c84fa94-04c1-424b-9868-57a2d4851a1d" relativeResultsDirectory="3ba948de-9362-46fe-b2ab-c649d87cd983" />
    <UnitTestResult executionId="5678bb0a-bb0c-4c6d-9cf5-22fadf01da3a" testId="bfa2326d-7e01-5e5e-9eed-301e88d0e75c" testName="TestSearch_GetDataWithNullResult_Success" computerName="DKSR-EFI-06" duration="00:00:00.1237568" startTime="2024-01-09T15:45:04.7012510+01:00" endTime="2024-01-09T15:45:04.8262514+01:00" testType="13cdc9d9-ddb5-4fa4-a97d-d965ccfc6d4b" outcome="Passed" testListId="8c84fa94-04c1-424b-9868-57a2d4851a1d" relativeResultsDirectory="5678bb0a-bb0c-4c6d-9cf5-22fadf01da3a" />
    <UnitTestResult executionId="79ac59c4-bef0-4ab1-883f-d4b2ec7ea139" testId="dde07ce9-db61-262c-5aeb-a2bef55d5de9" testName="TestBookmarkSearchTimeOffline_IndependentOfCulture_Success (Header,aabb,1,da-DK)" computerName="DKSR-EFI-06" duration="00:00:00.0004107" startTime="2024-01-09T15:45:10.6387597+01:00" endTime="2024-01-09T15:45:10.6387597+01:00" testType="13cdc9d9-ddb5-4fa4-a97d-d965ccfc6d4b" outcome="Passed" testListId="8c84fa94-04c1-424b-9868-57a2d4851a1d" relativeResultsDirectory="79ac59c4-bef0-4ab1-883f-d4b2ec7ea139" />
    <UnitTestResult executionId="e62d2742-9edf-4239-bd38-2e1f793311bf" testId="ad024bff-17d7-0509-5be2-8e3b56baab19" testName="TestBookmarkSearchTime_NullServerId_Failure" computerName="DKSR-EFI-06" duration="00:00:00.0081575" startTime="2024-01-09T15:45:10.2012578+01:00" endTime="2024-01-09T15:45:10.2012578+01:00" testType="13cdc9d9-ddb5-4fa4-a97d-d965ccfc6d4b" outcome="Passed" testListId="8c84fa94-04c1-424b-9868-57a2d4851a1d" relativeResultsDirectory="e62d2742-9edf-4239-bd38-2e1f793311bf" />
    <UnitTestResult executionId="18c2407e-d888-4264-a7b9-c2c3ecf2294b" testId="44c0e595-a8c6-8cd9-ecda-76b93d8b2b3d" testName="TestSearch_BookmarkSearchTimeThrowsWrappedCommunicationException_Success" computerName="DKSR-EFI-06" duration="00:00:00.0899338" startTime="2024-01-09T15:45:12.2325120+01:00" endTime="2024-01-09T15:45:12.3263200+01:00" testType="13cdc9d9-ddb5-4fa4-a97d-d965ccfc6d4b" outcome="Passed" testListId="8c84fa94-04c1-424b-9868-57a2d4851a1d" relativeResultsDirectory="18c2407e-d888-4264-a7b9-c2c3ecf2294b" />
    <UnitTestResult executionId="31a564ed-d71c-4ae9-b2bb-a62c9269a8d2" testId="8068d391-c433-0485-d6f2-d9847c54a1c4" testName="ResetValue_WrongFilterValueType_Throw" computerName="DKSR-EFI-06" duration="00:00:00.0030354" startTime="2024-01-09T15:45:10.1700094+01:00" endTime="2024-01-09T15:45:10.1700094+01:00" testType="13cdc9d9-ddb5-4fa4-a97d-d965ccfc6d4b" outcome="Passed" testListId="8c84fa94-04c1-424b-9868-57a2d4851a1d" relativeResultsDirectory="31a564ed-d71c-4ae9-b2bb-a62c9269a8d2" />
    <UnitTestResult executionId="cf874a2d-35eb-4ccf-bc21-d765c70727f9" testId="966d7216-01b1-eceb-f7ba-b01522d00244" testName="TestSearchCriteriaGet_Success" computerName="DKSR-EFI-06" duration="00:00:00.0005808" startTime="2024-01-09T15:45:05.2637510+01:00" endTime="2024-01-09T15:45:05.2637510+01:00" testType="13cdc9d9-ddb5-4fa4-a97d-d965ccfc6d4b" outcome="Passed" testListId="8c84fa94-04c1-424b-9868-57a2d4851a1d" relativeResultsDirectory="cf874a2d-35eb-4ccf-bc21-d765c70727f9" />
    <UnitTestResult executionId="8485f041-6344-4eac-8d2b-a920b4f138ea" testId="42b2df1c-5c94-7979-829f-c3bb3c261c6d" testName="TestBookmarkSearchFromBookmark_NullFQIDs_Failure" computerName="DKSR-EFI-06" duration="00:00:00.0006358" startTime="2024-01-09T15:45:10.2168872+01:00" endTime="2024-01-09T15:45:10.2168872+01:00" testType="13cdc9d9-ddb5-4fa4-a97d-d965ccfc6d4b" outcome="Passed" testListId="8c84fa94-04c1-424b-9868-57a2d4851a1d" relativeResultsDirectory="8485f041-6344-4eac-8d2b-a920b4f138ea" />
    <UnitTestResult executionId="9be4d79c-6e15-4f93-b7a3-652b3af62cff" testId="d8934dd9-c079-80dd-0024-d016243d769e" testName="Id_Correct" computerName="DKSR-EFI-06" duration="00:00:00.0006033" startTime="2024-01-09T15:45:08.7168827+01:00" endTime="2024-01-09T15:45:08.7168827+01:00" testType="13cdc9d9-ddb5-4fa4-a97d-d965ccfc6d4b" outcome="Passed" testListId="8c84fa94-04c1-424b-9868-57a2d4851a1d" relativeResultsDirectory="9be4d79c-6e15-4f93-b7a3-652b3af62cff" />
    <UnitTestResult executionId="cf628060-9959-475f-a646-f649787a1d1e" testId="e362ecf4-a6b3-ad50-efc7-e4a3025dc4dc" testName="TestBookmarkSearchTime_Success (Header)" computerName="DKSR-EFI-06" duration="00:00:00.0004293" startTime="2024-01-09T15:45:10.4825083+01:00" endTime="2024-01-09T15:45:10.4825083+01:00" testType="13cdc9d9-ddb5-4fa4-a97d-d965ccfc6d4b" outcome="Passed" testListId="8c84fa94-04c1-424b-9868-57a2d4851a1d" relativeResultsDirectory="cf628060-9959-475f-a646-f649787a1d1e" />
    <UnitTestResult executionId="ef9801bf-38f6-4292-a4fc-356974fe27a3" testId="03fb0271-faa3-06bb-227e-3d405cf12236" testName="TestSearch_OneCamera_Success" computerName="DKSR-EFI-06" duration="00:00:00.0791400" startTime="2024-01-09T15:45:08.7481312+01:00" endTime="2024-01-09T15:45:08.8262567+01:00" testType="13cdc9d9-ddb5-4fa4-a97d-d965ccfc6d4b" outcome="Passed" testListId="8c84fa94-04c1-424b-9868-57a2d4851a1d" relativeResultsDirectory="ef9801bf-38f6-4292-a4fc-356974fe27a3" />
    <UnitTestResult executionId="4f906bba-add4-41cf-8e51-09c0dc41281e" testId="442da40e-14d8-d77f-481f-f753c652ddcf" testName="ContainsTextSearchFilterValue_Deserialize_Success (SearchText,SearchText,HeaderAndDescription)" computerName="DKSR-EFI-06" duration="00:00:00.0000070" startTime="2024-01-09T15:45:17.0606501+01:00" endTime="2024-01-09T15:45:17.0606501+01:00" testType="13cdc9d9-ddb5-4fa4-a97d-d965ccfc6d4b" outcome="Passed" testListId="8c84fa94-04c1-424b-9868-57a2d4851a1d" relativeResultsDirectory="4f906bba-add4-41cf-8e51-09c0dc41281e" />
    <UnitTestResult executionId="a7ce6cb3-a09c-4a99-a6dc-d27a9e171763" testId="41edbdc3-f9f6-b16f-d4d9-b184e3556d7d" testName="TestBookmarkSearchFromBookmarkOffline_Success (Header,header1,1)" computerName="DKSR-EFI-06" duration="00:00:00.0003170" startTime="2024-01-09T15:45:10.5762607+01:00" endTime="2024-01-09T15:45:10.5762607+01:00" testType="13cdc9d9-ddb5-4fa4-a97d-d965ccfc6d4b" outcome="Passed" testListId="8c84fa94-04c1-424b-9868-57a2d4851a1d" relativeResultsDirectory="a7ce6cb3-a09c-4a99-a6dc-d27a9e171763" />
    <UnitTestResult executionId="55712b17-d3e5-4949-b0b9-909658f79c22" testId="9e90b19d-0ee5-6764-007f-4022433aaf2f" testName="GetDisplayValue_SmartSearchFilter_ZeroSelection_Success" computerName="DKSR-EFI-06" duration="00:00:00.0015925" startTime="2024-01-09T15:45:10.1856627+01:00" endTime="2024-01-09T15:45:10.1856627+01:00" testType="13cdc9d9-ddb5-4fa4-a97d-d965ccfc6d4b" outcome="Passed" testListId="8c84fa94-04c1-424b-9868-57a2d4851a1d" relativeResultsDirectory="55712b17-d3e5-4949-b0b9-909658f79c22" />
    <UnitTestResult executionId="fa032dc4-9e02-4dda-95b8-7e7af08cbf0d" testId="6732db6b-b0be-01ac-447d-5ea44f35cebd" testName="TestBookmarkSearchFromBookmarkOffline_IndependentOfCulture_Success (Header,ab,1,da-DK)" computerName="DKSR-EFI-06" duration="00:00:00.0002935" startTime="2024-01-09T15:45:10.6856335+01:00" endTime="2024-01-09T15:45:10.6856335+01:00" testType="13cdc9d9-ddb5-4fa4-a97d-d965ccfc6d4b" outcome="Passed" testListId="8c84fa94-04c1-424b-9868-57a2d4851a1d" relativeResultsDirectory="fa032dc4-9e02-4dda-95b8-7e7af08cbf0d" />
    <UnitTestResult executionId="0103cd75-949f-4e25-ac45-3b513ceb9bfb" testId="d67d711f-600f-d85d-8035-a652f106710b" testName="TestBookmarkSearchFromBookmarkOffline_Success (Description,description2,1)" computerName="DKSR-EFI-06" duration="00:00:00.0003061" startTime="2024-01-09T15:45:10.6075093+01:00" endTime="2024-01-09T15:45:10.6075093+01:00" testType="13cdc9d9-ddb5-4fa4-a97d-d965ccfc6d4b" outcome="Passed" testListId="8c84fa94-04c1-424b-9868-57a2d4851a1d" relativeResultsDirectory="0103cd75-949f-4e25-ac45-3b513ceb9bfb" />
    <UnitTestResult executionId="e398b47c-fe0c-4508-9659-2d9f139e65e9" testId="824a0ab4-c21f-d387-7de7-9d41e739717e" testName="TestSearch_MyBookmarksBasicUser_Success" computerName="DKSR-EFI-06" duration="00:00:00.1757165" startTime="2024-01-09T15:45:12.4825134+01:00" endTime="2024-01-09T15:45:12.6700126+01:00" testType="13cdc9d9-ddb5-4fa4-a97d-d965ccfc6d4b" outcome="Passed" testListId="8c84fa94-04c1-424b-9868-57a2d4851a1d" relativeResultsDirectory="e398b47c-fe0c-4508-9659-2d9f139e65e9" />
    <UnitTestResult executionId="65acd156-6b2f-48df-a1bb-56c06877ebd9" testId="4715a69f-bae7-50c4-6b63-83aa6afa81e9" testName="TestBookmarkSearchTimeOffline_IndependentOfCulture_Success (Description,ac,1,da-DK)" computerName="DKSR-EFI-06" duration="00:00:00.0003216" startTime="2024-01-09T15:45:10.6543833+01:00" endTime="2024-01-09T15:45:10.6700095+01:00" testType="13cdc9d9-ddb5-4fa4-a97d-d965ccfc6d4b" outcome="Passed" testListId="8c84fa94-04c1-424b-9868-57a2d4851a1d" relativeResultsDirectory="65acd156-6b2f-48df-a1bb-56c06877ebd9" />
    <UnitTestResult executionId="9c332d96-0354-43ca-a6e1-357c2d588be1" testId="3ef52ff9-47ef-a174-357b-f9fc4fcd4a8b" testName="ContainsTextSearchFilterValue_Serialize_Success (,HeaderAndDescription,\u001b0)" computerName="DKSR-EFI-06" duration="00:00:00.0000097" startTime="2024-01-09T15:45:17.0450256+01:00" endTime="2024-01-09T15:45:17.0450256+01:00" testType="13cdc9d9-ddb5-4fa4-a97d-d965ccfc6d4b" outcome="Passed" testListId="8c84fa94-04c1-424b-9868-57a2d4851a1d" relativeResultsDirectory="9c332d96-0354-43ca-a6e1-357c2d588be1" />
    <UnitTestResult executionId="39a9ba9c-b4a2-48ee-8cb3-cdd3bfe1b7b2" testId="8a7c5d0b-25bd-b72b-72d1-e37e8c880d08" testName="TestSearch_OneCamera_DescendingSortOrder_Success" computerName="DKSR-EFI-06" duration="00:00:00.0925825" startTime="2024-01-09T15:45:09.9200084+01:00" endTime="2024-01-09T15:45:10.0137576+01:00" testType="13cdc9d9-ddb5-4fa4-a97d-d965ccfc6d4b" outcome="Passed" testListId="8c84fa94-04c1-424b-9868-57a2d4851a1d" relativeResultsDirectory="39a9ba9c-b4a2-48ee-8cb3-cdd3bfe1b7b2" />
    <UnitTestResult executionId="259017e6-83d5-4d02-b015-92b75414ea4b" testId="89d08978-197d-b4d6-d92a-0467f979b178" testName="Search_SmartSearch_TwoCamera_OnlyPermissionForOne_Succes" computerName="DKSR-EFI-06" duration="00:00:00.1873272" startTime="2024-01-09T15:45:06.7012533+01:00" endTime="2024-01-09T15:45:06.8887559+01:00" testType="13cdc9d9-ddb5-4fa4-a97d-d965ccfc6d4b" outcome="Passed" testListId="8c84fa94-04c1-424b-9868-57a2d4851a1d" relativeResultsDirectory="259017e6-83d5-4d02-b015-92b75414ea4b" />
    <UnitTestResult executionId="6acf329e-c719-482f-b3ea-bb89989ea38d" testId="6c57ff61-a273-add3-ee75-6699b49e431b" testName="TestBookmarkSearchFromBookmarkOffline_Success (Description,Description,2)" computerName="DKSR-EFI-06" duration="00:00:00.0003204" startTime="2024-01-09T15:45:10.6075093+01:00" endTime="2024-01-09T15:45:10.6075093+01:00" testType="13cdc9d9-ddb5-4fa4-a97d-d965ccfc6d4b" outcome="Passed" testListId="8c84fa94-04c1-424b-9868-57a2d4851a1d" relativeResultsDirectory="6acf329e-c719-482f-b3ea-bb89989ea38d" />
    <UnitTestResult executionId="783fc16f-9376-47db-9bad-b11ef68752a6" testId="a2d8f0e3-53b7-a6bb-b4c7-8bfd169bd377" testName="TestSearch_GetDataWithNullResult_Success" computerName="DKSR-EFI-06" duration="00:00:00.1432257" startTime="2024-01-09T15:45:09.6075074+01:00" endTime="2024-01-09T15:45:09.7637575+01:00" testType="13cdc9d9-ddb5-4fa4-a97d-d965ccfc6d4b" outcome="Passed" testListId="8c84fa94-04c1-424b-9868-57a2d4851a1d" relativeResultsDirectory="783fc16f-9376-47db-9bad-b11ef68752a6" />
    <UnitTestResult executionId="b48f8bbe-4f3b-4584-b141-2b21dadd2fd7" testId="2280fded-4c45-2157-b7d9-c7632ab2fe10" testName="Id_UpdateUsingSetter_Success" computerName="DKSR-EFI-06" duration="00:00:00.0006830" startTime="2024-01-09T15:45:10.7325078+01:00" endTime="2024-01-09T15:45:10.7325078+01:00" testType="13cdc9d9-ddb5-4fa4-a97d-d965ccfc6d4b" outcome="Passed" testListId="8c84fa94-04c1-424b-9868-57a2d4851a1d" relativeResultsDirectory="b48f8bbe-4f3b-4584-b141-2b21dadd2fd7" />
    <UnitTestResult executionId="0addefdd-ccb4-49fa-a277-fccab93fd0e4" testId="6f295cbb-379a-379a-1456-2776b14ea9d3" testName="TestBookmarkSearchFromBookmark_Success (HeaderAndDescription)" computerName="DKSR-EFI-06" duration="00:00:00.0023482" startTime="2024-01-09T15:45:10.4981329+01:00" endTime="2024-01-09T15:45:10.4981329+01:00" testType="13cdc9d9-ddb5-4fa4-a97d-d965ccfc6d4b" outcome="Passed" testListId="8c84fa94-04c1-424b-9868-57a2d4851a1d" relativeResultsDirectory="0addefdd-ccb4-49fa-a277-fccab93fd0e4" />
    <UnitTestResult executionId="106fdc8f-16d9-4ad8-98d2-a0c08649e314" testId="41616be9-4ed4-e3fd-ccfb-f17835017c38" testName="TestBookmarkSearchTime_Success (Description)" computerName="DKSR-EFI-06" duration="00:00:00.0003424" startTime="2024-01-09T15:45:10.4981329+01:00" endTime="2024-01-09T15:45:10.4981329+01:00" testType="13cdc9d9-ddb5-4fa4-a97d-d965ccfc6d4b" outcome="Passed" testListId="8c84fa94-04c1-424b-9868-57a2d4851a1d" relativeResultsDirectory="106fdc8f-16d9-4ad8-98d2-a0c08649e314" />
    <UnitTestResult executionId="00486dcb-b981-47f1-ae23-10a0e44fda25" testId="0ac74f31-2840-8bf5-394a-ec18c6e0f89e" testName="TestSearch_TwoCameras_WithPermissionForOnlyOne_Success" computerName="DKSR-EFI-06" duration="00:00:00.2970440" startTime="2024-01-09T15:45:08.9981351+01:00" endTime="2024-01-09T15:45:09.2950062+01:00" testType="13cdc9d9-ddb5-4fa4-a97d-d965ccfc6d4b" outcome="Passed" testListId="8c84fa94-04c1-424b-9868-57a2d4851a1d" relativeResultsDirectory="00486dcb-b981-47f1-ae23-10a0e44fda25" />
    <UnitTestResult executionId="48172c99-7684-49df-ad6a-2a572d345cc4" testId="ee2f3b0c-9622-6d5c-bcd6-fd6bc5bdd485" testName="TestSearch_OneCamera_Sort_NewestEventTime" computerName="DKSR-EFI-06" duration="00:00:00.4402828" startTime="2024-01-09T15:45:12.9981406+01:00" endTime="2024-01-09T15:45:13.4356403+01:00" testType="13cdc9d9-ddb5-4fa4-a97d-d965ccfc6d4b" outcome="Passed" testListId="8c84fa94-04c1-424b-9868-57a2d4851a1d" relativeResultsDirectory="48172c99-7684-49df-ad6a-2a572d345cc4" />
    <UnitTestResult executionId="07560389-901b-408f-adc1-644ea962a28f" testId="d84174fe-cec6-c74d-b915-37ef0948647e" testName="TestSearch_OneCamera_Sort_OldestEventTime" computerName="DKSR-EFI-06" duration="00:00:00.1297801" startTime="2024-01-09T15:45:13.9512988+01:00" endTime="2024-01-09T15:45:14.0918924+01:00" testType="13cdc9d9-ddb5-4fa4-a97d-d965ccfc6d4b" outcome="Passed" testListId="8c84fa94-04c1-424b-9868-57a2d4851a1d" relativeResultsDirectory="07560389-901b-408f-adc1-644ea962a28f" />
    <UnitTestResult executionId="9725a338-d09a-42c6-87a3-dc7f19a04910" testId="27436264-2adc-bafb-b33a-e4519739c91f" testName="TestBookmarkSearchFromBookmarkOffline_Success (Description,header,0)" computerName="DKSR-EFI-06" duration="00:00:00.0003213" startTime="2024-01-09T15:45:10.6075093+01:00" endTime="2024-01-09T15:45:10.6231349+01:00" testType="13cdc9d9-ddb5-4fa4-a97d-d965ccfc6d4b" outcome="Passed" testListId="8c84fa94-04c1-424b-9868-57a2d4851a1d" relativeResultsDirectory="9725a338-d09a-42c6-87a3-dc7f19a04910" />
    <UnitTestResult executionId="92da52e0-ff01-4e1d-b7a4-573268e9832a" testId="8500b63d-5319-4c11-d4b8-9f52192a8ed5" testName="Search_SmartSearch_SearchUnspecifiedError_Succes" computerName="DKSR-EFI-06" duration="00:00:00.1409699" startTime="2024-01-09T15:45:07.2793792+01:00" endTime="2024-01-09T15:45:07.4200051+01:00" testType="13cdc9d9-ddb5-4fa4-a97d-d965ccfc6d4b" outcome="Passed" testListId="8c84fa94-04c1-424b-9868-57a2d4851a1d" relativeResultsDirectory="92da52e0-ff01-4e1d-b7a4-573268e9832a" />
    <UnitTestResult executionId="02cbae0a-47fa-4382-a0a5-62e352187185" testId="3e4dafe8-7608-f0fa-16d5-d02ae5d9d4f4" testName="ContainsTextSearchFilterValue_Deserialize_Failure (SearchText\u001b)" computerName="DKSR-EFI-06" duration="00:00:00.0001462" startTime="2024-01-09T15:45:17.0606501+01:00" endTime="2024-01-09T15:45:17.0606501+01:00" testType="13cdc9d9-ddb5-4fa4-a97d-d965ccfc6d4b" outcome="Passed" testListId="8c84fa94-04c1-424b-9868-57a2d4851a1d" relativeResultsDirectory="02cbae0a-47fa-4382-a0a5-62e352187185" />
    <UnitTestResult executionId="ad845686-eef3-4a6c-b510-84dc62974746" testId="c862e261-9013-a8ca-1858-97d715f4f5e5" testName="TestBookmarkSearchTimeOffline_Success (Description,description1,1)" computerName="DKSR-EFI-06" duration="00:00:00.0003082" startTime="2024-01-09T15:45:10.5450125+01:00" endTime="2024-01-09T15:45:10.5450125+01:00" testType="13cdc9d9-ddb5-4fa4-a97d-d965ccfc6d4b" outcome="Passed" testListId="8c84fa94-04c1-424b-9868-57a2d4851a1d" relativeResultsDirectory="ad845686-eef3-4a6c-b510-84dc62974746" />
    <UnitTestResult executionId="288f6262-0c83-42d8-b344-d711874cebe5" testId="e851088a-126b-3c9f-02eb-bb317cbd003a" testName="Id_UpdateUsingSetter_Success" computerName="DKSR-EFI-06" duration="00:00:00.0008182" startTime="2024-01-09T15:45:03.4668723+01:00" endTime="2024-01-09T15:45:03.4824964+01:00" testType="13cdc9d9-ddb5-4fa4-a97d-d965ccfc6d4b" outcome="Passed" testListId="8c84fa94-04c1-424b-9868-57a2d4851a1d" relativeResultsDirectory="288f6262-0c83-42d8-b344-d711874cebe5" />
    <UnitTestResult executionId="82b4c650-379a-49b4-9aa3-bc46d32db022" testId="af96175d-f7a2-674d-1f2b-852933fd9231" testName="TestBookmarkSearchFromBookmarkOffline_IndependentOfCulture_Success (Description,aacC,1,da-DK)" computerName="DKSR-EFI-06" duration="00:00:00.0002966" startTime="2024-01-09T15:45:10.6856335+01:00" endTime="2024-01-09T15:45:10.6856335+01:00" testType="13cdc9d9-ddb5-4fa4-a97d-d965ccfc6d4b" outcome="Passed" testListId="8c84fa94-04c1-424b-9868-57a2d4851a1d" relativeResultsDirectory="82b4c650-379a-49b4-9aa3-bc46d32db022" />
    <UnitTestResult executionId="04781929-f263-4b07-b26b-17aa6a2555af" testId="f326eb3a-0ce2-c4cf-9d13-0061444b213b" testName="TestBookmarkSearchFromBookmarkOffline_Success (Header,Header2,1)" computerName="DKSR-EFI-06" duration="00:00:00.0003005" startTime="2024-01-09T15:45:10.5762607+01:00" endTime="2024-01-09T15:45:10.5762607+01:00" testType="13cdc9d9-ddb5-4fa4-a97d-d965ccfc6d4b" outcome="Passed" testListId="8c84fa94-04c1-424b-9868-57a2d4851a1d" relativeResultsDirectory="04781929-f263-4b07-b26b-17aa6a2555af" />
    <UnitTestResult executionId="bdb72bc9-14f5-4197-aab9-042a221035e4" testId="26fab799-115d-cc94-6db0-9649c7d3ad6a" testName="TestBookmarkSearchTime_NullOptSearchStr_Success" computerName="DKSR-EFI-06" duration="00:00:00.0047779" startTime="2024-01-09T15:45:10.7012588+01:00" endTime="2024-01-09T15:45:10.7012588+01:00" testType="13cdc9d9-ddb5-4fa4-a97d-d965ccfc6d4b" outcome="Passed" testListId="8c84fa94-04c1-424b-9868-57a2d4851a1d" relativeResultsDirectory="bdb72bc9-14f5-4197-aab9-042a221035e4" />
    <UnitTestResult executionId="1257605c-0dc9-47cc-9589-10a1fdf2a9b7" testId="21acf0e8-7b03-0e20-2253-12a46a4d83bc" testName="Close_Success" computerName="DKSR-EFI-06" duration="00:00:00.8004366" startTime="2024-01-09T15:45:02.2481185+01:00" endTime="2024-01-09T15:45:03.0606236+01:00" testType="13cdc9d9-ddb5-4fa4-a97d-d965ccfc6d4b" outcome="Passed" testListId="8c84fa94-04c1-424b-9868-57a2d4851a1d" relativeResultsDirectory="1257605c-0dc9-47cc-9589-10a1fdf2a9b7" />
    <UnitTestResult executionId="70721385-1c69-403a-8589-f5f70ef6afd8" testId="88ae30ff-78e2-5040-d03d-b1323fa306bc" testName="TestBookmarkSearchFromBookmark_Success (Description)" computerName="DKSR-EFI-06" duration="00:00:00.0003064" startTime="2024-01-09T15:45:10.4981329+01:00" endTime="2024-01-09T15:45:10.4981329+01:00" testType="13cdc9d9-ddb5-4fa4-a97d-d965ccfc6d4b" outcome="Passed" testListId="8c84fa94-04c1-424b-9868-57a2d4851a1d" relativeResultsDirectory="70721385-1c69-403a-8589-f5f70ef6afd8" />
    <UnitTestResult executionId="e9ec2dbb-bc18-41e0-8370-3d11c1758e5e" testId="10fdddf0-2640-32c7-fc86-37acc77f6458" testName="TestBookmarkSearchFromBookmarkOffline_IndependentOfCulture_Success (Header,ab,1,en-US)" computerName="DKSR-EFI-06" duration="00:00:00.0003144" startTime="2024-01-09T15:45:10.6700095+01:00" endTime="2024-01-09T15:45:10.6700095+01:00" testType="13cdc9d9-ddb5-4fa4-a97d-d965ccfc6d4b" outcome="Passed" testListId="8c84fa94-04c1-424b-9868-57a2d4851a1d" relativeResultsDirectory="e9ec2dbb-bc18-41e0-8370-3d11c1758e5e" />
    <UnitTestResult executionId="e1cf621c-07fe-4983-a981-326ff3443f6c" testId="04dd834f-4d7f-126c-c936-5f541aee5d36" testName="TestBookmarkSearchFromBookmarkOffline_IndependentOfCulture_Success (Header,aabb,1,en-US)" computerName="DKSR-EFI-06" duration="00:00:00.0013488" startTime="2024-01-09T15:45:10.6700095+01:00" endTime="2024-01-09T15:45:10.6700095+01:00" testType="13cdc9d9-ddb5-4fa4-a97d-d965ccfc6d4b" outcome="Passed" testListId="8c84fa94-04c1-424b-9868-57a2d4851a1d" relativeResultsDirectory="e1cf621c-07fe-4983-a981-326ff3443f6c" />
    <UnitTestResult executionId="652da52d-b919-4203-969c-1535f3b55b8b" testId="df60b123-5948-0ed5-08cb-e61c71777551" testName="TestSearch_OneCamera_Sort_Unspecified" computerName="DKSR-EFI-06" duration="00:00:00.0777881" startTime="2024-01-09T15:45:13.8731410+01:00" endTime="2024-01-09T15:45:13.9512988+01:00" testType="13cdc9d9-ddb5-4fa4-a97d-d965ccfc6d4b" outcome="Passed" testListId="8c84fa94-04c1-424b-9868-57a2d4851a1d" relativeResultsDirectory="652da52d-b919-4203-969c-1535f3b55b8b" />
    <UnitTestResult executionId="b2e7744b-8d2a-4bbf-8706-b953fd79d0b1" testId="9d799095-daeb-4507-60b4-b8601a927d39" testName="CreateSearchDefinition_Correct" computerName="DKSR-EFI-06" duration="00:00:00.0007303" startTime="2024-01-09T15:45:08.7168827+01:00" endTime="2024-01-09T15:45:08.7168827+01:00" testType="13cdc9d9-ddb5-4fa4-a97d-d965ccfc6d4b" outcome="Passed" testListId="8c84fa94-04c1-424b-9868-57a2d4851a1d" relativeResultsDirectory="b2e7744b-8d2a-4bbf-8706-b953fd79d0b1" />
    <UnitTestResult executionId="52964cf7-290d-4c23-bb9b-36c15496093d" testId="924bdb2d-059e-62bd-7fba-6b2796168b8a" testName="TestBookmarkSearchTimeOffline_IndependentOfCulture_Success (Description,ac,1,en-US)" computerName="DKSR-EFI-06" duration="00:00:00.0003011" startTime="2024-01-09T15:45:10.6387597+01:00" endTime="2024-01-09T15:45:10.6387597+01:00" testType="13cdc9d9-ddb5-4fa4-a97d-d965ccfc6d4b" outcome="Passed" testListId="8c84fa94-04c1-424b-9868-57a2d4851a1d" relativeResultsDirectory="52964cf7-290d-4c23-bb9b-36c15496093d" />
    <UnitTestResult executionId="5abb3741-8518-462f-91e1-90d45a50f8fb" testId="3f5879ee-e1d4-7162-8cbc-7ae72964d991" testName="Search_SmartSearch_OneCamera_Cancellation_Succes" computerName="DKSR-EFI-06" duration="00:00:00.1538069" startTime="2024-01-09T15:45:07.4200051+01:00" endTime="2024-01-09T15:45:07.5762534+01:00" testType="13cdc9d9-ddb5-4fa4-a97d-d965ccfc6d4b" outcome="Passed" testListId="8c84fa94-04c1-424b-9868-57a2d4851a1d" relativeResultsDirectory="5abb3741-8518-462f-91e1-90d45a50f8fb" />
    <UnitTestResult executionId="df27c42a-0541-42d9-81c6-441782c702f5" testId="50ba828c-d2b0-9cdd-00a3-4b1e66623771" testName="ResetValue_WrongFilterValueType_Throw" computerName="DKSR-EFI-06" duration="00:00:00.0006247" startTime="2024-01-09T15:45:17.0606501+01:00" endTime="2024-01-09T15:45:17.0606501+01:00" testType="13cdc9d9-ddb5-4fa4-a97d-d965ccfc6d4b" outcome="Passed" testListId="8c84fa94-04c1-424b-9868-57a2d4851a1d" relativeResultsDirectory="df27c42a-0541-42d9-81c6-441782c702f5" />
    <UnitTestResult executionId="478e0404-7a16-48f1-bce0-ba0f13d1c8e2" testId="402e03a6-c844-e310-daf8-9a12b1f92722" testName="Name_UpdateUsingSetter_Success" computerName="DKSR-EFI-06" duration="00:00:00.0007566" startTime="2024-01-09T15:45:10.7168818+01:00" endTime="2024-01-09T15:45:10.7168818+01:00" testType="13cdc9d9-ddb5-4fa4-a97d-d965ccfc6d4b" outcome="Passed" testListId="8c84fa94-04c1-424b-9868-57a2d4851a1d" relativeResultsDirectory="478e0404-7a16-48f1-bce0-ba0f13d1c8e2" />
    <UnitTestResult executionId="d3b4b647-f1d0-4319-82f2-106bac5f3008" testId="e0002542-6023-f9de-027b-f20074975dd3" testName="TestBookmarkSearchFromBookmarkOffline_IndependentOfCulture_Success (Header,Aabb,1,en-US)" computerName="DKSR-EFI-06" duration="00:00:00.0003181" startTime="2024-01-09T15:45:10.6700095+01:00" endTime="2024-01-09T15:45:10.6700095+01:00" testType="13cdc9d9-ddb5-4fa4-a97d-d965ccfc6d4b" outcome="Passed" testListId="8c84fa94-04c1-424b-9868-57a2d4851a1d" relativeResultsDirectory="d3b4b647-f1d0-4319-82f2-106bac5f3008" />
    <UnitTestResult executionId="a224a2c4-433c-4bb3-89dd-4ebe07e9706c" testId="033d264c-42aa-d064-1763-987cd7fef80a" testName="TestBookmarkSearchTime_NullOptUsers_Failure" computerName="DKSR-EFI-06" duration="00:00:00.0007095" startTime="2024-01-09T15:45:10.2168872+01:00" endTime="2024-01-09T15:45:10.2325111+01:00" testType="13cdc9d9-ddb5-4fa4-a97d-d965ccfc6d4b" outcome="Passed" testListId="8c84fa94-04c1-424b-9868-57a2d4851a1d" relativeResultsDirectory="a224a2c4-433c-4bb3-89dd-4ebe07e9706c" />
    <UnitTestResult executionId="028b80f0-a4a6-4e7b-8322-26f85d0fa1c2" testId="004c1474-783b-15fc-a55f-87e0d12631ef" testName="Name_Correct" computerName="DKSR-EFI-06" duration="00:00:00.0009662" startTime="2024-01-09T15:45:08.7012574+01:00" endTime="2024-01-09T15:45:08.7012574+01:00" testType="13cdc9d9-ddb5-4fa4-a97d-d965ccfc6d4b" outcome="Passed" testListId="8c84fa94-04c1-424b-9868-57a2d4851a1d" relativeResultsDirectory="028b80f0-a4a6-4e7b-8322-26f85d0fa1c2" />
    <UnitTestResult executionId="0365a3bc-870f-457f-8c54-07f7d33bdf88" testId="b017fd0b-c4dd-e6f4-85ff-368415997c6f" testName="Search_SmartSearch_OneCameraNoBoundingShapes_Succes" computerName="DKSR-EFI-06" duration="00:00:00.1196591" startTime="2024-01-09T15:45:05.6075032+01:00" endTime="2024-01-09T15:45:05.7325023+01:00" testType="13cdc9d9-ddb5-4fa4-a97d-d965ccfc6d4b" outcome="Passed" testListId="8c84fa94-04c1-424b-9868-57a2d4851a1d" relativeResultsDirectory="0365a3bc-870f-457f-8c54-07f7d33bdf88" />
    <UnitTestResult executionId="07366baa-82e9-4b78-a2f1-3651e8308608" testId="c2525c04-7759-88d9-ca44-5fde822bda5d" testName="ContainsTextSearchFilterValue_Serialize_Success (SearchText,Description,SearchText\u001b2)" computerName="DKSR-EFI-06" duration="00:00:00.0000089" startTime="2024-01-09T15:45:17.0294020+01:00" endTime="2024-01-09T15:45:17.0294020+01:00" testType="13cdc9d9-ddb5-4fa4-a97d-d965ccfc6d4b" outcome="Passed" testListId="8c84fa94-04c1-424b-9868-57a2d4851a1d" relativeResultsDirectory="07366baa-82e9-4b78-a2f1-3651e8308608" />
    <UnitTestResult executionId="55674dd7-697f-4a1d-9b1b-3b466ffe377e" testId="967f1e1c-e312-a478-eb72-7fa09d60f911" testName="Name_Correct" computerName="DKSR-EFI-06" duration="00:00:00.0016308" startTime="2024-01-09T15:45:03.4356222+01:00" endTime="2024-01-09T15:45:03.4356222+01:00" testType="13cdc9d9-ddb5-4fa4-a97d-d965ccfc6d4b" outcome="Passed" testListId="8c84fa94-04c1-424b-9868-57a2d4851a1d" relativeResultsDirectory="55674dd7-697f-4a1d-9b1b-3b466ffe377e" />
    <UnitTestResult executionId="3630443f-e8a8-4ae3-8640-a846330c3a5b" testId="fe0445ce-6862-2849-fe92-fc639a1e1693" testName="TestSearch_OneCamera_Success" computerName="DKSR-EFI-06" duration="00:00:00.5393573" startTime="2024-01-09T15:45:03.6231224+01:00" endTime="2024-01-09T15:45:04.1699993+01:00" testType="13cdc9d9-ddb5-4fa4-a97d-d965ccfc6d4b" outcome="Passed" testListId="8c84fa94-04c1-424b-9868-57a2d4851a1d" relativeResultsDirectory="3630443f-e8a8-4ae3-8640-a846330c3a5b" />
    <UnitTestResult executionId="876dbabd-a6c9-46be-8fa7-592a3b8e2b51" testId="710401de-d7a4-f5bf-6880-948d510408c5" testName="TestBookmarkSearchFromBookmarkOffline_Success (Header,Header,2)" computerName="DKSR-EFI-06" duration="00:00:00.0002986" startTime="2024-01-09T15:45:10.5762607+01:00" endTime="2024-01-09T15:45:10.5762607+01:00" testType="13cdc9d9-ddb5-4fa4-a97d-d965ccfc6d4b" outcome="Passed" testListId="8c84fa94-04c1-424b-9868-57a2d4851a1d" relativeResultsDirectory="876dbabd-a6c9-46be-8fa7-592a3b8e2b51" />
    <UnitTestResult executionId="66bb9ed8-5730-497b-84ed-dec6dc0066ce" testId="bb39c03f-b83d-0919-051f-8edbbe1f88ef" testName="TestBookmarkSearchTime_NullKinds_Failure" computerName="DKSR-EFI-06" duration="00:00:00.0008675" startTime="2024-01-09T15:45:10.2168872+01:00" endTime="2024-01-09T15:45:10.2168872+01:00" testType="13cdc9d9-ddb5-4fa4-a97d-d965ccfc6d4b" outcome="Passed" testListId="8c84fa94-04c1-424b-9868-57a2d4851a1d" relativeResultsDirectory="66bb9ed8-5730-497b-84ed-dec6dc0066ce" />
    <UnitTestResult executionId="e4236369-e8ed-4081-bc44-5d79ad862bc8" testId="206f7860-dd37-3614-eafa-5b064fc6adcf" testName="ResetValue_Success" computerName="DKSR-EFI-06" duration="00:00:00.0002090" startTime="2024-01-09T15:45:17.0137757+01:00" endTime="2024-01-09T15:45:17.0137757+01:00" testType="13cdc9d9-ddb5-4fa4-a97d-d965ccfc6d4b" outcome="Passed" testListId="8c84fa94-04c1-424b-9868-57a2d4851a1d" relativeResultsDirectory="e4236369-e8ed-4081-bc44-5d79ad862bc8" />
    <UnitTestResult executionId="fad0de1f-4a03-4df1-af9c-198548fd46b3" testId="a402e844-5d9f-ce53-bbcf-affc586b0cd8" testName="TestBookmarkSearchTimeOffline_Success (Description,description,2)" computerName="DKSR-EFI-06" duration="00:00:00.0003033" startTime="2024-01-09T15:45:10.5606355+01:00" endTime="2024-01-09T15:45:10.5606355+01:00" testType="13cdc9d9-ddb5-4fa4-a97d-d965ccfc6d4b" outcome="Passed" testListId="8c84fa94-04c1-424b-9868-57a2d4851a1d" relativeResultsDirectory="fad0de1f-4a03-4df1-af9c-198548fd46b3" />
    <UnitTestResult executionId="e6907b01-edd5-447c-b2eb-7a515ed4543d" testId="e655902f-37b5-a2c8-19fc-16383f483459" testName="Name_UpdateUsingSetter_Success" computerName="DKSR-EFI-06" duration="00:00:00.0008359" startTime="2024-01-09T15:45:03.4668723+01:00" endTime="2024-01-09T15:45:03.4668723+01:00" testType="13cdc9d9-ddb5-4fa4-a97d-d965ccfc6d4b" outcome="Passed" testListId="8c84fa94-04c1-424b-9868-57a2d4851a1d" relativeResultsDirectory="e6907b01-edd5-447c-b2eb-7a515ed4543d" />
    <UnitTestResult executionId="4ede30fd-3ff0-4382-a8a6-74a1cddcc17c" testId="2368e96a-dfcb-48df-2275-02da87769191" testName="TestSearch_NullCameras_NoSearchAndResults" computerName="DKSR-EFI-06" duration="00:00:00.0101203" startTime="2024-01-09T15:45:08.7325079+01:00" endTime="2024-01-09T15:45:08.7325079+01:00" testType="13cdc9d9-ddb5-4fa4-a97d-d965ccfc6d4b" outcome="Passed" testListId="8c84fa94-04c1-424b-9868-57a2d4851a1d" relativeResultsDirectory="4ede30fd-3ff0-4382-a8a6-74a1cddcc17c" />
    <UnitTestResult executionId="fcb5bce9-03e4-4fcd-9188-97ff6b37f3d1" testId="36ca8881-35d1-f876-5f9c-b94b444f3957" testName="TestSearch_CancelBeforeReturningData_Success" computerName="DKSR-EFI-06" duration="00:00:00.2307218" startTime="2024-01-09T15:45:11.6231365+01:00" endTime="2024-01-09T15:45:11.8575121+01:00" testType="13cdc9d9-ddb5-4fa4-a97d-d965ccfc6d4b" outcome="Passed" testListId="8c84fa94-04c1-424b-9868-57a2d4851a1d" relativeResultsDirectory="fcb5bce9-03e4-4fcd-9188-97ff6b37f3d1" />
    <UnitTestResult executionId="45cd5978-3441-43ae-965c-3eb726d8f469" testId="2de01861-2c38-a70b-e3cd-1bf5d7d6a0c8" testName="SearchFilterCategory_Success" computerName="DKSR-EFI-06" duration="00:00:00.0006806" startTime="2024-01-09T15:45:08.7168827+01:00" endTime="2024-01-09T15:45:08.7168827+01:00" testType="13cdc9d9-ddb5-4fa4-a97d-d965ccfc6d4b" outcome="Passed" testListId="8c84fa94-04c1-424b-9868-57a2d4851a1d" relativeResultsDirectory="45cd5978-3441-43ae-965c-3eb726d8f469" />
    <UnitTestResult executionId="fdd28a6f-722f-4d03-bb3b-9ef218d15b61" testId="185cdd46-c537-de24-7d0d-169a59ad8d77" testName="GetAttributeConfiguration_Success" computerName="DKSR-EFI-06" duration="00:00:00.0005182" startTime="2024-01-09T15:45:10.1543832+01:00" endTime="2024-01-09T15:45:10.1543832+01:00" testType="13cdc9d9-ddb5-4fa4-a97d-d965ccfc6d4b" outcome="Passed" testListId="8c84fa94-04c1-424b-9868-57a2d4851a1d" relativeResultsDirectory="fdd28a6f-722f-4d03-bb3b-9ef218d15b61" />
    <UnitTestResult executionId="403f67e1-e13e-498e-ace0-8a7ff3463d91" testId="6587521a-018d-5527-6716-f58c5e7b1c9f" testName="TestBookmarkSearchFromBookmark_NullKinds_Failure" computerName="DKSR-EFI-06" duration="00:00:00.0006565" startTime="2024-01-09T15:45:10.2168872+01:00" endTime="2024-01-09T15:45:10.2168872+01:00" testType="13cdc9d9-ddb5-4fa4-a97d-d965ccfc6d4b" outcome="Passed" testListId="8c84fa94-04c1-424b-9868-57a2d4851a1d" relativeResultsDirectory="403f67e1-e13e-498e-ace0-8a7ff3463d91" />
    <UnitTestResult executionId="8c7df331-d07b-4703-9be6-ea0e3dc8dbc5" testId="22da5cd8-03f6-97b3-3c65-60ed59c64218" testName="SearchFilterCategory_InOfflineMode_Success" computerName="DKSR-EFI-06" duration="00:00:00.0030033" startTime="2024-01-09T15:45:03.4824964+01:00" endTime="2024-01-09T15:45:03.4824964+01:00" testType="13cdc9d9-ddb5-4fa4-a97d-d965ccfc6d4b" outcome="Passed" testListId="8c84fa94-04c1-424b-9868-57a2d4851a1d" relativeResultsDirectory="8c7df331-d07b-4703-9be6-ea0e3dc8dbc5" />
    <UnitTestResult executionId="a72be97e-befc-434d-a71c-8d2eb847ef89" testId="c7855d04-038c-e744-028d-a6ea2c8a784b" testName="TestSearch_MyBookmarksDomainUser_Success" computerName="DKSR-EFI-06" duration="00:00:00.0975515" startTime="2024-01-09T15:45:12.6700126+01:00" endTime="2024-01-09T15:45:12.7637633+01:00" testType="13cdc9d9-ddb5-4fa4-a97d-d965ccfc6d4b" outcome="Passed" testListId="8c84fa94-04c1-424b-9868-57a2d4851a1d" relativeResultsDirectory="a72be97e-befc-434d-a71c-8d2eb847ef89" />
    <UnitTestResult executionId="7364c483-c15f-4769-af9f-e5c5496c14f6" testId="6f5b60fa-58ea-a202-9f0d-a270ad9b2216" testName="TestBookmarkSearchTimeOffline_Success (Description,Description2,1)" computerName="DKSR-EFI-06" duration="00:00:00.0003048" startTime="2024-01-09T15:45:10.5450125+01:00" endTime="2024-01-09T15:45:10.5450125+01:00" testType="13cdc9d9-ddb5-4fa4-a97d-d965ccfc6d4b" outcome="Passed" testListId="8c84fa94-04c1-424b-9868-57a2d4851a1d" relativeResultsDirectory="7364c483-c15f-4769-af9f-e5c5496c14f6" />
    <UnitTestResult executionId="fee28ac8-a84c-47e7-b329-534ccca33130" testId="984b7f3b-462d-04a2-9715-5c043bf5d6cd" testName="ValidateAndReturnDate_InvalidDates_Success" computerName="DKSR-EFI-06" duration="00:00:00.0009122" startTime="2024-01-09T15:45:10.1543832+01:00" endTime="2024-01-09T15:45:10.1543832+01:00" testType="13cdc9d9-ddb5-4fa4-a97d-d965ccfc6d4b" outcome="Passed" testListId="8c84fa94-04c1-424b-9868-57a2d4851a1d" relativeResultsDirectory="fee28ac8-a84c-47e7-b329-534ccca33130" />
    <UnitTestResult executionId="21fedde5-8db8-4341-a603-9bb27190d07d" testId="ae6fd0d2-b943-efb2-7588-a6addd5196f7" testName="Search_SmartSearch_OneCamera_ThrowsException_Success" computerName="DKSR-EFI-06" duration="00:00:00.1604168" startTime="2024-01-09T15:45:07.8106327+01:00" endTime="2024-01-09T15:45:07.9825065+01:00" testType="13cdc9d9-ddb5-4fa4-a97d-d965ccfc6d4b" outcome="Passed" testListId="8c84fa94-04c1-424b-9868-57a2d4851a1d" relativeResultsDirectory="21fedde5-8db8-4341-a603-9bb27190d07d" />
    <UnitTestResult executionId="92951038-535e-4385-8a4e-63f827ac45f5" testId="3ae5e3c3-7373-f589-ce86-62eab1e6a6c7" testName="TestBookmarkSearchFromBookmarkOffline_Success (Header,header2,1)" computerName="DKSR-EFI-06" duration="00:00:00.0002902" startTime="2024-01-09T15:45:10.5762607+01:00" endTime="2024-01-09T15:45:10.5762607+01:00" testType="13cdc9d9-ddb5-4fa4-a97d-d965ccfc6d4b" outcome="Passed" testListId="8c84fa94-04c1-424b-9868-57a2d4851a1d" relativeResultsDirectory="92951038-535e-4385-8a4e-63f827ac45f5" />
    <UnitTestResult executionId="cf1a71ee-7f50-4b81-8e0e-2eea907a506c" testId="572e54f3-b152-f599-5a31-75375f3fc4ef" testName="ContainsTextSearchFilterValue_FallbackDisplayValue_Success" computerName="DKSR-EFI-06" duration="00:00:00.0003763" startTime="2024-01-09T15:45:17.0137757+01:00" endTime="2024-01-09T15:45:17.0294020+01:00" testType="13cdc9d9-ddb5-4fa4-a97d-d965ccfc6d4b" outcome="Passed" testListId="8c84fa94-04c1-424b-9868-57a2d4851a1d" relativeResultsDirectory="cf1a71ee-7f50-4b81-8e0e-2eea907a506c" />
    <UnitTestResult executionId="32fcd3ab-8791-4d09-91f6-5bda01af8b36" testId="7619ef0f-d7ac-7491-0268-f556f2ebd313" testName="GetFilterConfiguration_TextBoxFilterConfiguration_Success" computerName="DKSR-EFI-06" duration="00:00:00.0014469" startTime="2024-01-09T15:45:17.0137757+01:00" endTime="2024-01-09T15:45:17.0137757+01:00" testType="13cdc9d9-ddb5-4fa4-a97d-d965ccfc6d4b" outcome="Passed" testListId="8c84fa94-04c1-424b-9868-57a2d4851a1d" relativeResultsDirectory="32fcd3ab-8791-4d09-91f6-5bda01af8b36" />
    <UnitTestResult executionId="c4149e18-8f78-46e6-a6b5-a083f351e0c0" testId="f77b0e2e-2538-a690-5272-d6668625986e" testName="TestBookmarkSearchTimeOffline_IndependentOfCulture_Success (Header,ab,1,en-US)" computerName="DKSR-EFI-06" duration="00:00:00.0003591" startTime="2024-01-09T15:45:10.6231349+01:00" endTime="2024-01-09T15:45:10.6387597+01:00" testType="13cdc9d9-ddb5-4fa4-a97d-d965ccfc6d4b" outcome="Passed" testListId="8c84fa94-04c1-424b-9868-57a2d4851a1d" relativeResultsDirectory="c4149e18-8f78-46e6-a6b5-a083f351e0c0" />
    <UnitTestResult executionId="d2069ee6-7027-48fa-b3f8-649011727e60" testId="4136f4ae-081c-1983-eced-87962951310a" testName="TestBookmarkSearchFromBookmarkOffline_Success (Header,description,0)" computerName="DKSR-EFI-06" duration="00:00:00.0003117" startTime="2024-01-09T15:45:10.5918863+01:00" endTime="2024-01-09T15:45:10.5918863+01:00" testType="13cdc9d9-ddb5-4fa4-a97d-d965ccfc6d4b" outcome="Passed" testListId="8c84fa94-04c1-424b-9868-57a2d4851a1d" relativeResultsDirectory="d2069ee6-7027-48fa-b3f8-649011727e60" />
    <UnitTestResult executionId="930e8705-9b59-47f5-a473-97a94d5f240e" testId="fe80a837-3804-9b9d-e591-5eef4d7e3621" testName="TestSearch_OneCamera_Sort_NewestStartTime" computerName="DKSR-EFI-06" duration="00:00:00.4346219" startTime="2024-01-09T15:45:13.4356403+01:00" endTime="2024-01-09T15:45:13.8731410+01:00" testType="13cdc9d9-ddb5-4fa4-a97d-d965ccfc6d4b" outcome="Passed" testListId="8c84fa94-04c1-424b-9868-57a2d4851a1d" relativeResultsDirectory="930e8705-9b59-47f5-a473-97a94d5f240e" />
    <UnitTestResult executionId="c6e99dc8-ede1-490f-9641-302fb67d9744" testId="dc8345b6-58ea-c39d-f5b2-303b0ecc427a" testName="Name_UpdateUsingSetter_Success" computerName="DKSR-EFI-06" duration="00:00:00.0006127" startTime="2024-01-09T15:45:08.7168827+01:00" endTime="2024-01-09T15:45:08.7168827+01:00" testType="13cdc9d9-ddb5-4fa4-a97d-d965ccfc6d4b" outcome="Passed" testListId="8c84fa94-04c1-424b-9868-57a2d4851a1d" relativeResultsDirectory="c6e99dc8-ede1-490f-9641-302fb67d9744" />
    <UnitTestResult executionId="0678c4de-4129-4e18-ba45-e5356c49947d" testId="d35ac4e1-fc97-ed43-46ab-ea9e801bd082" testName="SearchCriteriaOnChanged_ItemAddedToScope_NoChangeFilterValue" computerName="DKSR-EFI-06" duration="00:00:00.0095163" startTime="2024-01-09T15:45:05.2637510+01:00" endTime="2024-01-09T15:45:05.2637510+01:00" testType="13cdc9d9-ddb5-4fa4-a97d-d965ccfc6d4b" outcome="Passed" testListId="8c84fa94-04c1-424b-9868-57a2d4851a1d" relativeResultsDirectory="0678c4de-4129-4e18-ba45-e5356c49947d" />
    <UnitTestResult executionId="37a56fa4-7b4a-4e4b-82cf-2cbcc7bab1e7" testId="6a7a067a-9a6b-d729-b6a4-15a72193671e" testName="Search_SmartSearch_TwoCamera_Succes" computerName="DKSR-EFI-06" duration="00:00:00.4439334" startTime="2024-01-09T15:45:06.2637563+01:00" endTime="2024-01-09T15:45:06.7012533+01:00" testType="13cdc9d9-ddb5-4fa4-a97d-d965ccfc6d4b" outcome="Passed" testListId="8c84fa94-04c1-424b-9868-57a2d4851a1d" relativeResultsDirectory="37a56fa4-7b4a-4e4b-82cf-2cbcc7bab1e7" />
    <UnitTestResult executionId="ae79f681-1626-4612-aa26-81d1d7decbd2" testId="9e0ee637-d21f-7cf2-38d0-d79373c6e4ab" testName="TestSearch_CancelBeforeFetchingData_Success" computerName="DKSR-EFI-06" duration="00:00:00.2965459" startTime="2024-01-09T15:45:11.3262574+01:00" endTime="2024-01-09T15:45:11.6231365+01:00" testType="13cdc9d9-ddb5-4fa4-a97d-d965ccfc6d4b" outcome="Passed" testListId="8c84fa94-04c1-424b-9868-57a2d4851a1d" relativeResultsDirectory="ae79f681-1626-4612-aa26-81d1d7decbd2" />
    <UnitTestResult executionId="a02f0a01-7bfa-44ea-9b0d-6325ec873864" testId="f8b420b5-122c-9ece-8984-d25470df9430" testName="ContainsTextSearchFilterValue_Deserialize_Success (SearchText\u001b1,SearchText,Header)" computerName="DKSR-EFI-06" duration="00:00:00.0000323" startTime="2024-01-09T15:45:17.0450256+01:00" endTime="2024-01-09T15:45:17.0450256+01:00" testType="13cdc9d9-ddb5-4fa4-a97d-d965ccfc6d4b" outcome="Passed" testListId="8c84fa94-04c1-424b-9868-57a2d4851a1d" relativeResultsDirectory="a02f0a01-7bfa-44ea-9b0d-6325ec873864" />
    <UnitTestResult executionId="e3b4c042-0c49-4d17-b2e9-ddae0f9ff856" testId="e3bd30a8-e686-fdff-5e63-d12be158bbda" testName="ResetValue_Success" computerName="DKSR-EFI-06" duration="00:00:00.0003082" startTime="2024-01-09T15:45:10.1700094+01:00" endTime="2024-01-09T15:45:10.1700094+01:00" testType="13cdc9d9-ddb5-4fa4-a97d-d965ccfc6d4b" outcome="Passed" testListId="8c84fa94-04c1-424b-9868-57a2d4851a1d" relativeResultsDirectory="e3b4c042-0c49-4d17-b2e9-ddae0f9ff856" />
    <UnitTestResult executionId="937fefb5-3783-4bb2-b240-1069a9f41a3b" testId="f746dd2e-2782-72e8-9cb9-e375ae572d33" testName="TestBookmarkSearchFromBookmarkOffline_IndependentOfCulture_Success (Description,aacC,1,en-US)" computerName="DKSR-EFI-06" duration="00:00:00.0002973" startTime="2024-01-09T15:45:10.6700095+01:00" endTime="2024-01-09T15:45:10.6700095+01:00" testType="13cdc9d9-ddb5-4fa4-a97d-d965ccfc6d4b" outcome="Passed" testListId="8c84fa94-04c1-424b-9868-57a2d4851a1d" relativeResultsDirectory="937fefb5-3783-4bb2-b240-1069a9f41a3b" />
    <UnitTestResult executionId="30874ffa-9f03-4b4b-b37d-ed1e874d7c86" testId="34087a4d-85dc-7db7-7604-795e66207d46" testName="TestBookmarkSearchTimeOffline_Success (Description,header,0)" computerName="DKSR-EFI-06" duration="00:00:00.0002978" startTime="2024-01-09T15:45:10.5606355+01:00" endTime="2024-01-09T15:45:10.5606355+01:00" testType="13cdc9d9-ddb5-4fa4-a97d-d965ccfc6d4b" outcome="Passed" testListId="8c84fa94-04c1-424b-9868-57a2d4851a1d" relativeResultsDirectory="30874ffa-9f03-4b4b-b37d-ed1e874d7c86" />
    <UnitTestResult executionId="afb1c858-8901-455a-9eb3-c06a056a2d27" testId="82ec1d41-eead-75ff-e2bc-ac7ca0101ae4" testName="TestBookmarkSearchTimeOffline_Success (Header,header1,1)" computerName="DKSR-EFI-06" duration="00:00:00.0003095" startTime="2024-01-09T15:45:10.5137601+01:00" endTime="2024-01-09T15:45:10.5137601+01:00" testType="13cdc9d9-ddb5-4fa4-a97d-d965ccfc6d4b" outcome="Passed" testListId="8c84fa94-04c1-424b-9868-57a2d4851a1d" relativeResultsDirectory="afb1c858-8901-455a-9eb3-c06a056a2d27" />
    <UnitTestResult executionId="817e83fa-0d9d-46b8-8989-96875175c10e" testId="0aa04503-a1ca-b66c-07be-a89d0e4dd97d" testName="TestBookmarkSearchTimeOffline_Success (Description,Description,2)" computerName="DKSR-EFI-06" duration="00:00:00.0002907" startTime="2024-01-09T15:45:10.5606355+01:00" endTime="2024-01-09T15:45:10.5606355+01:00" testType="13cdc9d9-ddb5-4fa4-a97d-d965ccfc6d4b" outcome="Passed" testListId="8c84fa94-04c1-424b-9868-57a2d4851a1d" relativeResultsDirectory="817e83fa-0d9d-46b8-8989-96875175c10e" />
    <UnitTestResult executionId="88e98e7b-4eab-460f-b7c2-ae28927765df" testId="1894d563-f117-bf6e-51e6-a4d752948cb2" testName="TestSearch_ContainsText_Success" computerName="DKSR-EFI-06" duration="00:00:00.1643245" startTime="2024-01-09T15:45:12.3263200+01:00" endTime="2024-01-09T15:45:12.4825134+01:00" testType="13cdc9d9-ddb5-4fa4-a97d-d965ccfc6d4b" outcome="Passed" testListId="8c84fa94-04c1-424b-9868-57a2d4851a1d" relativeResultsDirectory="88e98e7b-4eab-460f-b7c2-ae28927765df" />
    <UnitTestResult executionId="a51825d8-6279-4374-b899-3690f04c8c60" testId="bcfefae3-d8e8-f0bf-2120-4a0879198b1b" testName="ResetValue_Success" computerName="DKSR-EFI-06" duration="00:00:00.0001762" startTime="2024-01-09T15:45:17.0762768+01:00" endTime="2024-01-09T15:45:17.0762768+01:00" testType="13cdc9d9-ddb5-4fa4-a97d-d965ccfc6d4b" outcome="Passed" testListId="8c84fa94-04c1-424b-9868-57a2d4851a1d" relativeResultsDirectory="a51825d8-6279-4374-b899-3690f04c8c60" />
    <UnitTestResult executionId="e890fed9-2ee5-408a-8f44-dfcbc41a812d" testId="ab31206c-1e10-7532-1d31-6ca2634936af" testName="TestBookmarkSearchFromBookmarkOffline_Success (Description,Description1,1)" computerName="DKSR-EFI-06" duration="00:00:00.0002980" startTime="2024-01-09T15:45:10.5918863+01:00" endTime="2024-01-09T15:45:10.5918863+01:00" testType="13cdc9d9-ddb5-4fa4-a97d-d965ccfc6d4b" outcome="Passed" testListId="8c84fa94-04c1-424b-9868-57a2d4851a1d" relativeResultsDirectory="e890fed9-2ee5-408a-8f44-dfcbc41a812d" />
    <UnitTestResult executionId="9786b7b4-e157-4a15-a4d2-ab97f359e59f" testId="ea20218b-3f04-b724-ea26-ea2349f97f76" testName="TestSearch_TwoCameras_WithPermissionForNone_Success" computerName="DKSR-EFI-06" duration="00:00:00.0139966" startTime="2024-01-09T15:45:04.4200571+01:00" endTime="2024-01-09T15:45:04.4356247+01:00" testType="13cdc9d9-ddb5-4fa4-a97d-d965ccfc6d4b" outcome="Passed" testListId="8c84fa94-04c1-424b-9868-57a2d4851a1d" relativeResultsDirectory="9786b7b4-e157-4a15-a4d2-ab97f359e59f" />
    <UnitTestResult executionId="7a0ce82b-591a-4d24-b7ea-a1604ad10de4" testId="3d966ca3-faea-fda1-7281-d4e1c1b333d0" testName="TestBookmarkSearchFromBookmarkOffline_IndependentOfCulture_Success (Description,ac,1,da-DK)" computerName="DKSR-EFI-06" duration="00:00:00.0002734" startTime="2024-01-09T15:45:10.7012588+01:00" endTime="2024-01-09T15:45:10.7012588+01:00" testType="13cdc9d9-ddb5-4fa4-a97d-d965ccfc6d4b" outcome="Passed" testListId="8c84fa94-04c1-424b-9868-57a2d4851a1d" relativeResultsDirectory="7a0ce82b-591a-4d24-b7ea-a1604ad10de4" />
    <UnitTestResult executionId="467a7413-01e3-4787-9ca7-19f2e6fe2a18" testId="16b5250d-e1db-deaa-ad64-2edadf1dbe61" testName="Search_SmartSearch_DateTimeMinValueResult_ArgumentOutOfRangeException_Succes" computerName="DKSR-EFI-06" duration="00:00:00.0788008" startTime="2024-01-09T15:45:07.0606317+01:00" endTime="2024-01-09T15:45:07.1543804+01:00" testType="13cdc9d9-ddb5-4fa4-a97d-d965ccfc6d4b" outcome="Passed" testListId="8c84fa94-04c1-424b-9868-57a2d4851a1d" relativeResultsDirectory="467a7413-01e3-4787-9ca7-19f2e6fe2a18" />
    <UnitTestResult executionId="24b3dbe1-576e-46d8-9b47-5af4ffe1fa63" testId="09a85839-15f4-07cf-5349-f96f9cad71cd" testName="TestBookmarkSearchFromBookmarkOffline_Success (Description,Description2,1)" computerName="DKSR-EFI-06" duration="00:00:00.0003131" startTime="2024-01-09T15:45:10.6075093+01:00" endTime="2024-01-09T15:45:10.6075093+01:00" testType="13cdc9d9-ddb5-4fa4-a97d-d965ccfc6d4b" outcome="Passed" testListId="8c84fa94-04c1-424b-9868-57a2d4851a1d" relativeResultsDirectory="24b3dbe1-576e-46d8-9b47-5af4ffe1fa63" />
    <UnitTestResult executionId="ad3c0af4-2d71-4b2f-a4d0-11639ed7c8e7" testId="5617f060-b2e6-00b6-dd49-b1b7a3d7c56a" testName="GetDisplayValue_UnknownFilterValue_ReturnsFallbackValue" computerName="DKSR-EFI-06" duration="00:00:00.0117425" startTime="2024-01-09T15:45:10.1700094+01:00" endTime="2024-01-09T15:45:10.1856627+01:00" testType="13cdc9d9-ddb5-4fa4-a97d-d965ccfc6d4b" outcome="Passed" testListId="8c84fa94-04c1-424b-9868-57a2d4851a1d" relativeResultsDirectory="ad3c0af4-2d71-4b2f-a4d0-11639ed7c8e7" />
    <UnitTestResult executionId="ae04b00d-605b-4ee5-b023-e57ee33dbac3" testId="f3999d39-1605-9e28-0084-317bb6709d2a" testName="TestBookmarkSearchTimeOffline_Success (Header,Header2,1)" computerName="DKSR-EFI-06" duration="00:00:00.0003227" startTime="2024-01-09T15:45:10.5137601+01:00" endTime="2024-01-09T15:45:10.5137601+01:00" testType="13cdc9d9-ddb5-4fa4-a97d-d965ccfc6d4b" outcome="Passed" testListId="8c84fa94-04c1-424b-9868-57a2d4851a1d" relativeResultsDirectory="ae04b00d-605b-4ee5-b023-e57ee33dbac3" />
    <UnitTestResult executionId="aa318cc2-2323-4801-8327-71ecdd2ab100" testId="e898caac-aa7d-2d31-d189-9fe94ecc0769" testName="TestBookmarkSearchFromBookmark_NullOptUsers_Failure" computerName="DKSR-EFI-06" duration="00:00:00.0005996" startTime="2024-01-09T15:45:10.2325111+01:00" endTime="2024-01-09T15:45:10.2325111+01:00" testType="13cdc9d9-ddb5-4fa4-a97d-d965ccfc6d4b" outcome="Passed" testListId="8c84fa94-04c1-424b-9868-57a2d4851a1d" relativeResultsDirectory="aa318cc2-2323-4801-8327-71ecdd2ab100" />
    <UnitTestResult executionId="95354a50-4240-4c90-930d-3f8c8e29b313" testId="ab802fa1-6da4-6694-3cce-70eae4cdbe29" testName="TestSearch_OneCamera_Success" computerName="DKSR-EFI-06" duration="00:00:00.1964083" startTime="2024-01-09T15:45:10.7950091+01:00" endTime="2024-01-09T15:45:10.9981339+01:00" testType="13cdc9d9-ddb5-4fa4-a97d-d965ccfc6d4b" outcome="Passed" testListId="8c84fa94-04c1-424b-9868-57a2d4851a1d" relativeResultsDirectory="95354a50-4240-4c90-930d-3f8c8e29b313" />
    <UnitTestResult executionId="de0cc0e7-af3b-44d0-9401-0375df447a55" testId="343bb754-8bda-f08e-bbed-0149e7be2e56" testName="Close_InitNotCalled_DoesNotCrash" computerName="DKSR-EFI-06" duration="00:00:00.0004767" startTime="2024-01-09T15:45:03.4981209+01:00" endTime="2024-01-09T15:45:03.4981209+01:00" testType="13cdc9d9-ddb5-4fa4-a97d-d965ccfc6d4b" outcome="Passed" testListId="8c84fa94-04c1-424b-9868-57a2d4851a1d" relativeResultsDirectory="de0cc0e7-af3b-44d0-9401-0375df447a55" />
    <UnitTestResult executionId="03dece27-89b4-4f37-b737-eb360e82c28e" testId="420d59f0-e48b-c560-7046-7c49d5bf5334" testName="CreateSearchDefinition_Correct" computerName="DKSR-EFI-06" duration="00:00:00.0101099" startTime="2024-01-09T15:45:10.7325078+01:00" endTime="2024-01-09T15:45:10.7325078+01:00" testType="13cdc9d9-ddb5-4fa4-a97d-d965ccfc6d4b" outcome="Passed" testListId="8c84fa94-04c1-424b-9868-57a2d4851a1d" relativeResultsDirectory="03dece27-89b4-4f37-b737-eb360e82c28e" />
    <UnitTestResult executionId="28c3b0b8-7769-4bcb-8994-cf3d4f1a999b" testId="f1ab6235-d6a0-b44c-24db-77d65f71e8ea" testName="SearchFilterCategory_Success" computerName="DKSR-EFI-06" duration="00:00:00.0013468" startTime="2024-01-09T15:45:03.4824964+01:00" endTime="2024-01-09T15:45:03.4824964+01:00" testType="13cdc9d9-ddb5-4fa4-a97d-d965ccfc6d4b" outcome="Passed" testListId="8c84fa94-04c1-424b-9868-57a2d4851a1d" relativeResultsDirectory="28c3b0b8-7769-4bcb-8994-cf3d4f1a999b" />
    <UnitTestResult executionId="ddc2ce2d-2307-48fd-b8f4-3d1fd0d5ddc6" testId="936e7632-bce5-4391-b913-42310dd31f48" testName="GetDisplayValue_SmartSearchFilter_OneSelection_Success" computerName="DKSR-EFI-06" duration="00:00:00.0004553" startTime="2024-01-09T15:45:10.1856627+01:00" endTime="2024-01-09T15:45:10.1856627+01:00" testType="13cdc9d9-ddb5-4fa4-a97d-d965ccfc6d4b" outcome="Passed" testListId="8c84fa94-04c1-424b-9868-57a2d4851a1d" relativeResultsDirectory="ddc2ce2d-2307-48fd-b8f4-3d1fd0d5ddc6" />
    <UnitTestResult executionId="bd02ed2c-2714-416b-90d4-694e32544922" testId="89399c33-f7d1-bae1-9547-575f32fca784" testName="ExcludeFromAboutBox_True" computerName="DKSR-EFI-06" duration="00:00:00.0037262" startTime="2024-01-09T15:45:03.0762459+01:00" endTime="2024-01-09T15:45:03.0762459+01:00" testType="13cdc9d9-ddb5-4fa4-a97d-d965ccfc6d4b" outcome="Passed" testListId="8c84fa94-04c1-424b-9868-57a2d4851a1d" relativeResultsDirectory="bd02ed2c-2714-416b-90d4-694e32544922" />
    <UnitTestResult executionId="f4c39e74-e12f-4352-a803-e0b538642c63" testId="6fd002ca-9ad1-8064-3fc7-072ab0a85096" testName="ContainsTextSearchFilterValue_Serialize_Success (SearchText,Header,SearchText\u001b1)" computerName="DKSR-EFI-06" duration="00:00:00.0000109" startTime="2024-01-09T15:45:17.0294020+01:00" endTime="2024-01-09T15:45:17.0294020+01:00" testType="13cdc9d9-ddb5-4fa4-a97d-d965ccfc6d4b" outcome="Passed" testListId="8c84fa94-04c1-424b-9868-57a2d4851a1d" relativeResultsDirectory="f4c39e74-e12f-4352-a803-e0b538642c63" />
    <UnitTestResult executionId="07985323-38b6-4adc-9451-4c940ab570f9" testId="ebe17504-cfb9-adbb-b2bb-91b20df296d7" testName="TestSearch_TwoCameras_WithPermissionForNone_Success" computerName="DKSR-EFI-06" duration="00:00:00.0105903" startTime="2024-01-09T15:45:09.2950062+01:00" endTime="2024-01-09T15:45:09.3106336+01:00" testType="13cdc9d9-ddb5-4fa4-a97d-d965ccfc6d4b" outcome="Passed" testListId="8c84fa94-04c1-424b-9868-57a2d4851a1d" relativeResultsDirectory="07985323-38b6-4adc-9451-4c940ab570f9" />
    <UnitTestResult executionId="e87bd226-f26b-4396-a9a1-2973a40cc89c" testId="15349b42-9454-d81c-681e-ecae9c155ede" testName="TestBookmarkSearchFromBookmarkOffline_Success (Description,Header,0)" computerName="DKSR-EFI-06" duration="00:00:00.0002927" startTime="2024-01-09T15:45:10.6075093+01:00" endTime="2024-01-09T15:45:10.6075093+01:00" testType="13cdc9d9-ddb5-4fa4-a97d-d965ccfc6d4b" outcome="Passed" testListId="8c84fa94-04c1-424b-9868-57a2d4851a1d" relativeResultsDirectory="e87bd226-f26b-4396-a9a1-2973a40cc89c" />
    <UnitTestResult executionId="e01d52aa-e49e-42d4-b28a-8343519ed93f" testId="2efdc011-d00a-41d4-13ee-a37e136e0257" testName="TestBookmarkSearchTimeOffline_IndependentOfCulture_Success (Description,aacc,1,da-DK)" computerName="DKSR-EFI-06" duration="00:00:00.0003316" startTime="2024-01-09T15:45:10.6543833+01:00" endTime="2024-01-09T15:45:10.6543833+01:00" testType="13cdc9d9-ddb5-4fa4-a97d-d965ccfc6d4b" outcome="Passed" testListId="8c84fa94-04c1-424b-9868-57a2d4851a1d" relativeResultsDirectory="e01d52aa-e49e-42d4-b28a-8343519ed93f" />
    <UnitTestResult executionId="22dcb71f-557d-463c-b16a-73bfb2425063" testId="b71e13a0-14a1-8e9f-fb75-1aa8cbdccad1" testName="Id_UpdateUsingSetter_Success" computerName="DKSR-EFI-06" duration="00:00:00.0006427" startTime="2024-01-09T15:45:08.7168827+01:00" endTime="2024-01-09T15:45:08.7168827+01:00" testType="13cdc9d9-ddb5-4fa4-a97d-d965ccfc6d4b" outcome="Passed" testListId="8c84fa94-04c1-424b-9868-57a2d4851a1d" relativeResultsDirectory="22dcb71f-557d-463c-b16a-73bfb2425063" />
    <UnitTestResult executionId="66f87903-6c8d-48b7-b2a3-2903db00039f" testId="f11c43ed-5149-d336-fe41-6a5cabc9959b" testName="Search_SmartSearch_TwoCamera_PermissionForNone_Succes" computerName="DKSR-EFI-06" duration="00:00:00.0240224" startTime="2024-01-09T15:45:06.9043795+01:00" endTime="2024-01-09T15:45:06.9200785+01:00" testType="13cdc9d9-ddb5-4fa4-a97d-d965ccfc6d4b" outcome="Passed" testListId="8c84fa94-04c1-424b-9868-57a2d4851a1d" relativeResultsDirectory="66f87903-6c8d-48b7-b2a3-2903db00039f" />
    <UnitTestResult executionId="5574d72f-1e6f-4f91-b1e5-a6a64de644e8" testId="64cb916a-1712-20ba-bd31-bf4729a51d4c" testName="Search_SmartSearch_TwoCamera_SortOrder_NewestEventTime_Success" computerName="DKSR-EFI-06" duration="00:00:00.1507958" startTime="2024-01-09T15:45:07.9981327+01:00" endTime="2024-01-09T15:45:08.1387567+01:00" testType="13cdc9d9-ddb5-4fa4-a97d-d965ccfc6d4b" outcome="Passed" testListId="8c84fa94-04c1-424b-9868-57a2d4851a1d" relativeResultsDirectory="5574d72f-1e6f-4f91-b1e5-a6a64de644e8" />
    <UnitTestResult executionId="cf08e87b-a679-4b8e-95df-270e1aaf522b" testId="8c710673-cd9c-99dd-4db1-e005a42dbb88" testName="ContainsTextSearchFilterValue_Deserialize_Failure (SearchText\u001b0\u001b)" computerName="DKSR-EFI-06" duration="00:00:00.0000063" startTime="2024-01-09T15:45:17.0606501+01:00" endTime="2024-01-09T15:45:17.0606501+01:00" testType="13cdc9d9-ddb5-4fa4-a97d-d965ccfc6d4b" outcome="Passed" testListId="8c84fa94-04c1-424b-9868-57a2d4851a1d" relativeResultsDirectory="cf08e87b-a679-4b8e-95df-270e1aaf522b" />
    <UnitTestResult executionId="85747582-de37-4f17-abcb-877b9dbc60b2" testId="d60a4d5b-b6b9-8daa-b3b5-e1c9805a5097" testName="TestConstructor_NullSearchScope_Failure" computerName="DKSR-EFI-06" duration="00:00:00.0169995" startTime="2024-01-09T15:45:10.7481324+01:00" endTime="2024-01-09T15:45:10.7637603+01:00" testType="13cdc9d9-ddb5-4fa4-a97d-d965ccfc6d4b" outcome="Passed" testListId="8c84fa94-04c1-424b-9868-57a2d4851a1d" relativeResultsDirectory="85747582-de37-4f17-abcb-877b9dbc60b2" />
    <UnitTestResult executionId="ee7a0c75-5926-4a4b-a2f9-94ea5f4784a2" testId="ca047baf-98cc-aec1-e565-fa895209d37d" testName="ContainsTextSearchFilterValue_Deserialize_Success (\u001b2,,Description)" computerName="DKSR-EFI-06" duration="00:00:00.0000084" startTime="2024-01-09T15:45:17.0606501+01:00" endTime="2024-01-09T15:45:17.0606501+01:00" testType="13cdc9d9-ddb5-4fa4-a97d-d965ccfc6d4b" outcome="Passed" testListId="8c84fa94-04c1-424b-9868-57a2d4851a1d" relativeResultsDirectory="ee7a0c75-5926-4a4b-a2f9-94ea5f4784a2" />
    <UnitTestResult executionId="323a6843-209c-406b-a555-09e93ecccf2e" testId="5fbe8577-5f2c-807a-3664-4fcf5ba117b6" testName="TestBookmarkSearchFromBookmarkOffline_IndependentOfCulture_Success (Description,aacc,1,en-US)" computerName="DKSR-EFI-06" duration="00:00:00.0002966" startTime="2024-01-09T15:45:10.6700095+01:00" endTime="2024-01-09T15:45:10.6700095+01:00" testType="13cdc9d9-ddb5-4fa4-a97d-d965ccfc6d4b" outcome="Passed" testListId="8c84fa94-04c1-424b-9868-57a2d4851a1d" relativeResultsDirectory="323a6843-209c-406b-a555-09e93ecccf2e" />
    <UnitTestResult executionId="9d53095b-f2bf-4eac-b17c-bbb1e05fdd5a" testId="5c37478c-cf6a-ebcc-d9f0-d14c64e648d2" testName="TestBookmarkSearchTimeOffline_IndependentOfCulture_Success (Header,Aabb,1,en-US)" computerName="DKSR-EFI-06" duration="00:00:00.0003865" startTime="2024-01-09T15:45:10.6231349+01:00" endTime="2024-01-09T15:45:10.6231349+01:00" testType="13cdc9d9-ddb5-4fa4-a97d-d965ccfc6d4b" outcome="Passed" testListId="8c84fa94-04c1-424b-9868-57a2d4851a1d" relativeResultsDirectory="9d53095b-f2bf-4eac-b17c-bbb1e05fdd5a" />
    <UnitTestResult executionId="732366cd-cc7d-4072-b821-f76fa03ed0be" testId="3ba92aa6-9d6f-6ffe-f7a4-086152b226df" testName="TestSearch_CancelBeforeReturningData_Success" computerName="DKSR-EFI-06" duration="00:00:00.2215199" startTime="2024-01-09T15:45:09.3887588+01:00" endTime="2024-01-09T15:45:09.6075074+01:00" testType="13cdc9d9-ddb5-4fa4-a97d-d965ccfc6d4b" outcome="Passed" testListId="8c84fa94-04c1-424b-9868-57a2d4851a1d" relativeResultsDirectory="732366cd-cc7d-4072-b821-f76fa03ed0be" />
    <UnitTestResult executionId="44250948-2983-498b-b9a3-b5782fb6c397" testId="b2fd4b45-ed5b-2807-9015-5320b19934ae" testName="Search_SmartSearch_OneCamera_Succes" computerName="DKSR-EFI-06" duration="00:00:00.3303223" startTime="2024-01-09T15:45:05.2793751+01:00" endTime="2024-01-09T15:45:05.6075032+01:00" testType="13cdc9d9-ddb5-4fa4-a97d-d965ccfc6d4b" outcome="Passed" testListId="8c84fa94-04c1-424b-9868-57a2d4851a1d" relativeResultsDirectory="44250948-2983-498b-b9a3-b5782fb6c397" />
    <UnitTestResult executionId="20641e77-32bc-4152-ba64-21d4b6b0e522" testId="f217b768-4791-1294-81a1-f2729f36fe33" testName="TestBookmarkSearchFromBookmarkOffline_IndependentOfCulture_Success (Header,aabb,1,da-DK)" computerName="DKSR-EFI-06" duration="00:00:00.0003525" startTime="2024-01-09T15:45:10.6856335+01:00" endTime="2024-01-09T15:45:10.6856335+01:00" testType="13cdc9d9-ddb5-4fa4-a97d-d965ccfc6d4b" outcome="Passed" testListId="8c84fa94-04c1-424b-9868-57a2d4851a1d" relativeResultsDirectory="20641e77-32bc-4152-ba64-21d4b6b0e522" />
    <UnitTestResult executionId="f2fe12e3-44ad-4c1f-bc06-d80741680eba" testId="2ae95576-3bc8-ba6a-4b97-cbc4dd1d1bbd" testName="TestBookmarkSearchTimeOffline_Success (Header,Description,0)" computerName="DKSR-EFI-06" duration="00:00:00.0003179" startTime="2024-01-09T15:45:10.5450125+01:00" endTime="2024-01-09T15:45:10.5450125+01:00" testType="13cdc9d9-ddb5-4fa4-a97d-d965ccfc6d4b" outcome="Passed" testListId="8c84fa94-04c1-424b-9868-57a2d4851a1d" relativeResultsDirectory="f2fe12e3-44ad-4c1f-bc06-d80741680eba" />
    <UnitTestResult executionId="8ace6457-c342-435a-a1e9-f9f6afbd928b" testId="efe52087-59bf-af5f-1f71-4f1eef3fe76f" testName="TestBookmarkSearchTimeOffline_IndependentOfCulture_Success (Description,aacC,1,en-US)" computerName="DKSR-EFI-06" duration="00:00:00.0003381" startTime="2024-01-09T15:45:10.6387597+01:00" endTime="2024-01-09T15:45:10.6387597+01:00" testType="13cdc9d9-ddb5-4fa4-a97d-d965ccfc6d4b" outcome="Passed" testListId="8c84fa94-04c1-424b-9868-57a2d4851a1d" relativeResultsDirectory="8ace6457-c342-435a-a1e9-f9f6afbd928b" />
    <UnitTestResult executionId="367aa96a-f243-4393-a7b5-69602f6587e7" testId="ca5ea667-1dd5-60c7-6168-814e81af9a32" testName="TestSearch_ZeroCameras_Success" computerName="DKSR-EFI-06" duration="00:00:00.0044297" startTime="2024-01-09T15:45:03.6231224+01:00" endTime="2024-01-09T15:45:03.6231224+01:00" testType="13cdc9d9-ddb5-4fa4-a97d-d965ccfc6d4b" outcome="Passed" testListId="8c84fa94-04c1-424b-9868-57a2d4851a1d" relativeResultsDirectory="367aa96a-f243-4393-a7b5-69602f6587e7" />
    <UnitTestResult executionId="fd758981-1c23-4f8d-b6db-29b5235113f0" testId="7a7b6b8c-ca78-deab-db09-3f939236c132" testName="ContainsTextSearchFilterValue_Serialize_Success (SearchText,HeaderAndDescription,SearchText\u001b0)" computerName="DKSR-EFI-06" duration="00:00:00.0009320" startTime="2024-01-09T15:45:17.0294020+01:00" endTime="2024-01-09T15:45:17.0294020+01:00" testType="13cdc9d9-ddb5-4fa4-a97d-d965ccfc6d4b" outcome="Passed" testListId="8c84fa94-04c1-424b-9868-57a2d4851a1d" relativeResultsDirectory="fd758981-1c23-4f8d-b6db-29b5235113f0" />
    <UnitTestResult executionId="5b92b41d-8943-4c68-a594-8877de401ece" testId="aeafbb41-06a0-a3ac-5608-ee0640fa7ee4" testName="TestSearch_CamerasIsNull_NoResultsReceived" computerName="DKSR-EFI-06" duration="00:00:00.0107434" startTime="2024-01-09T15:45:10.7793833+01:00" endTime="2024-01-09T15:45:10.7793833+01:00" testType="13cdc9d9-ddb5-4fa4-a97d-d965ccfc6d4b" outcome="Passed" testListId="8c84fa94-04c1-424b-9868-57a2d4851a1d" relativeResultsDirectory="5b92b41d-8943-4c68-a594-8877de401ece" />
    <UnitTestResult executionId="14fdf2bb-b7e4-40f6-b740-f27102e0b73e" testId="68d8161a-4629-8534-38e3-aa7853200aee" testName="TestSearchCriteriaGet_Success" computerName="DKSR-EFI-06" duration="00:00:00.0003542" startTime="2024-01-09T15:45:09.9200084+01:00" endTime="2024-01-09T15:45:09.9200084+01:00" testType="13cdc9d9-ddb5-4fa4-a97d-d965ccfc6d4b" outcome="Passed" testListId="8c84fa94-04c1-424b-9868-57a2d4851a1d" relativeResultsDirectory="14fdf2bb-b7e4-40f6-b740-f27102e0b73e" />
    <UnitTestResult executionId="8467d24e-f529-4321-9fff-692f99809085" testId="d89b2898-c3fe-ef40-cfac-710c3817c4f3" testName="TestSearch_GetDataThrowsUnreachableServerException_Success" computerName="DKSR-EFI-06" duration="00:00:00.0431930" startTime="2024-01-09T15:45:09.8731332+01:00" endTime="2024-01-09T15:45:09.9043814+01:00" testType="13cdc9d9-ddb5-4fa4-a97d-d965ccfc6d4b" outcome="Passed" testListId="8c84fa94-04c1-424b-9868-57a2d4851a1d" relativeResultsDirectory="8467d24e-f529-4321-9fff-692f99809085" />
    <UnitTestResult executionId="51b0aa3b-529a-41ef-ab5c-de43a2669921" testId="8ec57f21-f4c0-9c3c-08cd-9f1c4521b5c2" testName="TestBookmarkSearchFromBookmark_Success (Header)" computerName="DKSR-EFI-06" duration="00:00:00.0003322" startTime="2024-01-09T15:45:10.4981329+01:00" endTime="2024-01-09T15:45:10.4981329+01:00" testType="13cdc9d9-ddb5-4fa4-a97d-d965ccfc6d4b" outcome="Passed" testListId="8c84fa94-04c1-424b-9868-57a2d4851a1d" relativeResultsDirectory="51b0aa3b-529a-41ef-ab5c-de43a2669921" />
    <UnitTestResult executionId="d768a291-a70c-4e5c-bfa7-da627849505e" testId="fe32ffe8-c8ef-abfd-3c05-88f3b9906c48" testName="TestBookmarkSearchTimeOffline_Success (Description,Header,0)" computerName="DKSR-EFI-06" duration="00:00:00.0005757" startTime="2024-01-09T15:45:10.5606355+01:00" endTime="2024-01-09T15:45:10.5606355+01:00" testType="13cdc9d9-ddb5-4fa4-a97d-d965ccfc6d4b" outcome="Passed" testListId="8c84fa94-04c1-424b-9868-57a2d4851a1d" relativeResultsDirectory="d768a291-a70c-4e5c-bfa7-da627849505e" />
    <UnitTestResult executionId="14220a41-5b0b-46a7-b334-4fed28c8aecc" testId="e4eac702-7752-03b3-ced9-a3e2c3af890f" testName="TestBookmarkSearchFromBookmarkOffline_Success (Description,description,2)" computerName="DKSR-EFI-06" duration="00:00:00.0002892" startTime="2024-01-09T15:45:10.6075093+01:00" endTime="2024-01-09T15:45:10.6075093+01:00" testType="13cdc9d9-ddb5-4fa4-a97d-d965ccfc6d4b" outcome="Passed" testListId="8c84fa94-04c1-424b-9868-57a2d4851a1d" relativeResultsDirectory="14220a41-5b0b-46a7-b334-4fed28c8aecc" />
    <UnitTestResult executionId="adff61b4-d768-4d4d-ba5b-9051703dc16c" testId="934f7e29-db7e-1bc3-8900-607c01200eaa" testName="Search_SmartSearch_TwoCamera_SortOrder_NewestStartTime_Success" computerName="DKSR-EFI-06" duration="00:00:00.1875413" startTime="2024-01-09T15:45:08.1387567+01:00" endTime="2024-01-09T15:45:08.3262566+01:00" testType="13cdc9d9-ddb5-4fa4-a97d-d965ccfc6d4b" outcome="Passed" testListId="8c84fa94-04c1-424b-9868-57a2d4851a1d" relativeResultsDirectory="adff61b4-d768-4d4d-ba5b-9051703dc16c" />
    <UnitTestResult executionId="ed4bf8ef-a689-4d6a-9acd-224630ec0e8f" testId="9bbe06ed-fd28-2e08-a1bd-cf8904b349ef" testName="TestBookmarkSearchTimeOffline_Success (Description,description2,1)" computerName="DKSR-EFI-06" duration="00:00:00.0003015" startTime="2024-01-09T15:45:10.5606355+01:00" endTime="2024-01-09T15:45:10.5606355+01:00" testType="13cdc9d9-ddb5-4fa4-a97d-d965ccfc6d4b" outcome="Passed" testListId="8c84fa94-04c1-424b-9868-57a2d4851a1d" relativeResultsDirectory="ed4bf8ef-a689-4d6a-9acd-224630ec0e8f" />
    <UnitTestResult executionId="8d8954f5-32bc-4087-8244-46882e3ed034" testId="970a9e08-32fc-89bf-0a27-e8fd6cec5bc8" testName="TestSearch_TwoCameras_Success" computerName="DKSR-EFI-06" duration="00:00:00.1691828" startTime="2024-01-09T15:45:08.8262567+01:00" endTime="2024-01-09T15:45:08.9981351+01:00" testType="13cdc9d9-ddb5-4fa4-a97d-d965ccfc6d4b" outcome="Passed" testListId="8c84fa94-04c1-424b-9868-57a2d4851a1d" relativeResultsDirectory="8d8954f5-32bc-4087-8244-46882e3ed034" />
    <UnitTestResult executionId="c96c5bbd-436e-4c73-8206-46df538515fa" testId="3876cecb-47a5-a266-e184-ca6569b81950" testName="TestBookmarkSearchTimeOffline_Success (Header,header,2)" computerName="DKSR-EFI-06" duration="00:00:00.0003468" startTime="2024-01-09T15:45:10.5293856+01:00" endTime="2024-01-09T15:45:10.5293856+01:00" testType="13cdc9d9-ddb5-4fa4-a97d-d965ccfc6d4b" outcome="Passed" testListId="8c84fa94-04c1-424b-9868-57a2d4851a1d" relativeResultsDirectory="c96c5bbd-436e-4c73-8206-46df538515fa" />
    <UnitTestResult executionId="75aed18e-019a-4aee-b0ee-4f1d076bee24" testId="51566ac1-d084-0dc7-7291-64bf03f15cdb" testName="TestSearch_BookmarkSearchTimeThrowsException_Success" computerName="DKSR-EFI-06" duration="00:00:00.1531934" startTime="2024-01-09T15:45:11.8575121+01:00" endTime="2024-01-09T15:45:12.0137622+01:00" testType="13cdc9d9-ddb5-4fa4-a97d-d965ccfc6d4b" outcome="Passed" testListId="8c84fa94-04c1-424b-9868-57a2d4851a1d" relativeResultsDirectory="75aed18e-019a-4aee-b0ee-4f1d076bee24" />
    <UnitTestResult executionId="f22f2cc0-4b52-4ff1-84ea-fdc0c5ad7b8d" testId="2087dc5f-7425-4be9-5eef-bb027642398b" testName="TestBookmarkSearchTimeOffline_Success (Header,Header1,1)" computerName="DKSR-EFI-06" duration="00:00:00.0040167" startTime="2024-01-09T15:45:10.4981329+01:00" endTime="2024-01-09T15:45:10.5137601+01:00" testType="13cdc9d9-ddb5-4fa4-a97d-d965ccfc6d4b" outcome="Passed" testListId="8c84fa94-04c1-424b-9868-57a2d4851a1d" relativeResultsDirectory="f22f2cc0-4b52-4ff1-84ea-fdc0c5ad7b8d" />
    <UnitTestResult executionId="63f35e0d-11f0-4d3a-818b-dae1bc883af0" testId="d54007dd-c7ce-195a-e99f-ef4464135f60" testName="GetDisplayValue_SmartSearchFilter_MultipleSelections_Success" computerName="DKSR-EFI-06" duration="00:00:00.0005282" startTime="2024-01-09T15:45:10.1856627+01:00" endTime="2024-01-09T15:45:10.1856627+01:00" testType="13cdc9d9-ddb5-4fa4-a97d-d965ccfc6d4b" outcome="Passed" testListId="8c84fa94-04c1-424b-9868-57a2d4851a1d" relativeResultsDirectory="63f35e0d-11f0-4d3a-818b-dae1bc883af0" />
    <UnitTestResult executionId="c7127831-5cc1-411d-a663-164d509f4dfd" testId="5d07552f-6eb9-18fd-5c63-8488d0aa99fe" testName="ExportManager_Correct" computerName="DKSR-EFI-06" duration="00:00:00.0017114" startTime="2024-01-09T15:45:03.4512473+01:00" endTime="2024-01-09T15:45:03.4512473+01:00" testType="13cdc9d9-ddb5-4fa4-a97d-d965ccfc6d4b" outcome="Passed" testListId="8c84fa94-04c1-424b-9868-57a2d4851a1d" relativeResultsDirectory="c7127831-5cc1-411d-a663-164d509f4dfd" />
    <UnitTestResult executionId="02238a1d-76f5-471f-afa9-bb253db225df" testId="03d44434-8b9d-74f4-0a8e-3833b172a5b5" testName="TestBookmarkSearchTime_NullFQIDs_Failure" computerName="DKSR-EFI-06" duration="00:00:00.0007179" startTime="2024-01-09T15:45:10.2168872+01:00" endTime="2024-01-09T15:45:10.2168872+01:00" testType="13cdc9d9-ddb5-4fa4-a97d-d965ccfc6d4b" outcome="Passed" testListId="8c84fa94-04c1-424b-9868-57a2d4851a1d" relativeResultsDirectory="02238a1d-76f5-471f-afa9-bb253db225df" />
    <UnitTestResult executionId="e6abbce4-d6fe-4cd0-88dd-46ed0c47a4fd" testId="c67237ad-536f-eb33-6366-f3c9e68c2a76" testName="Search_SmartSearch_OneCamera_StatusSearchInProgress_Succes" computerName="DKSR-EFI-06" duration="00:00:00.1352809" startTime="2024-01-09T15:45:07.5762534+01:00" endTime="2024-01-09T15:45:07.7168791+01:00" testType="13cdc9d9-ddb5-4fa4-a97d-d965ccfc6d4b" outcome="Passed" testListId="8c84fa94-04c1-424b-9868-57a2d4851a1d" relativeResultsDirectory="e6abbce4-d6fe-4cd0-88dd-46ed0c47a4fd" />
    <UnitTestResult executionId="bd746c41-509f-4ba3-9f87-9c5e2b37ba6d" testId="2ccaaa9b-a4b5-a017-a4ad-72840813c8ae" testName="GetFilterConfiguration_CheckBoxAttributeConfiguration_Success" computerName="DKSR-EFI-06" duration="00:00:00.0006957" startTime="2024-01-09T15:45:17.0606501+01:00" endTime="2024-01-09T15:45:17.0606501+01:00" testType="13cdc9d9-ddb5-4fa4-a97d-d965ccfc6d4b" outcome="Passed" testListId="8c84fa94-04c1-424b-9868-57a2d4851a1d" relativeResultsDirectory="bd746c41-509f-4ba3-9f87-9c5e2b37ba6d" />
    <UnitTestResult executionId="b87b0960-6f83-41ea-a5d3-d35295f9e295" testId="c174e80e-37ce-0483-6fae-7d4f1ca1b845" testName="ValidateAndReturnDate_ValidDates_Success" computerName="DKSR-EFI-06" duration="00:00:00.0031724" startTime="2024-01-09T15:45:10.1543832+01:00" endTime="2024-01-09T15:45:10.1543832+01:00" testType="13cdc9d9-ddb5-4fa4-a97d-d965ccfc6d4b" outcome="Passed" testListId="8c84fa94-04c1-424b-9868-57a2d4851a1d" relativeResultsDirectory="b87b0960-6f83-41ea-a5d3-d35295f9e295" />
    <UnitTestResult executionId="12f378ac-6dd2-4018-8b46-4df14745ab96" testId="69665c76-2b0a-57bd-f145-3fbce998b739" testName="TestSearch_GetDataThrowsException_Success" computerName="DKSR-EFI-06" duration="00:00:00.1066692" startTime="2024-01-09T15:45:09.7637575+01:00" endTime="2024-01-09T15:45:09.8731332+01:00" testType="13cdc9d9-ddb5-4fa4-a97d-d965ccfc6d4b" outcome="Passed" testListId="8c84fa94-04c1-424b-9868-57a2d4851a1d" relativeResultsDirectory="12f378ac-6dd2-4018-8b46-4df14745ab96" />
    <UnitTestResult executionId="2262fc73-a232-4d2b-9e6f-d52d372835e8" testId="d5351b42-7594-046b-a8b5-d7ce8e9c63bb" testName="TestBookmarkSearchTimeOffline_IndependentOfCulture_Success (Header,aabb,1,en-US)" computerName="DKSR-EFI-06" duration="00:00:00.0058242" startTime="2024-01-09T15:45:10.6231349+01:00" endTime="2024-01-09T15:45:10.6231349+01:00" testType="13cdc9d9-ddb5-4fa4-a97d-d965ccfc6d4b" outcome="Passed" testListId="8c84fa94-04c1-424b-9868-57a2d4851a1d" relativeResultsDirectory="2262fc73-a232-4d2b-9e6f-d52d372835e8" />
    <UnitTestResult executionId="01653ec1-a242-44a4-b888-c95de37aa78c" testId="638c2fbe-4289-bae6-e303-949a80b10846" testName="TestBookmarkSearchFromBookmark_NullOptSearchStr_Success" computerName="DKSR-EFI-06" duration="00:00:00.0012004" startTime="2024-01-09T15:45:10.7012588+01:00" endTime="2024-01-09T15:45:10.7012588+01:00" testType="13cdc9d9-ddb5-4fa4-a97d-d965ccfc6d4b" outcome="Passed" testListId="8c84fa94-04c1-424b-9868-57a2d4851a1d" relativeResultsDirectory="01653ec1-a242-44a4-b888-c95de37aa78c" />
    <UnitTestResult executionId="4bffeb94-ce58-40f9-b7fc-e6d6d06642a2" testId="14603dcb-956c-11d2-7b22-b8e103c6624f" testName="ContainsTextSearchFilterValue_Deserialize_Success (SearchText\u001b0,SearchText,HeaderAndDescription)" computerName="DKSR-EFI-06" duration="00:00:00.0036379" startTime="2024-01-09T15:45:17.0450256+01:00" endTime="2024-01-09T15:45:17.0450256+01:00" testType="13cdc9d9-ddb5-4fa4-a97d-d965ccfc6d4b" outcome="Passed" testListId="8c84fa94-04c1-424b-9868-57a2d4851a1d" relativeResultsDirectory="4bffeb94-ce58-40f9-b7fc-e6d6d06642a2" />
    <UnitTestResult executionId="391e5abc-af25-41c4-a3fa-eff96a0a812d" testId="c50db5fe-bcfd-0ddf-d45f-a408f3f215b1" testName="CreateSearchResultData_SearchResultConfiguration_SuppliedSuccessfully" computerName="DKSR-EFI-06" duration="00:00:00.2170805" startTime="2024-01-09T15:45:12.7637633+01:00" endTime="2024-01-09T15:45:12.9825148+01:00" testType="13cdc9d9-ddb5-4fa4-a97d-d965ccfc6d4b" outcome="Passed" testListId="8c84fa94-04c1-424b-9868-57a2d4851a1d" relativeResultsDirectory="391e5abc-af25-41c4-a3fa-eff96a0a812d" />
    <UnitTestResult executionId="43a7d438-b2d9-473a-a6b3-e64f6a3a9852" testId="dfe18994-d74c-9f7a-2411-3a7c3a0170a2" testName="TestBookmarkSearchFromBookmarkOffline_Success (Description,description1,1)" computerName="DKSR-EFI-06" duration="00:00:00.0003114" startTime="2024-01-09T15:45:10.5918863+01:00" endTime="2024-01-09T15:45:10.5918863+01:00" testType="13cdc9d9-ddb5-4fa4-a97d-d965ccfc6d4b" outcome="Passed" testListId="8c84fa94-04c1-424b-9868-57a2d4851a1d" relativeResultsDirectory="43a7d438-b2d9-473a-a6b3-e64f6a3a9852" />
    <UnitTestResult executionId="09f25e85-f7a6-41bd-89bc-e4981e6d8782" testId="b015c8c4-185e-1b8d-1772-14d7983a5bd8" testName="ContainsTextSearchFilterValue_Deserialize_Success (SearchText\u001b2,SearchText,Description)" computerName="DKSR-EFI-06" duration="00:00:00.0000089" startTime="2024-01-09T15:45:17.0450256+01:00" endTime="2024-01-09T15:45:17.0450256+01:00" testType="13cdc9d9-ddb5-4fa4-a97d-d965ccfc6d4b" outcome="Passed" testListId="8c84fa94-04c1-424b-9868-57a2d4851a1d" relativeResultsDirectory="09f25e85-f7a6-41bd-89bc-e4981e6d8782" />
    <UnitTestResult executionId="f8eca94b-8d62-47b3-986a-ac6f7e8926a0" testId="8fc8125e-05cf-5418-5779-e12882833409" testName="Name_Correct" computerName="DKSR-EFI-06" duration="00:00:00.0062177" startTime="2024-01-09T15:45:10.7168818+01:00" endTime="2024-01-09T15:45:10.7168818+01:00" testType="13cdc9d9-ddb5-4fa4-a97d-d965ccfc6d4b" outcome="Passed" testListId="8c84fa94-04c1-424b-9868-57a2d4851a1d" relativeResultsDirectory="f8eca94b-8d62-47b3-986a-ac6f7e8926a0" />
    <UnitTestResult executionId="22dfe11e-b099-4aae-80cf-d6040023b565" testId="a16200be-dcc1-65bb-1317-8364e0a77c61" testName="TestSearch_OneCamera_AscendingSortOrder_Success" computerName="DKSR-EFI-06" duration="00:00:00.1331698" startTime="2024-01-09T15:45:10.0137576+01:00" endTime="2024-01-09T15:45:10.1543832+01:00" testType="13cdc9d9-ddb5-4fa4-a97d-d965ccfc6d4b" outcome="Passed" testListId="8c84fa94-04c1-424b-9868-57a2d4851a1d" relativeResultsDirectory="22dfe11e-b099-4aae-80cf-d6040023b565" />
    <UnitTestResult executionId="84f49aae-e12d-41fd-8744-64cb021d5931" testId="2a5dcd93-1555-32e6-c7f8-5ad420236e12" testName="TestSearch_ZeroCameras_Success" computerName="DKSR-EFI-06" duration="00:00:00.0033324" startTime="2024-01-09T15:45:10.7950091+01:00" endTime="2024-01-09T15:45:10.7950091+01:00" testType="13cdc9d9-ddb5-4fa4-a97d-d965ccfc6d4b" outcome="Passed" testListId="8c84fa94-04c1-424b-9868-57a2d4851a1d" relativeResultsDirectory="84f49aae-e12d-41fd-8744-64cb021d5931" />
    <UnitTestResult executionId="56a68a98-5787-4a32-9ebe-7e3e65d5bd4d" testId="eea4a290-3ace-93f4-45b0-8fa8bf716454" testName="IncludeInExport_Correct" computerName="DKSR-EFI-06" duration="00:00:00.0035610" startTime="2024-01-09T15:45:03.4356222+01:00" endTime="2024-01-09T15:45:03.4356222+01:00" testType="13cdc9d9-ddb5-4fa4-a97d-d965ccfc6d4b" outcome="Passed" testListId="8c84fa94-04c1-424b-9868-57a2d4851a1d" relativeResultsDirectory="56a68a98-5787-4a32-9ebe-7e3e65d5bd4d" />
    <UnitTestResult executionId="76d3179c-314f-44d3-b4ba-3d28adc4fced" testId="452274bd-04a6-cd35-60d0-f69d87728b57" testName="Search_SmartSearch_SearchCancelled_Succes" computerName="DKSR-EFI-06" duration="00:00:00.1296768" startTime="2024-01-09T15:45:07.1543804+01:00" endTime="2024-01-09T15:45:07.2793792+01:00" testType="13cdc9d9-ddb5-4fa4-a97d-d965ccfc6d4b" outcome="Passed" testListId="8c84fa94-04c1-424b-9868-57a2d4851a1d" relativeResultsDirectory="76d3179c-314f-44d3-b4ba-3d28adc4fced" />
    <UnitTestResult executionId="31eaeb8f-8585-4f1e-b9f0-e164e8db2ace" testId="e4c39f56-cb2c-e778-0e07-9c127953b822" testName="Close_InitNotCalled_DoesNotCrash" computerName="DKSR-EFI-06" duration="00:00:00.0003959" startTime="2024-01-09T15:45:10.7481324+01:00" endTime="2024-01-09T15:45:10.7481324+01:00" testType="13cdc9d9-ddb5-4fa4-a97d-d965ccfc6d4b" outcome="Passed" testListId="8c84fa94-04c1-424b-9868-57a2d4851a1d" relativeResultsDirectory="31eaeb8f-8585-4f1e-b9f0-e164e8db2ace" />
    <UnitTestResult executionId="9476569f-3351-4f79-8308-f6472f734524" testId="2cd46c11-d0a4-b3be-c2bb-84dbf9fe56b6" testName="TestSearch_CancelBeforeReturningData_Success" computerName="DKSR-EFI-06" duration="00:00:00.1230369" startTime="2024-01-09T15:45:04.5762522+01:00" endTime="2024-01-09T15:45:04.7012510+01:00" testType="13cdc9d9-ddb5-4fa4-a97d-d965ccfc6d4b" outcome="Passed" testListId="8c84fa94-04c1-424b-9868-57a2d4851a1d" relativeResultsDirectory="9476569f-3351-4f79-8308-f6472f734524" />
    <UnitTestResult executionId="0ba97cc1-8f97-47a0-8a7e-f91ef7d4e4a9" testId="45e746a1-2988-5020-3c5a-e0789a2960d2" testName="TestSearch_GetDataThrowsUnreachableServerException_Success" computerName="DKSR-EFI-06" duration="00:00:00.2240251" startTime="2024-01-09T15:45:05.0293752+01:00" endTime="2024-01-09T15:45:05.2481271+01:00" testType="13cdc9d9-ddb5-4fa4-a97d-d965ccfc6d4b" outcome="Passed" testListId="8c84fa94-04c1-424b-9868-57a2d4851a1d" relativeResultsDirectory="0ba97cc1-8f97-47a0-8a7e-f91ef7d4e4a9" />
    <UnitTestResult executionId="1d04fc44-c6da-4c4b-8ff6-02f456d5a243" testId="a24b15b5-e398-f881-47c9-53dc5a2e31b9" testName="TestBookmarkSearchTimeOffline_IndependentOfCulture_Success (Description,aacc,1,en-US)" computerName="DKSR-EFI-06" duration="00:00:00.0003251" startTime="2024-01-09T15:45:10.6387597+01:00" endTime="2024-01-09T15:45:10.6387597+01:00" testType="13cdc9d9-ddb5-4fa4-a97d-d965ccfc6d4b" outcome="Passed" testListId="8c84fa94-04c1-424b-9868-57a2d4851a1d" relativeResultsDirectory="1d04fc44-c6da-4c4b-8ff6-02f456d5a243" />
    <UnitTestResult executionId="849b8542-a6e6-4755-b183-100972463b27" testId="b52ed4f3-c1a9-903e-6e94-50d140b4bd4f" testName="TestSearch_ZeroCameras_Success" computerName="DKSR-EFI-06" duration="00:00:00.0035354" startTime="2024-01-09T15:45:08.7481312+01:00" endTime="2024-01-09T15:45:08.7481312+01:00" testType="13cdc9d9-ddb5-4fa4-a97d-d965ccfc6d4b" outcome="Passed" testListId="8c84fa94-04c1-424b-9868-57a2d4851a1d" relativeResultsDirectory="849b8542-a6e6-4755-b183-100972463b27" />
    <UnitTestResult executionId="85592df4-c0c1-47e9-add4-9c80a9661c6e" testId="5158fd11-0a17-66e1-79c8-fe9c51c02c60" testName="TestBookmarkSearchFromBookmarkOffline_IndependentOfCulture_Success (Description,ac,1,en-US)" computerName="DKSR-EFI-06" duration="00:00:00.0003025" startTime="2024-01-09T15:45:10.6856335+01:00" endTime="2024-01-09T15:45:10.6856335+01:00" testType="13cdc9d9-ddb5-4fa4-a97d-d965ccfc6d4b" outcome="Passed" testListId="8c84fa94-04c1-424b-9868-57a2d4851a1d" relativeResultsDirectory="85592df4-c0c1-47e9-add4-9c80a9661c6e" />
    <UnitTestResult executionId="05082250-9d9b-44a5-a031-7dd4263b65b9" testId="69e3503a-eaff-ae68-0070-4935d3a74fd3" testName="SearchFilterCategory_InOfflineMode_Success" computerName="DKSR-EFI-06" duration="00:00:00.0010380" startTime="2024-01-09T15:45:10.7481324+01:00" endTime="2024-01-09T15:45:10.7481324+01:00" testType="13cdc9d9-ddb5-4fa4-a97d-d965ccfc6d4b" outcome="Passed" testListId="8c84fa94-04c1-424b-9868-57a2d4851a1d" relativeResultsDirectory="05082250-9d9b-44a5-a031-7dd4263b65b9" />
    <UnitTestResult executionId="caa015b7-9506-4251-9de3-ed5f00170939" testId="38b2ee54-bd5b-1a17-40b1-6e90cad37fd9" testName="TestSearch_OneCamera_Sort_OldestStartTime" computerName="DKSR-EFI-06" duration="00:00:00.1649933" startTime="2024-01-09T15:45:14.0918924+01:00" endTime="2024-01-09T15:45:14.2481438+01:00" testType="13cdc9d9-ddb5-4fa4-a97d-d965ccfc6d4b" outcome="Passed" testListId="8c84fa94-04c1-424b-9868-57a2d4851a1d" relativeResultsDirectory="caa015b7-9506-4251-9de3-ed5f00170939" />
    <UnitTestResult executionId="62c9d69d-7125-4776-914b-e29febac5de4" testId="2e97ad28-5bbb-d2aa-ed92-a4752ade1930" testName="TestBookmarkSearchTimeOffline_Success (Header,description,0)" computerName="DKSR-EFI-06" duration="00:00:00.0003075" startTime="2024-01-09T15:45:10.5450125+01:00" endTime="2024-01-09T15:45:10.5450125+01:00" testType="13cdc9d9-ddb5-4fa4-a97d-d965ccfc6d4b" outcome="Passed" testListId="8c84fa94-04c1-424b-9868-57a2d4851a1d" relativeResultsDirectory="62c9d69d-7125-4776-914b-e29febac5de4" />
    <UnitTestResult executionId="96b6565f-752f-4295-ba24-2d2e2d0c6f56" testId="eb3da2d4-bd3e-df6a-b995-3a6daf995a0a" testName="TestSearch_CancelBeforeFetchingData_Success" computerName="DKSR-EFI-06" duration="00:00:00.1336604" startTime="2024-01-09T15:45:04.4356247+01:00" endTime="2024-01-09T15:45:04.5606440+01:00" testType="13cdc9d9-ddb5-4fa4-a97d-d965ccfc6d4b" outcome="Passed" testListId="8c84fa94-04c1-424b-9868-57a2d4851a1d" relativeResultsDirectory="96b6565f-752f-4295-ba24-2d2e2d0c6f56" />
    <UnitTestResult executionId="388f95aa-6ee1-465c-8d4b-4bbf203e40ba" testId="15cc5042-fc3d-b957-d70c-52be4c078d1a" testName="TestSearch_GetDataThrowsException_Success" computerName="DKSR-EFI-06" duration="00:00:00.2030278" startTime="2024-01-09T15:45:04.8262514+01:00" endTime="2024-01-09T15:45:05.0293752+01:00" testType="13cdc9d9-ddb5-4fa4-a97d-d965ccfc6d4b" outcome="Passed" testListId="8c84fa94-04c1-424b-9868-57a2d4851a1d" relativeResultsDirectory="388f95aa-6ee1-465c-8d4b-4bbf203e40ba" />
    <UnitTestResult executionId="3348f596-0e0f-4277-a01a-ea94e85ff389" testId="72ae7f6b-f22d-897b-7722-c5ac33aba141" testName="TestBookmarkSearchTimeOffline_IndependentOfCulture_Success (Header,ab,1,da-DK)" computerName="DKSR-EFI-06" duration="00:00:00.0003146" startTime="2024-01-09T15:45:10.6543833+01:00" endTime="2024-01-09T15:45:10.6543833+01:00" testType="13cdc9d9-ddb5-4fa4-a97d-d965ccfc6d4b" outcome="Passed" testListId="8c84fa94-04c1-424b-9868-57a2d4851a1d" relativeResultsDirectory="3348f596-0e0f-4277-a01a-ea94e85ff389" />
    <UnitTestResult executionId="0004ce91-0b0b-4b16-9598-b53477af387a" testId="cf6df7de-a5a6-2797-55dc-aa3faef91427" testName="TestBookmarkSearchTimeOffline_Success (Header,Header,2)" computerName="DKSR-EFI-06" duration="00:00:00.0003122" startTime="2024-01-09T15:45:10.5293856+01:00" endTime="2024-01-09T15:45:10.5293856+01:00" testType="13cdc9d9-ddb5-4fa4-a97d-d965ccfc6d4b" outcome="Passed" testListId="8c84fa94-04c1-424b-9868-57a2d4851a1d" relativeResultsDirectory="0004ce91-0b0b-4b16-9598-b53477af387a" />
    <UnitTestResult executionId="8456ffc7-9bc5-4117-ab03-c096b41db0ba" testId="0df4a252-c675-1d9d-4b70-cdd0b0802e9b" testName="TestSearch_TwoCameras_Success" computerName="DKSR-EFI-06" duration="00:00:00.1382279" startTime="2024-01-09T15:45:04.1699993+01:00" endTime="2024-01-09T15:45:04.3106243+01:00" testType="13cdc9d9-ddb5-4fa4-a97d-d965ccfc6d4b" outcome="Passed" testListId="8c84fa94-04c1-424b-9868-57a2d4851a1d" relativeResultsDirectory="8456ffc7-9bc5-4117-ab03-c096b41db0ba" />
    <UnitTestResult executionId="1a6ae556-d266-4cd7-a046-ab185a3d36fe" testId="929a5b01-7d29-ddf2-5786-c85bc1aa64ba" testName="TestSearch_TwoCamerasSameServer_Success" computerName="DKSR-EFI-06" duration="00:00:00.1891754" startTime="2024-01-09T15:45:10.9981339+01:00" endTime="2024-01-09T15:45:11.1856350+01:00" testType="13cdc9d9-ddb5-4fa4-a97d-d965ccfc6d4b" outcome="Passed" testListId="8c84fa94-04c1-424b-9868-57a2d4851a1d" relativeResultsDirectory="1a6ae556-d266-4cd7-a046-ab185a3d36fe" />
    <UnitTestResult executionId="b3e6d7d7-2c6a-4e49-b71b-e7d0ba293702" testId="f8e489f6-4f41-ca76-045d-d3ad20ac912a" testName="Icon_Correct" computerName="DKSR-EFI-06" duration="00:00:00.3559575" startTime="2024-01-09T15:45:03.0762459+01:00" endTime="2024-01-09T15:45:03.4356222+01:00" testType="13cdc9d9-ddb5-4fa4-a97d-d965ccfc6d4b" outcome="Passed" testListId="8c84fa94-04c1-424b-9868-57a2d4851a1d" relativeResultsDirectory="b3e6d7d7-2c6a-4e49-b71b-e7d0ba293702" />
    <UnitTestResult executionId="23e77330-5ba2-4a63-b5fe-9ed89503e2c0" testId="73f169c5-c633-f91e-f306-e1306c17fc01" testName="Id_Correct" computerName="DKSR-EFI-06" duration="00:00:00.0006257" startTime="2024-01-09T15:45:10.7168818+01:00" endTime="2024-01-09T15:45:10.7168818+01:00" testType="13cdc9d9-ddb5-4fa4-a97d-d965ccfc6d4b" outcome="Passed" testListId="8c84fa94-04c1-424b-9868-57a2d4851a1d" relativeResultsDirectory="23e77330-5ba2-4a63-b5fe-9ed89503e2c0" />
    <UnitTestResult executionId="51f80546-6ea8-40e2-b3d4-68689a4496dc" testId="41200474-bcdc-f1f8-6add-00218f99b8b2" testName="Close_InitNotCalled_DoesNotCrash" computerName="DKSR-EFI-06" duration="00:00:00.0005145" startTime="2024-01-09T15:45:08.7325079+01:00" endTime="2024-01-09T15:45:08.7325079+01:00" testType="13cdc9d9-ddb5-4fa4-a97d-d965ccfc6d4b" outcome="Passed" testListId="8c84fa94-04c1-424b-9868-57a2d4851a1d" relativeResultsDirectory="51f80546-6ea8-40e2-b3d4-68689a4496dc" />
    <UnitTestResult executionId="f3e76529-fe7f-43d4-a039-f963539228f7" testId="1bec6301-1fe1-35a9-84c1-27d9ea292419" testName="TestConstructor_NullBookmarkDataSource_Failure" computerName="DKSR-EFI-06" duration="00:00:00.0006859" startTime="2024-01-09T15:45:10.7637603+01:00" endTime="2024-01-09T15:45:10.7637603+01:00" testType="13cdc9d9-ddb5-4fa4-a97d-d965ccfc6d4b" outcome="Passed" testListId="8c84fa94-04c1-424b-9868-57a2d4851a1d" relativeResultsDirectory="f3e76529-fe7f-43d4-a039-f963539228f7" />
    <UnitTestResult executionId="17c979db-b618-470d-9da3-4892e7e027b6" testId="716f9044-6157-4d92-6b0e-c622bd2e27c2" testName="TestBookmarkSearchFromBookmarkOffline_Success (Header,Description,0)" computerName="DKSR-EFI-06" duration="00:00:00.0002873" startTime="2024-01-09T15:45:10.5918863+01:00" endTime="2024-01-09T15:45:10.5918863+01:00" testType="13cdc9d9-ddb5-4fa4-a97d-d965ccfc6d4b" outcome="Passed" testListId="8c84fa94-04c1-424b-9868-57a2d4851a1d" relativeResultsDirectory="17c979db-b618-470d-9da3-4892e7e027b6" />
    <UnitTestResult executionId="e3ff2cdb-3515-4bb8-866f-8844b4573594" testId="e2c8c46f-15fa-4e3b-cb92-0e0337e9e09b" testName="TestBookmarkSearchTimeOffline_IndependentOfCulture_Success (Description,aacC,1,da-DK)" computerName="DKSR-EFI-06" duration="00:00:00.0005033" startTime="2024-01-09T15:45:10.6543833+01:00" endTime="2024-01-09T15:45:10.6543833+01:00" testType="13cdc9d9-ddb5-4fa4-a97d-d965ccfc6d4b" outcome="Passed" testListId="8c84fa94-04c1-424b-9868-57a2d4851a1d" relativeResultsDirectory="e3ff2cdb-3515-4bb8-866f-8844b4573594" />
    <UnitTestResult executionId="f8dcd6de-f6ec-4c92-83a5-f9c6e77deb8a" testId="09323ad9-ebad-5faa-3ab4-b0a115d0fbdd" testName="TestBookmarkSearchTimeOffline_Success (Header,header2,1)" computerName="DKSR-EFI-06" duration="00:00:00.0002766" startTime="2024-01-09T15:45:10.5293856+01:00" endTime="2024-01-09T15:45:10.5293856+01:00" testType="13cdc9d9-ddb5-4fa4-a97d-d965ccfc6d4b" outcome="Passed" testListId="8c84fa94-04c1-424b-9868-57a2d4851a1d" relativeResultsDirectory="f8dcd6de-f6ec-4c92-83a5-f9c6e77deb8a" />
    <UnitTestResult executionId="34fcad58-62af-426e-ad0d-9545723171c8" testId="ae926ab1-023d-a080-3cb3-1999fccfe505" testName="Search_SmartSearch_TwoCamera_OneMask_Succes" computerName="DKSR-EFI-06" duration="00:00:00.1379811" startTime="2024-01-09T15:45:06.9200785+01:00" endTime="2024-01-09T15:45:07.0606317+01:00" testType="13cdc9d9-ddb5-4fa4-a97d-d965ccfc6d4b" outcome="Passed" testListId="8c84fa94-04c1-424b-9868-57a2d4851a1d" relativeResultsDirectory="34fcad58-62af-426e-ad0d-9545723171c8" />
    <UnitTestResult executionId="08bb4bc9-d68a-4318-a53d-bd72ac0e68be" testId="b3c81db5-ea1f-d2f3-84d4-73929c07411c" testName="SearchFilterCategory_Success" computerName="DKSR-EFI-06" duration="00:00:00.0007529" startTime="2024-01-09T15:45:10.7481324+01:00" endTime="2024-01-09T15:45:10.7481324+01:00" testType="13cdc9d9-ddb5-4fa4-a97d-d965ccfc6d4b" outcome="Passed" testListId="8c84fa94-04c1-424b-9868-57a2d4851a1d" relativeResultsDirectory="08bb4bc9-d68a-4318-a53d-bd72ac0e68be" />
    <UnitTestResult executionId="04d91a46-c6c8-4fb9-b66c-14c9fbc54063" testId="1aab6b9e-9099-5d59-5a54-8ca7353766b1" testName="TestBookmarkSearchTimeOffline_Success (Description,Description1,1)" computerName="DKSR-EFI-06" duration="00:00:00.0008232" startTime="2024-01-09T15:45:10.5450125+01:00" endTime="2024-01-09T15:45:10.5450125+01:00" testType="13cdc9d9-ddb5-4fa4-a97d-d965ccfc6d4b" outcome="Passed" testListId="8c84fa94-04c1-424b-9868-57a2d4851a1d" relativeResultsDirectory="04d91a46-c6c8-4fb9-b66c-14c9fbc54063" />
    <UnitTestResult executionId="524a8a1f-c4a2-48b1-bbd8-dee970b5f92b" testId="36fede08-3408-b437-36f6-79ccb4baaed8" testName="TestSearch_TwoCamerasDifferentServers_Success" computerName="DKSR-EFI-06" duration="00:00:00.1391460" startTime="2024-01-09T15:45:11.1856350+01:00" endTime="2024-01-09T15:45:11.3262574+01:00" testType="13cdc9d9-ddb5-4fa4-a97d-d965ccfc6d4b" outcome="Passed" testListId="8c84fa94-04c1-424b-9868-57a2d4851a1d" relativeResultsDirectory="524a8a1f-c4a2-48b1-bbd8-dee970b5f92b" />
    <UnitTestResult executionId="0b016187-f41e-444a-9f8a-2a87ffed49f3" testId="d309c2e6-eaf5-877a-cfc4-7a146e624715" testName="TestSearch_CancelBeforeFetchingData_Success" computerName="DKSR-EFI-06" duration="00:00:00.0631406" startTime="2024-01-09T15:45:09.3106336+01:00" endTime="2024-01-09T15:45:09.3731348+01:00" testType="13cdc9d9-ddb5-4fa4-a97d-d965ccfc6d4b" outcome="Passed" testListId="8c84fa94-04c1-424b-9868-57a2d4851a1d" relativeResultsDirectory="0b016187-f41e-444a-9f8a-2a87ffed49f3" />
    <UnitTestResult executionId="9d33f857-1b76-4d13-a591-f4f350109f78" testId="5ae7ae77-293c-5531-3bb8-e7524ea16582" testName="TestBookmarkSearchFromBookmarkOffline_Success (Header,header,2)" computerName="DKSR-EFI-06" duration="00:00:00.0002884" startTime="2024-01-09T15:45:10.5918863+01:00" endTime="2024-01-09T15:45:10.5918863+01:00" testType="13cdc9d9-ddb5-4fa4-a97d-d965ccfc6d4b" outcome="Passed" testListId="8c84fa94-04c1-424b-9868-57a2d4851a1d" relativeResultsDirectory="9d33f857-1b76-4d13-a591-f4f350109f78" />
    <UnitTestResult executionId="b76c775b-a1be-43d7-9deb-8a958742444e" testId="d2214aed-c3f3-0d56-29e5-f90cb6228042" testName="Search_SmartSearch_OneCamera_RegionItemNoMatch_Succes" computerName="DKSR-EFI-06" duration="00:00:00.2471002" startTime="2024-01-09T15:45:06.0137520+01:00" endTime="2024-01-09T15:45:06.2637563+01:00" testType="13cdc9d9-ddb5-4fa4-a97d-d965ccfc6d4b" outcome="Passed" testListId="8c84fa94-04c1-424b-9868-57a2d4851a1d" relativeResultsDirectory="b76c775b-a1be-43d7-9deb-8a958742444e" />
    <UnitTestResult executionId="dd7f2958-81c6-497c-9866-3ca3ad034177" testId="a99cb650-2ef6-451a-fab1-93423ace3428" testName="Name_Correct" computerName="DKSR-EFI-06" duration="00:00:00.0056566" startTime="2024-01-09T15:45:03.4512473+01:00" endTime="2024-01-09T15:45:03.4668723+01:00" testType="13cdc9d9-ddb5-4fa4-a97d-d965ccfc6d4b" outcome="Passed" testListId="8c84fa94-04c1-424b-9868-57a2d4851a1d" relativeResultsDirectory="dd7f2958-81c6-497c-9866-3ca3ad034177" />
    <UnitTestResult executionId="8a7c38fd-07a0-49fa-9e4c-bd6545a5e113" testId="08bb34d1-8c54-982a-4091-a4e35879ea1d" testName="Id_Correct" computerName="DKSR-EFI-06" duration="00:00:00.2119327" startTime="2024-01-09T15:45:01.3262426+01:00" endTime="2024-01-09T15:45:02.2012448+01:00" testType="13cdc9d9-ddb5-4fa4-a97d-d965ccfc6d4b" outcome="Passed" testListId="8c84fa94-04c1-424b-9868-57a2d4851a1d" relativeResultsDirectory="8a7c38fd-07a0-49fa-9e4c-bd6545a5e113" />
    <UnitTestResult executionId="0d41f264-3109-41dd-9095-e40953a592b3" testId="c13f56e9-77dd-ff2e-d4eb-53557fc03bd5" testName="Search_SmartSearch_OneCamera_NoRegionValues_Succes" computerName="DKSR-EFI-06" duration="00:00:00.2697750" startTime="2024-01-09T15:45:05.7325023+01:00" endTime="2024-01-09T15:45:06.0137520+01:00" testType="13cdc9d9-ddb5-4fa4-a97d-d965ccfc6d4b" outcome="Passed" testListId="8c84fa94-04c1-424b-9868-57a2d4851a1d" relativeResultsDirectory="0d41f264-3109-41dd-9095-e40953a592b3" />
    <UnitTestResult executionId="0a554de9-563a-49db-8f2f-cff71b9b29ee" testId="8f8c8d18-21c1-82cc-a4a7-b2a0a521c916" testName="ResetValue_WrongFilterValueType_Throw" computerName="DKSR-EFI-06" duration="00:00:00.0006099" startTime="2024-01-09T15:45:17.0137757+01:00" endTime="2024-01-09T15:45:17.0137757+01:00" testType="13cdc9d9-ddb5-4fa4-a97d-d965ccfc6d4b" outcome="Passed" testListId="8c84fa94-04c1-424b-9868-57a2d4851a1d" relativeResultsDirectory="0a554de9-563a-49db-8f2f-cff71b9b29ee" />
    <UnitTestResult executionId="0b090464-1a4d-4bc7-b533-ae02caa480a2" testId="81f143f6-bc4e-a35e-093e-5e9ec2ab0d22" testName="TestBookmarkSearchTime_Success (HeaderAndDescription)" computerName="DKSR-EFI-06" duration="00:00:00.1034120" startTime="2024-01-09T15:45:10.2325111+01:00" endTime="2024-01-09T15:45:10.4825083+01:00" testType="13cdc9d9-ddb5-4fa4-a97d-d965ccfc6d4b" outcome="Passed" testListId="8c84fa94-04c1-424b-9868-57a2d4851a1d" relativeResultsDirectory="0b090464-1a4d-4bc7-b533-ae02caa480a2" />
    <UnitTestResult executionId="8f7e1f55-ff83-43e9-87e7-dd656b44d904" testId="294013a6-e8f5-7ee5-4209-6eb20519ab5b" testName="Search_SmartSearch_TwoCamera_SortOrder_Unspecified_Success" computerName="DKSR-EFI-06" duration="00:00:00.1853794" startTime="2024-01-09T15:45:08.3418812+01:00" endTime="2024-01-09T15:45:08.5137559+01:00" testType="13cdc9d9-ddb5-4fa4-a97d-d965ccfc6d4b" outcome="Passed" testListId="8c84fa94-04c1-424b-9868-57a2d4851a1d" relativeResultsDirectory="8f7e1f55-ff83-43e9-87e7-dd656b44d904" />
    <UnitTestResult executionId="3ff6f9a3-456b-4e4a-a88f-7b469220bd89" testId="4e62f3c9-3ef8-483d-506d-573ec91d97d3" testName="ContainsTextSearchFilterEditControl_Close_DoesntThrow" computerName="DKSR-EFI-06" duration="00:00:02.7530391" startTime="2024-01-09T15:45:14.2481438+01:00" endTime="2024-01-09T15:45:17.0137757+01:00" testType="13cdc9d9-ddb5-4fa4-a97d-d965ccfc6d4b" outcome="Passed" testListId="8c84fa94-04c1-424b-9868-57a2d4851a1d" relativeResultsDirectory="3ff6f9a3-456b-4e4a-a88f-7b469220bd89" />
    <UnitTestResult executionId="bfee5e44-5d6c-4796-aa53-bb8a9a47b157" testId="9036459b-06c6-b768-aa8f-cd7aaa6ce96c" testName="TestBookmarkSearchFromBookmarkOffline_IndependentOfCulture_Success (Header,Aabb,1,da-DK)" computerName="DKSR-EFI-06" duration="00:00:00.0002968" startTime="2024-01-09T15:45:10.6856335+01:00" endTime="2024-01-09T15:45:10.6856335+01:00" testType="13cdc9d9-ddb5-4fa4-a97d-d965ccfc6d4b" outcome="Passed" testListId="8c84fa94-04c1-424b-9868-57a2d4851a1d" relativeResultsDirectory="bfee5e44-5d6c-4796-aa53-bb8a9a47b157" />
  </Results>
  <TestDefinitions>
    <UnitTest name="SearchCriteriaOnChanged_DefinitionClosed_ItemRemovedFromScope_NoChangeToFilterValue" storage="d:\actions-runner\_work\xpco\xpco\sc\mipplugins\searchproviders\unittest\bin\debug\net472\unittest.dll" id="aa8892c6-41c4-bf5c-640f-99a2d64c993c">
      <TestCategory>
        <TestCategoryItem TestCategory="MotionSearchDefinition" />
      </TestCategory>
      <Execution id="3ba948de-9362-46fe-b2ab-c649d87cd983" />
      <TestMethod codeBase="D:\actions-runner\_work\XPCO\XPCO\SC\MIPPlugins\SearchProviders\UnitTest\bin\Debug\net472\UnitTest.dll" adapterTypeName="executor://mstestadapter/v2" className="VideoOS.SearchAgents.UnitTest.RecordingsAgent.MotionSearchDefinitionTest" name="SearchCriteriaOnChanged_DefinitionClosed_ItemRemovedFromScope_NoChangeToFilterValue" />
    </UnitTest>
    <UnitTest name="Search_SmartSearch_TwoCamera_OneMask_Succes" storage="d:\actions-runner\_work\xpco\xpco\sc\mipplugins\searchproviders\unittest\bin\debug\net472\unittest.dll" id="ae926ab1-023d-a080-3cb3-1999fccfe505">
      <TestCategory>
        <TestCategoryItem TestCategory="MotionSearchDefinition" />
      </TestCategory>
      <Execution id="34fcad58-62af-426e-ad0d-9545723171c8" />
      <TestMethod codeBase="D:\actions-runner\_work\XPCO\XPCO\SC\MIPPlugins\SearchProviders\UnitTest\bin\Debug\net472\UnitTest.dll" adapterTypeName="executor://mstestadapter/v2" className="VideoOS.SearchAgents.UnitTest.RecordingsAgent.MotionSearchDefinitionTest" name="Search_SmartSearch_TwoCamera_OneMask_Succes" />
    </UnitTest>
    <UnitTest name="Name_UpdateUsingSetter_Success" storage="d:\actions-runner\_work\xpco\xpco\sc\mipplugins\searchproviders\unittest\bin\debug\net472\unittest.dll" id="dc8345b6-58ea-c39d-f5b2-303b0ecc427a">
      <TestCategory>
        <TestCategoryItem TestCategory="RecordingAgentPlugin" />
      </TestCategory>
      <Execution id="c6e99dc8-ede1-490f-9641-302fb67d9744" />
      <TestMethod codeBase="D:\actions-runner\_work\XPCO\XPCO\SC\MIPPlugins\SearchProviders\UnitTest\bin\Debug\net472\UnitTest.dll" adapterTypeName="executor://mstestadapter/v2" className="VideoOS.SearchAgents.UnitTest.RecordingsAgent.RecordingAgentPluginTest" name="Name_UpdateUsingSetter_Success" />
    </UnitTest>
    <UnitTest name="TestBookmarkSearchTimeOffline_Success (Description,Description1,1)" storage="d:\actions-runner\_work\xpco\xpco\sc\mipplugins\searchproviders\unittest\bin\debug\net472\unittest.dll" id="1aab6b9e-9099-5d59-5a54-8ca7353766b1">
      <TestCategory>
        <TestCategoryItem TestCategory="BookmarksAgent" />
      </TestCategory>
      <Execution id="04d91a46-c6c8-4fb9-b66c-14c9fbc54063" />
      <TestMethod codeBase="D:\actions-runner\_work\XPCO\XPCO\SC\MIPPlugins\SearchProviders\UnitTest\bin\Debug\net472\UnitTest.dll" adapterTypeName="executor://mstestadapter/v2" className="VideoOS.SearchAgents.UnitTest.BookmarksAgent.BookmarkDataSourceTest" name="TestBookmarkSearchTimeOffline_Success" />
    </UnitTest>
    <UnitTest name="TestBookmarkSearchTime_NullOptSearchStr_Success" storage="d:\actions-runner\_work\xpco\xpco\sc\mipplugins\searchproviders\unittest\bin\debug\net472\unittest.dll" id="26fab799-115d-cc94-6db0-9649c7d3ad6a">
      <TestCategory>
        <TestCategoryItem TestCategory="BookmarksAgent" />
      </TestCategory>
      <Execution id="bdb72bc9-14f5-4197-aab9-042a221035e4" />
      <TestMethod codeBase="D:\actions-runner\_work\XPCO\XPCO\SC\MIPPlugins\SearchProviders\UnitTest\bin\Debug\net472\UnitTest.dll" adapterTypeName="executor://mstestadapter/v2" className="VideoOS.SearchAgents.UnitTest.BookmarksAgent.BookmarkDataSourceTest" name="TestBookmarkSearchTime_NullOptSearchStr_Success" />
    </UnitTest>
    <UnitTest name="TestSearch_GetDataThrowsException_Success" storage="d:\actions-runner\_work\xpco\xpco\sc\mipplugins\searchproviders\unittest\bin\debug\net472\unittest.dll" id="69665c76-2b0a-57bd-f145-3fbce998b739">
      <TestCategory>
        <TestCategoryItem TestCategory="RecordingSearchDefinition" />
      </TestCategory>
      <Execution id="12f378ac-6dd2-4018-8b46-4df14745ab96" />
      <TestMethod codeBase="D:\actions-runner\_work\XPCO\XPCO\SC\MIPPlugins\SearchProviders\UnitTest\bin\Debug\net472\UnitTest.dll" adapterTypeName="executor://mstestadapter/v2" className="VideoOS.SearchAgents.UnitTest.RecordingsAgent.RecordingSearchDefinitionTest" name="TestSearch_GetDataThrowsException_Success" />
    </UnitTest>
    <UnitTest name="TestBookmarkSearchTimeOffline_IndependentOfCulture_Success (Description,aacC,1,en-US)" storage="d:\actions-runner\_work\xpco\xpco\sc\mipplugins\searchproviders\unittest\bin\debug\net472\unittest.dll" id="efe52087-59bf-af5f-1f71-4f1eef3fe76f">
      <TestCategory>
        <TestCategoryItem TestCategory="BookmarksAgent" />
      </TestCategory>
      <Execution id="8ace6457-c342-435a-a1e9-f9f6afbd928b" />
      <TestMethod codeBase="D:\actions-runner\_work\XPCO\XPCO\SC\MIPPlugins\SearchProviders\UnitTest\bin\Debug\net472\UnitTest.dll" adapterTypeName="executor://mstestadapter/v2" className="VideoOS.SearchAgents.UnitTest.BookmarksAgent.BookmarkDataSourceTest" name="TestBookmarkSearchTimeOffline_IndependentOfCulture_Success" />
    </UnitTest>
    <UnitTest name="TestConstructor_NullBookmarkDataSource_Failure" storage="d:\actions-runner\_work\xpco\xpco\sc\mipplugins\searchproviders\unittest\bin\debug\net472\unittest.dll" id="1bec6301-1fe1-35a9-84c1-27d9ea292419">
      <TestCategory>
        <TestCategoryItem TestCategory="BookmarksAgent" />
      </TestCategory>
      <Execution id="f3e76529-fe7f-43d4-a039-f963539228f7" />
      <TestMethod codeBase="D:\actions-runner\_work\XPCO\XPCO\SC\MIPPlugins\SearchProviders\UnitTest\bin\Debug\net472\UnitTest.dll" adapterTypeName="executor://mstestadapter/v2" className="VideoOS.SearchAgents.UnitTest.BookmarksAgent.BookmarksSearchDefinitionTest" name="TestConstructor_NullBookmarkDataSource_Failure" />
    </UnitTest>
    <UnitTest name="CreateSearchDefinition_Correct" storage="d:\actions-runner\_work\xpco\xpco\sc\mipplugins\searchproviders\unittest\bin\debug\net472\unittest.dll" id="658955d0-5eea-8828-e8a3-5da91fd8de2b">
      <TestCategory>
        <TestCategoryItem TestCategory="MotionAgentPlugin" />
      </TestCategory>
      <Execution id="69a99c8c-442d-4203-ae72-1bdb69397790" />
      <TestMethod codeBase="D:\actions-runner\_work\XPCO\XPCO\SC\MIPPlugins\SearchProviders\UnitTest\bin\Debug\net472\UnitTest.dll" adapterTypeName="executor://mstestadapter/v2" className="VideoOS.SearchAgents.UnitTest.RecordingsAgent.MotionAgentPluginTest" name="CreateSearchDefinition_Correct" />
    </UnitTest>
    <UnitTest name="CreateSearchDefinition_Correct" storage="d:\actions-runner\_work\xpco\xpco\sc\mipplugins\searchproviders\unittest\bin\debug\net472\unittest.dll" id="420d59f0-e48b-c560-7046-7c49d5bf5334">
      <TestCategory>
        <TestCategoryItem TestCategory="BookmarksAgent" />
      </TestCategory>
      <Execution id="03dece27-89b4-4f37-b737-eb360e82c28e" />
      <TestMethod codeBase="D:\actions-runner\_work\XPCO\XPCO\SC\MIPPlugins\SearchProviders\UnitTest\bin\Debug\net472\UnitTest.dll" adapterTypeName="executor://mstestadapter/v2" className="VideoOS.SearchAgents.UnitTest.BookmarksAgent.BookmarksAgentPluginTest" name="CreateSearchDefinition_Correct" />
    </UnitTest>
    <UnitTest name="TestConstructor_NullSearchScope_Failure" storage="d:\actions-runner\_work\xpco\xpco\sc\mipplugins\searchproviders\unittest\bin\debug\net472\unittest.dll" id="d60a4d5b-b6b9-8daa-b3b5-e1c9805a5097">
      <TestCategory>
        <TestCategoryItem TestCategory="BookmarksAgent" />
      </TestCategory>
      <Execution id="85747582-de37-4f17-abcb-877b9dbc60b2" />
      <TestMethod codeBase="D:\actions-runner\_work\XPCO\XPCO\SC\MIPPlugins\SearchProviders\UnitTest\bin\Debug\net472\UnitTest.dll" adapterTypeName="executor://mstestadapter/v2" className="VideoOS.SearchAgents.UnitTest.BookmarksAgent.BookmarksSearchDefinitionTest" name="TestConstructor_NullSearchScope_Failure" />
    </UnitTest>
    <UnitTest name="ResetValue_Success" storage="d:\actions-runner\_work\xpco\xpco\sc\mipplugins\searchproviders\unittest\bin\debug\net472\unittest.dll" id="e3bd30a8-e686-fdff-5e63-d12be158bbda">
      <TestCategory>
        <TestCategoryItem TestCategory="SmartSearchSearchFilter" />
      </TestCategory>
      <Execution id="e3b4c042-0c49-4d17-b2e9-ddae0f9ff856" />
      <TestMethod codeBase="D:\actions-runner\_work\XPCO\XPCO\SC\MIPPlugins\SearchProviders\UnitTest\bin\Debug\net472\UnitTest.dll" adapterTypeName="executor://mstestadapter/v2" className="VideoOS.SearchAgents.UnitTest.RecordingsAgent.SearchAttributes.SmartSearchSearchFilterTest" name="ResetValue_Success" />
    </UnitTest>
    <UnitTest name="TestSearch_OneCamera_AscendingSortOrder_Success" storage="d:\actions-runner\_work\xpco\xpco\sc\mipplugins\searchproviders\unittest\bin\debug\net472\unittest.dll" id="a16200be-dcc1-65bb-1317-8364e0a77c61">
      <TestCategory>
        <TestCategoryItem TestCategory="RecordingSearchDefinition" />
      </TestCategory>
      <Execution id="22dfe11e-b099-4aae-80cf-d6040023b565" />
      <TestMethod codeBase="D:\actions-runner\_work\XPCO\XPCO\SC\MIPPlugins\SearchProviders\UnitTest\bin\Debug\net472\UnitTest.dll" adapterTypeName="executor://mstestadapter/v2" className="VideoOS.SearchAgents.UnitTest.RecordingsAgent.RecordingSearchDefinitionTest" name="TestSearch_OneCamera_AscendingSortOrder_Success" />
    </UnitTest>
    <UnitTest name="TestBookmarkSearchFromBookmarkOffline_Success (Description,description,2)" storage="d:\actions-runner\_work\xpco\xpco\sc\mipplugins\searchproviders\unittest\bin\debug\net472\unittest.dll" id="e4eac702-7752-03b3-ced9-a3e2c3af890f">
      <TestCategory>
        <TestCategoryItem TestCategory="BookmarksAgent" />
      </TestCategory>
      <Execution id="14220a41-5b0b-46a7-b334-4fed28c8aecc" />
      <TestMethod codeBase="D:\actions-runner\_work\XPCO\XPCO\SC\MIPPlugins\SearchProviders\UnitTest\bin\Debug\net472\UnitTest.dll" adapterTypeName="executor://mstestadapter/v2" className="VideoOS.SearchAgents.UnitTest.BookmarksAgent.BookmarkDataSourceTest" name="TestBookmarkSearchFromBookmarkOffline_Success" />
    </UnitTest>
    <UnitTest name="TestBookmarkSearchFromBookmarkOffline_IndependentOfCulture_Success (Header,Aabb,1,da-DK)" storage="d:\actions-runner\_work\xpco\xpco\sc\mipplugins\searchproviders\unittest\bin\debug\net472\unittest.dll" id="9036459b-06c6-b768-aa8f-cd7aaa6ce96c">
      <TestCategory>
        <TestCategoryItem TestCategory="BookmarksAgent" />
      </TestCategory>
      <Execution id="bfee5e44-5d6c-4796-aa53-bb8a9a47b157" />
      <TestMethod codeBase="D:\actions-runner\_work\XPCO\XPCO\SC\MIPPlugins\SearchProviders\UnitTest\bin\Debug\net472\UnitTest.dll" adapterTypeName="executor://mstestadapter/v2" className="VideoOS.SearchAgents.UnitTest.BookmarksAgent.BookmarkDataSourceTest" name="TestBookmarkSearchFromBookmarkOffline_IndependentOfCulture_Success" />
    </UnitTest>
    <UnitTest name="TestBookmarkSearchTime_Success (Header)" storage="d:\actions-runner\_work\xpco\xpco\sc\mipplugins\searchproviders\unittest\bin\debug\net472\unittest.dll" id="e362ecf4-a6b3-ad50-efc7-e4a3025dc4dc">
      <TestCategory>
        <TestCategoryItem TestCategory="BookmarksAgent" />
      </TestCategory>
      <Execution id="cf628060-9959-475f-a646-f649787a1d1e" />
      <TestMethod codeBase="D:\actions-runner\_work\XPCO\XPCO\SC\MIPPlugins\SearchProviders\UnitTest\bin\Debug\net472\UnitTest.dll" adapterTypeName="executor://mstestadapter/v2" className="VideoOS.SearchAgents.UnitTest.BookmarksAgent.BookmarkDataSourceTest" name="TestBookmarkSearchTime_Success" />
    </UnitTest>
    <UnitTest name="TestBookmarkSearchTimeOffline_IndependentOfCulture_Success (Description,aacc,1,da-DK)" storage="d:\actions-runner\_work\xpco\xpco\sc\mipplugins\searchproviders\unittest\bin\debug\net472\unittest.dll" id="2efdc011-d00a-41d4-13ee-a37e136e0257">
      <TestCategory>
        <TestCategoryItem TestCategory="BookmarksAgent" />
      </TestCategory>
      <Execution id="e01d52aa-e49e-42d4-b28a-8343519ed93f" />
      <TestMethod codeBase="D:\actions-runner\_work\XPCO\XPCO\SC\MIPPlugins\SearchProviders\UnitTest\bin\Debug\net472\UnitTest.dll" adapterTypeName="executor://mstestadapter/v2" className="VideoOS.SearchAgents.UnitTest.BookmarksAgent.BookmarkDataSourceTest" name="TestBookmarkSearchTimeOffline_IndependentOfCulture_Success" />
    </UnitTest>
    <UnitTest name="Close_InitNotCalled_DoesNotCrash" storage="d:\actions-runner\_work\xpco\xpco\sc\mipplugins\searchproviders\unittest\bin\debug\net472\unittest.dll" id="e4c39f56-cb2c-e778-0e07-9c127953b822">
      <TestCategory>
        <TestCategoryItem TestCategory="BookmarksAgent" />
      </TestCategory>
      <Execution id="31eaeb8f-8585-4f1e-b9f0-e164e8db2ace" />
      <TestMethod codeBase="D:\actions-runner\_work\XPCO\XPCO\SC\MIPPlugins\SearchProviders\UnitTest\bin\Debug\net472\UnitTest.dll" adapterTypeName="executor://mstestadapter/v2" className="VideoOS.SearchAgents.UnitTest.BookmarksAgent.BookmarksAgentPluginTest" name="Close_InitNotCalled_DoesNotCrash" />
    </UnitTest>
    <UnitTest name="Id_UpdateUsingSetter_Success" storage="d:\actions-runner\_work\xpco\xpco\sc\mipplugins\searchproviders\unittest\bin\debug\net472\unittest.dll" id="e851088a-126b-3c9f-02eb-bb317cbd003a">
      <TestCategory>
        <TestCategoryItem TestCategory="MotionAgentPlugin" />
      </TestCategory>
      <Execution id="288f6262-0c83-42d8-b344-d711874cebe5" />
      <TestMethod codeBase="D:\actions-runner\_work\XPCO\XPCO\SC\MIPPlugins\SearchProviders\UnitTest\bin\Debug\net472\UnitTest.dll" adapterTypeName="executor://mstestadapter/v2" className="VideoOS.SearchAgents.UnitTest.RecordingsAgent.MotionAgentPluginTest" name="Id_UpdateUsingSetter_Success" />
    </UnitTest>
    <UnitTest name="TestSearch_BookmarkSearchTimeThrowsCommunicationException_Success" storage="d:\actions-runner\_work\xpco\xpco\sc\mipplugins\searchproviders\unittest\bin\debug\net472\unittest.dll" id="1a4ed74f-0230-3b07-b46c-f98f72c37608">
      <TestCategory>
        <TestCategoryItem TestCategory="BookmarksAgent" />
      </TestCategory>
      <Execution id="79eee894-729b-4752-8e12-caa91d8482f2" />
      <TestMethod codeBase="D:\actions-runner\_work\XPCO\XPCO\SC\MIPPlugins\SearchProviders\UnitTest\bin\Debug\net472\UnitTest.dll" adapterTypeName="executor://mstestadapter/v2" className="VideoOS.SearchAgents.UnitTest.BookmarksAgent.BookmarksSearchDefinitionTest" name="TestSearch_BookmarkSearchTimeThrowsCommunicationException_Success" />
    </UnitTest>
    <UnitTest name="TestBookmarkSearchFromBookmark_Success (Description)" storage="d:\actions-runner\_work\xpco\xpco\sc\mipplugins\searchproviders\unittest\bin\debug\net472\unittest.dll" id="88ae30ff-78e2-5040-d03d-b1323fa306bc">
      <TestCategory>
        <TestCategoryItem TestCategory="BookmarksAgent" />
      </TestCategory>
      <Execution id="70721385-1c69-403a-8589-f5f70ef6afd8" />
      <TestMethod codeBase="D:\actions-runner\_work\XPCO\XPCO\SC\MIPPlugins\SearchProviders\UnitTest\bin\Debug\net472\UnitTest.dll" adapterTypeName="executor://mstestadapter/v2" className="VideoOS.SearchAgents.UnitTest.BookmarksAgent.BookmarkDataSourceTest" name="TestBookmarkSearchFromBookmark_Success" />
    </UnitTest>
    <UnitTest name="TestSearch_OneCamera_DescendingSortOrder_Success" storage="d:\actions-runner\_work\xpco\xpco\sc\mipplugins\searchproviders\unittest\bin\debug\net472\unittest.dll" id="8a7c5d0b-25bd-b72b-72d1-e37e8c880d08">
      <TestCategory>
        <TestCategoryItem TestCategory="RecordingSearchDefinition" />
      </TestCategory>
      <Execution id="39a9ba9c-b4a2-48ee-8cb3-cdd3bfe1b7b2" />
      <TestMethod codeBase="D:\actions-runner\_work\XPCO\XPCO\SC\MIPPlugins\SearchProviders\UnitTest\bin\Debug\net472\UnitTest.dll" adapterTypeName="executor://mstestadapter/v2" className="VideoOS.SearchAgents.UnitTest.RecordingsAgent.RecordingSearchDefinitionTest" name="TestSearch_OneCamera_DescendingSortOrder_Success" />
    </UnitTest>
    <UnitTest name="Search_SmartSearch_SearchUnspecifiedError_Succes" storage="d:\actions-runner\_work\xpco\xpco\sc\mipplugins\searchproviders\unittest\bin\debug\net472\unittest.dll" id="8500b63d-5319-4c11-d4b8-9f52192a8ed5">
      <TestCategory>
        <TestCategoryItem TestCategory="MotionSearchDefinition" />
      </TestCategory>
      <Execution id="92da52e0-ff01-4e1d-b7a4-573268e9832a" />
      <TestMethod codeBase="D:\actions-runner\_work\XPCO\XPCO\SC\MIPPlugins\SearchProviders\UnitTest\bin\Debug\net472\UnitTest.dll" adapterTypeName="executor://mstestadapter/v2" className="VideoOS.SearchAgents.UnitTest.RecordingsAgent.MotionSearchDefinitionTest" name="Search_SmartSearch_SearchUnspecifiedError_Succes" />
    </UnitTest>
    <UnitTest name="TestBookmarkSearchTimeOffline_IndependentOfCulture_Success (Header,ab,1,da-DK)" storage="d:\actions-runner\_work\xpco\xpco\sc\mipplugins\searchproviders\unittest\bin\debug\net472\unittest.dll" id="72ae7f6b-f22d-897b-7722-c5ac33aba141">
      <TestCategory>
        <TestCategoryItem TestCategory="BookmarksAgent" />
      </TestCategory>
      <Execution id="3348f596-0e0f-4277-a01a-ea94e85ff389" />
      <TestMethod codeBase="D:\actions-runner\_work\XPCO\XPCO\SC\MIPPlugins\SearchProviders\UnitTest\bin\Debug\net472\UnitTest.dll" adapterTypeName="executor://mstestadapter/v2" className="VideoOS.SearchAgents.UnitTest.BookmarksAgent.BookmarkDataSourceTest" name="TestBookmarkSearchTimeOffline_IndependentOfCulture_Success" />
    </UnitTest>
    <UnitTest name="TestSearch_GetDataWithNullResult_Success" storage="d:\actions-runner\_work\xpco\xpco\sc\mipplugins\searchproviders\unittest\bin\debug\net472\unittest.dll" id="a2d8f0e3-53b7-a6bb-b4c7-8bfd169bd377">
      <TestCategory>
        <TestCategoryItem TestCategory="RecordingSearchDefinition" />
      </TestCategory>
      <Execution id="783fc16f-9376-47db-9bad-b11ef68752a6" />
      <TestMethod codeBase="D:\actions-runner\_work\XPCO\XPCO\SC\MIPPlugins\SearchProviders\UnitTest\bin\Debug\net472\UnitTest.dll" adapterTypeName="executor://mstestadapter/v2" className="VideoOS.SearchAgents.UnitTest.RecordingsAgent.RecordingSearchDefinitionTest" name="TestSearch_GetDataWithNullResult_Success" />
    </UnitTest>
    <UnitTest name="Id_Correct" storage="d:\actions-runner\_work\xpco\xpco\sc\mipplugins\searchproviders\unittest\bin\debug\net472\unittest.dll" id="73f169c5-c633-f91e-f306-e1306c17fc01">
      <TestCategory>
        <TestCategoryItem TestCategory="BookmarksAgent" />
      </TestCategory>
      <Execution id="23e77330-5ba2-4a63-b5fe-9ed89503e2c0" />
      <TestMethod codeBase="D:\actions-runner\_work\XPCO\XPCO\SC\MIPPlugins\SearchProviders\UnitTest\bin\Debug\net472\UnitTest.dll" adapterTypeName="executor://mstestadapter/v2" className="VideoOS.SearchAgents.UnitTest.BookmarksAgent.BookmarksAgentPluginTest" name="Id_Correct" />
    </UnitTest>
    <UnitTest name="Id_Correct" storage="d:\actions-runner\_work\xpco\xpco\sc\mipplugins\searchproviders\unittest\bin\debug\net472\unittest.dll" id="3cde7a2a-ddd3-4cda-2af0-baa0674cf958">
      <TestCategory>
        <TestCategoryItem TestCategory="MotionAgentPlugin" />
      </TestCategory>
      <Execution id="922d0b8f-37ba-4e15-82d6-aff51a6815ad" />
      <TestMethod codeBase="D:\actions-runner\_work\XPCO\XPCO\SC\MIPPlugins\SearchProviders\UnitTest\bin\Debug\net472\UnitTest.dll" adapterTypeName="executor://mstestadapter/v2" className="VideoOS.SearchAgents.UnitTest.RecordingsAgent.MotionAgentPluginTest" name="Id_Correct" />
    </UnitTest>
    <UnitTest name="TestBookmarkSearchTimeOffline_IndependentOfCulture_Success (Description,ac,1,en-US)" storage="d:\actions-runner\_work\xpco\xpco\sc\mipplugins\searchproviders\unittest\bin\debug\net472\unittest.dll" id="924bdb2d-059e-62bd-7fba-6b2796168b8a">
      <TestCategory>
        <TestCategoryItem TestCategory="BookmarksAgent" />
      </TestCategory>
      <Execution id="52964cf7-290d-4c23-bb9b-36c15496093d" />
      <TestMethod codeBase="D:\actions-runner\_work\XPCO\XPCO\SC\MIPPlugins\SearchProviders\UnitTest\bin\Debug\net472\UnitTest.dll" adapterTypeName="executor://mstestadapter/v2" className="VideoOS.SearchAgents.UnitTest.BookmarksAgent.BookmarkDataSourceTest" name="TestBookmarkSearchTimeOffline_IndependentOfCulture_Success" />
    </UnitTest>
    <UnitTest name="TestBookmarkSearchFromBookmark_NullFQIDs_Failure" storage="d:\actions-runner\_work\xpco\xpco\sc\mipplugins\searchproviders\unittest\bin\debug\net472\unittest.dll" id="42b2df1c-5c94-7979-829f-c3bb3c261c6d">
      <TestCategory>
        <TestCategoryItem TestCategory="BookmarksAgent" />
      </TestCategory>
      <Execution id="8485f041-6344-4eac-8d2b-a920b4f138ea" />
      <TestMethod codeBase="D:\actions-runner\_work\XPCO\XPCO\SC\MIPPlugins\SearchProviders\UnitTest\bin\Debug\net472\UnitTest.dll" adapterTypeName="executor://mstestadapter/v2" className="VideoOS.SearchAgents.UnitTest.BookmarksAgent.BookmarkDataSourceTest" name="TestBookmarkSearchFromBookmark_NullFQIDs_Failure" />
    </UnitTest>
    <UnitTest name="Search_SmartSearch_TwoCamera_SortOrder_Unspecified_Success" storage="d:\actions-runner\_work\xpco\xpco\sc\mipplugins\searchproviders\unittest\bin\debug\net472\unittest.dll" id="294013a6-e8f5-7ee5-4209-6eb20519ab5b">
      <TestCategory>
        <TestCategoryItem TestCategory="MotionSearchDefinition" />
      </TestCategory>
      <Execution id="8f7e1f55-ff83-43e9-87e7-dd656b44d904" />
      <TestMethod codeBase="D:\actions-runner\_work\XPCO\XPCO\SC\MIPPlugins\SearchProviders\UnitTest\bin\Debug\net472\UnitTest.dll" adapterTypeName="executor://mstestadapter/v2" className="VideoOS.SearchAgents.UnitTest.RecordingsAgent.MotionSearchDefinitionTest" name="Search_SmartSearch_TwoCamera_SortOrder_Unspecified_Success" />
    </UnitTest>
    <UnitTest name="CreateSearchDefinition_Correct" storage="d:\actions-runner\_work\xpco\xpco\sc\mipplugins\searchproviders\unittest\bin\debug\net472\unittest.dll" id="9d799095-daeb-4507-60b4-b8601a927d39">
      <TestCategory>
        <TestCategoryItem TestCategory="RecordingAgentPlugin" />
      </TestCategory>
      <Execution id="b2e7744b-8d2a-4bbf-8706-b953fd79d0b1" />
      <TestMethod codeBase="D:\actions-runner\_work\XPCO\XPCO\SC\MIPPlugins\SearchProviders\UnitTest\bin\Debug\net472\UnitTest.dll" adapterTypeName="executor://mstestadapter/v2" className="VideoOS.SearchAgents.UnitTest.RecordingsAgent.RecordingAgentPluginTest" name="CreateSearchDefinition_Correct" />
    </UnitTest>
    <UnitTest name="Close_InitNotCalled_DoesNotCrash" storage="d:\actions-runner\_work\xpco\xpco\sc\mipplugins\searchproviders\unittest\bin\debug\net472\unittest.dll" id="41200474-bcdc-f1f8-6add-00218f99b8b2">
      <TestCategory>
        <TestCategoryItem TestCategory="RecordingAgentPlugin" />
      </TestCategory>
      <Execution id="51f80546-6ea8-40e2-b3d4-68689a4496dc" />
      <TestMethod codeBase="D:\actions-runner\_work\XPCO\XPCO\SC\MIPPlugins\SearchProviders\UnitTest\bin\Debug\net472\UnitTest.dll" adapterTypeName="executor://mstestadapter/v2" className="VideoOS.SearchAgents.UnitTest.RecordingsAgent.RecordingAgentPluginTest" name="Close_InitNotCalled_DoesNotCrash" />
    </UnitTest>
    <UnitTest name="TestBookmarkSearchTimeOffline_IndependentOfCulture_Success (Header,Aabb,1,en-US)" storage="d:\actions-runner\_work\xpco\xpco\sc\mipplugins\searchproviders\unittest\bin\debug\net472\unittest.dll" id="5c37478c-cf6a-ebcc-d9f0-d14c64e648d2">
      <TestCategory>
        <TestCategoryItem TestCategory="BookmarksAgent" />
      </TestCategory>
      <Execution id="9d53095b-f2bf-4eac-b17c-bbb1e05fdd5a" />
      <TestMethod codeBase="D:\actions-runner\_work\XPCO\XPCO\SC\MIPPlugins\SearchProviders\UnitTest\bin\Debug\net472\UnitTest.dll" adapterTypeName="executor://mstestadapter/v2" className="VideoOS.SearchAgents.UnitTest.BookmarksAgent.BookmarkDataSourceTest" name="TestBookmarkSearchTimeOffline_IndependentOfCulture_Success" />
    </UnitTest>
    <UnitTest name="GetDisplayValue_SmartSearchFilter_MultipleSelections_Success" storage="d:\actions-runner\_work\xpco\xpco\sc\mipplugins\searchproviders\unittest\bin\debug\net472\unittest.dll" id="d54007dd-c7ce-195a-e99f-ef4464135f60">
      <TestCategory>
        <TestCategoryItem TestCategory="SmartSearchSearchFilter" />
      </TestCategory>
      <Execution id="63f35e0d-11f0-4d3a-818b-dae1bc883af0" />
      <TestMethod codeBase="D:\actions-runner\_work\XPCO\XPCO\SC\MIPPlugins\SearchProviders\UnitTest\bin\Debug\net472\UnitTest.dll" adapterTypeName="executor://mstestadapter/v2" className="VideoOS.SearchAgents.UnitTest.RecordingsAgent.SearchAttributes.SmartSearchSearchFilterTest" name="GetDisplayValue_SmartSearchFilter_MultipleSelections_Success" />
    </UnitTest>
    <UnitTest name="TestBookmarkSearchFromBookmarkOffline_Success (Description,header,0)" storage="d:\actions-runner\_work\xpco\xpco\sc\mipplugins\searchproviders\unittest\bin\debug\net472\unittest.dll" id="27436264-2adc-bafb-b33a-e4519739c91f">
      <TestCategory>
        <TestCategoryItem TestCategory="BookmarksAgent" />
      </TestCategory>
      <Execution id="9725a338-d09a-42c6-87a3-dc7f19a04910" />
      <TestMethod codeBase="D:\actions-runner\_work\XPCO\XPCO\SC\MIPPlugins\SearchProviders\UnitTest\bin\Debug\net472\UnitTest.dll" adapterTypeName="executor://mstestadapter/v2" className="VideoOS.SearchAgents.UnitTest.BookmarksAgent.BookmarkDataSourceTest" name="TestBookmarkSearchFromBookmarkOffline_Success" />
    </UnitTest>
    <UnitTest name="TestBookmarkSearchTime_NullKinds_Failure" storage="d:\actions-runner\_work\xpco\xpco\sc\mipplugins\searchproviders\unittest\bin\debug\net472\unittest.dll" id="bb39c03f-b83d-0919-051f-8edbbe1f88ef">
      <TestCategory>
        <TestCategoryItem TestCategory="BookmarksAgent" />
      </TestCategory>
      <Execution id="66bb9ed8-5730-497b-84ed-dec6dc0066ce" />
      <TestMethod codeBase="D:\actions-runner\_work\XPCO\XPCO\SC\MIPPlugins\SearchProviders\UnitTest\bin\Debug\net472\UnitTest.dll" adapterTypeName="executor://mstestadapter/v2" className="VideoOS.SearchAgents.UnitTest.BookmarksAgent.BookmarkDataSourceTest" name="TestBookmarkSearchTime_NullKinds_Failure" />
    </UnitTest>
    <UnitTest name="ContainsTextSearchFilterValue_Deserialize_Success (SearchText\u001b2,SearchText,Description)" storage="d:\actions-runner\_work\xpco\xpco\sc\mipplugins\searchproviders\unittest\bin\debug\net472\unittest.dll" id="b015c8c4-185e-1b8d-1772-14d7983a5bd8">
      <TestCategory>
        <TestCategoryItem TestCategory="BookmarksAgent" />
      </TestCategory>
      <Execution id="09f25e85-f7a6-41bd-89bc-e4981e6d8782" />
      <TestMethod codeBase="D:\actions-runner\_work\XPCO\XPCO\SC\MIPPlugins\SearchProviders\UnitTest\bin\Debug\net472\UnitTest.dll" adapterTypeName="executor://mstestadapter/v2" className="VideoOS.SearchAgents.UnitTest.BookmarksAgent.ContainsTextSearchFilterValueTests" name="ContainsTextSearchFilterValue_Deserialize_Success" />
    </UnitTest>
    <UnitTest name="Name_Correct" storage="d:\actions-runner\_work\xpco\xpco\sc\mipplugins\searchproviders\unittest\bin\debug\net472\unittest.dll" id="8fc8125e-05cf-5418-5779-e12882833409">
      <TestCategory>
        <TestCategoryItem TestCategory="BookmarksAgent" />
      </TestCategory>
      <Execution id="f8eca94b-8d62-47b3-986a-ac6f7e8926a0" />
      <TestMethod codeBase="D:\actions-runner\_work\XPCO\XPCO\SC\MIPPlugins\SearchProviders\UnitTest\bin\Debug\net472\UnitTest.dll" adapterTypeName="executor://mstestadapter/v2" className="VideoOS.SearchAgents.UnitTest.BookmarksAgent.BookmarksAgentPluginTest" name="Name_Correct" />
    </UnitTest>
    <UnitTest name="ExcludeFromAboutBox_True" storage="d:\actions-runner\_work\xpco\xpco\sc\mipplugins\searchproviders\unittest\bin\debug\net472\unittest.dll" id="89399c33-f7d1-bae1-9547-575f32fca784">
      <TestCategory>
        <TestCategoryItem TestCategory="SearchAgentsPlugin" />
      </TestCategory>
      <Execution id="bd02ed2c-2714-416b-90d4-694e32544922" />
      <TestMethod codeBase="D:\actions-runner\_work\XPCO\XPCO\SC\MIPPlugins\SearchProviders\UnitTest\bin\Debug\net472\UnitTest.dll" adapterTypeName="executor://mstestadapter/v2" className="VideoOS.SearchAgents.UnitTest.SearchAgentsPlugin.SearchAgentsPluginDefinitionTest" name="ExcludeFromAboutBox_True" />
    </UnitTest>
    <UnitTest name="TestBookmarkSearchFromBookmarkOffline_IndependentOfCulture_Success (Description,aacc,1,en-US)" storage="d:\actions-runner\_work\xpco\xpco\sc\mipplugins\searchproviders\unittest\bin\debug\net472\unittest.dll" id="5fbe8577-5f2c-807a-3664-4fcf5ba117b6">
      <TestCategory>
        <TestCategoryItem TestCategory="BookmarksAgent" />
      </TestCategory>
      <Execution id="323a6843-209c-406b-a555-09e93ecccf2e" />
      <TestMethod codeBase="D:\actions-runner\_work\XPCO\XPCO\SC\MIPPlugins\SearchProviders\UnitTest\bin\Debug\net472\UnitTest.dll" adapterTypeName="executor://mstestadapter/v2" className="VideoOS.SearchAgents.UnitTest.BookmarksAgent.BookmarkDataSourceTest" name="TestBookmarkSearchFromBookmarkOffline_IndependentOfCulture_Success" />
    </UnitTest>
    <UnitTest name="TestSearch_OneCamera_Sort_OldestStartTime" storage="d:\actions-runner\_work\xpco\xpco\sc\mipplugins\searchproviders\unittest\bin\debug\net472\unittest.dll" id="38b2ee54-bd5b-1a17-40b1-6e90cad37fd9">
      <TestCategory>
        <TestCategoryItem TestCategory="BookmarksAgent" />
      </TestCategory>
      <Execution id="caa015b7-9506-4251-9de3-ed5f00170939" />
      <TestMethod codeBase="D:\actions-runner\_work\XPCO\XPCO\SC\MIPPlugins\SearchProviders\UnitTest\bin\Debug\net472\UnitTest.dll" adapterTypeName="executor://mstestadapter/v2" className="VideoOS.SearchAgents.UnitTest.BookmarksAgent.BookmarksSearchDefinitionTest" name="TestSearch_OneCamera_Sort_OldestStartTime" />
    </UnitTest>
    <UnitTest name="TestSearch_OneCamera_Success" storage="d:\actions-runner\_work\xpco\xpco\sc\mipplugins\searchproviders\unittest\bin\debug\net472\unittest.dll" id="03fb0271-faa3-06bb-227e-3d405cf12236">
      <TestCategory>
        <TestCategoryItem TestCategory="RecordingSearchDefinition" />
      </TestCategory>
      <Execution id="ef9801bf-38f6-4292-a4fc-356974fe27a3" />
      <TestMethod codeBase="D:\actions-runner\_work\XPCO\XPCO\SC\MIPPlugins\SearchProviders\UnitTest\bin\Debug\net472\UnitTest.dll" adapterTypeName="executor://mstestadapter/v2" className="VideoOS.SearchAgents.UnitTest.RecordingsAgent.RecordingSearchDefinitionTest" name="TestSearch_OneCamera_Success" />
    </UnitTest>
    <UnitTest name="TestBookmarkSearchTimeOffline_Success (Header,Header1,1)" storage="d:\actions-runner\_work\xpco\xpco\sc\mipplugins\searchproviders\unittest\bin\debug\net472\unittest.dll" id="2087dc5f-7425-4be9-5eef-bb027642398b">
      <TestCategory>
        <TestCategoryItem TestCategory="BookmarksAgent" />
      </TestCategory>
      <Execution id="f22f2cc0-4b52-4ff1-84ea-fdc0c5ad7b8d" />
      <TestMethod codeBase="D:\actions-runner\_work\XPCO\XPCO\SC\MIPPlugins\SearchProviders\UnitTest\bin\Debug\net472\UnitTest.dll" adapterTypeName="executor://mstestadapter/v2" className="VideoOS.SearchAgents.UnitTest.BookmarksAgent.BookmarkDataSourceTest" name="TestBookmarkSearchTimeOffline_Success" />
    </UnitTest>
    <UnitTest name="TestSearch_CamerasIsNull_NoResultsReceived" storage="d:\actions-runner\_work\xpco\xpco\sc\mipplugins\searchproviders\unittest\bin\debug\net472\unittest.dll" id="aeafbb41-06a0-a3ac-5608-ee0640fa7ee4">
      <TestCategory>
        <TestCategoryItem TestCategory="BookmarksAgent" />
      </TestCategory>
      <Execution id="5b92b41d-8943-4c68-a594-8877de401ece" />
      <TestMethod codeBase="D:\actions-runner\_work\XPCO\XPCO\SC\MIPPlugins\SearchProviders\UnitTest\bin\Debug\net472\UnitTest.dll" adapterTypeName="executor://mstestadapter/v2" className="VideoOS.SearchAgents.UnitTest.BookmarksAgent.BookmarksSearchDefinitionTest" name="TestSearch_CamerasIsNull_NoResultsReceived" />
    </UnitTest>
    <UnitTest name="Name_Correct" storage="d:\actions-runner\_work\xpco\xpco\sc\mipplugins\searchproviders\unittest\bin\debug\net472\unittest.dll" id="a99cb650-2ef6-451a-fab1-93423ace3428">
      <TestCategory>
        <TestCategoryItem TestCategory="MotionAgentPlugin" />
      </TestCategory>
      <Execution id="dd7f2958-81c6-497c-9866-3ca3ad034177" />
      <TestMethod codeBase="D:\actions-runner\_work\XPCO\XPCO\SC\MIPPlugins\SearchProviders\UnitTest\bin\Debug\net472\UnitTest.dll" adapterTypeName="executor://mstestadapter/v2" className="VideoOS.SearchAgents.UnitTest.RecordingsAgent.MotionAgentPluginTest" name="Name_Correct" />
    </UnitTest>
    <UnitTest name="TestBookmarkSearchFromBookmark_Success (Header)" storage="d:\actions-runner\_work\xpco\xpco\sc\mipplugins\searchproviders\unittest\bin\debug\net472\unittest.dll" id="8ec57f21-f4c0-9c3c-08cd-9f1c4521b5c2">
      <TestCategory>
        <TestCategoryItem TestCategory="BookmarksAgent" />
      </TestCategory>
      <Execution id="51b0aa3b-529a-41ef-ab5c-de43a2669921" />
      <TestMethod codeBase="D:\actions-runner\_work\XPCO\XPCO\SC\MIPPlugins\SearchProviders\UnitTest\bin\Debug\net472\UnitTest.dll" adapterTypeName="executor://mstestadapter/v2" className="VideoOS.SearchAgents.UnitTest.BookmarksAgent.BookmarkDataSourceTest" name="TestBookmarkSearchFromBookmark_Success" />
    </UnitTest>
    <UnitTest name="Name_UpdateUsingSetter_Success" storage="d:\actions-runner\_work\xpco\xpco\sc\mipplugins\searchproviders\unittest\bin\debug\net472\unittest.dll" id="402e03a6-c844-e310-daf8-9a12b1f92722">
      <TestCategory>
        <TestCategoryItem TestCategory="BookmarksAgent" />
      </TestCategory>
      <Execution id="478e0404-7a16-48f1-bce0-ba0f13d1c8e2" />
      <TestMethod codeBase="D:\actions-runner\_work\XPCO\XPCO\SC\MIPPlugins\SearchProviders\UnitTest\bin\Debug\net472\UnitTest.dll" adapterTypeName="executor://mstestadapter/v2" className="VideoOS.SearchAgents.UnitTest.BookmarksAgent.BookmarksAgentPluginTest" name="Name_UpdateUsingSetter_Success" />
    </UnitTest>
    <UnitTest name="TestSearch_TwoCameras_WithPermissionForNone_Success" storage="d:\actions-runner\_work\xpco\xpco\sc\mipplugins\searchproviders\unittest\bin\debug\net472\unittest.dll" id="ebe17504-cfb9-adbb-b2bb-91b20df296d7">
      <TestCategory>
        <TestCategoryItem TestCategory="RecordingSearchDefinition" />
      </TestCategory>
      <Execution id="07985323-38b6-4adc-9451-4c940ab570f9" />
      <TestMethod codeBase="D:\actions-runner\_work\XPCO\XPCO\SC\MIPPlugins\SearchProviders\UnitTest\bin\Debug\net472\UnitTest.dll" adapterTypeName="executor://mstestadapter/v2" className="VideoOS.SearchAgents.UnitTest.RecordingsAgent.RecordingSearchDefinitionTest" name="TestSearch_TwoCameras_WithPermissionForNone_Success" />
    </UnitTest>
    <UnitTest name="TestBookmarkSearchFromBookmarkOffline_Success (Header,header2,1)" storage="d:\actions-runner\_work\xpco\xpco\sc\mipplugins\searchproviders\unittest\bin\debug\net472\unittest.dll" id="3ae5e3c3-7373-f589-ce86-62eab1e6a6c7">
      <TestCategory>
        <TestCategoryItem TestCategory="BookmarksAgent" />
      </TestCategory>
      <Execution id="92951038-535e-4385-8a4e-63f827ac45f5" />
      <TestMethod codeBase="D:\actions-runner\_work\XPCO\XPCO\SC\MIPPlugins\SearchProviders\UnitTest\bin\Debug\net472\UnitTest.dll" adapterTypeName="executor://mstestadapter/v2" className="VideoOS.SearchAgents.UnitTest.BookmarksAgent.BookmarkDataSourceTest" name="TestBookmarkSearchFromBookmarkOffline_Success" />
    </UnitTest>
    <UnitTest name="TestSearch_CancelBeforeFetchingData_Success" storage="d:\actions-runner\_work\xpco\xpco\sc\mipplugins\searchproviders\unittest\bin\debug\net472\unittest.dll" id="d309c2e6-eaf5-877a-cfc4-7a146e624715">
      <TestCategory>
        <TestCategoryItem TestCategory="RecordingSearchDefinition" />
      </TestCategory>
      <Execution id="0b016187-f41e-444a-9f8a-2a87ffed49f3" />
      <TestMethod codeBase="D:\actions-runner\_work\XPCO\XPCO\SC\MIPPlugins\SearchProviders\UnitTest\bin\Debug\net472\UnitTest.dll" adapterTypeName="executor://mstestadapter/v2" className="VideoOS.SearchAgents.UnitTest.RecordingsAgent.RecordingSearchDefinitionTest" name="TestSearch_CancelBeforeFetchingData_Success" />
    </UnitTest>
    <UnitTest name="TestSearchCriteriaGet_Success" storage="d:\actions-runner\_work\xpco\xpco\sc\mipplugins\searchproviders\unittest\bin\debug\net472\unittest.dll" id="966d7216-01b1-eceb-f7ba-b01522d00244">
      <TestCategory>
        <TestCategoryItem TestCategory="MotionSearchDefinition" />
      </TestCategory>
      <Execution id="cf874a2d-35eb-4ccf-bc21-d765c70727f9" />
      <TestMethod codeBase="D:\actions-runner\_work\XPCO\XPCO\SC\MIPPlugins\SearchProviders\UnitTest\bin\Debug\net472\UnitTest.dll" adapterTypeName="executor://mstestadapter/v2" className="VideoOS.SearchAgents.UnitTest.RecordingsAgent.MotionSearchDefinitionTest" name="TestSearchCriteriaGet_Success" />
    </UnitTest>
    <UnitTest name="TestBookmarkSearchFromBookmarkOffline_Success (Header,Header1,1)" storage="d:\actions-runner\_work\xpco\xpco\sc\mipplugins\searchproviders\unittest\bin\debug\net472\unittest.dll" id="b94dfcf4-7136-c16b-a733-2745c97ee71f">
      <TestCategory>
        <TestCategoryItem TestCategory="BookmarksAgent" />
      </TestCategory>
      <Execution id="8f01d00c-3a2d-46fd-8411-31dd915f9de8" />
      <TestMethod codeBase="D:\actions-runner\_work\XPCO\XPCO\SC\MIPPlugins\SearchProviders\UnitTest\bin\Debug\net472\UnitTest.dll" adapterTypeName="executor://mstestadapter/v2" className="VideoOS.SearchAgents.UnitTest.BookmarksAgent.BookmarkDataSourceTest" name="TestBookmarkSearchFromBookmarkOffline_Success" />
    </UnitTest>
    <UnitTest name="ValidateAndReturnDate_InvalidDates_Success" storage="d:\actions-runner\_work\xpco\xpco\sc\mipplugins\searchproviders\unittest\bin\debug\net472\unittest.dll" id="984b7f3b-462d-04a2-9715-5c043bf5d6cd">
      <TestCategory>
        <TestCategoryItem TestCategory="Utils" />
      </TestCategory>
      <Execution id="fee28ac8-a84c-47e7-b329-534ccca33130" />
      <TestMethod codeBase="D:\actions-runner\_work\XPCO\XPCO\SC\MIPPlugins\SearchProviders\UnitTest\bin\Debug\net472\UnitTest.dll" adapterTypeName="executor://mstestadapter/v2" className="VideoOS.SearchAgents.UnitTest.RecordingsAgent.UtilsTest" name="ValidateAndReturnDate_InvalidDates_Success" />
    </UnitTest>
    <UnitTest name="TestBookmarkSearchTimeOffline_Success (Description,Header,0)" storage="d:\actions-runner\_work\xpco\xpco\sc\mipplugins\searchproviders\unittest\bin\debug\net472\unittest.dll" id="fe32ffe8-c8ef-abfd-3c05-88f3b9906c48">
      <TestCategory>
        <TestCategoryItem TestCategory="BookmarksAgent" />
      </TestCategory>
      <Execution id="d768a291-a70c-4e5c-bfa7-da627849505e" />
      <TestMethod codeBase="D:\actions-runner\_work\XPCO\XPCO\SC\MIPPlugins\SearchProviders\UnitTest\bin\Debug\net472\UnitTest.dll" adapterTypeName="executor://mstestadapter/v2" className="VideoOS.SearchAgents.UnitTest.BookmarksAgent.BookmarkDataSourceTest" name="TestBookmarkSearchTimeOffline_Success" />
    </UnitTest>
    <UnitTest name="TestSearch_OneCamera_Sort_Unspecified" storage="d:\actions-runner\_work\xpco\xpco\sc\mipplugins\searchproviders\unittest\bin\debug\net472\unittest.dll" id="df60b123-5948-0ed5-08cb-e61c71777551">
      <TestCategory>
        <TestCategoryItem TestCategory="BookmarksAgent" />
      </TestCategory>
      <Execution id="652da52d-b919-4203-969c-1535f3b55b8b" />
      <TestMethod codeBase="D:\actions-runner\_work\XPCO\XPCO\SC\MIPPlugins\SearchProviders\UnitTest\bin\Debug\net472\UnitTest.dll" adapterTypeName="executor://mstestadapter/v2" className="VideoOS.SearchAgents.UnitTest.BookmarksAgent.BookmarksSearchDefinitionTest" name="TestSearch_OneCamera_Sort_Unspecified" />
    </UnitTest>
    <UnitTest name="TestSearch_TwoCamerasDifferentServers_Success" storage="d:\actions-runner\_work\xpco\xpco\sc\mipplugins\searchproviders\unittest\bin\debug\net472\unittest.dll" id="36fede08-3408-b437-36f6-79ccb4baaed8">
      <TestCategory>
        <TestCategoryItem TestCategory="BookmarksAgent" />
      </TestCategory>
      <Execution id="524a8a1f-c4a2-48b1-bbd8-dee970b5f92b" />
      <TestMethod codeBase="D:\actions-runner\_work\XPCO\XPCO\SC\MIPPlugins\SearchProviders\UnitTest\bin\Debug\net472\UnitTest.dll" adapterTypeName="executor://mstestadapter/v2" className="VideoOS.SearchAgents.UnitTest.BookmarksAgent.BookmarksSearchDefinitionTest" name="TestSearch_TwoCamerasDifferentServers_Success" />
    </UnitTest>
    <UnitTest name="TestBookmarkSearchFromBookmarkOffline_IndependentOfCulture_Success (Header,ab,1,en-US)" storage="d:\actions-runner\_work\xpco\xpco\sc\mipplugins\searchproviders\unittest\bin\debug\net472\unittest.dll" id="10fdddf0-2640-32c7-fc86-37acc77f6458">
      <TestCategory>
        <TestCategoryItem TestCategory="BookmarksAgent" />
      </TestCategory>
      <Execution id="e9ec2dbb-bc18-41e0-8370-3d11c1758e5e" />
      <TestMethod codeBase="D:\actions-runner\_work\XPCO\XPCO\SC\MIPPlugins\SearchProviders\UnitTest\bin\Debug\net472\UnitTest.dll" adapterTypeName="executor://mstestadapter/v2" className="VideoOS.SearchAgents.UnitTest.BookmarksAgent.BookmarkDataSourceTest" name="TestBookmarkSearchFromBookmarkOffline_IndependentOfCulture_Success" />
    </UnitTest>
    <UnitTest name="Search_SmartSearch_TwoCamera_PermissionForNone_Succes" storage="d:\actions-runner\_work\xpco\xpco\sc\mipplugins\searchproviders\unittest\bin\debug\net472\unittest.dll" id="f11c43ed-5149-d336-fe41-6a5cabc9959b">
      <TestCategory>
        <TestCategoryItem TestCategory="MotionSearchDefinition" />
      </TestCategory>
      <Execution id="66f87903-6c8d-48b7-b2a3-2903db00039f" />
      <TestMethod codeBase="D:\actions-runner\_work\XPCO\XPCO\SC\MIPPlugins\SearchProviders\UnitTest\bin\Debug\net472\UnitTest.dll" adapterTypeName="executor://mstestadapter/v2" className="VideoOS.SearchAgents.UnitTest.RecordingsAgent.MotionSearchDefinitionTest" name="Search_SmartSearch_TwoCamera_PermissionForNone_Succes" />
    </UnitTest>
    <UnitTest name="Name_Correct" storage="d:\actions-runner\_work\xpco\xpco\sc\mipplugins\searchproviders\unittest\bin\debug\net472\unittest.dll" id="967f1e1c-e312-a478-eb72-7fa09d60f911">
      <TestCategory>
        <TestCategoryItem TestCategory="SearchAgentsPlugin" />
      </TestCategory>
      <Execution id="55674dd7-697f-4a1d-9b1b-3b466ffe377e" />
      <TestMethod codeBase="D:\actions-runner\_work\XPCO\XPCO\SC\MIPPlugins\SearchProviders\UnitTest\bin\Debug\net472\UnitTest.dll" adapterTypeName="executor://mstestadapter/v2" className="VideoOS.SearchAgents.UnitTest.SearchAgentsPlugin.SearchAgentsPluginDefinitionTest" name="Name_Correct" />
    </UnitTest>
    <UnitTest name="ResetValue_Success" storage="d:\actions-runner\_work\xpco\xpco\sc\mipplugins\searchproviders\unittest\bin\debug\net472\unittest.dll" id="bcfefae3-d8e8-f0bf-2120-4a0879198b1b">
      <TestCategory>
        <TestCategoryItem TestCategory="BookmarksAgent" />
      </TestCategory>
      <Execution id="a51825d8-6279-4374-b899-3690f04c8c60" />
      <TestMethod codeBase="D:\actions-runner\_work\XPCO\XPCO\SC\MIPPlugins\SearchProviders\UnitTest\bin\Debug\net472\UnitTest.dll" adapterTypeName="executor://mstestadapter/v2" className="VideoOS.SearchAgents.UnitTest.BookmarksAgent.MyBookmarksOnlySearchFilterTest" name="ResetValue_Success" />
    </UnitTest>
    <UnitTest name="TestBookmarkSearchFromBookmarkOffline_IndependentOfCulture_Success (Header,Aabb,1,en-US)" storage="d:\actions-runner\_work\xpco\xpco\sc\mipplugins\searchproviders\unittest\bin\debug\net472\unittest.dll" id="e0002542-6023-f9de-027b-f20074975dd3">
      <TestCategory>
        <TestCategoryItem TestCategory="BookmarksAgent" />
      </TestCategory>
      <Execution id="d3b4b647-f1d0-4319-82f2-106bac5f3008" />
      <TestMethod codeBase="D:\actions-runner\_work\XPCO\XPCO\SC\MIPPlugins\SearchProviders\UnitTest\bin\Debug\net472\UnitTest.dll" adapterTypeName="executor://mstestadapter/v2" className="VideoOS.SearchAgents.UnitTest.BookmarksAgent.BookmarkDataSourceTest" name="TestBookmarkSearchFromBookmarkOffline_IndependentOfCulture_Success" />
    </UnitTest>
    <UnitTest name="TestBookmarkSearchFromBookmark_NullOptUsers_Failure" storage="d:\actions-runner\_work\xpco\xpco\sc\mipplugins\searchproviders\unittest\bin\debug\net472\unittest.dll" id="e898caac-aa7d-2d31-d189-9fe94ecc0769">
      <TestCategory>
        <TestCategoryItem TestCategory="BookmarksAgent" />
      </TestCategory>
      <Execution id="aa318cc2-2323-4801-8327-71ecdd2ab100" />
      <TestMethod codeBase="D:\actions-runner\_work\XPCO\XPCO\SC\MIPPlugins\SearchProviders\UnitTest\bin\Debug\net472\UnitTest.dll" adapterTypeName="executor://mstestadapter/v2" className="VideoOS.SearchAgents.UnitTest.BookmarksAgent.BookmarkDataSourceTest" name="TestBookmarkSearchFromBookmark_NullOptUsers_Failure" />
    </UnitTest>
    <UnitTest name="TestBookmarkSearchFromBookmarkOffline_IndependentOfCulture_Success (Header,aabb,1,en-US)" storage="d:\actions-runner\_work\xpco\xpco\sc\mipplugins\searchproviders\unittest\bin\debug\net472\unittest.dll" id="04dd834f-4d7f-126c-c936-5f541aee5d36">
      <TestCategory>
        <TestCategoryItem TestCategory="BookmarksAgent" />
      </TestCategory>
      <Execution id="e1cf621c-07fe-4983-a981-326ff3443f6c" />
      <TestMethod codeBase="D:\actions-runner\_work\XPCO\XPCO\SC\MIPPlugins\SearchProviders\UnitTest\bin\Debug\net472\UnitTest.dll" adapterTypeName="executor://mstestadapter/v2" className="VideoOS.SearchAgents.UnitTest.BookmarksAgent.BookmarkDataSourceTest" name="TestBookmarkSearchFromBookmarkOffline_IndependentOfCulture_Success" />
    </UnitTest>
    <UnitTest name="Search_SmartSearch_DateTimeMinValueResult_ArgumentOutOfRangeException_Succes" storage="d:\actions-runner\_work\xpco\xpco\sc\mipplugins\searchproviders\unittest\bin\debug\net472\unittest.dll" id="16b5250d-e1db-deaa-ad64-2edadf1dbe61">
      <TestCategory>
        <TestCategoryItem TestCategory="MotionSearchDefinition" />
      </TestCategory>
      <Execution id="467a7413-01e3-4787-9ca7-19f2e6fe2a18" />
      <TestMethod codeBase="D:\actions-runner\_work\XPCO\XPCO\SC\MIPPlugins\SearchProviders\UnitTest\bin\Debug\net472\UnitTest.dll" adapterTypeName="executor://mstestadapter/v2" className="VideoOS.SearchAgents.UnitTest.RecordingsAgent.MotionSearchDefinitionTest" name="Search_SmartSearch_DateTimeMinValueResult_ArgumentOutOfRangeException_Succes" />
    </UnitTest>
    <UnitTest name="Search_SmartSearch_OneCamera_Cancellation_Succes" storage="d:\actions-runner\_work\xpco\xpco\sc\mipplugins\searchproviders\unittest\bin\debug\net472\unittest.dll" id="3f5879ee-e1d4-7162-8cbc-7ae72964d991">
      <TestCategory>
        <TestCategoryItem TestCategory="MotionSearchDefinition" />
      </TestCategory>
      <Execution id="5abb3741-8518-462f-91e1-90d45a50f8fb" />
      <TestMethod codeBase="D:\actions-runner\_work\XPCO\XPCO\SC\MIPPlugins\SearchProviders\UnitTest\bin\Debug\net472\UnitTest.dll" adapterTypeName="executor://mstestadapter/v2" className="VideoOS.SearchAgents.UnitTest.RecordingsAgent.MotionSearchDefinitionTest" name="Search_SmartSearch_OneCamera_Cancellation_Succes" />
    </UnitTest>
    <UnitTest name="Id_Correct" storage="d:\actions-runner\_work\xpco\xpco\sc\mipplugins\searchproviders\unittest\bin\debug\net472\unittest.dll" id="d8934dd9-c079-80dd-0024-d016243d769e">
      <TestCategory>
        <TestCategoryItem TestCategory="RecordingAgentPlugin" />
      </TestCategory>
      <Execution id="9be4d79c-6e15-4f93-b7a3-652b3af62cff" />
      <TestMethod codeBase="D:\actions-runner\_work\XPCO\XPCO\SC\MIPPlugins\SearchProviders\UnitTest\bin\Debug\net472\UnitTest.dll" adapterTypeName="executor://mstestadapter/v2" className="VideoOS.SearchAgents.UnitTest.RecordingsAgent.RecordingAgentPluginTest" name="Id_Correct" />
    </UnitTest>
    <UnitTest name="TestSearch_BookmarkSearchTimeThrowsException_Success" storage="d:\actions-runner\_work\xpco\xpco\sc\mipplugins\searchproviders\unittest\bin\debug\net472\unittest.dll" id="51566ac1-d084-0dc7-7291-64bf03f15cdb">
      <TestCategory>
        <TestCategoryItem TestCategory="BookmarksAgent" />
      </TestCategory>
      <Execution id="75aed18e-019a-4aee-b0ee-4f1d076bee24" />
      <TestMethod codeBase="D:\actions-runner\_work\XPCO\XPCO\SC\MIPPlugins\SearchProviders\UnitTest\bin\Debug\net472\UnitTest.dll" adapterTypeName="executor://mstestadapter/v2" className="VideoOS.SearchAgents.UnitTest.BookmarksAgent.BookmarksSearchDefinitionTest" name="TestSearch_BookmarkSearchTimeThrowsException_Success" />
    </UnitTest>
    <UnitTest name="TestBookmarkSearchFromBookmark_Success (HeaderAndDescription)" storage="d:\actions-runner\_work\xpco\xpco\sc\mipplugins\searchproviders\unittest\bin\debug\net472\unittest.dll" id="6f295cbb-379a-379a-1456-2776b14ea9d3">
      <TestCategory>
        <TestCategoryItem TestCategory="BookmarksAgent" />
      </TestCategory>
      <Execution id="0addefdd-ccb4-49fa-a277-fccab93fd0e4" />
      <TestMethod codeBase="D:\actions-runner\_work\XPCO\XPCO\SC\MIPPlugins\SearchProviders\UnitTest\bin\Debug\net472\UnitTest.dll" adapterTypeName="executor://mstestadapter/v2" className="VideoOS.SearchAgents.UnitTest.BookmarksAgent.BookmarkDataSourceTest" name="TestBookmarkSearchFromBookmark_Success" />
    </UnitTest>
    <UnitTest name="Search_SmartSearch_OneCamera_ThrowsException_Success" storage="d:\actions-runner\_work\xpco\xpco\sc\mipplugins\searchproviders\unittest\bin\debug\net472\unittest.dll" id="ae6fd0d2-b943-efb2-7588-a6addd5196f7">
      <TestCategory>
        <TestCategoryItem TestCategory="MotionSearchDefinition" />
      </TestCategory>
      <Execution id="21fedde5-8db8-4341-a603-9bb27190d07d" />
      <TestMethod codeBase="D:\actions-runner\_work\XPCO\XPCO\SC\MIPPlugins\SearchProviders\UnitTest\bin\Debug\net472\UnitTest.dll" adapterTypeName="executor://mstestadapter/v2" className="VideoOS.SearchAgents.UnitTest.RecordingsAgent.MotionSearchDefinitionTest" name="Search_SmartSearch_OneCamera_ThrowsException_Success" />
    </UnitTest>
    <UnitTest name="Search_SmartSearch_OneCamera_ThrowsWebException_Success" storage="d:\actions-runner\_work\xpco\xpco\sc\mipplugins\searchproviders\unittest\bin\debug\net472\unittest.dll" id="83010949-ed7b-8226-25ad-4ca68ee05c40">
      <TestCategory>
        <TestCategoryItem TestCategory="MotionSearchDefinition" />
      </TestCategory>
      <Execution id="705841d5-ee9e-422d-b974-c5d58c5ca78f" />
      <TestMethod codeBase="D:\actions-runner\_work\XPCO\XPCO\SC\MIPPlugins\SearchProviders\UnitTest\bin\Debug\net472\UnitTest.dll" adapterTypeName="executor://mstestadapter/v2" className="VideoOS.SearchAgents.UnitTest.RecordingsAgent.MotionSearchDefinitionTest" name="Search_SmartSearch_OneCamera_ThrowsWebException_Success" />
    </UnitTest>
    <UnitTest name="SearchFilterCategory_Success" storage="d:\actions-runner\_work\xpco\xpco\sc\mipplugins\searchproviders\unittest\bin\debug\net472\unittest.dll" id="b3c81db5-ea1f-d2f3-84d4-73929c07411c">
      <TestCategory>
        <TestCategoryItem TestCategory="BookmarksAgent" />
      </TestCategory>
      <Execution id="08bb4bc9-d68a-4318-a53d-bd72ac0e68be" />
      <TestMethod codeBase="D:\actions-runner\_work\XPCO\XPCO\SC\MIPPlugins\SearchProviders\UnitTest\bin\Debug\net472\UnitTest.dll" adapterTypeName="executor://mstestadapter/v2" className="VideoOS.SearchAgents.UnitTest.BookmarksAgent.BookmarksAgentPluginTest" name="SearchFilterCategory_Success" />
    </UnitTest>
    <UnitTest name="Search_SmartSearch_OneCameraNoBoundingShapes_Succes" storage="d:\actions-runner\_work\xpco\xpco\sc\mipplugins\searchproviders\unittest\bin\debug\net472\unittest.dll" id="b017fd0b-c4dd-e6f4-85ff-368415997c6f">
      <TestCategory>
        <TestCategoryItem TestCategory="MotionSearchDefinition" />
      </TestCategory>
      <Execution id="0365a3bc-870f-457f-8c54-07f7d33bdf88" />
      <TestMethod codeBase="D:\actions-runner\_work\XPCO\XPCO\SC\MIPPlugins\SearchProviders\UnitTest\bin\Debug\net472\UnitTest.dll" adapterTypeName="executor://mstestadapter/v2" className="VideoOS.SearchAgents.UnitTest.RecordingsAgent.MotionSearchDefinitionTest" name="Search_SmartSearch_OneCameraNoBoundingShapes_Succes" />
    </UnitTest>
    <UnitTest name="Icon_Correct" storage="d:\actions-runner\_work\xpco\xpco\sc\mipplugins\searchproviders\unittest\bin\debug\net472\unittest.dll" id="f8e489f6-4f41-ca76-045d-d3ad20ac912a">
      <TestCategory>
        <TestCategoryItem TestCategory="SearchAgentsPlugin" />
      </TestCategory>
      <Execution id="b3e6d7d7-2c6a-4e49-b71b-e7d0ba293702" />
      <TestMethod codeBase="D:\actions-runner\_work\XPCO\XPCO\SC\MIPPlugins\SearchProviders\UnitTest\bin\Debug\net472\UnitTest.dll" adapterTypeName="executor://mstestadapter/v2" className="VideoOS.SearchAgents.UnitTest.SearchAgentsPlugin.SearchAgentsPluginDefinitionTest" name="Icon_Correct" />
    </UnitTest>
    <UnitTest name="TestBookmarkSearchFromBookmarkOffline_Success (Description,Description1,1)" storage="d:\actions-runner\_work\xpco\xpco\sc\mipplugins\searchproviders\unittest\bin\debug\net472\unittest.dll" id="ab31206c-1e10-7532-1d31-6ca2634936af">
      <TestCategory>
        <TestCategoryItem TestCategory="BookmarksAgent" />
      </TestCategory>
      <Execution id="e890fed9-2ee5-408a-8f44-dfcbc41a812d" />
      <TestMethod codeBase="D:\actions-runner\_work\XPCO\XPCO\SC\MIPPlugins\SearchProviders\UnitTest\bin\Debug\net472\UnitTest.dll" adapterTypeName="executor://mstestadapter/v2" className="VideoOS.SearchAgents.UnitTest.BookmarksAgent.BookmarkDataSourceTest" name="TestBookmarkSearchFromBookmarkOffline_Success" />
    </UnitTest>
    <UnitTest name="TestBookmarkSearchFromBookmarkOffline_Success (Header,description,0)" storage="d:\actions-runner\_work\xpco\xpco\sc\mipplugins\searchproviders\unittest\bin\debug\net472\unittest.dll" id="4136f4ae-081c-1983-eced-87962951310a">
      <TestCategory>
        <TestCategoryItem TestCategory="BookmarksAgent" />
      </TestCategory>
      <Execution id="d2069ee6-7027-48fa-b3f8-649011727e60" />
      <TestMethod codeBase="D:\actions-runner\_work\XPCO\XPCO\SC\MIPPlugins\SearchProviders\UnitTest\bin\Debug\net472\UnitTest.dll" adapterTypeName="executor://mstestadapter/v2" className="VideoOS.SearchAgents.UnitTest.BookmarksAgent.BookmarkDataSourceTest" name="TestBookmarkSearchFromBookmarkOffline_Success" />
    </UnitTest>
    <UnitTest name="ContainsTextSearchFilterValue_Serialize_Success (SearchText,HeaderAndDescription,SearchText\u001b0)" storage="d:\actions-runner\_work\xpco\xpco\sc\mipplugins\searchproviders\unittest\bin\debug\net472\unittest.dll" id="7a7b6b8c-ca78-deab-db09-3f939236c132">
      <TestCategory>
        <TestCategoryItem TestCategory="BookmarksAgent" />
      </TestCategory>
      <Execution id="fd758981-1c23-4f8d-b6db-29b5235113f0" />
      <TestMethod codeBase="D:\actions-runner\_work\XPCO\XPCO\SC\MIPPlugins\SearchProviders\UnitTest\bin\Debug\net472\UnitTest.dll" adapterTypeName="executor://mstestadapter/v2" className="VideoOS.SearchAgents.UnitTest.BookmarksAgent.ContainsTextSearchFilterValueTests" name="ContainsTextSearchFilterValue_Serialize_Success" />
    </UnitTest>
    <UnitTest name="TestBookmarkSearchTimeOffline_Success (Description,description,2)" storage="d:\actions-runner\_work\xpco\xpco\sc\mipplugins\searchproviders\unittest\bin\debug\net472\unittest.dll" id="a402e844-5d9f-ce53-bbcf-affc586b0cd8">
      <TestCategory>
        <TestCategoryItem TestCategory="BookmarksAgent" />
      </TestCategory>
      <Execution id="fad0de1f-4a03-4df1-af9c-198548fd46b3" />
      <TestMethod codeBase="D:\actions-runner\_work\XPCO\XPCO\SC\MIPPlugins\SearchProviders\UnitTest\bin\Debug\net472\UnitTest.dll" adapterTypeName="executor://mstestadapter/v2" className="VideoOS.SearchAgents.UnitTest.BookmarksAgent.BookmarkDataSourceTest" name="TestBookmarkSearchTimeOffline_Success" />
    </UnitTest>
    <UnitTest name="TestSearch_CancelBeforeReturningData_Success" storage="d:\actions-runner\_work\xpco\xpco\sc\mipplugins\searchproviders\unittest\bin\debug\net472\unittest.dll" id="2cd46c11-d0a4-b3be-c2bb-84dbf9fe56b6">
      <TestCategory>
        <TestCategoryItem TestCategory="MotionSearchDefinition" />
      </TestCategory>
      <Execution id="9476569f-3351-4f79-8308-f6472f734524" />
      <TestMethod codeBase="D:\actions-runner\_work\XPCO\XPCO\SC\MIPPlugins\SearchProviders\UnitTest\bin\Debug\net472\UnitTest.dll" adapterTypeName="executor://mstestadapter/v2" className="VideoOS.SearchAgents.UnitTest.RecordingsAgent.MotionSearchDefinitionTest" name="TestSearch_CancelBeforeReturningData_Success" />
    </UnitTest>
    <UnitTest name="TestSearch_ContainsText_Success" storage="d:\actions-runner\_work\xpco\xpco\sc\mipplugins\searchproviders\unittest\bin\debug\net472\unittest.dll" id="1894d563-f117-bf6e-51e6-a4d752948cb2">
      <TestCategory>
        <TestCategoryItem TestCategory="BookmarksAgent" />
      </TestCategory>
      <Execution id="88e98e7b-4eab-460f-b7c2-ae28927765df" />
      <TestMethod codeBase="D:\actions-runner\_work\XPCO\XPCO\SC\MIPPlugins\SearchProviders\UnitTest\bin\Debug\net472\UnitTest.dll" adapterTypeName="executor://mstestadapter/v2" className="VideoOS.SearchAgents.UnitTest.BookmarksAgent.BookmarksSearchDefinitionTest" name="TestSearch_ContainsText_Success" />
    </UnitTest>
    <UnitTest name="TestBookmarkSearchTimeOffline_IndependentOfCulture_Success (Description,aacc,1,en-US)" storage="d:\actions-runner\_work\xpco\xpco\sc\mipplugins\searchproviders\unittest\bin\debug\net472\unittest.dll" id="a24b15b5-e398-f881-47c9-53dc5a2e31b9">
      <TestCategory>
        <TestCategoryItem TestCategory="BookmarksAgent" />
      </TestCategory>
      <Execution id="1d04fc44-c6da-4c4b-8ff6-02f456d5a243" />
      <TestMethod codeBase="D:\actions-runner\_work\XPCO\XPCO\SC\MIPPlugins\SearchProviders\UnitTest\bin\Debug\net472\UnitTest.dll" adapterTypeName="executor://mstestadapter/v2" className="VideoOS.SearchAgents.UnitTest.BookmarksAgent.BookmarkDataSourceTest" name="TestBookmarkSearchTimeOffline_IndependentOfCulture_Success" />
    </UnitTest>
    <UnitTest name="TestBookmarkSearchTimeOffline_Success (Header,description,0)" storage="d:\actions-runner\_work\xpco\xpco\sc\mipplugins\searchproviders\unittest\bin\debug\net472\unittest.dll" id="2e97ad28-5bbb-d2aa-ed92-a4752ade1930">
      <TestCategory>
        <TestCategoryItem TestCategory="BookmarksAgent" />
      </TestCategory>
      <Execution id="62c9d69d-7125-4776-914b-e29febac5de4" />
      <TestMethod codeBase="D:\actions-runner\_work\XPCO\XPCO\SC\MIPPlugins\SearchProviders\UnitTest\bin\Debug\net472\UnitTest.dll" adapterTypeName="executor://mstestadapter/v2" className="VideoOS.SearchAgents.UnitTest.BookmarksAgent.BookmarkDataSourceTest" name="TestBookmarkSearchTimeOffline_Success" />
    </UnitTest>
    <UnitTest name="TestBookmarkSearchTimeOffline_IndependentOfCulture_Success (Header,Aabb,1,da-DK)" storage="d:\actions-runner\_work\xpco\xpco\sc\mipplugins\searchproviders\unittest\bin\debug\net472\unittest.dll" id="0afa23c5-246f-db20-9fb8-2e0f033a9892">
      <TestCategory>
        <TestCategoryItem TestCategory="BookmarksAgent" />
      </TestCategory>
      <Execution id="8301c1ff-4ab5-4946-86b2-e73551a9b707" />
      <TestMethod codeBase="D:\actions-runner\_work\XPCO\XPCO\SC\MIPPlugins\SearchProviders\UnitTest\bin\Debug\net472\UnitTest.dll" adapterTypeName="executor://mstestadapter/v2" className="VideoOS.SearchAgents.UnitTest.BookmarksAgent.BookmarkDataSourceTest" name="TestBookmarkSearchTimeOffline_IndependentOfCulture_Success" />
    </UnitTest>
    <UnitTest name="SearchFilterCategory_InOfflineMode_Success" storage="d:\actions-runner\_work\xpco\xpco\sc\mipplugins\searchproviders\unittest\bin\debug\net472\unittest.dll" id="69e3503a-eaff-ae68-0070-4935d3a74fd3">
      <TestCategory>
        <TestCategoryItem TestCategory="BookmarksAgent" />
      </TestCategory>
      <Execution id="05082250-9d9b-44a5-a031-7dd4263b65b9" />
      <TestMethod codeBase="D:\actions-runner\_work\XPCO\XPCO\SC\MIPPlugins\SearchProviders\UnitTest\bin\Debug\net472\UnitTest.dll" adapterTypeName="executor://mstestadapter/v2" className="VideoOS.SearchAgents.UnitTest.BookmarksAgent.BookmarksAgentPluginTest" name="SearchFilterCategory_InOfflineMode_Success" />
    </UnitTest>
    <UnitTest name="SearchFilterCategory_InOfflineMode_Success" storage="d:\actions-runner\_work\xpco\xpco\sc\mipplugins\searchproviders\unittest\bin\debug\net472\unittest.dll" id="22da5cd8-03f6-97b3-3c65-60ed59c64218">
      <TestCategory>
        <TestCategoryItem TestCategory="MotionAgentPlugin" />
      </TestCategory>
      <Execution id="8c7df331-d07b-4703-9be6-ea0e3dc8dbc5" />
      <TestMethod codeBase="D:\actions-runner\_work\XPCO\XPCO\SC\MIPPlugins\SearchProviders\UnitTest\bin\Debug\net472\UnitTest.dll" adapterTypeName="executor://mstestadapter/v2" className="VideoOS.SearchAgents.UnitTest.RecordingsAgent.MotionAgentPluginTest" name="SearchFilterCategory_InOfflineMode_Success" />
    </UnitTest>
    <UnitTest name="TestBookmarkSearchTimeOffline_Success (Description,Description2,1)" storage="d:\actions-runner\_work\xpco\xpco\sc\mipplugins\searchproviders\unittest\bin\debug\net472\unittest.dll" id="6f5b60fa-58ea-a202-9f0d-a270ad9b2216">
      <TestCategory>
        <TestCategoryItem TestCategory="BookmarksAgent" />
      </TestCategory>
      <Execution id="7364c483-c15f-4769-af9f-e5c5496c14f6" />
      <TestMethod codeBase="D:\actions-runner\_work\XPCO\XPCO\SC\MIPPlugins\SearchProviders\UnitTest\bin\Debug\net472\UnitTest.dll" adapterTypeName="executor://mstestadapter/v2" className="VideoOS.SearchAgents.UnitTest.BookmarksAgent.BookmarkDataSourceTest" name="TestBookmarkSearchTimeOffline_Success" />
    </UnitTest>
    <UnitTest name="TestSearchCriteriaGet_Success" storage="d:\actions-runner\_work\xpco\xpco\sc\mipplugins\searchproviders\unittest\bin\debug\net472\unittest.dll" id="68d8161a-4629-8534-38e3-aa7853200aee">
      <TestCategory>
        <TestCategoryItem TestCategory="RecordingSearchDefinition" />
      </TestCategory>
      <Execution id="14fdf2bb-b7e4-40f6-b740-f27102e0b73e" />
      <TestMethod codeBase="D:\actions-runner\_work\XPCO\XPCO\SC\MIPPlugins\SearchProviders\UnitTest\bin\Debug\net472\UnitTest.dll" adapterTypeName="executor://mstestadapter/v2" className="VideoOS.SearchAgents.UnitTest.RecordingsAgent.RecordingSearchDefinitionTest" name="TestSearchCriteriaGet_Success" />
    </UnitTest>
    <UnitTest name="Search_SmartSearch_OneCamera_Succes" storage="d:\actions-runner\_work\xpco\xpco\sc\mipplugins\searchproviders\unittest\bin\debug\net472\unittest.dll" id="b2fd4b45-ed5b-2807-9015-5320b19934ae">
      <TestCategory>
        <TestCategoryItem TestCategory="MotionSearchDefinition" />
      </TestCategory>
      <Execution id="44250948-2983-498b-b9a3-b5782fb6c397" />
      <TestMethod codeBase="D:\actions-runner\_work\XPCO\XPCO\SC\MIPPlugins\SearchProviders\UnitTest\bin\Debug\net472\UnitTest.dll" adapterTypeName="executor://mstestadapter/v2" className="VideoOS.SearchAgents.UnitTest.RecordingsAgent.MotionSearchDefinitionTest" name="Search_SmartSearch_OneCamera_Succes" />
    </UnitTest>
    <UnitTest name="TestSearch_CancelBeforeFetchingData_Success" storage="d:\actions-runner\_work\xpco\xpco\sc\mipplugins\searchproviders\unittest\bin\debug\net472\unittest.dll" id="9e0ee637-d21f-7cf2-38d0-d79373c6e4ab">
      <TestCategory>
        <TestCategoryItem TestCategory="BookmarksAgent" />
      </TestCategory>
      <Execution id="ae79f681-1626-4612-aa26-81d1d7decbd2" />
      <TestMethod codeBase="D:\actions-runner\_work\XPCO\XPCO\SC\MIPPlugins\SearchProviders\UnitTest\bin\Debug\net472\UnitTest.dll" adapterTypeName="executor://mstestadapter/v2" className="VideoOS.SearchAgents.UnitTest.BookmarksAgent.BookmarksSearchDefinitionTest" name="TestSearch_CancelBeforeFetchingData_Success" />
    </UnitTest>
    <UnitTest name="ContainsTextSearchFilterValue_Serialize_Success (,HeaderAndDescription,\u001b0)" storage="d:\actions-runner\_work\xpco\xpco\sc\mipplugins\searchproviders\unittest\bin\debug\net472\unittest.dll" id="3ef52ff9-47ef-a174-357b-f9fc4fcd4a8b">
      <TestCategory>
        <TestCategoryItem TestCategory="BookmarksAgent" />
      </TestCategory>
      <Execution id="9c332d96-0354-43ca-a6e1-357c2d588be1" />
      <TestMethod codeBase="D:\actions-runner\_work\XPCO\XPCO\SC\MIPPlugins\SearchProviders\UnitTest\bin\Debug\net472\UnitTest.dll" adapterTypeName="executor://mstestadapter/v2" className="VideoOS.SearchAgents.UnitTest.BookmarksAgent.ContainsTextSearchFilterValueTests" name="ContainsTextSearchFilterValue_Serialize_Success" />
    </UnitTest>
    <UnitTest name="ContainsTextSearchFilterValue_Deserialize_Success (SearchText\u001b1,SearchText,Header)" storage="d:\actions-runner\_work\xpco\xpco\sc\mipplugins\searchproviders\unittest\bin\debug\net472\unittest.dll" id="f8b420b5-122c-9ece-8984-d25470df9430">
      <TestCategory>
        <TestCategoryItem TestCategory="BookmarksAgent" />
      </TestCategory>
      <Execution id="a02f0a01-7bfa-44ea-9b0d-6325ec873864" />
      <TestMethod codeBase="D:\actions-runner\_work\XPCO\XPCO\SC\MIPPlugins\SearchProviders\UnitTest\bin\Debug\net472\UnitTest.dll" adapterTypeName="executor://mstestadapter/v2" className="VideoOS.SearchAgents.UnitTest.BookmarksAgent.ContainsTextSearchFilterValueTests" name="ContainsTextSearchFilterValue_Deserialize_Success" />
    </UnitTest>
    <UnitTest name="TestBookmarkSearchTimeOffline_IndependentOfCulture_Success (Description,aacC,1,da-DK)" storage="d:\actions-runner\_work\xpco\xpco\sc\mipplugins\searchproviders\unittest\bin\debug\net472\unittest.dll" id="e2c8c46f-15fa-4e3b-cb92-0e0337e9e09b">
      <TestCategory>
        <TestCategoryItem TestCategory="BookmarksAgent" />
      </TestCategory>
      <Execution id="e3ff2cdb-3515-4bb8-866f-8844b4573594" />
      <TestMethod codeBase="D:\actions-runner\_work\XPCO\XPCO\SC\MIPPlugins\SearchProviders\UnitTest\bin\Debug\net472\UnitTest.dll" adapterTypeName="executor://mstestadapter/v2" className="VideoOS.SearchAgents.UnitTest.BookmarksAgent.BookmarkDataSourceTest" name="TestBookmarkSearchTimeOffline_IndependentOfCulture_Success" />
    </UnitTest>
    <UnitTest name="TestBookmarkSearchFromBookmarkOffline_IndependentOfCulture_Success (Header,aabb,1,da-DK)" storage="d:\actions-runner\_work\xpco\xpco\sc\mipplugins\searchproviders\unittest\bin\debug\net472\unittest.dll" id="f217b768-4791-1294-81a1-f2729f36fe33">
      <TestCategory>
        <TestCategoryItem TestCategory="BookmarksAgent" />
      </TestCategory>
      <Execution id="20641e77-32bc-4152-ba64-21d4b6b0e522" />
      <TestMethod codeBase="D:\actions-runner\_work\XPCO\XPCO\SC\MIPPlugins\SearchProviders\UnitTest\bin\Debug\net472\UnitTest.dll" adapterTypeName="executor://mstestadapter/v2" className="VideoOS.SearchAgents.UnitTest.BookmarksAgent.BookmarkDataSourceTest" name="TestBookmarkSearchFromBookmarkOffline_IndependentOfCulture_Success" />
    </UnitTest>
    <UnitTest name="TestBookmarkSearchTimeOffline_IndependentOfCulture_Success (Header,ab,1,en-US)" storage="d:\actions-runner\_work\xpco\xpco\sc\mipplugins\searchproviders\unittest\bin\debug\net472\unittest.dll" id="f77b0e2e-2538-a690-5272-d6668625986e">
      <TestCategory>
        <TestCategoryItem TestCategory="BookmarksAgent" />
      </TestCategory>
      <Execution id="c4149e18-8f78-46e6-a6b5-a083f351e0c0" />
      <TestMethod codeBase="D:\actions-runner\_work\XPCO\XPCO\SC\MIPPlugins\SearchProviders\UnitTest\bin\Debug\net472\UnitTest.dll" adapterTypeName="executor://mstestadapter/v2" className="VideoOS.SearchAgents.UnitTest.BookmarksAgent.BookmarkDataSourceTest" name="TestBookmarkSearchTimeOffline_IndependentOfCulture_Success" />
    </UnitTest>
    <UnitTest name="TestBookmarkSearchFromBookmarkOffline_IndependentOfCulture_Success (Description,aacC,1,en-US)" storage="d:\actions-runner\_work\xpco\xpco\sc\mipplugins\searchproviders\unittest\bin\debug\net472\unittest.dll" id="f746dd2e-2782-72e8-9cb9-e375ae572d33">
      <TestCategory>
        <TestCategoryItem TestCategory="BookmarksAgent" />
      </TestCategory>
      <Execution id="937fefb5-3783-4bb2-b240-1069a9f41a3b" />
      <TestMethod codeBase="D:\actions-runner\_work\XPCO\XPCO\SC\MIPPlugins\SearchProviders\UnitTest\bin\Debug\net472\UnitTest.dll" adapterTypeName="executor://mstestadapter/v2" className="VideoOS.SearchAgents.UnitTest.BookmarksAgent.BookmarkDataSourceTest" name="TestBookmarkSearchFromBookmarkOffline_IndependentOfCulture_Success" />
    </UnitTest>
    <UnitTest name="TestBookmarkSearchFromBookmark_NullBookmarkId_Failure" storage="d:\actions-runner\_work\xpco\xpco\sc\mipplugins\searchproviders\unittest\bin\debug\net472\unittest.dll" id="7edb1ffb-a1cd-e213-6b4c-6cc73224a061">
      <TestCategory>
        <TestCategoryItem TestCategory="BookmarksAgent" />
      </TestCategory>
      <Execution id="05bf2a7f-40d0-4b29-9186-6260b86f76c1" />
      <TestMethod codeBase="D:\actions-runner\_work\XPCO\XPCO\SC\MIPPlugins\SearchProviders\UnitTest\bin\Debug\net472\UnitTest.dll" adapterTypeName="executor://mstestadapter/v2" className="VideoOS.SearchAgents.UnitTest.BookmarksAgent.BookmarkDataSourceTest" name="TestBookmarkSearchFromBookmark_NullBookmarkId_Failure" />
    </UnitTest>
    <UnitTest name="GetFilterConfiguration_TextBoxFilterConfiguration_Success" storage="d:\actions-runner\_work\xpco\xpco\sc\mipplugins\searchproviders\unittest\bin\debug\net472\unittest.dll" id="7619ef0f-d7ac-7491-0268-f556f2ebd313">
      <TestCategory>
        <TestCategoryItem TestCategory="BookmarksAgent" />
      </TestCategory>
      <Execution id="32fcd3ab-8791-4d09-91f6-5bda01af8b36" />
      <TestMethod codeBase="D:\actions-runner\_work\XPCO\XPCO\SC\MIPPlugins\SearchProviders\UnitTest\bin\Debug\net472\UnitTest.dll" adapterTypeName="executor://mstestadapter/v2" className="VideoOS.SearchAgents.UnitTest.BookmarksAgent.ContainsTextSearchFilterTest" name="GetFilterConfiguration_TextBoxFilterConfiguration_Success" />
    </UnitTest>
    <UnitTest name="ContainsTextSearchFilterValue_Serialize_Success (SearchText,Header,SearchText\u001b1)" storage="d:\actions-runner\_work\xpco\xpco\sc\mipplugins\searchproviders\unittest\bin\debug\net472\unittest.dll" id="6fd002ca-9ad1-8064-3fc7-072ab0a85096">
      <TestCategory>
        <TestCategoryItem TestCategory="BookmarksAgent" />
      </TestCategory>
      <Execution id="f4c39e74-e12f-4352-a803-e0b538642c63" />
      <TestMethod codeBase="D:\actions-runner\_work\XPCO\XPCO\SC\MIPPlugins\SearchProviders\UnitTest\bin\Debug\net472\UnitTest.dll" adapterTypeName="executor://mstestadapter/v2" className="VideoOS.SearchAgents.UnitTest.BookmarksAgent.ContainsTextSearchFilterValueTests" name="ContainsTextSearchFilterValue_Serialize_Success" />
    </UnitTest>
    <UnitTest name="TestSearch_CancelBeforeReturningData_Success" storage="d:\actions-runner\_work\xpco\xpco\sc\mipplugins\searchproviders\unittest\bin\debug\net472\unittest.dll" id="3ba92aa6-9d6f-6ffe-f7a4-086152b226df">
      <TestCategory>
        <TestCategoryItem TestCategory="RecordingSearchDefinition" />
      </TestCategory>
      <Execution id="732366cd-cc7d-4072-b821-f76fa03ed0be" />
      <TestMethod codeBase="D:\actions-runner\_work\XPCO\XPCO\SC\MIPPlugins\SearchProviders\UnitTest\bin\Debug\net472\UnitTest.dll" adapterTypeName="executor://mstestadapter/v2" className="VideoOS.SearchAgents.UnitTest.RecordingsAgent.RecordingSearchDefinitionTest" name="TestSearch_CancelBeforeReturningData_Success" />
    </UnitTest>
    <UnitTest name="ContainsTextSearchFilterValue_Serialize_Success (SearchText,Description,SearchText\u001b2)" storage="d:\actions-runner\_work\xpco\xpco\sc\mipplugins\searchproviders\unittest\bin\debug\net472\unittest.dll" id="c2525c04-7759-88d9-ca44-5fde822bda5d">
      <TestCategory>
        <TestCategoryItem TestCategory="BookmarksAgent" />
      </TestCategory>
      <Execution id="07366baa-82e9-4b78-a2f1-3651e8308608" />
      <TestMethod codeBase="D:\actions-runner\_work\XPCO\XPCO\SC\MIPPlugins\SearchProviders\UnitTest\bin\Debug\net472\UnitTest.dll" adapterTypeName="executor://mstestadapter/v2" className="VideoOS.SearchAgents.UnitTest.BookmarksAgent.ContainsTextSearchFilterValueTests" name="ContainsTextSearchFilterValue_Serialize_Success" />
    </UnitTest>
    <UnitTest name="Search_SmartSearch_OneCamera_StatusSearchInProgress_Succes" storage="d:\actions-runner\_work\xpco\xpco\sc\mipplugins\searchproviders\unittest\bin\debug\net472\unittest.dll" id="c67237ad-536f-eb33-6366-f3c9e68c2a76">
      <TestCategory>
        <TestCategoryItem TestCategory="MotionSearchDefinition" />
      </TestCategory>
      <Execution id="e6abbce4-d6fe-4cd0-88dd-46ed0c47a4fd" />
      <TestMethod codeBase="D:\actions-runner\_work\XPCO\XPCO\SC\MIPPlugins\SearchProviders\UnitTest\bin\Debug\net472\UnitTest.dll" adapterTypeName="executor://mstestadapter/v2" className="VideoOS.SearchAgents.UnitTest.RecordingsAgent.MotionSearchDefinitionTest" name="Search_SmartSearch_OneCamera_StatusSearchInProgress_Succes" />
    </UnitTest>
    <UnitTest name="TestSearch_GetDataThrowsUnreachableServerException_Success" storage="d:\actions-runner\_work\xpco\xpco\sc\mipplugins\searchproviders\unittest\bin\debug\net472\unittest.dll" id="45e746a1-2988-5020-3c5a-e0789a2960d2">
      <TestCategory>
        <TestCategoryItem TestCategory="MotionSearchDefinition" />
      </TestCategory>
      <Execution id="0ba97cc1-8f97-47a0-8a7e-f91ef7d4e4a9" />
      <TestMethod codeBase="D:\actions-runner\_work\XPCO\XPCO\SC\MIPPlugins\SearchProviders\UnitTest\bin\Debug\net472\UnitTest.dll" adapterTypeName="executor://mstestadapter/v2" className="VideoOS.SearchAgents.UnitTest.RecordingsAgent.MotionSearchDefinitionTest" name="TestSearch_GetDataThrowsUnreachableServerException_Success" />
    </UnitTest>
    <UnitTest name="TestBookmarkSearchFromBookmarkOffline_Success (Header,header,2)" storage="d:\actions-runner\_work\xpco\xpco\sc\mipplugins\searchproviders\unittest\bin\debug\net472\unittest.dll" id="5ae7ae77-293c-5531-3bb8-e7524ea16582">
      <TestCategory>
        <TestCategoryItem TestCategory="BookmarksAgent" />
      </TestCategory>
      <Execution id="9d33f857-1b76-4d13-a591-f4f350109f78" />
      <TestMethod codeBase="D:\actions-runner\_work\XPCO\XPCO\SC\MIPPlugins\SearchProviders\UnitTest\bin\Debug\net472\UnitTest.dll" adapterTypeName="executor://mstestadapter/v2" className="VideoOS.SearchAgents.UnitTest.BookmarksAgent.BookmarkDataSourceTest" name="TestBookmarkSearchFromBookmarkOffline_Success" />
    </UnitTest>
    <UnitTest name="TestSearch_NullCameras_NoSearchAndResults" storage="d:\actions-runner\_work\xpco\xpco\sc\mipplugins\searchproviders\unittest\bin\debug\net472\unittest.dll" id="2368e96a-dfcb-48df-2275-02da87769191">
      <TestCategory>
        <TestCategoryItem TestCategory="RecordingSearchDefinition" />
      </TestCategory>
      <Execution id="4ede30fd-3ff0-4382-a8a6-74a1cddcc17c" />
      <TestMethod codeBase="D:\actions-runner\_work\XPCO\XPCO\SC\MIPPlugins\SearchProviders\UnitTest\bin\Debug\net472\UnitTest.dll" adapterTypeName="executor://mstestadapter/v2" className="VideoOS.SearchAgents.UnitTest.RecordingsAgent.RecordingSearchDefinitionTest" name="TestSearch_NullCameras_NoSearchAndResults" />
    </UnitTest>
    <UnitTest name="TestSearch_GetDataWithNullResult_Success" storage="d:\actions-runner\_work\xpco\xpco\sc\mipplugins\searchproviders\unittest\bin\debug\net472\unittest.dll" id="bfa2326d-7e01-5e5e-9eed-301e88d0e75c">
      <TestCategory>
        <TestCategoryItem TestCategory="MotionSearchDefinition" />
      </TestCategory>
      <Execution id="5678bb0a-bb0c-4c6d-9cf5-22fadf01da3a" />
      <TestMethod codeBase="D:\actions-runner\_work\XPCO\XPCO\SC\MIPPlugins\SearchProviders\UnitTest\bin\Debug\net472\UnitTest.dll" adapterTypeName="executor://mstestadapter/v2" className="VideoOS.SearchAgents.UnitTest.RecordingsAgent.MotionSearchDefinitionTest" name="TestSearch_GetDataWithNullResult_Success" />
    </UnitTest>
    <UnitTest name="TestBookmarkSearchFromBookmarkOffline_IndependentOfCulture_Success (Description,ac,1,en-US)" storage="d:\actions-runner\_work\xpco\xpco\sc\mipplugins\searchproviders\unittest\bin\debug\net472\unittest.dll" id="5158fd11-0a17-66e1-79c8-fe9c51c02c60">
      <TestCategory>
        <TestCategoryItem TestCategory="BookmarksAgent" />
      </TestCategory>
      <Execution id="85592df4-c0c1-47e9-add4-9c80a9661c6e" />
      <TestMethod codeBase="D:\actions-runner\_work\XPCO\XPCO\SC\MIPPlugins\SearchProviders\UnitTest\bin\Debug\net472\UnitTest.dll" adapterTypeName="executor://mstestadapter/v2" className="VideoOS.SearchAgents.UnitTest.BookmarksAgent.BookmarkDataSourceTest" name="TestBookmarkSearchFromBookmarkOffline_IndependentOfCulture_Success" />
    </UnitTest>
    <UnitTest name="Search_SmartSearch_SearchCancelled_Succes" storage="d:\actions-runner\_work\xpco\xpco\sc\mipplugins\searchproviders\unittest\bin\debug\net472\unittest.dll" id="452274bd-04a6-cd35-60d0-f69d87728b57">
      <TestCategory>
        <TestCategoryItem TestCategory="MotionSearchDefinition" />
      </TestCategory>
      <Execution id="76d3179c-314f-44d3-b4ba-3d28adc4fced" />
      <TestMethod codeBase="D:\actions-runner\_work\XPCO\XPCO\SC\MIPPlugins\SearchProviders\UnitTest\bin\Debug\net472\UnitTest.dll" adapterTypeName="executor://mstestadapter/v2" className="VideoOS.SearchAgents.UnitTest.RecordingsAgent.MotionSearchDefinitionTest" name="Search_SmartSearch_SearchCancelled_Succes" />
    </UnitTest>
    <UnitTest name="TestSearch_TwoCameras_WithPermissionForOnlyOne_Success" storage="d:\actions-runner\_work\xpco\xpco\sc\mipplugins\searchproviders\unittest\bin\debug\net472\unittest.dll" id="6712b95f-49c4-fb54-91c0-f2fe0be1af3c">
      <TestCategory>
        <TestCategoryItem TestCategory="MotionSearchDefinition" />
      </TestCategory>
      <Execution id="4de0cc1b-1068-408a-9672-248042639c02" />
      <TestMethod codeBase="D:\actions-runner\_work\XPCO\XPCO\SC\MIPPlugins\SearchProviders\UnitTest\bin\Debug\net472\UnitTest.dll" adapterTypeName="executor://mstestadapter/v2" className="VideoOS.SearchAgents.UnitTest.RecordingsAgent.MotionSearchDefinitionTest" name="TestSearch_TwoCameras_WithPermissionForOnlyOne_Success" />
    </UnitTest>
    <UnitTest name="Id_Correct" storage="d:\actions-runner\_work\xpco\xpco\sc\mipplugins\searchproviders\unittest\bin\debug\net472\unittest.dll" id="08bb34d1-8c54-982a-4091-a4e35879ea1d">
      <TestCategory>
        <TestCategoryItem TestCategory="SearchAgentsPlugin" />
      </TestCategory>
      <Execution id="8a7c38fd-07a0-49fa-9e4c-bd6545a5e113" />
      <TestMethod codeBase="D:\actions-runner\_work\XPCO\XPCO\SC\MIPPlugins\SearchProviders\UnitTest\bin\Debug\net472\UnitTest.dll" adapterTypeName="executor://mstestadapter/v2" className="VideoOS.SearchAgents.UnitTest.SearchAgentsPlugin.SearchAgentsPluginDefinitionTest" name="Id_Correct" />
    </UnitTest>
    <UnitTest name="GetAttributeConfiguration_Success" storage="d:\actions-runner\_work\xpco\xpco\sc\mipplugins\searchproviders\unittest\bin\debug\net472\unittest.dll" id="185cdd46-c537-de24-7d0d-169a59ad8d77">
      <TestCategory>
        <TestCategoryItem TestCategory="SmartSearchSearchFilter" />
      </TestCategory>
      <Execution id="fdd28a6f-722f-4d03-bb3b-9ef218d15b61" />
      <TestMethod codeBase="D:\actions-runner\_work\XPCO\XPCO\SC\MIPPlugins\SearchProviders\UnitTest\bin\Debug\net472\UnitTest.dll" adapterTypeName="executor://mstestadapter/v2" className="VideoOS.SearchAgents.UnitTest.RecordingsAgent.SearchAttributes.SmartSearchSearchFilterTest" name="GetAttributeConfiguration_Success" />
    </UnitTest>
    <UnitTest name="TestBookmarkSearchFromBookmarkOffline_IndependentOfCulture_Success (Description,ac,1,da-DK)" storage="d:\actions-runner\_work\xpco\xpco\sc\mipplugins\searchproviders\unittest\bin\debug\net472\unittest.dll" id="3d966ca3-faea-fda1-7281-d4e1c1b333d0">
      <TestCategory>
        <TestCategoryItem TestCategory="BookmarksAgent" />
      </TestCategory>
      <Execution id="7a0ce82b-591a-4d24-b7ea-a1604ad10de4" />
      <TestMethod codeBase="D:\actions-runner\_work\XPCO\XPCO\SC\MIPPlugins\SearchProviders\UnitTest\bin\Debug\net472\UnitTest.dll" adapterTypeName="executor://mstestadapter/v2" className="VideoOS.SearchAgents.UnitTest.BookmarksAgent.BookmarkDataSourceTest" name="TestBookmarkSearchFromBookmarkOffline_IndependentOfCulture_Success" />
    </UnitTest>
    <UnitTest name="SearchCriteriaOnChanged_ItemAddedToScope_NoChangeFilterValue" storage="d:\actions-runner\_work\xpco\xpco\sc\mipplugins\searchproviders\unittest\bin\debug\net472\unittest.dll" id="d35ac4e1-fc97-ed43-46ab-ea9e801bd082">
      <TestCategory>
        <TestCategoryItem TestCategory="MotionSearchDefinition" />
      </TestCategory>
      <Execution id="0678c4de-4129-4e18-ba45-e5356c49947d" />
      <TestMethod codeBase="D:\actions-runner\_work\XPCO\XPCO\SC\MIPPlugins\SearchProviders\UnitTest\bin\Debug\net472\UnitTest.dll" adapterTypeName="executor://mstestadapter/v2" className="VideoOS.SearchAgents.UnitTest.RecordingsAgent.MotionSearchDefinitionTest" name="SearchCriteriaOnChanged_ItemAddedToScope_NoChangeFilterValue" />
    </UnitTest>
    <UnitTest name="TestBookmarkSearchFromBookmarkOffline_Success (Header,Description,0)" storage="d:\actions-runner\_work\xpco\xpco\sc\mipplugins\searchproviders\unittest\bin\debug\net472\unittest.dll" id="716f9044-6157-4d92-6b0e-c622bd2e27c2">
      <TestCategory>
        <TestCategoryItem TestCategory="BookmarksAgent" />
      </TestCategory>
      <Execution id="17c979db-b618-470d-9da3-4892e7e027b6" />
      <TestMethod codeBase="D:\actions-runner\_work\XPCO\XPCO\SC\MIPPlugins\SearchProviders\UnitTest\bin\Debug\net472\UnitTest.dll" adapterTypeName="executor://mstestadapter/v2" className="VideoOS.SearchAgents.UnitTest.BookmarksAgent.BookmarkDataSourceTest" name="TestBookmarkSearchFromBookmarkOffline_Success" />
    </UnitTest>
    <UnitTest name="TestBookmarkSearchFromBookmarkOffline_Success (Description,Description2,1)" storage="d:\actions-runner\_work\xpco\xpco\sc\mipplugins\searchproviders\unittest\bin\debug\net472\unittest.dll" id="09a85839-15f4-07cf-5349-f96f9cad71cd">
      <TestCategory>
        <TestCategoryItem TestCategory="BookmarksAgent" />
      </TestCategory>
      <Execution id="24b3dbe1-576e-46d8-9b47-5af4ffe1fa63" />
      <TestMethod codeBase="D:\actions-runner\_work\XPCO\XPCO\SC\MIPPlugins\SearchProviders\UnitTest\bin\Debug\net472\UnitTest.dll" adapterTypeName="executor://mstestadapter/v2" className="VideoOS.SearchAgents.UnitTest.BookmarksAgent.BookmarkDataSourceTest" name="TestBookmarkSearchFromBookmarkOffline_Success" />
    </UnitTest>
    <UnitTest name="TestBookmarkSearchFromBookmark_NullKinds_Failure" storage="d:\actions-runner\_work\xpco\xpco\sc\mipplugins\searchproviders\unittest\bin\debug\net472\unittest.dll" id="6587521a-018d-5527-6716-f58c5e7b1c9f">
      <TestCategory>
        <TestCategoryItem TestCategory="BookmarksAgent" />
      </TestCategory>
      <Execution id="403f67e1-e13e-498e-ace0-8a7ff3463d91" />
      <TestMethod codeBase="D:\actions-runner\_work\XPCO\XPCO\SC\MIPPlugins\SearchProviders\UnitTest\bin\Debug\net472\UnitTest.dll" adapterTypeName="executor://mstestadapter/v2" className="VideoOS.SearchAgents.UnitTest.BookmarksAgent.BookmarkDataSourceTest" name="TestBookmarkSearchFromBookmark_NullKinds_Failure" />
    </UnitTest>
    <UnitTest name="Search_SmartSearch_TwoCamera_Succes" storage="d:\actions-runner\_work\xpco\xpco\sc\mipplugins\searchproviders\unittest\bin\debug\net472\unittest.dll" id="6a7a067a-9a6b-d729-b6a4-15a72193671e">
      <TestCategory>
        <TestCategoryItem TestCategory="MotionSearchDefinition" />
      </TestCategory>
      <Execution id="37a56fa4-7b4a-4e4b-82cf-2cbcc7bab1e7" />
      <TestMethod codeBase="D:\actions-runner\_work\XPCO\XPCO\SC\MIPPlugins\SearchProviders\UnitTest\bin\Debug\net472\UnitTest.dll" adapterTypeName="executor://mstestadapter/v2" className="VideoOS.SearchAgents.UnitTest.RecordingsAgent.MotionSearchDefinitionTest" name="Search_SmartSearch_TwoCamera_Succes" />
    </UnitTest>
    <UnitTest name="TestBookmarkSearchFromBookmarkOffline_IndependentOfCulture_Success (Description,aacC,1,da-DK)" storage="d:\actions-runner\_work\xpco\xpco\sc\mipplugins\searchproviders\unittest\bin\debug\net472\unittest.dll" id="af96175d-f7a2-674d-1f2b-852933fd9231">
      <TestCategory>
        <TestCategoryItem TestCategory="BookmarksAgent" />
      </TestCategory>
      <Execution id="82b4c650-379a-49b4-9aa3-bc46d32db022" />
      <TestMethod codeBase="D:\actions-runner\_work\XPCO\XPCO\SC\MIPPlugins\SearchProviders\UnitTest\bin\Debug\net472\UnitTest.dll" adapterTypeName="executor://mstestadapter/v2" className="VideoOS.SearchAgents.UnitTest.BookmarksAgent.BookmarkDataSourceTest" name="TestBookmarkSearchFromBookmarkOffline_IndependentOfCulture_Success" />
    </UnitTest>
    <UnitTest name="ContainsTextSearchFilterValue_Deserialize_Failure (SearchText\u001b0\u001b)" storage="d:\actions-runner\_work\xpco\xpco\sc\mipplugins\searchproviders\unittest\bin\debug\net472\unittest.dll" id="8c710673-cd9c-99dd-4db1-e005a42dbb88">
      <TestCategory>
        <TestCategoryItem TestCategory="BookmarksAgent" />
      </TestCategory>
      <Execution id="cf08e87b-a679-4b8e-95df-270e1aaf522b" />
      <TestMethod codeBase="D:\actions-runner\_work\XPCO\XPCO\SC\MIPPlugins\SearchProviders\UnitTest\bin\Debug\net472\UnitTest.dll" adapterTypeName="executor://mstestadapter/v2" className="VideoOS.SearchAgents.UnitTest.BookmarksAgent.ContainsTextSearchFilterValueTests" name="ContainsTextSearchFilterValue_Deserialize_Failure" />
    </UnitTest>
    <UnitTest name="TestSearch_TwoCameras_WithPermissionForNone_Success" storage="d:\actions-runner\_work\xpco\xpco\sc\mipplugins\searchproviders\unittest\bin\debug\net472\unittest.dll" id="ea20218b-3f04-b724-ea26-ea2349f97f76">
      <TestCategory>
        <TestCategoryItem TestCategory="MotionSearchDefinition" />
      </TestCategory>
      <Execution id="9786b7b4-e157-4a15-a4d2-ab97f359e59f" />
      <TestMethod codeBase="D:\actions-runner\_work\XPCO\XPCO\SC\MIPPlugins\SearchProviders\UnitTest\bin\Debug\net472\UnitTest.dll" adapterTypeName="executor://mstestadapter/v2" className="VideoOS.SearchAgents.UnitTest.RecordingsAgent.MotionSearchDefinitionTest" name="TestSearch_TwoCameras_WithPermissionForNone_Success" />
    </UnitTest>
    <UnitTest name="TestBookmarkSearchTimeOffline_Success (Description,Description,2)" storage="d:\actions-runner\_work\xpco\xpco\sc\mipplugins\searchproviders\unittest\bin\debug\net472\unittest.dll" id="0aa04503-a1ca-b66c-07be-a89d0e4dd97d">
      <TestCategory>
        <TestCategoryItem TestCategory="BookmarksAgent" />
      </TestCategory>
      <Execution id="817e83fa-0d9d-46b8-8989-96875175c10e" />
      <TestMethod codeBase="D:\actions-runner\_work\XPCO\XPCO\SC\MIPPlugins\SearchProviders\UnitTest\bin\Debug\net472\UnitTest.dll" adapterTypeName="executor://mstestadapter/v2" className="VideoOS.SearchAgents.UnitTest.BookmarksAgent.BookmarkDataSourceTest" name="TestBookmarkSearchTimeOffline_Success" />
    </UnitTest>
    <UnitTest name="TestSearch_MyBookmarksDomainUser_Success" storage="d:\actions-runner\_work\xpco\xpco\sc\mipplugins\searchproviders\unittest\bin\debug\net472\unittest.dll" id="c7855d04-038c-e744-028d-a6ea2c8a784b">
      <TestCategory>
        <TestCategoryItem TestCategory="BookmarksAgent" />
      </TestCategory>
      <Execution id="a72be97e-befc-434d-a71c-8d2eb847ef89" />
      <TestMethod codeBase="D:\actions-runner\_work\XPCO\XPCO\SC\MIPPlugins\SearchProviders\UnitTest\bin\Debug\net472\UnitTest.dll" adapterTypeName="executor://mstestadapter/v2" className="VideoOS.SearchAgents.UnitTest.BookmarksAgent.BookmarksSearchDefinitionTest" name="TestSearch_MyBookmarksDomainUser_Success" />
    </UnitTest>
    <UnitTest name="TestBookmarkSearchFromBookmark_NullOptSearchStr_Success" storage="d:\actions-runner\_work\xpco\xpco\sc\mipplugins\searchproviders\unittest\bin\debug\net472\unittest.dll" id="638c2fbe-4289-bae6-e303-949a80b10846">
      <TestCategory>
        <TestCategoryItem TestCategory="BookmarksAgent" />
      </TestCategory>
      <Execution id="01653ec1-a242-44a4-b888-c95de37aa78c" />
      <TestMethod codeBase="D:\actions-runner\_work\XPCO\XPCO\SC\MIPPlugins\SearchProviders\UnitTest\bin\Debug\net472\UnitTest.dll" adapterTypeName="executor://mstestadapter/v2" className="VideoOS.SearchAgents.UnitTest.BookmarksAgent.BookmarkDataSourceTest" name="TestBookmarkSearchFromBookmark_NullOptSearchStr_Success" />
    </UnitTest>
    <UnitTest name="TestBookmarkSearchFromBookmarkOffline_Success (Header,Header,2)" storage="d:\actions-runner\_work\xpco\xpco\sc\mipplugins\searchproviders\unittest\bin\debug\net472\unittest.dll" id="710401de-d7a4-f5bf-6880-948d510408c5">
      <TestCategory>
        <TestCategoryItem TestCategory="BookmarksAgent" />
      </TestCategory>
      <Execution id="876dbabd-a6c9-46be-8fa7-592a3b8e2b51" />
      <TestMethod codeBase="D:\actions-runner\_work\XPCO\XPCO\SC\MIPPlugins\SearchProviders\UnitTest\bin\Debug\net472\UnitTest.dll" adapterTypeName="executor://mstestadapter/v2" className="VideoOS.SearchAgents.UnitTest.BookmarksAgent.BookmarkDataSourceTest" name="TestBookmarkSearchFromBookmarkOffline_Success" />
    </UnitTest>
    <UnitTest name="TestBookmarkSearchTimeOffline_Success (Header,Description,0)" storage="d:\actions-runner\_work\xpco\xpco\sc\mipplugins\searchproviders\unittest\bin\debug\net472\unittest.dll" id="2ae95576-3bc8-ba6a-4b97-cbc4dd1d1bbd">
      <TestCategory>
        <TestCategoryItem TestCategory="BookmarksAgent" />
      </TestCategory>
      <Execution id="f2fe12e3-44ad-4c1f-bc06-d80741680eba" />
      <TestMethod codeBase="D:\actions-runner\_work\XPCO\XPCO\SC\MIPPlugins\SearchProviders\UnitTest\bin\Debug\net472\UnitTest.dll" adapterTypeName="executor://mstestadapter/v2" className="VideoOS.SearchAgents.UnitTest.BookmarksAgent.BookmarkDataSourceTest" name="TestBookmarkSearchTimeOffline_Success" />
    </UnitTest>
    <UnitTest name="TestSearch_GetDataThrowsUnreachableServerException_Success" storage="d:\actions-runner\_work\xpco\xpco\sc\mipplugins\searchproviders\unittest\bin\debug\net472\unittest.dll" id="d89b2898-c3fe-ef40-cfac-710c3817c4f3">
      <TestCategory>
        <TestCategoryItem TestCategory="RecordingSearchDefinition" />
      </TestCategory>
      <Execution id="8467d24e-f529-4321-9fff-692f99809085" />
      <TestMethod codeBase="D:\actions-runner\_work\XPCO\XPCO\SC\MIPPlugins\SearchProviders\UnitTest\bin\Debug\net472\UnitTest.dll" adapterTypeName="executor://mstestadapter/v2" className="VideoOS.SearchAgents.UnitTest.RecordingsAgent.RecordingSearchDefinitionTest" name="TestSearch_GetDataThrowsUnreachableServerException_Success" />
    </UnitTest>
    <UnitTest name="Search_SmartSearch_OneCamera_RegionItemNoMatch_Succes" storage="d:\actions-runner\_work\xpco\xpco\sc\mipplugins\searchproviders\unittest\bin\debug\net472\unittest.dll" id="d2214aed-c3f3-0d56-29e5-f90cb6228042">
      <TestCategory>
        <TestCategoryItem TestCategory="MotionSearchDefinition" />
      </TestCategory>
      <Execution id="b76c775b-a1be-43d7-9deb-8a958742444e" />
      <TestMethod codeBase="D:\actions-runner\_work\XPCO\XPCO\SC\MIPPlugins\SearchProviders\UnitTest\bin\Debug\net472\UnitTest.dll" adapterTypeName="executor://mstestadapter/v2" className="VideoOS.SearchAgents.UnitTest.RecordingsAgent.MotionSearchDefinitionTest" name="Search_SmartSearch_OneCamera_RegionItemNoMatch_Succes" />
    </UnitTest>
    <UnitTest name="TestSearch_CancelBeforeFetchingData_Success" storage="d:\actions-runner\_work\xpco\xpco\sc\mipplugins\searchproviders\unittest\bin\debug\net472\unittest.dll" id="eb3da2d4-bd3e-df6a-b995-3a6daf995a0a">
      <TestCategory>
        <TestCategoryItem TestCategory="MotionSearchDefinition" />
      </TestCategory>
      <Execution id="96b6565f-752f-4295-ba24-2d2e2d0c6f56" />
      <TestMethod codeBase="D:\actions-runner\_work\XPCO\XPCO\SC\MIPPlugins\SearchProviders\UnitTest\bin\Debug\net472\UnitTest.dll" adapterTypeName="executor://mstestadapter/v2" className="VideoOS.SearchAgents.UnitTest.RecordingsAgent.MotionSearchDefinitionTest" name="TestSearch_CancelBeforeFetchingData_Success" />
    </UnitTest>
    <UnitTest name="TestSearch_MyBookmarksBasicUser_Success" storage="d:\actions-runner\_work\xpco\xpco\sc\mipplugins\searchproviders\unittest\bin\debug\net472\unittest.dll" id="824a0ab4-c21f-d387-7de7-9d41e739717e">
      <TestCategory>
        <TestCategoryItem TestCategory="BookmarksAgent" />
      </TestCategory>
      <Execution id="e398b47c-fe0c-4508-9659-2d9f139e65e9" />
      <TestMethod codeBase="D:\actions-runner\_work\XPCO\XPCO\SC\MIPPlugins\SearchProviders\UnitTest\bin\Debug\net472\UnitTest.dll" adapterTypeName="executor://mstestadapter/v2" className="VideoOS.SearchAgents.UnitTest.BookmarksAgent.BookmarksSearchDefinitionTest" name="TestSearch_MyBookmarksBasicUser_Success" />
    </UnitTest>
    <UnitTest name="TestSearch_NullCameras_NoSearchAndResults" storage="d:\actions-runner\_work\xpco\xpco\sc\mipplugins\searchproviders\unittest\bin\debug\net472\unittest.dll" id="5f8f1ea9-57ef-1a8c-66ba-1f131dd9bb05">
      <TestCategory>
        <TestCategoryItem TestCategory="MotionSearchDefinition" />
      </TestCategory>
      <Execution id="518d417c-dfa0-42e6-9e1b-4853309a0e65" />
      <TestMethod codeBase="D:\actions-runner\_work\XPCO\XPCO\SC\MIPPlugins\SearchProviders\UnitTest\bin\Debug\net472\UnitTest.dll" adapterTypeName="executor://mstestadapter/v2" className="VideoOS.SearchAgents.UnitTest.RecordingsAgent.MotionSearchDefinitionTest" name="TestSearch_NullCameras_NoSearchAndResults" />
    </UnitTest>
    <UnitTest name="GetFilterConfiguration_CheckBoxAttributeConfiguration_Success" storage="d:\actions-runner\_work\xpco\xpco\sc\mipplugins\searchproviders\unittest\bin\debug\net472\unittest.dll" id="2ccaaa9b-a4b5-a017-a4ad-72840813c8ae">
      <TestCategory>
        <TestCategoryItem TestCategory="BookmarksAgent" />
      </TestCategory>
      <Execution id="bd746c41-509f-4ba3-9f87-9c5e2b37ba6d" />
      <TestMethod codeBase="D:\actions-runner\_work\XPCO\XPCO\SC\MIPPlugins\SearchProviders\UnitTest\bin\Debug\net472\UnitTest.dll" adapterTypeName="executor://mstestadapter/v2" className="VideoOS.SearchAgents.UnitTest.BookmarksAgent.MyBookmarksOnlySearchFilterTest" name="GetFilterConfiguration_CheckBoxAttributeConfiguration_Success" />
    </UnitTest>
    <UnitTest name="TestBookmarkSearchTime_NullOptUsers_Failure" storage="d:\actions-runner\_work\xpco\xpco\sc\mipplugins\searchproviders\unittest\bin\debug\net472\unittest.dll" id="033d264c-42aa-d064-1763-987cd7fef80a">
      <TestCategory>
        <TestCategoryItem TestCategory="BookmarksAgent" />
      </TestCategory>
      <Execution id="a224a2c4-433c-4bb3-89dd-4ebe07e9706c" />
      <TestMethod codeBase="D:\actions-runner\_work\XPCO\XPCO\SC\MIPPlugins\SearchProviders\UnitTest\bin\Debug\net472\UnitTest.dll" adapterTypeName="executor://mstestadapter/v2" className="VideoOS.SearchAgents.UnitTest.BookmarksAgent.BookmarkDataSourceTest" name="TestBookmarkSearchTime_NullOptUsers_Failure" />
    </UnitTest>
    <UnitTest name="TestSearch_CancelBeforeReturningData_Success" storage="d:\actions-runner\_work\xpco\xpco\sc\mipplugins\searchproviders\unittest\bin\debug\net472\unittest.dll" id="36ca8881-35d1-f876-5f9c-b94b444f3957">
      <TestCategory>
        <TestCategoryItem TestCategory="BookmarksAgent" />
      </TestCategory>
      <Execution id="fcb5bce9-03e4-4fcd-9188-97ff6b37f3d1" />
      <TestMethod codeBase="D:\actions-runner\_work\XPCO\XPCO\SC\MIPPlugins\SearchProviders\UnitTest\bin\Debug\net472\UnitTest.dll" adapterTypeName="executor://mstestadapter/v2" className="VideoOS.SearchAgents.UnitTest.BookmarksAgent.BookmarksSearchDefinitionTest" name="TestSearch_CancelBeforeReturningData_Success" />
    </UnitTest>
    <UnitTest name="ContainsTextSearchFilterValue_Deserialize_Success (\u001b2,,Description)" storage="d:\actions-runner\_work\xpco\xpco\sc\mipplugins\searchproviders\unittest\bin\debug\net472\unittest.dll" id="ca047baf-98cc-aec1-e565-fa895209d37d">
      <TestCategory>
        <TestCategoryItem TestCategory="BookmarksAgent" />
      </TestCategory>
      <Execution id="ee7a0c75-5926-4a4b-a2f9-94ea5f4784a2" />
      <TestMethod codeBase="D:\actions-runner\_work\XPCO\XPCO\SC\MIPPlugins\SearchProviders\UnitTest\bin\Debug\net472\UnitTest.dll" adapterTypeName="executor://mstestadapter/v2" className="VideoOS.SearchAgents.UnitTest.BookmarksAgent.ContainsTextSearchFilterValueTests" name="ContainsTextSearchFilterValue_Deserialize_Success" />
    </UnitTest>
    <UnitTest name="ResetValue_WrongFilterValueType_Throw" storage="d:\actions-runner\_work\xpco\xpco\sc\mipplugins\searchproviders\unittest\bin\debug\net472\unittest.dll" id="50ba828c-d2b0-9cdd-00a3-4b1e66623771">
      <TestCategory>
        <TestCategoryItem TestCategory="BookmarksAgent" />
      </TestCategory>
      <Execution id="df27c42a-0541-42d9-81c6-441782c702f5" />
      <TestMethod codeBase="D:\actions-runner\_work\XPCO\XPCO\SC\MIPPlugins\SearchProviders\UnitTest\bin\Debug\net472\UnitTest.dll" adapterTypeName="executor://mstestadapter/v2" className="VideoOS.SearchAgents.UnitTest.BookmarksAgent.MyBookmarksOnlySearchFilterTest" name="ResetValue_WrongFilterValueType_Throw" />
    </UnitTest>
    <UnitTest name="TestBookmarkSearchFromBookmarkOffline_Success (Description,Description,2)" storage="d:\actions-runner\_work\xpco\xpco\sc\mipplugins\searchproviders\unittest\bin\debug\net472\unittest.dll" id="6c57ff61-a273-add3-ee75-6699b49e431b">
      <TestCategory>
        <TestCategoryItem TestCategory="BookmarksAgent" />
      </TestCategory>
      <Execution id="6acf329e-c719-482f-b3ea-bb89989ea38d" />
      <TestMethod codeBase="D:\actions-runner\_work\XPCO\XPCO\SC\MIPPlugins\SearchProviders\UnitTest\bin\Debug\net472\UnitTest.dll" adapterTypeName="executor://mstestadapter/v2" className="VideoOS.SearchAgents.UnitTest.BookmarksAgent.BookmarkDataSourceTest" name="TestBookmarkSearchFromBookmarkOffline_Success" />
    </UnitTest>
    <UnitTest name="TestBookmarkSearchFromBookmarkOffline_Success (Description,description2,1)" storage="d:\actions-runner\_work\xpco\xpco\sc\mipplugins\searchproviders\unittest\bin\debug\net472\unittest.dll" id="d67d711f-600f-d85d-8035-a652f106710b">
      <TestCategory>
        <TestCategoryItem TestCategory="BookmarksAgent" />
      </TestCategory>
      <Execution id="0103cd75-949f-4e25-ac45-3b513ceb9bfb" />
      <TestMethod codeBase="D:\actions-runner\_work\XPCO\XPCO\SC\MIPPlugins\SearchProviders\UnitTest\bin\Debug\net472\UnitTest.dll" adapterTypeName="executor://mstestadapter/v2" className="VideoOS.SearchAgents.UnitTest.BookmarksAgent.BookmarkDataSourceTest" name="TestBookmarkSearchFromBookmarkOffline_Success" />
    </UnitTest>
    <UnitTest name="ResetValue_WrongFilterValueType_Throw" storage="d:\actions-runner\_work\xpco\xpco\sc\mipplugins\searchproviders\unittest\bin\debug\net472\unittest.dll" id="8068d391-c433-0485-d6f2-d9847c54a1c4">
      <TestCategory>
        <TestCategoryItem TestCategory="SmartSearchSearchFilter" />
      </TestCategory>
      <Execution id="31a564ed-d71c-4ae9-b2bb-a62c9269a8d2" />
      <TestMethod codeBase="D:\actions-runner\_work\XPCO\XPCO\SC\MIPPlugins\SearchProviders\UnitTest\bin\Debug\net472\UnitTest.dll" adapterTypeName="executor://mstestadapter/v2" className="VideoOS.SearchAgents.UnitTest.RecordingsAgent.SearchAttributes.SmartSearchSearchFilterTest" name="ResetValue_WrongFilterValueType_Throw" />
    </UnitTest>
    <UnitTest name="TestBookmarkSearchTime_NullServerId_Failure" storage="d:\actions-runner\_work\xpco\xpco\sc\mipplugins\searchproviders\unittest\bin\debug\net472\unittest.dll" id="ad024bff-17d7-0509-5be2-8e3b56baab19">
      <TestCategory>
        <TestCategoryItem TestCategory="BookmarksAgent" />
      </TestCategory>
      <Execution id="e62d2742-9edf-4239-bd38-2e1f793311bf" />
      <TestMethod codeBase="D:\actions-runner\_work\XPCO\XPCO\SC\MIPPlugins\SearchProviders\UnitTest\bin\Debug\net472\UnitTest.dll" adapterTypeName="executor://mstestadapter/v2" className="VideoOS.SearchAgents.UnitTest.BookmarksAgent.BookmarkDataSourceTest" name="TestBookmarkSearchTime_NullServerId_Failure" />
    </UnitTest>
    <UnitTest name="TestBookmarkSearchFromBookmarkOffline_IndependentOfCulture_Success (Header,ab,1,da-DK)" storage="d:\actions-runner\_work\xpco\xpco\sc\mipplugins\searchproviders\unittest\bin\debug\net472\unittest.dll" id="6732db6b-b0be-01ac-447d-5ea44f35cebd">
      <TestCategory>
        <TestCategoryItem TestCategory="BookmarksAgent" />
      </TestCategory>
      <Execution id="fa032dc4-9e02-4dda-95b8-7e7af08cbf0d" />
      <TestMethod codeBase="D:\actions-runner\_work\XPCO\XPCO\SC\MIPPlugins\SearchProviders\UnitTest\bin\Debug\net472\UnitTest.dll" adapterTypeName="executor://mstestadapter/v2" className="VideoOS.SearchAgents.UnitTest.BookmarksAgent.BookmarkDataSourceTest" name="TestBookmarkSearchFromBookmarkOffline_IndependentOfCulture_Success" />
    </UnitTest>
    <UnitTest name="TestSearch_GetDataThrowsException_Success" storage="d:\actions-runner\_work\xpco\xpco\sc\mipplugins\searchproviders\unittest\bin\debug\net472\unittest.dll" id="15cc5042-fc3d-b957-d70c-52be4c078d1a">
      <TestCategory>
        <TestCategoryItem TestCategory="MotionSearchDefinition" />
      </TestCategory>
      <Execution id="388f95aa-6ee1-465c-8d4b-4bbf203e40ba" />
      <TestMethod codeBase="D:\actions-runner\_work\XPCO\XPCO\SC\MIPPlugins\SearchProviders\UnitTest\bin\Debug\net472\UnitTest.dll" adapterTypeName="executor://mstestadapter/v2" className="VideoOS.SearchAgents.UnitTest.RecordingsAgent.MotionSearchDefinitionTest" name="TestSearch_GetDataThrowsException_Success" />
    </UnitTest>
    <UnitTest name="CreateSearchResultData_SearchResultConfiguration_SuppliedSuccessfully" storage="d:\actions-runner\_work\xpco\xpco\sc\mipplugins\searchproviders\unittest\bin\debug\net472\unittest.dll" id="c50db5fe-bcfd-0ddf-d45f-a408f3f215b1">
      <TestCategory>
        <TestCategoryItem TestCategory="BookmarksAgent" />
      </TestCategory>
      <Execution id="391e5abc-af25-41c4-a3fa-eff96a0a812d" />
      <TestMethod codeBase="D:\actions-runner\_work\XPCO\XPCO\SC\MIPPlugins\SearchProviders\UnitTest\bin\Debug\net472\UnitTest.dll" adapterTypeName="executor://mstestadapter/v2" className="VideoOS.SearchAgents.UnitTest.BookmarksAgent.BookmarksSearchDefinitionTest" name="CreateSearchResultData_SearchResultConfiguration_SuppliedSuccessfully" />
    </UnitTest>
    <UnitTest name="TestSearch_ZeroCameras_Success" storage="d:\actions-runner\_work\xpco\xpco\sc\mipplugins\searchproviders\unittest\bin\debug\net472\unittest.dll" id="b52ed4f3-c1a9-903e-6e94-50d140b4bd4f">
      <TestCategory>
        <TestCategoryItem TestCategory="RecordingSearchDefinition" />
      </TestCategory>
      <Execution id="849b8542-a6e6-4755-b183-100972463b27" />
      <TestMethod codeBase="D:\actions-runner\_work\XPCO\XPCO\SC\MIPPlugins\SearchProviders\UnitTest\bin\Debug\net472\UnitTest.dll" adapterTypeName="executor://mstestadapter/v2" className="VideoOS.SearchAgents.UnitTest.RecordingsAgent.RecordingSearchDefinitionTest" name="TestSearch_ZeroCameras_Success" />
    </UnitTest>
    <UnitTest name="ContainsTextSearchFilterValue_Deserialize_Failure (SearchText\u001b)" storage="d:\actions-runner\_work\xpco\xpco\sc\mipplugins\searchproviders\unittest\bin\debug\net472\unittest.dll" id="3e4dafe8-7608-f0fa-16d5-d02ae5d9d4f4">
      <TestCategory>
        <TestCategoryItem TestCategory="BookmarksAgent" />
      </TestCategory>
      <Execution id="02cbae0a-47fa-4382-a0a5-62e352187185" />
      <TestMethod codeBase="D:\actions-runner\_work\XPCO\XPCO\SC\MIPPlugins\SearchProviders\UnitTest\bin\Debug\net472\UnitTest.dll" adapterTypeName="executor://mstestadapter/v2" className="VideoOS.SearchAgents.UnitTest.BookmarksAgent.ContainsTextSearchFilterValueTests" name="ContainsTextSearchFilterValue_Deserialize_Failure" />
    </UnitTest>
    <UnitTest name="TestBookmarkSearchTimeOffline_IndependentOfCulture_Success (Header,aabb,1,da-DK)" storage="d:\actions-runner\_work\xpco\xpco\sc\mipplugins\searchproviders\unittest\bin\debug\net472\unittest.dll" id="dde07ce9-db61-262c-5aeb-a2bef55d5de9">
      <TestCategory>
        <TestCategoryItem TestCategory="BookmarksAgent" />
      </TestCategory>
      <Execution id="79ac59c4-bef0-4ab1-883f-d4b2ec7ea139" />
      <TestMethod codeBase="D:\actions-runner\_work\XPCO\XPCO\SC\MIPPlugins\SearchProviders\UnitTest\bin\Debug\net472\UnitTest.dll" adapterTypeName="executor://mstestadapter/v2" className="VideoOS.SearchAgents.UnitTest.BookmarksAgent.BookmarkDataSourceTest" name="TestBookmarkSearchTimeOffline_IndependentOfCulture_Success" />
    </UnitTest>
    <UnitTest name="TestBookmarkSearchTimeOffline_Success (Header,Header,2)" storage="d:\actions-runner\_work\xpco\xpco\sc\mipplugins\searchproviders\unittest\bin\debug\net472\unittest.dll" id="cf6df7de-a5a6-2797-55dc-aa3faef91427">
      <TestCategory>
        <TestCategoryItem TestCategory="BookmarksAgent" />
      </TestCategory>
      <Execution id="0004ce91-0b0b-4b16-9598-b53477af387a" />
      <TestMethod codeBase="D:\actions-runner\_work\XPCO\XPCO\SC\MIPPlugins\SearchProviders\UnitTest\bin\Debug\net472\UnitTest.dll" adapterTypeName="executor://mstestadapter/v2" className="VideoOS.SearchAgents.UnitTest.BookmarksAgent.BookmarkDataSourceTest" name="TestBookmarkSearchTimeOffline_Success" />
    </UnitTest>
    <UnitTest name="TestBookmarkSearchFromBookmarkOffline_Success (Header,header1,1)" storage="d:\actions-runner\_work\xpco\xpco\sc\mipplugins\searchproviders\unittest\bin\debug\net472\unittest.dll" id="41edbdc3-f9f6-b16f-d4d9-b184e3556d7d">
      <TestCategory>
        <TestCategoryItem TestCategory="BookmarksAgent" />
      </TestCategory>
      <Execution id="a7ce6cb3-a09c-4a99-a6dc-d27a9e171763" />
      <TestMethod codeBase="D:\actions-runner\_work\XPCO\XPCO\SC\MIPPlugins\SearchProviders\UnitTest\bin\Debug\net472\UnitTest.dll" adapterTypeName="executor://mstestadapter/v2" className="VideoOS.SearchAgents.UnitTest.BookmarksAgent.BookmarkDataSourceTest" name="TestBookmarkSearchFromBookmarkOffline_Success" />
    </UnitTest>
    <UnitTest name="ContainsTextSearchFilterValue_Deserialize_Success (SearchText\u001b0,SearchText,HeaderAndDescription)" storage="d:\actions-runner\_work\xpco\xpco\sc\mipplugins\searchproviders\unittest\bin\debug\net472\unittest.dll" id="14603dcb-956c-11d2-7b22-b8e103c6624f">
      <TestCategory>
        <TestCategoryItem TestCategory="BookmarksAgent" />
      </TestCategory>
      <Execution id="4bffeb94-ce58-40f9-b7fc-e6d6d06642a2" />
      <TestMethod codeBase="D:\actions-runner\_work\XPCO\XPCO\SC\MIPPlugins\SearchProviders\UnitTest\bin\Debug\net472\UnitTest.dll" adapterTypeName="executor://mstestadapter/v2" className="VideoOS.SearchAgents.UnitTest.BookmarksAgent.ContainsTextSearchFilterValueTests" name="ContainsTextSearchFilterValue_Deserialize_Success" />
    </UnitTest>
    <UnitTest name="ContainsTextSearchFilterValue_FallbackDisplayValue_Success" storage="d:\actions-runner\_work\xpco\xpco\sc\mipplugins\searchproviders\unittest\bin\debug\net472\unittest.dll" id="572e54f3-b152-f599-5a31-75375f3fc4ef">
      <TestCategory>
        <TestCategoryItem TestCategory="BookmarksAgent" />
      </TestCategory>
      <Execution id="cf1a71ee-7f50-4b81-8e0e-2eea907a506c" />
      <TestMethod codeBase="D:\actions-runner\_work\XPCO\XPCO\SC\MIPPlugins\SearchProviders\UnitTest\bin\Debug\net472\UnitTest.dll" adapterTypeName="executor://mstestadapter/v2" className="VideoOS.SearchAgents.UnitTest.BookmarksAgent.ContainsTextSearchFilterValueTests" name="ContainsTextSearchFilterValue_FallbackDisplayValue_Success" />
    </UnitTest>
    <UnitTest name="TestBookmarkSearchTime_NullFQIDs_Failure" storage="d:\actions-runner\_work\xpco\xpco\sc\mipplugins\searchproviders\unittest\bin\debug\net472\unittest.dll" id="03d44434-8b9d-74f4-0a8e-3833b172a5b5">
      <TestCategory>
        <TestCategoryItem TestCategory="BookmarksAgent" />
      </TestCategory>
      <Execution id="02238a1d-76f5-471f-afa9-bb253db225df" />
      <TestMethod codeBase="D:\actions-runner\_work\XPCO\XPCO\SC\MIPPlugins\SearchProviders\UnitTest\bin\Debug\net472\UnitTest.dll" adapterTypeName="executor://mstestadapter/v2" className="VideoOS.SearchAgents.UnitTest.BookmarksAgent.BookmarkDataSourceTest" name="TestBookmarkSearchTime_NullFQIDs_Failure" />
    </UnitTest>
    <UnitTest name="TestSearch_OneCamera_Success" storage="d:\actions-runner\_work\xpco\xpco\sc\mipplugins\searchproviders\unittest\bin\debug\net472\unittest.dll" id="ab802fa1-6da4-6694-3cce-70eae4cdbe29">
      <TestCategory>
        <TestCategoryItem TestCategory="BookmarksAgent" />
      </TestCategory>
      <Execution id="95354a50-4240-4c90-930d-3f8c8e29b313" />
      <TestMethod codeBase="D:\actions-runner\_work\XPCO\XPCO\SC\MIPPlugins\SearchProviders\UnitTest\bin\Debug\net472\UnitTest.dll" adapterTypeName="executor://mstestadapter/v2" className="VideoOS.SearchAgents.UnitTest.BookmarksAgent.BookmarksSearchDefinitionTest" name="TestSearch_OneCamera_Success" />
    </UnitTest>
    <UnitTest name="Name_Correct" storage="d:\actions-runner\_work\xpco\xpco\sc\mipplugins\searchproviders\unittest\bin\debug\net472\unittest.dll" id="004c1474-783b-15fc-a55f-87e0d12631ef">
      <TestCategory>
        <TestCategoryItem TestCategory="RecordingAgentPlugin" />
      </TestCategory>
      <Execution id="028b80f0-a4a6-4e7b-8322-26f85d0fa1c2" />
      <TestMethod codeBase="D:\actions-runner\_work\XPCO\XPCO\SC\MIPPlugins\SearchProviders\UnitTest\bin\Debug\net472\UnitTest.dll" adapterTypeName="executor://mstestadapter/v2" className="VideoOS.SearchAgents.UnitTest.RecordingsAgent.RecordingAgentPluginTest" name="Name_Correct" />
    </UnitTest>
    <UnitTest name="ExportManager_Correct" storage="d:\actions-runner\_work\xpco\xpco\sc\mipplugins\searchproviders\unittest\bin\debug\net472\unittest.dll" id="5d07552f-6eb9-18fd-5c63-8488d0aa99fe">
      <TestCategory>
        <TestCategoryItem TestCategory="SearchAgentsPlugin" />
      </TestCategory>
      <Execution id="c7127831-5cc1-411d-a663-164d509f4dfd" />
      <TestMethod codeBase="D:\actions-runner\_work\XPCO\XPCO\SC\MIPPlugins\SearchProviders\UnitTest\bin\Debug\net472\UnitTest.dll" adapterTypeName="executor://mstestadapter/v2" className="VideoOS.SearchAgents.UnitTest.SearchAgentsPlugin.SearchAgentsPluginDefinitionTest" name="ExportManager_Correct" />
    </UnitTest>
    <UnitTest name="Search_SmartSearch_OneCamera_NoRegionValues_Succes" storage="d:\actions-runner\_work\xpco\xpco\sc\mipplugins\searchproviders\unittest\bin\debug\net472\unittest.dll" id="c13f56e9-77dd-ff2e-d4eb-53557fc03bd5">
      <TestCategory>
        <TestCategoryItem TestCategory="MotionSearchDefinition" />
      </TestCategory>
      <Execution id="0d41f264-3109-41dd-9095-e40953a592b3" />
      <TestMethod codeBase="D:\actions-runner\_work\XPCO\XPCO\SC\MIPPlugins\SearchProviders\UnitTest\bin\Debug\net472\UnitTest.dll" adapterTypeName="executor://mstestadapter/v2" className="VideoOS.SearchAgents.UnitTest.RecordingsAgent.MotionSearchDefinitionTest" name="Search_SmartSearch_OneCamera_NoRegionValues_Succes" />
    </UnitTest>
    <UnitTest name="ValidateAndReturnDate_ValidDates_Success" storage="d:\actions-runner\_work\xpco\xpco\sc\mipplugins\searchproviders\unittest\bin\debug\net472\unittest.dll" id="c174e80e-37ce-0483-6fae-7d4f1ca1b845">
      <TestCategory>
        <TestCategoryItem TestCategory="Utils" />
      </TestCategory>
      <Execution id="b87b0960-6f83-41ea-a5d3-d35295f9e295" />
      <TestMethod codeBase="D:\actions-runner\_work\XPCO\XPCO\SC\MIPPlugins\SearchProviders\UnitTest\bin\Debug\net472\UnitTest.dll" adapterTypeName="executor://mstestadapter/v2" className="VideoOS.SearchAgents.UnitTest.RecordingsAgent.UtilsTest" name="ValidateAndReturnDate_ValidDates_Success" />
    </UnitTest>
    <UnitTest name="ContainsTextSearchFilterEditControl_Close_DoesntThrow" storage="d:\actions-runner\_work\xpco\xpco\sc\mipplugins\searchproviders\unittest\bin\debug\net472\unittest.dll" id="4e62f3c9-3ef8-483d-506d-573ec91d97d3">
      <TestCategory>
        <TestCategoryItem TestCategory="BookmarksAgent" />
      </TestCategory>
      <Execution id="3ff6f9a3-456b-4e4a-a88f-7b469220bd89" />
      <TestMethod codeBase="D:\actions-runner\_work\XPCO\XPCO\SC\MIPPlugins\SearchProviders\UnitTest\bin\Debug\net472\UnitTest.dll" adapterTypeName="executor://mstestadapter/v2" className="VideoOS.SearchAgents.UnitTest.BookmarksAgent.ContainsTextSearchFilterEditControlTests" name="ContainsTextSearchFilterEditControl_Close_DoesntThrow" />
    </UnitTest>
    <UnitTest name="GetDisplayValue_UnknownFilterValue_ReturnsFallbackValue" storage="d:\actions-runner\_work\xpco\xpco\sc\mipplugins\searchproviders\unittest\bin\debug\net472\unittest.dll" id="5617f060-b2e6-00b6-dd49-b1b7a3d7c56a">
      <TestCategory>
        <TestCategoryItem TestCategory="SmartSearchSearchFilter" />
      </TestCategory>
      <Execution id="ad3c0af4-2d71-4b2f-a4d0-11639ed7c8e7" />
      <TestMethod codeBase="D:\actions-runner\_work\XPCO\XPCO\SC\MIPPlugins\SearchProviders\UnitTest\bin\Debug\net472\UnitTest.dll" adapterTypeName="executor://mstestadapter/v2" className="VideoOS.SearchAgents.UnitTest.RecordingsAgent.SearchAttributes.SmartSearchSearchFilterTest" name="GetDisplayValue_UnknownFilterValue_ReturnsFallbackValue" />
    </UnitTest>
    <UnitTest name="ResetValue_Success" storage="d:\actions-runner\_work\xpco\xpco\sc\mipplugins\searchproviders\unittest\bin\debug\net472\unittest.dll" id="206f7860-dd37-3614-eafa-5b064fc6adcf">
      <TestCategory>
        <TestCategoryItem TestCategory="BookmarksAgent" />
      </TestCategory>
      <Execution id="e4236369-e8ed-4081-bc44-5d79ad862bc8" />
      <TestMethod codeBase="D:\actions-runner\_work\XPCO\XPCO\SC\MIPPlugins\SearchProviders\UnitTest\bin\Debug\net472\UnitTest.dll" adapterTypeName="executor://mstestadapter/v2" className="VideoOS.SearchAgents.UnitTest.BookmarksAgent.ContainsTextSearchFilterTest" name="ResetValue_Success" />
    </UnitTest>
    <UnitTest name="Search_SmartSearch_TwoCamera_SortOrder_NewestStartTime_Success" storage="d:\actions-runner\_work\xpco\xpco\sc\mipplugins\searchproviders\unittest\bin\debug\net472\unittest.dll" id="934f7e29-db7e-1bc3-8900-607c01200eaa">
      <TestCategory>
        <TestCategoryItem TestCategory="MotionSearchDefinition" />
      </TestCategory>
      <Execution id="adff61b4-d768-4d4d-ba5b-9051703dc16c" />
      <TestMethod codeBase="D:\actions-runner\_work\XPCO\XPCO\SC\MIPPlugins\SearchProviders\UnitTest\bin\Debug\net472\UnitTest.dll" adapterTypeName="executor://mstestadapter/v2" className="VideoOS.SearchAgents.UnitTest.RecordingsAgent.MotionSearchDefinitionTest" name="Search_SmartSearch_TwoCamera_SortOrder_NewestStartTime_Success" />
    </UnitTest>
    <UnitTest name="GetDisplayValue_SmartSearchFilter_ZeroSelection_Success" storage="d:\actions-runner\_work\xpco\xpco\sc\mipplugins\searchproviders\unittest\bin\debug\net472\unittest.dll" id="9e90b19d-0ee5-6764-007f-4022433aaf2f">
      <TestCategory>
        <TestCategoryItem TestCategory="SmartSearchSearchFilter" />
      </TestCategory>
      <Execution id="55712b17-d3e5-4949-b0b9-909658f79c22" />
      <TestMethod codeBase="D:\actions-runner\_work\XPCO\XPCO\SC\MIPPlugins\SearchProviders\UnitTest\bin\Debug\net472\UnitTest.dll" adapterTypeName="executor://mstestadapter/v2" className="VideoOS.SearchAgents.UnitTest.RecordingsAgent.SearchAttributes.SmartSearchSearchFilterTest" name="GetDisplayValue_SmartSearchFilter_ZeroSelection_Success" />
    </UnitTest>
    <UnitTest name="TestSearch_ZeroCameras_Success" storage="d:\actions-runner\_work\xpco\xpco\sc\mipplugins\searchproviders\unittest\bin\debug\net472\unittest.dll" id="2a5dcd93-1555-32e6-c7f8-5ad420236e12">
      <TestCategory>
        <TestCategoryItem TestCategory="BookmarksAgent" />
      </TestCategory>
      <Execution id="84f49aae-e12d-41fd-8744-64cb021d5931" />
      <TestMethod codeBase="D:\actions-runner\_work\XPCO\XPCO\SC\MIPPlugins\SearchProviders\UnitTest\bin\Debug\net472\UnitTest.dll" adapterTypeName="executor://mstestadapter/v2" className="VideoOS.SearchAgents.UnitTest.BookmarksAgent.BookmarksSearchDefinitionTest" name="TestSearch_ZeroCameras_Success" />
    </UnitTest>
    <UnitTest name="Name_UpdateUsingSetter_Success" storage="d:\actions-runner\_work\xpco\xpco\sc\mipplugins\searchproviders\unittest\bin\debug\net472\unittest.dll" id="e655902f-37b5-a2c8-19fc-16383f483459">
      <TestCategory>
        <TestCategoryItem TestCategory="MotionAgentPlugin" />
      </TestCategory>
      <Execution id="e6907b01-edd5-447c-b2eb-7a515ed4543d" />
      <TestMethod codeBase="D:\actions-runner\_work\XPCO\XPCO\SC\MIPPlugins\SearchProviders\UnitTest\bin\Debug\net472\UnitTest.dll" adapterTypeName="executor://mstestadapter/v2" className="VideoOS.SearchAgents.UnitTest.RecordingsAgent.MotionAgentPluginTest" name="Name_UpdateUsingSetter_Success" />
    </UnitTest>
    <UnitTest name="TestBookmarkSearchTimeOffline_Success (Description,header,0)" storage="d:\actions-runner\_work\xpco\xpco\sc\mipplugins\searchproviders\unittest\bin\debug\net472\unittest.dll" id="34087a4d-85dc-7db7-7604-795e66207d46">
      <TestCategory>
        <TestCategoryItem TestCategory="BookmarksAgent" />
      </TestCategory>
      <Execution id="30874ffa-9f03-4b4b-b37d-ed1e874d7c86" />
      <TestMethod codeBase="D:\actions-runner\_work\XPCO\XPCO\SC\MIPPlugins\SearchProviders\UnitTest\bin\Debug\net472\UnitTest.dll" adapterTypeName="executor://mstestadapter/v2" className="VideoOS.SearchAgents.UnitTest.BookmarksAgent.BookmarkDataSourceTest" name="TestBookmarkSearchTimeOffline_Success" />
    </UnitTest>
    <UnitTest name="TestBookmarkSearchFromBookmarkOffline_Success (Header,Header2,1)" storage="d:\actions-runner\_work\xpco\xpco\sc\mipplugins\searchproviders\unittest\bin\debug\net472\unittest.dll" id="f326eb3a-0ce2-c4cf-9d13-0061444b213b">
      <TestCategory>
        <TestCategoryItem TestCategory="BookmarksAgent" />
      </TestCategory>
      <Execution id="04781929-f263-4b07-b26b-17aa6a2555af" />
      <TestMethod codeBase="D:\actions-runner\_work\XPCO\XPCO\SC\MIPPlugins\SearchProviders\UnitTest\bin\Debug\net472\UnitTest.dll" adapterTypeName="executor://mstestadapter/v2" className="VideoOS.SearchAgents.UnitTest.BookmarksAgent.BookmarkDataSourceTest" name="TestBookmarkSearchFromBookmarkOffline_Success" />
    </UnitTest>
    <UnitTest name="TestSearch_TwoCameras_WithPermissionForOnlyOne_Success" storage="d:\actions-runner\_work\xpco\xpco\sc\mipplugins\searchproviders\unittest\bin\debug\net472\unittest.dll" id="0ac74f31-2840-8bf5-394a-ec18c6e0f89e">
      <TestCategory>
        <TestCategoryItem TestCategory="RecordingSearchDefinition" />
      </TestCategory>
      <Execution id="00486dcb-b981-47f1-ae23-10a0e44fda25" />
      <TestMethod codeBase="D:\actions-runner\_work\XPCO\XPCO\SC\MIPPlugins\SearchProviders\UnitTest\bin\Debug\net472\UnitTest.dll" adapterTypeName="executor://mstestadapter/v2" className="VideoOS.SearchAgents.UnitTest.RecordingsAgent.RecordingSearchDefinitionTest" name="TestSearch_TwoCameras_WithPermissionForOnlyOne_Success" />
    </UnitTest>
    <UnitTest name="TestBookmarkSearchFromBookmarkOffline_IndependentOfCulture_Success (Description,aacc,1,da-DK)" storage="d:\actions-runner\_work\xpco\xpco\sc\mipplugins\searchproviders\unittest\bin\debug\net472\unittest.dll" id="f9d8b802-0f33-f7c4-a717-51e84afe0716">
      <TestCategory>
        <TestCategoryItem TestCategory="BookmarksAgent" />
      </TestCategory>
      <Execution id="6ef9f206-41e9-4a15-9c83-07386bdc0ef8" />
      <TestMethod codeBase="D:\actions-runner\_work\XPCO\XPCO\SC\MIPPlugins\SearchProviders\UnitTest\bin\Debug\net472\UnitTest.dll" adapterTypeName="executor://mstestadapter/v2" className="VideoOS.SearchAgents.UnitTest.BookmarksAgent.BookmarkDataSourceTest" name="TestBookmarkSearchFromBookmarkOffline_IndependentOfCulture_Success" />
    </UnitTest>
    <UnitTest name="TestSearch_OneCamera_Sort_NewestEventTime" storage="d:\actions-runner\_work\xpco\xpco\sc\mipplugins\searchproviders\unittest\bin\debug\net472\unittest.dll" id="ee2f3b0c-9622-6d5c-bcd6-fd6bc5bdd485">
      <TestCategory>
        <TestCategoryItem TestCategory="BookmarksAgent" />
      </TestCategory>
      <Execution id="48172c99-7684-49df-ad6a-2a572d345cc4" />
      <TestMethod codeBase="D:\actions-runner\_work\XPCO\XPCO\SC\MIPPlugins\SearchProviders\UnitTest\bin\Debug\net472\UnitTest.dll" adapterTypeName="executor://mstestadapter/v2" className="VideoOS.SearchAgents.UnitTest.BookmarksAgent.BookmarksSearchDefinitionTest" name="TestSearch_OneCamera_Sort_NewestEventTime" />
    </UnitTest>
    <UnitTest name="TestBookmarkSearchTimeOffline_Success (Header,header2,1)" storage="d:\actions-runner\_work\xpco\xpco\sc\mipplugins\searchproviders\unittest\bin\debug\net472\unittest.dll" id="09323ad9-ebad-5faa-3ab4-b0a115d0fbdd">
      <TestCategory>
        <TestCategoryItem TestCategory="BookmarksAgent" />
      </TestCategory>
      <Execution id="f8dcd6de-f6ec-4c92-83a5-f9c6e77deb8a" />
      <TestMethod codeBase="D:\actions-runner\_work\XPCO\XPCO\SC\MIPPlugins\SearchProviders\UnitTest\bin\Debug\net472\UnitTest.dll" adapterTypeName="executor://mstestadapter/v2" className="VideoOS.SearchAgents.UnitTest.BookmarksAgent.BookmarkDataSourceTest" name="TestBookmarkSearchTimeOffline_Success" />
    </UnitTest>
    <UnitTest name="Close_Success" storage="d:\actions-runner\_work\xpco\xpco\sc\mipplugins\searchproviders\unittest\bin\debug\net472\unittest.dll" id="21acf0e8-7b03-0e20-2253-12a46a4d83bc">
      <TestCategory>
        <TestCategoryItem TestCategory="SearchAgentsPlugin" />
      </TestCategory>
      <Execution id="1257605c-0dc9-47cc-9589-10a1fdf2a9b7" />
      <TestMethod codeBase="D:\actions-runner\_work\XPCO\XPCO\SC\MIPPlugins\SearchProviders\UnitTest\bin\Debug\net472\UnitTest.dll" adapterTypeName="executor://mstestadapter/v2" className="VideoOS.SearchAgents.UnitTest.SearchAgentsPlugin.SearchAgentsPluginDefinitionTest" name="Close_Success" />
    </UnitTest>
    <UnitTest name="TestBookmarkSearchFromBookmarkOffline_Success (Description,Header,0)" storage="d:\actions-runner\_work\xpco\xpco\sc\mipplugins\searchproviders\unittest\bin\debug\net472\unittest.dll" id="15349b42-9454-d81c-681e-ecae9c155ede">
      <TestCategory>
        <TestCategoryItem TestCategory="BookmarksAgent" />
      </TestCategory>
      <Execution id="e87bd226-f26b-4396-a9a1-2973a40cc89c" />
      <TestMethod codeBase="D:\actions-runner\_work\XPCO\XPCO\SC\MIPPlugins\SearchProviders\UnitTest\bin\Debug\net472\UnitTest.dll" adapterTypeName="executor://mstestadapter/v2" className="VideoOS.SearchAgents.UnitTest.BookmarksAgent.BookmarkDataSourceTest" name="TestBookmarkSearchFromBookmarkOffline_Success" />
    </UnitTest>
    <UnitTest name="TestSearch_OneCamera_Sort_OldestEventTime" storage="d:\actions-runner\_work\xpco\xpco\sc\mipplugins\searchproviders\unittest\bin\debug\net472\unittest.dll" id="d84174fe-cec6-c74d-b915-37ef0948647e">
      <TestCategory>
        <TestCategoryItem TestCategory="BookmarksAgent" />
      </TestCategory>
      <Execution id="07560389-901b-408f-adc1-644ea962a28f" />
      <TestMethod codeBase="D:\actions-runner\_work\XPCO\XPCO\SC\MIPPlugins\SearchProviders\UnitTest\bin\Debug\net472\UnitTest.dll" adapterTypeName="executor://mstestadapter/v2" className="VideoOS.SearchAgents.UnitTest.BookmarksAgent.BookmarksSearchDefinitionTest" name="TestSearch_OneCamera_Sort_OldestEventTime" />
    </UnitTest>
    <UnitTest name="TestSearch_OneCamera_Sort_NewestStartTime" storage="d:\actions-runner\_work\xpco\xpco\sc\mipplugins\searchproviders\unittest\bin\debug\net472\unittest.dll" id="fe80a837-3804-9b9d-e591-5eef4d7e3621">
      <TestCategory>
        <TestCategoryItem TestCategory="BookmarksAgent" />
      </TestCategory>
      <Execution id="930e8705-9b59-47f5-a473-97a94d5f240e" />
      <TestMethod codeBase="D:\actions-runner\_work\XPCO\XPCO\SC\MIPPlugins\SearchProviders\UnitTest\bin\Debug\net472\UnitTest.dll" adapterTypeName="executor://mstestadapter/v2" className="VideoOS.SearchAgents.UnitTest.BookmarksAgent.BookmarksSearchDefinitionTest" name="TestSearch_OneCamera_Sort_NewestStartTime" />
    </UnitTest>
    <UnitTest name="TestSearch_TwoCameras_Success" storage="d:\actions-runner\_work\xpco\xpco\sc\mipplugins\searchproviders\unittest\bin\debug\net472\unittest.dll" id="970a9e08-32fc-89bf-0a27-e8fd6cec5bc8">
      <TestCategory>
        <TestCategoryItem TestCategory="RecordingSearchDefinition" />
      </TestCategory>
      <Execution id="8d8954f5-32bc-4087-8244-46882e3ed034" />
      <TestMethod codeBase="D:\actions-runner\_work\XPCO\XPCO\SC\MIPPlugins\SearchProviders\UnitTest\bin\Debug\net472\UnitTest.dll" adapterTypeName="executor://mstestadapter/v2" className="VideoOS.SearchAgents.UnitTest.RecordingsAgent.RecordingSearchDefinitionTest" name="TestSearch_TwoCameras_Success" />
    </UnitTest>
    <UnitTest name="SearchFilterCategory_Success" storage="d:\actions-runner\_work\xpco\xpco\sc\mipplugins\searchproviders\unittest\bin\debug\net472\unittest.dll" id="f1ab6235-d6a0-b44c-24db-77d65f71e8ea">
      <TestCategory>
        <TestCategoryItem TestCategory="MotionAgentPlugin" />
      </TestCategory>
      <Execution id="28c3b0b8-7769-4bcb-8994-cf3d4f1a999b" />
      <TestMethod codeBase="D:\actions-runner\_work\XPCO\XPCO\SC\MIPPlugins\SearchProviders\UnitTest\bin\Debug\net472\UnitTest.dll" adapterTypeName="executor://mstestadapter/v2" className="VideoOS.SearchAgents.UnitTest.RecordingsAgent.MotionAgentPluginTest" name="SearchFilterCategory_Success" />
    </UnitTest>
    <UnitTest name="TestBookmarkSearchTime_Success (HeaderAndDescription)" storage="d:\actions-runner\_work\xpco\xpco\sc\mipplugins\searchproviders\unittest\bin\debug\net472\unittest.dll" id="81f143f6-bc4e-a35e-093e-5e9ec2ab0d22">
      <TestCategory>
        <TestCategoryItem TestCategory="BookmarksAgent" />
      </TestCategory>
      <Execution id="0b090464-1a4d-4bc7-b533-ae02caa480a2" />
      <TestMethod codeBase="D:\actions-runner\_work\XPCO\XPCO\SC\MIPPlugins\SearchProviders\UnitTest\bin\Debug\net472\UnitTest.dll" adapterTypeName="executor://mstestadapter/v2" className="VideoOS.SearchAgents.UnitTest.BookmarksAgent.BookmarkDataSourceTest" name="TestBookmarkSearchTime_Success" />
    </UnitTest>
    <UnitTest name="ResetValue_WrongFilterValueType_Throw" storage="d:\actions-runner\_work\xpco\xpco\sc\mipplugins\searchproviders\unittest\bin\debug\net472\unittest.dll" id="8f8c8d18-21c1-82cc-a4a7-b2a0a521c916">
      <TestCategory>
        <TestCategoryItem TestCategory="BookmarksAgent" />
      </TestCategory>
      <Execution id="0a554de9-563a-49db-8f2f-cff71b9b29ee" />
      <TestMethod codeBase="D:\actions-runner\_work\XPCO\XPCO\SC\MIPPlugins\SearchProviders\UnitTest\bin\Debug\net472\UnitTest.dll" adapterTypeName="executor://mstestadapter/v2" className="VideoOS.SearchAgents.UnitTest.BookmarksAgent.ContainsTextSearchFilterTest" name="ResetValue_WrongFilterValueType_Throw" />
    </UnitTest>
    <UnitTest name="IncludeInExport_Correct" storage="d:\actions-runner\_work\xpco\xpco\sc\mipplugins\searchproviders\unittest\bin\debug\net472\unittest.dll" id="eea4a290-3ace-93f4-45b0-8fa8bf716454">
      <TestCategory>
        <TestCategoryItem TestCategory="SearchAgentsPlugin" />
      </TestCategory>
      <Execution id="56a68a98-5787-4a32-9ebe-7e3e65d5bd4d" />
      <TestMethod codeBase="D:\actions-runner\_work\XPCO\XPCO\SC\MIPPlugins\SearchProviders\UnitTest\bin\Debug\net472\UnitTest.dll" adapterTypeName="executor://mstestadapter/v2" className="VideoOS.SearchAgents.UnitTest.SearchAgentsPlugin.SearchAgentsPluginDefinitionTest" name="IncludeInExport_Correct" />
    </UnitTest>
    <UnitTest name="TestBookmarkSearchTimeOffline_IndependentOfCulture_Success (Description,ac,1,da-DK)" storage="d:\actions-runner\_work\xpco\xpco\sc\mipplugins\searchproviders\unittest\bin\debug\net472\unittest.dll" id="4715a69f-bae7-50c4-6b63-83aa6afa81e9">
      <TestCategory>
        <TestCategoryItem TestCategory="BookmarksAgent" />
      </TestCategory>
      <Execution id="65acd156-6b2f-48df-a1bb-56c06877ebd9" />
      <TestMethod codeBase="D:\actions-runner\_work\XPCO\XPCO\SC\MIPPlugins\SearchProviders\UnitTest\bin\Debug\net472\UnitTest.dll" adapterTypeName="executor://mstestadapter/v2" className="VideoOS.SearchAgents.UnitTest.BookmarksAgent.BookmarkDataSourceTest" name="TestBookmarkSearchTimeOffline_IndependentOfCulture_Success" />
    </UnitTest>
    <UnitTest name="TestBookmarkSearchTimeOffline_Success (Header,header,2)" storage="d:\actions-runner\_work\xpco\xpco\sc\mipplugins\searchproviders\unittest\bin\debug\net472\unittest.dll" id="3876cecb-47a5-a266-e184-ca6569b81950">
      <TestCategory>
        <TestCategoryItem TestCategory="BookmarksAgent" />
      </TestCategory>
      <Execution id="c96c5bbd-436e-4c73-8206-46df538515fa" />
      <TestMethod codeBase="D:\actions-runner\_work\XPCO\XPCO\SC\MIPPlugins\SearchProviders\UnitTest\bin\Debug\net472\UnitTest.dll" adapterTypeName="executor://mstestadapter/v2" className="VideoOS.SearchAgents.UnitTest.BookmarksAgent.BookmarkDataSourceTest" name="TestBookmarkSearchTimeOffline_Success" />
    </UnitTest>
    <UnitTest name="TestSearch_OneCamera_Success" storage="d:\actions-runner\_work\xpco\xpco\sc\mipplugins\searchproviders\unittest\bin\debug\net472\unittest.dll" id="fe0445ce-6862-2849-fe92-fc639a1e1693">
      <TestCategory>
        <TestCategoryItem TestCategory="MotionSearchDefinition" />
      </TestCategory>
      <Execution id="3630443f-e8a8-4ae3-8640-a846330c3a5b" />
      <TestMethod codeBase="D:\actions-runner\_work\XPCO\XPCO\SC\MIPPlugins\SearchProviders\UnitTest\bin\Debug\net472\UnitTest.dll" adapterTypeName="executor://mstestadapter/v2" className="VideoOS.SearchAgents.UnitTest.RecordingsAgent.MotionSearchDefinitionTest" name="TestSearch_OneCamera_Success" />
    </UnitTest>
    <UnitTest name="Id_UpdateUsingSetter_Success" storage="d:\actions-runner\_work\xpco\xpco\sc\mipplugins\searchproviders\unittest\bin\debug\net472\unittest.dll" id="2280fded-4c45-2157-b7d9-c7632ab2fe10">
      <TestCategory>
        <TestCategoryItem TestCategory="BookmarksAgent" />
      </TestCategory>
      <Execution id="b48f8bbe-4f3b-4584-b141-2b21dadd2fd7" />
      <TestMethod codeBase="D:\actions-runner\_work\XPCO\XPCO\SC\MIPPlugins\SearchProviders\UnitTest\bin\Debug\net472\UnitTest.dll" adapterTypeName="executor://mstestadapter/v2" className="VideoOS.SearchAgents.UnitTest.BookmarksAgent.BookmarksAgentPluginTest" name="Id_UpdateUsingSetter_Success" />
    </UnitTest>
    <UnitTest name="TestBookmarkSearchTime_Success (Description)" storage="d:\actions-runner\_work\xpco\xpco\sc\mipplugins\searchproviders\unittest\bin\debug\net472\unittest.dll" id="41616be9-4ed4-e3fd-ccfb-f17835017c38">
      <TestCategory>
        <TestCategoryItem TestCategory="BookmarksAgent" />
      </TestCategory>
      <Execution id="106fdc8f-16d9-4ad8-98d2-a0c08649e314" />
      <TestMethod codeBase="D:\actions-runner\_work\XPCO\XPCO\SC\MIPPlugins\SearchProviders\UnitTest\bin\Debug\net472\UnitTest.dll" adapterTypeName="executor://mstestadapter/v2" className="VideoOS.SearchAgents.UnitTest.BookmarksAgent.BookmarkDataSourceTest" name="TestBookmarkSearchTime_Success" />
    </UnitTest>
    <UnitTest name="TestSearch_ZeroCameras_Success" storage="d:\actions-runner\_work\xpco\xpco\sc\mipplugins\searchproviders\unittest\bin\debug\net472\unittest.dll" id="ca5ea667-1dd5-60c7-6168-814e81af9a32">
      <TestCategory>
        <TestCategoryItem TestCategory="MotionSearchDefinition" />
      </TestCategory>
      <Execution id="367aa96a-f243-4393-a7b5-69602f6587e7" />
      <TestMethod codeBase="D:\actions-runner\_work\XPCO\XPCO\SC\MIPPlugins\SearchProviders\UnitTest\bin\Debug\net472\UnitTest.dll" adapterTypeName="executor://mstestadapter/v2" className="VideoOS.SearchAgents.UnitTest.RecordingsAgent.MotionSearchDefinitionTest" name="TestSearch_ZeroCameras_Success" />
    </UnitTest>
    <UnitTest name="Search_SmartSearch_TwoCamera_AscendingSortOrder_Success" storage="d:\actions-runner\_work\xpco\xpco\sc\mipplugins\searchproviders\unittest\bin\debug\net472\unittest.dll" id="ab46e406-895f-94d0-a641-f5e66a2e4d56">
      <TestCategory>
        <TestCategoryItem TestCategory="MotionSearchDefinition" />
      </TestCategory>
      <Execution id="9b8abf15-be18-4b79-a107-751351ec3ab8" />
      <TestMethod codeBase="D:\actions-runner\_work\XPCO\XPCO\SC\MIPPlugins\SearchProviders\UnitTest\bin\Debug\net472\UnitTest.dll" adapterTypeName="executor://mstestadapter/v2" className="VideoOS.SearchAgents.UnitTest.RecordingsAgent.MotionSearchDefinitionTest" name="Search_SmartSearch_TwoCamera_AscendingSortOrder_Success" />
    </UnitTest>
    <UnitTest name="Search_SmartSearch_TwoCamera_OnlyPermissionForOne_Succes" storage="d:\actions-runner\_work\xpco\xpco\sc\mipplugins\searchproviders\unittest\bin\debug\net472\unittest.dll" id="89d08978-197d-b4d6-d92a-0467f979b178">
      <TestCategory>
        <TestCategoryItem TestCategory="MotionSearchDefinition" />
      </TestCategory>
      <Execution id="259017e6-83d5-4d02-b015-92b75414ea4b" />
      <TestMethod codeBase="D:\actions-runner\_work\XPCO\XPCO\SC\MIPPlugins\SearchProviders\UnitTest\bin\Debug\net472\UnitTest.dll" adapterTypeName="executor://mstestadapter/v2" className="VideoOS.SearchAgents.UnitTest.RecordingsAgent.MotionSearchDefinitionTest" name="Search_SmartSearch_TwoCamera_OnlyPermissionForOne_Succes" />
    </UnitTest>
    <UnitTest name="Id_UpdateUsingSetter_Success" storage="d:\actions-runner\_work\xpco\xpco\sc\mipplugins\searchproviders\unittest\bin\debug\net472\unittest.dll" id="b71e13a0-14a1-8e9f-fb75-1aa8cbdccad1">
      <TestCategory>
        <TestCategoryItem TestCategory="RecordingAgentPlugin" />
      </TestCategory>
      <Execution id="22dcb71f-557d-463c-b16a-73bfb2425063" />
      <TestMethod codeBase="D:\actions-runner\_work\XPCO\XPCO\SC\MIPPlugins\SearchProviders\UnitTest\bin\Debug\net472\UnitTest.dll" adapterTypeName="executor://mstestadapter/v2" className="VideoOS.SearchAgents.UnitTest.RecordingsAgent.RecordingAgentPluginTest" name="Id_UpdateUsingSetter_Success" />
    </UnitTest>
    <UnitTest name="Search_SmartSearch_TwoCamera_SortOrder_NewestEventTime_Success" storage="d:\actions-runner\_work\xpco\xpco\sc\mipplugins\searchproviders\unittest\bin\debug\net472\unittest.dll" id="64cb916a-1712-20ba-bd31-bf4729a51d4c">
      <TestCategory>
        <TestCategoryItem TestCategory="MotionSearchDefinition" />
      </TestCategory>
      <Execution id="5574d72f-1e6f-4f91-b1e5-a6a64de644e8" />
      <TestMethod codeBase="D:\actions-runner\_work\XPCO\XPCO\SC\MIPPlugins\SearchProviders\UnitTest\bin\Debug\net472\UnitTest.dll" adapterTypeName="executor://mstestadapter/v2" className="VideoOS.SearchAgents.UnitTest.RecordingsAgent.MotionSearchDefinitionTest" name="Search_SmartSearch_TwoCamera_SortOrder_NewestEventTime_Success" />
    </UnitTest>
    <UnitTest name="TestBookmarkSearchTimeOffline_Success (Description,description2,1)" storage="d:\actions-runner\_work\xpco\xpco\sc\mipplugins\searchproviders\unittest\bin\debug\net472\unittest.dll" id="9bbe06ed-fd28-2e08-a1bd-cf8904b349ef">
      <TestCategory>
        <TestCategoryItem TestCategory="BookmarksAgent" />
      </TestCategory>
      <Execution id="ed4bf8ef-a689-4d6a-9acd-224630ec0e8f" />
      <TestMethod codeBase="D:\actions-runner\_work\XPCO\XPCO\SC\MIPPlugins\SearchProviders\UnitTest\bin\Debug\net472\UnitTest.dll" adapterTypeName="executor://mstestadapter/v2" className="VideoOS.SearchAgents.UnitTest.BookmarksAgent.BookmarkDataSourceTest" name="TestBookmarkSearchTimeOffline_Success" />
    </UnitTest>
    <UnitTest name="TestBookmarkSearchTimeOffline_IndependentOfCulture_Success (Header,aabb,1,en-US)" storage="d:\actions-runner\_work\xpco\xpco\sc\mipplugins\searchproviders\unittest\bin\debug\net472\unittest.dll" id="d5351b42-7594-046b-a8b5-d7ce8e9c63bb">
      <TestCategory>
        <TestCategoryItem TestCategory="BookmarksAgent" />
      </TestCategory>
      <Execution id="2262fc73-a232-4d2b-9e6f-d52d372835e8" />
      <TestMethod codeBase="D:\actions-runner\_work\XPCO\XPCO\SC\MIPPlugins\SearchProviders\UnitTest\bin\Debug\net472\UnitTest.dll" adapterTypeName="executor://mstestadapter/v2" className="VideoOS.SearchAgents.UnitTest.BookmarksAgent.BookmarkDataSourceTest" name="TestBookmarkSearchTimeOffline_IndependentOfCulture_Success" />
    </UnitTest>
    <UnitTest name="TestBookmarkSearchTimeOffline_Success (Description,description1,1)" storage="d:\actions-runner\_work\xpco\xpco\sc\mipplugins\searchproviders\unittest\bin\debug\net472\unittest.dll" id="c862e261-9013-a8ca-1858-97d715f4f5e5">
      <TestCategory>
        <TestCategoryItem TestCategory="BookmarksAgent" />
      </TestCategory>
      <Execution id="ad845686-eef3-4a6c-b510-84dc62974746" />
      <TestMethod codeBase="D:\actions-runner\_work\XPCO\XPCO\SC\MIPPlugins\SearchProviders\UnitTest\bin\Debug\net472\UnitTest.dll" adapterTypeName="executor://mstestadapter/v2" className="VideoOS.SearchAgents.UnitTest.BookmarksAgent.BookmarkDataSourceTest" name="TestBookmarkSearchTimeOffline_Success" />
    </UnitTest>
    <UnitTest name="GetDisplayValue_SmartSearchFilter_OneSelection_Success" storage="d:\actions-runner\_work\xpco\xpco\sc\mipplugins\searchproviders\unittest\bin\debug\net472\unittest.dll" id="936e7632-bce5-4391-b913-42310dd31f48">
      <TestCategory>
        <TestCategoryItem TestCategory="SmartSearchSearchFilter" />
      </TestCategory>
      <Execution id="ddc2ce2d-2307-48fd-b8f4-3d1fd0d5ddc6" />
      <TestMethod codeBase="D:\actions-runner\_work\XPCO\XPCO\SC\MIPPlugins\SearchProviders\UnitTest\bin\Debug\net472\UnitTest.dll" adapterTypeName="executor://mstestadapter/v2" className="VideoOS.SearchAgents.UnitTest.RecordingsAgent.SearchAttributes.SmartSearchSearchFilterTest" name="GetDisplayValue_SmartSearchFilter_OneSelection_Success" />
    </UnitTest>
    <UnitTest name="SearchFilterCategory_Success" storage="d:\actions-runner\_work\xpco\xpco\sc\mipplugins\searchproviders\unittest\bin\debug\net472\unittest.dll" id="2de01861-2c38-a70b-e3cd-1bf5d7d6a0c8">
      <TestCategory>
        <TestCategoryItem TestCategory="RecordingAgentPlugin" />
      </TestCategory>
      <Execution id="45cd5978-3441-43ae-965c-3eb726d8f469" />
      <TestMethod codeBase="D:\actions-runner\_work\XPCO\XPCO\SC\MIPPlugins\SearchProviders\UnitTest\bin\Debug\net472\UnitTest.dll" adapterTypeName="executor://mstestadapter/v2" className="VideoOS.SearchAgents.UnitTest.RecordingsAgent.RecordingAgentPluginTest" name="SearchFilterCategory_Success" />
    </UnitTest>
    <UnitTest name="ContainsTextSearchFilterValue_Deserialize_Success (SearchText,SearchText,HeaderAndDescription)" storage="d:\actions-runner\_work\xpco\xpco\sc\mipplugins\searchproviders\unittest\bin\debug\net472\unittest.dll" id="442da40e-14d8-d77f-481f-f753c652ddcf">
      <TestCategory>
        <TestCategoryItem TestCategory="BookmarksAgent" />
      </TestCategory>
      <Execution id="4f906bba-add4-41cf-8e51-09c0dc41281e" />
      <TestMethod codeBase="D:\actions-runner\_work\XPCO\XPCO\SC\MIPPlugins\SearchProviders\UnitTest\bin\Debug\net472\UnitTest.dll" adapterTypeName="executor://mstestadapter/v2" className="VideoOS.SearchAgents.UnitTest.BookmarksAgent.ContainsTextSearchFilterValueTests" name="ContainsTextSearchFilterValue_Deserialize_Success" />
    </UnitTest>
    <UnitTest name="TestSearch_BookmarkSearchTimeThrowsWrappedCommunicationException_Success" storage="d:\actions-runner\_work\xpco\xpco\sc\mipplugins\searchproviders\unittest\bin\debug\net472\unittest.dll" id="44c0e595-a8c6-8cd9-ecda-76b93d8b2b3d">
      <TestCategory>
        <TestCategoryItem TestCategory="BookmarksAgent" />
      </TestCategory>
      <Execution id="18c2407e-d888-4264-a7b9-c2c3ecf2294b" />
      <TestMethod codeBase="D:\actions-runner\_work\XPCO\XPCO\SC\MIPPlugins\SearchProviders\UnitTest\bin\Debug\net472\UnitTest.dll" adapterTypeName="executor://mstestadapter/v2" className="VideoOS.SearchAgents.UnitTest.BookmarksAgent.BookmarksSearchDefinitionTest" name="TestSearch_BookmarkSearchTimeThrowsWrappedCommunicationException_Success" />
    </UnitTest>
    <UnitTest name="TestBookmarkSearchTimeOffline_Success (Header,Header2,1)" storage="d:\actions-runner\_work\xpco\xpco\sc\mipplugins\searchproviders\unittest\bin\debug\net472\unittest.dll" id="f3999d39-1605-9e28-0084-317bb6709d2a">
      <TestCategory>
        <TestCategoryItem TestCategory="BookmarksAgent" />
      </TestCategory>
      <Execution id="ae04b00d-605b-4ee5-b023-e57ee33dbac3" />
      <TestMethod codeBase="D:\actions-runner\_work\XPCO\XPCO\SC\MIPPlugins\SearchProviders\UnitTest\bin\Debug\net472\UnitTest.dll" adapterTypeName="executor://mstestadapter/v2" className="VideoOS.SearchAgents.UnitTest.BookmarksAgent.BookmarkDataSourceTest" name="TestBookmarkSearchTimeOffline_Success" />
    </UnitTest>
    <UnitTest name="TestSearch_TwoCameras_Success" storage="d:\actions-runner\_work\xpco\xpco\sc\mipplugins\searchproviders\unittest\bin\debug\net472\unittest.dll" id="0df4a252-c675-1d9d-4b70-cdd0b0802e9b">
      <TestCategory>
        <TestCategoryItem TestCategory="MotionSearchDefinition" />
      </TestCategory>
      <Execution id="8456ffc7-9bc5-4117-ab03-c096b41db0ba" />
      <TestMethod codeBase="D:\actions-runner\_work\XPCO\XPCO\SC\MIPPlugins\SearchProviders\UnitTest\bin\Debug\net472\UnitTest.dll" adapterTypeName="executor://mstestadapter/v2" className="VideoOS.SearchAgents.UnitTest.RecordingsAgent.MotionSearchDefinitionTest" name="TestSearch_TwoCameras_Success" />
    </UnitTest>
    <UnitTest name="TestSearch_TwoCamerasSameServer_Success" storage="d:\actions-runner\_work\xpco\xpco\sc\mipplugins\searchproviders\unittest\bin\debug\net472\unittest.dll" id="929a5b01-7d29-ddf2-5786-c85bc1aa64ba">
      <TestCategory>
        <TestCategoryItem TestCategory="BookmarksAgent" />
      </TestCategory>
      <Execution id="1a6ae556-d266-4cd7-a046-ab185a3d36fe" />
      <TestMethod codeBase="D:\actions-runner\_work\XPCO\XPCO\SC\MIPPlugins\SearchProviders\UnitTest\bin\Debug\net472\UnitTest.dll" adapterTypeName="executor://mstestadapter/v2" className="VideoOS.SearchAgents.UnitTest.BookmarksAgent.BookmarksSearchDefinitionTest" name="TestSearch_TwoCamerasSameServer_Success" />
    </UnitTest>
    <UnitTest name="Close_InitNotCalled_DoesNotCrash" storage="d:\actions-runner\_work\xpco\xpco\sc\mipplugins\searchproviders\unittest\bin\debug\net472\unittest.dll" id="343bb754-8bda-f08e-bbed-0149e7be2e56">
      <TestCategory>
        <TestCategoryItem TestCategory="MotionAgentPlugin" />
      </TestCategory>
      <Execution id="de0cc0e7-af3b-44d0-9401-0375df447a55" />
      <TestMethod codeBase="D:\actions-runner\_work\XPCO\XPCO\SC\MIPPlugins\SearchProviders\UnitTest\bin\Debug\net472\UnitTest.dll" adapterTypeName="executor://mstestadapter/v2" className="VideoOS.SearchAgents.UnitTest.RecordingsAgent.MotionAgentPluginTest" name="Close_InitNotCalled_DoesNotCrash" />
    </UnitTest>
    <UnitTest name="TestBookmarkSearchFromBookmarkOffline_Success (Description,description1,1)" storage="d:\actions-runner\_work\xpco\xpco\sc\mipplugins\searchproviders\unittest\bin\debug\net472\unittest.dll" id="dfe18994-d74c-9f7a-2411-3a7c3a0170a2">
      <TestCategory>
        <TestCategoryItem TestCategory="BookmarksAgent" />
      </TestCategory>
      <Execution id="43a7d438-b2d9-473a-a6b3-e64f6a3a9852" />
      <TestMethod codeBase="D:\actions-runner\_work\XPCO\XPCO\SC\MIPPlugins\SearchProviders\UnitTest\bin\Debug\net472\UnitTest.dll" adapterTypeName="executor://mstestadapter/v2" className="VideoOS.SearchAgents.UnitTest.BookmarksAgent.BookmarkDataSourceTest" name="TestBookmarkSearchFromBookmarkOffline_Success" />
    </UnitTest>
    <UnitTest name="TestBookmarkSearchTimeOffline_Success (Header,header1,1)" storage="d:\actions-runner\_work\xpco\xpco\sc\mipplugins\searchproviders\unittest\bin\debug\net472\unittest.dll" id="82ec1d41-eead-75ff-e2bc-ac7ca0101ae4">
      <TestCategory>
        <TestCategoryItem TestCategory="BookmarksAgent" />
      </TestCategory>
      <Execution id="afb1c858-8901-455a-9eb3-c06a056a2d27" />
      <TestMethod codeBase="D:\actions-runner\_work\XPCO\XPCO\SC\MIPPlugins\SearchProviders\UnitTest\bin\Debug\net472\UnitTest.dll" adapterTypeName="executor://mstestadapter/v2" className="VideoOS.SearchAgents.UnitTest.BookmarksAgent.BookmarkDataSourceTest" name="TestBookmarkSearchTimeOffline_Success" />
    </UnitTest>
  </TestDefinitions>
  <TestEntries>
    <TestEntry testId="83010949-ed7b-8226-25ad-4ca68ee05c40" executionId="705841d5-ee9e-422d-b974-c5d58c5ca78f" testListId="8c84fa94-04c1-424b-9868-57a2d4851a1d" />
    <TestEntry testId="5f8f1ea9-57ef-1a8c-66ba-1f131dd9bb05" executionId="518d417c-dfa0-42e6-9e1b-4853309a0e65" testListId="8c84fa94-04c1-424b-9868-57a2d4851a1d" />
    <TestEntry testId="7edb1ffb-a1cd-e213-6b4c-6cc73224a061" executionId="05bf2a7f-40d0-4b29-9186-6260b86f76c1" testListId="8c84fa94-04c1-424b-9868-57a2d4851a1d" />
    <TestEntry testId="0afa23c5-246f-db20-9fb8-2e0f033a9892" executionId="8301c1ff-4ab5-4946-86b2-e73551a9b707" testListId="8c84fa94-04c1-424b-9868-57a2d4851a1d" />
    <TestEntry testId="6712b95f-49c4-fb54-91c0-f2fe0be1af3c" executionId="4de0cc1b-1068-408a-9672-248042639c02" testListId="8c84fa94-04c1-424b-9868-57a2d4851a1d" />
    <TestEntry testId="1a4ed74f-0230-3b07-b46c-f98f72c37608" executionId="79eee894-729b-4752-8e12-caa91d8482f2" testListId="8c84fa94-04c1-424b-9868-57a2d4851a1d" />
    <TestEntry testId="b94dfcf4-7136-c16b-a733-2745c97ee71f" executionId="8f01d00c-3a2d-46fd-8411-31dd915f9de8" testListId="8c84fa94-04c1-424b-9868-57a2d4851a1d" />
    <TestEntry testId="3cde7a2a-ddd3-4cda-2af0-baa0674cf958" executionId="922d0b8f-37ba-4e15-82d6-aff51a6815ad" testListId="8c84fa94-04c1-424b-9868-57a2d4851a1d" />
    <TestEntry testId="658955d0-5eea-8828-e8a3-5da91fd8de2b" executionId="69a99c8c-442d-4203-ae72-1bdb69397790" testListId="8c84fa94-04c1-424b-9868-57a2d4851a1d" />
    <TestEntry testId="f9d8b802-0f33-f7c4-a717-51e84afe0716" executionId="6ef9f206-41e9-4a15-9c83-07386bdc0ef8" testListId="8c84fa94-04c1-424b-9868-57a2d4851a1d" />
    <TestEntry testId="ab46e406-895f-94d0-a641-f5e66a2e4d56" executionId="9b8abf15-be18-4b79-a107-751351ec3ab8" testListId="8c84fa94-04c1-424b-9868-57a2d4851a1d" />
    <TestEntry testId="aa8892c6-41c4-bf5c-640f-99a2d64c993c" executionId="3ba948de-9362-46fe-b2ab-c649d87cd983" testListId="8c84fa94-04c1-424b-9868-57a2d4851a1d" />
    <TestEntry testId="bfa2326d-7e01-5e5e-9eed-301e88d0e75c" executionId="5678bb0a-bb0c-4c6d-9cf5-22fadf01da3a" testListId="8c84fa94-04c1-424b-9868-57a2d4851a1d" />
    <TestEntry testId="dde07ce9-db61-262c-5aeb-a2bef55d5de9" executionId="79ac59c4-bef0-4ab1-883f-d4b2ec7ea139" testListId="8c84fa94-04c1-424b-9868-57a2d4851a1d" />
    <TestEntry testId="ad024bff-17d7-0509-5be2-8e3b56baab19" executionId="e62d2742-9edf-4239-bd38-2e1f793311bf" testListId="8c84fa94-04c1-424b-9868-57a2d4851a1d" />
    <TestEntry testId="44c0e595-a8c6-8cd9-ecda-76b93d8b2b3d" executionId="18c2407e-d888-4264-a7b9-c2c3ecf2294b" testListId="8c84fa94-04c1-424b-9868-57a2d4851a1d" />
    <TestEntry testId="8068d391-c433-0485-d6f2-d9847c54a1c4" executionId="31a564ed-d71c-4ae9-b2bb-a62c9269a8d2" testListId="8c84fa94-04c1-424b-9868-57a2d4851a1d" />
    <TestEntry testId="966d7216-01b1-eceb-f7ba-b01522d00244" executionId="cf874a2d-35eb-4ccf-bc21-d765c70727f9" testListId="8c84fa94-04c1-424b-9868-57a2d4851a1d" />
    <TestEntry testId="42b2df1c-5c94-7979-829f-c3bb3c261c6d" executionId="8485f041-6344-4eac-8d2b-a920b4f138ea" testListId="8c84fa94-04c1-424b-9868-57a2d4851a1d" />
    <TestEntry testId="d8934dd9-c079-80dd-0024-d016243d769e" executionId="9be4d79c-6e15-4f93-b7a3-652b3af62cff" testListId="8c84fa94-04c1-424b-9868-57a2d4851a1d" />
    <TestEntry testId="e362ecf4-a6b3-ad50-efc7-e4a3025dc4dc" executionId="cf628060-9959-475f-a646-f649787a1d1e" testListId="8c84fa94-04c1-424b-9868-57a2d4851a1d" />
    <TestEntry testId="03fb0271-faa3-06bb-227e-3d405cf12236" executionId="ef9801bf-38f6-4292-a4fc-356974fe27a3" testListId="8c84fa94-04c1-424b-9868-57a2d4851a1d" />
    <TestEntry testId="442da40e-14d8-d77f-481f-f753c652ddcf" executionId="4f906bba-add4-41cf-8e51-09c0dc41281e" testListId="8c84fa94-04c1-424b-9868-57a2d4851a1d" />
    <TestEntry testId="41edbdc3-f9f6-b16f-d4d9-b184e3556d7d" executionId="a7ce6cb3-a09c-4a99-a6dc-d27a9e171763" testListId="8c84fa94-04c1-424b-9868-57a2d4851a1d" />
    <TestEntry testId="9e90b19d-0ee5-6764-007f-4022433aaf2f" executionId="55712b17-d3e5-4949-b0b9-909658f79c22" testListId="8c84fa94-04c1-424b-9868-57a2d4851a1d" />
    <TestEntry testId="6732db6b-b0be-01ac-447d-5ea44f35cebd" executionId="fa032dc4-9e02-4dda-95b8-7e7af08cbf0d" testListId="8c84fa94-04c1-424b-9868-57a2d4851a1d" />
    <TestEntry testId="d67d711f-600f-d85d-8035-a652f106710b" executionId="0103cd75-949f-4e25-ac45-3b513ceb9bfb" testListId="8c84fa94-04c1-424b-9868-57a2d4851a1d" />
    <TestEntry testId="824a0ab4-c21f-d387-7de7-9d41e739717e" executionId="e398b47c-fe0c-4508-9659-2d9f139e65e9" testListId="8c84fa94-04c1-424b-9868-57a2d4851a1d" />
    <TestEntry testId="4715a69f-bae7-50c4-6b63-83aa6afa81e9" executionId="65acd156-6b2f-48df-a1bb-56c06877ebd9" testListId="8c84fa94-04c1-424b-9868-57a2d4851a1d" />
    <TestEntry testId="3ef52ff9-47ef-a174-357b-f9fc4fcd4a8b" executionId="9c332d96-0354-43ca-a6e1-357c2d588be1" testListId="8c84fa94-04c1-424b-9868-57a2d4851a1d" />
    <TestEntry testId="8a7c5d0b-25bd-b72b-72d1-e37e8c880d08" executionId="39a9ba9c-b4a2-48ee-8cb3-cdd3bfe1b7b2" testListId="8c84fa94-04c1-424b-9868-57a2d4851a1d" />
    <TestEntry testId="89d08978-197d-b4d6-d92a-0467f979b178" executionId="259017e6-83d5-4d02-b015-92b75414ea4b" testListId="8c84fa94-04c1-424b-9868-57a2d4851a1d" />
    <TestEntry testId="6c57ff61-a273-add3-ee75-6699b49e431b" executionId="6acf329e-c719-482f-b3ea-bb89989ea38d" testListId="8c84fa94-04c1-424b-9868-57a2d4851a1d" />
    <TestEntry testId="a2d8f0e3-53b7-a6bb-b4c7-8bfd169bd377" executionId="783fc16f-9376-47db-9bad-b11ef68752a6" testListId="8c84fa94-04c1-424b-9868-57a2d4851a1d" />
    <TestEntry testId="2280fded-4c45-2157-b7d9-c7632ab2fe10" executionId="b48f8bbe-4f3b-4584-b141-2b21dadd2fd7" testListId="8c84fa94-04c1-424b-9868-57a2d4851a1d" />
    <TestEntry testId="6f295cbb-379a-379a-1456-2776b14ea9d3" executionId="0addefdd-ccb4-49fa-a277-fccab93fd0e4" testListId="8c84fa94-04c1-424b-9868-57a2d4851a1d" />
    <TestEntry testId="41616be9-4ed4-e3fd-ccfb-f17835017c38" executionId="106fdc8f-16d9-4ad8-98d2-a0c08649e314" testListId="8c84fa94-04c1-424b-9868-57a2d4851a1d" />
    <TestEntry testId="0ac74f31-2840-8bf5-394a-ec18c6e0f89e" executionId="00486dcb-b981-47f1-ae23-10a0e44fda25" testListId="8c84fa94-04c1-424b-9868-57a2d4851a1d" />
    <TestEntry testId="ee2f3b0c-9622-6d5c-bcd6-fd6bc5bdd485" executionId="48172c99-7684-49df-ad6a-2a572d345cc4" testListId="8c84fa94-04c1-424b-9868-57a2d4851a1d" />
    <TestEntry testId="d84174fe-cec6-c74d-b915-37ef0948647e" executionId="07560389-901b-408f-adc1-644ea962a28f" testListId="8c84fa94-04c1-424b-9868-57a2d4851a1d" />
    <TestEntry testId="27436264-2adc-bafb-b33a-e4519739c91f" executionId="9725a338-d09a-42c6-87a3-dc7f19a04910" testListId="8c84fa94-04c1-424b-9868-57a2d4851a1d" />
    <TestEntry testId="8500b63d-5319-4c11-d4b8-9f52192a8ed5" executionId="92da52e0-ff01-4e1d-b7a4-573268e9832a" testListId="8c84fa94-04c1-424b-9868-57a2d4851a1d" />
    <TestEntry testId="3e4dafe8-7608-f0fa-16d5-d02ae5d9d4f4" executionId="02cbae0a-47fa-4382-a0a5-62e352187185" testListId="8c84fa94-04c1-424b-9868-57a2d4851a1d" />
    <TestEntry testId="c862e261-9013-a8ca-1858-97d715f4f5e5" executionId="ad845686-eef3-4a6c-b510-84dc62974746" testListId="8c84fa94-04c1-424b-9868-57a2d4851a1d" />
    <TestEntry testId="e851088a-126b-3c9f-02eb-bb317cbd003a" executionId="288f6262-0c83-42d8-b344-d711874cebe5" testListId="8c84fa94-04c1-424b-9868-57a2d4851a1d" />
    <TestEntry testId="af96175d-f7a2-674d-1f2b-852933fd9231" executionId="82b4c650-379a-49b4-9aa3-bc46d32db022" testListId="8c84fa94-04c1-424b-9868-57a2d4851a1d" />
    <TestEntry testId="f326eb3a-0ce2-c4cf-9d13-0061444b213b" executionId="04781929-f263-4b07-b26b-17aa6a2555af" testListId="8c84fa94-04c1-424b-9868-57a2d4851a1d" />
    <TestEntry testId="26fab799-115d-cc94-6db0-9649c7d3ad6a" executionId="bdb72bc9-14f5-4197-aab9-042a221035e4" testListId="8c84fa94-04c1-424b-9868-57a2d4851a1d" />
    <TestEntry testId="21acf0e8-7b03-0e20-2253-12a46a4d83bc" executionId="1257605c-0dc9-47cc-9589-10a1fdf2a9b7" testListId="8c84fa94-04c1-424b-9868-57a2d4851a1d" />
    <TestEntry testId="88ae30ff-78e2-5040-d03d-b1323fa306bc" executionId="70721385-1c69-403a-8589-f5f70ef6afd8" testListId="8c84fa94-04c1-424b-9868-57a2d4851a1d" />
    <TestEntry testId="10fdddf0-2640-32c7-fc86-37acc77f6458" executionId="e9ec2dbb-bc18-41e0-8370-3d11c1758e5e" testListId="8c84fa94-04c1-424b-9868-57a2d4851a1d" />
    <TestEntry testId="04dd834f-4d7f-126c-c936-5f541aee5d36" executionId="e1cf621c-07fe-4983-a981-326ff3443f6c" testListId="8c84fa94-04c1-424b-9868-57a2d4851a1d" />
    <TestEntry testId="df60b123-5948-0ed5-08cb-e61c71777551" executionId="652da52d-b919-4203-969c-1535f3b55b8b" testListId="8c84fa94-04c1-424b-9868-57a2d4851a1d" />
    <TestEntry testId="9d799095-daeb-4507-60b4-b8601a927d39" executionId="b2e7744b-8d2a-4bbf-8706-b953fd79d0b1" testListId="8c84fa94-04c1-424b-9868-57a2d4851a1d" />
    <TestEntry testId="924bdb2d-059e-62bd-7fba-6b2796168b8a" executionId="52964cf7-290d-4c23-bb9b-36c15496093d" testListId="8c84fa94-04c1-424b-9868-57a2d4851a1d" />
    <TestEntry testId="3f5879ee-e1d4-7162-8cbc-7ae72964d991" executionId="5abb3741-8518-462f-91e1-90d45a50f8fb" testListId="8c84fa94-04c1-424b-9868-57a2d4851a1d" />
    <TestEntry testId="50ba828c-d2b0-9cdd-00a3-4b1e66623771" executionId="df27c42a-0541-42d9-81c6-441782c702f5" testListId="8c84fa94-04c1-424b-9868-57a2d4851a1d" />
    <TestEntry testId="402e03a6-c844-e310-daf8-9a12b1f92722" executionId="478e0404-7a16-48f1-bce0-ba0f13d1c8e2" testListId="8c84fa94-04c1-424b-9868-57a2d4851a1d" />
    <TestEntry testId="e0002542-6023-f9de-027b-f20074975dd3" executionId="d3b4b647-f1d0-4319-82f2-106bac5f3008" testListId="8c84fa94-04c1-424b-9868-57a2d4851a1d" />
    <TestEntry testId="033d264c-42aa-d064-1763-987cd7fef80a" executionId="a224a2c4-433c-4bb3-89dd-4ebe07e9706c" testListId="8c84fa94-04c1-424b-9868-57a2d4851a1d" />
    <TestEntry testId="004c1474-783b-15fc-a55f-87e0d12631ef" executionId="028b80f0-a4a6-4e7b-8322-26f85d0fa1c2" testListId="8c84fa94-04c1-424b-9868-57a2d4851a1d" />
    <TestEntry testId="b017fd0b-c4dd-e6f4-85ff-368415997c6f" executionId="0365a3bc-870f-457f-8c54-07f7d33bdf88" testListId="8c84fa94-04c1-424b-9868-57a2d4851a1d" />
    <TestEntry testId="c2525c04-7759-88d9-ca44-5fde822bda5d" executionId="07366baa-82e9-4b78-a2f1-3651e8308608" testListId="8c84fa94-04c1-424b-9868-57a2d4851a1d" />
    <TestEntry testId="967f1e1c-e312-a478-eb72-7fa09d60f911" executionId="55674dd7-697f-4a1d-9b1b-3b466ffe377e" testListId="8c84fa94-04c1-424b-9868-57a2d4851a1d" />
    <TestEntry testId="fe0445ce-6862-2849-fe92-fc639a1e1693" executionId="3630443f-e8a8-4ae3-8640-a846330c3a5b" testListId="8c84fa94-04c1-424b-9868-57a2d4851a1d" />
    <TestEntry testId="710401de-d7a4-f5bf-6880-948d510408c5" executionId="876dbabd-a6c9-46be-8fa7-592a3b8e2b51" testListId="8c84fa94-04c1-424b-9868-57a2d4851a1d" />
    <TestEntry testId="bb39c03f-b83d-0919-051f-8edbbe1f88ef" executionId="66bb9ed8-5730-497b-84ed-dec6dc0066ce" testListId="8c84fa94-04c1-424b-9868-57a2d4851a1d" />
    <TestEntry testId="206f7860-dd37-3614-eafa-5b064fc6adcf" executionId="e4236369-e8ed-4081-bc44-5d79ad862bc8" testListId="8c84fa94-04c1-424b-9868-57a2d4851a1d" />
    <TestEntry testId="a402e844-5d9f-ce53-bbcf-affc586b0cd8" executionId="fad0de1f-4a03-4df1-af9c-198548fd46b3" testListId="8c84fa94-04c1-424b-9868-57a2d4851a1d" />
    <TestEntry testId="e655902f-37b5-a2c8-19fc-16383f483459" executionId="e6907b01-edd5-447c-b2eb-7a515ed4543d" testListId="8c84fa94-04c1-424b-9868-57a2d4851a1d" />
    <TestEntry testId="2368e96a-dfcb-48df-2275-02da87769191" executionId="4ede30fd-3ff0-4382-a8a6-74a1cddcc17c" testListId="8c84fa94-04c1-424b-9868-57a2d4851a1d" />
    <TestEntry testId="36ca8881-35d1-f876-5f9c-b94b444f3957" executionId="fcb5bce9-03e4-4fcd-9188-97ff6b37f3d1" testListId="8c84fa94-04c1-424b-9868-57a2d4851a1d" />
    <TestEntry testId="2de01861-2c38-a70b-e3cd-1bf5d7d6a0c8" executionId="45cd5978-3441-43ae-965c-3eb726d8f469" testListId="8c84fa94-04c1-424b-9868-57a2d4851a1d" />
    <TestEntry testId="185cdd46-c537-de24-7d0d-169a59ad8d77" executionId="fdd28a6f-722f-4d03-bb3b-9ef218d15b61" testListId="8c84fa94-04c1-424b-9868-57a2d4851a1d" />
    <TestEntry testId="6587521a-018d-5527-6716-f58c5e7b1c9f" executionId="403f67e1-e13e-498e-ace0-8a7ff3463d91" testListId="8c84fa94-04c1-424b-9868-57a2d4851a1d" />
    <TestEntry testId="22da5cd8-03f6-97b3-3c65-60ed59c64218" executionId="8c7df331-d07b-4703-9be6-ea0e3dc8dbc5" testListId="8c84fa94-04c1-424b-9868-57a2d4851a1d" />
    <TestEntry testId="c7855d04-038c-e744-028d-a6ea2c8a784b" executionId="a72be97e-befc-434d-a71c-8d2eb847ef89" testListId="8c84fa94-04c1-424b-9868-57a2d4851a1d" />
    <TestEntry testId="6f5b60fa-58ea-a202-9f0d-a270ad9b2216" executionId="7364c483-c15f-4769-af9f-e5c5496c14f6" testListId="8c84fa94-04c1-424b-9868-57a2d4851a1d" />
    <TestEntry testId="984b7f3b-462d-04a2-9715-5c043bf5d6cd" executionId="fee28ac8-a84c-47e7-b329-534ccca33130" testListId="8c84fa94-04c1-424b-9868-57a2d4851a1d" />
    <TestEntry testId="ae6fd0d2-b943-efb2-7588-a6addd5196f7" executionId="21fedde5-8db8-4341-a603-9bb27190d07d" testListId="8c84fa94-04c1-424b-9868-57a2d4851a1d" />
    <TestEntry testId="3ae5e3c3-7373-f589-ce86-62eab1e6a6c7" executionId="92951038-535e-4385-8a4e-63f827ac45f5" testListId="8c84fa94-04c1-424b-9868-57a2d4851a1d" />
    <TestEntry testId="572e54f3-b152-f599-5a31-75375f3fc4ef" executionId="cf1a71ee-7f50-4b81-8e0e-2eea907a506c" testListId="8c84fa94-04c1-424b-9868-57a2d4851a1d" />
    <TestEntry testId="7619ef0f-d7ac-7491-0268-f556f2ebd313" executionId="32fcd3ab-8791-4d09-91f6-5bda01af8b36" testListId="8c84fa94-04c1-424b-9868-57a2d4851a1d" />
    <TestEntry testId="f77b0e2e-2538-a690-5272-d6668625986e" executionId="c4149e18-8f78-46e6-a6b5-a083f351e0c0" testListId="8c84fa94-04c1-424b-9868-57a2d4851a1d" />
    <TestEntry testId="4136f4ae-081c-1983-eced-87962951310a" executionId="d2069ee6-7027-48fa-b3f8-649011727e60" testListId="8c84fa94-04c1-424b-9868-57a2d4851a1d" />
    <TestEntry testId="fe80a837-3804-9b9d-e591-5eef4d7e3621" executionId="930e8705-9b59-47f5-a473-97a94d5f240e" testListId="8c84fa94-04c1-424b-9868-57a2d4851a1d" />
    <TestEntry testId="dc8345b6-58ea-c39d-f5b2-303b0ecc427a" executionId="c6e99dc8-ede1-490f-9641-302fb67d9744" testListId="8c84fa94-04c1-424b-9868-57a2d4851a1d" />
    <TestEntry testId="d35ac4e1-fc97-ed43-46ab-ea9e801bd082" executionId="0678c4de-4129-4e18-ba45-e5356c49947d" testListId="8c84fa94-04c1-424b-9868-57a2d4851a1d" />
    <TestEntry testId="6a7a067a-9a6b-d729-b6a4-15a72193671e" executionId="37a56fa4-7b4a-4e4b-82cf-2cbcc7bab1e7" testListId="8c84fa94-04c1-424b-9868-57a2d4851a1d" />
    <TestEntry testId="9e0ee637-d21f-7cf2-38d0-d79373c6e4ab" executionId="ae79f681-1626-4612-aa26-81d1d7decbd2" testListId="8c84fa94-04c1-424b-9868-57a2d4851a1d" />
    <TestEntry testId="f8b420b5-122c-9ece-8984-d25470df9430" executionId="a02f0a01-7bfa-44ea-9b0d-6325ec873864" testListId="8c84fa94-04c1-424b-9868-57a2d4851a1d" />
    <TestEntry testId="e3bd30a8-e686-fdff-5e63-d12be158bbda" executionId="e3b4c042-0c49-4d17-b2e9-ddae0f9ff856" testListId="8c84fa94-04c1-424b-9868-57a2d4851a1d" />
    <TestEntry testId="f746dd2e-2782-72e8-9cb9-e375ae572d33" executionId="937fefb5-3783-4bb2-b240-1069a9f41a3b" testListId="8c84fa94-04c1-424b-9868-57a2d4851a1d" />
    <TestEntry testId="34087a4d-85dc-7db7-7604-795e66207d46" executionId="30874ffa-9f03-4b4b-b37d-ed1e874d7c86" testListId="8c84fa94-04c1-424b-9868-57a2d4851a1d" />
    <TestEntry testId="82ec1d41-eead-75ff-e2bc-ac7ca0101ae4" executionId="afb1c858-8901-455a-9eb3-c06a056a2d27" testListId="8c84fa94-04c1-424b-9868-57a2d4851a1d" />
    <TestEntry testId="0aa04503-a1ca-b66c-07be-a89d0e4dd97d" executionId="817e83fa-0d9d-46b8-8989-96875175c10e" testListId="8c84fa94-04c1-424b-9868-57a2d4851a1d" />
    <TestEntry testId="1894d563-f117-bf6e-51e6-a4d752948cb2" executionId="88e98e7b-4eab-460f-b7c2-ae28927765df" testListId="8c84fa94-04c1-424b-9868-57a2d4851a1d" />
    <TestEntry testId="bcfefae3-d8e8-f0bf-2120-4a0879198b1b" executionId="a51825d8-6279-4374-b899-3690f04c8c60" testListId="8c84fa94-04c1-424b-9868-57a2d4851a1d" />
    <TestEntry testId="ab31206c-1e10-7532-1d31-6ca2634936af" executionId="e890fed9-2ee5-408a-8f44-dfcbc41a812d" testListId="8c84fa94-04c1-424b-9868-57a2d4851a1d" />
    <TestEntry testId="ea20218b-3f04-b724-ea26-ea2349f97f76" executionId="9786b7b4-e157-4a15-a4d2-ab97f359e59f" testListId="8c84fa94-04c1-424b-9868-57a2d4851a1d" />
    <TestEntry testId="3d966ca3-faea-fda1-7281-d4e1c1b333d0" executionId="7a0ce82b-591a-4d24-b7ea-a1604ad10de4" testListId="8c84fa94-04c1-424b-9868-57a2d4851a1d" />
    <TestEntry testId="16b5250d-e1db-deaa-ad64-2edadf1dbe61" executionId="467a7413-01e3-4787-9ca7-19f2e6fe2a18" testListId="8c84fa94-04c1-424b-9868-57a2d4851a1d" />
    <TestEntry testId="09a85839-15f4-07cf-5349-f96f9cad71cd" executionId="24b3dbe1-576e-46d8-9b47-5af4ffe1fa63" testListId="8c84fa94-04c1-424b-9868-57a2d4851a1d" />
    <TestEntry testId="5617f060-b2e6-00b6-dd49-b1b7a3d7c56a" executionId="ad3c0af4-2d71-4b2f-a4d0-11639ed7c8e7" testListId="8c84fa94-04c1-424b-9868-57a2d4851a1d" />
    <TestEntry testId="f3999d39-1605-9e28-0084-317bb6709d2a" executionId="ae04b00d-605b-4ee5-b023-e57ee33dbac3" testListId="8c84fa94-04c1-424b-9868-57a2d4851a1d" />
    <TestEntry testId="e898caac-aa7d-2d31-d189-9fe94ecc0769" executionId="aa318cc2-2323-4801-8327-71ecdd2ab100" testListId="8c84fa94-04c1-424b-9868-57a2d4851a1d" />
    <TestEntry testId="ab802fa1-6da4-6694-3cce-70eae4cdbe29" executionId="95354a50-4240-4c90-930d-3f8c8e29b313" testListId="8c84fa94-04c1-424b-9868-57a2d4851a1d" />
    <TestEntry testId="343bb754-8bda-f08e-bbed-0149e7be2e56" executionId="de0cc0e7-af3b-44d0-9401-0375df447a55" testListId="8c84fa94-04c1-424b-9868-57a2d4851a1d" />
    <TestEntry testId="420d59f0-e48b-c560-7046-7c49d5bf5334" executionId="03dece27-89b4-4f37-b737-eb360e82c28e" testListId="8c84fa94-04c1-424b-9868-57a2d4851a1d" />
    <TestEntry testId="f1ab6235-d6a0-b44c-24db-77d65f71e8ea" executionId="28c3b0b8-7769-4bcb-8994-cf3d4f1a999b" testListId="8c84fa94-04c1-424b-9868-57a2d4851a1d" />
    <TestEntry testId="936e7632-bce5-4391-b913-42310dd31f48" executionId="ddc2ce2d-2307-48fd-b8f4-3d1fd0d5ddc6" testListId="8c84fa94-04c1-424b-9868-57a2d4851a1d" />
    <TestEntry testId="89399c33-f7d1-bae1-9547-575f32fca784" executionId="bd02ed2c-2714-416b-90d4-694e32544922" testListId="8c84fa94-04c1-424b-9868-57a2d4851a1d" />
    <TestEntry testId="6fd002ca-9ad1-8064-3fc7-072ab0a85096" executionId="f4c39e74-e12f-4352-a803-e0b538642c63" testListId="8c84fa94-04c1-424b-9868-57a2d4851a1d" />
    <TestEntry testId="ebe17504-cfb9-adbb-b2bb-91b20df296d7" executionId="07985323-38b6-4adc-9451-4c940ab570f9" testListId="8c84fa94-04c1-424b-9868-57a2d4851a1d" />
    <TestEntry testId="15349b42-9454-d81c-681e-ecae9c155ede" executionId="e87bd226-f26b-4396-a9a1-2973a40cc89c" testListId="8c84fa94-04c1-424b-9868-57a2d4851a1d" />
    <TestEntry testId="2efdc011-d00a-41d4-13ee-a37e136e0257" executionId="e01d52aa-e49e-42d4-b28a-8343519ed93f" testListId="8c84fa94-04c1-424b-9868-57a2d4851a1d" />
    <TestEntry testId="b71e13a0-14a1-8e9f-fb75-1aa8cbdccad1" executionId="22dcb71f-557d-463c-b16a-73bfb2425063" testListId="8c84fa94-04c1-424b-9868-57a2d4851a1d" />
    <TestEntry testId="f11c43ed-5149-d336-fe41-6a5cabc9959b" executionId="66f87903-6c8d-48b7-b2a3-2903db00039f" testListId="8c84fa94-04c1-424b-9868-57a2d4851a1d" />
    <TestEntry testId="64cb916a-1712-20ba-bd31-bf4729a51d4c" executionId="5574d72f-1e6f-4f91-b1e5-a6a64de644e8" testListId="8c84fa94-04c1-424b-9868-57a2d4851a1d" />
    <TestEntry testId="8c710673-cd9c-99dd-4db1-e005a42dbb88" executionId="cf08e87b-a679-4b8e-95df-270e1aaf522b" testListId="8c84fa94-04c1-424b-9868-57a2d4851a1d" />
    <TestEntry testId="d60a4d5b-b6b9-8daa-b3b5-e1c9805a5097" executionId="85747582-de37-4f17-abcb-877b9dbc60b2" testListId="8c84fa94-04c1-424b-9868-57a2d4851a1d" />
    <TestEntry testId="ca047baf-98cc-aec1-e565-fa895209d37d" executionId="ee7a0c75-5926-4a4b-a2f9-94ea5f4784a2" testListId="8c84fa94-04c1-424b-9868-57a2d4851a1d" />
    <TestEntry testId="5fbe8577-5f2c-807a-3664-4fcf5ba117b6" executionId="323a6843-209c-406b-a555-09e93ecccf2e" testListId="8c84fa94-04c1-424b-9868-57a2d4851a1d" />
    <TestEntry testId="5c37478c-cf6a-ebcc-d9f0-d14c64e648d2" executionId="9d53095b-f2bf-4eac-b17c-bbb1e05fdd5a" testListId="8c84fa94-04c1-424b-9868-57a2d4851a1d" />
    <TestEntry testId="3ba92aa6-9d6f-6ffe-f7a4-086152b226df" executionId="732366cd-cc7d-4072-b821-f76fa03ed0be" testListId="8c84fa94-04c1-424b-9868-57a2d4851a1d" />
    <TestEntry testId="b2fd4b45-ed5b-2807-9015-5320b19934ae" executionId="44250948-2983-498b-b9a3-b5782fb6c397" testListId="8c84fa94-04c1-424b-9868-57a2d4851a1d" />
    <TestEntry testId="f217b768-4791-1294-81a1-f2729f36fe33" executionId="20641e77-32bc-4152-ba64-21d4b6b0e522" testListId="8c84fa94-04c1-424b-9868-57a2d4851a1d" />
    <TestEntry testId="2ae95576-3bc8-ba6a-4b97-cbc4dd1d1bbd" executionId="f2fe12e3-44ad-4c1f-bc06-d80741680eba" testListId="8c84fa94-04c1-424b-9868-57a2d4851a1d" />
    <TestEntry testId="efe52087-59bf-af5f-1f71-4f1eef3fe76f" executionId="8ace6457-c342-435a-a1e9-f9f6afbd928b" testListId="8c84fa94-04c1-424b-9868-57a2d4851a1d" />
    <TestEntry testId="ca5ea667-1dd5-60c7-6168-814e81af9a32" executionId="367aa96a-f243-4393-a7b5-69602f6587e7" testListId="8c84fa94-04c1-424b-9868-57a2d4851a1d" />
    <TestEntry testId="7a7b6b8c-ca78-deab-db09-3f939236c132" executionId="fd758981-1c23-4f8d-b6db-29b5235113f0" testListId="8c84fa94-04c1-424b-9868-57a2d4851a1d" />
    <TestEntry testId="aeafbb41-06a0-a3ac-5608-ee0640fa7ee4" executionId="5b92b41d-8943-4c68-a594-8877de401ece" testListId="8c84fa94-04c1-424b-9868-57a2d4851a1d" />
    <TestEntry testId="68d8161a-4629-8534-38e3-aa7853200aee" executionId="14fdf2bb-b7e4-40f6-b740-f27102e0b73e" testListId="8c84fa94-04c1-424b-9868-57a2d4851a1d" />
    <TestEntry testId="d89b2898-c3fe-ef40-cfac-710c3817c4f3" executionId="8467d24e-f529-4321-9fff-692f99809085" testListId="8c84fa94-04c1-424b-9868-57a2d4851a1d" />
    <TestEntry testId="8ec57f21-f4c0-9c3c-08cd-9f1c4521b5c2" executionId="51b0aa3b-529a-41ef-ab5c-de43a2669921" testListId="8c84fa94-04c1-424b-9868-57a2d4851a1d" />
    <TestEntry testId="fe32ffe8-c8ef-abfd-3c05-88f3b9906c48" executionId="d768a291-a70c-4e5c-bfa7-da627849505e" testListId="8c84fa94-04c1-424b-9868-57a2d4851a1d" />
    <TestEntry testId="e4eac702-7752-03b3-ced9-a3e2c3af890f" executionId="14220a41-5b0b-46a7-b334-4fed28c8aecc" testListId="8c84fa94-04c1-424b-9868-57a2d4851a1d" />
    <TestEntry testId="934f7e29-db7e-1bc3-8900-607c01200eaa" executionId="adff61b4-d768-4d4d-ba5b-9051703dc16c" testListId="8c84fa94-04c1-424b-9868-57a2d4851a1d" />
    <TestEntry testId="9bbe06ed-fd28-2e08-a1bd-cf8904b349ef" executionId="ed4bf8ef-a689-4d6a-9acd-224630ec0e8f" testListId="8c84fa94-04c1-424b-9868-57a2d4851a1d" />
    <TestEntry testId="970a9e08-32fc-89bf-0a27-e8fd6cec5bc8" executionId="8d8954f5-32bc-4087-8244-46882e3ed034" testListId="8c84fa94-04c1-424b-9868-57a2d4851a1d" />
    <TestEntry testId="3876cecb-47a5-a266-e184-ca6569b81950" executionId="c96c5bbd-436e-4c73-8206-46df538515fa" testListId="8c84fa94-04c1-424b-9868-57a2d4851a1d" />
    <TestEntry testId="51566ac1-d084-0dc7-7291-64bf03f15cdb" executionId="75aed18e-019a-4aee-b0ee-4f1d076bee24" testListId="8c84fa94-04c1-424b-9868-57a2d4851a1d" />
    <TestEntry testId="2087dc5f-7425-4be9-5eef-bb027642398b" executionId="f22f2cc0-4b52-4ff1-84ea-fdc0c5ad7b8d" testListId="8c84fa94-04c1-424b-9868-57a2d4851a1d" />
    <TestEntry testId="d54007dd-c7ce-195a-e99f-ef4464135f60" executionId="63f35e0d-11f0-4d3a-818b-dae1bc883af0" testListId="8c84fa94-04c1-424b-9868-57a2d4851a1d" />
    <TestEntry testId="5d07552f-6eb9-18fd-5c63-8488d0aa99fe" executionId="c7127831-5cc1-411d-a663-164d509f4dfd" testListId="8c84fa94-04c1-424b-9868-57a2d4851a1d" />
    <TestEntry testId="03d44434-8b9d-74f4-0a8e-3833b172a5b5" executionId="02238a1d-76f5-471f-afa9-bb253db225df" testListId="8c84fa94-04c1-424b-9868-57a2d4851a1d" />
    <TestEntry testId="c67237ad-536f-eb33-6366-f3c9e68c2a76" executionId="e6abbce4-d6fe-4cd0-88dd-46ed0c47a4fd" testListId="8c84fa94-04c1-424b-9868-57a2d4851a1d" />
    <TestEntry testId="2ccaaa9b-a4b5-a017-a4ad-72840813c8ae" executionId="bd746c41-509f-4ba3-9f87-9c5e2b37ba6d" testListId="8c84fa94-04c1-424b-9868-57a2d4851a1d" />
    <TestEntry testId="c174e80e-37ce-0483-6fae-7d4f1ca1b845" executionId="b87b0960-6f83-41ea-a5d3-d35295f9e295" testListId="8c84fa94-04c1-424b-9868-57a2d4851a1d" />
    <TestEntry testId="69665c76-2b0a-57bd-f145-3fbce998b739" executionId="12f378ac-6dd2-4018-8b46-4df14745ab96" testListId="8c84fa94-04c1-424b-9868-57a2d4851a1d" />
    <TestEntry testId="d5351b42-7594-046b-a8b5-d7ce8e9c63bb" executionId="2262fc73-a232-4d2b-9e6f-d52d372835e8" testListId="8c84fa94-04c1-424b-9868-57a2d4851a1d" />
    <TestEntry testId="638c2fbe-4289-bae6-e303-949a80b10846" executionId="01653ec1-a242-44a4-b888-c95de37aa78c" testListId="8c84fa94-04c1-424b-9868-57a2d4851a1d" />
    <TestEntry testId="14603dcb-956c-11d2-7b22-b8e103c6624f" executionId="4bffeb94-ce58-40f9-b7fc-e6d6d06642a2" testListId="8c84fa94-04c1-424b-9868-57a2d4851a1d" />
    <TestEntry testId="c50db5fe-bcfd-0ddf-d45f-a408f3f215b1" executionId="391e5abc-af25-41c4-a3fa-eff96a0a812d" testListId="8c84fa94-04c1-424b-9868-57a2d4851a1d" />
    <TestEntry testId="dfe18994-d74c-9f7a-2411-3a7c3a0170a2" executionId="43a7d438-b2d9-473a-a6b3-e64f6a3a9852" testListId="8c84fa94-04c1-424b-9868-57a2d4851a1d" />
    <TestEntry testId="b015c8c4-185e-1b8d-1772-14d7983a5bd8" executionId="09f25e85-f7a6-41bd-89bc-e4981e6d8782" testListId="8c84fa94-04c1-424b-9868-57a2d4851a1d" />
    <TestEntry testId="8fc8125e-05cf-5418-5779-e12882833409" executionId="f8eca94b-8d62-47b3-986a-ac6f7e8926a0" testListId="8c84fa94-04c1-424b-9868-57a2d4851a1d" />
    <TestEntry testId="a16200be-dcc1-65bb-1317-8364e0a77c61" executionId="22dfe11e-b099-4aae-80cf-d6040023b565" testListId="8c84fa94-04c1-424b-9868-57a2d4851a1d" />
    <TestEntry testId="2a5dcd93-1555-32e6-c7f8-5ad420236e12" executionId="84f49aae-e12d-41fd-8744-64cb021d5931" testListId="8c84fa94-04c1-424b-9868-57a2d4851a1d" />
    <TestEntry testId="eea4a290-3ace-93f4-45b0-8fa8bf716454" executionId="56a68a98-5787-4a32-9ebe-7e3e65d5bd4d" testListId="8c84fa94-04c1-424b-9868-57a2d4851a1d" />
    <TestEntry testId="452274bd-04a6-cd35-60d0-f69d87728b57" executionId="76d3179c-314f-44d3-b4ba-3d28adc4fced" testListId="8c84fa94-04c1-424b-9868-57a2d4851a1d" />
    <TestEntry testId="e4c39f56-cb2c-e778-0e07-9c127953b822" executionId="31eaeb8f-8585-4f1e-b9f0-e164e8db2ace" testListId="8c84fa94-04c1-424b-9868-57a2d4851a1d" />
    <TestEntry testId="2cd46c11-d0a4-b3be-c2bb-84dbf9fe56b6" executionId="9476569f-3351-4f79-8308-f6472f734524" testListId="8c84fa94-04c1-424b-9868-57a2d4851a1d" />
    <TestEntry testId="45e746a1-2988-5020-3c5a-e0789a2960d2" executionId="0ba97cc1-8f97-47a0-8a7e-f91ef7d4e4a9" testListId="8c84fa94-04c1-424b-9868-57a2d4851a1d" />
    <TestEntry testId="a24b15b5-e398-f881-47c9-53dc5a2e31b9" executionId="1d04fc44-c6da-4c4b-8ff6-02f456d5a243" testListId="8c84fa94-04c1-424b-9868-57a2d4851a1d" />
    <TestEntry testId="b52ed4f3-c1a9-903e-6e94-50d140b4bd4f" executionId="849b8542-a6e6-4755-b183-100972463b27" testListId="8c84fa94-04c1-424b-9868-57a2d4851a1d" />
    <TestEntry testId="5158fd11-0a17-66e1-79c8-fe9c51c02c60" executionId="85592df4-c0c1-47e9-add4-9c80a9661c6e" testListId="8c84fa94-04c1-424b-9868-57a2d4851a1d" />
    <TestEntry testId="69e3503a-eaff-ae68-0070-4935d3a74fd3" executionId="05082250-9d9b-44a5-a031-7dd4263b65b9" testListId="8c84fa94-04c1-424b-9868-57a2d4851a1d" />
    <TestEntry testId="38b2ee54-bd5b-1a17-40b1-6e90cad37fd9" executionId="caa015b7-9506-4251-9de3-ed5f00170939" testListId="8c84fa94-04c1-424b-9868-57a2d4851a1d" />
    <TestEntry testId="2e97ad28-5bbb-d2aa-ed92-a4752ade1930" executionId="62c9d69d-7125-4776-914b-e29febac5de4" testListId="8c84fa94-04c1-424b-9868-57a2d4851a1d" />
    <TestEntry testId="eb3da2d4-bd3e-df6a-b995-3a6daf995a0a" executionId="96b6565f-752f-4295-ba24-2d2e2d0c6f56" testListId="8c84fa94-04c1-424b-9868-57a2d4851a1d" />
    <TestEntry testId="15cc5042-fc3d-b957-d70c-52be4c078d1a" executionId="388f95aa-6ee1-465c-8d4b-4bbf203e40ba" testListId="8c84fa94-04c1-424b-9868-57a2d4851a1d" />
    <TestEntry testId="72ae7f6b-f22d-897b-7722-c5ac33aba141" executionId="3348f596-0e0f-4277-a01a-ea94e85ff389" testListId="8c84fa94-04c1-424b-9868-57a2d4851a1d" />
    <TestEntry testId="cf6df7de-a5a6-2797-55dc-aa3faef91427" executionId="0004ce91-0b0b-4b16-9598-b53477af387a" testListId="8c84fa94-04c1-424b-9868-57a2d4851a1d" />
    <TestEntry testId="0df4a252-c675-1d9d-4b70-cdd0b0802e9b" executionId="8456ffc7-9bc5-4117-ab03-c096b41db0ba" testListId="8c84fa94-04c1-424b-9868-57a2d4851a1d" />
    <TestEntry testId="929a5b01-7d29-ddf2-5786-c85bc1aa64ba" executionId="1a6ae556-d266-4cd7-a046-ab185a3d36fe" testListId="8c84fa94-04c1-424b-9868-57a2d4851a1d" />
    <TestEntry testId="f8e489f6-4f41-ca76-045d-d3ad20ac912a" executionId="b3e6d7d7-2c6a-4e49-b71b-e7d0ba293702" testListId="8c84fa94-04c1-424b-9868-57a2d4851a1d" />
    <TestEntry testId="73f169c5-c633-f91e-f306-e1306c17fc01" executionId="23e77330-5ba2-4a63-b5fe-9ed89503e2c0" testListId="8c84fa94-04c1-424b-9868-57a2d4851a1d" />
    <TestEntry testId="41200474-bcdc-f1f8-6add-00218f99b8b2" executionId="51f80546-6ea8-40e2-b3d4-68689a4496dc" testListId="8c84fa94-04c1-424b-9868-57a2d4851a1d" />
    <TestEntry testId="1bec6301-1fe1-35a9-84c1-27d9ea292419" executionId="f3e76529-fe7f-43d4-a039-f963539228f7" testListId="8c84fa94-04c1-424b-9868-57a2d4851a1d" />
    <TestEntry testId="716f9044-6157-4d92-6b0e-c622bd2e27c2" executionId="17c979db-b618-470d-9da3-4892e7e027b6" testListId="8c84fa94-04c1-424b-9868-57a2d4851a1d" />
    <TestEntry testId="e2c8c46f-15fa-4e3b-cb92-0e0337e9e09b" executionId="e3ff2cdb-3515-4bb8-866f-8844b4573594" testListId="8c84fa94-04c1-424b-9868-57a2d4851a1d" />
    <TestEntry testId="09323ad9-ebad-5faa-3ab4-b0a115d0fbdd" executionId="f8dcd6de-f6ec-4c92-83a5-f9c6e77deb8a" testListId="8c84fa94-04c1-424b-9868-57a2d4851a1d" />
    <TestEntry testId="ae926ab1-023d-a080-3cb3-1999fccfe505" executionId="34fcad58-62af-426e-ad0d-9545723171c8" testListId="8c84fa94-04c1-424b-9868-57a2d4851a1d" />
    <TestEntry testId="b3c81db5-ea1f-d2f3-84d4-73929c07411c" executionId="08bb4bc9-d68a-4318-a53d-bd72ac0e68be" testListId="8c84fa94-04c1-424b-9868-57a2d4851a1d" />
    <TestEntry testId="1aab6b9e-9099-5d59-5a54-8ca7353766b1" executionId="04d91a46-c6c8-4fb9-b66c-14c9fbc54063" testListId="8c84fa94-04c1-424b-9868-57a2d4851a1d" />
    <TestEntry testId="36fede08-3408-b437-36f6-79ccb4baaed8" executionId="524a8a1f-c4a2-48b1-bbd8-dee970b5f92b" testListId="8c84fa94-04c1-424b-9868-57a2d4851a1d" />
    <TestEntry testId="d309c2e6-eaf5-877a-cfc4-7a146e624715" executionId="0b016187-f41e-444a-9f8a-2a87ffed49f3" testListId="8c84fa94-04c1-424b-9868-57a2d4851a1d" />
    <TestEntry testId="5ae7ae77-293c-5531-3bb8-e7524ea16582" executionId="9d33f857-1b76-4d13-a591-f4f350109f78" testListId="8c84fa94-04c1-424b-9868-57a2d4851a1d" />
    <TestEntry testId="d2214aed-c3f3-0d56-29e5-f90cb6228042" executionId="b76c775b-a1be-43d7-9deb-8a958742444e" testListId="8c84fa94-04c1-424b-9868-57a2d4851a1d" />
    <TestEntry testId="a99cb650-2ef6-451a-fab1-93423ace3428" executionId="dd7f2958-81c6-497c-9866-3ca3ad034177" testListId="8c84fa94-04c1-424b-9868-57a2d4851a1d" />
    <TestEntry testId="08bb34d1-8c54-982a-4091-a4e35879ea1d" executionId="8a7c38fd-07a0-49fa-9e4c-bd6545a5e113" testListId="8c84fa94-04c1-424b-9868-57a2d4851a1d" />
    <TestEntry testId="c13f56e9-77dd-ff2e-d4eb-53557fc03bd5" executionId="0d41f264-3109-41dd-9095-e40953a592b3" testListId="8c84fa94-04c1-424b-9868-57a2d4851a1d" />
    <TestEntry testId="8f8c8d18-21c1-82cc-a4a7-b2a0a521c916" executionId="0a554de9-563a-49db-8f2f-cff71b9b29ee" testListId="8c84fa94-04c1-424b-9868-57a2d4851a1d" />
    <TestEntry testId="81f143f6-bc4e-a35e-093e-5e9ec2ab0d22" executionId="0b090464-1a4d-4bc7-b533-ae02caa480a2" testListId="8c84fa94-04c1-424b-9868-57a2d4851a1d" />
    <TestEntry testId="294013a6-e8f5-7ee5-4209-6eb20519ab5b" executionId="8f7e1f55-ff83-43e9-87e7-dd656b44d904" testListId="8c84fa94-04c1-424b-9868-57a2d4851a1d" />
    <TestEntry testId="4e62f3c9-3ef8-483d-506d-573ec91d97d3" executionId="3ff6f9a3-456b-4e4a-a88f-7b469220bd89" testListId="8c84fa94-04c1-424b-9868-57a2d4851a1d" />
    <TestEntry testId="9036459b-06c6-b768-aa8f-cd7aaa6ce96c" executionId="bfee5e44-5d6c-4796-aa53-bb8a9a47b157" testListId="8c84fa94-04c1-424b-9868-57a2d4851a1d" />
  </TestEntries>
  <TestLists>
    <TestList name="Results Not in a List" id="8c84fa94-04c1-424b-9868-57a2d4851a1d" />
    <TestList name="All Loaded Results" id="19431567-8539-422a-85d7-44ee4e166bda" />
  </TestLists>
  <ResultSummary outcome="Completed">
    <Counters total="198" executed="198" passed="198" failed="0" error="0" timeout="0" aborted="0" inconclusive="0" passedButRunAborted="0" notRunnable="0" notExecuted="0" disconnected="0" warning="0" completed="0" inProgress="0" pending="0" />
  </ResultSummary>
</TestRun>