<?xml version="1.0" encoding="utf-8"?>
<TestRun id="566ff206-2c4b-42d4-abf1-460e157cda83" name="DKSR-EFI-06$@DKSR-EFI-06 2024-01-09 15:41:11" runUser="NT AUTHORITY\NETWORK SERVICE" xmlns="http://microsoft.com/schemas/VisualStudio/TeamTest/2010">
  <Times creation="2024-01-09T15:41:11.7006581+01:00" queuing="2024-01-09T15:41:11.7006581+01:00" start="2024-01-09T15:41:01.4818726+01:00" finish="2024-01-09T15:41:16.1225398+01:00" />
  <TestSettings name="default" id="bc6a12b2-d2af-4bc2-aae3-e77216f80c08">
    <Deployment runDeploymentRoot="DKSR-EFI-06$_DKSR-EFI-06_2024-01-09_15_41_11" />
  </TestSettings>
  <Results>
    <UnitTestResult executionId="a87dfb8e-7371-49ef-8cd2-4cd2f9e3f606" testId="0c521cba-7b53-508e-7d9b-61615a63f8ef" testName="AllSids_ShouldContain_SecurityIdsOfTheMembershipGroups" computerName="DKSR-EFI-06" duration="00:00:00.0062295" startTime="2024-01-09T15:41:12.6694127+01:00" endTime="2024-01-09T15:41:12.6850340+01:00" testType="13cdc9d9-ddb5-4fa4-a97d-d965ccfc6d4b" outcome="Passed" testListId="8c84fa94-04c1-424b-9868-57a2d4851a1d" relativeResultsDirectory="a87dfb8e-7371-49ef-8cd2-4cd2f9e3f606" />
    <UnitTestResult executionId="129e4404-d4af-40c0-92f3-c56247b78768" testId="2b0ffd07-9adb-988b-4a7d-4dac04a828e1" testName="Constructors_ShouldNotAllowInjectionOfNulls" computerName="DKSR-EFI-06" duration="00:00:00.8981171" startTime="2024-01-09T15:41:10.1225301+01:00" endTime="2024-01-09T15:41:11.5912801+01:00" testType="13cdc9d9-ddb5-4fa4-a97d-d965ccfc6d4b" outcome="Passed" testListId="8c84fa94-04c1-424b-9868-57a2d4851a1d" relativeResultsDirectory="129e4404-d4af-40c0-92f3-c56247b78768" />
    <UnitTestResult executionId="83f522d9-06d1-43e1-88b4-297bfc34b413" testId="31eb677b-88bd-5c26-4592-8630a72a3001" testName="Create_ShouldCreateUserAuthenticationCache" computerName="DKSR-EFI-06" duration="00:00:00.0093364" startTime="2024-01-09T15:41:12.4194720+01:00" endTime="2024-01-09T15:41:12.4350378+01:00" testType="13cdc9d9-ddb5-4fa4-a97d-d965ccfc6d4b" outcome="Passed" testListId="8c84fa94-04c1-424b-9868-57a2d4851a1d" relativeResultsDirectory="83f522d9-06d1-43e1-88b4-297bfc34b413" />
    <UnitTestResult executionId="da589e65-b044-4fd7-a615-c0fae905f022" testId="0ee7fc3b-655e-2332-4fe9-9862816d6c7b" testName="Get_ShouldReturnNull_IfCredentialIsNotInTheCache" computerName="DKSR-EFI-06" duration="00:00:00.1953594" startTime="2024-01-09T15:41:11.6694090+01:00" endTime="2024-01-09T15:41:11.8725317+01:00" testType="13cdc9d9-ddb5-4fa4-a97d-d965ccfc6d4b" outcome="Passed" testListId="8c84fa94-04c1-424b-9868-57a2d4851a1d" relativeResultsDirectory="da589e65-b044-4fd7-a615-c0fae905f022" />
    <UnitTestResult executionId="2e1b55d1-ccc9-4986-9cca-3b9b1a66fe24" testId="d09148f6-ee54-36e0-1b55-82e9d1962fa9" testName="CacheEntryRemovedCallback_ShouldBeCalled_WhenItemExpires" computerName="DKSR-EFI-06" duration="00:00:00.0031473" startTime="2024-01-09T15:41:12.4194720+01:00" endTime="2024-01-09T15:41:12.4194720+01:00" testType="13cdc9d9-ddb5-4fa4-a97d-d965ccfc6d4b" outcome="Passed" testListId="8c84fa94-04c1-424b-9868-57a2d4851a1d" relativeResultsDirectory="2e1b55d1-ccc9-4986-9cca-3b9b1a66fe24" />
    <UnitTestResult executionId="f508305c-d6d2-4e29-8876-cc9e2ab635c0" testId="88a3bb4f-8ae9-be94-4ee6-952d3131556d" testName="Get_ShouldUpdateCredentialsResultToDenied_IfReAuthenticationFails" computerName="DKSR-EFI-06" duration="00:00:00.0415956" startTime="2024-01-09T15:41:12.0287937+01:00" endTime="2024-01-09T15:41:12.0756572+01:00" testType="13cdc9d9-ddb5-4fa4-a97d-d965ccfc6d4b" outcome="Passed" testListId="8c84fa94-04c1-424b-9868-57a2d4851a1d" relativeResultsDirectory="f508305c-d6d2-4e29-8876-cc9e2ab635c0" />
    <UnitTestResult executionId="b7313ee7-a5fe-443e-afa6-1b04288c7711" testId="44cdd916-b515-00dc-3551-ce87c61d4f5e" testName="ValidateWithToken_ShouldCallValidateToken" computerName="DKSR-EFI-06" duration="00:00:00.0176625" startTime="2024-01-09T15:41:12.5287824+01:00" endTime="2024-01-09T15:41:12.5600339+01:00" testType="13cdc9d9-ddb5-4fa4-a97d-d965ccfc6d4b" outcome="Passed" testListId="8c84fa94-04c1-424b-9868-57a2d4851a1d" relativeResultsDirectory="b7313ee7-a5fe-443e-afa6-1b04288c7711" />
    <UnitTestResult executionId="4dd13613-030a-44f0-b365-d3bd15cd4921" testId="172e0e14-3b60-7ada-ae7b-2152beade102" testName="Validate_ShouldReturnNull_IfSidIsNull" computerName="DKSR-EFI-06" duration="00:00:00.0023712" startTime="2024-01-09T15:41:12.7631611+01:00" endTime="2024-01-09T15:41:12.7787843+01:00" testType="13cdc9d9-ddb5-4fa4-a97d-d965ccfc6d4b" outcome="Passed" testListId="8c84fa94-04c1-424b-9868-57a2d4851a1d" relativeResultsDirectory="4dd13613-030a-44f0-b365-d3bd15cd4921" />
    <UnitTestResult executionId="24360b2b-7414-43c7-b1b1-3b0e913a0b1f" testId="8f3bbfdb-c556-9e11-2472-14154a93328d" testName="Get_ShouldReturnItem_IfItHasNotExpired" computerName="DKSR-EFI-06" duration="00:00:00.0537805" startTime="2024-01-09T15:41:12.3100310+01:00" endTime="2024-01-09T15:41:12.3569134+01:00" testType="13cdc9d9-ddb5-4fa4-a97d-d965ccfc6d4b" outcome="Passed" testListId="8c84fa94-04c1-424b-9868-57a2d4851a1d" relativeResultsDirectory="24360b2b-7414-43c7-b1b1-3b0e913a0b1f" />
    <UnitTestResult executionId="4371b7a2-f7b1-4e3c-a365-96c1e8ba57b7" testId="20907b0a-4f7a-5b7b-02b9-83289ecbdb9c" testName="Constructors_ShouldNotAllowInjectionOfNulls" computerName="DKSR-EFI-06" duration="00:00:00.0330538" startTime="2024-01-09T15:41:12.4350378+01:00" endTime="2024-01-09T15:41:12.4662859+01:00" testType="13cdc9d9-ddb5-4fa4-a97d-d965ccfc6d4b" outcome="Passed" testListId="8c84fa94-04c1-424b-9868-57a2d4851a1d" relativeResultsDirectory="4371b7a2-f7b1-4e3c-a365-96c1e8ba57b7" />
    <UnitTestResult executionId="daaa1bcd-391e-44b6-a241-0f7b71f0f8c8" testId="d9fc5ab1-2e77-929c-a4b6-2008a16e7b0f" testName="ValidateCredentials_ShouldThrowException_IfUserIdIsNull" computerName="DKSR-EFI-06" duration="00:00:00.0533279" startTime="2024-01-09T15:41:12.4819104+01:00" endTime="2024-01-09T15:41:12.5287824+01:00" testType="13cdc9d9-ddb5-4fa4-a97d-d965ccfc6d4b" outcome="Passed" testListId="8c84fa94-04c1-424b-9868-57a2d4851a1d" relativeResultsDirectory="daaa1bcd-391e-44b6-a241-0f7b71f0f8c8" />
    <UnitTestResult executionId="0fd7faa9-b3fb-4508-95ac-606700703230" testId="81507db0-dc94-3380-e2f5-8c1b98cadef2" testName="AllSids_ShouldNotContain_SecurityIdsOfMembershipGroupsWhichAreGuids" computerName="DKSR-EFI-06" duration="00:00:00.0082576" startTime="2024-01-09T15:41:12.6850340+01:00" endTime="2024-01-09T15:41:12.6850340+01:00" testType="13cdc9d9-ddb5-4fa4-a97d-d965ccfc6d4b" outcome="Passed" testListId="8c84fa94-04c1-424b-9868-57a2d4851a1d" relativeResultsDirectory="0fd7faa9-b3fb-4508-95ac-606700703230" />
    <UnitTestResult executionId="53f08fce-cd00-40d7-904e-c774b45dd276" testId="bcf4b34e-cecf-1e8b-c33d-944707f50108" testName="HasPermission_ShouldReturnCachedValue" computerName="DKSR-EFI-06" duration="00:00:00.0066727" startTime="2024-01-09T15:41:12.7475331+01:00" endTime="2024-01-09T15:41:12.7475331+01:00" testType="13cdc9d9-ddb5-4fa4-a97d-d965ccfc6d4b" outcome="Passed" testListId="8c84fa94-04c1-424b-9868-57a2d4851a1d" relativeResultsDirectory="53f08fce-cd00-40d7-904e-c774b45dd276" />
    <UnitTestResult executionId="c91b3989-cf28-49c7-abae-f81b349b646b" testId="94fe9b89-a5a8-f9fb-b6fe-8acd463b7fe2" testName="Validate_ShouldAddUserToCache_IfNotInCacheButExists" computerName="DKSR-EFI-06" duration="00:00:00.0087972" startTime="2024-01-09T15:41:12.8256624+01:00" endTime="2024-01-09T15:41:12.8256624+01:00" testType="13cdc9d9-ddb5-4fa4-a97d-d965ccfc6d4b" outcome="Passed" testListId="8c84fa94-04c1-424b-9868-57a2d4851a1d" relativeResultsDirectory="c91b3989-cf28-49c7-abae-f81b349b646b" />
    <UnitTestResult executionId="51409ab1-3c02-47d3-a7bd-3520f6f35f70" testId="47fa9b2a-0a03-92bd-545e-06c049818200" testName="ValidateWithCredentials_ShouldCallValidateCredential" computerName="DKSR-EFI-06" duration="00:00:00.0044320" startTime="2024-01-09T15:41:12.5912822+01:00" endTime="2024-01-09T15:41:12.5912822+01:00" testType="13cdc9d9-ddb5-4fa4-a97d-d965ccfc6d4b" outcome="Passed" testListId="8c84fa94-04c1-424b-9868-57a2d4851a1d" relativeResultsDirectory="51409ab1-3c02-47d3-a7bd-3520f6f35f70" />
    <UnitTestResult executionId="2ff522dd-ffb4-4fb6-adcf-30ea089e84db" testId="d8b66cf9-ed50-cbf6-0cb9-1e27bc37f7ff" testName="Validate_ShouldReturnNull_IfSidNotExistsAndNotInCache" computerName="DKSR-EFI-06" duration="00:00:00.0066934" startTime="2024-01-09T15:41:12.7787843+01:00" endTime="2024-01-09T15:41:12.7787843+01:00" testType="13cdc9d9-ddb5-4fa4-a97d-d965ccfc6d4b" outcome="Passed" testListId="8c84fa94-04c1-424b-9868-57a2d4851a1d" relativeResultsDirectory="2ff522dd-ffb4-4fb6-adcf-30ea089e84db" />
    <UnitTestResult executionId="688b3282-36b8-41e3-8022-2bcd73aa99e6" testId="0fc36183-233a-6a20-b52e-bd75db29b340" testName="Validate_ShouldReturnUser_IfNotInCacheButExists" computerName="DKSR-EFI-06" duration="00:00:00.0093117" startTime="2024-01-09T15:41:12.7944096+01:00" endTime="2024-01-09T15:41:12.7944096+01:00" testType="13cdc9d9-ddb5-4fa4-a97d-d965ccfc6d4b" outcome="Passed" testListId="8c84fa94-04c1-424b-9868-57a2d4851a1d" relativeResultsDirectory="688b3282-36b8-41e3-8022-2bcd73aa99e6" />
    <UnitTestResult executionId="42b8663f-5ef3-47fc-8c6e-6d3c3e9b4baa" testId="35499b0a-56fa-1b02-9716-4c22fc692354" testName="ValidateWithSid_ShouldCallValidateSid" computerName="DKSR-EFI-06" duration="00:00:00.0565361" startTime="2024-01-09T15:41:12.6069071+01:00" endTime="2024-01-09T15:41:12.6537836+01:00" testType="13cdc9d9-ddb5-4fa4-a97d-d965ccfc6d4b" outcome="Passed" testListId="8c84fa94-04c1-424b-9868-57a2d4851a1d" relativeResultsDirectory="42b8663f-5ef3-47fc-8c6e-6d3c3e9b4baa" />
    <UnitTestResult executionId="d0228348-2d8f-4950-9bcb-1d67201617fa" testId="2b644271-3fb1-047c-a951-c52d0f964641" testName="Get_ShouldThrowArgumentException_IfEmptyStringIsProvided" computerName="DKSR-EFI-06" duration="00:00:00.0013482" startTime="2024-01-09T15:41:12.2944058+01:00" endTime="2024-01-09T15:41:12.2944058+01:00" testType="13cdc9d9-ddb5-4fa4-a97d-d965ccfc6d4b" outcome="Passed" testListId="8c84fa94-04c1-424b-9868-57a2d4851a1d" relativeResultsDirectory="d0228348-2d8f-4950-9bcb-1d67201617fa" />
    <UnitTestResult executionId="4c531fef-2866-4068-abf8-166b4d994023" testId="c5b2cc2f-bc48-fa1a-d042-4d43af0aed7f" testName="IsActiveDirectoryUser_UserIsRole_ThrowsException" computerName="DKSR-EFI-06" duration="00:00:00.0253164" startTime="2024-01-09T15:41:15.5131637+01:00" endTime="2024-01-09T15:41:15.5287897+01:00" testType="13cdc9d9-ddb5-4fa4-a97d-d965ccfc6d4b" outcome="Passed" testListId="8c84fa94-04c1-424b-9868-57a2d4851a1d" relativeResultsDirectory="4c531fef-2866-4068-abf8-166b4d994023" />
    <UnitTestResult executionId="50f3ca4f-e5b4-4f04-88d5-6eb7de87b1a7" testId="55362ce8-e0ef-6d17-349c-ec66bcea75c0" testName="AllSids_ShouldContain_SecurityIdOfTheUser" computerName="DKSR-EFI-06" duration="00:00:00.0119809" startTime="2024-01-09T15:41:12.6537836+01:00" endTime="2024-01-09T15:41:12.6694127+01:00" testType="13cdc9d9-ddb5-4fa4-a97d-d965ccfc6d4b" outcome="Passed" testListId="8c84fa94-04c1-424b-9868-57a2d4851a1d" relativeResultsDirectory="50f3ca4f-e5b4-4f04-88d5-6eb7de87b1a7" />
    <UnitTestResult executionId="73b2d015-d9b6-4457-9c32-a9a7f9feadd7" testId="d305fdbe-d420-6fd1-9278-4144872358ea" testName="IsActiveDirectoryUser_UserIsBasicUser_ThrowsException" computerName="DKSR-EFI-06" duration="00:00:00.0030346" startTime="2024-01-09T15:41:15.5444121+01:00" endTime="2024-01-09T15:41:15.5444121+01:00" testType="13cdc9d9-ddb5-4fa4-a97d-d965ccfc6d4b" outcome="Passed" testListId="8c84fa94-04c1-424b-9868-57a2d4851a1d" relativeResultsDirectory="73b2d015-d9b6-4457-9c32-a9a7f9feadd7" />
    <UnitTestResult executionId="a6b94ab2-b890-40a4-8403-d9418a36a2b9" testId="6c091f0b-7e95-d83c-9e40-453d4b1dc1a2" testName="ExpirationTime_Set_ShouldThrowArgumentOutOfRangeException_IfZeroIsProvided" computerName="DKSR-EFI-06" duration="00:00:00.0043438" startTime="2024-01-09T15:41:12.2944058+01:00" endTime="2024-01-09T15:41:12.2944058+01:00" testType="13cdc9d9-ddb5-4fa4-a97d-d965ccfc6d4b" outcome="Passed" testListId="8c84fa94-04c1-424b-9868-57a2d4851a1d" relativeResultsDirectory="a6b94ab2-b890-40a4-8403-d9418a36a2b9" />
    <UnitTestResult executionId="147673d3-06ab-4049-ae25-9d45351bd266" testId="b67d0e96-ac1d-6ddb-4448-202833dad787" testName="Set_ShouldAddItemToTheCache" computerName="DKSR-EFI-06" duration="00:00:00.0078213" startTime="2024-01-09T15:41:12.4037827+01:00" endTime="2024-01-09T15:41:12.4194720+01:00" testType="13cdc9d9-ddb5-4fa4-a97d-d965ccfc6d4b" outcome="Passed" testListId="8c84fa94-04c1-424b-9868-57a2d4851a1d" relativeResultsDirectory="147673d3-06ab-4049-ae25-9d45351bd266" />
    <UnitTestResult executionId="c80244bd-4bdf-4688-a45b-03fbd413e9f2" testId="5150e92c-ede9-6a2f-04fe-1614bee47471" testName="Validate_ShouldReturnNull_IfTokenStringIsNull" computerName="DKSR-EFI-06" duration="00:00:00.0294513" startTime="2024-01-09T15:41:12.8412811+01:00" endTime="2024-01-09T15:41:12.8725345+01:00" testType="13cdc9d9-ddb5-4fa4-a97d-d965ccfc6d4b" outcome="Passed" testListId="8c84fa94-04c1-424b-9868-57a2d4851a1d" relativeResultsDirectory="c80244bd-4bdf-4688-a45b-03fbd413e9f2" />
    <UnitTestResult executionId="8f9fd16d-c93a-4daf-9aea-b6c30aaf92db" testId="16398b66-a941-88e1-d4f7-3973f69063f6" testName="Validate_ShouldAddTokenToTheCache_IfItDoesNotExist" computerName="DKSR-EFI-06" duration="00:00:00.0064216" startTime="2024-01-09T15:41:12.8881575+01:00" endTime="2024-01-09T15:41:12.9037840+01:00" testType="13cdc9d9-ddb5-4fa4-a97d-d965ccfc6d4b" outcome="Passed" testListId="8c84fa94-04c1-424b-9868-57a2d4851a1d" relativeResultsDirectory="8f9fd16d-c93a-4daf-9aea-b6c30aaf92db" />
    <UnitTestResult executionId="174aec61-c4c1-4ea9-8dfc-80ec43c7afa3" testId="c585530e-7bce-0886-b039-bce325a0d8bc" testName="Validate_ShouldDoValidation_IfUserIsNotInTheCacheAndFirstOneToCall" computerName="DKSR-EFI-06" duration="00:00:00.1782006" startTime="2024-01-09T15:41:13.0131588+01:00" endTime="2024-01-09T15:41:13.2006605+01:00" testType="13cdc9d9-ddb5-4fa4-a97d-d965ccfc6d4b" outcome="Passed" testListId="8c84fa94-04c1-424b-9868-57a2d4851a1d" relativeResultsDirectory="174aec61-c4c1-4ea9-8dfc-80ec43c7afa3" />
    <UnitTestResult executionId="bc2ddf22-8d8f-4417-8b6a-670264e890a0" testId="a89b844e-5090-7c96-37fb-e14dd243302a" testName="Constructors_ShouldNotAllowInjectionOfNulls" computerName="DKSR-EFI-06" duration="00:00:00.0018000" startTime="2024-01-09T15:41:12.8256624+01:00" endTime="2024-01-09T15:41:12.8256624+01:00" testType="13cdc9d9-ddb5-4fa4-a97d-d965ccfc6d4b" outcome="Passed" testListId="8c84fa94-04c1-424b-9868-57a2d4851a1d" relativeResultsDirectory="bc2ddf22-8d8f-4417-8b6a-670264e890a0" />
    <UnitTestResult executionId="fa4a0240-f92f-44b4-8fa9-e9e0db0a310c" testId="ef104436-1094-99bd-19ef-0ba4423dc7d4" testName="Validate_ShouldReturnNull_IfUserIsNotInTheCacheButValidationFails" computerName="DKSR-EFI-06" duration="00:00:00.0781020" startTime="2024-01-09T15:41:15.4350386+01:00" endTime="2024-01-09T15:41:15.5131637+01:00" testType="13cdc9d9-ddb5-4fa4-a97d-d965ccfc6d4b" outcome="Passed" testListId="8c84fa94-04c1-424b-9868-57a2d4851a1d" relativeResultsDirectory="fa4a0240-f92f-44b4-8fa9-e9e0db0a310c" />
    <UnitTestResult executionId="6f257c47-89cc-4e49-bb69-c98651c791c0" testId="b35ee89c-0162-5b40-6e0f-b3a480eb5a6d" testName="Validate_ShouldReturnValidatedUser_IfUserIsNotInTheCacheAndValidationSucceeds" computerName="DKSR-EFI-06" duration="00:00:00.0284123" startTime="2024-01-09T15:41:15.4037907+01:00" endTime="2024-01-09T15:41:15.4350386+01:00" testType="13cdc9d9-ddb5-4fa4-a97d-d965ccfc6d4b" outcome="Passed" testListId="8c84fa94-04c1-424b-9868-57a2d4851a1d" relativeResultsDirectory="6f257c47-89cc-4e49-bb69-c98651c791c0" />
    <UnitTestResult executionId="ac433fd1-846a-43f2-84f9-eb2b05062ee5" testId="84b268aa-a597-d516-e8be-95822a02f8e9" testName="HasPermission_ShouldNotCallCacheForAdmins" computerName="DKSR-EFI-06" duration="00:00:00.0093711" startTime="2024-01-09T15:41:12.7162864+01:00" endTime="2024-01-09T15:41:12.7319089+01:00" testType="13cdc9d9-ddb5-4fa4-a97d-d965ccfc6d4b" outcome="Passed" testListId="8c84fa94-04c1-424b-9868-57a2d4851a1d" relativeResultsDirectory="ac433fd1-846a-43f2-84f9-eb2b05062ee5" />
    <UnitTestResult executionId="128de4a9-a2ef-4d36-9165-d396561b46d4" testId="489c510c-2012-dadd-1da4-9324f1519c3c" testName="Get_ShouldUpdateCredentialsResultToAuthenticated_IfReAuthenticationSucceeds" computerName="DKSR-EFI-06" duration="00:00:00.0443172" startTime="2024-01-09T15:41:12.0756572+01:00" endTime="2024-01-09T15:41:12.1225321+01:00" testType="13cdc9d9-ddb5-4fa4-a97d-d965ccfc6d4b" outcome="Passed" testListId="8c84fa94-04c1-424b-9868-57a2d4851a1d" relativeResultsDirectory="128de4a9-a2ef-4d36-9165-d396561b46d4" />
    <UnitTestResult executionId="a2e4bf7f-399f-46d9-afa2-7eed0b889fd4" testId="d9deae24-7fd1-5344-fc16-501a9af6bea0" testName="Constructors_ShouldNotAllowInjectionOfNulls" computerName="DKSR-EFI-06" duration="00:00:00.0158112" startTime="2024-01-09T15:41:12.7006581+01:00" endTime="2024-01-09T15:41:12.7162864+01:00" testType="13cdc9d9-ddb5-4fa4-a97d-d965ccfc6d4b" outcome="Passed" testListId="8c84fa94-04c1-424b-9868-57a2d4851a1d" relativeResultsDirectory="a2e4bf7f-399f-46d9-afa2-7eed0b889fd4" />
    <UnitTestResult executionId="93bdd23f-14d1-4fc0-95dd-1b2bccd7a43b" testId="9d09971d-60a5-f732-9b99-180470cffa91" testName="Dispose_ShouldDisposeUserCache" computerName="DKSR-EFI-06" duration="00:00:00.0037666" startTime="2024-01-09T15:41:12.4662859+01:00" endTime="2024-01-09T15:41:12.4819104+01:00" testType="13cdc9d9-ddb5-4fa4-a97d-d965ccfc6d4b" outcome="Passed" testListId="8c84fa94-04c1-424b-9868-57a2d4851a1d" relativeResultsDirectory="93bdd23f-14d1-4fc0-95dd-1b2bccd7a43b" />
    <UnitTestResult executionId="b4174bdc-0af2-42fd-950d-f43f8dbd9bfd" testId="597504d2-236d-8690-3190-798435539f89" testName="Get_ShouldThrowArgumentException_IfNullIsProvided" computerName="DKSR-EFI-06" duration="00:00:00.1495960" startTime="2024-01-09T15:41:12.1381566+01:00" endTime="2024-01-09T15:41:12.2787828+01:00" testType="13cdc9d9-ddb5-4fa4-a97d-d965ccfc6d4b" outcome="Passed" testListId="8c84fa94-04c1-424b-9868-57a2d4851a1d" relativeResultsDirectory="b4174bdc-0af2-42fd-950d-f43f8dbd9bfd" />
    <UnitTestResult executionId="b5472eae-6c97-48d9-ba48-5ca13070ed07" testId="5485cb8c-008b-79d6-4081-d9c4ca8547a9" testName="ExpirationTime_Set_ShouldThrowArgumentOutOfRangeException_IfNegativeIsProvided" computerName="DKSR-EFI-06" duration="00:00:00.0022040" startTime="2024-01-09T15:41:12.2944058+01:00" endTime="2024-01-09T15:41:12.2944058+01:00" testType="13cdc9d9-ddb5-4fa4-a97d-d965ccfc6d4b" outcome="Passed" testListId="8c84fa94-04c1-424b-9868-57a2d4851a1d" relativeResultsDirectory="b5472eae-6c97-48d9-ba48-5ca13070ed07" />
    <UnitTestResult executionId="92e24493-a375-4b36-b8d4-8851e40a21b9" testId="bed734a5-a7d4-4c5f-3c33-72d0073d7b84" testName="HasPermission_ShouldAlwaysReturnTrueForAdmins" computerName="DKSR-EFI-06" duration="00:00:00.0074715" startTime="2024-01-09T15:41:12.7162864+01:00" endTime="2024-01-09T15:41:12.7162864+01:00" testType="13cdc9d9-ddb5-4fa4-a97d-d965ccfc6d4b" outcome="Passed" testListId="8c84fa94-04c1-424b-9868-57a2d4851a1d" relativeResultsDirectory="92e24493-a375-4b36-b8d4-8851e40a21b9" />
    <UnitTestResult executionId="b5008303-3773-456f-87e4-4d48b7825e89" testId="2beb5b32-acc0-2810-df0b-119d55e47935" testName="Constructors_ShouldNotAllowInjectionOfNulls" computerName="DKSR-EFI-06" duration="00:00:00.0012629" startTime="2024-01-09T15:41:12.8412811+01:00" endTime="2024-01-09T15:41:12.8412811+01:00" testType="13cdc9d9-ddb5-4fa4-a97d-d965ccfc6d4b" outcome="Passed" testListId="8c84fa94-04c1-424b-9868-57a2d4851a1d" relativeResultsDirectory="b5008303-3773-456f-87e4-4d48b7825e89" />
    <UnitTestResult executionId="e58295b8-adbe-4d1f-ade9-45b9f52b2396" testId="20515f01-4fe2-951b-0fb3-4a57a3131388" testName="Validate_ShouldReturnNull_IfFoundInTheCacheAndDenied" computerName="DKSR-EFI-06" duration="00:00:00.0358103" startTime="2024-01-09T15:41:12.9819086+01:00" endTime="2024-01-09T15:41:13.0131588+01:00" testType="13cdc9d9-ddb5-4fa4-a97d-d965ccfc6d4b" outcome="Passed" testListId="8c84fa94-04c1-424b-9868-57a2d4851a1d" relativeResultsDirectory="e58295b8-adbe-4d1f-ade9-45b9f52b2396" />
    <UnitTestResult executionId="1c336eab-74c6-495b-8e7d-3031bd27b93a" testId="55bdfb48-43ff-33a5-420e-010bdd98c80c" testName="Validate_ShouldThrowArgumentNullException_IfUserIsNull" computerName="DKSR-EFI-06" duration="00:00:00.0100224" startTime="2024-01-09T15:41:12.9194083+01:00" endTime="2024-01-09T15:41:12.9350395+01:00" testType="13cdc9d9-ddb5-4fa4-a97d-d965ccfc6d4b" outcome="Passed" testListId="8c84fa94-04c1-424b-9868-57a2d4851a1d" relativeResultsDirectory="1c336eab-74c6-495b-8e7d-3031bd27b93a" />
    <UnitTestResult executionId="5d2d531b-0713-450e-aa54-c94509ee90ee" testId="cfaef9df-b21a-814a-00b9-7cdf13d5efeb" testName="Validate_ShouldReturnTokenUser_IfTokenExistsOnTheCache" computerName="DKSR-EFI-06" duration="00:00:00.0054898" startTime="2024-01-09T15:41:12.8881575+01:00" endTime="2024-01-09T15:41:12.8881575+01:00" testType="13cdc9d9-ddb5-4fa4-a97d-d965ccfc6d4b" outcome="Passed" testListId="8c84fa94-04c1-424b-9868-57a2d4851a1d" relativeResultsDirectory="5d2d531b-0713-450e-aa54-c94509ee90ee" />
    <UnitTestResult executionId="1b2b89fa-c146-4a76-b6ad-b2c3e9fe6884" testId="655ca919-f00f-0f85-3d41-ffba2bbb706e" testName="Set_ShouldThrowArgumentException_IfIdIsEmptyString" computerName="DKSR-EFI-06" duration="00:00:00.0015898" startTime="2024-01-09T15:41:12.4037827+01:00" endTime="2024-01-09T15:41:12.4037827+01:00" testType="13cdc9d9-ddb5-4fa4-a97d-d965ccfc6d4b" outcome="Passed" testListId="8c84fa94-04c1-424b-9868-57a2d4851a1d" relativeResultsDirectory="1b2b89fa-c146-4a76-b6ad-b2c3e9fe6884" />
    <UnitTestResult executionId="cc0e29ed-96cc-4c7a-b50e-d28f212e8d94" testId="2a83a1b3-f173-a8e4-86ba-cb5840adaf0c" testName="Validate_ShouldReturnAuthenticatedUser_IfFoundInTheCacheAndAuthenticated" computerName="DKSR-EFI-06" duration="00:00:00.0445757" startTime="2024-01-09T15:41:12.9350395+01:00" endTime="2024-01-09T15:41:12.9819086+01:00" testType="13cdc9d9-ddb5-4fa4-a97d-d965ccfc6d4b" outcome="Passed" testListId="8c84fa94-04c1-424b-9868-57a2d4851a1d" relativeResultsDirectory="cc0e29ed-96cc-4c7a-b50e-d28f212e8d94" />
    <UnitTestResult executionId="0e9b6c84-9f9f-4120-8025-762bc8dc09d3" testId="a7050fdc-c12d-9c46-8908-88c3de06a4a6" testName="Validate_ShouldCacheInProgressValidation_IfUserIsNotInTheCacheAndFirstOneToCall" computerName="DKSR-EFI-06" duration="00:00:00.0572948" startTime="2024-01-09T15:41:15.3412886+01:00" endTime="2024-01-09T15:41:15.4037907+01:00" testType="13cdc9d9-ddb5-4fa4-a97d-d965ccfc6d4b" outcome="Passed" testListId="8c84fa94-04c1-424b-9868-57a2d4851a1d" relativeResultsDirectory="0e9b6c84-9f9f-4120-8025-762bc8dc09d3" />
    <UnitTestResult executionId="c817e38c-a5a6-432b-99ed-2680501f100c" testId="7333f3e9-01a7-bc5e-31a6-c42680f99fb6" testName="Validate_ShouldDoValidationOnlyOnce_IfMultipleCallsArrive" computerName="DKSR-EFI-06" duration="00:00:01.0906348" startTime="2024-01-09T15:41:13.2006605+01:00" endTime="2024-01-09T15:41:14.2944107+01:00" testType="13cdc9d9-ddb5-4fa4-a97d-d965ccfc6d4b" outcome="Passed" testListId="8c84fa94-04c1-424b-9868-57a2d4851a1d" relativeResultsDirectory="c817e38c-a5a6-432b-99ed-2680501f100c" />
    <UnitTestResult executionId="f73f0755-5157-4c8f-ad06-eab8937bf735" testId="d40d9eb9-686c-1e82-72ef-6b9f00889faf" testName="Validate_ShouldReturnNull_IfInvalidTokenIsProvided" computerName="DKSR-EFI-06" duration="00:00:00.0010279" startTime="2024-01-09T15:41:12.8725345+01:00" endTime="2024-01-09T15:41:12.8881575+01:00" testType="13cdc9d9-ddb5-4fa4-a97d-d965ccfc6d4b" outcome="Passed" testListId="8c84fa94-04c1-424b-9868-57a2d4851a1d" relativeResultsDirectory="f73f0755-5157-4c8f-ad06-eab8937bf735" />
    <UnitTestResult executionId="f245815c-4520-4cf5-beab-158b567ad2fc" testId="9515414d-23ea-9ad2-0b44-5c6aa177163f" testName="Validate_ShouldReturnUser_IfInCache" computerName="DKSR-EFI-06" duration="00:00:00.0039133" startTime="2024-01-09T15:41:12.7787843+01:00" endTime="2024-01-09T15:41:12.7944096+01:00" testType="13cdc9d9-ddb5-4fa4-a97d-d965ccfc6d4b" outcome="Passed" testListId="8c84fa94-04c1-424b-9868-57a2d4851a1d" relativeResultsDirectory="f245815c-4520-4cf5-beab-158b567ad2fc" />
    <UnitTestResult executionId="bae30de1-0a13-41bd-880f-53637c0fb531" testId="3041136a-8850-cbbc-610a-9acc3b7721d7" testName="Get_ShouldReturnNull_IfItemHasExpired" computerName="DKSR-EFI-06" duration="00:00:00.0290247" startTime="2024-01-09T15:41:12.3569134+01:00" endTime="2024-01-09T15:41:12.3881589+01:00" testType="13cdc9d9-ddb5-4fa4-a97d-d965ccfc6d4b" outcome="Passed" testListId="8c84fa94-04c1-424b-9868-57a2d4851a1d" relativeResultsDirectory="bae30de1-0a13-41bd-880f-53637c0fb531" />
    <UnitTestResult executionId="df5ae1b5-99d6-4074-8a46-7ecd24add0bc" testId="d4b666e7-0719-beb7-4a76-1ac4a6f29682" testName="Validate_ShouldReturnNull_IfTokenStringIsEmpty" computerName="DKSR-EFI-06" duration="00:00:00.0022032" startTime="2024-01-09T15:41:12.8725345+01:00" endTime="2024-01-09T15:41:12.8725345+01:00" testType="13cdc9d9-ddb5-4fa4-a97d-d965ccfc6d4b" outcome="Passed" testListId="8c84fa94-04c1-424b-9868-57a2d4851a1d" relativeResultsDirectory="df5ae1b5-99d6-4074-8a46-7ecd24add0bc" />
    <UnitTestResult executionId="9b0d18d3-12f6-401c-a4ee-0d83fd19fa0c" testId="e71cafef-8f62-32d2-91c8-b19f6ab98d06" testName="HasPermission_ShouldAddValueToCache" computerName="DKSR-EFI-06" duration="00:00:00.0106804" startTime="2024-01-09T15:41:12.7631611+01:00" endTime="2024-01-09T15:41:12.7631611+01:00" testType="13cdc9d9-ddb5-4fa4-a97d-d965ccfc6d4b" outcome="Passed" testListId="8c84fa94-04c1-424b-9868-57a2d4851a1d" relativeResultsDirectory="9b0d18d3-12f6-401c-a4ee-0d83fd19fa0c" />
    <UnitTestResult executionId="c4a8b503-bc83-462f-afbb-7a732302f8e0" testId="47c6dd4d-d8d9-c0c0-e5f5-6858fc1eeb43" testName="Constructors_ShouldNotAllowInjectionOfNulls" computerName="DKSR-EFI-06" duration="00:00:00.0111607" startTime="2024-01-09T15:41:12.9037840+01:00" endTime="2024-01-09T15:41:12.9194083+01:00" testType="13cdc9d9-ddb5-4fa4-a97d-d965ccfc6d4b" outcome="Passed" testListId="8c84fa94-04c1-424b-9868-57a2d4851a1d" relativeResultsDirectory="c4a8b503-bc83-462f-afbb-7a732302f8e0" />
    <UnitTestResult executionId="1815a5a5-b803-4000-a403-b7431b29d2e7" testId="4bb83b4a-20a6-84e7-fc90-44e538804eaf" testName="Set_ShouldThrowArgumentException_IfIdIsNull" computerName="DKSR-EFI-06" duration="00:00:00.0017285" startTime="2024-01-09T15:41:12.3881589+01:00" endTime="2024-01-09T15:41:12.4037827+01:00" testType="13cdc9d9-ddb5-4fa4-a97d-d965ccfc6d4b" outcome="Passed" testListId="8c84fa94-04c1-424b-9868-57a2d4851a1d" relativeResultsDirectory="1815a5a5-b803-4000-a403-b7431b29d2e7" />
    <UnitTestResult executionId="c837c0f5-ec2c-4b81-aa9e-c47b4c2f3155" testId="9cb32065-664b-c58c-3e49-26236b7adc7b" testName="Validate_ShouldReturnSameResult_ForMultipleValidationCallsOfTheSameUser" computerName="DKSR-EFI-06" duration="00:00:01.0443427" startTime="2024-01-09T15:41:14.2944107+01:00" endTime="2024-01-09T15:41:15.3412886+01:00" testType="13cdc9d9-ddb5-4fa4-a97d-d965ccfc6d4b" outcome="Passed" testListId="8c84fa94-04c1-424b-9868-57a2d4851a1d" relativeResultsDirectory="c837c0f5-ec2c-4b81-aa9e-c47b4c2f3155" />
    <UnitTestResult executionId="81eeccdc-c575-4b4c-8096-b8764f0265a0" testId="ef741ab1-6018-5d9d-0191-8a29e831b88d" testName="Get_ShouldExtendCredentialTimeout_IfReAuthenticationThrowsAnExceptionButCachedValueIsAuthenticated" computerName="DKSR-EFI-06" duration="00:00:00.1567525" startTime="2024-01-09T15:41:11.8725317+01:00" endTime="2024-01-09T15:41:12.0287937+01:00" testType="13cdc9d9-ddb5-4fa4-a97d-d965ccfc6d4b" outcome="Passed" testListId="8c84fa94-04c1-424b-9868-57a2d4851a1d" relativeResultsDirectory="81eeccdc-c575-4b4c-8096-b8764f0265a0" />
  </Results>
  <TestDefinitions>
    <UnitTest name="Validate_ShouldReturnUser_IfInCache" storage="d:\actions-runner\_work\xpco\xpco\common\userauthenticationcache\videoos.common.userauthentication.tests\bin\debug\net472\userauthentication.tests.dll" id="9515414d-23ea-9ad2-0b44-5c6aa177163f">
      <Execution id="f245815c-4520-4cf5-beab-158b567ad2fc" />
      <TestMethod codeBase="D:\actions-runner\_work\XPCO\XPCO\Common\UserAuthenticationCache\VideoOS.Common.UserAuthentication.Tests\bin\Debug\net472\UserAuthentication.Tests.dll" adapterTypeName="executor://mstestadapter/v2" className="VideoOS.Common.UserAuthentication.Tests.SidValidationTests" name="Validate_ShouldReturnUser_IfInCache" />
    </UnitTest>
    <UnitTest name="ExpirationTime_Set_ShouldThrowArgumentOutOfRangeException_IfNegativeIsProvided" storage="d:\actions-runner\_work\xpco\xpco\common\userauthenticationcache\videoos.common.userauthentication.tests\bin\debug\net472\userauthentication.tests.dll" id="5485cb8c-008b-79d6-4081-d9c4ca8547a9">
      <Execution id="b5472eae-6c97-48d9-ba48-5ca13070ed07" />
      <TestMethod codeBase="D:\actions-runner\_work\XPCO\XPCO\Common\UserAuthenticationCache\VideoOS.Common.UserAuthentication.Tests\bin\Debug\net472\UserAuthentication.Tests.dll" adapterTypeName="executor://mstestadapter/v2" className="VideoOS.Common.UserAuthentication.Tests.MemoryCacheWrapperTests" name="ExpirationTime_Set_ShouldThrowArgumentOutOfRangeException_IfNegativeIsProvided" />
    </UnitTest>
    <UnitTest name="Validate_ShouldReturnUser_IfNotInCacheButExists" storage="d:\actions-runner\_work\xpco\xpco\common\userauthenticationcache\videoos.common.userauthentication.tests\bin\debug\net472\userauthentication.tests.dll" id="0fc36183-233a-6a20-b52e-bd75db29b340">
      <Execution id="688b3282-36b8-41e3-8022-2bcd73aa99e6" />
      <TestMethod codeBase="D:\actions-runner\_work\XPCO\XPCO\Common\UserAuthenticationCache\VideoOS.Common.UserAuthentication.Tests\bin\Debug\net472\UserAuthentication.Tests.dll" adapterTypeName="executor://mstestadapter/v2" className="VideoOS.Common.UserAuthentication.Tests.SidValidationTests" name="Validate_ShouldReturnUser_IfNotInCacheButExists" />
    </UnitTest>
    <UnitTest name="AllSids_ShouldContain_SecurityIdsOfTheMembershipGroups" storage="d:\actions-runner\_work\xpco\xpco\common\userauthenticationcache\videoos.common.userauthentication.tests\bin\debug\net472\userauthentication.tests.dll" id="0c521cba-7b53-508e-7d9b-61615a63f8ef">
      <Execution id="a87dfb8e-7371-49ef-8cd2-4cd2f9e3f606" />
      <TestMethod codeBase="D:\actions-runner\_work\XPCO\XPCO\Common\UserAuthenticationCache\VideoOS.Common.UserAuthentication.Tests\bin\Debug\net472\UserAuthentication.Tests.dll" adapterTypeName="executor://mstestadapter/v2" className="VideoOS.Common.UserAuthentication.Tests.UserTests" name="AllSids_ShouldContain_SecurityIdsOfTheMembershipGroups" />
    </UnitTest>
    <UnitTest name="Validate_ShouldCacheInProgressValidation_IfUserIsNotInTheCacheAndFirstOneToCall" storage="d:\actions-runner\_work\xpco\xpco\common\userauthenticationcache\videoos.common.userauthentication.tests\bin\debug\net472\userauthentication.tests.dll" id="a7050fdc-c12d-9c46-8908-88c3de06a4a6">
      <Execution id="0e9b6c84-9f9f-4120-8025-762bc8dc09d3" />
      <TestMethod codeBase="D:\actions-runner\_work\XPCO\XPCO\Common\UserAuthenticationCache\VideoOS.Common.UserAuthentication.Tests\bin\Debug\net472\UserAuthentication.Tests.dll" adapterTypeName="executor://mstestadapter/v2" className="VideoOS.Common.UserAuthentication.Tests.VmoCredentialValidationTests" name="Validate_ShouldCacheInProgressValidation_IfUserIsNotInTheCacheAndFirstOneToCall" />
    </UnitTest>
    <UnitTest name="Get_ShouldUpdateCredentialsResultToAuthenticated_IfReAuthenticationSucceeds" storage="d:\actions-runner\_work\xpco\xpco\common\userauthenticationcache\videoos.common.userauthentication.tests\bin\debug\net472\userauthentication.tests.dll" id="489c510c-2012-dadd-1da4-9324f1519c3c">
      <Execution id="128de4a9-a2ef-4d36-9165-d396561b46d4" />
      <TestMethod codeBase="D:\actions-runner\_work\XPCO\XPCO\Common\UserAuthenticationCache\VideoOS.Common.UserAuthentication.Tests\bin\Debug\net472\UserAuthentication.Tests.dll" adapterTypeName="executor://mstestadapter/v2" className="VideoOS.Common.UserAuthentication.Tests.CredentialsCacheTests" name="Get_ShouldUpdateCredentialsResultToAuthenticated_IfReAuthenticationSucceeds" />
    </UnitTest>
    <UnitTest name="ExpirationTime_Set_ShouldThrowArgumentOutOfRangeException_IfZeroIsProvided" storage="d:\actions-runner\_work\xpco\xpco\common\userauthenticationcache\videoos.common.userauthentication.tests\bin\debug\net472\userauthentication.tests.dll" id="6c091f0b-7e95-d83c-9e40-453d4b1dc1a2">
      <Execution id="a6b94ab2-b890-40a4-8403-d9418a36a2b9" />
      <TestMethod codeBase="D:\actions-runner\_work\XPCO\XPCO\Common\UserAuthenticationCache\VideoOS.Common.UserAuthentication.Tests\bin\Debug\net472\UserAuthentication.Tests.dll" adapterTypeName="executor://mstestadapter/v2" className="VideoOS.Common.UserAuthentication.Tests.MemoryCacheWrapperTests" name="ExpirationTime_Set_ShouldThrowArgumentOutOfRangeException_IfZeroIsProvided" />
    </UnitTest>
    <UnitTest name="Get_ShouldUpdateCredentialsResultToDenied_IfReAuthenticationFails" storage="d:\actions-runner\_work\xpco\xpco\common\userauthenticationcache\videoos.common.userauthentication.tests\bin\debug\net472\userauthentication.tests.dll" id="88a3bb4f-8ae9-be94-4ee6-952d3131556d">
      <Execution id="f508305c-d6d2-4e29-8876-cc9e2ab635c0" />
      <TestMethod codeBase="D:\actions-runner\_work\XPCO\XPCO\Common\UserAuthenticationCache\VideoOS.Common.UserAuthentication.Tests\bin\Debug\net472\UserAuthentication.Tests.dll" adapterTypeName="executor://mstestadapter/v2" className="VideoOS.Common.UserAuthentication.Tests.CredentialsCacheTests" name="Get_ShouldUpdateCredentialsResultToDenied_IfReAuthenticationFails" />
    </UnitTest>
    <UnitTest name="Validate_ShouldReturnSameResult_ForMultipleValidationCallsOfTheSameUser" storage="d:\actions-runner\_work\xpco\xpco\common\userauthenticationcache\videoos.common.userauthentication.tests\bin\debug\net472\userauthentication.tests.dll" id="9cb32065-664b-c58c-3e49-26236b7adc7b">
      <Execution id="c837c0f5-ec2c-4b81-aa9e-c47b4c2f3155" />
      <TestMethod codeBase="D:\actions-runner\_work\XPCO\XPCO\Common\UserAuthenticationCache\VideoOS.Common.UserAuthentication.Tests\bin\Debug\net472\UserAuthentication.Tests.dll" adapterTypeName="executor://mstestadapter/v2" className="VideoOS.Common.UserAuthentication.Tests.VmoCredentialValidationTests" name="Validate_ShouldReturnSameResult_ForMultipleValidationCallsOfTheSameUser" />
    </UnitTest>
    <UnitTest name="Validate_ShouldReturnValidatedUser_IfUserIsNotInTheCacheAndValidationSucceeds" storage="d:\actions-runner\_work\xpco\xpco\common\userauthenticationcache\videoos.common.userauthentication.tests\bin\debug\net472\userauthentication.tests.dll" id="b35ee89c-0162-5b40-6e0f-b3a480eb5a6d">
      <Execution id="6f257c47-89cc-4e49-bb69-c98651c791c0" />
      <TestMethod codeBase="D:\actions-runner\_work\XPCO\XPCO\Common\UserAuthenticationCache\VideoOS.Common.UserAuthentication.Tests\bin\Debug\net472\UserAuthentication.Tests.dll" adapterTypeName="executor://mstestadapter/v2" className="VideoOS.Common.UserAuthentication.Tests.VmoCredentialValidationTests" name="Validate_ShouldReturnValidatedUser_IfUserIsNotInTheCacheAndValidationSucceeds" />
    </UnitTest>
    <UnitTest name="Validate_ShouldReturnNull_IfFoundInTheCacheAndDenied" storage="d:\actions-runner\_work\xpco\xpco\common\userauthenticationcache\videoos.common.userauthentication.tests\bin\debug\net472\userauthentication.tests.dll" id="20515f01-4fe2-951b-0fb3-4a57a3131388">
      <Execution id="e58295b8-adbe-4d1f-ade9-45b9f52b2396" />
      <TestMethod codeBase="D:\actions-runner\_work\XPCO\XPCO\Common\UserAuthenticationCache\VideoOS.Common.UserAuthentication.Tests\bin\Debug\net472\UserAuthentication.Tests.dll" adapterTypeName="executor://mstestadapter/v2" className="VideoOS.Common.UserAuthentication.Tests.VmoCredentialValidationTests" name="Validate_ShouldReturnNull_IfFoundInTheCacheAndDenied" />
    </UnitTest>
    <UnitTest name="Constructors_ShouldNotAllowInjectionOfNulls" storage="d:\actions-runner\_work\xpco\xpco\common\userauthenticationcache\videoos.common.userauthentication.tests\bin\debug\net472\userauthentication.tests.dll" id="20907b0a-4f7a-5b7b-02b9-83289ecbdb9c">
      <Execution id="4371b7a2-f7b1-4e3c-a365-96c1e8ba57b7" />
      <TestMethod codeBase="D:\actions-runner\_work\XPCO\XPCO\Common\UserAuthenticationCache\VideoOS.Common.UserAuthentication.Tests\bin\Debug\net472\UserAuthentication.Tests.dll" adapterTypeName="executor://mstestadapter/v2" className="VideoOS.Common.UserAuthentication.Tests.UserAuthenticationCacheTests" name="Constructors_ShouldNotAllowInjectionOfNulls" />
    </UnitTest>
    <UnitTest name="Get_ShouldReturnNull_IfCredentialIsNotInTheCache" storage="d:\actions-runner\_work\xpco\xpco\common\userauthenticationcache\videoos.common.userauthentication.tests\bin\debug\net472\userauthentication.tests.dll" id="0ee7fc3b-655e-2332-4fe9-9862816d6c7b">
      <Execution id="da589e65-b044-4fd7-a615-c0fae905f022" />
      <TestMethod codeBase="D:\actions-runner\_work\XPCO\XPCO\Common\UserAuthenticationCache\VideoOS.Common.UserAuthentication.Tests\bin\Debug\net472\UserAuthentication.Tests.dll" adapterTypeName="executor://mstestadapter/v2" className="VideoOS.Common.UserAuthentication.Tests.CredentialsCacheTests" name="Get_ShouldReturnNull_IfCredentialIsNotInTheCache" />
    </UnitTest>
    <UnitTest name="AllSids_ShouldContain_SecurityIdOfTheUser" storage="d:\actions-runner\_work\xpco\xpco\common\userauthenticationcache\videoos.common.userauthentication.tests\bin\debug\net472\userauthentication.tests.dll" id="55362ce8-e0ef-6d17-349c-ec66bcea75c0">
      <Execution id="50f3ca4f-e5b4-4f04-88d5-6eb7de87b1a7" />
      <TestMethod codeBase="D:\actions-runner\_work\XPCO\XPCO\Common\UserAuthenticationCache\VideoOS.Common.UserAuthentication.Tests\bin\Debug\net472\UserAuthentication.Tests.dll" adapterTypeName="executor://mstestadapter/v2" className="VideoOS.Common.UserAuthentication.Tests.UserTests" name="AllSids_ShouldContain_SecurityIdOfTheUser" />
    </UnitTest>
    <UnitTest name="Validate_ShouldDoValidationOnlyOnce_IfMultipleCallsArrive" storage="d:\actions-runner\_work\xpco\xpco\common\userauthenticationcache\videoos.common.userauthentication.tests\bin\debug\net472\userauthentication.tests.dll" id="7333f3e9-01a7-bc5e-31a6-c42680f99fb6">
      <Execution id="c817e38c-a5a6-432b-99ed-2680501f100c" />
      <TestMethod codeBase="D:\actions-runner\_work\XPCO\XPCO\Common\UserAuthenticationCache\VideoOS.Common.UserAuthentication.Tests\bin\Debug\net472\UserAuthentication.Tests.dll" adapterTypeName="executor://mstestadapter/v2" className="VideoOS.Common.UserAuthentication.Tests.VmoCredentialValidationTests" name="Validate_ShouldDoValidationOnlyOnce_IfMultipleCallsArrive" />
    </UnitTest>
    <UnitTest name="ValidateWithSid_ShouldCallValidateSid" storage="d:\actions-runner\_work\xpco\xpco\common\userauthenticationcache\videoos.common.userauthentication.tests\bin\debug\net472\userauthentication.tests.dll" id="35499b0a-56fa-1b02-9716-4c22fc692354">
      <Execution id="42b8663f-5ef3-47fc-8c6e-6d3c3e9b4baa" />
      <TestMethod codeBase="D:\actions-runner\_work\XPCO\XPCO\Common\UserAuthenticationCache\VideoOS.Common.UserAuthentication.Tests\bin\Debug\net472\UserAuthentication.Tests.dll" adapterTypeName="executor://mstestadapter/v2" className="VideoOS.Common.UserAuthentication.Tests.UserAuthenticationTests" name="ValidateWithSid_ShouldCallValidateSid" />
    </UnitTest>
    <UnitTest name="Constructors_ShouldNotAllowInjectionOfNulls" storage="d:\actions-runner\_work\xpco\xpco\common\userauthenticationcache\videoos.common.userauthentication.tests\bin\debug\net472\userauthentication.tests.dll" id="d9deae24-7fd1-5344-fc16-501a9af6bea0">
      <Execution id="a2e4bf7f-399f-46d9-afa2-7eed0b889fd4" />
      <TestMethod codeBase="D:\actions-runner\_work\XPCO\XPCO\Common\UserAuthenticationCache\VideoOS.Common.UserAuthentication.Tests\bin\Debug\net472\UserAuthentication.Tests.dll" adapterTypeName="executor://mstestadapter/v2" className="VideoOS.Common.UserAuthentication.Tests.PermissionLookupTests" name="Constructors_ShouldNotAllowInjectionOfNulls" />
    </UnitTest>
    <UnitTest name="Constructors_ShouldNotAllowInjectionOfNulls" storage="d:\actions-runner\_work\xpco\xpco\common\userauthenticationcache\videoos.common.userauthentication.tests\bin\debug\net472\userauthentication.tests.dll" id="2beb5b32-acc0-2810-df0b-119d55e47935">
      <Execution id="b5008303-3773-456f-87e4-4d48b7825e89" />
      <TestMethod codeBase="D:\actions-runner\_work\XPCO\XPCO\Common\UserAuthenticationCache\VideoOS.Common.UserAuthentication.Tests\bin\Debug\net472\UserAuthentication.Tests.dll" adapterTypeName="executor://mstestadapter/v2" className="VideoOS.Common.UserAuthentication.Tests.TokenValidationTests" name="Constructors_ShouldNotAllowInjectionOfNulls" />
    </UnitTest>
    <UnitTest name="Constructors_ShouldNotAllowInjectionOfNulls" storage="d:\actions-runner\_work\xpco\xpco\common\userauthenticationcache\videoos.common.userauthentication.tests\bin\debug\net472\userauthentication.tests.dll" id="47c6dd4d-d8d9-c0c0-e5f5-6858fc1eeb43">
      <Execution id="c4a8b503-bc83-462f-afbb-7a732302f8e0" />
      <TestMethod codeBase="D:\actions-runner\_work\XPCO\XPCO\Common\UserAuthenticationCache\VideoOS.Common.UserAuthentication.Tests\bin\Debug\net472\UserAuthentication.Tests.dll" adapterTypeName="executor://mstestadapter/v2" className="VideoOS.Common.UserAuthentication.Tests.VmoCredentialValidationTests" name="Constructors_ShouldNotAllowInjectionOfNulls" />
    </UnitTest>
    <UnitTest name="HasPermission_ShouldAddValueToCache" storage="d:\actions-runner\_work\xpco\xpco\common\userauthenticationcache\videoos.common.userauthentication.tests\bin\debug\net472\userauthentication.tests.dll" id="e71cafef-8f62-32d2-91c8-b19f6ab98d06">
      <Execution id="9b0d18d3-12f6-401c-a4ee-0d83fd19fa0c" />
      <TestMethod codeBase="D:\actions-runner\_work\XPCO\XPCO\Common\UserAuthenticationCache\VideoOS.Common.UserAuthentication.Tests\bin\Debug\net472\UserAuthentication.Tests.dll" adapterTypeName="executor://mstestadapter/v2" className="VideoOS.Common.UserAuthentication.Tests.PermissionLookupTests" name="HasPermission_ShouldAddValueToCache" />
    </UnitTest>
    <UnitTest name="HasPermission_ShouldNotCallCacheForAdmins" storage="d:\actions-runner\_work\xpco\xpco\common\userauthenticationcache\videoos.common.userauthentication.tests\bin\debug\net472\userauthentication.tests.dll" id="84b268aa-a597-d516-e8be-95822a02f8e9">
      <Execution id="ac433fd1-846a-43f2-84f9-eb2b05062ee5" />
      <TestMethod codeBase="D:\actions-runner\_work\XPCO\XPCO\Common\UserAuthenticationCache\VideoOS.Common.UserAuthentication.Tests\bin\Debug\net472\UserAuthentication.Tests.dll" adapterTypeName="executor://mstestadapter/v2" className="VideoOS.Common.UserAuthentication.Tests.PermissionLookupTests" name="HasPermission_ShouldNotCallCacheForAdmins" />
    </UnitTest>
    <UnitTest name="Validate_ShouldReturnNull_IfTokenStringIsEmpty" storage="d:\actions-runner\_work\xpco\xpco\common\userauthenticationcache\videoos.common.userauthentication.tests\bin\debug\net472\userauthentication.tests.dll" id="d4b666e7-0719-beb7-4a76-1ac4a6f29682">
      <Execution id="df5ae1b5-99d6-4074-8a46-7ecd24add0bc" />
      <TestMethod codeBase="D:\actions-runner\_work\XPCO\XPCO\Common\UserAuthenticationCache\VideoOS.Common.UserAuthentication.Tests\bin\Debug\net472\UserAuthentication.Tests.dll" adapterTypeName="executor://mstestadapter/v2" className="VideoOS.Common.UserAuthentication.Tests.TokenValidationTests" name="Validate_ShouldReturnNull_IfTokenStringIsEmpty" />
    </UnitTest>
    <UnitTest name="HasPermission_ShouldReturnCachedValue" storage="d:\actions-runner\_work\xpco\xpco\common\userauthenticationcache\videoos.common.userauthentication.tests\bin\debug\net472\userauthentication.tests.dll" id="bcf4b34e-cecf-1e8b-c33d-944707f50108">
      <Execution id="53f08fce-cd00-40d7-904e-c774b45dd276" />
      <TestMethod codeBase="D:\actions-runner\_work\XPCO\XPCO\Common\UserAuthenticationCache\VideoOS.Common.UserAuthentication.Tests\bin\Debug\net472\UserAuthentication.Tests.dll" adapterTypeName="executor://mstestadapter/v2" className="VideoOS.Common.UserAuthentication.Tests.PermissionLookupTests" name="HasPermission_ShouldReturnCachedValue" />
    </UnitTest>
    <UnitTest name="Validate_ShouldAddUserToCache_IfNotInCacheButExists" storage="d:\actions-runner\_work\xpco\xpco\common\userauthenticationcache\videoos.common.userauthentication.tests\bin\debug\net472\userauthentication.tests.dll" id="94fe9b89-a5a8-f9fb-b6fe-8acd463b7fe2">
      <Execution id="c91b3989-cf28-49c7-abae-f81b349b646b" />
      <TestMethod codeBase="D:\actions-runner\_work\XPCO\XPCO\Common\UserAuthenticationCache\VideoOS.Common.UserAuthentication.Tests\bin\Debug\net472\UserAuthentication.Tests.dll" adapterTypeName="executor://mstestadapter/v2" className="VideoOS.Common.UserAuthentication.Tests.SidValidationTests" name="Validate_ShouldAddUserToCache_IfNotInCacheButExists" />
    </UnitTest>
    <UnitTest name="Create_ShouldCreateUserAuthenticationCache" storage="d:\actions-runner\_work\xpco\xpco\common\userauthenticationcache\videoos.common.userauthentication.tests\bin\debug\net472\userauthentication.tests.dll" id="31eb677b-88bd-5c26-4592-8630a72a3001">
      <Execution id="83f522d9-06d1-43e1-88b4-297bfc34b413" />
      <TestMethod codeBase="D:\actions-runner\_work\XPCO\XPCO\Common\UserAuthenticationCache\VideoOS.Common.UserAuthentication.Tests\bin\Debug\net472\UserAuthentication.Tests.dll" adapterTypeName="executor://mstestadapter/v2" className="VideoOS.Common.UserAuthentication.Tests.UserAuthenticationCacheFactoryTests" name="Create_ShouldCreateUserAuthenticationCache" />
    </UnitTest>
    <UnitTest name="Validate_ShouldReturnNull_IfUserIsNotInTheCacheButValidationFails" storage="d:\actions-runner\_work\xpco\xpco\common\userauthenticationcache\videoos.common.userauthentication.tests\bin\debug\net472\userauthentication.tests.dll" id="ef104436-1094-99bd-19ef-0ba4423dc7d4">
      <Execution id="fa4a0240-f92f-44b4-8fa9-e9e0db0a310c" />
      <TestMethod codeBase="D:\actions-runner\_work\XPCO\XPCO\Common\UserAuthenticationCache\VideoOS.Common.UserAuthentication.Tests\bin\Debug\net472\UserAuthentication.Tests.dll" adapterTypeName="executor://mstestadapter/v2" className="VideoOS.Common.UserAuthentication.Tests.VmoCredentialValidationTests" name="Validate_ShouldReturnNull_IfUserIsNotInTheCacheButValidationFails" />
    </UnitTest>
    <UnitTest name="Dispose_ShouldDisposeUserCache" storage="d:\actions-runner\_work\xpco\xpco\common\userauthenticationcache\videoos.common.userauthentication.tests\bin\debug\net472\userauthentication.tests.dll" id="9d09971d-60a5-f732-9b99-180470cffa91">
      <Execution id="93bdd23f-14d1-4fc0-95dd-1b2bccd7a43b" />
      <TestMethod codeBase="D:\actions-runner\_work\XPCO\XPCO\Common\UserAuthenticationCache\VideoOS.Common.UserAuthentication.Tests\bin\Debug\net472\UserAuthentication.Tests.dll" adapterTypeName="executor://mstestadapter/v2" className="VideoOS.Common.UserAuthentication.Tests.UserAuthenticationCacheTests" name="Dispose_ShouldDisposeUserCache" />
    </UnitTest>
    <UnitTest name="Validate_ShouldReturnNull_IfSidIsNull" storage="d:\actions-runner\_work\xpco\xpco\common\userauthenticationcache\videoos.common.userauthentication.tests\bin\debug\net472\userauthentication.tests.dll" id="172e0e14-3b60-7ada-ae7b-2152beade102">
      <Execution id="4dd13613-030a-44f0-b365-d3bd15cd4921" />
      <TestMethod codeBase="D:\actions-runner\_work\XPCO\XPCO\Common\UserAuthenticationCache\VideoOS.Common.UserAuthentication.Tests\bin\Debug\net472\UserAuthentication.Tests.dll" adapterTypeName="executor://mstestadapter/v2" className="VideoOS.Common.UserAuthentication.Tests.SidValidationTests" name="Validate_ShouldReturnNull_IfSidIsNull" />
    </UnitTest>
    <UnitTest name="Validate_ShouldReturnTokenUser_IfTokenExistsOnTheCache" storage="d:\actions-runner\_work\xpco\xpco\common\userauthenticationcache\videoos.common.userauthentication.tests\bin\debug\net472\userauthentication.tests.dll" id="cfaef9df-b21a-814a-00b9-7cdf13d5efeb">
      <Execution id="5d2d531b-0713-450e-aa54-c94509ee90ee" />
      <TestMethod codeBase="D:\actions-runner\_work\XPCO\XPCO\Common\UserAuthenticationCache\VideoOS.Common.UserAuthentication.Tests\bin\Debug\net472\UserAuthentication.Tests.dll" adapterTypeName="executor://mstestadapter/v2" className="VideoOS.Common.UserAuthentication.Tests.TokenValidationTests" name="Validate_ShouldReturnTokenUser_IfTokenExistsOnTheCache" />
    </UnitTest>
    <UnitTest name="Set_ShouldThrowArgumentException_IfIdIsEmptyString" storage="d:\actions-runner\_work\xpco\xpco\common\userauthenticationcache\videoos.common.userauthentication.tests\bin\debug\net472\userauthentication.tests.dll" id="655ca919-f00f-0f85-3d41-ffba2bbb706e">
      <Execution id="1b2b89fa-c146-4a76-b6ad-b2c3e9fe6884" />
      <TestMethod codeBase="D:\actions-runner\_work\XPCO\XPCO\Common\UserAuthenticationCache\VideoOS.Common.UserAuthentication.Tests\bin\Debug\net472\UserAuthentication.Tests.dll" adapterTypeName="executor://mstestadapter/v2" className="VideoOS.Common.UserAuthentication.Tests.MemoryCacheWrapperTests" name="Set_ShouldThrowArgumentException_IfIdIsEmptyString" />
    </UnitTest>
    <UnitTest name="Constructors_ShouldNotAllowInjectionOfNulls" storage="d:\actions-runner\_work\xpco\xpco\common\userauthenticationcache\videoos.common.userauthentication.tests\bin\debug\net472\userauthentication.tests.dll" id="2b0ffd07-9adb-988b-4a7d-4dac04a828e1">
      <Execution id="129e4404-d4af-40c0-92f3-c56247b78768" />
      <TestMethod codeBase="D:\actions-runner\_work\XPCO\XPCO\Common\UserAuthenticationCache\VideoOS.Common.UserAuthentication.Tests\bin\Debug\net472\UserAuthentication.Tests.dll" adapterTypeName="executor://mstestadapter/v2" className="VideoOS.Common.UserAuthentication.Tests.CredentialsCacheTests" name="Constructors_ShouldNotAllowInjectionOfNulls" />
    </UnitTest>
    <UnitTest name="Get_ShouldReturnItem_IfItHasNotExpired" storage="d:\actions-runner\_work\xpco\xpco\common\userauthenticationcache\videoos.common.userauthentication.tests\bin\debug\net472\userauthentication.tests.dll" id="8f3bbfdb-c556-9e11-2472-14154a93328d">
      <Execution id="24360b2b-7414-43c7-b1b1-3b0e913a0b1f" />
      <TestMethod codeBase="D:\actions-runner\_work\XPCO\XPCO\Common\UserAuthenticationCache\VideoOS.Common.UserAuthentication.Tests\bin\Debug\net472\UserAuthentication.Tests.dll" adapterTypeName="executor://mstestadapter/v2" className="VideoOS.Common.UserAuthentication.Tests.MemoryCacheWrapperTests" name="Get_ShouldReturnItem_IfItHasNotExpired" />
    </UnitTest>
    <UnitTest name="ValidateCredentials_ShouldThrowException_IfUserIdIsNull" storage="d:\actions-runner\_work\xpco\xpco\common\userauthenticationcache\videoos.common.userauthentication.tests\bin\debug\net472\userauthentication.tests.dll" id="d9fc5ab1-2e77-929c-a4b6-2008a16e7b0f">
      <Execution id="daaa1bcd-391e-44b6-a241-0f7b71f0f8c8" />
      <TestMethod codeBase="D:\actions-runner\_work\XPCO\XPCO\Common\UserAuthenticationCache\VideoOS.Common.UserAuthentication.Tests\bin\Debug\net472\UserAuthentication.Tests.dll" adapterTypeName="executor://mstestadapter/v2" className="VideoOS.Common.UserAuthentication.Tests.UserAuthenticationTests" name="ValidateCredentials_ShouldThrowException_IfUserIdIsNull" />
    </UnitTest>
    <UnitTest name="Validate_ShouldReturnNull_IfInvalidTokenIsProvided" storage="d:\actions-runner\_work\xpco\xpco\common\userauthenticationcache\videoos.common.userauthentication.tests\bin\debug\net472\userauthentication.tests.dll" id="d40d9eb9-686c-1e82-72ef-6b9f00889faf">
      <Execution id="f73f0755-5157-4c8f-ad06-eab8937bf735" />
      <TestMethod codeBase="D:\actions-runner\_work\XPCO\XPCO\Common\UserAuthenticationCache\VideoOS.Common.UserAuthentication.Tests\bin\Debug\net472\UserAuthentication.Tests.dll" adapterTypeName="executor://mstestadapter/v2" className="VideoOS.Common.UserAuthentication.Tests.TokenValidationTests" name="Validate_ShouldReturnNull_IfInvalidTokenIsProvided" />
    </UnitTest>
    <UnitTest name="Validate_ShouldAddTokenToTheCache_IfItDoesNotExist" storage="d:\actions-runner\_work\xpco\xpco\common\userauthenticationcache\videoos.common.userauthentication.tests\bin\debug\net472\userauthentication.tests.dll" id="16398b66-a941-88e1-d4f7-3973f69063f6">
      <Execution id="8f9fd16d-c93a-4daf-9aea-b6c30aaf92db" />
      <TestMethod codeBase="D:\actions-runner\_work\XPCO\XPCO\Common\UserAuthenticationCache\VideoOS.Common.UserAuthentication.Tests\bin\Debug\net472\UserAuthentication.Tests.dll" adapterTypeName="executor://mstestadapter/v2" className="VideoOS.Common.UserAuthentication.Tests.TokenValidationTests" name="Validate_ShouldAddTokenToTheCache_IfItDoesNotExist" />
    </UnitTest>
    <UnitTest name="IsActiveDirectoryUser_UserIsRole_ThrowsException" storage="d:\actions-runner\_work\xpco\xpco\common\userauthenticationcache\videoos.common.userauthentication.tests\bin\debug\net472\userauthentication.tests.dll" id="c5b2cc2f-bc48-fa1a-d042-4d43af0aed7f">
      <Execution id="4c531fef-2866-4068-abf8-166b4d994023" />
      <TestMethod codeBase="D:\actions-runner\_work\XPCO\XPCO\Common\UserAuthenticationCache\VideoOS.Common.UserAuthentication.Tests\bin\Debug\net472\UserAuthentication.Tests.dll" adapterTypeName="executor://mstestadapter/v2" className="VideoOS.Common.UserAuthentication.Tests.Cache.ActiveDirectory.IdentityAccessorTests" name="IsActiveDirectoryUser_UserIsRole_ThrowsException" />
    </UnitTest>
    <UnitTest name="ValidateWithToken_ShouldCallValidateToken" storage="d:\actions-runner\_work\xpco\xpco\common\userauthenticationcache\videoos.common.userauthentication.tests\bin\debug\net472\userauthentication.tests.dll" id="44cdd916-b515-00dc-3551-ce87c61d4f5e">
      <Execution id="b7313ee7-a5fe-443e-afa6-1b04288c7711" />
      <TestMethod codeBase="D:\actions-runner\_work\XPCO\XPCO\Common\UserAuthenticationCache\VideoOS.Common.UserAuthentication.Tests\bin\Debug\net472\UserAuthentication.Tests.dll" adapterTypeName="executor://mstestadapter/v2" className="VideoOS.Common.UserAuthentication.Tests.UserAuthenticationTests" name="ValidateWithToken_ShouldCallValidateToken" />
    </UnitTest>
    <UnitTest name="AllSids_ShouldNotContain_SecurityIdsOfMembershipGroupsWhichAreGuids" storage="d:\actions-runner\_work\xpco\xpco\common\userauthenticationcache\videoos.common.userauthentication.tests\bin\debug\net472\userauthentication.tests.dll" id="81507db0-dc94-3380-e2f5-8c1b98cadef2">
      <Execution id="0fd7faa9-b3fb-4508-95ac-606700703230" />
      <TestMethod codeBase="D:\actions-runner\_work\XPCO\XPCO\Common\UserAuthenticationCache\VideoOS.Common.UserAuthentication.Tests\bin\Debug\net472\UserAuthentication.Tests.dll" adapterTypeName="executor://mstestadapter/v2" className="VideoOS.Common.UserAuthentication.Tests.UserTests" name="AllSids_ShouldNotContain_SecurityIdsOfMembershipGroupsWhichAreGuids" />
    </UnitTest>
    <UnitTest name="Validate_ShouldReturnNull_IfSidNotExistsAndNotInCache" storage="d:\actions-runner\_work\xpco\xpco\common\userauthenticationcache\videoos.common.userauthentication.tests\bin\debug\net472\userauthentication.tests.dll" id="d8b66cf9-ed50-cbf6-0cb9-1e27bc37f7ff">
      <Execution id="2ff522dd-ffb4-4fb6-adcf-30ea089e84db" />
      <TestMethod codeBase="D:\actions-runner\_work\XPCO\XPCO\Common\UserAuthenticationCache\VideoOS.Common.UserAuthentication.Tests\bin\Debug\net472\UserAuthentication.Tests.dll" adapterTypeName="executor://mstestadapter/v2" className="VideoOS.Common.UserAuthentication.Tests.SidValidationTests" name="Validate_ShouldReturnNull_IfSidNotExistsAndNotInCache" />
    </UnitTest>
    <UnitTest name="Constructors_ShouldNotAllowInjectionOfNulls" storage="d:\actions-runner\_work\xpco\xpco\common\userauthenticationcache\videoos.common.userauthentication.tests\bin\debug\net472\userauthentication.tests.dll" id="a89b844e-5090-7c96-37fb-e14dd243302a">
      <Execution id="bc2ddf22-8d8f-4417-8b6a-670264e890a0" />
      <TestMethod codeBase="D:\actions-runner\_work\XPCO\XPCO\Common\UserAuthenticationCache\VideoOS.Common.UserAuthentication.Tests\bin\Debug\net472\UserAuthentication.Tests.dll" adapterTypeName="executor://mstestadapter/v2" className="VideoOS.Common.UserAuthentication.Tests.TokenTests" name="Constructors_ShouldNotAllowInjectionOfNulls" />
    </UnitTest>
    <UnitTest name="Validate_ShouldThrowArgumentNullException_IfUserIsNull" storage="d:\actions-runner\_work\xpco\xpco\common\userauthenticationcache\videoos.common.userauthentication.tests\bin\debug\net472\userauthentication.tests.dll" id="55bdfb48-43ff-33a5-420e-010bdd98c80c">
      <Execution id="1c336eab-74c6-495b-8e7d-3031bd27b93a" />
      <TestMethod codeBase="D:\actions-runner\_work\XPCO\XPCO\Common\UserAuthenticationCache\VideoOS.Common.UserAuthentication.Tests\bin\Debug\net472\UserAuthentication.Tests.dll" adapterTypeName="executor://mstestadapter/v2" className="VideoOS.Common.UserAuthentication.Tests.VmoCredentialValidationTests" name="Validate_ShouldThrowArgumentNullException_IfUserIsNull" />
    </UnitTest>
    <UnitTest name="CacheEntryRemovedCallback_ShouldBeCalled_WhenItemExpires" storage="d:\actions-runner\_work\xpco\xpco\common\userauthenticationcache\videoos.common.userauthentication.tests\bin\debug\net472\userauthentication.tests.dll" id="d09148f6-ee54-36e0-1b55-82e9d1962fa9">
      <Execution id="2e1b55d1-ccc9-4986-9cca-3b9b1a66fe24" />
      <TestMethod codeBase="D:\actions-runner\_work\XPCO\XPCO\Common\UserAuthenticationCache\VideoOS.Common.UserAuthentication.Tests\bin\Debug\net472\UserAuthentication.Tests.dll" adapterTypeName="executor://mstestadapter/v2" className="VideoOS.Common.UserAuthentication.Tests.MemoryCacheWrapperTests" name="CacheEntryRemovedCallback_ShouldBeCalled_WhenItemExpires" />
    </UnitTest>
    <UnitTest name="HasPermission_ShouldAlwaysReturnTrueForAdmins" storage="d:\actions-runner\_work\xpco\xpco\common\userauthenticationcache\videoos.common.userauthentication.tests\bin\debug\net472\userauthentication.tests.dll" id="bed734a5-a7d4-4c5f-3c33-72d0073d7b84">
      <Execution id="92e24493-a375-4b36-b8d4-8851e40a21b9" />
      <TestMethod codeBase="D:\actions-runner\_work\XPCO\XPCO\Common\UserAuthenticationCache\VideoOS.Common.UserAuthentication.Tests\bin\Debug\net472\UserAuthentication.Tests.dll" adapterTypeName="executor://mstestadapter/v2" className="VideoOS.Common.UserAuthentication.Tests.PermissionLookupTests" name="HasPermission_ShouldAlwaysReturnTrueForAdmins" />
    </UnitTest>
    <UnitTest name="Get_ShouldThrowArgumentException_IfNullIsProvided" storage="d:\actions-runner\_work\xpco\xpco\common\userauthenticationcache\videoos.common.userauthentication.tests\bin\debug\net472\userauthentication.tests.dll" id="597504d2-236d-8690-3190-798435539f89">
      <Execution id="b4174bdc-0af2-42fd-950d-f43f8dbd9bfd" />
      <TestMethod codeBase="D:\actions-runner\_work\XPCO\XPCO\Common\UserAuthenticationCache\VideoOS.Common.UserAuthentication.Tests\bin\Debug\net472\UserAuthentication.Tests.dll" adapterTypeName="executor://mstestadapter/v2" className="VideoOS.Common.UserAuthentication.Tests.MemoryCacheWrapperTests" name="Get_ShouldThrowArgumentException_IfNullIsProvided" />
    </UnitTest>
    <UnitTest name="ValidateWithCredentials_ShouldCallValidateCredential" storage="d:\actions-runner\_work\xpco\xpco\common\userauthenticationcache\videoos.common.userauthentication.tests\bin\debug\net472\userauthentication.tests.dll" id="47fa9b2a-0a03-92bd-545e-06c049818200">
      <Execution id="51409ab1-3c02-47d3-a7bd-3520f6f35f70" />
      <TestMethod codeBase="D:\actions-runner\_work\XPCO\XPCO\Common\UserAuthenticationCache\VideoOS.Common.UserAuthentication.Tests\bin\Debug\net472\UserAuthentication.Tests.dll" adapterTypeName="executor://mstestadapter/v2" className="VideoOS.Common.UserAuthentication.Tests.UserAuthenticationTests" name="ValidateWithCredentials_ShouldCallValidateCredential" />
    </UnitTest>
    <UnitTest name="Validate_ShouldReturnAuthenticatedUser_IfFoundInTheCacheAndAuthenticated" storage="d:\actions-runner\_work\xpco\xpco\common\userauthenticationcache\videoos.common.userauthentication.tests\bin\debug\net472\userauthentication.tests.dll" id="2a83a1b3-f173-a8e4-86ba-cb5840adaf0c">
      <Execution id="cc0e29ed-96cc-4c7a-b50e-d28f212e8d94" />
      <TestMethod codeBase="D:\actions-runner\_work\XPCO\XPCO\Common\UserAuthenticationCache\VideoOS.Common.UserAuthentication.Tests\bin\Debug\net472\UserAuthentication.Tests.dll" adapterTypeName="executor://mstestadapter/v2" className="VideoOS.Common.UserAuthentication.Tests.VmoCredentialValidationTests" name="Validate_ShouldReturnAuthenticatedUser_IfFoundInTheCacheAndAuthenticated" />
    </UnitTest>
    <UnitTest name="Validate_ShouldReturnNull_IfTokenStringIsNull" storage="d:\actions-runner\_work\xpco\xpco\common\userauthenticationcache\videoos.common.userauthentication.tests\bin\debug\net472\userauthentication.tests.dll" id="5150e92c-ede9-6a2f-04fe-1614bee47471">
      <Execution id="c80244bd-4bdf-4688-a45b-03fbd413e9f2" />
      <TestMethod codeBase="D:\actions-runner\_work\XPCO\XPCO\Common\UserAuthenticationCache\VideoOS.Common.UserAuthentication.Tests\bin\Debug\net472\UserAuthentication.Tests.dll" adapterTypeName="executor://mstestadapter/v2" className="VideoOS.Common.UserAuthentication.Tests.TokenValidationTests" name="Validate_ShouldReturnNull_IfTokenStringIsNull" />
    </UnitTest>
    <UnitTest name="Validate_ShouldDoValidation_IfUserIsNotInTheCacheAndFirstOneToCall" storage="d:\actions-runner\_work\xpco\xpco\common\userauthenticationcache\videoos.common.userauthentication.tests\bin\debug\net472\userauthentication.tests.dll" id="c585530e-7bce-0886-b039-bce325a0d8bc">
      <Execution id="174aec61-c4c1-4ea9-8dfc-80ec43c7afa3" />
      <TestMethod codeBase="D:\actions-runner\_work\XPCO\XPCO\Common\UserAuthenticationCache\VideoOS.Common.UserAuthentication.Tests\bin\Debug\net472\UserAuthentication.Tests.dll" adapterTypeName="executor://mstestadapter/v2" className="VideoOS.Common.UserAuthentication.Tests.VmoCredentialValidationTests" name="Validate_ShouldDoValidation_IfUserIsNotInTheCacheAndFirstOneToCall" />
    </UnitTest>
    <UnitTest name="Set_ShouldThrowArgumentException_IfIdIsNull" storage="d:\actions-runner\_work\xpco\xpco\common\userauthenticationcache\videoos.common.userauthentication.tests\bin\debug\net472\userauthentication.tests.dll" id="4bb83b4a-20a6-84e7-fc90-44e538804eaf">
      <Execution id="1815a5a5-b803-4000-a403-b7431b29d2e7" />
      <TestMethod codeBase="D:\actions-runner\_work\XPCO\XPCO\Common\UserAuthenticationCache\VideoOS.Common.UserAuthentication.Tests\bin\Debug\net472\UserAuthentication.Tests.dll" adapterTypeName="executor://mstestadapter/v2" className="VideoOS.Common.UserAuthentication.Tests.MemoryCacheWrapperTests" name="Set_ShouldThrowArgumentException_IfIdIsNull" />
    </UnitTest>
    <UnitTest name="Set_ShouldAddItemToTheCache" storage="d:\actions-runner\_work\xpco\xpco\common\userauthenticationcache\videoos.common.userauthentication.tests\bin\debug\net472\userauthentication.tests.dll" id="b67d0e96-ac1d-6ddb-4448-202833dad787">
      <Execution id="147673d3-06ab-4049-ae25-9d45351bd266" />
      <TestMethod codeBase="D:\actions-runner\_work\XPCO\XPCO\Common\UserAuthenticationCache\VideoOS.Common.UserAuthentication.Tests\bin\Debug\net472\UserAuthentication.Tests.dll" adapterTypeName="executor://mstestadapter/v2" className="VideoOS.Common.UserAuthentication.Tests.MemoryCacheWrapperTests" name="Set_ShouldAddItemToTheCache" />
    </UnitTest>
    <UnitTest name="Get_ShouldReturnNull_IfItemHasExpired" storage="d:\actions-runner\_work\xpco\xpco\common\userauthenticationcache\videoos.common.userauthentication.tests\bin\debug\net472\userauthentication.tests.dll" id="3041136a-8850-cbbc-610a-9acc3b7721d7">
      <Execution id="bae30de1-0a13-41bd-880f-53637c0fb531" />
      <TestMethod codeBase="D:\actions-runner\_work\XPCO\XPCO\Common\UserAuthenticationCache\VideoOS.Common.UserAuthentication.Tests\bin\Debug\net472\UserAuthentication.Tests.dll" adapterTypeName="executor://mstestadapter/v2" className="VideoOS.Common.UserAuthentication.Tests.MemoryCacheWrapperTests" name="Get_ShouldReturnNull_IfItemHasExpired" />
    </UnitTest>
    <UnitTest name="Get_ShouldExtendCredentialTimeout_IfReAuthenticationThrowsAnExceptionButCachedValueIsAuthenticated" storage="d:\actions-runner\_work\xpco\xpco\common\userauthenticationcache\videoos.common.userauthentication.tests\bin\debug\net472\userauthentication.tests.dll" id="ef741ab1-6018-5d9d-0191-8a29e831b88d">
      <Execution id="81eeccdc-c575-4b4c-8096-b8764f0265a0" />
      <TestMethod codeBase="D:\actions-runner\_work\XPCO\XPCO\Common\UserAuthenticationCache\VideoOS.Common.UserAuthentication.Tests\bin\Debug\net472\UserAuthentication.Tests.dll" adapterTypeName="executor://mstestadapter/v2" className="VideoOS.Common.UserAuthentication.Tests.CredentialsCacheTests" name="Get_ShouldExtendCredentialTimeout_IfReAuthenticationThrowsAnExceptionButCachedValueIsAuthenticated" />
    </UnitTest>
    <UnitTest name="Get_ShouldThrowArgumentException_IfEmptyStringIsProvided" storage="d:\actions-runner\_work\xpco\xpco\common\userauthenticationcache\videoos.common.userauthentication.tests\bin\debug\net472\userauthentication.tests.dll" id="2b644271-3fb1-047c-a951-c52d0f964641">
      <Execution id="d0228348-2d8f-4950-9bcb-1d67201617fa" />
      <TestMethod codeBase="D:\actions-runner\_work\XPCO\XPCO\Common\UserAuthenticationCache\VideoOS.Common.UserAuthentication.Tests\bin\Debug\net472\UserAuthentication.Tests.dll" adapterTypeName="executor://mstestadapter/v2" className="VideoOS.Common.UserAuthentication.Tests.MemoryCacheWrapperTests" name="Get_ShouldThrowArgumentException_IfEmptyStringIsProvided" />
    </UnitTest>
    <UnitTest name="IsActiveDirectoryUser_UserIsBasicUser_ThrowsException" storage="d:\actions-runner\_work\xpco\xpco\common\userauthenticationcache\videoos.common.userauthentication.tests\bin\debug\net472\userauthentication.tests.dll" id="d305fdbe-d420-6fd1-9278-4144872358ea">
      <Execution id="73b2d015-d9b6-4457-9c32-a9a7f9feadd7" />
      <TestMethod codeBase="D:\actions-runner\_work\XPCO\XPCO\Common\UserAuthenticationCache\VideoOS.Common.UserAuthentication.Tests\bin\Debug\net472\UserAuthentication.Tests.dll" adapterTypeName="executor://mstestadapter/v2" className="VideoOS.Common.UserAuthentication.Tests.Cache.ActiveDirectory.IdentityAccessorTests" name="IsActiveDirectoryUser_UserIsBasicUser_ThrowsException" />
    </UnitTest>
  </TestDefinitions>
  <TestEntries>
    <TestEntry testId="0c521cba-7b53-508e-7d9b-61615a63f8ef" executionId="a87dfb8e-7371-49ef-8cd2-4cd2f9e3f606" testListId="8c84fa94-04c1-424b-9868-57a2d4851a1d" />
    <TestEntry testId="2b0ffd07-9adb-988b-4a7d-4dac04a828e1" executionId="129e4404-d4af-40c0-92f3-c56247b78768" testListId="8c84fa94-04c1-424b-9868-57a2d4851a1d" />
    <TestEntry testId="31eb677b-88bd-5c26-4592-8630a72a3001" executionId="83f522d9-06d1-43e1-88b4-297bfc34b413" testListId="8c84fa94-04c1-424b-9868-57a2d4851a1d" />
    <TestEntry testId="0ee7fc3b-655e-2332-4fe9-9862816d6c7b" executionId="da589e65-b044-4fd7-a615-c0fae905f022" testListId="8c84fa94-04c1-424b-9868-57a2d4851a1d" />
    <TestEntry testId="d09148f6-ee54-36e0-1b55-82e9d1962fa9" executionId="2e1b55d1-ccc9-4986-9cca-3b9b1a66fe24" testListId="8c84fa94-04c1-424b-9868-57a2d4851a1d" />
    <TestEntry testId="88a3bb4f-8ae9-be94-4ee6-952d3131556d" executionId="f508305c-d6d2-4e29-8876-cc9e2ab635c0" testListId="8c84fa94-04c1-424b-9868-57a2d4851a1d" />
    <TestEntry testId="44cdd916-b515-00dc-3551-ce87c61d4f5e" executionId="b7313ee7-a5fe-443e-afa6-1b04288c7711" testListId="8c84fa94-04c1-424b-9868-57a2d4851a1d" />
    <TestEntry testId="172e0e14-3b60-7ada-ae7b-2152beade102" executionId="4dd13613-030a-44f0-b365-d3bd15cd4921" testListId="8c84fa94-04c1-424b-9868-57a2d4851a1d" />
    <TestEntry testId="8f3bbfdb-c556-9e11-2472-14154a93328d" executionId="24360b2b-7414-43c7-b1b1-3b0e913a0b1f" testListId="8c84fa94-04c1-424b-9868-57a2d4851a1d" />
    <TestEntry testId="20907b0a-4f7a-5b7b-02b9-83289ecbdb9c" executionId="4371b7a2-f7b1-4e3c-a365-96c1e8ba57b7" testListId="8c84fa94-04c1-424b-9868-57a2d4851a1d" />
    <TestEntry testId="d9fc5ab1-2e77-929c-a4b6-2008a16e7b0f" executionId="daaa1bcd-391e-44b6-a241-0f7b71f0f8c8" testListId="8c84fa94-04c1-424b-9868-57a2d4851a1d" />
    <TestEntry testId="81507db0-dc94-3380-e2f5-8c1b98cadef2" executionId="0fd7faa9-b3fb-4508-95ac-606700703230" testListId="8c84fa94-04c1-424b-9868-57a2d4851a1d" />
    <TestEntry testId="bcf4b34e-cecf-1e8b-c33d-944707f50108" executionId="53f08fce-cd00-40d7-904e-c774b45dd276" testListId="8c84fa94-04c1-424b-9868-57a2d4851a1d" />
    <TestEntry testId="94fe9b89-a5a8-f9fb-b6fe-8acd463b7fe2" executionId="c91b3989-cf28-49c7-abae-f81b349b646b" testListId="8c84fa94-04c1-424b-9868-57a2d4851a1d" />
    <TestEntry testId="47fa9b2a-0a03-92bd-545e-06c049818200" executionId="51409ab1-3c02-47d3-a7bd-3520f6f35f70" testListId="8c84fa94-04c1-424b-9868-57a2d4851a1d" />
    <TestEntry testId="d8b66cf9-ed50-cbf6-0cb9-1e27bc37f7ff" executionId="2ff522dd-ffb4-4fb6-adcf-30ea089e84db" testListId="8c84fa94-04c1-424b-9868-57a2d4851a1d" />
    <TestEntry testId="0fc36183-233a-6a20-b52e-bd75db29b340" executionId="688b3282-36b8-41e3-8022-2bcd73aa99e6" testListId="8c84fa94-04c1-424b-9868-57a2d4851a1d" />
    <TestEntry testId="35499b0a-56fa-1b02-9716-4c22fc692354" executionId="42b8663f-5ef3-47fc-8c6e-6d3c3e9b4baa" testListId="8c84fa94-04c1-424b-9868-57a2d4851a1d" />
    <TestEntry testId="2b644271-3fb1-047c-a951-c52d0f964641" executionId="d0228348-2d8f-4950-9bcb-1d67201617fa" testListId="8c84fa94-04c1-424b-9868-57a2d4851a1d" />
    <TestEntry testId="c5b2cc2f-bc48-fa1a-d042-4d43af0aed7f" executionId="4c531fef-2866-4068-abf8-166b4d994023" testListId="8c84fa94-04c1-424b-9868-57a2d4851a1d" />
    <TestEntry testId="55362ce8-e0ef-6d17-349c-ec66bcea75c0" executionId="50f3ca4f-e5b4-4f04-88d5-6eb7de87b1a7" testListId="8c84fa94-04c1-424b-9868-57a2d4851a1d" />
    <TestEntry testId="d305fdbe-d420-6fd1-9278-4144872358ea" executionId="73b2d015-d9b6-4457-9c32-a9a7f9feadd7" testListId="8c84fa94-04c1-424b-9868-57a2d4851a1d" />
    <TestEntry testId="6c091f0b-7e95-d83c-9e40-453d4b1dc1a2" executionId="a6b94ab2-b890-40a4-8403-d9418a36a2b9" testListId="8c84fa94-04c1-424b-9868-57a2d4851a1d" />
    <TestEntry testId="b67d0e96-ac1d-6ddb-4448-202833dad787" executionId="147673d3-06ab-4049-ae25-9d45351bd266" testListId="8c84fa94-04c1-424b-9868-57a2d4851a1d" />
    <TestEntry testId="5150e92c-ede9-6a2f-04fe-1614bee47471" executionId="c80244bd-4bdf-4688-a45b-03fbd413e9f2" testListId="8c84fa94-04c1-424b-9868-57a2d4851a1d" />
    <TestEntry testId="16398b66-a941-88e1-d4f7-3973f69063f6" executionId="8f9fd16d-c93a-4daf-9aea-b6c30aaf92db" testListId="8c84fa94-04c1-424b-9868-57a2d4851a1d" />
    <TestEntry testId="c585530e-7bce-0886-b039-bce325a0d8bc" executionId="174aec61-c4c1-4ea9-8dfc-80ec43c7afa3" testListId="8c84fa94-04c1-424b-9868-57a2d4851a1d" />
    <TestEntry testId="a89b844e-5090-7c96-37fb-e14dd243302a" executionId="bc2ddf22-8d8f-4417-8b6a-670264e890a0" testListId="8c84fa94-04c1-424b-9868-57a2d4851a1d" />
    <TestEntry testId="ef104436-1094-99bd-19ef-0ba4423dc7d4" executionId="fa4a0240-f92f-44b4-8fa9-e9e0db0a310c" testListId="8c84fa94-04c1-424b-9868-57a2d4851a1d" />
    <TestEntry testId="b35ee89c-0162-5b40-6e0f-b3a480eb5a6d" executionId="6f257c47-89cc-4e49-bb69-c98651c791c0" testListId="8c84fa94-04c1-424b-9868-57a2d4851a1d" />
    <TestEntry testId="84b268aa-a597-d516-e8be-95822a02f8e9" executionId="ac433fd1-846a-43f2-84f9-eb2b05062ee5" testListId="8c84fa94-04c1-424b-9868-57a2d4851a1d" />
    <TestEntry testId="489c510c-2012-dadd-1da4-9324f1519c3c" executionId="128de4a9-a2ef-4d36-9165-d396561b46d4" testListId="8c84fa94-04c1-424b-9868-57a2d4851a1d" />
    <TestEntry testId="d9deae24-7fd1-5344-fc16-501a9af6bea0" executionId="a2e4bf7f-399f-46d9-afa2-7eed0b889fd4" testListId="8c84fa94-04c1-424b-9868-57a2d4851a1d" />
    <TestEntry testId="9d09971d-60a5-f732-9b99-180470cffa91" executionId="93bdd23f-14d1-4fc0-95dd-1b2bccd7a43b" testListId="8c84fa94-04c1-424b-9868-57a2d4851a1d" />
    <TestEntry testId="597504d2-236d-8690-3190-798435539f89" executionId="b4174bdc-0af2-42fd-950d-f43f8dbd9bfd" testListId="8c84fa94-04c1-424b-9868-57a2d4851a1d" />
    <TestEntry testId="5485cb8c-008b-79d6-4081-d9c4ca8547a9" executionId="b5472eae-6c97-48d9-ba48-5ca13070ed07" testListId="8c84fa94-04c1-424b-9868-57a2d4851a1d" />
    <TestEntry testId="bed734a5-a7d4-4c5f-3c33-72d0073d7b84" executionId="92e24493-a375-4b36-b8d4-8851e40a21b9" testListId="8c84fa94-04c1-424b-9868-57a2d4851a1d" />
    <TestEntry testId="2beb5b32-acc0-2810-df0b-119d55e47935" executionId="b5008303-3773-456f-87e4-4d48b7825e89" testListId="8c84fa94-04c1-424b-9868-57a2d4851a1d" />
    <TestEntry testId="20515f01-4fe2-951b-0fb3-4a57a3131388" executionId="e58295b8-adbe-4d1f-ade9-45b9f52b2396" testListId="8c84fa94-04c1-424b-9868-57a2d4851a1d" />
    <TestEntry testId="55bdfb48-43ff-33a5-420e-010bdd98c80c" executionId="1c336eab-74c6-495b-8e7d-3031bd27b93a" testListId="8c84fa94-04c1-424b-9868-57a2d4851a1d" />
    <TestEntry testId="cfaef9df-b21a-814a-00b9-7cdf13d5efeb" executionId="5d2d531b-0713-450e-aa54-c94509ee90ee" testListId="8c84fa94-04c1-424b-9868-57a2d4851a1d" />
    <TestEntry testId="655ca919-f00f-0f85-3d41-ffba2bbb706e" executionId="1b2b89fa-c146-4a76-b6ad-b2c3e9fe6884" testListId="8c84fa94-04c1-424b-9868-57a2d4851a1d" />
    <TestEntry testId="2a83a1b3-f173-a8e4-86ba-cb5840adaf0c" executionId="cc0e29ed-96cc-4c7a-b50e-d28f212e8d94" testListId="8c84fa94-04c1-424b-9868-57a2d4851a1d" />
    <TestEntry testId="a7050fdc-c12d-9c46-8908-88c3de06a4a6" executionId="0e9b6c84-9f9f-4120-8025-762bc8dc09d3" testListId="8c84fa94-04c1-424b-9868-57a2d4851a1d" />
    <TestEntry testId="7333f3e9-01a7-bc5e-31a6-c42680f99fb6" executionId="c817e38c-a5a6-432b-99ed-2680501f100c" testListId="8c84fa94-04c1-424b-9868-57a2d4851a1d" />
    <TestEntry testId="d40d9eb9-686c-1e82-72ef-6b9f00889faf" executionId="f73f0755-5157-4c8f-ad06-eab8937bf735" testListId="8c84fa94-04c1-424b-9868-57a2d4851a1d" />
    <TestEntry testId="9515414d-23ea-9ad2-0b44-5c6aa177163f" executionId="f245815c-4520-4cf5-beab-158b567ad2fc" testListId="8c84fa94-04c1-424b-9868-57a2d4851a1d" />
    <TestEntry testId="3041136a-8850-cbbc-610a-9acc3b7721d7" executionId="bae30de1-0a13-41bd-880f-53637c0fb531" testListId="8c84fa94-04c1-424b-9868-57a2d4851a1d" />
    <TestEntry testId="d4b666e7-0719-beb7-4a76-1ac4a6f29682" executionId="df5ae1b5-99d6-4074-8a46-7ecd24add0bc" testListId="8c84fa94-04c1-424b-9868-57a2d4851a1d" />
    <TestEntry testId="e71cafef-8f62-32d2-91c8-b19f6ab98d06" executionId="9b0d18d3-12f6-401c-a4ee-0d83fd19fa0c" testListId="8c84fa94-04c1-424b-9868-57a2d4851a1d" />
    <TestEntry testId="47c6dd4d-d8d9-c0c0-e5f5-6858fc1eeb43" executionId="c4a8b503-bc83-462f-afbb-7a732302f8e0" testListId="8c84fa94-04c1-424b-9868-57a2d4851a1d" />
    <TestEntry testId="4bb83b4a-20a6-84e7-fc90-44e538804eaf" executionId="1815a5a5-b803-4000-a403-b7431b29d2e7" testListId="8c84fa94-04c1-424b-9868-57a2d4851a1d" />
    <TestEntry testId="9cb32065-664b-c58c-3e49-26236b7adc7b" executionId="c837c0f5-ec2c-4b81-aa9e-c47b4c2f3155" testListId="8c84fa94-04c1-424b-9868-57a2d4851a1d" />
    <TestEntry testId="ef741ab1-6018-5d9d-0191-8a29e831b88d" executionId="81eeccdc-c575-4b4c-8096-b8764f0265a0" testListId="8c84fa94-04c1-424b-9868-57a2d4851a1d" />
  </TestEntries>
  <TestLists>
    <TestList name="Results Not in a List" id="8c84fa94-04c1-424b-9868-57a2d4851a1d" />
    <TestList name="All Loaded Results" id="19431567-8539-422a-85d7-44ee4e166bda" />
  </TestLists>
  <ResultSummary outcome="Completed">
    <Counters total="54" executed="54" passed="54" failed="0" error="0" timeout="0" aborted="0" inconclusive="0" passedButRunAborted="0" notRunnable="0" notExecuted="0" disconnected="0" warning="0" completed="0" inProgress="0" pending="0" />
  </ResultSummary>
</TestRun>