<?xml version="1.0" encoding="utf-8"?>
<TestRun id="2811b081-33e6-4a6b-80eb-2dec0b602681" name="DKSR-EFI-06$@DKSR-EFI-06 2024-01-09 15:40:54" runUser="NT AUTHORITY\NETWORK SERVICE" xmlns="http://microsoft.com/schemas/VisualStudio/TeamTest/2010">
  <Times creation="2024-01-09T15:40:54.5234241+01:00" queuing="2024-01-09T15:40:54.5234241+01:00" start="2024-01-09T15:40:52.7890443+01:00" finish="2024-01-09T15:40:55.3984311+01:00" />
  <TestSettings name="default" id="d4c25a29-8163-4173-a894-ccd785ec5e95">
    <Deployment runDeploymentRoot="DKSR-EFI-06$_DKSR-EFI-06_2024-01-09_15_40_54" />
  </TestSettings>
  <Results>
    <UnitTestResult executionId="66230fa3-d831-4aed-9772-2ca1d37254b9" testId="c19e8198-3779-27fa-d0fa-ec0c2478b042" testName="WhenSelectingTheNextPagePaginationShouldBeUpdated (35,20)" computerName="DKSR-EFI-06" duration="00:00:00.0002814" startTime="2024-01-09T15:40:55.0390523+01:00" endTime="2024-01-09T15:40:55.0390523+01:00" testType="13cdc9d9-ddb5-4fa4-a97d-d965ccfc6d4b" outcome="Passed" testListId="8c84fa94-04c1-424b-9868-57a2d4851a1d" relativeResultsDirectory="66230fa3-d831-4aed-9772-2ca1d37254b9" />
    <UnitTestResult executionId="cafd10ed-e910-4cc3-9454-adf7e7ed35f0" testId="1a936470-4d98-c4d0-2183-a3967097408e" testName="WhenTextFilterIsAppliedVisibleDevicesShouldBeUpdated (53,10,5)" computerName="DKSR-EFI-06" duration="00:00:00.0011416" startTime="2024-01-09T15:40:55.0390523+01:00" endTime="2024-01-09T15:40:55.0390523+01:00" testType="13cdc9d9-ddb5-4fa4-a97d-d965ccfc6d4b" outcome="Passed" testListId="8c84fa94-04c1-424b-9868-57a2d4851a1d" relativeResultsDirectory="cafd10ed-e910-4cc3-9454-adf7e7ed35f0" />
    <UnitTestResult executionId="c9c5f660-8ad8-4949-9b6f-3e7807f3804f" testId="396a48bd-e57f-68ac-d325-4b04f8a62bdf" testName="WhenTextFilterIsAppliedVisibleDevicesShouldBeUpdated (0,20,0)" computerName="DKSR-EFI-06" duration="00:00:00.0019411" startTime="2024-01-09T15:40:55.0234275+01:00" endTime="2024-01-09T15:40:55.0390523+01:00" testType="13cdc9d9-ddb5-4fa4-a97d-d965ccfc6d4b" outcome="Passed" testListId="8c84fa94-04c1-424b-9868-57a2d4851a1d" relativeResultsDirectory="c9c5f660-8ad8-4949-9b6f-3e7807f3804f" />
    <UnitTestResult executionId="e5cc49fa-4aae-45eb-8418-f55606527f00" testId="98be5e79-0db8-6ea1-b6fa-392d93e6d47c" testName="WhenCreatedWithoutLicensedDevicesItShouldHaveInitialEmptyStatus" computerName="DKSR-EFI-06" duration="00:00:00.0094706" startTime="2024-01-09T15:40:54.7265512+01:00" endTime="2024-01-09T15:40:54.7421779+01:00" testType="13cdc9d9-ddb5-4fa4-a97d-d965ccfc6d4b" outcome="Passed" testListId="8c84fa94-04c1-424b-9868-57a2d4851a1d" relativeResultsDirectory="e5cc49fa-4aae-45eb-8418-f55606527f00" />
    <UnitTestResult executionId="3f1dab24-f2e2-41f2-b74f-67331072eabf" testId="a8313718-626a-f6ce-ecf7-b543d67124d4" testName="WhenTheFirstPageIsSelectedItShouldShowMaximumPageRangeDevices (50,20)" computerName="DKSR-EFI-06" duration="00:00:00.0004342" startTime="2024-01-09T15:40:55.0390523+01:00" endTime="2024-01-09T15:40:55.0390523+01:00" testType="13cdc9d9-ddb5-4fa4-a97d-d965ccfc6d4b" outcome="Passed" testListId="8c84fa94-04c1-424b-9868-57a2d4851a1d" relativeResultsDirectory="3f1dab24-f2e2-41f2-b74f-67331072eabf" />
    <UnitTestResult executionId="9ee5ae69-58b8-4e50-93c0-94b8b5399682" testId="790989b0-7e1e-5ac3-c4f1-400cafc19381" testName="WhenThereAreNoLicensesAvailableItShouldNotAllowToAddDevices" computerName="DKSR-EFI-06" duration="00:00:00.4593165" startTime="2024-01-09T15:40:54.2734237+01:00" endTime="2024-01-09T15:40:54.7265512+01:00" testType="13cdc9d9-ddb5-4fa4-a97d-d965ccfc6d4b" outcome="Passed" testListId="8c84fa94-04c1-424b-9868-57a2d4851a1d" relativeResultsDirectory="9ee5ae69-58b8-4e50-93c0-94b8b5399682" />
    <UnitTestResult executionId="b758d667-9d97-40ab-b4e2-85cecda58956" testId="3a1c999b-0838-289d-c0b1-7b6dde3862fe" testName="WhenFilterIsAppliedItShouldShowOnlyMatchingDevices (53,10,5,10)" computerName="DKSR-EFI-06" duration="00:00:00.0033926" startTime="2024-01-09T15:40:55.0234275+01:00" endTime="2024-01-09T15:40:55.0234275+01:00" testType="13cdc9d9-ddb5-4fa4-a97d-d965ccfc6d4b" outcome="Passed" testListId="8c84fa94-04c1-424b-9868-57a2d4851a1d" relativeResultsDirectory="b758d667-9d97-40ab-b4e2-85cecda58956" />
    <UnitTestResult executionId="de7546c3-1464-4c53-b2b1-abee939fb5da" testId="f68eda5d-f731-5121-2edd-a38c99bb6f7b" testName="WhenCreatedWithLicensedDevicesItShouldHaveAddedDevices" computerName="DKSR-EFI-06" duration="00:00:00.0093063" startTime="2024-01-09T15:40:54.7421779+01:00" endTime="2024-01-09T15:40:54.7577989+01:00" testType="13cdc9d9-ddb5-4fa4-a97d-d965ccfc6d4b" outcome="Passed" testListId="8c84fa94-04c1-424b-9868-57a2d4851a1d" relativeResultsDirectory="de7546c3-1464-4c53-b2b1-abee939fb5da" />
    <UnitTestResult executionId="bc2da002-bd5c-4292-a524-a2a4b6fb3cc2" testId="2cb30eef-1870-d575-10f3-d539e2b0b4f9" testName="WhenFilterIsAppliedItShouldShowOnlyMatchingDevices (35,20,20,20)" computerName="DKSR-EFI-06" duration="00:00:00.0006593" startTime="2024-01-09T15:40:55.0234275+01:00" endTime="2024-01-09T15:40:55.0234275+01:00" testType="13cdc9d9-ddb5-4fa4-a97d-d965ccfc6d4b" outcome="Passed" testListId="8c84fa94-04c1-424b-9868-57a2d4851a1d" relativeResultsDirectory="bc2da002-bd5c-4292-a524-a2a4b6fb3cc2" />
    <UnitTestResult executionId="82d86503-d900-48cd-8be2-0479ba56e2f5" testId="dadbab6e-5664-3e8c-a422-2c434f57780d" testName="WhenSelectingTheNextPagePaginationShouldBeUpdated (100,50)" computerName="DKSR-EFI-06" duration="00:00:00.0004989" startTime="2024-01-09T15:40:55.0390523+01:00" endTime="2024-01-09T15:40:55.0390523+01:00" testType="13cdc9d9-ddb5-4fa4-a97d-d965ccfc6d4b" outcome="Passed" testListId="8c84fa94-04c1-424b-9868-57a2d4851a1d" relativeResultsDirectory="82d86503-d900-48cd-8be2-0479ba56e2f5" />
    <UnitTestResult executionId="f34a6c9a-fe4f-415f-b2c3-dd7e92399abe" testId="077073b8-7a9a-ec2f-8971-2b7c1ffbfda3" testName="WhenThereAreMoreVisibleDevicesThanPageRangeTheFirstPageIsSelectedTheNextButtonShouldBeEnabledOnlyIf (0,10)" computerName="DKSR-EFI-06" duration="00:00:00.0011494" startTime="2024-01-09T15:40:55.0390523+01:00" endTime="2024-01-09T15:40:55.0390523+01:00" testType="13cdc9d9-ddb5-4fa4-a97d-d965ccfc6d4b" outcome="Passed" testListId="8c84fa94-04c1-424b-9868-57a2d4851a1d" relativeResultsDirectory="f34a6c9a-fe4f-415f-b2c3-dd7e92399abe" />
    <UnitTestResult executionId="54ea7a87-6365-4713-8d17-a6b472768b69" testId="1e34e79c-95a6-300f-cce4-f4c9f0637226" testName="WhenTheFirstPageIsSelectedItShouldShowMaximumPageRangeDevices (0,10)" computerName="DKSR-EFI-06" duration="00:00:00.0016372" startTime="2024-01-09T15:40:55.0390523+01:00" endTime="2024-01-09T15:40:55.0390523+01:00" testType="13cdc9d9-ddb5-4fa4-a97d-d965ccfc6d4b" outcome="Passed" testListId="8c84fa94-04c1-424b-9868-57a2d4851a1d" relativeResultsDirectory="54ea7a87-6365-4713-8d17-a6b472768b69" />
    <UnitTestResult executionId="2833d324-0e8c-4792-a00a-7e1de5adb7ab" testId="c8ffc574-1a63-10e2-3bc2-27dbff6707d0" testName="WhenFilterIsAppliedItShouldShowOnlyMatchingDevices (20,20,10,20)" computerName="DKSR-EFI-06" duration="00:00:00.0005525" startTime="2024-01-09T15:40:55.0234275+01:00" endTime="2024-01-09T15:40:55.0234275+01:00" testType="13cdc9d9-ddb5-4fa4-a97d-d965ccfc6d4b" outcome="Passed" testListId="8c84fa94-04c1-424b-9868-57a2d4851a1d" relativeResultsDirectory="2833d324-0e8c-4792-a00a-7e1de5adb7ab" />
    <UnitTestResult executionId="c15f4151-ead6-44d3-8229-9cfaed9a4db1" testId="1e94f983-e784-05db-996f-2885dea4d612" testName="WhenMultiplePagesArePresentItShouldShowOnlyDevicesInPangeRange (1434,20)" computerName="DKSR-EFI-06" duration="00:00:00.0149489" startTime="2024-01-09T15:40:55.0078016+01:00" endTime="2024-01-09T15:40:55.0234275+01:00" testType="13cdc9d9-ddb5-4fa4-a97d-d965ccfc6d4b" outcome="Passed" testListId="8c84fa94-04c1-424b-9868-57a2d4851a1d" relativeResultsDirectory="c15f4151-ead6-44d3-8229-9cfaed9a4db1" />
    <UnitTestResult executionId="315babd7-15fd-4f88-9b1f-7e19bf908f5a" testId="0c4cd7cd-17f3-c760-a3fd-f5ef7c9d2142" testName="WhenTextFilterIsAppliedVisibleDevicesShouldBeUpdated (100,50,99)" computerName="DKSR-EFI-06" duration="00:00:00.0007671" startTime="2024-01-09T15:40:55.0390523+01:00" endTime="2024-01-09T15:40:55.0390523+01:00" testType="13cdc9d9-ddb5-4fa4-a97d-d965ccfc6d4b" outcome="Passed" testListId="8c84fa94-04c1-424b-9868-57a2d4851a1d" relativeResultsDirectory="315babd7-15fd-4f88-9b1f-7e19bf908f5a" />
    <UnitTestResult executionId="0524e56f-8bdb-4ed2-8ad9-1b2b3f72b148" testId="657cab56-bb5a-9a53-5576-139e062b5839" testName="WhenMultiplePagesArePresentItShouldShowOnlyDevicesInPangeRange (100,10)" computerName="DKSR-EFI-06" duration="00:00:00.0006994" startTime="2024-01-09T15:40:55.0234275+01:00" endTime="2024-01-09T15:40:55.0234275+01:00" testType="13cdc9d9-ddb5-4fa4-a97d-d965ccfc6d4b" outcome="Passed" testListId="8c84fa94-04c1-424b-9868-57a2d4851a1d" relativeResultsDirectory="0524e56f-8bdb-4ed2-8ad9-1b2b3f72b148" />
    <UnitTestResult executionId="bbda1548-8043-4fe2-b527-60eb305e468a" testId="a0d21329-ad93-94a5-cbd5-4736ee5c736c" testName="WhenSavingItShouldCallAppropriateMethods" computerName="DKSR-EFI-06" duration="00:00:00.0732760" startTime="2024-01-09T15:40:55.0546780+01:00" endTime="2024-01-09T15:40:55.1328047+01:00" testType="13cdc9d9-ddb5-4fa4-a97d-d965ccfc6d4b" outcome="Passed" testListId="8c84fa94-04c1-424b-9868-57a2d4851a1d" relativeResultsDirectory="bbda1548-8043-4fe2-b527-60eb305e468a" />
    <UnitTestResult executionId="c93952b8-5ee5-486f-9a22-5ed9e7da29cf" testId="305e6a1c-9ffe-6bd5-483b-83f9262e2487" testName="WhenLicensedDevicesAreFilteredItShouldHaveOnlyTheAppropriateDevices" computerName="DKSR-EFI-06" duration="00:00:00.0027305" startTime="2024-01-09T15:40:54.7577989+01:00" endTime="2024-01-09T15:40:54.7577989+01:00" testType="13cdc9d9-ddb5-4fa4-a97d-d965ccfc6d4b" outcome="Passed" testListId="8c84fa94-04c1-424b-9868-57a2d4851a1d" relativeResultsDirectory="c93952b8-5ee5-486f-9a22-5ed9e7da29cf" />
    <UnitTestResult executionId="790e6a07-4bbb-45c5-88c5-73bd6e52d929" testId="de8c1493-d904-40ec-8e4c-f246653f48ba" testName="WhenTextFilterIsAppliedVisibleDevicesShouldBeUpdated (20,20,10)" computerName="DKSR-EFI-06" duration="00:00:00.0004422" startTime="2024-01-09T15:40:55.0390523+01:00" endTime="2024-01-09T15:40:55.0390523+01:00" testType="13cdc9d9-ddb5-4fa4-a97d-d965ccfc6d4b" outcome="Passed" testListId="8c84fa94-04c1-424b-9868-57a2d4851a1d" relativeResultsDirectory="790e6a07-4bbb-45c5-88c5-73bd6e52d929" />
    <UnitTestResult executionId="2b5318d7-13e9-41c9-83fd-db565d726474" testId="5627c755-f7b0-67f3-cc42-d0e26055f997" testName="WhenThereAreMoreDevicesThanAvailablePerPageItShouldAllowToPaginate" computerName="DKSR-EFI-06" duration="00:00:00.0022190" startTime="2024-01-09T15:40:55.0546780+01:00" endTime="2024-01-09T15:40:55.0546780+01:00" testType="13cdc9d9-ddb5-4fa4-a97d-d965ccfc6d4b" outcome="Passed" testListId="8c84fa94-04c1-424b-9868-57a2d4851a1d" relativeResultsDirectory="2b5318d7-13e9-41c9-83fd-db565d726474" />
    <UnitTestResult executionId="e0b0619c-c860-4d42-86c5-247d8494aef4" testId="c8128feb-07a5-8f7f-689f-842886b5d146" testName="WhenLicensedDeviceRowIsSelectedItShouldEnableRemoveButton" computerName="DKSR-EFI-06" duration="00:00:00.0016817" startTime="2024-01-09T15:40:54.7577989+01:00" endTime="2024-01-09T15:40:54.7577989+01:00" testType="13cdc9d9-ddb5-4fa4-a97d-d965ccfc6d4b" outcome="Passed" testListId="8c84fa94-04c1-424b-9868-57a2d4851a1d" relativeResultsDirectory="e0b0619c-c860-4d42-86c5-247d8494aef4" />
    <UnitTestResult executionId="c73d16ba-3dd5-4fca-af8f-631196c0800a" testId="b7b408cc-1085-35c7-1c6e-648d9a09c954" testName="WhenTextFilterIsAppliedVisibleDevicesShouldBeUpdated (35,20,20)" computerName="DKSR-EFI-06" duration="00:00:00.0003390" startTime="2024-01-09T15:40:55.0390523+01:00" endTime="2024-01-09T15:40:55.0390523+01:00" testType="13cdc9d9-ddb5-4fa4-a97d-d965ccfc6d4b" outcome="Passed" testListId="8c84fa94-04c1-424b-9868-57a2d4851a1d" relativeResultsDirectory="c73d16ba-3dd5-4fca-af8f-631196c0800a" />
    <UnitTestResult executionId="aa904eb1-22e5-4710-b9fb-5c546b51a823" testId="8db48f27-ca3f-2dbe-1439-422ff5e38236" testName="WhenSelectingTheNextPagePaginationShouldBeUpdated (53,10)" computerName="DKSR-EFI-06" duration="00:00:00.0020699" startTime="2024-01-09T15:40:55.0390523+01:00" endTime="2024-01-09T15:40:55.0390523+01:00" testType="13cdc9d9-ddb5-4fa4-a97d-d965ccfc6d4b" outcome="Passed" testListId="8c84fa94-04c1-424b-9868-57a2d4851a1d" relativeResultsDirectory="aa904eb1-22e5-4710-b9fb-5c546b51a823" />
    <UnitTestResult executionId="fb2fd75d-09d9-4e36-a41c-bb8c36fd3b21" testId="b290681b-b758-5127-48e9-c2fb0439a1f2" testName="WhenThereAreMoreVisibleDevicesThanPageRangeTheFirstPageIsSelectedTheNextButtonShouldBeEnabledOnlyIf (15,20)" computerName="DKSR-EFI-06" duration="00:00:00.0002928" startTime="2024-01-09T15:40:55.0546780+01:00" endTime="2024-01-09T15:40:55.0546780+01:00" testType="13cdc9d9-ddb5-4fa4-a97d-d965ccfc6d4b" outcome="Passed" testListId="8c84fa94-04c1-424b-9868-57a2d4851a1d" relativeResultsDirectory="fb2fd75d-09d9-4e36-a41c-bb8c36fd3b21" />
    <UnitTestResult executionId="7888422c-7324-4a5f-b6c2-c0f6e1546c2b" testId="5ca6ccab-5ef1-fb4e-5398-8e697dfd9565" testName="WhenTheFirstPageIsSelectedItShouldShowMaximumPageRangeDevices (15,20)" computerName="DKSR-EFI-06" duration="00:00:00.0004064" startTime="2024-01-09T15:40:55.0390523+01:00" endTime="2024-01-09T15:40:55.0390523+01:00" testType="13cdc9d9-ddb5-4fa4-a97d-d965ccfc6d4b" outcome="Passed" testListId="8c84fa94-04c1-424b-9868-57a2d4851a1d" relativeResultsDirectory="7888422c-7324-4a5f-b6c2-c0f6e1546c2b" />
    <UnitTestResult executionId="9ddbfdd1-a065-485a-a56a-183ac215fc9c" testId="26c767ef-1fff-a8df-d363-22d536672a4c" testName="WhenFilterIsAppliedItShouldShowOnlyMatchingDevices (100,50,99,100)" computerName="DKSR-EFI-06" duration="00:00:00.0021867" startTime="2024-01-09T15:40:55.0234275+01:00" endTime="2024-01-09T15:40:55.0234275+01:00" testType="13cdc9d9-ddb5-4fa4-a97d-d965ccfc6d4b" outcome="Passed" testListId="8c84fa94-04c1-424b-9868-57a2d4851a1d" relativeResultsDirectory="9ddbfdd1-a065-485a-a56a-183ac215fc9c" />
    <UnitTestResult executionId="16874745-4571-4708-82ef-64d3d259df53" testId="548ff99f-08f3-48aa-4dfd-1647196f714c" testName="WhenGettingInfoItShouldGetFallDetectionPluginInfo" computerName="DKSR-EFI-06" duration="00:00:00.0560950" startTime="2024-01-09T15:40:54.0702983+01:00" endTime="2024-01-09T15:40:54.2578006+01:00" testType="13cdc9d9-ddb5-4fa4-a97d-d965ccfc6d4b" outcome="Passed" testListId="8c84fa94-04c1-424b-9868-57a2d4851a1d" relativeResultsDirectory="16874745-4571-4708-82ef-64d3d259df53" />
    <UnitTestResult executionId="9056881b-accc-47d4-8907-0205349770c9" testId="7511dc5c-3891-a534-4e86-53c76ef50fb3" testName="WhenMultiplePagesArePresentItShouldShowOnlyDevicesInPangeRange (999,50)" computerName="DKSR-EFI-06" duration="00:00:00.1857242" startTime="2024-01-09T15:40:54.7577989+01:00" endTime="2024-01-09T15:40:55.0078016+01:00" testType="13cdc9d9-ddb5-4fa4-a97d-d965ccfc6d4b" outcome="Passed" testListId="8c84fa94-04c1-424b-9868-57a2d4851a1d" relativeResultsDirectory="9056881b-accc-47d4-8907-0205349770c9" />
    <UnitTestResult executionId="31bd0aac-808c-41c2-9e6d-33a37f03e819" testId="9166b0eb-6010-4682-2d41-16ca402d596c" testName="WhenSelectingTheNextPagePaginationShouldBeUpdated (21,20)" computerName="DKSR-EFI-06" duration="00:00:00.0002253" startTime="2024-01-09T15:40:55.0390523+01:00" endTime="2024-01-09T15:40:55.0390523+01:00" testType="13cdc9d9-ddb5-4fa4-a97d-d965ccfc6d4b" outcome="Passed" testListId="8c84fa94-04c1-424b-9868-57a2d4851a1d" relativeResultsDirectory="31bd0aac-808c-41c2-9e6d-33a37f03e819" />
    <UnitTestResult executionId="91f0c53f-9712-489a-bf19-e5712f55188f" testId="da6c9a56-5467-b10e-8886-239f224c32b7" testName="WhenMultiplePagesArePresentItShouldShowOnlyDevicesInPangeRange (76,20)" computerName="DKSR-EFI-06" duration="00:00:00.0006806" startTime="2024-01-09T15:40:55.0234275+01:00" endTime="2024-01-09T15:40:55.0234275+01:00" testType="13cdc9d9-ddb5-4fa4-a97d-d965ccfc6d4b" outcome="Passed" testListId="8c84fa94-04c1-424b-9868-57a2d4851a1d" relativeResultsDirectory="91f0c53f-9712-489a-bf19-e5712f55188f" />
    <UnitTestResult executionId="4069001b-4d0a-4192-9c3c-360102fcebf2" testId="b15b747d-eb9c-0d3e-a675-f2a95e187b41" testName="WhenTheFirstPageIsSelectedItShouldShowMaximumPageRangeDevices (20,20)" computerName="DKSR-EFI-06" duration="00:00:00.0002264" startTime="2024-01-09T15:40:55.0390523+01:00" endTime="2024-01-09T15:40:55.0390523+01:00" testType="13cdc9d9-ddb5-4fa4-a97d-d965ccfc6d4b" outcome="Passed" testListId="8c84fa94-04c1-424b-9868-57a2d4851a1d" relativeResultsDirectory="4069001b-4d0a-4192-9c3c-360102fcebf2" />
    <UnitTestResult executionId="79f9361e-c291-463c-b110-917b878a53fc" testId="cea7be78-c544-e40e-75f4-104fb60fd2a4" testName="WhenThereAreMoreVisibleDevicesThanPageRangeTheFirstPageIsSelectedTheNextButtonShouldBeEnabledOnlyIf (50,20)" computerName="DKSR-EFI-06" duration="00:00:00.0003895" startTime="2024-01-09T15:40:55.0546780+01:00" endTime="2024-01-09T15:40:55.0546780+01:00" testType="13cdc9d9-ddb5-4fa4-a97d-d965ccfc6d4b" outcome="Passed" testListId="8c84fa94-04c1-424b-9868-57a2d4851a1d" relativeResultsDirectory="79f9361e-c291-463c-b110-917b878a53fc" />
    <UnitTestResult executionId="b6347eb2-b152-4e27-b5a1-9891507310f5" testId="e5379c34-9e50-594e-e316-39ad93f35237" testName="WhenThereAreMoreVisibleDevicesThanPageRangeTheFirstPageIsSelectedTheNextButtonShouldBeEnabledOnlyIf (20,20)" computerName="DKSR-EFI-06" duration="00:00:00.0002562" startTime="2024-01-09T15:40:55.0546780+01:00" endTime="2024-01-09T15:40:55.0546780+01:00" testType="13cdc9d9-ddb5-4fa4-a97d-d965ccfc6d4b" outcome="Passed" testListId="8c84fa94-04c1-424b-9868-57a2d4851a1d" relativeResultsDirectory="b6347eb2-b152-4e27-b5a1-9891507310f5" />
  </Results>
  <TestDefinitions>
    <UnitTest name="WhenThereAreNoLicensesAvailableItShouldNotAllowToAddDevices" storage="d:\actions-runner\_work\xpco\xpco\addons\verticals\healthcare\tst\videoos.verticals.healthcare.mc.unittests\bin\x64\debug\net472\videoos.verticals.healthcare.mc.unittests.dll" id="790989b0-7e1e-5ac3-c4f1-400cafc19381">
      <Execution id="9ee5ae69-58b8-4e50-93c0-94b8b5399682" />
      <TestMethod codeBase="D:\actions-runner\_work\XPCO\XPCO\AddOns\Verticals\Healthcare\tst\VideoOS.Verticals.Healthcare.MC.UnitTests\bin\x64\Debug\net472\VideoOS.Verticals.Healthcare.MC.UnitTests.dll" adapterTypeName="executor://mstestadapter/v2" className="VideoOS.Verticals.Healthcare.MC.UnitTests.HospitalAssistConfigurationViewModelTests" name="WhenThereAreNoLicensesAvailableItShouldNotAllowToAddDevices" />
    </UnitTest>
    <UnitTest name="WhenCreatedWithoutLicensedDevicesItShouldHaveInitialEmptyStatus" storage="d:\actions-runner\_work\xpco\xpco\addons\verticals\healthcare\tst\videoos.verticals.healthcare.mc.unittests\bin\x64\debug\net472\videoos.verticals.healthcare.mc.unittests.dll" id="98be5e79-0db8-6ea1-b6fa-392d93e6d47c">
      <Execution id="e5cc49fa-4aae-45eb-8418-f55606527f00" />
      <TestMethod codeBase="D:\actions-runner\_work\XPCO\XPCO\AddOns\Verticals\Healthcare\tst\VideoOS.Verticals.Healthcare.MC.UnitTests\bin\x64\Debug\net472\VideoOS.Verticals.Healthcare.MC.UnitTests.dll" adapterTypeName="executor://mstestadapter/v2" className="VideoOS.Verticals.Healthcare.MC.UnitTests.HospitalAssistConfigurationViewModelTests" name="WhenCreatedWithoutLicensedDevicesItShouldHaveInitialEmptyStatus" />
    </UnitTest>
    <UnitTest name="WhenMultiplePagesArePresentItShouldShowOnlyDevicesInPangeRange (100,10)" storage="d:\actions-runner\_work\xpco\xpco\addons\verticals\healthcare\tst\videoos.verticals.healthcare.mc.unittests\bin\x64\debug\net472\videoos.verticals.healthcare.mc.unittests.dll" id="657cab56-bb5a-9a53-5576-139e062b5839">
      <Execution id="0524e56f-8bdb-4ed2-8ad9-1b2b3f72b148" />
      <TestMethod codeBase="D:\actions-runner\_work\XPCO\XPCO\AddOns\Verticals\Healthcare\tst\VideoOS.Verticals.Healthcare.MC.UnitTests\bin\x64\Debug\net472\VideoOS.Verticals.Healthcare.MC.UnitTests.dll" adapterTypeName="executor://mstestadapter/v2" className="VideoOS.Verticals.Healthcare.MC.UnitTests.HospitalAssistConfigurationViewModelTests" name="WhenMultiplePagesArePresentItShouldShowOnlyDevicesInPangeRange" />
    </UnitTest>
    <UnitTest name="WhenTheFirstPageIsSelectedItShouldShowMaximumPageRangeDevices (0,10)" storage="d:\actions-runner\_work\xpco\xpco\addons\verticals\healthcare\tst\videoos.verticals.healthcare.mc.unittests\bin\x64\debug\net472\videoos.verticals.healthcare.mc.unittests.dll" id="1e34e79c-95a6-300f-cce4-f4c9f0637226">
      <Execution id="54ea7a87-6365-4713-8d17-a6b472768b69" />
      <TestMethod codeBase="D:\actions-runner\_work\XPCO\XPCO\AddOns\Verticals\Healthcare\tst\VideoOS.Verticals.Healthcare.MC.UnitTests\bin\x64\Debug\net472\VideoOS.Verticals.Healthcare.MC.UnitTests.dll" adapterTypeName="executor://mstestadapter/v2" className="VideoOS.Verticals.Healthcare.MC.UnitTests.HospitalAssistConfigurationViewModelTests" name="WhenTheFirstPageIsSelectedItShouldShowMaximumPageRangeDevices" />
    </UnitTest>
    <UnitTest name="WhenThereAreMoreDevicesThanAvailablePerPageItShouldAllowToPaginate" storage="d:\actions-runner\_work\xpco\xpco\addons\verticals\healthcare\tst\videoos.verticals.healthcare.mc.unittests\bin\x64\debug\net472\videoos.verticals.healthcare.mc.unittests.dll" id="5627c755-f7b0-67f3-cc42-d0e26055f997">
      <Execution id="2b5318d7-13e9-41c9-83fd-db565d726474" />
      <TestMethod codeBase="D:\actions-runner\_work\XPCO\XPCO\AddOns\Verticals\Healthcare\tst\VideoOS.Verticals.Healthcare.MC.UnitTests\bin\x64\Debug\net472\VideoOS.Verticals.Healthcare.MC.UnitTests.dll" adapterTypeName="executor://mstestadapter/v2" className="VideoOS.Verticals.Healthcare.MC.UnitTests.HospitalAssistConfigurationViewModelTests" name="WhenThereAreMoreDevicesThanAvailablePerPageItShouldAllowToPaginate" />
    </UnitTest>
    <UnitTest name="WhenFilterIsAppliedItShouldShowOnlyMatchingDevices (53,10,5,10)" storage="d:\actions-runner\_work\xpco\xpco\addons\verticals\healthcare\tst\videoos.verticals.healthcare.mc.unittests\bin\x64\debug\net472\videoos.verticals.healthcare.mc.unittests.dll" id="3a1c999b-0838-289d-c0b1-7b6dde3862fe">
      <Execution id="b758d667-9d97-40ab-b4e2-85cecda58956" />
      <TestMethod codeBase="D:\actions-runner\_work\XPCO\XPCO\AddOns\Verticals\Healthcare\tst\VideoOS.Verticals.Healthcare.MC.UnitTests\bin\x64\Debug\net472\VideoOS.Verticals.Healthcare.MC.UnitTests.dll" adapterTypeName="executor://mstestadapter/v2" className="VideoOS.Verticals.Healthcare.MC.UnitTests.HospitalAssistConfigurationViewModelTests" name="WhenFilterIsAppliedItShouldShowOnlyMatchingDevices" />
    </UnitTest>
    <UnitTest name="WhenCreatedWithLicensedDevicesItShouldHaveAddedDevices" storage="d:\actions-runner\_work\xpco\xpco\addons\verticals\healthcare\tst\videoos.verticals.healthcare.mc.unittests\bin\x64\debug\net472\videoos.verticals.healthcare.mc.unittests.dll" id="f68eda5d-f731-5121-2edd-a38c99bb6f7b">
      <Execution id="de7546c3-1464-4c53-b2b1-abee939fb5da" />
      <TestMethod codeBase="D:\actions-runner\_work\XPCO\XPCO\AddOns\Verticals\Healthcare\tst\VideoOS.Verticals.Healthcare.MC.UnitTests\bin\x64\Debug\net472\VideoOS.Verticals.Healthcare.MC.UnitTests.dll" adapterTypeName="executor://mstestadapter/v2" className="VideoOS.Verticals.Healthcare.MC.UnitTests.HospitalAssistConfigurationViewModelTests" name="WhenCreatedWithLicensedDevicesItShouldHaveAddedDevices" />
    </UnitTest>
    <UnitTest name="WhenSelectingTheNextPagePaginationShouldBeUpdated (21,20)" storage="d:\actions-runner\_work\xpco\xpco\addons\verticals\healthcare\tst\videoos.verticals.healthcare.mc.unittests\bin\x64\debug\net472\videoos.verticals.healthcare.mc.unittests.dll" id="9166b0eb-6010-4682-2d41-16ca402d596c">
      <Execution id="31bd0aac-808c-41c2-9e6d-33a37f03e819" />
      <TestMethod codeBase="D:\actions-runner\_work\XPCO\XPCO\AddOns\Verticals\Healthcare\tst\VideoOS.Verticals.Healthcare.MC.UnitTests\bin\x64\Debug\net472\VideoOS.Verticals.Healthcare.MC.UnitTests.dll" adapterTypeName="executor://mstestadapter/v2" className="VideoOS.Verticals.Healthcare.MC.UnitTests.HospitalAssistConfigurationViewModelTests" name="WhenSelectingTheNextPagePaginationShouldBeUpdated" />
    </UnitTest>
    <UnitTest name="WhenMultiplePagesArePresentItShouldShowOnlyDevicesInPangeRange (1434,20)" storage="d:\actions-runner\_work\xpco\xpco\addons\verticals\healthcare\tst\videoos.verticals.healthcare.mc.unittests\bin\x64\debug\net472\videoos.verticals.healthcare.mc.unittests.dll" id="1e94f983-e784-05db-996f-2885dea4d612">
      <Execution id="c15f4151-ead6-44d3-8229-9cfaed9a4db1" />
      <TestMethod codeBase="D:\actions-runner\_work\XPCO\XPCO\AddOns\Verticals\Healthcare\tst\VideoOS.Verticals.Healthcare.MC.UnitTests\bin\x64\Debug\net472\VideoOS.Verticals.Healthcare.MC.UnitTests.dll" adapterTypeName="executor://mstestadapter/v2" className="VideoOS.Verticals.Healthcare.MC.UnitTests.HospitalAssistConfigurationViewModelTests" name="WhenMultiplePagesArePresentItShouldShowOnlyDevicesInPangeRange" />
    </UnitTest>
    <UnitTest name="WhenThereAreMoreVisibleDevicesThanPageRangeTheFirstPageIsSelectedTheNextButtonShouldBeEnabledOnlyIf (50,20)" storage="d:\actions-runner\_work\xpco\xpco\addons\verticals\healthcare\tst\videoos.verticals.healthcare.mc.unittests\bin\x64\debug\net472\videoos.verticals.healthcare.mc.unittests.dll" id="cea7be78-c544-e40e-75f4-104fb60fd2a4">
      <Execution id="79f9361e-c291-463c-b110-917b878a53fc" />
      <TestMethod codeBase="D:\actions-runner\_work\XPCO\XPCO\AddOns\Verticals\Healthcare\tst\VideoOS.Verticals.Healthcare.MC.UnitTests\bin\x64\Debug\net472\VideoOS.Verticals.Healthcare.MC.UnitTests.dll" adapterTypeName="executor://mstestadapter/v2" className="VideoOS.Verticals.Healthcare.MC.UnitTests.HospitalAssistConfigurationViewModelTests" name="WhenThereAreMoreVisibleDevicesThanPageRangeTheFirstPageIsSelectedTheNextButtonShouldBeEnabledOnlyIf" />
    </UnitTest>
    <UnitTest name="WhenTextFilterIsAppliedVisibleDevicesShouldBeUpdated (53,10,5)" storage="d:\actions-runner\_work\xpco\xpco\addons\verticals\healthcare\tst\videoos.verticals.healthcare.mc.unittests\bin\x64\debug\net472\videoos.verticals.healthcare.mc.unittests.dll" id="1a936470-4d98-c4d0-2183-a3967097408e">
      <Execution id="cafd10ed-e910-4cc3-9454-adf7e7ed35f0" />
      <TestMethod codeBase="D:\actions-runner\_work\XPCO\XPCO\AddOns\Verticals\Healthcare\tst\VideoOS.Verticals.Healthcare.MC.UnitTests\bin\x64\Debug\net472\VideoOS.Verticals.Healthcare.MC.UnitTests.dll" adapterTypeName="executor://mstestadapter/v2" className="VideoOS.Verticals.Healthcare.MC.UnitTests.HospitalAssistConfigurationViewModelTests" name="WhenTextFilterIsAppliedVisibleDevicesShouldBeUpdated" />
    </UnitTest>
    <UnitTest name="WhenMultiplePagesArePresentItShouldShowOnlyDevicesInPangeRange (999,50)" storage="d:\actions-runner\_work\xpco\xpco\addons\verticals\healthcare\tst\videoos.verticals.healthcare.mc.unittests\bin\x64\debug\net472\videoos.verticals.healthcare.mc.unittests.dll" id="7511dc5c-3891-a534-4e86-53c76ef50fb3">
      <Execution id="9056881b-accc-47d4-8907-0205349770c9" />
      <TestMethod codeBase="D:\actions-runner\_work\XPCO\XPCO\AddOns\Verticals\Healthcare\tst\VideoOS.Verticals.Healthcare.MC.UnitTests\bin\x64\Debug\net472\VideoOS.Verticals.Healthcare.MC.UnitTests.dll" adapterTypeName="executor://mstestadapter/v2" className="VideoOS.Verticals.Healthcare.MC.UnitTests.HospitalAssistConfigurationViewModelTests" name="WhenMultiplePagesArePresentItShouldShowOnlyDevicesInPangeRange" />
    </UnitTest>
    <UnitTest name="WhenTextFilterIsAppliedVisibleDevicesShouldBeUpdated (35,20,20)" storage="d:\actions-runner\_work\xpco\xpco\addons\verticals\healthcare\tst\videoos.verticals.healthcare.mc.unittests\bin\x64\debug\net472\videoos.verticals.healthcare.mc.unittests.dll" id="b7b408cc-1085-35c7-1c6e-648d9a09c954">
      <Execution id="c73d16ba-3dd5-4fca-af8f-631196c0800a" />
      <TestMethod codeBase="D:\actions-runner\_work\XPCO\XPCO\AddOns\Verticals\Healthcare\tst\VideoOS.Verticals.Healthcare.MC.UnitTests\bin\x64\Debug\net472\VideoOS.Verticals.Healthcare.MC.UnitTests.dll" adapterTypeName="executor://mstestadapter/v2" className="VideoOS.Verticals.Healthcare.MC.UnitTests.HospitalAssistConfigurationViewModelTests" name="WhenTextFilterIsAppliedVisibleDevicesShouldBeUpdated" />
    </UnitTest>
    <UnitTest name="WhenTextFilterIsAppliedVisibleDevicesShouldBeUpdated (20,20,10)" storage="d:\actions-runner\_work\xpco\xpco\addons\verticals\healthcare\tst\videoos.verticals.healthcare.mc.unittests\bin\x64\debug\net472\videoos.verticals.healthcare.mc.unittests.dll" id="de8c1493-d904-40ec-8e4c-f246653f48ba">
      <Execution id="790e6a07-4bbb-45c5-88c5-73bd6e52d929" />
      <TestMethod codeBase="D:\actions-runner\_work\XPCO\XPCO\AddOns\Verticals\Healthcare\tst\VideoOS.Verticals.Healthcare.MC.UnitTests\bin\x64\Debug\net472\VideoOS.Verticals.Healthcare.MC.UnitTests.dll" adapterTypeName="executor://mstestadapter/v2" className="VideoOS.Verticals.Healthcare.MC.UnitTests.HospitalAssistConfigurationViewModelTests" name="WhenTextFilterIsAppliedVisibleDevicesShouldBeUpdated" />
    </UnitTest>
    <UnitTest name="WhenSavingItShouldCallAppropriateMethods" storage="d:\actions-runner\_work\xpco\xpco\addons\verticals\healthcare\tst\videoos.verticals.healthcare.mc.unittests\bin\x64\debug\net472\videoos.verticals.healthcare.mc.unittests.dll" id="a0d21329-ad93-94a5-cbd5-4736ee5c736c">
      <Execution id="bbda1548-8043-4fe2-b527-60eb305e468a" />
      <TestMethod codeBase="D:\actions-runner\_work\XPCO\XPCO\AddOns\Verticals\Healthcare\tst\VideoOS.Verticals.Healthcare.MC.UnitTests\bin\x64\Debug\net472\VideoOS.Verticals.Healthcare.MC.UnitTests.dll" adapterTypeName="executor://mstestadapter/v2" className="VideoOS.Verticals.Healthcare.MC.UnitTests.HospitalAssistConfigurationViewModelTests" name="WhenSavingItShouldCallAppropriateMethods" />
    </UnitTest>
    <UnitTest name="WhenMultiplePagesArePresentItShouldShowOnlyDevicesInPangeRange (76,20)" storage="d:\actions-runner\_work\xpco\xpco\addons\verticals\healthcare\tst\videoos.verticals.healthcare.mc.unittests\bin\x64\debug\net472\videoos.verticals.healthcare.mc.unittests.dll" id="da6c9a56-5467-b10e-8886-239f224c32b7">
      <Execution id="91f0c53f-9712-489a-bf19-e5712f55188f" />
      <TestMethod codeBase="D:\actions-runner\_work\XPCO\XPCO\AddOns\Verticals\Healthcare\tst\VideoOS.Verticals.Healthcare.MC.UnitTests\bin\x64\Debug\net472\VideoOS.Verticals.Healthcare.MC.UnitTests.dll" adapterTypeName="executor://mstestadapter/v2" className="VideoOS.Verticals.Healthcare.MC.UnitTests.HospitalAssistConfigurationViewModelTests" name="WhenMultiplePagesArePresentItShouldShowOnlyDevicesInPangeRange" />
    </UnitTest>
    <UnitTest name="WhenTheFirstPageIsSelectedItShouldShowMaximumPageRangeDevices (50,20)" storage="d:\actions-runner\_work\xpco\xpco\addons\verticals\healthcare\tst\videoos.verticals.healthcare.mc.unittests\bin\x64\debug\net472\videoos.verticals.healthcare.mc.unittests.dll" id="a8313718-626a-f6ce-ecf7-b543d67124d4">
      <Execution id="3f1dab24-f2e2-41f2-b74f-67331072eabf" />
      <TestMethod codeBase="D:\actions-runner\_work\XPCO\XPCO\AddOns\Verticals\Healthcare\tst\VideoOS.Verticals.Healthcare.MC.UnitTests\bin\x64\Debug\net472\VideoOS.Verticals.Healthcare.MC.UnitTests.dll" adapterTypeName="executor://mstestadapter/v2" className="VideoOS.Verticals.Healthcare.MC.UnitTests.HospitalAssistConfigurationViewModelTests" name="WhenTheFirstPageIsSelectedItShouldShowMaximumPageRangeDevices" />
    </UnitTest>
    <UnitTest name="WhenThereAreMoreVisibleDevicesThanPageRangeTheFirstPageIsSelectedTheNextButtonShouldBeEnabledOnlyIf (15,20)" storage="d:\actions-runner\_work\xpco\xpco\addons\verticals\healthcare\tst\videoos.verticals.healthcare.mc.unittests\bin\x64\debug\net472\videoos.verticals.healthcare.mc.unittests.dll" id="b290681b-b758-5127-48e9-c2fb0439a1f2">
      <Execution id="fb2fd75d-09d9-4e36-a41c-bb8c36fd3b21" />
      <TestMethod codeBase="D:\actions-runner\_work\XPCO\XPCO\AddOns\Verticals\Healthcare\tst\VideoOS.Verticals.Healthcare.MC.UnitTests\bin\x64\Debug\net472\VideoOS.Verticals.Healthcare.MC.UnitTests.dll" adapterTypeName="executor://mstestadapter/v2" className="VideoOS.Verticals.Healthcare.MC.UnitTests.HospitalAssistConfigurationViewModelTests" name="WhenThereAreMoreVisibleDevicesThanPageRangeTheFirstPageIsSelectedTheNextButtonShouldBeEnabledOnlyIf" />
    </UnitTest>
    <UnitTest name="WhenLicensedDeviceRowIsSelectedItShouldEnableRemoveButton" storage="d:\actions-runner\_work\xpco\xpco\addons\verticals\healthcare\tst\videoos.verticals.healthcare.mc.unittests\bin\x64\debug\net472\videoos.verticals.healthcare.mc.unittests.dll" id="c8128feb-07a5-8f7f-689f-842886b5d146">
      <Execution id="e0b0619c-c860-4d42-86c5-247d8494aef4" />
      <TestMethod codeBase="D:\actions-runner\_work\XPCO\XPCO\AddOns\Verticals\Healthcare\tst\VideoOS.Verticals.Healthcare.MC.UnitTests\bin\x64\Debug\net472\VideoOS.Verticals.Healthcare.MC.UnitTests.dll" adapterTypeName="executor://mstestadapter/v2" className="VideoOS.Verticals.Healthcare.MC.UnitTests.HospitalAssistConfigurationViewModelTests" name="WhenLicensedDeviceRowIsSelectedItShouldEnableRemoveButton" />
    </UnitTest>
    <UnitTest name="WhenTheFirstPageIsSelectedItShouldShowMaximumPageRangeDevices (15,20)" storage="d:\actions-runner\_work\xpco\xpco\addons\verticals\healthcare\tst\videoos.verticals.healthcare.mc.unittests\bin\x64\debug\net472\videoos.verticals.healthcare.mc.unittests.dll" id="5ca6ccab-5ef1-fb4e-5398-8e697dfd9565">
      <Execution id="7888422c-7324-4a5f-b6c2-c0f6e1546c2b" />
      <TestMethod codeBase="D:\actions-runner\_work\XPCO\XPCO\AddOns\Verticals\Healthcare\tst\VideoOS.Verticals.Healthcare.MC.UnitTests\bin\x64\Debug\net472\VideoOS.Verticals.Healthcare.MC.UnitTests.dll" adapterTypeName="executor://mstestadapter/v2" className="VideoOS.Verticals.Healthcare.MC.UnitTests.HospitalAssistConfigurationViewModelTests" name="WhenTheFirstPageIsSelectedItShouldShowMaximumPageRangeDevices" />
    </UnitTest>
    <UnitTest name="WhenSelectingTheNextPagePaginationShouldBeUpdated (100,50)" storage="d:\actions-runner\_work\xpco\xpco\addons\verticals\healthcare\tst\videoos.verticals.healthcare.mc.unittests\bin\x64\debug\net472\videoos.verticals.healthcare.mc.unittests.dll" id="dadbab6e-5664-3e8c-a422-2c434f57780d">
      <Execution id="82d86503-d900-48cd-8be2-0479ba56e2f5" />
      <TestMethod codeBase="D:\actions-runner\_work\XPCO\XPCO\AddOns\Verticals\Healthcare\tst\VideoOS.Verticals.Healthcare.MC.UnitTests\bin\x64\Debug\net472\VideoOS.Verticals.Healthcare.MC.UnitTests.dll" adapterTypeName="executor://mstestadapter/v2" className="VideoOS.Verticals.Healthcare.MC.UnitTests.HospitalAssistConfigurationViewModelTests" name="WhenSelectingTheNextPagePaginationShouldBeUpdated" />
    </UnitTest>
    <UnitTest name="WhenThereAreMoreVisibleDevicesThanPageRangeTheFirstPageIsSelectedTheNextButtonShouldBeEnabledOnlyIf (20,20)" storage="d:\actions-runner\_work\xpco\xpco\addons\verticals\healthcare\tst\videoos.verticals.healthcare.mc.unittests\bin\x64\debug\net472\videoos.verticals.healthcare.mc.unittests.dll" id="e5379c34-9e50-594e-e316-39ad93f35237">
      <Execution id="b6347eb2-b152-4e27-b5a1-9891507310f5" />
      <TestMethod codeBase="D:\actions-runner\_work\XPCO\XPCO\AddOns\Verticals\Healthcare\tst\VideoOS.Verticals.Healthcare.MC.UnitTests\bin\x64\Debug\net472\VideoOS.Verticals.Healthcare.MC.UnitTests.dll" adapterTypeName="executor://mstestadapter/v2" className="VideoOS.Verticals.Healthcare.MC.UnitTests.HospitalAssistConfigurationViewModelTests" name="WhenThereAreMoreVisibleDevicesThanPageRangeTheFirstPageIsSelectedTheNextButtonShouldBeEnabledOnlyIf" />
    </UnitTest>
    <UnitTest name="WhenTextFilterIsAppliedVisibleDevicesShouldBeUpdated (100,50,99)" storage="d:\actions-runner\_work\xpco\xpco\addons\verticals\healthcare\tst\videoos.verticals.healthcare.mc.unittests\bin\x64\debug\net472\videoos.verticals.healthcare.mc.unittests.dll" id="0c4cd7cd-17f3-c760-a3fd-f5ef7c9d2142">
      <Execution id="315babd7-15fd-4f88-9b1f-7e19bf908f5a" />
      <TestMethod codeBase="D:\actions-runner\_work\XPCO\XPCO\AddOns\Verticals\Healthcare\tst\VideoOS.Verticals.Healthcare.MC.UnitTests\bin\x64\Debug\net472\VideoOS.Verticals.Healthcare.MC.UnitTests.dll" adapterTypeName="executor://mstestadapter/v2" className="VideoOS.Verticals.Healthcare.MC.UnitTests.HospitalAssistConfigurationViewModelTests" name="WhenTextFilterIsAppliedVisibleDevicesShouldBeUpdated" />
    </UnitTest>
    <UnitTest name="WhenGettingInfoItShouldGetFallDetectionPluginInfo" storage="d:\actions-runner\_work\xpco\xpco\addons\verticals\healthcare\tst\videoos.verticals.healthcare.mc.unittests\bin\x64\debug\net472\videoos.verticals.healthcare.mc.unittests.dll" id="548ff99f-08f3-48aa-4dfd-1647196f714c">
      <Execution id="16874745-4571-4708-82ef-64d3d259df53" />
      <TestMethod codeBase="D:\actions-runner\_work\XPCO\XPCO\AddOns\Verticals\Healthcare\tst\VideoOS.Verticals.Healthcare.MC.UnitTests\bin\x64\Debug\net472\VideoOS.Verticals.Healthcare.MC.UnitTests.dll" adapterTypeName="executor://mstestadapter/v2" className="VideoOS.Verticals.Healthcare.MC.UnitTests.FallDetectionAdminTests" name="WhenGettingInfoItShouldGetFallDetectionPluginInfo" />
    </UnitTest>
    <UnitTest name="WhenFilterIsAppliedItShouldShowOnlyMatchingDevices (100,50,99,100)" storage="d:\actions-runner\_work\xpco\xpco\addons\verticals\healthcare\tst\videoos.verticals.healthcare.mc.unittests\bin\x64\debug\net472\videoos.verticals.healthcare.mc.unittests.dll" id="26c767ef-1fff-a8df-d363-22d536672a4c">
      <Execution id="9ddbfdd1-a065-485a-a56a-183ac215fc9c" />
      <TestMethod codeBase="D:\actions-runner\_work\XPCO\XPCO\AddOns\Verticals\Healthcare\tst\VideoOS.Verticals.Healthcare.MC.UnitTests\bin\x64\Debug\net472\VideoOS.Verticals.Healthcare.MC.UnitTests.dll" adapterTypeName="executor://mstestadapter/v2" className="VideoOS.Verticals.Healthcare.MC.UnitTests.HospitalAssistConfigurationViewModelTests" name="WhenFilterIsAppliedItShouldShowOnlyMatchingDevices" />
    </UnitTest>
    <UnitTest name="WhenLicensedDevicesAreFilteredItShouldHaveOnlyTheAppropriateDevices" storage="d:\actions-runner\_work\xpco\xpco\addons\verticals\healthcare\tst\videoos.verticals.healthcare.mc.unittests\bin\x64\debug\net472\videoos.verticals.healthcare.mc.unittests.dll" id="305e6a1c-9ffe-6bd5-483b-83f9262e2487">
      <Execution id="c93952b8-5ee5-486f-9a22-5ed9e7da29cf" />
      <TestMethod codeBase="D:\actions-runner\_work\XPCO\XPCO\AddOns\Verticals\Healthcare\tst\VideoOS.Verticals.Healthcare.MC.UnitTests\bin\x64\Debug\net472\VideoOS.Verticals.Healthcare.MC.UnitTests.dll" adapterTypeName="executor://mstestadapter/v2" className="VideoOS.Verticals.Healthcare.MC.UnitTests.HospitalAssistConfigurationViewModelTests" name="WhenLicensedDevicesAreFilteredItShouldHaveOnlyTheAppropriateDevices" />
    </UnitTest>
    <UnitTest name="WhenFilterIsAppliedItShouldShowOnlyMatchingDevices (20,20,10,20)" storage="d:\actions-runner\_work\xpco\xpco\addons\verticals\healthcare\tst\videoos.verticals.healthcare.mc.unittests\bin\x64\debug\net472\videoos.verticals.healthcare.mc.unittests.dll" id="c8ffc574-1a63-10e2-3bc2-27dbff6707d0">
      <Execution id="2833d324-0e8c-4792-a00a-7e1de5adb7ab" />
      <TestMethod codeBase="D:\actions-runner\_work\XPCO\XPCO\AddOns\Verticals\Healthcare\tst\VideoOS.Verticals.Healthcare.MC.UnitTests\bin\x64\Debug\net472\VideoOS.Verticals.Healthcare.MC.UnitTests.dll" adapterTypeName="executor://mstestadapter/v2" className="VideoOS.Verticals.Healthcare.MC.UnitTests.HospitalAssistConfigurationViewModelTests" name="WhenFilterIsAppliedItShouldShowOnlyMatchingDevices" />
    </UnitTest>
    <UnitTest name="WhenTextFilterIsAppliedVisibleDevicesShouldBeUpdated (0,20,0)" storage="d:\actions-runner\_work\xpco\xpco\addons\verticals\healthcare\tst\videoos.verticals.healthcare.mc.unittests\bin\x64\debug\net472\videoos.verticals.healthcare.mc.unittests.dll" id="396a48bd-e57f-68ac-d325-4b04f8a62bdf">
      <Execution id="c9c5f660-8ad8-4949-9b6f-3e7807f3804f" />
      <TestMethod codeBase="D:\actions-runner\_work\XPCO\XPCO\AddOns\Verticals\Healthcare\tst\VideoOS.Verticals.Healthcare.MC.UnitTests\bin\x64\Debug\net472\VideoOS.Verticals.Healthcare.MC.UnitTests.dll" adapterTypeName="executor://mstestadapter/v2" className="VideoOS.Verticals.Healthcare.MC.UnitTests.HospitalAssistConfigurationViewModelTests" name="WhenTextFilterIsAppliedVisibleDevicesShouldBeUpdated" />
    </UnitTest>
    <UnitTest name="WhenSelectingTheNextPagePaginationShouldBeUpdated (53,10)" storage="d:\actions-runner\_work\xpco\xpco\addons\verticals\healthcare\tst\videoos.verticals.healthcare.mc.unittests\bin\x64\debug\net472\videoos.verticals.healthcare.mc.unittests.dll" id="8db48f27-ca3f-2dbe-1439-422ff5e38236">
      <Execution id="aa904eb1-22e5-4710-b9fb-5c546b51a823" />
      <TestMethod codeBase="D:\actions-runner\_work\XPCO\XPCO\AddOns\Verticals\Healthcare\tst\VideoOS.Verticals.Healthcare.MC.UnitTests\bin\x64\Debug\net472\VideoOS.Verticals.Healthcare.MC.UnitTests.dll" adapterTypeName="executor://mstestadapter/v2" className="VideoOS.Verticals.Healthcare.MC.UnitTests.HospitalAssistConfigurationViewModelTests" name="WhenSelectingTheNextPagePaginationShouldBeUpdated" />
    </UnitTest>
    <UnitTest name="WhenFilterIsAppliedItShouldShowOnlyMatchingDevices (35,20,20,20)" storage="d:\actions-runner\_work\xpco\xpco\addons\verticals\healthcare\tst\videoos.verticals.healthcare.mc.unittests\bin\x64\debug\net472\videoos.verticals.healthcare.mc.unittests.dll" id="2cb30eef-1870-d575-10f3-d539e2b0b4f9">
      <Execution id="bc2da002-bd5c-4292-a524-a2a4b6fb3cc2" />
      <TestMethod codeBase="D:\actions-runner\_work\XPCO\XPCO\AddOns\Verticals\Healthcare\tst\VideoOS.Verticals.Healthcare.MC.UnitTests\bin\x64\Debug\net472\VideoOS.Verticals.Healthcare.MC.UnitTests.dll" adapterTypeName="executor://mstestadapter/v2" className="VideoOS.Verticals.Healthcare.MC.UnitTests.HospitalAssistConfigurationViewModelTests" name="WhenFilterIsAppliedItShouldShowOnlyMatchingDevices" />
    </UnitTest>
    <UnitTest name="WhenThereAreMoreVisibleDevicesThanPageRangeTheFirstPageIsSelectedTheNextButtonShouldBeEnabledOnlyIf (0,10)" storage="d:\actions-runner\_work\xpco\xpco\addons\verticals\healthcare\tst\videoos.verticals.healthcare.mc.unittests\bin\x64\debug\net472\videoos.verticals.healthcare.mc.unittests.dll" id="077073b8-7a9a-ec2f-8971-2b7c1ffbfda3">
      <Execution id="f34a6c9a-fe4f-415f-b2c3-dd7e92399abe" />
      <TestMethod codeBase="D:\actions-runner\_work\XPCO\XPCO\AddOns\Verticals\Healthcare\tst\VideoOS.Verticals.Healthcare.MC.UnitTests\bin\x64\Debug\net472\VideoOS.Verticals.Healthcare.MC.UnitTests.dll" adapterTypeName="executor://mstestadapter/v2" className="VideoOS.Verticals.Healthcare.MC.UnitTests.HospitalAssistConfigurationViewModelTests" name="WhenThereAreMoreVisibleDevicesThanPageRangeTheFirstPageIsSelectedTheNextButtonShouldBeEnabledOnlyIf" />
    </UnitTest>
    <UnitTest name="WhenSelectingTheNextPagePaginationShouldBeUpdated (35,20)" storage="d:\actions-runner\_work\xpco\xpco\addons\verticals\healthcare\tst\videoos.verticals.healthcare.mc.unittests\bin\x64\debug\net472\videoos.verticals.healthcare.mc.unittests.dll" id="c19e8198-3779-27fa-d0fa-ec0c2478b042">
      <Execution id="66230fa3-d831-4aed-9772-2ca1d37254b9" />
      <TestMethod codeBase="D:\actions-runner\_work\XPCO\XPCO\AddOns\Verticals\Healthcare\tst\VideoOS.Verticals.Healthcare.MC.UnitTests\bin\x64\Debug\net472\VideoOS.Verticals.Healthcare.MC.UnitTests.dll" adapterTypeName="executor://mstestadapter/v2" className="VideoOS.Verticals.Healthcare.MC.UnitTests.HospitalAssistConfigurationViewModelTests" name="WhenSelectingTheNextPagePaginationShouldBeUpdated" />
    </UnitTest>
    <UnitTest name="WhenTheFirstPageIsSelectedItShouldShowMaximumPageRangeDevices (20,20)" storage="d:\actions-runner\_work\xpco\xpco\addons\verticals\healthcare\tst\videoos.verticals.healthcare.mc.unittests\bin\x64\debug\net472\videoos.verticals.healthcare.mc.unittests.dll" id="b15b747d-eb9c-0d3e-a675-f2a95e187b41">
      <Execution id="4069001b-4d0a-4192-9c3c-360102fcebf2" />
      <TestMethod codeBase="D:\actions-runner\_work\XPCO\XPCO\AddOns\Verticals\Healthcare\tst\VideoOS.Verticals.Healthcare.MC.UnitTests\bin\x64\Debug\net472\VideoOS.Verticals.Healthcare.MC.UnitTests.dll" adapterTypeName="executor://mstestadapter/v2" className="VideoOS.Verticals.Healthcare.MC.UnitTests.HospitalAssistConfigurationViewModelTests" name="WhenTheFirstPageIsSelectedItShouldShowMaximumPageRangeDevices" />
    </UnitTest>
  </TestDefinitions>
  <TestEntries>
    <TestEntry testId="c19e8198-3779-27fa-d0fa-ec0c2478b042" executionId="66230fa3-d831-4aed-9772-2ca1d37254b9" testListId="8c84fa94-04c1-424b-9868-57a2d4851a1d" />
    <TestEntry testId="1a936470-4d98-c4d0-2183-a3967097408e" executionId="cafd10ed-e910-4cc3-9454-adf7e7ed35f0" testListId="8c84fa94-04c1-424b-9868-57a2d4851a1d" />
    <TestEntry testId="396a48bd-e57f-68ac-d325-4b04f8a62bdf" executionId="c9c5f660-8ad8-4949-9b6f-3e7807f3804f" testListId="8c84fa94-04c1-424b-9868-57a2d4851a1d" />
    <TestEntry testId="98be5e79-0db8-6ea1-b6fa-392d93e6d47c" executionId="e5cc49fa-4aae-45eb-8418-f55606527f00" testListId="8c84fa94-04c1-424b-9868-57a2d4851a1d" />
    <TestEntry testId="a8313718-626a-f6ce-ecf7-b543d67124d4" executionId="3f1dab24-f2e2-41f2-b74f-67331072eabf" testListId="8c84fa94-04c1-424b-9868-57a2d4851a1d" />
    <TestEntry testId="790989b0-7e1e-5ac3-c4f1-400cafc19381" executionId="9ee5ae69-58b8-4e50-93c0-94b8b5399682" testListId="8c84fa94-04c1-424b-9868-57a2d4851a1d" />
    <TestEntry testId="3a1c999b-0838-289d-c0b1-7b6dde3862fe" executionId="b758d667-9d97-40ab-b4e2-85cecda58956" testListId="8c84fa94-04c1-424b-9868-57a2d4851a1d" />
    <TestEntry testId="f68eda5d-f731-5121-2edd-a38c99bb6f7b" executionId="de7546c3-1464-4c53-b2b1-abee939fb5da" testListId="8c84fa94-04c1-424b-9868-57a2d4851a1d" />
    <TestEntry testId="2cb30eef-1870-d575-10f3-d539e2b0b4f9" executionId="bc2da002-bd5c-4292-a524-a2a4b6fb3cc2" testListId="8c84fa94-04c1-424b-9868-57a2d4851a1d" />
    <TestEntry testId="dadbab6e-5664-3e8c-a422-2c434f57780d" executionId="82d86503-d900-48cd-8be2-0479ba56e2f5" testListId="8c84fa94-04c1-424b-9868-57a2d4851a1d" />
    <TestEntry testId="077073b8-7a9a-ec2f-8971-2b7c1ffbfda3" executionId="f34a6c9a-fe4f-415f-b2c3-dd7e92399abe" testListId="8c84fa94-04c1-424b-9868-57a2d4851a1d" />
    <TestEntry testId="1e34e79c-95a6-300f-cce4-f4c9f0637226" executionId="54ea7a87-6365-4713-8d17-a6b472768b69" testListId="8c84fa94-04c1-424b-9868-57a2d4851a1d" />
    <TestEntry testId="c8ffc574-1a63-10e2-3bc2-27dbff6707d0" executionId="2833d324-0e8c-4792-a00a-7e1de5adb7ab" testListId="8c84fa94-04c1-424b-9868-57a2d4851a1d" />
    <TestEntry testId="1e94f983-e784-05db-996f-2885dea4d612" executionId="c15f4151-ead6-44d3-8229-9cfaed9a4db1" testListId="8c84fa94-04c1-424b-9868-57a2d4851a1d" />
    <TestEntry testId="0c4cd7cd-17f3-c760-a3fd-f5ef7c9d2142" executionId="315babd7-15fd-4f88-9b1f-7e19bf908f5a" testListId="8c84fa94-04c1-424b-9868-57a2d4851a1d" />
    <TestEntry testId="657cab56-bb5a-9a53-5576-139e062b5839" executionId="0524e56f-8bdb-4ed2-8ad9-1b2b3f72b148" testListId="8c84fa94-04c1-424b-9868-57a2d4851a1d" />
    <TestEntry testId="a0d21329-ad93-94a5-cbd5-4736ee5c736c" executionId="bbda1548-8043-4fe2-b527-60eb305e468a" testListId="8c84fa94-04c1-424b-9868-57a2d4851a1d" />
    <TestEntry testId="305e6a1c-9ffe-6bd5-483b-83f9262e2487" executionId="c93952b8-5ee5-486f-9a22-5ed9e7da29cf" testListId="8c84fa94-04c1-424b-9868-57a2d4851a1d" />
    <TestEntry testId="de8c1493-d904-40ec-8e4c-f246653f48ba" executionId="790e6a07-4bbb-45c5-88c5-73bd6e52d929" testListId="8c84fa94-04c1-424b-9868-57a2d4851a1d" />
    <TestEntry testId="5627c755-f7b0-67f3-cc42-d0e26055f997" executionId="2b5318d7-13e9-41c9-83fd-db565d726474" testListId="8c84fa94-04c1-424b-9868-57a2d4851a1d" />
    <TestEntry testId="c8128feb-07a5-8f7f-689f-842886b5d146" executionId="e0b0619c-c860-4d42-86c5-247d8494aef4" testListId="8c84fa94-04c1-424b-9868-57a2d4851a1d" />
    <TestEntry testId="b7b408cc-1085-35c7-1c6e-648d9a09c954" executionId="c73d16ba-3dd5-4fca-af8f-631196c0800a" testListId="8c84fa94-04c1-424b-9868-57a2d4851a1d" />
    <TestEntry testId="8db48f27-ca3f-2dbe-1439-422ff5e38236" executionId="aa904eb1-22e5-4710-b9fb-5c546b51a823" testListId="8c84fa94-04c1-424b-9868-57a2d4851a1d" />
    <TestEntry testId="b290681b-b758-5127-48e9-c2fb0439a1f2" executionId="fb2fd75d-09d9-4e36-a41c-bb8c36fd3b21" testListId="8c84fa94-04c1-424b-9868-57a2d4851a1d" />
    <TestEntry testId="5ca6ccab-5ef1-fb4e-5398-8e697dfd9565" executionId="7888422c-7324-4a5f-b6c2-c0f6e1546c2b" testListId="8c84fa94-04c1-424b-9868-57a2d4851a1d" />
    <TestEntry testId="26c767ef-1fff-a8df-d363-22d536672a4c" executionId="9ddbfdd1-a065-485a-a56a-183ac215fc9c" testListId="8c84fa94-04c1-424b-9868-57a2d4851a1d" />
    <TestEntry testId="548ff99f-08f3-48aa-4dfd-1647196f714c" executionId="16874745-4571-4708-82ef-64d3d259df53" testListId="8c84fa94-04c1-424b-9868-57a2d4851a1d" />
    <TestEntry testId="7511dc5c-3891-a534-4e86-53c76ef50fb3" executionId="9056881b-accc-47d4-8907-0205349770c9" testListId="8c84fa94-04c1-424b-9868-57a2d4851a1d" />
    <TestEntry testId="9166b0eb-6010-4682-2d41-16ca402d596c" executionId="31bd0aac-808c-41c2-9e6d-33a37f03e819" testListId="8c84fa94-04c1-424b-9868-57a2d4851a1d" />
    <TestEntry testId="da6c9a56-5467-b10e-8886-239f224c32b7" executionId="91f0c53f-9712-489a-bf19-e5712f55188f" testListId="8c84fa94-04c1-424b-9868-57a2d4851a1d" />
    <TestEntry testId="b15b747d-eb9c-0d3e-a675-f2a95e187b41" executionId="4069001b-4d0a-4192-9c3c-360102fcebf2" testListId="8c84fa94-04c1-424b-9868-57a2d4851a1d" />
    <TestEntry testId="cea7be78-c544-e40e-75f4-104fb60fd2a4" executionId="79f9361e-c291-463c-b110-917b878a53fc" testListId="8c84fa94-04c1-424b-9868-57a2d4851a1d" />
    <TestEntry testId="e5379c34-9e50-594e-e316-39ad93f35237" executionId="b6347eb2-b152-4e27-b5a1-9891507310f5" testListId="8c84fa94-04c1-424b-9868-57a2d4851a1d" />
  </TestEntries>
  <TestLists>
    <TestList name="Results Not in a List" id="8c84fa94-04c1-424b-9868-57a2d4851a1d" />
    <TestList name="All Loaded Results" id="19431567-8539-422a-85d7-44ee4e166bda" />
  </TestLists>
  <ResultSummary outcome="Completed">
    <Counters total="33" executed="33" passed="33" failed="0" error="0" timeout="0" aborted="0" inconclusive="0" passedButRunAborted="0" notRunnable="0" notExecuted="0" disconnected="0" warning="0" completed="0" inProgress="0" pending="0" />
  </ResultSummary>
</TestRun>