<?xml version="1.0" encoding="utf-8"?>
<TestRun id="f222ed7f-1f82-4585-af12-244c12e73b0b" name="DKSR-EFI-06$@DKSR-EFI-06 2024-01-09 15:42:19" runUser="NT AUTHORITY\NETWORK SERVICE" xmlns="http://microsoft.com/schemas/VisualStudio/TeamTest/2010">
  <Times creation="2024-01-09T15:42:19.1852087+01:00" queuing="2024-01-09T15:42:19.1852087+01:00" start="2024-01-09T15:42:07.0289345+01:00" finish="2024-01-09T15:42:22.1852149+01:00" />
  <TestSettings name="default" id="8d6200e2-bc43-4f1e-a220-52881d3525a0">
    <Deployment runDeploymentRoot="DKSR-EFI-06$_DKSR-EFI-06_2024-01-09_15_42_19" />
  </TestSettings>
  <Results>
    <UnitTestResult executionId="d903a091-dcc2-4e8a-b818-a82a354f0b33" testId="cf1ccfeb-986e-df24-8139-afa3b0dbab5b" testName="TimescaleGraph_GB_Test" computerName="DKSR-EFI-06" duration="00:00:00.0049425" startTime="2024-01-09T15:42:21.4820885+01:00" endTime="2024-01-09T15:42:21.4820885+01:00" testType="13cdc9d9-ddb5-4fa4-a97d-d965ccfc6d4b" outcome="Passed" testListId="8c84fa94-04c1-424b-9868-57a2d4851a1d" relativeResultsDirectory="d903a091-dcc2-4e8a-b818-a82a354f0b33" />
    <UnitTestResult executionId="fc69a0ce-cd33-4380-828a-fc562a6858ad" testId="49636059-e19f-8779-6e10-fdc3d3c7341d" testName="Get_SubReportTypeGuid_When_ValidGuid_In_SubReportType_QueryString" computerName="DKSR-EFI-06" duration="00:00:00.0017190" startTime="2024-01-09T15:42:19.4039599+01:00" endTime="2024-01-09T15:42:19.4039599+01:00" testType="13cdc9d9-ddb5-4fa4-a97d-d965ccfc6d4b" outcome="Passed" testListId="8c84fa94-04c1-424b-9868-57a2d4851a1d" relativeResultsDirectory="fc69a0ce-cd33-4380-828a-fc562a6858ad" />
    <UnitTestResult executionId="ff3065ad-761f-43d9-a902-e854c37df035" testId="e192b4a3-7560-7cce-193d-c9dca08fd2dc" testName="Get_TimeScale_Enum_When_InvalidString_In_GraphTimeScale_QueryString" computerName="DKSR-EFI-06" duration="00:00:00.0002359" startTime="2024-01-09T15:42:19.1227108+01:00" endTime="2024-01-09T15:42:19.1227108+01:00" testType="13cdc9d9-ddb5-4fa4-a97d-d965ccfc6d4b" outcome="Passed" testListId="8c84fa94-04c1-424b-9868-57a2d4851a1d" relativeResultsDirectory="ff3065ad-761f-43d9-a902-e854c37df035" />
    <UnitTestResult executionId="9126e067-88e0-4316-a202-4b3c14e39ddb" testId="ab5e0b8d-6822-caf7-797a-1aff911f8f71" testName="Get_SubReportTypeGuid_When_ValidGuid_In_SubReportTypeCompare_QueryString" computerName="DKSR-EFI-06" duration="00:00:00.0008818" startTime="2024-01-09T15:42:19.4039599+01:00" endTime="2024-01-09T15:42:19.4039599+01:00" testType="13cdc9d9-ddb5-4fa4-a97d-d965ccfc6d4b" outcome="Passed" testListId="8c84fa94-04c1-424b-9868-57a2d4851a1d" relativeResultsDirectory="9126e067-88e0-4316-a202-4b3c14e39ddb" />
    <UnitTestResult executionId="79993c2a-2ed4-4133-a1d8-5f1f963899e2" testId="47dbee68-527c-cec4-0106-e25152d0958f" testName="Get_AlarmReportType_Enum_When_Missing_QueryString" computerName="DKSR-EFI-06" duration="00:00:00.0009267" startTime="2024-01-09T15:42:19.2477121+01:00" endTime="2024-01-09T15:42:19.2477121+01:00" testType="13cdc9d9-ddb5-4fa4-a97d-d965ccfc6d4b" outcome="Passed" testListId="8c84fa94-04c1-424b-9868-57a2d4851a1d" relativeResultsDirectory="79993c2a-2ed4-4133-a1d8-5f1f963899e2" />
    <UnitTestResult executionId="2a516567-af10-4793-800e-4914974c7e68" testId="c339c9b9-7423-f411-8153-5bf0a235b405" testName="Get_AlarmReportType_Enum_When_Empty_In_ReportType_QueryString" computerName="DKSR-EFI-06" duration="00:00:00.0001937" startTime="2024-01-09T15:42:19.2164613+01:00" endTime="2024-01-09T15:42:19.2164613+01:00" testType="13cdc9d9-ddb5-4fa4-a97d-d965ccfc6d4b" outcome="Passed" testListId="8c84fa94-04c1-424b-9868-57a2d4851a1d" relativeResultsDirectory="2a516567-af10-4793-800e-4914974c7e68" />
    <UnitTestResult executionId="9ff7f409-0c61-4ed2-bc8e-cd2ca5247348" testId="ca585490-776f-f0bb-5985-92c932ded22d" testName="Get_ResponseTime_Enum_When_DifferentCasingOf_EightHours_In_ResponseTimeCompare_QueryString" computerName="DKSR-EFI-06" duration="00:00:00.0002210" startTime="2024-01-09T15:42:19.3414860+01:00" endTime="2024-01-09T15:42:19.3414860+01:00" testType="13cdc9d9-ddb5-4fa4-a97d-d965ccfc6d4b" outcome="Passed" testListId="8c84fa94-04c1-424b-9868-57a2d4851a1d" relativeResultsDirectory="9ff7f409-0c61-4ed2-bc8e-cd2ca5247348" />
    <UnitTestResult executionId="9045600c-89fd-46c9-bdce-d02fa9db0ae2" testId="46a0070e-9f28-3bae-29bd-4b3a4ca0fa85" testName="On_Page_Load_PostBack_Test" computerName="DKSR-EFI-06" duration="00:00:00.2008467" startTime="2024-01-09T15:42:20.4508862+01:00" endTime="2024-01-09T15:42:20.6539611+01:00" testType="13cdc9d9-ddb5-4fa4-a97d-d965ccfc6d4b" outcome="Passed" testListId="8c84fa94-04c1-424b-9868-57a2d4851a1d" relativeResultsDirectory="9045600c-89fd-46c9-bdce-d02fa9db0ae2" />
    <UnitTestResult executionId="d85e046f-3f21-4c26-b79b-19a49c97a035" testId="59d3dc5f-21c2-0757-7b1e-6d1818b25184" testName="Get_SubReportTypeGuid_When_Missing_QueryString_ForCompare" computerName="DKSR-EFI-06" duration="00:00:00.0007500" startTime="2024-01-09T15:42:19.4039599+01:00" endTime="2024-01-09T15:42:19.4039599+01:00" testType="13cdc9d9-ddb5-4fa4-a97d-d965ccfc6d4b" outcome="Passed" testListId="8c84fa94-04c1-424b-9868-57a2d4851a1d" relativeResultsDirectory="d85e046f-3f21-4c26-b79b-19a49c97a035" />
    <UnitTestResult executionId="e79de3a7-577d-411d-89ea-c55e99446cab" testId="e2e69ba3-dc6a-624c-cbec-36ddce4d97ca" testName="On_Page_Init_Verify_AuthorizedToRead_Parameters" computerName="DKSR-EFI-06" duration="00:00:00.0021140" startTime="2024-01-09T15:42:20.2789617+01:00" endTime="2024-01-09T15:42:20.2789617+01:00" testType="13cdc9d9-ddb5-4fa4-a97d-d965ccfc6d4b" outcome="Passed" testListId="8c84fa94-04c1-424b-9868-57a2d4851a1d" relativeResultsDirectory="e79de3a7-577d-411d-89ea-c55e99446cab" />
    <UnitTestResult executionId="0262b1d8-2689-4a31-83f9-4e8e6aac9f58" testId="340bc680-a547-4407-6ff9-ff5ba59683e7" testName="Get_AlarmTimeScale_Enum_When_DifferentCasingOf_Week_In_GraphTimeScale_QueryString" computerName="DKSR-EFI-06" duration="00:00:00.0002093" startTime="2024-01-09T15:42:19.1852087+01:00" endTime="2024-01-09T15:42:19.1852087+01:00" testType="13cdc9d9-ddb5-4fa4-a97d-d965ccfc6d4b" outcome="Passed" testListId="8c84fa94-04c1-424b-9868-57a2d4851a1d" relativeResultsDirectory="0262b1d8-2689-4a31-83f9-4e8e6aac9f58" />
    <UnitTestResult executionId="c474b4fb-1404-43a3-a1f9-69ebb26dc6f9" testId="7ea5b27c-c8f7-4671-86dd-a3a0dd3edbbe" testName="TimescaleGraph_MBSec_Test" computerName="DKSR-EFI-06" duration="00:00:00.0041860" startTime="2024-01-09T15:42:21.5133390+01:00" endTime="2024-01-09T15:42:21.5133390+01:00" testType="13cdc9d9-ddb5-4fa4-a97d-d965ccfc6d4b" outcome="Passed" testListId="8c84fa94-04c1-424b-9868-57a2d4851a1d" relativeResultsDirectory="c474b4fb-1404-43a3-a1f9-69ebb26dc6f9" />
    <UnitTestResult executionId="56a24e84-673e-4706-94ee-66d88d9f5d73" testId="796abef7-2938-757f-9bc0-d3f3e3b1fccb" testName="RepArchive_ItemDataBound_Test" computerName="DKSR-EFI-06" duration="00:00:00.0049713" startTime="2024-01-09T15:42:20.8414623+01:00" endTime="2024-01-09T15:42:20.8414623+01:00" testType="13cdc9d9-ddb5-4fa4-a97d-d965ccfc6d4b" outcome="Passed" testListId="8c84fa94-04c1-424b-9868-57a2d4851a1d" relativeResultsDirectory="56a24e84-673e-4706-94ee-66d88d9f5d73" />
    <UnitTestResult executionId="9be1f147-408a-4617-ad70-fcde4be89003" testId="cf37735b-8555-781e-b630-760f4b6de286" testName="Get_TimeScale_Enum_When_Null_In_GraphTimeScale_QueryString" computerName="DKSR-EFI-06" duration="00:00:00.4275820" startTime="2024-01-09T15:42:17.7320842+01:00" endTime="2024-01-09T15:42:19.0445857+01:00" testType="13cdc9d9-ddb5-4fa4-a97d-d965ccfc6d4b" outcome="Passed" testListId="8c84fa94-04c1-424b-9868-57a2d4851a1d" relativeResultsDirectory="9be1f147-408a-4617-ad70-fcde4be89003" />
    <UnitTestResult executionId="0b2442be-4efe-453b-acd1-be5f887cc4f8" testId="171a1d67-e6de-88ae-6660-a7edebf16ffe" testName="Get_AlarmTimeScale_Enum_When_Year_In_GraphTimeScale_QueryString" computerName="DKSR-EFI-06" duration="00:00:00.0001967" startTime="2024-01-09T15:42:19.2008343+01:00" endTime="2024-01-09T15:42:19.2008343+01:00" testType="13cdc9d9-ddb5-4fa4-a97d-d965ccfc6d4b" outcome="Passed" testListId="8c84fa94-04c1-424b-9868-57a2d4851a1d" relativeResultsDirectory="0b2442be-4efe-453b-acd1-be5f887cc4f8" />
    <UnitTestResult executionId="1b5ead88-ba22-44c3-8a61-0abd546afcef" testId="5c43e65c-94e4-2228-dcbe-969d4a062f29" testName="Get_AlarmReportType_Enum_When_Priority_In_ReportType_QueryString" computerName="DKSR-EFI-06" duration="00:00:00.0001895" startTime="2024-01-09T15:42:19.2320859+01:00" endTime="2024-01-09T15:42:19.2320859+01:00" testType="13cdc9d9-ddb5-4fa4-a97d-d965ccfc6d4b" outcome="Passed" testListId="8c84fa94-04c1-424b-9868-57a2d4851a1d" relativeResultsDirectory="1b5ead88-ba22-44c3-8a61-0abd546afcef" />
    <UnitTestResult executionId="09d6c126-273f-4049-a0de-5ab5e4d15f6d" testId="3f4094bd-3c85-c3b3-87e3-4d67877ffaf8" testName="Network_Timer_Tick_Test" computerName="DKSR-EFI-06" duration="00:00:00.0024688" startTime="2024-01-09T15:42:20.8727124+01:00" endTime="2024-01-09T15:42:20.8727124+01:00" testType="13cdc9d9-ddb5-4fa4-a97d-d965ccfc6d4b" outcome="Passed" testListId="8c84fa94-04c1-424b-9868-57a2d4851a1d" relativeResultsDirectory="09d6c126-273f-4049-a0de-5ab5e4d15f6d" />
    <UnitTestResult executionId="698db99d-4a72-4b2d-af13-edd4ecdc0430" testId="1c349f1e-e875-4d31-7d33-97a4de5c7811" testName="Get_TimeScale_Enum_When_Day_In_GraphTimeScale_QueryString" computerName="DKSR-EFI-06" duration="00:00:00.0002609" startTime="2024-01-09T15:42:19.1383367+01:00" endTime="2024-01-09T15:42:19.1383367+01:00" testType="13cdc9d9-ddb5-4fa4-a97d-d965ccfc6d4b" outcome="Passed" testListId="8c84fa94-04c1-424b-9868-57a2d4851a1d" relativeResultsDirectory="698db99d-4a72-4b2d-af13-edd4ecdc0430" />
    <UnitTestResult executionId="c775ce7b-55dc-42a0-8099-70b79e889d41" testId="29cec4ab-fbb6-cb9d-21e1-01d1f6487a3d" testName="Get_AlarmReportType_Enum_When_InvalidString_In_ReportType_QueryString" computerName="DKSR-EFI-06" duration="00:00:00.0001952" startTime="2024-01-09T15:42:19.2164613+01:00" endTime="2024-01-09T15:42:19.2164613+01:00" testType="13cdc9d9-ddb5-4fa4-a97d-d965ccfc6d4b" outcome="Passed" testListId="8c84fa94-04c1-424b-9868-57a2d4851a1d" relativeResultsDirectory="c775ce7b-55dc-42a0-8099-70b79e889d41" />
    <UnitTestResult executionId="83b03fe0-0078-4b38-8c05-a14c4d5ebdef" testId="68904f58-b344-90f1-cd86-f2dea7452a57" testName="RepDisks_ItemDataBound_Test" computerName="DKSR-EFI-06" duration="00:00:00.0856727" startTime="2024-01-09T15:42:20.7008371+01:00" endTime="2024-01-09T15:42:20.7789612+01:00" testType="13cdc9d9-ddb5-4fa4-a97d-d965ccfc6d4b" outcome="Passed" testListId="8c84fa94-04c1-424b-9868-57a2d4851a1d" relativeResultsDirectory="83b03fe0-0078-4b38-8c05-a14c4d5ebdef" />
    <UnitTestResult executionId="71464130-490a-4d49-be73-1c6e07cc3de8" testId="a0d8266a-c259-31aa-dce3-728723681f8b" testName="MemoryAvailable_Timer_Tick_Test" computerName="DKSR-EFI-06" duration="00:00:00.0015270" startTime="2024-01-09T15:42:20.7008371+01:00" endTime="2024-01-09T15:42:20.7008371+01:00" testType="13cdc9d9-ddb5-4fa4-a97d-d965ccfc6d4b" outcome="Passed" testListId="8c84fa94-04c1-424b-9868-57a2d4851a1d" relativeResultsDirectory="71464130-490a-4d49-be73-1c6e07cc3de8" />
    <UnitTestResult executionId="922e4372-ee2c-4d7b-88b7-541c72fcacea" testId="ed4660fb-72a0-bac5-d74d-66b5add13441" testName="ServerStatus_Timer_Tick_ServerUnavailable_Test" computerName="DKSR-EFI-06" duration="00:00:00.0047773" startTime="2024-01-09T15:42:20.6695866+01:00" endTime="2024-01-09T15:42:20.6695866+01:00" testType="13cdc9d9-ddb5-4fa4-a97d-d965ccfc6d4b" outcome="Passed" testListId="8c84fa94-04c1-424b-9868-57a2d4851a1d" relativeResultsDirectory="922e4372-ee2c-4d7b-88b7-541c72fcacea" />
    <UnitTestResult executionId="1291f43b-6193-4e27-8053-bafbf4a06c29" testId="05d1f2c0-ff24-a76e-9726-4fee550b38d4" testName="ServerStatus_Page_Load_Test" computerName="DKSR-EFI-06" duration="00:00:00.0024289" startTime="2024-01-09T15:42:20.6539611+01:00" endTime="2024-01-09T15:42:20.6695866+01:00" testType="13cdc9d9-ddb5-4fa4-a97d-d965ccfc6d4b" outcome="Passed" testListId="8c84fa94-04c1-424b-9868-57a2d4851a1d" relativeResultsDirectory="1291f43b-6193-4e27-8053-bafbf4a06c29" />
    <UnitTestResult executionId="462423bf-c81a-4d4e-bd41-326177646e67" testId="34593241-8cc0-1a24-c61f-ce1f0925bc76" testName="On_Page_Load_Get_Redirected_When_No_ServerOverview_Exist" computerName="DKSR-EFI-06" duration="00:00:00.0612147" startTime="2024-01-09T15:42:20.3102111+01:00" endTime="2024-01-09T15:42:20.3727122+01:00" testType="13cdc9d9-ddb5-4fa4-a97d-d965ccfc6d4b" outcome="Passed" testListId="8c84fa94-04c1-424b-9868-57a2d4851a1d" relativeResultsDirectory="462423bf-c81a-4d4e-bd41-326177646e67" />
    <UnitTestResult executionId="21c62155-e022-458b-b40c-6e02018e494b" testId="aa8bfab8-b98e-0f11-8244-e4da50e19954" testName="Get_SubReportTypeGuid_When_InvalidString_In_SubReportTypeCompare_QueryString" computerName="DKSR-EFI-06" duration="00:00:00.0002034" startTime="2024-01-09T15:42:19.3883502+01:00" endTime="2024-01-09T15:42:19.3883502+01:00" testType="13cdc9d9-ddb5-4fa4-a97d-d965ccfc6d4b" outcome="Passed" testListId="8c84fa94-04c1-424b-9868-57a2d4851a1d" relativeResultsDirectory="21c62155-e022-458b-b40c-6e02018e494b" />
    <UnitTestResult executionId="98a5f6ce-2a36-4a8e-ba53-f9e01dc953e4" testId="7ac09847-d2bd-c3ee-48f2-c04be8bed185" testName="Get_ResponseTime_Enum_When_InvalidString_In_ResponseTime_QueryString" computerName="DKSR-EFI-06" duration="00:00:00.0002035" startTime="2024-01-09T15:42:19.2633348+01:00" endTime="2024-01-09T15:42:19.2633348+01:00" testType="13cdc9d9-ddb5-4fa4-a97d-d965ccfc6d4b" outcome="Passed" testListId="8c84fa94-04c1-424b-9868-57a2d4851a1d" relativeResultsDirectory="98a5f6ce-2a36-4a8e-ba53-f9e01dc953e4" />
    <UnitTestResult executionId="a401db16-e4c2-4298-aade-f1e571ffdc3e" testId="a4468288-160d-449f-a94d-03809fcd3298" testName="Get_TimeScale_Enum_When_DifferentCasingOf_Month_In_GraphTimeScale_QueryString" computerName="DKSR-EFI-06" duration="00:00:00.0001993" startTime="2024-01-09T15:42:19.1383367+01:00" endTime="2024-01-09T15:42:19.1383367+01:00" testType="13cdc9d9-ddb5-4fa4-a97d-d965ccfc6d4b" outcome="Passed" testListId="8c84fa94-04c1-424b-9868-57a2d4851a1d" relativeResultsDirectory="a401db16-e4c2-4298-aade-f1e571ffdc3e" />
    <UnitTestResult executionId="c53e5138-59ab-4482-962e-2139dd40b3d7" testId="778fb618-17b1-2b04-8cee-484dc5424549" testName="Get_ResponseTime_Enum_When_TwoDays_In_ResponseTimeCompare_QueryString" computerName="DKSR-EFI-06" duration="00:00:00.0002424" startTime="2024-01-09T15:42:19.3570866+01:00" endTime="2024-01-09T15:42:19.3570866+01:00" testType="13cdc9d9-ddb5-4fa4-a97d-d965ccfc6d4b" outcome="Passed" testListId="8c84fa94-04c1-424b-9868-57a2d4851a1d" relativeResultsDirectory="c53e5138-59ab-4482-962e-2139dd40b3d7" />
    <UnitTestResult executionId="3b79db89-0094-4f51-bf03-ec6427bc257c" testId="158eb2de-0d67-37a2-0e70-b42af6448da6" testName="On_Page_Load_When_PostBack_And_localization_Holds_No_value_For_ServerType" computerName="DKSR-EFI-06" duration="00:00:00.0098151" startTime="2024-01-09T15:42:20.3883369+01:00" endTime="2024-01-09T15:42:20.4039615+01:00" testType="13cdc9d9-ddb5-4fa4-a97d-d965ccfc6d4b" outcome="Passed" testListId="8c84fa94-04c1-424b-9868-57a2d4851a1d" relativeResultsDirectory="3b79db89-0094-4f51-bf03-ec6427bc257c" />
    <UnitTestResult executionId="5e35a6ff-5440-491f-a9a6-9f619e7cc5d3" testId="61e244e2-6138-3bb9-412c-9f98d82ac163" testName="Get_TimeScale_Enum_When_DifferentCasingOf_Day_In_GraphTimeScale_QueryString" computerName="DKSR-EFI-06" duration="00:00:00.0002280" startTime="2024-01-09T15:42:19.1383367+01:00" endTime="2024-01-09T15:42:19.1383367+01:00" testType="13cdc9d9-ddb5-4fa4-a97d-d965ccfc6d4b" outcome="Passed" testListId="8c84fa94-04c1-424b-9868-57a2d4851a1d" relativeResultsDirectory="5e35a6ff-5440-491f-a9a6-9f619e7cc5d3" />
    <UnitTestResult executionId="81f1d330-9f6d-4634-88e3-7156c86a6c00" testId="c882b2f8-a681-fc31-e54f-a18f6c8cba02" testName="Get_AlarmReportType_Enum_When_DifferentCasingOf_State_In_ReportType_QueryString" computerName="DKSR-EFI-06" duration="00:00:00.0001925" startTime="2024-01-09T15:42:19.2320859+01:00" endTime="2024-01-09T15:42:19.2320859+01:00" testType="13cdc9d9-ddb5-4fa4-a97d-d965ccfc6d4b" outcome="Passed" testListId="8c84fa94-04c1-424b-9868-57a2d4851a1d" relativeResultsDirectory="81f1d330-9f6d-4634-88e3-7156c86a6c00" />
    <UnitTestResult executionId="4984fe78-4109-4390-8fa4-4bd3d4f5739d" testId="7ac71861-e0c6-6dea-3f56-8014073afdac" testName="Get_ResponseTime_Enum_When_DifferentCasingOf_TwoDays_In_ResponseTimeCompare_QueryString" computerName="DKSR-EFI-06" duration="00:00:00.0002384" startTime="2024-01-09T15:42:19.3570866+01:00" endTime="2024-01-09T15:42:19.3570866+01:00" testType="13cdc9d9-ddb5-4fa4-a97d-d965ccfc6d4b" outcome="Passed" testListId="8c84fa94-04c1-424b-9868-57a2d4851a1d" relativeResultsDirectory="4984fe78-4109-4390-8fa4-4bd3d4f5739d" />
    <UnitTestResult executionId="de715220-5a25-47ac-8972-c4ef50d2c189" testId="b424d167-aee2-9b3e-1fb2-fd8d47475a62" testName="TimescaleGraph_TB_Test" computerName="DKSR-EFI-06" duration="00:00:00.0045776" startTime="2024-01-09T15:42:21.4820885+01:00" endTime="2024-01-09T15:42:21.4977132+01:00" testType="13cdc9d9-ddb5-4fa4-a97d-d965ccfc6d4b" outcome="Passed" testListId="8c84fa94-04c1-424b-9868-57a2d4851a1d" relativeResultsDirectory="de715220-5a25-47ac-8972-c4ef50d2c189" />
    <UnitTestResult executionId="40746657-a7e6-4c36-93e5-7ae29e7ad02d" testId="9b9b897e-2991-92c3-c857-82d500e4316f" testName="dgCameras_SortCommand_Test" computerName="DKSR-EFI-06" duration="00:00:00.0096563" startTime="2024-01-09T15:42:20.9039651+01:00" endTime="2024-01-09T15:42:20.9195870+01:00" testType="13cdc9d9-ddb5-4fa4-a97d-d965ccfc6d4b" outcome="Passed" testListId="8c84fa94-04c1-424b-9868-57a2d4851a1d" relativeResultsDirectory="40746657-a7e6-4c36-93e5-7ae29e7ad02d" />
    <UnitTestResult executionId="c2a82889-c26b-4e69-876d-420ee6751349" testId="89e12c11-3f1f-1031-cd4b-6fb1cccc83af" testName="Get_ResponseTime_Enum_When_DifferentCasingOf_TwoDays_In_ResponseTime_QueryString" computerName="DKSR-EFI-06" duration="00:00:00.0002143" startTime="2024-01-09T15:42:19.3102084+01:00" endTime="2024-01-09T15:42:19.3102084+01:00" testType="13cdc9d9-ddb5-4fa4-a97d-d965ccfc6d4b" outcome="Passed" testListId="8c84fa94-04c1-424b-9868-57a2d4851a1d" relativeResultsDirectory="c2a82889-c26b-4e69-876d-420ee6751349" />
    <UnitTestResult executionId="7fca34fc-5ccf-4adc-b3e5-f4d37bf19a81" testId="5b9a9643-b39f-31b1-b440-8795c37123fc" testName="Get_AlarmTimeScale_Enum_When_InvalidString_In_GraphTimeScale_QueryString" computerName="DKSR-EFI-06" duration="00:00:00.0002174" startTime="2024-01-09T15:42:19.1695863+01:00" endTime="2024-01-09T15:42:19.1695863+01:00" testType="13cdc9d9-ddb5-4fa4-a97d-d965ccfc6d4b" outcome="Passed" testListId="8c84fa94-04c1-424b-9868-57a2d4851a1d" relativeResultsDirectory="7fca34fc-5ccf-4adc-b3e5-f4d37bf19a81" />
    <UnitTestResult executionId="9448f4b3-9f97-49d9-9fb0-1e8cf24c4ce6" testId="9850b5c8-0c73-f17a-9fb5-314b11aac340" testName="Get_AlarmTimeScale_Enum_When_Week_In_GraphTimeScale_QueryString" computerName="DKSR-EFI-06" duration="00:00:00.0001986" startTime="2024-01-09T15:42:19.1852087+01:00" endTime="2024-01-09T15:42:19.1852087+01:00" testType="13cdc9d9-ddb5-4fa4-a97d-d965ccfc6d4b" outcome="Passed" testListId="8c84fa94-04c1-424b-9868-57a2d4851a1d" relativeResultsDirectory="9448f4b3-9f97-49d9-9fb0-1e8cf24c4ce6" />
    <UnitTestResult executionId="3f4ba5db-3998-4987-a8a9-ec9f3c36a730" testId="82b1d1e0-494c-297f-d0b9-cff68621ed95" testName="On_Page_PreInit_Get_Properties_From_QueryString" computerName="DKSR-EFI-06" duration="00:00:00.0127399" startTime="2024-01-09T15:42:19.9508348+01:00" endTime="2024-01-09T15:42:19.9508348+01:00" testType="13cdc9d9-ddb5-4fa4-a97d-d965ccfc6d4b" outcome="Passed" testListId="8c84fa94-04c1-424b-9868-57a2d4851a1d" relativeResultsDirectory="3f4ba5db-3998-4987-a8a9-ec9f3c36a730" />
    <UnitTestResult executionId="3a243da2-f77e-4cff-8074-0c28e2ad5b0d" testId="f2db70b4-0299-d0ff-84c2-1ddc87305764" testName="On_Page_Load_Get_Redirected_When_No_ServerOverview_Exist" computerName="DKSR-EFI-06" duration="00:00:00.0011426" startTime="2024-01-09T15:42:20.3883369+01:00" endTime="2024-01-09T15:42:20.3883369+01:00" testType="13cdc9d9-ddb5-4fa4-a97d-d965ccfc6d4b" outcome="Passed" testListId="8c84fa94-04c1-424b-9868-57a2d4851a1d" relativeResultsDirectory="3a243da2-f77e-4cff-8074-0c28e2ad5b0d" />
    <UnitTestResult executionId="054a1608-7054-42bb-86dc-5a574fcaf0ea" testId="63687e46-de6c-ce7d-05d2-6ff84ead0fa2" testName="Get_ResponseTime_Enum_When_DifferentCasingOfOneHour_In_ResponseTime_QueryString" computerName="DKSR-EFI-06" duration="00:00:00.0002080" startTime="2024-01-09T15:42:19.2789604+01:00" endTime="2024-01-09T15:42:19.2789604+01:00" testType="13cdc9d9-ddb5-4fa4-a97d-d965ccfc6d4b" outcome="Passed" testListId="8c84fa94-04c1-424b-9868-57a2d4851a1d" relativeResultsDirectory="054a1608-7054-42bb-86dc-5a574fcaf0ea" />
    <UnitTestResult executionId="0e46219a-e1fb-4cb1-8842-c88cc1c16d87" testId="e7a583e6-ed53-9de8-00e5-1cd1201d27c7" testName="Get_ResponseTime_Enum_When_TwoHours_In_ResponseTime_QueryString" computerName="DKSR-EFI-06" duration="00:00:00.0002048" startTime="2024-01-09T15:42:19.2789604+01:00" endTime="2024-01-09T15:42:19.2789604+01:00" testType="13cdc9d9-ddb5-4fa4-a97d-d965ccfc6d4b" outcome="Passed" testListId="8c84fa94-04c1-424b-9868-57a2d4851a1d" relativeResultsDirectory="0e46219a-e1fb-4cb1-8842-c88cc1c16d87" />
    <UnitTestResult executionId="1c906a37-a593-43aa-9b0c-5be1efa2d93c" testId="df64ce67-536f-af88-800c-8064039f62ae" testName="On_Page_PreInit_Get_Redirected_When_No_TimeZone_In_QueryString" computerName="DKSR-EFI-06" duration="00:00:00.3733532" startTime="2024-01-09T15:42:19.4039599+01:00" endTime="2024-01-09T15:42:19.7789619+01:00" testType="13cdc9d9-ddb5-4fa4-a97d-d965ccfc6d4b" outcome="Passed" testListId="8c84fa94-04c1-424b-9868-57a2d4851a1d" relativeResultsDirectory="1c906a37-a593-43aa-9b0c-5be1efa2d93c" />
    <UnitTestResult executionId="d79e3a96-883e-4327-914d-593aa90a84da" testId="2a91b8fd-ae0f-8c04-c5b7-07ce23d6a18c" testName="dgNetwork_SortCommand_Test" computerName="DKSR-EFI-06" duration="00:00:00.0135464" startTime="2024-01-09T15:42:20.8570881+01:00" endTime="2024-01-09T15:42:20.8727124+01:00" testType="13cdc9d9-ddb5-4fa4-a97d-d965ccfc6d4b" outcome="Passed" testListId="8c84fa94-04c1-424b-9868-57a2d4851a1d" relativeResultsDirectory="d79e3a96-883e-4327-914d-593aa90a84da" />
    <UnitTestResult executionId="56ec8902-5982-43c1-a2cd-adbf8aae20c5" testId="182d836b-9283-3184-6245-ccf2f9757657" testName="Get_AlarmTimeScale_Enum_When_DifferentCasingOf_Year_In_GraphTimeScale_QueryString" computerName="DKSR-EFI-06" duration="00:00:00.0001937" startTime="2024-01-09T15:42:19.2008343+01:00" endTime="2024-01-09T15:42:19.2008343+01:00" testType="13cdc9d9-ddb5-4fa4-a97d-d965ccfc6d4b" outcome="Passed" testListId="8c84fa94-04c1-424b-9868-57a2d4851a1d" relativeResultsDirectory="56ec8902-5982-43c1-a2cd-adbf8aae20c5" />
    <UnitTestResult executionId="092a72af-dc4f-4557-966d-de84d62d21ed" testId="b9baafa3-d205-3ab3-a18f-4e4ea2001f67" testName="TimescaleGraph_MB_Test" computerName="DKSR-EFI-06" duration="00:00:00.5469854" startTime="2024-01-09T15:42:20.9352105+01:00" endTime="2024-01-09T15:42:21.4820885+01:00" testType="13cdc9d9-ddb5-4fa4-a97d-d965ccfc6d4b" outcome="Passed" testListId="8c84fa94-04c1-424b-9868-57a2d4851a1d" relativeResultsDirectory="092a72af-dc4f-4557-966d-de84d62d21ed" />
    <UnitTestResult executionId="caac3aaa-fa13-4ef4-99fe-0bdfa75f6ff4" testId="411556bd-d0e2-a297-c36a-ab10df5ce21e" testName="Get_AlarmTimeScale_Enum_When_Day_In_GraphTimeScale_QueryString" computerName="DKSR-EFI-06" duration="00:00:00.0001992" startTime="2024-01-09T15:42:19.1852087+01:00" endTime="2024-01-09T15:42:19.1852087+01:00" testType="13cdc9d9-ddb5-4fa4-a97d-d965ccfc6d4b" outcome="Passed" testListId="8c84fa94-04c1-424b-9868-57a2d4851a1d" relativeResultsDirectory="caac3aaa-fa13-4ef4-99fe-0bdfa75f6ff4" />
    <UnitTestResult executionId="0033322d-ccd3-40b0-a95c-130f91acbeef" testId="f7f19659-72f7-1ad0-79db-7ac9b2a7ef9c" testName="On_Page_Init_AuthorizedToRead_With_Set_Parameters" computerName="DKSR-EFI-06" duration="00:00:00.0010256" startTime="2024-01-09T15:42:20.2789617+01:00" endTime="2024-01-09T15:42:20.2789617+01:00" testType="13cdc9d9-ddb5-4fa4-a97d-d965ccfc6d4b" outcome="Passed" testListId="8c84fa94-04c1-424b-9868-57a2d4851a1d" relativeResultsDirectory="0033322d-ccd3-40b0-a95c-130f91acbeef" />
    <UnitTestResult executionId="02bdf01b-1e8d-47d3-bbed-d9eba1f3f1c0" testId="7d596ba8-4555-ec97-e1ba-a9b8a6aeb1fd" testName="Get_SubReportTypeGuid_When_EmptyString_In_SubReportType_QueryString" computerName="DKSR-EFI-06" duration="00:00:00.0002441" startTime="2024-01-09T15:42:19.3883502+01:00" endTime="2024-01-09T15:42:19.3883502+01:00" testType="13cdc9d9-ddb5-4fa4-a97d-d965ccfc6d4b" outcome="Passed" testListId="8c84fa94-04c1-424b-9868-57a2d4851a1d" relativeResultsDirectory="02bdf01b-1e8d-47d3-bbed-d9eba1f3f1c0" />
    <UnitTestResult executionId="ddec1a45-51a2-4845-b960-90cb7aaf79c4" testId="ac4f2c2d-34e7-5912-7b29-c428bcb80084" testName="Get_AlarmTimeScale_Enum_When_Missing_QueryString" computerName="DKSR-EFI-06" duration="00:00:00.0008622" startTime="2024-01-09T15:42:19.2008343+01:00" endTime="2024-01-09T15:42:19.2008343+01:00" testType="13cdc9d9-ddb5-4fa4-a97d-d965ccfc6d4b" outcome="Passed" testListId="8c84fa94-04c1-424b-9868-57a2d4851a1d" relativeResultsDirectory="ddec1a45-51a2-4845-b960-90cb7aaf79c4" />
    <UnitTestResult executionId="88d6c87e-0dff-46a6-9382-d1f6d273690d" testId="22b679c6-91ce-d143-eb02-58d7989250ec" testName="Get_ResponseTime_Enum_When_Null_In_ResponseTimeCompare_QueryString" computerName="DKSR-EFI-06" duration="00:00:00.0008894" startTime="2024-01-09T15:42:19.3102084+01:00" endTime="2024-01-09T15:42:19.3102084+01:00" testType="13cdc9d9-ddb5-4fa4-a97d-d965ccfc6d4b" outcome="Passed" testListId="8c84fa94-04c1-424b-9868-57a2d4851a1d" relativeResultsDirectory="88d6c87e-0dff-46a6-9382-d1f6d273690d" />
    <UnitTestResult executionId="9a24ae3d-b866-4841-87ac-e5e54736bbfb" testId="e01849b1-b32a-4b03-7e07-4785bc514b17" testName="Get_ResponseTime_Enum_When_DifferentCasingOf_OneHour_In_ResponseTimeCompare_QueryString" computerName="DKSR-EFI-06" duration="00:00:00.0002072" startTime="2024-01-09T15:42:19.3258361+01:00" endTime="2024-01-09T15:42:19.3258361+01:00" testType="13cdc9d9-ddb5-4fa4-a97d-d965ccfc6d4b" outcome="Passed" testListId="8c84fa94-04c1-424b-9868-57a2d4851a1d" relativeResultsDirectory="9a24ae3d-b866-4841-87ac-e5e54736bbfb" />
    <UnitTestResult executionId="beba3d32-494a-4297-8719-913019fcb6ad" testId="64cc9632-93b6-da33-7615-4985c6b7b462" testName="TimescaleGraph_MB_Odd_Test" computerName="DKSR-EFI-06" duration="00:00:00.0041110" startTime="2024-01-09T15:42:21.4977132+01:00" endTime="2024-01-09T15:42:21.5133390+01:00" testType="13cdc9d9-ddb5-4fa4-a97d-d965ccfc6d4b" outcome="Passed" testListId="8c84fa94-04c1-424b-9868-57a2d4851a1d" relativeResultsDirectory="beba3d32-494a-4297-8719-913019fcb6ad" />
    <UnitTestResult executionId="a76f94e4-06d3-4c86-9ed3-1510dbd3d824" testId="f18b3976-9701-78a1-8c92-cabf5bc9bb3e" testName="DiskRead_Timer_Tick_Test" computerName="DKSR-EFI-06" duration="00:00:00.0038675" startTime="2024-01-09T15:42:20.7945876+01:00" endTime="2024-01-09T15:42:20.7945876+01:00" testType="13cdc9d9-ddb5-4fa4-a97d-d965ccfc6d4b" outcome="Passed" testListId="8c84fa94-04c1-424b-9868-57a2d4851a1d" relativeResultsDirectory="a76f94e4-06d3-4c86-9ed3-1510dbd3d824" />
    <UnitTestResult executionId="1dc4bf38-3b83-46c0-b44e-1d48249d4244" testId="90a10450-13d7-659a-72cd-0159d6526290" testName="Get_TimeScale_Enum_When_DifferentCasingOf_Week_In_GraphTimeScale_QueryString" computerName="DKSR-EFI-06" duration="00:00:00.0001927" startTime="2024-01-09T15:42:19.1383367+01:00" endTime="2024-01-09T15:42:19.1383367+01:00" testType="13cdc9d9-ddb5-4fa4-a97d-d965ccfc6d4b" outcome="Passed" testListId="8c84fa94-04c1-424b-9868-57a2d4851a1d" relativeResultsDirectory="1dc4bf38-3b83-46c0-b44e-1d48249d4244" />
    <UnitTestResult executionId="4e18ccbb-6fde-494e-b2df-7f8331cb2334" testId="97bef6f8-1dc5-0841-328d-9d61c6b07a84" testName="On_Page_PreInit_GetThemeTypeLight_From_QueryString" computerName="DKSR-EFI-06" duration="00:00:00.0010870" startTime="2024-01-09T15:42:19.9352108+01:00" endTime="2024-01-09T15:42:19.9352108+01:00" testType="13cdc9d9-ddb5-4fa4-a97d-d965ccfc6d4b" outcome="Passed" testListId="8c84fa94-04c1-424b-9868-57a2d4851a1d" relativeResultsDirectory="4e18ccbb-6fde-494e-b2df-7f8331cb2334" />
    <UnitTestResult executionId="c6e178d1-f0fe-4dd3-b7b2-64ce27f1c698" testId="10408c77-2974-dbe6-898f-f3848345bce4" testName="Get_ResponseTime_Enum_When_DifferentCasingOf_ThirtyMinutes_In_ResponseTimeCompare_QueryString" computerName="DKSR-EFI-06" duration="00:00:00.0003059" startTime="2024-01-09T15:42:19.3258361+01:00" endTime="2024-01-09T15:42:19.3258361+01:00" testType="13cdc9d9-ddb5-4fa4-a97d-d965ccfc6d4b" outcome="Passed" testListId="8c84fa94-04c1-424b-9868-57a2d4851a1d" relativeResultsDirectory="c6e178d1-f0fe-4dd3-b7b2-64ce27f1c698" />
    <UnitTestResult executionId="2f087f7d-4f41-42c6-80e9-9e01ddd276c5" testId="173a011c-8fca-a0e0-d2af-b845a19f568f" testName="Get_AlarmReportType_Enum_When_ReasonCode_In_ReportType_QueryString" computerName="DKSR-EFI-06" duration="00:00:00.0004215" startTime="2024-01-09T15:42:19.2320859+01:00" endTime="2024-01-09T15:42:19.2477121+01:00" testType="13cdc9d9-ddb5-4fa4-a97d-d965ccfc6d4b" outcome="Passed" testListId="8c84fa94-04c1-424b-9868-57a2d4851a1d" relativeResultsDirectory="2f087f7d-4f41-42c6-80e9-9e01ddd276c5" />
    <UnitTestResult executionId="f4a66357-096a-42ae-9432-f9ad475369a0" testId="b143a61d-2882-65d8-651c-8950e68545ce" testName="Get_TimeScale_Enum_When_Week_In_GraphTimeScale_QueryString" computerName="DKSR-EFI-06" duration="00:00:00.0001857" startTime="2024-01-09T15:42:19.1383367+01:00" endTime="2024-01-09T15:42:19.1383367+01:00" testType="13cdc9d9-ddb5-4fa4-a97d-d965ccfc6d4b" outcome="Passed" testListId="8c84fa94-04c1-424b-9868-57a2d4851a1d" relativeResultsDirectory="f4a66357-096a-42ae-9432-f9ad475369a0" />
    <UnitTestResult executionId="7927f527-ebe7-49da-8d93-af657aa4863e" testId="e3eeaaec-1ba7-2e14-cb56-d6aad25242c0" testName="Get_ResponseTime_Enum_When_DifferentCasingOf_OneDay_In_ResponseTimeCompare_QueryString" computerName="DKSR-EFI-06" duration="00:00:00.0004196" startTime="2024-01-09T15:42:19.3570866+01:00" endTime="2024-01-09T15:42:19.3570866+01:00" testType="13cdc9d9-ddb5-4fa4-a97d-d965ccfc6d4b" outcome="Passed" testListId="8c84fa94-04c1-424b-9868-57a2d4851a1d" relativeResultsDirectory="7927f527-ebe7-49da-8d93-af657aa4863e" />
    <UnitTestResult executionId="4ead1fcb-33bc-4d8c-ad6f-8066c8857427" testId="d601238b-acd5-12cb-9d92-100ff5cfad9c" testName="Get_AlarmTimeScale_Enum_When_Null_In_GraphTimeScale_QueryString" computerName="DKSR-EFI-06" duration="00:00:00.0040314" startTime="2024-01-09T15:42:19.1695863+01:00" endTime="2024-01-09T15:42:19.1695863+01:00" testType="13cdc9d9-ddb5-4fa4-a97d-d965ccfc6d4b" outcome="Passed" testListId="8c84fa94-04c1-424b-9868-57a2d4851a1d" relativeResultsDirectory="4ead1fcb-33bc-4d8c-ad6f-8066c8857427" />
    <UnitTestResult executionId="1204b6f2-ca9d-4a68-a62c-2167463c20d0" testId="73e3d3ed-a6df-a126-f649-86d169052f47" testName="Get_ResponseTime_Enum_When_EmptyString_In_ResponseTimeCompare_QueryString" computerName="DKSR-EFI-06" duration="00:00:00.0002151" startTime="2024-01-09T15:42:19.3102084+01:00" endTime="2024-01-09T15:42:19.3102084+01:00" testType="13cdc9d9-ddb5-4fa4-a97d-d965ccfc6d4b" outcome="Passed" testListId="8c84fa94-04c1-424b-9868-57a2d4851a1d" relativeResultsDirectory="1204b6f2-ca9d-4a68-a62c-2167463c20d0" />
    <UnitTestResult executionId="632d245d-3ad7-472c-9442-e246f1aae5ac" testId="22dbbfc5-d0d8-53b9-ee30-472392406cc6" testName="On_Page_Load_Get_Redirected_When_No_Id_In_QueryString" computerName="DKSR-EFI-06" duration="00:00:00.0189364" startTime="2024-01-09T15:42:20.4352115+01:00" endTime="2024-01-09T15:42:20.4508862+01:00" testType="13cdc9d9-ddb5-4fa4-a97d-d965ccfc6d4b" outcome="Passed" testListId="8c84fa94-04c1-424b-9868-57a2d4851a1d" relativeResultsDirectory="632d245d-3ad7-472c-9442-e246f1aae5ac" />
    <UnitTestResult executionId="116bd019-dea7-4776-8ef7-06981791aca9" testId="46e354bc-bb97-3668-0ae4-419916a212a4" testName="Get_ResponseTime_Enum_When_Missing_QueryString_ForCompare" computerName="DKSR-EFI-06" duration="00:00:00.0011141" startTime="2024-01-09T15:42:19.3727108+01:00" endTime="2024-01-09T15:42:19.3727108+01:00" testType="13cdc9d9-ddb5-4fa4-a97d-d965ccfc6d4b" outcome="Passed" testListId="8c84fa94-04c1-424b-9868-57a2d4851a1d" relativeResultsDirectory="116bd019-dea7-4776-8ef7-06981791aca9" />
    <UnitTestResult executionId="11e9b5e5-ab2b-4637-a073-255de8b3e9db" testId="4cbdbe8b-9b00-ffc6-a413-831a4c100c41" testName="TimescaleGraph_MB_Even_Test" computerName="DKSR-EFI-06" duration="00:00:00.0028194" startTime="2024-01-09T15:42:21.4977132+01:00" endTime="2024-01-09T15:42:21.4977132+01:00" testType="13cdc9d9-ddb5-4fa4-a97d-d965ccfc6d4b" outcome="Passed" testListId="8c84fa94-04c1-424b-9868-57a2d4851a1d" relativeResultsDirectory="11e9b5e5-ab2b-4637-a073-255de8b3e9db" />
    <UnitTestResult executionId="ce161456-bf21-4a4f-95f6-517fe0fd01fd" testId="f91681e0-b980-d03d-aaa1-97ecc1b0ae55" testName="Get_ResponseTime_Enum_When_TwoHours_In_ResponseTimeCompare_QueryString" computerName="DKSR-EFI-06" duration="00:00:00.0003503" startTime="2024-01-09T15:42:19.3414860+01:00" endTime="2024-01-09T15:42:19.3414860+01:00" testType="13cdc9d9-ddb5-4fa4-a97d-d965ccfc6d4b" outcome="Passed" testListId="8c84fa94-04c1-424b-9868-57a2d4851a1d" relativeResultsDirectory="ce161456-bf21-4a4f-95f6-517fe0fd01fd" />
    <UnitTestResult executionId="40702628-45d7-4deb-8c07-c614457987cd" testId="286df669-7c05-7ef0-5d5a-14a01947459c" testName="Get_ResponseTime_Enum_When_EightHours_In_ResponseTimeCompare_QueryString" computerName="DKSR-EFI-06" duration="00:00:00.0002153" startTime="2024-01-09T15:42:19.3414860+01:00" endTime="2024-01-09T15:42:19.3414860+01:00" testType="13cdc9d9-ddb5-4fa4-a97d-d965ccfc6d4b" outcome="Passed" testListId="8c84fa94-04c1-424b-9868-57a2d4851a1d" relativeResultsDirectory="40702628-45d7-4deb-8c07-c614457987cd" />
    <UnitTestResult executionId="c1167d10-a115-4bad-905a-f14fd340e8d3" testId="09d777a2-bacc-67af-df8c-6ce5db5f2c08" testName="DgCameras_ItemDataBound_Test" computerName="DKSR-EFI-06" duration="00:00:00.0232588" startTime="2024-01-09T15:42:20.8727124+01:00" endTime="2024-01-09T15:42:20.9039651+01:00" testType="13cdc9d9-ddb5-4fa4-a97d-d965ccfc6d4b" outcome="Passed" testListId="8c84fa94-04c1-424b-9868-57a2d4851a1d" relativeResultsDirectory="c1167d10-a115-4bad-905a-f14fd340e8d3" />
    <UnitTestResult executionId="935ed250-d3f8-4a51-9fcb-1977a3fc5263" testId="ef485d36-4558-5df1-9e36-bb82e2f8b9ea" testName="Get_AlarmTimeScale_Enum_When_DifferentCasingOf_Month_In_GraphTimeScale_QueryString" computerName="DKSR-EFI-06" duration="00:00:00.0001953" startTime="2024-01-09T15:42:19.1852087+01:00" endTime="2024-01-09T15:42:19.1852087+01:00" testType="13cdc9d9-ddb5-4fa4-a97d-d965ccfc6d4b" outcome="Passed" testListId="8c84fa94-04c1-424b-9868-57a2d4851a1d" relativeResultsDirectory="935ed250-d3f8-4a51-9fcb-1977a3fc5263" />
    <UnitTestResult executionId="74c789f0-9022-460a-9b31-defe89ffb34c" testId="4a6c484a-eb94-9f43-0629-e392cecca5aa" testName="Get_ResponseTime_Enum_When_DifferentCasingOfTwoHours_In_ResponseTime_QueryString" computerName="DKSR-EFI-06" duration="00:00:00.0002051" startTime="2024-01-09T15:42:19.2789604+01:00" endTime="2024-01-09T15:42:19.2789604+01:00" testType="13cdc9d9-ddb5-4fa4-a97d-d965ccfc6d4b" outcome="Passed" testListId="8c84fa94-04c1-424b-9868-57a2d4851a1d" relativeResultsDirectory="74c789f0-9022-460a-9b31-defe89ffb34c" />
    <UnitTestResult executionId="f132b829-05b3-4403-b03e-8398d37ad5ed" testId="13b3ce6a-d631-9ecc-68f8-196bc0b3d30f" testName="Get_ResponseTime_Enum_When_TwoDays_In_ResponseTime_QueryString" computerName="DKSR-EFI-06" duration="00:00:00.0002170" startTime="2024-01-09T15:42:19.2945870+01:00" endTime="2024-01-09T15:42:19.2945870+01:00" testType="13cdc9d9-ddb5-4fa4-a97d-d965ccfc6d4b" outcome="Passed" testListId="8c84fa94-04c1-424b-9868-57a2d4851a1d" relativeResultsDirectory="f132b829-05b3-4403-b03e-8398d37ad5ed" />
    <UnitTestResult executionId="da3e0978-0bfa-4955-b142-efac106fcb17" testId="42a22271-1cc9-70a6-d048-fe0a2b56053a" testName="Get_ResponseTime_Enum_When_Null_In_ResponseTime_QueryString" computerName="DKSR-EFI-06" duration="00:00:00.0043465" startTime="2024-01-09T15:42:19.2633348+01:00" endTime="2024-01-09T15:42:19.2633348+01:00" testType="13cdc9d9-ddb5-4fa4-a97d-d965ccfc6d4b" outcome="Passed" testListId="8c84fa94-04c1-424b-9868-57a2d4851a1d" relativeResultsDirectory="da3e0978-0bfa-4955-b142-efac106fcb17" />
    <UnitTestResult executionId="bc0e063f-5531-4fe5-a297-9db4d49fc88d" testId="ec8dad84-3a5f-c30b-efd2-c2e4114175b9" testName="Get_AlarmReportType_Enum_When_DifferentCasingOf_ResponseTime_In_ReportType_QueryString" computerName="DKSR-EFI-06" duration="00:00:00.0002289" startTime="2024-01-09T15:42:19.2477121+01:00" endTime="2024-01-09T15:42:19.2477121+01:00" testType="13cdc9d9-ddb5-4fa4-a97d-d965ccfc6d4b" outcome="Passed" testListId="8c84fa94-04c1-424b-9868-57a2d4851a1d" relativeResultsDirectory="bc0e063f-5531-4fe5-a297-9db4d49fc88d" />
    <UnitTestResult executionId="b57c2466-f263-47fe-a726-1515c8335310" testId="a10f9d41-2851-e1bf-f8a6-cc8c19abc0df" testName="DataGridNetwork_ItemDataBound_Test" computerName="DKSR-EFI-06" duration="00:00:00.0056649" startTime="2024-01-09T15:42:20.8414623+01:00" endTime="2024-01-09T15:42:20.8570881+01:00" testType="13cdc9d9-ddb5-4fa4-a97d-d965ccfc6d4b" outcome="Passed" testListId="8c84fa94-04c1-424b-9868-57a2d4851a1d" relativeResultsDirectory="b57c2466-f263-47fe-a726-1515c8335310" />
    <UnitTestResult executionId="0498077c-d85c-4aeb-b865-c0e2a8e12cae" testId="96eb91ff-02cf-c189-21a5-e8a94f83a4fe" testName="CPUUsage_Timer_Tick_Test" computerName="DKSR-EFI-06" duration="00:00:00.0016720" startTime="2024-01-09T15:42:20.6852118+01:00" endTime="2024-01-09T15:42:20.7008371+01:00" testType="13cdc9d9-ddb5-4fa4-a97d-d965ccfc6d4b" outcome="Passed" testListId="8c84fa94-04c1-424b-9868-57a2d4851a1d" relativeResultsDirectory="0498077c-d85c-4aeb-b865-c0e2a8e12cae" />
    <UnitTestResult executionId="72f5aa3c-3d93-4069-9f90-140c2e6aeb91" testId="d9a23774-9416-0ce4-9314-168755dd0065" testName="On_Page_PreInit_Get_RedirectedToErrorPage_When_RequestIsUnSecureAndEncryptionIsEnabled" computerName="DKSR-EFI-06" duration="00:00:00.0942451" startTime="2024-01-09T15:42:19.9664604+01:00" endTime="2024-01-09T15:42:20.0602098+01:00" testType="13cdc9d9-ddb5-4fa4-a97d-d965ccfc6d4b" outcome="Passed" testListId="8c84fa94-04c1-424b-9868-57a2d4851a1d" relativeResultsDirectory="72f5aa3c-3d93-4069-9f90-140c2e6aeb91" />
    <UnitTestResult executionId="eafb2869-8477-4a60-9152-b7e865864b6f" testId="209d23a0-ce47-409e-6dfd-7813afe74f6f" testName="Get_AlarmReportType_Enum_When_DifferentCasingOf_Priority_In_ReportType_QueryString" computerName="DKSR-EFI-06" duration="00:00:00.0001921" startTime="2024-01-09T15:42:19.2320859+01:00" endTime="2024-01-09T15:42:19.2320859+01:00" testType="13cdc9d9-ddb5-4fa4-a97d-d965ccfc6d4b" outcome="Passed" testListId="8c84fa94-04c1-424b-9868-57a2d4851a1d" relativeResultsDirectory="eafb2869-8477-4a60-9152-b7e865864b6f" />
    <UnitTestResult executionId="955e0d28-f4ed-460b-82e6-b56852e465da" testId="da520897-7c8b-32a9-e4d5-9376d5118ed9" testName="On_Page_Init_Get_Redirected_When_No_UserToken_In_QueryString" computerName="DKSR-EFI-06" duration="00:00:00.0008506" startTime="2024-01-09T15:42:20.1383353+01:00" endTime="2024-01-09T15:42:20.1383353+01:00" testType="13cdc9d9-ddb5-4fa4-a97d-d965ccfc6d4b" outcome="Passed" testListId="8c84fa94-04c1-424b-9868-57a2d4851a1d" relativeResultsDirectory="955e0d28-f4ed-460b-82e6-b56852e465da" />
    <UnitTestResult executionId="76f256ba-fd35-424a-b7cf-52d2f0d7d095" testId="122247dd-ec07-5505-009e-47cb0b73ac47" testName="ServerStatus_Timer_Tick_ConnectionState_ReConnecting_Test" computerName="DKSR-EFI-06" duration="00:00:00.0010038" startTime="2024-01-09T15:42:20.6852118+01:00" endTime="2024-01-09T15:42:20.6852118+01:00" testType="13cdc9d9-ddb5-4fa4-a97d-d965ccfc6d4b" outcome="Passed" testListId="8c84fa94-04c1-424b-9868-57a2d4851a1d" relativeResultsDirectory="76f256ba-fd35-424a-b7cf-52d2f0d7d095" />
    <UnitTestResult executionId="783e40d4-b5f8-4eb9-96d0-8fd2e16f973e" testId="98539aa4-356c-5d0a-3686-37d8f18bd8a4" testName="On_Page_Load_Get_Redirected_When_No_Id_In_QueryString" computerName="DKSR-EFI-06" duration="00:00:00.0165655" startTime="2024-01-09T15:42:20.2789617+01:00" endTime="2024-01-09T15:42:20.3102111+01:00" testType="13cdc9d9-ddb5-4fa4-a97d-d965ccfc6d4b" outcome="Passed" testListId="8c84fa94-04c1-424b-9868-57a2d4851a1d" relativeResultsDirectory="783e40d4-b5f8-4eb9-96d0-8fd2e16f973e" />
    <UnitTestResult executionId="1b42fe68-1a45-4af8-8baf-e263c613b964" testId="34bb7583-dc46-f58b-2bcf-238ab2212c71" testName="RepStorage_ItemDataBound_UnitUnknown_Test" computerName="DKSR-EFI-06" duration="00:00:00.0094563" startTime="2024-01-09T15:42:20.8258382+01:00" endTime="2024-01-09T15:42:20.8258382+01:00" testType="13cdc9d9-ddb5-4fa4-a97d-d965ccfc6d4b" outcome="Passed" testListId="8c84fa94-04c1-424b-9868-57a2d4851a1d" relativeResultsDirectory="1b42fe68-1a45-4af8-8baf-e263c613b964" />
    <UnitTestResult executionId="cfa3c49a-77b7-457c-bf48-ae45d1995244" testId="553d57c3-efa1-f232-778c-6b1c3bb32f63" testName="Get_AlarmReportType_Enum_When_Site_In_ReportType_QueryString" computerName="DKSR-EFI-06" duration="00:00:00.0001996" startTime="2024-01-09T15:42:19.2477121+01:00" endTime="2024-01-09T15:42:19.2477121+01:00" testType="13cdc9d9-ddb5-4fa4-a97d-d965ccfc6d4b" outcome="Passed" testListId="8c84fa94-04c1-424b-9868-57a2d4851a1d" relativeResultsDirectory="cfa3c49a-77b7-457c-bf48-ae45d1995244" />
    <UnitTestResult executionId="22d6fde1-2e9c-407d-b13e-3e370f1e3211" testId="5a832154-02a7-490f-2959-bff1f3f87729" testName="Get_AlarmTimeScale_Enum_When_Month_In_GraphTimeScale_QueryString" computerName="DKSR-EFI-06" duration="00:00:00.0001989" startTime="2024-01-09T15:42:19.1852087+01:00" endTime="2024-01-09T15:42:19.1852087+01:00" testType="13cdc9d9-ddb5-4fa4-a97d-d965ccfc6d4b" outcome="Passed" testListId="8c84fa94-04c1-424b-9868-57a2d4851a1d" relativeResultsDirectory="22d6fde1-2e9c-407d-b13e-3e370f1e3211" />
    <UnitTestResult executionId="97a81b7b-7653-4f43-a974-58d7c5d5245a" testId="5fb3e6f7-a739-34fa-c5bb-b39273f294f3" testName="On_Page_Load_Get_Redirected_When_No_Id_In_QueryString" computerName="DKSR-EFI-06" duration="00:00:00.0084991" startTime="2024-01-09T15:42:20.3727122+01:00" endTime="2024-01-09T15:42:20.3883369+01:00" testType="13cdc9d9-ddb5-4fa4-a97d-d965ccfc6d4b" outcome="Passed" testListId="8c84fa94-04c1-424b-9868-57a2d4851a1d" relativeResultsDirectory="97a81b7b-7653-4f43-a974-58d7c5d5245a" />
    <UnitTestResult executionId="ffa51569-fdea-4e75-a3ce-cca2bf6e8d5d" testId="91ed886e-059e-34b5-fdac-93602c8b65b4" testName="Get_SubReportTypeGuid_When_Null_In_SubReportTypeCompare_QueryString" computerName="DKSR-EFI-06" duration="00:00:00.0009840" startTime="2024-01-09T15:42:19.3883502+01:00" endTime="2024-01-09T15:42:19.3883502+01:00" testType="13cdc9d9-ddb5-4fa4-a97d-d965ccfc6d4b" outcome="Passed" testListId="8c84fa94-04c1-424b-9868-57a2d4851a1d" relativeResultsDirectory="ffa51569-fdea-4e75-a3ce-cca2bf6e8d5d" />
    <UnitTestResult executionId="00fd8c51-2006-47d5-afde-09481bdc1322" testId="a4f53d2a-6aa3-56f3-9e23-5b8d4649242e" testName="DiskWrite_Timer_Tick_Test" computerName="DKSR-EFI-06" duration="00:00:00.0025426" startTime="2024-01-09T15:42:20.7945876+01:00" endTime="2024-01-09T15:42:20.7945876+01:00" testType="13cdc9d9-ddb5-4fa4-a97d-d965ccfc6d4b" outcome="Passed" testListId="8c84fa94-04c1-424b-9868-57a2d4851a1d" relativeResultsDirectory="00fd8c51-2006-47d5-afde-09481bdc1322" />
    <UnitTestResult executionId="9198a41d-7c63-4598-a8ce-3c129fe7e2ec" testId="77fa738f-7c15-cf1e-1467-4dd476a091c8" testName="Get_AlarmReportType_Enum_When_Category_In_ReportType_QueryString" computerName="DKSR-EFI-06" duration="00:00:00.0001873" startTime="2024-01-09T15:42:19.2164613+01:00" endTime="2024-01-09T15:42:19.2320859+01:00" testType="13cdc9d9-ddb5-4fa4-a97d-d965ccfc6d4b" outcome="Passed" testListId="8c84fa94-04c1-424b-9868-57a2d4851a1d" relativeResultsDirectory="9198a41d-7c63-4598-a8ce-3c129fe7e2ec" />
    <UnitTestResult executionId="ad4ca82d-ef2b-4820-9e5f-edb078825c4c" testId="bd4c89a1-a644-c036-0831-0258245a72ef" testName="Get_AlarmReportType_Enum_When_ResponseTime_In_ReportType_QueryString" computerName="DKSR-EFI-06" duration="00:00:00.0001984" startTime="2024-01-09T15:42:19.2477121+01:00" endTime="2024-01-09T15:42:19.2477121+01:00" testType="13cdc9d9-ddb5-4fa4-a97d-d965ccfc6d4b" outcome="Passed" testListId="8c84fa94-04c1-424b-9868-57a2d4851a1d" relativeResultsDirectory="ad4ca82d-ef2b-4820-9e5f-edb078825c4c" />
    <UnitTestResult executionId="ee36a48d-69ec-4a31-98c0-99ae35fb1764" testId="fcc27f48-422a-f79c-2e42-c2d8c5e59806" testName="Get_AlarmReportType_Enum_When_DifferentCasingOf_Category_In_ReportType_QueryString" computerName="DKSR-EFI-06" duration="00:00:00.0001880" startTime="2024-01-09T15:42:19.2320859+01:00" endTime="2024-01-09T15:42:19.2320859+01:00" testType="13cdc9d9-ddb5-4fa4-a97d-d965ccfc6d4b" outcome="Passed" testListId="8c84fa94-04c1-424b-9868-57a2d4851a1d" relativeResultsDirectory="ee36a48d-69ec-4a31-98c0-99ae35fb1764" />
    <UnitTestResult executionId="eb691604-09c3-403d-b805-1a6b9292a87f" testId="3b499ff3-6233-4c6a-650c-7067256c9b65" testName="Cameras_Timer_Tick_Test" computerName="DKSR-EFI-06" duration="00:00:00.0091676" startTime="2024-01-09T15:42:20.9195870+01:00" endTime="2024-01-09T15:42:20.9195870+01:00" testType="13cdc9d9-ddb5-4fa4-a97d-d965ccfc6d4b" outcome="Passed" testListId="8c84fa94-04c1-424b-9868-57a2d4851a1d" relativeResultsDirectory="eb691604-09c3-403d-b805-1a6b9292a87f" />
    <UnitTestResult executionId="d7f677ff-ad34-4421-802c-4bde7ca84764" testId="870444a8-b27b-10be-b976-827f7c56971a" testName="Get_AlarmReportType_Enum_When_State_In_ReportType_QueryString" computerName="DKSR-EFI-06" duration="00:00:00.0001915" startTime="2024-01-09T15:42:19.2320859+01:00" endTime="2024-01-09T15:42:19.2320859+01:00" testType="13cdc9d9-ddb5-4fa4-a97d-d965ccfc6d4b" outcome="Passed" testListId="8c84fa94-04c1-424b-9868-57a2d4851a1d" relativeResultsDirectory="d7f677ff-ad34-4421-802c-4bde7ca84764" />
    <UnitTestResult executionId="ad4076d4-cfd0-40e9-be16-68fd794538be" testId="2e400254-8b9a-9238-5de7-9c2b88fec585" testName="Get_AlarmTimeScale_Enum_When_DifferentCasingOf_SixMonth_In_GraphTimeScale_QueryString" computerName="DKSR-EFI-06" duration="00:00:00.0001900" startTime="2024-01-09T15:42:19.2008343+01:00" endTime="2024-01-09T15:42:19.2008343+01:00" testType="13cdc9d9-ddb5-4fa4-a97d-d965ccfc6d4b" outcome="Passed" testListId="8c84fa94-04c1-424b-9868-57a2d4851a1d" relativeResultsDirectory="ad4076d4-cfd0-40e9-be16-68fd794538be" />
    <UnitTestResult executionId="113426fc-d256-4374-a3ed-a905275a9eda" testId="28131be1-9d9d-8bc5-0e85-3f0bf3f995f7" testName="AlarmGraph_Test" computerName="DKSR-EFI-06" duration="00:00:00.0192444" startTime="2024-01-09T15:42:21.5289621+01:00" endTime="2024-01-09T15:42:21.5602133+01:00" testType="13cdc9d9-ddb5-4fa4-a97d-d965ccfc6d4b" outcome="Passed" testListId="8c84fa94-04c1-424b-9868-57a2d4851a1d" relativeResultsDirectory="113426fc-d256-4374-a3ed-a905275a9eda" />
    <UnitTestResult executionId="21be9641-8dcd-4a77-8e23-d6e120f929c9" testId="7225938f-be28-99ce-af08-5258c50aad3a" testName="Get_SubReportTypeGuid_When_InvalidString_In_SubReportType_QueryString" computerName="DKSR-EFI-06" duration="00:00:00.0011158" startTime="2024-01-09T15:42:19.3883502+01:00" endTime="2024-01-09T15:42:19.3883502+01:00" testType="13cdc9d9-ddb5-4fa4-a97d-d965ccfc6d4b" outcome="Passed" testListId="8c84fa94-04c1-424b-9868-57a2d4851a1d" relativeResultsDirectory="21be9641-8dcd-4a77-8e23-d6e120f929c9" />
    <UnitTestResult executionId="338d46cd-4ca7-4581-bf25-7da543f7ccfd" testId="f9b6ae41-31eb-9037-58fb-586ddc54ed49" testName="Get_ResponseTime_Enum_When_DifferentCasingOf_OneWeek_In_ResponseTimeCompare_QueryString" computerName="DKSR-EFI-06" duration="00:00:00.0003205" startTime="2024-01-09T15:42:19.3570866+01:00" endTime="2024-01-09T15:42:19.3570866+01:00" testType="13cdc9d9-ddb5-4fa4-a97d-d965ccfc6d4b" outcome="Passed" testListId="8c84fa94-04c1-424b-9868-57a2d4851a1d" relativeResultsDirectory="338d46cd-4ca7-4581-bf25-7da543f7ccfd" />
    <UnitTestResult executionId="e9604f4e-8052-49a5-8956-fa374e042984" testId="bb725fdb-5878-73f9-8bc9-600664e7967b" testName="On_Page_Load_When_PostBack_And_localization_Holds_A_value_For_ServerType" computerName="DKSR-EFI-06" duration="00:00:00.0015422" startTime="2024-01-09T15:42:20.4039615+01:00" endTime="2024-01-09T15:42:20.4039615+01:00" testType="13cdc9d9-ddb5-4fa4-a97d-d965ccfc6d4b" outcome="Passed" testListId="8c84fa94-04c1-424b-9868-57a2d4851a1d" relativeResultsDirectory="e9604f4e-8052-49a5-8956-fa374e042984" />
    <UnitTestResult executionId="3fbe36ee-f75b-4c62-a80c-9da26f174850" testId="c0c0ad5c-3016-d150-aa7a-8d9baf1ec784" testName="ServerStatus_Timer_Tick_ConnectionState_Disconnected_Test" computerName="DKSR-EFI-06" duration="00:00:00.0011796" startTime="2024-01-09T15:42:20.6852118+01:00" endTime="2024-01-09T15:42:20.6852118+01:00" testType="13cdc9d9-ddb5-4fa4-a97d-d965ccfc6d4b" outcome="Passed" testListId="8c84fa94-04c1-424b-9868-57a2d4851a1d" relativeResultsDirectory="3fbe36ee-f75b-4c62-a80c-9da26f174850" />
    <UnitTestResult executionId="03664858-92c1-4c6e-8043-aea715fc578a" testId="920474e3-70a6-8158-fc96-5066f3d73db9" testName="Get_AlarmTimeScale_Enum_When_DifferentCasingOf_Day_In_GraphTimeScale_QueryString" computerName="DKSR-EFI-06" duration="00:00:00.0002182" startTime="2024-01-09T15:42:19.1852087+01:00" endTime="2024-01-09T15:42:19.1852087+01:00" testType="13cdc9d9-ddb5-4fa4-a97d-d965ccfc6d4b" outcome="Passed" testListId="8c84fa94-04c1-424b-9868-57a2d4851a1d" relativeResultsDirectory="03664858-92c1-4c6e-8043-aea715fc578a" />
    <UnitTestResult executionId="df2e7fa5-4412-4222-b3a1-16c64d01275b" testId="57c572cc-6ca5-91bb-01e1-86d80a8ebfb0" testName="Get_ResponseTime_Enum_When_EmptyString_In_ResponseTime_QueryString" computerName="DKSR-EFI-06" duration="00:00:00.0002407" startTime="2024-01-09T15:42:19.2633348+01:00" endTime="2024-01-09T15:42:19.2633348+01:00" testType="13cdc9d9-ddb5-4fa4-a97d-d965ccfc6d4b" outcome="Passed" testListId="8c84fa94-04c1-424b-9868-57a2d4851a1d" relativeResultsDirectory="df2e7fa5-4412-4222-b3a1-16c64d01275b" />
    <UnitTestResult executionId="29b86acc-2fce-44b7-92c5-58ca06687ca5" testId="122c056c-e2d7-eaf2-10ef-48ed8785e725" testName="TimescaleGraph_KBSec_Test" computerName="DKSR-EFI-06" duration="00:00:00.0027353" startTime="2024-01-09T15:42:21.5133390+01:00" endTime="2024-01-09T15:42:21.5133390+01:00" testType="13cdc9d9-ddb5-4fa4-a97d-d965ccfc6d4b" outcome="Passed" testListId="8c84fa94-04c1-424b-9868-57a2d4851a1d" relativeResultsDirectory="29b86acc-2fce-44b7-92c5-58ca06687ca5" />
    <UnitTestResult executionId="83589156-29b9-4ba4-b510-04d967fde57e" testId="a12c4361-f2ff-f121-3110-81b3e1451073" testName="RepArchive_ItemDataBound_UnitUnknown_Test" computerName="DKSR-EFI-06" duration="00:00:00.0015013" startTime="2024-01-09T15:42:20.8414623+01:00" endTime="2024-01-09T15:42:20.8414623+01:00" testType="13cdc9d9-ddb5-4fa4-a97d-d965ccfc6d4b" outcome="Passed" testListId="8c84fa94-04c1-424b-9868-57a2d4851a1d" relativeResultsDirectory="83589156-29b9-4ba4-b510-04d967fde57e" />
    <UnitTestResult executionId="c4edc618-b888-45ba-b408-05cd8207710f" testId="b6ad770b-55cb-3715-2515-8ef9606c503d" testName="Get_TimeScale_Enum_When_EmptyString_In_GraphTimeScale_QueryString" computerName="DKSR-EFI-06" duration="00:00:00.0005337" startTime="2024-01-09T15:42:19.1227108+01:00" endTime="2024-01-09T15:42:19.1227108+01:00" testType="13cdc9d9-ddb5-4fa4-a97d-d965ccfc6d4b" outcome="Passed" testListId="8c84fa94-04c1-424b-9868-57a2d4851a1d" relativeResultsDirectory="c4edc618-b888-45ba-b408-05cd8207710f" />
    <UnitTestResult executionId="a41960bd-2509-43f5-8d98-b42c54fbfef7" testId="d4f1f19e-b198-401d-7174-73afdb153752" testName="Get_ResponseTime_Enum_When_OneWeek_In_ResponseTime_QueryString" computerName="DKSR-EFI-06" duration="00:00:00.0001986" startTime="2024-01-09T15:42:19.3102084+01:00" endTime="2024-01-09T15:42:19.3102084+01:00" testType="13cdc9d9-ddb5-4fa4-a97d-d965ccfc6d4b" outcome="Passed" testListId="8c84fa94-04c1-424b-9868-57a2d4851a1d" relativeResultsDirectory="a41960bd-2509-43f5-8d98-b42c54fbfef7" />
    <UnitTestResult executionId="7e336a28-fa2f-4844-b3c0-772ae5c82270" testId="faf8a463-0c1a-576b-085e-443570e2dbbd" testName="Get_ResponseTime_Enum_When_OneDay_In_ResponseTime_QueryString" computerName="DKSR-EFI-06" duration="00:00:00.0002222" startTime="2024-01-09T15:42:19.2945870+01:00" endTime="2024-01-09T15:42:19.2945870+01:00" testType="13cdc9d9-ddb5-4fa4-a97d-d965ccfc6d4b" outcome="Passed" testListId="8c84fa94-04c1-424b-9868-57a2d4851a1d" relativeResultsDirectory="7e336a28-fa2f-4844-b3c0-772ae5c82270" />
    <UnitTestResult executionId="7a63c6b2-3c95-41d1-b8e4-d2d36ad3192a" testId="c0c6a1ed-b421-ac23-e05b-a86fa3b90c97" testName="Get_ResponseTime_Enum_When_DifferentCasingOf_In_ResponseTime_QueryString" computerName="DKSR-EFI-06" duration="00:00:00.0002159" startTime="2024-01-09T15:42:19.2789604+01:00" endTime="2024-01-09T15:42:19.2789604+01:00" testType="13cdc9d9-ddb5-4fa4-a97d-d965ccfc6d4b" outcome="Passed" testListId="8c84fa94-04c1-424b-9868-57a2d4851a1d" relativeResultsDirectory="7a63c6b2-3c95-41d1-b8e4-d2d36ad3192a" />
    <UnitTestResult executionId="c11bb847-5a1c-4ff7-9f3b-3fa2e004f708" testId="72730497-a72a-01d7-b7fd-0252cb40c342" testName="ServerStatus_Timer_Tick_ConnectionState_AttachedPending_Test" computerName="DKSR-EFI-06" duration="00:00:00.0009549" startTime="2024-01-09T15:42:20.6852118+01:00" endTime="2024-01-09T15:42:20.6852118+01:00" testType="13cdc9d9-ddb5-4fa4-a97d-d965ccfc6d4b" outcome="Passed" testListId="8c84fa94-04c1-424b-9868-57a2d4851a1d" relativeResultsDirectory="c11bb847-5a1c-4ff7-9f3b-3fa2e004f708" />
    <UnitTestResult executionId="d3316307-e337-4d29-962f-f2cec98c6765" testId="779ea73c-7cc5-8406-d67e-232a9c1e5408" testName="Get_AlarmReportType_Enum_When_DifferentCasingOf_ReasonCode_In_ReportType_QueryString" computerName="DKSR-EFI-06" duration="00:00:00.0002032" startTime="2024-01-09T15:42:19.2477121+01:00" endTime="2024-01-09T15:42:19.2477121+01:00" testType="13cdc9d9-ddb5-4fa4-a97d-d965ccfc6d4b" outcome="Passed" testListId="8c84fa94-04c1-424b-9868-57a2d4851a1d" relativeResultsDirectory="d3316307-e337-4d29-962f-f2cec98c6765" />
    <UnitTestResult executionId="f394b25b-8087-4897-aa21-71ead113cec0" testId="410d531c-e85c-bec7-2227-68d3983760e8" testName="Get_AlarmReportType_Enum_When_DifferentCasingOf_Site_In_ReportType_QueryString" computerName="DKSR-EFI-06" duration="00:00:00.0001995" startTime="2024-01-09T15:42:19.2477121+01:00" endTime="2024-01-09T15:42:19.2477121+01:00" testType="13cdc9d9-ddb5-4fa4-a97d-d965ccfc6d4b" outcome="Passed" testListId="8c84fa94-04c1-424b-9868-57a2d4851a1d" relativeResultsDirectory="f394b25b-8087-4897-aa21-71ead113cec0" />
    <UnitTestResult executionId="40d5bc76-6624-4b40-acd9-5db0e2dd12cd" testId="a99370d8-c2c8-637c-f6bc-60509f1ab665" testName="Get_ResponseTimEnume_When_DifferentCasingOf_TwoHours_In_ResponseTimeCompare_QueryString" computerName="DKSR-EFI-06" duration="00:00:00.0002056" startTime="2024-01-09T15:42:19.3414860+01:00" endTime="2024-01-09T15:42:19.3414860+01:00" testType="13cdc9d9-ddb5-4fa4-a97d-d965ccfc6d4b" outcome="Passed" testListId="8c84fa94-04c1-424b-9868-57a2d4851a1d" relativeResultsDirectory="40d5bc76-6624-4b40-acd9-5db0e2dd12cd" />
    <UnitTestResult executionId="a4793665-6eb4-43c0-bcc3-53b79434e28b" testId="d436d199-7122-01e0-d8ec-3ba704ca7687" testName="On_Page_Init_Get_Token_When_UserToken_In_QueryString" computerName="DKSR-EFI-06" duration="00:00:00.0808347" startTime="2024-01-09T15:42:20.0602098+01:00" endTime="2024-01-09T15:42:20.1383353+01:00" testType="13cdc9d9-ddb5-4fa4-a97d-d965ccfc6d4b" outcome="Passed" testListId="8c84fa94-04c1-424b-9868-57a2d4851a1d" relativeResultsDirectory="a4793665-6eb4-43c0-bcc3-53b79434e28b" />
    <UnitTestResult executionId="efec81f5-0345-4754-b176-b0c0d0efb965" testId="517fae28-bdf5-b44f-9d8b-d583cd884859" testName="ServerStatus_Timer_Tick_ConnectionState_Connected_Test" computerName="DKSR-EFI-06" duration="00:00:00.0009179" startTime="2024-01-09T15:42:20.6695866+01:00" endTime="2024-01-09T15:42:20.6852118+01:00" testType="13cdc9d9-ddb5-4fa4-a97d-d965ccfc6d4b" outcome="Passed" testListId="8c84fa94-04c1-424b-9868-57a2d4851a1d" relativeResultsDirectory="efec81f5-0345-4754-b176-b0c0d0efb965" />
    <UnitTestResult executionId="1cf2d862-b7bc-4cb1-99cd-9fd1e4698b77" testId="2c539d41-0e30-cd0b-5017-134173555c37" testName="Get_ResponseTime_Enum_When_EightHours_In_ResponseTime_QueryString" computerName="DKSR-EFI-06" duration="00:00:00.0002086" startTime="2024-01-09T15:42:19.2945870+01:00" endTime="2024-01-09T15:42:19.2945870+01:00" testType="13cdc9d9-ddb5-4fa4-a97d-d965ccfc6d4b" outcome="Passed" testListId="8c84fa94-04c1-424b-9868-57a2d4851a1d" relativeResultsDirectory="1cf2d862-b7bc-4cb1-99cd-9fd1e4698b77" />
    <UnitTestResult executionId="4a0398b0-8def-47be-9608-784a55f7b1a9" testId="cc13eca7-a2e4-cfed-62ad-7c510fb49bf6" testName="Get_ResponseTime_Enum_When_DifferentCasingOf_OneWeek_In_ResponseTime_QueryString" computerName="DKSR-EFI-06" duration="00:00:00.0002395" startTime="2024-01-09T15:42:19.3102084+01:00" endTime="2024-01-09T15:42:19.3102084+01:00" testType="13cdc9d9-ddb5-4fa4-a97d-d965ccfc6d4b" outcome="Passed" testListId="8c84fa94-04c1-424b-9868-57a2d4851a1d" relativeResultsDirectory="4a0398b0-8def-47be-9608-784a55f7b1a9" />
    <UnitTestResult executionId="d118f1d5-9c45-4a4e-9d5a-60e5720069e5" testId="acbb3411-9a50-cf7b-9228-eef74855f8c0" testName="RepStorage_ItemDataBound_Test" computerName="DKSR-EFI-06" duration="00:00:00.0205637" startTime="2024-01-09T15:42:20.7945876+01:00" endTime="2024-01-09T15:42:20.8258382+01:00" testType="13cdc9d9-ddb5-4fa4-a97d-d965ccfc6d4b" outcome="Passed" testListId="8c84fa94-04c1-424b-9868-57a2d4851a1d" relativeResultsDirectory="d118f1d5-9c45-4a4e-9d5a-60e5720069e5" />
    <UnitTestResult executionId="5145a539-93c7-4a7c-8bbd-ad91c180739a" testId="8a158f30-7010-7b2d-45e1-ef1f80bc706a" testName="Get_AlarmReportType_Enum_When_DifferentCasingOf_Empty_In_ReportType_QueryString" computerName="DKSR-EFI-06" duration="00:00:00.0001968" startTime="2024-01-09T15:42:19.2164613+01:00" endTime="2024-01-09T15:42:19.2164613+01:00" testType="13cdc9d9-ddb5-4fa4-a97d-d965ccfc6d4b" outcome="Passed" testListId="8c84fa94-04c1-424b-9868-57a2d4851a1d" relativeResultsDirectory="5145a539-93c7-4a7c-8bbd-ad91c180739a" />
    <UnitTestResult executionId="2e7125ad-ec1d-4820-918a-d6b3eee023a2" testId="eef90c1f-26cb-de0c-acaa-f870c892e5f4" testName="On_Page_Init_Get_Redirected_When_UserToken_In_QueryString_And_User_Is_Not_Authenticated" computerName="DKSR-EFI-06" duration="00:00:00.0009460" startTime="2024-01-09T15:42:20.2633372+01:00" endTime="2024-01-09T15:42:20.2633372+01:00" testType="13cdc9d9-ddb5-4fa4-a97d-d965ccfc6d4b" outcome="Passed" testListId="8c84fa94-04c1-424b-9868-57a2d4851a1d" relativeResultsDirectory="2e7125ad-ec1d-4820-918a-d6b3eee023a2" />
    <UnitTestResult executionId="a9abe155-a432-4bda-8aa2-335475c76191" testId="3ed48983-5ae0-9b79-d2ce-485a21a9c50d" testName="Get_ResponseTime_Enum_When_Missing_QueryString" computerName="DKSR-EFI-06" duration="00:00:00.0011991" startTime="2024-01-09T15:42:19.3727108+01:00" endTime="2024-01-09T15:42:19.3727108+01:00" testType="13cdc9d9-ddb5-4fa4-a97d-d965ccfc6d4b" outcome="Passed" testListId="8c84fa94-04c1-424b-9868-57a2d4851a1d" relativeResultsDirectory="a9abe155-a432-4bda-8aa2-335475c76191" />
    <UnitTestResult executionId="b6a1cdbd-7991-44db-92a4-b461ffdf04e6" testId="da1ca156-adc8-c0a1-9e57-e8e92d878a1f" testName="Get_SubReportTypeGuid_When_EmptyString_In_SubReportTypeCompare_QueryString" computerName="DKSR-EFI-06" duration="00:00:00.0002088" startTime="2024-01-09T15:42:19.3883502+01:00" endTime="2024-01-09T15:42:19.3883502+01:00" testType="13cdc9d9-ddb5-4fa4-a97d-d965ccfc6d4b" outcome="Passed" testListId="8c84fa94-04c1-424b-9868-57a2d4851a1d" relativeResultsDirectory="b6a1cdbd-7991-44db-92a4-b461ffdf04e6" />
    <UnitTestResult executionId="a6aada54-14d0-4cc1-bb1a-cf336bbf46c1" testId="e9cbdd25-70fe-8c5a-7245-79d3ef4d8d61" testName="Get_AlarmTimeScale_Enum_When_EmptyString_In_GraphTimeScale_QueryString" computerName="DKSR-EFI-06" duration="00:00:00.0002198" startTime="2024-01-09T15:42:19.1695863+01:00" endTime="2024-01-09T15:42:19.1695863+01:00" testType="13cdc9d9-ddb5-4fa4-a97d-d965ccfc6d4b" outcome="Passed" testListId="8c84fa94-04c1-424b-9868-57a2d4851a1d" relativeResultsDirectory="a6aada54-14d0-4cc1-bb1a-cf336bbf46c1" />
    <UnitTestResult executionId="77857541-c6f9-4d73-8709-4544ceae1870" testId="b724ed5b-0bd4-f20a-90c6-f527441a90cb" testName="On_Page_Init_Get_Redirected_When_UserToken_In_QueryString_And_User_Is_Not_Authorized" computerName="DKSR-EFI-06" duration="00:00:00.0009086" startTime="2024-01-09T15:42:20.2633372+01:00" endTime="2024-01-09T15:42:20.2633372+01:00" testType="13cdc9d9-ddb5-4fa4-a97d-d965ccfc6d4b" outcome="Passed" testListId="8c84fa94-04c1-424b-9868-57a2d4851a1d" relativeResultsDirectory="77857541-c6f9-4d73-8709-4544ceae1870" />
    <UnitTestResult executionId="6197cd5e-1915-4275-b68e-7eaddd3638d3" testId="c7b453a8-426d-e431-cde8-3edccb8a9f59" testName="Get_ResponseTime_Enum_When_DifferentCasingOf_OneDay_In_ResponseTime_QueryString" computerName="DKSR-EFI-06" duration="00:00:00.0002217" startTime="2024-01-09T15:42:19.2945870+01:00" endTime="2024-01-09T15:42:19.2945870+01:00" testType="13cdc9d9-ddb5-4fa4-a97d-d965ccfc6d4b" outcome="Passed" testListId="8c84fa94-04c1-424b-9868-57a2d4851a1d" relativeResultsDirectory="6197cd5e-1915-4275-b68e-7eaddd3638d3" />
    <UnitTestResult executionId="f36a3b10-74c0-49ee-9af1-cb0daffb239f" testId="3539e051-b29a-492f-ef3d-3b940c68271c" testName="Get_AlarmTimeScale_Enum_When_SixMonth_In_GraphTimeScale_QueryString" computerName="DKSR-EFI-06" duration="00:00:00.0002034" startTime="2024-01-09T15:42:19.2008343+01:00" endTime="2024-01-09T15:42:19.2008343+01:00" testType="13cdc9d9-ddb5-4fa4-a97d-d965ccfc6d4b" outcome="Passed" testListId="8c84fa94-04c1-424b-9868-57a2d4851a1d" relativeResultsDirectory="f36a3b10-74c0-49ee-9af1-cb0daffb239f" />
    <UnitTestResult executionId="eb748420-fe4d-4185-8195-b560bb62c6c8" testId="a5e9c49b-8528-86fc-a44a-61de8444d295" testName="Timer_Tick_Test" computerName="DKSR-EFI-06" duration="00:00:00.0172822" startTime="2024-01-09T15:42:20.4039615+01:00" endTime="2024-01-09T15:42:20.4195865+01:00" testType="13cdc9d9-ddb5-4fa4-a97d-d965ccfc6d4b" outcome="Passed" testListId="8c84fa94-04c1-424b-9868-57a2d4851a1d" relativeResultsDirectory="eb748420-fe4d-4185-8195-b560bb62c6c8" />
    <UnitTestResult executionId="cb165d44-a020-44e9-87ab-be9ea7a42f51" testId="38135019-1c35-5e2e-0e06-63a607276d1a" testName="On_Page_PreInit_GetCulture_From_QueryString" computerName="DKSR-EFI-06" duration="00:00:00.1428997" startTime="2024-01-09T15:42:19.7789619+01:00" endTime="2024-01-09T15:42:19.9352108+01:00" testType="13cdc9d9-ddb5-4fa4-a97d-d965ccfc6d4b" outcome="Passed" testListId="8c84fa94-04c1-424b-9868-57a2d4851a1d" relativeResultsDirectory="cb165d44-a020-44e9-87ab-be9ea7a42f51" />
    <UnitTestResult executionId="35a67778-98ed-4ba9-86cf-bdf3a95316ec" testId="8482aa2e-074b-2848-4c96-36a28f05dce9" testName="ServerStatus_Timer_Tick_ServerUnknown_Test" computerName="DKSR-EFI-06" duration="00:00:00.0009958" startTime="2024-01-09T15:42:20.6695866+01:00" endTime="2024-01-09T15:42:20.6695866+01:00" testType="13cdc9d9-ddb5-4fa4-a97d-d965ccfc6d4b" outcome="Passed" testListId="8c84fa94-04c1-424b-9868-57a2d4851a1d" relativeResultsDirectory="35a67778-98ed-4ba9-86cf-bdf3a95316ec" />
    <UnitTestResult executionId="f2e02dd3-d3ae-4159-91fd-9dbf3e249344" testId="db8b831e-b9a4-9cd6-67cc-62449d3c1436" testName="On_Page_Init_AuthorizedToRead_With_Default_Parameters" computerName="DKSR-EFI-06" duration="00:00:00.0008993" startTime="2024-01-09T15:42:20.2789617+01:00" endTime="2024-01-09T15:42:20.2789617+01:00" testType="13cdc9d9-ddb5-4fa4-a97d-d965ccfc6d4b" outcome="Passed" testListId="8c84fa94-04c1-424b-9868-57a2d4851a1d" relativeResultsDirectory="f2e02dd3-d3ae-4159-91fd-9dbf3e249344" />
    <UnitTestResult executionId="8d66ed2a-e556-43fa-8888-1af4f035bd13" testId="6eea07d2-4e26-7378-d315-339a313f4f4d" testName="Get_TimeScale_Enum_When_Missing_QueryString" computerName="DKSR-EFI-06" duration="00:00:00.0008702" startTime="2024-01-09T15:42:19.1539609+01:00" endTime="2024-01-09T15:42:19.1695863+01:00" testType="13cdc9d9-ddb5-4fa4-a97d-d965ccfc6d4b" outcome="Passed" testListId="8c84fa94-04c1-424b-9868-57a2d4851a1d" relativeResultsDirectory="8d66ed2a-e556-43fa-8888-1af4f035bd13" />
    <UnitTestResult executionId="cb955c91-e647-40c6-95a7-647876d2ad8b" testId="347154c6-7d86-a0a0-6518-c236ab44c7bb" testName="Get_ResponseTime_Enum_When_OneWeek_In_ResponseTimeCompare_QueryString" computerName="DKSR-EFI-06" duration="00:00:00.0002183" startTime="2024-01-09T15:42:19.3570866+01:00" endTime="2024-01-09T15:42:19.3570866+01:00" testType="13cdc9d9-ddb5-4fa4-a97d-d965ccfc6d4b" outcome="Passed" testListId="8c84fa94-04c1-424b-9868-57a2d4851a1d" relativeResultsDirectory="cb955c91-e647-40c6-95a7-647876d2ad8b" />
    <UnitTestResult executionId="317092d9-a4f7-4d82-8cca-d60e8ec19fd6" testId="cde12623-2865-f1f3-f112-3919fc485e11" testName="On_Page_PreInit_GetThemeTypeDark_From_QueryString" computerName="DKSR-EFI-06" duration="00:00:00.0018451" startTime="2024-01-09T15:42:19.9352108+01:00" endTime="2024-01-09T15:42:19.9352108+01:00" testType="13cdc9d9-ddb5-4fa4-a97d-d965ccfc6d4b" outcome="Passed" testListId="8c84fa94-04c1-424b-9868-57a2d4851a1d" relativeResultsDirectory="317092d9-a4f7-4d82-8cca-d60e8ec19fd6" />
    <UnitTestResult executionId="5cfaba6a-f156-4a69-9a94-b1b6f32989db" testId="884a186e-34dc-475c-0ed4-8bafc3a6464b" testName="Get_ResponseTime_Enum_When_ThirtyMinutes_In_ResponseTime_QueryString" computerName="DKSR-EFI-06" duration="00:00:00.0002101" startTime="2024-01-09T15:42:19.2789604+01:00" endTime="2024-01-09T15:42:19.2789604+01:00" testType="13cdc9d9-ddb5-4fa4-a97d-d965ccfc6d4b" outcome="Passed" testListId="8c84fa94-04c1-424b-9868-57a2d4851a1d" relativeResultsDirectory="5cfaba6a-f156-4a69-9a94-b1b6f32989db" />
    <UnitTestResult executionId="d04f6a74-578b-4116-8988-68fb72c69854" testId="2646b88e-5943-af09-16a1-a159715ee820" testName="Get_ResponseTime_Enum_When_OneHour_In_ResponseTimeCompare_QueryString" computerName="DKSR-EFI-06" duration="00:00:00.0002197" startTime="2024-01-09T15:42:19.3258361+01:00" endTime="2024-01-09T15:42:19.3258361+01:00" testType="13cdc9d9-ddb5-4fa4-a97d-d965ccfc6d4b" outcome="Passed" testListId="8c84fa94-04c1-424b-9868-57a2d4851a1d" relativeResultsDirectory="d04f6a74-578b-4116-8988-68fb72c69854" />
    <UnitTestResult executionId="6f5648a8-5c6f-4c71-92ca-66f18b536e85" testId="52bbcd36-4e6d-b9b1-57a8-6caa7e8618d6" testName="On_Page_Load_Get_Redirected_When_No_RecorderOverview_Exist" computerName="DKSR-EFI-06" duration="00:00:00.0011796" startTime="2024-01-09T15:42:20.4508862+01:00" endTime="2024-01-09T15:42:20.4508862+01:00" testType="13cdc9d9-ddb5-4fa4-a97d-d965ccfc6d4b" outcome="Passed" testListId="8c84fa94-04c1-424b-9868-57a2d4851a1d" relativeResultsDirectory="6f5648a8-5c6f-4c71-92ca-66f18b536e85" />
    <UnitTestResult executionId="32bcca91-6cee-4a1a-9377-58907240a099" testId="a4b26214-ec7f-52be-9b78-565be3e2caab" testName="Get_AlarmReportType_Enum_When_EmptyString_In_ReportType_QueryString" computerName="DKSR-EFI-06" duration="00:00:00.0002279" startTime="2024-01-09T15:42:19.2164613+01:00" endTime="2024-01-09T15:42:19.2164613+01:00" testType="13cdc9d9-ddb5-4fa4-a97d-d965ccfc6d4b" outcome="Passed" testListId="8c84fa94-04c1-424b-9868-57a2d4851a1d" relativeResultsDirectory="32bcca91-6cee-4a1a-9377-58907240a099" />
    <UnitTestResult executionId="61018f8d-7d29-4a89-be4b-d7eb97436fe3" testId="106b5105-1e8c-3698-8baf-fb37f63192b2" testName="Get_ResponseTime_Enum_When_OneHour_In_ResponseTime_QueryString" computerName="DKSR-EFI-06" duration="00:00:00.0002038" startTime="2024-01-09T15:42:19.2633348+01:00" endTime="2024-01-09T15:42:19.2633348+01:00" testType="13cdc9d9-ddb5-4fa4-a97d-d965ccfc6d4b" outcome="Passed" testListId="8c84fa94-04c1-424b-9868-57a2d4851a1d" relativeResultsDirectory="61018f8d-7d29-4a89-be4b-d7eb97436fe3" />
    <UnitTestResult executionId="ce85adc9-df25-4e03-81cc-5b419ebc4446" testId="46703ae1-0a1d-9d01-2b27-b0a5f46ce866" testName="Get_ResponseTime_Enum_When_InvalidString_In_ResponseTimeCompare_QueryString" computerName="DKSR-EFI-06" duration="00:00:00.0002117" startTime="2024-01-09T15:42:19.3258361+01:00" endTime="2024-01-09T15:42:19.3258361+01:00" testType="13cdc9d9-ddb5-4fa4-a97d-d965ccfc6d4b" outcome="Passed" testListId="8c84fa94-04c1-424b-9868-57a2d4851a1d" relativeResultsDirectory="ce85adc9-df25-4e03-81cc-5b419ebc4446" />
    <UnitTestResult executionId="a74f671c-98d7-423d-9cad-b8a37cae680d" testId="ed543192-af1e-93df-bcbf-f2ccb8f0ac8e" testName="TimescaleGraph_GBSec_Test" computerName="DKSR-EFI-06" duration="00:00:00.0042911" startTime="2024-01-09T15:42:21.5289621+01:00" endTime="2024-01-09T15:42:21.5289621+01:00" testType="13cdc9d9-ddb5-4fa4-a97d-d965ccfc6d4b" outcome="Passed" testListId="8c84fa94-04c1-424b-9868-57a2d4851a1d" relativeResultsDirectory="a74f671c-98d7-423d-9cad-b8a37cae680d" />
    <UnitTestResult executionId="d1eabd15-f198-4494-85fd-2fdbcbcd511c" testId="566c0031-c779-f33f-8bdc-f1afaf20b887" testName="On_Page_PreInit_GetNoTheme_From_QueryString" computerName="DKSR-EFI-06" duration="00:00:00.0012879" startTime="2024-01-09T15:42:19.9352108+01:00" endTime="2024-01-09T15:42:19.9352108+01:00" testType="13cdc9d9-ddb5-4fa4-a97d-d965ccfc6d4b" outcome="Passed" testListId="8c84fa94-04c1-424b-9868-57a2d4851a1d" relativeResultsDirectory="d1eabd15-f198-4494-85fd-2fdbcbcd511c" />
    <UnitTestResult executionId="6987376a-8774-4a24-81c3-1327faeb7b42" testId="83c4175b-364a-60d2-066c-938b41c026da" testName="Get_AlarmReportType_Enum_When_Null_In_ReportType_QueryString" computerName="DKSR-EFI-06" duration="00:00:00.0044117" startTime="2024-01-09T15:42:19.2008343+01:00" endTime="2024-01-09T15:42:19.2164613+01:00" testType="13cdc9d9-ddb5-4fa4-a97d-d965ccfc6d4b" outcome="Passed" testListId="8c84fa94-04c1-424b-9868-57a2d4851a1d" relativeResultsDirectory="6987376a-8774-4a24-81c3-1327faeb7b42" />
    <UnitTestResult executionId="6e4d5f06-1798-437f-a63f-feeb8d98e477" testId="1771f7c3-38f6-b72b-c87f-b2e745d7971b" testName="Get_TimeScale_Enum_When_Month_In_GraphTimeScale_QueryString" computerName="DKSR-EFI-06" duration="00:00:00.0002004" startTime="2024-01-09T15:42:19.1383367+01:00" endTime="2024-01-09T15:42:19.1383367+01:00" testType="13cdc9d9-ddb5-4fa4-a97d-d965ccfc6d4b" outcome="Passed" testListId="8c84fa94-04c1-424b-9868-57a2d4851a1d" relativeResultsDirectory="6e4d5f06-1798-437f-a63f-feeb8d98e477" />
    <UnitTestResult executionId="545c1183-a9da-4083-a65e-ad768669d0f9" testId="036a49c9-5547-c24e-4db8-92cae9de82ed" testName="Get_ResponseTime_Enum_When_DifferentCasingOf_EightHours_In_ResponseTime_QueryString" computerName="DKSR-EFI-06" duration="00:00:00.0002100" startTime="2024-01-09T15:42:19.2945870+01:00" endTime="2024-01-09T15:42:19.2945870+01:00" testType="13cdc9d9-ddb5-4fa4-a97d-d965ccfc6d4b" outcome="Passed" testListId="8c84fa94-04c1-424b-9868-57a2d4851a1d" relativeResultsDirectory="545c1183-a9da-4083-a65e-ad768669d0f9" />
    <UnitTestResult executionId="1fb53e31-7066-4a86-be32-bdad6e75262c" testId="17f820a9-098b-a12b-bace-5f5e78c2d417" testName="Get_ResponseTime_Enum_When_OneDay_In_ResponseTimeCompare_QueryString" computerName="DKSR-EFI-06" duration="00:00:00.0001991" startTime="2024-01-09T15:42:19.3414860+01:00" endTime="2024-01-09T15:42:19.3414860+01:00" testType="13cdc9d9-ddb5-4fa4-a97d-d965ccfc6d4b" outcome="Passed" testListId="8c84fa94-04c1-424b-9868-57a2d4851a1d" relativeResultsDirectory="1fb53e31-7066-4a86-be32-bdad6e75262c" />
    <UnitTestResult executionId="53ead4f0-6c5d-449a-ba66-397bec675935" testId="2fbfdc53-c138-a210-f77e-5534ac664cbd" testName="Get_ResponseTime_Enum_When_ThirtyMinutes_In_ResponseTimeCompare_QueryString" computerName="DKSR-EFI-06" duration="00:00:00.0002106" startTime="2024-01-09T15:42:19.3258361+01:00" endTime="2024-01-09T15:42:19.3258361+01:00" testType="13cdc9d9-ddb5-4fa4-a97d-d965ccfc6d4b" outcome="Passed" testListId="8c84fa94-04c1-424b-9868-57a2d4851a1d" relativeResultsDirectory="53ead4f0-6c5d-449a-ba66-397bec675935" />
    <UnitTestResult executionId="4927e7b8-4c5b-44d6-a846-4cb5eeb3ea5e" testId="03d2be46-aca8-cddb-ca1c-3bbc268bbec2" testName="Get_SubReportTypeGuid_When_Missing_QueryString" computerName="DKSR-EFI-06" duration="00:00:00.0009883" startTime="2024-01-09T15:42:19.4039599+01:00" endTime="2024-01-09T15:42:19.4039599+01:00" testType="13cdc9d9-ddb5-4fa4-a97d-d965ccfc6d4b" outcome="Passed" testListId="8c84fa94-04c1-424b-9868-57a2d4851a1d" relativeResultsDirectory="4927e7b8-4c5b-44d6-a846-4cb5eeb3ea5e" />
    <UnitTestResult executionId="b44202c1-741f-4037-8ab0-c5e265d7c5f3" testId="9a438fba-dcfc-ee8c-2a2f-5e36b3ae34c0" testName="Get_SubReportTypeGuid_When_Null_In_SubReportType_QueryString" computerName="DKSR-EFI-06" duration="00:00:00.0043387" startTime="2024-01-09T15:42:19.3727108+01:00" endTime="2024-01-09T15:42:19.3727108+01:00" testType="13cdc9d9-ddb5-4fa4-a97d-d965ccfc6d4b" outcome="Passed" testListId="8c84fa94-04c1-424b-9868-57a2d4851a1d" relativeResultsDirectory="b44202c1-741f-4037-8ab0-c5e265d7c5f3" />
  </Results>
  <TestDefinitions>
    <UnitTest name="Get_AlarmTimeScale_Enum_When_InvalidString_In_GraphTimeScale_QueryString" storage="d:\actions-runner\_work\xpco\xpco\corporate\videoos.reporting.web.unittests\bin\x64\debug\net472\videoos.reporting.web.unittests.dll" id="5b9a9643-b39f-31b1-b440-8795c37123fc">
      <Execution id="7fca34fc-5ccf-4adc-b3e5-f4d37bf19a81" />
      <TestMethod codeBase="D:\actions-runner\_work\XPCO\XPCO\Corporate\VideoOS.Reporting.Web.UnitTests\bin\x64\Debug\net472\VideoOS.Reporting.Web.UnitTests.dll" adapterTypeName="executor://mstestadapter/v2" className="VideoOS.Reporting.Web.UnitTests.BasePageTests+AlarmTimeScaleTests" name="Get_AlarmTimeScale_Enum_When_InvalidString_In_GraphTimeScale_QueryString" />
    </UnitTest>
    <UnitTest name="Get_AlarmTimeScale_Enum_When_EmptyString_In_GraphTimeScale_QueryString" storage="d:\actions-runner\_work\xpco\xpco\corporate\videoos.reporting.web.unittests\bin\x64\debug\net472\videoos.reporting.web.unittests.dll" id="e9cbdd25-70fe-8c5a-7245-79d3ef4d8d61">
      <Execution id="a6aada54-14d0-4cc1-bb1a-cf336bbf46c1" />
      <TestMethod codeBase="D:\actions-runner\_work\XPCO\XPCO\Corporate\VideoOS.Reporting.Web.UnitTests\bin\x64\Debug\net472\VideoOS.Reporting.Web.UnitTests.dll" adapterTypeName="executor://mstestadapter/v2" className="VideoOS.Reporting.Web.UnitTests.BasePageTests+AlarmTimeScaleTests" name="Get_AlarmTimeScale_Enum_When_EmptyString_In_GraphTimeScale_QueryString" />
    </UnitTest>
    <UnitTest name="Get_AlarmReportType_Enum_When_InvalidString_In_ReportType_QueryString" storage="d:\actions-runner\_work\xpco\xpco\corporate\videoos.reporting.web.unittests\bin\x64\debug\net472\videoos.reporting.web.unittests.dll" id="29cec4ab-fbb6-cb9d-21e1-01d1f6487a3d">
      <Execution id="c775ce7b-55dc-42a0-8099-70b79e889d41" />
      <TestMethod codeBase="D:\actions-runner\_work\XPCO\XPCO\Corporate\VideoOS.Reporting.Web.UnitTests\bin\x64\Debug\net472\VideoOS.Reporting.Web.UnitTests.dll" adapterTypeName="executor://mstestadapter/v2" className="VideoOS.Reporting.Web.UnitTests.BasePageTests+AlarmReportTypeTest" name="Get_AlarmReportType_Enum_When_InvalidString_In_ReportType_QueryString" />
    </UnitTest>
    <UnitTest name="Get_ResponseTime_Enum_When_TwoHours_In_ResponseTimeCompare_QueryString" storage="d:\actions-runner\_work\xpco\xpco\corporate\videoos.reporting.web.unittests\bin\x64\debug\net472\videoos.reporting.web.unittests.dll" id="f91681e0-b980-d03d-aaa1-97ecc1b0ae55">
      <Execution id="ce161456-bf21-4a4f-95f6-517fe0fd01fd" />
      <TestMethod codeBase="D:\actions-runner\_work\XPCO\XPCO\Corporate\VideoOS.Reporting.Web.UnitTests\bin\x64\Debug\net472\VideoOS.Reporting.Web.UnitTests.dll" adapterTypeName="executor://mstestadapter/v2" className="VideoOS.Reporting.Web.UnitTests.BasePageTests+ResponseTypeTest" name="Get_ResponseTime_Enum_When_TwoHours_In_ResponseTimeCompare_QueryString" />
    </UnitTest>
    <UnitTest name="Get_TimeScale_Enum_When_DifferentCasingOf_Day_In_GraphTimeScale_QueryString" storage="d:\actions-runner\_work\xpco\xpco\corporate\videoos.reporting.web.unittests\bin\x64\debug\net472\videoos.reporting.web.unittests.dll" id="61e244e2-6138-3bb9-412c-9f98d82ac163">
      <Execution id="5e35a6ff-5440-491f-a9a6-9f619e7cc5d3" />
      <TestMethod codeBase="D:\actions-runner\_work\XPCO\XPCO\Corporate\VideoOS.Reporting.Web.UnitTests\bin\x64\Debug\net472\VideoOS.Reporting.Web.UnitTests.dll" adapterTypeName="executor://mstestadapter/v2" className="VideoOS.Reporting.Web.UnitTests.BasePageTests+TimeScaleTests" name="Get_TimeScale_Enum_When_DifferentCasingOf_Day_In_GraphTimeScale_QueryString" />
    </UnitTest>
    <UnitTest name="Get_AlarmTimeScale_Enum_When_DifferentCasingOf_Year_In_GraphTimeScale_QueryString" storage="d:\actions-runner\_work\xpco\xpco\corporate\videoos.reporting.web.unittests\bin\x64\debug\net472\videoos.reporting.web.unittests.dll" id="182d836b-9283-3184-6245-ccf2f9757657">
      <Execution id="56ec8902-5982-43c1-a2cd-adbf8aae20c5" />
      <TestMethod codeBase="D:\actions-runner\_work\XPCO\XPCO\Corporate\VideoOS.Reporting.Web.UnitTests\bin\x64\Debug\net472\VideoOS.Reporting.Web.UnitTests.dll" adapterTypeName="executor://mstestadapter/v2" className="VideoOS.Reporting.Web.UnitTests.BasePageTests+AlarmTimeScaleTests" name="Get_AlarmTimeScale_Enum_When_DifferentCasingOf_Year_In_GraphTimeScale_QueryString" />
    </UnitTest>
    <UnitTest name="On_Page_PreInit_Get_Redirected_When_No_TimeZone_In_QueryString" storage="d:\actions-runner\_work\xpco\xpco\corporate\videoos.reporting.web.unittests\bin\x64\debug\net472\videoos.reporting.web.unittests.dll" id="df64ce67-536f-af88-800c-8064039f62ae">
      <Execution id="1c906a37-a593-43aa-9b0c-5be1efa2d93c" />
      <TestMethod codeBase="D:\actions-runner\_work\XPCO\XPCO\Corporate\VideoOS.Reporting.Web.UnitTests\bin\x64\Debug\net472\VideoOS.Reporting.Web.UnitTests.dll" adapterTypeName="executor://mstestadapter/v2" className="VideoOS.Reporting.Web.UnitTests.BasePageTests+PreInitTests" name="On_Page_PreInit_Get_Redirected_When_No_TimeZone_In_QueryString" />
    </UnitTest>
    <UnitTest name="Get_ResponseTime_Enum_When_DifferentCasingOf_TwoDays_In_ResponseTimeCompare_QueryString" storage="d:\actions-runner\_work\xpco\xpco\corporate\videoos.reporting.web.unittests\bin\x64\debug\net472\videoos.reporting.web.unittests.dll" id="7ac71861-e0c6-6dea-3f56-8014073afdac">
      <Execution id="4984fe78-4109-4390-8fa4-4bd3d4f5739d" />
      <TestMethod codeBase="D:\actions-runner\_work\XPCO\XPCO\Corporate\VideoOS.Reporting.Web.UnitTests\bin\x64\Debug\net472\VideoOS.Reporting.Web.UnitTests.dll" adapterTypeName="executor://mstestadapter/v2" className="VideoOS.Reporting.Web.UnitTests.BasePageTests+ResponseTypeTest" name="Get_ResponseTime_Enum_When_DifferentCasingOf_TwoDays_In_ResponseTimeCompare_QueryString" />
    </UnitTest>
    <UnitTest name="Get_AlarmReportType_Enum_When_Null_In_ReportType_QueryString" storage="d:\actions-runner\_work\xpco\xpco\corporate\videoos.reporting.web.unittests\bin\x64\debug\net472\videoos.reporting.web.unittests.dll" id="83c4175b-364a-60d2-066c-938b41c026da">
      <Execution id="6987376a-8774-4a24-81c3-1327faeb7b42" />
      <TestMethod codeBase="D:\actions-runner\_work\XPCO\XPCO\Corporate\VideoOS.Reporting.Web.UnitTests\bin\x64\Debug\net472\VideoOS.Reporting.Web.UnitTests.dll" adapterTypeName="executor://mstestadapter/v2" className="VideoOS.Reporting.Web.UnitTests.BasePageTests+AlarmReportTypeTest" name="Get_AlarmReportType_Enum_When_Null_In_ReportType_QueryString" />
    </UnitTest>
    <UnitTest name="Get_ResponseTime_Enum_When_DifferentCasingOfTwoHours_In_ResponseTime_QueryString" storage="d:\actions-runner\_work\xpco\xpco\corporate\videoos.reporting.web.unittests\bin\x64\debug\net472\videoos.reporting.web.unittests.dll" id="4a6c484a-eb94-9f43-0629-e392cecca5aa">
      <Execution id="74c789f0-9022-460a-9b31-defe89ffb34c" />
      <TestMethod codeBase="D:\actions-runner\_work\XPCO\XPCO\Corporate\VideoOS.Reporting.Web.UnitTests\bin\x64\Debug\net472\VideoOS.Reporting.Web.UnitTests.dll" adapterTypeName="executor://mstestadapter/v2" className="VideoOS.Reporting.Web.UnitTests.BasePageTests+ResponseTypeTest" name="Get_ResponseTime_Enum_When_DifferentCasingOfTwoHours_In_ResponseTime_QueryString" />
    </UnitTest>
    <UnitTest name="On_Page_Load_Get_Redirected_When_No_RecorderOverview_Exist" storage="d:\actions-runner\_work\xpco\xpco\corporate\videoos.reporting.web.unittests\bin\x64\debug\net472\videoos.reporting.web.unittests.dll" id="52bbcd36-4e6d-b9b1-57a8-6caa7e8618d6">
      <Execution id="6f5648a8-5c6f-4c71-92ca-66f18b536e85" />
      <TestMethod codeBase="D:\actions-runner\_work\XPCO\XPCO\Corporate\VideoOS.Reporting.Web.UnitTests\bin\x64\Debug\net472\VideoOS.Reporting.Web.UnitTests.dll" adapterTypeName="executor://mstestadapter/v2" className="VideoOS.Reporting.Web.UnitTests.ReportsTest+RecordingServerReportTests" name="On_Page_Load_Get_Redirected_When_No_RecorderOverview_Exist" />
    </UnitTest>
    <UnitTest name="On_Page_Init_AuthorizedToRead_With_Set_Parameters" storage="d:\actions-runner\_work\xpco\xpco\corporate\videoos.reporting.web.unittests\bin\x64\debug\net472\videoos.reporting.web.unittests.dll" id="f7f19659-72f7-1ad0-79db-7ac9b2a7ef9c">
      <Execution id="0033322d-ccd3-40b0-a95c-130f91acbeef" />
      <TestMethod codeBase="D:\actions-runner\_work\XPCO\XPCO\Corporate\VideoOS.Reporting.Web.UnitTests\bin\x64\Debug\net472\VideoOS.Reporting.Web.UnitTests.dll" adapterTypeName="executor://mstestadapter/v2" className="VideoOS.Reporting.Web.UnitTests.BasePageTests+PageInitTests" name="On_Page_Init_AuthorizedToRead_With_Set_Parameters" />
    </UnitTest>
    <UnitTest name="Get_SubReportTypeGuid_When_Null_In_SubReportType_QueryString" storage="d:\actions-runner\_work\xpco\xpco\corporate\videoos.reporting.web.unittests\bin\x64\debug\net472\videoos.reporting.web.unittests.dll" id="9a438fba-dcfc-ee8c-2a2f-5e36b3ae34c0">
      <Execution id="b44202c1-741f-4037-8ab0-c5e265d7c5f3" />
      <TestMethod codeBase="D:\actions-runner\_work\XPCO\XPCO\Corporate\VideoOS.Reporting.Web.UnitTests\bin\x64\Debug\net472\VideoOS.Reporting.Web.UnitTests.dll" adapterTypeName="executor://mstestadapter/v2" className="VideoOS.Reporting.Web.UnitTests.BasePageTests+SubReportTypeTests" name="Get_SubReportTypeGuid_When_Null_In_SubReportType_QueryString" />
    </UnitTest>
    <UnitTest name="Get_ResponseTime_Enum_When_TwoHours_In_ResponseTime_QueryString" storage="d:\actions-runner\_work\xpco\xpco\corporate\videoos.reporting.web.unittests\bin\x64\debug\net472\videoos.reporting.web.unittests.dll" id="e7a583e6-ed53-9de8-00e5-1cd1201d27c7">
      <Execution id="0e46219a-e1fb-4cb1-8842-c88cc1c16d87" />
      <TestMethod codeBase="D:\actions-runner\_work\XPCO\XPCO\Corporate\VideoOS.Reporting.Web.UnitTests\bin\x64\Debug\net472\VideoOS.Reporting.Web.UnitTests.dll" adapterTypeName="executor://mstestadapter/v2" className="VideoOS.Reporting.Web.UnitTests.BasePageTests+ResponseTypeTest" name="Get_ResponseTime_Enum_When_TwoHours_In_ResponseTime_QueryString" />
    </UnitTest>
    <UnitTest name="Get_AlarmTimeScale_Enum_When_DifferentCasingOf_Day_In_GraphTimeScale_QueryString" storage="d:\actions-runner\_work\xpco\xpco\corporate\videoos.reporting.web.unittests\bin\x64\debug\net472\videoos.reporting.web.unittests.dll" id="920474e3-70a6-8158-fc96-5066f3d73db9">
      <Execution id="03664858-92c1-4c6e-8043-aea715fc578a" />
      <TestMethod codeBase="D:\actions-runner\_work\XPCO\XPCO\Corporate\VideoOS.Reporting.Web.UnitTests\bin\x64\Debug\net472\VideoOS.Reporting.Web.UnitTests.dll" adapterTypeName="executor://mstestadapter/v2" className="VideoOS.Reporting.Web.UnitTests.BasePageTests+AlarmTimeScaleTests" name="Get_AlarmTimeScale_Enum_When_DifferentCasingOf_Day_In_GraphTimeScale_QueryString" />
    </UnitTest>
    <UnitTest name="Get_AlarmTimeScale_Enum_When_DifferentCasingOf_Month_In_GraphTimeScale_QueryString" storage="d:\actions-runner\_work\xpco\xpco\corporate\videoos.reporting.web.unittests\bin\x64\debug\net472\videoos.reporting.web.unittests.dll" id="ef485d36-4558-5df1-9e36-bb82e2f8b9ea">
      <Execution id="935ed250-d3f8-4a51-9fcb-1977a3fc5263" />
      <TestMethod codeBase="D:\actions-runner\_work\XPCO\XPCO\Corporate\VideoOS.Reporting.Web.UnitTests\bin\x64\Debug\net472\VideoOS.Reporting.Web.UnitTests.dll" adapterTypeName="executor://mstestadapter/v2" className="VideoOS.Reporting.Web.UnitTests.BasePageTests+AlarmTimeScaleTests" name="Get_AlarmTimeScale_Enum_When_DifferentCasingOf_Month_In_GraphTimeScale_QueryString" />
    </UnitTest>
    <UnitTest name="Get_SubReportTypeGuid_When_Null_In_SubReportTypeCompare_QueryString" storage="d:\actions-runner\_work\xpco\xpco\corporate\videoos.reporting.web.unittests\bin\x64\debug\net472\videoos.reporting.web.unittests.dll" id="91ed886e-059e-34b5-fdac-93602c8b65b4">
      <Execution id="ffa51569-fdea-4e75-a3ce-cca2bf6e8d5d" />
      <TestMethod codeBase="D:\actions-runner\_work\XPCO\XPCO\Corporate\VideoOS.Reporting.Web.UnitTests\bin\x64\Debug\net472\VideoOS.Reporting.Web.UnitTests.dll" adapterTypeName="executor://mstestadapter/v2" className="VideoOS.Reporting.Web.UnitTests.BasePageTests+SubReportTypeTests" name="Get_SubReportTypeGuid_When_Null_In_SubReportTypeCompare_QueryString" />
    </UnitTest>
    <UnitTest name="TimescaleGraph_TB_Test" storage="d:\actions-runner\_work\xpco\xpco\corporate\videoos.reporting.web.unittests\bin\x64\debug\net472\videoos.reporting.web.unittests.dll" id="b424d167-aee2-9b3e-1fb2-fd8d47475a62">
      <Execution id="de715220-5a25-47ac-8972-c4ef50d2c189" />
      <TestMethod codeBase="D:\actions-runner\_work\XPCO\XPCO\Corporate\VideoOS.Reporting.Web.UnitTests\bin\x64\Debug\net472\VideoOS.Reporting.Web.UnitTests.dll" adapterTypeName="executor://mstestadapter/v2" className="VideoOS.Reporting.Web.UnitTests.WebControlsTests+TimescaleGraphTests" name="TimescaleGraph_TB_Test" />
    </UnitTest>
    <UnitTest name="Get_ResponseTime_Enum_When_EmptyString_In_ResponseTime_QueryString" storage="d:\actions-runner\_work\xpco\xpco\corporate\videoos.reporting.web.unittests\bin\x64\debug\net472\videoos.reporting.web.unittests.dll" id="57c572cc-6ca5-91bb-01e1-86d80a8ebfb0">
      <Execution id="df2e7fa5-4412-4222-b3a1-16c64d01275b" />
      <TestMethod codeBase="D:\actions-runner\_work\XPCO\XPCO\Corporate\VideoOS.Reporting.Web.UnitTests\bin\x64\Debug\net472\VideoOS.Reporting.Web.UnitTests.dll" adapterTypeName="executor://mstestadapter/v2" className="VideoOS.Reporting.Web.UnitTests.BasePageTests+ResponseTypeTest" name="Get_ResponseTime_Enum_When_EmptyString_In_ResponseTime_QueryString" />
    </UnitTest>
    <UnitTest name="TimescaleGraph_MB_Even_Test" storage="d:\actions-runner\_work\xpco\xpco\corporate\videoos.reporting.web.unittests\bin\x64\debug\net472\videoos.reporting.web.unittests.dll" id="4cbdbe8b-9b00-ffc6-a413-831a4c100c41">
      <Execution id="11e9b5e5-ab2b-4637-a073-255de8b3e9db" />
      <TestMethod codeBase="D:\actions-runner\_work\XPCO\XPCO\Corporate\VideoOS.Reporting.Web.UnitTests\bin\x64\Debug\net472\VideoOS.Reporting.Web.UnitTests.dll" adapterTypeName="executor://mstestadapter/v2" className="VideoOS.Reporting.Web.UnitTests.WebControlsTests+TimescaleGraphTests" name="TimescaleGraph_MB_Even_Test" />
    </UnitTest>
    <UnitTest name="Get_AlarmTimeScale_Enum_When_Day_In_GraphTimeScale_QueryString" storage="d:\actions-runner\_work\xpco\xpco\corporate\videoos.reporting.web.unittests\bin\x64\debug\net472\videoos.reporting.web.unittests.dll" id="411556bd-d0e2-a297-c36a-ab10df5ce21e">
      <Execution id="caac3aaa-fa13-4ef4-99fe-0bdfa75f6ff4" />
      <TestMethod codeBase="D:\actions-runner\_work\XPCO\XPCO\Corporate\VideoOS.Reporting.Web.UnitTests\bin\x64\Debug\net472\VideoOS.Reporting.Web.UnitTests.dll" adapterTypeName="executor://mstestadapter/v2" className="VideoOS.Reporting.Web.UnitTests.BasePageTests+AlarmTimeScaleTests" name="Get_AlarmTimeScale_Enum_When_Day_In_GraphTimeScale_QueryString" />
    </UnitTest>
    <UnitTest name="Get_AlarmReportType_Enum_When_DifferentCasingOf_Priority_In_ReportType_QueryString" storage="d:\actions-runner\_work\xpco\xpco\corporate\videoos.reporting.web.unittests\bin\x64\debug\net472\videoos.reporting.web.unittests.dll" id="209d23a0-ce47-409e-6dfd-7813afe74f6f">
      <Execution id="eafb2869-8477-4a60-9152-b7e865864b6f" />
      <TestMethod codeBase="D:\actions-runner\_work\XPCO\XPCO\Corporate\VideoOS.Reporting.Web.UnitTests\bin\x64\Debug\net472\VideoOS.Reporting.Web.UnitTests.dll" adapterTypeName="executor://mstestadapter/v2" className="VideoOS.Reporting.Web.UnitTests.BasePageTests+AlarmReportTypeTest" name="Get_AlarmReportType_Enum_When_DifferentCasingOf_Priority_In_ReportType_QueryString" />
    </UnitTest>
    <UnitTest name="Get_AlarmReportType_Enum_When_Missing_QueryString" storage="d:\actions-runner\_work\xpco\xpco\corporate\videoos.reporting.web.unittests\bin\x64\debug\net472\videoos.reporting.web.unittests.dll" id="47dbee68-527c-cec4-0106-e25152d0958f">
      <Execution id="79993c2a-2ed4-4133-a1d8-5f1f963899e2" />
      <TestMethod codeBase="D:\actions-runner\_work\XPCO\XPCO\Corporate\VideoOS.Reporting.Web.UnitTests\bin\x64\Debug\net472\VideoOS.Reporting.Web.UnitTests.dll" adapterTypeName="executor://mstestadapter/v2" className="VideoOS.Reporting.Web.UnitTests.BasePageTests+AlarmReportTypeTest" name="Get_AlarmReportType_Enum_When_Missing_QueryString" />
    </UnitTest>
    <UnitTest name="Get_AlarmReportType_Enum_When_DifferentCasingOf_ReasonCode_In_ReportType_QueryString" storage="d:\actions-runner\_work\xpco\xpco\corporate\videoos.reporting.web.unittests\bin\x64\debug\net472\videoos.reporting.web.unittests.dll" id="779ea73c-7cc5-8406-d67e-232a9c1e5408">
      <Execution id="d3316307-e337-4d29-962f-f2cec98c6765" />
      <TestMethod codeBase="D:\actions-runner\_work\XPCO\XPCO\Corporate\VideoOS.Reporting.Web.UnitTests\bin\x64\Debug\net472\VideoOS.Reporting.Web.UnitTests.dll" adapterTypeName="executor://mstestadapter/v2" className="VideoOS.Reporting.Web.UnitTests.BasePageTests+AlarmReportTypeTest" name="Get_AlarmReportType_Enum_When_DifferentCasingOf_ReasonCode_In_ReportType_QueryString" />
    </UnitTest>
    <UnitTest name="Get_ResponseTime_Enum_When_ThirtyMinutes_In_ResponseTimeCompare_QueryString" storage="d:\actions-runner\_work\xpco\xpco\corporate\videoos.reporting.web.unittests\bin\x64\debug\net472\videoos.reporting.web.unittests.dll" id="2fbfdc53-c138-a210-f77e-5534ac664cbd">
      <Execution id="53ead4f0-6c5d-449a-ba66-397bec675935" />
      <TestMethod codeBase="D:\actions-runner\_work\XPCO\XPCO\Corporate\VideoOS.Reporting.Web.UnitTests\bin\x64\Debug\net472\VideoOS.Reporting.Web.UnitTests.dll" adapterTypeName="executor://mstestadapter/v2" className="VideoOS.Reporting.Web.UnitTests.BasePageTests+ResponseTypeTest" name="Get_ResponseTime_Enum_When_ThirtyMinutes_In_ResponseTimeCompare_QueryString" />
    </UnitTest>
    <UnitTest name="On_Page_Init_Verify_AuthorizedToRead_Parameters" storage="d:\actions-runner\_work\xpco\xpco\corporate\videoos.reporting.web.unittests\bin\x64\debug\net472\videoos.reporting.web.unittests.dll" id="e2e69ba3-dc6a-624c-cbec-36ddce4d97ca">
      <Execution id="e79de3a7-577d-411d-89ea-c55e99446cab" />
      <TestMethod codeBase="D:\actions-runner\_work\XPCO\XPCO\Corporate\VideoOS.Reporting.Web.UnitTests\bin\x64\Debug\net472\VideoOS.Reporting.Web.UnitTests.dll" adapterTypeName="executor://mstestadapter/v2" className="VideoOS.Reporting.Web.UnitTests.BasePageTests+PageInitTests" name="On_Page_Init_Verify_AuthorizedToRead_Parameters" />
    </UnitTest>
    <UnitTest name="Get_AlarmTimeScale_Enum_When_Null_In_GraphTimeScale_QueryString" storage="d:\actions-runner\_work\xpco\xpco\corporate\videoos.reporting.web.unittests\bin\x64\debug\net472\videoos.reporting.web.unittests.dll" id="d601238b-acd5-12cb-9d92-100ff5cfad9c">
      <Execution id="4ead1fcb-33bc-4d8c-ad6f-8066c8857427" />
      <TestMethod codeBase="D:\actions-runner\_work\XPCO\XPCO\Corporate\VideoOS.Reporting.Web.UnitTests\bin\x64\Debug\net472\VideoOS.Reporting.Web.UnitTests.dll" adapterTypeName="executor://mstestadapter/v2" className="VideoOS.Reporting.Web.UnitTests.BasePageTests+AlarmTimeScaleTests" name="Get_AlarmTimeScale_Enum_When_Null_In_GraphTimeScale_QueryString" />
    </UnitTest>
    <UnitTest name="Get_ResponseTime_Enum_When_DifferentCasingOfOneHour_In_ResponseTime_QueryString" storage="d:\actions-runner\_work\xpco\xpco\corporate\videoos.reporting.web.unittests\bin\x64\debug\net472\videoos.reporting.web.unittests.dll" id="63687e46-de6c-ce7d-05d2-6ff84ead0fa2">
      <Execution id="054a1608-7054-42bb-86dc-5a574fcaf0ea" />
      <TestMethod codeBase="D:\actions-runner\_work\XPCO\XPCO\Corporate\VideoOS.Reporting.Web.UnitTests\bin\x64\Debug\net472\VideoOS.Reporting.Web.UnitTests.dll" adapterTypeName="executor://mstestadapter/v2" className="VideoOS.Reporting.Web.UnitTests.BasePageTests+ResponseTypeTest" name="Get_ResponseTime_Enum_When_DifferentCasingOfOneHour_In_ResponseTime_QueryString" />
    </UnitTest>
    <UnitTest name="Get_ResponseTime_Enum_When_TwoDays_In_ResponseTimeCompare_QueryString" storage="d:\actions-runner\_work\xpco\xpco\corporate\videoos.reporting.web.unittests\bin\x64\debug\net472\videoos.reporting.web.unittests.dll" id="778fb618-17b1-2b04-8cee-484dc5424549">
      <Execution id="c53e5138-59ab-4482-962e-2139dd40b3d7" />
      <TestMethod codeBase="D:\actions-runner\_work\XPCO\XPCO\Corporate\VideoOS.Reporting.Web.UnitTests\bin\x64\Debug\net472\VideoOS.Reporting.Web.UnitTests.dll" adapterTypeName="executor://mstestadapter/v2" className="VideoOS.Reporting.Web.UnitTests.BasePageTests+ResponseTypeTest" name="Get_ResponseTime_Enum_When_TwoDays_In_ResponseTimeCompare_QueryString" />
    </UnitTest>
    <UnitTest name="Get_ResponseTime_Enum_When_Missing_QueryString_ForCompare" storage="d:\actions-runner\_work\xpco\xpco\corporate\videoos.reporting.web.unittests\bin\x64\debug\net472\videoos.reporting.web.unittests.dll" id="46e354bc-bb97-3668-0ae4-419916a212a4">
      <Execution id="116bd019-dea7-4776-8ef7-06981791aca9" />
      <TestMethod codeBase="D:\actions-runner\_work\XPCO\XPCO\Corporate\VideoOS.Reporting.Web.UnitTests\bin\x64\Debug\net472\VideoOS.Reporting.Web.UnitTests.dll" adapterTypeName="executor://mstestadapter/v2" className="VideoOS.Reporting.Web.UnitTests.BasePageTests+ResponseTypeTest" name="Get_ResponseTime_Enum_When_Missing_QueryString_ForCompare" />
    </UnitTest>
    <UnitTest name="Get_ResponseTime_Enum_When_OneDay_In_ResponseTimeCompare_QueryString" storage="d:\actions-runner\_work\xpco\xpco\corporate\videoos.reporting.web.unittests\bin\x64\debug\net472\videoos.reporting.web.unittests.dll" id="17f820a9-098b-a12b-bace-5f5e78c2d417">
      <Execution id="1fb53e31-7066-4a86-be32-bdad6e75262c" />
      <TestMethod codeBase="D:\actions-runner\_work\XPCO\XPCO\Corporate\VideoOS.Reporting.Web.UnitTests\bin\x64\Debug\net472\VideoOS.Reporting.Web.UnitTests.dll" adapterTypeName="executor://mstestadapter/v2" className="VideoOS.Reporting.Web.UnitTests.BasePageTests+ResponseTypeTest" name="Get_ResponseTime_Enum_When_OneDay_In_ResponseTimeCompare_QueryString" />
    </UnitTest>
    <UnitTest name="Get_ResponseTime_Enum_When_EmptyString_In_ResponseTimeCompare_QueryString" storage="d:\actions-runner\_work\xpco\xpco\corporate\videoos.reporting.web.unittests\bin\x64\debug\net472\videoos.reporting.web.unittests.dll" id="73e3d3ed-a6df-a126-f649-86d169052f47">
      <Execution id="1204b6f2-ca9d-4a68-a62c-2167463c20d0" />
      <TestMethod codeBase="D:\actions-runner\_work\XPCO\XPCO\Corporate\VideoOS.Reporting.Web.UnitTests\bin\x64\Debug\net472\VideoOS.Reporting.Web.UnitTests.dll" adapterTypeName="executor://mstestadapter/v2" className="VideoOS.Reporting.Web.UnitTests.BasePageTests+ResponseTypeTest" name="Get_ResponseTime_Enum_When_EmptyString_In_ResponseTimeCompare_QueryString" />
    </UnitTest>
    <UnitTest name="Get_ResponseTime_Enum_When_Null_In_ResponseTime_QueryString" storage="d:\actions-runner\_work\xpco\xpco\corporate\videoos.reporting.web.unittests\bin\x64\debug\net472\videoos.reporting.web.unittests.dll" id="42a22271-1cc9-70a6-d048-fe0a2b56053a">
      <Execution id="da3e0978-0bfa-4955-b142-efac106fcb17" />
      <TestMethod codeBase="D:\actions-runner\_work\XPCO\XPCO\Corporate\VideoOS.Reporting.Web.UnitTests\bin\x64\Debug\net472\VideoOS.Reporting.Web.UnitTests.dll" adapterTypeName="executor://mstestadapter/v2" className="VideoOS.Reporting.Web.UnitTests.BasePageTests+ResponseTypeTest" name="Get_ResponseTime_Enum_When_Null_In_ResponseTime_QueryString" />
    </UnitTest>
    <UnitTest name="ServerStatus_Timer_Tick_ServerUnknown_Test" storage="d:\actions-runner\_work\xpco\xpco\corporate\videoos.reporting.web.unittests\bin\x64\debug\net472\videoos.reporting.web.unittests.dll" id="8482aa2e-074b-2848-4c96-36a28f05dce9">
      <Execution id="35a67778-98ed-4ba9-86cf-bdf3a95316ec" />
      <TestMethod codeBase="D:\actions-runner\_work\XPCO\XPCO\Corporate\VideoOS.Reporting.Web.UnitTests\bin\x64\Debug\net472\VideoOS.Reporting.Web.UnitTests.dll" adapterTypeName="executor://mstestadapter/v2" className="VideoOS.Reporting.Web.UnitTests.ReportsTest+RecordingServerReportTests" name="ServerStatus_Timer_Tick_ServerUnknown_Test" />
    </UnitTest>
    <UnitTest name="dgNetwork_SortCommand_Test" storage="d:\actions-runner\_work\xpco\xpco\corporate\videoos.reporting.web.unittests\bin\x64\debug\net472\videoos.reporting.web.unittests.dll" id="2a91b8fd-ae0f-8c04-c5b7-07ce23d6a18c">
      <Execution id="d79e3a96-883e-4327-914d-593aa90a84da" />
      <TestMethod codeBase="D:\actions-runner\_work\XPCO\XPCO\Corporate\VideoOS.Reporting.Web.UnitTests\bin\x64\Debug\net472\VideoOS.Reporting.Web.UnitTests.dll" adapterTypeName="executor://mstestadapter/v2" className="VideoOS.Reporting.Web.UnitTests.ReportsTest+RecordingServerReportTests" name="dgNetwork_SortCommand_Test" />
    </UnitTest>
    <UnitTest name="On_Page_PreInit_GetThemeTypeDark_From_QueryString" storage="d:\actions-runner\_work\xpco\xpco\corporate\videoos.reporting.web.unittests\bin\x64\debug\net472\videoos.reporting.web.unittests.dll" id="cde12623-2865-f1f3-f112-3919fc485e11">
      <Execution id="317092d9-a4f7-4d82-8cca-d60e8ec19fd6" />
      <TestMethod codeBase="D:\actions-runner\_work\XPCO\XPCO\Corporate\VideoOS.Reporting.Web.UnitTests\bin\x64\Debug\net472\VideoOS.Reporting.Web.UnitTests.dll" adapterTypeName="executor://mstestadapter/v2" className="VideoOS.Reporting.Web.UnitTests.BasePageTests+PreInitTests" name="On_Page_PreInit_GetThemeTypeDark_From_QueryString" />
    </UnitTest>
    <UnitTest name="Get_ResponseTime_Enum_When_EightHours_In_ResponseTimeCompare_QueryString" storage="d:\actions-runner\_work\xpco\xpco\corporate\videoos.reporting.web.unittests\bin\x64\debug\net472\videoos.reporting.web.unittests.dll" id="286df669-7c05-7ef0-5d5a-14a01947459c">
      <Execution id="40702628-45d7-4deb-8c07-c614457987cd" />
      <TestMethod codeBase="D:\actions-runner\_work\XPCO\XPCO\Corporate\VideoOS.Reporting.Web.UnitTests\bin\x64\Debug\net472\VideoOS.Reporting.Web.UnitTests.dll" adapterTypeName="executor://mstestadapter/v2" className="VideoOS.Reporting.Web.UnitTests.BasePageTests+ResponseTypeTest" name="Get_ResponseTime_Enum_When_EightHours_In_ResponseTimeCompare_QueryString" />
    </UnitTest>
    <UnitTest name="Get_AlarmTimeScale_Enum_When_DifferentCasingOf_Week_In_GraphTimeScale_QueryString" storage="d:\actions-runner\_work\xpco\xpco\corporate\videoos.reporting.web.unittests\bin\x64\debug\net472\videoos.reporting.web.unittests.dll" id="340bc680-a547-4407-6ff9-ff5ba59683e7">
      <Execution id="0262b1d8-2689-4a31-83f9-4e8e6aac9f58" />
      <TestMethod codeBase="D:\actions-runner\_work\XPCO\XPCO\Corporate\VideoOS.Reporting.Web.UnitTests\bin\x64\Debug\net472\VideoOS.Reporting.Web.UnitTests.dll" adapterTypeName="executor://mstestadapter/v2" className="VideoOS.Reporting.Web.UnitTests.BasePageTests+AlarmTimeScaleTests" name="Get_AlarmTimeScale_Enum_When_DifferentCasingOf_Week_In_GraphTimeScale_QueryString" />
    </UnitTest>
    <UnitTest name="Get_AlarmTimeScale_Enum_When_Month_In_GraphTimeScale_QueryString" storage="d:\actions-runner\_work\xpco\xpco\corporate\videoos.reporting.web.unittests\bin\x64\debug\net472\videoos.reporting.web.unittests.dll" id="5a832154-02a7-490f-2959-bff1f3f87729">
      <Execution id="22d6fde1-2e9c-407d-b13e-3e370f1e3211" />
      <TestMethod codeBase="D:\actions-runner\_work\XPCO\XPCO\Corporate\VideoOS.Reporting.Web.UnitTests\bin\x64\Debug\net472\VideoOS.Reporting.Web.UnitTests.dll" adapterTypeName="executor://mstestadapter/v2" className="VideoOS.Reporting.Web.UnitTests.BasePageTests+AlarmTimeScaleTests" name="Get_AlarmTimeScale_Enum_When_Month_In_GraphTimeScale_QueryString" />
    </UnitTest>
    <UnitTest name="Get_ResponseTime_Enum_When_DifferentCasingOf_OneDay_In_ResponseTime_QueryString" storage="d:\actions-runner\_work\xpco\xpco\corporate\videoos.reporting.web.unittests\bin\x64\debug\net472\videoos.reporting.web.unittests.dll" id="c7b453a8-426d-e431-cde8-3edccb8a9f59">
      <Execution id="6197cd5e-1915-4275-b68e-7eaddd3638d3" />
      <TestMethod codeBase="D:\actions-runner\_work\XPCO\XPCO\Corporate\VideoOS.Reporting.Web.UnitTests\bin\x64\Debug\net472\VideoOS.Reporting.Web.UnitTests.dll" adapterTypeName="executor://mstestadapter/v2" className="VideoOS.Reporting.Web.UnitTests.BasePageTests+ResponseTypeTest" name="Get_ResponseTime_Enum_When_DifferentCasingOf_OneDay_In_ResponseTime_QueryString" />
    </UnitTest>
    <UnitTest name="Get_TimeScale_Enum_When_EmptyString_In_GraphTimeScale_QueryString" storage="d:\actions-runner\_work\xpco\xpco\corporate\videoos.reporting.web.unittests\bin\x64\debug\net472\videoos.reporting.web.unittests.dll" id="b6ad770b-55cb-3715-2515-8ef9606c503d">
      <Execution id="c4edc618-b888-45ba-b408-05cd8207710f" />
      <TestMethod codeBase="D:\actions-runner\_work\XPCO\XPCO\Corporate\VideoOS.Reporting.Web.UnitTests\bin\x64\Debug\net472\VideoOS.Reporting.Web.UnitTests.dll" adapterTypeName="executor://mstestadapter/v2" className="VideoOS.Reporting.Web.UnitTests.BasePageTests+TimeScaleTests" name="Get_TimeScale_Enum_When_EmptyString_In_GraphTimeScale_QueryString" />
    </UnitTest>
    <UnitTest name="Get_AlarmReportType_Enum_When_DifferentCasingOf_Site_In_ReportType_QueryString" storage="d:\actions-runner\_work\xpco\xpco\corporate\videoos.reporting.web.unittests\bin\x64\debug\net472\videoos.reporting.web.unittests.dll" id="410d531c-e85c-bec7-2227-68d3983760e8">
      <Execution id="f394b25b-8087-4897-aa21-71ead113cec0" />
      <TestMethod codeBase="D:\actions-runner\_work\XPCO\XPCO\Corporate\VideoOS.Reporting.Web.UnitTests\bin\x64\Debug\net472\VideoOS.Reporting.Web.UnitTests.dll" adapterTypeName="executor://mstestadapter/v2" className="VideoOS.Reporting.Web.UnitTests.BasePageTests+AlarmReportTypeTest" name="Get_AlarmReportType_Enum_When_DifferentCasingOf_Site_In_ReportType_QueryString" />
    </UnitTest>
    <UnitTest name="Get_ResponseTime_Enum_When_DifferentCasingOf_TwoDays_In_ResponseTime_QueryString" storage="d:\actions-runner\_work\xpco\xpco\corporate\videoos.reporting.web.unittests\bin\x64\debug\net472\videoos.reporting.web.unittests.dll" id="89e12c11-3f1f-1031-cd4b-6fb1cccc83af">
      <Execution id="c2a82889-c26b-4e69-876d-420ee6751349" />
      <TestMethod codeBase="D:\actions-runner\_work\XPCO\XPCO\Corporate\VideoOS.Reporting.Web.UnitTests\bin\x64\Debug\net472\VideoOS.Reporting.Web.UnitTests.dll" adapterTypeName="executor://mstestadapter/v2" className="VideoOS.Reporting.Web.UnitTests.BasePageTests+ResponseTypeTest" name="Get_ResponseTime_Enum_When_DifferentCasingOf_TwoDays_In_ResponseTime_QueryString" />
    </UnitTest>
    <UnitTest name="On_Page_Init_Get_Redirected_When_UserToken_In_QueryString_And_User_Is_Not_Authenticated" storage="d:\actions-runner\_work\xpco\xpco\corporate\videoos.reporting.web.unittests\bin\x64\debug\net472\videoos.reporting.web.unittests.dll" id="eef90c1f-26cb-de0c-acaa-f870c892e5f4">
      <Execution id="2e7125ad-ec1d-4820-918a-d6b3eee023a2" />
      <TestMethod codeBase="D:\actions-runner\_work\XPCO\XPCO\Corporate\VideoOS.Reporting.Web.UnitTests\bin\x64\Debug\net472\VideoOS.Reporting.Web.UnitTests.dll" adapterTypeName="executor://mstestadapter/v2" className="VideoOS.Reporting.Web.UnitTests.BasePageTests+PageInitTests" name="On_Page_Init_Get_Redirected_When_UserToken_In_QueryString_And_User_Is_Not_Authenticated" />
    </UnitTest>
    <UnitTest name="RepArchive_ItemDataBound_UnitUnknown_Test" storage="d:\actions-runner\_work\xpco\xpco\corporate\videoos.reporting.web.unittests\bin\x64\debug\net472\videoos.reporting.web.unittests.dll" id="a12c4361-f2ff-f121-3110-81b3e1451073">
      <Execution id="83589156-29b9-4ba4-b510-04d967fde57e" />
      <TestMethod codeBase="D:\actions-runner\_work\XPCO\XPCO\Corporate\VideoOS.Reporting.Web.UnitTests\bin\x64\Debug\net472\VideoOS.Reporting.Web.UnitTests.dll" adapterTypeName="executor://mstestadapter/v2" className="VideoOS.Reporting.Web.UnitTests.ReportsTest+RecordingServerReportTests" name="RepArchive_ItemDataBound_UnitUnknown_Test" />
    </UnitTest>
    <UnitTest name="DgCameras_ItemDataBound_Test" storage="d:\actions-runner\_work\xpco\xpco\corporate\videoos.reporting.web.unittests\bin\x64\debug\net472\videoos.reporting.web.unittests.dll" id="09d777a2-bacc-67af-df8c-6ce5db5f2c08">
      <Execution id="c1167d10-a115-4bad-905a-f14fd340e8d3" />
      <TestMethod codeBase="D:\actions-runner\_work\XPCO\XPCO\Corporate\VideoOS.Reporting.Web.UnitTests\bin\x64\Debug\net472\VideoOS.Reporting.Web.UnitTests.dll" adapterTypeName="executor://mstestadapter/v2" className="VideoOS.Reporting.Web.UnitTests.ReportsTest+RecordingServerReportTests" name="DgCameras_ItemDataBound_Test" />
    </UnitTest>
    <UnitTest name="Get_SubReportTypeGuid_When_Missing_QueryString_ForCompare" storage="d:\actions-runner\_work\xpco\xpco\corporate\videoos.reporting.web.unittests\bin\x64\debug\net472\videoos.reporting.web.unittests.dll" id="59d3dc5f-21c2-0757-7b1e-6d1818b25184">
      <Execution id="d85e046f-3f21-4c26-b79b-19a49c97a035" />
      <TestMethod codeBase="D:\actions-runner\_work\XPCO\XPCO\Corporate\VideoOS.Reporting.Web.UnitTests\bin\x64\Debug\net472\VideoOS.Reporting.Web.UnitTests.dll" adapterTypeName="executor://mstestadapter/v2" className="VideoOS.Reporting.Web.UnitTests.BasePageTests+SubReportTypeTests" name="Get_SubReportTypeGuid_When_Missing_QueryString_ForCompare" />
    </UnitTest>
    <UnitTest name="Get_TimeScale_Enum_When_Day_In_GraphTimeScale_QueryString" storage="d:\actions-runner\_work\xpco\xpco\corporate\videoos.reporting.web.unittests\bin\x64\debug\net472\videoos.reporting.web.unittests.dll" id="1c349f1e-e875-4d31-7d33-97a4de5c7811">
      <Execution id="698db99d-4a72-4b2d-af13-edd4ecdc0430" />
      <TestMethod codeBase="D:\actions-runner\_work\XPCO\XPCO\Corporate\VideoOS.Reporting.Web.UnitTests\bin\x64\Debug\net472\VideoOS.Reporting.Web.UnitTests.dll" adapterTypeName="executor://mstestadapter/v2" className="VideoOS.Reporting.Web.UnitTests.BasePageTests+TimeScaleTests" name="Get_TimeScale_Enum_When_Day_In_GraphTimeScale_QueryString" />
    </UnitTest>
    <UnitTest name="Get_AlarmReportType_Enum_When_Category_In_ReportType_QueryString" storage="d:\actions-runner\_work\xpco\xpco\corporate\videoos.reporting.web.unittests\bin\x64\debug\net472\videoos.reporting.web.unittests.dll" id="77fa738f-7c15-cf1e-1467-4dd476a091c8">
      <Execution id="9198a41d-7c63-4598-a8ce-3c129fe7e2ec" />
      <TestMethod codeBase="D:\actions-runner\_work\XPCO\XPCO\Corporate\VideoOS.Reporting.Web.UnitTests\bin\x64\Debug\net472\VideoOS.Reporting.Web.UnitTests.dll" adapterTypeName="executor://mstestadapter/v2" className="VideoOS.Reporting.Web.UnitTests.BasePageTests+AlarmReportTypeTest" name="Get_AlarmReportType_Enum_When_Category_In_ReportType_QueryString" />
    </UnitTest>
    <UnitTest name="Get_ResponseTime_Enum_When_EightHours_In_ResponseTime_QueryString" storage="d:\actions-runner\_work\xpco\xpco\corporate\videoos.reporting.web.unittests\bin\x64\debug\net472\videoos.reporting.web.unittests.dll" id="2c539d41-0e30-cd0b-5017-134173555c37">
      <Execution id="1cf2d862-b7bc-4cb1-99cd-9fd1e4698b77" />
      <TestMethod codeBase="D:\actions-runner\_work\XPCO\XPCO\Corporate\VideoOS.Reporting.Web.UnitTests\bin\x64\Debug\net472\VideoOS.Reporting.Web.UnitTests.dll" adapterTypeName="executor://mstestadapter/v2" className="VideoOS.Reporting.Web.UnitTests.BasePageTests+ResponseTypeTest" name="Get_ResponseTime_Enum_When_EightHours_In_ResponseTime_QueryString" />
    </UnitTest>
    <UnitTest name="RepDisks_ItemDataBound_Test" storage="d:\actions-runner\_work\xpco\xpco\corporate\videoos.reporting.web.unittests\bin\x64\debug\net472\videoos.reporting.web.unittests.dll" id="68904f58-b344-90f1-cd86-f2dea7452a57">
      <Execution id="83b03fe0-0078-4b38-8c05-a14c4d5ebdef" />
      <TestMethod codeBase="D:\actions-runner\_work\XPCO\XPCO\Corporate\VideoOS.Reporting.Web.UnitTests\bin\x64\Debug\net472\VideoOS.Reporting.Web.UnitTests.dll" adapterTypeName="executor://mstestadapter/v2" className="VideoOS.Reporting.Web.UnitTests.ReportsTest+RecordingServerReportTests" name="RepDisks_ItemDataBound_Test" />
    </UnitTest>
    <UnitTest name="Get_ResponseTime_Enum_When_DifferentCasingOf_OneWeek_In_ResponseTime_QueryString" storage="d:\actions-runner\_work\xpco\xpco\corporate\videoos.reporting.web.unittests\bin\x64\debug\net472\videoos.reporting.web.unittests.dll" id="cc13eca7-a2e4-cfed-62ad-7c510fb49bf6">
      <Execution id="4a0398b0-8def-47be-9608-784a55f7b1a9" />
      <TestMethod codeBase="D:\actions-runner\_work\XPCO\XPCO\Corporate\VideoOS.Reporting.Web.UnitTests\bin\x64\Debug\net472\VideoOS.Reporting.Web.UnitTests.dll" adapterTypeName="executor://mstestadapter/v2" className="VideoOS.Reporting.Web.UnitTests.BasePageTests+ResponseTypeTest" name="Get_ResponseTime_Enum_When_DifferentCasingOf_OneWeek_In_ResponseTime_QueryString" />
    </UnitTest>
    <UnitTest name="TimescaleGraph_MB_Odd_Test" storage="d:\actions-runner\_work\xpco\xpco\corporate\videoos.reporting.web.unittests\bin\x64\debug\net472\videoos.reporting.web.unittests.dll" id="64cc9632-93b6-da33-7615-4985c6b7b462">
      <Execution id="beba3d32-494a-4297-8719-913019fcb6ad" />
      <TestMethod codeBase="D:\actions-runner\_work\XPCO\XPCO\Corporate\VideoOS.Reporting.Web.UnitTests\bin\x64\Debug\net472\VideoOS.Reporting.Web.UnitTests.dll" adapterTypeName="executor://mstestadapter/v2" className="VideoOS.Reporting.Web.UnitTests.WebControlsTests+TimescaleGraphTests" name="TimescaleGraph_MB_Odd_Test" />
    </UnitTest>
    <UnitTest name="Get_ResponseTime_Enum_When_DifferentCasingOf_EightHours_In_ResponseTimeCompare_QueryString" storage="d:\actions-runner\_work\xpco\xpco\corporate\videoos.reporting.web.unittests\bin\x64\debug\net472\videoos.reporting.web.unittests.dll" id="ca585490-776f-f0bb-5985-92c932ded22d">
      <Execution id="9ff7f409-0c61-4ed2-bc8e-cd2ca5247348" />
      <TestMethod codeBase="D:\actions-runner\_work\XPCO\XPCO\Corporate\VideoOS.Reporting.Web.UnitTests\bin\x64\Debug\net472\VideoOS.Reporting.Web.UnitTests.dll" adapterTypeName="executor://mstestadapter/v2" className="VideoOS.Reporting.Web.UnitTests.BasePageTests+ResponseTypeTest" name="Get_ResponseTime_Enum_When_DifferentCasingOf_EightHours_In_ResponseTimeCompare_QueryString" />
    </UnitTest>
    <UnitTest name="TimescaleGraph_KBSec_Test" storage="d:\actions-runner\_work\xpco\xpco\corporate\videoos.reporting.web.unittests\bin\x64\debug\net472\videoos.reporting.web.unittests.dll" id="122c056c-e2d7-eaf2-10ef-48ed8785e725">
      <Execution id="29b86acc-2fce-44b7-92c5-58ca06687ca5" />
      <TestMethod codeBase="D:\actions-runner\_work\XPCO\XPCO\Corporate\VideoOS.Reporting.Web.UnitTests\bin\x64\Debug\net472\VideoOS.Reporting.Web.UnitTests.dll" adapterTypeName="executor://mstestadapter/v2" className="VideoOS.Reporting.Web.UnitTests.WebControlsTests+TimescaleGraphTests" name="TimescaleGraph_KBSec_Test" />
    </UnitTest>
    <UnitTest name="RepStorage_ItemDataBound_UnitUnknown_Test" storage="d:\actions-runner\_work\xpco\xpco\corporate\videoos.reporting.web.unittests\bin\x64\debug\net472\videoos.reporting.web.unittests.dll" id="34bb7583-dc46-f58b-2bcf-238ab2212c71">
      <Execution id="1b42fe68-1a45-4af8-8baf-e263c613b964" />
      <TestMethod codeBase="D:\actions-runner\_work\XPCO\XPCO\Corporate\VideoOS.Reporting.Web.UnitTests\bin\x64\Debug\net472\VideoOS.Reporting.Web.UnitTests.dll" adapterTypeName="executor://mstestadapter/v2" className="VideoOS.Reporting.Web.UnitTests.ReportsTest+RecordingServerReportTests" name="RepStorage_ItemDataBound_UnitUnknown_Test" />
    </UnitTest>
    <UnitTest name="Get_TimeScale_Enum_When_Month_In_GraphTimeScale_QueryString" storage="d:\actions-runner\_work\xpco\xpco\corporate\videoos.reporting.web.unittests\bin\x64\debug\net472\videoos.reporting.web.unittests.dll" id="1771f7c3-38f6-b72b-c87f-b2e745d7971b">
      <Execution id="6e4d5f06-1798-437f-a63f-feeb8d98e477" />
      <TestMethod codeBase="D:\actions-runner\_work\XPCO\XPCO\Corporate\VideoOS.Reporting.Web.UnitTests\bin\x64\Debug\net472\VideoOS.Reporting.Web.UnitTests.dll" adapterTypeName="executor://mstestadapter/v2" className="VideoOS.Reporting.Web.UnitTests.BasePageTests+TimeScaleTests" name="Get_TimeScale_Enum_When_Month_In_GraphTimeScale_QueryString" />
    </UnitTest>
    <UnitTest name="Get_AlarmReportType_Enum_When_Empty_In_ReportType_QueryString" storage="d:\actions-runner\_work\xpco\xpco\corporate\videoos.reporting.web.unittests\bin\x64\debug\net472\videoos.reporting.web.unittests.dll" id="c339c9b9-7423-f411-8153-5bf0a235b405">
      <Execution id="2a516567-af10-4793-800e-4914974c7e68" />
      <TestMethod codeBase="D:\actions-runner\_work\XPCO\XPCO\Corporate\VideoOS.Reporting.Web.UnitTests\bin\x64\Debug\net472\VideoOS.Reporting.Web.UnitTests.dll" adapterTypeName="executor://mstestadapter/v2" className="VideoOS.Reporting.Web.UnitTests.BasePageTests+AlarmReportTypeTest" name="Get_AlarmReportType_Enum_When_Empty_In_ReportType_QueryString" />
    </UnitTest>
    <UnitTest name="Get_AlarmReportType_Enum_When_EmptyString_In_ReportType_QueryString" storage="d:\actions-runner\_work\xpco\xpco\corporate\videoos.reporting.web.unittests\bin\x64\debug\net472\videoos.reporting.web.unittests.dll" id="a4b26214-ec7f-52be-9b78-565be3e2caab">
      <Execution id="32bcca91-6cee-4a1a-9377-58907240a099" />
      <TestMethod codeBase="D:\actions-runner\_work\XPCO\XPCO\Corporate\VideoOS.Reporting.Web.UnitTests\bin\x64\Debug\net472\VideoOS.Reporting.Web.UnitTests.dll" adapterTypeName="executor://mstestadapter/v2" className="VideoOS.Reporting.Web.UnitTests.BasePageTests+AlarmReportTypeTest" name="Get_AlarmReportType_Enum_When_EmptyString_In_ReportType_QueryString" />
    </UnitTest>
    <UnitTest name="On_Page_PreInit_Get_Properties_From_QueryString" storage="d:\actions-runner\_work\xpco\xpco\corporate\videoos.reporting.web.unittests\bin\x64\debug\net472\videoos.reporting.web.unittests.dll" id="82b1d1e0-494c-297f-d0b9-cff68621ed95">
      <Execution id="3f4ba5db-3998-4987-a8a9-ec9f3c36a730" />
      <TestMethod codeBase="D:\actions-runner\_work\XPCO\XPCO\Corporate\VideoOS.Reporting.Web.UnitTests\bin\x64\Debug\net472\VideoOS.Reporting.Web.UnitTests.dll" adapterTypeName="executor://mstestadapter/v2" className="VideoOS.Reporting.Web.UnitTests.BasePageTests+PreInitTests" name="On_Page_PreInit_Get_Properties_From_QueryString" />
    </UnitTest>
    <UnitTest name="On_Page_Load_PostBack_Test" storage="d:\actions-runner\_work\xpco\xpco\corporate\videoos.reporting.web.unittests\bin\x64\debug\net472\videoos.reporting.web.unittests.dll" id="46a0070e-9f28-3bae-29bd-4b3a4ca0fa85">
      <Execution id="9045600c-89fd-46c9-bdce-d02fa9db0ae2" />
      <TestMethod codeBase="D:\actions-runner\_work\XPCO\XPCO\Corporate\VideoOS.Reporting.Web.UnitTests\bin\x64\Debug\net472\VideoOS.Reporting.Web.UnitTests.dll" adapterTypeName="executor://mstestadapter/v2" className="VideoOS.Reporting.Web.UnitTests.ReportsTest+RecordingServerReportTests" name="On_Page_Load_PostBack_Test" />
    </UnitTest>
    <UnitTest name="Get_ResponseTime_Enum_When_DifferentCasingOf_ThirtyMinutes_In_ResponseTimeCompare_QueryString" storage="d:\actions-runner\_work\xpco\xpco\corporate\videoos.reporting.web.unittests\bin\x64\debug\net472\videoos.reporting.web.unittests.dll" id="10408c77-2974-dbe6-898f-f3848345bce4">
      <Execution id="c6e178d1-f0fe-4dd3-b7b2-64ce27f1c698" />
      <TestMethod codeBase="D:\actions-runner\_work\XPCO\XPCO\Corporate\VideoOS.Reporting.Web.UnitTests\bin\x64\Debug\net472\VideoOS.Reporting.Web.UnitTests.dll" adapterTypeName="executor://mstestadapter/v2" className="VideoOS.Reporting.Web.UnitTests.BasePageTests+ResponseTypeTest" name="Get_ResponseTime_Enum_When_DifferentCasingOf_ThirtyMinutes_In_ResponseTimeCompare_QueryString" />
    </UnitTest>
    <UnitTest name="ServerStatus_Timer_Tick_ConnectionState_ReConnecting_Test" storage="d:\actions-runner\_work\xpco\xpco\corporate\videoos.reporting.web.unittests\bin\x64\debug\net472\videoos.reporting.web.unittests.dll" id="122247dd-ec07-5505-009e-47cb0b73ac47">
      <Execution id="76f256ba-fd35-424a-b7cf-52d2f0d7d095" />
      <TestMethod codeBase="D:\actions-runner\_work\XPCO\XPCO\Corporate\VideoOS.Reporting.Web.UnitTests\bin\x64\Debug\net472\VideoOS.Reporting.Web.UnitTests.dll" adapterTypeName="executor://mstestadapter/v2" className="VideoOS.Reporting.Web.UnitTests.ReportsTest+RecordingServerReportTests" name="ServerStatus_Timer_Tick_ConnectionState_ReConnecting_Test" />
    </UnitTest>
    <UnitTest name="On_Page_PreInit_GetThemeTypeLight_From_QueryString" storage="d:\actions-runner\_work\xpco\xpco\corporate\videoos.reporting.web.unittests\bin\x64\debug\net472\videoos.reporting.web.unittests.dll" id="97bef6f8-1dc5-0841-328d-9d61c6b07a84">
      <Execution id="4e18ccbb-6fde-494e-b2df-7f8331cb2334" />
      <TestMethod codeBase="D:\actions-runner\_work\XPCO\XPCO\Corporate\VideoOS.Reporting.Web.UnitTests\bin\x64\Debug\net472\VideoOS.Reporting.Web.UnitTests.dll" adapterTypeName="executor://mstestadapter/v2" className="VideoOS.Reporting.Web.UnitTests.BasePageTests+PreInitTests" name="On_Page_PreInit_GetThemeTypeLight_From_QueryString" />
    </UnitTest>
    <UnitTest name="Get_AlarmReportType_Enum_When_State_In_ReportType_QueryString" storage="d:\actions-runner\_work\xpco\xpco\corporate\videoos.reporting.web.unittests\bin\x64\debug\net472\videoos.reporting.web.unittests.dll" id="870444a8-b27b-10be-b976-827f7c56971a">
      <Execution id="d7f677ff-ad34-4421-802c-4bde7ca84764" />
      <TestMethod codeBase="D:\actions-runner\_work\XPCO\XPCO\Corporate\VideoOS.Reporting.Web.UnitTests\bin\x64\Debug\net472\VideoOS.Reporting.Web.UnitTests.dll" adapterTypeName="executor://mstestadapter/v2" className="VideoOS.Reporting.Web.UnitTests.BasePageTests+AlarmReportTypeTest" name="Get_AlarmReportType_Enum_When_State_In_ReportType_QueryString" />
    </UnitTest>
    <UnitTest name="CPUUsage_Timer_Tick_Test" storage="d:\actions-runner\_work\xpco\xpco\corporate\videoos.reporting.web.unittests\bin\x64\debug\net472\videoos.reporting.web.unittests.dll" id="96eb91ff-02cf-c189-21a5-e8a94f83a4fe">
      <Execution id="0498077c-d85c-4aeb-b865-c0e2a8e12cae" />
      <TestMethod codeBase="D:\actions-runner\_work\XPCO\XPCO\Corporate\VideoOS.Reporting.Web.UnitTests\bin\x64\Debug\net472\VideoOS.Reporting.Web.UnitTests.dll" adapterTypeName="executor://mstestadapter/v2" className="VideoOS.Reporting.Web.UnitTests.ReportsTest+RecordingServerReportTests" name="CPUUsage_Timer_Tick_Test" />
    </UnitTest>
    <UnitTest name="Get_ResponseTime_Enum_When_DifferentCasingOf_In_ResponseTime_QueryString" storage="d:\actions-runner\_work\xpco\xpco\corporate\videoos.reporting.web.unittests\bin\x64\debug\net472\videoos.reporting.web.unittests.dll" id="c0c6a1ed-b421-ac23-e05b-a86fa3b90c97">
      <Execution id="7a63c6b2-3c95-41d1-b8e4-d2d36ad3192a" />
      <TestMethod codeBase="D:\actions-runner\_work\XPCO\XPCO\Corporate\VideoOS.Reporting.Web.UnitTests\bin\x64\Debug\net472\VideoOS.Reporting.Web.UnitTests.dll" adapterTypeName="executor://mstestadapter/v2" className="VideoOS.Reporting.Web.UnitTests.BasePageTests+ResponseTypeTest" name="Get_ResponseTime_Enum_When_DifferentCasingOf_In_ResponseTime_QueryString" />
    </UnitTest>
    <UnitTest name="Get_AlarmReportType_Enum_When_DifferentCasingOf_Category_In_ReportType_QueryString" storage="d:\actions-runner\_work\xpco\xpco\corporate\videoos.reporting.web.unittests\bin\x64\debug\net472\videoos.reporting.web.unittests.dll" id="fcc27f48-422a-f79c-2e42-c2d8c5e59806">
      <Execution id="ee36a48d-69ec-4a31-98c0-99ae35fb1764" />
      <TestMethod codeBase="D:\actions-runner\_work\XPCO\XPCO\Corporate\VideoOS.Reporting.Web.UnitTests\bin\x64\Debug\net472\VideoOS.Reporting.Web.UnitTests.dll" adapterTypeName="executor://mstestadapter/v2" className="VideoOS.Reporting.Web.UnitTests.BasePageTests+AlarmReportTypeTest" name="Get_AlarmReportType_Enum_When_DifferentCasingOf_Category_In_ReportType_QueryString" />
    </UnitTest>
    <UnitTest name="DiskWrite_Timer_Tick_Test" storage="d:\actions-runner\_work\xpco\xpco\corporate\videoos.reporting.web.unittests\bin\x64\debug\net472\videoos.reporting.web.unittests.dll" id="a4f53d2a-6aa3-56f3-9e23-5b8d4649242e">
      <Execution id="00fd8c51-2006-47d5-afde-09481bdc1322" />
      <TestMethod codeBase="D:\actions-runner\_work\XPCO\XPCO\Corporate\VideoOS.Reporting.Web.UnitTests\bin\x64\Debug\net472\VideoOS.Reporting.Web.UnitTests.dll" adapterTypeName="executor://mstestadapter/v2" className="VideoOS.Reporting.Web.UnitTests.ReportsTest+RecordingServerReportTests" name="DiskWrite_Timer_Tick_Test" />
    </UnitTest>
    <UnitTest name="Get_ResponseTimEnume_When_DifferentCasingOf_TwoHours_In_ResponseTimeCompare_QueryString" storage="d:\actions-runner\_work\xpco\xpco\corporate\videoos.reporting.web.unittests\bin\x64\debug\net472\videoos.reporting.web.unittests.dll" id="a99370d8-c2c8-637c-f6bc-60509f1ab665">
      <Execution id="40d5bc76-6624-4b40-acd9-5db0e2dd12cd" />
      <TestMethod codeBase="D:\actions-runner\_work\XPCO\XPCO\Corporate\VideoOS.Reporting.Web.UnitTests\bin\x64\Debug\net472\VideoOS.Reporting.Web.UnitTests.dll" adapterTypeName="executor://mstestadapter/v2" className="VideoOS.Reporting.Web.UnitTests.BasePageTests+ResponseTypeTest" name="Get_ResponseTimEnume_When_DifferentCasingOf_TwoHours_In_ResponseTimeCompare_QueryString" />
    </UnitTest>
    <UnitTest name="ServerStatus_Timer_Tick_ConnectionState_Connected_Test" storage="d:\actions-runner\_work\xpco\xpco\corporate\videoos.reporting.web.unittests\bin\x64\debug\net472\videoos.reporting.web.unittests.dll" id="517fae28-bdf5-b44f-9d8b-d583cd884859">
      <Execution id="efec81f5-0345-4754-b176-b0c0d0efb965" />
      <TestMethod codeBase="D:\actions-runner\_work\XPCO\XPCO\Corporate\VideoOS.Reporting.Web.UnitTests\bin\x64\Debug\net472\VideoOS.Reporting.Web.UnitTests.dll" adapterTypeName="executor://mstestadapter/v2" className="VideoOS.Reporting.Web.UnitTests.ReportsTest+RecordingServerReportTests" name="ServerStatus_Timer_Tick_ConnectionState_Connected_Test" />
    </UnitTest>
    <UnitTest name="Get_TimeScale_Enum_When_InvalidString_In_GraphTimeScale_QueryString" storage="d:\actions-runner\_work\xpco\xpco\corporate\videoos.reporting.web.unittests\bin\x64\debug\net472\videoos.reporting.web.unittests.dll" id="e192b4a3-7560-7cce-193d-c9dca08fd2dc">
      <Execution id="ff3065ad-761f-43d9-a902-e854c37df035" />
      <TestMethod codeBase="D:\actions-runner\_work\XPCO\XPCO\Corporate\VideoOS.Reporting.Web.UnitTests\bin\x64\Debug\net472\VideoOS.Reporting.Web.UnitTests.dll" adapterTypeName="executor://mstestadapter/v2" className="VideoOS.Reporting.Web.UnitTests.BasePageTests+TimeScaleTests" name="Get_TimeScale_Enum_When_InvalidString_In_GraphTimeScale_QueryString" />
    </UnitTest>
    <UnitTest name="Get_ResponseTime_Enum_When_InvalidString_In_ResponseTime_QueryString" storage="d:\actions-runner\_work\xpco\xpco\corporate\videoos.reporting.web.unittests\bin\x64\debug\net472\videoos.reporting.web.unittests.dll" id="7ac09847-d2bd-c3ee-48f2-c04be8bed185">
      <Execution id="98a5f6ce-2a36-4a8e-ba53-f9e01dc953e4" />
      <TestMethod codeBase="D:\actions-runner\_work\XPCO\XPCO\Corporate\VideoOS.Reporting.Web.UnitTests\bin\x64\Debug\net472\VideoOS.Reporting.Web.UnitTests.dll" adapterTypeName="executor://mstestadapter/v2" className="VideoOS.Reporting.Web.UnitTests.BasePageTests+ResponseTypeTest" name="Get_ResponseTime_Enum_When_InvalidString_In_ResponseTime_QueryString" />
    </UnitTest>
    <UnitTest name="RepArchive_ItemDataBound_Test" storage="d:\actions-runner\_work\xpco\xpco\corporate\videoos.reporting.web.unittests\bin\x64\debug\net472\videoos.reporting.web.unittests.dll" id="796abef7-2938-757f-9bc0-d3f3e3b1fccb">
      <Execution id="56a24e84-673e-4706-94ee-66d88d9f5d73" />
      <TestMethod codeBase="D:\actions-runner\_work\XPCO\XPCO\Corporate\VideoOS.Reporting.Web.UnitTests\bin\x64\Debug\net472\VideoOS.Reporting.Web.UnitTests.dll" adapterTypeName="executor://mstestadapter/v2" className="VideoOS.Reporting.Web.UnitTests.ReportsTest+RecordingServerReportTests" name="RepArchive_ItemDataBound_Test" />
    </UnitTest>
    <UnitTest name="Get_TimeScale_Enum_When_Null_In_GraphTimeScale_QueryString" storage="d:\actions-runner\_work\xpco\xpco\corporate\videoos.reporting.web.unittests\bin\x64\debug\net472\videoos.reporting.web.unittests.dll" id="cf37735b-8555-781e-b630-760f4b6de286">
      <Execution id="9be1f147-408a-4617-ad70-fcde4be89003" />
      <TestMethod codeBase="D:\actions-runner\_work\XPCO\XPCO\Corporate\VideoOS.Reporting.Web.UnitTests\bin\x64\Debug\net472\VideoOS.Reporting.Web.UnitTests.dll" adapterTypeName="executor://mstestadapter/v2" className="VideoOS.Reporting.Web.UnitTests.BasePageTests+TimeScaleTests" name="Get_TimeScale_Enum_When_Null_In_GraphTimeScale_QueryString" />
    </UnitTest>
    <UnitTest name="On_Page_PreInit_GetCulture_From_QueryString" storage="d:\actions-runner\_work\xpco\xpco\corporate\videoos.reporting.web.unittests\bin\x64\debug\net472\videoos.reporting.web.unittests.dll" id="38135019-1c35-5e2e-0e06-63a607276d1a">
      <Execution id="cb165d44-a020-44e9-87ab-be9ea7a42f51" />
      <TestMethod codeBase="D:\actions-runner\_work\XPCO\XPCO\Corporate\VideoOS.Reporting.Web.UnitTests\bin\x64\Debug\net472\VideoOS.Reporting.Web.UnitTests.dll" adapterTypeName="executor://mstestadapter/v2" className="VideoOS.Reporting.Web.UnitTests.BasePageTests+PreInitTests" name="On_Page_PreInit_GetCulture_From_QueryString" />
    </UnitTest>
    <UnitTest name="On_Page_Init_Get_Token_When_UserToken_In_QueryString" storage="d:\actions-runner\_work\xpco\xpco\corporate\videoos.reporting.web.unittests\bin\x64\debug\net472\videoos.reporting.web.unittests.dll" id="d436d199-7122-01e0-d8ec-3ba704ca7687">
      <Execution id="a4793665-6eb4-43c0-bcc3-53b79434e28b" />
      <TestMethod codeBase="D:\actions-runner\_work\XPCO\XPCO\Corporate\VideoOS.Reporting.Web.UnitTests\bin\x64\Debug\net472\VideoOS.Reporting.Web.UnitTests.dll" adapterTypeName="executor://mstestadapter/v2" className="VideoOS.Reporting.Web.UnitTests.BasePageTests+PageInitTests" name="On_Page_Init_Get_Token_When_UserToken_In_QueryString" />
    </UnitTest>
    <UnitTest name="Cameras_Timer_Tick_Test" storage="d:\actions-runner\_work\xpco\xpco\corporate\videoos.reporting.web.unittests\bin\x64\debug\net472\videoos.reporting.web.unittests.dll" id="3b499ff3-6233-4c6a-650c-7067256c9b65">
      <Execution id="eb691604-09c3-403d-b805-1a6b9292a87f" />
      <TestMethod codeBase="D:\actions-runner\_work\XPCO\XPCO\Corporate\VideoOS.Reporting.Web.UnitTests\bin\x64\Debug\net472\VideoOS.Reporting.Web.UnitTests.dll" adapterTypeName="executor://mstestadapter/v2" className="VideoOS.Reporting.Web.UnitTests.ReportsTest+RecordingServerReportTests" name="Cameras_Timer_Tick_Test" />
    </UnitTest>
    <UnitTest name="ServerStatus_Page_Load_Test" storage="d:\actions-runner\_work\xpco\xpco\corporate\videoos.reporting.web.unittests\bin\x64\debug\net472\videoos.reporting.web.unittests.dll" id="05d1f2c0-ff24-a76e-9726-4fee550b38d4">
      <Execution id="1291f43b-6193-4e27-8053-bafbf4a06c29" />
      <TestMethod codeBase="D:\actions-runner\_work\XPCO\XPCO\Corporate\VideoOS.Reporting.Web.UnitTests\bin\x64\Debug\net472\VideoOS.Reporting.Web.UnitTests.dll" adapterTypeName="executor://mstestadapter/v2" className="VideoOS.Reporting.Web.UnitTests.ReportsTest+RecordingServerReportTests" name="ServerStatus_Page_Load_Test" />
    </UnitTest>
    <UnitTest name="MemoryAvailable_Timer_Tick_Test" storage="d:\actions-runner\_work\xpco\xpco\corporate\videoos.reporting.web.unittests\bin\x64\debug\net472\videoos.reporting.web.unittests.dll" id="a0d8266a-c259-31aa-dce3-728723681f8b">
      <Execution id="71464130-490a-4d49-be73-1c6e07cc3de8" />
      <TestMethod codeBase="D:\actions-runner\_work\XPCO\XPCO\Corporate\VideoOS.Reporting.Web.UnitTests\bin\x64\Debug\net472\VideoOS.Reporting.Web.UnitTests.dll" adapterTypeName="executor://mstestadapter/v2" className="VideoOS.Reporting.Web.UnitTests.ReportsTest+RecordingServerReportTests" name="MemoryAvailable_Timer_Tick_Test" />
    </UnitTest>
    <UnitTest name="Get_SubReportTypeGuid_When_ValidGuid_In_SubReportTypeCompare_QueryString" storage="d:\actions-runner\_work\xpco\xpco\corporate\videoos.reporting.web.unittests\bin\x64\debug\net472\videoos.reporting.web.unittests.dll" id="ab5e0b8d-6822-caf7-797a-1aff911f8f71">
      <Execution id="9126e067-88e0-4316-a202-4b3c14e39ddb" />
      <TestMethod codeBase="D:\actions-runner\_work\XPCO\XPCO\Corporate\VideoOS.Reporting.Web.UnitTests\bin\x64\Debug\net472\VideoOS.Reporting.Web.UnitTests.dll" adapterTypeName="executor://mstestadapter/v2" className="VideoOS.Reporting.Web.UnitTests.BasePageTests+SubReportTypeTests" name="Get_SubReportTypeGuid_When_ValidGuid_In_SubReportTypeCompare_QueryString" />
    </UnitTest>
    <UnitTest name="TimescaleGraph_MB_Test" storage="d:\actions-runner\_work\xpco\xpco\corporate\videoos.reporting.web.unittests\bin\x64\debug\net472\videoos.reporting.web.unittests.dll" id="b9baafa3-d205-3ab3-a18f-4e4ea2001f67">
      <Execution id="092a72af-dc4f-4557-966d-de84d62d21ed" />
      <TestMethod codeBase="D:\actions-runner\_work\XPCO\XPCO\Corporate\VideoOS.Reporting.Web.UnitTests\bin\x64\Debug\net472\VideoOS.Reporting.Web.UnitTests.dll" adapterTypeName="executor://mstestadapter/v2" className="VideoOS.Reporting.Web.UnitTests.WebControlsTests+TimescaleGraphTests" name="TimescaleGraph_MB_Test" />
    </UnitTest>
    <UnitTest name="Get_ResponseTime_Enum_When_InvalidString_In_ResponseTimeCompare_QueryString" storage="d:\actions-runner\_work\xpco\xpco\corporate\videoos.reporting.web.unittests\bin\x64\debug\net472\videoos.reporting.web.unittests.dll" id="46703ae1-0a1d-9d01-2b27-b0a5f46ce866">
      <Execution id="ce85adc9-df25-4e03-81cc-5b419ebc4446" />
      <TestMethod codeBase="D:\actions-runner\_work\XPCO\XPCO\Corporate\VideoOS.Reporting.Web.UnitTests\bin\x64\Debug\net472\VideoOS.Reporting.Web.UnitTests.dll" adapterTypeName="executor://mstestadapter/v2" className="VideoOS.Reporting.Web.UnitTests.BasePageTests+ResponseTypeTest" name="Get_ResponseTime_Enum_When_InvalidString_In_ResponseTimeCompare_QueryString" />
    </UnitTest>
    <UnitTest name="Get_AlarmReportType_Enum_When_DifferentCasingOf_State_In_ReportType_QueryString" storage="d:\actions-runner\_work\xpco\xpco\corporate\videoos.reporting.web.unittests\bin\x64\debug\net472\videoos.reporting.web.unittests.dll" id="c882b2f8-a681-fc31-e54f-a18f6c8cba02">
      <Execution id="81f1d330-9f6d-4634-88e3-7156c86a6c00" />
      <TestMethod codeBase="D:\actions-runner\_work\XPCO\XPCO\Corporate\VideoOS.Reporting.Web.UnitTests\bin\x64\Debug\net472\VideoOS.Reporting.Web.UnitTests.dll" adapterTypeName="executor://mstestadapter/v2" className="VideoOS.Reporting.Web.UnitTests.BasePageTests+AlarmReportTypeTest" name="Get_AlarmReportType_Enum_When_DifferentCasingOf_State_In_ReportType_QueryString" />
    </UnitTest>
    <UnitTest name="Get_AlarmReportType_Enum_When_DifferentCasingOf_ResponseTime_In_ReportType_QueryString" storage="d:\actions-runner\_work\xpco\xpco\corporate\videoos.reporting.web.unittests\bin\x64\debug\net472\videoos.reporting.web.unittests.dll" id="ec8dad84-3a5f-c30b-efd2-c2e4114175b9">
      <Execution id="bc0e063f-5531-4fe5-a297-9db4d49fc88d" />
      <TestMethod codeBase="D:\actions-runner\_work\XPCO\XPCO\Corporate\VideoOS.Reporting.Web.UnitTests\bin\x64\Debug\net472\VideoOS.Reporting.Web.UnitTests.dll" adapterTypeName="executor://mstestadapter/v2" className="VideoOS.Reporting.Web.UnitTests.BasePageTests+AlarmReportTypeTest" name="Get_AlarmReportType_Enum_When_DifferentCasingOf_ResponseTime_In_ReportType_QueryString" />
    </UnitTest>
    <UnitTest name="On_Page_Load_Get_Redirected_When_No_Id_In_QueryString" storage="d:\actions-runner\_work\xpco\xpco\corporate\videoos.reporting.web.unittests\bin\x64\debug\net472\videoos.reporting.web.unittests.dll" id="5fb3e6f7-a739-34fa-c5bb-b39273f294f3">
      <Execution id="97a81b7b-7653-4f43-a974-58d7c5d5245a" />
      <TestMethod codeBase="D:\actions-runner\_work\XPCO\XPCO\Corporate\VideoOS.Reporting.Web.UnitTests\bin\x64\Debug\net472\VideoOS.Reporting.Web.UnitTests.dll" adapterTypeName="executor://mstestadapter/v2" className="VideoOS.Reporting.Web.UnitTests.ReportsTest+ServerReportTests" name="On_Page_Load_Get_Redirected_When_No_Id_In_QueryString" />
    </UnitTest>
    <UnitTest name="On_Page_Load_Get_Redirected_When_No_Id_In_QueryString" storage="d:\actions-runner\_work\xpco\xpco\corporate\videoos.reporting.web.unittests\bin\x64\debug\net472\videoos.reporting.web.unittests.dll" id="98539aa4-356c-5d0a-3686-37d8f18bd8a4">
      <Execution id="783e40d4-b5f8-4eb9-96d0-8fd2e16f973e" />
      <TestMethod codeBase="D:\actions-runner\_work\XPCO\XPCO\Corporate\VideoOS.Reporting.Web.UnitTests\bin\x64\Debug\net472\VideoOS.Reporting.Web.UnitTests.dll" adapterTypeName="executor://mstestadapter/v2" className="VideoOS.Reporting.Web.UnitTests.HistoryReportsTests+HistoryServerTests" name="On_Page_Load_Get_Redirected_When_No_Id_In_QueryString" />
    </UnitTest>
    <UnitTest name="On_Page_Load_Get_Redirected_When_No_Id_In_QueryString" storage="d:\actions-runner\_work\xpco\xpco\corporate\videoos.reporting.web.unittests\bin\x64\debug\net472\videoos.reporting.web.unittests.dll" id="22dbbfc5-d0d8-53b9-ee30-472392406cc6">
      <Execution id="632d245d-3ad7-472c-9442-e246f1aae5ac" />
      <TestMethod codeBase="D:\actions-runner\_work\XPCO\XPCO\Corporate\VideoOS.Reporting.Web.UnitTests\bin\x64\Debug\net472\VideoOS.Reporting.Web.UnitTests.dll" adapterTypeName="executor://mstestadapter/v2" className="VideoOS.Reporting.Web.UnitTests.ReportsTest+RecordingServerReportTests" name="On_Page_Load_Get_Redirected_When_No_Id_In_QueryString" />
    </UnitTest>
    <UnitTest name="Get_AlarmReportType_Enum_When_Site_In_ReportType_QueryString" storage="d:\actions-runner\_work\xpco\xpco\corporate\videoos.reporting.web.unittests\bin\x64\debug\net472\videoos.reporting.web.unittests.dll" id="553d57c3-efa1-f232-778c-6b1c3bb32f63">
      <Execution id="cfa3c49a-77b7-457c-bf48-ae45d1995244" />
      <TestMethod codeBase="D:\actions-runner\_work\XPCO\XPCO\Corporate\VideoOS.Reporting.Web.UnitTests\bin\x64\Debug\net472\VideoOS.Reporting.Web.UnitTests.dll" adapterTypeName="executor://mstestadapter/v2" className="VideoOS.Reporting.Web.UnitTests.BasePageTests+AlarmReportTypeTest" name="Get_AlarmReportType_Enum_When_Site_In_ReportType_QueryString" />
    </UnitTest>
    <UnitTest name="DataGridNetwork_ItemDataBound_Test" storage="d:\actions-runner\_work\xpco\xpco\corporate\videoos.reporting.web.unittests\bin\x64\debug\net472\videoos.reporting.web.unittests.dll" id="a10f9d41-2851-e1bf-f8a6-cc8c19abc0df">
      <Execution id="b57c2466-f263-47fe-a726-1515c8335310" />
      <TestMethod codeBase="D:\actions-runner\_work\XPCO\XPCO\Corporate\VideoOS.Reporting.Web.UnitTests\bin\x64\Debug\net472\VideoOS.Reporting.Web.UnitTests.dll" adapterTypeName="executor://mstestadapter/v2" className="VideoOS.Reporting.Web.UnitTests.ReportsTest+RecordingServerReportTests" name="DataGridNetwork_ItemDataBound_Test" />
    </UnitTest>
    <UnitTest name="On_Page_PreInit_GetNoTheme_From_QueryString" storage="d:\actions-runner\_work\xpco\xpco\corporate\videoos.reporting.web.unittests\bin\x64\debug\net472\videoos.reporting.web.unittests.dll" id="566c0031-c779-f33f-8bdc-f1afaf20b887">
      <Execution id="d1eabd15-f198-4494-85fd-2fdbcbcd511c" />
      <TestMethod codeBase="D:\actions-runner\_work\XPCO\XPCO\Corporate\VideoOS.Reporting.Web.UnitTests\bin\x64\Debug\net472\VideoOS.Reporting.Web.UnitTests.dll" adapterTypeName="executor://mstestadapter/v2" className="VideoOS.Reporting.Web.UnitTests.BasePageTests+PreInitTests" name="On_Page_PreInit_GetNoTheme_From_QueryString" />
    </UnitTest>
    <UnitTest name="On_Page_PreInit_Get_RedirectedToErrorPage_When_RequestIsUnSecureAndEncryptionIsEnabled" storage="d:\actions-runner\_work\xpco\xpco\corporate\videoos.reporting.web.unittests\bin\x64\debug\net472\videoos.reporting.web.unittests.dll" id="d9a23774-9416-0ce4-9314-168755dd0065">
      <Execution id="72f5aa3c-3d93-4069-9f90-140c2e6aeb91" />
      <TestMethod codeBase="D:\actions-runner\_work\XPCO\XPCO\Corporate\VideoOS.Reporting.Web.UnitTests\bin\x64\Debug\net472\VideoOS.Reporting.Web.UnitTests.dll" adapterTypeName="executor://mstestadapter/v2" className="VideoOS.Reporting.Web.UnitTests.BasePageTests+PreInitTests" name="On_Page_PreInit_Get_RedirectedToErrorPage_When_RequestIsUnSecureAndEncryptionIsEnabled" />
    </UnitTest>
    <UnitTest name="Get_ResponseTime_Enum_When_OneHour_In_ResponseTime_QueryString" storage="d:\actions-runner\_work\xpco\xpco\corporate\videoos.reporting.web.unittests\bin\x64\debug\net472\videoos.reporting.web.unittests.dll" id="106b5105-1e8c-3698-8baf-fb37f63192b2">
      <Execution id="61018f8d-7d29-4a89-be4b-d7eb97436fe3" />
      <TestMethod codeBase="D:\actions-runner\_work\XPCO\XPCO\Corporate\VideoOS.Reporting.Web.UnitTests\bin\x64\Debug\net472\VideoOS.Reporting.Web.UnitTests.dll" adapterTypeName="executor://mstestadapter/v2" className="VideoOS.Reporting.Web.UnitTests.BasePageTests+ResponseTypeTest" name="Get_ResponseTime_Enum_When_OneHour_In_ResponseTime_QueryString" />
    </UnitTest>
    <UnitTest name="Get_TimeScale_Enum_When_Week_In_GraphTimeScale_QueryString" storage="d:\actions-runner\_work\xpco\xpco\corporate\videoos.reporting.web.unittests\bin\x64\debug\net472\videoos.reporting.web.unittests.dll" id="b143a61d-2882-65d8-651c-8950e68545ce">
      <Execution id="f4a66357-096a-42ae-9432-f9ad475369a0" />
      <TestMethod codeBase="D:\actions-runner\_work\XPCO\XPCO\Corporate\VideoOS.Reporting.Web.UnitTests\bin\x64\Debug\net472\VideoOS.Reporting.Web.UnitTests.dll" adapterTypeName="executor://mstestadapter/v2" className="VideoOS.Reporting.Web.UnitTests.BasePageTests+TimeScaleTests" name="Get_TimeScale_Enum_When_Week_In_GraphTimeScale_QueryString" />
    </UnitTest>
    <UnitTest name="Get_SubReportTypeGuid_When_EmptyString_In_SubReportTypeCompare_QueryString" storage="d:\actions-runner\_work\xpco\xpco\corporate\videoos.reporting.web.unittests\bin\x64\debug\net472\videoos.reporting.web.unittests.dll" id="da1ca156-adc8-c0a1-9e57-e8e92d878a1f">
      <Execution id="b6a1cdbd-7991-44db-92a4-b461ffdf04e6" />
      <TestMethod codeBase="D:\actions-runner\_work\XPCO\XPCO\Corporate\VideoOS.Reporting.Web.UnitTests\bin\x64\Debug\net472\VideoOS.Reporting.Web.UnitTests.dll" adapterTypeName="executor://mstestadapter/v2" className="VideoOS.Reporting.Web.UnitTests.BasePageTests+SubReportTypeTests" name="Get_SubReportTypeGuid_When_EmptyString_In_SubReportTypeCompare_QueryString" />
    </UnitTest>
    <UnitTest name="ServerStatus_Timer_Tick_ConnectionState_Disconnected_Test" storage="d:\actions-runner\_work\xpco\xpco\corporate\videoos.reporting.web.unittests\bin\x64\debug\net472\videoos.reporting.web.unittests.dll" id="c0c0ad5c-3016-d150-aa7a-8d9baf1ec784">
      <Execution id="3fbe36ee-f75b-4c62-a80c-9da26f174850" />
      <TestMethod codeBase="D:\actions-runner\_work\XPCO\XPCO\Corporate\VideoOS.Reporting.Web.UnitTests\bin\x64\Debug\net472\VideoOS.Reporting.Web.UnitTests.dll" adapterTypeName="executor://mstestadapter/v2" className="VideoOS.Reporting.Web.UnitTests.ReportsTest+RecordingServerReportTests" name="ServerStatus_Timer_Tick_ConnectionState_Disconnected_Test" />
    </UnitTest>
    <UnitTest name="Get_ResponseTime_Enum_When_OneHour_In_ResponseTimeCompare_QueryString" storage="d:\actions-runner\_work\xpco\xpco\corporate\videoos.reporting.web.unittests\bin\x64\debug\net472\videoos.reporting.web.unittests.dll" id="2646b88e-5943-af09-16a1-a159715ee820">
      <Execution id="d04f6a74-578b-4116-8988-68fb72c69854" />
      <TestMethod codeBase="D:\actions-runner\_work\XPCO\XPCO\Corporate\VideoOS.Reporting.Web.UnitTests\bin\x64\Debug\net472\VideoOS.Reporting.Web.UnitTests.dll" adapterTypeName="executor://mstestadapter/v2" className="VideoOS.Reporting.Web.UnitTests.BasePageTests+ResponseTypeTest" name="Get_ResponseTime_Enum_When_OneHour_In_ResponseTimeCompare_QueryString" />
    </UnitTest>
    <UnitTest name="Get_ResponseTime_Enum_When_DifferentCasingOf_EightHours_In_ResponseTime_QueryString" storage="d:\actions-runner\_work\xpco\xpco\corporate\videoos.reporting.web.unittests\bin\x64\debug\net472\videoos.reporting.web.unittests.dll" id="036a49c9-5547-c24e-4db8-92cae9de82ed">
      <Execution id="545c1183-a9da-4083-a65e-ad768669d0f9" />
      <TestMethod codeBase="D:\actions-runner\_work\XPCO\XPCO\Corporate\VideoOS.Reporting.Web.UnitTests\bin\x64\Debug\net472\VideoOS.Reporting.Web.UnitTests.dll" adapterTypeName="executor://mstestadapter/v2" className="VideoOS.Reporting.Web.UnitTests.BasePageTests+ResponseTypeTest" name="Get_ResponseTime_Enum_When_DifferentCasingOf_EightHours_In_ResponseTime_QueryString" />
    </UnitTest>
    <UnitTest name="Get_SubReportTypeGuid_When_InvalidString_In_SubReportType_QueryString" storage="d:\actions-runner\_work\xpco\xpco\corporate\videoos.reporting.web.unittests\bin\x64\debug\net472\videoos.reporting.web.unittests.dll" id="7225938f-be28-99ce-af08-5258c50aad3a">
      <Execution id="21be9641-8dcd-4a77-8e23-d6e120f929c9" />
      <TestMethod codeBase="D:\actions-runner\_work\XPCO\XPCO\Corporate\VideoOS.Reporting.Web.UnitTests\bin\x64\Debug\net472\VideoOS.Reporting.Web.UnitTests.dll" adapterTypeName="executor://mstestadapter/v2" className="VideoOS.Reporting.Web.UnitTests.BasePageTests+SubReportTypeTests" name="Get_SubReportTypeGuid_When_InvalidString_In_SubReportType_QueryString" />
    </UnitTest>
    <UnitTest name="ServerStatus_Timer_Tick_ServerUnavailable_Test" storage="d:\actions-runner\_work\xpco\xpco\corporate\videoos.reporting.web.unittests\bin\x64\debug\net472\videoos.reporting.web.unittests.dll" id="ed4660fb-72a0-bac5-d74d-66b5add13441">
      <Execution id="922e4372-ee2c-4d7b-88b7-541c72fcacea" />
      <TestMethod codeBase="D:\actions-runner\_work\XPCO\XPCO\Corporate\VideoOS.Reporting.Web.UnitTests\bin\x64\Debug\net472\VideoOS.Reporting.Web.UnitTests.dll" adapterTypeName="executor://mstestadapter/v2" className="VideoOS.Reporting.Web.UnitTests.ReportsTest+RecordingServerReportTests" name="ServerStatus_Timer_Tick_ServerUnavailable_Test" />
    </UnitTest>
    <UnitTest name="Get_ResponseTime_Enum_When_DifferentCasingOf_OneHour_In_ResponseTimeCompare_QueryString" storage="d:\actions-runner\_work\xpco\xpco\corporate\videoos.reporting.web.unittests\bin\x64\debug\net472\videoos.reporting.web.unittests.dll" id="e01849b1-b32a-4b03-7e07-4785bc514b17">
      <Execution id="9a24ae3d-b866-4841-87ac-e5e54736bbfb" />
      <TestMethod codeBase="D:\actions-runner\_work\XPCO\XPCO\Corporate\VideoOS.Reporting.Web.UnitTests\bin\x64\Debug\net472\VideoOS.Reporting.Web.UnitTests.dll" adapterTypeName="executor://mstestadapter/v2" className="VideoOS.Reporting.Web.UnitTests.BasePageTests+ResponseTypeTest" name="Get_ResponseTime_Enum_When_DifferentCasingOf_OneHour_In_ResponseTimeCompare_QueryString" />
    </UnitTest>
    <UnitTest name="TimescaleGraph_MBSec_Test" storage="d:\actions-runner\_work\xpco\xpco\corporate\videoos.reporting.web.unittests\bin\x64\debug\net472\videoos.reporting.web.unittests.dll" id="7ea5b27c-c8f7-4671-86dd-a3a0dd3edbbe">
      <Execution id="c474b4fb-1404-43a3-a1f9-69ebb26dc6f9" />
      <TestMethod codeBase="D:\actions-runner\_work\XPCO\XPCO\Corporate\VideoOS.Reporting.Web.UnitTests\bin\x64\Debug\net472\VideoOS.Reporting.Web.UnitTests.dll" adapterTypeName="executor://mstestadapter/v2" className="VideoOS.Reporting.Web.UnitTests.WebControlsTests+TimescaleGraphTests" name="TimescaleGraph_MBSec_Test" />
    </UnitTest>
    <UnitTest name="Get_ResponseTime_Enum_When_OneDay_In_ResponseTime_QueryString" storage="d:\actions-runner\_work\xpco\xpco\corporate\videoos.reporting.web.unittests\bin\x64\debug\net472\videoos.reporting.web.unittests.dll" id="faf8a463-0c1a-576b-085e-443570e2dbbd">
      <Execution id="7e336a28-fa2f-4844-b3c0-772ae5c82270" />
      <TestMethod codeBase="D:\actions-runner\_work\XPCO\XPCO\Corporate\VideoOS.Reporting.Web.UnitTests\bin\x64\Debug\net472\VideoOS.Reporting.Web.UnitTests.dll" adapterTypeName="executor://mstestadapter/v2" className="VideoOS.Reporting.Web.UnitTests.BasePageTests+ResponseTypeTest" name="Get_ResponseTime_Enum_When_OneDay_In_ResponseTime_QueryString" />
    </UnitTest>
    <UnitTest name="ServerStatus_Timer_Tick_ConnectionState_AttachedPending_Test" storage="d:\actions-runner\_work\xpco\xpco\corporate\videoos.reporting.web.unittests\bin\x64\debug\net472\videoos.reporting.web.unittests.dll" id="72730497-a72a-01d7-b7fd-0252cb40c342">
      <Execution id="c11bb847-5a1c-4ff7-9f3b-3fa2e004f708" />
      <TestMethod codeBase="D:\actions-runner\_work\XPCO\XPCO\Corporate\VideoOS.Reporting.Web.UnitTests\bin\x64\Debug\net472\VideoOS.Reporting.Web.UnitTests.dll" adapterTypeName="executor://mstestadapter/v2" className="VideoOS.Reporting.Web.UnitTests.ReportsTest+RecordingServerReportTests" name="ServerStatus_Timer_Tick_ConnectionState_AttachedPending_Test" />
    </UnitTest>
    <UnitTest name="On_Page_Init_AuthorizedToRead_With_Default_Parameters" storage="d:\actions-runner\_work\xpco\xpco\corporate\videoos.reporting.web.unittests\bin\x64\debug\net472\videoos.reporting.web.unittests.dll" id="db8b831e-b9a4-9cd6-67cc-62449d3c1436">
      <Execution id="f2e02dd3-d3ae-4159-91fd-9dbf3e249344" />
      <TestMethod codeBase="D:\actions-runner\_work\XPCO\XPCO\Corporate\VideoOS.Reporting.Web.UnitTests\bin\x64\Debug\net472\VideoOS.Reporting.Web.UnitTests.dll" adapterTypeName="executor://mstestadapter/v2" className="VideoOS.Reporting.Web.UnitTests.BasePageTests+PageInitTests" name="On_Page_Init_AuthorizedToRead_With_Default_Parameters" />
    </UnitTest>
    <UnitTest name="Get_ResponseTime_Enum_When_Missing_QueryString" storage="d:\actions-runner\_work\xpco\xpco\corporate\videoos.reporting.web.unittests\bin\x64\debug\net472\videoos.reporting.web.unittests.dll" id="3ed48983-5ae0-9b79-d2ce-485a21a9c50d">
      <Execution id="a9abe155-a432-4bda-8aa2-335475c76191" />
      <TestMethod codeBase="D:\actions-runner\_work\XPCO\XPCO\Corporate\VideoOS.Reporting.Web.UnitTests\bin\x64\Debug\net472\VideoOS.Reporting.Web.UnitTests.dll" adapterTypeName="executor://mstestadapter/v2" className="VideoOS.Reporting.Web.UnitTests.BasePageTests+ResponseTypeTest" name="Get_ResponseTime_Enum_When_Missing_QueryString" />
    </UnitTest>
    <UnitTest name="Get_SubReportTypeGuid_When_InvalidString_In_SubReportTypeCompare_QueryString" storage="d:\actions-runner\_work\xpco\xpco\corporate\videoos.reporting.web.unittests\bin\x64\debug\net472\videoos.reporting.web.unittests.dll" id="aa8bfab8-b98e-0f11-8244-e4da50e19954">
      <Execution id="21c62155-e022-458b-b40c-6e02018e494b" />
      <TestMethod codeBase="D:\actions-runner\_work\XPCO\XPCO\Corporate\VideoOS.Reporting.Web.UnitTests\bin\x64\Debug\net472\VideoOS.Reporting.Web.UnitTests.dll" adapterTypeName="executor://mstestadapter/v2" className="VideoOS.Reporting.Web.UnitTests.BasePageTests+SubReportTypeTests" name="Get_SubReportTypeGuid_When_InvalidString_In_SubReportTypeCompare_QueryString" />
    </UnitTest>
    <UnitTest name="Get_ResponseTime_Enum_When_DifferentCasingOf_OneWeek_In_ResponseTimeCompare_QueryString" storage="d:\actions-runner\_work\xpco\xpco\corporate\videoos.reporting.web.unittests\bin\x64\debug\net472\videoos.reporting.web.unittests.dll" id="f9b6ae41-31eb-9037-58fb-586ddc54ed49">
      <Execution id="338d46cd-4ca7-4581-bf25-7da543f7ccfd" />
      <TestMethod codeBase="D:\actions-runner\_work\XPCO\XPCO\Corporate\VideoOS.Reporting.Web.UnitTests\bin\x64\Debug\net472\VideoOS.Reporting.Web.UnitTests.dll" adapterTypeName="executor://mstestadapter/v2" className="VideoOS.Reporting.Web.UnitTests.BasePageTests+ResponseTypeTest" name="Get_ResponseTime_Enum_When_DifferentCasingOf_OneWeek_In_ResponseTimeCompare_QueryString" />
    </UnitTest>
    <UnitTest name="On_Page_Load_Get_Redirected_When_No_ServerOverview_Exist" storage="d:\actions-runner\_work\xpco\xpco\corporate\videoos.reporting.web.unittests\bin\x64\debug\net472\videoos.reporting.web.unittests.dll" id="f2db70b4-0299-d0ff-84c2-1ddc87305764">
      <Execution id="3a243da2-f77e-4cff-8074-0c28e2ad5b0d" />
      <TestMethod codeBase="D:\actions-runner\_work\XPCO\XPCO\Corporate\VideoOS.Reporting.Web.UnitTests\bin\x64\Debug\net472\VideoOS.Reporting.Web.UnitTests.dll" adapterTypeName="executor://mstestadapter/v2" className="VideoOS.Reporting.Web.UnitTests.ReportsTest+ServerReportTests" name="On_Page_Load_Get_Redirected_When_No_ServerOverview_Exist" />
    </UnitTest>
    <UnitTest name="Get_SubReportTypeGuid_When_ValidGuid_In_SubReportType_QueryString" storage="d:\actions-runner\_work\xpco\xpco\corporate\videoos.reporting.web.unittests\bin\x64\debug\net472\videoos.reporting.web.unittests.dll" id="49636059-e19f-8779-6e10-fdc3d3c7341d">
      <Execution id="fc69a0ce-cd33-4380-828a-fc562a6858ad" />
      <TestMethod codeBase="D:\actions-runner\_work\XPCO\XPCO\Corporate\VideoOS.Reporting.Web.UnitTests\bin\x64\Debug\net472\VideoOS.Reporting.Web.UnitTests.dll" adapterTypeName="executor://mstestadapter/v2" className="VideoOS.Reporting.Web.UnitTests.BasePageTests+SubReportTypeTests" name="Get_SubReportTypeGuid_When_ValidGuid_In_SubReportType_QueryString" />
    </UnitTest>
    <UnitTest name="Get_ResponseTime_Enum_When_Null_In_ResponseTimeCompare_QueryString" storage="d:\actions-runner\_work\xpco\xpco\corporate\videoos.reporting.web.unittests\bin\x64\debug\net472\videoos.reporting.web.unittests.dll" id="22b679c6-91ce-d143-eb02-58d7989250ec">
      <Execution id="88d6c87e-0dff-46a6-9382-d1f6d273690d" />
      <TestMethod codeBase="D:\actions-runner\_work\XPCO\XPCO\Corporate\VideoOS.Reporting.Web.UnitTests\bin\x64\Debug\net472\VideoOS.Reporting.Web.UnitTests.dll" adapterTypeName="executor://mstestadapter/v2" className="VideoOS.Reporting.Web.UnitTests.BasePageTests+ResponseTypeTest" name="Get_ResponseTime_Enum_When_Null_In_ResponseTimeCompare_QueryString" />
    </UnitTest>
    <UnitTest name="Get_ResponseTime_Enum_When_OneWeek_In_ResponseTimeCompare_QueryString" storage="d:\actions-runner\_work\xpco\xpco\corporate\videoos.reporting.web.unittests\bin\x64\debug\net472\videoos.reporting.web.unittests.dll" id="347154c6-7d86-a0a0-6518-c236ab44c7bb">
      <Execution id="cb955c91-e647-40c6-95a7-647876d2ad8b" />
      <TestMethod codeBase="D:\actions-runner\_work\XPCO\XPCO\Corporate\VideoOS.Reporting.Web.UnitTests\bin\x64\Debug\net472\VideoOS.Reporting.Web.UnitTests.dll" adapterTypeName="executor://mstestadapter/v2" className="VideoOS.Reporting.Web.UnitTests.BasePageTests+ResponseTypeTest" name="Get_ResponseTime_Enum_When_OneWeek_In_ResponseTimeCompare_QueryString" />
    </UnitTest>
    <UnitTest name="Get_AlarmTimeScale_Enum_When_DifferentCasingOf_SixMonth_In_GraphTimeScale_QueryString" storage="d:\actions-runner\_work\xpco\xpco\corporate\videoos.reporting.web.unittests\bin\x64\debug\net472\videoos.reporting.web.unittests.dll" id="2e400254-8b9a-9238-5de7-9c2b88fec585">
      <Execution id="ad4076d4-cfd0-40e9-be16-68fd794538be" />
      <TestMethod codeBase="D:\actions-runner\_work\XPCO\XPCO\Corporate\VideoOS.Reporting.Web.UnitTests\bin\x64\Debug\net472\VideoOS.Reporting.Web.UnitTests.dll" adapterTypeName="executor://mstestadapter/v2" className="VideoOS.Reporting.Web.UnitTests.BasePageTests+AlarmTimeScaleTests" name="Get_AlarmTimeScale_Enum_When_DifferentCasingOf_SixMonth_In_GraphTimeScale_QueryString" />
    </UnitTest>
    <UnitTest name="Get_AlarmTimeScale_Enum_When_Week_In_GraphTimeScale_QueryString" storage="d:\actions-runner\_work\xpco\xpco\corporate\videoos.reporting.web.unittests\bin\x64\debug\net472\videoos.reporting.web.unittests.dll" id="9850b5c8-0c73-f17a-9fb5-314b11aac340">
      <Execution id="9448f4b3-9f97-49d9-9fb0-1e8cf24c4ce6" />
      <TestMethod codeBase="D:\actions-runner\_work\XPCO\XPCO\Corporate\VideoOS.Reporting.Web.UnitTests\bin\x64\Debug\net472\VideoOS.Reporting.Web.UnitTests.dll" adapterTypeName="executor://mstestadapter/v2" className="VideoOS.Reporting.Web.UnitTests.BasePageTests+AlarmTimeScaleTests" name="Get_AlarmTimeScale_Enum_When_Week_In_GraphTimeScale_QueryString" />
    </UnitTest>
    <UnitTest name="TimescaleGraph_GB_Test" storage="d:\actions-runner\_work\xpco\xpco\corporate\videoos.reporting.web.unittests\bin\x64\debug\net472\videoos.reporting.web.unittests.dll" id="cf1ccfeb-986e-df24-8139-afa3b0dbab5b">
      <Execution id="d903a091-dcc2-4e8a-b818-a82a354f0b33" />
      <TestMethod codeBase="D:\actions-runner\_work\XPCO\XPCO\Corporate\VideoOS.Reporting.Web.UnitTests\bin\x64\Debug\net472\VideoOS.Reporting.Web.UnitTests.dll" adapterTypeName="executor://mstestadapter/v2" className="VideoOS.Reporting.Web.UnitTests.WebControlsTests+TimescaleGraphTests" name="TimescaleGraph_GB_Test" />
    </UnitTest>
    <UnitTest name="Get_AlarmReportType_Enum_When_Priority_In_ReportType_QueryString" storage="d:\actions-runner\_work\xpco\xpco\corporate\videoos.reporting.web.unittests\bin\x64\debug\net472\videoos.reporting.web.unittests.dll" id="5c43e65c-94e4-2228-dcbe-969d4a062f29">
      <Execution id="1b5ead88-ba22-44c3-8a61-0abd546afcef" />
      <TestMethod codeBase="D:\actions-runner\_work\XPCO\XPCO\Corporate\VideoOS.Reporting.Web.UnitTests\bin\x64\Debug\net472\VideoOS.Reporting.Web.UnitTests.dll" adapterTypeName="executor://mstestadapter/v2" className="VideoOS.Reporting.Web.UnitTests.BasePageTests+AlarmReportTypeTest" name="Get_AlarmReportType_Enum_When_Priority_In_ReportType_QueryString" />
    </UnitTest>
    <UnitTest name="On_Page_Load_When_PostBack_And_localization_Holds_No_value_For_ServerType" storage="d:\actions-runner\_work\xpco\xpco\corporate\videoos.reporting.web.unittests\bin\x64\debug\net472\videoos.reporting.web.unittests.dll" id="158eb2de-0d67-37a2-0e70-b42af6448da6">
      <Execution id="3b79db89-0094-4f51-bf03-ec6427bc257c" />
      <TestMethod codeBase="D:\actions-runner\_work\XPCO\XPCO\Corporate\VideoOS.Reporting.Web.UnitTests\bin\x64\Debug\net472\VideoOS.Reporting.Web.UnitTests.dll" adapterTypeName="executor://mstestadapter/v2" className="VideoOS.Reporting.Web.UnitTests.ReportsTest+ServerReportTests" name="On_Page_Load_When_PostBack_And_localization_Holds_No_value_For_ServerType" />
    </UnitTest>
    <UnitTest name="Get_AlarmTimeScale_Enum_When_SixMonth_In_GraphTimeScale_QueryString" storage="d:\actions-runner\_work\xpco\xpco\corporate\videoos.reporting.web.unittests\bin\x64\debug\net472\videoos.reporting.web.unittests.dll" id="3539e051-b29a-492f-ef3d-3b940c68271c">
      <Execution id="f36a3b10-74c0-49ee-9af1-cb0daffb239f" />
      <TestMethod codeBase="D:\actions-runner\_work\XPCO\XPCO\Corporate\VideoOS.Reporting.Web.UnitTests\bin\x64\Debug\net472\VideoOS.Reporting.Web.UnitTests.dll" adapterTypeName="executor://mstestadapter/v2" className="VideoOS.Reporting.Web.UnitTests.BasePageTests+AlarmTimeScaleTests" name="Get_AlarmTimeScale_Enum_When_SixMonth_In_GraphTimeScale_QueryString" />
    </UnitTest>
    <UnitTest name="Get_TimeScale_Enum_When_DifferentCasingOf_Month_In_GraphTimeScale_QueryString" storage="d:\actions-runner\_work\xpco\xpco\corporate\videoos.reporting.web.unittests\bin\x64\debug\net472\videoos.reporting.web.unittests.dll" id="a4468288-160d-449f-a94d-03809fcd3298">
      <Execution id="a401db16-e4c2-4298-aade-f1e571ffdc3e" />
      <TestMethod codeBase="D:\actions-runner\_work\XPCO\XPCO\Corporate\VideoOS.Reporting.Web.UnitTests\bin\x64\Debug\net472\VideoOS.Reporting.Web.UnitTests.dll" adapterTypeName="executor://mstestadapter/v2" className="VideoOS.Reporting.Web.UnitTests.BasePageTests+TimeScaleTests" name="Get_TimeScale_Enum_When_DifferentCasingOf_Month_In_GraphTimeScale_QueryString" />
    </UnitTest>
    <UnitTest name="Get_ResponseTime_Enum_When_OneWeek_In_ResponseTime_QueryString" storage="d:\actions-runner\_work\xpco\xpco\corporate\videoos.reporting.web.unittests\bin\x64\debug\net472\videoos.reporting.web.unittests.dll" id="d4f1f19e-b198-401d-7174-73afdb153752">
      <Execution id="a41960bd-2509-43f5-8d98-b42c54fbfef7" />
      <TestMethod codeBase="D:\actions-runner\_work\XPCO\XPCO\Corporate\VideoOS.Reporting.Web.UnitTests\bin\x64\Debug\net472\VideoOS.Reporting.Web.UnitTests.dll" adapterTypeName="executor://mstestadapter/v2" className="VideoOS.Reporting.Web.UnitTests.BasePageTests+ResponseTypeTest" name="Get_ResponseTime_Enum_When_OneWeek_In_ResponseTime_QueryString" />
    </UnitTest>
    <UnitTest name="Get_AlarmTimeScale_Enum_When_Year_In_GraphTimeScale_QueryString" storage="d:\actions-runner\_work\xpco\xpco\corporate\videoos.reporting.web.unittests\bin\x64\debug\net472\videoos.reporting.web.unittests.dll" id="171a1d67-e6de-88ae-6660-a7edebf16ffe">
      <Execution id="0b2442be-4efe-453b-acd1-be5f887cc4f8" />
      <TestMethod codeBase="D:\actions-runner\_work\XPCO\XPCO\Corporate\VideoOS.Reporting.Web.UnitTests\bin\x64\Debug\net472\VideoOS.Reporting.Web.UnitTests.dll" adapterTypeName="executor://mstestadapter/v2" className="VideoOS.Reporting.Web.UnitTests.BasePageTests+AlarmTimeScaleTests" name="Get_AlarmTimeScale_Enum_When_Year_In_GraphTimeScale_QueryString" />
    </UnitTest>
    <UnitTest name="dgCameras_SortCommand_Test" storage="d:\actions-runner\_work\xpco\xpco\corporate\videoos.reporting.web.unittests\bin\x64\debug\net472\videoos.reporting.web.unittests.dll" id="9b9b897e-2991-92c3-c857-82d500e4316f">
      <Execution id="40746657-a7e6-4c36-93e5-7ae29e7ad02d" />
      <TestMethod codeBase="D:\actions-runner\_work\XPCO\XPCO\Corporate\VideoOS.Reporting.Web.UnitTests\bin\x64\Debug\net472\VideoOS.Reporting.Web.UnitTests.dll" adapterTypeName="executor://mstestadapter/v2" className="VideoOS.Reporting.Web.UnitTests.ReportsTest+RecordingServerReportTests" name="dgCameras_SortCommand_Test" />
    </UnitTest>
    <UnitTest name="Get_SubReportTypeGuid_When_EmptyString_In_SubReportType_QueryString" storage="d:\actions-runner\_work\xpco\xpco\corporate\videoos.reporting.web.unittests\bin\x64\debug\net472\videoos.reporting.web.unittests.dll" id="7d596ba8-4555-ec97-e1ba-a9b8a6aeb1fd">
      <Execution id="02bdf01b-1e8d-47d3-bbed-d9eba1f3f1c0" />
      <TestMethod codeBase="D:\actions-runner\_work\XPCO\XPCO\Corporate\VideoOS.Reporting.Web.UnitTests\bin\x64\Debug\net472\VideoOS.Reporting.Web.UnitTests.dll" adapterTypeName="executor://mstestadapter/v2" className="VideoOS.Reporting.Web.UnitTests.BasePageTests+SubReportTypeTests" name="Get_SubReportTypeGuid_When_EmptyString_In_SubReportType_QueryString" />
    </UnitTest>
    <UnitTest name="Timer_Tick_Test" storage="d:\actions-runner\_work\xpco\xpco\corporate\videoos.reporting.web.unittests\bin\x64\debug\net472\videoos.reporting.web.unittests.dll" id="a5e9c49b-8528-86fc-a44a-61de8444d295">
      <Execution id="eb748420-fe4d-4185-8195-b560bb62c6c8" />
      <TestMethod codeBase="D:\actions-runner\_work\XPCO\XPCO\Corporate\VideoOS.Reporting.Web.UnitTests\bin\x64\Debug\net472\VideoOS.Reporting.Web.UnitTests.dll" adapterTypeName="executor://mstestadapter/v2" className="VideoOS.Reporting.Web.UnitTests.ReportsTest+ServerReportTests" name="Timer_Tick_Test" />
    </UnitTest>
    <UnitTest name="On_Page_Init_Get_Redirected_When_No_UserToken_In_QueryString" storage="d:\actions-runner\_work\xpco\xpco\corporate\videoos.reporting.web.unittests\bin\x64\debug\net472\videoos.reporting.web.unittests.dll" id="da520897-7c8b-32a9-e4d5-9376d5118ed9">
      <Execution id="955e0d28-f4ed-460b-82e6-b56852e465da" />
      <TestMethod codeBase="D:\actions-runner\_work\XPCO\XPCO\Corporate\VideoOS.Reporting.Web.UnitTests\bin\x64\Debug\net472\VideoOS.Reporting.Web.UnitTests.dll" adapterTypeName="executor://mstestadapter/v2" className="VideoOS.Reporting.Web.UnitTests.BasePageTests+PageInitTests" name="On_Page_Init_Get_Redirected_When_No_UserToken_In_QueryString" />
    </UnitTest>
    <UnitTest name="Get_AlarmReportType_Enum_When_DifferentCasingOf_Empty_In_ReportType_QueryString" storage="d:\actions-runner\_work\xpco\xpco\corporate\videoos.reporting.web.unittests\bin\x64\debug\net472\videoos.reporting.web.unittests.dll" id="8a158f30-7010-7b2d-45e1-ef1f80bc706a">
      <Execution id="5145a539-93c7-4a7c-8bbd-ad91c180739a" />
      <TestMethod codeBase="D:\actions-runner\_work\XPCO\XPCO\Corporate\VideoOS.Reporting.Web.UnitTests\bin\x64\Debug\net472\VideoOS.Reporting.Web.UnitTests.dll" adapterTypeName="executor://mstestadapter/v2" className="VideoOS.Reporting.Web.UnitTests.BasePageTests+AlarmReportTypeTest" name="Get_AlarmReportType_Enum_When_DifferentCasingOf_Empty_In_ReportType_QueryString" />
    </UnitTest>
    <UnitTest name="Get_ResponseTime_Enum_When_TwoDays_In_ResponseTime_QueryString" storage="d:\actions-runner\_work\xpco\xpco\corporate\videoos.reporting.web.unittests\bin\x64\debug\net472\videoos.reporting.web.unittests.dll" id="13b3ce6a-d631-9ecc-68f8-196bc0b3d30f">
      <Execution id="f132b829-05b3-4403-b03e-8398d37ad5ed" />
      <TestMethod codeBase="D:\actions-runner\_work\XPCO\XPCO\Corporate\VideoOS.Reporting.Web.UnitTests\bin\x64\Debug\net472\VideoOS.Reporting.Web.UnitTests.dll" adapterTypeName="executor://mstestadapter/v2" className="VideoOS.Reporting.Web.UnitTests.BasePageTests+ResponseTypeTest" name="Get_ResponseTime_Enum_When_TwoDays_In_ResponseTime_QueryString" />
    </UnitTest>
    <UnitTest name="Get_ResponseTime_Enum_When_ThirtyMinutes_In_ResponseTime_QueryString" storage="d:\actions-runner\_work\xpco\xpco\corporate\videoos.reporting.web.unittests\bin\x64\debug\net472\videoos.reporting.web.unittests.dll" id="884a186e-34dc-475c-0ed4-8bafc3a6464b">
      <Execution id="5cfaba6a-f156-4a69-9a94-b1b6f32989db" />
      <TestMethod codeBase="D:\actions-runner\_work\XPCO\XPCO\Corporate\VideoOS.Reporting.Web.UnitTests\bin\x64\Debug\net472\VideoOS.Reporting.Web.UnitTests.dll" adapterTypeName="executor://mstestadapter/v2" className="VideoOS.Reporting.Web.UnitTests.BasePageTests+ResponseTypeTest" name="Get_ResponseTime_Enum_When_ThirtyMinutes_In_ResponseTime_QueryString" />
    </UnitTest>
    <UnitTest name="Get_TimeScale_Enum_When_DifferentCasingOf_Week_In_GraphTimeScale_QueryString" storage="d:\actions-runner\_work\xpco\xpco\corporate\videoos.reporting.web.unittests\bin\x64\debug\net472\videoos.reporting.web.unittests.dll" id="90a10450-13d7-659a-72cd-0159d6526290">
      <Execution id="1dc4bf38-3b83-46c0-b44e-1d48249d4244" />
      <TestMethod codeBase="D:\actions-runner\_work\XPCO\XPCO\Corporate\VideoOS.Reporting.Web.UnitTests\bin\x64\Debug\net472\VideoOS.Reporting.Web.UnitTests.dll" adapterTypeName="executor://mstestadapter/v2" className="VideoOS.Reporting.Web.UnitTests.BasePageTests+TimeScaleTests" name="Get_TimeScale_Enum_When_DifferentCasingOf_Week_In_GraphTimeScale_QueryString" />
    </UnitTest>
    <UnitTest name="AlarmGraph_Test" storage="d:\actions-runner\_work\xpco\xpco\corporate\videoos.reporting.web.unittests\bin\x64\debug\net472\videoos.reporting.web.unittests.dll" id="28131be1-9d9d-8bc5-0e85-3f0bf3f995f7">
      <Execution id="113426fc-d256-4374-a3ed-a905275a9eda" />
      <TestMethod codeBase="D:\actions-runner\_work\XPCO\XPCO\Corporate\VideoOS.Reporting.Web.UnitTests\bin\x64\Debug\net472\VideoOS.Reporting.Web.UnitTests.dll" adapterTypeName="executor://mstestadapter/v2" className="VideoOS.Reporting.Web.UnitTests.WebControlsTests+AlarmGraphTests" name="AlarmGraph_Test" />
    </UnitTest>
    <UnitTest name="Network_Timer_Tick_Test" storage="d:\actions-runner\_work\xpco\xpco\corporate\videoos.reporting.web.unittests\bin\x64\debug\net472\videoos.reporting.web.unittests.dll" id="3f4094bd-3c85-c3b3-87e3-4d67877ffaf8">
      <Execution id="09d6c126-273f-4049-a0de-5ab5e4d15f6d" />
      <TestMethod codeBase="D:\actions-runner\_work\XPCO\XPCO\Corporate\VideoOS.Reporting.Web.UnitTests\bin\x64\Debug\net472\VideoOS.Reporting.Web.UnitTests.dll" adapterTypeName="executor://mstestadapter/v2" className="VideoOS.Reporting.Web.UnitTests.ReportsTest+RecordingServerReportTests" name="Network_Timer_Tick_Test" />
    </UnitTest>
    <UnitTest name="On_Page_Load_Get_Redirected_When_No_ServerOverview_Exist" storage="d:\actions-runner\_work\xpco\xpco\corporate\videoos.reporting.web.unittests\bin\x64\debug\net472\videoos.reporting.web.unittests.dll" id="34593241-8cc0-1a24-c61f-ce1f0925bc76">
      <Execution id="462423bf-c81a-4d4e-bd41-326177646e67" />
      <TestMethod codeBase="D:\actions-runner\_work\XPCO\XPCO\Corporate\VideoOS.Reporting.Web.UnitTests\bin\x64\Debug\net472\VideoOS.Reporting.Web.UnitTests.dll" adapterTypeName="executor://mstestadapter/v2" className="VideoOS.Reporting.Web.UnitTests.HistoryReportsTests+HistoryServerTests" name="On_Page_Load_Get_Redirected_When_No_ServerOverview_Exist" />
    </UnitTest>
    <UnitTest name="Get_AlarmTimeScale_Enum_When_Missing_QueryString" storage="d:\actions-runner\_work\xpco\xpco\corporate\videoos.reporting.web.unittests\bin\x64\debug\net472\videoos.reporting.web.unittests.dll" id="ac4f2c2d-34e7-5912-7b29-c428bcb80084">
      <Execution id="ddec1a45-51a2-4845-b960-90cb7aaf79c4" />
      <TestMethod codeBase="D:\actions-runner\_work\XPCO\XPCO\Corporate\VideoOS.Reporting.Web.UnitTests\bin\x64\Debug\net472\VideoOS.Reporting.Web.UnitTests.dll" adapterTypeName="executor://mstestadapter/v2" className="VideoOS.Reporting.Web.UnitTests.BasePageTests+AlarmTimeScaleTests" name="Get_AlarmTimeScale_Enum_When_Missing_QueryString" />
    </UnitTest>
    <UnitTest name="RepStorage_ItemDataBound_Test" storage="d:\actions-runner\_work\xpco\xpco\corporate\videoos.reporting.web.unittests\bin\x64\debug\net472\videoos.reporting.web.unittests.dll" id="acbb3411-9a50-cf7b-9228-eef74855f8c0">
      <Execution id="d118f1d5-9c45-4a4e-9d5a-60e5720069e5" />
      <TestMethod codeBase="D:\actions-runner\_work\XPCO\XPCO\Corporate\VideoOS.Reporting.Web.UnitTests\bin\x64\Debug\net472\VideoOS.Reporting.Web.UnitTests.dll" adapterTypeName="executor://mstestadapter/v2" className="VideoOS.Reporting.Web.UnitTests.ReportsTest+RecordingServerReportTests" name="RepStorage_ItemDataBound_Test" />
    </UnitTest>
    <UnitTest name="Get_SubReportTypeGuid_When_Missing_QueryString" storage="d:\actions-runner\_work\xpco\xpco\corporate\videoos.reporting.web.unittests\bin\x64\debug\net472\videoos.reporting.web.unittests.dll" id="03d2be46-aca8-cddb-ca1c-3bbc268bbec2">
      <Execution id="4927e7b8-4c5b-44d6-a846-4cb5eeb3ea5e" />
      <TestMethod codeBase="D:\actions-runner\_work\XPCO\XPCO\Corporate\VideoOS.Reporting.Web.UnitTests\bin\x64\Debug\net472\VideoOS.Reporting.Web.UnitTests.dll" adapterTypeName="executor://mstestadapter/v2" className="VideoOS.Reporting.Web.UnitTests.BasePageTests+SubReportTypeTests" name="Get_SubReportTypeGuid_When_Missing_QueryString" />
    </UnitTest>
    <UnitTest name="Get_AlarmReportType_Enum_When_ResponseTime_In_ReportType_QueryString" storage="d:\actions-runner\_work\xpco\xpco\corporate\videoos.reporting.web.unittests\bin\x64\debug\net472\videoos.reporting.web.unittests.dll" id="bd4c89a1-a644-c036-0831-0258245a72ef">
      <Execution id="ad4ca82d-ef2b-4820-9e5f-edb078825c4c" />
      <TestMethod codeBase="D:\actions-runner\_work\XPCO\XPCO\Corporate\VideoOS.Reporting.Web.UnitTests\bin\x64\Debug\net472\VideoOS.Reporting.Web.UnitTests.dll" adapterTypeName="executor://mstestadapter/v2" className="VideoOS.Reporting.Web.UnitTests.BasePageTests+AlarmReportTypeTest" name="Get_AlarmReportType_Enum_When_ResponseTime_In_ReportType_QueryString" />
    </UnitTest>
    <UnitTest name="Get_ResponseTime_Enum_When_DifferentCasingOf_OneDay_In_ResponseTimeCompare_QueryString" storage="d:\actions-runner\_work\xpco\xpco\corporate\videoos.reporting.web.unittests\bin\x64\debug\net472\videoos.reporting.web.unittests.dll" id="e3eeaaec-1ba7-2e14-cb56-d6aad25242c0">
      <Execution id="7927f527-ebe7-49da-8d93-af657aa4863e" />
      <TestMethod codeBase="D:\actions-runner\_work\XPCO\XPCO\Corporate\VideoOS.Reporting.Web.UnitTests\bin\x64\Debug\net472\VideoOS.Reporting.Web.UnitTests.dll" adapterTypeName="executor://mstestadapter/v2" className="VideoOS.Reporting.Web.UnitTests.BasePageTests+ResponseTypeTest" name="Get_ResponseTime_Enum_When_DifferentCasingOf_OneDay_In_ResponseTimeCompare_QueryString" />
    </UnitTest>
    <UnitTest name="DiskRead_Timer_Tick_Test" storage="d:\actions-runner\_work\xpco\xpco\corporate\videoos.reporting.web.unittests\bin\x64\debug\net472\videoos.reporting.web.unittests.dll" id="f18b3976-9701-78a1-8c92-cabf5bc9bb3e">
      <Execution id="a76f94e4-06d3-4c86-9ed3-1510dbd3d824" />
      <TestMethod codeBase="D:\actions-runner\_work\XPCO\XPCO\Corporate\VideoOS.Reporting.Web.UnitTests\bin\x64\Debug\net472\VideoOS.Reporting.Web.UnitTests.dll" adapterTypeName="executor://mstestadapter/v2" className="VideoOS.Reporting.Web.UnitTests.ReportsTest+RecordingServerReportTests" name="DiskRead_Timer_Tick_Test" />
    </UnitTest>
    <UnitTest name="On_Page_Init_Get_Redirected_When_UserToken_In_QueryString_And_User_Is_Not_Authorized" storage="d:\actions-runner\_work\xpco\xpco\corporate\videoos.reporting.web.unittests\bin\x64\debug\net472\videoos.reporting.web.unittests.dll" id="b724ed5b-0bd4-f20a-90c6-f527441a90cb">
      <Execution id="77857541-c6f9-4d73-8709-4544ceae1870" />
      <TestMethod codeBase="D:\actions-runner\_work\XPCO\XPCO\Corporate\VideoOS.Reporting.Web.UnitTests\bin\x64\Debug\net472\VideoOS.Reporting.Web.UnitTests.dll" adapterTypeName="executor://mstestadapter/v2" className="VideoOS.Reporting.Web.UnitTests.BasePageTests+PageInitTests" name="On_Page_Init_Get_Redirected_When_UserToken_In_QueryString_And_User_Is_Not_Authorized" />
    </UnitTest>
    <UnitTest name="Get_AlarmReportType_Enum_When_ReasonCode_In_ReportType_QueryString" storage="d:\actions-runner\_work\xpco\xpco\corporate\videoos.reporting.web.unittests\bin\x64\debug\net472\videoos.reporting.web.unittests.dll" id="173a011c-8fca-a0e0-d2af-b845a19f568f">
      <Execution id="2f087f7d-4f41-42c6-80e9-9e01ddd276c5" />
      <TestMethod codeBase="D:\actions-runner\_work\XPCO\XPCO\Corporate\VideoOS.Reporting.Web.UnitTests\bin\x64\Debug\net472\VideoOS.Reporting.Web.UnitTests.dll" adapterTypeName="executor://mstestadapter/v2" className="VideoOS.Reporting.Web.UnitTests.BasePageTests+AlarmReportTypeTest" name="Get_AlarmReportType_Enum_When_ReasonCode_In_ReportType_QueryString" />
    </UnitTest>
    <UnitTest name="TimescaleGraph_GBSec_Test" storage="d:\actions-runner\_work\xpco\xpco\corporate\videoos.reporting.web.unittests\bin\x64\debug\net472\videoos.reporting.web.unittests.dll" id="ed543192-af1e-93df-bcbf-f2ccb8f0ac8e">
      <Execution id="a74f671c-98d7-423d-9cad-b8a37cae680d" />
      <TestMethod codeBase="D:\actions-runner\_work\XPCO\XPCO\Corporate\VideoOS.Reporting.Web.UnitTests\bin\x64\Debug\net472\VideoOS.Reporting.Web.UnitTests.dll" adapterTypeName="executor://mstestadapter/v2" className="VideoOS.Reporting.Web.UnitTests.WebControlsTests+TimescaleGraphTests" name="TimescaleGraph_GBSec_Test" />
    </UnitTest>
    <UnitTest name="Get_TimeScale_Enum_When_Missing_QueryString" storage="d:\actions-runner\_work\xpco\xpco\corporate\videoos.reporting.web.unittests\bin\x64\debug\net472\videoos.reporting.web.unittests.dll" id="6eea07d2-4e26-7378-d315-339a313f4f4d">
      <Execution id="8d66ed2a-e556-43fa-8888-1af4f035bd13" />
      <TestMethod codeBase="D:\actions-runner\_work\XPCO\XPCO\Corporate\VideoOS.Reporting.Web.UnitTests\bin\x64\Debug\net472\VideoOS.Reporting.Web.UnitTests.dll" adapterTypeName="executor://mstestadapter/v2" className="VideoOS.Reporting.Web.UnitTests.BasePageTests+TimeScaleTests" name="Get_TimeScale_Enum_When_Missing_QueryString" />
    </UnitTest>
    <UnitTest name="On_Page_Load_When_PostBack_And_localization_Holds_A_value_For_ServerType" storage="d:\actions-runner\_work\xpco\xpco\corporate\videoos.reporting.web.unittests\bin\x64\debug\net472\videoos.reporting.web.unittests.dll" id="bb725fdb-5878-73f9-8bc9-600664e7967b">
      <Execution id="e9604f4e-8052-49a5-8956-fa374e042984" />
      <TestMethod codeBase="D:\actions-runner\_work\XPCO\XPCO\Corporate\VideoOS.Reporting.Web.UnitTests\bin\x64\Debug\net472\VideoOS.Reporting.Web.UnitTests.dll" adapterTypeName="executor://mstestadapter/v2" className="VideoOS.Reporting.Web.UnitTests.ReportsTest+ServerReportTests" name="On_Page_Load_When_PostBack_And_localization_Holds_A_value_For_ServerType" />
    </UnitTest>
  </TestDefinitions>
  <TestEntries>
    <TestEntry testId="cf1ccfeb-986e-df24-8139-afa3b0dbab5b" executionId="d903a091-dcc2-4e8a-b818-a82a354f0b33" testListId="8c84fa94-04c1-424b-9868-57a2d4851a1d" />
    <TestEntry testId="49636059-e19f-8779-6e10-fdc3d3c7341d" executionId="fc69a0ce-cd33-4380-828a-fc562a6858ad" testListId="8c84fa94-04c1-424b-9868-57a2d4851a1d" />
    <TestEntry testId="e192b4a3-7560-7cce-193d-c9dca08fd2dc" executionId="ff3065ad-761f-43d9-a902-e854c37df035" testListId="8c84fa94-04c1-424b-9868-57a2d4851a1d" />
    <TestEntry testId="ab5e0b8d-6822-caf7-797a-1aff911f8f71" executionId="9126e067-88e0-4316-a202-4b3c14e39ddb" testListId="8c84fa94-04c1-424b-9868-57a2d4851a1d" />
    <TestEntry testId="47dbee68-527c-cec4-0106-e25152d0958f" executionId="79993c2a-2ed4-4133-a1d8-5f1f963899e2" testListId="8c84fa94-04c1-424b-9868-57a2d4851a1d" />
    <TestEntry testId="c339c9b9-7423-f411-8153-5bf0a235b405" executionId="2a516567-af10-4793-800e-4914974c7e68" testListId="8c84fa94-04c1-424b-9868-57a2d4851a1d" />
    <TestEntry testId="ca585490-776f-f0bb-5985-92c932ded22d" executionId="9ff7f409-0c61-4ed2-bc8e-cd2ca5247348" testListId="8c84fa94-04c1-424b-9868-57a2d4851a1d" />
    <TestEntry testId="46a0070e-9f28-3bae-29bd-4b3a4ca0fa85" executionId="9045600c-89fd-46c9-bdce-d02fa9db0ae2" testListId="8c84fa94-04c1-424b-9868-57a2d4851a1d" />
    <TestEntry testId="59d3dc5f-21c2-0757-7b1e-6d1818b25184" executionId="d85e046f-3f21-4c26-b79b-19a49c97a035" testListId="8c84fa94-04c1-424b-9868-57a2d4851a1d" />
    <TestEntry testId="e2e69ba3-dc6a-624c-cbec-36ddce4d97ca" executionId="e79de3a7-577d-411d-89ea-c55e99446cab" testListId="8c84fa94-04c1-424b-9868-57a2d4851a1d" />
    <TestEntry testId="340bc680-a547-4407-6ff9-ff5ba59683e7" executionId="0262b1d8-2689-4a31-83f9-4e8e6aac9f58" testListId="8c84fa94-04c1-424b-9868-57a2d4851a1d" />
    <TestEntry testId="7ea5b27c-c8f7-4671-86dd-a3a0dd3edbbe" executionId="c474b4fb-1404-43a3-a1f9-69ebb26dc6f9" testListId="8c84fa94-04c1-424b-9868-57a2d4851a1d" />
    <TestEntry testId="796abef7-2938-757f-9bc0-d3f3e3b1fccb" executionId="56a24e84-673e-4706-94ee-66d88d9f5d73" testListId="8c84fa94-04c1-424b-9868-57a2d4851a1d" />
    <TestEntry testId="cf37735b-8555-781e-b630-760f4b6de286" executionId="9be1f147-408a-4617-ad70-fcde4be89003" testListId="8c84fa94-04c1-424b-9868-57a2d4851a1d" />
    <TestEntry testId="171a1d67-e6de-88ae-6660-a7edebf16ffe" executionId="0b2442be-4efe-453b-acd1-be5f887cc4f8" testListId="8c84fa94-04c1-424b-9868-57a2d4851a1d" />
    <TestEntry testId="5c43e65c-94e4-2228-dcbe-969d4a062f29" executionId="1b5ead88-ba22-44c3-8a61-0abd546afcef" testListId="8c84fa94-04c1-424b-9868-57a2d4851a1d" />
    <TestEntry testId="3f4094bd-3c85-c3b3-87e3-4d67877ffaf8" executionId="09d6c126-273f-4049-a0de-5ab5e4d15f6d" testListId="8c84fa94-04c1-424b-9868-57a2d4851a1d" />
    <TestEntry testId="1c349f1e-e875-4d31-7d33-97a4de5c7811" executionId="698db99d-4a72-4b2d-af13-edd4ecdc0430" testListId="8c84fa94-04c1-424b-9868-57a2d4851a1d" />
    <TestEntry testId="29cec4ab-fbb6-cb9d-21e1-01d1f6487a3d" executionId="c775ce7b-55dc-42a0-8099-70b79e889d41" testListId="8c84fa94-04c1-424b-9868-57a2d4851a1d" />
    <TestEntry testId="68904f58-b344-90f1-cd86-f2dea7452a57" executionId="83b03fe0-0078-4b38-8c05-a14c4d5ebdef" testListId="8c84fa94-04c1-424b-9868-57a2d4851a1d" />
    <TestEntry testId="a0d8266a-c259-31aa-dce3-728723681f8b" executionId="71464130-490a-4d49-be73-1c6e07cc3de8" testListId="8c84fa94-04c1-424b-9868-57a2d4851a1d" />
    <TestEntry testId="ed4660fb-72a0-bac5-d74d-66b5add13441" executionId="922e4372-ee2c-4d7b-88b7-541c72fcacea" testListId="8c84fa94-04c1-424b-9868-57a2d4851a1d" />
    <TestEntry testId="05d1f2c0-ff24-a76e-9726-4fee550b38d4" executionId="1291f43b-6193-4e27-8053-bafbf4a06c29" testListId="8c84fa94-04c1-424b-9868-57a2d4851a1d" />
    <TestEntry testId="34593241-8cc0-1a24-c61f-ce1f0925bc76" executionId="462423bf-c81a-4d4e-bd41-326177646e67" testListId="8c84fa94-04c1-424b-9868-57a2d4851a1d" />
    <TestEntry testId="aa8bfab8-b98e-0f11-8244-e4da50e19954" executionId="21c62155-e022-458b-b40c-6e02018e494b" testListId="8c84fa94-04c1-424b-9868-57a2d4851a1d" />
    <TestEntry testId="7ac09847-d2bd-c3ee-48f2-c04be8bed185" executionId="98a5f6ce-2a36-4a8e-ba53-f9e01dc953e4" testListId="8c84fa94-04c1-424b-9868-57a2d4851a1d" />
    <TestEntry testId="a4468288-160d-449f-a94d-03809fcd3298" executionId="a401db16-e4c2-4298-aade-f1e571ffdc3e" testListId="8c84fa94-04c1-424b-9868-57a2d4851a1d" />
    <TestEntry testId="778fb618-17b1-2b04-8cee-484dc5424549" executionId="c53e5138-59ab-4482-962e-2139dd40b3d7" testListId="8c84fa94-04c1-424b-9868-57a2d4851a1d" />
    <TestEntry testId="158eb2de-0d67-37a2-0e70-b42af6448da6" executionId="3b79db89-0094-4f51-bf03-ec6427bc257c" testListId="8c84fa94-04c1-424b-9868-57a2d4851a1d" />
    <TestEntry testId="61e244e2-6138-3bb9-412c-9f98d82ac163" executionId="5e35a6ff-5440-491f-a9a6-9f619e7cc5d3" testListId="8c84fa94-04c1-424b-9868-57a2d4851a1d" />
    <TestEntry testId="c882b2f8-a681-fc31-e54f-a18f6c8cba02" executionId="81f1d330-9f6d-4634-88e3-7156c86a6c00" testListId="8c84fa94-04c1-424b-9868-57a2d4851a1d" />
    <TestEntry testId="7ac71861-e0c6-6dea-3f56-8014073afdac" executionId="4984fe78-4109-4390-8fa4-4bd3d4f5739d" testListId="8c84fa94-04c1-424b-9868-57a2d4851a1d" />
    <TestEntry testId="b424d167-aee2-9b3e-1fb2-fd8d47475a62" executionId="de715220-5a25-47ac-8972-c4ef50d2c189" testListId="8c84fa94-04c1-424b-9868-57a2d4851a1d" />
    <TestEntry testId="9b9b897e-2991-92c3-c857-82d500e4316f" executionId="40746657-a7e6-4c36-93e5-7ae29e7ad02d" testListId="8c84fa94-04c1-424b-9868-57a2d4851a1d" />
    <TestEntry testId="89e12c11-3f1f-1031-cd4b-6fb1cccc83af" executionId="c2a82889-c26b-4e69-876d-420ee6751349" testListId="8c84fa94-04c1-424b-9868-57a2d4851a1d" />
    <TestEntry testId="5b9a9643-b39f-31b1-b440-8795c37123fc" executionId="7fca34fc-5ccf-4adc-b3e5-f4d37bf19a81" testListId="8c84fa94-04c1-424b-9868-57a2d4851a1d" />
    <TestEntry testId="9850b5c8-0c73-f17a-9fb5-314b11aac340" executionId="9448f4b3-9f97-49d9-9fb0-1e8cf24c4ce6" testListId="8c84fa94-04c1-424b-9868-57a2d4851a1d" />
    <TestEntry testId="82b1d1e0-494c-297f-d0b9-cff68621ed95" executionId="3f4ba5db-3998-4987-a8a9-ec9f3c36a730" testListId="8c84fa94-04c1-424b-9868-57a2d4851a1d" />
    <TestEntry testId="f2db70b4-0299-d0ff-84c2-1ddc87305764" executionId="3a243da2-f77e-4cff-8074-0c28e2ad5b0d" testListId="8c84fa94-04c1-424b-9868-57a2d4851a1d" />
    <TestEntry testId="63687e46-de6c-ce7d-05d2-6ff84ead0fa2" executionId="054a1608-7054-42bb-86dc-5a574fcaf0ea" testListId="8c84fa94-04c1-424b-9868-57a2d4851a1d" />
    <TestEntry testId="e7a583e6-ed53-9de8-00e5-1cd1201d27c7" executionId="0e46219a-e1fb-4cb1-8842-c88cc1c16d87" testListId="8c84fa94-04c1-424b-9868-57a2d4851a1d" />
    <TestEntry testId="df64ce67-536f-af88-800c-8064039f62ae" executionId="1c906a37-a593-43aa-9b0c-5be1efa2d93c" testListId="8c84fa94-04c1-424b-9868-57a2d4851a1d" />
    <TestEntry testId="2a91b8fd-ae0f-8c04-c5b7-07ce23d6a18c" executionId="d79e3a96-883e-4327-914d-593aa90a84da" testListId="8c84fa94-04c1-424b-9868-57a2d4851a1d" />
    <TestEntry testId="182d836b-9283-3184-6245-ccf2f9757657" executionId="56ec8902-5982-43c1-a2cd-adbf8aae20c5" testListId="8c84fa94-04c1-424b-9868-57a2d4851a1d" />
    <TestEntry testId="b9baafa3-d205-3ab3-a18f-4e4ea2001f67" executionId="092a72af-dc4f-4557-966d-de84d62d21ed" testListId="8c84fa94-04c1-424b-9868-57a2d4851a1d" />
    <TestEntry testId="411556bd-d0e2-a297-c36a-ab10df5ce21e" executionId="caac3aaa-fa13-4ef4-99fe-0bdfa75f6ff4" testListId="8c84fa94-04c1-424b-9868-57a2d4851a1d" />
    <TestEntry testId="f7f19659-72f7-1ad0-79db-7ac9b2a7ef9c" executionId="0033322d-ccd3-40b0-a95c-130f91acbeef" testListId="8c84fa94-04c1-424b-9868-57a2d4851a1d" />
    <TestEntry testId="7d596ba8-4555-ec97-e1ba-a9b8a6aeb1fd" executionId="02bdf01b-1e8d-47d3-bbed-d9eba1f3f1c0" testListId="8c84fa94-04c1-424b-9868-57a2d4851a1d" />
    <TestEntry testId="ac4f2c2d-34e7-5912-7b29-c428bcb80084" executionId="ddec1a45-51a2-4845-b960-90cb7aaf79c4" testListId="8c84fa94-04c1-424b-9868-57a2d4851a1d" />
    <TestEntry testId="22b679c6-91ce-d143-eb02-58d7989250ec" executionId="88d6c87e-0dff-46a6-9382-d1f6d273690d" testListId="8c84fa94-04c1-424b-9868-57a2d4851a1d" />
    <TestEntry testId="e01849b1-b32a-4b03-7e07-4785bc514b17" executionId="9a24ae3d-b866-4841-87ac-e5e54736bbfb" testListId="8c84fa94-04c1-424b-9868-57a2d4851a1d" />
    <TestEntry testId="64cc9632-93b6-da33-7615-4985c6b7b462" executionId="beba3d32-494a-4297-8719-913019fcb6ad" testListId="8c84fa94-04c1-424b-9868-57a2d4851a1d" />
    <TestEntry testId="f18b3976-9701-78a1-8c92-cabf5bc9bb3e" executionId="a76f94e4-06d3-4c86-9ed3-1510dbd3d824" testListId="8c84fa94-04c1-424b-9868-57a2d4851a1d" />
    <TestEntry testId="90a10450-13d7-659a-72cd-0159d6526290" executionId="1dc4bf38-3b83-46c0-b44e-1d48249d4244" testListId="8c84fa94-04c1-424b-9868-57a2d4851a1d" />
    <TestEntry testId="97bef6f8-1dc5-0841-328d-9d61c6b07a84" executionId="4e18ccbb-6fde-494e-b2df-7f8331cb2334" testListId="8c84fa94-04c1-424b-9868-57a2d4851a1d" />
    <TestEntry testId="10408c77-2974-dbe6-898f-f3848345bce4" executionId="c6e178d1-f0fe-4dd3-b7b2-64ce27f1c698" testListId="8c84fa94-04c1-424b-9868-57a2d4851a1d" />
    <TestEntry testId="173a011c-8fca-a0e0-d2af-b845a19f568f" executionId="2f087f7d-4f41-42c6-80e9-9e01ddd276c5" testListId="8c84fa94-04c1-424b-9868-57a2d4851a1d" />
    <TestEntry testId="b143a61d-2882-65d8-651c-8950e68545ce" executionId="f4a66357-096a-42ae-9432-f9ad475369a0" testListId="8c84fa94-04c1-424b-9868-57a2d4851a1d" />
    <TestEntry testId="e3eeaaec-1ba7-2e14-cb56-d6aad25242c0" executionId="7927f527-ebe7-49da-8d93-af657aa4863e" testListId="8c84fa94-04c1-424b-9868-57a2d4851a1d" />
    <TestEntry testId="d601238b-acd5-12cb-9d92-100ff5cfad9c" executionId="4ead1fcb-33bc-4d8c-ad6f-8066c8857427" testListId="8c84fa94-04c1-424b-9868-57a2d4851a1d" />
    <TestEntry testId="73e3d3ed-a6df-a126-f649-86d169052f47" executionId="1204b6f2-ca9d-4a68-a62c-2167463c20d0" testListId="8c84fa94-04c1-424b-9868-57a2d4851a1d" />
    <TestEntry testId="22dbbfc5-d0d8-53b9-ee30-472392406cc6" executionId="632d245d-3ad7-472c-9442-e246f1aae5ac" testListId="8c84fa94-04c1-424b-9868-57a2d4851a1d" />
    <TestEntry testId="46e354bc-bb97-3668-0ae4-419916a212a4" executionId="116bd019-dea7-4776-8ef7-06981791aca9" testListId="8c84fa94-04c1-424b-9868-57a2d4851a1d" />
    <TestEntry testId="4cbdbe8b-9b00-ffc6-a413-831a4c100c41" executionId="11e9b5e5-ab2b-4637-a073-255de8b3e9db" testListId="8c84fa94-04c1-424b-9868-57a2d4851a1d" />
    <TestEntry testId="f91681e0-b980-d03d-aaa1-97ecc1b0ae55" executionId="ce161456-bf21-4a4f-95f6-517fe0fd01fd" testListId="8c84fa94-04c1-424b-9868-57a2d4851a1d" />
    <TestEntry testId="286df669-7c05-7ef0-5d5a-14a01947459c" executionId="40702628-45d7-4deb-8c07-c614457987cd" testListId="8c84fa94-04c1-424b-9868-57a2d4851a1d" />
    <TestEntry testId="09d777a2-bacc-67af-df8c-6ce5db5f2c08" executionId="c1167d10-a115-4bad-905a-f14fd340e8d3" testListId="8c84fa94-04c1-424b-9868-57a2d4851a1d" />
    <TestEntry testId="ef485d36-4558-5df1-9e36-bb82e2f8b9ea" executionId="935ed250-d3f8-4a51-9fcb-1977a3fc5263" testListId="8c84fa94-04c1-424b-9868-57a2d4851a1d" />
    <TestEntry testId="4a6c484a-eb94-9f43-0629-e392cecca5aa" executionId="74c789f0-9022-460a-9b31-defe89ffb34c" testListId="8c84fa94-04c1-424b-9868-57a2d4851a1d" />
    <TestEntry testId="13b3ce6a-d631-9ecc-68f8-196bc0b3d30f" executionId="f132b829-05b3-4403-b03e-8398d37ad5ed" testListId="8c84fa94-04c1-424b-9868-57a2d4851a1d" />
    <TestEntry testId="42a22271-1cc9-70a6-d048-fe0a2b56053a" executionId="da3e0978-0bfa-4955-b142-efac106fcb17" testListId="8c84fa94-04c1-424b-9868-57a2d4851a1d" />
    <TestEntry testId="ec8dad84-3a5f-c30b-efd2-c2e4114175b9" executionId="bc0e063f-5531-4fe5-a297-9db4d49fc88d" testListId="8c84fa94-04c1-424b-9868-57a2d4851a1d" />
    <TestEntry testId="a10f9d41-2851-e1bf-f8a6-cc8c19abc0df" executionId="b57c2466-f263-47fe-a726-1515c8335310" testListId="8c84fa94-04c1-424b-9868-57a2d4851a1d" />
    <TestEntry testId="96eb91ff-02cf-c189-21a5-e8a94f83a4fe" executionId="0498077c-d85c-4aeb-b865-c0e2a8e12cae" testListId="8c84fa94-04c1-424b-9868-57a2d4851a1d" />
    <TestEntry testId="d9a23774-9416-0ce4-9314-168755dd0065" executionId="72f5aa3c-3d93-4069-9f90-140c2e6aeb91" testListId="8c84fa94-04c1-424b-9868-57a2d4851a1d" />
    <TestEntry testId="209d23a0-ce47-409e-6dfd-7813afe74f6f" executionId="eafb2869-8477-4a60-9152-b7e865864b6f" testListId="8c84fa94-04c1-424b-9868-57a2d4851a1d" />
    <TestEntry testId="da520897-7c8b-32a9-e4d5-9376d5118ed9" executionId="955e0d28-f4ed-460b-82e6-b56852e465da" testListId="8c84fa94-04c1-424b-9868-57a2d4851a1d" />
    <TestEntry testId="122247dd-ec07-5505-009e-47cb0b73ac47" executionId="76f256ba-fd35-424a-b7cf-52d2f0d7d095" testListId="8c84fa94-04c1-424b-9868-57a2d4851a1d" />
    <TestEntry testId="98539aa4-356c-5d0a-3686-37d8f18bd8a4" executionId="783e40d4-b5f8-4eb9-96d0-8fd2e16f973e" testListId="8c84fa94-04c1-424b-9868-57a2d4851a1d" />
    <TestEntry testId="34bb7583-dc46-f58b-2bcf-238ab2212c71" executionId="1b42fe68-1a45-4af8-8baf-e263c613b964" testListId="8c84fa94-04c1-424b-9868-57a2d4851a1d" />
    <TestEntry testId="553d57c3-efa1-f232-778c-6b1c3bb32f63" executionId="cfa3c49a-77b7-457c-bf48-ae45d1995244" testListId="8c84fa94-04c1-424b-9868-57a2d4851a1d" />
    <TestEntry testId="5a832154-02a7-490f-2959-bff1f3f87729" executionId="22d6fde1-2e9c-407d-b13e-3e370f1e3211" testListId="8c84fa94-04c1-424b-9868-57a2d4851a1d" />
    <TestEntry testId="5fb3e6f7-a739-34fa-c5bb-b39273f294f3" executionId="97a81b7b-7653-4f43-a974-58d7c5d5245a" testListId="8c84fa94-04c1-424b-9868-57a2d4851a1d" />
    <TestEntry testId="91ed886e-059e-34b5-fdac-93602c8b65b4" executionId="ffa51569-fdea-4e75-a3ce-cca2bf6e8d5d" testListId="8c84fa94-04c1-424b-9868-57a2d4851a1d" />
    <TestEntry testId="a4f53d2a-6aa3-56f3-9e23-5b8d4649242e" executionId="00fd8c51-2006-47d5-afde-09481bdc1322" testListId="8c84fa94-04c1-424b-9868-57a2d4851a1d" />
    <TestEntry testId="77fa738f-7c15-cf1e-1467-4dd476a091c8" executionId="9198a41d-7c63-4598-a8ce-3c129fe7e2ec" testListId="8c84fa94-04c1-424b-9868-57a2d4851a1d" />
    <TestEntry testId="bd4c89a1-a644-c036-0831-0258245a72ef" executionId="ad4ca82d-ef2b-4820-9e5f-edb078825c4c" testListId="8c84fa94-04c1-424b-9868-57a2d4851a1d" />
    <TestEntry testId="fcc27f48-422a-f79c-2e42-c2d8c5e59806" executionId="ee36a48d-69ec-4a31-98c0-99ae35fb1764" testListId="8c84fa94-04c1-424b-9868-57a2d4851a1d" />
    <TestEntry testId="3b499ff3-6233-4c6a-650c-7067256c9b65" executionId="eb691604-09c3-403d-b805-1a6b9292a87f" testListId="8c84fa94-04c1-424b-9868-57a2d4851a1d" />
    <TestEntry testId="870444a8-b27b-10be-b976-827f7c56971a" executionId="d7f677ff-ad34-4421-802c-4bde7ca84764" testListId="8c84fa94-04c1-424b-9868-57a2d4851a1d" />
    <TestEntry testId="2e400254-8b9a-9238-5de7-9c2b88fec585" executionId="ad4076d4-cfd0-40e9-be16-68fd794538be" testListId="8c84fa94-04c1-424b-9868-57a2d4851a1d" />
    <TestEntry testId="28131be1-9d9d-8bc5-0e85-3f0bf3f995f7" executionId="113426fc-d256-4374-a3ed-a905275a9eda" testListId="8c84fa94-04c1-424b-9868-57a2d4851a1d" />
    <TestEntry testId="7225938f-be28-99ce-af08-5258c50aad3a" executionId="21be9641-8dcd-4a77-8e23-d6e120f929c9" testListId="8c84fa94-04c1-424b-9868-57a2d4851a1d" />
    <TestEntry testId="f9b6ae41-31eb-9037-58fb-586ddc54ed49" executionId="338d46cd-4ca7-4581-bf25-7da543f7ccfd" testListId="8c84fa94-04c1-424b-9868-57a2d4851a1d" />
    <TestEntry testId="bb725fdb-5878-73f9-8bc9-600664e7967b" executionId="e9604f4e-8052-49a5-8956-fa374e042984" testListId="8c84fa94-04c1-424b-9868-57a2d4851a1d" />
    <TestEntry testId="c0c0ad5c-3016-d150-aa7a-8d9baf1ec784" executionId="3fbe36ee-f75b-4c62-a80c-9da26f174850" testListId="8c84fa94-04c1-424b-9868-57a2d4851a1d" />
    <TestEntry testId="920474e3-70a6-8158-fc96-5066f3d73db9" executionId="03664858-92c1-4c6e-8043-aea715fc578a" testListId="8c84fa94-04c1-424b-9868-57a2d4851a1d" />
    <TestEntry testId="57c572cc-6ca5-91bb-01e1-86d80a8ebfb0" executionId="df2e7fa5-4412-4222-b3a1-16c64d01275b" testListId="8c84fa94-04c1-424b-9868-57a2d4851a1d" />
    <TestEntry testId="122c056c-e2d7-eaf2-10ef-48ed8785e725" executionId="29b86acc-2fce-44b7-92c5-58ca06687ca5" testListId="8c84fa94-04c1-424b-9868-57a2d4851a1d" />
    <TestEntry testId="a12c4361-f2ff-f121-3110-81b3e1451073" executionId="83589156-29b9-4ba4-b510-04d967fde57e" testListId="8c84fa94-04c1-424b-9868-57a2d4851a1d" />
    <TestEntry testId="b6ad770b-55cb-3715-2515-8ef9606c503d" executionId="c4edc618-b888-45ba-b408-05cd8207710f" testListId="8c84fa94-04c1-424b-9868-57a2d4851a1d" />
    <TestEntry testId="d4f1f19e-b198-401d-7174-73afdb153752" executionId="a41960bd-2509-43f5-8d98-b42c54fbfef7" testListId="8c84fa94-04c1-424b-9868-57a2d4851a1d" />
    <TestEntry testId="faf8a463-0c1a-576b-085e-443570e2dbbd" executionId="7e336a28-fa2f-4844-b3c0-772ae5c82270" testListId="8c84fa94-04c1-424b-9868-57a2d4851a1d" />
    <TestEntry testId="c0c6a1ed-b421-ac23-e05b-a86fa3b90c97" executionId="7a63c6b2-3c95-41d1-b8e4-d2d36ad3192a" testListId="8c84fa94-04c1-424b-9868-57a2d4851a1d" />
    <TestEntry testId="72730497-a72a-01d7-b7fd-0252cb40c342" executionId="c11bb847-5a1c-4ff7-9f3b-3fa2e004f708" testListId="8c84fa94-04c1-424b-9868-57a2d4851a1d" />
    <TestEntry testId="779ea73c-7cc5-8406-d67e-232a9c1e5408" executionId="d3316307-e337-4d29-962f-f2cec98c6765" testListId="8c84fa94-04c1-424b-9868-57a2d4851a1d" />
    <TestEntry testId="410d531c-e85c-bec7-2227-68d3983760e8" executionId="f394b25b-8087-4897-aa21-71ead113cec0" testListId="8c84fa94-04c1-424b-9868-57a2d4851a1d" />
    <TestEntry testId="a99370d8-c2c8-637c-f6bc-60509f1ab665" executionId="40d5bc76-6624-4b40-acd9-5db0e2dd12cd" testListId="8c84fa94-04c1-424b-9868-57a2d4851a1d" />
    <TestEntry testId="d436d199-7122-01e0-d8ec-3ba704ca7687" executionId="a4793665-6eb4-43c0-bcc3-53b79434e28b" testListId="8c84fa94-04c1-424b-9868-57a2d4851a1d" />
    <TestEntry testId="517fae28-bdf5-b44f-9d8b-d583cd884859" executionId="efec81f5-0345-4754-b176-b0c0d0efb965" testListId="8c84fa94-04c1-424b-9868-57a2d4851a1d" />
    <TestEntry testId="2c539d41-0e30-cd0b-5017-134173555c37" executionId="1cf2d862-b7bc-4cb1-99cd-9fd1e4698b77" testListId="8c84fa94-04c1-424b-9868-57a2d4851a1d" />
    <TestEntry testId="cc13eca7-a2e4-cfed-62ad-7c510fb49bf6" executionId="4a0398b0-8def-47be-9608-784a55f7b1a9" testListId="8c84fa94-04c1-424b-9868-57a2d4851a1d" />
    <TestEntry testId="acbb3411-9a50-cf7b-9228-eef74855f8c0" executionId="d118f1d5-9c45-4a4e-9d5a-60e5720069e5" testListId="8c84fa94-04c1-424b-9868-57a2d4851a1d" />
    <TestEntry testId="8a158f30-7010-7b2d-45e1-ef1f80bc706a" executionId="5145a539-93c7-4a7c-8bbd-ad91c180739a" testListId="8c84fa94-04c1-424b-9868-57a2d4851a1d" />
    <TestEntry testId="eef90c1f-26cb-de0c-acaa-f870c892e5f4" executionId="2e7125ad-ec1d-4820-918a-d6b3eee023a2" testListId="8c84fa94-04c1-424b-9868-57a2d4851a1d" />
    <TestEntry testId="3ed48983-5ae0-9b79-d2ce-485a21a9c50d" executionId="a9abe155-a432-4bda-8aa2-335475c76191" testListId="8c84fa94-04c1-424b-9868-57a2d4851a1d" />
    <TestEntry testId="da1ca156-adc8-c0a1-9e57-e8e92d878a1f" executionId="b6a1cdbd-7991-44db-92a4-b461ffdf04e6" testListId="8c84fa94-04c1-424b-9868-57a2d4851a1d" />
    <TestEntry testId="e9cbdd25-70fe-8c5a-7245-79d3ef4d8d61" executionId="a6aada54-14d0-4cc1-bb1a-cf336bbf46c1" testListId="8c84fa94-04c1-424b-9868-57a2d4851a1d" />
    <TestEntry testId="b724ed5b-0bd4-f20a-90c6-f527441a90cb" executionId="77857541-c6f9-4d73-8709-4544ceae1870" testListId="8c84fa94-04c1-424b-9868-57a2d4851a1d" />
    <TestEntry testId="c7b453a8-426d-e431-cde8-3edccb8a9f59" executionId="6197cd5e-1915-4275-b68e-7eaddd3638d3" testListId="8c84fa94-04c1-424b-9868-57a2d4851a1d" />
    <TestEntry testId="3539e051-b29a-492f-ef3d-3b940c68271c" executionId="f36a3b10-74c0-49ee-9af1-cb0daffb239f" testListId="8c84fa94-04c1-424b-9868-57a2d4851a1d" />
    <TestEntry testId="a5e9c49b-8528-86fc-a44a-61de8444d295" executionId="eb748420-fe4d-4185-8195-b560bb62c6c8" testListId="8c84fa94-04c1-424b-9868-57a2d4851a1d" />
    <TestEntry testId="38135019-1c35-5e2e-0e06-63a607276d1a" executionId="cb165d44-a020-44e9-87ab-be9ea7a42f51" testListId="8c84fa94-04c1-424b-9868-57a2d4851a1d" />
    <TestEntry testId="8482aa2e-074b-2848-4c96-36a28f05dce9" executionId="35a67778-98ed-4ba9-86cf-bdf3a95316ec" testListId="8c84fa94-04c1-424b-9868-57a2d4851a1d" />
    <TestEntry testId="db8b831e-b9a4-9cd6-67cc-62449d3c1436" executionId="f2e02dd3-d3ae-4159-91fd-9dbf3e249344" testListId="8c84fa94-04c1-424b-9868-57a2d4851a1d" />
    <TestEntry testId="6eea07d2-4e26-7378-d315-339a313f4f4d" executionId="8d66ed2a-e556-43fa-8888-1af4f035bd13" testListId="8c84fa94-04c1-424b-9868-57a2d4851a1d" />
    <TestEntry testId="347154c6-7d86-a0a0-6518-c236ab44c7bb" executionId="cb955c91-e647-40c6-95a7-647876d2ad8b" testListId="8c84fa94-04c1-424b-9868-57a2d4851a1d" />
    <TestEntry testId="cde12623-2865-f1f3-f112-3919fc485e11" executionId="317092d9-a4f7-4d82-8cca-d60e8ec19fd6" testListId="8c84fa94-04c1-424b-9868-57a2d4851a1d" />
    <TestEntry testId="884a186e-34dc-475c-0ed4-8bafc3a6464b" executionId="5cfaba6a-f156-4a69-9a94-b1b6f32989db" testListId="8c84fa94-04c1-424b-9868-57a2d4851a1d" />
    <TestEntry testId="2646b88e-5943-af09-16a1-a159715ee820" executionId="d04f6a74-578b-4116-8988-68fb72c69854" testListId="8c84fa94-04c1-424b-9868-57a2d4851a1d" />
    <TestEntry testId="52bbcd36-4e6d-b9b1-57a8-6caa7e8618d6" executionId="6f5648a8-5c6f-4c71-92ca-66f18b536e85" testListId="8c84fa94-04c1-424b-9868-57a2d4851a1d" />
    <TestEntry testId="a4b26214-ec7f-52be-9b78-565be3e2caab" executionId="32bcca91-6cee-4a1a-9377-58907240a099" testListId="8c84fa94-04c1-424b-9868-57a2d4851a1d" />
    <TestEntry testId="106b5105-1e8c-3698-8baf-fb37f63192b2" executionId="61018f8d-7d29-4a89-be4b-d7eb97436fe3" testListId="8c84fa94-04c1-424b-9868-57a2d4851a1d" />
    <TestEntry testId="46703ae1-0a1d-9d01-2b27-b0a5f46ce866" executionId="ce85adc9-df25-4e03-81cc-5b419ebc4446" testListId="8c84fa94-04c1-424b-9868-57a2d4851a1d" />
    <TestEntry testId="ed543192-af1e-93df-bcbf-f2ccb8f0ac8e" executionId="a74f671c-98d7-423d-9cad-b8a37cae680d" testListId="8c84fa94-04c1-424b-9868-57a2d4851a1d" />
    <TestEntry testId="566c0031-c779-f33f-8bdc-f1afaf20b887" executionId="d1eabd15-f198-4494-85fd-2fdbcbcd511c" testListId="8c84fa94-04c1-424b-9868-57a2d4851a1d" />
    <TestEntry testId="83c4175b-364a-60d2-066c-938b41c026da" executionId="6987376a-8774-4a24-81c3-1327faeb7b42" testListId="8c84fa94-04c1-424b-9868-57a2d4851a1d" />
    <TestEntry testId="1771f7c3-38f6-b72b-c87f-b2e745d7971b" executionId="6e4d5f06-1798-437f-a63f-feeb8d98e477" testListId="8c84fa94-04c1-424b-9868-57a2d4851a1d" />
    <TestEntry testId="036a49c9-5547-c24e-4db8-92cae9de82ed" executionId="545c1183-a9da-4083-a65e-ad768669d0f9" testListId="8c84fa94-04c1-424b-9868-57a2d4851a1d" />
    <TestEntry testId="17f820a9-098b-a12b-bace-5f5e78c2d417" executionId="1fb53e31-7066-4a86-be32-bdad6e75262c" testListId="8c84fa94-04c1-424b-9868-57a2d4851a1d" />
    <TestEntry testId="2fbfdc53-c138-a210-f77e-5534ac664cbd" executionId="53ead4f0-6c5d-449a-ba66-397bec675935" testListId="8c84fa94-04c1-424b-9868-57a2d4851a1d" />
    <TestEntry testId="03d2be46-aca8-cddb-ca1c-3bbc268bbec2" executionId="4927e7b8-4c5b-44d6-a846-4cb5eeb3ea5e" testListId="8c84fa94-04c1-424b-9868-57a2d4851a1d" />
    <TestEntry testId="9a438fba-dcfc-ee8c-2a2f-5e36b3ae34c0" executionId="b44202c1-741f-4037-8ab0-c5e265d7c5f3" testListId="8c84fa94-04c1-424b-9868-57a2d4851a1d" />
  </TestEntries>
  <TestLists>
    <TestList name="Results Not in a List" id="8c84fa94-04c1-424b-9868-57a2d4851a1d" />
    <TestList name="All Loaded Results" id="19431567-8539-422a-85d7-44ee4e166bda" />
  </TestLists>
  <ResultSummary outcome="Completed">
    <Counters total="143" executed="143" passed="143" failed="0" error="0" timeout="0" aborted="0" inconclusive="0" passedButRunAborted="0" notRunnable="0" notExecuted="0" disconnected="0" warning="0" completed="0" inProgress="0" pending="0" />
  </ResultSummary>
</TestRun>