<?xml version="1.0" encoding="utf-8"?>
<TestRun id="2f5b393f-4ade-4c5b-9646-0423932e86b9" name="DKSR-EFI-06$@DKSR-EFI-06 2024-01-09 15:41:46" runUser="NT AUTHORITY\NETWORK SERVICE" xmlns="http://microsoft.com/schemas/VisualStudio/TeamTest/2010">
  <Times creation="2024-01-09T15:41:46.1226586+01:00" queuing="2024-01-09T15:41:46.1226586+01:00" start="2024-01-09T15:41:44.5289001+01:00" finish="2024-01-09T15:41:46.1695350+01:00" />
  <TestSettings name="default" id="5b1cbddf-1ff4-43df-9045-484ef34a2650">
    <Deployment runDeploymentRoot="DKSR-EFI-06$_DKSR-EFI-06_2024-01-09_15_41_46" />
  </TestSettings>
  <Results>
    <UnitTestResult executionId="99bb51bd-0422-4182-b60c-05cbc10e9d53" testId="4afd3d3c-358f-16c3-78cb-402700a5b5d3" testName="TestForAssemblyCoverage" computerName="DKSR-EFI-06" duration="00:00:00.0142100" startTime="2024-01-09T15:41:45.5445311+01:00" endTime="2024-01-09T15:41:45.6539067+01:00" testType="13cdc9d9-ddb5-4fa4-a97d-d965ccfc6d4b" outcome="Passed" testListId="8c84fa94-04c1-424b-9868-57a2d4851a1d" relativeResultsDirectory="99bb51bd-0422-4182-b60c-05cbc10e9d53" />
  </Results>
  <TestDefinitions>
    <UnitTest name="TestForAssemblyCoverage" storage="d:\actions-runner\_work\xpco\xpco\corporate\recordingserver\recorderservice\tst\videoos.recorder.service.traycontroller.unittests\bin\x64\debug\net472\videoos.recorder.service.traycontroller.unittests.dll" id="4afd3d3c-358f-16c3-78cb-402700a5b5d3">
      <Execution id="99bb51bd-0422-4182-b60c-05cbc10e9d53" />
      <TestMethod codeBase="D:\actions-runner\_work\XPCO\XPCO\Corporate\RecordingServer\RecorderService\tst\VideoOS.Recorder.Service.TrayController.UnitTests\bin\x64\Debug\net472\VideoOS.Recorder.Service.TrayController.UnitTests.dll" adapterTypeName="executor://mstestadapter/v2" className="VideoOS.Recorder.Service.TrayController.UnitTests.UnitTest1" name="TestForAssemblyCoverage" />
    </UnitTest>
  </TestDefinitions>
  <TestEntries>
    <TestEntry testId="4afd3d3c-358f-16c3-78cb-402700a5b5d3" executionId="99bb51bd-0422-4182-b60c-05cbc10e9d53" testListId="8c84fa94-04c1-424b-9868-57a2d4851a1d" />
  </TestEntries>
  <TestLists>
    <TestList name="Results Not in a List" id="8c84fa94-04c1-424b-9868-57a2d4851a1d" />
    <TestList name="All Loaded Results" id="19431567-8539-422a-85d7-44ee4e166bda" />
  </TestLists>
  <ResultSummary outcome="Completed">
    <Counters total="1" executed="1" passed="1" failed="0" error="0" timeout="0" aborted="0" inconclusive="0" passedButRunAborted="0" notRunnable="0" notExecuted="0" disconnected="0" warning="0" completed="0" inProgress="0" pending="0" />
  </ResultSummary>
</TestRun>