<?xml version="1.0" encoding="utf-8"?>
<TestRun id="d9b91a7b-cfb6-4cec-9576-1b6e1091dc73" name="DKSR-EFI-06$@DKSR-EFI-06 2024-01-09 15:41:15" runUser="NT AUTHORITY\NETWORK SERVICE" xmlns="http://microsoft.com/schemas/VisualStudio/TeamTest/2010">
  <Times creation="2024-01-09T15:41:15.3881643+01:00" queuing="2024-01-09T15:41:15.3881643+01:00" start="2024-01-09T15:41:14.3725378+01:00" finish="2024-01-09T15:41:15.7787886+01:00" />
  <TestSettings name="default" id="2ff3155d-c484-4bc6-995b-51d3b53638c5">
    <Deployment runDeploymentRoot="DKSR-EFI-06$_DKSR-EFI-06_2024-01-09_15_41_15" />
  </TestSettings>
  <Results>
    <UnitTestResult executionId="60b101eb-4721-4972-ad16-169c8eba926e" testId="ecbffb9d-d6c8-713a-829f-718f52e882c8" testName="GetAppConfigValueOrDefault_Boolean_UnknownKey_ReturnsDefaultValue" computerName="DKSR-EFI-06" duration="00:00:00.0052530" startTime="2024-01-09T15:41:15.3256634+01:00" endTime="2024-01-09T15:41:15.3412886+01:00" testType="13cdc9d9-ddb5-4fa4-a97d-d965ccfc6d4b" outcome="Passed" testListId="8c84fa94-04c1-424b-9868-57a2d4851a1d" relativeResultsDirectory="60b101eb-4721-4972-ad16-169c8eba926e" />
    <UnitTestResult executionId="5de45aad-8315-48b7-ab7a-f0f819ce104d" testId="210800d1-ccf8-61aa-bc61-27c7d56b1d8b" testName="GetAppConfigValueOrDefault_Integer_KnownKeyWithInvalidValues_ReturnsDefaultValues" computerName="DKSR-EFI-06" duration="00:00:00.0022335" startTime="2024-01-09T15:41:15.3569134+01:00" endTime="2024-01-09T15:41:15.3569134+01:00" testType="13cdc9d9-ddb5-4fa4-a97d-d965ccfc6d4b" outcome="Passed" testListId="8c84fa94-04c1-424b-9868-57a2d4851a1d" relativeResultsDirectory="5de45aad-8315-48b7-ab7a-f0f819ce104d" />
    <UnitTestResult executionId="4100d78b-200e-4acb-84e9-006f9adae2b7" testId="282a16a4-4222-a608-c460-32e87fe689b1" testName="GetAppConfigValueOrDefault_Double_KnownKeyWithMinValue_ReturnsOnlyAllowedValues" computerName="DKSR-EFI-06" duration="00:00:00.0025402" startTime="2024-01-09T15:41:15.3881643+01:00" endTime="2024-01-09T15:41:15.3881643+01:00" testType="13cdc9d9-ddb5-4fa4-a97d-d965ccfc6d4b" outcome="Passed" testListId="8c84fa94-04c1-424b-9868-57a2d4851a1d" relativeResultsDirectory="4100d78b-200e-4acb-84e9-006f9adae2b7" />
    <UnitTestResult executionId="c7735a02-e046-4120-8b1e-c537e56abfb0" testId="ee0be6d8-16f3-3f50-b66a-3f0af0ca967c" testName="GetAppConfigValueOrDefault_TimeSpan_UnknownKey_ReturnsDefaultValue" computerName="DKSR-EFI-06" duration="00:00:00.0062031" startTime="2024-01-09T15:41:15.4037907+01:00" endTime="2024-01-09T15:41:15.4194125+01:00" testType="13cdc9d9-ddb5-4fa4-a97d-d965ccfc6d4b" outcome="Passed" testListId="8c84fa94-04c1-424b-9868-57a2d4851a1d" relativeResultsDirectory="c7735a02-e046-4120-8b1e-c537e56abfb0" />
    <UnitTestResult executionId="6e7ef342-4195-4137-9a3d-bb672432e5e6" testId="08506604-191e-fff1-e3a2-267bde7280da" testName="GetAppConfigValueOrDefault_TimeSpan_KnownKeyWithMinAndMaxValues_ReturnsOnlyAllowedValues" computerName="DKSR-EFI-06" duration="00:00:00.0025516" startTime="2024-01-09T15:41:15.4350386+01:00" endTime="2024-01-09T15:41:15.4350386+01:00" testType="13cdc9d9-ddb5-4fa4-a97d-d965ccfc6d4b" outcome="Passed" testListId="8c84fa94-04c1-424b-9868-57a2d4851a1d" relativeResultsDirectory="6e7ef342-4195-4137-9a3d-bb672432e5e6" />
    <UnitTestResult executionId="750659c6-3ce3-458e-a900-9a7bbc49128c" testId="363a8458-7d3f-212d-8e54-cac7ad188194" testName="GetAppConfigValueOrDefault_TimeSpan_KnownKeyAccessedMultipleTimes_ReturnsUpdatedValueWhenCacheIsCleared" computerName="DKSR-EFI-06" duration="00:00:00.0018552" startTime="2024-01-09T15:41:15.4194125+01:00" endTime="2024-01-09T15:41:15.4194125+01:00" testType="13cdc9d9-ddb5-4fa4-a97d-d965ccfc6d4b" outcome="Passed" testListId="8c84fa94-04c1-424b-9868-57a2d4851a1d" relativeResultsDirectory="750659c6-3ce3-458e-a900-9a7bbc49128c" />
    <UnitTestResult executionId="beb0651e-e8f3-4941-b8cc-c15ab873f491" testId="30130d67-3675-8209-cea3-bbf76aecdad5" testName="GetAppConfigValueOrDefault_Boolean_KnownKeyAccessedMultipleTimes_ReturnsUpdatedValueWhenCacheIsCleared" computerName="DKSR-EFI-06" duration="00:00:00.0014525" startTime="2024-01-09T15:41:15.3569134+01:00" endTime="2024-01-09T15:41:15.3569134+01:00" testType="13cdc9d9-ddb5-4fa4-a97d-d965ccfc6d4b" outcome="Passed" testListId="8c84fa94-04c1-424b-9868-57a2d4851a1d" relativeResultsDirectory="beb0651e-e8f3-4941-b8cc-c15ab873f491" />
    <UnitTestResult executionId="a41e399c-3936-403d-9d00-1f4ca6b7a473" testId="d6f121b9-62dd-3b17-cd01-1822add3d9d8" testName="GetAppConfigValueOrDefault_String_NullKey_ThrowsArgumentNullException" computerName="DKSR-EFI-06" duration="00:00:00.0639232" startTime="2024-01-09T15:41:15.1381623+01:00" endTime="2024-01-09T15:41:15.2944127+01:00" testType="13cdc9d9-ddb5-4fa4-a97d-d965ccfc6d4b" outcome="Passed" testListId="8c84fa94-04c1-424b-9868-57a2d4851a1d" relativeResultsDirectory="a41e399c-3936-403d-9d00-1f4ca6b7a473" />
    <UnitTestResult executionId="7938a988-1fe9-4e67-87ea-b5c1f7e6072a" testId="78249c29-d3d5-cbcc-3c80-97099010a0ae" testName="GetAppConfigValueOrDefault_Integer_NullKey_ThrowsArgumentNullException" computerName="DKSR-EFI-06" duration="00:00:00.0020198" startTime="2024-01-09T15:41:15.3569134+01:00" endTime="2024-01-09T15:41:15.3569134+01:00" testType="13cdc9d9-ddb5-4fa4-a97d-d965ccfc6d4b" outcome="Passed" testListId="8c84fa94-04c1-424b-9868-57a2d4851a1d" relativeResultsDirectory="7938a988-1fe9-4e67-87ea-b5c1f7e6072a" />
    <UnitTestResult executionId="bd604cc9-0e5f-4574-82c0-8f6146f90377" testId="091a1fc3-88ba-3958-1b4e-60556be24e3b" testName="GetAppConfigValueOrDefault_Enum_KnownKey_ReturnsCorrectValue" computerName="DKSR-EFI-06" duration="00:00:00.0011413" startTime="2024-01-09T15:41:15.4506618+01:00" endTime="2024-01-09T15:41:15.4506618+01:00" testType="13cdc9d9-ddb5-4fa4-a97d-d965ccfc6d4b" outcome="Passed" testListId="8c84fa94-04c1-424b-9868-57a2d4851a1d" relativeResultsDirectory="bd604cc9-0e5f-4574-82c0-8f6146f90377" />
    <UnitTestResult executionId="2e137f92-d718-48d8-927b-fdfeb66ab61f" testId="3c6202cd-07f4-5084-a843-029ab69001f2" testName="GetAppConfigValueOrDefault_TimeSpan_KnownKeyWithMinValue_ReturnsOnlyAllowedValues" computerName="DKSR-EFI-06" duration="00:00:00.0032381" startTime="2024-01-09T15:41:15.4194125+01:00" endTime="2024-01-09T15:41:15.4350386+01:00" testType="13cdc9d9-ddb5-4fa4-a97d-d965ccfc6d4b" outcome="Passed" testListId="8c84fa94-04c1-424b-9868-57a2d4851a1d" relativeResultsDirectory="2e137f92-d718-48d8-927b-fdfeb66ab61f" />
    <UnitTestResult executionId="c70f397f-4c94-48e1-b903-b4adeb8af8b3" testId="047fbfb2-fc60-7d34-2bc2-d0c8bfbe7980" testName="GetAppConfigValueOrDefault_Boolean_KnownKey_ReturnsCorrectValue" computerName="DKSR-EFI-06" duration="00:00:00.0010790" startTime="2024-01-09T15:41:15.3412886+01:00" endTime="2024-01-09T15:41:15.3412886+01:00" testType="13cdc9d9-ddb5-4fa4-a97d-d965ccfc6d4b" outcome="Passed" testListId="8c84fa94-04c1-424b-9868-57a2d4851a1d" relativeResultsDirectory="c70f397f-4c94-48e1-b903-b4adeb8af8b3" />
    <UnitTestResult executionId="032a15ac-75d4-48bb-a7f7-8df8d9d50a7d" testId="601e8247-d9d7-da64-5c04-fa9cc29937f7" testName="GetAppConfigValueOrDefault_String_KnownKey_ReturnsCorrectValue" computerName="DKSR-EFI-06" duration="00:00:00.0012391" startTime="2024-01-09T15:41:15.3100381+01:00" endTime="2024-01-09T15:41:15.3256634+01:00" testType="13cdc9d9-ddb5-4fa4-a97d-d965ccfc6d4b" outcome="Passed" testListId="8c84fa94-04c1-424b-9868-57a2d4851a1d" relativeResultsDirectory="032a15ac-75d4-48bb-a7f7-8df8d9d50a7d" />
    <UnitTestResult executionId="5ba4909c-d1d5-4feb-b530-bc11073dfb73" testId="42a97528-fca3-7fad-95d3-4bc95198b880" testName="GetAppConfigValueOrDefault_Integer_KnownKeyAccessedMultipleTimes_ReturnsUpdatedValueWhenCacheIsCleared" computerName="DKSR-EFI-06" duration="00:00:00.0014438" startTime="2024-01-09T15:41:15.3725379+01:00" endTime="2024-01-09T15:41:15.3725379+01:00" testType="13cdc9d9-ddb5-4fa4-a97d-d965ccfc6d4b" outcome="Passed" testListId="8c84fa94-04c1-424b-9868-57a2d4851a1d" relativeResultsDirectory="5ba4909c-d1d5-4feb-b530-bc11073dfb73" />
    <UnitTestResult executionId="c94d56fd-0318-4ccd-b140-1b31846881c0" testId="a9b64fd4-9f83-3f94-da29-933fa92245d3" testName="GetAppConfigValueOrDefault_Double_UnknownKey_ReturnsDefaultValue" computerName="DKSR-EFI-06" duration="00:00:00.0055658" startTime="2024-01-09T15:41:15.3725379+01:00" endTime="2024-01-09T15:41:15.3881643+01:00" testType="13cdc9d9-ddb5-4fa4-a97d-d965ccfc6d4b" outcome="Passed" testListId="8c84fa94-04c1-424b-9868-57a2d4851a1d" relativeResultsDirectory="c94d56fd-0318-4ccd-b140-1b31846881c0" />
    <UnitTestResult executionId="282c03b3-6a9f-4a7d-88cb-8b4be482bc5c" testId="9a296515-bd8f-5327-6ce3-e992e3edb30a" testName="GetAppConfigValueOrDefault_Enum_KnownKeyWithInvalidValues_ReturnsDefaultValues" computerName="DKSR-EFI-06" duration="00:00:00.0015699" startTime="2024-01-09T15:41:15.4506618+01:00" endTime="2024-01-09T15:41:15.4506618+01:00" testType="13cdc9d9-ddb5-4fa4-a97d-d965ccfc6d4b" outcome="Passed" testListId="8c84fa94-04c1-424b-9868-57a2d4851a1d" relativeResultsDirectory="282c03b3-6a9f-4a7d-88cb-8b4be482bc5c" />
    <UnitTestResult executionId="d5a59ba0-aa54-4647-833f-db33c84a569a" testId="6a54e572-0ea3-23f1-4d91-cd55ad0f94c2" testName="GetAppConfigValueOrDefault_Double_KnownKeyWithAllowedValues_ReturnsOnlyAllowedValues" computerName="DKSR-EFI-06" duration="00:00:00.0085578" startTime="2024-01-09T15:41:15.4037907+01:00" endTime="2024-01-09T15:41:15.4037907+01:00" testType="13cdc9d9-ddb5-4fa4-a97d-d965ccfc6d4b" outcome="Passed" testListId="8c84fa94-04c1-424b-9868-57a2d4851a1d" relativeResultsDirectory="d5a59ba0-aa54-4647-833f-db33c84a569a" />
    <UnitTestResult executionId="0ab739ad-92c5-4647-b1e1-d0ed265cb9aa" testId="728cb314-4370-b897-d24b-af7d8d2330ab" testName="GetAppConfigValueOrDefault_TimeSpan_KnownKeyAccessedMultipleTimes_ReturnsCachedValue" computerName="DKSR-EFI-06" duration="00:00:00.0018784" startTime="2024-01-09T15:41:15.4194125+01:00" endTime="2024-01-09T15:41:15.4194125+01:00" testType="13cdc9d9-ddb5-4fa4-a97d-d965ccfc6d4b" outcome="Passed" testListId="8c84fa94-04c1-424b-9868-57a2d4851a1d" relativeResultsDirectory="0ab739ad-92c5-4647-b1e1-d0ed265cb9aa" />
    <UnitTestResult executionId="98605d7b-418c-45ff-a831-c791b72616c1" testId="61b8dd52-f93a-8ff9-4689-849ae6f51466" testName="GetAppConfigValueOrDefault_Enum_UnknownKey_ReturnsDefaultValue" computerName="DKSR-EFI-06" duration="00:00:00.0054128" startTime="2024-01-09T15:41:15.4506618+01:00" endTime="2024-01-09T15:41:15.4506618+01:00" testType="13cdc9d9-ddb5-4fa4-a97d-d965ccfc6d4b" outcome="Passed" testListId="8c84fa94-04c1-424b-9868-57a2d4851a1d" relativeResultsDirectory="98605d7b-418c-45ff-a831-c791b72616c1" />
    <UnitTestResult executionId="abc0ae6c-3847-47f8-acd2-9ea12c207a34" testId="ab4ac729-52d3-ac00-c10c-492f64a8f9ff" testName="GetAppConfigValueOrDefault_Double_KnownKeyWithInvalidValues_ReturnsDefaultValues" computerName="DKSR-EFI-06" duration="00:00:00.0023502" startTime="2024-01-09T15:41:15.3881643+01:00" endTime="2024-01-09T15:41:15.3881643+01:00" testType="13cdc9d9-ddb5-4fa4-a97d-d965ccfc6d4b" outcome="Passed" testListId="8c84fa94-04c1-424b-9868-57a2d4851a1d" relativeResultsDirectory="abc0ae6c-3847-47f8-acd2-9ea12c207a34" />
    <UnitTestResult executionId="b363407a-35f3-464d-9632-d6910c841d90" testId="843ad744-d903-f73e-9361-d71146fe9024" testName="GetAppConfigValueOrDefault_Integer_KnownKeyWithMinValue_ReturnsOnlyAllowedValues" computerName="DKSR-EFI-06" duration="00:00:00.0018954" startTime="2024-01-09T15:41:15.3725379+01:00" endTime="2024-01-09T15:41:15.3725379+01:00" testType="13cdc9d9-ddb5-4fa4-a97d-d965ccfc6d4b" outcome="Passed" testListId="8c84fa94-04c1-424b-9868-57a2d4851a1d" relativeResultsDirectory="b363407a-35f3-464d-9632-d6910c841d90" />
    <UnitTestResult executionId="52c90c33-cc5f-4e3a-aefa-dbc5e8d44aeb" testId="e6326402-bfd9-d812-fb57-4e4baf540e37" testName="GetAppConfigValueOrDefault_String_KnownKeyAccessedMultipleTimes_ReturnsCachedValue" computerName="DKSR-EFI-06" duration="00:00:00.0016406" startTime="2024-01-09T15:41:15.3256634+01:00" endTime="2024-01-09T15:41:15.3256634+01:00" testType="13cdc9d9-ddb5-4fa4-a97d-d965ccfc6d4b" outcome="Passed" testListId="8c84fa94-04c1-424b-9868-57a2d4851a1d" relativeResultsDirectory="52c90c33-cc5f-4e3a-aefa-dbc5e8d44aeb" />
    <UnitTestResult executionId="cdadb61f-1bc3-4697-bbbe-2ac4b159184b" testId="9ddcd75b-5e45-f092-870b-96bdc6d9c594" testName="GetAppConfigValueOrDefault_TimeSpan_NullKey_ThrowsArgumentNullException" computerName="DKSR-EFI-06" duration="00:00:00.0023054" startTime="2024-01-09T15:41:15.4037907+01:00" endTime="2024-01-09T15:41:15.4037907+01:00" testType="13cdc9d9-ddb5-4fa4-a97d-d965ccfc6d4b" outcome="Passed" testListId="8c84fa94-04c1-424b-9868-57a2d4851a1d" relativeResultsDirectory="cdadb61f-1bc3-4697-bbbe-2ac4b159184b" />
    <UnitTestResult executionId="39a7fd1d-6eee-4d60-a1dc-41af6c574942" testId="10da6535-9079-2bfc-3d51-558a5307bc16" testName="GetAppConfigValueOrDefault_TimeSpan_KnownKeyWithAllowedValues_ReturnsOnlyAllowedValues" computerName="DKSR-EFI-06" duration="00:00:00.0091362" startTime="2024-01-09T15:41:15.4350386+01:00" endTime="2024-01-09T15:41:15.4350386+01:00" testType="13cdc9d9-ddb5-4fa4-a97d-d965ccfc6d4b" outcome="Passed" testListId="8c84fa94-04c1-424b-9868-57a2d4851a1d" relativeResultsDirectory="39a7fd1d-6eee-4d60-a1dc-41af6c574942" />
    <UnitTestResult executionId="3703ac3e-bff8-4d3b-8870-68b8391da40c" testId="0d0b1de0-0a59-96ca-7d2d-bca519274740" testName="GetAppConfigValueOrDefault_Boolean_KnownKeyAccessedMultipleTimes_ReturnsCachedValue" computerName="DKSR-EFI-06" duration="00:00:00.0015030" startTime="2024-01-09T15:41:15.3412886+01:00" endTime="2024-01-09T15:41:15.3569134+01:00" testType="13cdc9d9-ddb5-4fa4-a97d-d965ccfc6d4b" outcome="Passed" testListId="8c84fa94-04c1-424b-9868-57a2d4851a1d" relativeResultsDirectory="3703ac3e-bff8-4d3b-8870-68b8391da40c" />
    <UnitTestResult executionId="13467415-8ba4-46fc-9036-ed630434b849" testId="34de4435-b1db-9488-14f7-387e4f25f332" testName="GetAppConfigValueOrDefault_Double_KnownKeyAccessedMultipleTimes_ReturnsUpdatedValueWhenCacheIsCleared" computerName="DKSR-EFI-06" duration="00:00:00.0016527" startTime="2024-01-09T15:41:15.3881643+01:00" endTime="2024-01-09T15:41:15.3881643+01:00" testType="13cdc9d9-ddb5-4fa4-a97d-d965ccfc6d4b" outcome="Passed" testListId="8c84fa94-04c1-424b-9868-57a2d4851a1d" relativeResultsDirectory="13467415-8ba4-46fc-9036-ed630434b849" />
    <UnitTestResult executionId="7080e178-6357-43e1-98bd-db350e36e3b1" testId="1ca164fc-b465-9318-3a63-691e0f77382a" testName="GetAppConfigValueOrDefault_String_KnownKeyWithAllowedValues_ReturnsOnlyAllowedValues" computerName="DKSR-EFI-06" duration="00:00:00.0014184" startTime="2024-01-09T15:41:15.3256634+01:00" endTime="2024-01-09T15:41:15.3256634+01:00" testType="13cdc9d9-ddb5-4fa4-a97d-d965ccfc6d4b" outcome="Passed" testListId="8c84fa94-04c1-424b-9868-57a2d4851a1d" relativeResultsDirectory="7080e178-6357-43e1-98bd-db350e36e3b1" />
    <UnitTestResult executionId="8af6d1f8-7f65-47e4-a262-0b9683e8e936" testId="2ed15d1d-cf99-835a-9f67-0e00f8645c2c" testName="GetAppConfigValueOrDefault_Double_KnownKey_ReturnsCorrectValue" computerName="DKSR-EFI-06" duration="00:00:00.0027342" startTime="2024-01-09T15:41:15.3881643+01:00" endTime="2024-01-09T15:41:15.3881643+01:00" testType="13cdc9d9-ddb5-4fa4-a97d-d965ccfc6d4b" outcome="Passed" testListId="8c84fa94-04c1-424b-9868-57a2d4851a1d" relativeResultsDirectory="8af6d1f8-7f65-47e4-a262-0b9683e8e936" />
    <UnitTestResult executionId="6e622fff-f707-4417-8730-7d8032779db6" testId="a4fa4d09-ed98-c781-c7fa-246e8bf5b32b" testName="GetAppConfigValueOrDefault_String_UnknownKey_ReturnsDefaultValue" computerName="DKSR-EFI-06" duration="00:00:00.0032625" startTime="2024-01-09T15:41:15.3100381+01:00" endTime="2024-01-09T15:41:15.3100381+01:00" testType="13cdc9d9-ddb5-4fa4-a97d-d965ccfc6d4b" outcome="Passed" testListId="8c84fa94-04c1-424b-9868-57a2d4851a1d" relativeResultsDirectory="6e622fff-f707-4417-8730-7d8032779db6" />
    <UnitTestResult executionId="534beacf-9c27-40da-8321-9d311b7a61b5" testId="40a5c975-37e8-bc73-1ac5-8e72790a48bb" testName="GetAppConfigValueOrDefault_Boolean_NullKey_ThrowsArgumentNullException" computerName="DKSR-EFI-06" duration="00:00:00.0017613" startTime="2024-01-09T15:41:15.3256634+01:00" endTime="2024-01-09T15:41:15.3256634+01:00" testType="13cdc9d9-ddb5-4fa4-a97d-d965ccfc6d4b" outcome="Passed" testListId="8c84fa94-04c1-424b-9868-57a2d4851a1d" relativeResultsDirectory="534beacf-9c27-40da-8321-9d311b7a61b5" />
    <UnitTestResult executionId="b81a1c9e-47a9-4daa-a34a-2502e51123ae" testId="b7d1f5af-c647-b8ee-21be-1a915ae3f9ab" testName="GetAppConfigValueOrDefault_Integer_UnknownKey_ReturnsDefaultValue" computerName="DKSR-EFI-06" duration="00:00:00.0051614" startTime="2024-01-09T15:41:15.3569134+01:00" endTime="2024-01-09T15:41:15.3569134+01:00" testType="13cdc9d9-ddb5-4fa4-a97d-d965ccfc6d4b" outcome="Passed" testListId="8c84fa94-04c1-424b-9868-57a2d4851a1d" relativeResultsDirectory="b81a1c9e-47a9-4daa-a34a-2502e51123ae" />
    <UnitTestResult executionId="6aae1b33-5835-464a-9f74-a223471f44c1" testId="9e887f99-afa7-c0da-24f2-53cc5e15cbd1" testName="GetAppConfigValueOrDefault_Double_KnownKeyAccessedMultipleTimes_ReturnsCachedValue" computerName="DKSR-EFI-06" duration="00:00:00.0016651" startTime="2024-01-09T15:41:15.3881643+01:00" endTime="2024-01-09T15:41:15.3881643+01:00" testType="13cdc9d9-ddb5-4fa4-a97d-d965ccfc6d4b" outcome="Passed" testListId="8c84fa94-04c1-424b-9868-57a2d4851a1d" relativeResultsDirectory="6aae1b33-5835-464a-9f74-a223471f44c1" />
    <UnitTestResult executionId="cd5e87c4-6b7f-435f-82df-9b33281a229e" testId="afc949a2-5ce4-35fb-7dba-159335162b83" testName="GetAppConfigValueOrDefault_Integer_KnownKey_ReturnsCorrectValue" computerName="DKSR-EFI-06" duration="00:00:00.0011078" startTime="2024-01-09T15:41:15.3569134+01:00" endTime="2024-01-09T15:41:15.3569134+01:00" testType="13cdc9d9-ddb5-4fa4-a97d-d965ccfc6d4b" outcome="Passed" testListId="8c84fa94-04c1-424b-9868-57a2d4851a1d" relativeResultsDirectory="cd5e87c4-6b7f-435f-82df-9b33281a229e" />
    <UnitTestResult executionId="7e8354bf-1552-484a-9e26-4bae9328e158" testId="66313b81-95d3-89a0-d5c6-0970e07e1abc" testName="GetAppConfigValueOrDefault_Enum_NullKey_ThrowsArgumentNullException" computerName="DKSR-EFI-06" duration="00:00:00.0009846" startTime="2024-01-09T15:41:15.4350386+01:00" endTime="2024-01-09T15:41:15.4506618+01:00" testType="13cdc9d9-ddb5-4fa4-a97d-d965ccfc6d4b" outcome="Passed" testListId="8c84fa94-04c1-424b-9868-57a2d4851a1d" relativeResultsDirectory="7e8354bf-1552-484a-9e26-4bae9328e158" />
    <UnitTestResult executionId="7cf8645b-9df0-40cc-b508-3c6fdbb092a0" testId="ac230ab8-5c42-3ae1-3c38-3537fec03817" testName="GetAppConfigValueOrDefault_Double_KnownKeyWithMinAndMaxValues_ReturnsOnlyAllowedValues" computerName="DKSR-EFI-06" duration="00:00:00.0019426" startTime="2024-01-09T15:41:15.3881643+01:00" endTime="2024-01-09T15:41:15.4037907+01:00" testType="13cdc9d9-ddb5-4fa4-a97d-d965ccfc6d4b" outcome="Passed" testListId="8c84fa94-04c1-424b-9868-57a2d4851a1d" relativeResultsDirectory="7cf8645b-9df0-40cc-b508-3c6fdbb092a0" />
    <UnitTestResult executionId="b7953ec4-fa66-4ad5-9fa3-1d15d2b6a7e4" testId="5c996a0d-fc09-a416-b6e7-8666282b6fb9" testName="GetAppConfigValueOrDefault_Integer_KnownKeyWithAllowedValues_ReturnsOnlyAllowedValues" computerName="DKSR-EFI-06" duration="00:00:00.0034428" startTime="2024-01-09T15:41:15.3725379+01:00" endTime="2024-01-09T15:41:15.3725379+01:00" testType="13cdc9d9-ddb5-4fa4-a97d-d965ccfc6d4b" outcome="Passed" testListId="8c84fa94-04c1-424b-9868-57a2d4851a1d" relativeResultsDirectory="b7953ec4-fa66-4ad5-9fa3-1d15d2b6a7e4" />
    <UnitTestResult executionId="b98cb5ab-b61a-4f0c-ba64-0dc563fb5221" testId="c1e495bf-69bb-2e80-a4ef-cd9a4f93c416" testName="GetAppConfigValueOrDefault_Enum_KnownKeyAccessedMultipleTimes_ReturnsCachedValue" computerName="DKSR-EFI-06" duration="00:00:00.0013239" startTime="2024-01-09T15:41:15.4506618+01:00" endTime="2024-01-09T15:41:15.4506618+01:00" testType="13cdc9d9-ddb5-4fa4-a97d-d965ccfc6d4b" outcome="Passed" testListId="8c84fa94-04c1-424b-9868-57a2d4851a1d" relativeResultsDirectory="b98cb5ab-b61a-4f0c-ba64-0dc563fb5221" />
    <UnitTestResult executionId="bd835125-5508-4c60-8720-8ba7a08cc45a" testId="7233f679-3512-158a-9d61-b86e97dd7840" testName="GetAppConfigValueOrDefault_String_KnownKeyAccessedMultipleTimes_ReturnsUpdatedValueWhenCacheIsCleared" computerName="DKSR-EFI-06" duration="00:00:00.0034648" startTime="2024-01-09T15:41:15.3256634+01:00" endTime="2024-01-09T15:41:15.3256634+01:00" testType="13cdc9d9-ddb5-4fa4-a97d-d965ccfc6d4b" outcome="Passed" testListId="8c84fa94-04c1-424b-9868-57a2d4851a1d" relativeResultsDirectory="bd835125-5508-4c60-8720-8ba7a08cc45a" />
    <UnitTestResult executionId="601de8ca-03b0-4872-8a61-33d1ccd02c14" testId="2c6d17cd-ae7f-595b-d5bb-43e03706f304" testName="GetAppConfigValueOrDefault_Integer_KnownKeyWithMinAndMaxValues_ReturnsOnlyAllowedValues" computerName="DKSR-EFI-06" duration="00:00:00.0015439" startTime="2024-01-09T15:41:15.3725379+01:00" endTime="2024-01-09T15:41:15.3725379+01:00" testType="13cdc9d9-ddb5-4fa4-a97d-d965ccfc6d4b" outcome="Passed" testListId="8c84fa94-04c1-424b-9868-57a2d4851a1d" relativeResultsDirectory="601de8ca-03b0-4872-8a61-33d1ccd02c14" />
    <UnitTestResult executionId="610edf0b-ab05-479c-83b2-24aaba1755ad" testId="f22bbb2b-4d49-937f-3db8-6742e2421430" testName="GetAppConfigValueOrDefault_TimeSpan_KnownKey_ReturnsCorrectValue" computerName="DKSR-EFI-06" duration="00:00:00.0021082" startTime="2024-01-09T15:41:15.4194125+01:00" endTime="2024-01-09T15:41:15.4194125+01:00" testType="13cdc9d9-ddb5-4fa4-a97d-d965ccfc6d4b" outcome="Passed" testListId="8c84fa94-04c1-424b-9868-57a2d4851a1d" relativeResultsDirectory="610edf0b-ab05-479c-83b2-24aaba1755ad" />
    <UnitTestResult executionId="081d13ba-9bca-4cac-92ba-deccf490e6ff" testId="b0441781-c253-e359-951d-574b5fa10696" testName="GetAppConfigValueOrDefault_Boolean_KnownKeyWithAllValidValues_ReturnsCorrectValues" computerName="DKSR-EFI-06" duration="00:00:00.0029064" startTime="2024-01-09T15:41:15.3412886+01:00" endTime="2024-01-09T15:41:15.3412886+01:00" testType="13cdc9d9-ddb5-4fa4-a97d-d965ccfc6d4b" outcome="Passed" testListId="8c84fa94-04c1-424b-9868-57a2d4851a1d" relativeResultsDirectory="081d13ba-9bca-4cac-92ba-deccf490e6ff" />
    <UnitTestResult executionId="a7797f5d-aef2-4248-80e1-2f287bf51e7e" testId="9c03fbf1-c97a-e002-8455-5d6901c1b5f3" testName="GetAppConfigValueOrDefault_Enum_KnownKeyAccessedMultipleTimes_ReturnsUpdatedValueWhenCacheIsCleared" computerName="DKSR-EFI-06" duration="00:00:00.0013506" startTime="2024-01-09T15:41:15.4506618+01:00" endTime="2024-01-09T15:41:15.4506618+01:00" testType="13cdc9d9-ddb5-4fa4-a97d-d965ccfc6d4b" outcome="Passed" testListId="8c84fa94-04c1-424b-9868-57a2d4851a1d" relativeResultsDirectory="a7797f5d-aef2-4248-80e1-2f287bf51e7e" />
    <UnitTestResult executionId="baf780a4-d76a-49f2-9241-123d78597a7e" testId="a062667e-6aef-720a-f8be-8a70eb73be75" testName="GetAppConfigValueOrDefault_Double_NullKey_ThrowsArgumentNullException" computerName="DKSR-EFI-06" duration="00:00:00.0018620" startTime="2024-01-09T15:41:15.3725379+01:00" endTime="2024-01-09T15:41:15.3725379+01:00" testType="13cdc9d9-ddb5-4fa4-a97d-d965ccfc6d4b" outcome="Passed" testListId="8c84fa94-04c1-424b-9868-57a2d4851a1d" relativeResultsDirectory="baf780a4-d76a-49f2-9241-123d78597a7e" />
    <UnitTestResult executionId="62b55d00-e804-43f0-80df-ae786c7a0398" testId="e12fb247-7933-16cf-f508-fe360e927685" testName="GetAppConfigValueOrDefault_Integer_KnownKeyAccessedMultipleTimes_ReturnsCachedValue" computerName="DKSR-EFI-06" duration="00:00:00.0013872" startTime="2024-01-09T15:41:15.3569134+01:00" endTime="2024-01-09T15:41:15.3725379+01:00" testType="13cdc9d9-ddb5-4fa4-a97d-d965ccfc6d4b" outcome="Passed" testListId="8c84fa94-04c1-424b-9868-57a2d4851a1d" relativeResultsDirectory="62b55d00-e804-43f0-80df-ae786c7a0398" />
    <UnitTestResult executionId="e0fe70df-4661-4c91-94cc-9b83ebe98096" testId="55d38079-c647-aa67-edc3-81a0a20f56e3" testName="GetAppConfigValueOrDefault_TimeSpan_KnownKeyWithInvalidValues_ReturnsDefaultValues" computerName="DKSR-EFI-06" duration="00:00:00.0036098" startTime="2024-01-09T15:41:15.4194125+01:00" endTime="2024-01-09T15:41:15.4194125+01:00" testType="13cdc9d9-ddb5-4fa4-a97d-d965ccfc6d4b" outcome="Passed" testListId="8c84fa94-04c1-424b-9868-57a2d4851a1d" relativeResultsDirectory="e0fe70df-4661-4c91-94cc-9b83ebe98096" />
    <UnitTestResult executionId="b5aaa935-a11e-47e2-ae50-6994066cde39" testId="4b7d67fc-30b8-7ae5-b6f7-f88bada77b1c" testName="GetAppConfigValueOrDefault_Boolean_KnownKeyWithInvalidValues_ReturnsDefaultValues" computerName="DKSR-EFI-06" duration="00:00:00.0023687" startTime="2024-01-09T15:41:15.3412886+01:00" endTime="2024-01-09T15:41:15.3412886+01:00" testType="13cdc9d9-ddb5-4fa4-a97d-d965ccfc6d4b" outcome="Passed" testListId="8c84fa94-04c1-424b-9868-57a2d4851a1d" relativeResultsDirectory="b5aaa935-a11e-47e2-ae50-6994066cde39" />
  </Results>
  <TestDefinitions>
    <UnitTest name="GetAppConfigValueOrDefault_TimeSpan_NullKey_ThrowsArgumentNullException" storage="d:\actions-runner\_work\xpco\xpco\common\videoos.universal\videoos.universal.utilities.unittests\bin\debug\net472\videoos.universal.utilities.unittests.dll" id="9ddcd75b-5e45-f092-870b-96bdc6d9c594">
      <Execution id="cdadb61f-1bc3-4697-bbbe-2ac4b159184b" />
      <TestMethod codeBase="D:\actions-runner\_work\XPCO\XPCO\Common\VideoOS.Universal\VideoOS.Universal.Utilities.UnitTests\bin\Debug\net472\VideoOS.Universal.Utilities.UnitTests.dll" adapterTypeName="executor://mstestadapter/v2" className="VideoOS.Universal.Utilities.UnitTests.Configuration.ApplicationConfiguration.ApplicationConfigurationTests" name="GetAppConfigValueOrDefault_TimeSpan_NullKey_ThrowsArgumentNullException" />
    </UnitTest>
    <UnitTest name="GetAppConfigValueOrDefault_Double_KnownKeyWithInvalidValues_ReturnsDefaultValues" storage="d:\actions-runner\_work\xpco\xpco\common\videoos.universal\videoos.universal.utilities.unittests\bin\debug\net472\videoos.universal.utilities.unittests.dll" id="ab4ac729-52d3-ac00-c10c-492f64a8f9ff">
      <Execution id="abc0ae6c-3847-47f8-acd2-9ea12c207a34" />
      <TestMethod codeBase="D:\actions-runner\_work\XPCO\XPCO\Common\VideoOS.Universal\VideoOS.Universal.Utilities.UnitTests\bin\Debug\net472\VideoOS.Universal.Utilities.UnitTests.dll" adapterTypeName="executor://mstestadapter/v2" className="VideoOS.Universal.Utilities.UnitTests.Configuration.ApplicationConfiguration.ApplicationConfigurationTests" name="GetAppConfigValueOrDefault_Double_KnownKeyWithInvalidValues_ReturnsDefaultValues" />
    </UnitTest>
    <UnitTest name="GetAppConfigValueOrDefault_Integer_KnownKeyWithAllowedValues_ReturnsOnlyAllowedValues" storage="d:\actions-runner\_work\xpco\xpco\common\videoos.universal\videoos.universal.utilities.unittests\bin\debug\net472\videoos.universal.utilities.unittests.dll" id="5c996a0d-fc09-a416-b6e7-8666282b6fb9">
      <Execution id="b7953ec4-fa66-4ad5-9fa3-1d15d2b6a7e4" />
      <TestMethod codeBase="D:\actions-runner\_work\XPCO\XPCO\Common\VideoOS.Universal\VideoOS.Universal.Utilities.UnitTests\bin\Debug\net472\VideoOS.Universal.Utilities.UnitTests.dll" adapterTypeName="executor://mstestadapter/v2" className="VideoOS.Universal.Utilities.UnitTests.Configuration.ApplicationConfiguration.ApplicationConfigurationTests" name="GetAppConfigValueOrDefault_Integer_KnownKeyWithAllowedValues_ReturnsOnlyAllowedValues" />
    </UnitTest>
    <UnitTest name="GetAppConfigValueOrDefault_Enum_KnownKeyAccessedMultipleTimes_ReturnsUpdatedValueWhenCacheIsCleared" storage="d:\actions-runner\_work\xpco\xpco\common\videoos.universal\videoos.universal.utilities.unittests\bin\debug\net472\videoos.universal.utilities.unittests.dll" id="9c03fbf1-c97a-e002-8455-5d6901c1b5f3">
      <Execution id="a7797f5d-aef2-4248-80e1-2f287bf51e7e" />
      <TestMethod codeBase="D:\actions-runner\_work\XPCO\XPCO\Common\VideoOS.Universal\VideoOS.Universal.Utilities.UnitTests\bin\Debug\net472\VideoOS.Universal.Utilities.UnitTests.dll" adapterTypeName="executor://mstestadapter/v2" className="VideoOS.Universal.Utilities.UnitTests.Configuration.ApplicationConfiguration.ApplicationConfigurationTests" name="GetAppConfigValueOrDefault_Enum_KnownKeyAccessedMultipleTimes_ReturnsUpdatedValueWhenCacheIsCleared" />
    </UnitTest>
    <UnitTest name="GetAppConfigValueOrDefault_Boolean_KnownKeyAccessedMultipleTimes_ReturnsUpdatedValueWhenCacheIsCleared" storage="d:\actions-runner\_work\xpco\xpco\common\videoos.universal\videoos.universal.utilities.unittests\bin\debug\net472\videoos.universal.utilities.unittests.dll" id="30130d67-3675-8209-cea3-bbf76aecdad5">
      <Execution id="beb0651e-e8f3-4941-b8cc-c15ab873f491" />
      <TestMethod codeBase="D:\actions-runner\_work\XPCO\XPCO\Common\VideoOS.Universal\VideoOS.Universal.Utilities.UnitTests\bin\Debug\net472\VideoOS.Universal.Utilities.UnitTests.dll" adapterTypeName="executor://mstestadapter/v2" className="VideoOS.Universal.Utilities.UnitTests.Configuration.ApplicationConfiguration.ApplicationConfigurationTests" name="GetAppConfigValueOrDefault_Boolean_KnownKeyAccessedMultipleTimes_ReturnsUpdatedValueWhenCacheIsCleared" />
    </UnitTest>
    <UnitTest name="GetAppConfigValueOrDefault_Boolean_KnownKey_ReturnsCorrectValue" storage="d:\actions-runner\_work\xpco\xpco\common\videoos.universal\videoos.universal.utilities.unittests\bin\debug\net472\videoos.universal.utilities.unittests.dll" id="047fbfb2-fc60-7d34-2bc2-d0c8bfbe7980">
      <Execution id="c70f397f-4c94-48e1-b903-b4adeb8af8b3" />
      <TestMethod codeBase="D:\actions-runner\_work\XPCO\XPCO\Common\VideoOS.Universal\VideoOS.Universal.Utilities.UnitTests\bin\Debug\net472\VideoOS.Universal.Utilities.UnitTests.dll" adapterTypeName="executor://mstestadapter/v2" className="VideoOS.Universal.Utilities.UnitTests.Configuration.ApplicationConfiguration.ApplicationConfigurationTests" name="GetAppConfigValueOrDefault_Boolean_KnownKey_ReturnsCorrectValue" />
    </UnitTest>
    <UnitTest name="GetAppConfigValueOrDefault_TimeSpan_KnownKeyWithInvalidValues_ReturnsDefaultValues" storage="d:\actions-runner\_work\xpco\xpco\common\videoos.universal\videoos.universal.utilities.unittests\bin\debug\net472\videoos.universal.utilities.unittests.dll" id="55d38079-c647-aa67-edc3-81a0a20f56e3">
      <Execution id="e0fe70df-4661-4c91-94cc-9b83ebe98096" />
      <TestMethod codeBase="D:\actions-runner\_work\XPCO\XPCO\Common\VideoOS.Universal\VideoOS.Universal.Utilities.UnitTests\bin\Debug\net472\VideoOS.Universal.Utilities.UnitTests.dll" adapterTypeName="executor://mstestadapter/v2" className="VideoOS.Universal.Utilities.UnitTests.Configuration.ApplicationConfiguration.ApplicationConfigurationTests" name="GetAppConfigValueOrDefault_TimeSpan_KnownKeyWithInvalidValues_ReturnsDefaultValues" />
    </UnitTest>
    <UnitTest name="GetAppConfigValueOrDefault_TimeSpan_KnownKey_ReturnsCorrectValue" storage="d:\actions-runner\_work\xpco\xpco\common\videoos.universal\videoos.universal.utilities.unittests\bin\debug\net472\videoos.universal.utilities.unittests.dll" id="f22bbb2b-4d49-937f-3db8-6742e2421430">
      <Execution id="610edf0b-ab05-479c-83b2-24aaba1755ad" />
      <TestMethod codeBase="D:\actions-runner\_work\XPCO\XPCO\Common\VideoOS.Universal\VideoOS.Universal.Utilities.UnitTests\bin\Debug\net472\VideoOS.Universal.Utilities.UnitTests.dll" adapterTypeName="executor://mstestadapter/v2" className="VideoOS.Universal.Utilities.UnitTests.Configuration.ApplicationConfiguration.ApplicationConfigurationTests" name="GetAppConfigValueOrDefault_TimeSpan_KnownKey_ReturnsCorrectValue" />
    </UnitTest>
    <UnitTest name="GetAppConfigValueOrDefault_String_KnownKey_ReturnsCorrectValue" storage="d:\actions-runner\_work\xpco\xpco\common\videoos.universal\videoos.universal.utilities.unittests\bin\debug\net472\videoos.universal.utilities.unittests.dll" id="601e8247-d9d7-da64-5c04-fa9cc29937f7">
      <Execution id="032a15ac-75d4-48bb-a7f7-8df8d9d50a7d" />
      <TestMethod codeBase="D:\actions-runner\_work\XPCO\XPCO\Common\VideoOS.Universal\VideoOS.Universal.Utilities.UnitTests\bin\Debug\net472\VideoOS.Universal.Utilities.UnitTests.dll" adapterTypeName="executor://mstestadapter/v2" className="VideoOS.Universal.Utilities.UnitTests.Configuration.ApplicationConfiguration.ApplicationConfigurationTests" name="GetAppConfigValueOrDefault_String_KnownKey_ReturnsCorrectValue" />
    </UnitTest>
    <UnitTest name="GetAppConfigValueOrDefault_TimeSpan_KnownKeyAccessedMultipleTimes_ReturnsUpdatedValueWhenCacheIsCleared" storage="d:\actions-runner\_work\xpco\xpco\common\videoos.universal\videoos.universal.utilities.unittests\bin\debug\net472\videoos.universal.utilities.unittests.dll" id="363a8458-7d3f-212d-8e54-cac7ad188194">
      <Execution id="750659c6-3ce3-458e-a900-9a7bbc49128c" />
      <TestMethod codeBase="D:\actions-runner\_work\XPCO\XPCO\Common\VideoOS.Universal\VideoOS.Universal.Utilities.UnitTests\bin\Debug\net472\VideoOS.Universal.Utilities.UnitTests.dll" adapterTypeName="executor://mstestadapter/v2" className="VideoOS.Universal.Utilities.UnitTests.Configuration.ApplicationConfiguration.ApplicationConfigurationTests" name="GetAppConfigValueOrDefault_TimeSpan_KnownKeyAccessedMultipleTimes_ReturnsUpdatedValueWhenCacheIsCleared" />
    </UnitTest>
    <UnitTest name="GetAppConfigValueOrDefault_Boolean_NullKey_ThrowsArgumentNullException" storage="d:\actions-runner\_work\xpco\xpco\common\videoos.universal\videoos.universal.utilities.unittests\bin\debug\net472\videoos.universal.utilities.unittests.dll" id="40a5c975-37e8-bc73-1ac5-8e72790a48bb">
      <Execution id="534beacf-9c27-40da-8321-9d311b7a61b5" />
      <TestMethod codeBase="D:\actions-runner\_work\XPCO\XPCO\Common\VideoOS.Universal\VideoOS.Universal.Utilities.UnitTests\bin\Debug\net472\VideoOS.Universal.Utilities.UnitTests.dll" adapterTypeName="executor://mstestadapter/v2" className="VideoOS.Universal.Utilities.UnitTests.Configuration.ApplicationConfiguration.ApplicationConfigurationTests" name="GetAppConfigValueOrDefault_Boolean_NullKey_ThrowsArgumentNullException" />
    </UnitTest>
    <UnitTest name="GetAppConfigValueOrDefault_String_KnownKeyAccessedMultipleTimes_ReturnsUpdatedValueWhenCacheIsCleared" storage="d:\actions-runner\_work\xpco\xpco\common\videoos.universal\videoos.universal.utilities.unittests\bin\debug\net472\videoos.universal.utilities.unittests.dll" id="7233f679-3512-158a-9d61-b86e97dd7840">
      <Execution id="bd835125-5508-4c60-8720-8ba7a08cc45a" />
      <TestMethod codeBase="D:\actions-runner\_work\XPCO\XPCO\Common\VideoOS.Universal\VideoOS.Universal.Utilities.UnitTests\bin\Debug\net472\VideoOS.Universal.Utilities.UnitTests.dll" adapterTypeName="executor://mstestadapter/v2" className="VideoOS.Universal.Utilities.UnitTests.Configuration.ApplicationConfiguration.ApplicationConfigurationTests" name="GetAppConfigValueOrDefault_String_KnownKeyAccessedMultipleTimes_ReturnsUpdatedValueWhenCacheIsCleared" />
    </UnitTest>
    <UnitTest name="GetAppConfigValueOrDefault_Enum_UnknownKey_ReturnsDefaultValue" storage="d:\actions-runner\_work\xpco\xpco\common\videoos.universal\videoos.universal.utilities.unittests\bin\debug\net472\videoos.universal.utilities.unittests.dll" id="61b8dd52-f93a-8ff9-4689-849ae6f51466">
      <Execution id="98605d7b-418c-45ff-a831-c791b72616c1" />
      <TestMethod codeBase="D:\actions-runner\_work\XPCO\XPCO\Common\VideoOS.Universal\VideoOS.Universal.Utilities.UnitTests\bin\Debug\net472\VideoOS.Universal.Utilities.UnitTests.dll" adapterTypeName="executor://mstestadapter/v2" className="VideoOS.Universal.Utilities.UnitTests.Configuration.ApplicationConfiguration.ApplicationConfigurationTests" name="GetAppConfigValueOrDefault_Enum_UnknownKey_ReturnsDefaultValue" />
    </UnitTest>
    <UnitTest name="GetAppConfigValueOrDefault_String_KnownKeyAccessedMultipleTimes_ReturnsCachedValue" storage="d:\actions-runner\_work\xpco\xpco\common\videoos.universal\videoos.universal.utilities.unittests\bin\debug\net472\videoos.universal.utilities.unittests.dll" id="e6326402-bfd9-d812-fb57-4e4baf540e37">
      <Execution id="52c90c33-cc5f-4e3a-aefa-dbc5e8d44aeb" />
      <TestMethod codeBase="D:\actions-runner\_work\XPCO\XPCO\Common\VideoOS.Universal\VideoOS.Universal.Utilities.UnitTests\bin\Debug\net472\VideoOS.Universal.Utilities.UnitTests.dll" adapterTypeName="executor://mstestadapter/v2" className="VideoOS.Universal.Utilities.UnitTests.Configuration.ApplicationConfiguration.ApplicationConfigurationTests" name="GetAppConfigValueOrDefault_String_KnownKeyAccessedMultipleTimes_ReturnsCachedValue" />
    </UnitTest>
    <UnitTest name="GetAppConfigValueOrDefault_Double_KnownKeyWithAllowedValues_ReturnsOnlyAllowedValues" storage="d:\actions-runner\_work\xpco\xpco\common\videoos.universal\videoos.universal.utilities.unittests\bin\debug\net472\videoos.universal.utilities.unittests.dll" id="6a54e572-0ea3-23f1-4d91-cd55ad0f94c2">
      <Execution id="d5a59ba0-aa54-4647-833f-db33c84a569a" />
      <TestMethod codeBase="D:\actions-runner\_work\XPCO\XPCO\Common\VideoOS.Universal\VideoOS.Universal.Utilities.UnitTests\bin\Debug\net472\VideoOS.Universal.Utilities.UnitTests.dll" adapterTypeName="executor://mstestadapter/v2" className="VideoOS.Universal.Utilities.UnitTests.Configuration.ApplicationConfiguration.ApplicationConfigurationTests" name="GetAppConfigValueOrDefault_Double_KnownKeyWithAllowedValues_ReturnsOnlyAllowedValues" />
    </UnitTest>
    <UnitTest name="GetAppConfigValueOrDefault_Double_KnownKeyAccessedMultipleTimes_ReturnsCachedValue" storage="d:\actions-runner\_work\xpco\xpco\common\videoos.universal\videoos.universal.utilities.unittests\bin\debug\net472\videoos.universal.utilities.unittests.dll" id="9e887f99-afa7-c0da-24f2-53cc5e15cbd1">
      <Execution id="6aae1b33-5835-464a-9f74-a223471f44c1" />
      <TestMethod codeBase="D:\actions-runner\_work\XPCO\XPCO\Common\VideoOS.Universal\VideoOS.Universal.Utilities.UnitTests\bin\Debug\net472\VideoOS.Universal.Utilities.UnitTests.dll" adapterTypeName="executor://mstestadapter/v2" className="VideoOS.Universal.Utilities.UnitTests.Configuration.ApplicationConfiguration.ApplicationConfigurationTests" name="GetAppConfigValueOrDefault_Double_KnownKeyAccessedMultipleTimes_ReturnsCachedValue" />
    </UnitTest>
    <UnitTest name="GetAppConfigValueOrDefault_Enum_KnownKey_ReturnsCorrectValue" storage="d:\actions-runner\_work\xpco\xpco\common\videoos.universal\videoos.universal.utilities.unittests\bin\debug\net472\videoos.universal.utilities.unittests.dll" id="091a1fc3-88ba-3958-1b4e-60556be24e3b">
      <Execution id="bd604cc9-0e5f-4574-82c0-8f6146f90377" />
      <TestMethod codeBase="D:\actions-runner\_work\XPCO\XPCO\Common\VideoOS.Universal\VideoOS.Universal.Utilities.UnitTests\bin\Debug\net472\VideoOS.Universal.Utilities.UnitTests.dll" adapterTypeName="executor://mstestadapter/v2" className="VideoOS.Universal.Utilities.UnitTests.Configuration.ApplicationConfiguration.ApplicationConfigurationTests" name="GetAppConfigValueOrDefault_Enum_KnownKey_ReturnsCorrectValue" />
    </UnitTest>
    <UnitTest name="GetAppConfigValueOrDefault_TimeSpan_UnknownKey_ReturnsDefaultValue" storage="d:\actions-runner\_work\xpco\xpco\common\videoos.universal\videoos.universal.utilities.unittests\bin\debug\net472\videoos.universal.utilities.unittests.dll" id="ee0be6d8-16f3-3f50-b66a-3f0af0ca967c">
      <Execution id="c7735a02-e046-4120-8b1e-c537e56abfb0" />
      <TestMethod codeBase="D:\actions-runner\_work\XPCO\XPCO\Common\VideoOS.Universal\VideoOS.Universal.Utilities.UnitTests\bin\Debug\net472\VideoOS.Universal.Utilities.UnitTests.dll" adapterTypeName="executor://mstestadapter/v2" className="VideoOS.Universal.Utilities.UnitTests.Configuration.ApplicationConfiguration.ApplicationConfigurationTests" name="GetAppConfigValueOrDefault_TimeSpan_UnknownKey_ReturnsDefaultValue" />
    </UnitTest>
    <UnitTest name="GetAppConfigValueOrDefault_Integer_KnownKeyWithMinAndMaxValues_ReturnsOnlyAllowedValues" storage="d:\actions-runner\_work\xpco\xpco\common\videoos.universal\videoos.universal.utilities.unittests\bin\debug\net472\videoos.universal.utilities.unittests.dll" id="2c6d17cd-ae7f-595b-d5bb-43e03706f304">
      <Execution id="601de8ca-03b0-4872-8a61-33d1ccd02c14" />
      <TestMethod codeBase="D:\actions-runner\_work\XPCO\XPCO\Common\VideoOS.Universal\VideoOS.Universal.Utilities.UnitTests\bin\Debug\net472\VideoOS.Universal.Utilities.UnitTests.dll" adapterTypeName="executor://mstestadapter/v2" className="VideoOS.Universal.Utilities.UnitTests.Configuration.ApplicationConfiguration.ApplicationConfigurationTests" name="GetAppConfigValueOrDefault_Integer_KnownKeyWithMinAndMaxValues_ReturnsOnlyAllowedValues" />
    </UnitTest>
    <UnitTest name="GetAppConfigValueOrDefault_Double_KnownKeyWithMinAndMaxValues_ReturnsOnlyAllowedValues" storage="d:\actions-runner\_work\xpco\xpco\common\videoos.universal\videoos.universal.utilities.unittests\bin\debug\net472\videoos.universal.utilities.unittests.dll" id="ac230ab8-5c42-3ae1-3c38-3537fec03817">
      <Execution id="7cf8645b-9df0-40cc-b508-3c6fdbb092a0" />
      <TestMethod codeBase="D:\actions-runner\_work\XPCO\XPCO\Common\VideoOS.Universal\VideoOS.Universal.Utilities.UnitTests\bin\Debug\net472\VideoOS.Universal.Utilities.UnitTests.dll" adapterTypeName="executor://mstestadapter/v2" className="VideoOS.Universal.Utilities.UnitTests.Configuration.ApplicationConfiguration.ApplicationConfigurationTests" name="GetAppConfigValueOrDefault_Double_KnownKeyWithMinAndMaxValues_ReturnsOnlyAllowedValues" />
    </UnitTest>
    <UnitTest name="GetAppConfigValueOrDefault_TimeSpan_KnownKeyWithMinAndMaxValues_ReturnsOnlyAllowedValues" storage="d:\actions-runner\_work\xpco\xpco\common\videoos.universal\videoos.universal.utilities.unittests\bin\debug\net472\videoos.universal.utilities.unittests.dll" id="08506604-191e-fff1-e3a2-267bde7280da">
      <Execution id="6e7ef342-4195-4137-9a3d-bb672432e5e6" />
      <TestMethod codeBase="D:\actions-runner\_work\XPCO\XPCO\Common\VideoOS.Universal\VideoOS.Universal.Utilities.UnitTests\bin\Debug\net472\VideoOS.Universal.Utilities.UnitTests.dll" adapterTypeName="executor://mstestadapter/v2" className="VideoOS.Universal.Utilities.UnitTests.Configuration.ApplicationConfiguration.ApplicationConfigurationTests" name="GetAppConfigValueOrDefault_TimeSpan_KnownKeyWithMinAndMaxValues_ReturnsOnlyAllowedValues" />
    </UnitTest>
    <UnitTest name="GetAppConfigValueOrDefault_Double_NullKey_ThrowsArgumentNullException" storage="d:\actions-runner\_work\xpco\xpco\common\videoos.universal\videoos.universal.utilities.unittests\bin\debug\net472\videoos.universal.utilities.unittests.dll" id="a062667e-6aef-720a-f8be-8a70eb73be75">
      <Execution id="baf780a4-d76a-49f2-9241-123d78597a7e" />
      <TestMethod codeBase="D:\actions-runner\_work\XPCO\XPCO\Common\VideoOS.Universal\VideoOS.Universal.Utilities.UnitTests\bin\Debug\net472\VideoOS.Universal.Utilities.UnitTests.dll" adapterTypeName="executor://mstestadapter/v2" className="VideoOS.Universal.Utilities.UnitTests.Configuration.ApplicationConfiguration.ApplicationConfigurationTests" name="GetAppConfigValueOrDefault_Double_NullKey_ThrowsArgumentNullException" />
    </UnitTest>
    <UnitTest name="GetAppConfigValueOrDefault_Boolean_UnknownKey_ReturnsDefaultValue" storage="d:\actions-runner\_work\xpco\xpco\common\videoos.universal\videoos.universal.utilities.unittests\bin\debug\net472\videoos.universal.utilities.unittests.dll" id="ecbffb9d-d6c8-713a-829f-718f52e882c8">
      <Execution id="60b101eb-4721-4972-ad16-169c8eba926e" />
      <TestMethod codeBase="D:\actions-runner\_work\XPCO\XPCO\Common\VideoOS.Universal\VideoOS.Universal.Utilities.UnitTests\bin\Debug\net472\VideoOS.Universal.Utilities.UnitTests.dll" adapterTypeName="executor://mstestadapter/v2" className="VideoOS.Universal.Utilities.UnitTests.Configuration.ApplicationConfiguration.ApplicationConfigurationTests" name="GetAppConfigValueOrDefault_Boolean_UnknownKey_ReturnsDefaultValue" />
    </UnitTest>
    <UnitTest name="GetAppConfigValueOrDefault_Boolean_KnownKeyWithInvalidValues_ReturnsDefaultValues" storage="d:\actions-runner\_work\xpco\xpco\common\videoos.universal\videoos.universal.utilities.unittests\bin\debug\net472\videoos.universal.utilities.unittests.dll" id="4b7d67fc-30b8-7ae5-b6f7-f88bada77b1c">
      <Execution id="b5aaa935-a11e-47e2-ae50-6994066cde39" />
      <TestMethod codeBase="D:\actions-runner\_work\XPCO\XPCO\Common\VideoOS.Universal\VideoOS.Universal.Utilities.UnitTests\bin\Debug\net472\VideoOS.Universal.Utilities.UnitTests.dll" adapterTypeName="executor://mstestadapter/v2" className="VideoOS.Universal.Utilities.UnitTests.Configuration.ApplicationConfiguration.ApplicationConfigurationTests" name="GetAppConfigValueOrDefault_Boolean_KnownKeyWithInvalidValues_ReturnsDefaultValues" />
    </UnitTest>
    <UnitTest name="GetAppConfigValueOrDefault_Integer_UnknownKey_ReturnsDefaultValue" storage="d:\actions-runner\_work\xpco\xpco\common\videoos.universal\videoos.universal.utilities.unittests\bin\debug\net472\videoos.universal.utilities.unittests.dll" id="b7d1f5af-c647-b8ee-21be-1a915ae3f9ab">
      <Execution id="b81a1c9e-47a9-4daa-a34a-2502e51123ae" />
      <TestMethod codeBase="D:\actions-runner\_work\XPCO\XPCO\Common\VideoOS.Universal\VideoOS.Universal.Utilities.UnitTests\bin\Debug\net472\VideoOS.Universal.Utilities.UnitTests.dll" adapterTypeName="executor://mstestadapter/v2" className="VideoOS.Universal.Utilities.UnitTests.Configuration.ApplicationConfiguration.ApplicationConfigurationTests" name="GetAppConfigValueOrDefault_Integer_UnknownKey_ReturnsDefaultValue" />
    </UnitTest>
    <UnitTest name="GetAppConfigValueOrDefault_String_NullKey_ThrowsArgumentNullException" storage="d:\actions-runner\_work\xpco\xpco\common\videoos.universal\videoos.universal.utilities.unittests\bin\debug\net472\videoos.universal.utilities.unittests.dll" id="d6f121b9-62dd-3b17-cd01-1822add3d9d8">
      <Execution id="a41e399c-3936-403d-9d00-1f4ca6b7a473" />
      <TestMethod codeBase="D:\actions-runner\_work\XPCO\XPCO\Common\VideoOS.Universal\VideoOS.Universal.Utilities.UnitTests\bin\Debug\net472\VideoOS.Universal.Utilities.UnitTests.dll" adapterTypeName="executor://mstestadapter/v2" className="VideoOS.Universal.Utilities.UnitTests.Configuration.ApplicationConfiguration.ApplicationConfigurationTests" name="GetAppConfigValueOrDefault_String_NullKey_ThrowsArgumentNullException" />
    </UnitTest>
    <UnitTest name="GetAppConfigValueOrDefault_Integer_KnownKeyWithInvalidValues_ReturnsDefaultValues" storage="d:\actions-runner\_work\xpco\xpco\common\videoos.universal\videoos.universal.utilities.unittests\bin\debug\net472\videoos.universal.utilities.unittests.dll" id="210800d1-ccf8-61aa-bc61-27c7d56b1d8b">
      <Execution id="5de45aad-8315-48b7-ab7a-f0f819ce104d" />
      <TestMethod codeBase="D:\actions-runner\_work\XPCO\XPCO\Common\VideoOS.Universal\VideoOS.Universal.Utilities.UnitTests\bin\Debug\net472\VideoOS.Universal.Utilities.UnitTests.dll" adapterTypeName="executor://mstestadapter/v2" className="VideoOS.Universal.Utilities.UnitTests.Configuration.ApplicationConfiguration.ApplicationConfigurationTests" name="GetAppConfigValueOrDefault_Integer_KnownKeyWithInvalidValues_ReturnsDefaultValues" />
    </UnitTest>
    <UnitTest name="GetAppConfigValueOrDefault_TimeSpan_KnownKeyWithAllowedValues_ReturnsOnlyAllowedValues" storage="d:\actions-runner\_work\xpco\xpco\common\videoos.universal\videoos.universal.utilities.unittests\bin\debug\net472\videoos.universal.utilities.unittests.dll" id="10da6535-9079-2bfc-3d51-558a5307bc16">
      <Execution id="39a7fd1d-6eee-4d60-a1dc-41af6c574942" />
      <TestMethod codeBase="D:\actions-runner\_work\XPCO\XPCO\Common\VideoOS.Universal\VideoOS.Universal.Utilities.UnitTests\bin\Debug\net472\VideoOS.Universal.Utilities.UnitTests.dll" adapterTypeName="executor://mstestadapter/v2" className="VideoOS.Universal.Utilities.UnitTests.Configuration.ApplicationConfiguration.ApplicationConfigurationTests" name="GetAppConfigValueOrDefault_TimeSpan_KnownKeyWithAllowedValues_ReturnsOnlyAllowedValues" />
    </UnitTest>
    <UnitTest name="GetAppConfigValueOrDefault_Enum_KnownKeyWithInvalidValues_ReturnsDefaultValues" storage="d:\actions-runner\_work\xpco\xpco\common\videoos.universal\videoos.universal.utilities.unittests\bin\debug\net472\videoos.universal.utilities.unittests.dll" id="9a296515-bd8f-5327-6ce3-e992e3edb30a">
      <Execution id="282c03b3-6a9f-4a7d-88cb-8b4be482bc5c" />
      <TestMethod codeBase="D:\actions-runner\_work\XPCO\XPCO\Common\VideoOS.Universal\VideoOS.Universal.Utilities.UnitTests\bin\Debug\net472\VideoOS.Universal.Utilities.UnitTests.dll" adapterTypeName="executor://mstestadapter/v2" className="VideoOS.Universal.Utilities.UnitTests.Configuration.ApplicationConfiguration.ApplicationConfigurationTests" name="GetAppConfigValueOrDefault_Enum_KnownKeyWithInvalidValues_ReturnsDefaultValues" />
    </UnitTest>
    <UnitTest name="GetAppConfigValueOrDefault_String_KnownKeyWithAllowedValues_ReturnsOnlyAllowedValues" storage="d:\actions-runner\_work\xpco\xpco\common\videoos.universal\videoos.universal.utilities.unittests\bin\debug\net472\videoos.universal.utilities.unittests.dll" id="1ca164fc-b465-9318-3a63-691e0f77382a">
      <Execution id="7080e178-6357-43e1-98bd-db350e36e3b1" />
      <TestMethod codeBase="D:\actions-runner\_work\XPCO\XPCO\Common\VideoOS.Universal\VideoOS.Universal.Utilities.UnitTests\bin\Debug\net472\VideoOS.Universal.Utilities.UnitTests.dll" adapterTypeName="executor://mstestadapter/v2" className="VideoOS.Universal.Utilities.UnitTests.Configuration.ApplicationConfiguration.ApplicationConfigurationTests" name="GetAppConfigValueOrDefault_String_KnownKeyWithAllowedValues_ReturnsOnlyAllowedValues" />
    </UnitTest>
    <UnitTest name="GetAppConfigValueOrDefault_Integer_KnownKeyWithMinValue_ReturnsOnlyAllowedValues" storage="d:\actions-runner\_work\xpco\xpco\common\videoos.universal\videoos.universal.utilities.unittests\bin\debug\net472\videoos.universal.utilities.unittests.dll" id="843ad744-d903-f73e-9361-d71146fe9024">
      <Execution id="b363407a-35f3-464d-9632-d6910c841d90" />
      <TestMethod codeBase="D:\actions-runner\_work\XPCO\XPCO\Common\VideoOS.Universal\VideoOS.Universal.Utilities.UnitTests\bin\Debug\net472\VideoOS.Universal.Utilities.UnitTests.dll" adapterTypeName="executor://mstestadapter/v2" className="VideoOS.Universal.Utilities.UnitTests.Configuration.ApplicationConfiguration.ApplicationConfigurationTests" name="GetAppConfigValueOrDefault_Integer_KnownKeyWithMinValue_ReturnsOnlyAllowedValues" />
    </UnitTest>
    <UnitTest name="GetAppConfigValueOrDefault_Double_UnknownKey_ReturnsDefaultValue" storage="d:\actions-runner\_work\xpco\xpco\common\videoos.universal\videoos.universal.utilities.unittests\bin\debug\net472\videoos.universal.utilities.unittests.dll" id="a9b64fd4-9f83-3f94-da29-933fa92245d3">
      <Execution id="c94d56fd-0318-4ccd-b140-1b31846881c0" />
      <TestMethod codeBase="D:\actions-runner\_work\XPCO\XPCO\Common\VideoOS.Universal\VideoOS.Universal.Utilities.UnitTests\bin\Debug\net472\VideoOS.Universal.Utilities.UnitTests.dll" adapterTypeName="executor://mstestadapter/v2" className="VideoOS.Universal.Utilities.UnitTests.Configuration.ApplicationConfiguration.ApplicationConfigurationTests" name="GetAppConfigValueOrDefault_Double_UnknownKey_ReturnsDefaultValue" />
    </UnitTest>
    <UnitTest name="GetAppConfigValueOrDefault_Integer_KnownKey_ReturnsCorrectValue" storage="d:\actions-runner\_work\xpco\xpco\common\videoos.universal\videoos.universal.utilities.unittests\bin\debug\net472\videoos.universal.utilities.unittests.dll" id="afc949a2-5ce4-35fb-7dba-159335162b83">
      <Execution id="cd5e87c4-6b7f-435f-82df-9b33281a229e" />
      <TestMethod codeBase="D:\actions-runner\_work\XPCO\XPCO\Common\VideoOS.Universal\VideoOS.Universal.Utilities.UnitTests\bin\Debug\net472\VideoOS.Universal.Utilities.UnitTests.dll" adapterTypeName="executor://mstestadapter/v2" className="VideoOS.Universal.Utilities.UnitTests.Configuration.ApplicationConfiguration.ApplicationConfigurationTests" name="GetAppConfigValueOrDefault_Integer_KnownKey_ReturnsCorrectValue" />
    </UnitTest>
    <UnitTest name="GetAppConfigValueOrDefault_Double_KnownKey_ReturnsCorrectValue" storage="d:\actions-runner\_work\xpco\xpco\common\videoos.universal\videoos.universal.utilities.unittests\bin\debug\net472\videoos.universal.utilities.unittests.dll" id="2ed15d1d-cf99-835a-9f67-0e00f8645c2c">
      <Execution id="8af6d1f8-7f65-47e4-a262-0b9683e8e936" />
      <TestMethod codeBase="D:\actions-runner\_work\XPCO\XPCO\Common\VideoOS.Universal\VideoOS.Universal.Utilities.UnitTests\bin\Debug\net472\VideoOS.Universal.Utilities.UnitTests.dll" adapterTypeName="executor://mstestadapter/v2" className="VideoOS.Universal.Utilities.UnitTests.Configuration.ApplicationConfiguration.ApplicationConfigurationTests" name="GetAppConfigValueOrDefault_Double_KnownKey_ReturnsCorrectValue" />
    </UnitTest>
    <UnitTest name="GetAppConfigValueOrDefault_Integer_KnownKeyAccessedMultipleTimes_ReturnsCachedValue" storage="d:\actions-runner\_work\xpco\xpco\common\videoos.universal\videoos.universal.utilities.unittests\bin\debug\net472\videoos.universal.utilities.unittests.dll" id="e12fb247-7933-16cf-f508-fe360e927685">
      <Execution id="62b55d00-e804-43f0-80df-ae786c7a0398" />
      <TestMethod codeBase="D:\actions-runner\_work\XPCO\XPCO\Common\VideoOS.Universal\VideoOS.Universal.Utilities.UnitTests\bin\Debug\net472\VideoOS.Universal.Utilities.UnitTests.dll" adapterTypeName="executor://mstestadapter/v2" className="VideoOS.Universal.Utilities.UnitTests.Configuration.ApplicationConfiguration.ApplicationConfigurationTests" name="GetAppConfigValueOrDefault_Integer_KnownKeyAccessedMultipleTimes_ReturnsCachedValue" />
    </UnitTest>
    <UnitTest name="GetAppConfigValueOrDefault_TimeSpan_KnownKeyAccessedMultipleTimes_ReturnsCachedValue" storage="d:\actions-runner\_work\xpco\xpco\common\videoos.universal\videoos.universal.utilities.unittests\bin\debug\net472\videoos.universal.utilities.unittests.dll" id="728cb314-4370-b897-d24b-af7d8d2330ab">
      <Execution id="0ab739ad-92c5-4647-b1e1-d0ed265cb9aa" />
      <TestMethod codeBase="D:\actions-runner\_work\XPCO\XPCO\Common\VideoOS.Universal\VideoOS.Universal.Utilities.UnitTests\bin\Debug\net472\VideoOS.Universal.Utilities.UnitTests.dll" adapterTypeName="executor://mstestadapter/v2" className="VideoOS.Universal.Utilities.UnitTests.Configuration.ApplicationConfiguration.ApplicationConfigurationTests" name="GetAppConfigValueOrDefault_TimeSpan_KnownKeyAccessedMultipleTimes_ReturnsCachedValue" />
    </UnitTest>
    <UnitTest name="GetAppConfigValueOrDefault_Integer_KnownKeyAccessedMultipleTimes_ReturnsUpdatedValueWhenCacheIsCleared" storage="d:\actions-runner\_work\xpco\xpco\common\videoos.universal\videoos.universal.utilities.unittests\bin\debug\net472\videoos.universal.utilities.unittests.dll" id="42a97528-fca3-7fad-95d3-4bc95198b880">
      <Execution id="5ba4909c-d1d5-4feb-b530-bc11073dfb73" />
      <TestMethod codeBase="D:\actions-runner\_work\XPCO\XPCO\Common\VideoOS.Universal\VideoOS.Universal.Utilities.UnitTests\bin\Debug\net472\VideoOS.Universal.Utilities.UnitTests.dll" adapterTypeName="executor://mstestadapter/v2" className="VideoOS.Universal.Utilities.UnitTests.Configuration.ApplicationConfiguration.ApplicationConfigurationTests" name="GetAppConfigValueOrDefault_Integer_KnownKeyAccessedMultipleTimes_ReturnsUpdatedValueWhenCacheIsCleared" />
    </UnitTest>
    <UnitTest name="GetAppConfigValueOrDefault_String_UnknownKey_ReturnsDefaultValue" storage="d:\actions-runner\_work\xpco\xpco\common\videoos.universal\videoos.universal.utilities.unittests\bin\debug\net472\videoos.universal.utilities.unittests.dll" id="a4fa4d09-ed98-c781-c7fa-246e8bf5b32b">
      <Execution id="6e622fff-f707-4417-8730-7d8032779db6" />
      <TestMethod codeBase="D:\actions-runner\_work\XPCO\XPCO\Common\VideoOS.Universal\VideoOS.Universal.Utilities.UnitTests\bin\Debug\net472\VideoOS.Universal.Utilities.UnitTests.dll" adapterTypeName="executor://mstestadapter/v2" className="VideoOS.Universal.Utilities.UnitTests.Configuration.ApplicationConfiguration.ApplicationConfigurationTests" name="GetAppConfigValueOrDefault_String_UnknownKey_ReturnsDefaultValue" />
    </UnitTest>
    <UnitTest name="GetAppConfigValueOrDefault_Enum_NullKey_ThrowsArgumentNullException" storage="d:\actions-runner\_work\xpco\xpco\common\videoos.universal\videoos.universal.utilities.unittests\bin\debug\net472\videoos.universal.utilities.unittests.dll" id="66313b81-95d3-89a0-d5c6-0970e07e1abc">
      <Execution id="7e8354bf-1552-484a-9e26-4bae9328e158" />
      <TestMethod codeBase="D:\actions-runner\_work\XPCO\XPCO\Common\VideoOS.Universal\VideoOS.Universal.Utilities.UnitTests\bin\Debug\net472\VideoOS.Universal.Utilities.UnitTests.dll" adapterTypeName="executor://mstestadapter/v2" className="VideoOS.Universal.Utilities.UnitTests.Configuration.ApplicationConfiguration.ApplicationConfigurationTests" name="GetAppConfigValueOrDefault_Enum_NullKey_ThrowsArgumentNullException" />
    </UnitTest>
    <UnitTest name="GetAppConfigValueOrDefault_Double_KnownKeyAccessedMultipleTimes_ReturnsUpdatedValueWhenCacheIsCleared" storage="d:\actions-runner\_work\xpco\xpco\common\videoos.universal\videoos.universal.utilities.unittests\bin\debug\net472\videoos.universal.utilities.unittests.dll" id="34de4435-b1db-9488-14f7-387e4f25f332">
      <Execution id="13467415-8ba4-46fc-9036-ed630434b849" />
      <TestMethod codeBase="D:\actions-runner\_work\XPCO\XPCO\Common\VideoOS.Universal\VideoOS.Universal.Utilities.UnitTests\bin\Debug\net472\VideoOS.Universal.Utilities.UnitTests.dll" adapterTypeName="executor://mstestadapter/v2" className="VideoOS.Universal.Utilities.UnitTests.Configuration.ApplicationConfiguration.ApplicationConfigurationTests" name="GetAppConfigValueOrDefault_Double_KnownKeyAccessedMultipleTimes_ReturnsUpdatedValueWhenCacheIsCleared" />
    </UnitTest>
    <UnitTest name="GetAppConfigValueOrDefault_Boolean_KnownKeyWithAllValidValues_ReturnsCorrectValues" storage="d:\actions-runner\_work\xpco\xpco\common\videoos.universal\videoos.universal.utilities.unittests\bin\debug\net472\videoos.universal.utilities.unittests.dll" id="b0441781-c253-e359-951d-574b5fa10696">
      <Execution id="081d13ba-9bca-4cac-92ba-deccf490e6ff" />
      <TestMethod codeBase="D:\actions-runner\_work\XPCO\XPCO\Common\VideoOS.Universal\VideoOS.Universal.Utilities.UnitTests\bin\Debug\net472\VideoOS.Universal.Utilities.UnitTests.dll" adapterTypeName="executor://mstestadapter/v2" className="VideoOS.Universal.Utilities.UnitTests.Configuration.ApplicationConfiguration.ApplicationConfigurationTests" name="GetAppConfigValueOrDefault_Boolean_KnownKeyWithAllValidValues_ReturnsCorrectValues" />
    </UnitTest>
    <UnitTest name="GetAppConfigValueOrDefault_Boolean_KnownKeyAccessedMultipleTimes_ReturnsCachedValue" storage="d:\actions-runner\_work\xpco\xpco\common\videoos.universal\videoos.universal.utilities.unittests\bin\debug\net472\videoos.universal.utilities.unittests.dll" id="0d0b1de0-0a59-96ca-7d2d-bca519274740">
      <Execution id="3703ac3e-bff8-4d3b-8870-68b8391da40c" />
      <TestMethod codeBase="D:\actions-runner\_work\XPCO\XPCO\Common\VideoOS.Universal\VideoOS.Universal.Utilities.UnitTests\bin\Debug\net472\VideoOS.Universal.Utilities.UnitTests.dll" adapterTypeName="executor://mstestadapter/v2" className="VideoOS.Universal.Utilities.UnitTests.Configuration.ApplicationConfiguration.ApplicationConfigurationTests" name="GetAppConfigValueOrDefault_Boolean_KnownKeyAccessedMultipleTimes_ReturnsCachedValue" />
    </UnitTest>
    <UnitTest name="GetAppConfigValueOrDefault_TimeSpan_KnownKeyWithMinValue_ReturnsOnlyAllowedValues" storage="d:\actions-runner\_work\xpco\xpco\common\videoos.universal\videoos.universal.utilities.unittests\bin\debug\net472\videoos.universal.utilities.unittests.dll" id="3c6202cd-07f4-5084-a843-029ab69001f2">
      <Execution id="2e137f92-d718-48d8-927b-fdfeb66ab61f" />
      <TestMethod codeBase="D:\actions-runner\_work\XPCO\XPCO\Common\VideoOS.Universal\VideoOS.Universal.Utilities.UnitTests\bin\Debug\net472\VideoOS.Universal.Utilities.UnitTests.dll" adapterTypeName="executor://mstestadapter/v2" className="VideoOS.Universal.Utilities.UnitTests.Configuration.ApplicationConfiguration.ApplicationConfigurationTests" name="GetAppConfigValueOrDefault_TimeSpan_KnownKeyWithMinValue_ReturnsOnlyAllowedValues" />
    </UnitTest>
    <UnitTest name="GetAppConfigValueOrDefault_Enum_KnownKeyAccessedMultipleTimes_ReturnsCachedValue" storage="d:\actions-runner\_work\xpco\xpco\common\videoos.universal\videoos.universal.utilities.unittests\bin\debug\net472\videoos.universal.utilities.unittests.dll" id="c1e495bf-69bb-2e80-a4ef-cd9a4f93c416">
      <Execution id="b98cb5ab-b61a-4f0c-ba64-0dc563fb5221" />
      <TestMethod codeBase="D:\actions-runner\_work\XPCO\XPCO\Common\VideoOS.Universal\VideoOS.Universal.Utilities.UnitTests\bin\Debug\net472\VideoOS.Universal.Utilities.UnitTests.dll" adapterTypeName="executor://mstestadapter/v2" className="VideoOS.Universal.Utilities.UnitTests.Configuration.ApplicationConfiguration.ApplicationConfigurationTests" name="GetAppConfigValueOrDefault_Enum_KnownKeyAccessedMultipleTimes_ReturnsCachedValue" />
    </UnitTest>
    <UnitTest name="GetAppConfigValueOrDefault_Double_KnownKeyWithMinValue_ReturnsOnlyAllowedValues" storage="d:\actions-runner\_work\xpco\xpco\common\videoos.universal\videoos.universal.utilities.unittests\bin\debug\net472\videoos.universal.utilities.unittests.dll" id="282a16a4-4222-a608-c460-32e87fe689b1">
      <Execution id="4100d78b-200e-4acb-84e9-006f9adae2b7" />
      <TestMethod codeBase="D:\actions-runner\_work\XPCO\XPCO\Common\VideoOS.Universal\VideoOS.Universal.Utilities.UnitTests\bin\Debug\net472\VideoOS.Universal.Utilities.UnitTests.dll" adapterTypeName="executor://mstestadapter/v2" className="VideoOS.Universal.Utilities.UnitTests.Configuration.ApplicationConfiguration.ApplicationConfigurationTests" name="GetAppConfigValueOrDefault_Double_KnownKeyWithMinValue_ReturnsOnlyAllowedValues" />
    </UnitTest>
    <UnitTest name="GetAppConfigValueOrDefault_Integer_NullKey_ThrowsArgumentNullException" storage="d:\actions-runner\_work\xpco\xpco\common\videoos.universal\videoos.universal.utilities.unittests\bin\debug\net472\videoos.universal.utilities.unittests.dll" id="78249c29-d3d5-cbcc-3c80-97099010a0ae">
      <Execution id="7938a988-1fe9-4e67-87ea-b5c1f7e6072a" />
      <TestMethod codeBase="D:\actions-runner\_work\XPCO\XPCO\Common\VideoOS.Universal\VideoOS.Universal.Utilities.UnitTests\bin\Debug\net472\VideoOS.Universal.Utilities.UnitTests.dll" adapterTypeName="executor://mstestadapter/v2" className="VideoOS.Universal.Utilities.UnitTests.Configuration.ApplicationConfiguration.ApplicationConfigurationTests" name="GetAppConfigValueOrDefault_Integer_NullKey_ThrowsArgumentNullException" />
    </UnitTest>
  </TestDefinitions>
  <TestEntries>
    <TestEntry testId="ecbffb9d-d6c8-713a-829f-718f52e882c8" executionId="60b101eb-4721-4972-ad16-169c8eba926e" testListId="8c84fa94-04c1-424b-9868-57a2d4851a1d" />
    <TestEntry testId="210800d1-ccf8-61aa-bc61-27c7d56b1d8b" executionId="5de45aad-8315-48b7-ab7a-f0f819ce104d" testListId="8c84fa94-04c1-424b-9868-57a2d4851a1d" />
    <TestEntry testId="282a16a4-4222-a608-c460-32e87fe689b1" executionId="4100d78b-200e-4acb-84e9-006f9adae2b7" testListId="8c84fa94-04c1-424b-9868-57a2d4851a1d" />
    <TestEntry testId="ee0be6d8-16f3-3f50-b66a-3f0af0ca967c" executionId="c7735a02-e046-4120-8b1e-c537e56abfb0" testListId="8c84fa94-04c1-424b-9868-57a2d4851a1d" />
    <TestEntry testId="08506604-191e-fff1-e3a2-267bde7280da" executionId="6e7ef342-4195-4137-9a3d-bb672432e5e6" testListId="8c84fa94-04c1-424b-9868-57a2d4851a1d" />
    <TestEntry testId="363a8458-7d3f-212d-8e54-cac7ad188194" executionId="750659c6-3ce3-458e-a900-9a7bbc49128c" testListId="8c84fa94-04c1-424b-9868-57a2d4851a1d" />
    <TestEntry testId="30130d67-3675-8209-cea3-bbf76aecdad5" executionId="beb0651e-e8f3-4941-b8cc-c15ab873f491" testListId="8c84fa94-04c1-424b-9868-57a2d4851a1d" />
    <TestEntry testId="d6f121b9-62dd-3b17-cd01-1822add3d9d8" executionId="a41e399c-3936-403d-9d00-1f4ca6b7a473" testListId="8c84fa94-04c1-424b-9868-57a2d4851a1d" />
    <TestEntry testId="78249c29-d3d5-cbcc-3c80-97099010a0ae" executionId="7938a988-1fe9-4e67-87ea-b5c1f7e6072a" testListId="8c84fa94-04c1-424b-9868-57a2d4851a1d" />
    <TestEntry testId="091a1fc3-88ba-3958-1b4e-60556be24e3b" executionId="bd604cc9-0e5f-4574-82c0-8f6146f90377" testListId="8c84fa94-04c1-424b-9868-57a2d4851a1d" />
    <TestEntry testId="3c6202cd-07f4-5084-a843-029ab69001f2" executionId="2e137f92-d718-48d8-927b-fdfeb66ab61f" testListId="8c84fa94-04c1-424b-9868-57a2d4851a1d" />
    <TestEntry testId="047fbfb2-fc60-7d34-2bc2-d0c8bfbe7980" executionId="c70f397f-4c94-48e1-b903-b4adeb8af8b3" testListId="8c84fa94-04c1-424b-9868-57a2d4851a1d" />
    <TestEntry testId="601e8247-d9d7-da64-5c04-fa9cc29937f7" executionId="032a15ac-75d4-48bb-a7f7-8df8d9d50a7d" testListId="8c84fa94-04c1-424b-9868-57a2d4851a1d" />
    <TestEntry testId="42a97528-fca3-7fad-95d3-4bc95198b880" executionId="5ba4909c-d1d5-4feb-b530-bc11073dfb73" testListId="8c84fa94-04c1-424b-9868-57a2d4851a1d" />
    <TestEntry testId="a9b64fd4-9f83-3f94-da29-933fa92245d3" executionId="c94d56fd-0318-4ccd-b140-1b31846881c0" testListId="8c84fa94-04c1-424b-9868-57a2d4851a1d" />
    <TestEntry testId="9a296515-bd8f-5327-6ce3-e992e3edb30a" executionId="282c03b3-6a9f-4a7d-88cb-8b4be482bc5c" testListId="8c84fa94-04c1-424b-9868-57a2d4851a1d" />
    <TestEntry testId="6a54e572-0ea3-23f1-4d91-cd55ad0f94c2" executionId="d5a59ba0-aa54-4647-833f-db33c84a569a" testListId="8c84fa94-04c1-424b-9868-57a2d4851a1d" />
    <TestEntry testId="728cb314-4370-b897-d24b-af7d8d2330ab" executionId="0ab739ad-92c5-4647-b1e1-d0ed265cb9aa" testListId="8c84fa94-04c1-424b-9868-57a2d4851a1d" />
    <TestEntry testId="61b8dd52-f93a-8ff9-4689-849ae6f51466" executionId="98605d7b-418c-45ff-a831-c791b72616c1" testListId="8c84fa94-04c1-424b-9868-57a2d4851a1d" />
    <TestEntry testId="ab4ac729-52d3-ac00-c10c-492f64a8f9ff" executionId="abc0ae6c-3847-47f8-acd2-9ea12c207a34" testListId="8c84fa94-04c1-424b-9868-57a2d4851a1d" />
    <TestEntry testId="843ad744-d903-f73e-9361-d71146fe9024" executionId="b363407a-35f3-464d-9632-d6910c841d90" testListId="8c84fa94-04c1-424b-9868-57a2d4851a1d" />
    <TestEntry testId="e6326402-bfd9-d812-fb57-4e4baf540e37" executionId="52c90c33-cc5f-4e3a-aefa-dbc5e8d44aeb" testListId="8c84fa94-04c1-424b-9868-57a2d4851a1d" />
    <TestEntry testId="9ddcd75b-5e45-f092-870b-96bdc6d9c594" executionId="cdadb61f-1bc3-4697-bbbe-2ac4b159184b" testListId="8c84fa94-04c1-424b-9868-57a2d4851a1d" />
    <TestEntry testId="10da6535-9079-2bfc-3d51-558a5307bc16" executionId="39a7fd1d-6eee-4d60-a1dc-41af6c574942" testListId="8c84fa94-04c1-424b-9868-57a2d4851a1d" />
    <TestEntry testId="0d0b1de0-0a59-96ca-7d2d-bca519274740" executionId="3703ac3e-bff8-4d3b-8870-68b8391da40c" testListId="8c84fa94-04c1-424b-9868-57a2d4851a1d" />
    <TestEntry testId="34de4435-b1db-9488-14f7-387e4f25f332" executionId="13467415-8ba4-46fc-9036-ed630434b849" testListId="8c84fa94-04c1-424b-9868-57a2d4851a1d" />
    <TestEntry testId="1ca164fc-b465-9318-3a63-691e0f77382a" executionId="7080e178-6357-43e1-98bd-db350e36e3b1" testListId="8c84fa94-04c1-424b-9868-57a2d4851a1d" />
    <TestEntry testId="2ed15d1d-cf99-835a-9f67-0e00f8645c2c" executionId="8af6d1f8-7f65-47e4-a262-0b9683e8e936" testListId="8c84fa94-04c1-424b-9868-57a2d4851a1d" />
    <TestEntry testId="a4fa4d09-ed98-c781-c7fa-246e8bf5b32b" executionId="6e622fff-f707-4417-8730-7d8032779db6" testListId="8c84fa94-04c1-424b-9868-57a2d4851a1d" />
    <TestEntry testId="40a5c975-37e8-bc73-1ac5-8e72790a48bb" executionId="534beacf-9c27-40da-8321-9d311b7a61b5" testListId="8c84fa94-04c1-424b-9868-57a2d4851a1d" />
    <TestEntry testId="b7d1f5af-c647-b8ee-21be-1a915ae3f9ab" executionId="b81a1c9e-47a9-4daa-a34a-2502e51123ae" testListId="8c84fa94-04c1-424b-9868-57a2d4851a1d" />
    <TestEntry testId="9e887f99-afa7-c0da-24f2-53cc5e15cbd1" executionId="6aae1b33-5835-464a-9f74-a223471f44c1" testListId="8c84fa94-04c1-424b-9868-57a2d4851a1d" />
    <TestEntry testId="afc949a2-5ce4-35fb-7dba-159335162b83" executionId="cd5e87c4-6b7f-435f-82df-9b33281a229e" testListId="8c84fa94-04c1-424b-9868-57a2d4851a1d" />
    <TestEntry testId="66313b81-95d3-89a0-d5c6-0970e07e1abc" executionId="7e8354bf-1552-484a-9e26-4bae9328e158" testListId="8c84fa94-04c1-424b-9868-57a2d4851a1d" />
    <TestEntry testId="ac230ab8-5c42-3ae1-3c38-3537fec03817" executionId="7cf8645b-9df0-40cc-b508-3c6fdbb092a0" testListId="8c84fa94-04c1-424b-9868-57a2d4851a1d" />
    <TestEntry testId="5c996a0d-fc09-a416-b6e7-8666282b6fb9" executionId="b7953ec4-fa66-4ad5-9fa3-1d15d2b6a7e4" testListId="8c84fa94-04c1-424b-9868-57a2d4851a1d" />
    <TestEntry testId="c1e495bf-69bb-2e80-a4ef-cd9a4f93c416" executionId="b98cb5ab-b61a-4f0c-ba64-0dc563fb5221" testListId="8c84fa94-04c1-424b-9868-57a2d4851a1d" />
    <TestEntry testId="7233f679-3512-158a-9d61-b86e97dd7840" executionId="bd835125-5508-4c60-8720-8ba7a08cc45a" testListId="8c84fa94-04c1-424b-9868-57a2d4851a1d" />
    <TestEntry testId="2c6d17cd-ae7f-595b-d5bb-43e03706f304" executionId="601de8ca-03b0-4872-8a61-33d1ccd02c14" testListId="8c84fa94-04c1-424b-9868-57a2d4851a1d" />
    <TestEntry testId="f22bbb2b-4d49-937f-3db8-6742e2421430" executionId="610edf0b-ab05-479c-83b2-24aaba1755ad" testListId="8c84fa94-04c1-424b-9868-57a2d4851a1d" />
    <TestEntry testId="b0441781-c253-e359-951d-574b5fa10696" executionId="081d13ba-9bca-4cac-92ba-deccf490e6ff" testListId="8c84fa94-04c1-424b-9868-57a2d4851a1d" />
    <TestEntry testId="9c03fbf1-c97a-e002-8455-5d6901c1b5f3" executionId="a7797f5d-aef2-4248-80e1-2f287bf51e7e" testListId="8c84fa94-04c1-424b-9868-57a2d4851a1d" />
    <TestEntry testId="a062667e-6aef-720a-f8be-8a70eb73be75" executionId="baf780a4-d76a-49f2-9241-123d78597a7e" testListId="8c84fa94-04c1-424b-9868-57a2d4851a1d" />
    <TestEntry testId="e12fb247-7933-16cf-f508-fe360e927685" executionId="62b55d00-e804-43f0-80df-ae786c7a0398" testListId="8c84fa94-04c1-424b-9868-57a2d4851a1d" />
    <TestEntry testId="55d38079-c647-aa67-edc3-81a0a20f56e3" executionId="e0fe70df-4661-4c91-94cc-9b83ebe98096" testListId="8c84fa94-04c1-424b-9868-57a2d4851a1d" />
    <TestEntry testId="4b7d67fc-30b8-7ae5-b6f7-f88bada77b1c" executionId="b5aaa935-a11e-47e2-ae50-6994066cde39" testListId="8c84fa94-04c1-424b-9868-57a2d4851a1d" />
  </TestEntries>
  <TestLists>
    <TestList name="Results Not in a List" id="8c84fa94-04c1-424b-9868-57a2d4851a1d" />
    <TestList name="All Loaded Results" id="19431567-8539-422a-85d7-44ee4e166bda" />
  </TestLists>
  <ResultSummary outcome="Completed">
    <Counters total="46" executed="46" passed="46" failed="0" error="0" timeout="0" aborted="0" inconclusive="0" passedButRunAborted="0" notRunnable="0" notExecuted="0" disconnected="0" warning="0" completed="0" inProgress="0" pending="0" />
  </ResultSummary>
</TestRun>