<?xml version="1.0" encoding="utf-8"?>
<TestRun id="2c343878-e9bc-434d-9ba0-00c8eb6d189a" name="DKSR-EFI-06$@DKSR-EFI-06 2024-01-09 15:42:12" runUser="NT AUTHORITY\NETWORK SERVICE" xmlns="http://microsoft.com/schemas/VisualStudio/TeamTest/2010">
  <Times creation="2024-01-09T15:42:12.5133292+01:00" queuing="2024-01-09T15:42:12.5133292+01:00" start="2024-01-09T15:42:01.2945799+01:00" finish="2024-01-09T15:42:25.0289653+01:00" />
  <TestSettings name="default" id="38dcd818-48de-4fd9-9712-7193d052def4">
    <Deployment runDeploymentRoot="DKSR-EFI-06$_DKSR-EFI-06_2024-01-09_15_42_12" />
  </TestSettings>
  <Results>
    <UnitTestResult executionId="b51495b5-e817-4874-b604-215fb04a6eb4" testId="33c3b0ae-1da4-45ae-a174-7e5667243621" testName="Equality_EqualInstancesTest" computerName="DKSR-EFI-06" duration="00:00:00.0001803" startTime="2024-01-09T15:42:20.1227102+01:00" endTime="2024-01-09T15:42:20.1227102+01:00" testType="13cdc9d9-ddb5-4fa4-a97d-d965ccfc6d4b" outcome="Passed" testListId="8c84fa94-04c1-424b-9868-57a2d4851a1d" relativeResultsDirectory="b51495b5-e817-4874-b604-215fb04a6eb4" />
    <UnitTestResult executionId="924de93c-7e62-4654-a71c-6adfd1c6f06d" testId="943ed9fd-1a83-8a05-3a94-b3d72055ef8e" testName="CurrentStatus_PostNavigatingTo_NoPreselectionTest" computerName="DKSR-EFI-06" duration="00:00:00.0001844" startTime="2024-01-09T15:42:13.5445777+01:00" endTime="2024-01-09T15:42:13.5445777+01:00" testType="13cdc9d9-ddb5-4fa4-a97d-d965ccfc6d4b" outcome="Passed" testListId="8c84fa94-04c1-424b-9868-57a2d4851a1d" relativeResultsDirectory="924de93c-7e62-4654-a71c-6adfd1c6f06d" />
    <UnitTestResult executionId="17c8ddfa-1a44-4dbc-a873-2b126c64fdb0" testId="0df571da-e4fb-32ab-4ee3-95684fc1842a" testName="NavigatingTo_NoChecksFail_NoHardwareSelected_NavigationCancelled" computerName="DKSR-EFI-06" duration="00:00:00.0003186" startTime="2024-01-09T15:42:12.5289527+01:00" endTime="2024-01-09T15:42:12.5289527+01:00" testType="13cdc9d9-ddb5-4fa4-a97d-d965ccfc6d4b" outcome="Passed" testListId="8c84fa94-04c1-424b-9868-57a2d4851a1d" relativeResultsDirectory="17c8ddfa-1a44-4dbc-a873-2b126c64fdb0" />
    <UnitTestResult executionId="4614bb1d-b6b7-46c1-af97-264a76028d49" testId="cc799fb6-1db2-eaea-ac66-ffcf960e7b46" testName="NavigatingAway_SelectedItemsSetOnDataTest" computerName="DKSR-EFI-06" duration="00:00:00.0012085" startTime="2024-01-09T15:42:16.2633312+01:00" endTime="2024-01-09T15:42:16.2633312+01:00" testType="13cdc9d9-ddb5-4fa4-a97d-d965ccfc6d4b" outcome="Passed" testListId="8c84fa94-04c1-424b-9868-57a2d4851a1d" relativeResultsDirectory="4614bb1d-b6b7-46c1-af97-264a76028d49" />
    <UnitTestResult executionId="8602200c-e89f-4923-94db-2bf97749dbf0" testId="18fafd98-dc4b-3492-9683-be611bbde21e" testName="Constructor_NullDataTest" computerName="DKSR-EFI-06" duration="00:00:00.0023348" startTime="2024-01-09T15:42:13.5602013+01:00" endTime="2024-01-09T15:42:13.5602013+01:00" testType="13cdc9d9-ddb5-4fa4-a97d-d965ccfc6d4b" outcome="Passed" testListId="8c84fa94-04c1-424b-9868-57a2d4851a1d" relativeResultsDirectory="8602200c-e89f-4923-94db-2bf97749dbf0" />
    <UnitTestResult executionId="5db07af4-73aa-4174-a286-8bf522850828" testId="0eb75c3b-8e8a-4e39-9512-fb3daf4d64f9" testName="Convert_OneWarning" computerName="DKSR-EFI-06" duration="00:00:00.0002577" startTime="2024-01-09T15:42:16.5914593+01:00" endTime="2024-01-09T15:42:16.5914593+01:00" testType="13cdc9d9-ddb5-4fa4-a97d-d965ccfc6d4b" outcome="Passed" testListId="8c84fa94-04c1-424b-9868-57a2d4851a1d" relativeResultsDirectory="5db07af4-73aa-4174-a286-8bf522850828" />
    <UnitTestResult executionId="4af04f53-cfca-4bfd-b246-e9aa3bb6aa01" testId="2df76026-822a-2479-b0f1-036918ecd9a7" testName="Convert_Days_PluralTest" computerName="DKSR-EFI-06" duration="00:00:00.0005086" startTime="2024-01-09T15:42:13.9039559+01:00" endTime="2024-01-09T15:42:13.9039559+01:00" testType="13cdc9d9-ddb5-4fa4-a97d-d965ccfc6d4b" outcome="Passed" testListId="8c84fa94-04c1-424b-9868-57a2d4851a1d" relativeResultsDirectory="4af04f53-cfca-4bfd-b246-e9aa3bb6aa01" />
    <UnitTestResult executionId="359dc451-2896-4317-90bb-834e41ffdd6e" testId="48ee7e70-42c7-1351-b6d3-3b4d6d5772a4" testName="RecorderFilters_RecorderCount" computerName="DKSR-EFI-06" duration="00:00:00.0007791" startTime="2024-01-09T15:42:16.3727101+01:00" endTime="2024-01-09T15:42:16.3727101+01:00" testType="13cdc9d9-ddb5-4fa4-a97d-d965ccfc6d4b" outcome="Passed" testListId="8c84fa94-04c1-424b-9868-57a2d4851a1d" relativeResultsDirectory="359dc451-2896-4317-90bb-834e41ffdd6e" />
    <UnitTestResult executionId="b8ca2edc-db30-4b0b-bf58-950819d2b45b" testId="e2745662-5b1b-a987-f75e-19bfc0f754da" testName="Convert_Days_SingularTest" computerName="DKSR-EFI-06" duration="00:00:00.0025237" startTime="2024-01-09T15:42:13.8883369+01:00" endTime="2024-01-09T15:42:13.8883369+01:00" testType="13cdc9d9-ddb5-4fa4-a97d-d965ccfc6d4b" outcome="Passed" testListId="8c84fa94-04c1-424b-9868-57a2d4851a1d" relativeResultsDirectory="b8ca2edc-db30-4b0b-bf58-950819d2b45b" />
    <UnitTestResult executionId="5214e209-4a2e-43fa-b470-66f1cf5f9e39" testId="c53dea0a-9e9a-1893-c261-9cab4c7c3dae" testName="NavigatingTo_PreSelection_UnknownRecorderInDataTest" computerName="DKSR-EFI-06" duration="00:00:00.0005644" startTime="2024-01-09T15:42:13.3570775+01:00" endTime="2024-01-09T15:42:13.3570775+01:00" testType="13cdc9d9-ddb5-4fa4-a97d-d965ccfc6d4b" outcome="Passed" testListId="8c84fa94-04c1-424b-9868-57a2d4851a1d" relativeResultsDirectory="5214e209-4a2e-43fa-b470-66f1cf5f9e39" />
    <UnitTestResult executionId="447ea24b-1742-4538-b6a6-757c812e836d" testId="9aabab72-fa35-138c-a590-deefe9ba6d9b" testName="CalcuateNewColumnWidths_Relative_Width" computerName="DKSR-EFI-06" duration="00:00:00.0007228" startTime="2024-01-09T15:42:18.5290013+01:00" endTime="2024-01-09T15:42:18.5290013+01:00" testType="13cdc9d9-ddb5-4fa4-a97d-d965ccfc6d4b" outcome="Passed" testListId="8c84fa94-04c1-424b-9868-57a2d4851a1d" relativeResultsDirectory="447ea24b-1742-4538-b6a6-757c812e836d" />
    <UnitTestResult executionId="c804263f-faa3-4495-8d54-d3e8b4e3925a" testId="46413213-401e-8b63-cd13-649b8ef181a9" testName="NavigatingTo_PageStatus_UnsupportedHardwareSelected" computerName="DKSR-EFI-06" duration="00:00:00.0004836" startTime="2024-01-09T15:42:12.6539535+01:00" endTime="2024-01-09T15:42:12.6539535+01:00" testType="13cdc9d9-ddb5-4fa4-a97d-d965ccfc6d4b" outcome="Passed" testListId="8c84fa94-04c1-424b-9868-57a2d4851a1d" relativeResultsDirectory="c804263f-faa3-4495-8d54-d3e8b4e3925a" />
    <UnitTestResult executionId="e3f39626-e573-4d6b-9310-c740e16e1fc5" testId="8bc9dbd1-0f25-d916-37f2-1cdc9dfe548a" testName="NavigatingAway_SelectedItemsSetOnDataTest" computerName="DKSR-EFI-06" duration="00:00:00.0046360" startTime="2024-01-09T15:42:13.2945813+01:00" endTime="2024-01-09T15:42:13.2945813+01:00" testType="13cdc9d9-ddb5-4fa4-a97d-d965ccfc6d4b" outcome="Passed" testListId="8c84fa94-04c1-424b-9868-57a2d4851a1d" relativeResultsDirectory="e3f39626-e573-4d6b-9310-c740e16e1fc5" />
    <UnitTestResult executionId="4e75770f-1657-42d3-82d9-a7e93f70fb66" testId="49ca85d3-c3b7-af52-fe22-5ed8125d23ba" testName="Convert_ToBool_UsedGtAvailable" computerName="DKSR-EFI-06" duration="00:00:00.0002383" startTime="2024-01-09T15:42:14.1227058+01:00" endTime="2024-01-09T15:42:14.1227058+01:00" testType="13cdc9d9-ddb5-4fa4-a97d-d965ccfc6d4b" outcome="Passed" testListId="8c84fa94-04c1-424b-9868-57a2d4851a1d" relativeResultsDirectory="4e75770f-1657-42d3-82d9-a7e93f70fb66" />
    <UnitTestResult executionId="e0b25dec-9818-48de-a0c2-cff6780950e4" testId="d1f62858-9016-515a-9c1e-3ccfb99ab40f" testName="Convert_ToValue_UsageOnly_AvailableNullTest" computerName="DKSR-EFI-06" duration="00:00:00.0002250" startTime="2024-01-09T15:42:14.0758305+01:00" endTime="2024-01-09T15:42:14.0758305+01:00" testType="13cdc9d9-ddb5-4fa4-a97d-d965ccfc6d4b" outcome="Passed" testListId="8c84fa94-04c1-424b-9868-57a2d4851a1d" relativeResultsDirectory="e0b25dec-9818-48de-a0c2-cff6780950e4" />
    <UnitTestResult executionId="51ed49e8-1054-461a-a7fb-4e83e10aeccd" testId="2b1e28ec-3a6f-1d9d-a4e9-8575d3c172e6" testName="Equality_NotEqual_DifferentIsFallbackFixedTest" computerName="DKSR-EFI-06" duration="00:00:00.0001871" startTime="2024-01-09T15:42:20.1227102+01:00" endTime="2024-01-09T15:42:20.1227102+01:00" testType="13cdc9d9-ddb5-4fa4-a97d-d965ccfc6d4b" outcome="Passed" testListId="8c84fa94-04c1-424b-9868-57a2d4851a1d" relativeResultsDirectory="51ed49e8-1054-461a-a7fb-4e83e10aeccd" />
    <UnitTestResult executionId="5a490f15-961f-45a6-ab3b-f1f054fa03cc" testId="d61bb21a-576a-7e2c-435a-73156e97ed44" testName="ColumnWidthSpec_Absolute_NegativeWidth_Throws_ArgumentException" computerName="DKSR-EFI-06" duration="00:00:00.0002951" startTime="2024-01-09T15:42:18.5445852+01:00" endTime="2024-01-09T15:42:18.5445852+01:00" testType="13cdc9d9-ddb5-4fa4-a97d-d965ccfc6d4b" outcome="Passed" testListId="8c84fa94-04c1-424b-9868-57a2d4851a1d" relativeResultsDirectory="5a490f15-961f-45a6-ab3b-f1f054fa03cc" />
    <UnitTestResult executionId="fb48bf51-8be4-4efe-b59b-9bb560dc7844" testId="670c0c9d-a69d-2b1c-b2d6-b2df8a52a93e" testName="ColumnWidthSpec_Relative_NaNWidth_Throws_ArgumentException" computerName="DKSR-EFI-06" duration="00:00:00.0002867" startTime="2024-01-09T15:42:18.5445852+01:00" endTime="2024-01-09T15:42:18.5445852+01:00" testType="13cdc9d9-ddb5-4fa4-a97d-d965ccfc6d4b" outcome="Passed" testListId="8c84fa94-04c1-424b-9868-57a2d4851a1d" relativeResultsDirectory="fb48bf51-8be4-4efe-b59b-9bb560dc7844" />
    <UnitTestResult executionId="bb206ab8-5838-4e43-b374-139521cd6773" testId="5dd5edd7-3345-9904-745a-e934358e427e" testName="PreviousCommand_CanExecute_PageValidTest" computerName="DKSR-EFI-06" duration="00:00:00.0011489" startTime="2024-01-09T15:42:14.7789560+01:00" endTime="2024-01-09T15:42:14.7789560+01:00" testType="13cdc9d9-ddb5-4fa4-a97d-d965ccfc6d4b" outcome="Passed" testListId="8c84fa94-04c1-424b-9868-57a2d4851a1d" relativeResultsDirectory="bb206ab8-5838-4e43-b374-139521cd6773">
      <Output>
        <StdOut>Debug Trace:&#xD;
Wizard : Locked navigation on thread : 15&#xD;
Wizard : Navigating to page 0 on thread 15&#xD;
Wizard : Completed navigation to page 0 on thread 13&#xD;
Wizard : Released lock navigation on thread : 13&#xD;
Wizard : Locked navigation on thread : 15&#xD;
Wizard : Navigating to page 1 on thread 15&#xD;
Wizard : Completed navigation to page 1 on thread 19&#xD;
Wizard : Released lock navigation on thread : 19</StdOut>
      </Output>
    </UnitTestResult>
    <UnitTestResult executionId="3f3ab6e1-92d9-4e00-9087-7088a88a5c6a" testId="51b84e29-c85f-f150-f3cb-b235cb55b9ea" testName="ThresholdSliderViewModel_InvalidInput1" computerName="DKSR-EFI-06" duration="00:00:00.0025463" startTime="2024-01-09T15:42:18.3727093+01:00" endTime="2024-01-09T15:42:18.3727093+01:00" testType="13cdc9d9-ddb5-4fa4-a97d-d965ccfc6d4b" outcome="Passed" testListId="8c84fa94-04c1-424b-9868-57a2d4851a1d" relativeResultsDirectory="3f3ab6e1-92d9-4e00-9087-7088a88a5c6a" />
    <UnitTestResult executionId="671ff74b-3e81-4d2e-93bf-2dd8966b1091" testId="e09c165c-a32d-99ae-497b-164e41531b48" testName="SortBaseCommon_Equality_SortBase_SameInstanceTest" computerName="DKSR-EFI-06" duration="00:00:00.0001478" startTime="2024-01-09T15:42:20.0758348+01:00" endTime="2024-01-09T15:42:20.0758348+01:00" testType="13cdc9d9-ddb5-4fa4-a97d-d965ccfc6d4b" outcome="Passed" testListId="8c84fa94-04c1-424b-9868-57a2d4851a1d" relativeResultsDirectory="671ff74b-3e81-4d2e-93bf-2dd8966b1091" />
    <UnitTestResult executionId="2a278ee8-2b27-4798-9054-8a1694417a9d" testId="01c0bec4-2e67-e9ed-ad20-95a0e008ce45" testName="Convert_ArgumentNullException" computerName="DKSR-EFI-06" duration="00:00:00.0006830" startTime="2024-01-09T15:42:16.5602085+01:00" endTime="2024-01-09T15:42:16.5602085+01:00" testType="13cdc9d9-ddb5-4fa4-a97d-d965ccfc6d4b" outcome="Passed" testListId="8c84fa94-04c1-424b-9868-57a2d4851a1d" relativeResultsDirectory="2a278ee8-2b27-4798-9054-8a1694417a9d" />
    <UnitTestResult executionId="000143ca-9dec-4857-b099-29da109e465a" testId="720f192f-3a91-fc5a-38dc-37603061fc04" testName="CalcuateNewColumnWidths_Empty_Columns_With_Percentage" computerName="DKSR-EFI-06" duration="00:00:00.0006951" startTime="2024-01-09T15:42:18.5290013+01:00" endTime="2024-01-09T15:42:18.5290013+01:00" testType="13cdc9d9-ddb5-4fa4-a97d-d965ccfc6d4b" outcome="Passed" testListId="8c84fa94-04c1-424b-9868-57a2d4851a1d" relativeResultsDirectory="000143ca-9dec-4857-b099-29da109e465a" />
    <UnitTestResult executionId="e9a6ac87-7351-4be4-a9ee-4226b56e6d4c" testId="74a375ca-464c-73e2-54e8-5f203390ff61" testName="SortBaseCommon_Equality_SortBase_NullTest" computerName="DKSR-EFI-06" duration="00:00:00.0000078" startTime="2024-01-09T15:42:20.1852103+01:00" endTime="2024-01-09T15:42:20.1852103+01:00" testType="13cdc9d9-ddb5-4fa4-a97d-d965ccfc6d4b" outcome="Passed" testListId="8c84fa94-04c1-424b-9868-57a2d4851a1d" relativeResultsDirectory="e9a6ac87-7351-4be4-a9ee-4226b56e6d4c" />
    <UnitTestResult executionId="fec0b03e-8227-4972-af2f-ef4c664d754c" testId="f14b365a-cfce-1f3a-b91f-ae9275ac5e3e" testName="NavigatingAway_SelectedItemsSetOnDataTest" computerName="DKSR-EFI-06" duration="00:00:00.0017117" startTime="2024-01-09T15:42:13.4664523+01:00" endTime="2024-01-09T15:42:13.4664523+01:00" testType="13cdc9d9-ddb5-4fa4-a97d-d965ccfc6d4b" outcome="Passed" testListId="8c84fa94-04c1-424b-9868-57a2d4851a1d" relativeResultsDirectory="fec0b03e-8227-4972-af2f-ef4c664d754c" />
    <UnitTestResult executionId="c17e5fd6-4619-4a1b-9ee5-2aaa73552692" testId="e092cd93-1a0e-046f-31a3-b117e9be9e3a" testName="NavigatingTo_PreSelection_SingleItemTest" computerName="DKSR-EFI-06" duration="00:00:00.0005908" startTime="2024-01-09T15:42:13.3727028+01:00" endTime="2024-01-09T15:42:13.3727028+01:00" testType="13cdc9d9-ddb5-4fa4-a97d-d965ccfc6d4b" outcome="Passed" testListId="8c84fa94-04c1-424b-9868-57a2d4851a1d" relativeResultsDirectory="c17e5fd6-4619-4a1b-9ee5-2aaa73552692" />
    <UnitTestResult executionId="9029ea18-3c08-4e9b-88e2-5003289f59dd" testId="8b340717-c352-a13a-c96e-a53b0662954a" testName="NavigatingTo_AvailableHardware_NoHardwareTest" computerName="DKSR-EFI-06" duration="00:00:00.0004611" startTime="2024-01-09T15:42:13.4039528+01:00" endTime="2024-01-09T15:42:13.4039528+01:00" testType="13cdc9d9-ddb5-4fa4-a97d-d965ccfc6d4b" outcome="Passed" testListId="8c84fa94-04c1-424b-9868-57a2d4851a1d" relativeResultsDirectory="9029ea18-3c08-4e9b-88e2-5003289f59dd" />
    <UnitTestResult executionId="6eb5cc09-054d-4a10-b4e1-75448c73c8a2" testId="c484bdd6-5adf-dfd9-6f7e-81b8b104cd79" testName="OneFalseArrayConvertsToVisible" computerName="DKSR-EFI-06" duration="00:00:00.0003768" startTime="2024-01-09T15:42:23.6695890+01:00" endTime="2024-01-09T15:42:23.6695890+01:00" testType="13cdc9d9-ddb5-4fa4-a97d-d965ccfc6d4b" outcome="Passed" testListId="8c84fa94-04c1-424b-9868-57a2d4851a1d" relativeResultsDirectory="6eb5cc09-054d-4a10-b4e1-75448c73c8a2" />
    <UnitTestResult executionId="10c559be-d33b-4fa7-afd7-78bb18a26a3c" testId="09050f9d-0ba1-b1c3-c744-3e219f2d1347" testName="ScheduleNextRun_InvalidParam_Uri_Throws_ArgumentNullException" computerName="DKSR-EFI-06" duration="00:00:00.0008665" startTime="2024-01-09T15:42:22.4977135+01:00" endTime="2024-01-09T15:42:22.4977135+01:00" testType="13cdc9d9-ddb5-4fa4-a97d-d965ccfc6d4b" outcome="Passed" testListId="8c84fa94-04c1-424b-9868-57a2d4851a1d" relativeResultsDirectory="10c559be-d33b-4fa7-afd7-78bb18a26a3c" />
    <UnitTestResult executionId="058d000b-8143-4962-8b18-0e3838e8bbff" testId="1908cd4e-24f5-f838-8022-09f0e59c3b4e" testName="AllHardwareSelected_Event_FromAllSelectedTest" computerName="DKSR-EFI-06" duration="00:00:00.0009264" startTime="2024-01-09T15:42:16.4039588+01:00" endTime="2024-01-09T15:42:16.4039588+01:00" testType="13cdc9d9-ddb5-4fa4-a97d-d965ccfc6d4b" outcome="Passed" testListId="8c84fa94-04c1-424b-9868-57a2d4851a1d" relativeResultsDirectory="058d000b-8143-4962-8b18-0e3838e8bbff" />
    <UnitTestResult executionId="101fdb1f-d3cd-43a1-8e62-9a9bb0fd14c0" testId="83b8fb31-7586-504e-9589-78c8798e602b" testName="UpdateSelection_PreSelectSamePhysicalHardwareWithDifferentUserLoginTest" computerName="DKSR-EFI-06" duration="00:00:00.0004977" startTime="2024-01-09T15:42:16.3414575+01:00" endTime="2024-01-09T15:42:16.3414575+01:00" testType="13cdc9d9-ddb5-4fa4-a97d-d965ccfc6d4b" outcome="Passed" testListId="8c84fa94-04c1-424b-9868-57a2d4851a1d" relativeResultsDirectory="101fdb1f-d3cd-43a1-8e62-9a9bb0fd14c0" />
    <UnitTestResult executionId="d9422da6-a876-4aba-9144-349dfdfe4ef0" testId="ed22ff18-5317-35a9-5b39-ad658639a61b" testName="PreviousCommand_NavigatingTo_Cancelled" computerName="DKSR-EFI-06" duration="00:00:00.0025219" startTime="2024-01-09T15:42:14.8727040+01:00" endTime="2024-01-09T15:42:14.8727040+01:00" testType="13cdc9d9-ddb5-4fa4-a97d-d965ccfc6d4b" outcome="Passed" testListId="8c84fa94-04c1-424b-9868-57a2d4851a1d" relativeResultsDirectory="d9422da6-a876-4aba-9144-349dfdfe4ef0">
      <Output>
        <StdOut>Debug Trace:&#xD;
Wizard : Locked navigation on thread : 15&#xD;
Wizard : Navigating to page 0 on thread 15&#xD;
Wizard : Completed navigation to page 0 on thread 13&#xD;
Wizard : Released lock navigation on thread : 13&#xD;
Wizard : Locked navigation on thread : 15&#xD;
Wizard : Navigating to page 1 on thread 15&#xD;
Wizard : Completed navigation to page 1 on thread 13&#xD;
Wizard : Released lock navigation on thread : 13&#xD;
Wizard : Locked navigation on thread : 15&#xD;
Wizard : Navigating to page 2 on thread 15&#xD;
Wizard : Completed navigation to page 2 on thread 13&#xD;
Wizard : Released lock navigation on thread : 13&#xD;
Wizard : Locked navigation on thread : 15&#xD;
Wizard : Navigating to page 1 on thread 15&#xD;
Wizard : Completed navigation to page 1 on thread 13&#xD;
Wizard : Released lock navigation on thread : 13</StdOut>
      </Output>
    </UnitTestResult>
    <UnitTestResult executionId="bd4e47eb-f2e2-47a6-86a0-19f9cfdc93de" testId="ea1d8d34-55e3-9368-463c-2538cab81947" testName="Convert_ArgumentNullException" computerName="DKSR-EFI-06" duration="00:00:00.0008731" startTime="2024-01-09T15:42:12.4977058+01:00" endTime="2024-01-09T15:42:12.4977058+01:00" testType="13cdc9d9-ddb5-4fa4-a97d-d965ccfc6d4b" outcome="Passed" testListId="8c84fa94-04c1-424b-9868-57a2d4851a1d" relativeResultsDirectory="bd4e47eb-f2e2-47a6-86a0-19f9cfdc93de" />
    <UnitTestResult executionId="1cbb53e1-ecd6-4b1e-8120-9a549ca1ae53" testId="720a4b77-94da-26bc-9892-109d89307339" testName="PermissionCheckedCollectionWillBeFaultedIfPermissionDenied" computerName="DKSR-EFI-06" duration="00:00:00.0163008" startTime="2024-01-09T15:42:17.4820837+01:00" endTime="2024-01-09T15:42:17.4977097+01:00" testType="13cdc9d9-ddb5-4fa4-a97d-d965ccfc6d4b" outcome="Passed" testListId="8c84fa94-04c1-424b-9868-57a2d4851a1d" relativeResultsDirectory="1cbb53e1-ecd6-4b1e-8120-9a549ca1ae53" />
    <UnitTestResult executionId="e16f837e-aa6d-4f6b-9fee-981d463a65c3" testId="99a311e0-229d-97f1-d454-776a4dfcc863" testName="NavigatingTo_PartialSuccessfulChange_OperationsStatusMixed" computerName="DKSR-EFI-06" duration="00:00:00.1792626" startTime="2024-01-09T15:42:15.2477063+01:00" endTime="2024-01-09T15:42:15.4352049+01:00" testType="13cdc9d9-ddb5-4fa4-a97d-d965ccfc6d4b" outcome="Passed" testListId="8c84fa94-04c1-424b-9868-57a2d4851a1d" relativeResultsDirectory="e16f837e-aa6d-4f6b-9fee-981d463a65c3">
      <Output>
        <StdOut>Debug Trace:&#xD;
CALL SYNCHRONIZER [17]: Run() called on thread 25&#xD;
CALL SYNCHRONIZER [17]: Waiting for event on thread 25&#xD;
CALL SYNCHRONIZER [17]: Event received, exiting on thread 25&#xD;
WARNIG : Progress notification received after result has been set&#xD;
WARNIG : Progress notification received after result has been set</StdOut>
      </Output>
    </UnitTestResult>
    <UnitTestResult executionId="ce6d5865-e5a6-467f-b68d-6a0eccc1bb64" testId="610e2e13-cb2e-f497-7790-aa014fdc1cfe" testName="ConvertBack_InvalidOperationException" computerName="DKSR-EFI-06" duration="00:00:00.0011917" startTime="2024-01-09T15:42:16.5758344+01:00" endTime="2024-01-09T15:42:16.5758344+01:00" testType="13cdc9d9-ddb5-4fa4-a97d-d965ccfc6d4b" outcome="Passed" testListId="8c84fa94-04c1-424b-9868-57a2d4851a1d" relativeResultsDirectory="ce6d5865-e5a6-467f-b68d-6a0eccc1bb64" />
    <UnitTestResult executionId="5745e9f7-962f-41a9-96af-7d293c4c021a" testId="170b6e9d-1479-1b16-1de5-56fb10a58f03" testName="UpdateSelection_DeselectSamePhysicalHardwareWithDifferentUserLoginTest" computerName="DKSR-EFI-06" duration="00:00:00.0007125" startTime="2024-01-09T15:42:16.3570828+01:00" endTime="2024-01-09T15:42:16.3570828+01:00" testType="13cdc9d9-ddb5-4fa4-a97d-d965ccfc6d4b" outcome="Passed" testListId="8c84fa94-04c1-424b-9868-57a2d4851a1d" relativeResultsDirectory="5745e9f7-962f-41a9-96af-7d293c4c021a" />
    <UnitTestResult executionId="d8bad7f2-d409-4732-b12b-12500aa2c136" testId="633658f7-c0fd-a8b8-e0ff-2f63f1f3cc65" testName="PreviousCommand_CanExecute_FirstPageTest" computerName="DKSR-EFI-06" duration="00:00:00.0006087" startTime="2024-01-09T15:42:14.8102062+01:00" endTime="2024-01-09T15:42:14.8102062+01:00" testType="13cdc9d9-ddb5-4fa4-a97d-d965ccfc6d4b" outcome="Passed" testListId="8c84fa94-04c1-424b-9868-57a2d4851a1d" relativeResultsDirectory="d8bad7f2-d409-4732-b12b-12500aa2c136">
      <Output>
        <StdOut>Debug Trace:&#xD;
Wizard : Locked navigation on thread : 15&#xD;
Wizard : Navigating to page 0 on thread 15&#xD;
Wizard : Completed navigation to page 0 on thread 19&#xD;
Wizard : Released lock navigation on thread : 19</StdOut>
      </Output>
    </UnitTestResult>
    <UnitTestResult executionId="f839c443-1f04-496f-a9f6-791b9c01bab0" testId="0173d619-bc73-8a1f-8d91-c6c70807bf53" testName="SortBaseCommon_Reverse_ReverseIsNotSameTest" computerName="DKSR-EFI-06" duration="00:00:00.0000130" startTime="2024-01-09T15:42:20.1695848+01:00" endTime="2024-01-09T15:42:20.1695848+01:00" testType="13cdc9d9-ddb5-4fa4-a97d-d965ccfc6d4b" outcome="Passed" testListId="8c84fa94-04c1-424b-9868-57a2d4851a1d" relativeResultsDirectory="f839c443-1f04-496f-a9f6-791b9c01bab0" />
    <UnitTestResult executionId="6fe377d9-7dfe-4fe9-ae73-23bb936006c7" testId="2dccb759-5680-e08a-9274-63dff2cf722a" testName="NavigatingTo_JobsRunning_HardwareSelected_NavigationNotCancelled" computerName="DKSR-EFI-06" duration="00:00:00.0004112" startTime="2024-01-09T15:42:14.2008290+01:00" endTime="2024-01-09T15:42:14.2008290+01:00" testType="13cdc9d9-ddb5-4fa4-a97d-d965ccfc6d4b" outcome="Passed" testListId="8c84fa94-04c1-424b-9868-57a2d4851a1d" relativeResultsDirectory="6fe377d9-7dfe-4fe9-ae73-23bb936006c7" />
    <UnitTestResult executionId="f3d0af87-7595-4bf4-a45a-80b0e6dcf3cd" testId="8639adb5-e9b4-95d1-ea53-e634bd00f617" testName="Convert_ToValue_BothInvalidTest" computerName="DKSR-EFI-06" duration="00:00:00.0001911" startTime="2024-01-09T15:42:14.1070793+01:00" endTime="2024-01-09T15:42:14.1070793+01:00" testType="13cdc9d9-ddb5-4fa4-a97d-d965ccfc6d4b" outcome="Passed" testListId="8c84fa94-04c1-424b-9868-57a2d4851a1d" relativeResultsDirectory="f3d0af87-7595-4bf4-a45a-80b0e6dcf3cd" />
    <UnitTestResult executionId="306aab5d-3ebe-48b6-86fa-8d51289db9d0" testId="bd289ba2-bb7a-a20f-f256-9e9f907d458a" testName="Convert_Error_TargetTypeNullTest" computerName="DKSR-EFI-06" duration="00:00:00.0006198" startTime="2024-01-09T15:42:14.0758305+01:00" endTime="2024-01-09T15:42:14.0758305+01:00" testType="13cdc9d9-ddb5-4fa4-a97d-d965ccfc6d4b" outcome="Passed" testListId="8c84fa94-04c1-424b-9868-57a2d4851a1d" relativeResultsDirectory="306aab5d-3ebe-48b6-86fa-8d51289db9d0" />
    <UnitTestResult executionId="812c045b-f753-456d-81d4-37829d99ffad" testId="9d73d2de-0de2-5123-d14f-3b031bc6ae44" testName="CurrentStatus_PostNavigatingTo_PreselectionTest" computerName="DKSR-EFI-06" duration="00:00:00.0002468" startTime="2024-01-09T15:42:13.3102029+01:00" endTime="2024-01-09T15:42:13.3102029+01:00" testType="13cdc9d9-ddb5-4fa4-a97d-d965ccfc6d4b" outcome="Passed" testListId="8c84fa94-04c1-424b-9868-57a2d4851a1d" relativeResultsDirectory="812c045b-f753-456d-81d4-37829d99ffad" />
    <UnitTestResult executionId="84de7de0-03ff-431e-b0e2-60a27d45034a" testId="27640dd7-cec7-e8a0-420e-6a7df2a9f742" testName="Convert_Null_Input_Throws_ArgumentNullException" computerName="DKSR-EFI-06" duration="00:00:00.0053493" startTime="2024-01-09T15:42:16.5289569+01:00" endTime="2024-01-09T15:42:16.5289569+01:00" testType="13cdc9d9-ddb5-4fa4-a97d-d965ccfc6d4b" outcome="Passed" testListId="8c84fa94-04c1-424b-9868-57a2d4851a1d" relativeResultsDirectory="84de7de0-03ff-431e-b0e2-60a27d45034a">
      <Output>
        <StdOut>Debug Trace:&#xD;
Fail: Argument null</StdOut>
      </Output>
    </UnitTestResult>
    <UnitTestResult executionId="f4e7be99-e5b5-4150-bcff-cea08147e054" testId="e4ab450a-f95f-1f67-e29e-c5c69e3518df" testName="Initialize_NavigatesToFirstPageTest" computerName="DKSR-EFI-06" duration="00:00:00.0123364" startTime="2024-01-09T15:42:14.2789524+01:00" endTime="2024-01-09T15:42:14.2945805+01:00" testType="13cdc9d9-ddb5-4fa4-a97d-d965ccfc6d4b" outcome="Passed" testListId="8c84fa94-04c1-424b-9868-57a2d4851a1d" relativeResultsDirectory="f4e7be99-e5b5-4150-bcff-cea08147e054">
      <Output>
        <StdOut>Debug Trace:&#xD;
Wizard : Locked navigation on thread : 15&#xD;
Wizard : Navigating to page 0 on thread 15&#xD;
Wizard : Completed navigation to page 0 on thread 12&#xD;
Wizard : Released lock navigation on thread : 12</StdOut>
      </Output>
    </UnitTestResult>
    <UnitTestResult executionId="de0fd44c-cda6-4a8d-b21d-4410b16f098c" testId="b2c9886e-c0da-c9fa-5b94-1d9497806cd1" testName="SortBaseCommon_Equality_SortBase_SameInstanceTest" computerName="DKSR-EFI-06" duration="00:00:00.0000091" startTime="2024-01-09T15:42:20.1852103+01:00" endTime="2024-01-09T15:42:20.1852103+01:00" testType="13cdc9d9-ddb5-4fa4-a97d-d965ccfc6d4b" outcome="Passed" testListId="8c84fa94-04c1-424b-9868-57a2d4851a1d" relativeResultsDirectory="de0fd44c-cda6-4a8d-b21d-4410b16f098c" />
    <UnitTestResult executionId="07e06142-0b2c-4276-a0e9-b3e73d94f35e" testId="59bc8fe3-a9fb-b489-8884-4fb2a47072e9" testName="SelectedRecorder_Event_ValueChangesTest" computerName="DKSR-EFI-06" duration="00:00:00.0026149" startTime="2024-01-09T15:42:13.2945813+01:00" endTime="2024-01-09T15:42:13.3102029+01:00" testType="13cdc9d9-ddb5-4fa4-a97d-d965ccfc6d4b" outcome="Passed" testListId="8c84fa94-04c1-424b-9868-57a2d4851a1d" relativeResultsDirectory="07e06142-0b2c-4276-a0e9-b3e73d94f35e" />
    <UnitTestResult executionId="39dcea3e-b6bf-43e4-8757-61f5bf2067ae" testId="f6c45a9d-919b-4033-0576-89eef5a0f5f4" testName="SelectionChanged_UnsubscribeTest" computerName="DKSR-EFI-06" duration="00:00:00.0006030" startTime="2024-01-09T15:42:16.3727101+01:00" endTime="2024-01-09T15:42:16.3727101+01:00" testType="13cdc9d9-ddb5-4fa4-a97d-d965ccfc6d4b" outcome="Passed" testListId="8c84fa94-04c1-424b-9868-57a2d4851a1d" relativeResultsDirectory="39dcea3e-b6bf-43e4-8757-61f5bf2067ae" />
    <UnitTestResult executionId="d0fb8e3f-b780-4e58-94a4-6968dafdb02f" testId="c20a457b-898f-4564-ecae-0606fce3d9a1" testName="NavigatingTo_UnsuccessfulChange_PasswordChangeSucceededUnset" computerName="DKSR-EFI-06" duration="00:00:00.3172848" startTime="2024-01-09T15:42:15.7320817+01:00" endTime="2024-01-09T15:42:16.0602086+01:00" testType="13cdc9d9-ddb5-4fa4-a97d-d965ccfc6d4b" outcome="Passed" testListId="8c84fa94-04c1-424b-9868-57a2d4851a1d" relativeResultsDirectory="d0fb8e3f-b780-4e58-94a4-6968dafdb02f">
      <Output>
        <StdOut>Debug Trace:&#xD;
CALL SYNCHRONIZER [20]: Run() called on thread 28&#xD;
CALL SYNCHRONIZER [20]: Waiting for event on thread 28&#xD;
CALL SYNCHRONIZER [20]: Event received, exiting on thread 28&#xD;
WARNIG : Progress notification received after result has been set&#xD;
WARNIG : Progress notification received after result has been set</StdOut>
      </Output>
    </UnitTestResult>
    <UnitTestResult executionId="5e7e7668-8f6a-459b-9d65-2e73488295ad" testId="70fd5b44-aa44-6f9d-e7b8-dd3ba847a152" testName="SortBaseCommon_IsEquivalentOf_SortDescriptionCollection_DifferentListTest" computerName="DKSR-EFI-06" duration="00:00:00.0002843" startTime="2024-01-09T15:42:20.1070891+01:00" endTime="2024-01-09T15:42:20.1070891+01:00" testType="13cdc9d9-ddb5-4fa4-a97d-d965ccfc6d4b" outcome="Passed" testListId="8c84fa94-04c1-424b-9868-57a2d4851a1d" relativeResultsDirectory="5e7e7668-8f6a-459b-9d65-2e73488295ad" />
    <UnitTestResult executionId="56fd1719-1ace-438f-b4d1-818372ed8939" testId="9ff1a00a-4d3f-f849-7fac-7791ec7ae54b" testName="CurrentStatus_Update_RemoveItem" computerName="DKSR-EFI-06" duration="00:00:00.0002983" startTime="2024-01-09T15:42:16.1695846+01:00" endTime="2024-01-09T15:42:16.1695846+01:00" testType="13cdc9d9-ddb5-4fa4-a97d-d965ccfc6d4b" outcome="Passed" testListId="8c84fa94-04c1-424b-9868-57a2d4851a1d" relativeResultsDirectory="56fd1719-1ace-438f-b4d1-818372ed8939" />
    <UnitTestResult executionId="dca69977-0749-4e9a-83db-4bede9ccb27e" testId="2ebe890d-ba4c-70bb-d8d2-7bf30fa72f2d" testName="EmptyStringConvertsToVisible" computerName="DKSR-EFI-06" duration="00:00:00.0021200" startTime="2024-01-09T15:42:23.6852115+01:00" endTime="2024-01-09T15:42:23.6852115+01:00" testType="13cdc9d9-ddb5-4fa4-a97d-d965ccfc6d4b" outcome="Passed" testListId="8c84fa94-04c1-424b-9868-57a2d4851a1d" relativeResultsDirectory="dca69977-0749-4e9a-83db-4bede9ccb27e" />
    <UnitTestResult executionId="1397e9e9-32f7-4772-8aaf-b7bbc64c3476" testId="29d19e8c-3be0-ee7a-3951-dd342f2ccf53" testName="Convert_IsNullOrWhiteSpace_Empty_Input_Returns_TrueResult" computerName="DKSR-EFI-06" duration="00:00:00.0001896" startTime="2024-01-09T15:42:20.2789617+01:00" endTime="2024-01-09T15:42:20.2789617+01:00" testType="13cdc9d9-ddb5-4fa4-a97d-d965ccfc6d4b" outcome="Passed" testListId="8c84fa94-04c1-424b-9868-57a2d4851a1d" relativeResultsDirectory="1397e9e9-32f7-4772-8aaf-b7bbc64c3476" />
    <UnitTestResult executionId="f7c6bd15-f961-4634-bff9-a799391b2123" testId="242f1548-7f00-63b2-b713-b1822d6c02a9" testName="Convert_Hours_IncludingMinutesTest" computerName="DKSR-EFI-06" duration="00:00:00.0004232" startTime="2024-01-09T15:42:13.9195799+01:00" endTime="2024-01-09T15:42:13.9195799+01:00" testType="13cdc9d9-ddb5-4fa4-a97d-d965ccfc6d4b" outcome="Passed" testListId="8c84fa94-04c1-424b-9868-57a2d4851a1d" relativeResultsDirectory="f7c6bd15-f961-4634-bff9-a799391b2123" />
    <UnitTestResult executionId="6bbe4ca5-d10b-452a-9ba5-3fce780365de" testId="648778dc-0c58-533a-4597-a3353a13526d" testName="Convert_AllValues" computerName="DKSR-EFI-06" duration="00:00:00.0018700" startTime="2024-01-09T15:42:16.5602085+01:00" endTime="2024-01-09T15:42:16.5758344+01:00" testType="13cdc9d9-ddb5-4fa4-a97d-d965ccfc6d4b" outcome="Passed" testListId="8c84fa94-04c1-424b-9868-57a2d4851a1d" relativeResultsDirectory="6bbe4ca5-d10b-452a-9ba5-3fce780365de" />
    <UnitTestResult executionId="5b830944-13a2-4fc6-a268-3f8bdc959f0a" testId="5899a75c-5291-1924-069c-47253700398b" testName="CurrentStatus_Event_ClearSelection" computerName="DKSR-EFI-06" duration="00:00:00.0007867" startTime="2024-01-09T15:42:16.1695846+01:00" endTime="2024-01-09T15:42:16.1695846+01:00" testType="13cdc9d9-ddb5-4fa4-a97d-d965ccfc6d4b" outcome="Passed" testListId="8c84fa94-04c1-424b-9868-57a2d4851a1d" relativeResultsDirectory="5b830944-13a2-4fc6-a268-3f8bdc959f0a" />
    <UnitTestResult executionId="870b4e2b-db8a-401c-ae63-afb2b99dd70a" testId="0673af61-aaed-8bb0-d7ec-7b3f461ad8fe" testName="Constructor_NullDataTest" computerName="DKSR-EFI-06" duration="00:00:00.0017869" startTime="2024-01-09T15:42:13.3883315+01:00" endTime="2024-01-09T15:42:13.3883315+01:00" testType="13cdc9d9-ddb5-4fa4-a97d-d965ccfc6d4b" outcome="Passed" testListId="8c84fa94-04c1-424b-9868-57a2d4851a1d" relativeResultsDirectory="870b4e2b-db8a-401c-ae63-afb2b99dd70a" />
    <UnitTestResult executionId="2eb656b6-39b9-4603-96bc-23337ab8d013" testId="6f18b2fa-7718-8add-a5ae-a605498e1f2a" testName="Constructor_HardwareSelectionEmptyTest" computerName="DKSR-EFI-06" duration="00:00:00.0001833" startTime="2024-01-09T15:42:16.4820841+01:00" endTime="2024-01-09T15:42:16.4820841+01:00" testType="13cdc9d9-ddb5-4fa4-a97d-d965ccfc6d4b" outcome="Passed" testListId="8c84fa94-04c1-424b-9868-57a2d4851a1d" relativeResultsDirectory="2eb656b6-39b9-4603-96bc-23337ab8d013" />
    <UnitTestResult executionId="4eda4401-51c2-4490-957d-cca764a0a161" testId="605d7948-e173-c277-eb40-a6a556e97352" testName="Convert_ToBool_UsageOnly_AvailableNullTest" computerName="DKSR-EFI-06" duration="00:00:00.0001960" startTime="2024-01-09T15:42:14.1070793+01:00" endTime="2024-01-09T15:42:14.1070793+01:00" testType="13cdc9d9-ddb5-4fa4-a97d-d965ccfc6d4b" outcome="Passed" testListId="8c84fa94-04c1-424b-9868-57a2d4851a1d" relativeResultsDirectory="4eda4401-51c2-4490-957d-cca764a0a161" />
    <UnitTestResult executionId="84772691-fe12-43fe-9115-4400f09b0745" testId="f3b1ceb2-2ed4-084e-9ea6-5f3a4603b212" testName="SortBaseCommon_IsEquivalentOf_SortDescriptionCollection_ValidListTest" computerName="DKSR-EFI-06" duration="00:00:00.0038871" startTime="2024-01-09T15:42:20.1070891+01:00" endTime="2024-01-09T15:42:20.1070891+01:00" testType="13cdc9d9-ddb5-4fa4-a97d-d965ccfc6d4b" outcome="Passed" testListId="8c84fa94-04c1-424b-9868-57a2d4851a1d" relativeResultsDirectory="84772691-fe12-43fe-9115-4400f09b0745" />
    <UnitTestResult executionId="e95fa0a9-227e-4051-b79f-868ca9597747" testId="28ead278-d054-6f5e-1c4e-fc95724ed668" testName="NavigatingTo_ExceptionHandling_OtherException_PreselectedThrowsTest" computerName="DKSR-EFI-06" duration="00:00:00.0007525" startTime="2024-01-09T15:42:13.4508285+01:00" endTime="2024-01-09T15:42:13.4508285+01:00" testType="13cdc9d9-ddb5-4fa4-a97d-d965ccfc6d4b" outcome="Passed" testListId="8c84fa94-04c1-424b-9868-57a2d4851a1d" relativeResultsDirectory="e95fa0a9-227e-4051-b79f-868ca9597747" />
    <UnitTestResult executionId="914268f4-b64d-4cca-aa92-7bdaff4e2235" testId="2ac7088b-aae0-ffc5-163d-fd81acc19408" testName="NavigatingTo_Selection_HardwareSelectionFromHandlerTest" computerName="DKSR-EFI-06" duration="00:00:00.0056152" startTime="2024-01-09T15:42:13.4196288+01:00" endTime="2024-01-09T15:42:13.4196288+01:00" testType="13cdc9d9-ddb5-4fa4-a97d-d965ccfc6d4b" outcome="Passed" testListId="8c84fa94-04c1-424b-9868-57a2d4851a1d" relativeResultsDirectory="914268f4-b64d-4cca-aa92-7bdaff4e2235" />
    <UnitTestResult executionId="c181e2bd-aede-4bf0-955e-a395f66cdd66" testId="be8da6d3-d798-6ea6-d736-548a0a7f4ec0" testName="ScheduleNextRun_InternalExceptionDoesNotRaisesEventOnSiteWorking_Success" computerName="DKSR-EFI-06" startTime="2024-01-09T15:42:22.4977135+01:00" endTime="2024-01-09T15:42:22.4977135+01:00" testType="13cdc9d9-ddb5-4fa4-a97d-d965ccfc6d4b" outcome="NotExecuted" testListId="8c84fa94-04c1-424b-9868-57a2d4851a1d" relativeResultsDirectory="c181e2bd-aede-4bf0-955e-a395f66cdd66">
      <Output></Output>
    </UnitTestResult>
    <UnitTestResult executionId="1890ea63-a3d3-44bd-bae8-501c7cf9c749" testId="150db0d1-d1f2-3b67-40eb-bbc0399b5b5c" testName="Constructor_NullDataTest" computerName="DKSR-EFI-06" duration="00:00:00.0059251" startTime="2024-01-09T15:42:16.4352076+01:00" endTime="2024-01-09T15:42:16.4352076+01:00" testType="13cdc9d9-ddb5-4fa4-a97d-d965ccfc6d4b" outcome="Passed" testListId="8c84fa94-04c1-424b-9868-57a2d4851a1d" relativeResultsDirectory="1890ea63-a3d3-44bd-bae8-501c7cf9c749">
      <Output>
        <StdOut>Debug Trace:&#xD;
Fail: Argument null</StdOut>
      </Output>
    </UnitTestResult>
    <UnitTestResult executionId="e8d2cb3d-ed49-44b9-9f2b-efdfeeffcbb4" testId="add2eaed-7f68-7c19-41cd-e1df9d8acf43" testName="SortBaseCommon_Reverse_ReverseOfReverseTest" computerName="DKSR-EFI-06" duration="00:00:00.0003944" startTime="2024-01-09T15:42:20.0445855+01:00" endTime="2024-01-09T15:42:20.0445855+01:00" testType="13cdc9d9-ddb5-4fa4-a97d-d965ccfc6d4b" outcome="Passed" testListId="8c84fa94-04c1-424b-9868-57a2d4851a1d" relativeResultsDirectory="e8d2cb3d-ed49-44b9-9f2b-efdfeeffcbb4" />
    <UnitTestResult executionId="83ca9221-ea50-4b0c-8f7d-eb35286d3fc1" testId="7637167d-56a4-8d6c-21de-90a4cf6428b9" testName="Convert_ToValue_UsedGtAvailable" computerName="DKSR-EFI-06" duration="00:00:00.0002328" startTime="2024-01-09T15:42:14.0914533+01:00" endTime="2024-01-09T15:42:14.1070793+01:00" testType="13cdc9d9-ddb5-4fa4-a97d-d965ccfc6d4b" outcome="Passed" testListId="8c84fa94-04c1-424b-9868-57a2d4851a1d" relativeResultsDirectory="83ca9221-ea50-4b0c-8f7d-eb35286d3fc1" />
    <UnitTestResult executionId="019e55f4-2f1c-4e15-8fca-b9502e4d7204" testId="8df7f1c1-2362-9b79-c352-7a8bf748426f" testName="CurrentStatus_Event_ClearSelectionTest" computerName="DKSR-EFI-06" duration="00:00:00.0009494" startTime="2024-01-09T15:42:13.3258268+01:00" endTime="2024-01-09T15:42:13.3258268+01:00" testType="13cdc9d9-ddb5-4fa4-a97d-d965ccfc6d4b" outcome="Passed" testListId="8c84fa94-04c1-424b-9868-57a2d4851a1d" relativeResultsDirectory="019e55f4-2f1c-4e15-8fca-b9502e4d7204" />
    <UnitTestResult executionId="b77dfb74-4700-458a-9cfc-4152556c7192" testId="0995b69f-16b6-3067-e57d-07f8151c9a3b" testName="NavigatingTo_PreSelection_WizardDataHasPriorityTest" computerName="DKSR-EFI-06" duration="00:00:00.0005774" startTime="2024-01-09T15:42:13.3727028+01:00" endTime="2024-01-09T15:42:13.3727028+01:00" testType="13cdc9d9-ddb5-4fa4-a97d-d965ccfc6d4b" outcome="Passed" testListId="8c84fa94-04c1-424b-9868-57a2d4851a1d" relativeResultsDirectory="b77dfb74-4700-458a-9cfc-4152556c7192" />
    <UnitTestResult executionId="c70c18fc-859c-4eb4-a0ca-16cd5567930d" testId="4f67706c-ec17-d0dc-0484-559ff6686c7f" testName="Constructor_HardwareSelectionEmptyTest" computerName="DKSR-EFI-06" duration="00:00:00.0001504" startTime="2024-01-09T15:42:13.7477018+01:00" endTime="2024-01-09T15:42:13.7477018+01:00" testType="13cdc9d9-ddb5-4fa4-a97d-d965ccfc6d4b" outcome="Passed" testListId="8c84fa94-04c1-424b-9868-57a2d4851a1d" relativeResultsDirectory="c70c18fc-859c-4eb4-a0ca-16cd5567930d" />
    <UnitTestResult executionId="ea7b9f9d-7321-481c-983e-b29a5ae00c65" testId="b800d68e-c0ef-e59f-6608-2e15ecc49dd7" testName="Constructor_PropertyNullTest" computerName="DKSR-EFI-06" duration="00:00:00.0020843" startTime="2024-01-09T15:42:20.0133371+01:00" endTime="2024-01-09T15:42:20.0133371+01:00" testType="13cdc9d9-ddb5-4fa4-a97d-d965ccfc6d4b" outcome="Passed" testListId="8c84fa94-04c1-424b-9868-57a2d4851a1d" relativeResultsDirectory="ea7b9f9d-7321-481c-983e-b29a5ae00c65" />
    <UnitTestResult executionId="fbe4633f-7038-490c-a611-73a36c41cc4c" testId="903b7330-cb31-061c-da48-0a66f654dfcd" testName="AllHardwareSelected_Set_NullTest" computerName="DKSR-EFI-06" duration="00:00:00.0005340" startTime="2024-01-09T15:42:16.3883311+01:00" endTime="2024-01-09T15:42:16.3883311+01:00" testType="13cdc9d9-ddb5-4fa4-a97d-d965ccfc6d4b" outcome="Passed" testListId="8c84fa94-04c1-424b-9868-57a2d4851a1d" relativeResultsDirectory="fbe4633f-7038-490c-a611-73a36c41cc4c" />
    <UnitTestResult executionId="8e46be65-64a0-4877-92ac-2cd872a44978" testId="e1e4643d-f13a-c302-05a5-c406c3f326db" testName="ConvertBack_InvalidOperationException" computerName="DKSR-EFI-06" duration="00:00:00.0007421" startTime="2024-01-09T15:42:13.8883369+01:00" endTime="2024-01-09T15:42:13.8883369+01:00" testType="13cdc9d9-ddb5-4fa4-a97d-d965ccfc6d4b" outcome="Passed" testListId="8c84fa94-04c1-424b-9868-57a2d4851a1d" relativeResultsDirectory="8e46be65-64a0-4877-92ac-2cd872a44978" />
    <UnitTestResult executionId="a6d2bdda-845c-4ed2-9b90-5c264ff8856d" testId="fcfb7573-cd39-006e-136b-f37556763b5f" testName="ConvertFalseToHiddenTest" computerName="DKSR-EFI-06" duration="00:00:00.0002942" startTime="2024-01-09T15:42:20.2008345+01:00" endTime="2024-01-09T15:42:20.2008345+01:00" testType="13cdc9d9-ddb5-4fa4-a97d-d965ccfc6d4b" outcome="Passed" testListId="8c84fa94-04c1-424b-9868-57a2d4851a1d" relativeResultsDirectory="a6d2bdda-845c-4ed2-9b90-5c264ff8856d" />
    <UnitTestResult executionId="5a07f524-070a-4c39-bdea-7960fbaab414" testId="382cc119-c747-28aa-a92f-6bcf3ee3abe3" testName="NavigatingTo_Selection_SingleRecorderTest" computerName="DKSR-EFI-06" duration="00:00:00.0004275" startTime="2024-01-09T15:42:13.2633268+01:00" endTime="2024-01-09T15:42:13.2633268+01:00" testType="13cdc9d9-ddb5-4fa4-a97d-d965ccfc6d4b" outcome="Passed" testListId="8c84fa94-04c1-424b-9868-57a2d4851a1d" relativeResultsDirectory="5a07f524-070a-4c39-bdea-7960fbaab414" />
    <UnitTestResult executionId="c5f59135-c37e-47f1-9001-7e37c5ede0a5" testId="33e6ddae-9fc0-1d68-7bf1-8134b126ed37" testName="NavigatingTo_AvailableHardware_HardwarePopulatedTest" computerName="DKSR-EFI-06" duration="00:00:00.0049015" startTime="2024-01-09T15:42:13.4039528+01:00" endTime="2024-01-09T15:42:13.4039528+01:00" testType="13cdc9d9-ddb5-4fa4-a97d-d965ccfc6d4b" outcome="Passed" testListId="8c84fa94-04c1-424b-9868-57a2d4851a1d" relativeResultsDirectory="c5f59135-c37e-47f1-9001-7e37c5ede0a5" />
    <UnitTestResult executionId="732e6c7c-a0cf-4411-9445-d8ef4282b1e5" testId="cdc1bef6-f96f-7841-ca52-02ba3a526bde" testName="HandledVmoAccessTests_PermissionCheckedCollectionCanIterate" computerName="DKSR-EFI-06" duration="00:00:00.0030821" startTime="2024-01-09T15:42:17.4664596+01:00" endTime="2024-01-09T15:42:17.4820837+01:00" testType="13cdc9d9-ddb5-4fa4-a97d-d965ccfc6d4b" outcome="Passed" testListId="8c84fa94-04c1-424b-9868-57a2d4851a1d" relativeResultsDirectory="732e6c7c-a0cf-4411-9445-d8ef4282b1e5" />
    <UnitTestResult executionId="33a53722-0e41-4d32-9613-48aed97c614b" testId="449e5142-e2d4-1930-46ea-596d4d9d4839" testName="AllHardwareSelected_Event_NoEventIfValueDoesNotChangeTest" computerName="DKSR-EFI-06" duration="00:00:00.0005854" startTime="2024-01-09T15:42:13.5445777+01:00" endTime="2024-01-09T15:42:13.5445777+01:00" testType="13cdc9d9-ddb5-4fa4-a97d-d965ccfc6d4b" outcome="Passed" testListId="8c84fa94-04c1-424b-9868-57a2d4851a1d" relativeResultsDirectory="33a53722-0e41-4d32-9613-48aed97c614b" />
    <UnitTestResult executionId="1b96a175-a49e-4291-800e-f427dd65dab2" testId="05c2529e-424a-36cc-4c1f-05db0a419425" testName="MessageBoxImageExtensions_AsWinFormsMessageBoxIcon_Check_Expected_Output" computerName="DKSR-EFI-06" duration="00:00:00.0037305" startTime="2024-01-09T15:42:23.6539638+01:00" endTime="2024-01-09T15:42:23.6695890+01:00" testType="13cdc9d9-ddb5-4fa4-a97d-d965ccfc6d4b" outcome="Passed" testListId="8c84fa94-04c1-424b-9868-57a2d4851a1d" relativeResultsDirectory="1b96a175-a49e-4291-800e-f427dd65dab2" />
    <UnitTestResult executionId="d1783f63-962e-4c95-9027-1c6531cfe651" testId="6a97428c-8eb0-bb31-623f-f4be79763f79" testName="Constructor_NullDataTest" computerName="DKSR-EFI-06" duration="00:00:00.0128228" startTime="2024-01-09T15:42:12.4977058+01:00" endTime="2024-01-09T15:42:12.5133292+01:00" testType="13cdc9d9-ddb5-4fa4-a97d-d965ccfc6d4b" outcome="Passed" testListId="8c84fa94-04c1-424b-9868-57a2d4851a1d" relativeResultsDirectory="d1783f63-962e-4c95-9027-1c6531cfe651">
      <Output>
        <StdOut>Debug Trace:&#xD;
Fail: Argument null</StdOut>
      </Output>
    </UnitTestResult>
    <UnitTestResult executionId="b17bab14-04bf-40aa-bd5c-684417b63cb3" testId="955c47d6-8ac6-0b17-4842-e74668ca6925" testName="TreeItemSelectionTracker_Success" computerName="DKSR-EFI-06" duration="00:00:00.0089578" startTime="2024-01-09T15:42:18.4664607+01:00" endTime="2024-01-09T15:42:18.4820847+01:00" testType="13cdc9d9-ddb5-4fa4-a97d-d965ccfc6d4b" outcome="Passed" testListId="8c84fa94-04c1-424b-9868-57a2d4851a1d" relativeResultsDirectory="b17bab14-04bf-40aa-bd5c-684417b63cb3" />
    <UnitTestResult executionId="cfe7ba7b-f2a9-4a31-a6cf-6870f75c6da3" testId="16341a76-2443-d715-3ba2-b0f79160d644" testName="State_Loading_NextCommand_SourcePageNavigatingAwayTest" computerName="DKSR-EFI-06" duration="00:00:00.0011578" startTime="2024-01-09T15:42:14.9195808+01:00" endTime="2024-01-09T15:42:14.9195808+01:00" testType="13cdc9d9-ddb5-4fa4-a97d-d965ccfc6d4b" outcome="Passed" testListId="8c84fa94-04c1-424b-9868-57a2d4851a1d" relativeResultsDirectory="cfe7ba7b-f2a9-4a31-a6cf-6870f75c6da3">
      <Output>
        <StdOut>Debug Trace:&#xD;
Wizard : Locked navigation on thread : 15&#xD;
Wizard : Navigating to page 0 on thread 15&#xD;
Wizard : Completed navigation to page 0 on thread 13&#xD;
Wizard : Released lock navigation on thread : 13&#xD;
Wizard : Locked navigation on thread : 19&#xD;
Wizard : Navigating to page 1 on thread 19&#xD;
CALL SYNCHRONIZER [7]: Run() called on thread 19&#xD;
CALL SYNCHRONIZER [7]: Waiting for event on thread 19</StdOut>
      </Output>
    </UnitTestResult>
    <UnitTestResult executionId="8d64f2fa-216a-45de-a236-4a7c3761f1b1" testId="ecd584b6-1f44-7590-862b-3e93eda5f6e1" testName="CurrentStatus_Event_SetSelectionTest" computerName="DKSR-EFI-06" duration="00:00:00.0006994" startTime="2024-01-09T15:42:13.5602013+01:00" endTime="2024-01-09T15:42:13.5602013+01:00" testType="13cdc9d9-ddb5-4fa4-a97d-d965ccfc6d4b" outcome="Passed" testListId="8c84fa94-04c1-424b-9868-57a2d4851a1d" relativeResultsDirectory="8d64f2fa-216a-45de-a236-4a7c3761f1b1" />
    <UnitTestResult executionId="3698d544-55fc-4a0e-9d4b-bde6b3f87549" testId="ad798c80-0326-7386-6f9b-cfc5287f2395" testName="SortEquality_ConvertBack" computerName="DKSR-EFI-06" duration="00:00:00.0009242" startTime="2024-01-09T15:42:15.0289546+01:00" endTime="2024-01-09T15:42:15.0445812+01:00" testType="13cdc9d9-ddb5-4fa4-a97d-d965ccfc6d4b" outcome="Passed" testListId="8c84fa94-04c1-424b-9868-57a2d4851a1d" relativeResultsDirectory="3698d544-55fc-4a0e-9d4b-bde6b3f87549" />
    <UnitTestResult executionId="723fc6fc-7cbe-4add-8fa3-7d1aa6aaebd3" testId="c3c54a72-1587-3a50-e0f2-352c45432496" testName="Convert_ArgumentNullException" computerName="DKSR-EFI-06" duration="00:00:00.0006405" startTime="2024-01-09T15:42:13.8727692+01:00" endTime="2024-01-09T15:42:13.8727692+01:00" testType="13cdc9d9-ddb5-4fa4-a97d-d965ccfc6d4b" outcome="Passed" testListId="8c84fa94-04c1-424b-9868-57a2d4851a1d" relativeResultsDirectory="723fc6fc-7cbe-4add-8fa3-7d1aa6aaebd3" />
    <UnitTestResult executionId="1d7eecf5-ce51-4a27-a89f-44debbd871a8" testId="ab4a3b6b-68b0-800a-3f72-3234f3163c1b" testName="SortEquality_NotEqualSorts" computerName="DKSR-EFI-06" duration="00:00:00.0003909" startTime="2024-01-09T15:42:15.0133297+01:00" endTime="2024-01-09T15:42:15.0133297+01:00" testType="13cdc9d9-ddb5-4fa4-a97d-d965ccfc6d4b" outcome="Passed" testListId="8c84fa94-04c1-424b-9868-57a2d4851a1d" relativeResultsDirectory="1d7eecf5-ce51-4a27-a89f-44debbd871a8" />
    <UnitTestResult executionId="f8d33f5f-200c-4ab8-94e4-21bed78788d2" testId="36cfdd09-2c70-3b5c-1110-4438792c1a1a" testName="VmoAccess_SuppressedExceptionNotInList_PopupIsDisplayedOnException" computerName="DKSR-EFI-06" duration="00:00:00.1159735" startTime="2024-01-09T15:42:17.1695847+01:00" endTime="2024-01-09T15:42:17.2789591+01:00" testType="13cdc9d9-ddb5-4fa4-a97d-d965ccfc6d4b" outcome="Passed" testListId="8c84fa94-04c1-424b-9868-57a2d4851a1d" relativeResultsDirectory="f8d33f5f-200c-4ab8-94e4-21bed78788d2" />
    <UnitTestResult executionId="31f71204-e608-4648-9acf-a7996ff482c0" testId="3e390018-cbd0-3fab-3227-c2bdc212e7a4" testName="Constructor_NullDataTest_Data" computerName="DKSR-EFI-06" duration="00:00:00.0833537" startTime="2024-01-09T15:42:12.5445779+01:00" endTime="2024-01-09T15:42:12.6383277+01:00" testType="13cdc9d9-ddb5-4fa4-a97d-d965ccfc6d4b" outcome="Passed" testListId="8c84fa94-04c1-424b-9868-57a2d4851a1d" relativeResultsDirectory="31f71204-e608-4648-9acf-a7996ff482c0" />
    <UnitTestResult executionId="7a406593-8d40-4b33-a18a-ba5b380abb1a" testId="4297edd0-ea25-2c93-5896-2a1a6adde731" testName="NavigatingTo_CheckPreselectedHardwareAvailable_False_NavigationNotCancelled" computerName="DKSR-EFI-06" duration="00:00:00.0006426" startTime="2024-01-09T15:42:12.5289527+01:00" endTime="2024-01-09T15:42:12.5289527+01:00" testType="13cdc9d9-ddb5-4fa4-a97d-d965ccfc6d4b" outcome="Passed" testListId="8c84fa94-04c1-424b-9868-57a2d4851a1d" relativeResultsDirectory="7a406593-8d40-4b33-a18a-ba5b380abb1a" />
    <UnitTestResult executionId="4d61f487-f2b9-4621-bec3-79b70d7010d1" testId="0064c701-aef5-89d0-d48a-0c3f33352c4f" testName="NavigatingTo_ExceptionHandling_MoveHardwareException_FindRecordersThrowsTest" computerName="DKSR-EFI-06" duration="00:00:00.0033137" startTime="2024-01-09T15:42:13.2789520+01:00" endTime="2024-01-09T15:42:13.2789520+01:00" testType="13cdc9d9-ddb5-4fa4-a97d-d965ccfc6d4b" outcome="Passed" testListId="8c84fa94-04c1-424b-9868-57a2d4851a1d" relativeResultsDirectory="4d61f487-f2b9-4621-bec3-79b70d7010d1" />
    <UnitTestResult executionId="7fc451cc-726e-4c59-aabf-ffc787191a88" testId="77e4c6e7-3616-588c-8208-115090998ad6" testName="Convert_Starting_NewLines_Ignored" computerName="DKSR-EFI-06" duration="00:00:00.0002556" startTime="2024-01-09T15:42:14.2008290+01:00" endTime="2024-01-09T15:42:14.2008290+01:00" testType="13cdc9d9-ddb5-4fa4-a97d-d965ccfc6d4b" outcome="Passed" testListId="8c84fa94-04c1-424b-9868-57a2d4851a1d" relativeResultsDirectory="7fc451cc-726e-4c59-aabf-ffc787191a88" />
    <UnitTestResult executionId="11948444-1481-46fe-80f6-1a00ef90af95" testId="3452b02b-a74e-667c-54f2-2f61fc583e4b" testName="Convert_ArgumentNullException" computerName="DKSR-EFI-06" duration="00:00:00.0069043" startTime="2024-01-09T15:42:16.5758344+01:00" endTime="2024-01-09T15:42:16.5914593+01:00" testType="13cdc9d9-ddb5-4fa4-a97d-d965ccfc6d4b" outcome="Passed" testListId="8c84fa94-04c1-424b-9868-57a2d4851a1d" relativeResultsDirectory="11948444-1481-46fe-80f6-1a00ef90af95">
      <Output>
        <StdOut>Debug Trace:&#xD;
Fail: Argument null</StdOut>
      </Output>
    </UnitTestResult>
    <UnitTestResult executionId="c5e84fbf-aa7c-4b22-92d9-4991ba3725fa" testId="f4927cb4-3f2d-880e-41ec-49116b838eda" testName="NavigatingTo_ExceptionHandling_MoveHardwareException_FindHardwareThrowsTest" computerName="DKSR-EFI-06" duration="00:00:00.0009275" startTime="2024-01-09T15:42:13.4508285+01:00" endTime="2024-01-09T15:42:13.4508285+01:00" testType="13cdc9d9-ddb5-4fa4-a97d-d965ccfc6d4b" outcome="Passed" testListId="8c84fa94-04c1-424b-9868-57a2d4851a1d" relativeResultsDirectory="c5e84fbf-aa7c-4b22-92d9-4991ba3725fa" />
    <UnitTestResult executionId="914ebd11-b060-42bc-90c1-d6667c71a191" testId="41b4d628-e78a-e5e1-ce66-5032746f9934" testName="SetEnabled_True_ListView_Columns_Changed" computerName="DKSR-EFI-06" duration="00:00:01.3324427" startTime="2024-01-09T15:42:18.5602094+01:00" endTime="2024-01-09T15:42:19.8883360+01:00" testType="13cdc9d9-ddb5-4fa4-a97d-d965ccfc6d4b" outcome="Passed" testListId="8c84fa94-04c1-424b-9868-57a2d4851a1d" relativeResultsDirectory="914ebd11-b060-42bc-90c1-d6667c71a191" />
    <UnitTestResult executionId="fa12bb43-3e3c-4526-8560-df0cf731122a" testId="afbed609-a82f-6410-34bb-72066c16f622" testName="Equality_NotEqual_DifferentDirecitonTest" computerName="DKSR-EFI-06" duration="00:00:00.0001940" startTime="2024-01-09T15:42:20.1227102+01:00" endTime="2024-01-09T15:42:20.1227102+01:00" testType="13cdc9d9-ddb5-4fa4-a97d-d965ccfc6d4b" outcome="Passed" testListId="8c84fa94-04c1-424b-9868-57a2d4851a1d" relativeResultsDirectory="fa12bb43-3e3c-4526-8560-df0cf731122a" />
    <UnitTestResult executionId="edece72e-aecd-494b-af23-3d6db56be1e8" testId="7b319b5a-ac7e-27ec-d3d4-424ab7d48072" testName="PreviousCommand_ExecuteMultipleTest" computerName="DKSR-EFI-06" duration="00:00:00.0033914" startTime="2024-01-09T15:42:14.7633288+01:00" endTime="2024-01-09T15:42:14.7789560+01:00" testType="13cdc9d9-ddb5-4fa4-a97d-d965ccfc6d4b" outcome="Passed" testListId="8c84fa94-04c1-424b-9868-57a2d4851a1d" relativeResultsDirectory="edece72e-aecd-494b-af23-3d6db56be1e8">
      <Output>
        <StdOut>Debug Trace:&#xD;
Wizard : Locked navigation on thread : 15&#xD;
Wizard : Navigating to page 0 on thread 15&#xD;
Wizard : Completed navigation to page 0 on thread 13&#xD;
Wizard : Locked navigation on thread : 15&#xD;
Wizard : Navigating to page 1 on thread 15&#xD;
Wizard : Released lock navigation on thread : 13&#xD;
Wizard : Completed navigation to page 1 on thread 13&#xD;
Wizard : Released lock navigation on thread : 13&#xD;
Wizard : Locked navigation on thread : 15&#xD;
Wizard : Navigating to page 2 on thread 15&#xD;
Wizard : Completed navigation to page 2 on thread 13&#xD;
Wizard : Released lock navigation on thread : 13&#xD;
Wizard : Locked navigation on thread : 15&#xD;
Wizard : Navigating to page 1 on thread 15&#xD;
Wizard : Completed navigation to page 1 on thread 13&#xD;
Wizard : Released lock navigation on thread : 13</StdOut>
      </Output>
    </UnitTestResult>
    <UnitTestResult executionId="720a2ced-c128-4f7a-949f-9b6e3fdc1ef8" testId="8481c23f-3d6d-77ac-46b0-462c3daef337" testName="SortBaseCommon_ConfigurationCheck" computerName="DKSR-EFI-06" duration="00:00:00.0018953" startTime="2024-01-09T15:42:20.0289609+01:00" endTime="2024-01-09T15:42:20.0289609+01:00" testType="13cdc9d9-ddb5-4fa4-a97d-d965ccfc6d4b" outcome="Passed" testListId="8c84fa94-04c1-424b-9868-57a2d4851a1d" relativeResultsDirectory="720a2ced-c128-4f7a-949f-9b6e3fdc1ef8" />
    <UnitTestResult executionId="f4a1a5fb-367e-4fd4-969d-6d906815f602" testId="52661f27-794b-810e-ca1b-9e59313c8174" testName="Construct_InvalidParam_UriHandler_Throws_ArgumentNullException" computerName="DKSR-EFI-06" duration="00:00:00.0073097" startTime="2024-01-09T15:42:20.4039615+01:00" endTime="2024-01-09T15:42:20.4039615+01:00" testType="13cdc9d9-ddb5-4fa4-a97d-d965ccfc6d4b" outcome="Passed" testListId="8c84fa94-04c1-424b-9868-57a2d4851a1d" relativeResultsDirectory="f4a1a5fb-367e-4fd4-969d-6d906815f602" />
    <UnitTestResult executionId="5046894f-2120-4e6e-8dbc-2b23fb43927a" testId="ebe2be05-d2f7-645d-7be6-4d78c3740c0e" testName="Convert_Error_TargetTypeTest" computerName="DKSR-EFI-06" duration="00:00:00.0089271" startTime="2024-01-09T15:42:13.9664537+01:00" endTime="2024-01-09T15:42:13.9820780+01:00" testType="13cdc9d9-ddb5-4fa4-a97d-d965ccfc6d4b" outcome="Passed" testListId="8c84fa94-04c1-424b-9868-57a2d4851a1d" relativeResultsDirectory="5046894f-2120-4e6e-8dbc-2b23fb43927a" />
    <UnitTestResult executionId="88615f53-29e1-4deb-ba96-b2eb41aa1744" testId="c9a40857-5dc1-9213-47d9-c2166ce29db1" testName="NavigatingTo_UnsuccessfulChange_OperationsStatusError" computerName="DKSR-EFI-06" duration="00:00:00.0151267" startTime="2024-01-09T15:42:15.2320799+01:00" endTime="2024-01-09T15:42:15.2477063+01:00" testType="13cdc9d9-ddb5-4fa4-a97d-d965ccfc6d4b" outcome="Passed" testListId="8c84fa94-04c1-424b-9868-57a2d4851a1d" relativeResultsDirectory="88615f53-29e1-4deb-ba96-b2eb41aa1744">
      <Output>
        <StdOut>Debug Trace:&#xD;
CALL SYNCHRONIZER [16]: Run() called on thread 24&#xD;
CALL SYNCHRONIZER [16]: Waiting for event on thread 24&#xD;
CALL SYNCHRONIZER [16]: Event received, exiting on thread 24&#xD;
WARNIG : Progress notification received after result has been set&#xD;
WARNIG : Progress notification received after result has been set</StdOut>
      </Output>
    </UnitTestResult>
    <UnitTestResult executionId="67245c6b-ae5a-4244-ad10-97d97587db8d" testId="9c53d870-f2f9-088b-c2bd-a9607b98a852" testName="SelectionChanged_NoEventIfSelectionDoesNotChangeTest" computerName="DKSR-EFI-06" duration="00:00:00.0004217" startTime="2024-01-09T15:42:13.4977021+01:00" endTime="2024-01-09T15:42:13.4977021+01:00" testType="13cdc9d9-ddb5-4fa4-a97d-d965ccfc6d4b" outcome="Passed" testListId="8c84fa94-04c1-424b-9868-57a2d4851a1d" relativeResultsDirectory="67245c6b-ae5a-4244-ad10-97d97587db8d" />
    <UnitTestResult executionId="b750e478-8982-4011-9bc1-687b9553c1ce" testId="0df3c2d4-bc35-fe33-27ef-e68424600acc" testName="NavigatingTo_Selection_HardwareSelectionFromDataHasPriorityTest" computerName="DKSR-EFI-06" duration="00:00:00.0003875" startTime="2024-01-09T15:42:16.2320864+01:00" endTime="2024-01-09T15:42:16.2320864+01:00" testType="13cdc9d9-ddb5-4fa4-a97d-d965ccfc6d4b" outcome="Passed" testListId="8c84fa94-04c1-424b-9868-57a2d4851a1d" relativeResultsDirectory="b750e478-8982-4011-9bc1-687b9553c1ce" />
    <UnitTestResult executionId="7f016d9d-4988-4519-91b8-49cdf4370113" testId="5dff3a0f-66a9-facc-e3fc-eaefeb4fd671" testName="SortEquality_SameSorts" computerName="DKSR-EFI-06" duration="00:00:00.0069760" startTime="2024-01-09T15:42:15.0133297+01:00" endTime="2024-01-09T15:42:15.0133297+01:00" testType="13cdc9d9-ddb5-4fa4-a97d-d965ccfc6d4b" outcome="Passed" testListId="8c84fa94-04c1-424b-9868-57a2d4851a1d" relativeResultsDirectory="7f016d9d-4988-4519-91b8-49cdf4370113" />
    <UnitTestResult executionId="b34293a9-211e-42ab-9dac-7a11de2c3e4b" testId="ef144d12-0e43-7cbf-7db2-afda355e4f9e" testName="NavigatingTo_PageStatus_NoHardwareSelected" computerName="DKSR-EFI-06" duration="00:00:00.0013953" startTime="2024-01-09T15:42:16.0760618+01:00" endTime="2024-01-09T15:42:16.0760618+01:00" testType="13cdc9d9-ddb5-4fa4-a97d-d965ccfc6d4b" outcome="Passed" testListId="8c84fa94-04c1-424b-9868-57a2d4851a1d" relativeResultsDirectory="b34293a9-211e-42ab-9dac-7a11de2c3e4b" />
    <UnitTestResult executionId="3da2dacb-0598-488b-998b-00d73a4e1b45" testId="e9878acc-6ac6-fbae-39cb-00da39dd2634" testName="SortEquality_NullValues" computerName="DKSR-EFI-06" duration="00:00:00.0006555" startTime="2024-01-09T15:42:15.0289546+01:00" endTime="2024-01-09T15:42:15.0289546+01:00" testType="13cdc9d9-ddb5-4fa4-a97d-d965ccfc6d4b" outcome="Passed" testListId="8c84fa94-04c1-424b-9868-57a2d4851a1d" relativeResultsDirectory="3da2dacb-0598-488b-998b-00d73a4e1b45" />
    <UnitTestResult executionId="c242f6b5-8bd3-4634-9600-e000bf9b72bd" testId="8a3322a4-264f-c577-4666-52291e49089d" testName="InitialFocus_SetEnabled_FrameworkElement_False_Focus_Not_Called" computerName="DKSR-EFI-06" duration="00:00:00.0011055" startTime="2024-01-09T15:42:19.9039597+01:00" endTime="2024-01-09T15:42:19.9039597+01:00" testType="13cdc9d9-ddb5-4fa4-a97d-d965ccfc6d4b" outcome="Passed" testListId="8c84fa94-04c1-424b-9868-57a2d4851a1d" relativeResultsDirectory="c242f6b5-8bd3-4634-9600-e000bf9b72bd" />
    <UnitTestResult executionId="cad8c245-120d-45ec-bb09-7b092c125939" testId="ac5cc692-0a65-7039-ce1a-dce297a3350d" testName="ScaleThresholdSliderViewModel_Success" computerName="DKSR-EFI-06" duration="00:00:00.1444130" startTime="2024-01-09T15:42:18.1383338+01:00" endTime="2024-01-09T15:42:18.2945834+01:00" testType="13cdc9d9-ddb5-4fa4-a97d-d965ccfc6d4b" outcome="Passed" testListId="8c84fa94-04c1-424b-9868-57a2d4851a1d" relativeResultsDirectory="cad8c245-120d-45ec-bb09-7b092c125939" />
    <UnitTestResult executionId="9af916d0-cf4b-4c21-ba2e-b8aa8bb36b44" testId="2263de12-05b9-2615-fd9d-d2d5c9269b30" testName="Convert_ArgumentNullException" computerName="DKSR-EFI-06" duration="00:00:00.0007239" startTime="2024-01-09T15:42:12.4508263+01:00" endTime="2024-01-09T15:42:12.4508263+01:00" testType="13cdc9d9-ddb5-4fa4-a97d-d965ccfc6d4b" outcome="Passed" testListId="8c84fa94-04c1-424b-9868-57a2d4851a1d" relativeResultsDirectory="9af916d0-cf4b-4c21-ba2e-b8aa8bb36b44" />
    <UnitTestResult executionId="1e2bfa14-aac2-4dfe-ae37-e0f732a16a4b" testId="40f49818-b350-9a60-17f9-9b1f78426319" testName="Validate_WithPasswordManualEntry_RequiresLowercase_Succeeds" computerName="DKSR-EFI-06" duration="00:00:00.0004665" startTime="2024-01-09T15:42:16.1383355+01:00" endTime="2024-01-09T15:42:16.1383355+01:00" testType="13cdc9d9-ddb5-4fa4-a97d-d965ccfc6d4b" outcome="Passed" testListId="8c84fa94-04c1-424b-9868-57a2d4851a1d" relativeResultsDirectory="1e2bfa14-aac2-4dfe-ae37-e0f732a16a4b" />
    <UnitTestResult executionId="9e8cc64b-d1a0-4994-9e1c-13f4ce11b1ac" testId="ea366c82-3bd4-a53a-c238-e51073436c49" testName="EmptyStringConvertsToFalse" computerName="DKSR-EFI-06" duration="00:00:00.0006760" startTime="2024-01-09T15:42:23.7008412+01:00" endTime="2024-01-09T15:42:23.7008412+01:00" testType="13cdc9d9-ddb5-4fa4-a97d-d965ccfc6d4b" outcome="Passed" testListId="8c84fa94-04c1-424b-9868-57a2d4851a1d" relativeResultsDirectory="9e8cc64b-d1a0-4994-9e1c-13f4ce11b1ac" />
    <UnitTestResult executionId="cc3f3579-3af8-43e6-b3d6-a9ac792901f8" testId="c04a71ea-5f42-8d5c-a3ca-07d412dfde21" testName="Convert_Minutes_PluralTest" computerName="DKSR-EFI-06" duration="00:00:00.0003374" startTime="2024-01-09T15:42:13.9352044+01:00" endTime="2024-01-09T15:42:13.9352044+01:00" testType="13cdc9d9-ddb5-4fa4-a97d-d965ccfc6d4b" outcome="Passed" testListId="8c84fa94-04c1-424b-9868-57a2d4851a1d" relativeResultsDirectory="cc3f3579-3af8-43e6-b3d6-a9ac792901f8" />
    <UnitTestResult executionId="7dc4f6d5-735b-4326-95a5-210e41ddfe3f" testId="bb91231b-51b7-d87f-2bdd-85c1c55386db" testName="CurrentStatus_PostNavigatingTo_PreselectionTest" computerName="DKSR-EFI-06" duration="00:00:00.0002373" startTime="2024-01-09T15:42:13.5445777+01:00" endTime="2024-01-09T15:42:13.5445777+01:00" testType="13cdc9d9-ddb5-4fa4-a97d-d965ccfc6d4b" outcome="Passed" testListId="8c84fa94-04c1-424b-9868-57a2d4851a1d" relativeResultsDirectory="7dc4f6d5-735b-4326-95a5-210e41ddfe3f" />
    <UnitTestResult executionId="85256ac3-815c-400f-a1ad-65be0e1fe7bb" testId="46745c6d-406d-74ac-ea72-14ed1bc148d5" testName="ConvertNonMatchingTypeThrows" computerName="DKSR-EFI-06" duration="00:00:00.0006477" startTime="2024-01-09T15:42:23.7164634+01:00" endTime="2024-01-09T15:42:23.7164634+01:00" testType="13cdc9d9-ddb5-4fa4-a97d-d965ccfc6d4b" outcome="Passed" testListId="8c84fa94-04c1-424b-9868-57a2d4851a1d" relativeResultsDirectory="85256ac3-815c-400f-a1ad-65be0e1fe7bb" />
    <UnitTestResult executionId="aa00de6a-5ebf-4b52-a34b-53b91bf2b99c" testId="f258be3c-7407-cd7a-eb07-a7d905519e41" testName="Constructor_SunnyDayTest" computerName="DKSR-EFI-06" duration="00:00:00.0001611" startTime="2024-01-09T15:42:13.7477018+01:00" endTime="2024-01-09T15:42:13.7477018+01:00" testType="13cdc9d9-ddb5-4fa4-a97d-d965ccfc6d4b" outcome="Passed" testListId="8c84fa94-04c1-424b-9868-57a2d4851a1d" relativeResultsDirectory="aa00de6a-5ebf-4b52-a34b-53b91bf2b99c" />
    <UnitTestResult executionId="463af7ca-c8e1-42e8-becf-42aae69c21a4" testId="959dc0d4-5cb5-3db0-bb92-0af8715ac40d" testName="Initialize_NoFixedHardwareSelectionTest" computerName="DKSR-EFI-06" duration="00:00:00.1469244" startTime="2024-01-09T15:42:13.0758293+01:00" endTime="2024-01-09T15:42:13.2320762+01:00" testType="13cdc9d9-ddb5-4fa4-a97d-d965ccfc6d4b" outcome="Passed" testListId="8c84fa94-04c1-424b-9868-57a2d4851a1d" relativeResultsDirectory="463af7ca-c8e1-42e8-becf-42aae69c21a4">
      <Output>
        <StdOut>Debug Trace:&#xD;
Wizard : Locked navigation on thread : 15&#xD;
Wizard : Navigating to page 0 on thread 15&#xD;
Wizard : Completed navigation to page 0 on thread 11&#xD;
Wizard : Released lock navigation on thread : 11</StdOut>
      </Output>
    </UnitTestResult>
    <UnitTestResult executionId="987d46ce-65a9-4fb6-aaa6-5b3685179061" testId="94129610-3ce2-205b-4a42-45c4d697d9ed" testName="Convert_AllValues" computerName="DKSR-EFI-06" duration="00:00:00.0017265" startTime="2024-01-09T15:42:16.5758344+01:00" endTime="2024-01-09T15:42:16.5758344+01:00" testType="13cdc9d9-ddb5-4fa4-a97d-d965ccfc6d4b" outcome="Passed" testListId="8c84fa94-04c1-424b-9868-57a2d4851a1d" relativeResultsDirectory="987d46ce-65a9-4fb6-aaa6-5b3685179061" />
    <UnitTestResult executionId="395bfc77-8f79-40bb-a3bf-f01600094087" testId="842c3777-724f-a6c4-be4c-c9bb68611fca" testName="NavigatingTo_NoChecksFail_HardwareSelected_NavigationCancelled" computerName="DKSR-EFI-06" duration="00:00:00.0003230" startTime="2024-01-09T15:42:14.2164545+01:00" endTime="2024-01-09T15:42:14.2164545+01:00" testType="13cdc9d9-ddb5-4fa4-a97d-d965ccfc6d4b" outcome="Passed" testListId="8c84fa94-04c1-424b-9868-57a2d4851a1d" relativeResultsDirectory="395bfc77-8f79-40bb-a3bf-f01600094087" />
    <UnitTestResult executionId="6765b3c6-1eef-4001-9c5c-ad95323d0e15" testId="5c3abe48-e255-bf5f-e62f-6c920d08143b" testName="Convert_Negative_HoursTest" computerName="DKSR-EFI-06" duration="00:00:00.0002825" startTime="2024-01-09T15:42:13.9352044+01:00" endTime="2024-01-09T15:42:13.9352044+01:00" testType="13cdc9d9-ddb5-4fa4-a97d-d965ccfc6d4b" outcome="Passed" testListId="8c84fa94-04c1-424b-9868-57a2d4851a1d" relativeResultsDirectory="6765b3c6-1eef-4001-9c5c-ad95323d0e15" />
    <UnitTestResult executionId="653be296-72fc-4120-b803-86e7b9296122" testId="272d8b0b-ba7b-7143-82a6-3c4a3a74e0ce" testName="UpdateSelection_EmptySelectionTest" computerName="DKSR-EFI-06" duration="00:00:00.0004111" startTime="2024-01-09T15:42:16.3102070+01:00" endTime="2024-01-09T15:42:16.3102070+01:00" testType="13cdc9d9-ddb5-4fa4-a97d-d965ccfc6d4b" outcome="Passed" testListId="8c84fa94-04c1-424b-9868-57a2d4851a1d" relativeResultsDirectory="653be296-72fc-4120-b803-86e7b9296122" />
    <UnitTestResult executionId="9bc315f1-b069-4000-abdd-d2e2f4d898ee" testId="6ccba33d-bc0f-8f72-0f2a-7c964b3c53bb" testName="ValueRounding_Success" computerName="DKSR-EFI-06" duration="00:00:00.0001385" startTime="2024-01-09T15:42:18.3884180+01:00" endTime="2024-01-09T15:42:18.3884180+01:00" testType="13cdc9d9-ddb5-4fa4-a97d-d965ccfc6d4b" outcome="Passed" testListId="8c84fa94-04c1-424b-9868-57a2d4851a1d" relativeResultsDirectory="9bc315f1-b069-4000-abdd-d2e2f4d898ee" />
    <UnitTestResult executionId="3f1fb0ec-2edd-4967-98db-2968563ac9f7" testId="d5e41e46-8604-2549-4224-9c75532b73f9" testName="HandledVmoAccessTests_PermissionCheckerReturnsCorrectResultWhenCallSucceeds" computerName="DKSR-EFI-06" duration="00:00:00.0017227" startTime="2024-01-09T15:42:17.3102096+01:00" endTime="2024-01-09T15:42:17.3102096+01:00" testType="13cdc9d9-ddb5-4fa4-a97d-d965ccfc6d4b" outcome="Passed" testListId="8c84fa94-04c1-424b-9868-57a2d4851a1d" relativeResultsDirectory="3f1fb0ec-2edd-4967-98db-2968563ac9f7" />
    <UnitTestResult executionId="f1e3e01b-d17e-470e-8f6d-49c22931abc4" testId="3b910f72-e7f0-2f69-c0c5-a8d5c6d738e1" testName="NavigatingTo_Selection_FromData_UnavailableItemsTest" computerName="DKSR-EFI-06" duration="00:00:00.0006910" startTime="2024-01-09T15:42:16.2320864+01:00" endTime="2024-01-09T15:42:16.2477081+01:00" testType="13cdc9d9-ddb5-4fa4-a97d-d965ccfc6d4b" outcome="Passed" testListId="8c84fa94-04c1-424b-9868-57a2d4851a1d" relativeResultsDirectory="f1e3e01b-d17e-470e-8f6d-49c22931abc4" />
    <UnitTestResult executionId="721915ba-3dc5-49ae-9f19-73f29bbbcc48" testId="2e391c7e-1dce-9fa6-0e65-96dba3873d48" testName="Convert_IsNullOrEmpty_WhiteSpace_Input_Returns_FalseResult" computerName="DKSR-EFI-06" duration="00:00:00.0002548" startTime="2024-01-09T15:42:20.2633372+01:00" endTime="2024-01-09T15:42:20.2633372+01:00" testType="13cdc9d9-ddb5-4fa4-a97d-d965ccfc6d4b" outcome="Passed" testListId="8c84fa94-04c1-424b-9868-57a2d4851a1d" relativeResultsDirectory="721915ba-3dc5-49ae-9f19-73f29bbbcc48" />
    <UnitTestResult executionId="0e3c9827-c9d1-478a-8220-15643063c8ce" testId="10e1eae9-c292-aa86-d0ad-c125edac0057" testName="SelectionChanged_NoEventIfSelectionDoesNotChangeTest" computerName="DKSR-EFI-06" duration="00:00:00.0005787" startTime="2024-01-09T15:42:16.3727101+01:00" endTime="2024-01-09T15:42:16.3727101+01:00" testType="13cdc9d9-ddb5-4fa4-a97d-d965ccfc6d4b" outcome="Passed" testListId="8c84fa94-04c1-424b-9868-57a2d4851a1d" relativeResultsDirectory="0e3c9827-c9d1-478a-8220-15643063c8ce" />
    <UnitTestResult executionId="3344b913-6b92-4e75-8170-277d01d79b78" testId="fae9d735-58b3-573d-8237-7c0c9db7c422" testName="Constructor_NullDataTest" computerName="DKSR-EFI-06" duration="00:00:00.0039212" startTime="2024-01-09T15:42:13.2320762+01:00" endTime="2024-01-09T15:42:13.2320762+01:00" testType="13cdc9d9-ddb5-4fa4-a97d-d965ccfc6d4b" outcome="Passed" testListId="8c84fa94-04c1-424b-9868-57a2d4851a1d" relativeResultsDirectory="3344b913-6b92-4e75-8170-277d01d79b78" />
    <UnitTestResult executionId="2e73c1fd-2f14-45f3-9cb4-4398fb2ceeae" testId="a1606dfc-9800-9deb-4db8-fc1f9a0706b9" testName="Convert_Empty_Input_Gives_Empty_Output" computerName="DKSR-EFI-06" duration="00:00:00.0002158" startTime="2024-01-09T15:42:16.5445815+01:00" endTime="2024-01-09T15:42:16.5445815+01:00" testType="13cdc9d9-ddb5-4fa4-a97d-d965ccfc6d4b" outcome="Passed" testListId="8c84fa94-04c1-424b-9868-57a2d4851a1d" relativeResultsDirectory="2e73c1fd-2f14-45f3-9cb4-4398fb2ceeae" />
    <UnitTestResult executionId="155e2c4f-7f68-4e3f-a307-72a57b4a18b3" testId="f9c98099-5fe6-9106-1392-0051e77ba0c1" testName="NextCommand_CanExecute_PageValidTest" computerName="DKSR-EFI-06" duration="00:00:00.0494297" startTime="2024-01-09T15:42:14.4820825+01:00" endTime="2024-01-09T15:42:14.5289552+01:00" testType="13cdc9d9-ddb5-4fa4-a97d-d965ccfc6d4b" outcome="Passed" testListId="8c84fa94-04c1-424b-9868-57a2d4851a1d" relativeResultsDirectory="155e2c4f-7f68-4e3f-a307-72a57b4a18b3">
      <Output>
        <StdOut>Debug Trace:&#xD;
Wizard : Locked navigation on thread : 15&#xD;
Wizard : Navigating to page 0 on thread 15&#xD;
Wizard : Completed navigation to page 0 on thread 13&#xD;
Wizard : Locked navigation on thread : 15&#xD;
Wizard : Navigating to page 1 on thread 15&#xD;
Wizard : Completed navigation to page 1 on thread 17&#xD;
Wizard : Released lock navigation on thread : 17&#xD;
Wizard : Released lock navigation on thread : 13</StdOut>
      </Output>
    </UnitTestResult>
    <UnitTestResult executionId="dcee43c8-2de5-47aa-9109-15659f338242" testId="8d1690cd-845e-c64a-906e-0495db86469d" testName="ConvertNonMatchingTypeThrows" computerName="DKSR-EFI-06" duration="00:00:00.0006273" startTime="2024-01-09T15:42:23.6852115+01:00" endTime="2024-01-09T15:42:23.6852115+01:00" testType="13cdc9d9-ddb5-4fa4-a97d-d965ccfc6d4b" outcome="Passed" testListId="8c84fa94-04c1-424b-9868-57a2d4851a1d" relativeResultsDirectory="dcee43c8-2de5-47aa-9109-15659f338242" />
    <UnitTestResult executionId="cbe5dc12-d1a4-44c4-a205-c4842f6f1107" testId="0472b6c8-6759-0c73-1423-85e2e90fedd2" testName="Initialize_NoPagesReturned" computerName="DKSR-EFI-06" duration="00:00:00.0014046" startTime="2024-01-09T15:42:14.2945805+01:00" endTime="2024-01-09T15:42:14.2945805+01:00" testType="13cdc9d9-ddb5-4fa4-a97d-d965ccfc6d4b" outcome="Passed" testListId="8c84fa94-04c1-424b-9868-57a2d4851a1d" relativeResultsDirectory="cbe5dc12-d1a4-44c4-a205-c4842f6f1107" />
    <UnitTestResult executionId="e88bd911-03e8-4661-8eb1-f1d0c0a85598" testId="707b3396-9b7a-a91b-fb63-5aabb6aa993e" testName="PreviousCommand_NavigationCallbacks_SourceTest" computerName="DKSR-EFI-06" duration="00:00:00.0013259" startTime="2024-01-09T15:42:14.8570809+01:00" endTime="2024-01-09T15:42:14.8570809+01:00" testType="13cdc9d9-ddb5-4fa4-a97d-d965ccfc6d4b" outcome="Passed" testListId="8c84fa94-04c1-424b-9868-57a2d4851a1d" relativeResultsDirectory="e88bd911-03e8-4661-8eb1-f1d0c0a85598">
      <Output>
        <StdOut>Debug Trace:&#xD;
Wizard : Locked navigation on thread : 15&#xD;
Wizard : Navigating to page 0 on thread 15&#xD;
Wizard : Completed navigation to page 0 on thread 13&#xD;
Wizard : Released lock navigation on thread : 13&#xD;
Wizard : Locked navigation on thread : 15&#xD;
Wizard : Navigating to page 1 on thread 15&#xD;
Wizard : Completed navigation to page 1 on thread 19&#xD;
Wizard : Released lock navigation on thread : 19&#xD;
Wizard : Locked navigation on thread : 15&#xD;
Wizard : Navigating to page 0 on thread 15&#xD;
Wizard : Completed navigation to page 0 on thread 19&#xD;
Wizard : Released lock navigation on thread : 19</StdOut>
      </Output>
    </UnitTestResult>
    <UnitTestResult executionId="6ce9e6bd-3ac8-4d60-ad23-799cd7bbe7a8" testId="c5200ce1-116e-3d3e-a89a-8d38c5fad705" testName="NavigatingTo_CheckPreselectedRecorderAvailable_False_NavigationNotCancelled" computerName="DKSR-EFI-06" duration="00:00:00.0039752" startTime="2024-01-09T15:42:16.4508330+01:00" endTime="2024-01-09T15:42:16.4508330+01:00" testType="13cdc9d9-ddb5-4fa4-a97d-d965ccfc6d4b" outcome="Passed" testListId="8c84fa94-04c1-424b-9868-57a2d4851a1d" relativeResultsDirectory="6ce9e6bd-3ac8-4d60-ad23-799cd7bbe7a8" />
    <UnitTestResult executionId="20b970cb-84a4-42f5-ad3b-d7ee2f8a6768" testId="23f93523-d225-e603-18e7-638622ea4afd" testName="AllHardwareSelected_Set_FalseTest" computerName="DKSR-EFI-06" duration="00:00:00.0002690" startTime="2024-01-09T15:42:13.5133264+01:00" endTime="2024-01-09T15:42:13.5133264+01:00" testType="13cdc9d9-ddb5-4fa4-a97d-d965ccfc6d4b" outcome="Passed" testListId="8c84fa94-04c1-424b-9868-57a2d4851a1d" relativeResultsDirectory="20b970cb-84a4-42f5-ad3b-d7ee2f8a6768" />
    <UnitTestResult executionId="b7a03d93-7787-4e8b-adc2-5fa5ddd53386" testId="d9063414-0021-3f3b-5db1-5a010c790427" testName="NonEmptyStringConvertsToCollapsed" computerName="DKSR-EFI-06" duration="00:00:00.0002724" startTime="2024-01-09T15:42:23.6852115+01:00" endTime="2024-01-09T15:42:23.6852115+01:00" testType="13cdc9d9-ddb5-4fa4-a97d-d965ccfc6d4b" outcome="Passed" testListId="8c84fa94-04c1-424b-9868-57a2d4851a1d" relativeResultsDirectory="b7a03d93-7787-4e8b-adc2-5fa5ddd53386" />
    <UnitTestResult executionId="3a18ee76-72a7-49b0-90f2-e0da059d697f" testId="63f7da69-8862-a50a-b4b5-c960f744aef1" testName="NullObjectConvertsToCollapsed" computerName="DKSR-EFI-06" duration="00:00:00.0002519" startTime="2024-01-09T15:42:23.7164634+01:00" endTime="2024-01-09T15:42:23.7164634+01:00" testType="13cdc9d9-ddb5-4fa4-a97d-d965ccfc6d4b" outcome="Passed" testListId="8c84fa94-04c1-424b-9868-57a2d4851a1d" relativeResultsDirectory="3a18ee76-72a7-49b0-90f2-e0da059d697f" />
    <UnitTestResult executionId="26cdb0c2-195a-4b5b-a0c5-c3eef3feb3f5" testId="dcb345bb-2a81-cf82-a922-e9b8e68f9b28" testName="Convert_NewLines_Only_Gives_Empty_Output" computerName="DKSR-EFI-06" duration="00:00:00.0002106" startTime="2024-01-09T15:42:16.5602085+01:00" endTime="2024-01-09T15:42:16.5602085+01:00" testType="13cdc9d9-ddb5-4fa4-a97d-d965ccfc6d4b" outcome="Passed" testListId="8c84fa94-04c1-424b-9868-57a2d4851a1d" relativeResultsDirectory="26cdb0c2-195a-4b5b-a0c5-c3eef3feb3f5" />
    <UnitTestResult executionId="706b69a5-7228-4732-8aaf-49cbbf81baa7" testId="af068063-1e36-aadb-516f-c956a5b2eb3a" testName="ConvertBack_InvalidOperationTest" computerName="DKSR-EFI-06" duration="00:00:00.0007101" startTime="2024-01-09T15:42:13.9664537+01:00" endTime="2024-01-09T15:42:13.9664537+01:00" testType="13cdc9d9-ddb5-4fa4-a97d-d965ccfc6d4b" outcome="Passed" testListId="8c84fa94-04c1-424b-9868-57a2d4851a1d" relativeResultsDirectory="706b69a5-7228-4732-8aaf-49cbbf81baa7" />
    <UnitTestResult executionId="a2052aee-9ae1-4e5b-a1cf-29de8b83333b" testId="543cb258-3f83-7c3f-bfde-b6afaef309a0" testName="SortBaseCommon_Equality_SortBase_EqualObjectsTest" computerName="DKSR-EFI-06" duration="00:00:00.0000076" startTime="2024-01-09T15:42:20.1852103+01:00" endTime="2024-01-09T15:42:20.1852103+01:00" testType="13cdc9d9-ddb5-4fa4-a97d-d965ccfc6d4b" outcome="Passed" testListId="8c84fa94-04c1-424b-9868-57a2d4851a1d" relativeResultsDirectory="a2052aee-9ae1-4e5b-a1cf-29de8b83333b" />
    <UnitTestResult executionId="8f0951c8-254e-4106-ad27-7694ef91ea44" testId="65bb21ec-a84a-33c2-5191-d6efaa182c77" testName="ColumnWidthSpec_Relative_With_MaxPercentage_ArgumentException" computerName="DKSR-EFI-06" duration="00:00:00.0003115" startTime="2024-01-09T15:42:18.5602094+01:00" endTime="2024-01-09T15:42:18.5602094+01:00" testType="13cdc9d9-ddb5-4fa4-a97d-d965ccfc6d4b" outcome="Passed" testListId="8c84fa94-04c1-424b-9868-57a2d4851a1d" relativeResultsDirectory="8f0951c8-254e-4106-ad27-7694ef91ea44" />
    <UnitTestResult executionId="765b8da4-5d6d-47a9-bdd9-a7bcc49c232f" testId="7f37cb27-9a48-5cfa-81d4-67f4e61f026b" testName="ConvertBack_InvalidOperationException" computerName="DKSR-EFI-06" duration="00:00:00.0004223" startTime="2024-01-09T15:42:14.1383289+01:00" endTime="2024-01-09T15:42:14.1539549+01:00" testType="13cdc9d9-ddb5-4fa4-a97d-d965ccfc6d4b" outcome="Passed" testListId="8c84fa94-04c1-424b-9868-57a2d4851a1d" relativeResultsDirectory="765b8da4-5d6d-47a9-bdd9-a7bcc49c232f" />
    <UnitTestResult executionId="731863fd-8018-43c3-b4d6-6f7a17b0cd20" testId="f4502bb0-7b14-a497-cdfd-03cb06a6b7af" testName="GetDividerFromType_Success" computerName="DKSR-EFI-06" duration="00:00:00.0004115" startTime="2024-01-09T15:42:18.3884180+01:00" endTime="2024-01-09T15:42:18.3884180+01:00" testType="13cdc9d9-ddb5-4fa4-a97d-d965ccfc6d4b" outcome="Passed" testListId="8c84fa94-04c1-424b-9868-57a2d4851a1d" relativeResultsDirectory="731863fd-8018-43c3-b4d6-6f7a17b0cd20" />
    <UnitTestResult executionId="149c337a-8423-4249-81d7-f3a7c343285c" testId="af0a5896-0a4c-d96f-b5de-90fa8dfee835" testName="ConvertValues_Success" computerName="DKSR-EFI-06" duration="00:00:00.0006981" startTime="2024-01-09T15:42:18.3884180+01:00" endTime="2024-01-09T15:42:18.3884180+01:00" testType="13cdc9d9-ddb5-4fa4-a97d-d965ccfc6d4b" outcome="Passed" testListId="8c84fa94-04c1-424b-9868-57a2d4851a1d" relativeResultsDirectory="149c337a-8423-4249-81d7-f3a7c343285c" />
    <UnitTestResult executionId="8230f4c4-b148-4887-aca2-f01286804360" testId="6fb74ec5-2016-803e-6002-9db1a1b3dd9a" testName="Convert_MultipleWarnings" computerName="DKSR-EFI-06" duration="00:00:00.0004821" startTime="2024-01-09T15:42:14.1539549+01:00" endTime="2024-01-09T15:42:14.1539549+01:00" testType="13cdc9d9-ddb5-4fa4-a97d-d965ccfc6d4b" outcome="Passed" testListId="8c84fa94-04c1-424b-9868-57a2d4851a1d" relativeResultsDirectory="8230f4c4-b148-4887-aca2-f01286804360" />
    <UnitTestResult executionId="94ca7f75-0fab-4362-a649-30a1f1e2a6b1" testId="3bf964e8-c5a6-3fe1-f316-c11f44c28a62" testName="UpdateSelection_PreSelectSamePhysicalHardwareTest" computerName="DKSR-EFI-06" duration="00:00:00.0006248" startTime="2024-01-09T15:42:16.3414575+01:00" endTime="2024-01-09T15:42:16.3414575+01:00" testType="13cdc9d9-ddb5-4fa4-a97d-d965ccfc6d4b" outcome="Passed" testListId="8c84fa94-04c1-424b-9868-57a2d4851a1d" relativeResultsDirectory="94ca7f75-0fab-4362-a649-30a1f1e2a6b1" />
    <UnitTestResult executionId="c7b46965-2049-49f0-b275-fc55508fa6a6" testId="6791732f-26a7-04d2-eb4e-7b28d6773426" testName="Convert_AllValues" computerName="DKSR-EFI-06" duration="00:00:00.0015497" startTime="2024-01-09T15:42:13.8414527+01:00" endTime="2024-01-09T15:42:13.8414527+01:00" testType="13cdc9d9-ddb5-4fa4-a97d-d965ccfc6d4b" outcome="Passed" testListId="8c84fa94-04c1-424b-9868-57a2d4851a1d" relativeResultsDirectory="c7b46965-2049-49f0-b275-fc55508fa6a6" />
    <UnitTestResult executionId="51977ced-5d14-4b25-8fab-6ba3e2da305a" testId="f1fcf646-8764-a8ca-57d2-1e53de4b6519" testName="NavigatingAway_WithPasswordManualEntry_PasswordSet" computerName="DKSR-EFI-06" duration="00:00:00.0004029" startTime="2024-01-09T15:42:16.1539573+01:00" endTime="2024-01-09T15:42:16.1539573+01:00" testType="13cdc9d9-ddb5-4fa4-a97d-d965ccfc6d4b" outcome="Passed" testListId="8c84fa94-04c1-424b-9868-57a2d4851a1d" relativeResultsDirectory="51977ced-5d14-4b25-8fab-6ba3e2da305a" />
    <UnitTestResult executionId="5cb142c9-7aa1-4800-8026-372e0abce048" testId="8ba5c093-ea32-1a1c-20d9-dc37a6af84f6" testName="AllHardwareSelected_Set_TrueTest" computerName="DKSR-EFI-06" duration="00:00:00.0008619" startTime="2024-01-09T15:42:16.3883311+01:00" endTime="2024-01-09T15:42:16.3883311+01:00" testType="13cdc9d9-ddb5-4fa4-a97d-d965ccfc6d4b" outcome="Passed" testListId="8c84fa94-04c1-424b-9868-57a2d4851a1d" relativeResultsDirectory="5cb142c9-7aa1-4800-8026-372e0abce048" />
    <UnitTestResult executionId="ffa65f4b-4842-4f49-8d89-9d89b2c109c0" testId="f3ff7ea0-e10b-3e83-9f9b-d76ecada8625" testName="SortBaseCommon_IsEquivalentOf_SortDescriptionCollection_NullTest" computerName="DKSR-EFI-06" duration="00:00:00.0009313" startTime="2024-01-09T15:42:20.0914609+01:00" endTime="2024-01-09T15:42:20.1070891+01:00" testType="13cdc9d9-ddb5-4fa4-a97d-d965ccfc6d4b" outcome="Passed" testListId="8c84fa94-04c1-424b-9868-57a2d4851a1d" relativeResultsDirectory="ffa65f4b-4842-4f49-8d89-9d89b2c109c0" />
    <UnitTestResult executionId="c5c4278e-2a23-4e55-85cb-a6c12298d23e" testId="e8352377-5053-ecad-50ab-7c4805d36856" testName="NavigatingTo_PreSelection_NoPreselectionTest" computerName="DKSR-EFI-06" duration="00:00:00.0052200" startTime="2024-01-09T15:42:13.3570775+01:00" endTime="2024-01-09T15:42:13.3570775+01:00" testType="13cdc9d9-ddb5-4fa4-a97d-d965ccfc6d4b" outcome="Passed" testListId="8c84fa94-04c1-424b-9868-57a2d4851a1d" relativeResultsDirectory="c5c4278e-2a23-4e55-85cb-a6c12298d23e" />
    <UnitTestResult executionId="af598d29-764d-4f6f-beb4-dfbdf247a472" testId="8acef0c7-e31c-985c-7262-db84b8b0d8de" testName="AllHardwareSelected_Event_ToAllSelectedTest" computerName="DKSR-EFI-06" duration="00:00:00.0007611" startTime="2024-01-09T15:42:13.5289555+01:00" endTime="2024-01-09T15:42:13.5289555+01:00" testType="13cdc9d9-ddb5-4fa4-a97d-d965ccfc6d4b" outcome="Passed" testListId="8c84fa94-04c1-424b-9868-57a2d4851a1d" relativeResultsDirectory="af598d29-764d-4f6f-beb4-dfbdf247a472" />
    <UnitTestResult executionId="8e10afd0-eac8-402b-aed0-3b7a898a28f6" testId="4941567f-baae-3872-eaef-b8a09ddb9b4f" testName="SortBaseCommon_Equality_Object_SameInstanceTest" computerName="DKSR-EFI-06" duration="00:00:00.0001389" startTime="2024-01-09T15:42:20.0758348+01:00" endTime="2024-01-09T15:42:20.0758348+01:00" testType="13cdc9d9-ddb5-4fa4-a97d-d965ccfc6d4b" outcome="Passed" testListId="8c84fa94-04c1-424b-9868-57a2d4851a1d" relativeResultsDirectory="8e10afd0-eac8-402b-aed0-3b7a898a28f6" />
    <UnitTestResult executionId="be3fe884-41fc-4c88-ae48-ced6cef880d7" testId="118cab95-3ce6-8f1d-0d35-d7927bbc85d1" testName="ColumnWidthSpec_Absolute_NaNWidth_Throws_ArgumentException" computerName="DKSR-EFI-06" duration="00:00:00.0005648" startTime="2024-01-09T15:42:18.5445852+01:00" endTime="2024-01-09T15:42:18.5445852+01:00" testType="13cdc9d9-ddb5-4fa4-a97d-d965ccfc6d4b" outcome="Passed" testListId="8c84fa94-04c1-424b-9868-57a2d4851a1d" relativeResultsDirectory="be3fe884-41fc-4c88-ae48-ced6cef880d7" />
    <UnitTestResult executionId="ab9bbee4-33b2-4055-ac17-7859f54fff69" testId="2bfd3e16-90c4-7703-b0ea-87d512bfda46" testName="State_Loading_NextCommand_DestinationPageNavigatedToTest" computerName="DKSR-EFI-06" duration="00:00:00.0023791" startTime="2024-01-09T15:42:14.9039560+01:00" endTime="2024-01-09T15:42:14.9039560+01:00" testType="13cdc9d9-ddb5-4fa4-a97d-d965ccfc6d4b" outcome="Passed" testListId="8c84fa94-04c1-424b-9868-57a2d4851a1d" relativeResultsDirectory="ab9bbee4-33b2-4055-ac17-7859f54fff69">
      <Output>
        <StdOut>Debug Trace:&#xD;
Wizard : Locked navigation on thread : 15&#xD;
Wizard : Navigating to page 0 on thread 15&#xD;
Wizard : Completed navigation to page 0 on thread 13&#xD;
Wizard : Released lock navigation on thread : 13&#xD;
Wizard : Locked navigation on thread : 19&#xD;
Wizard : Navigating to page 1 on thread 19&#xD;
CALL SYNCHRONIZER [6]: Run() called on thread 19&#xD;
CALL SYNCHRONIZER [6]: Waiting for event on thread 19</StdOut>
      </Output>
    </UnitTestResult>
    <UnitTestResult executionId="c713e0ea-b757-4c52-8803-70068d108359" testId="5db63c4b-a10a-08fd-05f5-ae6a25d1140f" testName="Convert_AvailableOnly_UsageNegativeTest" computerName="DKSR-EFI-06" duration="00:00:00.0003065" startTime="2024-01-09T15:42:14.0289560+01:00" endTime="2024-01-09T15:42:14.0289560+01:00" testType="13cdc9d9-ddb5-4fa4-a97d-d965ccfc6d4b" outcome="Passed" testListId="8c84fa94-04c1-424b-9868-57a2d4851a1d" relativeResultsDirectory="c713e0ea-b757-4c52-8803-70068d108359" />
    <UnitTestResult executionId="9f6ee221-7046-4c48-a79e-cf1bad1fd805" testId="770b9801-4690-1bc5-6bdf-3ddba81a86d2" testName="Convert_IsNullOrWhiteSpace_Null_Input_Returns_TrueResult" computerName="DKSR-EFI-06" duration="00:00:00.0001735" startTime="2024-01-09T15:42:20.2789617+01:00" endTime="2024-01-09T15:42:20.2789617+01:00" testType="13cdc9d9-ddb5-4fa4-a97d-d965ccfc6d4b" outcome="Passed" testListId="8c84fa94-04c1-424b-9868-57a2d4851a1d" relativeResultsDirectory="9f6ee221-7046-4c48-a79e-cf1bad1fd805" />
    <UnitTestResult executionId="d6f87265-4990-4e5b-bb84-f0b241c1b626" testId="32735e1c-1866-ff8c-1424-4aa60ca80d82" testName="NavigatingAway_EmptySelectionTest" computerName="DKSR-EFI-06" duration="00:00:00.0198348" startTime="2024-01-09T15:42:16.2633312+01:00" endTime="2024-01-09T15:42:16.2789584+01:00" testType="13cdc9d9-ddb5-4fa4-a97d-d965ccfc6d4b" outcome="Passed" testListId="8c84fa94-04c1-424b-9868-57a2d4851a1d" relativeResultsDirectory="d6f87265-4990-4e5b-bb84-f0b241c1b626" />
    <UnitTestResult executionId="acf1efd8-a65c-4eda-98c0-7f8942566df2" testId="b43cd285-6f14-30fa-1eaa-298d06fe8796" testName="Convert_AvailableOnly_UsageNullTest" computerName="DKSR-EFI-06" duration="00:00:00.0002974" startTime="2024-01-09T15:42:14.0289560+01:00" endTime="2024-01-09T15:42:14.0289560+01:00" testType="13cdc9d9-ddb5-4fa4-a97d-d965ccfc6d4b" outcome="Passed" testListId="8c84fa94-04c1-424b-9868-57a2d4851a1d" relativeResultsDirectory="acf1efd8-a65c-4eda-98c0-7f8942566df2" />
    <UnitTestResult executionId="f1542876-5038-44ba-bd15-2b52040ff943" testId="b8b140ed-d5d9-0145-6ed7-49d434570c45" testName="Convert_Parameters_TargetType_InvalidTest" computerName="DKSR-EFI-06" duration="00:00:00.0006115" startTime="2024-01-09T15:42:13.9508289+01:00" endTime="2024-01-09T15:42:13.9508289+01:00" testType="13cdc9d9-ddb5-4fa4-a97d-d965ccfc6d4b" outcome="Passed" testListId="8c84fa94-04c1-424b-9868-57a2d4851a1d" relativeResultsDirectory="f1542876-5038-44ba-bd15-2b52040ff943" />
    <UnitTestResult executionId="fd9fd226-3842-407d-9a2d-2fb3030eecb8" testId="07ae45b6-e301-3520-2a2b-464a984634c4" testName="Initialize_WithFixedHardwareSelectionTest" computerName="DKSR-EFI-06" duration="00:00:00.0680394" startTime="2024-01-09T15:42:13.7633290+01:00" endTime="2024-01-09T15:42:13.8414527+01:00" testType="13cdc9d9-ddb5-4fa4-a97d-d965ccfc6d4b" outcome="Passed" testListId="8c84fa94-04c1-424b-9868-57a2d4851a1d" relativeResultsDirectory="fd9fd226-3842-407d-9a2d-2fb3030eecb8">
      <Output>
        <StdOut>Debug Trace:&#xD;
Wizard : Locked navigation on thread : 15&#xD;
Wizard : Navigating to page 0 on thread 15&#xD;
Wizard : Completed navigation to page 0 on thread 17</StdOut>
      </Output>
    </UnitTestResult>
    <UnitTestResult executionId="207605dc-bd4a-4e06-a345-c01daca85e42" testId="aadd126e-6c36-f9f6-1958-d58539ae90a0" testName="Convert_IsNullOrWhiteSpace_WhiteSpace_Input_Returns_TrueResult" computerName="DKSR-EFI-06" duration="00:00:00.0001674" startTime="2024-01-09T15:42:20.2789617+01:00" endTime="2024-01-09T15:42:20.2789617+01:00" testType="13cdc9d9-ddb5-4fa4-a97d-d965ccfc6d4b" outcome="Passed" testListId="8c84fa94-04c1-424b-9868-57a2d4851a1d" relativeResultsDirectory="207605dc-bd4a-4e06-a345-c01daca85e42" />
    <UnitTestResult executionId="a67317ff-df9f-46b6-9883-d2776644147b" testId="6b5427c4-3998-55f8-2902-c3d8729fa256" testName="SortBaseCommon_GetHashCode_EqualInstancesTest" computerName="DKSR-EFI-06" duration="00:00:00.0003953" startTime="2024-01-09T15:42:20.0758348+01:00" endTime="2024-01-09T15:42:20.0758348+01:00" testType="13cdc9d9-ddb5-4fa4-a97d-d965ccfc6d4b" outcome="Passed" testListId="8c84fa94-04c1-424b-9868-57a2d4851a1d" relativeResultsDirectory="a67317ff-df9f-46b6-9883-d2776644147b" />
    <UnitTestResult executionId="d126e834-df55-4437-ad30-ffd80c8ac3e6" testId="fe0e323a-65ab-54e2-b710-f04a8ddef948" testName="NextCommand_NavigatingAway_Cancelled" computerName="DKSR-EFI-06" duration="00:00:00.0028993" startTime="2024-01-09T15:42:14.8570809+01:00" endTime="2024-01-09T15:42:14.8570809+01:00" testType="13cdc9d9-ddb5-4fa4-a97d-d965ccfc6d4b" outcome="Passed" testListId="8c84fa94-04c1-424b-9868-57a2d4851a1d" relativeResultsDirectory="d126e834-df55-4437-ad30-ffd80c8ac3e6">
      <Output>
        <StdOut>Debug Trace:&#xD;
Wizard : Locked navigation on thread : 15&#xD;
Wizard : Navigating to page 0 on thread 15&#xD;
Wizard : Completed navigation to page 0 on thread 13&#xD;
Wizard : Released lock navigation on thread : 13&#xD;
Wizard : Locked navigation on thread : 15&#xD;
Wizard : Navigating to page 1 on thread 15&#xD;
Wizard : Released lock navigation on thread : 19</StdOut>
      </Output>
    </UnitTestResult>
    <UnitTestResult executionId="6671de96-b893-465c-9db5-92b3379d5c67" testId="035fdee6-71f6-6745-0bb2-260ef5c286b9" testName="UpdateSelection_ValidSelectionTest" computerName="DKSR-EFI-06" duration="00:00:00.0009285" startTime="2024-01-09T15:42:13.4664523+01:00" endTime="2024-01-09T15:42:13.4664523+01:00" testType="13cdc9d9-ddb5-4fa4-a97d-d965ccfc6d4b" outcome="Passed" testListId="8c84fa94-04c1-424b-9868-57a2d4851a1d" relativeResultsDirectory="6671de96-b893-465c-9db5-92b3379d5c67" />
    <UnitTestResult executionId="602b0fde-51e9-477c-b2f5-7f9e27e2f97d" testId="f44f2dd5-a7ab-d096-2a3f-e1665e7a38f9" testName="NullValueThrows" computerName="DKSR-EFI-06" duration="00:00:00.0006018" startTime="2024-01-09T15:42:23.7320895+01:00" endTime="2024-01-09T15:42:23.7320895+01:00" testType="13cdc9d9-ddb5-4fa4-a97d-d965ccfc6d4b" outcome="Passed" testListId="8c84fa94-04c1-424b-9868-57a2d4851a1d" relativeResultsDirectory="602b0fde-51e9-477c-b2f5-7f9e27e2f97d" />
    <UnitTestResult executionId="2084efe4-383b-440e-8403-e0bb1e9a4c38" testId="bfd1e10f-b778-d28b-e4d4-fe93a0ae1bd1" testName="ConvertTrueToVisibleTest" computerName="DKSR-EFI-06" duration="00:00:00.0007520" startTime="2024-01-09T15:42:20.2008345+01:00" endTime="2024-01-09T15:42:20.2008345+01:00" testType="13cdc9d9-ddb5-4fa4-a97d-d965ccfc6d4b" outcome="Passed" testListId="8c84fa94-04c1-424b-9868-57a2d4851a1d" relativeResultsDirectory="2084efe4-383b-440e-8403-e0bb1e9a4c38" />
    <UnitTestResult executionId="32a05397-b470-4e5f-8950-e83d1580a520" testId="39c8e53a-73cf-d170-1747-bf84e9ddd436" testName="Constructor_DataNullTest" computerName="DKSR-EFI-06" duration="00:00:00.0028805" startTime="2024-01-09T15:42:13.3414517+01:00" endTime="2024-01-09T15:42:13.3414517+01:00" testType="13cdc9d9-ddb5-4fa4-a97d-d965ccfc6d4b" outcome="Passed" testListId="8c84fa94-04c1-424b-9868-57a2d4851a1d" relativeResultsDirectory="32a05397-b470-4e5f-8950-e83d1580a520" />
    <UnitTestResult executionId="f210d43e-7e90-4540-9247-f34ca98c1c82" testId="209167c4-8248-0ab8-8dd9-08811f572a2c" testName="Constructor_NullDataTest_Data" computerName="DKSR-EFI-06" duration="00:00:00.0041357" startTime="2024-01-09T15:42:16.0602086+01:00" endTime="2024-01-09T15:42:16.0602086+01:00" testType="13cdc9d9-ddb5-4fa4-a97d-d965ccfc6d4b" outcome="Passed" testListId="8c84fa94-04c1-424b-9868-57a2d4851a1d" relativeResultsDirectory="f210d43e-7e90-4540-9247-f34ca98c1c82" />
    <UnitTestResult executionId="e3e31087-546f-47d4-81a4-af77d7a2ad4c" testId="1617597d-bf88-945d-8f00-fba5da581d8c" testName="Convert_ToBool_BothInvalidTest" computerName="DKSR-EFI-06" duration="00:00:00.0002297" startTime="2024-01-09T15:42:14.1227058+01:00" endTime="2024-01-09T15:42:14.1227058+01:00" testType="13cdc9d9-ddb5-4fa4-a97d-d965ccfc6d4b" outcome="Passed" testListId="8c84fa94-04c1-424b-9868-57a2d4851a1d" relativeResultsDirectory="e3e31087-546f-47d4-81a4-af77d7a2ad4c" />
    <UnitTestResult executionId="ef764bb2-dc9a-41ce-8d28-1a47f786e70a" testId="ed172d0f-835c-32fb-91ff-3bbf7051f82a" testName="ThresholdBottomLevelHeightMultiValueConverter_DownUpIsTrue_Success" computerName="DKSR-EFI-06" duration="00:00:00.0010228" startTime="2024-01-09T15:42:18.4977097+01:00" endTime="2024-01-09T15:42:18.4977097+01:00" testType="13cdc9d9-ddb5-4fa4-a97d-d965ccfc6d4b" outcome="Passed" testListId="8c84fa94-04c1-424b-9868-57a2d4851a1d" relativeResultsDirectory="ef764bb2-dc9a-41ce-8d28-1a47f786e70a" />
    <UnitTestResult executionId="f4301be4-4cff-4dbc-8fa2-b66ac580abed" testId="4b3fd966-5843-d2c0-fd04-fb813c6c0291" testName="SelectionChanged_SameSelectedItemsCountTest" computerName="DKSR-EFI-06" duration="00:00:00.0007073" startTime="2024-01-09T15:42:16.3570828+01:00" endTime="2024-01-09T15:42:16.3570828+01:00" testType="13cdc9d9-ddb5-4fa4-a97d-d965ccfc6d4b" outcome="Passed" testListId="8c84fa94-04c1-424b-9868-57a2d4851a1d" relativeResultsDirectory="f4301be4-4cff-4dbc-8fa2-b66ac580abed" />
    <UnitTestResult executionId="68f30cf3-f07f-4edf-a631-0941d0bcce67" testId="43263a7c-2c3e-b069-fd0c-2c4a015e823b" testName="SystemDashboard_LookupThresholdName_Success" computerName="DKSR-EFI-06" duration="00:00:00.0016891" startTime="2024-01-09T15:42:17.5133342+01:00" endTime="2024-01-09T15:42:17.5133342+01:00" testType="13cdc9d9-ddb5-4fa4-a97d-d965ccfc6d4b" outcome="Passed" testListId="8c84fa94-04c1-424b-9868-57a2d4851a1d" relativeResultsDirectory="68f30cf3-f07f-4edf-a631-0941d0bcce67" />
    <UnitTestResult executionId="6ed2bf56-121d-43af-b235-f9cb7b388f70" testId="df7f62f9-5ef7-21d6-3351-81f945f933e9" testName="NonEmptyStringConvertsToVisible" computerName="DKSR-EFI-06" duration="00:00:00.0002578" startTime="2024-01-09T15:42:23.7164634+01:00" endTime="2024-01-09T15:42:23.7164634+01:00" testType="13cdc9d9-ddb5-4fa4-a97d-d965ccfc6d4b" outcome="Passed" testListId="8c84fa94-04c1-424b-9868-57a2d4851a1d" relativeResultsDirectory="6ed2bf56-121d-43af-b235-f9cb7b388f70" />
    <UnitTestResult executionId="9b46a84b-261e-42c0-9954-b9fd86565aa0" testId="02075e43-4828-bcaa-7b84-76aedd69c27f" testName="Constructor_WhitespacePropertyTest" computerName="DKSR-EFI-06" duration="00:00:00.0005139" startTime="2024-01-09T15:42:20.1383353+01:00" endTime="2024-01-09T15:42:20.1383353+01:00" testType="13cdc9d9-ddb5-4fa4-a97d-d965ccfc6d4b" outcome="Passed" testListId="8c84fa94-04c1-424b-9868-57a2d4851a1d" relativeResultsDirectory="9b46a84b-261e-42c0-9954-b9fd86565aa0" />
    <UnitTestResult executionId="24432544-26b9-431d-a4f7-66418d3dde9a" testId="61bad184-2e28-53b6-c735-cbc94d62c03b" testName="PreviousCommand_NavigationCallbacks_DestinationTest" computerName="DKSR-EFI-06" duration="00:00:00.0016464" startTime="2024-01-09T15:42:14.8414597+01:00" endTime="2024-01-09T15:42:14.8570809+01:00" testType="13cdc9d9-ddb5-4fa4-a97d-d965ccfc6d4b" outcome="Passed" testListId="8c84fa94-04c1-424b-9868-57a2d4851a1d" relativeResultsDirectory="24432544-26b9-431d-a4f7-66418d3dde9a">
      <Output>
        <StdOut>Debug Trace:&#xD;
Wizard : Locked navigation on thread : 15&#xD;
Wizard : Navigating to page 0 on thread 15&#xD;
Wizard : Completed navigation to page 0 on thread 13&#xD;
Wizard : Released lock navigation on thread : 13&#xD;
Wizard : Locked navigation on thread : 15&#xD;
Wizard : Navigating to page 1 on thread 15&#xD;
Wizard : Completed navigation to page 1 on thread 19&#xD;
Wizard : Released lock navigation on thread : 19&#xD;
Wizard : Locked navigation on thread : 15&#xD;
Wizard : Navigating to page 0 on thread 15&#xD;
Wizard : Completed navigation to page 0 on thread 19&#xD;
Wizard : Released lock navigation on thread : 19</StdOut>
      </Output>
    </UnitTestResult>
    <UnitTestResult executionId="caf90b3c-f380-40e3-a67c-f2600fc42e3b" testId="5ff12909-3484-abe3-4d4e-8b5fe5dde4dc" testName="ConvertNonMatchingType" computerName="DKSR-EFI-06" duration="00:00:00.0006969" startTime="2024-01-09T15:42:20.2164609+01:00" endTime="2024-01-09T15:42:20.2164609+01:00" testType="13cdc9d9-ddb5-4fa4-a97d-d965ccfc6d4b" outcome="Passed" testListId="8c84fa94-04c1-424b-9868-57a2d4851a1d" relativeResultsDirectory="caf90b3c-f380-40e3-a67c-f2600fc42e3b" />
    <UnitTestResult executionId="0d8e2afc-2c71-4dc0-8ac8-c96a5f0b1915" testId="1d64517e-5e9e-e387-c7c9-3472ba2a77ec" testName="MessageBoxImageExtensions_AsWinFormsMessageBoxIcon_All_Values_Supported" computerName="DKSR-EFI-06" duration="00:00:00.0023081" startTime="2024-01-09T15:42:23.6539638+01:00" endTime="2024-01-09T15:42:23.6539638+01:00" testType="13cdc9d9-ddb5-4fa4-a97d-d965ccfc6d4b" outcome="Passed" testListId="8c84fa94-04c1-424b-9868-57a2d4851a1d" relativeResultsDirectory="0d8e2afc-2c71-4dc0-8ac8-c96a5f0b1915" />
    <UnitTestResult executionId="1f313d19-b653-4dd0-a4be-b7233b96dc0f" testId="5e99c972-c6eb-2f25-b3c8-ff60259e4271" testName="Validate_WithPasswordManualEntry_RequiresDigits_Fails" computerName="DKSR-EFI-06" duration="00:00:00.0006616" startTime="2024-01-09T15:42:16.1227076+01:00" endTime="2024-01-09T15:42:16.1227076+01:00" testType="13cdc9d9-ddb5-4fa4-a97d-d965ccfc6d4b" outcome="Passed" testListId="8c84fa94-04c1-424b-9868-57a2d4851a1d" relativeResultsDirectory="1f313d19-b653-4dd0-a4be-b7233b96dc0f" />
    <UnitTestResult executionId="9a0d42a4-d740-4316-99a4-4bc099f1018c" testId="facce5ee-8c93-6dd2-28b3-fddef0656faa" testName="Equality_NotEqual_DifferentFallbackPropertyTest" computerName="DKSR-EFI-06" duration="00:00:00.0001730" startTime="2024-01-09T15:42:20.1227102+01:00" endTime="2024-01-09T15:42:20.1227102+01:00" testType="13cdc9d9-ddb5-4fa4-a97d-d965ccfc6d4b" outcome="Passed" testListId="8c84fa94-04c1-424b-9868-57a2d4851a1d" relativeResultsDirectory="9a0d42a4-d740-4316-99a4-4bc099f1018c" />
    <UnitTestResult executionId="f9962929-eacd-4356-9e2e-f6677f6d7de5" testId="2dfe4212-1e51-6a2f-eccf-e624c5e32703" testName="CurrentStatus_PostNavigatingTo_PreselectionTest" computerName="DKSR-EFI-06" duration="00:00:00.0002810" startTime="2024-01-09T15:42:16.4196270+01:00" endTime="2024-01-09T15:42:16.4196270+01:00" testType="13cdc9d9-ddb5-4fa4-a97d-d965ccfc6d4b" outcome="Passed" testListId="8c84fa94-04c1-424b-9868-57a2d4851a1d" relativeResultsDirectory="f9962929-eacd-4356-9e2e-f6677f6d7de5" />
    <UnitTestResult executionId="c4084716-4198-4fa3-be66-900e8210b821" testId="0086faaf-80d1-dcee-f6a8-6024fc959c32" testName="UpdateSelection_SameCountTest" computerName="DKSR-EFI-06" duration="00:00:00.0004818" startTime="2024-01-09T15:42:16.3102070+01:00" endTime="2024-01-09T15:42:16.3102070+01:00" testType="13cdc9d9-ddb5-4fa4-a97d-d965ccfc6d4b" outcome="Passed" testListId="8c84fa94-04c1-424b-9868-57a2d4851a1d" relativeResultsDirectory="c4084716-4198-4fa3-be66-900e8210b821" />
    <UnitTestResult executionId="81ab9baa-e62b-4e0e-a6da-780f161145a0" testId="3151dadf-b9b4-706f-3f15-ef0804d1c4a4" testName="Convert_Error_CultureInfoNullTest" computerName="DKSR-EFI-06" duration="00:00:00.0006062" startTime="2024-01-09T15:42:13.9977033+01:00" endTime="2024-01-09T15:42:13.9977033+01:00" testType="13cdc9d9-ddb5-4fa4-a97d-d965ccfc6d4b" outcome="Passed" testListId="8c84fa94-04c1-424b-9868-57a2d4851a1d" relativeResultsDirectory="81ab9baa-e62b-4e0e-a6da-780f161145a0" />
    <UnitTestResult executionId="e9be8dd1-4a8c-4e69-8b12-a2abadff9078" testId="60272d89-6b4a-f3ea-4b7d-90929143f6d5" testName="Initialize_NavigationCallbacks_InitialNavigationTest" computerName="DKSR-EFI-06" duration="00:00:00.0015009" startTime="2024-01-09T15:42:14.2945805+01:00" endTime="2024-01-09T15:42:14.2945805+01:00" testType="13cdc9d9-ddb5-4fa4-a97d-d965ccfc6d4b" outcome="Passed" testListId="8c84fa94-04c1-424b-9868-57a2d4851a1d" relativeResultsDirectory="e9be8dd1-4a8c-4e69-8b12-a2abadff9078">
      <Output>
        <StdOut>Debug Trace:&#xD;
Wizard : Locked navigation on thread : 15&#xD;
Wizard : Navigating to page 0 on thread 15&#xD;
Wizard : Completed navigation to page 0 on thread 11&#xD;
Wizard : Released lock navigation on thread : 11</StdOut>
      </Output>
    </UnitTestResult>
    <UnitTestResult executionId="bef8ce11-b752-4f92-81b4-576ff3b87db8" testId="051cea69-508d-00ec-49e7-f29a5b42f816" testName="Convert_ToValue_BothValidTest" computerName="DKSR-EFI-06" duration="00:00:00.0011302" startTime="2024-01-09T15:42:14.0914533+01:00" endTime="2024-01-09T15:42:14.0914533+01:00" testType="13cdc9d9-ddb5-4fa4-a97d-d965ccfc6d4b" outcome="Passed" testListId="8c84fa94-04c1-424b-9868-57a2d4851a1d" relativeResultsDirectory="bef8ce11-b752-4f92-81b4-576ff3b87db8" />
    <UnitTestResult executionId="047769da-480b-48f3-af9c-548cecfc0097" testId="a7f86a3c-148c-895f-7b07-9b829325de74" testName="NavigatingTo_ExceptionHandling_OtherException_PreselectedThrowsTest" computerName="DKSR-EFI-06" duration="00:00:00.0007681" startTime="2024-01-09T15:42:13.2789520+01:00" endTime="2024-01-09T15:42:13.2789520+01:00" testType="13cdc9d9-ddb5-4fa4-a97d-d965ccfc6d4b" outcome="Passed" testListId="8c84fa94-04c1-424b-9868-57a2d4851a1d" relativeResultsDirectory="047769da-480b-48f3-af9c-548cecfc0097" />
    <UnitTestResult executionId="d44f616e-e171-4aeb-8263-7ed6136c343b" testId="26999113-1198-9909-f7e6-5ef0cd5248b1" testName="AllHardwareSelected_Event_FromAllSelectedTest" computerName="DKSR-EFI-06" duration="00:00:00.0009433" startTime="2024-01-09T15:42:13.5445777+01:00" endTime="2024-01-09T15:42:13.5445777+01:00" testType="13cdc9d9-ddb5-4fa4-a97d-d965ccfc6d4b" outcome="Passed" testListId="8c84fa94-04c1-424b-9868-57a2d4851a1d" relativeResultsDirectory="d44f616e-e171-4aeb-8263-7ed6136c343b" />
    <UnitTestResult executionId="997e14ba-72a9-48a5-9d5d-e835f1f941e9" testId="176b2712-3712-9031-e728-6aa2f634400d" testName="NavigatingTo_ErrorHandling_FindStorages_MoveHardwareExceptionTest" computerName="DKSR-EFI-06" duration="00:00:00.0011460" startTime="2024-01-09T15:42:13.3727028+01:00" endTime="2024-01-09T15:42:13.3727028+01:00" testType="13cdc9d9-ddb5-4fa4-a97d-d965ccfc6d4b" outcome="Passed" testListId="8c84fa94-04c1-424b-9868-57a2d4851a1d" relativeResultsDirectory="997e14ba-72a9-48a5-9d5d-e835f1f941e9" />
    <UnitTestResult executionId="944bfd79-9f52-49a5-98d1-f7b66384689f" testId="8d63a4e5-4a61-29fb-40d6-95f5542c60ab" testName="ThresholdLevelHeightMultiValueConverter_InvalidMaxThreshold" computerName="DKSR-EFI-06" duration="00:00:00.0008178" startTime="2024-01-09T15:42:18.4977097+01:00" endTime="2024-01-09T15:42:18.4977097+01:00" testType="13cdc9d9-ddb5-4fa4-a97d-d965ccfc6d4b" outcome="Passed" testListId="8c84fa94-04c1-424b-9868-57a2d4851a1d" relativeResultsDirectory="944bfd79-9f52-49a5-98d1-f7b66384689f" />
    <UnitTestResult executionId="93ab03d8-83ae-408a-ac99-4e5419661213" testId="8a6535dc-f240-c831-6f06-7d4751bd0c13" testName="CurrentStatus_Update_ClearSelectionTest" computerName="DKSR-EFI-06" duration="00:00:00.0002601" startTime="2024-01-09T15:42:13.3258268+01:00" endTime="2024-01-09T15:42:13.3258268+01:00" testType="13cdc9d9-ddb5-4fa4-a97d-d965ccfc6d4b" outcome="Passed" testListId="8c84fa94-04c1-424b-9868-57a2d4851a1d" relativeResultsDirectory="93ab03d8-83ae-408a-ac99-4e5419661213" />
    <UnitTestResult executionId="b837fb1e-6ef9-46c6-94f5-a6ad78d39744" testId="256150e6-7cc4-aaf6-f835-c3ad5b350990" testName="NavigatingTo_ExceptionHandling_ChangeHardwarePasswordException_PreselectedThrowsTest" computerName="DKSR-EFI-06" duration="00:00:00.0018696" startTime="2024-01-09T15:42:16.2477081+01:00" endTime="2024-01-09T15:42:16.2477081+01:00" testType="13cdc9d9-ddb5-4fa4-a97d-d965ccfc6d4b" outcome="Passed" testListId="8c84fa94-04c1-424b-9868-57a2d4851a1d" relativeResultsDirectory="b837fb1e-6ef9-46c6-94f5-a6ad78d39744" />
    <UnitTestResult executionId="58f39cea-f66e-45e3-873f-c2cbe4c41ac7" testId="1215b13d-bdb0-e0b6-e15f-33774c017240" testName="Convert_Null_Input_Throws_ArgumentNullException" computerName="DKSR-EFI-06" duration="00:00:00.0098808" startTime="2024-01-09T15:42:14.1695806+01:00" endTime="2024-01-09T15:42:14.1695806+01:00" testType="13cdc9d9-ddb5-4fa4-a97d-d965ccfc6d4b" outcome="Passed" testListId="8c84fa94-04c1-424b-9868-57a2d4851a1d" relativeResultsDirectory="58f39cea-f66e-45e3-873f-c2cbe4c41ac7">
      <Output>
        <StdOut>Debug Trace:&#xD;
Fail: Argument null</StdOut>
      </Output>
    </UnitTestResult>
    <UnitTestResult executionId="fb113f12-07eb-4f35-a9aa-bed5eed01c87" testId="db1836fe-be4d-cd73-a08e-2b1f59817a0d" testName="DefaultsTest" computerName="DKSR-EFI-06" duration="00:00:00.0013510" startTime="2024-01-09T15:42:14.0445781+01:00" endTime="2024-01-09T15:42:14.0445781+01:00" testType="13cdc9d9-ddb5-4fa4-a97d-d965ccfc6d4b" outcome="Passed" testListId="8c84fa94-04c1-424b-9868-57a2d4851a1d" relativeResultsDirectory="fb113f12-07eb-4f35-a9aa-bed5eed01c87" />
    <UnitTestResult executionId="bead4b41-e3e3-4501-af3b-1f4273ffed2b" testId="8242a71c-0de4-6927-8a39-1791b0d7b873" testName="SelectedRecorderChanged_ToCertainRecorder_RecorderFilterApplies" computerName="DKSR-EFI-06" duration="00:00:00.0007025" startTime="2024-01-09T15:42:16.3883311+01:00" endTime="2024-01-09T15:42:16.3883311+01:00" testType="13cdc9d9-ddb5-4fa4-a97d-d965ccfc6d4b" outcome="Passed" testListId="8c84fa94-04c1-424b-9868-57a2d4851a1d" relativeResultsDirectory="bead4b41-e3e3-4501-af3b-1f4273ffed2b" />
    <UnitTestResult executionId="b8521202-2f70-479e-9192-5fd490774db2" testId="244baee8-6235-42ec-0302-cf2c28a5d4a2" testName="NavigatingTo_ExceptionHandling_OtherException_PreselectedThrowsTest" computerName="DKSR-EFI-06" duration="00:00:00.0008402" startTime="2024-01-09T15:42:16.2633312+01:00" endTime="2024-01-09T15:42:16.2633312+01:00" testType="13cdc9d9-ddb5-4fa4-a97d-d965ccfc6d4b" outcome="Passed" testListId="8c84fa94-04c1-424b-9868-57a2d4851a1d" relativeResultsDirectory="b8521202-2f70-479e-9192-5fd490774db2" />
    <UnitTestResult executionId="6f358443-3765-4638-bd9c-f5464897dcbe" testId="f3acd017-a1db-2e96-a424-62e6dd004767" testName="NavigatingTo_Selection_HardwareSelectionFromHandlerTest" computerName="DKSR-EFI-06" duration="00:00:00.0049089" startTime="2024-01-09T15:42:16.2320864+01:00" endTime="2024-01-09T15:42:16.2320864+01:00" testType="13cdc9d9-ddb5-4fa4-a97d-d965ccfc6d4b" outcome="Passed" testListId="8c84fa94-04c1-424b-9868-57a2d4851a1d" relativeResultsDirectory="6f358443-3765-4638-bd9c-f5464897dcbe" />
    <UnitTestResult executionId="b2486bbe-5b0b-40e4-a6f7-1b2dc4c0759b" testId="65885bb5-bd75-eed6-215a-ad7ce0d8ca0f" testName="NavigatingTo_ErrorHandling_StorageUsage_MoveHardwareExceptionTest" computerName="DKSR-EFI-06" duration="00:00:00.0010528" startTime="2024-01-09T15:42:13.3883315+01:00" endTime="2024-01-09T15:42:13.3883315+01:00" testType="13cdc9d9-ddb5-4fa4-a97d-d965ccfc6d4b" outcome="Passed" testListId="8c84fa94-04c1-424b-9868-57a2d4851a1d" relativeResultsDirectory="b2486bbe-5b0b-40e4-a6f7-1b2dc4c0759b" />
    <UnitTestResult executionId="655fb7c1-5f8a-47c5-ae10-9059d3258807" testId="869bc4bf-7cf9-9f00-69cb-d737cbcad77d" testName="NewInstance_StateValidationTest" computerName="DKSR-EFI-06" duration="00:00:00.0045863" startTime="2024-01-09T15:42:14.2633283+01:00" endTime="2024-01-09T15:42:14.2633283+01:00" testType="13cdc9d9-ddb5-4fa4-a97d-d965ccfc6d4b" outcome="Passed" testListId="8c84fa94-04c1-424b-9868-57a2d4851a1d" relativeResultsDirectory="655fb7c1-5f8a-47c5-ae10-9059d3258807" />
    <UnitTestResult executionId="a89ab500-29cf-427d-9e30-e66c0a871aff" testId="56ce6859-3fc6-36c5-7ef0-37f8a01cb715" testName="SortBaseCommon_SortDescriptions_Test" computerName="DKSR-EFI-06" duration="00:00:00.0045968" startTime="2024-01-09T15:42:20.0289609+01:00" endTime="2024-01-09T15:42:20.0289609+01:00" testType="13cdc9d9-ddb5-4fa4-a97d-d965ccfc6d4b" outcome="Passed" testListId="8c84fa94-04c1-424b-9868-57a2d4851a1d" relativeResultsDirectory="a89ab500-29cf-427d-9e30-e66c0a871aff" />
    <UnitTestResult executionId="3a9688db-f199-41b0-aa76-5b2dfda27468" testId="5e8702d9-5c9f-0f2b-a406-1864da59bd7e" testName="NavigatingTo_CheckPreselectedHardwareAvailable_False_NavigationNotCancelled" computerName="DKSR-EFI-06" duration="00:00:00.0006944" startTime="2024-01-09T15:42:16.4508330+01:00" endTime="2024-01-09T15:42:16.4664579+01:00" testType="13cdc9d9-ddb5-4fa4-a97d-d965ccfc6d4b" outcome="Passed" testListId="8c84fa94-04c1-424b-9868-57a2d4851a1d" relativeResultsDirectory="3a9688db-f199-41b0-aa76-5b2dfda27468" />
    <UnitTestResult executionId="0dc31248-2611-498e-9d04-97d71e77247c" testId="95b1d03a-18fd-f584-536b-f90a32b3e60a" testName="UpdateSelection_Garbage_NonExistentHardwareTest" computerName="DKSR-EFI-06" duration="00:00:00.0004215" startTime="2024-01-09T15:42:13.4820771+01:00" endTime="2024-01-09T15:42:13.4820771+01:00" testType="13cdc9d9-ddb5-4fa4-a97d-d965ccfc6d4b" outcome="Passed" testListId="8c84fa94-04c1-424b-9868-57a2d4851a1d" relativeResultsDirectory="0dc31248-2611-498e-9d04-97d71e77247c" />
    <UnitTestResult executionId="ba2b509c-c5f5-4d97-a9d5-210afd283061" testId="4b48bf36-078b-3281-68de-73bcc93c35cc" testName="Convert_ToBool_BothValidTest" computerName="DKSR-EFI-06" duration="00:00:00.0002339" startTime="2024-01-09T15:42:14.1227058+01:00" endTime="2024-01-09T15:42:14.1227058+01:00" testType="13cdc9d9-ddb5-4fa4-a97d-d965ccfc6d4b" outcome="Passed" testListId="8c84fa94-04c1-424b-9868-57a2d4851a1d" relativeResultsDirectory="ba2b509c-c5f5-4d97-a9d5-210afd283061" />
    <UnitTestResult executionId="e2b44405-22d4-4bb6-8500-451f02ac15ae" testId="08edd840-a09f-9a15-0c61-afe7bf3e0d5b" testName="PreviousCommand_IsAvailable_AvailableTest" computerName="DKSR-EFI-06" duration="00:00:00.0019554" startTime="2024-01-09T15:42:14.8102062+01:00" endTime="2024-01-09T15:42:14.8102062+01:00" testType="13cdc9d9-ddb5-4fa4-a97d-d965ccfc6d4b" outcome="Passed" testListId="8c84fa94-04c1-424b-9868-57a2d4851a1d" relativeResultsDirectory="e2b44405-22d4-4bb6-8500-451f02ac15ae">
      <Output>
        <StdOut>Debug Trace:&#xD;
Wizard : Locked navigation on thread : 15&#xD;
Wizard : Navigating to page 0 on thread 15&#xD;
Wizard : Completed navigation to page 0 on thread 13&#xD;
Wizard : Locked navigation on thread : 15&#xD;
Wizard : Navigating to page 1 on thread 15&#xD;
Wizard : Released lock navigation on thread : 13&#xD;
Wizard : Completed navigation to page 1 on thread 13&#xD;
Wizard : Released lock navigation on thread : 13</StdOut>
      </Output>
    </UnitTestResult>
    <UnitTestResult executionId="5a5109ac-799c-4712-86d6-b687020ec47b" testId="f82ffb2c-a404-9020-7b62-349ae13e5c75" testName="Convert_NoWarnings" computerName="DKSR-EFI-06" duration="00:00:00.0024030" startTime="2024-01-09T15:42:12.4820756+01:00" endTime="2024-01-09T15:42:12.4820756+01:00" testType="13cdc9d9-ddb5-4fa4-a97d-d965ccfc6d4b" outcome="Passed" testListId="8c84fa94-04c1-424b-9868-57a2d4851a1d" relativeResultsDirectory="5a5109ac-799c-4712-86d6-b687020ec47b" />
    <UnitTestResult executionId="3aa20045-891d-4a33-a47f-3335186b02c1" testId="10d2c696-3fe4-10c2-09de-7ceef1c7fe28" testName="ConvertBack_InvalidOperationException" computerName="DKSR-EFI-06" duration="00:00:00.0004148" startTime="2024-01-09T15:42:16.5914593+01:00" endTime="2024-01-09T15:42:16.5914593+01:00" testType="13cdc9d9-ddb5-4fa4-a97d-d965ccfc6d4b" outcome="Passed" testListId="8c84fa94-04c1-424b-9868-57a2d4851a1d" relativeResultsDirectory="3aa20045-891d-4a33-a47f-3335186b02c1" />
    <UnitTestResult executionId="6c7d9fb2-11fd-4ad1-8b31-a3853ad20a53" testId="42450511-e9fc-1bb8-0a73-2867da9ef625" testName="PreviousCommand_ExecuteTest" computerName="DKSR-EFI-06" duration="00:00:00.0043923" startTime="2024-01-09T15:42:14.7789560+01:00" endTime="2024-01-09T15:42:14.7789560+01:00" testType="13cdc9d9-ddb5-4fa4-a97d-d965ccfc6d4b" outcome="Passed" testListId="8c84fa94-04c1-424b-9868-57a2d4851a1d" relativeResultsDirectory="6c7d9fb2-11fd-4ad1-8b31-a3853ad20a53">
      <Output>
        <StdOut>Debug Trace:&#xD;
Wizard : Locked navigation on thread : 15&#xD;
Wizard : Navigating to page 0 on thread 15&#xD;
Wizard : Completed navigation to page 0 on thread 13&#xD;
Wizard : Locked navigation on thread : 15&#xD;
Wizard : Navigating to page 1 on thread 15&#xD;
Wizard : Released lock navigation on thread : 13&#xD;
Wizard : Completed navigation to page 1 on thread 13&#xD;
Wizard : Released lock navigation on thread : 13&#xD;
Wizard : Locked navigation on thread : 15&#xD;
Wizard : Navigating to page 2 on thread 15&#xD;
Wizard : Completed navigation to page 2 on thread 13&#xD;
Wizard : Released lock navigation on thread : 13&#xD;
Wizard : Locked navigation on thread : 15&#xD;
Wizard : Navigating to page 1 on thread 15&#xD;
Wizard : Completed navigation to page 1 on thread 13&#xD;
Wizard : Released lock navigation on thread : 13&#xD;
Wizard : Locked navigation on thread : 15&#xD;
Wizard : Navigating to page 0 on thread 15&#xD;
Wizard : Completed navigation to page 0 on thread 13&#xD;
Wizard : Released lock navigation on thread : 13</StdOut>
      </Output>
    </UnitTestResult>
    <UnitTestResult executionId="25691976-8c7f-4cf1-b6b9-04492568edf9" testId="e0edef12-1cb4-857a-12f0-1b58e1a20b13" testName="UpdateSelection_SelectUnsupportedHardwareTest" computerName="DKSR-EFI-06" duration="00:00:00.0006137" startTime="2024-01-09T15:42:16.3414575+01:00" endTime="2024-01-09T15:42:16.3414575+01:00" testType="13cdc9d9-ddb5-4fa4-a97d-d965ccfc6d4b" outcome="Passed" testListId="8c84fa94-04c1-424b-9868-57a2d4851a1d" relativeResultsDirectory="25691976-8c7f-4cf1-b6b9-04492568edf9" />
    <UnitTestResult executionId="1ce0f505-ec54-44bc-92f8-7a69fab60587" testId="4485be60-ebc5-da8f-c14b-a672ecf4195b" testName="State_Loading_NextCommand_SourcePageNavigatedAwayTest" computerName="DKSR-EFI-06" duration="00:00:00.0038804" startTime="2024-01-09T15:42:14.9195808+01:00" endTime="2024-01-09T15:42:14.9195808+01:00" testType="13cdc9d9-ddb5-4fa4-a97d-d965ccfc6d4b" outcome="Passed" testListId="8c84fa94-04c1-424b-9868-57a2d4851a1d" relativeResultsDirectory="1ce0f505-ec54-44bc-92f8-7a69fab60587">
      <Output>
        <StdOut>Debug Trace:&#xD;
Wizard : Locked navigation on thread : 15&#xD;
Wizard : Navigating to page 0 on thread 15&#xD;
Wizard : Completed navigation to page 0 on thread 19&#xD;
Wizard : Released lock navigation on thread : 19&#xD;
Wizard : Locked navigation on thread : 17&#xD;
Wizard : Navigating to page 1 on thread 17&#xD;
CALL SYNCHRONIZER [8]: Run() called on thread 17&#xD;
CALL SYNCHRONIZER [8]: Waiting for event on thread 17</StdOut>
      </Output>
    </UnitTestResult>
    <UnitTestResult executionId="35356b96-1cc7-4e82-8579-b064cc1b18dc" testId="42e3ec46-8434-fb59-57e1-2b220e65a4e0" testName="InitialFocus_SetEnabled_FrameworkElement_True_Focus_Called" computerName="DKSR-EFI-06" duration="00:00:00.0033706" startTime="2024-01-09T15:42:19.8883360+01:00" endTime="2024-01-09T15:42:19.8883360+01:00" testType="13cdc9d9-ddb5-4fa4-a97d-d965ccfc6d4b" outcome="Passed" testListId="8c84fa94-04c1-424b-9868-57a2d4851a1d" relativeResultsDirectory="35356b96-1cc7-4e82-8579-b064cc1b18dc" />
    <UnitTestResult executionId="f9c91142-d75e-427d-8c75-ee9bc3f0a672" testId="21ccf45e-8128-2e3d-c2bb-20e9611e8def" testName="PreviousCommand_CommandInvalidated_PageStatusChanged_BusyToValidTest" computerName="DKSR-EFI-06" duration="00:00:00.0029464" startTime="2024-01-09T15:42:14.8258294+01:00" endTime="2024-01-09T15:42:14.8258294+01:00" testType="13cdc9d9-ddb5-4fa4-a97d-d965ccfc6d4b" outcome="Passed" testListId="8c84fa94-04c1-424b-9868-57a2d4851a1d" relativeResultsDirectory="f9c91142-d75e-427d-8c75-ee9bc3f0a672">
      <Output>
        <StdOut>Debug Trace:&#xD;
Wizard : Locked navigation on thread : 15&#xD;
Wizard : Navigating to page 0 on thread 15&#xD;
Wizard : Completed navigation to page 0 on thread 13&#xD;
Wizard : Released lock navigation on thread : 13&#xD;
Wizard : Locked navigation on thread : 15&#xD;
Wizard : Navigating to page 1 on thread 15&#xD;
Wizard : Completed navigation to page 1 on thread 19&#xD;
Wizard : Released lock navigation on thread : 19</StdOut>
      </Output>
    </UnitTestResult>
    <UnitTestResult executionId="419a84d9-53fd-4c7d-95f2-c51fc067a68e" testId="e87417e0-e143-bedb-9aaf-473deed8c509" testName="SortBaseCommon_Equality_SortBase_EqualObjectsTest" computerName="DKSR-EFI-06" duration="00:00:00.0001479" startTime="2024-01-09T15:42:20.0914609+01:00" endTime="2024-01-09T15:42:20.0914609+01:00" testType="13cdc9d9-ddb5-4fa4-a97d-d965ccfc6d4b" outcome="Passed" testListId="8c84fa94-04c1-424b-9868-57a2d4851a1d" relativeResultsDirectory="419a84d9-53fd-4c7d-95f2-c51fc067a68e" />
    <UnitTestResult executionId="60571ee4-d662-40e0-817b-1a71171ca595" testId="37429f34-1b2d-b12a-94f9-bff144f2a224" testName="HandledVmoAccessTests_ProperReturnValueIfVmoException" computerName="DKSR-EFI-06" duration="00:00:00.0050493" startTime="2024-01-09T15:42:17.2945841+01:00" endTime="2024-01-09T15:42:17.2945841+01:00" testType="13cdc9d9-ddb5-4fa4-a97d-d965ccfc6d4b" outcome="Passed" testListId="8c84fa94-04c1-424b-9868-57a2d4851a1d" relativeResultsDirectory="60571ee4-d662-40e0-817b-1a71171ca595" />
    <UnitTestResult executionId="81174557-4eb9-417c-b044-759d377b2567" testId="1e9a7246-198b-723d-9eec-563c562939e3" testName="NavigatingTo_AvailableHardware_HardwarePopulatedTest" computerName="DKSR-EFI-06" duration="00:00:00.0185576" startTime="2024-01-09T15:42:16.2008343+01:00" endTime="2024-01-09T15:42:16.2164607+01:00" testType="13cdc9d9-ddb5-4fa4-a97d-d965ccfc6d4b" outcome="Passed" testListId="8c84fa94-04c1-424b-9868-57a2d4851a1d" relativeResultsDirectory="81174557-4eb9-417c-b044-759d377b2567" />
    <UnitTestResult executionId="4eb14e30-0f85-4c2a-93ca-af2efca975ea" testId="11fad197-dc15-5e94-2f41-67645523b002" testName="ConvertBack_InvalidOperationException" computerName="DKSR-EFI-06" duration="00:00:00.0006014" startTime="2024-01-09T15:42:12.4352023+01:00" endTime="2024-01-09T15:42:12.4352023+01:00" testType="13cdc9d9-ddb5-4fa4-a97d-d965ccfc6d4b" outcome="Passed" testListId="8c84fa94-04c1-424b-9868-57a2d4851a1d" relativeResultsDirectory="4eb14e30-0f85-4c2a-93ca-af2efca975ea" />
    <UnitTestResult executionId="7ea75836-b2ad-4607-86dd-1f8a01242d30" testId="1a1ec069-9b14-81bb-b802-1d035f3ee5a3" testName="NavigatingTo_AvailableRecorders_RecordersPopulatedTest" computerName="DKSR-EFI-06" duration="00:00:00.0062866" startTime="2024-01-09T15:42:13.2477019+01:00" endTime="2024-01-09T15:42:13.2477019+01:00" testType="13cdc9d9-ddb5-4fa4-a97d-d965ccfc6d4b" outcome="Passed" testListId="8c84fa94-04c1-424b-9868-57a2d4851a1d" relativeResultsDirectory="7ea75836-b2ad-4607-86dd-1f8a01242d30" />
    <UnitTestResult executionId="86324b08-b14e-4291-b7d1-6cdad475c628" testId="8c12d516-213b-dfde-f45d-95d82a29988d" testName="Convert_Error_ValuesNullTest" computerName="DKSR-EFI-06" duration="00:00:00.0007317" startTime="2024-01-09T15:42:13.9820780+01:00" endTime="2024-01-09T15:42:13.9820780+01:00" testType="13cdc9d9-ddb5-4fa4-a97d-d965ccfc6d4b" outcome="Passed" testListId="8c84fa94-04c1-424b-9868-57a2d4851a1d" relativeResultsDirectory="86324b08-b14e-4291-b7d1-6cdad475c628" />
    <UnitTestResult executionId="3784e113-2750-4be7-b17f-d9d476ec7d39" testId="00f09470-13ff-0e0f-d8d8-3fd767f928a8" testName="CalcuateNewColumnWidths_Absolute_With_MaxPercentage" computerName="DKSR-EFI-06" duration="00:00:00.0005307" startTime="2024-01-09T15:42:18.5290013+01:00" endTime="2024-01-09T15:42:18.5290013+01:00" testType="13cdc9d9-ddb5-4fa4-a97d-d965ccfc6d4b" outcome="Passed" testListId="8c84fa94-04c1-424b-9868-57a2d4851a1d" relativeResultsDirectory="3784e113-2750-4be7-b17f-d9d476ec7d39" />
    <UnitTestResult executionId="78312d71-624f-488e-a1bc-0d957a98d828" testId="24552ad2-e7f5-eee6-01a8-24b309fa6f3a" testName="PreviousCommand_CanExecute_PageBusyTest" computerName="DKSR-EFI-06" duration="00:00:00.0024525" startTime="2024-01-09T15:42:14.7945818+01:00" endTime="2024-01-09T15:42:14.7945818+01:00" testType="13cdc9d9-ddb5-4fa4-a97d-d965ccfc6d4b" outcome="Passed" testListId="8c84fa94-04c1-424b-9868-57a2d4851a1d" relativeResultsDirectory="78312d71-624f-488e-a1bc-0d957a98d828">
      <Output>
        <StdOut>Debug Trace:&#xD;
Wizard : Locked navigation on thread : 15&#xD;
Wizard : Navigating to page 0 on thread 15&#xD;
Wizard : Completed navigation to page 0 on thread 13&#xD;
Wizard : Released lock navigation on thread : 13&#xD;
Wizard : Locked navigation on thread : 15&#xD;
Wizard : Navigating to page 1 on thread 15&#xD;
Wizard : Completed navigation to page 1 on thread 19&#xD;
Wizard : Released lock navigation on thread : 19</StdOut>
      </Output>
    </UnitTestResult>
    <UnitTestResult executionId="b3b6d869-051c-45b9-8e56-1427edbcf7f9" testId="7a3424ca-0fae-d8e2-bd1d-af563008f224" testName="ConvertBack_InvalidOperationException" computerName="DKSR-EFI-06" duration="00:00:00.0008218" startTime="2024-01-09T15:42:12.4820756+01:00" endTime="2024-01-09T15:42:12.4820756+01:00" testType="13cdc9d9-ddb5-4fa4-a97d-d965ccfc6d4b" outcome="Passed" testListId="8c84fa94-04c1-424b-9868-57a2d4851a1d" relativeResultsDirectory="b3b6d869-051c-45b9-8e56-1427edbcf7f9" />
    <UnitTestResult executionId="5d284f5b-3136-400c-9da0-43adc66d2176" testId="85ab93fd-c6a4-858f-2f3e-a7ed401d7d66" testName="SortBaseCommon_SortDescriptions_Test" computerName="DKSR-EFI-06" duration="00:00:00.0015219" startTime="2024-01-09T15:42:20.1539602+01:00" endTime="2024-01-09T15:42:20.1539602+01:00" testType="13cdc9d9-ddb5-4fa4-a97d-d965ccfc6d4b" outcome="Passed" testListId="8c84fa94-04c1-424b-9868-57a2d4851a1d" relativeResultsDirectory="5d284f5b-3136-400c-9da0-43adc66d2176" />
    <UnitTestResult executionId="bba506be-837d-49fd-be35-a22bf7ddeddc" testId="8bf5cd2b-918b-16c2-3490-1c7a3c7de97d" testName="Convert_Error_ValuesTooLongTest" computerName="DKSR-EFI-06" duration="00:00:00.0007430" startTime="2024-01-09T15:42:14.0758305+01:00" endTime="2024-01-09T15:42:14.0758305+01:00" testType="13cdc9d9-ddb5-4fa4-a97d-d965ccfc6d4b" outcome="Passed" testListId="8c84fa94-04c1-424b-9868-57a2d4851a1d" relativeResultsDirectory="bba506be-837d-49fd-be35-a22bf7ddeddc" />
    <UnitTestResult executionId="84d7b876-083a-47c9-9223-911f9e4f4a8d" testId="ec71d9ba-cee7-d63f-b4b9-fe7c185e4256" testName="SortBaseCommon_GetHashCode_SameInstanceTest" computerName="DKSR-EFI-06" duration="00:00:00.0002857" startTime="2024-01-09T15:42:20.1695848+01:00" endTime="2024-01-09T15:42:20.1695848+01:00" testType="13cdc9d9-ddb5-4fa4-a97d-d965ccfc6d4b" outcome="Passed" testListId="8c84fa94-04c1-424b-9868-57a2d4851a1d" relativeResultsDirectory="84d7b876-083a-47c9-9223-911f9e4f4a8d" />
    <UnitTestResult executionId="c5227327-0276-4f5b-87ee-e4cf8226f3eb" testId="2f4b0281-9c7a-09ad-9ddf-f26e3385dbb8" testName="NavigatingTo_Selection_FromHandler_UnavailableItemsTest" computerName="DKSR-EFI-06" duration="00:00:00.0005412" startTime="2024-01-09T15:42:16.2477081+01:00" endTime="2024-01-09T15:42:16.2477081+01:00" testType="13cdc9d9-ddb5-4fa4-a97d-d965ccfc6d4b" outcome="Passed" testListId="8c84fa94-04c1-424b-9868-57a2d4851a1d" relativeResultsDirectory="c5227327-0276-4f5b-87ee-e4cf8226f3eb" />
    <UnitTestResult executionId="b1c7d6e1-668f-4278-8ee8-e9314b851880" testId="143c964a-6102-d861-c0a8-292de16ab3e2" testName="SortBaseCommon_SortDescriptions_ReverseTest" computerName="DKSR-EFI-06" duration="00:00:00.0004842" startTime="2024-01-09T15:42:20.0445855+01:00" endTime="2024-01-09T15:42:20.0445855+01:00" testType="13cdc9d9-ddb5-4fa4-a97d-d965ccfc6d4b" outcome="Passed" testListId="8c84fa94-04c1-424b-9868-57a2d4851a1d" relativeResultsDirectory="b1c7d6e1-668f-4278-8ee8-e9314b851880" />
    <UnitTestResult executionId="4f64bbd0-1e5e-4690-999d-1f7a552709d6" testId="07ee7d52-67c7-d86d-369e-0ee0b7f43734" testName="VmoAccess_SuppressedExceptionInList_PopupIsNotDisplayedOnException" computerName="DKSR-EFI-06" duration="00:00:00.5548338" startTime="2024-01-09T15:42:16.6070822+01:00" endTime="2024-01-09T15:42:17.1695847+01:00" testType="13cdc9d9-ddb5-4fa4-a97d-d965ccfc6d4b" outcome="Passed" testListId="8c84fa94-04c1-424b-9868-57a2d4851a1d" relativeResultsDirectory="4f64bbd0-1e5e-4690-999d-1f7a552709d6" />
    <UnitTestResult executionId="29879463-d601-4ab7-b15b-dfa75482b9a0" testId="9c0b94c9-958d-a5ec-8127-ce4dd92dd973" testName="WrongInputType" computerName="DKSR-EFI-06" duration="00:00:00.0006059" startTime="2024-01-09T15:42:23.7320895+01:00" endTime="2024-01-09T15:42:23.7477130+01:00" testType="13cdc9d9-ddb5-4fa4-a97d-d965ccfc6d4b" outcome="Passed" testListId="8c84fa94-04c1-424b-9868-57a2d4851a1d" relativeResultsDirectory="29879463-d601-4ab7-b15b-dfa75482b9a0" />
    <UnitTestResult executionId="cbcb588c-9c34-42bc-8323-8daaef8b8dc4" testId="dcefa653-93a5-b996-171e-c78a680c4ee4" testName="NavigatingTo_SuccessfulChange_PasswordChangeSucceededSet" computerName="DKSR-EFI-06" duration="00:00:00.1748208" startTime="2024-01-09T15:42:15.5602067+01:00" endTime="2024-01-09T15:42:15.7320817+01:00" testType="13cdc9d9-ddb5-4fa4-a97d-d965ccfc6d4b" outcome="Passed" testListId="8c84fa94-04c1-424b-9868-57a2d4851a1d" relativeResultsDirectory="cbcb588c-9c34-42bc-8323-8daaef8b8dc4">
      <Output>
        <StdOut>Debug Trace:&#xD;
CALL SYNCHRONIZER [19]: Run() called on thread 27&#xD;
CALL SYNCHRONIZER [19]: Waiting for event on thread 27&#xD;
CALL SYNCHRONIZER [19]: Event received, exiting on thread 27&#xD;
WARNIG : Progress notification received after result has been set&#xD;
WARNIG : Progress notification received after result has been set</StdOut>
      </Output>
    </UnitTestResult>
    <UnitTestResult executionId="f463fa33-fef5-4cd0-a456-8048b684d580" testId="bcf3d4c3-6d3d-db68-80b1-f1b00270a123" testName="NavigatingAway_ModificationsCarryOver" computerName="DKSR-EFI-06" duration="00:00:00.0016286" startTime="2024-01-09T15:42:16.1539573+01:00" endTime="2024-01-09T15:42:16.1539573+01:00" testType="13cdc9d9-ddb5-4fa4-a97d-d965ccfc6d4b" outcome="Passed" testListId="8c84fa94-04c1-424b-9868-57a2d4851a1d" relativeResultsDirectory="f463fa33-fef5-4cd0-a456-8048b684d580" />
    <UnitTestResult executionId="4b498ab8-1d78-4d21-baee-a131d343cae0" testId="1aa66849-c568-f584-5496-d53c04f2eb9a" testName="NextCommand_NavigationCallbacks_SourceTest" computerName="DKSR-EFI-06" duration="00:00:00.0010426" startTime="2024-01-09T15:42:14.7633288+01:00" endTime="2024-01-09T15:42:14.7633288+01:00" testType="13cdc9d9-ddb5-4fa4-a97d-d965ccfc6d4b" outcome="Passed" testListId="8c84fa94-04c1-424b-9868-57a2d4851a1d" relativeResultsDirectory="4b498ab8-1d78-4d21-baee-a131d343cae0">
      <Output>
        <StdOut>Debug Trace:&#xD;
Wizard : Locked navigation on thread : 15&#xD;
Wizard : Navigating to page 0 on thread 15&#xD;
Wizard : Completed navigation to page 0 on thread 17&#xD;
Wizard : Released lock navigation on thread : 17&#xD;
Wizard : Locked navigation on thread : 15&#xD;
Wizard : Navigating to page 1 on thread 15&#xD;
Wizard : Completed navigation to page 1 on thread 20&#xD;
Wizard : Released lock navigation on thread : 20</StdOut>
      </Output>
    </UnitTestResult>
    <UnitTestResult executionId="14d41efe-25b0-43b7-9b59-2de66b76ce09" testId="3ee79c97-9160-57a2-454a-bba6927f5f95" testName="Convert_InvalidMethodEnum_Throws_InvalidOperationException" computerName="DKSR-EFI-06" duration="00:00:00.0003877" startTime="2024-01-09T15:42:20.2789617+01:00" endTime="2024-01-09T15:42:20.2789617+01:00" testType="13cdc9d9-ddb5-4fa4-a97d-d965ccfc6d4b" outcome="Passed" testListId="8c84fa94-04c1-424b-9868-57a2d4851a1d" relativeResultsDirectory="14d41efe-25b0-43b7-9b59-2de66b76ce09" />
    <UnitTestResult executionId="95e09627-4f11-42fc-ba59-f4d4cd07e0a1" testId="32f1449b-2dab-90fb-934f-717768e00957" testName="Convert_ArgumentNullException" computerName="DKSR-EFI-06" duration="00:00:00.0006544" startTime="2024-01-09T15:42:16.5758344+01:00" endTime="2024-01-09T15:42:16.5758344+01:00" testType="13cdc9d9-ddb5-4fa4-a97d-d965ccfc6d4b" outcome="Passed" testListId="8c84fa94-04c1-424b-9868-57a2d4851a1d" relativeResultsDirectory="95e09627-4f11-42fc-ba59-f4d4cd07e0a1" />
    <UnitTestResult executionId="7e62ae1b-ac57-4d76-8ac2-c6269be21e7f" testId="339b9449-32db-9313-bd5a-4b76c550c24b" testName="NextCommand_CanExecute_PageBusyTest" computerName="DKSR-EFI-06" duration="00:00:00.0034632" startTime="2024-01-09T15:42:14.5602049+01:00" endTime="2024-01-09T15:42:14.5602049+01:00" testType="13cdc9d9-ddb5-4fa4-a97d-d965ccfc6d4b" outcome="Passed" testListId="8c84fa94-04c1-424b-9868-57a2d4851a1d" relativeResultsDirectory="7e62ae1b-ac57-4d76-8ac2-c6269be21e7f">
      <Output>
        <StdOut>Debug Trace:&#xD;
Wizard : Locked navigation on thread : 15&#xD;
Wizard : Navigating to page 0 on thread 15&#xD;
Wizard : Completed navigation to page 0 on thread 17&#xD;
Wizard : Locked navigation on thread : 15&#xD;
Wizard : Navigating to page 1 on thread 15&#xD;
Wizard : Released lock navigation on thread : 17&#xD;
Wizard : Completed navigation to page 1 on thread 17&#xD;
Wizard : Released lock navigation on thread : 17</StdOut>
      </Output>
    </UnitTestResult>
    <UnitTestResult executionId="9defc3b4-6cf0-4bca-aeae-a60bd94d0f21" testId="4390b2ea-086f-aac5-08c1-04c155b3b2c2" testName="InitialFocus_SetEnabled_ItemsControl_Focus_Called_On_First_Item" computerName="DKSR-EFI-06" duration="00:00:00.1008211" startTime="2024-01-09T15:42:19.9039597+01:00" endTime="2024-01-09T15:42:20.0133371+01:00" testType="13cdc9d9-ddb5-4fa4-a97d-d965ccfc6d4b" outcome="Passed" testListId="8c84fa94-04c1-424b-9868-57a2d4851a1d" relativeResultsDirectory="9defc3b4-6cf0-4bca-aeae-a60bd94d0f21" />
    <UnitTestResult executionId="4f4e9b1a-acac-4629-9535-80ff48c5933a" testId="cbf1a55c-06e0-b06b-c5b7-7c0d1f2cf674" testName="Constructor_WhitespaceFallbackPropertyTest" computerName="DKSR-EFI-06" duration="00:00:00.0005026" startTime="2024-01-09T15:42:20.1539602+01:00" endTime="2024-01-09T15:42:20.1539602+01:00" testType="13cdc9d9-ddb5-4fa4-a97d-d965ccfc6d4b" outcome="Passed" testListId="8c84fa94-04c1-424b-9868-57a2d4851a1d" relativeResultsDirectory="4f4e9b1a-acac-4629-9535-80ff48c5933a" />
    <UnitTestResult executionId="25df8db1-0a8c-401f-92fc-c87dd9207b36" testId="9f74e58e-92da-ad41-186d-297c2df06763" testName="Convert_Empty_Input_Gives_Empty_Output" computerName="DKSR-EFI-06" duration="00:00:00.0002166" startTime="2024-01-09T15:42:14.1852045+01:00" endTime="2024-01-09T15:42:14.1852045+01:00" testType="13cdc9d9-ddb5-4fa4-a97d-d965ccfc6d4b" outcome="Passed" testListId="8c84fa94-04c1-424b-9868-57a2d4851a1d" relativeResultsDirectory="25df8db1-0a8c-401f-92fc-c87dd9207b36" />
    <UnitTestResult executionId="70d0eca2-8755-4282-a6ce-70af8daeed2e" testId="00e19a17-84a2-27a5-5951-8ea1f3070b58" testName="Convert_NoWarnings" computerName="DKSR-EFI-06" duration="00:00:00.0015620" startTime="2024-01-09T15:42:14.1539549+01:00" endTime="2024-01-09T15:42:14.1539549+01:00" testType="13cdc9d9-ddb5-4fa4-a97d-d965ccfc6d4b" outcome="Passed" testListId="8c84fa94-04c1-424b-9868-57a2d4851a1d" relativeResultsDirectory="70d0eca2-8755-4282-a6ce-70af8daeed2e" />
    <UnitTestResult executionId="9cfef7ba-9a5b-4198-8c73-cfb26ab0f835" testId="d21f6db5-9278-700c-a7f4-eb556d215354" testName="SortBaseCommon_Equality_Object_ReverseTest" computerName="DKSR-EFI-06" duration="00:00:00.0000081" startTime="2024-01-09T15:42:20.1852103+01:00" endTime="2024-01-09T15:42:20.1852103+01:00" testType="13cdc9d9-ddb5-4fa4-a97d-d965ccfc6d4b" outcome="Passed" testListId="8c84fa94-04c1-424b-9868-57a2d4851a1d" relativeResultsDirectory="9cfef7ba-9a5b-4198-8c73-cfb26ab0f835" />
    <UnitTestResult executionId="784c44b1-5b22-4f82-912d-06d155d6e597" testId="cc09ee50-c14c-8ada-06f7-e9456fd353cb" testName="ColumnWidthSpec_NegativeMaxWidthPercentage_Throws_ArgumentException" computerName="DKSR-EFI-06" duration="00:00:00.0002824" startTime="2024-01-09T15:42:18.5445852+01:00" endTime="2024-01-09T15:42:18.5602094+01:00" testType="13cdc9d9-ddb5-4fa4-a97d-d965ccfc6d4b" outcome="Passed" testListId="8c84fa94-04c1-424b-9868-57a2d4851a1d" relativeResultsDirectory="784c44b1-5b22-4f82-912d-06d155d6e597" />
    <UnitTestResult executionId="040daa90-7d9b-47ff-abbc-69fba0feb6d9" testId="78509e9b-d581-7425-3c51-508461a66293" testName="SortBaseCommon_Equality_SortBase_OtherClassTest" computerName="DKSR-EFI-06" duration="00:00:00.0000097" startTime="2024-01-09T15:42:20.2008345+01:00" endTime="2024-01-09T15:42:20.2008345+01:00" testType="13cdc9d9-ddb5-4fa4-a97d-d965ccfc6d4b" outcome="Passed" testListId="8c84fa94-04c1-424b-9868-57a2d4851a1d" relativeResultsDirectory="040daa90-7d9b-47ff-abbc-69fba0feb6d9" />
    <UnitTestResult executionId="c0db08fc-7a35-482f-b4e1-680fb6326ce9" testId="4ea48667-d983-3405-935a-eef2a514b591" testName="NavigatingTo_NoChecksFail_HardwareSelected_NavigationCancelled" computerName="DKSR-EFI-06" duration="00:00:00.0033491" startTime="2024-01-09T15:42:12.5133292+01:00" endTime="2024-01-09T15:42:12.5133292+01:00" testType="13cdc9d9-ddb5-4fa4-a97d-d965ccfc6d4b" outcome="Passed" testListId="8c84fa94-04c1-424b-9868-57a2d4851a1d" relativeResultsDirectory="c0db08fc-7a35-482f-b4e1-680fb6326ce9" />
    <UnitTestResult executionId="0cdec6d3-80d5-4a4a-a7bd-5edbdf6b8da0" testId="38dda871-b7e4-b196-a9eb-a425140a5da5" testName="AllHardwareSelected_Set_NullTest" computerName="DKSR-EFI-06" duration="00:00:00.0002424" startTime="2024-01-09T15:42:13.5133264+01:00" endTime="2024-01-09T15:42:13.5133264+01:00" testType="13cdc9d9-ddb5-4fa4-a97d-d965ccfc6d4b" outcome="Passed" testListId="8c84fa94-04c1-424b-9868-57a2d4851a1d" relativeResultsDirectory="0cdec6d3-80d5-4a4a-a7bd-5edbdf6b8da0" />
    <UnitTestResult executionId="19b9868f-f47b-4a3a-80a6-4f029e36ef79" testId="2f3f981a-b73f-fb79-e3d7-09241fb6f8ce" testName="NavigatingTo_CheckPreselectedRecorderAvailable_False_NavigationNotCancelled" computerName="DKSR-EFI-06" duration="00:00:00.0039645" startTime="2024-01-09T15:42:14.2477084+01:00" endTime="2024-01-09T15:42:14.2477084+01:00" testType="13cdc9d9-ddb5-4fa4-a97d-d965ccfc6d4b" outcome="Passed" testListId="8c84fa94-04c1-424b-9868-57a2d4851a1d" relativeResultsDirectory="19b9868f-f47b-4a3a-80a6-4f029e36ef79" />
    <UnitTestResult executionId="438fc3e4-923c-4e8d-be1d-db3ba00aab4f" testId="a8cfb67a-f296-4724-8734-3b0c0c3b4e5a" testName="SetSelectedAuthenticationInfo_PutsCurrentUserName_OnBasicUser" computerName="DKSR-EFI-06" duration="00:00:00.0309804" startTime="2024-01-09T15:42:23.5290939+01:00" endTime="2024-01-09T15:42:23.5602143+01:00" testType="13cdc9d9-ddb5-4fa4-a97d-d965ccfc6d4b" outcome="Passed" testListId="8c84fa94-04c1-424b-9868-57a2d4851a1d" relativeResultsDirectory="438fc3e4-923c-4e8d-be1d-db3ba00aab4f" />
    <UnitTestResult executionId="8a8a5f1c-fba6-41a0-961e-7bf2d168a73a" testId="cdc6d677-039e-88a9-a26b-5e1ff491e38b" testName="CurrentStatus_Event_SetSelection" computerName="DKSR-EFI-06" duration="00:00:00.0006986" startTime="2024-01-09T15:42:16.1695846+01:00" endTime="2024-01-09T15:42:16.1695846+01:00" testType="13cdc9d9-ddb5-4fa4-a97d-d965ccfc6d4b" outcome="Passed" testListId="8c84fa94-04c1-424b-9868-57a2d4851a1d" relativeResultsDirectory="8a8a5f1c-fba6-41a0-961e-7bf2d168a73a" />
    <UnitTestResult executionId="41772513-642c-4458-9f0b-1af568e04d2d" testId="c214c92d-08f2-c472-b48f-133a7864d295" testName="Convert_Hours_PluralTest" computerName="DKSR-EFI-06" duration="00:00:00.0004036" startTime="2024-01-09T15:42:13.9195799+01:00" endTime="2024-01-09T15:42:13.9195799+01:00" testType="13cdc9d9-ddb5-4fa4-a97d-d965ccfc6d4b" outcome="Passed" testListId="8c84fa94-04c1-424b-9868-57a2d4851a1d" relativeResultsDirectory="41772513-642c-4458-9f0b-1af568e04d2d" />
    <UnitTestResult executionId="f12ebb5c-4f35-4ecb-90d3-526f7e0ce409" testId="c3184295-42a7-66b5-0825-d2f93113dc23" testName="Validate_WithPasswordManualEntry_WrongConfirmationPassword" computerName="DKSR-EFI-06" duration="00:00:00.0003249" startTime="2024-01-09T15:42:16.0914558+01:00" endTime="2024-01-09T15:42:16.0914558+01:00" testType="13cdc9d9-ddb5-4fa4-a97d-d965ccfc6d4b" outcome="Passed" testListId="8c84fa94-04c1-424b-9868-57a2d4851a1d" relativeResultsDirectory="f12ebb5c-4f35-4ecb-90d3-526f7e0ce409" />
    <UnitTestResult executionId="f459bd0a-eeca-413a-9446-a2f6fa31e9e6" testId="bb78fa2c-7ddd-0cd1-5d2d-7771ad5bae3e" testName="Convert_ToValue_AvailableOnly_UsageZeroTest" computerName="DKSR-EFI-06" duration="00:00:00.0002982" startTime="2024-01-09T15:42:14.0914533+01:00" endTime="2024-01-09T15:42:14.0914533+01:00" testType="13cdc9d9-ddb5-4fa4-a97d-d965ccfc6d4b" outcome="Passed" testListId="8c84fa94-04c1-424b-9868-57a2d4851a1d" relativeResultsDirectory="f459bd0a-eeca-413a-9446-a2f6fa31e9e6" />
    <UnitTestResult executionId="87c1d2a7-8e45-46bc-ba13-dd8f4d38b6f1" testId="19fc1d8e-0fae-c0df-a773-d771eb9e1671" testName="NavigatingTo_ExceptionHandling_ChangeHardwarePasswordException_FindHardwareThrowsTest" computerName="DKSR-EFI-06" duration="00:00:00.0009377" startTime="2024-01-09T15:42:16.2477081+01:00" endTime="2024-01-09T15:42:16.2477081+01:00" testType="13cdc9d9-ddb5-4fa4-a97d-d965ccfc6d4b" outcome="Passed" testListId="8c84fa94-04c1-424b-9868-57a2d4851a1d" relativeResultsDirectory="87c1d2a7-8e45-46bc-ba13-dd8f4d38b6f1" />
    <UnitTestResult executionId="98d791fb-766c-4434-844a-3f6fa88188f7" testId="a403124d-1ca6-0f66-737b-ca70a0aa0ea6" testName="Convert_AllValues" computerName="DKSR-EFI-06" duration="00:00:00.0245893" startTime="2024-01-09T15:42:12.2008255+01:00" endTime="2024-01-09T15:42:12.2320761+01:00" testType="13cdc9d9-ddb5-4fa4-a97d-d965ccfc6d4b" outcome="Passed" testListId="8c84fa94-04c1-424b-9868-57a2d4851a1d" relativeResultsDirectory="98d791fb-766c-4434-844a-3f6fa88188f7" />
    <UnitTestResult executionId="3ec09779-aef8-457f-bec9-9362007ad728" testId="9eaae1e3-0039-d71e-66a1-4ea076b9561e" testName="UpdateSelection_SameCountTest" computerName="DKSR-EFI-06" duration="00:00:00.0003472" startTime="2024-01-09T15:42:13.4820771+01:00" endTime="2024-01-09T15:42:13.4820771+01:00" testType="13cdc9d9-ddb5-4fa4-a97d-d965ccfc6d4b" outcome="Passed" testListId="8c84fa94-04c1-424b-9868-57a2d4851a1d" relativeResultsDirectory="3ec09779-aef8-457f-bec9-9362007ad728" />
    <UnitTestResult executionId="9ce0284f-23ec-481a-bac2-f08a01141efd" testId="14560893-b569-8e84-9d81-59ff3f435da3" testName="Convert_AllValues" computerName="DKSR-EFI-06" duration="00:00:00.0017147" startTime="2024-01-09T15:42:12.2945743+01:00" endTime="2024-01-09T15:42:12.2945743+01:00" testType="13cdc9d9-ddb5-4fa4-a97d-d965ccfc6d4b" outcome="Passed" testListId="8c84fa94-04c1-424b-9868-57a2d4851a1d" relativeResultsDirectory="9ce0284f-23ec-481a-bac2-f08a01141efd" />
    <UnitTestResult executionId="c56f7d7d-5642-4cdb-bcfe-779534969fcb" testId="8ed25905-7c64-9d2d-f827-67570d7e1a6b" testName="NavigatingTo_ErrorHandling_StorageUsage_UnknownExceptionTest" computerName="DKSR-EFI-06" duration="00:00:00.0009735" startTime="2024-01-09T15:42:13.3883315+01:00" endTime="2024-01-09T15:42:13.3883315+01:00" testType="13cdc9d9-ddb5-4fa4-a97d-d965ccfc6d4b" outcome="Passed" testListId="8c84fa94-04c1-424b-9868-57a2d4851a1d" relativeResultsDirectory="c56f7d7d-5642-4cdb-bcfe-779534969fcb" />
    <UnitTestResult executionId="d39357b6-d308-47d9-8869-b92eb0b15149" testId="7e140d2b-2a95-bf5e-b724-7eddb036dbe5" testName="ThresholdSliderViewModel_InvalidInput2" computerName="DKSR-EFI-06" duration="00:00:00.0024525" startTime="2024-01-09T15:42:18.3727093+01:00" endTime="2024-01-09T15:42:18.3727093+01:00" testType="13cdc9d9-ddb5-4fa4-a97d-d965ccfc6d4b" outcome="Passed" testListId="8c84fa94-04c1-424b-9868-57a2d4851a1d" relativeResultsDirectory="d39357b6-d308-47d9-8869-b92eb0b15149" />
    <UnitTestResult executionId="2d219986-4c66-489a-998f-f518b49d6b76" testId="fd01aab9-ca48-8b05-e70a-644ec60e2c34" testName="HandledVmoAccessTests_PermissionCheckerHasPermissionReturnsTrueIfPermissionGiven" computerName="DKSR-EFI-06" duration="00:00:00.1512242" startTime="2024-01-09T15:42:17.3102096+01:00" endTime="2024-01-09T15:42:17.4664596+01:00" testType="13cdc9d9-ddb5-4fa4-a97d-d965ccfc6d4b" outcome="Passed" testListId="8c84fa94-04c1-424b-9868-57a2d4851a1d" relativeResultsDirectory="2d219986-4c66-489a-998f-f518b49d6b76" />
    <UnitTestResult executionId="98d01405-4913-4a60-84ba-cc9da41ebeb2" testId="e212a447-e174-d204-3c14-c76c16f18c61" testName="SortBaseCommon_Equality_Object_ReverseTest" computerName="DKSR-EFI-06" duration="00:00:00.0002803" startTime="2024-01-09T15:42:20.0758348+01:00" endTime="2024-01-09T15:42:20.0758348+01:00" testType="13cdc9d9-ddb5-4fa4-a97d-d965ccfc6d4b" outcome="Passed" testListId="8c84fa94-04c1-424b-9868-57a2d4851a1d" relativeResultsDirectory="98d01405-4913-4a60-84ba-cc9da41ebeb2" />
    <UnitTestResult executionId="fbc48a25-2474-4e61-931e-1a53ca838154" testId="6ea80318-fd3e-d3fc-a30a-e658c3723b3e" testName="Convert_Seconds_UnderHalfMinuteTest" computerName="DKSR-EFI-06" duration="00:00:00.0002814" startTime="2024-01-09T15:42:13.9508289+01:00" endTime="2024-01-09T15:42:13.9508289+01:00" testType="13cdc9d9-ddb5-4fa4-a97d-d965ccfc6d4b" outcome="Passed" testListId="8c84fa94-04c1-424b-9868-57a2d4851a1d" relativeResultsDirectory="fbc48a25-2474-4e61-931e-1a53ca838154" />
    <UnitTestResult executionId="ddc3158e-7ec0-45db-b1be-302e5f1569bf" testId="5c839bf0-1998-7f86-972a-fdc64f4b206d" testName="Constructor_EmptyFallbackPropertyTest" computerName="DKSR-EFI-06" duration="00:00:00.0005111" startTime="2024-01-09T15:42:20.1383353+01:00" endTime="2024-01-09T15:42:20.1383353+01:00" testType="13cdc9d9-ddb5-4fa4-a97d-d965ccfc6d4b" outcome="Passed" testListId="8c84fa94-04c1-424b-9868-57a2d4851a1d" relativeResultsDirectory="ddc3158e-7ec0-45db-b1be-302e5f1569bf" />
    <UnitTestResult executionId="e4405e90-ff58-4956-92cd-6d3ee0bcc371" testId="aafdc42a-ff16-1366-784e-915ed789f48b" testName="NextCommand_CanExecute_PageInvalidTest" computerName="DKSR-EFI-06" duration="00:00:00.0277333" startTime="2024-01-09T15:42:14.5914585+01:00" endTime="2024-01-09T15:42:14.6070783+01:00" testType="13cdc9d9-ddb5-4fa4-a97d-d965ccfc6d4b" outcome="Passed" testListId="8c84fa94-04c1-424b-9868-57a2d4851a1d" relativeResultsDirectory="e4405e90-ff58-4956-92cd-6d3ee0bcc371">
      <Output>
        <StdOut>Debug Trace:&#xD;
Wizard : Locked navigation on thread : 15&#xD;
Wizard : Navigating to page 0 on thread 15&#xD;
Wizard : Completed navigation to page 0 on thread 12&#xD;
Wizard : Released lock navigation on thread : 12&#xD;
Wizard : Locked navigation on thread : 15&#xD;
Wizard : Navigating to page 1 on thread 15&#xD;
Wizard : Completed navigation to page 1 on thread 19&#xD;
Wizard : Released lock navigation on thread : 19</StdOut>
      </Output>
    </UnitTestResult>
    <UnitTestResult executionId="55ce705e-419e-47ff-88a0-c5da7fc0e228" testId="aa8093d9-4c39-a42c-dda7-99dfcab5a8f4" testName="Convert_Error_TargetTypeTest" computerName="DKSR-EFI-06" duration="00:00:00.0018340" startTime="2024-01-09T15:42:14.0602029+01:00" endTime="2024-01-09T15:42:14.0602029+01:00" testType="13cdc9d9-ddb5-4fa4-a97d-d965ccfc6d4b" outcome="Passed" testListId="8c84fa94-04c1-424b-9868-57a2d4851a1d" relativeResultsDirectory="55ce705e-419e-47ff-88a0-c5da7fc0e228" />
    <UnitTestResult executionId="4eaf0f94-a267-4948-b10a-196830c294a7" testId="a7f572ea-cebb-1990-3ea9-f8bbb206d1fc" testName="ThresholdLevelHeightMultiValueConverter_Success" computerName="DKSR-EFI-06" duration="00:00:00.0009431" startTime="2024-01-09T15:42:18.4820847+01:00" endTime="2024-01-09T15:42:18.4977097+01:00" testType="13cdc9d9-ddb5-4fa4-a97d-d965ccfc6d4b" outcome="Passed" testListId="8c84fa94-04c1-424b-9868-57a2d4851a1d" relativeResultsDirectory="4eaf0f94-a267-4948-b10a-196830c294a7" />
    <UnitTestResult executionId="67ed3699-b28e-4e04-82d7-502b450032bb" testId="e035e686-d2ff-24aa-9b03-75b1f7179f0d" testName="AllHardwareSelected_Set_FalseTest" computerName="DKSR-EFI-06" duration="00:00:00.0004540" startTime="2024-01-09T15:42:16.3883311+01:00" endTime="2024-01-09T15:42:16.3883311+01:00" testType="13cdc9d9-ddb5-4fa4-a97d-d965ccfc6d4b" outcome="Passed" testListId="8c84fa94-04c1-424b-9868-57a2d4851a1d" relativeResultsDirectory="67ed3699-b28e-4e04-82d7-502b450032bb" />
    <UnitTestResult executionId="0e63dd46-3924-4847-8b47-8def9a3eaa52" testId="bce94201-2def-6fad-1b3c-274e63346a82" testName="Constructor_PropertyEmptyTest" computerName="DKSR-EFI-06" duration="00:00:00.0006157" startTime="2024-01-09T15:42:20.0133371+01:00" endTime="2024-01-09T15:42:20.0289609+01:00" testType="13cdc9d9-ddb5-4fa4-a97d-d965ccfc6d4b" outcome="Passed" testListId="8c84fa94-04c1-424b-9868-57a2d4851a1d" relativeResultsDirectory="0e63dd46-3924-4847-8b47-8def9a3eaa52" />
    <UnitTestResult executionId="399d41e6-54fe-48bc-b32a-bfe0b7dfba46" testId="c95f527c-0926-e4f0-6839-6e4f386c13e0" testName="Convert_ToBool_AvailableOnly_UsageZeroTest" computerName="DKSR-EFI-06" duration="00:00:00.0002352" startTime="2024-01-09T15:42:14.1227058+01:00" endTime="2024-01-09T15:42:14.1227058+01:00" testType="13cdc9d9-ddb5-4fa4-a97d-d965ccfc6d4b" outcome="Passed" testListId="8c84fa94-04c1-424b-9868-57a2d4851a1d" relativeResultsDirectory="399d41e6-54fe-48bc-b32a-bfe0b7dfba46" />
    <UnitTestResult executionId="43825876-31a3-4fad-96df-3b9d509ba84e" testId="b28ebd74-9e5e-9457-1489-0726ed5ffe38" testName="Convert_OneWarning" computerName="DKSR-EFI-06" duration="00:00:00.0010972" startTime="2024-01-09T15:42:12.4820756+01:00" endTime="2024-01-09T15:42:12.4820756+01:00" testType="13cdc9d9-ddb5-4fa4-a97d-d965ccfc6d4b" outcome="Passed" testListId="8c84fa94-04c1-424b-9868-57a2d4851a1d" relativeResultsDirectory="43825876-31a3-4fad-96df-3b9d509ba84e" />
    <UnitTestResult executionId="55dbdd79-775e-41e2-b320-a52c3fe32450" testId="14269668-7653-ecd1-825b-a7a673e60d0d" testName="UnselectHardware_ValidItemWithDuplicateMacAddress" computerName="DKSR-EFI-06" duration="00:00:00.0008665" startTime="2024-01-09T15:42:16.1852100+01:00" endTime="2024-01-09T15:42:16.1852100+01:00" testType="13cdc9d9-ddb5-4fa4-a97d-d965ccfc6d4b" outcome="Passed" testListId="8c84fa94-04c1-424b-9868-57a2d4851a1d" relativeResultsDirectory="55dbdd79-775e-41e2-b320-a52c3fe32450" />
    <UnitTestResult executionId="f54d096a-e9d4-4169-90c9-a22ad1d14d83" testId="17336d5d-6676-adaf-9825-b947754db482" testName="CurrentStatus_PostNavigatingTo_NoPreselectionTest" computerName="DKSR-EFI-06" duration="00:00:00.0002394" startTime="2024-01-09T15:42:16.4196270+01:00" endTime="2024-01-09T15:42:16.4196270+01:00" testType="13cdc9d9-ddb5-4fa4-a97d-d965ccfc6d4b" outcome="Passed" testListId="8c84fa94-04c1-424b-9868-57a2d4851a1d" relativeResultsDirectory="f54d096a-e9d4-4169-90c9-a22ad1d14d83" />
    <UnitTestResult executionId="9f9eacd7-5932-4c51-89b8-0205ccb6ea57" testId="17777076-9388-63f2-7e41-e8411bd30918" testName="Convert_MultipleWarnings" computerName="DKSR-EFI-06" duration="00:00:00.0021348" startTime="2024-01-09T15:42:12.4820756+01:00" endTime="2024-01-09T15:42:12.4977058+01:00" testType="13cdc9d9-ddb5-4fa4-a97d-d965ccfc6d4b" outcome="Passed" testListId="8c84fa94-04c1-424b-9868-57a2d4851a1d" relativeResultsDirectory="9f9eacd7-5932-4c51-89b8-0205ccb6ea57" />
    <UnitTestResult executionId="e10e8b48-1627-4e30-8ebd-3bb148bd3980" testId="aeffa11a-d192-2ae9-a123-63fc3e4aae88" testName="CurrentStatus_PostNavigatingTo_NoPreselectionTest" computerName="DKSR-EFI-06" duration="00:00:00.0001857" startTime="2024-01-09T15:42:13.3102029+01:00" endTime="2024-01-09T15:42:13.3102029+01:00" testType="13cdc9d9-ddb5-4fa4-a97d-d965ccfc6d4b" outcome="Passed" testListId="8c84fa94-04c1-424b-9868-57a2d4851a1d" relativeResultsDirectory="e10e8b48-1627-4e30-8ebd-3bb148bd3980" />
    <UnitTestResult executionId="a974c5a1-7576-4444-bfe4-c4d1e2324313" testId="881375b9-0ac3-4207-9457-fab7c100ab70" testName="TestInvalidNodeException" computerName="DKSR-EFI-06" duration="00:00:00.0072156" startTime="2024-01-09T15:42:11.6695741+01:00" endTime="2024-01-09T15:42:12.1383249+01:00" testType="13cdc9d9-ddb5-4fa4-a97d-d965ccfc6d4b" outcome="Passed" testListId="8c84fa94-04c1-424b-9868-57a2d4851a1d" relativeResultsDirectory="a974c5a1-7576-4444-bfe4-c4d1e2324313" />
    <UnitTestResult executionId="1a27c8fa-1200-44bb-a363-2b9717230416" testId="b779b1a6-63cd-8aae-926b-05298ce423dc" testName="Convert_Parameters_Value_NullTest" computerName="DKSR-EFI-06" duration="00:00:00.0005995" startTime="2024-01-09T15:42:13.9508289+01:00" endTime="2024-01-09T15:42:13.9508289+01:00" testType="13cdc9d9-ddb5-4fa4-a97d-d965ccfc6d4b" outcome="Passed" testListId="8c84fa94-04c1-424b-9868-57a2d4851a1d" relativeResultsDirectory="1a27c8fa-1200-44bb-a363-2b9717230416" />
    <UnitTestResult executionId="7de920ff-e7dc-4de9-86d5-b4576255ba13" testId="9554f9d6-6b5f-fa9a-19f2-0be9d80e39f0" testName="Convert_Single_Line_Gives_Unmodified_String" computerName="DKSR-EFI-06" duration="00:00:00.0002680" startTime="2024-01-09T15:42:16.5445815+01:00" endTime="2024-01-09T15:42:16.5445815+01:00" testType="13cdc9d9-ddb5-4fa4-a97d-d965ccfc6d4b" outcome="Passed" testListId="8c84fa94-04c1-424b-9868-57a2d4851a1d" relativeResultsDirectory="7de920ff-e7dc-4de9-86d5-b4576255ba13" />
    <UnitTestResult executionId="efb8f3f5-9637-456f-95f7-6f2848f11351" testId="541558d6-6eb5-ef95-ccb2-54daa35a37c1" testName="NavigatingTo_PageStatus_HardwareSelected" computerName="DKSR-EFI-06" duration="00:00:00.0002957" startTime="2024-01-09T15:42:16.0760618+01:00" endTime="2024-01-09T15:42:16.0914558+01:00" testType="13cdc9d9-ddb5-4fa4-a97d-d965ccfc6d4b" outcome="Passed" testListId="8c84fa94-04c1-424b-9868-57a2d4851a1d" relativeResultsDirectory="efb8f3f5-9637-456f-95f7-6f2848f11351" />
    <UnitTestResult executionId="9fab19d6-e6c2-4f4c-8c4a-7e3456703fb2" testId="64ae392c-d25b-86e5-f08e-6ea92ee2e4ec" testName="Validate_WithPasswordManualEntry_CorrectPassword" computerName="DKSR-EFI-06" duration="00:00:00.0011879" startTime="2024-01-09T15:42:16.1070805+01:00" endTime="2024-01-09T15:42:16.1070805+01:00" testType="13cdc9d9-ddb5-4fa4-a97d-d965ccfc6d4b" outcome="Passed" testListId="8c84fa94-04c1-424b-9868-57a2d4851a1d" relativeResultsDirectory="9fab19d6-e6c2-4f4c-8c4a-7e3456703fb2" />
    <UnitTestResult executionId="1a9bfef1-2d70-49da-9d78-4facbdfb886d" testId="f4029d68-9184-29c2-3c76-2aababdb9bfe" testName="Convert_Negative_MinutesTest" computerName="DKSR-EFI-06" duration="00:00:00.0003081" startTime="2024-01-09T15:42:13.9508289+01:00" endTime="2024-01-09T15:42:13.9508289+01:00" testType="13cdc9d9-ddb5-4fa4-a97d-d965ccfc6d4b" outcome="Passed" testListId="8c84fa94-04c1-424b-9868-57a2d4851a1d" relativeResultsDirectory="1a9bfef1-2d70-49da-9d78-4facbdfb886d" />
    <UnitTestResult executionId="3923d918-dae9-49d3-ac67-85135aaac97f" testId="e5a959f9-42e9-cab2-d5b3-b860c76790d1" testName="ConvertTrueToVisibleTest" computerName="DKSR-EFI-06" duration="00:00:00.0006159" startTime="2024-01-09T15:42:20.2164609+01:00" endTime="2024-01-09T15:42:20.2164609+01:00" testType="13cdc9d9-ddb5-4fa4-a97d-d965ccfc6d4b" outcome="Passed" testListId="8c84fa94-04c1-424b-9868-57a2d4851a1d" relativeResultsDirectory="3923d918-dae9-49d3-ac67-85135aaac97f" />
    <UnitTestResult executionId="415608aa-b58e-4547-8c8f-831561ecabe9" testId="2a845b8b-a38f-a4fc-1a28-61fb3533bd2c" testName="Constructor_PropertyAndFallbackAreTheSameTest" computerName="DKSR-EFI-06" duration="00:00:00.0005760" startTime="2024-01-09T15:42:20.1539602+01:00" endTime="2024-01-09T15:42:20.1539602+01:00" testType="13cdc9d9-ddb5-4fa4-a97d-d965ccfc6d4b" outcome="Passed" testListId="8c84fa94-04c1-424b-9868-57a2d4851a1d" relativeResultsDirectory="415608aa-b58e-4547-8c8f-831561ecabe9" />
    <UnitTestResult executionId="388c6cc1-746b-4569-a91d-8cbf2a55f1f2" testId="60b2fb76-1f7c-0185-7819-0149d16632d1" testName="SetSelectedAuthenticationInfo_PutsCurrentUserName_OnWindowsUser" computerName="DKSR-EFI-06" duration="00:00:00.1218676" startTime="2024-01-09T15:42:23.4039635+01:00" endTime="2024-01-09T15:42:23.5290939+01:00" testType="13cdc9d9-ddb5-4fa4-a97d-d965ccfc6d4b" outcome="Passed" testListId="8c84fa94-04c1-424b-9868-57a2d4851a1d" relativeResultsDirectory="388c6cc1-746b-4569-a91d-8cbf2a55f1f2" />
    <UnitTestResult executionId="9f2bb650-82b0-4003-b706-d46fdff1f5de" testId="72598820-c238-bb8a-f0d6-7f6e083a2fec" testName="Convert_Minutes_Over30SecondsOffsetTest" computerName="DKSR-EFI-06" duration="00:00:00.0003848" startTime="2024-01-09T15:42:13.9352044+01:00" endTime="2024-01-09T15:42:13.9352044+01:00" testType="13cdc9d9-ddb5-4fa4-a97d-d965ccfc6d4b" outcome="Passed" testListId="8c84fa94-04c1-424b-9868-57a2d4851a1d" relativeResultsDirectory="9f2bb650-82b0-4003-b706-d46fdff1f5de" />
    <UnitTestResult executionId="7d7537c0-4254-4759-b3c2-8d6b158a9346" testId="ce111de4-5363-596e-5bae-977e3c4a4097" testName="Convert_BothValidTest" computerName="DKSR-EFI-06" duration="00:00:00.0003209" startTime="2024-01-09T15:42:14.0289560+01:00" endTime="2024-01-09T15:42:14.0289560+01:00" testType="13cdc9d9-ddb5-4fa4-a97d-d965ccfc6d4b" outcome="Passed" testListId="8c84fa94-04c1-424b-9868-57a2d4851a1d" relativeResultsDirectory="7d7537c0-4254-4759-b3c2-8d6b158a9346" />
    <UnitTestResult executionId="402aca76-9ea7-4d09-90aa-943eb4ba3828" testId="b66c9864-310c-dcd3-b224-50f7e9dd782e" testName="Convert_Multiline_Gives_First_Line" computerName="DKSR-EFI-06" duration="00:00:00.0002121" startTime="2024-01-09T15:42:16.5445815+01:00" endTime="2024-01-09T15:42:16.5445815+01:00" testType="13cdc9d9-ddb5-4fa4-a97d-d965ccfc6d4b" outcome="Passed" testListId="8c84fa94-04c1-424b-9868-57a2d4851a1d" relativeResultsDirectory="402aca76-9ea7-4d09-90aa-943eb4ba3828" />
    <UnitTestResult executionId="5b4f3957-0549-4317-9aa1-2c47afbb10df" testId="664e6493-a350-b92e-3224-2f6b509268ea" testName="Initialize_NoFixedHardwareSelectionTest" computerName="DKSR-EFI-06" duration="00:00:00.0158081" startTime="2024-01-09T15:42:13.7477018+01:00" endTime="2024-01-09T15:42:13.7633290+01:00" testType="13cdc9d9-ddb5-4fa4-a97d-d965ccfc6d4b" outcome="Passed" testListId="8c84fa94-04c1-424b-9868-57a2d4851a1d" relativeResultsDirectory="5b4f3957-0549-4317-9aa1-2c47afbb10df">
      <Output>
        <StdOut>Debug Trace:&#xD;
Wizard : Locked navigation on thread : 15&#xD;
Wizard : Navigating to page 0 on thread 15&#xD;
Wizard : Completed navigation to page 0 on thread 11</StdOut>
      </Output>
    </UnitTestResult>
    <UnitTestResult executionId="3318ea48-973b-4c15-9bc3-5b910d5fd57e" testId="e08afc34-cf78-fee8-d6e6-65fa0ef12d40" testName="SortBaseCommon_Equality_Object_NullTest" computerName="DKSR-EFI-06" duration="00:00:00.0003347" startTime="2024-01-09T15:42:20.0758348+01:00" endTime="2024-01-09T15:42:20.0758348+01:00" testType="13cdc9d9-ddb5-4fa4-a97d-d965ccfc6d4b" outcome="Passed" testListId="8c84fa94-04c1-424b-9868-57a2d4851a1d" relativeResultsDirectory="3318ea48-973b-4c15-9bc3-5b910d5fd57e" />
    <UnitTestResult executionId="60b0c3d5-9b88-4ebc-8b8a-7494d8fc5597" testId="9d96775e-f84e-90a2-a5d3-3d73e9871cfa" testName="NavigatingAway_EmptySelectionTest" computerName="DKSR-EFI-06" duration="00:00:00.0003450" startTime="2024-01-09T15:42:13.2945813+01:00" endTime="2024-01-09T15:42:13.2945813+01:00" testType="13cdc9d9-ddb5-4fa4-a97d-d965ccfc6d4b" outcome="Passed" testListId="8c84fa94-04c1-424b-9868-57a2d4851a1d" relativeResultsDirectory="60b0c3d5-9b88-4ebc-8b8a-7494d8fc5597" />
    <UnitTestResult executionId="a9e3f550-0c35-482f-adb5-85031df03d5f" testId="229548e7-c814-7d03-aae9-a82430d60fbc" testName="NavigatingAway_EmptySelectionTest" computerName="DKSR-EFI-06" duration="00:00:00.0031323" startTime="2024-01-09T15:42:13.4664523+01:00" endTime="2024-01-09T15:42:13.4664523+01:00" testType="13cdc9d9-ddb5-4fa4-a97d-d965ccfc6d4b" outcome="Passed" testListId="8c84fa94-04c1-424b-9868-57a2d4851a1d" relativeResultsDirectory="a9e3f550-0c35-482f-adb5-85031df03d5f" />
    <UnitTestResult executionId="a0a9b95c-a542-4a40-9dd1-322c6d71a765" testId="87bc8649-ff49-904f-db05-d02459b9884d" testName="ConvertBack_InvalidOperationTest" computerName="DKSR-EFI-06" duration="00:00:00.0010348" startTime="2024-01-09T15:42:14.0445781+01:00" endTime="2024-01-09T15:42:14.0445781+01:00" testType="13cdc9d9-ddb5-4fa4-a97d-d965ccfc6d4b" outcome="Passed" testListId="8c84fa94-04c1-424b-9868-57a2d4851a1d" relativeResultsDirectory="a0a9b95c-a542-4a40-9dd1-322c6d71a765" />
    <UnitTestResult executionId="036a5b98-7cd5-4631-aba3-e98ff6696983" testId="f2eb084a-1f18-1fe7-34f1-2083fed4886b" testName="NavigatingTo_Selection_RecorderSelectionFromDataTest" computerName="DKSR-EFI-06" duration="00:00:00.0014932" startTime="2024-01-09T15:42:13.2633268+01:00" endTime="2024-01-09T15:42:13.2633268+01:00" testType="13cdc9d9-ddb5-4fa4-a97d-d965ccfc6d4b" outcome="Passed" testListId="8c84fa94-04c1-424b-9868-57a2d4851a1d" relativeResultsDirectory="036a5b98-7cd5-4631-aba3-e98ff6696983" />
    <UnitTestResult executionId="ba4a3fb9-8922-48e0-9ac6-7c6ced0cebf6" testId="4879fdf1-a6aa-6fe5-4969-67ce57c0e9ac" testName="MessageBoxButtonExtensions_AsWinFormsMessageBoxButtons_All_Values_Supported" computerName="DKSR-EFI-06" duration="00:00:00.0026108" startTime="2024-01-09T15:42:23.6383406+01:00" endTime="2024-01-09T15:42:23.6383406+01:00" testType="13cdc9d9-ddb5-4fa4-a97d-d965ccfc6d4b" outcome="Passed" testListId="8c84fa94-04c1-424b-9868-57a2d4851a1d" relativeResultsDirectory="ba4a3fb9-8922-48e0-9ac6-7c6ced0cebf6" />
    <UnitTestResult executionId="b39c95a0-12f3-4ef8-be02-10f196655cb1" testId="b7c35a90-3f70-63ce-fb58-1330046987ea" testName="Convert_Exception_Input_Returns_String" computerName="DKSR-EFI-06" duration="00:00:00.0019952" startTime="2024-01-09T15:42:20.2164609+01:00" endTime="2024-01-09T15:42:20.2320858+01:00" testType="13cdc9d9-ddb5-4fa4-a97d-d965ccfc6d4b" outcome="Passed" testListId="8c84fa94-04c1-424b-9868-57a2d4851a1d" relativeResultsDirectory="b39c95a0-12f3-4ef8-be02-10f196655cb1" />
    <UnitTestResult executionId="f3ef6cf1-f8e7-48be-a596-ca31e2232e11" testId="307486b9-00ca-72cc-88e9-d0c5585d219e" testName="TreeItemSelectionReporter_Success" computerName="DKSR-EFI-06" duration="00:00:00.0664996" startTime="2024-01-09T15:42:18.4039585+01:00" endTime="2024-01-09T15:42:18.4664607+01:00" testType="13cdc9d9-ddb5-4fa4-a97d-d965ccfc6d4b" outcome="Passed" testListId="8c84fa94-04c1-424b-9868-57a2d4851a1d" relativeResultsDirectory="f3ef6cf1-f8e7-48be-a596-ca31e2232e11" />
    <UnitTestResult executionId="c817fd7c-ce64-4a9b-9b1f-9fe33c601a9b" testId="47036bbc-a6ea-5ffd-1bf1-0123489c2851" testName="AuthenticationTypes_EnabledDefaultValues_Success" computerName="DKSR-EFI-06" duration="00:00:00.0727809" startTime="2024-01-09T15:42:23.5602143+01:00" endTime="2024-01-09T15:42:23.6383406+01:00" testType="13cdc9d9-ddb5-4fa4-a97d-d965ccfc6d4b" outcome="Passed" testListId="8c84fa94-04c1-424b-9868-57a2d4851a1d" relativeResultsDirectory="c817fd7c-ce64-4a9b-9b1f-9fe33c601a9b" />
    <UnitTestResult executionId="cbd95e1b-eafa-4778-a5f5-dd7d69ca4342" testId="02859efd-d8a6-c9fa-0c6c-dc8aa96a48c1" testName="SystemDashboard_LookupThresholdDirection_Success" computerName="DKSR-EFI-06" duration="00:00:00.0004187" startTime="2024-01-09T15:42:17.4977097+01:00" endTime="2024-01-09T15:42:17.4977097+01:00" testType="13cdc9d9-ddb5-4fa4-a97d-d965ccfc6d4b" outcome="Passed" testListId="8c84fa94-04c1-424b-9868-57a2d4851a1d" relativeResultsDirectory="cbd95e1b-eafa-4778-a5f5-dd7d69ca4342" />
    <UnitTestResult executionId="bbe23274-dea5-4d4c-8cb6-a9e6931eab94" testId="b6dd8ab4-717a-bff3-9ff7-c871d991948d" testName="ThresholdSliderViewModel_InvalidInput4" computerName="DKSR-EFI-06" duration="00:00:00.0026476" startTime="2024-01-09T15:42:18.3727093+01:00" endTime="2024-01-09T15:42:18.3884180+01:00" testType="13cdc9d9-ddb5-4fa4-a97d-d965ccfc6d4b" outcome="Passed" testListId="8c84fa94-04c1-424b-9868-57a2d4851a1d" relativeResultsDirectory="bbe23274-dea5-4d4c-8cb6-a9e6931eab94" />
    <UnitTestResult executionId="7b26ad4f-bfc8-4c23-98fd-3aa2658d70ed" testId="9a6d99f0-2478-7008-b6de-ccf4f008eb1f" testName="Convert_Days_IncludingMinutesTest" computerName="DKSR-EFI-06" duration="00:00:00.0006073" startTime="2024-01-09T15:42:13.9039559+01:00" endTime="2024-01-09T15:42:13.9039559+01:00" testType="13cdc9d9-ddb5-4fa4-a97d-d965ccfc6d4b" outcome="Passed" testListId="8c84fa94-04c1-424b-9868-57a2d4851a1d" relativeResultsDirectory="7b26ad4f-bfc8-4c23-98fd-3aa2658d70ed" />
    <UnitTestResult executionId="8097c1ac-f3a3-4ef2-bced-54df2a33abc0" testId="cb7cc280-eb4f-97ff-9e8d-6fb2e44da770" testName="Convert_Single_Line_Gives_Unmodified_String" computerName="DKSR-EFI-06" duration="00:00:00.0002081" startTime="2024-01-09T15:42:14.1852045+01:00" endTime="2024-01-09T15:42:14.1852045+01:00" testType="13cdc9d9-ddb5-4fa4-a97d-d965ccfc6d4b" outcome="Passed" testListId="8c84fa94-04c1-424b-9868-57a2d4851a1d" relativeResultsDirectory="8097c1ac-f3a3-4ef2-bced-54df2a33abc0" />
    <UnitTestResult executionId="3d437056-6590-4d57-92a4-365384396340" testId="912b14b8-7a65-de53-0707-a491d0e913c9" testName="NavigatingTo_ErrorHandling_FindStorages_UnknownExceptionTest" computerName="DKSR-EFI-06" duration="00:00:00.0007668" startTime="2024-01-09T15:42:13.3883315+01:00" endTime="2024-01-09T15:42:13.3883315+01:00" testType="13cdc9d9-ddb5-4fa4-a97d-d965ccfc6d4b" outcome="Passed" testListId="8c84fa94-04c1-424b-9868-57a2d4851a1d" relativeResultsDirectory="3d437056-6590-4d57-92a4-365384396340" />
    <UnitTestResult executionId="2e698d16-dc3a-4d78-9358-a66080e14403" testId="57562f84-ca24-a374-0bbd-a64f62493393" testName="PreviousCommand_NavigatingAway_Cancelled" computerName="DKSR-EFI-06" duration="00:00:00.0029386" startTime="2024-01-09T15:42:14.8727040+01:00" endTime="2024-01-09T15:42:14.8727040+01:00" testType="13cdc9d9-ddb5-4fa4-a97d-d965ccfc6d4b" outcome="Passed" testListId="8c84fa94-04c1-424b-9868-57a2d4851a1d" relativeResultsDirectory="2e698d16-dc3a-4d78-9358-a66080e14403">
      <Output>
        <StdOut>Debug Trace:&#xD;
Wizard : Locked navigation on thread : 15&#xD;
Wizard : Navigating to page 0 on thread 15&#xD;
Wizard : Completed navigation to page 0 on thread 13&#xD;
Wizard : Released lock navigation on thread : 13&#xD;
Wizard : Locked navigation on thread : 15&#xD;
Wizard : Navigating to page 1 on thread 15&#xD;
Wizard : Completed navigation to page 1 on thread 19&#xD;
Wizard : Released lock navigation on thread : 19&#xD;
Wizard : Locked navigation on thread : 15&#xD;
Wizard : Navigating to page 2 on thread 15&#xD;
Wizard : Completed navigation to page 2 on thread 19&#xD;
Wizard : Released lock navigation on thread : 19&#xD;
Wizard : Locked navigation on thread : 15&#xD;
Wizard : Navigating to page 1 on thread 15&#xD;
Wizard : Released lock navigation on thread : 19</StdOut>
      </Output>
    </UnitTestResult>
    <UnitTestResult executionId="768fbc7f-357e-4ced-b76d-96501096c618" testId="204c20ab-1b37-4d10-3045-65864beed6a2" testName="SortBaseCommon_Equality_SortBase_DifferentObjectsTest" computerName="DKSR-EFI-06" duration="00:00:00.0000080" startTime="2024-01-09T15:42:20.1852103+01:00" endTime="2024-01-09T15:42:20.1852103+01:00" testType="13cdc9d9-ddb5-4fa4-a97d-d965ccfc6d4b" outcome="Passed" testListId="8c84fa94-04c1-424b-9868-57a2d4851a1d" relativeResultsDirectory="768fbc7f-357e-4ced-b76d-96501096c618" />
    <UnitTestResult executionId="b4fb9b4b-2064-45e0-80c5-8aa3ead52f4a" testId="f48e9cd8-b051-c100-7f74-d5b838d2550f" testName="UpdateSelection_ValidSelectionTest" computerName="DKSR-EFI-06" duration="00:00:00.0030840" startTime="2024-01-09T15:42:16.3102070+01:00" endTime="2024-01-09T15:42:16.3102070+01:00" testType="13cdc9d9-ddb5-4fa4-a97d-d965ccfc6d4b" outcome="Passed" testListId="8c84fa94-04c1-424b-9868-57a2d4851a1d" relativeResultsDirectory="b4fb9b4b-2064-45e0-80c5-8aa3ead52f4a" />
    <UnitTestResult executionId="c82168b2-ebc8-45f0-8b50-6f4d32c41b90" testId="661f4fdd-5778-f70d-7e4e-9944e0c622b5" testName="CurrentStatus_Event_SetSelectionTest" computerName="DKSR-EFI-06" duration="00:00:00.0009616" startTime="2024-01-09T15:42:13.3414517+01:00" endTime="2024-01-09T15:42:13.3414517+01:00" testType="13cdc9d9-ddb5-4fa4-a97d-d965ccfc6d4b" outcome="Passed" testListId="8c84fa94-04c1-424b-9868-57a2d4851a1d" relativeResultsDirectory="c82168b2-ebc8-45f0-8b50-6f4d32c41b90" />
    <UnitTestResult executionId="b08bbb75-e708-416d-b83d-fce1aa55903b" testId="7f969016-ac4d-f197-264f-3ad7c512794a" testName="Validate_WithPasswordManualEntry_ForbiddenSymbols_SucceedsForMultiplePasswordChange" computerName="DKSR-EFI-06" duration="00:00:00.0005825" startTime="2024-01-09T15:42:16.1070805+01:00" endTime="2024-01-09T15:42:16.1070805+01:00" testType="13cdc9d9-ddb5-4fa4-a97d-d965ccfc6d4b" outcome="Passed" testListId="8c84fa94-04c1-424b-9868-57a2d4851a1d" relativeResultsDirectory="b08bbb75-e708-416d-b83d-fce1aa55903b" />
    <UnitTestResult executionId="5d29b998-4cd4-45ba-a086-534c4466a5ce" testId="3eb9a3ff-c5fa-b317-194e-27f209de71a6" testName="Constructor_DataNotChangedDuringConstructionTest" computerName="DKSR-EFI-06" duration="00:00:00.0001590" startTime="2024-01-09T15:42:13.2477019+01:00" endTime="2024-01-09T15:42:13.2477019+01:00" testType="13cdc9d9-ddb5-4fa4-a97d-d965ccfc6d4b" outcome="Passed" testListId="8c84fa94-04c1-424b-9868-57a2d4851a1d" relativeResultsDirectory="5d29b998-4cd4-45ba-a086-534c4466a5ce" />
    <UnitTestResult executionId="ef452c72-13e6-4ed2-bd2e-723184976717" testId="811a6089-74ef-6f7b-6f17-6fb2e3181bfc" testName="NavigatingTo_CheckPreselectedRecorderHasHardware_False_NavigationNotCancelled" computerName="DKSR-EFI-06" duration="00:00:00.0005900" startTime="2024-01-09T15:42:16.4664579+01:00" endTime="2024-01-09T15:42:16.4664579+01:00" testType="13cdc9d9-ddb5-4fa4-a97d-d965ccfc6d4b" outcome="Passed" testListId="8c84fa94-04c1-424b-9868-57a2d4851a1d" relativeResultsDirectory="ef452c72-13e6-4ed2-bd2e-723184976717" />
    <UnitTestResult executionId="71a7868f-6248-44ef-899d-c5341d0c64ec" testId="b94bc3e4-456f-5309-f9a8-1757b34a2f42" testName="UpdateSelection_PreSelectUnsupportedHardwareTest" computerName="DKSR-EFI-06" duration="00:00:00.0020718" startTime="2024-01-09T15:42:16.3414575+01:00" endTime="2024-01-09T15:42:16.3414575+01:00" testType="13cdc9d9-ddb5-4fa4-a97d-d965ccfc6d4b" outcome="Passed" testListId="8c84fa94-04c1-424b-9868-57a2d4851a1d" relativeResultsDirectory="71a7868f-6248-44ef-899d-c5341d0c64ec" />
    <UnitTestResult executionId="70e4d77d-8316-44e5-ba09-588fd3cf66e5" testId="c0e9a277-e1e2-509a-d802-3ba2b6ebf03e" testName="NavigatingTo_CheckPreselectedRecorderAvailable_False_NavigationNotCancelled" computerName="DKSR-EFI-06" duration="00:00:00.0045611" startTime="2024-01-09T15:42:12.5289527+01:00" endTime="2024-01-09T15:42:12.5289527+01:00" testType="13cdc9d9-ddb5-4fa4-a97d-d965ccfc6d4b" outcome="Passed" testListId="8c84fa94-04c1-424b-9868-57a2d4851a1d" relativeResultsDirectory="70e4d77d-8316-44e5-ba09-588fd3cf66e5" />
    <UnitTestResult executionId="6d3e80ca-e4e3-4583-a84f-08ceb68ec22e" testId="5fcaabbc-76f6-6e4d-a2d0-53d66fcf6b66" testName="ScheduleNextRun_InternalExceptionDoesNotRaisesEventOnSiteWorking_Success" computerName="DKSR-EFI-06" startTime="2024-01-09T15:42:23.1852126+01:00" endTime="2024-01-09T15:42:23.1852126+01:00" testType="13cdc9d9-ddb5-4fa4-a97d-d965ccfc6d4b" outcome="NotExecuted" testListId="8c84fa94-04c1-424b-9868-57a2d4851a1d" relativeResultsDirectory="6d3e80ca-e4e3-4583-a84f-08ceb68ec22e">
      <Output></Output>
    </UnitTestResult>
    <UnitTestResult executionId="b1298a74-2917-4553-94aa-3a463378f5de" testId="e129284c-28cd-7195-bcdf-a16aa9bd8b13" testName="NextCommand_IsAvailable_LastPageValidationTest" computerName="DKSR-EFI-06" duration="00:00:00.0072020" startTime="2024-01-09T15:42:14.6227045+01:00" endTime="2024-01-09T15:42:14.6383315+01:00" testType="13cdc9d9-ddb5-4fa4-a97d-d965ccfc6d4b" outcome="Passed" testListId="8c84fa94-04c1-424b-9868-57a2d4851a1d" relativeResultsDirectory="b1298a74-2917-4553-94aa-3a463378f5de">
      <Output>
        <StdOut>Debug Trace:&#xD;
Wizard : Locked navigation on thread : 15&#xD;
Wizard : Navigating to page 0 on thread 15&#xD;
Wizard : Completed navigation to page 0 on thread 20&#xD;
Wizard : Locked navigation on thread : 15&#xD;
Wizard : Navigating to page 1 on thread 15&#xD;
Wizard : Released lock navigation on thread : 20&#xD;
Wizard : Completed navigation to page 1 on thread 20&#xD;
Wizard : Released lock navigation on thread : 20&#xD;
Wizard : Locked navigation on thread : 15&#xD;
Wizard : Navigating to page 2 on thread 15&#xD;
Wizard : Completed navigation to page 2 on thread 20&#xD;
Wizard : Released lock navigation on thread : 20</StdOut>
      </Output>
    </UnitTestResult>
    <UnitTestResult executionId="66ce2d41-dbb3-4891-bdea-a43ee3132023" testId="fc1c8124-47bb-a8bc-5737-8872268eedf3" testName="LogOnThread_Constructor_NullAuthenticateEventArgs_Throws_ArgumentNullException" computerName="DKSR-EFI-06" duration="00:00:00.0005843" startTime="2024-01-09T15:42:23.2008395+01:00" endTime="2024-01-09T15:42:23.2008395+01:00" testType="13cdc9d9-ddb5-4fa4-a97d-d965ccfc6d4b" outcome="Passed" testListId="8c84fa94-04c1-424b-9868-57a2d4851a1d" relativeResultsDirectory="66ce2d41-dbb3-4891-bdea-a43ee3132023" />
    <UnitTestResult executionId="61fff848-19c3-4aac-abae-d9959575d890" testId="91341f70-55ff-152a-4486-885af4213579" testName="Convert_Error_ValuesTooShortTest" computerName="DKSR-EFI-06" duration="00:00:00.0006817" startTime="2024-01-09T15:42:14.0602029+01:00" endTime="2024-01-09T15:42:14.0602029+01:00" testType="13cdc9d9-ddb5-4fa4-a97d-d965ccfc6d4b" outcome="Passed" testListId="8c84fa94-04c1-424b-9868-57a2d4851a1d" relativeResultsDirectory="61fff848-19c3-4aac-abae-d9959575d890" />
    <UnitTestResult executionId="ca0313c3-01a1-4f72-951a-95e5a25f3ec3" testId="fead0e95-d899-cc0e-0e88-008cee717a79" testName="Constructor_DataNotChangedDuringConstructionTest" computerName="DKSR-EFI-06" duration="00:00:00.0002466" startTime="2024-01-09T15:42:16.0602086+01:00" endTime="2024-01-09T15:42:16.0602086+01:00" testType="13cdc9d9-ddb5-4fa4-a97d-d965ccfc6d4b" outcome="Passed" testListId="8c84fa94-04c1-424b-9868-57a2d4851a1d" relativeResultsDirectory="ca0313c3-01a1-4f72-951a-95e5a25f3ec3" />
    <UnitTestResult executionId="ef236667-f973-4963-b3aa-96c16ed45729" testId="94bb4dfe-b0ce-4e57-734d-47a215db43d1" testName="Convert_Hours_SingularTest" computerName="DKSR-EFI-06" duration="00:00:00.0004632" startTime="2024-01-09T15:42:13.9039559+01:00" endTime="2024-01-09T15:42:13.9039559+01:00" testType="13cdc9d9-ddb5-4fa4-a97d-d965ccfc6d4b" outcome="Passed" testListId="8c84fa94-04c1-424b-9868-57a2d4851a1d" relativeResultsDirectory="ef236667-f973-4963-b3aa-96c16ed45729" />
    <UnitTestResult executionId="678f6332-a050-4221-a56b-eb258e835097" testId="4fc53d11-7560-9109-952f-746fb76e3c3a" testName="NavigatingTo_PageStatus_NoHardwareSelected" computerName="DKSR-EFI-06" duration="00:00:00.0094927" startTime="2024-01-09T15:42:12.6383277+01:00" endTime="2024-01-09T15:42:12.6539535+01:00" testType="13cdc9d9-ddb5-4fa4-a97d-d965ccfc6d4b" outcome="Passed" testListId="8c84fa94-04c1-424b-9868-57a2d4851a1d" relativeResultsDirectory="678f6332-a050-4221-a56b-eb258e835097" />
    <UnitTestResult executionId="52ce2a19-a9aa-4063-9e28-fbd87677cd13" testId="105dcca2-cdc3-0863-6144-8659dbf0dd2e" testName="SortEquality_NullTargetType" computerName="DKSR-EFI-06" duration="00:00:00.0006353" startTime="2024-01-09T15:42:15.0289546+01:00" endTime="2024-01-09T15:42:15.0289546+01:00" testType="13cdc9d9-ddb5-4fa4-a97d-d965ccfc6d4b" outcome="Passed" testListId="8c84fa94-04c1-424b-9868-57a2d4851a1d" relativeResultsDirectory="52ce2a19-a9aa-4063-9e28-fbd87677cd13" />
    <UnitTestResult executionId="cf3597c8-fe62-4ac0-9fbf-f47cf6028187" testId="78a88df1-0567-411c-90b4-86013350efa5" testName="SystemDashboard_LookupCalculationBufferMin_Success" computerName="DKSR-EFI-06" duration="00:00:00.0003643" startTime="2024-01-09T15:42:17.4977097+01:00" endTime="2024-01-09T15:42:17.4977097+01:00" testType="13cdc9d9-ddb5-4fa4-a97d-d965ccfc6d4b" outcome="Passed" testListId="8c84fa94-04c1-424b-9868-57a2d4851a1d" relativeResultsDirectory="cf3597c8-fe62-4ac0-9fbf-f47cf6028187" />
    <UnitTestResult executionId="4bacff2e-1528-4f53-847b-a5133cc2cc85" testId="1faf9f68-c3ff-50da-2a1f-6c99784ad39d" testName="NavigatingTo_Selection_FromHandler_UnavailableItemsTest" computerName="DKSR-EFI-06" duration="00:00:00.0004678" startTime="2024-01-09T15:42:13.4508285+01:00" endTime="2024-01-09T15:42:13.4508285+01:00" testType="13cdc9d9-ddb5-4fa4-a97d-d965ccfc6d4b" outcome="Passed" testListId="8c84fa94-04c1-424b-9868-57a2d4851a1d" relativeResultsDirectory="4bacff2e-1528-4f53-847b-a5133cc2cc85" />
    <UnitTestResult executionId="ad04fe34-57e4-4206-aa8a-c57db26dd900" testId="fd5e5db7-75bb-c1b4-bc63-c5e02bac5794" testName="NextCommand_IsAvailable_AvailableTest" computerName="DKSR-EFI-06" duration="00:00:00.0021092" startTime="2024-01-09T15:42:14.6227045+01:00" endTime="2024-01-09T15:42:14.6227045+01:00" testType="13cdc9d9-ddb5-4fa4-a97d-d965ccfc6d4b" outcome="Passed" testListId="8c84fa94-04c1-424b-9868-57a2d4851a1d" relativeResultsDirectory="ad04fe34-57e4-4206-aa8a-c57db26dd900">
      <Output>
        <StdOut>Debug Trace:&#xD;
Wizard : Locked navigation on thread : 15&#xD;
Wizard : Navigating to page 0 on thread 15&#xD;
Wizard : Completed navigation to page 0 on thread 20&#xD;
Wizard : Locked navigation on thread : 15&#xD;
Wizard : Navigating to page 1 on thread 15&#xD;
Wizard : Released lock navigation on thread : 20&#xD;
Wizard : Completed navigation to page 1 on thread 20&#xD;
Wizard : Released lock navigation on thread : 20</StdOut>
      </Output>
    </UnitTestResult>
    <UnitTestResult executionId="9a0b090f-3a5b-4e31-a82b-c09778954ad2" testId="a4298eb4-c80a-c59c-c50b-0666aeeebf05" testName="NavigatingTo_PageStatus_HardwareSelected" computerName="DKSR-EFI-06" duration="00:00:00.0059182" startTime="2024-01-09T15:42:12.6539535+01:00" endTime="2024-01-09T15:42:12.6695761+01:00" testType="13cdc9d9-ddb5-4fa4-a97d-d965ccfc6d4b" outcome="Passed" testListId="8c84fa94-04c1-424b-9868-57a2d4851a1d" relativeResultsDirectory="9a0b090f-3a5b-4e31-a82b-c09778954ad2" />
    <UnitTestResult executionId="899478c3-30b1-457f-8d13-6de6dec9ea8d" testId="cbc00693-3018-a563-8a89-a8dbeba3cf5d" testName="Convert_Negative_DaysTest" computerName="DKSR-EFI-06" duration="00:00:00.0003069" startTime="2024-01-09T15:42:13.9352044+01:00" endTime="2024-01-09T15:42:13.9352044+01:00" testType="13cdc9d9-ddb5-4fa4-a97d-d965ccfc6d4b" outcome="Passed" testListId="8c84fa94-04c1-424b-9868-57a2d4851a1d" relativeResultsDirectory="899478c3-30b1-457f-8d13-6de6dec9ea8d" />
    <UnitTestResult executionId="c8be8445-76e8-4bfa-a11b-5ff4f8a1cc32" testId="33b6f5ee-da23-2516-d626-f8cc402f6c53" testName="Validate_WithPasswordManualEntry_MissingConfirmationPassword" computerName="DKSR-EFI-06" duration="00:00:00.0004804" startTime="2024-01-09T15:42:16.0914558+01:00" endTime="2024-01-09T15:42:16.0914558+01:00" testType="13cdc9d9-ddb5-4fa4-a97d-d965ccfc6d4b" outcome="Passed" testListId="8c84fa94-04c1-424b-9868-57a2d4851a1d" relativeResultsDirectory="c8be8445-76e8-4bfa-a11b-5ff4f8a1cc32" />
    <UnitTestResult executionId="55da5858-1d1d-4585-9bbd-238cafbd036f" testId="f11037d8-2798-0e28-7654-8f48530f6ed7" testName="ConvertBack_InvalidOperationException" computerName="DKSR-EFI-06" duration="00:00:00.0007171" startTime="2024-01-09T15:42:14.1695806+01:00" endTime="2024-01-09T15:42:14.1695806+01:00" testType="13cdc9d9-ddb5-4fa4-a97d-d965ccfc6d4b" outcome="Passed" testListId="8c84fa94-04c1-424b-9868-57a2d4851a1d" relativeResultsDirectory="55da5858-1d1d-4585-9bbd-238cafbd036f" />
    <UnitTestResult executionId="a0bac492-0621-4a43-9329-89ca56202473" testId="89a9512f-0a88-6fc2-d941-d71c3d7ab26c" testName="CurrentStatus_Event_SetSelectionTest" computerName="DKSR-EFI-06" duration="00:00:00.0008263" startTime="2024-01-09T15:42:16.4352076+01:00" endTime="2024-01-09T15:42:16.4352076+01:00" testType="13cdc9d9-ddb5-4fa4-a97d-d965ccfc6d4b" outcome="Passed" testListId="8c84fa94-04c1-424b-9868-57a2d4851a1d" relativeResultsDirectory="a0bac492-0621-4a43-9329-89ca56202473" />
    <UnitTestResult executionId="d597324f-4c47-47d5-89ef-af231ca073d1" testId="c433c793-666e-34b6-8b63-f25466869ce3" testName="ThresholdStyleConverter_BottomValueSliderAsInput_Success" computerName="DKSR-EFI-06" duration="00:00:00.0001925" startTime="2024-01-09T15:42:18.5133353+01:00" endTime="2024-01-09T15:42:18.5133353+01:00" testType="13cdc9d9-ddb5-4fa4-a97d-d965ccfc6d4b" outcome="Passed" testListId="8c84fa94-04c1-424b-9868-57a2d4851a1d" relativeResultsDirectory="d597324f-4c47-47d5-89ef-af231ca073d1" />
    <UnitTestResult executionId="83502034-7822-41b8-afce-9d8e385167fe" testId="574c2c90-0245-de82-999d-96c7fabf75f0" testName="Constructor_DataNotChangedDuringConstructionTest" computerName="DKSR-EFI-06" duration="00:00:00.0001506" startTime="2024-01-09T15:42:13.4039528+01:00" endTime="2024-01-09T15:42:13.4039528+01:00" testType="13cdc9d9-ddb5-4fa4-a97d-d965ccfc6d4b" outcome="Passed" testListId="8c84fa94-04c1-424b-9868-57a2d4851a1d" relativeResultsDirectory="83502034-7822-41b8-afce-9d8e385167fe" />
    <UnitTestResult executionId="fa1823cb-ac87-46cb-971d-6ca6165fc960" testId="e4641341-31b6-ce48-cce6-568b8b19782f" testName="Convert_Multiline_Gives_First_Line" computerName="DKSR-EFI-06" duration="00:00:00.0002372" startTime="2024-01-09T15:42:14.1852045+01:00" endTime="2024-01-09T15:42:14.1852045+01:00" testType="13cdc9d9-ddb5-4fa4-a97d-d965ccfc6d4b" outcome="Passed" testListId="8c84fa94-04c1-424b-9868-57a2d4851a1d" relativeResultsDirectory="fa1823cb-ac87-46cb-971d-6ca6165fc960" />
    <UnitTestResult executionId="f572a142-8df2-4d56-bcea-09d38ed5215f" testId="54639342-3d46-c804-f3d5-99838a456624" testName="Initialize_NoFixedHardwareSelectionTest" computerName="DKSR-EFI-06" duration="00:00:00.0461117" startTime="2024-01-09T15:42:16.4820841+01:00" endTime="2024-01-09T15:42:16.5289569+01:00" testType="13cdc9d9-ddb5-4fa4-a97d-d965ccfc6d4b" outcome="Passed" testListId="8c84fa94-04c1-424b-9868-57a2d4851a1d" relativeResultsDirectory="f572a142-8df2-4d56-bcea-09d38ed5215f">
      <Output>
        <StdOut>Debug Trace:&#xD;
Wizard : Locked navigation on thread : 15&#xD;
Wizard : Navigating to page 0 on thread 15&#xD;
Wizard : Completed navigation to page 0 on thread 11&#xD;
Wizard : Released lock navigation on thread : 11</StdOut>
      </Output>
    </UnitTestResult>
    <UnitTestResult executionId="2f61c5d3-e9d4-4caa-8ea4-c8840f6db9b0" testId="48ca2ab9-f06b-98ff-88d7-9712516f659e" testName="NavigatingTo_Selection_HardwareSelectionFromDataTest" computerName="DKSR-EFI-06" duration="00:00:00.0033496" startTime="2024-01-09T15:42:13.4352033+01:00" endTime="2024-01-09T15:42:13.4352033+01:00" testType="13cdc9d9-ddb5-4fa4-a97d-d965ccfc6d4b" outcome="Passed" testListId="8c84fa94-04c1-424b-9868-57a2d4851a1d" relativeResultsDirectory="2f61c5d3-e9d4-4caa-8ea4-c8840f6db9b0" />
    <UnitTestResult executionId="113882eb-39e3-4ba2-b57e-5a4371c40839" testId="16d85b62-693e-78e6-6445-152d2a3ccb8f" testName="AuthorizeThread_Constructor_NullConnectionManager_Throws_ArgumentNullException" computerName="DKSR-EFI-06" duration="00:00:00.1125291" startTime="2024-01-09T15:42:20.2789617+01:00" endTime="2024-01-09T15:42:20.3883369+01:00" testType="13cdc9d9-ddb5-4fa4-a97d-d965ccfc6d4b" outcome="Passed" testListId="8c84fa94-04c1-424b-9868-57a2d4851a1d" relativeResultsDirectory="113882eb-39e3-4ba2-b57e-5a4371c40839" />
    <UnitTestResult executionId="7f8db208-8d49-4912-974a-0eb0534412c1" testId="755e587f-abde-7475-dbff-6b1bd708f630" testName="NavigatingTo_SuccessfulChange_OperationsStatusOk" computerName="DKSR-EFI-06" duration="00:00:00.1195944" startTime="2024-01-09T15:42:15.4352049+01:00" endTime="2024-01-09T15:42:15.5602067+01:00" testType="13cdc9d9-ddb5-4fa4-a97d-d965ccfc6d4b" outcome="Passed" testListId="8c84fa94-04c1-424b-9868-57a2d4851a1d" relativeResultsDirectory="7f8db208-8d49-4912-974a-0eb0534412c1">
      <Output>
        <StdOut>Debug Trace:&#xD;
CALL SYNCHRONIZER [18]: Run() called on thread 26&#xD;
CALL SYNCHRONIZER [18]: Waiting for event on thread 26&#xD;
CALL SYNCHRONIZER [18]: Event received, exiting on thread 26&#xD;
WARNIG : Progress notification received after result has been set&#xD;
WARNIG : Progress notification received after result has been set</StdOut>
      </Output>
    </UnitTestResult>
    <UnitTestResult executionId="1ca86969-717d-430c-8b9c-cb496fe334f8" testId="7286f5e5-524e-3d7b-16fe-4652fd6bab68" testName="NavigatingTo_AvailableRecorders_NoRecordersTest" computerName="DKSR-EFI-06" duration="00:00:00.0004944" startTime="2024-01-09T15:42:13.2633268+01:00" endTime="2024-01-09T15:42:13.2633268+01:00" testType="13cdc9d9-ddb5-4fa4-a97d-d965ccfc6d4b" outcome="Passed" testListId="8c84fa94-04c1-424b-9868-57a2d4851a1d" relativeResultsDirectory="1ca86969-717d-430c-8b9c-cb496fe334f8" />
    <UnitTestResult executionId="9d6ffb8e-8757-4c9a-89c8-6f3b1671891a" testId="097b294e-fe0c-9543-f844-6b0510e37afd" testName="Convert_ArgumentNullException" computerName="DKSR-EFI-06" duration="00:00:00.1218281" startTime="2024-01-09T15:42:12.2945743+01:00" endTime="2024-01-09T15:42:12.4195770+01:00" testType="13cdc9d9-ddb5-4fa4-a97d-d965ccfc6d4b" outcome="Passed" testListId="8c84fa94-04c1-424b-9868-57a2d4851a1d" relativeResultsDirectory="9d6ffb8e-8757-4c9a-89c8-6f3b1671891a">
      <Output>
        <StdOut>Debug Trace:&#xD;
Fail: Argument null</StdOut>
      </Output>
    </UnitTestResult>
    <UnitTestResult executionId="6c137dbf-31f3-4f67-8737-96ccf36fcefa" testId="0eeaa5f3-b762-18aa-4662-dc326afd77c6" testName="SelectedRecorderChanged_ToAllRecorders_RecorderFilterApplies" computerName="DKSR-EFI-06" duration="00:00:00.0015197" startTime="2024-01-09T15:42:16.3727101+01:00" endTime="2024-01-09T15:42:16.3727101+01:00" testType="13cdc9d9-ddb5-4fa4-a97d-d965ccfc6d4b" outcome="Passed" testListId="8c84fa94-04c1-424b-9868-57a2d4851a1d" relativeResultsDirectory="6c137dbf-31f3-4f67-8737-96ccf36fcefa" />
    <UnitTestResult executionId="4b4749c0-1f9a-4a7c-9663-5aae5aa7138f" testId="af9b34af-c129-27ed-6022-fd854a23a0b4" testName="NavigatingTo_ExceptionHandling_OtherException_FindHardwareThrowsTest" computerName="DKSR-EFI-06" duration="00:00:00.0010984" startTime="2024-01-09T15:42:16.2633312+01:00" endTime="2024-01-09T15:42:16.2633312+01:00" testType="13cdc9d9-ddb5-4fa4-a97d-d965ccfc6d4b" outcome="Passed" testListId="8c84fa94-04c1-424b-9868-57a2d4851a1d" relativeResultsDirectory="4b4749c0-1f9a-4a7c-9663-5aae5aa7138f" />
    <UnitTestResult executionId="0876cf82-e195-4600-8a1f-ea4b0f4a16e0" testId="d5acb6b2-2241-7ff7-202e-848312ae8356" testName="Validate_WithPasswordAutogeneration" computerName="DKSR-EFI-06" duration="00:00:00.0021612" startTime="2024-01-09T15:42:16.0914558+01:00" endTime="2024-01-09T15:42:16.0914558+01:00" testType="13cdc9d9-ddb5-4fa4-a97d-d965ccfc6d4b" outcome="Passed" testListId="8c84fa94-04c1-424b-9868-57a2d4851a1d" relativeResultsDirectory="0876cf82-e195-4600-8a1f-ea4b0f4a16e0" />
    <UnitTestResult executionId="5db7f27d-b321-4a26-ad65-626ccc4a314f" testId="759cc0dc-cce2-5bbd-be81-e35abe9d7d2e" testName="Close_PageStateChanged_CommandInvalidatedTest" computerName="DKSR-EFI-06" duration="00:00:00.0175978" startTime="2024-01-09T15:42:14.9820802+01:00" endTime="2024-01-09T15:42:14.9977054+01:00" testType="13cdc9d9-ddb5-4fa4-a97d-d965ccfc6d4b" outcome="Passed" testListId="8c84fa94-04c1-424b-9868-57a2d4851a1d" relativeResultsDirectory="5db7f27d-b321-4a26-ad65-626ccc4a314f">
      <Output>
        <StdOut>Debug Trace:&#xD;
Wizard : Locked navigation on thread : 15&#xD;
Wizard : Navigating to page 0 on thread 15&#xD;
Wizard : Completed navigation to page 0 on thread 20&#xD;
Wizard : Released lock navigation on thread : 20&#xD;
Wizard : Locked navigation on thread : 15&#xD;
Wizard : Navigating to page 1 on thread 15&#xD;
Wizard : Completed navigation to page 1 on thread 20&#xD;
Wizard : Released lock navigation on thread : 20</StdOut>
      </Output>
    </UnitTestResult>
    <UnitTestResult executionId="32620637-0caa-42d6-a6a5-07b95e958cc3" testId="88f832f0-850e-8880-bbd0-b9ac6891d2a8" testName="SortBaseCommon_Reverse_ReverseIsNotSameTest" computerName="DKSR-EFI-06" duration="00:00:00.0003957" startTime="2024-01-09T15:42:20.0602098+01:00" endTime="2024-01-09T15:42:20.0602098+01:00" testType="13cdc9d9-ddb5-4fa4-a97d-d965ccfc6d4b" outcome="Passed" testListId="8c84fa94-04c1-424b-9868-57a2d4851a1d" relativeResultsDirectory="32620637-0caa-42d6-a6a5-07b95e958cc3" />
    <UnitTestResult executionId="7079d05e-6af9-4f9f-980d-f176d25eee91" testId="db08b945-1cff-7ffd-3ad7-b9d159321f59" testName="NextCommand_CommandInvalidated_PageStatusChanged_ValidToBusyTest" computerName="DKSR-EFI-06" duration="00:00:00.0854014" startTime="2024-01-09T15:42:14.6383315+01:00" endTime="2024-01-09T15:42:14.7320826+01:00" testType="13cdc9d9-ddb5-4fa4-a97d-d965ccfc6d4b" outcome="Passed" testListId="8c84fa94-04c1-424b-9868-57a2d4851a1d" relativeResultsDirectory="7079d05e-6af9-4f9f-980d-f176d25eee91">
      <Output>
        <StdOut>Debug Trace:&#xD;
Wizard : Locked navigation on thread : 15&#xD;
Wizard : Navigating to page 0 on thread 15&#xD;
Wizard : Completed navigation to page 0 on thread 20&#xD;
Wizard : Released lock navigation on thread : 20&#xD;
Wizard : Locked navigation on thread : 15&#xD;
Wizard : Navigating to page 1 on thread 15&#xD;
Wizard : Completed navigation to page 1 on thread 20&#xD;
Wizard : Released lock navigation on thread : 20</StdOut>
      </Output>
    </UnitTestResult>
    <UnitTestResult executionId="e4be5e30-0977-4bd8-a8e9-546cc4905971" testId="159786b5-8ca2-5538-8bd6-da5b1fadbc39" testName="UpdateSelection_EmptySelectionTest" computerName="DKSR-EFI-06" duration="00:00:00.0003327" startTime="2024-01-09T15:42:13.4820771+01:00" endTime="2024-01-09T15:42:13.4820771+01:00" testType="13cdc9d9-ddb5-4fa4-a97d-d965ccfc6d4b" outcome="Passed" testListId="8c84fa94-04c1-424b-9868-57a2d4851a1d" relativeResultsDirectory="e4be5e30-0977-4bd8-a8e9-546cc4905971" />
    <UnitTestResult executionId="751a433f-b950-481f-a62a-ad0cc6978384" testId="87fe0b7e-00f2-076c-8837-5f1588ddfb23" testName="Constructor_EmptyPropertyTest" computerName="DKSR-EFI-06" duration="00:00:00.0005302" startTime="2024-01-09T15:42:20.1383353+01:00" endTime="2024-01-09T15:42:20.1383353+01:00" testType="13cdc9d9-ddb5-4fa4-a97d-d965ccfc6d4b" outcome="Passed" testListId="8c84fa94-04c1-424b-9868-57a2d4851a1d" relativeResultsDirectory="751a433f-b950-481f-a62a-ad0cc6978384" />
    <UnitTestResult executionId="675698a0-e2db-4e31-96d1-e04c087fbacb" testId="6a635bdb-3df5-a31a-8c39-614196c92c89" testName="Convert_Error_ValuesTooLongTest" computerName="DKSR-EFI-06" duration="00:00:00.0006801" startTime="2024-01-09T15:42:13.9977033+01:00" endTime="2024-01-09T15:42:13.9977033+01:00" testType="13cdc9d9-ddb5-4fa4-a97d-d965ccfc6d4b" outcome="Passed" testListId="8c84fa94-04c1-424b-9868-57a2d4851a1d" relativeResultsDirectory="675698a0-e2db-4e31-96d1-e04c087fbacb" />
    <UnitTestResult executionId="174662f2-71b3-40d8-8d22-db8a98dc2163" testId="50e385a2-431b-1775-e8d5-48b3fbc4e413" testName="SortBaseCommon_Reverse_NotNull" computerName="DKSR-EFI-06" duration="00:00:00.0003676" startTime="2024-01-09T15:42:20.0445855+01:00" endTime="2024-01-09T15:42:20.0445855+01:00" testType="13cdc9d9-ddb5-4fa4-a97d-d965ccfc6d4b" outcome="Passed" testListId="8c84fa94-04c1-424b-9868-57a2d4851a1d" relativeResultsDirectory="174662f2-71b3-40d8-8d22-db8a98dc2163" />
    <UnitTestResult executionId="4b1fe68f-60ff-46df-a26f-81995b83019e" testId="3630dd99-5f47-e771-1fb3-f78feb9c2a24" testName="State_Loading_PreviousCommand_SourcePageNavigatingAwayTest" computerName="DKSR-EFI-06" duration="00:00:00.0048162" startTime="2024-01-09T15:42:14.9508299+01:00" endTime="2024-01-09T15:42:14.9508299+01:00" testType="13cdc9d9-ddb5-4fa4-a97d-d965ccfc6d4b" outcome="Passed" testListId="8c84fa94-04c1-424b-9868-57a2d4851a1d" relativeResultsDirectory="4b1fe68f-60ff-46df-a26f-81995b83019e">
      <Output>
        <StdOut>Debug Trace:&#xD;
Wizard : Locked navigation on thread : 15&#xD;
Wizard : Navigating to page 0 on thread 15&#xD;
Wizard : Completed navigation to page 0 on thread 19&#xD;
Wizard : Locked navigation on thread : 15&#xD;
Wizard : Navigating to page 1 on thread 15&#xD;
Wizard : Released lock navigation on thread : 19&#xD;
Wizard : Completed navigation to page 1 on thread 19&#xD;
Wizard : Released lock navigation on thread : 19&#xD;
Wizard : Locked navigation on thread : 17&#xD;
Wizard : Navigating to page 0 on thread 17&#xD;
CALL SYNCHRONIZER [11]: Run() called on thread 17&#xD;
CALL SYNCHRONIZER [11]: Waiting for event on thread 17</StdOut>
      </Output>
    </UnitTestResult>
    <UnitTestResult executionId="b6a56b39-57aa-40cd-b305-ef9ef2119b09" testId="b4853750-e098-d81a-34c5-79923aee9cc7" testName="SetSelectedAuthenticationInfo_VerifyDisabledFields_OnExternalUser" computerName="DKSR-EFI-06" startTime="2024-01-09T15:42:23.5602143+01:00" endTime="2024-01-09T15:42:23.5602143+01:00" testType="13cdc9d9-ddb5-4fa4-a97d-d965ccfc6d4b" outcome="NotExecuted" testListId="8c84fa94-04c1-424b-9868-57a2d4851a1d" relativeResultsDirectory="b6a56b39-57aa-40cd-b305-ef9ef2119b09">
      <Output></Output>
    </UnitTestResult>
    <UnitTestResult executionId="09bbd717-9fc6-42d5-9e12-934bdefe0697" testId="0c90957a-f20b-75df-040d-0bdb85a408aa" testName="UpdateSelection_Garbage_NonExistentHardwareTest" computerName="DKSR-EFI-06" duration="00:00:00.0007841" startTime="2024-01-09T15:42:16.3258331+01:00" endTime="2024-01-09T15:42:16.3258331+01:00" testType="13cdc9d9-ddb5-4fa4-a97d-d965ccfc6d4b" outcome="Passed" testListId="8c84fa94-04c1-424b-9868-57a2d4851a1d" relativeResultsDirectory="09bbd717-9fc6-42d5-9e12-934bdefe0697" />
    <UnitTestResult executionId="918e9cc9-95ac-47a4-90a5-01260ea622f4" testId="93477380-b89c-b371-b0e8-3f7b061744b3" testName="AllHardwareSelected_Set_TrueTest" computerName="DKSR-EFI-06" duration="00:00:00.0002554" startTime="2024-01-09T15:42:13.4977021+01:00" endTime="2024-01-09T15:42:13.4977021+01:00" testType="13cdc9d9-ddb5-4fa4-a97d-d965ccfc6d4b" outcome="Passed" testListId="8c84fa94-04c1-424b-9868-57a2d4851a1d" relativeResultsDirectory="918e9cc9-95ac-47a4-90a5-01260ea622f4" />
    <UnitTestResult executionId="f6829c28-dc0a-4512-8f43-a56219ef43cf" testId="20bb65eb-1990-f346-b4df-bcadf313c09d" testName="Equality_NotEqual_DifferentPropertyTest" computerName="DKSR-EFI-06" duration="00:00:00.0001798" startTime="2024-01-09T15:42:20.1227102+01:00" endTime="2024-01-09T15:42:20.1227102+01:00" testType="13cdc9d9-ddb5-4fa4-a97d-d965ccfc6d4b" outcome="Passed" testListId="8c84fa94-04c1-424b-9868-57a2d4851a1d" relativeResultsDirectory="f6829c28-dc0a-4512-8f43-a56219ef43cf" />
    <UnitTestResult executionId="1a3bfb83-e78f-433a-98ff-846845b36dbe" testId="8cbe7f94-53bb-8b7b-4e1d-bc0e4c93eabe" testName="SelectedRecorder_Event_ValueNotChangedTest" computerName="DKSR-EFI-06" duration="00:00:00.0007658" startTime="2024-01-09T15:42:13.3102029+01:00" endTime="2024-01-09T15:42:13.3102029+01:00" testType="13cdc9d9-ddb5-4fa4-a97d-d965ccfc6d4b" outcome="Passed" testListId="8c84fa94-04c1-424b-9868-57a2d4851a1d" relativeResultsDirectory="1a3bfb83-e78f-433a-98ff-846845b36dbe" />
    <UnitTestResult executionId="44cbe3c9-7140-4446-8281-9bcb3863b1f7" testId="657e21ce-a52e-6c6a-6311-57335b301012" testName="ConvertNonMatchingType" computerName="DKSR-EFI-06" duration="00:00:00.0006815" startTime="2024-01-09T15:42:23.7164634+01:00" endTime="2024-01-09T15:42:23.7164634+01:00" testType="13cdc9d9-ddb5-4fa4-a97d-d965ccfc6d4b" outcome="Passed" testListId="8c84fa94-04c1-424b-9868-57a2d4851a1d" relativeResultsDirectory="44cbe3c9-7140-4446-8281-9bcb3863b1f7" />
    <UnitTestResult executionId="881c4767-6afa-45c6-9ae2-ca42c55f930f" testId="98f18924-197c-0bd6-8f3c-5fa068d90c80" testName="Convert_AllValues" computerName="DKSR-EFI-06" duration="00:00:00.0016202" startTime="2024-01-09T15:42:12.4508263+01:00" endTime="2024-01-09T15:42:12.4508263+01:00" testType="13cdc9d9-ddb5-4fa4-a97d-d965ccfc6d4b" outcome="Passed" testListId="8c84fa94-04c1-424b-9868-57a2d4851a1d" relativeResultsDirectory="881c4767-6afa-45c6-9ae2-ca42c55f930f" />
    <UnitTestResult executionId="19960183-50b2-4a55-aa99-74e0b0d04dc5" testId="99e28619-dc47-b3fe-39c4-c5a632d97560" testName="Validate_WithPasswordManualEntry_RequiresSymbols_Succeeds" computerName="DKSR-EFI-06" duration="00:00:00.0006666" startTime="2024-01-09T15:42:16.1227076+01:00" endTime="2024-01-09T15:42:16.1227076+01:00" testType="13cdc9d9-ddb5-4fa4-a97d-d965ccfc6d4b" outcome="Passed" testListId="8c84fa94-04c1-424b-9868-57a2d4851a1d" relativeResultsDirectory="19960183-50b2-4a55-aa99-74e0b0d04dc5" />
    <UnitTestResult executionId="f5fc053e-e928-40b4-90ac-3ea44aff4d71" testId="ecbec1d8-b667-c635-f550-1642d91b3766" testName="Constructor_NullDataTest" computerName="DKSR-EFI-06" duration="00:00:00.0056956" startTime="2024-01-09T15:42:14.2008290+01:00" endTime="2024-01-09T15:42:14.2164545+01:00" testType="13cdc9d9-ddb5-4fa4-a97d-d965ccfc6d4b" outcome="Passed" testListId="8c84fa94-04c1-424b-9868-57a2d4851a1d" relativeResultsDirectory="f5fc053e-e928-40b4-90ac-3ea44aff4d71">
      <Output>
        <StdOut>Debug Trace:&#xD;
Fail: Argument null</StdOut>
      </Output>
    </UnitTestResult>
    <UnitTestResult executionId="d055d270-eb07-4fb4-a343-a4ba6238f2c9" testId="aa257481-7107-af51-2127-9f782d0ea362" testName="HandledVmoAccessTests_PermissionCheckerHasPermissionUnknownPermissionType" computerName="DKSR-EFI-06" duration="00:00:00.0046360" startTime="2024-01-09T15:42:17.3102096+01:00" endTime="2024-01-09T15:42:17.3102096+01:00" testType="13cdc9d9-ddb5-4fa4-a97d-d965ccfc6d4b" outcome="Passed" testListId="8c84fa94-04c1-424b-9868-57a2d4851a1d" relativeResultsDirectory="d055d270-eb07-4fb4-a343-a4ba6238f2c9" />
    <UnitTestResult executionId="fc4d7206-cbeb-4310-b59f-8f7312a9b58d" testId="715c3fb5-e8c4-f4e7-60d5-661edd5e9ff2" testName="Convert_Parameters_Culture_NullTest" computerName="DKSR-EFI-06" duration="00:00:00.0006627" startTime="2024-01-09T15:42:13.9664537+01:00" endTime="2024-01-09T15:42:13.9664537+01:00" testType="13cdc9d9-ddb5-4fa4-a97d-d965ccfc6d4b" outcome="Passed" testListId="8c84fa94-04c1-424b-9868-57a2d4851a1d" relativeResultsDirectory="fc4d7206-cbeb-4310-b59f-8f7312a9b58d" />
    <UnitTestResult executionId="de48d492-099f-44cb-835c-90d3d935dccc" testId="3374f0ec-84a4-6b64-55fa-ff1da1e377d5" testName="AllTrueArrayConvertsToCollapsed" computerName="DKSR-EFI-06" duration="00:00:00.0033466" startTime="2024-01-09T15:42:23.6695890+01:00" endTime="2024-01-09T15:42:23.6695890+01:00" testType="13cdc9d9-ddb5-4fa4-a97d-d965ccfc6d4b" outcome="Passed" testListId="8c84fa94-04c1-424b-9868-57a2d4851a1d" relativeResultsDirectory="de48d492-099f-44cb-835c-90d3d935dccc" />
    <UnitTestResult executionId="de0bd2ed-740c-46cf-b8a8-79ec84d1cec8" testId="0059c220-7153-d6d7-686e-c5a3330c7f1a" testName="ScheduleNextRun_CalledThreeTimes_DoesNotCreateMultipleThreads_RaisesEventOnSiteWorking_AfterWaitingForTimeout_Success" computerName="DKSR-EFI-06" duration="00:00:01.3238028" startTime="2024-01-09T15:42:21.1695876+01:00" endTime="2024-01-09T15:42:22.4977135+01:00" testType="13cdc9d9-ddb5-4fa4-a97d-d965ccfc6d4b" outcome="Passed" testListId="8c84fa94-04c1-424b-9868-57a2d4851a1d" relativeResultsDirectory="de0bd2ed-740c-46cf-b8a8-79ec84d1cec8" />
    <UnitTestResult executionId="4c5e672d-20a5-4e17-9e96-b89a8ef70937" testId="4e51ac3e-d4b3-8ce3-0953-07f39b877784" testName="Convert_ArgumentNullException" computerName="DKSR-EFI-06" duration="00:00:00.0005994" startTime="2024-01-09T15:42:16.6070822+01:00" endTime="2024-01-09T15:42:16.6070822+01:00" testType="13cdc9d9-ddb5-4fa4-a97d-d965ccfc6d4b" outcome="Passed" testListId="8c84fa94-04c1-424b-9868-57a2d4851a1d" relativeResultsDirectory="4c5e672d-20a5-4e17-9e96-b89a8ef70937" />
    <UnitTestResult executionId="54733f95-4c15-404f-947f-af99ac59e754" testId="45852857-59da-0533-30c3-8fd4652b10a7" testName="CurrentStatus_Update_ClearSelectionTest" computerName="DKSR-EFI-06" duration="00:00:00.0003793" startTime="2024-01-09T15:42:16.4196270+01:00" endTime="2024-01-09T15:42:16.4196270+01:00" testType="13cdc9d9-ddb5-4fa4-a97d-d965ccfc6d4b" outcome="Passed" testListId="8c84fa94-04c1-424b-9868-57a2d4851a1d" relativeResultsDirectory="54733f95-4c15-404f-947f-af99ac59e754" />
    <UnitTestResult executionId="e05e6fbf-4fb6-4478-98d3-334f6ea7e1ae" testId="f8acfd3e-a8ca-b6f5-1cfb-dd4b42c79653" testName="Convert_ToValue_UsageOnly_AvailableNegativeTest" computerName="DKSR-EFI-06" duration="00:00:00.0002361" startTime="2024-01-09T15:42:14.0758305+01:00" endTime="2024-01-09T15:42:14.0758305+01:00" testType="13cdc9d9-ddb5-4fa4-a97d-d965ccfc6d4b" outcome="Passed" testListId="8c84fa94-04c1-424b-9868-57a2d4851a1d" relativeResultsDirectory="e05e6fbf-4fb6-4478-98d3-334f6ea7e1ae" />
    <UnitTestResult executionId="21738ba5-d6bd-4c16-9d60-22af5d49d53d" testId="738b8516-f5bf-a4cf-300e-7093e00b2cb1" testName="ConvertBack_InvalidOperationException" computerName="DKSR-EFI-06" duration="00:00:00.0014380" startTime="2024-01-09T15:42:12.2945743+01:00" endTime="2024-01-09T15:42:12.2945743+01:00" testType="13cdc9d9-ddb5-4fa4-a97d-d965ccfc6d4b" outcome="Passed" testListId="8c84fa94-04c1-424b-9868-57a2d4851a1d" relativeResultsDirectory="21738ba5-d6bd-4c16-9d60-22af5d49d53d" />
    <UnitTestResult executionId="ca607ef2-8e11-4f02-81bb-00a880e42db6" testId="9352c0ce-e0c0-7e74-5814-1b44dcb4edf3" testName="SortBaseCommon_IsEquivalentOf_SortDescriptionCollection_NullTest" computerName="DKSR-EFI-06" duration="00:00:00.0004532" startTime="2024-01-09T15:42:20.2008345+01:00" endTime="2024-01-09T15:42:20.2008345+01:00" testType="13cdc9d9-ddb5-4fa4-a97d-d965ccfc6d4b" outcome="Passed" testListId="8c84fa94-04c1-424b-9868-57a2d4851a1d" relativeResultsDirectory="ca607ef2-8e11-4f02-81bb-00a880e42db6" />
    <UnitTestResult executionId="e0f595d4-a422-460d-b219-20200417b8db" testId="54d033f5-1cd6-8e20-ad06-b1f6027bbcb6" testName="CurrentStatus_Event_ClearSelectionTest" computerName="DKSR-EFI-06" duration="00:00:00.0009153" startTime="2024-01-09T15:42:16.4196270+01:00" endTime="2024-01-09T15:42:16.4352076+01:00" testType="13cdc9d9-ddb5-4fa4-a97d-d965ccfc6d4b" outcome="Passed" testListId="8c84fa94-04c1-424b-9868-57a2d4851a1d" relativeResultsDirectory="e0f595d4-a422-460d-b219-20200417b8db" />
    <UnitTestResult executionId="04763e53-bf99-4eec-befc-beaadfac019d" testId="0a071c9d-f8f3-ece6-e5fe-0ecbd4c246a8" testName="CurrentStatus_Update_SetSelectionTest" computerName="DKSR-EFI-06" duration="00:00:00.0003158" startTime="2024-01-09T15:42:13.5602013+01:00" endTime="2024-01-09T15:42:13.5602013+01:00" testType="13cdc9d9-ddb5-4fa4-a97d-d965ccfc6d4b" outcome="Passed" testListId="8c84fa94-04c1-424b-9868-57a2d4851a1d" relativeResultsDirectory="04763e53-bf99-4eec-befc-beaadfac019d" />
    <UnitTestResult executionId="6cbb5ac3-3326-463e-8296-9e8785ca7efe" testId="e0b8b273-ae2f-7eb0-2361-2afa85566305" testName="Convert_NonException_Input_Throws_ArgumentException" computerName="DKSR-EFI-06" duration="00:00:00.0005651" startTime="2024-01-09T15:42:20.2320858+01:00" endTime="2024-01-09T15:42:20.2320858+01:00" testType="13cdc9d9-ddb5-4fa4-a97d-d965ccfc6d4b" outcome="Passed" testListId="8c84fa94-04c1-424b-9868-57a2d4851a1d" relativeResultsDirectory="6cbb5ac3-3326-463e-8296-9e8785ca7efe" />
    <UnitTestResult executionId="eff8f00c-3eaa-4fb5-b8c8-76eeed379131" testId="4596f547-9ec2-cd9c-7ca2-6d11617a0198" testName="UpdateSelection_NullTest" computerName="DKSR-EFI-06" duration="00:00:00.0002403" startTime="2024-01-09T15:42:13.4820771+01:00" endTime="2024-01-09T15:42:13.4820771+01:00" testType="13cdc9d9-ddb5-4fa4-a97d-d965ccfc6d4b" outcome="Passed" testListId="8c84fa94-04c1-424b-9868-57a2d4851a1d" relativeResultsDirectory="eff8f00c-3eaa-4fb5-b8c8-76eeed379131" />
    <UnitTestResult executionId="268351d2-22cd-44ac-a114-c1174d01710d" testId="aec88af4-fc37-ae68-2dbe-517f2be4242b" testName="ScheduleNextRun_RaisesEventOnSiteWorking_AfterWaitingForTimeout_Success" computerName="DKSR-EFI-06" duration="00:00:00.7289828" startTime="2024-01-09T15:42:20.4352115+01:00" endTime="2024-01-09T15:42:21.1695876+01:00" testType="13cdc9d9-ddb5-4fa4-a97d-d965ccfc6d4b" outcome="Passed" testListId="8c84fa94-04c1-424b-9868-57a2d4851a1d" relativeResultsDirectory="268351d2-22cd-44ac-a114-c1174d01710d" />
    <UnitTestResult executionId="3eeb9eed-31c5-489c-a259-1014531719ee" testId="853071a1-8175-de5b-5f40-77c2ff18ec32" testName="SortBaseCommon_Equality_SortBase_NullTest" computerName="DKSR-EFI-06" duration="00:00:00.0001466" startTime="2024-01-09T15:42:20.0914609+01:00" endTime="2024-01-09T15:42:20.0914609+01:00" testType="13cdc9d9-ddb5-4fa4-a97d-d965ccfc6d4b" outcome="Passed" testListId="8c84fa94-04c1-424b-9868-57a2d4851a1d" relativeResultsDirectory="3eeb9eed-31c5-489c-a259-1014531719ee" />
    <UnitTestResult executionId="f49bc15f-b767-4378-820a-331f376cc769" testId="0011cb80-7a6b-b3cc-1e23-175f03cd88f2" testName="NavigatingAway_WithPasswordAutogeneration_PasswordSet" computerName="DKSR-EFI-06" duration="00:00:00.0008673" startTime="2024-01-09T15:42:16.1695846+01:00" endTime="2024-01-09T15:42:16.1695846+01:00" testType="13cdc9d9-ddb5-4fa4-a97d-d965ccfc6d4b" outcome="Passed" testListId="8c84fa94-04c1-424b-9868-57a2d4851a1d" relativeResultsDirectory="f49bc15f-b767-4378-820a-331f376cc769" />
    <UnitTestResult executionId="50e64db0-9f7c-4333-ac27-873f90d32990" testId="748f99ad-bd43-9fee-62d3-8667030a21c6" testName="Validate_WithPasswordManualEntry_RequiresUppercase_Succeeds" computerName="DKSR-EFI-06" duration="00:00:00.0004709" startTime="2024-01-09T15:42:16.1539573+01:00" endTime="2024-01-09T15:42:16.1539573+01:00" testType="13cdc9d9-ddb5-4fa4-a97d-d965ccfc6d4b" outcome="Passed" testListId="8c84fa94-04c1-424b-9868-57a2d4851a1d" relativeResultsDirectory="50e64db0-9f7c-4333-ac27-873f90d32990" />
    <UnitTestResult executionId="63c3fe24-18e7-4a66-a0a3-f2906eb0f2a8" testId="52eab072-1281-72ef-fa66-ec31a988ceb6" testName="ConvertNonMatchingType" computerName="DKSR-EFI-06" duration="00:00:00.0007624" startTime="2024-01-09T15:42:20.2477108+01:00" endTime="2024-01-09T15:42:20.2477108+01:00" testType="13cdc9d9-ddb5-4fa4-a97d-d965ccfc6d4b" outcome="Passed" testListId="8c84fa94-04c1-424b-9868-57a2d4851a1d" relativeResultsDirectory="63c3fe24-18e7-4a66-a0a3-f2906eb0f2a8" />
    <UnitTestResult executionId="f467ebcd-8cd9-471b-aef2-ee5382defb89" testId="f2c9a4ad-b5f5-fd13-6db6-439895537b88" testName="MessageBoxButtonExtensions_AsWinFormsMessageBoxButtons_Check_Expected_Output" computerName="DKSR-EFI-06" duration="00:00:00.0036835" startTime="2024-01-09T15:42:23.6539638+01:00" endTime="2024-01-09T15:42:23.6539638+01:00" testType="13cdc9d9-ddb5-4fa4-a97d-d965ccfc6d4b" outcome="Passed" testListId="8c84fa94-04c1-424b-9868-57a2d4851a1d" relativeResultsDirectory="f467ebcd-8cd9-471b-aef2-ee5382defb89" />
    <UnitTestResult executionId="996e6c0b-f032-4289-92fd-f3bcf810716b" testId="7cd6ff96-f665-2e52-296f-2d3e3cd9ff4a" testName="Convert_Error_TargetTypeNullTest" computerName="DKSR-EFI-06" duration="00:00:00.0006794" startTime="2024-01-09T15:42:14.0133271+01:00" endTime="2024-01-09T15:42:14.0133271+01:00" testType="13cdc9d9-ddb5-4fa4-a97d-d965ccfc6d4b" outcome="Passed" testListId="8c84fa94-04c1-424b-9868-57a2d4851a1d" relativeResultsDirectory="996e6c0b-f032-4289-92fd-f3bcf810716b" />
    <UnitTestResult executionId="5ef65bfa-e544-41b9-89da-29f82e90bbf5" testId="59f01c98-df98-a4a3-ea33-e745a53617a4" testName="PreviousCommand_CommandInvalidated_PageStatusChanged_ValidToBusyTest" computerName="DKSR-EFI-06" duration="00:00:00.0016981" startTime="2024-01-09T15:42:14.8102062+01:00" endTime="2024-01-09T15:42:14.8102062+01:00" testType="13cdc9d9-ddb5-4fa4-a97d-d965ccfc6d4b" outcome="Passed" testListId="8c84fa94-04c1-424b-9868-57a2d4851a1d" relativeResultsDirectory="5ef65bfa-e544-41b9-89da-29f82e90bbf5">
      <Output>
        <StdOut>Debug Trace:&#xD;
Wizard : Locked navigation on thread : 15&#xD;
Wizard : Navigating to page 0 on thread 15&#xD;
Wizard : Completed navigation to page 0 on thread 20&#xD;
Wizard : Released lock navigation on thread : 20&#xD;
Wizard : Locked navigation on thread : 15&#xD;
Wizard : Navigating to page 1 on thread 15&#xD;
Wizard : Completed navigation to page 1 on thread 13&#xD;
Wizard : Released lock navigation on thread : 13</StdOut>
      </Output>
    </UnitTestResult>
    <UnitTestResult executionId="18bd0ab0-a620-4d16-9428-bc306749d762" testId="984ea193-6ced-c93b-d0dc-9a87f25076ce" testName="NavigatingTo_Selection_UnavailableItemTest" computerName="DKSR-EFI-06" duration="00:00:00.0005705" startTime="2024-01-09T15:42:13.2633268+01:00" endTime="2024-01-09T15:42:13.2633268+01:00" testType="13cdc9d9-ddb5-4fa4-a97d-d965ccfc6d4b" outcome="Passed" testListId="8c84fa94-04c1-424b-9868-57a2d4851a1d" relativeResultsDirectory="18bd0ab0-a620-4d16-9428-bc306749d762" />
    <UnitTestResult executionId="867b81f1-28ca-4def-8e07-2780e4e09d2e" testId="6f86a4ab-3f29-fac5-84b1-39223aab673f" testName="SortBaseCommon_Equality_Object_SameInstanceTest" computerName="DKSR-EFI-06" duration="00:00:00.0000076" startTime="2024-01-09T15:42:20.1852103+01:00" endTime="2024-01-09T15:42:20.1852103+01:00" testType="13cdc9d9-ddb5-4fa4-a97d-d965ccfc6d4b" outcome="Passed" testListId="8c84fa94-04c1-424b-9868-57a2d4851a1d" relativeResultsDirectory="867b81f1-28ca-4def-8e07-2780e4e09d2e" />
    <UnitTestResult executionId="46d2e5e1-de4a-4a53-8dc1-c7a5452820ab" testId="d64e5132-5f52-bfa3-e494-a6655ef1b648" testName="UpdateSelection_NullTest" computerName="DKSR-EFI-06" duration="00:00:00.0004084" startTime="2024-01-09T15:42:16.3102070+01:00" endTime="2024-01-09T15:42:16.3102070+01:00" testType="13cdc9d9-ddb5-4fa4-a97d-d965ccfc6d4b" outcome="Passed" testListId="8c84fa94-04c1-424b-9868-57a2d4851a1d" relativeResultsDirectory="46d2e5e1-de4a-4a53-8dc1-c7a5452820ab" />
    <UnitTestResult executionId="a32b7075-8fef-46a0-873a-72f76a7879ad" testId="fdb0b32c-91a8-7557-e0e4-2df46fff5a8d" testName="ThresholdNameConverter_Success" computerName="DKSR-EFI-06" duration="00:00:00.0009161" startTime="2024-01-09T15:42:18.4820847+01:00" endTime="2024-01-09T15:42:18.4820847+01:00" testType="13cdc9d9-ddb5-4fa4-a97d-d965ccfc6d4b" outcome="Passed" testListId="8c84fa94-04c1-424b-9868-57a2d4851a1d" relativeResultsDirectory="a32b7075-8fef-46a0-873a-72f76a7879ad" />
    <UnitTestResult executionId="01349053-0472-45a1-a2a4-c4f413343dc5" testId="da018325-6a80-96b8-7996-eb7ed269bec1" testName="Convert_NewLines_Only_Gives_Empty_Output" computerName="DKSR-EFI-06" duration="00:00:00.0002868" startTime="2024-01-09T15:42:14.2008290+01:00" endTime="2024-01-09T15:42:14.2008290+01:00" testType="13cdc9d9-ddb5-4fa4-a97d-d965ccfc6d4b" outcome="Passed" testListId="8c84fa94-04c1-424b-9868-57a2d4851a1d" relativeResultsDirectory="01349053-0472-45a1-a2a4-c4f413343dc5" />
    <UnitTestResult executionId="8bad5b11-6d1c-45fc-a496-8350f03acd4e" testId="e15a6b7f-58a9-06e9-9227-04160dd0072a" testName="NextCommand_CanExecute_LastPageValidationTest" computerName="DKSR-EFI-06" duration="00:00:00.0011692" startTime="2024-01-09T15:42:14.6227045+01:00" endTime="2024-01-09T15:42:14.6227045+01:00" testType="13cdc9d9-ddb5-4fa4-a97d-d965ccfc6d4b" outcome="Passed" testListId="8c84fa94-04c1-424b-9868-57a2d4851a1d" relativeResultsDirectory="8bad5b11-6d1c-45fc-a496-8350f03acd4e">
      <Output>
        <StdOut>Debug Trace:&#xD;
Wizard : Locked navigation on thread : 15&#xD;
Wizard : Navigating to page 0 on thread 15&#xD;
Wizard : Completed navigation to page 0 on thread 13&#xD;
Wizard : Released lock navigation on thread : 13&#xD;
Wizard : Locked navigation on thread : 15&#xD;
Wizard : Navigating to page 1 on thread 15&#xD;
Wizard : Completed navigation to page 1 on thread 20&#xD;
Wizard : Released lock navigation on thread : 20&#xD;
Wizard : Locked navigation on thread : 15&#xD;
Wizard : Navigating to page 2 on thread 15&#xD;
Wizard : Completed navigation to page 2 on thread 20&#xD;
Wizard : Released lock navigation on thread : 20</StdOut>
      </Output>
    </UnitTestResult>
    <UnitTestResult executionId="81f8440d-770f-424b-9b7a-f194a88098ad" testId="12e1e94d-37b4-6153-c045-578e74c5b2f3" testName="NavigatingTo_Selection_FromData_UnavailableItemsTest" computerName="DKSR-EFI-06" duration="00:00:00.0006401" startTime="2024-01-09T15:42:13.4352033+01:00" endTime="2024-01-09T15:42:13.4352033+01:00" testType="13cdc9d9-ddb5-4fa4-a97d-d965ccfc6d4b" outcome="Passed" testListId="8c84fa94-04c1-424b-9868-57a2d4851a1d" relativeResultsDirectory="81f8440d-770f-424b-9b7a-f194a88098ad" />
    <UnitTestResult executionId="6d9a7970-0a35-4d5a-adcc-06dc0200642e" testId="94d61cec-6acb-8c91-3198-fb920ad6db82" testName="NavigatingTo_Selection_HardwareSelectionFromDataHasPriorityTest" computerName="DKSR-EFI-06" duration="00:00:00.0003726" startTime="2024-01-09T15:42:13.4352033+01:00" endTime="2024-01-09T15:42:13.4352033+01:00" testType="13cdc9d9-ddb5-4fa4-a97d-d965ccfc6d4b" outcome="Passed" testListId="8c84fa94-04c1-424b-9868-57a2d4851a1d" relativeResultsDirectory="6d9a7970-0a35-4d5a-adcc-06dc0200642e" />
    <UnitTestResult executionId="10059344-0386-4526-9d47-b3b49792cd81" testId="c07afd63-e60f-bd3a-ad4f-4a3cb6751c4d" testName="NavigatingTo_CheckPreselectedRecorderHasHardware_False_NavigationNotCancelled" computerName="DKSR-EFI-06" duration="00:00:00.0007070" startTime="2024-01-09T15:42:12.5445779+01:00" endTime="2024-01-09T15:42:12.5445779+01:00" testType="13cdc9d9-ddb5-4fa4-a97d-d965ccfc6d4b" outcome="Passed" testListId="8c84fa94-04c1-424b-9868-57a2d4851a1d" relativeResultsDirectory="10059344-0386-4526-9d47-b3b49792cd81" />
    <UnitTestResult executionId="be8d78ed-f1ed-4818-a41a-31f4eeacea24" testId="137a598d-9065-8b35-1ada-e9edf86d6ba2" testName="SortBaseCommon_SortDescriptions_ReverseTest" computerName="DKSR-EFI-06" duration="00:00:00.0001563" startTime="2024-01-09T15:42:20.1539602+01:00" endTime="2024-01-09T15:42:20.1695848+01:00" testType="13cdc9d9-ddb5-4fa4-a97d-d965ccfc6d4b" outcome="Passed" testListId="8c84fa94-04c1-424b-9868-57a2d4851a1d" relativeResultsDirectory="be8d78ed-f1ed-4818-a41a-31f4eeacea24" />
    <UnitTestResult executionId="7c237b7c-4bba-4329-8722-889ed103b237" testId="131d2e9f-845c-a318-5dfb-0f67d2de580e" testName="CurrentStatus_Update_SetSelectionTest" computerName="DKSR-EFI-06" duration="00:00:00.0007871" startTime="2024-01-09T15:42:13.3258268+01:00" endTime="2024-01-09T15:42:13.3258268+01:00" testType="13cdc9d9-ddb5-4fa4-a97d-d965ccfc6d4b" outcome="Passed" testListId="8c84fa94-04c1-424b-9868-57a2d4851a1d" relativeResultsDirectory="7c237b7c-4bba-4329-8722-889ed103b237" />
    <UnitTestResult executionId="5972edba-6083-444c-a378-cfefbf67421d" testId="23ba3188-fa5a-8f11-0c9c-7549f905e108" testName="Convert_ToBool_AvailableOnly_UsageNegativeTest" computerName="DKSR-EFI-06" duration="00:00:00.0002388" startTime="2024-01-09T15:42:14.1227058+01:00" endTime="2024-01-09T15:42:14.1227058+01:00" testType="13cdc9d9-ddb5-4fa4-a97d-d965ccfc6d4b" outcome="Passed" testListId="8c84fa94-04c1-424b-9868-57a2d4851a1d" relativeResultsDirectory="5972edba-6083-444c-a378-cfefbf67421d" />
    <UnitTestResult executionId="f021acb4-fc21-4cba-9123-dc97f828c9e9" testId="8ed8776d-bd0c-b8c2-c135-737b7a3f0b5f" testName="ConvertBack_InvalidOperationTest" computerName="DKSR-EFI-06" duration="00:00:00.0008693" startTime="2024-01-09T15:42:14.0445781+01:00" endTime="2024-01-09T15:42:14.0602029+01:00" testType="13cdc9d9-ddb5-4fa4-a97d-d965ccfc6d4b" outcome="Passed" testListId="8c84fa94-04c1-424b-9868-57a2d4851a1d" relativeResultsDirectory="f021acb4-fc21-4cba-9123-dc97f828c9e9" />
    <UnitTestResult executionId="319af3ca-41b0-4350-ae78-14c363feb665" testId="c41778f6-12d9-875f-db8c-4a9ec0db51cd" testName="NextCommand_CommandInvalidated_PageStatusChanged_BusyToValidTest" computerName="DKSR-EFI-06" duration="00:00:00.0074833" startTime="2024-01-09T15:42:14.7320826+01:00" endTime="2024-01-09T15:42:14.7320826+01:00" testType="13cdc9d9-ddb5-4fa4-a97d-d965ccfc6d4b" outcome="Passed" testListId="8c84fa94-04c1-424b-9868-57a2d4851a1d" relativeResultsDirectory="319af3ca-41b0-4350-ae78-14c363feb665">
      <Output>
        <StdOut>Debug Trace:&#xD;
Wizard : Locked navigation on thread : 15&#xD;
Wizard : Navigating to page 0 on thread 15&#xD;
Wizard : Completed navigation to page 0 on thread 19&#xD;
Wizard : Locked navigation on thread : 15&#xD;
Wizard : Navigating to page 1 on thread 15&#xD;
Wizard : Released lock navigation on thread : 19&#xD;
Wizard : Completed navigation to page 1 on thread 19&#xD;
Wizard : Released lock navigation on thread : 19</StdOut>
      </Output>
    </UnitTestResult>
    <UnitTestResult executionId="2524fb56-6c3c-4522-b4d1-7f8330a34670" testId="42ddcfb5-f49b-cca3-6c6f-4fc9774ef35a" testName="CalcuateNewColumnWidths_Mixed_Width" computerName="DKSR-EFI-06" duration="00:00:00.0008571" startTime="2024-01-09T15:42:18.5445852+01:00" endTime="2024-01-09T15:42:18.5445852+01:00" testType="13cdc9d9-ddb5-4fa4-a97d-d965ccfc6d4b" outcome="Passed" testListId="8c84fa94-04c1-424b-9868-57a2d4851a1d" relativeResultsDirectory="2524fb56-6c3c-4522-b4d1-7f8330a34670" />
    <UnitTestResult executionId="c58fe1d5-5456-4806-88ce-b3643aabc6da" testId="cc95ea2b-3231-4f76-55fc-e2655fe87068" testName="Validate_WithPasswordManualEntry_ExcludedPrintableCharacters_Fails" computerName="DKSR-EFI-06" duration="00:00:00.0010126" startTime="2024-01-09T15:42:16.1539573+01:00" endTime="2024-01-09T15:42:16.1539573+01:00" testType="13cdc9d9-ddb5-4fa4-a97d-d965ccfc6d4b" outcome="Passed" testListId="8c84fa94-04c1-424b-9868-57a2d4851a1d" relativeResultsDirectory="c58fe1d5-5456-4806-88ce-b3643aabc6da" />
    <UnitTestResult executionId="6c68e9cb-df1f-4602-a7b5-703fa41a71a4" testId="859f28b7-e328-733f-c1a2-69a1e426056b" testName="NavigatingTo_NoChecksFail_NoHardwareSelected_NavigationCancelled" computerName="DKSR-EFI-06" duration="00:00:00.0002433" startTime="2024-01-09T15:42:14.2164545+01:00" endTime="2024-01-09T15:42:14.2164545+01:00" testType="13cdc9d9-ddb5-4fa4-a97d-d965ccfc6d4b" outcome="Passed" testListId="8c84fa94-04c1-424b-9868-57a2d4851a1d" relativeResultsDirectory="6c68e9cb-df1f-4602-a7b5-703fa41a71a4" />
    <UnitTestResult executionId="992cdee9-8518-43d6-ad1a-2d020ecb53d1" testId="7be88bc8-74e5-1b8d-8b19-adb83f174784" testName="NavigatingTo_PreSelection_FromDefaultStorageTest" computerName="DKSR-EFI-06" duration="00:00:00.0005877" startTime="2024-01-09T15:42:13.3570775+01:00" endTime="2024-01-09T15:42:13.3727028+01:00" testType="13cdc9d9-ddb5-4fa4-a97d-d965ccfc6d4b" outcome="Passed" testListId="8c84fa94-04c1-424b-9868-57a2d4851a1d" relativeResultsDirectory="992cdee9-8518-43d6-ad1a-2d020ecb53d1" />
    <UnitTestResult executionId="294511a6-6b01-431f-abfd-056ed827cecb" testId="804e40f7-74d9-b4bb-45e1-0aa37071a8df" testName="Constructor_NullDataTest" computerName="DKSR-EFI-06" duration="00:00:00.0027597" startTime="2024-01-09T15:42:12.5445779+01:00" endTime="2024-01-09T15:42:12.5445779+01:00" testType="13cdc9d9-ddb5-4fa4-a97d-d965ccfc6d4b" outcome="Passed" testListId="8c84fa94-04c1-424b-9868-57a2d4851a1d" relativeResultsDirectory="294511a6-6b01-431f-abfd-056ed827cecb" />
    <UnitTestResult executionId="15c79154-4cc4-4402-b907-555167d7c494" testId="e10034ba-9457-7d48-f4ba-a0872b64758b" testName="Validate_WithPasswordManualEntry_ForbiddenSymbols_Fails" computerName="DKSR-EFI-06" duration="00:00:00.0066446" startTime="2024-01-09T15:42:16.1070805+01:00" endTime="2024-01-09T15:42:16.1070805+01:00" testType="13cdc9d9-ddb5-4fa4-a97d-d965ccfc6d4b" outcome="Passed" testListId="8c84fa94-04c1-424b-9868-57a2d4851a1d" relativeResultsDirectory="15c79154-4cc4-4402-b907-555167d7c494" />
    <UnitTestResult executionId="91986092-84e9-4fbd-980f-76acdfe6293a" testId="308d0606-bf12-128b-bf88-abafecd1e2c5" testName="NextCommand_ExecuteMultipleTest" computerName="DKSR-EFI-06" duration="00:00:00.0836732" startTime="2024-01-09T15:42:14.3883298+01:00" endTime="2024-01-09T15:42:14.4664524+01:00" testType="13cdc9d9-ddb5-4fa4-a97d-d965ccfc6d4b" outcome="Passed" testListId="8c84fa94-04c1-424b-9868-57a2d4851a1d" relativeResultsDirectory="91986092-84e9-4fbd-980f-76acdfe6293a">
      <Output>
        <StdOut>Debug Trace:&#xD;
Wizard : Locked navigation on thread : 15&#xD;
Wizard : Navigating to page 0 on thread 15&#xD;
Wizard : Completed navigation to page 0 on thread 13&#xD;
Wizard : Released lock navigation on thread : 13&#xD;
Wizard : Locked navigation on thread : 15&#xD;
Wizard : Navigating to page 1 on thread 15&#xD;
Wizard : Completed navigation to page 1 on thread 19&#xD;
Wizard : Released lock navigation on thread : 19&#xD;
Wizard : Locked navigation on thread : 15&#xD;
Wizard : Navigating to page 2 on thread 15&#xD;
Wizard : Completed navigation to page 2 on thread 20&#xD;
Wizard : Released lock navigation on thread : 20</StdOut>
      </Output>
    </UnitTestResult>
    <UnitTestResult executionId="7ea9dd47-8e0c-46bb-b838-d1495b58bfdd" testId="b00a1104-8e5f-1bfe-1c29-5c9fc9765e2f" testName="EmptyStringConvertsToCollapsed" computerName="DKSR-EFI-06" duration="00:00:00.0007281" startTime="2024-01-09T15:42:23.7164634+01:00" endTime="2024-01-09T15:42:23.7164634+01:00" testType="13cdc9d9-ddb5-4fa4-a97d-d965ccfc6d4b" outcome="Passed" testListId="8c84fa94-04c1-424b-9868-57a2d4851a1d" relativeResultsDirectory="7ea9dd47-8e0c-46bb-b838-d1495b58bfdd" />
    <UnitTestResult executionId="277dd9b5-8723-4f2e-98b9-1f11ebee4752" testId="7c603128-dfd6-390c-be39-435379348f85" testName="Convert_Minutes_SecondsOffsetTest" computerName="DKSR-EFI-06" duration="00:00:00.0003657" startTime="2024-01-09T15:42:13.9352044+01:00" endTime="2024-01-09T15:42:13.9352044+01:00" testType="13cdc9d9-ddb5-4fa4-a97d-d965ccfc6d4b" outcome="Passed" testListId="8c84fa94-04c1-424b-9868-57a2d4851a1d" relativeResultsDirectory="277dd9b5-8723-4f2e-98b9-1f11ebee4752" />
    <UnitTestResult executionId="028d1640-272b-4aea-bc9b-01986b606d3f" testId="c71c11af-2d82-5113-176c-a988c648bdda" testName="AuthorizeThread_Constructor_NullAuthenticateEventArgs_Throws_ArgumentNullException" computerName="DKSR-EFI-06" duration="00:00:00.0010596" startTime="2024-01-09T15:42:20.4039615+01:00" endTime="2024-01-09T15:42:20.4039615+01:00" testType="13cdc9d9-ddb5-4fa4-a97d-d965ccfc6d4b" outcome="Passed" testListId="8c84fa94-04c1-424b-9868-57a2d4851a1d" relativeResultsDirectory="028d1640-272b-4aea-bc9b-01986b606d3f" />
    <UnitTestResult executionId="3f5a9f01-cec6-4180-b085-f0c4174ba73d" testId="a77c72ed-02bc-e40a-f245-b17a56645675" testName="Convert_BothInvalidTest" computerName="DKSR-EFI-06" duration="00:00:00.0002367" startTime="2024-01-09T15:42:14.0289560+01:00" endTime="2024-01-09T15:42:14.0445781+01:00" testType="13cdc9d9-ddb5-4fa4-a97d-d965ccfc6d4b" outcome="Passed" testListId="8c84fa94-04c1-424b-9868-57a2d4851a1d" relativeResultsDirectory="3f5a9f01-cec6-4180-b085-f0c4174ba73d" />
    <UnitTestResult executionId="51435153-224b-43ba-a616-340457e66ea2" testId="5e6badfc-f3b8-371e-4624-1d766d3da195" testName="ScaleThresholdSliderViewModel_Binding_Test_Success" computerName="DKSR-EFI-06" duration="00:00:00.0432085" startTime="2024-01-09T15:42:18.2945834+01:00" endTime="2024-01-09T15:42:18.3414615+01:00" testType="13cdc9d9-ddb5-4fa4-a97d-d965ccfc6d4b" outcome="Passed" testListId="8c84fa94-04c1-424b-9868-57a2d4851a1d" relativeResultsDirectory="51435153-224b-43ba-a616-340457e66ea2" />
    <UnitTestResult executionId="bbb3d8c0-1190-4bfc-addf-11181335b512" testId="66e8dfc4-b1c2-0239-1605-db951eadea20" testName="ConvertBack_InvalidOperationException" computerName="DKSR-EFI-06" duration="00:00:00.0006898" startTime="2024-01-09T15:42:12.4977058+01:00" endTime="2024-01-09T15:42:12.4977058+01:00" testType="13cdc9d9-ddb5-4fa4-a97d-d965ccfc6d4b" outcome="Passed" testListId="8c84fa94-04c1-424b-9868-57a2d4851a1d" relativeResultsDirectory="bbb3d8c0-1190-4bfc-addf-11181335b512" />
    <UnitTestResult executionId="f4ed3a47-9c11-4ee6-938c-228d84e226dd" testId="ca66df3e-996d-ddec-d6b1-59ad7bd2ea20" testName="Constructor_HardwareSelectionEmptyTest" computerName="DKSR-EFI-06" duration="00:00:00.0003369" startTime="2024-01-09T15:42:13.0758293+01:00" endTime="2024-01-09T15:42:13.0758293+01:00" testType="13cdc9d9-ddb5-4fa4-a97d-d965ccfc6d4b" outcome="Passed" testListId="8c84fa94-04c1-424b-9868-57a2d4851a1d" relativeResultsDirectory="f4ed3a47-9c11-4ee6-938c-228d84e226dd" />
    <UnitTestResult executionId="0d7da0e4-badd-4646-8d85-46df10129ac3" testId="915037d2-8705-91f4-1362-6b6335ad3189" testName="State_NewInstanceTest" computerName="DKSR-EFI-06" duration="00:00:00.0001569" startTime="2024-01-09T15:42:14.8883292+01:00" endTime="2024-01-09T15:42:14.8883292+01:00" testType="13cdc9d9-ddb5-4fa4-a97d-d965ccfc6d4b" outcome="Passed" testListId="8c84fa94-04c1-424b-9868-57a2d4851a1d" relativeResultsDirectory="0d7da0e4-badd-4646-8d85-46df10129ac3" />
    <UnitTestResult executionId="cb95291a-b216-4722-8ac3-91f4f4c3b97d" testId="71c33396-e1aa-4357-206d-6e3f9c764281" testName="Convert_UsageOnly_AvailableNegativeTest" computerName="DKSR-EFI-06" duration="00:00:00.0003208" startTime="2024-01-09T15:42:14.0133271+01:00" endTime="2024-01-09T15:42:14.0133271+01:00" testType="13cdc9d9-ddb5-4fa4-a97d-d965ccfc6d4b" outcome="Passed" testListId="8c84fa94-04c1-424b-9868-57a2d4851a1d" relativeResultsDirectory="cb95291a-b216-4722-8ac3-91f4f4c3b97d" />
    <UnitTestResult executionId="d6c56012-f753-4336-bf87-5e602bccc611" testId="5b536f33-2046-4353-15a8-da007dd02f12" testName="AdvancedThresholdConfigurationViewModel_Contruction" computerName="DKSR-EFI-06" duration="00:00:00.0001108" startTime="2024-01-09T15:42:18.3884180+01:00" endTime="2024-01-09T15:42:18.4039585+01:00" testType="13cdc9d9-ddb5-4fa4-a97d-d965ccfc6d4b" outcome="Passed" testListId="8c84fa94-04c1-424b-9868-57a2d4851a1d" relativeResultsDirectory="d6c56012-f753-4336-bf87-5e602bccc611" />
    <UnitTestResult executionId="8b745e9f-0e26-401b-aa68-d0f0f9a82c53" testId="cf57110a-f557-2dc4-68f2-0cfc31945112" testName="ConvertBack_InvalidOperationException" computerName="DKSR-EFI-06" duration="00:00:00.0006813" startTime="2024-01-09T15:42:16.5602085+01:00" endTime="2024-01-09T15:42:16.5602085+01:00" testType="13cdc9d9-ddb5-4fa4-a97d-d965ccfc6d4b" outcome="Passed" testListId="8c84fa94-04c1-424b-9868-57a2d4851a1d" relativeResultsDirectory="8b745e9f-0e26-401b-aa68-d0f0f9a82c53" />
    <UnitTestResult executionId="e60d67cc-45d7-4c64-ba49-c3ab765cab25" testId="6f3421a4-94ab-b985-2d94-0b4e624dd9a7" testName="NavigatingTo_Selection_HardwareSelectionFromDataTest" computerName="DKSR-EFI-06" duration="00:00:00.0006936" startTime="2024-01-09T15:42:16.2320864+01:00" endTime="2024-01-09T15:42:16.2320864+01:00" testType="13cdc9d9-ddb5-4fa4-a97d-d965ccfc6d4b" outcome="Passed" testListId="8c84fa94-04c1-424b-9868-57a2d4851a1d" relativeResultsDirectory="e60d67cc-45d7-4c64-ba49-c3ab765cab25" />
    <UnitTestResult executionId="3921fa7c-0bbd-4bd2-adc6-77afcebd5e99" testId="5819f51d-92fb-05b8-65ae-0180d576a834" testName="NonBooleanArrayMembersAreIgnored" computerName="DKSR-EFI-06" duration="00:00:00.0005649" startTime="2024-01-09T15:42:23.6695890+01:00" endTime="2024-01-09T15:42:23.6695890+01:00" testType="13cdc9d9-ddb5-4fa4-a97d-d965ccfc6d4b" outcome="Passed" testListId="8c84fa94-04c1-424b-9868-57a2d4851a1d" relativeResultsDirectory="3921fa7c-0bbd-4bd2-adc6-77afcebd5e99" />
    <UnitTestResult executionId="6499f2fb-bf40-489d-a642-a066f6d69b7a" testId="c49a984d-853a-63f5-374b-23eb95c6ae33" testName="Convert_ToValue_UsageOnly_AvailableZeroTest" computerName="DKSR-EFI-06" duration="00:00:00.0004434" startTime="2024-01-09T15:42:14.0758305+01:00" endTime="2024-01-09T15:42:14.0758305+01:00" testType="13cdc9d9-ddb5-4fa4-a97d-d965ccfc6d4b" outcome="Passed" testListId="8c84fa94-04c1-424b-9868-57a2d4851a1d" relativeResultsDirectory="6499f2fb-bf40-489d-a642-a066f6d69b7a" />
    <UnitTestResult executionId="b1b6fb18-f103-4c9c-b7cb-18f8389a1f87" testId="454d75b8-e2b0-01bf-ca2d-fe96ce2e44f6" testName="Convert_ToBool_AvailableOnly_UsageNullTest" computerName="DKSR-EFI-06" duration="00:00:00.0002060" startTime="2024-01-09T15:42:14.1227058+01:00" endTime="2024-01-09T15:42:14.1227058+01:00" testType="13cdc9d9-ddb5-4fa4-a97d-d965ccfc6d4b" outcome="Passed" testListId="8c84fa94-04c1-424b-9868-57a2d4851a1d" relativeResultsDirectory="b1b6fb18-f103-4c9c-b7cb-18f8389a1f87" />
    <UnitTestResult executionId="6bb9c7ae-f633-4339-8ecb-1692174fbe86" testId="81fc5d04-ff3c-abbf-fbee-43c8a11cc278" testName="ConvertBack_InvalidOperationException" computerName="DKSR-EFI-06" duration="00:00:00.0007220" startTime="2024-01-09T15:42:13.8727692+01:00" endTime="2024-01-09T15:42:13.8727692+01:00" testType="13cdc9d9-ddb5-4fa4-a97d-d965ccfc6d4b" outcome="Passed" testListId="8c84fa94-04c1-424b-9868-57a2d4851a1d" relativeResultsDirectory="6bb9c7ae-f633-4339-8ecb-1692174fbe86" />
    <UnitTestResult executionId="add67148-8f51-4409-afd2-6bbad1463356" testId="4a6f6063-0772-7b40-a6f3-a9b96658f054" testName="Convert_IsNullOrEmpty_Empty_Input_Returns_TrueResult" computerName="DKSR-EFI-06" duration="00:00:00.0001759" startTime="2024-01-09T15:42:20.2633372+01:00" endTime="2024-01-09T15:42:20.2633372+01:00" testType="13cdc9d9-ddb5-4fa4-a97d-d965ccfc6d4b" outcome="Passed" testListId="8c84fa94-04c1-424b-9868-57a2d4851a1d" relativeResultsDirectory="add67148-8f51-4409-afd2-6bbad1463356" />
    <UnitTestResult executionId="a9491d58-7283-4ebf-aa99-b8a9ae9179d5" testId="d75c67ff-fa0d-150c-97a9-b0960900bd82" testName="Equality_SameReferenceTest" computerName="DKSR-EFI-06" duration="00:00:00.0001382" startTime="2024-01-09T15:42:20.1227102+01:00" endTime="2024-01-09T15:42:20.1227102+01:00" testType="13cdc9d9-ddb5-4fa4-a97d-d965ccfc6d4b" outcome="Passed" testListId="8c84fa94-04c1-424b-9868-57a2d4851a1d" relativeResultsDirectory="a9491d58-7283-4ebf-aa99-b8a9ae9179d5" />
    <UnitTestResult executionId="10f8653b-e673-4d49-b2ab-ed38a8e5f69a" testId="f9949e6c-cac8-3282-3d3f-006dec82f846" testName="AllHardwareSelected_Update_AllSelectedTest" computerName="DKSR-EFI-06" duration="00:00:00.0034512" startTime="2024-01-09T15:42:13.5133264+01:00" endTime="2024-01-09T15:42:13.5133264+01:00" testType="13cdc9d9-ddb5-4fa4-a97d-d965ccfc6d4b" outcome="Passed" testListId="8c84fa94-04c1-424b-9868-57a2d4851a1d" relativeResultsDirectory="10f8653b-e673-4d49-b2ab-ed38a8e5f69a" />
    <UnitTestResult executionId="00dceba3-13cd-4c68-8ff0-08dbcc14d6df" testId="13e72a3c-242f-c9a0-e821-31819510ec88" testName="Convert_ArgumentNullException" computerName="DKSR-EFI-06" duration="00:00:00.0006542" startTime="2024-01-09T15:42:14.1539549+01:00" endTime="2024-01-09T15:42:14.1539549+01:00" testType="13cdc9d9-ddb5-4fa4-a97d-d965ccfc6d4b" outcome="Passed" testListId="8c84fa94-04c1-424b-9868-57a2d4851a1d" relativeResultsDirectory="00dceba3-13cd-4c68-8ff0-08dbcc14d6df" />
    <UnitTestResult executionId="c4b6de8b-dd1e-44d0-a99f-c6e2a411c6e9" testId="b07e2c88-163a-e164-51e3-4bc2c8820ae4" testName="CurrentStatus_Update_ClearSelection" computerName="DKSR-EFI-06" duration="00:00:00.0002973" startTime="2024-01-09T15:42:16.1695846+01:00" endTime="2024-01-09T15:42:16.1695846+01:00" testType="13cdc9d9-ddb5-4fa4-a97d-d965ccfc6d4b" outcome="Passed" testListId="8c84fa94-04c1-424b-9868-57a2d4851a1d" relativeResultsDirectory="c4b6de8b-dd1e-44d0-a99f-c6e2a411c6e9" />
    <UnitTestResult executionId="afd01921-6987-4cec-9d69-0d8e09ea3c6b" testId="14636060-b3f4-8768-196b-14bbe8721efb" testName="CurrentStatus_Update_SetSelectionTest" computerName="DKSR-EFI-06" duration="00:00:00.0004180" startTime="2024-01-09T15:42:16.4196270+01:00" endTime="2024-01-09T15:42:16.4196270+01:00" testType="13cdc9d9-ddb5-4fa4-a97d-d965ccfc6d4b" outcome="Passed" testListId="8c84fa94-04c1-424b-9868-57a2d4851a1d" relativeResultsDirectory="afd01921-6987-4cec-9d69-0d8e09ea3c6b" />
    <UnitTestResult executionId="95a29039-9567-40ad-adaa-3a478336f567" testId="ee1a6c82-df13-6176-6b5c-52dc28fe3ddf" testName="AllHardwareSelected_Update_NoneSelectedTest" computerName="DKSR-EFI-06" duration="00:00:00.0003845" startTime="2024-01-09T15:42:13.5289555+01:00" endTime="2024-01-09T15:42:13.5289555+01:00" testType="13cdc9d9-ddb5-4fa4-a97d-d965ccfc6d4b" outcome="Passed" testListId="8c84fa94-04c1-424b-9868-57a2d4851a1d" relativeResultsDirectory="95a29039-9567-40ad-adaa-3a478336f567" />
    <UnitTestResult executionId="0dedaa27-8db1-49cb-92ec-767860994ef3" testId="d6db684e-d87e-3589-c232-3c63501d00ec" testName="SortBaseCommon_IsEquivalentOf_SortDescriptionCollection_ValidListTest" computerName="DKSR-EFI-06" duration="00:00:00.0000279" startTime="2024-01-09T15:42:20.2008345+01:00" endTime="2024-01-09T15:42:20.2008345+01:00" testType="13cdc9d9-ddb5-4fa4-a97d-d965ccfc6d4b" outcome="Passed" testListId="8c84fa94-04c1-424b-9868-57a2d4851a1d" relativeResultsDirectory="0dedaa27-8db1-49cb-92ec-767860994ef3" />
    <UnitTestResult executionId="cb9609c2-6c60-47e0-8207-eab974a20fd9" testId="64145c96-0680-9261-408d-8d65c1c6f2af" testName="SortEquality_NotSupportedValueType" computerName="DKSR-EFI-06" duration="00:00:00.0002662" startTime="2024-01-09T15:42:15.0289546+01:00" endTime="2024-01-09T15:42:15.0289546+01:00" testType="13cdc9d9-ddb5-4fa4-a97d-d965ccfc6d4b" outcome="Passed" testListId="8c84fa94-04c1-424b-9868-57a2d4851a1d" relativeResultsDirectory="cb9609c2-6c60-47e0-8207-eab974a20fd9" />
    <UnitTestResult executionId="5378ed27-909b-4d2e-a2f0-cdc65afa22d7" testId="518ca512-f181-0648-dc57-307c401a0b75" testName="NavigatingTo_OperationsCreatedTest" computerName="DKSR-EFI-06" duration="00:00:00.0871599" startTime="2024-01-09T15:42:15.1227048+01:00" endTime="2024-01-09T15:42:15.2164542+01:00" testType="13cdc9d9-ddb5-4fa4-a97d-d965ccfc6d4b" outcome="Passed" testListId="8c84fa94-04c1-424b-9868-57a2d4851a1d" relativeResultsDirectory="5378ed27-909b-4d2e-a2f0-cdc65afa22d7">
      <Output>
        <StdOut>Debug Trace:&#xD;
Fail: &#xD;
Fail: &#xD;
Fail: &#xD;
Fail: &#xD;
CALL SYNCHRONIZER [14]: Run() called on thread 22&#xD;
CALL SYNCHRONIZER [14]: Waiting for event on thread 22</StdOut>
      </Output>
    </UnitTestResult>
    <UnitTestResult executionId="9df9329d-dc8e-4335-b11f-6799325de405" testId="8e41a221-2626-a03a-65f8-673f2fc4210e" testName="Constructor_HardwareSelectionNullTest" computerName="DKSR-EFI-06" duration="00:00:00.0003026" startTime="2024-01-09T15:42:16.4664579+01:00" endTime="2024-01-09T15:42:16.4664579+01:00" testType="13cdc9d9-ddb5-4fa4-a97d-d965ccfc6d4b" outcome="Passed" testListId="8c84fa94-04c1-424b-9868-57a2d4851a1d" relativeResultsDirectory="9df9329d-dc8e-4335-b11f-6799325de405" />
    <UnitTestResult executionId="a3db054d-f83e-43e3-85ed-3f6245313186" testId="3c2e0b70-8de4-72c4-7074-0bbab96b51de" testName="ConvertTrueToVisibleTest" computerName="DKSR-EFI-06" duration="00:00:00.0010464" startTime="2024-01-09T15:42:20.2477108+01:00" endTime="2024-01-09T15:42:20.2477108+01:00" testType="13cdc9d9-ddb5-4fa4-a97d-d965ccfc6d4b" outcome="Passed" testListId="8c84fa94-04c1-424b-9868-57a2d4851a1d" relativeResultsDirectory="a3db054d-f83e-43e3-85ed-3f6245313186" />
    <UnitTestResult executionId="139f7750-1099-4266-85a7-22d7144fd7ca" testId="af6d329e-c0fe-8203-7f45-d4fc3a03cf6a" testName="Convert_Parameters_Value_InvalidTypeTest" computerName="DKSR-EFI-06" duration="00:00:00.0006131" startTime="2024-01-09T15:42:13.9508289+01:00" endTime="2024-01-09T15:42:13.9508289+01:00" testType="13cdc9d9-ddb5-4fa4-a97d-d965ccfc6d4b" outcome="Passed" testListId="8c84fa94-04c1-424b-9868-57a2d4851a1d" relativeResultsDirectory="139f7750-1099-4266-85a7-22d7144fd7ca" />
    <UnitTestResult executionId="64013602-1d92-4d14-a336-72b9c9391159" testId="c2b13c5f-cc4b-224a-1f38-1a8335f078e1" testName="NavigatingTo_CheckPreselectedHardwareAvailable_False_NavigationNotCancelled" computerName="DKSR-EFI-06" duration="00:00:00.0006480" startTime="2024-01-09T15:42:14.2477084+01:00" endTime="2024-01-09T15:42:14.2633283+01:00" testType="13cdc9d9-ddb5-4fa4-a97d-d965ccfc6d4b" outcome="Passed" testListId="8c84fa94-04c1-424b-9868-57a2d4851a1d" relativeResultsDirectory="64013602-1d92-4d14-a336-72b9c9391159" />
    <UnitTestResult executionId="88701b95-35bf-403c-a49b-12afb46a8c2b" testId="a4d7c98d-bffc-e333-66b1-42e7b83cba4b" testName="Convert_ToBool_UsageOnly_AvailableZeroTest" computerName="DKSR-EFI-06" duration="00:00:00.0002224" startTime="2024-01-09T15:42:14.1070793+01:00" endTime="2024-01-09T15:42:14.1070793+01:00" testType="13cdc9d9-ddb5-4fa4-a97d-d965ccfc6d4b" outcome="Passed" testListId="8c84fa94-04c1-424b-9868-57a2d4851a1d" relativeResultsDirectory="88701b95-35bf-403c-a49b-12afb46a8c2b" />
    <UnitTestResult executionId="1aa01151-516a-404f-836c-8e4f0bddf3f5" testId="46089004-001c-c3b4-babc-ac4ce13a4540" testName="ScheduleNextRun_InvalidParam_Uri_Throws_ArgumentNullException" computerName="DKSR-EFI-06" duration="00:00:00.0195779" startTime="2024-01-09T15:42:20.4039615+01:00" endTime="2024-01-09T15:42:20.4352115+01:00" testType="13cdc9d9-ddb5-4fa4-a97d-d965ccfc6d4b" outcome="Passed" testListId="8c84fa94-04c1-424b-9868-57a2d4851a1d" relativeResultsDirectory="1aa01151-516a-404f-836c-8e4f0bddf3f5" />
    <UnitTestResult executionId="30ef36b6-465e-47d7-b1be-7d7dcda06d9e" testId="6728fde2-9794-3677-61d7-85095bb760ac" testName="ConvertFalseToHiddenTest" computerName="DKSR-EFI-06" duration="00:00:00.0002955" startTime="2024-01-09T15:42:20.2477108+01:00" endTime="2024-01-09T15:42:20.2477108+01:00" testType="13cdc9d9-ddb5-4fa4-a97d-d965ccfc6d4b" outcome="Passed" testListId="8c84fa94-04c1-424b-9868-57a2d4851a1d" relativeResultsDirectory="30ef36b6-465e-47d7-b1be-7d7dcda06d9e" />
    <UnitTestResult executionId="bd8ba9a4-7aee-4bb2-9330-b3c0b7f1c105" testId="b7ab2fc0-e903-7b23-0261-be16cb51adf3" testName="Equality_NullTest" computerName="DKSR-EFI-06" duration="00:00:00.0024509" startTime="2024-01-09T15:42:20.1070891+01:00" endTime="2024-01-09T15:42:20.1070891+01:00" testType="13cdc9d9-ddb5-4fa4-a97d-d965ccfc6d4b" outcome="Passed" testListId="8c84fa94-04c1-424b-9868-57a2d4851a1d" relativeResultsDirectory="bd8ba9a4-7aee-4bb2-9330-b3c0b7f1c105" />
    <UnitTestResult executionId="bfee8304-f00b-45cc-b82f-2793ff2bca79" testId="72c831f0-72d6-a051-1248-fc9c6e6bb478" testName="TabViewModel_Success" computerName="DKSR-EFI-06" duration="00:00:00.6218311" startTime="2024-01-09T15:42:17.5133342+01:00" endTime="2024-01-09T15:42:18.1383338+01:00" testType="13cdc9d9-ddb5-4fa4-a97d-d965ccfc6d4b" outcome="Passed" testListId="8c84fa94-04c1-424b-9868-57a2d4851a1d" relativeResultsDirectory="bfee8304-f00b-45cc-b82f-2793ff2bca79" />
    <UnitTestResult executionId="4d1eb091-6125-4d41-a53e-59d3283cfa74" testId="217362c6-f836-1e13-6eca-0100f06814cb" testName="NullParameterThrows" computerName="DKSR-EFI-06" duration="00:00:00.0005959" startTime="2024-01-09T15:42:23.7320895+01:00" endTime="2024-01-09T15:42:23.7320895+01:00" testType="13cdc9d9-ddb5-4fa4-a97d-d965ccfc6d4b" outcome="Passed" testListId="8c84fa94-04c1-424b-9868-57a2d4851a1d" relativeResultsDirectory="4d1eb091-6125-4d41-a53e-59d3283cfa74" />
    <UnitTestResult executionId="897326e7-3b41-4d22-a1bc-4beb8f213eaa" testId="283be9e8-ff40-cb8f-01e8-201330f2ab76" testName="Constructor_PropertyWhitespaceTest" computerName="DKSR-EFI-06" duration="00:00:00.0004939" startTime="2024-01-09T15:42:20.0289609+01:00" endTime="2024-01-09T15:42:20.0289609+01:00" testType="13cdc9d9-ddb5-4fa4-a97d-d965ccfc6d4b" outcome="Passed" testListId="8c84fa94-04c1-424b-9868-57a2d4851a1d" relativeResultsDirectory="897326e7-3b41-4d22-a1bc-4beb8f213eaa" />
    <UnitTestResult executionId="2a2ca655-d187-47ef-832c-518070cf4288" testId="6f4e1424-2a6a-4549-8cdd-22ce6dad0352" testName="PreviousCommand_IsAvailable_FirstPageTest" computerName="DKSR-EFI-06" duration="00:00:00.0011049" startTime="2024-01-09T15:42:14.8102062+01:00" endTime="2024-01-09T15:42:14.8102062+01:00" testType="13cdc9d9-ddb5-4fa4-a97d-d965ccfc6d4b" outcome="Passed" testListId="8c84fa94-04c1-424b-9868-57a2d4851a1d" relativeResultsDirectory="2a2ca655-d187-47ef-832c-518070cf4288">
      <Output>
        <StdOut>Debug Trace:&#xD;
Wizard : Locked navigation on thread : 15&#xD;
Wizard : Navigating to page 0 on thread 15&#xD;
Wizard : Completed navigation to page 0 on thread 13</StdOut>
      </Output>
    </UnitTestResult>
    <UnitTestResult executionId="28e721f1-a33c-4429-a868-86761a03eac9" testId="f2213902-1d41-6fe7-b547-2debdd45e382" testName="Constructor_HardwareSelectionNullTest" computerName="DKSR-EFI-06" duration="00:00:00.0005831" startTime="2024-01-09T15:42:13.7320787+01:00" endTime="2024-01-09T15:42:13.7320787+01:00" testType="13cdc9d9-ddb5-4fa4-a97d-d965ccfc6d4b" outcome="Passed" testListId="8c84fa94-04c1-424b-9868-57a2d4851a1d" relativeResultsDirectory="28e721f1-a33c-4429-a868-86761a03eac9" />
    <UnitTestResult executionId="c8c8a7a8-d42f-4886-a0af-402139ec825f" testId="27f37032-be8c-42b9-79f8-c52edc12b636" testName="Constructor_HandlerNullTest" computerName="DKSR-EFI-06" duration="00:00:00.1488396" startTime="2024-01-09T15:42:12.7320767+01:00" endTime="2024-01-09T15:42:12.8883270+01:00" testType="13cdc9d9-ddb5-4fa4-a97d-d965ccfc6d4b" outcome="Passed" testListId="8c84fa94-04c1-424b-9868-57a2d4851a1d" relativeResultsDirectory="c8c8a7a8-d42f-4886-a0af-402139ec825f" />
    <UnitTestResult executionId="8fac0fe4-b666-4b34-ac08-0ae3b7ebe823" testId="199b70f1-156a-9b54-8fca-de06eb7d9c93" testName="SortBaseCommon_Equality_SortBase_OtherClassTest" computerName="DKSR-EFI-06" duration="00:00:00.0002114" startTime="2024-01-09T15:42:20.0914609+01:00" endTime="2024-01-09T15:42:20.0914609+01:00" testType="13cdc9d9-ddb5-4fa4-a97d-d965ccfc6d4b" outcome="Passed" testListId="8c84fa94-04c1-424b-9868-57a2d4851a1d" relativeResultsDirectory="8fac0fe4-b666-4b34-ac08-0ae3b7ebe823" />
    <UnitTestResult executionId="1dc912ce-aecd-495f-9ca6-d1be8bdcaaed" testId="e0f3aa0c-ce4b-6d84-c098-1897aaa95abb" testName="Validate_SelectedFirmwareFilePath_Succeed" computerName="DKSR-EFI-06" duration="00:00:00.0002701" startTime="2024-01-09T15:42:12.6695761+01:00" endTime="2024-01-09T15:42:12.6695761+01:00" testType="13cdc9d9-ddb5-4fa4-a97d-d965ccfc6d4b" outcome="Passed" testListId="8c84fa94-04c1-424b-9868-57a2d4851a1d" relativeResultsDirectory="1dc912ce-aecd-495f-9ca6-d1be8bdcaaed" />
    <UnitTestResult executionId="1e349dca-f75f-4929-9641-af3c1f0b179c" testId="93197305-5f41-743a-030b-561e6ec2e720" testName="HandledVmoAccessTests_ProperReturnValueIfVmoUnathorizedAccessException" computerName="DKSR-EFI-06" duration="00:00:00.0051900" startTime="2024-01-09T15:42:17.2945841+01:00" endTime="2024-01-09T15:42:17.2945841+01:00" testType="13cdc9d9-ddb5-4fa4-a97d-d965ccfc6d4b" outcome="Passed" testListId="8c84fa94-04c1-424b-9868-57a2d4851a1d" relativeResultsDirectory="1e349dca-f75f-4929-9641-af3c1f0b179c" />
    <UnitTestResult executionId="18548c4c-17c6-4267-9b6d-81bb3c9c424b" testId="f6fb30b9-0cae-3e29-1f99-5e0b87051f42" testName="Convert_ToValue_AvailableOnly_UsageNullTest" computerName="DKSR-EFI-06" duration="00:00:00.0002404" startTime="2024-01-09T15:42:14.0914533+01:00" endTime="2024-01-09T15:42:14.0914533+01:00" testType="13cdc9d9-ddb5-4fa4-a97d-d965ccfc6d4b" outcome="Passed" testListId="8c84fa94-04c1-424b-9868-57a2d4851a1d" relativeResultsDirectory="18548c4c-17c6-4267-9b6d-81bb3c9c424b" />
    <UnitTestResult executionId="29d326f1-e420-445e-8ff0-260c1882658b" testId="39323088-5eaa-ae83-0beb-2f63933109a7" testName="Convert_ArgumentNullException" computerName="DKSR-EFI-06" duration="00:00:00.0075096" startTime="2024-01-09T15:42:12.2320761+01:00" endTime="2024-01-09T15:42:12.2477000+01:00" testType="13cdc9d9-ddb5-4fa4-a97d-d965ccfc6d4b" outcome="Passed" testListId="8c84fa94-04c1-424b-9868-57a2d4851a1d" relativeResultsDirectory="29d326f1-e420-445e-8ff0-260c1882658b" />
    <UnitTestResult executionId="1294aaee-c316-4b5b-93a3-7fa48ca73096" testId="a31b0106-6089-033a-915d-3ed2fd2d699b" testName="NextCommand_NavigationCallbacks_DestinationTest" computerName="DKSR-EFI-06" duration="00:00:00.0012150" startTime="2024-01-09T15:42:14.7633288+01:00" endTime="2024-01-09T15:42:14.7633288+01:00" testType="13cdc9d9-ddb5-4fa4-a97d-d965ccfc6d4b" outcome="Passed" testListId="8c84fa94-04c1-424b-9868-57a2d4851a1d" relativeResultsDirectory="1294aaee-c316-4b5b-93a3-7fa48ca73096">
      <Output>
        <StdOut>Debug Trace:&#xD;
Wizard : Locked navigation on thread : 15&#xD;
Wizard : Navigating to page 0 on thread 15&#xD;
Wizard : Completed navigation to page 0 on thread 19&#xD;
Wizard : Released lock navigation on thread : 19&#xD;
Wizard : Locked navigation on thread : 15&#xD;
Wizard : Navigating to page 1 on thread 15&#xD;
Wizard : Completed navigation to page 1 on thread 17&#xD;
Wizard : Released lock navigation on thread : 17</StdOut>
      </Output>
    </UnitTestResult>
    <UnitTestResult executionId="fac547e2-9583-4ab6-8a80-97673e6129dc" testId="578794d4-5ba7-7fb1-91c8-0222ba3f2584" testName="ThresholdColorConverter_Success" computerName="DKSR-EFI-06" duration="00:00:00.0007256" startTime="2024-01-09T15:42:18.4820847+01:00" endTime="2024-01-09T15:42:18.4820847+01:00" testType="13cdc9d9-ddb5-4fa4-a97d-d965ccfc6d4b" outcome="Passed" testListId="8c84fa94-04c1-424b-9868-57a2d4851a1d" relativeResultsDirectory="fac547e2-9583-4ab6-8a80-97673e6129dc" />
    <UnitTestResult executionId="c57badae-6973-4048-ac83-c843f9b84b3e" testId="7115e4f8-539b-b199-92f7-b9bc6936260b" testName="Validate_WithPasswordManualEntry_Empty" computerName="DKSR-EFI-06" duration="00:00:00.0010280" startTime="2024-01-09T15:42:16.0914558+01:00" endTime="2024-01-09T15:42:16.0914558+01:00" testType="13cdc9d9-ddb5-4fa4-a97d-d965ccfc6d4b" outcome="Passed" testListId="8c84fa94-04c1-424b-9868-57a2d4851a1d" relativeResultsDirectory="c57badae-6973-4048-ac83-c843f9b84b3e" />
    <UnitTestResult executionId="df6fb412-6393-4c15-b445-f011d78616c0" testId="f9c34574-035c-196e-b022-be5ff6427f51" testName="ThresholdUserControlReverseVisibilityConverter_Success" computerName="DKSR-EFI-06" duration="00:00:00.0006613" startTime="2024-01-09T15:42:18.4977097+01:00" endTime="2024-01-09T15:42:18.5133353+01:00" testType="13cdc9d9-ddb5-4fa4-a97d-d965ccfc6d4b" outcome="Passed" testListId="8c84fa94-04c1-424b-9868-57a2d4851a1d" relativeResultsDirectory="df6fb412-6393-4c15-b445-f011d78616c0" />
    <UnitTestResult executionId="bc730583-a79f-4837-aad7-5056d61747b5" testId="c37b2c23-4f65-c08f-f67d-977e7ed22b1d" testName="Convert_AllValues" computerName="DKSR-EFI-06" duration="00:00:00.0015644" startTime="2024-01-09T15:42:16.5602085+01:00" endTime="2024-01-09T15:42:16.5602085+01:00" testType="13cdc9d9-ddb5-4fa4-a97d-d965ccfc6d4b" outcome="Passed" testListId="8c84fa94-04c1-424b-9868-57a2d4851a1d" relativeResultsDirectory="bc730583-a79f-4837-aad7-5056d61747b5" />
    <UnitTestResult executionId="dac758f2-ec82-475f-b952-4b784be9b756" testId="6e57d7bf-5a2e-ea52-712d-f57e52a5f01d" testName="CurrentStatus_Event_ClearSelectionTest" computerName="DKSR-EFI-06" duration="00:00:00.0006950" startTime="2024-01-09T15:42:13.5602013+01:00" endTime="2024-01-09T15:42:13.5602013+01:00" testType="13cdc9d9-ddb5-4fa4-a97d-d965ccfc6d4b" outcome="Passed" testListId="8c84fa94-04c1-424b-9868-57a2d4851a1d" relativeResultsDirectory="dac758f2-ec82-475f-b952-4b784be9b756" />
    <UnitTestResult executionId="eb79e0df-762c-4453-846f-228f70dab908" testId="4f56dce6-c6b2-22c3-8efb-65130162e748" testName="Constructor_NullFallbackPropertyTest" computerName="DKSR-EFI-06" duration="00:00:00.0005150" startTime="2024-01-09T15:42:20.1383353+01:00" endTime="2024-01-09T15:42:20.1383353+01:00" testType="13cdc9d9-ddb5-4fa4-a97d-d965ccfc6d4b" outcome="Passed" testListId="8c84fa94-04c1-424b-9868-57a2d4851a1d" relativeResultsDirectory="eb79e0df-762c-4453-846f-228f70dab908" />
    <UnitTestResult executionId="73e5bc8e-a8aa-4960-967d-33f5e1f67776" testId="549bdddc-6026-e835-122f-1a9746498ce1" testName="NavigatingAway_WithFirmwarePath_SetProperly" computerName="DKSR-EFI-06" duration="00:00:00.0003882" startTime="2024-01-09T15:42:12.7320767+01:00" endTime="2024-01-09T15:42:12.7320767+01:00" testType="13cdc9d9-ddb5-4fa4-a97d-d965ccfc6d4b" outcome="Passed" testListId="8c84fa94-04c1-424b-9868-57a2d4851a1d" relativeResultsDirectory="73e5bc8e-a8aa-4960-967d-33f5e1f67776" />
    <UnitTestResult executionId="c37baea1-fda0-4be0-aff6-6e05c05b44da" testId="56aa2941-e7e2-b606-3353-3131490dd029" testName="NavigatingTo_Selection_MultipleRecordersTest" computerName="DKSR-EFI-06" duration="00:00:00.0004335" startTime="2024-01-09T15:42:13.2789520+01:00" endTime="2024-01-09T15:42:13.2789520+01:00" testType="13cdc9d9-ddb5-4fa4-a97d-d965ccfc6d4b" outcome="Passed" testListId="8c84fa94-04c1-424b-9868-57a2d4851a1d" relativeResultsDirectory="c37baea1-fda0-4be0-aff6-6e05c05b44da" />
    <UnitTestResult executionId="cd857f0c-bf5b-4e96-9c89-f7e227c026a1" testId="e9057bc5-e2c2-a8f1-2eaf-456fc0d01a7d" testName="ThresholdStyleConverter_TopValueSliderAsInput_Success" computerName="DKSR-EFI-06" duration="00:00:00.0006386" startTime="2024-01-09T15:42:18.5133353+01:00" endTime="2024-01-09T15:42:18.5133353+01:00" testType="13cdc9d9-ddb5-4fa4-a97d-d965ccfc6d4b" outcome="Passed" testListId="8c84fa94-04c1-424b-9868-57a2d4851a1d" relativeResultsDirectory="cd857f0c-bf5b-4e96-9c89-f7e227c026a1" />
    <UnitTestResult executionId="dc38dbe1-b2ad-4220-96e6-6dbf833ea2cd" testId="93930c38-bad3-e886-0efe-52170415fbb6" testName="Constructor_HandlerNullTest" computerName="DKSR-EFI-06" duration="00:00:00.0039345" startTime="2024-01-09T15:42:13.7320787+01:00" endTime="2024-01-09T15:42:13.7320787+01:00" testType="13cdc9d9-ddb5-4fa4-a97d-d965ccfc6d4b" outcome="Passed" testListId="8c84fa94-04c1-424b-9868-57a2d4851a1d" relativeResultsDirectory="dc38dbe1-b2ad-4220-96e6-6dbf833ea2cd" />
    <UnitTestResult executionId="51b3b9b9-3d0c-418e-a527-f922f7c0c31d" testId="2a9a7830-d83b-38ec-9983-96e0294553ee" testName="Convert_Days_SecondsOffsetTest" computerName="DKSR-EFI-06" duration="00:00:00.0004761" startTime="2024-01-09T15:42:13.9039559+01:00" endTime="2024-01-09T15:42:13.9039559+01:00" testType="13cdc9d9-ddb5-4fa4-a97d-d965ccfc6d4b" outcome="Passed" testListId="8c84fa94-04c1-424b-9868-57a2d4851a1d" relativeResultsDirectory="51b3b9b9-3d0c-418e-a527-f922f7c0c31d" />
    <UnitTestResult executionId="efb5bb28-6ee5-48ed-ba97-f25d7f1ff26d" testId="38c367f3-e1bb-c75a-7102-223768ab5f46" testName="Convert_Null_TragetType_Throws_ArgumentNullException" computerName="DKSR-EFI-06" duration="00:00:00.0010890" startTime="2024-01-09T15:42:16.5445815+01:00" endTime="2024-01-09T15:42:16.5445815+01:00" testType="13cdc9d9-ddb5-4fa4-a97d-d965ccfc6d4b" outcome="Passed" testListId="8c84fa94-04c1-424b-9868-57a2d4851a1d" relativeResultsDirectory="efb5bb28-6ee5-48ed-ba97-f25d7f1ff26d">
      <Output>
        <StdOut>Debug Trace:&#xD;
Fail: Argument null</StdOut>
      </Output>
    </UnitTestResult>
    <UnitTestResult executionId="7037ac26-4a6b-4437-a461-aee56a8dd45f" testId="b84c992a-265b-65ae-f8b1-90682b7ab9ba" testName="State_Loading_NextCommand_DestinationPageNavigatingToTest" computerName="DKSR-EFI-06" duration="00:00:00.0156971" startTime="2024-01-09T15:42:14.8883292+01:00" endTime="2024-01-09T15:42:14.9039560+01:00" testType="13cdc9d9-ddb5-4fa4-a97d-d965ccfc6d4b" outcome="Passed" testListId="8c84fa94-04c1-424b-9868-57a2d4851a1d" relativeResultsDirectory="7037ac26-4a6b-4437-a461-aee56a8dd45f">
      <Output>
        <StdOut>Debug Trace:&#xD;
Wizard : Locked navigation on thread : 15&#xD;
Wizard : Navigating to page 0 on thread 15&#xD;
Wizard : Completed navigation to page 0 on thread 19&#xD;
Wizard : Released lock navigation on thread : 19&#xD;
Wizard : Locked navigation on thread : 17&#xD;
Wizard : Navigating to page 1 on thread 17&#xD;
CALL SYNCHRONIZER [5]: Run() called on thread 17&#xD;
CALL SYNCHRONIZER [5]: Waiting for event on thread 17&#xD;
CALL SYNCHRONIZER [5]: Event received, exiting on thread 17&#xD;
Wizard : Completed navigation to page 1 on thread 17&#xD;
Wizard : Released lock navigation on thread : 17</StdOut>
      </Output>
    </UnitTestResult>
    <UnitTestResult executionId="1b32dae1-0bc8-4407-9574-7653ce73edd5" testId="4d06ad98-29a4-d3b9-50b2-f429db25b5c3" testName="SelectionChanged_GeneralTest" computerName="DKSR-EFI-06" duration="00:00:00.0031615" startTime="2024-01-09T15:42:16.3570828+01:00" endTime="2024-01-09T15:42:16.3570828+01:00" testType="13cdc9d9-ddb5-4fa4-a97d-d965ccfc6d4b" outcome="Passed" testListId="8c84fa94-04c1-424b-9868-57a2d4851a1d" relativeResultsDirectory="1b32dae1-0bc8-4407-9574-7653ce73edd5" />
    <UnitTestResult executionId="826720f9-e6d3-4861-85be-53e712ea2372" testId="4853e2d1-1b0b-06b5-aee8-6c69312049dd" testName="SelectionChanged_SameSelectedItemsCountTest" computerName="DKSR-EFI-06" duration="00:00:00.0005423" startTime="2024-01-09T15:42:13.4977021+01:00" endTime="2024-01-09T15:42:13.4977021+01:00" testType="13cdc9d9-ddb5-4fa4-a97d-d965ccfc6d4b" outcome="Passed" testListId="8c84fa94-04c1-424b-9868-57a2d4851a1d" relativeResultsDirectory="826720f9-e6d3-4861-85be-53e712ea2372" />
    <UnitTestResult executionId="b89f0f48-357c-48fe-be7e-87b84309c640" testId="3e7d45db-319f-dd58-534b-1895e7ce8c1a" testName="NavigatingTo_HardwaresWithSameMac_HaveSamePasswordsTest" computerName="DKSR-EFI-06" duration="00:00:00.0119497" startTime="2024-01-09T15:42:15.2164542+01:00" endTime="2024-01-09T15:42:15.2320799+01:00" testType="13cdc9d9-ddb5-4fa4-a97d-d965ccfc6d4b" outcome="Passed" testListId="8c84fa94-04c1-424b-9868-57a2d4851a1d" relativeResultsDirectory="b89f0f48-357c-48fe-be7e-87b84309c640">
      <Output>
        <StdOut>Debug Trace:&#xD;
CALL SYNCHRONIZER [15]: Run() called on thread 23&#xD;
CALL SYNCHRONIZER [15]: Waiting for event on thread 23</StdOut>
      </Output>
    </UnitTestResult>
    <UnitTestResult executionId="9aba1e4c-1f8f-466f-aee2-e850d6b7da87" testId="806486e9-67f6-c414-1b23-268fb5d92f79" testName="Construct_InvalidParam_UriHandler_Throws_ArgumentNullException" computerName="DKSR-EFI-06" duration="00:00:00.0008799" startTime="2024-01-09T15:42:22.4977135+01:00" endTime="2024-01-09T15:42:22.4977135+01:00" testType="13cdc9d9-ddb5-4fa4-a97d-d965ccfc6d4b" outcome="Passed" testListId="8c84fa94-04c1-424b-9868-57a2d4851a1d" relativeResultsDirectory="9aba1e4c-1f8f-466f-aee2-e850d6b7da87" />
    <UnitTestResult executionId="4820f549-c524-412c-b87f-13e628a9a9b2" testId="877408a3-40e3-bcfc-c06c-a50c1343cb03" testName="SortEquality_ReverseSorts" computerName="DKSR-EFI-06" duration="00:00:00.0003727" startTime="2024-01-09T15:42:15.0133297+01:00" endTime="2024-01-09T15:42:15.0133297+01:00" testType="13cdc9d9-ddb5-4fa4-a97d-d965ccfc6d4b" outcome="Passed" testListId="8c84fa94-04c1-424b-9868-57a2d4851a1d" relativeResultsDirectory="4820f549-c524-412c-b87f-13e628a9a9b2" />
    <UnitTestResult executionId="4ea9cb3b-4630-46b4-80dc-5d27b313886e" testId="f5b9c939-e0ce-8ebd-f00d-5987bef52e3e" testName="Convert_IsNullOrEmpty_Null_Input_Returns_TrueResult" computerName="DKSR-EFI-06" duration="00:00:00.0012446" startTime="2024-01-09T15:42:20.2633372+01:00" endTime="2024-01-09T15:42:20.2633372+01:00" testType="13cdc9d9-ddb5-4fa4-a97d-d965ccfc6d4b" outcome="Passed" testListId="8c84fa94-04c1-424b-9868-57a2d4851a1d" relativeResultsDirectory="4ea9cb3b-4630-46b4-80dc-5d27b313886e" />
    <UnitTestResult executionId="f101e32e-9a34-41aa-9990-cf7b5aef27ec" testId="4a0b7cbb-9f7b-cbda-f421-d1a84d7086e8" testName="NavigatingTo_PasswordAutogeneration_SelectedByDefault" computerName="DKSR-EFI-06" duration="00:00:00.0010119" startTime="2024-01-09T15:42:16.0760618+01:00" endTime="2024-01-09T15:42:16.0760618+01:00" testType="13cdc9d9-ddb5-4fa4-a97d-d965ccfc6d4b" outcome="Passed" testListId="8c84fa94-04c1-424b-9868-57a2d4851a1d" relativeResultsDirectory="f101e32e-9a34-41aa-9990-cf7b5aef27ec" />
    <UnitTestResult executionId="6c1711bd-9919-42f2-80ec-7220328919f5" testId="b606ee6a-05aa-e9cf-e810-d6392db2fc5e" testName="ConvertFalseToHiddenTest" computerName="DKSR-EFI-06" duration="00:00:00.0002802" startTime="2024-01-09T15:42:20.2164609+01:00" endTime="2024-01-09T15:42:20.2164609+01:00" testType="13cdc9d9-ddb5-4fa4-a97d-d965ccfc6d4b" outcome="Passed" testListId="8c84fa94-04c1-424b-9868-57a2d4851a1d" relativeResultsDirectory="6c1711bd-9919-42f2-80ec-7220328919f5" />
    <UnitTestResult executionId="bc28c918-f559-4d14-8e8b-ae10dc86378b" testId="696d3815-1cd7-fed9-efe3-4706a2343e63" testName="NextCommand_ExecuteTest" computerName="DKSR-EFI-06" duration="00:00:00.0855140" startTime="2024-01-09T15:42:14.2945805+01:00" endTime="2024-01-09T15:42:14.3883298+01:00" testType="13cdc9d9-ddb5-4fa4-a97d-d965ccfc6d4b" outcome="Passed" testListId="8c84fa94-04c1-424b-9868-57a2d4851a1d" relativeResultsDirectory="bc28c918-f559-4d14-8e8b-ae10dc86378b">
      <Output>
        <StdOut>Debug Trace:&#xD;
Wizard : Locked navigation on thread : 15&#xD;
Wizard : Navigating to page 0 on thread 15&#xD;
Wizard : Completed navigation to page 0 on thread 13&#xD;
Wizard : Locked navigation on thread : 15&#xD;
Wizard : Navigating to page 1 on thread 15&#xD;
Wizard : Released lock navigation on thread : 13&#xD;
Wizard : Completed navigation to page 1 on thread 13&#xD;
Wizard : Released lock navigation on thread : 13</StdOut>
      </Output>
    </UnitTestResult>
    <UnitTestResult executionId="9a515a6c-65b5-428f-87fb-6e752039fb9f" testId="70a14d5f-3546-0e27-fa10-5401ae9b66ba" testName="NextCommand_CommandInvalidated_PageStatusChanged_InvalidToValidTest" computerName="DKSR-EFI-06" duration="00:00:00.0059589" startTime="2024-01-09T15:42:14.7477068+01:00" endTime="2024-01-09T15:42:14.7477068+01:00" testType="13cdc9d9-ddb5-4fa4-a97d-d965ccfc6d4b" outcome="Passed" testListId="8c84fa94-04c1-424b-9868-57a2d4851a1d" relativeResultsDirectory="9a515a6c-65b5-428f-87fb-6e752039fb9f">
      <Output>
        <StdOut>Debug Trace:&#xD;
Wizard : Locked navigation on thread : 15&#xD;
Wizard : Navigating to page 0 on thread 15&#xD;
Wizard : Completed navigation to page 0 on thread 13&#xD;
Wizard : Released lock navigation on thread : 13&#xD;
Wizard : Locked navigation on thread : 15&#xD;
Wizard : Navigating to page 1 on thread 15&#xD;
Wizard : Completed navigation to page 1 on thread 19&#xD;
Wizard : Released lock navigation on thread : 19</StdOut>
      </Output>
    </UnitTestResult>
    <UnitTestResult executionId="4da2cbc9-c304-47d1-a5ee-b316d0c10229" testId="01027ca1-96f8-3e8b-2209-bee3b2d7bb74" testName="Convert_ArgumentNullException" computerName="DKSR-EFI-06" duration="00:00:00.0052835" startTime="2024-01-09T15:42:14.1383289+01:00" endTime="2024-01-09T15:42:14.1383289+01:00" testType="13cdc9d9-ddb5-4fa4-a97d-d965ccfc6d4b" outcome="Passed" testListId="8c84fa94-04c1-424b-9868-57a2d4851a1d" relativeResultsDirectory="4da2cbc9-c304-47d1-a5ee-b316d0c10229">
      <Output>
        <StdOut>Debug Trace:&#xD;
Fail: Argument null</StdOut>
      </Output>
    </UnitTestResult>
    <UnitTestResult executionId="957f4b37-3e57-4f53-ac59-9d615f6c554e" testId="b16dc414-82bb-0a48-2010-aab727818a55" testName="Constructor_HardwareSelectionNullTest" computerName="DKSR-EFI-06" duration="00:00:00.1875366" startTime="2024-01-09T15:42:12.8883270+01:00" endTime="2024-01-09T15:42:13.0758293+01:00" testType="13cdc9d9-ddb5-4fa4-a97d-d965ccfc6d4b" outcome="Passed" testListId="8c84fa94-04c1-424b-9868-57a2d4851a1d" relativeResultsDirectory="957f4b37-3e57-4f53-ac59-9d615f6c554e" />
    <UnitTestResult executionId="dde9852b-346e-49ab-a82d-1216cb9b13d4" testId="6ebbcbf9-d9e1-df4a-dc0d-b8f854aa76bf" testName="NavigatingTo_AvailableHardware_NoHardwareTest" computerName="DKSR-EFI-06" duration="00:00:00.0005492" startTime="2024-01-09T15:42:16.2164607+01:00" endTime="2024-01-09T15:42:16.2164607+01:00" testType="13cdc9d9-ddb5-4fa4-a97d-d965ccfc6d4b" outcome="Passed" testListId="8c84fa94-04c1-424b-9868-57a2d4851a1d" relativeResultsDirectory="dde9852b-346e-49ab-a82d-1216cb9b13d4" />
    <UnitTestResult executionId="2e2e70ca-dbf3-48f8-ad9a-ce5c8f358f91" testId="bab771ff-13a5-b51d-4601-65f5e8e2a03c" testName="NavigatingTo_ExceptionHandling_OtherException_FindHardwareThrowsTest" computerName="DKSR-EFI-06" duration="00:00:00.0007410" startTime="2024-01-09T15:42:13.4508285+01:00" endTime="2024-01-09T15:42:13.4664523+01:00" testType="13cdc9d9-ddb5-4fa4-a97d-d965ccfc6d4b" outcome="Passed" testListId="8c84fa94-04c1-424b-9868-57a2d4851a1d" relativeResultsDirectory="2e2e70ca-dbf3-48f8-ad9a-ce5c8f358f91" />
    <UnitTestResult executionId="4f0388d2-7ee7-4261-b299-9a7685b1ad59" testId="451f83de-0a41-8213-0a57-91c8b4aab529" testName="LookupAdvancedConfigurationEnabled_Success" computerName="DKSR-EFI-06" duration="00:00:00.0011110" startTime="2024-01-09T15:42:17.4977097+01:00" endTime="2024-01-09T15:42:17.4977097+01:00" testType="13cdc9d9-ddb5-4fa4-a97d-d965ccfc6d4b" outcome="Passed" testListId="8c84fa94-04c1-424b-9868-57a2d4851a1d" relativeResultsDirectory="4f0388d2-7ee7-4261-b299-9a7685b1ad59" />
    <UnitTestResult executionId="f17f23fd-e45f-4a74-a6bc-da1f2fa422a7" testId="a02d8109-78ab-1cfd-6223-756899faeccf" testName="Convert_Error_ValuesNullTest" computerName="DKSR-EFI-06" duration="00:00:00.0006323" startTime="2024-01-09T15:42:14.0602029+01:00" endTime="2024-01-09T15:42:14.0602029+01:00" testType="13cdc9d9-ddb5-4fa4-a97d-d965ccfc6d4b" outcome="Passed" testListId="8c84fa94-04c1-424b-9868-57a2d4851a1d" relativeResultsDirectory="f17f23fd-e45f-4a74-a6bc-da1f2fa422a7" />
    <UnitTestResult executionId="e63a2aad-487f-417e-9628-d8b9ac18429c" testId="cf333e35-b4d9-96a3-24a6-26a2315700cd" testName="State_Loading_PreviousCommand_SourcePageNavigatedAwayTest" computerName="DKSR-EFI-06" duration="00:00:00.0086341" startTime="2024-01-09T15:42:14.9508299+01:00" endTime="2024-01-09T15:42:14.9664560+01:00" testType="13cdc9d9-ddb5-4fa4-a97d-d965ccfc6d4b" outcome="Passed" testListId="8c84fa94-04c1-424b-9868-57a2d4851a1d" relativeResultsDirectory="e63a2aad-487f-417e-9628-d8b9ac18429c">
      <Output>
        <StdOut>Debug Trace:&#xD;
Wizard : Locked navigation on thread : 15&#xD;
Wizard : Navigating to page 0 on thread 15&#xD;
Wizard : Completed navigation to page 0 on thread 19&#xD;
Wizard : Released lock navigation on thread : 19&#xD;
Wizard : Locked navigation on thread : 15&#xD;
Wizard : Navigating to page 1 on thread 15&#xD;
Wizard : Completed navigation to page 1 on thread 20&#xD;
Wizard : Released lock navigation on thread : 20&#xD;
Wizard : Locked navigation on thread : 20&#xD;
Wizard : Navigating to page 0 on thread 20&#xD;
CALL SYNCHRONIZER [12]: Run() called on thread 20&#xD;
CALL SYNCHRONIZER [12]: Waiting for event on thread 20</StdOut>
      </Output>
    </UnitTestResult>
    <UnitTestResult executionId="41614ff8-b7ca-4516-aa29-194b21881ac4" testId="16e3fee0-cbf2-422e-e9b5-7f637108b5d6" testName="Convert_Seconds_UnderMinuteTest" computerName="DKSR-EFI-06" duration="00:00:00.0002822" startTime="2024-01-09T15:42:13.9508289+01:00" endTime="2024-01-09T15:42:13.9508289+01:00" testType="13cdc9d9-ddb5-4fa4-a97d-d965ccfc6d4b" outcome="Passed" testListId="8c84fa94-04c1-424b-9868-57a2d4851a1d" relativeResultsDirectory="41614ff8-b7ca-4516-aa29-194b21881ac4" />
    <UnitTestResult executionId="dfdfa12b-71b9-45de-aecd-6e0f6b99a327" testId="64783368-4c49-57cf-7cba-264e34d26256" testName="SelectionChanged_UnsubscribeTest" computerName="DKSR-EFI-06" duration="00:00:00.0006359" startTime="2024-01-09T15:42:13.4977021+01:00" endTime="2024-01-09T15:42:13.4977021+01:00" testType="13cdc9d9-ddb5-4fa4-a97d-d965ccfc6d4b" outcome="Passed" testListId="8c84fa94-04c1-424b-9868-57a2d4851a1d" relativeResultsDirectory="dfdfa12b-71b9-45de-aecd-6e0f6b99a327" />
    <UnitTestResult executionId="f9d0c0a3-2944-4a90-b902-5bcd61a40807" testId="2856e573-df47-5a7b-92cd-4e7224eeb3a7" testName="SortBaseCommon_GetHashCode_EqualInstancesTest" computerName="DKSR-EFI-06" duration="00:00:00.0000146" startTime="2024-01-09T15:42:20.1695848+01:00" endTime="2024-01-09T15:42:20.1695848+01:00" testType="13cdc9d9-ddb5-4fa4-a97d-d965ccfc6d4b" outcome="Passed" testListId="8c84fa94-04c1-424b-9868-57a2d4851a1d" relativeResultsDirectory="f9d0c0a3-2944-4a90-b902-5bcd61a40807" />
    <UnitTestResult executionId="c9a8d912-18ec-4ac9-a6f7-8652dc640243" testId="4d7bc167-a349-1630-4956-c316375e39d5" testName="SortBaseCommon_ConfigurationCheck" computerName="DKSR-EFI-06" duration="00:00:00.0006461" startTime="2024-01-09T15:42:20.1539602+01:00" endTime="2024-01-09T15:42:20.1539602+01:00" testType="13cdc9d9-ddb5-4fa4-a97d-d965ccfc6d4b" outcome="Passed" testListId="8c84fa94-04c1-424b-9868-57a2d4851a1d" relativeResultsDirectory="c9a8d912-18ec-4ac9-a6f7-8652dc640243" />
    <UnitTestResult executionId="48f3b75c-0c3a-4ebe-b343-c86e19c26874" testId="b0abb0b5-082f-abd9-c6e2-49267e783fe9" testName="SystemDashboard_LookupCalculationBufferUnitType_Success" computerName="DKSR-EFI-06" duration="00:00:00.0004913" startTime="2024-01-09T15:42:17.5133342+01:00" endTime="2024-01-09T15:42:17.5133342+01:00" testType="13cdc9d9-ddb5-4fa4-a97d-d965ccfc6d4b" outcome="Passed" testListId="8c84fa94-04c1-424b-9868-57a2d4851a1d" relativeResultsDirectory="48f3b75c-0c3a-4ebe-b343-c86e19c26874" />
    <UnitTestResult executionId="68ce4b4c-73a7-4e36-921e-6528e18a14ba" testId="195d08de-21b8-2f1f-44bd-a0559b76cc4e" testName="NavigatingTo_PreSelection_FromWizardDataTest" computerName="DKSR-EFI-06" duration="00:00:00.0007247" startTime="2024-01-09T15:42:13.3570775+01:00" endTime="2024-01-09T15:42:13.3570775+01:00" testType="13cdc9d9-ddb5-4fa4-a97d-d965ccfc6d4b" outcome="Passed" testListId="8c84fa94-04c1-424b-9868-57a2d4851a1d" relativeResultsDirectory="68ce4b4c-73a7-4e36-921e-6528e18a14ba" />
    <UnitTestResult executionId="eee5267b-d1f2-4f25-acbc-d5fb9cc8c839" testId="f6504688-43e6-cf2a-0286-0f6252ca8e4d" testName="UpdateSelection_SelectSamePhysicalHardwareTest" computerName="DKSR-EFI-06" duration="00:00:00.0019152" startTime="2024-01-09T15:42:16.3258331+01:00" endTime="2024-01-09T15:42:16.3258331+01:00" testType="13cdc9d9-ddb5-4fa4-a97d-d965ccfc6d4b" outcome="Passed" testListId="8c84fa94-04c1-424b-9868-57a2d4851a1d" relativeResultsDirectory="eee5267b-d1f2-4f25-acbc-d5fb9cc8c839" />
    <UnitTestResult executionId="2c4b1800-585d-45a2-9ffa-1338e405b868" testId="bfaf4ea9-080e-fec9-c4b8-9d1dcf4d86f9" testName="Convert_ToBool_UsageOnly_AvailableNegativeTest" computerName="DKSR-EFI-06" duration="00:00:00.0002239" startTime="2024-01-09T15:42:14.1070793+01:00" endTime="2024-01-09T15:42:14.1070793+01:00" testType="13cdc9d9-ddb5-4fa4-a97d-d965ccfc6d4b" outcome="Passed" testListId="8c84fa94-04c1-424b-9868-57a2d4851a1d" relativeResultsDirectory="2c4b1800-585d-45a2-9ffa-1338e405b868" />
    <UnitTestResult executionId="05c8f1e8-9b1f-4a46-870e-53a5d926fc16" testId="22ee8c16-d1ae-446c-d431-5adc7e30e57d" testName="Convert_ToValue_AvailableOnly_UsageNegativeTest" computerName="DKSR-EFI-06" duration="00:00:00.0002658" startTime="2024-01-09T15:42:14.0914533+01:00" endTime="2024-01-09T15:42:14.0914533+01:00" testType="13cdc9d9-ddb5-4fa4-a97d-d965ccfc6d4b" outcome="Passed" testListId="8c84fa94-04c1-424b-9868-57a2d4851a1d" relativeResultsDirectory="05c8f1e8-9b1f-4a46-870e-53a5d926fc16" />
    <UnitTestResult executionId="814443dd-867a-4eca-a88f-a40b2e8d2b6a" testId="47fd3bc8-2625-f95e-8fb0-c1a579923ea3" testName="Validate_WithPasswordManualEntry_RequiresDigits_Succeeds" computerName="DKSR-EFI-06" duration="00:00:00.0004689" startTime="2024-01-09T15:42:16.1383355+01:00" endTime="2024-01-09T15:42:16.1383355+01:00" testType="13cdc9d9-ddb5-4fa4-a97d-d965ccfc6d4b" outcome="Passed" testListId="8c84fa94-04c1-424b-9868-57a2d4851a1d" relativeResultsDirectory="814443dd-867a-4eca-a88f-a40b2e8d2b6a" />
    <UnitTestResult executionId="596779f0-da51-4729-9e10-1a5cfadc977b" testId="f190f748-5346-8eb6-4db4-3d0611f2cb89" testName="SortEquality_MoreThanTwoValues" computerName="DKSR-EFI-06" duration="00:00:00.0010820" startTime="2024-01-09T15:42:15.0289546+01:00" endTime="2024-01-09T15:42:15.0289546+01:00" testType="13cdc9d9-ddb5-4fa4-a97d-d965ccfc6d4b" outcome="Passed" testListId="8c84fa94-04c1-424b-9868-57a2d4851a1d" relativeResultsDirectory="596779f0-da51-4729-9e10-1a5cfadc977b" />
    <UnitTestResult executionId="c57d77bf-ad6e-4d18-bb45-879fafc1cadb" testId="251e08ee-7f66-06e3-f239-a006a4056810" testName="ThresholdBottomLevelHeightMultiValueConverter_DownUpIsFalse_Success" computerName="DKSR-EFI-06" duration="00:00:00.0004046" startTime="2024-01-09T15:42:18.4977097+01:00" endTime="2024-01-09T15:42:18.4977097+01:00" testType="13cdc9d9-ddb5-4fa4-a97d-d965ccfc6d4b" outcome="Passed" testListId="8c84fa94-04c1-424b-9868-57a2d4851a1d" relativeResultsDirectory="c57d77bf-ad6e-4d18-bb45-879fafc1cadb" />
    <UnitTestResult executionId="c58295f5-bc7e-4cf0-a9de-fb748255d789" testId="6cda90f3-27d8-af6a-1221-cd7d6ce906cd" testName="SortBaseCommon_Equality_Object_NullTest" computerName="DKSR-EFI-06" duration="00:00:00.0002542" startTime="2024-01-09T15:42:20.1695848+01:00" endTime="2024-01-09T15:42:20.1852103+01:00" testType="13cdc9d9-ddb5-4fa4-a97d-d965ccfc6d4b" outcome="Passed" testListId="8c84fa94-04c1-424b-9868-57a2d4851a1d" relativeResultsDirectory="c58295f5-bc7e-4cf0-a9de-fb748255d789" />
    <UnitTestResult executionId="bddcc31b-943e-45e9-a578-08d8d34724c4" testId="0613022e-3267-9d07-db4b-b388716298e9" testName="UpdateSelection_DeselectSamePhysicalHardwareTest" computerName="DKSR-EFI-06" duration="00:00:00.0007087" startTime="2024-01-09T15:42:16.3414575+01:00" endTime="2024-01-09T15:42:16.3414575+01:00" testType="13cdc9d9-ddb5-4fa4-a97d-d965ccfc6d4b" outcome="Passed" testListId="8c84fa94-04c1-424b-9868-57a2d4851a1d" relativeResultsDirectory="bddcc31b-943e-45e9-a578-08d8d34724c4" />
    <UnitTestResult executionId="fe0c03bf-b9df-4567-81ef-ce67c4137054" testId="203c2e4e-3984-7e80-a094-12f3b34ad639" testName="Constructor_NullDataTest" computerName="DKSR-EFI-06" duration="00:00:00.0049526" startTime="2024-01-09T15:42:16.1852100+01:00" endTime="2024-01-09T15:42:16.2008343+01:00" testType="13cdc9d9-ddb5-4fa4-a97d-d965ccfc6d4b" outcome="Passed" testListId="8c84fa94-04c1-424b-9868-57a2d4851a1d" relativeResultsDirectory="fe0c03bf-b9df-4567-81ef-ce67c4137054" />
    <UnitTestResult executionId="efb5a736-e397-47a0-9508-a513f4069469" testId="56b9189d-b561-f0d0-7bf8-be84db66e56f" testName="NavigatingTo_ExceptionHandling_MoveHardwareException_PreselectedThrowsTest" computerName="DKSR-EFI-06" duration="00:00:00.0008676" startTime="2024-01-09T15:42:13.4508285+01:00" endTime="2024-01-09T15:42:13.4508285+01:00" testType="13cdc9d9-ddb5-4fa4-a97d-d965ccfc6d4b" outcome="Passed" testListId="8c84fa94-04c1-424b-9868-57a2d4851a1d" relativeResultsDirectory="efb5a736-e397-47a0-9508-a513f4069469" />
    <UnitTestResult executionId="cb10fe44-a594-48e1-8277-4438d400a01c" testId="690203e3-c663-745b-2a62-02992783daa5" testName="UnselectHardware_SingleValidItem" computerName="DKSR-EFI-06" duration="00:00:00.0027310" startTime="2024-01-09T15:42:16.1852100+01:00" endTime="2024-01-09T15:42:16.1852100+01:00" testType="13cdc9d9-ddb5-4fa4-a97d-d965ccfc6d4b" outcome="Passed" testListId="8c84fa94-04c1-424b-9868-57a2d4851a1d" relativeResultsDirectory="cb10fe44-a594-48e1-8277-4438d400a01c" />
    <UnitTestResult executionId="10ba3903-f3b7-4e87-8719-c4d1bdf2b047" testId="4576efdf-b9af-4bc6-d7c1-90ead365e115" testName="Convert_MultipleWarnings" computerName="DKSR-EFI-06" duration="00:00:00.0004455" startTime="2024-01-09T15:42:16.6070822+01:00" endTime="2024-01-09T15:42:16.6070822+01:00" testType="13cdc9d9-ddb5-4fa4-a97d-d965ccfc6d4b" outcome="Passed" testListId="8c84fa94-04c1-424b-9868-57a2d4851a1d" relativeResultsDirectory="10ba3903-f3b7-4e87-8719-c4d1bdf2b047" />
    <UnitTestResult executionId="ac31ee82-4af0-4d68-a1c9-8395c7d8b295" testId="e2c0daaa-50f6-4e6f-89d5-5eda5d8040a2" testName="CurrentStatus_Update_ClearSelectionTest" computerName="DKSR-EFI-06" duration="00:00:00.0002281" startTime="2024-01-09T15:42:13.5602013+01:00" endTime="2024-01-09T15:42:13.5602013+01:00" testType="13cdc9d9-ddb5-4fa4-a97d-d965ccfc6d4b" outcome="Passed" testListId="8c84fa94-04c1-424b-9868-57a2d4851a1d" relativeResultsDirectory="ac31ee82-4af0-4d68-a1c9-8395c7d8b295" />
    <UnitTestResult executionId="3174ea70-778f-40f8-a2a2-7b38c9272b05" testId="8af5a4ee-949f-cc1e-1ec9-dd44ada4b249" testName="Constructor_NullDataTest" computerName="DKSR-EFI-06" duration="00:00:00.0753389" startTime="2024-01-09T15:42:15.0445812+01:00" endTime="2024-01-09T15:42:15.1227048+01:00" testType="13cdc9d9-ddb5-4fa4-a97d-d965ccfc6d4b" outcome="Passed" testListId="8c84fa94-04c1-424b-9868-57a2d4851a1d" relativeResultsDirectory="3174ea70-778f-40f8-a2a2-7b38c9272b05" />
    <UnitTestResult executionId="bfdce3f1-c2ad-4fb6-80b9-b81db415e9b7" testId="a723e631-72ff-3d82-8d14-4f80e9538842" testName="PreviousCommand_CommandInvalidated_PageStatusChanged_BusyToInvalidTest" computerName="DKSR-EFI-06" duration="00:00:00.0130680" startTime="2024-01-09T15:42:14.8258294+01:00" endTime="2024-01-09T15:42:14.8414597+01:00" testType="13cdc9d9-ddb5-4fa4-a97d-d965ccfc6d4b" outcome="Passed" testListId="8c84fa94-04c1-424b-9868-57a2d4851a1d" relativeResultsDirectory="bfdce3f1-c2ad-4fb6-80b9-b81db415e9b7">
      <Output>
        <StdOut>Debug Trace:&#xD;
Wizard : Locked navigation on thread : 15&#xD;
Wizard : Navigating to page 0 on thread 15&#xD;
Wizard : Completed navigation to page 0 on thread 13&#xD;
Wizard : Locked navigation on thread : 15&#xD;
Wizard : Navigating to page 1 on thread 15&#xD;
Wizard : Released lock navigation on thread : 13&#xD;
Wizard : Completed navigation to page 1 on thread 13&#xD;
Wizard : Released lock navigation on thread : 13</StdOut>
      </Output>
    </UnitTestResult>
    <UnitTestResult executionId="0c6444b2-e830-4fa7-b8a0-a47941b2bc30" testId="75fe98fc-516d-22c1-693a-fc7afe43a666" testName="Constructor_DataNotChangedDuringConstructionTest" computerName="DKSR-EFI-06" duration="00:00:00.0003032" startTime="2024-01-09T15:42:16.2008343+01:00" endTime="2024-01-09T15:42:16.2008343+01:00" testType="13cdc9d9-ddb5-4fa4-a97d-d965ccfc6d4b" outcome="Passed" testListId="8c84fa94-04c1-424b-9868-57a2d4851a1d" relativeResultsDirectory="0c6444b2-e830-4fa7-b8a0-a47941b2bc30" />
    <UnitTestResult executionId="a1921a3b-22df-436d-9573-fa4ad551b299" testId="9d226558-c15b-d568-c761-43c132fe5f62" testName="Convert_UsageOnly_AvailableNullTest" computerName="DKSR-EFI-06" duration="00:00:00.0004520" startTime="2024-01-09T15:42:14.0133271+01:00" endTime="2024-01-09T15:42:14.0133271+01:00" testType="13cdc9d9-ddb5-4fa4-a97d-d965ccfc6d4b" outcome="Passed" testListId="8c84fa94-04c1-424b-9868-57a2d4851a1d" relativeResultsDirectory="a1921a3b-22df-436d-9573-fa4ad551b299" />
    <UnitTestResult executionId="32d487b2-63ec-499b-9d74-a4452cb2bd09" testId="e0ad2509-25cb-416e-8e60-47f33c8a4a4d" testName="State_Loading_PreviousCommand_DestinationPageNavigatingToTest" computerName="DKSR-EFI-06" duration="00:00:00.0089442" startTime="2024-01-09T15:42:14.9352047+01:00" endTime="2024-01-09T15:42:14.9352047+01:00" testType="13cdc9d9-ddb5-4fa4-a97d-d965ccfc6d4b" outcome="Passed" testListId="8c84fa94-04c1-424b-9868-57a2d4851a1d" relativeResultsDirectory="32d487b2-63ec-499b-9d74-a4452cb2bd09">
      <Output>
        <StdOut>Debug Trace:&#xD;
Wizard : Locked navigation on thread : 15&#xD;
Wizard : Navigating to page 0 on thread 15&#xD;
Wizard : Completed navigation to page 0 on thread 13&#xD;
Wizard : Released lock navigation on thread : 13&#xD;
Wizard : Locked navigation on thread : 15&#xD;
Wizard : Navigating to page 1 on thread 15&#xD;
Wizard : Completed navigation to page 1 on thread 19&#xD;
Wizard : Released lock navigation on thread : 19&#xD;
Wizard : Locked navigation on thread : 19&#xD;
Wizard : Navigating to page 0 on thread 19&#xD;
CALL SYNCHRONIZER [9]: Run() called on thread 19&#xD;
CALL SYNCHRONIZER [9]: Waiting for event on thread 19</StdOut>
      </Output>
    </UnitTestResult>
    <UnitTestResult executionId="6b4d2def-e171-482e-9012-6330f3de0d97" testId="b405b65b-1d65-65c9-b44d-ebe6c78be498" testName="ThresholdLevelHeightMultiValueConverter_Threshold2LargerThanThreshold1_Success" computerName="DKSR-EFI-06" duration="00:00:00.0004065" startTime="2024-01-09T15:42:18.4977097+01:00" endTime="2024-01-09T15:42:18.4977097+01:00" testType="13cdc9d9-ddb5-4fa4-a97d-d965ccfc6d4b" outcome="Passed" testListId="8c84fa94-04c1-424b-9868-57a2d4851a1d" relativeResultsDirectory="6b4d2def-e171-482e-9012-6330f3de0d97" />
    <UnitTestResult executionId="07106416-7ee9-4173-abdb-9511b0fb88ae" testId="0bb41f33-dc84-1adf-de5a-a56416fa1c57" testName="NullObjectConvertsToVisible" computerName="DKSR-EFI-06" duration="00:00:00.0002696" startTime="2024-01-09T15:42:23.6852115+01:00" endTime="2024-01-09T15:42:23.6852115+01:00" testType="13cdc9d9-ddb5-4fa4-a97d-d965ccfc6d4b" outcome="Passed" testListId="8c84fa94-04c1-424b-9868-57a2d4851a1d" relativeResultsDirectory="07106416-7ee9-4173-abdb-9511b0fb88ae" />
    <UnitTestResult executionId="e2e529a8-a9b5-4939-b7d7-4b9ec0aff332" testId="c664c30c-04ae-c818-4204-fa5b0fcd7551" testName="UpdateSelection_Garbage_InvalidTypeTest" computerName="DKSR-EFI-06" duration="00:00:00.0012117" startTime="2024-01-09T15:42:16.3258331+01:00" endTime="2024-01-09T15:42:16.3258331+01:00" testType="13cdc9d9-ddb5-4fa4-a97d-d965ccfc6d4b" outcome="Passed" testListId="8c84fa94-04c1-424b-9868-57a2d4851a1d" relativeResultsDirectory="e2e529a8-a9b5-4939-b7d7-4b9ec0aff332" />
    <UnitTestResult executionId="cac3af23-5a12-4f7a-8dc9-49a6d7f0370c" testId="ddc799a4-a3b8-dc7a-53c1-7d8f32c294c9" testName="Constructor_NullPropertyTest" computerName="DKSR-EFI-06" duration="00:00:00.0006320" startTime="2024-01-09T15:42:20.1383353+01:00" endTime="2024-01-09T15:42:20.1383353+01:00" testType="13cdc9d9-ddb5-4fa4-a97d-d965ccfc6d4b" outcome="Passed" testListId="8c84fa94-04c1-424b-9868-57a2d4851a1d" relativeResultsDirectory="cac3af23-5a12-4f7a-8dc9-49a6d7f0370c" />
    <UnitTestResult executionId="ddd77ee6-c7b6-471c-9d08-197ffde1e4fc" testId="95c5760a-8769-a2e6-13bb-bc49697e4003" testName="NextCommand_NavigatingTo_Cancelled" computerName="DKSR-EFI-06" duration="00:00:00.0026829" startTime="2024-01-09T15:42:14.8570809+01:00" endTime="2024-01-09T15:42:14.8727040+01:00" testType="13cdc9d9-ddb5-4fa4-a97d-d965ccfc6d4b" outcome="Passed" testListId="8c84fa94-04c1-424b-9868-57a2d4851a1d" relativeResultsDirectory="ddd77ee6-c7b6-471c-9d08-197ffde1e4fc">
      <Output>
        <StdOut>Debug Trace:&#xD;
Wizard : Locked navigation on thread : 15&#xD;
Wizard : Navigating to page 0 on thread 15&#xD;
Wizard : Completed navigation to page 0 on thread 13&#xD;
Wizard : Locked navigation on thread : 15&#xD;
Wizard : Navigating to page 1 on thread 15&#xD;
Wizard : Released lock navigation on thread : 13&#xD;
Wizard : Completed navigation to page 1 on thread 13&#xD;
Wizard : Released lock navigation on thread : 13</StdOut>
      </Output>
    </UnitTestResult>
    <UnitTestResult executionId="2e31d5b6-8215-4bd8-b2ea-23aaebb8f8c8" testId="8e71200d-df01-dada-6f36-750785024a6f" testName="HandledVmoAccessTests_PermissionCheckerHasPermissionReturnsFalseIfPermissionNotGiven" computerName="DKSR-EFI-06" duration="00:00:00.0017062" startTime="2024-01-09T15:42:17.4664596+01:00" endTime="2024-01-09T15:42:17.4664596+01:00" testType="13cdc9d9-ddb5-4fa4-a97d-d965ccfc6d4b" outcome="Passed" testListId="8c84fa94-04c1-424b-9868-57a2d4851a1d" relativeResultsDirectory="2e31d5b6-8215-4bd8-b2ea-23aaebb8f8c8" />
    <UnitTestResult executionId="441d2453-4c92-451a-80f4-b9b3011dad0a" testId="05006594-990d-68ac-9c2d-401d5805c4f6" testName="Convert_NoWarnings" computerName="DKSR-EFI-06" duration="00:00:00.0017048" startTime="2024-01-09T15:42:16.5914593+01:00" endTime="2024-01-09T15:42:16.5914593+01:00" testType="13cdc9d9-ddb5-4fa4-a97d-d965ccfc6d4b" outcome="Passed" testListId="8c84fa94-04c1-424b-9868-57a2d4851a1d" relativeResultsDirectory="441d2453-4c92-451a-80f4-b9b3011dad0a" />
    <UnitTestResult executionId="88fd556b-44c7-4a54-9138-a36eef8b0fa0" testId="79eddf8e-75bc-75b0-e34a-561dd48cad4f" testName="Initialize_FetchesWizardPagesTest" computerName="DKSR-EFI-06" duration="00:00:00.0006070" startTime="2024-01-09T15:42:14.2789524+01:00" endTime="2024-01-09T15:42:14.2789524+01:00" testType="13cdc9d9-ddb5-4fa4-a97d-d965ccfc6d4b" outcome="Passed" testListId="8c84fa94-04c1-424b-9868-57a2d4851a1d" relativeResultsDirectory="88fd556b-44c7-4a54-9138-a36eef8b0fa0">
      <Output>
        <StdOut>Debug Trace:&#xD;
Wizard : Locked navigation on thread : 15&#xD;
Wizard : Navigating to page 0 on thread 15</StdOut>
      </Output>
    </UnitTestResult>
    <UnitTestResult executionId="3e7f21c4-50ed-46d2-ae39-0f431414381f" testId="378a45ad-1ba0-3b2c-824b-41b1cb63ba82" testName="Convert_Null_TragetType_Throws_ArgumentNullException" computerName="DKSR-EFI-06" duration="00:00:00.0030528" startTime="2024-01-09T15:42:14.1852045+01:00" endTime="2024-01-09T15:42:14.1852045+01:00" testType="13cdc9d9-ddb5-4fa4-a97d-d965ccfc6d4b" outcome="Passed" testListId="8c84fa94-04c1-424b-9868-57a2d4851a1d" relativeResultsDirectory="3e7f21c4-50ed-46d2-ae39-0f431414381f">
      <Output>
        <StdOut>Debug Trace:&#xD;
Fail: Argument null</StdOut>
      </Output>
    </UnitTestResult>
    <UnitTestResult executionId="ce9b61d6-342c-4a6c-b27d-2ad264762b9e" testId="015c009d-a1ab-5548-9cab-ca192818ed74" testName="NextCommand_CommandInvalidated_PageStatusChanged_ValidToInvalidTest" computerName="DKSR-EFI-06" duration="00:00:00.0012512" startTime="2024-01-09T15:42:14.7477068+01:00" endTime="2024-01-09T15:42:14.7477068+01:00" testType="13cdc9d9-ddb5-4fa4-a97d-d965ccfc6d4b" outcome="Passed" testListId="8c84fa94-04c1-424b-9868-57a2d4851a1d" relativeResultsDirectory="ce9b61d6-342c-4a6c-b27d-2ad264762b9e">
      <Output>
        <StdOut>Debug Trace:&#xD;
Wizard : Locked navigation on thread : 15&#xD;
Wizard : Navigating to page 0 on thread 15&#xD;
Wizard : Completed navigation to page 0 on thread 13&#xD;
Wizard : Released lock navigation on thread : 13&#xD;
Wizard : Locked navigation on thread : 15&#xD;
Wizard : Navigating to page 1 on thread 15&#xD;
Wizard : Completed navigation to page 1 on thread 19&#xD;
Wizard : Released lock navigation on thread : 19</StdOut>
      </Output>
    </UnitTestResult>
    <UnitTestResult executionId="bc0e298f-1d69-4ec3-a627-9e315701fe31" testId="7fd22bb6-65ff-2447-ac2a-92aa6940db46" testName="NavigatingTo_NoChecksFail_HardwareSelected_NavigationCancelled" computerName="DKSR-EFI-06" duration="00:00:00.0014289" startTime="2024-01-09T15:42:16.4352076+01:00" endTime="2024-01-09T15:42:16.4508330+01:00" testType="13cdc9d9-ddb5-4fa4-a97d-d965ccfc6d4b" outcome="Passed" testListId="8c84fa94-04c1-424b-9868-57a2d4851a1d" relativeResultsDirectory="bc0e298f-1d69-4ec3-a627-9e315701fe31" />
    <UnitTestResult executionId="74c7e528-dd2c-4900-a8bb-50b860bf4f5f" testId="bfce2dbf-17b5-a18a-d2d7-32e87da69023" testName="NavigatingTo_CheckPreselectedRecorderHasHardware_False_NavigationNotCancelled" computerName="DKSR-EFI-06" duration="00:00:00.0005483" startTime="2024-01-09T15:42:14.2633283+01:00" endTime="2024-01-09T15:42:14.2633283+01:00" testType="13cdc9d9-ddb5-4fa4-a97d-d965ccfc6d4b" outcome="Passed" testListId="8c84fa94-04c1-424b-9868-57a2d4851a1d" relativeResultsDirectory="74c7e528-dd2c-4900-a8bb-50b860bf4f5f" />
    <UnitTestResult executionId="e5663354-b02e-4c7a-a94f-8291dffd6048" testId="0b8b88f6-d1f8-6253-01e4-480ed5124386" testName="AllHardwareSelected_Update_SomeSelectedTest" computerName="DKSR-EFI-06" duration="00:00:00.0007325" startTime="2024-01-09T15:42:13.5289555+01:00" endTime="2024-01-09T15:42:13.5289555+01:00" testType="13cdc9d9-ddb5-4fa4-a97d-d965ccfc6d4b" outcome="Passed" testListId="8c84fa94-04c1-424b-9868-57a2d4851a1d" relativeResultsDirectory="e5663354-b02e-4c7a-a94f-8291dffd6048" />
    <UnitTestResult executionId="6724da9e-baeb-44dc-9aba-cb75de3aaecc" testId="c14dace7-f1b0-dd2c-d0e2-730d63d4d0e2" testName="Validate_WithPasswordManualEntry_RequiresLowercase_Fails" computerName="DKSR-EFI-06" duration="00:00:00.0007980" startTime="2024-01-09T15:42:16.1383355+01:00" endTime="2024-01-09T15:42:16.1383355+01:00" testType="13cdc9d9-ddb5-4fa4-a97d-d965ccfc6d4b" outcome="Passed" testListId="8c84fa94-04c1-424b-9868-57a2d4851a1d" relativeResultsDirectory="6724da9e-baeb-44dc-9aba-cb75de3aaecc" />
    <UnitTestResult executionId="626c787d-6bc2-444d-9383-9357527a46e3" testId="49b32f88-2b77-47a7-b253-febc5c13a157" testName="State_Loading_PreviousCommand_DestinationPageNavigatedToTest" computerName="DKSR-EFI-06" duration="00:00:00.0021412" startTime="2024-01-09T15:42:14.9352047+01:00" endTime="2024-01-09T15:42:14.9508299+01:00" testType="13cdc9d9-ddb5-4fa4-a97d-d965ccfc6d4b" outcome="Passed" testListId="8c84fa94-04c1-424b-9868-57a2d4851a1d" relativeResultsDirectory="626c787d-6bc2-444d-9383-9357527a46e3">
      <Output>
        <StdOut>Debug Trace:&#xD;
Wizard : Locked navigation on thread : 15&#xD;
Wizard : Navigating to page 0 on thread 15&#xD;
Wizard : Completed navigation to page 0 on thread 19&#xD;
Wizard : Released lock navigation on thread : 19&#xD;
Wizard : Locked navigation on thread : 15&#xD;
Wizard : Navigating to page 1 on thread 15&#xD;
Wizard : Completed navigation to page 1 on thread 19&#xD;
Wizard : Released lock navigation on thread : 19&#xD;
Wizard : Locked navigation on thread : 19&#xD;
Wizard : Navigating to page 0 on thread 19&#xD;
CALL SYNCHRONIZER [10]: Run() called on thread 19&#xD;
CALL SYNCHRONIZER [10]: Waiting for event on thread 19</StdOut>
      </Output>
    </UnitTestResult>
    <UnitTestResult executionId="c1984ec4-5f16-4e19-b856-772ae1ced000" testId="153b871b-5165-582e-f348-a688fbf71627" testName="SortBaseCommon_IsEquivalentOf_SortDescriptionCollection_DifferentListTest" computerName="DKSR-EFI-06" duration="00:00:00.0000099" startTime="2024-01-09T15:42:20.2008345+01:00" endTime="2024-01-09T15:42:20.2008345+01:00" testType="13cdc9d9-ddb5-4fa4-a97d-d965ccfc6d4b" outcome="Passed" testListId="8c84fa94-04c1-424b-9868-57a2d4851a1d" relativeResultsDirectory="c1984ec4-5f16-4e19-b856-772ae1ced000" />
    <UnitTestResult executionId="8978f098-0c4d-4998-98cc-167fb336f20d" testId="2b3988ec-d1c3-0c6c-6cab-8a84419e555c" testName="Convert_Null_Input_Throws_ArgumentNullException" computerName="DKSR-EFI-06" duration="00:00:00.0032689" startTime="2024-01-09T15:42:20.2320858+01:00" endTime="2024-01-09T15:42:20.2320858+01:00" testType="13cdc9d9-ddb5-4fa4-a97d-d965ccfc6d4b" outcome="Passed" testListId="8c84fa94-04c1-424b-9868-57a2d4851a1d" relativeResultsDirectory="8978f098-0c4d-4998-98cc-167fb336f20d">
      <Output>
        <StdOut>Debug Trace:&#xD;
Fail: Argument null</StdOut>
      </Output>
    </UnitTestResult>
    <UnitTestResult executionId="50a25aac-ac8c-44fe-b8b0-435b59994ad4" testId="789ec8f1-177c-e8a9-3dff-f68ee10f1a03" testName="SortBaseCommon_Reverse_ReverseOfReverseTest" computerName="DKSR-EFI-06" duration="00:00:00.0000150" startTime="2024-01-09T15:42:20.1695848+01:00" endTime="2024-01-09T15:42:20.1695848+01:00" testType="13cdc9d9-ddb5-4fa4-a97d-d965ccfc6d4b" outcome="Passed" testListId="8c84fa94-04c1-424b-9868-57a2d4851a1d" relativeResultsDirectory="50a25aac-ac8c-44fe-b8b0-435b59994ad4" />
    <UnitTestResult executionId="2ad7cd57-d1da-4748-a32c-89c10508ffc9" testId="d1faca8b-15a7-3f79-f193-046b09e11eea" testName="AllHardwareSelected_Event_NoEventIfValueDoesNotChangeTest" computerName="DKSR-EFI-06" duration="00:00:00.0006794" startTime="2024-01-09T15:42:16.4039588+01:00" endTime="2024-01-09T15:42:16.4196270+01:00" testType="13cdc9d9-ddb5-4fa4-a97d-d965ccfc6d4b" outcome="Passed" testListId="8c84fa94-04c1-424b-9868-57a2d4851a1d" relativeResultsDirectory="2ad7cd57-d1da-4748-a32c-89c10508ffc9" />
    <UnitTestResult executionId="ef7e0879-5a06-44e4-8212-58a3e2ee8d99" testId="edadfd8c-bda9-d8ff-54a7-3ab66cb0305b" testName="NavigatingAway_ModificationsCarryOver" computerName="DKSR-EFI-06" duration="00:00:00.0506803" startTime="2024-01-09T15:42:12.6852005+01:00" endTime="2024-01-09T15:42:12.7320767+01:00" testType="13cdc9d9-ddb5-4fa4-a97d-d965ccfc6d4b" outcome="Passed" testListId="8c84fa94-04c1-424b-9868-57a2d4851a1d" relativeResultsDirectory="ef7e0879-5a06-44e4-8212-58a3e2ee8d99" />
    <UnitTestResult executionId="024c9400-0166-41a0-9ac5-8f91b9c0244b" testId="eabb2189-2fee-f6a8-9b5c-81edc95ef937" testName="SortBaseCommon_Reverse_NotNull" computerName="DKSR-EFI-06" duration="00:00:00.0000103" startTime="2024-01-09T15:42:20.1695848+01:00" endTime="2024-01-09T15:42:20.1695848+01:00" testType="13cdc9d9-ddb5-4fa4-a97d-d965ccfc6d4b" outcome="Passed" testListId="8c84fa94-04c1-424b-9868-57a2d4851a1d" relativeResultsDirectory="024c9400-0166-41a0-9ac5-8f91b9c0244b" />
    <UnitTestResult executionId="e1961903-dc34-4d37-bcd5-eee3a629eb6b" testId="d331a97b-370e-2ae0-f100-6ee4eb85fdef" testName="SameStatusesAreVisibleTest" computerName="DKSR-EFI-06" duration="00:00:00.0015728" startTime="2024-01-09T15:42:23.7164634+01:00" endTime="2024-01-09T15:42:23.7320895+01:00" testType="13cdc9d9-ddb5-4fa4-a97d-d965ccfc6d4b" outcome="Passed" testListId="8c84fa94-04c1-424b-9868-57a2d4851a1d" relativeResultsDirectory="e1961903-dc34-4d37-bcd5-eee3a629eb6b" />
    <UnitTestResult executionId="bb834bee-3218-493b-ad87-baa4af28e6c8" testId="23c6e993-c853-ce44-8e4a-a89e65fcb3d7" testName="Validate_WithPasswordManualEntry_RequiresSymbols_Fails" computerName="DKSR-EFI-06" duration="00:00:00.0013083" startTime="2024-01-09T15:42:16.1227076+01:00" endTime="2024-01-09T15:42:16.1227076+01:00" testType="13cdc9d9-ddb5-4fa4-a97d-d965ccfc6d4b" outcome="Passed" testListId="8c84fa94-04c1-424b-9868-57a2d4851a1d" relativeResultsDirectory="bb834bee-3218-493b-ad87-baa4af28e6c8" />
    <UnitTestResult executionId="5362ee5f-9a77-4b20-96ff-275c49db9aa8" testId="654f6a20-5503-1b61-9bad-eb401ba7a60d" testName="AllHardwareSelected_Update_NoneSelectedTest" computerName="DKSR-EFI-06" duration="00:00:00.0005492" startTime="2024-01-09T15:42:16.4039588+01:00" endTime="2024-01-09T15:42:16.4039588+01:00" testType="13cdc9d9-ddb5-4fa4-a97d-d965ccfc6d4b" outcome="Passed" testListId="8c84fa94-04c1-424b-9868-57a2d4851a1d" relativeResultsDirectory="5362ee5f-9a77-4b20-96ff-275c49db9aa8" />
    <UnitTestResult executionId="ecfdbc1d-345d-4a5b-814d-82c33b41f11e" testId="df2bad3a-56ae-838b-0da5-cb49bb8547a9" testName="NullObjectConvertsToFalse" computerName="DKSR-EFI-06" duration="00:00:00.0002512" startTime="2024-01-09T15:42:23.7008412+01:00" endTime="2024-01-09T15:42:23.7008412+01:00" testType="13cdc9d9-ddb5-4fa4-a97d-d965ccfc6d4b" outcome="Passed" testListId="8c84fa94-04c1-424b-9868-57a2d4851a1d" relativeResultsDirectory="ecfdbc1d-345d-4a5b-814d-82c33b41f11e" />
    <UnitTestResult executionId="a59363aa-2442-409c-96ef-a1d165eef55b" testId="d517a086-c0f5-24fc-bf36-9f287fa8b95a" testName="Convert_Parameters_TargetType_NullTest" computerName="DKSR-EFI-06" duration="00:00:00.0006453" startTime="2024-01-09T15:42:13.9664537+01:00" endTime="2024-01-09T15:42:13.9664537+01:00" testType="13cdc9d9-ddb5-4fa4-a97d-d965ccfc6d4b" outcome="Passed" testListId="8c84fa94-04c1-424b-9868-57a2d4851a1d" relativeResultsDirectory="a59363aa-2442-409c-96ef-a1d165eef55b" />
    <UnitTestResult executionId="2bdb723c-a1c3-4129-baf7-8a6e0b476279" testId="5fa359fc-d32d-4a18-f2ac-b5a2945a5f66" testName="UpdateSelection_Garbage_InvalidTypeTest" computerName="DKSR-EFI-06" duration="00:00:00.0023061" startTime="2024-01-09T15:42:13.4820771+01:00" endTime="2024-01-09T15:42:13.4820771+01:00" testType="13cdc9d9-ddb5-4fa4-a97d-d965ccfc6d4b" outcome="Passed" testListId="8c84fa94-04c1-424b-9868-57a2d4851a1d" relativeResultsDirectory="2bdb723c-a1c3-4129-baf7-8a6e0b476279" />
    <UnitTestResult executionId="8cd2d715-9e58-4e9b-b7b8-fef804f80132" testId="9f08c521-39d1-10f8-5691-593451357ea4" testName="Close_PageStateChangedOnAnotherThread_CommandInvalidatedTest" computerName="DKSR-EFI-06" duration="00:00:00.0078786" startTime="2024-01-09T15:42:14.9977054+01:00" endTime="2024-01-09T15:42:14.9977054+01:00" testType="13cdc9d9-ddb5-4fa4-a97d-d965ccfc6d4b" outcome="Passed" testListId="8c84fa94-04c1-424b-9868-57a2d4851a1d" relativeResultsDirectory="8cd2d715-9e58-4e9b-b7b8-fef804f80132">
      <Output>
        <StdOut>Debug Trace:&#xD;
Wizard : Locked navigation on thread : 15&#xD;
Wizard : Navigating to page 0 on thread 15&#xD;
Wizard : Completed navigation to page 0 on thread 13&#xD;
Wizard : Released lock navigation on thread : 13&#xD;
Wizard : Locked navigation on thread : 15&#xD;
Wizard : Navigating to page 1 on thread 15&#xD;
Wizard : Completed navigation to page 1 on thread 17&#xD;
Wizard : Released lock navigation on thread : 17</StdOut>
      </Output>
    </UnitTestResult>
    <UnitTestResult executionId="e3ef7c4c-8eb3-4a82-94d7-619ce1cd4fab" testId="bbab526a-2997-fda8-ef27-7976db3b3548" testName="AllHardwareSelected_Event_ToAllSelectedTest" computerName="DKSR-EFI-06" duration="00:00:00.0008950" startTime="2024-01-09T15:42:16.4039588+01:00" endTime="2024-01-09T15:42:16.4039588+01:00" testType="13cdc9d9-ddb5-4fa4-a97d-d965ccfc6d4b" outcome="Passed" testListId="8c84fa94-04c1-424b-9868-57a2d4851a1d" relativeResultsDirectory="e3ef7c4c-8eb3-4a82-94d7-619ce1cd4fab" />
    <UnitTestResult executionId="7852bec5-b933-4969-9c01-2aeab3fc6c99" testId="94fe0f66-34bb-5758-3095-5179fe115116" testName="ThresholdSliderViewModel_InvalidInput3" computerName="DKSR-EFI-06" duration="00:00:00.0023758" startTime="2024-01-09T15:42:18.3727093+01:00" endTime="2024-01-09T15:42:18.3727093+01:00" testType="13cdc9d9-ddb5-4fa4-a97d-d965ccfc6d4b" outcome="Passed" testListId="8c84fa94-04c1-424b-9868-57a2d4851a1d" relativeResultsDirectory="7852bec5-b933-4969-9c01-2aeab3fc6c99" />
    <UnitTestResult executionId="fcb3e81d-4240-4cdc-b40c-eeb1b4c350f0" testId="fcba034f-b02c-78ea-1bb2-d617ead952ae" testName="NavigatingTo_NoJobsRunning_HardwareSelected_NavigationCancelled" computerName="DKSR-EFI-06" duration="00:00:00.0008504" startTime="2024-01-09T15:42:14.2008290+01:00" endTime="2024-01-09T15:42:14.2008290+01:00" testType="13cdc9d9-ddb5-4fa4-a97d-d965ccfc6d4b" outcome="Passed" testListId="8c84fa94-04c1-424b-9868-57a2d4851a1d" relativeResultsDirectory="fcb3e81d-4240-4cdc-b40c-eeb1b4c350f0" />
    <UnitTestResult executionId="59be4d37-0248-4579-8fac-46fea230fbc6" testId="8803f24b-21d1-6eb1-d2ec-b2b0cb5558b0" testName="ThresholdSliderViewModel_Success" computerName="DKSR-EFI-06" duration="00:00:00.0242606" startTime="2024-01-09T15:42:18.3414615+01:00" endTime="2024-01-09T15:42:18.3570859+01:00" testType="13cdc9d9-ddb5-4fa4-a97d-d965ccfc6d4b" outcome="Passed" testListId="8c84fa94-04c1-424b-9868-57a2d4851a1d" relativeResultsDirectory="59be4d37-0248-4579-8fac-46fea230fbc6" />
    <UnitTestResult executionId="a995c5c4-6fea-44e3-841f-a5ddbf8ace61" testId="a4e0fe96-dc99-279c-001f-66b34dc211ec" testName="SelectedRecorder_NonExistentRecorderTest" computerName="DKSR-EFI-06" duration="00:00:00.0003794" startTime="2024-01-09T15:42:13.2945813+01:00" endTime="2024-01-09T15:42:13.2945813+01:00" testType="13cdc9d9-ddb5-4fa4-a97d-d965ccfc6d4b" outcome="Passed" testListId="8c84fa94-04c1-424b-9868-57a2d4851a1d" relativeResultsDirectory="a995c5c4-6fea-44e3-841f-a5ddbf8ace61" />
    <UnitTestResult executionId="77c29368-310d-4683-b0fe-621a2f005e9f" testId="05d19196-f04d-8df2-0524-7023f4538770" testName="ScheduleNextRun_RaisesEventOnSiteWorking_AfterWaitingForTimeout_Success" computerName="DKSR-EFI-06" duration="00:00:00.6785478" startTime="2024-01-09T15:42:22.5133378+01:00" endTime="2024-01-09T15:42:23.1852126+01:00" testType="13cdc9d9-ddb5-4fa4-a97d-d965ccfc6d4b" outcome="Passed" testListId="8c84fa94-04c1-424b-9868-57a2d4851a1d" relativeResultsDirectory="77c29368-310d-4683-b0fe-621a2f005e9f" />
    <UnitTestResult executionId="03e1ab3c-4e65-4a0f-b1aa-2a4901c8ba9f" testId="b19b7300-d6a4-f3ea-792c-67e734ad2662" testName="SortBaseCommon_Equality_SortBase_DifferentObjectsTest" computerName="DKSR-EFI-06" duration="00:00:00.0001676" startTime="2024-01-09T15:42:20.0914609+01:00" endTime="2024-01-09T15:42:20.0914609+01:00" testType="13cdc9d9-ddb5-4fa4-a97d-d965ccfc6d4b" outcome="Passed" testListId="8c84fa94-04c1-424b-9868-57a2d4851a1d" relativeResultsDirectory="03e1ab3c-4e65-4a0f-b1aa-2a4901c8ba9f" />
    <UnitTestResult executionId="c233599c-a588-4a1d-b423-3c3b440779f7" testId="1f68772d-a050-7bad-a9be-4fd5da9fe348" testName="NavigatingTo_MoveHappensInBackgroundTest" computerName="DKSR-EFI-06" duration="00:00:00.1070845" startTime="2024-01-09T15:42:13.5758286+01:00" endTime="2024-01-09T15:42:13.6852018+01:00" testType="13cdc9d9-ddb5-4fa4-a97d-d965ccfc6d4b" outcome="Passed" testListId="8c84fa94-04c1-424b-9868-57a2d4851a1d" relativeResultsDirectory="c233599c-a588-4a1d-b423-3c3b440779f7">
      <Output>
        <StdOut>Debug Trace:&#xD;
CALL SYNCHRONIZER [3]: Run() called on thread 18&#xD;
CALL SYNCHRONIZER [3]: Waiting for event on thread 18</StdOut>
      </Output>
    </UnitTestResult>
    <UnitTestResult executionId="9b332800-0737-408b-9e91-d96b82933bc9" testId="330a6592-9d67-3ad1-4438-fa0fdc79e747" testName="SortBaseCommon_GetHashCode_SameInstanceTest" computerName="DKSR-EFI-06" duration="00:00:00.0006613" startTime="2024-01-09T15:42:20.0602098+01:00" endTime="2024-01-09T15:42:20.0758348+01:00" testType="13cdc9d9-ddb5-4fa4-a97d-d965ccfc6d4b" outcome="Passed" testListId="8c84fa94-04c1-424b-9868-57a2d4851a1d" relativeResultsDirectory="9b332800-0737-408b-9e91-d96b82933bc9" />
    <UnitTestResult executionId="35712225-5a7d-4ad3-ac39-74d5a7545beb" testId="43608a89-1ae8-11be-9ac5-d0c816634fb3" testName="CalcuateNewColumnWidths_Empty_Columns_Are_Unchanged" computerName="DKSR-EFI-06" duration="00:00:00.0126413" startTime="2024-01-09T15:42:18.5133353+01:00" endTime="2024-01-09T15:42:18.5290013+01:00" testType="13cdc9d9-ddb5-4fa4-a97d-d965ccfc6d4b" outcome="Passed" testListId="8c84fa94-04c1-424b-9868-57a2d4851a1d" relativeResultsDirectory="35712225-5a7d-4ad3-ac39-74d5a7545beb" />
    <UnitTestResult executionId="20c7a86d-c2ed-4118-ac5a-4e77f7390a9a" testId="cc6171bc-7a6c-df61-3f55-ebe7fbfff64f" testName="NavigatingTo_PageStatus_UnsupportedHardwareSelected" computerName="DKSR-EFI-06" duration="00:00:00.0005567" startTime="2024-01-09T15:42:16.0760618+01:00" endTime="2024-01-09T15:42:16.0760618+01:00" testType="13cdc9d9-ddb5-4fa4-a97d-d965ccfc6d4b" outcome="Passed" testListId="8c84fa94-04c1-424b-9868-57a2d4851a1d" relativeResultsDirectory="20c7a86d-c2ed-4118-ac5a-4e77f7390a9a" />
    <UnitTestResult executionId="ee031c8a-5ec9-4c6c-878c-8865570e4429" testId="2d30d128-9f15-2775-2d44-d26e75f0ffcf" testName="Convert_Error_ValuesTooShortTest" computerName="DKSR-EFI-06" duration="00:00:00.0008401" startTime="2024-01-09T15:42:13.9820780+01:00" endTime="2024-01-09T15:42:13.9977033+01:00" testType="13cdc9d9-ddb5-4fa4-a97d-d965ccfc6d4b" outcome="Passed" testListId="8c84fa94-04c1-424b-9868-57a2d4851a1d" relativeResultsDirectory="ee031c8a-5ec9-4c6c-878c-8865570e4429" />
    <UnitTestResult executionId="801d666b-b356-4ce5-802b-a05d5b4138ca" testId="d5174ae8-3c76-bda0-2741-bcf8df3e8231" testName="ColumnWidthSpec_Relative_NegativeWidth_Throws_ArgumentException" computerName="DKSR-EFI-06" duration="00:00:00.0002897" startTime="2024-01-09T15:42:18.5445852+01:00" endTime="2024-01-09T15:42:18.5445852+01:00" testType="13cdc9d9-ddb5-4fa4-a97d-d965ccfc6d4b" outcome="Passed" testListId="8c84fa94-04c1-424b-9868-57a2d4851a1d" relativeResultsDirectory="801d666b-b356-4ce5-802b-a05d5b4138ca" />
    <UnitTestResult executionId="7296bc88-748e-4d25-8f18-45fb22622c84" testId="2789ec05-be64-004c-8e43-30742f48eca7" testName="NavigatingTo_NoChecksFail_NoHardwareSelected_NavigationCancelled" computerName="DKSR-EFI-06" duration="00:00:00.0002861" startTime="2024-01-09T15:42:16.4508330+01:00" endTime="2024-01-09T15:42:16.4508330+01:00" testType="13cdc9d9-ddb5-4fa4-a97d-d965ccfc6d4b" outcome="Passed" testListId="8c84fa94-04c1-424b-9868-57a2d4851a1d" relativeResultsDirectory="7296bc88-748e-4d25-8f18-45fb22622c84" />
    <UnitTestResult executionId="96c4a65e-d703-41ce-95f4-32936a35313e" testId="1ea25282-4842-2678-a991-ae47cd37bd8c" testName="Convert_UsageOnly_AvailableZeroTest" computerName="DKSR-EFI-06" duration="00:00:00.0003309" startTime="2024-01-09T15:42:14.0133271+01:00" endTime="2024-01-09T15:42:14.0133271+01:00" testType="13cdc9d9-ddb5-4fa4-a97d-d965ccfc6d4b" outcome="Passed" testListId="8c84fa94-04c1-424b-9868-57a2d4851a1d" relativeResultsDirectory="96c4a65e-d703-41ce-95f4-32936a35313e" />
    <UnitTestResult executionId="fdde5e46-82c3-44f6-b1ca-70610aa2de7e" testId="e859f721-10a9-8113-54af-77af4f6b127c" testName="MismatchedStatusesAreCollapsedTest" computerName="DKSR-EFI-06" duration="00:00:00.0003392" startTime="2024-01-09T15:42:23.7320895+01:00" endTime="2024-01-09T15:42:23.7320895+01:00" testType="13cdc9d9-ddb5-4fa4-a97d-d965ccfc6d4b" outcome="Passed" testListId="8c84fa94-04c1-424b-9868-57a2d4851a1d" relativeResultsDirectory="fdde5e46-82c3-44f6-b1ca-70610aa2de7e" />
    <UnitTestResult executionId="91fba2e5-1fcf-4a0c-ba69-10293fc8b832" testId="2d398707-f3c7-b329-c56c-f225f5231c79" testName="Constructor_DataNotChangedDuringConstructionTest" computerName="DKSR-EFI-06" duration="00:00:00.0003670" startTime="2024-01-09T15:42:12.6383277+01:00" endTime="2024-01-09T15:42:12.6383277+01:00" testType="13cdc9d9-ddb5-4fa4-a97d-d965ccfc6d4b" outcome="Passed" testListId="8c84fa94-04c1-424b-9868-57a2d4851a1d" relativeResultsDirectory="91fba2e5-1fcf-4a0c-ba69-10293fc8b832" />
    <UnitTestResult executionId="d878dc43-8b7c-4154-a0ff-15c99946d92a" testId="d19a81bf-51f2-8873-1356-20422ad3ffa6" testName="SelectionChanged_GeneralTest" computerName="DKSR-EFI-06" duration="00:00:00.0013556" startTime="2024-01-09T15:42:13.4977021+01:00" endTime="2024-01-09T15:42:13.4977021+01:00" testType="13cdc9d9-ddb5-4fa4-a97d-d965ccfc6d4b" outcome="Passed" testListId="8c84fa94-04c1-424b-9868-57a2d4851a1d" relativeResultsDirectory="d878dc43-8b7c-4154-a0ff-15c99946d92a" />
    <UnitTestResult executionId="4575fa39-66c6-4954-9ed7-6f5e867f6fab" testId="e2d9f02e-9681-5967-80aa-94155f3d4e5b" testName="AllHardwareSelected_Update_AllSelectedTest" computerName="DKSR-EFI-06" duration="00:00:00.0005053" startTime="2024-01-09T15:42:16.3883311+01:00" endTime="2024-01-09T15:42:16.3883311+01:00" testType="13cdc9d9-ddb5-4fa4-a97d-d965ccfc6d4b" outcome="Passed" testListId="8c84fa94-04c1-424b-9868-57a2d4851a1d" relativeResultsDirectory="4575fa39-66c6-4954-9ed7-6f5e867f6fab" />
    <UnitTestResult executionId="e59b9f8b-68b1-45c0-8ead-cfe4f187b4c8" testId="7035ee10-a6b2-ab40-e228-ba32e7450738" testName="InitialFocus_SetEnabled_UIElement_Throws_ArgumentException" computerName="DKSR-EFI-06" duration="00:00:00.0004186" startTime="2024-01-09T15:42:19.9039597+01:00" endTime="2024-01-09T15:42:19.9039597+01:00" testType="13cdc9d9-ddb5-4fa4-a97d-d965ccfc6d4b" outcome="Passed" testListId="8c84fa94-04c1-424b-9868-57a2d4851a1d" relativeResultsDirectory="e59b9f8b-68b1-45c0-8ead-cfe4f187b4c8" />
    <UnitTestResult executionId="6e7bba09-a7af-4988-8512-3e07d4f5b00f" testId="df9a00c3-c8ad-089d-aa28-7ec6197b3647" testName="ConvertBack_InvalidOperationException" computerName="DKSR-EFI-06" duration="00:00:00.0006619" startTime="2024-01-09T15:42:16.6070822+01:00" endTime="2024-01-09T15:42:16.6070822+01:00" testType="13cdc9d9-ddb5-4fa4-a97d-d965ccfc6d4b" outcome="Passed" testListId="8c84fa94-04c1-424b-9868-57a2d4851a1d" relativeResultsDirectory="6e7bba09-a7af-4988-8512-3e07d4f5b00f" />
    <UnitTestResult executionId="d9234bc3-0f0d-4f2f-bbe2-68bc2e025ac4" testId="4bbee128-d1d9-ad2d-c1b2-ad8628a55e29" testName="Convert_AllValues" computerName="DKSR-EFI-06" duration="00:00:00.0017800" startTime="2024-01-09T15:42:14.1383289+01:00" endTime="2024-01-09T15:42:14.1383289+01:00" testType="13cdc9d9-ddb5-4fa4-a97d-d965ccfc6d4b" outcome="Passed" testListId="8c84fa94-04c1-424b-9868-57a2d4851a1d" relativeResultsDirectory="d9234bc3-0f0d-4f2f-bbe2-68bc2e025ac4" />
    <UnitTestResult executionId="40dbdeb7-ca24-4cd8-a8cb-f62350934f55" testId="a6fd7cd5-42d7-4bf2-bb2e-e1cc7362ea24" testName="Convert_AvailableOnly_UsageZeroTest" computerName="DKSR-EFI-06" duration="00:00:00.0003277" startTime="2024-01-09T15:42:14.0289560+01:00" endTime="2024-01-09T15:42:14.0289560+01:00" testType="13cdc9d9-ddb5-4fa4-a97d-d965ccfc6d4b" outcome="Passed" testListId="8c84fa94-04c1-424b-9868-57a2d4851a1d" relativeResultsDirectory="40dbdeb7-ca24-4cd8-a8cb-f62350934f55" />
    <UnitTestResult executionId="9a096219-39fb-4131-8042-d14de6f1c154" testId="34d831f2-d083-7c8d-f827-fa4262179f67" testName="PreviousCommand_CanExecute_PageInvalidTest" computerName="DKSR-EFI-06" duration="00:00:00.0068955" startTime="2024-01-09T15:42:14.7945818+01:00" endTime="2024-01-09T15:42:14.7945818+01:00" testType="13cdc9d9-ddb5-4fa4-a97d-d965ccfc6d4b" outcome="Passed" testListId="8c84fa94-04c1-424b-9868-57a2d4851a1d" relativeResultsDirectory="9a096219-39fb-4131-8042-d14de6f1c154">
      <Output>
        <StdOut>Debug Trace:&#xD;
Wizard : Locked navigation on thread : 15&#xD;
Wizard : Navigating to page 0 on thread 15&#xD;
Wizard : Completed navigation to page 0 on thread 13&#xD;
Wizard : Released lock navigation on thread : 13&#xD;
Wizard : Locked navigation on thread : 15&#xD;
Wizard : Navigating to page 1 on thread 15&#xD;
Wizard : Completed navigation to page 1 on thread 19&#xD;
Wizard : Released lock navigation on thread : 19</StdOut>
      </Output>
    </UnitTestResult>
    <UnitTestResult executionId="657292aa-a1a6-41cb-9e27-028f224c7244" testId="5796a76a-564c-e0b3-e252-ee677138bacc" testName="Convert_Days_IncludingHoursTest" computerName="DKSR-EFI-06" duration="00:00:00.0006176" startTime="2024-01-09T15:42:13.9039559+01:00" endTime="2024-01-09T15:42:13.9039559+01:00" testType="13cdc9d9-ddb5-4fa4-a97d-d965ccfc6d4b" outcome="Passed" testListId="8c84fa94-04c1-424b-9868-57a2d4851a1d" relativeResultsDirectory="657292aa-a1a6-41cb-9e27-028f224c7244" />
    <UnitTestResult executionId="447472fb-065a-465a-87d3-6f841cab4611" testId="007e1ccf-bd4b-e9f9-03fa-759039a66fbc" testName="Convert_AllValues" computerName="DKSR-EFI-06" duration="00:00:00.0026461" startTime="2024-01-09T15:42:13.8883369+01:00" endTime="2024-01-09T15:42:13.8883369+01:00" testType="13cdc9d9-ddb5-4fa4-a97d-d965ccfc6d4b" outcome="Passed" testListId="8c84fa94-04c1-424b-9868-57a2d4851a1d" relativeResultsDirectory="447472fb-065a-465a-87d3-6f841cab4611" />
    <UnitTestResult executionId="08f36b0c-d385-424d-8764-dc245ced5dc2" testId="4c4c99ac-7c82-53a9-f3e3-4584a00b8bf7" testName="Validate_EmptyFirmwareFilePath_Fails" computerName="DKSR-EFI-06" duration="00:00:00.0006122" startTime="2024-01-09T15:42:12.6695761+01:00" endTime="2024-01-09T15:42:12.6695761+01:00" testType="13cdc9d9-ddb5-4fa4-a97d-d965ccfc6d4b" outcome="Passed" testListId="8c84fa94-04c1-424b-9868-57a2d4851a1d" relativeResultsDirectory="08f36b0c-d385-424d-8764-dc245ced5dc2" />
    <UnitTestResult executionId="01f94539-7016-40d9-9179-90b8fcecf962" testId="7c579d9c-f42d-c44f-2006-2caab40d730a" testName="ConvertBack_Throws_NotSupportedException" computerName="DKSR-EFI-06" duration="00:00:00.0006364" startTime="2024-01-09T15:42:20.2477108+01:00" endTime="2024-01-09T15:42:20.2477108+01:00" testType="13cdc9d9-ddb5-4fa4-a97d-d965ccfc6d4b" outcome="Passed" testListId="8c84fa94-04c1-424b-9868-57a2d4851a1d" relativeResultsDirectory="01f94539-7016-40d9-9179-90b8fcecf962" />
    <UnitTestResult executionId="398bc968-afeb-4ed2-b9db-13942250b737" testId="e6367bf8-be89-f213-6e69-88fe1a7c355f" testName="Convert_OneWarning" computerName="DKSR-EFI-06" duration="00:00:00.0002707" startTime="2024-01-09T15:42:14.1539549+01:00" endTime="2024-01-09T15:42:14.1539549+01:00" testType="13cdc9d9-ddb5-4fa4-a97d-d965ccfc6d4b" outcome="Passed" testListId="8c84fa94-04c1-424b-9868-57a2d4851a1d" relativeResultsDirectory="398bc968-afeb-4ed2-b9db-13942250b737" />
    <UnitTestResult executionId="50b5a58e-e38c-490e-987e-650eb7e01434" testId="1a954e8b-825e-3cc7-8516-31b60fcf13fc" testName="Validate_WithPasswordManualEntry_RequiresUppercase_Fails" computerName="DKSR-EFI-06" duration="00:00:00.0007792" startTime="2024-01-09T15:42:16.1383355+01:00" endTime="2024-01-09T15:42:16.1383355+01:00" testType="13cdc9d9-ddb5-4fa4-a97d-d965ccfc6d4b" outcome="Passed" testListId="8c84fa94-04c1-424b-9868-57a2d4851a1d" relativeResultsDirectory="50b5a58e-e38c-490e-987e-650eb7e01434" />
    <UnitTestResult executionId="5a297b39-f82e-4844-b724-dbcc28bed469" testId="8b7981cc-5fd6-747b-2737-bc9ea00fdecc" testName="NavigatingTo_OperationsCreatedTest" computerName="DKSR-EFI-06" duration="00:00:00.0470293" startTime="2024-01-09T15:42:13.6852018+01:00" endTime="2024-01-09T15:42:13.7320787+01:00" testType="13cdc9d9-ddb5-4fa4-a97d-d965ccfc6d4b" outcome="Passed" testListId="8c84fa94-04c1-424b-9868-57a2d4851a1d" relativeResultsDirectory="5a297b39-f82e-4844-b724-dbcc28bed469">
      <Output>
        <StdOut>Debug Trace:&#xD;
CALL SYNCHRONIZER [4]: Run() called on thread 19&#xD;
CALL SYNCHRONIZER [4]: Waiting for event on thread 19</StdOut>
      </Output>
    </UnitTestResult>
    <UnitTestResult executionId="604d4b6e-b9dd-48bd-805b-ddaead53e8e2" testId="df4ea864-4e3c-cced-6270-17f50a07bf39" testName="NavigatingTo_CheckDestinationRecordersAvailable_False_NavigationNotCancelled" computerName="DKSR-EFI-06" duration="00:00:00.0005858" startTime="2024-01-09T15:42:14.2633283+01:00" endTime="2024-01-09T15:42:14.2633283+01:00" testType="13cdc9d9-ddb5-4fa4-a97d-d965ccfc6d4b" outcome="Passed" testListId="8c84fa94-04c1-424b-9868-57a2d4851a1d" relativeResultsDirectory="604d4b6e-b9dd-48bd-805b-ddaead53e8e2" />
    <UnitTestResult executionId="6e94833c-31b0-4832-a646-ceb26139f1b3" testId="19393c5b-2a25-7bde-cfee-ac08ffbeecbb" testName="SetSelectedAuthenticationInfo_PutsCurrentUserName_OnWindowsDefault" computerName="DKSR-EFI-06" duration="00:00:00.1956150" startTime="2024-01-09T15:42:23.2008395+01:00" endTime="2024-01-09T15:42:23.3883398+01:00" testType="13cdc9d9-ddb5-4fa4-a97d-d965ccfc6d4b" outcome="Passed" testListId="8c84fa94-04c1-424b-9868-57a2d4851a1d" relativeResultsDirectory="6e94833c-31b0-4832-a646-ceb26139f1b3" />
    <UnitTestResult executionId="34ed2422-ebe1-4cd3-91a9-de359ed89b2d" testId="8c014781-1ea8-1b32-5ee9-19c0230f83e3" testName="AllHardwareSelected_Update_SomeSelectedTest" computerName="DKSR-EFI-06" duration="00:00:00.0005331" startTime="2024-01-09T15:42:16.4039588+01:00" endTime="2024-01-09T15:42:16.4039588+01:00" testType="13cdc9d9-ddb5-4fa4-a97d-d965ccfc6d4b" outcome="Passed" testListId="8c84fa94-04c1-424b-9868-57a2d4851a1d" relativeResultsDirectory="34ed2422-ebe1-4cd3-91a9-de359ed89b2d" />
    <UnitTestResult executionId="0518ff34-5cd3-48d1-bdfd-07a3af84865a" testId="e911694b-fe96-0fb6-9301-42b585cbc388" testName="Convert_InvalidMethodEnum_Throws_InvalidOperationException" computerName="DKSR-EFI-06" duration="00:00:00.0003770" startTime="2024-01-09T15:42:20.2477108+01:00" endTime="2024-01-09T15:42:20.2477108+01:00" testType="13cdc9d9-ddb5-4fa4-a97d-d965ccfc6d4b" outcome="Passed" testListId="8c84fa94-04c1-424b-9868-57a2d4851a1d" relativeResultsDirectory="0518ff34-5cd3-48d1-bdfd-07a3af84865a" />
    <UnitTestResult executionId="fb8d878b-0bb3-4872-95c2-71916babc3e5" testId="20bfef15-a2cd-3fad-0bf5-7d316ff6dd05" testName="Convert_Hours_SecondsOffsetTest" computerName="DKSR-EFI-06" duration="00:00:00.0004486" startTime="2024-01-09T15:42:13.9195799+01:00" endTime="2024-01-09T15:42:13.9195799+01:00" testType="13cdc9d9-ddb5-4fa4-a97d-d965ccfc6d4b" outcome="Passed" testListId="8c84fa94-04c1-424b-9868-57a2d4851a1d" relativeResultsDirectory="fb8d878b-0bb3-4872-95c2-71916babc3e5" />
    <UnitTestResult executionId="d9b4cc68-c870-45c5-b521-dbc05d7afd4d" testId="2383e110-1110-54ca-dac6-5905fd1cd080" testName="Constructor_NullDataTest_ConfirmationHandler" computerName="DKSR-EFI-06" duration="00:00:00.0006469" startTime="2024-01-09T15:42:16.0602086+01:00" endTime="2024-01-09T15:42:16.0602086+01:00" testType="13cdc9d9-ddb5-4fa4-a97d-d965ccfc6d4b" outcome="Passed" testListId="8c84fa94-04c1-424b-9868-57a2d4851a1d" relativeResultsDirectory="d9b4cc68-c870-45c5-b521-dbc05d7afd4d" />
    <UnitTestResult executionId="2b215e18-6c63-4c71-87ed-2779f95b018d" testId="16176352-269f-361b-7e4e-9b205c8cdb4f" testName="Convert_ArgumentNullException" computerName="DKSR-EFI-06" duration="00:00:00.0005949" startTime="2024-01-09T15:42:13.8883369+01:00" endTime="2024-01-09T15:42:13.8883369+01:00" testType="13cdc9d9-ddb5-4fa4-a97d-d965ccfc6d4b" outcome="Passed" testListId="8c84fa94-04c1-424b-9868-57a2d4851a1d" relativeResultsDirectory="2b215e18-6c63-4c71-87ed-2779f95b018d" />
    <UnitTestResult executionId="882b092c-df99-46c0-8d90-7d62eb997fcf" testId="cd41b3e5-1b68-5bf4-6b21-391449f362ce" testName="NonEmptyStringsConvertsToTrue" computerName="DKSR-EFI-06" duration="00:00:00.0002509" startTime="2024-01-09T15:42:23.7008412+01:00" endTime="2024-01-09T15:42:23.7008412+01:00" testType="13cdc9d9-ddb5-4fa4-a97d-d965ccfc6d4b" outcome="Passed" testListId="8c84fa94-04c1-424b-9868-57a2d4851a1d" relativeResultsDirectory="882b092c-df99-46c0-8d90-7d62eb997fcf" />
    <UnitTestResult executionId="072e31f3-a49c-4df3-a217-f97dbe95aa35" testId="5adba357-31a9-e2a5-3f10-a94db24d0c1f" testName="PreviousCommand_CommandInvalidated_PageStatusChanged_InvalidToBusyTest" computerName="DKSR-EFI-06" duration="00:00:00.0022563" startTime="2024-01-09T15:42:14.8414597+01:00" endTime="2024-01-09T15:42:14.8414597+01:00" testType="13cdc9d9-ddb5-4fa4-a97d-d965ccfc6d4b" outcome="Passed" testListId="8c84fa94-04c1-424b-9868-57a2d4851a1d" relativeResultsDirectory="072e31f3-a49c-4df3-a217-f97dbe95aa35">
      <Output>
        <StdOut>Debug Trace:&#xD;
Wizard : Locked navigation on thread : 15&#xD;
Wizard : Navigating to page 0 on thread 15&#xD;
Wizard : Completed navigation to page 0 on thread 19&#xD;
Wizard : Released lock navigation on thread : 19&#xD;
Wizard : Locked navigation on thread : 15&#xD;
Wizard : Navigating to page 1 on thread 15&#xD;
Wizard : Completed navigation to page 1 on thread 17&#xD;
Wizard : Released lock navigation on thread : 17</StdOut>
      </Output>
    </UnitTestResult>
    <UnitTestResult executionId="5402eb96-2c6b-4e3c-bef7-75494472d12d" testId="01e18ebd-932a-0505-37e9-eb60c880d1b1" testName="LogOnThread_Constructor_NullConnectionManager_Throws_ArgumentNullException" computerName="DKSR-EFI-06" duration="00:00:00.0010169" startTime="2024-01-09T15:42:23.1852126+01:00" endTime="2024-01-09T15:42:23.1852126+01:00" testType="13cdc9d9-ddb5-4fa4-a97d-d965ccfc6d4b" outcome="Passed" testListId="8c84fa94-04c1-424b-9868-57a2d4851a1d" relativeResultsDirectory="5402eb96-2c6b-4e3c-bef7-75494472d12d" />
    <UnitTestResult executionId="a79e5599-7633-4e02-bf93-0723e5ffd147" testId="d36a3749-ed69-d572-71bf-c3c15bdba9dc" testName="Convert_Minutes_SingularTest" computerName="DKSR-EFI-06" duration="00:00:00.0004490" startTime="2024-01-09T15:42:13.9195799+01:00" endTime="2024-01-09T15:42:13.9195799+01:00" testType="13cdc9d9-ddb5-4fa4-a97d-d965ccfc6d4b" outcome="Passed" testListId="8c84fa94-04c1-424b-9868-57a2d4851a1d" relativeResultsDirectory="a79e5599-7633-4e02-bf93-0723e5ffd147" />
    <UnitTestResult executionId="d06ad42b-3787-45d8-bb72-d55d53c2953c" testId="13235a76-a8d4-67fb-f05f-0652b5b067ff" testName="Convert_Starting_NewLines_Ignored" computerName="DKSR-EFI-06" duration="00:00:00.0002018" startTime="2024-01-09T15:42:16.5445815+01:00" endTime="2024-01-09T15:42:16.5445815+01:00" testType="13cdc9d9-ddb5-4fa4-a97d-d965ccfc6d4b" outcome="Passed" testListId="8c84fa94-04c1-424b-9868-57a2d4851a1d" relativeResultsDirectory="d06ad42b-3787-45d8-bb72-d55d53c2953c" />
    <UnitTestResult executionId="9c7e4bbe-03c9-4430-a0b3-b88ca3a40d9c" testId="defbbec5-13ee-77a3-27b3-7d9a808c08ff" testName="Constructor_HandlerNullTest" computerName="DKSR-EFI-06" duration="00:00:00.0048067" startTime="2024-01-09T15:42:16.4664579+01:00" endTime="2024-01-09T15:42:16.4664579+01:00" testType="13cdc9d9-ddb5-4fa4-a97d-d965ccfc6d4b" outcome="Passed" testListId="8c84fa94-04c1-424b-9868-57a2d4851a1d" relativeResultsDirectory="9c7e4bbe-03c9-4430-a0b3-b88ca3a40d9c" />
    <UnitTestResult executionId="de8fd667-717e-4dc8-848a-48cf175561c8" testId="73990d43-3dbd-c498-8d88-f54a52856eed" testName="SystemDashboard_LookupCalculationBufferMax_Success" computerName="DKSR-EFI-06" duration="00:00:00.0006515" startTime="2024-01-09T15:42:17.5133342+01:00" endTime="2024-01-09T15:42:17.5133342+01:00" testType="13cdc9d9-ddb5-4fa4-a97d-d965ccfc6d4b" outcome="Passed" testListId="8c84fa94-04c1-424b-9868-57a2d4851a1d" relativeResultsDirectory="de8fd667-717e-4dc8-848a-48cf175561c8" />
  </Results>
  <TestDefinitions>
    <UnitTest name="CurrentStatus_Event_ClearSelectionTest" storage="d:\actions-runner\_work\xpco\xpco\corporate\videoos.administration.wpfcontrols.unittests\bin\x64\debug\net472\videoos.administration.wpfcontrols.unittests.dll" id="54d033f5-1cd6-8e20-ad06-b1f6027bbcb6">
      <Owners>
        <Owner name="max" />
      </Owners>
      <Execution id="e0f595d4-a422-460d-b219-20200417b8db" />
      <TestMethod codeBase="D:\actions-runner\_work\XPCO\XPCO\Corporate\VideoOS.Administration.WpfControls.UnitTests\bin\x64\Debug\net472\VideoOS.Administration.WpfControls.UnitTests.dll" adapterTypeName="executor://mstestadapter/v2" className="VideoOS.Administration.WpfControls.UnitTests.Wizards.ChangeHardwarePassword.PageViewModelHardwareSelectionTest" name="CurrentStatus_Event_ClearSelectionTest" />
    </UnitTest>
    <UnitTest name="AllHardwareSelected_Event_FromAllSelectedTest" storage="d:\actions-runner\_work\xpco\xpco\corporate\videoos.administration.wpfcontrols.unittests\bin\x64\debug\net472\videoos.administration.wpfcontrols.unittests.dll" id="26999113-1198-9909-f7e6-5ef0cd5248b1">
      <Owners>
        <Owner name="lsk" />
      </Owners>
      <Execution id="d44f616e-e171-4aeb-8263-7ed6136c343b" />
      <TestMethod codeBase="D:\actions-runner\_work\XPCO\XPCO\Corporate\VideoOS.Administration.WpfControls.UnitTests\bin\x64\Debug\net472\VideoOS.Administration.WpfControls.UnitTests.dll" adapterTypeName="executor://mstestadapter/v2" className="VideoOS.Administration.WpfControls.UnitTests.Wizards.MoveHardware.PageViewModelHardwareSelectionTest" name="AllHardwareSelected_Event_FromAllSelectedTest" />
    </UnitTest>
    <UnitTest name="NavigatingTo_PartialSuccessfulChange_OperationsStatusMixed" storage="d:\actions-runner\_work\xpco\xpco\corporate\videoos.administration.wpfcontrols.unittests\bin\x64\debug\net472\videoos.administration.wpfcontrols.unittests.dll" id="99a311e0-229d-97f1-d454-776a4dfcc863">
      <Owners>
        <Owner name="max" />
      </Owners>
      <Execution id="e16f837e-aa6d-4f6b-9fee-981d463a65c3" />
      <TestMethod codeBase="D:\actions-runner\_work\XPCO\XPCO\Corporate\VideoOS.Administration.WpfControls.UnitTests\bin\x64\Debug\net472\VideoOS.Administration.WpfControls.UnitTests.dll" adapterTypeName="executor://mstestadapter/v2" className="VideoOS.Administration.WpfControls.UnitTests.Wizards.ChangeHardwarePassword.PageViewModelChangeHardwarePasswordProgressTest" name="NavigatingTo_PartialSuccessfulChange_OperationsStatusMixed" />
    </UnitTest>
    <UnitTest name="NullParameterThrows" storage="d:\actions-runner\_work\xpco\xpco\corporate\videoos.administration.wpfcontrols.unittests\bin\x64\debug\net472\videoos.administration.wpfcontrols.unittests.dll" id="217362c6-f836-1e13-6eca-0100f06814cb">
      <Execution id="4d1eb091-6125-4d41-a53e-59d3283cfa74" />
      <TestMethod codeBase="D:\actions-runner\_work\XPCO\XPCO\Corporate\VideoOS.Administration.WpfControls.UnitTests\bin\x64\Debug\net472\VideoOS.Administration.WpfControls.UnitTests.dll" adapterTypeName="executor://mstestadapter/v2" className="VideoOS.Administration.WpfControls.UnitTests.HardwareSetupDialog.Converters.StatusToVisibilityConverterUnitTests" name="NullParameterThrows" />
    </UnitTest>
    <UnitTest name="NavigatingAway_SelectedItemsSetOnDataTest" storage="d:\actions-runner\_work\xpco\xpco\corporate\videoos.administration.wpfcontrols.unittests\bin\x64\debug\net472\videoos.administration.wpfcontrols.unittests.dll" id="f14b365a-cfce-1f3a-b91f-ae9275ac5e3e">
      <Owners>
        <Owner name="lsk" />
      </Owners>
      <Execution id="fec0b03e-8227-4972-af2f-ef4c664d754c" />
      <TestMethod codeBase="D:\actions-runner\_work\XPCO\XPCO\Corporate\VideoOS.Administration.WpfControls.UnitTests\bin\x64\Debug\net472\VideoOS.Administration.WpfControls.UnitTests.dll" adapterTypeName="executor://mstestadapter/v2" className="VideoOS.Administration.WpfControls.UnitTests.Wizards.MoveHardware.PageViewModelHardwareSelectionTest" name="NavigatingAway_SelectedItemsSetOnDataTest" />
    </UnitTest>
    <UnitTest name="NavigatingTo_ErrorHandling_FindStorages_MoveHardwareExceptionTest" storage="d:\actions-runner\_work\xpco\xpco\corporate\videoos.administration.wpfcontrols.unittests\bin\x64\debug\net472\videoos.administration.wpfcontrols.unittests.dll" id="176b2712-3712-9031-e728-6aa2f634400d">
      <Owners>
        <Owner name="lsk" />
      </Owners>
      <Execution id="997e14ba-72a9-48a5-9d5d-e835f1f941e9" />
      <TestMethod codeBase="D:\actions-runner\_work\XPCO\XPCO\Corporate\VideoOS.Administration.WpfControls.UnitTests\bin\x64\Debug\net472\VideoOS.Administration.WpfControls.UnitTests.dll" adapterTypeName="executor://mstestadapter/v2" className="VideoOS.Administration.WpfControls.UnitTests.Wizards.MoveHardware.PageViewModelDestinationStorageSelectionTest" name="NavigatingTo_ErrorHandling_FindStorages_MoveHardwareExceptionTest" />
    </UnitTest>
    <UnitTest name="SortBaseCommon_Equality_Object_ReverseTest" storage="d:\actions-runner\_work\xpco\xpco\corporate\videoos.administration.wpfcontrols.unittests\bin\x64\debug\net472\videoos.administration.wpfcontrols.unittests.dll" id="e212a447-e174-d204-3c14-c76c16f18c61">
      <Owners>
        <Owner name="lsk" />
      </Owners>
      <Execution id="98d01405-4913-4a60-84ba-cc9da41ebeb2" />
      <TestMethod codeBase="D:\actions-runner\_work\XPCO\XPCO\Corporate\VideoOS.Administration.WpfControls.UnitTests\bin\x64\Debug\net472\VideoOS.Administration.WpfControls.UnitTests.dll" adapterTypeName="executor://mstestadapter/v2" className="VideoOS.Administration.WpfControls.UnitTests.Mvvm.Sort.SimpleSortTest" name="SortBaseCommon_Equality_Object_ReverseTest" />
    </UnitTest>
    <UnitTest name="PreviousCommand_CanExecute_FirstPageTest" storage="d:\actions-runner\_work\xpco\xpco\corporate\videoos.administration.wpfcontrols.unittests\bin\x64\debug\net472\videoos.administration.wpfcontrols.unittests.dll" id="633658f7-c0fd-a8b8-e0ff-2f63f1f3cc65">
      <Owners>
        <Owner name="lsk" />
      </Owners>
      <Execution id="d8bad7f2-d409-4732-b12b-12500aa2c136" />
      <TestMethod codeBase="D:\actions-runner\_work\XPCO\XPCO\Corporate\VideoOS.Administration.WpfControls.UnitTests\bin\x64\Debug\net472\VideoOS.Administration.WpfControls.UnitTests.dll" adapterTypeName="executor://mstestadapter/v2" className="VideoOS.Administration.WpfControls.UnitTests.Wizards.Common.WizardBaseViewModelTest" name="PreviousCommand_CanExecute_FirstPageTest" />
    </UnitTest>
    <UnitTest name="Convert_Error_ValuesNullTest" storage="d:\actions-runner\_work\xpco\xpco\corporate\videoos.administration.wpfcontrols.unittests\bin\x64\debug\net472\videoos.administration.wpfcontrols.unittests.dll" id="a02d8109-78ab-1cfd-6223-756899faeccf">
      <Owners>
        <Owner name="lsk" />
      </Owners>
      <Execution id="f17f23fd-e45f-4a74-a6bc-da1f2fa422a7" />
      <TestMethod codeBase="D:\actions-runner\_work\XPCO\XPCO\Corporate\VideoOS.Administration.WpfControls.UnitTests\bin\x64\Debug\net472\VideoOS.Administration.WpfControls.UnitTests.dll" adapterTypeName="executor://mstestadapter/v2" className="VideoOS.Administration.WpfControls.UnitTests.Wizards.MoveHardware.UsagePercentageMultiValueConverterTest" name="Convert_Error_ValuesNullTest" />
    </UnitTest>
    <UnitTest name="MessageBoxImageExtensions_AsWinFormsMessageBoxIcon_Check_Expected_Output" storage="d:\actions-runner\_work\xpco\xpco\corporate\videoos.administration.wpfcontrols.unittests\bin\x64\debug\net472\videoos.administration.wpfcontrols.unittests.dll" id="05c2529e-424a-36cc-4c1f-05db0a419425">
      <Execution id="1b96a175-a49e-4291-800e-f427dd65dab2" />
      <TestMethod codeBase="D:\actions-runner\_work\XPCO\XPCO\Corporate\VideoOS.Administration.WpfControls.UnitTests\bin\x64\Debug\net472\VideoOS.Administration.WpfControls.UnitTests.dll" adapterTypeName="executor://mstestadapter/v2" className="VideoOS.Administration.WpfControls.UnitTests.Interop.MessageBoxImageExtensionsUnitTests" name="MessageBoxImageExtensions_AsWinFormsMessageBoxIcon_Check_Expected_Output" />
    </UnitTest>
    <UnitTest name="HandledVmoAccessTests_ProperReturnValueIfVmoException" storage="d:\actions-runner\_work\xpco\xpco\corporate\videoos.administration.wpfcontrols.unittests\bin\x64\debug\net472\videoos.administration.wpfcontrols.unittests.dll" id="37429f34-1b2d-b12a-94f9-bff144f2a224">
      <Execution id="60571ee4-d662-40e0-817b-1a71171ca595" />
      <TestMethod codeBase="D:\actions-runner\_work\XPCO\XPCO\Corporate\VideoOS.Administration.WpfControls.UnitTests\bin\x64\Debug\net472\VideoOS.Administration.WpfControls.UnitTests.dll" adapterTypeName="executor://mstestadapter/v2" className="VideoOS.Administration.WpfControls.UnitTests.SystemMonitorEventThresholds.HandledVmoAccessTests" name="HandledVmoAccessTests_ProperReturnValueIfVmoException" />
    </UnitTest>
    <UnitTest name="SortBaseCommon_GetHashCode_EqualInstancesTest" storage="d:\actions-runner\_work\xpco\xpco\corporate\videoos.administration.wpfcontrols.unittests\bin\x64\debug\net472\videoos.administration.wpfcontrols.unittests.dll" id="2856e573-df47-5a7b-92cd-4e7224eeb3a7">
      <Owners>
        <Owner name="lsk" />
      </Owners>
      <Execution id="f9d0c0a3-2944-4a90-b902-5bcd61a40807" />
      <TestMethod codeBase="D:\actions-runner\_work\XPCO\XPCO\Corporate\VideoOS.Administration.WpfControls.UnitTests\bin\x64\Debug\net472\VideoOS.Administration.WpfControls.UnitTests.dll" adapterTypeName="executor://mstestadapter/v2" className="VideoOS.Administration.WpfControls.UnitTests.Mvvm.Sort.SimpleSortWithFallbackTest" name="SortBaseCommon_GetHashCode_EqualInstancesTest" />
    </UnitTest>
    <UnitTest name="ConvertTrueToVisibleTest" storage="d:\actions-runner\_work\xpco\xpco\corporate\videoos.administration.wpfcontrols.unittests\bin\x64\debug\net472\videoos.administration.wpfcontrols.unittests.dll" id="3c2e0b70-8de4-72c4-7074-0bbab96b51de">
      <Execution id="a3db054d-f83e-43e3-85ed-3f6245313186" />
      <TestMethod codeBase="D:\actions-runner\_work\XPCO\XPCO\Corporate\VideoOS.Administration.WpfControls.UnitTests\bin\x64\Debug\net472\VideoOS.Administration.WpfControls.UnitTests.dll" adapterTypeName="executor://mstestadapter/v2" className="VideoOS.Administration.WpfControls.UnitTests.Mvvm.Converters.InverseBoolToCollapsedConverterUnitTests" name="ConvertTrueToVisibleTest" />
    </UnitTest>
    <UnitTest name="ValueRounding_Success" storage="d:\actions-runner\_work\xpco\xpco\corporate\videoos.administration.wpfcontrols.unittests\bin\x64\debug\net472\videoos.administration.wpfcontrols.unittests.dll" id="6ccba33d-bc0f-8f72-0f2a-7c964b3c53bb">
      <TestCategory>
        <TestCategoryItem TestCategory="SystemMonitorEventThresholds" />
      </TestCategory>
      <Execution id="9bc315f1-b069-4000-abdd-d2e2f4d898ee" />
      <TestMethod codeBase="D:\actions-runner\_work\XPCO\XPCO\Corporate\VideoOS.Administration.WpfControls.UnitTests\bin\x64\Debug\net472\VideoOS.Administration.WpfControls.UnitTests.dll" adapterTypeName="executor://mstestadapter/v2" className="VideoOS.Administration.WpfControls.UnitTests.SystemMonitorEventThresholds.ViewModel.Slider.ThresholdValueConverterTests" name="ValueRounding_Success" />
    </UnitTest>
    <UnitTest name="UnselectHardware_ValidItemWithDuplicateMacAddress" storage="d:\actions-runner\_work\xpco\xpco\corporate\videoos.administration.wpfcontrols.unittests\bin\x64\debug\net472\videoos.administration.wpfcontrols.unittests.dll" id="14269668-7653-ecd1-825b-a7a673e60d0d">
      <Owners>
        <Owner name="max" />
      </Owners>
      <Execution id="55dbdd79-775e-41e2-b320-a52c3fe32450" />
      <TestMethod codeBase="D:\actions-runner\_work\XPCO\XPCO\Corporate\VideoOS.Administration.WpfControls.UnitTests\bin\x64\Debug\net472\VideoOS.Administration.WpfControls.UnitTests.dll" adapterTypeName="executor://mstestadapter/v2" className="VideoOS.Administration.WpfControls.UnitTests.Wizards.ChangeHardwarePassword.PageViewModelChangeHardwarePasswordTest" name="UnselectHardware_ValidItemWithDuplicateMacAddress" />
    </UnitTest>
    <UnitTest name="NavigatingTo_AvailableRecorders_NoRecordersTest" storage="d:\actions-runner\_work\xpco\xpco\corporate\videoos.administration.wpfcontrols.unittests\bin\x64\debug\net472\videoos.administration.wpfcontrols.unittests.dll" id="7286f5e5-524e-3d7b-16fe-4652fd6bab68">
      <Owners>
        <Owner name="lsk" />
      </Owners>
      <Execution id="1ca86969-717d-430c-8b9c-cb496fe334f8" />
      <TestMethod codeBase="D:\actions-runner\_work\XPCO\XPCO\Corporate\VideoOS.Administration.WpfControls.UnitTests\bin\x64\Debug\net472\VideoOS.Administration.WpfControls.UnitTests.dll" adapterTypeName="executor://mstestadapter/v2" className="VideoOS.Administration.WpfControls.UnitTests.Wizards.MoveHardware.PageViewModelDestinationRecorderSelectionTest" name="NavigatingTo_AvailableRecorders_NoRecordersTest" />
    </UnitTest>
    <UnitTest name="ScheduleNextRun_InvalidParam_Uri_Throws_ArgumentNullException" storage="d:\actions-runner\_work\xpco\xpco\corporate\videoos.administration.wpfcontrols.unittests\bin\x64\debug\net472\videoos.administration.wpfcontrols.unittests.dll" id="09050f9d-0ba1-b1c3-c744-3e219f2d1347">
      <TestCategory>
        <TestCategoryItem TestCategory="VideoOS Administration" />
      </TestCategory>
      <Execution id="10c559be-d33b-4fa7-afd7-78bb18a26a3c" />
      <TestMethod codeBase="D:\actions-runner\_work\XPCO\XPCO\Corporate\VideoOS.Administration.WpfControls.UnitTests\bin\x64\Debug\net472\VideoOS.Administration.WpfControls.UnitTests.dll" adapterTypeName="executor://mstestadapter/v2" className="VideoOS.Administration.WpfControls.UnitTests.Login.ExternalProviderInfoThreadTests" name="ScheduleNextRun_InvalidParam_Uri_Throws_ArgumentNullException" />
    </UnitTest>
    <UnitTest name="ColumnWidthSpec_Relative_With_MaxPercentage_ArgumentException" storage="d:\actions-runner\_work\xpco\xpco\corporate\videoos.administration.wpfcontrols.unittests\bin\x64\debug\net472\videoos.administration.wpfcontrols.unittests.dll" id="65bb21ec-a84a-33c2-5191-d6efaa182c77">
      <Execution id="8f0951c8-254e-4106-ad27-7694ef91ea44" />
      <TestMethod codeBase="D:\actions-runner\_work\XPCO\XPCO\Corporate\VideoOS.Administration.WpfControls.UnitTests\bin\x64\Debug\net472\VideoOS.Administration.WpfControls.UnitTests.dll" adapterTypeName="executor://mstestadapter/v2" className="VideoOS.Administration.WpfControls.UnitTests.Mvvm.InitialColumnSizingUnitTests" name="ColumnWidthSpec_Relative_With_MaxPercentage_ArgumentException" />
    </UnitTest>
    <UnitTest name="ScheduleNextRun_InternalExceptionDoesNotRaisesEventOnSiteWorking_Success" storage="d:\actions-runner\_work\xpco\xpco\corporate\videoos.administration.wpfcontrols.unittests\bin\x64\debug\net472\videoos.administration.wpfcontrols.unittests.dll" id="5fcaabbc-76f6-6e4d-a2d0-53d66fcf6b66">
      <TestCategory>
        <TestCategoryItem TestCategory="VideoOS Administration" />
      </TestCategory>
      <Execution id="6d3e80ca-e4e3-4583-a84f-08ceb68ec22e" />
      <TestMethod codeBase="D:\actions-runner\_work\XPCO\XPCO\Corporate\VideoOS.Administration.WpfControls.UnitTests\bin\x64\Debug\net472\VideoOS.Administration.WpfControls.UnitTests.dll" adapterTypeName="executor://mstestadapter/v2" className="VideoOS.Administration.WpfControls.UnitTests.Login.ExternalProviderInfoThreadTests" name="ScheduleNextRun_InternalExceptionDoesNotRaisesEventOnSiteWorking_Success" />
    </UnitTest>
    <UnitTest name="Convert_ArgumentNullException" storage="d:\actions-runner\_work\xpco\xpco\corporate\videoos.administration.wpfcontrols.unittests\bin\x64\debug\net472\videoos.administration.wpfcontrols.unittests.dll" id="16176352-269f-361b-7e4e-9b205c8cdb4f">
      <Execution id="2b215e18-6c63-4c71-87ed-2779f95b018d" />
      <TestMethod codeBase="D:\actions-runner\_work\XPCO\XPCO\Corporate\VideoOS.Administration.WpfControls.UnitTests\bin\x64\Debug\net472\VideoOS.Administration.WpfControls.UnitTests.dll" adapterTypeName="executor://mstestadapter/v2" className="VideoOS.Administration.WpfControls.UnitTests.Wizards.MoveHardware.StatusToStringValueConverterTest" name="Convert_ArgumentNullException" />
    </UnitTest>
    <UnitTest name="NavigatingTo_NoJobsRunning_HardwareSelected_NavigationCancelled" storage="d:\actions-runner\_work\xpco\xpco\corporate\videoos.administration.wpfcontrols.unittests\bin\x64\debug\net472\videoos.administration.wpfcontrols.unittests.dll" id="fcba034f-b02c-78ea-1bb2-d617ead952ae">
      <Execution id="fcb3e81d-4240-4cdc-b40c-eeb1b4c350f0" />
      <TestMethod codeBase="D:\actions-runner\_work\XPCO\XPCO\Corporate\VideoOS.Administration.WpfControls.UnitTests\bin\x64\Debug\net472\VideoOS.Administration.WpfControls.UnitTests.dll" adapterTypeName="executor://mstestadapter/v2" className="VideoOS.Administration.WpfControls.UnitTests.Wizards.MoveHardware.ViewModel.PageViewModelCheckEdgeJobsTest" name="NavigatingTo_NoJobsRunning_HardwareSelected_NavigationCancelled" />
    </UnitTest>
    <UnitTest name="SortBaseCommon_SortDescriptions_Test" storage="d:\actions-runner\_work\xpco\xpco\corporate\videoos.administration.wpfcontrols.unittests\bin\x64\debug\net472\videoos.administration.wpfcontrols.unittests.dll" id="85ab93fd-c6a4-858f-2f3e-a7ed401d7d66">
      <Owners>
        <Owner name="lsk" />
      </Owners>
      <Execution id="5d284f5b-3136-400c-9da0-43adc66d2176" />
      <TestMethod codeBase="D:\actions-runner\_work\XPCO\XPCO\Corporate\VideoOS.Administration.WpfControls.UnitTests\bin\x64\Debug\net472\VideoOS.Administration.WpfControls.UnitTests.dll" adapterTypeName="executor://mstestadapter/v2" className="VideoOS.Administration.WpfControls.UnitTests.Mvvm.Sort.SimpleSortWithFallbackTest" name="SortBaseCommon_SortDescriptions_Test" />
    </UnitTest>
    <UnitTest name="NavigatingTo_ExceptionHandling_MoveHardwareException_FindHardwareThrowsTest" storage="d:\actions-runner\_work\xpco\xpco\corporate\videoos.administration.wpfcontrols.unittests\bin\x64\debug\net472\videoos.administration.wpfcontrols.unittests.dll" id="f4927cb4-3f2d-880e-41ec-49116b838eda">
      <Owners>
        <Owner name="lsk" />
      </Owners>
      <Execution id="c5e84fbf-aa7c-4b22-92d9-4991ba3725fa" />
      <TestMethod codeBase="D:\actions-runner\_work\XPCO\XPCO\Corporate\VideoOS.Administration.WpfControls.UnitTests\bin\x64\Debug\net472\VideoOS.Administration.WpfControls.UnitTests.dll" adapterTypeName="executor://mstestadapter/v2" className="VideoOS.Administration.WpfControls.UnitTests.Wizards.MoveHardware.PageViewModelHardwareSelectionTest" name="NavigatingTo_ExceptionHandling_MoveHardwareException_FindHardwareThrowsTest" />
    </UnitTest>
    <UnitTest name="NavigatingTo_PageStatus_NoHardwareSelected" storage="d:\actions-runner\_work\xpco\xpco\corporate\videoos.administration.wpfcontrols.unittests\bin\x64\debug\net472\videoos.administration.wpfcontrols.unittests.dll" id="ef144d12-0e43-7cbf-7db2-afda355e4f9e">
      <Owners>
        <Owner name="max" />
      </Owners>
      <Execution id="b34293a9-211e-42ab-9dac-7a11de2c3e4b" />
      <TestMethod codeBase="D:\actions-runner\_work\XPCO\XPCO\Corporate\VideoOS.Administration.WpfControls.UnitTests\bin\x64\Debug\net472\VideoOS.Administration.WpfControls.UnitTests.dll" adapterTypeName="executor://mstestadapter/v2" className="VideoOS.Administration.WpfControls.UnitTests.Wizards.ChangeHardwarePassword.PageViewModelChangeHardwarePasswordTest" name="NavigatingTo_PageStatus_NoHardwareSelected" />
    </UnitTest>
    <UnitTest name="NavigatingAway_SelectedItemsSetOnDataTest" storage="d:\actions-runner\_work\xpco\xpco\corporate\videoos.administration.wpfcontrols.unittests\bin\x64\debug\net472\videoos.administration.wpfcontrols.unittests.dll" id="cc799fb6-1db2-eaea-ac66-ffcf960e7b46">
      <Owners>
        <Owner name="max" />
      </Owners>
      <Execution id="4614bb1d-b6b7-46c1-af97-264a76028d49" />
      <TestMethod codeBase="D:\actions-runner\_work\XPCO\XPCO\Corporate\VideoOS.Administration.WpfControls.UnitTests\bin\x64\Debug\net472\VideoOS.Administration.WpfControls.UnitTests.dll" adapterTypeName="executor://mstestadapter/v2" className="VideoOS.Administration.WpfControls.UnitTests.Wizards.ChangeHardwarePassword.PageViewModelHardwareSelectionTest" name="NavigatingAway_SelectedItemsSetOnDataTest" />
    </UnitTest>
    <UnitTest name="Validate_WithPasswordManualEntry_RequiresUppercase_Fails" storage="d:\actions-runner\_work\xpco\xpco\corporate\videoos.administration.wpfcontrols.unittests\bin\x64\debug\net472\videoos.administration.wpfcontrols.unittests.dll" id="1a954e8b-825e-3cc7-8516-31b60fcf13fc">
      <Owners>
        <Owner name="max" />
      </Owners>
      <Execution id="50b5a58e-e38c-490e-987e-650eb7e01434" />
      <TestMethod codeBase="D:\actions-runner\_work\XPCO\XPCO\Corporate\VideoOS.Administration.WpfControls.UnitTests\bin\x64\Debug\net472\VideoOS.Administration.WpfControls.UnitTests.dll" adapterTypeName="executor://mstestadapter/v2" className="VideoOS.Administration.WpfControls.UnitTests.Wizards.ChangeHardwarePassword.PageViewModelChangeHardwarePasswordTest" name="Validate_WithPasswordManualEntry_RequiresUppercase_Fails" />
    </UnitTest>
    <UnitTest name="UpdateSelection_DeselectSamePhysicalHardwareWithDifferentUserLoginTest" storage="d:\actions-runner\_work\xpco\xpco\corporate\videoos.administration.wpfcontrols.unittests\bin\x64\debug\net472\videoos.administration.wpfcontrols.unittests.dll" id="170b6e9d-1479-1b16-1de5-56fb10a58f03">
      <Owners>
        <Owner name="max" />
      </Owners>
      <Execution id="5745e9f7-962f-41a9-96af-7d293c4c021a" />
      <TestMethod codeBase="D:\actions-runner\_work\XPCO\XPCO\Corporate\VideoOS.Administration.WpfControls.UnitTests\bin\x64\Debug\net472\VideoOS.Administration.WpfControls.UnitTests.dll" adapterTypeName="executor://mstestadapter/v2" className="VideoOS.Administration.WpfControls.UnitTests.Wizards.ChangeHardwarePassword.PageViewModelHardwareSelectionTest" name="UpdateSelection_DeselectSamePhysicalHardwareWithDifferentUserLoginTest" />
    </UnitTest>
    <UnitTest name="Convert_BothValidTest" storage="d:\actions-runner\_work\xpco\xpco\corporate\videoos.administration.wpfcontrols.unittests\bin\x64\debug\net472\videoos.administration.wpfcontrols.unittests.dll" id="ce111de4-5363-596e-5bae-977e3c4a4097">
      <Owners>
        <Owner name="lsk" />
      </Owners>
      <Execution id="7d7537c0-4254-4759-b3c2-8d6b158a9346" />
      <TestMethod codeBase="D:\actions-runner\_work\XPCO\XPCO\Corporate\VideoOS.Administration.WpfControls.UnitTests\bin\x64\Debug\net472\VideoOS.Administration.WpfControls.UnitTests.dll" adapterTypeName="executor://mstestadapter/v2" className="VideoOS.Administration.WpfControls.UnitTests.Wizards.MoveHardware.StorageUsageSummaryMultiValueConverterTest" name="Convert_BothValidTest" />
    </UnitTest>
    <UnitTest name="CurrentStatus_PostNavigatingTo_NoPreselectionTest" storage="d:\actions-runner\_work\xpco\xpco\corporate\videoos.administration.wpfcontrols.unittests\bin\x64\debug\net472\videoos.administration.wpfcontrols.unittests.dll" id="aeffa11a-d192-2ae9-a123-63fc3e4aae88">
      <Owners>
        <Owner name="lsk" />
      </Owners>
      <Execution id="e10e8b48-1627-4e30-8ebd-3bb148bd3980" />
      <TestMethod codeBase="D:\actions-runner\_work\XPCO\XPCO\Corporate\VideoOS.Administration.WpfControls.UnitTests\bin\x64\Debug\net472\VideoOS.Administration.WpfControls.UnitTests.dll" adapterTypeName="executor://mstestadapter/v2" className="VideoOS.Administration.WpfControls.UnitTests.Wizards.MoveHardware.PageViewModelDestinationRecorderSelectionTest" name="CurrentStatus_PostNavigatingTo_NoPreselectionTest" />
    </UnitTest>
    <UnitTest name="State_Loading_PreviousCommand_SourcePageNavigatingAwayTest" storage="d:\actions-runner\_work\xpco\xpco\corporate\videoos.administration.wpfcontrols.unittests\bin\x64\debug\net472\videoos.administration.wpfcontrols.unittests.dll" id="3630dd99-5f47-e771-1fb3-f78feb9c2a24">
      <Owners>
        <Owner name="lsk" />
      </Owners>
      <Execution id="4b1fe68f-60ff-46df-a26f-81995b83019e" />
      <TestMethod codeBase="D:\actions-runner\_work\XPCO\XPCO\Corporate\VideoOS.Administration.WpfControls.UnitTests\bin\x64\Debug\net472\VideoOS.Administration.WpfControls.UnitTests.dll" adapterTypeName="executor://mstestadapter/v2" className="VideoOS.Administration.WpfControls.UnitTests.Wizards.Common.WizardBaseViewModelTest" name="State_Loading_PreviousCommand_SourcePageNavigatingAwayTest" />
    </UnitTest>
    <UnitTest name="SortBaseCommon_Equality_SortBase_EqualObjectsTest" storage="d:\actions-runner\_work\xpco\xpco\corporate\videoos.administration.wpfcontrols.unittests\bin\x64\debug\net472\videoos.administration.wpfcontrols.unittests.dll" id="e87417e0-e143-bedb-9aaf-473deed8c509">
      <Owners>
        <Owner name="lsk" />
      </Owners>
      <Execution id="419a84d9-53fd-4c7d-95f2-c51fc067a68e" />
      <TestMethod codeBase="D:\actions-runner\_work\XPCO\XPCO\Corporate\VideoOS.Administration.WpfControls.UnitTests\bin\x64\Debug\net472\VideoOS.Administration.WpfControls.UnitTests.dll" adapterTypeName="executor://mstestadapter/v2" className="VideoOS.Administration.WpfControls.UnitTests.Mvvm.Sort.SimpleSortTest" name="SortBaseCommon_Equality_SortBase_EqualObjectsTest" />
    </UnitTest>
    <UnitTest name="Convert_ToValue_UsedGtAvailable" storage="d:\actions-runner\_work\xpco\xpco\corporate\videoos.administration.wpfcontrols.unittests\bin\x64\debug\net472\videoos.administration.wpfcontrols.unittests.dll" id="7637167d-56a4-8d6c-21de-90a4cf6428b9">
      <Owners>
        <Owner name="lsk" />
      </Owners>
      <Execution id="83ca9221-ea50-4b0c-8f7d-eb35286d3fc1" />
      <TestMethod codeBase="D:\actions-runner\_work\XPCO\XPCO\Corporate\VideoOS.Administration.WpfControls.UnitTests\bin\x64\Debug\net472\VideoOS.Administration.WpfControls.UnitTests.dll" adapterTypeName="executor://mstestadapter/v2" className="VideoOS.Administration.WpfControls.UnitTests.Wizards.MoveHardware.UsagePercentageMultiValueConverterTest" name="Convert_ToValue_UsedGtAvailable" />
    </UnitTest>
    <UnitTest name="TreeItemSelectionReporter_Success" storage="d:\actions-runner\_work\xpco\xpco\corporate\videoos.administration.wpfcontrols.unittests\bin\x64\debug\net472\videoos.administration.wpfcontrols.unittests.dll" id="307486b9-00ca-72cc-88e9-d0c5585d219e">
      <TestCategory>
        <TestCategoryItem TestCategory="SystemMonitorEventThresholds" />
      </TestCategory>
      <Execution id="f3ef6cf1-f8e7-48be-a596-ca31e2232e11" />
      <TestMethod codeBase="D:\actions-runner\_work\XPCO\XPCO\Corporate\VideoOS.Administration.WpfControls.UnitTests\bin\x64\Debug\net472\VideoOS.Administration.WpfControls.UnitTests.dll" adapterTypeName="executor://mstestadapter/v2" className="VideoOS.Administration.WpfControls.UnitTests.SystemMonitorEventThresholds.ViewModel.AdvancedThreshold.TreeItemSelectionReporterTests" name="TreeItemSelectionReporter_Success" />
    </UnitTest>
    <UnitTest name="SortBaseCommon_Reverse_NotNull" storage="d:\actions-runner\_work\xpco\xpco\corporate\videoos.administration.wpfcontrols.unittests\bin\x64\debug\net472\videoos.administration.wpfcontrols.unittests.dll" id="50e385a2-431b-1775-e8d5-48b3fbc4e413">
      <Owners>
        <Owner name="lsk" />
      </Owners>
      <Execution id="174662f2-71b3-40d8-8d22-db8a98dc2163" />
      <TestMethod codeBase="D:\actions-runner\_work\XPCO\XPCO\Corporate\VideoOS.Administration.WpfControls.UnitTests\bin\x64\Debug\net472\VideoOS.Administration.WpfControls.UnitTests.dll" adapterTypeName="executor://mstestadapter/v2" className="VideoOS.Administration.WpfControls.UnitTests.Mvvm.Sort.SimpleSortTest" name="SortBaseCommon_Reverse_NotNull" />
    </UnitTest>
    <UnitTest name="Convert_Days_IncludingMinutesTest" storage="d:\actions-runner\_work\xpco\xpco\corporate\videoos.administration.wpfcontrols.unittests\bin\x64\debug\net472\videoos.administration.wpfcontrols.unittests.dll" id="9a6d99f0-2478-7008-b6de-ccf4f008eb1f">
      <Owners>
        <Owner name="lsk" />
      </Owners>
      <Execution id="7b26ad4f-bfc8-4c23-98fd-3aa2658d70ed" />
      <TestMethod codeBase="D:\actions-runner\_work\XPCO\XPCO\Corporate\VideoOS.Administration.WpfControls.UnitTests\bin\x64\Debug\net472\VideoOS.Administration.WpfControls.UnitTests.dll" adapterTypeName="executor://mstestadapter/v2" className="VideoOS.Administration.WpfControls.UnitTests.Wizards.MoveHardware.StorageRetentionTimeToStringValueConverterTest" name="Convert_Days_IncludingMinutesTest" />
    </UnitTest>
    <UnitTest name="State_Loading_NextCommand_SourcePageNavigatedAwayTest" storage="d:\actions-runner\_work\xpco\xpco\corporate\videoos.administration.wpfcontrols.unittests\bin\x64\debug\net472\videoos.administration.wpfcontrols.unittests.dll" id="4485be60-ebc5-da8f-c14b-a672ecf4195b">
      <Owners>
        <Owner name="lsk" />
      </Owners>
      <Execution id="1ce0f505-ec54-44bc-92f8-7a69fab60587" />
      <TestMethod codeBase="D:\actions-runner\_work\XPCO\XPCO\Corporate\VideoOS.Administration.WpfControls.UnitTests\bin\x64\Debug\net472\VideoOS.Administration.WpfControls.UnitTests.dll" adapterTypeName="executor://mstestadapter/v2" className="VideoOS.Administration.WpfControls.UnitTests.Wizards.Common.WizardBaseViewModelTest" name="State_Loading_NextCommand_SourcePageNavigatedAwayTest" />
    </UnitTest>
    <UnitTest name="DefaultsTest" storage="d:\actions-runner\_work\xpco\xpco\corporate\videoos.administration.wpfcontrols.unittests\bin\x64\debug\net472\videoos.administration.wpfcontrols.unittests.dll" id="db1836fe-be4d-cd73-a08e-2b1f59817a0d">
      <Owners>
        <Owner name="lsk" />
      </Owners>
      <Execution id="fb113f12-07eb-4f35-a9aa-bed5eed01c87" />
      <TestMethod codeBase="D:\actions-runner\_work\XPCO\XPCO\Corporate\VideoOS.Administration.WpfControls.UnitTests\bin\x64\Debug\net472\VideoOS.Administration.WpfControls.UnitTests.dll" adapterTypeName="executor://mstestadapter/v2" className="VideoOS.Administration.WpfControls.UnitTests.Wizards.MoveHardware.UsagePercentageMultiValueConverterTest" name="DefaultsTest" />
    </UnitTest>
    <UnitTest name="Validate_WithPasswordManualEntry_RequiresSymbols_Succeeds" storage="d:\actions-runner\_work\xpco\xpco\corporate\videoos.administration.wpfcontrols.unittests\bin\x64\debug\net472\videoos.administration.wpfcontrols.unittests.dll" id="99e28619-dc47-b3fe-39c4-c5a632d97560">
      <Owners>
        <Owner name="max" />
      </Owners>
      <Execution id="19960183-50b2-4a55-aa99-74e0b0d04dc5" />
      <TestMethod codeBase="D:\actions-runner\_work\XPCO\XPCO\Corporate\VideoOS.Administration.WpfControls.UnitTests\bin\x64\Debug\net472\VideoOS.Administration.WpfControls.UnitTests.dll" adapterTypeName="executor://mstestadapter/v2" className="VideoOS.Administration.WpfControls.UnitTests.Wizards.ChangeHardwarePassword.PageViewModelChangeHardwarePasswordTest" name="Validate_WithPasswordManualEntry_RequiresSymbols_Succeeds" />
    </UnitTest>
    <UnitTest name="Construct_InvalidParam_UriHandler_Throws_ArgumentNullException" storage="d:\actions-runner\_work\xpco\xpco\corporate\videoos.administration.wpfcontrols.unittests\bin\x64\debug\net472\videoos.administration.wpfcontrols.unittests.dll" id="806486e9-67f6-c414-1b23-268fb5d92f79">
      <TestCategory>
        <TestCategoryItem TestCategory="VideoOS Administration" />
      </TestCategory>
      <Execution id="9aba1e4c-1f8f-466f-aee2-e850d6b7da87" />
      <TestMethod codeBase="D:\actions-runner\_work\XPCO\XPCO\Corporate\VideoOS.Administration.WpfControls.UnitTests\bin\x64\Debug\net472\VideoOS.Administration.WpfControls.UnitTests.dll" adapterTypeName="executor://mstestadapter/v2" className="VideoOS.Administration.WpfControls.UnitTests.Login.ExternalProviderInfoThreadTests" name="Construct_InvalidParam_UriHandler_Throws_ArgumentNullException" />
    </UnitTest>
    <UnitTest name="NavigatingTo_Selection_RecorderSelectionFromDataTest" storage="d:\actions-runner\_work\xpco\xpco\corporate\videoos.administration.wpfcontrols.unittests\bin\x64\debug\net472\videoos.administration.wpfcontrols.unittests.dll" id="f2eb084a-1f18-1fe7-34f1-2083fed4886b">
      <Owners>
        <Owner name="lsk" />
      </Owners>
      <Execution id="036a5b98-7cd5-4631-aba3-e98ff6696983" />
      <TestMethod codeBase="D:\actions-runner\_work\XPCO\XPCO\Corporate\VideoOS.Administration.WpfControls.UnitTests\bin\x64\Debug\net472\VideoOS.Administration.WpfControls.UnitTests.dll" adapterTypeName="executor://mstestadapter/v2" className="VideoOS.Administration.WpfControls.UnitTests.Wizards.MoveHardware.PageViewModelDestinationRecorderSelectionTest" name="NavigatingTo_Selection_RecorderSelectionFromDataTest" />
    </UnitTest>
    <UnitTest name="NavigatingTo_CheckPreselectedRecorderHasHardware_False_NavigationNotCancelled" storage="d:\actions-runner\_work\xpco\xpco\corporate\videoos.administration.wpfcontrols.unittests\bin\x64\debug\net472\videoos.administration.wpfcontrols.unittests.dll" id="811a6089-74ef-6f7b-6f17-6fb2e3181bfc">
      <Execution id="ef452c72-13e6-4ed2-bd2e-723184976717" />
      <TestMethod codeBase="D:\actions-runner\_work\XPCO\XPCO\Corporate\VideoOS.Administration.WpfControls.UnitTests\bin\x64\Debug\net472\VideoOS.Administration.WpfControls.UnitTests.dll" adapterTypeName="executor://mstestadapter/v2" className="VideoOS.Administration.WpfControls.UnitTests.Wizards.ChangeHardwarePassword.PageViewModelPreValidationTest" name="NavigatingTo_CheckPreselectedRecorderHasHardware_False_NavigationNotCancelled" />
    </UnitTest>
    <UnitTest name="AllHardwareSelected_Update_NoneSelectedTest" storage="d:\actions-runner\_work\xpco\xpco\corporate\videoos.administration.wpfcontrols.unittests\bin\x64\debug\net472\videoos.administration.wpfcontrols.unittests.dll" id="ee1a6c82-df13-6176-6b5c-52dc28fe3ddf">
      <Owners>
        <Owner name="lsk" />
      </Owners>
      <Execution id="95a29039-9567-40ad-adaa-3a478336f567" />
      <TestMethod codeBase="D:\actions-runner\_work\XPCO\XPCO\Corporate\VideoOS.Administration.WpfControls.UnitTests\bin\x64\Debug\net472\VideoOS.Administration.WpfControls.UnitTests.dll" adapterTypeName="executor://mstestadapter/v2" className="VideoOS.Administration.WpfControls.UnitTests.Wizards.MoveHardware.PageViewModelHardwareSelectionTest" name="AllHardwareSelected_Update_NoneSelectedTest" />
    </UnitTest>
    <UnitTest name="SelectedRecorderChanged_ToCertainRecorder_RecorderFilterApplies" storage="d:\actions-runner\_work\xpco\xpco\corporate\videoos.administration.wpfcontrols.unittests\bin\x64\debug\net472\videoos.administration.wpfcontrols.unittests.dll" id="8242a71c-0de4-6927-8a39-1791b0d7b873">
      <Owners>
        <Owner name="max" />
      </Owners>
      <Execution id="bead4b41-e3e3-4501-af3b-1f4273ffed2b" />
      <TestMethod codeBase="D:\actions-runner\_work\XPCO\XPCO\Corporate\VideoOS.Administration.WpfControls.UnitTests\bin\x64\Debug\net472\VideoOS.Administration.WpfControls.UnitTests.dll" adapterTypeName="executor://mstestadapter/v2" className="VideoOS.Administration.WpfControls.UnitTests.Wizards.ChangeHardwarePassword.PageViewModelHardwareSelectionTest" name="SelectedRecorderChanged_ToCertainRecorder_RecorderFilterApplies" />
    </UnitTest>
    <UnitTest name="NavigatingTo_NoChecksFail_NoHardwareSelected_NavigationCancelled" storage="d:\actions-runner\_work\xpco\xpco\corporate\videoos.administration.wpfcontrols.unittests\bin\x64\debug\net472\videoos.administration.wpfcontrols.unittests.dll" id="0df571da-e4fb-32ab-4ee3-95684fc1842a">
      <Execution id="17c8ddfa-1a44-4dbc-a873-2b126c64fdb0" />
      <TestMethod codeBase="D:\actions-runner\_work\XPCO\XPCO\Corporate\VideoOS.Administration.WpfControls.UnitTests\bin\x64\Debug\net472\VideoOS.Administration.WpfControls.UnitTests.dll" adapterTypeName="executor://mstestadapter/v2" className="VideoOS.Administration.WpfControls.UnitTests.Wizards.UpdateFirmware.ViewModel.PageViewModelFirmwareUpdatePreValidationTest" name="NavigatingTo_NoChecksFail_NoHardwareSelected_NavigationCancelled" />
    </UnitTest>
    <UnitTest name="ColumnWidthSpec_Absolute_NegativeWidth_Throws_ArgumentException" storage="d:\actions-runner\_work\xpco\xpco\corporate\videoos.administration.wpfcontrols.unittests\bin\x64\debug\net472\videoos.administration.wpfcontrols.unittests.dll" id="d61bb21a-576a-7e2c-435a-73156e97ed44">
      <Execution id="5a490f15-961f-45a6-ab3b-f1f054fa03cc" />
      <TestMethod codeBase="D:\actions-runner\_work\XPCO\XPCO\Corporate\VideoOS.Administration.WpfControls.UnitTests\bin\x64\Debug\net472\VideoOS.Administration.WpfControls.UnitTests.dll" adapterTypeName="executor://mstestadapter/v2" className="VideoOS.Administration.WpfControls.UnitTests.Mvvm.InitialColumnSizingUnitTests" name="ColumnWidthSpec_Absolute_NegativeWidth_Throws_ArgumentException" />
    </UnitTest>
    <UnitTest name="SelectionChanged_GeneralTest" storage="d:\actions-runner\_work\xpco\xpco\corporate\videoos.administration.wpfcontrols.unittests\bin\x64\debug\net472\videoos.administration.wpfcontrols.unittests.dll" id="4d06ad98-29a4-d3b9-50b2-f429db25b5c3">
      <Owners>
        <Owner name="max" />
      </Owners>
      <Execution id="1b32dae1-0bc8-4407-9574-7653ce73edd5" />
      <TestMethod codeBase="D:\actions-runner\_work\XPCO\XPCO\Corporate\VideoOS.Administration.WpfControls.UnitTests\bin\x64\Debug\net472\VideoOS.Administration.WpfControls.UnitTests.dll" adapterTypeName="executor://mstestadapter/v2" className="VideoOS.Administration.WpfControls.UnitTests.Wizards.ChangeHardwarePassword.PageViewModelHardwareSelectionTest" name="SelectionChanged_GeneralTest" />
    </UnitTest>
    <UnitTest name="NavigatingTo_Selection_HardwareSelectionFromDataHasPriorityTest" storage="d:\actions-runner\_work\xpco\xpco\corporate\videoos.administration.wpfcontrols.unittests\bin\x64\debug\net472\videoos.administration.wpfcontrols.unittests.dll" id="0df3c2d4-bc35-fe33-27ef-e68424600acc">
      <Owners>
        <Owner name="max" />
      </Owners>
      <Execution id="b750e478-8982-4011-9bc1-687b9553c1ce" />
      <TestMethod codeBase="D:\actions-runner\_work\XPCO\XPCO\Corporate\VideoOS.Administration.WpfControls.UnitTests\bin\x64\Debug\net472\VideoOS.Administration.WpfControls.UnitTests.dll" adapterTypeName="executor://mstestadapter/v2" className="VideoOS.Administration.WpfControls.UnitTests.Wizards.ChangeHardwarePassword.PageViewModelHardwareSelectionTest" name="NavigatingTo_Selection_HardwareSelectionFromDataHasPriorityTest" />
    </UnitTest>
    <UnitTest name="Constructor_EmptyPropertyTest" storage="d:\actions-runner\_work\xpco\xpco\corporate\videoos.administration.wpfcontrols.unittests\bin\x64\debug\net472\videoos.administration.wpfcontrols.unittests.dll" id="87fe0b7e-00f2-076c-8837-5f1588ddfb23">
      <Owners>
        <Owner name="lsk" />
      </Owners>
      <Execution id="751a433f-b950-481f-a62a-ad0cc6978384" />
      <TestMethod codeBase="D:\actions-runner\_work\XPCO\XPCO\Corporate\VideoOS.Administration.WpfControls.UnitTests\bin\x64\Debug\net472\VideoOS.Administration.WpfControls.UnitTests.dll" adapterTypeName="executor://mstestadapter/v2" className="VideoOS.Administration.WpfControls.UnitTests.Mvvm.Sort.SimpleSortWithFallbackTest" name="Constructor_EmptyPropertyTest" />
    </UnitTest>
    <UnitTest name="SortEquality_MoreThanTwoValues" storage="d:\actions-runner\_work\xpco\xpco\corporate\videoos.administration.wpfcontrols.unittests\bin\x64\debug\net472\videoos.administration.wpfcontrols.unittests.dll" id="f190f748-5346-8eb6-4db4-3d0611f2cb89">
      <Execution id="596779f0-da51-4729-9e10-1a5cfadc977b" />
      <TestMethod codeBase="D:\actions-runner\_work\XPCO\XPCO\Corporate\VideoOS.Administration.WpfControls.UnitTests\bin\x64\Debug\net472\VideoOS.Administration.WpfControls.UnitTests.dll" adapterTypeName="executor://mstestadapter/v2" className="VideoOS.Administration.WpfControls.UnitTests.Wizards.Common.TwoSortsToSortEqualityMultiValueConverterTest" name="SortEquality_MoreThanTwoValues" />
    </UnitTest>
    <UnitTest name="SelectionChanged_NoEventIfSelectionDoesNotChangeTest" storage="d:\actions-runner\_work\xpco\xpco\corporate\videoos.administration.wpfcontrols.unittests\bin\x64\debug\net472\videoos.administration.wpfcontrols.unittests.dll" id="9c53d870-f2f9-088b-c2bd-a9607b98a852">
      <Owners>
        <Owner name="lsk" />
      </Owners>
      <Execution id="67245c6b-ae5a-4244-ad10-97d97587db8d" />
      <TestMethod codeBase="D:\actions-runner\_work\XPCO\XPCO\Corporate\VideoOS.Administration.WpfControls.UnitTests\bin\x64\Debug\net472\VideoOS.Administration.WpfControls.UnitTests.dll" adapterTypeName="executor://mstestadapter/v2" className="VideoOS.Administration.WpfControls.UnitTests.Wizards.MoveHardware.PageViewModelHardwareSelectionTest" name="SelectionChanged_NoEventIfSelectionDoesNotChangeTest" />
    </UnitTest>
    <UnitTest name="Convert_InvalidMethodEnum_Throws_InvalidOperationException" storage="d:\actions-runner\_work\xpco\xpco\corporate\videoos.administration.wpfcontrols.unittests\bin\x64\debug\net472\videoos.administration.wpfcontrols.unittests.dll" id="3ee79c97-9160-57a2-454a-bba6927f5f95">
      <Execution id="14d41efe-25b0-43b7-9b59-2de66b76ce09" />
      <TestMethod codeBase="D:\actions-runner\_work\XPCO\XPCO\Corporate\VideoOS.Administration.WpfControls.UnitTests\bin\x64\Debug\net472\VideoOS.Administration.WpfControls.UnitTests.dll" adapterTypeName="executor://mstestadapter/v2" className="VideoOS.Administration.WpfControls.UnitTests.Mvvm.Converters.StringMethodResultConverterUnitTests" name="Convert_InvalidMethodEnum_Throws_InvalidOperationException" />
    </UnitTest>
    <UnitTest name="Constructor_NullDataTest_Data" storage="d:\actions-runner\_work\xpco\xpco\corporate\videoos.administration.wpfcontrols.unittests\bin\x64\debug\net472\videoos.administration.wpfcontrols.unittests.dll" id="209167c4-8248-0ab8-8dd9-08811f572a2c">
      <Owners>
        <Owner name="max" />
      </Owners>
      <Execution id="f210d43e-7e90-4540-9247-f34ca98c1c82" />
      <TestMethod codeBase="D:\actions-runner\_work\XPCO\XPCO\Corporate\VideoOS.Administration.WpfControls.UnitTests\bin\x64\Debug\net472\VideoOS.Administration.WpfControls.UnitTests.dll" adapterTypeName="executor://mstestadapter/v2" className="VideoOS.Administration.WpfControls.UnitTests.Wizards.ChangeHardwarePassword.PageViewModelChangeHardwarePasswordTest" name="Constructor_NullDataTest_Data" />
    </UnitTest>
    <UnitTest name="Convert_ArgumentNullException" storage="d:\actions-runner\_work\xpco\xpco\corporate\videoos.administration.wpfcontrols.unittests\bin\x64\debug\net472\videoos.administration.wpfcontrols.unittests.dll" id="097b294e-fe0c-9543-f844-6b0510e37afd">
      <Execution id="9d6ffb8e-8757-4c9a-89c8-6f3b1671891a" />
      <TestMethod codeBase="D:\actions-runner\_work\XPCO\XPCO\Corporate\VideoOS.Administration.WpfControls.UnitTests\bin\x64\Debug\net472\VideoOS.Administration.WpfControls.UnitTests.dll" adapterTypeName="executor://mstestadapter/v2" className="VideoOS.Administration.WpfControls.UnitTests.Wizards.UpdateFirmware.View.Converters.PreValidationErrorToStringValueConverterTest" name="Convert_ArgumentNullException" />
    </UnitTest>
    <UnitTest name="SortBaseCommon_IsEquivalentOf_SortDescriptionCollection_NullTest" storage="d:\actions-runner\_work\xpco\xpco\corporate\videoos.administration.wpfcontrols.unittests\bin\x64\debug\net472\videoos.administration.wpfcontrols.unittests.dll" id="9352c0ce-e0c0-7e74-5814-1b44dcb4edf3">
      <Owners>
        <Owner name="lsk" />
      </Owners>
      <Execution id="ca607ef2-8e11-4f02-81bb-00a880e42db6" />
      <TestMethod codeBase="D:\actions-runner\_work\XPCO\XPCO\Corporate\VideoOS.Administration.WpfControls.UnitTests\bin\x64\Debug\net472\VideoOS.Administration.WpfControls.UnitTests.dll" adapterTypeName="executor://mstestadapter/v2" className="VideoOS.Administration.WpfControls.UnitTests.Mvvm.Sort.SimpleSortWithFallbackTest" name="SortBaseCommon_IsEquivalentOf_SortDescriptionCollection_NullTest" />
    </UnitTest>
    <UnitTest name="NavigatingTo_Selection_SingleRecorderTest" storage="d:\actions-runner\_work\xpco\xpco\corporate\videoos.administration.wpfcontrols.unittests\bin\x64\debug\net472\videoos.administration.wpfcontrols.unittests.dll" id="382cc119-c747-28aa-a92f-6bcf3ee3abe3">
      <Owners>
        <Owner name="lsk" />
      </Owners>
      <Execution id="5a07f524-070a-4c39-bdea-7960fbaab414" />
      <TestMethod codeBase="D:\actions-runner\_work\XPCO\XPCO\Corporate\VideoOS.Administration.WpfControls.UnitTests\bin\x64\Debug\net472\VideoOS.Administration.WpfControls.UnitTests.dll" adapterTypeName="executor://mstestadapter/v2" className="VideoOS.Administration.WpfControls.UnitTests.Wizards.MoveHardware.PageViewModelDestinationRecorderSelectionTest" name="NavigatingTo_Selection_SingleRecorderTest" />
    </UnitTest>
    <UnitTest name="NavigatingTo_MoveHappensInBackgroundTest" storage="d:\actions-runner\_work\xpco\xpco\corporate\videoos.administration.wpfcontrols.unittests\bin\x64\debug\net472\videoos.administration.wpfcontrols.unittests.dll" id="1f68772d-a050-7bad-a9be-4fd5da9fe348">
      <Owners>
        <Owner name="lsk" />
      </Owners>
      <Execution id="c233599c-a588-4a1d-b423-3c3b440779f7" />
      <TestMethod codeBase="D:\actions-runner\_work\XPCO\XPCO\Corporate\VideoOS.Administration.WpfControls.UnitTests\bin\x64\Debug\net472\VideoOS.Administration.WpfControls.UnitTests.dll" adapterTypeName="executor://mstestadapter/v2" className="VideoOS.Administration.WpfControls.UnitTests.Wizards.MoveHardware.PageViewModelMoveProgressTest" name="NavigatingTo_MoveHappensInBackgroundTest" />
    </UnitTest>
    <UnitTest name="NextCommand_IsAvailable_AvailableTest" storage="d:\actions-runner\_work\xpco\xpco\corporate\videoos.administration.wpfcontrols.unittests\bin\x64\debug\net472\videoos.administration.wpfcontrols.unittests.dll" id="fd5e5db7-75bb-c1b4-bc63-c5e02bac5794">
      <Owners>
        <Owner name="lsk" />
      </Owners>
      <Execution id="ad04fe34-57e4-4206-aa8a-c57db26dd900" />
      <TestMethod codeBase="D:\actions-runner\_work\XPCO\XPCO\Corporate\VideoOS.Administration.WpfControls.UnitTests\bin\x64\Debug\net472\VideoOS.Administration.WpfControls.UnitTests.dll" adapterTypeName="executor://mstestadapter/v2" className="VideoOS.Administration.WpfControls.UnitTests.Wizards.Common.WizardBaseViewModelTest" name="NextCommand_IsAvailable_AvailableTest" />
    </UnitTest>
    <UnitTest name="Initialize_NoFixedHardwareSelectionTest" storage="d:\actions-runner\_work\xpco\xpco\corporate\videoos.administration.wpfcontrols.unittests\bin\x64\debug\net472\videoos.administration.wpfcontrols.unittests.dll" id="664e6493-a350-b92e-3224-2f6b509268ea">
      <Owners>
        <Owner name="lsk" />
      </Owners>
      <Execution id="5b4f3957-0549-4317-9aa1-2c47afbb10df" />
      <TestMethod codeBase="D:\actions-runner\_work\XPCO\XPCO\Corporate\VideoOS.Administration.WpfControls.UnitTests\bin\x64\Debug\net472\VideoOS.Administration.WpfControls.UnitTests.dll" adapterTypeName="executor://mstestadapter/v2" className="VideoOS.Administration.WpfControls.UnitTests.Wizards.MoveHardware.WizardViewModelTest" name="Initialize_NoFixedHardwareSelectionTest" />
    </UnitTest>
    <UnitTest name="ConvertFalseToHiddenTest" storage="d:\actions-runner\_work\xpco\xpco\corporate\videoos.administration.wpfcontrols.unittests\bin\x64\debug\net472\videoos.administration.wpfcontrols.unittests.dll" id="b606ee6a-05aa-e9cf-e810-d6392db2fc5e">
      <Execution id="6c1711bd-9919-42f2-80ec-7220328919f5" />
      <TestMethod codeBase="D:\actions-runner\_work\XPCO\XPCO\Corporate\VideoOS.Administration.WpfControls.UnitTests\bin\x64\Debug\net472\VideoOS.Administration.WpfControls.UnitTests.dll" adapterTypeName="executor://mstestadapter/v2" className="VideoOS.Administration.WpfControls.UnitTests.Mvvm.Converters.BoolToVisibilityConverterUnitTests" name="ConvertFalseToHiddenTest" />
    </UnitTest>
    <UnitTest name="Convert_Minutes_Over30SecondsOffsetTest" storage="d:\actions-runner\_work\xpco\xpco\corporate\videoos.administration.wpfcontrols.unittests\bin\x64\debug\net472\videoos.administration.wpfcontrols.unittests.dll" id="72598820-c238-bb8a-f0d6-7f6e083a2fec">
      <Owners>
        <Owner name="lsk" />
      </Owners>
      <Execution id="9f2bb650-82b0-4003-b706-d46fdff1f5de" />
      <TestMethod codeBase="D:\actions-runner\_work\XPCO\XPCO\Corporate\VideoOS.Administration.WpfControls.UnitTests\bin\x64\Debug\net472\VideoOS.Administration.WpfControls.UnitTests.dll" adapterTypeName="executor://mstestadapter/v2" className="VideoOS.Administration.WpfControls.UnitTests.Wizards.MoveHardware.StorageRetentionTimeToStringValueConverterTest" name="Convert_Minutes_Over30SecondsOffsetTest" />
    </UnitTest>
    <UnitTest name="LookupAdvancedConfigurationEnabled_Success" storage="d:\actions-runner\_work\xpco\xpco\corporate\videoos.administration.wpfcontrols.unittests\bin\x64\debug\net472\videoos.administration.wpfcontrols.unittests.dll" id="451f83de-0a41-8213-0a57-91c8b4aab529">
      <Execution id="4f0388d2-7ee7-4261-b299-9a7685b1ad59" />
      <TestMethod codeBase="D:\actions-runner\_work\XPCO\XPCO\Corporate\VideoOS.Administration.WpfControls.UnitTests\bin\x64\Debug\net472\VideoOS.Administration.WpfControls.UnitTests.dll" adapterTypeName="executor://mstestadapter/v2" className="VideoOS.Administration.WpfControls.UnitTests.SystemMonitorEventThresholds.ViewModel.SystemDashboard_PerformanceStateRuleConfigurationHelperTest" name="LookupAdvancedConfigurationEnabled_Success" />
    </UnitTest>
    <UnitTest name="Validate_WithPasswordManualEntry_RequiresLowercase_Succeeds" storage="d:\actions-runner\_work\xpco\xpco\corporate\videoos.administration.wpfcontrols.unittests\bin\x64\debug\net472\videoos.administration.wpfcontrols.unittests.dll" id="40f49818-b350-9a60-17f9-9b1f78426319">
      <Owners>
        <Owner name="max" />
      </Owners>
      <Execution id="1e2bfa14-aac2-4dfe-ae37-e0f732a16a4b" />
      <TestMethod codeBase="D:\actions-runner\_work\XPCO\XPCO\Corporate\VideoOS.Administration.WpfControls.UnitTests\bin\x64\Debug\net472\VideoOS.Administration.WpfControls.UnitTests.dll" adapterTypeName="executor://mstestadapter/v2" className="VideoOS.Administration.WpfControls.UnitTests.Wizards.ChangeHardwarePassword.PageViewModelChangeHardwarePasswordTest" name="Validate_WithPasswordManualEntry_RequiresLowercase_Succeeds" />
    </UnitTest>
    <UnitTest name="SortEquality_NullTargetType" storage="d:\actions-runner\_work\xpco\xpco\corporate\videoos.administration.wpfcontrols.unittests\bin\x64\debug\net472\videoos.administration.wpfcontrols.unittests.dll" id="105dcca2-cdc3-0863-6144-8659dbf0dd2e">
      <Execution id="52ce2a19-a9aa-4063-9e28-fbd87677cd13" />
      <TestMethod codeBase="D:\actions-runner\_work\XPCO\XPCO\Corporate\VideoOS.Administration.WpfControls.UnitTests\bin\x64\Debug\net472\VideoOS.Administration.WpfControls.UnitTests.dll" adapterTypeName="executor://mstestadapter/v2" className="VideoOS.Administration.WpfControls.UnitTests.Wizards.Common.TwoSortsToSortEqualityMultiValueConverterTest" name="SortEquality_NullTargetType" />
    </UnitTest>
    <UnitTest name="NextCommand_IsAvailable_LastPageValidationTest" storage="d:\actions-runner\_work\xpco\xpco\corporate\videoos.administration.wpfcontrols.unittests\bin\x64\debug\net472\videoos.administration.wpfcontrols.unittests.dll" id="e129284c-28cd-7195-bcdf-a16aa9bd8b13">
      <Owners>
        <Owner name="lsk" />
      </Owners>
      <Execution id="b1298a74-2917-4553-94aa-3a463378f5de" />
      <TestMethod codeBase="D:\actions-runner\_work\XPCO\XPCO\Corporate\VideoOS.Administration.WpfControls.UnitTests\bin\x64\Debug\net472\VideoOS.Administration.WpfControls.UnitTests.dll" adapterTypeName="executor://mstestadapter/v2" className="VideoOS.Administration.WpfControls.UnitTests.Wizards.Common.WizardBaseViewModelTest" name="NextCommand_IsAvailable_LastPageValidationTest" />
    </UnitTest>
    <UnitTest name="SortBaseCommon_Equality_SortBase_OtherClassTest" storage="d:\actions-runner\_work\xpco\xpco\corporate\videoos.administration.wpfcontrols.unittests\bin\x64\debug\net472\videoos.administration.wpfcontrols.unittests.dll" id="78509e9b-d581-7425-3c51-508461a66293">
      <Owners>
        <Owner name="lsk" />
      </Owners>
      <Execution id="040daa90-7d9b-47ff-abbc-69fba0feb6d9" />
      <TestMethod codeBase="D:\actions-runner\_work\XPCO\XPCO\Corporate\VideoOS.Administration.WpfControls.UnitTests\bin\x64\Debug\net472\VideoOS.Administration.WpfControls.UnitTests.dll" adapterTypeName="executor://mstestadapter/v2" className="VideoOS.Administration.WpfControls.UnitTests.Mvvm.Sort.SimpleSortWithFallbackTest" name="SortBaseCommon_Equality_SortBase_OtherClassTest" />
    </UnitTest>
    <UnitTest name="ThresholdLevelHeightMultiValueConverter_Success" storage="d:\actions-runner\_work\xpco\xpco\corporate\videoos.administration.wpfcontrols.unittests\bin\x64\debug\net472\videoos.administration.wpfcontrols.unittests.dll" id="a7f572ea-cebb-1990-3ea9-f8bbb206d1fc">
      <TestCategory>
        <TestCategoryItem TestCategory="SystemMonitorEventThresholds" />
      </TestCategory>
      <Execution id="4eaf0f94-a267-4948-b10a-196830c294a7" />
      <TestMethod codeBase="D:\actions-runner\_work\XPCO\XPCO\Corporate\VideoOS.Administration.WpfControls.UnitTests\bin\x64\Debug\net472\VideoOS.Administration.WpfControls.UnitTests.dll" adapterTypeName="executor://mstestadapter/v2" className="VideoOS.Administration.WpfControls.UnitTests.SystemMonitorEventThresholds.Converters.ThresholdConverterTests" name="ThresholdLevelHeightMultiValueConverter_Success" />
    </UnitTest>
    <UnitTest name="TestInvalidNodeException" storage="d:\actions-runner\_work\xpco\xpco\corporate\videoos.administration.wpfcontrols.unittests\bin\x64\debug\net472\videoos.administration.wpfcontrols.unittests.dll" id="881375b9-0ac3-4207-9457-fab7c100ab70">
      <Execution id="a974c5a1-7576-4444-bfe4-c4d1e2324313" />
      <TestMethod codeBase="D:\actions-runner\_work\XPCO\XPCO\Corporate\VideoOS.Administration.WpfControls.UnitTests\bin\x64\Debug\net472\VideoOS.Administration.WpfControls.UnitTests.dll" adapterTypeName="executor://mstestadapter/v2" className="VideoOS.Administration.WpfControls.UnitTests.StorageInfoTests" name="TestInvalidNodeException" />
    </UnitTest>
    <UnitTest name="ConvertBack_InvalidOperationException" storage="d:\actions-runner\_work\xpco\xpco\corporate\videoos.administration.wpfcontrols.unittests\bin\x64\debug\net472\videoos.administration.wpfcontrols.unittests.dll" id="df9a00c3-c8ad-089d-aa28-7ec6197b3647">
      <Execution id="6e7bba09-a7af-4988-8512-3e07d4f5b00f" />
      <TestMethod codeBase="D:\actions-runner\_work\XPCO\XPCO\Corporate\VideoOS.Administration.WpfControls.UnitTests\bin\x64\Debug\net472\VideoOS.Administration.WpfControls.UnitTests.dll" adapterTypeName="executor://mstestadapter/v2" className="VideoOS.Administration.WpfControls.UnitTests.Wizards.ChangeHardwarePassword.WarningsToStringConverterTest" name="ConvertBack_InvalidOperationException" />
    </UnitTest>
    <UnitTest name="SortBaseCommon_GetHashCode_SameInstanceTest" storage="d:\actions-runner\_work\xpco\xpco\corporate\videoos.administration.wpfcontrols.unittests\bin\x64\debug\net472\videoos.administration.wpfcontrols.unittests.dll" id="ec71d9ba-cee7-d63f-b4b9-fe7c185e4256">
      <Owners>
        <Owner name="lsk" />
      </Owners>
      <Execution id="84d7b876-083a-47c9-9223-911f9e4f4a8d" />
      <TestMethod codeBase="D:\actions-runner\_work\XPCO\XPCO\Corporate\VideoOS.Administration.WpfControls.UnitTests\bin\x64\Debug\net472\VideoOS.Administration.WpfControls.UnitTests.dll" adapterTypeName="executor://mstestadapter/v2" className="VideoOS.Administration.WpfControls.UnitTests.Mvvm.Sort.SimpleSortWithFallbackTest" name="SortBaseCommon_GetHashCode_SameInstanceTest" />
    </UnitTest>
    <UnitTest name="NavigatingTo_PreSelection_FromDefaultStorageTest" storage="d:\actions-runner\_work\xpco\xpco\corporate\videoos.administration.wpfcontrols.unittests\bin\x64\debug\net472\videoos.administration.wpfcontrols.unittests.dll" id="7be88bc8-74e5-1b8d-8b19-adb83f174784">
      <Owners>
        <Owner name="lsk" />
      </Owners>
      <Execution id="992cdee9-8518-43d6-ad1a-2d020ecb53d1" />
      <TestMethod codeBase="D:\actions-runner\_work\XPCO\XPCO\Corporate\VideoOS.Administration.WpfControls.UnitTests\bin\x64\Debug\net472\VideoOS.Administration.WpfControls.UnitTests.dll" adapterTypeName="executor://mstestadapter/v2" className="VideoOS.Administration.WpfControls.UnitTests.Wizards.MoveHardware.PageViewModelDestinationStorageSelectionTest" name="NavigatingTo_PreSelection_FromDefaultStorageTest" />
    </UnitTest>
    <UnitTest name="Constructor_HardwareSelectionNullTest" storage="d:\actions-runner\_work\xpco\xpco\corporate\videoos.administration.wpfcontrols.unittests\bin\x64\debug\net472\videoos.administration.wpfcontrols.unittests.dll" id="b16dc414-82bb-0a48-2010-aab727818a55">
      <Owners>
        <Owner name="ale" />
      </Owners>
      <Execution id="957f4b37-3e57-4f53-ac59-9d615f6c554e" />
      <TestMethod codeBase="D:\actions-runner\_work\XPCO\XPCO\Corporate\VideoOS.Administration.WpfControls.UnitTests\bin\x64\Debug\net472\VideoOS.Administration.WpfControls.UnitTests.dll" adapterTypeName="executor://mstestadapter/v2" className="VideoOS.Administration.WpfControls.UnitTests.Wizards.UpdateFirmware.ViewModel.WizardFirmwareUpdateViewModelTest" name="Constructor_HardwareSelectionNullTest" />
    </UnitTest>
    <UnitTest name="Convert_AllValues" storage="d:\actions-runner\_work\xpco\xpco\corporate\videoos.administration.wpfcontrols.unittests\bin\x64\debug\net472\videoos.administration.wpfcontrols.unittests.dll" id="98f18924-197c-0bd6-8f3c-5fa068d90c80">
      <Execution id="881c4767-6afa-45c6-9ae2-ca42c55f930f" />
      <TestMethod codeBase="D:\actions-runner\_work\XPCO\XPCO\Corporate\VideoOS.Administration.WpfControls.UnitTests\bin\x64\Debug\net472\VideoOS.Administration.WpfControls.UnitTests.dll" adapterTypeName="executor://mstestadapter/v2" className="VideoOS.Administration.WpfControls.UnitTests.Wizards.UpdateFirmware.View.Converters.StatusToSingleValueConverterTest" name="Convert_AllValues" />
    </UnitTest>
    <UnitTest name="ConvertTrueToVisibleTest" storage="d:\actions-runner\_work\xpco\xpco\corporate\videoos.administration.wpfcontrols.unittests\bin\x64\debug\net472\videoos.administration.wpfcontrols.unittests.dll" id="bfd1e10f-b778-d28b-e4d4-fe93a0ae1bd1">
      <Execution id="2084efe4-383b-440e-8403-e0bb1e9a4c38" />
      <TestMethod codeBase="D:\actions-runner\_work\XPCO\XPCO\Corporate\VideoOS.Administration.WpfControls.UnitTests\bin\x64\Debug\net472\VideoOS.Administration.WpfControls.UnitTests.dll" adapterTypeName="executor://mstestadapter/v2" className="VideoOS.Administration.WpfControls.UnitTests.Mvvm.Converters.BoolToCollapsedConverterUnitTests" name="ConvertTrueToVisibleTest" />
    </UnitTest>
    <UnitTest name="Convert_Minutes_SingularTest" storage="d:\actions-runner\_work\xpco\xpco\corporate\videoos.administration.wpfcontrols.unittests\bin\x64\debug\net472\videoos.administration.wpfcontrols.unittests.dll" id="d36a3749-ed69-d572-71bf-c3c15bdba9dc">
      <Owners>
        <Owner name="lsk" />
      </Owners>
      <Execution id="a79e5599-7633-4e02-bf93-0723e5ffd147" />
      <TestMethod codeBase="D:\actions-runner\_work\XPCO\XPCO\Corporate\VideoOS.Administration.WpfControls.UnitTests\bin\x64\Debug\net472\VideoOS.Administration.WpfControls.UnitTests.dll" adapterTypeName="executor://mstestadapter/v2" className="VideoOS.Administration.WpfControls.UnitTests.Wizards.MoveHardware.StorageRetentionTimeToStringValueConverterTest" name="Convert_Minutes_SingularTest" />
    </UnitTest>
    <UnitTest name="VmoAccess_SuppressedExceptionInList_PopupIsNotDisplayedOnException" storage="d:\actions-runner\_work\xpco\xpco\corporate\videoos.administration.wpfcontrols.unittests\bin\x64\debug\net472\videoos.administration.wpfcontrols.unittests.dll" id="07ee7d52-67c7-d86d-369e-0ee0b7f43734">
      <Execution id="4f64bbd0-1e5e-4690-999d-1f7a552709d6" />
      <TestMethod codeBase="D:\actions-runner\_work\XPCO\XPCO\Corporate\VideoOS.Administration.WpfControls.UnitTests\bin\x64\Debug\net472\VideoOS.Administration.WpfControls.UnitTests.dll" adapterTypeName="executor://mstestadapter/v2" className="VideoOS.Administration.WpfControls.UnitTests.SystemMonitorEventThresholds.HandledVmoAccessTests" name="VmoAccess_SuppressedExceptionInList_PopupIsNotDisplayedOnException" />
    </UnitTest>
    <UnitTest name="NavigatingTo_Selection_HardwareSelectionFromDataHasPriorityTest" storage="d:\actions-runner\_work\xpco\xpco\corporate\videoos.administration.wpfcontrols.unittests\bin\x64\debug\net472\videoos.administration.wpfcontrols.unittests.dll" id="94d61cec-6acb-8c91-3198-fb920ad6db82">
      <Owners>
        <Owner name="lsk" />
      </Owners>
      <Execution id="6d9a7970-0a35-4d5a-adcc-06dc0200642e" />
      <TestMethod codeBase="D:\actions-runner\_work\XPCO\XPCO\Corporate\VideoOS.Administration.WpfControls.UnitTests\bin\x64\Debug\net472\VideoOS.Administration.WpfControls.UnitTests.dll" adapterTypeName="executor://mstestadapter/v2" className="VideoOS.Administration.WpfControls.UnitTests.Wizards.MoveHardware.PageViewModelHardwareSelectionTest" name="NavigatingTo_Selection_HardwareSelectionFromDataHasPriorityTest" />
    </UnitTest>
    <UnitTest name="NavigatingTo_CheckPreselectedRecorderAvailable_False_NavigationNotCancelled" storage="d:\actions-runner\_work\xpco\xpco\corporate\videoos.administration.wpfcontrols.unittests\bin\x64\debug\net472\videoos.administration.wpfcontrols.unittests.dll" id="c0e9a277-e1e2-509a-d802-3ba2b6ebf03e">
      <Execution id="70e4d77d-8316-44e5-ba09-588fd3cf66e5" />
      <TestMethod codeBase="D:\actions-runner\_work\XPCO\XPCO\Corporate\VideoOS.Administration.WpfControls.UnitTests\bin\x64\Debug\net472\VideoOS.Administration.WpfControls.UnitTests.dll" adapterTypeName="executor://mstestadapter/v2" className="VideoOS.Administration.WpfControls.UnitTests.Wizards.UpdateFirmware.ViewModel.PageViewModelFirmwareUpdatePreValidationTest" name="NavigatingTo_CheckPreselectedRecorderAvailable_False_NavigationNotCancelled" />
    </UnitTest>
    <UnitTest name="SystemDashboard_LookupCalculationBufferMin_Success" storage="d:\actions-runner\_work\xpco\xpco\corporate\videoos.administration.wpfcontrols.unittests\bin\x64\debug\net472\videoos.administration.wpfcontrols.unittests.dll" id="78a88df1-0567-411c-90b4-86013350efa5">
      <Execution id="cf3597c8-fe62-4ac0-9fbf-f47cf6028187" />
      <TestMethod codeBase="D:\actions-runner\_work\XPCO\XPCO\Corporate\VideoOS.Administration.WpfControls.UnitTests\bin\x64\Debug\net472\VideoOS.Administration.WpfControls.UnitTests.dll" adapterTypeName="executor://mstestadapter/v2" className="VideoOS.Administration.WpfControls.UnitTests.SystemMonitorEventThresholds.ViewModel.SystemDashboard_PerformanceStateRuleConfigurationHelperTest" name="SystemDashboard_LookupCalculationBufferMin_Success" />
    </UnitTest>
    <UnitTest name="Convert_ArgumentNullException" storage="d:\actions-runner\_work\xpco\xpco\corporate\videoos.administration.wpfcontrols.unittests\bin\x64\debug\net472\videoos.administration.wpfcontrols.unittests.dll" id="c3c54a72-1587-3a50-e0f2-352c45432496">
      <Execution id="723fc6fc-7cbe-4add-8fa3-7d1aa6aaebd3" />
      <TestMethod codeBase="D:\actions-runner\_work\XPCO\XPCO\Corporate\VideoOS.Administration.WpfControls.UnitTests\bin\x64\Debug\net472\VideoOS.Administration.WpfControls.UnitTests.dll" adapterTypeName="executor://mstestadapter/v2" className="VideoOS.Administration.WpfControls.UnitTests.Wizards.MoveHardware.StatusToSingleValueConverterTest" name="Convert_ArgumentNullException" />
    </UnitTest>
    <UnitTest name="SortBaseCommon_Equality_SortBase_DifferentObjectsTest" storage="d:\actions-runner\_work\xpco\xpco\corporate\videoos.administration.wpfcontrols.unittests\bin\x64\debug\net472\videoos.administration.wpfcontrols.unittests.dll" id="204c20ab-1b37-4d10-3045-65864beed6a2">
      <Owners>
        <Owner name="lsk" />
      </Owners>
      <Execution id="768fbc7f-357e-4ced-b76d-96501096c618" />
      <TestMethod codeBase="D:\actions-runner\_work\XPCO\XPCO\Corporate\VideoOS.Administration.WpfControls.UnitTests\bin\x64\Debug\net472\VideoOS.Administration.WpfControls.UnitTests.dll" adapterTypeName="executor://mstestadapter/v2" className="VideoOS.Administration.WpfControls.UnitTests.Mvvm.Sort.SimpleSortWithFallbackTest" name="SortBaseCommon_Equality_SortBase_DifferentObjectsTest" />
    </UnitTest>
    <UnitTest name="Convert_Starting_NewLines_Ignored" storage="d:\actions-runner\_work\xpco\xpco\corporate\videoos.administration.wpfcontrols.unittests\bin\x64\debug\net472\videoos.administration.wpfcontrols.unittests.dll" id="13235a76-a8d4-67fb-f05f-0652b5b067ff">
      <Execution id="d06ad42b-3787-45d8-bb72-d55d53c2953c" />
      <TestMethod codeBase="D:\actions-runner\_work\XPCO\XPCO\Corporate\VideoOS.Administration.WpfControls.UnitTests\bin\x64\Debug\net472\VideoOS.Administration.WpfControls.UnitTests.dll" adapterTypeName="executor://mstestadapter/v2" className="VideoOS.Administration.WpfControls.UnitTests.Wizards.ChangeHardwarePassword.MultilineToSingleLineTextConverterUnitTests" name="Convert_Starting_NewLines_Ignored" />
    </UnitTest>
    <UnitTest name="AllHardwareSelected_Event_NoEventIfValueDoesNotChangeTest" storage="d:\actions-runner\_work\xpco\xpco\corporate\videoos.administration.wpfcontrols.unittests\bin\x64\debug\net472\videoos.administration.wpfcontrols.unittests.dll" id="449e5142-e2d4-1930-46ea-596d4d9d4839">
      <Owners>
        <Owner name="lsk" />
      </Owners>
      <Execution id="33a53722-0e41-4d32-9613-48aed97c614b" />
      <TestMethod codeBase="D:\actions-runner\_work\XPCO\XPCO\Corporate\VideoOS.Administration.WpfControls.UnitTests\bin\x64\Debug\net472\VideoOS.Administration.WpfControls.UnitTests.dll" adapterTypeName="executor://mstestadapter/v2" className="VideoOS.Administration.WpfControls.UnitTests.Wizards.MoveHardware.PageViewModelHardwareSelectionTest" name="AllHardwareSelected_Event_NoEventIfValueDoesNotChangeTest" />
    </UnitTest>
    <UnitTest name="CurrentStatus_Event_SetSelectionTest" storage="d:\actions-runner\_work\xpco\xpco\corporate\videoos.administration.wpfcontrols.unittests\bin\x64\debug\net472\videoos.administration.wpfcontrols.unittests.dll" id="89a9512f-0a88-6fc2-d941-d71c3d7ab26c">
      <Owners>
        <Owner name="max" />
      </Owners>
      <Execution id="a0bac492-0621-4a43-9329-89ca56202473" />
      <TestMethod codeBase="D:\actions-runner\_work\XPCO\XPCO\Corporate\VideoOS.Administration.WpfControls.UnitTests\bin\x64\Debug\net472\VideoOS.Administration.WpfControls.UnitTests.dll" adapterTypeName="executor://mstestadapter/v2" className="VideoOS.Administration.WpfControls.UnitTests.Wizards.ChangeHardwarePassword.PageViewModelHardwareSelectionTest" name="CurrentStatus_Event_SetSelectionTest" />
    </UnitTest>
    <UnitTest name="InitialFocus_SetEnabled_ItemsControl_Focus_Called_On_First_Item" storage="d:\actions-runner\_work\xpco\xpco\corporate\videoos.administration.wpfcontrols.unittests\bin\x64\debug\net472\videoos.administration.wpfcontrols.unittests.dll" id="4390b2ea-086f-aac5-08c1-04c155b3b2c2">
      <Execution id="9defc3b4-6cf0-4bca-aeae-a60bd94d0f21" />
      <TestMethod codeBase="D:\actions-runner\_work\XPCO\XPCO\Corporate\VideoOS.Administration.WpfControls.UnitTests\bin\x64\Debug\net472\VideoOS.Administration.WpfControls.UnitTests.dll" adapterTypeName="executor://mstestadapter/v2" className="VideoOS.Administration.WpfControls.UnitTests.Mvvm.InitialFocusUnitTest" name="InitialFocus_SetEnabled_ItemsControl_Focus_Called_On_First_Item" />
    </UnitTest>
    <UnitTest name="NavigatingTo_Selection_UnavailableItemTest" storage="d:\actions-runner\_work\xpco\xpco\corporate\videoos.administration.wpfcontrols.unittests\bin\x64\debug\net472\videoos.administration.wpfcontrols.unittests.dll" id="984ea193-6ced-c93b-d0dc-9a87f25076ce">
      <Owners>
        <Owner name="lsk" />
      </Owners>
      <Execution id="18bd0ab0-a620-4d16-9428-bc306749d762" />
      <TestMethod codeBase="D:\actions-runner\_work\XPCO\XPCO\Corporate\VideoOS.Administration.WpfControls.UnitTests\bin\x64\Debug\net472\VideoOS.Administration.WpfControls.UnitTests.dll" adapterTypeName="executor://mstestadapter/v2" className="VideoOS.Administration.WpfControls.UnitTests.Wizards.MoveHardware.PageViewModelDestinationRecorderSelectionTest" name="NavigatingTo_Selection_UnavailableItemTest" />
    </UnitTest>
    <UnitTest name="NavigatingTo_PreSelection_FromWizardDataTest" storage="d:\actions-runner\_work\xpco\xpco\corporate\videoos.administration.wpfcontrols.unittests\bin\x64\debug\net472\videoos.administration.wpfcontrols.unittests.dll" id="195d08de-21b8-2f1f-44bd-a0559b76cc4e">
      <Owners>
        <Owner name="lsk" />
      </Owners>
      <Execution id="68ce4b4c-73a7-4e36-921e-6528e18a14ba" />
      <TestMethod codeBase="D:\actions-runner\_work\XPCO\XPCO\Corporate\VideoOS.Administration.WpfControls.UnitTests\bin\x64\Debug\net472\VideoOS.Administration.WpfControls.UnitTests.dll" adapterTypeName="executor://mstestadapter/v2" className="VideoOS.Administration.WpfControls.UnitTests.Wizards.MoveHardware.PageViewModelDestinationStorageSelectionTest" name="NavigatingTo_PreSelection_FromWizardDataTest" />
    </UnitTest>
    <UnitTest name="CurrentStatus_Update_ClearSelectionTest" storage="d:\actions-runner\_work\xpco\xpco\corporate\videoos.administration.wpfcontrols.unittests\bin\x64\debug\net472\videoos.administration.wpfcontrols.unittests.dll" id="45852857-59da-0533-30c3-8fd4652b10a7">
      <Owners>
        <Owner name="max" />
      </Owners>
      <Execution id="54733f95-4c15-404f-947f-af99ac59e754" />
      <TestMethod codeBase="D:\actions-runner\_work\XPCO\XPCO\Corporate\VideoOS.Administration.WpfControls.UnitTests\bin\x64\Debug\net472\VideoOS.Administration.WpfControls.UnitTests.dll" adapterTypeName="executor://mstestadapter/v2" className="VideoOS.Administration.WpfControls.UnitTests.Wizards.ChangeHardwarePassword.PageViewModelHardwareSelectionTest" name="CurrentStatus_Update_ClearSelectionTest" />
    </UnitTest>
    <UnitTest name="NavigatingTo_HardwaresWithSameMac_HaveSamePasswordsTest" storage="d:\actions-runner\_work\xpco\xpco\corporate\videoos.administration.wpfcontrols.unittests\bin\x64\debug\net472\videoos.administration.wpfcontrols.unittests.dll" id="3e7d45db-319f-dd58-534b-1895e7ce8c1a">
      <Owners>
        <Owner name="max" />
      </Owners>
      <Execution id="b89f0f48-357c-48fe-be7e-87b84309c640" />
      <TestMethod codeBase="D:\actions-runner\_work\XPCO\XPCO\Corporate\VideoOS.Administration.WpfControls.UnitTests\bin\x64\Debug\net472\VideoOS.Administration.WpfControls.UnitTests.dll" adapterTypeName="executor://mstestadapter/v2" className="VideoOS.Administration.WpfControls.UnitTests.Wizards.ChangeHardwarePassword.PageViewModelChangeHardwarePasswordProgressTest" name="NavigatingTo_HardwaresWithSameMac_HaveSamePasswordsTest" />
    </UnitTest>
    <UnitTest name="PreviousCommand_NavigatingAway_Cancelled" storage="d:\actions-runner\_work\xpco\xpco\corporate\videoos.administration.wpfcontrols.unittests\bin\x64\debug\net472\videoos.administration.wpfcontrols.unittests.dll" id="57562f84-ca24-a374-0bbd-a64f62493393">
      <Owners>
        <Owner name="KK" />
      </Owners>
      <Execution id="2e698d16-dc3a-4d78-9358-a66080e14403" />
      <TestMethod codeBase="D:\actions-runner\_work\XPCO\XPCO\Corporate\VideoOS.Administration.WpfControls.UnitTests\bin\x64\Debug\net472\VideoOS.Administration.WpfControls.UnitTests.dll" adapterTypeName="executor://mstestadapter/v2" className="VideoOS.Administration.WpfControls.UnitTests.Wizards.Common.WizardBaseViewModelTest" name="PreviousCommand_NavigatingAway_Cancelled" />
    </UnitTest>
    <UnitTest name="ConvertBack_InvalidOperationTest" storage="d:\actions-runner\_work\xpco\xpco\corporate\videoos.administration.wpfcontrols.unittests\bin\x64\debug\net472\videoos.administration.wpfcontrols.unittests.dll" id="87bc8649-ff49-904f-db05-d02459b9884d">
      <Owners>
        <Owner name="lsk" />
      </Owners>
      <Execution id="a0a9b95c-a542-4a40-9dd1-322c6d71a765" />
      <TestMethod codeBase="D:\actions-runner\_work\XPCO\XPCO\Corporate\VideoOS.Administration.WpfControls.UnitTests\bin\x64\Debug\net472\VideoOS.Administration.WpfControls.UnitTests.dll" adapterTypeName="executor://mstestadapter/v2" className="VideoOS.Administration.WpfControls.UnitTests.Wizards.MoveHardware.StorageUsageSummaryMultiValueConverterTest" name="ConvertBack_InvalidOperationTest" />
    </UnitTest>
    <UnitTest name="PreviousCommand_CommandInvalidated_PageStatusChanged_BusyToValidTest" storage="d:\actions-runner\_work\xpco\xpco\corporate\videoos.administration.wpfcontrols.unittests\bin\x64\debug\net472\videoos.administration.wpfcontrols.unittests.dll" id="21ccf45e-8128-2e3d-c2bb-20e9611e8def">
      <Owners>
        <Owner name="lsk" />
      </Owners>
      <Execution id="f9c91142-d75e-427d-8c75-ee9bc3f0a672" />
      <TestMethod codeBase="D:\actions-runner\_work\XPCO\XPCO\Corporate\VideoOS.Administration.WpfControls.UnitTests\bin\x64\Debug\net472\VideoOS.Administration.WpfControls.UnitTests.dll" adapterTypeName="executor://mstestadapter/v2" className="VideoOS.Administration.WpfControls.UnitTests.Wizards.Common.WizardBaseViewModelTest" name="PreviousCommand_CommandInvalidated_PageStatusChanged_BusyToValidTest" />
    </UnitTest>
    <UnitTest name="ConvertBack_InvalidOperationException" storage="d:\actions-runner\_work\xpco\xpco\corporate\videoos.administration.wpfcontrols.unittests\bin\x64\debug\net472\videoos.administration.wpfcontrols.unittests.dll" id="7a3424ca-0fae-d8e2-bd1d-af563008f224">
      <Execution id="b3b6d869-051c-45b9-8e56-1427edbcf7f9" />
      <TestMethod codeBase="D:\actions-runner\_work\XPCO\XPCO\Corporate\VideoOS.Administration.WpfControls.UnitTests\bin\x64\Debug\net472\VideoOS.Administration.WpfControls.UnitTests.dll" adapterTypeName="executor://mstestadapter/v2" className="VideoOS.Administration.WpfControls.UnitTests.Wizards.UpdateFirmware.View.Converters.StatusToSingleValueConverterTest" name="ConvertBack_InvalidOperationException" />
    </UnitTest>
    <UnitTest name="AllHardwareSelected_Update_AllSelectedTest" storage="d:\actions-runner\_work\xpco\xpco\corporate\videoos.administration.wpfcontrols.unittests\bin\x64\debug\net472\videoos.administration.wpfcontrols.unittests.dll" id="e2d9f02e-9681-5967-80aa-94155f3d4e5b">
      <Owners>
        <Owner name="max" />
      </Owners>
      <Execution id="4575fa39-66c6-4954-9ed7-6f5e867f6fab" />
      <TestMethod codeBase="D:\actions-runner\_work\XPCO\XPCO\Corporate\VideoOS.Administration.WpfControls.UnitTests\bin\x64\Debug\net472\VideoOS.Administration.WpfControls.UnitTests.dll" adapterTypeName="executor://mstestadapter/v2" className="VideoOS.Administration.WpfControls.UnitTests.Wizards.ChangeHardwarePassword.PageViewModelHardwareSelectionTest" name="AllHardwareSelected_Update_AllSelectedTest" />
    </UnitTest>
    <UnitTest name="NextCommand_NavigatingTo_Cancelled" storage="d:\actions-runner\_work\xpco\xpco\corporate\videoos.administration.wpfcontrols.unittests\bin\x64\debug\net472\videoos.administration.wpfcontrols.unittests.dll" id="95c5760a-8769-a2e6-13bb-bc49697e4003">
      <Owners>
        <Owner name="KK" />
      </Owners>
      <Execution id="ddd77ee6-c7b6-471c-9d08-197ffde1e4fc" />
      <TestMethod codeBase="D:\actions-runner\_work\XPCO\XPCO\Corporate\VideoOS.Administration.WpfControls.UnitTests\bin\x64\Debug\net472\VideoOS.Administration.WpfControls.UnitTests.dll" adapterTypeName="executor://mstestadapter/v2" className="VideoOS.Administration.WpfControls.UnitTests.Wizards.Common.WizardBaseViewModelTest" name="NextCommand_NavigatingTo_Cancelled" />
    </UnitTest>
    <UnitTest name="Constructor_PropertyWhitespaceTest" storage="d:\actions-runner\_work\xpco\xpco\corporate\videoos.administration.wpfcontrols.unittests\bin\x64\debug\net472\videoos.administration.wpfcontrols.unittests.dll" id="283be9e8-ff40-cb8f-01e8-201330f2ab76">
      <Owners>
        <Owner name="lsk" />
      </Owners>
      <Execution id="897326e7-3b41-4d22-a1bc-4beb8f213eaa" />
      <TestMethod codeBase="D:\actions-runner\_work\XPCO\XPCO\Corporate\VideoOS.Administration.WpfControls.UnitTests\bin\x64\Debug\net472\VideoOS.Administration.WpfControls.UnitTests.dll" adapterTypeName="executor://mstestadapter/v2" className="VideoOS.Administration.WpfControls.UnitTests.Mvvm.Sort.SimpleSortTest" name="Constructor_PropertyWhitespaceTest" />
    </UnitTest>
    <UnitTest name="SortBaseCommon_IsEquivalentOf_SortDescriptionCollection_ValidListTest" storage="d:\actions-runner\_work\xpco\xpco\corporate\videoos.administration.wpfcontrols.unittests\bin\x64\debug\net472\videoos.administration.wpfcontrols.unittests.dll" id="f3b1ceb2-2ed4-084e-9ea6-5f3a4603b212">
      <Owners>
        <Owner name="lsk" />
      </Owners>
      <Execution id="84772691-fe12-43fe-9115-4400f09b0745" />
      <TestMethod codeBase="D:\actions-runner\_work\XPCO\XPCO\Corporate\VideoOS.Administration.WpfControls.UnitTests\bin\x64\Debug\net472\VideoOS.Administration.WpfControls.UnitTests.dll" adapterTypeName="executor://mstestadapter/v2" className="VideoOS.Administration.WpfControls.UnitTests.Mvvm.Sort.SimpleSortTest" name="SortBaseCommon_IsEquivalentOf_SortDescriptionCollection_ValidListTest" />
    </UnitTest>
    <UnitTest name="Constructor_NullDataTest" storage="d:\actions-runner\_work\xpco\xpco\corporate\videoos.administration.wpfcontrols.unittests\bin\x64\debug\net472\videoos.administration.wpfcontrols.unittests.dll" id="150db0d1-d1f2-3b67-40eb-bbc0399b5b5c">
      <Execution id="1890ea63-a3d3-44bd-bae8-501c7cf9c749" />
      <TestMethod codeBase="D:\actions-runner\_work\XPCO\XPCO\Corporate\VideoOS.Administration.WpfControls.UnitTests\bin\x64\Debug\net472\VideoOS.Administration.WpfControls.UnitTests.dll" adapterTypeName="executor://mstestadapter/v2" className="VideoOS.Administration.WpfControls.UnitTests.Wizards.ChangeHardwarePassword.PageViewModelPreValidationTest" name="Constructor_NullDataTest" />
    </UnitTest>
    <UnitTest name="Convert_Error_ValuesTooShortTest" storage="d:\actions-runner\_work\xpco\xpco\corporate\videoos.administration.wpfcontrols.unittests\bin\x64\debug\net472\videoos.administration.wpfcontrols.unittests.dll" id="91341f70-55ff-152a-4486-885af4213579">
      <Owners>
        <Owner name="lsk" />
      </Owners>
      <Execution id="61fff848-19c3-4aac-abae-d9959575d890" />
      <TestMethod codeBase="D:\actions-runner\_work\XPCO\XPCO\Corporate\VideoOS.Administration.WpfControls.UnitTests\bin\x64\Debug\net472\VideoOS.Administration.WpfControls.UnitTests.dll" adapterTypeName="executor://mstestadapter/v2" className="VideoOS.Administration.WpfControls.UnitTests.Wizards.MoveHardware.UsagePercentageMultiValueConverterTest" name="Convert_Error_ValuesTooShortTest" />
    </UnitTest>
    <UnitTest name="RecorderFilters_RecorderCount" storage="d:\actions-runner\_work\xpco\xpco\corporate\videoos.administration.wpfcontrols.unittests\bin\x64\debug\net472\videoos.administration.wpfcontrols.unittests.dll" id="48ee7e70-42c7-1351-b6d3-3b4d6d5772a4">
      <Owners>
        <Owner name="max" />
      </Owners>
      <Execution id="359dc451-2896-4317-90bb-834e41ffdd6e" />
      <TestMethod codeBase="D:\actions-runner\_work\XPCO\XPCO\Corporate\VideoOS.Administration.WpfControls.UnitTests\bin\x64\Debug\net472\VideoOS.Administration.WpfControls.UnitTests.dll" adapterTypeName="executor://mstestadapter/v2" className="VideoOS.Administration.WpfControls.UnitTests.Wizards.ChangeHardwarePassword.PageViewModelHardwareSelectionTest" name="RecorderFilters_RecorderCount" />
    </UnitTest>
    <UnitTest name="SortBaseCommon_Equality_Object_NullTest" storage="d:\actions-runner\_work\xpco\xpco\corporate\videoos.administration.wpfcontrols.unittests\bin\x64\debug\net472\videoos.administration.wpfcontrols.unittests.dll" id="6cda90f3-27d8-af6a-1221-cd7d6ce906cd">
      <Owners>
        <Owner name="lsk" />
      </Owners>
      <Execution id="c58295f5-bc7e-4cf0-a9de-fb748255d789" />
      <TestMethod codeBase="D:\actions-runner\_work\XPCO\XPCO\Corporate\VideoOS.Administration.WpfControls.UnitTests\bin\x64\Debug\net472\VideoOS.Administration.WpfControls.UnitTests.dll" adapterTypeName="executor://mstestadapter/v2" className="VideoOS.Administration.WpfControls.UnitTests.Mvvm.Sort.SimpleSortWithFallbackTest" name="SortBaseCommon_Equality_Object_NullTest" />
    </UnitTest>
    <UnitTest name="Constructor_EmptyFallbackPropertyTest" storage="d:\actions-runner\_work\xpco\xpco\corporate\videoos.administration.wpfcontrols.unittests\bin\x64\debug\net472\videoos.administration.wpfcontrols.unittests.dll" id="5c839bf0-1998-7f86-972a-fdc64f4b206d">
      <Owners>
        <Owner name="lsk" />
      </Owners>
      <Execution id="ddc3158e-7ec0-45db-b1be-302e5f1569bf" />
      <TestMethod codeBase="D:\actions-runner\_work\XPCO\XPCO\Corporate\VideoOS.Administration.WpfControls.UnitTests\bin\x64\Debug\net472\VideoOS.Administration.WpfControls.UnitTests.dll" adapterTypeName="executor://mstestadapter/v2" className="VideoOS.Administration.WpfControls.UnitTests.Mvvm.Sort.SimpleSortWithFallbackTest" name="Constructor_EmptyFallbackPropertyTest" />
    </UnitTest>
    <UnitTest name="NavigatingAway_WithPasswordManualEntry_PasswordSet" storage="d:\actions-runner\_work\xpco\xpco\corporate\videoos.administration.wpfcontrols.unittests\bin\x64\debug\net472\videoos.administration.wpfcontrols.unittests.dll" id="f1fcf646-8764-a8ca-57d2-1e53de4b6519">
      <Owners>
        <Owner name="max" />
      </Owners>
      <Execution id="51977ced-5d14-4b25-8fab-6ba3e2da305a" />
      <TestMethod codeBase="D:\actions-runner\_work\XPCO\XPCO\Corporate\VideoOS.Administration.WpfControls.UnitTests\bin\x64\Debug\net472\VideoOS.Administration.WpfControls.UnitTests.dll" adapterTypeName="executor://mstestadapter/v2" className="VideoOS.Administration.WpfControls.UnitTests.Wizards.ChangeHardwarePassword.PageViewModelChangeHardwarePasswordTest" name="NavigatingAway_WithPasswordManualEntry_PasswordSet" />
    </UnitTest>
    <UnitTest name="Convert_ToBool_AvailableOnly_UsageNegativeTest" storage="d:\actions-runner\_work\xpco\xpco\corporate\videoos.administration.wpfcontrols.unittests\bin\x64\debug\net472\videoos.administration.wpfcontrols.unittests.dll" id="23ba3188-fa5a-8f11-0c9c-7549f905e108">
      <Owners>
        <Owner name="lsk" />
      </Owners>
      <Execution id="5972edba-6083-444c-a378-cfefbf67421d" />
      <TestMethod codeBase="D:\actions-runner\_work\XPCO\XPCO\Corporate\VideoOS.Administration.WpfControls.UnitTests\bin\x64\Debug\net472\VideoOS.Administration.WpfControls.UnitTests.dll" adapterTypeName="executor://mstestadapter/v2" className="VideoOS.Administration.WpfControls.UnitTests.Wizards.MoveHardware.UsagePercentageMultiValueConverterTest" name="Convert_ToBool_AvailableOnly_UsageNegativeTest" />
    </UnitTest>
    <UnitTest name="NavigatingTo_SuccessfulChange_OperationsStatusOk" storage="d:\actions-runner\_work\xpco\xpco\corporate\videoos.administration.wpfcontrols.unittests\bin\x64\debug\net472\videoos.administration.wpfcontrols.unittests.dll" id="755e587f-abde-7475-dbff-6b1bd708f630">
      <Owners>
        <Owner name="max" />
      </Owners>
      <Execution id="7f8db208-8d49-4912-974a-0eb0534412c1" />
      <TestMethod codeBase="D:\actions-runner\_work\XPCO\XPCO\Corporate\VideoOS.Administration.WpfControls.UnitTests\bin\x64\Debug\net472\VideoOS.Administration.WpfControls.UnitTests.dll" adapterTypeName="executor://mstestadapter/v2" className="VideoOS.Administration.WpfControls.UnitTests.Wizards.ChangeHardwarePassword.PageViewModelChangeHardwarePasswordProgressTest" name="NavigatingTo_SuccessfulChange_OperationsStatusOk" />
    </UnitTest>
    <UnitTest name="SortBaseCommon_SortDescriptions_ReverseTest" storage="d:\actions-runner\_work\xpco\xpco\corporate\videoos.administration.wpfcontrols.unittests\bin\x64\debug\net472\videoos.administration.wpfcontrols.unittests.dll" id="137a598d-9065-8b35-1ada-e9edf86d6ba2">
      <Owners>
        <Owner name="lsk" />
      </Owners>
      <Execution id="be8d78ed-f1ed-4818-a41a-31f4eeacea24" />
      <TestMethod codeBase="D:\actions-runner\_work\XPCO\XPCO\Corporate\VideoOS.Administration.WpfControls.UnitTests\bin\x64\Debug\net472\VideoOS.Administration.WpfControls.UnitTests.dll" adapterTypeName="executor://mstestadapter/v2" className="VideoOS.Administration.WpfControls.UnitTests.Mvvm.Sort.SimpleSortWithFallbackTest" name="SortBaseCommon_SortDescriptions_ReverseTest" />
    </UnitTest>
    <UnitTest name="ConvertBack_InvalidOperationException" storage="d:\actions-runner\_work\xpco\xpco\corporate\videoos.administration.wpfcontrols.unittests\bin\x64\debug\net472\videoos.administration.wpfcontrols.unittests.dll" id="10d2c696-3fe4-10c2-09de-7ceef1c7fe28">
      <Execution id="3aa20045-891d-4a33-a47f-3335186b02c1" />
      <TestMethod codeBase="D:\actions-runner\_work\XPCO\XPCO\Corporate\VideoOS.Administration.WpfControls.UnitTests\bin\x64\Debug\net472\VideoOS.Administration.WpfControls.UnitTests.dll" adapterTypeName="executor://mstestadapter/v2" className="VideoOS.Administration.WpfControls.UnitTests.Wizards.ChangeHardwarePassword.ValidationErrorToStringValueConverterUnitTests" name="ConvertBack_InvalidOperationException" />
    </UnitTest>
    <UnitTest name="Convert_ToValue_UsageOnly_AvailableZeroTest" storage="d:\actions-runner\_work\xpco\xpco\corporate\videoos.administration.wpfcontrols.unittests\bin\x64\debug\net472\videoos.administration.wpfcontrols.unittests.dll" id="c49a984d-853a-63f5-374b-23eb95c6ae33">
      <Owners>
        <Owner name="lsk" />
      </Owners>
      <Execution id="6499f2fb-bf40-489d-a642-a066f6d69b7a" />
      <TestMethod codeBase="D:\actions-runner\_work\XPCO\XPCO\Corporate\VideoOS.Administration.WpfControls.UnitTests\bin\x64\Debug\net472\VideoOS.Administration.WpfControls.UnitTests.dll" adapterTypeName="executor://mstestadapter/v2" className="VideoOS.Administration.WpfControls.UnitTests.Wizards.MoveHardware.UsagePercentageMultiValueConverterTest" name="Convert_ToValue_UsageOnly_AvailableZeroTest" />
    </UnitTest>
    <UnitTest name="Validate_SelectedFirmwareFilePath_Succeed" storage="d:\actions-runner\_work\xpco\xpco\corporate\videoos.administration.wpfcontrols.unittests\bin\x64\debug\net472\videoos.administration.wpfcontrols.unittests.dll" id="e0f3aa0c-ce4b-6d84-c098-1897aaa95abb">
      <Owners>
        <Owner name="ale" />
      </Owners>
      <Execution id="1dc912ce-aecd-495f-9ca6-d1be8bdcaaed" />
      <TestMethod codeBase="D:\actions-runner\_work\XPCO\XPCO\Corporate\VideoOS.Administration.WpfControls.UnitTests\bin\x64\Debug\net472\VideoOS.Administration.WpfControls.UnitTests.dll" adapterTypeName="executor://mstestadapter/v2" className="VideoOS.Administration.WpfControls.UnitTests.Wizards.UpdateFirmware.ViewModel.PageViewModelFirmwareUpdateTest" name="Validate_SelectedFirmwareFilePath_Succeed" />
    </UnitTest>
    <UnitTest name="ColumnWidthSpec_NegativeMaxWidthPercentage_Throws_ArgumentException" storage="d:\actions-runner\_work\xpco\xpco\corporate\videoos.administration.wpfcontrols.unittests\bin\x64\debug\net472\videoos.administration.wpfcontrols.unittests.dll" id="cc09ee50-c14c-8ada-06f7-e9456fd353cb">
      <Execution id="784c44b1-5b22-4f82-912d-06d155d6e597" />
      <TestMethod codeBase="D:\actions-runner\_work\XPCO\XPCO\Corporate\VideoOS.Administration.WpfControls.UnitTests\bin\x64\Debug\net472\VideoOS.Administration.WpfControls.UnitTests.dll" adapterTypeName="executor://mstestadapter/v2" className="VideoOS.Administration.WpfControls.UnitTests.Mvvm.InitialColumnSizingUnitTests" name="ColumnWidthSpec_NegativeMaxWidthPercentage_Throws_ArgumentException" />
    </UnitTest>
    <UnitTest name="Close_PageStateChanged_CommandInvalidatedTest" storage="d:\actions-runner\_work\xpco\xpco\corporate\videoos.administration.wpfcontrols.unittests\bin\x64\debug\net472\videoos.administration.wpfcontrols.unittests.dll" id="759cc0dc-cce2-5bbd-be81-e35abe9d7d2e">
      <Owners>
        <Owner name="lsk" />
      </Owners>
      <Execution id="5db7f27d-b321-4a26-ad65-626ccc4a314f" />
      <TestMethod codeBase="D:\actions-runner\_work\XPCO\XPCO\Corporate\VideoOS.Administration.WpfControls.UnitTests\bin\x64\Debug\net472\VideoOS.Administration.WpfControls.UnitTests.dll" adapterTypeName="executor://mstestadapter/v2" className="VideoOS.Administration.WpfControls.UnitTests.Wizards.Common.WizardBaseViewModelTest" name="Close_PageStateChanged_CommandInvalidatedTest" />
    </UnitTest>
    <UnitTest name="Convert_BothInvalidTest" storage="d:\actions-runner\_work\xpco\xpco\corporate\videoos.administration.wpfcontrols.unittests\bin\x64\debug\net472\videoos.administration.wpfcontrols.unittests.dll" id="a77c72ed-02bc-e40a-f245-b17a56645675">
      <Owners>
        <Owner name="lsk" />
      </Owners>
      <Execution id="3f5a9f01-cec6-4180-b085-f0c4174ba73d" />
      <TestMethod codeBase="D:\actions-runner\_work\XPCO\XPCO\Corporate\VideoOS.Administration.WpfControls.UnitTests\bin\x64\Debug\net472\VideoOS.Administration.WpfControls.UnitTests.dll" adapterTypeName="executor://mstestadapter/v2" className="VideoOS.Administration.WpfControls.UnitTests.Wizards.MoveHardware.StorageUsageSummaryMultiValueConverterTest" name="Convert_BothInvalidTest" />
    </UnitTest>
    <UnitTest name="CurrentStatus_Event_ClearSelectionTest" storage="d:\actions-runner\_work\xpco\xpco\corporate\videoos.administration.wpfcontrols.unittests\bin\x64\debug\net472\videoos.administration.wpfcontrols.unittests.dll" id="8df7f1c1-2362-9b79-c352-7a8bf748426f">
      <Owners>
        <Owner name="lsk" />
      </Owners>
      <Execution id="019e55f4-2f1c-4e15-8fca-b9502e4d7204" />
      <TestMethod codeBase="D:\actions-runner\_work\XPCO\XPCO\Corporate\VideoOS.Administration.WpfControls.UnitTests\bin\x64\Debug\net472\VideoOS.Administration.WpfControls.UnitTests.dll" adapterTypeName="executor://mstestadapter/v2" className="VideoOS.Administration.WpfControls.UnitTests.Wizards.MoveHardware.PageViewModelDestinationRecorderSelectionTest" name="CurrentStatus_Event_ClearSelectionTest" />
    </UnitTest>
    <UnitTest name="Convert_AvailableOnly_UsageNullTest" storage="d:\actions-runner\_work\xpco\xpco\corporate\videoos.administration.wpfcontrols.unittests\bin\x64\debug\net472\videoos.administration.wpfcontrols.unittests.dll" id="b43cd285-6f14-30fa-1eaa-298d06fe8796">
      <Owners>
        <Owner name="lsk" />
      </Owners>
      <Execution id="acf1efd8-a65c-4eda-98c0-7f8942566df2" />
      <TestMethod codeBase="D:\actions-runner\_work\XPCO\XPCO\Corporate\VideoOS.Administration.WpfControls.UnitTests\bin\x64\Debug\net472\VideoOS.Administration.WpfControls.UnitTests.dll" adapterTypeName="executor://mstestadapter/v2" className="VideoOS.Administration.WpfControls.UnitTests.Wizards.MoveHardware.StorageUsageSummaryMultiValueConverterTest" name="Convert_AvailableOnly_UsageNullTest" />
    </UnitTest>
    <UnitTest name="NavigatingAway_EmptySelectionTest" storage="d:\actions-runner\_work\xpco\xpco\corporate\videoos.administration.wpfcontrols.unittests\bin\x64\debug\net472\videoos.administration.wpfcontrols.unittests.dll" id="9d96775e-f84e-90a2-a5d3-3d73e9871cfa">
      <Owners>
        <Owner name="lsk" />
      </Owners>
      <Execution id="60b0c3d5-9b88-4ebc-8b8a-7494d8fc5597" />
      <TestMethod codeBase="D:\actions-runner\_work\XPCO\XPCO\Corporate\VideoOS.Administration.WpfControls.UnitTests\bin\x64\Debug\net472\VideoOS.Administration.WpfControls.UnitTests.dll" adapterTypeName="executor://mstestadapter/v2" className="VideoOS.Administration.WpfControls.UnitTests.Wizards.MoveHardware.PageViewModelDestinationRecorderSelectionTest" name="NavigatingAway_EmptySelectionTest" />
    </UnitTest>
    <UnitTest name="Convert_ArgumentNullException" storage="d:\actions-runner\_work\xpco\xpco\corporate\videoos.administration.wpfcontrols.unittests\bin\x64\debug\net472\videoos.administration.wpfcontrols.unittests.dll" id="3452b02b-a74e-667c-54f2-2f61fc583e4b">
      <Execution id="11948444-1481-46fe-80f6-1a00ef90af95" />
      <TestMethod codeBase="D:\actions-runner\_work\XPCO\XPCO\Corporate\VideoOS.Administration.WpfControls.UnitTests\bin\x64\Debug\net472\VideoOS.Administration.WpfControls.UnitTests.dll" adapterTypeName="executor://mstestadapter/v2" className="VideoOS.Administration.WpfControls.UnitTests.Wizards.ChangeHardwarePassword.ValidationErrorToStringValueConverterUnitTests" name="Convert_ArgumentNullException" />
    </UnitTest>
    <UnitTest name="Convert_AvailableOnly_UsageNegativeTest" storage="d:\actions-runner\_work\xpco\xpco\corporate\videoos.administration.wpfcontrols.unittests\bin\x64\debug\net472\videoos.administration.wpfcontrols.unittests.dll" id="5db63c4b-a10a-08fd-05f5-ae6a25d1140f">
      <Owners>
        <Owner name="lsk" />
      </Owners>
      <Execution id="c713e0ea-b757-4c52-8803-70068d108359" />
      <TestMethod codeBase="D:\actions-runner\_work\XPCO\XPCO\Corporate\VideoOS.Administration.WpfControls.UnitTests\bin\x64\Debug\net472\VideoOS.Administration.WpfControls.UnitTests.dll" adapterTypeName="executor://mstestadapter/v2" className="VideoOS.Administration.WpfControls.UnitTests.Wizards.MoveHardware.StorageUsageSummaryMultiValueConverterTest" name="Convert_AvailableOnly_UsageNegativeTest" />
    </UnitTest>
    <UnitTest name="Convert_UsageOnly_AvailableNullTest" storage="d:\actions-runner\_work\xpco\xpco\corporate\videoos.administration.wpfcontrols.unittests\bin\x64\debug\net472\videoos.administration.wpfcontrols.unittests.dll" id="9d226558-c15b-d568-c761-43c132fe5f62">
      <Owners>
        <Owner name="lsk" />
      </Owners>
      <Execution id="a1921a3b-22df-436d-9573-fa4ad551b299" />
      <TestMethod codeBase="D:\actions-runner\_work\XPCO\XPCO\Corporate\VideoOS.Administration.WpfControls.UnitTests\bin\x64\Debug\net472\VideoOS.Administration.WpfControls.UnitTests.dll" adapterTypeName="executor://mstestadapter/v2" className="VideoOS.Administration.WpfControls.UnitTests.Wizards.MoveHardware.StorageUsageSummaryMultiValueConverterTest" name="Convert_UsageOnly_AvailableNullTest" />
    </UnitTest>
    <UnitTest name="ConvertBack_InvalidOperationException" storage="d:\actions-runner\_work\xpco\xpco\corporate\videoos.administration.wpfcontrols.unittests\bin\x64\debug\net472\videoos.administration.wpfcontrols.unittests.dll" id="e1e4643d-f13a-c302-05a5-c406c3f326db">
      <Execution id="8e46be65-64a0-4877-92ac-2cd872a44978" />
      <TestMethod codeBase="D:\actions-runner\_work\XPCO\XPCO\Corporate\VideoOS.Administration.WpfControls.UnitTests\bin\x64\Debug\net472\VideoOS.Administration.WpfControls.UnitTests.dll" adapterTypeName="executor://mstestadapter/v2" className="VideoOS.Administration.WpfControls.UnitTests.Wizards.MoveHardware.StatusToStringValueConverterTest" name="ConvertBack_InvalidOperationException" />
    </UnitTest>
    <UnitTest name="Convert_NonException_Input_Throws_ArgumentException" storage="d:\actions-runner\_work\xpco\xpco\corporate\videoos.administration.wpfcontrols.unittests\bin\x64\debug\net472\videoos.administration.wpfcontrols.unittests.dll" id="e0b8b273-ae2f-7eb0-2361-2afa85566305">
      <Execution id="6cbb5ac3-3326-463e-8296-9e8785ca7efe" />
      <TestMethod codeBase="D:\actions-runner\_work\XPCO\XPCO\Corporate\VideoOS.Administration.WpfControls.UnitTests\bin\x64\Debug\net472\VideoOS.Administration.WpfControls.UnitTests.dll" adapterTypeName="executor://mstestadapter/v2" className="VideoOS.Administration.WpfControls.UnitTests.Mvvm.Converters.ExceptiontoStringConverterUnitTests" name="Convert_NonException_Input_Throws_ArgumentException" />
    </UnitTest>
    <UnitTest name="NavigatingTo_OperationsCreatedTest" storage="d:\actions-runner\_work\xpco\xpco\corporate\videoos.administration.wpfcontrols.unittests\bin\x64\debug\net472\videoos.administration.wpfcontrols.unittests.dll" id="8b7981cc-5fd6-747b-2737-bc9ea00fdecc">
      <Owners>
        <Owner name="lsk" />
      </Owners>
      <Execution id="5a297b39-f82e-4844-b724-dbcc28bed469" />
      <TestMethod codeBase="D:\actions-runner\_work\XPCO\XPCO\Corporate\VideoOS.Administration.WpfControls.UnitTests\bin\x64\Debug\net472\VideoOS.Administration.WpfControls.UnitTests.dll" adapterTypeName="executor://mstestadapter/v2" className="VideoOS.Administration.WpfControls.UnitTests.Wizards.MoveHardware.PageViewModelMoveProgressTest" name="NavigatingTo_OperationsCreatedTest" />
    </UnitTest>
    <UnitTest name="Equality_NotEqual_DifferentDirecitonTest" storage="d:\actions-runner\_work\xpco\xpco\corporate\videoos.administration.wpfcontrols.unittests\bin\x64\debug\net472\videoos.administration.wpfcontrols.unittests.dll" id="afbed609-a82f-6410-34bb-72066c16f622">
      <Owners>
        <Owner name="lsk" />
      </Owners>
      <Execution id="fa12bb43-3e3c-4526-8560-df0cf731122a" />
      <TestMethod codeBase="D:\actions-runner\_work\XPCO\XPCO\Corporate\VideoOS.Administration.WpfControls.UnitTests\bin\x64\Debug\net472\VideoOS.Administration.WpfControls.UnitTests.dll" adapterTypeName="executor://mstestadapter/v2" className="VideoOS.Administration.WpfControls.UnitTests.Mvvm.Sort.SimpleSortWithFallbackTest" name="Equality_NotEqual_DifferentDirecitonTest" />
    </UnitTest>
    <UnitTest name="GetDividerFromType_Success" storage="d:\actions-runner\_work\xpco\xpco\corporate\videoos.administration.wpfcontrols.unittests\bin\x64\debug\net472\videoos.administration.wpfcontrols.unittests.dll" id="f4502bb0-7b14-a497-cdfd-03cb06a6b7af">
      <TestCategory>
        <TestCategoryItem TestCategory="SystemMonitorEventThresholds" />
      </TestCategory>
      <Execution id="731863fd-8018-43c3-b4d6-6f7a17b0cd20" />
      <TestMethod codeBase="D:\actions-runner\_work\XPCO\XPCO\Corporate\VideoOS.Administration.WpfControls.UnitTests\bin\x64\Debug\net472\VideoOS.Administration.WpfControls.UnitTests.dll" adapterTypeName="executor://mstestadapter/v2" className="VideoOS.Administration.WpfControls.UnitTests.SystemMonitorEventThresholds.ViewModel.Slider.ThresholdValueConverterTests" name="GetDividerFromType_Success" />
    </UnitTest>
    <UnitTest name="State_Loading_PreviousCommand_DestinationPageNavigatingToTest" storage="d:\actions-runner\_work\xpco\xpco\corporate\videoos.administration.wpfcontrols.unittests\bin\x64\debug\net472\videoos.administration.wpfcontrols.unittests.dll" id="e0ad2509-25cb-416e-8e60-47f33c8a4a4d">
      <Owners>
        <Owner name="lsk" />
      </Owners>
      <Execution id="32d487b2-63ec-499b-9d74-a4452cb2bd09" />
      <TestMethod codeBase="D:\actions-runner\_work\XPCO\XPCO\Corporate\VideoOS.Administration.WpfControls.UnitTests\bin\x64\Debug\net472\VideoOS.Administration.WpfControls.UnitTests.dll" adapterTypeName="executor://mstestadapter/v2" className="VideoOS.Administration.WpfControls.UnitTests.Wizards.Common.WizardBaseViewModelTest" name="State_Loading_PreviousCommand_DestinationPageNavigatingToTest" />
    </UnitTest>
    <UnitTest name="CurrentStatus_Event_SetSelectionTest" storage="d:\actions-runner\_work\xpco\xpco\corporate\videoos.administration.wpfcontrols.unittests\bin\x64\debug\net472\videoos.administration.wpfcontrols.unittests.dll" id="ecd584b6-1f44-7590-862b-3e93eda5f6e1">
      <Owners>
        <Owner name="lsk" />
      </Owners>
      <Execution id="8d64f2fa-216a-45de-a236-4a7c3761f1b1" />
      <TestMethod codeBase="D:\actions-runner\_work\XPCO\XPCO\Corporate\VideoOS.Administration.WpfControls.UnitTests\bin\x64\Debug\net472\VideoOS.Administration.WpfControls.UnitTests.dll" adapterTypeName="executor://mstestadapter/v2" className="VideoOS.Administration.WpfControls.UnitTests.Wizards.MoveHardware.PageViewModelHardwareSelectionTest" name="CurrentStatus_Event_SetSelectionTest" />
    </UnitTest>
    <UnitTest name="SortBaseCommon_Reverse_ReverseIsNotSameTest" storage="d:\actions-runner\_work\xpco\xpco\corporate\videoos.administration.wpfcontrols.unittests\bin\x64\debug\net472\videoos.administration.wpfcontrols.unittests.dll" id="88f832f0-850e-8880-bbd0-b9ac6891d2a8">
      <Owners>
        <Owner name="lsk" />
      </Owners>
      <Execution id="32620637-0caa-42d6-a6a5-07b95e958cc3" />
      <TestMethod codeBase="D:\actions-runner\_work\XPCO\XPCO\Corporate\VideoOS.Administration.WpfControls.UnitTests\bin\x64\Debug\net472\VideoOS.Administration.WpfControls.UnitTests.dll" adapterTypeName="executor://mstestadapter/v2" className="VideoOS.Administration.WpfControls.UnitTests.Mvvm.Sort.SimpleSortTest" name="SortBaseCommon_Reverse_ReverseIsNotSameTest" />
    </UnitTest>
    <UnitTest name="CurrentStatus_Event_ClearSelectionTest" storage="d:\actions-runner\_work\xpco\xpco\corporate\videoos.administration.wpfcontrols.unittests\bin\x64\debug\net472\videoos.administration.wpfcontrols.unittests.dll" id="6e57d7bf-5a2e-ea52-712d-f57e52a5f01d">
      <Owners>
        <Owner name="lsk" />
      </Owners>
      <Execution id="dac758f2-ec82-475f-b952-4b784be9b756" />
      <TestMethod codeBase="D:\actions-runner\_work\XPCO\XPCO\Corporate\VideoOS.Administration.WpfControls.UnitTests\bin\x64\Debug\net472\VideoOS.Administration.WpfControls.UnitTests.dll" adapterTypeName="executor://mstestadapter/v2" className="VideoOS.Administration.WpfControls.UnitTests.Wizards.MoveHardware.PageViewModelHardwareSelectionTest" name="CurrentStatus_Event_ClearSelectionTest" />
    </UnitTest>
    <UnitTest name="OneFalseArrayConvertsToVisible" storage="d:\actions-runner\_work\xpco\xpco\corporate\videoos.administration.wpfcontrols.unittests\bin\x64\debug\net472\videoos.administration.wpfcontrols.unittests.dll" id="c484bdd6-5adf-dfd9-6f7e-81b8b104cd79">
      <Execution id="6eb5cc09-054d-4a10-b4e1-75448c73c8a2" />
      <TestMethod codeBase="D:\actions-runner\_work\XPCO\XPCO\Corporate\VideoOS.Administration.WpfControls.UnitTests\bin\x64\Debug\net472\VideoOS.Administration.WpfControls.UnitTests.dll" adapterTypeName="executor://mstestadapter/v2" className="VideoOS.Administration.WpfControls.UnitTests.HardwareSetupDialog.Converters.BooleanToVisibilityMultipleConverterUnitTests" name="OneFalseArrayConvertsToVisible" />
    </UnitTest>
    <UnitTest name="ThresholdBottomLevelHeightMultiValueConverter_DownUpIsTrue_Success" storage="d:\actions-runner\_work\xpco\xpco\corporate\videoos.administration.wpfcontrols.unittests\bin\x64\debug\net472\videoos.administration.wpfcontrols.unittests.dll" id="ed172d0f-835c-32fb-91ff-3bbf7051f82a">
      <TestCategory>
        <TestCategoryItem TestCategory="SystemMonitorEventThresholds" />
      </TestCategory>
      <Execution id="ef764bb2-dc9a-41ce-8d28-1a47f786e70a" />
      <TestMethod codeBase="D:\actions-runner\_work\XPCO\XPCO\Corporate\VideoOS.Administration.WpfControls.UnitTests\bin\x64\Debug\net472\VideoOS.Administration.WpfControls.UnitTests.dll" adapterTypeName="executor://mstestadapter/v2" className="VideoOS.Administration.WpfControls.UnitTests.SystemMonitorEventThresholds.Converters.ThresholdConverterTests" name="ThresholdBottomLevelHeightMultiValueConverter_DownUpIsTrue_Success" />
    </UnitTest>
    <UnitTest name="SetSelectedAuthenticationInfo_PutsCurrentUserName_OnBasicUser" storage="d:\actions-runner\_work\xpco\xpco\corporate\videoos.administration.wpfcontrols.unittests\bin\x64\debug\net472\videoos.administration.wpfcontrols.unittests.dll" id="a8cfb67a-f296-4724-8734-3b0c0c3b4e5a">
      <TestCategory>
        <TestCategoryItem TestCategory="VideoOS Administration" />
      </TestCategory>
      <Execution id="438fc3e4-923c-4e8d-be1d-db3ba00aab4f" />
      <TestMethod codeBase="D:\actions-runner\_work\XPCO\XPCO\Corporate\VideoOS.Administration.WpfControls.UnitTests\bin\x64\Debug\net472\VideoOS.Administration.WpfControls.UnitTests.dll" adapterTypeName="executor://mstestadapter/v2" className="VideoOS.Administration.WpfControls.UnitTests.Login.ServerLogOnModelTests" name="SetSelectedAuthenticationInfo_PutsCurrentUserName_OnBasicUser" />
    </UnitTest>
    <UnitTest name="Initialize_NavigationCallbacks_InitialNavigationTest" storage="d:\actions-runner\_work\xpco\xpco\corporate\videoos.administration.wpfcontrols.unittests\bin\x64\debug\net472\videoos.administration.wpfcontrols.unittests.dll" id="60272d89-6b4a-f3ea-4b7d-90929143f6d5">
      <Owners>
        <Owner name="lsk" />
      </Owners>
      <Execution id="e9be8dd1-4a8c-4e69-8b12-a2abadff9078" />
      <TestMethod codeBase="D:\actions-runner\_work\XPCO\XPCO\Corporate\VideoOS.Administration.WpfControls.UnitTests\bin\x64\Debug\net472\VideoOS.Administration.WpfControls.UnitTests.dll" adapterTypeName="executor://mstestadapter/v2" className="VideoOS.Administration.WpfControls.UnitTests.Wizards.Common.WizardBaseViewModelTest" name="Initialize_NavigationCallbacks_InitialNavigationTest" />
    </UnitTest>
    <UnitTest name="ThresholdSliderViewModel_InvalidInput1" storage="d:\actions-runner\_work\xpco\xpco\corporate\videoos.administration.wpfcontrols.unittests\bin\x64\debug\net472\videoos.administration.wpfcontrols.unittests.dll" id="51b84e29-c85f-f150-f3cb-b235cb55b9ea">
      <TestCategory>
        <TestCategoryItem TestCategory="SystemMonitorEventThresholds" />
      </TestCategory>
      <Execution id="3f3ab6e1-92d9-4e00-9087-7088a88a5c6a" />
      <TestMethod codeBase="D:\actions-runner\_work\XPCO\XPCO\Corporate\VideoOS.Administration.WpfControls.UnitTests\bin\x64\Debug\net472\VideoOS.Administration.WpfControls.UnitTests.dll" adapterTypeName="executor://mstestadapter/v2" className="VideoOS.Administration.WpfControls.UnitTests.SystemMonitorEventThresholds.ViewModel.Slider.ThresholdSliderViewModelTests" name="ThresholdSliderViewModel_InvalidInput1" />
    </UnitTest>
    <UnitTest name="PreviousCommand_CommandInvalidated_PageStatusChanged_BusyToInvalidTest" storage="d:\actions-runner\_work\xpco\xpco\corporate\videoos.administration.wpfcontrols.unittests\bin\x64\debug\net472\videoos.administration.wpfcontrols.unittests.dll" id="a723e631-72ff-3d82-8d14-4f80e9538842">
      <Owners>
        <Owner name="lsk" />
      </Owners>
      <Execution id="bfdce3f1-c2ad-4fb6-80b9-b81db415e9b7" />
      <TestMethod codeBase="D:\actions-runner\_work\XPCO\XPCO\Corporate\VideoOS.Administration.WpfControls.UnitTests\bin\x64\Debug\net472\VideoOS.Administration.WpfControls.UnitTests.dll" adapterTypeName="executor://mstestadapter/v2" className="VideoOS.Administration.WpfControls.UnitTests.Wizards.Common.WizardBaseViewModelTest" name="PreviousCommand_CommandInvalidated_PageStatusChanged_BusyToInvalidTest" />
    </UnitTest>
    <UnitTest name="Convert_UsageOnly_AvailableNegativeTest" storage="d:\actions-runner\_work\xpco\xpco\corporate\videoos.administration.wpfcontrols.unittests\bin\x64\debug\net472\videoos.administration.wpfcontrols.unittests.dll" id="71c33396-e1aa-4357-206d-6e3f9c764281">
      <Owners>
        <Owner name="lsk" />
      </Owners>
      <Execution id="cb95291a-b216-4722-8ac3-91f4f4c3b97d" />
      <TestMethod codeBase="D:\actions-runner\_work\XPCO\XPCO\Corporate\VideoOS.Administration.WpfControls.UnitTests\bin\x64\Debug\net472\VideoOS.Administration.WpfControls.UnitTests.dll" adapterTypeName="executor://mstestadapter/v2" className="VideoOS.Administration.WpfControls.UnitTests.Wizards.MoveHardware.StorageUsageSummaryMultiValueConverterTest" name="Convert_UsageOnly_AvailableNegativeTest" />
    </UnitTest>
    <UnitTest name="AllHardwareSelected_Set_FalseTest" storage="d:\actions-runner\_work\xpco\xpco\corporate\videoos.administration.wpfcontrols.unittests\bin\x64\debug\net472\videoos.administration.wpfcontrols.unittests.dll" id="e035e686-d2ff-24aa-9b03-75b1f7179f0d">
      <Owners>
        <Owner name="max" />
      </Owners>
      <Execution id="67ed3699-b28e-4e04-82d7-502b450032bb" />
      <TestMethod codeBase="D:\actions-runner\_work\XPCO\XPCO\Corporate\VideoOS.Administration.WpfControls.UnitTests\bin\x64\Debug\net472\VideoOS.Administration.WpfControls.UnitTests.dll" adapterTypeName="executor://mstestadapter/v2" className="VideoOS.Administration.WpfControls.UnitTests.Wizards.ChangeHardwarePassword.PageViewModelHardwareSelectionTest" name="AllHardwareSelected_Set_FalseTest" />
    </UnitTest>
    <UnitTest name="SortBaseCommon_Equality_Object_ReverseTest" storage="d:\actions-runner\_work\xpco\xpco\corporate\videoos.administration.wpfcontrols.unittests\bin\x64\debug\net472\videoos.administration.wpfcontrols.unittests.dll" id="d21f6db5-9278-700c-a7f4-eb556d215354">
      <Owners>
        <Owner name="lsk" />
      </Owners>
      <Execution id="9cfef7ba-9a5b-4198-8c73-cfb26ab0f835" />
      <TestMethod codeBase="D:\actions-runner\_work\XPCO\XPCO\Corporate\VideoOS.Administration.WpfControls.UnitTests\bin\x64\Debug\net472\VideoOS.Administration.WpfControls.UnitTests.dll" adapterTypeName="executor://mstestadapter/v2" className="VideoOS.Administration.WpfControls.UnitTests.Mvvm.Sort.SimpleSortWithFallbackTest" name="SortBaseCommon_Equality_Object_ReverseTest" />
    </UnitTest>
    <UnitTest name="Convert_Single_Line_Gives_Unmodified_String" storage="d:\actions-runner\_work\xpco\xpco\corporate\videoos.administration.wpfcontrols.unittests\bin\x64\debug\net472\videoos.administration.wpfcontrols.unittests.dll" id="9554f9d6-6b5f-fa9a-19f2-0be9d80e39f0">
      <Execution id="7de920ff-e7dc-4de9-86d5-b4576255ba13" />
      <TestMethod codeBase="D:\actions-runner\_work\XPCO\XPCO\Corporate\VideoOS.Administration.WpfControls.UnitTests\bin\x64\Debug\net472\VideoOS.Administration.WpfControls.UnitTests.dll" adapterTypeName="executor://mstestadapter/v2" className="VideoOS.Administration.WpfControls.UnitTests.Wizards.ChangeHardwarePassword.MultilineToSingleLineTextConverterUnitTests" name="Convert_Single_Line_Gives_Unmodified_String" />
    </UnitTest>
    <UnitTest name="Convert_AvailableOnly_UsageZeroTest" storage="d:\actions-runner\_work\xpco\xpco\corporate\videoos.administration.wpfcontrols.unittests\bin\x64\debug\net472\videoos.administration.wpfcontrols.unittests.dll" id="a6fd7cd5-42d7-4bf2-bb2e-e1cc7362ea24">
      <Owners>
        <Owner name="lsk" />
      </Owners>
      <Execution id="40dbdeb7-ca24-4cd8-a8cb-f62350934f55" />
      <TestMethod codeBase="D:\actions-runner\_work\XPCO\XPCO\Corporate\VideoOS.Administration.WpfControls.UnitTests\bin\x64\Debug\net472\VideoOS.Administration.WpfControls.UnitTests.dll" adapterTypeName="executor://mstestadapter/v2" className="VideoOS.Administration.WpfControls.UnitTests.Wizards.MoveHardware.StorageUsageSummaryMultiValueConverterTest" name="Convert_AvailableOnly_UsageZeroTest" />
    </UnitTest>
    <UnitTest name="EmptyStringConvertsToFalse" storage="d:\actions-runner\_work\xpco\xpco\corporate\videoos.administration.wpfcontrols.unittests\bin\x64\debug\net472\videoos.administration.wpfcontrols.unittests.dll" id="ea366c82-3bd4-a53a-c238-e51073436c49">
      <Execution id="9e8cc64b-d1a0-4994-9e1c-13f4ce11b1ac" />
      <TestMethod codeBase="D:\actions-runner\_work\XPCO\XPCO\Corporate\VideoOS.Administration.WpfControls.UnitTests\bin\x64\Debug\net472\VideoOS.Administration.WpfControls.UnitTests.dll" adapterTypeName="executor://mstestadapter/v2" className="VideoOS.Administration.WpfControls.UnitTests.HardwareSetupDialog.Converters.NotEmptyStringToBooleanConverterUnitTests" name="EmptyStringConvertsToFalse" />
    </UnitTest>
    <UnitTest name="NavigatingTo_CheckPreselectedRecorderHasHardware_False_NavigationNotCancelled" storage="d:\actions-runner\_work\xpco\xpco\corporate\videoos.administration.wpfcontrols.unittests\bin\x64\debug\net472\videoos.administration.wpfcontrols.unittests.dll" id="c07afd63-e60f-bd3a-ad4f-4a3cb6751c4d">
      <Execution id="10059344-0386-4526-9d47-b3b49792cd81" />
      <TestMethod codeBase="D:\actions-runner\_work\XPCO\XPCO\Corporate\VideoOS.Administration.WpfControls.UnitTests\bin\x64\Debug\net472\VideoOS.Administration.WpfControls.UnitTests.dll" adapterTypeName="executor://mstestadapter/v2" className="VideoOS.Administration.WpfControls.UnitTests.Wizards.UpdateFirmware.ViewModel.PageViewModelFirmwareUpdatePreValidationTest" name="NavigatingTo_CheckPreselectedRecorderHasHardware_False_NavigationNotCancelled" />
    </UnitTest>
    <UnitTest name="CurrentStatus_PostNavigatingTo_NoPreselectionTest" storage="d:\actions-runner\_work\xpco\xpco\corporate\videoos.administration.wpfcontrols.unittests\bin\x64\debug\net472\videoos.administration.wpfcontrols.unittests.dll" id="943ed9fd-1a83-8a05-3a94-b3d72055ef8e">
      <Owners>
        <Owner name="lsk" />
      </Owners>
      <Execution id="924de93c-7e62-4654-a71c-6adfd1c6f06d" />
      <TestMethod codeBase="D:\actions-runner\_work\XPCO\XPCO\Corporate\VideoOS.Administration.WpfControls.UnitTests\bin\x64\Debug\net472\VideoOS.Administration.WpfControls.UnitTests.dll" adapterTypeName="executor://mstestadapter/v2" className="VideoOS.Administration.WpfControls.UnitTests.Wizards.MoveHardware.PageViewModelHardwareSelectionTest" name="CurrentStatus_PostNavigatingTo_NoPreselectionTest" />
    </UnitTest>
    <UnitTest name="Convert_Error_ValuesTooLongTest" storage="d:\actions-runner\_work\xpco\xpco\corporate\videoos.administration.wpfcontrols.unittests\bin\x64\debug\net472\videoos.administration.wpfcontrols.unittests.dll" id="8bf5cd2b-918b-16c2-3490-1c7a3c7de97d">
      <Owners>
        <Owner name="lsk" />
      </Owners>
      <Execution id="bba506be-837d-49fd-be35-a22bf7ddeddc" />
      <TestMethod codeBase="D:\actions-runner\_work\XPCO\XPCO\Corporate\VideoOS.Administration.WpfControls.UnitTests\bin\x64\Debug\net472\VideoOS.Administration.WpfControls.UnitTests.dll" adapterTypeName="executor://mstestadapter/v2" className="VideoOS.Administration.WpfControls.UnitTests.Wizards.MoveHardware.UsagePercentageMultiValueConverterTest" name="Convert_Error_ValuesTooLongTest" />
    </UnitTest>
    <UnitTest name="CurrentStatus_Update_SetSelectionTest" storage="d:\actions-runner\_work\xpco\xpco\corporate\videoos.administration.wpfcontrols.unittests\bin\x64\debug\net472\videoos.administration.wpfcontrols.unittests.dll" id="0a071c9d-f8f3-ece6-e5fe-0ecbd4c246a8">
      <Owners>
        <Owner name="lsk" />
      </Owners>
      <Execution id="04763e53-bf99-4eec-befc-beaadfac019d" />
      <TestMethod codeBase="D:\actions-runner\_work\XPCO\XPCO\Corporate\VideoOS.Administration.WpfControls.UnitTests\bin\x64\Debug\net472\VideoOS.Administration.WpfControls.UnitTests.dll" adapterTypeName="executor://mstestadapter/v2" className="VideoOS.Administration.WpfControls.UnitTests.Wizards.MoveHardware.PageViewModelHardwareSelectionTest" name="CurrentStatus_Update_SetSelectionTest" />
    </UnitTest>
    <UnitTest name="Convert_Error_TargetTypeTest" storage="d:\actions-runner\_work\xpco\xpco\corporate\videoos.administration.wpfcontrols.unittests\bin\x64\debug\net472\videoos.administration.wpfcontrols.unittests.dll" id="ebe2be05-d2f7-645d-7be6-4d78c3740c0e">
      <Owners>
        <Owner name="lsk" />
      </Owners>
      <Execution id="5046894f-2120-4e6e-8dbc-2b23fb43927a" />
      <TestMethod codeBase="D:\actions-runner\_work\XPCO\XPCO\Corporate\VideoOS.Administration.WpfControls.UnitTests\bin\x64\Debug\net472\VideoOS.Administration.WpfControls.UnitTests.dll" adapterTypeName="executor://mstestadapter/v2" className="VideoOS.Administration.WpfControls.UnitTests.Wizards.MoveHardware.StorageUsageSummaryMultiValueConverterTest" name="Convert_Error_TargetTypeTest" />
    </UnitTest>
    <UnitTest name="ThresholdBottomLevelHeightMultiValueConverter_DownUpIsFalse_Success" storage="d:\actions-runner\_work\xpco\xpco\corporate\videoos.administration.wpfcontrols.unittests\bin\x64\debug\net472\videoos.administration.wpfcontrols.unittests.dll" id="251e08ee-7f66-06e3-f239-a006a4056810">
      <TestCategory>
        <TestCategoryItem TestCategory="SystemMonitorEventThresholds" />
      </TestCategory>
      <Execution id="c57d77bf-ad6e-4d18-bb45-879fafc1cadb" />
      <TestMethod codeBase="D:\actions-runner\_work\XPCO\XPCO\Corporate\VideoOS.Administration.WpfControls.UnitTests\bin\x64\Debug\net472\VideoOS.Administration.WpfControls.UnitTests.dll" adapterTypeName="executor://mstestadapter/v2" className="VideoOS.Administration.WpfControls.UnitTests.SystemMonitorEventThresholds.Converters.ThresholdConverterTests" name="ThresholdBottomLevelHeightMultiValueConverter_DownUpIsFalse_Success" />
    </UnitTest>
    <UnitTest name="Convert_ToValue_AvailableOnly_UsageNegativeTest" storage="d:\actions-runner\_work\xpco\xpco\corporate\videoos.administration.wpfcontrols.unittests\bin\x64\debug\net472\videoos.administration.wpfcontrols.unittests.dll" id="22ee8c16-d1ae-446c-d431-5adc7e30e57d">
      <Owners>
        <Owner name="lsk" />
      </Owners>
      <Execution id="05c8f1e8-9b1f-4a46-870e-53a5d926fc16" />
      <TestMethod codeBase="D:\actions-runner\_work\XPCO\XPCO\Corporate\VideoOS.Administration.WpfControls.UnitTests\bin\x64\Debug\net472\VideoOS.Administration.WpfControls.UnitTests.dll" adapterTypeName="executor://mstestadapter/v2" className="VideoOS.Administration.WpfControls.UnitTests.Wizards.MoveHardware.UsagePercentageMultiValueConverterTest" name="Convert_ToValue_AvailableOnly_UsageNegativeTest" />
    </UnitTest>
    <UnitTest name="NextCommand_NavigationCallbacks_SourceTest" storage="d:\actions-runner\_work\xpco\xpco\corporate\videoos.administration.wpfcontrols.unittests\bin\x64\debug\net472\videoos.administration.wpfcontrols.unittests.dll" id="1aa66849-c568-f584-5496-d53c04f2eb9a">
      <Owners>
        <Owner name="lsk" />
      </Owners>
      <Execution id="4b498ab8-1d78-4d21-baee-a131d343cae0" />
      <TestMethod codeBase="D:\actions-runner\_work\XPCO\XPCO\Corporate\VideoOS.Administration.WpfControls.UnitTests\bin\x64\Debug\net472\VideoOS.Administration.WpfControls.UnitTests.dll" adapterTypeName="executor://mstestadapter/v2" className="VideoOS.Administration.WpfControls.UnitTests.Wizards.Common.WizardBaseViewModelTest" name="NextCommand_NavigationCallbacks_SourceTest" />
    </UnitTest>
    <UnitTest name="NavigatingTo_NoChecksFail_NoHardwareSelected_NavigationCancelled" storage="d:\actions-runner\_work\xpco\xpco\corporate\videoos.administration.wpfcontrols.unittests\bin\x64\debug\net472\videoos.administration.wpfcontrols.unittests.dll" id="859f28b7-e328-733f-c1a2-69a1e426056b">
      <Execution id="6c68e9cb-df1f-4602-a7b5-703fa41a71a4" />
      <TestMethod codeBase="D:\actions-runner\_work\XPCO\XPCO\Corporate\VideoOS.Administration.WpfControls.UnitTests\bin\x64\Debug\net472\VideoOS.Administration.WpfControls.UnitTests.dll" adapterTypeName="executor://mstestadapter/v2" className="VideoOS.Administration.WpfControls.UnitTests.Wizards.MoveHardware.ViewModel.PageViewModelPreValidationTest" name="NavigatingTo_NoChecksFail_NoHardwareSelected_NavigationCancelled" />
    </UnitTest>
    <UnitTest name="Convert_ToValue_UsageOnly_AvailableNullTest" storage="d:\actions-runner\_work\xpco\xpco\corporate\videoos.administration.wpfcontrols.unittests\bin\x64\debug\net472\videoos.administration.wpfcontrols.unittests.dll" id="d1f62858-9016-515a-9c1e-3ccfb99ab40f">
      <Owners>
        <Owner name="lsk" />
      </Owners>
      <Execution id="e0b25dec-9818-48de-a0c2-cff6780950e4" />
      <TestMethod codeBase="D:\actions-runner\_work\XPCO\XPCO\Corporate\VideoOS.Administration.WpfControls.UnitTests\bin\x64\Debug\net472\VideoOS.Administration.WpfControls.UnitTests.dll" adapterTypeName="executor://mstestadapter/v2" className="VideoOS.Administration.WpfControls.UnitTests.Wizards.MoveHardware.UsagePercentageMultiValueConverterTest" name="Convert_ToValue_UsageOnly_AvailableNullTest" />
    </UnitTest>
    <UnitTest name="Constructor_DataNotChangedDuringConstructionTest" storage="d:\actions-runner\_work\xpco\xpco\corporate\videoos.administration.wpfcontrols.unittests\bin\x64\debug\net472\videoos.administration.wpfcontrols.unittests.dll" id="574c2c90-0245-de82-999d-96c7fabf75f0">
      <Owners>
        <Owner name="lsk" />
      </Owners>
      <Execution id="83502034-7822-41b8-afce-9d8e385167fe" />
      <TestMethod codeBase="D:\actions-runner\_work\XPCO\XPCO\Corporate\VideoOS.Administration.WpfControls.UnitTests\bin\x64\Debug\net472\VideoOS.Administration.WpfControls.UnitTests.dll" adapterTypeName="executor://mstestadapter/v2" className="VideoOS.Administration.WpfControls.UnitTests.Wizards.MoveHardware.PageViewModelHardwareSelectionTest" name="Constructor_DataNotChangedDuringConstructionTest" />
    </UnitTest>
    <UnitTest name="Initialize_NoPagesReturned" storage="d:\actions-runner\_work\xpco\xpco\corporate\videoos.administration.wpfcontrols.unittests\bin\x64\debug\net472\videoos.administration.wpfcontrols.unittests.dll" id="0472b6c8-6759-0c73-1423-85e2e90fedd2">
      <Owners>
        <Owner name="lsk" />
      </Owners>
      <Execution id="cbe5dc12-d1a4-44c4-a205-c4842f6f1107" />
      <TestMethod codeBase="D:\actions-runner\_work\XPCO\XPCO\Corporate\VideoOS.Administration.WpfControls.UnitTests\bin\x64\Debug\net472\VideoOS.Administration.WpfControls.UnitTests.dll" adapterTypeName="executor://mstestadapter/v2" className="VideoOS.Administration.WpfControls.UnitTests.Wizards.Common.WizardBaseViewModelTest" name="Initialize_NoPagesReturned" />
    </UnitTest>
    <UnitTest name="Convert_ArgumentNullException" storage="d:\actions-runner\_work\xpco\xpco\corporate\videoos.administration.wpfcontrols.unittests\bin\x64\debug\net472\videoos.administration.wpfcontrols.unittests.dll" id="2263de12-05b9-2615-fd9d-d2d5c9269b30">
      <Execution id="9af916d0-cf4b-4c21-ba2e-b8aa8bb36b44" />
      <TestMethod codeBase="D:\actions-runner\_work\XPCO\XPCO\Corporate\VideoOS.Administration.WpfControls.UnitTests\bin\x64\Debug\net472\VideoOS.Administration.WpfControls.UnitTests.dll" adapterTypeName="executor://mstestadapter/v2" className="VideoOS.Administration.WpfControls.UnitTests.Wizards.UpdateFirmware.View.Converters.StatusToSingleValueConverterTest" name="Convert_ArgumentNullException" />
    </UnitTest>
    <UnitTest name="AllTrueArrayConvertsToCollapsed" storage="d:\actions-runner\_work\xpco\xpco\corporate\videoos.administration.wpfcontrols.unittests\bin\x64\debug\net472\videoos.administration.wpfcontrols.unittests.dll" id="3374f0ec-84a4-6b64-55fa-ff1da1e377d5">
      <Execution id="de48d492-099f-44cb-835c-90d3d935dccc" />
      <TestMethod codeBase="D:\actions-runner\_work\XPCO\XPCO\Corporate\VideoOS.Administration.WpfControls.UnitTests\bin\x64\Debug\net472\VideoOS.Administration.WpfControls.UnitTests.dll" adapterTypeName="executor://mstestadapter/v2" className="VideoOS.Administration.WpfControls.UnitTests.HardwareSetupDialog.Converters.BooleanToVisibilityMultipleConverterUnitTests" name="AllTrueArrayConvertsToCollapsed" />
    </UnitTest>
    <UnitTest name="AllHardwareSelected_Set_FalseTest" storage="d:\actions-runner\_work\xpco\xpco\corporate\videoos.administration.wpfcontrols.unittests\bin\x64\debug\net472\videoos.administration.wpfcontrols.unittests.dll" id="23f93523-d225-e603-18e7-638622ea4afd">
      <Owners>
        <Owner name="lsk" />
      </Owners>
      <Execution id="20b970cb-84a4-42f5-ad3b-d7ee2f8a6768" />
      <TestMethod codeBase="D:\actions-runner\_work\XPCO\XPCO\Corporate\VideoOS.Administration.WpfControls.UnitTests\bin\x64\Debug\net472\VideoOS.Administration.WpfControls.UnitTests.dll" adapterTypeName="executor://mstestadapter/v2" className="VideoOS.Administration.WpfControls.UnitTests.Wizards.MoveHardware.PageViewModelHardwareSelectionTest" name="AllHardwareSelected_Set_FalseTest" />
    </UnitTest>
    <UnitTest name="NavigatingTo_PageStatus_HardwareSelected" storage="d:\actions-runner\_work\xpco\xpco\corporate\videoos.administration.wpfcontrols.unittests\bin\x64\debug\net472\videoos.administration.wpfcontrols.unittests.dll" id="541558d6-6eb5-ef95-ccb2-54daa35a37c1">
      <Owners>
        <Owner name="max" />
      </Owners>
      <Execution id="efb8f3f5-9637-456f-95f7-6f2848f11351" />
      <TestMethod codeBase="D:\actions-runner\_work\XPCO\XPCO\Corporate\VideoOS.Administration.WpfControls.UnitTests\bin\x64\Debug\net472\VideoOS.Administration.WpfControls.UnitTests.dll" adapterTypeName="executor://mstestadapter/v2" className="VideoOS.Administration.WpfControls.UnitTests.Wizards.ChangeHardwarePassword.PageViewModelChangeHardwarePasswordTest" name="NavigatingTo_PageStatus_HardwareSelected" />
    </UnitTest>
    <UnitTest name="CurrentStatus_Update_ClearSelectionTest" storage="d:\actions-runner\_work\xpco\xpco\corporate\videoos.administration.wpfcontrols.unittests\bin\x64\debug\net472\videoos.administration.wpfcontrols.unittests.dll" id="e2c0daaa-50f6-4e6f-89d5-5eda5d8040a2">
      <Owners>
        <Owner name="lsk" />
      </Owners>
      <Execution id="ac31ee82-4af0-4d68-a1c9-8395c7d8b295" />
      <TestMethod codeBase="D:\actions-runner\_work\XPCO\XPCO\Corporate\VideoOS.Administration.WpfControls.UnitTests\bin\x64\Debug\net472\VideoOS.Administration.WpfControls.UnitTests.dll" adapterTypeName="executor://mstestadapter/v2" className="VideoOS.Administration.WpfControls.UnitTests.Wizards.MoveHardware.PageViewModelHardwareSelectionTest" name="CurrentStatus_Update_ClearSelectionTest" />
    </UnitTest>
    <UnitTest name="NavigatingTo_Selection_HardwareSelectionFromDataTest" storage="d:\actions-runner\_work\xpco\xpco\corporate\videoos.administration.wpfcontrols.unittests\bin\x64\debug\net472\videoos.administration.wpfcontrols.unittests.dll" id="6f3421a4-94ab-b985-2d94-0b4e624dd9a7">
      <Owners>
        <Owner name="max" />
      </Owners>
      <Execution id="e60d67cc-45d7-4c64-ba49-c3ab765cab25" />
      <TestMethod codeBase="D:\actions-runner\_work\XPCO\XPCO\Corporate\VideoOS.Administration.WpfControls.UnitTests\bin\x64\Debug\net472\VideoOS.Administration.WpfControls.UnitTests.dll" adapterTypeName="executor://mstestadapter/v2" className="VideoOS.Administration.WpfControls.UnitTests.Wizards.ChangeHardwarePassword.PageViewModelHardwareSelectionTest" name="NavigatingTo_Selection_HardwareSelectionFromDataTest" />
    </UnitTest>
    <UnitTest name="InitialFocus_SetEnabled_FrameworkElement_False_Focus_Not_Called" storage="d:\actions-runner\_work\xpco\xpco\corporate\videoos.administration.wpfcontrols.unittests\bin\x64\debug\net472\videoos.administration.wpfcontrols.unittests.dll" id="8a3322a4-264f-c577-4666-52291e49089d">
      <Execution id="c242f6b5-8bd3-4634-9600-e000bf9b72bd" />
      <TestMethod codeBase="D:\actions-runner\_work\XPCO\XPCO\Corporate\VideoOS.Administration.WpfControls.UnitTests\bin\x64\Debug\net472\VideoOS.Administration.WpfControls.UnitTests.dll" adapterTypeName="executor://mstestadapter/v2" className="VideoOS.Administration.WpfControls.UnitTests.Mvvm.InitialFocusUnitTest" name="InitialFocus_SetEnabled_FrameworkElement_False_Focus_Not_Called" />
    </UnitTest>
    <UnitTest name="SortEquality_NotEqualSorts" storage="d:\actions-runner\_work\xpco\xpco\corporate\videoos.administration.wpfcontrols.unittests\bin\x64\debug\net472\videoos.administration.wpfcontrols.unittests.dll" id="ab4a3b6b-68b0-800a-3f72-3234f3163c1b">
      <Execution id="1d7eecf5-ce51-4a27-a89f-44debbd871a8" />
      <TestMethod codeBase="D:\actions-runner\_work\XPCO\XPCO\Corporate\VideoOS.Administration.WpfControls.UnitTests\bin\x64\Debug\net472\VideoOS.Administration.WpfControls.UnitTests.dll" adapterTypeName="executor://mstestadapter/v2" className="VideoOS.Administration.WpfControls.UnitTests.Wizards.Common.TwoSortsToSortEqualityMultiValueConverterTest" name="SortEquality_NotEqualSorts" />
    </UnitTest>
    <UnitTest name="SelectionChanged_SameSelectedItemsCountTest" storage="d:\actions-runner\_work\xpco\xpco\corporate\videoos.administration.wpfcontrols.unittests\bin\x64\debug\net472\videoos.administration.wpfcontrols.unittests.dll" id="4b3fd966-5843-d2c0-fd04-fb813c6c0291">
      <Owners>
        <Owner name="max" />
      </Owners>
      <Execution id="f4301be4-4cff-4dbc-8fa2-b66ac580abed" />
      <TestMethod codeBase="D:\actions-runner\_work\XPCO\XPCO\Corporate\VideoOS.Administration.WpfControls.UnitTests\bin\x64\Debug\net472\VideoOS.Administration.WpfControls.UnitTests.dll" adapterTypeName="executor://mstestadapter/v2" className="VideoOS.Administration.WpfControls.UnitTests.Wizards.ChangeHardwarePassword.PageViewModelHardwareSelectionTest" name="SelectionChanged_SameSelectedItemsCountTest" />
    </UnitTest>
    <UnitTest name="Convert_ToBool_UsedGtAvailable" storage="d:\actions-runner\_work\xpco\xpco\corporate\videoos.administration.wpfcontrols.unittests\bin\x64\debug\net472\videoos.administration.wpfcontrols.unittests.dll" id="49ca85d3-c3b7-af52-fe22-5ed8125d23ba">
      <Owners>
        <Owner name="lsk" />
      </Owners>
      <Execution id="4e75770f-1657-42d3-82d9-a7e93f70fb66" />
      <TestMethod codeBase="D:\actions-runner\_work\XPCO\XPCO\Corporate\VideoOS.Administration.WpfControls.UnitTests\bin\x64\Debug\net472\VideoOS.Administration.WpfControls.UnitTests.dll" adapterTypeName="executor://mstestadapter/v2" className="VideoOS.Administration.WpfControls.UnitTests.Wizards.MoveHardware.UsagePercentageMultiValueConverterTest" name="Convert_ToBool_UsedGtAvailable" />
    </UnitTest>
    <UnitTest name="Validate_WithPasswordManualEntry_WrongConfirmationPassword" storage="d:\actions-runner\_work\xpco\xpco\corporate\videoos.administration.wpfcontrols.unittests\bin\x64\debug\net472\videoos.administration.wpfcontrols.unittests.dll" id="c3184295-42a7-66b5-0825-d2f93113dc23">
      <Owners>
        <Owner name="max" />
      </Owners>
      <Execution id="f12ebb5c-4f35-4ecb-90d3-526f7e0ce409" />
      <TestMethod codeBase="D:\actions-runner\_work\XPCO\XPCO\Corporate\VideoOS.Administration.WpfControls.UnitTests\bin\x64\Debug\net472\VideoOS.Administration.WpfControls.UnitTests.dll" adapterTypeName="executor://mstestadapter/v2" className="VideoOS.Administration.WpfControls.UnitTests.Wizards.ChangeHardwarePassword.PageViewModelChangeHardwarePasswordTest" name="Validate_WithPasswordManualEntry_WrongConfirmationPassword" />
    </UnitTest>
    <UnitTest name="SortEquality_NullValues" storage="d:\actions-runner\_work\xpco\xpco\corporate\videoos.administration.wpfcontrols.unittests\bin\x64\debug\net472\videoos.administration.wpfcontrols.unittests.dll" id="e9878acc-6ac6-fbae-39cb-00da39dd2634">
      <Execution id="3da2dacb-0598-488b-998b-00d73a4e1b45" />
      <TestMethod codeBase="D:\actions-runner\_work\XPCO\XPCO\Corporate\VideoOS.Administration.WpfControls.UnitTests\bin\x64\Debug\net472\VideoOS.Administration.WpfControls.UnitTests.dll" adapterTypeName="executor://mstestadapter/v2" className="VideoOS.Administration.WpfControls.UnitTests.Wizards.Common.TwoSortsToSortEqualityMultiValueConverterTest" name="SortEquality_NullValues" />
    </UnitTest>
    <UnitTest name="Convert_Hours_SecondsOffsetTest" storage="d:\actions-runner\_work\xpco\xpco\corporate\videoos.administration.wpfcontrols.unittests\bin\x64\debug\net472\videoos.administration.wpfcontrols.unittests.dll" id="20bfef15-a2cd-3fad-0bf5-7d316ff6dd05">
      <Owners>
        <Owner name="lsk" />
      </Owners>
      <Execution id="fb8d878b-0bb3-4872-95c2-71916babc3e5" />
      <TestMethod codeBase="D:\actions-runner\_work\XPCO\XPCO\Corporate\VideoOS.Administration.WpfControls.UnitTests\bin\x64\Debug\net472\VideoOS.Administration.WpfControls.UnitTests.dll" adapterTypeName="executor://mstestadapter/v2" className="VideoOS.Administration.WpfControls.UnitTests.Wizards.MoveHardware.StorageRetentionTimeToStringValueConverterTest" name="Convert_Hours_SecondsOffsetTest" />
    </UnitTest>
    <UnitTest name="AllHardwareSelected_Set_NullTest" storage="d:\actions-runner\_work\xpco\xpco\corporate\videoos.administration.wpfcontrols.unittests\bin\x64\debug\net472\videoos.administration.wpfcontrols.unittests.dll" id="38dda871-b7e4-b196-a9eb-a425140a5da5">
      <Owners>
        <Owner name="lsk" />
      </Owners>
      <Execution id="0cdec6d3-80d5-4a4a-a7bd-5edbdf6b8da0" />
      <TestMethod codeBase="D:\actions-runner\_work\XPCO\XPCO\Corporate\VideoOS.Administration.WpfControls.UnitTests\bin\x64\Debug\net472\VideoOS.Administration.WpfControls.UnitTests.dll" adapterTypeName="executor://mstestadapter/v2" className="VideoOS.Administration.WpfControls.UnitTests.Wizards.MoveHardware.PageViewModelHardwareSelectionTest" name="AllHardwareSelected_Set_NullTest" />
    </UnitTest>
    <UnitTest name="MessageBoxButtonExtensions_AsWinFormsMessageBoxButtons_Check_Expected_Output" storage="d:\actions-runner\_work\xpco\xpco\corporate\videoos.administration.wpfcontrols.unittests\bin\x64\debug\net472\videoos.administration.wpfcontrols.unittests.dll" id="f2c9a4ad-b5f5-fd13-6db6-439895537b88">
      <Execution id="f467ebcd-8cd9-471b-aef2-ee5382defb89" />
      <TestMethod codeBase="D:\actions-runner\_work\XPCO\XPCO\Corporate\VideoOS.Administration.WpfControls.UnitTests\bin\x64\Debug\net472\VideoOS.Administration.WpfControls.UnitTests.dll" adapterTypeName="executor://mstestadapter/v2" className="VideoOS.Administration.WpfControls.UnitTests.Interop.MessageBoxButtonExtensionsUnitTests" name="MessageBoxButtonExtensions_AsWinFormsMessageBoxButtons_Check_Expected_Output" />
    </UnitTest>
    <UnitTest name="Convert_AllValues" storage="d:\actions-runner\_work\xpco\xpco\corporate\videoos.administration.wpfcontrols.unittests\bin\x64\debug\net472\videoos.administration.wpfcontrols.unittests.dll" id="6791732f-26a7-04d2-eb4e-7b28d6773426">
      <Execution id="c7b46965-2049-49f0-b275-fc55508fa6a6" />
      <TestMethod codeBase="D:\actions-runner\_work\XPCO\XPCO\Corporate\VideoOS.Administration.WpfControls.UnitTests\bin\x64\Debug\net472\VideoOS.Administration.WpfControls.UnitTests.dll" adapterTypeName="executor://mstestadapter/v2" className="VideoOS.Administration.WpfControls.UnitTests.Wizards.MoveHardware.StatusToSingleValueConverterTest" name="Convert_AllValues" />
    </UnitTest>
    <UnitTest name="CurrentStatus_PostNavigatingTo_PreselectionTest" storage="d:\actions-runner\_work\xpco\xpco\corporate\videoos.administration.wpfcontrols.unittests\bin\x64\debug\net472\videoos.administration.wpfcontrols.unittests.dll" id="2dfe4212-1e51-6a2f-eccf-e624c5e32703">
      <Owners>
        <Owner name="max" />
      </Owners>
      <Execution id="f9962929-eacd-4356-9e2e-f6677f6d7de5" />
      <TestMethod codeBase="D:\actions-runner\_work\XPCO\XPCO\Corporate\VideoOS.Administration.WpfControls.UnitTests\bin\x64\Debug\net472\VideoOS.Administration.WpfControls.UnitTests.dll" adapterTypeName="executor://mstestadapter/v2" className="VideoOS.Administration.WpfControls.UnitTests.Wizards.ChangeHardwarePassword.PageViewModelHardwareSelectionTest" name="CurrentStatus_PostNavigatingTo_PreselectionTest" />
    </UnitTest>
    <UnitTest name="Convert_MultipleWarnings" storage="d:\actions-runner\_work\xpco\xpco\corporate\videoos.administration.wpfcontrols.unittests\bin\x64\debug\net472\videoos.administration.wpfcontrols.unittests.dll" id="6fb74ec5-2016-803e-6002-9db1a1b3dd9a">
      <Execution id="8230f4c4-b148-4887-aca2-f01286804360" />
      <TestMethod codeBase="D:\actions-runner\_work\XPCO\XPCO\Corporate\VideoOS.Administration.WpfControls.UnitTests\bin\x64\Debug\net472\VideoOS.Administration.WpfControls.UnitTests.dll" adapterTypeName="executor://mstestadapter/v2" className="VideoOS.Administration.WpfControls.UnitTests.Wizards.MoveHardware.WarningsToStringConverterTest" name="Convert_MultipleWarnings" />
    </UnitTest>
    <UnitTest name="ScheduleNextRun_RaisesEventOnSiteWorking_AfterWaitingForTimeout_Success" storage="d:\actions-runner\_work\xpco\xpco\corporate\videoos.administration.wpfcontrols.unittests\bin\x64\debug\net472\videoos.administration.wpfcontrols.unittests.dll" id="aec88af4-fc37-ae68-2dbe-517f2be4242b">
      <TestCategory>
        <TestCategoryItem TestCategory="VideoOS Administration" />
      </TestCategory>
      <Execution id="268351d2-22cd-44ac-a114-c1174d01710d" />
      <TestMethod codeBase="D:\actions-runner\_work\XPCO\XPCO\Corporate\VideoOS.Administration.WpfControls.UnitTests\bin\x64\Debug\net472\VideoOS.Administration.WpfControls.UnitTests.dll" adapterTypeName="executor://mstestadapter/v2" className="VideoOS.Administration.WpfControls.UnitTests.Login.ChangePasswordThreadTests" name="ScheduleNextRun_RaisesEventOnSiteWorking_AfterWaitingForTimeout_Success" />
    </UnitTest>
    <UnitTest name="AllHardwareSelected_Event_FromAllSelectedTest" storage="d:\actions-runner\_work\xpco\xpco\corporate\videoos.administration.wpfcontrols.unittests\bin\x64\debug\net472\videoos.administration.wpfcontrols.unittests.dll" id="1908cd4e-24f5-f838-8022-09f0e59c3b4e">
      <Owners>
        <Owner name="max" />
      </Owners>
      <Execution id="058d000b-8143-4962-8b18-0e3838e8bbff" />
      <TestMethod codeBase="D:\actions-runner\_work\XPCO\XPCO\Corporate\VideoOS.Administration.WpfControls.UnitTests\bin\x64\Debug\net472\VideoOS.Administration.WpfControls.UnitTests.dll" adapterTypeName="executor://mstestadapter/v2" className="VideoOS.Administration.WpfControls.UnitTests.Wizards.ChangeHardwarePassword.PageViewModelHardwareSelectionTest" name="AllHardwareSelected_Event_FromAllSelectedTest" />
    </UnitTest>
    <UnitTest name="MessageBoxButtonExtensions_AsWinFormsMessageBoxButtons_All_Values_Supported" storage="d:\actions-runner\_work\xpco\xpco\corporate\videoos.administration.wpfcontrols.unittests\bin\x64\debug\net472\videoos.administration.wpfcontrols.unittests.dll" id="4879fdf1-a6aa-6fe5-4969-67ce57c0e9ac">
      <Execution id="ba4a3fb9-8922-48e0-9ac6-7c6ced0cebf6" />
      <TestMethod codeBase="D:\actions-runner\_work\XPCO\XPCO\Corporate\VideoOS.Administration.WpfControls.UnitTests\bin\x64\Debug\net472\VideoOS.Administration.WpfControls.UnitTests.dll" adapterTypeName="executor://mstestadapter/v2" className="VideoOS.Administration.WpfControls.UnitTests.Interop.MessageBoxButtonExtensionsUnitTests" name="MessageBoxButtonExtensions_AsWinFormsMessageBoxButtons_All_Values_Supported" />
    </UnitTest>
    <UnitTest name="UpdateSelection_NullTest" storage="d:\actions-runner\_work\xpco\xpco\corporate\videoos.administration.wpfcontrols.unittests\bin\x64\debug\net472\videoos.administration.wpfcontrols.unittests.dll" id="4596f547-9ec2-cd9c-7ca2-6d11617a0198">
      <Owners>
        <Owner name="lsk" />
      </Owners>
      <Execution id="eff8f00c-3eaa-4fb5-b8c8-76eeed379131" />
      <TestMethod codeBase="D:\actions-runner\_work\XPCO\XPCO\Corporate\VideoOS.Administration.WpfControls.UnitTests\bin\x64\Debug\net472\VideoOS.Administration.WpfControls.UnitTests.dll" adapterTypeName="executor://mstestadapter/v2" className="VideoOS.Administration.WpfControls.UnitTests.Wizards.MoveHardware.PageViewModelHardwareSelectionTest" name="UpdateSelection_NullTest" />
    </UnitTest>
    <UnitTest name="Convert_Error_CultureInfoNullTest" storage="d:\actions-runner\_work\xpco\xpco\corporate\videoos.administration.wpfcontrols.unittests\bin\x64\debug\net472\videoos.administration.wpfcontrols.unittests.dll" id="3151dadf-b9b4-706f-3f15-ef0804d1c4a4">
      <Owners>
        <Owner name="lsk" />
      </Owners>
      <Execution id="81ab9baa-e62b-4e0e-a6da-780f161145a0" />
      <TestMethod codeBase="D:\actions-runner\_work\XPCO\XPCO\Corporate\VideoOS.Administration.WpfControls.UnitTests\bin\x64\Debug\net472\VideoOS.Administration.WpfControls.UnitTests.dll" adapterTypeName="executor://mstestadapter/v2" className="VideoOS.Administration.WpfControls.UnitTests.Wizards.MoveHardware.StorageUsageSummaryMultiValueConverterTest" name="Convert_Error_CultureInfoNullTest" />
    </UnitTest>
    <UnitTest name="Convert_OneWarning" storage="d:\actions-runner\_work\xpco\xpco\corporate\videoos.administration.wpfcontrols.unittests\bin\x64\debug\net472\videoos.administration.wpfcontrols.unittests.dll" id="b28ebd74-9e5e-9457-1489-0726ed5ffe38">
      <Execution id="43825876-31a3-4fad-96df-3b9d509ba84e" />
      <TestMethod codeBase="D:\actions-runner\_work\XPCO\XPCO\Corporate\VideoOS.Administration.WpfControls.UnitTests\bin\x64\Debug\net472\VideoOS.Administration.WpfControls.UnitTests.dll" adapterTypeName="executor://mstestadapter/v2" className="VideoOS.Administration.WpfControls.UnitTests.Wizards.UpdateFirmware.View.Converters.WarningToStringConverterTest" name="Convert_OneWarning" />
    </UnitTest>
    <UnitTest name="SortBaseCommon_GetHashCode_EqualInstancesTest" storage="d:\actions-runner\_work\xpco\xpco\corporate\videoos.administration.wpfcontrols.unittests\bin\x64\debug\net472\videoos.administration.wpfcontrols.unittests.dll" id="6b5427c4-3998-55f8-2902-c3d8729fa256">
      <Owners>
        <Owner name="lsk" />
      </Owners>
      <Execution id="a67317ff-df9f-46b6-9883-d2776644147b" />
      <TestMethod codeBase="D:\actions-runner\_work\XPCO\XPCO\Corporate\VideoOS.Administration.WpfControls.UnitTests\bin\x64\Debug\net472\VideoOS.Administration.WpfControls.UnitTests.dll" adapterTypeName="executor://mstestadapter/v2" className="VideoOS.Administration.WpfControls.UnitTests.Mvvm.Sort.SimpleSortTest" name="SortBaseCommon_GetHashCode_EqualInstancesTest" />
    </UnitTest>
    <UnitTest name="HandledVmoAccessTests_PermissionCheckedCollectionCanIterate" storage="d:\actions-runner\_work\xpco\xpco\corporate\videoos.administration.wpfcontrols.unittests\bin\x64\debug\net472\videoos.administration.wpfcontrols.unittests.dll" id="cdc1bef6-f96f-7841-ca52-02ba3a526bde">
      <Execution id="732e6c7c-a0cf-4411-9445-d8ef4282b1e5" />
      <TestMethod codeBase="D:\actions-runner\_work\XPCO\XPCO\Corporate\VideoOS.Administration.WpfControls.UnitTests\bin\x64\Debug\net472\VideoOS.Administration.WpfControls.UnitTests.dll" adapterTypeName="executor://mstestadapter/v2" className="VideoOS.Administration.WpfControls.UnitTests.SystemMonitorEventThresholds.HandledVmoAccessTests" name="HandledVmoAccessTests_PermissionCheckedCollectionCanIterate" />
    </UnitTest>
    <UnitTest name="Convert_MultipleWarnings" storage="d:\actions-runner\_work\xpco\xpco\corporate\videoos.administration.wpfcontrols.unittests\bin\x64\debug\net472\videoos.administration.wpfcontrols.unittests.dll" id="4576efdf-b9af-4bc6-d7c1-90ead365e115">
      <Execution id="10ba3903-f3b7-4e87-8719-c4d1bdf2b047" />
      <TestMethod codeBase="D:\actions-runner\_work\XPCO\XPCO\Corporate\VideoOS.Administration.WpfControls.UnitTests\bin\x64\Debug\net472\VideoOS.Administration.WpfControls.UnitTests.dll" adapterTypeName="executor://mstestadapter/v2" className="VideoOS.Administration.WpfControls.UnitTests.Wizards.ChangeHardwarePassword.WarningsToStringConverterTest" name="Convert_MultipleWarnings" />
    </UnitTest>
    <UnitTest name="Convert_Days_PluralTest" storage="d:\actions-runner\_work\xpco\xpco\corporate\videoos.administration.wpfcontrols.unittests\bin\x64\debug\net472\videoos.administration.wpfcontrols.unittests.dll" id="2df76026-822a-2479-b0f1-036918ecd9a7">
      <Owners>
        <Owner name="lsk" />
      </Owners>
      <Execution id="4af04f53-cfca-4bfd-b246-e9aa3bb6aa01" />
      <TestMethod codeBase="D:\actions-runner\_work\XPCO\XPCO\Corporate\VideoOS.Administration.WpfControls.UnitTests\bin\x64\Debug\net472\VideoOS.Administration.WpfControls.UnitTests.dll" adapterTypeName="executor://mstestadapter/v2" className="VideoOS.Administration.WpfControls.UnitTests.Wizards.MoveHardware.StorageRetentionTimeToStringValueConverterTest" name="Convert_Days_PluralTest" />
    </UnitTest>
    <UnitTest name="SortBaseCommon_Equality_SortBase_EqualObjectsTest" storage="d:\actions-runner\_work\xpco\xpco\corporate\videoos.administration.wpfcontrols.unittests\bin\x64\debug\net472\videoos.administration.wpfcontrols.unittests.dll" id="543cb258-3f83-7c3f-bfde-b6afaef309a0">
      <Owners>
        <Owner name="lsk" />
      </Owners>
      <Execution id="a2052aee-9ae1-4e5b-a1cf-29de8b83333b" />
      <TestMethod codeBase="D:\actions-runner\_work\XPCO\XPCO\Corporate\VideoOS.Administration.WpfControls.UnitTests\bin\x64\Debug\net472\VideoOS.Administration.WpfControls.UnitTests.dll" adapterTypeName="executor://mstestadapter/v2" className="VideoOS.Administration.WpfControls.UnitTests.Mvvm.Sort.SimpleSortWithFallbackTest" name="SortBaseCommon_Equality_SortBase_EqualObjectsTest" />
    </UnitTest>
    <UnitTest name="NavigatingTo_ExceptionHandling_ChangeHardwarePasswordException_PreselectedThrowsTest" storage="d:\actions-runner\_work\xpco\xpco\corporate\videoos.administration.wpfcontrols.unittests\bin\x64\debug\net472\videoos.administration.wpfcontrols.unittests.dll" id="256150e6-7cc4-aaf6-f835-c3ad5b350990">
      <Owners>
        <Owner name="max" />
      </Owners>
      <Execution id="b837fb1e-6ef9-46c6-94f5-a6ad78d39744" />
      <TestMethod codeBase="D:\actions-runner\_work\XPCO\XPCO\Corporate\VideoOS.Administration.WpfControls.UnitTests\bin\x64\Debug\net472\VideoOS.Administration.WpfControls.UnitTests.dll" adapterTypeName="executor://mstestadapter/v2" className="VideoOS.Administration.WpfControls.UnitTests.Wizards.ChangeHardwarePassword.PageViewModelHardwareSelectionTest" name="NavigatingTo_ExceptionHandling_ChangeHardwarePasswordException_PreselectedThrowsTest" />
    </UnitTest>
    <UnitTest name="SameStatusesAreVisibleTest" storage="d:\actions-runner\_work\xpco\xpco\corporate\videoos.administration.wpfcontrols.unittests\bin\x64\debug\net472\videoos.administration.wpfcontrols.unittests.dll" id="d331a97b-370e-2ae0-f100-6ee4eb85fdef">
      <Execution id="e1961903-dc34-4d37-bcd5-eee3a629eb6b" />
      <TestMethod codeBase="D:\actions-runner\_work\XPCO\XPCO\Corporate\VideoOS.Administration.WpfControls.UnitTests\bin\x64\Debug\net472\VideoOS.Administration.WpfControls.UnitTests.dll" adapterTypeName="executor://mstestadapter/v2" className="VideoOS.Administration.WpfControls.UnitTests.HardwareSetupDialog.Converters.StatusToVisibilityConverterUnitTests" name="SameStatusesAreVisibleTest" />
    </UnitTest>
    <UnitTest name="SelectedRecorder_Event_ValueChangesTest" storage="d:\actions-runner\_work\xpco\xpco\corporate\videoos.administration.wpfcontrols.unittests\bin\x64\debug\net472\videoos.administration.wpfcontrols.unittests.dll" id="59bc8fe3-a9fb-b489-8884-4fb2a47072e9">
      <Owners>
        <Owner name="lsk" />
      </Owners>
      <Execution id="07e06142-0b2c-4276-a0e9-b3e73d94f35e" />
      <TestMethod codeBase="D:\actions-runner\_work\XPCO\XPCO\Corporate\VideoOS.Administration.WpfControls.UnitTests\bin\x64\Debug\net472\VideoOS.Administration.WpfControls.UnitTests.dll" adapterTypeName="executor://mstestadapter/v2" className="VideoOS.Administration.WpfControls.UnitTests.Wizards.MoveHardware.PageViewModelDestinationRecorderSelectionTest" name="SelectedRecorder_Event_ValueChangesTest" />
    </UnitTest>
    <UnitTest name="NextCommand_CanExecute_PageValidTest" storage="d:\actions-runner\_work\xpco\xpco\corporate\videoos.administration.wpfcontrols.unittests\bin\x64\debug\net472\videoos.administration.wpfcontrols.unittests.dll" id="f9c98099-5fe6-9106-1392-0051e77ba0c1">
      <Owners>
        <Owner name="lsk" />
      </Owners>
      <Execution id="155e2c4f-7f68-4e3f-a307-72a57b4a18b3" />
      <TestMethod codeBase="D:\actions-runner\_work\XPCO\XPCO\Corporate\VideoOS.Administration.WpfControls.UnitTests\bin\x64\Debug\net472\VideoOS.Administration.WpfControls.UnitTests.dll" adapterTypeName="executor://mstestadapter/v2" className="VideoOS.Administration.WpfControls.UnitTests.Wizards.Common.WizardBaseViewModelTest" name="NextCommand_CanExecute_PageValidTest" />
    </UnitTest>
    <UnitTest name="UpdateSelection_NullTest" storage="d:\actions-runner\_work\xpco\xpco\corporate\videoos.administration.wpfcontrols.unittests\bin\x64\debug\net472\videoos.administration.wpfcontrols.unittests.dll" id="d64e5132-5f52-bfa3-e494-a6655ef1b648">
      <Owners>
        <Owner name="max" />
      </Owners>
      <Execution id="46d2e5e1-de4a-4a53-8dc1-c7a5452820ab" />
      <TestMethod codeBase="D:\actions-runner\_work\XPCO\XPCO\Corporate\VideoOS.Administration.WpfControls.UnitTests\bin\x64\Debug\net472\VideoOS.Administration.WpfControls.UnitTests.dll" adapterTypeName="executor://mstestadapter/v2" className="VideoOS.Administration.WpfControls.UnitTests.Wizards.ChangeHardwarePassword.PageViewModelHardwareSelectionTest" name="UpdateSelection_NullTest" />
    </UnitTest>
    <UnitTest name="NavigatingAway_SelectedItemsSetOnDataTest" storage="d:\actions-runner\_work\xpco\xpco\corporate\videoos.administration.wpfcontrols.unittests\bin\x64\debug\net472\videoos.administration.wpfcontrols.unittests.dll" id="8bc9dbd1-0f25-d916-37f2-1cdc9dfe548a">
      <Owners>
        <Owner name="lsk" />
      </Owners>
      <Execution id="e3f39626-e573-4d6b-9310-c740e16e1fc5" />
      <TestMethod codeBase="D:\actions-runner\_work\XPCO\XPCO\Corporate\VideoOS.Administration.WpfControls.UnitTests\bin\x64\Debug\net472\VideoOS.Administration.WpfControls.UnitTests.dll" adapterTypeName="executor://mstestadapter/v2" className="VideoOS.Administration.WpfControls.UnitTests.Wizards.MoveHardware.PageViewModelDestinationRecorderSelectionTest" name="NavigatingAway_SelectedItemsSetOnDataTest" />
    </UnitTest>
    <UnitTest name="CalcuateNewColumnWidths_Mixed_Width" storage="d:\actions-runner\_work\xpco\xpco\corporate\videoos.administration.wpfcontrols.unittests\bin\x64\debug\net472\videoos.administration.wpfcontrols.unittests.dll" id="42ddcfb5-f49b-cca3-6c6f-4fc9774ef35a">
      <Execution id="2524fb56-6c3c-4522-b4d1-7f8330a34670" />
      <TestMethod codeBase="D:\actions-runner\_work\XPCO\XPCO\Corporate\VideoOS.Administration.WpfControls.UnitTests\bin\x64\Debug\net472\VideoOS.Administration.WpfControls.UnitTests.dll" adapterTypeName="executor://mstestadapter/v2" className="VideoOS.Administration.WpfControls.UnitTests.Mvvm.InitialColumnSizingUnitTests" name="CalcuateNewColumnWidths_Mixed_Width" />
    </UnitTest>
    <UnitTest name="NavigatingAway_ModificationsCarryOver" storage="d:\actions-runner\_work\xpco\xpco\corporate\videoos.administration.wpfcontrols.unittests\bin\x64\debug\net472\videoos.administration.wpfcontrols.unittests.dll" id="bcf3d4c3-6d3d-db68-80b1-f1b00270a123">
      <Owners>
        <Owner name="max" />
      </Owners>
      <Execution id="f463fa33-fef5-4cd0-a456-8048b684d580" />
      <TestMethod codeBase="D:\actions-runner\_work\XPCO\XPCO\Corporate\VideoOS.Administration.WpfControls.UnitTests\bin\x64\Debug\net472\VideoOS.Administration.WpfControls.UnitTests.dll" adapterTypeName="executor://mstestadapter/v2" className="VideoOS.Administration.WpfControls.UnitTests.Wizards.ChangeHardwarePassword.PageViewModelChangeHardwarePasswordTest" name="NavigatingAway_ModificationsCarryOver" />
    </UnitTest>
    <UnitTest name="PreviousCommand_CommandInvalidated_PageStatusChanged_InvalidToBusyTest" storage="d:\actions-runner\_work\xpco\xpco\corporate\videoos.administration.wpfcontrols.unittests\bin\x64\debug\net472\videoos.administration.wpfcontrols.unittests.dll" id="5adba357-31a9-e2a5-3f10-a94db24d0c1f">
      <Owners>
        <Owner name="lsk" />
      </Owners>
      <Execution id="072e31f3-a49c-4df3-a217-f97dbe95aa35" />
      <TestMethod codeBase="D:\actions-runner\_work\XPCO\XPCO\Corporate\VideoOS.Administration.WpfControls.UnitTests\bin\x64\Debug\net472\VideoOS.Administration.WpfControls.UnitTests.dll" adapterTypeName="executor://mstestadapter/v2" className="VideoOS.Administration.WpfControls.UnitTests.Wizards.Common.WizardBaseViewModelTest" name="PreviousCommand_CommandInvalidated_PageStatusChanged_InvalidToBusyTest" />
    </UnitTest>
    <UnitTest name="ScheduleNextRun_InternalExceptionDoesNotRaisesEventOnSiteWorking_Success" storage="d:\actions-runner\_work\xpco\xpco\corporate\videoos.administration.wpfcontrols.unittests\bin\x64\debug\net472\videoos.administration.wpfcontrols.unittests.dll" id="be8da6d3-d798-6ea6-d736-548a0a7f4ec0">
      <TestCategory>
        <TestCategoryItem TestCategory="VideoOS Administration" />
      </TestCategory>
      <Execution id="c181e2bd-aede-4bf0-955e-a395f66cdd66" />
      <TestMethod codeBase="D:\actions-runner\_work\XPCO\XPCO\Corporate\VideoOS.Administration.WpfControls.UnitTests\bin\x64\Debug\net472\VideoOS.Administration.WpfControls.UnitTests.dll" adapterTypeName="executor://mstestadapter/v2" className="VideoOS.Administration.WpfControls.UnitTests.Login.ChangePasswordThreadTests" name="ScheduleNextRun_InternalExceptionDoesNotRaisesEventOnSiteWorking_Success" />
    </UnitTest>
    <UnitTest name="Convert_Negative_DaysTest" storage="d:\actions-runner\_work\xpco\xpco\corporate\videoos.administration.wpfcontrols.unittests\bin\x64\debug\net472\videoos.administration.wpfcontrols.unittests.dll" id="cbc00693-3018-a563-8a89-a8dbeba3cf5d">
      <Owners>
        <Owner name="lsk" />
      </Owners>
      <Execution id="899478c3-30b1-457f-8d13-6de6dec9ea8d" />
      <TestMethod codeBase="D:\actions-runner\_work\XPCO\XPCO\Corporate\VideoOS.Administration.WpfControls.UnitTests\bin\x64\Debug\net472\VideoOS.Administration.WpfControls.UnitTests.dll" adapterTypeName="executor://mstestadapter/v2" className="VideoOS.Administration.WpfControls.UnitTests.Wizards.MoveHardware.StorageRetentionTimeToStringValueConverterTest" name="Convert_Negative_DaysTest" />
    </UnitTest>
    <UnitTest name="NavigatingTo_CheckPreselectedHardwareAvailable_False_NavigationNotCancelled" storage="d:\actions-runner\_work\xpco\xpco\corporate\videoos.administration.wpfcontrols.unittests\bin\x64\debug\net472\videoos.administration.wpfcontrols.unittests.dll" id="5e8702d9-5c9f-0f2b-a406-1864da59bd7e">
      <Execution id="3a9688db-f199-41b0-aa76-5b2dfda27468" />
      <TestMethod codeBase="D:\actions-runner\_work\XPCO\XPCO\Corporate\VideoOS.Administration.WpfControls.UnitTests\bin\x64\Debug\net472\VideoOS.Administration.WpfControls.UnitTests.dll" adapterTypeName="executor://mstestadapter/v2" className="VideoOS.Administration.WpfControls.UnitTests.Wizards.ChangeHardwarePassword.PageViewModelPreValidationTest" name="NavigatingTo_CheckPreselectedHardwareAvailable_False_NavigationNotCancelled" />
    </UnitTest>
    <UnitTest name="NavigatingTo_Selection_FromHandler_UnavailableItemsTest" storage="d:\actions-runner\_work\xpco\xpco\corporate\videoos.administration.wpfcontrols.unittests\bin\x64\debug\net472\videoos.administration.wpfcontrols.unittests.dll" id="2f4b0281-9c7a-09ad-9ddf-f26e3385dbb8">
      <Owners>
        <Owner name="max" />
      </Owners>
      <Execution id="c5227327-0276-4f5b-87ee-e4cf8226f3eb" />
      <TestMethod codeBase="D:\actions-runner\_work\XPCO\XPCO\Corporate\VideoOS.Administration.WpfControls.UnitTests\bin\x64\Debug\net472\VideoOS.Administration.WpfControls.UnitTests.dll" adapterTypeName="executor://mstestadapter/v2" className="VideoOS.Administration.WpfControls.UnitTests.Wizards.ChangeHardwarePassword.PageViewModelHardwareSelectionTest" name="NavigatingTo_Selection_FromHandler_UnavailableItemsTest" />
    </UnitTest>
    <UnitTest name="UpdateSelection_PreSelectSamePhysicalHardwareWithDifferentUserLoginTest" storage="d:\actions-runner\_work\xpco\xpco\corporate\videoos.administration.wpfcontrols.unittests\bin\x64\debug\net472\videoos.administration.wpfcontrols.unittests.dll" id="83b8fb31-7586-504e-9589-78c8798e602b">
      <Owners>
        <Owner name="max" />
      </Owners>
      <Execution id="101fdb1f-d3cd-43a1-8e62-9a9bb0fd14c0" />
      <TestMethod codeBase="D:\actions-runner\_work\XPCO\XPCO\Corporate\VideoOS.Administration.WpfControls.UnitTests\bin\x64\Debug\net472\VideoOS.Administration.WpfControls.UnitTests.dll" adapterTypeName="executor://mstestadapter/v2" className="VideoOS.Administration.WpfControls.UnitTests.Wizards.ChangeHardwarePassword.PageViewModelHardwareSelectionTest" name="UpdateSelection_PreSelectSamePhysicalHardwareWithDifferentUserLoginTest" />
    </UnitTest>
    <UnitTest name="SortEquality_NotSupportedValueType" storage="d:\actions-runner\_work\xpco\xpco\corporate\videoos.administration.wpfcontrols.unittests\bin\x64\debug\net472\videoos.administration.wpfcontrols.unittests.dll" id="64145c96-0680-9261-408d-8d65c1c6f2af">
      <Execution id="cb9609c2-6c60-47e0-8207-eab974a20fd9" />
      <TestMethod codeBase="D:\actions-runner\_work\XPCO\XPCO\Corporate\VideoOS.Administration.WpfControls.UnitTests\bin\x64\Debug\net472\VideoOS.Administration.WpfControls.UnitTests.dll" adapterTypeName="executor://mstestadapter/v2" className="VideoOS.Administration.WpfControls.UnitTests.Wizards.Common.TwoSortsToSortEqualityMultiValueConverterTest" name="SortEquality_NotSupportedValueType" />
    </UnitTest>
    <UnitTest name="Convert_Days_IncludingHoursTest" storage="d:\actions-runner\_work\xpco\xpco\corporate\videoos.administration.wpfcontrols.unittests\bin\x64\debug\net472\videoos.administration.wpfcontrols.unittests.dll" id="5796a76a-564c-e0b3-e252-ee677138bacc">
      <Owners>
        <Owner name="lsk" />
      </Owners>
      <Execution id="657292aa-a1a6-41cb-9e27-028f224c7244" />
      <TestMethod codeBase="D:\actions-runner\_work\XPCO\XPCO\Corporate\VideoOS.Administration.WpfControls.UnitTests\bin\x64\Debug\net472\VideoOS.Administration.WpfControls.UnitTests.dll" adapterTypeName="executor://mstestadapter/v2" className="VideoOS.Administration.WpfControls.UnitTests.Wizards.MoveHardware.StorageRetentionTimeToStringValueConverterTest" name="Convert_Days_IncludingHoursTest" />
    </UnitTest>
    <UnitTest name="SystemDashboard_LookupThresholdName_Success" storage="d:\actions-runner\_work\xpco\xpco\corporate\videoos.administration.wpfcontrols.unittests\bin\x64\debug\net472\videoos.administration.wpfcontrols.unittests.dll" id="43263a7c-2c3e-b069-fd0c-2c4a015e823b">
      <Execution id="68f30cf3-f07f-4edf-a631-0941d0bcce67" />
      <TestMethod codeBase="D:\actions-runner\_work\XPCO\XPCO\Corporate\VideoOS.Administration.WpfControls.UnitTests\bin\x64\Debug\net472\VideoOS.Administration.WpfControls.UnitTests.dll" adapterTypeName="executor://mstestadapter/v2" className="VideoOS.Administration.WpfControls.UnitTests.SystemMonitorEventThresholds.ViewModel.SystemDashboard_PerformanceStateRuleConfigurationHelperTest" name="SystemDashboard_LookupThresholdName_Success" />
    </UnitTest>
    <UnitTest name="SortBaseCommon_Equality_SortBase_SameInstanceTest" storage="d:\actions-runner\_work\xpco\xpco\corporate\videoos.administration.wpfcontrols.unittests\bin\x64\debug\net472\videoos.administration.wpfcontrols.unittests.dll" id="e09c165c-a32d-99ae-497b-164e41531b48">
      <Owners>
        <Owner name="lsk" />
      </Owners>
      <Execution id="671ff74b-3e81-4d2e-93bf-2dd8966b1091" />
      <TestMethod codeBase="D:\actions-runner\_work\XPCO\XPCO\Corporate\VideoOS.Administration.WpfControls.UnitTests\bin\x64\Debug\net472\VideoOS.Administration.WpfControls.UnitTests.dll" adapterTypeName="executor://mstestadapter/v2" className="VideoOS.Administration.WpfControls.UnitTests.Mvvm.Sort.SimpleSortTest" name="SortBaseCommon_Equality_SortBase_SameInstanceTest" />
    </UnitTest>
    <UnitTest name="AllHardwareSelected_Event_ToAllSelectedTest" storage="d:\actions-runner\_work\xpco\xpco\corporate\videoos.administration.wpfcontrols.unittests\bin\x64\debug\net472\videoos.administration.wpfcontrols.unittests.dll" id="8acef0c7-e31c-985c-7262-db84b8b0d8de">
      <Owners>
        <Owner name="lsk" />
      </Owners>
      <Execution id="af598d29-764d-4f6f-beb4-dfbdf247a472" />
      <TestMethod codeBase="D:\actions-runner\_work\XPCO\XPCO\Corporate\VideoOS.Administration.WpfControls.UnitTests\bin\x64\Debug\net472\VideoOS.Administration.WpfControls.UnitTests.dll" adapterTypeName="executor://mstestadapter/v2" className="VideoOS.Administration.WpfControls.UnitTests.Wizards.MoveHardware.PageViewModelHardwareSelectionTest" name="AllHardwareSelected_Event_ToAllSelectedTest" />
    </UnitTest>
    <UnitTest name="UpdateSelection_ValidSelectionTest" storage="d:\actions-runner\_work\xpco\xpco\corporate\videoos.administration.wpfcontrols.unittests\bin\x64\debug\net472\videoos.administration.wpfcontrols.unittests.dll" id="f48e9cd8-b051-c100-7f74-d5b838d2550f">
      <Owners>
        <Owner name="max" />
      </Owners>
      <Execution id="b4fb9b4b-2064-45e0-80c5-8aa3ead52f4a" />
      <TestMethod codeBase="D:\actions-runner\_work\XPCO\XPCO\Corporate\VideoOS.Administration.WpfControls.UnitTests\bin\x64\Debug\net472\VideoOS.Administration.WpfControls.UnitTests.dll" adapterTypeName="executor://mstestadapter/v2" className="VideoOS.Administration.WpfControls.UnitTests.Wizards.ChangeHardwarePassword.PageViewModelHardwareSelectionTest" name="UpdateSelection_ValidSelectionTest" />
    </UnitTest>
    <UnitTest name="NavigatingTo_OperationsCreatedTest" storage="d:\actions-runner\_work\xpco\xpco\corporate\videoos.administration.wpfcontrols.unittests\bin\x64\debug\net472\videoos.administration.wpfcontrols.unittests.dll" id="518ca512-f181-0648-dc57-307c401a0b75">
      <Owners>
        <Owner name="max" />
      </Owners>
      <Execution id="5378ed27-909b-4d2e-a2f0-cdc65afa22d7" />
      <TestMethod codeBase="D:\actions-runner\_work\XPCO\XPCO\Corporate\VideoOS.Administration.WpfControls.UnitTests\bin\x64\Debug\net472\VideoOS.Administration.WpfControls.UnitTests.dll" adapterTypeName="executor://mstestadapter/v2" className="VideoOS.Administration.WpfControls.UnitTests.Wizards.ChangeHardwarePassword.PageViewModelChangeHardwarePasswordProgressTest" name="NavigatingTo_OperationsCreatedTest" />
    </UnitTest>
    <UnitTest name="Initialize_NoFixedHardwareSelectionTest" storage="d:\actions-runner\_work\xpco\xpco\corporate\videoos.administration.wpfcontrols.unittests\bin\x64\debug\net472\videoos.administration.wpfcontrols.unittests.dll" id="54639342-3d46-c804-f3d5-99838a456624">
      <Owners>
        <Owner name="max" />
      </Owners>
      <Execution id="f572a142-8df2-4d56-bcea-09d38ed5215f" />
      <TestMethod codeBase="D:\actions-runner\_work\XPCO\XPCO\Corporate\VideoOS.Administration.WpfControls.UnitTests\bin\x64\Debug\net472\VideoOS.Administration.WpfControls.UnitTests.dll" adapterTypeName="executor://mstestadapter/v2" className="VideoOS.Administration.WpfControls.UnitTests.Wizards.ChangeHardwarePassword.WizardViewModelTest" name="Initialize_NoFixedHardwareSelectionTest" />
    </UnitTest>
    <UnitTest name="Convert_Multiline_Gives_First_Line" storage="d:\actions-runner\_work\xpco\xpco\corporate\videoos.administration.wpfcontrols.unittests\bin\x64\debug\net472\videoos.administration.wpfcontrols.unittests.dll" id="e4641341-31b6-ce48-cce6-568b8b19782f">
      <Execution id="fa1823cb-ac87-46cb-971d-6ca6165fc960" />
      <TestMethod codeBase="D:\actions-runner\_work\XPCO\XPCO\Corporate\VideoOS.Administration.WpfControls.UnitTests\bin\x64\Debug\net472\VideoOS.Administration.WpfControls.UnitTests.dll" adapterTypeName="executor://mstestadapter/v2" className="VideoOS.Administration.WpfControls.UnitTests.Wizards.MoveHardware.View.Converters.MultilineToSingleLineTextConverterUnitTests" name="Convert_Multiline_Gives_First_Line" />
    </UnitTest>
    <UnitTest name="NavigatingAway_EmptySelectionTest" storage="d:\actions-runner\_work\xpco\xpco\corporate\videoos.administration.wpfcontrols.unittests\bin\x64\debug\net472\videoos.administration.wpfcontrols.unittests.dll" id="32735e1c-1866-ff8c-1424-4aa60ca80d82">
      <Owners>
        <Owner name="max" />
      </Owners>
      <Execution id="d6f87265-4990-4e5b-bb84-f0b241c1b626" />
      <TestMethod codeBase="D:\actions-runner\_work\XPCO\XPCO\Corporate\VideoOS.Administration.WpfControls.UnitTests\bin\x64\Debug\net472\VideoOS.Administration.WpfControls.UnitTests.dll" adapterTypeName="executor://mstestadapter/v2" className="VideoOS.Administration.WpfControls.UnitTests.Wizards.ChangeHardwarePassword.PageViewModelHardwareSelectionTest" name="NavigatingAway_EmptySelectionTest" />
    </UnitTest>
    <UnitTest name="PreviousCommand_IsAvailable_FirstPageTest" storage="d:\actions-runner\_work\xpco\xpco\corporate\videoos.administration.wpfcontrols.unittests\bin\x64\debug\net472\videoos.administration.wpfcontrols.unittests.dll" id="6f4e1424-2a6a-4549-8cdd-22ce6dad0352">
      <Owners>
        <Owner name="lsk" />
      </Owners>
      <Execution id="2a2ca655-d187-47ef-832c-518070cf4288" />
      <TestMethod codeBase="D:\actions-runner\_work\XPCO\XPCO\Corporate\VideoOS.Administration.WpfControls.UnitTests\bin\x64\Debug\net472\VideoOS.Administration.WpfControls.UnitTests.dll" adapterTypeName="executor://mstestadapter/v2" className="VideoOS.Administration.WpfControls.UnitTests.Wizards.Common.WizardBaseViewModelTest" name="PreviousCommand_IsAvailable_FirstPageTest" />
    </UnitTest>
    <UnitTest name="ConvertTrueToVisibleTest" storage="d:\actions-runner\_work\xpco\xpco\corporate\videoos.administration.wpfcontrols.unittests\bin\x64\debug\net472\videoos.administration.wpfcontrols.unittests.dll" id="e5a959f9-42e9-cab2-d5b3-b860c76790d1">
      <Execution id="3923d918-dae9-49d3-ac67-85135aaac97f" />
      <TestMethod codeBase="D:\actions-runner\_work\XPCO\XPCO\Corporate\VideoOS.Administration.WpfControls.UnitTests\bin\x64\Debug\net472\VideoOS.Administration.WpfControls.UnitTests.dll" adapterTypeName="executor://mstestadapter/v2" className="VideoOS.Administration.WpfControls.UnitTests.Mvvm.Converters.BoolToVisibilityConverterUnitTests" name="ConvertTrueToVisibleTest" />
    </UnitTest>
    <UnitTest name="NavigatingTo_AvailableHardware_NoHardwareTest" storage="d:\actions-runner\_work\xpco\xpco\corporate\videoos.administration.wpfcontrols.unittests\bin\x64\debug\net472\videoos.administration.wpfcontrols.unittests.dll" id="6ebbcbf9-d9e1-df4a-dc0d-b8f854aa76bf">
      <Owners>
        <Owner name="max" />
      </Owners>
      <Execution id="dde9852b-346e-49ab-a82d-1216cb9b13d4" />
      <TestMethod codeBase="D:\actions-runner\_work\XPCO\XPCO\Corporate\VideoOS.Administration.WpfControls.UnitTests\bin\x64\Debug\net472\VideoOS.Administration.WpfControls.UnitTests.dll" adapterTypeName="executor://mstestadapter/v2" className="VideoOS.Administration.WpfControls.UnitTests.Wizards.ChangeHardwarePassword.PageViewModelHardwareSelectionTest" name="NavigatingTo_AvailableHardware_NoHardwareTest" />
    </UnitTest>
    <UnitTest name="SortBaseCommon_IsEquivalentOf_SortDescriptionCollection_DifferentListTest" storage="d:\actions-runner\_work\xpco\xpco\corporate\videoos.administration.wpfcontrols.unittests\bin\x64\debug\net472\videoos.administration.wpfcontrols.unittests.dll" id="153b871b-5165-582e-f348-a688fbf71627">
      <Owners>
        <Owner name="lsk" />
      </Owners>
      <Execution id="c1984ec4-5f16-4e19-b856-772ae1ced000" />
      <TestMethod codeBase="D:\actions-runner\_work\XPCO\XPCO\Corporate\VideoOS.Administration.WpfControls.UnitTests\bin\x64\Debug\net472\VideoOS.Administration.WpfControls.UnitTests.dll" adapterTypeName="executor://mstestadapter/v2" className="VideoOS.Administration.WpfControls.UnitTests.Mvvm.Sort.SimpleSortWithFallbackTest" name="SortBaseCommon_IsEquivalentOf_SortDescriptionCollection_DifferentListTest" />
    </UnitTest>
    <UnitTest name="Constructor_DataNotChangedDuringConstructionTest" storage="d:\actions-runner\_work\xpco\xpco\corporate\videoos.administration.wpfcontrols.unittests\bin\x64\debug\net472\videoos.administration.wpfcontrols.unittests.dll" id="fead0e95-d899-cc0e-0e88-008cee717a79">
      <Owners>
        <Owner name="max" />
      </Owners>
      <Execution id="ca0313c3-01a1-4f72-951a-95e5a25f3ec3" />
      <TestMethod codeBase="D:\actions-runner\_work\XPCO\XPCO\Corporate\VideoOS.Administration.WpfControls.UnitTests\bin\x64\Debug\net472\VideoOS.Administration.WpfControls.UnitTests.dll" adapterTypeName="executor://mstestadapter/v2" className="VideoOS.Administration.WpfControls.UnitTests.Wizards.ChangeHardwarePassword.PageViewModelChangeHardwarePasswordTest" name="Constructor_DataNotChangedDuringConstructionTest" />
    </UnitTest>
    <UnitTest name="SelectedRecorder_Event_ValueNotChangedTest" storage="d:\actions-runner\_work\xpco\xpco\corporate\videoos.administration.wpfcontrols.unittests\bin\x64\debug\net472\videoos.administration.wpfcontrols.unittests.dll" id="8cbe7f94-53bb-8b7b-4e1d-bc0e4c93eabe">
      <Owners>
        <Owner name="lsk" />
      </Owners>
      <Execution id="1a3bfb83-e78f-433a-98ff-846845b36dbe" />
      <TestMethod codeBase="D:\actions-runner\_work\XPCO\XPCO\Corporate\VideoOS.Administration.WpfControls.UnitTests\bin\x64\Debug\net472\VideoOS.Administration.WpfControls.UnitTests.dll" adapterTypeName="executor://mstestadapter/v2" className="VideoOS.Administration.WpfControls.UnitTests.Wizards.MoveHardware.PageViewModelDestinationRecorderSelectionTest" name="SelectedRecorder_Event_ValueNotChangedTest" />
    </UnitTest>
    <UnitTest name="ThresholdUserControlReverseVisibilityConverter_Success" storage="d:\actions-runner\_work\xpco\xpco\corporate\videoos.administration.wpfcontrols.unittests\bin\x64\debug\net472\videoos.administration.wpfcontrols.unittests.dll" id="f9c34574-035c-196e-b022-be5ff6427f51">
      <TestCategory>
        <TestCategoryItem TestCategory="SystemMonitorEventThresholds" />
      </TestCategory>
      <Execution id="df6fb412-6393-4c15-b445-f011d78616c0" />
      <TestMethod codeBase="D:\actions-runner\_work\XPCO\XPCO\Corporate\VideoOS.Administration.WpfControls.UnitTests\bin\x64\Debug\net472\VideoOS.Administration.WpfControls.UnitTests.dll" adapterTypeName="executor://mstestadapter/v2" className="VideoOS.Administration.WpfControls.UnitTests.SystemMonitorEventThresholds.Converters.ThresholdConverterTests" name="ThresholdUserControlReverseVisibilityConverter_Success" />
    </UnitTest>
    <UnitTest name="Convert_ToBool_BothValidTest" storage="d:\actions-runner\_work\xpco\xpco\corporate\videoos.administration.wpfcontrols.unittests\bin\x64\debug\net472\videoos.administration.wpfcontrols.unittests.dll" id="4b48bf36-078b-3281-68de-73bcc93c35cc">
      <Owners>
        <Owner name="lsk" />
      </Owners>
      <Execution id="ba2b509c-c5f5-4d97-a9d5-210afd283061" />
      <TestMethod codeBase="D:\actions-runner\_work\XPCO\XPCO\Corporate\VideoOS.Administration.WpfControls.UnitTests\bin\x64\Debug\net472\VideoOS.Administration.WpfControls.UnitTests.dll" adapterTypeName="executor://mstestadapter/v2" className="VideoOS.Administration.WpfControls.UnitTests.Wizards.MoveHardware.UsagePercentageMultiValueConverterTest" name="Convert_ToBool_BothValidTest" />
    </UnitTest>
    <UnitTest name="Convert_Hours_SingularTest" storage="d:\actions-runner\_work\xpco\xpco\corporate\videoos.administration.wpfcontrols.unittests\bin\x64\debug\net472\videoos.administration.wpfcontrols.unittests.dll" id="94bb4dfe-b0ce-4e57-734d-47a215db43d1">
      <Owners>
        <Owner name="lsk" />
      </Owners>
      <Execution id="ef236667-f973-4963-b3aa-96c16ed45729" />
      <TestMethod codeBase="D:\actions-runner\_work\XPCO\XPCO\Corporate\VideoOS.Administration.WpfControls.UnitTests\bin\x64\Debug\net472\VideoOS.Administration.WpfControls.UnitTests.dll" adapterTypeName="executor://mstestadapter/v2" className="VideoOS.Administration.WpfControls.UnitTests.Wizards.MoveHardware.StorageRetentionTimeToStringValueConverterTest" name="Convert_Hours_SingularTest" />
    </UnitTest>
    <UnitTest name="Constructor_PropertyAndFallbackAreTheSameTest" storage="d:\actions-runner\_work\xpco\xpco\corporate\videoos.administration.wpfcontrols.unittests\bin\x64\debug\net472\videoos.administration.wpfcontrols.unittests.dll" id="2a845b8b-a38f-a4fc-1a28-61fb3533bd2c">
      <Owners>
        <Owner name="lsk" />
      </Owners>
      <Execution id="415608aa-b58e-4547-8c8f-831561ecabe9" />
      <TestMethod codeBase="D:\actions-runner\_work\XPCO\XPCO\Corporate\VideoOS.Administration.WpfControls.UnitTests\bin\x64\Debug\net472\VideoOS.Administration.WpfControls.UnitTests.dll" adapterTypeName="executor://mstestadapter/v2" className="VideoOS.Administration.WpfControls.UnitTests.Mvvm.Sort.SimpleSortWithFallbackTest" name="Constructor_PropertyAndFallbackAreTheSameTest" />
    </UnitTest>
    <UnitTest name="Constructor_NullDataTest" storage="d:\actions-runner\_work\xpco\xpco\corporate\videoos.administration.wpfcontrols.unittests\bin\x64\debug\net472\videoos.administration.wpfcontrols.unittests.dll" id="fae9d735-58b3-573d-8237-7c0c9db7c422">
      <Owners>
        <Owner name="lsk" />
      </Owners>
      <Execution id="3344b913-6b92-4e75-8170-277d01d79b78" />
      <TestMethod codeBase="D:\actions-runner\_work\XPCO\XPCO\Corporate\VideoOS.Administration.WpfControls.UnitTests\bin\x64\Debug\net472\VideoOS.Administration.WpfControls.UnitTests.dll" adapterTypeName="executor://mstestadapter/v2" className="VideoOS.Administration.WpfControls.UnitTests.Wizards.MoveHardware.PageViewModelDestinationRecorderSelectionTest" name="Constructor_NullDataTest" />
    </UnitTest>
    <UnitTest name="Convert_ToValue_UsageOnly_AvailableNegativeTest" storage="d:\actions-runner\_work\xpco\xpco\corporate\videoos.administration.wpfcontrols.unittests\bin\x64\debug\net472\videoos.administration.wpfcontrols.unittests.dll" id="f8acfd3e-a8ca-b6f5-1cfb-dd4b42c79653">
      <Owners>
        <Owner name="lsk" />
      </Owners>
      <Execution id="e05e6fbf-4fb6-4478-98d3-334f6ea7e1ae" />
      <TestMethod codeBase="D:\actions-runner\_work\XPCO\XPCO\Corporate\VideoOS.Administration.WpfControls.UnitTests\bin\x64\Debug\net472\VideoOS.Administration.WpfControls.UnitTests.dll" adapterTypeName="executor://mstestadapter/v2" className="VideoOS.Administration.WpfControls.UnitTests.Wizards.MoveHardware.UsagePercentageMultiValueConverterTest" name="Convert_ToValue_UsageOnly_AvailableNegativeTest" />
    </UnitTest>
    <UnitTest name="Validate_WithPasswordManualEntry_RequiresLowercase_Fails" storage="d:\actions-runner\_work\xpco\xpco\corporate\videoos.administration.wpfcontrols.unittests\bin\x64\debug\net472\videoos.administration.wpfcontrols.unittests.dll" id="c14dace7-f1b0-dd2c-d0e2-730d63d4d0e2">
      <Owners>
        <Owner name="max" />
      </Owners>
      <Execution id="6724da9e-baeb-44dc-9aba-cb75de3aaecc" />
      <TestMethod codeBase="D:\actions-runner\_work\XPCO\XPCO\Corporate\VideoOS.Administration.WpfControls.UnitTests\bin\x64\Debug\net472\VideoOS.Administration.WpfControls.UnitTests.dll" adapterTypeName="executor://mstestadapter/v2" className="VideoOS.Administration.WpfControls.UnitTests.Wizards.ChangeHardwarePassword.PageViewModelChangeHardwarePasswordTest" name="Validate_WithPasswordManualEntry_RequiresLowercase_Fails" />
    </UnitTest>
    <UnitTest name="EmptyStringConvertsToVisible" storage="d:\actions-runner\_work\xpco\xpco\corporate\videoos.administration.wpfcontrols.unittests\bin\x64\debug\net472\videoos.administration.wpfcontrols.unittests.dll" id="2ebe890d-ba4c-70bb-d8d2-7bf30fa72f2d">
      <Execution id="dca69977-0749-4e9a-83db-4bede9ccb27e" />
      <TestMethod codeBase="D:\actions-runner\_work\XPCO\XPCO\Corporate\VideoOS.Administration.WpfControls.UnitTests\bin\x64\Debug\net472\VideoOS.Administration.WpfControls.UnitTests.dll" adapterTypeName="executor://mstestadapter/v2" className="VideoOS.Administration.WpfControls.UnitTests.HardwareSetupDialog.Converters.EmptyStringToVisibilityConverterUnitTests" name="EmptyStringConvertsToVisible" />
    </UnitTest>
    <UnitTest name="PreviousCommand_CommandInvalidated_PageStatusChanged_ValidToBusyTest" storage="d:\actions-runner\_work\xpco\xpco\corporate\videoos.administration.wpfcontrols.unittests\bin\x64\debug\net472\videoos.administration.wpfcontrols.unittests.dll" id="59f01c98-df98-a4a3-ea33-e745a53617a4">
      <Owners>
        <Owner name="lsk" />
      </Owners>
      <Execution id="5ef65bfa-e544-41b9-89da-29f82e90bbf5" />
      <TestMethod codeBase="D:\actions-runner\_work\XPCO\XPCO\Corporate\VideoOS.Administration.WpfControls.UnitTests\bin\x64\Debug\net472\VideoOS.Administration.WpfControls.UnitTests.dll" adapterTypeName="executor://mstestadapter/v2" className="VideoOS.Administration.WpfControls.UnitTests.Wizards.Common.WizardBaseViewModelTest" name="PreviousCommand_CommandInvalidated_PageStatusChanged_ValidToBusyTest" />
    </UnitTest>
    <UnitTest name="HandledVmoAccessTests_PermissionCheckerReturnsCorrectResultWhenCallSucceeds" storage="d:\actions-runner\_work\xpco\xpco\corporate\videoos.administration.wpfcontrols.unittests\bin\x64\debug\net472\videoos.administration.wpfcontrols.unittests.dll" id="d5e41e46-8604-2549-4224-9c75532b73f9">
      <Execution id="3f1fb0ec-2edd-4967-98db-2968563ac9f7" />
      <TestMethod codeBase="D:\actions-runner\_work\XPCO\XPCO\Corporate\VideoOS.Administration.WpfControls.UnitTests\bin\x64\Debug\net472\VideoOS.Administration.WpfControls.UnitTests.dll" adapterTypeName="executor://mstestadapter/v2" className="VideoOS.Administration.WpfControls.UnitTests.SystemMonitorEventThresholds.HandledVmoAccessTests" name="HandledVmoAccessTests_PermissionCheckerReturnsCorrectResultWhenCallSucceeds" />
    </UnitTest>
    <UnitTest name="UpdateSelection_SelectSamePhysicalHardwareTest" storage="d:\actions-runner\_work\xpco\xpco\corporate\videoos.administration.wpfcontrols.unittests\bin\x64\debug\net472\videoos.administration.wpfcontrols.unittests.dll" id="f6504688-43e6-cf2a-0286-0f6252ca8e4d">
      <Owners>
        <Owner name="max" />
      </Owners>
      <Execution id="eee5267b-d1f2-4f25-acbc-d5fb9cc8c839" />
      <TestMethod codeBase="D:\actions-runner\_work\XPCO\XPCO\Corporate\VideoOS.Administration.WpfControls.UnitTests\bin\x64\Debug\net472\VideoOS.Administration.WpfControls.UnitTests.dll" adapterTypeName="executor://mstestadapter/v2" className="VideoOS.Administration.WpfControls.UnitTests.Wizards.ChangeHardwarePassword.PageViewModelHardwareSelectionTest" name="UpdateSelection_SelectSamePhysicalHardwareTest" />
    </UnitTest>
    <UnitTest name="NextCommand_CanExecute_PageBusyTest" storage="d:\actions-runner\_work\xpco\xpco\corporate\videoos.administration.wpfcontrols.unittests\bin\x64\debug\net472\videoos.administration.wpfcontrols.unittests.dll" id="339b9449-32db-9313-bd5a-4b76c550c24b">
      <Owners>
        <Owner name="lsk" />
      </Owners>
      <Execution id="7e62ae1b-ac57-4d76-8ac2-c6269be21e7f" />
      <TestMethod codeBase="D:\actions-runner\_work\XPCO\XPCO\Corporate\VideoOS.Administration.WpfControls.UnitTests\bin\x64\Debug\net472\VideoOS.Administration.WpfControls.UnitTests.dll" adapterTypeName="executor://mstestadapter/v2" className="VideoOS.Administration.WpfControls.UnitTests.Wizards.Common.WizardBaseViewModelTest" name="NextCommand_CanExecute_PageBusyTest" />
    </UnitTest>
    <UnitTest name="SetSelectedAuthenticationInfo_VerifyDisabledFields_OnExternalUser" storage="d:\actions-runner\_work\xpco\xpco\corporate\videoos.administration.wpfcontrols.unittests\bin\x64\debug\net472\videoos.administration.wpfcontrols.unittests.dll" id="b4853750-e098-d81a-34c5-79923aee9cc7">
      <TestCategory>
        <TestCategoryItem TestCategory="VideoOS Administration" />
      </TestCategory>
      <Execution id="b6a56b39-57aa-40cd-b305-ef9ef2119b09" />
      <TestMethod codeBase="D:\actions-runner\_work\XPCO\XPCO\Corporate\VideoOS.Administration.WpfControls.UnitTests\bin\x64\Debug\net472\VideoOS.Administration.WpfControls.UnitTests.dll" adapterTypeName="executor://mstestadapter/v2" className="VideoOS.Administration.WpfControls.UnitTests.Login.ServerLogOnModelTests" name="SetSelectedAuthenticationInfo_VerifyDisabledFields_OnExternalUser" />
    </UnitTest>
    <UnitTest name="State_Loading_PreviousCommand_SourcePageNavigatedAwayTest" storage="d:\actions-runner\_work\xpco\xpco\corporate\videoos.administration.wpfcontrols.unittests\bin\x64\debug\net472\videoos.administration.wpfcontrols.unittests.dll" id="cf333e35-b4d9-96a3-24a6-26a2315700cd">
      <Owners>
        <Owner name="lsk" />
      </Owners>
      <Execution id="e63a2aad-487f-417e-9628-d8b9ac18429c" />
      <TestMethod codeBase="D:\actions-runner\_work\XPCO\XPCO\Corporate\VideoOS.Administration.WpfControls.UnitTests\bin\x64\Debug\net472\VideoOS.Administration.WpfControls.UnitTests.dll" adapterTypeName="executor://mstestadapter/v2" className="VideoOS.Administration.WpfControls.UnitTests.Wizards.Common.WizardBaseViewModelTest" name="State_Loading_PreviousCommand_SourcePageNavigatedAwayTest" />
    </UnitTest>
    <UnitTest name="NonEmptyStringConvertsToCollapsed" storage="d:\actions-runner\_work\xpco\xpco\corporate\videoos.administration.wpfcontrols.unittests\bin\x64\debug\net472\videoos.administration.wpfcontrols.unittests.dll" id="d9063414-0021-3f3b-5db1-5a010c790427">
      <Execution id="b7a03d93-7787-4e8b-adc2-5fa5ddd53386" />
      <TestMethod codeBase="D:\actions-runner\_work\XPCO\XPCO\Corporate\VideoOS.Administration.WpfControls.UnitTests\bin\x64\Debug\net472\VideoOS.Administration.WpfControls.UnitTests.dll" adapterTypeName="executor://mstestadapter/v2" className="VideoOS.Administration.WpfControls.UnitTests.HardwareSetupDialog.Converters.EmptyStringToVisibilityConverterUnitTests" name="NonEmptyStringConvertsToCollapsed" />
    </UnitTest>
    <UnitTest name="ThresholdStyleConverter_TopValueSliderAsInput_Success" storage="d:\actions-runner\_work\xpco\xpco\corporate\videoos.administration.wpfcontrols.unittests\bin\x64\debug\net472\videoos.administration.wpfcontrols.unittests.dll" id="e9057bc5-e2c2-a8f1-2eaf-456fc0d01a7d">
      <TestCategory>
        <TestCategoryItem TestCategory="SystemMonitorEventThresholds" />
      </TestCategory>
      <Execution id="cd857f0c-bf5b-4e96-9c89-f7e227c026a1" />
      <TestMethod codeBase="D:\actions-runner\_work\XPCO\XPCO\Corporate\VideoOS.Administration.WpfControls.UnitTests\bin\x64\Debug\net472\VideoOS.Administration.WpfControls.UnitTests.dll" adapterTypeName="executor://mstestadapter/v2" className="VideoOS.Administration.WpfControls.UnitTests.SystemMonitorEventThresholds.Converters.ThresholdConverterTests" name="ThresholdStyleConverter_TopValueSliderAsInput_Success" />
    </UnitTest>
    <UnitTest name="Convert_AllValues" storage="d:\actions-runner\_work\xpco\xpco\corporate\videoos.administration.wpfcontrols.unittests\bin\x64\debug\net472\videoos.administration.wpfcontrols.unittests.dll" id="648778dc-0c58-533a-4597-a3353a13526d">
      <Execution id="6bbe4ca5-d10b-452a-9ba5-3fce780365de" />
      <TestMethod codeBase="D:\actions-runner\_work\XPCO\XPCO\Corporate\VideoOS.Administration.WpfControls.UnitTests\bin\x64\Debug\net472\VideoOS.Administration.WpfControls.UnitTests.dll" adapterTypeName="executor://mstestadapter/v2" className="VideoOS.Administration.WpfControls.UnitTests.Wizards.ChangeHardwarePassword.StatusToStringValueConverterTest" name="Convert_AllValues" />
    </UnitTest>
    <UnitTest name="CurrentStatus_Update_RemoveItem" storage="d:\actions-runner\_work\xpco\xpco\corporate\videoos.administration.wpfcontrols.unittests\bin\x64\debug\net472\videoos.administration.wpfcontrols.unittests.dll" id="9ff1a00a-4d3f-f849-7fac-7791ec7ae54b">
      <Owners>
        <Owner name="max" />
      </Owners>
      <Execution id="56fd1719-1ace-438f-b4d1-818372ed8939" />
      <TestMethod codeBase="D:\actions-runner\_work\XPCO\XPCO\Corporate\VideoOS.Administration.WpfControls.UnitTests\bin\x64\Debug\net472\VideoOS.Administration.WpfControls.UnitTests.dll" adapterTypeName="executor://mstestadapter/v2" className="VideoOS.Administration.WpfControls.UnitTests.Wizards.ChangeHardwarePassword.PageViewModelChangeHardwarePasswordTest" name="CurrentStatus_Update_RemoveItem" />
    </UnitTest>
    <UnitTest name="SortBaseCommon_Reverse_ReverseOfReverseTest" storage="d:\actions-runner\_work\xpco\xpco\corporate\videoos.administration.wpfcontrols.unittests\bin\x64\debug\net472\videoos.administration.wpfcontrols.unittests.dll" id="789ec8f1-177c-e8a9-3dff-f68ee10f1a03">
      <Owners>
        <Owner name="lsk" />
      </Owners>
      <Execution id="50a25aac-ac8c-44fe-b8b0-435b59994ad4" />
      <TestMethod codeBase="D:\actions-runner\_work\XPCO\XPCO\Corporate\VideoOS.Administration.WpfControls.UnitTests\bin\x64\Debug\net472\VideoOS.Administration.WpfControls.UnitTests.dll" adapterTypeName="executor://mstestadapter/v2" className="VideoOS.Administration.WpfControls.UnitTests.Mvvm.Sort.SimpleSortWithFallbackTest" name="SortBaseCommon_Reverse_ReverseOfReverseTest" />
    </UnitTest>
    <UnitTest name="Constructor_NullDataTest" storage="d:\actions-runner\_work\xpco\xpco\corporate\videoos.administration.wpfcontrols.unittests\bin\x64\debug\net472\videoos.administration.wpfcontrols.unittests.dll" id="18fafd98-dc4b-3492-9683-be611bbde21e">
      <Owners>
        <Owner name="lsk" />
      </Owners>
      <Execution id="8602200c-e89f-4923-94db-2bf97749dbf0" />
      <TestMethod codeBase="D:\actions-runner\_work\XPCO\XPCO\Corporate\VideoOS.Administration.WpfControls.UnitTests\bin\x64\Debug\net472\VideoOS.Administration.WpfControls.UnitTests.dll" adapterTypeName="executor://mstestadapter/v2" className="VideoOS.Administration.WpfControls.UnitTests.Wizards.MoveHardware.PageViewModelMoveProgressTest" name="Constructor_NullDataTest" />
    </UnitTest>
    <UnitTest name="Constructor_NullDataTest_ConfirmationHandler" storage="d:\actions-runner\_work\xpco\xpco\corporate\videoos.administration.wpfcontrols.unittests\bin\x64\debug\net472\videoos.administration.wpfcontrols.unittests.dll" id="2383e110-1110-54ca-dac6-5905fd1cd080">
      <Owners>
        <Owner name="max" />
      </Owners>
      <Execution id="d9b4cc68-c870-45c5-b521-dbc05d7afd4d" />
      <TestMethod codeBase="D:\actions-runner\_work\XPCO\XPCO\Corporate\VideoOS.Administration.WpfControls.UnitTests\bin\x64\Debug\net472\VideoOS.Administration.WpfControls.UnitTests.dll" adapterTypeName="executor://mstestadapter/v2" className="VideoOS.Administration.WpfControls.UnitTests.Wizards.ChangeHardwarePassword.PageViewModelChangeHardwarePasswordTest" name="Constructor_NullDataTest_ConfirmationHandler" />
    </UnitTest>
    <UnitTest name="Constructor_PropertyEmptyTest" storage="d:\actions-runner\_work\xpco\xpco\corporate\videoos.administration.wpfcontrols.unittests\bin\x64\debug\net472\videoos.administration.wpfcontrols.unittests.dll" id="bce94201-2def-6fad-1b3c-274e63346a82">
      <Owners>
        <Owner name="lsk" />
      </Owners>
      <Execution id="0e63dd46-3924-4847-8b47-8def9a3eaa52" />
      <TestMethod codeBase="D:\actions-runner\_work\XPCO\XPCO\Corporate\VideoOS.Administration.WpfControls.UnitTests\bin\x64\Debug\net472\VideoOS.Administration.WpfControls.UnitTests.dll" adapterTypeName="executor://mstestadapter/v2" className="VideoOS.Administration.WpfControls.UnitTests.Mvvm.Sort.SimpleSortTest" name="Constructor_PropertyEmptyTest" />
    </UnitTest>
    <UnitTest name="PreviousCommand_NavigationCallbacks_DestinationTest" storage="d:\actions-runner\_work\xpco\xpco\corporate\videoos.administration.wpfcontrols.unittests\bin\x64\debug\net472\videoos.administration.wpfcontrols.unittests.dll" id="61bad184-2e28-53b6-c735-cbc94d62c03b">
      <Owners>
        <Owner name="lsk" />
      </Owners>
      <Execution id="24432544-26b9-431d-a4f7-66418d3dde9a" />
      <TestMethod codeBase="D:\actions-runner\_work\XPCO\XPCO\Corporate\VideoOS.Administration.WpfControls.UnitTests\bin\x64\Debug\net472\VideoOS.Administration.WpfControls.UnitTests.dll" adapterTypeName="executor://mstestadapter/v2" className="VideoOS.Administration.WpfControls.UnitTests.Wizards.Common.WizardBaseViewModelTest" name="PreviousCommand_NavigationCallbacks_DestinationTest" />
    </UnitTest>
    <UnitTest name="Convert_AllValues" storage="d:\actions-runner\_work\xpco\xpco\corporate\videoos.administration.wpfcontrols.unittests\bin\x64\debug\net472\videoos.administration.wpfcontrols.unittests.dll" id="c37b2c23-4f65-c08f-f67d-977e7ed22b1d">
      <Execution id="bc730583-a79f-4837-aad7-5056d61747b5" />
      <TestMethod codeBase="D:\actions-runner\_work\XPCO\XPCO\Corporate\VideoOS.Administration.WpfControls.UnitTests\bin\x64\Debug\net472\VideoOS.Administration.WpfControls.UnitTests.dll" adapterTypeName="executor://mstestadapter/v2" className="VideoOS.Administration.WpfControls.UnitTests.Wizards.ChangeHardwarePassword.StatusToSingleValueConverterTest" name="Convert_AllValues" />
    </UnitTest>
    <UnitTest name="SystemDashboard_LookupCalculationBufferUnitType_Success" storage="d:\actions-runner\_work\xpco\xpco\corporate\videoos.administration.wpfcontrols.unittests\bin\x64\debug\net472\videoos.administration.wpfcontrols.unittests.dll" id="b0abb0b5-082f-abd9-c6e2-49267e783fe9">
      <Execution id="48f3b75c-0c3a-4ebe-b343-c86e19c26874" />
      <TestMethod codeBase="D:\actions-runner\_work\XPCO\XPCO\Corporate\VideoOS.Administration.WpfControls.UnitTests\bin\x64\Debug\net472\VideoOS.Administration.WpfControls.UnitTests.dll" adapterTypeName="executor://mstestadapter/v2" className="VideoOS.Administration.WpfControls.UnitTests.SystemMonitorEventThresholds.ViewModel.SystemDashboard_PerformanceStateRuleConfigurationHelperTest" name="SystemDashboard_LookupCalculationBufferUnitType_Success" />
    </UnitTest>
    <UnitTest name="SortBaseCommon_Equality_SortBase_SameInstanceTest" storage="d:\actions-runner\_work\xpco\xpco\corporate\videoos.administration.wpfcontrols.unittests\bin\x64\debug\net472\videoos.administration.wpfcontrols.unittests.dll" id="b2c9886e-c0da-c9fa-5b94-1d9497806cd1">
      <Owners>
        <Owner name="lsk" />
      </Owners>
      <Execution id="de0fd44c-cda6-4a8d-b21d-4410b16f098c" />
      <TestMethod codeBase="D:\actions-runner\_work\XPCO\XPCO\Corporate\VideoOS.Administration.WpfControls.UnitTests\bin\x64\Debug\net472\VideoOS.Administration.WpfControls.UnitTests.dll" adapterTypeName="executor://mstestadapter/v2" className="VideoOS.Administration.WpfControls.UnitTests.Mvvm.Sort.SimpleSortWithFallbackTest" name="SortBaseCommon_Equality_SortBase_SameInstanceTest" />
    </UnitTest>
    <UnitTest name="Equality_SameReferenceTest" storage="d:\actions-runner\_work\xpco\xpco\corporate\videoos.administration.wpfcontrols.unittests\bin\x64\debug\net472\videoos.administration.wpfcontrols.unittests.dll" id="d75c67ff-fa0d-150c-97a9-b0960900bd82">
      <Owners>
        <Owner name="lsk" />
      </Owners>
      <Execution id="a9491d58-7283-4ebf-aa99-b8a9ae9179d5" />
      <TestMethod codeBase="D:\actions-runner\_work\XPCO\XPCO\Corporate\VideoOS.Administration.WpfControls.UnitTests\bin\x64\Debug\net472\VideoOS.Administration.WpfControls.UnitTests.dll" adapterTypeName="executor://mstestadapter/v2" className="VideoOS.Administration.WpfControls.UnitTests.Mvvm.Sort.SimpleSortWithFallbackTest" name="Equality_SameReferenceTest" />
    </UnitTest>
    <UnitTest name="State_NewInstanceTest" storage="d:\actions-runner\_work\xpco\xpco\corporate\videoos.administration.wpfcontrols.unittests\bin\x64\debug\net472\videoos.administration.wpfcontrols.unittests.dll" id="915037d2-8705-91f4-1362-6b6335ad3189">
      <Owners>
        <Owner name="lsk" />
      </Owners>
      <Execution id="0d7da0e4-badd-4646-8d85-46df10129ac3" />
      <TestMethod codeBase="D:\actions-runner\_work\XPCO\XPCO\Corporate\VideoOS.Administration.WpfControls.UnitTests\bin\x64\Debug\net472\VideoOS.Administration.WpfControls.UnitTests.dll" adapterTypeName="executor://mstestadapter/v2" className="VideoOS.Administration.WpfControls.UnitTests.Wizards.Common.WizardBaseViewModelTest" name="State_NewInstanceTest" />
    </UnitTest>
    <UnitTest name="WrongInputType" storage="d:\actions-runner\_work\xpco\xpco\corporate\videoos.administration.wpfcontrols.unittests\bin\x64\debug\net472\videoos.administration.wpfcontrols.unittests.dll" id="9c0b94c9-958d-a5ec-8127-ce4dd92dd973">
      <Execution id="29879463-d601-4ab7-b15b-dfa75482b9a0" />
      <TestMethod codeBase="D:\actions-runner\_work\XPCO\XPCO\Corporate\VideoOS.Administration.WpfControls.UnitTests\bin\x64\Debug\net472\VideoOS.Administration.WpfControls.UnitTests.dll" adapterTypeName="executor://mstestadapter/v2" className="VideoOS.Administration.WpfControls.UnitTests.HardwareSetupDialog.Converters.StatusToVisibilityConverterUnitTests" name="WrongInputType" />
    </UnitTest>
    <UnitTest name="UpdateSelection_SameCountTest" storage="d:\actions-runner\_work\xpco\xpco\corporate\videoos.administration.wpfcontrols.unittests\bin\x64\debug\net472\videoos.administration.wpfcontrols.unittests.dll" id="9eaae1e3-0039-d71e-66a1-4ea076b9561e">
      <Owners>
        <Owner name="lsk" />
      </Owners>
      <Execution id="3ec09779-aef8-457f-bec9-9362007ad728" />
      <TestMethod codeBase="D:\actions-runner\_work\XPCO\XPCO\Corporate\VideoOS.Administration.WpfControls.UnitTests\bin\x64\Debug\net472\VideoOS.Administration.WpfControls.UnitTests.dll" adapterTypeName="executor://mstestadapter/v2" className="VideoOS.Administration.WpfControls.UnitTests.Wizards.MoveHardware.PageViewModelHardwareSelectionTest" name="UpdateSelection_SameCountTest" />
    </UnitTest>
    <UnitTest name="Convert_NoWarnings" storage="d:\actions-runner\_work\xpco\xpco\corporate\videoos.administration.wpfcontrols.unittests\bin\x64\debug\net472\videoos.administration.wpfcontrols.unittests.dll" id="00e19a17-84a2-27a5-5951-8ea1f3070b58">
      <Execution id="70d0eca2-8755-4282-a6ce-70af8daeed2e" />
      <TestMethod codeBase="D:\actions-runner\_work\XPCO\XPCO\Corporate\VideoOS.Administration.WpfControls.UnitTests\bin\x64\Debug\net472\VideoOS.Administration.WpfControls.UnitTests.dll" adapterTypeName="executor://mstestadapter/v2" className="VideoOS.Administration.WpfControls.UnitTests.Wizards.MoveHardware.WarningsToStringConverterTest" name="Convert_NoWarnings" />
    </UnitTest>
    <UnitTest name="AuthorizeThread_Constructor_NullAuthenticateEventArgs_Throws_ArgumentNullException" storage="d:\actions-runner\_work\xpco\xpco\corporate\videoos.administration.wpfcontrols.unittests\bin\x64\debug\net472\videoos.administration.wpfcontrols.unittests.dll" id="c71c11af-2d82-5113-176c-a988c648bdda">
      <TestCategory>
        <TestCategoryItem TestCategory="VideoOS Administration" />
      </TestCategory>
      <Execution id="028d1640-272b-4aea-bc9b-01986b606d3f" />
      <TestMethod codeBase="D:\actions-runner\_work\XPCO\XPCO\Corporate\VideoOS.Administration.WpfControls.UnitTests\bin\x64\Debug\net472\VideoOS.Administration.WpfControls.UnitTests.dll" adapterTypeName="executor://mstestadapter/v2" className="VideoOS.Administration.WpfControls.UnitTests.Login.AuthorizeThreadTests" name="AuthorizeThread_Constructor_NullAuthenticateEventArgs_Throws_ArgumentNullException" />
    </UnitTest>
    <UnitTest name="AllHardwareSelected_Update_SomeSelectedTest" storage="d:\actions-runner\_work\xpco\xpco\corporate\videoos.administration.wpfcontrols.unittests\bin\x64\debug\net472\videoos.administration.wpfcontrols.unittests.dll" id="8c014781-1ea8-1b32-5ee9-19c0230f83e3">
      <Owners>
        <Owner name="max" />
      </Owners>
      <Execution id="34ed2422-ebe1-4cd3-91a9-de359ed89b2d" />
      <TestMethod codeBase="D:\actions-runner\_work\XPCO\XPCO\Corporate\VideoOS.Administration.WpfControls.UnitTests\bin\x64\Debug\net472\VideoOS.Administration.WpfControls.UnitTests.dll" adapterTypeName="executor://mstestadapter/v2" className="VideoOS.Administration.WpfControls.UnitTests.Wizards.ChangeHardwarePassword.PageViewModelHardwareSelectionTest" name="AllHardwareSelected_Update_SomeSelectedTest" />
    </UnitTest>
    <UnitTest name="Convert_NewLines_Only_Gives_Empty_Output" storage="d:\actions-runner\_work\xpco\xpco\corporate\videoos.administration.wpfcontrols.unittests\bin\x64\debug\net472\videoos.administration.wpfcontrols.unittests.dll" id="da018325-6a80-96b8-7996-eb7ed269bec1">
      <Execution id="01349053-0472-45a1-a2a4-c4f413343dc5" />
      <TestMethod codeBase="D:\actions-runner\_work\XPCO\XPCO\Corporate\VideoOS.Administration.WpfControls.UnitTests\bin\x64\Debug\net472\VideoOS.Administration.WpfControls.UnitTests.dll" adapterTypeName="executor://mstestadapter/v2" className="VideoOS.Administration.WpfControls.UnitTests.Wizards.MoveHardware.View.Converters.MultilineToSingleLineTextConverterUnitTests" name="Convert_NewLines_Only_Gives_Empty_Output" />
    </UnitTest>
    <UnitTest name="Constructor_NullFallbackPropertyTest" storage="d:\actions-runner\_work\xpco\xpco\corporate\videoos.administration.wpfcontrols.unittests\bin\x64\debug\net472\videoos.administration.wpfcontrols.unittests.dll" id="4f56dce6-c6b2-22c3-8efb-65130162e748">
      <Owners>
        <Owner name="lsk" />
      </Owners>
      <Execution id="eb79e0df-762c-4453-846f-228f70dab908" />
      <TestMethod codeBase="D:\actions-runner\_work\XPCO\XPCO\Corporate\VideoOS.Administration.WpfControls.UnitTests\bin\x64\Debug\net472\VideoOS.Administration.WpfControls.UnitTests.dll" adapterTypeName="executor://mstestadapter/v2" className="VideoOS.Administration.WpfControls.UnitTests.Mvvm.Sort.SimpleSortWithFallbackTest" name="Constructor_NullFallbackPropertyTest" />
    </UnitTest>
    <UnitTest name="Equality_NullTest" storage="d:\actions-runner\_work\xpco\xpco\corporate\videoos.administration.wpfcontrols.unittests\bin\x64\debug\net472\videoos.administration.wpfcontrols.unittests.dll" id="b7ab2fc0-e903-7b23-0261-be16cb51adf3">
      <Owners>
        <Owner name="lsk" />
      </Owners>
      <Execution id="bd8ba9a4-7aee-4bb2-9330-b3c0b7f1c105" />
      <TestMethod codeBase="D:\actions-runner\_work\XPCO\XPCO\Corporate\VideoOS.Administration.WpfControls.UnitTests\bin\x64\Debug\net472\VideoOS.Administration.WpfControls.UnitTests.dll" adapterTypeName="executor://mstestadapter/v2" className="VideoOS.Administration.WpfControls.UnitTests.Mvvm.Sort.SimpleSortWithFallbackTest" name="Equality_NullTest" />
    </UnitTest>
    <UnitTest name="ColumnWidthSpec_Relative_NegativeWidth_Throws_ArgumentException" storage="d:\actions-runner\_work\xpco\xpco\corporate\videoos.administration.wpfcontrols.unittests\bin\x64\debug\net472\videoos.administration.wpfcontrols.unittests.dll" id="d5174ae8-3c76-bda0-2741-bcf8df3e8231">
      <Execution id="801d666b-b356-4ce5-802b-a05d5b4138ca" />
      <TestMethod codeBase="D:\actions-runner\_work\XPCO\XPCO\Corporate\VideoOS.Administration.WpfControls.UnitTests\bin\x64\Debug\net472\VideoOS.Administration.WpfControls.UnitTests.dll" adapterTypeName="executor://mstestadapter/v2" className="VideoOS.Administration.WpfControls.UnitTests.Mvvm.InitialColumnSizingUnitTests" name="ColumnWidthSpec_Relative_NegativeWidth_Throws_ArgumentException" />
    </UnitTest>
    <UnitTest name="NextCommand_ExecuteMultipleTest" storage="d:\actions-runner\_work\xpco\xpco\corporate\videoos.administration.wpfcontrols.unittests\bin\x64\debug\net472\videoos.administration.wpfcontrols.unittests.dll" id="308d0606-bf12-128b-bf88-abafecd1e2c5">
      <Owners>
        <Owner name="lsk" />
      </Owners>
      <Execution id="91986092-84e9-4fbd-980f-76acdfe6293a" />
      <TestMethod codeBase="D:\actions-runner\_work\XPCO\XPCO\Corporate\VideoOS.Administration.WpfControls.UnitTests\bin\x64\Debug\net472\VideoOS.Administration.WpfControls.UnitTests.dll" adapterTypeName="executor://mstestadapter/v2" className="VideoOS.Administration.WpfControls.UnitTests.Wizards.Common.WizardBaseViewModelTest" name="NextCommand_ExecuteMultipleTest" />
    </UnitTest>
    <UnitTest name="NavigatingTo_PageStatus_UnsupportedHardwareSelected" storage="d:\actions-runner\_work\xpco\xpco\corporate\videoos.administration.wpfcontrols.unittests\bin\x64\debug\net472\videoos.administration.wpfcontrols.unittests.dll" id="cc6171bc-7a6c-df61-3f55-ebe7fbfff64f">
      <Owners>
        <Owner name="max" />
      </Owners>
      <Execution id="20c7a86d-c2ed-4118-ac5a-4e77f7390a9a" />
      <TestMethod codeBase="D:\actions-runner\_work\XPCO\XPCO\Corporate\VideoOS.Administration.WpfControls.UnitTests\bin\x64\Debug\net472\VideoOS.Administration.WpfControls.UnitTests.dll" adapterTypeName="executor://mstestadapter/v2" className="VideoOS.Administration.WpfControls.UnitTests.Wizards.ChangeHardwarePassword.PageViewModelChangeHardwarePasswordTest" name="NavigatingTo_PageStatus_UnsupportedHardwareSelected" />
    </UnitTest>
    <UnitTest name="Convert_Exception_Input_Returns_String" storage="d:\actions-runner\_work\xpco\xpco\corporate\videoos.administration.wpfcontrols.unittests\bin\x64\debug\net472\videoos.administration.wpfcontrols.unittests.dll" id="b7c35a90-3f70-63ce-fb58-1330046987ea">
      <Execution id="b39c95a0-12f3-4ef8-be02-10f196655cb1" />
      <TestMethod codeBase="D:\actions-runner\_work\XPCO\XPCO\Corporate\VideoOS.Administration.WpfControls.UnitTests\bin\x64\Debug\net472\VideoOS.Administration.WpfControls.UnitTests.dll" adapterTypeName="executor://mstestadapter/v2" className="VideoOS.Administration.WpfControls.UnitTests.Mvvm.Converters.ExceptiontoStringConverterUnitTests" name="Convert_Exception_Input_Returns_String" />
    </UnitTest>
    <UnitTest name="NextCommand_NavigatingAway_Cancelled" storage="d:\actions-runner\_work\xpco\xpco\corporate\videoos.administration.wpfcontrols.unittests\bin\x64\debug\net472\videoos.administration.wpfcontrols.unittests.dll" id="fe0e323a-65ab-54e2-b710-f04a8ddef948">
      <Owners>
        <Owner name="KK" />
      </Owners>
      <Execution id="d126e834-df55-4437-ad30-ffd80c8ac3e6" />
      <TestMethod codeBase="D:\actions-runner\_work\XPCO\XPCO\Corporate\VideoOS.Administration.WpfControls.UnitTests\bin\x64\Debug\net472\VideoOS.Administration.WpfControls.UnitTests.dll" adapterTypeName="executor://mstestadapter/v2" className="VideoOS.Administration.WpfControls.UnitTests.Wizards.Common.WizardBaseViewModelTest" name="NextCommand_NavigatingAway_Cancelled" />
    </UnitTest>
    <UnitTest name="State_Loading_NextCommand_DestinationPageNavigatedToTest" storage="d:\actions-runner\_work\xpco\xpco\corporate\videoos.administration.wpfcontrols.unittests\bin\x64\debug\net472\videoos.administration.wpfcontrols.unittests.dll" id="2bfd3e16-90c4-7703-b0ea-87d512bfda46">
      <Owners>
        <Owner name="lsk" />
      </Owners>
      <Execution id="ab9bbee4-33b2-4055-ac17-7859f54fff69" />
      <TestMethod codeBase="D:\actions-runner\_work\XPCO\XPCO\Corporate\VideoOS.Administration.WpfControls.UnitTests\bin\x64\Debug\net472\VideoOS.Administration.WpfControls.UnitTests.dll" adapterTypeName="executor://mstestadapter/v2" className="VideoOS.Administration.WpfControls.UnitTests.Wizards.Common.WizardBaseViewModelTest" name="State_Loading_NextCommand_DestinationPageNavigatedToTest" />
    </UnitTest>
    <UnitTest name="CurrentStatus_Update_SetSelectionTest" storage="d:\actions-runner\_work\xpco\xpco\corporate\videoos.administration.wpfcontrols.unittests\bin\x64\debug\net472\videoos.administration.wpfcontrols.unittests.dll" id="131d2e9f-845c-a318-5dfb-0f67d2de580e">
      <Owners>
        <Owner name="lsk" />
      </Owners>
      <Execution id="7c237b7c-4bba-4329-8722-889ed103b237" />
      <TestMethod codeBase="D:\actions-runner\_work\XPCO\XPCO\Corporate\VideoOS.Administration.WpfControls.UnitTests\bin\x64\Debug\net472\VideoOS.Administration.WpfControls.UnitTests.dll" adapterTypeName="executor://mstestadapter/v2" className="VideoOS.Administration.WpfControls.UnitTests.Wizards.MoveHardware.PageViewModelDestinationRecorderSelectionTest" name="CurrentStatus_Update_SetSelectionTest" />
    </UnitTest>
    <UnitTest name="SortBaseCommon_Equality_Object_SameInstanceTest" storage="d:\actions-runner\_work\xpco\xpco\corporate\videoos.administration.wpfcontrols.unittests\bin\x64\debug\net472\videoos.administration.wpfcontrols.unittests.dll" id="4941567f-baae-3872-eaef-b8a09ddb9b4f">
      <Owners>
        <Owner name="lsk" />
      </Owners>
      <Execution id="8e10afd0-eac8-402b-aed0-3b7a898a28f6" />
      <TestMethod codeBase="D:\actions-runner\_work\XPCO\XPCO\Corporate\VideoOS.Administration.WpfControls.UnitTests\bin\x64\Debug\net472\VideoOS.Administration.WpfControls.UnitTests.dll" adapterTypeName="executor://mstestadapter/v2" className="VideoOS.Administration.WpfControls.UnitTests.Mvvm.Sort.SimpleSortTest" name="SortBaseCommon_Equality_Object_SameInstanceTest" />
    </UnitTest>
    <UnitTest name="Convert_Null_Input_Throws_ArgumentNullException" storage="d:\actions-runner\_work\xpco\xpco\corporate\videoos.administration.wpfcontrols.unittests\bin\x64\debug\net472\videoos.administration.wpfcontrols.unittests.dll" id="1215b13d-bdb0-e0b6-e15f-33774c017240">
      <Execution id="58f39cea-f66e-45e3-873f-c2cbe4c41ac7" />
      <TestMethod codeBase="D:\actions-runner\_work\XPCO\XPCO\Corporate\VideoOS.Administration.WpfControls.UnitTests\bin\x64\Debug\net472\VideoOS.Administration.WpfControls.UnitTests.dll" adapterTypeName="executor://mstestadapter/v2" className="VideoOS.Administration.WpfControls.UnitTests.Wizards.MoveHardware.View.Converters.MultilineToSingleLineTextConverterUnitTests" name="Convert_Null_Input_Throws_ArgumentNullException" />
    </UnitTest>
    <UnitTest name="Convert_ArgumentNullException" storage="d:\actions-runner\_work\xpco\xpco\corporate\videoos.administration.wpfcontrols.unittests\bin\x64\debug\net472\videoos.administration.wpfcontrols.unittests.dll" id="39323088-5eaa-ae83-0beb-2f63933109a7">
      <Execution id="29d326f1-e420-445e-8ff0-260c1882658b" />
      <TestMethod codeBase="D:\actions-runner\_work\XPCO\XPCO\Corporate\VideoOS.Administration.WpfControls.UnitTests\bin\x64\Debug\net472\VideoOS.Administration.WpfControls.UnitTests.dll" adapterTypeName="executor://mstestadapter/v2" className="VideoOS.Administration.WpfControls.UnitTests.Wizards.UpdateFirmware.View.Converters.OperationStatusToStringConverterTest" name="Convert_ArgumentNullException" />
    </UnitTest>
    <UnitTest name="ThresholdStyleConverter_BottomValueSliderAsInput_Success" storage="d:\actions-runner\_work\xpco\xpco\corporate\videoos.administration.wpfcontrols.unittests\bin\x64\debug\net472\videoos.administration.wpfcontrols.unittests.dll" id="c433c793-666e-34b6-8b63-f25466869ce3">
      <TestCategory>
        <TestCategoryItem TestCategory="SystemMonitorEventThresholds" />
      </TestCategory>
      <Execution id="d597324f-4c47-47d5-89ef-af231ca073d1" />
      <TestMethod codeBase="D:\actions-runner\_work\XPCO\XPCO\Corporate\VideoOS.Administration.WpfControls.UnitTests\bin\x64\Debug\net472\VideoOS.Administration.WpfControls.UnitTests.dll" adapterTypeName="executor://mstestadapter/v2" className="VideoOS.Administration.WpfControls.UnitTests.SystemMonitorEventThresholds.Converters.ThresholdConverterTests" name="ThresholdStyleConverter_BottomValueSliderAsInput_Success" />
    </UnitTest>
    <UnitTest name="UnselectHardware_SingleValidItem" storage="d:\actions-runner\_work\xpco\xpco\corporate\videoos.administration.wpfcontrols.unittests\bin\x64\debug\net472\videoos.administration.wpfcontrols.unittests.dll" id="690203e3-c663-745b-2a62-02992783daa5">
      <Owners>
        <Owner name="max" />
      </Owners>
      <Execution id="cb10fe44-a594-48e1-8277-4438d400a01c" />
      <TestMethod codeBase="D:\actions-runner\_work\XPCO\XPCO\Corporate\VideoOS.Administration.WpfControls.UnitTests\bin\x64\Debug\net472\VideoOS.Administration.WpfControls.UnitTests.dll" adapterTypeName="executor://mstestadapter/v2" className="VideoOS.Administration.WpfControls.UnitTests.Wizards.ChangeHardwarePassword.PageViewModelChangeHardwarePasswordTest" name="UnselectHardware_SingleValidItem" />
    </UnitTest>
    <UnitTest name="NavigatingAway_ModificationsCarryOver" storage="d:\actions-runner\_work\xpco\xpco\corporate\videoos.administration.wpfcontrols.unittests\bin\x64\debug\net472\videoos.administration.wpfcontrols.unittests.dll" id="edadfd8c-bda9-d8ff-54a7-3ab66cb0305b">
      <Owners>
        <Owner name="ale" />
      </Owners>
      <Execution id="ef7e0879-5a06-44e4-8212-58a3e2ee8d99" />
      <TestMethod codeBase="D:\actions-runner\_work\XPCO\XPCO\Corporate\VideoOS.Administration.WpfControls.UnitTests\bin\x64\Debug\net472\VideoOS.Administration.WpfControls.UnitTests.dll" adapterTypeName="executor://mstestadapter/v2" className="VideoOS.Administration.WpfControls.UnitTests.Wizards.UpdateFirmware.ViewModel.PageViewModelFirmwareUpdateTest" name="NavigatingAway_ModificationsCarryOver" />
    </UnitTest>
    <UnitTest name="SelectionChanged_GeneralTest" storage="d:\actions-runner\_work\xpco\xpco\corporate\videoos.administration.wpfcontrols.unittests\bin\x64\debug\net472\videoos.administration.wpfcontrols.unittests.dll" id="d19a81bf-51f2-8873-1356-20422ad3ffa6">
      <Owners>
        <Owner name="lsk" />
      </Owners>
      <Execution id="d878dc43-8b7c-4154-a0ff-15c99946d92a" />
      <TestMethod codeBase="D:\actions-runner\_work\XPCO\XPCO\Corporate\VideoOS.Administration.WpfControls.UnitTests\bin\x64\Debug\net472\VideoOS.Administration.WpfControls.UnitTests.dll" adapterTypeName="executor://mstestadapter/v2" className="VideoOS.Administration.WpfControls.UnitTests.Wizards.MoveHardware.PageViewModelHardwareSelectionTest" name="SelectionChanged_GeneralTest" />
    </UnitTest>
    <UnitTest name="UpdateSelection_Garbage_NonExistentHardwareTest" storage="d:\actions-runner\_work\xpco\xpco\corporate\videoos.administration.wpfcontrols.unittests\bin\x64\debug\net472\videoos.administration.wpfcontrols.unittests.dll" id="0c90957a-f20b-75df-040d-0bdb85a408aa">
      <Owners>
        <Owner name="max" />
      </Owners>
      <Execution id="09bbd717-9fc6-42d5-9e12-934bdefe0697" />
      <TestMethod codeBase="D:\actions-runner\_work\XPCO\XPCO\Corporate\VideoOS.Administration.WpfControls.UnitTests\bin\x64\Debug\net472\VideoOS.Administration.WpfControls.UnitTests.dll" adapterTypeName="executor://mstestadapter/v2" className="VideoOS.Administration.WpfControls.UnitTests.Wizards.ChangeHardwarePassword.PageViewModelHardwareSelectionTest" name="UpdateSelection_Garbage_NonExistentHardwareTest" />
    </UnitTest>
    <UnitTest name="State_Loading_PreviousCommand_DestinationPageNavigatedToTest" storage="d:\actions-runner\_work\xpco\xpco\corporate\videoos.administration.wpfcontrols.unittests\bin\x64\debug\net472\videoos.administration.wpfcontrols.unittests.dll" id="49b32f88-2b77-47a7-b253-febc5c13a157">
      <Owners>
        <Owner name="lsk" />
      </Owners>
      <Execution id="626c787d-6bc2-444d-9383-9357527a46e3" />
      <TestMethod codeBase="D:\actions-runner\_work\XPCO\XPCO\Corporate\VideoOS.Administration.WpfControls.UnitTests\bin\x64\Debug\net472\VideoOS.Administration.WpfControls.UnitTests.dll" adapterTypeName="executor://mstestadapter/v2" className="VideoOS.Administration.WpfControls.UnitTests.Wizards.Common.WizardBaseViewModelTest" name="State_Loading_PreviousCommand_DestinationPageNavigatedToTest" />
    </UnitTest>
    <UnitTest name="NextCommand_CommandInvalidated_PageStatusChanged_ValidToBusyTest" storage="d:\actions-runner\_work\xpco\xpco\corporate\videoos.administration.wpfcontrols.unittests\bin\x64\debug\net472\videoos.administration.wpfcontrols.unittests.dll" id="db08b945-1cff-7ffd-3ad7-b9d159321f59">
      <Owners>
        <Owner name="lsk" />
      </Owners>
      <Execution id="7079d05e-6af9-4f9f-980d-f176d25eee91" />
      <TestMethod codeBase="D:\actions-runner\_work\XPCO\XPCO\Corporate\VideoOS.Administration.WpfControls.UnitTests\bin\x64\Debug\net472\VideoOS.Administration.WpfControls.UnitTests.dll" adapterTypeName="executor://mstestadapter/v2" className="VideoOS.Administration.WpfControls.UnitTests.Wizards.Common.WizardBaseViewModelTest" name="NextCommand_CommandInvalidated_PageStatusChanged_ValidToBusyTest" />
    </UnitTest>
    <UnitTest name="PreviousCommand_CanExecute_PageInvalidTest" storage="d:\actions-runner\_work\xpco\xpco\corporate\videoos.administration.wpfcontrols.unittests\bin\x64\debug\net472\videoos.administration.wpfcontrols.unittests.dll" id="34d831f2-d083-7c8d-f827-fa4262179f67">
      <Owners>
        <Owner name="lsk" />
      </Owners>
      <Execution id="9a096219-39fb-4131-8042-d14de6f1c154" />
      <TestMethod codeBase="D:\actions-runner\_work\XPCO\XPCO\Corporate\VideoOS.Administration.WpfControls.UnitTests\bin\x64\Debug\net472\VideoOS.Administration.WpfControls.UnitTests.dll" adapterTypeName="executor://mstestadapter/v2" className="VideoOS.Administration.WpfControls.UnitTests.Wizards.Common.WizardBaseViewModelTest" name="PreviousCommand_CanExecute_PageInvalidTest" />
    </UnitTest>
    <UnitTest name="CurrentStatus_PostNavigatingTo_NoPreselectionTest" storage="d:\actions-runner\_work\xpco\xpco\corporate\videoos.administration.wpfcontrols.unittests\bin\x64\debug\net472\videoos.administration.wpfcontrols.unittests.dll" id="17336d5d-6676-adaf-9825-b947754db482">
      <Owners>
        <Owner name="max" />
      </Owners>
      <Execution id="f54d096a-e9d4-4169-90c9-a22ad1d14d83" />
      <TestMethod codeBase="D:\actions-runner\_work\XPCO\XPCO\Corporate\VideoOS.Administration.WpfControls.UnitTests\bin\x64\Debug\net472\VideoOS.Administration.WpfControls.UnitTests.dll" adapterTypeName="executor://mstestadapter/v2" className="VideoOS.Administration.WpfControls.UnitTests.Wizards.ChangeHardwarePassword.PageViewModelHardwareSelectionTest" name="CurrentStatus_PostNavigatingTo_NoPreselectionTest" />
    </UnitTest>
    <UnitTest name="SetEnabled_True_ListView_Columns_Changed" storage="d:\actions-runner\_work\xpco\xpco\corporate\videoos.administration.wpfcontrols.unittests\bin\x64\debug\net472\videoos.administration.wpfcontrols.unittests.dll" id="41b4d628-e78a-e5e1-ce66-5032746f9934">
      <Execution id="914ebd11-b060-42bc-90c1-d6667c71a191" />
      <TestMethod codeBase="D:\actions-runner\_work\XPCO\XPCO\Corporate\VideoOS.Administration.WpfControls.UnitTests\bin\x64\Debug\net472\VideoOS.Administration.WpfControls.UnitTests.dll" adapterTypeName="executor://mstestadapter/v2" className="VideoOS.Administration.WpfControls.UnitTests.Mvvm.InitialColumnSizingUnitTests" name="SetEnabled_True_ListView_Columns_Changed" />
    </UnitTest>
    <UnitTest name="Validate_WithPasswordAutogeneration" storage="d:\actions-runner\_work\xpco\xpco\corporate\videoos.administration.wpfcontrols.unittests\bin\x64\debug\net472\videoos.administration.wpfcontrols.unittests.dll" id="d5acb6b2-2241-7ff7-202e-848312ae8356">
      <Owners>
        <Owner name="max" />
      </Owners>
      <Execution id="0876cf82-e195-4600-8a1f-ea4b0f4a16e0" />
      <TestMethod codeBase="D:\actions-runner\_work\XPCO\XPCO\Corporate\VideoOS.Administration.WpfControls.UnitTests\bin\x64\Debug\net472\VideoOS.Administration.WpfControls.UnitTests.dll" adapterTypeName="executor://mstestadapter/v2" className="VideoOS.Administration.WpfControls.UnitTests.Wizards.ChangeHardwarePassword.PageViewModelChangeHardwarePasswordTest" name="Validate_WithPasswordAutogeneration" />
    </UnitTest>
    <UnitTest name="UpdateSelection_PreSelectUnsupportedHardwareTest" storage="d:\actions-runner\_work\xpco\xpco\corporate\videoos.administration.wpfcontrols.unittests\bin\x64\debug\net472\videoos.administration.wpfcontrols.unittests.dll" id="b94bc3e4-456f-5309-f9a8-1757b34a2f42">
      <Owners>
        <Owner name="max" />
      </Owners>
      <Execution id="71a7868f-6248-44ef-899d-c5341d0c64ec" />
      <TestMethod codeBase="D:\actions-runner\_work\XPCO\XPCO\Corporate\VideoOS.Administration.WpfControls.UnitTests\bin\x64\Debug\net472\VideoOS.Administration.WpfControls.UnitTests.dll" adapterTypeName="executor://mstestadapter/v2" className="VideoOS.Administration.WpfControls.UnitTests.Wizards.ChangeHardwarePassword.PageViewModelHardwareSelectionTest" name="UpdateSelection_PreSelectUnsupportedHardwareTest" />
    </UnitTest>
    <UnitTest name="Constructor_NullDataTest" storage="d:\actions-runner\_work\xpco\xpco\corporate\videoos.administration.wpfcontrols.unittests\bin\x64\debug\net472\videoos.administration.wpfcontrols.unittests.dll" id="804e40f7-74d9-b4bb-45e1-0aa37071a8df">
      <Owners>
        <Owner name="ale" />
      </Owners>
      <Execution id="294511a6-6b01-431f-abfd-056ed827cecb" />
      <TestMethod codeBase="D:\actions-runner\_work\XPCO\XPCO\Corporate\VideoOS.Administration.WpfControls.UnitTests\bin\x64\Debug\net472\VideoOS.Administration.WpfControls.UnitTests.dll" adapterTypeName="executor://mstestadapter/v2" className="VideoOS.Administration.WpfControls.UnitTests.Wizards.UpdateFirmware.ViewModel.PageViewModelFirmwareUpdateProgressTest" name="Constructor_NullDataTest" />
    </UnitTest>
    <UnitTest name="Equality_EqualInstancesTest" storage="d:\actions-runner\_work\xpco\xpco\corporate\videoos.administration.wpfcontrols.unittests\bin\x64\debug\net472\videoos.administration.wpfcontrols.unittests.dll" id="33c3b0ae-1da4-45ae-a174-7e5667243621">
      <Owners>
        <Owner name="lsk" />
      </Owners>
      <Execution id="b51495b5-e817-4874-b604-215fb04a6eb4" />
      <TestMethod codeBase="D:\actions-runner\_work\XPCO\XPCO\Corporate\VideoOS.Administration.WpfControls.UnitTests\bin\x64\Debug\net472\VideoOS.Administration.WpfControls.UnitTests.dll" adapterTypeName="executor://mstestadapter/v2" className="VideoOS.Administration.WpfControls.UnitTests.Mvvm.Sort.SimpleSortWithFallbackTest" name="Equality_EqualInstancesTest" />
    </UnitTest>
    <UnitTest name="Initialize_FetchesWizardPagesTest" storage="d:\actions-runner\_work\xpco\xpco\corporate\videoos.administration.wpfcontrols.unittests\bin\x64\debug\net472\videoos.administration.wpfcontrols.unittests.dll" id="79eddf8e-75bc-75b0-e34a-561dd48cad4f">
      <Owners>
        <Owner name="lsk" />
      </Owners>
      <Execution id="88fd556b-44c7-4a54-9138-a36eef8b0fa0" />
      <TestMethod codeBase="D:\actions-runner\_work\XPCO\XPCO\Corporate\VideoOS.Administration.WpfControls.UnitTests\bin\x64\Debug\net472\VideoOS.Administration.WpfControls.UnitTests.dll" adapterTypeName="executor://mstestadapter/v2" className="VideoOS.Administration.WpfControls.UnitTests.Wizards.Common.WizardBaseViewModelTest" name="Initialize_FetchesWizardPagesTest" />
    </UnitTest>
    <UnitTest name="ConvertNonMatchingType" storage="d:\actions-runner\_work\xpco\xpco\corporate\videoos.administration.wpfcontrols.unittests\bin\x64\debug\net472\videoos.administration.wpfcontrols.unittests.dll" id="52eab072-1281-72ef-fa66-ec31a988ceb6">
      <Execution id="63c3fe24-18e7-4a66-a0a3-f2906eb0f2a8" />
      <TestMethod codeBase="D:\actions-runner\_work\XPCO\XPCO\Corporate\VideoOS.Administration.WpfControls.UnitTests\bin\x64\Debug\net472\VideoOS.Administration.WpfControls.UnitTests.dll" adapterTypeName="executor://mstestadapter/v2" className="VideoOS.Administration.WpfControls.UnitTests.Mvvm.Converters.InverseBoolToCollapsedConverterUnitTests" name="ConvertNonMatchingType" />
    </UnitTest>
    <UnitTest name="SortBaseCommon_Equality_Object_SameInstanceTest" storage="d:\actions-runner\_work\xpco\xpco\corporate\videoos.administration.wpfcontrols.unittests\bin\x64\debug\net472\videoos.administration.wpfcontrols.unittests.dll" id="6f86a4ab-3f29-fac5-84b1-39223aab673f">
      <Owners>
        <Owner name="lsk" />
      </Owners>
      <Execution id="867b81f1-28ca-4def-8e07-2780e4e09d2e" />
      <TestMethod codeBase="D:\actions-runner\_work\XPCO\XPCO\Corporate\VideoOS.Administration.WpfControls.UnitTests\bin\x64\Debug\net472\VideoOS.Administration.WpfControls.UnitTests.dll" adapterTypeName="executor://mstestadapter/v2" className="VideoOS.Administration.WpfControls.UnitTests.Mvvm.Sort.SimpleSortWithFallbackTest" name="SortBaseCommon_Equality_Object_SameInstanceTest" />
    </UnitTest>
    <UnitTest name="MessageBoxImageExtensions_AsWinFormsMessageBoxIcon_All_Values_Supported" storage="d:\actions-runner\_work\xpco\xpco\corporate\videoos.administration.wpfcontrols.unittests\bin\x64\debug\net472\videoos.administration.wpfcontrols.unittests.dll" id="1d64517e-5e9e-e387-c7c9-3472ba2a77ec">
      <Execution id="0d8e2afc-2c71-4dc0-8ac8-c96a5f0b1915" />
      <TestMethod codeBase="D:\actions-runner\_work\XPCO\XPCO\Corporate\VideoOS.Administration.WpfControls.UnitTests\bin\x64\Debug\net472\VideoOS.Administration.WpfControls.UnitTests.dll" adapterTypeName="executor://mstestadapter/v2" className="VideoOS.Administration.WpfControls.UnitTests.Interop.MessageBoxImageExtensionsUnitTests" name="MessageBoxImageExtensions_AsWinFormsMessageBoxIcon_All_Values_Supported" />
    </UnitTest>
    <UnitTest name="CalcuateNewColumnWidths_Relative_Width" storage="d:\actions-runner\_work\xpco\xpco\corporate\videoos.administration.wpfcontrols.unittests\bin\x64\debug\net472\videoos.administration.wpfcontrols.unittests.dll" id="9aabab72-fa35-138c-a590-deefe9ba6d9b">
      <Execution id="447ea24b-1742-4538-b6a6-757c812e836d" />
      <TestMethod codeBase="D:\actions-runner\_work\XPCO\XPCO\Corporate\VideoOS.Administration.WpfControls.UnitTests\bin\x64\Debug\net472\VideoOS.Administration.WpfControls.UnitTests.dll" adapterTypeName="executor://mstestadapter/v2" className="VideoOS.Administration.WpfControls.UnitTests.Mvvm.InitialColumnSizingUnitTests" name="CalcuateNewColumnWidths_Relative_Width" />
    </UnitTest>
    <UnitTest name="NavigatingTo_ErrorHandling_StorageUsage_MoveHardwareExceptionTest" storage="d:\actions-runner\_work\xpco\xpco\corporate\videoos.administration.wpfcontrols.unittests\bin\x64\debug\net472\videoos.administration.wpfcontrols.unittests.dll" id="65885bb5-bd75-eed6-215a-ad7ce0d8ca0f">
      <Owners>
        <Owner name="lsk" />
      </Owners>
      <Execution id="b2486bbe-5b0b-40e4-a6f7-1b2dc4c0759b" />
      <TestMethod codeBase="D:\actions-runner\_work\XPCO\XPCO\Corporate\VideoOS.Administration.WpfControls.UnitTests\bin\x64\Debug\net472\VideoOS.Administration.WpfControls.UnitTests.dll" adapterTypeName="executor://mstestadapter/v2" className="VideoOS.Administration.WpfControls.UnitTests.Wizards.MoveHardware.PageViewModelDestinationStorageSelectionTest" name="NavigatingTo_ErrorHandling_StorageUsage_MoveHardwareExceptionTest" />
    </UnitTest>
    <UnitTest name="Initialize_WithFixedHardwareSelectionTest" storage="d:\actions-runner\_work\xpco\xpco\corporate\videoos.administration.wpfcontrols.unittests\bin\x64\debug\net472\videoos.administration.wpfcontrols.unittests.dll" id="07ae45b6-e301-3520-2a2b-464a984634c4">
      <Owners>
        <Owner name="lsk" />
      </Owners>
      <Execution id="fd9fd226-3842-407d-9a2d-2fb3030eecb8" />
      <TestMethod codeBase="D:\actions-runner\_work\XPCO\XPCO\Corporate\VideoOS.Administration.WpfControls.UnitTests\bin\x64\Debug\net472\VideoOS.Administration.WpfControls.UnitTests.dll" adapterTypeName="executor://mstestadapter/v2" className="VideoOS.Administration.WpfControls.UnitTests.Wizards.MoveHardware.WizardViewModelTest" name="Initialize_WithFixedHardwareSelectionTest" />
    </UnitTest>
    <UnitTest name="ConvertBack_InvalidOperationException" storage="d:\actions-runner\_work\xpco\xpco\corporate\videoos.administration.wpfcontrols.unittests\bin\x64\debug\net472\videoos.administration.wpfcontrols.unittests.dll" id="738b8516-f5bf-a4cf-300e-7093e00b2cb1">
      <Execution id="21738ba5-d6bd-4c16-9d60-22af5d49d53d" />
      <TestMethod codeBase="D:\actions-runner\_work\XPCO\XPCO\Corporate\VideoOS.Administration.WpfControls.UnitTests\bin\x64\Debug\net472\VideoOS.Administration.WpfControls.UnitTests.dll" adapterTypeName="executor://mstestadapter/v2" className="VideoOS.Administration.WpfControls.UnitTests.Wizards.UpdateFirmware.View.Converters.OperationStatusToStringConverterTest" name="ConvertBack_InvalidOperationException" />
    </UnitTest>
    <UnitTest name="SortBaseCommon_SortDescriptions_ReverseTest" storage="d:\actions-runner\_work\xpco\xpco\corporate\videoos.administration.wpfcontrols.unittests\bin\x64\debug\net472\videoos.administration.wpfcontrols.unittests.dll" id="143c964a-6102-d861-c0a8-292de16ab3e2">
      <Owners>
        <Owner name="lsk" />
      </Owners>
      <Execution id="b1c7d6e1-668f-4278-8ee8-e9314b851880" />
      <TestMethod codeBase="D:\actions-runner\_work\XPCO\XPCO\Corporate\VideoOS.Administration.WpfControls.UnitTests\bin\x64\Debug\net472\VideoOS.Administration.WpfControls.UnitTests.dll" adapterTypeName="executor://mstestadapter/v2" className="VideoOS.Administration.WpfControls.UnitTests.Mvvm.Sort.SimpleSortTest" name="SortBaseCommon_SortDescriptions_ReverseTest" />
    </UnitTest>
    <UnitTest name="Convert_ToValue_AvailableOnly_UsageNullTest" storage="d:\actions-runner\_work\xpco\xpco\corporate\videoos.administration.wpfcontrols.unittests\bin\x64\debug\net472\videoos.administration.wpfcontrols.unittests.dll" id="f6fb30b9-0cae-3e29-1f99-5e0b87051f42">
      <Owners>
        <Owner name="lsk" />
      </Owners>
      <Execution id="18548c4c-17c6-4267-9b6d-81bb3c9c424b" />
      <TestMethod codeBase="D:\actions-runner\_work\XPCO\XPCO\Corporate\VideoOS.Administration.WpfControls.UnitTests\bin\x64\Debug\net472\VideoOS.Administration.WpfControls.UnitTests.dll" adapterTypeName="executor://mstestadapter/v2" className="VideoOS.Administration.WpfControls.UnitTests.Wizards.MoveHardware.UsagePercentageMultiValueConverterTest" name="Convert_ToValue_AvailableOnly_UsageNullTest" />
    </UnitTest>
    <UnitTest name="Convert_Days_SingularTest" storage="d:\actions-runner\_work\xpco\xpco\corporate\videoos.administration.wpfcontrols.unittests\bin\x64\debug\net472\videoos.administration.wpfcontrols.unittests.dll" id="e2745662-5b1b-a987-f75e-19bfc0f754da">
      <Owners>
        <Owner name="lsk" />
      </Owners>
      <Execution id="b8ca2edc-db30-4b0b-bf58-950819d2b45b" />
      <TestMethod codeBase="D:\actions-runner\_work\XPCO\XPCO\Corporate\VideoOS.Administration.WpfControls.UnitTests\bin\x64\Debug\net472\VideoOS.Administration.WpfControls.UnitTests.dll" adapterTypeName="executor://mstestadapter/v2" className="VideoOS.Administration.WpfControls.UnitTests.Wizards.MoveHardware.StorageRetentionTimeToStringValueConverterTest" name="Convert_Days_SingularTest" />
    </UnitTest>
    <UnitTest name="SelectionChanged_UnsubscribeTest" storage="d:\actions-runner\_work\xpco\xpco\corporate\videoos.administration.wpfcontrols.unittests\bin\x64\debug\net472\videoos.administration.wpfcontrols.unittests.dll" id="64783368-4c49-57cf-7cba-264e34d26256">
      <Owners>
        <Owner name="lsk" />
      </Owners>
      <Execution id="dfdfa12b-71b9-45de-aecd-6e0f6b99a327" />
      <TestMethod codeBase="D:\actions-runner\_work\XPCO\XPCO\Corporate\VideoOS.Administration.WpfControls.UnitTests\bin\x64\Debug\net472\VideoOS.Administration.WpfControls.UnitTests.dll" adapterTypeName="executor://mstestadapter/v2" className="VideoOS.Administration.WpfControls.UnitTests.Wizards.MoveHardware.PageViewModelHardwareSelectionTest" name="SelectionChanged_UnsubscribeTest" />
    </UnitTest>
    <UnitTest name="SortBaseCommon_IsEquivalentOf_SortDescriptionCollection_DifferentListTest" storage="d:\actions-runner\_work\xpco\xpco\corporate\videoos.administration.wpfcontrols.unittests\bin\x64\debug\net472\videoos.administration.wpfcontrols.unittests.dll" id="70fd5b44-aa44-6f9d-e7b8-dd3ba847a152">
      <Owners>
        <Owner name="lsk" />
      </Owners>
      <Execution id="5e7e7668-8f6a-459b-9d65-2e73488295ad" />
      <TestMethod codeBase="D:\actions-runner\_work\XPCO\XPCO\Corporate\VideoOS.Administration.WpfControls.UnitTests\bin\x64\Debug\net472\VideoOS.Administration.WpfControls.UnitTests.dll" adapterTypeName="executor://mstestadapter/v2" className="VideoOS.Administration.WpfControls.UnitTests.Mvvm.Sort.SimpleSortTest" name="SortBaseCommon_IsEquivalentOf_SortDescriptionCollection_DifferentListTest" />
    </UnitTest>
    <UnitTest name="HandledVmoAccessTests_PermissionCheckerHasPermissionReturnsTrueIfPermissionGiven" storage="d:\actions-runner\_work\xpco\xpco\corporate\videoos.administration.wpfcontrols.unittests\bin\x64\debug\net472\videoos.administration.wpfcontrols.unittests.dll" id="fd01aab9-ca48-8b05-e70a-644ec60e2c34">
      <Execution id="2d219986-4c66-489a-998f-f518b49d6b76" />
      <TestMethod codeBase="D:\actions-runner\_work\XPCO\XPCO\Corporate\VideoOS.Administration.WpfControls.UnitTests\bin\x64\Debug\net472\VideoOS.Administration.WpfControls.UnitTests.dll" adapterTypeName="executor://mstestadapter/v2" className="VideoOS.Administration.WpfControls.UnitTests.SystemMonitorEventThresholds.HandledVmoAccessTests" name="HandledVmoAccessTests_PermissionCheckerHasPermissionReturnsTrueIfPermissionGiven" />
    </UnitTest>
    <UnitTest name="Constructor_SunnyDayTest" storage="d:\actions-runner\_work\xpco\xpco\corporate\videoos.administration.wpfcontrols.unittests\bin\x64\debug\net472\videoos.administration.wpfcontrols.unittests.dll" id="f258be3c-7407-cd7a-eb07-a7d905519e41">
      <Owners>
        <Owner name="lsk" />
      </Owners>
      <Execution id="aa00de6a-5ebf-4b52-a34b-53b91bf2b99c" />
      <TestMethod codeBase="D:\actions-runner\_work\XPCO\XPCO\Corporate\VideoOS.Administration.WpfControls.UnitTests\bin\x64\Debug\net472\VideoOS.Administration.WpfControls.UnitTests.dll" adapterTypeName="executor://mstestadapter/v2" className="VideoOS.Administration.WpfControls.UnitTests.Wizards.MoveHardware.WizardViewModelTest" name="Constructor_SunnyDayTest" />
    </UnitTest>
    <UnitTest name="NavigatingAway_WithPasswordAutogeneration_PasswordSet" storage="d:\actions-runner\_work\xpco\xpco\corporate\videoos.administration.wpfcontrols.unittests\bin\x64\debug\net472\videoos.administration.wpfcontrols.unittests.dll" id="0011cb80-7a6b-b3cc-1e23-175f03cd88f2">
      <Owners>
        <Owner name="max" />
      </Owners>
      <Execution id="f49bc15f-b767-4378-820a-331f376cc769" />
      <TestMethod codeBase="D:\actions-runner\_work\XPCO\XPCO\Corporate\VideoOS.Administration.WpfControls.UnitTests\bin\x64\Debug\net472\VideoOS.Administration.WpfControls.UnitTests.dll" adapterTypeName="executor://mstestadapter/v2" className="VideoOS.Administration.WpfControls.UnitTests.Wizards.ChangeHardwarePassword.PageViewModelChangeHardwarePasswordTest" name="NavigatingAway_WithPasswordAutogeneration_PasswordSet" />
    </UnitTest>
    <UnitTest name="UpdateSelection_Garbage_InvalidTypeTest" storage="d:\actions-runner\_work\xpco\xpco\corporate\videoos.administration.wpfcontrols.unittests\bin\x64\debug\net472\videoos.administration.wpfcontrols.unittests.dll" id="5fa359fc-d32d-4a18-f2ac-b5a2945a5f66">
      <Owners>
        <Owner name="lsk" />
      </Owners>
      <Execution id="2bdb723c-a1c3-4129-baf7-8a6e0b476279" />
      <TestMethod codeBase="D:\actions-runner\_work\XPCO\XPCO\Corporate\VideoOS.Administration.WpfControls.UnitTests\bin\x64\Debug\net472\VideoOS.Administration.WpfControls.UnitTests.dll" adapterTypeName="executor://mstestadapter/v2" className="VideoOS.Administration.WpfControls.UnitTests.Wizards.MoveHardware.PageViewModelHardwareSelectionTest" name="UpdateSelection_Garbage_InvalidTypeTest" />
    </UnitTest>
    <UnitTest name="Convert_Empty_Input_Gives_Empty_Output" storage="d:\actions-runner\_work\xpco\xpco\corporate\videoos.administration.wpfcontrols.unittests\bin\x64\debug\net472\videoos.administration.wpfcontrols.unittests.dll" id="9f74e58e-92da-ad41-186d-297c2df06763">
      <Execution id="25df8db1-0a8c-401f-92fc-c87dd9207b36" />
      <TestMethod codeBase="D:\actions-runner\_work\XPCO\XPCO\Corporate\VideoOS.Administration.WpfControls.UnitTests\bin\x64\Debug\net472\VideoOS.Administration.WpfControls.UnitTests.dll" adapterTypeName="executor://mstestadapter/v2" className="VideoOS.Administration.WpfControls.UnitTests.Wizards.MoveHardware.View.Converters.MultilineToSingleLineTextConverterUnitTests" name="Convert_Empty_Input_Gives_Empty_Output" />
    </UnitTest>
    <UnitTest name="Convert_Error_TargetTypeNullTest" storage="d:\actions-runner\_work\xpco\xpco\corporate\videoos.administration.wpfcontrols.unittests\bin\x64\debug\net472\videoos.administration.wpfcontrols.unittests.dll" id="bd289ba2-bb7a-a20f-f256-9e9f907d458a">
      <Owners>
        <Owner name="lsk" />
      </Owners>
      <Execution id="306aab5d-3ebe-48b6-86fa-8d51289db9d0" />
      <TestMethod codeBase="D:\actions-runner\_work\XPCO\XPCO\Corporate\VideoOS.Administration.WpfControls.UnitTests\bin\x64\Debug\net472\VideoOS.Administration.WpfControls.UnitTests.dll" adapterTypeName="executor://mstestadapter/v2" className="VideoOS.Administration.WpfControls.UnitTests.Wizards.MoveHardware.UsagePercentageMultiValueConverterTest" name="Convert_Error_TargetTypeNullTest" />
    </UnitTest>
    <UnitTest name="NavigatingTo_ExceptionHandling_OtherException_PreselectedThrowsTest" storage="d:\actions-runner\_work\xpco\xpco\corporate\videoos.administration.wpfcontrols.unittests\bin\x64\debug\net472\videoos.administration.wpfcontrols.unittests.dll" id="a7f86a3c-148c-895f-7b07-9b829325de74">
      <Owners>
        <Owner name="lsk" />
      </Owners>
      <Execution id="047769da-480b-48f3-af9c-548cecfc0097" />
      <TestMethod codeBase="D:\actions-runner\_work\XPCO\XPCO\Corporate\VideoOS.Administration.WpfControls.UnitTests\bin\x64\Debug\net472\VideoOS.Administration.WpfControls.UnitTests.dll" adapterTypeName="executor://mstestadapter/v2" className="VideoOS.Administration.WpfControls.UnitTests.Wizards.MoveHardware.PageViewModelDestinationRecorderSelectionTest" name="NavigatingTo_ExceptionHandling_OtherException_PreselectedThrowsTest" />
    </UnitTest>
    <UnitTest name="UpdateSelection_EmptySelectionTest" storage="d:\actions-runner\_work\xpco\xpco\corporate\videoos.administration.wpfcontrols.unittests\bin\x64\debug\net472\videoos.administration.wpfcontrols.unittests.dll" id="272d8b0b-ba7b-7143-82a6-3c4a3a74e0ce">
      <Owners>
        <Owner name="max" />
      </Owners>
      <Execution id="653be296-72fc-4120-b803-86e7b9296122" />
      <TestMethod codeBase="D:\actions-runner\_work\XPCO\XPCO\Corporate\VideoOS.Administration.WpfControls.UnitTests\bin\x64\Debug\net472\VideoOS.Administration.WpfControls.UnitTests.dll" adapterTypeName="executor://mstestadapter/v2" className="VideoOS.Administration.WpfControls.UnitTests.Wizards.ChangeHardwarePassword.PageViewModelHardwareSelectionTest" name="UpdateSelection_EmptySelectionTest" />
    </UnitTest>
    <UnitTest name="ThresholdNameConverter_Success" storage="d:\actions-runner\_work\xpco\xpco\corporate\videoos.administration.wpfcontrols.unittests\bin\x64\debug\net472\videoos.administration.wpfcontrols.unittests.dll" id="fdb0b32c-91a8-7557-e0e4-2df46fff5a8d">
      <TestCategory>
        <TestCategoryItem TestCategory="SystemMonitorEventThresholds" />
      </TestCategory>
      <Execution id="a32b7075-8fef-46a0-873a-72f76a7879ad" />
      <TestMethod codeBase="D:\actions-runner\_work\XPCO\XPCO\Corporate\VideoOS.Administration.WpfControls.UnitTests\bin\x64\Debug\net472\VideoOS.Administration.WpfControls.UnitTests.dll" adapterTypeName="executor://mstestadapter/v2" className="VideoOS.Administration.WpfControls.UnitTests.SystemMonitorEventThresholds.Converters.ThresholdConverterTests" name="ThresholdNameConverter_Success" />
    </UnitTest>
    <UnitTest name="Initialize_NoFixedHardwareSelectionTest" storage="d:\actions-runner\_work\xpco\xpco\corporate\videoos.administration.wpfcontrols.unittests\bin\x64\debug\net472\videoos.administration.wpfcontrols.unittests.dll" id="959dc0d4-5cb5-3db0-bb92-0af8715ac40d">
      <Owners>
        <Owner name="ale" />
      </Owners>
      <Execution id="463af7ca-c8e1-42e8-becf-42aae69c21a4" />
      <TestMethod codeBase="D:\actions-runner\_work\XPCO\XPCO\Corporate\VideoOS.Administration.WpfControls.UnitTests\bin\x64\Debug\net472\VideoOS.Administration.WpfControls.UnitTests.dll" adapterTypeName="executor://mstestadapter/v2" className="VideoOS.Administration.WpfControls.UnitTests.Wizards.UpdateFirmware.ViewModel.WizardFirmwareUpdateViewModelTest" name="Initialize_NoFixedHardwareSelectionTest" />
    </UnitTest>
    <UnitTest name="ThresholdLevelHeightMultiValueConverter_Threshold2LargerThanThreshold1_Success" storage="d:\actions-runner\_work\xpco\xpco\corporate\videoos.administration.wpfcontrols.unittests\bin\x64\debug\net472\videoos.administration.wpfcontrols.unittests.dll" id="b405b65b-1d65-65c9-b44d-ebe6c78be498">
      <TestCategory>
        <TestCategoryItem TestCategory="SystemMonitorEventThresholds" />
      </TestCategory>
      <Execution id="6b4d2def-e171-482e-9012-6330f3de0d97" />
      <TestMethod codeBase="D:\actions-runner\_work\XPCO\XPCO\Corporate\VideoOS.Administration.WpfControls.UnitTests\bin\x64\Debug\net472\VideoOS.Administration.WpfControls.UnitTests.dll" adapterTypeName="executor://mstestadapter/v2" className="VideoOS.Administration.WpfControls.UnitTests.SystemMonitorEventThresholds.Converters.ThresholdConverterTests" name="ThresholdLevelHeightMultiValueConverter_Threshold2LargerThanThreshold1_Success" />
    </UnitTest>
    <UnitTest name="CurrentStatus_Update_ClearSelectionTest" storage="d:\actions-runner\_work\xpco\xpco\corporate\videoos.administration.wpfcontrols.unittests\bin\x64\debug\net472\videoos.administration.wpfcontrols.unittests.dll" id="8a6535dc-f240-c831-6f06-7d4751bd0c13">
      <Owners>
        <Owner name="lsk" />
      </Owners>
      <Execution id="93ab03d8-83ae-408a-ac99-4e5419661213" />
      <TestMethod codeBase="D:\actions-runner\_work\XPCO\XPCO\Corporate\VideoOS.Administration.WpfControls.UnitTests\bin\x64\Debug\net472\VideoOS.Administration.WpfControls.UnitTests.dll" adapterTypeName="executor://mstestadapter/v2" className="VideoOS.Administration.WpfControls.UnitTests.Wizards.MoveHardware.PageViewModelDestinationRecorderSelectionTest" name="CurrentStatus_Update_ClearSelectionTest" />
    </UnitTest>
    <UnitTest name="NavigatingTo_PageStatus_UnsupportedHardwareSelected" storage="d:\actions-runner\_work\xpco\xpco\corporate\videoos.administration.wpfcontrols.unittests\bin\x64\debug\net472\videoos.administration.wpfcontrols.unittests.dll" id="46413213-401e-8b63-cd13-649b8ef181a9">
      <Owners>
        <Owner name="ale" />
      </Owners>
      <Execution id="c804263f-faa3-4495-8d54-d3e8b4e3925a" />
      <TestMethod codeBase="D:\actions-runner\_work\XPCO\XPCO\Corporate\VideoOS.Administration.WpfControls.UnitTests\bin\x64\Debug\net472\VideoOS.Administration.WpfControls.UnitTests.dll" adapterTypeName="executor://mstestadapter/v2" className="VideoOS.Administration.WpfControls.UnitTests.Wizards.UpdateFirmware.ViewModel.PageViewModelFirmwareUpdateTest" name="NavigatingTo_PageStatus_UnsupportedHardwareSelected" />
    </UnitTest>
    <UnitTest name="NavigatingTo_PreSelection_NoPreselectionTest" storage="d:\actions-runner\_work\xpco\xpco\corporate\videoos.administration.wpfcontrols.unittests\bin\x64\debug\net472\videoos.administration.wpfcontrols.unittests.dll" id="e8352377-5053-ecad-50ab-7c4805d36856">
      <Owners>
        <Owner name="lsk" />
      </Owners>
      <Execution id="c5c4278e-2a23-4e55-85cb-a6c12298d23e" />
      <TestMethod codeBase="D:\actions-runner\_work\XPCO\XPCO\Corporate\VideoOS.Administration.WpfControls.UnitTests\bin\x64\Debug\net472\VideoOS.Administration.WpfControls.UnitTests.dll" adapterTypeName="executor://mstestadapter/v2" className="VideoOS.Administration.WpfControls.UnitTests.Wizards.MoveHardware.PageViewModelDestinationStorageSelectionTest" name="NavigatingTo_PreSelection_NoPreselectionTest" />
    </UnitTest>
    <UnitTest name="SortBaseCommon_Reverse_ReverseIsNotSameTest" storage="d:\actions-runner\_work\xpco\xpco\corporate\videoos.administration.wpfcontrols.unittests\bin\x64\debug\net472\videoos.administration.wpfcontrols.unittests.dll" id="0173d619-bc73-8a1f-8d91-c6c70807bf53">
      <Owners>
        <Owner name="lsk" />
      </Owners>
      <Execution id="f839c443-1f04-496f-a9f6-791b9c01bab0" />
      <TestMethod codeBase="D:\actions-runner\_work\XPCO\XPCO\Corporate\VideoOS.Administration.WpfControls.UnitTests\bin\x64\Debug\net472\VideoOS.Administration.WpfControls.UnitTests.dll" adapterTypeName="executor://mstestadapter/v2" className="VideoOS.Administration.WpfControls.UnitTests.Mvvm.Sort.SimpleSortWithFallbackTest" name="SortBaseCommon_Reverse_ReverseIsNotSameTest" />
    </UnitTest>
    <UnitTest name="NullObjectConvertsToCollapsed" storage="d:\actions-runner\_work\xpco\xpco\corporate\videoos.administration.wpfcontrols.unittests\bin\x64\debug\net472\videoos.administration.wpfcontrols.unittests.dll" id="63f7da69-8862-a50a-b4b5-c960f744aef1">
      <Execution id="3a18ee76-72a7-49b0-90f2-e0da059d697f" />
      <TestMethod codeBase="D:\actions-runner\_work\XPCO\XPCO\Corporate\VideoOS.Administration.WpfControls.UnitTests\bin\x64\Debug\net472\VideoOS.Administration.WpfControls.UnitTests.dll" adapterTypeName="executor://mstestadapter/v2" className="VideoOS.Administration.WpfControls.UnitTests.HardwareSetupDialog.Converters.NotEmptyStringToVisibilityConverterUnitTests" name="NullObjectConvertsToCollapsed" />
    </UnitTest>
    <UnitTest name="Convert_AllValues" storage="d:\actions-runner\_work\xpco\xpco\corporate\videoos.administration.wpfcontrols.unittests\bin\x64\debug\net472\videoos.administration.wpfcontrols.unittests.dll" id="4bbee128-d1d9-ad2d-c1b2-ad8628a55e29">
      <Execution id="d9234bc3-0f0d-4f2f-bbe2-68bc2e025ac4" />
      <TestMethod codeBase="D:\actions-runner\_work\XPCO\XPCO\Corporate\VideoOS.Administration.WpfControls.UnitTests\bin\x64\Debug\net472\VideoOS.Administration.WpfControls.UnitTests.dll" adapterTypeName="executor://mstestadapter/v2" className="VideoOS.Administration.WpfControls.UnitTests.Wizards.MoveHardware.ValidationErrorToStringValueConverterUnitTests" name="Convert_AllValues" />
    </UnitTest>
    <UnitTest name="Constructor_DataNotChangedDuringConstructionTest" storage="d:\actions-runner\_work\xpco\xpco\corporate\videoos.administration.wpfcontrols.unittests\bin\x64\debug\net472\videoos.administration.wpfcontrols.unittests.dll" id="3eb9a3ff-c5fa-b317-194e-27f209de71a6">
      <Owners>
        <Owner name="lsk" />
      </Owners>
      <Execution id="5d29b998-4cd4-45ba-a086-534c4466a5ce" />
      <TestMethod codeBase="D:\actions-runner\_work\XPCO\XPCO\Corporate\VideoOS.Administration.WpfControls.UnitTests\bin\x64\Debug\net472\VideoOS.Administration.WpfControls.UnitTests.dll" adapterTypeName="executor://mstestadapter/v2" className="VideoOS.Administration.WpfControls.UnitTests.Wizards.MoveHardware.PageViewModelDestinationRecorderSelectionTest" name="Constructor_DataNotChangedDuringConstructionTest" />
    </UnitTest>
    <UnitTest name="ConvertBack_Throws_NotSupportedException" storage="d:\actions-runner\_work\xpco\xpco\corporate\videoos.administration.wpfcontrols.unittests\bin\x64\debug\net472\videoos.administration.wpfcontrols.unittests.dll" id="7c579d9c-f42d-c44f-2006-2caab40d730a">
      <Execution id="01f94539-7016-40d9-9179-90b8fcecf962" />
      <TestMethod codeBase="D:\actions-runner\_work\XPCO\XPCO\Corporate\VideoOS.Administration.WpfControls.UnitTests\bin\x64\Debug\net472\VideoOS.Administration.WpfControls.UnitTests.dll" adapterTypeName="executor://mstestadapter/v2" className="VideoOS.Administration.WpfControls.UnitTests.Mvvm.Converters.ExceptiontoStringConverterUnitTests" name="ConvertBack_Throws_NotSupportedException" />
    </UnitTest>
    <UnitTest name="AllHardwareSelected_Event_NoEventIfValueDoesNotChangeTest" storage="d:\actions-runner\_work\xpco\xpco\corporate\videoos.administration.wpfcontrols.unittests\bin\x64\debug\net472\videoos.administration.wpfcontrols.unittests.dll" id="d1faca8b-15a7-3f79-f193-046b09e11eea">
      <Owners>
        <Owner name="max" />
      </Owners>
      <Execution id="2ad7cd57-d1da-4748-a32c-89c10508ffc9" />
      <TestMethod codeBase="D:\actions-runner\_work\XPCO\XPCO\Corporate\VideoOS.Administration.WpfControls.UnitTests\bin\x64\Debug\net472\VideoOS.Administration.WpfControls.UnitTests.dll" adapterTypeName="executor://mstestadapter/v2" className="VideoOS.Administration.WpfControls.UnitTests.Wizards.ChangeHardwarePassword.PageViewModelHardwareSelectionTest" name="AllHardwareSelected_Event_NoEventIfValueDoesNotChangeTest" />
    </UnitTest>
    <UnitTest name="Convert_ToBool_UsageOnly_AvailableNullTest" storage="d:\actions-runner\_work\xpco\xpco\corporate\videoos.administration.wpfcontrols.unittests\bin\x64\debug\net472\videoos.administration.wpfcontrols.unittests.dll" id="605d7948-e173-c277-eb40-a6a556e97352">
      <Owners>
        <Owner name="lsk" />
      </Owners>
      <Execution id="4eda4401-51c2-4490-957d-cca764a0a161" />
      <TestMethod codeBase="D:\actions-runner\_work\XPCO\XPCO\Corporate\VideoOS.Administration.WpfControls.UnitTests\bin\x64\Debug\net472\VideoOS.Administration.WpfControls.UnitTests.dll" adapterTypeName="executor://mstestadapter/v2" className="VideoOS.Administration.WpfControls.UnitTests.Wizards.MoveHardware.UsagePercentageMultiValueConverterTest" name="Convert_ToBool_UsageOnly_AvailableNullTest" />
    </UnitTest>
    <UnitTest name="SelectionChanged_SameSelectedItemsCountTest" storage="d:\actions-runner\_work\xpco\xpco\corporate\videoos.administration.wpfcontrols.unittests\bin\x64\debug\net472\videoos.administration.wpfcontrols.unittests.dll" id="4853e2d1-1b0b-06b5-aee8-6c69312049dd">
      <Owners>
        <Owner name="lsk" />
      </Owners>
      <Execution id="826720f9-e6d3-4861-85be-53e712ea2372" />
      <TestMethod codeBase="D:\actions-runner\_work\XPCO\XPCO\Corporate\VideoOS.Administration.WpfControls.UnitTests\bin\x64\Debug\net472\VideoOS.Administration.WpfControls.UnitTests.dll" adapterTypeName="executor://mstestadapter/v2" className="VideoOS.Administration.WpfControls.UnitTests.Wizards.MoveHardware.PageViewModelHardwareSelectionTest" name="SelectionChanged_SameSelectedItemsCountTest" />
    </UnitTest>
    <UnitTest name="NavigatingAway_EmptySelectionTest" storage="d:\actions-runner\_work\xpco\xpco\corporate\videoos.administration.wpfcontrols.unittests\bin\x64\debug\net472\videoos.administration.wpfcontrols.unittests.dll" id="229548e7-c814-7d03-aae9-a82430d60fbc">
      <Owners>
        <Owner name="lsk" />
      </Owners>
      <Execution id="a9e3f550-0c35-482f-adb5-85031df03d5f" />
      <TestMethod codeBase="D:\actions-runner\_work\XPCO\XPCO\Corporate\VideoOS.Administration.WpfControls.UnitTests\bin\x64\Debug\net472\VideoOS.Administration.WpfControls.UnitTests.dll" adapterTypeName="executor://mstestadapter/v2" className="VideoOS.Administration.WpfControls.UnitTests.Wizards.MoveHardware.PageViewModelHardwareSelectionTest" name="NavigatingAway_EmptySelectionTest" />
    </UnitTest>
    <UnitTest name="NavigatingTo_ExceptionHandling_OtherException_PreselectedThrowsTest" storage="d:\actions-runner\_work\xpco\xpco\corporate\videoos.administration.wpfcontrols.unittests\bin\x64\debug\net472\videoos.administration.wpfcontrols.unittests.dll" id="28ead278-d054-6f5e-1c4e-fc95724ed668">
      <Owners>
        <Owner name="lsk" />
      </Owners>
      <Execution id="e95fa0a9-227e-4051-b79f-868ca9597747" />
      <TestMethod codeBase="D:\actions-runner\_work\XPCO\XPCO\Corporate\VideoOS.Administration.WpfControls.UnitTests\bin\x64\Debug\net472\VideoOS.Administration.WpfControls.UnitTests.dll" adapterTypeName="executor://mstestadapter/v2" className="VideoOS.Administration.WpfControls.UnitTests.Wizards.MoveHardware.PageViewModelHardwareSelectionTest" name="NavigatingTo_ExceptionHandling_OtherException_PreselectedThrowsTest" />
    </UnitTest>
    <UnitTest name="Convert_ArgumentNullException" storage="d:\actions-runner\_work\xpco\xpco\corporate\videoos.administration.wpfcontrols.unittests\bin\x64\debug\net472\videoos.administration.wpfcontrols.unittests.dll" id="01027ca1-96f8-3e8b-2209-bee3b2d7bb74">
      <Execution id="4da2cbc9-c304-47d1-a5ee-b316d0c10229" />
      <TestMethod codeBase="D:\actions-runner\_work\XPCO\XPCO\Corporate\VideoOS.Administration.WpfControls.UnitTests\bin\x64\Debug\net472\VideoOS.Administration.WpfControls.UnitTests.dll" adapterTypeName="executor://mstestadapter/v2" className="VideoOS.Administration.WpfControls.UnitTests.Wizards.MoveHardware.ValidationErrorToStringValueConverterUnitTests" name="Convert_ArgumentNullException" />
    </UnitTest>
    <UnitTest name="NavigatingTo_ExceptionHandling_ChangeHardwarePasswordException_FindHardwareThrowsTest" storage="d:\actions-runner\_work\xpco\xpco\corporate\videoos.administration.wpfcontrols.unittests\bin\x64\debug\net472\videoos.administration.wpfcontrols.unittests.dll" id="19fc1d8e-0fae-c0df-a773-d771eb9e1671">
      <Owners>
        <Owner name="max" />
      </Owners>
      <Execution id="87c1d2a7-8e45-46bc-ba13-dd8f4d38b6f1" />
      <TestMethod codeBase="D:\actions-runner\_work\XPCO\XPCO\Corporate\VideoOS.Administration.WpfControls.UnitTests\bin\x64\Debug\net472\VideoOS.Administration.WpfControls.UnitTests.dll" adapterTypeName="executor://mstestadapter/v2" className="VideoOS.Administration.WpfControls.UnitTests.Wizards.ChangeHardwarePassword.PageViewModelHardwareSelectionTest" name="NavigatingTo_ExceptionHandling_ChangeHardwarePasswordException_FindHardwareThrowsTest" />
    </UnitTest>
    <UnitTest name="Convert_Multiline_Gives_First_Line" storage="d:\actions-runner\_work\xpco\xpco\corporate\videoos.administration.wpfcontrols.unittests\bin\x64\debug\net472\videoos.administration.wpfcontrols.unittests.dll" id="b66c9864-310c-dcd3-b224-50f7e9dd782e">
      <Execution id="402aca76-9ea7-4d09-90aa-943eb4ba3828" />
      <TestMethod codeBase="D:\actions-runner\_work\XPCO\XPCO\Corporate\VideoOS.Administration.WpfControls.UnitTests\bin\x64\Debug\net472\VideoOS.Administration.WpfControls.UnitTests.dll" adapterTypeName="executor://mstestadapter/v2" className="VideoOS.Administration.WpfControls.UnitTests.Wizards.ChangeHardwarePassword.MultilineToSingleLineTextConverterUnitTests" name="Convert_Multiline_Gives_First_Line" />
    </UnitTest>
    <UnitTest name="Convert_Minutes_SecondsOffsetTest" storage="d:\actions-runner\_work\xpco\xpco\corporate\videoos.administration.wpfcontrols.unittests\bin\x64\debug\net472\videoos.administration.wpfcontrols.unittests.dll" id="7c603128-dfd6-390c-be39-435379348f85">
      <Owners>
        <Owner name="lsk" />
      </Owners>
      <Execution id="277dd9b5-8723-4f2e-98b9-1f11ebee4752" />
      <TestMethod codeBase="D:\actions-runner\_work\XPCO\XPCO\Corporate\VideoOS.Administration.WpfControls.UnitTests\bin\x64\Debug\net472\VideoOS.Administration.WpfControls.UnitTests.dll" adapterTypeName="executor://mstestadapter/v2" className="VideoOS.Administration.WpfControls.UnitTests.Wizards.MoveHardware.StorageRetentionTimeToStringValueConverterTest" name="Convert_Minutes_SecondsOffsetTest" />
    </UnitTest>
    <UnitTest name="NavigatingTo_AvailableHardware_NoHardwareTest" storage="d:\actions-runner\_work\xpco\xpco\corporate\videoos.administration.wpfcontrols.unittests\bin\x64\debug\net472\videoos.administration.wpfcontrols.unittests.dll" id="8b340717-c352-a13a-c96e-a53b0662954a">
      <Owners>
        <Owner name="lsk" />
      </Owners>
      <Execution id="9029ea18-3c08-4e9b-88e2-5003289f59dd" />
      <TestMethod codeBase="D:\actions-runner\_work\XPCO\XPCO\Corporate\VideoOS.Administration.WpfControls.UnitTests\bin\x64\Debug\net472\VideoOS.Administration.WpfControls.UnitTests.dll" adapterTypeName="executor://mstestadapter/v2" className="VideoOS.Administration.WpfControls.UnitTests.Wizards.MoveHardware.PageViewModelHardwareSelectionTest" name="NavigatingTo_AvailableHardware_NoHardwareTest" />
    </UnitTest>
    <UnitTest name="NavigatingTo_JobsRunning_HardwareSelected_NavigationNotCancelled" storage="d:\actions-runner\_work\xpco\xpco\corporate\videoos.administration.wpfcontrols.unittests\bin\x64\debug\net472\videoos.administration.wpfcontrols.unittests.dll" id="2dccb759-5680-e08a-9274-63dff2cf722a">
      <Execution id="6fe377d9-7dfe-4fe9-ae73-23bb936006c7" />
      <TestMethod codeBase="D:\actions-runner\_work\XPCO\XPCO\Corporate\VideoOS.Administration.WpfControls.UnitTests\bin\x64\Debug\net472\VideoOS.Administration.WpfControls.UnitTests.dll" adapterTypeName="executor://mstestadapter/v2" className="VideoOS.Administration.WpfControls.UnitTests.Wizards.MoveHardware.ViewModel.PageViewModelCheckEdgeJobsTest" name="NavigatingTo_JobsRunning_HardwareSelected_NavigationNotCancelled" />
    </UnitTest>
    <UnitTest name="Convert_Negative_MinutesTest" storage="d:\actions-runner\_work\xpco\xpco\corporate\videoos.administration.wpfcontrols.unittests\bin\x64\debug\net472\videoos.administration.wpfcontrols.unittests.dll" id="f4029d68-9184-29c2-3c76-2aababdb9bfe">
      <Owners>
        <Owner name="lsk" />
      </Owners>
      <Execution id="1a9bfef1-2d70-49da-9d78-4facbdfb886d" />
      <TestMethod codeBase="D:\actions-runner\_work\XPCO\XPCO\Corporate\VideoOS.Administration.WpfControls.UnitTests\bin\x64\Debug\net472\VideoOS.Administration.WpfControls.UnitTests.dll" adapterTypeName="executor://mstestadapter/v2" className="VideoOS.Administration.WpfControls.UnitTests.Wizards.MoveHardware.StorageRetentionTimeToStringValueConverterTest" name="Convert_Negative_MinutesTest" />
    </UnitTest>
    <UnitTest name="Close_PageStateChangedOnAnotherThread_CommandInvalidatedTest" storage="d:\actions-runner\_work\xpco\xpco\corporate\videoos.administration.wpfcontrols.unittests\bin\x64\debug\net472\videoos.administration.wpfcontrols.unittests.dll" id="9f08c521-39d1-10f8-5691-593451357ea4">
      <Owners>
        <Owner name="lsk" />
      </Owners>
      <Execution id="8cd2d715-9e58-4e9b-b7b8-fef804f80132" />
      <TestMethod codeBase="D:\actions-runner\_work\XPCO\XPCO\Corporate\VideoOS.Administration.WpfControls.UnitTests\bin\x64\Debug\net472\VideoOS.Administration.WpfControls.UnitTests.dll" adapterTypeName="executor://mstestadapter/v2" className="VideoOS.Administration.WpfControls.UnitTests.Wizards.Common.WizardBaseViewModelTest" name="Close_PageStateChangedOnAnotherThread_CommandInvalidatedTest" />
    </UnitTest>
    <UnitTest name="ConvertBack_InvalidOperationException" storage="d:\actions-runner\_work\xpco\xpco\corporate\videoos.administration.wpfcontrols.unittests\bin\x64\debug\net472\videoos.administration.wpfcontrols.unittests.dll" id="f11037d8-2798-0e28-7654-8f48530f6ed7">
      <Execution id="55da5858-1d1d-4585-9bbd-238cafbd036f" />
      <TestMethod codeBase="D:\actions-runner\_work\XPCO\XPCO\Corporate\VideoOS.Administration.WpfControls.UnitTests\bin\x64\Debug\net472\VideoOS.Administration.WpfControls.UnitTests.dll" adapterTypeName="executor://mstestadapter/v2" className="VideoOS.Administration.WpfControls.UnitTests.Wizards.MoveHardware.WarningsToStringConverterTest" name="ConvertBack_InvalidOperationException" />
    </UnitTest>
    <UnitTest name="NextCommand_CanExecute_LastPageValidationTest" storage="d:\actions-runner\_work\xpco\xpco\corporate\videoos.administration.wpfcontrols.unittests\bin\x64\debug\net472\videoos.administration.wpfcontrols.unittests.dll" id="e15a6b7f-58a9-06e9-9227-04160dd0072a">
      <Owners>
        <Owner name="lsk" />
      </Owners>
      <Execution id="8bad5b11-6d1c-45fc-a496-8350f03acd4e" />
      <TestMethod codeBase="D:\actions-runner\_work\XPCO\XPCO\Corporate\VideoOS.Administration.WpfControls.UnitTests\bin\x64\Debug\net472\VideoOS.Administration.WpfControls.UnitTests.dll" adapterTypeName="executor://mstestadapter/v2" className="VideoOS.Administration.WpfControls.UnitTests.Wizards.Common.WizardBaseViewModelTest" name="NextCommand_CanExecute_LastPageValidationTest" />
    </UnitTest>
    <UnitTest name="NullObjectConvertsToFalse" storage="d:\actions-runner\_work\xpco\xpco\corporate\videoos.administration.wpfcontrols.unittests\bin\x64\debug\net472\videoos.administration.wpfcontrols.unittests.dll" id="df2bad3a-56ae-838b-0da5-cb49bb8547a9">
      <Execution id="ecfdbc1d-345d-4a5b-814d-82c33b41f11e" />
      <TestMethod codeBase="D:\actions-runner\_work\XPCO\XPCO\Corporate\VideoOS.Administration.WpfControls.UnitTests\bin\x64\Debug\net472\VideoOS.Administration.WpfControls.UnitTests.dll" adapterTypeName="executor://mstestadapter/v2" className="VideoOS.Administration.WpfControls.UnitTests.HardwareSetupDialog.Converters.NotEmptyStringToBooleanConverterUnitTests" name="NullObjectConvertsToFalse" />
    </UnitTest>
    <UnitTest name="Validate_WithPasswordManualEntry_CorrectPassword" storage="d:\actions-runner\_work\xpco\xpco\corporate\videoos.administration.wpfcontrols.unittests\bin\x64\debug\net472\videoos.administration.wpfcontrols.unittests.dll" id="64ae392c-d25b-86e5-f08e-6ea92ee2e4ec">
      <Owners>
        <Owner name="max" />
      </Owners>
      <Execution id="9fab19d6-e6c2-4f4c-8c4a-7e3456703fb2" />
      <TestMethod codeBase="D:\actions-runner\_work\XPCO\XPCO\Corporate\VideoOS.Administration.WpfControls.UnitTests\bin\x64\Debug\net472\VideoOS.Administration.WpfControls.UnitTests.dll" adapterTypeName="executor://mstestadapter/v2" className="VideoOS.Administration.WpfControls.UnitTests.Wizards.ChangeHardwarePassword.PageViewModelChangeHardwarePasswordTest" name="Validate_WithPasswordManualEntry_CorrectPassword" />
    </UnitTest>
    <UnitTest name="Validate_WithPasswordManualEntry_RequiresSymbols_Fails" storage="d:\actions-runner\_work\xpco\xpco\corporate\videoos.administration.wpfcontrols.unittests\bin\x64\debug\net472\videoos.administration.wpfcontrols.unittests.dll" id="23c6e993-c853-ce44-8e4a-a89e65fcb3d7">
      <Owners>
        <Owner name="max" />
      </Owners>
      <Execution id="bb834bee-3218-493b-ad87-baa4af28e6c8" />
      <TestMethod codeBase="D:\actions-runner\_work\XPCO\XPCO\Corporate\VideoOS.Administration.WpfControls.UnitTests\bin\x64\Debug\net472\VideoOS.Administration.WpfControls.UnitTests.dll" adapterTypeName="executor://mstestadapter/v2" className="VideoOS.Administration.WpfControls.UnitTests.Wizards.ChangeHardwarePassword.PageViewModelChangeHardwarePasswordTest" name="Validate_WithPasswordManualEntry_RequiresSymbols_Fails" />
    </UnitTest>
    <UnitTest name="CurrentStatus_Update_ClearSelection" storage="d:\actions-runner\_work\xpco\xpco\corporate\videoos.administration.wpfcontrols.unittests\bin\x64\debug\net472\videoos.administration.wpfcontrols.unittests.dll" id="b07e2c88-163a-e164-51e3-4bc2c8820ae4">
      <Owners>
        <Owner name="max" />
      </Owners>
      <Execution id="c4b6de8b-dd1e-44d0-a99f-c6e2a411c6e9" />
      <TestMethod codeBase="D:\actions-runner\_work\XPCO\XPCO\Corporate\VideoOS.Administration.WpfControls.UnitTests\bin\x64\Debug\net472\VideoOS.Administration.WpfControls.UnitTests.dll" adapterTypeName="executor://mstestadapter/v2" className="VideoOS.Administration.WpfControls.UnitTests.Wizards.ChangeHardwarePassword.PageViewModelChangeHardwarePasswordTest" name="CurrentStatus_Update_ClearSelection" />
    </UnitTest>
    <UnitTest name="NonBooleanArrayMembersAreIgnored" storage="d:\actions-runner\_work\xpco\xpco\corporate\videoos.administration.wpfcontrols.unittests\bin\x64\debug\net472\videoos.administration.wpfcontrols.unittests.dll" id="5819f51d-92fb-05b8-65ae-0180d576a834">
      <Execution id="3921fa7c-0bbd-4bd2-adc6-77afcebd5e99" />
      <TestMethod codeBase="D:\actions-runner\_work\XPCO\XPCO\Corporate\VideoOS.Administration.WpfControls.UnitTests\bin\x64\Debug\net472\VideoOS.Administration.WpfControls.UnitTests.dll" adapterTypeName="executor://mstestadapter/v2" className="VideoOS.Administration.WpfControls.UnitTests.HardwareSetupDialog.Converters.BooleanToVisibilityMultipleConverterUnitTests" name="NonBooleanArrayMembersAreIgnored" />
    </UnitTest>
    <UnitTest name="ConvertBack_InvalidOperationException" storage="d:\actions-runner\_work\xpco\xpco\corporate\videoos.administration.wpfcontrols.unittests\bin\x64\debug\net472\videoos.administration.wpfcontrols.unittests.dll" id="610e2e13-cb2e-f497-7790-aa014fdc1cfe">
      <Execution id="ce6d5865-e5a6-467f-b68d-6a0eccc1bb64" />
      <TestMethod codeBase="D:\actions-runner\_work\XPCO\XPCO\Corporate\VideoOS.Administration.WpfControls.UnitTests\bin\x64\Debug\net472\VideoOS.Administration.WpfControls.UnitTests.dll" adapterTypeName="executor://mstestadapter/v2" className="VideoOS.Administration.WpfControls.UnitTests.Wizards.ChangeHardwarePassword.StatusToStringValueConverterTest" name="ConvertBack_InvalidOperationException" />
    </UnitTest>
    <UnitTest name="NavigatingTo_AvailableHardware_HardwarePopulatedTest" storage="d:\actions-runner\_work\xpco\xpco\corporate\videoos.administration.wpfcontrols.unittests\bin\x64\debug\net472\videoos.administration.wpfcontrols.unittests.dll" id="1e9a7246-198b-723d-9eec-563c562939e3">
      <Owners>
        <Owner name="max" />
      </Owners>
      <Execution id="81174557-4eb9-417c-b044-759d377b2567" />
      <TestMethod codeBase="D:\actions-runner\_work\XPCO\XPCO\Corporate\VideoOS.Administration.WpfControls.UnitTests\bin\x64\Debug\net472\VideoOS.Administration.WpfControls.UnitTests.dll" adapterTypeName="executor://mstestadapter/v2" className="VideoOS.Administration.WpfControls.UnitTests.Wizards.ChangeHardwarePassword.PageViewModelHardwareSelectionTest" name="NavigatingTo_AvailableHardware_HardwarePopulatedTest" />
    </UnitTest>
    <UnitTest name="Convert_ArgumentNullException" storage="d:\actions-runner\_work\xpco\xpco\corporate\videoos.administration.wpfcontrols.unittests\bin\x64\debug\net472\videoos.administration.wpfcontrols.unittests.dll" id="ea1d8d34-55e3-9368-463c-2538cab81947">
      <Execution id="bd4e47eb-f2e2-47a6-86a0-19f9cfdc93de" />
      <TestMethod codeBase="D:\actions-runner\_work\XPCO\XPCO\Corporate\VideoOS.Administration.WpfControls.UnitTests\bin\x64\Debug\net472\VideoOS.Administration.WpfControls.UnitTests.dll" adapterTypeName="executor://mstestadapter/v2" className="VideoOS.Administration.WpfControls.UnitTests.Wizards.UpdateFirmware.View.Converters.WarningToStringConverterTest" name="Convert_ArgumentNullException" />
    </UnitTest>
    <UnitTest name="InitialFocus_SetEnabled_UIElement_Throws_ArgumentException" storage="d:\actions-runner\_work\xpco\xpco\corporate\videoos.administration.wpfcontrols.unittests\bin\x64\debug\net472\videoos.administration.wpfcontrols.unittests.dll" id="7035ee10-a6b2-ab40-e228-ba32e7450738">
      <Execution id="e59b9f8b-68b1-45c0-8ead-cfe4f187b4c8" />
      <TestMethod codeBase="D:\actions-runner\_work\XPCO\XPCO\Corporate\VideoOS.Administration.WpfControls.UnitTests\bin\x64\Debug\net472\VideoOS.Administration.WpfControls.UnitTests.dll" adapterTypeName="executor://mstestadapter/v2" className="VideoOS.Administration.WpfControls.UnitTests.Mvvm.InitialFocusUnitTest" name="InitialFocus_SetEnabled_UIElement_Throws_ArgumentException" />
    </UnitTest>
    <UnitTest name="SelectedRecorderChanged_ToAllRecorders_RecorderFilterApplies" storage="d:\actions-runner\_work\xpco\xpco\corporate\videoos.administration.wpfcontrols.unittests\bin\x64\debug\net472\videoos.administration.wpfcontrols.unittests.dll" id="0eeaa5f3-b762-18aa-4662-dc326afd77c6">
      <Owners>
        <Owner name="max" />
      </Owners>
      <Execution id="6c137dbf-31f3-4f67-8737-96ccf36fcefa" />
      <TestMethod codeBase="D:\actions-runner\_work\XPCO\XPCO\Corporate\VideoOS.Administration.WpfControls.UnitTests\bin\x64\Debug\net472\VideoOS.Administration.WpfControls.UnitTests.dll" adapterTypeName="executor://mstestadapter/v2" className="VideoOS.Administration.WpfControls.UnitTests.Wizards.ChangeHardwarePassword.PageViewModelHardwareSelectionTest" name="SelectedRecorderChanged_ToAllRecorders_RecorderFilterApplies" />
    </UnitTest>
    <UnitTest name="UpdateSelection_SameCountTest" storage="d:\actions-runner\_work\xpco\xpco\corporate\videoos.administration.wpfcontrols.unittests\bin\x64\debug\net472\videoos.administration.wpfcontrols.unittests.dll" id="0086faaf-80d1-dcee-f6a8-6024fc959c32">
      <Owners>
        <Owner name="max" />
      </Owners>
      <Execution id="c4084716-4198-4fa3-be66-900e8210b821" />
      <TestMethod codeBase="D:\actions-runner\_work\XPCO\XPCO\Corporate\VideoOS.Administration.WpfControls.UnitTests\bin\x64\Debug\net472\VideoOS.Administration.WpfControls.UnitTests.dll" adapterTypeName="executor://mstestadapter/v2" className="VideoOS.Administration.WpfControls.UnitTests.Wizards.ChangeHardwarePassword.PageViewModelHardwareSelectionTest" name="UpdateSelection_SameCountTest" />
    </UnitTest>
    <UnitTest name="UpdateSelection_ValidSelectionTest" storage="d:\actions-runner\_work\xpco\xpco\corporate\videoos.administration.wpfcontrols.unittests\bin\x64\debug\net472\videoos.administration.wpfcontrols.unittests.dll" id="035fdee6-71f6-6745-0bb2-260ef5c286b9">
      <Owners>
        <Owner name="lsk" />
      </Owners>
      <Execution id="6671de96-b893-465c-9db5-92b3379d5c67" />
      <TestMethod codeBase="D:\actions-runner\_work\XPCO\XPCO\Corporate\VideoOS.Administration.WpfControls.UnitTests\bin\x64\Debug\net472\VideoOS.Administration.WpfControls.UnitTests.dll" adapterTypeName="executor://mstestadapter/v2" className="VideoOS.Administration.WpfControls.UnitTests.Wizards.MoveHardware.PageViewModelHardwareSelectionTest" name="UpdateSelection_ValidSelectionTest" />
    </UnitTest>
    <UnitTest name="CalcuateNewColumnWidths_Empty_Columns_With_Percentage" storage="d:\actions-runner\_work\xpco\xpco\corporate\videoos.administration.wpfcontrols.unittests\bin\x64\debug\net472\videoos.administration.wpfcontrols.unittests.dll" id="720f192f-3a91-fc5a-38dc-37603061fc04">
      <Execution id="000143ca-9dec-4857-b099-29da109e465a" />
      <TestMethod codeBase="D:\actions-runner\_work\XPCO\XPCO\Corporate\VideoOS.Administration.WpfControls.UnitTests\bin\x64\Debug\net472\VideoOS.Administration.WpfControls.UnitTests.dll" adapterTypeName="executor://mstestadapter/v2" className="VideoOS.Administration.WpfControls.UnitTests.Mvvm.InitialColumnSizingUnitTests" name="CalcuateNewColumnWidths_Empty_Columns_With_Percentage" />
    </UnitTest>
    <UnitTest name="NonEmptyStringsConvertsToTrue" storage="d:\actions-runner\_work\xpco\xpco\corporate\videoos.administration.wpfcontrols.unittests\bin\x64\debug\net472\videoos.administration.wpfcontrols.unittests.dll" id="cd41b3e5-1b68-5bf4-6b21-391449f362ce">
      <Execution id="882b092c-df99-46c0-8d90-7d62eb997fcf" />
      <TestMethod codeBase="D:\actions-runner\_work\XPCO\XPCO\Corporate\VideoOS.Administration.WpfControls.UnitTests\bin\x64\Debug\net472\VideoOS.Administration.WpfControls.UnitTests.dll" adapterTypeName="executor://mstestadapter/v2" className="VideoOS.Administration.WpfControls.UnitTests.HardwareSetupDialog.Converters.NotEmptyStringToBooleanConverterUnitTests" name="NonEmptyStringsConvertsToTrue" />
    </UnitTest>
    <UnitTest name="Convert_Parameters_Value_NullTest" storage="d:\actions-runner\_work\xpco\xpco\corporate\videoos.administration.wpfcontrols.unittests\bin\x64\debug\net472\videoos.administration.wpfcontrols.unittests.dll" id="b779b1a6-63cd-8aae-926b-05298ce423dc">
      <Owners>
        <Owner name="lsk" />
      </Owners>
      <Execution id="1a27c8fa-1200-44bb-a363-2b9717230416" />
      <TestMethod codeBase="D:\actions-runner\_work\XPCO\XPCO\Corporate\VideoOS.Administration.WpfControls.UnitTests\bin\x64\Debug\net472\VideoOS.Administration.WpfControls.UnitTests.dll" adapterTypeName="executor://mstestadapter/v2" className="VideoOS.Administration.WpfControls.UnitTests.Wizards.MoveHardware.StorageRetentionTimeToStringValueConverterTest" name="Convert_Parameters_Value_NullTest" />
    </UnitTest>
    <UnitTest name="NavigatingTo_PageStatus_NoHardwareSelected" storage="d:\actions-runner\_work\xpco\xpco\corporate\videoos.administration.wpfcontrols.unittests\bin\x64\debug\net472\videoos.administration.wpfcontrols.unittests.dll" id="4fc53d11-7560-9109-952f-746fb76e3c3a">
      <Owners>
        <Owner name="ale" />
      </Owners>
      <Execution id="678f6332-a050-4221-a56b-eb258e835097" />
      <TestMethod codeBase="D:\actions-runner\_work\XPCO\XPCO\Corporate\VideoOS.Administration.WpfControls.UnitTests\bin\x64\Debug\net472\VideoOS.Administration.WpfControls.UnitTests.dll" adapterTypeName="executor://mstestadapter/v2" className="VideoOS.Administration.WpfControls.UnitTests.Wizards.UpdateFirmware.ViewModel.PageViewModelFirmwareUpdateTest" name="NavigatingTo_PageStatus_NoHardwareSelected" />
    </UnitTest>
    <UnitTest name="Constructor_HandlerNullTest" storage="d:\actions-runner\_work\xpco\xpco\corporate\videoos.administration.wpfcontrols.unittests\bin\x64\debug\net472\videoos.administration.wpfcontrols.unittests.dll" id="93930c38-bad3-e886-0efe-52170415fbb6">
      <Owners>
        <Owner name="lsk" />
      </Owners>
      <Execution id="dc38dbe1-b2ad-4220-96e6-6dbf833ea2cd" />
      <TestMethod codeBase="D:\actions-runner\_work\XPCO\XPCO\Corporate\VideoOS.Administration.WpfControls.UnitTests\bin\x64\Debug\net472\VideoOS.Administration.WpfControls.UnitTests.dll" adapterTypeName="executor://mstestadapter/v2" className="VideoOS.Administration.WpfControls.UnitTests.Wizards.MoveHardware.WizardViewModelTest" name="Constructor_HandlerNullTest" />
    </UnitTest>
    <UnitTest name="CurrentStatus_Event_ClearSelection" storage="d:\actions-runner\_work\xpco\xpco\corporate\videoos.administration.wpfcontrols.unittests\bin\x64\debug\net472\videoos.administration.wpfcontrols.unittests.dll" id="5899a75c-5291-1924-069c-47253700398b">
      <Owners>
        <Owner name="max" />
      </Owners>
      <Execution id="5b830944-13a2-4fc6-a268-3f8bdc959f0a" />
      <TestMethod codeBase="D:\actions-runner\_work\XPCO\XPCO\Corporate\VideoOS.Administration.WpfControls.UnitTests\bin\x64\Debug\net472\VideoOS.Administration.WpfControls.UnitTests.dll" adapterTypeName="executor://mstestadapter/v2" className="VideoOS.Administration.WpfControls.UnitTests.Wizards.ChangeHardwarePassword.PageViewModelChangeHardwarePasswordTest" name="CurrentStatus_Event_ClearSelection" />
    </UnitTest>
    <UnitTest name="ConvertBack_InvalidOperationException" storage="d:\actions-runner\_work\xpco\xpco\corporate\videoos.administration.wpfcontrols.unittests\bin\x64\debug\net472\videoos.administration.wpfcontrols.unittests.dll" id="11fad197-dc15-5e94-2f41-67645523b002">
      <Execution id="4eb14e30-0f85-4c2a-93ca-af2efca975ea" />
      <TestMethod codeBase="D:\actions-runner\_work\XPCO\XPCO\Corporate\VideoOS.Administration.WpfControls.UnitTests\bin\x64\Debug\net472\VideoOS.Administration.WpfControls.UnitTests.dll" adapterTypeName="executor://mstestadapter/v2" className="VideoOS.Administration.WpfControls.UnitTests.Wizards.UpdateFirmware.View.Converters.PreValidationErrorToStringValueConverterTest" name="ConvertBack_InvalidOperationException" />
    </UnitTest>
    <UnitTest name="Convert_IsNullOrWhiteSpace_WhiteSpace_Input_Returns_TrueResult" storage="d:\actions-runner\_work\xpco\xpco\corporate\videoos.administration.wpfcontrols.unittests\bin\x64\debug\net472\videoos.administration.wpfcontrols.unittests.dll" id="aadd126e-6c36-f9f6-1958-d58539ae90a0">
      <Execution id="207605dc-bd4a-4e06-a345-c01daca85e42" />
      <TestMethod codeBase="D:\actions-runner\_work\XPCO\XPCO\Corporate\VideoOS.Administration.WpfControls.UnitTests\bin\x64\Debug\net472\VideoOS.Administration.WpfControls.UnitTests.dll" adapterTypeName="executor://mstestadapter/v2" className="VideoOS.Administration.WpfControls.UnitTests.Mvvm.Converters.StringMethodResultConverterUnitTests" name="Convert_IsNullOrWhiteSpace_WhiteSpace_Input_Returns_TrueResult" />
    </UnitTest>
    <UnitTest name="ScaleThresholdSliderViewModel_Success" storage="d:\actions-runner\_work\xpco\xpco\corporate\videoos.administration.wpfcontrols.unittests\bin\x64\debug\net472\videoos.administration.wpfcontrols.unittests.dll" id="ac5cc692-0a65-7039-ce1a-dce297a3350d">
      <TestCategory>
        <TestCategoryItem TestCategory="SystemMonitorEventThresholds" />
      </TestCategory>
      <Execution id="cad8c245-120d-45ec-bb09-7b092c125939" />
      <TestMethod codeBase="D:\actions-runner\_work\XPCO\XPCO\Corporate\VideoOS.Administration.WpfControls.UnitTests\bin\x64\Debug\net472\VideoOS.Administration.WpfControls.UnitTests.dll" adapterTypeName="executor://mstestadapter/v2" className="VideoOS.Administration.WpfControls.UnitTests.SystemMonitorEventThresholds.ViewModel.Slider.ScaleThresholdSliderViewModelTests" name="ScaleThresholdSliderViewModel_Success" />
    </UnitTest>
    <UnitTest name="SortBaseCommon_IsEquivalentOf_SortDescriptionCollection_ValidListTest" storage="d:\actions-runner\_work\xpco\xpco\corporate\videoos.administration.wpfcontrols.unittests\bin\x64\debug\net472\videoos.administration.wpfcontrols.unittests.dll" id="d6db684e-d87e-3589-c232-3c63501d00ec">
      <Owners>
        <Owner name="lsk" />
      </Owners>
      <Execution id="0dedaa27-8db1-49cb-92ec-767860994ef3" />
      <TestMethod codeBase="D:\actions-runner\_work\XPCO\XPCO\Corporate\VideoOS.Administration.WpfControls.UnitTests\bin\x64\Debug\net472\VideoOS.Administration.WpfControls.UnitTests.dll" adapterTypeName="executor://mstestadapter/v2" className="VideoOS.Administration.WpfControls.UnitTests.Mvvm.Sort.SimpleSortWithFallbackTest" name="SortBaseCommon_IsEquivalentOf_SortDescriptionCollection_ValidListTest" />
    </UnitTest>
    <UnitTest name="SortEquality_ConvertBack" storage="d:\actions-runner\_work\xpco\xpco\corporate\videoos.administration.wpfcontrols.unittests\bin\x64\debug\net472\videoos.administration.wpfcontrols.unittests.dll" id="ad798c80-0326-7386-6f9b-cfc5287f2395">
      <Execution id="3698d544-55fc-4a0e-9d4b-bde6b3f87549" />
      <TestMethod codeBase="D:\actions-runner\_work\XPCO\XPCO\Corporate\VideoOS.Administration.WpfControls.UnitTests\bin\x64\Debug\net472\VideoOS.Administration.WpfControls.UnitTests.dll" adapterTypeName="executor://mstestadapter/v2" className="VideoOS.Administration.WpfControls.UnitTests.Wizards.Common.TwoSortsToSortEqualityMultiValueConverterTest" name="SortEquality_ConvertBack" />
    </UnitTest>
    <UnitTest name="VmoAccess_SuppressedExceptionNotInList_PopupIsDisplayedOnException" storage="d:\actions-runner\_work\xpco\xpco\corporate\videoos.administration.wpfcontrols.unittests\bin\x64\debug\net472\videoos.administration.wpfcontrols.unittests.dll" id="36cfdd09-2c70-3b5c-1110-4438792c1a1a">
      <Execution id="f8d33f5f-200c-4ab8-94e4-21bed78788d2" />
      <TestMethod codeBase="D:\actions-runner\_work\XPCO\XPCO\Corporate\VideoOS.Administration.WpfControls.UnitTests\bin\x64\Debug\net472\VideoOS.Administration.WpfControls.UnitTests.dll" adapterTypeName="executor://mstestadapter/v2" className="VideoOS.Administration.WpfControls.UnitTests.SystemMonitorEventThresholds.HandledVmoAccessTests" name="VmoAccess_SuppressedExceptionNotInList_PopupIsDisplayedOnException" />
    </UnitTest>
    <UnitTest name="Convert_Seconds_UnderHalfMinuteTest" storage="d:\actions-runner\_work\xpco\xpco\corporate\videoos.administration.wpfcontrols.unittests\bin\x64\debug\net472\videoos.administration.wpfcontrols.unittests.dll" id="6ea80318-fd3e-d3fc-a30a-e658c3723b3e">
      <Owners>
        <Owner name="lsk" />
      </Owners>
      <Execution id="fbc48a25-2474-4e61-931e-1a53ca838154" />
      <TestMethod codeBase="D:\actions-runner\_work\XPCO\XPCO\Corporate\VideoOS.Administration.WpfControls.UnitTests\bin\x64\Debug\net472\VideoOS.Administration.WpfControls.UnitTests.dll" adapterTypeName="executor://mstestadapter/v2" className="VideoOS.Administration.WpfControls.UnitTests.Wizards.MoveHardware.StorageRetentionTimeToStringValueConverterTest" name="Convert_Seconds_UnderHalfMinuteTest" />
    </UnitTest>
    <UnitTest name="MismatchedStatusesAreCollapsedTest" storage="d:\actions-runner\_work\xpco\xpco\corporate\videoos.administration.wpfcontrols.unittests\bin\x64\debug\net472\videoos.administration.wpfcontrols.unittests.dll" id="e859f721-10a9-8113-54af-77af4f6b127c">
      <Execution id="fdde5e46-82c3-44f6-b1ca-70610aa2de7e" />
      <TestMethod codeBase="D:\actions-runner\_work\XPCO\XPCO\Corporate\VideoOS.Administration.WpfControls.UnitTests\bin\x64\Debug\net472\VideoOS.Administration.WpfControls.UnitTests.dll" adapterTypeName="executor://mstestadapter/v2" className="VideoOS.Administration.WpfControls.UnitTests.HardwareSetupDialog.Converters.StatusToVisibilityConverterUnitTests" name="MismatchedStatusesAreCollapsedTest" />
    </UnitTest>
    <UnitTest name="Convert_Minutes_PluralTest" storage="d:\actions-runner\_work\xpco\xpco\corporate\videoos.administration.wpfcontrols.unittests\bin\x64\debug\net472\videoos.administration.wpfcontrols.unittests.dll" id="c04a71ea-5f42-8d5c-a3ca-07d412dfde21">
      <Owners>
        <Owner name="lsk" />
      </Owners>
      <Execution id="cc3f3579-3af8-43e6-b3d6-a9ac792901f8" />
      <TestMethod codeBase="D:\actions-runner\_work\XPCO\XPCO\Corporate\VideoOS.Administration.WpfControls.UnitTests\bin\x64\Debug\net472\VideoOS.Administration.WpfControls.UnitTests.dll" adapterTypeName="executor://mstestadapter/v2" className="VideoOS.Administration.WpfControls.UnitTests.Wizards.MoveHardware.StorageRetentionTimeToStringValueConverterTest" name="Convert_Minutes_PluralTest" />
    </UnitTest>
    <UnitTest name="SortBaseCommon_SortDescriptions_Test" storage="d:\actions-runner\_work\xpco\xpco\corporate\videoos.administration.wpfcontrols.unittests\bin\x64\debug\net472\videoos.administration.wpfcontrols.unittests.dll" id="56ce6859-3fc6-36c5-7ef0-37f8a01cb715">
      <Owners>
        <Owner name="lsk" />
      </Owners>
      <Execution id="a89ab500-29cf-427d-9e30-e66c0a871aff" />
      <TestMethod codeBase="D:\actions-runner\_work\XPCO\XPCO\Corporate\VideoOS.Administration.WpfControls.UnitTests\bin\x64\Debug\net472\VideoOS.Administration.WpfControls.UnitTests.dll" adapterTypeName="executor://mstestadapter/v2" className="VideoOS.Administration.WpfControls.UnitTests.Mvvm.Sort.SimpleSortTest" name="SortBaseCommon_SortDescriptions_Test" />
    </UnitTest>
    <UnitTest name="NavigatingTo_ExceptionHandling_MoveHardwareException_FindRecordersThrowsTest" storage="d:\actions-runner\_work\xpco\xpco\corporate\videoos.administration.wpfcontrols.unittests\bin\x64\debug\net472\videoos.administration.wpfcontrols.unittests.dll" id="0064c701-aef5-89d0-d48a-0c3f33352c4f">
      <Owners>
        <Owner name="lsk" />
      </Owners>
      <Execution id="4d61f487-f2b9-4621-bec3-79b70d7010d1" />
      <TestMethod codeBase="D:\actions-runner\_work\XPCO\XPCO\Corporate\VideoOS.Administration.WpfControls.UnitTests\bin\x64\Debug\net472\VideoOS.Administration.WpfControls.UnitTests.dll" adapterTypeName="executor://mstestadapter/v2" className="VideoOS.Administration.WpfControls.UnitTests.Wizards.MoveHardware.PageViewModelDestinationRecorderSelectionTest" name="NavigatingTo_ExceptionHandling_MoveHardwareException_FindRecordersThrowsTest" />
    </UnitTest>
    <UnitTest name="NavigatingTo_AvailableRecorders_RecordersPopulatedTest" storage="d:\actions-runner\_work\xpco\xpco\corporate\videoos.administration.wpfcontrols.unittests\bin\x64\debug\net472\videoos.administration.wpfcontrols.unittests.dll" id="1a1ec069-9b14-81bb-b802-1d035f3ee5a3">
      <Owners>
        <Owner name="lsk" />
      </Owners>
      <Execution id="7ea75836-b2ad-4607-86dd-1f8a01242d30" />
      <TestMethod codeBase="D:\actions-runner\_work\XPCO\XPCO\Corporate\VideoOS.Administration.WpfControls.UnitTests\bin\x64\Debug\net472\VideoOS.Administration.WpfControls.UnitTests.dll" adapterTypeName="executor://mstestadapter/v2" className="VideoOS.Administration.WpfControls.UnitTests.Wizards.MoveHardware.PageViewModelDestinationRecorderSelectionTest" name="NavigatingTo_AvailableRecorders_RecordersPopulatedTest" />
    </UnitTest>
    <UnitTest name="Convert_ToValue_BothInvalidTest" storage="d:\actions-runner\_work\xpco\xpco\corporate\videoos.administration.wpfcontrols.unittests\bin\x64\debug\net472\videoos.administration.wpfcontrols.unittests.dll" id="8639adb5-e9b4-95d1-ea53-e634bd00f617">
      <Owners>
        <Owner name="lsk" />
      </Owners>
      <Execution id="f3d0af87-7595-4bf4-a45a-80b0e6dcf3cd" />
      <TestMethod codeBase="D:\actions-runner\_work\XPCO\XPCO\Corporate\VideoOS.Administration.WpfControls.UnitTests\bin\x64\Debug\net472\VideoOS.Administration.WpfControls.UnitTests.dll" adapterTypeName="executor://mstestadapter/v2" className="VideoOS.Administration.WpfControls.UnitTests.Wizards.MoveHardware.UsagePercentageMultiValueConverterTest" name="Convert_ToValue_BothInvalidTest" />
    </UnitTest>
    <UnitTest name="SelectionChanged_UnsubscribeTest" storage="d:\actions-runner\_work\xpco\xpco\corporate\videoos.administration.wpfcontrols.unittests\bin\x64\debug\net472\videoos.administration.wpfcontrols.unittests.dll" id="f6c45a9d-919b-4033-0576-89eef5a0f5f4">
      <Owners>
        <Owner name="max" />
      </Owners>
      <Execution id="39dcea3e-b6bf-43e4-8757-61f5bf2067ae" />
      <TestMethod codeBase="D:\actions-runner\_work\XPCO\XPCO\Corporate\VideoOS.Administration.WpfControls.UnitTests\bin\x64\Debug\net472\VideoOS.Administration.WpfControls.UnitTests.dll" adapterTypeName="executor://mstestadapter/v2" className="VideoOS.Administration.WpfControls.UnitTests.Wizards.ChangeHardwarePassword.PageViewModelHardwareSelectionTest" name="SelectionChanged_UnsubscribeTest" />
    </UnitTest>
    <UnitTest name="SortBaseCommon_Equality_SortBase_OtherClassTest" storage="d:\actions-runner\_work\xpco\xpco\corporate\videoos.administration.wpfcontrols.unittests\bin\x64\debug\net472\videoos.administration.wpfcontrols.unittests.dll" id="199b70f1-156a-9b54-8fca-de06eb7d9c93">
      <Owners>
        <Owner name="lsk" />
      </Owners>
      <Execution id="8fac0fe4-b666-4b34-ac08-0ae3b7ebe823" />
      <TestMethod codeBase="D:\actions-runner\_work\XPCO\XPCO\Corporate\VideoOS.Administration.WpfControls.UnitTests\bin\x64\Debug\net472\VideoOS.Administration.WpfControls.UnitTests.dll" adapterTypeName="executor://mstestadapter/v2" className="VideoOS.Administration.WpfControls.UnitTests.Mvvm.Sort.SimpleSortTest" name="SortBaseCommon_Equality_SortBase_OtherClassTest" />
    </UnitTest>
    <UnitTest name="AdvancedThresholdConfigurationViewModel_Contruction" storage="d:\actions-runner\_work\xpco\xpco\corporate\videoos.administration.wpfcontrols.unittests\bin\x64\debug\net472\videoos.administration.wpfcontrols.unittests.dll" id="5b536f33-2046-4353-15a8-da007dd02f12">
      <TestCategory>
        <TestCategoryItem TestCategory="SystemMonitorEventThresholds" />
      </TestCategory>
      <Execution id="d6c56012-f753-4336-bf87-5e602bccc611" />
      <TestMethod codeBase="D:\actions-runner\_work\XPCO\XPCO\Corporate\VideoOS.Administration.WpfControls.UnitTests\bin\x64\Debug\net472\VideoOS.Administration.WpfControls.UnitTests.dll" adapterTypeName="executor://mstestadapter/v2" className="VideoOS.Administration.WpfControls.UnitTests.SystemMonitorEventThresholds.ViewModel.AdvancedThreshold.AdvancedThresholdConfigurationViewModelTests" name="AdvancedThresholdConfigurationViewModel_Contruction" />
    </UnitTest>
    <UnitTest name="Convert_Error_ValuesTooLongTest" storage="d:\actions-runner\_work\xpco\xpco\corporate\videoos.administration.wpfcontrols.unittests\bin\x64\debug\net472\videoos.administration.wpfcontrols.unittests.dll" id="6a635bdb-3df5-a31a-8c39-614196c92c89">
      <Owners>
        <Owner name="lsk" />
      </Owners>
      <Execution id="675698a0-e2db-4e31-96d1-e04c087fbacb" />
      <TestMethod codeBase="D:\actions-runner\_work\XPCO\XPCO\Corporate\VideoOS.Administration.WpfControls.UnitTests\bin\x64\Debug\net472\VideoOS.Administration.WpfControls.UnitTests.dll" adapterTypeName="executor://mstestadapter/v2" className="VideoOS.Administration.WpfControls.UnitTests.Wizards.MoveHardware.StorageUsageSummaryMultiValueConverterTest" name="Convert_Error_ValuesTooLongTest" />
    </UnitTest>
    <UnitTest name="ScheduleNextRun_RaisesEventOnSiteWorking_AfterWaitingForTimeout_Success" storage="d:\actions-runner\_work\xpco\xpco\corporate\videoos.administration.wpfcontrols.unittests\bin\x64\debug\net472\videoos.administration.wpfcontrols.unittests.dll" id="05d19196-f04d-8df2-0524-7023f4538770">
      <TestCategory>
        <TestCategoryItem TestCategory="VideoOS Administration" />
      </TestCategory>
      <Execution id="77c29368-310d-4683-b0fe-621a2f005e9f" />
      <TestMethod codeBase="D:\actions-runner\_work\XPCO\XPCO\Corporate\VideoOS.Administration.WpfControls.UnitTests\bin\x64\Debug\net472\VideoOS.Administration.WpfControls.UnitTests.dll" adapterTypeName="executor://mstestadapter/v2" className="VideoOS.Administration.WpfControls.UnitTests.Login.ExternalProviderInfoThreadTests" name="ScheduleNextRun_RaisesEventOnSiteWorking_AfterWaitingForTimeout_Success" />
    </UnitTest>
    <UnitTest name="Construct_InvalidParam_UriHandler_Throws_ArgumentNullException" storage="d:\actions-runner\_work\xpco\xpco\corporate\videoos.administration.wpfcontrols.unittests\bin\x64\debug\net472\videoos.administration.wpfcontrols.unittests.dll" id="52661f27-794b-810e-ca1b-9e59313c8174">
      <TestCategory>
        <TestCategoryItem TestCategory="VideoOS Administration" />
      </TestCategory>
      <Execution id="f4a1a5fb-367e-4fd4-969d-6d906815f602" />
      <TestMethod codeBase="D:\actions-runner\_work\XPCO\XPCO\Corporate\VideoOS.Administration.WpfControls.UnitTests\bin\x64\Debug\net472\VideoOS.Administration.WpfControls.UnitTests.dll" adapterTypeName="executor://mstestadapter/v2" className="VideoOS.Administration.WpfControls.UnitTests.Login.ChangePasswordThreadTests" name="Construct_InvalidParam_UriHandler_Throws_ArgumentNullException" />
    </UnitTest>
    <UnitTest name="Convert_Parameters_Culture_NullTest" storage="d:\actions-runner\_work\xpco\xpco\corporate\videoos.administration.wpfcontrols.unittests\bin\x64\debug\net472\videoos.administration.wpfcontrols.unittests.dll" id="715c3fb5-e8c4-f4e7-60d5-661edd5e9ff2">
      <Owners>
        <Owner name="lsk" />
      </Owners>
      <Execution id="fc4d7206-cbeb-4310-b59f-8f7312a9b58d" />
      <TestMethod codeBase="D:\actions-runner\_work\XPCO\XPCO\Corporate\VideoOS.Administration.WpfControls.UnitTests\bin\x64\Debug\net472\VideoOS.Administration.WpfControls.UnitTests.dll" adapterTypeName="executor://mstestadapter/v2" className="VideoOS.Administration.WpfControls.UnitTests.Wizards.MoveHardware.StorageRetentionTimeToStringValueConverterTest" name="Convert_Parameters_Culture_NullTest" />
    </UnitTest>
    <UnitTest name="NavigatingTo_CheckPreselectedHardwareAvailable_False_NavigationNotCancelled" storage="d:\actions-runner\_work\xpco\xpco\corporate\videoos.administration.wpfcontrols.unittests\bin\x64\debug\net472\videoos.administration.wpfcontrols.unittests.dll" id="4297edd0-ea25-2c93-5896-2a1a6adde731">
      <Execution id="7a406593-8d40-4b33-a18a-ba5b380abb1a" />
      <TestMethod codeBase="D:\actions-runner\_work\XPCO\XPCO\Corporate\VideoOS.Administration.WpfControls.UnitTests\bin\x64\Debug\net472\VideoOS.Administration.WpfControls.UnitTests.dll" adapterTypeName="executor://mstestadapter/v2" className="VideoOS.Administration.WpfControls.UnitTests.Wizards.UpdateFirmware.ViewModel.PageViewModelFirmwareUpdatePreValidationTest" name="NavigatingTo_CheckPreselectedHardwareAvailable_False_NavigationNotCancelled" />
    </UnitTest>
    <UnitTest name="HandledVmoAccessTests_PermissionCheckerHasPermissionUnknownPermissionType" storage="d:\actions-runner\_work\xpco\xpco\corporate\videoos.administration.wpfcontrols.unittests\bin\x64\debug\net472\videoos.administration.wpfcontrols.unittests.dll" id="aa257481-7107-af51-2127-9f782d0ea362">
      <Execution id="d055d270-eb07-4fb4-a343-a4ba6238f2c9" />
      <TestMethod codeBase="D:\actions-runner\_work\XPCO\XPCO\Corporate\VideoOS.Administration.WpfControls.UnitTests\bin\x64\Debug\net472\VideoOS.Administration.WpfControls.UnitTests.dll" adapterTypeName="executor://mstestadapter/v2" className="VideoOS.Administration.WpfControls.UnitTests.SystemMonitorEventThresholds.HandledVmoAccessTests" name="HandledVmoAccessTests_PermissionCheckerHasPermissionUnknownPermissionType" />
    </UnitTest>
    <UnitTest name="ConvertNonMatchingTypeThrows" storage="d:\actions-runner\_work\xpco\xpco\corporate\videoos.administration.wpfcontrols.unittests\bin\x64\debug\net472\videoos.administration.wpfcontrols.unittests.dll" id="8d1690cd-845e-c64a-906e-0495db86469d">
      <Execution id="dcee43c8-2de5-47aa-9109-15659f338242" />
      <TestMethod codeBase="D:\actions-runner\_work\XPCO\XPCO\Corporate\VideoOS.Administration.WpfControls.UnitTests\bin\x64\Debug\net472\VideoOS.Administration.WpfControls.UnitTests.dll" adapterTypeName="executor://mstestadapter/v2" className="VideoOS.Administration.WpfControls.UnitTests.HardwareSetupDialog.Converters.EmptyStringToVisibilityConverterUnitTests" name="ConvertNonMatchingTypeThrows" />
    </UnitTest>
    <UnitTest name="SortBaseCommon_GetHashCode_SameInstanceTest" storage="d:\actions-runner\_work\xpco\xpco\corporate\videoos.administration.wpfcontrols.unittests\bin\x64\debug\net472\videoos.administration.wpfcontrols.unittests.dll" id="330a6592-9d67-3ad1-4438-fa0fdc79e747">
      <Owners>
        <Owner name="lsk" />
      </Owners>
      <Execution id="9b332800-0737-408b-9e91-d96b82933bc9" />
      <TestMethod codeBase="D:\actions-runner\_work\XPCO\XPCO\Corporate\VideoOS.Administration.WpfControls.UnitTests\bin\x64\Debug\net472\VideoOS.Administration.WpfControls.UnitTests.dll" adapterTypeName="executor://mstestadapter/v2" className="VideoOS.Administration.WpfControls.UnitTests.Mvvm.Sort.SimpleSortTest" name="SortBaseCommon_GetHashCode_SameInstanceTest" />
    </UnitTest>
    <UnitTest name="AllHardwareSelected_Event_ToAllSelectedTest" storage="d:\actions-runner\_work\xpco\xpco\corporate\videoos.administration.wpfcontrols.unittests\bin\x64\debug\net472\videoos.administration.wpfcontrols.unittests.dll" id="bbab526a-2997-fda8-ef27-7976db3b3548">
      <Owners>
        <Owner name="max" />
      </Owners>
      <Execution id="e3ef7c4c-8eb3-4a82-94d7-619ce1cd4fab" />
      <TestMethod codeBase="D:\actions-runner\_work\XPCO\XPCO\Corporate\VideoOS.Administration.WpfControls.UnitTests\bin\x64\Debug\net472\VideoOS.Administration.WpfControls.UnitTests.dll" adapterTypeName="executor://mstestadapter/v2" className="VideoOS.Administration.WpfControls.UnitTests.Wizards.ChangeHardwarePassword.PageViewModelHardwareSelectionTest" name="AllHardwareSelected_Event_ToAllSelectedTest" />
    </UnitTest>
    <UnitTest name="Convert_Null_Input_Throws_ArgumentNullException" storage="d:\actions-runner\_work\xpco\xpco\corporate\videoos.administration.wpfcontrols.unittests\bin\x64\debug\net472\videoos.administration.wpfcontrols.unittests.dll" id="27640dd7-cec7-e8a0-420e-6a7df2a9f742">
      <Execution id="84de7de0-03ff-431e-b0e2-60a27d45034a" />
      <TestMethod codeBase="D:\actions-runner\_work\XPCO\XPCO\Corporate\VideoOS.Administration.WpfControls.UnitTests\bin\x64\Debug\net472\VideoOS.Administration.WpfControls.UnitTests.dll" adapterTypeName="executor://mstestadapter/v2" className="VideoOS.Administration.WpfControls.UnitTests.Wizards.ChangeHardwarePassword.MultilineToSingleLineTextConverterUnitTests" name="Convert_Null_Input_Throws_ArgumentNullException" />
    </UnitTest>
    <UnitTest name="Constructor_DataNotChangedDuringConstructionTest" storage="d:\actions-runner\_work\xpco\xpco\corporate\videoos.administration.wpfcontrols.unittests\bin\x64\debug\net472\videoos.administration.wpfcontrols.unittests.dll" id="75fe98fc-516d-22c1-693a-fc7afe43a666">
      <Owners>
        <Owner name="max" />
      </Owners>
      <Execution id="0c6444b2-e830-4fa7-b8a0-a47941b2bc30" />
      <TestMethod codeBase="D:\actions-runner\_work\XPCO\XPCO\Corporate\VideoOS.Administration.WpfControls.UnitTests\bin\x64\Debug\net472\VideoOS.Administration.WpfControls.UnitTests.dll" adapterTypeName="executor://mstestadapter/v2" className="VideoOS.Administration.WpfControls.UnitTests.Wizards.ChangeHardwarePassword.PageViewModelHardwareSelectionTest" name="Constructor_DataNotChangedDuringConstructionTest" />
    </UnitTest>
    <UnitTest name="ConvertBack_InvalidOperationTest" storage="d:\actions-runner\_work\xpco\xpco\corporate\videoos.administration.wpfcontrols.unittests\bin\x64\debug\net472\videoos.administration.wpfcontrols.unittests.dll" id="af068063-1e36-aadb-516f-c956a5b2eb3a">
      <Owners>
        <Owner name="lsk" />
      </Owners>
      <Execution id="706b69a5-7228-4732-8aaf-49cbbf81baa7" />
      <TestMethod codeBase="D:\actions-runner\_work\XPCO\XPCO\Corporate\VideoOS.Administration.WpfControls.UnitTests\bin\x64\Debug\net472\VideoOS.Administration.WpfControls.UnitTests.dll" adapterTypeName="executor://mstestadapter/v2" className="VideoOS.Administration.WpfControls.UnitTests.Wizards.MoveHardware.StorageRetentionTimeToStringValueConverterTest" name="ConvertBack_InvalidOperationTest" />
    </UnitTest>
    <UnitTest name="PreviousCommand_CanExecute_PageValidTest" storage="d:\actions-runner\_work\xpco\xpco\corporate\videoos.administration.wpfcontrols.unittests\bin\x64\debug\net472\videoos.administration.wpfcontrols.unittests.dll" id="5dd5edd7-3345-9904-745a-e934358e427e">
      <Owners>
        <Owner name="lsk" />
      </Owners>
      <Execution id="bb206ab8-5838-4e43-b374-139521cd6773" />
      <TestMethod codeBase="D:\actions-runner\_work\XPCO\XPCO\Corporate\VideoOS.Administration.WpfControls.UnitTests\bin\x64\Debug\net472\VideoOS.Administration.WpfControls.UnitTests.dll" adapterTypeName="executor://mstestadapter/v2" className="VideoOS.Administration.WpfControls.UnitTests.Wizards.Common.WizardBaseViewModelTest" name="PreviousCommand_CanExecute_PageValidTest" />
    </UnitTest>
    <UnitTest name="Constructor_NullDataTest" storage="d:\actions-runner\_work\xpco\xpco\corporate\videoos.administration.wpfcontrols.unittests\bin\x64\debug\net472\videoos.administration.wpfcontrols.unittests.dll" id="6a97428c-8eb0-bb31-623f-f4be79763f79">
      <Execution id="d1783f63-962e-4c95-9027-1c6531cfe651" />
      <TestMethod codeBase="D:\actions-runner\_work\XPCO\XPCO\Corporate\VideoOS.Administration.WpfControls.UnitTests\bin\x64\Debug\net472\VideoOS.Administration.WpfControls.UnitTests.dll" adapterTypeName="executor://mstestadapter/v2" className="VideoOS.Administration.WpfControls.UnitTests.Wizards.UpdateFirmware.ViewModel.PageViewModelFirmwareUpdatePreValidationTest" name="Constructor_NullDataTest" />
    </UnitTest>
    <UnitTest name="Convert_OneWarning" storage="d:\actions-runner\_work\xpco\xpco\corporate\videoos.administration.wpfcontrols.unittests\bin\x64\debug\net472\videoos.administration.wpfcontrols.unittests.dll" id="0eb75c3b-8e8a-4e39-9512-fb3daf4d64f9">
      <Execution id="5db07af4-73aa-4174-a286-8bf522850828" />
      <TestMethod codeBase="D:\actions-runner\_work\XPCO\XPCO\Corporate\VideoOS.Administration.WpfControls.UnitTests\bin\x64\Debug\net472\VideoOS.Administration.WpfControls.UnitTests.dll" adapterTypeName="executor://mstestadapter/v2" className="VideoOS.Administration.WpfControls.UnitTests.Wizards.ChangeHardwarePassword.WarningsToStringConverterTest" name="Convert_OneWarning" />
    </UnitTest>
    <UnitTest name="SetSelectedAuthenticationInfo_PutsCurrentUserName_OnWindowsUser" storage="d:\actions-runner\_work\xpco\xpco\corporate\videoos.administration.wpfcontrols.unittests\bin\x64\debug\net472\videoos.administration.wpfcontrols.unittests.dll" id="60b2fb76-1f7c-0185-7819-0149d16632d1">
      <TestCategory>
        <TestCategoryItem TestCategory="VideoOS Administration" />
      </TestCategory>
      <Execution id="388c6cc1-746b-4569-a91d-8cbf2a55f1f2" />
      <TestMethod codeBase="D:\actions-runner\_work\XPCO\XPCO\Corporate\VideoOS.Administration.WpfControls.UnitTests\bin\x64\Debug\net472\VideoOS.Administration.WpfControls.UnitTests.dll" adapterTypeName="executor://mstestadapter/v2" className="VideoOS.Administration.WpfControls.UnitTests.Login.ServerLogOnModelTests" name="SetSelectedAuthenticationInfo_PutsCurrentUserName_OnWindowsUser" />
    </UnitTest>
    <UnitTest name="Constructor_DataNotChangedDuringConstructionTest" storage="d:\actions-runner\_work\xpco\xpco\corporate\videoos.administration.wpfcontrols.unittests\bin\x64\debug\net472\videoos.administration.wpfcontrols.unittests.dll" id="2d398707-f3c7-b329-c56c-f225f5231c79">
      <Owners>
        <Owner name="ale" />
      </Owners>
      <Execution id="91fba2e5-1fcf-4a0c-ba69-10293fc8b832" />
      <TestMethod codeBase="D:\actions-runner\_work\XPCO\XPCO\Corporate\VideoOS.Administration.WpfControls.UnitTests\bin\x64\Debug\net472\VideoOS.Administration.WpfControls.UnitTests.dll" adapterTypeName="executor://mstestadapter/v2" className="VideoOS.Administration.WpfControls.UnitTests.Wizards.UpdateFirmware.ViewModel.PageViewModelFirmwareUpdateTest" name="Constructor_DataNotChangedDuringConstructionTest" />
    </UnitTest>
    <UnitTest name="NavigatingTo_PreSelection_SingleItemTest" storage="d:\actions-runner\_work\xpco\xpco\corporate\videoos.administration.wpfcontrols.unittests\bin\x64\debug\net472\videoos.administration.wpfcontrols.unittests.dll" id="e092cd93-1a0e-046f-31a3-b117e9be9e3a">
      <Owners>
        <Owner name="lsk" />
      </Owners>
      <Execution id="c17e5fd6-4619-4a1b-9ee5-2aaa73552692" />
      <TestMethod codeBase="D:\actions-runner\_work\XPCO\XPCO\Corporate\VideoOS.Administration.WpfControls.UnitTests\bin\x64\Debug\net472\VideoOS.Administration.WpfControls.UnitTests.dll" adapterTypeName="executor://mstestadapter/v2" className="VideoOS.Administration.WpfControls.UnitTests.Wizards.MoveHardware.PageViewModelDestinationStorageSelectionTest" name="NavigatingTo_PreSelection_SingleItemTest" />
    </UnitTest>
    <UnitTest name="Convert_IsNullOrEmpty_Empty_Input_Returns_TrueResult" storage="d:\actions-runner\_work\xpco\xpco\corporate\videoos.administration.wpfcontrols.unittests\bin\x64\debug\net472\videoos.administration.wpfcontrols.unittests.dll" id="4a6f6063-0772-7b40-a6f3-a9b96658f054">
      <Execution id="add67148-8f51-4409-afd2-6bbad1463356" />
      <TestMethod codeBase="D:\actions-runner\_work\XPCO\XPCO\Corporate\VideoOS.Administration.WpfControls.UnitTests\bin\x64\Debug\net472\VideoOS.Administration.WpfControls.UnitTests.dll" adapterTypeName="executor://mstestadapter/v2" className="VideoOS.Administration.WpfControls.UnitTests.Mvvm.Converters.StringMethodResultConverterUnitTests" name="Convert_IsNullOrEmpty_Empty_Input_Returns_TrueResult" />
    </UnitTest>
    <UnitTest name="Convert_ArgumentNullException" storage="d:\actions-runner\_work\xpco\xpco\corporate\videoos.administration.wpfcontrols.unittests\bin\x64\debug\net472\videoos.administration.wpfcontrols.unittests.dll" id="13e72a3c-242f-c9a0-e821-31819510ec88">
      <Execution id="00dceba3-13cd-4c68-8ff0-08dbcc14d6df" />
      <TestMethod codeBase="D:\actions-runner\_work\XPCO\XPCO\Corporate\VideoOS.Administration.WpfControls.UnitTests\bin\x64\Debug\net472\VideoOS.Administration.WpfControls.UnitTests.dll" adapterTypeName="executor://mstestadapter/v2" className="VideoOS.Administration.WpfControls.UnitTests.Wizards.MoveHardware.WarningsToStringConverterTest" name="Convert_ArgumentNullException" />
    </UnitTest>
    <UnitTest name="HandledVmoAccessTests_PermissionCheckerHasPermissionReturnsFalseIfPermissionNotGiven" storage="d:\actions-runner\_work\xpco\xpco\corporate\videoos.administration.wpfcontrols.unittests\bin\x64\debug\net472\videoos.administration.wpfcontrols.unittests.dll" id="8e71200d-df01-dada-6f36-750785024a6f">
      <Execution id="2e31d5b6-8215-4bd8-b2ea-23aaebb8f8c8" />
      <TestMethod codeBase="D:\actions-runner\_work\XPCO\XPCO\Corporate\VideoOS.Administration.WpfControls.UnitTests\bin\x64\Debug\net472\VideoOS.Administration.WpfControls.UnitTests.dll" adapterTypeName="executor://mstestadapter/v2" className="VideoOS.Administration.WpfControls.UnitTests.SystemMonitorEventThresholds.HandledVmoAccessTests" name="HandledVmoAccessTests_PermissionCheckerHasPermissionReturnsFalseIfPermissionNotGiven" />
    </UnitTest>
    <UnitTest name="Convert_Error_ValuesNullTest" storage="d:\actions-runner\_work\xpco\xpco\corporate\videoos.administration.wpfcontrols.unittests\bin\x64\debug\net472\videoos.administration.wpfcontrols.unittests.dll" id="8c12d516-213b-dfde-f45d-95d82a29988d">
      <Owners>
        <Owner name="lsk" />
      </Owners>
      <Execution id="86324b08-b14e-4291-b7d1-6cdad475c628" />
      <TestMethod codeBase="D:\actions-runner\_work\XPCO\XPCO\Corporate\VideoOS.Administration.WpfControls.UnitTests\bin\x64\Debug\net472\VideoOS.Administration.WpfControls.UnitTests.dll" adapterTypeName="executor://mstestadapter/v2" className="VideoOS.Administration.WpfControls.UnitTests.Wizards.MoveHardware.StorageUsageSummaryMultiValueConverterTest" name="Convert_Error_ValuesNullTest" />
    </UnitTest>
    <UnitTest name="UpdateSelection_EmptySelectionTest" storage="d:\actions-runner\_work\xpco\xpco\corporate\videoos.administration.wpfcontrols.unittests\bin\x64\debug\net472\videoos.administration.wpfcontrols.unittests.dll" id="159786b5-8ca2-5538-8bd6-da5b1fadbc39">
      <Owners>
        <Owner name="lsk" />
      </Owners>
      <Execution id="e4be5e30-0977-4bd8-a8e9-546cc4905971" />
      <TestMethod codeBase="D:\actions-runner\_work\XPCO\XPCO\Corporate\VideoOS.Administration.WpfControls.UnitTests\bin\x64\Debug\net472\VideoOS.Administration.WpfControls.UnitTests.dll" adapterTypeName="executor://mstestadapter/v2" className="VideoOS.Administration.WpfControls.UnitTests.Wizards.MoveHardware.PageViewModelHardwareSelectionTest" name="UpdateSelection_EmptySelectionTest" />
    </UnitTest>
    <UnitTest name="CalcuateNewColumnWidths_Absolute_With_MaxPercentage" storage="d:\actions-runner\_work\xpco\xpco\corporate\videoos.administration.wpfcontrols.unittests\bin\x64\debug\net472\videoos.administration.wpfcontrols.unittests.dll" id="00f09470-13ff-0e0f-d8d8-3fd767f928a8">
      <Execution id="3784e113-2750-4be7-b17f-d9d476ec7d39" />
      <TestMethod codeBase="D:\actions-runner\_work\XPCO\XPCO\Corporate\VideoOS.Administration.WpfControls.UnitTests\bin\x64\Debug\net472\VideoOS.Administration.WpfControls.UnitTests.dll" adapterTypeName="executor://mstestadapter/v2" className="VideoOS.Administration.WpfControls.UnitTests.Mvvm.InitialColumnSizingUnitTests" name="CalcuateNewColumnWidths_Absolute_With_MaxPercentage" />
    </UnitTest>
    <UnitTest name="EmptyStringConvertsToCollapsed" storage="d:\actions-runner\_work\xpco\xpco\corporate\videoos.administration.wpfcontrols.unittests\bin\x64\debug\net472\videoos.administration.wpfcontrols.unittests.dll" id="b00a1104-8e5f-1bfe-1c29-5c9fc9765e2f">
      <Execution id="7ea9dd47-8e0c-46bb-b838-d1495b58bfdd" />
      <TestMethod codeBase="D:\actions-runner\_work\XPCO\XPCO\Corporate\VideoOS.Administration.WpfControls.UnitTests\bin\x64\Debug\net472\VideoOS.Administration.WpfControls.UnitTests.dll" adapterTypeName="executor://mstestadapter/v2" className="VideoOS.Administration.WpfControls.UnitTests.HardwareSetupDialog.Converters.NotEmptyStringToVisibilityConverterUnitTests" name="EmptyStringConvertsToCollapsed" />
    </UnitTest>
    <UnitTest name="Convert_NoWarnings" storage="d:\actions-runner\_work\xpco\xpco\corporate\videoos.administration.wpfcontrols.unittests\bin\x64\debug\net472\videoos.administration.wpfcontrols.unittests.dll" id="05006594-990d-68ac-9c2d-401d5805c4f6">
      <Execution id="441d2453-4c92-451a-80f4-b9b3011dad0a" />
      <TestMethod codeBase="D:\actions-runner\_work\XPCO\XPCO\Corporate\VideoOS.Administration.WpfControls.UnitTests\bin\x64\Debug\net472\VideoOS.Administration.WpfControls.UnitTests.dll" adapterTypeName="executor://mstestadapter/v2" className="VideoOS.Administration.WpfControls.UnitTests.Wizards.ChangeHardwarePassword.WarningsToStringConverterTest" name="Convert_NoWarnings" />
    </UnitTest>
    <UnitTest name="AllHardwareSelected_Update_AllSelectedTest" storage="d:\actions-runner\_work\xpco\xpco\corporate\videoos.administration.wpfcontrols.unittests\bin\x64\debug\net472\videoos.administration.wpfcontrols.unittests.dll" id="f9949e6c-cac8-3282-3d3f-006dec82f846">
      <Owners>
        <Owner name="lsk" />
      </Owners>
      <Execution id="10f8653b-e673-4d49-b2ab-ed38a8e5f69a" />
      <TestMethod codeBase="D:\actions-runner\_work\XPCO\XPCO\Corporate\VideoOS.Administration.WpfControls.UnitTests\bin\x64\Debug\net472\VideoOS.Administration.WpfControls.UnitTests.dll" adapterTypeName="executor://mstestadapter/v2" className="VideoOS.Administration.WpfControls.UnitTests.Wizards.MoveHardware.PageViewModelHardwareSelectionTest" name="AllHardwareSelected_Update_AllSelectedTest" />
    </UnitTest>
    <UnitTest name="SetSelectedAuthenticationInfo_PutsCurrentUserName_OnWindowsDefault" storage="d:\actions-runner\_work\xpco\xpco\corporate\videoos.administration.wpfcontrols.unittests\bin\x64\debug\net472\videoos.administration.wpfcontrols.unittests.dll" id="19393c5b-2a25-7bde-cfee-ac08ffbeecbb">
      <TestCategory>
        <TestCategoryItem TestCategory="VideoOS Administration" />
      </TestCategory>
      <Execution id="6e94833c-31b0-4832-a646-ceb26139f1b3" />
      <TestMethod codeBase="D:\actions-runner\_work\XPCO\XPCO\Corporate\VideoOS.Administration.WpfControls.UnitTests\bin\x64\Debug\net472\VideoOS.Administration.WpfControls.UnitTests.dll" adapterTypeName="executor://mstestadapter/v2" className="VideoOS.Administration.WpfControls.UnitTests.Login.ServerLogOnModelTests" name="SetSelectedAuthenticationInfo_PutsCurrentUserName_OnWindowsDefault" />
    </UnitTest>
    <UnitTest name="AllHardwareSelected_Set_TrueTest" storage="d:\actions-runner\_work\xpco\xpco\corporate\videoos.administration.wpfcontrols.unittests\bin\x64\debug\net472\videoos.administration.wpfcontrols.unittests.dll" id="8ba5c093-ea32-1a1c-20d9-dc37a6af84f6">
      <Owners>
        <Owner name="max" />
      </Owners>
      <Execution id="5cb142c9-7aa1-4800-8026-372e0abce048" />
      <TestMethod codeBase="D:\actions-runner\_work\XPCO\XPCO\Corporate\VideoOS.Administration.WpfControls.UnitTests\bin\x64\Debug\net472\VideoOS.Administration.WpfControls.UnitTests.dll" adapterTypeName="executor://mstestadapter/v2" className="VideoOS.Administration.WpfControls.UnitTests.Wizards.ChangeHardwarePassword.PageViewModelHardwareSelectionTest" name="AllHardwareSelected_Set_TrueTest" />
    </UnitTest>
    <UnitTest name="PreviousCommand_NavigationCallbacks_SourceTest" storage="d:\actions-runner\_work\xpco\xpco\corporate\videoos.administration.wpfcontrols.unittests\bin\x64\debug\net472\videoos.administration.wpfcontrols.unittests.dll" id="707b3396-9b7a-a91b-fb63-5aabb6aa993e">
      <Owners>
        <Owner name="lsk" />
      </Owners>
      <Execution id="e88bd911-03e8-4661-8eb1-f1d0c0a85598" />
      <TestMethod codeBase="D:\actions-runner\_work\XPCO\XPCO\Corporate\VideoOS.Administration.WpfControls.UnitTests\bin\x64\Debug\net472\VideoOS.Administration.WpfControls.UnitTests.dll" adapterTypeName="executor://mstestadapter/v2" className="VideoOS.Administration.WpfControls.UnitTests.Wizards.Common.WizardBaseViewModelTest" name="PreviousCommand_NavigationCallbacks_SourceTest" />
    </UnitTest>
    <UnitTest name="NullValueThrows" storage="d:\actions-runner\_work\xpco\xpco\corporate\videoos.administration.wpfcontrols.unittests\bin\x64\debug\net472\videoos.administration.wpfcontrols.unittests.dll" id="f44f2dd5-a7ab-d096-2a3f-e1665e7a38f9">
      <Execution id="602b0fde-51e9-477c-b2f5-7f9e27e2f97d" />
      <TestMethod codeBase="D:\actions-runner\_work\XPCO\XPCO\Corporate\VideoOS.Administration.WpfControls.UnitTests\bin\x64\Debug\net472\VideoOS.Administration.WpfControls.UnitTests.dll" adapterTypeName="executor://mstestadapter/v2" className="VideoOS.Administration.WpfControls.UnitTests.HardwareSetupDialog.Converters.StatusToVisibilityConverterUnitTests" name="NullValueThrows" />
    </UnitTest>
    <UnitTest name="Constructor_HandlerNullTest" storage="d:\actions-runner\_work\xpco\xpco\corporate\videoos.administration.wpfcontrols.unittests\bin\x64\debug\net472\videoos.administration.wpfcontrols.unittests.dll" id="27f37032-be8c-42b9-79f8-c52edc12b636">
      <Owners>
        <Owner name="ale" />
      </Owners>
      <Execution id="c8c8a7a8-d42f-4886-a0af-402139ec825f" />
      <TestMethod codeBase="D:\actions-runner\_work\XPCO\XPCO\Corporate\VideoOS.Administration.WpfControls.UnitTests\bin\x64\Debug\net472\VideoOS.Administration.WpfControls.UnitTests.dll" adapterTypeName="executor://mstestadapter/v2" className="VideoOS.Administration.WpfControls.UnitTests.Wizards.UpdateFirmware.ViewModel.WizardFirmwareUpdateViewModelTest" name="Constructor_HandlerNullTest" />
    </UnitTest>
    <UnitTest name="Convert_InvalidMethodEnum_Throws_InvalidOperationException" storage="d:\actions-runner\_work\xpco\xpco\corporate\videoos.administration.wpfcontrols.unittests\bin\x64\debug\net472\videoos.administration.wpfcontrols.unittests.dll" id="e911694b-fe96-0fb6-9301-42b585cbc388">
      <Execution id="0518ff34-5cd3-48d1-bdfd-07a3af84865a" />
      <TestMethod codeBase="D:\actions-runner\_work\XPCO\XPCO\Corporate\VideoOS.Administration.WpfControls.UnitTests\bin\x64\Debug\net472\VideoOS.Administration.WpfControls.UnitTests.dll" adapterTypeName="executor://mstestadapter/v2" className="VideoOS.Administration.WpfControls.UnitTests.Mvvm.Converters.ExceptiontoStringConverterUnitTests" name="Convert_InvalidMethodEnum_Throws_InvalidOperationException" />
    </UnitTest>
    <UnitTest name="NextCommand_CanExecute_PageInvalidTest" storage="d:\actions-runner\_work\xpco\xpco\corporate\videoos.administration.wpfcontrols.unittests\bin\x64\debug\net472\videoos.administration.wpfcontrols.unittests.dll" id="aafdc42a-ff16-1366-784e-915ed789f48b">
      <Owners>
        <Owner name="lsk" />
      </Owners>
      <Execution id="e4405e90-ff58-4956-92cd-6d3ee0bcc371" />
      <TestMethod codeBase="D:\actions-runner\_work\XPCO\XPCO\Corporate\VideoOS.Administration.WpfControls.UnitTests\bin\x64\Debug\net472\VideoOS.Administration.WpfControls.UnitTests.dll" adapterTypeName="executor://mstestadapter/v2" className="VideoOS.Administration.WpfControls.UnitTests.Wizards.Common.WizardBaseViewModelTest" name="NextCommand_CanExecute_PageInvalidTest" />
    </UnitTest>
    <UnitTest name="AuthorizeThread_Constructor_NullConnectionManager_Throws_ArgumentNullException" storage="d:\actions-runner\_work\xpco\xpco\corporate\videoos.administration.wpfcontrols.unittests\bin\x64\debug\net472\videoos.administration.wpfcontrols.unittests.dll" id="16d85b62-693e-78e6-6445-152d2a3ccb8f">
      <TestCategory>
        <TestCategoryItem TestCategory="VideoOS Administration" />
      </TestCategory>
      <Execution id="113882eb-39e3-4ba2-b57e-5a4371c40839" />
      <TestMethod codeBase="D:\actions-runner\_work\XPCO\XPCO\Corporate\VideoOS.Administration.WpfControls.UnitTests\bin\x64\Debug\net472\VideoOS.Administration.WpfControls.UnitTests.dll" adapterTypeName="executor://mstestadapter/v2" className="VideoOS.Administration.WpfControls.UnitTests.Login.AuthorizeThreadTests" name="AuthorizeThread_Constructor_NullConnectionManager_Throws_ArgumentNullException" />
    </UnitTest>
    <UnitTest name="Convert_Negative_HoursTest" storage="d:\actions-runner\_work\xpco\xpco\corporate\videoos.administration.wpfcontrols.unittests\bin\x64\debug\net472\videoos.administration.wpfcontrols.unittests.dll" id="5c3abe48-e255-bf5f-e62f-6c920d08143b">
      <Owners>
        <Owner name="lsk" />
      </Owners>
      <Execution id="6765b3c6-1eef-4001-9c5c-ad95323d0e15" />
      <TestMethod codeBase="D:\actions-runner\_work\XPCO\XPCO\Corporate\VideoOS.Administration.WpfControls.UnitTests\bin\x64\Debug\net472\VideoOS.Administration.WpfControls.UnitTests.dll" adapterTypeName="executor://mstestadapter/v2" className="VideoOS.Administration.WpfControls.UnitTests.Wizards.MoveHardware.StorageRetentionTimeToStringValueConverterTest" name="Convert_Negative_HoursTest" />
    </UnitTest>
    <UnitTest name="Convert_Error_ValuesTooShortTest" storage="d:\actions-runner\_work\xpco\xpco\corporate\videoos.administration.wpfcontrols.unittests\bin\x64\debug\net472\videoos.administration.wpfcontrols.unittests.dll" id="2d30d128-9f15-2775-2d44-d26e75f0ffcf">
      <Owners>
        <Owner name="lsk" />
      </Owners>
      <Execution id="ee031c8a-5ec9-4c6c-878c-8865570e4429" />
      <TestMethod codeBase="D:\actions-runner\_work\XPCO\XPCO\Corporate\VideoOS.Administration.WpfControls.UnitTests\bin\x64\Debug\net472\VideoOS.Administration.WpfControls.UnitTests.dll" adapterTypeName="executor://mstestadapter/v2" className="VideoOS.Administration.WpfControls.UnitTests.Wizards.MoveHardware.StorageUsageSummaryMultiValueConverterTest" name="Convert_Error_ValuesTooShortTest" />
    </UnitTest>
    <UnitTest name="State_Loading_NextCommand_SourcePageNavigatingAwayTest" storage="d:\actions-runner\_work\xpco\xpco\corporate\videoos.administration.wpfcontrols.unittests\bin\x64\debug\net472\videoos.administration.wpfcontrols.unittests.dll" id="16341a76-2443-d715-3ba2-b0f79160d644">
      <Owners>
        <Owner name="lsk" />
      </Owners>
      <Execution id="cfe7ba7b-f2a9-4a31-a6cf-6870f75c6da3" />
      <TestMethod codeBase="D:\actions-runner\_work\XPCO\XPCO\Corporate\VideoOS.Administration.WpfControls.UnitTests\bin\x64\Debug\net472\VideoOS.Administration.WpfControls.UnitTests.dll" adapterTypeName="executor://mstestadapter/v2" className="VideoOS.Administration.WpfControls.UnitTests.Wizards.Common.WizardBaseViewModelTest" name="State_Loading_NextCommand_SourcePageNavigatingAwayTest" />
    </UnitTest>
    <UnitTest name="Validate_WithPasswordManualEntry_RequiresUppercase_Succeeds" storage="d:\actions-runner\_work\xpco\xpco\corporate\videoos.administration.wpfcontrols.unittests\bin\x64\debug\net472\videoos.administration.wpfcontrols.unittests.dll" id="748f99ad-bd43-9fee-62d3-8667030a21c6">
      <Owners>
        <Owner name="max" />
      </Owners>
      <Execution id="50e64db0-9f7c-4333-ac27-873f90d32990" />
      <TestMethod codeBase="D:\actions-runner\_work\XPCO\XPCO\Corporate\VideoOS.Administration.WpfControls.UnitTests\bin\x64\Debug\net472\VideoOS.Administration.WpfControls.UnitTests.dll" adapterTypeName="executor://mstestadapter/v2" className="VideoOS.Administration.WpfControls.UnitTests.Wizards.ChangeHardwarePassword.PageViewModelChangeHardwarePasswordTest" name="Validate_WithPasswordManualEntry_RequiresUppercase_Succeeds" />
    </UnitTest>
    <UnitTest name="State_Loading_NextCommand_DestinationPageNavigatingToTest" storage="d:\actions-runner\_work\xpco\xpco\corporate\videoos.administration.wpfcontrols.unittests\bin\x64\debug\net472\videoos.administration.wpfcontrols.unittests.dll" id="b84c992a-265b-65ae-f8b1-90682b7ab9ba">
      <Owners>
        <Owner name="lsk" />
      </Owners>
      <Execution id="7037ac26-4a6b-4437-a461-aee56a8dd45f" />
      <TestMethod codeBase="D:\actions-runner\_work\XPCO\XPCO\Corporate\VideoOS.Administration.WpfControls.UnitTests\bin\x64\Debug\net472\VideoOS.Administration.WpfControls.UnitTests.dll" adapterTypeName="executor://mstestadapter/v2" className="VideoOS.Administration.WpfControls.UnitTests.Wizards.Common.WizardBaseViewModelTest" name="State_Loading_NextCommand_DestinationPageNavigatingToTest" />
    </UnitTest>
    <UnitTest name="ConvertBack_InvalidOperationException" storage="d:\actions-runner\_work\xpco\xpco\corporate\videoos.administration.wpfcontrols.unittests\bin\x64\debug\net472\videoos.administration.wpfcontrols.unittests.dll" id="81fc5d04-ff3c-abbf-fbee-43c8a11cc278">
      <Execution id="6bb9c7ae-f633-4339-8ecb-1692174fbe86" />
      <TestMethod codeBase="D:\actions-runner\_work\XPCO\XPCO\Corporate\VideoOS.Administration.WpfControls.UnitTests\bin\x64\Debug\net472\VideoOS.Administration.WpfControls.UnitTests.dll" adapterTypeName="executor://mstestadapter/v2" className="VideoOS.Administration.WpfControls.UnitTests.Wizards.MoveHardware.StatusToSingleValueConverterTest" name="ConvertBack_InvalidOperationException" />
    </UnitTest>
    <UnitTest name="ColumnWidthSpec_Relative_NaNWidth_Throws_ArgumentException" storage="d:\actions-runner\_work\xpco\xpco\corporate\videoos.administration.wpfcontrols.unittests\bin\x64\debug\net472\videoos.administration.wpfcontrols.unittests.dll" id="670c0c9d-a69d-2b1c-b2d6-b2df8a52a93e">
      <Execution id="fb48bf51-8be4-4efe-b59b-9bb560dc7844" />
      <TestMethod codeBase="D:\actions-runner\_work\XPCO\XPCO\Corporate\VideoOS.Administration.WpfControls.UnitTests\bin\x64\Debug\net472\VideoOS.Administration.WpfControls.UnitTests.dll" adapterTypeName="executor://mstestadapter/v2" className="VideoOS.Administration.WpfControls.UnitTests.Mvvm.InitialColumnSizingUnitTests" name="ColumnWidthSpec_Relative_NaNWidth_Throws_ArgumentException" />
    </UnitTest>
    <UnitTest name="TreeItemSelectionTracker_Success" storage="d:\actions-runner\_work\xpco\xpco\corporate\videoos.administration.wpfcontrols.unittests\bin\x64\debug\net472\videoos.administration.wpfcontrols.unittests.dll" id="955c47d6-8ac6-0b17-4842-e74668ca6925">
      <TestCategory>
        <TestCategoryItem TestCategory="SystemMonitorEventThresholds" />
      </TestCategory>
      <Execution id="b17bab14-04bf-40aa-bd5c-684417b63cb3" />
      <TestMethod codeBase="D:\actions-runner\_work\XPCO\XPCO\Corporate\VideoOS.Administration.WpfControls.UnitTests\bin\x64\Debug\net472\VideoOS.Administration.WpfControls.UnitTests.dll" adapterTypeName="executor://mstestadapter/v2" className="VideoOS.Administration.WpfControls.UnitTests.SystemMonitorEventThresholds.ViewModel.AdvancedThreshold.TreeItemSelectionTrackerTests" name="TreeItemSelectionTracker_Success" />
    </UnitTest>
    <UnitTest name="NextCommand_CommandInvalidated_PageStatusChanged_ValidToInvalidTest" storage="d:\actions-runner\_work\xpco\xpco\corporate\videoos.administration.wpfcontrols.unittests\bin\x64\debug\net472\videoos.administration.wpfcontrols.unittests.dll" id="015c009d-a1ab-5548-9cab-ca192818ed74">
      <Owners>
        <Owner name="lsk" />
      </Owners>
      <Execution id="ce9b61d6-342c-4a6c-b27d-2ad264762b9e" />
      <TestMethod codeBase="D:\actions-runner\_work\XPCO\XPCO\Corporate\VideoOS.Administration.WpfControls.UnitTests\bin\x64\Debug\net472\VideoOS.Administration.WpfControls.UnitTests.dll" adapterTypeName="executor://mstestadapter/v2" className="VideoOS.Administration.WpfControls.UnitTests.Wizards.Common.WizardBaseViewModelTest" name="NextCommand_CommandInvalidated_PageStatusChanged_ValidToInvalidTest" />
    </UnitTest>
    <UnitTest name="Convert_Parameters_Value_InvalidTypeTest" storage="d:\actions-runner\_work\xpco\xpco\corporate\videoos.administration.wpfcontrols.unittests\bin\x64\debug\net472\videoos.administration.wpfcontrols.unittests.dll" id="af6d329e-c0fe-8203-7f45-d4fc3a03cf6a">
      <Owners>
        <Owner name="lsk" />
      </Owners>
      <Execution id="139f7750-1099-4266-85a7-22d7144fd7ca" />
      <TestMethod codeBase="D:\actions-runner\_work\XPCO\XPCO\Corporate\VideoOS.Administration.WpfControls.UnitTests\bin\x64\Debug\net472\VideoOS.Administration.WpfControls.UnitTests.dll" adapterTypeName="executor://mstestadapter/v2" className="VideoOS.Administration.WpfControls.UnitTests.Wizards.MoveHardware.StorageRetentionTimeToStringValueConverterTest" name="Convert_Parameters_Value_InvalidTypeTest" />
    </UnitTest>
    <UnitTest name="Convert_Hours_PluralTest" storage="d:\actions-runner\_work\xpco\xpco\corporate\videoos.administration.wpfcontrols.unittests\bin\x64\debug\net472\videoos.administration.wpfcontrols.unittests.dll" id="c214c92d-08f2-c472-b48f-133a7864d295">
      <Owners>
        <Owner name="lsk" />
      </Owners>
      <Execution id="41772513-642c-4458-9f0b-1af568e04d2d" />
      <TestMethod codeBase="D:\actions-runner\_work\XPCO\XPCO\Corporate\VideoOS.Administration.WpfControls.UnitTests\bin\x64\Debug\net472\VideoOS.Administration.WpfControls.UnitTests.dll" adapterTypeName="executor://mstestadapter/v2" className="VideoOS.Administration.WpfControls.UnitTests.Wizards.MoveHardware.StorageRetentionTimeToStringValueConverterTest" name="Convert_Hours_PluralTest" />
    </UnitTest>
    <UnitTest name="Convert_Days_SecondsOffsetTest" storage="d:\actions-runner\_work\xpco\xpco\corporate\videoos.administration.wpfcontrols.unittests\bin\x64\debug\net472\videoos.administration.wpfcontrols.unittests.dll" id="2a9a7830-d83b-38ec-9983-96e0294553ee">
      <Owners>
        <Owner name="lsk" />
      </Owners>
      <Execution id="51b3b9b9-3d0c-418e-a527-f922f7c0c31d" />
      <TestMethod codeBase="D:\actions-runner\_work\XPCO\XPCO\Corporate\VideoOS.Administration.WpfControls.UnitTests\bin\x64\Debug\net472\VideoOS.Administration.WpfControls.UnitTests.dll" adapterTypeName="executor://mstestadapter/v2" className="VideoOS.Administration.WpfControls.UnitTests.Wizards.MoveHardware.StorageRetentionTimeToStringValueConverterTest" name="Convert_Days_SecondsOffsetTest" />
    </UnitTest>
    <UnitTest name="ConvertBack_InvalidOperationException" storage="d:\actions-runner\_work\xpco\xpco\corporate\videoos.administration.wpfcontrols.unittests\bin\x64\debug\net472\videoos.administration.wpfcontrols.unittests.dll" id="66e8dfc4-b1c2-0239-1605-db951eadea20">
      <Execution id="bbb3d8c0-1190-4bfc-addf-11181335b512" />
      <TestMethod codeBase="D:\actions-runner\_work\XPCO\XPCO\Corporate\VideoOS.Administration.WpfControls.UnitTests\bin\x64\Debug\net472\VideoOS.Administration.WpfControls.UnitTests.dll" adapterTypeName="executor://mstestadapter/v2" className="VideoOS.Administration.WpfControls.UnitTests.Wizards.UpdateFirmware.View.Converters.WarningToStringConverterTest" name="ConvertBack_InvalidOperationException" />
    </UnitTest>
    <UnitTest name="ThresholdLevelHeightMultiValueConverter_InvalidMaxThreshold" storage="d:\actions-runner\_work\xpco\xpco\corporate\videoos.administration.wpfcontrols.unittests\bin\x64\debug\net472\videoos.administration.wpfcontrols.unittests.dll" id="8d63a4e5-4a61-29fb-40d6-95f5542c60ab">
      <TestCategory>
        <TestCategoryItem TestCategory="SystemMonitorEventThresholds" />
      </TestCategory>
      <Execution id="944bfd79-9f52-49a5-98d1-f7b66384689f" />
      <TestMethod codeBase="D:\actions-runner\_work\XPCO\XPCO\Corporate\VideoOS.Administration.WpfControls.UnitTests\bin\x64\Debug\net472\VideoOS.Administration.WpfControls.UnitTests.dll" adapterTypeName="executor://mstestadapter/v2" className="VideoOS.Administration.WpfControls.UnitTests.SystemMonitorEventThresholds.Converters.ThresholdConverterTests" name="ThresholdLevelHeightMultiValueConverter_InvalidMaxThreshold" />
    </UnitTest>
    <UnitTest name="AuthenticationTypes_EnabledDefaultValues_Success" storage="d:\actions-runner\_work\xpco\xpco\corporate\videoos.administration.wpfcontrols.unittests\bin\x64\debug\net472\videoos.administration.wpfcontrols.unittests.dll" id="47036bbc-a6ea-5ffd-1bf1-0123489c2851">
      <TestCategory>
        <TestCategoryItem TestCategory="VideoOS Administration" />
      </TestCategory>
      <Execution id="c817fd7c-ce64-4a9b-9b1f-9fe33c601a9b" />
      <TestMethod codeBase="D:\actions-runner\_work\XPCO\XPCO\Corporate\VideoOS.Administration.WpfControls.UnitTests\bin\x64\Debug\net472\VideoOS.Administration.WpfControls.UnitTests.dll" adapterTypeName="executor://mstestadapter/v2" className="VideoOS.Administration.WpfControls.UnitTests.Login.ServerLogOnModelTests" name="AuthenticationTypes_EnabledDefaultValues_Success" />
    </UnitTest>
    <UnitTest name="NavigatingTo_PreSelection_WizardDataHasPriorityTest" storage="d:\actions-runner\_work\xpco\xpco\corporate\videoos.administration.wpfcontrols.unittests\bin\x64\debug\net472\videoos.administration.wpfcontrols.unittests.dll" id="0995b69f-16b6-3067-e57d-07f8151c9a3b">
      <Owners>
        <Owner name="lsk" />
      </Owners>
      <Execution id="b77dfb74-4700-458a-9cfc-4152556c7192" />
      <TestMethod codeBase="D:\actions-runner\_work\XPCO\XPCO\Corporate\VideoOS.Administration.WpfControls.UnitTests\bin\x64\Debug\net472\VideoOS.Administration.WpfControls.UnitTests.dll" adapterTypeName="executor://mstestadapter/v2" className="VideoOS.Administration.WpfControls.UnitTests.Wizards.MoveHardware.PageViewModelDestinationStorageSelectionTest" name="NavigatingTo_PreSelection_WizardDataHasPriorityTest" />
    </UnitTest>
    <UnitTest name="UpdateSelection_DeselectSamePhysicalHardwareTest" storage="d:\actions-runner\_work\xpco\xpco\corporate\videoos.administration.wpfcontrols.unittests\bin\x64\debug\net472\videoos.administration.wpfcontrols.unittests.dll" id="0613022e-3267-9d07-db4b-b388716298e9">
      <Owners>
        <Owner name="max" />
      </Owners>
      <Execution id="bddcc31b-943e-45e9-a578-08d8d34724c4" />
      <TestMethod codeBase="D:\actions-runner\_work\XPCO\XPCO\Corporate\VideoOS.Administration.WpfControls.UnitTests\bin\x64\Debug\net472\VideoOS.Administration.WpfControls.UnitTests.dll" adapterTypeName="executor://mstestadapter/v2" className="VideoOS.Administration.WpfControls.UnitTests.Wizards.ChangeHardwarePassword.PageViewModelHardwareSelectionTest" name="UpdateSelection_DeselectSamePhysicalHardwareTest" />
    </UnitTest>
    <UnitTest name="Convert_MultipleWarnings" storage="d:\actions-runner\_work\xpco\xpco\corporate\videoos.administration.wpfcontrols.unittests\bin\x64\debug\net472\videoos.administration.wpfcontrols.unittests.dll" id="17777076-9388-63f2-7e41-e8411bd30918">
      <Execution id="9f9eacd7-5932-4c51-89b8-0205ccb6ea57" />
      <TestMethod codeBase="D:\actions-runner\_work\XPCO\XPCO\Corporate\VideoOS.Administration.WpfControls.UnitTests\bin\x64\Debug\net472\VideoOS.Administration.WpfControls.UnitTests.dll" adapterTypeName="executor://mstestadapter/v2" className="VideoOS.Administration.WpfControls.UnitTests.Wizards.UpdateFirmware.View.Converters.WarningToStringConverterTest" name="Convert_MultipleWarnings" />
    </UnitTest>
    <UnitTest name="Constructor_NullDataTest" storage="d:\actions-runner\_work\xpco\xpco\corporate\videoos.administration.wpfcontrols.unittests\bin\x64\debug\net472\videoos.administration.wpfcontrols.unittests.dll" id="0673af61-aaed-8bb0-d7ec-7b3f461ad8fe">
      <Owners>
        <Owner name="lsk" />
      </Owners>
      <Execution id="870b4e2b-db8a-401c-ae63-afb2b99dd70a" />
      <TestMethod codeBase="D:\actions-runner\_work\XPCO\XPCO\Corporate\VideoOS.Administration.WpfControls.UnitTests\bin\x64\Debug\net472\VideoOS.Administration.WpfControls.UnitTests.dll" adapterTypeName="executor://mstestadapter/v2" className="VideoOS.Administration.WpfControls.UnitTests.Wizards.MoveHardware.PageViewModelHardwareSelectionTest" name="Constructor_NullDataTest" />
    </UnitTest>
    <UnitTest name="Convert_Error_TargetTypeTest" storage="d:\actions-runner\_work\xpco\xpco\corporate\videoos.administration.wpfcontrols.unittests\bin\x64\debug\net472\videoos.administration.wpfcontrols.unittests.dll" id="aa8093d9-4c39-a42c-dda7-99dfcab5a8f4">
      <Owners>
        <Owner name="lsk" />
      </Owners>
      <Execution id="55ce705e-419e-47ff-88a0-c5da7fc0e228" />
      <TestMethod codeBase="D:\actions-runner\_work\XPCO\XPCO\Corporate\VideoOS.Administration.WpfControls.UnitTests\bin\x64\Debug\net472\VideoOS.Administration.WpfControls.UnitTests.dll" adapterTypeName="executor://mstestadapter/v2" className="VideoOS.Administration.WpfControls.UnitTests.Wizards.MoveHardware.UsagePercentageMultiValueConverterTest" name="Convert_Error_TargetTypeTest" />
    </UnitTest>
    <UnitTest name="Convert_ArgumentNullException" storage="d:\actions-runner\_work\xpco\xpco\corporate\videoos.administration.wpfcontrols.unittests\bin\x64\debug\net472\videoos.administration.wpfcontrols.unittests.dll" id="01c0bec4-2e67-e9ed-ad20-95a0e008ce45">
      <Execution id="2a278ee8-2b27-4798-9054-8a1694417a9d" />
      <TestMethod codeBase="D:\actions-runner\_work\XPCO\XPCO\Corporate\VideoOS.Administration.WpfControls.UnitTests\bin\x64\Debug\net472\VideoOS.Administration.WpfControls.UnitTests.dll" adapterTypeName="executor://mstestadapter/v2" className="VideoOS.Administration.WpfControls.UnitTests.Wizards.ChangeHardwarePassword.StatusToSingleValueConverterTest" name="Convert_ArgumentNullException" />
    </UnitTest>
    <UnitTest name="UpdateSelection_SelectUnsupportedHardwareTest" storage="d:\actions-runner\_work\xpco\xpco\corporate\videoos.administration.wpfcontrols.unittests\bin\x64\debug\net472\videoos.administration.wpfcontrols.unittests.dll" id="e0edef12-1cb4-857a-12f0-1b58e1a20b13">
      <Owners>
        <Owner name="max" />
      </Owners>
      <Execution id="25691976-8c7f-4cf1-b6b9-04492568edf9" />
      <TestMethod codeBase="D:\actions-runner\_work\XPCO\XPCO\Corporate\VideoOS.Administration.WpfControls.UnitTests\bin\x64\Debug\net472\VideoOS.Administration.WpfControls.UnitTests.dll" adapterTypeName="executor://mstestadapter/v2" className="VideoOS.Administration.WpfControls.UnitTests.Wizards.ChangeHardwarePassword.PageViewModelHardwareSelectionTest" name="UpdateSelection_SelectUnsupportedHardwareTest" />
    </UnitTest>
    <UnitTest name="NavigatingTo_CheckPreselectedHardwareAvailable_False_NavigationNotCancelled" storage="d:\actions-runner\_work\xpco\xpco\corporate\videoos.administration.wpfcontrols.unittests\bin\x64\debug\net472\videoos.administration.wpfcontrols.unittests.dll" id="c2b13c5f-cc4b-224a-1f38-1a8335f078e1">
      <Execution id="64013602-1d92-4d14-a336-72b9c9391159" />
      <TestMethod codeBase="D:\actions-runner\_work\XPCO\XPCO\Corporate\VideoOS.Administration.WpfControls.UnitTests\bin\x64\Debug\net472\VideoOS.Administration.WpfControls.UnitTests.dll" adapterTypeName="executor://mstestadapter/v2" className="VideoOS.Administration.WpfControls.UnitTests.Wizards.MoveHardware.ViewModel.PageViewModelPreValidationTest" name="NavigatingTo_CheckPreselectedHardwareAvailable_False_NavigationNotCancelled" />
    </UnitTest>
    <UnitTest name="LogOnThread_Constructor_NullConnectionManager_Throws_ArgumentNullException" storage="d:\actions-runner\_work\xpco\xpco\corporate\videoos.administration.wpfcontrols.unittests\bin\x64\debug\net472\videoos.administration.wpfcontrols.unittests.dll" id="01e18ebd-932a-0505-37e9-eb60c880d1b1">
      <TestCategory>
        <TestCategoryItem TestCategory="VideoOS Administration" />
      </TestCategory>
      <Execution id="5402eb96-2c6b-4e3c-bef7-75494472d12d" />
      <TestMethod codeBase="D:\actions-runner\_work\XPCO\XPCO\Corporate\VideoOS.Administration.WpfControls.UnitTests\bin\x64\Debug\net472\VideoOS.Administration.WpfControls.UnitTests.dll" adapterTypeName="executor://mstestadapter/v2" className="VideoOS.Administration.WpfControls.UnitTests.Login.LogOnThreadTests" name="LogOnThread_Constructor_NullConnectionManager_Throws_ArgumentNullException" />
    </UnitTest>
    <UnitTest name="Constructor_NullDataTest" storage="d:\actions-runner\_work\xpco\xpco\corporate\videoos.administration.wpfcontrols.unittests\bin\x64\debug\net472\videoos.administration.wpfcontrols.unittests.dll" id="8af5a4ee-949f-cc1e-1ec9-dd44ada4b249">
      <Owners>
        <Owner name="max" />
      </Owners>
      <Execution id="3174ea70-778f-40f8-a2a2-7b38c9272b05" />
      <TestMethod codeBase="D:\actions-runner\_work\XPCO\XPCO\Corporate\VideoOS.Administration.WpfControls.UnitTests\bin\x64\Debug\net472\VideoOS.Administration.WpfControls.UnitTests.dll" adapterTypeName="executor://mstestadapter/v2" className="VideoOS.Administration.WpfControls.UnitTests.Wizards.ChangeHardwarePassword.PageViewModelChangeHardwarePasswordProgressTest" name="Constructor_NullDataTest" />
    </UnitTest>
    <UnitTest name="SystemDashboard_LookupCalculationBufferMax_Success" storage="d:\actions-runner\_work\xpco\xpco\corporate\videoos.administration.wpfcontrols.unittests\bin\x64\debug\net472\videoos.administration.wpfcontrols.unittests.dll" id="73990d43-3dbd-c498-8d88-f54a52856eed">
      <Execution id="de8fd667-717e-4dc8-848a-48cf175561c8" />
      <TestMethod codeBase="D:\actions-runner\_work\XPCO\XPCO\Corporate\VideoOS.Administration.WpfControls.UnitTests\bin\x64\Debug\net472\VideoOS.Administration.WpfControls.UnitTests.dll" adapterTypeName="executor://mstestadapter/v2" className="VideoOS.Administration.WpfControls.UnitTests.SystemMonitorEventThresholds.ViewModel.SystemDashboard_PerformanceStateRuleConfigurationHelperTest" name="SystemDashboard_LookupCalculationBufferMax_Success" />
    </UnitTest>
    <UnitTest name="ScheduleNextRun_CalledThreeTimes_DoesNotCreateMultipleThreads_RaisesEventOnSiteWorking_AfterWaitingForTimeout_Success" storage="d:\actions-runner\_work\xpco\xpco\corporate\videoos.administration.wpfcontrols.unittests\bin\x64\debug\net472\videoos.administration.wpfcontrols.unittests.dll" id="0059c220-7153-d6d7-686e-c5a3330c7f1a">
      <TestCategory>
        <TestCategoryItem TestCategory="VideoOS Administration" />
      </TestCategory>
      <Execution id="de0bd2ed-740c-46cf-b8a8-79ec84d1cec8" />
      <TestMethod codeBase="D:\actions-runner\_work\XPCO\XPCO\Corporate\VideoOS.Administration.WpfControls.UnitTests\bin\x64\Debug\net472\VideoOS.Administration.WpfControls.UnitTests.dll" adapterTypeName="executor://mstestadapter/v2" className="VideoOS.Administration.WpfControls.UnitTests.Login.ChangePasswordThreadTests" name="ScheduleNextRun_CalledThreeTimes_DoesNotCreateMultipleThreads_RaisesEventOnSiteWorking_AfterWaitingForTimeout_Success" />
    </UnitTest>
    <UnitTest name="Equality_NotEqual_DifferentPropertyTest" storage="d:\actions-runner\_work\xpco\xpco\corporate\videoos.administration.wpfcontrols.unittests\bin\x64\debug\net472\videoos.administration.wpfcontrols.unittests.dll" id="20bb65eb-1990-f346-b4df-bcadf313c09d">
      <Owners>
        <Owner name="lsk" />
      </Owners>
      <Execution id="f6829c28-dc0a-4512-8f43-a56219ef43cf" />
      <TestMethod codeBase="D:\actions-runner\_work\XPCO\XPCO\Corporate\VideoOS.Administration.WpfControls.UnitTests\bin\x64\Debug\net472\VideoOS.Administration.WpfControls.UnitTests.dll" adapterTypeName="executor://mstestadapter/v2" className="VideoOS.Administration.WpfControls.UnitTests.Mvvm.Sort.SimpleSortWithFallbackTest" name="Equality_NotEqual_DifferentPropertyTest" />
    </UnitTest>
    <UnitTest name="AllHardwareSelected_Set_NullTest" storage="d:\actions-runner\_work\xpco\xpco\corporate\videoos.administration.wpfcontrols.unittests\bin\x64\debug\net472\videoos.administration.wpfcontrols.unittests.dll" id="903b7330-cb31-061c-da48-0a66f654dfcd">
      <Owners>
        <Owner name="max" />
      </Owners>
      <Execution id="fbe4633f-7038-490c-a611-73a36c41cc4c" />
      <TestMethod codeBase="D:\actions-runner\_work\XPCO\XPCO\Corporate\VideoOS.Administration.WpfControls.UnitTests\bin\x64\Debug\net472\VideoOS.Administration.WpfControls.UnitTests.dll" adapterTypeName="executor://mstestadapter/v2" className="VideoOS.Administration.WpfControls.UnitTests.Wizards.ChangeHardwarePassword.PageViewModelHardwareSelectionTest" name="AllHardwareSelected_Set_NullTest" />
    </UnitTest>
    <UnitTest name="NavigatingTo_AvailableHardware_HardwarePopulatedTest" storage="d:\actions-runner\_work\xpco\xpco\corporate\videoos.administration.wpfcontrols.unittests\bin\x64\debug\net472\videoos.administration.wpfcontrols.unittests.dll" id="33e6ddae-9fc0-1d68-7bf1-8134b126ed37">
      <Owners>
        <Owner name="lsk" />
      </Owners>
      <Execution id="c5f59135-c37e-47f1-9001-7e37c5ede0a5" />
      <TestMethod codeBase="D:\actions-runner\_work\XPCO\XPCO\Corporate\VideoOS.Administration.WpfControls.UnitTests\bin\x64\Debug\net472\VideoOS.Administration.WpfControls.UnitTests.dll" adapterTypeName="executor://mstestadapter/v2" className="VideoOS.Administration.WpfControls.UnitTests.Wizards.MoveHardware.PageViewModelHardwareSelectionTest" name="NavigatingTo_AvailableHardware_HardwarePopulatedTest" />
    </UnitTest>
    <UnitTest name="NextCommand_CommandInvalidated_PageStatusChanged_BusyToValidTest" storage="d:\actions-runner\_work\xpco\xpco\corporate\videoos.administration.wpfcontrols.unittests\bin\x64\debug\net472\videoos.administration.wpfcontrols.unittests.dll" id="c41778f6-12d9-875f-db8c-4a9ec0db51cd">
      <Owners>
        <Owner name="lsk" />
      </Owners>
      <Execution id="319af3ca-41b0-4350-ae78-14c363feb665" />
      <TestMethod codeBase="D:\actions-runner\_work\XPCO\XPCO\Corporate\VideoOS.Administration.WpfControls.UnitTests\bin\x64\Debug\net472\VideoOS.Administration.WpfControls.UnitTests.dll" adapterTypeName="executor://mstestadapter/v2" className="VideoOS.Administration.WpfControls.UnitTests.Wizards.Common.WizardBaseViewModelTest" name="NextCommand_CommandInvalidated_PageStatusChanged_BusyToValidTest" />
    </UnitTest>
    <UnitTest name="Constructor_DataNullTest" storage="d:\actions-runner\_work\xpco\xpco\corporate\videoos.administration.wpfcontrols.unittests\bin\x64\debug\net472\videoos.administration.wpfcontrols.unittests.dll" id="39c8e53a-73cf-d170-1747-bf84e9ddd436">
      <Owners>
        <Owner name="lsk" />
      </Owners>
      <Execution id="32a05397-b470-4e5f-8950-e83d1580a520" />
      <TestMethod codeBase="D:\actions-runner\_work\XPCO\XPCO\Corporate\VideoOS.Administration.WpfControls.UnitTests\bin\x64\Debug\net472\VideoOS.Administration.WpfControls.UnitTests.dll" adapterTypeName="executor://mstestadapter/v2" className="VideoOS.Administration.WpfControls.UnitTests.Wizards.MoveHardware.PageViewModelDestinationStorageSelectionTest" name="Constructor_DataNullTest" />
    </UnitTest>
    <UnitTest name="ConvertNonMatchingType" storage="d:\actions-runner\_work\xpco\xpco\corporate\videoos.administration.wpfcontrols.unittests\bin\x64\debug\net472\videoos.administration.wpfcontrols.unittests.dll" id="5ff12909-3484-abe3-4d4e-8b5fe5dde4dc">
      <Execution id="caf90b3c-f380-40e3-a67c-f2600fc42e3b" />
      <TestMethod codeBase="D:\actions-runner\_work\XPCO\XPCO\Corporate\VideoOS.Administration.WpfControls.UnitTests\bin\x64\Debug\net472\VideoOS.Administration.WpfControls.UnitTests.dll" adapterTypeName="executor://mstestadapter/v2" className="VideoOS.Administration.WpfControls.UnitTests.Mvvm.Converters.BoolToCollapsedConverterUnitTests" name="ConvertNonMatchingType" />
    </UnitTest>
    <UnitTest name="UpdateSelection_PreSelectSamePhysicalHardwareTest" storage="d:\actions-runner\_work\xpco\xpco\corporate\videoos.administration.wpfcontrols.unittests\bin\x64\debug\net472\videoos.administration.wpfcontrols.unittests.dll" id="3bf964e8-c5a6-3fe1-f316-c11f44c28a62">
      <Owners>
        <Owner name="max" />
      </Owners>
      <Execution id="94ca7f75-0fab-4362-a649-30a1f1e2a6b1" />
      <TestMethod codeBase="D:\actions-runner\_work\XPCO\XPCO\Corporate\VideoOS.Administration.WpfControls.UnitTests\bin\x64\Debug\net472\VideoOS.Administration.WpfControls.UnitTests.dll" adapterTypeName="executor://mstestadapter/v2" className="VideoOS.Administration.WpfControls.UnitTests.Wizards.ChangeHardwarePassword.PageViewModelHardwareSelectionTest" name="UpdateSelection_PreSelectSamePhysicalHardwareTest" />
    </UnitTest>
    <UnitTest name="NextCommand_CommandInvalidated_PageStatusChanged_InvalidToValidTest" storage="d:\actions-runner\_work\xpco\xpco\corporate\videoos.administration.wpfcontrols.unittests\bin\x64\debug\net472\videoos.administration.wpfcontrols.unittests.dll" id="70a14d5f-3546-0e27-fa10-5401ae9b66ba">
      <Owners>
        <Owner name="lsk" />
      </Owners>
      <Execution id="9a515a6c-65b5-428f-87fb-6e752039fb9f" />
      <TestMethod codeBase="D:\actions-runner\_work\XPCO\XPCO\Corporate\VideoOS.Administration.WpfControls.UnitTests\bin\x64\Debug\net472\VideoOS.Administration.WpfControls.UnitTests.dll" adapterTypeName="executor://mstestadapter/v2" className="VideoOS.Administration.WpfControls.UnitTests.Wizards.Common.WizardBaseViewModelTest" name="NextCommand_CommandInvalidated_PageStatusChanged_InvalidToValidTest" />
    </UnitTest>
    <UnitTest name="ScaleThresholdSliderViewModel_Binding_Test_Success" storage="d:\actions-runner\_work\xpco\xpco\corporate\videoos.administration.wpfcontrols.unittests\bin\x64\debug\net472\videoos.administration.wpfcontrols.unittests.dll" id="5e6badfc-f3b8-371e-4624-1d766d3da195">
      <TestCategory>
        <TestCategoryItem TestCategory="SystemMonitorEventThresholds" />
      </TestCategory>
      <Execution id="51435153-224b-43ba-a616-340457e66ea2" />
      <TestMethod codeBase="D:\actions-runner\_work\XPCO\XPCO\Corporate\VideoOS.Administration.WpfControls.UnitTests\bin\x64\Debug\net472\VideoOS.Administration.WpfControls.UnitTests.dll" adapterTypeName="executor://mstestadapter/v2" className="VideoOS.Administration.WpfControls.UnitTests.SystemMonitorEventThresholds.ViewModel.Slider.ScaleThresholdSliderViewModelTests" name="ScaleThresholdSliderViewModel_Binding_Test_Success" />
    </UnitTest>
    <UnitTest name="Convert_Seconds_UnderMinuteTest" storage="d:\actions-runner\_work\xpco\xpco\corporate\videoos.administration.wpfcontrols.unittests\bin\x64\debug\net472\videoos.administration.wpfcontrols.unittests.dll" id="16e3fee0-cbf2-422e-e9b5-7f637108b5d6">
      <Owners>
        <Owner name="lsk" />
      </Owners>
      <Execution id="41614ff8-b7ca-4516-aa29-194b21881ac4" />
      <TestMethod codeBase="D:\actions-runner\_work\XPCO\XPCO\Corporate\VideoOS.Administration.WpfControls.UnitTests\bin\x64\Debug\net472\VideoOS.Administration.WpfControls.UnitTests.dll" adapterTypeName="executor://mstestadapter/v2" className="VideoOS.Administration.WpfControls.UnitTests.Wizards.MoveHardware.StorageRetentionTimeToStringValueConverterTest" name="Convert_Seconds_UnderMinuteTest" />
    </UnitTest>
    <UnitTest name="SortBaseCommon_Equality_SortBase_DifferentObjectsTest" storage="d:\actions-runner\_work\xpco\xpco\corporate\videoos.administration.wpfcontrols.unittests\bin\x64\debug\net472\videoos.administration.wpfcontrols.unittests.dll" id="b19b7300-d6a4-f3ea-792c-67e734ad2662">
      <Owners>
        <Owner name="lsk" />
      </Owners>
      <Execution id="03e1ab3c-4e65-4a0f-b1aa-2a4901c8ba9f" />
      <TestMethod codeBase="D:\actions-runner\_work\XPCO\XPCO\Corporate\VideoOS.Administration.WpfControls.UnitTests\bin\x64\Debug\net472\VideoOS.Administration.WpfControls.UnitTests.dll" adapterTypeName="executor://mstestadapter/v2" className="VideoOS.Administration.WpfControls.UnitTests.Mvvm.Sort.SimpleSortTest" name="SortBaseCommon_Equality_SortBase_DifferentObjectsTest" />
    </UnitTest>
    <UnitTest name="PermissionCheckedCollectionWillBeFaultedIfPermissionDenied" storage="d:\actions-runner\_work\xpco\xpco\corporate\videoos.administration.wpfcontrols.unittests\bin\x64\debug\net472\videoos.administration.wpfcontrols.unittests.dll" id="720a4b77-94da-26bc-9892-109d89307339">
      <Execution id="1cbb53e1-ecd6-4b1e-8120-9a549ca1ae53" />
      <TestMethod codeBase="D:\actions-runner\_work\XPCO\XPCO\Corporate\VideoOS.Administration.WpfControls.UnitTests\bin\x64\Debug\net472\VideoOS.Administration.WpfControls.UnitTests.dll" adapterTypeName="executor://mstestadapter/v2" className="VideoOS.Administration.WpfControls.UnitTests.SystemMonitorEventThresholds.HandledVmoAccessTests" name="PermissionCheckedCollectionWillBeFaultedIfPermissionDenied" />
    </UnitTest>
    <UnitTest name="InitialFocus_SetEnabled_FrameworkElement_True_Focus_Called" storage="d:\actions-runner\_work\xpco\xpco\corporate\videoos.administration.wpfcontrols.unittests\bin\x64\debug\net472\videoos.administration.wpfcontrols.unittests.dll" id="42e3ec46-8434-fb59-57e1-2b220e65a4e0">
      <Execution id="35356b96-1cc7-4e82-8579-b064cc1b18dc" />
      <TestMethod codeBase="D:\actions-runner\_work\XPCO\XPCO\Corporate\VideoOS.Administration.WpfControls.UnitTests\bin\x64\Debug\net472\VideoOS.Administration.WpfControls.UnitTests.dll" adapterTypeName="executor://mstestadapter/v2" className="VideoOS.Administration.WpfControls.UnitTests.Mvvm.InitialFocusUnitTest" name="InitialFocus_SetEnabled_FrameworkElement_True_Focus_Called" />
    </UnitTest>
    <UnitTest name="NavigatingTo_PreSelection_UnknownRecorderInDataTest" storage="d:\actions-runner\_work\xpco\xpco\corporate\videoos.administration.wpfcontrols.unittests\bin\x64\debug\net472\videoos.administration.wpfcontrols.unittests.dll" id="c53dea0a-9e9a-1893-c261-9cab4c7c3dae">
      <Owners>
        <Owner name="lsk" />
      </Owners>
      <Execution id="5214e209-4a2e-43fa-b470-66f1cf5f9e39" />
      <TestMethod codeBase="D:\actions-runner\_work\XPCO\XPCO\Corporate\VideoOS.Administration.WpfControls.UnitTests\bin\x64\Debug\net472\VideoOS.Administration.WpfControls.UnitTests.dll" adapterTypeName="executor://mstestadapter/v2" className="VideoOS.Administration.WpfControls.UnitTests.Wizards.MoveHardware.PageViewModelDestinationStorageSelectionTest" name="NavigatingTo_PreSelection_UnknownRecorderInDataTest" />
    </UnitTest>
    <UnitTest name="NextCommand_NavigationCallbacks_DestinationTest" storage="d:\actions-runner\_work\xpco\xpco\corporate\videoos.administration.wpfcontrols.unittests\bin\x64\debug\net472\videoos.administration.wpfcontrols.unittests.dll" id="a31b0106-6089-033a-915d-3ed2fd2d699b">
      <Owners>
        <Owner name="lsk" />
      </Owners>
      <Execution id="1294aaee-c316-4b5b-93a3-7fa48ca73096" />
      <TestMethod codeBase="D:\actions-runner\_work\XPCO\XPCO\Corporate\VideoOS.Administration.WpfControls.UnitTests\bin\x64\Debug\net472\VideoOS.Administration.WpfControls.UnitTests.dll" adapterTypeName="executor://mstestadapter/v2" className="VideoOS.Administration.WpfControls.UnitTests.Wizards.Common.WizardBaseViewModelTest" name="NextCommand_NavigationCallbacks_DestinationTest" />
    </UnitTest>
    <UnitTest name="NavigatingTo_NoChecksFail_HardwareSelected_NavigationCancelled" storage="d:\actions-runner\_work\xpco\xpco\corporate\videoos.administration.wpfcontrols.unittests\bin\x64\debug\net472\videoos.administration.wpfcontrols.unittests.dll" id="4ea48667-d983-3405-935a-eef2a514b591">
      <Execution id="c0db08fc-7a35-482f-b4e1-680fb6326ce9" />
      <TestMethod codeBase="D:\actions-runner\_work\XPCO\XPCO\Corporate\VideoOS.Administration.WpfControls.UnitTests\bin\x64\Debug\net472\VideoOS.Administration.WpfControls.UnitTests.dll" adapterTypeName="executor://mstestadapter/v2" className="VideoOS.Administration.WpfControls.UnitTests.Wizards.UpdateFirmware.ViewModel.PageViewModelFirmwareUpdatePreValidationTest" name="NavigatingTo_NoChecksFail_HardwareSelected_NavigationCancelled" />
    </UnitTest>
    <UnitTest name="SortBaseCommon_Reverse_ReverseOfReverseTest" storage="d:\actions-runner\_work\xpco\xpco\corporate\videoos.administration.wpfcontrols.unittests\bin\x64\debug\net472\videoos.administration.wpfcontrols.unittests.dll" id="add2eaed-7f68-7c19-41cd-e1df9d8acf43">
      <Owners>
        <Owner name="lsk" />
      </Owners>
      <Execution id="e8d2cb3d-ed49-44b9-9f2b-efdfeeffcbb4" />
      <TestMethod codeBase="D:\actions-runner\_work\XPCO\XPCO\Corporate\VideoOS.Administration.WpfControls.UnitTests\bin\x64\Debug\net472\VideoOS.Administration.WpfControls.UnitTests.dll" adapterTypeName="executor://mstestadapter/v2" className="VideoOS.Administration.WpfControls.UnitTests.Mvvm.Sort.SimpleSortTest" name="SortBaseCommon_Reverse_ReverseOfReverseTest" />
    </UnitTest>
    <UnitTest name="NavigatingTo_ExceptionHandling_OtherException_FindHardwareThrowsTest" storage="d:\actions-runner\_work\xpco\xpco\corporate\videoos.administration.wpfcontrols.unittests\bin\x64\debug\net472\videoos.administration.wpfcontrols.unittests.dll" id="bab771ff-13a5-b51d-4601-65f5e8e2a03c">
      <Owners>
        <Owner name="lsk" />
      </Owners>
      <Execution id="2e2e70ca-dbf3-48f8-ad9a-ce5c8f358f91" />
      <TestMethod codeBase="D:\actions-runner\_work\XPCO\XPCO\Corporate\VideoOS.Administration.WpfControls.UnitTests\bin\x64\Debug\net472\VideoOS.Administration.WpfControls.UnitTests.dll" adapterTypeName="executor://mstestadapter/v2" className="VideoOS.Administration.WpfControls.UnitTests.Wizards.MoveHardware.PageViewModelHardwareSelectionTest" name="NavigatingTo_ExceptionHandling_OtherException_FindHardwareThrowsTest" />
    </UnitTest>
    <UnitTest name="Convert_UsageOnly_AvailableZeroTest" storage="d:\actions-runner\_work\xpco\xpco\corporate\videoos.administration.wpfcontrols.unittests\bin\x64\debug\net472\videoos.administration.wpfcontrols.unittests.dll" id="1ea25282-4842-2678-a991-ae47cd37bd8c">
      <Owners>
        <Owner name="lsk" />
      </Owners>
      <Execution id="96c4a65e-d703-41ce-95f4-32936a35313e" />
      <TestMethod codeBase="D:\actions-runner\_work\XPCO\XPCO\Corporate\VideoOS.Administration.WpfControls.UnitTests\bin\x64\Debug\net472\VideoOS.Administration.WpfControls.UnitTests.dll" adapterTypeName="executor://mstestadapter/v2" className="VideoOS.Administration.WpfControls.UnitTests.Wizards.MoveHardware.StorageUsageSummaryMultiValueConverterTest" name="Convert_UsageOnly_AvailableZeroTest" />
    </UnitTest>
    <UnitTest name="Convert_NewLines_Only_Gives_Empty_Output" storage="d:\actions-runner\_work\xpco\xpco\corporate\videoos.administration.wpfcontrols.unittests\bin\x64\debug\net472\videoos.administration.wpfcontrols.unittests.dll" id="dcb345bb-2a81-cf82-a922-e9b8e68f9b28">
      <Execution id="26cdb0c2-195a-4b5b-a0c5-c3eef3feb3f5" />
      <TestMethod codeBase="D:\actions-runner\_work\XPCO\XPCO\Corporate\VideoOS.Administration.WpfControls.UnitTests\bin\x64\Debug\net472\VideoOS.Administration.WpfControls.UnitTests.dll" adapterTypeName="executor://mstestadapter/v2" className="VideoOS.Administration.WpfControls.UnitTests.Wizards.ChangeHardwarePassword.MultilineToSingleLineTextConverterUnitTests" name="Convert_NewLines_Only_Gives_Empty_Output" />
    </UnitTest>
    <UnitTest name="Constructor_NullPropertyTest" storage="d:\actions-runner\_work\xpco\xpco\corporate\videoos.administration.wpfcontrols.unittests\bin\x64\debug\net472\videoos.administration.wpfcontrols.unittests.dll" id="ddc799a4-a3b8-dc7a-53c1-7d8f32c294c9">
      <Owners>
        <Owner name="lsk" />
      </Owners>
      <Execution id="cac3af23-5a12-4f7a-8dc9-49a6d7f0370c" />
      <TestMethod codeBase="D:\actions-runner\_work\XPCO\XPCO\Corporate\VideoOS.Administration.WpfControls.UnitTests\bin\x64\Debug\net472\VideoOS.Administration.WpfControls.UnitTests.dll" adapterTypeName="executor://mstestadapter/v2" className="VideoOS.Administration.WpfControls.UnitTests.Mvvm.Sort.SimpleSortWithFallbackTest" name="Constructor_NullPropertyTest" />
    </UnitTest>
    <UnitTest name="CurrentStatus_PostNavigatingTo_PreselectionTest" storage="d:\actions-runner\_work\xpco\xpco\corporate\videoos.administration.wpfcontrols.unittests\bin\x64\debug\net472\videoos.administration.wpfcontrols.unittests.dll" id="9d73d2de-0de2-5123-d14f-3b031bc6ae44">
      <Owners>
        <Owner name="lsk" />
      </Owners>
      <Execution id="812c045b-f753-456d-81d4-37829d99ffad" />
      <TestMethod codeBase="D:\actions-runner\_work\XPCO\XPCO\Corporate\VideoOS.Administration.WpfControls.UnitTests\bin\x64\Debug\net472\VideoOS.Administration.WpfControls.UnitTests.dll" adapterTypeName="executor://mstestadapter/v2" className="VideoOS.Administration.WpfControls.UnitTests.Wizards.MoveHardware.PageViewModelDestinationRecorderSelectionTest" name="CurrentStatus_PostNavigatingTo_PreselectionTest" />
    </UnitTest>
    <UnitTest name="NavigatingTo_UnsuccessfulChange_OperationsStatusError" storage="d:\actions-runner\_work\xpco\xpco\corporate\videoos.administration.wpfcontrols.unittests\bin\x64\debug\net472\videoos.administration.wpfcontrols.unittests.dll" id="c9a40857-5dc1-9213-47d9-c2166ce29db1">
      <Owners>
        <Owner name="max" />
      </Owners>
      <Execution id="88615f53-29e1-4deb-ba96-b2eb41aa1744" />
      <TestMethod codeBase="D:\actions-runner\_work\XPCO\XPCO\Corporate\VideoOS.Administration.WpfControls.UnitTests\bin\x64\Debug\net472\VideoOS.Administration.WpfControls.UnitTests.dll" adapterTypeName="executor://mstestadapter/v2" className="VideoOS.Administration.WpfControls.UnitTests.Wizards.ChangeHardwarePassword.PageViewModelChangeHardwarePasswordProgressTest" name="NavigatingTo_UnsuccessfulChange_OperationsStatusError" />
    </UnitTest>
    <UnitTest name="Convert_IsNullOrWhiteSpace_Null_Input_Returns_TrueResult" storage="d:\actions-runner\_work\xpco\xpco\corporate\videoos.administration.wpfcontrols.unittests\bin\x64\debug\net472\videoos.administration.wpfcontrols.unittests.dll" id="770b9801-4690-1bc5-6bdf-3ddba81a86d2">
      <Execution id="9f6ee221-7046-4c48-a79e-cf1bad1fd805" />
      <TestMethod codeBase="D:\actions-runner\_work\XPCO\XPCO\Corporate\VideoOS.Administration.WpfControls.UnitTests\bin\x64\Debug\net472\VideoOS.Administration.WpfControls.UnitTests.dll" adapterTypeName="executor://mstestadapter/v2" className="VideoOS.Administration.WpfControls.UnitTests.Mvvm.Converters.StringMethodResultConverterUnitTests" name="Convert_IsNullOrWhiteSpace_Null_Input_Returns_TrueResult" />
    </UnitTest>
    <UnitTest name="Convert_ToValue_BothValidTest" storage="d:\actions-runner\_work\xpco\xpco\corporate\videoos.administration.wpfcontrols.unittests\bin\x64\debug\net472\videoos.administration.wpfcontrols.unittests.dll" id="051cea69-508d-00ec-49e7-f29a5b42f816">
      <Owners>
        <Owner name="lsk" />
      </Owners>
      <Execution id="bef8ce11-b752-4f92-81b4-576ff3b87db8" />
      <TestMethod codeBase="D:\actions-runner\_work\XPCO\XPCO\Corporate\VideoOS.Administration.WpfControls.UnitTests\bin\x64\Debug\net472\VideoOS.Administration.WpfControls.UnitTests.dll" adapterTypeName="executor://mstestadapter/v2" className="VideoOS.Administration.WpfControls.UnitTests.Wizards.MoveHardware.UsagePercentageMultiValueConverterTest" name="Convert_ToValue_BothValidTest" />
    </UnitTest>
    <UnitTest name="Constructor_PropertyNullTest" storage="d:\actions-runner\_work\xpco\xpco\corporate\videoos.administration.wpfcontrols.unittests\bin\x64\debug\net472\videoos.administration.wpfcontrols.unittests.dll" id="b800d68e-c0ef-e59f-6608-2e15ecc49dd7">
      <Owners>
        <Owner name="lsk" />
      </Owners>
      <Execution id="ea7b9f9d-7321-481c-983e-b29a5ae00c65" />
      <TestMethod codeBase="D:\actions-runner\_work\XPCO\XPCO\Corporate\VideoOS.Administration.WpfControls.UnitTests\bin\x64\Debug\net472\VideoOS.Administration.WpfControls.UnitTests.dll" adapterTypeName="executor://mstestadapter/v2" className="VideoOS.Administration.WpfControls.UnitTests.Mvvm.Sort.SimpleSortTest" name="Constructor_PropertyNullTest" />
    </UnitTest>
    <UnitTest name="ThresholdSliderViewModel_InvalidInput4" storage="d:\actions-runner\_work\xpco\xpco\corporate\videoos.administration.wpfcontrols.unittests\bin\x64\debug\net472\videoos.administration.wpfcontrols.unittests.dll" id="b6dd8ab4-717a-bff3-9ff7-c871d991948d">
      <TestCategory>
        <TestCategoryItem TestCategory="SystemMonitorEventThresholds" />
      </TestCategory>
      <Execution id="bbe23274-dea5-4d4c-8cb6-a9e6931eab94" />
      <TestMethod codeBase="D:\actions-runner\_work\XPCO\XPCO\Corporate\VideoOS.Administration.WpfControls.UnitTests\bin\x64\Debug\net472\VideoOS.Administration.WpfControls.UnitTests.dll" adapterTypeName="executor://mstestadapter/v2" className="VideoOS.Administration.WpfControls.UnitTests.SystemMonitorEventThresholds.ViewModel.Slider.ThresholdSliderViewModelTests" name="ThresholdSliderViewModel_InvalidInput4" />
    </UnitTest>
    <UnitTest name="Convert_ToBool_BothInvalidTest" storage="d:\actions-runner\_work\xpco\xpco\corporate\videoos.administration.wpfcontrols.unittests\bin\x64\debug\net472\videoos.administration.wpfcontrols.unittests.dll" id="1617597d-bf88-945d-8f00-fba5da581d8c">
      <Owners>
        <Owner name="lsk" />
      </Owners>
      <Execution id="e3e31087-546f-47d4-81a4-af77d7a2ad4c" />
      <TestMethod codeBase="D:\actions-runner\_work\XPCO\XPCO\Corporate\VideoOS.Administration.WpfControls.UnitTests\bin\x64\Debug\net472\VideoOS.Administration.WpfControls.UnitTests.dll" adapterTypeName="executor://mstestadapter/v2" className="VideoOS.Administration.WpfControls.UnitTests.Wizards.MoveHardware.UsagePercentageMultiValueConverterTest" name="Convert_ToBool_BothInvalidTest" />
    </UnitTest>
    <UnitTest name="UpdateSelection_Garbage_NonExistentHardwareTest" storage="d:\actions-runner\_work\xpco\xpco\corporate\videoos.administration.wpfcontrols.unittests\bin\x64\debug\net472\videoos.administration.wpfcontrols.unittests.dll" id="95b1d03a-18fd-f584-536b-f90a32b3e60a">
      <Owners>
        <Owner name="lsk" />
      </Owners>
      <Execution id="0dc31248-2611-498e-9d04-97d71e77247c" />
      <TestMethod codeBase="D:\actions-runner\_work\XPCO\XPCO\Corporate\VideoOS.Administration.WpfControls.UnitTests\bin\x64\Debug\net472\VideoOS.Administration.WpfControls.UnitTests.dll" adapterTypeName="executor://mstestadapter/v2" className="VideoOS.Administration.WpfControls.UnitTests.Wizards.MoveHardware.PageViewModelHardwareSelectionTest" name="UpdateSelection_Garbage_NonExistentHardwareTest" />
    </UnitTest>
    <UnitTest name="Convert_ToBool_AvailableOnly_UsageNullTest" storage="d:\actions-runner\_work\xpco\xpco\corporate\videoos.administration.wpfcontrols.unittests\bin\x64\debug\net472\videoos.administration.wpfcontrols.unittests.dll" id="454d75b8-e2b0-01bf-ca2d-fe96ce2e44f6">
      <Owners>
        <Owner name="lsk" />
      </Owners>
      <Execution id="b1b6fb18-f103-4c9c-b7cb-18f8389a1f87" />
      <TestMethod codeBase="D:\actions-runner\_work\XPCO\XPCO\Corporate\VideoOS.Administration.WpfControls.UnitTests\bin\x64\Debug\net472\VideoOS.Administration.WpfControls.UnitTests.dll" adapterTypeName="executor://mstestadapter/v2" className="VideoOS.Administration.WpfControls.UnitTests.Wizards.MoveHardware.UsagePercentageMultiValueConverterTest" name="Convert_ToBool_AvailableOnly_UsageNullTest" />
    </UnitTest>
    <UnitTest name="NavigatingTo_Selection_FromData_UnavailableItemsTest" storage="d:\actions-runner\_work\xpco\xpco\corporate\videoos.administration.wpfcontrols.unittests\bin\x64\debug\net472\videoos.administration.wpfcontrols.unittests.dll" id="12e1e94d-37b4-6153-c045-578e74c5b2f3">
      <Owners>
        <Owner name="lsk" />
      </Owners>
      <Execution id="81f8440d-770f-424b-9b7a-f194a88098ad" />
      <TestMethod codeBase="D:\actions-runner\_work\XPCO\XPCO\Corporate\VideoOS.Administration.WpfControls.UnitTests\bin\x64\Debug\net472\VideoOS.Administration.WpfControls.UnitTests.dll" adapterTypeName="executor://mstestadapter/v2" className="VideoOS.Administration.WpfControls.UnitTests.Wizards.MoveHardware.PageViewModelHardwareSelectionTest" name="NavigatingTo_Selection_FromData_UnavailableItemsTest" />
    </UnitTest>
    <UnitTest name="Constructor_NullDataTest_Data" storage="d:\actions-runner\_work\xpco\xpco\corporate\videoos.administration.wpfcontrols.unittests\bin\x64\debug\net472\videoos.administration.wpfcontrols.unittests.dll" id="3e390018-cbd0-3fab-3227-c2bdc212e7a4">
      <Owners>
        <Owner name="ale" />
      </Owners>
      <Execution id="31f71204-e608-4648-9acf-a7996ff482c0" />
      <TestMethod codeBase="D:\actions-runner\_work\XPCO\XPCO\Corporate\VideoOS.Administration.WpfControls.UnitTests\bin\x64\Debug\net472\VideoOS.Administration.WpfControls.UnitTests.dll" adapterTypeName="executor://mstestadapter/v2" className="VideoOS.Administration.WpfControls.UnitTests.Wizards.UpdateFirmware.ViewModel.PageViewModelFirmwareUpdateTest" name="Constructor_NullDataTest_Data" />
    </UnitTest>
    <UnitTest name="Convert_Null_TragetType_Throws_ArgumentNullException" storage="d:\actions-runner\_work\xpco\xpco\corporate\videoos.administration.wpfcontrols.unittests\bin\x64\debug\net472\videoos.administration.wpfcontrols.unittests.dll" id="38c367f3-e1bb-c75a-7102-223768ab5f46">
      <Execution id="efb5bb28-6ee5-48ed-ba97-f25d7f1ff26d" />
      <TestMethod codeBase="D:\actions-runner\_work\XPCO\XPCO\Corporate\VideoOS.Administration.WpfControls.UnitTests\bin\x64\Debug\net472\VideoOS.Administration.WpfControls.UnitTests.dll" adapterTypeName="executor://mstestadapter/v2" className="VideoOS.Administration.WpfControls.UnitTests.Wizards.ChangeHardwarePassword.MultilineToSingleLineTextConverterUnitTests" name="Convert_Null_TragetType_Throws_ArgumentNullException" />
    </UnitTest>
    <UnitTest name="Validate_WithPasswordManualEntry_ForbiddenSymbols_SucceedsForMultiplePasswordChange" storage="d:\actions-runner\_work\xpco\xpco\corporate\videoos.administration.wpfcontrols.unittests\bin\x64\debug\net472\videoos.administration.wpfcontrols.unittests.dll" id="7f969016-ac4d-f197-264f-3ad7c512794a">
      <Owners>
        <Owner name="max" />
      </Owners>
      <Execution id="b08bbb75-e708-416d-b83d-fce1aa55903b" />
      <TestMethod codeBase="D:\actions-runner\_work\XPCO\XPCO\Corporate\VideoOS.Administration.WpfControls.UnitTests\bin\x64\Debug\net472\VideoOS.Administration.WpfControls.UnitTests.dll" adapterTypeName="executor://mstestadapter/v2" className="VideoOS.Administration.WpfControls.UnitTests.Wizards.ChangeHardwarePassword.PageViewModelChangeHardwarePasswordTest" name="Validate_WithPasswordManualEntry_ForbiddenSymbols_SucceedsForMultiplePasswordChange" />
    </UnitTest>
    <UnitTest name="TabViewModel_Success" storage="d:\actions-runner\_work\xpco\xpco\corporate\videoos.administration.wpfcontrols.unittests\bin\x64\debug\net472\videoos.administration.wpfcontrols.unittests.dll" id="72c831f0-72d6-a051-1248-fc9c6e6bb478">
      <TestCategory>
        <TestCategoryItem TestCategory="SystemMonitorEventThresholds" />
      </TestCategory>
      <Execution id="bfee8304-f00b-45cc-b82f-2793ff2bca79" />
      <TestMethod codeBase="D:\actions-runner\_work\XPCO\XPCO\Corporate\VideoOS.Administration.WpfControls.UnitTests\bin\x64\Debug\net472\VideoOS.Administration.WpfControls.UnitTests.dll" adapterTypeName="executor://mstestadapter/v2" className="VideoOS.Administration.WpfControls.UnitTests.SystemMonitorEventThresholds.ViewModel.Tabs.TabViewModelTests" name="TabViewModel_Success" />
    </UnitTest>
    <UnitTest name="ConvertFalseToHiddenTest" storage="d:\actions-runner\_work\xpco\xpco\corporate\videoos.administration.wpfcontrols.unittests\bin\x64\debug\net472\videoos.administration.wpfcontrols.unittests.dll" id="fcfb7573-cd39-006e-136b-f37556763b5f">
      <Execution id="a6d2bdda-845c-4ed2-9b90-5c264ff8856d" />
      <TestMethod codeBase="D:\actions-runner\_work\XPCO\XPCO\Corporate\VideoOS.Administration.WpfControls.UnitTests\bin\x64\Debug\net472\VideoOS.Administration.WpfControls.UnitTests.dll" adapterTypeName="executor://mstestadapter/v2" className="VideoOS.Administration.WpfControls.UnitTests.Mvvm.Converters.BoolToCollapsedConverterUnitTests" name="ConvertFalseToHiddenTest" />
    </UnitTest>
    <UnitTest name="NavigatingTo_CheckPreselectedRecorderHasHardware_False_NavigationNotCancelled" storage="d:\actions-runner\_work\xpco\xpco\corporate\videoos.administration.wpfcontrols.unittests\bin\x64\debug\net472\videoos.administration.wpfcontrols.unittests.dll" id="bfce2dbf-17b5-a18a-d2d7-32e87da69023">
      <Execution id="74c7e528-dd2c-4900-a8bb-50b860bf4f5f" />
      <TestMethod codeBase="D:\actions-runner\_work\XPCO\XPCO\Corporate\VideoOS.Administration.WpfControls.UnitTests\bin\x64\Debug\net472\VideoOS.Administration.WpfControls.UnitTests.dll" adapterTypeName="executor://mstestadapter/v2" className="VideoOS.Administration.WpfControls.UnitTests.Wizards.MoveHardware.ViewModel.PageViewModelPreValidationTest" name="NavigatingTo_CheckPreselectedRecorderHasHardware_False_NavigationNotCancelled" />
    </UnitTest>
    <UnitTest name="NavigatingTo_Selection_FromData_UnavailableItemsTest" storage="d:\actions-runner\_work\xpco\xpco\corporate\videoos.administration.wpfcontrols.unittests\bin\x64\debug\net472\videoos.administration.wpfcontrols.unittests.dll" id="3b910f72-e7f0-2f69-c0c5-a8d5c6d738e1">
      <Owners>
        <Owner name="max" />
      </Owners>
      <Execution id="f1e3e01b-d17e-470e-8f6d-49c22931abc4" />
      <TestMethod codeBase="D:\actions-runner\_work\XPCO\XPCO\Corporate\VideoOS.Administration.WpfControls.UnitTests\bin\x64\Debug\net472\VideoOS.Administration.WpfControls.UnitTests.dll" adapterTypeName="executor://mstestadapter/v2" className="VideoOS.Administration.WpfControls.UnitTests.Wizards.ChangeHardwarePassword.PageViewModelHardwareSelectionTest" name="NavigatingTo_Selection_FromData_UnavailableItemsTest" />
    </UnitTest>
    <UnitTest name="SortBaseCommon_Equality_SortBase_NullTest" storage="d:\actions-runner\_work\xpco\xpco\corporate\videoos.administration.wpfcontrols.unittests\bin\x64\debug\net472\videoos.administration.wpfcontrols.unittests.dll" id="74a375ca-464c-73e2-54e8-5f203390ff61">
      <Owners>
        <Owner name="lsk" />
      </Owners>
      <Execution id="e9a6ac87-7351-4be4-a9ee-4226b56e6d4c" />
      <TestMethod codeBase="D:\actions-runner\_work\XPCO\XPCO\Corporate\VideoOS.Administration.WpfControls.UnitTests\bin\x64\Debug\net472\VideoOS.Administration.WpfControls.UnitTests.dll" adapterTypeName="executor://mstestadapter/v2" className="VideoOS.Administration.WpfControls.UnitTests.Mvvm.Sort.SimpleSortWithFallbackTest" name="SortBaseCommon_Equality_SortBase_NullTest" />
    </UnitTest>
    <UnitTest name="ConvertFalseToHiddenTest" storage="d:\actions-runner\_work\xpco\xpco\corporate\videoos.administration.wpfcontrols.unittests\bin\x64\debug\net472\videoos.administration.wpfcontrols.unittests.dll" id="6728fde2-9794-3677-61d7-85095bb760ac">
      <Execution id="30ef36b6-465e-47d7-b1be-7d7dcda06d9e" />
      <TestMethod codeBase="D:\actions-runner\_work\XPCO\XPCO\Corporate\VideoOS.Administration.WpfControls.UnitTests\bin\x64\Debug\net472\VideoOS.Administration.WpfControls.UnitTests.dll" adapterTypeName="executor://mstestadapter/v2" className="VideoOS.Administration.WpfControls.UnitTests.Mvvm.Converters.InverseBoolToCollapsedConverterUnitTests" name="ConvertFalseToHiddenTest" />
    </UnitTest>
    <UnitTest name="SortBaseCommon_Reverse_NotNull" storage="d:\actions-runner\_work\xpco\xpco\corporate\videoos.administration.wpfcontrols.unittests\bin\x64\debug\net472\videoos.administration.wpfcontrols.unittests.dll" id="eabb2189-2fee-f6a8-9b5c-81edc95ef937">
      <Owners>
        <Owner name="lsk" />
      </Owners>
      <Execution id="024c9400-0166-41a0-9ac5-8f91b9c0244b" />
      <TestMethod codeBase="D:\actions-runner\_work\XPCO\XPCO\Corporate\VideoOS.Administration.WpfControls.UnitTests\bin\x64\Debug\net472\VideoOS.Administration.WpfControls.UnitTests.dll" adapterTypeName="executor://mstestadapter/v2" className="VideoOS.Administration.WpfControls.UnitTests.Mvvm.Sort.SimpleSortWithFallbackTest" name="SortBaseCommon_Reverse_NotNull" />
    </UnitTest>
    <UnitTest name="Validate_WithPasswordManualEntry_ForbiddenSymbols_Fails" storage="d:\actions-runner\_work\xpco\xpco\corporate\videoos.administration.wpfcontrols.unittests\bin\x64\debug\net472\videoos.administration.wpfcontrols.unittests.dll" id="e10034ba-9457-7d48-f4ba-a0872b64758b">
      <Owners>
        <Owner name="max" />
      </Owners>
      <Execution id="15c79154-4cc4-4402-b907-555167d7c494" />
      <TestMethod codeBase="D:\actions-runner\_work\XPCO\XPCO\Corporate\VideoOS.Administration.WpfControls.UnitTests\bin\x64\Debug\net472\VideoOS.Administration.WpfControls.UnitTests.dll" adapterTypeName="executor://mstestadapter/v2" className="VideoOS.Administration.WpfControls.UnitTests.Wizards.ChangeHardwarePassword.PageViewModelChangeHardwarePasswordTest" name="Validate_WithPasswordManualEntry_ForbiddenSymbols_Fails" />
    </UnitTest>
    <UnitTest name="NavigatingTo_NoChecksFail_HardwareSelected_NavigationCancelled" storage="d:\actions-runner\_work\xpco\xpco\corporate\videoos.administration.wpfcontrols.unittests\bin\x64\debug\net472\videoos.administration.wpfcontrols.unittests.dll" id="842c3777-724f-a6c4-be4c-c9bb68611fca">
      <Execution id="395bfc77-8f79-40bb-a3bf-f01600094087" />
      <TestMethod codeBase="D:\actions-runner\_work\XPCO\XPCO\Corporate\VideoOS.Administration.WpfControls.UnitTests\bin\x64\Debug\net472\VideoOS.Administration.WpfControls.UnitTests.dll" adapterTypeName="executor://mstestadapter/v2" className="VideoOS.Administration.WpfControls.UnitTests.Wizards.MoveHardware.ViewModel.PageViewModelPreValidationTest" name="NavigatingTo_NoChecksFail_HardwareSelected_NavigationCancelled" />
    </UnitTest>
    <UnitTest name="NavigatingTo_PasswordAutogeneration_SelectedByDefault" storage="d:\actions-runner\_work\xpco\xpco\corporate\videoos.administration.wpfcontrols.unittests\bin\x64\debug\net472\videoos.administration.wpfcontrols.unittests.dll" id="4a0b7cbb-9f7b-cbda-f421-d1a84d7086e8">
      <Owners>
        <Owner name="max" />
      </Owners>
      <Execution id="f101e32e-9a34-41aa-9990-cf7b5aef27ec" />
      <TestMethod codeBase="D:\actions-runner\_work\XPCO\XPCO\Corporate\VideoOS.Administration.WpfControls.UnitTests\bin\x64\Debug\net472\VideoOS.Administration.WpfControls.UnitTests.dll" adapterTypeName="executor://mstestadapter/v2" className="VideoOS.Administration.WpfControls.UnitTests.Wizards.ChangeHardwarePassword.PageViewModelChangeHardwarePasswordTest" name="NavigatingTo_PasswordAutogeneration_SelectedByDefault" />
    </UnitTest>
    <UnitTest name="ConvertBack_InvalidOperationException" storage="d:\actions-runner\_work\xpco\xpco\corporate\videoos.administration.wpfcontrols.unittests\bin\x64\debug\net472\videoos.administration.wpfcontrols.unittests.dll" id="7f37cb27-9a48-5cfa-81d4-67f4e61f026b">
      <Execution id="765b8da4-5d6d-47a9-bdd9-a7bcc49c232f" />
      <TestMethod codeBase="D:\actions-runner\_work\XPCO\XPCO\Corporate\VideoOS.Administration.WpfControls.UnitTests\bin\x64\Debug\net472\VideoOS.Administration.WpfControls.UnitTests.dll" adapterTypeName="executor://mstestadapter/v2" className="VideoOS.Administration.WpfControls.UnitTests.Wizards.MoveHardware.ValidationErrorToStringValueConverterUnitTests" name="ConvertBack_InvalidOperationException" />
    </UnitTest>
    <UnitTest name="ThresholdSliderViewModel_Success" storage="d:\actions-runner\_work\xpco\xpco\corporate\videoos.administration.wpfcontrols.unittests\bin\x64\debug\net472\videoos.administration.wpfcontrols.unittests.dll" id="8803f24b-21d1-6eb1-d2ec-b2b0cb5558b0">
      <TestCategory>
        <TestCategoryItem TestCategory="SystemMonitorEventThresholds" />
      </TestCategory>
      <Execution id="59be4d37-0248-4579-8fac-46fea230fbc6" />
      <TestMethod codeBase="D:\actions-runner\_work\XPCO\XPCO\Corporate\VideoOS.Administration.WpfControls.UnitTests\bin\x64\Debug\net472\VideoOS.Administration.WpfControls.UnitTests.dll" adapterTypeName="executor://mstestadapter/v2" className="VideoOS.Administration.WpfControls.UnitTests.SystemMonitorEventThresholds.ViewModel.Slider.ThresholdSliderViewModelTests" name="ThresholdSliderViewModel_Success" />
    </UnitTest>
    <UnitTest name="SelectionChanged_NoEventIfSelectionDoesNotChangeTest" storage="d:\actions-runner\_work\xpco\xpco\corporate\videoos.administration.wpfcontrols.unittests\bin\x64\debug\net472\videoos.administration.wpfcontrols.unittests.dll" id="10e1eae9-c292-aa86-d0ad-c125edac0057">
      <Owners>
        <Owner name="max" />
      </Owners>
      <Execution id="0e3c9827-c9d1-478a-8220-15643063c8ce" />
      <TestMethod codeBase="D:\actions-runner\_work\XPCO\XPCO\Corporate\VideoOS.Administration.WpfControls.UnitTests\bin\x64\Debug\net472\VideoOS.Administration.WpfControls.UnitTests.dll" adapterTypeName="executor://mstestadapter/v2" className="VideoOS.Administration.WpfControls.UnitTests.Wizards.ChangeHardwarePassword.PageViewModelHardwareSelectionTest" name="SelectionChanged_NoEventIfSelectionDoesNotChangeTest" />
    </UnitTest>
    <UnitTest name="Constructor_WhitespacePropertyTest" storage="d:\actions-runner\_work\xpco\xpco\corporate\videoos.administration.wpfcontrols.unittests\bin\x64\debug\net472\videoos.administration.wpfcontrols.unittests.dll" id="02075e43-4828-bcaa-7b84-76aedd69c27f">
      <Owners>
        <Owner name="lsk" />
      </Owners>
      <Execution id="9b46a84b-261e-42c0-9954-b9fd86565aa0" />
      <TestMethod codeBase="D:\actions-runner\_work\XPCO\XPCO\Corporate\VideoOS.Administration.WpfControls.UnitTests\bin\x64\Debug\net472\VideoOS.Administration.WpfControls.UnitTests.dll" adapterTypeName="executor://mstestadapter/v2" className="VideoOS.Administration.WpfControls.UnitTests.Mvvm.Sort.SimpleSortWithFallbackTest" name="Constructor_WhitespacePropertyTest" />
    </UnitTest>
    <UnitTest name="HandledVmoAccessTests_ProperReturnValueIfVmoUnathorizedAccessException" storage="d:\actions-runner\_work\xpco\xpco\corporate\videoos.administration.wpfcontrols.unittests\bin\x64\debug\net472\videoos.administration.wpfcontrols.unittests.dll" id="93197305-5f41-743a-030b-561e6ec2e720">
      <Execution id="1e349dca-f75f-4929-9641-af3c1f0b179c" />
      <TestMethod codeBase="D:\actions-runner\_work\XPCO\XPCO\Corporate\VideoOS.Administration.WpfControls.UnitTests\bin\x64\Debug\net472\VideoOS.Administration.WpfControls.UnitTests.dll" adapterTypeName="executor://mstestadapter/v2" className="VideoOS.Administration.WpfControls.UnitTests.SystemMonitorEventThresholds.HandledVmoAccessTests" name="HandledVmoAccessTests_ProperReturnValueIfVmoUnathorizedAccessException" />
    </UnitTest>
    <UnitTest name="NewInstance_StateValidationTest" storage="d:\actions-runner\_work\xpco\xpco\corporate\videoos.administration.wpfcontrols.unittests\bin\x64\debug\net472\videoos.administration.wpfcontrols.unittests.dll" id="869bc4bf-7cf9-9f00-69cb-d737cbcad77d">
      <Owners>
        <Owner name="lsk" />
      </Owners>
      <Execution id="655fb7c1-5f8a-47c5-ae10-9059d3258807" />
      <TestMethod codeBase="D:\actions-runner\_work\XPCO\XPCO\Corporate\VideoOS.Administration.WpfControls.UnitTests\bin\x64\Debug\net472\VideoOS.Administration.WpfControls.UnitTests.dll" adapterTypeName="executor://mstestadapter/v2" className="VideoOS.Administration.WpfControls.UnitTests.Wizards.Common.WizardBaseViewModelTest" name="NewInstance_StateValidationTest" />
    </UnitTest>
    <UnitTest name="Convert_ToBool_UsageOnly_AvailableZeroTest" storage="d:\actions-runner\_work\xpco\xpco\corporate\videoos.administration.wpfcontrols.unittests\bin\x64\debug\net472\videoos.administration.wpfcontrols.unittests.dll" id="a4d7c98d-bffc-e333-66b1-42e7b83cba4b">
      <Owners>
        <Owner name="lsk" />
      </Owners>
      <Execution id="88701b95-35bf-403c-a49b-12afb46a8c2b" />
      <TestMethod codeBase="D:\actions-runner\_work\XPCO\XPCO\Corporate\VideoOS.Administration.WpfControls.UnitTests\bin\x64\Debug\net472\VideoOS.Administration.WpfControls.UnitTests.dll" adapterTypeName="executor://mstestadapter/v2" className="VideoOS.Administration.WpfControls.UnitTests.Wizards.MoveHardware.UsagePercentageMultiValueConverterTest" name="Convert_ToBool_UsageOnly_AvailableZeroTest" />
    </UnitTest>
    <UnitTest name="NavigatingTo_ExceptionHandling_OtherException_PreselectedThrowsTest" storage="d:\actions-runner\_work\xpco\xpco\corporate\videoos.administration.wpfcontrols.unittests\bin\x64\debug\net472\videoos.administration.wpfcontrols.unittests.dll" id="244baee8-6235-42ec-0302-cf2c28a5d4a2">
      <Owners>
        <Owner name="max" />
      </Owners>
      <Execution id="b8521202-2f70-479e-9192-5fd490774db2" />
      <TestMethod codeBase="D:\actions-runner\_work\XPCO\XPCO\Corporate\VideoOS.Administration.WpfControls.UnitTests\bin\x64\Debug\net472\VideoOS.Administration.WpfControls.UnitTests.dll" adapterTypeName="executor://mstestadapter/v2" className="VideoOS.Administration.WpfControls.UnitTests.Wizards.ChangeHardwarePassword.PageViewModelHardwareSelectionTest" name="NavigatingTo_ExceptionHandling_OtherException_PreselectedThrowsTest" />
    </UnitTest>
    <UnitTest name="Validate_EmptyFirmwareFilePath_Fails" storage="d:\actions-runner\_work\xpco\xpco\corporate\videoos.administration.wpfcontrols.unittests\bin\x64\debug\net472\videoos.administration.wpfcontrols.unittests.dll" id="4c4c99ac-7c82-53a9-f3e3-4584a00b8bf7">
      <Owners>
        <Owner name="ale" />
      </Owners>
      <Execution id="08f36b0c-d385-424d-8764-dc245ced5dc2" />
      <TestMethod codeBase="D:\actions-runner\_work\XPCO\XPCO\Corporate\VideoOS.Administration.WpfControls.UnitTests\bin\x64\Debug\net472\VideoOS.Administration.WpfControls.UnitTests.dll" adapterTypeName="executor://mstestadapter/v2" className="VideoOS.Administration.WpfControls.UnitTests.Wizards.UpdateFirmware.ViewModel.PageViewModelFirmwareUpdateTest" name="Validate_EmptyFirmwareFilePath_Fails" />
    </UnitTest>
    <UnitTest name="SortEquality_ReverseSorts" storage="d:\actions-runner\_work\xpco\xpco\corporate\videoos.administration.wpfcontrols.unittests\bin\x64\debug\net472\videoos.administration.wpfcontrols.unittests.dll" id="877408a3-40e3-bcfc-c06c-a50c1343cb03">
      <Execution id="4820f549-c524-412c-b87f-13e628a9a9b2" />
      <TestMethod codeBase="D:\actions-runner\_work\XPCO\XPCO\Corporate\VideoOS.Administration.WpfControls.UnitTests\bin\x64\Debug\net472\VideoOS.Administration.WpfControls.UnitTests.dll" adapterTypeName="executor://mstestadapter/v2" className="VideoOS.Administration.WpfControls.UnitTests.Wizards.Common.TwoSortsToSortEqualityMultiValueConverterTest" name="SortEquality_ReverseSorts" />
    </UnitTest>
    <UnitTest name="SortBaseCommon_IsEquivalentOf_SortDescriptionCollection_NullTest" storage="d:\actions-runner\_work\xpco\xpco\corporate\videoos.administration.wpfcontrols.unittests\bin\x64\debug\net472\videoos.administration.wpfcontrols.unittests.dll" id="f3ff7ea0-e10b-3e83-9f9b-d76ecada8625">
      <Owners>
        <Owner name="lsk" />
      </Owners>
      <Execution id="ffa65f4b-4842-4f49-8d89-9d89b2c109c0" />
      <TestMethod codeBase="D:\actions-runner\_work\XPCO\XPCO\Corporate\VideoOS.Administration.WpfControls.UnitTests\bin\x64\Debug\net472\VideoOS.Administration.WpfControls.UnitTests.dll" adapterTypeName="executor://mstestadapter/v2" className="VideoOS.Administration.WpfControls.UnitTests.Mvvm.Sort.SimpleSortTest" name="SortBaseCommon_IsEquivalentOf_SortDescriptionCollection_NullTest" />
    </UnitTest>
    <UnitTest name="Constructor_WhitespaceFallbackPropertyTest" storage="d:\actions-runner\_work\xpco\xpco\corporate\videoos.administration.wpfcontrols.unittests\bin\x64\debug\net472\videoos.administration.wpfcontrols.unittests.dll" id="cbf1a55c-06e0-b06b-c5b7-7c0d1f2cf674">
      <Owners>
        <Owner name="lsk" />
      </Owners>
      <Execution id="4f4e9b1a-acac-4629-9535-80ff48c5933a" />
      <TestMethod codeBase="D:\actions-runner\_work\XPCO\XPCO\Corporate\VideoOS.Administration.WpfControls.UnitTests\bin\x64\Debug\net472\VideoOS.Administration.WpfControls.UnitTests.dll" adapterTypeName="executor://mstestadapter/v2" className="VideoOS.Administration.WpfControls.UnitTests.Mvvm.Sort.SimpleSortWithFallbackTest" name="Constructor_WhitespaceFallbackPropertyTest" />
    </UnitTest>
    <UnitTest name="NonEmptyStringConvertsToVisible" storage="d:\actions-runner\_work\xpco\xpco\corporate\videoos.administration.wpfcontrols.unittests\bin\x64\debug\net472\videoos.administration.wpfcontrols.unittests.dll" id="df7f62f9-5ef7-21d6-3351-81f945f933e9">
      <Execution id="6ed2bf56-121d-43af-b235-f9cb7b388f70" />
      <TestMethod codeBase="D:\actions-runner\_work\XPCO\XPCO\Corporate\VideoOS.Administration.WpfControls.UnitTests\bin\x64\Debug\net472\VideoOS.Administration.WpfControls.UnitTests.dll" adapterTypeName="executor://mstestadapter/v2" className="VideoOS.Administration.WpfControls.UnitTests.HardwareSetupDialog.Converters.NotEmptyStringToVisibilityConverterUnitTests" name="NonEmptyStringConvertsToVisible" />
    </UnitTest>
    <UnitTest name="Initialize_NavigatesToFirstPageTest" storage="d:\actions-runner\_work\xpco\xpco\corporate\videoos.administration.wpfcontrols.unittests\bin\x64\debug\net472\videoos.administration.wpfcontrols.unittests.dll" id="e4ab450a-f95f-1f67-e29e-c5c69e3518df">
      <Owners>
        <Owner name="lsk" />
      </Owners>
      <Execution id="f4e7be99-e5b5-4150-bcff-cea08147e054" />
      <TestMethod codeBase="D:\actions-runner\_work\XPCO\XPCO\Corporate\VideoOS.Administration.WpfControls.UnitTests\bin\x64\Debug\net472\VideoOS.Administration.WpfControls.UnitTests.dll" adapterTypeName="executor://mstestadapter/v2" className="VideoOS.Administration.WpfControls.UnitTests.Wizards.Common.WizardBaseViewModelTest" name="Initialize_NavigatesToFirstPageTest" />
    </UnitTest>
    <UnitTest name="SortBaseCommon_Equality_SortBase_NullTest" storage="d:\actions-runner\_work\xpco\xpco\corporate\videoos.administration.wpfcontrols.unittests\bin\x64\debug\net472\videoos.administration.wpfcontrols.unittests.dll" id="853071a1-8175-de5b-5f40-77c2ff18ec32">
      <Owners>
        <Owner name="lsk" />
      </Owners>
      <Execution id="3eeb9eed-31c5-489c-a259-1014531719ee" />
      <TestMethod codeBase="D:\actions-runner\_work\XPCO\XPCO\Corporate\VideoOS.Administration.WpfControls.UnitTests\bin\x64\Debug\net472\VideoOS.Administration.WpfControls.UnitTests.dll" adapterTypeName="executor://mstestadapter/v2" className="VideoOS.Administration.WpfControls.UnitTests.Mvvm.Sort.SimpleSortTest" name="SortBaseCommon_Equality_SortBase_NullTest" />
    </UnitTest>
    <UnitTest name="Convert_AllValues" storage="d:\actions-runner\_work\xpco\xpco\corporate\videoos.administration.wpfcontrols.unittests\bin\x64\debug\net472\videoos.administration.wpfcontrols.unittests.dll" id="14560893-b569-8e84-9d81-59ff3f435da3">
      <Execution id="9ce0284f-23ec-481a-bac2-f08a01141efd" />
      <TestMethod codeBase="D:\actions-runner\_work\XPCO\XPCO\Corporate\VideoOS.Administration.WpfControls.UnitTests\bin\x64\Debug\net472\VideoOS.Administration.WpfControls.UnitTests.dll" adapterTypeName="executor://mstestadapter/v2" className="VideoOS.Administration.WpfControls.UnitTests.Wizards.UpdateFirmware.View.Converters.PreValidationErrorToStringValueConverterTest" name="Convert_AllValues" />
    </UnitTest>
    <UnitTest name="NavigatingTo_ErrorHandling_StorageUsage_UnknownExceptionTest" storage="d:\actions-runner\_work\xpco\xpco\corporate\videoos.administration.wpfcontrols.unittests\bin\x64\debug\net472\videoos.administration.wpfcontrols.unittests.dll" id="8ed25905-7c64-9d2d-f827-67570d7e1a6b">
      <Owners>
        <Owner name="lsk" />
      </Owners>
      <Execution id="c56f7d7d-5642-4cdb-bcfe-779534969fcb" />
      <TestMethod codeBase="D:\actions-runner\_work\XPCO\XPCO\Corporate\VideoOS.Administration.WpfControls.UnitTests\bin\x64\Debug\net472\VideoOS.Administration.WpfControls.UnitTests.dll" adapterTypeName="executor://mstestadapter/v2" className="VideoOS.Administration.WpfControls.UnitTests.Wizards.MoveHardware.PageViewModelDestinationStorageSelectionTest" name="NavigatingTo_ErrorHandling_StorageUsage_UnknownExceptionTest" />
    </UnitTest>
    <UnitTest name="SelectedRecorder_NonExistentRecorderTest" storage="d:\actions-runner\_work\xpco\xpco\corporate\videoos.administration.wpfcontrols.unittests\bin\x64\debug\net472\videoos.administration.wpfcontrols.unittests.dll" id="a4e0fe96-dc99-279c-001f-66b34dc211ec">
      <Owners>
        <Owner name="lsk" />
      </Owners>
      <Execution id="a995c5c4-6fea-44e3-841f-a5ddbf8ace61" />
      <TestMethod codeBase="D:\actions-runner\_work\XPCO\XPCO\Corporate\VideoOS.Administration.WpfControls.UnitTests\bin\x64\Debug\net472\VideoOS.Administration.WpfControls.UnitTests.dll" adapterTypeName="executor://mstestadapter/v2" className="VideoOS.Administration.WpfControls.UnitTests.Wizards.MoveHardware.PageViewModelDestinationRecorderSelectionTest" name="SelectedRecorder_NonExistentRecorderTest" />
    </UnitTest>
    <UnitTest name="Convert_ArgumentNullException" storage="d:\actions-runner\_work\xpco\xpco\corporate\videoos.administration.wpfcontrols.unittests\bin\x64\debug\net472\videoos.administration.wpfcontrols.unittests.dll" id="32f1449b-2dab-90fb-934f-717768e00957">
      <Execution id="95e09627-4f11-42fc-ba59-f4d4cd07e0a1" />
      <TestMethod codeBase="D:\actions-runner\_work\XPCO\XPCO\Corporate\VideoOS.Administration.WpfControls.UnitTests\bin\x64\Debug\net472\VideoOS.Administration.WpfControls.UnitTests.dll" adapterTypeName="executor://mstestadapter/v2" className="VideoOS.Administration.WpfControls.UnitTests.Wizards.ChangeHardwarePassword.StatusToStringValueConverterTest" name="Convert_ArgumentNullException" />
    </UnitTest>
    <UnitTest name="Validate_WithPasswordManualEntry_RequiresDigits_Fails" storage="d:\actions-runner\_work\xpco\xpco\corporate\videoos.administration.wpfcontrols.unittests\bin\x64\debug\net472\videoos.administration.wpfcontrols.unittests.dll" id="5e99c972-c6eb-2f25-b3c8-ff60259e4271">
      <Owners>
        <Owner name="max" />
      </Owners>
      <Execution id="1f313d19-b653-4dd0-a4be-b7233b96dc0f" />
      <TestMethod codeBase="D:\actions-runner\_work\XPCO\XPCO\Corporate\VideoOS.Administration.WpfControls.UnitTests\bin\x64\Debug\net472\VideoOS.Administration.WpfControls.UnitTests.dll" adapterTypeName="executor://mstestadapter/v2" className="VideoOS.Administration.WpfControls.UnitTests.Wizards.ChangeHardwarePassword.PageViewModelChangeHardwarePasswordTest" name="Validate_WithPasswordManualEntry_RequiresDigits_Fails" />
    </UnitTest>
    <UnitTest name="ConvertValues_Success" storage="d:\actions-runner\_work\xpco\xpco\corporate\videoos.administration.wpfcontrols.unittests\bin\x64\debug\net472\videoos.administration.wpfcontrols.unittests.dll" id="af0a5896-0a4c-d96f-b5de-90fa8dfee835">
      <TestCategory>
        <TestCategoryItem TestCategory="SystemMonitorEventThresholds" />
      </TestCategory>
      <Execution id="149c337a-8423-4249-81d7-f3a7c343285c" />
      <TestMethod codeBase="D:\actions-runner\_work\XPCO\XPCO\Corporate\VideoOS.Administration.WpfControls.UnitTests\bin\x64\Debug\net472\VideoOS.Administration.WpfControls.UnitTests.dll" adapterTypeName="executor://mstestadapter/v2" className="VideoOS.Administration.WpfControls.UnitTests.SystemMonitorEventThresholds.ViewModel.Slider.ThresholdValueConverterTests" name="ConvertValues_Success" />
    </UnitTest>
    <UnitTest name="Constructor_HardwareSelectionNullTest" storage="d:\actions-runner\_work\xpco\xpco\corporate\videoos.administration.wpfcontrols.unittests\bin\x64\debug\net472\videoos.administration.wpfcontrols.unittests.dll" id="8e41a221-2626-a03a-65f8-673f2fc4210e">
      <Owners>
        <Owner name="max" />
      </Owners>
      <Execution id="9df9329d-dc8e-4335-b11f-6799325de405" />
      <TestMethod codeBase="D:\actions-runner\_work\XPCO\XPCO\Corporate\VideoOS.Administration.WpfControls.UnitTests\bin\x64\Debug\net472\VideoOS.Administration.WpfControls.UnitTests.dll" adapterTypeName="executor://mstestadapter/v2" className="VideoOS.Administration.WpfControls.UnitTests.Wizards.ChangeHardwarePassword.WizardViewModelTest" name="Constructor_HardwareSelectionNullTest" />
    </UnitTest>
    <UnitTest name="Convert_AllValues" storage="d:\actions-runner\_work\xpco\xpco\corporate\videoos.administration.wpfcontrols.unittests\bin\x64\debug\net472\videoos.administration.wpfcontrols.unittests.dll" id="007e1ccf-bd4b-e9f9-03fa-759039a66fbc">
      <Execution id="447472fb-065a-465a-87d3-6f841cab4611" />
      <TestMethod codeBase="D:\actions-runner\_work\XPCO\XPCO\Corporate\VideoOS.Administration.WpfControls.UnitTests\bin\x64\Debug\net472\VideoOS.Administration.WpfControls.UnitTests.dll" adapterTypeName="executor://mstestadapter/v2" className="VideoOS.Administration.WpfControls.UnitTests.Wizards.MoveHardware.StatusToStringValueConverterTest" name="Convert_AllValues" />
    </UnitTest>
    <UnitTest name="Equality_NotEqual_DifferentFallbackPropertyTest" storage="d:\actions-runner\_work\xpco\xpco\corporate\videoos.administration.wpfcontrols.unittests\bin\x64\debug\net472\videoos.administration.wpfcontrols.unittests.dll" id="facce5ee-8c93-6dd2-28b3-fddef0656faa">
      <Owners>
        <Owner name="lsk" />
      </Owners>
      <Execution id="9a0d42a4-d740-4316-99a4-4bc099f1018c" />
      <TestMethod codeBase="D:\actions-runner\_work\XPCO\XPCO\Corporate\VideoOS.Administration.WpfControls.UnitTests\bin\x64\Debug\net472\VideoOS.Administration.WpfControls.UnitTests.dll" adapterTypeName="executor://mstestadapter/v2" className="VideoOS.Administration.WpfControls.UnitTests.Mvvm.Sort.SimpleSortWithFallbackTest" name="Equality_NotEqual_DifferentFallbackPropertyTest" />
    </UnitTest>
    <UnitTest name="NavigatingTo_Selection_FromHandler_UnavailableItemsTest" storage="d:\actions-runner\_work\xpco\xpco\corporate\videoos.administration.wpfcontrols.unittests\bin\x64\debug\net472\videoos.administration.wpfcontrols.unittests.dll" id="1faf9f68-c3ff-50da-2a1f-6c99784ad39d">
      <Owners>
        <Owner name="lsk" />
      </Owners>
      <Execution id="4bacff2e-1528-4f53-847b-a5133cc2cc85" />
      <TestMethod codeBase="D:\actions-runner\_work\XPCO\XPCO\Corporate\VideoOS.Administration.WpfControls.UnitTests\bin\x64\Debug\net472\VideoOS.Administration.WpfControls.UnitTests.dll" adapterTypeName="executor://mstestadapter/v2" className="VideoOS.Administration.WpfControls.UnitTests.Wizards.MoveHardware.PageViewModelHardwareSelectionTest" name="NavigatingTo_Selection_FromHandler_UnavailableItemsTest" />
    </UnitTest>
    <UnitTest name="Validate_WithPasswordManualEntry_ExcludedPrintableCharacters_Fails" storage="d:\actions-runner\_work\xpco\xpco\corporate\videoos.administration.wpfcontrols.unittests\bin\x64\debug\net472\videoos.administration.wpfcontrols.unittests.dll" id="cc95ea2b-3231-4f76-55fc-e2655fe87068">
      <Owners>
        <Owner name="max" />
      </Owners>
      <Execution id="c58fe1d5-5456-4806-88ce-b3643aabc6da" />
      <TestMethod codeBase="D:\actions-runner\_work\XPCO\XPCO\Corporate\VideoOS.Administration.WpfControls.UnitTests\bin\x64\Debug\net472\VideoOS.Administration.WpfControls.UnitTests.dll" adapterTypeName="executor://mstestadapter/v2" className="VideoOS.Administration.WpfControls.UnitTests.Wizards.ChangeHardwarePassword.PageViewModelChangeHardwarePasswordTest" name="Validate_WithPasswordManualEntry_ExcludedPrintableCharacters_Fails" />
    </UnitTest>
    <UnitTest name="SortBaseCommon_Equality_Object_NullTest" storage="d:\actions-runner\_work\xpco\xpco\corporate\videoos.administration.wpfcontrols.unittests\bin\x64\debug\net472\videoos.administration.wpfcontrols.unittests.dll" id="e08afc34-cf78-fee8-d6e6-65fa0ef12d40">
      <Owners>
        <Owner name="lsk" />
      </Owners>
      <Execution id="3318ea48-973b-4c15-9bc3-5b910d5fd57e" />
      <TestMethod codeBase="D:\actions-runner\_work\XPCO\XPCO\Corporate\VideoOS.Administration.WpfControls.UnitTests\bin\x64\Debug\net472\VideoOS.Administration.WpfControls.UnitTests.dll" adapterTypeName="executor://mstestadapter/v2" className="VideoOS.Administration.WpfControls.UnitTests.Mvvm.Sort.SimpleSortTest" name="SortBaseCommon_Equality_Object_NullTest" />
    </UnitTest>
    <UnitTest name="NextCommand_ExecuteTest" storage="d:\actions-runner\_work\xpco\xpco\corporate\videoos.administration.wpfcontrols.unittests\bin\x64\debug\net472\videoos.administration.wpfcontrols.unittests.dll" id="696d3815-1cd7-fed9-efe3-4706a2343e63">
      <Owners>
        <Owner name="lsk" />
      </Owners>
      <Execution id="bc28c918-f559-4d14-8e8b-ae10dc86378b" />
      <TestMethod codeBase="D:\actions-runner\_work\XPCO\XPCO\Corporate\VideoOS.Administration.WpfControls.UnitTests\bin\x64\Debug\net472\VideoOS.Administration.WpfControls.UnitTests.dll" adapterTypeName="executor://mstestadapter/v2" className="VideoOS.Administration.WpfControls.UnitTests.Wizards.Common.WizardBaseViewModelTest" name="NextCommand_ExecuteTest" />
    </UnitTest>
    <UnitTest name="NavigatingTo_Selection_HardwareSelectionFromDataTest" storage="d:\actions-runner\_work\xpco\xpco\corporate\videoos.administration.wpfcontrols.unittests\bin\x64\debug\net472\videoos.administration.wpfcontrols.unittests.dll" id="48ca2ab9-f06b-98ff-88d7-9712516f659e">
      <Owners>
        <Owner name="lsk" />
      </Owners>
      <Execution id="2f61c5d3-e9d4-4caa-8ea4-c8840f6db9b0" />
      <TestMethod codeBase="D:\actions-runner\_work\XPCO\XPCO\Corporate\VideoOS.Administration.WpfControls.UnitTests\bin\x64\Debug\net472\VideoOS.Administration.WpfControls.UnitTests.dll" adapterTypeName="executor://mstestadapter/v2" className="VideoOS.Administration.WpfControls.UnitTests.Wizards.MoveHardware.PageViewModelHardwareSelectionTest" name="NavigatingTo_Selection_HardwareSelectionFromDataTest" />
    </UnitTest>
    <UnitTest name="Convert_Null_Input_Throws_ArgumentNullException" storage="d:\actions-runner\_work\xpco\xpco\corporate\videoos.administration.wpfcontrols.unittests\bin\x64\debug\net472\videoos.administration.wpfcontrols.unittests.dll" id="2b3988ec-d1c3-0c6c-6cab-8a84419e555c">
      <Execution id="8978f098-0c4d-4998-98cc-167fb336f20d" />
      <TestMethod codeBase="D:\actions-runner\_work\XPCO\XPCO\Corporate\VideoOS.Administration.WpfControls.UnitTests\bin\x64\Debug\net472\VideoOS.Administration.WpfControls.UnitTests.dll" adapterTypeName="executor://mstestadapter/v2" className="VideoOS.Administration.WpfControls.UnitTests.Mvvm.Converters.ExceptiontoStringConverterUnitTests" name="Convert_Null_Input_Throws_ArgumentNullException" />
    </UnitTest>
    <UnitTest name="ThresholdSliderViewModel_InvalidInput2" storage="d:\actions-runner\_work\xpco\xpco\corporate\videoos.administration.wpfcontrols.unittests\bin\x64\debug\net472\videoos.administration.wpfcontrols.unittests.dll" id="7e140d2b-2a95-bf5e-b724-7eddb036dbe5">
      <TestCategory>
        <TestCategoryItem TestCategory="SystemMonitorEventThresholds" />
      </TestCategory>
      <Execution id="d39357b6-d308-47d9-8869-b92eb0b15149" />
      <TestMethod codeBase="D:\actions-runner\_work\XPCO\XPCO\Corporate\VideoOS.Administration.WpfControls.UnitTests\bin\x64\Debug\net472\VideoOS.Administration.WpfControls.UnitTests.dll" adapterTypeName="executor://mstestadapter/v2" className="VideoOS.Administration.WpfControls.UnitTests.SystemMonitorEventThresholds.ViewModel.Slider.ThresholdSliderViewModelTests" name="ThresholdSliderViewModel_InvalidInput2" />
    </UnitTest>
    <UnitTest name="AllHardwareSelected_Update_SomeSelectedTest" storage="d:\actions-runner\_work\xpco\xpco\corporate\videoos.administration.wpfcontrols.unittests\bin\x64\debug\net472\videoos.administration.wpfcontrols.unittests.dll" id="0b8b88f6-d1f8-6253-01e4-480ed5124386">
      <Owners>
        <Owner name="lsk" />
      </Owners>
      <Execution id="e5663354-b02e-4c7a-a94f-8291dffd6048" />
      <TestMethod codeBase="D:\actions-runner\_work\XPCO\XPCO\Corporate\VideoOS.Administration.WpfControls.UnitTests\bin\x64\Debug\net472\VideoOS.Administration.WpfControls.UnitTests.dll" adapterTypeName="executor://mstestadapter/v2" className="VideoOS.Administration.WpfControls.UnitTests.Wizards.MoveHardware.PageViewModelHardwareSelectionTest" name="AllHardwareSelected_Update_SomeSelectedTest" />
    </UnitTest>
    <UnitTest name="Constructor_NullDataTest" storage="d:\actions-runner\_work\xpco\xpco\corporate\videoos.administration.wpfcontrols.unittests\bin\x64\debug\net472\videoos.administration.wpfcontrols.unittests.dll" id="203c2e4e-3984-7e80-a094-12f3b34ad639">
      <Owners>
        <Owner name="max" />
      </Owners>
      <Execution id="fe0c03bf-b9df-4567-81ef-ce67c4137054" />
      <TestMethod codeBase="D:\actions-runner\_work\XPCO\XPCO\Corporate\VideoOS.Administration.WpfControls.UnitTests\bin\x64\Debug\net472\VideoOS.Administration.WpfControls.UnitTests.dll" adapterTypeName="executor://mstestadapter/v2" className="VideoOS.Administration.WpfControls.UnitTests.Wizards.ChangeHardwarePassword.PageViewModelHardwareSelectionTest" name="Constructor_NullDataTest" />
    </UnitTest>
    <UnitTest name="NavigatingTo_NoChecksFail_NoHardwareSelected_NavigationCancelled" storage="d:\actions-runner\_work\xpco\xpco\corporate\videoos.administration.wpfcontrols.unittests\bin\x64\debug\net472\videoos.administration.wpfcontrols.unittests.dll" id="2789ec05-be64-004c-8e43-30742f48eca7">
      <Execution id="7296bc88-748e-4d25-8f18-45fb22622c84" />
      <TestMethod codeBase="D:\actions-runner\_work\XPCO\XPCO\Corporate\VideoOS.Administration.WpfControls.UnitTests\bin\x64\Debug\net472\VideoOS.Administration.WpfControls.UnitTests.dll" adapterTypeName="executor://mstestadapter/v2" className="VideoOS.Administration.WpfControls.UnitTests.Wizards.ChangeHardwarePassword.PageViewModelPreValidationTest" name="NavigatingTo_NoChecksFail_NoHardwareSelected_NavigationCancelled" />
    </UnitTest>
    <UnitTest name="NavigatingTo_Selection_MultipleRecordersTest" storage="d:\actions-runner\_work\xpco\xpco\corporate\videoos.administration.wpfcontrols.unittests\bin\x64\debug\net472\videoos.administration.wpfcontrols.unittests.dll" id="56aa2941-e7e2-b606-3353-3131490dd029">
      <Owners>
        <Owner name="lsk" />
      </Owners>
      <Execution id="c37baea1-fda0-4be0-aff6-6e05c05b44da" />
      <TestMethod codeBase="D:\actions-runner\_work\XPCO\XPCO\Corporate\VideoOS.Administration.WpfControls.UnitTests\bin\x64\Debug\net472\VideoOS.Administration.WpfControls.UnitTests.dll" adapterTypeName="executor://mstestadapter/v2" className="VideoOS.Administration.WpfControls.UnitTests.Wizards.MoveHardware.PageViewModelDestinationRecorderSelectionTest" name="NavigatingTo_Selection_MultipleRecordersTest" />
    </UnitTest>
    <UnitTest name="PreviousCommand_ExecuteTest" storage="d:\actions-runner\_work\xpco\xpco\corporate\videoos.administration.wpfcontrols.unittests\bin\x64\debug\net472\videoos.administration.wpfcontrols.unittests.dll" id="42450511-e9fc-1bb8-0a73-2867da9ef625">
      <Owners>
        <Owner name="lsk" />
      </Owners>
      <Execution id="6c7d9fb2-11fd-4ad1-8b31-a3853ad20a53" />
      <TestMethod codeBase="D:\actions-runner\_work\XPCO\XPCO\Corporate\VideoOS.Administration.WpfControls.UnitTests\bin\x64\Debug\net472\VideoOS.Administration.WpfControls.UnitTests.dll" adapterTypeName="executor://mstestadapter/v2" className="VideoOS.Administration.WpfControls.UnitTests.Wizards.Common.WizardBaseViewModelTest" name="PreviousCommand_ExecuteTest" />
    </UnitTest>
    <UnitTest name="CurrentStatus_Update_SetSelectionTest" storage="d:\actions-runner\_work\xpco\xpco\corporate\videoos.administration.wpfcontrols.unittests\bin\x64\debug\net472\videoos.administration.wpfcontrols.unittests.dll" id="14636060-b3f4-8768-196b-14bbe8721efb">
      <Owners>
        <Owner name="max" />
      </Owners>
      <Execution id="afd01921-6987-4cec-9d69-0d8e09ea3c6b" />
      <TestMethod codeBase="D:\actions-runner\_work\XPCO\XPCO\Corporate\VideoOS.Administration.WpfControls.UnitTests\bin\x64\Debug\net472\VideoOS.Administration.WpfControls.UnitTests.dll" adapterTypeName="executor://mstestadapter/v2" className="VideoOS.Administration.WpfControls.UnitTests.Wizards.ChangeHardwarePassword.PageViewModelHardwareSelectionTest" name="CurrentStatus_Update_SetSelectionTest" />
    </UnitTest>
    <UnitTest name="Convert_Error_TargetTypeNullTest" storage="d:\actions-runner\_work\xpco\xpco\corporate\videoos.administration.wpfcontrols.unittests\bin\x64\debug\net472\videoos.administration.wpfcontrols.unittests.dll" id="7cd6ff96-f665-2e52-296f-2d3e3cd9ff4a">
      <Owners>
        <Owner name="lsk" />
      </Owners>
      <Execution id="996e6c0b-f032-4289-92fd-f3bcf810716b" />
      <TestMethod codeBase="D:\actions-runner\_work\XPCO\XPCO\Corporate\VideoOS.Administration.WpfControls.UnitTests\bin\x64\Debug\net472\VideoOS.Administration.WpfControls.UnitTests.dll" adapterTypeName="executor://mstestadapter/v2" className="VideoOS.Administration.WpfControls.UnitTests.Wizards.MoveHardware.StorageUsageSummaryMultiValueConverterTest" name="Convert_Error_TargetTypeNullTest" />
    </UnitTest>
    <UnitTest name="NullObjectConvertsToVisible" storage="d:\actions-runner\_work\xpco\xpco\corporate\videoos.administration.wpfcontrols.unittests\bin\x64\debug\net472\videoos.administration.wpfcontrols.unittests.dll" id="0bb41f33-dc84-1adf-de5a-a56416fa1c57">
      <Execution id="07106416-7ee9-4173-abdb-9511b0fb88ae" />
      <TestMethod codeBase="D:\actions-runner\_work\XPCO\XPCO\Corporate\VideoOS.Administration.WpfControls.UnitTests\bin\x64\Debug\net472\VideoOS.Administration.WpfControls.UnitTests.dll" adapterTypeName="executor://mstestadapter/v2" className="VideoOS.Administration.WpfControls.UnitTests.HardwareSetupDialog.Converters.EmptyStringToVisibilityConverterUnitTests" name="NullObjectConvertsToVisible" />
    </UnitTest>
    <UnitTest name="AllHardwareSelected_Set_TrueTest" storage="d:\actions-runner\_work\xpco\xpco\corporate\videoos.administration.wpfcontrols.unittests\bin\x64\debug\net472\videoos.administration.wpfcontrols.unittests.dll" id="93477380-b89c-b371-b0e8-3f7b061744b3">
      <Owners>
        <Owner name="lsk" />
      </Owners>
      <Execution id="918e9cc9-95ac-47a4-90a5-01260ea622f4" />
      <TestMethod codeBase="D:\actions-runner\_work\XPCO\XPCO\Corporate\VideoOS.Administration.WpfControls.UnitTests\bin\x64\Debug\net472\VideoOS.Administration.WpfControls.UnitTests.dll" adapterTypeName="executor://mstestadapter/v2" className="VideoOS.Administration.WpfControls.UnitTests.Wizards.MoveHardware.PageViewModelHardwareSelectionTest" name="AllHardwareSelected_Set_TrueTest" />
    </UnitTest>
    <UnitTest name="CurrentStatus_PostNavigatingTo_PreselectionTest" storage="d:\actions-runner\_work\xpco\xpco\corporate\videoos.administration.wpfcontrols.unittests\bin\x64\debug\net472\videoos.administration.wpfcontrols.unittests.dll" id="bb91231b-51b7-d87f-2bdd-85c1c55386db">
      <Owners>
        <Owner name="lsk" />
      </Owners>
      <Execution id="7dc4f6d5-735b-4326-95a5-210e41ddfe3f" />
      <TestMethod codeBase="D:\actions-runner\_work\XPCO\XPCO\Corporate\VideoOS.Administration.WpfControls.UnitTests\bin\x64\Debug\net472\VideoOS.Administration.WpfControls.UnitTests.dll" adapterTypeName="executor://mstestadapter/v2" className="VideoOS.Administration.WpfControls.UnitTests.Wizards.MoveHardware.PageViewModelHardwareSelectionTest" name="CurrentStatus_PostNavigatingTo_PreselectionTest" />
    </UnitTest>
    <UnitTest name="Convert_IsNullOrEmpty_WhiteSpace_Input_Returns_FalseResult" storage="d:\actions-runner\_work\xpco\xpco\corporate\videoos.administration.wpfcontrols.unittests\bin\x64\debug\net472\videoos.administration.wpfcontrols.unittests.dll" id="2e391c7e-1dce-9fa6-0e65-96dba3873d48">
      <Execution id="721915ba-3dc5-49ae-9f19-73f29bbbcc48" />
      <TestMethod codeBase="D:\actions-runner\_work\XPCO\XPCO\Corporate\VideoOS.Administration.WpfControls.UnitTests\bin\x64\Debug\net472\VideoOS.Administration.WpfControls.UnitTests.dll" adapterTypeName="executor://mstestadapter/v2" className="VideoOS.Administration.WpfControls.UnitTests.Mvvm.Converters.StringMethodResultConverterUnitTests" name="Convert_IsNullOrEmpty_WhiteSpace_Input_Returns_FalseResult" />
    </UnitTest>
    <UnitTest name="AllHardwareSelected_Update_NoneSelectedTest" storage="d:\actions-runner\_work\xpco\xpco\corporate\videoos.administration.wpfcontrols.unittests\bin\x64\debug\net472\videoos.administration.wpfcontrols.unittests.dll" id="654f6a20-5503-1b61-9bad-eb401ba7a60d">
      <Owners>
        <Owner name="max" />
      </Owners>
      <Execution id="5362ee5f-9a77-4b20-96ff-275c49db9aa8" />
      <TestMethod codeBase="D:\actions-runner\_work\XPCO\XPCO\Corporate\VideoOS.Administration.WpfControls.UnitTests\bin\x64\Debug\net472\VideoOS.Administration.WpfControls.UnitTests.dll" adapterTypeName="executor://mstestadapter/v2" className="VideoOS.Administration.WpfControls.UnitTests.Wizards.ChangeHardwarePassword.PageViewModelHardwareSelectionTest" name="AllHardwareSelected_Update_NoneSelectedTest" />
    </UnitTest>
    <UnitTest name="ConvertBack_InvalidOperationTest" storage="d:\actions-runner\_work\xpco\xpco\corporate\videoos.administration.wpfcontrols.unittests\bin\x64\debug\net472\videoos.administration.wpfcontrols.unittests.dll" id="8ed8776d-bd0c-b8c2-c135-737b7a3f0b5f">
      <Owners>
        <Owner name="lsk" />
      </Owners>
      <Execution id="f021acb4-fc21-4cba-9123-dc97f828c9e9" />
      <TestMethod codeBase="D:\actions-runner\_work\XPCO\XPCO\Corporate\VideoOS.Administration.WpfControls.UnitTests\bin\x64\Debug\net472\VideoOS.Administration.WpfControls.UnitTests.dll" adapterTypeName="executor://mstestadapter/v2" className="VideoOS.Administration.WpfControls.UnitTests.Wizards.MoveHardware.UsagePercentageMultiValueConverterTest" name="ConvertBack_InvalidOperationTest" />
    </UnitTest>
    <UnitTest name="ScheduleNextRun_InvalidParam_Uri_Throws_ArgumentNullException" storage="d:\actions-runner\_work\xpco\xpco\corporate\videoos.administration.wpfcontrols.unittests\bin\x64\debug\net472\videoos.administration.wpfcontrols.unittests.dll" id="46089004-001c-c3b4-babc-ac4ce13a4540">
      <TestCategory>
        <TestCategoryItem TestCategory="VideoOS Administration" />
      </TestCategory>
      <Execution id="1aa01151-516a-404f-836c-8e4f0bddf3f5" />
      <TestMethod codeBase="D:\actions-runner\_work\XPCO\XPCO\Corporate\VideoOS.Administration.WpfControls.UnitTests\bin\x64\Debug\net472\VideoOS.Administration.WpfControls.UnitTests.dll" adapterTypeName="executor://mstestadapter/v2" className="VideoOS.Administration.WpfControls.UnitTests.Login.ChangePasswordThreadTests" name="ScheduleNextRun_InvalidParam_Uri_Throws_ArgumentNullException" />
    </UnitTest>
    <UnitTest name="Convert_ToValue_AvailableOnly_UsageZeroTest" storage="d:\actions-runner\_work\xpco\xpco\corporate\videoos.administration.wpfcontrols.unittests\bin\x64\debug\net472\videoos.administration.wpfcontrols.unittests.dll" id="bb78fa2c-7ddd-0cd1-5d2d-7771ad5bae3e">
      <Owners>
        <Owner name="lsk" />
      </Owners>
      <Execution id="f459bd0a-eeca-413a-9446-a2f6fa31e9e6" />
      <TestMethod codeBase="D:\actions-runner\_work\XPCO\XPCO\Corporate\VideoOS.Administration.WpfControls.UnitTests\bin\x64\Debug\net472\VideoOS.Administration.WpfControls.UnitTests.dll" adapterTypeName="executor://mstestadapter/v2" className="VideoOS.Administration.WpfControls.UnitTests.Wizards.MoveHardware.UsagePercentageMultiValueConverterTest" name="Convert_ToValue_AvailableOnly_UsageZeroTest" />
    </UnitTest>
    <UnitTest name="Convert_IsNullOrEmpty_Null_Input_Returns_TrueResult" storage="d:\actions-runner\_work\xpco\xpco\corporate\videoos.administration.wpfcontrols.unittests\bin\x64\debug\net472\videoos.administration.wpfcontrols.unittests.dll" id="f5b9c939-e0ce-8ebd-f00d-5987bef52e3e">
      <Execution id="4ea9cb3b-4630-46b4-80dc-5d27b313886e" />
      <TestMethod codeBase="D:\actions-runner\_work\XPCO\XPCO\Corporate\VideoOS.Administration.WpfControls.UnitTests\bin\x64\Debug\net472\VideoOS.Administration.WpfControls.UnitTests.dll" adapterTypeName="executor://mstestadapter/v2" className="VideoOS.Administration.WpfControls.UnitTests.Mvvm.Converters.StringMethodResultConverterUnitTests" name="Convert_IsNullOrEmpty_Null_Input_Returns_TrueResult" />
    </UnitTest>
    <UnitTest name="Convert_AllValues" storage="d:\actions-runner\_work\xpco\xpco\corporate\videoos.administration.wpfcontrols.unittests\bin\x64\debug\net472\videoos.administration.wpfcontrols.unittests.dll" id="a403124d-1ca6-0f66-737b-ca70a0aa0ea6">
      <Execution id="98d791fb-766c-4434-844a-3f6fa88188f7" />
      <TestMethod codeBase="D:\actions-runner\_work\XPCO\XPCO\Corporate\VideoOS.Administration.WpfControls.UnitTests\bin\x64\Debug\net472\VideoOS.Administration.WpfControls.UnitTests.dll" adapterTypeName="executor://mstestadapter/v2" className="VideoOS.Administration.WpfControls.UnitTests.Wizards.UpdateFirmware.View.Converters.OperationStatusToStringConverterTest" name="Convert_AllValues" />
    </UnitTest>
    <UnitTest name="Convert_AllValues" storage="d:\actions-runner\_work\xpco\xpco\corporate\videoos.administration.wpfcontrols.unittests\bin\x64\debug\net472\videoos.administration.wpfcontrols.unittests.dll" id="94129610-3ce2-205b-4a42-45c4d697d9ed">
      <Execution id="987d46ce-65a9-4fb6-aaa6-5b3685179061" />
      <TestMethod codeBase="D:\actions-runner\_work\XPCO\XPCO\Corporate\VideoOS.Administration.WpfControls.UnitTests\bin\x64\Debug\net472\VideoOS.Administration.WpfControls.UnitTests.dll" adapterTypeName="executor://mstestadapter/v2" className="VideoOS.Administration.WpfControls.UnitTests.Wizards.ChangeHardwarePassword.ValidationErrorToStringValueConverterUnitTests" name="Convert_AllValues" />
    </UnitTest>
    <UnitTest name="PreviousCommand_IsAvailable_AvailableTest" storage="d:\actions-runner\_work\xpco\xpco\corporate\videoos.administration.wpfcontrols.unittests\bin\x64\debug\net472\videoos.administration.wpfcontrols.unittests.dll" id="08edd840-a09f-9a15-0c61-afe7bf3e0d5b">
      <Owners>
        <Owner name="lsk" />
      </Owners>
      <Execution id="e2b44405-22d4-4bb6-8500-451f02ac15ae" />
      <TestMethod codeBase="D:\actions-runner\_work\XPCO\XPCO\Corporate\VideoOS.Administration.WpfControls.UnitTests\bin\x64\Debug\net472\VideoOS.Administration.WpfControls.UnitTests.dll" adapterTypeName="executor://mstestadapter/v2" className="VideoOS.Administration.WpfControls.UnitTests.Wizards.Common.WizardBaseViewModelTest" name="PreviousCommand_IsAvailable_AvailableTest" />
    </UnitTest>
    <UnitTest name="Convert_Hours_IncludingMinutesTest" storage="d:\actions-runner\_work\xpco\xpco\corporate\videoos.administration.wpfcontrols.unittests\bin\x64\debug\net472\videoos.administration.wpfcontrols.unittests.dll" id="242f1548-7f00-63b2-b713-b1822d6c02a9">
      <Owners>
        <Owner name="lsk" />
      </Owners>
      <Execution id="f7c6bd15-f961-4634-bff9-a799391b2123" />
      <TestMethod codeBase="D:\actions-runner\_work\XPCO\XPCO\Corporate\VideoOS.Administration.WpfControls.UnitTests\bin\x64\Debug\net472\VideoOS.Administration.WpfControls.UnitTests.dll" adapterTypeName="executor://mstestadapter/v2" className="VideoOS.Administration.WpfControls.UnitTests.Wizards.MoveHardware.StorageRetentionTimeToStringValueConverterTest" name="Convert_Hours_IncludingMinutesTest" />
    </UnitTest>
    <UnitTest name="NavigatingTo_ExceptionHandling_MoveHardwareException_PreselectedThrowsTest" storage="d:\actions-runner\_work\xpco\xpco\corporate\videoos.administration.wpfcontrols.unittests\bin\x64\debug\net472\videoos.administration.wpfcontrols.unittests.dll" id="56b9189d-b561-f0d0-7bf8-be84db66e56f">
      <Owners>
        <Owner name="lsk" />
      </Owners>
      <Execution id="efb5a736-e397-47a0-9508-a513f4069469" />
      <TestMethod codeBase="D:\actions-runner\_work\XPCO\XPCO\Corporate\VideoOS.Administration.WpfControls.UnitTests\bin\x64\Debug\net472\VideoOS.Administration.WpfControls.UnitTests.dll" adapterTypeName="executor://mstestadapter/v2" className="VideoOS.Administration.WpfControls.UnitTests.Wizards.MoveHardware.PageViewModelHardwareSelectionTest" name="NavigatingTo_ExceptionHandling_MoveHardwareException_PreselectedThrowsTest" />
    </UnitTest>
    <UnitTest name="Convert_ToBool_UsageOnly_AvailableNegativeTest" storage="d:\actions-runner\_work\xpco\xpco\corporate\videoos.administration.wpfcontrols.unittests\bin\x64\debug\net472\videoos.administration.wpfcontrols.unittests.dll" id="bfaf4ea9-080e-fec9-c4b8-9d1dcf4d86f9">
      <Owners>
        <Owner name="lsk" />
      </Owners>
      <Execution id="2c4b1800-585d-45a2-9ffa-1338e405b868" />
      <TestMethod codeBase="D:\actions-runner\_work\XPCO\XPCO\Corporate\VideoOS.Administration.WpfControls.UnitTests\bin\x64\Debug\net472\VideoOS.Administration.WpfControls.UnitTests.dll" adapterTypeName="executor://mstestadapter/v2" className="VideoOS.Administration.WpfControls.UnitTests.Wizards.MoveHardware.UsagePercentageMultiValueConverterTest" name="Convert_ToBool_UsageOnly_AvailableNegativeTest" />
    </UnitTest>
    <UnitTest name="SortEquality_SameSorts" storage="d:\actions-runner\_work\xpco\xpco\corporate\videoos.administration.wpfcontrols.unittests\bin\x64\debug\net472\videoos.administration.wpfcontrols.unittests.dll" id="5dff3a0f-66a9-facc-e3fc-eaefeb4fd671">
      <Execution id="7f016d9d-4988-4519-91b8-49cdf4370113" />
      <TestMethod codeBase="D:\actions-runner\_work\XPCO\XPCO\Corporate\VideoOS.Administration.WpfControls.UnitTests\bin\x64\Debug\net472\VideoOS.Administration.WpfControls.UnitTests.dll" adapterTypeName="executor://mstestadapter/v2" className="VideoOS.Administration.WpfControls.UnitTests.Wizards.Common.TwoSortsToSortEqualityMultiValueConverterTest" name="SortEquality_SameSorts" />
    </UnitTest>
    <UnitTest name="Convert_Parameters_TargetType_NullTest" storage="d:\actions-runner\_work\xpco\xpco\corporate\videoos.administration.wpfcontrols.unittests\bin\x64\debug\net472\videoos.administration.wpfcontrols.unittests.dll" id="d517a086-c0f5-24fc-bf36-9f287fa8b95a">
      <Owners>
        <Owner name="lsk" />
      </Owners>
      <Execution id="a59363aa-2442-409c-96ef-a1d165eef55b" />
      <TestMethod codeBase="D:\actions-runner\_work\XPCO\XPCO\Corporate\VideoOS.Administration.WpfControls.UnitTests\bin\x64\Debug\net472\VideoOS.Administration.WpfControls.UnitTests.dll" adapterTypeName="executor://mstestadapter/v2" className="VideoOS.Administration.WpfControls.UnitTests.Wizards.MoveHardware.StorageRetentionTimeToStringValueConverterTest" name="Convert_Parameters_TargetType_NullTest" />
    </UnitTest>
    <UnitTest name="NavigatingTo_CheckPreselectedRecorderAvailable_False_NavigationNotCancelled" storage="d:\actions-runner\_work\xpco\xpco\corporate\videoos.administration.wpfcontrols.unittests\bin\x64\debug\net472\videoos.administration.wpfcontrols.unittests.dll" id="c5200ce1-116e-3d3e-a89a-8d38c5fad705">
      <Execution id="6ce9e6bd-3ac8-4d60-ad23-799cd7bbe7a8" />
      <TestMethod codeBase="D:\actions-runner\_work\XPCO\XPCO\Corporate\VideoOS.Administration.WpfControls.UnitTests\bin\x64\Debug\net472\VideoOS.Administration.WpfControls.UnitTests.dll" adapterTypeName="executor://mstestadapter/v2" className="VideoOS.Administration.WpfControls.UnitTests.Wizards.ChangeHardwarePassword.PageViewModelPreValidationTest" name="NavigatingTo_CheckPreselectedRecorderAvailable_False_NavigationNotCancelled" />
    </UnitTest>
    <UnitTest name="Validate_WithPasswordManualEntry_Empty" storage="d:\actions-runner\_work\xpco\xpco\corporate\videoos.administration.wpfcontrols.unittests\bin\x64\debug\net472\videoos.administration.wpfcontrols.unittests.dll" id="7115e4f8-539b-b199-92f7-b9bc6936260b">
      <Owners>
        <Owner name="max" />
      </Owners>
      <Execution id="c57badae-6973-4048-ac83-c843f9b84b3e" />
      <TestMethod codeBase="D:\actions-runner\_work\XPCO\XPCO\Corporate\VideoOS.Administration.WpfControls.UnitTests\bin\x64\Debug\net472\VideoOS.Administration.WpfControls.UnitTests.dll" adapterTypeName="executor://mstestadapter/v2" className="VideoOS.Administration.WpfControls.UnitTests.Wizards.ChangeHardwarePassword.PageViewModelChangeHardwarePasswordTest" name="Validate_WithPasswordManualEntry_Empty" />
    </UnitTest>
    <UnitTest name="NavigatingTo_UnsuccessfulChange_PasswordChangeSucceededUnset" storage="d:\actions-runner\_work\xpco\xpco\corporate\videoos.administration.wpfcontrols.unittests\bin\x64\debug\net472\videoos.administration.wpfcontrols.unittests.dll" id="c20a457b-898f-4564-ecae-0606fce3d9a1">
      <Owners>
        <Owner name="max" />
      </Owners>
      <Execution id="d0fb8e3f-b780-4e58-94a4-6968dafdb02f" />
      <TestMethod codeBase="D:\actions-runner\_work\XPCO\XPCO\Corporate\VideoOS.Administration.WpfControls.UnitTests\bin\x64\Debug\net472\VideoOS.Administration.WpfControls.UnitTests.dll" adapterTypeName="executor://mstestadapter/v2" className="VideoOS.Administration.WpfControls.UnitTests.Wizards.ChangeHardwarePassword.PageViewModelChangeHardwarePasswordProgressTest" name="NavigatingTo_UnsuccessfulChange_PasswordChangeSucceededUnset" />
    </UnitTest>
    <UnitTest name="Convert_OneWarning" storage="d:\actions-runner\_work\xpco\xpco\corporate\videoos.administration.wpfcontrols.unittests\bin\x64\debug\net472\videoos.administration.wpfcontrols.unittests.dll" id="e6367bf8-be89-f213-6e69-88fe1a7c355f">
      <Execution id="398bc968-afeb-4ed2-b9db-13942250b737" />
      <TestMethod codeBase="D:\actions-runner\_work\XPCO\XPCO\Corporate\VideoOS.Administration.WpfControls.UnitTests\bin\x64\Debug\net472\VideoOS.Administration.WpfControls.UnitTests.dll" adapterTypeName="executor://mstestadapter/v2" className="VideoOS.Administration.WpfControls.UnitTests.Wizards.MoveHardware.WarningsToStringConverterTest" name="Convert_OneWarning" />
    </UnitTest>
    <UnitTest name="PreviousCommand_NavigatingTo_Cancelled" storage="d:\actions-runner\_work\xpco\xpco\corporate\videoos.administration.wpfcontrols.unittests\bin\x64\debug\net472\videoos.administration.wpfcontrols.unittests.dll" id="ed22ff18-5317-35a9-5b39-ad658639a61b">
      <Owners>
        <Owner name="KK" />
      </Owners>
      <Execution id="d9422da6-a876-4aba-9144-349dfdfe4ef0" />
      <TestMethod codeBase="D:\actions-runner\_work\XPCO\XPCO\Corporate\VideoOS.Administration.WpfControls.UnitTests\bin\x64\Debug\net472\VideoOS.Administration.WpfControls.UnitTests.dll" adapterTypeName="executor://mstestadapter/v2" className="VideoOS.Administration.WpfControls.UnitTests.Wizards.Common.WizardBaseViewModelTest" name="PreviousCommand_NavigatingTo_Cancelled" />
    </UnitTest>
    <UnitTest name="NavigatingTo_NoChecksFail_HardwareSelected_NavigationCancelled" storage="d:\actions-runner\_work\xpco\xpco\corporate\videoos.administration.wpfcontrols.unittests\bin\x64\debug\net472\videoos.administration.wpfcontrols.unittests.dll" id="7fd22bb6-65ff-2447-ac2a-92aa6940db46">
      <Execution id="bc0e298f-1d69-4ec3-a627-9e315701fe31" />
      <TestMethod codeBase="D:\actions-runner\_work\XPCO\XPCO\Corporate\VideoOS.Administration.WpfControls.UnitTests\bin\x64\Debug\net472\VideoOS.Administration.WpfControls.UnitTests.dll" adapterTypeName="executor://mstestadapter/v2" className="VideoOS.Administration.WpfControls.UnitTests.Wizards.ChangeHardwarePassword.PageViewModelPreValidationTest" name="NavigatingTo_NoChecksFail_HardwareSelected_NavigationCancelled" />
    </UnitTest>
    <UnitTest name="NavigatingTo_ErrorHandling_FindStorages_UnknownExceptionTest" storage="d:\actions-runner\_work\xpco\xpco\corporate\videoos.administration.wpfcontrols.unittests\bin\x64\debug\net472\videoos.administration.wpfcontrols.unittests.dll" id="912b14b8-7a65-de53-0707-a491d0e913c9">
      <Owners>
        <Owner name="lsk" />
      </Owners>
      <Execution id="3d437056-6590-4d57-92a4-365384396340" />
      <TestMethod codeBase="D:\actions-runner\_work\XPCO\XPCO\Corporate\VideoOS.Administration.WpfControls.UnitTests\bin\x64\Debug\net472\VideoOS.Administration.WpfControls.UnitTests.dll" adapterTypeName="executor://mstestadapter/v2" className="VideoOS.Administration.WpfControls.UnitTests.Wizards.MoveHardware.PageViewModelDestinationStorageSelectionTest" name="NavigatingTo_ErrorHandling_FindStorages_UnknownExceptionTest" />
    </UnitTest>
    <UnitTest name="PreviousCommand_CanExecute_PageBusyTest" storage="d:\actions-runner\_work\xpco\xpco\corporate\videoos.administration.wpfcontrols.unittests\bin\x64\debug\net472\videoos.administration.wpfcontrols.unittests.dll" id="24552ad2-e7f5-eee6-01a8-24b309fa6f3a">
      <Owners>
        <Owner name="lsk" />
      </Owners>
      <Execution id="78312d71-624f-488e-a1bc-0d957a98d828" />
      <TestMethod codeBase="D:\actions-runner\_work\XPCO\XPCO\Corporate\VideoOS.Administration.WpfControls.UnitTests\bin\x64\Debug\net472\VideoOS.Administration.WpfControls.UnitTests.dll" adapterTypeName="executor://mstestadapter/v2" className="VideoOS.Administration.WpfControls.UnitTests.Wizards.Common.WizardBaseViewModelTest" name="PreviousCommand_CanExecute_PageBusyTest" />
    </UnitTest>
    <UnitTest name="CurrentStatus_Event_SetSelection" storage="d:\actions-runner\_work\xpco\xpco\corporate\videoos.administration.wpfcontrols.unittests\bin\x64\debug\net472\videoos.administration.wpfcontrols.unittests.dll" id="cdc6d677-039e-88a9-a26b-5e1ff491e38b">
      <Owners>
        <Owner name="max" />
      </Owners>
      <Execution id="8a8a5f1c-fba6-41a0-961e-7bf2d168a73a" />
      <TestMethod codeBase="D:\actions-runner\_work\XPCO\XPCO\Corporate\VideoOS.Administration.WpfControls.UnitTests\bin\x64\Debug\net472\VideoOS.Administration.WpfControls.UnitTests.dll" adapterTypeName="executor://mstestadapter/v2" className="VideoOS.Administration.WpfControls.UnitTests.Wizards.ChangeHardwarePassword.PageViewModelChangeHardwarePasswordTest" name="CurrentStatus_Event_SetSelection" />
    </UnitTest>
    <UnitTest name="NavigatingTo_SuccessfulChange_PasswordChangeSucceededSet" storage="d:\actions-runner\_work\xpco\xpco\corporate\videoos.administration.wpfcontrols.unittests\bin\x64\debug\net472\videoos.administration.wpfcontrols.unittests.dll" id="dcefa653-93a5-b996-171e-c78a680c4ee4">
      <Owners>
        <Owner name="max" />
      </Owners>
      <Execution id="cbcb588c-9c34-42bc-8323-8daaef8b8dc4" />
      <TestMethod codeBase="D:\actions-runner\_work\XPCO\XPCO\Corporate\VideoOS.Administration.WpfControls.UnitTests\bin\x64\Debug\net472\VideoOS.Administration.WpfControls.UnitTests.dll" adapterTypeName="executor://mstestadapter/v2" className="VideoOS.Administration.WpfControls.UnitTests.Wizards.ChangeHardwarePassword.PageViewModelChangeHardwarePasswordProgressTest" name="NavigatingTo_SuccessfulChange_PasswordChangeSucceededSet" />
    </UnitTest>
    <UnitTest name="Constructor_HardwareSelectionNullTest" storage="d:\actions-runner\_work\xpco\xpco\corporate\videoos.administration.wpfcontrols.unittests\bin\x64\debug\net472\videoos.administration.wpfcontrols.unittests.dll" id="f2213902-1d41-6fe7-b547-2debdd45e382">
      <Owners>
        <Owner name="lsk" />
      </Owners>
      <Execution id="28e721f1-a33c-4429-a868-86761a03eac9" />
      <TestMethod codeBase="D:\actions-runner\_work\XPCO\XPCO\Corporate\VideoOS.Administration.WpfControls.UnitTests\bin\x64\Debug\net472\VideoOS.Administration.WpfControls.UnitTests.dll" adapterTypeName="executor://mstestadapter/v2" className="VideoOS.Administration.WpfControls.UnitTests.Wizards.MoveHardware.WizardViewModelTest" name="Constructor_HardwareSelectionNullTest" />
    </UnitTest>
    <UnitTest name="Equality_NotEqual_DifferentIsFallbackFixedTest" storage="d:\actions-runner\_work\xpco\xpco\corporate\videoos.administration.wpfcontrols.unittests\bin\x64\debug\net472\videoos.administration.wpfcontrols.unittests.dll" id="2b1e28ec-3a6f-1d9d-a4e9-8575d3c172e6">
      <Owners>
        <Owner name="lsk" />
      </Owners>
      <Execution id="51ed49e8-1054-461a-a7fb-4e83e10aeccd" />
      <TestMethod codeBase="D:\actions-runner\_work\XPCO\XPCO\Corporate\VideoOS.Administration.WpfControls.UnitTests\bin\x64\Debug\net472\VideoOS.Administration.WpfControls.UnitTests.dll" adapterTypeName="executor://mstestadapter/v2" className="VideoOS.Administration.WpfControls.UnitTests.Mvvm.Sort.SimpleSortWithFallbackTest" name="Equality_NotEqual_DifferentIsFallbackFixedTest" />
    </UnitTest>
    <UnitTest name="Convert_ArgumentNullException" storage="d:\actions-runner\_work\xpco\xpco\corporate\videoos.administration.wpfcontrols.unittests\bin\x64\debug\net472\videoos.administration.wpfcontrols.unittests.dll" id="4e51ac3e-d4b3-8ce3-0953-07f39b877784">
      <Execution id="4c5e672d-20a5-4e17-9e96-b89a8ef70937" />
      <TestMethod codeBase="D:\actions-runner\_work\XPCO\XPCO\Corporate\VideoOS.Administration.WpfControls.UnitTests\bin\x64\Debug\net472\VideoOS.Administration.WpfControls.UnitTests.dll" adapterTypeName="executor://mstestadapter/v2" className="VideoOS.Administration.WpfControls.UnitTests.Wizards.ChangeHardwarePassword.WarningsToStringConverterTest" name="Convert_ArgumentNullException" />
    </UnitTest>
    <UnitTest name="Convert_Parameters_TargetType_InvalidTest" storage="d:\actions-runner\_work\xpco\xpco\corporate\videoos.administration.wpfcontrols.unittests\bin\x64\debug\net472\videoos.administration.wpfcontrols.unittests.dll" id="b8b140ed-d5d9-0145-6ed7-49d434570c45">
      <Owners>
        <Owner name="lsk" />
      </Owners>
      <Execution id="f1542876-5038-44ba-bd15-2b52040ff943" />
      <TestMethod codeBase="D:\actions-runner\_work\XPCO\XPCO\Corporate\VideoOS.Administration.WpfControls.UnitTests\bin\x64\Debug\net472\VideoOS.Administration.WpfControls.UnitTests.dll" adapterTypeName="executor://mstestadapter/v2" className="VideoOS.Administration.WpfControls.UnitTests.Wizards.MoveHardware.StorageRetentionTimeToStringValueConverterTest" name="Convert_Parameters_TargetType_InvalidTest" />
    </UnitTest>
    <UnitTest name="Convert_ToBool_AvailableOnly_UsageZeroTest" storage="d:\actions-runner\_work\xpco\xpco\corporate\videoos.administration.wpfcontrols.unittests\bin\x64\debug\net472\videoos.administration.wpfcontrols.unittests.dll" id="c95f527c-0926-e4f0-6839-6e4f386c13e0">
      <Owners>
        <Owner name="lsk" />
      </Owners>
      <Execution id="399d41e6-54fe-48bc-b32a-bfe0b7dfba46" />
      <TestMethod codeBase="D:\actions-runner\_work\XPCO\XPCO\Corporate\VideoOS.Administration.WpfControls.UnitTests\bin\x64\Debug\net472\VideoOS.Administration.WpfControls.UnitTests.dll" adapterTypeName="executor://mstestadapter/v2" className="VideoOS.Administration.WpfControls.UnitTests.Wizards.MoveHardware.UsagePercentageMultiValueConverterTest" name="Convert_ToBool_AvailableOnly_UsageZeroTest" />
    </UnitTest>
    <UnitTest name="Convert_IsNullOrWhiteSpace_Empty_Input_Returns_TrueResult" storage="d:\actions-runner\_work\xpco\xpco\corporate\videoos.administration.wpfcontrols.unittests\bin\x64\debug\net472\videoos.administration.wpfcontrols.unittests.dll" id="29d19e8c-3be0-ee7a-3951-dd342f2ccf53">
      <Execution id="1397e9e9-32f7-4772-8aaf-b7bbc64c3476" />
      <TestMethod codeBase="D:\actions-runner\_work\XPCO\XPCO\Corporate\VideoOS.Administration.WpfControls.UnitTests\bin\x64\Debug\net472\VideoOS.Administration.WpfControls.UnitTests.dll" adapterTypeName="executor://mstestadapter/v2" className="VideoOS.Administration.WpfControls.UnitTests.Mvvm.Converters.StringMethodResultConverterUnitTests" name="Convert_IsNullOrWhiteSpace_Empty_Input_Returns_TrueResult" />
    </UnitTest>
    <UnitTest name="NavigatingAway_WithFirmwarePath_SetProperly" storage="d:\actions-runner\_work\xpco\xpco\corporate\videoos.administration.wpfcontrols.unittests\bin\x64\debug\net472\videoos.administration.wpfcontrols.unittests.dll" id="549bdddc-6026-e835-122f-1a9746498ce1">
      <Owners>
        <Owner name="ale" />
      </Owners>
      <Execution id="73e5bc8e-a8aa-4960-967d-33f5e1f67776" />
      <TestMethod codeBase="D:\actions-runner\_work\XPCO\XPCO\Corporate\VideoOS.Administration.WpfControls.UnitTests\bin\x64\Debug\net472\VideoOS.Administration.WpfControls.UnitTests.dll" adapterTypeName="executor://mstestadapter/v2" className="VideoOS.Administration.WpfControls.UnitTests.Wizards.UpdateFirmware.ViewModel.PageViewModelFirmwareUpdateTest" name="NavigatingAway_WithFirmwarePath_SetProperly" />
    </UnitTest>
    <UnitTest name="SystemDashboard_LookupThresholdDirection_Success" storage="d:\actions-runner\_work\xpco\xpco\corporate\videoos.administration.wpfcontrols.unittests\bin\x64\debug\net472\videoos.administration.wpfcontrols.unittests.dll" id="02859efd-d8a6-c9fa-0c6c-dc8aa96a48c1">
      <Execution id="cbd95e1b-eafa-4778-a5f5-dd7d69ca4342" />
      <TestMethod codeBase="D:\actions-runner\_work\XPCO\XPCO\Corporate\VideoOS.Administration.WpfControls.UnitTests\bin\x64\Debug\net472\VideoOS.Administration.WpfControls.UnitTests.dll" adapterTypeName="executor://mstestadapter/v2" className="VideoOS.Administration.WpfControls.UnitTests.SystemMonitorEventThresholds.ViewModel.SystemDashboard_PerformanceStateRuleConfigurationHelperTest" name="SystemDashboard_LookupThresholdDirection_Success" />
    </UnitTest>
    <UnitTest name="Constructor_HardwareSelectionEmptyTest" storage="d:\actions-runner\_work\xpco\xpco\corporate\videoos.administration.wpfcontrols.unittests\bin\x64\debug\net472\videoos.administration.wpfcontrols.unittests.dll" id="ca66df3e-996d-ddec-d6b1-59ad7bd2ea20">
      <Owners>
        <Owner name="ale" />
      </Owners>
      <Execution id="f4ed3a47-9c11-4ee6-938c-228d84e226dd" />
      <TestMethod codeBase="D:\actions-runner\_work\XPCO\XPCO\Corporate\VideoOS.Administration.WpfControls.UnitTests\bin\x64\Debug\net472\VideoOS.Administration.WpfControls.UnitTests.dll" adapterTypeName="executor://mstestadapter/v2" className="VideoOS.Administration.WpfControls.UnitTests.Wizards.UpdateFirmware.ViewModel.WizardFirmwareUpdateViewModelTest" name="Constructor_HardwareSelectionEmptyTest" />
    </UnitTest>
    <UnitTest name="ConvertBack_InvalidOperationException" storage="d:\actions-runner\_work\xpco\xpco\corporate\videoos.administration.wpfcontrols.unittests\bin\x64\debug\net472\videoos.administration.wpfcontrols.unittests.dll" id="cf57110a-f557-2dc4-68f2-0cfc31945112">
      <Execution id="8b745e9f-0e26-401b-aa68-d0f0f9a82c53" />
      <TestMethod codeBase="D:\actions-runner\_work\XPCO\XPCO\Corporate\VideoOS.Administration.WpfControls.UnitTests\bin\x64\Debug\net472\VideoOS.Administration.WpfControls.UnitTests.dll" adapterTypeName="executor://mstestadapter/v2" className="VideoOS.Administration.WpfControls.UnitTests.Wizards.ChangeHardwarePassword.StatusToSingleValueConverterTest" name="ConvertBack_InvalidOperationException" />
    </UnitTest>
    <UnitTest name="NavigatingTo_CheckDestinationRecordersAvailable_False_NavigationNotCancelled" storage="d:\actions-runner\_work\xpco\xpco\corporate\videoos.administration.wpfcontrols.unittests\bin\x64\debug\net472\videoos.administration.wpfcontrols.unittests.dll" id="df4ea864-4e3c-cced-6270-17f50a07bf39">
      <Execution id="604d4b6e-b9dd-48bd-805b-ddaead53e8e2" />
      <TestMethod codeBase="D:\actions-runner\_work\XPCO\XPCO\Corporate\VideoOS.Administration.WpfControls.UnitTests\bin\x64\Debug\net472\VideoOS.Administration.WpfControls.UnitTests.dll" adapterTypeName="executor://mstestadapter/v2" className="VideoOS.Administration.WpfControls.UnitTests.Wizards.MoveHardware.ViewModel.PageViewModelPreValidationTest" name="NavigatingTo_CheckDestinationRecordersAvailable_False_NavigationNotCancelled" />
    </UnitTest>
    <UnitTest name="NavigatingTo_CheckPreselectedRecorderAvailable_False_NavigationNotCancelled" storage="d:\actions-runner\_work\xpco\xpco\corporate\videoos.administration.wpfcontrols.unittests\bin\x64\debug\net472\videoos.administration.wpfcontrols.unittests.dll" id="2f3f981a-b73f-fb79-e3d7-09241fb6f8ce">
      <Execution id="19b9868f-f47b-4a3a-80a6-4f029e36ef79" />
      <TestMethod codeBase="D:\actions-runner\_work\XPCO\XPCO\Corporate\VideoOS.Administration.WpfControls.UnitTests\bin\x64\Debug\net472\VideoOS.Administration.WpfControls.UnitTests.dll" adapterTypeName="executor://mstestadapter/v2" className="VideoOS.Administration.WpfControls.UnitTests.Wizards.MoveHardware.ViewModel.PageViewModelPreValidationTest" name="NavigatingTo_CheckPreselectedRecorderAvailable_False_NavigationNotCancelled" />
    </UnitTest>
    <UnitTest name="Constructor_HardwareSelectionEmptyTest" storage="d:\actions-runner\_work\xpco\xpco\corporate\videoos.administration.wpfcontrols.unittests\bin\x64\debug\net472\videoos.administration.wpfcontrols.unittests.dll" id="4f67706c-ec17-d0dc-0484-559ff6686c7f">
      <Owners>
        <Owner name="lsk" />
      </Owners>
      <Execution id="c70c18fc-859c-4eb4-a0ca-16cd5567930d" />
      <TestMethod codeBase="D:\actions-runner\_work\XPCO\XPCO\Corporate\VideoOS.Administration.WpfControls.UnitTests\bin\x64\Debug\net472\VideoOS.Administration.WpfControls.UnitTests.dll" adapterTypeName="executor://mstestadapter/v2" className="VideoOS.Administration.WpfControls.UnitTests.Wizards.MoveHardware.WizardViewModelTest" name="Constructor_HardwareSelectionEmptyTest" />
    </UnitTest>
    <UnitTest name="Convert_NoWarnings" storage="d:\actions-runner\_work\xpco\xpco\corporate\videoos.administration.wpfcontrols.unittests\bin\x64\debug\net472\videoos.administration.wpfcontrols.unittests.dll" id="f82ffb2c-a404-9020-7b62-349ae13e5c75">
      <Execution id="5a5109ac-799c-4712-86d6-b687020ec47b" />
      <TestMethod codeBase="D:\actions-runner\_work\XPCO\XPCO\Corporate\VideoOS.Administration.WpfControls.UnitTests\bin\x64\Debug\net472\VideoOS.Administration.WpfControls.UnitTests.dll" adapterTypeName="executor://mstestadapter/v2" className="VideoOS.Administration.WpfControls.UnitTests.Wizards.UpdateFirmware.View.Converters.WarningToStringConverterTest" name="Convert_NoWarnings" />
    </UnitTest>
    <UnitTest name="CalcuateNewColumnWidths_Empty_Columns_Are_Unchanged" storage="d:\actions-runner\_work\xpco\xpco\corporate\videoos.administration.wpfcontrols.unittests\bin\x64\debug\net472\videoos.administration.wpfcontrols.unittests.dll" id="43608a89-1ae8-11be-9ac5-d0c816634fb3">
      <Execution id="35712225-5a7d-4ad3-ac39-74d5a7545beb" />
      <TestMethod codeBase="D:\actions-runner\_work\XPCO\XPCO\Corporate\VideoOS.Administration.WpfControls.UnitTests\bin\x64\Debug\net472\VideoOS.Administration.WpfControls.UnitTests.dll" adapterTypeName="executor://mstestadapter/v2" className="VideoOS.Administration.WpfControls.UnitTests.Mvvm.InitialColumnSizingUnitTests" name="CalcuateNewColumnWidths_Empty_Columns_Are_Unchanged" />
    </UnitTest>
    <UnitTest name="Convert_Empty_Input_Gives_Empty_Output" storage="d:\actions-runner\_work\xpco\xpco\corporate\videoos.administration.wpfcontrols.unittests\bin\x64\debug\net472\videoos.administration.wpfcontrols.unittests.dll" id="a1606dfc-9800-9deb-4db8-fc1f9a0706b9">
      <Execution id="2e73c1fd-2f14-45f3-9cb4-4398fb2ceeae" />
      <TestMethod codeBase="D:\actions-runner\_work\XPCO\XPCO\Corporate\VideoOS.Administration.WpfControls.UnitTests\bin\x64\Debug\net472\VideoOS.Administration.WpfControls.UnitTests.dll" adapterTypeName="executor://mstestadapter/v2" className="VideoOS.Administration.WpfControls.UnitTests.Wizards.ChangeHardwarePassword.MultilineToSingleLineTextConverterUnitTests" name="Convert_Empty_Input_Gives_Empty_Output" />
    </UnitTest>
    <UnitTest name="ColumnWidthSpec_Absolute_NaNWidth_Throws_ArgumentException" storage="d:\actions-runner\_work\xpco\xpco\corporate\videoos.administration.wpfcontrols.unittests\bin\x64\debug\net472\videoos.administration.wpfcontrols.unittests.dll" id="118cab95-3ce6-8f1d-0d35-d7927bbc85d1">
      <Execution id="be3fe884-41fc-4c88-ae48-ced6cef880d7" />
      <TestMethod codeBase="D:\actions-runner\_work\XPCO\XPCO\Corporate\VideoOS.Administration.WpfControls.UnitTests\bin\x64\Debug\net472\VideoOS.Administration.WpfControls.UnitTests.dll" adapterTypeName="executor://mstestadapter/v2" className="VideoOS.Administration.WpfControls.UnitTests.Mvvm.InitialColumnSizingUnitTests" name="ColumnWidthSpec_Absolute_NaNWidth_Throws_ArgumentException" />
    </UnitTest>
    <UnitTest name="LogOnThread_Constructor_NullAuthenticateEventArgs_Throws_ArgumentNullException" storage="d:\actions-runner\_work\xpco\xpco\corporate\videoos.administration.wpfcontrols.unittests\bin\x64\debug\net472\videoos.administration.wpfcontrols.unittests.dll" id="fc1c8124-47bb-a8bc-5737-8872268eedf3">
      <TestCategory>
        <TestCategoryItem TestCategory="VideoOS Administration" />
      </TestCategory>
      <Execution id="66ce2d41-dbb3-4891-bdea-a43ee3132023" />
      <TestMethod codeBase="D:\actions-runner\_work\XPCO\XPCO\Corporate\VideoOS.Administration.WpfControls.UnitTests\bin\x64\Debug\net472\VideoOS.Administration.WpfControls.UnitTests.dll" adapterTypeName="executor://mstestadapter/v2" className="VideoOS.Administration.WpfControls.UnitTests.Login.LogOnThreadTests" name="LogOnThread_Constructor_NullAuthenticateEventArgs_Throws_ArgumentNullException" />
    </UnitTest>
    <UnitTest name="NavigatingTo_PageStatus_HardwareSelected" storage="d:\actions-runner\_work\xpco\xpco\corporate\videoos.administration.wpfcontrols.unittests\bin\x64\debug\net472\videoos.administration.wpfcontrols.unittests.dll" id="a4298eb4-c80a-c59c-c50b-0666aeeebf05">
      <Owners>
        <Owner name="ale" />
      </Owners>
      <Execution id="9a0b090f-3a5b-4e31-a82b-c09778954ad2" />
      <TestMethod codeBase="D:\actions-runner\_work\XPCO\XPCO\Corporate\VideoOS.Administration.WpfControls.UnitTests\bin\x64\Debug\net472\VideoOS.Administration.WpfControls.UnitTests.dll" adapterTypeName="executor://mstestadapter/v2" className="VideoOS.Administration.WpfControls.UnitTests.Wizards.UpdateFirmware.ViewModel.PageViewModelFirmwareUpdateTest" name="NavigatingTo_PageStatus_HardwareSelected" />
    </UnitTest>
    <UnitTest name="Constructor_HardwareSelectionEmptyTest" storage="d:\actions-runner\_work\xpco\xpco\corporate\videoos.administration.wpfcontrols.unittests\bin\x64\debug\net472\videoos.administration.wpfcontrols.unittests.dll" id="6f18b2fa-7718-8add-a5ae-a605498e1f2a">
      <Owners>
        <Owner name="max" />
      </Owners>
      <Execution id="2eb656b6-39b9-4603-96bc-23337ab8d013" />
      <TestMethod codeBase="D:\actions-runner\_work\XPCO\XPCO\Corporate\VideoOS.Administration.WpfControls.UnitTests\bin\x64\Debug\net472\VideoOS.Administration.WpfControls.UnitTests.dll" adapterTypeName="executor://mstestadapter/v2" className="VideoOS.Administration.WpfControls.UnitTests.Wizards.ChangeHardwarePassword.WizardViewModelTest" name="Constructor_HardwareSelectionEmptyTest" />
    </UnitTest>
    <UnitTest name="SortBaseCommon_ConfigurationCheck" storage="d:\actions-runner\_work\xpco\xpco\corporate\videoos.administration.wpfcontrols.unittests\bin\x64\debug\net472\videoos.administration.wpfcontrols.unittests.dll" id="4d7bc167-a349-1630-4956-c316375e39d5">
      <Owners>
        <Owner name="lsk" />
      </Owners>
      <Execution id="c9a8d912-18ec-4ac9-a6f7-8652dc640243" />
      <TestMethod codeBase="D:\actions-runner\_work\XPCO\XPCO\Corporate\VideoOS.Administration.WpfControls.UnitTests\bin\x64\Debug\net472\VideoOS.Administration.WpfControls.UnitTests.dll" adapterTypeName="executor://mstestadapter/v2" className="VideoOS.Administration.WpfControls.UnitTests.Mvvm.Sort.SimpleSortWithFallbackTest" name="SortBaseCommon_ConfigurationCheck" />
    </UnitTest>
    <UnitTest name="Convert_Single_Line_Gives_Unmodified_String" storage="d:\actions-runner\_work\xpco\xpco\corporate\videoos.administration.wpfcontrols.unittests\bin\x64\debug\net472\videoos.administration.wpfcontrols.unittests.dll" id="cb7cc280-eb4f-97ff-9e8d-6fb2e44da770">
      <Execution id="8097c1ac-f3a3-4ef2-bced-54df2a33abc0" />
      <TestMethod codeBase="D:\actions-runner\_work\XPCO\XPCO\Corporate\VideoOS.Administration.WpfControls.UnitTests\bin\x64\Debug\net472\VideoOS.Administration.WpfControls.UnitTests.dll" adapterTypeName="executor://mstestadapter/v2" className="VideoOS.Administration.WpfControls.UnitTests.Wizards.MoveHardware.View.Converters.MultilineToSingleLineTextConverterUnitTests" name="Convert_Single_Line_Gives_Unmodified_String" />
    </UnitTest>
    <UnitTest name="ConvertNonMatchingType" storage="d:\actions-runner\_work\xpco\xpco\corporate\videoos.administration.wpfcontrols.unittests\bin\x64\debug\net472\videoos.administration.wpfcontrols.unittests.dll" id="657e21ce-a52e-6c6a-6311-57335b301012">
      <Execution id="44cbe3c9-7140-4446-8281-9bcb3863b1f7" />
      <TestMethod codeBase="D:\actions-runner\_work\XPCO\XPCO\Corporate\VideoOS.Administration.WpfControls.UnitTests\bin\x64\Debug\net472\VideoOS.Administration.WpfControls.UnitTests.dll" adapterTypeName="executor://mstestadapter/v2" className="VideoOS.Administration.WpfControls.UnitTests.HardwareSetupDialog.Converters.NotEmptyStringToVisibilityConverterUnitTests" name="ConvertNonMatchingType" />
    </UnitTest>
    <UnitTest name="ConvertNonMatchingTypeThrows" storage="d:\actions-runner\_work\xpco\xpco\corporate\videoos.administration.wpfcontrols.unittests\bin\x64\debug\net472\videoos.administration.wpfcontrols.unittests.dll" id="46745c6d-406d-74ac-ea72-14ed1bc148d5">
      <Execution id="85256ac3-815c-400f-a1ad-65be0e1fe7bb" />
      <TestMethod codeBase="D:\actions-runner\_work\XPCO\XPCO\Corporate\VideoOS.Administration.WpfControls.UnitTests\bin\x64\Debug\net472\VideoOS.Administration.WpfControls.UnitTests.dll" adapterTypeName="executor://mstestadapter/v2" className="VideoOS.Administration.WpfControls.UnitTests.HardwareSetupDialog.Converters.NotEmptyStringToBooleanConverterUnitTests" name="ConvertNonMatchingTypeThrows" />
    </UnitTest>
    <UnitTest name="Constructor_HandlerNullTest" storage="d:\actions-runner\_work\xpco\xpco\corporate\videoos.administration.wpfcontrols.unittests\bin\x64\debug\net472\videoos.administration.wpfcontrols.unittests.dll" id="defbbec5-13ee-77a3-27b3-7d9a808c08ff">
      <Owners>
        <Owner name="max" />
      </Owners>
      <Execution id="9c7e4bbe-03c9-4430-a0b3-b88ca3a40d9c" />
      <TestMethod codeBase="D:\actions-runner\_work\XPCO\XPCO\Corporate\VideoOS.Administration.WpfControls.UnitTests\bin\x64\Debug\net472\VideoOS.Administration.WpfControls.UnitTests.dll" adapterTypeName="executor://mstestadapter/v2" className="VideoOS.Administration.WpfControls.UnitTests.Wizards.ChangeHardwarePassword.WizardViewModelTest" name="Constructor_HandlerNullTest" />
    </UnitTest>
    <UnitTest name="PreviousCommand_ExecuteMultipleTest" storage="d:\actions-runner\_work\xpco\xpco\corporate\videoos.administration.wpfcontrols.unittests\bin\x64\debug\net472\videoos.administration.wpfcontrols.unittests.dll" id="7b319b5a-ac7e-27ec-d3d4-424ab7d48072">
      <Owners>
        <Owner name="lsk" />
      </Owners>
      <Execution id="edece72e-aecd-494b-af23-3d6db56be1e8" />
      <TestMethod codeBase="D:\actions-runner\_work\XPCO\XPCO\Corporate\VideoOS.Administration.WpfControls.UnitTests\bin\x64\Debug\net472\VideoOS.Administration.WpfControls.UnitTests.dll" adapterTypeName="executor://mstestadapter/v2" className="VideoOS.Administration.WpfControls.UnitTests.Wizards.Common.WizardBaseViewModelTest" name="PreviousCommand_ExecuteMultipleTest" />
    </UnitTest>
    <UnitTest name="CurrentStatus_Event_SetSelectionTest" storage="d:\actions-runner\_work\xpco\xpco\corporate\videoos.administration.wpfcontrols.unittests\bin\x64\debug\net472\videoos.administration.wpfcontrols.unittests.dll" id="661f4fdd-5778-f70d-7e4e-9944e0c622b5">
      <Owners>
        <Owner name="lsk" />
      </Owners>
      <Execution id="c82168b2-ebc8-45f0-8b50-6f4d32c41b90" />
      <TestMethod codeBase="D:\actions-runner\_work\XPCO\XPCO\Corporate\VideoOS.Administration.WpfControls.UnitTests\bin\x64\Debug\net472\VideoOS.Administration.WpfControls.UnitTests.dll" adapterTypeName="executor://mstestadapter/v2" className="VideoOS.Administration.WpfControls.UnitTests.Wizards.MoveHardware.PageViewModelDestinationRecorderSelectionTest" name="CurrentStatus_Event_SetSelectionTest" />
    </UnitTest>
    <UnitTest name="Convert_Null_TragetType_Throws_ArgumentNullException" storage="d:\actions-runner\_work\xpco\xpco\corporate\videoos.administration.wpfcontrols.unittests\bin\x64\debug\net472\videoos.administration.wpfcontrols.unittests.dll" id="378a45ad-1ba0-3b2c-824b-41b1cb63ba82">
      <Execution id="3e7f21c4-50ed-46d2-ae39-0f431414381f" />
      <TestMethod codeBase="D:\actions-runner\_work\XPCO\XPCO\Corporate\VideoOS.Administration.WpfControls.UnitTests\bin\x64\Debug\net472\VideoOS.Administration.WpfControls.UnitTests.dll" adapterTypeName="executor://mstestadapter/v2" className="VideoOS.Administration.WpfControls.UnitTests.Wizards.MoveHardware.View.Converters.MultilineToSingleLineTextConverterUnitTests" name="Convert_Null_TragetType_Throws_ArgumentNullException" />
    </UnitTest>
    <UnitTest name="Validate_WithPasswordManualEntry_MissingConfirmationPassword" storage="d:\actions-runner\_work\xpco\xpco\corporate\videoos.administration.wpfcontrols.unittests\bin\x64\debug\net472\videoos.administration.wpfcontrols.unittests.dll" id="33b6f5ee-da23-2516-d626-f8cc402f6c53">
      <Owners>
        <Owner name="max" />
      </Owners>
      <Execution id="c8be8445-76e8-4bfa-a11b-5ff4f8a1cc32" />
      <TestMethod codeBase="D:\actions-runner\_work\XPCO\XPCO\Corporate\VideoOS.Administration.WpfControls.UnitTests\bin\x64\Debug\net472\VideoOS.Administration.WpfControls.UnitTests.dll" adapterTypeName="executor://mstestadapter/v2" className="VideoOS.Administration.WpfControls.UnitTests.Wizards.ChangeHardwarePassword.PageViewModelChangeHardwarePasswordTest" name="Validate_WithPasswordManualEntry_MissingConfirmationPassword" />
    </UnitTest>
    <UnitTest name="NavigatingTo_Selection_HardwareSelectionFromHandlerTest" storage="d:\actions-runner\_work\xpco\xpco\corporate\videoos.administration.wpfcontrols.unittests\bin\x64\debug\net472\videoos.administration.wpfcontrols.unittests.dll" id="2ac7088b-aae0-ffc5-163d-fd81acc19408">
      <Owners>
        <Owner name="lsk" />
      </Owners>
      <Execution id="914268f4-b64d-4cca-aa92-7bdaff4e2235" />
      <TestMethod codeBase="D:\actions-runner\_work\XPCO\XPCO\Corporate\VideoOS.Administration.WpfControls.UnitTests\bin\x64\Debug\net472\VideoOS.Administration.WpfControls.UnitTests.dll" adapterTypeName="executor://mstestadapter/v2" className="VideoOS.Administration.WpfControls.UnitTests.Wizards.MoveHardware.PageViewModelHardwareSelectionTest" name="NavigatingTo_Selection_HardwareSelectionFromHandlerTest" />
    </UnitTest>
    <UnitTest name="NavigatingTo_ExceptionHandling_OtherException_FindHardwareThrowsTest" storage="d:\actions-runner\_work\xpco\xpco\corporate\videoos.administration.wpfcontrols.unittests\bin\x64\debug\net472\videoos.administration.wpfcontrols.unittests.dll" id="af9b34af-c129-27ed-6022-fd854a23a0b4">
      <Owners>
        <Owner name="max" />
      </Owners>
      <Execution id="4b4749c0-1f9a-4a7c-9663-5aae5aa7138f" />
      <TestMethod codeBase="D:\actions-runner\_work\XPCO\XPCO\Corporate\VideoOS.Administration.WpfControls.UnitTests\bin\x64\Debug\net472\VideoOS.Administration.WpfControls.UnitTests.dll" adapterTypeName="executor://mstestadapter/v2" className="VideoOS.Administration.WpfControls.UnitTests.Wizards.ChangeHardwarePassword.PageViewModelHardwareSelectionTest" name="NavigatingTo_ExceptionHandling_OtherException_FindHardwareThrowsTest" />
    </UnitTest>
    <UnitTest name="Validate_WithPasswordManualEntry_RequiresDigits_Succeeds" storage="d:\actions-runner\_work\xpco\xpco\corporate\videoos.administration.wpfcontrols.unittests\bin\x64\debug\net472\videoos.administration.wpfcontrols.unittests.dll" id="47fd3bc8-2625-f95e-8fb0-c1a579923ea3">
      <Owners>
        <Owner name="max" />
      </Owners>
      <Execution id="814443dd-867a-4eca-a88f-a40b2e8d2b6a" />
      <TestMethod codeBase="D:\actions-runner\_work\XPCO\XPCO\Corporate\VideoOS.Administration.WpfControls.UnitTests\bin\x64\Debug\net472\VideoOS.Administration.WpfControls.UnitTests.dll" adapterTypeName="executor://mstestadapter/v2" className="VideoOS.Administration.WpfControls.UnitTests.Wizards.ChangeHardwarePassword.PageViewModelChangeHardwarePasswordTest" name="Validate_WithPasswordManualEntry_RequiresDigits_Succeeds" />
    </UnitTest>
    <UnitTest name="Convert_Starting_NewLines_Ignored" storage="d:\actions-runner\_work\xpco\xpco\corporate\videoos.administration.wpfcontrols.unittests\bin\x64\debug\net472\videoos.administration.wpfcontrols.unittests.dll" id="77e4c6e7-3616-588c-8208-115090998ad6">
      <Execution id="7fc451cc-726e-4c59-aabf-ffc787191a88" />
      <TestMethod codeBase="D:\actions-runner\_work\XPCO\XPCO\Corporate\VideoOS.Administration.WpfControls.UnitTests\bin\x64\Debug\net472\VideoOS.Administration.WpfControls.UnitTests.dll" adapterTypeName="executor://mstestadapter/v2" className="VideoOS.Administration.WpfControls.UnitTests.Wizards.MoveHardware.View.Converters.MultilineToSingleLineTextConverterUnitTests" name="Convert_Starting_NewLines_Ignored" />
    </UnitTest>
    <UnitTest name="ThresholdSliderViewModel_InvalidInput3" storage="d:\actions-runner\_work\xpco\xpco\corporate\videoos.administration.wpfcontrols.unittests\bin\x64\debug\net472\videoos.administration.wpfcontrols.unittests.dll" id="94fe0f66-34bb-5758-3095-5179fe115116">
      <TestCategory>
        <TestCategoryItem TestCategory="SystemMonitorEventThresholds" />
      </TestCategory>
      <Execution id="7852bec5-b933-4969-9c01-2aeab3fc6c99" />
      <TestMethod codeBase="D:\actions-runner\_work\XPCO\XPCO\Corporate\VideoOS.Administration.WpfControls.UnitTests\bin\x64\Debug\net472\VideoOS.Administration.WpfControls.UnitTests.dll" adapterTypeName="executor://mstestadapter/v2" className="VideoOS.Administration.WpfControls.UnitTests.SystemMonitorEventThresholds.ViewModel.Slider.ThresholdSliderViewModelTests" name="ThresholdSliderViewModel_InvalidInput3" />
    </UnitTest>
    <UnitTest name="SortBaseCommon_ConfigurationCheck" storage="d:\actions-runner\_work\xpco\xpco\corporate\videoos.administration.wpfcontrols.unittests\bin\x64\debug\net472\videoos.administration.wpfcontrols.unittests.dll" id="8481c23f-3d6d-77ac-46b0-462c3daef337">
      <Owners>
        <Owner name="lsk" />
      </Owners>
      <Execution id="720a2ced-c128-4f7a-949f-9b6e3fdc1ef8" />
      <TestMethod codeBase="D:\actions-runner\_work\XPCO\XPCO\Corporate\VideoOS.Administration.WpfControls.UnitTests\bin\x64\Debug\net472\VideoOS.Administration.WpfControls.UnitTests.dll" adapterTypeName="executor://mstestadapter/v2" className="VideoOS.Administration.WpfControls.UnitTests.Mvvm.Sort.SimpleSortTest" name="SortBaseCommon_ConfigurationCheck" />
    </UnitTest>
    <UnitTest name="ThresholdColorConverter_Success" storage="d:\actions-runner\_work\xpco\xpco\corporate\videoos.administration.wpfcontrols.unittests\bin\x64\debug\net472\videoos.administration.wpfcontrols.unittests.dll" id="578794d4-5ba7-7fb1-91c8-0222ba3f2584">
      <TestCategory>
        <TestCategoryItem TestCategory="SystemMonitorEventThresholds" />
      </TestCategory>
      <Execution id="fac547e2-9583-4ab6-8a80-97673e6129dc" />
      <TestMethod codeBase="D:\actions-runner\_work\XPCO\XPCO\Corporate\VideoOS.Administration.WpfControls.UnitTests\bin\x64\Debug\net472\VideoOS.Administration.WpfControls.UnitTests.dll" adapterTypeName="executor://mstestadapter/v2" className="VideoOS.Administration.WpfControls.UnitTests.SystemMonitorEventThresholds.Converters.ThresholdConverterTests" name="ThresholdColorConverter_Success" />
    </UnitTest>
    <UnitTest name="NavigatingTo_Selection_HardwareSelectionFromHandlerTest" storage="d:\actions-runner\_work\xpco\xpco\corporate\videoos.administration.wpfcontrols.unittests\bin\x64\debug\net472\videoos.administration.wpfcontrols.unittests.dll" id="f3acd017-a1db-2e96-a424-62e6dd004767">
      <Owners>
        <Owner name="max" />
      </Owners>
      <Execution id="6f358443-3765-4638-bd9c-f5464897dcbe" />
      <TestMethod codeBase="D:\actions-runner\_work\XPCO\XPCO\Corporate\VideoOS.Administration.WpfControls.UnitTests\bin\x64\Debug\net472\VideoOS.Administration.WpfControls.UnitTests.dll" adapterTypeName="executor://mstestadapter/v2" className="VideoOS.Administration.WpfControls.UnitTests.Wizards.ChangeHardwarePassword.PageViewModelHardwareSelectionTest" name="NavigatingTo_Selection_HardwareSelectionFromHandlerTest" />
    </UnitTest>
    <UnitTest name="Constructor_NullDataTest" storage="d:\actions-runner\_work\xpco\xpco\corporate\videoos.administration.wpfcontrols.unittests\bin\x64\debug\net472\videoos.administration.wpfcontrols.unittests.dll" id="ecbec1d8-b667-c635-f550-1642d91b3766">
      <Execution id="f5fc053e-e928-40b4-90ac-3ea44aff4d71" />
      <TestMethod codeBase="D:\actions-runner\_work\XPCO\XPCO\Corporate\VideoOS.Administration.WpfControls.UnitTests\bin\x64\Debug\net472\VideoOS.Administration.WpfControls.UnitTests.dll" adapterTypeName="executor://mstestadapter/v2" className="VideoOS.Administration.WpfControls.UnitTests.Wizards.MoveHardware.ViewModel.PageViewModelPreValidationTest" name="Constructor_NullDataTest" />
    </UnitTest>
    <UnitTest name="UpdateSelection_Garbage_InvalidTypeTest" storage="d:\actions-runner\_work\xpco\xpco\corporate\videoos.administration.wpfcontrols.unittests\bin\x64\debug\net472\videoos.administration.wpfcontrols.unittests.dll" id="c664c30c-04ae-c818-4204-fa5b0fcd7551">
      <Owners>
        <Owner name="max" />
      </Owners>
      <Execution id="e2e529a8-a9b5-4939-b7d7-4b9ec0aff332" />
      <TestMethod codeBase="D:\actions-runner\_work\XPCO\XPCO\Corporate\VideoOS.Administration.WpfControls.UnitTests\bin\x64\Debug\net472\VideoOS.Administration.WpfControls.UnitTests.dll" adapterTypeName="executor://mstestadapter/v2" className="VideoOS.Administration.WpfControls.UnitTests.Wizards.ChangeHardwarePassword.PageViewModelHardwareSelectionTest" name="UpdateSelection_Garbage_InvalidTypeTest" />
    </UnitTest>
  </TestDefinitions>
  <TestEntries>
    <TestEntry testId="33c3b0ae-1da4-45ae-a174-7e5667243621" executionId="b51495b5-e817-4874-b604-215fb04a6eb4" testListId="8c84fa94-04c1-424b-9868-57a2d4851a1d" />
    <TestEntry testId="943ed9fd-1a83-8a05-3a94-b3d72055ef8e" executionId="924de93c-7e62-4654-a71c-6adfd1c6f06d" testListId="8c84fa94-04c1-424b-9868-57a2d4851a1d" />
    <TestEntry testId="0df571da-e4fb-32ab-4ee3-95684fc1842a" executionId="17c8ddfa-1a44-4dbc-a873-2b126c64fdb0" testListId="8c84fa94-04c1-424b-9868-57a2d4851a1d" />
    <TestEntry testId="cc799fb6-1db2-eaea-ac66-ffcf960e7b46" executionId="4614bb1d-b6b7-46c1-af97-264a76028d49" testListId="8c84fa94-04c1-424b-9868-57a2d4851a1d" />
    <TestEntry testId="18fafd98-dc4b-3492-9683-be611bbde21e" executionId="8602200c-e89f-4923-94db-2bf97749dbf0" testListId="8c84fa94-04c1-424b-9868-57a2d4851a1d" />
    <TestEntry testId="0eb75c3b-8e8a-4e39-9512-fb3daf4d64f9" executionId="5db07af4-73aa-4174-a286-8bf522850828" testListId="8c84fa94-04c1-424b-9868-57a2d4851a1d" />
    <TestEntry testId="2df76026-822a-2479-b0f1-036918ecd9a7" executionId="4af04f53-cfca-4bfd-b246-e9aa3bb6aa01" testListId="8c84fa94-04c1-424b-9868-57a2d4851a1d" />
    <TestEntry testId="48ee7e70-42c7-1351-b6d3-3b4d6d5772a4" executionId="359dc451-2896-4317-90bb-834e41ffdd6e" testListId="8c84fa94-04c1-424b-9868-57a2d4851a1d" />
    <TestEntry testId="e2745662-5b1b-a987-f75e-19bfc0f754da" executionId="b8ca2edc-db30-4b0b-bf58-950819d2b45b" testListId="8c84fa94-04c1-424b-9868-57a2d4851a1d" />
    <TestEntry testId="c53dea0a-9e9a-1893-c261-9cab4c7c3dae" executionId="5214e209-4a2e-43fa-b470-66f1cf5f9e39" testListId="8c84fa94-04c1-424b-9868-57a2d4851a1d" />
    <TestEntry testId="9aabab72-fa35-138c-a590-deefe9ba6d9b" executionId="447ea24b-1742-4538-b6a6-757c812e836d" testListId="8c84fa94-04c1-424b-9868-57a2d4851a1d" />
    <TestEntry testId="46413213-401e-8b63-cd13-649b8ef181a9" executionId="c804263f-faa3-4495-8d54-d3e8b4e3925a" testListId="8c84fa94-04c1-424b-9868-57a2d4851a1d" />
    <TestEntry testId="8bc9dbd1-0f25-d916-37f2-1cdc9dfe548a" executionId="e3f39626-e573-4d6b-9310-c740e16e1fc5" testListId="8c84fa94-04c1-424b-9868-57a2d4851a1d" />
    <TestEntry testId="49ca85d3-c3b7-af52-fe22-5ed8125d23ba" executionId="4e75770f-1657-42d3-82d9-a7e93f70fb66" testListId="8c84fa94-04c1-424b-9868-57a2d4851a1d" />
    <TestEntry testId="d1f62858-9016-515a-9c1e-3ccfb99ab40f" executionId="e0b25dec-9818-48de-a0c2-cff6780950e4" testListId="8c84fa94-04c1-424b-9868-57a2d4851a1d" />
    <TestEntry testId="2b1e28ec-3a6f-1d9d-a4e9-8575d3c172e6" executionId="51ed49e8-1054-461a-a7fb-4e83e10aeccd" testListId="8c84fa94-04c1-424b-9868-57a2d4851a1d" />
    <TestEntry testId="d61bb21a-576a-7e2c-435a-73156e97ed44" executionId="5a490f15-961f-45a6-ab3b-f1f054fa03cc" testListId="8c84fa94-04c1-424b-9868-57a2d4851a1d" />
    <TestEntry testId="670c0c9d-a69d-2b1c-b2d6-b2df8a52a93e" executionId="fb48bf51-8be4-4efe-b59b-9bb560dc7844" testListId="8c84fa94-04c1-424b-9868-57a2d4851a1d" />
    <TestEntry testId="5dd5edd7-3345-9904-745a-e934358e427e" executionId="bb206ab8-5838-4e43-b374-139521cd6773" testListId="8c84fa94-04c1-424b-9868-57a2d4851a1d" />
    <TestEntry testId="51b84e29-c85f-f150-f3cb-b235cb55b9ea" executionId="3f3ab6e1-92d9-4e00-9087-7088a88a5c6a" testListId="8c84fa94-04c1-424b-9868-57a2d4851a1d" />
    <TestEntry testId="e09c165c-a32d-99ae-497b-164e41531b48" executionId="671ff74b-3e81-4d2e-93bf-2dd8966b1091" testListId="8c84fa94-04c1-424b-9868-57a2d4851a1d" />
    <TestEntry testId="01c0bec4-2e67-e9ed-ad20-95a0e008ce45" executionId="2a278ee8-2b27-4798-9054-8a1694417a9d" testListId="8c84fa94-04c1-424b-9868-57a2d4851a1d" />
    <TestEntry testId="720f192f-3a91-fc5a-38dc-37603061fc04" executionId="000143ca-9dec-4857-b099-29da109e465a" testListId="8c84fa94-04c1-424b-9868-57a2d4851a1d" />
    <TestEntry testId="74a375ca-464c-73e2-54e8-5f203390ff61" executionId="e9a6ac87-7351-4be4-a9ee-4226b56e6d4c" testListId="8c84fa94-04c1-424b-9868-57a2d4851a1d" />
    <TestEntry testId="f14b365a-cfce-1f3a-b91f-ae9275ac5e3e" executionId="fec0b03e-8227-4972-af2f-ef4c664d754c" testListId="8c84fa94-04c1-424b-9868-57a2d4851a1d" />
    <TestEntry testId="e092cd93-1a0e-046f-31a3-b117e9be9e3a" executionId="c17e5fd6-4619-4a1b-9ee5-2aaa73552692" testListId="8c84fa94-04c1-424b-9868-57a2d4851a1d" />
    <TestEntry testId="8b340717-c352-a13a-c96e-a53b0662954a" executionId="9029ea18-3c08-4e9b-88e2-5003289f59dd" testListId="8c84fa94-04c1-424b-9868-57a2d4851a1d" />
    <TestEntry testId="c484bdd6-5adf-dfd9-6f7e-81b8b104cd79" executionId="6eb5cc09-054d-4a10-b4e1-75448c73c8a2" testListId="8c84fa94-04c1-424b-9868-57a2d4851a1d" />
    <TestEntry testId="09050f9d-0ba1-b1c3-c744-3e219f2d1347" executionId="10c559be-d33b-4fa7-afd7-78bb18a26a3c" testListId="8c84fa94-04c1-424b-9868-57a2d4851a1d" />
    <TestEntry testId="1908cd4e-24f5-f838-8022-09f0e59c3b4e" executionId="058d000b-8143-4962-8b18-0e3838e8bbff" testListId="8c84fa94-04c1-424b-9868-57a2d4851a1d" />
    <TestEntry testId="83b8fb31-7586-504e-9589-78c8798e602b" executionId="101fdb1f-d3cd-43a1-8e62-9a9bb0fd14c0" testListId="8c84fa94-04c1-424b-9868-57a2d4851a1d" />
    <TestEntry testId="ed22ff18-5317-35a9-5b39-ad658639a61b" executionId="d9422da6-a876-4aba-9144-349dfdfe4ef0" testListId="8c84fa94-04c1-424b-9868-57a2d4851a1d" />
    <TestEntry testId="ea1d8d34-55e3-9368-463c-2538cab81947" executionId="bd4e47eb-f2e2-47a6-86a0-19f9cfdc93de" testListId="8c84fa94-04c1-424b-9868-57a2d4851a1d" />
    <TestEntry testId="720a4b77-94da-26bc-9892-109d89307339" executionId="1cbb53e1-ecd6-4b1e-8120-9a549ca1ae53" testListId="8c84fa94-04c1-424b-9868-57a2d4851a1d" />
    <TestEntry testId="99a311e0-229d-97f1-d454-776a4dfcc863" executionId="e16f837e-aa6d-4f6b-9fee-981d463a65c3" testListId="8c84fa94-04c1-424b-9868-57a2d4851a1d" />
    <TestEntry testId="610e2e13-cb2e-f497-7790-aa014fdc1cfe" executionId="ce6d5865-e5a6-467f-b68d-6a0eccc1bb64" testListId="8c84fa94-04c1-424b-9868-57a2d4851a1d" />
    <TestEntry testId="170b6e9d-1479-1b16-1de5-56fb10a58f03" executionId="5745e9f7-962f-41a9-96af-7d293c4c021a" testListId="8c84fa94-04c1-424b-9868-57a2d4851a1d" />
    <TestEntry testId="633658f7-c0fd-a8b8-e0ff-2f63f1f3cc65" executionId="d8bad7f2-d409-4732-b12b-12500aa2c136" testListId="8c84fa94-04c1-424b-9868-57a2d4851a1d" />
    <TestEntry testId="0173d619-bc73-8a1f-8d91-c6c70807bf53" executionId="f839c443-1f04-496f-a9f6-791b9c01bab0" testListId="8c84fa94-04c1-424b-9868-57a2d4851a1d" />
    <TestEntry testId="2dccb759-5680-e08a-9274-63dff2cf722a" executionId="6fe377d9-7dfe-4fe9-ae73-23bb936006c7" testListId="8c84fa94-04c1-424b-9868-57a2d4851a1d" />
    <TestEntry testId="8639adb5-e9b4-95d1-ea53-e634bd00f617" executionId="f3d0af87-7595-4bf4-a45a-80b0e6dcf3cd" testListId="8c84fa94-04c1-424b-9868-57a2d4851a1d" />
    <TestEntry testId="bd289ba2-bb7a-a20f-f256-9e9f907d458a" executionId="306aab5d-3ebe-48b6-86fa-8d51289db9d0" testListId="8c84fa94-04c1-424b-9868-57a2d4851a1d" />
    <TestEntry testId="9d73d2de-0de2-5123-d14f-3b031bc6ae44" executionId="812c045b-f753-456d-81d4-37829d99ffad" testListId="8c84fa94-04c1-424b-9868-57a2d4851a1d" />
    <TestEntry testId="27640dd7-cec7-e8a0-420e-6a7df2a9f742" executionId="84de7de0-03ff-431e-b0e2-60a27d45034a" testListId="8c84fa94-04c1-424b-9868-57a2d4851a1d" />
    <TestEntry testId="e4ab450a-f95f-1f67-e29e-c5c69e3518df" executionId="f4e7be99-e5b5-4150-bcff-cea08147e054" testListId="8c84fa94-04c1-424b-9868-57a2d4851a1d" />
    <TestEntry testId="b2c9886e-c0da-c9fa-5b94-1d9497806cd1" executionId="de0fd44c-cda6-4a8d-b21d-4410b16f098c" testListId="8c84fa94-04c1-424b-9868-57a2d4851a1d" />
    <TestEntry testId="59bc8fe3-a9fb-b489-8884-4fb2a47072e9" executionId="07e06142-0b2c-4276-a0e9-b3e73d94f35e" testListId="8c84fa94-04c1-424b-9868-57a2d4851a1d" />
    <TestEntry testId="f6c45a9d-919b-4033-0576-89eef5a0f5f4" executionId="39dcea3e-b6bf-43e4-8757-61f5bf2067ae" testListId="8c84fa94-04c1-424b-9868-57a2d4851a1d" />
    <TestEntry testId="c20a457b-898f-4564-ecae-0606fce3d9a1" executionId="d0fb8e3f-b780-4e58-94a4-6968dafdb02f" testListId="8c84fa94-04c1-424b-9868-57a2d4851a1d" />
    <TestEntry testId="70fd5b44-aa44-6f9d-e7b8-dd3ba847a152" executionId="5e7e7668-8f6a-459b-9d65-2e73488295ad" testListId="8c84fa94-04c1-424b-9868-57a2d4851a1d" />
    <TestEntry testId="9ff1a00a-4d3f-f849-7fac-7791ec7ae54b" executionId="56fd1719-1ace-438f-b4d1-818372ed8939" testListId="8c84fa94-04c1-424b-9868-57a2d4851a1d" />
    <TestEntry testId="2ebe890d-ba4c-70bb-d8d2-7bf30fa72f2d" executionId="dca69977-0749-4e9a-83db-4bede9ccb27e" testListId="8c84fa94-04c1-424b-9868-57a2d4851a1d" />
    <TestEntry testId="29d19e8c-3be0-ee7a-3951-dd342f2ccf53" executionId="1397e9e9-32f7-4772-8aaf-b7bbc64c3476" testListId="8c84fa94-04c1-424b-9868-57a2d4851a1d" />
    <TestEntry testId="242f1548-7f00-63b2-b713-b1822d6c02a9" executionId="f7c6bd15-f961-4634-bff9-a799391b2123" testListId="8c84fa94-04c1-424b-9868-57a2d4851a1d" />
    <TestEntry testId="648778dc-0c58-533a-4597-a3353a13526d" executionId="6bbe4ca5-d10b-452a-9ba5-3fce780365de" testListId="8c84fa94-04c1-424b-9868-57a2d4851a1d" />
    <TestEntry testId="5899a75c-5291-1924-069c-47253700398b" executionId="5b830944-13a2-4fc6-a268-3f8bdc959f0a" testListId="8c84fa94-04c1-424b-9868-57a2d4851a1d" />
    <TestEntry testId="0673af61-aaed-8bb0-d7ec-7b3f461ad8fe" executionId="870b4e2b-db8a-401c-ae63-afb2b99dd70a" testListId="8c84fa94-04c1-424b-9868-57a2d4851a1d" />
    <TestEntry testId="6f18b2fa-7718-8add-a5ae-a605498e1f2a" executionId="2eb656b6-39b9-4603-96bc-23337ab8d013" testListId="8c84fa94-04c1-424b-9868-57a2d4851a1d" />
    <TestEntry testId="605d7948-e173-c277-eb40-a6a556e97352" executionId="4eda4401-51c2-4490-957d-cca764a0a161" testListId="8c84fa94-04c1-424b-9868-57a2d4851a1d" />
    <TestEntry testId="f3b1ceb2-2ed4-084e-9ea6-5f3a4603b212" executionId="84772691-fe12-43fe-9115-4400f09b0745" testListId="8c84fa94-04c1-424b-9868-57a2d4851a1d" />
    <TestEntry testId="28ead278-d054-6f5e-1c4e-fc95724ed668" executionId="e95fa0a9-227e-4051-b79f-868ca9597747" testListId="8c84fa94-04c1-424b-9868-57a2d4851a1d" />
    <TestEntry testId="2ac7088b-aae0-ffc5-163d-fd81acc19408" executionId="914268f4-b64d-4cca-aa92-7bdaff4e2235" testListId="8c84fa94-04c1-424b-9868-57a2d4851a1d" />
    <TestEntry testId="be8da6d3-d798-6ea6-d736-548a0a7f4ec0" executionId="c181e2bd-aede-4bf0-955e-a395f66cdd66" testListId="8c84fa94-04c1-424b-9868-57a2d4851a1d" />
    <TestEntry testId="150db0d1-d1f2-3b67-40eb-bbc0399b5b5c" executionId="1890ea63-a3d3-44bd-bae8-501c7cf9c749" testListId="8c84fa94-04c1-424b-9868-57a2d4851a1d" />
    <TestEntry testId="add2eaed-7f68-7c19-41cd-e1df9d8acf43" executionId="e8d2cb3d-ed49-44b9-9f2b-efdfeeffcbb4" testListId="8c84fa94-04c1-424b-9868-57a2d4851a1d" />
    <TestEntry testId="7637167d-56a4-8d6c-21de-90a4cf6428b9" executionId="83ca9221-ea50-4b0c-8f7d-eb35286d3fc1" testListId="8c84fa94-04c1-424b-9868-57a2d4851a1d" />
    <TestEntry testId="8df7f1c1-2362-9b79-c352-7a8bf748426f" executionId="019e55f4-2f1c-4e15-8fca-b9502e4d7204" testListId="8c84fa94-04c1-424b-9868-57a2d4851a1d" />
    <TestEntry testId="0995b69f-16b6-3067-e57d-07f8151c9a3b" executionId="b77dfb74-4700-458a-9cfc-4152556c7192" testListId="8c84fa94-04c1-424b-9868-57a2d4851a1d" />
    <TestEntry testId="4f67706c-ec17-d0dc-0484-559ff6686c7f" executionId="c70c18fc-859c-4eb4-a0ca-16cd5567930d" testListId="8c84fa94-04c1-424b-9868-57a2d4851a1d" />
    <TestEntry testId="b800d68e-c0ef-e59f-6608-2e15ecc49dd7" executionId="ea7b9f9d-7321-481c-983e-b29a5ae00c65" testListId="8c84fa94-04c1-424b-9868-57a2d4851a1d" />
    <TestEntry testId="903b7330-cb31-061c-da48-0a66f654dfcd" executionId="fbe4633f-7038-490c-a611-73a36c41cc4c" testListId="8c84fa94-04c1-424b-9868-57a2d4851a1d" />
    <TestEntry testId="e1e4643d-f13a-c302-05a5-c406c3f326db" executionId="8e46be65-64a0-4877-92ac-2cd872a44978" testListId="8c84fa94-04c1-424b-9868-57a2d4851a1d" />
    <TestEntry testId="fcfb7573-cd39-006e-136b-f37556763b5f" executionId="a6d2bdda-845c-4ed2-9b90-5c264ff8856d" testListId="8c84fa94-04c1-424b-9868-57a2d4851a1d" />
    <TestEntry testId="382cc119-c747-28aa-a92f-6bcf3ee3abe3" executionId="5a07f524-070a-4c39-bdea-7960fbaab414" testListId="8c84fa94-04c1-424b-9868-57a2d4851a1d" />
    <TestEntry testId="33e6ddae-9fc0-1d68-7bf1-8134b126ed37" executionId="c5f59135-c37e-47f1-9001-7e37c5ede0a5" testListId="8c84fa94-04c1-424b-9868-57a2d4851a1d" />
    <TestEntry testId="cdc1bef6-f96f-7841-ca52-02ba3a526bde" executionId="732e6c7c-a0cf-4411-9445-d8ef4282b1e5" testListId="8c84fa94-04c1-424b-9868-57a2d4851a1d" />
    <TestEntry testId="449e5142-e2d4-1930-46ea-596d4d9d4839" executionId="33a53722-0e41-4d32-9613-48aed97c614b" testListId="8c84fa94-04c1-424b-9868-57a2d4851a1d" />
    <TestEntry testId="05c2529e-424a-36cc-4c1f-05db0a419425" executionId="1b96a175-a49e-4291-800e-f427dd65dab2" testListId="8c84fa94-04c1-424b-9868-57a2d4851a1d" />
    <TestEntry testId="6a97428c-8eb0-bb31-623f-f4be79763f79" executionId="d1783f63-962e-4c95-9027-1c6531cfe651" testListId="8c84fa94-04c1-424b-9868-57a2d4851a1d" />
    <TestEntry testId="955c47d6-8ac6-0b17-4842-e74668ca6925" executionId="b17bab14-04bf-40aa-bd5c-684417b63cb3" testListId="8c84fa94-04c1-424b-9868-57a2d4851a1d" />
    <TestEntry testId="16341a76-2443-d715-3ba2-b0f79160d644" executionId="cfe7ba7b-f2a9-4a31-a6cf-6870f75c6da3" testListId="8c84fa94-04c1-424b-9868-57a2d4851a1d" />
    <TestEntry testId="ecd584b6-1f44-7590-862b-3e93eda5f6e1" executionId="8d64f2fa-216a-45de-a236-4a7c3761f1b1" testListId="8c84fa94-04c1-424b-9868-57a2d4851a1d" />
    <TestEntry testId="ad798c80-0326-7386-6f9b-cfc5287f2395" executionId="3698d544-55fc-4a0e-9d4b-bde6b3f87549" testListId="8c84fa94-04c1-424b-9868-57a2d4851a1d" />
    <TestEntry testId="c3c54a72-1587-3a50-e0f2-352c45432496" executionId="723fc6fc-7cbe-4add-8fa3-7d1aa6aaebd3" testListId="8c84fa94-04c1-424b-9868-57a2d4851a1d" />
    <TestEntry testId="ab4a3b6b-68b0-800a-3f72-3234f3163c1b" executionId="1d7eecf5-ce51-4a27-a89f-44debbd871a8" testListId="8c84fa94-04c1-424b-9868-57a2d4851a1d" />
    <TestEntry testId="36cfdd09-2c70-3b5c-1110-4438792c1a1a" executionId="f8d33f5f-200c-4ab8-94e4-21bed78788d2" testListId="8c84fa94-04c1-424b-9868-57a2d4851a1d" />
    <TestEntry testId="3e390018-cbd0-3fab-3227-c2bdc212e7a4" executionId="31f71204-e608-4648-9acf-a7996ff482c0" testListId="8c84fa94-04c1-424b-9868-57a2d4851a1d" />
    <TestEntry testId="4297edd0-ea25-2c93-5896-2a1a6adde731" executionId="7a406593-8d40-4b33-a18a-ba5b380abb1a" testListId="8c84fa94-04c1-424b-9868-57a2d4851a1d" />
    <TestEntry testId="0064c701-aef5-89d0-d48a-0c3f33352c4f" executionId="4d61f487-f2b9-4621-bec3-79b70d7010d1" testListId="8c84fa94-04c1-424b-9868-57a2d4851a1d" />
    <TestEntry testId="77e4c6e7-3616-588c-8208-115090998ad6" executionId="7fc451cc-726e-4c59-aabf-ffc787191a88" testListId="8c84fa94-04c1-424b-9868-57a2d4851a1d" />
    <TestEntry testId="3452b02b-a74e-667c-54f2-2f61fc583e4b" executionId="11948444-1481-46fe-80f6-1a00ef90af95" testListId="8c84fa94-04c1-424b-9868-57a2d4851a1d" />
    <TestEntry testId="f4927cb4-3f2d-880e-41ec-49116b838eda" executionId="c5e84fbf-aa7c-4b22-92d9-4991ba3725fa" testListId="8c84fa94-04c1-424b-9868-57a2d4851a1d" />
    <TestEntry testId="41b4d628-e78a-e5e1-ce66-5032746f9934" executionId="914ebd11-b060-42bc-90c1-d6667c71a191" testListId="8c84fa94-04c1-424b-9868-57a2d4851a1d" />
    <TestEntry testId="afbed609-a82f-6410-34bb-72066c16f622" executionId="fa12bb43-3e3c-4526-8560-df0cf731122a" testListId="8c84fa94-04c1-424b-9868-57a2d4851a1d" />
    <TestEntry testId="7b319b5a-ac7e-27ec-d3d4-424ab7d48072" executionId="edece72e-aecd-494b-af23-3d6db56be1e8" testListId="8c84fa94-04c1-424b-9868-57a2d4851a1d" />
    <TestEntry testId="8481c23f-3d6d-77ac-46b0-462c3daef337" executionId="720a2ced-c128-4f7a-949f-9b6e3fdc1ef8" testListId="8c84fa94-04c1-424b-9868-57a2d4851a1d" />
    <TestEntry testId="52661f27-794b-810e-ca1b-9e59313c8174" executionId="f4a1a5fb-367e-4fd4-969d-6d906815f602" testListId="8c84fa94-04c1-424b-9868-57a2d4851a1d" />
    <TestEntry testId="ebe2be05-d2f7-645d-7be6-4d78c3740c0e" executionId="5046894f-2120-4e6e-8dbc-2b23fb43927a" testListId="8c84fa94-04c1-424b-9868-57a2d4851a1d" />
    <TestEntry testId="c9a40857-5dc1-9213-47d9-c2166ce29db1" executionId="88615f53-29e1-4deb-ba96-b2eb41aa1744" testListId="8c84fa94-04c1-424b-9868-57a2d4851a1d" />
    <TestEntry testId="9c53d870-f2f9-088b-c2bd-a9607b98a852" executionId="67245c6b-ae5a-4244-ad10-97d97587db8d" testListId="8c84fa94-04c1-424b-9868-57a2d4851a1d" />
    <TestEntry testId="0df3c2d4-bc35-fe33-27ef-e68424600acc" executionId="b750e478-8982-4011-9bc1-687b9553c1ce" testListId="8c84fa94-04c1-424b-9868-57a2d4851a1d" />
    <TestEntry testId="5dff3a0f-66a9-facc-e3fc-eaefeb4fd671" executionId="7f016d9d-4988-4519-91b8-49cdf4370113" testListId="8c84fa94-04c1-424b-9868-57a2d4851a1d" />
    <TestEntry testId="ef144d12-0e43-7cbf-7db2-afda355e4f9e" executionId="b34293a9-211e-42ab-9dac-7a11de2c3e4b" testListId="8c84fa94-04c1-424b-9868-57a2d4851a1d" />
    <TestEntry testId="e9878acc-6ac6-fbae-39cb-00da39dd2634" executionId="3da2dacb-0598-488b-998b-00d73a4e1b45" testListId="8c84fa94-04c1-424b-9868-57a2d4851a1d" />
    <TestEntry testId="8a3322a4-264f-c577-4666-52291e49089d" executionId="c242f6b5-8bd3-4634-9600-e000bf9b72bd" testListId="8c84fa94-04c1-424b-9868-57a2d4851a1d" />
    <TestEntry testId="ac5cc692-0a65-7039-ce1a-dce297a3350d" executionId="cad8c245-120d-45ec-bb09-7b092c125939" testListId="8c84fa94-04c1-424b-9868-57a2d4851a1d" />
    <TestEntry testId="2263de12-05b9-2615-fd9d-d2d5c9269b30" executionId="9af916d0-cf4b-4c21-ba2e-b8aa8bb36b44" testListId="8c84fa94-04c1-424b-9868-57a2d4851a1d" />
    <TestEntry testId="40f49818-b350-9a60-17f9-9b1f78426319" executionId="1e2bfa14-aac2-4dfe-ae37-e0f732a16a4b" testListId="8c84fa94-04c1-424b-9868-57a2d4851a1d" />
    <TestEntry testId="ea366c82-3bd4-a53a-c238-e51073436c49" executionId="9e8cc64b-d1a0-4994-9e1c-13f4ce11b1ac" testListId="8c84fa94-04c1-424b-9868-57a2d4851a1d" />
    <TestEntry testId="c04a71ea-5f42-8d5c-a3ca-07d412dfde21" executionId="cc3f3579-3af8-43e6-b3d6-a9ac792901f8" testListId="8c84fa94-04c1-424b-9868-57a2d4851a1d" />
    <TestEntry testId="bb91231b-51b7-d87f-2bdd-85c1c55386db" executionId="7dc4f6d5-735b-4326-95a5-210e41ddfe3f" testListId="8c84fa94-04c1-424b-9868-57a2d4851a1d" />
    <TestEntry testId="46745c6d-406d-74ac-ea72-14ed1bc148d5" executionId="85256ac3-815c-400f-a1ad-65be0e1fe7bb" testListId="8c84fa94-04c1-424b-9868-57a2d4851a1d" />
    <TestEntry testId="f258be3c-7407-cd7a-eb07-a7d905519e41" executionId="aa00de6a-5ebf-4b52-a34b-53b91bf2b99c" testListId="8c84fa94-04c1-424b-9868-57a2d4851a1d" />
    <TestEntry testId="959dc0d4-5cb5-3db0-bb92-0af8715ac40d" executionId="463af7ca-c8e1-42e8-becf-42aae69c21a4" testListId="8c84fa94-04c1-424b-9868-57a2d4851a1d" />
    <TestEntry testId="94129610-3ce2-205b-4a42-45c4d697d9ed" executionId="987d46ce-65a9-4fb6-aaa6-5b3685179061" testListId="8c84fa94-04c1-424b-9868-57a2d4851a1d" />
    <TestEntry testId="842c3777-724f-a6c4-be4c-c9bb68611fca" executionId="395bfc77-8f79-40bb-a3bf-f01600094087" testListId="8c84fa94-04c1-424b-9868-57a2d4851a1d" />
    <TestEntry testId="5c3abe48-e255-bf5f-e62f-6c920d08143b" executionId="6765b3c6-1eef-4001-9c5c-ad95323d0e15" testListId="8c84fa94-04c1-424b-9868-57a2d4851a1d" />
    <TestEntry testId="272d8b0b-ba7b-7143-82a6-3c4a3a74e0ce" executionId="653be296-72fc-4120-b803-86e7b9296122" testListId="8c84fa94-04c1-424b-9868-57a2d4851a1d" />
    <TestEntry testId="6ccba33d-bc0f-8f72-0f2a-7c964b3c53bb" executionId="9bc315f1-b069-4000-abdd-d2e2f4d898ee" testListId="8c84fa94-04c1-424b-9868-57a2d4851a1d" />
    <TestEntry testId="d5e41e46-8604-2549-4224-9c75532b73f9" executionId="3f1fb0ec-2edd-4967-98db-2968563ac9f7" testListId="8c84fa94-04c1-424b-9868-57a2d4851a1d" />
    <TestEntry testId="3b910f72-e7f0-2f69-c0c5-a8d5c6d738e1" executionId="f1e3e01b-d17e-470e-8f6d-49c22931abc4" testListId="8c84fa94-04c1-424b-9868-57a2d4851a1d" />
    <TestEntry testId="2e391c7e-1dce-9fa6-0e65-96dba3873d48" executionId="721915ba-3dc5-49ae-9f19-73f29bbbcc48" testListId="8c84fa94-04c1-424b-9868-57a2d4851a1d" />
    <TestEntry testId="10e1eae9-c292-aa86-d0ad-c125edac0057" executionId="0e3c9827-c9d1-478a-8220-15643063c8ce" testListId="8c84fa94-04c1-424b-9868-57a2d4851a1d" />
    <TestEntry testId="fae9d735-58b3-573d-8237-7c0c9db7c422" executionId="3344b913-6b92-4e75-8170-277d01d79b78" testListId="8c84fa94-04c1-424b-9868-57a2d4851a1d" />
    <TestEntry testId="a1606dfc-9800-9deb-4db8-fc1f9a0706b9" executionId="2e73c1fd-2f14-45f3-9cb4-4398fb2ceeae" testListId="8c84fa94-04c1-424b-9868-57a2d4851a1d" />
    <TestEntry testId="f9c98099-5fe6-9106-1392-0051e77ba0c1" executionId="155e2c4f-7f68-4e3f-a307-72a57b4a18b3" testListId="8c84fa94-04c1-424b-9868-57a2d4851a1d" />
    <TestEntry testId="8d1690cd-845e-c64a-906e-0495db86469d" executionId="dcee43c8-2de5-47aa-9109-15659f338242" testListId="8c84fa94-04c1-424b-9868-57a2d4851a1d" />
    <TestEntry testId="0472b6c8-6759-0c73-1423-85e2e90fedd2" executionId="cbe5dc12-d1a4-44c4-a205-c4842f6f1107" testListId="8c84fa94-04c1-424b-9868-57a2d4851a1d" />
    <TestEntry testId="707b3396-9b7a-a91b-fb63-5aabb6aa993e" executionId="e88bd911-03e8-4661-8eb1-f1d0c0a85598" testListId="8c84fa94-04c1-424b-9868-57a2d4851a1d" />
    <TestEntry testId="c5200ce1-116e-3d3e-a89a-8d38c5fad705" executionId="6ce9e6bd-3ac8-4d60-ad23-799cd7bbe7a8" testListId="8c84fa94-04c1-424b-9868-57a2d4851a1d" />
    <TestEntry testId="23f93523-d225-e603-18e7-638622ea4afd" executionId="20b970cb-84a4-42f5-ad3b-d7ee2f8a6768" testListId="8c84fa94-04c1-424b-9868-57a2d4851a1d" />
    <TestEntry testId="d9063414-0021-3f3b-5db1-5a010c790427" executionId="b7a03d93-7787-4e8b-adc2-5fa5ddd53386" testListId="8c84fa94-04c1-424b-9868-57a2d4851a1d" />
    <TestEntry testId="63f7da69-8862-a50a-b4b5-c960f744aef1" executionId="3a18ee76-72a7-49b0-90f2-e0da059d697f" testListId="8c84fa94-04c1-424b-9868-57a2d4851a1d" />
    <TestEntry testId="dcb345bb-2a81-cf82-a922-e9b8e68f9b28" executionId="26cdb0c2-195a-4b5b-a0c5-c3eef3feb3f5" testListId="8c84fa94-04c1-424b-9868-57a2d4851a1d" />
    <TestEntry testId="af068063-1e36-aadb-516f-c956a5b2eb3a" executionId="706b69a5-7228-4732-8aaf-49cbbf81baa7" testListId="8c84fa94-04c1-424b-9868-57a2d4851a1d" />
    <TestEntry testId="543cb258-3f83-7c3f-bfde-b6afaef309a0" executionId="a2052aee-9ae1-4e5b-a1cf-29de8b83333b" testListId="8c84fa94-04c1-424b-9868-57a2d4851a1d" />
    <TestEntry testId="65bb21ec-a84a-33c2-5191-d6efaa182c77" executionId="8f0951c8-254e-4106-ad27-7694ef91ea44" testListId="8c84fa94-04c1-424b-9868-57a2d4851a1d" />
    <TestEntry testId="7f37cb27-9a48-5cfa-81d4-67f4e61f026b" executionId="765b8da4-5d6d-47a9-bdd9-a7bcc49c232f" testListId="8c84fa94-04c1-424b-9868-57a2d4851a1d" />
    <TestEntry testId="f4502bb0-7b14-a497-cdfd-03cb06a6b7af" executionId="731863fd-8018-43c3-b4d6-6f7a17b0cd20" testListId="8c84fa94-04c1-424b-9868-57a2d4851a1d" />
    <TestEntry testId="af0a5896-0a4c-d96f-b5de-90fa8dfee835" executionId="149c337a-8423-4249-81d7-f3a7c343285c" testListId="8c84fa94-04c1-424b-9868-57a2d4851a1d" />
    <TestEntry testId="6fb74ec5-2016-803e-6002-9db1a1b3dd9a" executionId="8230f4c4-b148-4887-aca2-f01286804360" testListId="8c84fa94-04c1-424b-9868-57a2d4851a1d" />
    <TestEntry testId="3bf964e8-c5a6-3fe1-f316-c11f44c28a62" executionId="94ca7f75-0fab-4362-a649-30a1f1e2a6b1" testListId="8c84fa94-04c1-424b-9868-57a2d4851a1d" />
    <TestEntry testId="6791732f-26a7-04d2-eb4e-7b28d6773426" executionId="c7b46965-2049-49f0-b275-fc55508fa6a6" testListId="8c84fa94-04c1-424b-9868-57a2d4851a1d" />
    <TestEntry testId="f1fcf646-8764-a8ca-57d2-1e53de4b6519" executionId="51977ced-5d14-4b25-8fab-6ba3e2da305a" testListId="8c84fa94-04c1-424b-9868-57a2d4851a1d" />
    <TestEntry testId="8ba5c093-ea32-1a1c-20d9-dc37a6af84f6" executionId="5cb142c9-7aa1-4800-8026-372e0abce048" testListId="8c84fa94-04c1-424b-9868-57a2d4851a1d" />
    <TestEntry testId="f3ff7ea0-e10b-3e83-9f9b-d76ecada8625" executionId="ffa65f4b-4842-4f49-8d89-9d89b2c109c0" testListId="8c84fa94-04c1-424b-9868-57a2d4851a1d" />
    <TestEntry testId="e8352377-5053-ecad-50ab-7c4805d36856" executionId="c5c4278e-2a23-4e55-85cb-a6c12298d23e" testListId="8c84fa94-04c1-424b-9868-57a2d4851a1d" />
    <TestEntry testId="8acef0c7-e31c-985c-7262-db84b8b0d8de" executionId="af598d29-764d-4f6f-beb4-dfbdf247a472" testListId="8c84fa94-04c1-424b-9868-57a2d4851a1d" />
    <TestEntry testId="4941567f-baae-3872-eaef-b8a09ddb9b4f" executionId="8e10afd0-eac8-402b-aed0-3b7a898a28f6" testListId="8c84fa94-04c1-424b-9868-57a2d4851a1d" />
    <TestEntry testId="118cab95-3ce6-8f1d-0d35-d7927bbc85d1" executionId="be3fe884-41fc-4c88-ae48-ced6cef880d7" testListId="8c84fa94-04c1-424b-9868-57a2d4851a1d" />
    <TestEntry testId="2bfd3e16-90c4-7703-b0ea-87d512bfda46" executionId="ab9bbee4-33b2-4055-ac17-7859f54fff69" testListId="8c84fa94-04c1-424b-9868-57a2d4851a1d" />
    <TestEntry testId="5db63c4b-a10a-08fd-05f5-ae6a25d1140f" executionId="c713e0ea-b757-4c52-8803-70068d108359" testListId="8c84fa94-04c1-424b-9868-57a2d4851a1d" />
    <TestEntry testId="770b9801-4690-1bc5-6bdf-3ddba81a86d2" executionId="9f6ee221-7046-4c48-a79e-cf1bad1fd805" testListId="8c84fa94-04c1-424b-9868-57a2d4851a1d" />
    <TestEntry testId="32735e1c-1866-ff8c-1424-4aa60ca80d82" executionId="d6f87265-4990-4e5b-bb84-f0b241c1b626" testListId="8c84fa94-04c1-424b-9868-57a2d4851a1d" />
    <TestEntry testId="b43cd285-6f14-30fa-1eaa-298d06fe8796" executionId="acf1efd8-a65c-4eda-98c0-7f8942566df2" testListId="8c84fa94-04c1-424b-9868-57a2d4851a1d" />
    <TestEntry testId="b8b140ed-d5d9-0145-6ed7-49d434570c45" executionId="f1542876-5038-44ba-bd15-2b52040ff943" testListId="8c84fa94-04c1-424b-9868-57a2d4851a1d" />
    <TestEntry testId="07ae45b6-e301-3520-2a2b-464a984634c4" executionId="fd9fd226-3842-407d-9a2d-2fb3030eecb8" testListId="8c84fa94-04c1-424b-9868-57a2d4851a1d" />
    <TestEntry testId="aadd126e-6c36-f9f6-1958-d58539ae90a0" executionId="207605dc-bd4a-4e06-a345-c01daca85e42" testListId="8c84fa94-04c1-424b-9868-57a2d4851a1d" />
    <TestEntry testId="6b5427c4-3998-55f8-2902-c3d8729fa256" executionId="a67317ff-df9f-46b6-9883-d2776644147b" testListId="8c84fa94-04c1-424b-9868-57a2d4851a1d" />
    <TestEntry testId="fe0e323a-65ab-54e2-b710-f04a8ddef948" executionId="d126e834-df55-4437-ad30-ffd80c8ac3e6" testListId="8c84fa94-04c1-424b-9868-57a2d4851a1d" />
    <TestEntry testId="035fdee6-71f6-6745-0bb2-260ef5c286b9" executionId="6671de96-b893-465c-9db5-92b3379d5c67" testListId="8c84fa94-04c1-424b-9868-57a2d4851a1d" />
    <TestEntry testId="f44f2dd5-a7ab-d096-2a3f-e1665e7a38f9" executionId="602b0fde-51e9-477c-b2f5-7f9e27e2f97d" testListId="8c84fa94-04c1-424b-9868-57a2d4851a1d" />
    <TestEntry testId="bfd1e10f-b778-d28b-e4d4-fe93a0ae1bd1" executionId="2084efe4-383b-440e-8403-e0bb1e9a4c38" testListId="8c84fa94-04c1-424b-9868-57a2d4851a1d" />
    <TestEntry testId="39c8e53a-73cf-d170-1747-bf84e9ddd436" executionId="32a05397-b470-4e5f-8950-e83d1580a520" testListId="8c84fa94-04c1-424b-9868-57a2d4851a1d" />
    <TestEntry testId="209167c4-8248-0ab8-8dd9-08811f572a2c" executionId="f210d43e-7e90-4540-9247-f34ca98c1c82" testListId="8c84fa94-04c1-424b-9868-57a2d4851a1d" />
    <TestEntry testId="1617597d-bf88-945d-8f00-fba5da581d8c" executionId="e3e31087-546f-47d4-81a4-af77d7a2ad4c" testListId="8c84fa94-04c1-424b-9868-57a2d4851a1d" />
    <TestEntry testId="ed172d0f-835c-32fb-91ff-3bbf7051f82a" executionId="ef764bb2-dc9a-41ce-8d28-1a47f786e70a" testListId="8c84fa94-04c1-424b-9868-57a2d4851a1d" />
    <TestEntry testId="4b3fd966-5843-d2c0-fd04-fb813c6c0291" executionId="f4301be4-4cff-4dbc-8fa2-b66ac580abed" testListId="8c84fa94-04c1-424b-9868-57a2d4851a1d" />
    <TestEntry testId="43263a7c-2c3e-b069-fd0c-2c4a015e823b" executionId="68f30cf3-f07f-4edf-a631-0941d0bcce67" testListId="8c84fa94-04c1-424b-9868-57a2d4851a1d" />
    <TestEntry testId="df7f62f9-5ef7-21d6-3351-81f945f933e9" executionId="6ed2bf56-121d-43af-b235-f9cb7b388f70" testListId="8c84fa94-04c1-424b-9868-57a2d4851a1d" />
    <TestEntry testId="02075e43-4828-bcaa-7b84-76aedd69c27f" executionId="9b46a84b-261e-42c0-9954-b9fd86565aa0" testListId="8c84fa94-04c1-424b-9868-57a2d4851a1d" />
    <TestEntry testId="61bad184-2e28-53b6-c735-cbc94d62c03b" executionId="24432544-26b9-431d-a4f7-66418d3dde9a" testListId="8c84fa94-04c1-424b-9868-57a2d4851a1d" />
    <TestEntry testId="5ff12909-3484-abe3-4d4e-8b5fe5dde4dc" executionId="caf90b3c-f380-40e3-a67c-f2600fc42e3b" testListId="8c84fa94-04c1-424b-9868-57a2d4851a1d" />
    <TestEntry testId="1d64517e-5e9e-e387-c7c9-3472ba2a77ec" executionId="0d8e2afc-2c71-4dc0-8ac8-c96a5f0b1915" testListId="8c84fa94-04c1-424b-9868-57a2d4851a1d" />
    <TestEntry testId="5e99c972-c6eb-2f25-b3c8-ff60259e4271" executionId="1f313d19-b653-4dd0-a4be-b7233b96dc0f" testListId="8c84fa94-04c1-424b-9868-57a2d4851a1d" />
    <TestEntry testId="facce5ee-8c93-6dd2-28b3-fddef0656faa" executionId="9a0d42a4-d740-4316-99a4-4bc099f1018c" testListId="8c84fa94-04c1-424b-9868-57a2d4851a1d" />
    <TestEntry testId="2dfe4212-1e51-6a2f-eccf-e624c5e32703" executionId="f9962929-eacd-4356-9e2e-f6677f6d7de5" testListId="8c84fa94-04c1-424b-9868-57a2d4851a1d" />
    <TestEntry testId="0086faaf-80d1-dcee-f6a8-6024fc959c32" executionId="c4084716-4198-4fa3-be66-900e8210b821" testListId="8c84fa94-04c1-424b-9868-57a2d4851a1d" />
    <TestEntry testId="3151dadf-b9b4-706f-3f15-ef0804d1c4a4" executionId="81ab9baa-e62b-4e0e-a6da-780f161145a0" testListId="8c84fa94-04c1-424b-9868-57a2d4851a1d" />
    <TestEntry testId="60272d89-6b4a-f3ea-4b7d-90929143f6d5" executionId="e9be8dd1-4a8c-4e69-8b12-a2abadff9078" testListId="8c84fa94-04c1-424b-9868-57a2d4851a1d" />
    <TestEntry testId="051cea69-508d-00ec-49e7-f29a5b42f816" executionId="bef8ce11-b752-4f92-81b4-576ff3b87db8" testListId="8c84fa94-04c1-424b-9868-57a2d4851a1d" />
    <TestEntry testId="a7f86a3c-148c-895f-7b07-9b829325de74" executionId="047769da-480b-48f3-af9c-548cecfc0097" testListId="8c84fa94-04c1-424b-9868-57a2d4851a1d" />
    <TestEntry testId="26999113-1198-9909-f7e6-5ef0cd5248b1" executionId="d44f616e-e171-4aeb-8263-7ed6136c343b" testListId="8c84fa94-04c1-424b-9868-57a2d4851a1d" />
    <TestEntry testId="176b2712-3712-9031-e728-6aa2f634400d" executionId="997e14ba-72a9-48a5-9d5d-e835f1f941e9" testListId="8c84fa94-04c1-424b-9868-57a2d4851a1d" />
    <TestEntry testId="8d63a4e5-4a61-29fb-40d6-95f5542c60ab" executionId="944bfd79-9f52-49a5-98d1-f7b66384689f" testListId="8c84fa94-04c1-424b-9868-57a2d4851a1d" />
    <TestEntry testId="8a6535dc-f240-c831-6f06-7d4751bd0c13" executionId="93ab03d8-83ae-408a-ac99-4e5419661213" testListId="8c84fa94-04c1-424b-9868-57a2d4851a1d" />
    <TestEntry testId="256150e6-7cc4-aaf6-f835-c3ad5b350990" executionId="b837fb1e-6ef9-46c6-94f5-a6ad78d39744" testListId="8c84fa94-04c1-424b-9868-57a2d4851a1d" />
    <TestEntry testId="1215b13d-bdb0-e0b6-e15f-33774c017240" executionId="58f39cea-f66e-45e3-873f-c2cbe4c41ac7" testListId="8c84fa94-04c1-424b-9868-57a2d4851a1d" />
    <TestEntry testId="db1836fe-be4d-cd73-a08e-2b1f59817a0d" executionId="fb113f12-07eb-4f35-a9aa-bed5eed01c87" testListId="8c84fa94-04c1-424b-9868-57a2d4851a1d" />
    <TestEntry testId="8242a71c-0de4-6927-8a39-1791b0d7b873" executionId="bead4b41-e3e3-4501-af3b-1f4273ffed2b" testListId="8c84fa94-04c1-424b-9868-57a2d4851a1d" />
    <TestEntry testId="244baee8-6235-42ec-0302-cf2c28a5d4a2" executionId="b8521202-2f70-479e-9192-5fd490774db2" testListId="8c84fa94-04c1-424b-9868-57a2d4851a1d" />
    <TestEntry testId="f3acd017-a1db-2e96-a424-62e6dd004767" executionId="6f358443-3765-4638-bd9c-f5464897dcbe" testListId="8c84fa94-04c1-424b-9868-57a2d4851a1d" />
    <TestEntry testId="65885bb5-bd75-eed6-215a-ad7ce0d8ca0f" executionId="b2486bbe-5b0b-40e4-a6f7-1b2dc4c0759b" testListId="8c84fa94-04c1-424b-9868-57a2d4851a1d" />
    <TestEntry testId="869bc4bf-7cf9-9f00-69cb-d737cbcad77d" executionId="655fb7c1-5f8a-47c5-ae10-9059d3258807" testListId="8c84fa94-04c1-424b-9868-57a2d4851a1d" />
    <TestEntry testId="56ce6859-3fc6-36c5-7ef0-37f8a01cb715" executionId="a89ab500-29cf-427d-9e30-e66c0a871aff" testListId="8c84fa94-04c1-424b-9868-57a2d4851a1d" />
    <TestEntry testId="5e8702d9-5c9f-0f2b-a406-1864da59bd7e" executionId="3a9688db-f199-41b0-aa76-5b2dfda27468" testListId="8c84fa94-04c1-424b-9868-57a2d4851a1d" />
    <TestEntry testId="95b1d03a-18fd-f584-536b-f90a32b3e60a" executionId="0dc31248-2611-498e-9d04-97d71e77247c" testListId="8c84fa94-04c1-424b-9868-57a2d4851a1d" />
    <TestEntry testId="4b48bf36-078b-3281-68de-73bcc93c35cc" executionId="ba2b509c-c5f5-4d97-a9d5-210afd283061" testListId="8c84fa94-04c1-424b-9868-57a2d4851a1d" />
    <TestEntry testId="08edd840-a09f-9a15-0c61-afe7bf3e0d5b" executionId="e2b44405-22d4-4bb6-8500-451f02ac15ae" testListId="8c84fa94-04c1-424b-9868-57a2d4851a1d" />
    <TestEntry testId="f82ffb2c-a404-9020-7b62-349ae13e5c75" executionId="5a5109ac-799c-4712-86d6-b687020ec47b" testListId="8c84fa94-04c1-424b-9868-57a2d4851a1d" />
    <TestEntry testId="10d2c696-3fe4-10c2-09de-7ceef1c7fe28" executionId="3aa20045-891d-4a33-a47f-3335186b02c1" testListId="8c84fa94-04c1-424b-9868-57a2d4851a1d" />
    <TestEntry testId="42450511-e9fc-1bb8-0a73-2867da9ef625" executionId="6c7d9fb2-11fd-4ad1-8b31-a3853ad20a53" testListId="8c84fa94-04c1-424b-9868-57a2d4851a1d" />
    <TestEntry testId="e0edef12-1cb4-857a-12f0-1b58e1a20b13" executionId="25691976-8c7f-4cf1-b6b9-04492568edf9" testListId="8c84fa94-04c1-424b-9868-57a2d4851a1d" />
    <TestEntry testId="4485be60-ebc5-da8f-c14b-a672ecf4195b" executionId="1ce0f505-ec54-44bc-92f8-7a69fab60587" testListId="8c84fa94-04c1-424b-9868-57a2d4851a1d" />
    <TestEntry testId="42e3ec46-8434-fb59-57e1-2b220e65a4e0" executionId="35356b96-1cc7-4e82-8579-b064cc1b18dc" testListId="8c84fa94-04c1-424b-9868-57a2d4851a1d" />
    <TestEntry testId="21ccf45e-8128-2e3d-c2bb-20e9611e8def" executionId="f9c91142-d75e-427d-8c75-ee9bc3f0a672" testListId="8c84fa94-04c1-424b-9868-57a2d4851a1d" />
    <TestEntry testId="e87417e0-e143-bedb-9aaf-473deed8c509" executionId="419a84d9-53fd-4c7d-95f2-c51fc067a68e" testListId="8c84fa94-04c1-424b-9868-57a2d4851a1d" />
    <TestEntry testId="37429f34-1b2d-b12a-94f9-bff144f2a224" executionId="60571ee4-d662-40e0-817b-1a71171ca595" testListId="8c84fa94-04c1-424b-9868-57a2d4851a1d" />
    <TestEntry testId="1e9a7246-198b-723d-9eec-563c562939e3" executionId="81174557-4eb9-417c-b044-759d377b2567" testListId="8c84fa94-04c1-424b-9868-57a2d4851a1d" />
    <TestEntry testId="11fad197-dc15-5e94-2f41-67645523b002" executionId="4eb14e30-0f85-4c2a-93ca-af2efca975ea" testListId="8c84fa94-04c1-424b-9868-57a2d4851a1d" />
    <TestEntry testId="1a1ec069-9b14-81bb-b802-1d035f3ee5a3" executionId="7ea75836-b2ad-4607-86dd-1f8a01242d30" testListId="8c84fa94-04c1-424b-9868-57a2d4851a1d" />
    <TestEntry testId="8c12d516-213b-dfde-f45d-95d82a29988d" executionId="86324b08-b14e-4291-b7d1-6cdad475c628" testListId="8c84fa94-04c1-424b-9868-57a2d4851a1d" />
    <TestEntry testId="00f09470-13ff-0e0f-d8d8-3fd767f928a8" executionId="3784e113-2750-4be7-b17f-d9d476ec7d39" testListId="8c84fa94-04c1-424b-9868-57a2d4851a1d" />
    <TestEntry testId="24552ad2-e7f5-eee6-01a8-24b309fa6f3a" executionId="78312d71-624f-488e-a1bc-0d957a98d828" testListId="8c84fa94-04c1-424b-9868-57a2d4851a1d" />
    <TestEntry testId="7a3424ca-0fae-d8e2-bd1d-af563008f224" executionId="b3b6d869-051c-45b9-8e56-1427edbcf7f9" testListId="8c84fa94-04c1-424b-9868-57a2d4851a1d" />
    <TestEntry testId="85ab93fd-c6a4-858f-2f3e-a7ed401d7d66" executionId="5d284f5b-3136-400c-9da0-43adc66d2176" testListId="8c84fa94-04c1-424b-9868-57a2d4851a1d" />
    <TestEntry testId="8bf5cd2b-918b-16c2-3490-1c7a3c7de97d" executionId="bba506be-837d-49fd-be35-a22bf7ddeddc" testListId="8c84fa94-04c1-424b-9868-57a2d4851a1d" />
    <TestEntry testId="ec71d9ba-cee7-d63f-b4b9-fe7c185e4256" executionId="84d7b876-083a-47c9-9223-911f9e4f4a8d" testListId="8c84fa94-04c1-424b-9868-57a2d4851a1d" />
    <TestEntry testId="2f4b0281-9c7a-09ad-9ddf-f26e3385dbb8" executionId="c5227327-0276-4f5b-87ee-e4cf8226f3eb" testListId="8c84fa94-04c1-424b-9868-57a2d4851a1d" />
    <TestEntry testId="143c964a-6102-d861-c0a8-292de16ab3e2" executionId="b1c7d6e1-668f-4278-8ee8-e9314b851880" testListId="8c84fa94-04c1-424b-9868-57a2d4851a1d" />
    <TestEntry testId="07ee7d52-67c7-d86d-369e-0ee0b7f43734" executionId="4f64bbd0-1e5e-4690-999d-1f7a552709d6" testListId="8c84fa94-04c1-424b-9868-57a2d4851a1d" />
    <TestEntry testId="9c0b94c9-958d-a5ec-8127-ce4dd92dd973" executionId="29879463-d601-4ab7-b15b-dfa75482b9a0" testListId="8c84fa94-04c1-424b-9868-57a2d4851a1d" />
    <TestEntry testId="dcefa653-93a5-b996-171e-c78a680c4ee4" executionId="cbcb588c-9c34-42bc-8323-8daaef8b8dc4" testListId="8c84fa94-04c1-424b-9868-57a2d4851a1d" />
    <TestEntry testId="bcf3d4c3-6d3d-db68-80b1-f1b00270a123" executionId="f463fa33-fef5-4cd0-a456-8048b684d580" testListId="8c84fa94-04c1-424b-9868-57a2d4851a1d" />
    <TestEntry testId="1aa66849-c568-f584-5496-d53c04f2eb9a" executionId="4b498ab8-1d78-4d21-baee-a131d343cae0" testListId="8c84fa94-04c1-424b-9868-57a2d4851a1d" />
    <TestEntry testId="3ee79c97-9160-57a2-454a-bba6927f5f95" executionId="14d41efe-25b0-43b7-9b59-2de66b76ce09" testListId="8c84fa94-04c1-424b-9868-57a2d4851a1d" />
    <TestEntry testId="32f1449b-2dab-90fb-934f-717768e00957" executionId="95e09627-4f11-42fc-ba59-f4d4cd07e0a1" testListId="8c84fa94-04c1-424b-9868-57a2d4851a1d" />
    <TestEntry testId="339b9449-32db-9313-bd5a-4b76c550c24b" executionId="7e62ae1b-ac57-4d76-8ac2-c6269be21e7f" testListId="8c84fa94-04c1-424b-9868-57a2d4851a1d" />
    <TestEntry testId="4390b2ea-086f-aac5-08c1-04c155b3b2c2" executionId="9defc3b4-6cf0-4bca-aeae-a60bd94d0f21" testListId="8c84fa94-04c1-424b-9868-57a2d4851a1d" />
    <TestEntry testId="cbf1a55c-06e0-b06b-c5b7-7c0d1f2cf674" executionId="4f4e9b1a-acac-4629-9535-80ff48c5933a" testListId="8c84fa94-04c1-424b-9868-57a2d4851a1d" />
    <TestEntry testId="9f74e58e-92da-ad41-186d-297c2df06763" executionId="25df8db1-0a8c-401f-92fc-c87dd9207b36" testListId="8c84fa94-04c1-424b-9868-57a2d4851a1d" />
    <TestEntry testId="00e19a17-84a2-27a5-5951-8ea1f3070b58" executionId="70d0eca2-8755-4282-a6ce-70af8daeed2e" testListId="8c84fa94-04c1-424b-9868-57a2d4851a1d" />
    <TestEntry testId="d21f6db5-9278-700c-a7f4-eb556d215354" executionId="9cfef7ba-9a5b-4198-8c73-cfb26ab0f835" testListId="8c84fa94-04c1-424b-9868-57a2d4851a1d" />
    <TestEntry testId="cc09ee50-c14c-8ada-06f7-e9456fd353cb" executionId="784c44b1-5b22-4f82-912d-06d155d6e597" testListId="8c84fa94-04c1-424b-9868-57a2d4851a1d" />
    <TestEntry testId="78509e9b-d581-7425-3c51-508461a66293" executionId="040daa90-7d9b-47ff-abbc-69fba0feb6d9" testListId="8c84fa94-04c1-424b-9868-57a2d4851a1d" />
    <TestEntry testId="4ea48667-d983-3405-935a-eef2a514b591" executionId="c0db08fc-7a35-482f-b4e1-680fb6326ce9" testListId="8c84fa94-04c1-424b-9868-57a2d4851a1d" />
    <TestEntry testId="38dda871-b7e4-b196-a9eb-a425140a5da5" executionId="0cdec6d3-80d5-4a4a-a7bd-5edbdf6b8da0" testListId="8c84fa94-04c1-424b-9868-57a2d4851a1d" />
    <TestEntry testId="2f3f981a-b73f-fb79-e3d7-09241fb6f8ce" executionId="19b9868f-f47b-4a3a-80a6-4f029e36ef79" testListId="8c84fa94-04c1-424b-9868-57a2d4851a1d" />
    <TestEntry testId="a8cfb67a-f296-4724-8734-3b0c0c3b4e5a" executionId="438fc3e4-923c-4e8d-be1d-db3ba00aab4f" testListId="8c84fa94-04c1-424b-9868-57a2d4851a1d" />
    <TestEntry testId="cdc6d677-039e-88a9-a26b-5e1ff491e38b" executionId="8a8a5f1c-fba6-41a0-961e-7bf2d168a73a" testListId="8c84fa94-04c1-424b-9868-57a2d4851a1d" />
    <TestEntry testId="c214c92d-08f2-c472-b48f-133a7864d295" executionId="41772513-642c-4458-9f0b-1af568e04d2d" testListId="8c84fa94-04c1-424b-9868-57a2d4851a1d" />
    <TestEntry testId="c3184295-42a7-66b5-0825-d2f93113dc23" executionId="f12ebb5c-4f35-4ecb-90d3-526f7e0ce409" testListId="8c84fa94-04c1-424b-9868-57a2d4851a1d" />
    <TestEntry testId="bb78fa2c-7ddd-0cd1-5d2d-7771ad5bae3e" executionId="f459bd0a-eeca-413a-9446-a2f6fa31e9e6" testListId="8c84fa94-04c1-424b-9868-57a2d4851a1d" />
    <TestEntry testId="19fc1d8e-0fae-c0df-a773-d771eb9e1671" executionId="87c1d2a7-8e45-46bc-ba13-dd8f4d38b6f1" testListId="8c84fa94-04c1-424b-9868-57a2d4851a1d" />
    <TestEntry testId="a403124d-1ca6-0f66-737b-ca70a0aa0ea6" executionId="98d791fb-766c-4434-844a-3f6fa88188f7" testListId="8c84fa94-04c1-424b-9868-57a2d4851a1d" />
    <TestEntry testId="9eaae1e3-0039-d71e-66a1-4ea076b9561e" executionId="3ec09779-aef8-457f-bec9-9362007ad728" testListId="8c84fa94-04c1-424b-9868-57a2d4851a1d" />
    <TestEntry testId="14560893-b569-8e84-9d81-59ff3f435da3" executionId="9ce0284f-23ec-481a-bac2-f08a01141efd" testListId="8c84fa94-04c1-424b-9868-57a2d4851a1d" />
    <TestEntry testId="8ed25905-7c64-9d2d-f827-67570d7e1a6b" executionId="c56f7d7d-5642-4cdb-bcfe-779534969fcb" testListId="8c84fa94-04c1-424b-9868-57a2d4851a1d" />
    <TestEntry testId="7e140d2b-2a95-bf5e-b724-7eddb036dbe5" executionId="d39357b6-d308-47d9-8869-b92eb0b15149" testListId="8c84fa94-04c1-424b-9868-57a2d4851a1d" />
    <TestEntry testId="fd01aab9-ca48-8b05-e70a-644ec60e2c34" executionId="2d219986-4c66-489a-998f-f518b49d6b76" testListId="8c84fa94-04c1-424b-9868-57a2d4851a1d" />
    <TestEntry testId="e212a447-e174-d204-3c14-c76c16f18c61" executionId="98d01405-4913-4a60-84ba-cc9da41ebeb2" testListId="8c84fa94-04c1-424b-9868-57a2d4851a1d" />
    <TestEntry testId="6ea80318-fd3e-d3fc-a30a-e658c3723b3e" executionId="fbc48a25-2474-4e61-931e-1a53ca838154" testListId="8c84fa94-04c1-424b-9868-57a2d4851a1d" />
    <TestEntry testId="5c839bf0-1998-7f86-972a-fdc64f4b206d" executionId="ddc3158e-7ec0-45db-b1be-302e5f1569bf" testListId="8c84fa94-04c1-424b-9868-57a2d4851a1d" />
    <TestEntry testId="aafdc42a-ff16-1366-784e-915ed789f48b" executionId="e4405e90-ff58-4956-92cd-6d3ee0bcc371" testListId="8c84fa94-04c1-424b-9868-57a2d4851a1d" />
    <TestEntry testId="aa8093d9-4c39-a42c-dda7-99dfcab5a8f4" executionId="55ce705e-419e-47ff-88a0-c5da7fc0e228" testListId="8c84fa94-04c1-424b-9868-57a2d4851a1d" />
    <TestEntry testId="a7f572ea-cebb-1990-3ea9-f8bbb206d1fc" executionId="4eaf0f94-a267-4948-b10a-196830c294a7" testListId="8c84fa94-04c1-424b-9868-57a2d4851a1d" />
    <TestEntry testId="e035e686-d2ff-24aa-9b03-75b1f7179f0d" executionId="67ed3699-b28e-4e04-82d7-502b450032bb" testListId="8c84fa94-04c1-424b-9868-57a2d4851a1d" />
    <TestEntry testId="bce94201-2def-6fad-1b3c-274e63346a82" executionId="0e63dd46-3924-4847-8b47-8def9a3eaa52" testListId="8c84fa94-04c1-424b-9868-57a2d4851a1d" />
    <TestEntry testId="c95f527c-0926-e4f0-6839-6e4f386c13e0" executionId="399d41e6-54fe-48bc-b32a-bfe0b7dfba46" testListId="8c84fa94-04c1-424b-9868-57a2d4851a1d" />
    <TestEntry testId="b28ebd74-9e5e-9457-1489-0726ed5ffe38" executionId="43825876-31a3-4fad-96df-3b9d509ba84e" testListId="8c84fa94-04c1-424b-9868-57a2d4851a1d" />
    <TestEntry testId="14269668-7653-ecd1-825b-a7a673e60d0d" executionId="55dbdd79-775e-41e2-b320-a52c3fe32450" testListId="8c84fa94-04c1-424b-9868-57a2d4851a1d" />
    <TestEntry testId="17336d5d-6676-adaf-9825-b947754db482" executionId="f54d096a-e9d4-4169-90c9-a22ad1d14d83" testListId="8c84fa94-04c1-424b-9868-57a2d4851a1d" />
    <TestEntry testId="17777076-9388-63f2-7e41-e8411bd30918" executionId="9f9eacd7-5932-4c51-89b8-0205ccb6ea57" testListId="8c84fa94-04c1-424b-9868-57a2d4851a1d" />
    <TestEntry testId="aeffa11a-d192-2ae9-a123-63fc3e4aae88" executionId="e10e8b48-1627-4e30-8ebd-3bb148bd3980" testListId="8c84fa94-04c1-424b-9868-57a2d4851a1d" />
    <TestEntry testId="881375b9-0ac3-4207-9457-fab7c100ab70" executionId="a974c5a1-7576-4444-bfe4-c4d1e2324313" testListId="8c84fa94-04c1-424b-9868-57a2d4851a1d" />
    <TestEntry testId="b779b1a6-63cd-8aae-926b-05298ce423dc" executionId="1a27c8fa-1200-44bb-a363-2b9717230416" testListId="8c84fa94-04c1-424b-9868-57a2d4851a1d" />
    <TestEntry testId="9554f9d6-6b5f-fa9a-19f2-0be9d80e39f0" executionId="7de920ff-e7dc-4de9-86d5-b4576255ba13" testListId="8c84fa94-04c1-424b-9868-57a2d4851a1d" />
    <TestEntry testId="541558d6-6eb5-ef95-ccb2-54daa35a37c1" executionId="efb8f3f5-9637-456f-95f7-6f2848f11351" testListId="8c84fa94-04c1-424b-9868-57a2d4851a1d" />
    <TestEntry testId="64ae392c-d25b-86e5-f08e-6ea92ee2e4ec" executionId="9fab19d6-e6c2-4f4c-8c4a-7e3456703fb2" testListId="8c84fa94-04c1-424b-9868-57a2d4851a1d" />
    <TestEntry testId="f4029d68-9184-29c2-3c76-2aababdb9bfe" executionId="1a9bfef1-2d70-49da-9d78-4facbdfb886d" testListId="8c84fa94-04c1-424b-9868-57a2d4851a1d" />
    <TestEntry testId="e5a959f9-42e9-cab2-d5b3-b860c76790d1" executionId="3923d918-dae9-49d3-ac67-85135aaac97f" testListId="8c84fa94-04c1-424b-9868-57a2d4851a1d" />
    <TestEntry testId="2a845b8b-a38f-a4fc-1a28-61fb3533bd2c" executionId="415608aa-b58e-4547-8c8f-831561ecabe9" testListId="8c84fa94-04c1-424b-9868-57a2d4851a1d" />
    <TestEntry testId="60b2fb76-1f7c-0185-7819-0149d16632d1" executionId="388c6cc1-746b-4569-a91d-8cbf2a55f1f2" testListId="8c84fa94-04c1-424b-9868-57a2d4851a1d" />
    <TestEntry testId="72598820-c238-bb8a-f0d6-7f6e083a2fec" executionId="9f2bb650-82b0-4003-b706-d46fdff1f5de" testListId="8c84fa94-04c1-424b-9868-57a2d4851a1d" />
    <TestEntry testId="ce111de4-5363-596e-5bae-977e3c4a4097" executionId="7d7537c0-4254-4759-b3c2-8d6b158a9346" testListId="8c84fa94-04c1-424b-9868-57a2d4851a1d" />
    <TestEntry testId="b66c9864-310c-dcd3-b224-50f7e9dd782e" executionId="402aca76-9ea7-4d09-90aa-943eb4ba3828" testListId="8c84fa94-04c1-424b-9868-57a2d4851a1d" />
    <TestEntry testId="664e6493-a350-b92e-3224-2f6b509268ea" executionId="5b4f3957-0549-4317-9aa1-2c47afbb10df" testListId="8c84fa94-04c1-424b-9868-57a2d4851a1d" />
    <TestEntry testId="e08afc34-cf78-fee8-d6e6-65fa0ef12d40" executionId="3318ea48-973b-4c15-9bc3-5b910d5fd57e" testListId="8c84fa94-04c1-424b-9868-57a2d4851a1d" />
    <TestEntry testId="9d96775e-f84e-90a2-a5d3-3d73e9871cfa" executionId="60b0c3d5-9b88-4ebc-8b8a-7494d8fc5597" testListId="8c84fa94-04c1-424b-9868-57a2d4851a1d" />
    <TestEntry testId="229548e7-c814-7d03-aae9-a82430d60fbc" executionId="a9e3f550-0c35-482f-adb5-85031df03d5f" testListId="8c84fa94-04c1-424b-9868-57a2d4851a1d" />
    <TestEntry testId="87bc8649-ff49-904f-db05-d02459b9884d" executionId="a0a9b95c-a542-4a40-9dd1-322c6d71a765" testListId="8c84fa94-04c1-424b-9868-57a2d4851a1d" />
    <TestEntry testId="f2eb084a-1f18-1fe7-34f1-2083fed4886b" executionId="036a5b98-7cd5-4631-aba3-e98ff6696983" testListId="8c84fa94-04c1-424b-9868-57a2d4851a1d" />
    <TestEntry testId="4879fdf1-a6aa-6fe5-4969-67ce57c0e9ac" executionId="ba4a3fb9-8922-48e0-9ac6-7c6ced0cebf6" testListId="8c84fa94-04c1-424b-9868-57a2d4851a1d" />
    <TestEntry testId="b7c35a90-3f70-63ce-fb58-1330046987ea" executionId="b39c95a0-12f3-4ef8-be02-10f196655cb1" testListId="8c84fa94-04c1-424b-9868-57a2d4851a1d" />
    <TestEntry testId="307486b9-00ca-72cc-88e9-d0c5585d219e" executionId="f3ef6cf1-f8e7-48be-a596-ca31e2232e11" testListId="8c84fa94-04c1-424b-9868-57a2d4851a1d" />
    <TestEntry testId="47036bbc-a6ea-5ffd-1bf1-0123489c2851" executionId="c817fd7c-ce64-4a9b-9b1f-9fe33c601a9b" testListId="8c84fa94-04c1-424b-9868-57a2d4851a1d" />
    <TestEntry testId="02859efd-d8a6-c9fa-0c6c-dc8aa96a48c1" executionId="cbd95e1b-eafa-4778-a5f5-dd7d69ca4342" testListId="8c84fa94-04c1-424b-9868-57a2d4851a1d" />
    <TestEntry testId="b6dd8ab4-717a-bff3-9ff7-c871d991948d" executionId="bbe23274-dea5-4d4c-8cb6-a9e6931eab94" testListId="8c84fa94-04c1-424b-9868-57a2d4851a1d" />
    <TestEntry testId="9a6d99f0-2478-7008-b6de-ccf4f008eb1f" executionId="7b26ad4f-bfc8-4c23-98fd-3aa2658d70ed" testListId="8c84fa94-04c1-424b-9868-57a2d4851a1d" />
    <TestEntry testId="cb7cc280-eb4f-97ff-9e8d-6fb2e44da770" executionId="8097c1ac-f3a3-4ef2-bced-54df2a33abc0" testListId="8c84fa94-04c1-424b-9868-57a2d4851a1d" />
    <TestEntry testId="912b14b8-7a65-de53-0707-a491d0e913c9" executionId="3d437056-6590-4d57-92a4-365384396340" testListId="8c84fa94-04c1-424b-9868-57a2d4851a1d" />
    <TestEntry testId="57562f84-ca24-a374-0bbd-a64f62493393" executionId="2e698d16-dc3a-4d78-9358-a66080e14403" testListId="8c84fa94-04c1-424b-9868-57a2d4851a1d" />
    <TestEntry testId="204c20ab-1b37-4d10-3045-65864beed6a2" executionId="768fbc7f-357e-4ced-b76d-96501096c618" testListId="8c84fa94-04c1-424b-9868-57a2d4851a1d" />
    <TestEntry testId="f48e9cd8-b051-c100-7f74-d5b838d2550f" executionId="b4fb9b4b-2064-45e0-80c5-8aa3ead52f4a" testListId="8c84fa94-04c1-424b-9868-57a2d4851a1d" />
    <TestEntry testId="661f4fdd-5778-f70d-7e4e-9944e0c622b5" executionId="c82168b2-ebc8-45f0-8b50-6f4d32c41b90" testListId="8c84fa94-04c1-424b-9868-57a2d4851a1d" />
    <TestEntry testId="7f969016-ac4d-f197-264f-3ad7c512794a" executionId="b08bbb75-e708-416d-b83d-fce1aa55903b" testListId="8c84fa94-04c1-424b-9868-57a2d4851a1d" />
    <TestEntry testId="3eb9a3ff-c5fa-b317-194e-27f209de71a6" executionId="5d29b998-4cd4-45ba-a086-534c4466a5ce" testListId="8c84fa94-04c1-424b-9868-57a2d4851a1d" />
    <TestEntry testId="811a6089-74ef-6f7b-6f17-6fb2e3181bfc" executionId="ef452c72-13e6-4ed2-bd2e-723184976717" testListId="8c84fa94-04c1-424b-9868-57a2d4851a1d" />
    <TestEntry testId="b94bc3e4-456f-5309-f9a8-1757b34a2f42" executionId="71a7868f-6248-44ef-899d-c5341d0c64ec" testListId="8c84fa94-04c1-424b-9868-57a2d4851a1d" />
    <TestEntry testId="c0e9a277-e1e2-509a-d802-3ba2b6ebf03e" executionId="70e4d77d-8316-44e5-ba09-588fd3cf66e5" testListId="8c84fa94-04c1-424b-9868-57a2d4851a1d" />
    <TestEntry testId="5fcaabbc-76f6-6e4d-a2d0-53d66fcf6b66" executionId="6d3e80ca-e4e3-4583-a84f-08ceb68ec22e" testListId="8c84fa94-04c1-424b-9868-57a2d4851a1d" />
    <TestEntry testId="e129284c-28cd-7195-bcdf-a16aa9bd8b13" executionId="b1298a74-2917-4553-94aa-3a463378f5de" testListId="8c84fa94-04c1-424b-9868-57a2d4851a1d" />
    <TestEntry testId="fc1c8124-47bb-a8bc-5737-8872268eedf3" executionId="66ce2d41-dbb3-4891-bdea-a43ee3132023" testListId="8c84fa94-04c1-424b-9868-57a2d4851a1d" />
    <TestEntry testId="91341f70-55ff-152a-4486-885af4213579" executionId="61fff848-19c3-4aac-abae-d9959575d890" testListId="8c84fa94-04c1-424b-9868-57a2d4851a1d" />
    <TestEntry testId="fead0e95-d899-cc0e-0e88-008cee717a79" executionId="ca0313c3-01a1-4f72-951a-95e5a25f3ec3" testListId="8c84fa94-04c1-424b-9868-57a2d4851a1d" />
    <TestEntry testId="94bb4dfe-b0ce-4e57-734d-47a215db43d1" executionId="ef236667-f973-4963-b3aa-96c16ed45729" testListId="8c84fa94-04c1-424b-9868-57a2d4851a1d" />
    <TestEntry testId="4fc53d11-7560-9109-952f-746fb76e3c3a" executionId="678f6332-a050-4221-a56b-eb258e835097" testListId="8c84fa94-04c1-424b-9868-57a2d4851a1d" />
    <TestEntry testId="105dcca2-cdc3-0863-6144-8659dbf0dd2e" executionId="52ce2a19-a9aa-4063-9e28-fbd87677cd13" testListId="8c84fa94-04c1-424b-9868-57a2d4851a1d" />
    <TestEntry testId="78a88df1-0567-411c-90b4-86013350efa5" executionId="cf3597c8-fe62-4ac0-9fbf-f47cf6028187" testListId="8c84fa94-04c1-424b-9868-57a2d4851a1d" />
    <TestEntry testId="1faf9f68-c3ff-50da-2a1f-6c99784ad39d" executionId="4bacff2e-1528-4f53-847b-a5133cc2cc85" testListId="8c84fa94-04c1-424b-9868-57a2d4851a1d" />
    <TestEntry testId="fd5e5db7-75bb-c1b4-bc63-c5e02bac5794" executionId="ad04fe34-57e4-4206-aa8a-c57db26dd900" testListId="8c84fa94-04c1-424b-9868-57a2d4851a1d" />
    <TestEntry testId="a4298eb4-c80a-c59c-c50b-0666aeeebf05" executionId="9a0b090f-3a5b-4e31-a82b-c09778954ad2" testListId="8c84fa94-04c1-424b-9868-57a2d4851a1d" />
    <TestEntry testId="cbc00693-3018-a563-8a89-a8dbeba3cf5d" executionId="899478c3-30b1-457f-8d13-6de6dec9ea8d" testListId="8c84fa94-04c1-424b-9868-57a2d4851a1d" />
    <TestEntry testId="33b6f5ee-da23-2516-d626-f8cc402f6c53" executionId="c8be8445-76e8-4bfa-a11b-5ff4f8a1cc32" testListId="8c84fa94-04c1-424b-9868-57a2d4851a1d" />
    <TestEntry testId="f11037d8-2798-0e28-7654-8f48530f6ed7" executionId="55da5858-1d1d-4585-9bbd-238cafbd036f" testListId="8c84fa94-04c1-424b-9868-57a2d4851a1d" />
    <TestEntry testId="89a9512f-0a88-6fc2-d941-d71c3d7ab26c" executionId="a0bac492-0621-4a43-9329-89ca56202473" testListId="8c84fa94-04c1-424b-9868-57a2d4851a1d" />
    <TestEntry testId="c433c793-666e-34b6-8b63-f25466869ce3" executionId="d597324f-4c47-47d5-89ef-af231ca073d1" testListId="8c84fa94-04c1-424b-9868-57a2d4851a1d" />
    <TestEntry testId="574c2c90-0245-de82-999d-96c7fabf75f0" executionId="83502034-7822-41b8-afce-9d8e385167fe" testListId="8c84fa94-04c1-424b-9868-57a2d4851a1d" />
    <TestEntry testId="e4641341-31b6-ce48-cce6-568b8b19782f" executionId="fa1823cb-ac87-46cb-971d-6ca6165fc960" testListId="8c84fa94-04c1-424b-9868-57a2d4851a1d" />
    <TestEntry testId="54639342-3d46-c804-f3d5-99838a456624" executionId="f572a142-8df2-4d56-bcea-09d38ed5215f" testListId="8c84fa94-04c1-424b-9868-57a2d4851a1d" />
    <TestEntry testId="48ca2ab9-f06b-98ff-88d7-9712516f659e" executionId="2f61c5d3-e9d4-4caa-8ea4-c8840f6db9b0" testListId="8c84fa94-04c1-424b-9868-57a2d4851a1d" />
    <TestEntry testId="16d85b62-693e-78e6-6445-152d2a3ccb8f" executionId="113882eb-39e3-4ba2-b57e-5a4371c40839" testListId="8c84fa94-04c1-424b-9868-57a2d4851a1d" />
    <TestEntry testId="755e587f-abde-7475-dbff-6b1bd708f630" executionId="7f8db208-8d49-4912-974a-0eb0534412c1" testListId="8c84fa94-04c1-424b-9868-57a2d4851a1d" />
    <TestEntry testId="7286f5e5-524e-3d7b-16fe-4652fd6bab68" executionId="1ca86969-717d-430c-8b9c-cb496fe334f8" testListId="8c84fa94-04c1-424b-9868-57a2d4851a1d" />
    <TestEntry testId="097b294e-fe0c-9543-f844-6b0510e37afd" executionId="9d6ffb8e-8757-4c9a-89c8-6f3b1671891a" testListId="8c84fa94-04c1-424b-9868-57a2d4851a1d" />
    <TestEntry testId="0eeaa5f3-b762-18aa-4662-dc326afd77c6" executionId="6c137dbf-31f3-4f67-8737-96ccf36fcefa" testListId="8c84fa94-04c1-424b-9868-57a2d4851a1d" />
    <TestEntry testId="af9b34af-c129-27ed-6022-fd854a23a0b4" executionId="4b4749c0-1f9a-4a7c-9663-5aae5aa7138f" testListId="8c84fa94-04c1-424b-9868-57a2d4851a1d" />
    <TestEntry testId="d5acb6b2-2241-7ff7-202e-848312ae8356" executionId="0876cf82-e195-4600-8a1f-ea4b0f4a16e0" testListId="8c84fa94-04c1-424b-9868-57a2d4851a1d" />
    <TestEntry testId="759cc0dc-cce2-5bbd-be81-e35abe9d7d2e" executionId="5db7f27d-b321-4a26-ad65-626ccc4a314f" testListId="8c84fa94-04c1-424b-9868-57a2d4851a1d" />
    <TestEntry testId="88f832f0-850e-8880-bbd0-b9ac6891d2a8" executionId="32620637-0caa-42d6-a6a5-07b95e958cc3" testListId="8c84fa94-04c1-424b-9868-57a2d4851a1d" />
    <TestEntry testId="db08b945-1cff-7ffd-3ad7-b9d159321f59" executionId="7079d05e-6af9-4f9f-980d-f176d25eee91" testListId="8c84fa94-04c1-424b-9868-57a2d4851a1d" />
    <TestEntry testId="159786b5-8ca2-5538-8bd6-da5b1fadbc39" executionId="e4be5e30-0977-4bd8-a8e9-546cc4905971" testListId="8c84fa94-04c1-424b-9868-57a2d4851a1d" />
    <TestEntry testId="87fe0b7e-00f2-076c-8837-5f1588ddfb23" executionId="751a433f-b950-481f-a62a-ad0cc6978384" testListId="8c84fa94-04c1-424b-9868-57a2d4851a1d" />
    <TestEntry testId="6a635bdb-3df5-a31a-8c39-614196c92c89" executionId="675698a0-e2db-4e31-96d1-e04c087fbacb" testListId="8c84fa94-04c1-424b-9868-57a2d4851a1d" />
    <TestEntry testId="50e385a2-431b-1775-e8d5-48b3fbc4e413" executionId="174662f2-71b3-40d8-8d22-db8a98dc2163" testListId="8c84fa94-04c1-424b-9868-57a2d4851a1d" />
    <TestEntry testId="3630dd99-5f47-e771-1fb3-f78feb9c2a24" executionId="4b1fe68f-60ff-46df-a26f-81995b83019e" testListId="8c84fa94-04c1-424b-9868-57a2d4851a1d" />
    <TestEntry testId="b4853750-e098-d81a-34c5-79923aee9cc7" executionId="b6a56b39-57aa-40cd-b305-ef9ef2119b09" testListId="8c84fa94-04c1-424b-9868-57a2d4851a1d" />
    <TestEntry testId="0c90957a-f20b-75df-040d-0bdb85a408aa" executionId="09bbd717-9fc6-42d5-9e12-934bdefe0697" testListId="8c84fa94-04c1-424b-9868-57a2d4851a1d" />
    <TestEntry testId="93477380-b89c-b371-b0e8-3f7b061744b3" executionId="918e9cc9-95ac-47a4-90a5-01260ea622f4" testListId="8c84fa94-04c1-424b-9868-57a2d4851a1d" />
    <TestEntry testId="20bb65eb-1990-f346-b4df-bcadf313c09d" executionId="f6829c28-dc0a-4512-8f43-a56219ef43cf" testListId="8c84fa94-04c1-424b-9868-57a2d4851a1d" />
    <TestEntry testId="8cbe7f94-53bb-8b7b-4e1d-bc0e4c93eabe" executionId="1a3bfb83-e78f-433a-98ff-846845b36dbe" testListId="8c84fa94-04c1-424b-9868-57a2d4851a1d" />
    <TestEntry testId="657e21ce-a52e-6c6a-6311-57335b301012" executionId="44cbe3c9-7140-4446-8281-9bcb3863b1f7" testListId="8c84fa94-04c1-424b-9868-57a2d4851a1d" />
    <TestEntry testId="98f18924-197c-0bd6-8f3c-5fa068d90c80" executionId="881c4767-6afa-45c6-9ae2-ca42c55f930f" testListId="8c84fa94-04c1-424b-9868-57a2d4851a1d" />
    <TestEntry testId="99e28619-dc47-b3fe-39c4-c5a632d97560" executionId="19960183-50b2-4a55-aa99-74e0b0d04dc5" testListId="8c84fa94-04c1-424b-9868-57a2d4851a1d" />
    <TestEntry testId="ecbec1d8-b667-c635-f550-1642d91b3766" executionId="f5fc053e-e928-40b4-90ac-3ea44aff4d71" testListId="8c84fa94-04c1-424b-9868-57a2d4851a1d" />
    <TestEntry testId="aa257481-7107-af51-2127-9f782d0ea362" executionId="d055d270-eb07-4fb4-a343-a4ba6238f2c9" testListId="8c84fa94-04c1-424b-9868-57a2d4851a1d" />
    <TestEntry testId="715c3fb5-e8c4-f4e7-60d5-661edd5e9ff2" executionId="fc4d7206-cbeb-4310-b59f-8f7312a9b58d" testListId="8c84fa94-04c1-424b-9868-57a2d4851a1d" />
    <TestEntry testId="3374f0ec-84a4-6b64-55fa-ff1da1e377d5" executionId="de48d492-099f-44cb-835c-90d3d935dccc" testListId="8c84fa94-04c1-424b-9868-57a2d4851a1d" />
    <TestEntry testId="0059c220-7153-d6d7-686e-c5a3330c7f1a" executionId="de0bd2ed-740c-46cf-b8a8-79ec84d1cec8" testListId="8c84fa94-04c1-424b-9868-57a2d4851a1d" />
    <TestEntry testId="4e51ac3e-d4b3-8ce3-0953-07f39b877784" executionId="4c5e672d-20a5-4e17-9e96-b89a8ef70937" testListId="8c84fa94-04c1-424b-9868-57a2d4851a1d" />
    <TestEntry testId="45852857-59da-0533-30c3-8fd4652b10a7" executionId="54733f95-4c15-404f-947f-af99ac59e754" testListId="8c84fa94-04c1-424b-9868-57a2d4851a1d" />
    <TestEntry testId="f8acfd3e-a8ca-b6f5-1cfb-dd4b42c79653" executionId="e05e6fbf-4fb6-4478-98d3-334f6ea7e1ae" testListId="8c84fa94-04c1-424b-9868-57a2d4851a1d" />
    <TestEntry testId="738b8516-f5bf-a4cf-300e-7093e00b2cb1" executionId="21738ba5-d6bd-4c16-9d60-22af5d49d53d" testListId="8c84fa94-04c1-424b-9868-57a2d4851a1d" />
    <TestEntry testId="9352c0ce-e0c0-7e74-5814-1b44dcb4edf3" executionId="ca607ef2-8e11-4f02-81bb-00a880e42db6" testListId="8c84fa94-04c1-424b-9868-57a2d4851a1d" />
    <TestEntry testId="54d033f5-1cd6-8e20-ad06-b1f6027bbcb6" executionId="e0f595d4-a422-460d-b219-20200417b8db" testListId="8c84fa94-04c1-424b-9868-57a2d4851a1d" />
    <TestEntry testId="0a071c9d-f8f3-ece6-e5fe-0ecbd4c246a8" executionId="04763e53-bf99-4eec-befc-beaadfac019d" testListId="8c84fa94-04c1-424b-9868-57a2d4851a1d" />
    <TestEntry testId="e0b8b273-ae2f-7eb0-2361-2afa85566305" executionId="6cbb5ac3-3326-463e-8296-9e8785ca7efe" testListId="8c84fa94-04c1-424b-9868-57a2d4851a1d" />
    <TestEntry testId="4596f547-9ec2-cd9c-7ca2-6d11617a0198" executionId="eff8f00c-3eaa-4fb5-b8c8-76eeed379131" testListId="8c84fa94-04c1-424b-9868-57a2d4851a1d" />
    <TestEntry testId="aec88af4-fc37-ae68-2dbe-517f2be4242b" executionId="268351d2-22cd-44ac-a114-c1174d01710d" testListId="8c84fa94-04c1-424b-9868-57a2d4851a1d" />
    <TestEntry testId="853071a1-8175-de5b-5f40-77c2ff18ec32" executionId="3eeb9eed-31c5-489c-a259-1014531719ee" testListId="8c84fa94-04c1-424b-9868-57a2d4851a1d" />
    <TestEntry testId="0011cb80-7a6b-b3cc-1e23-175f03cd88f2" executionId="f49bc15f-b767-4378-820a-331f376cc769" testListId="8c84fa94-04c1-424b-9868-57a2d4851a1d" />
    <TestEntry testId="748f99ad-bd43-9fee-62d3-8667030a21c6" executionId="50e64db0-9f7c-4333-ac27-873f90d32990" testListId="8c84fa94-04c1-424b-9868-57a2d4851a1d" />
    <TestEntry testId="52eab072-1281-72ef-fa66-ec31a988ceb6" executionId="63c3fe24-18e7-4a66-a0a3-f2906eb0f2a8" testListId="8c84fa94-04c1-424b-9868-57a2d4851a1d" />
    <TestEntry testId="f2c9a4ad-b5f5-fd13-6db6-439895537b88" executionId="f467ebcd-8cd9-471b-aef2-ee5382defb89" testListId="8c84fa94-04c1-424b-9868-57a2d4851a1d" />
    <TestEntry testId="7cd6ff96-f665-2e52-296f-2d3e3cd9ff4a" executionId="996e6c0b-f032-4289-92fd-f3bcf810716b" testListId="8c84fa94-04c1-424b-9868-57a2d4851a1d" />
    <TestEntry testId="59f01c98-df98-a4a3-ea33-e745a53617a4" executionId="5ef65bfa-e544-41b9-89da-29f82e90bbf5" testListId="8c84fa94-04c1-424b-9868-57a2d4851a1d" />
    <TestEntry testId="984ea193-6ced-c93b-d0dc-9a87f25076ce" executionId="18bd0ab0-a620-4d16-9428-bc306749d762" testListId="8c84fa94-04c1-424b-9868-57a2d4851a1d" />
    <TestEntry testId="6f86a4ab-3f29-fac5-84b1-39223aab673f" executionId="867b81f1-28ca-4def-8e07-2780e4e09d2e" testListId="8c84fa94-04c1-424b-9868-57a2d4851a1d" />
    <TestEntry testId="d64e5132-5f52-bfa3-e494-a6655ef1b648" executionId="46d2e5e1-de4a-4a53-8dc1-c7a5452820ab" testListId="8c84fa94-04c1-424b-9868-57a2d4851a1d" />
    <TestEntry testId="fdb0b32c-91a8-7557-e0e4-2df46fff5a8d" executionId="a32b7075-8fef-46a0-873a-72f76a7879ad" testListId="8c84fa94-04c1-424b-9868-57a2d4851a1d" />
    <TestEntry testId="da018325-6a80-96b8-7996-eb7ed269bec1" executionId="01349053-0472-45a1-a2a4-c4f413343dc5" testListId="8c84fa94-04c1-424b-9868-57a2d4851a1d" />
    <TestEntry testId="e15a6b7f-58a9-06e9-9227-04160dd0072a" executionId="8bad5b11-6d1c-45fc-a496-8350f03acd4e" testListId="8c84fa94-04c1-424b-9868-57a2d4851a1d" />
    <TestEntry testId="12e1e94d-37b4-6153-c045-578e74c5b2f3" executionId="81f8440d-770f-424b-9b7a-f194a88098ad" testListId="8c84fa94-04c1-424b-9868-57a2d4851a1d" />
    <TestEntry testId="94d61cec-6acb-8c91-3198-fb920ad6db82" executionId="6d9a7970-0a35-4d5a-adcc-06dc0200642e" testListId="8c84fa94-04c1-424b-9868-57a2d4851a1d" />
    <TestEntry testId="c07afd63-e60f-bd3a-ad4f-4a3cb6751c4d" executionId="10059344-0386-4526-9d47-b3b49792cd81" testListId="8c84fa94-04c1-424b-9868-57a2d4851a1d" />
    <TestEntry testId="137a598d-9065-8b35-1ada-e9edf86d6ba2" executionId="be8d78ed-f1ed-4818-a41a-31f4eeacea24" testListId="8c84fa94-04c1-424b-9868-57a2d4851a1d" />
    <TestEntry testId="131d2e9f-845c-a318-5dfb-0f67d2de580e" executionId="7c237b7c-4bba-4329-8722-889ed103b237" testListId="8c84fa94-04c1-424b-9868-57a2d4851a1d" />
    <TestEntry testId="23ba3188-fa5a-8f11-0c9c-7549f905e108" executionId="5972edba-6083-444c-a378-cfefbf67421d" testListId="8c84fa94-04c1-424b-9868-57a2d4851a1d" />
    <TestEntry testId="8ed8776d-bd0c-b8c2-c135-737b7a3f0b5f" executionId="f021acb4-fc21-4cba-9123-dc97f828c9e9" testListId="8c84fa94-04c1-424b-9868-57a2d4851a1d" />
    <TestEntry testId="c41778f6-12d9-875f-db8c-4a9ec0db51cd" executionId="319af3ca-41b0-4350-ae78-14c363feb665" testListId="8c84fa94-04c1-424b-9868-57a2d4851a1d" />
    <TestEntry testId="42ddcfb5-f49b-cca3-6c6f-4fc9774ef35a" executionId="2524fb56-6c3c-4522-b4d1-7f8330a34670" testListId="8c84fa94-04c1-424b-9868-57a2d4851a1d" />
    <TestEntry testId="cc95ea2b-3231-4f76-55fc-e2655fe87068" executionId="c58fe1d5-5456-4806-88ce-b3643aabc6da" testListId="8c84fa94-04c1-424b-9868-57a2d4851a1d" />
    <TestEntry testId="859f28b7-e328-733f-c1a2-69a1e426056b" executionId="6c68e9cb-df1f-4602-a7b5-703fa41a71a4" testListId="8c84fa94-04c1-424b-9868-57a2d4851a1d" />
    <TestEntry testId="7be88bc8-74e5-1b8d-8b19-adb83f174784" executionId="992cdee9-8518-43d6-ad1a-2d020ecb53d1" testListId="8c84fa94-04c1-424b-9868-57a2d4851a1d" />
    <TestEntry testId="804e40f7-74d9-b4bb-45e1-0aa37071a8df" executionId="294511a6-6b01-431f-abfd-056ed827cecb" testListId="8c84fa94-04c1-424b-9868-57a2d4851a1d" />
    <TestEntry testId="e10034ba-9457-7d48-f4ba-a0872b64758b" executionId="15c79154-4cc4-4402-b907-555167d7c494" testListId="8c84fa94-04c1-424b-9868-57a2d4851a1d" />
    <TestEntry testId="308d0606-bf12-128b-bf88-abafecd1e2c5" executionId="91986092-84e9-4fbd-980f-76acdfe6293a" testListId="8c84fa94-04c1-424b-9868-57a2d4851a1d" />
    <TestEntry testId="b00a1104-8e5f-1bfe-1c29-5c9fc9765e2f" executionId="7ea9dd47-8e0c-46bb-b838-d1495b58bfdd" testListId="8c84fa94-04c1-424b-9868-57a2d4851a1d" />
    <TestEntry testId="7c603128-dfd6-390c-be39-435379348f85" executionId="277dd9b5-8723-4f2e-98b9-1f11ebee4752" testListId="8c84fa94-04c1-424b-9868-57a2d4851a1d" />
    <TestEntry testId="c71c11af-2d82-5113-176c-a988c648bdda" executionId="028d1640-272b-4aea-bc9b-01986b606d3f" testListId="8c84fa94-04c1-424b-9868-57a2d4851a1d" />
    <TestEntry testId="a77c72ed-02bc-e40a-f245-b17a56645675" executionId="3f5a9f01-cec6-4180-b085-f0c4174ba73d" testListId="8c84fa94-04c1-424b-9868-57a2d4851a1d" />
    <TestEntry testId="5e6badfc-f3b8-371e-4624-1d766d3da195" executionId="51435153-224b-43ba-a616-340457e66ea2" testListId="8c84fa94-04c1-424b-9868-57a2d4851a1d" />
    <TestEntry testId="66e8dfc4-b1c2-0239-1605-db951eadea20" executionId="bbb3d8c0-1190-4bfc-addf-11181335b512" testListId="8c84fa94-04c1-424b-9868-57a2d4851a1d" />
    <TestEntry testId="ca66df3e-996d-ddec-d6b1-59ad7bd2ea20" executionId="f4ed3a47-9c11-4ee6-938c-228d84e226dd" testListId="8c84fa94-04c1-424b-9868-57a2d4851a1d" />
    <TestEntry testId="915037d2-8705-91f4-1362-6b6335ad3189" executionId="0d7da0e4-badd-4646-8d85-46df10129ac3" testListId="8c84fa94-04c1-424b-9868-57a2d4851a1d" />
    <TestEntry testId="71c33396-e1aa-4357-206d-6e3f9c764281" executionId="cb95291a-b216-4722-8ac3-91f4f4c3b97d" testListId="8c84fa94-04c1-424b-9868-57a2d4851a1d" />
    <TestEntry testId="5b536f33-2046-4353-15a8-da007dd02f12" executionId="d6c56012-f753-4336-bf87-5e602bccc611" testListId="8c84fa94-04c1-424b-9868-57a2d4851a1d" />
    <TestEntry testId="cf57110a-f557-2dc4-68f2-0cfc31945112" executionId="8b745e9f-0e26-401b-aa68-d0f0f9a82c53" testListId="8c84fa94-04c1-424b-9868-57a2d4851a1d" />
    <TestEntry testId="6f3421a4-94ab-b985-2d94-0b4e624dd9a7" executionId="e60d67cc-45d7-4c64-ba49-c3ab765cab25" testListId="8c84fa94-04c1-424b-9868-57a2d4851a1d" />
    <TestEntry testId="5819f51d-92fb-05b8-65ae-0180d576a834" executionId="3921fa7c-0bbd-4bd2-adc6-77afcebd5e99" testListId="8c84fa94-04c1-424b-9868-57a2d4851a1d" />
    <TestEntry testId="c49a984d-853a-63f5-374b-23eb95c6ae33" executionId="6499f2fb-bf40-489d-a642-a066f6d69b7a" testListId="8c84fa94-04c1-424b-9868-57a2d4851a1d" />
    <TestEntry testId="454d75b8-e2b0-01bf-ca2d-fe96ce2e44f6" executionId="b1b6fb18-f103-4c9c-b7cb-18f8389a1f87" testListId="8c84fa94-04c1-424b-9868-57a2d4851a1d" />
    <TestEntry testId="81fc5d04-ff3c-abbf-fbee-43c8a11cc278" executionId="6bb9c7ae-f633-4339-8ecb-1692174fbe86" testListId="8c84fa94-04c1-424b-9868-57a2d4851a1d" />
    <TestEntry testId="4a6f6063-0772-7b40-a6f3-a9b96658f054" executionId="add67148-8f51-4409-afd2-6bbad1463356" testListId="8c84fa94-04c1-424b-9868-57a2d4851a1d" />
    <TestEntry testId="d75c67ff-fa0d-150c-97a9-b0960900bd82" executionId="a9491d58-7283-4ebf-aa99-b8a9ae9179d5" testListId="8c84fa94-04c1-424b-9868-57a2d4851a1d" />
    <TestEntry testId="f9949e6c-cac8-3282-3d3f-006dec82f846" executionId="10f8653b-e673-4d49-b2ab-ed38a8e5f69a" testListId="8c84fa94-04c1-424b-9868-57a2d4851a1d" />
    <TestEntry testId="13e72a3c-242f-c9a0-e821-31819510ec88" executionId="00dceba3-13cd-4c68-8ff0-08dbcc14d6df" testListId="8c84fa94-04c1-424b-9868-57a2d4851a1d" />
    <TestEntry testId="b07e2c88-163a-e164-51e3-4bc2c8820ae4" executionId="c4b6de8b-dd1e-44d0-a99f-c6e2a411c6e9" testListId="8c84fa94-04c1-424b-9868-57a2d4851a1d" />
    <TestEntry testId="14636060-b3f4-8768-196b-14bbe8721efb" executionId="afd01921-6987-4cec-9d69-0d8e09ea3c6b" testListId="8c84fa94-04c1-424b-9868-57a2d4851a1d" />
    <TestEntry testId="ee1a6c82-df13-6176-6b5c-52dc28fe3ddf" executionId="95a29039-9567-40ad-adaa-3a478336f567" testListId="8c84fa94-04c1-424b-9868-57a2d4851a1d" />
    <TestEntry testId="d6db684e-d87e-3589-c232-3c63501d00ec" executionId="0dedaa27-8db1-49cb-92ec-767860994ef3" testListId="8c84fa94-04c1-424b-9868-57a2d4851a1d" />
    <TestEntry testId="64145c96-0680-9261-408d-8d65c1c6f2af" executionId="cb9609c2-6c60-47e0-8207-eab974a20fd9" testListId="8c84fa94-04c1-424b-9868-57a2d4851a1d" />
    <TestEntry testId="518ca512-f181-0648-dc57-307c401a0b75" executionId="5378ed27-909b-4d2e-a2f0-cdc65afa22d7" testListId="8c84fa94-04c1-424b-9868-57a2d4851a1d" />
    <TestEntry testId="8e41a221-2626-a03a-65f8-673f2fc4210e" executionId="9df9329d-dc8e-4335-b11f-6799325de405" testListId="8c84fa94-04c1-424b-9868-57a2d4851a1d" />
    <TestEntry testId="3c2e0b70-8de4-72c4-7074-0bbab96b51de" executionId="a3db054d-f83e-43e3-85ed-3f6245313186" testListId="8c84fa94-04c1-424b-9868-57a2d4851a1d" />
    <TestEntry testId="af6d329e-c0fe-8203-7f45-d4fc3a03cf6a" executionId="139f7750-1099-4266-85a7-22d7144fd7ca" testListId="8c84fa94-04c1-424b-9868-57a2d4851a1d" />
    <TestEntry testId="c2b13c5f-cc4b-224a-1f38-1a8335f078e1" executionId="64013602-1d92-4d14-a336-72b9c9391159" testListId="8c84fa94-04c1-424b-9868-57a2d4851a1d" />
    <TestEntry testId="a4d7c98d-bffc-e333-66b1-42e7b83cba4b" executionId="88701b95-35bf-403c-a49b-12afb46a8c2b" testListId="8c84fa94-04c1-424b-9868-57a2d4851a1d" />
    <TestEntry testId="46089004-001c-c3b4-babc-ac4ce13a4540" executionId="1aa01151-516a-404f-836c-8e4f0bddf3f5" testListId="8c84fa94-04c1-424b-9868-57a2d4851a1d" />
    <TestEntry testId="6728fde2-9794-3677-61d7-85095bb760ac" executionId="30ef36b6-465e-47d7-b1be-7d7dcda06d9e" testListId="8c84fa94-04c1-424b-9868-57a2d4851a1d" />
    <TestEntry testId="b7ab2fc0-e903-7b23-0261-be16cb51adf3" executionId="bd8ba9a4-7aee-4bb2-9330-b3c0b7f1c105" testListId="8c84fa94-04c1-424b-9868-57a2d4851a1d" />
    <TestEntry testId="72c831f0-72d6-a051-1248-fc9c6e6bb478" executionId="bfee8304-f00b-45cc-b82f-2793ff2bca79" testListId="8c84fa94-04c1-424b-9868-57a2d4851a1d" />
    <TestEntry testId="217362c6-f836-1e13-6eca-0100f06814cb" executionId="4d1eb091-6125-4d41-a53e-59d3283cfa74" testListId="8c84fa94-04c1-424b-9868-57a2d4851a1d" />
    <TestEntry testId="283be9e8-ff40-cb8f-01e8-201330f2ab76" executionId="897326e7-3b41-4d22-a1bc-4beb8f213eaa" testListId="8c84fa94-04c1-424b-9868-57a2d4851a1d" />
    <TestEntry testId="6f4e1424-2a6a-4549-8cdd-22ce6dad0352" executionId="2a2ca655-d187-47ef-832c-518070cf4288" testListId="8c84fa94-04c1-424b-9868-57a2d4851a1d" />
    <TestEntry testId="f2213902-1d41-6fe7-b547-2debdd45e382" executionId="28e721f1-a33c-4429-a868-86761a03eac9" testListId="8c84fa94-04c1-424b-9868-57a2d4851a1d" />
    <TestEntry testId="27f37032-be8c-42b9-79f8-c52edc12b636" executionId="c8c8a7a8-d42f-4886-a0af-402139ec825f" testListId="8c84fa94-04c1-424b-9868-57a2d4851a1d" />
    <TestEntry testId="199b70f1-156a-9b54-8fca-de06eb7d9c93" executionId="8fac0fe4-b666-4b34-ac08-0ae3b7ebe823" testListId="8c84fa94-04c1-424b-9868-57a2d4851a1d" />
    <TestEntry testId="e0f3aa0c-ce4b-6d84-c098-1897aaa95abb" executionId="1dc912ce-aecd-495f-9ca6-d1be8bdcaaed" testListId="8c84fa94-04c1-424b-9868-57a2d4851a1d" />
    <TestEntry testId="93197305-5f41-743a-030b-561e6ec2e720" executionId="1e349dca-f75f-4929-9641-af3c1f0b179c" testListId="8c84fa94-04c1-424b-9868-57a2d4851a1d" />
    <TestEntry testId="f6fb30b9-0cae-3e29-1f99-5e0b87051f42" executionId="18548c4c-17c6-4267-9b6d-81bb3c9c424b" testListId="8c84fa94-04c1-424b-9868-57a2d4851a1d" />
    <TestEntry testId="39323088-5eaa-ae83-0beb-2f63933109a7" executionId="29d326f1-e420-445e-8ff0-260c1882658b" testListId="8c84fa94-04c1-424b-9868-57a2d4851a1d" />
    <TestEntry testId="a31b0106-6089-033a-915d-3ed2fd2d699b" executionId="1294aaee-c316-4b5b-93a3-7fa48ca73096" testListId="8c84fa94-04c1-424b-9868-57a2d4851a1d" />
    <TestEntry testId="578794d4-5ba7-7fb1-91c8-0222ba3f2584" executionId="fac547e2-9583-4ab6-8a80-97673e6129dc" testListId="8c84fa94-04c1-424b-9868-57a2d4851a1d" />
    <TestEntry testId="7115e4f8-539b-b199-92f7-b9bc6936260b" executionId="c57badae-6973-4048-ac83-c843f9b84b3e" testListId="8c84fa94-04c1-424b-9868-57a2d4851a1d" />
    <TestEntry testId="f9c34574-035c-196e-b022-be5ff6427f51" executionId="df6fb412-6393-4c15-b445-f011d78616c0" testListId="8c84fa94-04c1-424b-9868-57a2d4851a1d" />
    <TestEntry testId="c37b2c23-4f65-c08f-f67d-977e7ed22b1d" executionId="bc730583-a79f-4837-aad7-5056d61747b5" testListId="8c84fa94-04c1-424b-9868-57a2d4851a1d" />
    <TestEntry testId="6e57d7bf-5a2e-ea52-712d-f57e52a5f01d" executionId="dac758f2-ec82-475f-b952-4b784be9b756" testListId="8c84fa94-04c1-424b-9868-57a2d4851a1d" />
    <TestEntry testId="4f56dce6-c6b2-22c3-8efb-65130162e748" executionId="eb79e0df-762c-4453-846f-228f70dab908" testListId="8c84fa94-04c1-424b-9868-57a2d4851a1d" />
    <TestEntry testId="549bdddc-6026-e835-122f-1a9746498ce1" executionId="73e5bc8e-a8aa-4960-967d-33f5e1f67776" testListId="8c84fa94-04c1-424b-9868-57a2d4851a1d" />
    <TestEntry testId="56aa2941-e7e2-b606-3353-3131490dd029" executionId="c37baea1-fda0-4be0-aff6-6e05c05b44da" testListId="8c84fa94-04c1-424b-9868-57a2d4851a1d" />
    <TestEntry testId="e9057bc5-e2c2-a8f1-2eaf-456fc0d01a7d" executionId="cd857f0c-bf5b-4e96-9c89-f7e227c026a1" testListId="8c84fa94-04c1-424b-9868-57a2d4851a1d" />
    <TestEntry testId="93930c38-bad3-e886-0efe-52170415fbb6" executionId="dc38dbe1-b2ad-4220-96e6-6dbf833ea2cd" testListId="8c84fa94-04c1-424b-9868-57a2d4851a1d" />
    <TestEntry testId="2a9a7830-d83b-38ec-9983-96e0294553ee" executionId="51b3b9b9-3d0c-418e-a527-f922f7c0c31d" testListId="8c84fa94-04c1-424b-9868-57a2d4851a1d" />
    <TestEntry testId="38c367f3-e1bb-c75a-7102-223768ab5f46" executionId="efb5bb28-6ee5-48ed-ba97-f25d7f1ff26d" testListId="8c84fa94-04c1-424b-9868-57a2d4851a1d" />
    <TestEntry testId="b84c992a-265b-65ae-f8b1-90682b7ab9ba" executionId="7037ac26-4a6b-4437-a461-aee56a8dd45f" testListId="8c84fa94-04c1-424b-9868-57a2d4851a1d" />
    <TestEntry testId="4d06ad98-29a4-d3b9-50b2-f429db25b5c3" executionId="1b32dae1-0bc8-4407-9574-7653ce73edd5" testListId="8c84fa94-04c1-424b-9868-57a2d4851a1d" />
    <TestEntry testId="4853e2d1-1b0b-06b5-aee8-6c69312049dd" executionId="826720f9-e6d3-4861-85be-53e712ea2372" testListId="8c84fa94-04c1-424b-9868-57a2d4851a1d" />
    <TestEntry testId="3e7d45db-319f-dd58-534b-1895e7ce8c1a" executionId="b89f0f48-357c-48fe-be7e-87b84309c640" testListId="8c84fa94-04c1-424b-9868-57a2d4851a1d" />
    <TestEntry testId="806486e9-67f6-c414-1b23-268fb5d92f79" executionId="9aba1e4c-1f8f-466f-aee2-e850d6b7da87" testListId="8c84fa94-04c1-424b-9868-57a2d4851a1d" />
    <TestEntry testId="877408a3-40e3-bcfc-c06c-a50c1343cb03" executionId="4820f549-c524-412c-b87f-13e628a9a9b2" testListId="8c84fa94-04c1-424b-9868-57a2d4851a1d" />
    <TestEntry testId="f5b9c939-e0ce-8ebd-f00d-5987bef52e3e" executionId="4ea9cb3b-4630-46b4-80dc-5d27b313886e" testListId="8c84fa94-04c1-424b-9868-57a2d4851a1d" />
    <TestEntry testId="4a0b7cbb-9f7b-cbda-f421-d1a84d7086e8" executionId="f101e32e-9a34-41aa-9990-cf7b5aef27ec" testListId="8c84fa94-04c1-424b-9868-57a2d4851a1d" />
    <TestEntry testId="b606ee6a-05aa-e9cf-e810-d6392db2fc5e" executionId="6c1711bd-9919-42f2-80ec-7220328919f5" testListId="8c84fa94-04c1-424b-9868-57a2d4851a1d" />
    <TestEntry testId="696d3815-1cd7-fed9-efe3-4706a2343e63" executionId="bc28c918-f559-4d14-8e8b-ae10dc86378b" testListId="8c84fa94-04c1-424b-9868-57a2d4851a1d" />
    <TestEntry testId="70a14d5f-3546-0e27-fa10-5401ae9b66ba" executionId="9a515a6c-65b5-428f-87fb-6e752039fb9f" testListId="8c84fa94-04c1-424b-9868-57a2d4851a1d" />
    <TestEntry testId="01027ca1-96f8-3e8b-2209-bee3b2d7bb74" executionId="4da2cbc9-c304-47d1-a5ee-b316d0c10229" testListId="8c84fa94-04c1-424b-9868-57a2d4851a1d" />
    <TestEntry testId="b16dc414-82bb-0a48-2010-aab727818a55" executionId="957f4b37-3e57-4f53-ac59-9d615f6c554e" testListId="8c84fa94-04c1-424b-9868-57a2d4851a1d" />
    <TestEntry testId="6ebbcbf9-d9e1-df4a-dc0d-b8f854aa76bf" executionId="dde9852b-346e-49ab-a82d-1216cb9b13d4" testListId="8c84fa94-04c1-424b-9868-57a2d4851a1d" />
    <TestEntry testId="bab771ff-13a5-b51d-4601-65f5e8e2a03c" executionId="2e2e70ca-dbf3-48f8-ad9a-ce5c8f358f91" testListId="8c84fa94-04c1-424b-9868-57a2d4851a1d" />
    <TestEntry testId="451f83de-0a41-8213-0a57-91c8b4aab529" executionId="4f0388d2-7ee7-4261-b299-9a7685b1ad59" testListId="8c84fa94-04c1-424b-9868-57a2d4851a1d" />
    <TestEntry testId="a02d8109-78ab-1cfd-6223-756899faeccf" executionId="f17f23fd-e45f-4a74-a6bc-da1f2fa422a7" testListId="8c84fa94-04c1-424b-9868-57a2d4851a1d" />
    <TestEntry testId="cf333e35-b4d9-96a3-24a6-26a2315700cd" executionId="e63a2aad-487f-417e-9628-d8b9ac18429c" testListId="8c84fa94-04c1-424b-9868-57a2d4851a1d" />
    <TestEntry testId="16e3fee0-cbf2-422e-e9b5-7f637108b5d6" executionId="41614ff8-b7ca-4516-aa29-194b21881ac4" testListId="8c84fa94-04c1-424b-9868-57a2d4851a1d" />
    <TestEntry testId="64783368-4c49-57cf-7cba-264e34d26256" executionId="dfdfa12b-71b9-45de-aecd-6e0f6b99a327" testListId="8c84fa94-04c1-424b-9868-57a2d4851a1d" />
    <TestEntry testId="2856e573-df47-5a7b-92cd-4e7224eeb3a7" executionId="f9d0c0a3-2944-4a90-b902-5bcd61a40807" testListId="8c84fa94-04c1-424b-9868-57a2d4851a1d" />
    <TestEntry testId="4d7bc167-a349-1630-4956-c316375e39d5" executionId="c9a8d912-18ec-4ac9-a6f7-8652dc640243" testListId="8c84fa94-04c1-424b-9868-57a2d4851a1d" />
    <TestEntry testId="b0abb0b5-082f-abd9-c6e2-49267e783fe9" executionId="48f3b75c-0c3a-4ebe-b343-c86e19c26874" testListId="8c84fa94-04c1-424b-9868-57a2d4851a1d" />
    <TestEntry testId="195d08de-21b8-2f1f-44bd-a0559b76cc4e" executionId="68ce4b4c-73a7-4e36-921e-6528e18a14ba" testListId="8c84fa94-04c1-424b-9868-57a2d4851a1d" />
    <TestEntry testId="f6504688-43e6-cf2a-0286-0f6252ca8e4d" executionId="eee5267b-d1f2-4f25-acbc-d5fb9cc8c839" testListId="8c84fa94-04c1-424b-9868-57a2d4851a1d" />
    <TestEntry testId="bfaf4ea9-080e-fec9-c4b8-9d1dcf4d86f9" executionId="2c4b1800-585d-45a2-9ffa-1338e405b868" testListId="8c84fa94-04c1-424b-9868-57a2d4851a1d" />
    <TestEntry testId="22ee8c16-d1ae-446c-d431-5adc7e30e57d" executionId="05c8f1e8-9b1f-4a46-870e-53a5d926fc16" testListId="8c84fa94-04c1-424b-9868-57a2d4851a1d" />
    <TestEntry testId="47fd3bc8-2625-f95e-8fb0-c1a579923ea3" executionId="814443dd-867a-4eca-a88f-a40b2e8d2b6a" testListId="8c84fa94-04c1-424b-9868-57a2d4851a1d" />
    <TestEntry testId="f190f748-5346-8eb6-4db4-3d0611f2cb89" executionId="596779f0-da51-4729-9e10-1a5cfadc977b" testListId="8c84fa94-04c1-424b-9868-57a2d4851a1d" />
    <TestEntry testId="251e08ee-7f66-06e3-f239-a006a4056810" executionId="c57d77bf-ad6e-4d18-bb45-879fafc1cadb" testListId="8c84fa94-04c1-424b-9868-57a2d4851a1d" />
    <TestEntry testId="6cda90f3-27d8-af6a-1221-cd7d6ce906cd" executionId="c58295f5-bc7e-4cf0-a9de-fb748255d789" testListId="8c84fa94-04c1-424b-9868-57a2d4851a1d" />
    <TestEntry testId="0613022e-3267-9d07-db4b-b388716298e9" executionId="bddcc31b-943e-45e9-a578-08d8d34724c4" testListId="8c84fa94-04c1-424b-9868-57a2d4851a1d" />
    <TestEntry testId="203c2e4e-3984-7e80-a094-12f3b34ad639" executionId="fe0c03bf-b9df-4567-81ef-ce67c4137054" testListId="8c84fa94-04c1-424b-9868-57a2d4851a1d" />
    <TestEntry testId="56b9189d-b561-f0d0-7bf8-be84db66e56f" executionId="efb5a736-e397-47a0-9508-a513f4069469" testListId="8c84fa94-04c1-424b-9868-57a2d4851a1d" />
    <TestEntry testId="690203e3-c663-745b-2a62-02992783daa5" executionId="cb10fe44-a594-48e1-8277-4438d400a01c" testListId="8c84fa94-04c1-424b-9868-57a2d4851a1d" />
    <TestEntry testId="4576efdf-b9af-4bc6-d7c1-90ead365e115" executionId="10ba3903-f3b7-4e87-8719-c4d1bdf2b047" testListId="8c84fa94-04c1-424b-9868-57a2d4851a1d" />
    <TestEntry testId="e2c0daaa-50f6-4e6f-89d5-5eda5d8040a2" executionId="ac31ee82-4af0-4d68-a1c9-8395c7d8b295" testListId="8c84fa94-04c1-424b-9868-57a2d4851a1d" />
    <TestEntry testId="8af5a4ee-949f-cc1e-1ec9-dd44ada4b249" executionId="3174ea70-778f-40f8-a2a2-7b38c9272b05" testListId="8c84fa94-04c1-424b-9868-57a2d4851a1d" />
    <TestEntry testId="a723e631-72ff-3d82-8d14-4f80e9538842" executionId="bfdce3f1-c2ad-4fb6-80b9-b81db415e9b7" testListId="8c84fa94-04c1-424b-9868-57a2d4851a1d" />
    <TestEntry testId="75fe98fc-516d-22c1-693a-fc7afe43a666" executionId="0c6444b2-e830-4fa7-b8a0-a47941b2bc30" testListId="8c84fa94-04c1-424b-9868-57a2d4851a1d" />
    <TestEntry testId="9d226558-c15b-d568-c761-43c132fe5f62" executionId="a1921a3b-22df-436d-9573-fa4ad551b299" testListId="8c84fa94-04c1-424b-9868-57a2d4851a1d" />
    <TestEntry testId="e0ad2509-25cb-416e-8e60-47f33c8a4a4d" executionId="32d487b2-63ec-499b-9d74-a4452cb2bd09" testListId="8c84fa94-04c1-424b-9868-57a2d4851a1d" />
    <TestEntry testId="b405b65b-1d65-65c9-b44d-ebe6c78be498" executionId="6b4d2def-e171-482e-9012-6330f3de0d97" testListId="8c84fa94-04c1-424b-9868-57a2d4851a1d" />
    <TestEntry testId="0bb41f33-dc84-1adf-de5a-a56416fa1c57" executionId="07106416-7ee9-4173-abdb-9511b0fb88ae" testListId="8c84fa94-04c1-424b-9868-57a2d4851a1d" />
    <TestEntry testId="c664c30c-04ae-c818-4204-fa5b0fcd7551" executionId="e2e529a8-a9b5-4939-b7d7-4b9ec0aff332" testListId="8c84fa94-04c1-424b-9868-57a2d4851a1d" />
    <TestEntry testId="ddc799a4-a3b8-dc7a-53c1-7d8f32c294c9" executionId="cac3af23-5a12-4f7a-8dc9-49a6d7f0370c" testListId="8c84fa94-04c1-424b-9868-57a2d4851a1d" />
    <TestEntry testId="95c5760a-8769-a2e6-13bb-bc49697e4003" executionId="ddd77ee6-c7b6-471c-9d08-197ffde1e4fc" testListId="8c84fa94-04c1-424b-9868-57a2d4851a1d" />
    <TestEntry testId="8e71200d-df01-dada-6f36-750785024a6f" executionId="2e31d5b6-8215-4bd8-b2ea-23aaebb8f8c8" testListId="8c84fa94-04c1-424b-9868-57a2d4851a1d" />
    <TestEntry testId="05006594-990d-68ac-9c2d-401d5805c4f6" executionId="441d2453-4c92-451a-80f4-b9b3011dad0a" testListId="8c84fa94-04c1-424b-9868-57a2d4851a1d" />
    <TestEntry testId="79eddf8e-75bc-75b0-e34a-561dd48cad4f" executionId="88fd556b-44c7-4a54-9138-a36eef8b0fa0" testListId="8c84fa94-04c1-424b-9868-57a2d4851a1d" />
    <TestEntry testId="378a45ad-1ba0-3b2c-824b-41b1cb63ba82" executionId="3e7f21c4-50ed-46d2-ae39-0f431414381f" testListId="8c84fa94-04c1-424b-9868-57a2d4851a1d" />
    <TestEntry testId="015c009d-a1ab-5548-9cab-ca192818ed74" executionId="ce9b61d6-342c-4a6c-b27d-2ad264762b9e" testListId="8c84fa94-04c1-424b-9868-57a2d4851a1d" />
    <TestEntry testId="7fd22bb6-65ff-2447-ac2a-92aa6940db46" executionId="bc0e298f-1d69-4ec3-a627-9e315701fe31" testListId="8c84fa94-04c1-424b-9868-57a2d4851a1d" />
    <TestEntry testId="bfce2dbf-17b5-a18a-d2d7-32e87da69023" executionId="74c7e528-dd2c-4900-a8bb-50b860bf4f5f" testListId="8c84fa94-04c1-424b-9868-57a2d4851a1d" />
    <TestEntry testId="0b8b88f6-d1f8-6253-01e4-480ed5124386" executionId="e5663354-b02e-4c7a-a94f-8291dffd6048" testListId="8c84fa94-04c1-424b-9868-57a2d4851a1d" />
    <TestEntry testId="c14dace7-f1b0-dd2c-d0e2-730d63d4d0e2" executionId="6724da9e-baeb-44dc-9aba-cb75de3aaecc" testListId="8c84fa94-04c1-424b-9868-57a2d4851a1d" />
    <TestEntry testId="49b32f88-2b77-47a7-b253-febc5c13a157" executionId="626c787d-6bc2-444d-9383-9357527a46e3" testListId="8c84fa94-04c1-424b-9868-57a2d4851a1d" />
    <TestEntry testId="153b871b-5165-582e-f348-a688fbf71627" executionId="c1984ec4-5f16-4e19-b856-772ae1ced000" testListId="8c84fa94-04c1-424b-9868-57a2d4851a1d" />
    <TestEntry testId="2b3988ec-d1c3-0c6c-6cab-8a84419e555c" executionId="8978f098-0c4d-4998-98cc-167fb336f20d" testListId="8c84fa94-04c1-424b-9868-57a2d4851a1d" />
    <TestEntry testId="789ec8f1-177c-e8a9-3dff-f68ee10f1a03" executionId="50a25aac-ac8c-44fe-b8b0-435b59994ad4" testListId="8c84fa94-04c1-424b-9868-57a2d4851a1d" />
    <TestEntry testId="d1faca8b-15a7-3f79-f193-046b09e11eea" executionId="2ad7cd57-d1da-4748-a32c-89c10508ffc9" testListId="8c84fa94-04c1-424b-9868-57a2d4851a1d" />
    <TestEntry testId="edadfd8c-bda9-d8ff-54a7-3ab66cb0305b" executionId="ef7e0879-5a06-44e4-8212-58a3e2ee8d99" testListId="8c84fa94-04c1-424b-9868-57a2d4851a1d" />
    <TestEntry testId="eabb2189-2fee-f6a8-9b5c-81edc95ef937" executionId="024c9400-0166-41a0-9ac5-8f91b9c0244b" testListId="8c84fa94-04c1-424b-9868-57a2d4851a1d" />
    <TestEntry testId="d331a97b-370e-2ae0-f100-6ee4eb85fdef" executionId="e1961903-dc34-4d37-bcd5-eee3a629eb6b" testListId="8c84fa94-04c1-424b-9868-57a2d4851a1d" />
    <TestEntry testId="23c6e993-c853-ce44-8e4a-a89e65fcb3d7" executionId="bb834bee-3218-493b-ad87-baa4af28e6c8" testListId="8c84fa94-04c1-424b-9868-57a2d4851a1d" />
    <TestEntry testId="654f6a20-5503-1b61-9bad-eb401ba7a60d" executionId="5362ee5f-9a77-4b20-96ff-275c49db9aa8" testListId="8c84fa94-04c1-424b-9868-57a2d4851a1d" />
    <TestEntry testId="df2bad3a-56ae-838b-0da5-cb49bb8547a9" executionId="ecfdbc1d-345d-4a5b-814d-82c33b41f11e" testListId="8c84fa94-04c1-424b-9868-57a2d4851a1d" />
    <TestEntry testId="d517a086-c0f5-24fc-bf36-9f287fa8b95a" executionId="a59363aa-2442-409c-96ef-a1d165eef55b" testListId="8c84fa94-04c1-424b-9868-57a2d4851a1d" />
    <TestEntry testId="5fa359fc-d32d-4a18-f2ac-b5a2945a5f66" executionId="2bdb723c-a1c3-4129-baf7-8a6e0b476279" testListId="8c84fa94-04c1-424b-9868-57a2d4851a1d" />
    <TestEntry testId="9f08c521-39d1-10f8-5691-593451357ea4" executionId="8cd2d715-9e58-4e9b-b7b8-fef804f80132" testListId="8c84fa94-04c1-424b-9868-57a2d4851a1d" />
    <TestEntry testId="bbab526a-2997-fda8-ef27-7976db3b3548" executionId="e3ef7c4c-8eb3-4a82-94d7-619ce1cd4fab" testListId="8c84fa94-04c1-424b-9868-57a2d4851a1d" />
    <TestEntry testId="94fe0f66-34bb-5758-3095-5179fe115116" executionId="7852bec5-b933-4969-9c01-2aeab3fc6c99" testListId="8c84fa94-04c1-424b-9868-57a2d4851a1d" />
    <TestEntry testId="fcba034f-b02c-78ea-1bb2-d617ead952ae" executionId="fcb3e81d-4240-4cdc-b40c-eeb1b4c350f0" testListId="8c84fa94-04c1-424b-9868-57a2d4851a1d" />
    <TestEntry testId="8803f24b-21d1-6eb1-d2ec-b2b0cb5558b0" executionId="59be4d37-0248-4579-8fac-46fea230fbc6" testListId="8c84fa94-04c1-424b-9868-57a2d4851a1d" />
    <TestEntry testId="a4e0fe96-dc99-279c-001f-66b34dc211ec" executionId="a995c5c4-6fea-44e3-841f-a5ddbf8ace61" testListId="8c84fa94-04c1-424b-9868-57a2d4851a1d" />
    <TestEntry testId="05d19196-f04d-8df2-0524-7023f4538770" executionId="77c29368-310d-4683-b0fe-621a2f005e9f" testListId="8c84fa94-04c1-424b-9868-57a2d4851a1d" />
    <TestEntry testId="b19b7300-d6a4-f3ea-792c-67e734ad2662" executionId="03e1ab3c-4e65-4a0f-b1aa-2a4901c8ba9f" testListId="8c84fa94-04c1-424b-9868-57a2d4851a1d" />
    <TestEntry testId="1f68772d-a050-7bad-a9be-4fd5da9fe348" executionId="c233599c-a588-4a1d-b423-3c3b440779f7" testListId="8c84fa94-04c1-424b-9868-57a2d4851a1d" />
    <TestEntry testId="330a6592-9d67-3ad1-4438-fa0fdc79e747" executionId="9b332800-0737-408b-9e91-d96b82933bc9" testListId="8c84fa94-04c1-424b-9868-57a2d4851a1d" />
    <TestEntry testId="43608a89-1ae8-11be-9ac5-d0c816634fb3" executionId="35712225-5a7d-4ad3-ac39-74d5a7545beb" testListId="8c84fa94-04c1-424b-9868-57a2d4851a1d" />
    <TestEntry testId="cc6171bc-7a6c-df61-3f55-ebe7fbfff64f" executionId="20c7a86d-c2ed-4118-ac5a-4e77f7390a9a" testListId="8c84fa94-04c1-424b-9868-57a2d4851a1d" />
    <TestEntry testId="2d30d128-9f15-2775-2d44-d26e75f0ffcf" executionId="ee031c8a-5ec9-4c6c-878c-8865570e4429" testListId="8c84fa94-04c1-424b-9868-57a2d4851a1d" />
    <TestEntry testId="d5174ae8-3c76-bda0-2741-bcf8df3e8231" executionId="801d666b-b356-4ce5-802b-a05d5b4138ca" testListId="8c84fa94-04c1-424b-9868-57a2d4851a1d" />
    <TestEntry testId="2789ec05-be64-004c-8e43-30742f48eca7" executionId="7296bc88-748e-4d25-8f18-45fb22622c84" testListId="8c84fa94-04c1-424b-9868-57a2d4851a1d" />
    <TestEntry testId="1ea25282-4842-2678-a991-ae47cd37bd8c" executionId="96c4a65e-d703-41ce-95f4-32936a35313e" testListId="8c84fa94-04c1-424b-9868-57a2d4851a1d" />
    <TestEntry testId="e859f721-10a9-8113-54af-77af4f6b127c" executionId="fdde5e46-82c3-44f6-b1ca-70610aa2de7e" testListId="8c84fa94-04c1-424b-9868-57a2d4851a1d" />
    <TestEntry testId="2d398707-f3c7-b329-c56c-f225f5231c79" executionId="91fba2e5-1fcf-4a0c-ba69-10293fc8b832" testListId="8c84fa94-04c1-424b-9868-57a2d4851a1d" />
    <TestEntry testId="d19a81bf-51f2-8873-1356-20422ad3ffa6" executionId="d878dc43-8b7c-4154-a0ff-15c99946d92a" testListId="8c84fa94-04c1-424b-9868-57a2d4851a1d" />
    <TestEntry testId="e2d9f02e-9681-5967-80aa-94155f3d4e5b" executionId="4575fa39-66c6-4954-9ed7-6f5e867f6fab" testListId="8c84fa94-04c1-424b-9868-57a2d4851a1d" />
    <TestEntry testId="7035ee10-a6b2-ab40-e228-ba32e7450738" executionId="e59b9f8b-68b1-45c0-8ead-cfe4f187b4c8" testListId="8c84fa94-04c1-424b-9868-57a2d4851a1d" />
    <TestEntry testId="df9a00c3-c8ad-089d-aa28-7ec6197b3647" executionId="6e7bba09-a7af-4988-8512-3e07d4f5b00f" testListId="8c84fa94-04c1-424b-9868-57a2d4851a1d" />
    <TestEntry testId="4bbee128-d1d9-ad2d-c1b2-ad8628a55e29" executionId="d9234bc3-0f0d-4f2f-bbe2-68bc2e025ac4" testListId="8c84fa94-04c1-424b-9868-57a2d4851a1d" />
    <TestEntry testId="a6fd7cd5-42d7-4bf2-bb2e-e1cc7362ea24" executionId="40dbdeb7-ca24-4cd8-a8cb-f62350934f55" testListId="8c84fa94-04c1-424b-9868-57a2d4851a1d" />
    <TestEntry testId="34d831f2-d083-7c8d-f827-fa4262179f67" executionId="9a096219-39fb-4131-8042-d14de6f1c154" testListId="8c84fa94-04c1-424b-9868-57a2d4851a1d" />
    <TestEntry testId="5796a76a-564c-e0b3-e252-ee677138bacc" executionId="657292aa-a1a6-41cb-9e27-028f224c7244" testListId="8c84fa94-04c1-424b-9868-57a2d4851a1d" />
    <TestEntry testId="007e1ccf-bd4b-e9f9-03fa-759039a66fbc" executionId="447472fb-065a-465a-87d3-6f841cab4611" testListId="8c84fa94-04c1-424b-9868-57a2d4851a1d" />
    <TestEntry testId="4c4c99ac-7c82-53a9-f3e3-4584a00b8bf7" executionId="08f36b0c-d385-424d-8764-dc245ced5dc2" testListId="8c84fa94-04c1-424b-9868-57a2d4851a1d" />
    <TestEntry testId="7c579d9c-f42d-c44f-2006-2caab40d730a" executionId="01f94539-7016-40d9-9179-90b8fcecf962" testListId="8c84fa94-04c1-424b-9868-57a2d4851a1d" />
    <TestEntry testId="e6367bf8-be89-f213-6e69-88fe1a7c355f" executionId="398bc968-afeb-4ed2-b9db-13942250b737" testListId="8c84fa94-04c1-424b-9868-57a2d4851a1d" />
    <TestEntry testId="1a954e8b-825e-3cc7-8516-31b60fcf13fc" executionId="50b5a58e-e38c-490e-987e-650eb7e01434" testListId="8c84fa94-04c1-424b-9868-57a2d4851a1d" />
    <TestEntry testId="8b7981cc-5fd6-747b-2737-bc9ea00fdecc" executionId="5a297b39-f82e-4844-b724-dbcc28bed469" testListId="8c84fa94-04c1-424b-9868-57a2d4851a1d" />
    <TestEntry testId="df4ea864-4e3c-cced-6270-17f50a07bf39" executionId="604d4b6e-b9dd-48bd-805b-ddaead53e8e2" testListId="8c84fa94-04c1-424b-9868-57a2d4851a1d" />
    <TestEntry testId="19393c5b-2a25-7bde-cfee-ac08ffbeecbb" executionId="6e94833c-31b0-4832-a646-ceb26139f1b3" testListId="8c84fa94-04c1-424b-9868-57a2d4851a1d" />
    <TestEntry testId="8c014781-1ea8-1b32-5ee9-19c0230f83e3" executionId="34ed2422-ebe1-4cd3-91a9-de359ed89b2d" testListId="8c84fa94-04c1-424b-9868-57a2d4851a1d" />
    <TestEntry testId="e911694b-fe96-0fb6-9301-42b585cbc388" executionId="0518ff34-5cd3-48d1-bdfd-07a3af84865a" testListId="8c84fa94-04c1-424b-9868-57a2d4851a1d" />
    <TestEntry testId="20bfef15-a2cd-3fad-0bf5-7d316ff6dd05" executionId="fb8d878b-0bb3-4872-95c2-71916babc3e5" testListId="8c84fa94-04c1-424b-9868-57a2d4851a1d" />
    <TestEntry testId="2383e110-1110-54ca-dac6-5905fd1cd080" executionId="d9b4cc68-c870-45c5-b521-dbc05d7afd4d" testListId="8c84fa94-04c1-424b-9868-57a2d4851a1d" />
    <TestEntry testId="16176352-269f-361b-7e4e-9b205c8cdb4f" executionId="2b215e18-6c63-4c71-87ed-2779f95b018d" testListId="8c84fa94-04c1-424b-9868-57a2d4851a1d" />
    <TestEntry testId="cd41b3e5-1b68-5bf4-6b21-391449f362ce" executionId="882b092c-df99-46c0-8d90-7d62eb997fcf" testListId="8c84fa94-04c1-424b-9868-57a2d4851a1d" />
    <TestEntry testId="5adba357-31a9-e2a5-3f10-a94db24d0c1f" executionId="072e31f3-a49c-4df3-a217-f97dbe95aa35" testListId="8c84fa94-04c1-424b-9868-57a2d4851a1d" />
    <TestEntry testId="01e18ebd-932a-0505-37e9-eb60c880d1b1" executionId="5402eb96-2c6b-4e3c-bef7-75494472d12d" testListId="8c84fa94-04c1-424b-9868-57a2d4851a1d" />
    <TestEntry testId="d36a3749-ed69-d572-71bf-c3c15bdba9dc" executionId="a79e5599-7633-4e02-bf93-0723e5ffd147" testListId="8c84fa94-04c1-424b-9868-57a2d4851a1d" />
    <TestEntry testId="13235a76-a8d4-67fb-f05f-0652b5b067ff" executionId="d06ad42b-3787-45d8-bb72-d55d53c2953c" testListId="8c84fa94-04c1-424b-9868-57a2d4851a1d" />
    <TestEntry testId="defbbec5-13ee-77a3-27b3-7d9a808c08ff" executionId="9c7e4bbe-03c9-4430-a0b3-b88ca3a40d9c" testListId="8c84fa94-04c1-424b-9868-57a2d4851a1d" />
    <TestEntry testId="73990d43-3dbd-c498-8d88-f54a52856eed" executionId="de8fd667-717e-4dc8-848a-48cf175561c8" testListId="8c84fa94-04c1-424b-9868-57a2d4851a1d" />
  </TestEntries>
  <TestLists>
    <TestList name="Results Not in a List" id="8c84fa94-04c1-424b-9868-57a2d4851a1d" />
    <TestList name="All Loaded Results" id="19431567-8539-422a-85d7-44ee4e166bda" />
  </TestLists>
  <ResultSummary outcome="Completed">
    <Counters total="560" executed="557" passed="557" failed="0" error="0" timeout="0" aborted="0" inconclusive="0" passedButRunAborted="0" notRunnable="0" notExecuted="0" disconnected="0" warning="0" completed="0" inProgress="0" pending="0" />
    <Output>
      <StdOut>Test 'ScheduleNextRun_InternalExceptionDoesNotRaisesEventOnSiteWorking_Success' was skipped in the test run.&#xD;
Test 'ScheduleNextRun_InternalExceptionDoesNotRaisesEventOnSiteWorking_Success' was skipped in the test run.&#xD;
Test 'SetSelectedAuthenticationInfo_VerifyDisabledFields_OnExternalUser' was skipped in the test run.&#xD;
</StdOut>
    </Output>
  </ResultSummary>
</TestRun>