<?xml version="1.0" encoding="utf-8"?>
<TestRun id="70219a66-71ba-4abc-8609-2bc6450b6569" name="DKSR-EFI-06$@DKSR-EFI-06 2024-01-09 15:40:51" runUser="NT AUTHORITY\NETWORK SERVICE" xmlns="http://microsoft.com/schemas/VisualStudio/TeamTest/2010">
  <Times creation="2024-01-09T15:40:51.1484134+01:00" queuing="2024-01-09T15:40:51.1484134+01:00" start="2024-01-09T15:40:47.7421499+01:00" finish="2024-01-09T15:40:51.5859151+01:00" />
  <TestSettings name="default" id="6ea80d4c-211a-4167-8b9b-46c3fc14709a">
    <Deployment runDeploymentRoot="DKSR-EFI-06$_DKSR-EFI-06_2024-01-09_15_40_51" />
  </TestSettings>
  <Results>
    <UnitTestResult executionId="1bac72e7-c056-4aea-b6eb-406141383545" testId="6387690d-d4ff-3dde-71a1-b8ff786d5033" testName="WhenGettingImportanceLevelByIdItShouldGetImportanceLevel" computerName="DKSR-EFI-06" duration="00:00:00.0071422" startTime="2024-01-09T15:40:50.7734124+01:00" endTime="2024-01-09T15:40:50.7734124+01:00" testType="13cdc9d9-ddb5-4fa4-a97d-d965ccfc6d4b" outcome="Passed" testListId="8c84fa94-04c1-424b-9868-57a2d4851a1d" relativeResultsDirectory="1bac72e7-c056-4aea-b6eb-406141383545" />
    <UnitTestResult executionId="1b403f92-f76c-4b19-9bdc-ad7d52a4993a" testId="a62b2274-5bba-ed83-efb2-a397bfb2ab40" testName="WhenCreateIsCalledItShouldCallMipSaveItemConfiguration" computerName="DKSR-EFI-06" duration="00:00:00.0037728" startTime="2024-01-09T15:40:51.2734152+01:00" endTime="2024-01-09T15:40:51.2734152+01:00" testType="13cdc9d9-ddb5-4fa4-a97d-d965ccfc6d4b" outcome="Passed" testListId="8c84fa94-04c1-424b-9868-57a2d4851a1d" relativeResultsDirectory="1b403f92-f76c-4b19-9bdc-ad7d52a4993a" />
    <UnitTestResult executionId="582d2f5d-c5c4-48ff-ad3a-6afa766557d8" testId="cc6066cd-f1e3-c832-99e5-805d250b3caf" testName="WhenAStickyNoteIsClosedItShouldUnattachFromCommunicationMessageEvents" computerName="DKSR-EFI-06" duration="00:00:00.0067837" startTime="2024-01-09T15:40:51.2421634+01:00" endTime="2024-01-09T15:40:51.2421634+01:00" testType="13cdc9d9-ddb5-4fa4-a97d-d965ccfc6d4b" outcome="Passed" testListId="8c84fa94-04c1-424b-9868-57a2d4851a1d" relativeResultsDirectory="582d2f5d-c5c4-48ff-ad3a-6afa766557d8" />
    <UnitTestResult executionId="2eb2d0d3-5166-485c-9309-d41c47f875a4" testId="850948ba-797c-eb58-9515-f964ed8ca6b8" testName="WhenRoleHasNoWritePermissionItShouldNotAllowToDelete" computerName="DKSR-EFI-06" duration="00:00:00.0036633" startTime="2024-01-09T15:40:51.2577885+01:00" endTime="2024-01-09T15:40:51.2577885+01:00" testType="13cdc9d9-ddb5-4fa4-a97d-d965ccfc6d4b" outcome="Passed" testListId="8c84fa94-04c1-424b-9868-57a2d4851a1d" relativeResultsDirectory="2eb2d0d3-5166-485c-9309-d41c47f875a4" />
    <UnitTestResult executionId="eead6331-be8c-4f18-b6b9-b2c31871a845" testId="8b1a8b2b-aee2-d0b3-813b-52f3716e6021" testName="WhenGetByDeviceFailedItShouldLog" computerName="DKSR-EFI-06" duration="00:00:00.0067413" startTime="2024-01-09T15:40:51.1640379+01:00" endTime="2024-01-09T15:40:51.1796611+01:00" testType="13cdc9d9-ddb5-4fa4-a97d-d965ccfc6d4b" outcome="Passed" testListId="8c84fa94-04c1-424b-9868-57a2d4851a1d" relativeResultsDirectory="eead6331-be8c-4f18-b6b9-b2c31871a845" />
    <UnitTestResult executionId="b6d2b418-79c6-46c8-8854-9c8a8a28ed89" testId="7241984f-f1d6-71cf-6238-425e617e970e" testName="WhenCreatedWithSpecificValuesItShouldHaveSpecifiedValues" computerName="DKSR-EFI-06" duration="00:00:00.0079875" startTime="2024-01-09T15:40:50.7890381+01:00" endTime="2024-01-09T15:40:50.7890381+01:00" testType="13cdc9d9-ddb5-4fa4-a97d-d965ccfc6d4b" outcome="Passed" testListId="8c84fa94-04c1-424b-9868-57a2d4851a1d" relativeResultsDirectory="b6d2b418-79c6-46c8-8854-9c8a8a28ed89" />
    <UnitTestResult executionId="d51c06a8-c3a1-45cb-85c1-2f91a1b2ff30" testId="4b5cda93-8327-a470-cc86-b4894c6d2148" testName="WhenUpdateIsCalledItShouldCallMipSaveItemConfiguration" computerName="DKSR-EFI-06" duration="00:00:00.0046566" startTime="2024-01-09T15:40:51.2734152+01:00" endTime="2024-01-09T15:40:51.2890392+01:00" testType="13cdc9d9-ddb5-4fa4-a97d-d965ccfc6d4b" outcome="Passed" testListId="8c84fa94-04c1-424b-9868-57a2d4851a1d" relativeResultsDirectory="d51c06a8-c3a1-45cb-85c1-2f91a1b2ff30" />
    <UnitTestResult executionId="08337f49-ad06-4159-8048-59ee33694e7e" testId="8e838d6f-9013-b6c9-6b0d-69f088ab17b5" testName="WhenAnStickyNoteIsDeletedItShouldAuditLog" computerName="DKSR-EFI-06" duration="00:00:00.0059967" startTime="2024-01-09T15:40:51.1952886+01:00" endTime="2024-01-09T15:40:51.1952886+01:00" testType="13cdc9d9-ddb5-4fa4-a97d-d965ccfc6d4b" outcome="Passed" testListId="8c84fa94-04c1-424b-9868-57a2d4851a1d" relativeResultsDirectory="08337f49-ad06-4159-8048-59ee33694e7e" />
    <UnitTestResult executionId="eaa81c6e-65bc-4082-958d-b382febf3e0d" testId="84d16e8a-8951-d3b7-fd1b-9fc5023ec53d" testName="WhenAnStickyNoteIsCreatedItShouldAuditLog" computerName="DKSR-EFI-06" duration="00:00:00.0107311" startTime="2024-01-09T15:40:51.1796611+01:00" endTime="2024-01-09T15:40:51.1796611+01:00" testType="13cdc9d9-ddb5-4fa4-a97d-d965ccfc6d4b" outcome="Passed" testListId="8c84fa94-04c1-424b-9868-57a2d4851a1d" relativeResultsDirectory="eaa81c6e-65bc-4082-958d-b382febf3e0d" />
    <UnitTestResult executionId="526bdaba-9aca-43c7-adaf-eac55c0ff3c7" testId="5454b93f-f904-d9e7-166b-2ef721050b58" testName="WhenAStickyNoteIsCreatedItShouldBroadcastChangedMessage" computerName="DKSR-EFI-06" duration="00:00:00.0036378" startTime="2024-01-09T15:40:51.1952886+01:00" endTime="2024-01-09T15:40:51.1952886+01:00" testType="13cdc9d9-ddb5-4fa4-a97d-d965ccfc6d4b" outcome="Passed" testListId="8c84fa94-04c1-424b-9868-57a2d4851a1d" relativeResultsDirectory="526bdaba-9aca-43c7-adaf-eac55c0ff3c7" />
    <UnitTestResult executionId="0e87b5d2-26a4-4835-aa45-49d771f2b47b" testId="94fdcd30-3e4f-8171-8256-05a8b0016ff8" testName="WhenDeleteFailedItShouldLog" computerName="DKSR-EFI-06" duration="00:00:00.0111516" startTime="2024-01-09T15:40:51.1327892+01:00" endTime="2024-01-09T15:40:51.1484134+01:00" testType="13cdc9d9-ddb5-4fa4-a97d-d965ccfc6d4b" outcome="Passed" testListId="8c84fa94-04c1-424b-9868-57a2d4851a1d" relativeResultsDirectory="0e87b5d2-26a4-4835-aa45-49d771f2b47b" />
    <UnitTestResult executionId="050ef004-4ecd-467c-88e7-e09dcc8000b2" testId="a68df03d-f736-aeb8-5de1-b24ebd63ddc0" testName="WhenEditedItShouldChangeValues" computerName="DKSR-EFI-06" duration="00:00:00.0009299" startTime="2024-01-09T15:40:50.7890381+01:00" endTime="2024-01-09T15:40:50.7890381+01:00" testType="13cdc9d9-ddb5-4fa4-a97d-d965ccfc6d4b" outcome="Passed" testListId="8c84fa94-04c1-424b-9868-57a2d4851a1d" relativeResultsDirectory="050ef004-4ecd-467c-88e7-e09dcc8000b2" />
    <UnitTestResult executionId="a90598fd-340e-4472-b3e3-8c807c08ef75" testId="855a9391-7482-1028-9412-8d7011bd04ab" testName="WhenAStickyNoteIsDeletedItShouldBroadcastDeletedMessage" computerName="DKSR-EFI-06" duration="00:00:00.0036938" startTime="2024-01-09T15:40:51.2109170+01:00" endTime="2024-01-09T15:40:51.2109170+01:00" testType="13cdc9d9-ddb5-4fa4-a97d-d965ccfc6d4b" outcome="Passed" testListId="8c84fa94-04c1-424b-9868-57a2d4851a1d" relativeResultsDirectory="a90598fd-340e-4472-b3e3-8c807c08ef75" />
    <UnitTestResult executionId="7a9c2ba0-c266-4d57-ad68-358c188adcc3" testId="dca894ac-8f16-fd39-fc60-dd4ce72aec7d" testName="WhenDeleteIsCalledItShouldCallSendStickyNoteDeletedEvent" computerName="DKSR-EFI-06" duration="00:00:00.0053422" startTime="2024-01-09T15:40:51.3046639+01:00" endTime="2024-01-09T15:40:51.3046639+01:00" testType="13cdc9d9-ddb5-4fa4-a97d-d965ccfc6d4b" outcome="Passed" testListId="8c84fa94-04c1-424b-9868-57a2d4851a1d" relativeResultsDirectory="7a9c2ba0-c266-4d57-ad68-358c188adcc3" />
    <UnitTestResult executionId="3497b7c6-4f34-4005-8523-5a94ba80272d" testId="edf4e059-b275-2d02-fb3e-e3137e51bbb2" testName="WhenAStickyNoteIsUpdatedItShouldBroadcastChangedMessage" computerName="DKSR-EFI-06" duration="00:00:00.0034048" startTime="2024-01-09T15:40:51.1952886+01:00" endTime="2024-01-09T15:40:51.2109170+01:00" testType="13cdc9d9-ddb5-4fa4-a97d-d965ccfc6d4b" outcome="Passed" testListId="8c84fa94-04c1-424b-9868-57a2d4851a1d" relativeResultsDirectory="3497b7c6-4f34-4005-8523-5a94ba80272d" />
    <UnitTestResult executionId="fa451529-28ac-4acd-a723-7341590700a7" testId="7010153b-1fd2-4f6e-ef06-15513d771b1e" testName="WhenCreateIsCalledItShouldCallSendStickyNoteCreatedEvent" computerName="DKSR-EFI-06" duration="00:00:00.0058231" startTime="2024-01-09T15:40:51.2890392+01:00" endTime="2024-01-09T15:40:51.2890392+01:00" testType="13cdc9d9-ddb5-4fa4-a97d-d965ccfc6d4b" outcome="Passed" testListId="8c84fa94-04c1-424b-9868-57a2d4851a1d" relativeResultsDirectory="fa451529-28ac-4acd-a723-7341590700a7" />
    <UnitTestResult executionId="769ef070-c321-42c5-8102-72762324ac63" testId="8446860b-fdcd-bb9b-8aa3-c2d0634fcb23" testName="WhenAStickyNoteIsInitializedItShouldAttachToCommunicationMessageEvents" computerName="DKSR-EFI-06" duration="00:00:00.0269496" startTime="2024-01-09T15:40:51.2109170+01:00" endTime="2024-01-09T15:40:51.2421634+01:00" testType="13cdc9d9-ddb5-4fa4-a97d-d965ccfc6d4b" outcome="Passed" testListId="8c84fa94-04c1-424b-9868-57a2d4851a1d" relativeResultsDirectory="769ef070-c321-42c5-8102-72762324ac63" />
    <UnitTestResult executionId="2f52a8b4-9e18-4caf-a58b-043e45a0f400" testId="239ba6a3-059a-b6ff-54b5-a45f8d13bbf1" testName="WhenStickyNotesImportanceLevelProviderIsConstructedItShouldSetImportanceLevels" computerName="DKSR-EFI-06" duration="00:00:00.9398057" startTime="2024-01-09T15:40:49.6640324+01:00" endTime="2024-01-09T15:40:50.7577891+01:00" testType="13cdc9d9-ddb5-4fa4-a97d-d965ccfc6d4b" outcome="Passed" testListId="8c84fa94-04c1-424b-9868-57a2d4851a1d" relativeResultsDirectory="2f52a8b4-9e18-4caf-a58b-043e45a0f400" />
    <UnitTestResult executionId="17e90605-731f-4592-91a3-9c4002db19e8" testId="9dbfaa99-dbe4-cb10-dc7e-5d613d85df6f" testName="WhenStickyNotesItemIsCreatedLastUpdatedShouldBeInUtc" computerName="DKSR-EFI-06" duration="00:00:00.0034564" startTime="2024-01-09T15:40:50.7890381+01:00" endTime="2024-01-09T15:40:50.7890381+01:00" testType="13cdc9d9-ddb5-4fa4-a97d-d965ccfc6d4b" outcome="Passed" testListId="8c84fa94-04c1-424b-9868-57a2d4851a1d" relativeResultsDirectory="17e90605-731f-4592-91a3-9c4002db19e8" />
    <UnitTestResult executionId="c8264a72-2a50-4521-91cc-a1561f41d966" testId="8b94c550-6f8f-0222-a1b6-6745267d0984" testName="WhenUpdateIsCalledItShouldCallSendStickyNoteUpdatedEvent" computerName="DKSR-EFI-06" duration="00:00:00.0053360" startTime="2024-01-09T15:40:51.2890392+01:00" endTime="2024-01-09T15:40:51.3046639+01:00" testType="13cdc9d9-ddb5-4fa4-a97d-d965ccfc6d4b" outcome="Passed" testListId="8c84fa94-04c1-424b-9868-57a2d4851a1d" relativeResultsDirectory="c8264a72-2a50-4521-91cc-a1561f41d966" />
    <UnitTestResult executionId="f8275962-706d-4700-b0db-d718f885e0f6" testId="0e70bcc0-c401-2a46-9c22-5cb168c29091" testName="WhenGettingByDeviceItShouldReturnStickyNotesItem" computerName="DKSR-EFI-06" duration="00:00:00.0136004" startTime="2024-01-09T15:40:51.1484134+01:00" endTime="2024-01-09T15:40:51.1640379+01:00" testType="13cdc9d9-ddb5-4fa4-a97d-d965ccfc6d4b" outcome="Passed" testListId="8c84fa94-04c1-424b-9868-57a2d4851a1d" relativeResultsDirectory="f8275962-706d-4700-b0db-d718f885e0f6" />
    <UnitTestResult executionId="36555474-fffc-4ddb-bbbd-a080efc9cd62" testId="92fb149e-4893-b3a6-b415-9ac6eb0c8dc1" testName="WhenAnStickyNoteIsUpdatedItShouldAuditLog" computerName="DKSR-EFI-06" duration="00:00:00.0059645" startTime="2024-01-09T15:40:51.1796611+01:00" endTime="2024-01-09T15:40:51.1952886+01:00" testType="13cdc9d9-ddb5-4fa4-a97d-d965ccfc6d4b" outcome="Passed" testListId="8c84fa94-04c1-424b-9868-57a2d4851a1d" relativeResultsDirectory="36555474-fffc-4ddb-bbbd-a080efc9cd62" />
    <UnitTestResult executionId="08dc2a73-5ff1-45f9-b59e-03c81153a391" testId="e6ffaff1-d7e4-c585-f339-2d4d39faa960" testName="WhenGettingImportanceLevelNameItShouldGetImportanceLevelName" computerName="DKSR-EFI-06" duration="00:00:00.0008221" startTime="2024-01-09T15:40:50.7734124+01:00" endTime="2024-01-09T15:40:50.7890381+01:00" testType="13cdc9d9-ddb5-4fa4-a97d-d965ccfc6d4b" outcome="Passed" testListId="8c84fa94-04c1-424b-9868-57a2d4851a1d" relativeResultsDirectory="08dc2a73-5ff1-45f9-b59e-03c81153a391" />
    <UnitTestResult executionId="3a6ddf0b-05ac-4b51-84f0-5a63a935dc41" testId="720b2de4-b7e1-0e44-4f77-94bdb3c19aae" testName="WhenDeleteIsCalledItShouldCallMipDeleteItemConfiguration" computerName="DKSR-EFI-06" duration="00:00:00.0115556" startTime="2024-01-09T15:40:51.2577885+01:00" endTime="2024-01-09T15:40:51.2734152+01:00" testType="13cdc9d9-ddb5-4fa4-a97d-d965ccfc6d4b" outcome="Passed" testListId="8c84fa94-04c1-424b-9868-57a2d4851a1d" relativeResultsDirectory="3a6ddf0b-05ac-4b51-84f0-5a63a935dc41" />
    <UnitTestResult executionId="0a4e48cb-fa3d-4bde-b1e2-ee594c367791" testId="12bf7871-c816-5c06-6f7c-320a4d33f2cd" testName="WhenUpdateFailedItShouldLog" computerName="DKSR-EFI-06" duration="00:00:00.0052824" startTime="2024-01-09T15:40:51.1327892+01:00" endTime="2024-01-09T15:40:51.1327892+01:00" testType="13cdc9d9-ddb5-4fa4-a97d-d965ccfc6d4b" outcome="Passed" testListId="8c84fa94-04c1-424b-9868-57a2d4851a1d" relativeResultsDirectory="0a4e48cb-fa3d-4bde-b1e2-ee594c367791" />
    <UnitTestResult executionId="95c70b1d-804f-4dcd-9ae9-6e7096b05835" testId="8ef07768-a386-d17d-7254-f2bf859c8bbf" testName="WhenCreatedWithCopyConstructorItShouldHaveSameValues" computerName="DKSR-EFI-06" duration="00:00:00.0003296" startTime="2024-01-09T15:40:50.7890381+01:00" endTime="2024-01-09T15:40:50.7890381+01:00" testType="13cdc9d9-ddb5-4fa4-a97d-d965ccfc6d4b" outcome="Passed" testListId="8c84fa94-04c1-424b-9868-57a2d4851a1d" relativeResultsDirectory="95c70b1d-804f-4dcd-9ae9-6e7096b05835" />
    <UnitTestResult executionId="da58a3d8-e785-49ba-817d-3e0c84af5e6e" testId="212eb063-1d20-8bdf-482a-29ab8dd94bd1" testName="WhenCreateFailedItShouldLog" computerName="DKSR-EFI-06" duration="00:00:00.3349087" startTime="2024-01-09T15:40:50.7890381+01:00" endTime="2024-01-09T15:40:51.1327892+01:00" testType="13cdc9d9-ddb5-4fa4-a97d-d965ccfc6d4b" outcome="Passed" testListId="8c84fa94-04c1-424b-9868-57a2d4851a1d" relativeResultsDirectory="da58a3d8-e785-49ba-817d-3e0c84af5e6e" />
    <UnitTestResult executionId="eaf509e5-c811-4901-9f43-c0c48ec6dd24" testId="1a7090de-483c-f75d-948f-8dfbf47331c3" testName="WhenRoleHasNoWritePermissionItShouldNotAllowToCreate" computerName="DKSR-EFI-06" duration="00:00:00.0136698" startTime="2024-01-09T15:40:51.2421634+01:00" endTime="2024-01-09T15:40:51.2577885+01:00" testType="13cdc9d9-ddb5-4fa4-a97d-d965ccfc6d4b" outcome="Passed" testListId="8c84fa94-04c1-424b-9868-57a2d4851a1d" relativeResultsDirectory="eaf509e5-c811-4901-9f43-c0c48ec6dd24" />
    <UnitTestResult executionId="4ef8b0ec-cb1a-42ba-bf63-b8849b9761ed" testId="407e3d5c-c848-6e73-5d0d-5dcecd92f154" testName="WhenRoleHasNoWritePermissionItShouldNotAllowToUpdate" computerName="DKSR-EFI-06" duration="00:00:00.0038422" startTime="2024-01-09T15:40:51.2577885+01:00" endTime="2024-01-09T15:40:51.2577885+01:00" testType="13cdc9d9-ddb5-4fa4-a97d-d965ccfc6d4b" outcome="Passed" testListId="8c84fa94-04c1-424b-9868-57a2d4851a1d" relativeResultsDirectory="4ef8b0ec-cb1a-42ba-bf63-b8849b9761ed" />
  </Results>
  <TestDefinitions>
    <UnitTest name="WhenEditedItShouldChangeValues" storage="d:\actions-runner\_work\xpco\xpco\addons\plugins\stickynotes\tst\videoos.plugins.stickynotes.common.unittests\bin\x64\debug\net472\videoos.plugins.stickynotes.common.unittests.dll" id="a68df03d-f736-aeb8-5de1-b24ebd63ddc0">
      <Execution id="050ef004-4ecd-467c-88e7-e09dcc8000b2" />
      <TestMethod codeBase="D:\actions-runner\_work\XPCO\XPCO\AddOns\Plugins\StickyNotes\tst\VideoOS.Plugins.StickyNotes.Common.UnitTests\bin\x64\Debug\net472\VideoOS.Plugins.StickyNotes.Common.UnitTests.dll" adapterTypeName="executor://mstestadapter/v2" className="VideoOS.Plugins.StickyNotes.Common.UnitTests.StickyNotesItemTests" name="WhenEditedItShouldChangeValues" />
    </UnitTest>
    <UnitTest name="WhenCreateIsCalledItShouldCallSendStickyNoteCreatedEvent" storage="d:\actions-runner\_work\xpco\xpco\addons\plugins\stickynotes\tst\videoos.plugins.stickynotes.common.unittests\bin\x64\debug\net472\videoos.plugins.stickynotes.common.unittests.dll" id="7010153b-1fd2-4f6e-ef06-15513d771b1e">
      <Execution id="fa451529-28ac-4acd-a723-7341590700a7" />
      <TestMethod codeBase="D:\actions-runner\_work\XPCO\XPCO\AddOns\Plugins\StickyNotes\tst\VideoOS.Plugins.StickyNotes.Common.UnitTests\bin\x64\Debug\net472\VideoOS.Plugins.StickyNotes.Common.UnitTests.dll" adapterTypeName="executor://mstestadapter/v2" className="VideoOS.Plugins.StickyNotes.Common.UnitTests.stickyNotesRepositoryTests" name="WhenCreateIsCalledItShouldCallSendStickyNoteCreatedEvent" />
    </UnitTest>
    <UnitTest name="WhenRoleHasNoWritePermissionItShouldNotAllowToDelete" storage="d:\actions-runner\_work\xpco\xpco\addons\plugins\stickynotes\tst\videoos.plugins.stickynotes.common.unittests\bin\x64\debug\net472\videoos.plugins.stickynotes.common.unittests.dll" id="850948ba-797c-eb58-9515-f964ed8ca6b8">
      <Execution id="2eb2d0d3-5166-485c-9309-d41c47f875a4" />
      <TestMethod codeBase="D:\actions-runner\_work\XPCO\XPCO\AddOns\Plugins\StickyNotes\tst\VideoOS.Plugins.StickyNotes.Common.UnitTests\bin\x64\Debug\net472\VideoOS.Plugins.StickyNotes.Common.UnitTests.dll" adapterTypeName="executor://mstestadapter/v2" className="VideoOS.Plugins.StickyNotes.Common.UnitTests.stickyNotesRepositoryTests" name="WhenRoleHasNoWritePermissionItShouldNotAllowToDelete" />
    </UnitTest>
    <UnitTest name="WhenUpdateFailedItShouldLog" storage="d:\actions-runner\_work\xpco\xpco\addons\plugins\stickynotes\tst\videoos.plugins.stickynotes.common.unittests\bin\x64\debug\net472\videoos.plugins.stickynotes.common.unittests.dll" id="12bf7871-c816-5c06-6f7c-320a4d33f2cd">
      <Execution id="0a4e48cb-fa3d-4bde-b1e2-ee594c367791" />
      <TestMethod codeBase="D:\actions-runner\_work\XPCO\XPCO\AddOns\Plugins\StickyNotes\tst\VideoOS.Plugins.StickyNotes.Common.UnitTests\bin\x64\Debug\net472\VideoOS.Plugins.StickyNotes.Common.UnitTests.dll" adapterTypeName="executor://mstestadapter/v2" className="VideoOS.Plugins.StickyNotes.Common.UnitTests.stickyNotesRepositoryTests" name="WhenUpdateFailedItShouldLog" />
    </UnitTest>
    <UnitTest name="WhenGettingImportanceLevelNameItShouldGetImportanceLevelName" storage="d:\actions-runner\_work\xpco\xpco\addons\plugins\stickynotes\tst\videoos.plugins.stickynotes.common.unittests\bin\x64\debug\net472\videoos.plugins.stickynotes.common.unittests.dll" id="e6ffaff1-d7e4-c585-f339-2d4d39faa960">
      <Execution id="08dc2a73-5ff1-45f9-b59e-03c81153a391" />
      <TestMethod codeBase="D:\actions-runner\_work\XPCO\XPCO\AddOns\Plugins\StickyNotes\tst\VideoOS.Plugins.StickyNotes.Common.UnitTests\bin\x64\Debug\net472\VideoOS.Plugins.StickyNotes.Common.UnitTests.dll" adapterTypeName="executor://mstestadapter/v2" className="VideoOS.Plugins.StickyNotes.Common.UnitTests.StickyNotesImportanceLevelProviderTests" name="WhenGettingImportanceLevelNameItShouldGetImportanceLevelName" />
    </UnitTest>
    <UnitTest name="WhenAStickyNoteIsDeletedItShouldBroadcastDeletedMessage" storage="d:\actions-runner\_work\xpco\xpco\addons\plugins\stickynotes\tst\videoos.plugins.stickynotes.common.unittests\bin\x64\debug\net472\videoos.plugins.stickynotes.common.unittests.dll" id="855a9391-7482-1028-9412-8d7011bd04ab">
      <Execution id="a90598fd-340e-4472-b3e3-8c807c08ef75" />
      <TestMethod codeBase="D:\actions-runner\_work\XPCO\XPCO\AddOns\Plugins\StickyNotes\tst\VideoOS.Plugins.StickyNotes.Common.UnitTests\bin\x64\Debug\net472\VideoOS.Plugins.StickyNotes.Common.UnitTests.dll" adapterTypeName="executor://mstestadapter/v2" className="VideoOS.Plugins.StickyNotes.Common.UnitTests.stickyNotesRepositoryTests" name="WhenAStickyNoteIsDeletedItShouldBroadcastDeletedMessage" />
    </UnitTest>
    <UnitTest name="WhenGetByDeviceFailedItShouldLog" storage="d:\actions-runner\_work\xpco\xpco\addons\plugins\stickynotes\tst\videoos.plugins.stickynotes.common.unittests\bin\x64\debug\net472\videoos.plugins.stickynotes.common.unittests.dll" id="8b1a8b2b-aee2-d0b3-813b-52f3716e6021">
      <Execution id="eead6331-be8c-4f18-b6b9-b2c31871a845" />
      <TestMethod codeBase="D:\actions-runner\_work\XPCO\XPCO\AddOns\Plugins\StickyNotes\tst\VideoOS.Plugins.StickyNotes.Common.UnitTests\bin\x64\Debug\net472\VideoOS.Plugins.StickyNotes.Common.UnitTests.dll" adapterTypeName="executor://mstestadapter/v2" className="VideoOS.Plugins.StickyNotes.Common.UnitTests.stickyNotesRepositoryTests" name="WhenGetByDeviceFailedItShouldLog" />
    </UnitTest>
    <UnitTest name="WhenGettingByDeviceItShouldReturnStickyNotesItem" storage="d:\actions-runner\_work\xpco\xpco\addons\plugins\stickynotes\tst\videoos.plugins.stickynotes.common.unittests\bin\x64\debug\net472\videoos.plugins.stickynotes.common.unittests.dll" id="0e70bcc0-c401-2a46-9c22-5cb168c29091">
      <Execution id="f8275962-706d-4700-b0db-d718f885e0f6" />
      <TestMethod codeBase="D:\actions-runner\_work\XPCO\XPCO\AddOns\Plugins\StickyNotes\tst\VideoOS.Plugins.StickyNotes.Common.UnitTests\bin\x64\Debug\net472\VideoOS.Plugins.StickyNotes.Common.UnitTests.dll" adapterTypeName="executor://mstestadapter/v2" className="VideoOS.Plugins.StickyNotes.Common.UnitTests.stickyNotesRepositoryTests" name="WhenGettingByDeviceItShouldReturnStickyNotesItem" />
    </UnitTest>
    <UnitTest name="WhenAnStickyNoteIsDeletedItShouldAuditLog" storage="d:\actions-runner\_work\xpco\xpco\addons\plugins\stickynotes\tst\videoos.plugins.stickynotes.common.unittests\bin\x64\debug\net472\videoos.plugins.stickynotes.common.unittests.dll" id="8e838d6f-9013-b6c9-6b0d-69f088ab17b5">
      <Execution id="08337f49-ad06-4159-8048-59ee33694e7e" />
      <TestMethod codeBase="D:\actions-runner\_work\XPCO\XPCO\AddOns\Plugins\StickyNotes\tst\VideoOS.Plugins.StickyNotes.Common.UnitTests\bin\x64\Debug\net472\VideoOS.Plugins.StickyNotes.Common.UnitTests.dll" adapterTypeName="executor://mstestadapter/v2" className="VideoOS.Plugins.StickyNotes.Common.UnitTests.stickyNotesRepositoryTests" name="WhenAnStickyNoteIsDeletedItShouldAuditLog" />
    </UnitTest>
    <UnitTest name="WhenCreateFailedItShouldLog" storage="d:\actions-runner\_work\xpco\xpco\addons\plugins\stickynotes\tst\videoos.plugins.stickynotes.common.unittests\bin\x64\debug\net472\videoos.plugins.stickynotes.common.unittests.dll" id="212eb063-1d20-8bdf-482a-29ab8dd94bd1">
      <Execution id="da58a3d8-e785-49ba-817d-3e0c84af5e6e" />
      <TestMethod codeBase="D:\actions-runner\_work\XPCO\XPCO\AddOns\Plugins\StickyNotes\tst\VideoOS.Plugins.StickyNotes.Common.UnitTests\bin\x64\Debug\net472\VideoOS.Plugins.StickyNotes.Common.UnitTests.dll" adapterTypeName="executor://mstestadapter/v2" className="VideoOS.Plugins.StickyNotes.Common.UnitTests.stickyNotesRepositoryTests" name="WhenCreateFailedItShouldLog" />
    </UnitTest>
    <UnitTest name="WhenDeleteIsCalledItShouldCallSendStickyNoteDeletedEvent" storage="d:\actions-runner\_work\xpco\xpco\addons\plugins\stickynotes\tst\videoos.plugins.stickynotes.common.unittests\bin\x64\debug\net472\videoos.plugins.stickynotes.common.unittests.dll" id="dca894ac-8f16-fd39-fc60-dd4ce72aec7d">
      <Execution id="7a9c2ba0-c266-4d57-ad68-358c188adcc3" />
      <TestMethod codeBase="D:\actions-runner\_work\XPCO\XPCO\AddOns\Plugins\StickyNotes\tst\VideoOS.Plugins.StickyNotes.Common.UnitTests\bin\x64\Debug\net472\VideoOS.Plugins.StickyNotes.Common.UnitTests.dll" adapterTypeName="executor://mstestadapter/v2" className="VideoOS.Plugins.StickyNotes.Common.UnitTests.stickyNotesRepositoryTests" name="WhenDeleteIsCalledItShouldCallSendStickyNoteDeletedEvent" />
    </UnitTest>
    <UnitTest name="WhenRoleHasNoWritePermissionItShouldNotAllowToUpdate" storage="d:\actions-runner\_work\xpco\xpco\addons\plugins\stickynotes\tst\videoos.plugins.stickynotes.common.unittests\bin\x64\debug\net472\videoos.plugins.stickynotes.common.unittests.dll" id="407e3d5c-c848-6e73-5d0d-5dcecd92f154">
      <Execution id="4ef8b0ec-cb1a-42ba-bf63-b8849b9761ed" />
      <TestMethod codeBase="D:\actions-runner\_work\XPCO\XPCO\AddOns\Plugins\StickyNotes\tst\VideoOS.Plugins.StickyNotes.Common.UnitTests\bin\x64\Debug\net472\VideoOS.Plugins.StickyNotes.Common.UnitTests.dll" adapterTypeName="executor://mstestadapter/v2" className="VideoOS.Plugins.StickyNotes.Common.UnitTests.stickyNotesRepositoryTests" name="WhenRoleHasNoWritePermissionItShouldNotAllowToUpdate" />
    </UnitTest>
    <UnitTest name="WhenStickyNotesImportanceLevelProviderIsConstructedItShouldSetImportanceLevels" storage="d:\actions-runner\_work\xpco\xpco\addons\plugins\stickynotes\tst\videoos.plugins.stickynotes.common.unittests\bin\x64\debug\net472\videoos.plugins.stickynotes.common.unittests.dll" id="239ba6a3-059a-b6ff-54b5-a45f8d13bbf1">
      <Execution id="2f52a8b4-9e18-4caf-a58b-043e45a0f400" />
      <TestMethod codeBase="D:\actions-runner\_work\XPCO\XPCO\AddOns\Plugins\StickyNotes\tst\VideoOS.Plugins.StickyNotes.Common.UnitTests\bin\x64\Debug\net472\VideoOS.Plugins.StickyNotes.Common.UnitTests.dll" adapterTypeName="executor://mstestadapter/v2" className="VideoOS.Plugins.StickyNotes.Common.UnitTests.StickyNotesImportanceLevelProviderTests" name="WhenStickyNotesImportanceLevelProviderIsConstructedItShouldSetImportanceLevels" />
    </UnitTest>
    <UnitTest name="WhenAnStickyNoteIsUpdatedItShouldAuditLog" storage="d:\actions-runner\_work\xpco\xpco\addons\plugins\stickynotes\tst\videoos.plugins.stickynotes.common.unittests\bin\x64\debug\net472\videoos.plugins.stickynotes.common.unittests.dll" id="92fb149e-4893-b3a6-b415-9ac6eb0c8dc1">
      <Execution id="36555474-fffc-4ddb-bbbd-a080efc9cd62" />
      <TestMethod codeBase="D:\actions-runner\_work\XPCO\XPCO\AddOns\Plugins\StickyNotes\tst\VideoOS.Plugins.StickyNotes.Common.UnitTests\bin\x64\Debug\net472\VideoOS.Plugins.StickyNotes.Common.UnitTests.dll" adapterTypeName="executor://mstestadapter/v2" className="VideoOS.Plugins.StickyNotes.Common.UnitTests.stickyNotesRepositoryTests" name="WhenAnStickyNoteIsUpdatedItShouldAuditLog" />
    </UnitTest>
    <UnitTest name="WhenCreatedWithCopyConstructorItShouldHaveSameValues" storage="d:\actions-runner\_work\xpco\xpco\addons\plugins\stickynotes\tst\videoos.plugins.stickynotes.common.unittests\bin\x64\debug\net472\videoos.plugins.stickynotes.common.unittests.dll" id="8ef07768-a386-d17d-7254-f2bf859c8bbf">
      <Execution id="95c70b1d-804f-4dcd-9ae9-6e7096b05835" />
      <TestMethod codeBase="D:\actions-runner\_work\XPCO\XPCO\AddOns\Plugins\StickyNotes\tst\VideoOS.Plugins.StickyNotes.Common.UnitTests\bin\x64\Debug\net472\VideoOS.Plugins.StickyNotes.Common.UnitTests.dll" adapterTypeName="executor://mstestadapter/v2" className="VideoOS.Plugins.StickyNotes.Common.UnitTests.StickyNotesItemTests" name="WhenCreatedWithCopyConstructorItShouldHaveSameValues" />
    </UnitTest>
    <UnitTest name="WhenAStickyNoteIsInitializedItShouldAttachToCommunicationMessageEvents" storage="d:\actions-runner\_work\xpco\xpco\addons\plugins\stickynotes\tst\videoos.plugins.stickynotes.common.unittests\bin\x64\debug\net472\videoos.plugins.stickynotes.common.unittests.dll" id="8446860b-fdcd-bb9b-8aa3-c2d0634fcb23">
      <Execution id="769ef070-c321-42c5-8102-72762324ac63" />
      <TestMethod codeBase="D:\actions-runner\_work\XPCO\XPCO\AddOns\Plugins\StickyNotes\tst\VideoOS.Plugins.StickyNotes.Common.UnitTests\bin\x64\Debug\net472\VideoOS.Plugins.StickyNotes.Common.UnitTests.dll" adapterTypeName="executor://mstestadapter/v2" className="VideoOS.Plugins.StickyNotes.Common.UnitTests.stickyNotesRepositoryTests" name="WhenAStickyNoteIsInitializedItShouldAttachToCommunicationMessageEvents" />
    </UnitTest>
    <UnitTest name="WhenCreatedWithSpecificValuesItShouldHaveSpecifiedValues" storage="d:\actions-runner\_work\xpco\xpco\addons\plugins\stickynotes\tst\videoos.plugins.stickynotes.common.unittests\bin\x64\debug\net472\videoos.plugins.stickynotes.common.unittests.dll" id="7241984f-f1d6-71cf-6238-425e617e970e">
      <Execution id="b6d2b418-79c6-46c8-8854-9c8a8a28ed89" />
      <TestMethod codeBase="D:\actions-runner\_work\XPCO\XPCO\AddOns\Plugins\StickyNotes\tst\VideoOS.Plugins.StickyNotes.Common.UnitTests\bin\x64\Debug\net472\VideoOS.Plugins.StickyNotes.Common.UnitTests.dll" adapterTypeName="executor://mstestadapter/v2" className="VideoOS.Plugins.StickyNotes.Common.UnitTests.StickyNotesItemTests" name="WhenCreatedWithSpecificValuesItShouldHaveSpecifiedValues" />
    </UnitTest>
    <UnitTest name="WhenCreateIsCalledItShouldCallMipSaveItemConfiguration" storage="d:\actions-runner\_work\xpco\xpco\addons\plugins\stickynotes\tst\videoos.plugins.stickynotes.common.unittests\bin\x64\debug\net472\videoos.plugins.stickynotes.common.unittests.dll" id="a62b2274-5bba-ed83-efb2-a397bfb2ab40">
      <Execution id="1b403f92-f76c-4b19-9bdc-ad7d52a4993a" />
      <TestMethod codeBase="D:\actions-runner\_work\XPCO\XPCO\AddOns\Plugins\StickyNotes\tst\VideoOS.Plugins.StickyNotes.Common.UnitTests\bin\x64\Debug\net472\VideoOS.Plugins.StickyNotes.Common.UnitTests.dll" adapterTypeName="executor://mstestadapter/v2" className="VideoOS.Plugins.StickyNotes.Common.UnitTests.stickyNotesRepositoryTests" name="WhenCreateIsCalledItShouldCallMipSaveItemConfiguration" />
    </UnitTest>
    <UnitTest name="WhenDeleteFailedItShouldLog" storage="d:\actions-runner\_work\xpco\xpco\addons\plugins\stickynotes\tst\videoos.plugins.stickynotes.common.unittests\bin\x64\debug\net472\videoos.plugins.stickynotes.common.unittests.dll" id="94fdcd30-3e4f-8171-8256-05a8b0016ff8">
      <Execution id="0e87b5d2-26a4-4835-aa45-49d771f2b47b" />
      <TestMethod codeBase="D:\actions-runner\_work\XPCO\XPCO\AddOns\Plugins\StickyNotes\tst\VideoOS.Plugins.StickyNotes.Common.UnitTests\bin\x64\Debug\net472\VideoOS.Plugins.StickyNotes.Common.UnitTests.dll" adapterTypeName="executor://mstestadapter/v2" className="VideoOS.Plugins.StickyNotes.Common.UnitTests.stickyNotesRepositoryTests" name="WhenDeleteFailedItShouldLog" />
    </UnitTest>
    <UnitTest name="WhenRoleHasNoWritePermissionItShouldNotAllowToCreate" storage="d:\actions-runner\_work\xpco\xpco\addons\plugins\stickynotes\tst\videoos.plugins.stickynotes.common.unittests\bin\x64\debug\net472\videoos.plugins.stickynotes.common.unittests.dll" id="1a7090de-483c-f75d-948f-8dfbf47331c3">
      <Execution id="eaf509e5-c811-4901-9f43-c0c48ec6dd24" />
      <TestMethod codeBase="D:\actions-runner\_work\XPCO\XPCO\AddOns\Plugins\StickyNotes\tst\VideoOS.Plugins.StickyNotes.Common.UnitTests\bin\x64\Debug\net472\VideoOS.Plugins.StickyNotes.Common.UnitTests.dll" adapterTypeName="executor://mstestadapter/v2" className="VideoOS.Plugins.StickyNotes.Common.UnitTests.stickyNotesRepositoryTests" name="WhenRoleHasNoWritePermissionItShouldNotAllowToCreate" />
    </UnitTest>
    <UnitTest name="WhenAnStickyNoteIsCreatedItShouldAuditLog" storage="d:\actions-runner\_work\xpco\xpco\addons\plugins\stickynotes\tst\videoos.plugins.stickynotes.common.unittests\bin\x64\debug\net472\videoos.plugins.stickynotes.common.unittests.dll" id="84d16e8a-8951-d3b7-fd1b-9fc5023ec53d">
      <Execution id="eaa81c6e-65bc-4082-958d-b382febf3e0d" />
      <TestMethod codeBase="D:\actions-runner\_work\XPCO\XPCO\AddOns\Plugins\StickyNotes\tst\VideoOS.Plugins.StickyNotes.Common.UnitTests\bin\x64\Debug\net472\VideoOS.Plugins.StickyNotes.Common.UnitTests.dll" adapterTypeName="executor://mstestadapter/v2" className="VideoOS.Plugins.StickyNotes.Common.UnitTests.stickyNotesRepositoryTests" name="WhenAnStickyNoteIsCreatedItShouldAuditLog" />
    </UnitTest>
    <UnitTest name="WhenAStickyNoteIsUpdatedItShouldBroadcastChangedMessage" storage="d:\actions-runner\_work\xpco\xpco\addons\plugins\stickynotes\tst\videoos.plugins.stickynotes.common.unittests\bin\x64\debug\net472\videoos.plugins.stickynotes.common.unittests.dll" id="edf4e059-b275-2d02-fb3e-e3137e51bbb2">
      <Execution id="3497b7c6-4f34-4005-8523-5a94ba80272d" />
      <TestMethod codeBase="D:\actions-runner\_work\XPCO\XPCO\AddOns\Plugins\StickyNotes\tst\VideoOS.Plugins.StickyNotes.Common.UnitTests\bin\x64\Debug\net472\VideoOS.Plugins.StickyNotes.Common.UnitTests.dll" adapterTypeName="executor://mstestadapter/v2" className="VideoOS.Plugins.StickyNotes.Common.UnitTests.stickyNotesRepositoryTests" name="WhenAStickyNoteIsUpdatedItShouldBroadcastChangedMessage" />
    </UnitTest>
    <UnitTest name="WhenStickyNotesItemIsCreatedLastUpdatedShouldBeInUtc" storage="d:\actions-runner\_work\xpco\xpco\addons\plugins\stickynotes\tst\videoos.plugins.stickynotes.common.unittests\bin\x64\debug\net472\videoos.plugins.stickynotes.common.unittests.dll" id="9dbfaa99-dbe4-cb10-dc7e-5d613d85df6f">
      <Execution id="17e90605-731f-4592-91a3-9c4002db19e8" />
      <TestMethod codeBase="D:\actions-runner\_work\XPCO\XPCO\AddOns\Plugins\StickyNotes\tst\VideoOS.Plugins.StickyNotes.Common.UnitTests\bin\x64\Debug\net472\VideoOS.Plugins.StickyNotes.Common.UnitTests.dll" adapterTypeName="executor://mstestadapter/v2" className="VideoOS.Plugins.StickyNotes.Common.UnitTests.StickyNotesItemTests" name="WhenStickyNotesItemIsCreatedLastUpdatedShouldBeInUtc" />
    </UnitTest>
    <UnitTest name="WhenDeleteIsCalledItShouldCallMipDeleteItemConfiguration" storage="d:\actions-runner\_work\xpco\xpco\addons\plugins\stickynotes\tst\videoos.plugins.stickynotes.common.unittests\bin\x64\debug\net472\videoos.plugins.stickynotes.common.unittests.dll" id="720b2de4-b7e1-0e44-4f77-94bdb3c19aae">
      <Execution id="3a6ddf0b-05ac-4b51-84f0-5a63a935dc41" />
      <TestMethod codeBase="D:\actions-runner\_work\XPCO\XPCO\AddOns\Plugins\StickyNotes\tst\VideoOS.Plugins.StickyNotes.Common.UnitTests\bin\x64\Debug\net472\VideoOS.Plugins.StickyNotes.Common.UnitTests.dll" adapterTypeName="executor://mstestadapter/v2" className="VideoOS.Plugins.StickyNotes.Common.UnitTests.stickyNotesRepositoryTests" name="WhenDeleteIsCalledItShouldCallMipDeleteItemConfiguration" />
    </UnitTest>
    <UnitTest name="WhenUpdateIsCalledItShouldCallSendStickyNoteUpdatedEvent" storage="d:\actions-runner\_work\xpco\xpco\addons\plugins\stickynotes\tst\videoos.plugins.stickynotes.common.unittests\bin\x64\debug\net472\videoos.plugins.stickynotes.common.unittests.dll" id="8b94c550-6f8f-0222-a1b6-6745267d0984">
      <Execution id="c8264a72-2a50-4521-91cc-a1561f41d966" />
      <TestMethod codeBase="D:\actions-runner\_work\XPCO\XPCO\AddOns\Plugins\StickyNotes\tst\VideoOS.Plugins.StickyNotes.Common.UnitTests\bin\x64\Debug\net472\VideoOS.Plugins.StickyNotes.Common.UnitTests.dll" adapterTypeName="executor://mstestadapter/v2" className="VideoOS.Plugins.StickyNotes.Common.UnitTests.stickyNotesRepositoryTests" name="WhenUpdateIsCalledItShouldCallSendStickyNoteUpdatedEvent" />
    </UnitTest>
    <UnitTest name="WhenAStickyNoteIsClosedItShouldUnattachFromCommunicationMessageEvents" storage="d:\actions-runner\_work\xpco\xpco\addons\plugins\stickynotes\tst\videoos.plugins.stickynotes.common.unittests\bin\x64\debug\net472\videoos.plugins.stickynotes.common.unittests.dll" id="cc6066cd-f1e3-c832-99e5-805d250b3caf">
      <Execution id="582d2f5d-c5c4-48ff-ad3a-6afa766557d8" />
      <TestMethod codeBase="D:\actions-runner\_work\XPCO\XPCO\AddOns\Plugins\StickyNotes\tst\VideoOS.Plugins.StickyNotes.Common.UnitTests\bin\x64\Debug\net472\VideoOS.Plugins.StickyNotes.Common.UnitTests.dll" adapterTypeName="executor://mstestadapter/v2" className="VideoOS.Plugins.StickyNotes.Common.UnitTests.stickyNotesRepositoryTests" name="WhenAStickyNoteIsClosedItShouldUnattachFromCommunicationMessageEvents" />
    </UnitTest>
    <UnitTest name="WhenAStickyNoteIsCreatedItShouldBroadcastChangedMessage" storage="d:\actions-runner\_work\xpco\xpco\addons\plugins\stickynotes\tst\videoos.plugins.stickynotes.common.unittests\bin\x64\debug\net472\videoos.plugins.stickynotes.common.unittests.dll" id="5454b93f-f904-d9e7-166b-2ef721050b58">
      <Execution id="526bdaba-9aca-43c7-adaf-eac55c0ff3c7" />
      <TestMethod codeBase="D:\actions-runner\_work\XPCO\XPCO\AddOns\Plugins\StickyNotes\tst\VideoOS.Plugins.StickyNotes.Common.UnitTests\bin\x64\Debug\net472\VideoOS.Plugins.StickyNotes.Common.UnitTests.dll" adapterTypeName="executor://mstestadapter/v2" className="VideoOS.Plugins.StickyNotes.Common.UnitTests.stickyNotesRepositoryTests" name="WhenAStickyNoteIsCreatedItShouldBroadcastChangedMessage" />
    </UnitTest>
    <UnitTest name="WhenGettingImportanceLevelByIdItShouldGetImportanceLevel" storage="d:\actions-runner\_work\xpco\xpco\addons\plugins\stickynotes\tst\videoos.plugins.stickynotes.common.unittests\bin\x64\debug\net472\videoos.plugins.stickynotes.common.unittests.dll" id="6387690d-d4ff-3dde-71a1-b8ff786d5033">
      <Execution id="1bac72e7-c056-4aea-b6eb-406141383545" />
      <TestMethod codeBase="D:\actions-runner\_work\XPCO\XPCO\AddOns\Plugins\StickyNotes\tst\VideoOS.Plugins.StickyNotes.Common.UnitTests\bin\x64\Debug\net472\VideoOS.Plugins.StickyNotes.Common.UnitTests.dll" adapterTypeName="executor://mstestadapter/v2" className="VideoOS.Plugins.StickyNotes.Common.UnitTests.StickyNotesImportanceLevelProviderTests" name="WhenGettingImportanceLevelByIdItShouldGetImportanceLevel" />
    </UnitTest>
    <UnitTest name="WhenUpdateIsCalledItShouldCallMipSaveItemConfiguration" storage="d:\actions-runner\_work\xpco\xpco\addons\plugins\stickynotes\tst\videoos.plugins.stickynotes.common.unittests\bin\x64\debug\net472\videoos.plugins.stickynotes.common.unittests.dll" id="4b5cda93-8327-a470-cc86-b4894c6d2148">
      <Execution id="d51c06a8-c3a1-45cb-85c1-2f91a1b2ff30" />
      <TestMethod codeBase="D:\actions-runner\_work\XPCO\XPCO\AddOns\Plugins\StickyNotes\tst\VideoOS.Plugins.StickyNotes.Common.UnitTests\bin\x64\Debug\net472\VideoOS.Plugins.StickyNotes.Common.UnitTests.dll" adapterTypeName="executor://mstestadapter/v2" className="VideoOS.Plugins.StickyNotes.Common.UnitTests.stickyNotesRepositoryTests" name="WhenUpdateIsCalledItShouldCallMipSaveItemConfiguration" />
    </UnitTest>
  </TestDefinitions>
  <TestEntries>
    <TestEntry testId="6387690d-d4ff-3dde-71a1-b8ff786d5033" executionId="1bac72e7-c056-4aea-b6eb-406141383545" testListId="8c84fa94-04c1-424b-9868-57a2d4851a1d" />
    <TestEntry testId="a62b2274-5bba-ed83-efb2-a397bfb2ab40" executionId="1b403f92-f76c-4b19-9bdc-ad7d52a4993a" testListId="8c84fa94-04c1-424b-9868-57a2d4851a1d" />
    <TestEntry testId="cc6066cd-f1e3-c832-99e5-805d250b3caf" executionId="582d2f5d-c5c4-48ff-ad3a-6afa766557d8" testListId="8c84fa94-04c1-424b-9868-57a2d4851a1d" />
    <TestEntry testId="850948ba-797c-eb58-9515-f964ed8ca6b8" executionId="2eb2d0d3-5166-485c-9309-d41c47f875a4" testListId="8c84fa94-04c1-424b-9868-57a2d4851a1d" />
    <TestEntry testId="8b1a8b2b-aee2-d0b3-813b-52f3716e6021" executionId="eead6331-be8c-4f18-b6b9-b2c31871a845" testListId="8c84fa94-04c1-424b-9868-57a2d4851a1d" />
    <TestEntry testId="7241984f-f1d6-71cf-6238-425e617e970e" executionId="b6d2b418-79c6-46c8-8854-9c8a8a28ed89" testListId="8c84fa94-04c1-424b-9868-57a2d4851a1d" />
    <TestEntry testId="4b5cda93-8327-a470-cc86-b4894c6d2148" executionId="d51c06a8-c3a1-45cb-85c1-2f91a1b2ff30" testListId="8c84fa94-04c1-424b-9868-57a2d4851a1d" />
    <TestEntry testId="8e838d6f-9013-b6c9-6b0d-69f088ab17b5" executionId="08337f49-ad06-4159-8048-59ee33694e7e" testListId="8c84fa94-04c1-424b-9868-57a2d4851a1d" />
    <TestEntry testId="84d16e8a-8951-d3b7-fd1b-9fc5023ec53d" executionId="eaa81c6e-65bc-4082-958d-b382febf3e0d" testListId="8c84fa94-04c1-424b-9868-57a2d4851a1d" />
    <TestEntry testId="5454b93f-f904-d9e7-166b-2ef721050b58" executionId="526bdaba-9aca-43c7-adaf-eac55c0ff3c7" testListId="8c84fa94-04c1-424b-9868-57a2d4851a1d" />
    <TestEntry testId="94fdcd30-3e4f-8171-8256-05a8b0016ff8" executionId="0e87b5d2-26a4-4835-aa45-49d771f2b47b" testListId="8c84fa94-04c1-424b-9868-57a2d4851a1d" />
    <TestEntry testId="a68df03d-f736-aeb8-5de1-b24ebd63ddc0" executionId="050ef004-4ecd-467c-88e7-e09dcc8000b2" testListId="8c84fa94-04c1-424b-9868-57a2d4851a1d" />
    <TestEntry testId="855a9391-7482-1028-9412-8d7011bd04ab" executionId="a90598fd-340e-4472-b3e3-8c807c08ef75" testListId="8c84fa94-04c1-424b-9868-57a2d4851a1d" />
    <TestEntry testId="dca894ac-8f16-fd39-fc60-dd4ce72aec7d" executionId="7a9c2ba0-c266-4d57-ad68-358c188adcc3" testListId="8c84fa94-04c1-424b-9868-57a2d4851a1d" />
    <TestEntry testId="edf4e059-b275-2d02-fb3e-e3137e51bbb2" executionId="3497b7c6-4f34-4005-8523-5a94ba80272d" testListId="8c84fa94-04c1-424b-9868-57a2d4851a1d" />
    <TestEntry testId="7010153b-1fd2-4f6e-ef06-15513d771b1e" executionId="fa451529-28ac-4acd-a723-7341590700a7" testListId="8c84fa94-04c1-424b-9868-57a2d4851a1d" />
    <TestEntry testId="8446860b-fdcd-bb9b-8aa3-c2d0634fcb23" executionId="769ef070-c321-42c5-8102-72762324ac63" testListId="8c84fa94-04c1-424b-9868-57a2d4851a1d" />
    <TestEntry testId="239ba6a3-059a-b6ff-54b5-a45f8d13bbf1" executionId="2f52a8b4-9e18-4caf-a58b-043e45a0f400" testListId="8c84fa94-04c1-424b-9868-57a2d4851a1d" />
    <TestEntry testId="9dbfaa99-dbe4-cb10-dc7e-5d613d85df6f" executionId="17e90605-731f-4592-91a3-9c4002db19e8" testListId="8c84fa94-04c1-424b-9868-57a2d4851a1d" />
    <TestEntry testId="8b94c550-6f8f-0222-a1b6-6745267d0984" executionId="c8264a72-2a50-4521-91cc-a1561f41d966" testListId="8c84fa94-04c1-424b-9868-57a2d4851a1d" />
    <TestEntry testId="0e70bcc0-c401-2a46-9c22-5cb168c29091" executionId="f8275962-706d-4700-b0db-d718f885e0f6" testListId="8c84fa94-04c1-424b-9868-57a2d4851a1d" />
    <TestEntry testId="92fb149e-4893-b3a6-b415-9ac6eb0c8dc1" executionId="36555474-fffc-4ddb-bbbd-a080efc9cd62" testListId="8c84fa94-04c1-424b-9868-57a2d4851a1d" />
    <TestEntry testId="e6ffaff1-d7e4-c585-f339-2d4d39faa960" executionId="08dc2a73-5ff1-45f9-b59e-03c81153a391" testListId="8c84fa94-04c1-424b-9868-57a2d4851a1d" />
    <TestEntry testId="720b2de4-b7e1-0e44-4f77-94bdb3c19aae" executionId="3a6ddf0b-05ac-4b51-84f0-5a63a935dc41" testListId="8c84fa94-04c1-424b-9868-57a2d4851a1d" />
    <TestEntry testId="12bf7871-c816-5c06-6f7c-320a4d33f2cd" executionId="0a4e48cb-fa3d-4bde-b1e2-ee594c367791" testListId="8c84fa94-04c1-424b-9868-57a2d4851a1d" />
    <TestEntry testId="8ef07768-a386-d17d-7254-f2bf859c8bbf" executionId="95c70b1d-804f-4dcd-9ae9-6e7096b05835" testListId="8c84fa94-04c1-424b-9868-57a2d4851a1d" />
    <TestEntry testId="212eb063-1d20-8bdf-482a-29ab8dd94bd1" executionId="da58a3d8-e785-49ba-817d-3e0c84af5e6e" testListId="8c84fa94-04c1-424b-9868-57a2d4851a1d" />
    <TestEntry testId="1a7090de-483c-f75d-948f-8dfbf47331c3" executionId="eaf509e5-c811-4901-9f43-c0c48ec6dd24" testListId="8c84fa94-04c1-424b-9868-57a2d4851a1d" />
    <TestEntry testId="407e3d5c-c848-6e73-5d0d-5dcecd92f154" executionId="4ef8b0ec-cb1a-42ba-bf63-b8849b9761ed" testListId="8c84fa94-04c1-424b-9868-57a2d4851a1d" />
  </TestEntries>
  <TestLists>
    <TestList name="Results Not in a List" id="8c84fa94-04c1-424b-9868-57a2d4851a1d" />
    <TestList name="All Loaded Results" id="19431567-8539-422a-85d7-44ee4e166bda" />
  </TestLists>
  <ResultSummary outcome="Completed">
    <Counters total="29" executed="29" passed="29" failed="0" error="0" timeout="0" aborted="0" inconclusive="0" passedButRunAborted="0" notRunnable="0" notExecuted="0" disconnected="0" warning="0" completed="0" inProgress="0" pending="0" />
  </ResultSummary>
</TestRun>