<?xml version="1.0" encoding="utf-8"?>
<TestRun id="e21e87ad-ea46-4b06-81ca-625b0379a8f2" name="DKSR-EFI-06$@DKSR-EFI-06 2024-01-09 15:41:58" runUser="NT AUTHORITY\NETWORK SERVICE" xmlns="http://microsoft.com/schemas/VisualStudio/TeamTest/2010">
  <Times creation="2024-01-09T15:41:58.1852109+01:00" queuing="2024-01-09T15:41:58.1852109+01:00" start="2024-01-09T15:41:47.1226661+01:00" finish="2024-01-09T15:42:40.1696437+01:00" />
  <TestSettings name="default" id="5bb4d51a-edb7-4e9b-9e60-11f8b1e80301">
    <Deployment runDeploymentRoot="DKSR-EFI-06$_DKSR-EFI-06_2024-01-09_15_41_58" />
  </TestSettings>
  <Results>
    <UnitTestResult executionId="7a8ed2c6-2347-4e18-8638-03ae3517b7dd" testId="0310679b-97d1-3985-df48-7100e36612f8" testName="PtzManager_CenterOnPositionInView_Success" computerName="DKSR-EFI-06" duration="00:00:00.0010235" startTime="2024-01-09T15:42:38.2008828+01:00" endTime="2024-01-09T15:42:38.2008828+01:00" testType="13cdc9d9-ddb5-4fa4-a97d-d965ccfc6d4b" outcome="Passed" testListId="8c84fa94-04c1-424b-9868-57a2d4851a1d" relativeResultsDirectory="7a8ed2c6-2347-4e18-8638-03ae3517b7dd" />
    <UnitTestResult executionId="b1c81dc1-5f19-47c0-a934-b77dd044e77f" testId="a8dba998-c070-d486-4557-5b506a41a400" testName="CheckExternalRecorderRegistrationCommandHandler_Execute_HardwareNotStarted_ErrorResponse" computerName="DKSR-EFI-06" duration="00:00:00.0006377" startTime="2024-01-09T15:42:30.8883401+01:00" endTime="2024-01-09T15:42:30.8883401+01:00" testType="13cdc9d9-ddb5-4fa4-a97d-d965ccfc6d4b" outcome="Passed" testListId="8c84fa94-04c1-424b-9868-57a2d4851a1d" relativeResultsDirectory="b1c81dc1-5f19-47c0-a934-b77dd044e77f" />
    <UnitTestResult executionId="ded4f135-7b15-4b49-a37b-ee62ca997032" testId="b1e99fad-9712-752b-8a64-8111d141c044" testName="MediaDbConfigurationWriter_WriteDeviceTableConfiguration_Cam" computerName="DKSR-EFI-06" duration="00:00:00.0011948" startTime="2024-01-09T15:42:30.3883396+01:00" endTime="2024-01-09T15:42:30.3883396+01:00" testType="13cdc9d9-ddb5-4fa4-a97d-d965ccfc6d4b" outcome="Passed" testListId="8c84fa94-04c1-424b-9868-57a2d4851a1d" relativeResultsDirectory="ded4f135-7b15-4b49-a37b-ee62ca997032" />
    <UnitTestResult executionId="715cd084-072b-4a59-a8f9-d923104f5074" testId="7ba891e1-f5eb-63d5-7af3-2ab067b2d9d6" testName="SetupInitialHardwareUserCommandHandler_Execute_NullOrIncorrectArgs_Throw" computerName="DKSR-EFI-06" duration="00:00:00.0089879" startTime="2024-01-09T15:42:36.9667190+01:00" endTime="2024-01-09T15:42:36.9821262+01:00" testType="13cdc9d9-ddb5-4fa4-a97d-d965ccfc6d4b" outcome="Passed" testListId="8c84fa94-04c1-424b-9868-57a2d4851a1d" relativeResultsDirectory="715cd084-072b-4a59-a8f9-d923104f5074">
      <Output>
        <StdOut>Debug Trace:&#xD;
Fail: Command/Command handler type mismatch&#xD;
Fail: Command/Command handler type mismatch&#xD;
Fail: Argument null.</StdOut>
      </Output>
    </UnitTestResult>
    <UnitTestResult executionId="dd55c10e-e3d6-4e60-b81f-d62556ff7b4a" testId="cdb445e5-ab59-b045-c3a9-f1d286cd8378" testName="FullStatusAlgorithm_EvaluateFullStatusRequired_NoKeepAlive_Success" computerName="DKSR-EFI-06" duration="00:00:00.0015419" startTime="2024-01-09T15:42:19.4352565+01:00" endTime="2024-01-09T15:42:19.4352565+01:00" testType="13cdc9d9-ddb5-4fa4-a97d-d965ccfc6d4b" outcome="Passed" testListId="8c84fa94-04c1-424b-9868-57a2d4851a1d" relativeResultsDirectory="dd55c10e-e3d6-4e60-b81f-d62556ff7b4a" />
    <UnitTestResult executionId="702ee731-87dc-4c83-bfd3-ddbbc047baed" testId="cae8c1d1-a0d0-db92-4110-9d76790ccba1" testName="Dispose_DoesNotThrowException_OnNullAsTask" computerName="DKSR-EFI-06" duration="00:00:00.0003565" startTime="2024-01-09T15:42:19.1383367+01:00" endTime="2024-01-09T15:42:19.1383367+01:00" testType="13cdc9d9-ddb5-4fa4-a97d-d965ccfc6d4b" outcome="Passed" testListId="8c84fa94-04c1-424b-9868-57a2d4851a1d" relativeResultsDirectory="702ee731-87dc-4c83-bfd3-ddbbc047baed" />
    <UnitTestResult executionId="0203aabe-ecfc-447e-8b86-50563a81c54a" testId="1c7b6330-6152-d71c-47ca-924e0fc45bef" testName="ChangeHardwarePasswordCommandHandler_Execute_HardwareNotFound_Fails" computerName="DKSR-EFI-06" duration="00:00:00.0007089" startTime="2024-01-09T15:42:30.7164639+01:00" endTime="2024-01-09T15:42:30.7164639+01:00" testType="13cdc9d9-ddb5-4fa4-a97d-d965ccfc6d4b" outcome="Passed" testListId="8c84fa94-04c1-424b-9868-57a2d4851a1d" relativeResultsDirectory="0203aabe-ecfc-447e-8b86-50563a81c54a" />
    <UnitTestResult executionId="1d39c7fb-d985-41a7-9d4f-8c21a1645990" testId="950083e0-5b85-a336-781d-51aea309931a" testName="RecStorage_Startup_AllowStart_KeepFailing_Ok" computerName="DKSR-EFI-06" duration="00:00:00.1412910" startTime="2024-01-09T15:42:18.0289599+01:00" endTime="2024-01-09T15:42:18.1695839+01:00" testType="13cdc9d9-ddb5-4fa4-a97d-d965ccfc6d4b" outcome="Passed" testListId="8c84fa94-04c1-424b-9868-57a2d4851a1d" relativeResultsDirectory="1d39c7fb-d985-41a7-9d4f-8c21a1645990" />
    <UnitTestResult executionId="c2588d0a-1f27-4c18-938d-88df8b8f6a8f" testId="ad601ddf-dc98-e045-4ff8-ebd544618780" testName="PrepareMoveHardwareCommandHandler_Constructor_RecorderEnvironmentNull_ArgumentNullException" computerName="DKSR-EFI-06" duration="00:00:00.0048804" startTime="2024-01-09T15:42:34.6383655+01:00" endTime="2024-01-09T15:42:34.6383655+01:00" testType="13cdc9d9-ddb5-4fa4-a97d-d965ccfc6d4b" outcome="Passed" testListId="8c84fa94-04c1-424b-9868-57a2d4851a1d" relativeResultsDirectory="c2588d0a-1f27-4c18-938d-88df8b8f6a8f">
      <Output>
        <StdOut>Debug Trace:&#xD;
Fail: Argument null</StdOut>
      </Output>
    </UnitTestResult>
    <UnitTestResult executionId="a150e9d4-fd43-41f9-8ed0-438600dd99ed" testId="7bdeb1e0-7261-55ac-818f-aa363b294229" testName="SmartSearchHandlerSimpleBackwardTestAllHits" computerName="DKSR-EFI-06" duration="00:00:00.0043080" startTime="2024-01-09T15:42:17.6227083+01:00" endTime="2024-01-09T15:42:17.6383350+01:00" testType="13cdc9d9-ddb5-4fa4-a97d-d965ccfc6d4b" outcome="Passed" testListId="8c84fa94-04c1-424b-9868-57a2d4851a1d" relativeResultsDirectory="a150e9d4-fd43-41f9-8ed0-438600dd99ed" />
    <UnitTestResult executionId="d74816ff-f395-413b-8fdb-1f6cdb3e1da4" testId="91e99c22-18c5-1f77-6ea4-73a281b24478" testName="DatabaseTaskCommandHandler_EmptyDevice_EmptyTableException_Failure" computerName="DKSR-EFI-06" duration="00:00:00.0016266" startTime="2024-01-09T15:42:31.2633405+01:00" endTime="2024-01-09T15:42:31.2789634+01:00" testType="13cdc9d9-ddb5-4fa4-a97d-d965ccfc6d4b" outcome="Passed" testListId="8c84fa94-04c1-424b-9868-57a2d4851a1d" relativeResultsDirectory="d74816ff-f395-413b-8fdb-1f6cdb3e1da4" />
    <UnitTestResult executionId="f15f21df-faf0-44ee-a8d3-403cfd2471df" testId="ee4cd58e-8c19-0252-2f35-6808dd995c79" testName="CheckDeleteDeviceMediaCommandHandler_AlreadyRunningNoActionRunRequestsIncremented" computerName="DKSR-EFI-06" duration="00:00:00.0002297" startTime="2024-01-09T15:42:30.8102130+01:00" endTime="2024-01-09T15:42:30.8102130+01:00" testType="13cdc9d9-ddb5-4fa4-a97d-d965ccfc6d4b" outcome="Passed" testListId="8c84fa94-04c1-424b-9868-57a2d4851a1d" relativeResultsDirectory="f15f21df-faf0-44ee-a8d3-403cfd2471df" />
    <UnitTestResult executionId="69041bbd-a945-4b03-995c-44832450a964" testId="78749a40-6b98-b6dc-54de-2728268826cc" testName="SOAPCommandRequestHandler_ExecuteFunction_HandlePTZDeactivatePatrollingSchema_No_Security" computerName="DKSR-EFI-06" duration="00:00:00.0019653" startTime="2024-01-09T15:42:16.5445815+01:00" endTime="2024-01-09T15:42:16.5445815+01:00" testType="13cdc9d9-ddb5-4fa4-a97d-d965ccfc6d4b" outcome="Passed" testListId="8c84fa94-04c1-424b-9868-57a2d4851a1d" relativeResultsDirectory="69041bbd-a945-4b03-995c-44832450a964" />
    <UnitTestResult executionId="62b876b6-339f-4010-943a-c7ac4c238336" testId="2af9ef9c-9649-cbbf-8f5c-39f4b3056be4" testName="ResolveIdAndMessage_MediaDatabaseEvents_WithBankMetaData" computerName="DKSR-EFI-06" duration="00:00:00.0215495" startTime="2024-01-09T15:42:17.9820831+01:00" endTime="2024-01-09T15:42:18.0133335+01:00" testType="13cdc9d9-ddb5-4fa4-a97d-d965ccfc6d4b" outcome="Passed" testListId="8c84fa94-04c1-424b-9868-57a2d4851a1d" relativeResultsDirectory="62b876b6-339f-4010-943a-c7ac4c238336" />
    <UnitTestResult executionId="ee5106ad-7976-4610-94cd-51e71b005f9e" testId="a1776dc1-f5b3-b5d1-57c5-7db2cdbddfaf" testName="PtzManagerDataHolder_RemoveSchema_Not_Exists" computerName="DKSR-EFI-06" duration="00:00:00.0004010" startTime="2024-01-09T15:42:37.1540023+01:00" endTime="2024-01-09T15:42:37.1540023+01:00" testType="13cdc9d9-ddb5-4fa4-a97d-d965ccfc6d4b" outcome="Passed" testListId="8c84fa94-04c1-424b-9868-57a2d4851a1d" relativeResultsDirectory="ee5106ad-7976-4610-94cd-51e71b005f9e" />
    <UnitTestResult executionId="122df17a-55ef-45b9-848d-0f0721088abe" testId="4fe2e139-68fb-bfd9-5717-72ea3bda9da0" testName="GetHardwareUsersCommandHandler_Execute_GetUserList_ThrowsUnknownResult_Errors" computerName="DKSR-EFI-06" duration="00:00:00.0008135" startTime="2024-01-09T15:42:33.1227330+01:00" endTime="2024-01-09T15:42:33.1227330+01:00" testType="13cdc9d9-ddb5-4fa4-a97d-d965ccfc6d4b" outcome="Passed" testListId="8c84fa94-04c1-424b-9868-57a2d4851a1d" relativeResultsDirectory="122df17a-55ef-45b9-848d-0f0721088abe" />
    <UnitTestResult executionId="334c50af-9993-44b3-ac42-0149acba8cd4" testId="644a4da9-2c44-507c-8737-52c2ef8b7566" testName="DatabaseoperationCommandhandler_DiskUsageInformationTablesPerStorage_SomeFails" computerName="DKSR-EFI-06" duration="00:00:00.0047448" startTime="2024-01-09T15:42:31.1383403+01:00" endTime="2024-01-09T15:42:31.1383403+01:00" testType="13cdc9d9-ddb5-4fa4-a97d-d965ccfc6d4b" outcome="Passed" testListId="8c84fa94-04c1-424b-9868-57a2d4851a1d" relativeResultsDirectory="334c50af-9993-44b3-ac42-0149acba8cd4" />
    <UnitTestResult executionId="bbf320ec-5e23-41eb-ab8b-cbc6d6f397eb" testId="a5923c92-92b0-3589-1ffd-8d5625e8f7c8" testName="AddHardwareUserCommandHandler_Execute_HardwareNotEnabled_Errors" computerName="DKSR-EFI-06" duration="00:00:00.0006857" startTime="2024-01-09T15:42:30.6227143+01:00" endTime="2024-01-09T15:42:30.6227143+01:00" testType="13cdc9d9-ddb5-4fa4-a97d-d965ccfc6d4b" outcome="Passed" testListId="8c84fa94-04c1-424b-9868-57a2d4851a1d" relativeResultsDirectory="bbf320ec-5e23-41eb-ab8b-cbc6d6f397eb" />
    <UnitTestResult executionId="a513f1aa-742d-46eb-8498-03c8f2779bae" testId="3714ded7-c269-e338-b793-f93faddd2b7c" testName="ConfigurationDatasetHolder_ApplyTableDistribution_WithDistributions_Success" computerName="DKSR-EFI-06" duration="00:00:00.0314011" startTime="2024-01-09T15:41:59.2320877+01:00" endTime="2024-01-09T15:41:59.2633372+01:00" testType="13cdc9d9-ddb5-4fa4-a97d-d965ccfc6d4b" outcome="Passed" testListId="8c84fa94-04c1-424b-9868-57a2d4851a1d" relativeResultsDirectory="a513f1aa-742d-46eb-8498-03c8f2779bae" />
    <UnitTestResult executionId="8ab5dc28-cd45-4772-8304-995ae26bfbeb" testId="47f76e92-fc6c-f7c0-c870-9743a5a037d3" testName="SOAPCommandRequestHandler_ExecuteFunction_HandleSmartSearchStart_Success_SearchIntervalLessThan1000" computerName="DKSR-EFI-06" duration="00:00:00.0062901" startTime="2024-01-09T15:42:15.6227065+01:00" endTime="2024-01-09T15:42:15.6227065+01:00" testType="13cdc9d9-ddb5-4fa4-a97d-d965ccfc6d4b" outcome="Passed" testListId="8c84fa94-04c1-424b-9868-57a2d4851a1d" relativeResultsDirectory="8ab5dc28-cd45-4772-8304-995ae26bfbeb" />
    <UnitTestResult executionId="45076777-8456-4306-afc6-913078554a19" testId="1ba2ccec-c45f-8687-a151-4bdd1def69bc" testName="PtzManualSession_OnBeforeSessionExpired_Success" computerName="DKSR-EFI-06" duration="00:00:00.0011329" startTime="2024-01-09T15:42:38.4508818+01:00" endTime="2024-01-09T15:42:38.4508818+01:00" testType="13cdc9d9-ddb5-4fa4-a97d-d965ccfc6d4b" outcome="Passed" testListId="8c84fa94-04c1-424b-9868-57a2d4851a1d" relativeResultsDirectory="45076777-8456-4306-afc6-913078554a19">
      <Output>
        <StdOut>Debug Trace:&#xD;
VideoOS.Recorder.PtzManualSession session started&#xD;
PTZ ManualSession START(), priority = 2147483647, Identity = \&#xD;
VideoOS.Recorder.PtzManualSession session, OnBeforeSessionExpired&#xD;
VideoOS.Recorder.PtzManualSession session, OnBeforeSessionExpired</StdOut>
      </Output>
    </UnitTestResult>
    <UnitTestResult executionId="a4bc4a39-8def-43cb-b033-52bb4bcb94f8" testId="7ffdf863-547e-af5e-1006-f11cf1deb01d" testName="PtzStopSessionCommandHandler_Execute_PtzException_PtzSessionNotRunning" computerName="DKSR-EFI-06" duration="00:00:00.0004301" startTime="2024-01-09T15:42:36.3571227+01:00" endTime="2024-01-09T15:42:36.3571227+01:00" testType="13cdc9d9-ddb5-4fa4-a97d-d965ccfc6d4b" outcome="Passed" testListId="8c84fa94-04c1-424b-9868-57a2d4851a1d" relativeResultsDirectory="a4bc4a39-8def-43cb-b033-52bb4bcb94f8" />
    <UnitTestResult executionId="44ceb003-df6e-4693-b3f2-16162239cb48" testId="940748a7-bb76-f111-5184-b99a90027494" testName="PtzManager_ForceReleasePtzSession_Success" computerName="DKSR-EFI-06" duration="00:00:00.0023129" startTime="2024-01-09T15:42:38.3258832+01:00" endTime="2024-01-09T15:42:38.3258832+01:00" testType="13cdc9d9-ddb5-4fa4-a97d-d965ccfc6d4b" outcome="Passed" testListId="8c84fa94-04c1-424b-9868-57a2d4851a1d" relativeResultsDirectory="44ceb003-df6e-4693-b3f2-16162239cb48" />
    <UnitTestResult executionId="f8848980-77f0-4358-ab17-343cff794ec5" testId="4821854b-98d2-c5d1-adfd-f798142d808d" testName="PtzReserveSessionCommandHandler_Execute_PtzException_DeviceNotReady" computerName="DKSR-EFI-06" duration="00:00:00.0004600" startTime="2024-01-09T15:42:36.2946725+01:00" endTime="2024-01-09T15:42:36.2946725+01:00" testType="13cdc9d9-ddb5-4fa4-a97d-d965ccfc6d4b" outcome="Passed" testListId="8c84fa94-04c1-424b-9868-57a2d4851a1d" relativeResultsDirectory="f8848980-77f0-4358-ab17-343cff794ec5" />
    <UnitTestResult executionId="d4c07595-10e8-4e88-b78f-b7fcbcebd002" testId="99715795-fe07-63f7-96e6-b7d70cc585d2" testName="CheckExternalRecorderRegistrationCommandHandler_Execute_HardwareId_Empty_Throws" computerName="DKSR-EFI-06" duration="00:00:00.0010274" startTime="2024-01-09T15:42:30.8727158+01:00" endTime="2024-01-09T15:42:30.8727158+01:00" testType="13cdc9d9-ddb5-4fa4-a97d-d965ccfc6d4b" outcome="Passed" testListId="8c84fa94-04c1-424b-9868-57a2d4851a1d" relativeResultsDirectory="d4c07595-10e8-4e88-b78f-b7fcbcebd002">
      <Output>
        <StdOut>Debug Trace:&#xD;
Fail: Hardware ID cannot be empty.</StdOut>
      </Output>
    </UnitTestResult>
    <UnitTestResult executionId="e890def4-6de3-4778-9c36-88e7ab7f583a" testId="5452fb0d-baa3-2633-b1f5-73b1c7fb2b59" testName="UpdateHardwareStateTrue_StartHardware_EngineNotStarted_HardwareNotStarting" computerName="DKSR-EFI-06" duration="00:00:00.0060890" startTime="2024-01-09T15:42:37.0915001+01:00" endTime="2024-01-09T15:42:37.1071273+01:00" testType="13cdc9d9-ddb5-4fa4-a97d-d965ccfc6d4b" outcome="Passed" testListId="8c84fa94-04c1-424b-9868-57a2d4851a1d" relativeResultsDirectory="e890def4-6de3-4778-9c36-88e7ab7f583a" />
    <UnitTestResult executionId="b7bf7b48-e861-4b3d-9aeb-86c9af821539" testId="b45094a2-1a27-9c40-2145-2594e3d53bf7" testName="CheckForLiveAndOrphanTables_CreateMissingTable" computerName="DKSR-EFI-06" duration="00:00:00.0055963" startTime="2024-01-09T15:42:18.2789613+01:00" endTime="2024-01-09T15:42:18.2945834+01:00" testType="13cdc9d9-ddb5-4fa4-a97d-d965ccfc6d4b" outcome="Passed" testListId="8c84fa94-04c1-424b-9868-57a2d4851a1d" relativeResultsDirectory="b7bf7b48-e861-4b3d-9aeb-86c9af821539" />
    <UnitTestResult executionId="3493c452-8d31-4a81-9163-b3c1b06f4694" testId="c4df3de5-f8fd-2494-5f7d-fc0b843fc0ca" testName="PtzPatrollingSessionBase_Stop_Success" computerName="DKSR-EFI-06" duration="00:00:00.0013735" startTime="2024-01-09T15:42:38.4977595+01:00" endTime="2024-01-09T15:42:38.4977595+01:00" testType="13cdc9d9-ddb5-4fa4-a97d-d965ccfc6d4b" outcome="Passed" testListId="8c84fa94-04c1-424b-9868-57a2d4851a1d" relativeResultsDirectory="3493c452-8d31-4a81-9163-b3c1b06f4694">
      <Output>
        <StdOut>Debug Trace:&#xD;
VideoOS.Recorder.PtzPatrollingSession session started&#xD;
VideoOS.Recorder.PtzPatrollingSession session stopped</StdOut>
      </Output>
    </UnitTestResult>
    <UnitTestResult executionId="bb508658-4c44-4d07-ba9b-2fa31ed79806" testId="68ec20e4-a52b-416a-af79-b921d11ca318" testName="PtzManager_PtzReserveSession_NoController" computerName="DKSR-EFI-06" duration="00:00:00.0019252" startTime="2024-01-09T15:42:38.2477589+01:00" endTime="2024-01-09T15:42:38.2477589+01:00" testType="13cdc9d9-ddb5-4fa4-a97d-d965ccfc6d4b" outcome="Passed" testListId="8c84fa94-04c1-424b-9868-57a2d4851a1d" relativeResultsDirectory="bb508658-4c44-4d07-ba9b-2fa31ed79806" />
    <UnitTestResult executionId="4454b877-c405-4bc9-bed5-65357132c4f2" testId="d340d675-637b-e4f2-8693-174aad068536" testName="TestStatistics20SecLast10SecUsed" computerName="DKSR-EFI-06" duration="00:00:00.0010541" startTime="2024-01-09T15:42:19.3570866+01:00" endTime="2024-01-09T15:42:19.3727108+01:00" testType="13cdc9d9-ddb5-4fa4-a97d-d965ccfc6d4b" outcome="Passed" testListId="8c84fa94-04c1-424b-9868-57a2d4851a1d" relativeResultsDirectory="4454b877-c405-4bc9-bed5-65357132c4f2" />
    <UnitTestResult executionId="12bcba77-7e48-46b4-8f81-451e3eb5d26f" testId="c6d95831-9453-6384-26f9-4e0968c83fbf" testName="PtzReserveSession_ModelIsValid_CommandExecuted" computerName="DKSR-EFI-06" duration="00:00:00.0016978" startTime="2024-01-09T15:42:02.6695431+01:00" endTime="2024-01-09T15:42:02.6695431+01:00" testType="13cdc9d9-ddb5-4fa4-a97d-d965ccfc6d4b" outcome="Passed" testListId="8c84fa94-04c1-424b-9868-57a2d4851a1d" relativeResultsDirectory="12bcba77-7e48-46b4-8f81-451e3eb5d26f" />
    <UnitTestResult executionId="755d0482-7da6-4ba0-ad19-13e2b0a13217" testId="6d362d99-5767-d5fe-b451-043dbe90ec01" testName="GetNetworkConfigurationCommandHandler_Execute_NoMatchingMac_Errors" computerName="DKSR-EFI-06" duration="00:00:00.0014495" startTime="2024-01-09T15:42:33.2008539+01:00" endTime="2024-01-09T15:42:33.2008539+01:00" testType="13cdc9d9-ddb5-4fa4-a97d-d965ccfc6d4b" outcome="Passed" testListId="8c84fa94-04c1-424b-9868-57a2d4851a1d" relativeResultsDirectory="755d0482-7da6-4ba0-ad19-13e2b0a13217" />
    <UnitTestResult executionId="375a18fa-51d3-4e67-8a41-bc2cd68c8288" testId="ff6df7b0-23d8-0454-b1e5-5d8debd02a40" testName="PtzReserveSessionCommandHandler_Execute_Preset_Not_Supported" computerName="DKSR-EFI-06" duration="00:00:00.0010304" startTime="2024-01-09T15:42:36.2789978+01:00" endTime="2024-01-09T15:42:36.2789978+01:00" testType="13cdc9d9-ddb5-4fa4-a97d-d965ccfc6d4b" outcome="Passed" testListId="8c84fa94-04c1-424b-9868-57a2d4851a1d" relativeResultsDirectory="375a18fa-51d3-4e67-8a41-bc2cd68c8288" />
    <UnitTestResult executionId="e46b4a77-2207-4e99-b084-ca738216f12e" testId="c14b9dfb-90db-75bb-6d49-a17a5def646b" testName="SOAPCommandRequestHandler_ExecuteFunction_HandlePTZCenter_No_Security" computerName="DKSR-EFI-06" duration="00:00:00.0108930" startTime="2024-01-09T15:42:16.2008343+01:00" endTime="2024-01-09T15:42:16.2164607+01:00" testType="13cdc9d9-ddb5-4fa4-a97d-d965ccfc6d4b" outcome="Passed" testListId="8c84fa94-04c1-424b-9868-57a2d4851a1d" relativeResultsDirectory="e46b4a77-2207-4e99-b084-ca738216f12e" />
    <UnitTestResult executionId="ff61af08-0704-43cb-806b-ef8607f30bd3" testId="bae4bf30-d54e-365b-115e-dae023a4a64c" testName="PrepareMoveHardwareCommand_IsNull_BadRequestResult" computerName="DKSR-EFI-06" duration="00:00:00.0020432" startTime="2024-01-09T15:42:02.6382920+01:00" endTime="2024-01-09T15:42:02.6382920+01:00" testType="13cdc9d9-ddb5-4fa4-a97d-d965ccfc6d4b" outcome="Passed" testListId="8c84fa94-04c1-424b-9868-57a2d4851a1d" relativeResultsDirectory="ff61af08-0704-43cb-806b-ef8607f30bd3" />
    <UnitTestResult executionId="0cf595ae-6740-4df4-8e6b-a9cc035bf83f" testId="224d503b-b9e4-dbf2-1ef6-b28e2657c9e9" testName="GetRecorderTasksWithPendingStop_InternalStateStartedWithIncompatibleServer_ReturnsEmptyArray" computerName="DKSR-EFI-06" duration="00:00:00.0013261" startTime="2024-01-09T15:42:02.2632957+01:00" endTime="2024-01-09T15:42:02.2632957+01:00" testType="13cdc9d9-ddb5-4fa4-a97d-d965ccfc6d4b" outcome="Passed" testListId="8c84fa94-04c1-424b-9868-57a2d4851a1d" relativeResultsDirectory="0cf595ae-6740-4df4-8e6b-a9cc035bf83f" />
    <UnitTestResult executionId="c7e0a996-4f14-4c1c-aae4-0cbe0f883aab" testId="da5ac089-d6b1-ac16-b168-df80354fb9b1" testName="EvidenceLockOnOldRecorderCommandHandler_AddEvidenceLock_DeviceTrackDoesNotExists" computerName="DKSR-EFI-06" duration="00:00:00.0005004" startTime="2024-01-09T15:42:31.8102163+01:00" endTime="2024-01-09T15:42:31.8102163+01:00" testType="13cdc9d9-ddb5-4fa4-a97d-d965ccfc6d4b" outcome="Passed" testListId="8c84fa94-04c1-424b-9868-57a2d4851a1d" relativeResultsDirectory="c7e0a996-4f14-4c1c-aae4-0cbe0f883aab" />
    <UnitTestResult executionId="baa3fae0-6e1b-4788-ad78-edfa7d9eb780" testId="f74556d0-5411-c6c3-6583-91ccf0b8d5b8" testName="SetConfigRecordRelatedWhileRecordingCamera" computerName="DKSR-EFI-06" duration="00:00:00.0007782" startTime="2024-01-09T15:42:19.1852087+01:00" endTime="2024-01-09T15:42:19.1852087+01:00" testType="13cdc9d9-ddb5-4fa4-a97d-d965ccfc6d4b" outcome="Passed" testListId="8c84fa94-04c1-424b-9868-57a2d4851a1d" relativeResultsDirectory="baa3fae0-6e1b-4788-ad78-edfa7d9eb780" />
    <UnitTestResult executionId="008d5ade-a2bc-4d6a-a9ab-4afd7d091905" testId="9068db29-17b2-595d-773e-3b64e5b1b90a" testName="TimeRangeConversionRangeSpansStartAndEndTimeExactly" computerName="DKSR-EFI-06" duration="00:00:00.0003442" startTime="2024-01-09T15:42:29.8727151+01:00" endTime="2024-01-09T15:42:29.8727151+01:00" testType="13cdc9d9-ddb5-4fa4-a97d-d965ccfc6d4b" outcome="Passed" testListId="8c84fa94-04c1-424b-9868-57a2d4851a1d" relativeResultsDirectory="008d5ade-a2bc-4d6a-a9ab-4afd7d091905" />
    <UnitTestResult executionId="2592a472-e742-4a93-a65b-1438cf62ac72" testId="5a7b28aa-274c-83de-849a-46605f2be5a8" testName="PtzManualSession_Constructor_Success" computerName="DKSR-EFI-06" duration="00:00:00.0013634" startTime="2024-01-09T15:42:38.4040082+01:00" endTime="2024-01-09T15:42:38.4196367+01:00" testType="13cdc9d9-ddb5-4fa4-a97d-d965ccfc6d4b" outcome="Passed" testListId="8c84fa94-04c1-424b-9868-57a2d4851a1d" relativeResultsDirectory="2592a472-e742-4a93-a65b-1438cf62ac72" />
    <UnitTestResult executionId="d1c30ab1-4fc8-4581-8b23-4fdd65e9802e" testId="8af5dfa4-e1b3-e2c1-2223-e9c384460b66" testName="GetAbsolutePtzPosition_ModelIsNull_BadRequestResult" computerName="DKSR-EFI-06" duration="00:00:00.0014493" startTime="2024-01-09T15:42:02.7007906+01:00" endTime="2024-01-09T15:42:02.7007906+01:00" testType="13cdc9d9-ddb5-4fa4-a97d-d965ccfc6d4b" outcome="Passed" testListId="8c84fa94-04c1-424b-9868-57a2d4851a1d" relativeResultsDirectory="d1c30ab1-4fc8-4581-8b23-4fdd65e9802e" />
    <UnitTestResult executionId="c2044414-2a77-47e7-90bb-db1b5e304d43" testId="9c4407fe-179e-266d-a653-867b9bfb8713" testName="DiffGramToApplyToOrigionalDataSetToMakeItIdenticalWithNewDataSet_HandleModifiedRows" computerName="DKSR-EFI-06" duration="00:00:00.0253517" startTime="2024-01-09T15:42:00.4508421+01:00" endTime="2024-01-09T15:42:00.4820956+01:00" testType="13cdc9d9-ddb5-4fa4-a97d-d965ccfc6d4b" outcome="Passed" testListId="8c84fa94-04c1-424b-9868-57a2d4851a1d" relativeResultsDirectory="c2044414-2a77-47e7-90bb-db1b5e304d43" />
    <UnitTestResult executionId="ea66c377-bf33-4411-9097-d8ecd7ce333b" testId="315e97d1-1330-f212-eec9-b5651f1f7e0f" testName="GetScanResult_AfterStopCalled_ShouldReturnCompleted" computerName="DKSR-EFI-06" duration="00:00:00.1027238" startTime="2024-01-09T15:42:29.6695891+01:00" endTime="2024-01-09T15:42:29.7633383+01:00" testType="13cdc9d9-ddb5-4fa4-a97d-d965ccfc6d4b" outcome="Passed" testListId="8c84fa94-04c1-424b-9868-57a2d4851a1d" relativeResultsDirectory="ea66c377-bf33-4411-9097-d8ecd7ce333b" />
    <UnitTestResult executionId="c9c09bca-c16a-4445-9f9a-873d48239ec4" testId="839827ff-4a27-06ff-ccdf-958e7d26c314" testName="FullStatusAlgorithm_EvaluateFullStatusRequired_KeepAlive_Success" computerName="DKSR-EFI-06" duration="00:00:00.0004844" startTime="2024-01-09T15:42:19.4352565+01:00" endTime="2024-01-09T15:42:19.4352565+01:00" testType="13cdc9d9-ddb5-4fa4-a97d-d965ccfc6d4b" outcome="Passed" testListId="8c84fa94-04c1-424b-9868-57a2d4851a1d" relativeResultsDirectory="c9c09bca-c16a-4445-9f9a-873d48239ec4" />
    <UnitTestResult executionId="9d26f14a-b423-439a-83d2-ff4efd273d33" testId="c4f78332-ee10-3e76-8589-3ced1b5be738" testName="DriverProxyInstanceManager_AddSameHardwareTwice_RemoveTwice_HardwareRemoved" computerName="DKSR-EFI-06" duration="00:00:00.0008304" startTime="2024-01-09T15:42:00.5602194+01:00" endTime="2024-01-09T15:42:00.5602194+01:00" testType="13cdc9d9-ddb5-4fa4-a97d-d965ccfc6d4b" outcome="Passed" testListId="8c84fa94-04c1-424b-9868-57a2d4851a1d" relativeResultsDirectory="9d26f14a-b423-439a-83d2-ff4efd273d33" />
    <UnitTestResult executionId="9e5e1b38-b829-433f-bb71-5f30c7bb4885" testId="3aedff16-e8c8-2c6b-b464-8bea77ab2e19" testName="PtzReleaseSessionCommandHandler_Execute_PtzException_Other" computerName="DKSR-EFI-06" duration="00:00:00.0021426" startTime="2024-01-09T15:42:36.2477462+01:00" endTime="2024-01-09T15:42:36.2477462+01:00" testType="13cdc9d9-ddb5-4fa4-a97d-d965ccfc6d4b" outcome="Passed" testListId="8c84fa94-04c1-424b-9868-57a2d4851a1d" relativeResultsDirectory="9e5e1b38-b829-433f-bb71-5f30c7bb4885" />
    <UnitTestResult executionId="f50dfe62-2db5-4623-9963-23cab19a96cb" testId="ab75869c-3ec1-34f0-fa1b-a30b4357f2e7" testName="MoveNextExecutesInParallel" computerName="DKSR-EFI-06" duration="00:00:00.1848200" startTime="2024-01-09T15:42:17.1227079+01:00" endTime="2024-01-09T15:42:17.3102096+01:00" testType="13cdc9d9-ddb5-4fa4-a97d-d965ccfc6d4b" outcome="Passed" testListId="8c84fa94-04c1-424b-9868-57a2d4851a1d" relativeResultsDirectory="f50dfe62-2db5-4623-9963-23cab19a96cb" />
    <UnitTestResult executionId="ce2873b1-41af-4b8c-85d1-f532e884e1d1" testId="37195dfb-de58-20de-ec3b-ddd0fb7f8eae" testName="SOAPCommandRequestHandler_ExecuteFunction_HandlePTZMoveStop_Success" computerName="DKSR-EFI-06" duration="00:00:00.0021074" startTime="2024-01-09T15:42:16.3414575+01:00" endTime="2024-01-09T15:42:16.3414575+01:00" testType="13cdc9d9-ddb5-4fa4-a97d-d965ccfc6d4b" outcome="Passed" testListId="8c84fa94-04c1-424b-9868-57a2d4851a1d" relativeResultsDirectory="ce2873b1-41af-4b8c-85d1-f532e884e1d1" />
    <UnitTestResult executionId="2cbc5f06-dc94-430a-b2d4-c095465dfbad" testId="d1cc441b-d295-0bb6-ca4a-0a7911e4ddab" testName="SOAPCommandRequestHandler_ExecuteFunction_HandlePTZRectangle_NoRight" computerName="DKSR-EFI-06" duration="00:00:00.0010099" startTime="2024-01-09T15:42:16.3883311+01:00" endTime="2024-01-09T15:42:16.3883311+01:00" testType="13cdc9d9-ddb5-4fa4-a97d-d965ccfc6d4b" outcome="Passed" testListId="8c84fa94-04c1-424b-9868-57a2d4851a1d" relativeResultsDirectory="2cbc5f06-dc94-430a-b2d4-c095465dfbad" />
    <UnitTestResult executionId="20f59c53-fa0c-41c3-bda3-92954c721459" testId="5486909e-82f0-43bd-9354-a32cb8d28664" testName="CheckDeleteDeviceMediaCommandHandler_MediaDbRepairInProgressNoAction" computerName="DKSR-EFI-06" duration="00:00:00.0007913" startTime="2024-01-09T15:42:30.7945900+01:00" endTime="2024-01-09T15:42:30.7945900+01:00" testType="13cdc9d9-ddb5-4fa4-a97d-d965ccfc6d4b" outcome="Passed" testListId="8c84fa94-04c1-424b-9868-57a2d4851a1d" relativeResultsDirectory="20f59c53-fa0c-41c3-bda3-92954c721459" />
    <UnitTestResult executionId="f4dcd049-7c28-474e-b560-ebbc59122f1f" testId="f37382f8-c573-8898-56df-bcf6c3fbc9be" testName="SOAPCommandRequestHandler_ExecuteFunction_HandleSequencesGetAroundWithSpan_Success" computerName="DKSR-EFI-06" duration="00:00:00.0048783" startTime="2024-01-09T15:42:15.4664551+01:00" endTime="2024-01-09T15:42:15.4820826+01:00" testType="13cdc9d9-ddb5-4fa4-a97d-d965ccfc6d4b" outcome="Passed" testListId="8c84fa94-04c1-424b-9868-57a2d4851a1d" relativeResultsDirectory="f4dcd049-7c28-474e-b560-ebbc59122f1f" />
    <UnitTestResult executionId="fedc06d8-4c31-4cc8-a251-97239ee14655" testId="e43a90f4-de92-83c8-763d-039a5712ec18" testName="ChangeHardwarePasswordCommandHandler_Execute_NullArgs_Throws" computerName="DKSR-EFI-06" duration="00:00:00.0163422" startTime="2024-01-09T15:42:30.6852122+01:00" endTime="2024-01-09T15:42:30.7008407+01:00" testType="13cdc9d9-ddb5-4fa4-a97d-d965ccfc6d4b" outcome="Passed" testListId="8c84fa94-04c1-424b-9868-57a2d4851a1d" relativeResultsDirectory="fedc06d8-4c31-4cc8-a251-97239ee14655">
      <Output>
        <StdOut>Debug Trace:&#xD;
Fail: Command/Command handler type mismatch&#xD;
Fail: Argument null.</StdOut>
      </Output>
    </UnitTestResult>
    <UnitTestResult executionId="0ae8bbdc-b3ee-4f59-9252-c5a5e2671e3a" testId="906e773e-aa31-137e-96c8-c0ec32561d84" testName="DatabaseoperationCommandhandler_FilterTrackIdsToThoseWithoutMediaOnRecorder_AreAllBanksOnline_Returns_false_Causes_DataExists" computerName="DKSR-EFI-06" duration="00:00:00.0014080" startTime="2024-01-09T15:42:31.0758392+01:00" endTime="2024-01-09T15:42:31.0758392+01:00" testType="13cdc9d9-ddb5-4fa4-a97d-d965ccfc6d4b" outcome="Passed" testListId="8c84fa94-04c1-424b-9868-57a2d4851a1d" relativeResultsDirectory="0ae8bbdc-b3ee-4f59-9252-c5a5e2671e3a" />
    <UnitTestResult executionId="5bb17890-87b9-4be7-80f7-0471ed8b6d62" testId="49e5e949-0b9c-2183-02c5-2dbb07d4851a" testName="ResolveIdAndMessage_KnownRecorderEvents" computerName="DKSR-EFI-06" duration="00:00:00.0002523" startTime="2024-01-09T15:42:18.0289599+01:00" endTime="2024-01-09T15:42:18.0289599+01:00" testType="13cdc9d9-ddb5-4fa4-a97d-d965ccfc6d4b" outcome="Passed" testListId="8c84fa94-04c1-424b-9868-57a2d4851a1d" relativeResultsDirectory="5bb17890-87b9-4be7-80f7-0471ed8b6d62" />
    <UnitTestResult executionId="2623726a-cb8f-480f-b6bf-414cc1435b41" testId="0d57a34c-837c-d126-8ff0-b27247b414be" testName="SOAPCommandRequestHandler_ExecuteFunction_HandleSmartSearchStart_NoResultMotionMaskSize" computerName="DKSR-EFI-06" duration="00:00:00.0012602" startTime="2024-01-09T15:42:15.6070826+01:00" endTime="2024-01-09T15:42:15.6070826+01:00" testType="13cdc9d9-ddb5-4fa4-a97d-d965ccfc6d4b" outcome="Passed" testListId="8c84fa94-04c1-424b-9868-57a2d4851a1d" relativeResultsDirectory="2623726a-cb8f-480f-b6bf-414cc1435b41" />
    <UnitTestResult executionId="7bcbba1b-16c6-41a9-a66b-066c051f06c7" testId="3c8a9a60-93f1-eaa0-ce5d-01d33a5469b1" testName="PtzManager_OnManualSessionStopping_Success" computerName="DKSR-EFI-06" duration="00:00:00.0028513" startTime="2024-01-09T15:42:37.9508825+01:00" endTime="2024-01-09T15:42:37.9508825+01:00" testType="13cdc9d9-ddb5-4fa4-a97d-d965ccfc6d4b" outcome="Passed" testListId="8c84fa94-04c1-424b-9868-57a2d4851a1d" relativeResultsDirectory="7bcbba1b-16c6-41a9-a66b-066c051f06c7" />
    <UnitTestResult executionId="c7a1d44a-34a8-4e44-b898-515550530cac" testId="f00a593d-e744-223c-d3b7-b9b8532b294d" testName="HardwareSetupInformationCommandHandler_Execute_NoDuplicate_WithAAC_Success" computerName="DKSR-EFI-06" duration="00:00:00.1291852" startTime="2024-01-09T15:42:33.2634057+01:00" endTime="2024-01-09T15:42:33.3883544+01:00" testType="13cdc9d9-ddb5-4fa4-a97d-d965ccfc6d4b" outcome="Passed" testListId="8c84fa94-04c1-424b-9868-57a2d4851a1d" relativeResultsDirectory="c7a1d44a-34a8-4e44-b898-515550530cac" />
    <UnitTestResult executionId="0df08927-a826-4e5a-8c7b-d589380f6ce4" testId="141af022-ae5a-b351-b538-6c8ea661e39b" testName="SOAPCommandRequestHandler_ExecuteFunction_HandleMulticastStart_Device_Is_Null" computerName="DKSR-EFI-06" duration="00:00:00.0026758" startTime="2024-01-09T15:42:15.7477055+01:00" endTime="2024-01-09T15:42:15.7633332+01:00" testType="13cdc9d9-ddb5-4fa4-a97d-d965ccfc6d4b" outcome="Passed" testListId="8c84fa94-04c1-424b-9868-57a2d4851a1d" relativeResultsDirectory="0df08927-a826-4e5a-8c7b-d589380f6ce4" />
    <UnitTestResult executionId="a1e618e9-e4cd-4c1f-8bab-7fae4486a48c" testId="9da080b9-513b-368f-a550-e3016b79c97e" testName="SOAPCommandRequestHandler_ExecuteFunction_HandlePtzGetAbsolutePosition_NoDeviceId" computerName="DKSR-EFI-06" duration="00:00:00.0013543" startTime="2024-01-09T15:42:16.2320864+01:00" endTime="2024-01-09T15:42:16.2320864+01:00" testType="13cdc9d9-ddb5-4fa4-a97d-d965ccfc6d4b" outcome="Passed" testListId="8c84fa94-04c1-424b-9868-57a2d4851a1d" relativeResultsDirectory="a1e618e9-e4cd-4c1f-8bab-7fae4486a48c" />
    <UnitTestResult executionId="feff329a-27ea-4d67-94ee-8480f602a926" testId="574bdbf5-993a-f8a9-1f26-6120b176cc3a" testName="QueryDeviceEvidenceLockSizesCommandHandler_EvidenceLockNotFound_ErrorResponse" computerName="DKSR-EFI-06" duration="00:00:00.0028355" startTime="2024-01-09T15:42:36.4196256+01:00" endTime="2024-01-09T15:42:36.4196256+01:00" testType="13cdc9d9-ddb5-4fa4-a97d-d965ccfc6d4b" outcome="Passed" testListId="8c84fa94-04c1-424b-9868-57a2d4851a1d" relativeResultsDirectory="feff329a-27ea-4d67-94ee-8480f602a926" />
    <UnitTestResult executionId="7addc0be-73fe-4783-8469-6cbb7b69a752" testId="70547f77-458a-63de-9062-b70bfff6226b" testName="Test_WriteEnabledResolved_Not_In_Failover" computerName="DKSR-EFI-06" duration="00:00:00.0003114" startTime="2024-01-09T15:42:30.4820906+01:00" endTime="2024-01-09T15:42:30.4977160+01:00" testType="13cdc9d9-ddb5-4fa4-a97d-d965ccfc6d4b" outcome="Passed" testListId="8c84fa94-04c1-424b-9868-57a2d4851a1d" relativeResultsDirectory="7addc0be-73fe-4783-8469-6cbb7b69a752" />
    <UnitTestResult executionId="afd5acf0-bf9e-49dc-b53e-2349cd406fe4" testId="ee0be459-ac9f-d6d9-f9b3-c3e18f59a4c0" testName="ConnectSuccess_PrevSeqTime" computerName="DKSR-EFI-06" duration="00:00:00.0070188" startTime="2024-01-09T15:42:13.0446147+01:00" endTime="2024-01-09T15:42:13.0446147+01:00" testType="13cdc9d9-ddb5-4fa4-a97d-d965ccfc6d4b" outcome="Passed" testListId="8c84fa94-04c1-424b-9868-57a2d4851a1d" relativeResultsDirectory="afd5acf0-bf9e-49dc-b53e-2349cd406fe4" />
    <UnitTestResult executionId="7dd9a929-35eb-47ac-a96e-58ff07b4cebf" testId="63251417-cab3-d7f1-951d-ff52e5bf847e" testName="RequestRecordAllFrames_SetsRecordAllFramesToTrue_OnFirstRequest" computerName="DKSR-EFI-06" duration="00:00:00.0220127" startTime="2024-01-09T15:42:17.4820837+01:00" endTime="2024-01-09T15:42:17.4977097+01:00" testType="13cdc9d9-ddb5-4fa4-a97d-d965ccfc6d4b" outcome="Passed" testListId="8c84fa94-04c1-424b-9868-57a2d4851a1d" relativeResultsDirectory="7dd9a929-35eb-47ac-a96e-58ff07b4cebf" />
    <UnitTestResult executionId="d1cf2680-e65e-466f-8174-e1e4001c9dfb" testId="aeb82383-8a39-2cc9-fc7d-52bd6f0ee698" testName="DriverProxyInstanceManager_AddHardware_ToTwoProxies_SeparateInstancesCreated" computerName="DKSR-EFI-06" duration="00:00:00.0003580" startTime="2024-01-09T15:42:00.5758450+01:00" endTime="2024-01-09T15:42:00.5758450+01:00" testType="13cdc9d9-ddb5-4fa4-a97d-d965ccfc6d4b" outcome="Passed" testListId="8c84fa94-04c1-424b-9868-57a2d4851a1d" relativeResultsDirectory="d1cf2680-e65e-466f-8174-e1e4001c9dfb" />
    <UnitTestResult executionId="3d19f46f-62ab-4e6a-9288-f7b3124512cb" testId="35742c37-1efd-f75e-f896-f0b8fc5d7bd8" testName="SOAPCommandRequestHandler_ExecuteFunction_HandleIsManualRecording_NoDeviceIds" computerName="DKSR-EFI-06" duration="00:00:00.0017645" startTime="2024-01-09T15:42:15.8570825+01:00" endTime="2024-01-09T15:42:15.8570825+01:00" testType="13cdc9d9-ddb5-4fa4-a97d-d965ccfc6d4b" outcome="Passed" testListId="8c84fa94-04c1-424b-9868-57a2d4851a1d" relativeResultsDirectory="3d19f46f-62ab-4e6a-9288-f7b3124512cb" />
    <UnitTestResult executionId="d9e8ae91-71ae-4e37-88a5-62e8ccfbeb00" testId="02c8f3cc-8046-8730-f8ed-14529577afcb" testName="SOAPCommandRequestHandler_GetClientCapabilities_No_Child_Of_ClientCapabilities_Section" computerName="DKSR-EFI-06" duration="00:00:00.0009082" startTime="2024-01-09T15:42:15.7008366+01:00" endTime="2024-01-09T15:42:15.7008366+01:00" testType="13cdc9d9-ddb5-4fa4-a97d-d965ccfc6d4b" outcome="Passed" testListId="8c84fa94-04c1-424b-9868-57a2d4851a1d" relativeResultsDirectory="d9e8ae91-71ae-4e37-88a5-62e8ccfbeb00" />
    <UnitTestResult executionId="4dd17d0f-6c8c-4df4-a040-39a2e1af0888" testId="65799c34-732d-1a33-c654-588279eeaf65" testName="PerformFileSystemOperation_ModelIsNull_BadRequestResult" computerName="DKSR-EFI-06" duration="00:00:00.0019890" startTime="2024-01-09T15:42:02.7007906+01:00" endTime="2024-01-09T15:42:02.7007906+01:00" testType="13cdc9d9-ddb5-4fa4-a97d-d965ccfc6d4b" outcome="Passed" testListId="8c84fa94-04c1-424b-9868-57a2d4851a1d" relativeResultsDirectory="4dd17d0f-6c8c-4df4-a040-39a2e1af0888" />
    <UnitTestResult executionId="5a5f2b8a-bff6-46de-8846-c9a2a35fc5ea" testId="d3136d91-086c-86af-9861-25ad773594f3" testName="SOAPCommandRequestHandler_ExecuteFunction_HandleSequencesGetAroundWithSpan_No_Speaker_Security" computerName="DKSR-EFI-06" duration="00:00:00.0022176" startTime="2024-01-09T15:42:15.4508536+01:00" endTime="2024-01-09T15:42:15.4664551+01:00" testType="13cdc9d9-ddb5-4fa4-a97d-d965ccfc6d4b" outcome="Passed" testListId="8c84fa94-04c1-424b-9868-57a2d4851a1d" relativeResultsDirectory="5a5f2b8a-bff6-46de-8846-c9a2a35fc5ea" />
    <UnitTestResult executionId="a47cdb3c-3118-4dba-b7e0-d86a615c13cf" testId="6a47e138-e897-5787-700a-4a389ec1ca1e" testName="MediaDbUtil_MultitrackNavigation_Scenario16" computerName="DKSR-EFI-06" duration="00:00:00.0264770" startTime="2024-01-09T15:42:14.8883292+01:00" endTime="2024-01-09T15:42:14.9039560+01:00" testType="13cdc9d9-ddb5-4fa4-a97d-d965ccfc6d4b" outcome="Passed" testListId="8c84fa94-04c1-424b-9868-57a2d4851a1d" relativeResultsDirectory="a47cdb3c-3118-4dba-b7e0-d86a615c13cf">
      <Output>
        <StdOut>Debug Trace:&#xD;
Fail: &#xD;
Fail: &#xD;
&#xD;
&#xD;
&#xD;
TestContext Messages:&#xD;
Before&#xD;
Navigation:  " V                                            "&#xD;
Source    :  "        1-- 1--                               "&#xD;
Unable to move&#xD;
&#xD;
AtOrBefore&#xD;
Navigation:  " V                                            "&#xD;
Source    :  "        1-- 1--                               "&#xD;
Unable to move&#xD;
&#xD;
AtOrAfter&#xD;
Navigation:  " V                                            "&#xD;
Source    :  "        1-- 1--                               "&#xD;
Expected  :  "        1-- N                                 "&#xD;
Actual    :  "        1-- N                                 "&#xD;
&#xD;
After&#xD;
Navigation:  " V                                            "&#xD;
Source    :  "        1-- 1--                               "&#xD;
Expected  :  "        1-- N                                 "&#xD;
Actual    :  "        1-- N                                 "&#xD;
&#xD;
Before&#xD;
Navigation:  "           V                                  "&#xD;
Source    :  "        1-- 1--                               "&#xD;
Expected  :  "        1-- N                                 "&#xD;
Actual    :  "        1-- N                                 "&#xD;
&#xD;
AtOrBefore&#xD;
Navigation:  "           V                                  "&#xD;
Source    :  "        1-- 1--                               "&#xD;
Expected  :  "        1-- N                                 "&#xD;
Actual    :  "        1-- N                                 "&#xD;
&#xD;
AtOrAfter&#xD;
Navigation:  "           V                                  "&#xD;
Source    :  "        1-- 1--                               "&#xD;
Expected  :  "        P   1--                               "&#xD;
Actual    :  "        P   1--                               "&#xD;
&#xD;
After&#xD;
Navigation:  "           V                                  "&#xD;
Source    :  "        1-- 1--                               "&#xD;
Expected  :  "        P   1--                               "&#xD;
Actual    :  "        P   1--                               "&#xD;
&#xD;
Before&#xD;
Navigation:  "              V                               "&#xD;
Source    :  "        1-- 1--                               "&#xD;
Expected  :  "        1-- N                                 "&#xD;
Actual    :  "        1-- N                                 "&#xD;
&#xD;
AtOrBefore&#xD;
Navigation:  "              V                               "&#xD;
Source    :  "        1-- 1--                               "&#xD;
Expected  :  "        P   1--                               "&#xD;
Actual    :  "        P   1--                               "&#xD;
&#xD;
AtOrAfter&#xD;
Navigation:  "              V                               "&#xD;
Source    :  "        1-- 1--                               "&#xD;
Expected  :  "        P   1--                               "&#xD;
Actual    :  "        P   1--                               "&#xD;
&#xD;
After&#xD;
Navigation:  "              V                               "&#xD;
Source    :  "        1-- 1--                               "&#xD;
Unable to move&#xD;
&#xD;
Before&#xD;
Navigation:  "                          V                   "&#xD;
Source    :  "        1-- 1--                               "&#xD;
Expected  :  "        P   1--                               "&#xD;
Actual    :  "        P   1--                               "&#xD;
&#xD;
AtOrBefore&#xD;
Navigation:  "                          V                   "&#xD;
Source    :  "        1-- 1--                               "&#xD;
Expected  :  "        P   1--                               "&#xD;
Actual    :  "        P   1--                               "&#xD;
&#xD;
AtOrAfter&#xD;
Navigation:  "                          V                   "&#xD;
Source    :  "        1-- 1--                               "&#xD;
Unable to move&#xD;
&#xD;
After&#xD;
Navigation:  "                          V                   "&#xD;
Source    :  "        1-- 1--                               "&#xD;
Unable to move&#xD;
&#xD;
Before&#xD;
Navigation:  "                               V              "&#xD;
Source    :  "        1-- 1--                               "&#xD;
Expected  :  "        P   1--                               "&#xD;
Actual    :  "        P   1--                               "&#xD;
&#xD;
AtOrBefore&#xD;
Navigation:  "                               V              "&#xD;
Source    :  "        1-- 1--                               "&#xD;
Expected  :  "        P   1--                               "&#xD;
Actual    :  "        P   1--                               "&#xD;
&#xD;
AtOrAfter&#xD;
Navigation:  "                               V              "&#xD;
Source    :  "        1-- 1--                               "&#xD;
Unable to move&#xD;
&#xD;
After&#xD;
Navigation:  "                               V              "&#xD;
Source    :  "        1-- 1--                               "&#xD;
Unable to move&#xD;
&#xD;
Before&#xD;
Navigation:  "                                      V       "&#xD;
Source    :  "        1-- 1--                               "&#xD;
Expected  :  "        P   1--                               "&#xD;
Actual    :  "        P   1--                               "&#xD;
&#xD;
AtOrBefore&#xD;
Navigation:  "                                      V       "&#xD;
Source    :  "        1-- 1--                               "&#xD;
Expected  :  "        P   1--                               "&#xD;
Actual    :  "        P   1--                               "&#xD;
&#xD;
AtOrAfter&#xD;
Navigation:  "                                      V       "&#xD;
Source    :  "        1-- 1--                               "&#xD;
Unable to move&#xD;
&#xD;
After&#xD;
Navigation:  "                                      V       "&#xD;
Source    :  "        1-- 1--                               "&#xD;
Unable to move&#xD;
&#xD;
Before&#xD;
Navigation:  "                                            V "&#xD;
Source    :  "        1-- 1--                               "&#xD;
Expected  :  "        P   1--                               "&#xD;
Actual    :  "        P   1--                               "&#xD;
&#xD;
AtOrBefore&#xD;
Navigation:  "                                            V "&#xD;
Source    :  "        1-- 1--                               "&#xD;
Expected  :  "        P   1--                               "&#xD;
Actual    :  "        P   1--                               "&#xD;
&#xD;
AtOrAfter&#xD;
Navigation:  "                                            V "&#xD;
Source    :  "        1-- 1--                               "&#xD;
Unable to move&#xD;
&#xD;
After&#xD;
Navigation:  "                                            V "&#xD;
Source    :  "        1-- 1--                               "&#xD;
Unable to move&#xD;
&#xD;
Before&#xD;
Navigation:  " V                                            "&#xD;
Source    :  "        1-- 1--      2-- 2-        2-- 2---   "&#xD;
Unable to move&#xD;
&#xD;
AtOrBefore&#xD;
Navigation:  " V                                            "&#xD;
Source    :  "        1-- 1--      2-- 2-        2-- 2---   "&#xD;
Unable to move&#xD;
&#xD;
AtOrAfter&#xD;
Navigation:  " V                                            "&#xD;
Source    :  "        1-- 1--      2-- 2-        2-- 2---   "&#xD;
Expected  :  "        1-- N                                 "&#xD;
Actual    :  "        1-- N                                 "&#xD;
&#xD;
After&#xD;
Navigation:  " V                                            "&#xD;
Source    :  "        1-- 1--      2-- 2-        2-- 2---   "&#xD;
Expected  :  "        1-- N                                 "&#xD;
Actual    :  "        1-- N                                 "&#xD;
&#xD;
Before&#xD;
Navigation:  "           V                                  "&#xD;
Source    :  "        1-- 1--      2-- 2-        2-- 2---   "&#xD;
Expected  :  "        1-- N                                 "&#xD;
Actual    :  "        1-- N                                 "&#xD;
&#xD;
AtOrBefore&#xD;
Navigation:  "           V                                  "&#xD;
Source    :  "        1-- 1--      2-- 2-        2-- 2---   "&#xD;
Expected  :  "        1-- N                                 "&#xD;
Actual    :  "        1-- N                                 "&#xD;
&#xD;
AtOrAfter&#xD;
Navigation:  "           V                                  "&#xD;
Source    :  "        1-- 1--      2-- 2-        2-- 2---   "&#xD;
Expected  :  "        P   1--      N                        "&#xD;
Actual    :  "        P   1--      N                        "&#xD;
&#xD;
After&#xD;
Navigation:  "           V                                  "&#xD;
Source    :  "        1-- 1--      2-- 2-        2-- 2---   "&#xD;
Expected  :  "        P   1--      N                        "&#xD;
Actual    :  "        P   1--      N                        "&#xD;
&#xD;
Before&#xD;
Navigation:  "              V                               "&#xD;
Source    :  "        1-- 1--      2-- 2-        2-- 2---   "&#xD;
Expected  :  "        1-- N                                 "&#xD;
Actual    :  "        1-- N                                 "&#xD;
&#xD;
AtOrBefore&#xD;
Navigation:  "              V                               "&#xD;
Source    :  "        1-- 1--      2-- 2-        2-- 2---   "&#xD;
Expected  :  "        P   1--      N                        "&#xD;
Actual    :  "        P   1--      N                        "&#xD;
&#xD;
AtOrAfter&#xD;
Navigation:  "              V                               "&#xD;
Source    :  "        1-- 1--      2-- 2-        2-- 2---   "&#xD;
Expected  :  "        P   1--      N                        "&#xD;
Actual    :  "        P   1--      N                        "&#xD;
&#xD;
After&#xD;
Navigation:  "              V                               "&#xD;
Source    :  "        1-- 1--      2-- 2-        2-- 2---   "&#xD;
Expected  :  "            P        2-- N                    "&#xD;
Actual    :  "            P        2-- N                    "&#xD;
&#xD;
Before&#xD;
Navigation:  "                          V                   "&#xD;
Source    :  "        1-- 1--      2-- 2-        2-- 2---   "&#xD;
Expected  :  "            P        2-- N                    "&#xD;
Actual    :  "            P        2-- N                    "&#xD;
&#xD;
AtOrBefore&#xD;
Navigation:  "                          V                   "&#xD;
Source    :  "        1-- 1--      2-- 2-        2-- 2---   "&#xD;
Expected  :  "                     P   2-        N          "&#xD;
Actual    :  "                     P   2-        N          "&#xD;
&#xD;
AtOrAfter&#xD;
Navigation:  "                          V                   "&#xD;
Source    :  "        1-- 1--      2-- 2-        2-- 2---   "&#xD;
Expected  :  "                     P   2-        N          "&#xD;
Actual    :  "                     P   2-        N          "&#xD;
&#xD;
After&#xD;
Navigation:  "                          V                   "&#xD;
Source    :  "        1-- 1--      2-- 2-        2-- 2---   "&#xD;
Expected  :  "                         P         2-- N      "&#xD;
Actual    :  "                         P         2-- N      "&#xD;
&#xD;
Before&#xD;
Navigation:  "                               V              "&#xD;
Source    :  "        1-- 1--      2-- 2-        2-- 2---   "&#xD;
Expected  :  "                     P   2-        N          "&#xD;
Actual    :  "                     P   2-        N          "&#xD;
&#xD;
AtOrBefore&#xD;
Navigation:  "                               V              "&#xD;
Source    :  "        1-- 1--      2-- 2-        2-- 2---   "&#xD;
Expected  :  "                     P   2-        N          "&#xD;
Actual    :  "                     P   2-        N          "&#xD;
&#xD;
AtOrAfter&#xD;
Navigation:  "                               V              "&#xD;
Source    :  "        1-- 1--      2-- 2-        2-- 2---   "&#xD;
Expected  :  "                         P         2-- N      "&#xD;
Actual    :  "                         P         2-- N      "&#xD;
&#xD;
After&#xD;
Navigation:  "                               V              "&#xD;
Source    :  "        1-- 1--      2-- 2-        2-- 2---   "&#xD;
Expected  :  "                         P         2-- N      "&#xD;
Actual    :  "                         P         2-- N      "&#xD;
&#xD;
Before&#xD;
Navigation:  "                                      V       "&#xD;
Source    :  "        1-- 1--      2-- 2-        2-- 2---   "&#xD;
Expected  :  "                         P         2-- N      "&#xD;
Actual    :  "                         P         2-- N      "&#xD;
&#xD;
AtOrBefore&#xD;
Navigation:  "                                      V       "&#xD;
Source    :  "        1-- 1--      2-- 2-        2-- 2---   "&#xD;
Expected  :  "                         P         2-- N      "&#xD;
Actual    :  "                         P         2-- N      "&#xD;
&#xD;
AtOrAfter&#xD;
Navigation:  "                                      V       "&#xD;
Source    :  "        1-- 1--      2-- 2-        2-- 2---   "&#xD;
Expected  :  "                                   P   2---   "&#xD;
Actual    :  "                                   P   2---   "&#xD;
&#xD;
After&#xD;
Navigation:  "                                      V       "&#xD;
Source    :  "        1-- 1--      2-- 2-        2-- 2---   "&#xD;
Expected  :  "                                   P   2---   "&#xD;
Actual    :  "                                   P   2---   "&#xD;
&#xD;
Before&#xD;
Navigation:  "                                            V "&#xD;
Source    :  "        1-- 1--      2-- 2-        2-- 2---   "&#xD;
Expected  :  "                                   P   2---   "&#xD;
Actual    :  "                                   P   2---   "&#xD;
&#xD;
AtOrBefore&#xD;
Navigation:  "                                            V "&#xD;
Source    :  "        1-- 1--      2-- 2-        2-- 2---   "&#xD;
Expected  :  "                                   P   2---   "&#xD;
Actual    :  "                                   P   2---   "&#xD;
&#xD;
AtOrAfter&#xD;
Navigation:  "                                            V "&#xD;
Source    :  "        1-- 1--      2-- 2-        2-- 2---   "&#xD;
Unable to move&#xD;
&#xD;
After&#xD;
Navigation:  "                                            V "&#xD;
Source    :  "        1-- 1--      2-- 2-        2-- 2---   "&#xD;
Unable to move</StdOut>
      </Output>
    </UnitTestResult>
    <UnitTestResult executionId="1b81b37c-8b74-4eec-801f-cbb1077823ff" testId="8ef7a167-17f3-011f-c576-97727b4fc446" testName="SOAPCommandRequestHandler_ExecuteFunction_HandlePTZRectangle_NoTop" computerName="DKSR-EFI-06" duration="00:00:00.0010138" startTime="2024-01-09T15:42:16.3727101+01:00" endTime="2024-01-09T15:42:16.3727101+01:00" testType="13cdc9d9-ddb5-4fa4-a97d-d965ccfc6d4b" outcome="Passed" testListId="8c84fa94-04c1-424b-9868-57a2d4851a1d" relativeResultsDirectory="1b81b37c-8b74-4eec-801f-cbb1077823ff" />
    <UnitTestResult executionId="8da7c1ad-b46a-452c-beae-cc80a3aad3f6" testId="1fbd2580-d20c-54ad-ccea-04c9b179dee0" testName="QueryDeviceEvidenceLockSizesCommandHandler_QueryDeviceEvidenceLockSizesResponse_StorageOffline_NegativeSize" computerName="DKSR-EFI-06" duration="00:00:00.0013484" startTime="2024-01-09T15:42:36.4352488+01:00" endTime="2024-01-09T15:42:36.4352488+01:00" testType="13cdc9d9-ddb5-4fa4-a97d-d965ccfc6d4b" outcome="Passed" testListId="8c84fa94-04c1-424b-9868-57a2d4851a1d" relativeResultsDirectory="8da7c1ad-b46a-452c-beae-cc80a3aad3f6" />
    <UnitTestResult executionId="a2d0f3e4-1fc1-441f-8be3-72407063d501" testId="202800c0-a2a0-3d8f-dbc4-2ccb0ac1db31" testName="SOAPCommandRequestHandler_ExecuteFunction_HandleSmartSearchStart_NoResultMotionMaskSizeWidth" computerName="DKSR-EFI-06" duration="00:00:00.0012124" startTime="2024-01-09T15:42:15.6070826+01:00" endTime="2024-01-09T15:42:15.6070826+01:00" testType="13cdc9d9-ddb5-4fa4-a97d-d965ccfc6d4b" outcome="Passed" testListId="8c84fa94-04c1-424b-9868-57a2d4851a1d" relativeResultsDirectory="a2d0f3e4-1fc1-441f-8be3-72407063d501" />
    <UnitTestResult executionId="595dfabe-2cda-4e75-a584-9edd0d7fa69f" testId="d4463260-252b-27d4-35a7-818d974df9f7" testName="PtzManager_MoveJoystick_Success" computerName="DKSR-EFI-06" duration="00:00:00.0014288" startTime="2024-01-09T15:42:38.1696342+01:00" endTime="2024-01-09T15:42:38.1696342+01:00" testType="13cdc9d9-ddb5-4fa4-a97d-d965ccfc6d4b" outcome="Passed" testListId="8c84fa94-04c1-424b-9868-57a2d4851a1d" relativeResultsDirectory="595dfabe-2cda-4e75-a584-9edd0d7fa69f" />
    <UnitTestResult executionId="ce225338-21a7-48ac-a0f0-3c1574e4b645" testId="2a156436-35d1-3599-981c-313b8e0207be" testName="PingStart_Called_TimerIsStarted" computerName="DKSR-EFI-06" duration="00:00:00.0005123" startTime="2024-01-09T15:42:02.3882944+01:00" endTime="2024-01-09T15:42:02.4039154+01:00" testType="13cdc9d9-ddb5-4fa4-a97d-d965ccfc6d4b" outcome="Passed" testListId="8c84fa94-04c1-424b-9868-57a2d4851a1d" relativeResultsDirectory="ce225338-21a7-48ac-a0f0-3c1574e4b645" />
    <UnitTestResult executionId="34738f52-3706-46cb-b67e-9628710620ec" testId="260e5a70-a7b4-7e90-7ec0-9c5a4b346b5e" testName="PtzManager_Start_Success" computerName="DKSR-EFI-06" duration="00:00:00.0008413" startTime="2024-01-09T15:42:37.9665064+01:00" endTime="2024-01-09T15:42:37.9665064+01:00" testType="13cdc9d9-ddb5-4fa4-a97d-d965ccfc6d4b" outcome="Passed" testListId="8c84fa94-04c1-424b-9868-57a2d4851a1d" relativeResultsDirectory="34738f52-3706-46cb-b67e-9628710620ec" />
    <UnitTestResult executionId="8b374d84-9101-4b3c-a01a-972a1850938e" testId="4821e241-63ac-6b84-73a3-ef60d233c640" testName="PrepareMoveHardwareCommand_IsValid_NoContent" computerName="DKSR-EFI-06" duration="00:00:00.0018103" startTime="2024-01-09T15:42:02.6382920+01:00" endTime="2024-01-09T15:42:02.6382920+01:00" testType="13cdc9d9-ddb5-4fa4-a97d-d965ccfc6d4b" outcome="Passed" testListId="8c84fa94-04c1-424b-9868-57a2d4851a1d" relativeResultsDirectory="8b374d84-9101-4b3c-a01a-972a1850938e" />
    <UnitTestResult executionId="c8eb50dc-e06b-4e69-bf6c-4959b2c519a2" testId="37f7dc44-733a-9d3c-28de-fbd465ea6cac" testName="SetupInitialHardwareUserCommandHandler_Execute_SetupUser_ThrowsUserHandlingPasswordTooWeakError_Errors" computerName="DKSR-EFI-06" duration="00:00:00.0009603" startTime="2024-01-09T15:42:37.0133758+01:00" endTime="2024-01-09T15:42:37.0133758+01:00" testType="13cdc9d9-ddb5-4fa4-a97d-d965ccfc6d4b" outcome="Passed" testListId="8c84fa94-04c1-424b-9868-57a2d4851a1d" relativeResultsDirectory="c8eb50dc-e06b-4e69-bf6c-4959b2c519a2" />
    <UnitTestResult executionId="5ef50e2b-cb94-473a-b204-dd6d5e1471fb" testId="08b7391b-997e-9b4d-ebe6-f9918957b946" testName="SOAPCommandRequestHandler_ExecuteFunction_HandleSmartSearchStart_InvalidSearchMask" computerName="DKSR-EFI-06" duration="00:00:00.0014087" startTime="2024-01-09T15:42:15.5758320+01:00" endTime="2024-01-09T15:42:15.5758320+01:00" testType="13cdc9d9-ddb5-4fa4-a97d-d965ccfc6d4b" outcome="Passed" testListId="8c84fa94-04c1-424b-9868-57a2d4851a1d" relativeResultsDirectory="5ef50e2b-cb94-473a-b204-dd6d5e1471fb" />
    <UnitTestResult executionId="155978bf-c116-41e9-bd2d-c3f66d87d626" testId="7b72f010-1578-dd3e-0e81-7b0f265569ad" testName="SOAPCommandRequestHandler_ExecuteFunction_HandleTimeLineInformationGet_No_Microphone_Security" computerName="DKSR-EFI-06" duration="00:00:00.0023369" startTime="2024-01-09T15:42:15.6695824+01:00" endTime="2024-01-09T15:42:15.6695824+01:00" testType="13cdc9d9-ddb5-4fa4-a97d-d965ccfc6d4b" outcome="Passed" testListId="8c84fa94-04c1-424b-9868-57a2d4851a1d" relativeResultsDirectory="155978bf-c116-41e9-bd2d-c3f66d87d626" />
    <UnitTestResult executionId="4b1fe5af-b8a9-4f19-82e1-49b7af161fe3" testId="c8f6e89b-79d5-8532-b2cb-68fd0bda94cc" testName="PtzReleaseSessionCommandHandler_Execute_Preset_Not_Supported" computerName="DKSR-EFI-06" duration="00:00:00.0007506" startTime="2024-01-09T15:42:36.2008728+01:00" endTime="2024-01-09T15:42:36.2008728+01:00" testType="13cdc9d9-ddb5-4fa4-a97d-d965ccfc6d4b" outcome="Passed" testListId="8c84fa94-04c1-424b-9868-57a2d4851a1d" relativeResultsDirectory="4b1fe5af-b8a9-4f19-82e1-49b7af161fe3" />
    <UnitTestResult executionId="76c5d948-1110-4c86-aebb-07f5e8f41460" testId="59bab25e-f58e-5bec-50ff-1b14d176b0f7" testName="RecorderStatus_SendsUpdates_OnTimer" computerName="DKSR-EFI-06" duration="00:00:00.0014539" startTime="2024-01-09T15:42:01.6695362+01:00" endTime="2024-01-09T15:42:01.6695362+01:00" testType="13cdc9d9-ddb5-4fa4-a97d-d965ccfc6d4b" outcome="Passed" testListId="8c84fa94-04c1-424b-9868-57a2d4851a1d" relativeResultsDirectory="76c5d948-1110-4c86-aebb-07f5e8f41460" />
    <UnitTestResult executionId="f69a5f11-f3f3-4aa2-8a3d-d6eccbacd40e" testId="6383d062-2257-001d-5c0b-9ab1d5dea930" testName="PerformDatabaseOperation_IsValid_NoContent" computerName="DKSR-EFI-06" duration="00:00:00.0186573" startTime="2024-01-09T15:42:02.5445400+01:00" endTime="2024-01-09T15:42:02.5601686+01:00" testType="13cdc9d9-ddb5-4fa4-a97d-d965ccfc6d4b" outcome="Passed" testListId="8c84fa94-04c1-424b-9868-57a2d4851a1d" relativeResultsDirectory="f69a5f11-f3f3-4aa2-8a3d-d6eccbacd40e" />
    <UnitTestResult executionId="1e4d1f7a-8347-4030-b5fc-500b0dee6a52" testId="aa2a2537-acc7-fac0-bb1e-d193ab189c0c" testName="SOAPCommandRequestHandler_ExecuteFunction_HandlePTZMoveHome_No_Priority" computerName="DKSR-EFI-06" duration="00:00:00.0015970" startTime="2024-01-09T15:42:16.2789584+01:00" endTime="2024-01-09T15:42:16.2789584+01:00" testType="13cdc9d9-ddb5-4fa4-a97d-d965ccfc6d4b" outcome="Passed" testListId="8c84fa94-04c1-424b-9868-57a2d4851a1d" relativeResultsDirectory="1e4d1f7a-8347-4030-b5fc-500b0dee6a52" />
    <UnitTestResult executionId="0f5e4c52-0304-4a90-8764-7d88a2816abc" testId="5ae442bb-f5c7-72e4-8da6-14434c62f47b" testName="SetupInitialHardwareUserCommandHandler_Execute_WithSecurePort_Success" computerName="DKSR-EFI-06" duration="00:00:00.0010113" startTime="2024-01-09T15:42:36.9977532+01:00" endTime="2024-01-09T15:42:36.9977532+01:00" testType="13cdc9d9-ddb5-4fa4-a97d-d965ccfc6d4b" outcome="Passed" testListId="8c84fa94-04c1-424b-9868-57a2d4851a1d" relativeResultsDirectory="0f5e4c52-0304-4a90-8764-7d88a2816abc" />
    <UnitTestResult executionId="3c2c6098-76f3-42b5-b05c-a4efe762fc5b" testId="853dc122-c8bc-62c4-644e-6c66fe778993" testName="CollectMediaStatusCommandHandler_No_Media" computerName="DKSR-EFI-06" duration="00:00:00.0012905" startTime="2024-01-09T15:42:30.9820916+01:00" endTime="2024-01-09T15:42:30.9820916+01:00" testType="13cdc9d9-ddb5-4fa4-a97d-d965ccfc6d4b" outcome="Passed" testListId="8c84fa94-04c1-424b-9868-57a2d4851a1d" relativeResultsDirectory="3c2c6098-76f3-42b5-b05c-a4efe762fc5b" />
    <UnitTestResult executionId="e532e2cd-79de-460c-b282-40d900c08599" testId="d145e104-c896-8096-9b86-5654a16871b5" testName="AudioMessageManager_PlayAudioMessageThread" computerName="DKSR-EFI-06" duration="00:00:00.0070402" startTime="2024-01-09T15:42:38.6071338+01:00" endTime="2024-01-09T15:42:38.6071338+01:00" testType="13cdc9d9-ddb5-4fa4-a97d-d965ccfc6d4b" outcome="Passed" testListId="8c84fa94-04c1-424b-9868-57a2d4851a1d" relativeResultsDirectory="e532e2cd-79de-460c-b282-40d900c08599" />
    <UnitTestResult executionId="bf86ac73-c2be-409d-8c67-78be464ac208" testId="b097ba6d-853b-78ea-de8a-ac3f06f44756" testName="AudioMessageManager_SetConfiguration_ArgumentNullException" computerName="DKSR-EFI-06" duration="00:00:00.0019286" startTime="2024-01-09T15:42:38.5603026+01:00" endTime="2024-01-09T15:42:38.5603026+01:00" testType="13cdc9d9-ddb5-4fa4-a97d-d965ccfc6d4b" outcome="Passed" testListId="8c84fa94-04c1-424b-9868-57a2d4851a1d" relativeResultsDirectory="bf86ac73-c2be-409d-8c67-78be464ac208" />
    <UnitTestResult executionId="2370fb2f-4d27-431b-99d4-50ef5fa4acde" testId="3185fb68-e0b6-bae2-e639-e744f750e0da" testName="SOAPCommandRequestHandler_ExecuteFunction_HandleSequencesGetAround_NoMaxCountBefore" computerName="DKSR-EFI-06" duration="00:00:00.0011957" startTime="2024-01-09T15:42:15.3727056+01:00" endTime="2024-01-09T15:42:15.3727056+01:00" testType="13cdc9d9-ddb5-4fa4-a97d-d965ccfc6d4b" outcome="Passed" testListId="8c84fa94-04c1-424b-9868-57a2d4851a1d" relativeResultsDirectory="2370fb2f-4d27-431b-99d4-50ef5fa4acde" />
    <UnitTestResult executionId="6f5e39c9-79fa-44a8-9cdf-817d320688df" testId="e26a4203-5001-22a5-7812-e9bd56c9227f" testName="MediaDbCache_GetListFileSystemDiskUsage_Zero_Seconds_Timeout_Nothing_Cached" computerName="DKSR-EFI-06" duration="00:00:00.0016434" startTime="2024-01-09T15:42:30.3102135+01:00" endTime="2024-01-09T15:42:30.3102135+01:00" testType="13cdc9d9-ddb5-4fa4-a97d-d965ccfc6d4b" outcome="Passed" testListId="8c84fa94-04c1-424b-9868-57a2d4851a1d" relativeResultsDirectory="6f5e39c9-79fa-44a8-9cdf-817d320688df" />
    <UnitTestResult executionId="b559670e-d8b9-473c-af2d-2ab12b011c69" testId="db377e53-1a39-0696-a7d9-ae0a159833b8" testName="ConfigurationDatasetHolder_ApplyTableDistribution_NoDistributions_NoLiveTables_Success" computerName="DKSR-EFI-06" duration="00:00:01.9126902" startTime="2024-01-09T15:41:57.3102065+01:00" endTime="2024-01-09T15:41:59.2164632+01:00" testType="13cdc9d9-ddb5-4fa4-a97d-d965ccfc6d4b" outcome="Passed" testListId="8c84fa94-04c1-424b-9868-57a2d4851a1d" relativeResultsDirectory="b559670e-d8b9-473c-af2d-2ab12b011c69" />
    <UnitTestResult executionId="01d88eaf-97f1-4f75-8b17-8f1598e24dc4" testId="996aca1a-e8f5-5f14-2be0-84e55ef4e3cd" testName="ExecuteRuleActions_PostCommandIsNull_BadRequestResult" computerName="DKSR-EFI-06" duration="00:00:00.0017578" startTime="2024-01-09T15:42:02.7164180+01:00" endTime="2024-01-09T15:42:02.7164180+01:00" testType="13cdc9d9-ddb5-4fa4-a97d-d965ccfc6d4b" outcome="Passed" testListId="8c84fa94-04c1-424b-9868-57a2d4851a1d" relativeResultsDirectory="01d88eaf-97f1-4f75-8b17-8f1598e24dc4" />
    <UnitTestResult executionId="1f7d3228-e413-4dec-9dc3-c3cd240ffcb1" testId="da5205b9-0f99-3af5-fac3-d0934e4115a7" testName="EvidenceLockOnOldRecorderCommandHandler_DeleteEvidenceLock" computerName="DKSR-EFI-06" duration="00:00:00.0106420" startTime="2024-01-09T15:42:31.7945954+01:00" endTime="2024-01-09T15:42:31.8102163+01:00" testType="13cdc9d9-ddb5-4fa4-a97d-d965ccfc6d4b" outcome="Passed" testListId="8c84fa94-04c1-424b-9868-57a2d4851a1d" relativeResultsDirectory="1f7d3228-e413-4dec-9dc3-c3cd240ffcb1" />
    <UnitTestResult executionId="335627ca-94f8-4ed0-8b40-9b8de9cff6ed" testId="6a9298a7-5660-7e18-7315-5b9cdc4d96b2" testName="SetNetworkConfigurationCommandHandler_Execute_NullArgs_Throws" computerName="DKSR-EFI-06" duration="00:00:00.0076245" startTime="2024-01-09T15:42:36.9040007+01:00" endTime="2024-01-09T15:42:36.9040007+01:00" testType="13cdc9d9-ddb5-4fa4-a97d-d965ccfc6d4b" outcome="Passed" testListId="8c84fa94-04c1-424b-9868-57a2d4851a1d" relativeResultsDirectory="335627ca-94f8-4ed0-8b40-9b8de9cff6ed">
      <Output>
        <StdOut>Debug Trace:&#xD;
Fail: Command/Command handler type mismatch&#xD;
Fail: Argument null.</StdOut>
      </Output>
    </UnitTestResult>
    <UnitTestResult executionId="cbbb98bc-5437-4f0f-a4a7-3f852457d0d6" testId="cc256b6e-e64d-2ded-8470-461578180b1a" testName="GetNetworkConfigurationCommandHandler_Constructor_NullArg_Throws" computerName="DKSR-EFI-06" duration="00:00:00.0030303" startTime="2024-01-09T15:42:33.1383567+01:00" endTime="2024-01-09T15:42:33.1539774+01:00" testType="13cdc9d9-ddb5-4fa4-a97d-d965ccfc6d4b" outcome="Passed" testListId="8c84fa94-04c1-424b-9868-57a2d4851a1d" relativeResultsDirectory="cbbb98bc-5437-4f0f-a4a7-3f852457d0d6" />
    <UnitTestResult executionId="8571c27a-83e8-465b-bbb1-d4b1adcd7e77" testId="3297e64a-96d1-e7c5-1500-1d70047b24a0" testName="EdgeStorageLimitsParallel" computerName="DKSR-EFI-06" duration="00:00:00.0004669" startTime="2024-01-09T15:42:19.7789619+01:00" endTime="2024-01-09T15:42:19.7789619+01:00" testType="13cdc9d9-ddb5-4fa4-a97d-d965ccfc6d4b" outcome="Passed" testListId="8c84fa94-04c1-424b-9868-57a2d4851a1d" relativeResultsDirectory="8571c27a-83e8-465b-bbb1-d4b1adcd7e77" />
    <UnitTestResult executionId="812eb191-5580-4725-b29f-30da6a46fecd" testId="d9660f72-4df1-d187-5c48-111d1ab2a818" testName="PtzManager_GetAbsolutePosition_Success" computerName="DKSR-EFI-06" duration="00:00:00.0009849" startTime="2024-01-09T15:42:38.2321337+01:00" endTime="2024-01-09T15:42:38.2321337+01:00" testType="13cdc9d9-ddb5-4fa4-a97d-d965ccfc6d4b" outcome="Passed" testListId="8c84fa94-04c1-424b-9868-57a2d4851a1d" relativeResultsDirectory="812eb191-5580-4725-b29f-30da6a46fecd" />
    <UnitTestResult executionId="f8564f14-45d5-4874-bf42-38c708c767a6" testId="e358a3c2-d48a-21f5-ddbb-de9b4994f1b9" testName="EvidenceLockOnOldRecorderCommandHandler_ServerAndRecorderSameVersion" computerName="DKSR-EFI-06" duration="00:00:00.0012682" startTime="2024-01-09T15:42:31.7633425+01:00" endTime="2024-01-09T15:42:31.7633425+01:00" testType="13cdc9d9-ddb5-4fa4-a97d-d965ccfc6d4b" outcome="Passed" testListId="8c84fa94-04c1-424b-9868-57a2d4851a1d" relativeResultsDirectory="f8564f14-45d5-4874-bf42-38c708c767a6" />
    <UnitTestResult executionId="29163830-7322-43d8-ac6e-382272f396a5" testId="6e0f935c-61c9-80c2-e2bf-e72234ee7c74" testName="LicenseManager_IsFeaturePresent_AxisOneClick_Success" computerName="DKSR-EFI-06" duration="00:00:00.0010192" startTime="2024-01-09T15:42:19.7320966+01:00" endTime="2024-01-09T15:42:19.7320966+01:00" testType="13cdc9d9-ddb5-4fa4-a97d-d965ccfc6d4b" outcome="Passed" testListId="8c84fa94-04c1-424b-9868-57a2d4851a1d" relativeResultsDirectory="29163830-7322-43d8-ac6e-382272f396a5" />
    <UnitTestResult executionId="cc7b2d8f-95bc-439b-ae7a-2378daa32c17" testId="37723956-86e6-61c6-7a9b-c8c4a514efc9" testName="GoIntoOverflowOnFrames" computerName="DKSR-EFI-06" duration="00:00:00.0010364" startTime="2024-01-09T15:42:19.2945870+01:00" endTime="2024-01-09T15:42:19.2945870+01:00" testType="13cdc9d9-ddb5-4fa4-a97d-d965ccfc6d4b" outcome="Passed" testListId="8c84fa94-04c1-424b-9868-57a2d4851a1d" relativeResultsDirectory="cc7b2d8f-95bc-439b-ae7a-2378daa32c17" />
    <UnitTestResult executionId="9074a8c1-2150-4f37-8689-19e9f5c3788c" testId="2c393128-1d31-941d-fd39-4346e6775750" testName="SOAPCommandRequestHandler_ExecuteFunction_HandleJPEGGetAtOrBefore_Success" computerName="DKSR-EFI-06" duration="00:00:00.0020565" startTime="2024-01-09T15:42:16.0445835+01:00" endTime="2024-01-09T15:42:16.0445835+01:00" testType="13cdc9d9-ddb5-4fa4-a97d-d965ccfc6d4b" outcome="Passed" testListId="8c84fa94-04c1-424b-9868-57a2d4851a1d" relativeResultsDirectory="9074a8c1-2150-4f37-8689-19e9f5c3788c" />
    <UnitTestResult executionId="c58f6d28-d147-4e62-8328-e4fd8b7ded67" testId="45a4f1a6-2ce2-e56e-6836-f273a0af1ca2" testName="CheckDeleteDeviceMediaCommandHandler_LocalConfigG1_MediaDbG1G2G3G4_ExistedTracksG1G4_DeleteG2G3" computerName="DKSR-EFI-06" duration="00:00:00.0008385" startTime="2024-01-09T15:42:30.8258392+01:00" endTime="2024-01-09T15:42:30.8258392+01:00" testType="13cdc9d9-ddb5-4fa4-a97d-d965ccfc6d4b" outcome="Passed" testListId="8c84fa94-04c1-424b-9868-57a2d4851a1d" relativeResultsDirectory="c58f6d28-d147-4e62-8328-e4fd8b7ded67" />
    <UnitTestResult executionId="90c48316-f20d-4763-95d7-dd7e0a0c35c7" testId="48b4ba01-4353-a8ab-80b5-1fac51b080f4" testName="TriggerEventAsGlobalCommand_IsNull_BadRequestResult" computerName="DKSR-EFI-06" duration="00:00:00.0014381" startTime="2024-01-09T15:42:02.6226678+01:00" endTime="2024-01-09T15:42:02.6226678+01:00" testType="13cdc9d9-ddb5-4fa4-a97d-d965ccfc6d4b" outcome="Passed" testListId="8c84fa94-04c1-424b-9868-57a2d4851a1d" relativeResultsDirectory="90c48316-f20d-4763-95d7-dd7e0a0c35c7" />
    <UnitTestResult executionId="2fdbc665-fe54-4807-b4c1-6dc795c345f9" testId="fe3c3c93-891e-af05-d4d9-8e72bf2f8f73" testName="EnhanceSettings_SunnyDay_DisabledUserExcludeRegionsAndPrivacyMask" computerName="DKSR-EFI-06" duration="00:00:00.0011055" startTime="2024-01-09T15:42:19.4039599+01:00" endTime="2024-01-09T15:42:19.4039599+01:00" testType="13cdc9d9-ddb5-4fa4-a97d-d965ccfc6d4b" outcome="Passed" testListId="8c84fa94-04c1-424b-9868-57a2d4851a1d" relativeResultsDirectory="2fdbc665-fe54-4807-b4c1-6dc795c345f9" />
    <UnitTestResult executionId="7566b988-61f4-45e9-b609-fbddff3900f4" testId="c9ae505c-954a-a3d7-0ea8-010490b7d8f7" testName="RecordingStorageDeviceLinkEntries_QueryByDeviceId_Success" computerName="DKSR-EFI-06" duration="00:00:00.0018101" startTime="2024-01-09T15:42:01.7789125+01:00" endTime="2024-01-09T15:42:01.7789125+01:00" testType="13cdc9d9-ddb5-4fa4-a97d-d965ccfc6d4b" outcome="Passed" testListId="8c84fa94-04c1-424b-9868-57a2d4851a1d" relativeResultsDirectory="7566b988-61f4-45e9-b609-fbddff3900f4" />
    <UnitTestResult executionId="b1ac5d2b-91b0-4c2a-a583-d08c501aad84" testId="14909b23-ea85-673c-9740-06a78103c898" testName="CreateSettingsForInitializeHardwareAndDeviceSettings_NoInitAttributes_Return_NoSettings" computerName="DKSR-EFI-06" duration="00:00:00.0282311" startTime="2024-01-09T15:42:00.2477178+01:00" endTime="2024-01-09T15:42:00.2633417+01:00" testType="13cdc9d9-ddb5-4fa4-a97d-d965ccfc6d4b" outcome="Passed" testListId="8c84fa94-04c1-424b-9868-57a2d4851a1d" relativeResultsDirectory="b1ac5d2b-91b0-4c2a-a583-d08c501aad84" />
    <UnitTestResult executionId="1c344037-3b6e-40fd-99b5-f315c3773261" testId="224b8295-b978-2161-ab00-7a8a1c4ac760" testName="PtzReserveSessionCommandHandler_Execute_PtzException_Other" computerName="DKSR-EFI-06" duration="00:00:00.0004642" startTime="2024-01-09T15:42:36.3102485+01:00" endTime="2024-01-09T15:42:36.3102485+01:00" testType="13cdc9d9-ddb5-4fa4-a97d-d965ccfc6d4b" outcome="Passed" testListId="8c84fa94-04c1-424b-9868-57a2d4851a1d" relativeResultsDirectory="1c344037-3b6e-40fd-99b5-f315c3773261" />
    <UnitTestResult executionId="05c39fde-66dc-4666-a731-a4c65b4b4c0a" testId="e9d00f7c-f554-d861-613e-abcdc5284ee5" testName="SOAPCommandRequestHandler_ExecuteFunction_HandleTimeLineInformationGet_NoTimeLineInformationCount" computerName="DKSR-EFI-06" duration="00:00:00.0011571" startTime="2024-01-09T15:42:15.6539556+01:00" endTime="2024-01-09T15:42:15.6539556+01:00" testType="13cdc9d9-ddb5-4fa4-a97d-d965ccfc6d4b" outcome="Passed" testListId="8c84fa94-04c1-424b-9868-57a2d4851a1d" relativeResultsDirectory="05c39fde-66dc-4666-a731-a4c65b4b4c0a" />
    <UnitTestResult executionId="0389dd05-c4c2-4ca9-b0e0-7a980ec87fba" testId="fdcce838-d7d2-f8af-e608-91b54f5cd1aa" testName="CallLinkedDeviceStartedMethodCameraNotRecording" computerName="DKSR-EFI-06" duration="00:00:00.0004285" startTime="2024-01-09T15:42:19.1852087+01:00" endTime="2024-01-09T15:42:19.1852087+01:00" testType="13cdc9d9-ddb5-4fa4-a97d-d965ccfc6d4b" outcome="Passed" testListId="8c84fa94-04c1-424b-9868-57a2d4851a1d" relativeResultsDirectory="0389dd05-c4c2-4ca9-b0e0-7a980ec87fba" />
    <UnitTestResult executionId="7a50a4e1-2af1-4849-bc41-1cfc764d87b4" testId="6fcf6796-bbd1-5878-d43c-f3a5449b7297" testName="DatabaseoperationCommandhandler_VerifyStorageAndArchiveOnline_Archive_Online" computerName="DKSR-EFI-06" duration="00:00:00.0012263" startTime="2024-01-09T15:42:31.1695896+01:00" endTime="2024-01-09T15:42:31.1695896+01:00" testType="13cdc9d9-ddb5-4fa4-a97d-d965ccfc6d4b" outcome="Passed" testListId="8c84fa94-04c1-424b-9868-57a2d4851a1d" relativeResultsDirectory="7a50a4e1-2af1-4849-bc41-1cfc764d87b4" />
    <UnitTestResult executionId="a744e9d1-6107-4b7e-9a19-558766f3b043" testId="b044120d-41b9-7ebe-4823-a30189c35ed3" testName="AudioPlayerOnSpeaker_PlayUsingCurrentThread_3_Devices_All_Failing" computerName="DKSR-EFI-06" duration="00:00:00.0008439" startTime="2024-01-09T15:42:38.7633832+01:00" endTime="2024-01-09T15:42:38.7633832+01:00" testType="13cdc9d9-ddb5-4fa4-a97d-d965ccfc6d4b" outcome="Passed" testListId="8c84fa94-04c1-424b-9868-57a2d4851a1d" relativeResultsDirectory="a744e9d1-6107-4b7e-9a19-558766f3b043" />
    <UnitTestResult executionId="d489d643-cf2b-4759-af94-60c46a3523c6" testId="52c2a54e-6f69-1de0-071f-9a3eb76d2bd6" testName="IsInRange_ShouldReturnTrue_WhenAddressIsBetweenStartAndEnd" computerName="DKSR-EFI-06" duration="00:00:00.0001404" startTime="2024-01-09T15:42:29.7789639+01:00" endTime="2024-01-09T15:42:29.7789639+01:00" testType="13cdc9d9-ddb5-4fa4-a97d-d965ccfc6d4b" outcome="Passed" testListId="8c84fa94-04c1-424b-9868-57a2d4851a1d" relativeResultsDirectory="d489d643-cf2b-4759-af94-60c46a3523c6" />
    <UnitTestResult executionId="f177882a-d2c7-46ef-8770-aef2741c41cd" testId="4ab85330-3715-6760-6b66-c97c2904e0fb" testName="PtzManager_ActivatePatrollingSchema_Success" computerName="DKSR-EFI-06" duration="00:00:00.0041407" startTime="2024-01-09T15:42:38.1071332+01:00" endTime="2024-01-09T15:42:38.1071332+01:00" testType="13cdc9d9-ddb5-4fa4-a97d-d965ccfc6d4b" outcome="Passed" testListId="8c84fa94-04c1-424b-9868-57a2d4851a1d" relativeResultsDirectory="f177882a-d2c7-46ef-8770-aef2741c41cd" />
    <UnitTestResult executionId="f232935b-fc1d-4dbb-a8c4-9c197e7913ba" testId="cd765419-3042-e952-affd-c5b3ad771e2f" testName="GetHardwareUsersCommandHandler_Execute_InvalidUser_NoUserLevelString_ExpectedUsersReturned" computerName="DKSR-EFI-06" duration="00:00:00.0007963" startTime="2024-01-09T15:42:33.0914830+01:00" endTime="2024-01-09T15:42:33.0914830+01:00" testType="13cdc9d9-ddb5-4fa4-a97d-d965ccfc6d4b" outcome="Passed" testListId="8c84fa94-04c1-424b-9868-57a2d4851a1d" relativeResultsDirectory="f232935b-fc1d-4dbb-a8c4-9c197e7913ba" />
    <UnitTestResult executionId="6d29aa23-5a8f-4b0c-b18f-28976590ac80" testId="a24521ed-430f-a4e4-99ec-425a3168caea" testName="SOAPCommandRequestHandler_ExecuteFunction_HandlePTZCenter_NoZoom" computerName="DKSR-EFI-06" duration="00:00:00.0006357" startTime="2024-01-09T15:42:16.1852100+01:00" endTime="2024-01-09T15:42:16.1852100+01:00" testType="13cdc9d9-ddb5-4fa4-a97d-d965ccfc6d4b" outcome="Passed" testListId="8c84fa94-04c1-424b-9868-57a2d4851a1d" relativeResultsDirectory="6d29aa23-5a8f-4b0c-b18f-28976590ac80" />
    <UnitTestResult executionId="9151e462-883b-49c0-bb6b-e9ec8e65f975" testId="160fa9b6-e0e0-b68c-5f8a-83668432548f" testName="RequestArchiveInformation_StorageIDMapping_GUIDs_Multi" computerName="DKSR-EFI-06" duration="00:00:00.0027037" startTime="2024-01-09T15:42:18.2789613+01:00" endTime="2024-01-09T15:42:18.2789613+01:00" testType="13cdc9d9-ddb5-4fa4-a97d-d965ccfc6d4b" outcome="Passed" testListId="8c84fa94-04c1-424b-9868-57a2d4851a1d" relativeResultsDirectory="9151e462-883b-49c0-bb6b-e9ec8e65f975" />
    <UnitTestResult executionId="eeaec162-1f1b-4dad-9eda-c5dc640fb8f0" testId="5fdbc1fd-a841-1dde-9f6d-f82cd22344bc" testName="Transform_EmptyMask_Success" computerName="DKSR-EFI-06" duration="00:00:00.2345965" startTime="2024-01-09T15:42:14.9352047+01:00" endTime="2024-01-09T15:42:15.1852073+01:00" testType="13cdc9d9-ddb5-4fa4-a97d-d965ccfc6d4b" outcome="Passed" testListId="8c84fa94-04c1-424b-9868-57a2d4851a1d" relativeResultsDirectory="eeaec162-1f1b-4dad-9eda-c5dc640fb8f0" />
    <UnitTestResult executionId="68e676c5-c589-43c5-85fa-fbcfcc659c6c" testId="34d6c2ba-7066-1f87-cafb-c22794b8fcae" testName="IsInRange_ShouldReturnFalse_WhenEndHasIncorrectFormat" computerName="DKSR-EFI-06" duration="00:00:00.0002182" startTime="2024-01-09T15:42:29.8414651+01:00" endTime="2024-01-09T15:42:29.8414651+01:00" testType="13cdc9d9-ddb5-4fa4-a97d-d965ccfc6d4b" outcome="Passed" testListId="8c84fa94-04c1-424b-9868-57a2d4851a1d" relativeResultsDirectory="68e676c5-c589-43c5-85fa-fbcfcc659c6c" />
    <UnitTestResult executionId="92860a48-4baa-416e-b034-a2c57d6c2d99" testId="af2d9538-16b8-319e-83bc-b6238cfb1564" testName="GetMulticastConnectData_Success" computerName="DKSR-EFI-06" duration="00:00:00.0229806" startTime="2024-01-09T15:42:19.6070857+01:00" endTime="2024-01-09T15:42:19.6383368+01:00" testType="13cdc9d9-ddb5-4fa4-a97d-d965ccfc6d4b" outcome="Passed" testListId="8c84fa94-04c1-424b-9868-57a2d4851a1d" relativeResultsDirectory="92860a48-4baa-416e-b034-a2c57d6c2d99" />
    <UnitTestResult executionId="cc33a2a0-397d-4110-b120-aa69ff2ee334" testId="a9e1dd14-fe51-f317-1164-bb8a44f4e9b4" testName="AddStatus_DoesNotSendTheSameStatus_OnMultipleStatusCalls" computerName="DKSR-EFI-06" duration="00:00:00.0006127" startTime="2024-01-09T15:42:01.6539127+01:00" endTime="2024-01-09T15:42:01.6695362+01:00" testType="13cdc9d9-ddb5-4fa4-a97d-d965ccfc6d4b" outcome="Passed" testListId="8c84fa94-04c1-424b-9868-57a2d4851a1d" relativeResultsDirectory="cc33a2a0-397d-4110-b120-aa69ff2ee334" />
    <UnitTestResult executionId="c69f7bc3-9e58-432a-bcf3-6aabc193c992" testId="b8fe7c92-8c17-e5ef-3b8a-907bb082536b" testName="PtzManager_CenterOnPositionInView_NoResolution" computerName="DKSR-EFI-06" duration="00:00:00.0041972" startTime="2024-01-09T15:42:38.2008828+01:00" endTime="2024-01-09T15:42:38.2008828+01:00" testType="13cdc9d9-ddb5-4fa4-a97d-d965ccfc6d4b" outcome="Passed" testListId="8c84fa94-04c1-424b-9868-57a2d4851a1d" relativeResultsDirectory="c69f7bc3-9e58-432a-bcf3-6aabc193c992" />
    <UnitTestResult executionId="3f133b10-992e-404e-a9a6-06d70e58a655" testId="f168c7b5-70cd-8d86-0477-39fce3d87509" testName="GetAbsolutePtzPositionCommandHandler_Execute_Device_Not_Found" computerName="DKSR-EFI-06" duration="00:00:00.0007696" startTime="2024-01-09T15:42:33.0133546+01:00" endTime="2024-01-09T15:42:33.0133546+01:00" testType="13cdc9d9-ddb5-4fa4-a97d-d965ccfc6d4b" outcome="Passed" testListId="8c84fa94-04c1-424b-9868-57a2d4851a1d" relativeResultsDirectory="3f133b10-992e-404e-a9a6-06d70e58a655" />
    <UnitTestResult executionId="c50f4cb4-7d93-4c19-9d86-09defdbc0317" testId="7a2b4445-6550-2bc9-9a63-77baee7c363a" testName="ConfigurationDatasetHolder_ApplyTableDistribution_NoDistributions_LiveTableExists_Success" computerName="DKSR-EFI-06" duration="00:00:00.0077490" startTime="2024-01-09T15:41:59.2320877+01:00" endTime="2024-01-09T15:41:59.2320877+01:00" testType="13cdc9d9-ddb5-4fa4-a97d-d965ccfc6d4b" outcome="Passed" testListId="8c84fa94-04c1-424b-9868-57a2d4851a1d" relativeResultsDirectory="c50f4cb4-7d93-4c19-9d86-09defdbc0317" />
    <UnitTestResult executionId="105e900b-7a9c-45f1-a438-4457a5b1116b" testId="9d85024a-ea9e-440c-34f9-b41b5a2ebe56" testName="ConnectSuccess_NextWithTime" computerName="DKSR-EFI-06" duration="00:00:00.0054559" startTime="2024-01-09T15:42:12.8883270+01:00" endTime="2024-01-09T15:42:12.8883270+01:00" testType="13cdc9d9-ddb5-4fa4-a97d-d965ccfc6d4b" outcome="Passed" testListId="8c84fa94-04c1-424b-9868-57a2d4851a1d" relativeResultsDirectory="105e900b-7a9c-45f1-a438-4457a5b1116b" />
    <UnitTestResult executionId="d1ad5b71-ef3e-4798-b777-b8541945d322" testId="e20f75e9-b94a-a7b7-b4a5-b01aab2ffc9e" testName="AddHardwareUserCommandHandler_Execute_HardwareNotStarted_Errors" computerName="DKSR-EFI-06" duration="00:00:00.0007957" startTime="2024-01-09T15:42:30.6227143+01:00" endTime="2024-01-09T15:42:30.6227143+01:00" testType="13cdc9d9-ddb5-4fa4-a97d-d965ccfc6d4b" outcome="Passed" testListId="8c84fa94-04c1-424b-9868-57a2d4851a1d" relativeResultsDirectory="d1ad5b71-ef3e-4798-b777-b8541945d322" />
    <UnitTestResult executionId="d4cade2b-e433-4d6d-8840-dbec1f595ed4" testId="12eba2f8-40c7-c6a3-279f-510ff103cd38" testName="SynchronizeDevicePresetsCommandHandler_Execute_QueryPresetsFromDevice_Throws_DeviceCommunicationException" computerName="DKSR-EFI-06" duration="00:00:00.0011942" startTime="2024-01-09T15:42:37.0758770+01:00" endTime="2024-01-09T15:42:37.0758770+01:00" testType="13cdc9d9-ddb5-4fa4-a97d-d965ccfc6d4b" outcome="Passed" testListId="8c84fa94-04c1-424b-9868-57a2d4851a1d" relativeResultsDirectory="d4cade2b-e433-4d6d-8840-dbec1f595ed4" />
    <UnitTestResult executionId="0b98eccb-ea86-40e7-91a4-d2cda26a0129" testId="51069a4b-333d-4a1a-ed56-b47914a38599" testName="DeleteHardwareUserCommandHandler_Execute_Success" computerName="DKSR-EFI-06" duration="00:00:00.0009658" startTime="2024-01-09T15:42:31.7164685+01:00" endTime="2024-01-09T15:42:31.7164685+01:00" testType="13cdc9d9-ddb5-4fa4-a97d-d965ccfc6d4b" outcome="Passed" testListId="8c84fa94-04c1-424b-9868-57a2d4851a1d" relativeResultsDirectory="0b98eccb-ea86-40e7-91a4-d2cda26a0129" />
    <UnitTestResult executionId="669872c1-156c-419a-8aed-1c53898e9506" testId="18eb9110-9414-c4d5-5992-2f524497773e" testName="CheckExternalRecorderRegistrationCommandHandler_Execute_Address_Empty_Throws" computerName="DKSR-EFI-06" duration="00:00:00.0027110" startTime="2024-01-09T15:42:30.8570895+01:00" endTime="2024-01-09T15:42:30.8570895+01:00" testType="13cdc9d9-ddb5-4fa4-a97d-d965ccfc6d4b" outcome="Passed" testListId="8c84fa94-04c1-424b-9868-57a2d4851a1d" relativeResultsDirectory="669872c1-156c-419a-8aed-1c53898e9506">
      <Output>
        <StdOut>Debug Trace:&#xD;
Fail: External recorder address cannot be empty.</StdOut>
      </Output>
    </UnitTestResult>
    <UnitTestResult executionId="8b49e859-c5f0-4946-8d7f-0f92a3c374fe" testId="41585dcc-8c99-3c82-1806-42dfea182e7a" testName="GetStatistics_Framerate_JPEG_Not_Enough_Data_Gives_Zero_Percent" computerName="DKSR-EFI-06" duration="00:00:00.0058744" startTime="2024-01-09T15:42:19.3102084+01:00" endTime="2024-01-09T15:42:19.3102084+01:00" testType="13cdc9d9-ddb5-4fa4-a97d-d965ccfc6d4b" outcome="Passed" testListId="8c84fa94-04c1-424b-9868-57a2d4851a1d" relativeResultsDirectory="8b49e859-c5f0-4946-8d7f-0f92a3c374fe" />
    <UnitTestResult executionId="5f319c3e-b6c6-424e-b77e-4542643482c0" testId="e958b283-ee01-b682-79fb-ca1ddfb45fc8" testName="ExecuteFunction_GetArchiveStorageStatus_Success" computerName="DKSR-EFI-06" duration="00:00:00.0062701" startTime="2024-01-09T15:42:16.6383327+01:00" endTime="2024-01-09T15:42:16.6383327+01:00" testType="13cdc9d9-ddb5-4fa4-a97d-d965ccfc6d4b" outcome="Passed" testListId="8c84fa94-04c1-424b-9868-57a2d4851a1d" relativeResultsDirectory="5f319c3e-b6c6-424e-b77e-4542643482c0" />
    <UnitTestResult executionId="27c93610-5ebb-4741-8b20-3dd084701b78" testId="d3a3c4d8-fbcb-7ee8-0479-ab7df60c22c2" testName="DatabaseoperationCommandhandler_VerifyStorageAndArchiveOnline_Storage_Online" computerName="DKSR-EFI-06" duration="00:00:00.0007164" startTime="2024-01-09T15:42:31.1695896+01:00" endTime="2024-01-09T15:42:31.1695896+01:00" testType="13cdc9d9-ddb5-4fa4-a97d-d965ccfc6d4b" outcome="Passed" testListId="8c84fa94-04c1-424b-9868-57a2d4851a1d" relativeResultsDirectory="27c93610-5ebb-4741-8b20-3dd084701b78" />
    <UnitTestResult executionId="632a51bb-1967-432c-af39-d4ca3df87a1a" testId="9fe1fe9c-cbb3-4f36-d0e4-20d8d6fee849" testName="SOAPCommandRequestHandler_ExecuteFunction_HandleMulticastStart_No_Multicast_Address_Available" computerName="DKSR-EFI-06" duration="00:00:00.0035425" startTime="2024-01-09T15:42:15.7477055+01:00" endTime="2024-01-09T15:42:15.7477055+01:00" testType="13cdc9d9-ddb5-4fa4-a97d-d965ccfc6d4b" outcome="Passed" testListId="8c84fa94-04c1-424b-9868-57a2d4851a1d" relativeResultsDirectory="632a51bb-1967-432c-af39-d4ca3df87a1a" />
    <UnitTestResult executionId="0b811f88-990b-41fe-9b37-c93548a5ec77" testId="fc5d833f-4890-756d-c3f3-69557f01bf61" testName="SOAPCommandRequestHandler_ExecuteFunction_HandlePTZMoveRelative_No_Priority" computerName="DKSR-EFI-06" duration="00:00:00.0014380" startTime="2024-01-09T15:42:16.2945846+01:00" endTime="2024-01-09T15:42:16.3102070+01:00" testType="13cdc9d9-ddb5-4fa4-a97d-d965ccfc6d4b" outcome="Passed" testListId="8c84fa94-04c1-424b-9868-57a2d4851a1d" relativeResultsDirectory="0b811f88-990b-41fe-9b37-c93548a5ec77" />
    <UnitTestResult executionId="e3f3b380-aca1-46d0-b8cd-a6a509d4dd89" testId="3f45c582-7055-c0c3-8a6c-b27ce510730c" testName="PtzPatrollingSession_Constructor_ArgumentNullException" computerName="DKSR-EFI-06" duration="00:00:00.0056149" startTime="2024-01-09T15:42:38.4508818+01:00" endTime="2024-01-09T15:42:38.4508818+01:00" testType="13cdc9d9-ddb5-4fa4-a97d-d965ccfc6d4b" outcome="Passed" testListId="8c84fa94-04c1-424b-9868-57a2d4851a1d" relativeResultsDirectory="e3f3b380-aca1-46d0-b8cd-a6a509d4dd89">
      <Output>
        <StdOut>Debug Trace:&#xD;
Fail: Argument 'ptzController' cannot be null</StdOut>
      </Output>
    </UnitTestResult>
    <UnitTestResult executionId="fac117da-56bb-4963-88ad-92ba3f5e9434" testId="39f8b12a-040d-3c65-8a53-4fb31ea1ab10" testName="MediaDbCache_SetListFileSystemDiskUsage_Set_Twice_Caches_First" computerName="DKSR-EFI-06" duration="00:00:00.0031995" startTime="2024-01-09T15:42:30.2320900+01:00" endTime="2024-01-09T15:42:30.2320900+01:00" testType="13cdc9d9-ddb5-4fa4-a97d-d965ccfc6d4b" outcome="Passed" testListId="8c84fa94-04c1-424b-9868-57a2d4851a1d" relativeResultsDirectory="fac117da-56bb-4963-88ad-92ba3f5e9434" />
    <UnitTestResult executionId="39bed00e-1cba-408e-af7c-995e4a991407" testId="c57a4b4d-48de-d9b0-c7ad-7ee9d6182b38" testName="PtzReleaseSessionCommandHandler_Execute_PtzException_PatrollingSessionAttemptedReleased" computerName="DKSR-EFI-06" duration="00:00:00.0004312" startTime="2024-01-09T15:42:36.2321230+01:00" endTime="2024-01-09T15:42:36.2321230+01:00" testType="13cdc9d9-ddb5-4fa4-a97d-d965ccfc6d4b" outcome="Passed" testListId="8c84fa94-04c1-424b-9868-57a2d4851a1d" relativeResultsDirectory="39bed00e-1cba-408e-af7c-995e4a991407" />
    <UnitTestResult executionId="22e47d48-c600-4451-9a20-e43e655fc30e" testId="9cbfbcb0-332e-6532-6b5f-4a3268f1cc19" testName="HardwareSetupInformationCommandHandler_Ctor_Null_ThrowArgumentNullException" computerName="DKSR-EFI-06" duration="00:00:00.0009123" startTime="2024-01-09T15:42:33.2477288+01:00" endTime="2024-01-09T15:42:33.2477288+01:00" testType="13cdc9d9-ddb5-4fa4-a97d-d965ccfc6d4b" outcome="Passed" testListId="8c84fa94-04c1-424b-9868-57a2d4851a1d" relativeResultsDirectory="22e47d48-c600-4451-9a20-e43e655fc30e" />
    <UnitTestResult executionId="8f909995-bb18-4992-8758-53808deb92af" testId="115bd2f0-1853-8480-252f-37ca6d40c3a6" testName="PtzManagerDataHolder_GetOrAddPtzController_Success" computerName="DKSR-EFI-06" duration="00:00:00.2252943" startTime="2024-01-09T15:42:37.4508794+01:00" endTime="2024-01-09T15:42:37.6696300+01:00" testType="13cdc9d9-ddb5-4fa4-a97d-d965ccfc6d4b" outcome="Passed" testListId="8c84fa94-04c1-424b-9868-57a2d4851a1d" relativeResultsDirectory="8f909995-bb18-4992-8758-53808deb92af">
      <Output>
        <StdOut>Debug Trace:&#xD;
VideoOS.Recorder.PtzDefaultSession session started&#xD;
VideoOS.Recorder.PtzDefaultSession session, OnBeforeExecuteRequest&#xD;
VideoOS.Recorder.PtzDefaultSession session stopped</StdOut>
      </Output>
    </UnitTestResult>
    <UnitTestResult executionId="9c80af6b-43e5-4f9e-9328-0428b07b3427" testId="c4a10832-9a58-deb5-3a21-94cad219c233" testName="DriverProxyInstanceManager_AddSameHardwareTwice_AddedToProxyInstanceOnlyOnce" computerName="DKSR-EFI-06" duration="00:00:00.0003432" startTime="2024-01-09T15:42:00.5450784+01:00" endTime="2024-01-09T15:42:00.5450784+01:00" testType="13cdc9d9-ddb5-4fa4-a97d-d965ccfc6d4b" outcome="Passed" testListId="8c84fa94-04c1-424b-9868-57a2d4851a1d" relativeResultsDirectory="9c80af6b-43e5-4f9e-9328-0428b07b3427" />
    <UnitTestResult executionId="fb9557aa-f335-4867-a214-c63cfd021dae" testId="06f1153d-4313-902a-26b0-c66230e076df" testName="AddHardwareUserCommandHandler_Execute_AddUser_ThrowsUserHandlingUserNameTooLong_Errors" computerName="DKSR-EFI-06" duration="00:00:00.0008330" startTime="2024-01-09T15:42:30.6383392+01:00" endTime="2024-01-09T15:42:30.6383392+01:00" testType="13cdc9d9-ddb5-4fa4-a97d-d965ccfc6d4b" outcome="Passed" testListId="8c84fa94-04c1-424b-9868-57a2d4851a1d" relativeResultsDirectory="fb9557aa-f335-4867-a214-c63cfd021dae" />
    <UnitTestResult executionId="78ed09b3-5abb-4236-9be7-8d3b37f7078b" testId="792bb89b-96d1-8463-29e5-370047183190" testName="DatabaseTaskCommandHandler_EmptyDevice_TableExistsException_Failure" computerName="DKSR-EFI-06" duration="00:00:00.0026743" startTime="2024-01-09T15:42:31.2633405+01:00" endTime="2024-01-09T15:42:31.2633405+01:00" testType="13cdc9d9-ddb5-4fa4-a97d-d965ccfc6d4b" outcome="Passed" testListId="8c84fa94-04c1-424b-9868-57a2d4851a1d" relativeResultsDirectory="78ed09b3-5abb-4236-9be7-8d3b37f7078b" />
    <UnitTestResult executionId="007d2a1c-62b7-43ea-bbdc-dc5b9a17b82c" testId="3ebdfff6-57b7-959a-951a-ffe007e8e4ae" testName="SOAPCommandRequestHandler_ExecuteFunction_HandleStartManualRecording_NoDeviceIds" computerName="DKSR-EFI-06" duration="00:00:00.0025630" startTime="2024-01-09T15:42:15.8570825+01:00" endTime="2024-01-09T15:42:15.8570825+01:00" testType="13cdc9d9-ddb5-4fa4-a97d-d965ccfc6d4b" outcome="Passed" testListId="8c84fa94-04c1-424b-9868-57a2d4851a1d" relativeResultsDirectory="007d2a1c-62b7-43ea-bbdc-dc5b9a17b82c" />
    <UnitTestResult executionId="1dfce814-3ded-4a1d-8ca6-f327d5cd2daf" testId="de85ce79-72ac-04bb-172f-715bd684d060" testName="ConnectionShutdown_DeviceOnlyInConfig" computerName="DKSR-EFI-06" duration="00:00:00.0016433" startTime="2024-01-09T15:42:12.7950914+01:00" endTime="2024-01-09T15:42:12.7950914+01:00" testType="13cdc9d9-ddb5-4fa4-a97d-d965ccfc6d4b" outcome="Passed" testListId="8c84fa94-04c1-424b-9868-57a2d4851a1d" relativeResultsDirectory="1dfce814-3ded-4a1d-8ca6-f327d5cd2daf" />
    <UnitTestResult executionId="b38472aa-6809-4bd4-abca-4182491b1a99" testId="b271a3a8-d635-e265-93cc-3f6010f44312" testName="ConnectSuccessAdvancedVideoParams_CameraWithTrack" computerName="DKSR-EFI-06" duration="00:00:00.0037870" startTime="2024-01-09T15:42:12.6852005+01:00" endTime="2024-01-09T15:42:12.6852005+01:00" testType="13cdc9d9-ddb5-4fa4-a97d-d965ccfc6d4b" outcome="Passed" testListId="8c84fa94-04c1-424b-9868-57a2d4851a1d" relativeResultsDirectory="b38472aa-6809-4bd4-abca-4182491b1a99" />
    <UnitTestResult executionId="ec3a0beb-5dff-4b13-a642-420a077d0df2" testId="a2238e00-5e9d-7fb8-9fcc-b42a473add09" testName="PtzManagerDataHolder_GetControllersClone_Success" computerName="DKSR-EFI-06" duration="00:00:00.1328895" startTime="2024-01-09T15:42:37.7790064+01:00" endTime="2024-01-09T15:42:37.9196326+01:00" testType="13cdc9d9-ddb5-4fa4-a97d-d965ccfc6d4b" outcome="Passed" testListId="8c84fa94-04c1-424b-9868-57a2d4851a1d" relativeResultsDirectory="ec3a0beb-5dff-4b13-a642-420a077d0df2">
      <Output>
        <StdOut>Debug Trace:&#xD;
VideoOS.Recorder.PtzDefaultSession session started&#xD;
VideoOS.Recorder.PtzDefaultSession session, OnBeforeExecuteRequest&#xD;
VideoOS.Recorder.PtzDefaultSession session started&#xD;
VideoOS.Recorder.PtzDefaultSession session, OnBeforeExecuteRequest&#xD;
VideoOS.Recorder.PtzDefaultSession session stopped&#xD;
VideoOS.Recorder.PtzDefaultSession session stopped</StdOut>
      </Output>
    </UnitTestResult>
    <UnitTestResult executionId="db8bbe4b-2e1c-42c1-8f41-699754062525" testId="cd242aaa-22da-d717-dda8-cda3a410d13b" testName="PtzManagerDataHolder_UpdateSchema_Not_Exists_Add" computerName="DKSR-EFI-06" duration="00:00:00.0006441" startTime="2024-01-09T15:42:37.1540023+01:00" endTime="2024-01-09T15:42:37.1540023+01:00" testType="13cdc9d9-ddb5-4fa4-a97d-d965ccfc6d4b" outcome="Passed" testListId="8c84fa94-04c1-424b-9868-57a2d4851a1d" relativeResultsDirectory="db8bbe4b-2e1c-42c1-8f41-699754062525" />
    <UnitTestResult executionId="3904232f-2b5f-4637-bf8b-48cb27683607" testId="f33e04b6-aea3-7165-10c9-0390aed46af6" testName="ReadMessageHeaders_Http_ISO_8859_1_Encoded_SpecialChars_ReadSuccess" computerName="DKSR-EFI-06" duration="00:00:00.0008201" startTime="2024-01-09T15:42:16.7945845+01:00" endTime="2024-01-09T15:42:16.7945845+01:00" testType="13cdc9d9-ddb5-4fa4-a97d-d965ccfc6d4b" outcome="Passed" testListId="8c84fa94-04c1-424b-9868-57a2d4851a1d" relativeResultsDirectory="3904232f-2b5f-4637-bf8b-48cb27683607" />
    <UnitTestResult executionId="9d10cd19-a6f9-40e9-938e-c4bc51941b9c" testId="9e946e1a-69e1-5173-befa-827104fe6bea" testName="PtzManager_SetConfiguration_Unknown_Exception" computerName="DKSR-EFI-06" duration="00:00:00.0076728" startTime="2024-01-09T15:42:38.0290069+01:00" endTime="2024-01-09T15:42:38.0290069+01:00" testType="13cdc9d9-ddb5-4fa4-a97d-d965ccfc6d4b" outcome="Passed" testListId="8c84fa94-04c1-424b-9868-57a2d4851a1d" relativeResultsDirectory="9d10cd19-a6f9-40e9-938e-c4bc51941b9c" />
    <UnitTestResult executionId="963eb135-5fa8-43ef-81ab-e9fd6641b999" testId="665b1f0f-1d1c-7042-b714-c16e80b625c9" testName="GetStatistics_Framerate_ZeroFrames" computerName="DKSR-EFI-06" duration="00:00:00.0005383" startTime="2024-01-09T15:42:19.3414860+01:00" endTime="2024-01-09T15:42:19.3414860+01:00" testType="13cdc9d9-ddb5-4fa4-a97d-d965ccfc6d4b" outcome="Passed" testListId="8c84fa94-04c1-424b-9868-57a2d4851a1d" relativeResultsDirectory="963eb135-5fa8-43ef-81ab-e9fd6641b999" />
    <UnitTestResult executionId="35085083-1941-4ed1-8ef7-da4ccfc42717" testId="fa371e32-3613-5a96-34d6-955f4e6352f7" testName="PtzPatrollingSessionBase_Start_AlreadyRunning" computerName="DKSR-EFI-06" duration="00:00:00.0008900" startTime="2024-01-09T15:42:38.4977595+01:00" endTime="2024-01-09T15:42:38.4977595+01:00" testType="13cdc9d9-ddb5-4fa4-a97d-d965ccfc6d4b" outcome="Passed" testListId="8c84fa94-04c1-424b-9868-57a2d4851a1d" relativeResultsDirectory="35085083-1941-4ed1-8ef7-da4ccfc42717">
      <Output>
        <StdOut>Debug Trace:&#xD;
VideoOS.Recorder.PtzPatrollingSession session started</StdOut>
      </Output>
    </UnitTestResult>
    <UnitTestResult executionId="f95ecf47-b7cd-4334-b220-7dc160fb2c7c" testId="01e4eee8-390a-a03d-6f7a-91218197b87f" testName="GetRecorderTasksWithPendingStop_InternalStateStopped_ReturnsNull" computerName="DKSR-EFI-06" duration="00:00:00.0008008" startTime="2024-01-09T15:42:02.2476636+01:00" endTime="2024-01-09T15:42:02.2476636+01:00" testType="13cdc9d9-ddb5-4fa4-a97d-d965ccfc6d4b" outcome="Passed" testListId="8c84fa94-04c1-424b-9868-57a2d4851a1d" relativeResultsDirectory="f95ecf47-b7cd-4334-b220-7dc160fb2c7c" />
    <UnitTestResult executionId="95a9b258-a51f-47ad-9481-2fb27283bc45" testId="254144ee-130b-94a1-4f9c-a6d6962c065d" testName="CheckDeleteDeviceMediaCommandHandler_LocalConfigEmpty_MediaDbFails_ExistedTracksG1_DeviceNotStopped_NoDelete" computerName="DKSR-EFI-06" duration="00:00:00.0002927" startTime="2024-01-09T15:42:30.8258392+01:00" endTime="2024-01-09T15:42:30.8258392+01:00" testType="13cdc9d9-ddb5-4fa4-a97d-d965ccfc6d4b" outcome="Passed" testListId="8c84fa94-04c1-424b-9868-57a2d4851a1d" relativeResultsDirectory="95a9b258-a51f-47ad-9481-2fb27283bc45" />
    <UnitTestResult executionId="195c85f0-ccb2-435b-adfc-fd01439d90a1" testId="5fcba691-5934-5239-5d8d-0dca3db97c9d" testName="FailoverMediaMover_MoveMediaDataHere_NonExisting_Devices_Deleted" computerName="DKSR-EFI-06" duration="00:00:00.0058497" startTime="2024-01-09T15:42:01.3257836+01:00" endTime="2024-01-09T15:42:01.3257836+01:00" testType="13cdc9d9-ddb5-4fa4-a97d-d965ccfc6d4b" outcome="Passed" testListId="8c84fa94-04c1-424b-9868-57a2d4851a1d" relativeResultsDirectory="195c85f0-ccb2-435b-adfc-fd01439d90a1" />
    <UnitTestResult executionId="f6db1c0b-f06b-4741-ad63-8ab39c5d2dd5" testId="696b05c3-3a26-73f0-0bf8-aa5802818586" testName="FirmwareUpgradeCommandHandler_Execute_FirmwareUpgradeStatus_ThrowsUnsupported_Errors" computerName="DKSR-EFI-06" duration="00:00:00.0014113" startTime="2024-01-09T15:42:32.9821024+01:00" endTime="2024-01-09T15:42:32.9821024+01:00" testType="13cdc9d9-ddb5-4fa4-a97d-d965ccfc6d4b" outcome="Passed" testListId="8c84fa94-04c1-424b-9868-57a2d4851a1d" relativeResultsDirectory="f6db1c0b-f06b-4741-ad63-8ab39c5d2dd5" />
    <UnitTestResult executionId="db6bc7e2-6d91-4f4d-b198-4da1d3eedf18" testId="a82568a0-3ce6-77da-6610-0e44151e4804" testName="AddHardwareUserCommandHandler_Execute_HardwareIsReadOnly_Errors" computerName="DKSR-EFI-06" duration="00:00:00.0006930" startTime="2024-01-09T15:42:30.6227143+01:00" endTime="2024-01-09T15:42:30.6227143+01:00" testType="13cdc9d9-ddb5-4fa4-a97d-d965ccfc6d4b" outcome="Passed" testListId="8c84fa94-04c1-424b-9868-57a2d4851a1d" relativeResultsDirectory="db6bc7e2-6d91-4f4d-b198-4da1d3eedf18" />
    <UnitTestResult executionId="f35029f0-b47c-46fa-94c9-83dd2baaee28" testId="c25e0d20-e5da-2683-4906-64928b354137" testName="TimeRangeConversionRangeAfterEndTime" computerName="DKSR-EFI-06" duration="00:00:00.0011080" startTime="2024-01-09T15:42:29.9195882+01:00" endTime="2024-01-09T15:42:29.9195882+01:00" testType="13cdc9d9-ddb5-4fa4-a97d-d965ccfc6d4b" outcome="Passed" testListId="8c84fa94-04c1-424b-9868-57a2d4851a1d" relativeResultsDirectory="f35029f0-b47c-46fa-94c9-83dd2baaee28">
      <Output>
        <StdOut>Debug Trace:&#xD;
Fail: Ranges contains invalid elements</StdOut>
      </Output>
    </UnitTestResult>
    <UnitTestResult executionId="1e3be44d-b59e-40b1-b82a-1777f63e0e5e" testId="3fe64d8e-e699-3d99-4cb6-893ec473e572" testName="ReapplyHardwareSettingsManager_SetConfiguration_Disabled_Success" computerName="DKSR-EFI-06" duration="00:00:00.0033670" startTime="2024-01-09T15:42:01.5914135+01:00" endTime="2024-01-09T15:42:01.5914135+01:00" testType="13cdc9d9-ddb5-4fa4-a97d-d965ccfc6d4b" outcome="Passed" testListId="8c84fa94-04c1-424b-9868-57a2d4851a1d" relativeResultsDirectory="1e3be44d-b59e-40b1-b82a-1777f63e0e5e" />
    <UnitTestResult executionId="fa96b1d0-5bce-461c-838c-6878f3d432ab" testId="882daa66-33c5-8dc3-1eb4-65400498dc59" testName="GetRecorderTasks_InternalStateStartedWithIncompatibleServer_ReturnsEmptyArray" computerName="DKSR-EFI-06" duration="00:00:00.0020052" startTime="2024-01-09T15:42:02.2320404+01:00" endTime="2024-01-09T15:42:02.2320404+01:00" testType="13cdc9d9-ddb5-4fa4-a97d-d965ccfc6d4b" outcome="Passed" testListId="8c84fa94-04c1-424b-9868-57a2d4851a1d" relativeResultsDirectory="fa96b1d0-5bce-461c-838c-6878f3d432ab" />
    <UnitTestResult executionId="8df227a9-97a8-476d-be97-365e2c35e0b0" testId="69670f9b-4769-6673-823a-fd5812fe92fb" testName="PtzReleaseSession_ModelIsValid_CommandExecuted" computerName="DKSR-EFI-06" duration="00:00:00.0014680" startTime="2024-01-09T15:42:02.6695431+01:00" endTime="2024-01-09T15:42:02.6695431+01:00" testType="13cdc9d9-ddb5-4fa4-a97d-d965ccfc6d4b" outcome="Passed" testListId="8c84fa94-04c1-424b-9868-57a2d4851a1d" relativeResultsDirectory="8df227a9-97a8-476d-be97-365e2c35e0b0" />
    <UnitTestResult executionId="68a6368f-bcac-45a0-94d5-6ce71567ced6" testId="f83f814d-ba50-5844-a3eb-659e9f3f1ce0" testName="QueryDeviceEvidenceLockSizes_PostCommandIsNull_BadRequestResult" computerName="DKSR-EFI-06" duration="00:00:00.0014675" startTime="2024-01-09T15:42:02.5757930+01:00" endTime="2024-01-09T15:42:02.5757930+01:00" testType="13cdc9d9-ddb5-4fa4-a97d-d965ccfc6d4b" outcome="Passed" testListId="8c84fa94-04c1-424b-9868-57a2d4851a1d" relativeResultsDirectory="68a6368f-bcac-45a0-94d5-6ce71567ced6" />
    <UnitTestResult executionId="e7f3c452-d4b1-4b9e-9d33-ce9a5c15c652" testId="dbe3aacb-c355-1c1b-31b2-6cbfe9c2ce45" testName="SOAPCommandRequestHandler_ExecuteFunction_HandleSmartSearchStart_NoSecurity" computerName="DKSR-EFI-06" duration="00:00:00.0024041" startTime="2024-01-09T15:42:15.6070826+01:00" endTime="2024-01-09T15:42:15.6227065+01:00" testType="13cdc9d9-ddb5-4fa4-a97d-d965ccfc6d4b" outcome="Passed" testListId="8c84fa94-04c1-424b-9868-57a2d4851a1d" relativeResultsDirectory="e7f3c452-d4b1-4b9e-9d33-ce9a5c15c652" />
    <UnitTestResult executionId="257f7550-5937-4f80-b864-db6b1786ef35" testId="38ff139f-5fa6-f79e-14c3-433d6df82f85" testName="ReapplyHardwareSettingsManager_UpdateConfigurationFromDiffGram_TimeNowAfterTriger_Success" computerName="DKSR-EFI-06" duration="00:00:00.0036064" startTime="2024-01-09T15:42:01.6070375+01:00" endTime="2024-01-09T15:42:01.6226649+01:00" testType="13cdc9d9-ddb5-4fa4-a97d-d965ccfc6d4b" outcome="Passed" testListId="8c84fa94-04c1-424b-9868-57a2d4851a1d" relativeResultsDirectory="257f7550-5937-4f80-b864-db6b1786ef35" />
    <UnitTestResult executionId="8ea13f73-baa7-4971-8d41-dc85b6834b6d" testId="79903201-33ba-93b6-3e20-a3403f40778d" testName="AudioMessageManager_SetConfiguration" computerName="DKSR-EFI-06" duration="00:00:00.0052845" startTime="2024-01-09T15:42:38.5603026+01:00" endTime="2024-01-09T15:42:38.5603026+01:00" testType="13cdc9d9-ddb5-4fa4-a97d-d965ccfc6d4b" outcome="Passed" testListId="8c84fa94-04c1-424b-9868-57a2d4851a1d" relativeResultsDirectory="8ea13f73-baa7-4971-8d41-dc85b6834b6d" />
    <UnitTestResult executionId="9e1ac30a-03d6-4f7a-9341-ff568ad6b3b3" testId="837feaec-71be-373c-0f5a-e0b05c8ea6db" testName="EdgeStorageLimitsCheckBandwidthWithLimitElapsedTimeBig" computerName="DKSR-EFI-06" duration="00:00:00.0006730" startTime="2024-01-09T15:42:19.8727098+01:00" endTime="2024-01-09T15:42:19.8727098+01:00" testType="13cdc9d9-ddb5-4fa4-a97d-d965ccfc6d4b" outcome="Passed" testListId="8c84fa94-04c1-424b-9868-57a2d4851a1d" relativeResultsDirectory="9e1ac30a-03d6-4f7a-9341-ff568ad6b3b3" />
    <UnitTestResult executionId="995f3e2d-941a-4e4d-a23b-2c5981e1c811" testId="8aff4b0c-a4da-b9ed-82cf-c96567a6ad3f" testName="ReapplyHardwareSettingsManager_SetConfiguration_TimeNowAfterTriger_Success" computerName="DKSR-EFI-06" duration="00:00:00.0035784" startTime="2024-01-09T15:42:01.5914135+01:00" endTime="2024-01-09T15:42:01.5914135+01:00" testType="13cdc9d9-ddb5-4fa4-a97d-d965ccfc6d4b" outcome="Passed" testListId="8c84fa94-04c1-424b-9868-57a2d4851a1d" relativeResultsDirectory="995f3e2d-941a-4e4d-a23b-2c5981e1c811" />
    <UnitTestResult executionId="85b9444a-200b-4e25-aa0a-7830c17f8d3f" testId="5d479354-ef9f-b001-437f-360ccd002827" testName="FileUploadCommandHandler_Execute_CommandReturnsFileUploadResponseOnSuccess" computerName="DKSR-EFI-06" duration="00:00:00.0116084" startTime="2024-01-09T15:42:31.8414688+01:00" endTime="2024-01-09T15:42:31.8414688+01:00" testType="13cdc9d9-ddb5-4fa4-a97d-d965ccfc6d4b" outcome="Passed" testListId="8c84fa94-04c1-424b-9868-57a2d4851a1d" relativeResultsDirectory="85b9444a-200b-4e25-aa0a-7830c17f8d3f" />
    <UnitTestResult executionId="4f9bac62-7832-479b-9268-817071dc22f1" testId="ff0e50d2-cbea-a62d-2ef5-bef80ba5a011" testName="MediaDbCache_SetDiskUsageInformationBank_Path_Null_ArgumentNullException" computerName="DKSR-EFI-06" duration="00:00:00.0085633" startTime="2024-01-09T15:42:30.0445887+01:00" endTime="2024-01-09T15:42:30.0602143+01:00" testType="13cdc9d9-ddb5-4fa4-a97d-d965ccfc6d4b" outcome="Passed" testListId="8c84fa94-04c1-424b-9868-57a2d4851a1d" relativeResultsDirectory="4f9bac62-7832-479b-9268-817071dc22f1">
      <Output>
        <StdOut>Debug Trace:&#xD;
Fail: Argument null.</StdOut>
      </Output>
    </UnitTestResult>
    <UnitTestResult executionId="2248c060-b60e-48da-bb85-64ef7337a6ed" testId="51aa2f6d-3623-80f3-279f-c704073a9df9" testName="Start_WebErrorOnFirstTry_WillReconnectOnSecondTry" computerName="DKSR-EFI-06" duration="00:00:00.0069843" startTime="2024-01-09T15:42:02.1851672+01:00" endTime="2024-01-09T15:42:02.1851672+01:00" testType="13cdc9d9-ddb5-4fa4-a97d-d965ccfc6d4b" outcome="Passed" testListId="8c84fa94-04c1-424b-9868-57a2d4851a1d" relativeResultsDirectory="2248c060-b60e-48da-bb85-64ef7337a6ed" />
    <UnitTestResult executionId="c5efd602-155b-4695-808f-6dc60c1df8fc" testId="83766445-a8c7-e226-abda-1f8cd622b1fb" testName="SOAPCommandRequestHandler_ExecuteFunction_HandleSequencesGetAroundWithSpan_NoCenterTime" computerName="DKSR-EFI-06" duration="00:00:00.0013942" startTime="2024-01-09T15:42:15.4196253+01:00" endTime="2024-01-09T15:42:15.4196253+01:00" testType="13cdc9d9-ddb5-4fa4-a97d-d965ccfc6d4b" outcome="Passed" testListId="8c84fa94-04c1-424b-9868-57a2d4851a1d" relativeResultsDirectory="c5efd602-155b-4695-808f-6dc60c1df8fc" />
    <UnitTestResult executionId="e3e594e9-091f-4539-939b-84e48741c56d" testId="c25a9952-d580-af92-0886-610e90e83ab5" testName="PtzManagerDataHolder_GetOrAddPtzController_Not_Exists_No_Create" computerName="DKSR-EFI-06" duration="00:00:00.0083923" startTime="2024-01-09T15:42:37.1540023+01:00" endTime="2024-01-09T15:42:37.1696277+01:00" testType="13cdc9d9-ddb5-4fa4-a97d-d965ccfc6d4b" outcome="Passed" testListId="8c84fa94-04c1-424b-9868-57a2d4851a1d" relativeResultsDirectory="e3e594e9-091f-4539-939b-84e48741c56d" />
    <UnitTestResult executionId="97b326d8-418f-44ce-9cc4-7121a58bf5a9" testId="64f54c8f-c43e-bd43-0882-5dd872acabae" testName="IsInRange_ShouldReturnFalse_WhenAddressOutsideRangeBigRange" computerName="DKSR-EFI-06" duration="00:00:00.0001438" startTime="2024-01-09T15:42:29.7945904+01:00" endTime="2024-01-09T15:42:29.7945904+01:00" testType="13cdc9d9-ddb5-4fa4-a97d-d965ccfc6d4b" outcome="Passed" testListId="8c84fa94-04c1-424b-9868-57a2d4851a1d" relativeResultsDirectory="97b326d8-418f-44ce-9cc4-7121a58bf5a9" />
    <UnitTestResult executionId="27ed30c4-f036-4a71-b5c9-3af34291d450" testId="0b9bee77-8a71-bfe6-f6b0-2ea6fac8fdab" testName="Configuration_RecorderConfigParameterIsNull_ThrowsArgumentNullException" computerName="DKSR-EFI-06" startTime="2024-01-09T15:42:02.7945433+01:00" endTime="2024-01-09T15:42:02.7945433+01:00" testType="13cdc9d9-ddb5-4fa4-a97d-d965ccfc6d4b" outcome="NotExecuted" testListId="8c84fa94-04c1-424b-9868-57a2d4851a1d" relativeResultsDirectory="27ed30c4-f036-4a71-b5c9-3af34291d450">
      <Output></Output>
    </UnitTestResult>
    <UnitTestResult executionId="92a5937c-87c6-4da0-a3c7-516793680af7" testId="f935d6b7-2df1-476a-37a6-b512c480aa3c" testName="AudioPlayerOnSpeaker_PlayUsingCurrentThread_4_Devices_3_Failing" computerName="DKSR-EFI-06" duration="00:00:00.0546587" startTime="2024-01-09T15:42:38.7008829+01:00" endTime="2024-01-09T15:42:38.7633832+01:00" testType="13cdc9d9-ddb5-4fa4-a97d-d965ccfc6d4b" outcome="Passed" testListId="8c84fa94-04c1-424b-9868-57a2d4851a1d" relativeResultsDirectory="92a5937c-87c6-4da0-a3c7-516793680af7" />
    <UnitTestResult executionId="ff94445e-28c3-471a-ac04-c77b862bda1c" testId="ebf78a33-6f43-3b37-ec87-c7c1b6380f9c" testName="EdgeStorageLimitsTimeLimitNotOkBefore" computerName="DKSR-EFI-06" duration="00:00:00.0007268" startTime="2024-01-09T15:42:19.7789619+01:00" endTime="2024-01-09T15:42:19.7789619+01:00" testType="13cdc9d9-ddb5-4fa4-a97d-d965ccfc6d4b" outcome="Passed" testListId="8c84fa94-04c1-424b-9868-57a2d4851a1d" relativeResultsDirectory="ff94445e-28c3-471a-ac04-c77b862bda1c" />
    <UnitTestResult executionId="a919a920-0b7a-4d29-b3b3-f0d645c6f1f7" testId="b2b1a9f1-1afb-4029-19a7-703636a3a0b1" testName="PtzStopSessionCommandHandler_Execute_PtzException_InsufficientPermission" computerName="DKSR-EFI-06" duration="00:00:00.0003977" startTime="2024-01-09T15:42:36.3727499+01:00" endTime="2024-01-09T15:42:36.3727499+01:00" testType="13cdc9d9-ddb5-4fa4-a97d-d965ccfc6d4b" outcome="Passed" testListId="8c84fa94-04c1-424b-9868-57a2d4851a1d" relativeResultsDirectory="a919a920-0b7a-4d29-b3b3-f0d645c6f1f7" />
    <UnitTestResult executionId="6314464c-ce26-47ba-bbf7-63192f3fab18" testId="64f9aa5e-069c-1055-cd19-778854105070" testName="MediaDbUtil_MultitrackNavigation_Scenario07" computerName="DKSR-EFI-06" duration="00:00:00.0054323" startTime="2024-01-09T15:42:14.2008290+01:00" endTime="2024-01-09T15:42:14.2164545+01:00" testType="13cdc9d9-ddb5-4fa4-a97d-d965ccfc6d4b" outcome="Passed" testListId="8c84fa94-04c1-424b-9868-57a2d4851a1d" relativeResultsDirectory="6314464c-ce26-47ba-bbf7-63192f3fab18">
      <Output>
        <StdOut>TestContext Messages:&#xD;
Before&#xD;
Navigation:  "  V                                     "&#xD;
Source    :  "                                        "&#xD;
Unable to move&#xD;
&#xD;
AtOrBefore&#xD;
Navigation:  "  V                                     "&#xD;
Source    :  "                                        "&#xD;
Unable to move&#xD;
&#xD;
AtOrAfter&#xD;
Navigation:  "  V                                     "&#xD;
Source    :  "                                        "&#xD;
Unable to move&#xD;
&#xD;
After&#xD;
Navigation:  "  V                                     "&#xD;
Source    :  "                                        "&#xD;
Unable to move&#xD;
&#xD;
Before&#xD;
Navigation:  "                V                       "&#xD;
Source    :  "                                        "&#xD;
Unable to move&#xD;
&#xD;
AtOrBefore&#xD;
Navigation:  "                V                       "&#xD;
Source    :  "                                        "&#xD;
Unable to move&#xD;
&#xD;
AtOrAfter&#xD;
Navigation:  "                V                       "&#xD;
Source    :  "                                        "&#xD;
Unable to move&#xD;
&#xD;
After&#xD;
Navigation:  "                V                       "&#xD;
Source    :  "                                        "&#xD;
Unable to move&#xD;
&#xD;
Before&#xD;
Navigation:  "                 V                      "&#xD;
Source    :  "                                        "&#xD;
Unable to move&#xD;
&#xD;
AtOrBefore&#xD;
Navigation:  "                 V                      "&#xD;
Source    :  "                                        "&#xD;
Unable to move&#xD;
&#xD;
AtOrAfter&#xD;
Navigation:  "                 V                      "&#xD;
Source    :  "                                        "&#xD;
Unable to move&#xD;
&#xD;
After&#xD;
Navigation:  "                 V                      "&#xD;
Source    :  "                                        "&#xD;
Unable to move&#xD;
&#xD;
Before&#xD;
Navigation:  "                  V                     "&#xD;
Source    :  "                                        "&#xD;
Unable to move&#xD;
&#xD;
AtOrBefore&#xD;
Navigation:  "                  V                     "&#xD;
Source    :  "                                        "&#xD;
Unable to move&#xD;
&#xD;
AtOrAfter&#xD;
Navigation:  "                  V                     "&#xD;
Source    :  "                                        "&#xD;
Unable to move&#xD;
&#xD;
After&#xD;
Navigation:  "                  V                     "&#xD;
Source    :  "                                        "&#xD;
Unable to move&#xD;
&#xD;
Before&#xD;
Navigation:  "                                      V "&#xD;
Source    :  "                                        "&#xD;
Unable to move&#xD;
&#xD;
AtOrBefore&#xD;
Navigation:  "                                      V "&#xD;
Source    :  "                                        "&#xD;
Unable to move&#xD;
&#xD;
AtOrAfter&#xD;
Navigation:  "                                      V "&#xD;
Source    :  "                                        "&#xD;
Unable to move&#xD;
&#xD;
After&#xD;
Navigation:  "                                      V "&#xD;
Source    :  "                                        "&#xD;
Unable to move&#xD;
&#xD;
Before&#xD;
Navigation:  "  V                                     "&#xD;
Source    :  "                                        "&#xD;
Unable to move&#xD;
&#xD;
AtOrBefore&#xD;
Navigation:  "  V                                     "&#xD;
Source    :  "                                        "&#xD;
Unable to move&#xD;
&#xD;
AtOrAfter&#xD;
Navigation:  "  V                                     "&#xD;
Source    :  "                                        "&#xD;
Unable to move&#xD;
&#xD;
After&#xD;
Navigation:  "  V                                     "&#xD;
Source    :  "                                        "&#xD;
Unable to move&#xD;
&#xD;
Before&#xD;
Navigation:  "                V                       "&#xD;
Source    :  "                                        "&#xD;
Unable to move&#xD;
&#xD;
AtOrBefore&#xD;
Navigation:  "                V                       "&#xD;
Source    :  "                                        "&#xD;
Unable to move&#xD;
&#xD;
AtOrAfter&#xD;
Navigation:  "                V                       "&#xD;
Source    :  "                                        "&#xD;
Unable to move&#xD;
&#xD;
After&#xD;
Navigation:  "                V                       "&#xD;
Source    :  "                                        "&#xD;
Unable to move&#xD;
&#xD;
Before&#xD;
Navigation:  "                 V                      "&#xD;
Source    :  "                                        "&#xD;
Unable to move&#xD;
&#xD;
AtOrBefore&#xD;
Navigation:  "                 V                      "&#xD;
Source    :  "                                        "&#xD;
Unable to move&#xD;
&#xD;
AtOrAfter&#xD;
Navigation:  "                 V                      "&#xD;
Source    :  "                                        "&#xD;
Unable to move&#xD;
&#xD;
After&#xD;
Navigation:  "                 V                      "&#xD;
Source    :  "                                        "&#xD;
Unable to move&#xD;
&#xD;
Before&#xD;
Navigation:  "                  V                     "&#xD;
Source    :  "                                        "&#xD;
Unable to move&#xD;
&#xD;
AtOrBefore&#xD;
Navigation:  "                  V                     "&#xD;
Source    :  "                                        "&#xD;
Unable to move&#xD;
&#xD;
AtOrAfter&#xD;
Navigation:  "                  V                     "&#xD;
Source    :  "                                        "&#xD;
Unable to move&#xD;
&#xD;
After&#xD;
Navigation:  "                  V                     "&#xD;
Source    :  "                                        "&#xD;
Unable to move&#xD;
&#xD;
Before&#xD;
Navigation:  "                                      V "&#xD;
Source    :  "                                        "&#xD;
Unable to move&#xD;
&#xD;
AtOrBefore&#xD;
Navigation:  "                                      V "&#xD;
Source    :  "                                        "&#xD;
Unable to move&#xD;
&#xD;
AtOrAfter&#xD;
Navigation:  "                                      V "&#xD;
Source    :  "                                        "&#xD;
Unable to move&#xD;
&#xD;
After&#xD;
Navigation:  "                                      V "&#xD;
Source    :  "                                        "&#xD;
Unable to move</StdOut>
      </Output>
    </UnitTestResult>
    <UnitTestResult executionId="013252d7-39ed-441a-b8cc-53305b3b1d31" testId="04194e19-3cb7-e946-ac3d-392497c8bd6f" testName="RecorderTaskStopped_InternalStateStopped_ThrowsCommunicationStoppedException" computerName="DKSR-EFI-06" duration="00:00:00.0024363" startTime="2024-01-09T15:42:02.2789166+01:00" endTime="2024-01-09T15:42:02.2945388+01:00" testType="13cdc9d9-ddb5-4fa4-a97d-d965ccfc6d4b" outcome="Passed" testListId="8c84fa94-04c1-424b-9868-57a2d4851a1d" relativeResultsDirectory="013252d7-39ed-441a-b8cc-53305b3b1d31" />
    <UnitTestResult executionId="5df799af-de76-42a6-9ccd-01a066473bd2" testId="ec57e6ad-4a2a-9fd6-a34b-472a41a941f2" testName="GetSettingAsIPAddress_NonIPValue_Throws_InvalidMulticastSettingsException" computerName="DKSR-EFI-06" duration="00:00:00.0003701" startTime="2024-01-09T15:42:19.6539617+01:00" endTime="2024-01-09T15:42:19.6539617+01:00" testType="13cdc9d9-ddb5-4fa4-a97d-d965ccfc6d4b" outcome="Passed" testListId="8c84fa94-04c1-424b-9868-57a2d4851a1d" relativeResultsDirectory="5df799af-de76-42a6-9ccd-01a066473bd2" />
    <UnitTestResult executionId="6cec09e8-4800-4b5a-a6ba-ddb438828bb7" testId="3d9c4446-91d0-9255-e7cf-4fef9d3eb85b" testName="FillableGridAreaAsBoolFromPrivacyMaskAndExcludeRegion" computerName="DKSR-EFI-06" duration="00:00:00.0013377" startTime="2024-01-09T15:42:17.5914584+01:00" endTime="2024-01-09T15:42:17.5914584+01:00" testType="13cdc9d9-ddb5-4fa4-a97d-d965ccfc6d4b" outcome="Passed" testListId="8c84fa94-04c1-424b-9868-57a2d4851a1d" relativeResultsDirectory="6cec09e8-4800-4b5a-a6ba-ddb438828bb7" />
    <UnitTestResult executionId="7d7d803d-7ba7-4873-a4eb-dc9afe8edbdb" testId="f169f7f2-5376-4022-cc02-e7e57970d2db" testName="SOAPCommandRequestHandler_ExecuteFunction_HandlePTZMoveStart_No_Priority" computerName="DKSR-EFI-06" duration="00:00:00.0013700" startTime="2024-01-09T15:42:16.3258331+01:00" endTime="2024-01-09T15:42:16.3258331+01:00" testType="13cdc9d9-ddb5-4fa4-a97d-d965ccfc6d4b" outcome="Passed" testListId="8c84fa94-04c1-424b-9868-57a2d4851a1d" relativeResultsDirectory="7d7d803d-7ba7-4873-a4eb-dc9afe8edbdb" />
    <UnitTestResult executionId="fff2d46f-dd20-477a-9b7f-1d8163444ebc" testId="fc7c706d-5fa1-656a-c15a-a66e34e1aeda" testName="DatabaseoperationCommandhandler_FilterTrackIdsToThoseWithoutMediaOnRecorder_AreAllBanksOnline_throws_Exception_Causes_DataExists" computerName="DKSR-EFI-06" duration="00:00:00.0012211" startTime="2024-01-09T15:42:31.0914644+01:00" endTime="2024-01-09T15:42:31.0914644+01:00" testType="13cdc9d9-ddb5-4fa4-a97d-d965ccfc6d4b" outcome="Passed" testListId="8c84fa94-04c1-424b-9868-57a2d4851a1d" relativeResultsDirectory="fff2d46f-dd20-477a-9b7f-1d8163444ebc" />
    <UnitTestResult executionId="03e4bad5-9dc7-45cc-aa08-d58578117bf4" testId="c48f31d1-d49c-d915-c6b4-205ee053558b" testName="ChangeHardwarePasswordCommandHandler_Execute_ChangePassword_ThrowsUnknownException_Errors" computerName="DKSR-EFI-06" duration="00:00:00.0026790" startTime="2024-01-09T15:42:30.7789659+01:00" endTime="2024-01-09T15:42:30.7789659+01:00" testType="13cdc9d9-ddb5-4fa4-a97d-d965ccfc6d4b" outcome="Passed" testListId="8c84fa94-04c1-424b-9868-57a2d4851a1d" relativeResultsDirectory="03e4bad5-9dc7-45cc-aa08-d58578117bf4" />
    <UnitTestResult executionId="4c7daa23-ec47-485a-8c97-0fc727b1cd0e" testId="84bd1229-2444-ec40-4670-54c1d3f0f408" testName="EdgeStorageLimitsCheckBandwidthWithLimitOk" computerName="DKSR-EFI-06" duration="00:00:00.0012244" startTime="2024-01-09T15:42:19.8570847+01:00" endTime="2024-01-09T15:42:19.8570847+01:00" testType="13cdc9d9-ddb5-4fa4-a97d-d965ccfc6d4b" outcome="Passed" testListId="8c84fa94-04c1-424b-9868-57a2d4851a1d" relativeResultsDirectory="4c7daa23-ec47-485a-8c97-0fc727b1cd0e" />
    <UnitTestResult executionId="430cacb0-2609-4fc2-bb90-6e54706464d9" testId="50b4242f-6299-48ea-c80c-41075ec2e8bf" testName="GetStatistics_Framerate_JPEG_50_Percent" computerName="DKSR-EFI-06" duration="00:00:00.0006331" startTime="2024-01-09T15:42:19.3258361+01:00" endTime="2024-01-09T15:42:19.3258361+01:00" testType="13cdc9d9-ddb5-4fa4-a97d-d965ccfc6d4b" outcome="Passed" testListId="8c84fa94-04c1-424b-9868-57a2d4851a1d" relativeResultsDirectory="430cacb0-2609-4fc2-bb90-6e54706464d9" />
    <UnitTestResult executionId="15d37844-23f9-4955-aaf9-21f79889391b" testId="289210e1-d714-1a06-270d-470232301a4e" testName="CheckDeleteDeviceMediaCommandHandler_Validate_Need_To_Call_CreateLocalArchive" computerName="DKSR-EFI-06" duration="00:00:00.0010488" startTime="2024-01-09T15:42:30.8414627+01:00" endTime="2024-01-09T15:42:30.8414627+01:00" testType="13cdc9d9-ddb5-4fa4-a97d-d965ccfc6d4b" outcome="Passed" testListId="8c84fa94-04c1-424b-9868-57a2d4851a1d" relativeResultsDirectory="15d37844-23f9-4955-aaf9-21f79889391b" />
    <UnitTestResult executionId="7145dd70-c148-4896-a5c8-4dc49016a308" testId="35681243-c5d4-5cde-895e-fcaef21a02af" testName="PtzPatrollingSessionBase_ExternalStopAndMoveToEndPosition_Success" computerName="DKSR-EFI-06" duration="00:00:00.0013055" startTime="2024-01-09T15:42:38.5133820+01:00" endTime="2024-01-09T15:42:38.5133820+01:00" testType="13cdc9d9-ddb5-4fa4-a97d-d965ccfc6d4b" outcome="Passed" testListId="8c84fa94-04c1-424b-9868-57a2d4851a1d" relativeResultsDirectory="7145dd70-c148-4896-a5c8-4dc49016a308">
      <Output>
        <StdOut>Debug Trace:&#xD;
VideoOS.Recorder.PtzPatrollingSession session started</StdOut>
      </Output>
    </UnitTestResult>
    <UnitTestResult executionId="68c706d9-6709-4915-9e1c-791fe0061ef1" testId="83d52e5a-0e5b-0d3b-6b66-ed39b4ae6d97" testName="MediaDbUtil_MultitrackNavigation_Scenario17" computerName="DKSR-EFI-06" duration="00:00:00.0261945" startTime="2024-01-09T15:42:14.9195808+01:00" endTime="2024-01-09T15:42:14.9352047+01:00" testType="13cdc9d9-ddb5-4fa4-a97d-d965ccfc6d4b" outcome="Passed" testListId="8c84fa94-04c1-424b-9868-57a2d4851a1d" relativeResultsDirectory="68c706d9-6709-4915-9e1c-791fe0061ef1">
      <Output>
        <StdOut>TestContext Messages:&#xD;
Before&#xD;
Navigation:  " V                                            "&#xD;
Source    :  "        1-- 1----                             "&#xD;
Unable to move&#xD;
&#xD;
AtOrBefore&#xD;
Navigation:  " V                                            "&#xD;
Source    :  "        1-- 1----                             "&#xD;
Unable to move&#xD;
&#xD;
AtOrAfter&#xD;
Navigation:  " V                                            "&#xD;
Source    :  "        1-- 1----                             "&#xD;
Expected  :  "        1-- N                                 "&#xD;
Actual    :  "        1-- N                                 "&#xD;
&#xD;
After&#xD;
Navigation:  " V                                            "&#xD;
Source    :  "        1-- 1----                             "&#xD;
Expected  :  "        1-- N                                 "&#xD;
Actual    :  "        1-- N                                 "&#xD;
&#xD;
Before&#xD;
Navigation:  "           V                                  "&#xD;
Source    :  "        1-- 1----                             "&#xD;
Expected  :  "        1-- N                                 "&#xD;
Actual    :  "        1-- N                                 "&#xD;
&#xD;
AtOrBefore&#xD;
Navigation:  "           V                                  "&#xD;
Source    :  "        1-- 1----                             "&#xD;
Expected  :  "        1-- N                                 "&#xD;
Actual    :  "        1-- N                                 "&#xD;
&#xD;
AtOrAfter&#xD;
Navigation:  "           V                                  "&#xD;
Source    :  "        1-- 1----                             "&#xD;
Expected  :  "        P   1----                             "&#xD;
Actual    :  "        P   1----                             "&#xD;
&#xD;
After&#xD;
Navigation:  "           V                                  "&#xD;
Source    :  "        1-- 1----                             "&#xD;
Expected  :  "        P   1----                             "&#xD;
Actual    :  "        P   1----                             "&#xD;
&#xD;
Before&#xD;
Navigation:  "              V                               "&#xD;
Source    :  "        1-- 1----                             "&#xD;
Expected  :  "        1-- N                                 "&#xD;
Actual    :  "        1-- N                                 "&#xD;
&#xD;
AtOrBefore&#xD;
Navigation:  "              V                               "&#xD;
Source    :  "        1-- 1----                             "&#xD;
Expected  :  "        P   1----                             "&#xD;
Actual    :  "        P   1----                             "&#xD;
&#xD;
AtOrAfter&#xD;
Navigation:  "              V                               "&#xD;
Source    :  "        1-- 1----                             "&#xD;
Expected  :  "        P   1----                             "&#xD;
Actual    :  "        P   1----                             "&#xD;
&#xD;
After&#xD;
Navigation:  "              V                               "&#xD;
Source    :  "        1-- 1----                             "&#xD;
Unable to move&#xD;
&#xD;
Before&#xD;
Navigation:  "                          V                   "&#xD;
Source    :  "        1-- 1----                             "&#xD;
Expected  :  "        P   1----                             "&#xD;
Actual    :  "        P   1----                             "&#xD;
&#xD;
AtOrBefore&#xD;
Navigation:  "                          V                   "&#xD;
Source    :  "        1-- 1----                             "&#xD;
Expected  :  "        P   1----                             "&#xD;
Actual    :  "        P   1----                             "&#xD;
&#xD;
AtOrAfter&#xD;
Navigation:  "                          V                   "&#xD;
Source    :  "        1-- 1----                             "&#xD;
Unable to move&#xD;
&#xD;
After&#xD;
Navigation:  "                          V                   "&#xD;
Source    :  "        1-- 1----                             "&#xD;
Unable to move&#xD;
&#xD;
Before&#xD;
Navigation:  "                               V              "&#xD;
Source    :  "        1-- 1----                             "&#xD;
Expected  :  "        P   1----                             "&#xD;
Actual    :  "        P   1----                             "&#xD;
&#xD;
AtOrBefore&#xD;
Navigation:  "                               V              "&#xD;
Source    :  "        1-- 1----                             "&#xD;
Expected  :  "        P   1----                             "&#xD;
Actual    :  "        P   1----                             "&#xD;
&#xD;
AtOrAfter&#xD;
Navigation:  "                               V              "&#xD;
Source    :  "        1-- 1----                             "&#xD;
Unable to move&#xD;
&#xD;
After&#xD;
Navigation:  "                               V              "&#xD;
Source    :  "        1-- 1----                             "&#xD;
Unable to move&#xD;
&#xD;
Before&#xD;
Navigation:  "                                      V       "&#xD;
Source    :  "        1-- 1----                             "&#xD;
Expected  :  "        P   1----                             "&#xD;
Actual    :  "        P   1----                             "&#xD;
&#xD;
AtOrBefore&#xD;
Navigation:  "                                      V       "&#xD;
Source    :  "        1-- 1----                             "&#xD;
Expected  :  "        P   1----                             "&#xD;
Actual    :  "        P   1----                             "&#xD;
&#xD;
AtOrAfter&#xD;
Navigation:  "                                      V       "&#xD;
Source    :  "        1-- 1----                             "&#xD;
Unable to move&#xD;
&#xD;
After&#xD;
Navigation:  "                                      V       "&#xD;
Source    :  "        1-- 1----                             "&#xD;
Unable to move&#xD;
&#xD;
Before&#xD;
Navigation:  "                                            V "&#xD;
Source    :  "        1-- 1----                             "&#xD;
Expected  :  "        P   1----                             "&#xD;
Actual    :  "        P   1----                             "&#xD;
&#xD;
AtOrBefore&#xD;
Navigation:  "                                            V "&#xD;
Source    :  "        1-- 1----                             "&#xD;
Expected  :  "        P   1----                             "&#xD;
Actual    :  "        P   1----                             "&#xD;
&#xD;
AtOrAfter&#xD;
Navigation:  "                                            V "&#xD;
Source    :  "        1-- 1----                             "&#xD;
Unable to move&#xD;
&#xD;
After&#xD;
Navigation:  "                                            V "&#xD;
Source    :  "        1-- 1----                             "&#xD;
Unable to move&#xD;
&#xD;
Before&#xD;
Navigation:  " V                                            "&#xD;
Source    :  "        1-- 1--      2-- 2-        2-- 2---   "&#xD;
Unable to move&#xD;
&#xD;
AtOrBefore&#xD;
Navigation:  " V                                            "&#xD;
Source    :  "        1-- 1--      2-- 2-        2-- 2---   "&#xD;
Unable to move&#xD;
&#xD;
AtOrAfter&#xD;
Navigation:  " V                                            "&#xD;
Source    :  "        1-- 1--      2-- 2-        2-- 2---   "&#xD;
Expected  :  "        1-- N                                 "&#xD;
Actual    :  "        1-- N                                 "&#xD;
&#xD;
After&#xD;
Navigation:  " V                                            "&#xD;
Source    :  "        1-- 1--      2-- 2-        2-- 2---   "&#xD;
Expected  :  "        1-- N                                 "&#xD;
Actual    :  "        1-- N                                 "&#xD;
&#xD;
Before&#xD;
Navigation:  "           V                                  "&#xD;
Source    :  "        1-- 1--      2-- 2-        2-- 2---   "&#xD;
Expected  :  "        1-- N                                 "&#xD;
Actual    :  "        1-- N                                 "&#xD;
&#xD;
AtOrBefore&#xD;
Navigation:  "           V                                  "&#xD;
Source    :  "        1-- 1--      2-- 2-        2-- 2---   "&#xD;
Expected  :  "        1-- N                                 "&#xD;
Actual    :  "        1-- N                                 "&#xD;
&#xD;
AtOrAfter&#xD;
Navigation:  "           V                                  "&#xD;
Source    :  "        1-- 1--      2-- 2-        2-- 2---   "&#xD;
Expected  :  "        P   1--      N                        "&#xD;
Actual    :  "        P   1--      N                        "&#xD;
&#xD;
After&#xD;
Navigation:  "           V                                  "&#xD;
Source    :  "        1-- 1--      2-- 2-        2-- 2---   "&#xD;
Expected  :  "        P   1--      N                        "&#xD;
Actual    :  "        P   1--      N                        "&#xD;
&#xD;
Before&#xD;
Navigation:  "              V                               "&#xD;
Source    :  "        1-- 1--      2-- 2-        2-- 2---   "&#xD;
Expected  :  "        1-- N                                 "&#xD;
Actual    :  "        1-- N                                 "&#xD;
&#xD;
AtOrBefore&#xD;
Navigation:  "              V                               "&#xD;
Source    :  "        1-- 1--      2-- 2-        2-- 2---   "&#xD;
Expected  :  "        P   1--      N                        "&#xD;
Actual    :  "        P   1--      N                        "&#xD;
&#xD;
AtOrAfter&#xD;
Navigation:  "              V                               "&#xD;
Source    :  "        1-- 1--      2-- 2-        2-- 2---   "&#xD;
Expected  :  "        P   1--      N                        "&#xD;
Actual    :  "        P   1--      N                        "&#xD;
&#xD;
After&#xD;
Navigation:  "              V                               "&#xD;
Source    :  "        1-- 1--      2-- 2-        2-- 2---   "&#xD;
Expected  :  "            P        2-- N                    "&#xD;
Actual    :  "            P        2-- N                    "&#xD;
&#xD;
Before&#xD;
Navigation:  "                          V                   "&#xD;
Source    :  "        1-- 1--      2-- 2-        2-- 2---   "&#xD;
Expected  :  "            P        2-- N                    "&#xD;
Actual    :  "            P        2-- N                    "&#xD;
&#xD;
AtOrBefore&#xD;
Navigation:  "                          V                   "&#xD;
Source    :  "        1-- 1--      2-- 2-        2-- 2---   "&#xD;
Expected  :  "                     P   2-        N          "&#xD;
Actual    :  "                     P   2-        N          "&#xD;
&#xD;
AtOrAfter&#xD;
Navigation:  "                          V                   "&#xD;
Source    :  "        1-- 1--      2-- 2-        2-- 2---   "&#xD;
Expected  :  "                     P   2-        N          "&#xD;
Actual    :  "                     P   2-        N          "&#xD;
&#xD;
After&#xD;
Navigation:  "                          V                   "&#xD;
Source    :  "        1-- 1--      2-- 2-        2-- 2---   "&#xD;
Expected  :  "                         P         2-- N      "&#xD;
Actual    :  "                         P         2-- N      "&#xD;
&#xD;
Before&#xD;
Navigation:  "                               V              "&#xD;
Source    :  "        1-- 1--      2-- 2-        2-- 2---   "&#xD;
Expected  :  "                     P   2-        N          "&#xD;
Actual    :  "                     P   2-        N          "&#xD;
&#xD;
AtOrBefore&#xD;
Navigation:  "                               V              "&#xD;
Source    :  "        1-- 1--      2-- 2-        2-- 2---   "&#xD;
Expected  :  "                     P   2-        N          "&#xD;
Actual    :  "                     P   2-        N          "&#xD;
&#xD;
AtOrAfter&#xD;
Navigation:  "                               V              "&#xD;
Source    :  "        1-- 1--      2-- 2-        2-- 2---   "&#xD;
Expected  :  "                         P         2-- N      "&#xD;
Actual    :  "                         P         2-- N      "&#xD;
&#xD;
After&#xD;
Navigation:  "                               V              "&#xD;
Source    :  "        1-- 1--      2-- 2-        2-- 2---   "&#xD;
Expected  :  "                         P         2-- N      "&#xD;
Actual    :  "                         P         2-- N      "&#xD;
&#xD;
Before&#xD;
Navigation:  "                                      V       "&#xD;
Source    :  "        1-- 1--      2-- 2-        2-- 2---   "&#xD;
Expected  :  "                         P         2-- N      "&#xD;
Actual    :  "                         P         2-- N      "&#xD;
&#xD;
AtOrBefore&#xD;
Navigation:  "                                      V       "&#xD;
Source    :  "        1-- 1--      2-- 2-        2-- 2---   "&#xD;
Expected  :  "                         P         2-- N      "&#xD;
Actual    :  "                         P         2-- N      "&#xD;
&#xD;
AtOrAfter&#xD;
Navigation:  "                                      V       "&#xD;
Source    :  "        1-- 1--      2-- 2-        2-- 2---   "&#xD;
Expected  :  "                                   P   2---   "&#xD;
Actual    :  "                                   P   2---   "&#xD;
&#xD;
After&#xD;
Navigation:  "                                      V       "&#xD;
Source    :  "        1-- 1--      2-- 2-        2-- 2---   "&#xD;
Expected  :  "                                   P   2---   "&#xD;
Actual    :  "                                   P   2---   "&#xD;
&#xD;
Before&#xD;
Navigation:  "                                            V "&#xD;
Source    :  "        1-- 1--      2-- 2-        2-- 2---   "&#xD;
Expected  :  "                                   P   2---   "&#xD;
Actual    :  "                                   P   2---   "&#xD;
&#xD;
AtOrBefore&#xD;
Navigation:  "                                            V "&#xD;
Source    :  "        1-- 1--      2-- 2-        2-- 2---   "&#xD;
Expected  :  "                                   P   2---   "&#xD;
Actual    :  "                                   P   2---   "&#xD;
&#xD;
AtOrAfter&#xD;
Navigation:  "                                            V "&#xD;
Source    :  "        1-- 1--      2-- 2-        2-- 2---   "&#xD;
Unable to move&#xD;
&#xD;
After&#xD;
Navigation:  "                                            V "&#xD;
Source    :  "        1-- 1--      2-- 2-        2-- 2---   "&#xD;
Unable to move</StdOut>
      </Output>
    </UnitTestResult>
    <UnitTestResult executionId="5d964a96-a57c-4c36-95cd-f72dafe9b3af" testId="0d5a3f22-065f-64f9-dc7f-c36ec84732fa" testName="CheckDeleteDeviceMediaCommandHandler_LocalConfigG1_MediaDbG1G2G3G4_ExistedTracksG1G4_CreateLocalArchiveG4FirstTime" computerName="DKSR-EFI-06" duration="00:00:00.0010623" startTime="2024-01-09T15:42:30.8258392+01:00" endTime="2024-01-09T15:42:30.8258392+01:00" testType="13cdc9d9-ddb5-4fa4-a97d-d965ccfc6d4b" outcome="Passed" testListId="8c84fa94-04c1-424b-9868-57a2d4851a1d" relativeResultsDirectory="5d964a96-a57c-4c36-95cd-f72dafe9b3af" />
    <UnitTestResult executionId="a610ed96-6d3b-4888-a880-804c41fb6a4b" testId="7901392d-3577-bf93-641d-bc76d8a8a033" testName="FirmwareUpgradeCommandHandler_Execute_FirmwareUpgrade_ThrowsFirmwareUpgradeSessionAlreadyExists_Errors" computerName="DKSR-EFI-06" duration="00:00:00.0011109" startTime="2024-01-09T15:42:32.9508553+01:00" endTime="2024-01-09T15:42:32.9508553+01:00" testType="13cdc9d9-ddb5-4fa4-a97d-d965ccfc6d4b" outcome="Passed" testListId="8c84fa94-04c1-424b-9868-57a2d4851a1d" relativeResultsDirectory="a610ed96-6d3b-4888-a880-804c41fb6a4b" />
    <UnitTestResult executionId="feedd16f-8ee9-4d05-8252-670a5b85a050" testId="c5d54e22-fee6-b97e-41b8-d52827f7965f" testName="RecorderAccessTokenHandler_PopulateAuthorizationHeaderAsync_Success" computerName="DKSR-EFI-06" duration="00:00:00.1664372" startTime="2024-01-09T15:42:17.8102087+01:00" endTime="2024-01-09T15:42:17.9820831+01:00" testType="13cdc9d9-ddb5-4fa4-a97d-d965ccfc6d4b" outcome="Passed" testListId="8c84fa94-04c1-424b-9868-57a2d4851a1d" relativeResultsDirectory="feedd16f-8ee9-4d05-8252-670a5b85a050" />
    <UnitTestResult executionId="85559e94-e3e3-427a-b2ce-29afb29fbe93" testId="76dc2cc6-5426-5f99-0da4-08390eec12d2" testName="ReadMessageHeaders_Soap_HeadersTooLarge" computerName="DKSR-EFI-06" duration="00:00:00.0007856" startTime="2024-01-09T15:42:16.8102078+01:00" endTime="2024-01-09T15:42:16.8102078+01:00" testType="13cdc9d9-ddb5-4fa4-a97d-d965ccfc6d4b" outcome="Passed" testListId="8c84fa94-04c1-424b-9868-57a2d4851a1d" relativeResultsDirectory="85559e94-e3e3-427a-b2ce-29afb29fbe93" />
    <UnitTestResult executionId="45c97b14-8480-4587-baab-fd8065fa11d7" testId="3e3ab9c7-2e19-0a76-df3b-2f8cef7a74d7" testName="GetDatabaseInfo_RecordingStorageFound_ArchiveHintFalse" computerName="DKSR-EFI-06" duration="00:00:00.0104857" startTime="2024-01-09T15:42:01.4820363+01:00" endTime="2024-01-09T15:42:01.4976625+01:00" testType="13cdc9d9-ddb5-4fa4-a97d-d965ccfc6d4b" outcome="Passed" testListId="8c84fa94-04c1-424b-9868-57a2d4851a1d" relativeResultsDirectory="45c97b14-8480-4587-baab-fd8065fa11d7" />
    <UnitTestResult executionId="1ab137db-2480-4394-9c3b-83129b42e883" testId="f5856662-c343-fb5f-dbb4-28b8dff69aff" testName="PtzManualSession_Start_AlreadyRunning" computerName="DKSR-EFI-06" duration="00:00:00.0008951" startTime="2024-01-09T15:42:38.4352585+01:00" endTime="2024-01-09T15:42:38.4352585+01:00" testType="13cdc9d9-ddb5-4fa4-a97d-d965ccfc6d4b" outcome="Passed" testListId="8c84fa94-04c1-424b-9868-57a2d4851a1d" relativeResultsDirectory="1ab137db-2480-4394-9c3b-83129b42e883">
      <Output>
        <StdOut>Debug Trace:&#xD;
VideoOS.Recorder.PtzManualSession session started&#xD;
PTZ ManualSession START(), priority = 2147483647, Identity = \</StdOut>
      </Output>
    </UnitTestResult>
    <UnitTestResult executionId="7f76b486-65e3-4c2e-992c-2975571e7d06" testId="c609b5b6-1363-019f-e4a4-055655c23b0f" testName="RecStorage_Startup_NotAllowStart_KeepFailing_Ok" computerName="DKSR-EFI-06" duration="00:00:00.0014160" startTime="2024-01-09T15:42:18.2008360+01:00" endTime="2024-01-09T15:42:18.2008360+01:00" testType="13cdc9d9-ddb5-4fa4-a97d-d965ccfc6d4b" outcome="Passed" testListId="8c84fa94-04c1-424b-9868-57a2d4851a1d" relativeResultsDirectory="7f76b486-65e3-4c2e-992c-2975571e7d06" />
    <UnitTestResult executionId="98f0f8ad-bf80-49f7-a1af-6d10b3b17292" testId="806abd20-3c06-737b-da82-40fdab6a592c" testName="GetRecorderTasksWithPendingStop_InternalStateStartedOneTasks_ReturnsArrayWithOneElement" computerName="DKSR-EFI-06" duration="00:00:00.0013447" startTime="2024-01-09T15:42:02.2632957+01:00" endTime="2024-01-09T15:42:02.2632957+01:00" testType="13cdc9d9-ddb5-4fa4-a97d-d965ccfc6d4b" outcome="Passed" testListId="8c84fa94-04c1-424b-9868-57a2d4851a1d" relativeResultsDirectory="98f0f8ad-bf80-49f7-a1af-6d10b3b17292" />
    <UnitTestResult executionId="c5031172-26de-4696-af30-21ff0dd5d57d" testId="42f63e76-dc14-8542-530c-0174d7a756d0" testName="SOAPCommandRequestHandler_ExecuteFunction_HandleMulticastStart_With_Privacy_Mask" computerName="DKSR-EFI-06" duration="00:00:00.0036929" startTime="2024-01-09T15:42:15.7789573+01:00" endTime="2024-01-09T15:42:15.7789573+01:00" testType="13cdc9d9-ddb5-4fa4-a97d-d965ccfc6d4b" outcome="Passed" testListId="8c84fa94-04c1-424b-9868-57a2d4851a1d" relativeResultsDirectory="c5031172-26de-4696-af30-21ff0dd5d57d" />
    <UnitTestResult executionId="33c66a2a-c064-41e5-9abc-f48fc1f6aa10" testId="36219f46-19c5-2d92-654e-c7df2649854b" testName="SendUpdateHardwareDriverCommandAsync_ConnectedAndCompatible_ShouldNotThrowAnException" computerName="DKSR-EFI-06" duration="00:00:00.0010230" startTime="2024-01-09T15:42:02.3570417+01:00" endTime="2024-01-09T15:42:02.3570417+01:00" testType="13cdc9d9-ddb5-4fa4-a97d-d965ccfc6d4b" outcome="Passed" testListId="8c84fa94-04c1-424b-9868-57a2d4851a1d" relativeResultsDirectory="33c66a2a-c064-41e5-9abc-f48fc1f6aa10" />
    <UnitTestResult executionId="d6af087c-111e-4a0a-afce-f9d677a5257b" testId="a9e58e7f-7a7f-5425-834a-d183b2ff7faf" testName="CollectMediaStatusCommandHandler_Recorder_IsStopping" computerName="DKSR-EFI-06" duration="00:00:00.0023067" startTime="2024-01-09T15:42:30.9352154+01:00" endTime="2024-01-09T15:42:30.9508409+01:00" testType="13cdc9d9-ddb5-4fa4-a97d-d965ccfc6d4b" outcome="Passed" testListId="8c84fa94-04c1-424b-9868-57a2d4851a1d" relativeResultsDirectory="d6af087c-111e-4a0a-afce-f9d677a5257b" />
    <UnitTestResult executionId="4d1c238e-639d-4379-a701-f66b66890228" testId="5644bee5-96be-722c-547e-3b18bbd3aeb3" testName="SOAPCommandRequestHandler_ExecuteFunction_HandleSequencesGet_NoSequenceType" computerName="DKSR-EFI-06" duration="00:00:00.0009078" startTime="2024-01-09T15:42:16.5758344+01:00" endTime="2024-01-09T15:42:16.5758344+01:00" testType="13cdc9d9-ddb5-4fa4-a97d-d965ccfc6d4b" outcome="Passed" testListId="8c84fa94-04c1-424b-9868-57a2d4851a1d" relativeResultsDirectory="4d1c238e-639d-4379-a701-f66b66890228" />
    <UnitTestResult executionId="57dd8405-fe08-4b0e-8895-9cb1ed9d348a" testId="719ad947-0634-5430-3db6-f322b8f69113" testName="ConnectSuccessSimple_Camera" computerName="DKSR-EFI-06" duration="00:00:09.5853137" startTime="2024-01-09T15:42:03.0757926+01:00" endTime="2024-01-09T15:42:12.6539535+01:00" testType="13cdc9d9-ddb5-4fa4-a97d-d965ccfc6d4b" outcome="Passed" testListId="8c84fa94-04c1-424b-9868-57a2d4851a1d" relativeResultsDirectory="57dd8405-fe08-4b0e-8895-9cb1ed9d348a" />
    <UnitTestResult executionId="2b3ed604-b958-485d-bb08-5307d605209a" testId="4d35923a-0ff1-6989-6f70-f96054d7fe14" testName="PtzManager_SetConfiguration_Success" computerName="DKSR-EFI-06" duration="00:00:00.0035202" startTime="2024-01-09T15:42:38.0446320+01:00" endTime="2024-01-09T15:42:38.0446320+01:00" testType="13cdc9d9-ddb5-4fa4-a97d-d965ccfc6d4b" outcome="Passed" testListId="8c84fa94-04c1-424b-9868-57a2d4851a1d" relativeResultsDirectory="2b3ed604-b958-485d-bb08-5307d605209a" />
    <UnitTestResult executionId="0b2ed1d2-bee7-462d-856a-3382abad5680" testId="ee4f26e4-b7e4-d508-1725-fbc0cc0efecc" testName="SetNetworkConfigurationCommandHandler_Execute_SetNetworkConfiguration_ThrowsMemoryException_Throws" computerName="DKSR-EFI-06" duration="00:00:00.0008121" startTime="2024-01-09T15:42:36.9508744+01:00" endTime="2024-01-09T15:42:36.9508744+01:00" testType="13cdc9d9-ddb5-4fa4-a97d-d965ccfc6d4b" outcome="Passed" testListId="8c84fa94-04c1-424b-9868-57a2d4851a1d" relativeResultsDirectory="0b2ed1d2-bee7-462d-856a-3382abad5680" />
    <UnitTestResult executionId="a614f2c8-ef21-4941-b918-4962796b99d2" testId="f15c3e47-e288-3ddf-3e20-435df2549e7e" testName="PtzStopSessionCommandHandler_Execute_PtzException_PtzNotSupported" computerName="DKSR-EFI-06" duration="00:00:00.0004396" startTime="2024-01-09T15:42:36.3571227+01:00" endTime="2024-01-09T15:42:36.3571227+01:00" testType="13cdc9d9-ddb5-4fa4-a97d-d965ccfc6d4b" outcome="Passed" testListId="8c84fa94-04c1-424b-9868-57a2d4851a1d" relativeResultsDirectory="a614f2c8-ef21-4941-b918-4962796b99d2" />
    <UnitTestResult executionId="d9f43276-ce0b-40a4-8e58-cc77402c4f67" testId="6be252e4-ef90-c13b-c5f7-680d11ef5b73" testName="ConnectSuccessSimple_Metadata" computerName="DKSR-EFI-06" duration="00:00:00.0017282" startTime="2024-01-09T15:42:12.7164523+01:00" endTime="2024-01-09T15:42:12.7164523+01:00" testType="13cdc9d9-ddb5-4fa4-a97d-d965ccfc6d4b" outcome="Passed" testListId="8c84fa94-04c1-424b-9868-57a2d4851a1d" relativeResultsDirectory="d9f43276-ce0b-40a4-8e58-cc77402c4f67" />
    <UnitTestResult executionId="8b7c7934-cfad-4735-a5c2-f3824ff6f9d6" testId="2020d6d4-4545-f94b-580e-bfb3de1efadc" testName="EdgeStorageLimitsTimeLimitNotOkAfter" computerName="DKSR-EFI-06" duration="00:00:00.0006827" startTime="2024-01-09T15:42:19.7789619+01:00" endTime="2024-01-09T15:42:19.7789619+01:00" testType="13cdc9d9-ddb5-4fa4-a97d-d965ccfc6d4b" outcome="Passed" testListId="8c84fa94-04c1-424b-9868-57a2d4851a1d" relativeResultsDirectory="8b7c7934-cfad-4735-a5c2-f3824ff6f9d6" />
    <UnitTestResult executionId="18c52142-3ff0-4ddb-9236-c9fd7e8b84f6" testId="e3eb7c25-f64d-fff5-8d1c-3fdfe590b3c9" testName="LicenseManager_CheckHardwareLicensed_unlicensed_licensedAfterExpiryDateWithReplacementToken" computerName="DKSR-EFI-06" duration="00:00:00.0010638" startTime="2024-01-09T15:42:19.7164611+01:00" endTime="2024-01-09T15:42:19.7164611+01:00" testType="13cdc9d9-ddb5-4fa4-a97d-d965ccfc6d4b" outcome="Passed" testListId="8c84fa94-04c1-424b-9868-57a2d4851a1d" relativeResultsDirectory="18c52142-3ff0-4ddb-9236-c9fd7e8b84f6" />
    <UnitTestResult executionId="3d2e661e-d193-44e1-884d-c259ba96b740" testId="591f340c-7e26-489e-4ed4-c51b91e628f8" testName="SOAPCommandRequestHandler_ExecuteFunction_HandlePTZCenter_NoWidth" computerName="DKSR-EFI-06" duration="00:00:00.0009559" startTime="2024-01-09T15:42:16.1695846+01:00" endTime="2024-01-09T15:42:16.1695846+01:00" testType="13cdc9d9-ddb5-4fa4-a97d-d965ccfc6d4b" outcome="Passed" testListId="8c84fa94-04c1-424b-9868-57a2d4851a1d" relativeResultsDirectory="3d2e661e-d193-44e1-884d-c259ba96b740" />
    <UnitTestResult executionId="3334f283-457c-42e3-987e-750d9bd05419" testId="83a7a30c-ff50-77e3-edea-21262e7fcc06" testName="SOAPCommandRequestHandler_GetClientCapabilities_PrivacyMask_Child_Of_ClientCapabilities_Section_Is_True" computerName="DKSR-EFI-06" duration="00:00:00.0004160" startTime="2024-01-09T15:42:15.7164585+01:00" endTime="2024-01-09T15:42:15.7164585+01:00" testType="13cdc9d9-ddb5-4fa4-a97d-d965ccfc6d4b" outcome="Passed" testListId="8c84fa94-04c1-424b-9868-57a2d4851a1d" relativeResultsDirectory="3334f283-457c-42e3-987e-750d9bd05419" />
    <UnitTestResult executionId="23d095e3-cebb-462b-b37f-8115514672c6" testId="8ac31007-4ac9-2a0c-5bc0-00c2f3cc68cc" testName="ConnectFailed_UnknownStream" computerName="DKSR-EFI-06" duration="00:00:00.0015085" startTime="2024-01-09T15:42:12.7633286+01:00" endTime="2024-01-09T15:42:12.7633286+01:00" testType="13cdc9d9-ddb5-4fa4-a97d-d965ccfc6d4b" outcome="Passed" testListId="8c84fa94-04c1-424b-9868-57a2d4851a1d" relativeResultsDirectory="23d095e3-cebb-462b-b37f-8115514672c6" />
    <UnitTestResult executionId="0f2fab3a-3e4f-47ea-bf96-1ba19498ce93" testId="223235e7-2eef-701c-ac06-00f200ec176d" testName="ReadMessageHeaders_ReadRequestLine_SoapCommand_Success" computerName="DKSR-EFI-06" duration="00:00:00.0001510" startTime="2024-01-09T15:42:16.7789562+01:00" endTime="2024-01-09T15:42:16.7789562+01:00" testType="13cdc9d9-ddb5-4fa4-a97d-d965ccfc6d4b" outcome="Passed" testListId="8c84fa94-04c1-424b-9868-57a2d4851a1d" relativeResultsDirectory="0f2fab3a-3e4f-47ea-bf96-1ba19498ce93" />
    <UnitTestResult executionId="1dad6418-a028-4a80-8b38-de7dcf7190fa" testId="02b60c0f-fc89-23e4-e4da-208fe359b5d9" testName="SOAPCommandRequestHandler_ExecuteFunction_HandlePTZCenter_Success" computerName="DKSR-EFI-06" duration="00:00:00.0056983" startTime="2024-01-09T15:42:16.2320864+01:00" endTime="2024-01-09T15:42:16.2320864+01:00" testType="13cdc9d9-ddb5-4fa4-a97d-d965ccfc6d4b" outcome="Passed" testListId="8c84fa94-04c1-424b-9868-57a2d4851a1d" relativeResultsDirectory="1dad6418-a028-4a80-8b38-de7dcf7190fa" />
    <UnitTestResult executionId="161afd43-e4c4-4a80-8fc1-7f9cb5c25361" testId="a3c91bfb-189e-5f5a-6a4c-af9db8a17008" testName="ChangeHardwarePasswordCommandHandler_Execute_ChangePassword_HardwarePasswordUserAccessDenied_Errors" computerName="DKSR-EFI-06" duration="00:00:00.0008833" startTime="2024-01-09T15:42:30.7633402+01:00" endTime="2024-01-09T15:42:30.7633402+01:00" testType="13cdc9d9-ddb5-4fa4-a97d-d965ccfc6d4b" outcome="Passed" testListId="8c84fa94-04c1-424b-9868-57a2d4851a1d" relativeResultsDirectory="161afd43-e4c4-4a80-8fc1-7f9cb5c25361" />
    <UnitTestResult executionId="d18825b7-97ad-44da-b243-e99162b368e7" testId="aa419dcb-a9fd-f0b4-5f67-88a35f0e741f" testName="GetHardwareUsersCommandHandler_Execute_GetUserList_ThrowsUnknownException_Errors" computerName="DKSR-EFI-06" duration="00:00:00.0015032" startTime="2024-01-09T15:42:33.1227330+01:00" endTime="2024-01-09T15:42:33.1227330+01:00" testType="13cdc9d9-ddb5-4fa4-a97d-d965ccfc6d4b" outcome="Passed" testListId="8c84fa94-04c1-424b-9868-57a2d4851a1d" relativeResultsDirectory="d18825b7-97ad-44da-b243-e99162b368e7" />
    <UnitTestResult executionId="db7f667f-b288-4ee1-9db2-6c544d4b9083" testId="fd372183-0b9d-c0c8-bb63-2e4775580926" testName="FillableGridAreaFromPrivacyMaskAndExcludeRegion" computerName="DKSR-EFI-06" duration="00:00:00.0031526" startTime="2024-01-09T15:42:17.5758348+01:00" endTime="2024-01-09T15:42:17.5758348+01:00" testType="13cdc9d9-ddb5-4fa4-a97d-d965ccfc6d4b" outcome="Passed" testListId="8c84fa94-04c1-424b-9868-57a2d4851a1d" relativeResultsDirectory="db7f667f-b288-4ee1-9db2-6c544d4b9083" />
    <UnitTestResult executionId="04f1fe19-d784-43e8-be9a-d15c1b63c306" testId="9b4b2588-e858-0004-8c68-110473ffe7d6" testName="OnTimer_TimerHasNotBeenStopped_TimerIsRestarted" computerName="DKSR-EFI-06" duration="00:00:00.0115515" startTime="2024-01-09T15:42:02.4351674+01:00" endTime="2024-01-09T15:42:02.4507930+01:00" testType="13cdc9d9-ddb5-4fa4-a97d-d965ccfc6d4b" outcome="Passed" testListId="8c84fa94-04c1-424b-9868-57a2d4851a1d" relativeResultsDirectory="04f1fe19-d784-43e8-be9a-d15c1b63c306" />
    <UnitTestResult executionId="742e9af6-0d30-4939-aa08-fe1484df2fd1" testId="6ab40576-1d35-36ab-4ca3-0526ee9c6e83" testName="CheckForLiveAndOrphanTables_TableRegistredButNoInConfig" computerName="DKSR-EFI-06" duration="00:00:00.0021174" startTime="2024-01-09T15:42:18.2945834+01:00" endTime="2024-01-09T15:42:18.2945834+01:00" testType="13cdc9d9-ddb5-4fa4-a97d-d965ccfc6d4b" outcome="Passed" testListId="8c84fa94-04c1-424b-9868-57a2d4851a1d" relativeResultsDirectory="742e9af6-0d30-4939-aa08-fe1484df2fd1" />
    <UnitTestResult executionId="658502d0-3edc-42a1-9c36-7f7232ed9c36" testId="7ae16e9a-51a3-b632-f70e-7bae9358417b" testName="EdgeStorageLimitsManagerGetLimitsCheckConfigUpdatesParallelLimitSame" computerName="DKSR-EFI-06" duration="00:00:00.0015210" startTime="2024-01-09T15:42:19.8883360+01:00" endTime="2024-01-09T15:42:19.8883360+01:00" testType="13cdc9d9-ddb5-4fa4-a97d-d965ccfc6d4b" outcome="Passed" testListId="8c84fa94-04c1-424b-9868-57a2d4851a1d" relativeResultsDirectory="658502d0-3edc-42a1-9c36-7f7232ed9c36" />
    <UnitTestResult executionId="4876aa27-bcf0-40bd-83b6-fffc6a68d80e" testId="6a1a4314-6432-c172-3585-376ac0ad2335" testName="ResponseController_ValidFailureResponse_FailureResponseWithTokenCalledOnCommManager" computerName="DKSR-EFI-06" duration="00:00:00.0005956" startTime="2024-01-09T15:42:02.7632946+01:00" endTime="2024-01-09T15:42:02.7632946+01:00" testType="13cdc9d9-ddb5-4fa4-a97d-d965ccfc6d4b" outcome="Passed" testListId="8c84fa94-04c1-424b-9868-57a2d4851a1d" relativeResultsDirectory="4876aa27-bcf0-40bd-83b6-fffc6a68d80e" />
    <UnitTestResult executionId="e094795c-8c96-46ac-b780-590fdcea2b39" testId="7fc1d6ff-a589-5e3a-ff9b-53cb635876e0" testName="FirmwareUpgradeCommandHandler_Execute_HardwareIsReadOnly_Errors" computerName="DKSR-EFI-06" duration="00:00:00.0007650" startTime="2024-01-09T15:42:31.8883464+01:00" endTime="2024-01-09T15:42:31.8883464+01:00" testType="13cdc9d9-ddb5-4fa4-a97d-d965ccfc6d4b" outcome="Passed" testListId="8c84fa94-04c1-424b-9868-57a2d4851a1d" relativeResultsDirectory="e094795c-8c96-46ac-b780-590fdcea2b39" />
    <UnitTestResult executionId="a233c089-42cd-40ec-a57f-4e8765db55cf" testId="b61cc474-cc1d-c977-712d-e01d48b4cf8a" testName="DatabaseoperationCommandhandler_VerifyPath_DatabaseException_ReturnErrorResponse" computerName="DKSR-EFI-06" duration="00:00:00.0009011" startTime="2024-01-09T15:42:31.1383403+01:00" endTime="2024-01-09T15:42:31.1383403+01:00" testType="13cdc9d9-ddb5-4fa4-a97d-d965ccfc6d4b" outcome="Passed" testListId="8c84fa94-04c1-424b-9868-57a2d4851a1d" relativeResultsDirectory="a233c089-42cd-40ec-a57f-4e8765db55cf" />
    <UnitTestResult executionId="6e9aca25-1bd1-4a15-9b8c-e3375450f788" testId="3684dd9a-88f0-8211-0281-3e878fb28168" testName="SOAPCommandRequestHandler_Constructor_Success" computerName="DKSR-EFI-06" duration="00:00:00.0005319" startTime="2024-01-09T15:42:15.9977074+01:00" endTime="2024-01-09T15:42:15.9977074+01:00" testType="13cdc9d9-ddb5-4fa4-a97d-d965ccfc6d4b" outcome="Passed" testListId="8c84fa94-04c1-424b-9868-57a2d4851a1d" relativeResultsDirectory="6e9aca25-1bd1-4a15-9b8c-e3375450f788" />
    <UnitTestResult executionId="885c2219-c727-4528-a80c-561d2f5301ed" testId="4f83e79f-0282-c3b1-d51a-da064ad6edb6" testName="LicenseManager_QueryVisibleFeature_InvalidOperation" computerName="DKSR-EFI-06" duration="00:00:00.0022398" startTime="2024-01-09T15:42:19.7164611+01:00" endTime="2024-01-09T15:42:19.7164611+01:00" testType="13cdc9d9-ddb5-4fa4-a97d-d965ccfc6d4b" outcome="Passed" testListId="8c84fa94-04c1-424b-9868-57a2d4851a1d" relativeResultsDirectory="885c2219-c727-4528-a80c-561d2f5301ed" />
    <UnitTestResult executionId="92ab35c1-3f53-42a1-8de0-5bc275971b23" testId="7db2cd71-ae38-529c-5001-03a47304d2fc" testName="SearchingForwardNoOverlapsThorrow" computerName="DKSR-EFI-06" duration="00:00:00.0019990" startTime="2024-01-09T15:42:19.2477121+01:00" endTime="2024-01-09T15:42:19.2477121+01:00" testType="13cdc9d9-ddb5-4fa4-a97d-d965ccfc6d4b" outcome="Passed" testListId="8c84fa94-04c1-424b-9868-57a2d4851a1d" relativeResultsDirectory="92ab35c1-3f53-42a1-8de0-5bc275971b23" />
    <UnitTestResult executionId="1e2615b9-4a88-44f8-bfa1-889dc43bf458" testId="29d604d1-f3c0-49b5-03f5-cf1ef5077225" testName="SetupInitialHardwareUserCommandHandler_Execute_SetupUser_ThrowsUserHandlingUserNameTooLongtrError_Errors" computerName="DKSR-EFI-06" duration="00:00:00.0009036" startTime="2024-01-09T15:42:37.0133758+01:00" endTime="2024-01-09T15:42:37.0289991+01:00" testType="13cdc9d9-ddb5-4fa4-a97d-d965ccfc6d4b" outcome="Passed" testListId="8c84fa94-04c1-424b-9868-57a2d4851a1d" relativeResultsDirectory="1e2615b9-4a88-44f8-bfa1-889dc43bf458" />
    <UnitTestResult executionId="fcce36d1-bf44-40da-a4ec-d911a5a8e49c" testId="7c47d70e-66c8-388b-e626-5761c693397f" testName="DatabaseTaskCommandHandler_TableNameGenerator_GetDestinationNameForMovedTable_Success" computerName="DKSR-EFI-06" duration="00:00:00.0008779" startTime="2024-01-09T15:42:31.1852158+01:00" endTime="2024-01-09T15:42:31.1852158+01:00" testType="13cdc9d9-ddb5-4fa4-a97d-d965ccfc6d4b" outcome="Passed" testListId="8c84fa94-04c1-424b-9868-57a2d4851a1d" relativeResultsDirectory="fcce36d1-bf44-40da-a4ec-d911a5a8e49c" />
    <UnitTestResult executionId="1630714c-7fea-49a5-be9f-fe6a0de9ef49" testId="ded54c5d-6865-8904-17e6-b13eabf08e52" testName="IsInRange_ShouldReturnTrue_WhenAddressIsBetweenStartAndEndBigRange" computerName="DKSR-EFI-06" duration="00:00:00.0001375" startTime="2024-01-09T15:42:29.7945904+01:00" endTime="2024-01-09T15:42:29.7945904+01:00" testType="13cdc9d9-ddb5-4fa4-a97d-d965ccfc6d4b" outcome="Passed" testListId="8c84fa94-04c1-424b-9868-57a2d4851a1d" relativeResultsDirectory="1630714c-7fea-49a5-be9f-fe6a0de9ef49" />
    <UnitTestResult executionId="4d9a33c8-9d73-40b5-aaa5-90767557e3cf" testId="1305c141-a0e3-24aa-3477-4be19c2cf492" testName="SOAPCommandRequestHandler_ExecuteFunction_HandleJPEGGetAt_NoTime" computerName="DKSR-EFI-06" duration="00:00:00.0004963" startTime="2024-01-09T15:42:16.0289573+01:00" endTime="2024-01-09T15:42:16.0289573+01:00" testType="13cdc9d9-ddb5-4fa4-a97d-d965ccfc6d4b" outcome="Passed" testListId="8c84fa94-04c1-424b-9868-57a2d4851a1d" relativeResultsDirectory="4d9a33c8-9d73-40b5-aaa5-90767557e3cf" />
    <UnitTestResult executionId="69323040-9283-4b91-8b80-d06d9a516807" testId="6a24a456-2305-60dd-4ae6-7ffea3a9462d" testName="SOAPCommandRequestHandler_ExecuteFunction_HandleJPEGGetAtOrAfter_Success" computerName="DKSR-EFI-06" duration="00:00:00.0022088" startTime="2024-01-09T15:42:16.0445835+01:00" endTime="2024-01-09T15:42:16.0445835+01:00" testType="13cdc9d9-ddb5-4fa4-a97d-d965ccfc6d4b" outcome="Passed" testListId="8c84fa94-04c1-424b-9868-57a2d4851a1d" relativeResultsDirectory="69323040-9283-4b91-8b80-d06d9a516807" />
    <UnitTestResult executionId="e445651e-7853-401a-bbd3-a86537494c2f" testId="5336cade-c3b9-8ee6-22d0-aec741cfd9c1" testName="CheckDeleteDeviceMediaCommandHandler_LocalConfigEmpty_MediaDbG1_NoExistedTracks_DeviceNotStopped_NoDelete" computerName="DKSR-EFI-06" duration="00:00:00.0002797" startTime="2024-01-09T15:42:30.8258392+01:00" endTime="2024-01-09T15:42:30.8258392+01:00" testType="13cdc9d9-ddb5-4fa4-a97d-d965ccfc6d4b" outcome="Passed" testListId="8c84fa94-04c1-424b-9868-57a2d4851a1d" relativeResultsDirectory="e445651e-7853-401a-bbd3-a86537494c2f" />
    <UnitTestResult executionId="86e7140c-3a88-442c-9aa3-e28a1cb37057" testId="d15edaa2-5758-09ec-fa2b-300c5af8928b" testName="PtzManualSession_OnBeforeExecuteRequest_Success" computerName="DKSR-EFI-06" duration="00:00:00.0020156" startTime="2024-01-09T15:42:38.4352585+01:00" endTime="2024-01-09T15:42:38.4508818+01:00" testType="13cdc9d9-ddb5-4fa4-a97d-d965ccfc6d4b" outcome="Passed" testListId="8c84fa94-04c1-424b-9868-57a2d4851a1d" relativeResultsDirectory="86e7140c-3a88-442c-9aa3-e28a1cb37057">
      <Output>
        <StdOut>Debug Trace:&#xD;
VideoOS.Recorder.PtzManualSession session started&#xD;
PTZ ManualSession START(), priority = 2147483647, Identity = \&#xD;
VideoOS.Recorder.PtzManualSession session, OnBeforeExecuteRequest&#xD;
VideoOS.Recorder.PtzManualSession session, OnBeforeExecuteRequest</StdOut>
      </Output>
    </UnitTestResult>
    <UnitTestResult executionId="6676b91b-5a53-4089-be4c-cd57345f4f12" testId="cb8df580-11f9-6d50-3771-5ee5d8a3d9c5" testName="ChangeConfigLinksAddedAndRemovedWhileRecordingCamera" computerName="DKSR-EFI-06" duration="00:00:00.0009354" startTime="2024-01-09T15:42:19.1695863+01:00" endTime="2024-01-09T15:42:19.1695863+01:00" testType="13cdc9d9-ddb5-4fa4-a97d-d965ccfc6d4b" outcome="Passed" testListId="8c84fa94-04c1-424b-9868-57a2d4851a1d" relativeResultsDirectory="6676b91b-5a53-4089-be4c-cd57345f4f12" />
    <UnitTestResult executionId="fa1cb13c-09d2-4c27-9fc7-64b173e13ed8" testId="632f602b-f5d0-4e0f-a45c-a5f52b172761" testName="FailoverMediaMover_MoveMediaDataHere_Unusable_Table" computerName="DKSR-EFI-06" duration="00:00:00.0066959" startTime="2024-01-09T15:42:01.3570348+01:00" endTime="2024-01-09T15:42:01.3726596+01:00" testType="13cdc9d9-ddb5-4fa4-a97d-d965ccfc6d4b" outcome="Passed" testListId="8c84fa94-04c1-424b-9868-57a2d4851a1d" relativeResultsDirectory="fa1cb13c-09d2-4c27-9fc7-64b173e13ed8" />
    <UnitTestResult executionId="ce781f97-f143-48d7-9d26-951ad47015d1" testId="9b801494-2dab-ded5-4f6a-e5e56b62cd34" testName="TimeRangeTestAllInOne" computerName="DKSR-EFI-06" duration="00:00:00.0007243" startTime="2024-01-09T15:42:29.9352142+01:00" endTime="2024-01-09T15:42:29.9352142+01:00" testType="13cdc9d9-ddb5-4fa4-a97d-d965ccfc6d4b" outcome="Passed" testListId="8c84fa94-04c1-424b-9868-57a2d4851a1d" relativeResultsDirectory="ce781f97-f143-48d7-9d26-951ad47015d1" />
    <UnitTestResult executionId="7df081bf-1624-4915-9555-ee25f6dc9f61" testId="abcc32d8-7b98-7d33-898b-4db189321e78" testName="MediaDbConfigurationWriter_WriteDeviceTableConfiguration_Cam_NoPrebuffer" computerName="DKSR-EFI-06" duration="00:00:00.0003951" startTime="2024-01-09T15:42:30.3883396+01:00" endTime="2024-01-09T15:42:30.3883396+01:00" testType="13cdc9d9-ddb5-4fa4-a97d-d965ccfc6d4b" outcome="Passed" testListId="8c84fa94-04c1-424b-9868-57a2d4851a1d" relativeResultsDirectory="7df081bf-1624-4915-9555-ee25f6dc9f61" />
    <UnitTestResult executionId="7f1da9c1-7b58-47d4-8673-a83ba28ec1bc" testId="5284f928-c894-29df-925e-e816e940f07a" testName="SmartSearchHandlerSimpleForwardTestAllHits" computerName="DKSR-EFI-06" duration="00:00:00.0041489" startTime="2024-01-09T15:42:17.6227083+01:00" endTime="2024-01-09T15:42:17.6227083+01:00" testType="13cdc9d9-ddb5-4fa4-a97d-d965ccfc6d4b" outcome="Passed" testListId="8c84fa94-04c1-424b-9868-57a2d4851a1d" relativeResultsDirectory="7f1da9c1-7b58-47d4-8673-a83ba28ec1bc" />
    <UnitTestResult executionId="fc459ffd-6e69-4e29-84d9-cffed194d8ed" testId="4c726782-66eb-044c-67dc-aabe5eb5c1ac" testName="MediaDbCache_GetDiskUsageInformationBank_Nothing_Cached" computerName="DKSR-EFI-06" duration="00:00:00.0013386" startTime="2024-01-09T15:42:30.1070939+01:00" endTime="2024-01-09T15:42:30.1070939+01:00" testType="13cdc9d9-ddb5-4fa4-a97d-d965ccfc6d4b" outcome="Passed" testListId="8c84fa94-04c1-424b-9868-57a2d4851a1d" relativeResultsDirectory="fc459ffd-6e69-4e29-84d9-cffed194d8ed" />
    <UnitTestResult executionId="d85382bb-d44d-4cbb-8c48-65a239cb925d" testId="9783da64-6fb6-c3b5-b3ac-c11796365d5b" testName="IsLiveRestrictedOnHandler" computerName="DKSR-EFI-06" duration="00:00:00.0007324" startTime="2024-01-09T15:42:19.2320859+01:00" endTime="2024-01-09T15:42:19.2320859+01:00" testType="13cdc9d9-ddb5-4fa4-a97d-d965ccfc6d4b" outcome="Passed" testListId="8c84fa94-04c1-424b-9868-57a2d4851a1d" relativeResultsDirectory="d85382bb-d44d-4cbb-8c48-65a239cb925d" />
    <UnitTestResult executionId="61de89c9-b85b-43a8-9ca3-3bace623a7dd" testId="c9721db4-263a-a42c-b864-143ef056e3dc" testName="GetDatabaseInfo_ArchiveStorageFound_ArchiveHintTrue" computerName="DKSR-EFI-06" duration="00:00:00.0001923" startTime="2024-01-09T15:42:01.5132908+01:00" endTime="2024-01-09T15:42:01.5132908+01:00" testType="13cdc9d9-ddb5-4fa4-a97d-d965ccfc6d4b" outcome="Passed" testListId="8c84fa94-04c1-424b-9868-57a2d4851a1d" relativeResultsDirectory="61de89c9-b85b-43a8-9ca3-3bace623a7dd" />
    <UnitTestResult executionId="199e8515-0347-4709-b5ba-d8738e728543" testId="b06c0ff2-b96a-82d5-47d2-6ada600c6ac4" testName="PtzReleaseSessionCommandHandler_Constructor_Argument_Exception" computerName="DKSR-EFI-06" duration="00:00:00.0049564" startTime="2024-01-09T15:42:36.1852486+01:00" endTime="2024-01-09T15:42:36.1852486+01:00" testType="13cdc9d9-ddb5-4fa4-a97d-d965ccfc6d4b" outcome="Passed" testListId="8c84fa94-04c1-424b-9868-57a2d4851a1d" relativeResultsDirectory="199e8515-0347-4709-b5ba-d8738e728543">
      <Output>
        <StdOut>Debug Trace:&#xD;
Fail: Argument null</StdOut>
      </Output>
    </UnitTestResult>
    <UnitTestResult executionId="b1da15f9-2e84-4bcc-a683-9b53b21b7ca9" testId="b3d817b8-e7e6-eb65-f92d-7523f232fbca" testName="UpdateRecorderTaskProgressAsync_ConnectedAndBetween1And99_ShouldQueueCommand" computerName="DKSR-EFI-06" duration="00:00:00.0015101" startTime="2024-01-09T15:42:02.3726657+01:00" endTime="2024-01-09T15:42:02.3726657+01:00" testType="13cdc9d9-ddb5-4fa4-a97d-d965ccfc6d4b" outcome="Passed" testListId="8c84fa94-04c1-424b-9868-57a2d4851a1d" relativeResultsDirectory="b1da15f9-2e84-4bcc-a683-9b53b21b7ca9" />
    <UnitTestResult executionId="ca65e953-3941-4838-9e94-6458c145d665" testId="bbd4503c-8460-7be2-44cb-c192c30ff36f" testName="CallStartMethodForCamera" computerName="DKSR-EFI-06" duration="00:00:00.0006083" startTime="2024-01-09T15:42:19.1852087+01:00" endTime="2024-01-09T15:42:19.1852087+01:00" testType="13cdc9d9-ddb5-4fa4-a97d-d965ccfc6d4b" outcome="Passed" testListId="8c84fa94-04c1-424b-9868-57a2d4851a1d" relativeResultsDirectory="ca65e953-3941-4838-9e94-6458c145d665" />
    <UnitTestResult executionId="9ec39a94-d31d-4622-9c4b-db51744635b3" testId="56e05ba7-632d-f502-5502-a567718423da" testName="PtzStopSessionCommandHandler_Constructor_Argument_Exception" computerName="DKSR-EFI-06" duration="00:00:00.0057932" startTime="2024-01-09T15:42:36.3102485+01:00" endTime="2024-01-09T15:42:36.3258723+01:00" testType="13cdc9d9-ddb5-4fa4-a97d-d965ccfc6d4b" outcome="Passed" testListId="8c84fa94-04c1-424b-9868-57a2d4851a1d" relativeResultsDirectory="9ec39a94-d31d-4622-9c4b-db51744635b3">
      <Output>
        <StdOut>Debug Trace:&#xD;
Fail: Argument null</StdOut>
      </Output>
    </UnitTestResult>
    <UnitTestResult executionId="5966acb1-9d4c-4f5a-9344-d6545a978ab6" testId="a6fc6e0f-6045-60b0-924f-e1bbf6047dee" testName="SOAPCommandRequestHandler_ExecuteFunction_HandlePTZMoveRelative_Success" computerName="DKSR-EFI-06" duration="00:00:00.0022573" startTime="2024-01-09T15:42:16.3102070+01:00" endTime="2024-01-09T15:42:16.3102070+01:00" testType="13cdc9d9-ddb5-4fa4-a97d-d965ccfc6d4b" outcome="Passed" testListId="8c84fa94-04c1-424b-9868-57a2d4851a1d" relativeResultsDirectory="5966acb1-9d4c-4f5a-9344-d6545a978ab6" />
    <UnitTestResult executionId="5ff9aec6-5bf0-4208-ab35-08794e0c1188" testId="4aa1f8d1-4091-90cf-7b24-3ca2bebcf71b" testName="FileUploadCommandHandler_Constructor_NullArg_Throws" computerName="DKSR-EFI-06" duration="00:00:00.0018647" startTime="2024-01-09T15:42:31.8102163+01:00" endTime="2024-01-09T15:42:31.8102163+01:00" testType="13cdc9d9-ddb5-4fa4-a97d-d965ccfc6d4b" outcome="Passed" testListId="8c84fa94-04c1-424b-9868-57a2d4851a1d" relativeResultsDirectory="5ff9aec6-5bf0-4208-ab35-08794e0c1188" />
    <UnitTestResult executionId="5a4cc57d-24d5-4b8f-8b23-041eb17e965a" testId="ddf5cc0d-87e0-f6c1-f045-d76e35cb892b" testName="PreferredAddressTable_IsAddressRegistered_Success" computerName="DKSR-EFI-06" duration="00:00:00.0006824" startTime="2024-01-09T15:42:19.6696042+01:00" endTime="2024-01-09T15:42:19.6696042+01:00" testType="13cdc9d9-ddb5-4fa4-a97d-d965ccfc6d4b" outcome="Passed" testListId="8c84fa94-04c1-424b-9868-57a2d4851a1d" relativeResultsDirectory="5a4cc57d-24d5-4b8f-8b23-041eb17e965a" />
    <UnitTestResult executionId="0fb6b37b-c792-4c4e-b701-5516b42cd417" testId="6d3bccb0-e3a7-0eac-f802-f89ebb3ce36d" testName="EnhanceSettings_UnsupportedPluginIds" computerName="DKSR-EFI-06" duration="00:00:00.0101016" startTime="2024-01-09T15:42:19.3727108+01:00" endTime="2024-01-09T15:42:19.3883502+01:00" testType="13cdc9d9-ddb5-4fa4-a97d-d965ccfc6d4b" outcome="Passed" testListId="8c84fa94-04c1-424b-9868-57a2d4851a1d" relativeResultsDirectory="0fb6b37b-c792-4c4e-b701-5516b42cd417" />
    <UnitTestResult executionId="0ca2ea14-ea14-4331-ac2a-4796200987f7" testId="cb6aabb9-fda3-6c9d-398a-3678f99ee609" testName="ConnectSuccess_Goto_PrevWithoutTime" computerName="DKSR-EFI-06" duration="00:00:00.0031026" startTime="2024-01-09T15:42:12.9352025+01:00" endTime="2024-01-09T15:42:12.9352025+01:00" testType="13cdc9d9-ddb5-4fa4-a97d-d965ccfc6d4b" outcome="Passed" testListId="8c84fa94-04c1-424b-9868-57a2d4851a1d" relativeResultsDirectory="0ca2ea14-ea14-4331-ac2a-4796200987f7" />
    <UnitTestResult executionId="589f0bce-7cfa-4356-804d-4b3033c2ae72" testId="a10dfdfa-1693-7f2d-5dcd-e1b851bdafbf" testName="MediaDbCache_GetDiskUsageInformationBank_Timeout" computerName="DKSR-EFI-06" duration="00:00:00.0776364" startTime="2024-01-09T15:42:30.1227187+01:00" endTime="2024-01-09T15:42:30.2008408+01:00" testType="13cdc9d9-ddb5-4fa4-a97d-d965ccfc6d4b" outcome="Passed" testListId="8c84fa94-04c1-424b-9868-57a2d4851a1d" relativeResultsDirectory="589f0bce-7cfa-4356-804d-4b3033c2ae72" />
    <UnitTestResult executionId="f83694bc-ac31-4e8e-8a07-7a34b28fad38" testId="f4d271b7-a9e1-cd6e-d146-55db27b2787f" testName="MediaDbConfigurationWriter_WriteDeviceTableConfiguration_NotCam" computerName="DKSR-EFI-06" duration="00:00:00.0003860" startTime="2024-01-09T15:42:30.3883396+01:00" endTime="2024-01-09T15:42:30.3883396+01:00" testType="13cdc9d9-ddb5-4fa4-a97d-d965ccfc6d4b" outcome="Passed" testListId="8c84fa94-04c1-424b-9868-57a2d4851a1d" relativeResultsDirectory="f83694bc-ac31-4e8e-8a07-7a34b28fad38" />
    <UnitTestResult executionId="0fe875c1-dc86-4a36-af0f-b7775ce0b757" testId="dc6289e1-55df-6902-9dc5-70892f2b6f9a" testName="RepairInfo_ParseRepairInfoXml_Null_NotRepairing" computerName="DKSR-EFI-06" duration="00:00:00.0009032" startTime="2024-01-09T15:42:30.4508411+01:00" endTime="2024-01-09T15:42:30.4508411+01:00" testType="13cdc9d9-ddb5-4fa4-a97d-d965ccfc6d4b" outcome="Passed" testListId="8c84fa94-04c1-424b-9868-57a2d4851a1d" relativeResultsDirectory="0fe875c1-dc86-4a36-af0f-b7775ce0b757" />
    <UnitTestResult executionId="c43e6db7-a451-42f3-82d6-71934d4dbfd8" testId="7e937a36-b746-25c4-87ec-e39c5d8db1ae" testName="MessageManagerCallback_HandleTimeout_RetriesUpdate" computerName="DKSR-EFI-06" duration="00:00:00.1738267" startTime="2024-01-09T15:42:00.7164690+01:00" endTime="2024-01-09T15:42:00.9039724+01:00" testType="13cdc9d9-ddb5-4fa4-a97d-d965ccfc6d4b" outcome="Passed" testListId="8c84fa94-04c1-424b-9868-57a2d4851a1d" relativeResultsDirectory="c43e6db7-a451-42f3-82d6-71934d4dbfd8" />
    <UnitTestResult executionId="57c46fa5-a271-4ea8-9aec-6f8f8b0b7f96" testId="67789090-e72a-5ffd-a348-a0b093e37aa4" testName="DeleteHardwareUserCommandHandler_Execute_HardwareBlocked_Errors" computerName="DKSR-EFI-06" duration="00:00:00.0043873" startTime="2024-01-09T15:42:31.7008413+01:00" endTime="2024-01-09T15:42:31.7008413+01:00" testType="13cdc9d9-ddb5-4fa4-a97d-d965ccfc6d4b" outcome="Passed" testListId="8c84fa94-04c1-424b-9868-57a2d4851a1d" relativeResultsDirectory="57c46fa5-a271-4ea8-9aec-6f8f8b0b7f96" />
    <UnitTestResult executionId="42149d16-b041-4815-a5fb-90fd699d7491" testId="ffd89711-583f-15d7-b7d8-54f047144f9b" testName="TriggerCustomEventBulkCommand_IsValid_NoContent" computerName="DKSR-EFI-06" duration="00:00:00.0127198" startTime="2024-01-09T15:42:02.6070414+01:00" endTime="2024-01-09T15:42:02.6226678+01:00" testType="13cdc9d9-ddb5-4fa4-a97d-d965ccfc6d4b" outcome="Passed" testListId="8c84fa94-04c1-424b-9868-57a2d4851a1d" relativeResultsDirectory="42149d16-b041-4815-a5fb-90fd699d7491" />
    <UnitTestResult executionId="bd8cf70a-adc0-4e2f-9245-043df8610975" testId="a483ecec-dce9-bbc0-17e3-9f4777953165" testName="SOAPCommandRequestHandler_ExecuteFunction_HandleSequencesGetTypes_Success" computerName="DKSR-EFI-06" duration="00:00:00.0032635" startTime="2024-01-09T15:42:15.4820826+01:00" endTime="2024-01-09T15:42:15.4820826+01:00" testType="13cdc9d9-ddb5-4fa4-a97d-d965ccfc6d4b" outcome="Passed" testListId="8c84fa94-04c1-424b-9868-57a2d4851a1d" relativeResultsDirectory="bd8cf70a-adc0-4e2f-9245-043df8610975" />
    <UnitTestResult executionId="79e632d8-1917-48f9-bd92-72517e36cceb" testId="2e1beb03-23a6-d8e3-309a-84859d36c4b5" testName="PtzManagerDataHolder_GetPtzDevice_Success" computerName="DKSR-EFI-06" duration="00:00:00.0016696" startTime="2024-01-09T15:42:37.1227501+01:00" endTime="2024-01-09T15:42:37.1227501+01:00" testType="13cdc9d9-ddb5-4fa4-a97d-d965ccfc6d4b" outcome="Passed" testListId="8c84fa94-04c1-424b-9868-57a2d4851a1d" relativeResultsDirectory="79e632d8-1917-48f9-bd92-72517e36cceb" />
    <UnitTestResult executionId="a63ff54b-5972-475c-a55d-47a93e9403ec" testId="5aae2866-0e63-5303-c86b-20200a10452d" testName="TimeRangeConversionRangeNull" computerName="DKSR-EFI-06" duration="00:00:00.0010526" startTime="2024-01-09T15:42:29.9195882+01:00" endTime="2024-01-09T15:42:29.9195882+01:00" testType="13cdc9d9-ddb5-4fa4-a97d-d965ccfc6d4b" outcome="Passed" testListId="8c84fa94-04c1-424b-9868-57a2d4851a1d" relativeResultsDirectory="a63ff54b-5972-475c-a55d-47a93e9403ec">
      <Output>
        <StdOut>Debug Trace:&#xD;
Fail: Ranges contains invalid elements</StdOut>
      </Output>
    </UnitTestResult>
    <UnitTestResult executionId="5abffb2a-1d1b-4254-97aa-52743bf5bdc0" testId="8ea84488-3c73-0539-a689-69c3ff91d40d" testName="MediaDbCache_GetListFileSystemDiskUsage_Nothing_Cached" computerName="DKSR-EFI-06" duration="00:00:00.0012922" startTime="2024-01-09T15:42:30.2320900+01:00" endTime="2024-01-09T15:42:30.2320900+01:00" testType="13cdc9d9-ddb5-4fa4-a97d-d965ccfc6d4b" outcome="Passed" testListId="8c84fa94-04c1-424b-9868-57a2d4851a1d" relativeResultsDirectory="5abffb2a-1d1b-4254-97aa-52743bf5bdc0" />
    <UnitTestResult executionId="8bd1a586-5059-4c07-8f40-654e24a4475b" testId="5d983749-5de8-7973-76e4-387bec254355" testName="PtzReserveSessionCommandHandler_Execute_Argument_Exception" computerName="DKSR-EFI-06" duration="00:00:00.0073209" startTime="2024-01-09T15:42:36.2633728+01:00" endTime="2024-01-09T15:42:36.2633728+01:00" testType="13cdc9d9-ddb5-4fa4-a97d-d965ccfc6d4b" outcome="Passed" testListId="8c84fa94-04c1-424b-9868-57a2d4851a1d" relativeResultsDirectory="8bd1a586-5059-4c07-8f40-654e24a4475b">
      <Output>
        <StdOut>Debug Trace:&#xD;
Fail: Command/Command handler type mismatch&#xD;
Fail: The command handler expect an object that implements ICallContextInfo in the state parameter&#xD;
Fail: responseSink can not be null</StdOut>
      </Output>
    </UnitTestResult>
    <UnitTestResult executionId="dd624783-3256-45a6-a85b-9d8cb51c1d61" testId="1cf1c1a9-610a-8d03-c381-e7426c0f5ad8" testName="FirmwareUpgradeCommandHandler_Execute_FirmwareUpgradeStatus_ThrowsFirmwareRejected_Errors" computerName="DKSR-EFI-06" duration="00:00:00.0014535" startTime="2024-01-09T15:42:32.9821024+01:00" endTime="2024-01-09T15:42:32.9821024+01:00" testType="13cdc9d9-ddb5-4fa4-a97d-d965ccfc6d4b" outcome="Passed" testListId="8c84fa94-04c1-424b-9868-57a2d4851a1d" relativeResultsDirectory="dd624783-3256-45a6-a85b-9d8cb51c1d61" />
    <UnitTestResult executionId="ab596084-06a6-48bc-b6d0-ea5d56612ab9" testId="fee89795-4175-c6d2-9287-8735bfb09744" testName="MediaDbCache_SetDiskUsageInformationBank_Set_Twice_Caches_First" computerName="DKSR-EFI-06" duration="00:00:00.0093727" startTime="2024-01-09T15:42:30.0916716+01:00" endTime="2024-01-09T15:42:30.0916716+01:00" testType="13cdc9d9-ddb5-4fa4-a97d-d965ccfc6d4b" outcome="Passed" testListId="8c84fa94-04c1-424b-9868-57a2d4851a1d" relativeResultsDirectory="ab596084-06a6-48bc-b6d0-ea5d56612ab9" />
    <UnitTestResult executionId="eb06b812-5660-4773-a19d-bf42971a2638" testId="5dbee3c2-264b-5c9b-4900-e958b9291cf6" testName="GetNetworkConfigurationCommandHandler_Execute_HardwareNotStarted_Reschedules_NoResponse" computerName="DKSR-EFI-06" duration="00:00:00.0007884" startTime="2024-01-09T15:42:33.2477288+01:00" endTime="2024-01-09T15:42:33.2477288+01:00" testType="13cdc9d9-ddb5-4fa4-a97d-d965ccfc6d4b" outcome="Passed" testListId="8c84fa94-04c1-424b-9868-57a2d4851a1d" relativeResultsDirectory="eb06b812-5660-4773-a19d-bf42971a2638" />
    <UnitTestResult executionId="f2dc8ba5-8586-45c6-9ec0-80ed86660de2" testId="c53abf88-1d6c-5205-d2fa-49c2d1d2fa27" testName="SOAPCommandRequestHandler_ExecuteFunction_HandleGetRetentionTimeLimit_NoDeviceId" computerName="DKSR-EFI-06" duration="00:00:00.0016181" startTime="2024-01-09T15:42:15.9821008+01:00" endTime="2024-01-09T15:42:15.9821008+01:00" testType="13cdc9d9-ddb5-4fa4-a97d-d965ccfc6d4b" outcome="Passed" testListId="8c84fa94-04c1-424b-9868-57a2d4851a1d" relativeResultsDirectory="f2dc8ba5-8586-45c6-9ec0-80ed86660de2" />
    <UnitTestResult executionId="312dde40-8981-49ad-926b-d7bfe13a61a6" testId="d8494be8-eca0-1496-06ad-a94cbb3fdc12" testName="DeleteHardwareUserCommandHandler_Execute_HardwareNotFound_Fails" computerName="DKSR-EFI-06" duration="00:00:00.0058286" startTime="2024-01-09T15:42:31.7008413+01:00" endTime="2024-01-09T15:42:31.7008413+01:00" testType="13cdc9d9-ddb5-4fa4-a97d-d965ccfc6d4b" outcome="Passed" testListId="8c84fa94-04c1-424b-9868-57a2d4851a1d" relativeResultsDirectory="312dde40-8981-49ad-926b-d7bfe13a61a6" />
    <UnitTestResult executionId="f51c2d14-ab1d-4d63-b4d4-21e0630f2b2e" testId="bdf3cf43-6f55-eb73-fb64-affef7c878a9" testName="SOAPCommandRequestHandler_ExecuteFunction_HandleMulticastStart_NoDeviceId" computerName="DKSR-EFI-06" duration="00:00:00.0042333" startTime="2024-01-09T15:42:15.7164585+01:00" endTime="2024-01-09T15:42:15.7320817+01:00" testType="13cdc9d9-ddb5-4fa4-a97d-d965ccfc6d4b" outcome="Passed" testListId="8c84fa94-04c1-424b-9868-57a2d4851a1d" relativeResultsDirectory="f51c2d14-ab1d-4d63-b4d4-21e0630f2b2e" />
    <UnitTestResult executionId="38d124fb-3df6-4ae9-9f2f-150bd045e4af" testId="62d24c9f-a275-965e-ba77-fc1bd09bd84c" testName="EvidenceLockOnOldRecorderCommandHandler_DeleteEvidenceLock_RowMissing" computerName="DKSR-EFI-06" duration="00:00:00.0005478" startTime="2024-01-09T15:42:31.8102163+01:00" endTime="2024-01-09T15:42:31.8102163+01:00" testType="13cdc9d9-ddb5-4fa4-a97d-d965ccfc6d4b" outcome="Passed" testListId="8c84fa94-04c1-424b-9868-57a2d4851a1d" relativeResultsDirectory="38d124fb-3df6-4ae9-9f2f-150bd045e4af" />
    <UnitTestResult executionId="40f35b2c-0bad-44f8-82ed-492d7292bab9" testId="18f2e0ff-08b6-90e9-c532-279cd8938e8a" testName="PtzManager_ReleaseLockedSessionFromExtension_Success" computerName="DKSR-EFI-06" duration="00:00:00.0013059" startTime="2024-01-09T15:42:38.2946344+01:00" endTime="2024-01-09T15:42:38.2946344+01:00" testType="13cdc9d9-ddb5-4fa4-a97d-d965ccfc6d4b" outcome="Passed" testListId="8c84fa94-04c1-424b-9868-57a2d4851a1d" relativeResultsDirectory="40f35b2c-0bad-44f8-82ed-492d7292bab9" />
    <UnitTestResult executionId="33f7a108-d33c-478b-9047-a22f32b5e956" testId="777af48f-4e34-2080-7086-ee2ddd3d27b9" testName="RegisterLiveTableExistsThenRemove" computerName="DKSR-EFI-06" duration="00:00:00.0008305" startTime="2024-01-09T15:42:30.4039654+01:00" endTime="2024-01-09T15:42:30.4039654+01:00" testType="13cdc9d9-ddb5-4fa4-a97d-d965ccfc6d4b" outcome="Passed" testListId="8c84fa94-04c1-424b-9868-57a2d4851a1d" relativeResultsDirectory="33f7a108-d33c-478b-9047-a22f32b5e956" />
    <UnitTestResult executionId="7a815ecd-d55f-4aeb-b870-7133b420dc54" testId="810ce809-2edf-8dfc-efd5-adced29593c9" testName="SOAPCommandRequestHandler_ExecuteFunction_HandlePTZExtendedManualSession_NoDeviceId" computerName="DKSR-EFI-06" duration="00:00:00.0011851" startTime="2024-01-09T15:42:16.4820841+01:00" endTime="2024-01-09T15:42:16.4820841+01:00" testType="13cdc9d9-ddb5-4fa4-a97d-d965ccfc6d4b" outcome="Passed" testListId="8c84fa94-04c1-424b-9868-57a2d4851a1d" relativeResultsDirectory="7a815ecd-d55f-4aeb-b870-7133b420dc54" />
    <UnitTestResult executionId="ff29d892-20d3-4b16-884a-926538b68c0d" testId="068809ea-9aa8-35d4-7bb8-e61f3cca836c" testName="SOAPCommandRequestHandler_ExecuteFunction_HandleSequencesGet_No_Speaker_Security" computerName="DKSR-EFI-06" duration="00:00:00.0024897" startTime="2024-01-09T15:42:15.3414555+01:00" endTime="2024-01-09T15:42:15.3414555+01:00" testType="13cdc9d9-ddb5-4fa4-a97d-d965ccfc6d4b" outcome="Passed" testListId="8c84fa94-04c1-424b-9868-57a2d4851a1d" relativeResultsDirectory="ff29d892-20d3-4b16-884a-926538b68c0d" />
    <UnitTestResult executionId="bbcc6276-ec16-4bc1-b06b-b7156c74ad7f" testId="330aa390-d7ca-b0e8-0a09-1cff13b32d9c" testName="LicenseManager_IsFeatureLicensed_ThrowsLicenseException_OnLicenseWithExpiry" computerName="DKSR-EFI-06" duration="00:00:00.0037512" startTime="2024-01-09T15:42:19.7477088+01:00" endTime="2024-01-09T15:42:19.7633369+01:00" testType="13cdc9d9-ddb5-4fa4-a97d-d965ccfc6d4b" outcome="Passed" testListId="8c84fa94-04c1-424b-9868-57a2d4851a1d" relativeResultsDirectory="bbcc6276-ec16-4bc1-b06b-b7156c74ad7f" />
    <UnitTestResult executionId="ec5b2dad-3b45-4651-a7c6-b9b29a4298b1" testId="432d8e11-fcbb-90fc-2203-e7463fa01fff" testName="SOAPCommandRequestHandler_ExecuteFunction_HandleSmartSearchStart_SearchMaskWidthLargerThan64" computerName="DKSR-EFI-06" duration="00:00:00.0014124" startTime="2024-01-09T15:42:15.5914592+01:00" endTime="2024-01-09T15:42:15.5914592+01:00" testType="13cdc9d9-ddb5-4fa4-a97d-d965ccfc6d4b" outcome="Passed" testListId="8c84fa94-04c1-424b-9868-57a2d4851a1d" relativeResultsDirectory="ec5b2dad-3b45-4651-a7c6-b9b29a4298b1" />
    <UnitTestResult executionId="ca0f1e8e-55db-4af0-8636-76d166434aad" testId="b37b862f-58d4-a3f8-2e05-54a6ae3e3990" testName="SOAPCommandRequestHandler_ExecuteFunction_HandlePTZRectangle_Height_Not_Double" computerName="DKSR-EFI-06" duration="00:00:00.0009831" startTime="2024-01-09T15:42:16.3570828+01:00" endTime="2024-01-09T15:42:16.3570828+01:00" testType="13cdc9d9-ddb5-4fa4-a97d-d965ccfc6d4b" outcome="Passed" testListId="8c84fa94-04c1-424b-9868-57a2d4851a1d" relativeResultsDirectory="ca0f1e8e-55db-4af0-8636-76d166434aad" />
    <UnitTestResult executionId="56b5a875-eb2f-417d-b79f-edde28d6ec8d" testId="72e9872f-e146-2fb9-0c1d-bfc150eba3ba" testName="ReadMessageHeaders_ImageServer_Connect_ReadSuccess" computerName="DKSR-EFI-06" duration="00:00:00.0006630" startTime="2024-01-09T15:42:16.7945845+01:00" endTime="2024-01-09T15:42:16.7945845+01:00" testType="13cdc9d9-ddb5-4fa4-a97d-d965ccfc6d4b" outcome="Passed" testListId="8c84fa94-04c1-424b-9868-57a2d4851a1d" relativeResultsDirectory="56b5a875-eb2f-417d-b79f-edde28d6ec8d" />
    <UnitTestResult executionId="6dd5c6a4-eff1-44e4-bfcb-11a2dbdbe2ea" testId="1785dede-d658-d73b-9752-40a45c6936de" testName="PtzPatrollingSessionBase_SignalUpdateSchema_Success" computerName="DKSR-EFI-06" duration="00:00:00.0027907" startTime="2024-01-09T15:42:38.5446325+01:00" endTime="2024-01-09T15:42:38.5446325+01:00" testType="13cdc9d9-ddb5-4fa4-a97d-d965ccfc6d4b" outcome="Passed" testListId="8c84fa94-04c1-424b-9868-57a2d4851a1d" relativeResultsDirectory="6dd5c6a4-eff1-44e4-bfcb-11a2dbdbe2ea">
      <Output>
        <StdOut>Debug Trace:&#xD;
VideoOS.Recorder.PtzPatrollingSession session started</StdOut>
      </Output>
    </UnitTestResult>
    <UnitTestResult executionId="30b53fa7-11b9-466b-b242-60ebe1cfde48" testId="6a05ec9c-a31e-6a31-a748-70c9bbc050f4" testName="GetNetworkConfigurationCommandHandler_Execute_GetNetworkConfiguration_ThrowsMemoryException_Throws" computerName="DKSR-EFI-06" duration="00:00:00.0007776" startTime="2024-01-09T15:42:33.2321086+01:00" endTime="2024-01-09T15:42:33.2321086+01:00" testType="13cdc9d9-ddb5-4fa4-a97d-d965ccfc6d4b" outcome="Passed" testListId="8c84fa94-04c1-424b-9868-57a2d4851a1d" relativeResultsDirectory="30b53fa7-11b9-466b-b242-60ebe1cfde48" />
    <UnitTestResult executionId="c9fae155-2a99-423f-b343-be521589dd5e" testId="09b9ba02-0efe-7368-101b-c3520546f0b5" testName="UpdateHardwareReadOnlySettingsAsync_ConnectedAndCompatible_ShouldNotThrowAnException" computerName="DKSR-EFI-06" duration="00:00:00.0014292" startTime="2024-01-09T15:42:02.3414169+01:00" endTime="2024-01-09T15:42:02.3414169+01:00" testType="13cdc9d9-ddb5-4fa4-a97d-d965ccfc6d4b" outcome="Passed" testListId="8c84fa94-04c1-424b-9868-57a2d4851a1d" relativeResultsDirectory="c9fae155-2a99-423f-b343-be521589dd5e" />
    <UnitTestResult executionId="92d48c05-8f9c-43e3-9f20-23828475d89c" testId="d0ebb5dd-39e2-2382-c6fa-adb8fc580505" testName="MediaDbUtil_MultitrackNavigation_Scenario14" computerName="DKSR-EFI-06" duration="00:00:00.0800055" startTime="2024-01-09T15:42:14.5914585+01:00" endTime="2024-01-09T15:42:14.6695804+01:00" testType="13cdc9d9-ddb5-4fa4-a97d-d965ccfc6d4b" outcome="Passed" testListId="8c84fa94-04c1-424b-9868-57a2d4851a1d" relativeResultsDirectory="92d48c05-8f9c-43e3-9f20-23828475d89c">
      <Output>
        <StdOut>TestContext Messages:&#xD;
Before&#xD;
Navigation:  " V                                            "&#xD;
Source    :  " 1 1 1 1 1 1 1 1 1 1 1 1 1 1 1 1 1 1 1 1 1 1 1"&#xD;
Unable to move&#xD;
&#xD;
AtOrBefore&#xD;
Navigation:  " V                                            "&#xD;
Source    :  " 1 1 1 1 1 1 1 1 1 1 1 1 1 1 1 1 1 1 1 1 1 1 1"&#xD;
Expected  :  " 1 N                                          "&#xD;
Actual    :  " 1 N                                          "&#xD;
&#xD;
AtOrAfter&#xD;
Navigation:  " V                                            "&#xD;
Source    :  " 1 1 1 1 1 1 1 1 1 1 1 1 1 1 1 1 1 1 1 1 1 1 1"&#xD;
Expected  :  " 1 N                                          "&#xD;
Actual    :  " 1 N                                          "&#xD;
&#xD;
After&#xD;
Navigation:  " V                                            "&#xD;
Source    :  " 1 1 1 1 1 1 1 1 1 1 1 1 1 1 1 1 1 1 1 1 1 1 1"&#xD;
Expected  :  " P 1 N                                        "&#xD;
Actual    :  " P 1 N                                        "&#xD;
&#xD;
Before&#xD;
Navigation:  "           V                                  "&#xD;
Source    :  " 1 1 1 1 1 1 1 1 1 1 1 1 1 1 1 1 1 1 1 1 1 1 1"&#xD;
Expected  :  "       P 1 N                                  "&#xD;
Actual    :  "       P 1 N                                  "&#xD;
&#xD;
AtOrBefore&#xD;
Navigation:  "           V                                  "&#xD;
Source    :  " 1 1 1 1 1 1 1 1 1 1 1 1 1 1 1 1 1 1 1 1 1 1 1"&#xD;
Expected  :  "         P 1 N                                "&#xD;
Actual    :  "         P 1 N                                "&#xD;
&#xD;
AtOrAfter&#xD;
Navigation:  "           V                                  "&#xD;
Source    :  " 1 1 1 1 1 1 1 1 1 1 1 1 1 1 1 1 1 1 1 1 1 1 1"&#xD;
Expected  :  "         P 1 N                                "&#xD;
Actual    :  "         P 1 N                                "&#xD;
&#xD;
After&#xD;
Navigation:  "           V                                  "&#xD;
Source    :  " 1 1 1 1 1 1 1 1 1 1 1 1 1 1 1 1 1 1 1 1 1 1 1"&#xD;
Expected  :  "           P 1 N                              "&#xD;
Actual    :  "           P 1 N                              "&#xD;
&#xD;
Before&#xD;
Navigation:  "              V                               "&#xD;
Source    :  " 1 1 1 1 1 1 1 1 1 1 1 1 1 1 1 1 1 1 1 1 1 1 1"&#xD;
Expected  :  "           P 1 N                              "&#xD;
Actual    :  "           P 1 N                              "&#xD;
&#xD;
AtOrBefore&#xD;
Navigation:  "              V                               "&#xD;
Source    :  " 1 1 1 1 1 1 1 1 1 1 1 1 1 1 1 1 1 1 1 1 1 1 1"&#xD;
Expected  :  "           P 1 N                              "&#xD;
Actual    :  "           P 1 N                              "&#xD;
&#xD;
AtOrAfter&#xD;
Navigation:  "              V                               "&#xD;
Source    :  " 1 1 1 1 1 1 1 1 1 1 1 1 1 1 1 1 1 1 1 1 1 1 1"&#xD;
Expected  :  "             P 1 N                            "&#xD;
Actual    :  "             P 1 N                            "&#xD;
&#xD;
After&#xD;
Navigation:  "              V                               "&#xD;
Source    :  " 1 1 1 1 1 1 1 1 1 1 1 1 1 1 1 1 1 1 1 1 1 1 1"&#xD;
Expected  :  "             P 1 N                            "&#xD;
Actual    :  "             P 1 N                            "&#xD;
&#xD;
Before&#xD;
Navigation:  "                 V                            "&#xD;
Source    :  " 1 1 1 1 1 1 1 1 1 1 1 1 1 1 1 1 1 1 1 1 1 1 1"&#xD;
Expected  :  "             P 1 N                            "&#xD;
Actual    :  "             P 1 N                            "&#xD;
&#xD;
AtOrBefore&#xD;
Navigation:  "                 V                            "&#xD;
Source    :  " 1 1 1 1 1 1 1 1 1 1 1 1 1 1 1 1 1 1 1 1 1 1 1"&#xD;
Expected  :  "               P 1 N                          "&#xD;
Actual    :  "               P 1 N                          "&#xD;
&#xD;
AtOrAfter&#xD;
Navigation:  "                 V                            "&#xD;
Source    :  " 1 1 1 1 1 1 1 1 1 1 1 1 1 1 1 1 1 1 1 1 1 1 1"&#xD;
Expected  :  "               P 1 N                          "&#xD;
Actual    :  "               P 1 N                          "&#xD;
&#xD;
After&#xD;
Navigation:  "                 V                            "&#xD;
Source    :  " 1 1 1 1 1 1 1 1 1 1 1 1 1 1 1 1 1 1 1 1 1 1 1"&#xD;
Expected  :  "                 P 1 N                        "&#xD;
Actual    :  "                 P 1 N                        "&#xD;
&#xD;
Before&#xD;
Navigation:  "                  V                           "&#xD;
Source    :  " 1 1 1 1 1 1 1 1 1 1 1 1 1 1 1 1 1 1 1 1 1 1 1"&#xD;
Expected  :  "               P 1 N                          "&#xD;
Actual    :  "               P 1 N                          "&#xD;
&#xD;
AtOrBefore&#xD;
Navigation:  "                  V                           "&#xD;
Source    :  " 1 1 1 1 1 1 1 1 1 1 1 1 1 1 1 1 1 1 1 1 1 1 1"&#xD;
Expected  :  "               P 1 N                          "&#xD;
Actual    :  "               P 1 N                          "&#xD;
&#xD;
AtOrAfter&#xD;
Navigation:  "                  V                           "&#xD;
Source    :  " 1 1 1 1 1 1 1 1 1 1 1 1 1 1 1 1 1 1 1 1 1 1 1"&#xD;
Expected  :  "                 P 1 N                        "&#xD;
Actual    :  "                 P 1 N                        "&#xD;
&#xD;
After&#xD;
Navigation:  "                  V                           "&#xD;
Source    :  " 1 1 1 1 1 1 1 1 1 1 1 1 1 1 1 1 1 1 1 1 1 1 1"&#xD;
Expected  :  "                 P 1 N                        "&#xD;
Actual    :  "                 P 1 N                        "&#xD;
&#xD;
Before&#xD;
Navigation:  "                   V                          "&#xD;
Source    :  " 1 1 1 1 1 1 1 1 1 1 1 1 1 1 1 1 1 1 1 1 1 1 1"&#xD;
Expected  :  "               P 1 N                          "&#xD;
Actual    :  "               P 1 N                          "&#xD;
&#xD;
AtOrBefore&#xD;
Navigation:  "                   V                          "&#xD;
Source    :  " 1 1 1 1 1 1 1 1 1 1 1 1 1 1 1 1 1 1 1 1 1 1 1"&#xD;
Expected  :  "                 P 1 N                        "&#xD;
Actual    :  "                 P 1 N                        "&#xD;
&#xD;
AtOrAfter&#xD;
Navigation:  "                   V                          "&#xD;
Source    :  " 1 1 1 1 1 1 1 1 1 1 1 1 1 1 1 1 1 1 1 1 1 1 1"&#xD;
Expected  :  "                 P 1 N                        "&#xD;
Actual    :  "                 P 1 N                        "&#xD;
&#xD;
After&#xD;
Navigation:  "                   V                          "&#xD;
Source    :  " 1 1 1 1 1 1 1 1 1 1 1 1 1 1 1 1 1 1 1 1 1 1 1"&#xD;
Expected  :  "                   P 1 N                      "&#xD;
Actual    :  "                   P 1 N                      "&#xD;
&#xD;
Before&#xD;
Navigation:  "                          V                   "&#xD;
Source    :  " 1 1 1 1 1 1 1 1 1 1 1 1 1 1 1 1 1 1 1 1 1 1 1"&#xD;
Expected  :  "                       P 1 N                  "&#xD;
Actual    :  "                       P 1 N                  "&#xD;
&#xD;
AtOrBefore&#xD;
Navigation:  "                          V                   "&#xD;
Source    :  " 1 1 1 1 1 1 1 1 1 1 1 1 1 1 1 1 1 1 1 1 1 1 1"&#xD;
Expected  :  "                       P 1 N                  "&#xD;
Actual    :  "                       P 1 N                  "&#xD;
&#xD;
AtOrAfter&#xD;
Navigation:  "                          V                   "&#xD;
Source    :  " 1 1 1 1 1 1 1 1 1 1 1 1 1 1 1 1 1 1 1 1 1 1 1"&#xD;
Expected  :  "                         P 1 N                "&#xD;
Actual    :  "                         P 1 N                "&#xD;
&#xD;
After&#xD;
Navigation:  "                          V                   "&#xD;
Source    :  " 1 1 1 1 1 1 1 1 1 1 1 1 1 1 1 1 1 1 1 1 1 1 1"&#xD;
Expected  :  "                         P 1 N                "&#xD;
Actual    :  "                         P 1 N                "&#xD;
&#xD;
Before&#xD;
Navigation:  "                               V              "&#xD;
Source    :  " 1 1 1 1 1 1 1 1 1 1 1 1 1 1 1 1 1 1 1 1 1 1 1"&#xD;
Expected  :  "                           P 1 N              "&#xD;
Actual    :  "                           P 1 N              "&#xD;
&#xD;
AtOrBefore&#xD;
Navigation:  "                               V              "&#xD;
Source    :  " 1 1 1 1 1 1 1 1 1 1 1 1 1 1 1 1 1 1 1 1 1 1 1"&#xD;
Expected  :  "                             P 1 N            "&#xD;
Actual    :  "                             P 1 N            "&#xD;
&#xD;
AtOrAfter&#xD;
Navigation:  "                               V              "&#xD;
Source    :  " 1 1 1 1 1 1 1 1 1 1 1 1 1 1 1 1 1 1 1 1 1 1 1"&#xD;
Expected  :  "                             P 1 N            "&#xD;
Actual    :  "                             P 1 N            "&#xD;
&#xD;
After&#xD;
Navigation:  "                               V              "&#xD;
Source    :  " 1 1 1 1 1 1 1 1 1 1 1 1 1 1 1 1 1 1 1 1 1 1 1"&#xD;
Expected  :  "                               P 1 N          "&#xD;
Actual    :  "                               P 1 N          "&#xD;
&#xD;
Before&#xD;
Navigation:  "                                      V       "&#xD;
Source    :  " 1 1 1 1 1 1 1 1 1 1 1 1 1 1 1 1 1 1 1 1 1 1 1"&#xD;
Expected  :  "                                   P 1 N      "&#xD;
Actual    :  "                                   P 1 N      "&#xD;
&#xD;
AtOrBefore&#xD;
Navigation:  "                                      V       "&#xD;
Source    :  " 1 1 1 1 1 1 1 1 1 1 1 1 1 1 1 1 1 1 1 1 1 1 1"&#xD;
Expected  :  "                                   P 1 N      "&#xD;
Actual    :  "                                   P 1 N      "&#xD;
&#xD;
AtOrAfter&#xD;
Navigation:  "                                      V       "&#xD;
Source    :  " 1 1 1 1 1 1 1 1 1 1 1 1 1 1 1 1 1 1 1 1 1 1 1"&#xD;
Expected  :  "                                     P 1 N    "&#xD;
Actual    :  "                                     P 1 N    "&#xD;
&#xD;
After&#xD;
Navigation:  "                                      V       "&#xD;
Source    :  " 1 1 1 1 1 1 1 1 1 1 1 1 1 1 1 1 1 1 1 1 1 1 1"&#xD;
Expected  :  "                                     P 1 N    "&#xD;
Actual    :  "                                     P 1 N    "&#xD;
&#xD;
Before&#xD;
Navigation:  "                                            V "&#xD;
Source    :  " 1 1 1 1 1 1 1 1 1 1 1 1 1 1 1 1 1 1 1 1 1 1 1"&#xD;
Expected  :  "                                         P 1 N"&#xD;
Actual    :  "                                         P 1 N"&#xD;
&#xD;
AtOrBefore&#xD;
Navigation:  "                                            V "&#xD;
Source    :  " 1 1 1 1 1 1 1 1 1 1 1 1 1 1 1 1 1 1 1 1 1 1 1"&#xD;
Expected  :  "                                         P 1 N"&#xD;
Actual    :  "                                         P 1 N"&#xD;
&#xD;
AtOrAfter&#xD;
Navigation:  "                                            V "&#xD;
Source    :  " 1 1 1 1 1 1 1 1 1 1 1 1 1 1 1 1 1 1 1 1 1 1 1"&#xD;
Expected  :  "                                           P 1"&#xD;
Actual    :  "                                           P 1"&#xD;
&#xD;
After&#xD;
Navigation:  "                                            V "&#xD;
Source    :  " 1 1 1 1 1 1 1 1 1 1 1 1 1 1 1 1 1 1 1 1 1 1 1"&#xD;
Expected  :  "                                           P 1"&#xD;
Actual    :  "                                           P 1"&#xD;
&#xD;
Before&#xD;
Navigation:  " V                                            "&#xD;
Source    :  " 1 1 1 1 1 1 1 1 1  2 2 2 2 2 2 2 2 2 2 2 2 2 "&#xD;
Unable to move&#xD;
&#xD;
AtOrBefore&#xD;
Navigation:  " V                                            "&#xD;
Source    :  " 1 1 1 1 1 1 1 1 1  2 2 2 2 2 2 2 2 2 2 2 2 2 "&#xD;
Expected  :  " 1 N                                          "&#xD;
Actual    :  " 1 N                                          "&#xD;
&#xD;
AtOrAfter&#xD;
Navigation:  " V                                            "&#xD;
Source    :  " 1 1 1 1 1 1 1 1 1  2 2 2 2 2 2 2 2 2 2 2 2 2 "&#xD;
Expected  :  " 1 N                                          "&#xD;
Actual    :  " 1 N                                          "&#xD;
&#xD;
After&#xD;
Navigation:  " V                                            "&#xD;
Source    :  " 1 1 1 1 1 1 1 1 1  2 2 2 2 2 2 2 2 2 2 2 2 2 "&#xD;
Expected  :  " P 1 N                                        "&#xD;
Actual    :  " P 1 N                                        "&#xD;
&#xD;
Before&#xD;
Navigation:  "           V                                  "&#xD;
Source    :  " 1 1 1 1 1 1 1 1 1  2 2 2 2 2 2 2 2 2 2 2 2 2 "&#xD;
Expected  :  "       P 1 N                                  "&#xD;
Actual    :  "       P 1 N                                  "&#xD;
&#xD;
AtOrBefore&#xD;
Navigation:  "           V                                  "&#xD;
Source    :  " 1 1 1 1 1 1 1 1 1  2 2 2 2 2 2 2 2 2 2 2 2 2 "&#xD;
Expected  :  "         P 1 N                                "&#xD;
Actual    :  "         P 1 N                                "&#xD;
&#xD;
AtOrAfter&#xD;
Navigation:  "           V                                  "&#xD;
Source    :  " 1 1 1 1 1 1 1 1 1  2 2 2 2 2 2 2 2 2 2 2 2 2 "&#xD;
Expected  :  "         P 1 N                                "&#xD;
Actual    :  "         P 1 N                                "&#xD;
&#xD;
After&#xD;
Navigation:  "           V                                  "&#xD;
Source    :  " 1 1 1 1 1 1 1 1 1  2 2 2 2 2 2 2 2 2 2 2 2 2 "&#xD;
Expected  :  "           P 1 N                              "&#xD;
Actual    :  "           P 1 N                              "&#xD;
&#xD;
Before&#xD;
Navigation:  "              V                               "&#xD;
Source    :  " 1 1 1 1 1 1 1 1 1  2 2 2 2 2 2 2 2 2 2 2 2 2 "&#xD;
Expected  :  "           P 1 N                              "&#xD;
Actual    :  "           P 1 N                              "&#xD;
&#xD;
AtOrBefore&#xD;
Navigation:  "              V                               "&#xD;
Source    :  " 1 1 1 1 1 1 1 1 1  2 2 2 2 2 2 2 2 2 2 2 2 2 "&#xD;
Expected  :  "           P 1 N                              "&#xD;
Actual    :  "           P 1 N                              "&#xD;
&#xD;
AtOrAfter&#xD;
Navigation:  "              V                               "&#xD;
Source    :  " 1 1 1 1 1 1 1 1 1  2 2 2 2 2 2 2 2 2 2 2 2 2 "&#xD;
Expected  :  "             P 1 N                            "&#xD;
Actual    :  "             P 1 N                            "&#xD;
&#xD;
After&#xD;
Navigation:  "              V                               "&#xD;
Source    :  " 1 1 1 1 1 1 1 1 1  2 2 2 2 2 2 2 2 2 2 2 2 2 "&#xD;
Expected  :  "             P 1 N                            "&#xD;
Actual    :  "             P 1 N                            "&#xD;
&#xD;
Before&#xD;
Navigation:  "                 V                            "&#xD;
Source    :  " 1 1 1 1 1 1 1 1 1  2 2 2 2 2 2 2 2 2 2 2 2 2 "&#xD;
Expected  :  "             P 1 N                            "&#xD;
Actual    :  "             P 1 N                            "&#xD;
&#xD;
AtOrBefore&#xD;
Navigation:  "                 V                            "&#xD;
Source    :  " 1 1 1 1 1 1 1 1 1  2 2 2 2 2 2 2 2 2 2 2 2 2 "&#xD;
Expected  :  "               P 1  N                         "&#xD;
Actual    :  "               P 1  N                         "&#xD;
&#xD;
AtOrAfter&#xD;
Navigation:  "                 V                            "&#xD;
Source    :  " 1 1 1 1 1 1 1 1 1  2 2 2 2 2 2 2 2 2 2 2 2 2 "&#xD;
Expected  :  "               P 1  N                         "&#xD;
Actual    :  "               P 1  N                         "&#xD;
&#xD;
After&#xD;
Navigation:  "                 V                            "&#xD;
Source    :  " 1 1 1 1 1 1 1 1 1  2 2 2 2 2 2 2 2 2 2 2 2 2 "&#xD;
Expected  :  "                 P  2 N                       "&#xD;
Actual    :  "                 P  2 N                       "&#xD;
&#xD;
Before&#xD;
Navigation:  "                  V                           "&#xD;
Source    :  " 1 1 1 1 1 1 1 1 1  2 2 2 2 2 2 2 2 2 2 2 2 2 "&#xD;
Expected  :  "               P 1  N                         "&#xD;
Actual    :  "               P 1  N                         "&#xD;
&#xD;
AtOrBefore&#xD;
Navigation:  "                  V                           "&#xD;
Source    :  " 1 1 1 1 1 1 1 1 1  2 2 2 2 2 2 2 2 2 2 2 2 2 "&#xD;
Expected  :  "               P 1  N                         "&#xD;
Actual    :  "               P 1  N                         "&#xD;
&#xD;
AtOrAfter&#xD;
Navigation:  "                  V                           "&#xD;
Source    :  " 1 1 1 1 1 1 1 1 1  2 2 2 2 2 2 2 2 2 2 2 2 2 "&#xD;
Expected  :  "                 P  2 N                       "&#xD;
Actual    :  "                 P  2 N                       "&#xD;
&#xD;
After&#xD;
Navigation:  "                  V                           "&#xD;
Source    :  " 1 1 1 1 1 1 1 1 1  2 2 2 2 2 2 2 2 2 2 2 2 2 "&#xD;
Expected  :  "                 P  2 N                       "&#xD;
Actual    :  "                 P  2 N                       "&#xD;
&#xD;
Before&#xD;
Navigation:  "                   V                          "&#xD;
Source    :  " 1 1 1 1 1 1 1 1 1  2 2 2 2 2 2 2 2 2 2 2 2 2 "&#xD;
Expected  :  "               P 1  N                         "&#xD;
Actual    :  "               P 1  N                         "&#xD;
&#xD;
AtOrBefore&#xD;
Navigation:  "                   V                          "&#xD;
Source    :  " 1 1 1 1 1 1 1 1 1  2 2 2 2 2 2 2 2 2 2 2 2 2 "&#xD;
Expected  :  "               P 1  N                         "&#xD;
Actual    :  "               P 1  N                         "&#xD;
&#xD;
AtOrAfter&#xD;
Navigation:  "                   V                          "&#xD;
Source    :  " 1 1 1 1 1 1 1 1 1  2 2 2 2 2 2 2 2 2 2 2 2 2 "&#xD;
Expected  :  "                 P  2 N                       "&#xD;
Actual    :  "                 P  2 N                       "&#xD;
&#xD;
After&#xD;
Navigation:  "                   V                          "&#xD;
Source    :  " 1 1 1 1 1 1 1 1 1  2 2 2 2 2 2 2 2 2 2 2 2 2 "&#xD;
Expected  :  "                 P  2 N                       "&#xD;
Actual    :  "                 P  2 N                       "&#xD;
&#xD;
Before&#xD;
Navigation:  "                          V                   "&#xD;
Source    :  " 1 1 1 1 1 1 1 1 1  2 2 2 2 2 2 2 2 2 2 2 2 2 "&#xD;
Expected  :  "                      P 2 N                   "&#xD;
Actual    :  "                      P 2 N                   "&#xD;
&#xD;
AtOrBefore&#xD;
Navigation:  "                          V                   "&#xD;
Source    :  " 1 1 1 1 1 1 1 1 1  2 2 2 2 2 2 2 2 2 2 2 2 2 "&#xD;
Expected  :  "                        P 2 N                 "&#xD;
Actual    :  "                        P 2 N                 "&#xD;
&#xD;
AtOrAfter&#xD;
Navigation:  "                          V                   "&#xD;
Source    :  " 1 1 1 1 1 1 1 1 1  2 2 2 2 2 2 2 2 2 2 2 2 2 "&#xD;
Expected  :  "                        P 2 N                 "&#xD;
Actual    :  "                        P 2 N                 "&#xD;
&#xD;
After&#xD;
Navigation:  "                          V                   "&#xD;
Source    :  " 1 1 1 1 1 1 1 1 1  2 2 2 2 2 2 2 2 2 2 2 2 2 "&#xD;
Expected  :  "                          P 2 N               "&#xD;
Actual    :  "                          P 2 N               "&#xD;
&#xD;
Before&#xD;
Navigation:  "                               V              "&#xD;
Source    :  " 1 1 1 1 1 1 1 1 1  2 2 2 2 2 2 2 2 2 2 2 2 2 "&#xD;
Expected  :  "                            P 2 N             "&#xD;
Actual    :  "                            P 2 N             "&#xD;
&#xD;
AtOrBefore&#xD;
Navigation:  "                               V              "&#xD;
Source    :  " 1 1 1 1 1 1 1 1 1  2 2 2 2 2 2 2 2 2 2 2 2 2 "&#xD;
Expected  :  "                            P 2 N             "&#xD;
Actual    :  "                            P 2 N             "&#xD;
&#xD;
AtOrAfter&#xD;
Navigation:  "                               V              "&#xD;
Source    :  " 1 1 1 1 1 1 1 1 1  2 2 2 2 2 2 2 2 2 2 2 2 2 "&#xD;
Expected  :  "                              P 2 N           "&#xD;
Actual    :  "                              P 2 N           "&#xD;
&#xD;
After&#xD;
Navigation:  "                               V              "&#xD;
Source    :  " 1 1 1 1 1 1 1 1 1  2 2 2 2 2 2 2 2 2 2 2 2 2 "&#xD;
Expected  :  "                              P 2 N           "&#xD;
Actual    :  "                              P 2 N           "&#xD;
&#xD;
Before&#xD;
Navigation:  "                                      V       "&#xD;
Source    :  " 1 1 1 1 1 1 1 1 1  2 2 2 2 2 2 2 2 2 2 2 2 2 "&#xD;
Expected  :  "                                  P 2 N       "&#xD;
Actual    :  "                                  P 2 N       "&#xD;
&#xD;
AtOrBefore&#xD;
Navigation:  "                                      V       "&#xD;
Source    :  " 1 1 1 1 1 1 1 1 1  2 2 2 2 2 2 2 2 2 2 2 2 2 "&#xD;
Expected  :  "                                    P 2 N     "&#xD;
Actual    :  "                                    P 2 N     "&#xD;
&#xD;
AtOrAfter&#xD;
Navigation:  "                                      V       "&#xD;
Source    :  " 1 1 1 1 1 1 1 1 1  2 2 2 2 2 2 2 2 2 2 2 2 2 "&#xD;
Expected  :  "                                    P 2 N     "&#xD;
Actual    :  "                                    P 2 N     "&#xD;
&#xD;
After&#xD;
Navigation:  "                                      V       "&#xD;
Source    :  " 1 1 1 1 1 1 1 1 1  2 2 2 2 2 2 2 2 2 2 2 2 2 "&#xD;
Expected  :  "                                      P 2 N   "&#xD;
Actual    :  "                                      P 2 N   "&#xD;
&#xD;
Before&#xD;
Navigation:  "                                            V "&#xD;
Source    :  " 1 1 1 1 1 1 1 1 1  2 2 2 2 2 2 2 2 2 2 2 2 2 "&#xD;
Expected  :  "                                        P 2 N "&#xD;
Actual    :  "                                        P 2 N "&#xD;
&#xD;
AtOrBefore&#xD;
Navigation:  "                                            V "&#xD;
Source    :  " 1 1 1 1 1 1 1 1 1  2 2 2 2 2 2 2 2 2 2 2 2 2 "&#xD;
Expected  :  "                                          P 2 "&#xD;
Actual    :  "                                          P 2 "&#xD;
&#xD;
AtOrAfter&#xD;
Navigation:  "                                            V "&#xD;
Source    :  " 1 1 1 1 1 1 1 1 1  2 2 2 2 2 2 2 2 2 2 2 2 2 "&#xD;
Expected  :  "                                          P 2 "&#xD;
Actual    :  "                                          P 2 "&#xD;
&#xD;
After&#xD;
Navigation:  "                                            V "&#xD;
Source    :  " 1 1 1 1 1 1 1 1 1  2 2 2 2 2 2 2 2 2 2 2 2 2 "&#xD;
Unable to move</StdOut>
      </Output>
    </UnitTestResult>
    <UnitTestResult executionId="df0c698b-6c26-40da-b52c-f428e3459893" testId="af7b587d-382d-cbbb-93ce-cf85a20fd517" testName="EnhanceSettings_DisabledUserExcludeRegionsAndPrivacyMaskWithoutRegionsExcludedFromMotion" computerName="DKSR-EFI-06" duration="00:00:00.0007678" startTime="2024-01-09T15:42:19.4039599+01:00" endTime="2024-01-09T15:42:19.4195860+01:00" testType="13cdc9d9-ddb5-4fa4-a97d-d965ccfc6d4b" outcome="Passed" testListId="8c84fa94-04c1-424b-9868-57a2d4851a1d" relativeResultsDirectory="df0c698b-6c26-40da-b52c-f428e3459893" />
    <UnitTestResult executionId="0fc3b3b0-638a-49f7-868d-8b8cea2a2724" testId="9da27cfb-b19a-5b7b-65c1-99971e317fc3" testName="TimeRangeConversionRangesNull" computerName="DKSR-EFI-06" duration="00:00:00.0086264" startTime="2024-01-09T15:42:29.9039644+01:00" endTime="2024-01-09T15:42:29.9039644+01:00" testType="13cdc9d9-ddb5-4fa4-a97d-d965ccfc6d4b" outcome="Passed" testListId="8c84fa94-04c1-424b-9868-57a2d4851a1d" relativeResultsDirectory="0fc3b3b0-638a-49f7-868d-8b8cea2a2724">
      <Output>
        <StdOut>Debug Trace:&#xD;
Fail: Argument null</StdOut>
      </Output>
    </UnitTestResult>
    <UnitTestResult executionId="2ee3b6de-1f45-41f8-a5f4-e80b8b0ec74d" testId="ba6364de-61ad-cb1b-3aa7-78b11d2b9520" testName="HardwareScanSession_TestProgressRounding" computerName="DKSR-EFI-06" duration="00:00:00.0007725" startTime="2024-01-09T15:42:29.6383392+01:00" endTime="2024-01-09T15:42:29.6383392+01:00" testType="13cdc9d9-ddb5-4fa4-a97d-d965ccfc6d4b" outcome="Passed" testListId="8c84fa94-04c1-424b-9868-57a2d4851a1d" relativeResultsDirectory="2ee3b6de-1f45-41f8-a5f4-e80b8b0ec74d" />
    <UnitTestResult executionId="60b4ae95-b76e-4207-9ab4-b507383fcbc7" testId="fba79d8b-e84a-e36b-1d55-e7660c252582" testName="RepairSessionEnded_Success" computerName="DKSR-EFI-06" duration="00:00:00.0001804" startTime="2024-01-09T15:42:01.4820363+01:00" endTime="2024-01-09T15:42:01.4820363+01:00" testType="13cdc9d9-ddb5-4fa4-a97d-d965ccfc6d4b" outcome="Passed" testListId="8c84fa94-04c1-424b-9868-57a2d4851a1d" relativeResultsDirectory="60b4ae95-b76e-4207-9ab4-b507383fcbc7" />
    <UnitTestResult executionId="e9450cd4-52e4-4726-9443-e3c335df4036" testId="04ba0286-6be6-f348-ef7a-5a5aebc3ee34" testName="SynchronizeDevicePresets_ModelIsNull_BadRequestResult" computerName="DKSR-EFI-06" duration="00:00:00.0015015" startTime="2024-01-09T15:42:02.6851669+01:00" endTime="2024-01-09T15:42:02.6851669+01:00" testType="13cdc9d9-ddb5-4fa4-a97d-d965ccfc6d4b" outcome="Passed" testListId="8c84fa94-04c1-424b-9868-57a2d4851a1d" relativeResultsDirectory="e9450cd4-52e4-4726-9443-e3c335df4036" />
    <UnitTestResult executionId="762187af-beb8-4e65-a6e8-71b6df0ef621" testId="f06abdbb-dcaa-48de-364a-8417d0d0f6e0" testName="SetRecordingCameraWithoutLinks" computerName="DKSR-EFI-06" duration="00:00:00.0014889" startTime="2024-01-09T15:42:19.1539609+01:00" endTime="2024-01-09T15:42:19.1539609+01:00" testType="13cdc9d9-ddb5-4fa4-a97d-d965ccfc6d4b" outcome="Passed" testListId="8c84fa94-04c1-424b-9868-57a2d4851a1d" relativeResultsDirectory="762187af-beb8-4e65-a6e8-71b6df0ef621" />
    <UnitTestResult executionId="15a075cc-5e84-4a67-8eb7-b7253a289818" testId="7862ec96-08d4-7672-b75b-2c9eb8ac1d53" testName="SOAPCommandRequestHandler_ExecuteFunction_HandleSmartSearchGetResult_NoSmartSearchId" computerName="DKSR-EFI-06" duration="00:00:00.0028464" startTime="2024-01-09T15:42:15.4977206+01:00" endTime="2024-01-09T15:42:15.4977206+01:00" testType="13cdc9d9-ddb5-4fa4-a97d-d965ccfc6d4b" outcome="Passed" testListId="8c84fa94-04c1-424b-9868-57a2d4851a1d" relativeResultsDirectory="15a075cc-5e84-4a67-8eb7-b7253a289818" />
    <UnitTestResult executionId="6095a0c2-a262-436c-90de-42375a2b6de2" testId="dcb17907-55f0-9c46-d5f2-f7a076037302" testName="DatabaseoperationCommandhandler_FilterTrackIdsToThoseWithoutMediaOnRecorder_AreAllStoragesAndArchivesOnline_Returns_false_Causes_DataExists" computerName="DKSR-EFI-06" duration="00:00:00.0010443" startTime="2024-01-09T15:42:31.0914644+01:00" endTime="2024-01-09T15:42:31.0914644+01:00" testType="13cdc9d9-ddb5-4fa4-a97d-d965ccfc6d4b" outcome="Passed" testListId="8c84fa94-04c1-424b-9868-57a2d4851a1d" relativeResultsDirectory="6095a0c2-a262-436c-90de-42375a2b6de2" />
    <UnitTestResult executionId="3a3b880c-faa1-44b4-874e-d639b4cb8f8d" testId="ac9e79f1-9655-cf06-2054-7e5adaf9e305" testName="SOAPCommandRequestHandler_ExecuteFunction_HandleIsManualRecording_Success" computerName="DKSR-EFI-06" duration="00:00:00.0029137" startTime="2024-01-09T15:42:15.8570825+01:00" endTime="2024-01-09T15:42:15.8570825+01:00" testType="13cdc9d9-ddb5-4fa4-a97d-d965ccfc6d4b" outcome="Passed" testListId="8c84fa94-04c1-424b-9868-57a2d4851a1d" relativeResultsDirectory="3a3b880c-faa1-44b4-874e-d639b4cb8f8d" />
    <UnitTestResult executionId="a8adf2c8-c39f-4086-8794-1d78984b7154" testId="49a33775-4c3e-518a-bc50-c8a56189692b" testName="MediaDbCache_SetListFileSystemDiskUsage_Path_Null_ArgumentNullException" computerName="DKSR-EFI-06" duration="00:00:00.0084336" startTime="2024-01-09T15:42:30.2164661+01:00" endTime="2024-01-09T15:42:30.2164661+01:00" testType="13cdc9d9-ddb5-4fa4-a97d-d965ccfc6d4b" outcome="Passed" testListId="8c84fa94-04c1-424b-9868-57a2d4851a1d" relativeResultsDirectory="a8adf2c8-c39f-4086-8794-1d78984b7154">
      <Output>
        <StdOut>Debug Trace:&#xD;
Fail: Argument null.</StdOut>
      </Output>
    </UnitTestResult>
    <UnitTestResult executionId="bfc7bcf3-c75b-4c0c-9882-43516d4725e8" testId="27704cf3-1635-3d3d-6ba9-ece08612e6ed" testName="ConnectFailed_NoPrivacyMaskSupport" computerName="DKSR-EFI-06" duration="00:00:00.0015460" startTime="2024-01-09T15:42:12.7633286+01:00" endTime="2024-01-09T15:42:12.7633286+01:00" testType="13cdc9d9-ddb5-4fa4-a97d-d965ccfc6d4b" outcome="Passed" testListId="8c84fa94-04c1-424b-9868-57a2d4851a1d" relativeResultsDirectory="bfc7bcf3-c75b-4c0c-9882-43516d4725e8" />
    <UnitTestResult executionId="d566bb2f-3977-4b7c-89f8-5e67d75d02c2" testId="084a1959-8047-5a3c-1797-f2f918e6b829" testName="DeleteHardwareUserCommandHandler_Execute_HardwareIsReadOnly_Errors" computerName="DKSR-EFI-06" duration="00:00:00.0007479" startTime="2024-01-09T15:42:31.7164685+01:00" endTime="2024-01-09T15:42:31.7164685+01:00" testType="13cdc9d9-ddb5-4fa4-a97d-d965ccfc6d4b" outcome="Passed" testListId="8c84fa94-04c1-424b-9868-57a2d4851a1d" relativeResultsDirectory="d566bb2f-3977-4b7c-89f8-5e67d75d02c2" />
    <UnitTestResult executionId="f952b7b8-371d-435b-8ec2-9e49fbf75ebe" testId="9702da6a-068b-594c-2b32-0ae0af356556" testName="ConnectSuccess_Goto_On_Time" computerName="DKSR-EFI-06" duration="00:00:00.0339481" startTime="2024-01-09T15:42:12.8102052+01:00" endTime="2024-01-09T15:42:12.8414521+01:00" testType="13cdc9d9-ddb5-4fa4-a97d-d965ccfc6d4b" outcome="Passed" testListId="8c84fa94-04c1-424b-9868-57a2d4851a1d" relativeResultsDirectory="f952b7b8-371d-435b-8ec2-9e49fbf75ebe" />
    <UnitTestResult executionId="75279d58-a59a-4152-90f8-377c7fb3aae5" testId="7b3db81a-9c37-e4d9-9333-4ed3ccb0e1ad" testName="SOAPCommandRequestHandler_ExecuteFunction_HandlePTZReserveSession_No_Priority" computerName="DKSR-EFI-06" duration="00:00:00.0016149" startTime="2024-01-09T15:42:16.4664579+01:00" endTime="2024-01-09T15:42:16.4664579+01:00" testType="13cdc9d9-ddb5-4fa4-a97d-d965ccfc6d4b" outcome="Passed" testListId="8c84fa94-04c1-424b-9868-57a2d4851a1d" relativeResultsDirectory="75279d58-a59a-4152-90f8-377c7fb3aae5" />
    <UnitTestResult executionId="f09e80fb-5f74-4743-a37e-b8c408f72a9e" testId="326dab35-ccc5-0830-1e1b-99ba7d03ea84" testName="PtzManagerDataHolder_RemoveController_Success" computerName="DKSR-EFI-06" duration="00:00:00.1019678" startTime="2024-01-09T15:42:37.6696300+01:00" endTime="2024-01-09T15:42:37.7790064+01:00" testType="13cdc9d9-ddb5-4fa4-a97d-d965ccfc6d4b" outcome="Passed" testListId="8c84fa94-04c1-424b-9868-57a2d4851a1d" relativeResultsDirectory="f09e80fb-5f74-4743-a37e-b8c408f72a9e">
      <Output>
        <StdOut>Debug Trace:&#xD;
VideoOS.Recorder.PtzDefaultSession session started&#xD;
VideoOS.Recorder.PtzDefaultSession session, OnBeforeExecuteRequest&#xD;
VideoOS.Recorder.PtzDefaultSession session stopped</StdOut>
      </Output>
    </UnitTestResult>
    <UnitTestResult executionId="c2848cb8-4be1-4599-9361-eccb0ade9ad8" testId="5db4760d-91fc-1552-e689-5c77a3e83f55" testName="PtzManager_GetPtzSessionState_Controller_Not_Found" computerName="DKSR-EFI-06" duration="00:00:00.0018116" startTime="2024-01-09T15:42:38.3258832+01:00" endTime="2024-01-09T15:42:38.3415091+01:00" testType="13cdc9d9-ddb5-4fa4-a97d-d965ccfc6d4b" outcome="Passed" testListId="8c84fa94-04c1-424b-9868-57a2d4851a1d" relativeResultsDirectory="c2848cb8-4be1-4599-9361-eccb0ade9ad8" />
    <UnitTestResult executionId="e2db9bb8-5714-4c64-a0a7-f077f1d25298" testId="cf2e6996-22f0-5db8-5400-8b9456fb3bd1" testName="SOAPCommandRequestHandler_ExecuteFunction_HandleTimeLineInformationGet_NoDeviceId" computerName="DKSR-EFI-06" duration="00:00:00.0029737" startTime="2024-01-09T15:42:15.6383304+01:00" endTime="2024-01-09T15:42:15.6383304+01:00" testType="13cdc9d9-ddb5-4fa4-a97d-d965ccfc6d4b" outcome="Passed" testListId="8c84fa94-04c1-424b-9868-57a2d4851a1d" relativeResultsDirectory="e2db9bb8-5714-4c64-a0a7-f077f1d25298" />
    <UnitTestResult executionId="14069f4f-cece-47d6-98f4-ecb632cca35c" testId="c60350cf-513a-8d98-bb79-3d9ad37f1131" testName="MediaDbCache_SetDiskUsageInformationBank_Success" computerName="DKSR-EFI-06" duration="00:00:00.0198384" startTime="2024-01-09T15:42:30.0602143+01:00" endTime="2024-01-09T15:42:30.0758392+01:00" testType="13cdc9d9-ddb5-4fa4-a97d-d965ccfc6d4b" outcome="Passed" testListId="8c84fa94-04c1-424b-9868-57a2d4851a1d" relativeResultsDirectory="14069f4f-cece-47d6-98f4-ecb632cca35c" />
    <UnitTestResult executionId="2a9f9b60-331d-415b-817c-abfd333742e7" testId="3cee368f-183c-fbf3-e826-ddde295875d1" testName="PtzManualSession_Constructor_ArgumentNullException" computerName="DKSR-EFI-06" duration="00:00:00.0027274" startTime="2024-01-09T15:42:38.4040082+01:00" endTime="2024-01-09T15:42:38.4040082+01:00" testType="13cdc9d9-ddb5-4fa4-a97d-d965ccfc6d4b" outcome="Passed" testListId="8c84fa94-04c1-424b-9868-57a2d4851a1d" relativeResultsDirectory="2a9f9b60-331d-415b-817c-abfd333742e7">
      <Output>
        <StdOut>Debug Trace:&#xD;
Fail: Argument 'ptzController' cannot be null</StdOut>
      </Output>
    </UnitTestResult>
    <UnitTestResult executionId="f66ecaab-c4a6-4595-a96a-beac41db0ec9" testId="f1d46e24-e6d0-3755-9b56-ec6d1cabd787" testName="FirmwareUpgradeCommandHandler_Execute_FirmwareUpgradeStatus_ThrowsNetworkException_Errors" computerName="DKSR-EFI-06" duration="00:00:00.0020882" startTime="2024-01-09T15:42:32.9664781+01:00" endTime="2024-01-09T15:42:32.9664781+01:00" testType="13cdc9d9-ddb5-4fa4-a97d-d965ccfc6d4b" outcome="Passed" testListId="8c84fa94-04c1-424b-9868-57a2d4851a1d" relativeResultsDirectory="f66ecaab-c4a6-4595-a96a-beac41db0ec9" />
    <UnitTestResult executionId="12ac1221-bd17-47a8-aea9-4982235a68b7" testId="1de5d0cb-bc35-73c6-f8cc-f155ab3b1d36" testName="CollectMediaStatusCommandHandler_Disconnected_Does_Nothing" computerName="DKSR-EFI-06" duration="00:00:00.0004724" startTime="2024-01-09T15:42:30.9977165+01:00" endTime="2024-01-09T15:42:30.9977165+01:00" testType="13cdc9d9-ddb5-4fa4-a97d-d965ccfc6d4b" outcome="Passed" testListId="8c84fa94-04c1-424b-9868-57a2d4851a1d" relativeResultsDirectory="12ac1221-bd17-47a8-aea9-4982235a68b7" />
    <UnitTestResult executionId="891a7996-92f2-4ea7-9942-ee73e59da071" testId="b17917a2-3100-fce1-c2c8-8639b1483d4b" testName="AddHardwareUserCommandHandler_Execute_AddUser_ThrowsUserHandlingTooManyUsers_Errors" computerName="DKSR-EFI-06" duration="00:00:00.0008550" startTime="2024-01-09T15:42:30.6383392+01:00" endTime="2024-01-09T15:42:30.6383392+01:00" testType="13cdc9d9-ddb5-4fa4-a97d-d965ccfc6d4b" outcome="Passed" testListId="8c84fa94-04c1-424b-9868-57a2d4851a1d" relativeResultsDirectory="891a7996-92f2-4ea7-9942-ee73e59da071" />
    <UnitTestResult executionId="5d1756cb-d162-479f-b180-7e312ef958e0" testId="0a517831-35b5-973d-94ef-361826655cfd" testName="GetSettingAsIPAddress_Success" computerName="DKSR-EFI-06" duration="00:00:00.0002121" startTime="2024-01-09T15:42:19.6539617+01:00" endTime="2024-01-09T15:42:19.6539617+01:00" testType="13cdc9d9-ddb5-4fa4-a97d-d965ccfc6d4b" outcome="Passed" testListId="8c84fa94-04c1-424b-9868-57a2d4851a1d" relativeResultsDirectory="5d1756cb-d162-479f-b180-7e312ef958e0" />
    <UnitTestResult executionId="d515af35-6332-4322-abb5-2dd4ed1e1bdb" testId="b033031b-d2ed-6e6b-9559-ae584836ec79" testName="RecStorage_Startup_AllowStart_NotKeepFailing_PwFailure_KeepOffline" computerName="DKSR-EFI-06" duration="00:00:00.0010749" startTime="2024-01-09T15:42:18.1852094+01:00" endTime="2024-01-09T15:42:18.2008360+01:00" testType="13cdc9d9-ddb5-4fa4-a97d-d965ccfc6d4b" outcome="Passed" testListId="8c84fa94-04c1-424b-9868-57a2d4851a1d" relativeResultsDirectory="d515af35-6332-4322-abb5-2dd4ed1e1bdb" />
    <UnitTestResult executionId="5a40c46a-6ba1-46d0-be5a-7b158eedd437" testId="3e5d9dcf-e6be-23b7-42e8-4c48fa66792a" testName="SetNetworkConfigurationCommandHandler_Execute_SunnyDay_IPv6" computerName="DKSR-EFI-06" duration="00:00:00.0030093" startTime="2024-01-09T15:42:36.9196246+01:00" endTime="2024-01-09T15:42:36.9196246+01:00" testType="13cdc9d9-ddb5-4fa4-a97d-d965ccfc6d4b" outcome="Passed" testListId="8c84fa94-04c1-424b-9868-57a2d4851a1d" relativeResultsDirectory="5a40c46a-6ba1-46d0-be5a-7b158eedd437" />
    <UnitTestResult executionId="fb8eb2d3-78fd-401b-b257-278a0bf40efd" testId="e51ab982-32f9-c264-3c0a-f7a725b05c11" testName="SOAPCommandRequestHandler_ExecuteFunction_HandleSequencesGetAroundWithSpan_NoMaxCountAfter" computerName="DKSR-EFI-06" duration="00:00:00.0012198" startTime="2024-01-09T15:42:15.4352049+01:00" endTime="2024-01-09T15:42:15.4508536+01:00" testType="13cdc9d9-ddb5-4fa4-a97d-d965ccfc6d4b" outcome="Passed" testListId="8c84fa94-04c1-424b-9868-57a2d4851a1d" relativeResultsDirectory="fb8eb2d3-78fd-401b-b257-278a0bf40efd" />
    <UnitTestResult executionId="feca1a3a-f1cf-470a-8d88-383d9a5dacf8" testId="38dd23bb-df0f-1286-a693-57b7d136c190" testName="ServerAccessTokenHandler_Constructor_ThrowArgumentNullExceptionIServerTokenCache" computerName="DKSR-EFI-06" duration="00:00:00.0005640" startTime="2024-01-09T15:42:17.7789589+01:00" endTime="2024-01-09T15:42:17.7789589+01:00" testType="13cdc9d9-ddb5-4fa4-a97d-d965ccfc6d4b" outcome="Passed" testListId="8c84fa94-04c1-424b-9868-57a2d4851a1d" relativeResultsDirectory="feca1a3a-f1cf-470a-8d88-383d9a5dacf8" />
    <UnitTestResult executionId="f9dc1b43-4bf7-4f39-b84d-1b04b37fdbc9" testId="72147b58-f3eb-9e80-e62d-f3b068b322be" testName="PtzManager_ForceReleaseLockedSessionFromExtension_Controller_Not_Found" computerName="DKSR-EFI-06" duration="00:00:00.0011238" startTime="2024-01-09T15:42:38.2946344+01:00" endTime="2024-01-09T15:42:38.2946344+01:00" testType="13cdc9d9-ddb5-4fa4-a97d-d965ccfc6d4b" outcome="Passed" testListId="8c84fa94-04c1-424b-9868-57a2d4851a1d" relativeResultsDirectory="f9dc1b43-4bf7-4f39-b84d-1b04b37fdbc9" />
    <UnitTestResult executionId="613ff470-80ab-4b9f-b6df-dac823e126ee" testId="e82afa6a-c6be-b3c6-120d-be63c58dbd69" testName="SOAPCommandRequestHandler_ExecuteFunction_HandlePTZRectangle_NoWidth" computerName="DKSR-EFI-06" duration="00:00:00.0009833" startTime="2024-01-09T15:42:16.3570828+01:00" endTime="2024-01-09T15:42:16.3570828+01:00" testType="13cdc9d9-ddb5-4fa4-a97d-d965ccfc6d4b" outcome="Passed" testListId="8c84fa94-04c1-424b-9868-57a2d4851a1d" relativeResultsDirectory="613ff470-80ab-4b9f-b6df-dac823e126ee" />
    <UnitTestResult executionId="e1203d47-cc4c-42a9-864e-4c83f86bd6e4" testId="69b0a1eb-cc0a-0925-ce77-fdd05c6f8307" testName="DatabaseTaskCommandHandler_DatabaseArchiveOperationMonitor_SinglePass_NotFound" computerName="DKSR-EFI-06" duration="00:00:00.0501634" startTime="2024-01-09T15:42:31.5133414+01:00" endTime="2024-01-09T15:42:31.5602174+01:00" testType="13cdc9d9-ddb5-4fa4-a97d-d965ccfc6d4b" outcome="Passed" testListId="8c84fa94-04c1-424b-9868-57a2d4851a1d" relativeResultsDirectory="e1203d47-cc4c-42a9-864e-4c83f86bd6e4" />
    <UnitTestResult executionId="2ac3a82b-3203-4a48-a16f-430f6b687044" testId="e0a5dc7d-f0b5-018a-b800-812e99ab8728" testName="GetStatistics_Framerate_JPEG_01_Success" computerName="DKSR-EFI-06" duration="00:00:00.0078040" startTime="2024-01-09T15:42:19.3102084+01:00" endTime="2024-01-09T15:42:19.3258361+01:00" testType="13cdc9d9-ddb5-4fa4-a97d-d965ccfc6d4b" outcome="Passed" testListId="8c84fa94-04c1-424b-9868-57a2d4851a1d" relativeResultsDirectory="2ac3a82b-3203-4a48-a16f-430f6b687044" />
    <UnitTestResult executionId="7dd4b055-bcd0-47bd-8407-6bdce3c9e714" testId="4b3e7906-566a-6456-5ef7-39b2883edaa1" testName="SOAPCommandRequestHandler_ExecuteFunction_HandleSmartSearchStart_NoSearchMask" computerName="DKSR-EFI-06" duration="00:00:00.0013391" startTime="2024-01-09T15:42:15.5602067+01:00" endTime="2024-01-09T15:42:15.5602067+01:00" testType="13cdc9d9-ddb5-4fa4-a97d-d965ccfc6d4b" outcome="Passed" testListId="8c84fa94-04c1-424b-9868-57a2d4851a1d" relativeResultsDirectory="7dd4b055-bcd0-47bd-8407-6bdce3c9e714" />
    <UnitTestResult executionId="d7aa6f4f-de31-4926-abc9-a1004a97935c" testId="cd24bc8c-7af7-4156-ccfb-d0768a96a6e9" testName="MediaDbCache_Dispose_Success" computerName="DKSR-EFI-06" duration="00:00:00.0813234" startTime="2024-01-09T15:42:29.9664649+01:00" endTime="2024-01-09T15:42:30.0445887+01:00" testType="13cdc9d9-ddb5-4fa4-a97d-d965ccfc6d4b" outcome="Passed" testListId="8c84fa94-04c1-424b-9868-57a2d4851a1d" relativeResultsDirectory="d7aa6f4f-de31-4926-abc9-a1004a97935c" />
    <UnitTestResult executionId="a0b63132-5060-4a31-810f-d21d93fde16e" testId="ab6149ce-419d-6770-605d-0aacf6146f80" testName="FirmwareUpgradeCommandHandler_Execute_FirmwareUpgrade_ThrowsFirmwareUpgradeSessionNotFound_Errors" computerName="DKSR-EFI-06" duration="00:00:00.0013226" startTime="2024-01-09T15:42:32.9508553+01:00" endTime="2024-01-09T15:42:32.9508553+01:00" testType="13cdc9d9-ddb5-4fa4-a97d-d965ccfc6d4b" outcome="Passed" testListId="8c84fa94-04c1-424b-9868-57a2d4851a1d" relativeResultsDirectory="a0b63132-5060-4a31-810f-d21d93fde16e" />
    <UnitTestResult executionId="ff0b6639-2bfd-4071-ad06-945c443ea4aa" testId="10b67a36-70fa-8cad-b212-d0bd7737ddcd" testName="ReadMessageHeaders_ReadRequestLine_SoapStatusWsdl_Success" computerName="DKSR-EFI-06" duration="00:00:00.0001486" startTime="2024-01-09T15:42:16.7789562+01:00" endTime="2024-01-09T15:42:16.7789562+01:00" testType="13cdc9d9-ddb5-4fa4-a97d-d965ccfc6d4b" outcome="Passed" testListId="8c84fa94-04c1-424b-9868-57a2d4851a1d" relativeResultsDirectory="ff0b6639-2bfd-4071-ad06-945c443ea4aa" />
    <UnitTestResult executionId="5c92b296-38c4-4092-a48e-fc43aa3f6bdf" testId="6ad67f90-4e09-b699-2caa-16df9b28a0e0" testName="SOAPCommandRequestHandler_ExecuteFunction_HandlePTZActivatePatrollingSchema_No_Security" computerName="DKSR-EFI-06" duration="00:00:00.0015040" startTime="2024-01-09T15:42:16.5133339+01:00" endTime="2024-01-09T15:42:16.5289569+01:00" testType="13cdc9d9-ddb5-4fa4-a97d-d965ccfc6d4b" outcome="Passed" testListId="8c84fa94-04c1-424b-9868-57a2d4851a1d" relativeResultsDirectory="5c92b296-38c4-4092-a48e-fc43aa3f6bdf" />
    <UnitTestResult executionId="08bcb6af-c0f3-4a19-95ee-08a2dbb6b059" testId="6821bff6-623b-fea9-3166-e7205d5004e2" testName="SOAPCommandRequestHandler_ExecuteFunction_HandleSendDriverCommand_NoDeviceId" computerName="DKSR-EFI-06" duration="00:00:00.0015638" startTime="2024-01-09T15:42:15.8102054+01:00" endTime="2024-01-09T15:42:15.8102054+01:00" testType="13cdc9d9-ddb5-4fa4-a97d-d965ccfc6d4b" outcome="Passed" testListId="8c84fa94-04c1-424b-9868-57a2d4851a1d" relativeResultsDirectory="08bcb6af-c0f3-4a19-95ee-08a2dbb6b059" />
    <UnitTestResult executionId="c364b572-c4c5-4761-a80c-269cb74e2833" testId="2a8b5025-8035-6703-b6b8-efe30b305967" testName="PtzManager_ResumePatrolling_Success" computerName="DKSR-EFI-06" duration="00:00:00.0020596" startTime="2024-01-09T15:42:38.1227568+01:00" endTime="2024-01-09T15:42:38.1383825+01:00" testType="13cdc9d9-ddb5-4fa4-a97d-d965ccfc6d4b" outcome="Passed" testListId="8c84fa94-04c1-424b-9868-57a2d4851a1d" relativeResultsDirectory="c364b572-c4c5-4761-a80c-269cb74e2833" />
    <UnitTestResult executionId="7e20e447-b79b-4d79-8456-ed9428508e5d" testId="0feec42a-f2c1-03f6-0be3-6c48c01af5ba" testName="DeleteHardwareUserCommandHandler_Execute_NullArgs_Throws" computerName="DKSR-EFI-06" duration="00:00:00.0085145" startTime="2024-01-09T15:42:31.6852189+01:00" endTime="2024-01-09T15:42:31.6852189+01:00" testType="13cdc9d9-ddb5-4fa4-a97d-d965ccfc6d4b" outcome="Passed" testListId="8c84fa94-04c1-424b-9868-57a2d4851a1d" relativeResultsDirectory="7e20e447-b79b-4d79-8456-ed9428508e5d">
      <Output>
        <StdOut>Debug Trace:&#xD;
Fail: Command/Command handler type mismatch&#xD;
Fail: Argument null.</StdOut>
      </Output>
    </UnitTestResult>
    <UnitTestResult executionId="d8feba88-d41c-49eb-8aee-ef930e6d5f40" testId="48fa1b99-e905-5cf3-f29e-0622eff8efa2" testName="AudioMessageManager_PlayAudioMessageThread_Stop_During_Play" computerName="DKSR-EFI-06" duration="00:00:00.0020250" startTime="2024-01-09T15:42:38.6227585+01:00" endTime="2024-01-09T15:42:38.6227585+01:00" testType="13cdc9d9-ddb5-4fa4-a97d-d965ccfc6d4b" outcome="Passed" testListId="8c84fa94-04c1-424b-9868-57a2d4851a1d" relativeResultsDirectory="d8feba88-d41c-49eb-8aee-ef930e6d5f40" />
    <UnitTestResult executionId="45b8b465-c733-4898-be03-8da366272813" testId="86f22bb5-31da-5485-1f85-12995044f993" testName="PtzReserveSessionCommandHandler_Execute_DriverPtzException" computerName="DKSR-EFI-06" duration="00:00:00.0004580" startTime="2024-01-09T15:42:36.2946725+01:00" endTime="2024-01-09T15:42:36.2946725+01:00" testType="13cdc9d9-ddb5-4fa4-a97d-d965ccfc6d4b" outcome="Passed" testListId="8c84fa94-04c1-424b-9868-57a2d4851a1d" relativeResultsDirectory="45b8b465-c733-4898-be03-8da366272813" />
    <UnitTestResult executionId="bd4541d3-0bb0-43b4-bf01-0ad589b7617a" testId="794108d2-0f91-37dc-89eb-9552b0474c91" testName="EnhanceSettings_EmptyPrivacyMask" computerName="DKSR-EFI-06" duration="00:00:00.0046257" startTime="2024-01-09T15:42:19.3883502+01:00" endTime="2024-01-09T15:42:19.3883502+01:00" testType="13cdc9d9-ddb5-4fa4-a97d-d965ccfc6d4b" outcome="Passed" testListId="8c84fa94-04c1-424b-9868-57a2d4851a1d" relativeResultsDirectory="bd4541d3-0bb0-43b4-bf01-0ad589b7617a" />
    <UnitTestResult executionId="a454db5d-57a4-4e44-9434-f3f2b746fe64" testId="f10d6169-81f0-a081-100b-8621495f21ea" testName="IsPlaybackRestrictedOnHandler" computerName="DKSR-EFI-06" duration="00:00:00.0103334" startTime="2024-01-09T15:42:19.2164613+01:00" endTime="2024-01-09T15:42:19.2320859+01:00" testType="13cdc9d9-ddb5-4fa4-a97d-d965ccfc6d4b" outcome="Passed" testListId="8c84fa94-04c1-424b-9868-57a2d4851a1d" relativeResultsDirectory="a454db5d-57a4-4e44-9434-f3f2b746fe64" />
    <UnitTestResult executionId="8437f7a6-55b3-4344-b860-128b18eaf8d4" testId="ff65b58d-13f8-81a9-7714-0fc6c1e404e1" testName="DatabaseoperationCommandhandler_FilterTrackIdsToThoseWithoutMediaOnRecorder_Success" computerName="DKSR-EFI-06" duration="00:00:00.0062321" startTime="2024-01-09T15:42:31.0602137+01:00" endTime="2024-01-09T15:42:31.0758392+01:00" testType="13cdc9d9-ddb5-4fa4-a97d-d965ccfc6d4b" outcome="Passed" testListId="8c84fa94-04c1-424b-9868-57a2d4851a1d" relativeResultsDirectory="8437f7a6-55b3-4344-b860-128b18eaf8d4" />
    <UnitTestResult executionId="2f45cf8b-c346-4209-8377-81638e33d5f7" testId="940f6623-57ba-741d-40a2-9054e86fc6ab" testName="SOAPCommandRequestHandler_ExecuteFunction_HandleJPEGGetAt_Success" computerName="DKSR-EFI-06" duration="00:00:00.0061260" startTime="2024-01-09T15:42:16.0289573+01:00" endTime="2024-01-09T15:42:16.0445835+01:00" testType="13cdc9d9-ddb5-4fa4-a97d-d965ccfc6d4b" outcome="Passed" testListId="8c84fa94-04c1-424b-9868-57a2d4851a1d" relativeResultsDirectory="2f45cf8b-c346-4209-8377-81638e33d5f7" />
    <UnitTestResult executionId="b1ccebb1-1f98-4cb7-9f67-002e823e3aa5" testId="0d91b5df-4a31-6b2c-a0a6-5b0e5c1c1937" testName="DeviceRecordKeyframesOnlyStateEvaluator_DoesNotThrowExceptions_OnNullAsDevice" computerName="DKSR-EFI-06" duration="00:00:00.0008655" startTime="2024-01-09T15:42:17.5445848+01:00" endTime="2024-01-09T15:42:17.5445848+01:00" testType="13cdc9d9-ddb5-4fa4-a97d-d965ccfc6d4b" outcome="Passed" testListId="8c84fa94-04c1-424b-9868-57a2d4851a1d" relativeResultsDirectory="b1ccebb1-1f98-4cb7-9f67-002e823e3aa5" />
    <UnitTestResult executionId="e0612d19-6b63-4a61-8923-2a1e7125bf08" testId="33161afd-3ba3-7050-b47f-26743b6b39b2" testName="SessionExpiredTask_Constructor_ArgumentNullException" computerName="DKSR-EFI-06" duration="00:00:00.0048302" startTime="2024-01-09T15:42:38.3415091+01:00" endTime="2024-01-09T15:42:38.3571345+01:00" testType="13cdc9d9-ddb5-4fa4-a97d-d965ccfc6d4b" outcome="Passed" testListId="8c84fa94-04c1-424b-9868-57a2d4851a1d" relativeResultsDirectory="e0612d19-6b63-4a61-8923-2a1e7125bf08">
      <Output>
        <StdOut>Debug Trace:&#xD;
Fail: Argument 'session' cannot be null</StdOut>
      </Output>
    </UnitTestResult>
    <UnitTestResult executionId="2a1a22d1-292a-44c9-b458-7fe020a1a5a7" testId="c20e4440-ba71-8139-0f29-5a510275838b" testName="ProcessRequest_Html_Success" computerName="DKSR-EFI-06" duration="00:00:00.0271643" startTime="2024-01-09T15:42:16.7164581+01:00" endTime="2024-01-09T15:42:16.7477088+01:00" testType="13cdc9d9-ddb5-4fa4-a97d-d965ccfc6d4b" outcome="Passed" testListId="8c84fa94-04c1-424b-9868-57a2d4851a1d" relativeResultsDirectory="2a1a22d1-292a-44c9-b458-7fe020a1a5a7" />
    <UnitTestResult executionId="4d404230-4b1d-4ac0-8e49-47ed03d2a1d4" testId="c61280df-d89a-c848-5702-a599254c9c7f" testName="QueryDeviceEvidenceLockSizesCommandHandler_SetEvidenceLocksNotCalled_ErrorResponse" computerName="DKSR-EFI-06" duration="00:00:00.0005976" startTime="2024-01-09T15:42:36.4196256+01:00" endTime="2024-01-09T15:42:36.4196256+01:00" testType="13cdc9d9-ddb5-4fa4-a97d-d965ccfc6d4b" outcome="Passed" testListId="8c84fa94-04c1-424b-9868-57a2d4851a1d" relativeResultsDirectory="4d404230-4b1d-4ac0-8e49-47ed03d2a1d4" />
    <UnitTestResult executionId="782ed476-40b2-44e1-8a6c-6bf56fc77003" testId="73596530-4c15-78e9-a3fd-2b938839fe9d" testName="SOAPCommandRequestHandler_ExecuteFunction_HandlePTZExtendedManualSession_No_Priority" computerName="DKSR-EFI-06" duration="00:00:00.0011727" startTime="2024-01-09T15:42:16.4820841+01:00" endTime="2024-01-09T15:42:16.4820841+01:00" testType="13cdc9d9-ddb5-4fa4-a97d-d965ccfc6d4b" outcome="Passed" testListId="8c84fa94-04c1-424b-9868-57a2d4851a1d" relativeResultsDirectory="782ed476-40b2-44e1-8a6c-6bf56fc77003" />
    <UnitTestResult executionId="38bb6503-4606-47d3-8070-dbf675d2489f" testId="7186eb48-8593-669a-2e90-533ebdbf42c5" testName="EvidenceLockOnOldRecorderCommandHandler_SetEvidenceLocksNotCalled_FailResponse" computerName="DKSR-EFI-06" duration="00:00:00.0010108" startTime="2024-01-09T15:42:31.7477163+01:00" endTime="2024-01-09T15:42:31.7633425+01:00" testType="13cdc9d9-ddb5-4fa4-a97d-d965ccfc6d4b" outcome="Passed" testListId="8c84fa94-04c1-424b-9868-57a2d4851a1d" relativeResultsDirectory="38bb6503-4606-47d3-8070-dbf675d2489f" />
    <UnitTestResult executionId="b0dc216b-ce78-4eb3-b079-e718338ebc2e" testId="8deb7282-17c1-72d8-38be-d12bb07014eb" testName="SOAPCommandRequestHandler_ExecuteFunction_HandleOutputTrigger_NoSecurity" computerName="DKSR-EFI-06" duration="00:00:00.0011915" startTime="2024-01-09T15:42:16.1383355+01:00" endTime="2024-01-09T15:42:16.1383355+01:00" testType="13cdc9d9-ddb5-4fa4-a97d-d965ccfc6d4b" outcome="Passed" testListId="8c84fa94-04c1-424b-9868-57a2d4851a1d" relativeResultsDirectory="b0dc216b-ce78-4eb3-b079-e718338ebc2e" />
    <UnitTestResult executionId="f57dfa0f-7b20-4218-893d-9d4b53153f43" testId="2c704326-2083-e4db-b705-8d6a363a6828" testName="Configuration_SettingsAreSet_CorrectSettingsAreApplied" computerName="DKSR-EFI-06" startTime="2024-01-09T15:42:02.8101695+01:00" endTime="2024-01-09T15:42:02.8101695+01:00" testType="13cdc9d9-ddb5-4fa4-a97d-d965ccfc6d4b" outcome="NotExecuted" testListId="8c84fa94-04c1-424b-9868-57a2d4851a1d" relativeResultsDirectory="f57dfa0f-7b20-4218-893d-9d4b53153f43">
      <Output></Output>
    </UnitTestResult>
    <UnitTestResult executionId="2d5df88f-4c27-49e6-99b7-b96d6d56dc60" testId="34f2fcd0-692e-d784-b7f8-838f5156b834" testName="CheckExternalRecorderRegistrationCommandHandler_Execute_HardwareReadOnly_ErrorResponse" computerName="DKSR-EFI-06" duration="00:00:00.0006875" startTime="2024-01-09T15:42:30.8883401+01:00" endTime="2024-01-09T15:42:30.8883401+01:00" testType="13cdc9d9-ddb5-4fa4-a97d-d965ccfc6d4b" outcome="Passed" testListId="8c84fa94-04c1-424b-9868-57a2d4851a1d" relativeResultsDirectory="2d5df88f-4c27-49e6-99b7-b96d6d56dc60" />
    <UnitTestResult executionId="f4a8cb24-1b7b-4082-a526-36c1c22a5c41" testId="d85b6722-8565-a29c-5490-16e3a10a250c" testName="TimeRangeConversionRangeBothBeforeAndAfterSatrAndEndTime" computerName="DKSR-EFI-06" duration="00:00:00.0010133" startTime="2024-01-09T15:42:29.9195882+01:00" endTime="2024-01-09T15:42:29.9195882+01:00" testType="13cdc9d9-ddb5-4fa4-a97d-d965ccfc6d4b" outcome="Passed" testListId="8c84fa94-04c1-424b-9868-57a2d4851a1d" relativeResultsDirectory="f4a8cb24-1b7b-4082-a526-36c1c22a5c41">
      <Output>
        <StdOut>Debug Trace:&#xD;
Fail: Ranges contains invalid elements</StdOut>
      </Output>
    </UnitTestResult>
    <UnitTestResult executionId="49906236-0586-441a-b4cc-a0adcd4cb2e4" testId="d3de26a3-44d9-d03e-dc04-99987ed37276" testName="DiffGramToApplyToOrigionalDataSetToMakeItIdenticalWithNewDataSet_HandleDeletedRows" computerName="DKSR-EFI-06" duration="00:00:00.0112027" startTime="2024-01-09T15:42:00.4977172+01:00" endTime="2024-01-09T15:42:00.5133461+01:00" testType="13cdc9d9-ddb5-4fa4-a97d-d965ccfc6d4b" outcome="Passed" testListId="8c84fa94-04c1-424b-9868-57a2d4851a1d" relativeResultsDirectory="49906236-0586-441a-b4cc-a0adcd4cb2e4" />
    <UnitTestResult executionId="160a13d9-166c-4924-9b75-12c0bbde15fb" testId="95504db4-614a-748b-50bb-8b0f96d3ff0f" testName="GetAbsolutePtzPositionCommandHandler_Execute_Absolute_Position_Not_Supported" computerName="DKSR-EFI-06" duration="00:00:00.0017634" startTime="2024-01-09T15:42:33.0133546+01:00" endTime="2024-01-09T15:42:33.0289804+01:00" testType="13cdc9d9-ddb5-4fa4-a97d-d965ccfc6d4b" outcome="Passed" testListId="8c84fa94-04c1-424b-9868-57a2d4851a1d" relativeResultsDirectory="160a13d9-166c-4924-9b75-12c0bbde15fb" />
    <UnitTestResult executionId="b4df0779-8af3-433c-a59e-2b422e2ed38b" testId="2b1f3b6a-aaf2-ed1b-ef4f-eaf8a5cb9923" testName="CollectMediaStatusCommandHandler_MediaDbRepair" computerName="DKSR-EFI-06" duration="00:00:00.0002877" startTime="2024-01-09T15:42:30.9508409+01:00" endTime="2024-01-09T15:42:30.9508409+01:00" testType="13cdc9d9-ddb5-4fa4-a97d-d965ccfc6d4b" outcome="Passed" testListId="8c84fa94-04c1-424b-9868-57a2d4851a1d" relativeResultsDirectory="b4df0779-8af3-433c-a59e-2b422e2ed38b" />
    <UnitTestResult executionId="099f7408-ff42-4eec-988c-28fe450a848e" testId="b4decefc-2fa8-3f4f-28b3-7c450bcc4c90" testName="OnTimer_TimerHasBeenStopped_TimerIsNotRestarted" computerName="DKSR-EFI-06" duration="00:00:00.0256850" startTime="2024-01-09T15:42:02.4039154+01:00" endTime="2024-01-09T15:42:02.4351674+01:00" testType="13cdc9d9-ddb5-4fa4-a97d-d965ccfc6d4b" outcome="Passed" testListId="8c84fa94-04c1-424b-9868-57a2d4851a1d" relativeResultsDirectory="099f7408-ff42-4eec-988c-28fe450a848e" />
    <UnitTestResult executionId="e275e488-23cf-49db-82ae-8c3abcd73ab5" testId="287aa87e-246b-cdae-b0da-8a12e15196b8" testName="SOAPCommandRequestHandler_ExecuteFunction_HandlePTZGetSessionInfo_NoDeviceId" computerName="DKSR-EFI-06" duration="00:00:00.0020842" startTime="2024-01-09T15:42:16.4820841+01:00" endTime="2024-01-09T15:42:16.4977083+01:00" testType="13cdc9d9-ddb5-4fa4-a97d-d965ccfc6d4b" outcome="Passed" testListId="8c84fa94-04c1-424b-9868-57a2d4851a1d" relativeResultsDirectory="e275e488-23cf-49db-82ae-8c3abcd73ab5" />
    <UnitTestResult executionId="3a83292e-f4a6-4f5e-a62b-24d716cb45d1" testId="3b65d8c8-c8dc-c975-b1e1-ec6988dabef6" testName="FirmwareUpgradeCommandHandler_Execute_HardwareNotFound_Fails" computerName="DKSR-EFI-06" duration="00:00:00.0095614" startTime="2024-01-09T15:42:31.8727183+01:00" endTime="2024-01-09T15:42:31.8883464+01:00" testType="13cdc9d9-ddb5-4fa4-a97d-d965ccfc6d4b" outcome="Passed" testListId="8c84fa94-04c1-424b-9868-57a2d4851a1d" relativeResultsDirectory="3a83292e-f4a6-4f5e-a62b-24d716cb45d1" />
    <UnitTestResult executionId="15f10c30-50fd-42b4-9910-476b732476b3" testId="217d569d-af62-0cf1-0a45-23e4a3d75fd9" testName="SOAPCommandRequestHandler_ExecuteFunction_HandleSmartSearchGetResult_NoContinueSearch" computerName="DKSR-EFI-06" duration="00:00:00.0010640" startTime="2024-01-09T15:42:15.4977206+01:00" endTime="2024-01-09T15:42:15.4977206+01:00" testType="13cdc9d9-ddb5-4fa4-a97d-d965ccfc6d4b" outcome="Passed" testListId="8c84fa94-04c1-424b-9868-57a2d4851a1d" relativeResultsDirectory="15f10c30-50fd-42b4-9910-476b732476b3" />
    <UnitTestResult executionId="6eef96e6-2c97-4e8c-a5ff-2d0b5aeaf8e0" testId="9cefd0a9-8c92-97bd-2892-256a438574dd" testName="FilterTrackIdsToThoseThatShouldNotHaveMediaOnRecorder_InternalStateStopped_DoesNotThrowThrowsCommunicationStoppedException" computerName="DKSR-EFI-06" duration="00:00:00.0010633" startTime="2024-01-09T15:42:02.2632957+01:00" endTime="2024-01-09T15:42:02.2632957+01:00" testType="13cdc9d9-ddb5-4fa4-a97d-d965ccfc6d4b" outcome="Passed" testListId="8c84fa94-04c1-424b-9868-57a2d4851a1d" relativeResultsDirectory="6eef96e6-2c97-4e8c-a5ff-2d0b5aeaf8e0" />
    <UnitTestResult executionId="32150441-d969-474f-81c8-e15163eedefc" testId="77c4e593-b921-67b8-0a79-6e7081aa7cbc" testName="RepairInfo_ParseRepairInfoXml_ValidXml_NotRepairing" computerName="DKSR-EFI-06" duration="00:00:00.0013667" startTime="2024-01-09T15:42:30.4664662+01:00" endTime="2024-01-09T15:42:30.4664662+01:00" testType="13cdc9d9-ddb5-4fa4-a97d-d965ccfc6d4b" outcome="Passed" testListId="8c84fa94-04c1-424b-9868-57a2d4851a1d" relativeResultsDirectory="32150441-d969-474f-81c8-e15163eedefc" />
    <UnitTestResult executionId="7c5d7a26-ea41-40df-b28a-a3b91c74d296" testId="366d01ea-ff7d-934f-3cb7-1f565e8f2ea5" testName="GetIntervalsToScan_ShouldReturnCorrectInterval_WithDnsHostSpecified" computerName="DKSR-EFI-06" duration="00:00:00.0010937" startTime="2024-01-09T15:42:29.7633383+01:00" endTime="2024-01-09T15:42:29.7789639+01:00" testType="13cdc9d9-ddb5-4fa4-a97d-d965ccfc6d4b" outcome="Passed" testListId="8c84fa94-04c1-424b-9868-57a2d4851a1d" relativeResultsDirectory="7c5d7a26-ea41-40df-b28a-a3b91c74d296" />
    <UnitTestResult executionId="0e7f4ded-00ba-403c-9782-3b8287437b2a" testId="5c5159dd-578e-af78-a5f6-84a63999832d" testName="PtzManager_ForceReleasePtzSession_Controller_Not_Found" computerName="DKSR-EFI-06" duration="00:00:00.0013234" startTime="2024-01-09T15:42:38.3103082+01:00" endTime="2024-01-09T15:42:38.3103082+01:00" testType="13cdc9d9-ddb5-4fa4-a97d-d965ccfc6d4b" outcome="Passed" testListId="8c84fa94-04c1-424b-9868-57a2d4851a1d" relativeResultsDirectory="0e7f4ded-00ba-403c-9782-3b8287437b2a" />
    <UnitTestResult executionId="66a7f439-7b6f-4df9-83ea-54002a895b71" testId="1ceefeff-052b-0e95-f3a6-b5182af0c49a" testName="PtzManager_CenterOnPositionInView_NoMediaFeedHandler" computerName="DKSR-EFI-06" duration="00:00:00.0035390" startTime="2024-01-09T15:42:38.1852567+01:00" endTime="2024-01-09T15:42:38.2008828+01:00" testType="13cdc9d9-ddb5-4fa4-a97d-d965ccfc6d4b" outcome="Passed" testListId="8c84fa94-04c1-424b-9868-57a2d4851a1d" relativeResultsDirectory="66a7f439-7b6f-4df9-83ea-54002a895b71" />
    <UnitTestResult executionId="6979a79b-2c09-45db-a704-a0bca6994b77" testId="cee26123-49aa-6fac-4ae3-2815b6fb9ae4" testName="ConnectSuccess_Goto_NextWithoutTime" computerName="DKSR-EFI-06" duration="00:00:00.0071721" startTime="2024-01-09T15:42:12.9039529+01:00" endTime="2024-01-09T15:42:12.9039529+01:00" testType="13cdc9d9-ddb5-4fa4-a97d-d965ccfc6d4b" outcome="Passed" testListId="8c84fa94-04c1-424b-9868-57a2d4851a1d" relativeResultsDirectory="6979a79b-2c09-45db-a704-a0bca6994b77" />
    <UnitTestResult executionId="65ac1017-78b0-47b0-a82a-15fcd8d82488" testId="5caa74f8-6033-dbf5-6c66-1ba6f3dd9d2c" testName="ManualPtzPatrollingSession_Constructor_IPatrollingController_Success" computerName="DKSR-EFI-06" duration="00:00:00.0014267" startTime="2024-01-09T15:42:38.4821341+01:00" endTime="2024-01-09T15:42:38.4821341+01:00" testType="13cdc9d9-ddb5-4fa4-a97d-d965ccfc6d4b" outcome="Passed" testListId="8c84fa94-04c1-424b-9868-57a2d4851a1d" relativeResultsDirectory="65ac1017-78b0-47b0-a82a-15fcd8d82488" />
    <UnitTestResult executionId="957bda5b-f471-43be-8d2d-91c2cd9c95ea" testId="db6af28e-50a4-6d1a-7c8e-2fc1b8d39003" testName="PtzPatrollingSessionBase_Pause_NotRunning" computerName="DKSR-EFI-06" duration="00:00:00.0007984" startTime="2024-01-09T15:42:38.5133820+01:00" endTime="2024-01-09T15:42:38.5133820+01:00" testType="13cdc9d9-ddb5-4fa4-a97d-d965ccfc6d4b" outcome="Passed" testListId="8c84fa94-04c1-424b-9868-57a2d4851a1d" relativeResultsDirectory="957bda5b-f471-43be-8d2d-91c2cd9c95ea" />
    <UnitTestResult executionId="1a5ac982-339c-4685-9c9a-dc3a80157792" testId="90b8e0ac-3836-668f-d12a-5a7be5c8e5aa" testName="SearchingBackwardsNoOverlapsSimple" computerName="DKSR-EFI-06" duration="00:00:00.0012736" startTime="2024-01-09T15:42:19.2477121+01:00" endTime="2024-01-09T15:42:19.2477121+01:00" testType="13cdc9d9-ddb5-4fa4-a97d-d965ccfc6d4b" outcome="Passed" testListId="8c84fa94-04c1-424b-9868-57a2d4851a1d" relativeResultsDirectory="1a5ac982-339c-4685-9c9a-dc3a80157792" />
    <UnitTestResult executionId="e1d63b59-592a-45e0-9517-86aa4c335281" testId="85f43ac9-4a3d-9d19-561c-361db0298aa5" testName="ArcStorage_PwFailure_KeepOffline" computerName="DKSR-EFI-06" duration="00:00:00.0035765" startTime="2024-01-09T15:42:18.2477114+01:00" endTime="2024-01-09T15:42:18.2477114+01:00" testType="13cdc9d9-ddb5-4fa4-a97d-d965ccfc6d4b" outcome="Passed" testListId="8c84fa94-04c1-424b-9868-57a2d4851a1d" relativeResultsDirectory="e1d63b59-592a-45e0-9517-86aa4c335281" />
    <UnitTestResult executionId="7e34783b-d059-48a4-a8bd-ea7ef79b4749" testId="6b3e8315-25aa-da2f-c82e-34e79cabc5bc" testName="ResolveIdAndMessage_NonMapped" computerName="DKSR-EFI-06" duration="00:00:00.0002198" startTime="2024-01-09T15:42:18.0133335+01:00" endTime="2024-01-09T15:42:18.0133335+01:00" testType="13cdc9d9-ddb5-4fa4-a97d-d965ccfc6d4b" outcome="Passed" testListId="8c84fa94-04c1-424b-9868-57a2d4851a1d" relativeResultsDirectory="7e34783b-d059-48a4-a8bd-ea7ef79b4749" />
    <UnitTestResult executionId="d9e3a89c-b024-4b5b-814c-ac0fe1104455" testId="d1aaafe4-c45e-e813-7997-4050f51e88b0" testName="Constructor_PingActionIsNull_ArgumentNullException" computerName="DKSR-EFI-06" duration="00:00:00.0005579" startTime="2024-01-09T15:42:02.3882944+01:00" endTime="2024-01-09T15:42:02.3882944+01:00" testType="13cdc9d9-ddb5-4fa4-a97d-d965ccfc6d4b" outcome="Passed" testListId="8c84fa94-04c1-424b-9868-57a2d4851a1d" relativeResultsDirectory="d9e3a89c-b024-4b5b-814c-ac0fe1104455" />
    <UnitTestResult executionId="4339dc77-40fa-4656-a031-e3add211266d" testId="f1428993-d37a-f2e1-e1f9-4944c954f241" testName="SOAPCommandRequestHandler_ExecuteFunction_HandleSequencesGet_No_Metadata_Security" computerName="DKSR-EFI-06" duration="00:00:00.0024650" startTime="2024-01-09T15:42:15.3414555+01:00" endTime="2024-01-09T15:42:15.3570850+01:00" testType="13cdc9d9-ddb5-4fa4-a97d-d965ccfc6d4b" outcome="Passed" testListId="8c84fa94-04c1-424b-9868-57a2d4851a1d" relativeResultsDirectory="4339dc77-40fa-4656-a031-e3add211266d" />
    <UnitTestResult executionId="e4e339f3-abd8-499d-ad41-206a0eb35816" testId="a3b54414-fea2-96c6-9461-4e6c114da7c6" testName="GetNetworkConfigurationCommandHandler_Execute_NullArgs_Throws" computerName="DKSR-EFI-06" duration="00:00:00.0075993" startTime="2024-01-09T15:42:33.1539774+01:00" endTime="2024-01-09T15:42:33.1539774+01:00" testType="13cdc9d9-ddb5-4fa4-a97d-d965ccfc6d4b" outcome="Passed" testListId="8c84fa94-04c1-424b-9868-57a2d4851a1d" relativeResultsDirectory="e4e339f3-abd8-499d-ad41-206a0eb35816">
      <Output>
        <StdOut>Debug Trace:&#xD;
Fail: Command/Command handler type mismatch&#xD;
Fail: Argument null.</StdOut>
      </Output>
    </UnitTestResult>
    <UnitTestResult executionId="2c94a3b0-3e25-4b5a-b52a-84b7c3552499" testId="bb586174-9b05-807d-80c0-f849bdb676e7" testName="DriverProxyInstanceManager_RemoveNonaddedHardware_WarningLogged" computerName="DKSR-EFI-06" duration="00:00:00.0005614" startTime="2024-01-09T15:42:00.5758450+01:00" endTime="2024-01-09T15:42:00.5914685+01:00" testType="13cdc9d9-ddb5-4fa4-a97d-d965ccfc6d4b" outcome="Passed" testListId="8c84fa94-04c1-424b-9868-57a2d4851a1d" relativeResultsDirectory="2c94a3b0-3e25-4b5a-b52a-84b7c3552499" />
    <UnitTestResult executionId="751cfc5a-7830-40c7-901c-c73903fd7072" testId="23c99a93-5a9e-a3d8-1fc7-484a81c0d432" testName="Start_WebErrorOnFirstTry_StartTimer" computerName="DKSR-EFI-06" duration="00:00:00.0074339" startTime="2024-01-09T15:42:02.1695425+01:00" endTime="2024-01-09T15:42:02.1851672+01:00" testType="13cdc9d9-ddb5-4fa4-a97d-d965ccfc6d4b" outcome="Passed" testListId="8c84fa94-04c1-424b-9868-57a2d4851a1d" relativeResultsDirectory="751cfc5a-7830-40c7-901c-c73903fd7072" />
    <UnitTestResult executionId="d2572bf2-d93b-42f9-a61f-bd47f85668d6" testId="388c476d-d34c-7f6e-8d71-ebbe746479a4" testName="SOAPCommandRequestHandler_ExecuteFunction_HandlePTZCenter_NoCenterX" computerName="DKSR-EFI-06" duration="00:00:00.0005688" startTime="2024-01-09T15:42:16.1852100+01:00" endTime="2024-01-09T15:42:16.1852100+01:00" testType="13cdc9d9-ddb5-4fa4-a97d-d965ccfc6d4b" outcome="Passed" testListId="8c84fa94-04c1-424b-9868-57a2d4851a1d" relativeResultsDirectory="d2572bf2-d93b-42f9-a61f-bd47f85668d6" />
    <UnitTestResult executionId="b4d16c9d-8776-4885-a359-591973276fef" testId="a010cdd1-6038-b1b4-098c-7ecb384094c5" testName="EvidenceLockOnOldRecorder2_PostCommandIsNull_BadRequestResult" computerName="DKSR-EFI-06" duration="00:00:00.0016446" startTime="2024-01-09T15:42:02.5914158+01:00" endTime="2024-01-09T15:42:02.5914158+01:00" testType="13cdc9d9-ddb5-4fa4-a97d-d965ccfc6d4b" outcome="Passed" testListId="8c84fa94-04c1-424b-9868-57a2d4851a1d" relativeResultsDirectory="b4d16c9d-8776-4885-a359-591973276fef" />
    <UnitTestResult executionId="b449c05f-df7a-4bcc-8e10-e5a969bd06ab" testId="af04bac6-2ce8-74dc-6659-d012719b6bdc" testName="GetChangesAndSendUpdateHardwareDriverCommandAsync_Success" computerName="DKSR-EFI-06" duration="00:00:00.0370172" startTime="2024-01-09T15:42:00.5914685+01:00" endTime="2024-01-09T15:42:00.6383450+01:00" testType="13cdc9d9-ddb5-4fa4-a97d-d965ccfc6d4b" outcome="Passed" testListId="8c84fa94-04c1-424b-9868-57a2d4851a1d" relativeResultsDirectory="b449c05f-df7a-4bcc-8e10-e5a969bd06ab" />
    <UnitTestResult executionId="a468b92a-de6e-4185-a2f9-5da9c6f2de21" testId="43a21d96-9c44-c5fd-79f4-8367daf9cc9a" testName="ConnectionShutdown_TokenUnavailable" computerName="DKSR-EFI-06" duration="00:00:00.0010439" startTime="2024-01-09T15:42:12.7950914+01:00" endTime="2024-01-09T15:42:12.7950914+01:00" testType="13cdc9d9-ddb5-4fa4-a97d-d965ccfc6d4b" outcome="Passed" testListId="8c84fa94-04c1-424b-9868-57a2d4851a1d" relativeResultsDirectory="a468b92a-de6e-4185-a2f9-5da9c6f2de21" />
    <UnitTestResult executionId="cd9be1aa-22bf-421e-b9ca-0043a9d08fef" testId="5ddebc41-c5fe-0924-cc3f-0fe55dddcf87" testName="ConnectSuccessSimple_SpeakerNoMultipart" computerName="DKSR-EFI-06" duration="00:00:00.0018328" startTime="2024-01-09T15:42:12.7008277+01:00" endTime="2024-01-09T15:42:12.7008277+01:00" testType="13cdc9d9-ddb5-4fa4-a97d-d965ccfc6d4b" outcome="Passed" testListId="8c84fa94-04c1-424b-9868-57a2d4851a1d" relativeResultsDirectory="cd9be1aa-22bf-421e-b9ca-0043a9d08fef" />
    <UnitTestResult executionId="76e5bd74-c9c2-4a58-9d50-64cdb43c212c" testId="220a0741-c671-c6c1-6e3c-14099329fb32" testName="SOAPCommandRequestHandler_ExecuteFunction_HandlePTZCenter_No_Priority" computerName="DKSR-EFI-06" duration="00:00:00.0024431" startTime="2024-01-09T15:42:16.2164607+01:00" endTime="2024-01-09T15:42:16.2164607+01:00" testType="13cdc9d9-ddb5-4fa4-a97d-d965ccfc6d4b" outcome="Passed" testListId="8c84fa94-04c1-424b-9868-57a2d4851a1d" relativeResultsDirectory="76e5bd74-c9c2-4a58-9d50-64cdb43c212c" />
    <UnitTestResult executionId="0aedd3fc-d577-4983-9620-8831146f3d0c" testId="f9554bb2-d464-b5d5-c8ba-1d8fdb1d5484" testName="SOAPCommandRequestHandler_ExecuteFunction_HandleSmartSearchStart_SearchMaskNotSquared" computerName="DKSR-EFI-06" duration="00:00:00.0013145" startTime="2024-01-09T15:42:15.5758320+01:00" endTime="2024-01-09T15:42:15.5758320+01:00" testType="13cdc9d9-ddb5-4fa4-a97d-d965ccfc6d4b" outcome="Passed" testListId="8c84fa94-04c1-424b-9868-57a2d4851a1d" relativeResultsDirectory="0aedd3fc-d577-4983-9620-8831146f3d0c" />
    <UnitTestResult executionId="ac1e8f55-4979-4c5d-9aca-21a16224c186" testId="ab37c4a5-7ddd-4f3a-807a-9824addc756d" testName="AddHardwareUserCommandHandler_Execute_AddUser_ThrowsUserHandlingUserNameTooShort_Errors" computerName="DKSR-EFI-06" duration="00:00:00.0008848" startTime="2024-01-09T15:42:30.6383392+01:00" endTime="2024-01-09T15:42:30.6539638+01:00" testType="13cdc9d9-ddb5-4fa4-a97d-d965ccfc6d4b" outcome="Passed" testListId="8c84fa94-04c1-424b-9868-57a2d4851a1d" relativeResultsDirectory="ac1e8f55-4979-4c5d-9aca-21a16224c186" />
    <UnitTestResult executionId="333305df-60ce-4ff8-a13d-921b270bf884" testId="0a84de12-6fcf-8161-bb90-5dcf0b5aae74" testName="FindMaskAtTime" computerName="DKSR-EFI-06" duration="00:00:00.0021195" startTime="2024-01-09T15:42:18.4508357+01:00" endTime="2024-01-09T15:42:18.4664607+01:00" testType="13cdc9d9-ddb5-4fa4-a97d-d965ccfc6d4b" outcome="Passed" testListId="8c84fa94-04c1-424b-9868-57a2d4851a1d" relativeResultsDirectory="333305df-60ce-4ff8-a13d-921b270bf884" />
    <UnitTestResult executionId="124e0f22-0882-43a5-afa3-747c03a65330" testId="ed6a8ebe-05df-d8e5-8165-942c8c8d649e" testName="TestStatistics5Sec" computerName="DKSR-EFI-06" duration="00:00:00.0016867" startTime="2024-01-09T15:42:19.3570866+01:00" endTime="2024-01-09T15:42:19.3570866+01:00" testType="13cdc9d9-ddb5-4fa4-a97d-d965ccfc6d4b" outcome="Passed" testListId="8c84fa94-04c1-424b-9868-57a2d4851a1d" relativeResultsDirectory="124e0f22-0882-43a5-afa3-747c03a65330" />
    <UnitTestResult executionId="da09bba9-1d59-44c7-b019-c2a556b36547" testId="e8a22484-1286-3ab5-eef9-78584f3584c9" testName="PerformFileSystemOperation_ModelIsValid_CommandExecuted" computerName="DKSR-EFI-06" duration="00:00:00.0032739" startTime="2024-01-09T15:42:02.7007906+01:00" endTime="2024-01-09T15:42:02.7164180+01:00" testType="13cdc9d9-ddb5-4fa4-a97d-d965ccfc6d4b" outcome="Passed" testListId="8c84fa94-04c1-424b-9868-57a2d4851a1d" relativeResultsDirectory="da09bba9-1d59-44c7-b019-c2a556b36547" />
    <UnitTestResult executionId="fedd9051-51f4-459e-bd0b-8df7ced0595c" testId="f782db4c-e79b-1174-f78b-56472f825a51" testName="PtzPatrollingSessionBase_ExternalPause_Success" computerName="DKSR-EFI-06" duration="00:00:00.0007521" startTime="2024-01-09T15:42:38.5290102+01:00" endTime="2024-01-09T15:42:38.5446325+01:00" testType="13cdc9d9-ddb5-4fa4-a97d-d965ccfc6d4b" outcome="Passed" testListId="8c84fa94-04c1-424b-9868-57a2d4851a1d" relativeResultsDirectory="fedd9051-51f4-459e-bd0b-8df7ced0595c">
      <Output>
        <StdOut>Debug Trace:&#xD;
VideoOS.Recorder.PtzPatrollingSession session started</StdOut>
      </Output>
    </UnitTestResult>
    <UnitTestResult executionId="a57562db-cf5a-455e-83bf-9a965a0c0660" testId="f3b9e633-7b76-928d-0e2d-53d7f4cd2d22" testName="ConnectUpdate_Success" computerName="DKSR-EFI-06" duration="00:00:00.0021569" startTime="2024-01-09T15:42:12.7950914+01:00" endTime="2024-01-09T15:42:12.8102052+01:00" testType="13cdc9d9-ddb5-4fa4-a97d-d965ccfc6d4b" outcome="Passed" testListId="8c84fa94-04c1-424b-9868-57a2d4851a1d" relativeResultsDirectory="a57562db-cf5a-455e-83bf-9a965a0c0660" />
    <UnitTestResult executionId="04adb8ad-f69c-41a2-88f4-e4a71dbd6379" testId="4a60897f-da96-0d94-f5d3-d97e96726bff" testName="ManualPtzPatrollingSession_Start_Success" computerName="DKSR-EFI-06" duration="00:00:00.0029648" startTime="2024-01-09T15:42:38.4821341+01:00" endTime="2024-01-09T15:42:38.4977595+01:00" testType="13cdc9d9-ddb5-4fa4-a97d-d965ccfc6d4b" outcome="Passed" testListId="8c84fa94-04c1-424b-9868-57a2d4851a1d" relativeResultsDirectory="04adb8ad-f69c-41a2-88f4-e4a71dbd6379">
      <Output>
        <StdOut>Debug Trace:&#xD;
VideoOS.Recorder.PtzManualPatrollingSession session started</StdOut>
      </Output>
    </UnitTestResult>
    <UnitTestResult executionId="598d0ed6-5154-4d28-844c-bdf672a3eec9" testId="ef1934d2-b3b6-2151-a38b-d7501c51a7d4" testName="RemoveNotExistingRegistrationAllowed" computerName="DKSR-EFI-06" duration="00:00:00.0003255" startTime="2024-01-09T15:42:30.4352150+01:00" endTime="2024-01-09T15:42:30.4352150+01:00" testType="13cdc9d9-ddb5-4fa4-a97d-d965ccfc6d4b" outcome="Passed" testListId="8c84fa94-04c1-424b-9868-57a2d4851a1d" relativeResultsDirectory="598d0ed6-5154-4d28-844c-bdf672a3eec9" />
    <UnitTestResult executionId="342e12e9-a9e5-40ef-8be4-743de17c2e82" testId="e1a3cc24-4bf1-6614-480f-00cc6a19451b" testName="SOAPCommandRequestHandler_ExecuteFunction_HandleSequencesGetAroundWithSpan_NoDeviceId" computerName="DKSR-EFI-06" duration="00:00:00.0027263" startTime="2024-01-09T15:42:15.4039569+01:00" endTime="2024-01-09T15:42:15.4196253+01:00" testType="13cdc9d9-ddb5-4fa4-a97d-d965ccfc6d4b" outcome="Passed" testListId="8c84fa94-04c1-424b-9868-57a2d4851a1d" relativeResultsDirectory="342e12e9-a9e5-40ef-8be4-743de17c2e82" />
    <UnitTestResult executionId="27d656fe-302f-4a51-8250-99a3dbc6c1d6" testId="c56ceeab-d742-8985-e475-23e0921ae7e8" testName="GetNetworkConfigurationCommandHandler_Execute_InterfaceDisabled_Errors" computerName="DKSR-EFI-06" duration="00:00:00.0009522" startTime="2024-01-09T15:42:33.2008539+01:00" endTime="2024-01-09T15:42:33.2008539+01:00" testType="13cdc9d9-ddb5-4fa4-a97d-d965ccfc6d4b" outcome="Passed" testListId="8c84fa94-04c1-424b-9868-57a2d4851a1d" relativeResultsDirectory="27d656fe-302f-4a51-8250-99a3dbc6c1d6" />
    <UnitTestResult executionId="d8bf874a-1508-41a8-be80-a1c86b931f3b" testId="143ac55a-8a0b-59cd-311c-9a7726fa1cfa" testName="RecStorage_Startup_NotAllowStart_NotKeepFailing_PwFailure_KeepOffline" computerName="DKSR-EFI-06" duration="00:00:00.0010407" startTime="2024-01-09T15:42:18.2164592+01:00" endTime="2024-01-09T15:42:18.2164592+01:00" testType="13cdc9d9-ddb5-4fa4-a97d-d965ccfc6d4b" outcome="Passed" testListId="8c84fa94-04c1-424b-9868-57a2d4851a1d" relativeResultsDirectory="d8bf874a-1508-41a8-be80-a1c86b931f3b" />
    <UnitTestResult executionId="fd5c8ae0-d64b-4a2d-9f77-e09bc7522def" testId="ad5a5be8-a30a-a4cb-20d4-8a1ff6c5dffb" testName="SOAPCommandRequestHandler_ExecuteFunction_HandleSendDriverCommandWithResponse_NoParameter" computerName="DKSR-EFI-06" duration="00:00:00.0010866" startTime="2024-01-09T15:42:15.8414554+01:00" endTime="2024-01-09T15:42:15.8414554+01:00" testType="13cdc9d9-ddb5-4fa4-a97d-d965ccfc6d4b" outcome="Passed" testListId="8c84fa94-04c1-424b-9868-57a2d4851a1d" relativeResultsDirectory="fd5c8ae0-d64b-4a2d-9f77-e09bc7522def" />
    <UnitTestResult executionId="4eb029a6-67cb-443b-a56d-94e64cab8a40" testId="fbf768f5-bda1-d532-9518-dfdf120eb87b" testName="FirmwareUpgradeCommandHandler_Execute_NullOrIncorrectArgs_Throw" computerName="DKSR-EFI-06" duration="00:00:00.0123237" startTime="2024-01-09T15:42:31.8570938+01:00" endTime="2024-01-09T15:42:31.8727183+01:00" testType="13cdc9d9-ddb5-4fa4-a97d-d965ccfc6d4b" outcome="Passed" testListId="8c84fa94-04c1-424b-9868-57a2d4851a1d" relativeResultsDirectory="4eb029a6-67cb-443b-a56d-94e64cab8a40">
      <Output>
        <StdOut>Debug Trace:&#xD;
Fail: Command/Command handler type mismatch&#xD;
Fail: Command/Command handler type mismatch&#xD;
Fail: Argument null.</StdOut>
      </Output>
    </UnitTestResult>
    <UnitTestResult executionId="d74b582b-d8f1-4ffe-8d3a-e4add5c6d926" testId="b6ada097-7460-8090-7f47-b66e5f775b3c" testName="CheckDeleteDeviceMediaCommandHandler_LocalConfigEmpty_MediaDbEmpty_NoDoesTrackExistCall_NoDelete" computerName="DKSR-EFI-06" duration="00:00:00.0007370" startTime="2024-01-09T15:42:30.8102130+01:00" endTime="2024-01-09T15:42:30.8102130+01:00" testType="13cdc9d9-ddb5-4fa4-a97d-d965ccfc6d4b" outcome="Passed" testListId="8c84fa94-04c1-424b-9868-57a2d4851a1d" relativeResultsDirectory="d74b582b-d8f1-4ffe-8d3a-e4add5c6d926" />
    <UnitTestResult executionId="35d110a4-0563-4cd6-b4f6-7f8ed3ccbc33" testId="149fae0e-4b3b-37ce-c523-a738629c5e3d" testName="ConfigurationController_UpdateUserSecurityTokens_IsValid_NoContent" computerName="DKSR-EFI-06" duration="00:00:00.0119856" startTime="2024-01-09T15:42:02.5132915+01:00" endTime="2024-01-09T15:42:02.5289174+01:00" testType="13cdc9d9-ddb5-4fa4-a97d-d965ccfc6d4b" outcome="Passed" testListId="8c84fa94-04c1-424b-9868-57a2d4851a1d" relativeResultsDirectory="35d110a4-0563-4cd6-b4f6-7f8ed3ccbc33">
      <Output>
        <StdOut>Debug Trace:&#xD;
Fail: Only use this constructor for unavailable tokens</StdOut>
      </Output>
    </UnitTestResult>
    <UnitTestResult executionId="21ed695a-4e50-4834-acab-341559fcf00a" testId="9a7164c5-b199-2157-f84d-e96958f10889" testName="RecordingStorageDeviceLinkEntries_Remove_Null_Throws_ArgumentNullException" computerName="DKSR-EFI-06" duration="00:00:00.0009482" startTime="2024-01-09T15:42:01.7632882+01:00" endTime="2024-01-09T15:42:01.7632882+01:00" testType="13cdc9d9-ddb5-4fa4-a97d-d965ccfc6d4b" outcome="Passed" testListId="8c84fa94-04c1-424b-9868-57a2d4851a1d" relativeResultsDirectory="21ed695a-4e50-4834-acab-341559fcf00a">
      <Output>
        <StdOut>Debug Trace:&#xD;
Fail: Argument null</StdOut>
      </Output>
    </UnitTestResult>
    <UnitTestResult executionId="db4ce762-1363-4930-b829-a3e1a4b1c76f" testId="8c60bb5b-86a2-ad96-a5fa-dcd40db2418b" testName="Ctor_Null_Throws_ArgumentNullException" computerName="DKSR-EFI-06" duration="00:00:00.0016788" startTime="2024-01-09T15:42:00.5914685+01:00" endTime="2024-01-09T15:42:00.5914685+01:00" testType="13cdc9d9-ddb5-4fa4-a97d-d965ccfc6d4b" outcome="Passed" testListId="8c84fa94-04c1-424b-9868-57a2d4851a1d" relativeResultsDirectory="db4ce762-1363-4930-b829-a3e1a4b1c76f" />
    <UnitTestResult executionId="3c5e970f-ab54-41b0-883a-6f7fae94e72b" testId="47852fed-83ae-1d24-4e2e-3671e83b43ea" testName="ConnectSuccess_Goto_PrevSeqWithoutTime" computerName="DKSR-EFI-06" duration="00:00:00.0029362" startTime="2024-01-09T15:42:13.0446147+01:00" endTime="2024-01-09T15:42:13.0602028+01:00" testType="13cdc9d9-ddb5-4fa4-a97d-d965ccfc6d4b" outcome="Passed" testListId="8c84fa94-04c1-424b-9868-57a2d4851a1d" relativeResultsDirectory="3c5e970f-ab54-41b0-883a-6f7fae94e72b" />
    <UnitTestResult executionId="653572bd-ff50-4741-9db4-048e9385b02a" testId="c7e028a4-6536-4768-2d6b-f6d16bc552e3" testName="SOAPCommandRequestHandler_ExecuteFunction_HandleTimeLineInformationGet_NoTimeLineInformationInterval" computerName="DKSR-EFI-06" duration="00:00:00.0011180" startTime="2024-01-09T15:42:15.6383304+01:00" endTime="2024-01-09T15:42:15.6383304+01:00" testType="13cdc9d9-ddb5-4fa4-a97d-d965ccfc6d4b" outcome="Passed" testListId="8c84fa94-04c1-424b-9868-57a2d4851a1d" relativeResultsDirectory="653572bd-ff50-4741-9db4-048e9385b02a" />
    <UnitTestResult executionId="3dd45935-0c85-434c-96f0-3fbaa3f5dbc1" testId="a829883c-6278-e6e6-96ba-9208e8a0e9f5" testName="GetRecorderTasks_InternalStateStopped_ThrowsCommunicationStoppedException" computerName="DKSR-EFI-06" duration="00:00:00.0041794" startTime="2024-01-09T15:42:02.2164155+01:00" endTime="2024-01-09T15:42:02.2320404+01:00" testType="13cdc9d9-ddb5-4fa4-a97d-d965ccfc6d4b" outcome="Passed" testListId="8c84fa94-04c1-424b-9868-57a2d4851a1d" relativeResultsDirectory="3dd45935-0c85-434c-96f0-3fbaa3f5dbc1" />
    <UnitTestResult executionId="76183a85-4ad2-47a1-844f-6ab42c7da16c" testId="c14c2d25-fc01-f754-a2fc-cdde0404f48d" testName="SOAPCommandRequestHandler_ExecuteFunction_HandlePTZMoveHome_Success" computerName="DKSR-EFI-06" duration="00:00:00.0023654" startTime="2024-01-09T15:42:16.2789584+01:00" endTime="2024-01-09T15:42:16.2789584+01:00" testType="13cdc9d9-ddb5-4fa4-a97d-d965ccfc6d4b" outcome="Passed" testListId="8c84fa94-04c1-424b-9868-57a2d4851a1d" relativeResultsDirectory="76183a85-4ad2-47a1-844f-6ab42c7da16c" />
    <UnitTestResult executionId="22f76430-6414-4032-aa0f-67447242f2b6" testId="3b4b49ba-aa71-f021-7369-dc1c44f272a2" testName="AudioPlayerOnSpeaker_PlayUsingCurrentThread_NoSpeakerHandler" computerName="DKSR-EFI-06" duration="00:00:00.0006121" startTime="2024-01-09T15:42:38.7633832+01:00" endTime="2024-01-09T15:42:38.7633832+01:00" testType="13cdc9d9-ddb5-4fa4-a97d-d965ccfc6d4b" outcome="Passed" testListId="8c84fa94-04c1-424b-9868-57a2d4851a1d" relativeResultsDirectory="22f76430-6414-4032-aa0f-67447242f2b6" />
    <UnitTestResult executionId="ca905c39-5a9a-45a6-b077-f3d1610e3bd4" testId="134adb3c-1f37-9cb6-82d3-e8d72404da23" testName="EnhanceSettings_DisabledPlugin" computerName="DKSR-EFI-06" duration="00:00:00.0003868" startTime="2024-01-09T15:42:19.3883502+01:00" endTime="2024-01-09T15:42:19.3883502+01:00" testType="13cdc9d9-ddb5-4fa4-a97d-d965ccfc6d4b" outcome="Passed" testListId="8c84fa94-04c1-424b-9868-57a2d4851a1d" relativeResultsDirectory="ca905c39-5a9a-45a6-b077-f3d1610e3bd4" />
    <UnitTestResult executionId="7707b1f2-0ee9-4a5b-bcc5-61ecaaa36301" testId="778e7623-3faa-ca5e-3032-a05bd9ea4334" testName="EdgeStorageLimitsTimeLimitOkLowerBoundry" computerName="DKSR-EFI-06" duration="00:00:00.0013549" startTime="2024-01-09T15:42:19.7945869+01:00" endTime="2024-01-09T15:42:19.7945869+01:00" testType="13cdc9d9-ddb5-4fa4-a97d-d965ccfc6d4b" outcome="Passed" testListId="8c84fa94-04c1-424b-9868-57a2d4851a1d" relativeResultsDirectory="7707b1f2-0ee9-4a5b-bcc5-61ecaaa36301" />
    <UnitTestResult executionId="b409b779-19d2-45b7-97ee-be406fca402a" testId="0b702db0-cebd-ea37-ccd5-e544717e9820" testName="ConnectSuccess_FrameBrowseLayer_Begin_End_PrevSeq_NextSeq" computerName="DKSR-EFI-06" duration="00:00:00.0045249" startTime="2024-01-09T15:42:13.1383261+01:00" endTime="2024-01-09T15:42:13.1539564+01:00" testType="13cdc9d9-ddb5-4fa4-a97d-d965ccfc6d4b" outcome="Passed" testListId="8c84fa94-04c1-424b-9868-57a2d4851a1d" relativeResultsDirectory="b409b779-19d2-45b7-97ee-be406fca402a" />
    <UnitTestResult executionId="99cf2bdd-0879-4a48-84b1-3f0dd66fab5d" testId="cbbcca8f-5271-ca8f-3c1b-e04f325bdc3a" testName="SOAPCommandRequestHandler_ExecuteFunction_HandleOutputActivate_Success" computerName="DKSR-EFI-06" duration="00:00:00.0061696" startTime="2024-01-09T15:42:16.0914558+01:00" endTime="2024-01-09T15:42:16.0914558+01:00" testType="13cdc9d9-ddb5-4fa4-a97d-d965ccfc6d4b" outcome="Passed" testListId="8c84fa94-04c1-424b-9868-57a2d4851a1d" relativeResultsDirectory="99cf2bdd-0879-4a48-84b1-3f0dd66fab5d" />
    <UnitTestResult executionId="7248213b-08be-4b4a-b1ae-a791234b7df2" testId="9f12dcf4-c1e9-36ea-2ed3-335e9dc2808c" testName="DatabaseoperationCommandhandler_FilterTrackIdsToThoseWithoutMediaOnRecorder_AreAllBanksOnline_Second_time_throws_Exception_Causes_DataExists" computerName="DKSR-EFI-06" duration="00:00:00.0013096" startTime="2024-01-09T15:42:31.0914644+01:00" endTime="2024-01-09T15:42:31.0914644+01:00" testType="13cdc9d9-ddb5-4fa4-a97d-d965ccfc6d4b" outcome="Passed" testListId="8c84fa94-04c1-424b-9868-57a2d4851a1d" relativeResultsDirectory="7248213b-08be-4b4a-b1ae-a791234b7df2" />
    <UnitTestResult executionId="9756a10e-fd47-46af-8300-53d1c7fbc4dd" testId="9e7cf0e2-05cc-9bbf-4cfa-e061d3b4f063" testName="PtzManagerDataHolder_UpdateSchema_Success" computerName="DKSR-EFI-06" duration="00:00:00.0006441" startTime="2024-01-09T15:42:37.1540023+01:00" endTime="2024-01-09T15:42:37.1540023+01:00" testType="13cdc9d9-ddb5-4fa4-a97d-d965ccfc6d4b" outcome="Passed" testListId="8c84fa94-04c1-424b-9868-57a2d4851a1d" relativeResultsDirectory="9756a10e-fd47-46af-8300-53d1c7fbc4dd" />
    <UnitTestResult executionId="86476eed-6f52-4dc5-891c-4e0fec545c0a" testId="71fbd216-6c35-f7fe-fc31-6ab9288b50f9" testName="PtzDefaultSession_Constructor_ArgumentNullException" computerName="DKSR-EFI-06" duration="00:00:00.0052823" startTime="2024-01-09T15:42:38.3883858+01:00" endTime="2024-01-09T15:42:38.3883858+01:00" testType="13cdc9d9-ddb5-4fa4-a97d-d965ccfc6d4b" outcome="Passed" testListId="8c84fa94-04c1-424b-9868-57a2d4851a1d" relativeResultsDirectory="86476eed-6f52-4dc5-891c-4e0fec545c0a">
      <Output>
        <StdOut>Debug Trace:&#xD;
Fail: Argument 'ptzController' cannot be null</StdOut>
      </Output>
    </UnitTestResult>
    <UnitTestResult executionId="7f3adcd4-6276-4866-a1e9-3456200228e6" testId="cca44cb6-50da-728d-1825-2c1bdde4cc60" testName="SOAPCommandRequestHandler_ExecuteFunction_HandleSendDriverCommandWithResponse_NoDeviceId" computerName="DKSR-EFI-06" duration="00:00:00.0017233" startTime="2024-01-09T15:42:15.8258334+01:00" endTime="2024-01-09T15:42:15.8258334+01:00" testType="13cdc9d9-ddb5-4fa4-a97d-d965ccfc6d4b" outcome="Passed" testListId="8c84fa94-04c1-424b-9868-57a2d4851a1d" relativeResultsDirectory="7f3adcd4-6276-4866-a1e9-3456200228e6" />
    <UnitTestResult executionId="aa97c3a3-ffcb-43fa-88eb-b1e3abb39ef5" testId="e1b022cb-efe2-86f1-2f32-09da53e0f560" testName="ChangeHardwarePasswordCommandHandler_Execute_ChangePassword_PasswordChangeNoHardwareAccess_Errors" computerName="DKSR-EFI-06" duration="00:00:00.0008454" startTime="2024-01-09T15:42:30.7789659+01:00" endTime="2024-01-09T15:42:30.7789659+01:00" testType="13cdc9d9-ddb5-4fa4-a97d-d965ccfc6d4b" outcome="Passed" testListId="8c84fa94-04c1-424b-9868-57a2d4851a1d" relativeResultsDirectory="aa97c3a3-ffcb-43fa-88eb-b1e3abb39ef5" />
    <UnitTestResult executionId="fe3c930a-eab8-49fb-9cff-0a95cb5386a1" testId="8e6016e5-c20d-de8c-09cf-d31cd025b2ca" testName="DatabaseBankInfo_Sum_ArgumentExceptions" computerName="DKSR-EFI-06" duration="00:00:00.0037191" startTime="2024-01-09T15:42:29.9352142+01:00" endTime="2024-01-09T15:42:29.9508399+01:00" testType="13cdc9d9-ddb5-4fa4-a97d-d965ccfc6d4b" outcome="Passed" testListId="8c84fa94-04c1-424b-9868-57a2d4851a1d" relativeResultsDirectory="fe3c930a-eab8-49fb-9cff-0a95cb5386a1" />
    <UnitTestResult executionId="367ddaef-67d7-4e8d-9d78-f1023cd9c537" testId="d2358cb3-85bc-fda3-2eed-0a2a478d6789" testName="SOAPCommandRequestHandler_ExecuteFunction_HandlePTZMoveHome_No_Security" computerName="DKSR-EFI-06" duration="00:00:00.0012959" startTime="2024-01-09T15:42:16.2789584+01:00" endTime="2024-01-09T15:42:16.2789584+01:00" testType="13cdc9d9-ddb5-4fa4-a97d-d965ccfc6d4b" outcome="Passed" testListId="8c84fa94-04c1-424b-9868-57a2d4851a1d" relativeResultsDirectory="367ddaef-67d7-4e8d-9d78-f1023cd9c537" />
    <UnitTestResult executionId="1fd9fa3f-b124-4c02-bdf9-9af48c687df9" testId="3a2cb439-a124-af6e-0a42-2a8f94271fda" testName="ConnectSuccess_NextSeqTime_BeforeMedia" computerName="DKSR-EFI-06" duration="00:00:00.0024558" startTime="2024-01-09T15:42:13.0290406+01:00" endTime="2024-01-09T15:42:13.0290406+01:00" testType="13cdc9d9-ddb5-4fa4-a97d-d965ccfc6d4b" outcome="Passed" testListId="8c84fa94-04c1-424b-9868-57a2d4851a1d" relativeResultsDirectory="1fd9fa3f-b124-4c02-bdf9-9af48c687df9" />
    <UnitTestResult executionId="6181926a-5cfb-40a2-a2ad-5372744ab16c" testId="2c3b6d43-914d-89f9-d968-9dc41500934d" testName="SOAPCommandRequestHandler_ExecuteFunction_HandleMulticastStop_Success" computerName="DKSR-EFI-06" duration="00:00:00.0029391" startTime="2024-01-09T15:42:15.8102054+01:00" endTime="2024-01-09T15:42:15.8102054+01:00" testType="13cdc9d9-ddb5-4fa4-a97d-d965ccfc6d4b" outcome="Passed" testListId="8c84fa94-04c1-424b-9868-57a2d4851a1d" relativeResultsDirectory="6181926a-5cfb-40a2-a2ad-5372744ab16c" />
    <UnitTestResult executionId="db25a371-6904-43d2-9c0e-0310db858d48" testId="b4898590-9558-754a-1593-f9bac79dc377" testName="MediaDbCache_GetListFileSystemDiskUsage_Timeout" computerName="DKSR-EFI-06" duration="00:00:00.0641346" startTime="2024-01-09T15:42:30.2320900+01:00" endTime="2024-01-09T15:42:30.3102135+01:00" testType="13cdc9d9-ddb5-4fa4-a97d-d965ccfc6d4b" outcome="Passed" testListId="8c84fa94-04c1-424b-9868-57a2d4851a1d" relativeResultsDirectory="db25a371-6904-43d2-9c0e-0310db858d48" />
    <UnitTestResult executionId="82d8f82d-2b3b-4c37-9f45-65f2de5c6a84" testId="df44b949-8854-12d3-3412-44f4d128eff3" testName="EdgeStorageLimitsManagerGetLimitsCleanupAndSameInstance" computerName="DKSR-EFI-06" duration="00:00:00.0025030" startTime="2024-01-09T15:42:19.8883360+01:00" endTime="2024-01-09T15:42:19.8883360+01:00" testType="13cdc9d9-ddb5-4fa4-a97d-d965ccfc6d4b" outcome="Passed" testListId="8c84fa94-04c1-424b-9868-57a2d4851a1d" relativeResultsDirectory="82d8f82d-2b3b-4c37-9f45-65f2de5c6a84" />
    <UnitTestResult executionId="c49e930c-37d1-4d9e-95e4-6f434bca17dc" testId="d68ae15e-13f2-260b-c617-df59a3f061c5" testName="CollectMediaStatusCommandHandler_FindTrackStaus_No_Media_After" computerName="DKSR-EFI-06" duration="00:00:00.0013779" startTime="2024-01-09T15:42:30.9977165+01:00" endTime="2024-01-09T15:42:31.0133405+01:00" testType="13cdc9d9-ddb5-4fa4-a97d-d965ccfc6d4b" outcome="Passed" testListId="8c84fa94-04c1-424b-9868-57a2d4851a1d" relativeResultsDirectory="c49e930c-37d1-4d9e-95e4-6f434bca17dc" />
    <UnitTestResult executionId="e6f0c021-c5f7-4260-9cf9-36d61302fc61" testId="88642b24-ad3e-03e6-0d82-49102fce9375" testName="MediaDbUtil_MultitrackNavigation_Scenario15" computerName="DKSR-EFI-06" duration="00:00:00.2077157" startTime="2024-01-09T15:42:14.6695804+01:00" endTime="2024-01-09T15:42:14.8883292+01:00" testType="13cdc9d9-ddb5-4fa4-a97d-d965ccfc6d4b" outcome="Passed" testListId="8c84fa94-04c1-424b-9868-57a2d4851a1d" relativeResultsDirectory="e6f0c021-c5f7-4260-9cf9-36d61302fc61">
      <Output>
        <StdOut>TestContext Messages:&#xD;
Before&#xD;
Navigation:  " V                                            "&#xD;
Source    :  " 111111111111111111111111111111111111111111111"&#xD;
Unable to move&#xD;
&#xD;
AtOrBefore&#xD;
Navigation:  " V                                            "&#xD;
Source    :  " 111111111111111111111111111111111111111111111"&#xD;
Expected  :  " 1N                                           "&#xD;
Actual    :  " 1N                                           "&#xD;
&#xD;
AtOrAfter&#xD;
Navigation:  " V                                            "&#xD;
Source    :  " 111111111111111111111111111111111111111111111"&#xD;
Expected  :  " 1N                                           "&#xD;
Actual    :  " 1N                                           "&#xD;
&#xD;
After&#xD;
Navigation:  " V                                            "&#xD;
Source    :  " 111111111111111111111111111111111111111111111"&#xD;
Expected  :  " P1N                                          "&#xD;
Actual    :  " P1N                                          "&#xD;
&#xD;
Before&#xD;
Navigation:  "       V                                      "&#xD;
Source    :  " 111111111111111111111111111111111111111111111"&#xD;
Expected  :  "     P1N                                      "&#xD;
Actual    :  "     P1N                                      "&#xD;
&#xD;
AtOrBefore&#xD;
Navigation:  "       V                                      "&#xD;
Source    :  " 111111111111111111111111111111111111111111111"&#xD;
Expected  :  "      P1N                                     "&#xD;
Actual    :  "      P1N                                     "&#xD;
&#xD;
AtOrAfter&#xD;
Navigation:  "       V                                      "&#xD;
Source    :  " 111111111111111111111111111111111111111111111"&#xD;
Expected  :  "      P1N                                     "&#xD;
Actual    :  "      P1N                                     "&#xD;
&#xD;
After&#xD;
Navigation:  "       V                                      "&#xD;
Source    :  " 111111111111111111111111111111111111111111111"&#xD;
Expected  :  "       P1N                                    "&#xD;
Actual    :  "       P1N                                    "&#xD;
&#xD;
Before&#xD;
Navigation:  "           V                                  "&#xD;
Source    :  " 111111111111111111111111111111111111111111111"&#xD;
Expected  :  "         P1N                                  "&#xD;
Actual    :  "         P1N                                  "&#xD;
&#xD;
AtOrBefore&#xD;
Navigation:  "           V                                  "&#xD;
Source    :  " 111111111111111111111111111111111111111111111"&#xD;
Expected  :  "          P1N                                 "&#xD;
Actual    :  "          P1N                                 "&#xD;
&#xD;
AtOrAfter&#xD;
Navigation:  "           V                                  "&#xD;
Source    :  " 111111111111111111111111111111111111111111111"&#xD;
Expected  :  "          P1N                                 "&#xD;
Actual    :  "          P1N                                 "&#xD;
&#xD;
After&#xD;
Navigation:  "           V                                  "&#xD;
Source    :  " 111111111111111111111111111111111111111111111"&#xD;
Expected  :  "           P1N                                "&#xD;
Actual    :  "           P1N                                "&#xD;
&#xD;
Before&#xD;
Navigation:  "              V                               "&#xD;
Source    :  " 111111111111111111111111111111111111111111111"&#xD;
Expected  :  "            P1N                               "&#xD;
Actual    :  "            P1N                               "&#xD;
&#xD;
AtOrBefore&#xD;
Navigation:  "              V                               "&#xD;
Source    :  " 111111111111111111111111111111111111111111111"&#xD;
Expected  :  "             P1N                              "&#xD;
Actual    :  "             P1N                              "&#xD;
&#xD;
AtOrAfter&#xD;
Navigation:  "              V                               "&#xD;
Source    :  " 111111111111111111111111111111111111111111111"&#xD;
Expected  :  "             P1N                              "&#xD;
Actual    :  "             P1N                              "&#xD;
&#xD;
After&#xD;
Navigation:  "              V                               "&#xD;
Source    :  " 111111111111111111111111111111111111111111111"&#xD;
Expected  :  "              P1N                             "&#xD;
Actual    :  "              P1N                             "&#xD;
&#xD;
Before&#xD;
Navigation:  "                  V                           "&#xD;
Source    :  " 111111111111111111111111111111111111111111111"&#xD;
Expected  :  "                P1N                           "&#xD;
Actual    :  "                P1N                           "&#xD;
&#xD;
AtOrBefore&#xD;
Navigation:  "                  V                           "&#xD;
Source    :  " 111111111111111111111111111111111111111111111"&#xD;
Expected  :  "                 P1N                          "&#xD;
Actual    :  "                 P1N                          "&#xD;
&#xD;
AtOrAfter&#xD;
Navigation:  "                  V                           "&#xD;
Source    :  " 111111111111111111111111111111111111111111111"&#xD;
Expected  :  "                 P1N                          "&#xD;
Actual    :  "                 P1N                          "&#xD;
&#xD;
After&#xD;
Navigation:  "                  V                           "&#xD;
Source    :  " 111111111111111111111111111111111111111111111"&#xD;
Expected  :  "                  P1N                         "&#xD;
Actual    :  "                  P1N                         "&#xD;
&#xD;
Before&#xD;
Navigation:  "                   V                          "&#xD;
Source    :  " 111111111111111111111111111111111111111111111"&#xD;
Expected  :  "                 P1N                          "&#xD;
Actual    :  "                 P1N                          "&#xD;
&#xD;
AtOrBefore&#xD;
Navigation:  "                   V                          "&#xD;
Source    :  " 111111111111111111111111111111111111111111111"&#xD;
Expected  :  "                  P1N                         "&#xD;
Actual    :  "                  P1N                         "&#xD;
&#xD;
AtOrAfter&#xD;
Navigation:  "                   V                          "&#xD;
Source    :  " 111111111111111111111111111111111111111111111"&#xD;
Expected  :  "                  P1N                         "&#xD;
Actual    :  "                  P1N                         "&#xD;
&#xD;
After&#xD;
Navigation:  "                   V                          "&#xD;
Source    :  " 111111111111111111111111111111111111111111111"&#xD;
Expected  :  "                   P1N                        "&#xD;
Actual    :  "                   P1N                        "&#xD;
&#xD;
Before&#xD;
Navigation:  "                    V                         "&#xD;
Source    :  " 111111111111111111111111111111111111111111111"&#xD;
Expected  :  "                  P1N                         "&#xD;
Actual    :  "                  P1N                         "&#xD;
&#xD;
AtOrBefore&#xD;
Navigation:  "                    V                         "&#xD;
Source    :  " 111111111111111111111111111111111111111111111"&#xD;
Expected  :  "                   P1N                        "&#xD;
Actual    :  "                   P1N                        "&#xD;
&#xD;
AtOrAfter&#xD;
Navigation:  "                    V                         "&#xD;
Source    :  " 111111111111111111111111111111111111111111111"&#xD;
Expected  :  "                   P1N                        "&#xD;
Actual    :  "                   P1N                        "&#xD;
&#xD;
After&#xD;
Navigation:  "                    V                         "&#xD;
Source    :  " 111111111111111111111111111111111111111111111"&#xD;
Expected  :  "                    P1N                       "&#xD;
Actual    :  "                    P1N                       "&#xD;
&#xD;
Before&#xD;
Navigation:  "                     V                        "&#xD;
Source    :  " 111111111111111111111111111111111111111111111"&#xD;
Expected  :  "                   P1N                        "&#xD;
Actual    :  "                   P1N                        "&#xD;
&#xD;
AtOrBefore&#xD;
Navigation:  "                     V                        "&#xD;
Source    :  " 111111111111111111111111111111111111111111111"&#xD;
Expected  :  "                    P1N                       "&#xD;
Actual    :  "                    P1N                       "&#xD;
&#xD;
AtOrAfter&#xD;
Navigation:  "                     V                        "&#xD;
Source    :  " 111111111111111111111111111111111111111111111"&#xD;
Expected  :  "                    P1N                       "&#xD;
Actual    :  "                    P1N                       "&#xD;
&#xD;
After&#xD;
Navigation:  "                     V                        "&#xD;
Source    :  " 111111111111111111111111111111111111111111111"&#xD;
Expected  :  "                     P1N                      "&#xD;
Actual    :  "                     P1N                      "&#xD;
&#xD;
Before&#xD;
Navigation:  "                          V                   "&#xD;
Source    :  " 111111111111111111111111111111111111111111111"&#xD;
Expected  :  "                        P1N                   "&#xD;
Actual    :  "                        P1N                   "&#xD;
&#xD;
AtOrBefore&#xD;
Navigation:  "                          V                   "&#xD;
Source    :  " 111111111111111111111111111111111111111111111"&#xD;
Expected  :  "                         P1N                  "&#xD;
Actual    :  "                         P1N                  "&#xD;
&#xD;
AtOrAfter&#xD;
Navigation:  "                          V                   "&#xD;
Source    :  " 111111111111111111111111111111111111111111111"&#xD;
Expected  :  "                         P1N                  "&#xD;
Actual    :  "                         P1N                  "&#xD;
&#xD;
After&#xD;
Navigation:  "                          V                   "&#xD;
Source    :  " 111111111111111111111111111111111111111111111"&#xD;
Expected  :  "                          P1N                 "&#xD;
Actual    :  "                          P1N                 "&#xD;
&#xD;
Before&#xD;
Navigation:  "                               V              "&#xD;
Source    :  " 111111111111111111111111111111111111111111111"&#xD;
Expected  :  "                             P1N              "&#xD;
Actual    :  "                             P1N              "&#xD;
&#xD;
AtOrBefore&#xD;
Navigation:  "                               V              "&#xD;
Source    :  " 111111111111111111111111111111111111111111111"&#xD;
Expected  :  "                              P1N             "&#xD;
Actual    :  "                              P1N             "&#xD;
&#xD;
AtOrAfter&#xD;
Navigation:  "                               V              "&#xD;
Source    :  " 111111111111111111111111111111111111111111111"&#xD;
Expected  :  "                              P1N             "&#xD;
Actual    :  "                              P1N             "&#xD;
&#xD;
After&#xD;
Navigation:  "                               V              "&#xD;
Source    :  " 111111111111111111111111111111111111111111111"&#xD;
Expected  :  "                               P1N            "&#xD;
Actual    :  "                               P1N            "&#xD;
&#xD;
Before&#xD;
Navigation:  "                                      V       "&#xD;
Source    :  " 111111111111111111111111111111111111111111111"&#xD;
Expected  :  "                                    P1N       "&#xD;
Actual    :  "                                    P1N       "&#xD;
&#xD;
AtOrBefore&#xD;
Navigation:  "                                      V       "&#xD;
Source    :  " 111111111111111111111111111111111111111111111"&#xD;
Expected  :  "                                     P1N      "&#xD;
Actual    :  "                                     P1N      "&#xD;
&#xD;
AtOrAfter&#xD;
Navigation:  "                                      V       "&#xD;
Source    :  " 111111111111111111111111111111111111111111111"&#xD;
Expected  :  "                                     P1N      "&#xD;
Actual    :  "                                     P1N      "&#xD;
&#xD;
After&#xD;
Navigation:  "                                      V       "&#xD;
Source    :  " 111111111111111111111111111111111111111111111"&#xD;
Expected  :  "                                      P1N     "&#xD;
Actual    :  "                                      P1N     "&#xD;
&#xD;
Before&#xD;
Navigation:  "                                            V "&#xD;
Source    :  " 111111111111111111111111111111111111111111111"&#xD;
Expected  :  "                                          P1N "&#xD;
Actual    :  "                                          P1N "&#xD;
&#xD;
AtOrBefore&#xD;
Navigation:  "                                            V "&#xD;
Source    :  " 111111111111111111111111111111111111111111111"&#xD;
Expected  :  "                                           P1N"&#xD;
Actual    :  "                                           P1N"&#xD;
&#xD;
AtOrAfter&#xD;
Navigation:  "                                            V "&#xD;
Source    :  " 111111111111111111111111111111111111111111111"&#xD;
Expected  :  "                                           P1N"&#xD;
Actual    :  "                                           P1N"&#xD;
&#xD;
After&#xD;
Navigation:  "                                            V "&#xD;
Source    :  " 111111111111111111111111111111111111111111111"&#xD;
Expected  :  "                                            P1"&#xD;
Actual    :  "                                            P1"&#xD;
&#xD;
Before&#xD;
Navigation:  " V                                            "&#xD;
Source    :  " 111111111111111111122222222222222222222222222"&#xD;
Unable to move&#xD;
&#xD;
AtOrBefore&#xD;
Navigation:  " V                                            "&#xD;
Source    :  " 111111111111111111122222222222222222222222222"&#xD;
Expected  :  " 1N                                           "&#xD;
Actual    :  " 1N                                           "&#xD;
&#xD;
AtOrAfter&#xD;
Navigation:  " V                                            "&#xD;
Source    :  " 111111111111111111122222222222222222222222222"&#xD;
Expected  :  " 1N                                           "&#xD;
Actual    :  " 1N                                           "&#xD;
&#xD;
After&#xD;
Navigation:  " V                                            "&#xD;
Source    :  " 111111111111111111122222222222222222222222222"&#xD;
Expected  :  " P1N                                          "&#xD;
Actual    :  " P1N                                          "&#xD;
&#xD;
Before&#xD;
Navigation:  "       V                                      "&#xD;
Source    :  " 111111111111111111122222222222222222222222222"&#xD;
Expected  :  "     P1N                                      "&#xD;
Actual    :  "     P1N                                      "&#xD;
&#xD;
AtOrBefore&#xD;
Navigation:  "       V                                      "&#xD;
Source    :  " 111111111111111111122222222222222222222222222"&#xD;
Expected  :  "      P1N                                     "&#xD;
Actual    :  "      P1N                                     "&#xD;
&#xD;
AtOrAfter&#xD;
Navigation:  "       V                                      "&#xD;
Source    :  " 111111111111111111122222222222222222222222222"&#xD;
Expected  :  "      P1N                                     "&#xD;
Actual    :  "      P1N                                     "&#xD;
&#xD;
After&#xD;
Navigation:  "       V                                      "&#xD;
Source    :  " 111111111111111111122222222222222222222222222"&#xD;
Expected  :  "       P1N                                    "&#xD;
Actual    :  "       P1N                                    "&#xD;
&#xD;
Before&#xD;
Navigation:  "           V                                  "&#xD;
Source    :  " 111111111111111111122222222222222222222222222"&#xD;
Expected  :  "         P1N                                  "&#xD;
Actual    :  "         P1N                                  "&#xD;
&#xD;
AtOrBefore&#xD;
Navigation:  "           V                                  "&#xD;
Source    :  " 111111111111111111122222222222222222222222222"&#xD;
Expected  :  "          P1N                                 "&#xD;
Actual    :  "          P1N                                 "&#xD;
&#xD;
AtOrAfter&#xD;
Navigation:  "           V                                  "&#xD;
Source    :  " 111111111111111111122222222222222222222222222"&#xD;
Expected  :  "          P1N                                 "&#xD;
Actual    :  "          P1N                                 "&#xD;
&#xD;
After&#xD;
Navigation:  "           V                                  "&#xD;
Source    :  " 111111111111111111122222222222222222222222222"&#xD;
Expected  :  "           P1N                                "&#xD;
Actual    :  "           P1N                                "&#xD;
&#xD;
Before&#xD;
Navigation:  "              V                               "&#xD;
Source    :  " 111111111111111111122222222222222222222222222"&#xD;
Expected  :  "            P1N                               "&#xD;
Actual    :  "            P1N                               "&#xD;
&#xD;
AtOrBefore&#xD;
Navigation:  "              V                               "&#xD;
Source    :  " 111111111111111111122222222222222222222222222"&#xD;
Expected  :  "             P1N                              "&#xD;
Actual    :  "             P1N                              "&#xD;
&#xD;
AtOrAfter&#xD;
Navigation:  "              V                               "&#xD;
Source    :  " 111111111111111111122222222222222222222222222"&#xD;
Expected  :  "             P1N                              "&#xD;
Actual    :  "             P1N                              "&#xD;
&#xD;
After&#xD;
Navigation:  "              V                               "&#xD;
Source    :  " 111111111111111111122222222222222222222222222"&#xD;
Expected  :  "              P1N                             "&#xD;
Actual    :  "              P1N                             "&#xD;
&#xD;
Before&#xD;
Navigation:  "                  V                           "&#xD;
Source    :  " 111111111111111111122222222222222222222222222"&#xD;
Expected  :  "                P1N                           "&#xD;
Actual    :  "                P1N                           "&#xD;
&#xD;
AtOrBefore&#xD;
Navigation:  "                  V                           "&#xD;
Source    :  " 111111111111111111122222222222222222222222222"&#xD;
Expected  :  "                 P1N                          "&#xD;
Actual    :  "                 P1N                          "&#xD;
&#xD;
AtOrAfter&#xD;
Navigation:  "                  V                           "&#xD;
Source    :  " 111111111111111111122222222222222222222222222"&#xD;
Expected  :  "                 P1N                          "&#xD;
Actual    :  "                 P1N                          "&#xD;
&#xD;
After&#xD;
Navigation:  "                  V                           "&#xD;
Source    :  " 111111111111111111122222222222222222222222222"&#xD;
Expected  :  "                  P1N                         "&#xD;
Actual    :  "                  P1N                         "&#xD;
&#xD;
Before&#xD;
Navigation:  "                   V                          "&#xD;
Source    :  " 111111111111111111122222222222222222222222222"&#xD;
Expected  :  "                 P1N                          "&#xD;
Actual    :  "                 P1N                          "&#xD;
&#xD;
AtOrBefore&#xD;
Navigation:  "                   V                          "&#xD;
Source    :  " 111111111111111111122222222222222222222222222"&#xD;
Expected  :  "                  P1N                         "&#xD;
Actual    :  "                  P1N                         "&#xD;
&#xD;
AtOrAfter&#xD;
Navigation:  "                   V                          "&#xD;
Source    :  " 111111111111111111122222222222222222222222222"&#xD;
Expected  :  "                  P1N                         "&#xD;
Actual    :  "                  P1N                         "&#xD;
&#xD;
After&#xD;
Navigation:  "                   V                          "&#xD;
Source    :  " 111111111111111111122222222222222222222222222"&#xD;
Expected  :  "                   P2N                        "&#xD;
Actual    :  "                   P2N                        "&#xD;
&#xD;
Before&#xD;
Navigation:  "                    V                         "&#xD;
Source    :  " 111111111111111111122222222222222222222222222"&#xD;
Expected  :  "                  P1N                         "&#xD;
Actual    :  "                  P1N                         "&#xD;
&#xD;
AtOrBefore&#xD;
Navigation:  "                    V                         "&#xD;
Source    :  " 111111111111111111122222222222222222222222222"&#xD;
Expected  :  "                   P2N                        "&#xD;
Actual    :  "                   P2N                        "&#xD;
&#xD;
AtOrAfter&#xD;
Navigation:  "                    V                         "&#xD;
Source    :  " 111111111111111111122222222222222222222222222"&#xD;
Expected  :  "                   P2N                        "&#xD;
Actual    :  "                   P2N                        "&#xD;
&#xD;
After&#xD;
Navigation:  "                    V                         "&#xD;
Source    :  " 111111111111111111122222222222222222222222222"&#xD;
Expected  :  "                    P2N                       "&#xD;
Actual    :  "                    P2N                       "&#xD;
&#xD;
Before&#xD;
Navigation:  "                     V                        "&#xD;
Source    :  " 111111111111111111122222222222222222222222222"&#xD;
Expected  :  "                   P2N                        "&#xD;
Actual    :  "                   P2N                        "&#xD;
&#xD;
AtOrBefore&#xD;
Navigation:  "                     V                        "&#xD;
Source    :  " 111111111111111111122222222222222222222222222"&#xD;
Expected  :  "                    P2N                       "&#xD;
Actual    :  "                    P2N                       "&#xD;
&#xD;
AtOrAfter&#xD;
Navigation:  "                     V                        "&#xD;
Source    :  " 111111111111111111122222222222222222222222222"&#xD;
Expected  :  "                    P2N                       "&#xD;
Actual    :  "                    P2N                       "&#xD;
&#xD;
After&#xD;
Navigation:  "                     V                        "&#xD;
Source    :  " 111111111111111111122222222222222222222222222"&#xD;
Expected  :  "                     P2N                      "&#xD;
Actual    :  "                     P2N                      "&#xD;
&#xD;
Before&#xD;
Navigation:  "                          V                   "&#xD;
Source    :  " 111111111111111111122222222222222222222222222"&#xD;
Expected  :  "                        P2N                   "&#xD;
Actual    :  "                        P2N                   "&#xD;
&#xD;
AtOrBefore&#xD;
Navigation:  "                          V                   "&#xD;
Source    :  " 111111111111111111122222222222222222222222222"&#xD;
Expected  :  "                         P2N                  "&#xD;
Actual    :  "                         P2N                  "&#xD;
&#xD;
AtOrAfter&#xD;
Navigation:  "                          V                   "&#xD;
Source    :  " 111111111111111111122222222222222222222222222"&#xD;
Expected  :  "                         P2N                  "&#xD;
Actual    :  "                         P2N                  "&#xD;
&#xD;
After&#xD;
Navigation:  "                          V                   "&#xD;
Source    :  " 111111111111111111122222222222222222222222222"&#xD;
Expected  :  "                          P2N                 "&#xD;
Actual    :  "                          P2N                 "&#xD;
&#xD;
Before&#xD;
Navigation:  "                               V              "&#xD;
Source    :  " 111111111111111111122222222222222222222222222"&#xD;
Expected  :  "                             P2N              "&#xD;
Actual    :  "                             P2N              "&#xD;
&#xD;
AtOrBefore&#xD;
Navigation:  "                               V              "&#xD;
Source    :  " 111111111111111111122222222222222222222222222"&#xD;
Expected  :  "                              P2N             "&#xD;
Actual    :  "                              P2N             "&#xD;
&#xD;
AtOrAfter&#xD;
Navigation:  "                               V              "&#xD;
Source    :  " 111111111111111111122222222222222222222222222"&#xD;
Expected  :  "                              P2N             "&#xD;
Actual    :  "                              P2N             "&#xD;
&#xD;
After&#xD;
Navigation:  "                               V              "&#xD;
Source    :  " 111111111111111111122222222222222222222222222"&#xD;
Expected  :  "                               P2N            "&#xD;
Actual    :  "                               P2N            "&#xD;
&#xD;
Before&#xD;
Navigation:  "                                      V       "&#xD;
Source    :  " 111111111111111111122222222222222222222222222"&#xD;
Expected  :  "                                    P2N       "&#xD;
Actual    :  "                                    P2N       "&#xD;
&#xD;
AtOrBefore&#xD;
Navigation:  "                                      V       "&#xD;
Source    :  " 111111111111111111122222222222222222222222222"&#xD;
Expected  :  "                                     P2N      "&#xD;
Actual    :  "                                     P2N      "&#xD;
&#xD;
AtOrAfter&#xD;
Navigation:  "                                      V       "&#xD;
Source    :  " 111111111111111111122222222222222222222222222"&#xD;
Expected  :  "                                     P2N      "&#xD;
Actual    :  "                                     P2N      "&#xD;
&#xD;
After&#xD;
Navigation:  "                                      V       "&#xD;
Source    :  " 111111111111111111122222222222222222222222222"&#xD;
Expected  :  "                                      P2N     "&#xD;
Actual    :  "                                      P2N     "&#xD;
&#xD;
Before&#xD;
Navigation:  "                                            V "&#xD;
Source    :  " 111111111111111111122222222222222222222222222"&#xD;
Expected  :  "                                          P2N "&#xD;
Actual    :  "                                          P2N "&#xD;
&#xD;
AtOrBefore&#xD;
Navigation:  "                                            V "&#xD;
Source    :  " 111111111111111111122222222222222222222222222"&#xD;
Expected  :  "                                           P2N"&#xD;
Actual    :  "                                           P2N"&#xD;
&#xD;
AtOrAfter&#xD;
Navigation:  "                                            V "&#xD;
Source    :  " 111111111111111111122222222222222222222222222"&#xD;
Expected  :  "                                           P2N"&#xD;
Actual    :  "                                           P2N"&#xD;
&#xD;
After&#xD;
Navigation:  "                                            V "&#xD;
Source    :  " 111111111111111111122222222222222222222222222"&#xD;
Expected  :  "                                            P2"&#xD;
Actual    :  "                                            P2"</StdOut>
      </Output>
    </UnitTestResult>
    <UnitTestResult executionId="0b0e71f6-ef5a-46d5-864d-5b8e970b9bd0" testId="be0eb634-b279-9225-c95c-0378f64000ea" testName="PtzManager_OnManualSessionStart_Success" computerName="DKSR-EFI-06" duration="00:00:00.0017092" startTime="2024-01-09T15:42:37.9508825+01:00" endTime="2024-01-09T15:42:37.9508825+01:00" testType="13cdc9d9-ddb5-4fa4-a97d-d965ccfc6d4b" outcome="Passed" testListId="8c84fa94-04c1-424b-9868-57a2d4851a1d" relativeResultsDirectory="0b0e71f6-ef5a-46d5-864d-5b8e970b9bd0" />
    <UnitTestResult executionId="44752c1a-390a-4028-b864-3886d4e6e6b8" testId="8dd9db66-980f-8c56-a4d5-214f14280db1" testName="TimeRangeConversionRangeSpansStartAndEndTime" computerName="DKSR-EFI-06" duration="00:00:00.0023073" startTime="2024-01-09T15:42:29.8570902+01:00" endTime="2024-01-09T15:42:29.8570902+01:00" testType="13cdc9d9-ddb5-4fa4-a97d-d965ccfc6d4b" outcome="Passed" testListId="8c84fa94-04c1-424b-9868-57a2d4851a1d" relativeResultsDirectory="44752c1a-390a-4028-b864-3886d4e6e6b8" />
    <UnitTestResult executionId="c7973fbd-0d56-4f0a-b204-d401887ea77a" testId="fcb30f78-9e7b-20ac-7955-48420245bce6" testName="SOAPCommandRequestHandler_ExecuteFunction_HandleMulticastContinue_NoMulticastSessionIds" computerName="DKSR-EFI-06" duration="00:00:00.0022169" startTime="2024-01-09T15:42:15.7789573+01:00" endTime="2024-01-09T15:42:15.7945830+01:00" testType="13cdc9d9-ddb5-4fa4-a97d-d965ccfc6d4b" outcome="Passed" testListId="8c84fa94-04c1-424b-9868-57a2d4851a1d" relativeResultsDirectory="c7973fbd-0d56-4f0a-b204-d401887ea77a" />
    <UnitTestResult executionId="ef07ec31-61e3-4c68-b4d8-6aa01f484ea4" testId="2c35873b-704c-0451-50eb-601e0fe103d9" testName="CollectMediaStatusCommandHandler_Recorder_IsStopping2" computerName="DKSR-EFI-06" duration="00:00:00.0050482" startTime="2024-01-09T15:42:30.9508409+01:00" endTime="2024-01-09T15:42:30.9508409+01:00" testType="13cdc9d9-ddb5-4fa4-a97d-d965ccfc6d4b" outcome="Passed" testListId="8c84fa94-04c1-424b-9868-57a2d4851a1d" relativeResultsDirectory="ef07ec31-61e3-4c68-b4d8-6aa01f484ea4" />
    <UnitTestResult executionId="f9756856-f5c2-4978-b8e3-aa97255ee7d2" testId="deed243a-40fa-2590-126d-6eb4ce652c0d" testName="SmartSearchHandlerBackwardTestLargeSearchInterval" computerName="DKSR-EFI-06" duration="00:00:00.0016017" startTime="2024-01-09T15:42:17.6383350+01:00" endTime="2024-01-09T15:42:17.6383350+01:00" testType="13cdc9d9-ddb5-4fa4-a97d-d965ccfc6d4b" outcome="Passed" testListId="8c84fa94-04c1-424b-9868-57a2d4851a1d" relativeResultsDirectory="f9756856-f5c2-4978-b8e3-aa97255ee7d2" />
    <UnitTestResult executionId="1451e5a4-f054-418b-b20e-3bdd108f1fd0" testId="cb8cc9f7-73db-ceae-9aee-0022baadc1fa" testName="PtzManager_CenterAndZoomToRectangle_NoResolution" computerName="DKSR-EFI-06" duration="00:00:00.0014308" startTime="2024-01-09T15:42:38.2165079+01:00" endTime="2024-01-09T15:42:38.2165079+01:00" testType="13cdc9d9-ddb5-4fa4-a97d-d965ccfc6d4b" outcome="Passed" testListId="8c84fa94-04c1-424b-9868-57a2d4851a1d" relativeResultsDirectory="1451e5a4-f054-418b-b20e-3bdd108f1fd0" />
    <UnitTestResult executionId="36fe3047-c359-4e25-843e-a906c5881ef8" testId="5a4bbf6d-6575-fc29-4105-c0aa9f01f9b3" testName="EdgeStorageLimitsNoTimeLimit" computerName="DKSR-EFI-06" duration="00:00:00.0013437" startTime="2024-01-09T15:42:19.7789619+01:00" endTime="2024-01-09T15:42:19.7789619+01:00" testType="13cdc9d9-ddb5-4fa4-a97d-d965ccfc6d4b" outcome="Passed" testListId="8c84fa94-04c1-424b-9868-57a2d4851a1d" relativeResultsDirectory="36fe3047-c359-4e25-843e-a906c5881ef8" />
    <UnitTestResult executionId="10b2e0d9-2396-49b9-8055-35b91371671f" testId="e248031a-947f-3c71-ea22-491cef2d0c78" testName="PingDeviceCommandHandler_Constructor_NullArg_Throws" computerName="DKSR-EFI-06" duration="00:00:00.0036510" startTime="2024-01-09T15:42:33.6071057+01:00" endTime="2024-01-09T15:42:33.6071057+01:00" testType="13cdc9d9-ddb5-4fa4-a97d-d965ccfc6d4b" outcome="Passed" testListId="8c84fa94-04c1-424b-9868-57a2d4851a1d" relativeResultsDirectory="10b2e0d9-2396-49b9-8055-35b91371671f" />
    <UnitTestResult executionId="d6fa5f28-c340-46c8-9d19-e930f0b2f567" testId="0c6360a7-d9d2-1748-1162-a67f8efb11e8" testName="SOAPCommandRequestHandler_ExecuteFunction_HandleJPEGGetAt_NotAllowed" computerName="DKSR-EFI-06" duration="00:00:00.0022757" startTime="2024-01-09T15:42:16.0289573+01:00" endTime="2024-01-09T15:42:16.0289573+01:00" testType="13cdc9d9-ddb5-4fa4-a97d-d965ccfc6d4b" outcome="Passed" testListId="8c84fa94-04c1-424b-9868-57a2d4851a1d" relativeResultsDirectory="d6fa5f28-c340-46c8-9d19-e930f0b2f567" />
    <UnitTestResult executionId="46f329da-2863-41a8-804d-d413a07784b8" testId="9c45b0c8-12b8-8fcf-083e-1340d17c7f0f" testName="PtzReleaseSessionCommandHandler_Execute_PtzException_DeviceNotFound" computerName="DKSR-EFI-06" duration="00:00:00.0004516" startTime="2024-01-09T15:42:36.2164990+01:00" endTime="2024-01-09T15:42:36.2164990+01:00" testType="13cdc9d9-ddb5-4fa4-a97d-d965ccfc6d4b" outcome="Passed" testListId="8c84fa94-04c1-424b-9868-57a2d4851a1d" relativeResultsDirectory="46f329da-2863-41a8-804d-d413a07784b8" />
    <UnitTestResult executionId="10db46fb-1251-4295-8818-bab88f46a4ed" testId="fe82c807-4832-5e8f-08c7-a4a9914235b0" testName="GetHardwareUsersCommandHandler_Execute_GetUserList_ThrowsMemoryException_Throws" computerName="DKSR-EFI-06" duration="00:00:00.0007921" startTime="2024-01-09T15:42:33.1227330+01:00" endTime="2024-01-09T15:42:33.1227330+01:00" testType="13cdc9d9-ddb5-4fa4-a97d-d965ccfc6d4b" outcome="Passed" testListId="8c84fa94-04c1-424b-9868-57a2d4851a1d" relativeResultsDirectory="10db46fb-1251-4295-8818-bab88f46a4ed" />
    <UnitTestResult executionId="a308006f-2798-4df1-9952-4d98718eeb20" testId="90b402e5-869a-fa3b-54b9-c773a3203aaf" testName="SOAPCommandRequestHandler_Constructor_ArgumentNullException" computerName="DKSR-EFI-06" duration="00:00:00.0011598" startTime="2024-01-09T15:42:15.9821008+01:00" endTime="2024-01-09T15:42:15.9977074+01:00" testType="13cdc9d9-ddb5-4fa4-a97d-d965ccfc6d4b" outcome="Passed" testListId="8c84fa94-04c1-424b-9868-57a2d4851a1d" relativeResultsDirectory="a308006f-2798-4df1-9952-4d98718eeb20" />
    <UnitTestResult executionId="479cfc3b-f906-4df2-8757-4574cb2fcef3" testId="b3d637c9-653b-29f4-ad27-bed26a092caa" testName="EdgeStorageLimitsManagerGetLimits" computerName="DKSR-EFI-06" duration="00:00:00.0015060" startTime="2024-01-09T15:42:19.8727098+01:00" endTime="2024-01-09T15:42:19.8727098+01:00" testType="13cdc9d9-ddb5-4fa4-a97d-d965ccfc6d4b" outcome="Passed" testListId="8c84fa94-04c1-424b-9868-57a2d4851a1d" relativeResultsDirectory="479cfc3b-f906-4df2-8757-4574cb2fcef3" />
    <UnitTestResult executionId="666b01c3-3701-45af-836d-37c0e20d0dea" testId="fccc0809-24fd-4457-0396-3bd06e83443b" testName="ConnectSuccess_PrevSeqTime_BeforeMedia" computerName="DKSR-EFI-06" duration="00:00:00.0027230" startTime="2024-01-09T15:42:13.0602028+01:00" endTime="2024-01-09T15:42:13.0602028+01:00" testType="13cdc9d9-ddb5-4fa4-a97d-d965ccfc6d4b" outcome="Passed" testListId="8c84fa94-04c1-424b-9868-57a2d4851a1d" relativeResultsDirectory="666b01c3-3701-45af-836d-37c0e20d0dea" />
    <UnitTestResult executionId="5037da2f-ffde-4867-a7ea-abace59bd93f" testId="5357c825-e1ff-1bda-e30c-2434dff3dea0" testName="GetHardwareUsersCommandHandler_Execute_HardwareBlocked_Errors" computerName="DKSR-EFI-06" duration="00:00:00.0011084" startTime="2024-01-09T15:42:33.1071044+01:00" endTime="2024-01-09T15:42:33.1071044+01:00" testType="13cdc9d9-ddb5-4fa4-a97d-d965ccfc6d4b" outcome="Passed" testListId="8c84fa94-04c1-424b-9868-57a2d4851a1d" relativeResultsDirectory="5037da2f-ffde-4867-a7ea-abace59bd93f" />
    <UnitTestResult executionId="4b3e4e7c-0e55-4a3e-8af0-a379f6ccd585" testId="2614e9c9-d868-e53f-d1f7-c14b411ec857" testName="SOAPCommandRequestHandler_ExecuteFunction_HandleMulticastStart_Client_Cant_Handle_PrivacyMask" computerName="DKSR-EFI-06" duration="00:00:00.0034442" startTime="2024-01-09T15:42:15.7633332+01:00" endTime="2024-01-09T15:42:15.7789573+01:00" testType="13cdc9d9-ddb5-4fa4-a97d-d965ccfc6d4b" outcome="Passed" testListId="8c84fa94-04c1-424b-9868-57a2d4851a1d" relativeResultsDirectory="4b3e4e7c-0e55-4a3e-8af0-a379f6ccd585" />
    <UnitTestResult executionId="de1a8ee6-0919-43a6-a3c2-178dc25e3c81" testId="fee07be3-891e-3721-28cf-6d8aeebec76b" testName="GetNetworkConfigurationCommandHandler_Execute_HardwareNotStarted_Errors" computerName="DKSR-EFI-06" duration="00:00:00.0007101" startTime="2024-01-09T15:42:33.2164788+01:00" endTime="2024-01-09T15:42:33.2164788+01:00" testType="13cdc9d9-ddb5-4fa4-a97d-d965ccfc6d4b" outcome="Passed" testListId="8c84fa94-04c1-424b-9868-57a2d4851a1d" relativeResultsDirectory="de1a8ee6-0919-43a6-a3c2-178dc25e3c81" />
    <UnitTestResult executionId="96026e71-cc43-4adc-bae4-d3421ba7d334" testId="92207852-7a2a-2c81-f989-bbdf5da00a26" testName="SOAPCommandRequestHandler_ExecuteFunction_HandleTimeLineInformationGet_NoTimeLineInformationBeginTime" computerName="DKSR-EFI-06" duration="00:00:00.0009869" startTime="2024-01-09T15:42:15.6383304+01:00" endTime="2024-01-09T15:42:15.6383304+01:00" testType="13cdc9d9-ddb5-4fa4-a97d-d965ccfc6d4b" outcome="Passed" testListId="8c84fa94-04c1-424b-9868-57a2d4851a1d" relativeResultsDirectory="96026e71-cc43-4adc-bae4-d3421ba7d334" />
    <UnitTestResult executionId="7bb25013-ebf9-4614-a04c-841f602c03ef" testId="4636b9dc-c357-c362-b966-78bb4d5fdfce" testName="PrepareMoveHardwareCommandHandler_Execute_StorageOffline_ErrorResponse" computerName="DKSR-EFI-06" duration="00:00:00.0021508" startTime="2024-01-09T15:42:36.1696228+01:00" endTime="2024-01-09T15:42:36.1852486+01:00" testType="13cdc9d9-ddb5-4fa4-a97d-d965ccfc6d4b" outcome="Passed" testListId="8c84fa94-04c1-424b-9868-57a2d4851a1d" relativeResultsDirectory="7bb25013-ebf9-4614-a04c-841f602c03ef" />
    <UnitTestResult executionId="02d04d7e-34af-406d-9248-884f2447766a" testId="d8099ce0-3d7b-3f16-2d50-6618d96e18aa" testName="RecordingStorageDeviceLinkEntries_Add_Null_Throws_ArgumentNullException" computerName="DKSR-EFI-06" duration="00:00:00.0518923" startTime="2024-01-09T15:42:01.7007862+01:00" endTime="2024-01-09T15:42:01.7476639+01:00" testType="13cdc9d9-ddb5-4fa4-a97d-d965ccfc6d4b" outcome="Passed" testListId="8c84fa94-04c1-424b-9868-57a2d4851a1d" relativeResultsDirectory="02d04d7e-34af-406d-9248-884f2447766a">
      <Output>
        <StdOut>Debug Trace:&#xD;
Fail: Argument null</StdOut>
      </Output>
    </UnitTestResult>
    <UnitTestResult executionId="8534b9b8-a1a8-4ba2-a4aa-31549e606d77" testId="76cad13e-0f94-4302-bc65-6fe3c2606f4a" testName="PtzReleaseSessionCommandHandler_Execute_DriverPtzException" computerName="DKSR-EFI-06" duration="00:00:00.0005574" startTime="2024-01-09T15:42:36.2164990+01:00" endTime="2024-01-09T15:42:36.2164990+01:00" testType="13cdc9d9-ddb5-4fa4-a97d-d965ccfc6d4b" outcome="Passed" testListId="8c84fa94-04c1-424b-9868-57a2d4851a1d" relativeResultsDirectory="8534b9b8-a1a8-4ba2-a4aa-31549e606d77" />
    <UnitTestResult executionId="ad2fb737-1f22-4586-ad6d-fb6439e9fdf8" testId="a8699a4b-e765-863a-8e71-377c6c94430b" testName="ConnectSuccess_NextSeqTime_AfterMedia" computerName="DKSR-EFI-06" duration="00:00:00.0025695" startTime="2024-01-09T15:42:13.0290406+01:00" endTime="2024-01-09T15:42:13.0290406+01:00" testType="13cdc9d9-ddb5-4fa4-a97d-d965ccfc6d4b" outcome="Passed" testListId="8c84fa94-04c1-424b-9868-57a2d4851a1d" relativeResultsDirectory="ad2fb737-1f22-4586-ad6d-fb6439e9fdf8" />
    <UnitTestResult executionId="0bae3828-c3d6-4a47-afda-8a60214c5cdc" testId="f110d9a1-abdf-4b7f-90db-314822533b9b" testName="ReapplyHardwareSettingsManager_UpdateConfigurationFromDiffGram_TimeNowBeforTriger_Success" computerName="DKSR-EFI-06" duration="00:00:00.0105191" startTime="2024-01-09T15:42:01.5914135+01:00" endTime="2024-01-09T15:42:01.6070375+01:00" testType="13cdc9d9-ddb5-4fa4-a97d-d965ccfc6d4b" outcome="Passed" testListId="8c84fa94-04c1-424b-9868-57a2d4851a1d" relativeResultsDirectory="0bae3828-c3d6-4a47-afda-8a60214c5cdc" />
    <UnitTestResult executionId="f10976ce-be75-43e0-9375-7b2bb98b0af2" testId="2222c258-547d-11cd-1386-8c48696d41ad" testName="SOAPCommandRequestHandler_ExecuteFunction_HandleSmartSearchStart_NoSearchMaskSizeWidth" computerName="DKSR-EFI-06" duration="00:00:00.0013666" startTime="2024-01-09T15:42:15.5602067+01:00" endTime="2024-01-09T15:42:15.5602067+01:00" testType="13cdc9d9-ddb5-4fa4-a97d-d965ccfc6d4b" outcome="Passed" testListId="8c84fa94-04c1-424b-9868-57a2d4851a1d" relativeResultsDirectory="f10976ce-be75-43e0-9375-7b2bb98b0af2" />
    <UnitTestResult executionId="664be80d-65cd-48ef-b034-05b1f4114d93" testId="0ca2bb88-f51e-6212-60c1-db4f837b05e7" testName="PingStart_TimeSpanMax_ArgumentOutOfRangeException" computerName="DKSR-EFI-06" duration="00:00:00.0005796" startTime="2024-01-09T15:42:02.3882944+01:00" endTime="2024-01-09T15:42:02.3882944+01:00" testType="13cdc9d9-ddb5-4fa4-a97d-d965ccfc6d4b" outcome="Passed" testListId="8c84fa94-04c1-424b-9868-57a2d4851a1d" relativeResultsDirectory="664be80d-65cd-48ef-b034-05b1f4114d93" />
    <UnitTestResult executionId="2fb3c5ba-ec91-4657-9bcb-cda6c53100d9" testId="3e6cf1be-b217-81c9-3037-1ebd5891d541" testName="AudioPlayerOnSpeaker_PlayUsingCurrentThread_ReservationRejected" computerName="DKSR-EFI-06" duration="00:00:00.0008231" startTime="2024-01-09T15:42:38.7633832+01:00" endTime="2024-01-09T15:42:38.7633832+01:00" testType="13cdc9d9-ddb5-4fa4-a97d-d965ccfc6d4b" outcome="Passed" testListId="8c84fa94-04c1-424b-9868-57a2d4851a1d" relativeResultsDirectory="2fb3c5ba-ec91-4657-9bcb-cda6c53100d9" />
    <UnitTestResult executionId="35b437d3-03a8-43eb-8b96-6f63ef856462" testId="6c6a5b51-c931-7315-893f-b5965b12afd9" testName="SOAPCommandRequestHandler_ExecuteFunction_HandleSmartSearchStart_NoIgnoreInitialMotion" computerName="DKSR-EFI-06" duration="00:00:00.0012960" startTime="2024-01-09T15:42:15.5914592+01:00" endTime="2024-01-09T15:42:15.5914592+01:00" testType="13cdc9d9-ddb5-4fa4-a97d-d965ccfc6d4b" outcome="Passed" testListId="8c84fa94-04c1-424b-9868-57a2d4851a1d" relativeResultsDirectory="35b437d3-03a8-43eb-8b96-6f63ef856462" />
    <UnitTestResult executionId="7468bdc2-b4d9-4517-8331-b38ac723e47d" testId="19142c5a-2ebe-abda-bc7d-b185f6756200" testName="SmartSearchHandlerBackwardTestDataWithMotionRecordingSequenceChanging" computerName="DKSR-EFI-06" duration="00:00:00.0009756" startTime="2024-01-09T15:42:17.6852095+01:00" endTime="2024-01-09T15:42:17.6852095+01:00" testType="13cdc9d9-ddb5-4fa4-a97d-d965ccfc6d4b" outcome="Passed" testListId="8c84fa94-04c1-424b-9868-57a2d4851a1d" relativeResultsDirectory="7468bdc2-b4d9-4517-8331-b38ac723e47d" />
    <UnitTestResult executionId="e50900ad-ff47-46d0-a925-2cdc01788e1d" testId="b9ee8f06-b1e0-e65c-8d48-797b8570245b" testName="SetNetworkConfigurationCommandHandler_Execute_SunnyDay_IPv4" computerName="DKSR-EFI-06" duration="00:00:00.0071309" startTime="2024-01-09T15:42:36.9040007+01:00" endTime="2024-01-09T15:42:36.9196246+01:00" testType="13cdc9d9-ddb5-4fa4-a97d-d965ccfc6d4b" outcome="Passed" testListId="8c84fa94-04c1-424b-9868-57a2d4851a1d" relativeResultsDirectory="e50900ad-ff47-46d0-a925-2cdc01788e1d" />
    <UnitTestResult executionId="25a5de8d-4b91-42c1-af44-9089b43e8e27" testId="33c3da15-4339-4eb0-c449-c5584b41ca07" testName="ExecuteFunction_GetRecordingStorageStatus_Success" computerName="DKSR-EFI-06" duration="00:00:00.0400651" startTime="2024-01-09T15:42:16.5914593+01:00" endTime="2024-01-09T15:42:16.6227081+01:00" testType="13cdc9d9-ddb5-4fa4-a97d-d965ccfc6d4b" outcome="Passed" testListId="8c84fa94-04c1-424b-9868-57a2d4851a1d" relativeResultsDirectory="25a5de8d-4b91-42c1-af44-9089b43e8e27" />
    <UnitTestResult executionId="caad246b-1728-4b90-be57-fb841e3b09d0" testId="1a9dd7fc-481b-b0bd-b784-100180cbed88" testName="PtzManager_UpdateConfigurationFromDiffGram_Modify_Success" computerName="DKSR-EFI-06" duration="00:00:00.0078721" startTime="2024-01-09T15:42:38.0602562+01:00" endTime="2024-01-09T15:42:38.0758827+01:00" testType="13cdc9d9-ddb5-4fa4-a97d-d965ccfc6d4b" outcome="Passed" testListId="8c84fa94-04c1-424b-9868-57a2d4851a1d" relativeResultsDirectory="caad246b-1728-4b90-be57-fb841e3b09d0" />
    <UnitTestResult executionId="cd191909-a739-440a-af80-d4c91245eb8b" testId="4a09613f-8407-92a0-3366-7fd92d6f1deb" testName="ManualPtzPatrollingSessionBase_InternalStopAndMoveToEndPosition_DeviceNotStarted" computerName="DKSR-EFI-06" duration="00:00:00.0011567" startTime="2024-01-09T15:42:38.5290102+01:00" endTime="2024-01-09T15:42:38.5290102+01:00" testType="13cdc9d9-ddb5-4fa4-a97d-d965ccfc6d4b" outcome="Passed" testListId="8c84fa94-04c1-424b-9868-57a2d4851a1d" relativeResultsDirectory="cd191909-a739-440a-af80-d4c91245eb8b">
      <Output>
        <StdOut>Debug Trace:&#xD;
VideoOS.Recorder.PtzManualPatrollingSession session started</StdOut>
      </Output>
    </UnitTestResult>
    <UnitTestResult executionId="d377e1ee-c208-4d41-bff3-892538ca13f5" testId="e3b7fc32-a560-5bdd-6655-6824470449c4" testName="SOAPCommandRequestHandler_ExecuteFunction_HandlePTZMoveStart_NoDeviceId" computerName="DKSR-EFI-06" duration="00:00:00.0013083" startTime="2024-01-09T15:42:16.3102070+01:00" endTime="2024-01-09T15:42:16.3102070+01:00" testType="13cdc9d9-ddb5-4fa4-a97d-d965ccfc6d4b" outcome="Passed" testListId="8c84fa94-04c1-424b-9868-57a2d4851a1d" relativeResultsDirectory="d377e1ee-c208-4d41-bff3-892538ca13f5" />
    <UnitTestResult executionId="1b5bdfe2-8a66-483f-b8b2-299fd696e84a" testId="a8285c5a-ff5d-0ef5-7bbd-59de8473e545" testName="SOAPCommandRequestHandler_ExecuteFunction_HandleSmartSearchStart_NoResultMotionMaskSizeHeight" computerName="DKSR-EFI-06" duration="00:00:00.0012660" startTime="2024-01-09T15:42:15.6070826+01:00" endTime="2024-01-09T15:42:15.6070826+01:00" testType="13cdc9d9-ddb5-4fa4-a97d-d965ccfc6d4b" outcome="Passed" testListId="8c84fa94-04c1-424b-9868-57a2d4851a1d" relativeResultsDirectory="1b5bdfe2-8a66-483f-b8b2-299fd696e84a" />
    <UnitTestResult executionId="63f0db42-c410-44f7-acdb-fe37f22769f2" testId="58c0e627-0e7a-25f9-e33a-982a27d9ab27" testName="HandleRequest_Json_WrongPath_404NotFound" computerName="DKSR-EFI-06" duration="00:00:00.2041924" startTime="2024-01-09T15:42:02.8570434+01:00" endTime="2024-01-09T15:42:03.0601673+01:00" testType="13cdc9d9-ddb5-4fa4-a97d-d965ccfc6d4b" outcome="Passed" testListId="8c84fa94-04c1-424b-9868-57a2d4851a1d" relativeResultsDirectory="63f0db42-c410-44f7-acdb-fe37f22769f2" />
    <UnitTestResult executionId="efc76200-afa1-4a9f-9e2b-4c415c10a5d5" testId="99d05a64-eea6-24d1-334b-953a675eddcb" testName="PtzManagerDataHolder_GetPtzDevice_No_Device" computerName="DKSR-EFI-06" duration="00:00:00.0013063" startTime="2024-01-09T15:42:37.1227501+01:00" endTime="2024-01-09T15:42:37.1227501+01:00" testType="13cdc9d9-ddb5-4fa4-a97d-d965ccfc6d4b" outcome="Passed" testListId="8c84fa94-04c1-424b-9868-57a2d4851a1d" relativeResultsDirectory="efc76200-afa1-4a9f-9e2b-4c415c10a5d5" />
    <UnitTestResult executionId="1e598ef8-6812-44ee-aa47-d6007ebe9759" testId="9337bcc5-81b9-8228-a77c-c5ba3389419b" testName="SetRecordingOnOffCameraOneLink" computerName="DKSR-EFI-06" duration="00:00:00.0016269" startTime="2024-01-09T15:42:19.1539609+01:00" endTime="2024-01-09T15:42:19.1695863+01:00" testType="13cdc9d9-ddb5-4fa4-a97d-d965ccfc6d4b" outcome="Passed" testListId="8c84fa94-04c1-424b-9868-57a2d4851a1d" relativeResultsDirectory="1e598ef8-6812-44ee-aa47-d6007ebe9759" />
    <UnitTestResult executionId="d96949c2-c247-492d-b888-1062d2923358" testId="36574876-c75c-9c2c-f63f-a33b2e08bafe" testName="SOAPCommandRequestHandler_ExecuteFunction_HandlePTZCenter_Width_Not_Double" computerName="DKSR-EFI-06" duration="00:00:00.0013567" startTime="2024-01-09T15:42:16.1695846+01:00" endTime="2024-01-09T15:42:16.1695846+01:00" testType="13cdc9d9-ddb5-4fa4-a97d-d965ccfc6d4b" outcome="Passed" testListId="8c84fa94-04c1-424b-9868-57a2d4851a1d" relativeResultsDirectory="d96949c2-c247-492d-b888-1062d2923358" />
    <UnitTestResult executionId="d39dbd3b-5433-4533-84e2-7b77d4ccbff0" testId="eb493014-02a6-da2e-58d7-31f2c81c0ad3" testName="DatabaseoperationCommandhandler_VerifyStorageAndArchiveOnline_DeviceStorage_Offline" computerName="DKSR-EFI-06" duration="00:00:00.0006867" startTime="2024-01-09T15:42:31.1695896+01:00" endTime="2024-01-09T15:42:31.1695896+01:00" testType="13cdc9d9-ddb5-4fa4-a97d-d965ccfc6d4b" outcome="Passed" testListId="8c84fa94-04c1-424b-9868-57a2d4851a1d" relativeResultsDirectory="d39dbd3b-5433-4533-84e2-7b77d4ccbff0" />
    <UnitTestResult executionId="888803c3-3589-43ae-8308-8711cb8316e3" testId="aedfea85-8ba6-03d1-82b1-2f7825267932" testName="IsInRange_ShouldReturnFalse_WhenAddressBiggerThanEnd" computerName="DKSR-EFI-06" duration="00:00:00.0001233" startTime="2024-01-09T15:42:29.7945904+01:00" endTime="2024-01-09T15:42:29.7945904+01:00" testType="13cdc9d9-ddb5-4fa4-a97d-d965ccfc6d4b" outcome="Passed" testListId="8c84fa94-04c1-424b-9868-57a2d4851a1d" relativeResultsDirectory="888803c3-3589-43ae-8308-8711cb8316e3" />
    <UnitTestResult executionId="34ecfe53-d98a-47f8-a13c-4c7e71c81c59" testId="08c2d5c1-c372-09e8-b62e-a390bc297e98" testName="FailoverMediaMover_MoveMediaDataHere_Storage_Offline_2nd_Time_Tables_Not_Touched" computerName="DKSR-EFI-06" duration="00:00:00.0072201" startTime="2024-01-09T15:42:01.3101597+01:00" endTime="2024-01-09T15:42:01.3257836+01:00" testType="13cdc9d9-ddb5-4fa4-a97d-d965ccfc6d4b" outcome="Passed" testListId="8c84fa94-04c1-424b-9868-57a2d4851a1d" relativeResultsDirectory="34ecfe53-d98a-47f8-a13c-4c7e71c81c59" />
    <UnitTestResult executionId="14bd068b-4624-4a17-bc9d-974028fb18c5" testId="8fa4b3e3-03f0-b4e5-5ef6-2270848dbaea" testName="PtzManagerDataHolder_GetSchema_Not_Found" computerName="DKSR-EFI-06" duration="00:00:00.0007704" startTime="2024-01-09T15:42:37.1383775+01:00" endTime="2024-01-09T15:42:37.1383775+01:00" testType="13cdc9d9-ddb5-4fa4-a97d-d965ccfc6d4b" outcome="Passed" testListId="8c84fa94-04c1-424b-9868-57a2d4851a1d" relativeResultsDirectory="14bd068b-4624-4a17-bc9d-974028fb18c5" />
    <UnitTestResult executionId="cdfc76f8-3564-4320-b63f-d628c6c98cb6" testId="d8cc969b-8c37-2fc3-817c-e2862bba2c1b" testName="SetNetworkConfigurationCommandHandler_Execute_GetNetworkConfiguration_ThrowsNetworkSettingsManagementUnsupported_Errors" computerName="DKSR-EFI-06" duration="00:00:00.0008514" startTime="2024-01-09T15:42:36.9352976+01:00" endTime="2024-01-09T15:42:36.9352976+01:00" testType="13cdc9d9-ddb5-4fa4-a97d-d965ccfc6d4b" outcome="Passed" testListId="8c84fa94-04c1-424b-9868-57a2d4851a1d" relativeResultsDirectory="cdfc76f8-3564-4320-b63f-d628c6c98cb6" />
    <UnitTestResult executionId="a7dea69b-59ad-4d6e-a90b-12ec4043aa73" testId="e5acffa5-6e81-ead9-c8fe-656902a2823b" testName="SOAPCommandRequestHandler_ExecuteFunction_HandleOutputActivate_NoSecurity" computerName="DKSR-EFI-06" duration="00:00:00.0007704" startTime="2024-01-09T15:42:16.0914558+01:00" endTime="2024-01-09T15:42:16.0914558+01:00" testType="13cdc9d9-ddb5-4fa4-a97d-d965ccfc6d4b" outcome="Passed" testListId="8c84fa94-04c1-424b-9868-57a2d4851a1d" relativeResultsDirectory="a7dea69b-59ad-4d6e-a90b-12ec4043aa73" />
    <UnitTestResult executionId="7818adc8-3045-49b4-9c23-e264fc61177b" testId="1c390b69-528a-eb14-787e-865cd81aa589" testName="SOAPCommandRequestHandler_ExecuteFunction_HandlePresetMoveTo_NoDeviceId" computerName="DKSR-EFI-06" duration="00:00:00.0016885" startTime="2024-01-09T15:42:16.4196270+01:00" endTime="2024-01-09T15:42:16.4352076+01:00" testType="13cdc9d9-ddb5-4fa4-a97d-d965ccfc6d4b" outcome="Passed" testListId="8c84fa94-04c1-424b-9868-57a2d4851a1d" relativeResultsDirectory="7818adc8-3045-49b4-9c23-e264fc61177b" />
    <UnitTestResult executionId="942ffae9-b1b7-43bf-affa-73e4a0ae9960" testId="039b2053-9696-e2fc-b7cf-94be9b051e58" testName="MediaDbUtil_MultitrackNavigation_Scenario04" computerName="DKSR-EFI-06" duration="00:00:00.0314944" startTime="2024-01-09T15:42:14.1227058+01:00" endTime="2024-01-09T15:42:14.1539549+01:00" testType="13cdc9d9-ddb5-4fa4-a97d-d965ccfc6d4b" outcome="Passed" testListId="8c84fa94-04c1-424b-9868-57a2d4851a1d" relativeResultsDirectory="942ffae9-b1b7-43bf-affa-73e4a0ae9960">
      <Output>
        <StdOut>TestContext Messages:&#xD;
Before&#xD;
Navigation:  "  V                                     "&#xD;
Source    :  "1----1-----1-----1----1-----            "&#xD;
Unable to move&#xD;
&#xD;
AtOrBefore&#xD;
Navigation:  "  V                                     "&#xD;
Source    :  "1----1-----1-----1----1-----            "&#xD;
Expected  :  "1----N                                  "&#xD;
Actual    :  "1----N                                  "&#xD;
&#xD;
AtOrAfter&#xD;
Navigation:  "  V                                     "&#xD;
Source    :  "1----1-----1-----1----1-----            "&#xD;
Expected  :  "1----N                                  "&#xD;
Actual    :  "1----N                                  "&#xD;
&#xD;
After&#xD;
Navigation:  "  V                                     "&#xD;
Source    :  "1----1-----1-----1----1-----            "&#xD;
Expected  :  "P    1-----N                            "&#xD;
Actual    :  "P    1-----N                            "&#xD;
&#xD;
Before&#xD;
Navigation:  "       V                                "&#xD;
Source    :  "1----1-----1-----1----1-----            "&#xD;
Expected  :  "1----N                                  "&#xD;
Actual    :  "1----N                                  "&#xD;
&#xD;
AtOrBefore&#xD;
Navigation:  "       V                                "&#xD;
Source    :  "1----1-----1-----1----1-----            "&#xD;
Expected  :  "P    1-----N                            "&#xD;
Actual    :  "P    1-----N                            "&#xD;
&#xD;
AtOrAfter&#xD;
Navigation:  "       V                                "&#xD;
Source    :  "1----1-----1-----1----1-----            "&#xD;
Expected  :  "P    1-----N                            "&#xD;
Actual    :  "P    1-----N                            "&#xD;
&#xD;
After&#xD;
Navigation:  "       V                                "&#xD;
Source    :  "1----1-----1-----1----1-----            "&#xD;
Expected  :  "     P     1-----N                      "&#xD;
Actual    :  "     P     1-----N                      "&#xD;
&#xD;
Before&#xD;
Navigation:  "            V                           "&#xD;
Source    :  "1----1-----1-----1----1-----            "&#xD;
Expected  :  "P    1-----N                            "&#xD;
Actual    :  "P    1-----N                            "&#xD;
&#xD;
AtOrBefore&#xD;
Navigation:  "            V                           "&#xD;
Source    :  "1----1-----1-----1----1-----            "&#xD;
Expected  :  "     P     1-----N                      "&#xD;
Actual    :  "     P     1-----N                      "&#xD;
&#xD;
AtOrAfter&#xD;
Navigation:  "            V                           "&#xD;
Source    :  "1----1-----1-----1----1-----            "&#xD;
Expected  :  "     P     1-----N                      "&#xD;
Actual    :  "     P     1-----N                      "&#xD;
&#xD;
After&#xD;
Navigation:  "            V                           "&#xD;
Source    :  "1----1-----1-----1----1-----            "&#xD;
Expected  :  "           P     1----N                 "&#xD;
Actual    :  "           P     1----N                 "&#xD;
&#xD;
Before&#xD;
Navigation:  "              V                         "&#xD;
Source    :  "1----1-----1-----1----1-----            "&#xD;
Expected  :  "P    1-----N                            "&#xD;
Actual    :  "P    1-----N                            "&#xD;
&#xD;
AtOrBefore&#xD;
Navigation:  "              V                         "&#xD;
Source    :  "1----1-----1-----1----1-----            "&#xD;
Expected  :  "     P     1-----N                      "&#xD;
Actual    :  "     P     1-----N                      "&#xD;
&#xD;
AtOrAfter&#xD;
Navigation:  "              V                         "&#xD;
Source    :  "1----1-----1-----1----1-----            "&#xD;
Expected  :  "     P     1-----N                      "&#xD;
Actual    :  "     P     1-----N                      "&#xD;
&#xD;
After&#xD;
Navigation:  "              V                         "&#xD;
Source    :  "1----1-----1-----1----1-----            "&#xD;
Expected  :  "           P     1----N                 "&#xD;
Actual    :  "           P     1----N                 "&#xD;
&#xD;
Before&#xD;
Navigation:  "                V                       "&#xD;
Source    :  "1----1-----1-----1----1-----            "&#xD;
Expected  :  "P    1-----N                            "&#xD;
Actual    :  "P    1-----N                            "&#xD;
&#xD;
AtOrBefore&#xD;
Navigation:  "                V                       "&#xD;
Source    :  "1----1-----1-----1----1-----            "&#xD;
Expected  :  "     P     1-----N                      "&#xD;
Actual    :  "     P     1-----N                      "&#xD;
&#xD;
AtOrAfter&#xD;
Navigation:  "                V                       "&#xD;
Source    :  "1----1-----1-----1----1-----            "&#xD;
Expected  :  "     P     1-----N                      "&#xD;
Actual    :  "     P     1-----N                      "&#xD;
&#xD;
After&#xD;
Navigation:  "                V                       "&#xD;
Source    :  "1----1-----1-----1----1-----            "&#xD;
Expected  :  "           P     1----N                 "&#xD;
Actual    :  "           P     1----N                 "&#xD;
&#xD;
Before&#xD;
Navigation:  "                   V                    "&#xD;
Source    :  "1----1-----1-----1----1-----            "&#xD;
Expected  :  "     P     1-----N                      "&#xD;
Actual    :  "     P     1-----N                      "&#xD;
&#xD;
AtOrBefore&#xD;
Navigation:  "                   V                    "&#xD;
Source    :  "1----1-----1-----1----1-----            "&#xD;
Expected  :  "           P     1----N                 "&#xD;
Actual    :  "           P     1----N                 "&#xD;
&#xD;
AtOrAfter&#xD;
Navigation:  "                   V                    "&#xD;
Source    :  "1----1-----1-----1----1-----            "&#xD;
Expected  :  "           P     1----N                 "&#xD;
Actual    :  "           P     1----N                 "&#xD;
&#xD;
After&#xD;
Navigation:  "                   V                    "&#xD;
Source    :  "1----1-----1-----1----1-----            "&#xD;
Expected  :  "                 P    1-----            "&#xD;
Actual    :  "                 P    1-----            "&#xD;
&#xD;
Before&#xD;
Navigation:  "                       V                "&#xD;
Source    :  "1----1-----1-----1----1-----            "&#xD;
Expected  :  "           P     1----N                 "&#xD;
Actual    :  "           P     1----N                 "&#xD;
&#xD;
AtOrBefore&#xD;
Navigation:  "                       V                "&#xD;
Source    :  "1----1-----1-----1----1-----            "&#xD;
Expected  :  "                 P    1-----            "&#xD;
Actual    :  "                 P    1-----            "&#xD;
&#xD;
AtOrAfter&#xD;
Navigation:  "                       V                "&#xD;
Source    :  "1----1-----1-----1----1-----            "&#xD;
Expected  :  "                 P    1-----            "&#xD;
Actual    :  "                 P    1-----            "&#xD;
&#xD;
After&#xD;
Navigation:  "                       V                "&#xD;
Source    :  "1----1-----1-----1----1-----            "&#xD;
Unable to move&#xD;
&#xD;
Before&#xD;
Navigation:  "                                      V "&#xD;
Source    :  "1----1-----1-----1----1-----            "&#xD;
Expected  :  "                 P    1-----            "&#xD;
Actual    :  "                 P    1-----            "&#xD;
&#xD;
AtOrBefore&#xD;
Navigation:  "                                      V "&#xD;
Source    :  "1----1-----1-----1----1-----            "&#xD;
Expected  :  "                 P    1-----            "&#xD;
Actual    :  "                 P    1-----            "&#xD;
&#xD;
AtOrAfter&#xD;
Navigation:  "                                      V "&#xD;
Source    :  "1----1-----1-----1----1-----            "&#xD;
Unable to move&#xD;
&#xD;
After&#xD;
Navigation:  "                                      V "&#xD;
Source    :  "1----1-----1-----1----1-----            "&#xD;
Unable to move&#xD;
&#xD;
Before&#xD;
Navigation:  "  V                                     "&#xD;
Source    :  "1----1-----1---                         "&#xD;
Unable to move&#xD;
&#xD;
AtOrBefore&#xD;
Navigation:  "  V                                     "&#xD;
Source    :  "1----1-----1---                         "&#xD;
Expected  :  "1----N                                  "&#xD;
Actual    :  "1----N                                  "&#xD;
&#xD;
AtOrAfter&#xD;
Navigation:  "  V                                     "&#xD;
Source    :  "1----1-----1---                         "&#xD;
Expected  :  "1----N                                  "&#xD;
Actual    :  "1----N                                  "&#xD;
&#xD;
After&#xD;
Navigation:  "  V                                     "&#xD;
Source    :  "1----1-----1---                         "&#xD;
Expected  :  "P    1-----N                            "&#xD;
Actual    :  "P    1-----N                            "&#xD;
&#xD;
Before&#xD;
Navigation:  "       V                                "&#xD;
Source    :  "1----1-----1---                         "&#xD;
Expected  :  "1----N                                  "&#xD;
Actual    :  "1----N                                  "&#xD;
&#xD;
AtOrBefore&#xD;
Navigation:  "       V                                "&#xD;
Source    :  "1----1-----1---                         "&#xD;
Expected  :  "P    1-----N                            "&#xD;
Actual    :  "P    1-----N                            "&#xD;
&#xD;
AtOrAfter&#xD;
Navigation:  "       V                                "&#xD;
Source    :  "1----1-----1---                         "&#xD;
Expected  :  "P    1-----N                            "&#xD;
Actual    :  "P    1-----N                            "&#xD;
&#xD;
After&#xD;
Navigation:  "       V                                "&#xD;
Source    :  "1----1-----1---                         "&#xD;
Expected  :  "     P     1---                         "&#xD;
Actual    :  "     P     1---                         "&#xD;
&#xD;
Before&#xD;
Navigation:  "            V                           "&#xD;
Source    :  "1----1-----1---                         "&#xD;
Expected  :  "P    1-----N                            "&#xD;
Actual    :  "P    1-----N                            "&#xD;
&#xD;
AtOrBefore&#xD;
Navigation:  "            V                           "&#xD;
Source    :  "1----1-----1---                         "&#xD;
Expected  :  "     P     1---                         "&#xD;
Actual    :  "     P     1---                         "&#xD;
&#xD;
AtOrAfter&#xD;
Navigation:  "            V                           "&#xD;
Source    :  "1----1-----1---                         "&#xD;
Expected  :  "     P     1---                         "&#xD;
Actual    :  "     P     1---                         "&#xD;
&#xD;
After&#xD;
Navigation:  "            V                           "&#xD;
Source    :  "1----1-----1---                         "&#xD;
Unable to move&#xD;
&#xD;
Before&#xD;
Navigation:  "              V                         "&#xD;
Source    :  "1----1-----1---                         "&#xD;
Expected  :  "P    1-----N                            "&#xD;
Actual    :  "P    1-----N                            "&#xD;
&#xD;
AtOrBefore&#xD;
Navigation:  "              V                         "&#xD;
Source    :  "1----1-----1---                         "&#xD;
Expected  :  "     P     1---                         "&#xD;
Actual    :  "     P     1---                         "&#xD;
&#xD;
AtOrAfter&#xD;
Navigation:  "              V                         "&#xD;
Source    :  "1----1-----1---                         "&#xD;
Expected  :  "     P     1---                         "&#xD;
Actual    :  "     P     1---                         "&#xD;
&#xD;
After&#xD;
Navigation:  "              V                         "&#xD;
Source    :  "1----1-----1---                         "&#xD;
Unable to move&#xD;
&#xD;
Before&#xD;
Navigation:  "                V                       "&#xD;
Source    :  "1----1-----1---                         "&#xD;
Expected  :  "     P     1---                         "&#xD;
Actual    :  "     P     1---                         "&#xD;
&#xD;
AtOrBefore&#xD;
Navigation:  "                V                       "&#xD;
Source    :  "1----1-----1---                         "&#xD;
Expected  :  "     P     1---                         "&#xD;
Actual    :  "     P     1---                         "&#xD;
&#xD;
AtOrAfter&#xD;
Navigation:  "                V                       "&#xD;
Source    :  "1----1-----1---                         "&#xD;
Unable to move&#xD;
&#xD;
After&#xD;
Navigation:  "                V                       "&#xD;
Source    :  "1----1-----1---                         "&#xD;
Unable to move&#xD;
&#xD;
Before&#xD;
Navigation:  "                   V                    "&#xD;
Source    :  "1----1-----1---                         "&#xD;
Expected  :  "     P     1---                         "&#xD;
Actual    :  "     P     1---                         "&#xD;
&#xD;
AtOrBefore&#xD;
Navigation:  "                   V                    "&#xD;
Source    :  "1----1-----1---                         "&#xD;
Expected  :  "     P     1---                         "&#xD;
Actual    :  "     P     1---                         "&#xD;
&#xD;
AtOrAfter&#xD;
Navigation:  "                   V                    "&#xD;
Source    :  "1----1-----1---                         "&#xD;
Unable to move&#xD;
&#xD;
After&#xD;
Navigation:  "                   V                    "&#xD;
Source    :  "1----1-----1---                         "&#xD;
Unable to move&#xD;
&#xD;
Before&#xD;
Navigation:  "                       V                "&#xD;
Source    :  "1----1-----1---                         "&#xD;
Expected  :  "     P     1---                         "&#xD;
Actual    :  "     P     1---                         "&#xD;
&#xD;
AtOrBefore&#xD;
Navigation:  "                       V                "&#xD;
Source    :  "1----1-----1---                         "&#xD;
Expected  :  "     P     1---                         "&#xD;
Actual    :  "     P     1---                         "&#xD;
&#xD;
AtOrAfter&#xD;
Navigation:  "                       V                "&#xD;
Source    :  "1----1-----1---                         "&#xD;
Unable to move&#xD;
&#xD;
After&#xD;
Navigation:  "                       V                "&#xD;
Source    :  "1----1-----1---                         "&#xD;
Unable to move&#xD;
&#xD;
Before&#xD;
Navigation:  "                                      V "&#xD;
Source    :  "1----1-----1---                         "&#xD;
Expected  :  "     P     1---                         "&#xD;
Actual    :  "     P     1---                         "&#xD;
&#xD;
AtOrBefore&#xD;
Navigation:  "                                      V "&#xD;
Source    :  "1----1-----1---                         "&#xD;
Expected  :  "     P     1---                         "&#xD;
Actual    :  "     P     1---                         "&#xD;
&#xD;
AtOrAfter&#xD;
Navigation:  "                                      V "&#xD;
Source    :  "1----1-----1---                         "&#xD;
Unable to move&#xD;
&#xD;
After&#xD;
Navigation:  "                                      V "&#xD;
Source    :  "1----1-----1---                         "&#xD;
Unable to move</StdOut>
      </Output>
    </UnitTestResult>
    <UnitTestResult executionId="2b9a2694-8c37-43f0-85c7-3b93bbc4ea14" testId="840bbbf3-3f27-34a0-63ad-36f507931947" testName="DatabaseoperationCommandhandler_FilterTrackIdsToThoseWithoutMediaOnRecorder_Exception_Causes_DataExists" computerName="DKSR-EFI-06" duration="00:00:00.0013582" startTime="2024-01-09T15:42:31.0758392+01:00" endTime="2024-01-09T15:42:31.0758392+01:00" testType="13cdc9d9-ddb5-4fa4-a97d-d965ccfc6d4b" outcome="Passed" testListId="8c84fa94-04c1-424b-9868-57a2d4851a1d" relativeResultsDirectory="2b9a2694-8c37-43f0-85c7-3b93bbc4ea14" />
    <UnitTestResult executionId="e9dc96c7-2000-4805-9920-e3a70e9967b1" testId="1c4b43c9-57dd-a9ef-528f-7a1fc2c0b1aa" testName="DatabaseTaskCommandHandler_EmptyDevice_TableDoesNotExist_DeleteAllRecordingsButKeepLockedData_Called" computerName="DKSR-EFI-06" duration="00:00:00.0019707" startTime="2024-01-09T15:42:31.2320909+01:00" endTime="2024-01-09T15:42:31.2320909+01:00" testType="13cdc9d9-ddb5-4fa4-a97d-d965ccfc6d4b" outcome="Passed" testListId="8c84fa94-04c1-424b-9868-57a2d4851a1d" relativeResultsDirectory="e9dc96c7-2000-4805-9920-e3a70e9967b1" />
    <UnitTestResult executionId="ae25ac29-2c34-42b1-8f5d-1248acea8158" testId="ac8a91aa-9faa-ece5-7fad-4f7d4a4bda15" testName="DatabaseoperationCommandhandler_DiskUsageInformationTablesPerStorage_AllFailed" computerName="DKSR-EFI-06" duration="00:00:00.0087642" startTime="2024-01-09T15:42:31.1070897+01:00" endTime="2024-01-09T15:42:31.1070897+01:00" testType="13cdc9d9-ddb5-4fa4-a97d-d965ccfc6d4b" outcome="Passed" testListId="8c84fa94-04c1-424b-9868-57a2d4851a1d" relativeResultsDirectory="ae25ac29-2c34-42b1-8f5d-1248acea8158" />
    <UnitTestResult executionId="826a2edd-2dc4-4840-a9bf-3017b6c581ae" testId="428ca194-877b-58c2-1d15-059150b3e8bd" testName="TimeRangeConversionStartTimeAfterEndTime" computerName="DKSR-EFI-06" duration="00:00:00.0009452" startTime="2024-01-09T15:42:29.9352142+01:00" endTime="2024-01-09T15:42:29.9352142+01:00" testType="13cdc9d9-ddb5-4fa4-a97d-d965ccfc6d4b" outcome="Passed" testListId="8c84fa94-04c1-424b-9868-57a2d4851a1d" relativeResultsDirectory="826a2edd-2dc4-4840-a9bf-3017b6c581ae">
      <Output>
        <StdOut>Debug Trace:&#xD;
Fail: Start time must be before end time</StdOut>
      </Output>
    </UnitTestResult>
    <UnitTestResult executionId="165f0b3f-fa47-4bae-b408-1cc1a1ff8f6b" testId="1a58dd32-5905-3235-1c9c-08f6e3791ac8" testName="SOAPCommandRequestHandler_ExecuteFunction_HandleInputGetState_Deactivated_Success" computerName="DKSR-EFI-06" duration="00:00:00.0017581" startTime="2024-01-09T15:42:16.0133353+01:00" endTime="2024-01-09T15:42:16.0133353+01:00" testType="13cdc9d9-ddb5-4fa4-a97d-d965ccfc6d4b" outcome="Passed" testListId="8c84fa94-04c1-424b-9868-57a2d4851a1d" relativeResultsDirectory="165f0b3f-fa47-4bae-b408-1cc1a1ff8f6b" />
    <UnitTestResult executionId="6ebba744-67c9-437a-ab6d-a524459d9e6b" testId="87c335b7-4df9-087f-f6af-fdf355539dd5" testName="ResponseController_ValidErrorResponse_ValidErrorResponseCalledOnCommManager" computerName="DKSR-EFI-06" duration="00:00:00.0014396" startTime="2024-01-09T15:42:02.7632946+01:00" endTime="2024-01-09T15:42:02.7789173+01:00" testType="13cdc9d9-ddb5-4fa4-a97d-d965ccfc6d4b" outcome="Passed" testListId="8c84fa94-04c1-424b-9868-57a2d4851a1d" relativeResultsDirectory="6ebba744-67c9-437a-ab6d-a524459d9e6b" />
    <UnitTestResult executionId="a4a0674e-27ae-44da-ae84-763194511add" testId="b761596d-0bb6-e439-c952-5fd1de6486a8" testName="PtzReserveSessionCommandHandler_Execute_Device_Not_Found" computerName="DKSR-EFI-06" duration="00:00:00.0010794" startTime="2024-01-09T15:42:36.2789978+01:00" endTime="2024-01-09T15:42:36.2789978+01:00" testType="13cdc9d9-ddb5-4fa4-a97d-d965ccfc6d4b" outcome="Passed" testListId="8c84fa94-04c1-424b-9868-57a2d4851a1d" relativeResultsDirectory="a4a0674e-27ae-44da-ae84-763194511add" />
    <UnitTestResult executionId="24347027-e424-446b-b154-d3a912a84135" testId="611c2b42-3a78-9da0-b609-822778d9c99c" testName="PtzManager_PtzReserveSession_Success" computerName="DKSR-EFI-06" duration="00:00:00.0012090" startTime="2024-01-09T15:42:38.2477589+01:00" endTime="2024-01-09T15:42:38.2633829+01:00" testType="13cdc9d9-ddb5-4fa4-a97d-d965ccfc6d4b" outcome="Passed" testListId="8c84fa94-04c1-424b-9868-57a2d4851a1d" relativeResultsDirectory="24347027-e424-446b-b154-d3a912a84135" />
    <UnitTestResult executionId="17e95fe8-0173-449f-8b94-ec05521025bb" testId="f2811ab3-964a-259d-dcb5-a2baba57df35" testName="FailoverMediaMover_MoveMediaDataHere_Delete_RemoteTable_Fails" computerName="DKSR-EFI-06" duration="00:00:00.0066116" startTime="2024-01-09T15:42:01.3726596+01:00" endTime="2024-01-09T15:42:01.3726596+01:00" testType="13cdc9d9-ddb5-4fa4-a97d-d965ccfc6d4b" outcome="Passed" testListId="8c84fa94-04c1-424b-9868-57a2d4851a1d" relativeResultsDirectory="17e95fe8-0173-449f-8b94-ec05521025bb" />
    <UnitTestResult executionId="a286055c-9dad-4f7f-8196-a8067ccbb543" testId="357aa88b-f145-46f3-b618-28ff4d234211" testName="SOAPCommandRequestHandler_ExecuteFunction_HandleOutputTrigger_MicroSeconds_NotInt" computerName="DKSR-EFI-06" duration="00:00:00.0010672" startTime="2024-01-09T15:42:16.1383355+01:00" endTime="2024-01-09T15:42:16.1383355+01:00" testType="13cdc9d9-ddb5-4fa4-a97d-d965ccfc6d4b" outcome="Passed" testListId="8c84fa94-04c1-424b-9868-57a2d4851a1d" relativeResultsDirectory="a286055c-9dad-4f7f-8196-a8067ccbb543" />
    <UnitTestResult executionId="9766d84c-abc2-4026-a0eb-214a3510e542" testId="12e5945d-1647-aedf-8580-e8913105986c" testName="PtzStopSessionCommandHandler_Execute_Argument_Exception" computerName="DKSR-EFI-06" duration="00:00:00.0058052" startTime="2024-01-09T15:42:36.3258723+01:00" endTime="2024-01-09T15:42:36.3258723+01:00" testType="13cdc9d9-ddb5-4fa4-a97d-d965ccfc6d4b" outcome="Passed" testListId="8c84fa94-04c1-424b-9868-57a2d4851a1d" relativeResultsDirectory="9766d84c-abc2-4026-a0eb-214a3510e542">
      <Output>
        <StdOut>Debug Trace:&#xD;
Fail: Command/Command handler type mismatch&#xD;
Fail: The command handler expect an object that implements ICallContextInfo in the state parameter&#xD;
Fail: responseSink can not be null</StdOut>
      </Output>
    </UnitTestResult>
    <UnitTestResult executionId="e9302065-153b-444d-bb44-3e8ef3b41533" testId="5c065fe3-fbf4-d20e-aa53-d906cedfcedb" testName="SearchingForwardOverlaps" computerName="DKSR-EFI-06" duration="00:00:00.0018472" startTime="2024-01-09T15:42:19.2477121+01:00" endTime="2024-01-09T15:42:19.2633348+01:00" testType="13cdc9d9-ddb5-4fa4-a97d-d965ccfc6d4b" outcome="Passed" testListId="8c84fa94-04c1-424b-9868-57a2d4851a1d" relativeResultsDirectory="e9302065-153b-444d-bb44-3e8ef3b41533" />
    <UnitTestResult executionId="6d49b35b-57bf-4965-a728-7314721bbcff" testId="8d25649c-bb68-f10a-3f91-adbbcc1f62e2" testName="RequestArchiveInformation_StorageIDMapping_Null" computerName="DKSR-EFI-06" duration="00:00:00.0016684" startTime="2024-01-09T15:42:18.2477114+01:00" endTime="2024-01-09T15:42:18.2633345+01:00" testType="13cdc9d9-ddb5-4fa4-a97d-d965ccfc6d4b" outcome="Passed" testListId="8c84fa94-04c1-424b-9868-57a2d4851a1d" relativeResultsDirectory="6d49b35b-57bf-4965-a728-7314721bbcff" />
    <UnitTestResult executionId="edf2c0ac-d12e-42f0-9cc6-f91b366d067a" testId="f3b1809e-1619-85f3-0ae7-a527d75ebf27" testName="ConnectSuccess_PrevException" computerName="DKSR-EFI-06" duration="00:00:00.0032463" startTime="2024-01-09T15:42:12.9508263+01:00" endTime="2024-01-09T15:42:12.9508263+01:00" testType="13cdc9d9-ddb5-4fa4-a97d-d965ccfc6d4b" outcome="Passed" testListId="8c84fa94-04c1-424b-9868-57a2d4851a1d" relativeResultsDirectory="edf2c0ac-d12e-42f0-9cc6-f91b366d067a" />
    <UnitTestResult executionId="2f7e10eb-eba0-4159-b08f-6ad0b8ecd54c" testId="c3596006-724a-70dc-555a-d680a0ad8142" testName="SmartSearchHandlerBackwardTestEndtimeBeforeFirstMotion" computerName="DKSR-EFI-06" duration="00:00:00.0010254" startTime="2024-01-09T15:42:17.6383350+01:00" endTime="2024-01-09T15:42:17.6383350+01:00" testType="13cdc9d9-ddb5-4fa4-a97d-d965ccfc6d4b" outcome="Passed" testListId="8c84fa94-04c1-424b-9868-57a2d4851a1d" relativeResultsDirectory="2f7e10eb-eba0-4159-b08f-6ad0b8ecd54c" />
    <UnitTestResult executionId="4fc29d37-343b-44e1-adc1-b99378d57815" testId="8ceafbe3-d7d0-98c3-025e-4971760dfaa1" testName="ReadMessageHeaders_ReadRequestLine_ImageServer_Success" computerName="DKSR-EFI-06" duration="00:00:00.0161629" startTime="2024-01-09T15:42:16.7477088+01:00" endTime="2024-01-09T15:42:16.7789562+01:00" testType="13cdc9d9-ddb5-4fa4-a97d-d965ccfc6d4b" outcome="Passed" testListId="8c84fa94-04c1-424b-9868-57a2d4851a1d" relativeResultsDirectory="4fc29d37-343b-44e1-adc1-b99378d57815" />
    <UnitTestResult executionId="4d2c3944-4274-41dd-8e09-2b6c05b0f14e" testId="ba53bfb2-0308-6453-7936-176b215ab994" testName="ConfigurationDatasetHolder_ApplyTableDistribution_WithDistributions_Failover_Success" computerName="DKSR-EFI-06" duration="00:00:00.0259180" startTime="2024-01-09T15:41:59.2945884+01:00" endTime="2024-01-09T15:41:59.3102124+01:00" testType="13cdc9d9-ddb5-4fa4-a97d-d965ccfc6d4b" outcome="Passed" testListId="8c84fa94-04c1-424b-9868-57a2d4851a1d" relativeResultsDirectory="4d2c3944-4274-41dd-8e09-2b6c05b0f14e" />
    <UnitTestResult executionId="4f35ca65-2fc5-445e-9fc8-0f2e41deeb49" testId="decb7e26-1fd3-404d-051e-48cdc5f92655" testName="IsInRange_ShouldReturnFalse_WhenStartHasIncorrectFormat" computerName="DKSR-EFI-06" duration="00:00:00.0002105" startTime="2024-01-09T15:42:29.8414651+01:00" endTime="2024-01-09T15:42:29.8414651+01:00" testType="13cdc9d9-ddb5-4fa4-a97d-d965ccfc6d4b" outcome="Passed" testListId="8c84fa94-04c1-424b-9868-57a2d4851a1d" relativeResultsDirectory="4f35ca65-2fc5-445e-9fc8-0f2e41deeb49" />
    <UnitTestResult executionId="2ebecca9-de83-4ec6-b952-344ea1a0ae48" testId="408fd36a-2a0e-6ae4-0cc5-a2a3c333329e" testName="SOAPCommandRequestHandler_ExecuteFunction_HandleSequencesGet_NoMinTime" computerName="DKSR-EFI-06" duration="00:00:00.0010310" startTime="2024-01-09T15:42:16.5758344+01:00" endTime="2024-01-09T15:42:16.5758344+01:00" testType="13cdc9d9-ddb5-4fa4-a97d-d965ccfc6d4b" outcome="Passed" testListId="8c84fa94-04c1-424b-9868-57a2d4851a1d" relativeResultsDirectory="2ebecca9-de83-4ec6-b952-344ea1a0ae48" />
    <UnitTestResult executionId="282c0c73-7e95-42e6-a454-3c958450b9f4" testId="5f071467-0ec7-cb4a-de4c-e26d70e1135c" testName="SOAPCommandRequestHandler_ExecuteFunction_HandlePTZActivatePatrollingSchema_NoDeviceId" computerName="DKSR-EFI-06" duration="00:00:00.0017234" startTime="2024-01-09T15:42:16.5133339+01:00" endTime="2024-01-09T15:42:16.5133339+01:00" testType="13cdc9d9-ddb5-4fa4-a97d-d965ccfc6d4b" outcome="Passed" testListId="8c84fa94-04c1-424b-9868-57a2d4851a1d" relativeResultsDirectory="282c0c73-7e95-42e6-a454-3c958450b9f4" />
    <UnitTestResult executionId="5f067f29-78c3-455c-b381-db5ad23e6efc" testId="b6a46206-9dfb-de2e-5f29-2a48a9163927" testName="CheckHardwareDefinitionCommandHandler_Execute_AddressChanged_Success" computerName="DKSR-EFI-06" duration="00:00:00.0059568" startTime="2024-01-09T15:42:30.9195917+01:00" endTime="2024-01-09T15:42:30.9195917+01:00" testType="13cdc9d9-ddb5-4fa4-a97d-d965ccfc6d4b" outcome="Passed" testListId="8c84fa94-04c1-424b-9868-57a2d4851a1d" relativeResultsDirectory="5f067f29-78c3-455c-b381-db5ad23e6efc" />
    <UnitTestResult executionId="8e690a1c-b1c3-441e-bcdb-f86274fbba6b" testId="7f480d80-2bbd-e72a-a137-7779a6b33a62" testName="SOAPCommandRequestHandler_ExecuteFunction_HandlePTZRectangle_NoHeight" computerName="DKSR-EFI-06" duration="00:00:00.0009894" startTime="2024-01-09T15:42:16.3570828+01:00" endTime="2024-01-09T15:42:16.3570828+01:00" testType="13cdc9d9-ddb5-4fa4-a97d-d965ccfc6d4b" outcome="Passed" testListId="8c84fa94-04c1-424b-9868-57a2d4851a1d" relativeResultsDirectory="8e690a1c-b1c3-441e-bcdb-f86274fbba6b" />
    <UnitTestResult executionId="1e8813ec-7fbb-4c0c-9f93-ec19ba0f2ef1" testId="26aaedf7-f3c3-e3c7-363a-4eef9f264b06" testName="SmartSearchHandlerBackwardTestDataWithMotionOnlyIgnoreFirstHit" computerName="DKSR-EFI-06" duration="00:00:00.0018504" startTime="2024-01-09T15:42:17.6852095+01:00" endTime="2024-01-09T15:42:17.6852095+01:00" testType="13cdc9d9-ddb5-4fa4-a97d-d965ccfc6d4b" outcome="Passed" testListId="8c84fa94-04c1-424b-9868-57a2d4851a1d" relativeResultsDirectory="1e8813ec-7fbb-4c0c-9f93-ec19ba0f2ef1" />
    <UnitTestResult executionId="42cf0a73-b76f-4c10-9b77-2d2db3208ca3" testId="c951f1dc-19a4-4b55-2907-a54f697020e2" testName="PtzManualSession_Start_Success" computerName="DKSR-EFI-06" duration="00:00:00.0072717" startTime="2024-01-09T15:42:38.4196367+01:00" endTime="2024-01-09T15:42:38.4196367+01:00" testType="13cdc9d9-ddb5-4fa4-a97d-d965ccfc6d4b" outcome="Passed" testListId="8c84fa94-04c1-424b-9868-57a2d4851a1d" relativeResultsDirectory="42cf0a73-b76f-4c10-9b77-2d2db3208ca3">
      <Output>
        <StdOut>Debug Trace:&#xD;
VideoOS.Recorder.PtzManualSession session started&#xD;
PTZ ManualSession START(), priority = 2147483647, Identity = \</StdOut>
      </Output>
    </UnitTestResult>
    <UnitTestResult executionId="c6a9723a-9e6a-4369-b861-78aab6fe695d" testId="85d18cf4-f8f7-0149-cadc-811b02ee02d9" testName="UpdateConfigurationFromDiffGram_ServerAddress_Success" computerName="DKSR-EFI-06" duration="00:00:00.0368826" startTime="2024-01-09T15:42:19.5445885+01:00" endTime="2024-01-09T15:42:19.5914617+01:00" testType="13cdc9d9-ddb5-4fa4-a97d-d965ccfc6d4b" outcome="Passed" testListId="8c84fa94-04c1-424b-9868-57a2d4851a1d" relativeResultsDirectory="c6a9723a-9e6a-4369-b861-78aab6fe695d" />
    <UnitTestResult executionId="4558b752-eac0-4e73-8e91-e63500f55dba" testId="e11f5d05-8169-5ff7-5ee7-033c8b181a6d" testName="DiffGramToApplyToOrigionalDataSetToMakeItIdenticalWithNewDataSet_HandleAddedRows" computerName="DKSR-EFI-06" duration="00:00:00.0281985" startTime="2024-01-09T15:42:00.4195924+01:00" endTime="2024-01-09T15:42:00.4508421+01:00" testType="13cdc9d9-ddb5-4fa4-a97d-d965ccfc6d4b" outcome="Passed" testListId="8c84fa94-04c1-424b-9868-57a2d4851a1d" relativeResultsDirectory="4558b752-eac0-4e73-8e91-e63500f55dba" />
    <UnitTestResult executionId="aaae8db6-9529-4cdb-8743-7a2108ed4479" testId="c7b42c0e-2784-6c41-15dc-ee979b1d4d3f" testName="AudioMessageManager_UpdateConfiguration" computerName="DKSR-EFI-06" duration="00:00:00.0127909" startTime="2024-01-09T15:42:38.5758832+01:00" endTime="2024-01-09T15:42:38.5915079+01:00" testType="13cdc9d9-ddb5-4fa4-a97d-d965ccfc6d4b" outcome="Passed" testListId="8c84fa94-04c1-424b-9868-57a2d4851a1d" relativeResultsDirectory="aaae8db6-9529-4cdb-8743-7a2108ed4479" />
    <UnitTestResult executionId="db026589-8ed1-4ac7-a5c7-79d53d4aa364" testId="bb734639-fb16-43f6-3b52-e96d7d28067c" testName="EvidenceLockOnOldRecorderCommandHandler_AddEvidenceLock" computerName="DKSR-EFI-06" duration="00:00:00.0116769" startTime="2024-01-09T15:42:31.7633425+01:00" endTime="2024-01-09T15:42:31.7789685+01:00" testType="13cdc9d9-ddb5-4fa4-a97d-d965ccfc6d4b" outcome="Passed" testListId="8c84fa94-04c1-424b-9868-57a2d4851a1d" relativeResultsDirectory="db026589-8ed1-4ac7-a5c7-79d53d4aa364" />
    <UnitTestResult executionId="25161765-c6f7-4274-9a38-b34a79b5b3dd" testId="3ca7b289-91b8-9444-c025-ecebe5f8f48f" testName="UpdateConfigurationFromDiffGram_Null_Throws_ArgumentNullException" computerName="DKSR-EFI-06" duration="00:00:00.0124736" startTime="2024-01-09T15:42:19.5133382+01:00" endTime="2024-01-09T15:42:19.5289600+01:00" testType="13cdc9d9-ddb5-4fa4-a97d-d965ccfc6d4b" outcome="Passed" testListId="8c84fa94-04c1-424b-9868-57a2d4851a1d" relativeResultsDirectory="25161765-c6f7-4274-9a38-b34a79b5b3dd">
      <Output>
        <StdOut>Debug Trace:&#xD;
Fail: Argument null.</StdOut>
      </Output>
    </UnitTestResult>
    <UnitTestResult executionId="50428068-aa24-4d89-9a29-a80eadbdc876" testId="cebb697d-37f9-b96a-26b4-873974b66667" testName="MediaDbUtil_MultitrackNavigation_Scenario05" computerName="DKSR-EFI-06" duration="00:00:00.0196959" startTime="2024-01-09T15:42:14.1695806+01:00" endTime="2024-01-09T15:42:14.1852045+01:00" testType="13cdc9d9-ddb5-4fa4-a97d-d965ccfc6d4b" outcome="Passed" testListId="8c84fa94-04c1-424b-9868-57a2d4851a1d" relativeResultsDirectory="50428068-aa24-4d89-9a29-a80eadbdc876">
      <Output>
        <StdOut>TestContext Messages:&#xD;
Before&#xD;
Navigation:  "     V                                  "&#xD;
Source    :  "             1-----1-----1----1----     "&#xD;
Unable to move&#xD;
&#xD;
AtOrBefore&#xD;
Navigation:  "     V                                  "&#xD;
Source    :  "             1-----1-----1----1----     "&#xD;
Unable to move&#xD;
&#xD;
AtOrAfter&#xD;
Navigation:  "     V                                  "&#xD;
Source    :  "             1-----1-----1----1----     "&#xD;
Expected  :  "             1-----N                    "&#xD;
Actual    :  "             1-----N                    "&#xD;
&#xD;
After&#xD;
Navigation:  "     V                                  "&#xD;
Source    :  "             1-----1-----1----1----     "&#xD;
Expected  :  "             1-----N                    "&#xD;
Actual    :  "             1-----N                    "&#xD;
&#xD;
Before&#xD;
Navigation:  "      V                                 "&#xD;
Source    :  "             1-----1-----1----1----     "&#xD;
Unable to move&#xD;
&#xD;
AtOrBefore&#xD;
Navigation:  "      V                                 "&#xD;
Source    :  "             1-----1-----1----1----     "&#xD;
Unable to move&#xD;
&#xD;
AtOrAfter&#xD;
Navigation:  "      V                                 "&#xD;
Source    :  "             1-----1-----1----1----     "&#xD;
Expected  :  "             1-----N                    "&#xD;
Actual    :  "             1-----N                    "&#xD;
&#xD;
After&#xD;
Navigation:  "      V                                 "&#xD;
Source    :  "             1-----1-----1----1----     "&#xD;
Expected  :  "             1-----N                    "&#xD;
Actual    :  "             1-----N                    "&#xD;
&#xD;
Before&#xD;
Navigation:  "       V                                "&#xD;
Source    :  "             1-----1-----1----1----     "&#xD;
Unable to move&#xD;
&#xD;
AtOrBefore&#xD;
Navigation:  "       V                                "&#xD;
Source    :  "             1-----1-----1----1----     "&#xD;
Unable to move&#xD;
&#xD;
AtOrAfter&#xD;
Navigation:  "       V                                "&#xD;
Source    :  "             1-----1-----1----1----     "&#xD;
Expected  :  "             1-----N                    "&#xD;
Actual    :  "             1-----N                    "&#xD;
&#xD;
After&#xD;
Navigation:  "       V                                "&#xD;
Source    :  "             1-----1-----1----1----     "&#xD;
Expected  :  "             1-----N                    "&#xD;
Actual    :  "             1-----N                    "&#xD;
&#xD;
Before&#xD;
Navigation:  "                V                       "&#xD;
Source    :  "             1-----1-----1----1----     "&#xD;
Unable to move&#xD;
&#xD;
AtOrBefore&#xD;
Navigation:  "                V                       "&#xD;
Source    :  "             1-----1-----1----1----     "&#xD;
Expected  :  "             1-----N                    "&#xD;
Actual    :  "             1-----N                    "&#xD;
&#xD;
AtOrAfter&#xD;
Navigation:  "                V                       "&#xD;
Source    :  "             1-----1-----1----1----     "&#xD;
Expected  :  "             1-----N                    "&#xD;
Actual    :  "             1-----N                    "&#xD;
&#xD;
After&#xD;
Navigation:  "                V                       "&#xD;
Source    :  "             1-----1-----1----1----     "&#xD;
Expected  :  "             P     1-----N              "&#xD;
Actual    :  "             P     1-----N              "&#xD;
&#xD;
Before&#xD;
Navigation:  "                   V                    "&#xD;
Source    :  "             1-----1-----1----1----     "&#xD;
Expected  :  "             1-----N                    "&#xD;
Actual    :  "             1-----N                    "&#xD;
&#xD;
AtOrBefore&#xD;
Navigation:  "                   V                    "&#xD;
Source    :  "             1-----1-----1----1----     "&#xD;
Expected  :  "             P     1-----N              "&#xD;
Actual    :  "             P     1-----N              "&#xD;
&#xD;
AtOrAfter&#xD;
Navigation:  "                   V                    "&#xD;
Source    :  "             1-----1-----1----1----     "&#xD;
Expected  :  "             P     1-----N              "&#xD;
Actual    :  "             P     1-----N              "&#xD;
&#xD;
After&#xD;
Navigation:  "                   V                    "&#xD;
Source    :  "             1-----1-----1----1----     "&#xD;
Expected  :  "                   P     1----N         "&#xD;
Actual    :  "                   P     1----N         "&#xD;
&#xD;
Before&#xD;
Navigation:  "                               V        "&#xD;
Source    :  "             1-----1-----1----1----     "&#xD;
Expected  :  "                   P     1----N         "&#xD;
Actual    :  "                   P     1----N         "&#xD;
&#xD;
AtOrBefore&#xD;
Navigation:  "                               V        "&#xD;
Source    :  "             1-----1-----1----1----     "&#xD;
Expected  :  "                         P    1----     "&#xD;
Actual    :  "                         P    1----     "&#xD;
&#xD;
AtOrAfter&#xD;
Navigation:  "                               V        "&#xD;
Source    :  "             1-----1-----1----1----     "&#xD;
Expected  :  "                         P    1----     "&#xD;
Actual    :  "                         P    1----     "&#xD;
&#xD;
After&#xD;
Navigation:  "                               V        "&#xD;
Source    :  "             1-----1-----1----1----     "&#xD;
Unable to move&#xD;
&#xD;
Before&#xD;
Navigation:  "                                      V "&#xD;
Source    :  "             1-----1-----1----1----     "&#xD;
Expected  :  "                         P    1----     "&#xD;
Actual    :  "                         P    1----     "&#xD;
&#xD;
AtOrBefore&#xD;
Navigation:  "                                      V "&#xD;
Source    :  "             1-----1-----1----1----     "&#xD;
Expected  :  "                         P    1----     "&#xD;
Actual    :  "                         P    1----     "&#xD;
&#xD;
AtOrAfter&#xD;
Navigation:  "                                      V "&#xD;
Source    :  "             1-----1-----1----1----     "&#xD;
Unable to move&#xD;
&#xD;
After&#xD;
Navigation:  "                                      V "&#xD;
Source    :  "             1-----1-----1----1----     "&#xD;
Unable to move&#xD;
&#xD;
Before&#xD;
Navigation:  "     V                                  "&#xD;
Source    :  "                  2-----2-----          "&#xD;
Unable to move&#xD;
&#xD;
AtOrBefore&#xD;
Navigation:  "     V                                  "&#xD;
Source    :  "                  2-----2-----          "&#xD;
Unable to move&#xD;
&#xD;
AtOrAfter&#xD;
Navigation:  "     V                                  "&#xD;
Source    :  "                  2-----2-----          "&#xD;
Expected  :  "                  2-----N               "&#xD;
Actual    :  "                  2-----N               "&#xD;
&#xD;
After&#xD;
Navigation:  "     V                                  "&#xD;
Source    :  "                  2-----2-----          "&#xD;
Expected  :  "                  2-----N               "&#xD;
Actual    :  "                  2-----N               "&#xD;
&#xD;
Before&#xD;
Navigation:  "      V                                 "&#xD;
Source    :  "                  2-----2-----          "&#xD;
Unable to move&#xD;
&#xD;
AtOrBefore&#xD;
Navigation:  "      V                                 "&#xD;
Source    :  "                  2-----2-----          "&#xD;
Unable to move&#xD;
&#xD;
AtOrAfter&#xD;
Navigation:  "      V                                 "&#xD;
Source    :  "                  2-----2-----          "&#xD;
Expected  :  "                  2-----N               "&#xD;
Actual    :  "                  2-----N               "&#xD;
&#xD;
After&#xD;
Navigation:  "      V                                 "&#xD;
Source    :  "                  2-----2-----          "&#xD;
Expected  :  "                  2-----N               "&#xD;
Actual    :  "                  2-----N               "&#xD;
&#xD;
Before&#xD;
Navigation:  "       V                                "&#xD;
Source    :  "                  2-----2-----          "&#xD;
Unable to move&#xD;
&#xD;
AtOrBefore&#xD;
Navigation:  "       V                                "&#xD;
Source    :  "                  2-----2-----          "&#xD;
Unable to move&#xD;
&#xD;
AtOrAfter&#xD;
Navigation:  "       V                                "&#xD;
Source    :  "                  2-----2-----          "&#xD;
Expected  :  "                  2-----N               "&#xD;
Actual    :  "                  2-----N               "&#xD;
&#xD;
After&#xD;
Navigation:  "       V                                "&#xD;
Source    :  "                  2-----2-----          "&#xD;
Expected  :  "                  2-----N               "&#xD;
Actual    :  "                  2-----N               "&#xD;
&#xD;
Before&#xD;
Navigation:  "                V                       "&#xD;
Source    :  "                  2-----2-----          "&#xD;
Unable to move&#xD;
&#xD;
AtOrBefore&#xD;
Navigation:  "                V                       "&#xD;
Source    :  "                  2-----2-----          "&#xD;
Unable to move&#xD;
&#xD;
AtOrAfter&#xD;
Navigation:  "                V                       "&#xD;
Source    :  "                  2-----2-----          "&#xD;
Expected  :  "                  2-----N               "&#xD;
Actual    :  "                  2-----N               "&#xD;
&#xD;
After&#xD;
Navigation:  "                V                       "&#xD;
Source    :  "                  2-----2-----          "&#xD;
Expected  :  "                  2-----N               "&#xD;
Actual    :  "                  2-----N               "&#xD;
&#xD;
Before&#xD;
Navigation:  "                   V                    "&#xD;
Source    :  "                  2-----2-----          "&#xD;
Unable to move&#xD;
&#xD;
AtOrBefore&#xD;
Navigation:  "                   V                    "&#xD;
Source    :  "                  2-----2-----          "&#xD;
Expected  :  "                  2-----N               "&#xD;
Actual    :  "                  2-----N               "&#xD;
&#xD;
AtOrAfter&#xD;
Navigation:  "                   V                    "&#xD;
Source    :  "                  2-----2-----          "&#xD;
Expected  :  "                  2-----N               "&#xD;
Actual    :  "                  2-----N               "&#xD;
&#xD;
After&#xD;
Navigation:  "                   V                    "&#xD;
Source    :  "                  2-----2-----          "&#xD;
Expected  :  "                  P     2-----          "&#xD;
Actual    :  "                  P     2-----          "&#xD;
&#xD;
Before&#xD;
Navigation:  "                               V        "&#xD;
Source    :  "                  2-----2-----          "&#xD;
Expected  :  "                  P     2-----          "&#xD;
Actual    :  "                  P     2-----          "&#xD;
&#xD;
AtOrBefore&#xD;
Navigation:  "                               V        "&#xD;
Source    :  "                  2-----2-----          "&#xD;
Expected  :  "                  P     2-----          "&#xD;
Actual    :  "                  P     2-----          "&#xD;
&#xD;
AtOrAfter&#xD;
Navigation:  "                               V        "&#xD;
Source    :  "                  2-----2-----          "&#xD;
Unable to move&#xD;
&#xD;
After&#xD;
Navigation:  "                               V        "&#xD;
Source    :  "                  2-----2-----          "&#xD;
Unable to move&#xD;
&#xD;
Before&#xD;
Navigation:  "                                      V "&#xD;
Source    :  "                  2-----2-----          "&#xD;
Expected  :  "                  P     2-----          "&#xD;
Actual    :  "                  P     2-----          "&#xD;
&#xD;
AtOrBefore&#xD;
Navigation:  "                                      V "&#xD;
Source    :  "                  2-----2-----          "&#xD;
Expected  :  "                  P     2-----          "&#xD;
Actual    :  "                  P     2-----          "&#xD;
&#xD;
AtOrAfter&#xD;
Navigation:  "                                      V "&#xD;
Source    :  "                  2-----2-----          "&#xD;
Unable to move&#xD;
&#xD;
After&#xD;
Navigation:  "                                      V "&#xD;
Source    :  "                  2-----2-----          "&#xD;
Unable to move</StdOut>
      </Output>
    </UnitTestResult>
    <UnitTestResult executionId="da234aac-5705-4a2f-9c92-92d3dbf749b3" testId="5f6760f9-7657-3111-5554-42ed5a72d76c" testName="HandleRequest_WrongPath_404NotFound" computerName="DKSR-EFI-06" duration="00:00:00.0005699" startTime="2024-01-09T15:42:02.8570434+01:00" endTime="2024-01-09T15:42:02.8570434+01:00" testType="13cdc9d9-ddb5-4fa4-a97d-d965ccfc6d4b" outcome="Passed" testListId="8c84fa94-04c1-424b-9868-57a2d4851a1d" relativeResultsDirectory="da234aac-5705-4a2f-9c92-92d3dbf749b3" />
    <UnitTestResult executionId="5ceb4edb-d62e-4dee-b01d-81adda1c1716" testId="f79592c8-9574-1171-5614-c7144aa8d62a" testName="SOAPCommandRequestHandler_ExecuteFunction_HandleTimeLineInformationGet_Success" computerName="DKSR-EFI-06" duration="00:00:00.0051751" startTime="2024-01-09T15:42:15.6852089+01:00" endTime="2024-01-09T15:42:15.7008366+01:00" testType="13cdc9d9-ddb5-4fa4-a97d-d965ccfc6d4b" outcome="Passed" testListId="8c84fa94-04c1-424b-9868-57a2d4851a1d" relativeResultsDirectory="5ceb4edb-d62e-4dee-b01d-81adda1c1716" />
    <UnitTestResult executionId="1a3be7e1-f545-4100-960d-a0699afe37ba" testId="e3108ec8-5e25-f657-02ca-e68077e5c65b" testName="SOAPCommandRequestHandler_ExecuteFunction_HandlePTZDeactivatePatrollingSchema_Success" computerName="DKSR-EFI-06" duration="00:00:00.0029600" startTime="2024-01-09T15:42:16.5602085+01:00" endTime="2024-01-09T15:42:16.5602085+01:00" testType="13cdc9d9-ddb5-4fa4-a97d-d965ccfc6d4b" outcome="Passed" testListId="8c84fa94-04c1-424b-9868-57a2d4851a1d" relativeResultsDirectory="1a3be7e1-f545-4100-960d-a0699afe37ba" />
    <UnitTestResult executionId="8949a603-bddf-4913-b396-c68a7a8f7e3b" testId="336db44f-2faa-de01-daf7-e9ab5b7313dd" testName="SynchronizeDevicePresetsCommandHandler_Execute_IsPresetDevice_Is_False" computerName="DKSR-EFI-06" duration="00:00:00.0045613" startTime="2024-01-09T15:42:37.0602504+01:00" endTime="2024-01-09T15:42:37.0602504+01:00" testType="13cdc9d9-ddb5-4fa4-a97d-d965ccfc6d4b" outcome="Passed" testListId="8c84fa94-04c1-424b-9868-57a2d4851a1d" relativeResultsDirectory="8949a603-bddf-4913-b396-c68a7a8f7e3b" />
    <UnitTestResult executionId="4ee5a987-a796-4243-ba47-0531da064a03" testId="55d7e8fb-4a68-ae5c-6f1d-f88ae14fe776" testName="PtzReleaseSessionCommandHandler_Execute_PtzException_PtzNotSupported" computerName="DKSR-EFI-06" duration="00:00:00.0004334" startTime="2024-01-09T15:42:36.2164990+01:00" endTime="2024-01-09T15:42:36.2164990+01:00" testType="13cdc9d9-ddb5-4fa4-a97d-d965ccfc6d4b" outcome="Passed" testListId="8c84fa94-04c1-424b-9868-57a2d4851a1d" relativeResultsDirectory="4ee5a987-a796-4243-ba47-0531da064a03" />
    <UnitTestResult executionId="425ae9db-ed17-4b7b-b60a-9f4ae8234465" testId="5df674b6-0845-b2cd-8afd-d2e488b0d0c7" testName="TestNoStatistics" computerName="DKSR-EFI-06" duration="00:00:00.0023204" startTime="2024-01-09T15:42:19.3570866+01:00" endTime="2024-01-09T15:42:19.3570866+01:00" testType="13cdc9d9-ddb5-4fa4-a97d-d965ccfc6d4b" outcome="Passed" testListId="8c84fa94-04c1-424b-9868-57a2d4851a1d" relativeResultsDirectory="425ae9db-ed17-4b7b-b60a-9f4ae8234465" />
    <UnitTestResult executionId="22acd382-3e34-414d-880c-6e691e9ad853" testId="2b1babeb-d0ba-35da-97f7-2b8e130d8e6f" testName="PutAndGetSameFrame" computerName="DKSR-EFI-06" duration="00:00:00.0179749" startTime="2024-01-09T15:42:19.2633348+01:00" endTime="2024-01-09T15:42:19.2789604+01:00" testType="13cdc9d9-ddb5-4fa4-a97d-d965ccfc6d4b" outcome="Passed" testListId="8c84fa94-04c1-424b-9868-57a2d4851a1d" relativeResultsDirectory="22acd382-3e34-414d-880c-6e691e9ad853" />
    <UnitTestResult executionId="be3036a3-740d-41f1-85a6-80a310e97f26" testId="5255c104-c7be-f6e9-5f6f-6abcea6a5ba2" testName="ResponseController_NullCommManager_ArgumentNullException" computerName="DKSR-EFI-06" duration="00:00:00.0006387" startTime="2024-01-09T15:42:02.7476674+01:00" endTime="2024-01-09T15:42:02.7476674+01:00" testType="13cdc9d9-ddb5-4fa4-a97d-d965ccfc6d4b" outcome="Passed" testListId="8c84fa94-04c1-424b-9868-57a2d4851a1d" relativeResultsDirectory="be3036a3-740d-41f1-85a6-80a310e97f26" />
    <UnitTestResult executionId="a20e3aa0-bffb-4955-99d0-de893d985b30" testId="1663fb4e-f4a1-b0af-75a8-102de5d8b1c6" testName="ResolveIdAndMessage_DriverHardware_Generator" computerName="DKSR-EFI-06" duration="00:00:00.0002213" startTime="2024-01-09T15:42:18.0289599+01:00" endTime="2024-01-09T15:42:18.0289599+01:00" testType="13cdc9d9-ddb5-4fa4-a97d-d965ccfc6d4b" outcome="Passed" testListId="8c84fa94-04c1-424b-9868-57a2d4851a1d" relativeResultsDirectory="a20e3aa0-bffb-4955-99d0-de893d985b30" />
    <UnitTestResult executionId="240cb9ee-29be-4321-94ac-a50bcceaa555" testId="f8e7e248-acdc-916a-4a20-0506ab973b75" testName="SOAPCommandRequestHandler_ExecuteFunction_HandleSequencesGet_No_Camera_Security" computerName="DKSR-EFI-06" duration="00:00:00.0019930" startTime="2024-01-09T15:42:16.5914593+01:00" endTime="2024-01-09T15:42:16.5914593+01:00" testType="13cdc9d9-ddb5-4fa4-a97d-d965ccfc6d4b" outcome="Passed" testListId="8c84fa94-04c1-424b-9868-57a2d4851a1d" relativeResultsDirectory="240cb9ee-29be-4321-94ac-a50bcceaa555" />
    <UnitTestResult executionId="2ea8903d-766d-4f33-a89f-8c0368598af1" testId="602dad3a-74b2-00a2-c766-bf018691774e" testName="SearchingBackwards" computerName="DKSR-EFI-06" duration="00:00:00.0005956" startTime="2024-01-09T15:42:18.4664607+01:00" endTime="2024-01-09T15:42:18.4664607+01:00" testType="13cdc9d9-ddb5-4fa4-a97d-d965ccfc6d4b" outcome="Passed" testListId="8c84fa94-04c1-424b-9868-57a2d4851a1d" relativeResultsDirectory="2ea8903d-766d-4f33-a89f-8c0368598af1" />
    <UnitTestResult executionId="12b59c49-b7c4-48f6-91b8-ff10e80665fa" testId="2a3a8992-5eb9-d85e-8436-c4f7401cf226" testName="PtzManagerDataHolder_GetOrAddPtzController_Device_Not_Exists" computerName="DKSR-EFI-06" duration="00:00:00.0911988" startTime="2024-01-09T15:42:37.1696277+01:00" endTime="2024-01-09T15:42:37.2633795+01:00" testType="13cdc9d9-ddb5-4fa4-a97d-d965ccfc6d4b" outcome="Passed" testListId="8c84fa94-04c1-424b-9868-57a2d4851a1d" relativeResultsDirectory="12b59c49-b7c4-48f6-91b8-ff10e80665fa">
      <Output>
        <StdOut>Debug Trace:&#xD;
VideoOS.Recorder.PtzDefaultSession session started&#xD;
VideoOS.Recorder.PtzDefaultSession session, OnBeforeExecuteRequest</StdOut>
      </Output>
    </UnitTestResult>
    <UnitTestResult executionId="cb98a599-2222-4a3d-ab73-48dd9221023e" testId="74b8f0dd-7923-258a-ffad-061810c2392a" testName="ConfigurationDatasetHolder_ApplyTableDistribution_NoDistributions_NoLiveTables_Failover_Success" computerName="DKSR-EFI-06" duration="00:00:00.0053426" startTime="2024-01-09T15:41:59.2789623+01:00" endTime="2024-01-09T15:41:59.2789623+01:00" testType="13cdc9d9-ddb5-4fa4-a97d-d965ccfc6d4b" outcome="Passed" testListId="8c84fa94-04c1-424b-9868-57a2d4851a1d" relativeResultsDirectory="cb98a599-2222-4a3d-ab73-48dd9221023e" />
    <UnitTestResult executionId="a145322a-2561-4360-bf2c-b60343a24da6" testId="642c7910-1275-0f78-7481-523ab64b3cc6" testName="TestLiveTableStatusUpdatedOneStatus" computerName="DKSR-EFI-06" duration="00:00:00.0005128" startTime="2024-01-09T15:42:30.4195897+01:00" endTime="2024-01-09T15:42:30.4195897+01:00" testType="13cdc9d9-ddb5-4fa4-a97d-d965ccfc6d4b" outcome="Passed" testListId="8c84fa94-04c1-424b-9868-57a2d4851a1d" relativeResultsDirectory="a145322a-2561-4360-bf2c-b60343a24da6" />
    <UnitTestResult executionId="2b249099-cb8a-4726-af64-857c30f7efae" testId="9980dec0-82bb-5e66-a266-90f6e092092e" testName="IsInRange_ShouldReturnTrue_WhenAddressEqualsStart" computerName="DKSR-EFI-06" duration="00:00:00.0001561" startTime="2024-01-09T15:42:29.7789639+01:00" endTime="2024-01-09T15:42:29.7789639+01:00" testType="13cdc9d9-ddb5-4fa4-a97d-d965ccfc6d4b" outcome="Passed" testListId="8c84fa94-04c1-424b-9868-57a2d4851a1d" relativeResultsDirectory="2b249099-cb8a-4726-af64-857c30f7efae" />
    <UnitTestResult executionId="7d0eb289-0c03-497c-aa54-fbac4d5e1183" testId="4c322c27-d081-6da2-3965-9699e29b5817" testName="PtzManager_GetPtzSessionState_Success" computerName="DKSR-EFI-06" duration="00:00:00.0018748" startTime="2024-01-09T15:42:38.3415091+01:00" endTime="2024-01-09T15:42:38.3415091+01:00" testType="13cdc9d9-ddb5-4fa4-a97d-d965ccfc6d4b" outcome="Passed" testListId="8c84fa94-04c1-424b-9868-57a2d4851a1d" relativeResultsDirectory="7d0eb289-0c03-497c-aa54-fbac4d5e1183" />
    <UnitTestResult executionId="890f67e0-fcbd-49be-aee0-a1c339a35253" testId="c03c30cf-efaf-7d2d-1984-866170871d25" testName="MediaDbUtil_MultitrackNavigation_Scenario08" computerName="DKSR-EFI-06" duration="00:00:00.0284685" startTime="2024-01-09T15:42:14.2164545+01:00" endTime="2024-01-09T15:42:14.2477084+01:00" testType="13cdc9d9-ddb5-4fa4-a97d-d965ccfc6d4b" outcome="Passed" testListId="8c84fa94-04c1-424b-9868-57a2d4851a1d" relativeResultsDirectory="890f67e0-fcbd-49be-aee0-a1c339a35253">
      <Output>
        <StdOut>TestContext Messages:&#xD;
Before&#xD;
Navigation:  "  V                                     "&#xD;
Source    :  "1----1----1----1----1----1----1----1----"&#xD;
Unable to move&#xD;
&#xD;
AtOrBefore&#xD;
Navigation:  "  V                                     "&#xD;
Source    :  "1----1----1----1----1----1----1----1----"&#xD;
Expected  :  "1----N                                  "&#xD;
Actual    :  "1----N                                  "&#xD;
&#xD;
AtOrAfter&#xD;
Navigation:  "  V                                     "&#xD;
Source    :  "1----1----1----1----1----1----1----1----"&#xD;
Expected  :  "1----N                                  "&#xD;
Actual    :  "1----N                                  "&#xD;
&#xD;
After&#xD;
Navigation:  "  V                                     "&#xD;
Source    :  "1----1----1----1----1----1----1----1----"&#xD;
Expected  :  "P    1----N                             "&#xD;
Actual    :  "P    1----N                             "&#xD;
&#xD;
Before&#xD;
Navigation:  "                V                       "&#xD;
Source    :  "1----1----1----1----1----1----1----1----"&#xD;
Expected  :  "     P    1----N                        "&#xD;
Actual    :  "     P    1----N                        "&#xD;
&#xD;
AtOrBefore&#xD;
Navigation:  "                V                       "&#xD;
Source    :  "1----1----1----1----1----1----1----1----"&#xD;
Expected  :  "          P    1----N                   "&#xD;
Actual    :  "          P    1----N                   "&#xD;
&#xD;
AtOrAfter&#xD;
Navigation:  "                V                       "&#xD;
Source    :  "1----1----1----1----1----1----1----1----"&#xD;
Expected  :  "          P    1----N                   "&#xD;
Actual    :  "          P    1----N                   "&#xD;
&#xD;
After&#xD;
Navigation:  "                V                       "&#xD;
Source    :  "1----1----1----1----1----1----1----1----"&#xD;
Expected  :  "               P    1----N              "&#xD;
Actual    :  "               P    1----N              "&#xD;
&#xD;
Before&#xD;
Navigation:  "                 V                      "&#xD;
Source    :  "1----1----1----1----1----1----1----1----"&#xD;
Expected  :  "     P    1----N                        "&#xD;
Actual    :  "     P    1----N                        "&#xD;
&#xD;
AtOrBefore&#xD;
Navigation:  "                 V                      "&#xD;
Source    :  "1----1----1----1----1----1----1----1----"&#xD;
Expected  :  "          P    1----N                   "&#xD;
Actual    :  "          P    1----N                   "&#xD;
&#xD;
AtOrAfter&#xD;
Navigation:  "                 V                      "&#xD;
Source    :  "1----1----1----1----1----1----1----1----"&#xD;
Expected  :  "          P    1----N                   "&#xD;
Actual    :  "          P    1----N                   "&#xD;
&#xD;
After&#xD;
Navigation:  "                 V                      "&#xD;
Source    :  "1----1----1----1----1----1----1----1----"&#xD;
Expected  :  "               P    1----N              "&#xD;
Actual    :  "               P    1----N              "&#xD;
&#xD;
Before&#xD;
Navigation:  "                  V                     "&#xD;
Source    :  "1----1----1----1----1----1----1----1----"&#xD;
Expected  :  "     P    1----N                        "&#xD;
Actual    :  "     P    1----N                        "&#xD;
&#xD;
AtOrBefore&#xD;
Navigation:  "                  V                     "&#xD;
Source    :  "1----1----1----1----1----1----1----1----"&#xD;
Expected  :  "          P    1----N                   "&#xD;
Actual    :  "          P    1----N                   "&#xD;
&#xD;
AtOrAfter&#xD;
Navigation:  "                  V                     "&#xD;
Source    :  "1----1----1----1----1----1----1----1----"&#xD;
Expected  :  "          P    1----N                   "&#xD;
Actual    :  "          P    1----N                   "&#xD;
&#xD;
After&#xD;
Navigation:  "                  V                     "&#xD;
Source    :  "1----1----1----1----1----1----1----1----"&#xD;
Expected  :  "               P    1----N              "&#xD;
Actual    :  "               P    1----N              "&#xD;
&#xD;
Before&#xD;
Navigation:  "                                      V "&#xD;
Source    :  "1----1----1----1----1----1----1----1----"&#xD;
Expected  :  "                         P    1----N    "&#xD;
Actual    :  "                         P    1----N    "&#xD;
&#xD;
AtOrBefore&#xD;
Navigation:  "                                      V "&#xD;
Source    :  "1----1----1----1----1----1----1----1----"&#xD;
Expected  :  "                              P    1----"&#xD;
Actual    :  "                              P    1----"&#xD;
&#xD;
AtOrAfter&#xD;
Navigation:  "                                      V "&#xD;
Source    :  "1----1----1----1----1----1----1----1----"&#xD;
Expected  :  "                              P    1----"&#xD;
Actual    :  "                              P    1----"&#xD;
&#xD;
After&#xD;
Navigation:  "                                      V "&#xD;
Source    :  "1----1----1----1----1----1----1----1----"&#xD;
Unable to move&#xD;
&#xD;
Before&#xD;
Navigation:  "  V                                     "&#xD;
Source    :  "1----1----1----1--                      "&#xD;
Unable to move&#xD;
&#xD;
AtOrBefore&#xD;
Navigation:  "  V                                     "&#xD;
Source    :  "1----1----1----1--                      "&#xD;
Expected  :  "1----N                                  "&#xD;
Actual    :  "1----N                                  "&#xD;
&#xD;
AtOrAfter&#xD;
Navigation:  "  V                                     "&#xD;
Source    :  "1----1----1----1--                      "&#xD;
Expected  :  "1----N                                  "&#xD;
Actual    :  "1----N                                  "&#xD;
&#xD;
After&#xD;
Navigation:  "  V                                     "&#xD;
Source    :  "1----1----1----1--                      "&#xD;
Expected  :  "P    1----N                             "&#xD;
Actual    :  "P    1----N                             "&#xD;
&#xD;
Before&#xD;
Navigation:  "                V                       "&#xD;
Source    :  "1----1----1----1--                      "&#xD;
Expected  :  "     P    1----N                        "&#xD;
Actual    :  "     P    1----N                        "&#xD;
&#xD;
AtOrBefore&#xD;
Navigation:  "                V                       "&#xD;
Source    :  "1----1----1----1--                      "&#xD;
Expected  :  "          P    1--                      "&#xD;
Actual    :  "          P    1--                      "&#xD;
&#xD;
AtOrAfter&#xD;
Navigation:  "                V                       "&#xD;
Source    :  "1----1----1----1--                      "&#xD;
Expected  :  "          P    1--                      "&#xD;
Actual    :  "          P    1--                      "&#xD;
&#xD;
After&#xD;
Navigation:  "                V                       "&#xD;
Source    :  "1----1----1----1--                      "&#xD;
Unable to move&#xD;
&#xD;
Before&#xD;
Navigation:  "                 V                      "&#xD;
Source    :  "1----1----1----1--                      "&#xD;
Expected  :  "     P    1----N                        "&#xD;
Actual    :  "     P    1----N                        "&#xD;
&#xD;
AtOrBefore&#xD;
Navigation:  "                 V                      "&#xD;
Source    :  "1----1----1----1--                      "&#xD;
Expected  :  "          P    1--                      "&#xD;
Actual    :  "          P    1--                      "&#xD;
&#xD;
AtOrAfter&#xD;
Navigation:  "                 V                      "&#xD;
Source    :  "1----1----1----1--                      "&#xD;
Expected  :  "          P    1--                      "&#xD;
Actual    :  "          P    1--                      "&#xD;
&#xD;
After&#xD;
Navigation:  "                 V                      "&#xD;
Source    :  "1----1----1----1--                      "&#xD;
Unable to move&#xD;
&#xD;
Before&#xD;
Navigation:  "                  V                     "&#xD;
Source    :  "1----1----1----1--                      "&#xD;
Expected  :  "          P    1--                      "&#xD;
Actual    :  "          P    1--                      "&#xD;
&#xD;
AtOrBefore&#xD;
Navigation:  "                  V                     "&#xD;
Source    :  "1----1----1----1--                      "&#xD;
Expected  :  "          P    1--                      "&#xD;
Actual    :  "          P    1--                      "&#xD;
&#xD;
AtOrAfter&#xD;
Navigation:  "                  V                     "&#xD;
Source    :  "1----1----1----1--                      "&#xD;
Unable to move&#xD;
&#xD;
After&#xD;
Navigation:  "                  V                     "&#xD;
Source    :  "1----1----1----1--                      "&#xD;
Unable to move&#xD;
&#xD;
Before&#xD;
Navigation:  "                                      V "&#xD;
Source    :  "1----1----1----1--                      "&#xD;
Expected  :  "          P    1--                      "&#xD;
Actual    :  "          P    1--                      "&#xD;
&#xD;
AtOrBefore&#xD;
Navigation:  "                                      V "&#xD;
Source    :  "1----1----1----1--                      "&#xD;
Expected  :  "          P    1--                      "&#xD;
Actual    :  "          P    1--                      "&#xD;
&#xD;
AtOrAfter&#xD;
Navigation:  "                                      V "&#xD;
Source    :  "1----1----1----1--                      "&#xD;
Unable to move&#xD;
&#xD;
After&#xD;
Navigation:  "                                      V "&#xD;
Source    :  "1----1----1----1--                      "&#xD;
Unable to move</StdOut>
      </Output>
    </UnitTestResult>
    <UnitTestResult executionId="3c58f704-fb36-4f16-a5e6-f5166b3e5e61" testId="a009b559-c217-c582-8843-2e82f17d8aa6" testName="PtzDefaultSession_Constructor_Success" computerName="DKSR-EFI-06" duration="00:00:00.0003729" startTime="2024-01-09T15:42:38.3883858+01:00" endTime="2024-01-09T15:42:38.4040082+01:00" testType="13cdc9d9-ddb5-4fa4-a97d-d965ccfc6d4b" outcome="Passed" testListId="8c84fa94-04c1-424b-9868-57a2d4851a1d" relativeResultsDirectory="3c58f704-fb36-4f16-a5e6-f5166b3e5e61" />
    <UnitTestResult executionId="c287ca0a-ca29-4f41-8440-c33164484e99" testId="b2f6349f-dde3-f4f7-009a-2bbccc4f6607" testName="SmartSearchHandlerHasMotionThrowsInvalidOperationException" computerName="DKSR-EFI-06" duration="00:00:00.0061327" startTime="2024-01-09T15:42:17.7008337+01:00" endTime="2024-01-09T15:42:17.7164591+01:00" testType="13cdc9d9-ddb5-4fa4-a97d-d965ccfc6d4b" outcome="Passed" testListId="8c84fa94-04c1-424b-9868-57a2d4851a1d" relativeResultsDirectory="c287ca0a-ca29-4f41-8440-c33164484e99" />
    <UnitTestResult executionId="4532bd31-3064-45e2-9ee8-3ea77acbf5f1" testId="f4af31f6-c7b2-16eb-b8ce-9c0b9901bde3" testName="UpdateRecorderTaskProgressAsync_NotConnectedAndAt0PercentComplete_ShouldQueueCommand" computerName="DKSR-EFI-06" duration="00:00:00.0017495" startTime="2024-01-09T15:42:02.3570417+01:00" endTime="2024-01-09T15:42:02.3570417+01:00" testType="13cdc9d9-ddb5-4fa4-a97d-d965ccfc6d4b" outcome="Passed" testListId="8c84fa94-04c1-424b-9868-57a2d4851a1d" relativeResultsDirectory="4532bd31-3064-45e2-9ee8-3ea77acbf5f1" />
    <UnitTestResult executionId="ec621c61-4b07-45a3-8568-b171e3046f91" testId="26166077-e048-bd2a-c8e7-83d8bc7db926" testName="ChangeHardwarePasswordCommandHandler_Execute_ChangePassword_ThrowsUserLevelAnonymousNotAllowed_Errors" computerName="DKSR-EFI-06" duration="00:00:00.0008185" startTime="2024-01-09T15:42:30.7633402+01:00" endTime="2024-01-09T15:42:30.7633402+01:00" testType="13cdc9d9-ddb5-4fa4-a97d-d965ccfc6d4b" outcome="Passed" testListId="8c84fa94-04c1-424b-9868-57a2d4851a1d" relativeResultsDirectory="ec621c61-4b07-45a3-8568-b171e3046f91" />
    <UnitTestResult executionId="91c0dd0b-596c-42b8-b5b9-df6c0ba2064b" testId="eb07658b-da2c-b708-db7a-933461be8e63" testName="PtzReleaseSessionCommandHandler_Execute_NotSupportedException" computerName="DKSR-EFI-06" duration="00:00:00.0034305" startTime="2024-01-09T15:42:36.2008728+01:00" endTime="2024-01-09T15:42:36.2164990+01:00" testType="13cdc9d9-ddb5-4fa4-a97d-d965ccfc6d4b" outcome="Passed" testListId="8c84fa94-04c1-424b-9868-57a2d4851a1d" relativeResultsDirectory="91c0dd0b-596c-42b8-b5b9-df6c0ba2064b" />
    <UnitTestResult executionId="f139b876-8a46-4cb1-a15a-2201abf38d26" testId="8def1cfb-11a5-379b-896a-6d9d7e7b27b1" testName="SynchronizeDevicePresetsCommandHandler_Execute_CanLoadPresetsFromDevice_Is_False" computerName="DKSR-EFI-06" duration="00:00:00.0010940" startTime="2024-01-09T15:42:37.0758770+01:00" endTime="2024-01-09T15:42:37.0758770+01:00" testType="13cdc9d9-ddb5-4fa4-a97d-d965ccfc6d4b" outcome="Passed" testListId="8c84fa94-04c1-424b-9868-57a2d4851a1d" relativeResultsDirectory="f139b876-8a46-4cb1-a15a-2201abf38d26" />
    <UnitTestResult executionId="30518e28-4f88-4192-9e40-6a74b060fe84" testId="690896ac-bb37-5cf7-d792-7478f7fc943d" testName="MediaDbRepairStatus_StillWithinRepairTime" computerName="DKSR-EFI-06" duration="00:00:00.0006093" startTime="2024-01-09T15:42:29.8414651+01:00" endTime="2024-01-09T15:42:29.8414651+01:00" testType="13cdc9d9-ddb5-4fa4-a97d-d965ccfc6d4b" outcome="Passed" testListId="8c84fa94-04c1-424b-9868-57a2d4851a1d" relativeResultsDirectory="30518e28-4f88-4192-9e40-6a74b060fe84" />
    <UnitTestResult executionId="80c64c70-8929-42d6-ab1d-d99671d3a418" testId="1c852dfa-9b00-fe57-d01d-bc9f5949ae94" testName="SOAPCommandRequestHandler_ExecuteFunction_HandlePTZCenter_NoCenterY" computerName="DKSR-EFI-06" duration="00:00:00.0005244" startTime="2024-01-09T15:42:16.1852100+01:00" endTime="2024-01-09T15:42:16.1852100+01:00" testType="13cdc9d9-ddb5-4fa4-a97d-d965ccfc6d4b" outcome="Passed" testListId="8c84fa94-04c1-424b-9868-57a2d4851a1d" relativeResultsDirectory="80c64c70-8929-42d6-ab1d-d99671d3a418" />
    <UnitTestResult executionId="73de0a8c-2dc4-4a53-b799-aac0cfdd0552" testId="ebc835dd-627e-352c-492e-584b9a5879f9" testName="EdgeStorageLimitsCheckBandwidthNoLimit" computerName="DKSR-EFI-06" duration="00:00:00.0379884" startTime="2024-01-09T15:42:19.8102132+01:00" endTime="2024-01-09T15:42:19.8414607+01:00" testType="13cdc9d9-ddb5-4fa4-a97d-d965ccfc6d4b" outcome="Passed" testListId="8c84fa94-04c1-424b-9868-57a2d4851a1d" relativeResultsDirectory="73de0a8c-2dc4-4a53-b799-aac0cfdd0552" />
    <UnitTestResult executionId="25e03ba5-5795-4973-a231-8be596110fdb" testId="408c97e1-eb94-3e13-4f85-d55ace841e06" testName="AdaptiveStreamingTypeResolution" computerName="DKSR-EFI-06" duration="00:00:00.0134305" startTime="2024-01-09T15:42:02.8101695+01:00" endTime="2024-01-09T15:42:02.8257946+01:00" testType="13cdc9d9-ddb5-4fa4-a97d-d965ccfc6d4b" outcome="Passed" testListId="8c84fa94-04c1-424b-9868-57a2d4851a1d" relativeResultsDirectory="25e03ba5-5795-4973-a231-8be596110fdb" />
    <UnitTestResult executionId="ef74b0ca-4597-4356-887d-1fee7e12c489" testId="85b7c4ed-df7d-3214-f235-e36b4a4b80d6" testName="SOAPCommandRequestHandler_ExecuteFunction_HandlePTZMoveStop_NoDeviceId" computerName="DKSR-EFI-06" duration="00:00:00.0012100" startTime="2024-01-09T15:42:16.3258331+01:00" endTime="2024-01-09T15:42:16.3258331+01:00" testType="13cdc9d9-ddb5-4fa4-a97d-d965ccfc6d4b" outcome="Passed" testListId="8c84fa94-04c1-424b-9868-57a2d4851a1d" relativeResultsDirectory="ef74b0ca-4597-4356-887d-1fee7e12c489" />
    <UnitTestResult executionId="6cd68042-81ea-4839-ad4e-27248ede61b5" testId="e31bfc8b-2529-b88a-3b33-8f8ac1f6d188" testName="SOAPCommandRequestHandler_ExecuteFunction_HandleTimeLineInformationGet_TimeLineInformationCount_NoTimeLineInformationTypes" computerName="DKSR-EFI-06" duration="00:00:00.0011135" startTime="2024-01-09T15:42:15.6539556+01:00" endTime="2024-01-09T15:42:15.6539556+01:00" testType="13cdc9d9-ddb5-4fa4-a97d-d965ccfc6d4b" outcome="Passed" testListId="8c84fa94-04c1-424b-9868-57a2d4851a1d" relativeResultsDirectory="6cd68042-81ea-4839-ad4e-27248ede61b5" />
    <UnitTestResult executionId="0bbc90b6-b77a-4cf0-87f0-a8d0b554bc2a" testId="fd058c02-c1b1-34e1-3ffa-3551ce08eb07" testName="TimeRangeConversionRangesOverlapsStartAndEndTime" computerName="DKSR-EFI-06" duration="00:00:00.0005942" startTime="2024-01-09T15:42:29.8727151+01:00" endTime="2024-01-09T15:42:29.8727151+01:00" testType="13cdc9d9-ddb5-4fa4-a97d-d965ccfc6d4b" outcome="Passed" testListId="8c84fa94-04c1-424b-9868-57a2d4851a1d" relativeResultsDirectory="0bbc90b6-b77a-4cf0-87f0-a8d0b554bc2a" />
    <UnitTestResult executionId="05523bab-89ad-48fb-a373-a78cad3be09b" testId="0ec4ae82-8a56-942f-cc7c-8f18c8a50514" testName="SOAPCommandRequestHandler_ExecuteFunction_HandleJPEGGetLive_NoMaxHeight" computerName="DKSR-EFI-06" duration="00:00:00.0011926" startTime="2024-01-09T15:42:16.0602086+01:00" endTime="2024-01-09T15:42:16.0602086+01:00" testType="13cdc9d9-ddb5-4fa4-a97d-d965ccfc6d4b" outcome="Passed" testListId="8c84fa94-04c1-424b-9868-57a2d4851a1d" relativeResultsDirectory="05523bab-89ad-48fb-a373-a78cad3be09b" />
    <UnitTestResult executionId="c43b800d-954f-4afa-b477-c0be73473cbe" testId="e4995e1a-9d2e-9c42-addf-addf83d7781e" testName="SOAPCommandRequestHandler_GetClientCapabilities_PrivacyMask_Child_Of_ClientCapabilities_Section_Is_Not_Parsable" computerName="DKSR-EFI-06" duration="00:00:00.0009096" startTime="2024-01-09T15:42:15.7008366+01:00" endTime="2024-01-09T15:42:15.7164585+01:00" testType="13cdc9d9-ddb5-4fa4-a97d-d965ccfc6d4b" outcome="Passed" testListId="8c84fa94-04c1-424b-9868-57a2d4851a1d" relativeResultsDirectory="c43b800d-954f-4afa-b477-c0be73473cbe" />
    <UnitTestResult executionId="d07b92f1-2fc7-4dd5-bc81-e888ffc5975c" testId="84ba4574-72a6-41c2-c017-b92e39738ed7" testName="ConfigurationDatasetHolder_ApplyTableDistribution_NoDistributions_LiveTableExists_Failover_Success" computerName="DKSR-EFI-06" duration="00:00:00.0061932" startTime="2024-01-09T15:41:59.2789623+01:00" endTime="2024-01-09T15:41:59.2945884+01:00" testType="13cdc9d9-ddb5-4fa4-a97d-d965ccfc6d4b" outcome="Passed" testListId="8c84fa94-04c1-424b-9868-57a2d4851a1d" relativeResultsDirectory="d07b92f1-2fc7-4dd5-bc81-e888ffc5975c" />
    <UnitTestResult executionId="04d7869b-981d-4cc2-9cd6-67e9f07a745e" testId="30be1ba8-8dec-ac74-dacd-a90af2ca4ce7" testName="SOAPCommandRequestHandler_ExecuteFunction_HandleOutputActivate_NoDeviceId" computerName="DKSR-EFI-06" duration="00:00:00.0008948" startTime="2024-01-09T15:42:16.0914558+01:00" endTime="2024-01-09T15:42:16.0914558+01:00" testType="13cdc9d9-ddb5-4fa4-a97d-d965ccfc6d4b" outcome="Passed" testListId="8c84fa94-04c1-424b-9868-57a2d4851a1d" relativeResultsDirectory="04d7869b-981d-4cc2-9cd6-67e9f07a745e" />
    <UnitTestResult executionId="150fd88f-dd0f-4497-aa09-9ba43fe9ff9a" testId="955020a2-7253-6e7c-7cc3-bbb3a972e209" testName="SOAPCommandRequestHandler_ExecuteFunction_HandleSequencesGet_Success" computerName="DKSR-EFI-06" duration="00:00:00.0066082" startTime="2024-01-09T15:42:15.3570850+01:00" endTime="2024-01-09T15:42:15.3570850+01:00" testType="13cdc9d9-ddb5-4fa4-a97d-d965ccfc6d4b" outcome="Passed" testListId="8c84fa94-04c1-424b-9868-57a2d4851a1d" relativeResultsDirectory="150fd88f-dd0f-4497-aa09-9ba43fe9ff9a" />
    <UnitTestResult executionId="ff7a8ce5-b764-4a0f-acb5-e9f6e3499ef7" testId="26f6843d-5eca-53a4-0713-7ad0280511d8" testName="ConfigurationController_ReplaceHardware_IsValid_NoContent" computerName="DKSR-EFI-06" duration="00:00:00.0091534" startTime="2024-01-09T15:42:02.4664177+01:00" endTime="2024-01-09T15:42:02.4820422+01:00" testType="13cdc9d9-ddb5-4fa4-a97d-d965ccfc6d4b" outcome="Passed" testListId="8c84fa94-04c1-424b-9868-57a2d4851a1d" relativeResultsDirectory="ff7a8ce5-b764-4a0f-acb5-e9f6e3499ef7" />
    <UnitTestResult executionId="f482eb6a-2bbc-4767-a671-c9eade22eafe" testId="bf27bba2-fbea-d5db-5395-e269e69533ee" testName="ReadMessageHeaders_ReadRequestLine_SoapStatus2Wsdl_Success" computerName="DKSR-EFI-06" duration="00:00:00.0001502" startTime="2024-01-09T15:42:16.7789562+01:00" endTime="2024-01-09T15:42:16.7789562+01:00" testType="13cdc9d9-ddb5-4fa4-a97d-d965ccfc6d4b" outcome="Passed" testListId="8c84fa94-04c1-424b-9868-57a2d4851a1d" relativeResultsDirectory="f482eb6a-2bbc-4767-a671-c9eade22eafe" />
    <UnitTestResult executionId="5c5a0a86-8227-4dbe-83b0-33f21d61d463" testId="b08eb6b8-a2d9-d153-1bc4-a456044bf6bb" testName="GetAbsolutePtzPositionCommandHandler_Execute_Success" computerName="DKSR-EFI-06" duration="00:00:00.0021457" startTime="2024-01-09T15:42:33.0289804+01:00" endTime="2024-01-09T15:42:33.0289804+01:00" testType="13cdc9d9-ddb5-4fa4-a97d-d965ccfc6d4b" outcome="Passed" testListId="8c84fa94-04c1-424b-9868-57a2d4851a1d" relativeResultsDirectory="5c5a0a86-8227-4dbe-83b0-33f21d61d463" />
    <UnitTestResult executionId="1f00efcb-fb84-4f7c-b351-2cc9af49040c" testId="98d60fd5-f979-b04f-813a-5b4f58bff6a4" testName="SOAPCommandRequestHandler_ExecuteFunction_HandleSmartSearchCancel_Success" computerName="DKSR-EFI-06" duration="00:00:00.0024689" startTime="2024-01-09T15:42:15.4977206+01:00" endTime="2024-01-09T15:42:15.4977206+01:00" testType="13cdc9d9-ddb5-4fa4-a97d-d965ccfc6d4b" outcome="Passed" testListId="8c84fa94-04c1-424b-9868-57a2d4851a1d" relativeResultsDirectory="1f00efcb-fb84-4f7c-b351-2cc9af49040c" />
    <UnitTestResult executionId="53b991a0-baf1-47aa-88b3-2aaf24bde77f" testId="0ce7b2f9-17a8-8c71-dfb5-c31b00442430" testName="PtzManager_MoveHome_Success" computerName="DKSR-EFI-06" duration="00:00:00.0012339" startTime="2024-01-09T15:42:38.1540060+01:00" endTime="2024-01-09T15:42:38.1540060+01:00" testType="13cdc9d9-ddb5-4fa4-a97d-d965ccfc6d4b" outcome="Passed" testListId="8c84fa94-04c1-424b-9868-57a2d4851a1d" relativeResultsDirectory="53b991a0-baf1-47aa-88b3-2aaf24bde77f" />
    <UnitTestResult executionId="08782eb4-c6b8-4ea6-b5c9-2d71c2d86a6a" testId="af46bdb0-8caa-ed0c-7389-7e03d1085886" testName="SOAPCommandRequestHandler_ExecuteFunction_HandleInputGetState_NoDeviceId" computerName="DKSR-EFI-06" duration="00:00:00.0014559" startTime="2024-01-09T15:42:15.9977074+01:00" endTime="2024-01-09T15:42:15.9977074+01:00" testType="13cdc9d9-ddb5-4fa4-a97d-d965ccfc6d4b" outcome="Passed" testListId="8c84fa94-04c1-424b-9868-57a2d4851a1d" relativeResultsDirectory="08782eb4-c6b8-4ea6-b5c9-2d71c2d86a6a" />
    <UnitTestResult executionId="3e5cdbbd-9817-420a-9fa4-5409df463f4d" testId="ed284060-a35c-6f19-4262-5d0872a2c20a" testName="SOAPCommandRequestHandler_ExecuteFunction_HandlePTZActivatePatrollingSchema_No_Priority" computerName="DKSR-EFI-06" duration="00:00:00.0016249" startTime="2024-01-09T15:42:16.5289569+01:00" endTime="2024-01-09T15:42:16.5289569+01:00" testType="13cdc9d9-ddb5-4fa4-a97d-d965ccfc6d4b" outcome="Passed" testListId="8c84fa94-04c1-424b-9868-57a2d4851a1d" relativeResultsDirectory="3e5cdbbd-9817-420a-9fa4-5409df463f4d" />
    <UnitTestResult executionId="2b8de547-e888-4598-9a67-21e899c72de4" testId="addea57a-8814-a686-b1d6-170ad8b0558e" testName="RecordingStorageDeviceLinkEntries_Remove_Success" computerName="DKSR-EFI-06" duration="00:00:00.0076618" startTime="2024-01-09T15:42:01.7632882+01:00" endTime="2024-01-09T15:42:01.7632882+01:00" testType="13cdc9d9-ddb5-4fa4-a97d-d965ccfc6d4b" outcome="Passed" testListId="8c84fa94-04c1-424b-9868-57a2d4851a1d" relativeResultsDirectory="2b8de547-e888-4598-9a67-21e899c72de4" />
    <UnitTestResult executionId="edd60c54-5224-4342-b3e3-0c21009abdd5" testId="a48f8768-77bc-14d8-48f6-6816a92c4c0a" testName="SOAPCommandRequestHandler_ExecuteFunction_HandleSendDriverCommand_NoCommand" computerName="DKSR-EFI-06" duration="00:00:00.0009875" startTime="2024-01-09T15:42:15.8258334+01:00" endTime="2024-01-09T15:42:15.8258334+01:00" testType="13cdc9d9-ddb5-4fa4-a97d-d965ccfc6d4b" outcome="Passed" testListId="8c84fa94-04c1-424b-9868-57a2d4851a1d" relativeResultsDirectory="edd60c54-5224-4342-b3e3-0c21009abdd5" />
    <UnitTestResult executionId="bd67e59f-233f-4bb7-8d52-a23ee2508f2a" testId="1e4f0be7-69b3-a33c-575a-f290addba671" testName="SmartSearchHandlerForwardTestDataWithMotionOnlyIgnoreFirstHit" computerName="DKSR-EFI-06" duration="00:00:00.0016156" startTime="2024-01-09T15:42:17.6695871+01:00" endTime="2024-01-09T15:42:17.6695871+01:00" testType="13cdc9d9-ddb5-4fa4-a97d-d965ccfc6d4b" outcome="Passed" testListId="8c84fa94-04c1-424b-9868-57a2d4851a1d" relativeResultsDirectory="bd67e59f-233f-4bb7-8d52-a23ee2508f2a" />
    <UnitTestResult executionId="1d8da758-a88f-42ca-abab-57bfbbfb79be" testId="2e74faf9-d82a-af5b-1893-6f43170bdde5" testName="SOAPCommandRequestHandler_ExecuteFunction_HandlePresetMoveTo_No_Security" computerName="DKSR-EFI-06" duration="00:00:00.0012123" startTime="2024-01-09T15:42:16.4352076+01:00" endTime="2024-01-09T15:42:16.4352076+01:00" testType="13cdc9d9-ddb5-4fa4-a97d-d965ccfc6d4b" outcome="Passed" testListId="8c84fa94-04c1-424b-9868-57a2d4851a1d" relativeResultsDirectory="1d8da758-a88f-42ca-abab-57bfbbfb79be" />
    <UnitTestResult executionId="e9aa9827-ee2e-44c4-b54a-a8835a3b7f89" testId="c215f384-d759-0462-3f93-fb7f98ba008e" testName="ConnectSuccessSimple_Microphone" computerName="DKSR-EFI-06" duration="00:00:00.0048259" startTime="2024-01-09T15:42:12.7008277+01:00" endTime="2024-01-09T15:42:12.7008277+01:00" testType="13cdc9d9-ddb5-4fa4-a97d-d965ccfc6d4b" outcome="Passed" testListId="8c84fa94-04c1-424b-9868-57a2d4851a1d" relativeResultsDirectory="e9aa9827-ee2e-44c4-b54a-a8835a3b7f89" />
    <UnitTestResult executionId="ce83b835-b2cf-4806-bd24-d12316974dd4" testId="61203c2b-fac1-ee3b-a5a4-736d5154f26c" testName="ResponseController_HeartbeatResponseNullInput_BadRequestResult" computerName="DKSR-EFI-06" duration="00:00:00.0004867" startTime="2024-01-09T15:42:02.7945433+01:00" endTime="2024-01-09T15:42:02.7945433+01:00" testType="13cdc9d9-ddb5-4fa4-a97d-d965ccfc6d4b" outcome="Passed" testListId="8c84fa94-04c1-424b-9868-57a2d4851a1d" relativeResultsDirectory="ce83b835-b2cf-4806-bd24-d12316974dd4" />
    <UnitTestResult executionId="3340aa43-5d96-4b93-9c58-206eb18cf625" testId="90bc60af-056c-e4da-8f6a-4e7a54d8edcb" testName="PtzStopSession_ModelIsNull_BadRequestResult" computerName="DKSR-EFI-06" duration="00:00:00.0015204" startTime="2024-01-09T15:42:02.6851669+01:00" endTime="2024-01-09T15:42:02.6851669+01:00" testType="13cdc9d9-ddb5-4fa4-a97d-d965ccfc6d4b" outcome="Passed" testListId="8c84fa94-04c1-424b-9868-57a2d4851a1d" relativeResultsDirectory="3340aa43-5d96-4b93-9c58-206eb18cf625" />
    <UnitTestResult executionId="581f9bf0-4878-441e-8f0a-165656e9ad35" testId="4ba37807-b858-01d5-a78a-d58c5dee0792" testName="ChangeConfigLinksRemovedWhileRecordingCamera" computerName="DKSR-EFI-06" duration="00:00:00.0009609" startTime="2024-01-09T15:42:19.1695863+01:00" endTime="2024-01-09T15:42:19.1695863+01:00" testType="13cdc9d9-ddb5-4fa4-a97d-d965ccfc6d4b" outcome="Passed" testListId="8c84fa94-04c1-424b-9868-57a2d4851a1d" relativeResultsDirectory="581f9bf0-4878-441e-8f0a-165656e9ad35" />
    <UnitTestResult executionId="504cb4b1-1cfe-4bef-822d-809a4d0be48a" testId="dacd281d-fa32-6a36-196f-63f03beed3cf" testName="PtzReserveSessionCommandHandler_Execute_PtzException_PtzRequestPriorityTooLow" computerName="DKSR-EFI-06" duration="00:00:00.0023136" startTime="2024-01-09T15:42:36.2946725+01:00" endTime="2024-01-09T15:42:36.3102485+01:00" testType="13cdc9d9-ddb5-4fa4-a97d-d965ccfc6d4b" outcome="Passed" testListId="8c84fa94-04c1-424b-9868-57a2d4851a1d" relativeResultsDirectory="504cb4b1-1cfe-4bef-822d-809a4d0be48a" />
    <UnitTestResult executionId="4d4e9438-9e83-4793-8dcf-6f5a3ae97a71" testId="869a4a53-5865-9437-9c02-9b1317a774b2" testName="RecordingStorageDeviceLinkEntries_Add_SameDeviceTwice_Throw_ArgumentException" computerName="DKSR-EFI-06" duration="00:00:00.0107254" startTime="2024-01-09T15:42:01.6851634+01:00" endTime="2024-01-09T15:42:01.7007862+01:00" testType="13cdc9d9-ddb5-4fa4-a97d-d965ccfc6d4b" outcome="Passed" testListId="8c84fa94-04c1-424b-9868-57a2d4851a1d" relativeResultsDirectory="4d4e9438-9e83-4793-8dcf-6f5a3ae97a71" />
    <UnitTestResult executionId="652f1fb9-b49d-43df-a75e-07ffe7e5594c" testId="99eea56b-a501-2d1f-5337-803af4247826" testName="ResponseController_ValidSuccessResponse_SuccessResponseWithTokenCalledOnCommManager" computerName="DKSR-EFI-06" duration="00:00:00.0016234" startTime="2024-01-09T15:42:02.7476674+01:00" endTime="2024-01-09T15:42:02.7476674+01:00" testType="13cdc9d9-ddb5-4fa4-a97d-d965ccfc6d4b" outcome="Passed" testListId="8c84fa94-04c1-424b-9868-57a2d4851a1d" relativeResultsDirectory="652f1fb9-b49d-43df-a75e-07ffe7e5594c" />
    <UnitTestResult executionId="fbbe1d39-ab7a-429c-98a6-d5615f09a323" testId="de1ec09d-41b0-176f-d8c5-04aac229e635" testName="QueryDeviceEvidenceLockSizesCommandHandler_MediaDbRepairInProgress_ErrorResponse" computerName="DKSR-EFI-06" duration="00:00:00.0008727" startTime="2024-01-09T15:42:36.4196256+01:00" endTime="2024-01-09T15:42:36.4196256+01:00" testType="13cdc9d9-ddb5-4fa4-a97d-d965ccfc6d4b" outcome="Passed" testListId="8c84fa94-04c1-424b-9868-57a2d4851a1d" relativeResultsDirectory="fbbe1d39-ab7a-429c-98a6-d5615f09a323" />
    <UnitTestResult executionId="259b767d-fafc-4bc6-b5fa-a0f4392e0fb3" testId="268a44c4-5503-ae8c-9a86-ce9a204f913e" testName="ConfigParamNullCheck" computerName="DKSR-EFI-06" duration="00:00:00.0015038" startTime="2024-01-09T15:42:19.2008343+01:00" endTime="2024-01-09T15:42:19.2008343+01:00" testType="13cdc9d9-ddb5-4fa4-a97d-d965ccfc6d4b" outcome="Passed" testListId="8c84fa94-04c1-424b-9868-57a2d4851a1d" relativeResultsDirectory="259b767d-fafc-4bc6-b5fa-a0f4392e0fb3" />
    <UnitTestResult executionId="64755bf2-4b48-49f4-8987-6296c1b1783e" testId="84b988bf-d44b-4698-fb27-4782957d3dee" testName="SOAPCommandRequestHandler_ExecuteFunction_HandleSmartSearchStart_Success_SearchIntervalMoreThan1000" computerName="DKSR-EFI-06" duration="00:00:00.0031131" startTime="2024-01-09T15:42:15.6227065+01:00" endTime="2024-01-09T15:42:15.6383304+01:00" testType="13cdc9d9-ddb5-4fa4-a97d-d965ccfc6d4b" outcome="Passed" testListId="8c84fa94-04c1-424b-9868-57a2d4851a1d" relativeResultsDirectory="64755bf2-4b48-49f4-8987-6296c1b1783e" />
    <UnitTestResult executionId="a85d5ea4-89b7-4a8d-83fd-e0c689cddb29" testId="d0f53a30-d3a3-ea4f-ad42-7fa051a559d2" testName="ReadMessageHeaders_SimpleHttpHeaders_Success" computerName="DKSR-EFI-06" duration="00:00:00.0049977" startTime="2024-01-09T15:42:16.7945845+01:00" endTime="2024-01-09T15:42:16.7945845+01:00" testType="13cdc9d9-ddb5-4fa4-a97d-d965ccfc6d4b" outcome="Passed" testListId="8c84fa94-04c1-424b-9868-57a2d4851a1d" relativeResultsDirectory="a85d5ea4-89b7-4a8d-83fd-e0c689cddb29" />
    <UnitTestResult executionId="17cde046-d141-4221-b279-537d065f485f" testId="bc47c777-b840-2a5f-66e4-98b5b2140e2c" testName="SOAPCommandRequestHandler_ExecuteFunction_HandleSmartSearchCancel_NoSmartSearchId" computerName="DKSR-EFI-06" duration="00:00:00.0012598" startTime="2024-01-09T15:42:15.4820826+01:00" endTime="2024-01-09T15:42:15.4820826+01:00" testType="13cdc9d9-ddb5-4fa4-a97d-d965ccfc6d4b" outcome="Passed" testListId="8c84fa94-04c1-424b-9868-57a2d4851a1d" relativeResultsDirectory="17cde046-d141-4221-b279-537d065f485f" />
    <UnitTestResult executionId="37fba126-0d71-4cca-9969-4e2ddfee0a3a" testId="38c227eb-6fb4-f936-01c4-e003e3db2a3b" testName="MessageManagerCallback_HandleResponse_Fail_Disposed_NoRetry" computerName="DKSR-EFI-06" duration="00:00:00.1145079" startTime="2024-01-09T15:42:01.0601606+01:00" endTime="2024-01-09T15:42:01.1695342+01:00" testType="13cdc9d9-ddb5-4fa4-a97d-d965ccfc6d4b" outcome="Passed" testListId="8c84fa94-04c1-424b-9868-57a2d4851a1d" relativeResultsDirectory="37fba126-0d71-4cca-9969-4e2ddfee0a3a" />
    <UnitTestResult executionId="389884e5-4b4a-41a5-a6c9-604740f2b36d" testId="4bf9f557-e5aa-6820-3243-25edb82152cd" testName="Start_EstablishesConnection_ConnectionStateIsConnectedAndAttachedStateIsAttached" computerName="DKSR-EFI-06" duration="00:00:00.0051597" startTime="2024-01-09T15:42:02.1851672+01:00" endTime="2024-01-09T15:42:02.2007897+01:00" testType="13cdc9d9-ddb5-4fa4-a97d-d965ccfc6d4b" outcome="Passed" testListId="8c84fa94-04c1-424b-9868-57a2d4851a1d" relativeResultsDirectory="389884e5-4b4a-41a5-a6c9-604740f2b36d" />
    <UnitTestResult executionId="61037c15-9c5d-4b43-91bd-280a29f84313" testId="2a8aeb1e-6329-52b4-6ee4-2478001a0609" testName="LicenseManager_IsFeatureLicensedDoNotValidateLicense_DoesNotValidateExpiryDate_OnLicenseWithExpiry" computerName="DKSR-EFI-06" duration="00:00:00.0039751" startTime="2024-01-09T15:42:19.7477088+01:00" endTime="2024-01-09T15:42:19.7477088+01:00" testType="13cdc9d9-ddb5-4fa4-a97d-d965ccfc6d4b" outcome="Passed" testListId="8c84fa94-04c1-424b-9868-57a2d4851a1d" relativeResultsDirectory="61037c15-9c5d-4b43-91bd-280a29f84313" />
    <UnitTestResult executionId="e42450da-9ec5-4fd3-9d4c-2c6f59dd65bb" testId="f8b14395-e052-0428-5944-d990b243089b" testName="SOAPCommandRequestHandler_ExecuteFunction_HandleMulticastStop_NoMulticastSessionIds" computerName="DKSR-EFI-06" duration="00:00:00.0015717" startTime="2024-01-09T15:42:15.8102054+01:00" endTime="2024-01-09T15:42:15.8102054+01:00" testType="13cdc9d9-ddb5-4fa4-a97d-d965ccfc6d4b" outcome="Passed" testListId="8c84fa94-04c1-424b-9868-57a2d4851a1d" relativeResultsDirectory="e42450da-9ec5-4fd3-9d4c-2c6f59dd65bb" />
    <UnitTestResult executionId="e86bac1f-f3e8-4d9f-a8de-1934acb8da26" testId="bfb0ef35-4354-9b55-fc8d-a9ae1e504422" testName="CheckExternalRecorderRegistrationCommandHandler_Execute_HardwareNotFound_FailResponse" computerName="DKSR-EFI-06" duration="00:00:00.0004455" startTime="2024-01-09T15:42:30.9039677+01:00" endTime="2024-01-09T15:42:30.9039677+01:00" testType="13cdc9d9-ddb5-4fa4-a97d-d965ccfc6d4b" outcome="Passed" testListId="8c84fa94-04c1-424b-9868-57a2d4851a1d" relativeResultsDirectory="e86bac1f-f3e8-4d9f-a8de-1934acb8da26" />
    <UnitTestResult executionId="68687183-f152-4c17-b900-74af304e0619" testId="e20374bf-d2a7-0e47-aed0-8de3d57cd71b" testName="PingDeviceCommandHandler_Execute_NullArgs_Throws" computerName="DKSR-EFI-06" duration="00:00:00.0064401" startTime="2024-01-09T15:42:33.6227328+01:00" endTime="2024-01-09T15:42:33.6227328+01:00" testType="13cdc9d9-ddb5-4fa4-a97d-d965ccfc6d4b" outcome="Passed" testListId="8c84fa94-04c1-424b-9868-57a2d4851a1d" relativeResultsDirectory="68687183-f152-4c17-b900-74af304e0619">
      <Output>
        <StdOut>Debug Trace:&#xD;
Fail: Command/Command handler type mismatch&#xD;
Fail: Argument null.</StdOut>
      </Output>
    </UnitTestResult>
    <UnitTestResult executionId="4ef28876-9901-4d08-880b-cef1c0e60972" testId="003c62e7-b18c-96f0-42e4-4ea746a77e7a" testName="DriverProxyInstanceManager_AddHardware_AddedToProxyInstance" computerName="DKSR-EFI-06" duration="00:00:00.0101276" startTime="2024-01-09T15:42:00.5289706+01:00" endTime="2024-01-09T15:42:00.5450784+01:00" testType="13cdc9d9-ddb5-4fa4-a97d-d965ccfc6d4b" outcome="Passed" testListId="8c84fa94-04c1-424b-9868-57a2d4851a1d" relativeResultsDirectory="4ef28876-9901-4d08-880b-cef1c0e60972" />
    <UnitTestResult executionId="bf9d8919-f0db-4bdc-a661-d338eb6785ce" testId="c842dd6f-3642-d5da-f0c5-0b178afcc5f4" testName="PtzManualSession_Constructor_Reserved_Success" computerName="DKSR-EFI-06" duration="00:00:00.0004357" startTime="2024-01-09T15:42:38.4196367+01:00" endTime="2024-01-09T15:42:38.4196367+01:00" testType="13cdc9d9-ddb5-4fa4-a97d-d965ccfc6d4b" outcome="Passed" testListId="8c84fa94-04c1-424b-9868-57a2d4851a1d" relativeResultsDirectory="bf9d8919-f0db-4bdc-a661-d338eb6785ce" />
    <UnitTestResult executionId="ed4998a9-cc36-4e72-9512-f4a6b229715f" testId="d27e619c-c523-6639-7596-4ce8aee611b8" testName="PtzStopSessionCommandHandler_Execute_Success" computerName="DKSR-EFI-06" duration="00:00:00.0004104" startTime="2024-01-09T15:42:36.3883751+01:00" endTime="2024-01-09T15:42:36.3883751+01:00" testType="13cdc9d9-ddb5-4fa4-a97d-d965ccfc6d4b" outcome="Passed" testListId="8c84fa94-04c1-424b-9868-57a2d4851a1d" relativeResultsDirectory="ed4998a9-cc36-4e72-9512-f4a6b229715f" />
    <UnitTestResult executionId="5a7e0f27-1177-4361-9a07-6b7b151d6990" testId="59d4ac00-0459-3cec-bbc5-180061a2de03" testName="ConnectSuccess_PrevSeq_Denied" computerName="DKSR-EFI-06" duration="00:00:00.0023913" startTime="2024-01-09T15:42:13.0602028+01:00" endTime="2024-01-09T15:42:13.0602028+01:00" testType="13cdc9d9-ddb5-4fa4-a97d-d965ccfc6d4b" outcome="Passed" testListId="8c84fa94-04c1-424b-9868-57a2d4851a1d" relativeResultsDirectory="5a7e0f27-1177-4361-9a07-6b7b151d6990" />
    <UnitTestResult executionId="82fd1997-2a40-49ff-b514-6510bd7bdf6f" testId="40c747f8-f393-79cf-9d54-1747fa8224b9" testName="PtzManager_UpdateConfigurationFromDiffGram_Add_Success" computerName="DKSR-EFI-06" duration="00:00:00.0118034" startTime="2024-01-09T15:42:38.0446320+01:00" endTime="2024-01-09T15:42:38.0602562+01:00" testType="13cdc9d9-ddb5-4fa4-a97d-d965ccfc6d4b" outcome="Passed" testListId="8c84fa94-04c1-424b-9868-57a2d4851a1d" relativeResultsDirectory="82fd1997-2a40-49ff-b514-6510bd7bdf6f" />
    <UnitTestResult executionId="b444e17e-dd6c-4179-a089-dfd9cfbb89c1" testId="20ec6c48-efc2-8fc3-1b63-838530f83f37" testName="WebApiConfig_UpdatePublicPort_ChangePublicUri" computerName="DKSR-EFI-06" duration="00:00:00.0038696" startTime="2024-01-09T15:42:02.4507930+01:00" endTime="2024-01-09T15:42:02.4507930+01:00" testType="13cdc9d9-ddb5-4fa4-a97d-d965ccfc6d4b" outcome="Passed" testListId="8c84fa94-04c1-424b-9868-57a2d4851a1d" relativeResultsDirectory="b444e17e-dd6c-4179-a089-dfd9cfbb89c1" />
    <UnitTestResult executionId="b26d062c-bf32-4003-a39a-c08ce7e04c3e" testId="d56e476a-51a4-e2c1-ac36-f4b139422e78" testName="LicenseManager_TryGetFeatureExpiryDate_InvalidOperation" computerName="DKSR-EFI-06" duration="00:00:00.0016892" startTime="2024-01-09T15:42:19.7164611+01:00" endTime="2024-01-09T15:42:19.7320966+01:00" testType="13cdc9d9-ddb5-4fa4-a97d-d965ccfc6d4b" outcome="Passed" testListId="8c84fa94-04c1-424b-9868-57a2d4851a1d" relativeResultsDirectory="b26d062c-bf32-4003-a39a-c08ce7e04c3e" />
    <UnitTestResult executionId="3354ff04-6b2b-47c7-bf0c-5b4273bfbe79" testId="85472a76-c230-1b30-15bd-9370937ca35c" testName="DeleteHardwareUserCommandHandler_Constructor_NullArg_Throws" computerName="DKSR-EFI-06" duration="00:00:00.0029606" startTime="2024-01-09T15:42:31.6852189+01:00" endTime="2024-01-09T15:42:31.6852189+01:00" testType="13cdc9d9-ddb5-4fa4-a97d-d965ccfc6d4b" outcome="Passed" testListId="8c84fa94-04c1-424b-9868-57a2d4851a1d" relativeResultsDirectory="3354ff04-6b2b-47c7-bf0c-5b4273bfbe79" />
    <UnitTestResult executionId="92f2829f-efd8-48a8-bf67-25167dd34a27" testId="8a0cab33-6b5e-391e-95f0-395755847c75" testName="DatabaseoperationCommandhandler_Constructor_ArgumentNullException" computerName="DKSR-EFI-06" duration="00:00:00.0102392" startTime="2024-01-09T15:42:31.0445911+01:00" endTime="2024-01-09T15:42:31.0602137+01:00" testType="13cdc9d9-ddb5-4fa4-a97d-d965ccfc6d4b" outcome="Passed" testListId="8c84fa94-04c1-424b-9868-57a2d4851a1d" relativeResultsDirectory="92f2829f-efd8-48a8-bf67-25167dd34a27">
      <Output>
        <StdOut>Debug Trace:&#xD;
Fail: Argument null</StdOut>
      </Output>
    </UnitTestResult>
    <UnitTestResult executionId="f86b1121-95ec-414e-b03e-981412d000ac" testId="a58d2151-c40f-b31b-6cf5-e8280bd8e1c5" testName="ResponseController_SuccessResponseNullInput_BadRequestResult" computerName="DKSR-EFI-06" duration="00:00:00.0022135" startTime="2024-01-09T15:42:02.7476674+01:00" endTime="2024-01-09T15:42:02.7476674+01:00" testType="13cdc9d9-ddb5-4fa4-a97d-d965ccfc6d4b" outcome="Passed" testListId="8c84fa94-04c1-424b-9868-57a2d4851a1d" relativeResultsDirectory="f86b1121-95ec-414e-b03e-981412d000ac" />
    <UnitTestResult executionId="03e0df60-cdd6-48df-b87c-305ab1a27745" testId="54cdea7b-0376-4ef7-ebb0-2116290314a6" testName="RemoveSource_SetsRecordAllFramesToFalse_OnOneSource" computerName="DKSR-EFI-06" duration="00:00:00.0028957" startTime="2024-01-09T15:42:17.5289580+01:00" endTime="2024-01-09T15:42:17.5445848+01:00" testType="13cdc9d9-ddb5-4fa4-a97d-d965ccfc6d4b" outcome="Passed" testListId="8c84fa94-04c1-424b-9868-57a2d4851a1d" relativeResultsDirectory="03e0df60-cdd6-48df-b87c-305ab1a27745" />
    <UnitTestResult executionId="4eb41ee2-35a9-4d18-b8a7-a609b5e72a04" testId="a5d60cd1-f71a-58c1-12cf-0fb8e7f4031f" testName="GetDatabaseInfo_RecordingStorageFound_ArchiveHintTrue" computerName="DKSR-EFI-06" duration="00:00:00.0008512" startTime="2024-01-09T15:42:01.4976625+01:00" endTime="2024-01-09T15:42:01.4976625+01:00" testType="13cdc9d9-ddb5-4fa4-a97d-d965ccfc6d4b" outcome="Passed" testListId="8c84fa94-04c1-424b-9868-57a2d4851a1d" relativeResultsDirectory="4eb41ee2-35a9-4d18-b8a7-a609b5e72a04" />
    <UnitTestResult executionId="63ec5440-5ec8-4ca7-a2b5-da9533df026d" testId="5952ca8e-70e4-edb2-48cb-00ef9fcb94d4" testName="SOAPCommandRequestHandler_ExecuteFunction_HandleSequencesGetAround_No_Metadata_Security" computerName="DKSR-EFI-06" duration="00:00:00.0022616" startTime="2024-01-09T15:42:15.4039569+01:00" endTime="2024-01-09T15:42:15.4039569+01:00" testType="13cdc9d9-ddb5-4fa4-a97d-d965ccfc6d4b" outcome="Passed" testListId="8c84fa94-04c1-424b-9868-57a2d4851a1d" relativeResultsDirectory="63ec5440-5ec8-4ca7-a2b5-da9533df026d" />
    <UnitTestResult executionId="e9d550bf-7ba7-410b-8f77-508a4d1d85d8" testId="7ee1de79-7f7a-f703-68ea-2c3b2fd3b722" testName="ConfigurationController_ReplaceHardware_IsNull_BadRequestResult" computerName="DKSR-EFI-06" duration="00:00:00.0060520" startTime="2024-01-09T15:42:02.4507930+01:00" endTime="2024-01-09T15:42:02.4664177+01:00" testType="13cdc9d9-ddb5-4fa4-a97d-d965ccfc6d4b" outcome="Passed" testListId="8c84fa94-04c1-424b-9868-57a2d4851a1d" relativeResultsDirectory="e9d550bf-7ba7-410b-8f77-508a4d1d85d8" />
    <UnitTestResult executionId="a12b950b-d8a6-4131-8241-154cc1a5d3b4" testId="a10ebb89-791f-0b8d-7def-f32378661e60" testName="PtzReserveSessionCommandHandler_Execute_PtzException_AlreadyReserved" computerName="DKSR-EFI-06" duration="00:00:00.0005092" startTime="2024-01-09T15:42:36.3102485+01:00" endTime="2024-01-09T15:42:36.3102485+01:00" testType="13cdc9d9-ddb5-4fa4-a97d-d965ccfc6d4b" outcome="Passed" testListId="8c84fa94-04c1-424b-9868-57a2d4851a1d" relativeResultsDirectory="a12b950b-d8a6-4131-8241-154cc1a5d3b4" />
    <UnitTestResult executionId="7ca92746-e236-432d-ba09-fe4d74a0ed58" testId="233d0fdf-b96e-c746-7787-2e5bd7a693cf" testName="PopulateAuthorizationHeaderAsync_ContentIsNotJson_WebApiException" computerName="DKSR-EFI-06" duration="00:00:00.0030962" startTime="2024-01-09T15:42:17.8102087+01:00" endTime="2024-01-09T15:42:17.8102087+01:00" testType="13cdc9d9-ddb5-4fa4-a97d-d965ccfc6d4b" outcome="Passed" testListId="8c84fa94-04c1-424b-9868-57a2d4851a1d" relativeResultsDirectory="7ca92746-e236-432d-ba09-fe4d74a0ed58" />
    <UnitTestResult executionId="30b96af8-c108-4b0f-a6a5-cfb3971f9cad" testId="dc92e9c3-3b8b-e7f2-94a2-b88a8b54c638" testName="CheckForLiveAndOrphanTables_OrphanTable" computerName="DKSR-EFI-06" duration="00:00:00.1293778" startTime="2024-01-09T15:42:18.3102109+01:00" endTime="2024-01-09T15:42:18.4508357+01:00" testType="13cdc9d9-ddb5-4fa4-a97d-d965ccfc6d4b" outcome="Passed" testListId="8c84fa94-04c1-424b-9868-57a2d4851a1d" relativeResultsDirectory="30b96af8-c108-4b0f-a6a5-cfb3971f9cad" />
    <UnitTestResult executionId="36d3efaf-12fe-44ad-b814-28fba0c8bc30" testId="e7081bd1-8a6f-b420-ad43-e27839b1b2a1" testName="ReapplySettings_ResponseSinkIsNull_Failure" computerName="DKSR-EFI-06" duration="00:00:00.0197950" startTime="2024-01-09T15:42:36.4977481+01:00" endTime="2024-01-09T15:42:36.5289996+01:00" testType="13cdc9d9-ddb5-4fa4-a97d-d965ccfc6d4b" outcome="Passed" testListId="8c84fa94-04c1-424b-9868-57a2d4851a1d" relativeResultsDirectory="36d3efaf-12fe-44ad-b814-28fba0c8bc30">
      <Output>
        <StdOut>Debug Trace:&#xD;
Fail: Argument null.</StdOut>
      </Output>
    </UnitTestResult>
    <UnitTestResult executionId="ef3a9886-d81a-4e42-9228-c4ee7ae9b88c" testId="1576b950-f80c-8d73-f397-fd5016206cf2" testName="PtzPatrollingSessionBase_ControllerDoReachedEndPositionTask_Success" computerName="DKSR-EFI-06" duration="00:00:00.0017523" startTime="2024-01-09T15:42:38.5603026+01:00" endTime="2024-01-09T15:42:38.5603026+01:00" testType="13cdc9d9-ddb5-4fa4-a97d-d965ccfc6d4b" outcome="Passed" testListId="8c84fa94-04c1-424b-9868-57a2d4851a1d" relativeResultsDirectory="ef3a9886-d81a-4e42-9228-c4ee7ae9b88c">
      <Output>
        <StdOut>Debug Trace:&#xD;
VideoOS.Recorder.PtzPatrollingSession session started</StdOut>
      </Output>
    </UnitTestResult>
    <UnitTestResult executionId="ac9cdcf5-a69e-4249-8272-30185051596a" testId="e6cfa372-a5ab-53e9-c8e7-bb8eadfb2e48" testName="MediaDbConfigurationWriter_WriteDatabaseConfiguration" computerName="DKSR-EFI-06" duration="00:00:00.0362205" startTime="2024-01-09T15:42:30.3102135+01:00" endTime="2024-01-09T15:42:30.3414661+01:00" testType="13cdc9d9-ddb5-4fa4-a97d-d965ccfc6d4b" outcome="Passed" testListId="8c84fa94-04c1-424b-9868-57a2d4851a1d" relativeResultsDirectory="ac9cdcf5-a69e-4249-8272-30185051596a" />
    <UnitTestResult executionId="56edb0fe-9039-4d11-9bd8-d5de93febebd" testId="9a7f531b-ea36-d689-2c39-a36875a895bb" testName="SOAPCommandRequestHandler_ExecuteFunction_HandlePTZActivatePatrollingSchema_Success" computerName="DKSR-EFI-06" duration="00:00:00.0025359" startTime="2024-01-09T15:42:16.5289569+01:00" endTime="2024-01-09T15:42:16.5289569+01:00" testType="13cdc9d9-ddb5-4fa4-a97d-d965ccfc6d4b" outcome="Passed" testListId="8c84fa94-04c1-424b-9868-57a2d4851a1d" relativeResultsDirectory="56edb0fe-9039-4d11-9bd8-d5de93febebd" />
    <UnitTestResult executionId="029a22ea-9794-4c35-a1b3-cfc32c4f7d02" testId="5ece6615-6204-c2c7-d5ce-5fbcb4d47e21" testName="SessionExpiredTask_Constructor_ProcessTask" computerName="DKSR-EFI-06" duration="00:00:00.0052522" startTime="2024-01-09T15:42:38.3727606+01:00" endTime="2024-01-09T15:42:38.3727606+01:00" testType="13cdc9d9-ddb5-4fa4-a97d-d965ccfc6d4b" outcome="Passed" testListId="8c84fa94-04c1-424b-9868-57a2d4851a1d" relativeResultsDirectory="029a22ea-9794-4c35-a1b3-cfc32c4f7d02" />
    <UnitTestResult executionId="cd1f54cf-5ad5-4b32-8da2-8f4a39f446a1" testId="c7df2786-1bf9-b767-0796-f1e6a90b1ad9" testName="PtzManager_CenterAndZoomToRectangle_NoMediaFeedHandler" computerName="DKSR-EFI-06" duration="00:00:00.0027885" startTime="2024-01-09T15:42:38.2008828+01:00" endTime="2024-01-09T15:42:38.2165079+01:00" testType="13cdc9d9-ddb5-4fa4-a97d-d965ccfc6d4b" outcome="Passed" testListId="8c84fa94-04c1-424b-9868-57a2d4851a1d" relativeResultsDirectory="cd1f54cf-5ad5-4b32-8da2-8f4a39f446a1" />
    <UnitTestResult executionId="268c8b33-75c2-4248-a84e-5df0c1f2e4e3" testId="a934c57a-74dc-4b22-6ffd-7def539549a2" testName="SOAPCommandRequestHandler_ExecuteFunction_HandlePTZMoveStart_NoPtzArgs" computerName="DKSR-EFI-06" duration="00:00:00.0009527" startTime="2024-01-09T15:42:16.3102070+01:00" endTime="2024-01-09T15:42:16.3102070+01:00" testType="13cdc9d9-ddb5-4fa4-a97d-d965ccfc6d4b" outcome="Passed" testListId="8c84fa94-04c1-424b-9868-57a2d4851a1d" relativeResultsDirectory="268c8b33-75c2-4248-a84e-5df0c1f2e4e3" />
    <UnitTestResult executionId="416156a8-f9b0-445d-bbc8-3d3bb314eb95" testId="f9fa6136-beb5-497d-731c-1e5e5d405870" testName="DeleteHardwareUserCommandHandler_Execute_UserHandlingUnsupported_Error" computerName="DKSR-EFI-06" duration="00:00:00.0008299" startTime="2024-01-09T15:42:31.7320945+01:00" endTime="2024-01-09T15:42:31.7320945+01:00" testType="13cdc9d9-ddb5-4fa4-a97d-d965ccfc6d4b" outcome="Passed" testListId="8c84fa94-04c1-424b-9868-57a2d4851a1d" relativeResultsDirectory="416156a8-f9b0-445d-bbc8-3d3bb314eb95" />
    <UnitTestResult executionId="b81e573d-9e23-409d-a6af-1c45b55c8b30" testId="802628e8-6fb5-26fa-d1b8-23fa66f773bb" testName="SOAPCommandRequestHandler_ExecuteFunction_HandleOutputTrigger_NoDeviceId" computerName="DKSR-EFI-06" duration="00:00:00.0013216" startTime="2024-01-09T15:42:16.1227076+01:00" endTime="2024-01-09T15:42:16.1227076+01:00" testType="13cdc9d9-ddb5-4fa4-a97d-d965ccfc6d4b" outcome="Passed" testListId="8c84fa94-04c1-424b-9868-57a2d4851a1d" relativeResultsDirectory="b81e573d-9e23-409d-a6af-1c45b55c8b30" />
    <UnitTestResult executionId="5fadac2c-50ae-4028-8756-8b3478567b31" testId="45d8fc59-1a97-3295-4aa4-9068d7523d50" testName="SetNetworkConfigurationCommandHandler_Execute_HardwareNotFound_Fails" computerName="DKSR-EFI-06" duration="00:00:00.0006825" startTime="2024-01-09T15:42:36.9196246+01:00" endTime="2024-01-09T15:42:36.9196246+01:00" testType="13cdc9d9-ddb5-4fa4-a97d-d965ccfc6d4b" outcome="Passed" testListId="8c84fa94-04c1-424b-9868-57a2d4851a1d" relativeResultsDirectory="5fadac2c-50ae-4028-8756-8b3478567b31" />
    <UnitTestResult executionId="5e4e4372-05d1-4f86-a92a-7a58063c0218" testId="900c9cd5-08a4-4d6a-4132-97a4eb93252f" testName="SOAPCommandRequestHandler_ExecuteFunction_HandlePTZRectangle_Success" computerName="DKSR-EFI-06" duration="00:00:00.0029211" startTime="2024-01-09T15:42:16.4039588+01:00" endTime="2024-01-09T15:42:16.4039588+01:00" testType="13cdc9d9-ddb5-4fa4-a97d-d965ccfc6d4b" outcome="Passed" testListId="8c84fa94-04c1-424b-9868-57a2d4851a1d" relativeResultsDirectory="5e4e4372-05d1-4f86-a92a-7a58063c0218" />
    <UnitTestResult executionId="b8babfbc-d567-413c-abe0-54b6b563043a" testId="b6b3d141-f8a0-c55c-b1a6-650c04389773" testName="RequestRecordKeyframesOnlyIgnoreSecondaryIdentifiers_SetsRecordAllFramesToFalse_OnOneSource" computerName="DKSR-EFI-06" duration="00:00:00.0005271" startTime="2024-01-09T15:42:17.5445848+01:00" endTime="2024-01-09T15:42:17.5445848+01:00" testType="13cdc9d9-ddb5-4fa4-a97d-d965ccfc6d4b" outcome="Passed" testListId="8c84fa94-04c1-424b-9868-57a2d4851a1d" relativeResultsDirectory="b8babfbc-d567-413c-abe0-54b6b563043a" />
    <UnitTestResult executionId="3e835ab9-b4b7-4b29-99eb-bd460b5534c9" testId="8f4d98c4-c4c3-3370-b9b4-f84d99ebe3e0" testName="MediaDbCache_SetListFileSystemDiskUsage_Success" computerName="DKSR-EFI-06" duration="00:00:00.0014651" startTime="2024-01-09T15:42:30.2164661+01:00" endTime="2024-01-09T15:42:30.2164661+01:00" testType="13cdc9d9-ddb5-4fa4-a97d-d965ccfc6d4b" outcome="Passed" testListId="8c84fa94-04c1-424b-9868-57a2d4851a1d" relativeResultsDirectory="3e835ab9-b4b7-4b29-99eb-bd460b5534c9" />
    <UnitTestResult executionId="f9a9e365-ab47-4cf0-8c2f-e33bdf582308" testId="9b14ca91-25cd-257b-17f2-e1b151f28db5" testName="SOAPCommandRequestHandler_ExecuteFunction_HandleMulticastContinue_Success" computerName="DKSR-EFI-06" duration="00:00:00.0039494" startTime="2024-01-09T15:42:15.7945830+01:00" endTime="2024-01-09T15:42:15.7945830+01:00" testType="13cdc9d9-ddb5-4fa4-a97d-d965ccfc6d4b" outcome="Passed" testListId="8c84fa94-04c1-424b-9868-57a2d4851a1d" relativeResultsDirectory="f9a9e365-ab47-4cf0-8c2f-e33bdf582308" />
    <UnitTestResult executionId="ee07bd33-e338-49eb-8b04-e567ccd7cbec" testId="0cc146fb-7b5e-0f5b-f703-d063678bf0c1" testName="SetNetworkConfigurationCommandHandler_Execute_HardwareReadOnly_Errors" computerName="DKSR-EFI-06" duration="00:00:00.0007515" startTime="2024-01-09T15:42:36.9352976+01:00" endTime="2024-01-09T15:42:36.9352976+01:00" testType="13cdc9d9-ddb5-4fa4-a97d-d965ccfc6d4b" outcome="Passed" testListId="8c84fa94-04c1-424b-9868-57a2d4851a1d" relativeResultsDirectory="ee07bd33-e338-49eb-8b04-e567ccd7cbec" />
    <UnitTestResult executionId="0de1aade-911e-48cb-92d9-dc51cab4baf5" testId="9a3fbbbb-f996-7a27-25e0-852ec5b46dd8" testName="GetSettingAsIPAddress_NonExistingSetting_Throws_InvalidMulticastSettingsException" computerName="DKSR-EFI-06" duration="00:00:00.0004332" startTime="2024-01-09T15:42:19.6539617+01:00" endTime="2024-01-09T15:42:19.6539617+01:00" testType="13cdc9d9-ddb5-4fa4-a97d-d965ccfc6d4b" outcome="Passed" testListId="8c84fa94-04c1-424b-9868-57a2d4851a1d" relativeResultsDirectory="0de1aade-911e-48cb-92d9-dc51cab4baf5" />
    <UnitTestResult executionId="ac6b07e7-7ace-4460-878f-97cc6d07995e" testId="3dffb522-9ea9-2761-a867-9254d83c0b38" testName="CallStartMethodForNotCameraLinkedCameraNotStarted" computerName="DKSR-EFI-06" duration="00:00:00.0006772" startTime="2024-01-09T15:42:19.2008343+01:00" endTime="2024-01-09T15:42:19.2008343+01:00" testType="13cdc9d9-ddb5-4fa4-a97d-d965ccfc6d4b" outcome="Passed" testListId="8c84fa94-04c1-424b-9868-57a2d4851a1d" relativeResultsDirectory="ac6b07e7-7ace-4460-878f-97cc6d07995e" />
    <UnitTestResult executionId="df74e9f8-1775-41d1-968a-415f8aed2c79" testId="075fcecb-44cd-df6e-55bf-ba09e624e1d1" testName="FilterTrackIdsToThoseThatShouldNotHaveMediaOnRecorder_InternalStateStartedNoTasks_ReturnsEmptyArray" computerName="DKSR-EFI-06" duration="00:00:00.0017626" startTime="2024-01-09T15:42:02.2789166+01:00" endTime="2024-01-09T15:42:02.2789166+01:00" testType="13cdc9d9-ddb5-4fa4-a97d-d965ccfc6d4b" outcome="Passed" testListId="8c84fa94-04c1-424b-9868-57a2d4851a1d" relativeResultsDirectory="df74e9f8-1775-41d1-968a-415f8aed2c79" />
    <UnitTestResult executionId="9021dcdb-b557-4e90-bcd2-8f64dd65f3d7" testId="991cfc23-cd42-d572-2745-364bc3e13cbc" testName="EnhanceSettings_SunnyDay_EmptyExcludeRegionsUseRegionsSetToTrueAndPrivacyMask" computerName="DKSR-EFI-06" duration="00:00:00.0009717" startTime="2024-01-09T15:42:19.4195860+01:00" endTime="2024-01-09T15:42:19.4195860+01:00" testType="13cdc9d9-ddb5-4fa4-a97d-d965ccfc6d4b" outcome="Passed" testListId="8c84fa94-04c1-424b-9868-57a2d4851a1d" relativeResultsDirectory="9021dcdb-b557-4e90-bcd2-8f64dd65f3d7" />
    <UnitTestResult executionId="9fea818f-9fee-40c1-95f3-be53e7bc8369" testId="474ab277-6c31-1153-3cae-5919c48855fc" testName="GetRecorderTasks_InternalStateStartedNoTasks_ReturnsEmptyArray" computerName="DKSR-EFI-06" duration="00:00:00.0030089" startTime="2024-01-09T15:42:02.2320404+01:00" endTime="2024-01-09T15:42:02.2320404+01:00" testType="13cdc9d9-ddb5-4fa4-a97d-d965ccfc6d4b" outcome="Passed" testListId="8c84fa94-04c1-424b-9868-57a2d4851a1d" relativeResultsDirectory="9fea818f-9fee-40c1-95f3-be53e7bc8369" />
    <UnitTestResult executionId="1a0cf6b2-5a65-4cd2-87b9-97b757d9a2e3" testId="a2a4d979-bf79-d5c5-c522-a313408e9fa1" testName="PtzManagerDataHolder_GetPtzDevice_Preset_Not_Supported" computerName="DKSR-EFI-06" duration="00:00:00.0013329" startTime="2024-01-09T15:42:37.1227501+01:00" endTime="2024-01-09T15:42:37.1227501+01:00" testType="13cdc9d9-ddb5-4fa4-a97d-d965ccfc6d4b" outcome="Passed" testListId="8c84fa94-04c1-424b-9868-57a2d4851a1d" relativeResultsDirectory="1a0cf6b2-5a65-4cd2-87b9-97b757d9a2e3" />
    <UnitTestResult executionId="66d42c21-84ff-455a-b180-b8965cab26c4" testId="2dbd46d0-8c54-2724-aaff-586ac0b36aea" testName="ChangeConfigLinksWhileRecordingCamera" computerName="DKSR-EFI-06" duration="00:00:00.0037639" startTime="2024-01-09T15:42:19.1695863+01:00" endTime="2024-01-09T15:42:19.1695863+01:00" testType="13cdc9d9-ddb5-4fa4-a97d-d965ccfc6d4b" outcome="Passed" testListId="8c84fa94-04c1-424b-9868-57a2d4851a1d" relativeResultsDirectory="66d42c21-84ff-455a-b180-b8965cab26c4" />
    <UnitTestResult executionId="f0ae6e8c-da0d-4b2f-83bb-d2262fc6185b" testId="650b2554-02d7-52d8-edb9-78b1fa4e805c" testName="CheckForLiveAndOrphanTables_CreateMissingTable_MoveHw" computerName="DKSR-EFI-06" duration="00:00:00.0034987" startTime="2024-01-09T15:42:18.2945834+01:00" endTime="2024-01-09T15:42:18.2945834+01:00" testType="13cdc9d9-ddb5-4fa4-a97d-d965ccfc6d4b" outcome="Passed" testListId="8c84fa94-04c1-424b-9868-57a2d4851a1d" relativeResultsDirectory="f0ae6e8c-da0d-4b2f-83bb-d2262fc6185b" />
    <UnitTestResult executionId="bbf655ee-00bc-42e6-a76c-7a2247c07efc" testId="0996da3d-5125-1586-6301-d0ce39bfc9f0" testName="EdgeStorageLimitsCheckBandwidthWithLimitExceededMaxWait" computerName="DKSR-EFI-06" duration="00:00:00.0009611" startTime="2024-01-09T15:42:19.8570847+01:00" endTime="2024-01-09T15:42:19.8570847+01:00" testType="13cdc9d9-ddb5-4fa4-a97d-d965ccfc6d4b" outcome="Passed" testListId="8c84fa94-04c1-424b-9868-57a2d4851a1d" relativeResultsDirectory="bbf655ee-00bc-42e6-a76c-7a2247c07efc" />
    <UnitTestResult executionId="b350000c-ac0f-40d0-abb7-f8c19d8a7dfb" testId="e41ab18c-946b-f40d-841d-591d38d952a0" testName="ReadMessageHeaders_ReadRequestLine_SoapStatus2_Success" computerName="DKSR-EFI-06" duration="00:00:00.0001887" startTime="2024-01-09T15:42:16.7789562+01:00" endTime="2024-01-09T15:42:16.7789562+01:00" testType="13cdc9d9-ddb5-4fa4-a97d-d965ccfc6d4b" outcome="Passed" testListId="8c84fa94-04c1-424b-9868-57a2d4851a1d" relativeResultsDirectory="b350000c-ac0f-40d0-abb7-f8c19d8a7dfb" />
    <UnitTestResult executionId="963ac510-b58b-4a63-939b-7115fc2c2a61" testId="c79bcd43-4941-57ea-1a79-3475c0674753" testName="SOAPCommandRequestHandler_ExecuteFunction_HandleSmartSearchStart_SearchMaskWidthLessThan64" computerName="DKSR-EFI-06" duration="00:00:00.0030884" startTime="2024-01-09T15:42:15.5914592+01:00" endTime="2024-01-09T15:42:15.5914592+01:00" testType="13cdc9d9-ddb5-4fa4-a97d-d965ccfc6d4b" outcome="Passed" testListId="8c84fa94-04c1-424b-9868-57a2d4851a1d" relativeResultsDirectory="963ac510-b58b-4a63-939b-7115fc2c2a61" />
    <UnitTestResult executionId="0b977aa9-ef76-460f-b29a-ed2d38e1cbbb" testId="6988a5e0-e3c4-d15b-8e6e-ee49205b2a61" testName="PtzManager_GotoPreset_Success" computerName="DKSR-EFI-06" duration="00:00:00.0011374" startTime="2024-01-09T15:42:38.2165079+01:00" endTime="2024-01-09T15:42:38.2321337+01:00" testType="13cdc9d9-ddb5-4fa4-a97d-d965ccfc6d4b" outcome="Passed" testListId="8c84fa94-04c1-424b-9868-57a2d4851a1d" relativeResultsDirectory="0b977aa9-ef76-460f-b29a-ed2d38e1cbbb" />
    <UnitTestResult executionId="464d6b90-bdd3-4f3c-8316-00ff36393a65" testId="5f69b9c8-39a0-f558-d8b2-db730d17b04b" testName="FailoverMediaMover_MoveMediaDataHere_Storage_Offline_Tables_Not_Touched" computerName="DKSR-EFI-06" duration="00:00:00.0065251" startTime="2024-01-09T15:42:01.3101597+01:00" endTime="2024-01-09T15:42:01.3101597+01:00" testType="13cdc9d9-ddb5-4fa4-a97d-d965ccfc6d4b" outcome="Passed" testListId="8c84fa94-04c1-424b-9868-57a2d4851a1d" relativeResultsDirectory="464d6b90-bdd3-4f3c-8316-00ff36393a65" />
    <UnitTestResult executionId="57c04990-4657-4dd1-8cb6-0f412c46c66f" testId="4c381978-12d5-0e6f-00d2-6b440f9dc78e" testName="TimeRangeConversion3RangesInsideUnsorted" computerName="DKSR-EFI-06" duration="00:00:00.0008249" startTime="2024-01-09T15:42:29.8883409+01:00" endTime="2024-01-09T15:42:29.8883409+01:00" testType="13cdc9d9-ddb5-4fa4-a97d-d965ccfc6d4b" outcome="Passed" testListId="8c84fa94-04c1-424b-9868-57a2d4851a1d" relativeResultsDirectory="57c04990-4657-4dd1-8cb6-0f412c46c66f" />
    <UnitTestResult executionId="ca105170-46b2-422e-8cea-2acbd4be8dd8" testId="95735401-57f2-29c2-af3c-690c72a34c67" testName="ResponseController_FailureResponseNullInput_BadRequestResult" computerName="DKSR-EFI-06" duration="00:00:00.0004070" startTime="2024-01-09T15:42:02.7476674+01:00" endTime="2024-01-09T15:42:02.7476674+01:00" testType="13cdc9d9-ddb5-4fa4-a97d-d965ccfc6d4b" outcome="Passed" testListId="8c84fa94-04c1-424b-9868-57a2d4851a1d" relativeResultsDirectory="ca105170-46b2-422e-8cea-2acbd4be8dd8" />
    <UnitTestResult executionId="dd6ab6d4-0008-4414-a381-b4078b1833e5" testId="b2d1aeaa-91be-0e1b-799c-a198487e8821" testName="CheckExternalRecorderRegistrationCommandHandler_Execute_HardwareNotEnabled_ErrorResponse" computerName="DKSR-EFI-06" duration="00:00:00.0006432" startTime="2024-01-09T15:42:30.8883401+01:00" endTime="2024-01-09T15:42:30.8883401+01:00" testType="13cdc9d9-ddb5-4fa4-a97d-d965ccfc6d4b" outcome="Passed" testListId="8c84fa94-04c1-424b-9868-57a2d4851a1d" relativeResultsDirectory="dd6ab6d4-0008-4414-a381-b4078b1833e5" />
    <UnitTestResult executionId="fee28f6a-a23f-46b3-a187-04ab61679f0e" testId="5ac6fcfc-6af8-3974-71bf-61bafe388d40" testName="GetNetworkConfigurationCommandHandler_Execute_GetNetworkConfiguration_ThrowsNetworkSettingsManagementUnsupported_Errors" computerName="DKSR-EFI-06" duration="00:00:00.0009089" startTime="2024-01-09T15:42:33.2164788+01:00" endTime="2024-01-09T15:42:33.2164788+01:00" testType="13cdc9d9-ddb5-4fa4-a97d-d965ccfc6d4b" outcome="Passed" testListId="8c84fa94-04c1-424b-9868-57a2d4851a1d" relativeResultsDirectory="fee28f6a-a23f-46b3-a187-04ab61679f0e" />
    <UnitTestResult executionId="02866ddd-81c4-4e9d-8446-2a513fb946d3" testId="995ee61d-cf31-f76d-10a8-999e574d493d" testName="SOAPCommandRequestHandler_ExecuteFunction_HandlePTZMoveAbsolute_No_Security" computerName="DKSR-EFI-06" duration="00:00:00.0037028" startTime="2024-01-09T15:42:16.2477081+01:00" endTime="2024-01-09T15:42:16.2477081+01:00" testType="13cdc9d9-ddb5-4fa4-a97d-d965ccfc6d4b" outcome="Passed" testListId="8c84fa94-04c1-424b-9868-57a2d4851a1d" relativeResultsDirectory="02866ddd-81c4-4e9d-8446-2a513fb946d3" />
    <UnitTestResult executionId="79714649-4cb0-4ed8-af1e-9033c8fa5f84" testId="d39ffd11-f37b-9674-d0d6-e10d28803318" testName="PtzReleaseSession_ModelIsNull_BadRequestResult" computerName="DKSR-EFI-06" duration="00:00:00.0014916" startTime="2024-01-09T15:42:02.6695431+01:00" endTime="2024-01-09T15:42:02.6695431+01:00" testType="13cdc9d9-ddb5-4fa4-a97d-d965ccfc6d4b" outcome="Passed" testListId="8c84fa94-04c1-424b-9868-57a2d4851a1d" relativeResultsDirectory="79714649-4cb0-4ed8-af1e-9033c8fa5f84" />
    <UnitTestResult executionId="cba93a2f-9fe1-491c-99e5-3305f142763e" testId="6538f49f-5d7b-7bbc-9eb9-20372d121d3a" testName="EdgeStorageLimitsCheckBandwidthWithLimitNewSecond" computerName="DKSR-EFI-06" duration="00:00:00.0012853" startTime="2024-01-09T15:42:19.8570847+01:00" endTime="2024-01-09T15:42:19.8570847+01:00" testType="13cdc9d9-ddb5-4fa4-a97d-d965ccfc6d4b" outcome="Passed" testListId="8c84fa94-04c1-424b-9868-57a2d4851a1d" relativeResultsDirectory="cba93a2f-9fe1-491c-99e5-3305f142763e" />
    <UnitTestResult executionId="b94a1063-8e1a-4ada-9825-8b4ba7f899ea" testId="23d822b9-5805-a7e4-84d0-61bec1cc15fa" testName="RepairInfo_ParseRepairInfoXml_InValidXML_Throws" computerName="DKSR-EFI-06" duration="00:00:00.0041437" startTime="2024-01-09T15:42:30.4664662+01:00" endTime="2024-01-09T15:42:30.4664662+01:00" testType="13cdc9d9-ddb5-4fa4-a97d-d965ccfc6d4b" outcome="Passed" testListId="8c84fa94-04c1-424b-9868-57a2d4851a1d" relativeResultsDirectory="b94a1063-8e1a-4ada-9825-8b4ba7f899ea" />
    <UnitTestResult executionId="29a158af-dffa-4bc2-87bd-c3c9d5cc6873" testId="6e95ef38-6c10-c578-d203-7b7ac687fd95" testName="CheckForLiveAndOrphanTables_TablesMatches" computerName="DKSR-EFI-06" duration="00:00:00.0036250" startTime="2024-01-09T15:42:18.2945834+01:00" endTime="2024-01-09T15:42:18.3102109+01:00" testType="13cdc9d9-ddb5-4fa4-a97d-d965ccfc6d4b" outcome="Passed" testListId="8c84fa94-04c1-424b-9868-57a2d4851a1d" relativeResultsDirectory="29a158af-dffa-4bc2-87bd-c3c9d5cc6873" />
    <UnitTestResult executionId="9c9b797a-1fb1-498a-8e7d-68a16a869154" testId="1c05d64a-8908-e7fc-26cc-a3403a01b18a" testName="HardwareScanSession_TestStartAnd1Stop" computerName="DKSR-EFI-06" duration="00:00:00.7781431" startTime="2024-01-09T15:42:19.9977114+01:00" endTime="2024-01-09T15:42:20.7789612+01:00" testType="13cdc9d9-ddb5-4fa4-a97d-d965ccfc6d4b" outcome="Passed" testListId="8c84fa94-04c1-424b-9868-57a2d4851a1d" relativeResultsDirectory="9c9b797a-1fb1-498a-8e7d-68a16a869154" />
    <UnitTestResult executionId="6bd3200b-c1a4-419f-bf79-5cd5c0aeaac9" testId="1e407488-9201-420d-35b5-15b3a1904cc0" testName="PtzPatrollingSessionBase_ExternalStopAndMoveToEndPosition_DeviceNotStarted" computerName="DKSR-EFI-06" duration="00:00:00.0012612" startTime="2024-01-09T15:42:38.5290102+01:00" endTime="2024-01-09T15:42:38.5290102+01:00" testType="13cdc9d9-ddb5-4fa4-a97d-d965ccfc6d4b" outcome="Passed" testListId="8c84fa94-04c1-424b-9868-57a2d4851a1d" relativeResultsDirectory="6bd3200b-c1a4-419f-bf79-5cd5c0aeaac9">
      <Output>
        <StdOut>Debug Trace:&#xD;
VideoOS.Recorder.PtzPatrollingSession session started</StdOut>
      </Output>
    </UnitTestResult>
    <UnitTestResult executionId="ac1a1748-bcab-42ec-96d2-4d6f73b8c4d0" testId="0c1131d6-ea34-9cb2-b6c6-1fc76226faa0" testName="ChangeHardwarePasswordCommandHandler_Execute_ChangePassword_ThrowsPasswordTooShort_Errors" computerName="DKSR-EFI-06" duration="00:00:00.0007611" startTime="2024-01-09T15:42:30.7320932+01:00" endTime="2024-01-09T15:42:30.7320932+01:00" testType="13cdc9d9-ddb5-4fa4-a97d-d965ccfc6d4b" outcome="Passed" testListId="8c84fa94-04c1-424b-9868-57a2d4851a1d" relativeResultsDirectory="ac1a1748-bcab-42ec-96d2-4d6f73b8c4d0" />
    <UnitTestResult executionId="2c083fd3-d673-4fec-9ae7-b4868359c5ad" testId="5bf2d8f9-261a-68f8-0490-6149538c958f" testName="DiffGramToApplyToOrigionalDataSetToMakeItIdenticalWithNewDataSet_FailoverInfo_Modified_Success" computerName="DKSR-EFI-06" duration="00:00:00.0126898" startTime="2024-01-09T15:42:00.4039667+01:00" endTime="2024-01-09T15:42:00.4195924+01:00" testType="13cdc9d9-ddb5-4fa4-a97d-d965ccfc6d4b" outcome="Passed" testListId="8c84fa94-04c1-424b-9868-57a2d4851a1d" relativeResultsDirectory="2c083fd3-d673-4fec-9ae7-b4868359c5ad" />
    <UnitTestResult executionId="5f51b933-cee7-4680-b56a-dccd2f360d75" testId="58114127-3d07-75a5-3479-5709c3808709" testName="SOAPCommandRequestHandler_ExecuteFunction_HandlePTZRectangle_NoLeft" computerName="DKSR-EFI-06" duration="00:00:00.0009815" startTime="2024-01-09T15:42:16.3727101+01:00" endTime="2024-01-09T15:42:16.3727101+01:00" testType="13cdc9d9-ddb5-4fa4-a97d-d965ccfc6d4b" outcome="Passed" testListId="8c84fa94-04c1-424b-9868-57a2d4851a1d" relativeResultsDirectory="5f51b933-cee7-4680-b56a-dccd2f360d75" />
    <UnitTestResult executionId="8293a4fd-e77e-41ea-8c64-2a46b0b93031" testId="fef1b3c8-b705-02f6-d7e4-83524813e7b5" testName="SOAPCommandRequestHandler_GetClientCapabilities_PrivacyMask_Child_Of_ClientCapabilities_Section_Is_One" computerName="DKSR-EFI-06" duration="00:00:00.0004501" startTime="2024-01-09T15:42:15.7164585+01:00" endTime="2024-01-09T15:42:15.7164585+01:00" testType="13cdc9d9-ddb5-4fa4-a97d-d965ccfc6d4b" outcome="Passed" testListId="8c84fa94-04c1-424b-9868-57a2d4851a1d" relativeResultsDirectory="8293a4fd-e77e-41ea-8c64-2a46b0b93031" />
    <UnitTestResult executionId="0b959872-da6a-4cd5-8129-d55320b7ea49" testId="37efe3a0-8dfb-2c87-4cda-e6528220711e" testName="FillableGridAreaFromExcludeRegion" computerName="DKSR-EFI-06" duration="00:00:00.0009144" startTime="2024-01-09T15:42:17.5758348+01:00" endTime="2024-01-09T15:42:17.5758348+01:00" testType="13cdc9d9-ddb5-4fa4-a97d-d965ccfc6d4b" outcome="Passed" testListId="8c84fa94-04c1-424b-9868-57a2d4851a1d" relativeResultsDirectory="0b959872-da6a-4cd5-8129-d55320b7ea49" />
    <UnitTestResult executionId="ff77c2ca-331b-4ae1-b606-6d371dd56953" testId="0e1ecbc3-3cb2-c334-5b60-0347f5b8c7b9" testName="MediaDbUtil_MultitrackNavigation_Scenario12" computerName="DKSR-EFI-06" duration="00:00:00.0803117" startTime="2024-01-09T15:42:14.3883298+01:00" endTime="2024-01-09T15:42:14.4664524+01:00" testType="13cdc9d9-ddb5-4fa4-a97d-d965ccfc6d4b" outcome="Passed" testListId="8c84fa94-04c1-424b-9868-57a2d4851a1d" relativeResultsDirectory="ff77c2ca-331b-4ae1-b606-6d371dd56953">
      <Output>
        <StdOut>TestContext Messages:&#xD;
Before&#xD;
Navigation:  " V                                            "&#xD;
Source    :  " 1 1 1 1 1 1 1 1 1 1 1 1 1 1 1 1 1 1 1 1 1 1 1"&#xD;
Unable to move&#xD;
&#xD;
AtOrBefore&#xD;
Navigation:  " V                                            "&#xD;
Source    :  " 1 1 1 1 1 1 1 1 1 1 1 1 1 1 1 1 1 1 1 1 1 1 1"&#xD;
Expected  :  " 1 N                                          "&#xD;
Actual    :  " 1 N                                          "&#xD;
&#xD;
AtOrAfter&#xD;
Navigation:  " V                                            "&#xD;
Source    :  " 1 1 1 1 1 1 1 1 1 1 1 1 1 1 1 1 1 1 1 1 1 1 1"&#xD;
Expected  :  " 1 N                                          "&#xD;
Actual    :  " 1 N                                          "&#xD;
&#xD;
After&#xD;
Navigation:  " V                                            "&#xD;
Source    :  " 1 1 1 1 1 1 1 1 1 1 1 1 1 1 1 1 1 1 1 1 1 1 1"&#xD;
Expected  :  " P 1 N                                        "&#xD;
Actual    :  " P 1 N                                        "&#xD;
&#xD;
Before&#xD;
Navigation:  "           V                                  "&#xD;
Source    :  " 1 1 1 1 1 1 1 1 1 1 1 1 1 1 1 1 1 1 1 1 1 1 1"&#xD;
Expected  :  "       P 1 N                                  "&#xD;
Actual    :  "       P 1 N                                  "&#xD;
&#xD;
AtOrBefore&#xD;
Navigation:  "           V                                  "&#xD;
Source    :  " 1 1 1 1 1 1 1 1 1 1 1 1 1 1 1 1 1 1 1 1 1 1 1"&#xD;
Expected  :  "         P 1 N                                "&#xD;
Actual    :  "         P 1 N                                "&#xD;
&#xD;
AtOrAfter&#xD;
Navigation:  "           V                                  "&#xD;
Source    :  " 1 1 1 1 1 1 1 1 1 1 1 1 1 1 1 1 1 1 1 1 1 1 1"&#xD;
Expected  :  "         P 1 N                                "&#xD;
Actual    :  "         P 1 N                                "&#xD;
&#xD;
After&#xD;
Navigation:  "           V                                  "&#xD;
Source    :  " 1 1 1 1 1 1 1 1 1 1 1 1 1 1 1 1 1 1 1 1 1 1 1"&#xD;
Expected  :  "           P 1 N                              "&#xD;
Actual    :  "           P 1 N                              "&#xD;
&#xD;
Before&#xD;
Navigation:  "              V                               "&#xD;
Source    :  " 1 1 1 1 1 1 1 1 1 1 1 1 1 1 1 1 1 1 1 1 1 1 1"&#xD;
Expected  :  "           P 1 N                              "&#xD;
Actual    :  "           P 1 N                              "&#xD;
&#xD;
AtOrBefore&#xD;
Navigation:  "              V                               "&#xD;
Source    :  " 1 1 1 1 1 1 1 1 1 1 1 1 1 1 1 1 1 1 1 1 1 1 1"&#xD;
Expected  :  "           P 1 N                              "&#xD;
Actual    :  "           P 1 N                              "&#xD;
&#xD;
AtOrAfter&#xD;
Navigation:  "              V                               "&#xD;
Source    :  " 1 1 1 1 1 1 1 1 1 1 1 1 1 1 1 1 1 1 1 1 1 1 1"&#xD;
Expected  :  "             P 1 N                            "&#xD;
Actual    :  "             P 1 N                            "&#xD;
&#xD;
After&#xD;
Navigation:  "              V                               "&#xD;
Source    :  " 1 1 1 1 1 1 1 1 1 1 1 1 1 1 1 1 1 1 1 1 1 1 1"&#xD;
Expected  :  "             P 1 N                            "&#xD;
Actual    :  "             P 1 N                            "&#xD;
&#xD;
Before&#xD;
Navigation:  "                 V                            "&#xD;
Source    :  " 1 1 1 1 1 1 1 1 1 1 1 1 1 1 1 1 1 1 1 1 1 1 1"&#xD;
Expected  :  "             P 1 N                            "&#xD;
Actual    :  "             P 1 N                            "&#xD;
&#xD;
AtOrBefore&#xD;
Navigation:  "                 V                            "&#xD;
Source    :  " 1 1 1 1 1 1 1 1 1 1 1 1 1 1 1 1 1 1 1 1 1 1 1"&#xD;
Expected  :  "               P 1 N                          "&#xD;
Actual    :  "               P 1 N                          "&#xD;
&#xD;
AtOrAfter&#xD;
Navigation:  "                 V                            "&#xD;
Source    :  " 1 1 1 1 1 1 1 1 1 1 1 1 1 1 1 1 1 1 1 1 1 1 1"&#xD;
Expected  :  "               P 1 N                          "&#xD;
Actual    :  "               P 1 N                          "&#xD;
&#xD;
After&#xD;
Navigation:  "                 V                            "&#xD;
Source    :  " 1 1 1 1 1 1 1 1 1 1 1 1 1 1 1 1 1 1 1 1 1 1 1"&#xD;
Expected  :  "                 P 1 N                        "&#xD;
Actual    :  "                 P 1 N                        "&#xD;
&#xD;
Before&#xD;
Navigation:  "                  V                           "&#xD;
Source    :  " 1 1 1 1 1 1 1 1 1 1 1 1 1 1 1 1 1 1 1 1 1 1 1"&#xD;
Expected  :  "               P 1 N                          "&#xD;
Actual    :  "               P 1 N                          "&#xD;
&#xD;
AtOrBefore&#xD;
Navigation:  "                  V                           "&#xD;
Source    :  " 1 1 1 1 1 1 1 1 1 1 1 1 1 1 1 1 1 1 1 1 1 1 1"&#xD;
Expected  :  "               P 1 N                          "&#xD;
Actual    :  "               P 1 N                          "&#xD;
&#xD;
AtOrAfter&#xD;
Navigation:  "                  V                           "&#xD;
Source    :  " 1 1 1 1 1 1 1 1 1 1 1 1 1 1 1 1 1 1 1 1 1 1 1"&#xD;
Expected  :  "                 P 1 N                        "&#xD;
Actual    :  "                 P 1 N                        "&#xD;
&#xD;
After&#xD;
Navigation:  "                  V                           "&#xD;
Source    :  " 1 1 1 1 1 1 1 1 1 1 1 1 1 1 1 1 1 1 1 1 1 1 1"&#xD;
Expected  :  "                 P 1 N                        "&#xD;
Actual    :  "                 P 1 N                        "&#xD;
&#xD;
Before&#xD;
Navigation:  "                   V                          "&#xD;
Source    :  " 1 1 1 1 1 1 1 1 1 1 1 1 1 1 1 1 1 1 1 1 1 1 1"&#xD;
Expected  :  "               P 1 N                          "&#xD;
Actual    :  "               P 1 N                          "&#xD;
&#xD;
AtOrBefore&#xD;
Navigation:  "                   V                          "&#xD;
Source    :  " 1 1 1 1 1 1 1 1 1 1 1 1 1 1 1 1 1 1 1 1 1 1 1"&#xD;
Expected  :  "                 P 1 N                        "&#xD;
Actual    :  "                 P 1 N                        "&#xD;
&#xD;
AtOrAfter&#xD;
Navigation:  "                   V                          "&#xD;
Source    :  " 1 1 1 1 1 1 1 1 1 1 1 1 1 1 1 1 1 1 1 1 1 1 1"&#xD;
Expected  :  "                 P 1 N                        "&#xD;
Actual    :  "                 P 1 N                        "&#xD;
&#xD;
After&#xD;
Navigation:  "                   V                          "&#xD;
Source    :  " 1 1 1 1 1 1 1 1 1 1 1 1 1 1 1 1 1 1 1 1 1 1 1"&#xD;
Expected  :  "                   P 1 N                      "&#xD;
Actual    :  "                   P 1 N                      "&#xD;
&#xD;
Before&#xD;
Navigation:  "                          V                   "&#xD;
Source    :  " 1 1 1 1 1 1 1 1 1 1 1 1 1 1 1 1 1 1 1 1 1 1 1"&#xD;
Expected  :  "                       P 1 N                  "&#xD;
Actual    :  "                       P 1 N                  "&#xD;
&#xD;
AtOrBefore&#xD;
Navigation:  "                          V                   "&#xD;
Source    :  " 1 1 1 1 1 1 1 1 1 1 1 1 1 1 1 1 1 1 1 1 1 1 1"&#xD;
Expected  :  "                       P 1 N                  "&#xD;
Actual    :  "                       P 1 N                  "&#xD;
&#xD;
AtOrAfter&#xD;
Navigation:  "                          V                   "&#xD;
Source    :  " 1 1 1 1 1 1 1 1 1 1 1 1 1 1 1 1 1 1 1 1 1 1 1"&#xD;
Expected  :  "                         P 1 N                "&#xD;
Actual    :  "                         P 1 N                "&#xD;
&#xD;
After&#xD;
Navigation:  "                          V                   "&#xD;
Source    :  " 1 1 1 1 1 1 1 1 1 1 1 1 1 1 1 1 1 1 1 1 1 1 1"&#xD;
Expected  :  "                         P 1 N                "&#xD;
Actual    :  "                         P 1 N                "&#xD;
&#xD;
Before&#xD;
Navigation:  "                               V              "&#xD;
Source    :  " 1 1 1 1 1 1 1 1 1 1 1 1 1 1 1 1 1 1 1 1 1 1 1"&#xD;
Expected  :  "                           P 1 N              "&#xD;
Actual    :  "                           P 1 N              "&#xD;
&#xD;
AtOrBefore&#xD;
Navigation:  "                               V              "&#xD;
Source    :  " 1 1 1 1 1 1 1 1 1 1 1 1 1 1 1 1 1 1 1 1 1 1 1"&#xD;
Expected  :  "                             P 1 N            "&#xD;
Actual    :  "                             P 1 N            "&#xD;
&#xD;
AtOrAfter&#xD;
Navigation:  "                               V              "&#xD;
Source    :  " 1 1 1 1 1 1 1 1 1 1 1 1 1 1 1 1 1 1 1 1 1 1 1"&#xD;
Expected  :  "                             P 1 N            "&#xD;
Actual    :  "                             P 1 N            "&#xD;
&#xD;
After&#xD;
Navigation:  "                               V              "&#xD;
Source    :  " 1 1 1 1 1 1 1 1 1 1 1 1 1 1 1 1 1 1 1 1 1 1 1"&#xD;
Expected  :  "                               P 1 N          "&#xD;
Actual    :  "                               P 1 N          "&#xD;
&#xD;
Before&#xD;
Navigation:  "                                      V       "&#xD;
Source    :  " 1 1 1 1 1 1 1 1 1 1 1 1 1 1 1 1 1 1 1 1 1 1 1"&#xD;
Expected  :  "                                   P 1 N      "&#xD;
Actual    :  "                                   P 1 N      "&#xD;
&#xD;
AtOrBefore&#xD;
Navigation:  "                                      V       "&#xD;
Source    :  " 1 1 1 1 1 1 1 1 1 1 1 1 1 1 1 1 1 1 1 1 1 1 1"&#xD;
Expected  :  "                                   P 1 N      "&#xD;
Actual    :  "                                   P 1 N      "&#xD;
&#xD;
AtOrAfter&#xD;
Navigation:  "                                      V       "&#xD;
Source    :  " 1 1 1 1 1 1 1 1 1 1 1 1 1 1 1 1 1 1 1 1 1 1 1"&#xD;
Expected  :  "                                     P 1 N    "&#xD;
Actual    :  "                                     P 1 N    "&#xD;
&#xD;
After&#xD;
Navigation:  "                                      V       "&#xD;
Source    :  " 1 1 1 1 1 1 1 1 1 1 1 1 1 1 1 1 1 1 1 1 1 1 1"&#xD;
Expected  :  "                                     P 1 N    "&#xD;
Actual    :  "                                     P 1 N    "&#xD;
&#xD;
Before&#xD;
Navigation:  "                                            V "&#xD;
Source    :  " 1 1 1 1 1 1 1 1 1 1 1 1 1 1 1 1 1 1 1 1 1 1 1"&#xD;
Expected  :  "                                         P 1 N"&#xD;
Actual    :  "                                         P 1 N"&#xD;
&#xD;
AtOrBefore&#xD;
Navigation:  "                                            V "&#xD;
Source    :  " 1 1 1 1 1 1 1 1 1 1 1 1 1 1 1 1 1 1 1 1 1 1 1"&#xD;
Expected  :  "                                         P 1 N"&#xD;
Actual    :  "                                         P 1 N"&#xD;
&#xD;
AtOrAfter&#xD;
Navigation:  "                                            V "&#xD;
Source    :  " 1 1 1 1 1 1 1 1 1 1 1 1 1 1 1 1 1 1 1 1 1 1 1"&#xD;
Expected  :  "                                           P 1"&#xD;
Actual    :  "                                           P 1"&#xD;
&#xD;
After&#xD;
Navigation:  "                                            V "&#xD;
Source    :  " 1 1 1 1 1 1 1 1 1 1 1 1 1 1 1 1 1 1 1 1 1 1 1"&#xD;
Expected  :  "                                           P 1"&#xD;
Actual    :  "                                           P 1"&#xD;
&#xD;
Before&#xD;
Navigation:  " V                                            "&#xD;
Source    :  " 1 1 1 1 1 1 1 1 1 2 2 2 2 2 2 2 2 2 2 2 2 2 2"&#xD;
Unable to move&#xD;
&#xD;
AtOrBefore&#xD;
Navigation:  " V                                            "&#xD;
Source    :  " 1 1 1 1 1 1 1 1 1 2 2 2 2 2 2 2 2 2 2 2 2 2 2"&#xD;
Expected  :  " 1 N                                          "&#xD;
Actual    :  " 1 N                                          "&#xD;
&#xD;
AtOrAfter&#xD;
Navigation:  " V                                            "&#xD;
Source    :  " 1 1 1 1 1 1 1 1 1 2 2 2 2 2 2 2 2 2 2 2 2 2 2"&#xD;
Expected  :  " 1 N                                          "&#xD;
Actual    :  " 1 N                                          "&#xD;
&#xD;
After&#xD;
Navigation:  " V                                            "&#xD;
Source    :  " 1 1 1 1 1 1 1 1 1 2 2 2 2 2 2 2 2 2 2 2 2 2 2"&#xD;
Expected  :  " P 1 N                                        "&#xD;
Actual    :  " P 1 N                                        "&#xD;
&#xD;
Before&#xD;
Navigation:  "           V                                  "&#xD;
Source    :  " 1 1 1 1 1 1 1 1 1 2 2 2 2 2 2 2 2 2 2 2 2 2 2"&#xD;
Expected  :  "       P 1 N                                  "&#xD;
Actual    :  "       P 1 N                                  "&#xD;
&#xD;
AtOrBefore&#xD;
Navigation:  "           V                                  "&#xD;
Source    :  " 1 1 1 1 1 1 1 1 1 2 2 2 2 2 2 2 2 2 2 2 2 2 2"&#xD;
Expected  :  "         P 1 N                                "&#xD;
Actual    :  "         P 1 N                                "&#xD;
&#xD;
AtOrAfter&#xD;
Navigation:  "           V                                  "&#xD;
Source    :  " 1 1 1 1 1 1 1 1 1 2 2 2 2 2 2 2 2 2 2 2 2 2 2"&#xD;
Expected  :  "         P 1 N                                "&#xD;
Actual    :  "         P 1 N                                "&#xD;
&#xD;
After&#xD;
Navigation:  "           V                                  "&#xD;
Source    :  " 1 1 1 1 1 1 1 1 1 2 2 2 2 2 2 2 2 2 2 2 2 2 2"&#xD;
Expected  :  "           P 1 N                              "&#xD;
Actual    :  "           P 1 N                              "&#xD;
&#xD;
Before&#xD;
Navigation:  "              V                               "&#xD;
Source    :  " 1 1 1 1 1 1 1 1 1 2 2 2 2 2 2 2 2 2 2 2 2 2 2"&#xD;
Expected  :  "           P 1 N                              "&#xD;
Actual    :  "           P 1 N                              "&#xD;
&#xD;
AtOrBefore&#xD;
Navigation:  "              V                               "&#xD;
Source    :  " 1 1 1 1 1 1 1 1 1 2 2 2 2 2 2 2 2 2 2 2 2 2 2"&#xD;
Expected  :  "           P 1 N                              "&#xD;
Actual    :  "           P 1 N                              "&#xD;
&#xD;
AtOrAfter&#xD;
Navigation:  "              V                               "&#xD;
Source    :  " 1 1 1 1 1 1 1 1 1 2 2 2 2 2 2 2 2 2 2 2 2 2 2"&#xD;
Expected  :  "             P 1 N                            "&#xD;
Actual    :  "             P 1 N                            "&#xD;
&#xD;
After&#xD;
Navigation:  "              V                               "&#xD;
Source    :  " 1 1 1 1 1 1 1 1 1 2 2 2 2 2 2 2 2 2 2 2 2 2 2"&#xD;
Expected  :  "             P 1 N                            "&#xD;
Actual    :  "             P 1 N                            "&#xD;
&#xD;
Before&#xD;
Navigation:  "                 V                            "&#xD;
Source    :  " 1 1 1 1 1 1 1 1 1 2 2 2 2 2 2 2 2 2 2 2 2 2 2"&#xD;
Expected  :  "             P 1 N                            "&#xD;
Actual    :  "             P 1 N                            "&#xD;
&#xD;
AtOrBefore&#xD;
Navigation:  "                 V                            "&#xD;
Source    :  " 1 1 1 1 1 1 1 1 1 2 2 2 2 2 2 2 2 2 2 2 2 2 2"&#xD;
Expected  :  "               P 1 N                          "&#xD;
Actual    :  "               P 1 N                          "&#xD;
&#xD;
AtOrAfter&#xD;
Navigation:  "                 V                            "&#xD;
Source    :  " 1 1 1 1 1 1 1 1 1 2 2 2 2 2 2 2 2 2 2 2 2 2 2"&#xD;
Expected  :  "               P 1 N                          "&#xD;
Actual    :  "               P 1 N                          "&#xD;
&#xD;
After&#xD;
Navigation:  "                 V                            "&#xD;
Source    :  " 1 1 1 1 1 1 1 1 1 2 2 2 2 2 2 2 2 2 2 2 2 2 2"&#xD;
Expected  :  "                 P 2 N                        "&#xD;
Actual    :  "                 P 2 N                        "&#xD;
&#xD;
Before&#xD;
Navigation:  "                  V                           "&#xD;
Source    :  " 1 1 1 1 1 1 1 1 1 2 2 2 2 2 2 2 2 2 2 2 2 2 2"&#xD;
Expected  :  "               P 1 N                          "&#xD;
Actual    :  "               P 1 N                          "&#xD;
&#xD;
AtOrBefore&#xD;
Navigation:  "                  V                           "&#xD;
Source    :  " 1 1 1 1 1 1 1 1 1 2 2 2 2 2 2 2 2 2 2 2 2 2 2"&#xD;
Expected  :  "               P 1 N                          "&#xD;
Actual    :  "               P 1 N                          "&#xD;
&#xD;
AtOrAfter&#xD;
Navigation:  "                  V                           "&#xD;
Source    :  " 1 1 1 1 1 1 1 1 1 2 2 2 2 2 2 2 2 2 2 2 2 2 2"&#xD;
Expected  :  "                 P 2 N                        "&#xD;
Actual    :  "                 P 2 N                        "&#xD;
&#xD;
After&#xD;
Navigation:  "                  V                           "&#xD;
Source    :  " 1 1 1 1 1 1 1 1 1 2 2 2 2 2 2 2 2 2 2 2 2 2 2"&#xD;
Expected  :  "                 P 2 N                        "&#xD;
Actual    :  "                 P 2 N                        "&#xD;
&#xD;
Before&#xD;
Navigation:  "                   V                          "&#xD;
Source    :  " 1 1 1 1 1 1 1 1 1 2 2 2 2 2 2 2 2 2 2 2 2 2 2"&#xD;
Expected  :  "               P 1 N                          "&#xD;
Actual    :  "               P 1 N                          "&#xD;
&#xD;
AtOrBefore&#xD;
Navigation:  "                   V                          "&#xD;
Source    :  " 1 1 1 1 1 1 1 1 1 2 2 2 2 2 2 2 2 2 2 2 2 2 2"&#xD;
Expected  :  "                 P 2 N                        "&#xD;
Actual    :  "                 P 2 N                        "&#xD;
&#xD;
AtOrAfter&#xD;
Navigation:  "                   V                          "&#xD;
Source    :  " 1 1 1 1 1 1 1 1 1 2 2 2 2 2 2 2 2 2 2 2 2 2 2"&#xD;
Expected  :  "                 P 2 N                        "&#xD;
Actual    :  "                 P 2 N                        "&#xD;
&#xD;
After&#xD;
Navigation:  "                   V                          "&#xD;
Source    :  " 1 1 1 1 1 1 1 1 1 2 2 2 2 2 2 2 2 2 2 2 2 2 2"&#xD;
Expected  :  "                   P 2 N                      "&#xD;
Actual    :  "                   P 2 N                      "&#xD;
&#xD;
Before&#xD;
Navigation:  "                          V                   "&#xD;
Source    :  " 1 1 1 1 1 1 1 1 1 2 2 2 2 2 2 2 2 2 2 2 2 2 2"&#xD;
Expected  :  "                       P 2 N                  "&#xD;
Actual    :  "                       P 2 N                  "&#xD;
&#xD;
AtOrBefore&#xD;
Navigation:  "                          V                   "&#xD;
Source    :  " 1 1 1 1 1 1 1 1 1 2 2 2 2 2 2 2 2 2 2 2 2 2 2"&#xD;
Expected  :  "                       P 2 N                  "&#xD;
Actual    :  "                       P 2 N                  "&#xD;
&#xD;
AtOrAfter&#xD;
Navigation:  "                          V                   "&#xD;
Source    :  " 1 1 1 1 1 1 1 1 1 2 2 2 2 2 2 2 2 2 2 2 2 2 2"&#xD;
Expected  :  "                         P 2 N                "&#xD;
Actual    :  "                         P 2 N                "&#xD;
&#xD;
After&#xD;
Navigation:  "                          V                   "&#xD;
Source    :  " 1 1 1 1 1 1 1 1 1 2 2 2 2 2 2 2 2 2 2 2 2 2 2"&#xD;
Expected  :  "                         P 2 N                "&#xD;
Actual    :  "                         P 2 N                "&#xD;
&#xD;
Before&#xD;
Navigation:  "                               V              "&#xD;
Source    :  " 1 1 1 1 1 1 1 1 1 2 2 2 2 2 2 2 2 2 2 2 2 2 2"&#xD;
Expected  :  "                           P 2 N              "&#xD;
Actual    :  "                           P 2 N              "&#xD;
&#xD;
AtOrBefore&#xD;
Navigation:  "                               V              "&#xD;
Source    :  " 1 1 1 1 1 1 1 1 1 2 2 2 2 2 2 2 2 2 2 2 2 2 2"&#xD;
Expected  :  "                             P 2 N            "&#xD;
Actual    :  "                             P 2 N            "&#xD;
&#xD;
AtOrAfter&#xD;
Navigation:  "                               V              "&#xD;
Source    :  " 1 1 1 1 1 1 1 1 1 2 2 2 2 2 2 2 2 2 2 2 2 2 2"&#xD;
Expected  :  "                             P 2 N            "&#xD;
Actual    :  "                             P 2 N            "&#xD;
&#xD;
After&#xD;
Navigation:  "                               V              "&#xD;
Source    :  " 1 1 1 1 1 1 1 1 1 2 2 2 2 2 2 2 2 2 2 2 2 2 2"&#xD;
Expected  :  "                               P 2 N          "&#xD;
Actual    :  "                               P 2 N          "&#xD;
&#xD;
Before&#xD;
Navigation:  "                                      V       "&#xD;
Source    :  " 1 1 1 1 1 1 1 1 1 2 2 2 2 2 2 2 2 2 2 2 2 2 2"&#xD;
Expected  :  "                                   P 2 N      "&#xD;
Actual    :  "                                   P 2 N      "&#xD;
&#xD;
AtOrBefore&#xD;
Navigation:  "                                      V       "&#xD;
Source    :  " 1 1 1 1 1 1 1 1 1 2 2 2 2 2 2 2 2 2 2 2 2 2 2"&#xD;
Expected  :  "                                   P 2 N      "&#xD;
Actual    :  "                                   P 2 N      "&#xD;
&#xD;
AtOrAfter&#xD;
Navigation:  "                                      V       "&#xD;
Source    :  " 1 1 1 1 1 1 1 1 1 2 2 2 2 2 2 2 2 2 2 2 2 2 2"&#xD;
Expected  :  "                                     P 2 N    "&#xD;
Actual    :  "                                     P 2 N    "&#xD;
&#xD;
After&#xD;
Navigation:  "                                      V       "&#xD;
Source    :  " 1 1 1 1 1 1 1 1 1 2 2 2 2 2 2 2 2 2 2 2 2 2 2"&#xD;
Expected  :  "                                     P 2 N    "&#xD;
Actual    :  "                                     P 2 N    "&#xD;
&#xD;
Before&#xD;
Navigation:  "                                            V "&#xD;
Source    :  " 1 1 1 1 1 1 1 1 1 2 2 2 2 2 2 2 2 2 2 2 2 2 2"&#xD;
Expected  :  "                                         P 2 N"&#xD;
Actual    :  "                                         P 2 N"&#xD;
&#xD;
AtOrBefore&#xD;
Navigation:  "                                            V "&#xD;
Source    :  " 1 1 1 1 1 1 1 1 1 2 2 2 2 2 2 2 2 2 2 2 2 2 2"&#xD;
Expected  :  "                                         P 2 N"&#xD;
Actual    :  "                                         P 2 N"&#xD;
&#xD;
AtOrAfter&#xD;
Navigation:  "                                            V "&#xD;
Source    :  " 1 1 1 1 1 1 1 1 1 2 2 2 2 2 2 2 2 2 2 2 2 2 2"&#xD;
Expected  :  "                                           P 2"&#xD;
Actual    :  "                                           P 2"&#xD;
&#xD;
After&#xD;
Navigation:  "                                            V "&#xD;
Source    :  " 1 1 1 1 1 1 1 1 1 2 2 2 2 2 2 2 2 2 2 2 2 2 2"&#xD;
Expected  :  "                                           P 2"&#xD;
Actual    :  "                                           P 2"</StdOut>
      </Output>
    </UnitTestResult>
    <UnitTestResult executionId="167c3d04-9a68-49be-baee-c11fc3778aad" testId="9c635f9f-e840-1299-44fc-4dafb07bd703" testName="PrepareMoveHardwareCommandHandler_Execute_Command_Null_ArgumentException" computerName="DKSR-EFI-06" duration="00:00:00.0042169" startTime="2024-01-09T15:42:34.6539909+01:00" endTime="2024-01-09T15:42:34.6539909+01:00" testType="13cdc9d9-ddb5-4fa4-a97d-d965ccfc6d4b" outcome="Passed" testListId="8c84fa94-04c1-424b-9868-57a2d4851a1d" relativeResultsDirectory="167c3d04-9a68-49be-baee-c11fc3778aad">
      <Output>
        <StdOut>Debug Trace:&#xD;
Fail: Command/Command handler type mismatch</StdOut>
      </Output>
    </UnitTestResult>
    <UnitTestResult executionId="87330ee9-4408-447d-b80a-5fb50cc3a7c1" testId="a9041abb-6544-b2ae-80ca-adbdbda94a5e" testName="FailoverMediaMover_MoveMediaDataHere_Existing_Devices_Moved" computerName="DKSR-EFI-06" duration="00:00:00.1060472" startTime="2024-01-09T15:42:01.2007851+01:00" endTime="2024-01-09T15:42:01.2945799+01:00" testType="13cdc9d9-ddb5-4fa4-a97d-d965ccfc6d4b" outcome="Passed" testListId="8c84fa94-04c1-424b-9868-57a2d4851a1d" relativeResultsDirectory="87330ee9-4408-447d-b80a-5fb50cc3a7c1" />
    <UnitTestResult executionId="ceef9fdc-24d7-4f11-9580-4aa69f74bf2f" testId="0de3df14-d764-433d-787a-88d2b74272fa" testName="CollectMediaStatusCommandHandler_MediaStorageReaderException" computerName="DKSR-EFI-06" duration="00:00:00.0007338" startTime="2024-01-09T15:42:30.9820916+01:00" endTime="2024-01-09T15:42:30.9977165+01:00" testType="13cdc9d9-ddb5-4fa4-a97d-d965ccfc6d4b" outcome="Passed" testListId="8c84fa94-04c1-424b-9868-57a2d4851a1d" relativeResultsDirectory="ceef9fdc-24d7-4f11-9580-4aa69f74bf2f" />
    <UnitTestResult executionId="42990869-36fb-4014-b3f3-bab0f4b34fff" testId="bd07fc63-b1a9-794c-a08b-5365e5040798" testName="RequestRecordKeyframesOnly_SetsRecordAllFramesToFalse_OnFirstRequest" computerName="DKSR-EFI-06" duration="00:00:00.0087138" startTime="2024-01-09T15:42:17.4977097+01:00" endTime="2024-01-09T15:42:17.5133342+01:00" testType="13cdc9d9-ddb5-4fa4-a97d-d965ccfc6d4b" outcome="Passed" testListId="8c84fa94-04c1-424b-9868-57a2d4851a1d" relativeResultsDirectory="42990869-36fb-4014-b3f3-bab0f4b34fff" />
    <UnitTestResult executionId="39367f1c-a180-442d-8633-f944f0d523bf" testId="39ab428f-3f0b-9401-d49a-b020021c99dc" testName="RecStorage_Startup_NotAllowStart_NotKeepFailing_Failure_Retry" computerName="DKSR-EFI-06" duration="00:00:00.0018877" startTime="2024-01-09T15:42:18.2164592+01:00" endTime="2024-01-09T15:42:18.2164592+01:00" testType="13cdc9d9-ddb5-4fa4-a97d-d965ccfc6d4b" outcome="Passed" testListId="8c84fa94-04c1-424b-9868-57a2d4851a1d" relativeResultsDirectory="39367f1c-a180-442d-8633-f944f0d523bf" />
    <UnitTestResult executionId="84cc476d-dd2b-497c-b58a-0dd9e680604d" testId="b3878c29-14ab-db60-6faa-179c0a00f93e" testName="PipelineEventSource_InitializationTest" computerName="DKSR-EFI-06" duration="00:00:00.0554614" startTime="2024-01-09T15:42:17.4039580+01:00" endTime="2024-01-09T15:42:17.4664596+01:00" testType="13cdc9d9-ddb5-4fa4-a97d-d965ccfc6d4b" outcome="Passed" testListId="8c84fa94-04c1-424b-9868-57a2d4851a1d" relativeResultsDirectory="84cc476d-dd2b-497c-b58a-0dd9e680604d" />
    <UnitTestResult executionId="5c03262e-1b7f-4e06-828a-764e52e67531" testId="ee6101ba-ad61-7adb-201f-a422cd06f889" testName="HardwareSetupInformationCommandHandler_Execute_Command_Null_ThrowArgumentNullException" computerName="DKSR-EFI-06" duration="00:00:00.0054220" startTime="2024-01-09T15:42:33.2477288+01:00" endTime="2024-01-09T15:42:33.2634057+01:00" testType="13cdc9d9-ddb5-4fa4-a97d-d965ccfc6d4b" outcome="Passed" testListId="8c84fa94-04c1-424b-9868-57a2d4851a1d" relativeResultsDirectory="5c03262e-1b7f-4e06-828a-764e52e67531" />
    <UnitTestResult executionId="d3257a6d-ded3-4480-8f84-414e65f89929" testId="ffff5eee-6bd2-e1c0-d4a9-065ab23fd5df" testName="SOAPCommandRequestHandler_ExecuteFunction_HandleSendDriverCommand_NoSecurity" computerName="DKSR-EFI-06" duration="00:00:00.0013109" startTime="2024-01-09T15:42:15.8258334+01:00" endTime="2024-01-09T15:42:15.8258334+01:00" testType="13cdc9d9-ddb5-4fa4-a97d-d965ccfc6d4b" outcome="Passed" testListId="8c84fa94-04c1-424b-9868-57a2d4851a1d" relativeResultsDirectory="d3257a6d-ded3-4480-8f84-414e65f89929" />
    <UnitTestResult executionId="aed65521-a297-4a08-bd6b-ee2fc949eb8d" testId="205161d4-07bf-cbb2-5347-aad5382f0e04" testName="PtzStopSessionCommandHandler_Execute_DriverPtzException" computerName="DKSR-EFI-06" duration="00:00:00.0004738" startTime="2024-01-09T15:42:36.3571227+01:00" endTime="2024-01-09T15:42:36.3571227+01:00" testType="13cdc9d9-ddb5-4fa4-a97d-d965ccfc6d4b" outcome="Passed" testListId="8c84fa94-04c1-424b-9868-57a2d4851a1d" relativeResultsDirectory="aed65521-a297-4a08-bd6b-ee2fc949eb8d" />
    <UnitTestResult executionId="a9dedaf4-037c-4a56-be78-dd6cb2dbe427" testId="6e3732cf-5956-413f-542b-a6e096db976f" testName="GetIntervalsToScan_ShouldReturnNoInterval_WithDifferentDnsHostSpecified" computerName="DKSR-EFI-06" duration="00:00:00.0004806" startTime="2024-01-09T15:42:29.7789639+01:00" endTime="2024-01-09T15:42:29.7789639+01:00" testType="13cdc9d9-ddb5-4fa4-a97d-d965ccfc6d4b" outcome="Passed" testListId="8c84fa94-04c1-424b-9868-57a2d4851a1d" relativeResultsDirectory="a9dedaf4-037c-4a56-be78-dd6cb2dbe427" />
    <UnitTestResult executionId="85137fed-c08c-482f-92ee-7abff4a800f4" testId="5f36fb77-a0ea-2cc3-265d-6c998397aeaf" testName="ResponseHandler_HandleResponse_Success_SendsMessageManagerCommand" computerName="DKSR-EFI-06" duration="00:00:00.0611688" startTime="2024-01-09T15:42:00.6383450+01:00" endTime="2024-01-09T15:42:00.7008466+01:00" testType="13cdc9d9-ddb5-4fa4-a97d-d965ccfc6d4b" outcome="Passed" testListId="8c84fa94-04c1-424b-9868-57a2d4851a1d" relativeResultsDirectory="85137fed-c08c-482f-92ee-7abff4a800f4" />
    <UnitTestResult executionId="04d8c4d3-c081-4903-bf21-23bcfe1e1bc3" testId="164928c8-2be5-ec25-909d-bc85b0d98fe1" testName="SOAPCommandRequestHandler_ExecuteFunction_HandlePTZMoveAbsolute_NoPtzArgs" computerName="DKSR-EFI-06" duration="00:00:00.0009673" startTime="2024-01-09T15:42:16.2477081+01:00" endTime="2024-01-09T15:42:16.2477081+01:00" testType="13cdc9d9-ddb5-4fa4-a97d-d965ccfc6d4b" outcome="Passed" testListId="8c84fa94-04c1-424b-9868-57a2d4851a1d" relativeResultsDirectory="04d8c4d3-c081-4903-bf21-23bcfe1e1bc3" />
    <UnitTestResult executionId="8dabfc1b-ede4-4be9-b7b9-96031f85346f" testId="9daadc09-6923-50c6-5775-ef427c942571" testName="SOAPCommandRequestHandler_ExecuteFunction_HandleStopManualRecording_NoDeviceIds" computerName="DKSR-EFI-06" duration="00:00:00.0024073" startTime="2024-01-09T15:42:15.9664566+01:00" endTime="2024-01-09T15:42:15.9664566+01:00" testType="13cdc9d9-ddb5-4fa4-a97d-d965ccfc6d4b" outcome="Passed" testListId="8c84fa94-04c1-424b-9868-57a2d4851a1d" relativeResultsDirectory="8dabfc1b-ede4-4be9-b7b9-96031f85346f" />
    <UnitTestResult executionId="2b6b9e79-fdb3-4836-8e48-a99b251706d9" testId="52ea9e02-ac65-5d36-73b4-e150a0471321" testName="PtzManager_MakeReservedPtzSession_Success" computerName="DKSR-EFI-06" duration="00:00:00.0035053" startTime="2024-01-09T15:42:38.2477589+01:00" endTime="2024-01-09T15:42:38.2477589+01:00" testType="13cdc9d9-ddb5-4fa4-a97d-d965ccfc6d4b" outcome="Passed" testListId="8c84fa94-04c1-424b-9868-57a2d4851a1d" relativeResultsDirectory="2b6b9e79-fdb3-4836-8e48-a99b251706d9" />
    <UnitTestResult executionId="1ca42d46-8f79-4712-9603-f341465c7243" testId="1e192e21-2c30-3923-bddb-f666d4114352" testName="PtzManager_GetAbsolutePosition_Driver_Unavailable" computerName="DKSR-EFI-06" duration="00:00:00.0033705" startTime="2024-01-09T15:42:38.2321337+01:00" endTime="2024-01-09T15:42:38.2321337+01:00" testType="13cdc9d9-ddb5-4fa4-a97d-d965ccfc6d4b" outcome="Passed" testListId="8c84fa94-04c1-424b-9868-57a2d4851a1d" relativeResultsDirectory="1ca42d46-8f79-4712-9603-f341465c7243" />
    <UnitTestResult executionId="2081a677-d08d-44dc-9271-5f3bc3668baa" testId="75856244-3f12-79b4-5d1e-98e476567652" testName="SOAPCommandRequestHandler_ExecuteFunction_HandleInputGetState_Activated_Success" computerName="DKSR-EFI-06" duration="00:00:00.0022576" startTime="2024-01-09T15:42:15.9977074+01:00" endTime="2024-01-09T15:42:16.0133353+01:00" testType="13cdc9d9-ddb5-4fa4-a97d-d965ccfc6d4b" outcome="Passed" testListId="8c84fa94-04c1-424b-9868-57a2d4851a1d" relativeResultsDirectory="2081a677-d08d-44dc-9271-5f3bc3668baa" />
    <UnitTestResult executionId="465e05fb-7793-4425-abce-8c39a106addb" testId="41f8fd8b-1fd0-8f0c-2ac2-c1c1c693194e" testName="ConnectSuccess_Goto_Denied" computerName="DKSR-EFI-06" duration="00:00:00.0075150" startTime="2024-01-09T15:42:12.8570768+01:00" endTime="2024-01-09T15:42:12.8570768+01:00" testType="13cdc9d9-ddb5-4fa4-a97d-d965ccfc6d4b" outcome="Passed" testListId="8c84fa94-04c1-424b-9868-57a2d4851a1d" relativeResultsDirectory="465e05fb-7793-4425-abce-8c39a106addb" />
    <UnitTestResult executionId="adf39c30-06fa-423b-a162-a6d04f6ff646" testId="eb91648c-5df5-c842-8817-ad45d8ac6975" testName="CheckDeleteDeviceMediaCommandHandler_RecorderIsClosingNoAction" computerName="DKSR-EFI-06" duration="00:00:00.0026285" startTime="2024-01-09T15:42:30.7945900+01:00" endTime="2024-01-09T15:42:30.7945900+01:00" testType="13cdc9d9-ddb5-4fa4-a97d-d965ccfc6d4b" outcome="Passed" testListId="8c84fa94-04c1-424b-9868-57a2d4851a1d" relativeResultsDirectory="adf39c30-06fa-423b-a162-a6d04f6ff646" />
    <UnitTestResult executionId="4ddf4326-88ac-45ed-8fdb-f7e9b6554185" testId="717d97e0-0717-e53f-b90c-82a677769740" testName="HandleRequest_Success" computerName="DKSR-EFI-06" duration="00:00:00.0143092" startTime="2024-01-09T15:42:02.8257946+01:00" endTime="2024-01-09T15:42:02.8414201+01:00" testType="13cdc9d9-ddb5-4fa4-a97d-d965ccfc6d4b" outcome="Passed" testListId="8c84fa94-04c1-424b-9868-57a2d4851a1d" relativeResultsDirectory="4ddf4326-88ac-45ed-8fdb-f7e9b6554185" />
    <UnitTestResult executionId="169406f5-ee33-4d7d-acc9-8caf3af6ec66" testId="70bb42e0-bf26-6c57-0a75-355d85662aea" testName="MediaStorageEventSource_InitializationTest" computerName="DKSR-EFI-06" duration="00:00:00.0018248" startTime="2024-01-09T15:42:17.4664596+01:00" endTime="2024-01-09T15:42:17.4820837+01:00" testType="13cdc9d9-ddb5-4fa4-a97d-d965ccfc6d4b" outcome="Passed" testListId="8c84fa94-04c1-424b-9868-57a2d4851a1d" relativeResultsDirectory="169406f5-ee33-4d7d-acc9-8caf3af6ec66" />
    <UnitTestResult executionId="e4a62df7-c41e-4f92-b6dc-82996dc6cc5f" testId="35ad68a0-6068-2419-2ce2-20b8f09b6b5f" testName="FirmwareUpgradeCommandHandler_Execute_Success" computerName="DKSR-EFI-06" duration="00:00:00.0077089" startTime="2024-01-09T15:42:31.8883464+01:00" endTime="2024-01-09T15:42:31.9039689+01:00" testType="13cdc9d9-ddb5-4fa4-a97d-d965ccfc6d4b" outcome="Passed" testListId="8c84fa94-04c1-424b-9868-57a2d4851a1d" relativeResultsDirectory="e4a62df7-c41e-4f92-b6dc-82996dc6cc5f" />
    <UnitTestResult executionId="0f3822ee-146e-4c3a-b0c9-8e08df7189be" testId="daac7a8a-7926-eba0-bb67-56c7d76c0421" testName="CollectRecorderInfoCommandXmlConverter_ArchiveProgress_Single_NoProgress" computerName="DKSR-EFI-06" duration="00:00:00.0019925" startTime="2024-01-09T15:42:31.0133405+01:00" endTime="2024-01-09T15:42:31.0133405+01:00" testType="13cdc9d9-ddb5-4fa4-a97d-d965ccfc6d4b" outcome="Passed" testListId="8c84fa94-04c1-424b-9868-57a2d4851a1d" relativeResultsDirectory="0f3822ee-146e-4c3a-b0c9-8e08df7189be" />
    <UnitTestResult executionId="c0042249-456e-4bec-b79e-baa7f959279e" testId="784278f8-76d7-4e45-f1a2-2e6a30fea534" testName="SetupInitialHardwareUserCommandHandler_Execute_SetupUser_ThrowsUserHandlingUnknownError_Errors" computerName="DKSR-EFI-06" duration="00:00:00.0009474" startTime="2024-01-09T15:42:36.9977532+01:00" endTime="2024-01-09T15:42:36.9977532+01:00" testType="13cdc9d9-ddb5-4fa4-a97d-d965ccfc6d4b" outcome="Passed" testListId="8c84fa94-04c1-424b-9868-57a2d4851a1d" relativeResultsDirectory="c0042249-456e-4bec-b79e-baa7f959279e" />
    <UnitTestResult executionId="ee5044c1-735d-4bc1-bd43-ac084a166afa" testId="061fc792-1586-13e9-170d-fb893a208d7e" testName="PrepareMoveHardwareCommandHandler_Execute_Hardware_Blocked_LiveTableCheck" computerName="DKSR-EFI-06" duration="00:00:00.0061246" startTime="2024-01-09T15:42:34.6696142+01:00" endTime="2024-01-09T15:42:34.6852369+01:00" testType="13cdc9d9-ddb5-4fa4-a97d-d965ccfc6d4b" outcome="Passed" testListId="8c84fa94-04c1-424b-9868-57a2d4851a1d" relativeResultsDirectory="ee5044c1-735d-4bc1-bd43-ac084a166afa" />
    <UnitTestResult executionId="34ddd405-d1d7-4eb2-a7d9-953de2b71966" testId="bfa3d061-b315-c94a-94a5-f42fe237084c" testName="Start_WithEmptyAddressesList_ShouldCompleteImmediately" computerName="DKSR-EFI-06" duration="00:00:00.0125216" startTime="2024-01-09T15:42:29.6539651+01:00" endTime="2024-01-09T15:42:29.6539651+01:00" testType="13cdc9d9-ddb5-4fa4-a97d-d965ccfc6d4b" outcome="Passed" testListId="8c84fa94-04c1-424b-9868-57a2d4851a1d" relativeResultsDirectory="34ddd405-d1d7-4eb2-a7d9-953de2b71966" />
    <UnitTestResult executionId="cf5c4d7c-ecce-4ccd-80be-848346e43ff1" testId="61f6fd19-bbe5-4704-f515-a237e9dab43f" testName="PtzReserveSessionCommandHandler_No_Priority_Security_Attribute" computerName="DKSR-EFI-06" duration="00:00:00.0010082" startTime="2024-01-09T15:42:36.2789978+01:00" endTime="2024-01-09T15:42:36.2789978+01:00" testType="13cdc9d9-ddb5-4fa4-a97d-d965ccfc6d4b" outcome="Passed" testListId="8c84fa94-04c1-424b-9868-57a2d4851a1d" relativeResultsDirectory="cf5c4d7c-ecce-4ccd-80be-848346e43ff1" />
    <UnitTestResult executionId="6060dadb-f92b-4547-9b3b-36bc412fb891" testId="2186a4a8-dd5a-64b1-6125-6bc3f0007449" testName="DeleteHardwareUserCommandHandler_Execute_HardwareNotStarted_Errors" computerName="DKSR-EFI-06" duration="00:00:00.0009418" startTime="2024-01-09T15:42:31.7164685+01:00" endTime="2024-01-09T15:42:31.7164685+01:00" testType="13cdc9d9-ddb5-4fa4-a97d-d965ccfc6d4b" outcome="Passed" testListId="8c84fa94-04c1-424b-9868-57a2d4851a1d" relativeResultsDirectory="6060dadb-f92b-4547-9b3b-36bc412fb891" />
    <UnitTestResult executionId="8523ac88-3e6c-44f7-a4b9-f80a8c2e7170" testId="f7279989-4bc5-0c33-00fc-cfa3ed7ee7c2" testName="PtzReleaseSessionCommandHandler_Execute_PtzException_PtzSessionNotRunning" computerName="DKSR-EFI-06" duration="00:00:00.0004905" startTime="2024-01-09T15:42:36.2321230+01:00" endTime="2024-01-09T15:42:36.2321230+01:00" testType="13cdc9d9-ddb5-4fa4-a97d-d965ccfc6d4b" outcome="Passed" testListId="8c84fa94-04c1-424b-9868-57a2d4851a1d" relativeResultsDirectory="8523ac88-3e6c-44f7-a4b9-f80a8c2e7170" />
    <UnitTestResult executionId="e250e92f-985b-4e39-a03f-24831e5e5f2a" testId="58e31f6e-171c-0b1e-1a59-a28ee9ceb558" testName="SOAPCommandRequestHandler_ExecuteFunction_HandleSmartSearchStart_NoDeviceId" computerName="DKSR-EFI-06" duration="00:00:00.0040070" startTime="2024-01-09T15:42:15.5289563+01:00" endTime="2024-01-09T15:42:15.5289563+01:00" testType="13cdc9d9-ddb5-4fa4-a97d-d965ccfc6d4b" outcome="Passed" testListId="8c84fa94-04c1-424b-9868-57a2d4851a1d" relativeResultsDirectory="e250e92f-985b-4e39-a03f-24831e5e5f2a" />
    <UnitTestResult executionId="e53f3db8-c4ec-4c25-8c30-312583bdc6dd" testId="46f9f921-8409-905b-fd67-c10fd741d586" testName="RecorderTaskStopped_InternalStateNotStarted_ShouldRun" computerName="DKSR-EFI-06" duration="00:00:00.0011837" startTime="2024-01-09T15:42:02.2945388+01:00" endTime="2024-01-09T15:42:02.2945388+01:00" testType="13cdc9d9-ddb5-4fa4-a97d-d965ccfc6d4b" outcome="Passed" testListId="8c84fa94-04c1-424b-9868-57a2d4851a1d" relativeResultsDirectory="e53f3db8-c4ec-4c25-8c30-312583bdc6dd" />
    <UnitTestResult executionId="82e305ed-1ff4-42cb-8d34-dec602815167" testId="eb7c6e32-ac7c-6c90-89b5-7243ed2764b5" testName="MediaDbUtil_MultitrackNavigation_Scenario10" computerName="DKSR-EFI-06" duration="00:00:00.0329453" startTime="2024-01-09T15:42:14.2945805+01:00" endTime="2024-01-09T15:42:14.3258304+01:00" testType="13cdc9d9-ddb5-4fa4-a97d-d965ccfc6d4b" outcome="Passed" testListId="8c84fa94-04c1-424b-9868-57a2d4851a1d" relativeResultsDirectory="82e305ed-1ff4-42cb-8d34-dec602815167">
      <Output>
        <StdOut>TestContext Messages:&#xD;
Before&#xD;
Navigation:  " V                                            "&#xD;
Source    :  "        1-- 1----                 1-- 1---    "&#xD;
Unable to move&#xD;
&#xD;
AtOrBefore&#xD;
Navigation:  " V                                            "&#xD;
Source    :  "        1-- 1----                 1-- 1---    "&#xD;
Unable to move&#xD;
&#xD;
AtOrAfter&#xD;
Navigation:  " V                                            "&#xD;
Source    :  "        1-- 1----                 1-- 1---    "&#xD;
Expected  :  "        1-- N                                 "&#xD;
Actual    :  "        1-- N                                 "&#xD;
&#xD;
After&#xD;
Navigation:  " V                                            "&#xD;
Source    :  "        1-- 1----                 1-- 1---    "&#xD;
Expected  :  "        1-- N                                 "&#xD;
Actual    :  "        1-- N                                 "&#xD;
&#xD;
Before&#xD;
Navigation:  "           V                                  "&#xD;
Source    :  "        1-- 1----                 1-- 1---    "&#xD;
Expected  :  "        1-- N                                 "&#xD;
Actual    :  "        1-- N                                 "&#xD;
&#xD;
AtOrBefore&#xD;
Navigation:  "           V                                  "&#xD;
Source    :  "        1-- 1----                 1-- 1---    "&#xD;
Expected  :  "        1-- N                                 "&#xD;
Actual    :  "        1-- N                                 "&#xD;
&#xD;
AtOrAfter&#xD;
Navigation:  "           V                                  "&#xD;
Source    :  "        1-- 1----                 1-- 1---    "&#xD;
Expected  :  "        P   1----                 N           "&#xD;
Actual    :  "        P   1----                 N           "&#xD;
&#xD;
After&#xD;
Navigation:  "           V                                  "&#xD;
Source    :  "        1-- 1----                 1-- 1---    "&#xD;
Expected  :  "        P   1----                 N           "&#xD;
Actual    :  "        P   1----                 N           "&#xD;
&#xD;
Before&#xD;
Navigation:  "              V                               "&#xD;
Source    :  "        1-- 1----                 1-- 1---    "&#xD;
Expected  :  "        1-- N                                 "&#xD;
Actual    :  "        1-- N                                 "&#xD;
&#xD;
AtOrBefore&#xD;
Navigation:  "              V                               "&#xD;
Source    :  "        1-- 1----                 1-- 1---    "&#xD;
Expected  :  "        P   1----                 N           "&#xD;
Actual    :  "        P   1----                 N           "&#xD;
&#xD;
AtOrAfter&#xD;
Navigation:  "              V                               "&#xD;
Source    :  "        1-- 1----                 1-- 1---    "&#xD;
Expected  :  "        P   1----                 N           "&#xD;
Actual    :  "        P   1----                 N           "&#xD;
&#xD;
After&#xD;
Navigation:  "              V                               "&#xD;
Source    :  "        1-- 1----                 1-- 1---    "&#xD;
Expected  :  "            P                     1-- N       "&#xD;
Actual    :  "            P                     1-- N       "&#xD;
&#xD;
Before&#xD;
Navigation:  "               V                              "&#xD;
Source    :  "        1-- 1----                 1-- 1---    "&#xD;
Expected  :  "        1-- N                                 "&#xD;
Actual    :  "        1-- N                                 "&#xD;
&#xD;
AtOrBefore&#xD;
Navigation:  "               V                              "&#xD;
Source    :  "        1-- 1----                 1-- 1---    "&#xD;
Expected  :  "        P   1----                 N           "&#xD;
Actual    :  "        P   1----                 N           "&#xD;
&#xD;
AtOrAfter&#xD;
Navigation:  "               V                              "&#xD;
Source    :  "        1-- 1----                 1-- 1---    "&#xD;
Expected  :  "        P   1----                 N           "&#xD;
Actual    :  "        P   1----                 N           "&#xD;
&#xD;
After&#xD;
Navigation:  "               V                              "&#xD;
Source    :  "        1-- 1----                 1-- 1---    "&#xD;
Expected  :  "            P                     1-- N       "&#xD;
Actual    :  "            P                     1-- N       "&#xD;
&#xD;
Before&#xD;
Navigation:  "                          V                   "&#xD;
Source    :  "        1-- 1----                 1-- 1---    "&#xD;
Expected  :  "        P   1----                 N           "&#xD;
Actual    :  "        P   1----                 N           "&#xD;
&#xD;
AtOrBefore&#xD;
Navigation:  "                          V                   "&#xD;
Source    :  "        1-- 1----                 1-- 1---    "&#xD;
Expected  :  "        P   1----                 N           "&#xD;
Actual    :  "        P   1----                 N           "&#xD;
&#xD;
AtOrAfter&#xD;
Navigation:  "                          V                   "&#xD;
Source    :  "        1-- 1----                 1-- 1---    "&#xD;
Expected  :  "            P                     1-- N       "&#xD;
Actual    :  "            P                     1-- N       "&#xD;
&#xD;
After&#xD;
Navigation:  "                          V                   "&#xD;
Source    :  "        1-- 1----                 1-- 1---    "&#xD;
Expected  :  "            P                     1-- N       "&#xD;
Actual    :  "            P                     1-- N       "&#xD;
&#xD;
Before&#xD;
Navigation:  "                               V              "&#xD;
Source    :  "        1-- 1----                 1-- 1---    "&#xD;
Expected  :  "        P   1----                 N           "&#xD;
Actual    :  "        P   1----                 N           "&#xD;
&#xD;
AtOrBefore&#xD;
Navigation:  "                               V              "&#xD;
Source    :  "        1-- 1----                 1-- 1---    "&#xD;
Expected  :  "        P   1----                 N           "&#xD;
Actual    :  "        P   1----                 N           "&#xD;
&#xD;
AtOrAfter&#xD;
Navigation:  "                               V              "&#xD;
Source    :  "        1-- 1----                 1-- 1---    "&#xD;
Expected  :  "            P                     1-- N       "&#xD;
Actual    :  "            P                     1-- N       "&#xD;
&#xD;
After&#xD;
Navigation:  "                               V              "&#xD;
Source    :  "        1-- 1----                 1-- 1---    "&#xD;
Expected  :  "            P                     1-- N       "&#xD;
Actual    :  "            P                     1-- N       "&#xD;
&#xD;
Before&#xD;
Navigation:  "                                      V       "&#xD;
Source    :  "        1-- 1----                 1-- 1---    "&#xD;
Expected  :  "            P                     1-- N       "&#xD;
Actual    :  "            P                     1-- N       "&#xD;
&#xD;
AtOrBefore&#xD;
Navigation:  "                                      V       "&#xD;
Source    :  "        1-- 1----                 1-- 1---    "&#xD;
Expected  :  "                                  P   1---    "&#xD;
Actual    :  "                                  P   1---    "&#xD;
&#xD;
AtOrAfter&#xD;
Navigation:  "                                      V       "&#xD;
Source    :  "        1-- 1----                 1-- 1---    "&#xD;
Expected  :  "                                  P   1---    "&#xD;
Actual    :  "                                  P   1---    "&#xD;
&#xD;
After&#xD;
Navigation:  "                                      V       "&#xD;
Source    :  "        1-- 1----                 1-- 1---    "&#xD;
Unable to move&#xD;
&#xD;
Before&#xD;
Navigation:  "                                            V "&#xD;
Source    :  "        1-- 1----                 1-- 1---    "&#xD;
Expected  :  "                                  P   1---    "&#xD;
Actual    :  "                                  P   1---    "&#xD;
&#xD;
AtOrBefore&#xD;
Navigation:  "                                            V "&#xD;
Source    :  "        1-- 1----                 1-- 1---    "&#xD;
Expected  :  "                                  P   1---    "&#xD;
Actual    :  "                                  P   1---    "&#xD;
&#xD;
AtOrAfter&#xD;
Navigation:  "                                            V "&#xD;
Source    :  "        1-- 1----                 1-- 1---    "&#xD;
Unable to move&#xD;
&#xD;
After&#xD;
Navigation:  "                                            V "&#xD;
Source    :  "        1-- 1----                 1-- 1---    "&#xD;
Unable to move&#xD;
&#xD;
Before&#xD;
Navigation:  " V                                            "&#xD;
Source    :  "        1-- 1--      2-- 2-        2-- 2---   "&#xD;
Unable to move&#xD;
&#xD;
AtOrBefore&#xD;
Navigation:  " V                                            "&#xD;
Source    :  "        1-- 1--      2-- 2-        2-- 2---   "&#xD;
Unable to move&#xD;
&#xD;
AtOrAfter&#xD;
Navigation:  " V                                            "&#xD;
Source    :  "        1-- 1--      2-- 2-        2-- 2---   "&#xD;
Expected  :  "        1-- N                                 "&#xD;
Actual    :  "        1-- N                                 "&#xD;
&#xD;
After&#xD;
Navigation:  " V                                            "&#xD;
Source    :  "        1-- 1--      2-- 2-        2-- 2---   "&#xD;
Expected  :  "        1-- N                                 "&#xD;
Actual    :  "        1-- N                                 "&#xD;
&#xD;
Before&#xD;
Navigation:  "           V                                  "&#xD;
Source    :  "        1-- 1--      2-- 2-        2-- 2---   "&#xD;
Expected  :  "        1-- N                                 "&#xD;
Actual    :  "        1-- N                                 "&#xD;
&#xD;
AtOrBefore&#xD;
Navigation:  "           V                                  "&#xD;
Source    :  "        1-- 1--      2-- 2-        2-- 2---   "&#xD;
Expected  :  "        1-- N                                 "&#xD;
Actual    :  "        1-- N                                 "&#xD;
&#xD;
AtOrAfter&#xD;
Navigation:  "           V                                  "&#xD;
Source    :  "        1-- 1--      2-- 2-        2-- 2---   "&#xD;
Expected  :  "        P   1--      N                        "&#xD;
Actual    :  "        P   1--      N                        "&#xD;
&#xD;
After&#xD;
Navigation:  "           V                                  "&#xD;
Source    :  "        1-- 1--      2-- 2-        2-- 2---   "&#xD;
Expected  :  "        P   1--      N                        "&#xD;
Actual    :  "        P   1--      N                        "&#xD;
&#xD;
Before&#xD;
Navigation:  "              V                               "&#xD;
Source    :  "        1-- 1--      2-- 2-        2-- 2---   "&#xD;
Expected  :  "        1-- N                                 "&#xD;
Actual    :  "        1-- N                                 "&#xD;
&#xD;
AtOrBefore&#xD;
Navigation:  "              V                               "&#xD;
Source    :  "        1-- 1--      2-- 2-        2-- 2---   "&#xD;
Expected  :  "        P   1--      N                        "&#xD;
Actual    :  "        P   1--      N                        "&#xD;
&#xD;
AtOrAfter&#xD;
Navigation:  "              V                               "&#xD;
Source    :  "        1-- 1--      2-- 2-        2-- 2---   "&#xD;
Expected  :  "        P   1--      N                        "&#xD;
Actual    :  "        P   1--      N                        "&#xD;
&#xD;
After&#xD;
Navigation:  "              V                               "&#xD;
Source    :  "        1-- 1--      2-- 2-        2-- 2---   "&#xD;
Expected  :  "            P        2-- N                    "&#xD;
Actual    :  "            P        2-- N                    "&#xD;
&#xD;
Before&#xD;
Navigation:  "               V                              "&#xD;
Source    :  "        1-- 1--      2-- 2-        2-- 2---   "&#xD;
Expected  :  "        P   1--      N                        "&#xD;
Actual    :  "        P   1--      N                        "&#xD;
&#xD;
AtOrBefore&#xD;
Navigation:  "               V                              "&#xD;
Source    :  "        1-- 1--      2-- 2-        2-- 2---   "&#xD;
Expected  :  "        P   1--      N                        "&#xD;
Actual    :  "        P   1--      N                        "&#xD;
&#xD;
AtOrAfter&#xD;
Navigation:  "               V                              "&#xD;
Source    :  "        1-- 1--      2-- 2-        2-- 2---   "&#xD;
Expected  :  "            P        2-- N                    "&#xD;
Actual    :  "            P        2-- N                    "&#xD;
&#xD;
After&#xD;
Navigation:  "               V                              "&#xD;
Source    :  "        1-- 1--      2-- 2-        2-- 2---   "&#xD;
Expected  :  "            P        2-- N                    "&#xD;
Actual    :  "            P        2-- N                    "&#xD;
&#xD;
Before&#xD;
Navigation:  "                          V                   "&#xD;
Source    :  "        1-- 1--      2-- 2-        2-- 2---   "&#xD;
Expected  :  "            P        2-- N                    "&#xD;
Actual    :  "            P        2-- N                    "&#xD;
&#xD;
AtOrBefore&#xD;
Navigation:  "                          V                   "&#xD;
Source    :  "        1-- 1--      2-- 2-        2-- 2---   "&#xD;
Expected  :  "                     P   2-        N          "&#xD;
Actual    :  "                     P   2-        N          "&#xD;
&#xD;
AtOrAfter&#xD;
Navigation:  "                          V                   "&#xD;
Source    :  "        1-- 1--      2-- 2-        2-- 2---   "&#xD;
Expected  :  "                     P   2-        N          "&#xD;
Actual    :  "                     P   2-        N          "&#xD;
&#xD;
After&#xD;
Navigation:  "                          V                   "&#xD;
Source    :  "        1-- 1--      2-- 2-        2-- 2---   "&#xD;
Expected  :  "                         P         2-- N      "&#xD;
Actual    :  "                         P         2-- N      "&#xD;
&#xD;
Before&#xD;
Navigation:  "                               V              "&#xD;
Source    :  "        1-- 1--      2-- 2-        2-- 2---   "&#xD;
Expected  :  "                     P   2-        N          "&#xD;
Actual    :  "                     P   2-        N          "&#xD;
&#xD;
AtOrBefore&#xD;
Navigation:  "                               V              "&#xD;
Source    :  "        1-- 1--      2-- 2-        2-- 2---   "&#xD;
Expected  :  "                     P   2-        N          "&#xD;
Actual    :  "                     P   2-        N          "&#xD;
&#xD;
AtOrAfter&#xD;
Navigation:  "                               V              "&#xD;
Source    :  "        1-- 1--      2-- 2-        2-- 2---   "&#xD;
Expected  :  "                         P         2-- N      "&#xD;
Actual    :  "                         P         2-- N      "&#xD;
&#xD;
After&#xD;
Navigation:  "                               V              "&#xD;
Source    :  "        1-- 1--      2-- 2-        2-- 2---   "&#xD;
Expected  :  "                         P         2-- N      "&#xD;
Actual    :  "                         P         2-- N      "&#xD;
&#xD;
Before&#xD;
Navigation:  "                                      V       "&#xD;
Source    :  "        1-- 1--      2-- 2-        2-- 2---   "&#xD;
Expected  :  "                         P         2-- N      "&#xD;
Actual    :  "                         P         2-- N      "&#xD;
&#xD;
AtOrBefore&#xD;
Navigation:  "                                      V       "&#xD;
Source    :  "        1-- 1--      2-- 2-        2-- 2---   "&#xD;
Expected  :  "                         P         2-- N      "&#xD;
Actual    :  "                         P         2-- N      "&#xD;
&#xD;
AtOrAfter&#xD;
Navigation:  "                                      V       "&#xD;
Source    :  "        1-- 1--      2-- 2-        2-- 2---   "&#xD;
Expected  :  "                                   P   2---   "&#xD;
Actual    :  "                                   P   2---   "&#xD;
&#xD;
After&#xD;
Navigation:  "                                      V       "&#xD;
Source    :  "        1-- 1--      2-- 2-        2-- 2---   "&#xD;
Expected  :  "                                   P   2---   "&#xD;
Actual    :  "                                   P   2---   "&#xD;
&#xD;
Before&#xD;
Navigation:  "                                            V "&#xD;
Source    :  "        1-- 1--      2-- 2-        2-- 2---   "&#xD;
Expected  :  "                                   P   2---   "&#xD;
Actual    :  "                                   P   2---   "&#xD;
&#xD;
AtOrBefore&#xD;
Navigation:  "                                            V "&#xD;
Source    :  "        1-- 1--      2-- 2-        2-- 2---   "&#xD;
Expected  :  "                                   P   2---   "&#xD;
Actual    :  "                                   P   2---   "&#xD;
&#xD;
AtOrAfter&#xD;
Navigation:  "                                            V "&#xD;
Source    :  "        1-- 1--      2-- 2-        2-- 2---   "&#xD;
Unable to move&#xD;
&#xD;
After&#xD;
Navigation:  "                                            V "&#xD;
Source    :  "        1-- 1--      2-- 2-        2-- 2---   "&#xD;
Unable to move</StdOut>
      </Output>
    </UnitTestResult>
    <UnitTestResult executionId="68a05341-cd4f-4ee5-891e-d9d5235356d9" testId="42f98bb0-87b1-6dda-dbd7-4e2183c6e1fc" testName="SetConfiguration_Null_Throws_ArgumentNullException" computerName="DKSR-EFI-06" duration="00:00:00.0272305" startTime="2024-01-09T15:42:19.4664619+01:00" endTime="2024-01-09T15:42:19.4820855+01:00" testType="13cdc9d9-ddb5-4fa4-a97d-d965ccfc6d4b" outcome="Passed" testListId="8c84fa94-04c1-424b-9868-57a2d4851a1d" relativeResultsDirectory="68a05341-cd4f-4ee5-891e-d9d5235356d9">
      <Output>
        <StdOut>Debug Trace:&#xD;
Fail: Argument null</StdOut>
      </Output>
    </UnitTestResult>
    <UnitTestResult executionId="b824b377-be44-48f5-af5f-53fdc355c235" testId="f9889f33-f105-1ec7-62b6-5f021e7834d3" testName="UpdateHardwareCommandHandler_SetXmlCache_Success" computerName="DKSR-EFI-06" duration="00:00:00.0043976" startTime="2024-01-09T15:42:37.0915001+01:00" endTime="2024-01-09T15:42:37.0915001+01:00" testType="13cdc9d9-ddb5-4fa4-a97d-d965ccfc6d4b" outcome="Passed" testListId="8c84fa94-04c1-424b-9868-57a2d4851a1d" relativeResultsDirectory="b824b377-be44-48f5-af5f-53fdc355c235" />
    <UnitTestResult executionId="cda9057e-717d-432d-ac28-27aab5802628" testId="b032112f-1b13-3d03-bb25-b6835e6a65aa" testName="Test_WriteEnabledResolved_In_Failover" computerName="DKSR-EFI-06" duration="00:00:00.0042200" startTime="2024-01-09T15:42:30.4820906+01:00" endTime="2024-01-09T15:42:30.4820906+01:00" testType="13cdc9d9-ddb5-4fa4-a97d-d965ccfc6d4b" outcome="Passed" testListId="8c84fa94-04c1-424b-9868-57a2d4851a1d" relativeResultsDirectory="cda9057e-717d-432d-ac28-27aab5802628" />
    <UnitTestResult executionId="fa9ef378-6cf7-4ee3-9fec-8c752953b0ad" testId="6570d90c-63b9-00da-8be6-a5600bf30066" testName="ResolveIdAndMessage_External_Generator" computerName="DKSR-EFI-06" duration="00:00:00.0004159" startTime="2024-01-09T15:42:18.0133335+01:00" endTime="2024-01-09T15:42:18.0133335+01:00" testType="13cdc9d9-ddb5-4fa4-a97d-d965ccfc6d4b" outcome="Passed" testListId="8c84fa94-04c1-424b-9868-57a2d4851a1d" relativeResultsDirectory="fa9ef378-6cf7-4ee3-9fec-8c752953b0ad" />
    <UnitTestResult executionId="385f12b5-e32e-46fa-8aed-7e8a65679edb" testId="efc688f6-51c5-f699-8cb7-1c5461d32a67" testName="ServerAccessTokenHandler_Constructor_Success" computerName="DKSR-EFI-06" duration="00:00:00.0452452" startTime="2024-01-09T15:42:17.7164591+01:00" endTime="2024-01-09T15:42:17.7633358+01:00" testType="13cdc9d9-ddb5-4fa4-a97d-d965ccfc6d4b" outcome="Passed" testListId="8c84fa94-04c1-424b-9868-57a2d4851a1d" relativeResultsDirectory="385f12b5-e32e-46fa-8aed-7e8a65679edb" />
    <UnitTestResult executionId="10e1fa17-983c-49a2-82cb-f3fa2e8be45d" testId="9b3aca54-a7a6-01ba-a59e-c7ffccc5373c" testName="ConnectSuccess_NextWithTime_AfterMedia" computerName="DKSR-EFI-06" duration="00:00:00.0035815" startTime="2024-01-09T15:42:12.8883270+01:00" endTime="2024-01-09T15:42:12.9039529+01:00" testType="13cdc9d9-ddb5-4fa4-a97d-d965ccfc6d4b" outcome="Passed" testListId="8c84fa94-04c1-424b-9868-57a2d4851a1d" relativeResultsDirectory="10e1fa17-983c-49a2-82cb-f3fa2e8be45d" />
    <UnitTestResult executionId="46452ad3-f011-42c2-9e27-f4e07ab62a6b" testId="5953e489-8e93-9250-74c3-3b872693bf55" testName="SOAPCommandRequestHandler_ExecuteFunction_HandleSequencesGet_NoMaxTime" computerName="DKSR-EFI-06" duration="00:00:00.0011896" startTime="2024-01-09T15:42:16.5758344+01:00" endTime="2024-01-09T15:42:16.5758344+01:00" testType="13cdc9d9-ddb5-4fa4-a97d-d965ccfc6d4b" outcome="Passed" testListId="8c84fa94-04c1-424b-9868-57a2d4851a1d" relativeResultsDirectory="46452ad3-f011-42c2-9e27-f4e07ab62a6b" />
    <UnitTestResult executionId="c636a732-4264-4892-b8b9-c56509ed5d05" testId="949725dd-6b3f-d5d7-b7d9-9c14ac78c384" testName="IsInRange_ShouldReturnTrue_WhenAddressEqualsEnd" computerName="DKSR-EFI-06" duration="00:00:00.0001375" startTime="2024-01-09T15:42:29.7789639+01:00" endTime="2024-01-09T15:42:29.7789639+01:00" testType="13cdc9d9-ddb5-4fa4-a97d-d965ccfc6d4b" outcome="Passed" testListId="8c84fa94-04c1-424b-9868-57a2d4851a1d" relativeResultsDirectory="c636a732-4264-4892-b8b9-c56509ed5d05" />
    <UnitTestResult executionId="f49aa25c-b6e7-4e4e-83b5-7ef221e3e14e" testId="e216f40a-3ef3-72ab-2a84-255bbe39f29c" testName="PtzManager_MoveStop_Success" computerName="DKSR-EFI-06" duration="00:00:00.0026618" startTime="2024-01-09T15:42:38.1540060+01:00" endTime="2024-01-09T15:42:38.1540060+01:00" testType="13cdc9d9-ddb5-4fa4-a97d-d965ccfc6d4b" outcome="Passed" testListId="8c84fa94-04c1-424b-9868-57a2d4851a1d" relativeResultsDirectory="f49aa25c-b6e7-4e4e-83b5-7ef221e3e14e" />
    <UnitTestResult executionId="abfdbd98-bc7b-4d04-ab08-5a5ee97dd436" testId="6b86ceca-2f85-c94e-44dd-a3b163e0561d" testName="SetRecordingCameraOneLink" computerName="DKSR-EFI-06" duration="00:00:00.0023234" startTime="2024-01-09T15:42:19.1539609+01:00" endTime="2024-01-09T15:42:19.1539609+01:00" testType="13cdc9d9-ddb5-4fa4-a97d-d965ccfc6d4b" outcome="Passed" testListId="8c84fa94-04c1-424b-9868-57a2d4851a1d" relativeResultsDirectory="abfdbd98-bc7b-4d04-ab08-5a5ee97dd436" />
    <UnitTestResult executionId="484b0bb7-d600-4430-8749-2053dc2ca73c" testId="b26fd199-5751-1edb-3441-9e034fa75fc4" testName="DriverProxyInstanceManager_Constructor_NullCheck" computerName="DKSR-EFI-06" duration="00:00:00.0023261" startTime="2024-01-09T15:42:00.5289706+01:00" endTime="2024-01-09T15:42:00.5289706+01:00" testType="13cdc9d9-ddb5-4fa4-a97d-d965ccfc6d4b" outcome="Passed" testListId="8c84fa94-04c1-424b-9868-57a2d4851a1d" relativeResultsDirectory="484b0bb7-d600-4430-8749-2053dc2ca73c" />
    <UnitTestResult executionId="f715b101-9862-488b-9bdd-dd6443faaf18" testId="c4e3c8c0-1ebe-3cd1-d917-4f93b953f5b8" testName="RepairSessionStarted_Success" computerName="DKSR-EFI-06" duration="00:00:00.0001977" startTime="2024-01-09T15:42:01.4820363+01:00" endTime="2024-01-09T15:42:01.4820363+01:00" testType="13cdc9d9-ddb5-4fa4-a97d-d965ccfc6d4b" outcome="Passed" testListId="8c84fa94-04c1-424b-9868-57a2d4851a1d" relativeResultsDirectory="f715b101-9862-488b-9bdd-dd6443faaf18" />
    <UnitTestResult executionId="c8345167-c2d7-489c-b0d9-dea12d5de4ea" testId="d3d196c7-5027-eb74-42ce-f8cbef50513d" testName="SOAPCommandRequestHandler_ExecuteFunction_HandleJPEGGetLive_NoSecurity" computerName="DKSR-EFI-06" duration="00:00:00.0010447" startTime="2024-01-09T15:42:16.0602086+01:00" endTime="2024-01-09T15:42:16.0602086+01:00" testType="13cdc9d9-ddb5-4fa4-a97d-d965ccfc6d4b" outcome="Passed" testListId="8c84fa94-04c1-424b-9868-57a2d4851a1d" relativeResultsDirectory="c8345167-c2d7-489c-b0d9-dea12d5de4ea" />
    <UnitTestResult executionId="8268347b-03cc-4ea5-ac34-d13f3488d17d" testId="761013b5-b9e0-c937-44c7-284fa21bfd8b" testName="ReapplySettings_ApplyAllHardwareAndDeviceSettings_Failed" computerName="DKSR-EFI-06" duration="00:00:00.0826825" startTime="2024-01-09T15:42:36.8102517+01:00" endTime="2024-01-09T15:42:36.8883759+01:00" testType="13cdc9d9-ddb5-4fa4-a97d-d965ccfc6d4b" outcome="Passed" testListId="8c84fa94-04c1-424b-9868-57a2d4851a1d" relativeResultsDirectory="8268347b-03cc-4ea5-ac34-d13f3488d17d" />
    <UnitTestResult executionId="47810df5-12a1-47f1-a18a-eee540619535" testId="51d1c213-681f-7d0e-399c-633ebef10cbe" testName="GetHardwareUsersCommandHandler_Execute_InvalidUser_NoUserName_ExpectedUsersReturned" computerName="DKSR-EFI-06" duration="00:00:00.0034658" startTime="2024-01-09T15:42:33.0914830+01:00" endTime="2024-01-09T15:42:33.0914830+01:00" testType="13cdc9d9-ddb5-4fa4-a97d-d965ccfc6d4b" outcome="Passed" testListId="8c84fa94-04c1-424b-9868-57a2d4851a1d" relativeResultsDirectory="47810df5-12a1-47f1-a18a-eee540619535" />
    <UnitTestResult executionId="6148e932-9f22-4799-8dc0-c0bc1c080694" testId="398b03d6-8db0-a876-f4f2-221b13127931" testName="FailoverMediaMover_MoveMediaDataHere_Stop_Signalled_2nd_Time" computerName="DKSR-EFI-06" duration="00:00:00.0096904" startTime="2024-01-09T15:42:01.3414088+01:00" endTime="2024-01-09T15:42:01.3570348+01:00" testType="13cdc9d9-ddb5-4fa4-a97d-d965ccfc6d4b" outcome="Passed" testListId="8c84fa94-04c1-424b-9868-57a2d4851a1d" relativeResultsDirectory="6148e932-9f22-4799-8dc0-c0bc1c080694" />
    <UnitTestResult executionId="9d9774b8-6471-470e-a02f-b21588dd97bd" testId="5101038b-8cb6-f6fb-5eaf-1a6d1899d07c" testName="PtzManager_CreateManualSessionWithLockFromExtension_Device_Not_Found" computerName="DKSR-EFI-06" duration="00:00:00.0012078" startTime="2024-01-09T15:42:38.2633829+01:00" endTime="2024-01-09T15:42:38.2633829+01:00" testType="13cdc9d9-ddb5-4fa4-a97d-d965ccfc6d4b" outcome="Passed" testListId="8c84fa94-04c1-424b-9868-57a2d4851a1d" relativeResultsDirectory="9d9774b8-6471-470e-a02f-b21588dd97bd" />
    <UnitTestResult executionId="962bf6e5-c3ff-4785-b1ee-d01c014cff2e" testId="e99f45ea-08bf-c5d2-cb75-357169094869" testName="PipelineEventSource_GuidTest" computerName="DKSR-EFI-06" duration="00:00:00.0002703" startTime="2024-01-09T15:42:17.4664596+01:00" endTime="2024-01-09T15:42:17.4664596+01:00" testType="13cdc9d9-ddb5-4fa4-a97d-d965ccfc6d4b" outcome="Passed" testListId="8c84fa94-04c1-424b-9868-57a2d4851a1d" relativeResultsDirectory="962bf6e5-c3ff-4785-b1ee-d01c014cff2e" />
    <UnitTestResult executionId="35141057-79f6-4bf3-86a2-dbb9f78829b9" testId="fce86640-7e77-7a11-65ba-3862fe3a10da" testName="MessageManagerCallback_HandleResponse_Success_UpdatesRecorder" computerName="DKSR-EFI-06" duration="00:00:00.0265193" startTime="2024-01-09T15:42:00.9352288+01:00" endTime="2024-01-09T15:42:00.9663898+01:00" testType="13cdc9d9-ddb5-4fa4-a97d-d965ccfc6d4b" outcome="Passed" testListId="8c84fa94-04c1-424b-9868-57a2d4851a1d" relativeResultsDirectory="35141057-79f6-4bf3-86a2-dbb9f78829b9" />
    <UnitTestResult executionId="2159c0cb-c5f2-495e-92f2-8ae8fbcdb040" testId="c44abdd5-f222-3297-c803-b1ba133feffe" testName="SetNetworkConfigurationCommandHandler_Execute_InvalidIP_Fails" computerName="DKSR-EFI-06" duration="00:00:00.0004736" startTime="2024-01-09T15:42:36.9196246+01:00" endTime="2024-01-09T15:42:36.9196246+01:00" testType="13cdc9d9-ddb5-4fa4-a97d-d965ccfc6d4b" outcome="Passed" testListId="8c84fa94-04c1-424b-9868-57a2d4851a1d" relativeResultsDirectory="2159c0cb-c5f2-495e-92f2-8ae8fbcdb040" />
    <UnitTestResult executionId="b9cd5ab7-df6c-47d3-ae49-52cdd8aa7f18" testId="923a054c-7a41-a6c0-9550-1aabab7edebe" testName="PrepareMoveHardwareCommandHandler_Execute_Started_And_Blocked_Changing_SuccessResponse" computerName="DKSR-EFI-06" duration="00:00:00.3744721" startTime="2024-01-09T15:42:34.6852369+01:00" endTime="2024-01-09T15:42:35.0602413+01:00" testType="13cdc9d9-ddb5-4fa4-a97d-d965ccfc6d4b" outcome="Passed" testListId="8c84fa94-04c1-424b-9868-57a2d4851a1d" relativeResultsDirectory="b9cd5ab7-df6c-47d3-ae49-52cdd8aa7f18" />
    <UnitTestResult executionId="857b5b57-ca0b-4fad-9fa9-7f951e6f841a" testId="e5ec1b44-2ff0-dc1a-6ce7-de52cb9f8435" testName="SOAPCommandRequestHandler_ExecuteFunction_HandlePTZRectangle_NoBottom" computerName="DKSR-EFI-06" duration="00:00:00.0010324" startTime="2024-01-09T15:42:16.3883311+01:00" endTime="2024-01-09T15:42:16.3883311+01:00" testType="13cdc9d9-ddb5-4fa4-a97d-d965ccfc6d4b" outcome="Passed" testListId="8c84fa94-04c1-424b-9868-57a2d4851a1d" relativeResultsDirectory="857b5b57-ca0b-4fad-9fa9-7f951e6f841a" />
    <UnitTestResult executionId="58169f01-e204-4dd3-ab46-bdb57d3dc8c9" testId="d7d1d95e-637f-4df3-7404-cac2d45fd7fa" testName="PtzManager_PausePatrolling_Success" computerName="DKSR-EFI-06" duration="00:00:00.0018088" startTime="2024-01-09T15:42:38.1227568+01:00" endTime="2024-01-09T15:42:38.1227568+01:00" testType="13cdc9d9-ddb5-4fa4-a97d-d965ccfc6d4b" outcome="Passed" testListId="8c84fa94-04c1-424b-9868-57a2d4851a1d" relativeResultsDirectory="58169f01-e204-4dd3-ab46-bdb57d3dc8c9" />
    <UnitTestResult executionId="939266a9-0c69-4497-925e-9848d3e3c7e2" testId="dccd4db1-9957-7cd8-dfb6-b18a4ebc4ad0" testName="GoInAndOutOfOverflowOnKeyFrames" computerName="DKSR-EFI-06" duration="00:00:00.0012530" startTime="2024-01-09T15:42:19.2945870+01:00" endTime="2024-01-09T15:42:19.2945870+01:00" testType="13cdc9d9-ddb5-4fa4-a97d-d965ccfc6d4b" outcome="Passed" testListId="8c84fa94-04c1-424b-9868-57a2d4851a1d" relativeResultsDirectory="939266a9-0c69-4497-925e-9848d3e3c7e2" />
    <UnitTestResult executionId="8a1beff4-0705-4861-af4e-de2931a84aa9" testId="cd25b06b-0fa5-8e76-d488-b4b3e1f3fe07" testName="SOAPCommandRequestHandler_ExecuteFunction_HandleSequencesGetAroundWithSpan_NoSequenceType" computerName="DKSR-EFI-06" duration="00:00:00.0009984" startTime="2024-01-09T15:42:15.4196253+01:00" endTime="2024-01-09T15:42:15.4196253+01:00" testType="13cdc9d9-ddb5-4fa4-a97d-d965ccfc6d4b" outcome="Passed" testListId="8c84fa94-04c1-424b-9868-57a2d4851a1d" relativeResultsDirectory="8a1beff4-0705-4861-af4e-de2931a84aa9" />
    <UnitTestResult executionId="5d6b12e3-fc4d-4f2b-af38-e26b4318b01a" testId="727d3ba8-cdbd-539c-f6d6-debf67adbd75" testName="MediaDbUtil_MultitrackNavigation_Scenario03" computerName="DKSR-EFI-06" duration="00:00:00.0378548" startTime="2024-01-09T15:42:14.0914533+01:00" endTime="2024-01-09T15:42:14.1227058+01:00" testType="13cdc9d9-ddb5-4fa4-a97d-d965ccfc6d4b" outcome="Passed" testListId="8c84fa94-04c1-424b-9868-57a2d4851a1d" relativeResultsDirectory="5d6b12e3-fc4d-4f2b-af38-e26b4318b01a">
      <Output>
        <StdOut>TestContext Messages:&#xD;
Before&#xD;
Navigation:  "  V                                     "&#xD;
Source    :  "1----1-----1-----1----1-----            "&#xD;
Unable to move&#xD;
&#xD;
AtOrBefore&#xD;
Navigation:  "  V                                     "&#xD;
Source    :  "1----1-----1-----1----1-----            "&#xD;
Expected  :  "1----N                                  "&#xD;
Actual    :  "1----N                                  "&#xD;
&#xD;
AtOrAfter&#xD;
Navigation:  "  V                                     "&#xD;
Source    :  "1----1-----1-----1----1-----            "&#xD;
Expected  :  "1----N                                  "&#xD;
Actual    :  "1----N                                  "&#xD;
&#xD;
After&#xD;
Navigation:  "  V                                     "&#xD;
Source    :  "1----1-----1-----1----1-----            "&#xD;
Expected  :  "P    1-----N                            "&#xD;
Actual    :  "P    1-----N                            "&#xD;
&#xD;
Before&#xD;
Navigation:  "       V                                "&#xD;
Source    :  "1----1-----1-----1----1-----            "&#xD;
Expected  :  "1----N                                  "&#xD;
Actual    :  "1----N                                  "&#xD;
&#xD;
AtOrBefore&#xD;
Navigation:  "       V                                "&#xD;
Source    :  "1----1-----1-----1----1-----            "&#xD;
Expected  :  "P    1-----N                            "&#xD;
Actual    :  "P    1-----N                            "&#xD;
&#xD;
AtOrAfter&#xD;
Navigation:  "       V                                "&#xD;
Source    :  "1----1-----1-----1----1-----            "&#xD;
Expected  :  "P    1-----N                            "&#xD;
Actual    :  "P    1-----N                            "&#xD;
&#xD;
After&#xD;
Navigation:  "       V                                "&#xD;
Source    :  "1----1-----1-----1----1-----            "&#xD;
Expected  :  "     P     1-----N                      "&#xD;
Actual    :  "     P     1-----N                      "&#xD;
&#xD;
Before&#xD;
Navigation:  "            V                           "&#xD;
Source    :  "1----1-----1-----1----1-----            "&#xD;
Expected  :  "P    1-----N                            "&#xD;
Actual    :  "P    1-----N                            "&#xD;
&#xD;
AtOrBefore&#xD;
Navigation:  "            V                           "&#xD;
Source    :  "1----1-----1-----1----1-----            "&#xD;
Expected  :  "     P     1-----N                      "&#xD;
Actual    :  "     P     1-----N                      "&#xD;
&#xD;
AtOrAfter&#xD;
Navigation:  "            V                           "&#xD;
Source    :  "1----1-----1-----1----1-----            "&#xD;
Expected  :  "     P     1-----N                      "&#xD;
Actual    :  "     P     1-----N                      "&#xD;
&#xD;
After&#xD;
Navigation:  "            V                           "&#xD;
Source    :  "1----1-----1-----1----1-----            "&#xD;
Expected  :  "           P     1----N                 "&#xD;
Actual    :  "           P     1----N                 "&#xD;
&#xD;
Before&#xD;
Navigation:  "              V                         "&#xD;
Source    :  "1----1-----1-----1----1-----            "&#xD;
Expected  :  "P    1-----N                            "&#xD;
Actual    :  "P    1-----N                            "&#xD;
&#xD;
AtOrBefore&#xD;
Navigation:  "              V                         "&#xD;
Source    :  "1----1-----1-----1----1-----            "&#xD;
Expected  :  "     P     1-----N                      "&#xD;
Actual    :  "     P     1-----N                      "&#xD;
&#xD;
AtOrAfter&#xD;
Navigation:  "              V                         "&#xD;
Source    :  "1----1-----1-----1----1-----            "&#xD;
Expected  :  "     P     1-----N                      "&#xD;
Actual    :  "     P     1-----N                      "&#xD;
&#xD;
After&#xD;
Navigation:  "              V                         "&#xD;
Source    :  "1----1-----1-----1----1-----            "&#xD;
Expected  :  "           P     1----N                 "&#xD;
Actual    :  "           P     1----N                 "&#xD;
&#xD;
Before&#xD;
Navigation:  "                V                       "&#xD;
Source    :  "1----1-----1-----1----1-----            "&#xD;
Expected  :  "P    1-----N                            "&#xD;
Actual    :  "P    1-----N                            "&#xD;
&#xD;
AtOrBefore&#xD;
Navigation:  "                V                       "&#xD;
Source    :  "1----1-----1-----1----1-----            "&#xD;
Expected  :  "     P     1-----N                      "&#xD;
Actual    :  "     P     1-----N                      "&#xD;
&#xD;
AtOrAfter&#xD;
Navigation:  "                V                       "&#xD;
Source    :  "1----1-----1-----1----1-----            "&#xD;
Expected  :  "     P     1-----N                      "&#xD;
Actual    :  "     P     1-----N                      "&#xD;
&#xD;
After&#xD;
Navigation:  "                V                       "&#xD;
Source    :  "1----1-----1-----1----1-----            "&#xD;
Expected  :  "           P     1----N                 "&#xD;
Actual    :  "           P     1----N                 "&#xD;
&#xD;
Before&#xD;
Navigation:  "                   V                    "&#xD;
Source    :  "1----1-----1-----1----1-----            "&#xD;
Expected  :  "     P     1-----N                      "&#xD;
Actual    :  "     P     1-----N                      "&#xD;
&#xD;
AtOrBefore&#xD;
Navigation:  "                   V                    "&#xD;
Source    :  "1----1-----1-----1----1-----            "&#xD;
Expected  :  "           P     1----N                 "&#xD;
Actual    :  "           P     1----N                 "&#xD;
&#xD;
AtOrAfter&#xD;
Navigation:  "                   V                    "&#xD;
Source    :  "1----1-----1-----1----1-----            "&#xD;
Expected  :  "           P     1----N                 "&#xD;
Actual    :  "           P     1----N                 "&#xD;
&#xD;
After&#xD;
Navigation:  "                   V                    "&#xD;
Source    :  "1----1-----1-----1----1-----            "&#xD;
Expected  :  "                 P    1-----            "&#xD;
Actual    :  "                 P    1-----            "&#xD;
&#xD;
Before&#xD;
Navigation:  "                       V                "&#xD;
Source    :  "1----1-----1-----1----1-----            "&#xD;
Expected  :  "           P     1----N                 "&#xD;
Actual    :  "           P     1----N                 "&#xD;
&#xD;
AtOrBefore&#xD;
Navigation:  "                       V                "&#xD;
Source    :  "1----1-----1-----1----1-----            "&#xD;
Expected  :  "                 P    1-----            "&#xD;
Actual    :  "                 P    1-----            "&#xD;
&#xD;
AtOrAfter&#xD;
Navigation:  "                       V                "&#xD;
Source    :  "1----1-----1-----1----1-----            "&#xD;
Expected  :  "                 P    1-----            "&#xD;
Actual    :  "                 P    1-----            "&#xD;
&#xD;
After&#xD;
Navigation:  "                       V                "&#xD;
Source    :  "1----1-----1-----1----1-----            "&#xD;
Unable to move&#xD;
&#xD;
Before&#xD;
Navigation:  "                                      V "&#xD;
Source    :  "1----1-----1-----1----1-----            "&#xD;
Expected  :  "                 P    1-----            "&#xD;
Actual    :  "                 P    1-----            "&#xD;
&#xD;
AtOrBefore&#xD;
Navigation:  "                                      V "&#xD;
Source    :  "1----1-----1-----1----1-----            "&#xD;
Expected  :  "                 P    1-----            "&#xD;
Actual    :  "                 P    1-----            "&#xD;
&#xD;
AtOrAfter&#xD;
Navigation:  "                                      V "&#xD;
Source    :  "1----1-----1-----1----1-----            "&#xD;
Unable to move&#xD;
&#xD;
After&#xD;
Navigation:  "                                      V "&#xD;
Source    :  "1----1-----1-----1----1-----            "&#xD;
Unable to move&#xD;
&#xD;
Before&#xD;
Navigation:  "  V                                     "&#xD;
Source    :  "1----1-----1---    2-----2-----         "&#xD;
Unable to move&#xD;
&#xD;
AtOrBefore&#xD;
Navigation:  "  V                                     "&#xD;
Source    :  "1----1-----1---    2-----2-----         "&#xD;
Expected  :  "1----N                                  "&#xD;
Actual    :  "1----N                                  "&#xD;
&#xD;
AtOrAfter&#xD;
Navigation:  "  V                                     "&#xD;
Source    :  "1----1-----1---    2-----2-----         "&#xD;
Expected  :  "1----N                                  "&#xD;
Actual    :  "1----N                                  "&#xD;
&#xD;
After&#xD;
Navigation:  "  V                                     "&#xD;
Source    :  "1----1-----1---    2-----2-----         "&#xD;
Expected  :  "P    1-----N                            "&#xD;
Actual    :  "P    1-----N                            "&#xD;
&#xD;
Before&#xD;
Navigation:  "       V                                "&#xD;
Source    :  "1----1-----1---    2-----2-----         "&#xD;
Expected  :  "1----N                                  "&#xD;
Actual    :  "1----N                                  "&#xD;
&#xD;
AtOrBefore&#xD;
Navigation:  "       V                                "&#xD;
Source    :  "1----1-----1---    2-----2-----         "&#xD;
Expected  :  "P    1-----N                            "&#xD;
Actual    :  "P    1-----N                            "&#xD;
&#xD;
AtOrAfter&#xD;
Navigation:  "       V                                "&#xD;
Source    :  "1----1-----1---    2-----2-----         "&#xD;
Expected  :  "P    1-----N                            "&#xD;
Actual    :  "P    1-----N                            "&#xD;
&#xD;
After&#xD;
Navigation:  "       V                                "&#xD;
Source    :  "1----1-----1---    2-----2-----         "&#xD;
Expected  :  "     P     1---    N                    "&#xD;
Actual    :  "     P     1---    N                    "&#xD;
&#xD;
Before&#xD;
Navigation:  "            V                           "&#xD;
Source    :  "1----1-----1---    2-----2-----         "&#xD;
Expected  :  "P    1-----N                            "&#xD;
Actual    :  "P    1-----N                            "&#xD;
&#xD;
AtOrBefore&#xD;
Navigation:  "            V                           "&#xD;
Source    :  "1----1-----1---    2-----2-----         "&#xD;
Expected  :  "     P     1---    N                    "&#xD;
Actual    :  "     P     1---    N                    "&#xD;
&#xD;
AtOrAfter&#xD;
Navigation:  "            V                           "&#xD;
Source    :  "1----1-----1---    2-----2-----         "&#xD;
Expected  :  "     P     1---    N                    "&#xD;
Actual    :  "     P     1---    N                    "&#xD;
&#xD;
After&#xD;
Navigation:  "            V                           "&#xD;
Source    :  "1----1-----1---    2-----2-----         "&#xD;
Expected  :  "           P       2-----N              "&#xD;
Actual    :  "           P       2-----N              "&#xD;
&#xD;
Before&#xD;
Navigation:  "              V                         "&#xD;
Source    :  "1----1-----1---    2-----2-----         "&#xD;
Expected  :  "P    1-----N                            "&#xD;
Actual    :  "P    1-----N                            "&#xD;
&#xD;
AtOrBefore&#xD;
Navigation:  "              V                         "&#xD;
Source    :  "1----1-----1---    2-----2-----         "&#xD;
Expected  :  "     P     1---    N                    "&#xD;
Actual    :  "     P     1---    N                    "&#xD;
&#xD;
AtOrAfter&#xD;
Navigation:  "              V                         "&#xD;
Source    :  "1----1-----1---    2-----2-----         "&#xD;
Expected  :  "     P     1---    N                    "&#xD;
Actual    :  "     P     1---    N                    "&#xD;
&#xD;
After&#xD;
Navigation:  "              V                         "&#xD;
Source    :  "1----1-----1---    2-----2-----         "&#xD;
Expected  :  "           P       2-----N              "&#xD;
Actual    :  "           P       2-----N              "&#xD;
&#xD;
Before&#xD;
Navigation:  "                V                       "&#xD;
Source    :  "1----1-----1---    2-----2-----         "&#xD;
Expected  :  "     P     1---    N                    "&#xD;
Actual    :  "     P     1---    N                    "&#xD;
&#xD;
AtOrBefore&#xD;
Navigation:  "                V                       "&#xD;
Source    :  "1----1-----1---    2-----2-----         "&#xD;
Expected  :  "     P     1---    N                    "&#xD;
Actual    :  "     P     1---    N                    "&#xD;
&#xD;
AtOrAfter&#xD;
Navigation:  "                V                       "&#xD;
Source    :  "1----1-----1---    2-----2-----         "&#xD;
Expected  :  "           P       2-----N              "&#xD;
Actual    :  "           P       2-----N              "&#xD;
&#xD;
After&#xD;
Navigation:  "                V                       "&#xD;
Source    :  "1----1-----1---    2-----2-----         "&#xD;
Expected  :  "           P       2-----N              "&#xD;
Actual    :  "           P       2-----N              "&#xD;
&#xD;
Before&#xD;
Navigation:  "                   V                    "&#xD;
Source    :  "1----1-----1---    2-----2-----         "&#xD;
Expected  :  "     P     1---    N                    "&#xD;
Actual    :  "     P     1---    N                    "&#xD;
&#xD;
AtOrBefore&#xD;
Navigation:  "                   V                    "&#xD;
Source    :  "1----1-----1---    2-----2-----         "&#xD;
Expected  :  "           P       2-----N              "&#xD;
Actual    :  "           P       2-----N              "&#xD;
&#xD;
AtOrAfter&#xD;
Navigation:  "                   V                    "&#xD;
Source    :  "1----1-----1---    2-----2-----         "&#xD;
Expected  :  "           P       2-----N              "&#xD;
Actual    :  "           P       2-----N              "&#xD;
&#xD;
After&#xD;
Navigation:  "                   V                    "&#xD;
Source    :  "1----1-----1---    2-----2-----         "&#xD;
Expected  :  "                   P     2-----         "&#xD;
Actual    :  "                   P     2-----         "&#xD;
&#xD;
Before&#xD;
Navigation:  "                       V                "&#xD;
Source    :  "1----1-----1---    2-----2-----         "&#xD;
Expected  :  "     P     1---    N                    "&#xD;
Actual    :  "     P     1---    N                    "&#xD;
&#xD;
AtOrBefore&#xD;
Navigation:  "                       V                "&#xD;
Source    :  "1----1-----1---    2-----2-----         "&#xD;
Expected  :  "           P       2-----N              "&#xD;
Actual    :  "           P       2-----N              "&#xD;
&#xD;
AtOrAfter&#xD;
Navigation:  "                       V                "&#xD;
Source    :  "1----1-----1---    2-----2-----         "&#xD;
Expected  :  "           P       2-----N              "&#xD;
Actual    :  "           P       2-----N              "&#xD;
&#xD;
After&#xD;
Navigation:  "                       V                "&#xD;
Source    :  "1----1-----1---    2-----2-----         "&#xD;
Expected  :  "                   P     2-----         "&#xD;
Actual    :  "                   P     2-----         "&#xD;
&#xD;
Before&#xD;
Navigation:  "                                      V "&#xD;
Source    :  "1----1-----1---    2-----2-----         "&#xD;
Expected  :  "                   P     2-----         "&#xD;
Actual    :  "                   P     2-----         "&#xD;
&#xD;
AtOrBefore&#xD;
Navigation:  "                                      V "&#xD;
Source    :  "1----1-----1---    2-----2-----         "&#xD;
Expected  :  "                   P     2-----         "&#xD;
Actual    :  "                   P     2-----         "&#xD;
&#xD;
AtOrAfter&#xD;
Navigation:  "                                      V "&#xD;
Source    :  "1----1-----1---    2-----2-----         "&#xD;
Unable to move&#xD;
&#xD;
After&#xD;
Navigation:  "                                      V "&#xD;
Source    :  "1----1-----1---    2-----2-----         "&#xD;
Unable to move</StdOut>
      </Output>
    </UnitTestResult>
    <UnitTestResult executionId="14b446a5-b168-42df-968a-cdeb22c69a2b" testId="699aa23a-a690-202e-34c8-678043f318df" testName="CheckDeleteDeviceMediaCommandHandler_ConstructAndClone" computerName="DKSR-EFI-06" duration="00:00:00.0047706" startTime="2024-01-09T15:42:30.7945900+01:00" endTime="2024-01-09T15:42:30.7945900+01:00" testType="13cdc9d9-ddb5-4fa4-a97d-d965ccfc6d4b" outcome="Passed" testListId="8c84fa94-04c1-424b-9868-57a2d4851a1d" relativeResultsDirectory="14b446a5-b168-42df-968a-cdeb22c69a2b" />
    <UnitTestResult executionId="9efbc42a-8ff1-47a2-ba6c-6b9f784e35b5" testId="884b6599-11eb-5f0f-c83b-e4b1cf43552e" testName="ConnectSuccess_Goto_Before_Time" computerName="DKSR-EFI-06" duration="00:00:00.0027209" startTime="2024-01-09T15:42:12.8570768+01:00" endTime="2024-01-09T15:42:12.8570768+01:00" testType="13cdc9d9-ddb5-4fa4-a97d-d965ccfc6d4b" outcome="Passed" testListId="8c84fa94-04c1-424b-9868-57a2d4851a1d" relativeResultsDirectory="9efbc42a-8ff1-47a2-ba6c-6b9f784e35b5" />
    <UnitTestResult executionId="3b06f709-a0cf-46da-aa5c-62ebdcd602ec" testId="bf05de6b-3ba4-d636-d021-e8b47b9983fe" testName="SOAPCommandRequestHandler_ExecuteFunction_HandleSendDriverCommand_Success" computerName="DKSR-EFI-06" duration="00:00:00.0020779" startTime="2024-01-09T15:42:15.8258334+01:00" endTime="2024-01-09T15:42:15.8258334+01:00" testType="13cdc9d9-ddb5-4fa4-a97d-d965ccfc6d4b" outcome="Passed" testListId="8c84fa94-04c1-424b-9868-57a2d4851a1d" relativeResultsDirectory="3b06f709-a0cf-46da-aa5c-62ebdcd602ec" />
    <UnitTestResult executionId="154d884b-68b7-4157-8263-c168e547653e" testId="dde92228-ea2f-17cc-b452-172658441c35" testName="DatabaseTaskCommandHandler_EmptyDevice_HadData_Success" computerName="DKSR-EFI-06" duration="00:00:00.0298648" startTime="2024-01-09T15:42:31.1852158+01:00" endTime="2024-01-09T15:42:31.2164654+01:00" testType="13cdc9d9-ddb5-4fa4-a97d-d965ccfc6d4b" outcome="Passed" testListId="8c84fa94-04c1-424b-9868-57a2d4851a1d" relativeResultsDirectory="154d884b-68b7-4157-8263-c168e547653e" />
    <UnitTestResult executionId="f1734bc7-5791-4e70-b9ef-86a935bc83b9" testId="a7694aa5-8391-34f7-f555-d2d27c05360f" testName="PtzManager_ReleaseLockedSessionFromExtension_Controller_Not_Found" computerName="DKSR-EFI-06" duration="00:00:00.0011062" startTime="2024-01-09T15:42:38.2790074+01:00" endTime="2024-01-09T15:42:38.2790074+01:00" testType="13cdc9d9-ddb5-4fa4-a97d-d965ccfc6d4b" outcome="Passed" testListId="8c84fa94-04c1-424b-9868-57a2d4851a1d" relativeResultsDirectory="f1734bc7-5791-4e70-b9ef-86a935bc83b9" />
    <UnitTestResult executionId="c57eefc9-03ce-46b1-aac7-319cfc5bd49f" testId="f916698f-dd5d-8796-5425-1978a515b4f7" testName="SOAPCommandRequestHandler_ExecuteFunction_HandleInputGetState_NotAvailable_Success" computerName="DKSR-EFI-06" duration="00:00:00.0014670" startTime="2024-01-09T15:42:16.0133353+01:00" endTime="2024-01-09T15:42:16.0133353+01:00" testType="13cdc9d9-ddb5-4fa4-a97d-d965ccfc6d4b" outcome="Passed" testListId="8c84fa94-04c1-424b-9868-57a2d4851a1d" relativeResultsDirectory="c57eefc9-03ce-46b1-aac7-319cfc5bd49f" />
    <UnitTestResult executionId="3b217ceb-6214-413f-a428-90bc113f5d65" testId="539ad0e3-4821-f0db-7979-436499efaef0" testName="PtzManagerDataHolder_GetOrAddPtzController_Device_Not_Ptz" computerName="DKSR-EFI-06" duration="00:00:00.1417260" startTime="2024-01-09T15:42:37.2633795+01:00" endTime="2024-01-09T15:42:37.4040051+01:00" testType="13cdc9d9-ddb5-4fa4-a97d-d965ccfc6d4b" outcome="Passed" testListId="8c84fa94-04c1-424b-9868-57a2d4851a1d" relativeResultsDirectory="3b217ceb-6214-413f-a428-90bc113f5d65">
      <Output>
        <StdOut>Debug Trace:&#xD;
VideoOS.Recorder.PtzDefaultSession session started&#xD;
VideoOS.Recorder.PtzDefaultSession session, OnBeforeExecuteRequest</StdOut>
      </Output>
    </UnitTestResult>
    <UnitTestResult executionId="7ad704e9-3287-47b0-9202-3e6accc9fcbe" testId="eff3c6d5-40b9-e2ff-1d79-e411426c2b2a" testName="ResponseController_ErrorResponseNullInput_BadRequestResult" computerName="DKSR-EFI-06" duration="00:00:00.0010021" startTime="2024-01-09T15:42:02.7632946+01:00" endTime="2024-01-09T15:42:02.7632946+01:00" testType="13cdc9d9-ddb5-4fa4-a97d-d965ccfc6d4b" outcome="Passed" testListId="8c84fa94-04c1-424b-9868-57a2d4851a1d" relativeResultsDirectory="7ad704e9-3287-47b0-9202-3e6accc9fcbe" />
    <UnitTestResult executionId="fd3c2dea-6e7e-4279-b673-c67df983efd1" testId="337224f0-3955-4c64-79db-ba1aa0230c85" testName="SOAPCommandRequestHandler_ExecuteFunction_HandleInputGetState_NoSecurity" computerName="DKSR-EFI-06" duration="00:00:00.0008187" startTime="2024-01-09T15:42:15.9977074+01:00" endTime="2024-01-09T15:42:15.9977074+01:00" testType="13cdc9d9-ddb5-4fa4-a97d-d965ccfc6d4b" outcome="Passed" testListId="8c84fa94-04c1-424b-9868-57a2d4851a1d" relativeResultsDirectory="fd3c2dea-6e7e-4279-b673-c67df983efd1" />
    <UnitTestResult executionId="150400dc-1582-435b-b230-ce38c3e71ab3" testId="9fe0ac2f-ab66-4b54-8a8c-84f88632f43c" testName="TimeRangeConversionTimeResolution" computerName="DKSR-EFI-06" duration="00:00:00.0008347" startTime="2024-01-09T15:42:29.8883409+01:00" endTime="2024-01-09T15:42:29.8883409+01:00" testType="13cdc9d9-ddb5-4fa4-a97d-d965ccfc6d4b" outcome="Passed" testListId="8c84fa94-04c1-424b-9868-57a2d4851a1d" relativeResultsDirectory="150400dc-1582-435b-b230-ce38c3e71ab3" />
    <UnitTestResult executionId="7dbac754-9ce8-48b1-bbe8-28208af51b02" testId="cea13dec-3b36-ea5b-7908-459731bcb8c9" testName="SOAPCommandRequestHandler_ExecuteFunction_HandlePTZMoveAbsolute_Success" computerName="DKSR-EFI-06" duration="00:00:00.0033147" startTime="2024-01-09T15:42:16.2633312+01:00" endTime="2024-01-09T15:42:16.2633312+01:00" testType="13cdc9d9-ddb5-4fa4-a97d-d965ccfc6d4b" outcome="Passed" testListId="8c84fa94-04c1-424b-9868-57a2d4851a1d" relativeResultsDirectory="7dbac754-9ce8-48b1-bbe8-28208af51b02" />
    <UnitTestResult executionId="f79202f7-129d-40c6-aa0c-06c4253d9794" testId="94814152-72a2-cd6c-3d16-d7d4f6da9295" testName="FillableGridAreaFromPrivacyMask" computerName="DKSR-EFI-06" duration="00:00:00.0097744" startTime="2024-01-09T15:42:17.5602079+01:00" endTime="2024-01-09T15:42:17.5602079+01:00" testType="13cdc9d9-ddb5-4fa4-a97d-d965ccfc6d4b" outcome="Passed" testListId="8c84fa94-04c1-424b-9868-57a2d4851a1d" relativeResultsDirectory="f79202f7-129d-40c6-aa0c-06c4253d9794" />
    <UnitTestResult executionId="d175fe41-5ff5-4c28-a1bb-38ee62b1bf1f" testId="29d684b0-2e25-416c-2170-4e35876ac66b" testName="SOAPCommandRequestHandler_ExecuteFunction_HandleSequencesGetAround_NoSequenceType" computerName="DKSR-EFI-06" duration="00:00:00.0009615" startTime="2024-01-09T15:42:15.3727056+01:00" endTime="2024-01-09T15:42:15.3727056+01:00" testType="13cdc9d9-ddb5-4fa4-a97d-d965ccfc6d4b" outcome="Passed" testListId="8c84fa94-04c1-424b-9868-57a2d4851a1d" relativeResultsDirectory="d175fe41-5ff5-4c28-a1bb-38ee62b1bf1f" />
    <UnitTestResult executionId="610db3eb-9f0c-452e-a51f-76082c0d0265" testId="b50d08d6-71f6-7129-9121-e1241e00d3da" testName="ReapplyHardwareSettingsManager_UpdateConfigurationFromDiffGram_Disabled_Success" computerName="DKSR-EFI-06" duration="00:00:00.0032883" startTime="2024-01-09T15:42:01.6226649+01:00" endTime="2024-01-09T15:42:01.6226649+01:00" testType="13cdc9d9-ddb5-4fa4-a97d-d965ccfc6d4b" outcome="Passed" testListId="8c84fa94-04c1-424b-9868-57a2d4851a1d" relativeResultsDirectory="610db3eb-9f0c-452e-a51f-76082c0d0265" />
    <UnitTestResult executionId="a9659f82-f3dd-4ff5-9c93-14c896bde5ea" testId="742b2523-e5f6-be7c-a475-4a45a0ba3c3d" testName="SOAPCommandRequestHandler_ExecuteFunction_HandleSmartSearchGetStatus_NoSmartSearchId" computerName="DKSR-EFI-06" duration="00:00:00.0015381" startTime="2024-01-09T15:42:15.5133308+01:00" endTime="2024-01-09T15:42:15.5133308+01:00" testType="13cdc9d9-ddb5-4fa4-a97d-d965ccfc6d4b" outcome="Passed" testListId="8c84fa94-04c1-424b-9868-57a2d4851a1d" relativeResultsDirectory="a9659f82-f3dd-4ff5-9c93-14c896bde5ea" />
    <UnitTestResult executionId="e778fecc-2185-4c74-8117-e1f1f812425f" testId="73af6511-ffa7-e421-18c8-fb52dd1ac962" testName="PreferredAddressTable_Register_Only_One_Preferred_Address_Per_Device_Success" computerName="DKSR-EFI-06" duration="00:00:00.0010609" startTime="2024-01-09T15:42:19.6852255+01:00" endTime="2024-01-09T15:42:19.6852255+01:00" testType="13cdc9d9-ddb5-4fa4-a97d-d965ccfc6d4b" outcome="Passed" testListId="8c84fa94-04c1-424b-9868-57a2d4851a1d" relativeResultsDirectory="e778fecc-2185-4c74-8117-e1f1f812425f" />
    <UnitTestResult executionId="0be3f816-8c92-4301-8944-9c7259308e77" testId="1bcf4c58-79ba-fb44-0a8b-d2a1c4db358c" testName="ResponseController_WarningResponseNullInput_BadRequestResult" computerName="DKSR-EFI-06" duration="00:00:00.0010479" startTime="2024-01-09T15:42:02.7789173+01:00" endTime="2024-01-09T15:42:02.7789173+01:00" testType="13cdc9d9-ddb5-4fa4-a97d-d965ccfc6d4b" outcome="Passed" testListId="8c84fa94-04c1-424b-9868-57a2d4851a1d" relativeResultsDirectory="0be3f816-8c92-4301-8944-9c7259308e77" />
    <UnitTestResult executionId="fcbfcb18-a35b-48c4-beac-7fc2b2c636d5" testId="f7d720fb-6680-8f75-f55b-8e297214e998" testName="DeleteHardwareUserCommandHandler_Execute_NoAccess_Error" computerName="DKSR-EFI-06" duration="00:00:00.0008246" startTime="2024-01-09T15:42:31.7320945+01:00" endTime="2024-01-09T15:42:31.7477163+01:00" testType="13cdc9d9-ddb5-4fa4-a97d-d965ccfc6d4b" outcome="Passed" testListId="8c84fa94-04c1-424b-9868-57a2d4851a1d" relativeResultsDirectory="fcbfcb18-a35b-48c4-beac-7fc2b2c636d5" />
    <UnitTestResult executionId="28e24bbd-a474-4966-8b35-7c7105dff986" testId="c1df03bc-3ebe-9ec4-9761-68311864ed1a" testName="UpdateHardwareStateTrue_vStartHardware_HardwareNotFound_ErrorResponse" computerName="DKSR-EFI-06" duration="00:00:00.0023911" startTime="2024-01-09T15:42:37.1071273+01:00" endTime="2024-01-09T15:42:37.1071273+01:00" testType="13cdc9d9-ddb5-4fa4-a97d-d965ccfc6d4b" outcome="Passed" testListId="8c84fa94-04c1-424b-9868-57a2d4851a1d" relativeResultsDirectory="28e24bbd-a474-4966-8b35-7c7105dff986" />
    <UnitTestResult executionId="c5848632-24c1-4b17-b855-422c21020278" testId="e4a88615-e2e1-b749-456a-476e94ae800f" testName="FirmwareUpgradeCommandHandler_Execute_FirmwareUpgradeStatus_ThrowsStatusUnknown_Errors" computerName="DKSR-EFI-06" duration="00:00:00.0015102" startTime="2024-01-09T15:42:32.9977268+01:00" endTime="2024-01-09T15:42:32.9977268+01:00" testType="13cdc9d9-ddb5-4fa4-a97d-d965ccfc6d4b" outcome="Passed" testListId="8c84fa94-04c1-424b-9868-57a2d4851a1d" relativeResultsDirectory="c5848632-24c1-4b17-b855-422c21020278" />
    <UnitTestResult executionId="75814fca-6d2f-4f8e-810f-99e3566df8d7" testId="aad384e0-fb1c-a4db-5b18-8de78999ea17" testName="TimeRangeConversionOverlappingRanges" computerName="DKSR-EFI-06" duration="00:00:00.0008479" startTime="2024-01-09T15:42:29.8883409+01:00" endTime="2024-01-09T15:42:29.8883409+01:00" testType="13cdc9d9-ddb5-4fa4-a97d-d965ccfc6d4b" outcome="Passed" testListId="8c84fa94-04c1-424b-9868-57a2d4851a1d" relativeResultsDirectory="75814fca-6d2f-4f8e-810f-99e3566df8d7" />
    <UnitTestResult executionId="274d2f46-64a0-461a-b2bf-4d23c58cf863" testId="776e0dd6-b1b2-f697-5012-1b5260370892" testName="HardwareSetupInformationCommand_PostCommandIsNull_BadRequestResult" computerName="DKSR-EFI-06" duration="00:00:00.0018518" startTime="2024-01-09T15:42:02.6382920+01:00" endTime="2024-01-09T15:42:02.6382920+01:00" testType="13cdc9d9-ddb5-4fa4-a97d-d965ccfc6d4b" outcome="Passed" testListId="8c84fa94-04c1-424b-9868-57a2d4851a1d" relativeResultsDirectory="274d2f46-64a0-461a-b2bf-4d23c58cf863" />
    <UnitTestResult executionId="b503cfd0-3a06-47cd-a4f0-ab40bf0ed551" testId="3149481f-7dc8-faae-4c4e-8462de35554d" testName="SendUpdateHardwareDriverCommandAsync_ConnectedAndIncompatible_ShouldThrowAnException" computerName="DKSR-EFI-06" duration="00:00:00.0016724" startTime="2024-01-09T15:42:02.3570417+01:00" endTime="2024-01-09T15:42:02.3570417+01:00" testType="13cdc9d9-ddb5-4fa4-a97d-d965ccfc6d4b" outcome="Passed" testListId="8c84fa94-04c1-424b-9868-57a2d4851a1d" relativeResultsDirectory="b503cfd0-3a06-47cd-a4f0-ab40bf0ed551" />
    <UnitTestResult executionId="8c1dffcf-755b-4447-8f6c-f44baa170f96" testId="08d5354d-699d-8725-8bb7-e562f20aaa25" testName="CheckDeleteDeviceMediaCommandHandler_LocalConfigEmpty_MediaDbG1_ExistedTrackG1_NoDelete" computerName="DKSR-EFI-06" duration="00:00:00.0014843" startTime="2024-01-09T15:42:30.8102130+01:00" endTime="2024-01-09T15:42:30.8102130+01:00" testType="13cdc9d9-ddb5-4fa4-a97d-d965ccfc6d4b" outcome="Passed" testListId="8c84fa94-04c1-424b-9868-57a2d4851a1d" relativeResultsDirectory="8c1dffcf-755b-4447-8f6c-f44baa170f96" />
    <UnitTestResult executionId="7976820a-0445-4fb7-9e46-ad5bdb2a5b70" testId="dc72d8ed-219f-3c19-7d99-f2f2f2b8832a" testName="AddStatus_SendsStatus_OnSingleStatus" computerName="DKSR-EFI-06" duration="00:00:00.0104477" startTime="2024-01-09T15:42:01.6226649+01:00" endTime="2024-01-09T15:42:01.6382890+01:00" testType="13cdc9d9-ddb5-4fa4-a97d-d965ccfc6d4b" outcome="Passed" testListId="8c84fa94-04c1-424b-9868-57a2d4851a1d" relativeResultsDirectory="7976820a-0445-4fb7-9e46-ad5bdb2a5b70" />
    <UnitTestResult executionId="bd2d252b-809d-49b7-9787-cadb62466646" testId="1c8f06c1-d531-699b-6c87-a9ec84e3b218" testName="SOAPCommandRequestHandler_ExecuteFunction_HandlePresetGetList_NoDeviceId" computerName="DKSR-EFI-06" duration="00:00:00.0013193" startTime="2024-01-09T15:42:16.4196270+01:00" endTime="2024-01-09T15:42:16.4196270+01:00" testType="13cdc9d9-ddb5-4fa4-a97d-d965ccfc6d4b" outcome="Passed" testListId="8c84fa94-04c1-424b-9868-57a2d4851a1d" relativeResultsDirectory="bd2d252b-809d-49b7-9787-cadb62466646" />
    <UnitTestResult executionId="cace0f28-4fa5-4a1f-98aa-a455545663f8" testId="73a1826e-5ec3-5747-b3b5-b6cf510ee279" testName="PingStart_TimeSpanZero_ArgumentOutOfRangeException" computerName="DKSR-EFI-06" duration="00:00:00.0014601" startTime="2024-01-09T15:42:02.3882944+01:00" endTime="2024-01-09T15:42:02.3882944+01:00" testType="13cdc9d9-ddb5-4fa4-a97d-d965ccfc6d4b" outcome="Passed" testListId="8c84fa94-04c1-424b-9868-57a2d4851a1d" relativeResultsDirectory="cace0f28-4fa5-4a1f-98aa-a455545663f8" />
    <UnitTestResult executionId="c066d408-3a79-4a28-bff6-ecd26e89d875" testId="6d888fa8-f384-f779-02a9-7a19a58d6faa" testName="LicenseManager_IsFeaturePresent_AxisOneClock_Fail" computerName="DKSR-EFI-06" duration="00:00:00.0010329" startTime="2024-01-09T15:42:19.7320966+01:00" endTime="2024-01-09T15:42:19.7320966+01:00" testType="13cdc9d9-ddb5-4fa4-a97d-d965ccfc6d4b" outcome="Passed" testListId="8c84fa94-04c1-424b-9868-57a2d4851a1d" relativeResultsDirectory="c066d408-3a79-4a28-bff6-ecd26e89d875" />
    <UnitTestResult executionId="2a71cf52-b87a-4ba6-9466-f468e670e814" testId="2ae0a91b-6259-6398-9a29-15a94e48c068" testName="ConnectSuccess_Goto_NextSeqWithoutTime" computerName="DKSR-EFI-06" duration="00:00:00.0030676" startTime="2024-01-09T15:42:13.0150734+01:00" endTime="2024-01-09T15:42:13.0150734+01:00" testType="13cdc9d9-ddb5-4fa4-a97d-d965ccfc6d4b" outcome="Passed" testListId="8c84fa94-04c1-424b-9868-57a2d4851a1d" relativeResultsDirectory="2a71cf52-b87a-4ba6-9466-f468e670e814" />
    <UnitTestResult executionId="e5b39f6c-6552-45b0-b474-917f0f52e283" testId="ae02b7b8-73a6-db4e-d23a-5f1b21336a35" testName="SetupInitialHardwareUserCommandHandler_Execute_Success" computerName="DKSR-EFI-06" duration="00:00:00.0072889" startTime="2024-01-09T15:42:36.9821262+01:00" endTime="2024-01-09T15:42:36.9821262+01:00" testType="13cdc9d9-ddb5-4fa4-a97d-d965ccfc6d4b" outcome="Passed" testListId="8c84fa94-04c1-424b-9868-57a2d4851a1d" relativeResultsDirectory="e5b39f6c-6552-45b0-b474-917f0f52e283" />
    <UnitTestResult executionId="d2a6bc74-4c36-4576-a820-2b43004510a6" testId="b83e952d-9f82-33ae-92bb-4cfc0c2f69f0" testName="ConnectSuccess_OldPrivacyMaskFormat" computerName="DKSR-EFI-06" duration="00:00:00.0015530" startTime="2024-01-09T15:42:12.7164523+01:00" endTime="2024-01-09T15:42:12.7164523+01:00" testType="13cdc9d9-ddb5-4fa4-a97d-d965ccfc6d4b" outcome="Passed" testListId="8c84fa94-04c1-424b-9868-57a2d4851a1d" relativeResultsDirectory="d2a6bc74-4c36-4576-a820-2b43004510a6" />
    <UnitTestResult executionId="7bf11497-b185-4d22-a1d3-e244a9c0cdfc" testId="a0714c12-3e58-85c8-097c-620c64485b34" testName="RegisterLiveTableExistsTwiche" computerName="DKSR-EFI-06" duration="00:00:00.0005713" startTime="2024-01-09T15:42:30.4039654+01:00" endTime="2024-01-09T15:42:30.4039654+01:00" testType="13cdc9d9-ddb5-4fa4-a97d-d965ccfc6d4b" outcome="Passed" testListId="8c84fa94-04c1-424b-9868-57a2d4851a1d" relativeResultsDirectory="7bf11497-b185-4d22-a1d3-e244a9c0cdfc" />
    <UnitTestResult executionId="020ac058-2d3a-4a88-aead-ab702eb439c5" testId="94da58dc-f615-cfce-cd34-57628676c325" testName="CollectMediaStatusCommandHandler_Retention_Two_Devices" computerName="DKSR-EFI-06" duration="00:00:00.0068992" startTime="2024-01-09T15:42:30.9664659+01:00" endTime="2024-01-09T15:42:30.9820916+01:00" testType="13cdc9d9-ddb5-4fa4-a97d-d965ccfc6d4b" outcome="Passed" testListId="8c84fa94-04c1-424b-9868-57a2d4851a1d" relativeResultsDirectory="020ac058-2d3a-4a88-aead-ab702eb439c5" />
    <UnitTestResult executionId="cb5894f4-6f09-4da9-9801-27e1f68902d4" testId="78e2fc07-3385-1fe5-87fc-6c04b14d7e26" testName="SOAPCommandRequestHandler_ExecuteFunction_HandleSequencesGetAroundWithSpan_No_Camera_Security" computerName="DKSR-EFI-06" duration="00:00:00.0022052" startTime="2024-01-09T15:42:15.4508536+01:00" endTime="2024-01-09T15:42:15.4508536+01:00" testType="13cdc9d9-ddb5-4fa4-a97d-d965ccfc6d4b" outcome="Passed" testListId="8c84fa94-04c1-424b-9868-57a2d4851a1d" relativeResultsDirectory="cb5894f4-6f09-4da9-9801-27e1f68902d4" />
    <UnitTestResult executionId="7acb2e72-178c-46d1-97c8-f6fba24955aa" testId="a5ed42a3-3fc9-e346-cc3c-ebc90271ee9f" testName="StartTimer_StartsInternalTimer_WithPropperValues" computerName="DKSR-EFI-06" duration="00:00:00.0045949" startTime="2024-01-09T15:42:01.6851634+01:00" endTime="2024-01-09T15:42:01.6851634+01:00" testType="13cdc9d9-ddb5-4fa4-a97d-d965ccfc6d4b" outcome="Passed" testListId="8c84fa94-04c1-424b-9868-57a2d4851a1d" relativeResultsDirectory="7acb2e72-178c-46d1-97c8-f6fba24955aa" />
    <UnitTestResult executionId="b1dde0d3-48c0-4b64-a323-258c061c86e3" testId="c0fd9609-2aff-305c-143c-f0e4c7c329ee" testName="GetRecorderTasks_InternalStateStopped_ReturnsNull" computerName="DKSR-EFI-06" duration="00:00:00.0010305" startTime="2024-01-09T15:42:02.2320404+01:00" endTime="2024-01-09T15:42:02.2320404+01:00" testType="13cdc9d9-ddb5-4fa4-a97d-d965ccfc6d4b" outcome="Passed" testListId="8c84fa94-04c1-424b-9868-57a2d4851a1d" relativeResultsDirectory="b1dde0d3-48c0-4b64-a323-258c061c86e3" />
    <UnitTestResult executionId="48183945-f644-456f-a9d2-8198ce2e61a4" testId="b4c8b4fe-75e0-393f-0de0-b15d564184ce" testName="SearchingMixedWithEmptyMask" computerName="DKSR-EFI-06" duration="00:00:00.0007627" startTime="2024-01-09T15:42:18.4664607+01:00" endTime="2024-01-09T15:42:18.4664607+01:00" testType="13cdc9d9-ddb5-4fa4-a97d-d965ccfc6d4b" outcome="Passed" testListId="8c84fa94-04c1-424b-9868-57a2d4851a1d" relativeResultsDirectory="48183945-f644-456f-a9d2-8198ce2e61a4" />
    <UnitTestResult executionId="6a25d0f0-9c32-4fb6-b003-72138918a86c" testId="d68d1a12-69e1-c96a-03ca-000fe085b43c" testName="ConnectionShutdown_MediaFeedHandlerTimeout" computerName="DKSR-EFI-06" duration="00:00:00.0203192" startTime="2024-01-09T15:42:12.7633286+01:00" endTime="2024-01-09T15:42:12.7950914+01:00" testType="13cdc9d9-ddb5-4fa4-a97d-d965ccfc6d4b" outcome="Passed" testListId="8c84fa94-04c1-424b-9868-57a2d4851a1d" relativeResultsDirectory="6a25d0f0-9c32-4fb6-b003-72138918a86c" />
    <UnitTestResult executionId="fb63af05-1f8b-46f7-8235-d359bed04448" testId="a0976502-e751-41de-5d03-12010e86cc0f" testName="SOAPCommandRequestHandler_ExecuteFunction_HandlePTZReserveSession_No_Security" computerName="DKSR-EFI-06" duration="00:00:00.0014076" startTime="2024-01-09T15:42:16.4508330+01:00" endTime="2024-01-09T15:42:16.4508330+01:00" testType="13cdc9d9-ddb5-4fa4-a97d-d965ccfc6d4b" outcome="Passed" testListId="8c84fa94-04c1-424b-9868-57a2d4851a1d" relativeResultsDirectory="fb63af05-1f8b-46f7-8235-d359bed04448" />
    <UnitTestResult executionId="2f96bd26-df61-45a6-bd38-8f903461f00c" testId="ba5848f1-2b40-6b05-486c-f8baa54e4f00" testName="CheckExternalRecorderRegistrationCommandHandler_Execute_NullArgs_Throws" computerName="DKSR-EFI-06" duration="00:00:00.0176769" startTime="2024-01-09T15:42:30.8414627+01:00" endTime="2024-01-09T15:42:30.8570895+01:00" testType="13cdc9d9-ddb5-4fa4-a97d-d965ccfc6d4b" outcome="Passed" testListId="8c84fa94-04c1-424b-9868-57a2d4851a1d" relativeResultsDirectory="2f96bd26-df61-45a6-bd38-8f903461f00c">
      <Output>
        <StdOut>Debug Trace:&#xD;
Fail: Command/Command handler type mismatch&#xD;
Fail: The command handler expect an object that implements IResponseSink in the responseSink parameter</StdOut>
      </Output>
    </UnitTestResult>
    <UnitTestResult executionId="84e810f1-4251-47d9-8b81-bf9690a6b9ca" testId="07da3716-addc-8859-8463-643cff34c532" testName="ChangeHardwarePasswordCommandHandler_Execute_ChangePassword_ThrowsPasswordOrUserLevelMayNotBeChanged_Errors" computerName="DKSR-EFI-06" duration="00:00:00.0008385" startTime="2024-01-09T15:42:30.7633402+01:00" endTime="2024-01-09T15:42:30.7633402+01:00" testType="13cdc9d9-ddb5-4fa4-a97d-d965ccfc6d4b" outcome="Passed" testListId="8c84fa94-04c1-424b-9868-57a2d4851a1d" relativeResultsDirectory="84e810f1-4251-47d9-8b81-bf9690a6b9ca" />
    <UnitTestResult executionId="93a5bf8a-b85d-4375-8f09-d666f2a00a81" testId="4dc871c5-4392-184b-a75d-cf44a9ce66d9" testName="Dispose_Called_TimerDisposed" computerName="DKSR-EFI-06" duration="00:00:00.0014025" startTime="2024-01-09T15:42:02.4507930+01:00" endTime="2024-01-09T15:42:02.4507930+01:00" testType="13cdc9d9-ddb5-4fa4-a97d-d965ccfc6d4b" outcome="Passed" testListId="8c84fa94-04c1-424b-9868-57a2d4851a1d" relativeResultsDirectory="93a5bf8a-b85d-4375-8f09-d666f2a00a81" />
    <UnitTestResult executionId="ad366ed8-75e7-4b9c-9c5e-bc1fc4800f23" testId="147225c2-52c5-173e-279e-3603e68e2410" testName="SOAPCommandRequestHandler_ExecuteFunction_HandlePTZReserveSession_Success" computerName="DKSR-EFI-06" duration="00:00:00.0022084" startTime="2024-01-09T15:42:16.4664579+01:00" endTime="2024-01-09T15:42:16.4664579+01:00" testType="13cdc9d9-ddb5-4fa4-a97d-d965ccfc6d4b" outcome="Passed" testListId="8c84fa94-04c1-424b-9868-57a2d4851a1d" relativeResultsDirectory="ad366ed8-75e7-4b9c-9c5e-bc1fc4800f23" />
    <UnitTestResult executionId="2bec48f9-c337-43d8-970b-45ab8295458b" testId="e727795f-0ad7-4c41-8cca-726339c9a3f1" testName="MediaDbUtil_MultitrackNavigation_Scenario06" computerName="DKSR-EFI-06" duration="00:00:00.0131342" startTime="2024-01-09T15:42:14.1852045+01:00" endTime="2024-01-09T15:42:14.2008290+01:00" testType="13cdc9d9-ddb5-4fa4-a97d-d965ccfc6d4b" outcome="Passed" testListId="8c84fa94-04c1-424b-9868-57a2d4851a1d" relativeResultsDirectory="2bec48f9-c337-43d8-970b-45ab8295458b">
      <Output>
        <StdOut>TestContext Messages:&#xD;
Before&#xD;
Navigation:  "  V                                     "&#xD;
Source    :  "        1-----1-----1----1----          "&#xD;
Unable to move&#xD;
&#xD;
AtOrBefore&#xD;
Navigation:  "  V                                     "&#xD;
Source    :  "        1-----1-----1----1----          "&#xD;
Unable to move&#xD;
&#xD;
AtOrAfter&#xD;
Navigation:  "  V                                     "&#xD;
Source    :  "        1-----1-----1----1----          "&#xD;
Expected  :  "        1-----N                         "&#xD;
Actual    :  "        1-----N                         "&#xD;
&#xD;
After&#xD;
Navigation:  "  V                                     "&#xD;
Source    :  "        1-----1-----1----1----          "&#xD;
Expected  :  "        1-----N                         "&#xD;
Actual    :  "        1-----N                         "&#xD;
&#xD;
Before&#xD;
Navigation:  "    V                                   "&#xD;
Source    :  "        1-----1-----1----1----          "&#xD;
Unable to move&#xD;
&#xD;
AtOrBefore&#xD;
Navigation:  "    V                                   "&#xD;
Source    :  "        1-----1-----1----1----          "&#xD;
Unable to move&#xD;
&#xD;
AtOrAfter&#xD;
Navigation:  "    V                                   "&#xD;
Source    :  "        1-----1-----1----1----          "&#xD;
Expected  :  "        1-----N                         "&#xD;
Actual    :  "        1-----N                         "&#xD;
&#xD;
After&#xD;
Navigation:  "    V                                   "&#xD;
Source    :  "        1-----1-----1----1----          "&#xD;
Expected  :  "        1-----N                         "&#xD;
Actual    :  "        1-----N                         "&#xD;
&#xD;
Before&#xD;
Navigation:  "     V                                  "&#xD;
Source    :  "        1-----1-----1----1----          "&#xD;
Unable to move&#xD;
&#xD;
AtOrBefore&#xD;
Navigation:  "     V                                  "&#xD;
Source    :  "        1-----1-----1----1----          "&#xD;
Unable to move&#xD;
&#xD;
AtOrAfter&#xD;
Navigation:  "     V                                  "&#xD;
Source    :  "        1-----1-----1----1----          "&#xD;
Expected  :  "        1-----N                         "&#xD;
Actual    :  "        1-----N                         "&#xD;
&#xD;
After&#xD;
Navigation:  "     V                                  "&#xD;
Source    :  "        1-----1-----1----1----          "&#xD;
Expected  :  "        1-----N                         "&#xD;
Actual    :  "        1-----N                         "&#xD;
&#xD;
Before&#xD;
Navigation:  "      V                                 "&#xD;
Source    :  "        1-----1-----1----1----          "&#xD;
Unable to move&#xD;
&#xD;
AtOrBefore&#xD;
Navigation:  "      V                                 "&#xD;
Source    :  "        1-----1-----1----1----          "&#xD;
Unable to move&#xD;
&#xD;
AtOrAfter&#xD;
Navigation:  "      V                                 "&#xD;
Source    :  "        1-----1-----1----1----          "&#xD;
Expected  :  "        1-----N                         "&#xD;
Actual    :  "        1-----N                         "&#xD;
&#xD;
After&#xD;
Navigation:  "      V                                 "&#xD;
Source    :  "        1-----1-----1----1----          "&#xD;
Expected  :  "        1-----N                         "&#xD;
Actual    :  "        1-----N                         "&#xD;
&#xD;
Before&#xD;
Navigation:  "                  V                     "&#xD;
Source    :  "        1-----1-----1----1----          "&#xD;
Expected  :  "        1-----N                         "&#xD;
Actual    :  "        1-----N                         "&#xD;
&#xD;
AtOrBefore&#xD;
Navigation:  "                  V                     "&#xD;
Source    :  "        1-----1-----1----1----          "&#xD;
Expected  :  "        P     1-----N                   "&#xD;
Actual    :  "        P     1-----N                   "&#xD;
&#xD;
AtOrAfter&#xD;
Navigation:  "                  V                     "&#xD;
Source    :  "        1-----1-----1----1----          "&#xD;
Expected  :  "        P     1-----N                   "&#xD;
Actual    :  "        P     1-----N                   "&#xD;
&#xD;
After&#xD;
Navigation:  "                  V                     "&#xD;
Source    :  "        1-----1-----1----1----          "&#xD;
Expected  :  "              P     1----N              "&#xD;
Actual    :  "              P     1----N              "&#xD;
&#xD;
Before&#xD;
Navigation:  "                                      V "&#xD;
Source    :  "        1-----1-----1----1----          "&#xD;
Expected  :  "                    P    1----          "&#xD;
Actual    :  "                    P    1----          "&#xD;
&#xD;
AtOrBefore&#xD;
Navigation:  "                                      V "&#xD;
Source    :  "        1-----1-----1----1----          "&#xD;
Expected  :  "                    P    1----          "&#xD;
Actual    :  "                    P    1----          "&#xD;
&#xD;
AtOrAfter&#xD;
Navigation:  "                                      V "&#xD;
Source    :  "        1-----1-----1----1----          "&#xD;
Unable to move&#xD;
&#xD;
After&#xD;
Navigation:  "                                      V "&#xD;
Source    :  "        1-----1-----1----1----          "&#xD;
Unable to move&#xD;
&#xD;
Before&#xD;
Navigation:  "  V                                     "&#xD;
Source    :  "                                        "&#xD;
Unable to move&#xD;
&#xD;
AtOrBefore&#xD;
Navigation:  "  V                                     "&#xD;
Source    :  "                                        "&#xD;
Unable to move&#xD;
&#xD;
AtOrAfter&#xD;
Navigation:  "  V                                     "&#xD;
Source    :  "                                        "&#xD;
Unable to move&#xD;
&#xD;
After&#xD;
Navigation:  "  V                                     "&#xD;
Source    :  "                                        "&#xD;
Unable to move&#xD;
&#xD;
Before&#xD;
Navigation:  "    V                                   "&#xD;
Source    :  "                                        "&#xD;
Unable to move&#xD;
&#xD;
AtOrBefore&#xD;
Navigation:  "    V                                   "&#xD;
Source    :  "                                        "&#xD;
Unable to move&#xD;
&#xD;
AtOrAfter&#xD;
Navigation:  "    V                                   "&#xD;
Source    :  "                                        "&#xD;
Unable to move&#xD;
&#xD;
After&#xD;
Navigation:  "    V                                   "&#xD;
Source    :  "                                        "&#xD;
Unable to move&#xD;
&#xD;
Before&#xD;
Navigation:  "     V                                  "&#xD;
Source    :  "                                        "&#xD;
Unable to move&#xD;
&#xD;
AtOrBefore&#xD;
Navigation:  "     V                                  "&#xD;
Source    :  "                                        "&#xD;
Unable to move&#xD;
&#xD;
AtOrAfter&#xD;
Navigation:  "     V                                  "&#xD;
Source    :  "                                        "&#xD;
Unable to move&#xD;
&#xD;
After&#xD;
Navigation:  "     V                                  "&#xD;
Source    :  "                                        "&#xD;
Unable to move&#xD;
&#xD;
Before&#xD;
Navigation:  "      V                                 "&#xD;
Source    :  "                                        "&#xD;
Unable to move&#xD;
&#xD;
AtOrBefore&#xD;
Navigation:  "      V                                 "&#xD;
Source    :  "                                        "&#xD;
Unable to move&#xD;
&#xD;
AtOrAfter&#xD;
Navigation:  "      V                                 "&#xD;
Source    :  "                                        "&#xD;
Unable to move&#xD;
&#xD;
After&#xD;
Navigation:  "      V                                 "&#xD;
Source    :  "                                        "&#xD;
Unable to move&#xD;
&#xD;
Before&#xD;
Navigation:  "                  V                     "&#xD;
Source    :  "                                        "&#xD;
Unable to move&#xD;
&#xD;
AtOrBefore&#xD;
Navigation:  "                  V                     "&#xD;
Source    :  "                                        "&#xD;
Unable to move&#xD;
&#xD;
AtOrAfter&#xD;
Navigation:  "                  V                     "&#xD;
Source    :  "                                        "&#xD;
Unable to move&#xD;
&#xD;
After&#xD;
Navigation:  "                  V                     "&#xD;
Source    :  "                                        "&#xD;
Unable to move&#xD;
&#xD;
Before&#xD;
Navigation:  "                                      V "&#xD;
Source    :  "                                        "&#xD;
Unable to move&#xD;
&#xD;
AtOrBefore&#xD;
Navigation:  "                                      V "&#xD;
Source    :  "                                        "&#xD;
Unable to move&#xD;
&#xD;
AtOrAfter&#xD;
Navigation:  "                                      V "&#xD;
Source    :  "                                        "&#xD;
Unable to move&#xD;
&#xD;
After&#xD;
Navigation:  "                                      V "&#xD;
Source    :  "                                        "&#xD;
Unable to move</StdOut>
      </Output>
    </UnitTestResult>
    <UnitTestResult executionId="225e64f7-f3a7-4444-9cf8-960d4d36850a" testId="753586d4-f076-28db-e6f6-02c52a229d0e" testName="EdgeStorageLimitsManagerGetLimitsSameInstance" computerName="DKSR-EFI-06" duration="00:00:00.0010467" startTime="2024-01-09T15:42:19.8727098+01:00" endTime="2024-01-09T15:42:19.8727098+01:00" testType="13cdc9d9-ddb5-4fa4-a97d-d965ccfc6d4b" outcome="Passed" testListId="8c84fa94-04c1-424b-9868-57a2d4851a1d" relativeResultsDirectory="225e64f7-f3a7-4444-9cf8-960d4d36850a" />
    <UnitTestResult executionId="080fddb0-40d9-49a0-a6b9-df0f741cd1d5" testId="83de497b-d4c4-8177-19ae-00a5df08a991" testName="FirmwareUpgradeCommandHandler_Execute_HardwareBlocked_Errors" computerName="DKSR-EFI-06" duration="00:00:00.0011696" startTime="2024-01-09T15:42:31.8883464+01:00" endTime="2024-01-09T15:42:31.8883464+01:00" testType="13cdc9d9-ddb5-4fa4-a97d-d965ccfc6d4b" outcome="Passed" testListId="8c84fa94-04c1-424b-9868-57a2d4851a1d" relativeResultsDirectory="080fddb0-40d9-49a0-a6b9-df0f741cd1d5" />
    <UnitTestResult executionId="1c46f11d-3279-42c4-9f72-83ef9cb3a21b" testId="3498ef96-c386-48ab-92a0-21ade1a0f55a" testName="EvidenceLockOnOldRecorderCommandHandler_Constructor_RecorderEnvironmentNull_ArgumentNullException" computerName="DKSR-EFI-06" duration="00:00:00.0012578" startTime="2024-01-09T15:42:31.7477163+01:00" endTime="2024-01-09T15:42:31.7477163+01:00" testType="13cdc9d9-ddb5-4fa4-a97d-d965ccfc6d4b" outcome="Passed" testListId="8c84fa94-04c1-424b-9868-57a2d4851a1d" relativeResultsDirectory="1c46f11d-3279-42c4-9f72-83ef9cb3a21b" />
    <UnitTestResult executionId="9190aecc-db26-4d79-8902-f1b3d722b350" testId="993ed0e9-7960-88a9-4252-c750dfd2eafd" testName="ArchiveSessionStarted_Success" computerName="DKSR-EFI-06" duration="00:00:00.0706817" startTime="2024-01-09T15:42:01.4039106+01:00" endTime="2024-01-09T15:42:01.4820363+01:00" testType="13cdc9d9-ddb5-4fa4-a97d-d965ccfc6d4b" outcome="Passed" testListId="8c84fa94-04c1-424b-9868-57a2d4851a1d" relativeResultsDirectory="9190aecc-db26-4d79-8902-f1b3d722b350" />
    <UnitTestResult executionId="c30aa420-655a-464a-bc0b-7914bbfec943" testId="e91cd25b-0914-e151-3d5f-581e9a917879" testName="RecStorage_Startup_AllowStart_KeepFailing_Failure_KeepOffline" computerName="DKSR-EFI-06" duration="00:00:00.0046965" startTime="2024-01-09T15:42:18.1695839+01:00" endTime="2024-01-09T15:42:18.1695839+01:00" testType="13cdc9d9-ddb5-4fa4-a97d-d965ccfc6d4b" outcome="Passed" testListId="8c84fa94-04c1-424b-9868-57a2d4851a1d" relativeResultsDirectory="c30aa420-655a-464a-bc0b-7914bbfec943" />
    <UnitTestResult executionId="66871a52-8f82-4201-89c5-8e6ee167c72f" testId="4ea280c9-b893-6a9a-489c-6c6af0fd440a" testName="ConnectSuccess_End_Denied" computerName="DKSR-EFI-06" duration="00:00:00.0023215" startTime="2024-01-09T15:42:12.9820764+01:00" endTime="2024-01-09T15:42:12.9820764+01:00" testType="13cdc9d9-ddb5-4fa4-a97d-d965ccfc6d4b" outcome="Passed" testListId="8c84fa94-04c1-424b-9868-57a2d4851a1d" relativeResultsDirectory="66871a52-8f82-4201-89c5-8e6ee167c72f" />
    <UnitTestResult executionId="f44b846a-0524-437f-9df2-197c4eade280" testId="ee49ee4f-0aea-f745-5775-adf4f114597b" testName="SOAPCommandRequestHandler_ExecuteFunction_HandleJPEGGetAt_NoSecurity" computerName="DKSR-EFI-06" duration="00:00:00.0013176" startTime="2024-01-09T15:42:16.0289573+01:00" endTime="2024-01-09T15:42:16.0289573+01:00" testType="13cdc9d9-ddb5-4fa4-a97d-d965ccfc6d4b" outcome="Passed" testListId="8c84fa94-04c1-424b-9868-57a2d4851a1d" relativeResultsDirectory="f44b846a-0524-437f-9df2-197c4eade280" />
    <UnitTestResult executionId="a99a31c9-9d50-4209-a586-5f3ed27f650a" testId="863ca22f-d50c-fc54-fb74-a5af393f6244" testName="PtzManager_StartPatrolling_Success" computerName="DKSR-EFI-06" duration="00:00:00.0027564" startTime="2024-01-09T15:42:38.1071332+01:00" endTime="2024-01-09T15:42:38.1227568+01:00" testType="13cdc9d9-ddb5-4fa4-a97d-d965ccfc6d4b" outcome="Passed" testListId="8c84fa94-04c1-424b-9868-57a2d4851a1d" relativeResultsDirectory="a99a31c9-9d50-4209-a586-5f3ed27f650a" />
    <UnitTestResult executionId="3f44d30e-b6b7-4a01-92fd-feebbd0935f0" testId="4bbb7166-5d12-9430-8733-29a7dd021927" testName="FirmwareUpgradeCommandHandler_Constructor_NullArg_Throws" computerName="DKSR-EFI-06" duration="00:00:00.0045455" startTime="2024-01-09T15:42:31.8414688+01:00" endTime="2024-01-09T15:42:31.8570938+01:00" testType="13cdc9d9-ddb5-4fa4-a97d-d965ccfc6d4b" outcome="Passed" testListId="8c84fa94-04c1-424b-9868-57a2d4851a1d" relativeResultsDirectory="3f44d30e-b6b7-4a01-92fd-feebbd0935f0" />
    <UnitTestResult executionId="d1726e29-782f-49f2-8865-054a4c7a5a0c" testId="b430ccc2-f0c5-c511-ce30-e28beedbc8f3" testName="PtzManager_MoveRelative_Success" computerName="DKSR-EFI-06" duration="00:00:00.0045912" startTime="2024-01-09T15:42:38.1383825+01:00" endTime="2024-01-09T15:42:38.1383825+01:00" testType="13cdc9d9-ddb5-4fa4-a97d-d965ccfc6d4b" outcome="Passed" testListId="8c84fa94-04c1-424b-9868-57a2d4851a1d" relativeResultsDirectory="d1726e29-782f-49f2-8865-054a4c7a5a0c" />
    <UnitTestResult executionId="011d0c38-a4a7-4637-93ae-9d5c16e5e87b" testId="c2e218d2-8bd8-8ca2-67b2-1912b12ff924" testName="SmartSearchHandlerHasMotionThrowsOutOfMemoryException" computerName="DKSR-EFI-06" duration="00:00:00.0015068" startTime="2024-01-09T15:42:17.7008337+01:00" endTime="2024-01-09T15:42:17.7008337+01:00" testType="13cdc9d9-ddb5-4fa4-a97d-d965ccfc6d4b" outcome="Passed" testListId="8c84fa94-04c1-424b-9868-57a2d4851a1d" relativeResultsDirectory="011d0c38-a4a7-4637-93ae-9d5c16e5e87b" />
    <UnitTestResult executionId="cd9636b4-e390-463b-9b96-71daa6c1b384" testId="b7d79b70-654f-cdc7-c931-6bf701fefb44" testName="ChangeHardwarePasswordCommandHandler_Execute_ChangePassword_ThrowsNetworkError_Errors" computerName="DKSR-EFI-06" duration="00:00:00.0008767" startTime="2024-01-09T15:42:30.7477136+01:00" endTime="2024-01-09T15:42:30.7477136+01:00" testType="13cdc9d9-ddb5-4fa4-a97d-d965ccfc6d4b" outcome="Passed" testListId="8c84fa94-04c1-424b-9868-57a2d4851a1d" relativeResultsDirectory="cd9636b4-e390-463b-9b96-71daa6c1b384" />
    <UnitTestResult executionId="cc59ae16-9222-40e3-a901-2e2bc19ad962" testId="61ea485e-fcaa-fb16-c702-bad4dc7759e4" testName="EnhanceSettings_SetsNvidiaValue_OnNoOtherChangesToSettings" computerName="DKSR-EFI-06" duration="00:00:00.0004882" startTime="2024-01-09T15:42:19.4195860+01:00" endTime="2024-01-09T15:42:19.4195860+01:00" testType="13cdc9d9-ddb5-4fa4-a97d-d965ccfc6d4b" outcome="Passed" testListId="8c84fa94-04c1-424b-9868-57a2d4851a1d" relativeResultsDirectory="cc59ae16-9222-40e3-a901-2e2bc19ad962" />
    <UnitTestResult executionId="0995ac2d-5ca3-4e3d-8722-0f90c1c13ecb" testId="01207061-8f43-c08b-6323-fb99c1287977" testName="ConnectSuccess_NextSeq_Denied" computerName="DKSR-EFI-06" duration="00:00:00.0024707" startTime="2024-01-09T15:42:13.0150734+01:00" endTime="2024-01-09T15:42:13.0150734+01:00" testType="13cdc9d9-ddb5-4fa4-a97d-d965ccfc6d4b" outcome="Passed" testListId="8c84fa94-04c1-424b-9868-57a2d4851a1d" relativeResultsDirectory="0995ac2d-5ca3-4e3d-8722-0f90c1c13ecb" />
    <UnitTestResult executionId="e60aa661-4a50-4300-8a20-a7b30dacce1e" testId="e834fa8f-c7d5-14b8-347d-2a4019de90d0" testName="QueueCommands_ConnectedAndIncompatible_ShouldNotThrowAnException" computerName="DKSR-EFI-06" duration="00:00:00.0285326" startTime="2024-01-09T15:42:02.3102114+01:00" endTime="2024-01-09T15:42:02.3414169+01:00" testType="13cdc9d9-ddb5-4fa4-a97d-d965ccfc6d4b" outcome="Passed" testListId="8c84fa94-04c1-424b-9868-57a2d4851a1d" relativeResultsDirectory="e60aa661-4a50-4300-8a20-a7b30dacce1e" />
    <UnitTestResult executionId="967772fd-f167-4860-882f-d1fb60e5bfb4" testId="725b1a44-1c80-b986-7899-a1c8412519ba" testName="GetDefaultOrFirstAudioEncodingFromDefinition_GetFirstSettingTest" computerName="DKSR-EFI-06" duration="00:00:00.0416007" startTime="2024-01-09T15:42:17.3570835+01:00" endTime="2024-01-09T15:42:17.4039580+01:00" testType="13cdc9d9-ddb5-4fa4-a97d-d965ccfc6d4b" outcome="Passed" testListId="8c84fa94-04c1-424b-9868-57a2d4851a1d" relativeResultsDirectory="967772fd-f167-4860-882f-d1fb60e5bfb4" />
    <UnitTestResult executionId="99f06e89-1d86-48c5-9c84-614f196ce92e" testId="5164a939-4212-4209-7f73-68f301761e1c" testName="SOAPCommandRequestHandler_ExecuteFunction_HandlePTZRectangle_Width_Not_Double" computerName="DKSR-EFI-06" duration="00:00:00.0009052" startTime="2024-01-09T15:42:16.3570828+01:00" endTime="2024-01-09T15:42:16.3570828+01:00" testType="13cdc9d9-ddb5-4fa4-a97d-d965ccfc6d4b" outcome="Passed" testListId="8c84fa94-04c1-424b-9868-57a2d4851a1d" relativeResultsDirectory="99f06e89-1d86-48c5-9c84-614f196ce92e" />
    <UnitTestResult executionId="4035bea1-35fa-451e-93b9-8e889eb2ea04" testId="dfada2d0-c1be-49a9-ed5a-cf52170e45ff" testName="SOAPCommandRequestHandler_ExecuteFunction_HandleSmartSearchStart_NoSearchInterval" computerName="DKSR-EFI-06" duration="00:00:00.0011868" startTime="2024-01-09T15:42:15.5445824+01:00" endTime="2024-01-09T15:42:15.5445824+01:00" testType="13cdc9d9-ddb5-4fa4-a97d-d965ccfc6d4b" outcome="Passed" testListId="8c84fa94-04c1-424b-9868-57a2d4851a1d" relativeResultsDirectory="4035bea1-35fa-451e-93b9-8e889eb2ea04" />
    <UnitTestResult executionId="a11da73a-9a7b-4be9-9df0-1e5dfe59dcd6" testId="20edcd36-e17d-797f-d510-2fb355004c32" testName="SmartSearchHandlerBackwardDirectHitSingleSequence" computerName="DKSR-EFI-06" duration="00:00:00.0008936" startTime="2024-01-09T15:42:17.6539592+01:00" endTime="2024-01-09T15:42:17.6539592+01:00" testType="13cdc9d9-ddb5-4fa4-a97d-d965ccfc6d4b" outcome="Passed" testListId="8c84fa94-04c1-424b-9868-57a2d4851a1d" relativeResultsDirectory="a11da73a-9a7b-4be9-9df0-1e5dfe59dcd6" />
    <UnitTestResult executionId="d7a7768d-b87b-4a00-a580-cb4694e24bee" testId="57a5b186-9c7e-8ac1-b36f-7da3eebca679" testName="MediaDbConfigurationWriter_WriteDeviceTableConfigurationNoPrebuffer_Cam" computerName="DKSR-EFI-06" duration="00:00:00.0005154" startTime="2024-01-09T15:42:30.3883396+01:00" endTime="2024-01-09T15:42:30.3883396+01:00" testType="13cdc9d9-ddb5-4fa4-a97d-d965ccfc6d4b" outcome="Passed" testListId="8c84fa94-04c1-424b-9868-57a2d4851a1d" relativeResultsDirectory="d7a7768d-b87b-4a00-a580-cb4694e24bee" />
    <UnitTestResult executionId="0aa9286f-d8a2-4aa9-8518-d21b9342565f" testId="a1662c3e-6c90-6132-3f2b-3faf17a3029f" testName="SOAPCommandRequestHandler_ExecuteFunction_HandlePTZMoveStart_No_Security" computerName="DKSR-EFI-06" duration="00:00:00.0012530" startTime="2024-01-09T15:42:16.3102070+01:00" endTime="2024-01-09T15:42:16.3258331+01:00" testType="13cdc9d9-ddb5-4fa4-a97d-d965ccfc6d4b" outcome="Passed" testListId="8c84fa94-04c1-424b-9868-57a2d4851a1d" relativeResultsDirectory="0aa9286f-d8a2-4aa9-8518-d21b9342565f" />
    <UnitTestResult executionId="ccbd7013-1e73-4080-a080-3d8f7d681658" testId="a03d31e5-b519-df48-9108-2eaf143ef1ab" testName="GetNetworkConfigurationCommandHandler_Execute_GetNetworkConfiguration_ThrowsUnknownResult_Errors" computerName="DKSR-EFI-06" duration="00:00:00.0008721" startTime="2024-01-09T15:42:33.2164788+01:00" endTime="2024-01-09T15:42:33.2164788+01:00" testType="13cdc9d9-ddb5-4fa4-a97d-d965ccfc6d4b" outcome="Passed" testListId="8c84fa94-04c1-424b-9868-57a2d4851a1d" relativeResultsDirectory="ccbd7013-1e73-4080-a080-3d8f7d681658" />
    <UnitTestResult executionId="937bd99b-23cb-41ad-a6a2-80b7e5393f8e" testId="bb43b1e4-ae50-26df-7d07-45d3d47ce979" testName="EnhanceSettings_EmptyStringPrivacyMask" computerName="DKSR-EFI-06" duration="00:00:00.0005411" startTime="2024-01-09T15:42:19.4039599+01:00" endTime="2024-01-09T15:42:19.4039599+01:00" testType="13cdc9d9-ddb5-4fa4-a97d-d965ccfc6d4b" outcome="Passed" testListId="8c84fa94-04c1-424b-9868-57a2d4851a1d" relativeResultsDirectory="937bd99b-23cb-41ad-a6a2-80b7e5393f8e" />
    <UnitTestResult executionId="05b585b2-f6c9-4b2f-baf9-6521249f5cbe" testId="ba5d9fe4-26ed-b4f6-b3fd-cbabc026143c" testName="UpdateHardwareStateTrue_StartHardware_HardwareReadOnly_SuccessResponse" computerName="DKSR-EFI-06" duration="00:00:00.0012628" startTime="2024-01-09T15:42:37.1071273+01:00" endTime="2024-01-09T15:42:37.1071273+01:00" testType="13cdc9d9-ddb5-4fa4-a97d-d965ccfc6d4b" outcome="Passed" testListId="8c84fa94-04c1-424b-9868-57a2d4851a1d" relativeResultsDirectory="05b585b2-f6c9-4b2f-baf9-6521249f5cbe" />
    <UnitTestResult executionId="3463abc5-59c7-4f48-be1a-ccf3062188d5" testId="0d20a752-7960-da74-be07-a279dff8804b" testName="GetStatistics_Not_Updated_Returns_100_Pct_Fps" computerName="DKSR-EFI-06" duration="00:00:00.0017006" startTime="2024-01-09T15:42:19.2945870+01:00" endTime="2024-01-09T15:42:19.2945870+01:00" testType="13cdc9d9-ddb5-4fa4-a97d-d965ccfc6d4b" outcome="Passed" testListId="8c84fa94-04c1-424b-9868-57a2d4851a1d" relativeResultsDirectory="3463abc5-59c7-4f48-be1a-ccf3062188d5" />
    <UnitTestResult executionId="5cc8bb17-a8bc-4f71-9d56-197d4bca32da" testId="fd5b3172-50cd-6146-6ac8-2bec6a9bb2e0" testName="FilterTrackIdsToThoseThatShouldNotHaveMediaOnRecorder_InternalStateStartedOneGuid_ReturnsArrayWithOneElement" computerName="DKSR-EFI-06" duration="00:00:00.0014163" startTime="2024-01-09T15:42:02.2789166+01:00" endTime="2024-01-09T15:42:02.2789166+01:00" testType="13cdc9d9-ddb5-4fa4-a97d-d965ccfc6d4b" outcome="Passed" testListId="8c84fa94-04c1-424b-9868-57a2d4851a1d" relativeResultsDirectory="5cc8bb17-a8bc-4f71-9d56-197d4bca32da" />
    <UnitTestResult executionId="ef2cc668-e450-4eaf-becc-c669d8f450dc" testId="dcc07bd7-5092-b9e5-77e0-970294cc60f2" testName="ConnectSuccess_Next_Exception" computerName="DKSR-EFI-06" duration="00:00:00.0047885" startTime="2024-01-09T15:42:12.9195768+01:00" endTime="2024-01-09T15:42:12.9195768+01:00" testType="13cdc9d9-ddb5-4fa4-a97d-d965ccfc6d4b" outcome="Passed" testListId="8c84fa94-04c1-424b-9868-57a2d4851a1d" relativeResultsDirectory="ef2cc668-e450-4eaf-becc-c669d8f450dc" />
    <UnitTestResult executionId="2186e34f-e7e7-40fd-8fc7-b3300d1ad6b5" testId="b610443d-1838-4432-bf23-99e0321c9778" testName="SOAPCommandRequestHandler_ExecuteFunction_HandlePTZDeactivatePatrollingSchema_No_Priority" computerName="DKSR-EFI-06" duration="00:00:00.0016193" startTime="2024-01-09T15:42:16.5445815+01:00" endTime="2024-01-09T15:42:16.5602085+01:00" testType="13cdc9d9-ddb5-4fa4-a97d-d965ccfc6d4b" outcome="Passed" testListId="8c84fa94-04c1-424b-9868-57a2d4851a1d" relativeResultsDirectory="2186e34f-e7e7-40fd-8fc7-b3300d1ad6b5" />
    <UnitTestResult executionId="53229c7c-1ae8-44d6-86f9-f13d71b69d0c" testId="1125aafd-8d66-e0c2-4d2f-689b0526b93f" testName="SOAPCommandRequestHandler_ExecuteFunction_HandlePTZMoveRelative_NoPtzArgs" computerName="DKSR-EFI-06" duration="00:00:00.0009222" startTime="2024-01-09T15:42:16.2945846+01:00" endTime="2024-01-09T15:42:16.2945846+01:00" testType="13cdc9d9-ddb5-4fa4-a97d-d965ccfc6d4b" outcome="Passed" testListId="8c84fa94-04c1-424b-9868-57a2d4851a1d" relativeResultsDirectory="53229c7c-1ae8-44d6-86f9-f13d71b69d0c" />
    <UnitTestResult executionId="31b0806a-34a7-420f-bf23-3e9d4f7f8b5e" testId="a963e446-af2d-a002-68c5-1d1aef7d51e8" testName="SOAPCommandRequestHandler_ExecuteFunction_HandleGetRetentionTimeLimit_Success" computerName="DKSR-EFI-06" duration="00:00:00.0040758" startTime="2024-01-09T15:42:15.9821008+01:00" endTime="2024-01-09T15:42:15.9821008+01:00" testType="13cdc9d9-ddb5-4fa4-a97d-d965ccfc6d4b" outcome="Passed" testListId="8c84fa94-04c1-424b-9868-57a2d4851a1d" relativeResultsDirectory="31b0806a-34a7-420f-bf23-3e9d4f7f8b5e" />
    <UnitTestResult executionId="5f00048a-a204-48bc-a331-bf9ba7470447" testId="dea3580e-3a09-292c-5496-d4afcd443f8b" testName="SOAPCommandRequestHandler_ExecuteFunction_HandleSmartSearchGetStatus_Success" computerName="DKSR-EFI-06" duration="00:00:00.0027363" startTime="2024-01-09T15:42:15.5133308+01:00" endTime="2024-01-09T15:42:15.5289563+01:00" testType="13cdc9d9-ddb5-4fa4-a97d-d965ccfc6d4b" outcome="Passed" testListId="8c84fa94-04c1-424b-9868-57a2d4851a1d" relativeResultsDirectory="5f00048a-a204-48bc-a331-bf9ba7470447" />
    <UnitTestResult executionId="562cb7b6-5d2c-433f-aa7e-2828fea40321" testId="703be512-91ea-7b47-d7fb-c0bd8c9f46c1" testName="ConnectSuccess_End" computerName="DKSR-EFI-06" duration="00:00:00.0032968" startTime="2024-01-09T15:42:12.9820764+01:00" endTime="2024-01-09T15:42:12.9820764+01:00" testType="13cdc9d9-ddb5-4fa4-a97d-d965ccfc6d4b" outcome="Passed" testListId="8c84fa94-04c1-424b-9868-57a2d4851a1d" relativeResultsDirectory="562cb7b6-5d2c-433f-aa7e-2828fea40321" />
    <UnitTestResult executionId="aa9e8b33-4216-4763-a671-7969b5dbb0d7" testId="ec8fa001-e49f-551c-872e-1478e0b020bc" testName="ActiveMask" computerName="DKSR-EFI-06" duration="00:00:00.0083656" startTime="2024-01-09T15:42:18.4508357+01:00" endTime="2024-01-09T15:42:18.4508357+01:00" testType="13cdc9d9-ddb5-4fa4-a97d-d965ccfc6d4b" outcome="Passed" testListId="8c84fa94-04c1-424b-9868-57a2d4851a1d" relativeResultsDirectory="aa9e8b33-4216-4763-a671-7969b5dbb0d7" />
    <UnitTestResult executionId="db8f2cee-de96-46af-ad1e-2d9c1d8f0a93" testId="64a850ad-5e29-6e93-1ddc-00d75c2aad72" testName="SynchronizeDevicePresets_ModelIsValid_CommandExecuted" computerName="DKSR-EFI-06" duration="00:00:00.0015960" startTime="2024-01-09T15:42:02.6851669+01:00" endTime="2024-01-09T15:42:02.6851669+01:00" testType="13cdc9d9-ddb5-4fa4-a97d-d965ccfc6d4b" outcome="Passed" testListId="8c84fa94-04c1-424b-9868-57a2d4851a1d" relativeResultsDirectory="db8f2cee-de96-46af-ad1e-2d9c1d8f0a93" />
    <UnitTestResult executionId="bdaf4f35-1001-4bac-ab66-168e14dd49b5" testId="817a49b7-8c86-6256-a5bf-b08a90c08794" testName="PtzReleaseSessionCommandHandler_Execute_PtzException_PtzRequestPriorityTooLow" computerName="DKSR-EFI-06" duration="00:00:00.0004407" startTime="2024-01-09T15:42:36.2321230+01:00" endTime="2024-01-09T15:42:36.2321230+01:00" testType="13cdc9d9-ddb5-4fa4-a97d-d965ccfc6d4b" outcome="Passed" testListId="8c84fa94-04c1-424b-9868-57a2d4851a1d" relativeResultsDirectory="bdaf4f35-1001-4bac-ab66-168e14dd49b5" />
    <UnitTestResult executionId="2b009cf5-9662-464f-a093-4f02de7373ec" testId="ef5c9134-9612-2b86-7a01-cd472bba9065" testName="ConnectFailed_DeviceDisabled" computerName="DKSR-EFI-06" duration="00:00:00.0019990" startTime="2024-01-09T15:42:12.7477007+01:00" endTime="2024-01-09T15:42:12.7477007+01:00" testType="13cdc9d9-ddb5-4fa4-a97d-d965ccfc6d4b" outcome="Passed" testListId="8c84fa94-04c1-424b-9868-57a2d4851a1d" relativeResultsDirectory="2b009cf5-9662-464f-a093-4f02de7373ec" />
    <UnitTestResult executionId="e8789f1a-6a5e-4945-b867-c381000c77d9" testId="8a388acf-f7fd-de6d-2f58-08233d5e329e" testName="IsInRange_ShouldReturnTrue_WhenAddressIsBetweenStartAndEndMaxRange" computerName="DKSR-EFI-06" duration="00:00:00.0001345" startTime="2024-01-09T15:42:29.7945904+01:00" endTime="2024-01-09T15:42:29.7945904+01:00" testType="13cdc9d9-ddb5-4fa4-a97d-d965ccfc6d4b" outcome="Passed" testListId="8c84fa94-04c1-424b-9868-57a2d4851a1d" relativeResultsDirectory="e8789f1a-6a5e-4945-b867-c381000c77d9" />
    <UnitTestResult executionId="7e41f453-86b7-4add-87a9-8f713bad91ab" testId="77432722-5cee-d8a5-8112-a3e739445bce" testName="RecorderAttach_ModelIsNull_BadRequestResult" computerName="DKSR-EFI-06" duration="00:00:00.0013833" startTime="2024-01-09T15:42:02.7164180+01:00" endTime="2024-01-09T15:42:02.7164180+01:00" testType="13cdc9d9-ddb5-4fa4-a97d-d965ccfc6d4b" outcome="Passed" testListId="8c84fa94-04c1-424b-9868-57a2d4851a1d" relativeResultsDirectory="7e41f453-86b7-4add-87a9-8f713bad91ab" />
    <UnitTestResult executionId="4577f23f-8431-4b0a-8e49-c2567817bd0d" testId="a58da31c-d6ed-4b36-a7ea-f71bea4cb061" testName="CollectMediaStatusCommandHandler_OutOfMemoryException" computerName="DKSR-EFI-06" duration="00:00:00.0009170" startTime="2024-01-09T15:42:30.9977165+01:00" endTime="2024-01-09T15:42:30.9977165+01:00" testType="13cdc9d9-ddb5-4fa4-a97d-d965ccfc6d4b" outcome="Passed" testListId="8c84fa94-04c1-424b-9868-57a2d4851a1d" relativeResultsDirectory="4577f23f-8431-4b0a-8e49-c2567817bd0d" />
    <UnitTestResult executionId="7d3d3241-72a4-403e-ba2b-e2ee8e976b67" testId="773854c0-2e6e-556c-a55b-cb5082f671c3" testName="SearchingEmptyMask" computerName="DKSR-EFI-06" duration="00:00:00.0006172" startTime="2024-01-09T15:42:18.4664607+01:00" endTime="2024-01-09T15:42:18.4664607+01:00" testType="13cdc9d9-ddb5-4fa4-a97d-d965ccfc6d4b" outcome="Passed" testListId="8c84fa94-04c1-424b-9868-57a2d4851a1d" relativeResultsDirectory="7d3d3241-72a4-403e-ba2b-e2ee8e976b67" />
    <UnitTestResult executionId="7c1c5d73-c04f-47a8-a320-fb43e81282d7" testId="39689140-f88a-3c0a-3a46-e970f9fbef4b" testName="SOAPCommandRequestHandler_ExecuteFunction_HandlePTZCenter_NoHeight" computerName="DKSR-EFI-06" duration="00:00:00.0004961" startTime="2024-01-09T15:42:16.1695846+01:00" endTime="2024-01-09T15:42:16.1695846+01:00" testType="13cdc9d9-ddb5-4fa4-a97d-d965ccfc6d4b" outcome="Passed" testListId="8c84fa94-04c1-424b-9868-57a2d4851a1d" relativeResultsDirectory="7c1c5d73-c04f-47a8-a320-fb43e81282d7" />
    <UnitTestResult executionId="f56e4d71-2eb4-4a39-8ca6-d4aedfb770ce" testId="8311232f-5b73-96eb-cc67-856a20cb6bd4" testName="SearchingForward" computerName="DKSR-EFI-06" duration="00:00:00.0006175" startTime="2024-01-09T15:42:18.4664607+01:00" endTime="2024-01-09T15:42:18.4664607+01:00" testType="13cdc9d9-ddb5-4fa4-a97d-d965ccfc6d4b" outcome="Passed" testListId="8c84fa94-04c1-424b-9868-57a2d4851a1d" relativeResultsDirectory="f56e4d71-2eb4-4a39-8ca6-d4aedfb770ce" />
    <UnitTestResult executionId="1057c536-6121-4c78-b987-70e4f600e02c" testId="06e3e5ee-40d8-e10b-eebf-758ff961a15a" testName="PtzPatrollingSessionBase_Pause_Success" computerName="DKSR-EFI-06" duration="00:00:00.0014909" startTime="2024-01-09T15:42:38.5133820+01:00" endTime="2024-01-09T15:42:38.5133820+01:00" testType="13cdc9d9-ddb5-4fa4-a97d-d965ccfc6d4b" outcome="Passed" testListId="8c84fa94-04c1-424b-9868-57a2d4851a1d" relativeResultsDirectory="1057c536-6121-4c78-b987-70e4f600e02c">
      <Output>
        <StdOut>Debug Trace:&#xD;
VideoOS.Recorder.PtzPatrollingSession session started&#xD;
VideoOS.Recorder.PtzPatrollingSession session paused</StdOut>
      </Output>
    </UnitTestResult>
    <UnitTestResult executionId="af38fb0f-eff3-4b0a-a9af-854c43fd7d31" testId="e6914896-0f9e-8248-b539-765a2c244839" testName="PtzStopSessionCommandHandler_Execute_Device_Not_Found" computerName="DKSR-EFI-06" duration="00:00:00.0007777" startTime="2024-01-09T15:42:36.3414997+01:00" endTime="2024-01-09T15:42:36.3414997+01:00" testType="13cdc9d9-ddb5-4fa4-a97d-d965ccfc6d4b" outcome="Passed" testListId="8c84fa94-04c1-424b-9868-57a2d4851a1d" relativeResultsDirectory="af38fb0f-eff3-4b0a-a9af-854c43fd7d31" />
    <UnitTestResult executionId="ceb3369e-8167-44d0-91ee-dccd1114b7a4" testId="96f297f7-010e-ccbe-b014-3da76d4969c3" testName="GetAbsolutePtzPositionCommandHandler_Execute_Argument_Exception" computerName="DKSR-EFI-06" duration="00:00:00.0044794" startTime="2024-01-09T15:42:32.9977268+01:00" endTime="2024-01-09T15:42:33.0133546+01:00" testType="13cdc9d9-ddb5-4fa4-a97d-d965ccfc6d4b" outcome="Passed" testListId="8c84fa94-04c1-424b-9868-57a2d4851a1d" relativeResultsDirectory="ceb3369e-8167-44d0-91ee-dccd1114b7a4">
      <Output>
        <StdOut>Debug Trace:&#xD;
Fail: Command/Command handler type mismatch&#xD;
Fail: responseSink can not be null</StdOut>
      </Output>
    </UnitTestResult>
    <UnitTestResult executionId="a84f2add-e3d1-4ef6-b0f8-c5351e1b7487" testId="2882027e-041e-a679-2d37-4dcacb6db3a2" testName="RecStorage_Startup_NotAllowStart_NotKeepFailing_Ok" computerName="DKSR-EFI-06" duration="00:00:00.0025271" startTime="2024-01-09T15:42:18.2008360+01:00" endTime="2024-01-09T15:42:18.2164592+01:00" testType="13cdc9d9-ddb5-4fa4-a97d-d965ccfc6d4b" outcome="Passed" testListId="8c84fa94-04c1-424b-9868-57a2d4851a1d" relativeResultsDirectory="a84f2add-e3d1-4ef6-b0f8-c5351e1b7487" />
    <UnitTestResult executionId="8489c87f-a26f-4b2a-9de1-5d41f9b5576a" testId="eea4a727-ddb2-888f-62e7-07ea18cdcc69" testName="SOAPCommandRequestHandler_ExecuteFunction_HandleMulticastStart_User_Doesnt_Have_Permission" computerName="DKSR-EFI-06" duration="00:00:00.0057768" startTime="2024-01-09T15:42:15.7633332+01:00" endTime="2024-01-09T15:42:15.7633332+01:00" testType="13cdc9d9-ddb5-4fa4-a97d-d965ccfc6d4b" outcome="Passed" testListId="8c84fa94-04c1-424b-9868-57a2d4851a1d" relativeResultsDirectory="8489c87f-a26f-4b2a-9de1-5d41f9b5576a" />
    <UnitTestResult executionId="0314ad42-f918-41ba-8e89-ca69bba2121a" testId="fd03b6cc-d5fd-17ab-5f8a-fdc3bbc35099" testName="MediaDbUtil_MultitrackNavigation_Scenario13" computerName="DKSR-EFI-06" duration="00:00:00.1063998" startTime="2024-01-09T15:42:14.4820825+01:00" endTime="2024-01-09T15:42:14.5914585+01:00" testType="13cdc9d9-ddb5-4fa4-a97d-d965ccfc6d4b" outcome="Passed" testListId="8c84fa94-04c1-424b-9868-57a2d4851a1d" relativeResultsDirectory="0314ad42-f918-41ba-8e89-ca69bba2121a">
      <Output>
        <StdOut>TestContext Messages:&#xD;
Before&#xD;
Navigation:  " V                                            "&#xD;
Source    :  " 1 1 1 1 1 1 1 1 1 1 1 1 1 1 1 1 1 1 1 1 1 1 1"&#xD;
Unable to move&#xD;
&#xD;
AtOrBefore&#xD;
Navigation:  " V                                            "&#xD;
Source    :  " 1 1 1 1 1 1 1 1 1 1 1 1 1 1 1 1 1 1 1 1 1 1 1"&#xD;
Expected  :  " 1 N                                          "&#xD;
Actual    :  " 1 N                                          "&#xD;
&#xD;
AtOrAfter&#xD;
Navigation:  " V                                            "&#xD;
Source    :  " 1 1 1 1 1 1 1 1 1 1 1 1 1 1 1 1 1 1 1 1 1 1 1"&#xD;
Expected  :  " 1 N                                          "&#xD;
Actual    :  " 1 N                                          "&#xD;
&#xD;
After&#xD;
Navigation:  " V                                            "&#xD;
Source    :  " 1 1 1 1 1 1 1 1 1 1 1 1 1 1 1 1 1 1 1 1 1 1 1"&#xD;
Expected  :  " P 1 N                                        "&#xD;
Actual    :  " P 1 N                                        "&#xD;
&#xD;
Before&#xD;
Navigation:  "           V                                  "&#xD;
Source    :  " 1 1 1 1 1 1 1 1 1 1 1 1 1 1 1 1 1 1 1 1 1 1 1"&#xD;
Expected  :  "       P 1 N                                  "&#xD;
Actual    :  "       P 1 N                                  "&#xD;
&#xD;
AtOrBefore&#xD;
Navigation:  "           V                                  "&#xD;
Source    :  " 1 1 1 1 1 1 1 1 1 1 1 1 1 1 1 1 1 1 1 1 1 1 1"&#xD;
Expected  :  "         P 1 N                                "&#xD;
Actual    :  "         P 1 N                                "&#xD;
&#xD;
AtOrAfter&#xD;
Navigation:  "           V                                  "&#xD;
Source    :  " 1 1 1 1 1 1 1 1 1 1 1 1 1 1 1 1 1 1 1 1 1 1 1"&#xD;
Expected  :  "         P 1 N                                "&#xD;
Actual    :  "         P 1 N                                "&#xD;
&#xD;
After&#xD;
Navigation:  "           V                                  "&#xD;
Source    :  " 1 1 1 1 1 1 1 1 1 1 1 1 1 1 1 1 1 1 1 1 1 1 1"&#xD;
Expected  :  "           P 1 N                              "&#xD;
Actual    :  "           P 1 N                              "&#xD;
&#xD;
Before&#xD;
Navigation:  "              V                               "&#xD;
Source    :  " 1 1 1 1 1 1 1 1 1 1 1 1 1 1 1 1 1 1 1 1 1 1 1"&#xD;
Expected  :  "           P 1 N                              "&#xD;
Actual    :  "           P 1 N                              "&#xD;
&#xD;
AtOrBefore&#xD;
Navigation:  "              V                               "&#xD;
Source    :  " 1 1 1 1 1 1 1 1 1 1 1 1 1 1 1 1 1 1 1 1 1 1 1"&#xD;
Expected  :  "           P 1 N                              "&#xD;
Actual    :  "           P 1 N                              "&#xD;
&#xD;
AtOrAfter&#xD;
Navigation:  "              V                               "&#xD;
Source    :  " 1 1 1 1 1 1 1 1 1 1 1 1 1 1 1 1 1 1 1 1 1 1 1"&#xD;
Expected  :  "             P 1 N                            "&#xD;
Actual    :  "             P 1 N                            "&#xD;
&#xD;
After&#xD;
Navigation:  "              V                               "&#xD;
Source    :  " 1 1 1 1 1 1 1 1 1 1 1 1 1 1 1 1 1 1 1 1 1 1 1"&#xD;
Expected  :  "             P 1 N                            "&#xD;
Actual    :  "             P 1 N                            "&#xD;
&#xD;
Before&#xD;
Navigation:  "                 V                            "&#xD;
Source    :  " 1 1 1 1 1 1 1 1 1 1 1 1 1 1 1 1 1 1 1 1 1 1 1"&#xD;
Expected  :  "             P 1 N                            "&#xD;
Actual    :  "             P 1 N                            "&#xD;
&#xD;
AtOrBefore&#xD;
Navigation:  "                 V                            "&#xD;
Source    :  " 1 1 1 1 1 1 1 1 1 1 1 1 1 1 1 1 1 1 1 1 1 1 1"&#xD;
Expected  :  "               P 1 N                          "&#xD;
Actual    :  "               P 1 N                          "&#xD;
&#xD;
AtOrAfter&#xD;
Navigation:  "                 V                            "&#xD;
Source    :  " 1 1 1 1 1 1 1 1 1 1 1 1 1 1 1 1 1 1 1 1 1 1 1"&#xD;
Expected  :  "               P 1 N                          "&#xD;
Actual    :  "               P 1 N                          "&#xD;
&#xD;
After&#xD;
Navigation:  "                 V                            "&#xD;
Source    :  " 1 1 1 1 1 1 1 1 1 1 1 1 1 1 1 1 1 1 1 1 1 1 1"&#xD;
Expected  :  "                 P 1 N                        "&#xD;
Actual    :  "                 P 1 N                        "&#xD;
&#xD;
Before&#xD;
Navigation:  "                  V                           "&#xD;
Source    :  " 1 1 1 1 1 1 1 1 1 1 1 1 1 1 1 1 1 1 1 1 1 1 1"&#xD;
Expected  :  "               P 1 N                          "&#xD;
Actual    :  "               P 1 N                          "&#xD;
&#xD;
AtOrBefore&#xD;
Navigation:  "                  V                           "&#xD;
Source    :  " 1 1 1 1 1 1 1 1 1 1 1 1 1 1 1 1 1 1 1 1 1 1 1"&#xD;
Expected  :  "               P 1 N                          "&#xD;
Actual    :  "               P 1 N                          "&#xD;
&#xD;
AtOrAfter&#xD;
Navigation:  "                  V                           "&#xD;
Source    :  " 1 1 1 1 1 1 1 1 1 1 1 1 1 1 1 1 1 1 1 1 1 1 1"&#xD;
Expected  :  "                 P 1 N                        "&#xD;
Actual    :  "                 P 1 N                        "&#xD;
&#xD;
After&#xD;
Navigation:  "                  V                           "&#xD;
Source    :  " 1 1 1 1 1 1 1 1 1 1 1 1 1 1 1 1 1 1 1 1 1 1 1"&#xD;
Expected  :  "                 P 1 N                        "&#xD;
Actual    :  "                 P 1 N                        "&#xD;
&#xD;
Before&#xD;
Navigation:  "                   V                          "&#xD;
Source    :  " 1 1 1 1 1 1 1 1 1 1 1 1 1 1 1 1 1 1 1 1 1 1 1"&#xD;
Expected  :  "               P 1 N                          "&#xD;
Actual    :  "               P 1 N                          "&#xD;
&#xD;
AtOrBefore&#xD;
Navigation:  "                   V                          "&#xD;
Source    :  " 1 1 1 1 1 1 1 1 1 1 1 1 1 1 1 1 1 1 1 1 1 1 1"&#xD;
Expected  :  "                 P 1 N                        "&#xD;
Actual    :  "                 P 1 N                        "&#xD;
&#xD;
AtOrAfter&#xD;
Navigation:  "                   V                          "&#xD;
Source    :  " 1 1 1 1 1 1 1 1 1 1 1 1 1 1 1 1 1 1 1 1 1 1 1"&#xD;
Expected  :  "                 P 1 N                        "&#xD;
Actual    :  "                 P 1 N                        "&#xD;
&#xD;
After&#xD;
Navigation:  "                   V                          "&#xD;
Source    :  " 1 1 1 1 1 1 1 1 1 1 1 1 1 1 1 1 1 1 1 1 1 1 1"&#xD;
Expected  :  "                   P 1 N                      "&#xD;
Actual    :  "                   P 1 N                      "&#xD;
&#xD;
Before&#xD;
Navigation:  "                    V                         "&#xD;
Source    :  " 1 1 1 1 1 1 1 1 1 1 1 1 1 1 1 1 1 1 1 1 1 1 1"&#xD;
Expected  :  "                 P 1 N                        "&#xD;
Actual    :  "                 P 1 N                        "&#xD;
&#xD;
AtOrBefore&#xD;
Navigation:  "                    V                         "&#xD;
Source    :  " 1 1 1 1 1 1 1 1 1 1 1 1 1 1 1 1 1 1 1 1 1 1 1"&#xD;
Expected  :  "                 P 1 N                        "&#xD;
Actual    :  "                 P 1 N                        "&#xD;
&#xD;
AtOrAfter&#xD;
Navigation:  "                    V                         "&#xD;
Source    :  " 1 1 1 1 1 1 1 1 1 1 1 1 1 1 1 1 1 1 1 1 1 1 1"&#xD;
Expected  :  "                   P 1 N                      "&#xD;
Actual    :  "                   P 1 N                      "&#xD;
&#xD;
After&#xD;
Navigation:  "                    V                         "&#xD;
Source    :  " 1 1 1 1 1 1 1 1 1 1 1 1 1 1 1 1 1 1 1 1 1 1 1"&#xD;
Expected  :  "                   P 1 N                      "&#xD;
Actual    :  "                   P 1 N                      "&#xD;
&#xD;
Before&#xD;
Navigation:  "                          V                   "&#xD;
Source    :  " 1 1 1 1 1 1 1 1 1 1 1 1 1 1 1 1 1 1 1 1 1 1 1"&#xD;
Expected  :  "                       P 1 N                  "&#xD;
Actual    :  "                       P 1 N                  "&#xD;
&#xD;
AtOrBefore&#xD;
Navigation:  "                          V                   "&#xD;
Source    :  " 1 1 1 1 1 1 1 1 1 1 1 1 1 1 1 1 1 1 1 1 1 1 1"&#xD;
Expected  :  "                       P 1 N                  "&#xD;
Actual    :  "                       P 1 N                  "&#xD;
&#xD;
AtOrAfter&#xD;
Navigation:  "                          V                   "&#xD;
Source    :  " 1 1 1 1 1 1 1 1 1 1 1 1 1 1 1 1 1 1 1 1 1 1 1"&#xD;
Expected  :  "                         P 1 N                "&#xD;
Actual    :  "                         P 1 N                "&#xD;
&#xD;
After&#xD;
Navigation:  "                          V                   "&#xD;
Source    :  " 1 1 1 1 1 1 1 1 1 1 1 1 1 1 1 1 1 1 1 1 1 1 1"&#xD;
Expected  :  "                         P 1 N                "&#xD;
Actual    :  "                         P 1 N                "&#xD;
&#xD;
Before&#xD;
Navigation:  "                               V              "&#xD;
Source    :  " 1 1 1 1 1 1 1 1 1 1 1 1 1 1 1 1 1 1 1 1 1 1 1"&#xD;
Expected  :  "                           P 1 N              "&#xD;
Actual    :  "                           P 1 N              "&#xD;
&#xD;
AtOrBefore&#xD;
Navigation:  "                               V              "&#xD;
Source    :  " 1 1 1 1 1 1 1 1 1 1 1 1 1 1 1 1 1 1 1 1 1 1 1"&#xD;
Expected  :  "                             P 1 N            "&#xD;
Actual    :  "                             P 1 N            "&#xD;
&#xD;
AtOrAfter&#xD;
Navigation:  "                               V              "&#xD;
Source    :  " 1 1 1 1 1 1 1 1 1 1 1 1 1 1 1 1 1 1 1 1 1 1 1"&#xD;
Expected  :  "                             P 1 N            "&#xD;
Actual    :  "                             P 1 N            "&#xD;
&#xD;
After&#xD;
Navigation:  "                               V              "&#xD;
Source    :  " 1 1 1 1 1 1 1 1 1 1 1 1 1 1 1 1 1 1 1 1 1 1 1"&#xD;
Expected  :  "                               P 1 N          "&#xD;
Actual    :  "                               P 1 N          "&#xD;
&#xD;
Before&#xD;
Navigation:  "                                      V       "&#xD;
Source    :  " 1 1 1 1 1 1 1 1 1 1 1 1 1 1 1 1 1 1 1 1 1 1 1"&#xD;
Expected  :  "                                   P 1 N      "&#xD;
Actual    :  "                                   P 1 N      "&#xD;
&#xD;
AtOrBefore&#xD;
Navigation:  "                                      V       "&#xD;
Source    :  " 1 1 1 1 1 1 1 1 1 1 1 1 1 1 1 1 1 1 1 1 1 1 1"&#xD;
Expected  :  "                                   P 1 N      "&#xD;
Actual    :  "                                   P 1 N      "&#xD;
&#xD;
AtOrAfter&#xD;
Navigation:  "                                      V       "&#xD;
Source    :  " 1 1 1 1 1 1 1 1 1 1 1 1 1 1 1 1 1 1 1 1 1 1 1"&#xD;
Expected  :  "                                     P 1 N    "&#xD;
Actual    :  "                                     P 1 N    "&#xD;
&#xD;
After&#xD;
Navigation:  "                                      V       "&#xD;
Source    :  " 1 1 1 1 1 1 1 1 1 1 1 1 1 1 1 1 1 1 1 1 1 1 1"&#xD;
Expected  :  "                                     P 1 N    "&#xD;
Actual    :  "                                     P 1 N    "&#xD;
&#xD;
Before&#xD;
Navigation:  "                                            V "&#xD;
Source    :  " 1 1 1 1 1 1 1 1 1 1 1 1 1 1 1 1 1 1 1 1 1 1 1"&#xD;
Expected  :  "                                         P 1 N"&#xD;
Actual    :  "                                         P 1 N"&#xD;
&#xD;
AtOrBefore&#xD;
Navigation:  "                                            V "&#xD;
Source    :  " 1 1 1 1 1 1 1 1 1 1 1 1 1 1 1 1 1 1 1 1 1 1 1"&#xD;
Expected  :  "                                         P 1 N"&#xD;
Actual    :  "                                         P 1 N"&#xD;
&#xD;
AtOrAfter&#xD;
Navigation:  "                                            V "&#xD;
Source    :  " 1 1 1 1 1 1 1 1 1 1 1 1 1 1 1 1 1 1 1 1 1 1 1"&#xD;
Expected  :  "                                           P 1"&#xD;
Actual    :  "                                           P 1"&#xD;
&#xD;
After&#xD;
Navigation:  "                                            V "&#xD;
Source    :  " 1 1 1 1 1 1 1 1 1 1 1 1 1 1 1 1 1 1 1 1 1 1 1"&#xD;
Expected  :  "                                           P 1"&#xD;
Actual    :  "                                           P 1"&#xD;
&#xD;
Before&#xD;
Navigation:  " V                                            "&#xD;
Source    :  " 1 1 1 1 1 1 1 1 1 2 2 2 2 2 2 2 2 2 2 2 2 2 2"&#xD;
Unable to move&#xD;
&#xD;
AtOrBefore&#xD;
Navigation:  " V                                            "&#xD;
Source    :  " 1 1 1 1 1 1 1 1 1 2 2 2 2 2 2 2 2 2 2 2 2 2 2"&#xD;
Expected  :  " 1 N                                          "&#xD;
Actual    :  " 1 N                                          "&#xD;
&#xD;
AtOrAfter&#xD;
Navigation:  " V                                            "&#xD;
Source    :  " 1 1 1 1 1 1 1 1 1 2 2 2 2 2 2 2 2 2 2 2 2 2 2"&#xD;
Expected  :  " 1 N                                          "&#xD;
Actual    :  " 1 N                                          "&#xD;
&#xD;
After&#xD;
Navigation:  " V                                            "&#xD;
Source    :  " 1 1 1 1 1 1 1 1 1 2 2 2 2 2 2 2 2 2 2 2 2 2 2"&#xD;
Expected  :  " P 1 N                                        "&#xD;
Actual    :  " P 1 N                                        "&#xD;
&#xD;
Before&#xD;
Navigation:  "           V                                  "&#xD;
Source    :  " 1 1 1 1 1 1 1 1 1 2 2 2 2 2 2 2 2 2 2 2 2 2 2"&#xD;
Expected  :  "       P 1 N                                  "&#xD;
Actual    :  "       P 1 N                                  "&#xD;
&#xD;
AtOrBefore&#xD;
Navigation:  "           V                                  "&#xD;
Source    :  " 1 1 1 1 1 1 1 1 1 2 2 2 2 2 2 2 2 2 2 2 2 2 2"&#xD;
Expected  :  "         P 1 N                                "&#xD;
Actual    :  "         P 1 N                                "&#xD;
&#xD;
AtOrAfter&#xD;
Navigation:  "           V                                  "&#xD;
Source    :  " 1 1 1 1 1 1 1 1 1 2 2 2 2 2 2 2 2 2 2 2 2 2 2"&#xD;
Expected  :  "         P 1 N                                "&#xD;
Actual    :  "         P 1 N                                "&#xD;
&#xD;
After&#xD;
Navigation:  "           V                                  "&#xD;
Source    :  " 1 1 1 1 1 1 1 1 1 2 2 2 2 2 2 2 2 2 2 2 2 2 2"&#xD;
Expected  :  "           P 1 N                              "&#xD;
Actual    :  "           P 1 N                              "&#xD;
&#xD;
Before&#xD;
Navigation:  "              V                               "&#xD;
Source    :  " 1 1 1 1 1 1 1 1 1 2 2 2 2 2 2 2 2 2 2 2 2 2 2"&#xD;
Expected  :  "           P 1 N                              "&#xD;
Actual    :  "           P 1 N                              "&#xD;
&#xD;
AtOrBefore&#xD;
Navigation:  "              V                               "&#xD;
Source    :  " 1 1 1 1 1 1 1 1 1 2 2 2 2 2 2 2 2 2 2 2 2 2 2"&#xD;
Expected  :  "           P 1 N                              "&#xD;
Actual    :  "           P 1 N                              "&#xD;
&#xD;
AtOrAfter&#xD;
Navigation:  "              V                               "&#xD;
Source    :  " 1 1 1 1 1 1 1 1 1 2 2 2 2 2 2 2 2 2 2 2 2 2 2"&#xD;
Expected  :  "             P 1 N                            "&#xD;
Actual    :  "             P 1 N                            "&#xD;
&#xD;
After&#xD;
Navigation:  "              V                               "&#xD;
Source    :  " 1 1 1 1 1 1 1 1 1 2 2 2 2 2 2 2 2 2 2 2 2 2 2"&#xD;
Expected  :  "             P 1 N                            "&#xD;
Actual    :  "             P 1 N                            "&#xD;
&#xD;
Before&#xD;
Navigation:  "                 V                            "&#xD;
Source    :  " 1 1 1 1 1 1 1 1 1 2 2 2 2 2 2 2 2 2 2 2 2 2 2"&#xD;
Expected  :  "             P 1 N                            "&#xD;
Actual    :  "             P 1 N                            "&#xD;
&#xD;
AtOrBefore&#xD;
Navigation:  "                 V                            "&#xD;
Source    :  " 1 1 1 1 1 1 1 1 1 2 2 2 2 2 2 2 2 2 2 2 2 2 2"&#xD;
Expected  :  "               P 1 N                          "&#xD;
Actual    :  "               P 1 N                          "&#xD;
&#xD;
AtOrAfter&#xD;
Navigation:  "                 V                            "&#xD;
Source    :  " 1 1 1 1 1 1 1 1 1 2 2 2 2 2 2 2 2 2 2 2 2 2 2"&#xD;
Expected  :  "               P 1 N                          "&#xD;
Actual    :  "               P 1 N                          "&#xD;
&#xD;
After&#xD;
Navigation:  "                 V                            "&#xD;
Source    :  " 1 1 1 1 1 1 1 1 1 2 2 2 2 2 2 2 2 2 2 2 2 2 2"&#xD;
Expected  :  "                 P 2 N                        "&#xD;
Actual    :  "                 P 2 N                        "&#xD;
&#xD;
Before&#xD;
Navigation:  "                  V                           "&#xD;
Source    :  " 1 1 1 1 1 1 1 1 1 2 2 2 2 2 2 2 2 2 2 2 2 2 2"&#xD;
Expected  :  "               P 1 N                          "&#xD;
Actual    :  "               P 1 N                          "&#xD;
&#xD;
AtOrBefore&#xD;
Navigation:  "                  V                           "&#xD;
Source    :  " 1 1 1 1 1 1 1 1 1 2 2 2 2 2 2 2 2 2 2 2 2 2 2"&#xD;
Expected  :  "               P 1 N                          "&#xD;
Actual    :  "               P 1 N                          "&#xD;
&#xD;
AtOrAfter&#xD;
Navigation:  "                  V                           "&#xD;
Source    :  " 1 1 1 1 1 1 1 1 1 2 2 2 2 2 2 2 2 2 2 2 2 2 2"&#xD;
Expected  :  "                 P 2 N                        "&#xD;
Actual    :  "                 P 2 N                        "&#xD;
&#xD;
After&#xD;
Navigation:  "                  V                           "&#xD;
Source    :  " 1 1 1 1 1 1 1 1 1 2 2 2 2 2 2 2 2 2 2 2 2 2 2"&#xD;
Expected  :  "                 P 2 N                        "&#xD;
Actual    :  "                 P 2 N                        "&#xD;
&#xD;
Before&#xD;
Navigation:  "                   V                          "&#xD;
Source    :  " 1 1 1 1 1 1 1 1 1 2 2 2 2 2 2 2 2 2 2 2 2 2 2"&#xD;
Expected  :  "               P 1 N                          "&#xD;
Actual    :  "               P 1 N                          "&#xD;
&#xD;
AtOrBefore&#xD;
Navigation:  "                   V                          "&#xD;
Source    :  " 1 1 1 1 1 1 1 1 1 2 2 2 2 2 2 2 2 2 2 2 2 2 2"&#xD;
Expected  :  "                 P 2 N                        "&#xD;
Actual    :  "                 P 2 N                        "&#xD;
&#xD;
AtOrAfter&#xD;
Navigation:  "                   V                          "&#xD;
Source    :  " 1 1 1 1 1 1 1 1 1 2 2 2 2 2 2 2 2 2 2 2 2 2 2"&#xD;
Expected  :  "                 P 2 N                        "&#xD;
Actual    :  "                 P 2 N                        "&#xD;
&#xD;
After&#xD;
Navigation:  "                   V                          "&#xD;
Source    :  " 1 1 1 1 1 1 1 1 1 2 2 2 2 2 2 2 2 2 2 2 2 2 2"&#xD;
Expected  :  "                   P 2 N                      "&#xD;
Actual    :  "                   P 2 N                      "&#xD;
&#xD;
Before&#xD;
Navigation:  "                    V                         "&#xD;
Source    :  " 1 1 1 1 1 1 1 1 1 2 2 2 2 2 2 2 2 2 2 2 2 2 2"&#xD;
Expected  :  "                 P 2 N                        "&#xD;
Actual    :  "                 P 2 N                        "&#xD;
&#xD;
AtOrBefore&#xD;
Navigation:  "                    V                         "&#xD;
Source    :  " 1 1 1 1 1 1 1 1 1 2 2 2 2 2 2 2 2 2 2 2 2 2 2"&#xD;
Expected  :  "                 P 2 N                        "&#xD;
Actual    :  "                 P 2 N                        "&#xD;
&#xD;
AtOrAfter&#xD;
Navigation:  "                    V                         "&#xD;
Source    :  " 1 1 1 1 1 1 1 1 1 2 2 2 2 2 2 2 2 2 2 2 2 2 2"&#xD;
Expected  :  "                   P 2 N                      "&#xD;
Actual    :  "                   P 2 N                      "&#xD;
&#xD;
After&#xD;
Navigation:  "                    V                         "&#xD;
Source    :  " 1 1 1 1 1 1 1 1 1 2 2 2 2 2 2 2 2 2 2 2 2 2 2"&#xD;
Expected  :  "                   P 2 N                      "&#xD;
Actual    :  "                   P 2 N                      "&#xD;
&#xD;
Before&#xD;
Navigation:  "                          V                   "&#xD;
Source    :  " 1 1 1 1 1 1 1 1 1 2 2 2 2 2 2 2 2 2 2 2 2 2 2"&#xD;
Expected  :  "                       P 2 N                  "&#xD;
Actual    :  "                       P 2 N                  "&#xD;
&#xD;
AtOrBefore&#xD;
Navigation:  "                          V                   "&#xD;
Source    :  " 1 1 1 1 1 1 1 1 1 2 2 2 2 2 2 2 2 2 2 2 2 2 2"&#xD;
Expected  :  "                       P 2 N                  "&#xD;
Actual    :  "                       P 2 N                  "&#xD;
&#xD;
AtOrAfter&#xD;
Navigation:  "                          V                   "&#xD;
Source    :  " 1 1 1 1 1 1 1 1 1 2 2 2 2 2 2 2 2 2 2 2 2 2 2"&#xD;
Expected  :  "                         P 2 N                "&#xD;
Actual    :  "                         P 2 N                "&#xD;
&#xD;
After&#xD;
Navigation:  "                          V                   "&#xD;
Source    :  " 1 1 1 1 1 1 1 1 1 2 2 2 2 2 2 2 2 2 2 2 2 2 2"&#xD;
Expected  :  "                         P 2 N                "&#xD;
Actual    :  "                         P 2 N                "&#xD;
&#xD;
Before&#xD;
Navigation:  "                               V              "&#xD;
Source    :  " 1 1 1 1 1 1 1 1 1 2 2 2 2 2 2 2 2 2 2 2 2 2 2"&#xD;
Expected  :  "                           P 2 N              "&#xD;
Actual    :  "                           P 2 N              "&#xD;
&#xD;
AtOrBefore&#xD;
Navigation:  "                               V              "&#xD;
Source    :  " 1 1 1 1 1 1 1 1 1 2 2 2 2 2 2 2 2 2 2 2 2 2 2"&#xD;
Expected  :  "                             P 2 N            "&#xD;
Actual    :  "                             P 2 N            "&#xD;
&#xD;
AtOrAfter&#xD;
Navigation:  "                               V              "&#xD;
Source    :  " 1 1 1 1 1 1 1 1 1 2 2 2 2 2 2 2 2 2 2 2 2 2 2"&#xD;
Expected  :  "                             P 2 N            "&#xD;
Actual    :  "                             P 2 N            "&#xD;
&#xD;
After&#xD;
Navigation:  "                               V              "&#xD;
Source    :  " 1 1 1 1 1 1 1 1 1 2 2 2 2 2 2 2 2 2 2 2 2 2 2"&#xD;
Expected  :  "                               P 2 N          "&#xD;
Actual    :  "                               P 2 N          "&#xD;
&#xD;
Before&#xD;
Navigation:  "                                      V       "&#xD;
Source    :  " 1 1 1 1 1 1 1 1 1 2 2 2 2 2 2 2 2 2 2 2 2 2 2"&#xD;
Expected  :  "                                   P 2 N      "&#xD;
Actual    :  "                                   P 2 N      "&#xD;
&#xD;
AtOrBefore&#xD;
Navigation:  "                                      V       "&#xD;
Source    :  " 1 1 1 1 1 1 1 1 1 2 2 2 2 2 2 2 2 2 2 2 2 2 2"&#xD;
Expected  :  "                                   P 2 N      "&#xD;
Actual    :  "                                   P 2 N      "&#xD;
&#xD;
AtOrAfter&#xD;
Navigation:  "                                      V       "&#xD;
Source    :  " 1 1 1 1 1 1 1 1 1 2 2 2 2 2 2 2 2 2 2 2 2 2 2"&#xD;
Expected  :  "                                     P 2 N    "&#xD;
Actual    :  "                                     P 2 N    "&#xD;
&#xD;
After&#xD;
Navigation:  "                                      V       "&#xD;
Source    :  " 1 1 1 1 1 1 1 1 1 2 2 2 2 2 2 2 2 2 2 2 2 2 2"&#xD;
Expected  :  "                                     P 2 N    "&#xD;
Actual    :  "                                     P 2 N    "&#xD;
&#xD;
Before&#xD;
Navigation:  "                                            V "&#xD;
Source    :  " 1 1 1 1 1 1 1 1 1 2 2 2 2 2 2 2 2 2 2 2 2 2 2"&#xD;
Expected  :  "                                         P 2 N"&#xD;
Actual    :  "                                         P 2 N"&#xD;
&#xD;
AtOrBefore&#xD;
Navigation:  "                                            V "&#xD;
Source    :  " 1 1 1 1 1 1 1 1 1 2 2 2 2 2 2 2 2 2 2 2 2 2 2"&#xD;
Expected  :  "                                         P 2 N"&#xD;
Actual    :  "                                         P 2 N"&#xD;
&#xD;
AtOrAfter&#xD;
Navigation:  "                                            V "&#xD;
Source    :  " 1 1 1 1 1 1 1 1 1 2 2 2 2 2 2 2 2 2 2 2 2 2 2"&#xD;
Expected  :  "                                           P 2"&#xD;
Actual    :  "                                           P 2"&#xD;
&#xD;
After&#xD;
Navigation:  "                                            V "&#xD;
Source    :  " 1 1 1 1 1 1 1 1 1 2 2 2 2 2 2 2 2 2 2 2 2 2 2"&#xD;
Expected  :  "                                           P 2"&#xD;
Actual    :  "                                           P 2"</StdOut>
      </Output>
    </UnitTestResult>
    <UnitTestResult executionId="ba968d3e-5a16-4e01-b1ac-84e9217c961c" testId="2126a3d7-efef-0ba3-c990-5cc004ed5ed9" testName="PtzManager_SetConfiguration_Argument_Exception" computerName="DKSR-EFI-06" duration="00:00:00.0123623" startTime="2024-01-09T15:42:37.9821319+01:00" endTime="2024-01-09T15:42:37.9977560+01:00" testType="13cdc9d9-ddb5-4fa4-a97d-d965ccfc6d4b" outcome="Passed" testListId="8c84fa94-04c1-424b-9868-57a2d4851a1d" relativeResultsDirectory="ba968d3e-5a16-4e01-b1ac-84e9217c961c">
      <Output>
        <StdOut>Debug Trace:&#xD;
Fail: Argument null</StdOut>
      </Output>
    </UnitTestResult>
    <UnitTestResult executionId="a562036b-4df0-4516-9d2b-0d06357c9581" testId="ae1af9b6-ace7-0c50-c6e0-cfbbdbc611dc" testName="GetHardwareUsersCommandHandler_Execute_GetUserList_HardwareNotStarted_Reschedules" computerName="DKSR-EFI-06" duration="00:00:00.0008094" startTime="2024-01-09T15:42:33.1383567+01:00" endTime="2024-01-09T15:42:33.1383567+01:00" testType="13cdc9d9-ddb5-4fa4-a97d-d965ccfc6d4b" outcome="Passed" testListId="8c84fa94-04c1-424b-9868-57a2d4851a1d" relativeResultsDirectory="a562036b-4df0-4516-9d2b-0d06357c9581" />
    <UnitTestResult executionId="c1ec8416-006f-493f-ba8f-3de5834bc068" testId="da6386de-84e3-c7b0-b319-5c8d85da9e75" testName="MediaDbCache_GetListFileSystemDiskUsage_Has_Cache_Value" computerName="DKSR-EFI-06" duration="00:00:00.0017834" startTime="2024-01-09T15:42:30.2320900+01:00" endTime="2024-01-09T15:42:30.2320900+01:00" testType="13cdc9d9-ddb5-4fa4-a97d-d965ccfc6d4b" outcome="Passed" testListId="8c84fa94-04c1-424b-9868-57a2d4851a1d" relativeResultsDirectory="c1ec8416-006f-493f-ba8f-3de5834bc068" />
    <UnitTestResult executionId="540450e2-5281-4c91-a091-267553d1f968" testId="4bb8a0e4-4b9c-7f78-8d93-a8d66232eae9" testName="SOAPCommandRequestHandler_ExecuteFunction_HandleSequencesGet_NoDeviceId" computerName="DKSR-EFI-06" duration="00:00:00.0009150" startTime="2024-01-09T15:42:16.5602085+01:00" endTime="2024-01-09T15:42:16.5602085+01:00" testType="13cdc9d9-ddb5-4fa4-a97d-d965ccfc6d4b" outcome="Passed" testListId="8c84fa94-04c1-424b-9868-57a2d4851a1d" relativeResultsDirectory="540450e2-5281-4c91-a091-267553d1f968" />
    <UnitTestResult executionId="8a9661e1-d6dc-4bab-84f3-1dbefec30d8b" testId="6c34793f-a6f3-8058-34fc-6442ebc08e47" testName="ChangeHardwarePasswordCommandHandler_Execute_HardwareBlocked_Errors" computerName="DKSR-EFI-06" duration="00:00:00.0007077" startTime="2024-01-09T15:42:30.7164639+01:00" endTime="2024-01-09T15:42:30.7164639+01:00" testType="13cdc9d9-ddb5-4fa4-a97d-d965ccfc6d4b" outcome="Passed" testListId="8c84fa94-04c1-424b-9868-57a2d4851a1d" relativeResultsDirectory="8a9661e1-d6dc-4bab-84f3-1dbefec30d8b" />
    <UnitTestResult executionId="e1bde304-53ff-4e5b-a980-4ff36120d0e2" testId="f3ab9900-68d0-1d8c-c5b2-d58eb25d9d14" testName="GetDefaultOrFirstAudioEncodingFromDefinition_GetDefaultSettingTest" computerName="DKSR-EFI-06" duration="00:00:00.0461077" startTime="2024-01-09T15:42:17.3102096+01:00" endTime="2024-01-09T15:42:17.3570835+01:00" testType="13cdc9d9-ddb5-4fa4-a97d-d965ccfc6d4b" outcome="Passed" testListId="8c84fa94-04c1-424b-9868-57a2d4851a1d" relativeResultsDirectory="e1bde304-53ff-4e5b-a980-4ff36120d0e2" />
    <UnitTestResult executionId="61e0d918-9bf3-405d-a6d1-7f4c72450fdc" testId="f3084d89-cda3-b9fc-16df-3d5ffa9d73be" testName="SOAPCommandRequestHandler_ExecuteFunction_HandleSequencesGetAround_Success" computerName="DKSR-EFI-06" duration="00:00:00.0044593" startTime="2024-01-09T15:42:15.4039569+01:00" endTime="2024-01-09T15:42:15.4039569+01:00" testType="13cdc9d9-ddb5-4fa4-a97d-d965ccfc6d4b" outcome="Passed" testListId="8c84fa94-04c1-424b-9868-57a2d4851a1d" relativeResultsDirectory="61e0d918-9bf3-405d-a6d1-7f4c72450fdc" />
    <UnitTestResult executionId="440070c7-1137-45e8-aded-939ba580befa" testId="1f366cd7-3615-ea15-93e8-effdffa9e430" testName="SendCurrentStatus_SendsCurrentStatus_OnRecorderConnected" computerName="DKSR-EFI-06" duration="00:00:00.0007179" startTime="2024-01-09T15:42:01.6539127+01:00" endTime="2024-01-09T15:42:01.6539127+01:00" testType="13cdc9d9-ddb5-4fa4-a97d-d965ccfc6d4b" outcome="Passed" testListId="8c84fa94-04c1-424b-9868-57a2d4851a1d" relativeResultsDirectory="440070c7-1137-45e8-aded-939ba580befa" />
    <UnitTestResult executionId="51841f95-58ca-42ef-a754-f10ae1eda90a" testId="b998ae54-7708-cc6c-f061-d7ae11f670af" testName="PtzManager_CreateManualSessionWithLockFromExtension_Success" computerName="DKSR-EFI-06" duration="00:00:00.0018208" startTime="2024-01-09T15:42:38.2790074+01:00" endTime="2024-01-09T15:42:38.2790074+01:00" testType="13cdc9d9-ddb5-4fa4-a97d-d965ccfc6d4b" outcome="Passed" testListId="8c84fa94-04c1-424b-9868-57a2d4851a1d" relativeResultsDirectory="51841f95-58ca-42ef-a754-f10ae1eda90a" />
    <UnitTestResult executionId="e140cadc-ae4e-4a0d-b021-aec851610e00" testId="2973bfcc-7b2a-984f-e2ef-99a39decd1c1" testName="ConstructAndCallMethodsForNotConfiguredCamera" computerName="DKSR-EFI-06" duration="00:00:00.0078217" startTime="2024-01-09T15:42:19.1383367+01:00" endTime="2024-01-09T15:42:19.1383367+01:00" testType="13cdc9d9-ddb5-4fa4-a97d-d965ccfc6d4b" outcome="Passed" testListId="8c84fa94-04c1-424b-9868-57a2d4851a1d" relativeResultsDirectory="e140cadc-ae4e-4a0d-b021-aec851610e00" />
    <UnitTestResult executionId="086435c8-4278-4be1-a868-ebae290c8a47" testId="23ee9bf1-ca25-8ff0-b7d2-b8ee61230f2e" testName="AddStatus_SendsStatus_OnSameStatusTwice" computerName="DKSR-EFI-06" duration="00:00:00.0004740" startTime="2024-01-09T15:42:01.6382890+01:00" endTime="2024-01-09T15:42:01.6382890+01:00" testType="13cdc9d9-ddb5-4fa4-a97d-d965ccfc6d4b" outcome="Passed" testListId="8c84fa94-04c1-424b-9868-57a2d4851a1d" relativeResultsDirectory="086435c8-4278-4be1-a868-ebae290c8a47" />
    <UnitTestResult executionId="e43ca1b4-d831-4717-8da8-b9fac58513fa" testId="426f4262-ea97-4220-480b-e6f36c13c52d" testName="TimeRangeConversionRangeEndTimeBeforeRangeStartTime" computerName="DKSR-EFI-06" duration="00:00:00.0016205" startTime="2024-01-09T15:42:29.9195882+01:00" endTime="2024-01-09T15:42:29.9195882+01:00" testType="13cdc9d9-ddb5-4fa4-a97d-d965ccfc6d4b" outcome="Passed" testListId="8c84fa94-04c1-424b-9868-57a2d4851a1d" relativeResultsDirectory="e43ca1b4-d831-4717-8da8-b9fac58513fa">
      <Output>
        <StdOut>Debug Trace:&#xD;
Fail: Ranges contains invalid elements</StdOut>
      </Output>
    </UnitTestResult>
    <UnitTestResult executionId="e07a702f-429d-4e19-b9be-f5ee114941a4" testId="73433b47-eaba-3e3a-a433-dcdfa7c5634e" testName="ConnectFailed_TokenInvalid" computerName="DKSR-EFI-06" duration="00:00:00.0012888" startTime="2024-01-09T15:42:12.7477007+01:00" endTime="2024-01-09T15:42:12.7477007+01:00" testType="13cdc9d9-ddb5-4fa4-a97d-d965ccfc6d4b" outcome="Passed" testListId="8c84fa94-04c1-424b-9868-57a2d4851a1d" relativeResultsDirectory="e07a702f-429d-4e19-b9be-f5ee114941a4" />
    <UnitTestResult executionId="a1a56c0a-a58a-4e45-941f-161264dcce2e" testId="57f1805f-f406-3f66-3c68-98f225709ba5" testName="Transform_To_Version_2_Success" computerName="DKSR-EFI-06" duration="00:00:00.0133486" startTime="2024-01-09T15:42:15.2633303+01:00" endTime="2024-01-09T15:42:15.2789576+01:00" testType="13cdc9d9-ddb5-4fa4-a97d-d965ccfc6d4b" outcome="Passed" testListId="8c84fa94-04c1-424b-9868-57a2d4851a1d" relativeResultsDirectory="a1a56c0a-a58a-4e45-941f-161264dcce2e" />
    <UnitTestResult executionId="89a859d9-edc7-4f0a-b3ae-2a22a4c6ee47" testId="0ca5341d-8f9b-cf5b-83c1-85662533be56" testName="PtzPatrollingSessionBase_OnDeviceStarted_Success" computerName="DKSR-EFI-06" duration="00:00:00.0010924" startTime="2024-01-09T15:42:38.5133820+01:00" endTime="2024-01-09T15:42:38.5133820+01:00" testType="13cdc9d9-ddb5-4fa4-a97d-d965ccfc6d4b" outcome="Passed" testListId="8c84fa94-04c1-424b-9868-57a2d4851a1d" relativeResultsDirectory="89a859d9-edc7-4f0a-b3ae-2a22a4c6ee47">
      <Output>
        <StdOut>Debug Trace:&#xD;
VideoOS.Recorder.PtzPatrollingSession session started</StdOut>
      </Output>
    </UnitTestResult>
    <UnitTestResult executionId="d7a3e3ca-75cf-4697-8676-b19a9c0df7bd" testId="84a694b2-8354-cd3a-ff22-a2de6b0b581e" testName="RecorderAccessTokenHandler_PopulateAuthorizationHeaderAsync_IdentityServerTokenException" computerName="DKSR-EFI-06" duration="00:00:00.0009079" startTime="2024-01-09T15:42:17.8102087+01:00" endTime="2024-01-09T15:42:17.8102087+01:00" testType="13cdc9d9-ddb5-4fa4-a97d-d965ccfc6d4b" outcome="Passed" testListId="8c84fa94-04c1-424b-9868-57a2d4851a1d" relativeResultsDirectory="d7a3e3ca-75cf-4697-8676-b19a9c0df7bd" />
    <UnitTestResult executionId="6945409f-3388-4c0a-8dcd-a9cfa211ebf9" testId="8b1f404f-6707-cd4e-37fd-e5f00af23e47" testName="DiffGramToApplyToOrigionalDataSetToMakeItIdenticalWithNewDataSet_RecorderInfo_Modified_Success" computerName="DKSR-EFI-06" duration="00:00:00.0941234" startTime="2024-01-09T15:42:00.3102159+01:00" endTime="2024-01-09T15:42:00.4039667+01:00" testType="13cdc9d9-ddb5-4fa4-a97d-d965ccfc6d4b" outcome="Passed" testListId="8c84fa94-04c1-424b-9868-57a2d4851a1d" relativeResultsDirectory="6945409f-3388-4c0a-8dcd-a9cfa211ebf9" />
    <UnitTestResult executionId="dc3e78a4-1817-496e-8c45-ed4c654e97f7" testId="d912c71e-c0da-011d-4acc-894e7ac626a1" testName="SOAPCommandRequestHandler_ExecuteFunction_HandleTimeLineInformationGet_No_Camera_Security" computerName="DKSR-EFI-06" duration="00:00:00.0025583" startTime="2024-01-09T15:42:15.6695824+01:00" endTime="2024-01-09T15:42:15.6695824+01:00" testType="13cdc9d9-ddb5-4fa4-a97d-d965ccfc6d4b" outcome="Passed" testListId="8c84fa94-04c1-424b-9868-57a2d4851a1d" relativeResultsDirectory="dc3e78a4-1817-496e-8c45-ed4c654e97f7" />
    <UnitTestResult executionId="42d896c0-968b-4879-9f5d-f7a38ad18a94" testId="685bc8ee-252a-0624-eee7-fce25eb39cdd" testName="PtzReserveSession_ModelIsNull_BadRequestResult" computerName="DKSR-EFI-06" duration="00:00:00.0018283" startTime="2024-01-09T15:42:02.6695431+01:00" endTime="2024-01-09T15:42:02.6695431+01:00" testType="13cdc9d9-ddb5-4fa4-a97d-d965ccfc6d4b" outcome="Passed" testListId="8c84fa94-04c1-424b-9868-57a2d4851a1d" relativeResultsDirectory="42d896c0-968b-4879-9f5d-f7a38ad18a94" />
    <UnitTestResult executionId="7f7d54c9-2232-4d62-a70d-981dfee69d3c" testId="f9197a69-e84f-037c-2da4-4124797622dc" testName="GetNetworkConfigurationCommandHandler_Execute_Success" computerName="DKSR-EFI-06" duration="00:00:00.0307706" startTime="2024-01-09T15:42:33.1539774+01:00" endTime="2024-01-09T15:42:33.1852308+01:00" testType="13cdc9d9-ddb5-4fa4-a97d-d965ccfc6d4b" outcome="Passed" testListId="8c84fa94-04c1-424b-9868-57a2d4851a1d" relativeResultsDirectory="7f7d54c9-2232-4d62-a70d-981dfee69d3c" />
    <UnitTestResult executionId="41a29d28-c49b-4cfc-af0d-17b87ee097aa" testId="7df383ca-baa8-b798-2990-6141bf44ad19" testName="GetDatabaseInfo_RecordingStorageNotFound_ArchiveHintTrue" computerName="DKSR-EFI-06" duration="00:00:00.0001757" startTime="2024-01-09T15:42:01.5132908+01:00" endTime="2024-01-09T15:42:01.5132908+01:00" testType="13cdc9d9-ddb5-4fa4-a97d-d965ccfc6d4b" outcome="Passed" testListId="8c84fa94-04c1-424b-9868-57a2d4851a1d" relativeResultsDirectory="41a29d28-c49b-4cfc-af0d-17b87ee097aa" />
    <UnitTestResult executionId="11c9aecb-cb79-4fbc-a76f-b305ddb78d74" testId="8cf37d7b-ab2b-9d8b-5903-16a8f3409c01" testName="DriverProxyInstanceManager_AddMultipleHardware_AddedToProxyInstances" computerName="DKSR-EFI-06" duration="00:00:00.0003967" startTime="2024-01-09T15:42:00.5602194+01:00" endTime="2024-01-09T15:42:00.5602194+01:00" testType="13cdc9d9-ddb5-4fa4-a97d-d965ccfc6d4b" outcome="Passed" testListId="8c84fa94-04c1-424b-9868-57a2d4851a1d" relativeResultsDirectory="11c9aecb-cb79-4fbc-a76f-b305ddb78d74" />
    <UnitTestResult executionId="f3a502fd-9cf3-4fb8-b12d-1bc09bbb365d" testId="28a5e745-2e74-06b3-7adf-49f1f58e769e" testName="AddHardwareUserCommandHandler_Execute_AddUser_ThrowsUserHandlingUnsupported_Errors" computerName="DKSR-EFI-06" duration="00:00:00.0008644" startTime="2024-01-09T15:42:30.6539638+01:00" endTime="2024-01-09T15:42:30.6539638+01:00" testType="13cdc9d9-ddb5-4fa4-a97d-d965ccfc6d4b" outcome="Passed" testListId="8c84fa94-04c1-424b-9868-57a2d4851a1d" relativeResultsDirectory="f3a502fd-9cf3-4fb8-b12d-1bc09bbb365d" />
    <UnitTestResult executionId="6ed00a0c-63d2-489f-bde2-2919c27db785" testId="8b0936f0-4e55-fe7e-b036-f0392c76237f" testName="MediaDbConfigurationWriter_WriteBankDescriptionConfiguration" computerName="DKSR-EFI-06" duration="00:00:00.0007727" startTime="2024-01-09T15:42:30.3727174+01:00" endTime="2024-01-09T15:42:30.3727174+01:00" testType="13cdc9d9-ddb5-4fa4-a97d-d965ccfc6d4b" outcome="Passed" testListId="8c84fa94-04c1-424b-9868-57a2d4851a1d" relativeResultsDirectory="6ed00a0c-63d2-489f-bde2-2919c27db785" />
    <UnitTestResult executionId="52172d8d-44ca-454c-aaf5-fb47d9567cf3" testId="004f8d00-7021-c1c4-369e-225487d1b121" testName="TimeRangeConversionMinRangeAndTimeResolutionEdges" computerName="DKSR-EFI-06" duration="00:00:00.0006078" startTime="2024-01-09T15:42:29.8883409+01:00" endTime="2024-01-09T15:42:29.8883409+01:00" testType="13cdc9d9-ddb5-4fa4-a97d-d965ccfc6d4b" outcome="Passed" testListId="8c84fa94-04c1-424b-9868-57a2d4851a1d" relativeResultsDirectory="52172d8d-44ca-454c-aaf5-fb47d9567cf3" />
    <UnitTestResult executionId="fe63fbfe-6318-4790-9f16-cf296ef34052" testId="60cdcb6c-1ef0-d407-72f5-02310833db16" testName="SOAPCommandRequestHandler_ExecuteFunction_HandleSequencesGet_NoMaxCount" computerName="DKSR-EFI-06" duration="00:00:00.0013999" startTime="2024-01-09T15:42:16.5758344+01:00" endTime="2024-01-09T15:42:16.5758344+01:00" testType="13cdc9d9-ddb5-4fa4-a97d-d965ccfc6d4b" outcome="Passed" testListId="8c84fa94-04c1-424b-9868-57a2d4851a1d" relativeResultsDirectory="fe63fbfe-6318-4790-9f16-cf296ef34052" />
    <UnitTestResult executionId="2e3b3050-0893-4b28-836a-d73e4c29d5e9" testId="2179afc7-5504-0b02-24e4-fcc21a48aef2" testName="ReapplyHardwareSettingsManager_SetConfiguration_TimeNowBeforTriger_Success" computerName="DKSR-EFI-06" duration="00:00:00.0536693" startTime="2024-01-09T15:42:01.5289107+01:00" endTime="2024-01-09T15:42:01.5914135+01:00" testType="13cdc9d9-ddb5-4fa4-a97d-d965ccfc6d4b" outcome="Passed" testListId="8c84fa94-04c1-424b-9868-57a2d4851a1d" relativeResultsDirectory="2e3b3050-0893-4b28-836a-d73e4c29d5e9" />
    <UnitTestResult executionId="6a474e46-edfa-48fc-a5f8-4f97371d0080" testId="2084f781-d987-cb17-5bce-57e18517931f" testName="RequestRecordKeyframesOnly_DoesntChangeRecordAllFrames_OnMoreThanOneRequestToRecordAllFrames" computerName="DKSR-EFI-06" duration="00:00:00.0004620" startTime="2024-01-09T15:42:17.5133342+01:00" endTime="2024-01-09T15:42:17.5133342+01:00" testType="13cdc9d9-ddb5-4fa4-a97d-d965ccfc6d4b" outcome="Passed" testListId="8c84fa94-04c1-424b-9868-57a2d4851a1d" relativeResultsDirectory="6a474e46-edfa-48fc-a5f8-4f97371d0080" />
    <UnitTestResult executionId="2b2d7e02-c566-48cc-ba6a-f90108859011" testId="7542de4e-8d44-a2f9-c6b6-030dc0d2df7a" testName="SOAPCommandRequestHandler_ExecuteFunction_HandlePTZCenter_NoDeviceId" computerName="DKSR-EFI-06" duration="00:00:00.0028851" startTime="2024-01-09T15:42:16.1539573+01:00" endTime="2024-01-09T15:42:16.1539573+01:00" testType="13cdc9d9-ddb5-4fa4-a97d-d965ccfc6d4b" outcome="Passed" testListId="8c84fa94-04c1-424b-9868-57a2d4851a1d" relativeResultsDirectory="2b2d7e02-c566-48cc-ba6a-f90108859011" />
    <UnitTestResult executionId="d8af8651-edcf-43b1-b823-57e087ab7baa" testId="96e09641-e6ee-6ecd-d67d-7729bd2f4057" testName="GetIntervalsToScan_ShouldReturnCorrectInterval_WithAddressInsideIntervalSpecified" computerName="DKSR-EFI-06" duration="00:00:00.0008305" startTime="2024-01-09T15:42:29.7789639+01:00" endTime="2024-01-09T15:42:29.7789639+01:00" testType="13cdc9d9-ddb5-4fa4-a97d-d965ccfc6d4b" outcome="Passed" testListId="8c84fa94-04c1-424b-9868-57a2d4851a1d" relativeResultsDirectory="d8af8651-edcf-43b1-b823-57e087ab7baa" />
    <UnitTestResult executionId="61f24cbe-7fb2-47cc-87ae-abf6c1c2afb8" testId="455710f6-f563-1c30-ad7e-e5f3a8df4a4e" testName="IsAvailable_DoesNotCallCheckOrphanTablesMethod" computerName="DKSR-EFI-06" duration="00:00:00.0004365" startTime="2024-01-09T15:42:18.6539601+01:00" endTime="2024-01-09T15:42:18.6539601+01:00" testType="13cdc9d9-ddb5-4fa4-a97d-d965ccfc6d4b" outcome="Passed" testListId="8c84fa94-04c1-424b-9868-57a2d4851a1d" relativeResultsDirectory="61f24cbe-7fb2-47cc-87ae-abf6c1c2afb8" />
    <UnitTestResult executionId="5e23f166-0c57-4ad4-8c99-9b31bb26a51c" testId="f4902e8a-7e72-0028-6876-325b511cba9f" testName="TestGenericByteDataCreation" computerName="DKSR-EFI-06" duration="00:00:00.0002603" startTime="2024-01-09T15:42:38.7790113+01:00" endTime="2024-01-09T15:42:38.7790113+01:00" testType="13cdc9d9-ddb5-4fa4-a97d-d965ccfc6d4b" outcome="Passed" testListId="8c84fa94-04c1-424b-9868-57a2d4851a1d" relativeResultsDirectory="5e23f166-0c57-4ad4-8c99-9b31bb26a51c" />
    <UnitTestResult executionId="324a0304-3d30-4c5b-b538-b3c3ca10e447" testId="66870d86-2e1d-f691-641d-031536916a0f" testName="HardwareScanSession_TestStartAnd2Stops" computerName="DKSR-EFI-06" duration="00:00:02.0460598" startTime="2024-01-09T15:42:20.7789612+01:00" endTime="2024-01-09T15:42:22.8258379+01:00" testType="13cdc9d9-ddb5-4fa4-a97d-d965ccfc6d4b" outcome="Passed" testListId="8c84fa94-04c1-424b-9868-57a2d4851a1d" relativeResultsDirectory="324a0304-3d30-4c5b-b538-b3c3ca10e447" />
    <UnitTestResult executionId="e068c309-b59f-4657-b624-b8b2ef476853" testId="5685a992-14fa-0621-d053-65caa7f970ee" testName="EdgeStorageLimitsTimeLimitOkUpperBoundry" computerName="DKSR-EFI-06" duration="00:00:00.0013080" startTime="2024-01-09T15:42:19.7945869+01:00" endTime="2024-01-09T15:42:19.7945869+01:00" testType="13cdc9d9-ddb5-4fa4-a97d-d965ccfc6d4b" outcome="Passed" testListId="8c84fa94-04c1-424b-9868-57a2d4851a1d" relativeResultsDirectory="e068c309-b59f-4657-b624-b8b2ef476853" />
    <UnitTestResult executionId="e3f65a4c-ce68-49c9-b4c4-fff56c32e481" testId="8d51adab-5025-828a-3a74-d9ee3955e84d" testName="SOAPCommandRequestHandler_GetClientCapabilities_PrivacyMaskVersion_Child_Of_ClientCapabilities_Section_Is_Not_Parsable" computerName="DKSR-EFI-06" duration="00:00:00.0009170" startTime="2024-01-09T15:42:15.7164585+01:00" endTime="2024-01-09T15:42:15.7164585+01:00" testType="13cdc9d9-ddb5-4fa4-a97d-d965ccfc6d4b" outcome="Passed" testListId="8c84fa94-04c1-424b-9868-57a2d4851a1d" relativeResultsDirectory="e3f65a4c-ce68-49c9-b4c4-fff56c32e481" />
    <UnitTestResult executionId="66bfb334-b040-41e2-8031-1307ee98a76c" testId="8c02a264-004f-1e21-3fee-9edeaf2e53df" testName="ConnectUpdate_Failed_TokenInvalid" computerName="DKSR-EFI-06" duration="00:00:00.0011481" startTime="2024-01-09T15:42:12.8102052+01:00" endTime="2024-01-09T15:42:12.8102052+01:00" testType="13cdc9d9-ddb5-4fa4-a97d-d965ccfc6d4b" outcome="Passed" testListId="8c84fa94-04c1-424b-9868-57a2d4851a1d" relativeResultsDirectory="66bfb334-b040-41e2-8031-1307ee98a76c" />
    <UnitTestResult executionId="36410d07-0f99-4340-9148-1a84113c8195" testId="3969288b-4860-269d-a130-cda973aaacba" testName="LicenseManager_CheckHardwareLicensed_unlicensed_licensedBeforeExpiryDateWithReplacementToken" computerName="DKSR-EFI-06" duration="00:00:00.0011066" startTime="2024-01-09T15:42:19.7008358+01:00" endTime="2024-01-09T15:42:19.7008358+01:00" testType="13cdc9d9-ddb5-4fa4-a97d-d965ccfc6d4b" outcome="Passed" testListId="8c84fa94-04c1-424b-9868-57a2d4851a1d" relativeResultsDirectory="36410d07-0f99-4340-9148-1a84113c8195" />
    <UnitTestResult executionId="c0c3c40f-b5f7-46fb-95a5-b05d8fea5860" testId="27fac88f-2866-dc2b-9ed4-6f81b7ebfa70" testName="RecorderAccessTokenHandler_PopulateAuthorizationHeaderAsync_WebApiException" computerName="DKSR-EFI-06" duration="00:00:00.0011815" startTime="2024-01-09T15:42:17.8102087+01:00" endTime="2024-01-09T15:42:17.8102087+01:00" testType="13cdc9d9-ddb5-4fa4-a97d-d965ccfc6d4b" outcome="Passed" testListId="8c84fa94-04c1-424b-9868-57a2d4851a1d" relativeResultsDirectory="c0c3c40f-b5f7-46fb-95a5-b05d8fea5860" />
    <UnitTestResult executionId="48450d62-2eb7-46e8-941c-e8f67690321f" testId="593f7deb-3803-9943-f8c6-baa1f4f08056" testName="CheckUsingStorageTask_Run_Only_Once" computerName="DKSR-EFI-06" duration="00:00:00.3569231" startTime="2024-01-09T15:42:18.6539601+01:00" endTime="2024-01-09T15:42:19.0133376+01:00" testType="13cdc9d9-ddb5-4fa4-a97d-d965ccfc6d4b" outcome="Passed" testListId="8c84fa94-04c1-424b-9868-57a2d4851a1d" relativeResultsDirectory="48450d62-2eb7-46e8-941c-e8f67690321f" />
    <UnitTestResult executionId="df7775bf-106a-47d4-9211-51180ea530af" testId="1e13a826-b983-6ec8-22b8-0434a982455a" testName="SOAPCommandRequestHandler_ExecuteFunction_HandleSendDriverCommandWithResponse_Success" computerName="DKSR-EFI-06" duration="00:00:00.0030310" startTime="2024-01-09T15:42:15.8414554+01:00" endTime="2024-01-09T15:42:15.8414554+01:00" testType="13cdc9d9-ddb5-4fa4-a97d-d965ccfc6d4b" outcome="Passed" testListId="8c84fa94-04c1-424b-9868-57a2d4851a1d" relativeResultsDirectory="df7775bf-106a-47d4-9211-51180ea530af" />
    <UnitTestResult executionId="aca84666-39ee-4bc3-8cfb-8824b05545c7" testId="d274c0ed-73ed-0597-b56a-427bb74ea1fa" testName="SetNetworkConfigurationCommandHandler_Execute_SetNetworkConfiguration_ThrowsUnknownResult_Errors" computerName="DKSR-EFI-06" duration="00:00:00.0008252" startTime="2024-01-09T15:42:36.9508744+01:00" endTime="2024-01-09T15:42:36.9508744+01:00" testType="13cdc9d9-ddb5-4fa4-a97d-d965ccfc6d4b" outcome="Passed" testListId="8c84fa94-04c1-424b-9868-57a2d4851a1d" relativeResultsDirectory="aca84666-39ee-4bc3-8cfb-8824b05545c7" />
    <UnitTestResult executionId="c8c977b7-4468-4753-89a3-a9070442ba5f" testId="273bf021-17de-518c-95d7-ff32463af8ea" testName="DeleteHardwareUserCommandHandler_Execute_CurrentUserCannotBeDeleted_Error" computerName="DKSR-EFI-06" duration="00:00:00.0009320" startTime="2024-01-09T15:42:31.7320945+01:00" endTime="2024-01-09T15:42:31.7320945+01:00" testType="13cdc9d9-ddb5-4fa4-a97d-d965ccfc6d4b" outcome="Passed" testListId="8c84fa94-04c1-424b-9868-57a2d4851a1d" relativeResultsDirectory="c8c977b7-4468-4753-89a3-a9070442ba5f" />
    <UnitTestResult executionId="271d96d6-4d48-496d-b1ab-1583c4129aa9" testId="f73c12d7-3a66-6817-32b0-9a03bad1db4e" testName="PtzReserveSessionCommandHandler_Execute_PtzException_PatrollingSessionHasHigherPriority" computerName="DKSR-EFI-06" duration="00:00:00.0008198" startTime="2024-01-09T15:42:36.3102485+01:00" endTime="2024-01-09T15:42:36.3102485+01:00" testType="13cdc9d9-ddb5-4fa4-a97d-d965ccfc6d4b" outcome="Passed" testListId="8c84fa94-04c1-424b-9868-57a2d4851a1d" relativeResultsDirectory="271d96d6-4d48-496d-b1ab-1583c4129aa9" />
    <UnitTestResult executionId="d6051a9e-2677-4191-8ad4-d5d25588e1df" testId="d1ac2f4b-25eb-55ad-4adb-bd953cf33e6c" testName="ExecuteRuleActions_PostCommandIsValid_NoContent" computerName="DKSR-EFI-06" duration="00:00:00.0094914" startTime="2024-01-09T15:42:02.7320428+01:00" endTime="2024-01-09T15:42:02.7320428+01:00" testType="13cdc9d9-ddb5-4fa4-a97d-d965ccfc6d4b" outcome="Passed" testListId="8c84fa94-04c1-424b-9868-57a2d4851a1d" relativeResultsDirectory="d6051a9e-2677-4191-8ad4-d5d25588e1df" />
    <UnitTestResult executionId="cc2c9acb-3319-4a1d-a7d4-50334dfb63aa" testId="cc0d485b-9743-159f-4b3e-d21ea11c4547" testName="SOAPCommandRequestHandler_ExecuteFunction_HandlePTZCenter_Height_Not_Double" computerName="DKSR-EFI-06" duration="00:00:00.0005543" startTime="2024-01-09T15:42:16.1695846+01:00" endTime="2024-01-09T15:42:16.1695846+01:00" testType="13cdc9d9-ddb5-4fa4-a97d-d965ccfc6d4b" outcome="Passed" testListId="8c84fa94-04c1-424b-9868-57a2d4851a1d" relativeResultsDirectory="cc2c9acb-3319-4a1d-a7d4-50334dfb63aa" />
    <UnitTestResult executionId="458a04b2-6b91-4f79-a7f6-c9bf4e55141e" testId="bab03081-5222-5822-1e64-cc780d6de6a9" testName="SOAPCommandRequestHandler_ExecuteFunction_HandleTimeLineInformationGet_NoTimeLineInformationIntervalMicroseconds" computerName="DKSR-EFI-06" duration="00:00:00.0010961" startTime="2024-01-09T15:42:15.6539556+01:00" endTime="2024-01-09T15:42:15.6539556+01:00" testType="13cdc9d9-ddb5-4fa4-a97d-d965ccfc6d4b" outcome="Passed" testListId="8c84fa94-04c1-424b-9868-57a2d4851a1d" relativeResultsDirectory="458a04b2-6b91-4f79-a7f6-c9bf4e55141e" />
    <UnitTestResult executionId="5e467edd-1318-492d-b456-095107c8d04c" testId="f52e5508-483e-5f8a-fe5f-07b51e6bb60a" testName="ReapplySettings_Success" computerName="DKSR-EFI-06" duration="00:00:00.2761824" startTime="2024-01-09T15:42:36.5289996+01:00" endTime="2024-01-09T15:42:36.8102517+01:00" testType="13cdc9d9-ddb5-4fa4-a97d-d965ccfc6d4b" outcome="Passed" testListId="8c84fa94-04c1-424b-9868-57a2d4851a1d" relativeResultsDirectory="5e467edd-1318-492d-b456-095107c8d04c" />
    <UnitTestResult executionId="298892c3-7dcd-4aa2-a5e6-182f3119cfa1" testId="7226124f-dd09-d43a-b76d-b1f3200e03b8" testName="PtzPatrollingSessionBase_Start_Camera_Not_Started" computerName="DKSR-EFI-06" duration="00:00:00.0007386" startTime="2024-01-09T15:42:38.4977595+01:00" endTime="2024-01-09T15:42:38.4977595+01:00" testType="13cdc9d9-ddb5-4fa4-a97d-d965ccfc6d4b" outcome="Passed" testListId="8c84fa94-04c1-424b-9868-57a2d4851a1d" relativeResultsDirectory="298892c3-7dcd-4aa2-a5e6-182f3119cfa1">
      <Output>
        <StdOut>Debug Trace:&#xD;
VideoOS.Recorder.PtzPatrollingSession session started</StdOut>
      </Output>
    </UnitTestResult>
    <UnitTestResult executionId="8c58f313-18bd-4fb9-b3fe-e9cf37322a61" testId="b9edf963-1cf1-79d2-973d-db2d8d794ac6" testName="SetNetworkConfigurationCommandHandler_Execute_SetNetworkConfiguration_ThrowsGenericException_Errors" computerName="DKSR-EFI-06" duration="00:00:00.0008187" startTime="2024-01-09T15:42:36.9508744+01:00" endTime="2024-01-09T15:42:36.9508744+01:00" testType="13cdc9d9-ddb5-4fa4-a97d-d965ccfc6d4b" outcome="Passed" testListId="8c84fa94-04c1-424b-9868-57a2d4851a1d" relativeResultsDirectory="8c58f313-18bd-4fb9-b3fe-e9cf37322a61" />
    <UnitTestResult executionId="d1332287-f55d-42bb-b8fd-93e642c8fa38" testId="344bc6e5-9c19-c772-75f8-eddf1b52a4c1" testName="PingDeviceCommandHandler_Execute_Timeout" computerName="DKSR-EFI-06" duration="00:00:00.8578975" startTime="2024-01-09T15:42:33.7321076+01:00" endTime="2024-01-09T15:42:34.5914899+01:00" testType="13cdc9d9-ddb5-4fa4-a97d-d965ccfc6d4b" outcome="Passed" testListId="8c84fa94-04c1-424b-9868-57a2d4851a1d" relativeResultsDirectory="d1332287-f55d-42bb-b8fd-93e642c8fa38" />
    <UnitTestResult executionId="679c1b46-86d7-47bc-96c5-31e2f15058ea" testId="33c3a840-bd9b-6bc8-3eb8-4843fe9ece6f" testName="DatabaseoperationCommandhandler_DiskUsageInformationTablesPerStorage_DevicesMovingStorage_AllSuccess" computerName="DKSR-EFI-06" duration="00:00:00.0014208" startTime="2024-01-09T15:42:31.1227187+01:00" endTime="2024-01-09T15:42:31.1227187+01:00" testType="13cdc9d9-ddb5-4fa4-a97d-d965ccfc6d4b" outcome="Passed" testListId="8c84fa94-04c1-424b-9868-57a2d4851a1d" relativeResultsDirectory="679c1b46-86d7-47bc-96c5-31e2f15058ea" />
    <UnitTestResult executionId="9894fda1-3502-46a9-9217-7c2df922c345" testId="94344bec-3695-9181-be78-21102b8584df" testName="PtzStopSessionCommandHandler_Execute_PtzException_OtherUserSessionAttemptedReleased" computerName="DKSR-EFI-06" duration="00:00:00.0004152" startTime="2024-01-09T15:42:36.3727499+01:00" endTime="2024-01-09T15:42:36.3727499+01:00" testType="13cdc9d9-ddb5-4fa4-a97d-d965ccfc6d4b" outcome="Passed" testListId="8c84fa94-04c1-424b-9868-57a2d4851a1d" relativeResultsDirectory="9894fda1-3502-46a9-9217-7c2df922c345" />
    <UnitTestResult executionId="956a08b6-89c8-41e3-a83d-0a15c1c4a318" testId="42b950d9-5524-6cbf-d2c0-fc098b9ef0e3" testName="RecordingStorageDeviceLinkEntries_QueryByRecordingStorageId_NotFound_ReturnNoItems" computerName="DKSR-EFI-06" duration="00:00:00.0008795" startTime="2024-01-09T15:42:01.7789125+01:00" endTime="2024-01-09T15:42:01.7789125+01:00" testType="13cdc9d9-ddb5-4fa4-a97d-d965ccfc6d4b" outcome="Passed" testListId="8c84fa94-04c1-424b-9868-57a2d4851a1d" relativeResultsDirectory="956a08b6-89c8-41e3-a83d-0a15c1c4a318" />
    <UnitTestResult executionId="d4f15cdd-5f5f-4757-b0c3-ab6b83e9b497" testId="24a93b79-982d-1508-0614-05488f32b376" testName="GetNetworkConfigurationCommandHandler_Execute_HardwareBlocked_Errors" computerName="DKSR-EFI-06" duration="00:00:00.0007116" startTime="2024-01-09T15:42:33.2164788+01:00" endTime="2024-01-09T15:42:33.2164788+01:00" testType="13cdc9d9-ddb5-4fa4-a97d-d965ccfc6d4b" outcome="Passed" testListId="8c84fa94-04c1-424b-9868-57a2d4851a1d" relativeResultsDirectory="d4f15cdd-5f5f-4757-b0c3-ab6b83e9b497" />
    <UnitTestResult executionId="0c4f2ba5-e63a-4e5e-91ae-471c6525d83c" testId="3f40df78-1203-c025-a1d9-9cc48d7e016b" testName="SetupInitialHardwareUserCommandHandler_Execute_SetupUser_ThrowsUserHandlingHardwareError_Errors" computerName="DKSR-EFI-06" duration="00:00:00.0013777" startTime="2024-01-09T15:42:36.9977532+01:00" endTime="2024-01-09T15:42:36.9977532+01:00" testType="13cdc9d9-ddb5-4fa4-a97d-d965ccfc6d4b" outcome="Passed" testListId="8c84fa94-04c1-424b-9868-57a2d4851a1d" relativeResultsDirectory="0c4f2ba5-e63a-4e5e-91ae-471c6525d83c" />
    <UnitTestResult executionId="d533a1a4-167d-4e71-b84f-1d787b8a737e" testId="b5e3cbe5-5134-927e-0d1c-d540129332b5" testName="EnhanceSettings_SunnyDay_MergeSettingsWithMask" computerName="DKSR-EFI-06" duration="00:00:00.0047688" startTime="2024-01-09T15:42:19.4039599+01:00" endTime="2024-01-09T15:42:19.4039599+01:00" testType="13cdc9d9-ddb5-4fa4-a97d-d965ccfc6d4b" outcome="Passed" testListId="8c84fa94-04c1-424b-9868-57a2d4851a1d" relativeResultsDirectory="d533a1a4-167d-4e71-b84f-1d787b8a737e" />
    <UnitTestResult executionId="78152079-5842-4f08-a059-8fc5d1e9babf" testId="ed1dec9a-9e12-a2c3-334f-e6edb45dcb6a" testName="SOAPCommandRequestHandler_ExecuteFunction_HandleSequencesGetAround_NoCenterTime" computerName="DKSR-EFI-06" duration="00:00:00.0029651" startTime="2024-01-09T15:42:15.3727056+01:00" endTime="2024-01-09T15:42:15.3727056+01:00" testType="13cdc9d9-ddb5-4fa4-a97d-d965ccfc6d4b" outcome="Passed" testListId="8c84fa94-04c1-424b-9868-57a2d4851a1d" relativeResultsDirectory="78152079-5842-4f08-a059-8fc5d1e9babf" />
    <UnitTestResult executionId="bed6e8b1-68f9-47ad-9652-5d347461f96b" testId="18d3b442-3af9-9ced-b5f4-c2bf6c6b45b3" testName="SmartSearchHandlerResultNotReadyException" computerName="DKSR-EFI-06" duration="00:00:00.0012119" startTime="2024-01-09T15:42:17.7008337+01:00" endTime="2024-01-09T15:42:17.7008337+01:00" testType="13cdc9d9-ddb5-4fa4-a97d-d965ccfc6d4b" outcome="Passed" testListId="8c84fa94-04c1-424b-9868-57a2d4851a1d" relativeResultsDirectory="bed6e8b1-68f9-47ad-9652-5d347461f96b" />
    <UnitTestResult executionId="813c845c-a06b-4075-afe6-4d3c174c17df" testId="b0899d9d-f2b3-9580-eca3-39c3aef26cc9" testName="GetNetworkConfigurationCommandHandler_Execute_NoMatchingIP_Errors" computerName="DKSR-EFI-06" duration="00:00:00.0008900" startTime="2024-01-09T15:42:33.2008539+01:00" endTime="2024-01-09T15:42:33.2008539+01:00" testType="13cdc9d9-ddb5-4fa4-a97d-d965ccfc6d4b" outcome="Passed" testListId="8c84fa94-04c1-424b-9868-57a2d4851a1d" relativeResultsDirectory="813c845c-a06b-4075-afe6-4d3c174c17df" />
    <UnitTestResult executionId="c4278cc2-40af-4c24-bebf-b1acfd3b956b" testId="9e09cc8b-ebaa-2be8-dbdc-d6f399818446" testName="SOAPCommandRequestHandler_ExecuteFunction_HandleSequencesGet_No_Microphone_Security" computerName="DKSR-EFI-06" duration="00:00:00.0518371" startTime="2024-01-09T15:42:15.2789576+01:00" endTime="2024-01-09T15:42:15.3414555+01:00" testType="13cdc9d9-ddb5-4fa4-a97d-d965ccfc6d4b" outcome="Passed" testListId="8c84fa94-04c1-424b-9868-57a2d4851a1d" relativeResultsDirectory="c4278cc2-40af-4c24-bebf-b1acfd3b956b" />
    <UnitTestResult executionId="4d56499f-9008-43d5-b0b4-6eddbb38c48b" testId="ac2f0cd3-1613-01c4-f809-9254f5ae3457" testName="PtzManager_OnDeviceStarted_Success" computerName="DKSR-EFI-06" duration="00:00:00.0038992" startTime="2024-01-09T15:42:38.0758827+01:00" endTime="2024-01-09T15:42:38.0915057+01:00" testType="13cdc9d9-ddb5-4fa4-a97d-d965ccfc6d4b" outcome="Passed" testListId="8c84fa94-04c1-424b-9868-57a2d4851a1d" relativeResultsDirectory="4d56499f-9008-43d5-b0b4-6eddbb38c48b" />
    <UnitTestResult executionId="27a23191-7ae8-4b32-a331-f7a11c2d94da" testId="9fea31a5-ecc4-0a3d-77da-7233f75a438f" testName="SOAPCommandRequestHandler_ExecuteFunction_HandleJPEGGetLive_Success" computerName="DKSR-EFI-06" duration="00:00:00.0019958" startTime="2024-01-09T15:42:16.0760618+01:00" endTime="2024-01-09T15:42:16.0760618+01:00" testType="13cdc9d9-ddb5-4fa4-a97d-d965ccfc6d4b" outcome="Passed" testListId="8c84fa94-04c1-424b-9868-57a2d4851a1d" relativeResultsDirectory="27a23191-7ae8-4b32-a331-f7a11c2d94da" />
    <UnitTestResult executionId="80016c2b-8ac8-4431-a6d7-d931aa023e13" testId="8f59d508-0fba-540c-0155-3889b43a2525" testName="PtzManagerDataHolder_Constructor_ArgumentNullException" computerName="DKSR-EFI-06" duration="00:00:00.0020362" startTime="2024-01-09T15:42:37.1071273+01:00" endTime="2024-01-09T15:42:37.1071273+01:00" testType="13cdc9d9-ddb5-4fa4-a97d-d965ccfc6d4b" outcome="Passed" testListId="8c84fa94-04c1-424b-9868-57a2d4851a1d" relativeResultsDirectory="80016c2b-8ac8-4431-a6d7-d931aa023e13" />
    <UnitTestResult executionId="0ff59d12-a631-4868-a89d-7f38f35529e1" testId="d352b845-0562-d484-a9c2-e1d9ec7a0e8d" testName="DatabaseoperationCommandhandler_VerifyNewArchivePath_Success" computerName="DKSR-EFI-06" duration="00:00:00.0008340" startTime="2024-01-09T15:42:31.1539666+01:00" endTime="2024-01-09T15:42:31.1539666+01:00" testType="13cdc9d9-ddb5-4fa4-a97d-d965ccfc6d4b" outcome="Passed" testListId="8c84fa94-04c1-424b-9868-57a2d4851a1d" relativeResultsDirectory="0ff59d12-a631-4868-a89d-7f38f35529e1" />
    <UnitTestResult executionId="d9ce9a77-ea24-4831-a765-660ad2696572" testId="5c0633e7-a50e-f64e-f5c3-18989739ed4a" testName="RecorderTaskStopped_InternalStateStartedWithIncompatibleServer_ReturnsEmptyArray" computerName="DKSR-EFI-06" duration="00:00:00.0015247" startTime="2024-01-09T15:42:02.2945388+01:00" endTime="2024-01-09T15:42:02.3102114+01:00" testType="13cdc9d9-ddb5-4fa4-a97d-d965ccfc6d4b" outcome="Passed" testListId="8c84fa94-04c1-424b-9868-57a2d4851a1d" relativeResultsDirectory="d9ce9a77-ea24-4831-a765-660ad2696572" />
    <UnitTestResult executionId="244dc77e-7e2b-426f-891f-743aad2d4b00" testId="347818dd-a036-264a-54ab-209d7e8f95de" testName="GetHardwareUsersCommandHandler_Execute_InvalidUser_NoUserLevel_ExpectedUsersReturned" computerName="DKSR-EFI-06" duration="00:00:00.0008805" startTime="2024-01-09T15:42:33.0914830+01:00" endTime="2024-01-09T15:42:33.0914830+01:00" testType="13cdc9d9-ddb5-4fa4-a97d-d965ccfc6d4b" outcome="Passed" testListId="8c84fa94-04c1-424b-9868-57a2d4851a1d" relativeResultsDirectory="244dc77e-7e2b-426f-891f-743aad2d4b00" />
    <UnitTestResult executionId="a2f83be3-a1da-40dc-a3da-d8f64ffadf15" testId="1b8b8000-c58c-406e-26b1-9852da5eb563" testName="SOAPCommandRequestHandler_GetClientCapabilities_No_ClientCapabilities_Section" computerName="DKSR-EFI-06" duration="00:00:00.0013233" startTime="2024-01-09T15:42:15.7008366+01:00" endTime="2024-01-09T15:42:15.7008366+01:00" testType="13cdc9d9-ddb5-4fa4-a97d-d965ccfc6d4b" outcome="Passed" testListId="8c84fa94-04c1-424b-9868-57a2d4851a1d" relativeResultsDirectory="a2f83be3-a1da-40dc-a3da-d8f64ffadf15" />
    <UnitTestResult executionId="fd58132e-9666-48b5-b86e-0b78e8f2bab2" testId="24ce6395-f9b5-f8e7-8703-df162f702b2c" testName="AddHardwareUserCommandHandler_Execute_HardwareBlocked_Errors" computerName="DKSR-EFI-06" duration="00:00:00.0025775" startTime="2024-01-09T15:42:30.6070900+01:00" endTime="2024-01-09T15:42:30.6227143+01:00" testType="13cdc9d9-ddb5-4fa4-a97d-d965ccfc6d4b" outcome="Passed" testListId="8c84fa94-04c1-424b-9868-57a2d4851a1d" relativeResultsDirectory="fd58132e-9666-48b5-b86e-0b78e8f2bab2" />
    <UnitTestResult executionId="3337d7bc-6d5b-48c0-a629-9a2c85fd7211" testId="cd0565df-9cf9-96e1-f8c8-5094c3637335" testName="CheckHardwareDefinitionCommandHandler_Constructor_DeviceProviderNull_ArgumentNullException" computerName="DKSR-EFI-06" duration="00:00:00.0060867" startTime="2024-01-09T15:42:30.9039677+01:00" endTime="2024-01-09T15:42:30.9039677+01:00" testType="13cdc9d9-ddb5-4fa4-a97d-d965ccfc6d4b" outcome="Passed" testListId="8c84fa94-04c1-424b-9868-57a2d4851a1d" relativeResultsDirectory="3337d7bc-6d5b-48c0-a629-9a2c85fd7211">
      <Output>
        <StdOut>Debug Trace:&#xD;
Fail: Argument null</StdOut>
      </Output>
    </UnitTestResult>
    <UnitTestResult executionId="9140bc3f-b790-4831-ac87-0940aeec8c29" testId="1b6ae4ac-8418-f533-e65d-d36c3e94f90f" testName="SOAPCommandRequestHandler_ExecuteFunction_HandlePTZMoveHome_NoDeviceId" computerName="DKSR-EFI-06" duration="00:00:00.0017549" startTime="2024-01-09T15:42:16.2633312+01:00" endTime="2024-01-09T15:42:16.2789584+01:00" testType="13cdc9d9-ddb5-4fa4-a97d-d965ccfc6d4b" outcome="Passed" testListId="8c84fa94-04c1-424b-9868-57a2d4851a1d" relativeResultsDirectory="9140bc3f-b790-4831-ac87-0940aeec8c29" />
    <UnitTestResult executionId="7d83db42-c7d3-4cbe-8f7b-11cb4dae783b" testId="2f1c412f-01ed-a9b4-385c-f0b57f911a2c" testName="ConnectSuccess_FrameBrowseLayer_Next" computerName="DKSR-EFI-06" duration="00:00:00.0162156" startTime="2024-01-09T15:42:13.1070777+01:00" endTime="2024-01-09T15:42:13.1383261+01:00" testType="13cdc9d9-ddb5-4fa4-a97d-d965ccfc6d4b" outcome="Passed" testListId="8c84fa94-04c1-424b-9868-57a2d4851a1d" relativeResultsDirectory="7d83db42-c7d3-4cbe-8f7b-11cb4dae783b" />
    <UnitTestResult executionId="c931f95d-4e5e-47ed-ba7c-c80a05b31ea4" testId="35ce816e-bf40-9fe0-7322-993123e1696a" testName="EdgeStorageLimitsManagerGetLimitsCheckConfigUpdatesParallelLimitDifferent" computerName="DKSR-EFI-06" duration="00:00:00.0015759" startTime="2024-01-09T15:42:19.9039597+01:00" endTime="2024-01-09T15:42:19.9039597+01:00" testType="13cdc9d9-ddb5-4fa4-a97d-d965ccfc6d4b" outcome="Passed" testListId="8c84fa94-04c1-424b-9868-57a2d4851a1d" relativeResultsDirectory="c931f95d-4e5e-47ed-ba7c-c80a05b31ea4" />
    <UnitTestResult executionId="ec3ee9ff-7222-4fda-9527-6a9b7b1a8d50" testId="ba3709cd-bff8-1868-8ed0-d189a988c77a" testName="TestGopInfo" computerName="DKSR-EFI-06" duration="00:00:00.0056251" startTime="2024-01-09T15:42:19.3414860+01:00" endTime="2024-01-09T15:42:19.3570866+01:00" testType="13cdc9d9-ddb5-4fa4-a97d-d965ccfc6d4b" outcome="Passed" testListId="8c84fa94-04c1-424b-9868-57a2d4851a1d" relativeResultsDirectory="ec3ee9ff-7222-4fda-9527-6a9b7b1a8d50" />
    <UnitTestResult executionId="1bb03e4f-2735-4e43-8051-5808b83ec0ba" testId="522171e3-c016-9bea-7785-95a29e3d413b" testName="SOAPCommandRequestHandler_ExecuteFunction_HandleTimeLineInformationGet_No_Metadata_Security" computerName="DKSR-EFI-06" duration="00:00:00.0025761" startTime="2024-01-09T15:42:15.6852089+01:00" endTime="2024-01-09T15:42:15.6852089+01:00" testType="13cdc9d9-ddb5-4fa4-a97d-d965ccfc6d4b" outcome="Passed" testListId="8c84fa94-04c1-424b-9868-57a2d4851a1d" relativeResultsDirectory="1bb03e4f-2735-4e43-8051-5808b83ec0ba" />
    <UnitTestResult executionId="23c718ed-ae1b-44cd-8fda-dd19e150824b" testId="5b299f56-e5a1-23e2-60c8-4de7b98b9179" testName="RegisterLiveTablesInStorage" computerName="DKSR-EFI-06" duration="00:00:00.0070763" startTime="2024-01-09T15:42:30.4195897+01:00" endTime="2024-01-09T15:42:30.4195897+01:00" testType="13cdc9d9-ddb5-4fa4-a97d-d965ccfc6d4b" outcome="Passed" testListId="8c84fa94-04c1-424b-9868-57a2d4851a1d" relativeResultsDirectory="23c718ed-ae1b-44cd-8fda-dd19e150824b" />
    <UnitTestResult executionId="c5f044cb-f932-4420-a102-b3686c10c3a8" testId="3596cb57-c28e-3188-c489-7182abdaa943" testName="ConnectSuccess_NewerPrivacyMaskFormat" computerName="DKSR-EFI-06" duration="00:00:00.0016641" startTime="2024-01-09T15:42:12.7164523+01:00" endTime="2024-01-09T15:42:12.7164523+01:00" testType="13cdc9d9-ddb5-4fa4-a97d-d965ccfc6d4b" outcome="Passed" testListId="8c84fa94-04c1-424b-9868-57a2d4851a1d" relativeResultsDirectory="c5f044cb-f932-4420-a102-b3686c10c3a8" />
    <UnitTestResult executionId="76194a7e-4d21-4092-904c-a2c378e4a393" testId="796dbe30-d40d-ffcf-7b21-9ff6e74b6a15" testName="PtzPatrollingSessionBase_Start_Success" computerName="DKSR-EFI-06" duration="00:00:00.0009020" startTime="2024-01-09T15:42:38.4977595+01:00" endTime="2024-01-09T15:42:38.4977595+01:00" testType="13cdc9d9-ddb5-4fa4-a97d-d965ccfc6d4b" outcome="Passed" testListId="8c84fa94-04c1-424b-9868-57a2d4851a1d" relativeResultsDirectory="76194a7e-4d21-4092-904c-a2c378e4a393">
      <Output>
        <StdOut>Debug Trace:&#xD;
VideoOS.Recorder.PtzPatrollingSession session started</StdOut>
      </Output>
    </UnitTestResult>
    <UnitTestResult executionId="75d1ed55-61fd-42ac-87ec-103d2737386b" testId="747d4eb4-0e1e-7882-20c3-6bddaa2d9376" testName="TestLiveTableStatusCreatedWithTableExists" computerName="DKSR-EFI-06" duration="00:00:00.0005185" startTime="2024-01-09T15:42:30.4195897+01:00" endTime="2024-01-09T15:42:30.4195897+01:00" testType="13cdc9d9-ddb5-4fa4-a97d-d965ccfc6d4b" outcome="Passed" testListId="8c84fa94-04c1-424b-9868-57a2d4851a1d" relativeResultsDirectory="75d1ed55-61fd-42ac-87ec-103d2737386b" />
    <UnitTestResult executionId="0756ea6b-10fc-4365-866b-0ee60cd462a4" testId="02863a6f-42b8-83c4-3b50-aaaf31ebb295" testName="PtzManagerDataHolder_AddSchema_Success" computerName="DKSR-EFI-06" duration="00:00:00.0030448" startTime="2024-01-09T15:42:37.1383775+01:00" endTime="2024-01-09T15:42:37.1383775+01:00" testType="13cdc9d9-ddb5-4fa4-a97d-d965ccfc6d4b" outcome="Passed" testListId="8c84fa94-04c1-424b-9868-57a2d4851a1d" relativeResultsDirectory="0756ea6b-10fc-4365-866b-0ee60cd462a4" />
    <UnitTestResult executionId="6da404f0-1259-4e59-a630-519c781ed688" testId="23f3f387-9cd3-0911-911a-896083eb4325" testName="HardwareScanSession_TestStartAndStopOnCompleteScan" computerName="DKSR-EFI-06" duration="00:00:01.1761968" startTime="2024-01-09T15:42:22.8258379+01:00" endTime="2024-01-09T15:42:23.9977168+01:00" testType="13cdc9d9-ddb5-4fa4-a97d-d965ccfc6d4b" outcome="Passed" testListId="8c84fa94-04c1-424b-9868-57a2d4851a1d" relativeResultsDirectory="6da404f0-1259-4e59-a630-519c781ed688" />
    <UnitTestResult executionId="c7b9aea1-e70d-49b8-9487-78b6f7b74c3d" testId="dd42b662-6b53-5de3-e720-4776d7c28112" testName="DriverProxyInstanceManager_RemoveHardware_FromNonregisteredProxy_WarningLogged" computerName="DKSR-EFI-06" duration="00:00:00.0005598" startTime="2024-01-09T15:42:00.5758450+01:00" endTime="2024-01-09T15:42:00.5758450+01:00" testType="13cdc9d9-ddb5-4fa4-a97d-d965ccfc6d4b" outcome="Passed" testListId="8c84fa94-04c1-424b-9868-57a2d4851a1d" relativeResultsDirectory="c7b9aea1-e70d-49b8-9487-78b6f7b74c3d" />
    <UnitTestResult executionId="0cecb717-c708-460e-8b9f-a06a69fb3f9a" testId="a2cfe856-cbff-ef4a-7692-55dbde1ccd57" testName="GetAbsolutePtzPosition_ModelIsValid_CommandExecuted" computerName="DKSR-EFI-06" duration="00:00:00.0012653" startTime="2024-01-09T15:42:02.7007906+01:00" endTime="2024-01-09T15:42:02.7007906+01:00" testType="13cdc9d9-ddb5-4fa4-a97d-d965ccfc6d4b" outcome="Passed" testListId="8c84fa94-04c1-424b-9868-57a2d4851a1d" relativeResultsDirectory="0cecb717-c708-460e-8b9f-a06a69fb3f9a" />
    <UnitTestResult executionId="2f01f6cd-e7ad-4cab-8cb5-55631782790a" testId="89878e7d-5fe9-ed93-ec6d-b98c812aaceb" testName="GetStatistics_Framerate_MPEG_Long_GoP_75_Percent" computerName="DKSR-EFI-06" duration="00:00:00.0004132" startTime="2024-01-09T15:42:19.3258361+01:00" endTime="2024-01-09T15:42:19.3258361+01:00" testType="13cdc9d9-ddb5-4fa4-a97d-d965ccfc6d4b" outcome="Passed" testListId="8c84fa94-04c1-424b-9868-57a2d4851a1d" relativeResultsDirectory="2f01f6cd-e7ad-4cab-8cb5-55631782790a" />
    <UnitTestResult executionId="e6600221-aaee-4449-bc30-1f90adfdf0f7" testId="4e38640c-9de2-9cb2-ec66-cfa7f6c7a35b" testName="CheckHardwareDefinitionCommandHandler_Constructor_UpdateHardwareDefinitionHelperNull_ArgumentNullException" computerName="DKSR-EFI-06" duration="00:00:00.0009774" startTime="2024-01-09T15:42:30.9039677+01:00" endTime="2024-01-09T15:42:30.9039677+01:00" testType="13cdc9d9-ddb5-4fa4-a97d-d965ccfc6d4b" outcome="Passed" testListId="8c84fa94-04c1-424b-9868-57a2d4851a1d" relativeResultsDirectory="e6600221-aaee-4449-bc30-1f90adfdf0f7">
      <Output>
        <StdOut>Debug Trace:&#xD;
Fail: Argument null</StdOut>
      </Output>
    </UnitTestResult>
    <UnitTestResult executionId="b9078a39-4838-48db-821e-f36aaebb48fb" testId="1ff4b6e7-c1ea-732c-e527-fce8c23b962e" testName="SearchingBackwardsEmpty" computerName="DKSR-EFI-06" duration="00:00:00.0003409" startTime="2024-01-09T15:42:19.2477121+01:00" endTime="2024-01-09T15:42:19.2477121+01:00" testType="13cdc9d9-ddb5-4fa4-a97d-d965ccfc6d4b" outcome="Passed" testListId="8c84fa94-04c1-424b-9868-57a2d4851a1d" relativeResultsDirectory="b9078a39-4838-48db-821e-f36aaebb48fb" />
    <UnitTestResult executionId="67fae979-decf-421a-9b19-94b69b2873f7" testId="28fa0d16-0772-95da-08e6-fa4cc9274598" testName="FailoverMediaMover_MoveMediaDataHere_Remote_Connect_Fails" computerName="DKSR-EFI-06" duration="00:00:00.0077888" startTime="2024-01-09T15:42:01.3726596+01:00" endTime="2024-01-09T15:42:01.3882855+01:00" testType="13cdc9d9-ddb5-4fa4-a97d-d965ccfc6d4b" outcome="Passed" testListId="8c84fa94-04c1-424b-9868-57a2d4851a1d" relativeResultsDirectory="67fae979-decf-421a-9b19-94b69b2873f7" />
    <UnitTestResult executionId="856c2e27-b228-48d7-8ed9-66b0bcba9334" testId="ad933fd9-f61c-1d81-84a4-edef05ca4731" testName="SOAPCommandRequestHandler_ExecuteFunction_HandleOutputGetState_Success_Activated" computerName="DKSR-EFI-06" duration="00:00:00.0021628" startTime="2024-01-09T15:42:16.1070805+01:00" endTime="2024-01-09T15:42:16.1070805+01:00" testType="13cdc9d9-ddb5-4fa4-a97d-d965ccfc6d4b" outcome="Passed" testListId="8c84fa94-04c1-424b-9868-57a2d4851a1d" relativeResultsDirectory="856c2e27-b228-48d7-8ed9-66b0bcba9334" />
    <UnitTestResult executionId="3ac204e6-6e4e-43c1-8792-b31bf83a31e8" testId="248633a8-419e-cde7-d246-f6ef50f7ef4a" testName="ChangeHardwarePasswordCommandHandler_Execute_HardwareNotStarted_Errors" computerName="DKSR-EFI-06" duration="00:00:00.0006903" startTime="2024-01-09T15:42:30.7164639+01:00" endTime="2024-01-09T15:42:30.7164639+01:00" testType="13cdc9d9-ddb5-4fa4-a97d-d965ccfc6d4b" outcome="Passed" testListId="8c84fa94-04c1-424b-9868-57a2d4851a1d" relativeResultsDirectory="3ac204e6-6e4e-43c1-8792-b31bf83a31e8" />
    <UnitTestResult executionId="053d361f-95ff-4ebd-84c1-0d81a57f2362" testId="40deb7ff-fb1f-6dc1-4bf4-d75d301bc388" testName="SOAPCommandRequestHandler_ExecuteFunction_HandlePTZGetSessionInfo_Success" computerName="DKSR-EFI-06" duration="00:00:00.0096115" startTime="2024-01-09T15:42:16.4977083+01:00" endTime="2024-01-09T15:42:16.4977083+01:00" testType="13cdc9d9-ddb5-4fa4-a97d-d965ccfc6d4b" outcome="Passed" testListId="8c84fa94-04c1-424b-9868-57a2d4851a1d" relativeResultsDirectory="053d361f-95ff-4ebd-84c1-0d81a57f2362" />
    <UnitTestResult executionId="cfaec06b-ad5d-4888-a688-f2be6cfc8a5a" testId="5cbb5e7b-fb40-95bb-f27d-f1404bb2aeac" testName="UpdateRecorderTaskProgressAsync_NotConnectedAndAt100PercentComplete_ShouldQueueCommand" computerName="DKSR-EFI-06" duration="00:00:00.0011632" startTime="2024-01-09T15:42:02.3726657+01:00" endTime="2024-01-09T15:42:02.3726657+01:00" testType="13cdc9d9-ddb5-4fa4-a97d-d965ccfc6d4b" outcome="Passed" testListId="8c84fa94-04c1-424b-9868-57a2d4851a1d" relativeResultsDirectory="cfaec06b-ad5d-4888-a688-f2be6cfc8a5a" />
    <UnitTestResult executionId="57818c74-5d8f-4326-ace5-725001432018" testId="7c657bb1-d656-8572-52e9-8a42e2518cbb" testName="TimeRangeConversionMinRangeAndTimeResolution" computerName="DKSR-EFI-06" duration="00:00:00.0005060" startTime="2024-01-09T15:42:29.8883409+01:00" endTime="2024-01-09T15:42:29.8883409+01:00" testType="13cdc9d9-ddb5-4fa4-a97d-d965ccfc6d4b" outcome="Passed" testListId="8c84fa94-04c1-424b-9868-57a2d4851a1d" relativeResultsDirectory="57818c74-5d8f-4326-ace5-725001432018" />
    <UnitTestResult executionId="6dd12f64-ae16-4e05-8773-29d1916a897e" testId="733bcc97-b59b-f665-d8e7-2335be33aaba" testName="SOAPCommandRequestHandler_ExecuteFunction_HandleSmartSearchStart_NoSearchMaskMask" computerName="DKSR-EFI-06" duration="00:00:00.0011709" startTime="2024-01-09T15:42:15.5758320+01:00" endTime="2024-01-09T15:42:15.5758320+01:00" testType="13cdc9d9-ddb5-4fa4-a97d-d965ccfc6d4b" outcome="Passed" testListId="8c84fa94-04c1-424b-9868-57a2d4851a1d" relativeResultsDirectory="6dd12f64-ae16-4e05-8773-29d1916a897e" />
    <UnitTestResult executionId="a3241715-2967-4fdb-a575-53e0221206d8" testId="934d43ab-8402-3739-3f4b-05a17737217f" testName="GetNetworkConfigurationCommandHandler_Execute_GetNetworkConfiguration_ThrowsNoHardwareAccess_Reschedules_NoResponse" computerName="DKSR-EFI-06" duration="00:00:00.0010183" startTime="2024-01-09T15:42:33.2477288+01:00" endTime="2024-01-09T15:42:33.2477288+01:00" testType="13cdc9d9-ddb5-4fa4-a97d-d965ccfc6d4b" outcome="Passed" testListId="8c84fa94-04c1-424b-9868-57a2d4851a1d" relativeResultsDirectory="a3241715-2967-4fdb-a575-53e0221206d8" />
    <UnitTestResult executionId="70a77ca1-2c93-4438-894f-f5733b715faf" testId="74520b87-908e-9792-3c7b-51d3c5f50b9f" testName="PtzReserveSessionCommandHandler_Execute_Success" computerName="DKSR-EFI-06" duration="00:00:00.0009538" startTime="2024-01-09T15:42:36.3102485+01:00" endTime="2024-01-09T15:42:36.3102485+01:00" testType="13cdc9d9-ddb5-4fa4-a97d-d965ccfc6d4b" outcome="Passed" testListId="8c84fa94-04c1-424b-9868-57a2d4851a1d" relativeResultsDirectory="70a77ca1-2c93-4438-894f-f5733b715faf" />
    <UnitTestResult executionId="344922d7-7fee-408b-a3c6-24fc96a60c6c" testId="1ee3a09e-ee9b-66de-1c8a-275aac3087b1" testName="PtzReleaseSessionCommandHandler_Execute_PtzException_DeviceNotReady" computerName="DKSR-EFI-06" duration="00:00:00.0005162" startTime="2024-01-09T15:42:36.2321230+01:00" endTime="2024-01-09T15:42:36.2321230+01:00" testType="13cdc9d9-ddb5-4fa4-a97d-d965ccfc6d4b" outcome="Passed" testListId="8c84fa94-04c1-424b-9868-57a2d4851a1d" relativeResultsDirectory="344922d7-7fee-408b-a3c6-24fc96a60c6c" />
    <UnitTestResult executionId="ea2d3536-8420-492f-b09d-55031cd0c9dd" testId="42c118ae-5758-15ae-f9df-f825390f2162" testName="PtzReleaseSessionCommandHandler_Execute_Success" computerName="DKSR-EFI-06" duration="00:00:00.0019087" startTime="2024-01-09T15:42:36.2477462+01:00" endTime="2024-01-09T15:42:36.2477462+01:00" testType="13cdc9d9-ddb5-4fa4-a97d-d965ccfc6d4b" outcome="Passed" testListId="8c84fa94-04c1-424b-9868-57a2d4851a1d" relativeResultsDirectory="ea2d3536-8420-492f-b09d-55031cd0c9dd" />
    <UnitTestResult executionId="f25fa701-8d73-4d1d-ba95-3ebeb42fe2b9" testId="6c44ac14-3993-67eb-0f37-7fe6d2032bb1" testName="ConnectSuccess_PrevWithTime" computerName="DKSR-EFI-06" duration="00:00:00.0044617" startTime="2024-01-09T15:42:12.9195768+01:00" endTime="2024-01-09T15:42:12.9352025+01:00" testType="13cdc9d9-ddb5-4fa4-a97d-d965ccfc6d4b" outcome="Passed" testListId="8c84fa94-04c1-424b-9868-57a2d4851a1d" relativeResultsDirectory="f25fa701-8d73-4d1d-ba95-3ebeb42fe2b9" />
    <UnitTestResult executionId="459f584f-74c1-4808-80a1-09d8d49882c0" testId="0188b3fc-f058-fec7-9c8d-16bf56ba7004" testName="SOAPCommandRequestHandler_ExecuteFunction_HandleJPEGGetLive_NoDeviceId" computerName="DKSR-EFI-06" duration="00:00:00.0013639" startTime="2024-01-09T15:42:16.0445835+01:00" endTime="2024-01-09T15:42:16.0602086+01:00" testType="13cdc9d9-ddb5-4fa4-a97d-d965ccfc6d4b" outcome="Passed" testListId="8c84fa94-04c1-424b-9868-57a2d4851a1d" relativeResultsDirectory="459f584f-74c1-4808-80a1-09d8d49882c0" />
    <UnitTestResult executionId="9412b2c1-b353-4d27-a436-f129d8586718" testId="0b0987af-9592-d82b-5279-72361c02ffcd" testName="SOAPCommandRequestHandler_ExecuteFunction_HandleSmartSearchStart_NoSearchMaskSize" computerName="DKSR-EFI-06" duration="00:00:00.0011621" startTime="2024-01-09T15:42:15.5602067+01:00" endTime="2024-01-09T15:42:15.5602067+01:00" testType="13cdc9d9-ddb5-4fa4-a97d-d965ccfc6d4b" outcome="Passed" testListId="8c84fa94-04c1-424b-9868-57a2d4851a1d" relativeResultsDirectory="9412b2c1-b353-4d27-a436-f129d8586718" />
    <UnitTestResult executionId="450df8c8-efca-4cbe-9c04-ba39fbd244a3" testId="d6b4a7c3-36a7-e061-0c18-16ee1399dcc9" testName="AddHardwareUserCommandHandler_Execute_AddUser_ThrowsUserHandlingUnknownError_Errors" computerName="DKSR-EFI-06" duration="00:00:00.0008649" startTime="2024-01-09T15:42:30.6539638+01:00" endTime="2024-01-09T15:42:30.6539638+01:00" testType="13cdc9d9-ddb5-4fa4-a97d-d965ccfc6d4b" outcome="Passed" testListId="8c84fa94-04c1-424b-9868-57a2d4851a1d" relativeResultsDirectory="450df8c8-efca-4cbe-9c04-ba39fbd244a3" />
    <UnitTestResult executionId="463ce7a8-b4a3-4a1a-b7b6-ab84fcc7a39f" testId="6254daef-258b-86ba-499b-8e0b9550e559" testName="ConnectSuccess_FrameBrowseLayer_Goto" computerName="DKSR-EFI-06" duration="00:00:00.0249842" startTime="2024-01-09T15:42:13.0914528+01:00" endTime="2024-01-09T15:42:13.1070777+01:00" testType="13cdc9d9-ddb5-4fa4-a97d-d965ccfc6d4b" outcome="Passed" testListId="8c84fa94-04c1-424b-9868-57a2d4851a1d" relativeResultsDirectory="463ce7a8-b4a3-4a1a-b7b6-ab84fcc7a39f" />
    <UnitTestResult executionId="e9bb31a9-78a9-481f-8149-b57150f192ff" testId="76475f82-6057-6afc-d296-0cfcc3f30681" testName="PrepareMoveHardwareCommandHandler_Execute_Timeout_TimeoutResponse" computerName="DKSR-EFI-06" duration="00:00:01.0205718" startTime="2024-01-09T15:42:35.0602413+01:00" endTime="2024-01-09T15:42:36.0758703+01:00" testType="13cdc9d9-ddb5-4fa4-a97d-d965ccfc6d4b" outcome="Passed" testListId="8c84fa94-04c1-424b-9868-57a2d4851a1d" relativeResultsDirectory="e9bb31a9-78a9-481f-8149-b57150f192ff" />
    <UnitTestResult executionId="83988bfc-c4e7-4ead-bf14-1c217212f74d" testId="0deed21f-fe9d-aba5-7fa5-ad0d36156ef0" testName="EvidenceLockOnOldRecorderCommandHandler_RecorderNotFullyStarted_FailResponse" computerName="DKSR-EFI-06" duration="00:00:00.0004806" startTime="2024-01-09T15:42:31.7477163+01:00" endTime="2024-01-09T15:42:31.7477163+01:00" testType="13cdc9d9-ddb5-4fa4-a97d-d965ccfc6d4b" outcome="Passed" testListId="8c84fa94-04c1-424b-9868-57a2d4851a1d" relativeResultsDirectory="83988bfc-c4e7-4ead-bf14-1c217212f74d" />
    <UnitTestResult executionId="2ea95c72-83c6-4176-bb06-192140d84547" testId="0a69dcc2-b7d4-5a30-ea72-8ac56c049039" testName="SOAPCommandRequestHandler_ExecuteFunction_HandlePTZReleaseSession_Success" computerName="DKSR-EFI-06" duration="00:00:00.0019801" startTime="2024-01-09T15:42:16.4664579+01:00" endTime="2024-01-09T15:42:16.4820841+01:00" testType="13cdc9d9-ddb5-4fa4-a97d-d965ccfc6d4b" outcome="Passed" testListId="8c84fa94-04c1-424b-9868-57a2d4851a1d" relativeResultsDirectory="2ea95c72-83c6-4176-bb06-192140d84547" />
    <UnitTestResult executionId="05453114-f412-45df-baeb-83fef48c0148" testId="771d1dd1-6b02-2a08-cf1a-562e47dfe88d" testName="AudioSource_Construct" computerName="DKSR-EFI-06" duration="00:00:00.0009961" startTime="2024-01-09T15:42:38.6227585+01:00" endTime="2024-01-09T15:42:38.6227585+01:00" testType="13cdc9d9-ddb5-4fa4-a97d-d965ccfc6d4b" outcome="Passed" testListId="8c84fa94-04c1-424b-9868-57a2d4851a1d" relativeResultsDirectory="05453114-f412-45df-baeb-83fef48c0148" />
    <UnitTestResult executionId="594b4040-392f-4939-bdf1-580b67cb47ba" testId="8bdbd0c1-a790-4970-e092-0b55412b8dc4" testName="FirmwareUpgradeCommandHandler_Execute_FirmwareUpgrade_ThrowsFirmwareUpgradeUnknownError_Errors" computerName="DKSR-EFI-06" duration="00:00:00.0030179" startTime="2024-01-09T15:42:32.9352262+01:00" endTime="2024-01-09T15:42:32.9508553+01:00" testType="13cdc9d9-ddb5-4fa4-a97d-d965ccfc6d4b" outcome="Passed" testListId="8c84fa94-04c1-424b-9868-57a2d4851a1d" relativeResultsDirectory="594b4040-392f-4939-bdf1-580b67cb47ba" />
    <UnitTestResult executionId="56dfa922-90fc-4698-99d6-5fee0da1936c" testId="e389a3e1-5f0a-6683-3c50-a2a34e042147" testName="ConfigurationController_UpdateUserSecurityTokens_IsNull_BadRequestResult" computerName="DKSR-EFI-06" duration="00:00:00.0016308" startTime="2024-01-09T15:42:02.5132915+01:00" endTime="2024-01-09T15:42:02.5132915+01:00" testType="13cdc9d9-ddb5-4fa4-a97d-d965ccfc6d4b" outcome="Passed" testListId="8c84fa94-04c1-424b-9868-57a2d4851a1d" relativeResultsDirectory="56dfa922-90fc-4698-99d6-5fee0da1936c" />
    <UnitTestResult executionId="0fde551a-3720-4386-91e2-21ee990989ae" testId="d0184c79-09ca-438e-e6fe-64ddf8949d4b" testName="SetupInitialHardwareUserCommandHandler_Execute_SetupUser_ThrowsUserHandlingUserNameTooShortrError_Errors" computerName="DKSR-EFI-06" duration="00:00:00.0008982" startTime="2024-01-09T15:42:37.0133758+01:00" endTime="2024-01-09T15:42:37.0133758+01:00" testType="13cdc9d9-ddb5-4fa4-a97d-d965ccfc6d4b" outcome="Passed" testListId="8c84fa94-04c1-424b-9868-57a2d4851a1d" relativeResultsDirectory="0fde551a-3720-4386-91e2-21ee990989ae" />
    <UnitTestResult executionId="07efc0e5-d1b9-4b82-b2e2-4815852d1bef" testId="1afe9bf5-3a38-ce7c-f33b-53f438e354e1" testName="UpdateHardwareReadOnlySettingsAsync_ConnectedAndIncompatible_ShouldThrowAnException" computerName="DKSR-EFI-06" duration="00:00:00.0021327" startTime="2024-01-09T15:42:02.3414169+01:00" endTime="2024-01-09T15:42:02.3414169+01:00" testType="13cdc9d9-ddb5-4fa4-a97d-d965ccfc6d4b" outcome="Passed" testListId="8c84fa94-04c1-424b-9868-57a2d4851a1d" relativeResultsDirectory="07efc0e5-d1b9-4b82-b2e2-4815852d1bef" />
    <UnitTestResult executionId="931eb32f-e384-4c7c-bf4c-51c7a005004e" testId="6b8858ed-d5a4-a587-1075-9d783af2956e" testName="MediaDbUtil_MultitrackNavigation_Scenario01" computerName="DKSR-EFI-06" duration="00:00:00.9003898" startTime="2024-01-09T15:42:13.1539564+01:00" endTime="2024-01-09T15:42:14.0602029+01:00" testType="13cdc9d9-ddb5-4fa4-a97d-d965ccfc6d4b" outcome="Passed" testListId="8c84fa94-04c1-424b-9868-57a2d4851a1d" relativeResultsDirectory="931eb32f-e384-4c7c-bf4c-51c7a005004e">
      <Output>
        <StdOut>TestContext Messages:&#xD;
Before&#xD;
Navigation:  " V                                            "&#xD;
Source    :  "        1-- 1----                 1-- 1---    "&#xD;
Unable to move&#xD;
&#xD;
AtOrBefore&#xD;
Navigation:  " V                                            "&#xD;
Source    :  "        1-- 1----                 1-- 1---    "&#xD;
Unable to move&#xD;
&#xD;
AtOrAfter&#xD;
Navigation:  " V                                            "&#xD;
Source    :  "        1-- 1----                 1-- 1---    "&#xD;
Expected  :  "        1-- N                                 "&#xD;
Actual    :  "        1-- N                                 "&#xD;
&#xD;
After&#xD;
Navigation:  " V                                            "&#xD;
Source    :  "        1-- 1----                 1-- 1---    "&#xD;
Expected  :  "        1-- N                                 "&#xD;
Actual    :  "        1-- N                                 "&#xD;
&#xD;
Before&#xD;
Navigation:  "           V                                  "&#xD;
Source    :  "        1-- 1----                 1-- 1---    "&#xD;
Expected  :  "        1-- N                                 "&#xD;
Actual    :  "        1-- N                                 "&#xD;
&#xD;
AtOrBefore&#xD;
Navigation:  "           V                                  "&#xD;
Source    :  "        1-- 1----                 1-- 1---    "&#xD;
Expected  :  "        1-- N                                 "&#xD;
Actual    :  "        1-- N                                 "&#xD;
&#xD;
AtOrAfter&#xD;
Navigation:  "           V                                  "&#xD;
Source    :  "        1-- 1----                 1-- 1---    "&#xD;
Expected  :  "        P   1----                 N           "&#xD;
Actual    :  "        P   1----                 N           "&#xD;
&#xD;
After&#xD;
Navigation:  "           V                                  "&#xD;
Source    :  "        1-- 1----                 1-- 1---    "&#xD;
Expected  :  "        P   1----                 N           "&#xD;
Actual    :  "        P   1----                 N           "&#xD;
&#xD;
Before&#xD;
Navigation:  "              V                               "&#xD;
Source    :  "        1-- 1----                 1-- 1---    "&#xD;
Expected  :  "        1-- N                                 "&#xD;
Actual    :  "        1-- N                                 "&#xD;
&#xD;
AtOrBefore&#xD;
Navigation:  "              V                               "&#xD;
Source    :  "        1-- 1----                 1-- 1---    "&#xD;
Expected  :  "        P   1----                 N           "&#xD;
Actual    :  "        P   1----                 N           "&#xD;
&#xD;
AtOrAfter&#xD;
Navigation:  "              V                               "&#xD;
Source    :  "        1-- 1----                 1-- 1---    "&#xD;
Expected  :  "        P   1----                 N           "&#xD;
Actual    :  "        P   1----                 N           "&#xD;
&#xD;
After&#xD;
Navigation:  "              V                               "&#xD;
Source    :  "        1-- 1----                 1-- 1---    "&#xD;
Expected  :  "            P                     1-- N       "&#xD;
Actual    :  "            P                     1-- N       "&#xD;
&#xD;
Before&#xD;
Navigation:  "                          V                   "&#xD;
Source    :  "        1-- 1----                 1-- 1---    "&#xD;
Expected  :  "        P   1----                 N           "&#xD;
Actual    :  "        P   1----                 N           "&#xD;
&#xD;
AtOrBefore&#xD;
Navigation:  "                          V                   "&#xD;
Source    :  "        1-- 1----                 1-- 1---    "&#xD;
Expected  :  "        P   1----                 N           "&#xD;
Actual    :  "        P   1----                 N           "&#xD;
&#xD;
AtOrAfter&#xD;
Navigation:  "                          V                   "&#xD;
Source    :  "        1-- 1----                 1-- 1---    "&#xD;
Expected  :  "            P                     1-- N       "&#xD;
Actual    :  "            P                     1-- N       "&#xD;
&#xD;
After&#xD;
Navigation:  "                          V                   "&#xD;
Source    :  "        1-- 1----                 1-- 1---    "&#xD;
Expected  :  "            P                     1-- N       "&#xD;
Actual    :  "            P                     1-- N       "&#xD;
&#xD;
Before&#xD;
Navigation:  "                               V              "&#xD;
Source    :  "        1-- 1----                 1-- 1---    "&#xD;
Expected  :  "        P   1----                 N           "&#xD;
Actual    :  "        P   1----                 N           "&#xD;
&#xD;
AtOrBefore&#xD;
Navigation:  "                               V              "&#xD;
Source    :  "        1-- 1----                 1-- 1---    "&#xD;
Expected  :  "        P   1----                 N           "&#xD;
Actual    :  "        P   1----                 N           "&#xD;
&#xD;
AtOrAfter&#xD;
Navigation:  "                               V              "&#xD;
Source    :  "        1-- 1----                 1-- 1---    "&#xD;
Expected  :  "            P                     1-- N       "&#xD;
Actual    :  "            P                     1-- N       "&#xD;
&#xD;
After&#xD;
Navigation:  "                               V              "&#xD;
Source    :  "        1-- 1----                 1-- 1---    "&#xD;
Expected  :  "            P                     1-- N       "&#xD;
Actual    :  "            P                     1-- N       "&#xD;
&#xD;
Before&#xD;
Navigation:  "                                      V       "&#xD;
Source    :  "        1-- 1----                 1-- 1---    "&#xD;
Expected  :  "            P                     1-- N       "&#xD;
Actual    :  "            P                     1-- N       "&#xD;
&#xD;
AtOrBefore&#xD;
Navigation:  "                                      V       "&#xD;
Source    :  "        1-- 1----                 1-- 1---    "&#xD;
Expected  :  "                                  P   1---    "&#xD;
Actual    :  "                                  P   1---    "&#xD;
&#xD;
AtOrAfter&#xD;
Navigation:  "                                      V       "&#xD;
Source    :  "        1-- 1----                 1-- 1---    "&#xD;
Expected  :  "                                  P   1---    "&#xD;
Actual    :  "                                  P   1---    "&#xD;
&#xD;
After&#xD;
Navigation:  "                                      V       "&#xD;
Source    :  "        1-- 1----                 1-- 1---    "&#xD;
Unable to move&#xD;
&#xD;
Before&#xD;
Navigation:  "                                            V "&#xD;
Source    :  "        1-- 1----                 1-- 1---    "&#xD;
Expected  :  "                                  P   1---    "&#xD;
Actual    :  "                                  P   1---    "&#xD;
&#xD;
AtOrBefore&#xD;
Navigation:  "                                            V "&#xD;
Source    :  "        1-- 1----                 1-- 1---    "&#xD;
Expected  :  "                                  P   1---    "&#xD;
Actual    :  "                                  P   1---    "&#xD;
&#xD;
AtOrAfter&#xD;
Navigation:  "                                            V "&#xD;
Source    :  "        1-- 1----                 1-- 1---    "&#xD;
Unable to move&#xD;
&#xD;
After&#xD;
Navigation:  "                                            V "&#xD;
Source    :  "        1-- 1----                 1-- 1---    "&#xD;
Unable to move&#xD;
&#xD;
Before&#xD;
Navigation:  " V                                            "&#xD;
Source    :  "        1-- 1--      2-- 2-        2-- 2---   "&#xD;
Unable to move&#xD;
&#xD;
AtOrBefore&#xD;
Navigation:  " V                                            "&#xD;
Source    :  "        1-- 1--      2-- 2-        2-- 2---   "&#xD;
Unable to move&#xD;
&#xD;
AtOrAfter&#xD;
Navigation:  " V                                            "&#xD;
Source    :  "        1-- 1--      2-- 2-        2-- 2---   "&#xD;
Expected  :  "        1-- N                                 "&#xD;
Actual    :  "        1-- N                                 "&#xD;
&#xD;
After&#xD;
Navigation:  " V                                            "&#xD;
Source    :  "        1-- 1--      2-- 2-        2-- 2---   "&#xD;
Expected  :  "        1-- N                                 "&#xD;
Actual    :  "        1-- N                                 "&#xD;
&#xD;
Before&#xD;
Navigation:  "           V                                  "&#xD;
Source    :  "        1-- 1--      2-- 2-        2-- 2---   "&#xD;
Expected  :  "        1-- N                                 "&#xD;
Actual    :  "        1-- N                                 "&#xD;
&#xD;
AtOrBefore&#xD;
Navigation:  "           V                                  "&#xD;
Source    :  "        1-- 1--      2-- 2-        2-- 2---   "&#xD;
Expected  :  "        1-- N                                 "&#xD;
Actual    :  "        1-- N                                 "&#xD;
&#xD;
AtOrAfter&#xD;
Navigation:  "           V                                  "&#xD;
Source    :  "        1-- 1--      2-- 2-        2-- 2---   "&#xD;
Expected  :  "        P   1--      N                        "&#xD;
Actual    :  "        P   1--      N                        "&#xD;
&#xD;
After&#xD;
Navigation:  "           V                                  "&#xD;
Source    :  "        1-- 1--      2-- 2-        2-- 2---   "&#xD;
Expected  :  "        P   1--      N                        "&#xD;
Actual    :  "        P   1--      N                        "&#xD;
&#xD;
Before&#xD;
Navigation:  "              V                               "&#xD;
Source    :  "        1-- 1--      2-- 2-        2-- 2---   "&#xD;
Expected  :  "        1-- N                                 "&#xD;
Actual    :  "        1-- N                                 "&#xD;
&#xD;
AtOrBefore&#xD;
Navigation:  "              V                               "&#xD;
Source    :  "        1-- 1--      2-- 2-        2-- 2---   "&#xD;
Expected  :  "        P   1--      N                        "&#xD;
Actual    :  "        P   1--      N                        "&#xD;
&#xD;
AtOrAfter&#xD;
Navigation:  "              V                               "&#xD;
Source    :  "        1-- 1--      2-- 2-        2-- 2---   "&#xD;
Expected  :  "        P   1--      N                        "&#xD;
Actual    :  "        P   1--      N                        "&#xD;
&#xD;
After&#xD;
Navigation:  "              V                               "&#xD;
Source    :  "        1-- 1--      2-- 2-        2-- 2---   "&#xD;
Expected  :  "            P        2-- N                    "&#xD;
Actual    :  "            P        2-- N                    "&#xD;
&#xD;
Before&#xD;
Navigation:  "                          V                   "&#xD;
Source    :  "        1-- 1--      2-- 2-        2-- 2---   "&#xD;
Expected  :  "            P        2-- N                    "&#xD;
Actual    :  "            P        2-- N                    "&#xD;
&#xD;
AtOrBefore&#xD;
Navigation:  "                          V                   "&#xD;
Source    :  "        1-- 1--      2-- 2-        2-- 2---   "&#xD;
Expected  :  "                     P   2-        N          "&#xD;
Actual    :  "                     P   2-        N          "&#xD;
&#xD;
AtOrAfter&#xD;
Navigation:  "                          V                   "&#xD;
Source    :  "        1-- 1--      2-- 2-        2-- 2---   "&#xD;
Expected  :  "                     P   2-        N          "&#xD;
Actual    :  "                     P   2-        N          "&#xD;
&#xD;
After&#xD;
Navigation:  "                          V                   "&#xD;
Source    :  "        1-- 1--      2-- 2-        2-- 2---   "&#xD;
Expected  :  "                         P         2-- N      "&#xD;
Actual    :  "                         P         2-- N      "&#xD;
&#xD;
Before&#xD;
Navigation:  "                               V              "&#xD;
Source    :  "        1-- 1--      2-- 2-        2-- 2---   "&#xD;
Expected  :  "                     P   2-        N          "&#xD;
Actual    :  "                     P   2-        N          "&#xD;
&#xD;
AtOrBefore&#xD;
Navigation:  "                               V              "&#xD;
Source    :  "        1-- 1--      2-- 2-        2-- 2---   "&#xD;
Expected  :  "                     P   2-        N          "&#xD;
Actual    :  "                     P   2-        N          "&#xD;
&#xD;
AtOrAfter&#xD;
Navigation:  "                               V              "&#xD;
Source    :  "        1-- 1--      2-- 2-        2-- 2---   "&#xD;
Expected  :  "                         P         2-- N      "&#xD;
Actual    :  "                         P         2-- N      "&#xD;
&#xD;
After&#xD;
Navigation:  "                               V              "&#xD;
Source    :  "        1-- 1--      2-- 2-        2-- 2---   "&#xD;
Expected  :  "                         P         2-- N      "&#xD;
Actual    :  "                         P         2-- N      "&#xD;
&#xD;
Before&#xD;
Navigation:  "                                      V       "&#xD;
Source    :  "        1-- 1--      2-- 2-        2-- 2---   "&#xD;
Expected  :  "                         P         2-- N      "&#xD;
Actual    :  "                         P         2-- N      "&#xD;
&#xD;
AtOrBefore&#xD;
Navigation:  "                                      V       "&#xD;
Source    :  "        1-- 1--      2-- 2-        2-- 2---   "&#xD;
Expected  :  "                         P         2-- N      "&#xD;
Actual    :  "                         P         2-- N      "&#xD;
&#xD;
AtOrAfter&#xD;
Navigation:  "                                      V       "&#xD;
Source    :  "        1-- 1--      2-- 2-        2-- 2---   "&#xD;
Expected  :  "                                   P   2---   "&#xD;
Actual    :  "                                   P   2---   "&#xD;
&#xD;
After&#xD;
Navigation:  "                                      V       "&#xD;
Source    :  "        1-- 1--      2-- 2-        2-- 2---   "&#xD;
Expected  :  "                                   P   2---   "&#xD;
Actual    :  "                                   P   2---   "&#xD;
&#xD;
Before&#xD;
Navigation:  "                                            V "&#xD;
Source    :  "        1-- 1--      2-- 2-        2-- 2---   "&#xD;
Expected  :  "                                   P   2---   "&#xD;
Actual    :  "                                   P   2---   "&#xD;
&#xD;
AtOrBefore&#xD;
Navigation:  "                                            V "&#xD;
Source    :  "        1-- 1--      2-- 2-        2-- 2---   "&#xD;
Expected  :  "                                   P   2---   "&#xD;
Actual    :  "                                   P   2---   "&#xD;
&#xD;
AtOrAfter&#xD;
Navigation:  "                                            V "&#xD;
Source    :  "        1-- 1--      2-- 2-        2-- 2---   "&#xD;
Unable to move&#xD;
&#xD;
After&#xD;
Navigation:  "                                            V "&#xD;
Source    :  "        1-- 1--      2-- 2-        2-- 2---   "&#xD;
Unable to move</StdOut>
      </Output>
    </UnitTestResult>
    <UnitTestResult executionId="84f99ca7-bc7a-4298-8764-d370e071223b" testId="3f274ba1-8989-dbb9-a238-0d6fba10e7e2" testName="TimeRangeConversionRangesMatchStartAndEndTimeInside" computerName="DKSR-EFI-06" duration="00:00:00.0006505" startTime="2024-01-09T15:42:29.8727151+01:00" endTime="2024-01-09T15:42:29.8727151+01:00" testType="13cdc9d9-ddb5-4fa4-a97d-d965ccfc6d4b" outcome="Passed" testListId="8c84fa94-04c1-424b-9868-57a2d4851a1d" relativeResultsDirectory="84f99ca7-bc7a-4298-8764-d370e071223b" />
    <UnitTestResult executionId="e1bef8f3-cb7a-4b3e-b2ee-aabe9def2c6a" testId="ac23d499-5db5-40ba-bc6d-e74471358df3" testName="SOAPCommandRequestHandler_ExecuteFunction_HandleSendDriverCommandWithResponse_NoSecurity" computerName="DKSR-EFI-06" duration="00:00:00.0017025" startTime="2024-01-09T15:42:15.8414554+01:00" endTime="2024-01-09T15:42:15.8414554+01:00" testType="13cdc9d9-ddb5-4fa4-a97d-d965ccfc6d4b" outcome="Passed" testListId="8c84fa94-04c1-424b-9868-57a2d4851a1d" relativeResultsDirectory="e1bef8f3-cb7a-4b3e-b2ee-aabe9def2c6a" />
    <UnitTestResult executionId="c669f59a-2417-4ef7-ae8f-9d7789fdfb2a" testId="9b299d22-ca60-cce0-4e1f-29a17d2b8ee7" testName="RecorderAccessTokenHandler_PopulateAuthorizationHeaderAsync_AccessTokenException" computerName="DKSR-EFI-06" duration="00:00:00.0121816" startTime="2024-01-09T15:42:17.7945845+01:00" endTime="2024-01-09T15:42:17.7945845+01:00" testType="13cdc9d9-ddb5-4fa4-a97d-d965ccfc6d4b" outcome="Passed" testListId="8c84fa94-04c1-424b-9868-57a2d4851a1d" relativeResultsDirectory="c669f59a-2417-4ef7-ae8f-9d7789fdfb2a" />
    <UnitTestResult executionId="aa4f9df6-2bd1-4f62-a574-6011ff39047b" testId="523ccd07-2fea-b077-ce34-edfc798b2c89" testName="ConfigurationController_UpdateSecurityConfiguration_IsNull_BadRequestResult" computerName="DKSR-EFI-06" duration="00:00:00.0018902" startTime="2024-01-09T15:42:02.4820422+01:00" endTime="2024-01-09T15:42:02.4976662+01:00" testType="13cdc9d9-ddb5-4fa4-a97d-d965ccfc6d4b" outcome="Passed" testListId="8c84fa94-04c1-424b-9868-57a2d4851a1d" relativeResultsDirectory="aa4f9df6-2bd1-4f62-a574-6011ff39047b" />
    <UnitTestResult executionId="10b73f0c-3597-49ba-905e-e7ec38f643d7" testId="2bcd7df0-1c87-38fa-55ef-8d863dabdad3" testName="GetDatabaseInfo_ArchiveStorageNotFound_ArchiveHintFalse" computerName="DKSR-EFI-06" duration="00:00:00.0001848" startTime="2024-01-09T15:42:01.5132908+01:00" endTime="2024-01-09T15:42:01.5132908+01:00" testType="13cdc9d9-ddb5-4fa4-a97d-d965ccfc6d4b" outcome="Passed" testListId="8c84fa94-04c1-424b-9868-57a2d4851a1d" relativeResultsDirectory="10b73f0c-3597-49ba-905e-e7ec38f643d7" />
    <UnitTestResult executionId="7745275f-cd5a-4815-831f-4b0eb43599b8" testId="f25d7491-ccd4-a205-5a6c-7c01a0e574bc" testName="RequestArchiveInformation_StorageIDMapping_GUIDs_Single" computerName="DKSR-EFI-06" duration="00:00:00.0015235" startTime="2024-01-09T15:42:18.2633345+01:00" endTime="2024-01-09T15:42:18.2633345+01:00" testType="13cdc9d9-ddb5-4fa4-a97d-d965ccfc6d4b" outcome="Passed" testListId="8c84fa94-04c1-424b-9868-57a2d4851a1d" relativeResultsDirectory="7745275f-cd5a-4815-831f-4b0eb43599b8" />
    <UnitTestResult executionId="4fd85f4d-112b-4261-af5c-7b99bb238030" testId="68a556ca-48c1-0850-8a0e-3d75153beff8" testName="DatabaseoperationCommandhandler_FilterTrackIdsToThoseWithoutMediaOnRecorder_AreAllBanksOnline_Second_time_Returns_false_Causes_DataExists" computerName="DKSR-EFI-06" duration="00:00:00.0012703" startTime="2024-01-09T15:42:31.0914644+01:00" endTime="2024-01-09T15:42:31.0914644+01:00" testType="13cdc9d9-ddb5-4fa4-a97d-d965ccfc6d4b" outcome="Passed" testListId="8c84fa94-04c1-424b-9868-57a2d4851a1d" relativeResultsDirectory="4fd85f4d-112b-4261-af5c-7b99bb238030" />
    <UnitTestResult executionId="a3c0fb44-e90f-4960-8cbd-0a80c535dda0" testId="69f3cd4f-f34a-e938-afb9-2edbcadadfd6" testName="ResponseHandler_HandleResponse_Configuration_Not_Compatible_Fails" computerName="DKSR-EFI-06" duration="00:00:00.0168951" startTime="2024-01-09T15:42:00.7008466+01:00" endTime="2024-01-09T15:42:00.7164690+01:00" testType="13cdc9d9-ddb5-4fa4-a97d-d965ccfc6d4b" outcome="Passed" testListId="8c84fa94-04c1-424b-9868-57a2d4851a1d" relativeResultsDirectory="a3c0fb44-e90f-4960-8cbd-0a80c535dda0" />
    <UnitTestResult executionId="ec9c54d6-1c98-4fe1-8e0c-d538e55d599a" testId="1195d5ba-2d52-6e07-6287-d306c966009c" testName="PtzManager_OnDeviceRemoved_Success" computerName="DKSR-EFI-06" duration="00:00:00.0026257" startTime="2024-01-09T15:42:38.0915057+01:00" endTime="2024-01-09T15:42:38.0915057+01:00" testType="13cdc9d9-ddb5-4fa4-a97d-d965ccfc6d4b" outcome="Passed" testListId="8c84fa94-04c1-424b-9868-57a2d4851a1d" relativeResultsDirectory="ec9c54d6-1c98-4fe1-8e0c-d538e55d599a" />
    <UnitTestResult executionId="3979dfec-7934-4bf7-b166-00e1adbf6829" testId="fa3fe36c-080a-b091-19a4-4b8bc14cc531" testName="RecStorage_Startup_AllowStart_NotKeepFailing_Failure_KeepOffline" computerName="DKSR-EFI-06" duration="00:00:00.0010869" startTime="2024-01-09T15:42:18.1852094+01:00" endTime="2024-01-09T15:42:18.1852094+01:00" testType="13cdc9d9-ddb5-4fa4-a97d-d965ccfc6d4b" outcome="Passed" testListId="8c84fa94-04c1-424b-9868-57a2d4851a1d" relativeResultsDirectory="3979dfec-7934-4bf7-b166-00e1adbf6829" />
    <UnitTestResult executionId="6ddb58c0-15c8-47cc-aa9e-fdde52d594f6" testId="509e665c-cf4b-2c7c-238c-43016d6b516e" testName="SOAPCommandRequestHandler_ExecuteFunction_HandlePTZRectangle_NoDeviceId" computerName="DKSR-EFI-06" duration="00:00:00.0022860" startTime="2024-01-09T15:42:16.3414575+01:00" endTime="2024-01-09T15:42:16.3570828+01:00" testType="13cdc9d9-ddb5-4fa4-a97d-d965ccfc6d4b" outcome="Passed" testListId="8c84fa94-04c1-424b-9868-57a2d4851a1d" relativeResultsDirectory="6ddb58c0-15c8-47cc-aa9e-fdde52d594f6" />
    <UnitTestResult executionId="81fe103b-09e1-42ca-96fa-b7296788e74b" testId="17e46016-0156-52e9-7a21-12f204ff71a8" testName="GetSettingAsBool_NonBooleanValue_Throws_InvalidMulticastSettingsException" computerName="DKSR-EFI-06" duration="00:00:00.0005989" startTime="2024-01-09T15:42:19.6383368+01:00" endTime="2024-01-09T15:42:19.6383368+01:00" testType="13cdc9d9-ddb5-4fa4-a97d-d965ccfc6d4b" outcome="Passed" testListId="8c84fa94-04c1-424b-9868-57a2d4851a1d" relativeResultsDirectory="81fe103b-09e1-42ca-96fa-b7296788e74b" />
    <UnitTestResult executionId="4c8dbfb2-d55d-433b-bf55-9eede7ee800e" testId="12ba242a-cb08-e6d9-42ab-57ccd344bd09" testName="QueryDeviceEvidenceLockSizesCommandHandler_Constructor_RecorderEnvironmentNull_ArgumentNullException" computerName="DKSR-EFI-06" duration="00:00:00.0184164" startTime="2024-01-09T15:42:36.3883751+01:00" endTime="2024-01-09T15:42:36.4039974+01:00" testType="13cdc9d9-ddb5-4fa4-a97d-d965ccfc6d4b" outcome="Passed" testListId="8c84fa94-04c1-424b-9868-57a2d4851a1d" relativeResultsDirectory="4c8dbfb2-d55d-433b-bf55-9eede7ee800e">
      <Output>
        <StdOut>Debug Trace:&#xD;
Fail: Argument null</StdOut>
      </Output>
    </UnitTestResult>
    <UnitTestResult executionId="97380ad1-9fb3-476a-8fd0-d27ffe1e2c11" testId="58a864d4-17e9-c73e-2e49-ff48f71f41da" testName="PtzStopSessionCommandHandler_Execute_NotSupportedException" computerName="DKSR-EFI-06" duration="00:00:00.0021922" startTime="2024-01-09T15:42:36.3414997+01:00" endTime="2024-01-09T15:42:36.3571227+01:00" testType="13cdc9d9-ddb5-4fa4-a97d-d965ccfc6d4b" outcome="Passed" testListId="8c84fa94-04c1-424b-9868-57a2d4851a1d" relativeResultsDirectory="97380ad1-9fb3-476a-8fd0-d27ffe1e2c11" />
    <UnitTestResult executionId="94b3098a-13b0-4d64-aeb1-4855280eb1c8" testId="bb90bd9a-cf89-39ae-1cb2-a7c97b306676" testName="HardwareSetupInformationCommandHandler_Execute_DuplicateMac_NotAllowed_HardwareAlreadyAddedResponse" computerName="DKSR-EFI-06" duration="00:00:00.0308970" startTime="2024-01-09T15:42:33.5758568+01:00" endTime="2024-01-09T15:42:33.6071057+01:00" testType="13cdc9d9-ddb5-4fa4-a97d-d965ccfc6d4b" outcome="Passed" testListId="8c84fa94-04c1-424b-9868-57a2d4851a1d" relativeResultsDirectory="94b3098a-13b0-4d64-aeb1-4855280eb1c8" />
    <UnitTestResult executionId="406a481c-d9f5-4d3f-9a41-6616a67eb99c" testId="9b349d1e-59f1-1793-88c8-8b103663b95b" testName="SOAPCommandRequestHandler_ExecuteFunction_HandleOutputTrigger_Success" computerName="DKSR-EFI-06" duration="00:00:00.0030802" startTime="2024-01-09T15:42:16.1539573+01:00" endTime="2024-01-09T15:42:16.1539573+01:00" testType="13cdc9d9-ddb5-4fa4-a97d-d965ccfc6d4b" outcome="Passed" testListId="8c84fa94-04c1-424b-9868-57a2d4851a1d" relativeResultsDirectory="406a481c-d9f5-4d3f-9a41-6616a67eb99c" />
    <UnitTestResult executionId="c1cf70b7-296f-4ae8-a14d-82bae29738dd" testId="d71aa290-e625-3826-d729-64a4bfe69f41" testName="LicenseManager_CheckHardwareLicensed_unlicensed_unlicensedAfterExpiryDateNoReplacementToken" computerName="DKSR-EFI-06" duration="00:00:00.0017279" startTime="2024-01-09T15:42:19.7164611+01:00" endTime="2024-01-09T15:42:19.7164611+01:00" testType="13cdc9d9-ddb5-4fa4-a97d-d965ccfc6d4b" outcome="Passed" testListId="8c84fa94-04c1-424b-9868-57a2d4851a1d" relativeResultsDirectory="c1cf70b7-296f-4ae8-a14d-82bae29738dd" />
    <UnitTestResult executionId="767c1845-f7fc-40f2-8d5b-bb0cfae78b93" testId="ece90ebb-0fb7-8dce-2054-59d3bab2ee05" testName="CheckDeleteDeviceMediaCommandHandler_LocalConfigG1_MediaDbG1G2G3G4_ExistedTracksG1_CreateLocalArchiveThrows" computerName="DKSR-EFI-06" duration="00:00:00.0023283" startTime="2024-01-09T15:42:30.8258392+01:00" endTime="2024-01-09T15:42:30.8258392+01:00" testType="13cdc9d9-ddb5-4fa4-a97d-d965ccfc6d4b" outcome="Passed" testListId="8c84fa94-04c1-424b-9868-57a2d4851a1d" relativeResultsDirectory="767c1845-f7fc-40f2-8d5b-bb0cfae78b93" />
    <UnitTestResult executionId="3ff013dc-0243-4e7d-9d65-bcbc26a2686f" testId="0c252cc1-772e-53db-c61b-e410485fc71c" testName="MediaDbUtil_MultitrackNavigation_Scenario09" computerName="DKSR-EFI-06" duration="00:00:00.0492816" startTime="2024-01-09T15:42:14.2477084+01:00" endTime="2024-01-09T15:42:14.2945805+01:00" testType="13cdc9d9-ddb5-4fa4-a97d-d965ccfc6d4b" outcome="Passed" testListId="8c84fa94-04c1-424b-9868-57a2d4851a1d" relativeResultsDirectory="3ff013dc-0243-4e7d-9d65-bcbc26a2686f">
      <Output>
        <StdOut>TestContext Messages:&#xD;
Before&#xD;
Navigation:  "     V                                  "&#xD;
Source    :  "1----1----1----1----1----1----1----1----"&#xD;
Expected  :  "1----N                                  "&#xD;
Actual    :  "1----N                                  "&#xD;
&#xD;
AtOrBefore&#xD;
Navigation:  "     V                                  "&#xD;
Source    :  "1----1----1----1----1----1----1----1----"&#xD;
Expected  :  "P    1----N                             "&#xD;
Actual    :  "P    1----N                             "&#xD;
&#xD;
AtOrAfter&#xD;
Navigation:  "     V                                  "&#xD;
Source    :  "1----1----1----1----1----1----1----1----"&#xD;
Expected  :  "P    1----N                             "&#xD;
Actual    :  "P    1----N                             "&#xD;
&#xD;
After&#xD;
Navigation:  "     V                                  "&#xD;
Source    :  "1----1----1----1----1----1----1----1----"&#xD;
Expected  :  "     P    1----N                        "&#xD;
Actual    :  "     P    1----N                        "&#xD;
&#xD;
Before&#xD;
Navigation:  "      V                                 "&#xD;
Source    :  "1----1----1----1----1----1----1----1----"&#xD;
Expected  :  "1----N                                  "&#xD;
Actual    :  "1----N                                  "&#xD;
&#xD;
AtOrBefore&#xD;
Navigation:  "      V                                 "&#xD;
Source    :  "1----1----1----1----1----1----1----1----"&#xD;
Expected  :  "P    1----N                             "&#xD;
Actual    :  "P    1----N                             "&#xD;
&#xD;
AtOrAfter&#xD;
Navigation:  "      V                                 "&#xD;
Source    :  "1----1----1----1----1----1----1----1----"&#xD;
Expected  :  "P    1----N                             "&#xD;
Actual    :  "P    1----N                             "&#xD;
&#xD;
After&#xD;
Navigation:  "      V                                 "&#xD;
Source    :  "1----1----1----1----1----1----1----1----"&#xD;
Expected  :  "     P    1----N                        "&#xD;
Actual    :  "     P    1----N                        "&#xD;
&#xD;
Before&#xD;
Navigation:  "       V                                "&#xD;
Source    :  "1----1----1----1----1----1----1----1----"&#xD;
Expected  :  "1----N                                  "&#xD;
Actual    :  "1----N                                  "&#xD;
&#xD;
AtOrBefore&#xD;
Navigation:  "       V                                "&#xD;
Source    :  "1----1----1----1----1----1----1----1----"&#xD;
Expected  :  "P    1----N                             "&#xD;
Actual    :  "P    1----N                             "&#xD;
&#xD;
AtOrAfter&#xD;
Navigation:  "       V                                "&#xD;
Source    :  "1----1----1----1----1----1----1----1----"&#xD;
Expected  :  "P    1----N                             "&#xD;
Actual    :  "P    1----N                             "&#xD;
&#xD;
After&#xD;
Navigation:  "       V                                "&#xD;
Source    :  "1----1----1----1----1----1----1----1----"&#xD;
Expected  :  "     P    1----N                        "&#xD;
Actual    :  "     P    1----N                        "&#xD;
&#xD;
Before&#xD;
Navigation:  "                V                       "&#xD;
Source    :  "1----1----1----1----1----1----1----1----"&#xD;
Expected  :  "     P    1----N                        "&#xD;
Actual    :  "     P    1----N                        "&#xD;
&#xD;
AtOrBefore&#xD;
Navigation:  "                V                       "&#xD;
Source    :  "1----1----1----1----1----1----1----1----"&#xD;
Expected  :  "          P    1----N                   "&#xD;
Actual    :  "          P    1----N                   "&#xD;
&#xD;
AtOrAfter&#xD;
Navigation:  "                V                       "&#xD;
Source    :  "1----1----1----1----1----1----1----1----"&#xD;
Expected  :  "          P    1----N                   "&#xD;
Actual    :  "          P    1----N                   "&#xD;
&#xD;
After&#xD;
Navigation:  "                V                       "&#xD;
Source    :  "1----1----1----1----1----1----1----1----"&#xD;
Expected  :  "               P    1----N              "&#xD;
Actual    :  "               P    1----N              "&#xD;
&#xD;
Before&#xD;
Navigation:  "                 V                      "&#xD;
Source    :  "1----1----1----1----1----1----1----1----"&#xD;
Expected  :  "     P    1----N                        "&#xD;
Actual    :  "     P    1----N                        "&#xD;
&#xD;
AtOrBefore&#xD;
Navigation:  "                 V                      "&#xD;
Source    :  "1----1----1----1----1----1----1----1----"&#xD;
Expected  :  "          P    1----N                   "&#xD;
Actual    :  "          P    1----N                   "&#xD;
&#xD;
AtOrAfter&#xD;
Navigation:  "                 V                      "&#xD;
Source    :  "1----1----1----1----1----1----1----1----"&#xD;
Expected  :  "          P    1----N                   "&#xD;
Actual    :  "          P    1----N                   "&#xD;
&#xD;
After&#xD;
Navigation:  "                 V                      "&#xD;
Source    :  "1----1----1----1----1----1----1----1----"&#xD;
Expected  :  "               P    1----N              "&#xD;
Actual    :  "               P    1----N              "&#xD;
&#xD;
Before&#xD;
Navigation:  "                  V                     "&#xD;
Source    :  "1----1----1----1----1----1----1----1----"&#xD;
Expected  :  "     P    1----N                        "&#xD;
Actual    :  "     P    1----N                        "&#xD;
&#xD;
AtOrBefore&#xD;
Navigation:  "                  V                     "&#xD;
Source    :  "1----1----1----1----1----1----1----1----"&#xD;
Expected  :  "          P    1----N                   "&#xD;
Actual    :  "          P    1----N                   "&#xD;
&#xD;
AtOrAfter&#xD;
Navigation:  "                  V                     "&#xD;
Source    :  "1----1----1----1----1----1----1----1----"&#xD;
Expected  :  "          P    1----N                   "&#xD;
Actual    :  "          P    1----N                   "&#xD;
&#xD;
After&#xD;
Navigation:  "                  V                     "&#xD;
Source    :  "1----1----1----1----1----1----1----1----"&#xD;
Expected  :  "               P    1----N              "&#xD;
Actual    :  "               P    1----N              "&#xD;
&#xD;
Before&#xD;
Navigation:  "                   V                    "&#xD;
Source    :  "1----1----1----1----1----1----1----1----"&#xD;
Expected  :  "     P    1----N                        "&#xD;
Actual    :  "     P    1----N                        "&#xD;
&#xD;
AtOrBefore&#xD;
Navigation:  "                   V                    "&#xD;
Source    :  "1----1----1----1----1----1----1----1----"&#xD;
Expected  :  "          P    1----N                   "&#xD;
Actual    :  "          P    1----N                   "&#xD;
&#xD;
AtOrAfter&#xD;
Navigation:  "                   V                    "&#xD;
Source    :  "1----1----1----1----1----1----1----1----"&#xD;
Expected  :  "          P    1----N                   "&#xD;
Actual    :  "          P    1----N                   "&#xD;
&#xD;
After&#xD;
Navigation:  "                   V                    "&#xD;
Source    :  "1----1----1----1----1----1----1----1----"&#xD;
Expected  :  "               P    1----N              "&#xD;
Actual    :  "               P    1----N              "&#xD;
&#xD;
Before&#xD;
Navigation:  "                    V                   "&#xD;
Source    :  "1----1----1----1----1----1----1----1----"&#xD;
Expected  :  "          P    1----N                   "&#xD;
Actual    :  "          P    1----N                   "&#xD;
&#xD;
AtOrBefore&#xD;
Navigation:  "                    V                   "&#xD;
Source    :  "1----1----1----1----1----1----1----1----"&#xD;
Expected  :  "               P    1----N              "&#xD;
Actual    :  "               P    1----N              "&#xD;
&#xD;
AtOrAfter&#xD;
Navigation:  "                    V                   "&#xD;
Source    :  "1----1----1----1----1----1----1----1----"&#xD;
Expected  :  "               P    1----N              "&#xD;
Actual    :  "               P    1----N              "&#xD;
&#xD;
After&#xD;
Navigation:  "                    V                   "&#xD;
Source    :  "1----1----1----1----1----1----1----1----"&#xD;
Expected  :  "                    P    1----N         "&#xD;
Actual    :  "                    P    1----N         "&#xD;
&#xD;
Before&#xD;
Navigation:  "                               V        "&#xD;
Source    :  "1----1----1----1----1----1----1----1----"&#xD;
Expected  :  "                    P    1----N         "&#xD;
Actual    :  "                    P    1----N         "&#xD;
&#xD;
AtOrBefore&#xD;
Navigation:  "                               V        "&#xD;
Source    :  "1----1----1----1----1----1----1----1----"&#xD;
Expected  :  "                         P    1----N    "&#xD;
Actual    :  "                         P    1----N    "&#xD;
&#xD;
AtOrAfter&#xD;
Navigation:  "                               V        "&#xD;
Source    :  "1----1----1----1----1----1----1----1----"&#xD;
Expected  :  "                         P    1----N    "&#xD;
Actual    :  "                         P    1----N    "&#xD;
&#xD;
After&#xD;
Navigation:  "                               V        "&#xD;
Source    :  "1----1----1----1----1----1----1----1----"&#xD;
Expected  :  "                              P    1----"&#xD;
Actual    :  "                              P    1----"&#xD;
&#xD;
Before&#xD;
Navigation:  "                                      V "&#xD;
Source    :  "1----1----1----1----1----1----1----1----"&#xD;
Expected  :  "                         P    1----N    "&#xD;
Actual    :  "                         P    1----N    "&#xD;
&#xD;
AtOrBefore&#xD;
Navigation:  "                                      V "&#xD;
Source    :  "1----1----1----1----1----1----1----1----"&#xD;
Expected  :  "                              P    1----"&#xD;
Actual    :  "                              P    1----"&#xD;
&#xD;
AtOrAfter&#xD;
Navigation:  "                                      V "&#xD;
Source    :  "1----1----1----1----1----1----1----1----"&#xD;
Expected  :  "                              P    1----"&#xD;
Actual    :  "                              P    1----"&#xD;
&#xD;
After&#xD;
Navigation:  "                                      V "&#xD;
Source    :  "1----1----1----1----1----1----1----1----"&#xD;
Unable to move&#xD;
&#xD;
Before&#xD;
Navigation:  "     V                                  "&#xD;
Source    :  "1----1----1----1--2-----2-----2-----2---"&#xD;
Expected  :  "1----N                                  "&#xD;
Actual    :  "1----N                                  "&#xD;
&#xD;
AtOrBefore&#xD;
Navigation:  "     V                                  "&#xD;
Source    :  "1----1----1----1--2-----2-----2-----2---"&#xD;
Expected  :  "P    1----N                             "&#xD;
Actual    :  "P    1----N                             "&#xD;
&#xD;
AtOrAfter&#xD;
Navigation:  "     V                                  "&#xD;
Source    :  "1----1----1----1--2-----2-----2-----2---"&#xD;
Expected  :  "P    1----N                             "&#xD;
Actual    :  "P    1----N                             "&#xD;
&#xD;
After&#xD;
Navigation:  "     V                                  "&#xD;
Source    :  "1----1----1----1--2-----2-----2-----2---"&#xD;
Expected  :  "     P    1----N                        "&#xD;
Actual    :  "     P    1----N                        "&#xD;
&#xD;
Before&#xD;
Navigation:  "      V                                 "&#xD;
Source    :  "1----1----1----1--2-----2-----2-----2---"&#xD;
Expected  :  "1----N                                  "&#xD;
Actual    :  "1----N                                  "&#xD;
&#xD;
AtOrBefore&#xD;
Navigation:  "      V                                 "&#xD;
Source    :  "1----1----1----1--2-----2-----2-----2---"&#xD;
Expected  :  "P    1----N                             "&#xD;
Actual    :  "P    1----N                             "&#xD;
&#xD;
AtOrAfter&#xD;
Navigation:  "      V                                 "&#xD;
Source    :  "1----1----1----1--2-----2-----2-----2---"&#xD;
Expected  :  "P    1----N                             "&#xD;
Actual    :  "P    1----N                             "&#xD;
&#xD;
After&#xD;
Navigation:  "      V                                 "&#xD;
Source    :  "1----1----1----1--2-----2-----2-----2---"&#xD;
Expected  :  "     P    1----N                        "&#xD;
Actual    :  "     P    1----N                        "&#xD;
&#xD;
Before&#xD;
Navigation:  "       V                                "&#xD;
Source    :  "1----1----1----1--2-----2-----2-----2---"&#xD;
Expected  :  "1----N                                  "&#xD;
Actual    :  "1----N                                  "&#xD;
&#xD;
AtOrBefore&#xD;
Navigation:  "       V                                "&#xD;
Source    :  "1----1----1----1--2-----2-----2-----2---"&#xD;
Expected  :  "P    1----N                             "&#xD;
Actual    :  "P    1----N                             "&#xD;
&#xD;
AtOrAfter&#xD;
Navigation:  "       V                                "&#xD;
Source    :  "1----1----1----1--2-----2-----2-----2---"&#xD;
Expected  :  "P    1----N                             "&#xD;
Actual    :  "P    1----N                             "&#xD;
&#xD;
After&#xD;
Navigation:  "       V                                "&#xD;
Source    :  "1----1----1----1--2-----2-----2-----2---"&#xD;
Expected  :  "     P    1----N                        "&#xD;
Actual    :  "     P    1----N                        "&#xD;
&#xD;
Before&#xD;
Navigation:  "                V                       "&#xD;
Source    :  "1----1----1----1--2-----2-----2-----2---"&#xD;
Expected  :  "     P    1----N                        "&#xD;
Actual    :  "     P    1----N                        "&#xD;
&#xD;
AtOrBefore&#xD;
Navigation:  "                V                       "&#xD;
Source    :  "1----1----1----1--2-----2-----2-----2---"&#xD;
Expected  :  "          P    1--N                     "&#xD;
Actual    :  "          P    1--N                     "&#xD;
&#xD;
AtOrAfter&#xD;
Navigation:  "                V                       "&#xD;
Source    :  "1----1----1----1--2-----2-----2-----2---"&#xD;
Expected  :  "          P    1--N                     "&#xD;
Actual    :  "          P    1--N                     "&#xD;
&#xD;
After&#xD;
Navigation:  "                V                       "&#xD;
Source    :  "1----1----1----1--2-----2-----2-----2---"&#xD;
Expected  :  "               P  2-----N               "&#xD;
Actual    :  "               P  2-----N               "&#xD;
&#xD;
Before&#xD;
Navigation:  "                 V                      "&#xD;
Source    :  "1----1----1----1--2-----2-----2-----2---"&#xD;
Expected  :  "     P    1----N                        "&#xD;
Actual    :  "     P    1----N                        "&#xD;
&#xD;
AtOrBefore&#xD;
Navigation:  "                 V                      "&#xD;
Source    :  "1----1----1----1--2-----2-----2-----2---"&#xD;
Expected  :  "          P    1--N                     "&#xD;
Actual    :  "          P    1--N                     "&#xD;
&#xD;
AtOrAfter&#xD;
Navigation:  "                 V                      "&#xD;
Source    :  "1----1----1----1--2-----2-----2-----2---"&#xD;
Expected  :  "          P    1--N                     "&#xD;
Actual    :  "          P    1--N                     "&#xD;
&#xD;
After&#xD;
Navigation:  "                 V                      "&#xD;
Source    :  "1----1----1----1--2-----2-----2-----2---"&#xD;
Expected  :  "               P  2-----N               "&#xD;
Actual    :  "               P  2-----N               "&#xD;
&#xD;
Before&#xD;
Navigation:  "                  V                     "&#xD;
Source    :  "1----1----1----1--2-----2-----2-----2---"&#xD;
Expected  :  "          P    1--N                     "&#xD;
Actual    :  "          P    1--N                     "&#xD;
&#xD;
AtOrBefore&#xD;
Navigation:  "                  V                     "&#xD;
Source    :  "1----1----1----1--2-----2-----2-----2---"&#xD;
Expected  :  "               P  2-----N               "&#xD;
Actual    :  "               P  2-----N               "&#xD;
&#xD;
AtOrAfter&#xD;
Navigation:  "                  V                     "&#xD;
Source    :  "1----1----1----1--2-----2-----2-----2---"&#xD;
Expected  :  "               P  2-----N               "&#xD;
Actual    :  "               P  2-----N               "&#xD;
&#xD;
After&#xD;
Navigation:  "                  V                     "&#xD;
Source    :  "1----1----1----1--2-----2-----2-----2---"&#xD;
Expected  :  "                  P     2-----N         "&#xD;
Actual    :  "                  P     2-----N         "&#xD;
&#xD;
Before&#xD;
Navigation:  "                   V                    "&#xD;
Source    :  "1----1----1----1--2-----2-----2-----2---"&#xD;
Expected  :  "          P    1--N                     "&#xD;
Actual    :  "          P    1--N                     "&#xD;
&#xD;
AtOrBefore&#xD;
Navigation:  "                   V                    "&#xD;
Source    :  "1----1----1----1--2-----2-----2-----2---"&#xD;
Expected  :  "               P  2-----N               "&#xD;
Actual    :  "               P  2-----N               "&#xD;
&#xD;
AtOrAfter&#xD;
Navigation:  "                   V                    "&#xD;
Source    :  "1----1----1----1--2-----2-----2-----2---"&#xD;
Expected  :  "               P  2-----N               "&#xD;
Actual    :  "               P  2-----N               "&#xD;
&#xD;
After&#xD;
Navigation:  "                   V                    "&#xD;
Source    :  "1----1----1----1--2-----2-----2-----2---"&#xD;
Expected  :  "                  P     2-----N         "&#xD;
Actual    :  "                  P     2-----N         "&#xD;
&#xD;
Before&#xD;
Navigation:  "                    V                   "&#xD;
Source    :  "1----1----1----1--2-----2-----2-----2---"&#xD;
Expected  :  "          P    1--N                     "&#xD;
Actual    :  "          P    1--N                     "&#xD;
&#xD;
AtOrBefore&#xD;
Navigation:  "                    V                   "&#xD;
Source    :  "1----1----1----1--2-----2-----2-----2---"&#xD;
Expected  :  "               P  2-----N               "&#xD;
Actual    :  "               P  2-----N               "&#xD;
&#xD;
AtOrAfter&#xD;
Navigation:  "                    V                   "&#xD;
Source    :  "1----1----1----1--2-----2-----2-----2---"&#xD;
Expected  :  "               P  2-----N               "&#xD;
Actual    :  "               P  2-----N               "&#xD;
&#xD;
After&#xD;
Navigation:  "                    V                   "&#xD;
Source    :  "1----1----1----1--2-----2-----2-----2---"&#xD;
Expected  :  "                  P     2-----N         "&#xD;
Actual    :  "                  P     2-----N         "&#xD;
&#xD;
Before&#xD;
Navigation:  "                               V        "&#xD;
Source    :  "1----1----1----1--2-----2-----2-----2---"&#xD;
Expected  :  "                  P     2-----N         "&#xD;
Actual    :  "                  P     2-----N         "&#xD;
&#xD;
AtOrBefore&#xD;
Navigation:  "                               V        "&#xD;
Source    :  "1----1----1----1--2-----2-----2-----2---"&#xD;
Expected  :  "                        P     2-----N   "&#xD;
Actual    :  "                        P     2-----N   "&#xD;
&#xD;
AtOrAfter&#xD;
Navigation:  "                               V        "&#xD;
Source    :  "1----1----1----1--2-----2-----2-----2---"&#xD;
Expected  :  "                        P     2-----N   "&#xD;
Actual    :  "                        P     2-----N   "&#xD;
&#xD;
After&#xD;
Navigation:  "                               V        "&#xD;
Source    :  "1----1----1----1--2-----2-----2-----2---"&#xD;
Expected  :  "                              P     2---"&#xD;
Actual    :  "                              P     2---"&#xD;
&#xD;
Before&#xD;
Navigation:  "                                      V "&#xD;
Source    :  "1----1----1----1--2-----2-----2-----2---"&#xD;
Expected  :  "                        P     2-----N   "&#xD;
Actual    :  "                        P     2-----N   "&#xD;
&#xD;
AtOrBefore&#xD;
Navigation:  "                                      V "&#xD;
Source    :  "1----1----1----1--2-----2-----2-----2---"&#xD;
Expected  :  "                              P     2---"&#xD;
Actual    :  "                              P     2---"&#xD;
&#xD;
AtOrAfter&#xD;
Navigation:  "                                      V "&#xD;
Source    :  "1----1----1----1--2-----2-----2-----2---"&#xD;
Expected  :  "                              P     2---"&#xD;
Actual    :  "                              P     2---"&#xD;
&#xD;
After&#xD;
Navigation:  "                                      V "&#xD;
Source    :  "1----1----1----1--2-----2-----2-----2---"&#xD;
Unable to move</StdOut>
      </Output>
    </UnitTestResult>
    <UnitTestResult executionId="dac3bcf0-8f5e-455a-bae1-d62388bfa18a" testId="c2e7304e-f9b2-ac44-a7c6-7e9021b5fa4c" testName="SynchronizeDevicePresetsCommandHandler_Execute_Success" computerName="DKSR-EFI-06" duration="00:00:00.0133261" startTime="2024-01-09T15:42:37.0446248+01:00" endTime="2024-01-09T15:42:37.0602504+01:00" testType="13cdc9d9-ddb5-4fa4-a97d-d965ccfc6d4b" outcome="Passed" testListId="8c84fa94-04c1-424b-9868-57a2d4851a1d" relativeResultsDirectory="dac3bcf0-8f5e-455a-bae1-d62388bfa18a" />
    <UnitTestResult executionId="9475f90b-90f6-47cc-ae22-e2d2bcc1ed98" testId="ad85d1fc-d46a-97dc-33eb-7573f1d1232b" testName="SOAPCommandRequestHandler_ExecuteFunction_HandleJPEGGetAt_NoDeviceId" computerName="DKSR-EFI-06" duration="00:00:00.0018594" startTime="2024-01-09T15:42:16.0133353+01:00" endTime="2024-01-09T15:42:16.0133353+01:00" testType="13cdc9d9-ddb5-4fa4-a97d-d965ccfc6d4b" outcome="Passed" testListId="8c84fa94-04c1-424b-9868-57a2d4851a1d" relativeResultsDirectory="9475f90b-90f6-47cc-ae22-e2d2bcc1ed98" />
    <UnitTestResult executionId="a174be4d-d7f6-4ef8-bbc4-ede3e3cb1463" testId="cc66c58e-978b-8f4a-43d7-df39eecf1692" testName="SOAPCommandRequestHandler_ExecuteFunction_HandlePresetMoveTo_Success" computerName="DKSR-EFI-06" duration="00:00:00.0042242" startTime="2024-01-09T15:42:16.4352076+01:00" endTime="2024-01-09T15:42:16.4508330+01:00" testType="13cdc9d9-ddb5-4fa4-a97d-d965ccfc6d4b" outcome="Passed" testListId="8c84fa94-04c1-424b-9868-57a2d4851a1d" relativeResultsDirectory="a174be4d-d7f6-4ef8-bbc4-ede3e3cb1463" />
    <UnitTestResult executionId="2f595340-910b-43a6-8a7c-22c13b8f125a" testId="1c38f8ae-6947-ab02-542f-48a93c189571" testName="SOAPCommandRequestHandler_ExecuteFunction_HandleSequencesGetAround_No_Speaker_Security" computerName="DKSR-EFI-06" duration="00:00:00.0018621" startTime="2024-01-09T15:42:15.3883330+01:00" endTime="2024-01-09T15:42:15.3883330+01:00" testType="13cdc9d9-ddb5-4fa4-a97d-d965ccfc6d4b" outcome="Passed" testListId="8c84fa94-04c1-424b-9868-57a2d4851a1d" relativeResultsDirectory="2f595340-910b-43a6-8a7c-22c13b8f125a" />
    <UnitTestResult executionId="21181995-377e-477e-9fd4-ef1d442a13bf" testId="140eefae-bb91-4e67-5b7a-70bac908e4d6" testName="PtzStopSessionCommandHandler_Execute_PtzException_PatrollingSessionAttemptedReleased" computerName="DKSR-EFI-06" duration="00:00:00.0005605" startTime="2024-01-09T15:42:36.3727499+01:00" endTime="2024-01-09T15:42:36.3727499+01:00" testType="13cdc9d9-ddb5-4fa4-a97d-d965ccfc6d4b" outcome="Passed" testListId="8c84fa94-04c1-424b-9868-57a2d4851a1d" relativeResultsDirectory="21181995-377e-477e-9fd4-ef1d442a13bf" />
    <UnitTestResult executionId="e48b5824-fd41-46b1-9bfd-edfdd1c8df58" testId="16d1a953-024b-f167-eeaa-f4ebe0619069" testName="GetHardwareUsersCommandHandler_Execute_GetUserList_ThrowsUserManagementUnsupported_Errors" computerName="DKSR-EFI-06" duration="00:00:00.0008364" startTime="2024-01-09T15:42:33.1071044+01:00" endTime="2024-01-09T15:42:33.1071044+01:00" testType="13cdc9d9-ddb5-4fa4-a97d-d965ccfc6d4b" outcome="Passed" testListId="8c84fa94-04c1-424b-9868-57a2d4851a1d" relativeResultsDirectory="e48b5824-fd41-46b1-9bfd-edfdd1c8df58" />
    <UnitTestResult executionId="19b358ae-01d4-4642-bf10-0297b44feeff" testId="3d5da664-ac77-4b79-c3a1-878b742a2e28" testName="DatabaseoperationCommandhandler_VerifyStorageAndArchiveOnline_Archive_Offline" computerName="DKSR-EFI-06" duration="00:00:00.0007068" startTime="2024-01-09T15:42:31.1852158+01:00" endTime="2024-01-09T15:42:31.1852158+01:00" testType="13cdc9d9-ddb5-4fa4-a97d-d965ccfc6d4b" outcome="Passed" testListId="8c84fa94-04c1-424b-9868-57a2d4851a1d" relativeResultsDirectory="19b358ae-01d4-4642-bf10-0297b44feeff" />
    <UnitTestResult executionId="3bab6c4c-1a07-4ae2-bee5-f565f2ffb4ba" testId="6051dcd5-d20d-d79e-91ad-06dd23111221" testName="GetHardwareUsersCommandHandler_Execute_HardwareNotStarted_Errors" computerName="DKSR-EFI-06" duration="00:00:00.0008772" startTime="2024-01-09T15:42:33.1071044+01:00" endTime="2024-01-09T15:42:33.1071044+01:00" testType="13cdc9d9-ddb5-4fa4-a97d-d965ccfc6d4b" outcome="Passed" testListId="8c84fa94-04c1-424b-9868-57a2d4851a1d" relativeResultsDirectory="3bab6c4c-1a07-4ae2-bee5-f565f2ffb4ba" />
    <UnitTestResult executionId="608ca4b4-531e-4811-9f2a-be63330d0ffb" testId="6988510d-a911-d638-19bd-184f4d9fb6ed" testName="TimeRangeConversionMinRangeVsTimeResolution" computerName="DKSR-EFI-06" duration="00:00:00.0008768" startTime="2024-01-09T15:42:29.9352142+01:00" endTime="2024-01-09T15:42:29.9352142+01:00" testType="13cdc9d9-ddb5-4fa4-a97d-d965ccfc6d4b" outcome="Passed" testListId="8c84fa94-04c1-424b-9868-57a2d4851a1d" relativeResultsDirectory="608ca4b4-531e-4811-9f2a-be63330d0ffb">
      <Output>
        <StdOut>Debug Trace:&#xD;
Fail: minimum time range &lt; 3x time resolution</StdOut>
      </Output>
    </UnitTestResult>
    <UnitTestResult executionId="6d7ec997-ea5c-4240-af7b-5df59edda22b" testId="c2bc2338-ba6c-6ec3-0f79-f9d4777b7cff" testName="Check_Supported_Versions" computerName="DKSR-EFI-06" duration="00:00:00.0001508" startTime="2024-01-09T15:42:15.2789576+01:00" endTime="2024-01-09T15:42:15.2789576+01:00" testType="13cdc9d9-ddb5-4fa4-a97d-d965ccfc6d4b" outcome="Passed" testListId="8c84fa94-04c1-424b-9868-57a2d4851a1d" relativeResultsDirectory="6d7ec997-ea5c-4240-af7b-5df59edda22b" />
    <UnitTestResult executionId="a0bab0af-1f43-467a-9aed-0528d293546e" testId="3a682f18-26a1-d56a-236e-9d390c192554" testName="Start_WebErrorOnFirstTryButStoppingBeforeRetryTimer_ShouldNotTryReconnect" computerName="DKSR-EFI-06" duration="00:00:00.0048735" startTime="2024-01-09T15:42:02.2007897+01:00" endTime="2024-01-09T15:42:02.2164155+01:00" testType="13cdc9d9-ddb5-4fa4-a97d-d965ccfc6d4b" outcome="Passed" testListId="8c84fa94-04c1-424b-9868-57a2d4851a1d" relativeResultsDirectory="a0bab0af-1f43-467a-9aed-0528d293546e" />
    <UnitTestResult executionId="6b7ec12c-387e-4eba-9bca-c52047ffaf48" testId="bdefc2e1-11fd-8c75-0f03-9861d638578f" testName="SearchingForwardEmpty" computerName="DKSR-EFI-06" duration="00:00:00.0003624" startTime="2024-01-09T15:42:19.2320859+01:00" endTime="2024-01-09T15:42:19.2320859+01:00" testType="13cdc9d9-ddb5-4fa4-a97d-d965ccfc6d4b" outcome="Passed" testListId="8c84fa94-04c1-424b-9868-57a2d4851a1d" relativeResultsDirectory="6b7ec12c-387e-4eba-9bca-c52047ffaf48" />
    <UnitTestResult executionId="9f9bce2b-639c-44d7-88d6-552af42fb3ea" testId="98691723-0a20-4b2c-26d3-0c7626ffb7d8" testName="SOAPCommandRequestHandler_ExecuteFunction_HandleJPEGGetLive_NotAllowed" computerName="DKSR-EFI-06" duration="00:00:00.0009392" startTime="2024-01-09T15:42:16.0760618+01:00" endTime="2024-01-09T15:42:16.0760618+01:00" testType="13cdc9d9-ddb5-4fa4-a97d-d965ccfc6d4b" outcome="Passed" testListId="8c84fa94-04c1-424b-9868-57a2d4851a1d" relativeResultsDirectory="9f9bce2b-639c-44d7-88d6-552af42fb3ea" />
    <UnitTestResult executionId="90edf16b-b4d8-46d1-a996-24d0c6bbf189" testId="9a16ed3b-15b3-1007-93f3-42a0751d2bc3" testName="CheckExternalRecorderRegistrationCommandHandler_Execute_ExternalRecorder_Registered_TrueResponse" computerName="DKSR-EFI-06" duration="00:00:00.0043616" startTime="2024-01-09T15:42:30.8727158+01:00" endTime="2024-01-09T15:42:30.8727158+01:00" testType="13cdc9d9-ddb5-4fa4-a97d-d965ccfc6d4b" outcome="Passed" testListId="8c84fa94-04c1-424b-9868-57a2d4851a1d" relativeResultsDirectory="90edf16b-b4d8-46d1-a996-24d0c6bbf189" />
    <UnitTestResult executionId="77b9e9ea-ca4e-45bc-b631-2f2901637fcd" testId="43b03a7c-1563-d2e5-a3aa-3d3446fc2f53" testName="AddHardwareUserCommandHandler_Execute_AddUser_ThrowsUnrecognisedExceptionsAsUnknownError_Errors" computerName="DKSR-EFI-06" duration="00:00:00.0030926" startTime="2024-01-09T15:42:30.6695884+01:00" endTime="2024-01-09T15:42:30.6695884+01:00" testType="13cdc9d9-ddb5-4fa4-a97d-d965ccfc6d4b" outcome="Passed" testListId="8c84fa94-04c1-424b-9868-57a2d4851a1d" relativeResultsDirectory="77b9e9ea-ca4e-45bc-b631-2f2901637fcd" />
    <UnitTestResult executionId="071ae7ed-2905-4f6b-98a3-4b9d621d773f" testId="608047e5-df85-8405-ad65-35084ce865e2" testName="SmartSearchHandlerBackwardTestDataWithoutMotion" computerName="DKSR-EFI-06" duration="00:00:00.0018539" startTime="2024-01-09T15:42:17.6539592+01:00" endTime="2024-01-09T15:42:17.6539592+01:00" testType="13cdc9d9-ddb5-4fa4-a97d-d965ccfc6d4b" outcome="Passed" testListId="8c84fa94-04c1-424b-9868-57a2d4851a1d" relativeResultsDirectory="071ae7ed-2905-4f6b-98a3-4b9d621d773f" />
    <UnitTestResult executionId="4dbe4b71-e159-4f7a-abb4-36a81b84ed7c" testId="4b466b45-b55d-057d-5ed1-51385987fb8e" testName="SOAPCommandRequestHandler_ExecuteFunction_HandlePTZReserveSession_NoDeviceId" computerName="DKSR-EFI-06" duration="00:00:00.0015068" startTime="2024-01-09T15:42:16.4508330+01:00" endTime="2024-01-09T15:42:16.4508330+01:00" testType="13cdc9d9-ddb5-4fa4-a97d-d965ccfc6d4b" outcome="Passed" testListId="8c84fa94-04c1-424b-9868-57a2d4851a1d" relativeResultsDirectory="4dbe4b71-e159-4f7a-abb4-36a81b84ed7c" />
    <UnitTestResult executionId="18df5b2c-77a2-412b-88c6-cc26c97b48d3" testId="5eeb65dd-4202-caed-7710-cc5b91710303" testName="SOAPCommandRequestHandler_GetClientCapabilities_No_PrivacyMask_Child_Of_ClientCapabilities_Section" computerName="DKSR-EFI-06" duration="00:00:00.0005432" startTime="2024-01-09T15:42:15.7008366+01:00" endTime="2024-01-09T15:42:15.7008366+01:00" testType="13cdc9d9-ddb5-4fa4-a97d-d965ccfc6d4b" outcome="Passed" testListId="8c84fa94-04c1-424b-9868-57a2d4851a1d" relativeResultsDirectory="18df5b2c-77a2-412b-88c6-cc26c97b48d3" />
    <UnitTestResult executionId="c32ce9b5-acf2-480f-af97-43d2cf5da5e0" testId="12e18fcd-ae5e-f636-7ffa-e065547949cf" testName="PtzPatrollingSessionBase_ExternalResume_Success" computerName="DKSR-EFI-06" duration="00:00:00.0007500" startTime="2024-01-09T15:42:38.5446325+01:00" endTime="2024-01-09T15:42:38.5446325+01:00" testType="13cdc9d9-ddb5-4fa4-a97d-d965ccfc6d4b" outcome="Passed" testListId="8c84fa94-04c1-424b-9868-57a2d4851a1d" relativeResultsDirectory="c32ce9b5-acf2-480f-af97-43d2cf5da5e0">
      <Output>
        <StdOut>Debug Trace:&#xD;
VideoOS.Recorder.PtzPatrollingSession session started</StdOut>
      </Output>
    </UnitTestResult>
    <UnitTestResult executionId="fab45eda-8211-4948-9c87-2ecbe8535311" testId="946220f3-0b91-ce52-0cf4-1abc839b9c49" testName="MediaDbConfigurationWriter_WriteRecordingStorageAndArchivesConfiguration" computerName="DKSR-EFI-06" duration="00:00:00.0146951" startTime="2024-01-09T15:42:30.3414661+01:00" endTime="2024-01-09T15:42:30.3570903+01:00" testType="13cdc9d9-ddb5-4fa4-a97d-d965ccfc6d4b" outcome="Passed" testListId="8c84fa94-04c1-424b-9868-57a2d4851a1d" relativeResultsDirectory="fab45eda-8211-4948-9c87-2ecbe8535311" />
    <UnitTestResult executionId="b85bc378-3331-4117-a3c3-6fe3dfd061c0" testId="bef0bbff-f002-152e-ce19-e6f05bc7e7a2" testName="ChangeHardwarePasswordCommandHandler_Execute_ChangePassword_ThrowsGenericPasswordChangeException_Errors" computerName="DKSR-EFI-06" duration="00:00:00.0008340" startTime="2024-01-09T15:42:30.7789659+01:00" endTime="2024-01-09T15:42:30.7789659+01:00" testType="13cdc9d9-ddb5-4fa4-a97d-d965ccfc6d4b" outcome="Passed" testListId="8c84fa94-04c1-424b-9868-57a2d4851a1d" relativeResultsDirectory="b85bc378-3331-4117-a3c3-6fe3dfd061c0" />
    <UnitTestResult executionId="0d28ace9-887f-48a0-bbd6-f5d7e73a2963" testId="52ce1766-1812-c263-8325-86677dbc5093" testName="GetSettingAsBool_Success" computerName="DKSR-EFI-06" duration="00:00:00.0002825" startTime="2024-01-09T15:42:19.6383368+01:00" endTime="2024-01-09T15:42:19.6383368+01:00" testType="13cdc9d9-ddb5-4fa4-a97d-d965ccfc6d4b" outcome="Passed" testListId="8c84fa94-04c1-424b-9868-57a2d4851a1d" relativeResultsDirectory="0d28ace9-887f-48a0-bbd6-f5d7e73a2963" />
    <UnitTestResult executionId="82cfb200-a9e5-4514-a83c-e32dff2227f3" testId="d4f4e92a-dc76-e58b-8cc9-8f2b907c3c26" testName="CheckForLiveAndOrphanTables_ExtraTableOnDisk" computerName="DKSR-EFI-06" duration="00:00:00.0016081" startTime="2024-01-09T15:42:18.3102109+01:00" endTime="2024-01-09T15:42:18.3102109+01:00" testType="13cdc9d9-ddb5-4fa4-a97d-d965ccfc6d4b" outcome="Passed" testListId="8c84fa94-04c1-424b-9868-57a2d4851a1d" relativeResultsDirectory="82cfb200-a9e5-4514-a83c-e32dff2227f3" />
    <UnitTestResult executionId="979cfeb3-70a4-49ea-9293-e0bffe1caa65" testId="ba9cbe70-78a2-d0cf-a0ca-839ed4c4f6b6" testName="ManualPtzPatrollingSessionBase_InternalStopAndMoveToEndPosition_Success" computerName="DKSR-EFI-06" duration="00:00:00.0013859" startTime="2024-01-09T15:42:38.5290102+01:00" endTime="2024-01-09T15:42:38.5290102+01:00" testType="13cdc9d9-ddb5-4fa4-a97d-d965ccfc6d4b" outcome="Passed" testListId="8c84fa94-04c1-424b-9868-57a2d4851a1d" relativeResultsDirectory="979cfeb3-70a4-49ea-9293-e0bffe1caa65">
      <Output>
        <StdOut>Debug Trace:&#xD;
VideoOS.Recorder.PtzManualPatrollingSession session started</StdOut>
      </Output>
    </UnitTestResult>
    <UnitTestResult executionId="fc567489-403b-4804-8cd3-f727908465b2" testId="5f17e460-af62-4be6-17fe-2e3a1ea478c3" testName="PtzStopSession_ModelIsValid_CommandExecuted" computerName="DKSR-EFI-06" duration="00:00:00.0015712" startTime="2024-01-09T15:42:02.6851669+01:00" endTime="2024-01-09T15:42:02.6851669+01:00" testType="13cdc9d9-ddb5-4fa4-a97d-d965ccfc6d4b" outcome="Passed" testListId="8c84fa94-04c1-424b-9868-57a2d4851a1d" relativeResultsDirectory="fc567489-403b-4804-8cd3-f727908465b2" />
    <UnitTestResult executionId="d5715a43-58c1-445e-b261-73b46f6526ae" testId="0e3f8aa2-b5f9-2f67-934c-8261cc017f11" testName="RemoveStorages_Ok" computerName="DKSR-EFI-06" duration="00:00:00.0050831" startTime="2024-01-09T15:42:18.2477114+01:00" endTime="2024-01-09T15:42:18.2477114+01:00" testType="13cdc9d9-ddb5-4fa4-a97d-d965ccfc6d4b" outcome="Passed" testListId="8c84fa94-04c1-424b-9868-57a2d4851a1d" relativeResultsDirectory="d5715a43-58c1-445e-b261-73b46f6526ae" />
    <UnitTestResult executionId="080e0654-2e14-4439-840e-f21f85a8dfd2" testId="3c69bfc4-4b32-405f-5164-8ab616062af8" testName="ConfigurationController_UpdateSystemConfiguration_IsNull_BadRequestResult" computerName="DKSR-EFI-06" duration="00:00:00.0007567" startTime="2024-01-09T15:42:02.4820422+01:00" endTime="2024-01-09T15:42:02.4820422+01:00" testType="13cdc9d9-ddb5-4fa4-a97d-d965ccfc6d4b" outcome="Passed" testListId="8c84fa94-04c1-424b-9868-57a2d4851a1d" relativeResultsDirectory="080e0654-2e14-4439-840e-f21f85a8dfd2" />
    <UnitTestResult executionId="838f1c85-0f0c-4774-86a5-e7e42a04d9c9" testId="2a7c81c8-cf8d-2fb1-924b-7b552bbf7d2d" testName="TimeRangeConversionNoRanges" computerName="DKSR-EFI-06" duration="00:00:00.0045149" startTime="2024-01-09T15:42:29.8570902+01:00" endTime="2024-01-09T15:42:29.8570902+01:00" testType="13cdc9d9-ddb5-4fa4-a97d-d965ccfc6d4b" outcome="Passed" testListId="8c84fa94-04c1-424b-9868-57a2d4851a1d" relativeResultsDirectory="838f1c85-0f0c-4774-86a5-e7e42a04d9c9" />
    <UnitTestResult executionId="615129c9-97de-4a62-8f72-219ed6e595b4" testId="ff8394a5-3fa7-aa82-b857-5a2b03a436fa" testName="GetSettingAsInt32_Success" computerName="DKSR-EFI-06" duration="00:00:00.0003341" startTime="2024-01-09T15:42:19.6696042+01:00" endTime="2024-01-09T15:42:19.6696042+01:00" testType="13cdc9d9-ddb5-4fa4-a97d-d965ccfc6d4b" outcome="Passed" testListId="8c84fa94-04c1-424b-9868-57a2d4851a1d" relativeResultsDirectory="615129c9-97de-4a62-8f72-219ed6e595b4" />
    <UnitTestResult executionId="f9e40100-a4e9-4ecc-97ed-1c436e05be94" testId="dbd32b7f-641a-46d1-2792-648d5f9fff53" testName="AddHardwareUserCommandHandler_Execute_Success" computerName="DKSR-EFI-06" duration="00:00:00.0116507" startTime="2024-01-09T15:42:30.5914657+01:00" endTime="2024-01-09T15:42:30.6070900+01:00" testType="13cdc9d9-ddb5-4fa4-a97d-d965ccfc6d4b" outcome="Passed" testListId="8c84fa94-04c1-424b-9868-57a2d4851a1d" relativeResultsDirectory="f9e40100-a4e9-4ecc-97ed-1c436e05be94" />
    <UnitTestResult executionId="1311f16d-acdb-4285-b606-129fb17e6bb3" testId="160fbaa3-0021-df4a-0cff-75f52c7e6902" testName="SOAPCommandRequestHandler_ExecuteFunction_HandlePTZRectangle_Top_Not_Double" computerName="DKSR-EFI-06" duration="00:00:00.0009701" startTime="2024-01-09T15:42:16.3727101+01:00" endTime="2024-01-09T15:42:16.3727101+01:00" testType="13cdc9d9-ddb5-4fa4-a97d-d965ccfc6d4b" outcome="Passed" testListId="8c84fa94-04c1-424b-9868-57a2d4851a1d" relativeResultsDirectory="1311f16d-acdb-4285-b606-129fb17e6bb3" />
    <UnitTestResult executionId="debcf494-24d9-44ed-8b71-518ea401f7e8" testId="af9c515c-990a-46b7-7894-bf5804e02abd" testName="EnsureDeployment" computerName="DKSR-EFI-06" duration="00:00:00.0576636" startTime="2024-01-09T15:41:56.5914544+01:00" endTime="2024-01-09T15:41:57.2320813+01:00" testType="13cdc9d9-ddb5-4fa4-a97d-d965ccfc6d4b" outcome="Passed" testListId="8c84fa94-04c1-424b-9868-57a2d4851a1d" relativeResultsDirectory="debcf494-24d9-44ed-8b71-518ea401f7e8" />
    <UnitTestResult executionId="2cf9d4d8-3710-4118-9cbb-e934b9efb3ad" testId="49d9275a-1dac-ab87-a958-e857a6764bfa" testName="ChangeHardwarePasswordCommandHandler_Execute_ChangePassword_ThrowsPasswordChangeUnsupported_Errors" computerName="DKSR-EFI-06" duration="00:00:00.0007889" startTime="2024-01-09T15:42:30.7320932+01:00" endTime="2024-01-09T15:42:30.7320932+01:00" testType="13cdc9d9-ddb5-4fa4-a97d-d965ccfc6d4b" outcome="Passed" testListId="8c84fa94-04c1-424b-9868-57a2d4851a1d" relativeResultsDirectory="2cf9d4d8-3710-4118-9cbb-e934b9efb3ad" />
    <UnitTestResult executionId="ac80389e-8341-4b2a-9967-c33a58ebe1f8" testId="e5907a3c-ce81-2eb8-ce3e-a51d809d87ad" testName="FileUploadCommandHandler_Execute_CommandWithErrorMessageReturnsErrorResponse" computerName="DKSR-EFI-06" duration="00:00:00.0009100" startTime="2024-01-09T15:42:31.8258412+01:00" endTime="2024-01-09T15:42:31.8258412+01:00" testType="13cdc9d9-ddb5-4fa4-a97d-d965ccfc6d4b" outcome="Passed" testListId="8c84fa94-04c1-424b-9868-57a2d4851a1d" relativeResultsDirectory="ac80389e-8341-4b2a-9967-c33a58ebe1f8" />
    <UnitTestResult executionId="23f8e3c8-4d7d-4084-9935-d526a1be0aa5" testId="03fbd361-21dd-8b35-c21d-93999af074c1" testName="Transform_To_Non_Existing_Version" computerName="DKSR-EFI-06" duration="00:00:00.0035356" startTime="2024-01-09T15:42:15.2789576+01:00" endTime="2024-01-09T15:42:15.2789576+01:00" testType="13cdc9d9-ddb5-4fa4-a97d-d965ccfc6d4b" outcome="Passed" testListId="8c84fa94-04c1-424b-9868-57a2d4851a1d" relativeResultsDirectory="23f8e3c8-4d7d-4084-9935-d526a1be0aa5">
      <Output>
        <StdOut>Debug Trace:&#xD;
Fail: Argument out of range&#xD;
Fail: Argument out of range</StdOut>
      </Output>
    </UnitTestResult>
    <UnitTestResult executionId="394547f9-18f2-4f36-9a50-adafa4f7a04f" testId="d5ff4925-5123-a441-1696-13d4f434dff2" testName="EdgeStorageLimitsConfigurationUpdate" computerName="DKSR-EFI-06" duration="00:00:00.0018054" startTime="2024-01-09T15:42:19.7633369+01:00" endTime="2024-01-09T15:42:19.7633369+01:00" testType="13cdc9d9-ddb5-4fa4-a97d-d965ccfc6d4b" outcome="Passed" testListId="8c84fa94-04c1-424b-9868-57a2d4851a1d" relativeResultsDirectory="394547f9-18f2-4f36-9a50-adafa4f7a04f" />
    <UnitTestResult executionId="0cf3bb28-4487-47c8-8d44-ec4099d7c1b8" testId="2f005d6d-6581-5add-cbe5-a21932b65de9" testName="PtzManager_CenterAndZoomToRectangle_Success" computerName="DKSR-EFI-06" duration="00:00:00.0011830" startTime="2024-01-09T15:42:38.2165079+01:00" endTime="2024-01-09T15:42:38.2165079+01:00" testType="13cdc9d9-ddb5-4fa4-a97d-d965ccfc6d4b" outcome="Passed" testListId="8c84fa94-04c1-424b-9868-57a2d4851a1d" relativeResultsDirectory="0cf3bb28-4487-47c8-8d44-ec4099d7c1b8" />
    <UnitTestResult executionId="52f10f9d-886e-479b-b5ed-47910c082416" testId="796e2f6b-66bf-4aad-61d4-a374ddd5afae" testName="PtzManager_StopPtzSession_Success" computerName="DKSR-EFI-06" duration="00:00:00.0016942" startTime="2024-01-09T15:42:38.2321337+01:00" endTime="2024-01-09T15:42:38.2321337+01:00" testType="13cdc9d9-ddb5-4fa4-a97d-d965ccfc6d4b" outcome="Passed" testListId="8c84fa94-04c1-424b-9868-57a2d4851a1d" relativeResultsDirectory="52f10f9d-886e-479b-b5ed-47910c082416" />
    <UnitTestResult executionId="fbbc75db-2b76-4e22-aa33-67eb1cd54a8a" testId="927f5256-3f6f-80ab-f573-926e12bc02e4" testName="LicenseManager_FeatureExists_AxisOneClick_Success" computerName="DKSR-EFI-06" duration="00:00:00.0010020" startTime="2024-01-09T15:42:19.7477088+01:00" endTime="2024-01-09T15:42:19.7477088+01:00" testType="13cdc9d9-ddb5-4fa4-a97d-d965ccfc6d4b" outcome="Passed" testListId="8c84fa94-04c1-424b-9868-57a2d4851a1d" relativeResultsDirectory="fbbc75db-2b76-4e22-aa33-67eb1cd54a8a" />
    <UnitTestResult executionId="0ed95430-21cb-4913-9a80-18166275fe09" testId="c596aa43-a71d-3944-184c-9b6172ad05ff" testName="ResponseController_ExceptionResponseNullInput_BadRequestResult" computerName="DKSR-EFI-06" duration="00:00:00.0010333" startTime="2024-01-09T15:42:02.7789173+01:00" endTime="2024-01-09T15:42:02.7789173+01:00" testType="13cdc9d9-ddb5-4fa4-a97d-d965ccfc6d4b" outcome="Passed" testListId="8c84fa94-04c1-424b-9868-57a2d4851a1d" relativeResultsDirectory="0ed95430-21cb-4913-9a80-18166275fe09" />
    <UnitTestResult executionId="c706e724-eb21-4418-a0fc-ff28f7342e1e" testId="62f127d9-a0a3-5706-49a7-fb63760b5c05" testName="PtzManager_MoveAbsolute_Success" computerName="DKSR-EFI-06" duration="00:00:00.0016662" startTime="2024-01-09T15:42:38.1696342+01:00" endTime="2024-01-09T15:42:38.1696342+01:00" testType="13cdc9d9-ddb5-4fa4-a97d-d965ccfc6d4b" outcome="Passed" testListId="8c84fa94-04c1-424b-9868-57a2d4851a1d" relativeResultsDirectory="c706e724-eb21-4418-a0fc-ff28f7342e1e" />
    <UnitTestResult executionId="9004a86c-b6b6-46ab-9914-6c25c1808717" testId="80012219-af01-d909-783d-b6bc63dca720" testName="DatabaseoperationCommandhandler_Execute_ArgumentException" computerName="DKSR-EFI-06" duration="00:00:00.0054333" startTime="2024-01-09T15:42:31.0602137+01:00" endTime="2024-01-09T15:42:31.0602137+01:00" testType="13cdc9d9-ddb5-4fa4-a97d-d965ccfc6d4b" outcome="Passed" testListId="8c84fa94-04c1-424b-9868-57a2d4851a1d" relativeResultsDirectory="9004a86c-b6b6-46ab-9914-6c25c1808717">
      <Output>
        <StdOut>Debug Trace:&#xD;
Fail: Command/Command handler type mismatch&#xD;
Fail: Argument null.</StdOut>
      </Output>
    </UnitTestResult>
    <UnitTestResult executionId="ba5db955-7a7f-49b4-98fa-a6763993233b" testId="e00fb1a5-3abb-9fd8-8ee5-a8416a687063" testName="ConnectSuccess_Begin_Exception" computerName="DKSR-EFI-06" duration="00:00:00.0052993" startTime="2024-01-09T15:42:12.9664517+01:00" endTime="2024-01-09T15:42:12.9820764+01:00" testType="13cdc9d9-ddb5-4fa4-a97d-d965ccfc6d4b" outcome="Passed" testListId="8c84fa94-04c1-424b-9868-57a2d4851a1d" relativeResultsDirectory="ba5db955-7a7f-49b4-98fa-a6763993233b" />
    <UnitTestResult executionId="a149ec82-c636-44fb-90dc-fed2c7379f7a" testId="b851e41c-dd58-304e-e982-0c01ea9a4642" testName="ReadMessageHeaders_ReadRequestLine_SoapStatus_Success" computerName="DKSR-EFI-06" duration="00:00:00.0007392" startTime="2024-01-09T15:42:16.7789562+01:00" endTime="2024-01-09T15:42:16.7789562+01:00" testType="13cdc9d9-ddb5-4fa4-a97d-d965ccfc6d4b" outcome="Passed" testListId="8c84fa94-04c1-424b-9868-57a2d4851a1d" relativeResultsDirectory="a149ec82-c636-44fb-90dc-fed2c7379f7a" />
    <UnitTestResult executionId="2ca18944-0454-4fd4-94c1-a50d08b80432" testId="06336d49-f25d-bd1d-075a-c53b66885f84" testName="GetSettingAsBool_NonExistingSetting_Throws_InvalidMulticastSettingsException" computerName="DKSR-EFI-06" duration="00:00:00.0003575" startTime="2024-01-09T15:42:19.6383368+01:00" endTime="2024-01-09T15:42:19.6383368+01:00" testType="13cdc9d9-ddb5-4fa4-a97d-d965ccfc6d4b" outcome="Passed" testListId="8c84fa94-04c1-424b-9868-57a2d4851a1d" relativeResultsDirectory="2ca18944-0454-4fd4-94c1-a50d08b80432" />
    <UnitTestResult executionId="de0b219d-2d56-418d-b80e-356655ab6f58" testId="6df90a90-c0c6-6730-558b-7cd6b1287bdd" testName="PtzManager_SetConfiguration_OutOfMemoryException" computerName="DKSR-EFI-06" duration="00:00:00.0026699" startTime="2024-01-09T15:42:38.0290069+01:00" endTime="2024-01-09T15:42:38.0446320+01:00" testType="13cdc9d9-ddb5-4fa4-a97d-d965ccfc6d4b" outcome="Passed" testListId="8c84fa94-04c1-424b-9868-57a2d4851a1d" relativeResultsDirectory="de0b219d-2d56-418d-b80e-356655ab6f58" />
    <UnitTestResult executionId="e5a7dee2-40ec-4faf-a215-f5eb33bd070e" testId="f06192a7-4276-8849-c001-acb1fdd01067" testName="SOAPCommandRequestHandler_ExecuteFunction_HandleSequencesGetAround_No_Camera_Security" computerName="DKSR-EFI-06" duration="00:00:00.0019111" startTime="2024-01-09T15:42:15.3883330+01:00" endTime="2024-01-09T15:42:15.3883330+01:00" testType="13cdc9d9-ddb5-4fa4-a97d-d965ccfc6d4b" outcome="Passed" testListId="8c84fa94-04c1-424b-9868-57a2d4851a1d" relativeResultsDirectory="e5a7dee2-40ec-4faf-a215-f5eb33bd070e" />
    <UnitTestResult executionId="ab8ff20b-7efb-4265-afc7-d2064d0a11e0" testId="23023931-38f4-b11a-6912-c7fb16e03400" testName="GetRecorderTasks_InternalStateStartedOneTasks_ReturnsArrayWithOneElement" computerName="DKSR-EFI-06" duration="00:00:00.0029461" startTime="2024-01-09T15:42:02.2476636+01:00" endTime="2024-01-09T15:42:02.2476636+01:00" testType="13cdc9d9-ddb5-4fa4-a97d-d965ccfc6d4b" outcome="Passed" testListId="8c84fa94-04c1-424b-9868-57a2d4851a1d" relativeResultsDirectory="ab8ff20b-7efb-4265-afc7-d2064d0a11e0" />
    <UnitTestResult executionId="a7103476-a7e9-4ebf-b2e2-3079ed72db8d" testId="e30df008-a37e-40fd-4f90-7feecab7bc63" testName="AudioMessageManager_PlayAudioMessage_ArgumentNullException" computerName="DKSR-EFI-06" duration="00:00:00.0009108" startTime="2024-01-09T15:42:38.5915079+01:00" endTime="2024-01-09T15:42:38.5915079+01:00" testType="13cdc9d9-ddb5-4fa4-a97d-d965ccfc6d4b" outcome="Passed" testListId="8c84fa94-04c1-424b-9868-57a2d4851a1d" relativeResultsDirectory="a7103476-a7e9-4ebf-b2e2-3079ed72db8d" />
    <UnitTestResult executionId="887ada63-7dab-4c09-b90c-dee1c5151801" testId="84ba90f3-9865-b8fa-8adf-9b1a3d12d7fa" testName="SOAPCommandRequestHandler_ExecuteFunction_HandlePTZMoveStop_No_Priority" computerName="DKSR-EFI-06" duration="00:00:00.0013333" startTime="2024-01-09T15:42:16.3414575+01:00" endTime="2024-01-09T15:42:16.3414575+01:00" testType="13cdc9d9-ddb5-4fa4-a97d-d965ccfc6d4b" outcome="Passed" testListId="8c84fa94-04c1-424b-9868-57a2d4851a1d" relativeResultsDirectory="887ada63-7dab-4c09-b90c-dee1c5151801" />
    <UnitTestResult executionId="31fca6b7-cc69-43a6-9d9c-2125c011f808" testId="bb1009d9-6496-40d7-ec75-c653a7bd2252" testName="EdgeStorageLimitsManagerGetLimitsCleanupDifferentInstances" computerName="DKSR-EFI-06" duration="00:00:00.0015264" startTime="2024-01-09T15:42:19.8883360+01:00" endTime="2024-01-09T15:42:19.8883360+01:00" testType="13cdc9d9-ddb5-4fa4-a97d-d965ccfc6d4b" outcome="Passed" testListId="8c84fa94-04c1-424b-9868-57a2d4851a1d" relativeResultsDirectory="31fca6b7-cc69-43a6-9d9c-2125c011f808" />
    <UnitTestResult executionId="6cdc1ce1-c8f2-4a53-ba18-0269ac604bd8" testId="cfb45ea1-0455-f35b-459c-d61aa55af545" testName="ResolveIdAndMessage_DriverDevice_Generator" computerName="DKSR-EFI-06" duration="00:00:00.0002785" startTime="2024-01-09T15:42:18.0133335+01:00" endTime="2024-01-09T15:42:18.0133335+01:00" testType="13cdc9d9-ddb5-4fa4-a97d-d965ccfc6d4b" outcome="Passed" testListId="8c84fa94-04c1-424b-9868-57a2d4851a1d" relativeResultsDirectory="6cdc1ce1-c8f2-4a53-ba18-0269ac604bd8" />
    <UnitTestResult executionId="20c5eb47-78a1-45fc-9baf-a5e16d3b0c91" testId="eb1b6153-5e3a-f9e2-53fa-b64e9e62d863" testName="ChangeHardwarePasswordCommandHandler_Execute_ChangePassword_ThrowsMemoryException_Throws" computerName="DKSR-EFI-06" duration="00:00:00.0010335" startTime="2024-01-09T15:42:30.7789659+01:00" endTime="2024-01-09T15:42:30.7789659+01:00" testType="13cdc9d9-ddb5-4fa4-a97d-d965ccfc6d4b" outcome="Passed" testListId="8c84fa94-04c1-424b-9868-57a2d4851a1d" relativeResultsDirectory="20c5eb47-78a1-45fc-9baf-a5e16d3b0c91" />
    <UnitTestResult executionId="89e5b155-3a1e-4b86-b6c5-30137d0b7a61" testId="9e5396d8-26d1-a6bb-5232-0450d9f14ab1" testName="LicenseManager_IsFeatureLicensed_AxisOneClock_Fail" computerName="DKSR-EFI-06" duration="00:00:00.0010138" startTime="2024-01-09T15:42:19.7320966+01:00" endTime="2024-01-09T15:42:19.7320966+01:00" testType="13cdc9d9-ddb5-4fa4-a97d-d965ccfc6d4b" outcome="Passed" testListId="8c84fa94-04c1-424b-9868-57a2d4851a1d" relativeResultsDirectory="89e5b155-3a1e-4b86-b6c5-30137d0b7a61" />
    <UnitTestResult executionId="95910c22-cf40-4f3a-948e-d25967bdc5f3" testId="53b21db6-e224-f7d6-d608-aba39e74b1f9" testName="CollectRecorderInfoCommandXmlConverter_ArchiveProgress_Multiple_WithProgress" computerName="DKSR-EFI-06" duration="00:00:00.0009498" startTime="2024-01-09T15:42:31.0445911+01:00" endTime="2024-01-09T15:42:31.0445911+01:00" testType="13cdc9d9-ddb5-4fa4-a97d-d965ccfc6d4b" outcome="Passed" testListId="8c84fa94-04c1-424b-9868-57a2d4851a1d" relativeResultsDirectory="95910c22-cf40-4f3a-948e-d25967bdc5f3" />
    <UnitTestResult executionId="d05911bb-6642-4b90-9e80-5a37e5c9bcdc" testId="7cdcc5fd-a07f-12d2-c570-bbe60c7b1f25" testName="SetupInitialHardwareUserCommandHandler_Execute_SetupUser_ThrowsUserHandlingOperationUnsupportedError_Errors" computerName="DKSR-EFI-06" duration="00:00:00.0009658" startTime="2024-01-09T15:42:36.9977532+01:00" endTime="2024-01-09T15:42:36.9977532+01:00" testType="13cdc9d9-ddb5-4fa4-a97d-d965ccfc6d4b" outcome="Passed" testListId="8c84fa94-04c1-424b-9868-57a2d4851a1d" relativeResultsDirectory="d05911bb-6642-4b90-9e80-5a37e5c9bcdc" />
    <UnitTestResult executionId="66fe68e9-f5a8-4b9d-8766-4e5465ace757" testId="25d02e8c-16f7-e9f4-478b-305fb020ef3e" testName="FirmwareUpgradeCommandHandler_Execute_FirmwareUpgradeStatus_ThrowsAlreadyRunning_Errors" computerName="DKSR-EFI-06" duration="00:00:00.0017049" startTime="2024-01-09T15:42:32.9821024+01:00" endTime="2024-01-09T15:42:32.9821024+01:00" testType="13cdc9d9-ddb5-4fa4-a97d-d965ccfc6d4b" outcome="Passed" testListId="8c84fa94-04c1-424b-9868-57a2d4851a1d" relativeResultsDirectory="66fe68e9-f5a8-4b9d-8766-4e5465ace757" />
    <UnitTestResult executionId="f33d8763-2294-48b1-93d9-c079492fbb6e" testId="1d8885de-4a7c-76c0-90a9-db5aab3e3fe8" testName="ConnectSuccessSimple_CameraWithStream" computerName="DKSR-EFI-06" duration="00:00:00.0026247" startTime="2024-01-09T15:42:12.6695761+01:00" endTime="2024-01-09T15:42:12.6695761+01:00" testType="13cdc9d9-ddb5-4fa4-a97d-d965ccfc6d4b" outcome="Passed" testListId="8c84fa94-04c1-424b-9868-57a2d4851a1d" relativeResultsDirectory="f33d8763-2294-48b1-93d9-c079492fbb6e" />
    <UnitTestResult executionId="033c1c27-e0b0-472c-92ff-e11c9730047a" testId="259a0ba7-bf70-4f5e-7ff2-4c769107ca3a" testName="ChangeHardwarePasswordCommandHandler_Execute_ChangePassword_ThrowsUnknownResult_Errors" computerName="DKSR-EFI-06" duration="00:00:00.0007370" startTime="2024-01-09T15:42:30.7477136+01:00" endTime="2024-01-09T15:42:30.7477136+01:00" testType="13cdc9d9-ddb5-4fa4-a97d-d965ccfc6d4b" outcome="Passed" testListId="8c84fa94-04c1-424b-9868-57a2d4851a1d" relativeResultsDirectory="033c1c27-e0b0-472c-92ff-e11c9730047a" />
    <UnitTestResult executionId="c423f328-0437-48df-97f3-757079dce01a" testId="e50a8e35-8c31-959a-8809-8fff71c8e4bd" testName="DeleteHardwareUserCommandHandler_Execute_FixedUser_Error" computerName="DKSR-EFI-06" duration="00:00:00.0008545" startTime="2024-01-09T15:42:31.7320945+01:00" endTime="2024-01-09T15:42:31.7320945+01:00" testType="13cdc9d9-ddb5-4fa4-a97d-d965ccfc6d4b" outcome="Passed" testListId="8c84fa94-04c1-424b-9868-57a2d4851a1d" relativeResultsDirectory="c423f328-0437-48df-97f3-757079dce01a" />
    <UnitTestResult executionId="a6f6f739-2fae-4209-9fdc-8014c7d5e246" testId="5ac31739-6e7f-cf7e-2625-b7a5bd2288af" testName="CheckForLiveAndOrphanTables_TableConfiguredInDifferentStorage" computerName="DKSR-EFI-06" duration="00:00:00.0015271" startTime="2024-01-09T15:42:18.3102109+01:00" endTime="2024-01-09T15:42:18.3102109+01:00" testType="13cdc9d9-ddb5-4fa4-a97d-d965ccfc6d4b" outcome="Passed" testListId="8c84fa94-04c1-424b-9868-57a2d4851a1d" relativeResultsDirectory="a6f6f739-2fae-4209-9fdc-8014c7d5e246" />
    <UnitTestResult executionId="6b1b3ffb-5620-46b1-ab23-a8268206c61f" testId="89052bd8-840c-206d-9e34-5dfd0fe6eff1" testName="GetAbsolutePtzPositionCommandHandler_Execute_Driver_Exception" computerName="DKSR-EFI-06" duration="00:00:00.0009046" startTime="2024-01-09T15:42:33.0289804+01:00" endTime="2024-01-09T15:42:33.0289804+01:00" testType="13cdc9d9-ddb5-4fa4-a97d-d965ccfc6d4b" outcome="Passed" testListId="8c84fa94-04c1-424b-9868-57a2d4851a1d" relativeResultsDirectory="6b1b3ffb-5620-46b1-ab23-a8268206c61f" />
    <UnitTestResult executionId="3978c8b2-e681-4d83-85d7-653bd69e7040" testId="48a0174a-969e-aeff-81b3-935201a07798" testName="FilterTrackIdsToThoseThatShouldNotHaveMediaOnRecorder_InternalStateStartedWithIncompatibleServer_ReturnsEmptyArray" computerName="DKSR-EFI-06" duration="00:00:00.0011746" startTime="2024-01-09T15:42:02.2789166+01:00" endTime="2024-01-09T15:42:02.2789166+01:00" testType="13cdc9d9-ddb5-4fa4-a97d-d965ccfc6d4b" outcome="Passed" testListId="8c84fa94-04c1-424b-9868-57a2d4851a1d" relativeResultsDirectory="3978c8b2-e681-4d83-85d7-653bd69e7040" />
    <UnitTestResult executionId="21f759bd-e10e-4eaf-8c57-c690c2ecad46" testId="40773c57-76a9-fcb9-c3a8-2afda8f6f15f" testName="FullStatusAlgorithm_Constructor" computerName="DKSR-EFI-06" duration="00:00:00.0041863" startTime="2024-01-09T15:42:19.4195860+01:00" endTime="2024-01-09T15:42:19.4352565+01:00" testType="13cdc9d9-ddb5-4fa4-a97d-d965ccfc6d4b" outcome="Passed" testListId="8c84fa94-04c1-424b-9868-57a2d4851a1d" relativeResultsDirectory="21f759bd-e10e-4eaf-8c57-c690c2ecad46" />
    <UnitTestResult executionId="5589d1ad-7253-49c9-b884-15a69358210a" testId="6f9df5bd-83d2-bc83-476e-7ed0bf679440" testName="EnhanceSettings_SetsNvidiaValue" computerName="DKSR-EFI-06" duration="00:00:00.0008156" startTime="2024-01-09T15:42:19.4195860+01:00" endTime="2024-01-09T15:42:19.4195860+01:00" testType="13cdc9d9-ddb5-4fa4-a97d-d965ccfc6d4b" outcome="Passed" testListId="8c84fa94-04c1-424b-9868-57a2d4851a1d" relativeResultsDirectory="5589d1ad-7253-49c9-b884-15a69358210a" />
    <UnitTestResult executionId="a09df3d9-9c24-47da-acd8-3a9d6fe6595b" testId="c9e45c00-b261-7f78-a530-72f6c6f7c22c" testName="SmartSearchHandlerBackwardTestDataWithMotionOnly" computerName="DKSR-EFI-06" duration="00:00:00.0019463" startTime="2024-01-09T15:42:17.6695871+01:00" endTime="2024-01-09T15:42:17.6695871+01:00" testType="13cdc9d9-ddb5-4fa4-a97d-d965ccfc6d4b" outcome="Passed" testListId="8c84fa94-04c1-424b-9868-57a2d4851a1d" relativeResultsDirectory="a09df3d9-9c24-47da-acd8-3a9d6fe6595b" />
    <UnitTestResult executionId="91e3c722-72f5-4070-9236-e93b6728d444" testId="ba8a1963-a8aa-87ab-8cf5-8039aaa8b1ec" testName="MediaDbUtil_MultitrackNavigation_Scenario11" computerName="DKSR-EFI-06" duration="00:00:00.0547629" startTime="2024-01-09T15:42:14.3414547+01:00" endTime="2024-01-09T15:42:14.3883298+01:00" testType="13cdc9d9-ddb5-4fa4-a97d-d965ccfc6d4b" outcome="Passed" testListId="8c84fa94-04c1-424b-9868-57a2d4851a1d" relativeResultsDirectory="91e3c722-72f5-4070-9236-e93b6728d444">
      <Output>
        <StdOut>Debug Trace:&#xD;
Fail: &#xD;
Fail: &#xD;
Fail: &#xD;
Fail: &#xD;
&#xD;
&#xD;
&#xD;
TestContext Messages:&#xD;
Before&#xD;
Navigation:  " V                                            "&#xD;
Source    :  " 1-     1-- 1----    1-- 1--      1-- 1---    "&#xD;
Unable to move&#xD;
&#xD;
AtOrBefore&#xD;
Navigation:  " V                                            "&#xD;
Source    :  " 1-     1-- 1----    1-- 1--      1-- 1---    "&#xD;
Expected  :  " 1-     N                                     "&#xD;
Actual    :  " 1-     N                                     "&#xD;
&#xD;
AtOrAfter&#xD;
Navigation:  " V                                            "&#xD;
Source    :  " 1-     1-- 1----    1-- 1--      1-- 1---    "&#xD;
Expected  :  " 1-     N                                     "&#xD;
Actual    :  " 1-     N                                     "&#xD;
&#xD;
After&#xD;
Navigation:  " V                                            "&#xD;
Source    :  " 1-     1-- 1----    1-- 1--      1-- 1---    "&#xD;
Expected  :  " P      1-- N                                 "&#xD;
Actual    :  " P      1-- N                                 "&#xD;
&#xD;
Before&#xD;
Navigation:  "           V                                  "&#xD;
Source    :  " 1-     1-- 1----    1-- 1--      1-- 1---    "&#xD;
Expected  :  " P      1-- N                                 "&#xD;
Actual    :  " P      1-- N                                 "&#xD;
&#xD;
AtOrBefore&#xD;
Navigation:  "           V                                  "&#xD;
Source    :  " 1-     1-- 1----    1-- 1--      1-- 1---    "&#xD;
Expected  :  " P      1-- N                                 "&#xD;
Actual    :  " P      1-- N                                 "&#xD;
&#xD;
AtOrAfter&#xD;
Navigation:  "           V                                  "&#xD;
Source    :  " 1-     1-- 1----    1-- 1--      1-- 1---    "&#xD;
Expected  :  "        P   1----    N                        "&#xD;
Actual    :  "        P   1----    N                        "&#xD;
&#xD;
After&#xD;
Navigation:  "           V                                  "&#xD;
Source    :  " 1-     1-- 1----    1-- 1--      1-- 1---    "&#xD;
Expected  :  "        P   1----    N                        "&#xD;
Actual    :  "        P   1----    N                        "&#xD;
&#xD;
Before&#xD;
Navigation:  "              V                               "&#xD;
Source    :  " 1-     1-- 1----    1-- 1--      1-- 1---    "&#xD;
Expected  :  " P      1-- N                                 "&#xD;
Actual    :  " P      1-- N                                 "&#xD;
&#xD;
AtOrBefore&#xD;
Navigation:  "              V                               "&#xD;
Source    :  " 1-     1-- 1----    1-- 1--      1-- 1---    "&#xD;
Expected  :  "        P   1----    N                        "&#xD;
Actual    :  "        P   1----    N                        "&#xD;
&#xD;
AtOrAfter&#xD;
Navigation:  "              V                               "&#xD;
Source    :  " 1-     1-- 1----    1-- 1--      1-- 1---    "&#xD;
Expected  :  "        P   1----    N                        "&#xD;
Actual    :  "        P   1----    N                        "&#xD;
&#xD;
After&#xD;
Navigation:  "              V                               "&#xD;
Source    :  " 1-     1-- 1----    1-- 1--      1-- 1---    "&#xD;
Expected  :  "            P        1-- N                    "&#xD;
Actual    :  "            P        1-- N                    "&#xD;
&#xD;
Before&#xD;
Navigation:  "                  V                           "&#xD;
Source    :  " 1-     1-- 1----    1-- 1--      1-- 1---    "&#xD;
Expected  :  "        P   1----    N                        "&#xD;
Actual    :  "        P   1----    N                        "&#xD;
&#xD;
AtOrBefore&#xD;
Navigation:  "                  V                           "&#xD;
Source    :  " 1-     1-- 1----    1-- 1--      1-- 1---    "&#xD;
Expected  :  "        P   1----    N                        "&#xD;
Actual    :  "        P   1----    N                        "&#xD;
&#xD;
AtOrAfter&#xD;
Navigation:  "                  V                           "&#xD;
Source    :  " 1-     1-- 1----    1-- 1--      1-- 1---    "&#xD;
Expected  :  "            P        1-- N                    "&#xD;
Actual    :  "            P        1-- N                    "&#xD;
&#xD;
After&#xD;
Navigation:  "                  V                           "&#xD;
Source    :  " 1-     1-- 1----    1-- 1--      1-- 1---    "&#xD;
Expected  :  "            P        1-- N                    "&#xD;
Actual    :  "            P        1-- N                    "&#xD;
&#xD;
Before&#xD;
Navigation:  "                          V                   "&#xD;
Source    :  " 1-     1-- 1----    1-- 1--      1-- 1---    "&#xD;
Expected  :  "            P        1-- N                    "&#xD;
Actual    :  "            P        1-- N                    "&#xD;
&#xD;
AtOrBefore&#xD;
Navigation:  "                          V                   "&#xD;
Source    :  " 1-     1-- 1----    1-- 1--      1-- 1---    "&#xD;
Expected  :  "                     P   1--      N           "&#xD;
Actual    :  "                     P   1--      N           "&#xD;
&#xD;
AtOrAfter&#xD;
Navigation:  "                          V                   "&#xD;
Source    :  " 1-     1-- 1----    1-- 1--      1-- 1---    "&#xD;
Expected  :  "                     P   1--      N           "&#xD;
Actual    :  "                     P   1--      N           "&#xD;
&#xD;
After&#xD;
Navigation:  "                          V                   "&#xD;
Source    :  " 1-     1-- 1----    1-- 1--      1-- 1---    "&#xD;
Expected  :  "                         P        1-- N       "&#xD;
Actual    :  "                         P        1-- N       "&#xD;
&#xD;
Before&#xD;
Navigation:  "                               V              "&#xD;
Source    :  " 1-     1-- 1----    1-- 1--      1-- 1---    "&#xD;
Expected  :  "                     P   1--      N           "&#xD;
Actual    :  "                     P   1--      N           "&#xD;
&#xD;
AtOrBefore&#xD;
Navigation:  "                               V              "&#xD;
Source    :  " 1-     1-- 1----    1-- 1--      1-- 1---    "&#xD;
Expected  :  "                     P   1--      N           "&#xD;
Actual    :  "                     P   1--      N           "&#xD;
&#xD;
AtOrAfter&#xD;
Navigation:  "                               V              "&#xD;
Source    :  " 1-     1-- 1----    1-- 1--      1-- 1---    "&#xD;
Expected  :  "                         P        1-- N       "&#xD;
Actual    :  "                         P        1-- N       "&#xD;
&#xD;
After&#xD;
Navigation:  "                               V              "&#xD;
Source    :  " 1-     1-- 1----    1-- 1--      1-- 1---    "&#xD;
Expected  :  "                         P        1-- N       "&#xD;
Actual    :  "                         P        1-- N       "&#xD;
&#xD;
Before&#xD;
Navigation:  "                                      V       "&#xD;
Source    :  " 1-     1-- 1----    1-- 1--      1-- 1---    "&#xD;
Expected  :  "                         P        1-- N       "&#xD;
Actual    :  "                         P        1-- N       "&#xD;
&#xD;
AtOrBefore&#xD;
Navigation:  "                                      V       "&#xD;
Source    :  " 1-     1-- 1----    1-- 1--      1-- 1---    "&#xD;
Expected  :  "                                  P   1---    "&#xD;
Actual    :  "                                  P   1---    "&#xD;
&#xD;
AtOrAfter&#xD;
Navigation:  "                                      V       "&#xD;
Source    :  " 1-     1-- 1----    1-- 1--      1-- 1---    "&#xD;
Expected  :  "                                  P   1---    "&#xD;
Actual    :  "                                  P   1---    "&#xD;
&#xD;
After&#xD;
Navigation:  "                                      V       "&#xD;
Source    :  " 1-     1-- 1----    1-- 1--      1-- 1---    "&#xD;
Unable to move&#xD;
&#xD;
Before&#xD;
Navigation:  "                                            V "&#xD;
Source    :  " 1-     1-- 1----    1-- 1--      1-- 1---    "&#xD;
Expected  :  "                                  P   1---    "&#xD;
Actual    :  "                                  P   1---    "&#xD;
&#xD;
AtOrBefore&#xD;
Navigation:  "                                            V "&#xD;
Source    :  " 1-     1-- 1----    1-- 1--      1-- 1---    "&#xD;
Expected  :  "                                  P   1---    "&#xD;
Actual    :  "                                  P   1---    "&#xD;
&#xD;
AtOrAfter&#xD;
Navigation:  "                                            V "&#xD;
Source    :  " 1-     1-- 1----    1-- 1--      1-- 1---    "&#xD;
Unable to move&#xD;
&#xD;
After&#xD;
Navigation:  "                                            V "&#xD;
Source    :  " 1-     1-- 1----    1-- 1--      1-- 1---    "&#xD;
Unable to move&#xD;
&#xD;
Before&#xD;
Navigation:  " V                                            "&#xD;
Source    :  " 1-     1-- 1----    2-- 2-        2-- 2---   "&#xD;
Unable to move&#xD;
&#xD;
AtOrBefore&#xD;
Navigation:  " V                                            "&#xD;
Source    :  " 1-     1-- 1----    2-- 2-        2-- 2---   "&#xD;
Expected  :  " 1-     N                                     "&#xD;
Actual    :  " 1-     N                                     "&#xD;
&#xD;
AtOrAfter&#xD;
Navigation:  " V                                            "&#xD;
Source    :  " 1-     1-- 1----    2-- 2-        2-- 2---   "&#xD;
Expected  :  " 1-     N                                     "&#xD;
Actual    :  " 1-     N                                     "&#xD;
&#xD;
After&#xD;
Navigation:  " V                                            "&#xD;
Source    :  " 1-     1-- 1----    2-- 2-        2-- 2---   "&#xD;
Expected  :  " P      1-- N                                 "&#xD;
Actual    :  " P      1-- N                                 "&#xD;
&#xD;
Before&#xD;
Navigation:  "           V                                  "&#xD;
Source    :  " 1-     1-- 1----    2-- 2-        2-- 2---   "&#xD;
Expected  :  " P      1-- N                                 "&#xD;
Actual    :  " P      1-- N                                 "&#xD;
&#xD;
AtOrBefore&#xD;
Navigation:  "           V                                  "&#xD;
Source    :  " 1-     1-- 1----    2-- 2-        2-- 2---   "&#xD;
Expected  :  " P      1-- N                                 "&#xD;
Actual    :  " P      1-- N                                 "&#xD;
&#xD;
AtOrAfter&#xD;
Navigation:  "           V                                  "&#xD;
Source    :  " 1-     1-- 1----    2-- 2-        2-- 2---   "&#xD;
Expected  :  "        P   1----    N                        "&#xD;
Actual    :  "        P   1----    N                        "&#xD;
&#xD;
After&#xD;
Navigation:  "           V                                  "&#xD;
Source    :  " 1-     1-- 1----    2-- 2-        2-- 2---   "&#xD;
Expected  :  "        P   1----    N                        "&#xD;
Actual    :  "        P   1----    N                        "&#xD;
&#xD;
Before&#xD;
Navigation:  "              V                               "&#xD;
Source    :  " 1-     1-- 1----    2-- 2-        2-- 2---   "&#xD;
Expected  :  " P      1-- N                                 "&#xD;
Actual    :  " P      1-- N                                 "&#xD;
&#xD;
AtOrBefore&#xD;
Navigation:  "              V                               "&#xD;
Source    :  " 1-     1-- 1----    2-- 2-        2-- 2---   "&#xD;
Expected  :  "        P   1----    N                        "&#xD;
Actual    :  "        P   1----    N                        "&#xD;
&#xD;
AtOrAfter&#xD;
Navigation:  "              V                               "&#xD;
Source    :  " 1-     1-- 1----    2-- 2-        2-- 2---   "&#xD;
Expected  :  "        P   1----    N                        "&#xD;
Actual    :  "        P   1----    N                        "&#xD;
&#xD;
After&#xD;
Navigation:  "              V                               "&#xD;
Source    :  " 1-     1-- 1----    2-- 2-        2-- 2---   "&#xD;
Expected  :  "            P        2-- N                    "&#xD;
Actual    :  "            P        2-- N                    "&#xD;
&#xD;
Before&#xD;
Navigation:  "                  V                           "&#xD;
Source    :  " 1-     1-- 1----    2-- 2-        2-- 2---   "&#xD;
Expected  :  "        P   1----    N                        "&#xD;
Actual    :  "        P   1----    N                        "&#xD;
&#xD;
AtOrBefore&#xD;
Navigation:  "                  V                           "&#xD;
Source    :  " 1-     1-- 1----    2-- 2-        2-- 2---   "&#xD;
Expected  :  "        P   1----    N                        "&#xD;
Actual    :  "        P   1----    N                        "&#xD;
&#xD;
AtOrAfter&#xD;
Navigation:  "                  V                           "&#xD;
Source    :  " 1-     1-- 1----    2-- 2-        2-- 2---   "&#xD;
Expected  :  "            P        2-- N                    "&#xD;
Actual    :  "            P        2-- N                    "&#xD;
&#xD;
After&#xD;
Navigation:  "                  V                           "&#xD;
Source    :  " 1-     1-- 1----    2-- 2-        2-- 2---   "&#xD;
Expected  :  "            P        2-- N                    "&#xD;
Actual    :  "            P        2-- N                    "&#xD;
&#xD;
Before&#xD;
Navigation:  "                          V                   "&#xD;
Source    :  " 1-     1-- 1----    2-- 2-        2-- 2---   "&#xD;
Expected  :  "            P        2-- N                    "&#xD;
Actual    :  "            P        2-- N                    "&#xD;
&#xD;
AtOrBefore&#xD;
Navigation:  "                          V                   "&#xD;
Source    :  " 1-     1-- 1----    2-- 2-        2-- 2---   "&#xD;
Expected  :  "                     P   2-        N          "&#xD;
Actual    :  "                     P   2-        N          "&#xD;
&#xD;
AtOrAfter&#xD;
Navigation:  "                          V                   "&#xD;
Source    :  " 1-     1-- 1----    2-- 2-        2-- 2---   "&#xD;
Expected  :  "                     P   2-        N          "&#xD;
Actual    :  "                     P   2-        N          "&#xD;
&#xD;
After&#xD;
Navigation:  "                          V                   "&#xD;
Source    :  " 1-     1-- 1----    2-- 2-        2-- 2---   "&#xD;
Expected  :  "                         P         2-- N      "&#xD;
Actual    :  "                         P         2-- N      "&#xD;
&#xD;
Before&#xD;
Navigation:  "                               V              "&#xD;
Source    :  " 1-     1-- 1----    2-- 2-        2-- 2---   "&#xD;
Expected  :  "                     P   2-        N          "&#xD;
Actual    :  "                     P   2-        N          "&#xD;
&#xD;
AtOrBefore&#xD;
Navigation:  "                               V              "&#xD;
Source    :  " 1-     1-- 1----    2-- 2-        2-- 2---   "&#xD;
Expected  :  "                     P   2-        N          "&#xD;
Actual    :  "                     P   2-        N          "&#xD;
&#xD;
AtOrAfter&#xD;
Navigation:  "                               V              "&#xD;
Source    :  " 1-     1-- 1----    2-- 2-        2-- 2---   "&#xD;
Expected  :  "                         P         2-- N      "&#xD;
Actual    :  "                         P         2-- N      "&#xD;
&#xD;
After&#xD;
Navigation:  "                               V              "&#xD;
Source    :  " 1-     1-- 1----    2-- 2-        2-- 2---   "&#xD;
Expected  :  "                         P         2-- N      "&#xD;
Actual    :  "                         P         2-- N      "&#xD;
&#xD;
Before&#xD;
Navigation:  "                                      V       "&#xD;
Source    :  " 1-     1-- 1----    2-- 2-        2-- 2---   "&#xD;
Expected  :  "                         P         2-- N      "&#xD;
Actual    :  "                         P         2-- N      "&#xD;
&#xD;
AtOrBefore&#xD;
Navigation:  "                                      V       "&#xD;
Source    :  " 1-     1-- 1----    2-- 2-        2-- 2---   "&#xD;
Expected  :  "                         P         2-- N      "&#xD;
Actual    :  "                         P         2-- N      "&#xD;
&#xD;
AtOrAfter&#xD;
Navigation:  "                                      V       "&#xD;
Source    :  " 1-     1-- 1----    2-- 2-        2-- 2---   "&#xD;
Expected  :  "                                   P   2---   "&#xD;
Actual    :  "                                   P   2---   "&#xD;
&#xD;
After&#xD;
Navigation:  "                                      V       "&#xD;
Source    :  " 1-     1-- 1----    2-- 2-        2-- 2---   "&#xD;
Expected  :  "                                   P   2---   "&#xD;
Actual    :  "                                   P   2---   "&#xD;
&#xD;
Before&#xD;
Navigation:  "                                            V "&#xD;
Source    :  " 1-     1-- 1----    2-- 2-        2-- 2---   "&#xD;
Expected  :  "                                   P   2---   "&#xD;
Actual    :  "                                   P   2---   "&#xD;
&#xD;
AtOrBefore&#xD;
Navigation:  "                                            V "&#xD;
Source    :  " 1-     1-- 1----    2-- 2-        2-- 2---   "&#xD;
Expected  :  "                                   P   2---   "&#xD;
Actual    :  "                                   P   2---   "&#xD;
&#xD;
AtOrAfter&#xD;
Navigation:  "                                            V "&#xD;
Source    :  " 1-     1-- 1----    2-- 2-        2-- 2---   "&#xD;
Unable to move&#xD;
&#xD;
After&#xD;
Navigation:  "                                            V "&#xD;
Source    :  " 1-     1-- 1----    2-- 2-        2-- 2---   "&#xD;
Unable to move</StdOut>
      </Output>
    </UnitTestResult>
    <UnitTestResult executionId="edee5669-2af6-4164-a1e3-ce19aecc36fd" testId="a58b4cc1-e0f6-d3f3-8e80-87f0c088df02" testName="PingStop_Called_TimerIsStopped" computerName="DKSR-EFI-06" duration="00:00:00.0007380" startTime="2024-01-09T15:42:02.4039154+01:00" endTime="2024-01-09T15:42:02.4039154+01:00" testType="13cdc9d9-ddb5-4fa4-a97d-d965ccfc6d4b" outcome="Passed" testListId="8c84fa94-04c1-424b-9868-57a2d4851a1d" relativeResultsDirectory="edee5669-2af6-4164-a1e3-ce19aecc36fd" />
    <UnitTestResult executionId="ac13806c-179b-406b-8d1d-77077d30e6b7" testId="0dc12bef-9407-d7cf-2d0b-a4bbf0903c96" testName="RecorderAttach_ModelIsValid_CommandExecuted" computerName="DKSR-EFI-06" duration="00:00:00.0007358" startTime="2024-01-09T15:42:02.7164180+01:00" endTime="2024-01-09T15:42:02.7164180+01:00" testType="13cdc9d9-ddb5-4fa4-a97d-d965ccfc6d4b" outcome="Passed" testListId="8c84fa94-04c1-424b-9868-57a2d4851a1d" relativeResultsDirectory="ac13806c-179b-406b-8d1d-77077d30e6b7" />
    <UnitTestResult executionId="aa8b0447-27fa-4a8b-add3-c82a9f5d77b4" testId="8dd4c6be-6672-6382-3a15-cdd3ce637c69" testName="DatabaseTaskCommandHandler_DatabaseArchiveOperationMonitor_SinglePass_Found" computerName="DKSR-EFI-06" duration="00:00:00.0486500" startTime="2024-01-09T15:42:31.4508406+01:00" endTime="2024-01-09T15:42:31.5133414+01:00" testType="13cdc9d9-ddb5-4fa4-a97d-d965ccfc6d4b" outcome="Passed" testListId="8c84fa94-04c1-424b-9868-57a2d4851a1d" relativeResultsDirectory="aa8b0447-27fa-4a8b-add3-c82a9f5d77b4" />
    <UnitTestResult executionId="e7d2d98e-9777-426c-828a-4f5bc9125778" testId="f7002b4f-d864-47aa-bd8d-bbb9b326c53b" testName="FirmwareUpgradeCommandHandler_Execute_FirmwareUpgradeStatus_ThrowsCannotOpenFile_Errors" computerName="DKSR-EFI-06" duration="00:00:00.0013714" startTime="2024-01-09T15:42:32.9664781+01:00" endTime="2024-01-09T15:42:32.9664781+01:00" testType="13cdc9d9-ddb5-4fa4-a97d-d965ccfc6d4b" outcome="Passed" testListId="8c84fa94-04c1-424b-9868-57a2d4851a1d" relativeResultsDirectory="e7d2d98e-9777-426c-828a-4f5bc9125778" />
    <UnitTestResult executionId="a9e353e8-d611-499c-ba5d-a082a984c8d7" testId="b81c78f1-2943-52ae-bba0-e97adee8bcf0" testName="GetSettingAsInt16_Success" computerName="DKSR-EFI-06" duration="00:00:00.0031954" startTime="2024-01-09T15:42:19.6539617+01:00" endTime="2024-01-09T15:42:19.6539617+01:00" testType="13cdc9d9-ddb5-4fa4-a97d-d965ccfc6d4b" outcome="Passed" testListId="8c84fa94-04c1-424b-9868-57a2d4851a1d" relativeResultsDirectory="a9e353e8-d611-499c-ba5d-a082a984c8d7" />
    <UnitTestResult executionId="20145892-4ba6-4cb4-9f30-b9276ee17e88" testId="b9031ac0-784a-5c25-8247-fb78392eb86f" testName="FirmwareUpgradeCommandHandler_Execute_WarningNotChanged" computerName="DKSR-EFI-06" duration="00:00:00.0011572" startTime="2024-01-09T15:42:32.9352262+01:00" endTime="2024-01-09T15:42:32.9352262+01:00" testType="13cdc9d9-ddb5-4fa4-a97d-d965ccfc6d4b" outcome="Passed" testListId="8c84fa94-04c1-424b-9868-57a2d4851a1d" relativeResultsDirectory="20145892-4ba6-4cb4-9f30-b9276ee17e88" />
    <UnitTestResult executionId="a54cd714-b1b4-48a0-a0ae-1c85c254e6f1" testId="2c0f875f-81f2-c750-710b-389c25472ce4" testName="ReapplySettings_CommandIsNull_Failure" computerName="DKSR-EFI-06" duration="00:00:00.0354406" startTime="2024-01-09T15:42:36.4352488+01:00" endTime="2024-01-09T15:42:36.4821241+01:00" testType="13cdc9d9-ddb5-4fa4-a97d-d965ccfc6d4b" outcome="Passed" testListId="8c84fa94-04c1-424b-9868-57a2d4851a1d" relativeResultsDirectory="a54cd714-b1b4-48a0-a0ae-1c85c254e6f1">
      <Output>
        <StdOut>Debug Trace:&#xD;
Fail: Command/Command handler type mismatch</StdOut>
      </Output>
    </UnitTestResult>
    <UnitTestResult executionId="c3f67126-c098-44c1-b5d4-54c5cd5f7b2a" testId="7206b9bd-2060-65ab-1157-fa40cde7e92d" testName="MediaDbRepairStatus_RepairCount_UpDown" computerName="DKSR-EFI-06" duration="00:00:00.0015252" startTime="2024-01-09T15:42:29.8570902+01:00" endTime="2024-01-09T15:42:29.8570902+01:00" testType="13cdc9d9-ddb5-4fa4-a97d-d965ccfc6d4b" outcome="Passed" testListId="8c84fa94-04c1-424b-9868-57a2d4851a1d" relativeResultsDirectory="c3f67126-c098-44c1-b5d4-54c5cd5f7b2a" />
    <UnitTestResult executionId="d6723bc7-5bd7-432b-92f5-ca4d0d571a22" testId="8c3be9b6-c14d-d356-a4eb-3109d2249f51" testName="SOAPCommandRequestHandler_ExecuteFunction_HandlePTZRectangle_Right_Not_Double" computerName="DKSR-EFI-06" duration="00:00:00.0009876" startTime="2024-01-09T15:42:16.3883311+01:00" endTime="2024-01-09T15:42:16.3883311+01:00" testType="13cdc9d9-ddb5-4fa4-a97d-d965ccfc6d4b" outcome="Passed" testListId="8c84fa94-04c1-424b-9868-57a2d4851a1d" relativeResultsDirectory="d6723bc7-5bd7-432b-92f5-ca4d0d571a22" />
    <UnitTestResult executionId="5a24a54b-c277-40d1-86f3-392a58ed3b43" testId="9867f707-d2cd-5e0b-65b7-7abbd2d8a3f8" testName="CreateSettingsForInitializeHardwareAndDeviceSettings_WithInitAttributes_Return_Settings" computerName="DKSR-EFI-06" duration="00:00:00.0384358" startTime="2024-01-09T15:42:00.2790180+01:00" endTime="2024-01-09T15:42:00.3102159+01:00" testType="13cdc9d9-ddb5-4fa4-a97d-d965ccfc6d4b" outcome="Passed" testListId="8c84fa94-04c1-424b-9868-57a2d4851a1d" relativeResultsDirectory="5a24a54b-c277-40d1-86f3-392a58ed3b43" />
    <UnitTestResult executionId="59510026-b97e-4c3f-a8ef-60e5686da1dd" testId="ff34db91-3566-fc69-4d08-3018efce0372" testName="DatabaseoperationCommandhandler_DiskUsageInformationTablesPerStorage_StorageOffline_AllSuccess" computerName="DKSR-EFI-06" duration="00:00:00.0014961" startTime="2024-01-09T15:42:31.1227187+01:00" endTime="2024-01-09T15:42:31.1227187+01:00" testType="13cdc9d9-ddb5-4fa4-a97d-d965ccfc6d4b" outcome="Passed" testListId="8c84fa94-04c1-424b-9868-57a2d4851a1d" relativeResultsDirectory="59510026-b97e-4c3f-a8ef-60e5686da1dd" />
    <UnitTestResult executionId="9dc80763-bcad-428b-8ac8-a85fdd3c18a9" testId="47ed7273-aafd-26ed-80e9-e9334a3bb694" testName="GetNetworkConfigurationCommandHandler_Execute_HardwareNotFound_Fails" computerName="DKSR-EFI-06" duration="00:00:00.0006558" startTime="2024-01-09T15:42:33.2008539+01:00" endTime="2024-01-09T15:42:33.2008539+01:00" testType="13cdc9d9-ddb5-4fa4-a97d-d965ccfc6d4b" outcome="Passed" testListId="8c84fa94-04c1-424b-9868-57a2d4851a1d" relativeResultsDirectory="9dc80763-bcad-428b-8ac8-a85fdd3c18a9" />
    <UnitTestResult executionId="d2dc735c-e180-4e99-a6e7-d0ebf319ca9d" testId="d0389a67-3bd2-daf8-7276-c5237526e530" testName="LicenseManager_FeatureExists_AxisOneClock_Fail" computerName="DKSR-EFI-06" duration="00:00:00.0010554" startTime="2024-01-09T15:42:19.7477088+01:00" endTime="2024-01-09T15:42:19.7477088+01:00" testType="13cdc9d9-ddb5-4fa4-a97d-d965ccfc6d4b" outcome="Passed" testListId="8c84fa94-04c1-424b-9868-57a2d4851a1d" relativeResultsDirectory="d2dc735c-e180-4e99-a6e7-d0ebf319ca9d" />
    <UnitTestResult executionId="231d9596-c10b-4fa7-9d60-176e0de5a2d8" testId="8e756632-0f2f-0bd3-91e9-9a495f840b99" testName="SOAPCommandRequestHandler_ExecuteFunction_HandleJPEGGetLive_NoDevice" computerName="DKSR-EFI-06" duration="00:00:00.0020023" startTime="2024-01-09T15:42:16.0602086+01:00" endTime="2024-01-09T15:42:16.0760618+01:00" testType="13cdc9d9-ddb5-4fa4-a97d-d965ccfc6d4b" outcome="Passed" testListId="8c84fa94-04c1-424b-9868-57a2d4851a1d" relativeResultsDirectory="231d9596-c10b-4fa7-9d60-176e0de5a2d8" />
    <UnitTestResult executionId="1ee4d04d-207a-4259-b8d2-885351c56442" testId="fcf15a82-da49-9157-48f3-b2714a89a09a" testName="PtzReleaseSessionCommandHandler_Execute_PtzException_InsufficientPermission" computerName="DKSR-EFI-06" duration="00:00:00.0004327" startTime="2024-01-09T15:42:36.2321230+01:00" endTime="2024-01-09T15:42:36.2321230+01:00" testType="13cdc9d9-ddb5-4fa4-a97d-d965ccfc6d4b" outcome="Passed" testListId="8c84fa94-04c1-424b-9868-57a2d4851a1d" relativeResultsDirectory="1ee4d04d-207a-4259-b8d2-885351c56442" />
    <UnitTestResult executionId="13505ff1-7fe9-4373-8c8a-05e71f06d5a3" testId="0bdbc067-abaa-25d9-5c3e-c9afc1940448" testName="CheckExternalRecorderRegistrationCommandHandler_Execute_HardwareBlocked_ErrorResponse" computerName="DKSR-EFI-06" duration="00:00:00.0006857" startTime="2024-01-09T15:42:30.8883401+01:00" endTime="2024-01-09T15:42:30.8883401+01:00" testType="13cdc9d9-ddb5-4fa4-a97d-d965ccfc6d4b" outcome="Passed" testListId="8c84fa94-04c1-424b-9868-57a2d4851a1d" relativeResultsDirectory="13505ff1-7fe9-4373-8c8a-05e71f06d5a3" />
    <UnitTestResult executionId="74880b99-4a2d-457c-bf6b-d610a8291f37" testId="4eb11ecf-1ec2-e871-0d3d-b6edf15574a8" testName="MediaDbRepairStatus_DefaultValues" computerName="DKSR-EFI-06" duration="00:00:00.0020348" startTime="2024-01-09T15:42:29.8414651+01:00" endTime="2024-01-09T15:42:29.8414651+01:00" testType="13cdc9d9-ddb5-4fa4-a97d-d965ccfc6d4b" outcome="Passed" testListId="8c84fa94-04c1-424b-9868-57a2d4851a1d" relativeResultsDirectory="74880b99-4a2d-457c-bf6b-d610a8291f37" />
    <UnitTestResult executionId="5fc615b7-ba6c-4039-ab62-c661768267fd" testId="6655f2de-68dc-155c-85bd-e9907fa4887a" testName="TestLiveTableStatusCreatedWithoutTableExists" computerName="DKSR-EFI-06" duration="00:00:00.0016760" startTime="2024-01-09T15:42:30.4039654+01:00" endTime="2024-01-09T15:42:30.4195897+01:00" testType="13cdc9d9-ddb5-4fa4-a97d-d965ccfc6d4b" outcome="Passed" testListId="8c84fa94-04c1-424b-9868-57a2d4851a1d" relativeResultsDirectory="5fc615b7-ba6c-4039-ab62-c661768267fd" />
    <UnitTestResult executionId="c088a991-6891-4224-9a55-14cf0c5f55e1" testId="1255307f-f6e6-fe6a-996c-4e1d632a87c8" testName="CollectRecorderInfoCommandXmlConverter_ArchiveProgress_Single_WithProgress" computerName="DKSR-EFI-06" duration="00:00:00.0026072" startTime="2024-01-09T15:42:31.0289639+01:00" endTime="2024-01-09T15:42:31.0445911+01:00" testType="13cdc9d9-ddb5-4fa4-a97d-d965ccfc6d4b" outcome="Passed" testListId="8c84fa94-04c1-424b-9868-57a2d4851a1d" relativeResultsDirectory="c088a991-6891-4224-9a55-14cf0c5f55e1" />
    <UnitTestResult executionId="6eb949f7-1c5f-47b2-8332-0d83b5233ee9" testId="dc3b414d-3101-de67-81a3-912339301d06" testName="SetConfiguration_Enable_Success" computerName="DKSR-EFI-06" duration="00:00:00.0171481" startTime="2024-01-09T15:42:19.4977095+01:00" endTime="2024-01-09T15:42:19.5133382+01:00" testType="13cdc9d9-ddb5-4fa4-a97d-d965ccfc6d4b" outcome="Passed" testListId="8c84fa94-04c1-424b-9868-57a2d4851a1d" relativeResultsDirectory="6eb949f7-1c5f-47b2-8332-0d83b5233ee9" />
    <UnitTestResult executionId="f8ef57b5-8c12-4c06-82fa-77eb27520df4" testId="e4f8f0bc-c9b6-343d-b37d-7ae5f9d6fe40" testName="ReadMessageHeaders_ReadRequestLine_SoapCommandWsdl_Success" computerName="DKSR-EFI-06" duration="00:00:00.0001367" startTime="2024-01-09T15:42:16.7945845+01:00" endTime="2024-01-09T15:42:16.7945845+01:00" testType="13cdc9d9-ddb5-4fa4-a97d-d965ccfc6d4b" outcome="Passed" testListId="8c84fa94-04c1-424b-9868-57a2d4851a1d" relativeResultsDirectory="f8ef57b5-8c12-4c06-82fa-77eb27520df4" />
    <UnitTestResult executionId="008694c0-1561-43be-acc9-473a18c081e9" testId="34ac2ba5-1b6f-85eb-c238-d653edd43abb" testName="SynchronizeDevicePresetsCommandHandler_Execute_QueryPresetsFromDevice_Throws_NotSupportedException" computerName="DKSR-EFI-06" duration="00:00:00.0010778" startTime="2024-01-09T15:42:37.0758770+01:00" endTime="2024-01-09T15:42:37.0758770+01:00" testType="13cdc9d9-ddb5-4fa4-a97d-d965ccfc6d4b" outcome="Passed" testListId="8c84fa94-04c1-424b-9868-57a2d4851a1d" relativeResultsDirectory="008694c0-1561-43be-acc9-473a18c081e9" />
    <UnitTestResult executionId="8ff7b2bd-99a1-4c18-9945-637c4bc3d391" testId="af960baf-0abc-1a8f-9a7c-3cac35e6212e" testName="SOAPCommandRequestHandler_ExecuteFunction_HandleSequencesGetAroundWithSpan_NoMaxCountBefore" computerName="DKSR-EFI-06" duration="00:00:00.0019257" startTime="2024-01-09T15:42:15.4352049+01:00" endTime="2024-01-09T15:42:15.4352049+01:00" testType="13cdc9d9-ddb5-4fa4-a97d-d965ccfc6d4b" outcome="Passed" testListId="8c84fa94-04c1-424b-9868-57a2d4851a1d" relativeResultsDirectory="8ff7b2bd-99a1-4c18-9945-637c4bc3d391" />
    <UnitTestResult executionId="a8692b72-a2e3-4c56-997d-aae86af3c6c0" testId="f931501c-4807-9aff-d0ed-8cd7305596fe" testName="SmartSearchHandlerForwardTestStartWithMotionButOutsideRecordingSequence" computerName="DKSR-EFI-06" duration="00:00:00.0008854" startTime="2024-01-09T15:42:17.6852095+01:00" endTime="2024-01-09T15:42:17.6852095+01:00" testType="13cdc9d9-ddb5-4fa4-a97d-d965ccfc6d4b" outcome="Passed" testListId="8c84fa94-04c1-424b-9868-57a2d4851a1d" relativeResultsDirectory="a8692b72-a2e3-4c56-997d-aae86af3c6c0" />
    <UnitTestResult executionId="89fc191b-08e2-4874-ae3d-05c0e38220ca" testId="68e12081-5f64-d897-b1b7-3bcfc154834b" testName="ResponseController_ValidBoolResponse_BoolResponseWithTokenAndCorrectBoolCalledOnCommManager" computerName="DKSR-EFI-06" duration="00:00:00.0010884" startTime="2024-01-09T15:42:02.7632946+01:00" endTime="2024-01-09T15:42:02.7632946+01:00" testType="13cdc9d9-ddb5-4fa4-a97d-d965ccfc6d4b" outcome="Passed" testListId="8c84fa94-04c1-424b-9868-57a2d4851a1d" relativeResultsDirectory="89fc191b-08e2-4874-ae3d-05c0e38220ca" />
    <UnitTestResult executionId="05d02b66-da38-4cc7-9a3d-79a9ff97a5ad" testId="4c0a7728-07c5-1587-3917-977dc230f1dd" testName="GetNetworkConfigurationCommandHandler_Execute_GetNetworkConfiguration_ThrowsGenericException_Errors" computerName="DKSR-EFI-06" duration="00:00:00.0008147" startTime="2024-01-09T15:42:33.2164788+01:00" endTime="2024-01-09T15:42:33.2164788+01:00" testType="13cdc9d9-ddb5-4fa4-a97d-d965ccfc6d4b" outcome="Passed" testListId="8c84fa94-04c1-424b-9868-57a2d4851a1d" relativeResultsDirectory="05d02b66-da38-4cc7-9a3d-79a9ff97a5ad" />
    <UnitTestResult executionId="8c98fa95-126f-48ab-8e83-286d079cce2d" testId="006047cf-5e82-e489-50ec-7332965c93af" testName="PerformDatabaseOperation_IsNull_BadRequestResult" computerName="DKSR-EFI-06" duration="00:00:00.0024124" startTime="2024-01-09T15:42:02.5289174+01:00" endTime="2024-01-09T15:42:02.5445400+01:00" testType="13cdc9d9-ddb5-4fa4-a97d-d965ccfc6d4b" outcome="Passed" testListId="8c84fa94-04c1-424b-9868-57a2d4851a1d" relativeResultsDirectory="8c98fa95-126f-48ab-8e83-286d079cce2d" />
    <UnitTestResult executionId="a55eb924-9c27-4fba-83c8-1399a9bedff5" testId="caf07dda-c82a-a2ab-15ae-7948fd8f2eac" testName="SOAPCommandRequestHandler_ExecuteFunction_HandleSmartSearchStart_NoSearchMaskSizeHeight" computerName="DKSR-EFI-06" duration="00:00:00.0011452" startTime="2024-01-09T15:42:15.5758320+01:00" endTime="2024-01-09T15:42:15.5758320+01:00" testType="13cdc9d9-ddb5-4fa4-a97d-d965ccfc6d4b" outcome="Passed" testListId="8c84fa94-04c1-424b-9868-57a2d4851a1d" relativeResultsDirectory="a55eb924-9c27-4fba-83c8-1399a9bedff5" />
    <UnitTestResult executionId="d2e70ec5-343d-4ff5-8d6d-2cd9873fe79a" testId="8b88a5a8-a08f-05c4-0c85-be7e4e86f442" testName="SetNetworkConfigurationCommandHandler_Execute_HardwareNotStarted_Errors" computerName="DKSR-EFI-06" duration="00:00:00.0007421" startTime="2024-01-09T15:42:36.9352976+01:00" endTime="2024-01-09T15:42:36.9352976+01:00" testType="13cdc9d9-ddb5-4fa4-a97d-d965ccfc6d4b" outcome="Passed" testListId="8c84fa94-04c1-424b-9868-57a2d4851a1d" relativeResultsDirectory="d2e70ec5-343d-4ff5-8d6d-2cd9873fe79a" />
    <UnitTestResult executionId="0dfd20c6-6264-44a4-b940-6ebf88a49df5" testId="b860f2de-4f50-bac4-73d1-0f027c6969b9" testName="SOAPCommandRequestHandler_ExecuteFunction_HandlePresetGetList_No_Security" computerName="DKSR-EFI-06" duration="00:00:00.0013849" startTime="2024-01-09T15:42:16.4196270+01:00" endTime="2024-01-09T15:42:16.4196270+01:00" testType="13cdc9d9-ddb5-4fa4-a97d-d965ccfc6d4b" outcome="Passed" testListId="8c84fa94-04c1-424b-9868-57a2d4851a1d" relativeResultsDirectory="0dfd20c6-6264-44a4-b940-6ebf88a49df5" />
    <UnitTestResult executionId="933fca10-4960-4247-9e45-0d6f4d0212d7" testId="e081e107-ad63-5f08-6c9c-789101f1b674" testName="FileUploadCommandHandler_Execute_NullOrIncorrectArgs_Throw" computerName="DKSR-EFI-06" duration="00:00:00.0090401" startTime="2024-01-09T15:42:31.8258412+01:00" endTime="2024-01-09T15:42:31.8258412+01:00" testType="13cdc9d9-ddb5-4fa4-a97d-d965ccfc6d4b" outcome="Passed" testListId="8c84fa94-04c1-424b-9868-57a2d4851a1d" relativeResultsDirectory="933fca10-4960-4247-9e45-0d6f4d0212d7">
      <Output>
        <StdOut>Debug Trace:&#xD;
Fail: Command/Command handler type mismatch&#xD;
Fail: Command/Command handler type mismatch&#xD;
Fail: Argument null.</StdOut>
      </Output>
    </UnitTestResult>
    <UnitTestResult executionId="970cad92-fa59-4b4d-9113-4b98b13358be" testId="b0d093d0-270e-e21c-eccf-9a8b90e8a5d8" testName="GetHardwareUsersCommandHandler_Execute_NullArgs_Throws" computerName="DKSR-EFI-06" duration="00:00:00.0090199" startTime="2024-01-09T15:42:33.0446044+01:00" endTime="2024-01-09T15:42:33.0446044+01:00" testType="13cdc9d9-ddb5-4fa4-a97d-d965ccfc6d4b" outcome="Passed" testListId="8c84fa94-04c1-424b-9868-57a2d4851a1d" relativeResultsDirectory="970cad92-fa59-4b4d-9113-4b98b13358be">
      <Output>
        <StdOut>Debug Trace:&#xD;
Fail: Command/Command handler type mismatch&#xD;
Fail: Argument null.</StdOut>
      </Output>
    </UnitTestResult>
    <UnitTestResult executionId="31f9501a-3708-424b-9047-eb97f23c02eb" testId="1fbc5687-6ba4-87b6-c908-876ee89b7e65" testName="SOAPCommandRequestHandler_ExecuteFunction_HandlePresetSet_NotSupported" computerName="DKSR-EFI-06" duration="00:00:00.0010721" startTime="2024-01-09T15:42:16.5602085+01:00" endTime="2024-01-09T15:42:16.5602085+01:00" testType="13cdc9d9-ddb5-4fa4-a97d-d965ccfc6d4b" outcome="Passed" testListId="8c84fa94-04c1-424b-9868-57a2d4851a1d" relativeResultsDirectory="31f9501a-3708-424b-9047-eb97f23c02eb" />
    <UnitTestResult executionId="04c9a784-ef94-4eb8-93a6-7ffa752e7c59" testId="8478dbe5-82ae-a5cf-14ed-dca0323d32ee" testName="ConfigureNotRecordingCamera" computerName="DKSR-EFI-06" duration="00:00:00.0021239" startTime="2024-01-09T15:42:19.1539609+01:00" endTime="2024-01-09T15:42:19.1539609+01:00" testType="13cdc9d9-ddb5-4fa4-a97d-d965ccfc6d4b" outcome="Passed" testListId="8c84fa94-04c1-424b-9868-57a2d4851a1d" relativeResultsDirectory="04c9a784-ef94-4eb8-93a6-7ffa752e7c59" />
    <UnitTestResult executionId="e061ce9f-8189-4245-9c10-e03335cf4968" testId="b477e2bc-bbce-3f9c-371f-276b31c16fbb" testName="SOAPCommandRequestHandler_ExecuteFunction_HandlePTZActivatePatrollingSchema_Not_Licensed" computerName="DKSR-EFI-06" duration="00:00:00.0013984" startTime="2024-01-09T15:42:16.5133339+01:00" endTime="2024-01-09T15:42:16.5133339+01:00" testType="13cdc9d9-ddb5-4fa4-a97d-d965ccfc6d4b" outcome="Passed" testListId="8c84fa94-04c1-424b-9868-57a2d4851a1d" relativeResultsDirectory="e061ce9f-8189-4245-9c10-e03335cf4968" />
    <UnitTestResult executionId="72978181-3686-42e3-b36e-b0ca75e76f92" testId="12d39289-b5d8-655f-ac60-910ceb6f32de" testName="SmartSearchHandlerBackwardTestNoData" computerName="DKSR-EFI-06" duration="00:00:00.0005991" startTime="2024-01-09T15:42:17.7008337+01:00" endTime="2024-01-09T15:42:17.7008337+01:00" testType="13cdc9d9-ddb5-4fa4-a97d-d965ccfc6d4b" outcome="Passed" testListId="8c84fa94-04c1-424b-9868-57a2d4851a1d" relativeResultsDirectory="72978181-3686-42e3-b36e-b0ca75e76f92" />
    <UnitTestResult executionId="6caae793-536e-4e17-8bb7-53d8cf7e34a7" testId="ce3fd1d7-d608-094f-073f-52226a53a166" testName="PtzReserveSessionCommandHandler_Execute_NotSupportedException" computerName="DKSR-EFI-06" duration="00:00:00.0022742" startTime="2024-01-09T15:42:36.2789978+01:00" endTime="2024-01-09T15:42:36.2946725+01:00" testType="13cdc9d9-ddb5-4fa4-a97d-d965ccfc6d4b" outcome="Passed" testListId="8c84fa94-04c1-424b-9868-57a2d4851a1d" relativeResultsDirectory="6caae793-536e-4e17-8bb7-53d8cf7e34a7" />
    <UnitTestResult executionId="cc8a19f8-25f9-4b83-aec4-e7c51bb2081e" testId="21e9ac61-4873-b24d-8bf7-3140e9df549f" testName="AudioPlayerOnSpeaker_PlayUsingCurrentThread_NoDevice" computerName="DKSR-EFI-06" duration="00:00:00.0013884" startTime="2024-01-09T15:42:38.7633832+01:00" endTime="2024-01-09T15:42:38.7633832+01:00" testType="13cdc9d9-ddb5-4fa4-a97d-d965ccfc6d4b" outcome="Passed" testListId="8c84fa94-04c1-424b-9868-57a2d4851a1d" relativeResultsDirectory="cc8a19f8-25f9-4b83-aec4-e7c51bb2081e" />
    <UnitTestResult executionId="8c14fc19-9c98-4dd5-a79e-471ffec7128b" testId="28c90e04-ea6b-65dc-f25c-1fb60858805f" testName="ArcStorage_Failure_Retry" computerName="DKSR-EFI-06" duration="00:00:00.0070464" startTime="2024-01-09T15:42:18.2320853+01:00" endTime="2024-01-09T15:42:18.2320853+01:00" testType="13cdc9d9-ddb5-4fa4-a97d-d965ccfc6d4b" outcome="Passed" testListId="8c84fa94-04c1-424b-9868-57a2d4851a1d" relativeResultsDirectory="8c14fc19-9c98-4dd5-a79e-471ffec7128b" />
    <UnitTestResult executionId="30131565-d909-4f49-871c-6a544d6ef7d5" testId="243d17f3-b3aa-1f7f-fe45-b270f1b10aac" testName="PtzStopSessionCommandHandler_Execute_PtzException_DeviceNotReady" computerName="DKSR-EFI-06" duration="00:00:00.0005382" startTime="2024-01-09T15:42:36.3571227+01:00" endTime="2024-01-09T15:42:36.3571227+01:00" testType="13cdc9d9-ddb5-4fa4-a97d-d965ccfc6d4b" outcome="Passed" testListId="8c84fa94-04c1-424b-9868-57a2d4851a1d" relativeResultsDirectory="30131565-d909-4f49-871c-6a544d6ef7d5" />
    <UnitTestResult executionId="30274763-0eb9-47be-9731-5ee32cc6e90a" testId="c5119167-542a-1fa8-3eab-4faee8345c63" testName="QueryDeviceEvidenceLockSizesCommandHandler_RecorderIsClosingNoAction" computerName="DKSR-EFI-06" duration="00:00:00.0034681" startTime="2024-01-09T15:42:36.4039974+01:00" endTime="2024-01-09T15:42:36.4039974+01:00" testType="13cdc9d9-ddb5-4fa4-a97d-d965ccfc6d4b" outcome="Passed" testListId="8c84fa94-04c1-424b-9868-57a2d4851a1d" relativeResultsDirectory="30274763-0eb9-47be-9731-5ee32cc6e90a" />
    <UnitTestResult executionId="d2e6b8ad-afe7-4f3c-811b-fa8203da2d1c" testId="ade80c07-6eec-3878-3c46-2f009575cf55" testName="DatabaseTaskCommandHandler_TableNameGenerator_GetDestinationNameForMovedTable_Success2" computerName="DKSR-EFI-06" duration="00:00:00.0001624" startTime="2024-01-09T15:42:31.1852158+01:00" endTime="2024-01-09T15:42:31.1852158+01:00" testType="13cdc9d9-ddb5-4fa4-a97d-d965ccfc6d4b" outcome="Passed" testListId="8c84fa94-04c1-424b-9868-57a2d4851a1d" relativeResultsDirectory="d2e6b8ad-afe7-4f3c-811b-fa8203da2d1c" />
    <UnitTestResult executionId="4fce2a4a-215c-4b4c-9289-cb7e5121fb88" testId="7361635d-0471-b883-2a3e-9e11ada3a373" testName="AddHardwareUserCommandHandler_Execute_NullOrIncorrectArgs_Throw" computerName="DKSR-EFI-06" duration="00:00:00.0218628" startTime="2024-01-09T15:42:30.5758392+01:00" endTime="2024-01-09T15:42:30.5914657+01:00" testType="13cdc9d9-ddb5-4fa4-a97d-d965ccfc6d4b" outcome="Passed" testListId="8c84fa94-04c1-424b-9868-57a2d4851a1d" relativeResultsDirectory="4fce2a4a-215c-4b4c-9289-cb7e5121fb88">
      <Output>
        <StdOut>Debug Trace:&#xD;
Fail: Command/Command handler type mismatch&#xD;
Fail: Command/Command handler type mismatch&#xD;
Fail: Argument null.</StdOut>
      </Output>
    </UnitTestResult>
    <UnitTestResult executionId="99703233-54fc-485a-a1ac-98a20e07a0c3" testId="02018c7c-3b54-9dc7-57c8-a9e8a6325e8e" testName="GetDatabaseInfo_ArchiveStorageNotFound_ArchiveHintTrue" computerName="DKSR-EFI-06" duration="00:00:00.0001809" startTime="2024-01-09T15:42:01.5132908+01:00" endTime="2024-01-09T15:42:01.5132908+01:00" testType="13cdc9d9-ddb5-4fa4-a97d-d965ccfc6d4b" outcome="Passed" testListId="8c84fa94-04c1-424b-9868-57a2d4851a1d" relativeResultsDirectory="99703233-54fc-485a-a1ac-98a20e07a0c3" />
    <UnitTestResult executionId="3dd0a090-3dc7-46a1-b2fb-6abbf24b07b7" testId="58dde6db-21b2-00a7-5cdd-3956243b7ad3" testName="FilterTrackIdsToThoseThatShouldNotHaveMediaOnRecorder_InternalStateStopped_ReturnsEmptyArray" computerName="DKSR-EFI-06" duration="00:00:00.0011458" startTime="2024-01-09T15:42:02.2632957+01:00" endTime="2024-01-09T15:42:02.2789166+01:00" testType="13cdc9d9-ddb5-4fa4-a97d-d965ccfc6d4b" outcome="Passed" testListId="8c84fa94-04c1-424b-9868-57a2d4851a1d" relativeResultsDirectory="3dd0a090-3dc7-46a1-b2fb-6abbf24b07b7" />
    <UnitTestResult executionId="2cf32b16-af49-4ea5-80cf-133e63a34670" testId="61bd2a93-8cfd-2596-ac4e-6755cde8791e" testName="RecStorage_Startup_NotAllowStart_KeepFailing_Failure_Retry" computerName="DKSR-EFI-06" duration="00:00:00.0018791" startTime="2024-01-09T15:42:18.2008360+01:00" endTime="2024-01-09T15:42:18.2008360+01:00" testType="13cdc9d9-ddb5-4fa4-a97d-d965ccfc6d4b" outcome="Passed" testListId="8c84fa94-04c1-424b-9868-57a2d4851a1d" relativeResultsDirectory="2cf32b16-af49-4ea5-80cf-133e63a34670" />
    <UnitTestResult executionId="d9904826-ee69-405b-bdf1-27d1e77cd0ff" testId="a6d890d9-ba20-2a4c-cb99-488fc7063ee6" testName="TriggerEventAsGlobal_IsValid_NoContent" computerName="DKSR-EFI-06" duration="00:00:00.0015536" startTime="2024-01-09T15:42:02.6226678+01:00" endTime="2024-01-09T15:42:02.6226678+01:00" testType="13cdc9d9-ddb5-4fa4-a97d-d965ccfc6d4b" outcome="Passed" testListId="8c84fa94-04c1-424b-9868-57a2d4851a1d" relativeResultsDirectory="d9904826-ee69-405b-bdf1-27d1e77cd0ff" />
    <UnitTestResult executionId="84419bce-36bd-4ee9-9191-082301ee937a" testId="26a4e123-0319-8283-49fd-7d8a635693ce" testName="TimeRangeConversionRangeBeforeStartTime" computerName="DKSR-EFI-06" duration="00:00:00.0010739" startTime="2024-01-09T15:42:29.9039644+01:00" endTime="2024-01-09T15:42:29.9039644+01:00" testType="13cdc9d9-ddb5-4fa4-a97d-d965ccfc6d4b" outcome="Passed" testListId="8c84fa94-04c1-424b-9868-57a2d4851a1d" relativeResultsDirectory="84419bce-36bd-4ee9-9191-082301ee937a">
      <Output>
        <StdOut>Debug Trace:&#xD;
Fail: Ranges contains invalid elements</StdOut>
      </Output>
    </UnitTestResult>
    <UnitTestResult executionId="1e09ab63-6773-42d8-bee3-a9a39a835310" testId="5fc1a897-2bad-bfc8-e907-547b72df22df" testName="ConnectSuccess_Goto_Exception" computerName="DKSR-EFI-06" duration="00:00:00.0166995" startTime="2024-01-09T15:42:12.8727023+01:00" endTime="2024-01-09T15:42:12.8883270+01:00" testType="13cdc9d9-ddb5-4fa4-a97d-d965ccfc6d4b" outcome="Passed" testListId="8c84fa94-04c1-424b-9868-57a2d4851a1d" relativeResultsDirectory="1e09ab63-6773-42d8-bee3-a9a39a835310" />
    <UnitTestResult executionId="34d94df0-f9f8-488e-bbe6-a1910390fe9b" testId="a59c7650-9c8e-5a66-cf4d-86415c1d057c" testName="ResponseController_TimeoutResponseNullInput_BadRequestResult" computerName="DKSR-EFI-06" duration="00:00:00.0004712" startTime="2024-01-09T15:42:02.7945433+01:00" endTime="2024-01-09T15:42:02.7945433+01:00" testType="13cdc9d9-ddb5-4fa4-a97d-d965ccfc6d4b" outcome="Passed" testListId="8c84fa94-04c1-424b-9868-57a2d4851a1d" relativeResultsDirectory="34d94df0-f9f8-488e-bbe6-a1910390fe9b" />
    <UnitTestResult executionId="76312d66-cbc1-4307-ab7d-ea1c5a70c2fc" testId="ba75125b-a219-892f-41c3-4bebe36d3c3d" testName="Transform_PrivactyMask_Null_ThrowsArgumentNullException" computerName="DKSR-EFI-06" duration="00:00:00.0063267" startTime="2024-01-09T15:42:15.1852073+01:00" endTime="2024-01-09T15:42:15.1852073+01:00" testType="13cdc9d9-ddb5-4fa4-a97d-d965ccfc6d4b" outcome="Passed" testListId="8c84fa94-04c1-424b-9868-57a2d4851a1d" relativeResultsDirectory="76312d66-cbc1-4307-ab7d-ea1c5a70c2fc">
      <Output>
        <StdOut>Debug Trace:&#xD;
Fail: Argument null&#xD;
Fail: Argument null</StdOut>
      </Output>
    </UnitTestResult>
    <UnitTestResult executionId="6c17e3a0-5ab0-4253-abd1-876abb73059a" testId="a499118d-35ef-b266-7ef2-2ca0b387f1f0" testName="PtzManager_Constructor_ArgumentNullException" computerName="DKSR-EFI-06" duration="00:00:00.0090712" startTime="2024-01-09T15:42:37.9196326+01:00" endTime="2024-01-09T15:42:37.9352577+01:00" testType="13cdc9d9-ddb5-4fa4-a97d-d965ccfc6d4b" outcome="Passed" testListId="8c84fa94-04c1-424b-9868-57a2d4851a1d" relativeResultsDirectory="6c17e3a0-5ab0-4253-abd1-876abb73059a">
      <Output>
        <StdOut>Debug Trace:&#xD;
Fail: Argument null&#xD;
Fail: Argument null&#xD;
Fail: Argument null</StdOut>
      </Output>
    </UnitTestResult>
    <UnitTestResult executionId="e43d616c-f679-4adb-a205-48d0fbfb596d" testId="02585d25-8458-a2d5-1a37-f8fdbb03b7f5" testName="FirmwareUpgradeCommandHandler_Execute_FirmwareUpgradeStatus_ThrowsReconnectingException_Errors" computerName="DKSR-EFI-06" duration="00:00:00.0016361" startTime="2024-01-09T15:42:32.9664781+01:00" endTime="2024-01-09T15:42:32.9821024+01:00" testType="13cdc9d9-ddb5-4fa4-a97d-d965ccfc6d4b" outcome="Passed" testListId="8c84fa94-04c1-424b-9868-57a2d4851a1d" relativeResultsDirectory="e43d616c-f679-4adb-a205-48d0fbfb596d" />
    <UnitTestResult executionId="8da678e4-3b05-448d-9ea0-7d7e6483e8a4" testId="a2bce702-365d-6ddb-20f6-5f22a941b354" testName="EvidenceLockOnOldRecorderCommandHandler_AddEvidenceLock_RowExists" computerName="DKSR-EFI-06" duration="00:00:00.0007828" startTime="2024-01-09T15:42:31.7789685+01:00" endTime="2024-01-09T15:42:31.7789685+01:00" testType="13cdc9d9-ddb5-4fa4-a97d-d965ccfc6d4b" outcome="Passed" testListId="8c84fa94-04c1-424b-9868-57a2d4851a1d" relativeResultsDirectory="8da678e4-3b05-448d-9ea0-7d7e6483e8a4" />
    <UnitTestResult executionId="e380c35f-c301-4498-ad63-6f60c43d3415" testId="8115ede1-3fe0-6ea9-9c40-67ab11fe3336" testName="AudioMessageManager_PlayAudioMessage_Stopped" computerName="DKSR-EFI-06" duration="00:00:00.0016278" startTime="2024-01-09T15:42:38.6071338+01:00" endTime="2024-01-09T15:42:38.6071338+01:00" testType="13cdc9d9-ddb5-4fa4-a97d-d965ccfc6d4b" outcome="Passed" testListId="8c84fa94-04c1-424b-9868-57a2d4851a1d" relativeResultsDirectory="e380c35f-c301-4498-ad63-6f60c43d3415" />
    <UnitTestResult executionId="9643a719-6ad3-4372-8376-332ea27e5165" testId="925bd70a-d73a-acfc-ef5a-67d128bee0e3" testName="SOAPCommandRequestHandler_ExecuteFunction_HandleOutputGetState_Success_Deactivated" computerName="DKSR-EFI-06" duration="00:00:00.0015992" startTime="2024-01-09T15:42:16.1227076+01:00" endTime="2024-01-09T15:42:16.1227076+01:00" testType="13cdc9d9-ddb5-4fa4-a97d-d965ccfc6d4b" outcome="Passed" testListId="8c84fa94-04c1-424b-9868-57a2d4851a1d" relativeResultsDirectory="9643a719-6ad3-4372-8376-332ea27e5165" />
    <UnitTestResult executionId="642e8148-cbf5-4002-a797-a53123a61673" testId="a390271f-9fc7-9f66-ea21-97ddf81114c3" testName="SOAPCommandRequestHandler_ExecuteFunction_HandleMulticastContinue_InvalidSessionId" computerName="DKSR-EFI-06" duration="00:00:00.0027204" startTime="2024-01-09T15:42:15.7945830+01:00" endTime="2024-01-09T15:42:15.7945830+01:00" testType="13cdc9d9-ddb5-4fa4-a97d-d965ccfc6d4b" outcome="Passed" testListId="8c84fa94-04c1-424b-9868-57a2d4851a1d" relativeResultsDirectory="642e8148-cbf5-4002-a797-a53123a61673" />
    <UnitTestResult executionId="72e8e83f-1412-410f-85c5-9262337cbd6f" testId="1ba1561c-f0fa-3c62-50fc-6a8fbfa90a60" testName="ConnectSuccess_FrameBrowseLayer_NoMedia" computerName="DKSR-EFI-06" duration="00:00:00.0030036" startTime="2024-01-09T15:42:13.1539564+01:00" endTime="2024-01-09T15:42:13.1539564+01:00" testType="13cdc9d9-ddb5-4fa4-a97d-d965ccfc6d4b" outcome="Passed" testListId="8c84fa94-04c1-424b-9868-57a2d4851a1d" relativeResultsDirectory="72e8e83f-1412-410f-85c5-9262337cbd6f" />
    <UnitTestResult executionId="fd756b09-a4c1-482e-b73e-e58620224706" testId="a29f3c96-61ec-8d2e-3d4e-4d7c87633011" testName="ConstructAndCallMethodsForNotConfiguredNotCamera" computerName="DKSR-EFI-06" duration="00:00:00.0004069" startTime="2024-01-09T15:42:19.2008343+01:00" endTime="2024-01-09T15:42:19.2008343+01:00" testType="13cdc9d9-ddb5-4fa4-a97d-d965ccfc6d4b" outcome="Passed" testListId="8c84fa94-04c1-424b-9868-57a2d4851a1d" relativeResultsDirectory="fd756b09-a4c1-482e-b73e-e58620224706" />
    <UnitTestResult executionId="c7a7e533-09a3-4953-a150-67070e6f74a5" testId="ac280fea-aebb-b911-3019-ace37fbbdbc4" testName="SOAPCommandRequestHandler_ExecuteFunction_HandlePresetGetList_Success" computerName="DKSR-EFI-06" duration="00:00:00.0031838" startTime="2024-01-09T15:42:16.4196270+01:00" endTime="2024-01-09T15:42:16.4196270+01:00" testType="13cdc9d9-ddb5-4fa4-a97d-d965ccfc6d4b" outcome="Passed" testListId="8c84fa94-04c1-424b-9868-57a2d4851a1d" relativeResultsDirectory="c7a7e533-09a3-4953-a150-67070e6f74a5" />
    <UnitTestResult executionId="fb335627-ad73-4018-97c7-70c61f4e65f1" testId="af873b35-5308-6a10-7a0f-62e9eb150c88" testName="SOAPCommandRequestHandler_ExecuteFunction_HandlePTZReserveSession_Not_Licensed" computerName="DKSR-EFI-06" duration="00:00:00.0012416" startTime="2024-01-09T15:42:16.4508330+01:00" endTime="2024-01-09T15:42:16.4508330+01:00" testType="13cdc9d9-ddb5-4fa4-a97d-d965ccfc6d4b" outcome="Passed" testListId="8c84fa94-04c1-424b-9868-57a2d4851a1d" relativeResultsDirectory="fb335627-ad73-4018-97c7-70c61f4e65f1" />
    <UnitTestResult executionId="e756c9f3-aa25-4adb-a10e-ced7eaf7ccae" testId="88fe4a5c-f3fc-7b4e-de6f-6aa9a569bea4" testName="SearchingForwardOverlapsLive" computerName="DKSR-EFI-06" duration="00:00:00.0010583" startTime="2024-01-09T15:42:19.2633348+01:00" endTime="2024-01-09T15:42:19.2633348+01:00" testType="13cdc9d9-ddb5-4fa4-a97d-d965ccfc6d4b" outcome="Passed" testListId="8c84fa94-04c1-424b-9868-57a2d4851a1d" relativeResultsDirectory="e756c9f3-aa25-4adb-a10e-ced7eaf7ccae" />
    <UnitTestResult executionId="d1be9e46-6f6a-402e-bc0e-bab408c28750" testId="ef59d40b-5543-ffd1-2a2d-387acc978edf" testName="SOAPCommandRequestHandler_ExecuteFunction_HandleSequencesGetAround_NoMaxCountAfter" computerName="DKSR-EFI-06" duration="00:00:00.0010869" startTime="2024-01-09T15:42:15.3883330+01:00" endTime="2024-01-09T15:42:15.3883330+01:00" testType="13cdc9d9-ddb5-4fa4-a97d-d965ccfc6d4b" outcome="Passed" testListId="8c84fa94-04c1-424b-9868-57a2d4851a1d" relativeResultsDirectory="d1be9e46-6f6a-402e-bc0e-bab408c28750" />
    <UnitTestResult executionId="94d82cba-d016-4c48-896d-5eabfd61a1d6" testId="b2a1b712-46a5-733f-1612-f15200d0057b" testName="CollectMediaStatusCommandHandler_No_Device_Object" computerName="DKSR-EFI-06" duration="00:00:00.0006796" startTime="2024-01-09T15:42:30.9664659+01:00" endTime="2024-01-09T15:42:30.9664659+01:00" testType="13cdc9d9-ddb5-4fa4-a97d-d965ccfc6d4b" outcome="Passed" testListId="8c84fa94-04c1-424b-9868-57a2d4851a1d" relativeResultsDirectory="94d82cba-d016-4c48-896d-5eabfd61a1d6" />
    <UnitTestResult executionId="5f5fc677-8dcb-498e-80b9-2885124690da" testId="10af1bbd-2222-8ba2-39db-7e12e812860a" testName="CollectMediaStatusCommandHandler_Device_Disabled" computerName="DKSR-EFI-06" duration="00:00:00.0006714" startTime="2024-01-09T15:42:30.9664659+01:00" endTime="2024-01-09T15:42:30.9664659+01:00" testType="13cdc9d9-ddb5-4fa4-a97d-d965ccfc6d4b" outcome="Passed" testListId="8c84fa94-04c1-424b-9868-57a2d4851a1d" relativeResultsDirectory="5f5fc677-8dcb-498e-80b9-2885124690da" />
    <UnitTestResult executionId="7af8d292-b56e-4458-bec7-48eabdf00eff" testId="def81f4b-a2c5-2562-14db-1ed0468c4fe5" testName="TimeRangeConversionOneRangeInsideStartAndEndTime" computerName="DKSR-EFI-06" duration="00:00:00.0005481" startTime="2024-01-09T15:42:29.8727151+01:00" endTime="2024-01-09T15:42:29.8727151+01:00" testType="13cdc9d9-ddb5-4fa4-a97d-d965ccfc6d4b" outcome="Passed" testListId="8c84fa94-04c1-424b-9868-57a2d4851a1d" relativeResultsDirectory="7af8d292-b56e-4458-bec7-48eabdf00eff" />
    <UnitTestResult executionId="7c5f8668-ed4e-4a4c-bb46-3411aff52784" testId="768837d1-698a-c042-b263-bf6dd8525485" testName="HardwareSetupInformationCommandHandler_Execute_DuplicateMac_Allowed_Success" computerName="DKSR-EFI-06" duration="00:00:00.1188571" startTime="2024-01-09T15:42:33.4508544+01:00" endTime="2024-01-09T15:42:33.5602335+01:00" testType="13cdc9d9-ddb5-4fa4-a97d-d965ccfc6d4b" outcome="Passed" testListId="8c84fa94-04c1-424b-9868-57a2d4851a1d" relativeResultsDirectory="7c5f8668-ed4e-4a4c-bb46-3411aff52784" />
    <UnitTestResult executionId="5d743bff-a086-4473-81e7-694634280dd7" testId="fc7e9908-3587-b14b-442e-5b6a1e61adc9" testName="DatabaseBankInfo_Sum_Online" computerName="DKSR-EFI-06" duration="00:00:00.0005800" startTime="2024-01-09T15:42:29.9508399+01:00" endTime="2024-01-09T15:42:29.9508399+01:00" testType="13cdc9d9-ddb5-4fa4-a97d-d965ccfc6d4b" outcome="Passed" testListId="8c84fa94-04c1-424b-9868-57a2d4851a1d" relativeResultsDirectory="5d743bff-a086-4473-81e7-694634280dd7" />
    <UnitTestResult executionId="66110a80-0caf-401d-badd-257b81d9bb8e" testId="4faa607d-3aad-d127-7190-31639410f00a" testName="PtzManagerDataHolder_GetSchema_Success" computerName="DKSR-EFI-06" duration="00:00:00.0005888" startTime="2024-01-09T15:42:37.1383775+01:00" endTime="2024-01-09T15:42:37.1383775+01:00" testType="13cdc9d9-ddb5-4fa4-a97d-d965ccfc6d4b" outcome="Passed" testListId="8c84fa94-04c1-424b-9868-57a2d4851a1d" relativeResultsDirectory="66110a80-0caf-401d-badd-257b81d9bb8e" />
    <UnitTestResult executionId="701c66b2-5a22-4dd8-af15-6eceb0b88cb3" testId="1136f19d-597b-e33e-2d0b-816a915a7044" testName="RecStorage_Startup_NotAllowStart_KeepFailing_PwFailure_KeepOffline" computerName="DKSR-EFI-06" duration="00:00:00.0011391" startTime="2024-01-09T15:42:18.2008360+01:00" endTime="2024-01-09T15:42:18.2008360+01:00" testType="13cdc9d9-ddb5-4fa4-a97d-d965ccfc6d4b" outcome="Passed" testListId="8c84fa94-04c1-424b-9868-57a2d4851a1d" relativeResultsDirectory="701c66b2-5a22-4dd8-af15-6eceb0b88cb3" />
    <UnitTestResult executionId="b8affb26-26b1-41d5-9911-9acd1d7a4e3e" testId="bad2289f-a6e1-a4e9-831a-da13c452c51c" testName="PtzManager_ForceReleaseLockedSessionFromExtension_Success" computerName="DKSR-EFI-06" duration="00:00:00.0012993" startTime="2024-01-09T15:42:38.3103082+01:00" endTime="2024-01-09T15:42:38.3103082+01:00" testType="13cdc9d9-ddb5-4fa4-a97d-d965ccfc6d4b" outcome="Passed" testListId="8c84fa94-04c1-424b-9868-57a2d4851a1d" relativeResultsDirectory="b8affb26-26b1-41d5-9911-9acd1d7a4e3e" />
    <UnitTestResult executionId="000e251b-e72f-45f3-9659-80a6b597424c" testId="c41a5798-1609-bef5-af4f-bd161fe6c1a0" testName="GetRecorderTasksWithPendingStop_InternalStateStartedNoTasks_ReturnsEmptyArray" computerName="DKSR-EFI-06" duration="00:00:00.0020275" startTime="2024-01-09T15:42:02.2476636+01:00" endTime="2024-01-09T15:42:02.2632957+01:00" testType="13cdc9d9-ddb5-4fa4-a97d-d965ccfc6d4b" outcome="Passed" testListId="8c84fa94-04c1-424b-9868-57a2d4851a1d" relativeResultsDirectory="000e251b-e72f-45f3-9659-80a6b597424c" />
    <UnitTestResult executionId="c603dc7b-c159-4587-a990-030c0835fe3a" testId="364ed2ff-1752-6dc3-9a45-656d3267a6f4" testName="SOAPCommandRequestHandler_ExecuteFunction_HandlePTZActivatePatrollingSchema_NoPatrollingSchemaId" computerName="DKSR-EFI-06" duration="00:00:00.0009511" startTime="2024-01-09T15:42:16.5133339+01:00" endTime="2024-01-09T15:42:16.5133339+01:00" testType="13cdc9d9-ddb5-4fa4-a97d-d965ccfc6d4b" outcome="Passed" testListId="8c84fa94-04c1-424b-9868-57a2d4851a1d" relativeResultsDirectory="c603dc7b-c159-4587-a990-030c0835fe3a" />
    <UnitTestResult executionId="2f24d061-5505-495f-bbf2-ff1cec0cd1ca" testId="e5d4bf48-cc51-e809-7812-46596c597626" testName="SOAPCommandRequestHandler_ExecuteFunction_HandleOutputTrigger_NoDuration" computerName="DKSR-EFI-06" duration="00:00:00.0004975" startTime="2024-01-09T15:42:16.1383355+01:00" endTime="2024-01-09T15:42:16.1383355+01:00" testType="13cdc9d9-ddb5-4fa4-a97d-d965ccfc6d4b" outcome="Passed" testListId="8c84fa94-04c1-424b-9868-57a2d4851a1d" relativeResultsDirectory="2f24d061-5505-495f-bbf2-ff1cec0cd1ca" />
    <UnitTestResult executionId="65a4fd5d-3b1f-4cee-8701-a0a99a57970a" testId="8847c611-e637-f135-d4ee-97217fce4955" testName="FailoverMediaMover_MoveMediaDataHere_Stop_Signalled" computerName="DKSR-EFI-06" duration="00:00:00.0051239" startTime="2024-01-09T15:42:01.3257836+01:00" endTime="2024-01-09T15:42:01.3414088+01:00" testType="13cdc9d9-ddb5-4fa4-a97d-d965ccfc6d4b" outcome="Passed" testListId="8c84fa94-04c1-424b-9868-57a2d4851a1d" relativeResultsDirectory="65a4fd5d-3b1f-4cee-8701-a0a99a57970a" />
    <UnitTestResult executionId="bb792347-9c02-4791-b43b-d7797baa9616" testId="64d1fcf6-1816-7581-4aa9-1d502df8a159" testName="DeleteHardwareUserCommandHandler_Execute_HardwareNotEnabled_Errors" computerName="DKSR-EFI-06" duration="00:00:00.0007519" startTime="2024-01-09T15:42:31.7164685+01:00" endTime="2024-01-09T15:42:31.7164685+01:00" testType="13cdc9d9-ddb5-4fa4-a97d-d965ccfc6d4b" outcome="Passed" testListId="8c84fa94-04c1-424b-9868-57a2d4851a1d" relativeResultsDirectory="bb792347-9c02-4791-b43b-d7797baa9616" />
    <UnitTestResult executionId="6ccd3479-4e5c-4212-84b3-977a39bbc748" testId="b77755e7-42cd-f184-7b35-a6128de820e4" testName="PrepareMoveHardwareCommandHandler_Execute_ResponseSink_Null_ArgumentException" computerName="DKSR-EFI-06" duration="00:00:00.0023357" startTime="2024-01-09T15:42:34.6539909+01:00" endTime="2024-01-09T15:42:34.6539909+01:00" testType="13cdc9d9-ddb5-4fa4-a97d-d965ccfc6d4b" outcome="Passed" testListId="8c84fa94-04c1-424b-9868-57a2d4851a1d" relativeResultsDirectory="6ccd3479-4e5c-4212-84b3-977a39bbc748">
      <Output>
        <StdOut>Debug Trace:&#xD;
Fail: Argument null.</StdOut>
      </Output>
    </UnitTestResult>
    <UnitTestResult executionId="2c206af6-27cc-42cf-a849-cec53deaee3f" testId="aba52ee4-f6f5-ae12-1c3c-1f0f18673b2e" testName="HardwareScanSession_TestStopWithoutStart" computerName="DKSR-EFI-06" duration="00:00:00.0867989" startTime="2024-01-09T15:42:19.9039597+01:00" endTime="2024-01-09T15:42:19.9820842+01:00" testType="13cdc9d9-ddb5-4fa4-a97d-d965ccfc6d4b" outcome="Passed" testListId="8c84fa94-04c1-424b-9868-57a2d4851a1d" relativeResultsDirectory="2c206af6-27cc-42cf-a849-cec53deaee3f" />
    <UnitTestResult executionId="c981c7e3-8273-4419-ae5b-3d2e819713b2" testId="0fa0b296-825d-51eb-b99d-20cf04cf2923" testName="RepairInfo_ParseRepairInfoXml_NotRepairXML_NotRepairing" computerName="DKSR-EFI-06" duration="00:00:00.0003118" startTime="2024-01-09T15:42:30.4664662+01:00" endTime="2024-01-09T15:42:30.4664662+01:00" testType="13cdc9d9-ddb5-4fa4-a97d-d965ccfc6d4b" outcome="Passed" testListId="8c84fa94-04c1-424b-9868-57a2d4851a1d" relativeResultsDirectory="c981c7e3-8273-4419-ae5b-3d2e819713b2" />
    <UnitTestResult executionId="7653cb27-206e-4905-9294-bee5e798b73d" testId="2ab34957-c977-2c1e-704f-3d8f1269fb08" testName="ConfigFromDatasetStartRecordingCamera" computerName="DKSR-EFI-06" duration="00:00:00.0074620" startTime="2024-01-09T15:42:19.2164613+01:00" endTime="2024-01-09T15:42:19.2164613+01:00" testType="13cdc9d9-ddb5-4fa4-a97d-d965ccfc6d4b" outcome="Passed" testListId="8c84fa94-04c1-424b-9868-57a2d4851a1d" relativeResultsDirectory="7653cb27-206e-4905-9294-bee5e798b73d" />
    <UnitTestResult executionId="bf2baa16-3351-4f57-84d8-c07a978ad633" testId="2bd15d14-647f-e616-2c0a-2b924f0f4906" testName="AudioPlayerOnSpeaker_PlayUsingCurrentThread_Stopped" computerName="DKSR-EFI-06" duration="00:00:00.0008310" startTime="2024-01-09T15:42:38.7008829+01:00" endTime="2024-01-09T15:42:38.7008829+01:00" testType="13cdc9d9-ddb5-4fa4-a97d-d965ccfc6d4b" outcome="Passed" testListId="8c84fa94-04c1-424b-9868-57a2d4851a1d" relativeResultsDirectory="bf2baa16-3351-4f57-84d8-c07a978ad633" />
    <UnitTestResult executionId="abddee79-dffd-488f-9da3-6a909a7fea22" testId="2b908fb7-b08c-080d-c013-0cb6e5bee8c3" testName="SOAPCommandRequestHandler_ExecuteFunction_HandleSequencesGetAroundWithSpan_NoMaxTimeAfter" computerName="DKSR-EFI-06" duration="00:00:00.0020916" startTime="2024-01-09T15:42:15.4352049+01:00" endTime="2024-01-09T15:42:15.4352049+01:00" testType="13cdc9d9-ddb5-4fa4-a97d-d965ccfc6d4b" outcome="Passed" testListId="8c84fa94-04c1-424b-9868-57a2d4851a1d" relativeResultsDirectory="abddee79-dffd-488f-9da3-6a909a7fea22" />
    <UnitTestResult executionId="a2740b6a-69f8-417e-82a6-238667ef0602" testId="54d4647f-2aaa-172d-abd6-1a48951c3396" testName="ArchiveSessionEnded_Success" computerName="DKSR-EFI-06" duration="00:00:00.0002876" startTime="2024-01-09T15:42:01.4820363+01:00" endTime="2024-01-09T15:42:01.4820363+01:00" testType="13cdc9d9-ddb5-4fa4-a97d-d965ccfc6d4b" outcome="Passed" testListId="8c84fa94-04c1-424b-9868-57a2d4851a1d" relativeResultsDirectory="a2740b6a-69f8-417e-82a6-238667ef0602" />
    <UnitTestResult executionId="49840c5a-0b21-4d8e-b142-4714e9bb8758" testId="a319cef0-3e15-f923-0e74-77ec35379415" testName="ConnectSuccess_Begin_Denied" computerName="DKSR-EFI-06" duration="00:00:00.0054288" startTime="2024-01-09T15:42:12.9664517+01:00" endTime="2024-01-09T15:42:12.9664517+01:00" testType="13cdc9d9-ddb5-4fa4-a97d-d965ccfc6d4b" outcome="Passed" testListId="8c84fa94-04c1-424b-9868-57a2d4851a1d" relativeResultsDirectory="49840c5a-0b21-4d8e-b142-4714e9bb8758" />
    <UnitTestResult executionId="14addc3a-0a98-45b9-b096-a5d13d287be3" testId="962ad370-2719-b2eb-b557-7133a1071704" testName="SOAPCommandRequestHandler_ExecuteFunction_HandleSmartSearchStart_NoSensitivity" computerName="DKSR-EFI-06" duration="00:00:00.0011019" startTime="2024-01-09T15:42:15.5445824+01:00" endTime="2024-01-09T15:42:15.5445824+01:00" testType="13cdc9d9-ddb5-4fa4-a97d-d965ccfc6d4b" outcome="Passed" testListId="8c84fa94-04c1-424b-9868-57a2d4851a1d" relativeResultsDirectory="14addc3a-0a98-45b9-b096-a5d13d287be3" />
    <UnitTestResult executionId="88d39bf3-10ec-4026-ad7d-d738f4efab40" testId="1da1ae08-79af-3038-8ed9-c572830558d6" testName="CollectMediaStatusCommandHandler_MediaDbBanksOffline" computerName="DKSR-EFI-06" duration="00:00:00.0002905" startTime="2024-01-09T15:42:30.9664659+01:00" endTime="2024-01-09T15:42:30.9664659+01:00" testType="13cdc9d9-ddb5-4fa4-a97d-d965ccfc6d4b" outcome="Passed" testListId="8c84fa94-04c1-424b-9868-57a2d4851a1d" relativeResultsDirectory="88d39bf3-10ec-4026-ad7d-d738f4efab40" />
    <UnitTestResult executionId="166c0d59-544b-4c15-9d11-ba0108695f59" testId="8f9a3242-57e5-a277-304e-59d280184022" testName="EdgeStorageLimitsCheckBandwidthWithLimitExceeded" computerName="DKSR-EFI-06" duration="00:00:00.0007329" startTime="2024-01-09T15:42:19.8570847+01:00" endTime="2024-01-09T15:42:19.8570847+01:00" testType="13cdc9d9-ddb5-4fa4-a97d-d965ccfc6d4b" outcome="Passed" testListId="8c84fa94-04c1-424b-9868-57a2d4851a1d" relativeResultsDirectory="166c0d59-544b-4c15-9d11-ba0108695f59" />
    <UnitTestResult executionId="fb2f9118-a426-4b27-a437-e9119b789721" testId="2788e7fe-8518-3dce-4bab-c40969b86930" testName="RegisterLiveTableExists" computerName="DKSR-EFI-06" duration="00:00:00.0023184" startTime="2024-01-09T15:42:30.3883396+01:00" endTime="2024-01-09T15:42:30.4039654+01:00" testType="13cdc9d9-ddb5-4fa4-a97d-d965ccfc6d4b" outcome="Passed" testListId="8c84fa94-04c1-424b-9868-57a2d4851a1d" relativeResultsDirectory="fb2f9118-a426-4b27-a437-e9119b789721" />
    <UnitTestResult executionId="0b436c91-05b8-4624-abec-3ddcc7231ec7" testId="ccb34df4-86e3-130c-4b84-9d98dd328c0f" testName="PtzReserveSessionCommandHandler_Execute_PtzException_DeviceNotFound" computerName="DKSR-EFI-06" duration="00:00:00.0004452" startTime="2024-01-09T15:42:36.2946725+01:00" endTime="2024-01-09T15:42:36.2946725+01:00" testType="13cdc9d9-ddb5-4fa4-a97d-d965ccfc6d4b" outcome="Passed" testListId="8c84fa94-04c1-424b-9868-57a2d4851a1d" relativeResultsDirectory="0b436c91-05b8-4624-abec-3ddcc7231ec7" />
    <UnitTestResult executionId="2aec4f1c-e6f1-4fea-a584-4381f365794c" testId="33417da9-8ad8-c514-6a49-2878692f6493" testName="SOAPCommandRequestHandler_ExecuteFunction_HandlePTZExtendedManualSession_Success" computerName="DKSR-EFI-06" duration="00:00:00.0021065" startTime="2024-01-09T15:42:16.4820841+01:00" endTime="2024-01-09T15:42:16.4820841+01:00" testType="13cdc9d9-ddb5-4fa4-a97d-d965ccfc6d4b" outcome="Passed" testListId="8c84fa94-04c1-424b-9868-57a2d4851a1d" relativeResultsDirectory="2aec4f1c-e6f1-4fea-a584-4381f365794c" />
    <UnitTestResult executionId="bf6a6914-b37e-4b9b-b609-fb19b7562d00" testId="e3fa8041-f9f7-df48-f05f-064b1b9f976b" testName="HardwareSetupInformationCommand_PostCommandIsValid_NoContent" computerName="DKSR-EFI-06" duration="00:00:00.0039518" startTime="2024-01-09T15:42:02.6539173+01:00" endTime="2024-01-09T15:42:02.6539173+01:00" testType="13cdc9d9-ddb5-4fa4-a97d-d965ccfc6d4b" outcome="Passed" testListId="8c84fa94-04c1-424b-9868-57a2d4851a1d" relativeResultsDirectory="bf6a6914-b37e-4b9b-b609-fb19b7562d00" />
    <UnitTestResult executionId="124f5c5d-a15c-4914-8aca-fa027e8d045a" testId="d8e46ffd-6776-a2cc-a5b4-d675b58a111e" testName="AudioPlayerOnSpeaker_PlayUsingCurrentThread" computerName="DKSR-EFI-06" duration="00:00:00.0635481" startTime="2024-01-09T15:42:38.6227585+01:00" endTime="2024-01-09T15:42:38.7008829+01:00" testType="13cdc9d9-ddb5-4fa4-a97d-d965ccfc6d4b" outcome="Passed" testListId="8c84fa94-04c1-424b-9868-57a2d4851a1d" relativeResultsDirectory="124f5c5d-a15c-4914-8aca-fa027e8d045a" />
    <UnitTestResult executionId="02540e69-f42a-4bf5-ae7b-ad099b5faf59" testId="f8798a06-bec2-cdf1-c5c3-040b6bbc7bd3" testName="GetNetworkConfigurationCommandHandler_Execute_GetNetworkConfiguration_ThrowsUnknownException_Errors" computerName="DKSR-EFI-06" duration="00:00:00.0025433" startTime="2024-01-09T15:42:33.2321086+01:00" endTime="2024-01-09T15:42:33.2321086+01:00" testType="13cdc9d9-ddb5-4fa4-a97d-d965ccfc6d4b" outcome="Passed" testListId="8c84fa94-04c1-424b-9868-57a2d4851a1d" relativeResultsDirectory="02540e69-f42a-4bf5-ae7b-ad099b5faf59" />
    <UnitTestResult executionId="37240c82-3dd2-4a56-8fe0-daec61df71cf" testId="5c75a430-77bf-290c-c3d3-c3f927b487ee" testName="GetHardwareUsersCommandHandler_Constructor_NullArg_Throws" computerName="DKSR-EFI-06" duration="00:00:00.0038709" startTime="2024-01-09T15:42:33.0289804+01:00" endTime="2024-01-09T15:42:33.0446044+01:00" testType="13cdc9d9-ddb5-4fa4-a97d-d965ccfc6d4b" outcome="Passed" testListId="8c84fa94-04c1-424b-9868-57a2d4851a1d" relativeResultsDirectory="37240c82-3dd2-4a56-8fe0-daec61df71cf" />
    <UnitTestResult executionId="5450b5ff-5587-48c7-8fb9-e7dc1efb884a" testId="2c94bf9d-4b8a-41a8-a139-1614d07c1390" testName="SetNetworkConfigurationCommandHandler_Execute_HardwareBlocked_Errors" computerName="DKSR-EFI-06" duration="00:00:00.0011500" startTime="2024-01-09T15:42:36.9352976+01:00" endTime="2024-01-09T15:42:36.9352976+01:00" testType="13cdc9d9-ddb5-4fa4-a97d-d965ccfc6d4b" outcome="Passed" testListId="8c84fa94-04c1-424b-9868-57a2d4851a1d" relativeResultsDirectory="5450b5ff-5587-48c7-8fb9-e7dc1efb884a" />
    <UnitTestResult executionId="4c25b731-7f19-4104-90de-0a3164862c9b" testId="0f9a2ddb-a9cb-d21e-eae3-4e8bb305fc77" testName="GetDatabaseInfo_BankID_NotGuid" computerName="DKSR-EFI-06" duration="00:00:00.0024093" startTime="2024-01-09T15:42:01.5289107+01:00" endTime="2024-01-09T15:42:01.5289107+01:00" testType="13cdc9d9-ddb5-4fa4-a97d-d965ccfc6d4b" outcome="Passed" testListId="8c84fa94-04c1-424b-9868-57a2d4851a1d" relativeResultsDirectory="4c25b731-7f19-4104-90de-0a3164862c9b" />
    <UnitTestResult executionId="335ba036-91db-4350-881f-334ccc0a9456" testId="290c1c4d-f869-be83-3d83-57c43f3d21d3" testName="ConnectSuccess_PrevWithTime_BeforeMedia" computerName="DKSR-EFI-06" duration="00:00:00.0021994" startTime="2024-01-09T15:42:12.9352025+01:00" endTime="2024-01-09T15:42:12.9352025+01:00" testType="13cdc9d9-ddb5-4fa4-a97d-d965ccfc6d4b" outcome="Passed" testListId="8c84fa94-04c1-424b-9868-57a2d4851a1d" relativeResultsDirectory="335ba036-91db-4350-881f-334ccc0a9456" />
    <UnitTestResult executionId="8c350272-f593-47d1-b30d-339e2c80980d" testId="4630f054-24b7-f798-f6aa-0f2c71e021d2" testName="MediaDbConfigurationWriter_WriteFailoverStorageConfiguration" computerName="DKSR-EFI-06" duration="00:00:00.0105606" startTime="2024-01-09T15:42:30.3727174+01:00" endTime="2024-01-09T15:42:30.3883396+01:00" testType="13cdc9d9-ddb5-4fa4-a97d-d965ccfc6d4b" outcome="Passed" testListId="8c84fa94-04c1-424b-9868-57a2d4851a1d" relativeResultsDirectory="8c350272-f593-47d1-b30d-339e2c80980d" />
    <UnitTestResult executionId="b66a4320-3706-4a73-b275-b3abb8ef4b97" testId="26e2aa31-b19a-1845-8c06-b89b0c1afe34" testName="PreferredAddressTable_Register_Two_Devices_Can_Have_Same_Preferred_Address" computerName="DKSR-EFI-06" duration="00:00:00.0004457" startTime="2024-01-09T15:42:19.6852255+01:00" endTime="2024-01-09T15:42:19.6852255+01:00" testType="13cdc9d9-ddb5-4fa4-a97d-d965ccfc6d4b" outcome="Passed" testListId="8c84fa94-04c1-424b-9868-57a2d4851a1d" relativeResultsDirectory="b66a4320-3706-4a73-b275-b3abb8ef4b97" />
    <UnitTestResult executionId="d6e1a863-bbce-4cb1-8cfb-0cc143673472" testId="88cfe221-1dfd-9aab-dd1e-f67f1b757601" testName="SOAPCommandRequestHandler_ExecuteFunction_HandleSendDriverCommandWithResponse_NoCommand" computerName="DKSR-EFI-06" duration="00:00:00.0008625" startTime="2024-01-09T15:42:15.8414554+01:00" endTime="2024-01-09T15:42:15.8414554+01:00" testType="13cdc9d9-ddb5-4fa4-a97d-d965ccfc6d4b" outcome="Passed" testListId="8c84fa94-04c1-424b-9868-57a2d4851a1d" relativeResultsDirectory="d6e1a863-bbce-4cb1-8cfb-0cc143673472" />
    <UnitTestResult executionId="f0c745a6-0e5a-43da-8ad0-1c009e9bcf74" testId="56a9da53-748d-8045-6ef2-fedcd94d62ae" testName="SOAPCommandRequestHandler_ExecuteFunction_HandlePTZCenter_CenterX_Not_Double" computerName="DKSR-EFI-06" duration="00:00:00.0005176" startTime="2024-01-09T15:42:16.1852100+01:00" endTime="2024-01-09T15:42:16.1852100+01:00" testType="13cdc9d9-ddb5-4fa4-a97d-d965ccfc6d4b" outcome="Passed" testListId="8c84fa94-04c1-424b-9868-57a2d4851a1d" relativeResultsDirectory="f0c745a6-0e5a-43da-8ad0-1c009e9bcf74" />
    <UnitTestResult executionId="c6598ab3-0af7-43d8-9aa4-faee875fa5e5" testId="2997dccb-198f-1bc8-7ae5-b9bd3bac6ede" testName="ResponseController_BoolResponseNullInput_BadRequestResult" computerName="DKSR-EFI-06" duration="00:00:00.0010058" startTime="2024-01-09T15:42:02.7632946+01:00" endTime="2024-01-09T15:42:02.7632946+01:00" testType="13cdc9d9-ddb5-4fa4-a97d-d965ccfc6d4b" outcome="Passed" testListId="8c84fa94-04c1-424b-9868-57a2d4851a1d" relativeResultsDirectory="c6598ab3-0af7-43d8-9aa4-faee875fa5e5" />
    <UnitTestResult executionId="500d5df2-d088-4c21-8c8a-34947c63f2fe" testId="267b1a2b-95b2-68a5-fcda-0a26d2cd3423" testName="RecStorage_Startup_AllowStart_NotKeepFailing_Ok" computerName="DKSR-EFI-06" duration="00:00:00.0016621" startTime="2024-01-09T15:42:18.1852094+01:00" endTime="2024-01-09T15:42:18.1852094+01:00" testType="13cdc9d9-ddb5-4fa4-a97d-d965ccfc6d4b" outcome="Passed" testListId="8c84fa94-04c1-424b-9868-57a2d4851a1d" relativeResultsDirectory="500d5df2-d088-4c21-8c8a-34947c63f2fe" />
    <UnitTestResult executionId="e7ebb3cb-6a58-495a-9314-8a974a21b987" testId="b5d4a09a-8d55-dd83-ee22-44db42c592da" testName="ReadMessageHeaders_ImageServer_RequestTooLarge" computerName="DKSR-EFI-06" duration="00:00:00.0010828" startTime="2024-01-09T15:42:16.8102078+01:00" endTime="2024-01-09T15:42:16.8102078+01:00" testType="13cdc9d9-ddb5-4fa4-a97d-d965ccfc6d4b" outcome="Passed" testListId="8c84fa94-04c1-424b-9868-57a2d4851a1d" relativeResultsDirectory="e7ebb3cb-6a58-495a-9314-8a974a21b987" />
    <UnitTestResult executionId="97586b93-3a3f-4794-8ae1-d818b87a9cae" testId="2f68f5f2-1b20-f1d7-25cc-825b8162878b" testName="SetupInitialHardwareUserCommandHandler_Constructor_NullArg_Throws" computerName="DKSR-EFI-06" duration="00:00:00.0009921" startTime="2024-01-09T15:42:36.9667190+01:00" endTime="2024-01-09T15:42:36.9667190+01:00" testType="13cdc9d9-ddb5-4fa4-a97d-d965ccfc6d4b" outcome="Passed" testListId="8c84fa94-04c1-424b-9868-57a2d4851a1d" relativeResultsDirectory="97586b93-3a3f-4794-8ae1-d818b87a9cae" />
    <UnitTestResult executionId="17cef00c-bd24-4334-86f5-eacbe0d3e39a" testId="675ad30a-8fb4-d768-7635-64655b88916d" testName="RepairInfo_ParseRepairInfoXml_EmptyXml_NotRepairing" computerName="DKSR-EFI-06" duration="00:00:00.0002314" startTime="2024-01-09T15:42:30.4664662+01:00" endTime="2024-01-09T15:42:30.4664662+01:00" testType="13cdc9d9-ddb5-4fa4-a97d-d965ccfc6d4b" outcome="Passed" testListId="8c84fa94-04c1-424b-9868-57a2d4851a1d" relativeResultsDirectory="17cef00c-bd24-4334-86f5-eacbe0d3e39a" />
    <UnitTestResult executionId="8370c79e-0373-4c41-bb86-4fb19e661bf2" testId="05ff1802-02e0-caac-c581-abbda79bfe56" testName="Ctor_Null_Throws_ArgumentNullException" computerName="DKSR-EFI-06" duration="00:00:00.0179963" startTime="2024-01-09T15:42:19.4352565+01:00" endTime="2024-01-09T15:42:19.4508356+01:00" testType="13cdc9d9-ddb5-4fa4-a97d-d965ccfc6d4b" outcome="Passed" testListId="8c84fa94-04c1-424b-9868-57a2d4851a1d" relativeResultsDirectory="8370c79e-0373-4c41-bb86-4fb19e661bf2">
      <Output>
        <StdOut>Debug Trace:&#xD;
Fail: Argument null</StdOut>
      </Output>
    </UnitTestResult>
    <UnitTestResult executionId="f83225de-3a06-44a6-9d30-1f901da50bce" testId="53bbb306-80cf-c04b-03aa-34af40311de5" testName="ConnectSuccess_FrameBrowseLayer_Prev" computerName="DKSR-EFI-06" duration="00:00:00.0089846" startTime="2024-01-09T15:42:13.1383261+01:00" endTime="2024-01-09T15:42:13.1383261+01:00" testType="13cdc9d9-ddb5-4fa4-a97d-d965ccfc6d4b" outcome="Passed" testListId="8c84fa94-04c1-424b-9868-57a2d4851a1d" relativeResultsDirectory="f83225de-3a06-44a6-9d30-1f901da50bce" />
    <UnitTestResult executionId="4ba8ba90-49f2-4f8d-bee5-c5231b062fda" testId="15a41eed-e791-397c-fd04-5f8c4a27a22e" testName="ConnectSuccessAdvancedVideoParams_ReplaceYesWithTrue_CameraWithTrack" computerName="DKSR-EFI-06" duration="00:00:00.0019383" startTime="2024-01-09T15:42:12.6852005+01:00" endTime="2024-01-09T15:42:12.7008277+01:00" testType="13cdc9d9-ddb5-4fa4-a97d-d965ccfc6d4b" outcome="Passed" testListId="8c84fa94-04c1-424b-9868-57a2d4851a1d" relativeResultsDirectory="4ba8ba90-49f2-4f8d-bee5-c5231b062fda" />
    <UnitTestResult executionId="f9a207d8-0cfe-4a94-952d-3f9bc7517fab" testId="12297819-a531-e9d2-9b5c-ff454020f994" testName="PrepareMoveHardwareCommandHandler_Execute_Hardware_Blocked_SuccessResponse" computerName="DKSR-EFI-06" duration="00:00:00.0022845" startTime="2024-01-09T15:42:34.6696142+01:00" endTime="2024-01-09T15:42:34.6696142+01:00" testType="13cdc9d9-ddb5-4fa4-a97d-d965ccfc6d4b" outcome="Passed" testListId="8c84fa94-04c1-424b-9868-57a2d4851a1d" relativeResultsDirectory="f9a207d8-0cfe-4a94-952d-3f9bc7517fab" />
    <UnitTestResult executionId="7135c8a2-a615-49b7-8490-8497f6f010a5" testId="39580f40-0bef-81f8-7235-89ab12e8c444" testName="MediaDbCache_GetDiskUsageInformationBank_Path_Null_ArgumentNullException" computerName="DKSR-EFI-06" duration="00:00:00.0040079" startTime="2024-01-09T15:42:30.1070939+01:00" endTime="2024-01-09T15:42:30.1070939+01:00" testType="13cdc9d9-ddb5-4fa4-a97d-d965ccfc6d4b" outcome="Passed" testListId="8c84fa94-04c1-424b-9868-57a2d4851a1d" relativeResultsDirectory="7135c8a2-a615-49b7-8490-8497f6f010a5">
      <Output>
        <StdOut>Debug Trace:&#xD;
Fail: Argument null.</StdOut>
      </Output>
    </UnitTestResult>
    <UnitTestResult executionId="c3009c85-9d1f-49cb-a93a-bba3e7239224" testId="92d55bf1-3cde-20d6-09db-88d6935f1eec" testName="IsInRange_ShouldReturnFalse_WhenAddressLessThanStart" computerName="DKSR-EFI-06" duration="00:00:00.0001470" startTime="2024-01-09T15:42:29.7945904+01:00" endTime="2024-01-09T15:42:29.7945904+01:00" testType="13cdc9d9-ddb5-4fa4-a97d-d965ccfc6d4b" outcome="Passed" testListId="8c84fa94-04c1-424b-9868-57a2d4851a1d" relativeResultsDirectory="c3009c85-9d1f-49cb-a93a-bba3e7239224" />
    <UnitTestResult executionId="dea5b7df-4baf-4912-813d-3f8316deed0a" testId="2886a1e5-b545-f681-6d8e-ded7da6dd0c9" testName="SOAPCommandRequestHandler_ExecuteFunction_HandleSequencesGetAroundWithSpan_NoMaxTimeBefore" computerName="DKSR-EFI-06" duration="00:00:00.0022967" startTime="2024-01-09T15:42:15.4196253+01:00" endTime="2024-01-09T15:42:15.4352049+01:00" testType="13cdc9d9-ddb5-4fa4-a97d-d965ccfc6d4b" outcome="Passed" testListId="8c84fa94-04c1-424b-9868-57a2d4851a1d" relativeResultsDirectory="dea5b7df-4baf-4912-813d-3f8316deed0a" />
    <UnitTestResult executionId="a3194e4b-8f8e-47d6-9421-9c119d427d7c" testId="ddea05b6-294c-0745-bd8f-cb8c657bcad0" testName="RemoveNotExistingRegistrationAllowed" computerName="DKSR-EFI-06" duration="00:00:00.0002845" startTime="2024-01-09T15:42:30.4039654+01:00" endTime="2024-01-09T15:42:30.4039654+01:00" testType="13cdc9d9-ddb5-4fa4-a97d-d965ccfc6d4b" outcome="Passed" testListId="8c84fa94-04c1-424b-9868-57a2d4851a1d" relativeResultsDirectory="a3194e4b-8f8e-47d6-9421-9c119d427d7c" />
    <UnitTestResult executionId="724b8e60-87a3-4962-b815-898f76434503" testId="5aa20bdb-510a-5a49-ef69-9a4f88c0b4d3" testName="CollectMediaStatusCommandHandler_FindTrackStaus_Media_Present" computerName="DKSR-EFI-06" duration="00:00:00.0024843" startTime="2024-01-09T15:42:30.9977165+01:00" endTime="2024-01-09T15:42:30.9977165+01:00" testType="13cdc9d9-ddb5-4fa4-a97d-d965ccfc6d4b" outcome="Passed" testListId="8c84fa94-04c1-424b-9868-57a2d4851a1d" relativeResultsDirectory="724b8e60-87a3-4962-b815-898f76434503" />
    <UnitTestResult executionId="82e3d78c-0807-4cf1-bf61-969356719131" testId="afe30091-8913-e04e-6aa4-a530d1b1b039" testName="PtzPatrollingSessionBase_SignalDeleteSchema_Success" computerName="DKSR-EFI-06" duration="00:00:00.0015246" startTime="2024-01-09T15:42:38.5446325+01:00" endTime="2024-01-09T15:42:38.5446325+01:00" testType="13cdc9d9-ddb5-4fa4-a97d-d965ccfc6d4b" outcome="Passed" testListId="8c84fa94-04c1-424b-9868-57a2d4851a1d" relativeResultsDirectory="82e3d78c-0807-4cf1-bf61-969356719131">
      <Output>
        <StdOut>Debug Trace:&#xD;
VideoOS.Recorder.PtzPatrollingSession session started</StdOut>
      </Output>
    </UnitTestResult>
    <UnitTestResult executionId="a6745b94-ba1e-467a-bb3d-1cb9e2347b91" testId="ad222203-2d97-008d-8192-c303782b71d9" testName="SOAPCommandRequestHandler_ExecuteFunction_HandleOutputGetState_NoDeviceId" computerName="DKSR-EFI-06" duration="00:00:00.0008851" startTime="2024-01-09T15:42:16.1070805+01:00" endTime="2024-01-09T15:42:16.1070805+01:00" testType="13cdc9d9-ddb5-4fa4-a97d-d965ccfc6d4b" outcome="Passed" testListId="8c84fa94-04c1-424b-9868-57a2d4851a1d" relativeResultsDirectory="a6745b94-ba1e-467a-bb3d-1cb9e2347b91" />
    <UnitTestResult executionId="00faa282-a33c-4284-8a4f-505e6fb2f9ab" testId="226d6fda-46cf-f08f-cf67-d3a9d71d5298" testName="DatabaseoperationCommandhandler_VerifyNewArchivePath_Failover_ReturnErrorResponse" computerName="DKSR-EFI-06" duration="00:00:00.0006756" startTime="2024-01-09T15:42:31.1539666+01:00" endTime="2024-01-09T15:42:31.1539666+01:00" testType="13cdc9d9-ddb5-4fa4-a97d-d965ccfc6d4b" outcome="Passed" testListId="8c84fa94-04c1-424b-9868-57a2d4851a1d" relativeResultsDirectory="00faa282-a33c-4284-8a4f-505e6fb2f9ab" />
    <UnitTestResult executionId="e5d04653-2898-4863-9cfd-e4a8819957b4" testId="e14319d9-d917-ec15-9844-7917e387086a" testName="SmartSearchHandlerForwardTestDataWithMotionOnly" computerName="DKSR-EFI-06" duration="00:00:00.0006221" startTime="2024-01-09T15:42:17.6695871+01:00" endTime="2024-01-09T15:42:17.6695871+01:00" testType="13cdc9d9-ddb5-4fa4-a97d-d965ccfc6d4b" outcome="Passed" testListId="8c84fa94-04c1-424b-9868-57a2d4851a1d" relativeResultsDirectory="e5d04653-2898-4863-9cfd-e4a8819957b4" />
    <UnitTestResult executionId="f33eb89a-b64a-4259-b167-2d2bd343dfd6" testId="67e568f4-2635-df03-0597-688e62982d3d" testName="ReapplySettings_StateIsNull_Failure" computerName="DKSR-EFI-06" duration="00:00:00.0221777" startTime="2024-01-09T15:42:36.4821241+01:00" endTime="2024-01-09T15:42:36.4977481+01:00" testType="13cdc9d9-ddb5-4fa4-a97d-d965ccfc6d4b" outcome="Passed" testListId="8c84fa94-04c1-424b-9868-57a2d4851a1d" relativeResultsDirectory="f33eb89a-b64a-4259-b167-2d2bd343dfd6">
      <Output>
        <StdOut>Debug Trace:&#xD;
Fail: The command handler expect an object that implements ICallContextInfo in the state parameter</StdOut>
      </Output>
    </UnitTestResult>
    <UnitTestResult executionId="87e7ff44-c158-4579-a9f0-5776bdf510ad" testId="5d79b4e4-9737-73a4-0296-d3511031e487" testName="SOAPCommandRequestHandler_ExecuteFunction_HandlePTZMoveStart_Success" computerName="DKSR-EFI-06" duration="00:00:00.0024171" startTime="2024-01-09T15:42:16.3258331+01:00" endTime="2024-01-09T15:42:16.3258331+01:00" testType="13cdc9d9-ddb5-4fa4-a97d-d965ccfc6d4b" outcome="Passed" testListId="8c84fa94-04c1-424b-9868-57a2d4851a1d" relativeResultsDirectory="87e7ff44-c158-4579-a9f0-5776bdf510ad" />
    <UnitTestResult executionId="7c946149-af62-4f7b-af47-b1198c16e8ab" testId="588bf695-5c81-90d2-eac0-94b20bf1d8df" testName="SOAPCommandRequestHandler_ExecuteFunction_HandlePTZCenter_CenterY_Not_Double" computerName="DKSR-EFI-06" duration="00:00:00.0005946" startTime="2024-01-09T15:42:16.1852100+01:00" endTime="2024-01-09T15:42:16.1852100+01:00" testType="13cdc9d9-ddb5-4fa4-a97d-d965ccfc6d4b" outcome="Passed" testListId="8c84fa94-04c1-424b-9868-57a2d4851a1d" relativeResultsDirectory="7c946149-af62-4f7b-af47-b1198c16e8ab" />
    <UnitTestResult executionId="242a6699-9136-47e6-b6da-77b4596e9095" testId="02e75450-ec29-44c6-12a5-8d90a0d4833b" testName="SOAPCommandRequestHandler_ExecuteFunction_HandlePresetMoveTo_NoPresetName" computerName="DKSR-EFI-06" duration="00:00:00.0009684" startTime="2024-01-09T15:42:16.4352076+01:00" endTime="2024-01-09T15:42:16.4352076+01:00" testType="13cdc9d9-ddb5-4fa4-a97d-d965ccfc6d4b" outcome="Passed" testListId="8c84fa94-04c1-424b-9868-57a2d4851a1d" relativeResultsDirectory="242a6699-9136-47e6-b6da-77b4596e9095" />
    <UnitTestResult executionId="13c6c3c3-9f13-4c70-a399-a950ad9653b8" testId="7ac6d2bb-2ae4-662d-70bb-323f78a4d416" testName="ConnectSuccess_NextSeqTime" computerName="DKSR-EFI-06" duration="00:00:00.0078407" startTime="2024-01-09T15:42:12.9977050+01:00" endTime="2024-01-09T15:42:13.0150734+01:00" testType="13cdc9d9-ddb5-4fa4-a97d-d965ccfc6d4b" outcome="Passed" testListId="8c84fa94-04c1-424b-9868-57a2d4851a1d" relativeResultsDirectory="13c6c3c3-9f13-4c70-a399-a950ad9653b8" />
    <UnitTestResult executionId="6dbf8fa0-e4ae-4602-9ffd-78a46b3ba053" testId="9a0bb723-0bdb-ba03-fb13-485ed2050142" testName="ProcessRequest_Json_Success" computerName="DKSR-EFI-06" duration="00:00:00.0787863" startTime="2024-01-09T15:42:16.6383327+01:00" endTime="2024-01-09T15:42:16.7164581+01:00" testType="13cdc9d9-ddb5-4fa4-a97d-d965ccfc6d4b" outcome="Passed" testListId="8c84fa94-04c1-424b-9868-57a2d4851a1d" relativeResultsDirectory="6dbf8fa0-e4ae-4602-9ffd-78a46b3ba053" />
    <UnitTestResult executionId="cf41ad6e-7ee1-46b4-9922-4a851441dc31" testId="f5ab79e3-803b-bf2c-0bf1-3e840dcef81b" testName="GetAbsolutePtzPositionCommandHandler_Constructor_Argument_Exception" computerName="DKSR-EFI-06" duration="00:00:00.0059428" startTime="2024-01-09T15:42:32.9977268+01:00" endTime="2024-01-09T15:42:32.9977268+01:00" testType="13cdc9d9-ddb5-4fa4-a97d-d965ccfc6d4b" outcome="Passed" testListId="8c84fa94-04c1-424b-9868-57a2d4851a1d" relativeResultsDirectory="cf41ad6e-7ee1-46b4-9922-4a851441dc31">
      <Output>
        <StdOut>Debug Trace:&#xD;
Fail: Argument null</StdOut>
      </Output>
    </UnitTestResult>
    <UnitTestResult executionId="69857ec1-24b0-4adf-bf85-d2510fb222aa" testId="d5fc2921-49e9-457b-e57f-91fa957c113c" testName="Start_CalledTwice_ShouldFail" computerName="DKSR-EFI-06" duration="00:00:00.0003766" startTime="2024-01-09T15:42:29.6539651+01:00" endTime="2024-01-09T15:42:29.6695891+01:00" testType="13cdc9d9-ddb5-4fa4-a97d-d965ccfc6d4b" outcome="Passed" testListId="8c84fa94-04c1-424b-9868-57a2d4851a1d" relativeResultsDirectory="69857ec1-24b0-4adf-bf85-d2510fb222aa" />
    <UnitTestResult executionId="ee6a7a4f-5310-4129-9f59-4dcee43dcd9b" testId="1339fa88-0b32-721b-237e-2d3d86ed2056" testName="GetSettingAsInt16_NonExistingSetting_Throws_InvalidMulticastSettingsException" computerName="DKSR-EFI-06" duration="00:00:00.0003941" startTime="2024-01-09T15:42:19.6696042+01:00" endTime="2024-01-09T15:42:19.6696042+01:00" testType="13cdc9d9-ddb5-4fa4-a97d-d965ccfc6d4b" outcome="Passed" testListId="8c84fa94-04c1-424b-9868-57a2d4851a1d" relativeResultsDirectory="ee6a7a4f-5310-4129-9f59-4dcee43dcd9b" />
    <UnitTestResult executionId="910d6253-543b-420e-8237-e2095c9fb59a" testId="e90d824f-6012-1f24-1454-19b6ed28214d" testName="AddStatus_SendsFailoverStatus_OnRecorderStartedAsFailover" computerName="DKSR-EFI-06" duration="00:00:00.0006021" startTime="2024-01-09T15:42:01.6695362+01:00" endTime="2024-01-09T15:42:01.6695362+01:00" testType="13cdc9d9-ddb5-4fa4-a97d-d965ccfc6d4b" outcome="Passed" testListId="8c84fa94-04c1-424b-9868-57a2d4851a1d" relativeResultsDirectory="910d6253-543b-420e-8237-e2095c9fb59a" />
    <UnitTestResult executionId="8cc4df73-b6bf-495c-920e-350eef45fee9" testId="992a84e9-d69e-6a2a-f3dc-f6ad5de98e90" testName="SetupInitialHardwareUserCommandHandler_Execute_SetupUser_ThrowsUserHandlingOperationalOtherError_Errors" computerName="DKSR-EFI-06" duration="00:00:00.0008544" startTime="2024-01-09T15:42:37.0289991+01:00" endTime="2024-01-09T15:42:37.0289991+01:00" testType="13cdc9d9-ddb5-4fa4-a97d-d965ccfc6d4b" outcome="Passed" testListId="8c84fa94-04c1-424b-9868-57a2d4851a1d" relativeResultsDirectory="8cc4df73-b6bf-495c-920e-350eef45fee9" />
    <UnitTestResult executionId="6f4b0e0f-3038-4c32-8026-aad02177f70c" testId="58a4dcc3-1748-b691-5721-762019d15680" testName="GetStatistics_Framerate_MPEG_100_Percent" computerName="DKSR-EFI-06" duration="00:00:00.0007321" startTime="2024-01-09T15:42:19.3258361+01:00" endTime="2024-01-09T15:42:19.3258361+01:00" testType="13cdc9d9-ddb5-4fa4-a97d-d965ccfc6d4b" outcome="Passed" testListId="8c84fa94-04c1-424b-9868-57a2d4851a1d" relativeResultsDirectory="6f4b0e0f-3038-4c32-8026-aad02177f70c" />
    <UnitTestResult executionId="c5f7efc8-52f9-42f2-8ba8-3eef5658a5b7" testId="b321bf5a-fd2d-4b0b-5379-83f479a73f05" testName="DatabaseoperationCommandhandler_VerifyPath_Failover_ReturnErrorResponse" computerName="DKSR-EFI-06" duration="00:00:00.0007274" startTime="2024-01-09T15:42:31.1539666+01:00" endTime="2024-01-09T15:42:31.1539666+01:00" testType="13cdc9d9-ddb5-4fa4-a97d-d965ccfc6d4b" outcome="Passed" testListId="8c84fa94-04c1-424b-9868-57a2d4851a1d" relativeResultsDirectory="c5f7efc8-52f9-42f2-8ba8-3eef5658a5b7" />
    <UnitTestResult executionId="910533d1-9238-4ee8-ae0c-57aa8a1123ff" testId="4937a82f-e444-8273-914e-c5305909eaff" testName="PrepareMoveHardwareCommandHandler_Execute_Hardware_Not_Found_SuccessResponse" computerName="DKSR-EFI-06" duration="00:00:00.0036893" startTime="2024-01-09T15:42:34.6696142+01:00" endTime="2024-01-09T15:42:34.6696142+01:00" testType="13cdc9d9-ddb5-4fa4-a97d-d965ccfc6d4b" outcome="Passed" testListId="8c84fa94-04c1-424b-9868-57a2d4851a1d" relativeResultsDirectory="910533d1-9238-4ee8-ae0c-57aa8a1123ff" />
    <UnitTestResult executionId="29469404-73b5-4332-b83c-7cd73b0ac225" testId="e821b0ad-fab3-7a95-fead-f5d4e3ae6201" testName="PtzStopSessionCommandHandler_Execute_No_Security_Token" computerName="DKSR-EFI-06" duration="00:00:00.0009742" startTime="2024-01-09T15:42:36.3414997+01:00" endTime="2024-01-09T15:42:36.3414997+01:00" testType="13cdc9d9-ddb5-4fa4-a97d-d965ccfc6d4b" outcome="Passed" testListId="8c84fa94-04c1-424b-9868-57a2d4851a1d" relativeResultsDirectory="29469404-73b5-4332-b83c-7cd73b0ac225" />
    <UnitTestResult executionId="6eb1d765-4dd2-4aa0-bb3e-e8fb2cc462f4" testId="fe3d5e92-bf5b-5981-1f4a-9ee48255a44e" testName="UpdateRecorderTaskProgressAsync_NotConnectedAndBetween1And99_ShouldNotQueueCommand" computerName="DKSR-EFI-06" duration="00:00:00.0009062" startTime="2024-01-09T15:42:02.3570417+01:00" endTime="2024-01-09T15:42:02.3570417+01:00" testType="13cdc9d9-ddb5-4fa4-a97d-d965ccfc6d4b" outcome="Passed" testListId="8c84fa94-04c1-424b-9868-57a2d4851a1d" relativeResultsDirectory="6eb1d765-4dd2-4aa0-bb3e-e8fb2cc462f4" />
    <UnitTestResult executionId="24a67295-f835-44d0-9548-4cbc8e628494" testId="39e8a3bf-f5ea-1942-fcd6-4f40fff621b0" testName="PtzManager_ExecutePtzRequest_Success" computerName="DKSR-EFI-06" duration="00:00:00.0028741" startTime="2024-01-09T15:42:38.1071332+01:00" endTime="2024-01-09T15:42:38.1071332+01:00" testType="13cdc9d9-ddb5-4fa4-a97d-d965ccfc6d4b" outcome="Passed" testListId="8c84fa94-04c1-424b-9868-57a2d4851a1d" relativeResultsDirectory="24a67295-f835-44d0-9548-4cbc8e628494" />
    <UnitTestResult executionId="c2d97348-ed57-4db8-b544-c50937507b30" testId="279ef243-f59c-b7ed-7e28-7e46d8077385" testName="ArcStorage_Ok" computerName="DKSR-EFI-06" duration="00:00:00.0080699" startTime="2024-01-09T15:42:18.2164592+01:00" endTime="2024-01-09T15:42:18.2320853+01:00" testType="13cdc9d9-ddb5-4fa4-a97d-d965ccfc6d4b" outcome="Passed" testListId="8c84fa94-04c1-424b-9868-57a2d4851a1d" relativeResultsDirectory="c2d97348-ed57-4db8-b544-c50937507b30" />
    <UnitTestResult executionId="2c1f228d-0e53-4a03-98a8-467097437a3f" testId="f55f56e8-4ed9-047c-5b59-43baeffc38f2" testName="SOAPCommandRequestHandler_ExecuteFunction_HandleStopManualRecording_Success" computerName="DKSR-EFI-06" duration="00:00:00.0067969" startTime="2024-01-09T15:42:15.9664566+01:00" endTime="2024-01-09T15:42:15.9664566+01:00" testType="13cdc9d9-ddb5-4fa4-a97d-d965ccfc6d4b" outcome="Passed" testListId="8c84fa94-04c1-424b-9868-57a2d4851a1d" relativeResultsDirectory="2c1f228d-0e53-4a03-98a8-467097437a3f" />
    <UnitTestResult executionId="a4cbe918-5902-4c5b-b6d1-0131d38fd1a3" testId="ebe473c0-4546-ef14-e351-e74aa8e18fb6" testName="SmartSearchHandlerFirstHitTestStatusAndResult" computerName="DKSR-EFI-06" duration="00:00:00.0056434" startTime="2024-01-09T15:42:17.6070840+01:00" endTime="2024-01-09T15:42:17.6227083+01:00" testType="13cdc9d9-ddb5-4fa4-a97d-d965ccfc6d4b" outcome="Passed" testListId="8c84fa94-04c1-424b-9868-57a2d4851a1d" relativeResultsDirectory="a4cbe918-5902-4c5b-b6d1-0131d38fd1a3" />
    <UnitTestResult executionId="a01d4910-5918-49d7-8a4a-85997acb9e60" testId="d48b09cc-b7fc-08ec-0ebf-0631fd2160f8" testName="GetHardwareUsersCommandHandler_Execute_HardwareNotFound_Fails" computerName="DKSR-EFI-06" duration="00:00:00.0006879" startTime="2024-01-09T15:42:33.1071044+01:00" endTime="2024-01-09T15:42:33.1071044+01:00" testType="13cdc9d9-ddb5-4fa4-a97d-d965ccfc6d4b" outcome="Passed" testListId="8c84fa94-04c1-424b-9868-57a2d4851a1d" relativeResultsDirectory="a01d4910-5918-49d7-8a4a-85997acb9e60" />
    <UnitTestResult executionId="dccfe4ff-4638-4a41-9c51-f35d8f35da85" testId="05902154-19c0-820e-ac4d-8b29c50acb9c" testName="CallStartMethodForNotCamera" computerName="DKSR-EFI-06" duration="00:00:00.0026769" startTime="2024-01-09T15:42:19.2008343+01:00" endTime="2024-01-09T15:42:19.2008343+01:00" testType="13cdc9d9-ddb5-4fa4-a97d-d965ccfc6d4b" outcome="Passed" testListId="8c84fa94-04c1-424b-9868-57a2d4851a1d" relativeResultsDirectory="dccfe4ff-4638-4a41-9c51-f35d8f35da85" />
    <UnitTestResult executionId="6c1efcf4-fff7-4255-ac2b-54f2e71d66e2" testId="676da098-943f-606b-3ca8-01773813a201" testName="UpdateConfigurationFromDiffGram_Enable_Success" computerName="DKSR-EFI-06" duration="00:00:00.0201479" startTime="2024-01-09T15:42:19.5289600+01:00" endTime="2024-01-09T15:42:19.5445885+01:00" testType="13cdc9d9-ddb5-4fa4-a97d-d965ccfc6d4b" outcome="Passed" testListId="8c84fa94-04c1-424b-9868-57a2d4851a1d" relativeResultsDirectory="6c1efcf4-fff7-4255-ac2b-54f2e71d66e2" />
    <UnitTestResult executionId="7f81c1d3-dc50-4fe9-bdff-f9f6e213454b" testId="98f2e5ed-1941-76bc-7c6c-47f3b873fdb1" testName="SetTransactionId_Works" computerName="DKSR-EFI-06" duration="00:00:00.0005329" startTime="2024-01-09T15:42:17.5289580+01:00" endTime="2024-01-09T15:42:17.5289580+01:00" testType="13cdc9d9-ddb5-4fa4-a97d-d965ccfc6d4b" outcome="Passed" testListId="8c84fa94-04c1-424b-9868-57a2d4851a1d" relativeResultsDirectory="7f81c1d3-dc50-4fe9-bdff-f9f6e213454b" />
    <UnitTestResult executionId="4da81af5-22b2-4fed-8fec-94dafdba8d19" testId="baff1e4c-b682-9019-04f4-ee7c6241c8fb" testName="SOAPCommandRequestHandler_ExecuteFunction_HandlePTZDeactivatePatrollingSchema_NoDeviceId" computerName="DKSR-EFI-06" duration="00:00:00.0018887" startTime="2024-01-09T15:42:16.5289569+01:00" endTime="2024-01-09T15:42:16.5289569+01:00" testType="13cdc9d9-ddb5-4fa4-a97d-d965ccfc6d4b" outcome="Passed" testListId="8c84fa94-04c1-424b-9868-57a2d4851a1d" relativeResultsDirectory="4da81af5-22b2-4fed-8fec-94dafdba8d19" />
    <UnitTestResult executionId="684449a4-5f9a-4d99-b3d2-556297d49732" testId="5e445673-c136-e2e8-73ef-d1a78293d9cf" testName="PrepareMoveHardwareCommandHandler_Clone_Returns_Same_Reference" computerName="DKSR-EFI-06" duration="00:00:00.0005694" startTime="2024-01-09T15:42:34.6539909+01:00" endTime="2024-01-09T15:42:34.6539909+01:00" testType="13cdc9d9-ddb5-4fa4-a97d-d965ccfc6d4b" outcome="Passed" testListId="8c84fa94-04c1-424b-9868-57a2d4851a1d" relativeResultsDirectory="684449a4-5f9a-4d99-b3d2-556297d49732" />
    <UnitTestResult executionId="0e5cd108-d817-495c-ad23-8b1d5b95ed53" testId="edeb0151-49f5-2be5-1026-0c32117b919b" testName="GetHardwareUsersCommandHandler_Execute_GetHardwareUsersResponseReturned" computerName="DKSR-EFI-06" duration="00:00:00.0131184" startTime="2024-01-09T15:42:33.0602279+01:00" endTime="2024-01-09T15:42:33.0758577+01:00" testType="13cdc9d9-ddb5-4fa4-a97d-d965ccfc6d4b" outcome="Passed" testListId="8c84fa94-04c1-424b-9868-57a2d4851a1d" relativeResultsDirectory="0e5cd108-d817-495c-ad23-8b1d5b95ed53" />
    <UnitTestResult executionId="a6518b71-b2f8-4d93-b5e0-4a6fd02e79ec" testId="2237c7c1-3704-cc84-2e1f-9ea6af15525c" testName="ConnectSuccess_End_Exception" computerName="DKSR-EFI-06" duration="00:00:00.0028679" startTime="2024-01-09T15:42:12.9977050+01:00" endTime="2024-01-09T15:42:12.9977050+01:00" testType="13cdc9d9-ddb5-4fa4-a97d-d965ccfc6d4b" outcome="Passed" testListId="8c84fa94-04c1-424b-9868-57a2d4851a1d" relativeResultsDirectory="a6518b71-b2f8-4d93-b5e0-4a6fd02e79ec" />
    <UnitTestResult executionId="2091c6b6-8494-46b4-b740-af1a337debc3" testId="ac9e9097-86ee-f6e7-4b59-9ca177ce9c0e" testName="ActivateArchiving_PostCommandIsNull_BadRequestResult" computerName="DKSR-EFI-06" duration="00:00:00.0013418" startTime="2024-01-09T15:42:02.5601686+01:00" endTime="2024-01-09T15:42:02.5601686+01:00" testType="13cdc9d9-ddb5-4fa4-a97d-d965ccfc6d4b" outcome="Passed" testListId="8c84fa94-04c1-424b-9868-57a2d4851a1d" relativeResultsDirectory="2091c6b6-8494-46b4-b740-af1a337debc3" />
    <UnitTestResult executionId="cb77df8a-ded1-45c4-85e0-7a79c47abd87" testId="dbc4df8b-6198-2392-24f1-7438812891e6" testName="ChangeHardwarePasswordCommandHandler_Execute_HardwareIsReadOnly_Errors" computerName="DKSR-EFI-06" duration="00:00:00.0007000" startTime="2024-01-09T15:42:30.7320932+01:00" endTime="2024-01-09T15:42:30.7320932+01:00" testType="13cdc9d9-ddb5-4fa4-a97d-d965ccfc6d4b" outcome="Passed" testListId="8c84fa94-04c1-424b-9868-57a2d4851a1d" relativeResultsDirectory="cb77df8a-ded1-45c4-85e0-7a79c47abd87" />
    <UnitTestResult executionId="cb18b648-e961-4a4e-b65b-8dbb5f041dc5" testId="d84aa1df-acf6-f179-addd-385a8ef854fb" testName="RequestArchiveInformation_StorageIDMapping_NotGUIDS" computerName="DKSR-EFI-06" duration="00:00:00.0056288" startTime="2024-01-09T15:42:18.2633345+01:00" endTime="2024-01-09T15:42:18.2633345+01:00" testType="13cdc9d9-ddb5-4fa4-a97d-d965ccfc6d4b" outcome="Passed" testListId="8c84fa94-04c1-424b-9868-57a2d4851a1d" relativeResultsDirectory="cb18b648-e961-4a4e-b65b-8dbb5f041dc5" />
    <UnitTestResult executionId="1432ce4e-6cc2-4378-b3f1-0aadc53e3909" testId="337e6e67-5e25-24a0-2f7a-5be02097febb" testName="AddHardwareUserCommandHandler_Execute_AddUser_ThrowsUserHandlingPasswordTooShort_Errors" computerName="DKSR-EFI-06" duration="00:00:00.0015597" startTime="2024-01-09T15:42:30.6227143+01:00" endTime="2024-01-09T15:42:30.6383392+01:00" testType="13cdc9d9-ddb5-4fa4-a97d-d965ccfc6d4b" outcome="Passed" testListId="8c84fa94-04c1-424b-9868-57a2d4851a1d" relativeResultsDirectory="1432ce4e-6cc2-4378-b3f1-0aadc53e3909" />
    <UnitTestResult executionId="0f0ad0c9-fd9d-45be-98a1-520dadf383c3" testId="e108cf7f-d788-6c89-2b03-5046c8983bf3" testName="DriverProxyInstanceManager_RemoveHardware_ProxySlotsFreed" computerName="DKSR-EFI-06" duration="00:00:00.0003648" startTime="2024-01-09T15:42:00.5602194+01:00" endTime="2024-01-09T15:42:00.5602194+01:00" testType="13cdc9d9-ddb5-4fa4-a97d-d965ccfc6d4b" outcome="Passed" testListId="8c84fa94-04c1-424b-9868-57a2d4851a1d" relativeResultsDirectory="0f0ad0c9-fd9d-45be-98a1-520dadf383c3" />
    <UnitTestResult executionId="3c28e713-2f58-47fe-b5e6-bed056ef01ab" testId="a66ac296-b042-4c15-5b42-8c32ecdc27df" testName="RepairInfo_ParseRepairInfoXml_ValidXml_ParsesProgressAndTime" computerName="DKSR-EFI-06" duration="00:00:00.0032170" startTime="2024-01-09T15:42:30.4820906+01:00" endTime="2024-01-09T15:42:30.4820906+01:00" testType="13cdc9d9-ddb5-4fa4-a97d-d965ccfc6d4b" outcome="Passed" testListId="8c84fa94-04c1-424b-9868-57a2d4851a1d" relativeResultsDirectory="3c28e713-2f58-47fe-b5e6-bed056ef01ab" />
    <UnitTestResult executionId="c83f84f1-41fb-4de8-a4f4-931cbe558f5f" testId="c850ca74-d223-3a0b-bdea-afc6f7a88389" testName="RegisterLiveTablesForTwoStorages" computerName="DKSR-EFI-06" duration="00:00:00.0029002" startTime="2024-01-09T15:42:30.4508411+01:00" endTime="2024-01-09T15:42:30.4508411+01:00" testType="13cdc9d9-ddb5-4fa4-a97d-d965ccfc6d4b" outcome="Passed" testListId="8c84fa94-04c1-424b-9868-57a2d4851a1d" relativeResultsDirectory="c83f84f1-41fb-4de8-a4f4-931cbe558f5f" />
    <UnitTestResult executionId="66e5b52b-89be-409b-a878-3eccef4a6752" testId="feb9425f-17e6-a400-b43c-667dfb8a797b" testName="GetSettingAsInt32_NonExistingSetting_Throws_InvalidMulticastSettingsException" computerName="DKSR-EFI-06" duration="00:00:00.0004477" startTime="2024-01-09T15:42:19.6696042+01:00" endTime="2024-01-09T15:42:19.6696042+01:00" testType="13cdc9d9-ddb5-4fa4-a97d-d965ccfc6d4b" outcome="Passed" testListId="8c84fa94-04c1-424b-9868-57a2d4851a1d" relativeResultsDirectory="66e5b52b-89be-409b-a878-3eccef4a6752" />
    <UnitTestResult executionId="395b6dad-b5b4-49c9-8ffd-0d99fcafac64" testId="57cc1aeb-9d58-94a8-7948-9932f23c8c13" testName="PtzReleaseSessionCommandHandler_Execute_Device_Not_Found" computerName="DKSR-EFI-06" duration="00:00:00.0007354" startTime="2024-01-09T15:42:36.2008728+01:00" endTime="2024-01-09T15:42:36.2008728+01:00" testType="13cdc9d9-ddb5-4fa4-a97d-d965ccfc6d4b" outcome="Passed" testListId="8c84fa94-04c1-424b-9868-57a2d4851a1d" relativeResultsDirectory="395b6dad-b5b4-49c9-8ffd-0d99fcafac64" />
    <UnitTestResult executionId="11d454fb-4ba6-46bf-9e3d-95b659e4695c" testId="52d9a274-dcc7-2ec7-8f82-d51baba9422b" testName="ChangeHardwarePasswordCommandHandler_Execute_ChangePassword_ThrowsUsernameNotRecognized_Errors" computerName="DKSR-EFI-06" duration="00:00:00.0013446" startTime="2024-01-09T15:42:30.7633402+01:00" endTime="2024-01-09T15:42:30.7633402+01:00" testType="13cdc9d9-ddb5-4fa4-a97d-d965ccfc6d4b" outcome="Passed" testListId="8c84fa94-04c1-424b-9868-57a2d4851a1d" relativeResultsDirectory="11d454fb-4ba6-46bf-9e3d-95b659e4695c" />
    <UnitTestResult executionId="41bc5af6-71a6-47e5-9d4d-09660cc13e72" testId="7cf9a21e-1b42-088a-97b0-d7d43d1e0a16" testName="ConnectFailed_UnknownTrack" computerName="DKSR-EFI-06" duration="00:00:00.0013561" startTime="2024-01-09T15:42:12.7633286+01:00" endTime="2024-01-09T15:42:12.7633286+01:00" testType="13cdc9d9-ddb5-4fa4-a97d-d965ccfc6d4b" outcome="Passed" testListId="8c84fa94-04c1-424b-9868-57a2d4851a1d" relativeResultsDirectory="41bc5af6-71a6-47e5-9d4d-09660cc13e72" />
    <UnitTestResult executionId="a4b126cb-676a-45fc-8990-11305305a63a" testId="2cc58668-9dc7-b18f-f113-82958087b168" testName="WebServerEventSource_InitializationTest" computerName="DKSR-EFI-06" duration="00:00:00.0018086" startTime="2024-01-09T15:42:17.4664596+01:00" endTime="2024-01-09T15:42:17.4664596+01:00" testType="13cdc9d9-ddb5-4fa4-a97d-d965ccfc6d4b" outcome="Passed" testListId="8c84fa94-04c1-424b-9868-57a2d4851a1d" relativeResultsDirectory="a4b126cb-676a-45fc-8990-11305305a63a" />
    <UnitTestResult executionId="3f5facf8-27c0-4033-a9ac-5277442ba81e" testId="ef52bfca-9823-3644-4dd9-22de8b059e3a" testName="HandleRequest_PUT_Fails" computerName="DKSR-EFI-06" duration="00:00:00.0027934" startTime="2024-01-09T15:42:02.8414201+01:00" endTime="2024-01-09T15:42:02.8414201+01:00" testType="13cdc9d9-ddb5-4fa4-a97d-d965ccfc6d4b" outcome="Passed" testListId="8c84fa94-04c1-424b-9868-57a2d4851a1d" relativeResultsDirectory="3f5facf8-27c0-4033-a9ac-5277442ba81e" />
    <UnitTestResult executionId="a1fd057c-32df-4671-bd2f-1327ace7aac8" testId="6dd13415-80a1-3dc0-3ef0-c5a6924ca8cb" testName="ConnectSuccess_PrevSeqTime_AfterMedia" computerName="DKSR-EFI-06" duration="00:00:00.0032943" startTime="2024-01-09T15:42:13.0602028+01:00" endTime="2024-01-09T15:42:13.0758293+01:00" testType="13cdc9d9-ddb5-4fa4-a97d-d965ccfc6d4b" outcome="Passed" testListId="8c84fa94-04c1-424b-9868-57a2d4851a1d" relativeResultsDirectory="a1fd057c-32df-4671-bd2f-1327ace7aac8" />
    <UnitTestResult executionId="809c6f18-d5d7-4fd7-a65c-ed55fefd24b6" testId="847a0fa3-5d84-62ca-d516-b826e9ef6eea" testName="DeleteHardwareUserCommandHandler_Execute_AccessDenied_Error" computerName="DKSR-EFI-06" duration="00:00:00.0008799" startTime="2024-01-09T15:42:31.7320945+01:00" endTime="2024-01-09T15:42:31.7320945+01:00" testType="13cdc9d9-ddb5-4fa4-a97d-d965ccfc6d4b" outcome="Passed" testListId="8c84fa94-04c1-424b-9868-57a2d4851a1d" relativeResultsDirectory="809c6f18-d5d7-4fd7-a65c-ed55fefd24b6" />
    <UnitTestResult executionId="78cafab5-8463-4888-82f4-5194a40b42f6" testId="e60c4eb7-333a-92ae-4d3d-7b552a715c3e" testName="PtzManager_Stop_Success" computerName="DKSR-EFI-06" duration="00:00:00.0014596" startTime="2024-01-09T15:42:37.9665064+01:00" endTime="2024-01-09T15:42:37.9665064+01:00" testType="13cdc9d9-ddb5-4fa4-a97d-d965ccfc6d4b" outcome="Passed" testListId="8c84fa94-04c1-424b-9868-57a2d4851a1d" relativeResultsDirectory="78cafab5-8463-4888-82f4-5194a40b42f6" />
    <UnitTestResult executionId="fe620333-25df-4066-9295-e5086c5c7363" testId="814b8c0a-160f-1311-d907-98ac754563aa" testName="ChangeHardwarePasswordCommandHandler_Execute_Success" computerName="DKSR-EFI-06" duration="00:00:00.0119315" startTime="2024-01-09T15:42:30.7008407+01:00" endTime="2024-01-09T15:42:30.7164639+01:00" testType="13cdc9d9-ddb5-4fa4-a97d-d965ccfc6d4b" outcome="Passed" testListId="8c84fa94-04c1-424b-9868-57a2d4851a1d" relativeResultsDirectory="fe620333-25df-4066-9295-e5086c5c7363" />
    <UnitTestResult executionId="8d8f4203-3b3f-48fa-8e50-6524030bd56c" testId="d76eddb3-6543-d3be-6dea-de4c71be1644" testName="PtzManager_Move_Success" computerName="DKSR-EFI-06" duration="00:00:00.0016203" startTime="2024-01-09T15:42:38.1383825+01:00" endTime="2024-01-09T15:42:38.1383825+01:00" testType="13cdc9d9-ddb5-4fa4-a97d-d965ccfc6d4b" outcome="Passed" testListId="8c84fa94-04c1-424b-9868-57a2d4851a1d" relativeResultsDirectory="8d8f4203-3b3f-48fa-8e50-6524030bd56c" />
    <UnitTestResult executionId="c813cfdf-8754-4a82-ae40-f44f3a16dbd3" testId="ebc309bb-ac27-8eab-a1fd-4932f7f1d3dd" testName="SmartSearchHandlerForwardTestDataWithoutMotion" computerName="DKSR-EFI-06" duration="00:00:00.0013760" startTime="2024-01-09T15:42:17.6539592+01:00" endTime="2024-01-09T15:42:17.6539592+01:00" testType="13cdc9d9-ddb5-4fa4-a97d-d965ccfc6d4b" outcome="Passed" testListId="8c84fa94-04c1-424b-9868-57a2d4851a1d" relativeResultsDirectory="c813cfdf-8754-4a82-ae40-f44f3a16dbd3" />
    <UnitTestResult executionId="68fad18e-67fe-41d7-811a-800030a88ef6" testId="19f6cec6-dca0-1fa4-b0b6-8a53a7db5db8" testName="Configuration_LogParameterIsNull_ThrowsArgumentNullException" computerName="DKSR-EFI-06" startTime="2024-01-09T15:42:02.8101695+01:00" endTime="2024-01-09T15:42:02.8101695+01:00" testType="13cdc9d9-ddb5-4fa4-a97d-d965ccfc6d4b" outcome="NotExecuted" testListId="8c84fa94-04c1-424b-9868-57a2d4851a1d" relativeResultsDirectory="68fad18e-67fe-41d7-811a-800030a88ef6">
      <Output></Output>
    </UnitTestResult>
    <UnitTestResult executionId="9459134b-2b05-40ae-8f67-08608cba9a9a" testId="98ec49c7-d50b-0e61-1c94-93b28b0ab4f7" testName="DatabaseoperationCommandhandler_VerifyStorageAndArchiveOnline_DeviceStorage_Online" computerName="DKSR-EFI-06" duration="00:00:00.0007060" startTime="2024-01-09T15:42:31.1695896+01:00" endTime="2024-01-09T15:42:31.1695896+01:00" testType="13cdc9d9-ddb5-4fa4-a97d-d965ccfc6d4b" outcome="Passed" testListId="8c84fa94-04c1-424b-9868-57a2d4851a1d" relativeResultsDirectory="9459134b-2b05-40ae-8f67-08608cba9a9a" />
    <UnitTestResult executionId="2bfa82a5-d47d-467f-8b9b-72e0391975b7" testId="9affb97e-1e02-ae41-4d90-3807ddd1dde2" testName="GetRecorderTasksWithPendingStop_InternalStateStopped_ThrowsCommunicationStoppedException" computerName="DKSR-EFI-06" duration="00:00:00.0009057" startTime="2024-01-09T15:42:02.2476636+01:00" endTime="2024-01-09T15:42:02.2476636+01:00" testType="13cdc9d9-ddb5-4fa4-a97d-d965ccfc6d4b" outcome="Passed" testListId="8c84fa94-04c1-424b-9868-57a2d4851a1d" relativeResultsDirectory="2bfa82a5-d47d-467f-8b9b-72e0391975b7" />
    <UnitTestResult executionId="0d927453-2734-4a92-b2fc-589b614784ea" testId="62c62504-172a-2557-6de5-15de32bcc5e8" testName="CollectMediaStatusCommandHandler_Clone" computerName="DKSR-EFI-06" duration="00:00:00.0057962" startTime="2024-01-09T15:42:30.9352154+01:00" endTime="2024-01-09T15:42:30.9352154+01:00" testType="13cdc9d9-ddb5-4fa4-a97d-d965ccfc6d4b" outcome="Passed" testListId="8c84fa94-04c1-424b-9868-57a2d4851a1d" relativeResultsDirectory="0d927453-2734-4a92-b2fc-589b614784ea" />
    <UnitTestResult executionId="87e74f0e-c972-4d4c-85f4-028698d712a2" testId="4accbf98-8be0-6a8c-54ca-e3b30a805ce7" testName="RecStorage_Startup_AllowStart_KeepFailing_PwFailure_KeepOffline" computerName="DKSR-EFI-06" duration="00:00:00.0027619" startTime="2024-01-09T15:42:18.1852094+01:00" endTime="2024-01-09T15:42:18.1852094+01:00" testType="13cdc9d9-ddb5-4fa4-a97d-d965ccfc6d4b" outcome="Passed" testListId="8c84fa94-04c1-424b-9868-57a2d4851a1d" relativeResultsDirectory="87e74f0e-c972-4d4c-85f4-028698d712a2" />
    <UnitTestResult executionId="280702c5-c1ab-4b5d-9435-edecf8f38eb0" testId="7e416566-5089-1927-3b1f-9f790f915601" testName="SetupInitialHardwareUserCommandHandler_Execute_SetupUser_ThrowsUserHandlingPasswordTooLongError_Errors" computerName="DKSR-EFI-06" duration="00:00:00.0009340" startTime="2024-01-09T15:42:37.0133758+01:00" endTime="2024-01-09T15:42:37.0133758+01:00" testType="13cdc9d9-ddb5-4fa4-a97d-d965ccfc6d4b" outcome="Passed" testListId="8c84fa94-04c1-424b-9868-57a2d4851a1d" relativeResultsDirectory="280702c5-c1ab-4b5d-9435-edecf8f38eb0" />
    <UnitTestResult executionId="a03860e6-14d7-4139-a18a-9aaf6f5fb142" testId="2ca91596-8201-71d7-e88c-b8ed47ea102c" testName="CheckHardwareDefinitionCommandHandler_Constructor_LoggerNull_ArgumentNullException" computerName="DKSR-EFI-06" duration="00:00:00.0007496" startTime="2024-01-09T15:42:30.9195917+01:00" endTime="2024-01-09T15:42:30.9195917+01:00" testType="13cdc9d9-ddb5-4fa4-a97d-d965ccfc6d4b" outcome="Passed" testListId="8c84fa94-04c1-424b-9868-57a2d4851a1d" relativeResultsDirectory="a03860e6-14d7-4139-a18a-9aaf6f5fb142">
      <Output>
        <StdOut>Debug Trace:&#xD;
Fail: Argument null</StdOut>
      </Output>
    </UnitTestResult>
    <UnitTestResult executionId="d3083594-ae64-4d52-9b32-da9d58944cb4" testId="4b2b5ea4-f0d4-e93c-7b72-d16a0f939b24" testName="TriggerCustomEventBulkCommand_IsNull_BadRequestResult" computerName="DKSR-EFI-06" duration="00:00:00.0017060" startTime="2024-01-09T15:42:02.6070414+01:00" endTime="2024-01-09T15:42:02.6070414+01:00" testType="13cdc9d9-ddb5-4fa4-a97d-d965ccfc6d4b" outcome="Passed" testListId="8c84fa94-04c1-424b-9868-57a2d4851a1d" relativeResultsDirectory="d3083594-ae64-4d52-9b32-da9d58944cb4" />
    <UnitTestResult executionId="10c03f03-a9da-494b-8d31-32d3c1044d0c" testId="83b75c3f-ef01-704d-26e3-7e90e6adc563" testName="ChangeHardwarePasswordCommandHandler_Constructor_NullArg_Throws" computerName="DKSR-EFI-06" duration="00:00:00.0041459" startTime="2024-01-09T15:42:30.6695884+01:00" endTime="2024-01-09T15:42:30.6852122+01:00" testType="13cdc9d9-ddb5-4fa4-a97d-d965ccfc6d4b" outcome="Passed" testListId="8c84fa94-04c1-424b-9868-57a2d4851a1d" relativeResultsDirectory="10c03f03-a9da-494b-8d31-32d3c1044d0c" />
    <UnitTestResult executionId="dcfbebff-ac6a-47cf-bcbb-0d86e6de9d4a" testId="c00497f9-ea5d-2f59-337b-ecad5edfefda" testName="Start_ServerConfigWithZeroPort_ShouldThrowException" computerName="DKSR-EFI-06" duration="00:00:00.0655585" startTime="2024-01-09T15:42:01.7789125+01:00" endTime="2024-01-09T15:42:01.8570801+01:00" testType="13cdc9d9-ddb5-4fa4-a97d-d965ccfc6d4b" outcome="Passed" testListId="8c84fa94-04c1-424b-9868-57a2d4851a1d" relativeResultsDirectory="dcfbebff-ac6a-47cf-bcbb-0d86e6de9d4a" />
    <UnitTestResult executionId="ce338fa2-d426-4451-a189-078ec21fb853" testId="cd066c35-818e-33d4-9d89-a4aa8374f78a" testName="PingDeviceCommandHandler_Execute_Success" computerName="DKSR-EFI-06" duration="00:00:00.1104690" startTime="2024-01-09T15:42:33.6227328+01:00" endTime="2024-01-09T15:42:33.7321076+01:00" testType="13cdc9d9-ddb5-4fa4-a97d-d965ccfc6d4b" outcome="Passed" testListId="8c84fa94-04c1-424b-9868-57a2d4851a1d" relativeResultsDirectory="ce338fa2-d426-4451-a189-078ec21fb853" />
    <UnitTestResult executionId="1cde58f7-9098-40d2-8981-a9af61fc7054" testId="dfb29709-d52f-ce00-9c19-520757533373" testName="GetAbsolutePtzPositionCommandHandler_Execute_Preset_Not_Supported" computerName="DKSR-EFI-06" duration="00:00:00.0013133" startTime="2024-01-09T15:42:33.0133546+01:00" endTime="2024-01-09T15:42:33.0133546+01:00" testType="13cdc9d9-ddb5-4fa4-a97d-d965ccfc6d4b" outcome="Passed" testListId="8c84fa94-04c1-424b-9868-57a2d4851a1d" relativeResultsDirectory="1cde58f7-9098-40d2-8981-a9af61fc7054" />
    <UnitTestResult executionId="4438fa8b-79e5-41de-b56c-bcac1e4575fd" testId="693448aa-adc5-611c-2b53-0a8695f4d97d" testName="QueryDeviceEvidenceLockSizesCommandHandler_QueryDeviceEvidenceLockSizesResponse_InstalledAsAFailOver_NegativeSize" computerName="DKSR-EFI-06" duration="00:00:00.0008910" startTime="2024-01-09T15:42:36.4352488+01:00" endTime="2024-01-09T15:42:36.4352488+01:00" testType="13cdc9d9-ddb5-4fa4-a97d-d965ccfc6d4b" outcome="Passed" testListId="8c84fa94-04c1-424b-9868-57a2d4851a1d" relativeResultsDirectory="4438fa8b-79e5-41de-b56c-bcac1e4575fd" />
    <UnitTestResult executionId="c973da06-620a-484f-a2fd-bdd361a48ce8" testId="e3a9f397-1160-5f7c-0483-55beba4711e5" testName="CreateSettingsForInitializeHardwareAndDeviceSettings_Null_Throws_ArgumentNullException" computerName="DKSR-EFI-06" duration="00:00:00.1291089" startTime="2024-01-09T15:41:59.3258364+01:00" endTime="2024-01-09T15:41:59.4508365+01:00" testType="13cdc9d9-ddb5-4fa4-a97d-d965ccfc6d4b" outcome="Passed" testListId="8c84fa94-04c1-424b-9868-57a2d4851a1d" relativeResultsDirectory="c973da06-620a-484f-a2fd-bdd361a48ce8">
      <Output>
        <StdOut>Debug Trace:&#xD;
Fail: Argument null</StdOut>
      </Output>
    </UnitTestResult>
    <UnitTestResult executionId="869576b3-1cc9-4fe1-bb1c-74c6927bfa65" testId="aea74159-7358-5879-bf8e-a1314c768404" testName="DriverProxyInstanceManager_AddHardware_MoreStreamsThanMax_WarningLogged" computerName="DKSR-EFI-06" duration="00:00:00.0009697" startTime="2024-01-09T15:42:00.5602194+01:00" endTime="2024-01-09T15:42:00.5758450+01:00" testType="13cdc9d9-ddb5-4fa4-a97d-d965ccfc6d4b" outcome="Passed" testListId="8c84fa94-04c1-424b-9868-57a2d4851a1d" relativeResultsDirectory="869576b3-1cc9-4fe1-bb1c-74c6927bfa65" />
    <UnitTestResult executionId="583bf37e-84eb-4e6e-8898-174d9dd516c8" testId="93976be4-fb9f-5da8-5ace-0c4cfb0b5d69" testName="ConfigurationController_UpdateSecurityConfiguration_IsValid_NoContent" computerName="DKSR-EFI-06" duration="00:00:00.0121466" startTime="2024-01-09T15:42:02.4976662+01:00" endTime="2024-01-09T15:42:02.4976662+01:00" testType="13cdc9d9-ddb5-4fa4-a97d-d965ccfc6d4b" outcome="Passed" testListId="8c84fa94-04c1-424b-9868-57a2d4851a1d" relativeResultsDirectory="583bf37e-84eb-4e6e-8898-174d9dd516c8" />
    <UnitTestResult executionId="2f336188-7d0b-4a0c-ad3f-6f7e7af9fb28" testId="a6094747-bd2e-c88f-ef68-c7f43648c75c" testName="SOAPCommandRequestHandler_ExecuteFunction_HandleSequencesGetAround_NoDeviceId" computerName="DKSR-EFI-06" duration="00:00:00.0024080" startTime="2024-01-09T15:42:15.3570850+01:00" endTime="2024-01-09T15:42:15.3727056+01:00" testType="13cdc9d9-ddb5-4fa4-a97d-d965ccfc6d4b" outcome="Passed" testListId="8c84fa94-04c1-424b-9868-57a2d4851a1d" relativeResultsDirectory="2f336188-7d0b-4a0c-ad3f-6f7e7af9fb28" />
    <UnitTestResult executionId="ad473265-d647-4f50-8784-810d1bf16c78" testId="ddaab170-434d-109b-1b52-ca2b27bc9b50" testName="ConnectSuccessSimple_AdaptiveStreamingServerCapability" computerName="DKSR-EFI-06" duration="00:00:00.0020372" startTime="2024-01-09T15:42:12.6852005+01:00" endTime="2024-01-09T15:42:12.6852005+01:00" testType="13cdc9d9-ddb5-4fa4-a97d-d965ccfc6d4b" outcome="Passed" testListId="8c84fa94-04c1-424b-9868-57a2d4851a1d" relativeResultsDirectory="ad473265-d647-4f50-8784-810d1bf16c78" />
    <UnitTestResult executionId="82ee4022-2f0d-4691-bbf8-fd387ce8b8d2" testId="9f055cc4-e575-fd12-de79-f6a729207849" testName="PtzReserveSessionCommandHandler_No_SecurityToken" computerName="DKSR-EFI-06" duration="00:00:00.0008105" startTime="2024-01-09T15:42:36.2633728+01:00" endTime="2024-01-09T15:42:36.2789978+01:00" testType="13cdc9d9-ddb5-4fa4-a97d-d965ccfc6d4b" outcome="Passed" testListId="8c84fa94-04c1-424b-9868-57a2d4851a1d" relativeResultsDirectory="82ee4022-2f0d-4691-bbf8-fd387ce8b8d2" />
    <UnitTestResult executionId="64eb76a3-4bf1-4bfb-bdee-d229ce7fb215" testId="3eb744f7-1144-5fa3-699e-8a12095498f6" testName="YieldsTheSameResult" computerName="DKSR-EFI-06" duration="00:00:00.0176504" startTime="2024-01-09T15:42:16.8102078+01:00" endTime="2024-01-09T15:42:16.8258355+01:00" testType="13cdc9d9-ddb5-4fa4-a97d-d965ccfc6d4b" outcome="Passed" testListId="8c84fa94-04c1-424b-9868-57a2d4851a1d" relativeResultsDirectory="64eb76a3-4bf1-4bfb-bdee-d229ce7fb215" />
    <UnitTestResult executionId="ca1f6e93-44a7-40ed-afb7-5972a404c2a3" testId="605c7227-cd09-8947-873a-f25cb5e2e230" testName="RecorderTaskStopped_InternalStateStartedCompatibleAndConnected_CallsCommunicator" computerName="DKSR-EFI-06" duration="00:00:00.0020499" startTime="2024-01-09T15:42:02.2945388+01:00" endTime="2024-01-09T15:42:02.2945388+01:00" testType="13cdc9d9-ddb5-4fa4-a97d-d965ccfc6d4b" outcome="Passed" testListId="8c84fa94-04c1-424b-9868-57a2d4851a1d" relativeResultsDirectory="ca1f6e93-44a7-40ed-afb7-5972a404c2a3" />
    <UnitTestResult executionId="caf030de-cb52-4873-a5ca-d72be87df29b" testId="4759d55f-49a3-0ea7-167a-01f5ecbcbaf8" testName="PtzManualSession_OnBeforeExecuteRequest_NotRunning" computerName="DKSR-EFI-06" duration="00:00:00.0005602" startTime="2024-01-09T15:42:38.4508818+01:00" endTime="2024-01-09T15:42:38.4508818+01:00" testType="13cdc9d9-ddb5-4fa4-a97d-d965ccfc6d4b" outcome="Passed" testListId="8c84fa94-04c1-424b-9868-57a2d4851a1d" relativeResultsDirectory="caf030de-cb52-4873-a5ca-d72be87df29b" />
    <UnitTestResult executionId="25568a50-a58c-43ba-9d37-d51bdd94e5ae" testId="74a7161d-5c30-962d-e325-efebe9b72001" testName="RemoveStatus_SendsOriginalStatus_OnAddedStatus" computerName="DKSR-EFI-06" duration="00:00:00.0007898" startTime="2024-01-09T15:42:01.6539127+01:00" endTime="2024-01-09T15:42:01.6539127+01:00" testType="13cdc9d9-ddb5-4fa4-a97d-d965ccfc6d4b" outcome="Passed" testListId="8c84fa94-04c1-424b-9868-57a2d4851a1d" relativeResultsDirectory="25568a50-a58c-43ba-9d37-d51bdd94e5ae" />
    <UnitTestResult executionId="9c1a6d16-0549-4b7c-9f30-49010f2f5de2" testId="e0fb9a6b-01f1-3864-c35f-18601f8da5ad" testName="Start_WithIncompatibleServer_LogsTheMessage" computerName="DKSR-EFI-06" duration="00:00:00.3099583" startTime="2024-01-09T15:42:01.8570801+01:00" endTime="2024-01-09T15:42:02.1695425+01:00" testType="13cdc9d9-ddb5-4fa4-a97d-d965ccfc6d4b" outcome="Passed" testListId="8c84fa94-04c1-424b-9868-57a2d4851a1d" relativeResultsDirectory="9c1a6d16-0549-4b7c-9f30-49010f2f5de2" />
    <UnitTestResult executionId="3a08d633-4747-4d4c-8d38-e7d8d27f3d7b" testId="8b5df9dc-04e3-1960-ed88-39b06a30661c" testName="GetStatistics_Framerate_Old_Expired_Frames" computerName="DKSR-EFI-06" duration="00:00:00.0005369" startTime="2024-01-09T15:42:19.3414860+01:00" endTime="2024-01-09T15:42:19.3414860+01:00" testType="13cdc9d9-ddb5-4fa4-a97d-d965ccfc6d4b" outcome="Passed" testListId="8c84fa94-04c1-424b-9868-57a2d4851a1d" relativeResultsDirectory="3a08d633-4747-4d4c-8d38-e7d8d27f3d7b" />
    <UnitTestResult executionId="79fe43fa-8b5d-4101-b291-47c54353639b" testId="89e9840a-f8d1-8b03-eada-327dd314aa58" testName="SOAPCommandRequestHandler_ExecuteFunction_HandleGetRetentionTimeLimit_Success_DeviceNotStarted" computerName="DKSR-EFI-06" duration="00:00:00.0011862" startTime="2024-01-09T15:42:15.9821008+01:00" endTime="2024-01-09T15:42:15.9821008+01:00" testType="13cdc9d9-ddb5-4fa4-a97d-d965ccfc6d4b" outcome="Passed" testListId="8c84fa94-04c1-424b-9868-57a2d4851a1d" relativeResultsDirectory="79fe43fa-8b5d-4101-b291-47c54353639b" />
    <UnitTestResult executionId="20ee5f57-4bca-4d45-8c27-7cde863efd76" testId="21806500-e743-4262-83d1-0b2b1558ea13" testName="ChangeHardwarePasswordCommandHandler_Execute_ChangePassword_ThrowsSubsequentAuthenticationFailed_Errors" computerName="DKSR-EFI-06" duration="00:00:00.0008694" startTime="2024-01-09T15:42:30.7477136+01:00" endTime="2024-01-09T15:42:30.7633402+01:00" testType="13cdc9d9-ddb5-4fa4-a97d-d965ccfc6d4b" outcome="Passed" testListId="8c84fa94-04c1-424b-9868-57a2d4851a1d" relativeResultsDirectory="20ee5f57-4bca-4d45-8c27-7cde863efd76" />
    <UnitTestResult executionId="9c7e95aa-3c16-49a8-82fa-58e427778aca" testId="8aee07f8-0ffc-3a99-ff2a-0d2135720078" testName="EvidenceLockOnOldRecorder2_PostCommandIsValid_NoContent" computerName="DKSR-EFI-06" duration="00:00:00.0083246" startTime="2024-01-09T15:42:02.5914158+01:00" endTime="2024-01-09T15:42:02.6070414+01:00" testType="13cdc9d9-ddb5-4fa4-a97d-d965ccfc6d4b" outcome="Passed" testListId="8c84fa94-04c1-424b-9868-57a2d4851a1d" relativeResultsDirectory="9c7e95aa-3c16-49a8-82fa-58e427778aca" />
    <UnitTestResult executionId="b9b6255d-2204-4b8c-b344-a0312bf722d4" testId="69bb0600-5e66-cbf0-6f83-c1811a371d15" testName="FailoverMediaMover_MoveMediaDataHere_Remote_ListTables_Fails" computerName="DKSR-EFI-06" duration="00:00:00.0058416" startTime="2024-01-09T15:42:01.3882855+01:00" endTime="2024-01-09T15:42:01.3882855+01:00" testType="13cdc9d9-ddb5-4fa4-a97d-d965ccfc6d4b" outcome="Passed" testListId="8c84fa94-04c1-424b-9868-57a2d4851a1d" relativeResultsDirectory="b9b6255d-2204-4b8c-b344-a0312bf722d4" />
    <UnitTestResult executionId="455a707b-3f97-4f45-bf42-cb8835bf9dc9" testId="2471960c-fbc1-1789-b84e-c826b7cea066" testName="ChangeHardwarePasswordCommandHandler_Execute_ChangePassword_ThrowsPasswordTooLong_Errors" computerName="DKSR-EFI-06" duration="00:00:00.0007928" startTime="2024-01-09T15:42:30.7320932+01:00" endTime="2024-01-09T15:42:30.7320932+01:00" testType="13cdc9d9-ddb5-4fa4-a97d-d965ccfc6d4b" outcome="Passed" testListId="8c84fa94-04c1-424b-9868-57a2d4851a1d" relativeResultsDirectory="455a707b-3f97-4f45-bf42-cb8835bf9dc9" />
    <UnitTestResult executionId="60df0c85-2805-4bd9-8b6a-16d7e0089b27" testId="c83832b7-8819-2499-1d34-aa973e75957d" testName="SOAPCommandRequestHandler_ExecuteFunction_HandlePTZRectangle_Bottom_Not_Double" computerName="DKSR-EFI-06" duration="00:00:00.0009875" startTime="2024-01-09T15:42:16.3883311+01:00" endTime="2024-01-09T15:42:16.3883311+01:00" testType="13cdc9d9-ddb5-4fa4-a97d-d965ccfc6d4b" outcome="Passed" testListId="8c84fa94-04c1-424b-9868-57a2d4851a1d" relativeResultsDirectory="60df0c85-2805-4bd9-8b6a-16d7e0089b27" />
    <UnitTestResult executionId="1c32224f-24ca-4396-8533-d538a92d5e0d" testId="25bfeecd-33e8-dc9c-0884-9674ccccb38b" testName="DeleteHardwareUserCommandHandler_Execute_UsernameNotRecognized_Error" computerName="DKSR-EFI-06" duration="00:00:00.0008863" startTime="2024-01-09T15:42:31.7164685+01:00" endTime="2024-01-09T15:42:31.7164685+01:00" testType="13cdc9d9-ddb5-4fa4-a97d-d965ccfc6d4b" outcome="Passed" testListId="8c84fa94-04c1-424b-9868-57a2d4851a1d" relativeResultsDirectory="1c32224f-24ca-4396-8533-d538a92d5e0d" />
    <UnitTestResult executionId="ea193f03-9af9-41a7-8f41-9ede93c0ad80" testId="a657cb3a-38c0-fb29-81f5-1f9df5b01316" testName="SOAPCommandRequestHandler_ExecuteFunction_HandlePTZCenter_Zoom_Not_Double" computerName="DKSR-EFI-06" duration="00:00:00.0007085" startTime="2024-01-09T15:42:16.2008343+01:00" endTime="2024-01-09T15:42:16.2008343+01:00" testType="13cdc9d9-ddb5-4fa4-a97d-d965ccfc6d4b" outcome="Passed" testListId="8c84fa94-04c1-424b-9868-57a2d4851a1d" relativeResultsDirectory="ea193f03-9af9-41a7-8f41-9ede93c0ad80" />
    <UnitTestResult executionId="ce0fda5f-0a81-478a-819f-c62743fe0b5d" testId="23b815c5-4d23-70cb-0402-9d0899ee10d1" testName="SetNetworkConfigurationCommandHandler_Execute_SetNetworkConfiguration_ThrowsNoHardwareAccess_Errors" computerName="DKSR-EFI-06" duration="00:00:00.0008527" startTime="2024-01-09T15:42:36.9667190+01:00" endTime="2024-01-09T15:42:36.9667190+01:00" testType="13cdc9d9-ddb5-4fa4-a97d-d965ccfc6d4b" outcome="Passed" testListId="8c84fa94-04c1-424b-9868-57a2d4851a1d" relativeResultsDirectory="ce0fda5f-0a81-478a-819f-c62743fe0b5d" />
    <UnitTestResult executionId="e9ccba9e-789d-4b5d-a5b0-c41faf4ba853" testId="85347f42-97eb-f529-781c-a286ab1257cd" testName="GetHardwareUsersCommandHandler_Execute_ExpectedHardwareIdReturned" computerName="DKSR-EFI-06" duration="00:00:00.0007078" startTime="2024-01-09T15:42:33.0758577+01:00" endTime="2024-01-09T15:42:33.0758577+01:00" testType="13cdc9d9-ddb5-4fa4-a97d-d965ccfc6d4b" outcome="Passed" testListId="8c84fa94-04c1-424b-9868-57a2d4851a1d" relativeResultsDirectory="e9ccba9e-789d-4b5d-a5b0-c41faf4ba853" />
    <UnitTestResult executionId="79ea6518-cd93-4af9-9de9-375002e8c6e3" testId="4653b7c6-3ebe-3e0e-638f-06af9c964104" testName="PtzReserveSessionCommandHandler_Execute_PtzException_PtzNotSupported" computerName="DKSR-EFI-06" duration="00:00:00.0005432" startTime="2024-01-09T15:42:36.2946725+01:00" endTime="2024-01-09T15:42:36.2946725+01:00" testType="13cdc9d9-ddb5-4fa4-a97d-d965ccfc6d4b" outcome="Passed" testListId="8c84fa94-04c1-424b-9868-57a2d4851a1d" relativeResultsDirectory="79ea6518-cd93-4af9-9de9-375002e8c6e3" />
    <UnitTestResult executionId="86aff37c-4422-4cc3-9a47-d429314caeb0" testId="9b77f50a-195c-babb-8067-e33089016f46" testName="EdgeStorageLimitsReverseTimeLimitNotOk" computerName="DKSR-EFI-06" duration="00:00:00.0013068" startTime="2024-01-09T15:42:19.8102132+01:00" endTime="2024-01-09T15:42:19.8102132+01:00" testType="13cdc9d9-ddb5-4fa4-a97d-d965ccfc6d4b" outcome="Passed" testListId="8c84fa94-04c1-424b-9868-57a2d4851a1d" relativeResultsDirectory="86aff37c-4422-4cc3-9a47-d429314caeb0" />
    <UnitTestResult executionId="c9fbc157-97d3-4edc-86ac-84277c77c81c" testId="3b282e31-e662-2209-1675-06885da7712c" testName="SOAPCommandRequestHandler_ExecuteFunction_HandlePTZMoveAbsolute_NoDeviceId" computerName="DKSR-EFI-06" duration="00:00:00.0013964" startTime="2024-01-09T15:42:16.2477081+01:00" endTime="2024-01-09T15:42:16.2477081+01:00" testType="13cdc9d9-ddb5-4fa4-a97d-d965ccfc6d4b" outcome="Passed" testListId="8c84fa94-04c1-424b-9868-57a2d4851a1d" relativeResultsDirectory="c9fbc157-97d3-4edc-86ac-84277c77c81c" />
    <UnitTestResult executionId="833e612a-80f0-4df9-8476-a9c6992cc939" testId="3733e2ee-3994-7baf-10b1-90fe617c0a63" testName="ActivateArchiving_PostCommandIsValid_NoContent" computerName="DKSR-EFI-06" duration="00:00:00.0009734" startTime="2024-01-09T15:42:02.5757930+01:00" endTime="2024-01-09T15:42:02.5757930+01:00" testType="13cdc9d9-ddb5-4fa4-a97d-d965ccfc6d4b" outcome="Passed" testListId="8c84fa94-04c1-424b-9868-57a2d4851a1d" relativeResultsDirectory="833e612a-80f0-4df9-8476-a9c6992cc939" />
    <UnitTestResult executionId="37c69b10-a99f-4c77-9c58-e1d76c68d46f" testId="261e9349-c966-f457-4f8c-b98500a37378" testName="CheckHardwareDefinitionCommandHandler_Execute_AddressNotChanged_Success" computerName="DKSR-EFI-06" duration="00:00:00.0015643" startTime="2024-01-09T15:42:30.9352154+01:00" endTime="2024-01-09T15:42:30.9352154+01:00" testType="13cdc9d9-ddb5-4fa4-a97d-d965ccfc6d4b" outcome="Passed" testListId="8c84fa94-04c1-424b-9868-57a2d4851a1d" relativeResultsDirectory="37c69b10-a99f-4c77-9c58-e1d76c68d46f" />
    <UnitTestResult executionId="d52f38e9-2726-45a1-aa93-db20ba8b5a9e" testId="99e9a28f-2c77-eaac-eaae-2f23b8c10bdb" testName="EdgeStorageLimitsTimeLimitOk" computerName="DKSR-EFI-06" duration="00:00:00.0006923" startTime="2024-01-09T15:42:19.7789619+01:00" endTime="2024-01-09T15:42:19.7945869+01:00" testType="13cdc9d9-ddb5-4fa4-a97d-d965ccfc6d4b" outcome="Passed" testListId="8c84fa94-04c1-424b-9868-57a2d4851a1d" relativeResultsDirectory="d52f38e9-2726-45a1-aa93-db20ba8b5a9e" />
    <UnitTestResult executionId="be0b241b-612a-4bb7-822c-ab41d8a04943" testId="0425d33d-d313-8cac-6e0d-c9f04bddf17e" testName="Transform_To_Version_1_Success" computerName="DKSR-EFI-06" duration="00:00:00.0539717" startTime="2024-01-09T15:42:15.2008531+01:00" endTime="2024-01-09T15:42:15.2477063+01:00" testType="13cdc9d9-ddb5-4fa4-a97d-d965ccfc6d4b" outcome="Passed" testListId="8c84fa94-04c1-424b-9868-57a2d4851a1d" relativeResultsDirectory="be0b241b-612a-4bb7-822c-ab41d8a04943" />
    <UnitTestResult executionId="e4539057-8dc1-46da-b768-0f2affbd32f9" testId="b6352ce6-c814-0027-c2b4-6820f91e65e3" testName="EvidenceLockOnOldRecorderCommandHandler_RecorderIsClosingNoAction" computerName="DKSR-EFI-06" duration="00:00:00.0034231" startTime="2024-01-09T15:42:31.7477163+01:00" endTime="2024-01-09T15:42:31.7477163+01:00" testType="13cdc9d9-ddb5-4fa4-a97d-d965ccfc6d4b" outcome="Passed" testListId="8c84fa94-04c1-424b-9868-57a2d4851a1d" relativeResultsDirectory="e4539057-8dc1-46da-b768-0f2affbd32f9" />
    <UnitTestResult executionId="0dcf4e20-8a1d-4dff-8413-21f002733333" testId="40fd06fb-7b5a-53ff-fccf-240959616eb7" testName="ManualPtzPatrollingSession_Constructor_Success" computerName="DKSR-EFI-06" duration="00:00:00.0013235" startTime="2024-01-09T15:42:38.4821341+01:00" endTime="2024-01-09T15:42:38.4821341+01:00" testType="13cdc9d9-ddb5-4fa4-a97d-d965ccfc6d4b" outcome="Passed" testListId="8c84fa94-04c1-424b-9868-57a2d4851a1d" relativeResultsDirectory="0dcf4e20-8a1d-4dff-8413-21f002733333" />
    <UnitTestResult executionId="3b892a93-8a25-4d1f-950d-ef88d6ccbbc0" testId="87c40e4a-7a60-c338-93a7-08f14b9747cd" testName="PrepareMoveHardwareCommandHandler_Constructor_LoggerNull_ArgumentNullException" computerName="DKSR-EFI-06" duration="00:00:00.0016896" startTime="2024-01-09T15:42:34.6383655+01:00" endTime="2024-01-09T15:42:34.6383655+01:00" testType="13cdc9d9-ddb5-4fa4-a97d-d965ccfc6d4b" outcome="Passed" testListId="8c84fa94-04c1-424b-9868-57a2d4851a1d" relativeResultsDirectory="3b892a93-8a25-4d1f-950d-ef88d6ccbbc0">
      <Output>
        <StdOut>Debug Trace:&#xD;
Fail: Argument null</StdOut>
      </Output>
    </UnitTestResult>
    <UnitTestResult executionId="dde66afd-8a27-4382-9c60-97d25e9c94a7" testId="23cfcab5-cc01-cacd-cb19-101ff4e9a64e" testName="GetHardwareUsersCommandHandler_Execute_GetUserList_ThrowsGenericException_Errors" computerName="DKSR-EFI-06" duration="00:00:00.0008371" startTime="2024-01-09T15:42:33.1227330+01:00" endTime="2024-01-09T15:42:33.1227330+01:00" testType="13cdc9d9-ddb5-4fa4-a97d-d965ccfc6d4b" outcome="Passed" testListId="8c84fa94-04c1-424b-9868-57a2d4851a1d" relativeResultsDirectory="dde66afd-8a27-4382-9c60-97d25e9c94a7" />
    <UnitTestResult executionId="4b28c19a-20fc-4998-8099-af0a9013d2e1" testId="a423304b-e3d2-899f-2405-1ad025659a1b" testName="MoveLiveTableRegistrationToNewStorage" computerName="DKSR-EFI-06" duration="00:00:00.0004964" startTime="2024-01-09T15:42:30.4352150+01:00" endTime="2024-01-09T15:42:30.4352150+01:00" testType="13cdc9d9-ddb5-4fa4-a97d-d965ccfc6d4b" outcome="Passed" testListId="8c84fa94-04c1-424b-9868-57a2d4851a1d" relativeResultsDirectory="4b28c19a-20fc-4998-8099-af0a9013d2e1" />
    <UnitTestResult executionId="c2255426-8163-4437-80f3-bf9c42967255" testId="1184c378-3743-c521-3a27-56e3206d4afd" testName="TimeRangeConversionRangesMatchStartAndEndTimeOutside" computerName="DKSR-EFI-06" duration="00:00:00.0005727" startTime="2024-01-09T15:42:29.8727151+01:00" endTime="2024-01-09T15:42:29.8727151+01:00" testType="13cdc9d9-ddb5-4fa4-a97d-d965ccfc6d4b" outcome="Passed" testListId="8c84fa94-04c1-424b-9868-57a2d4851a1d" relativeResultsDirectory="c2255426-8163-4437-80f3-bf9c42967255" />
    <UnitTestResult executionId="8eacf77c-3aa0-4325-b95a-86fd68a995da" testId="96b28535-e625-df35-df33-078293bf1a00" testName="PtzReleaseSessionCommandHandler_Execute_No_Security_Token" computerName="DKSR-EFI-06" duration="00:00:00.0010218" startTime="2024-01-09T15:42:36.2008728+01:00" endTime="2024-01-09T15:42:36.2008728+01:00" testType="13cdc9d9-ddb5-4fa4-a97d-d965ccfc6d4b" outcome="Passed" testListId="8c84fa94-04c1-424b-9868-57a2d4851a1d" relativeResultsDirectory="8eacf77c-3aa0-4325-b95a-86fd68a995da" />
    <UnitTestResult executionId="db496a98-f9a5-4ab2-808f-4f5e88d506f7" testId="874107af-69b6-d02c-bb7a-57da33f7f268" testName="CheckDeleteDeviceMediaCommandHandler_LocalConfigEmpty_MediaDbG1_NoExistedTracks_DeleteG1" computerName="DKSR-EFI-06" duration="00:00:00.0021458" startTime="2024-01-09T15:42:30.8102130+01:00" endTime="2024-01-09T15:42:30.8102130+01:00" testType="13cdc9d9-ddb5-4fa4-a97d-d965ccfc6d4b" outcome="Passed" testListId="8c84fa94-04c1-424b-9868-57a2d4851a1d" relativeResultsDirectory="db496a98-f9a5-4ab2-808f-4f5e88d506f7" />
    <UnitTestResult executionId="f80efdac-5ea0-4a54-a6d7-dad93508a725" testId="f22bf055-64a6-a89a-97b0-a09304021d53" testName="SOAPCommandRequestHandler_ExecuteFunction_HandleSmartSearchStart_NoSearchBeginTime" computerName="DKSR-EFI-06" duration="00:00:00.0010626" startTime="2024-01-09T15:42:15.5289563+01:00" endTime="2024-01-09T15:42:15.5289563+01:00" testType="13cdc9d9-ddb5-4fa4-a97d-d965ccfc6d4b" outcome="Passed" testListId="8c84fa94-04c1-424b-9868-57a2d4851a1d" relativeResultsDirectory="f80efdac-5ea0-4a54-a6d7-dad93508a725" />
    <UnitTestResult executionId="1a787d54-a1ac-4a06-88d7-09f9e973c79e" testId="5ad04535-1818-d080-de1a-2504c7ed3619" testName="SOAPCommandRequestHandler_ExecuteFunction_HandlePTZMoveAbsolute_No_Priority" computerName="DKSR-EFI-06" duration="00:00:00.0022057" startTime="2024-01-09T15:42:16.2633312+01:00" endTime="2024-01-09T15:42:16.2633312+01:00" testType="13cdc9d9-ddb5-4fa4-a97d-d965ccfc6d4b" outcome="Passed" testListId="8c84fa94-04c1-424b-9868-57a2d4851a1d" relativeResultsDirectory="1a787d54-a1ac-4a06-88d7-09f9e973c79e" />
    <UnitTestResult executionId="ee98c4a2-50ce-4292-9be9-612b8db0fbc1" testId="aba99fc6-3d31-95d1-311f-ba8853e03d7e" testName="PtzManagerDataHolder_GetOrAddPtzController_Device_Ptz_Not_Preset" computerName="DKSR-EFI-06" duration="00:00:00.0312278" startTime="2024-01-09T15:42:37.4196287+01:00" endTime="2024-01-09T15:42:37.4508794+01:00" testType="13cdc9d9-ddb5-4fa4-a97d-d965ccfc6d4b" outcome="Passed" testListId="8c84fa94-04c1-424b-9868-57a2d4851a1d" relativeResultsDirectory="ee98c4a2-50ce-4292-9be9-612b8db0fbc1">
      <Output>
        <StdOut>Debug Trace:&#xD;
VideoOS.Recorder.PtzDefaultSession session started&#xD;
VideoOS.Recorder.PtzDefaultSession session, OnBeforeExecuteRequest&#xD;
VideoOS.Recorder.PtzDefaultSession session stopped</StdOut>
      </Output>
    </UnitTestResult>
    <UnitTestResult executionId="e9ff515b-1be9-49a5-b33e-e1ad81ac04dd" testId="54ef468a-8378-e46d-f375-82eeb64c7378" testName="SetNetworkConfigurationCommandHandler_Execute_SetNetworkConfigurationn_ThrowsUnknownException_Errors" computerName="DKSR-EFI-06" duration="00:00:00.0036373" startTime="2024-01-09T15:42:36.9508744+01:00" endTime="2024-01-09T15:42:36.9508744+01:00" testType="13cdc9d9-ddb5-4fa4-a97d-d965ccfc6d4b" outcome="Passed" testListId="8c84fa94-04c1-424b-9868-57a2d4851a1d" relativeResultsDirectory="e9ff515b-1be9-49a5-b33e-e1ad81ac04dd" />
    <UnitTestResult executionId="e84374d5-5961-4a61-b533-b2378d023602" testId="29b5836d-082b-f72d-cb89-131afc3a7659" testName="QueryDeviceEvidenceLockSizes_PostCommandIsValid_NoContent" computerName="DKSR-EFI-06" duration="00:00:00.0017504" startTime="2024-01-09T15:42:02.5757930+01:00" endTime="2024-01-09T15:42:02.5757930+01:00" testType="13cdc9d9-ddb5-4fa4-a97d-d965ccfc6d4b" outcome="Passed" testListId="8c84fa94-04c1-424b-9868-57a2d4851a1d" relativeResultsDirectory="e84374d5-5961-4a61-b533-b2378d023602" />
    <UnitTestResult executionId="45f78df8-025d-429b-b629-9e349ebb01bd" testId="beabd535-a81b-7854-466b-bc77ec14ae26" testName="Start_WithoutInitializing_ShouldThrowException" computerName="DKSR-EFI-06" duration="00:00:00.0021271" startTime="2024-01-09T15:42:01.8570801+01:00" endTime="2024-01-09T15:42:01.8570801+01:00" testType="13cdc9d9-ddb5-4fa4-a97d-d965ccfc6d4b" outcome="Passed" testListId="8c84fa94-04c1-424b-9868-57a2d4851a1d" relativeResultsDirectory="45f78df8-025d-429b-b629-9e349ebb01bd" />
    <UnitTestResult executionId="a2e4c40d-725e-4441-aaca-674475ecacf7" testId="02c8a26b-7bde-5aa8-6975-eeebe21df113" testName="PtzManager_OnDeviceStopped_Success" computerName="DKSR-EFI-06" duration="00:00:00.0020550" startTime="2024-01-09T15:42:38.0915057+01:00" endTime="2024-01-09T15:42:38.0915057+01:00" testType="13cdc9d9-ddb5-4fa4-a97d-d965ccfc6d4b" outcome="Passed" testListId="8c84fa94-04c1-424b-9868-57a2d4851a1d" relativeResultsDirectory="a2e4c40d-725e-4441-aaca-674475ecacf7" />
    <UnitTestResult executionId="af9761e5-6f8d-4c5d-9fee-27ca9280b760" testId="625d3001-dabd-c167-d3b1-1fc17d819842" testName="SOAPCommandRequestHandler_ExecuteFunction_HandlePTZRectangle_No_Security" computerName="DKSR-EFI-06" duration="00:00:00.0012849" startTime="2024-01-09T15:42:16.4039588+01:00" endTime="2024-01-09T15:42:16.4039588+01:00" testType="13cdc9d9-ddb5-4fa4-a97d-d965ccfc6d4b" outcome="Passed" testListId="8c84fa94-04c1-424b-9868-57a2d4851a1d" relativeResultsDirectory="af9761e5-6f8d-4c5d-9fee-27ca9280b760" />
    <UnitTestResult executionId="4e7421c1-8e71-4b91-b5f7-3c2e9a0b545d" testId="0f6b41fe-2883-b304-9a30-c41f3a9508b9" testName="ConfigurationController_UpdateSystemConfiguration_IsValid_NoContent" computerName="DKSR-EFI-06" duration="00:00:00.0037835" startTime="2024-01-09T15:42:02.4820422+01:00" endTime="2024-01-09T15:42:02.4820422+01:00" testType="13cdc9d9-ddb5-4fa4-a97d-d965ccfc6d4b" outcome="Passed" testListId="8c84fa94-04c1-424b-9868-57a2d4851a1d" relativeResultsDirectory="4e7421c1-8e71-4b91-b5f7-3c2e9a0b545d" />
    <UnitTestResult executionId="d451f039-81c0-4547-a280-52303835c5d2" testId="4868c342-5afd-96c3-b8ae-756d5892ed87" testName="LicenseManager_CheckHardwareLicensed_unlicensed_licensedBeforeExpiryDateNoReplacementToken" computerName="DKSR-EFI-06" duration="00:00:00.0152235" startTime="2024-01-09T15:42:19.6852255+01:00" endTime="2024-01-09T15:42:19.7008358+01:00" testType="13cdc9d9-ddb5-4fa4-a97d-d965ccfc6d4b" outcome="Passed" testListId="8c84fa94-04c1-424b-9868-57a2d4851a1d" relativeResultsDirectory="d451f039-81c0-4547-a280-52303835c5d2" />
    <UnitTestResult executionId="c48feec8-1ba9-4999-89e8-94adb293fa6a" testId="2a53e5e6-634c-2e15-6881-64128adc81df" testName="DatabaseTaskCommandHandler_DatabaseArchiveOperationMonitor_MultiplePasses_Found" computerName="DKSR-EFI-06" duration="00:00:00.1117468" startTime="2024-01-09T15:42:31.5602174+01:00" endTime="2024-01-09T15:42:31.6695941+01:00" testType="13cdc9d9-ddb5-4fa4-a97d-d965ccfc6d4b" outcome="Passed" testListId="8c84fa94-04c1-424b-9868-57a2d4851a1d" relativeResultsDirectory="c48feec8-1ba9-4999-89e8-94adb293fa6a" />
    <UnitTestResult executionId="66e0cc54-d150-46ab-a525-1f97f04354fb" testId="bc96c959-61a5-af4e-34a3-499043550e69" testName="GetSettingAsInt16_NonShortValue_Throws_InvalidMulticastSettingsException" computerName="DKSR-EFI-06" duration="00:00:00.0003860" startTime="2024-01-09T15:42:19.6696042+01:00" endTime="2024-01-09T15:42:19.6696042+01:00" testType="13cdc9d9-ddb5-4fa4-a97d-d965ccfc6d4b" outcome="Passed" testListId="8c84fa94-04c1-424b-9868-57a2d4851a1d" relativeResultsDirectory="66e0cc54-d150-46ab-a525-1f97f04354fb" />
    <UnitTestResult executionId="c3a6dcef-c155-4183-bd4d-0be4e8767022" testId="3619a619-c06c-ef53-b6fd-e5a15fab7b29" testName="SessionExpiredTask_Constructor_Success" computerName="DKSR-EFI-06" duration="00:00:00.0018456" startTime="2024-01-09T15:42:38.3571345+01:00" endTime="2024-01-09T15:42:38.3571345+01:00" testType="13cdc9d9-ddb5-4fa4-a97d-d965ccfc6d4b" outcome="Passed" testListId="8c84fa94-04c1-424b-9868-57a2d4851a1d" relativeResultsDirectory="c3a6dcef-c155-4183-bd4d-0be4e8767022" />
    <UnitTestResult executionId="da2e2474-2fb3-4a86-88f4-9c302d9dc73b" testId="a10a27d9-4abb-eaad-b70e-d6b782a46c9e" testName="GetNetworkConfigurationCommandHandler_Execute_GetNetworkConfiguration_ThrowsNoHardwareAccess_Errors" computerName="DKSR-EFI-06" duration="00:00:00.0008755" startTime="2024-01-09T15:42:33.2321086+01:00" endTime="2024-01-09T15:42:33.2321086+01:00" testType="13cdc9d9-ddb5-4fa4-a97d-d965ccfc6d4b" outcome="Passed" testListId="8c84fa94-04c1-424b-9868-57a2d4851a1d" relativeResultsDirectory="da2e2474-2fb3-4a86-88f4-9c302d9dc73b" />
    <UnitTestResult executionId="cd431cae-79cd-4c5b-bedd-275f25e4b984" testId="1ae0ac54-8e7d-1642-efab-7c10333bbd4b" testName="SOAPCommandRequestHandler_ExecuteFunction_HandleTimeLineInformationGet_TimeLineInformationCount_LessEqual0" computerName="DKSR-EFI-06" duration="00:00:00.0010604" startTime="2024-01-09T15:42:15.6539556+01:00" endTime="2024-01-09T15:42:15.6539556+01:00" testType="13cdc9d9-ddb5-4fa4-a97d-d965ccfc6d4b" outcome="Passed" testListId="8c84fa94-04c1-424b-9868-57a2d4851a1d" relativeResultsDirectory="cd431cae-79cd-4c5b-bedd-275f25e4b984" />
    <UnitTestResult executionId="a27507dc-7041-4653-9a05-1d7032cb2c0b" testId="cc562d4c-f488-fdcb-813b-048d832aad4a" testName="YieldsTheSameResultSlow" computerName="DKSR-EFI-06" duration="00:00:00.2918637" startTime="2024-01-09T15:42:16.8258355+01:00" endTime="2024-01-09T15:42:17.1227079+01:00" testType="13cdc9d9-ddb5-4fa4-a97d-d965ccfc6d4b" outcome="Passed" testListId="8c84fa94-04c1-424b-9868-57a2d4851a1d" relativeResultsDirectory="a27507dc-7041-4653-9a05-1d7032cb2c0b" />
    <UnitTestResult executionId="b978ac3a-4ef1-4c3c-a1a2-a573c2dd9271" testId="2b2fb9ee-0ea5-1a6a-c95a-afe700fc4870" testName="IsInRange_ShouldReturnFalse_WhenAddressHasIncorrectFormat" computerName="DKSR-EFI-06" duration="00:00:00.0002090" startTime="2024-01-09T15:42:29.8102153+01:00" endTime="2024-01-09T15:42:29.8102153+01:00" testType="13cdc9d9-ddb5-4fa4-a97d-d965ccfc6d4b" outcome="Passed" testListId="8c84fa94-04c1-424b-9868-57a2d4851a1d" relativeResultsDirectory="b978ac3a-4ef1-4c3c-a1a2-a573c2dd9271" />
    <UnitTestResult executionId="88f5870d-4daa-4113-84a2-da63803daa19" testId="8c77f022-4da3-920c-0121-4d89ae316e6f" testName="SOAPCommandRequestHandler_ExecuteFunction_HandlePTZDeactivatePatrollingSchema_NoPatrollingSchemaId" computerName="DKSR-EFI-06" duration="00:00:00.0009263" startTime="2024-01-09T15:42:16.5445815+01:00" endTime="2024-01-09T15:42:16.5445815+01:00" testType="13cdc9d9-ddb5-4fa4-a97d-d965ccfc6d4b" outcome="Passed" testListId="8c84fa94-04c1-424b-9868-57a2d4851a1d" relativeResultsDirectory="88f5870d-4daa-4113-84a2-da63803daa19" />
    <UnitTestResult executionId="b7f29b73-2b9f-470e-9f3f-67877360335b" testId="74b0d590-8d90-8ea9-7ba5-29e79b97b007" testName="PtzStopSessionCommandHandler_Execute_PtzException_PtzRequestPriorityTooLow" computerName="DKSR-EFI-06" duration="00:00:00.0004119" startTime="2024-01-09T15:42:36.3727499+01:00" endTime="2024-01-09T15:42:36.3727499+01:00" testType="13cdc9d9-ddb5-4fa4-a97d-d965ccfc6d4b" outcome="Passed" testListId="8c84fa94-04c1-424b-9868-57a2d4851a1d" relativeResultsDirectory="b7f29b73-2b9f-470e-9f3f-67877360335b" />
    <UnitTestResult executionId="3c00929a-e379-4c32-bed5-54e51ce28c88" testId="929307c6-ad1f-d51e-3cc9-c962ec17947c" testName="PtzReserveSessionCommandHandler_Constructor_Argument_Exception" computerName="DKSR-EFI-06" duration="00:00:00.0057921" startTime="2024-01-09T15:42:36.2477462+01:00" endTime="2024-01-09T15:42:36.2633728+01:00" testType="13cdc9d9-ddb5-4fa4-a97d-d965ccfc6d4b" outcome="Passed" testListId="8c84fa94-04c1-424b-9868-57a2d4851a1d" relativeResultsDirectory="3c00929a-e379-4c32-bed5-54e51ce28c88">
      <Output>
        <StdOut>Debug Trace:&#xD;
Fail: Argument null</StdOut>
      </Output>
    </UnitTestResult>
    <UnitTestResult executionId="90258543-c85b-4db0-b94e-dbfef7bd88bc" testId="824e6051-0efc-959f-4d50-858a92b364d4" testName="DatabaseTaskCommandHandler_EmptyDevice_Cancelled" computerName="DKSR-EFI-06" duration="00:00:00.0317825" startTime="2024-01-09T15:42:31.2320909+01:00" endTime="2024-01-09T15:42:31.2633405+01:00" testType="13cdc9d9-ddb5-4fa4-a97d-d965ccfc6d4b" outcome="Passed" testListId="8c84fa94-04c1-424b-9868-57a2d4851a1d" relativeResultsDirectory="90258543-c85b-4db0-b94e-dbfef7bd88bc" />
    <UnitTestResult executionId="d4f1f158-e68d-4a1b-8aa6-0867c4a8259f" testId="288762e4-5c4d-5910-ed4b-3054184b8d0a" testName="OnTimer_TimerCallback_PingActionCalled" computerName="DKSR-EFI-06" duration="00:00:00.0013523" startTime="2024-01-09T15:42:02.3882944+01:00" endTime="2024-01-09T15:42:02.3882944+01:00" testType="13cdc9d9-ddb5-4fa4-a97d-d965ccfc6d4b" outcome="Passed" testListId="8c84fa94-04c1-424b-9868-57a2d4851a1d" relativeResultsDirectory="d4f1f158-e68d-4a1b-8aa6-0867c4a8259f" />
    <UnitTestResult executionId="d18b174b-968b-42f9-a6a9-b293db261faf" testId="cec5cf82-f62f-e4a4-7c19-50128bad1472" testName="DatabaseoperationCommandhandler_VerifyStorageAndArchiveOnline_Failover_ReturnErrorResponse" computerName="DKSR-EFI-06" duration="00:00:00.0007253" startTime="2024-01-09T15:42:31.1852158+01:00" endTime="2024-01-09T15:42:31.1852158+01:00" testType="13cdc9d9-ddb5-4fa4-a97d-d965ccfc6d4b" outcome="Passed" testListId="8c84fa94-04c1-424b-9868-57a2d4851a1d" relativeResultsDirectory="d18b174b-968b-42f9-a6a9-b293db261faf" />
    <UnitTestResult executionId="1f1f9089-1cec-4705-9a95-c68dafd5b4b8" testId="bf461841-b8d6-9762-b8da-19f13168312f" testName="QueryDeviceEvidenceLockSizesCommandHandler_QueryDeviceEvidenceLockSizesResponse_NotZeroAndPositiveSize" computerName="DKSR-EFI-06" duration="00:00:00.0029396" startTime="2024-01-09T15:42:36.4352488+01:00" endTime="2024-01-09T15:42:36.4352488+01:00" testType="13cdc9d9-ddb5-4fa4-a97d-d965ccfc6d4b" outcome="Passed" testListId="8c84fa94-04c1-424b-9868-57a2d4851a1d" relativeResultsDirectory="1f1f9089-1cec-4705-9a95-c68dafd5b4b8" />
    <UnitTestResult executionId="da64cc43-98b7-4d50-9182-18e7da5fe031" testId="529c0386-24fa-6701-c090-b25dccc11b86" testName="TestResetNoStatistics" computerName="DKSR-EFI-06" duration="00:00:00.0015637" startTime="2024-01-09T15:42:19.3570866+01:00" endTime="2024-01-09T15:42:19.3570866+01:00" testType="13cdc9d9-ddb5-4fa4-a97d-d965ccfc6d4b" outcome="Passed" testListId="8c84fa94-04c1-424b-9868-57a2d4851a1d" relativeResultsDirectory="da64cc43-98b7-4d50-9182-18e7da5fe031" />
    <UnitTestResult executionId="cf683225-aac9-4738-b6c5-cf8f6d1449e2" testId="b1db2107-fad5-9e1c-f59b-69adf0367aec" testName="ConnectFailed_DeviceUnknown" computerName="DKSR-EFI-06" duration="00:00:00.0017158" startTime="2024-01-09T15:42:12.7477007+01:00" endTime="2024-01-09T15:42:12.7477007+01:00" testType="13cdc9d9-ddb5-4fa4-a97d-d965ccfc6d4b" outcome="Passed" testListId="8c84fa94-04c1-424b-9868-57a2d4851a1d" relativeResultsDirectory="cf683225-aac9-4738-b6c5-cf8f6d1449e2" />
    <UnitTestResult executionId="276733f6-0c35-412e-97b7-c851ae940a2b" testId="3f59cc63-7687-09cd-745a-34c2cf7c2459" testName="SmartSearchHandlerForwardTestLargeSearchInterval" computerName="DKSR-EFI-06" duration="00:00:00.0006567" startTime="2024-01-09T15:42:17.6383350+01:00" endTime="2024-01-09T15:42:17.6383350+01:00" testType="13cdc9d9-ddb5-4fa4-a97d-d965ccfc6d4b" outcome="Passed" testListId="8c84fa94-04c1-424b-9868-57a2d4851a1d" relativeResultsDirectory="276733f6-0c35-412e-97b7-c851ae940a2b" />
    <UnitTestResult executionId="9826dd18-8daa-416a-a9ed-315e4ddc318d" testId="6325daee-cf8a-a37b-1083-aec848ba8eaa" testName="SOAPCommandRequestHandler_ExecuteFunction_HandlePTZReleaseSession_NoDeviceId" computerName="DKSR-EFI-06" duration="00:00:00.0011874" startTime="2024-01-09T15:42:16.4664579+01:00" endTime="2024-01-09T15:42:16.4664579+01:00" testType="13cdc9d9-ddb5-4fa4-a97d-d965ccfc6d4b" outcome="Passed" testListId="8c84fa94-04c1-424b-9868-57a2d4851a1d" relativeResultsDirectory="9826dd18-8daa-416a-a9ed-315e4ddc318d" />
    <UnitTestResult executionId="4b7d387a-48bb-4b2b-a94e-ac0d9286874f" testId="36978323-ae7d-4782-91e4-504e37d2ff35" testName="GetHardwareUsersCommandHandler_Execute_GetUserList_ThrowsNoHardwareAccess_Reschedules" computerName="DKSR-EFI-06" duration="00:00:00.0035862" startTime="2024-01-09T15:42:33.1383567+01:00" endTime="2024-01-09T15:42:33.1383567+01:00" testType="13cdc9d9-ddb5-4fa4-a97d-d965ccfc6d4b" outcome="Passed" testListId="8c84fa94-04c1-424b-9868-57a2d4851a1d" relativeResultsDirectory="4b7d387a-48bb-4b2b-a94e-ac0d9286874f" />
    <UnitTestResult executionId="06f2f9f5-5e81-4eb6-98ad-a0ad90d4529d" testId="beaefab0-f0d9-309a-799d-baac55390a2c" testName="SOAPCommandRequestHandler_ExecuteFunction_HandleJPEGGetLive_NoMaxWidth" computerName="DKSR-EFI-06" duration="00:00:00.0004851" startTime="2024-01-09T15:42:16.0602086+01:00" endTime="2024-01-09T15:42:16.0602086+01:00" testType="13cdc9d9-ddb5-4fa4-a97d-d965ccfc6d4b" outcome="Passed" testListId="8c84fa94-04c1-424b-9868-57a2d4851a1d" relativeResultsDirectory="06f2f9f5-5e81-4eb6-98ad-a0ad90d4529d" />
    <UnitTestResult executionId="9d6e51e4-0ab9-4324-9dcf-490cac4ac8a2" testId="e870f836-5567-9b5e-b5b7-1c1f20642a06" testName="PtzStopSessionCommandHandler_Execute_Preset_Not_Supported" computerName="DKSR-EFI-06" duration="00:00:00.0008072" startTime="2024-01-09T15:42:36.3414997+01:00" endTime="2024-01-09T15:42:36.3414997+01:00" testType="13cdc9d9-ddb5-4fa4-a97d-d965ccfc6d4b" outcome="Passed" testListId="8c84fa94-04c1-424b-9868-57a2d4851a1d" relativeResultsDirectory="9d6e51e4-0ab9-4324-9dcf-490cac4ac8a2" />
    <UnitTestResult executionId="84952ff3-8687-4643-9096-c9c05994f720" testId="f2e0dab7-8720-c077-45c9-a980b4d25ec1" testName="RecordingStorageDeviceLinkEntries_QueryByDeviceId_NotFound_ReturnNull" computerName="DKSR-EFI-06" duration="00:00:00.0006723" startTime="2024-01-09T15:42:01.7789125+01:00" endTime="2024-01-09T15:42:01.7789125+01:00" testType="13cdc9d9-ddb5-4fa4-a97d-d965ccfc6d4b" outcome="Passed" testListId="8c84fa94-04c1-424b-9868-57a2d4851a1d" relativeResultsDirectory="84952ff3-8687-4643-9096-c9c05994f720" />
    <UnitTestResult executionId="82cfaa5b-171b-46ec-8a56-9dd90276852c" testId="33a36fe7-9f25-55b9-78cd-b144538b4d56" testName="SOAPCommandRequestHandler_ExecuteFunction_HandleSmartSearchStart_NoSearchEndTime" computerName="DKSR-EFI-06" duration="00:00:00.0010380" startTime="2024-01-09T15:42:15.5289563+01:00" endTime="2024-01-09T15:42:15.5445824+01:00" testType="13cdc9d9-ddb5-4fa4-a97d-d965ccfc6d4b" outcome="Passed" testListId="8c84fa94-04c1-424b-9868-57a2d4851a1d" relativeResultsDirectory="82cfaa5b-171b-46ec-8a56-9dd90276852c" />
    <UnitTestResult executionId="d9fe72a0-bd58-4a57-90ae-42c22c971a0d" testId="3bf74b72-629d-bf18-571c-389e0db388bc" testName="EdgeStorageLimitsCheckBandwidthWaitNoLimit" computerName="DKSR-EFI-06" duration="00:00:00.0009405" startTime="2024-01-09T15:42:19.8727098+01:00" endTime="2024-01-09T15:42:19.8727098+01:00" testType="13cdc9d9-ddb5-4fa4-a97d-d965ccfc6d4b" outcome="Passed" testListId="8c84fa94-04c1-424b-9868-57a2d4851a1d" relativeResultsDirectory="d9fe72a0-bd58-4a57-90ae-42c22c971a0d" />
    <UnitTestResult executionId="aafcbb59-1163-4ad2-b51c-ac59e6f46071" testId="b8a67863-87af-ba6a-7a67-08a873270caf" testName="AddHardwareUserCommandHandler_Constructor_NullArg_Throws" computerName="DKSR-EFI-06" duration="00:00:00.0011349" startTime="2024-01-09T15:42:30.5602152+01:00" endTime="2024-01-09T15:42:30.5758392+01:00" testType="13cdc9d9-ddb5-4fa4-a97d-d965ccfc6d4b" outcome="Passed" testListId="8c84fa94-04c1-424b-9868-57a2d4851a1d" relativeResultsDirectory="aafcbb59-1163-4ad2-b51c-ac59e6f46071" />
    <UnitTestResult executionId="80e66400-1b1f-4ecd-b9b8-a6ac3fbcd398" testId="b94b5189-3b8b-329c-6c26-668c5bb5da4e" testName="EdgeStorageLimitsReverseTimeLimitOk" computerName="DKSR-EFI-06" duration="00:00:00.0006385" startTime="2024-01-09T15:42:19.7945869+01:00" endTime="2024-01-09T15:42:19.7945869+01:00" testType="13cdc9d9-ddb5-4fa4-a97d-d965ccfc6d4b" outcome="Passed" testListId="8c84fa94-04c1-424b-9868-57a2d4851a1d" relativeResultsDirectory="80e66400-1b1f-4ecd-b9b8-a6ac3fbcd398" />
    <UnitTestResult executionId="a7a1dd2d-3b8a-4084-91dd-e1ab0dc90d28" testId="3c4da093-1855-311d-b3ee-af116f280686" testName="FirmwareUpgradeCommandHandler_Execute_HardwareNotStarted_Errors" computerName="DKSR-EFI-06" duration="00:00:00.0009047" startTime="2024-01-09T15:42:31.8883464+01:00" endTime="2024-01-09T15:42:31.8883464+01:00" testType="13cdc9d9-ddb5-4fa4-a97d-d965ccfc6d4b" outcome="Passed" testListId="8c84fa94-04c1-424b-9868-57a2d4851a1d" relativeResultsDirectory="a7a1dd2d-3b8a-4084-91dd-e1ab0dc90d28" />
    <UnitTestResult executionId="f27b138a-75d9-44ab-96f7-f083f91b1d74" testId="19a93024-d0c9-211c-e796-9e20e5ddea46" testName="ConnectSuccess_PrevSeq_Exception" computerName="DKSR-EFI-06" duration="00:00:00.0031066" startTime="2024-01-09T15:42:13.0758293+01:00" endTime="2024-01-09T15:42:13.0758293+01:00" testType="13cdc9d9-ddb5-4fa4-a97d-d965ccfc6d4b" outcome="Passed" testListId="8c84fa94-04c1-424b-9868-57a2d4851a1d" relativeResultsDirectory="f27b138a-75d9-44ab-96f7-f083f91b1d74" />
    <UnitTestResult executionId="03a39a63-1a1f-47d4-a899-219bf70eb4b5" testId="6fc5d7e9-ca55-bfa4-0de5-0e45bd477a88" testName="EdgeStorageConfigurationProperties" computerName="DKSR-EFI-06" duration="00:00:00.0023549" startTime="2024-01-09T15:42:19.7633369+01:00" endTime="2024-01-09T15:42:19.7633369+01:00" testType="13cdc9d9-ddb5-4fa4-a97d-d965ccfc6d4b" outcome="Passed" testListId="8c84fa94-04c1-424b-9868-57a2d4851a1d" relativeResultsDirectory="03a39a63-1a1f-47d4-a899-219bf70eb4b5" />
    <UnitTestResult executionId="4d82e9db-bf17-4388-b404-7c9e4c3663c9" testId="ca85e6f6-48d2-8dbb-0d56-cf8347a796be" testName="HardwareScanSession_TestProgressManual" computerName="DKSR-EFI-06" duration="00:00:03.1675574" startTime="2024-01-09T15:42:23.9977168+01:00" endTime="2024-01-09T15:42:27.1695906+01:00" testType="13cdc9d9-ddb5-4fa4-a97d-d965ccfc6d4b" outcome="Passed" testListId="8c84fa94-04c1-424b-9868-57a2d4851a1d" relativeResultsDirectory="4d82e9db-bf17-4388-b404-7c9e4c3663c9" />
    <UnitTestResult executionId="e6521812-2efc-4360-b45a-d1bed8f636aa" testId="8f2d0c8a-421c-a1aa-d68f-9f276a99c0be" testName="SOAPCommandRequestHandler_ExecuteFunction_HandlePTZDeactivatePatrollingSchema_Not_Licensed" computerName="DKSR-EFI-06" duration="00:00:00.0013911" startTime="2024-01-09T15:42:16.5445815+01:00" endTime="2024-01-09T15:42:16.5445815+01:00" testType="13cdc9d9-ddb5-4fa4-a97d-d965ccfc6d4b" outcome="Passed" testListId="8c84fa94-04c1-424b-9868-57a2d4851a1d" relativeResultsDirectory="e6521812-2efc-4360-b45a-d1bed8f636aa" />
    <UnitTestResult executionId="180cda71-3265-4f41-acc1-3049b31d5f61" testId="34f2c998-801b-3b6c-34cf-595811976bdc" testName="SOAPCommandRequestHandler_ExecuteFunction_HandlePTZRectangle_No_Priority" computerName="DKSR-EFI-06" duration="00:00:00.0013291" startTime="2024-01-09T15:42:16.4039588+01:00" endTime="2024-01-09T15:42:16.4039588+01:00" testType="13cdc9d9-ddb5-4fa4-a97d-d965ccfc6d4b" outcome="Passed" testListId="8c84fa94-04c1-424b-9868-57a2d4851a1d" relativeResultsDirectory="180cda71-3265-4f41-acc1-3049b31d5f61" />
    <UnitTestResult executionId="a7f76778-de9d-49db-ab99-a43d47d360ed" testId="af5bece0-7abf-0392-4004-17392a11a619" testName="ResponseController_ValidWarningResponse_ValidWarningResponseCalledOnCommManager" computerName="DKSR-EFI-06" duration="00:00:00.0011978" startTime="2024-01-09T15:42:02.7789173+01:00" endTime="2024-01-09T15:42:02.7789173+01:00" testType="13cdc9d9-ddb5-4fa4-a97d-d965ccfc6d4b" outcome="Passed" testListId="8c84fa94-04c1-424b-9868-57a2d4851a1d" relativeResultsDirectory="a7f76778-de9d-49db-ab99-a43d47d360ed" />
    <UnitTestResult executionId="fbf56b4d-384e-4a13-a796-0187d6072f97" testId="9531a0aa-31df-c49d-bde8-6a892fd4f616" testName="DatabaseoperationCommandhandler_VerifyStorageAndArchiveOnline_Storage_Offline" computerName="DKSR-EFI-06" duration="00:00:00.0006917" startTime="2024-01-09T15:42:31.1695896+01:00" endTime="2024-01-09T15:42:31.1695896+01:00" testType="13cdc9d9-ddb5-4fa4-a97d-d965ccfc6d4b" outcome="Passed" testListId="8c84fa94-04c1-424b-9868-57a2d4851a1d" relativeResultsDirectory="fbf56b4d-384e-4a13-a796-0187d6072f97" />
    <UnitTestResult executionId="ef1c7be2-bf12-446e-8fc1-9b2e319dfa2f" testId="7d8b82c0-97d4-dd5c-c8d5-703ac9de5dcd" testName="RequestRecordKeyframesOnly_DoesntChangeRecordKeyframesOnly_OnWrongTransactionId" computerName="DKSR-EFI-06" duration="00:00:00.0009792" startTime="2024-01-09T15:42:17.5133342+01:00" endTime="2024-01-09T15:42:17.5133342+01:00" testType="13cdc9d9-ddb5-4fa4-a97d-d965ccfc6d4b" outcome="Passed" testListId="8c84fa94-04c1-424b-9868-57a2d4851a1d" relativeResultsDirectory="ef1c7be2-bf12-446e-8fc1-9b2e319dfa2f" />
    <UnitTestResult executionId="ec544775-3a30-4d1f-b21d-e1ccbd074a97" testId="ee728857-3832-bde0-8ee8-4e507d69fcac" testName="SOAPCommandRequestHandler_ExecuteFunction_HandleStartManualRecording_Success" computerName="DKSR-EFI-06" duration="00:00:00.0899111" startTime="2024-01-09T15:42:15.8727082+01:00" endTime="2024-01-09T15:42:15.9508351+01:00" testType="13cdc9d9-ddb5-4fa4-a97d-d965ccfc6d4b" outcome="Passed" testListId="8c84fa94-04c1-424b-9868-57a2d4851a1d" relativeResultsDirectory="ec544775-3a30-4d1f-b21d-e1ccbd074a97" />
    <UnitTestResult executionId="ee364e51-a6d0-45c0-b8b9-bb6ed09a8852" testId="7808dfd1-81fa-af9f-a555-e25cdb73eaf5" testName="SOAPCommandRequestHandler_ExecuteFunction_HandleSmartSearchStart_NoSearchIntervalMicroSeconds" computerName="DKSR-EFI-06" duration="00:00:00.0012211" startTime="2024-01-09T15:42:15.5445824+01:00" endTime="2024-01-09T15:42:15.5445824+01:00" testType="13cdc9d9-ddb5-4fa4-a97d-d965ccfc6d4b" outcome="Passed" testListId="8c84fa94-04c1-424b-9868-57a2d4851a1d" relativeResultsDirectory="ee364e51-a6d0-45c0-b8b9-bb6ed09a8852" />
    <UnitTestResult executionId="ee4f78dd-3d56-4131-a353-c3dc432605cd" testId="d65ad4a0-099c-7bd2-65ed-8047fa6d2e1d" testName="EnhanceSettings_NullPrivacyMask" computerName="DKSR-EFI-06" duration="00:00:00.0004617" startTime="2024-01-09T15:42:19.3883502+01:00" endTime="2024-01-09T15:42:19.3883502+01:00" testType="13cdc9d9-ddb5-4fa4-a97d-d965ccfc6d4b" outcome="Passed" testListId="8c84fa94-04c1-424b-9868-57a2d4851a1d" relativeResultsDirectory="ee4f78dd-3d56-4131-a353-c3dc432605cd" />
    <UnitTestResult executionId="ebb121b2-dc35-4c12-a5b1-aafa1bb2e3a5" testId="347a112e-b363-c8aa-5844-d5fab15e1792" testName="EvidenceLockOnOldRecorderCommandHandler_UpdateEvidenceLock_RowMissing" computerName="DKSR-EFI-06" duration="00:00:00.0005403" startTime="2024-01-09T15:42:31.7945954+01:00" endTime="2024-01-09T15:42:31.7945954+01:00" testType="13cdc9d9-ddb5-4fa4-a97d-d965ccfc6d4b" outcome="Passed" testListId="8c84fa94-04c1-424b-9868-57a2d4851a1d" relativeResultsDirectory="ebb121b2-dc35-4c12-a5b1-aafa1bb2e3a5" />
    <UnitTestResult executionId="b760da84-b791-42db-a98b-c77a7a2422ab" testId="30379ff7-9935-685d-f9d8-a61187b11262" testName="SynchronizeDevicePresetsCommandHandler_Execute_NullArgs_Throws" computerName="DKSR-EFI-06" duration="00:00:00.0095240" startTime="2024-01-09T15:42:37.0289991+01:00" endTime="2024-01-09T15:42:37.0446248+01:00" testType="13cdc9d9-ddb5-4fa4-a97d-d965ccfc6d4b" outcome="Passed" testListId="8c84fa94-04c1-424b-9868-57a2d4851a1d" relativeResultsDirectory="b760da84-b791-42db-a98b-c77a7a2422ab">
      <Output>
        <StdOut>Debug Trace:&#xD;
Fail: Command/Command handler type mismatch&#xD;
Fail: Argument null.</StdOut>
      </Output>
    </UnitTestResult>
    <UnitTestResult executionId="15b3f411-030b-4cc9-8e70-53e6e115c41c" testId="ffd636a6-1e4e-93bc-caff-d1d1bbf30378" testName="PtzManualSession_Stop_Success" computerName="DKSR-EFI-06" duration="00:00:00.0030323" startTime="2024-01-09T15:42:38.4352585+01:00" endTime="2024-01-09T15:42:38.4352585+01:00" testType="13cdc9d9-ddb5-4fa4-a97d-d965ccfc6d4b" outcome="Passed" testListId="8c84fa94-04c1-424b-9868-57a2d4851a1d" relativeResultsDirectory="15b3f411-030b-4cc9-8e70-53e6e115c41c">
      <Output>
        <StdOut>Debug Trace:&#xD;
VideoOS.Recorder.PtzManualSession session started&#xD;
PTZ ManualSession START(), priority = 2147483647, Identity = \&#xD;
VideoOS.Recorder.PtzManualSession session stopped&#xD;
PTZ ManualSession STOP(), priority = 2147483647, Identity = \</StdOut>
      </Output>
    </UnitTestResult>
    <UnitTestResult executionId="f4ae9f10-0e76-4b1e-8b1d-8352ffed170b" testId="1c8c8ddd-1d9c-4a38-ce08-4a41bdee36e6" testName="CheckMediaDbEventMapping" computerName="DKSR-EFI-06" duration="00:00:00.0024309" startTime="2024-01-09T15:42:18.2789613+01:00" endTime="2024-01-09T15:42:18.2789613+01:00" testType="13cdc9d9-ddb5-4fa4-a97d-d965ccfc6d4b" outcome="Passed" testListId="8c84fa94-04c1-424b-9868-57a2d4851a1d" relativeResultsDirectory="f4ae9f10-0e76-4b1e-8b1d-8352ffed170b" />
    <UnitTestResult executionId="7900df31-5a56-4d4a-8084-0955aa1be306" testId="0d406c31-ec0a-f56c-17c7-10a4cee434f7" testName="PtzManagerDataHolder_RemoveSchema_Success" computerName="DKSR-EFI-06" duration="00:00:00.0003565" startTime="2024-01-09T15:42:37.1540023+01:00" endTime="2024-01-09T15:42:37.1540023+01:00" testType="13cdc9d9-ddb5-4fa4-a97d-d965ccfc6d4b" outcome="Passed" testListId="8c84fa94-04c1-424b-9868-57a2d4851a1d" relativeResultsDirectory="7900df31-5a56-4d4a-8084-0955aa1be306" />
    <UnitTestResult executionId="6d86d786-b895-48e2-a645-5d1393cef490" testId="7e1b0d30-c3a4-f2dd-4592-e2d561a942fc" testName="HardwareSetupInformationCommandHandler_Execute_NoDuplicate_WithoutAAC_Success" computerName="DKSR-EFI-06" duration="00:00:00.0528584" startTime="2024-01-09T15:42:33.3883544+01:00" endTime="2024-01-09T15:42:33.4508544+01:00" testType="13cdc9d9-ddb5-4fa4-a97d-d965ccfc6d4b" outcome="Passed" testListId="8c84fa94-04c1-424b-9868-57a2d4851a1d" relativeResultsDirectory="6d86d786-b895-48e2-a645-5d1393cef490" />
    <UnitTestResult executionId="bcd356a5-200d-4885-9bc1-fdebdeee092e" testId="f527609f-d208-74cd-3add-1f102381d1e3" testName="ResponseController_ValidHeartbeatResponse_ValidHeartbeatResponseCalledOnCommManager" computerName="DKSR-EFI-06" duration="00:00:00.0007287" startTime="2024-01-09T15:42:02.7945433+01:00" endTime="2024-01-09T15:42:02.7945433+01:00" testType="13cdc9d9-ddb5-4fa4-a97d-d965ccfc6d4b" outcome="Passed" testListId="8c84fa94-04c1-424b-9868-57a2d4851a1d" relativeResultsDirectory="bcd356a5-200d-4885-9bc1-fdebdeee092e" />
    <UnitTestResult executionId="1743527f-dd61-408c-b0c7-b2a9519c14dc" testId="58b8d886-43f4-ab82-423a-507a2231294b" testName="LicenseManager_IsFeatureLicensed_AxisOneClick_Success" computerName="DKSR-EFI-06" duration="00:00:00.0014560" startTime="2024-01-09T15:42:19.7320966+01:00" endTime="2024-01-09T15:42:19.7320966+01:00" testType="13cdc9d9-ddb5-4fa4-a97d-d965ccfc6d4b" outcome="Passed" testListId="8c84fa94-04c1-424b-9868-57a2d4851a1d" relativeResultsDirectory="1743527f-dd61-408c-b0c7-b2a9519c14dc" />
    <UnitTestResult executionId="baafc2ff-3937-44d0-b1ff-17c5f4973681" testId="227a9887-6644-92d2-9aa6-ba62239af7d9" testName="AddStatus_SendsCombinedStatus_OnMultipleStatusCalls" computerName="DKSR-EFI-06" duration="00:00:00.0005802" startTime="2024-01-09T15:42:01.6382890+01:00" endTime="2024-01-09T15:42:01.6382890+01:00" testType="13cdc9d9-ddb5-4fa4-a97d-d965ccfc6d4b" outcome="Passed" testListId="8c84fa94-04c1-424b-9868-57a2d4851a1d" relativeResultsDirectory="baafc2ff-3937-44d0-b1ff-17c5f4973681" />
    <UnitTestResult executionId="638b45bf-8639-425c-9aa1-7018b058a8af" testId="9804864c-2133-6799-bf78-c69624b33171" testName="AddHardwareUserCommandHandler_Execute_AddUser_ThrowsUserHandlingUnknownResult_Errors" computerName="DKSR-EFI-06" duration="00:00:00.0008410" startTime="2024-01-09T15:42:30.6695884+01:00" endTime="2024-01-09T15:42:30.6695884+01:00" testType="13cdc9d9-ddb5-4fa4-a97d-d965ccfc6d4b" outcome="Passed" testListId="8c84fa94-04c1-424b-9868-57a2d4851a1d" relativeResultsDirectory="638b45bf-8639-425c-9aa1-7018b058a8af" />
    <UnitTestResult executionId="5a2ce20f-15fc-4ae4-8415-103c68ac4a15" testId="7ff7f968-b0ad-f135-b857-9bd7a80a7784" testName="AudioMessageManager_PlayAudioMessageThread_Stopped" computerName="DKSR-EFI-06" duration="00:00:00.0016793" startTime="2024-01-09T15:42:38.6227585+01:00" endTime="2024-01-09T15:42:38.6227585+01:00" testType="13cdc9d9-ddb5-4fa4-a97d-d965ccfc6d4b" outcome="Passed" testListId="8c84fa94-04c1-424b-9868-57a2d4851a1d" relativeResultsDirectory="5a2ce20f-15fc-4ae4-8415-103c68ac4a15" />
    <UnitTestResult executionId="95c258df-7f48-43ec-b093-e3d736c1cf9c" testId="e49981d3-2ce5-6303-6dfc-5344392bd815" testName="SOAPCommandRequestHandler_ExecuteFunction_HandlePTZMoveRelative_NoDeviceId" computerName="DKSR-EFI-06" duration="00:00:00.0014276" startTime="2024-01-09T15:42:16.2945846+01:00" endTime="2024-01-09T15:42:16.2945846+01:00" testType="13cdc9d9-ddb5-4fa4-a97d-d965ccfc6d4b" outcome="Passed" testListId="8c84fa94-04c1-424b-9868-57a2d4851a1d" relativeResultsDirectory="95c258df-7f48-43ec-b093-e3d736c1cf9c" />
    <UnitTestResult executionId="f686718d-e81d-49b2-aad1-f4983245216d" testId="17ec7308-7d04-3094-3253-22c15f28cc54" testName="Dispose_HandlesExceptionsFromTask_OnExceptionThrown" computerName="DKSR-EFI-06" duration="00:00:00.1044841" startTime="2024-01-09T15:42:19.0289633+01:00" endTime="2024-01-09T15:42:19.1383367+01:00" testType="13cdc9d9-ddb5-4fa4-a97d-d965ccfc6d4b" outcome="Passed" testListId="8c84fa94-04c1-424b-9868-57a2d4851a1d" relativeResultsDirectory="f686718d-e81d-49b2-aad1-f4983245216d" />
    <UnitTestResult executionId="2f4f1529-9905-4970-9864-92892e679d0d" testId="ef27459c-76de-489d-e30f-0b4115e73784" testName="RecorderAccessTokenHandler_PopulateAuthorizationHeaderAsync_ArgumentNullException" computerName="DKSR-EFI-06" duration="00:00:00.0069084" startTime="2024-01-09T15:42:17.7789589+01:00" endTime="2024-01-09T15:42:17.7789589+01:00" testType="13cdc9d9-ddb5-4fa4-a97d-d965ccfc6d4b" outcome="Passed" testListId="8c84fa94-04c1-424b-9868-57a2d4851a1d" relativeResultsDirectory="2f4f1529-9905-4970-9864-92892e679d0d" />
    <UnitTestResult executionId="736680c7-d1c9-4534-8fd9-697990c6e2ab" testId="525a0ceb-2643-c82c-ce34-27d7b53036ae" testName="ResponseController_Construction_Success" computerName="DKSR-EFI-06" duration="00:00:00.0004600" startTime="2024-01-09T15:42:02.7320428+01:00" endTime="2024-01-09T15:42:02.7320428+01:00" testType="13cdc9d9-ddb5-4fa4-a97d-d965ccfc6d4b" outcome="Passed" testListId="8c84fa94-04c1-424b-9868-57a2d4851a1d" relativeResultsDirectory="736680c7-d1c9-4534-8fd9-697990c6e2ab" />
    <UnitTestResult executionId="ffb0d3d1-ec6e-465e-b9e6-3c622128cde1" testId="ca797047-54de-e06f-659a-e063a9db7c34" testName="ChangeHardwarePasswordCommandHandler_Execute_ChangePassword_ThrowsPasswordContainsInvalidCharacters_Errors" computerName="DKSR-EFI-06" duration="00:00:00.0008310" startTime="2024-01-09T15:42:30.7320932+01:00" endTime="2024-01-09T15:42:30.7320932+01:00" testType="13cdc9d9-ddb5-4fa4-a97d-d965ccfc6d4b" outcome="Passed" testListId="8c84fa94-04c1-424b-9868-57a2d4851a1d" relativeResultsDirectory="ffb0d3d1-ec6e-465e-b9e6-3c622128cde1" />
    <UnitTestResult executionId="5abb9210-a795-43fa-a0b2-c847e357ba1b" testId="a3851c78-9194-9a9d-aa83-c312677fda8f" testName="DatabaseTaskCommandHandler_DatabaseArchiveOperationMonitor_Null" computerName="DKSR-EFI-06" duration="00:00:00.1804261" startTime="2024-01-09T15:42:31.2789634+01:00" endTime="2024-01-09T15:42:31.4508406+01:00" testType="13cdc9d9-ddb5-4fa4-a97d-d965ccfc6d4b" outcome="Passed" testListId="8c84fa94-04c1-424b-9868-57a2d4851a1d" relativeResultsDirectory="5abb9210-a795-43fa-a0b2-c847e357ba1b" />
    <UnitTestResult executionId="d5c3a00a-e8d7-4903-9a1d-081b87a8e99f" testId="54f0df91-4845-dc31-dc51-d2598c0a4e4a" testName="AddStatus_SendsCombinedStatus_OnMultipleStatusCallsBeforeRecorderConnected" computerName="DKSR-EFI-06" duration="00:00:00.0007762" startTime="2024-01-09T15:42:01.6382890+01:00" endTime="2024-01-09T15:42:01.6539127+01:00" testType="13cdc9d9-ddb5-4fa4-a97d-d965ccfc6d4b" outcome="Passed" testListId="8c84fa94-04c1-424b-9868-57a2d4851a1d" relativeResultsDirectory="d5c3a00a-e8d7-4903-9a1d-081b87a8e99f" />
    <UnitTestResult executionId="f10d996f-b757-469a-9e0e-74a9dbe3d748" testId="3893f2d5-e205-741a-87c5-ab8b5960c341" testName="DatabaseoperationCommandhandler_VerifyStorageAndArchiveOnline_NotAllStoragesOnline_ErrorResponse" computerName="DKSR-EFI-06" duration="00:00:00.0015063" startTime="2024-01-09T15:42:31.1539666+01:00" endTime="2024-01-09T15:42:31.1539666+01:00" testType="13cdc9d9-ddb5-4fa4-a97d-d965ccfc6d4b" outcome="Passed" testListId="8c84fa94-04c1-424b-9868-57a2d4851a1d" relativeResultsDirectory="f10d996f-b757-469a-9e0e-74a9dbe3d748" />
    <UnitTestResult executionId="02eaae03-f72d-4a21-99b5-b4517db194dc" testId="cff33996-f5fe-838d-b07f-97f03a99c82e" testName="CallLinkedDeviceStartedMethodForRecordingCamera" computerName="DKSR-EFI-06" duration="00:00:00.0005875" startTime="2024-01-09T15:42:19.1852087+01:00" endTime="2024-01-09T15:42:19.1852087+01:00" testType="13cdc9d9-ddb5-4fa4-a97d-d965ccfc6d4b" outcome="Passed" testListId="8c84fa94-04c1-424b-9868-57a2d4851a1d" relativeResultsDirectory="02eaae03-f72d-4a21-99b5-b4517db194dc" />
    <UnitTestResult executionId="b10be6ba-7632-4802-bd89-d0a2f69b01d1" testId="bf0f8068-e690-c5d9-efec-8bb2e4acd092" testName="RecordingStorageDeviceLinkEntries_QueryByRecordingStorageId_Success" computerName="DKSR-EFI-06" duration="00:00:00.0009239" startTime="2024-01-09T15:42:01.7632882+01:00" endTime="2024-01-09T15:42:01.7789125+01:00" testType="13cdc9d9-ddb5-4fa4-a97d-d965ccfc6d4b" outcome="Passed" testListId="8c84fa94-04c1-424b-9868-57a2d4851a1d" relativeResultsDirectory="b10be6ba-7632-4802-bd89-d0a2f69b01d1" />
    <UnitTestResult executionId="cbc0fced-d08a-4cdd-9c20-6373ad4e16e4" testId="0585a77c-bebe-bdc3-608b-58b28ca46b8f" testName="SOAPCommandRequestHandler_ExecuteFunction_HandleSmartSearchGetResult_Success" computerName="DKSR-EFI-06" duration="00:00:00.0058636" startTime="2024-01-09T15:42:15.5133308+01:00" endTime="2024-01-09T15:42:15.5133308+01:00" testType="13cdc9d9-ddb5-4fa4-a97d-d965ccfc6d4b" outcome="Passed" testListId="8c84fa94-04c1-424b-9868-57a2d4851a1d" relativeResultsDirectory="cbc0fced-d08a-4cdd-9c20-6373ad4e16e4" />
    <UnitTestResult executionId="40898a90-2528-4036-9505-2be3c0e030af" testId="cc746dc1-4f20-1e26-2252-3f9062ded2cd" testName="ManualPtzPatrollingSession_Constructor_ArgumentNullException" computerName="DKSR-EFI-06" duration="00:00:00.0066389" startTime="2024-01-09T15:42:38.4665073+01:00" endTime="2024-01-09T15:42:38.4821341+01:00" testType="13cdc9d9-ddb5-4fa4-a97d-d965ccfc6d4b" outcome="Passed" testListId="8c84fa94-04c1-424b-9868-57a2d4851a1d" relativeResultsDirectory="40898a90-2528-4036-9505-2be3c0e030af">
      <Output>
        <StdOut>Debug Trace:&#xD;
Fail: Argument 'ptzController' cannot be null&#xD;
Fail: Argument 'identity' cannot be null</StdOut>
      </Output>
    </UnitTestResult>
    <UnitTestResult executionId="90a17a68-1f83-452c-95c9-6526910a2eb4" testId="f74c6c10-2aac-5c53-327d-f45ea200ba89" testName="ResponseController_ValidTimeoutResponse_ValidTimeoutResponseCalledOnCommManager" computerName="DKSR-EFI-06" duration="00:00:00.0006896" startTime="2024-01-09T15:42:02.7945433+01:00" endTime="2024-01-09T15:42:02.7945433+01:00" testType="13cdc9d9-ddb5-4fa4-a97d-d965ccfc6d4b" outcome="Passed" testListId="8c84fa94-04c1-424b-9868-57a2d4851a1d" relativeResultsDirectory="90a17a68-1f83-452c-95c9-6526910a2eb4" />
    <UnitTestResult executionId="a881476e-ecc6-4082-8804-4c45567da61e" testId="5e96541d-bf62-26ff-d471-40017efbfeae" testName="MessageManagerCallback_HandleResponse_Fail_RetriesUpdate" computerName="DKSR-EFI-06" duration="00:00:00.0841525" startTime="2024-01-09T15:42:00.9663898+01:00" endTime="2024-01-09T15:42:01.0601606+01:00" testType="13cdc9d9-ddb5-4fa4-a97d-d965ccfc6d4b" outcome="Passed" testListId="8c84fa94-04c1-424b-9868-57a2d4851a1d" relativeResultsDirectory="a881476e-ecc6-4082-8804-4c45567da61e" />
    <UnitTestResult executionId="bf4258fb-9b9a-418d-9603-9b39d3d8d908" testId="31fcff4b-e5c4-4bf7-da58-296ef4939e33" testName="DatabaseoperationCommandhandler_VerifyPath_Success" computerName="DKSR-EFI-06" duration="00:00:00.0017724" startTime="2024-01-09T15:42:31.1383403+01:00" endTime="2024-01-09T15:42:31.1383403+01:00" testType="13cdc9d9-ddb5-4fa4-a97d-d965ccfc6d4b" outcome="Passed" testListId="8c84fa94-04c1-424b-9868-57a2d4851a1d" relativeResultsDirectory="bf4258fb-9b9a-418d-9603-9b39d3d8d908" />
    <UnitTestResult executionId="135129b5-60da-40e5-9d18-82abd06b42ce" testId="f39722f7-838b-9be7-8502-72099013d494" testName="SOAPCommandRequestHandler_ExecuteFunction_HandleOutputDeactivate_Success" computerName="DKSR-EFI-06" duration="00:00:00.0019013" startTime="2024-01-09T15:42:16.1070805+01:00" endTime="2024-01-09T15:42:16.1070805+01:00" testType="13cdc9d9-ddb5-4fa4-a97d-d965ccfc6d4b" outcome="Passed" testListId="8c84fa94-04c1-424b-9868-57a2d4851a1d" relativeResultsDirectory="135129b5-60da-40e5-9d18-82abd06b42ce" />
    <UnitTestResult executionId="ce39d652-26cd-41b8-9fa6-041a9bba7a92" testId="8614e3a5-5860-28dc-3880-8360eeb52686" testName="SOAPCommandRequestHandler_ExecuteFunction_HandleOutputTrigger_NoMicroSeconds" computerName="DKSR-EFI-06" duration="00:00:00.0004918" startTime="2024-01-09T15:42:16.1383355+01:00" endTime="2024-01-09T15:42:16.1383355+01:00" testType="13cdc9d9-ddb5-4fa4-a97d-d965ccfc6d4b" outcome="Passed" testListId="8c84fa94-04c1-424b-9868-57a2d4851a1d" relativeResultsDirectory="ce39d652-26cd-41b8-9fa6-041a9bba7a92" />
    <UnitTestResult executionId="51077396-4425-42d4-b892-50faeae33960" testId="52ee971d-7a47-9988-eb76-4c3b72649c24" testName="ConnectSuccess_Begin" computerName="DKSR-EFI-06" duration="00:00:00.0033365" startTime="2024-01-09T15:42:12.9508263+01:00" endTime="2024-01-09T15:42:12.9664517+01:00" testType="13cdc9d9-ddb5-4fa4-a97d-d965ccfc6d4b" outcome="Passed" testListId="8c84fa94-04c1-424b-9868-57a2d4851a1d" relativeResultsDirectory="51077396-4425-42d4-b892-50faeae33960" />
    <UnitTestResult executionId="f06be845-ac3f-446a-8eda-791019bd87ad" testId="0fb08c75-3a29-0406-124b-29414bdda200" testName="PingDeviceCommandHandler_Execute_InvalidAddress" computerName="DKSR-EFI-06" duration="00:00:00.0108302" startTime="2024-01-09T15:42:34.6227389+01:00" endTime="2024-01-09T15:42:34.6227389+01:00" testType="13cdc9d9-ddb5-4fa4-a97d-d965ccfc6d4b" outcome="Passed" testListId="8c84fa94-04c1-424b-9868-57a2d4851a1d" relativeResultsDirectory="f06be845-ac3f-446a-8eda-791019bd87ad" />
    <UnitTestResult executionId="4cb32ee7-c3f7-4321-8a8a-fb7d7ec65e9e" testId="4abb4581-af66-78a4-046c-15d0397a9455" testName="ConnectSuccess_NextSeq_Exception" computerName="DKSR-EFI-06" duration="00:00:00.0031910" startTime="2024-01-09T15:42:13.0290406+01:00" endTime="2024-01-09T15:42:13.0446147+01:00" testType="13cdc9d9-ddb5-4fa4-a97d-d965ccfc6d4b" outcome="Passed" testListId="8c84fa94-04c1-424b-9868-57a2d4851a1d" relativeResultsDirectory="4cb32ee7-c3f7-4321-8a8a-fb7d7ec65e9e" />
    <UnitTestResult executionId="aed6b1a6-21de-4d9b-9d93-3d831737b18d" testId="7fbbb8ec-7eda-3e82-92dc-46be9d4347d0" testName="SmartSearchHandlerConstructAndDispose" computerName="DKSR-EFI-06" duration="00:00:00.0089560" startTime="2024-01-09T15:42:17.5914584+01:00" endTime="2024-01-09T15:42:17.6070840+01:00" testType="13cdc9d9-ddb5-4fa4-a97d-d965ccfc6d4b" outcome="Passed" testListId="8c84fa94-04c1-424b-9868-57a2d4851a1d" relativeResultsDirectory="aed6b1a6-21de-4d9b-9d93-3d831737b18d" />
    <UnitTestResult executionId="962e9427-0684-4e65-9398-3bbca5f7b2da" testId="1abda0e4-5bc1-3609-bf4f-c627801e59f8" testName="FirmwareUpgradeCommandHandler_Execute_ManyCommands" computerName="DKSR-EFI-06" duration="00:00:01.0227920" startTime="2024-01-09T15:42:31.9039689+01:00" endTime="2024-01-09T15:42:32.9352262+01:00" testType="13cdc9d9-ddb5-4fa4-a97d-d965ccfc6d4b" outcome="Passed" testListId="8c84fa94-04c1-424b-9868-57a2d4851a1d" relativeResultsDirectory="962e9427-0684-4e65-9398-3bbca5f7b2da" />
    <UnitTestResult executionId="d7a2902a-d7e3-4bad-a887-b3dcefe2094e" testId="5317f920-779e-2705-3fa5-3d4aba4bd056" testName="IsInRange_ShouldReturnTrue_WhenAddressStartEndAllSame" computerName="DKSR-EFI-06" duration="00:00:00.0001411" startTime="2024-01-09T15:42:29.7945904+01:00" endTime="2024-01-09T15:42:29.7945904+01:00" testType="13cdc9d9-ddb5-4fa4-a97d-d965ccfc6d4b" outcome="Passed" testListId="8c84fa94-04c1-424b-9868-57a2d4851a1d" relativeResultsDirectory="d7a2902a-d7e3-4bad-a887-b3dcefe2094e" />
    <UnitTestResult executionId="34712feb-421a-4adc-9167-87dade6dd310" testId="3cd38ec4-8926-975f-c679-2575a62c6fcd" testName="SOAPCommandRequestHandler_ExecuteFunction_HandlePTZRectangle_Left_Not_Double" computerName="DKSR-EFI-06" duration="00:00:00.0009297" startTime="2024-01-09T15:42:16.3727101+01:00" endTime="2024-01-09T15:42:16.3727101+01:00" testType="13cdc9d9-ddb5-4fa4-a97d-d965ccfc6d4b" outcome="Passed" testListId="8c84fa94-04c1-424b-9868-57a2d4851a1d" relativeResultsDirectory="34712feb-421a-4adc-9167-87dade6dd310" />
    <UnitTestResult executionId="d7fa85f6-1417-47ae-9ba5-df030ba3fa22" testId="e1fa1536-4979-0f56-a61e-4c8bdc511740" testName="SOAPCommandRequestHandler_ExecuteFunction_HandleTimeLineInformationGet_No_Speaker_Security" computerName="DKSR-EFI-06" duration="00:00:00.0026408" startTime="2024-01-09T15:42:15.6695824+01:00" endTime="2024-01-09T15:42:15.6852089+01:00" testType="13cdc9d9-ddb5-4fa4-a97d-d965ccfc6d4b" outcome="Passed" testListId="8c84fa94-04c1-424b-9868-57a2d4851a1d" relativeResultsDirectory="d7fa85f6-1417-47ae-9ba5-df030ba3fa22" />
    <UnitTestResult executionId="8f655288-d99d-4938-b20e-c33b8055a59a" testId="3bf15e8d-35d3-7d9f-9606-427db31eb643" testName="GetSettingAsInt32_NonIntValue_Throws_InvalidMulticastSettingsException" computerName="DKSR-EFI-06" duration="00:00:00.0003694" startTime="2024-01-09T15:42:19.6696042+01:00" endTime="2024-01-09T15:42:19.6696042+01:00" testType="13cdc9d9-ddb5-4fa4-a97d-d965ccfc6d4b" outcome="Passed" testListId="8c84fa94-04c1-424b-9868-57a2d4851a1d" relativeResultsDirectory="8f655288-d99d-4938-b20e-c33b8055a59a" />
    <UnitTestResult executionId="98d9ed1e-b73b-4c9b-ae1f-74a905f2eb49" testId="4cb7af30-0ec6-dbea-04bc-6d71d17c03ed" testName="SOAPCommandRequestHandler_ExecuteFunction_HandleOutputGetState_Success_NotAvailable" computerName="DKSR-EFI-06" duration="00:00:00.0016003" startTime="2024-01-09T15:42:16.1227076+01:00" endTime="2024-01-09T15:42:16.1227076+01:00" testType="13cdc9d9-ddb5-4fa4-a97d-d965ccfc6d4b" outcome="Passed" testListId="8c84fa94-04c1-424b-9868-57a2d4851a1d" relativeResultsDirectory="98d9ed1e-b73b-4c9b-ae1f-74a905f2eb49" />
    <UnitTestResult executionId="52509804-e9a3-4f63-984d-4f84907ed00d" testId="f55b20e5-de96-17a5-c0d6-d15f58186a36" testName="CreateSettingsForInitializeHardwareAndDeviceSettings_Missing_Device_Throws_InconsistentConfigurationException" computerName="DKSR-EFI-06" duration="00:00:00.7674555" startTime="2024-01-09T15:41:59.4664630+01:00" endTime="2024-01-09T15:42:00.2320919+01:00" testType="13cdc9d9-ddb5-4fa4-a97d-d965ccfc6d4b" outcome="Passed" testListId="8c84fa94-04c1-424b-9868-57a2d4851a1d" relativeResultsDirectory="52509804-e9a3-4f63-984d-4f84907ed00d">
      <Output>
        <StdOut>Debug Trace:&#xD;
Fail: No device settings found for device in hardware definition.</StdOut>
      </Output>
    </UnitTestResult>
    <UnitTestResult executionId="cb87c70f-4567-4b36-a19b-fc1fffb1d82b" testId="0e175f94-dc91-8e36-fedf-5c1583d8241e" testName="PtzManager_Constructor_Success" computerName="DKSR-EFI-06" duration="00:00:00.0013139" startTime="2024-01-09T15:42:37.9352577+01:00" endTime="2024-01-09T15:42:37.9352577+01:00" testType="13cdc9d9-ddb5-4fa4-a97d-d965ccfc6d4b" outcome="Passed" testListId="8c84fa94-04c1-424b-9868-57a2d4851a1d" relativeResultsDirectory="cb87c70f-4567-4b36-a19b-fc1fffb1d82b" />
    <UnitTestResult executionId="6e71f5d4-860a-4de6-bf45-c4b0aa22e502" testId="ea96d8c2-b012-7a15-be1c-52de1fa69f3c" testName="AddHardwareUserCommandHandler_Execute_HardwareNotFound_Fails" computerName="DKSR-EFI-06" duration="00:00:00.0007005" startTime="2024-01-09T15:42:30.6070900+01:00" endTime="2024-01-09T15:42:30.6070900+01:00" testType="13cdc9d9-ddb5-4fa4-a97d-d965ccfc6d4b" outcome="Passed" testListId="8c84fa94-04c1-424b-9868-57a2d4851a1d" relativeResultsDirectory="6e71f5d4-860a-4de6-bf45-c4b0aa22e502" />
    <UnitTestResult executionId="09b42a8c-6244-41b9-a677-67fd156d5ae1" testId="9c340af1-0e33-101d-b2bd-9ae449fb5a93" testName="HandleRequest_Json_Success" computerName="DKSR-EFI-06" duration="00:00:00.0004573" startTime="2024-01-09T15:42:03.0601673+01:00" endTime="2024-01-09T15:42:03.0601673+01:00" testType="13cdc9d9-ddb5-4fa4-a97d-d965ccfc6d4b" outcome="Passed" testListId="8c84fa94-04c1-424b-9868-57a2d4851a1d" relativeResultsDirectory="09b42a8c-6244-41b9-a677-67fd156d5ae1" />
    <UnitTestResult executionId="68eee297-50c1-4851-9207-d200dbeea2e9" testId="44226950-31ad-5f0b-4d90-f6d2f68da17a" testName="AudioMessageManager_UpdateConfiguration_ArgumentNullException" computerName="DKSR-EFI-06" duration="00:00:00.0015682" startTime="2024-01-09T15:42:38.5758832+01:00" endTime="2024-01-09T15:42:38.5758832+01:00" testType="13cdc9d9-ddb5-4fa4-a97d-d965ccfc6d4b" outcome="Passed" testListId="8c84fa94-04c1-424b-9868-57a2d4851a1d" relativeResultsDirectory="68eee297-50c1-4851-9207-d200dbeea2e9" />
    <UnitTestResult executionId="1a28ffce-45e5-4391-9131-9d9284130020" testId="47852ba4-9f7c-aef7-23bb-716ae480a7a9" testName="CheckUsingStorageTask_Run_Once" computerName="DKSR-EFI-06" duration="00:00:00.1710625" startTime="2024-01-09T15:42:18.4820847+01:00" endTime="2024-01-09T15:42:18.6539601+01:00" testType="13cdc9d9-ddb5-4fa4-a97d-d965ccfc6d4b" outcome="Passed" testListId="8c84fa94-04c1-424b-9868-57a2d4851a1d" relativeResultsDirectory="1a28ffce-45e5-4391-9131-9d9284130020" />
    <UnitTestResult executionId="ee53adc3-dbad-4850-a133-303da469ae48" testId="3f21ea24-4402-03c2-2a65-7503728827fe" testName="AdaptiveStreamingTypeMaxResolution" computerName="DKSR-EFI-06" duration="00:00:00.0007279" startTime="2024-01-09T15:42:02.8257946+01:00" endTime="2024-01-09T15:42:02.8257946+01:00" testType="13cdc9d9-ddb5-4fa4-a97d-d965ccfc6d4b" outcome="Passed" testListId="8c84fa94-04c1-424b-9868-57a2d4851a1d" relativeResultsDirectory="ee53adc3-dbad-4850-a133-303da469ae48" />
    <UnitTestResult executionId="c2e0d8f9-4f1f-4698-9b60-2062a1944b6a" testId="8d119962-db6d-cb0a-c605-9a3de5c65537" testName="SOAPCommandRequestHandler_ExecuteFunction_HandleSequencesGetAroundWithSpan_No_Microphone_Security" computerName="DKSR-EFI-06" duration="00:00:00.0019934" startTime="2024-01-09T15:42:15.4508536+01:00" endTime="2024-01-09T15:42:15.4508536+01:00" testType="13cdc9d9-ddb5-4fa4-a97d-d965ccfc6d4b" outcome="Passed" testListId="8c84fa94-04c1-424b-9868-57a2d4851a1d" relativeResultsDirectory="c2e0d8f9-4f1f-4698-9b60-2062a1944b6a" />
    <UnitTestResult executionId="a6594bce-6a28-423e-9bc4-e8c5823bf6f1" testId="14810dc1-3e47-4c5b-f703-d7718498368d" testName="SynchronizeDevicePresetsCommandHandler_Execute_DeviceNotStarted" computerName="DKSR-EFI-06" duration="00:00:00.0007901" startTime="2024-01-09T15:42:37.0758770+01:00" endTime="2024-01-09T15:42:37.0758770+01:00" testType="13cdc9d9-ddb5-4fa4-a97d-d965ccfc6d4b" outcome="Passed" testListId="8c84fa94-04c1-424b-9868-57a2d4851a1d" relativeResultsDirectory="a6594bce-6a28-423e-9bc4-e8c5823bf6f1" />
    <UnitTestResult executionId="6b303bd4-edee-4e70-8fb0-d75330a269d4" testId="7085e5c5-fdc2-03ca-043d-69353b624742" testName="EvidenceLockOnOldRecorderCommandHandler_UpdateEvidenceLock" computerName="DKSR-EFI-06" duration="00:00:00.0097147" startTime="2024-01-09T15:42:31.7789685+01:00" endTime="2024-01-09T15:42:31.7945954+01:00" testType="13cdc9d9-ddb5-4fa4-a97d-d965ccfc6d4b" outcome="Passed" testListId="8c84fa94-04c1-424b-9868-57a2d4851a1d" relativeResultsDirectory="6b303bd4-edee-4e70-8fb0-d75330a269d4" />
    <UnitTestResult executionId="93ff4488-e7bd-4c09-8b94-e8823a56f8c4" testId="1885e134-c75a-1386-d7ef-08d31fd2e486" testName="PtzManager_StopPatrolling_Success" computerName="DKSR-EFI-06" duration="00:00:00.0021302" startTime="2024-01-09T15:42:38.1227568+01:00" endTime="2024-01-09T15:42:38.1227568+01:00" testType="13cdc9d9-ddb5-4fa4-a97d-d965ccfc6d4b" outcome="Passed" testListId="8c84fa94-04c1-424b-9868-57a2d4851a1d" relativeResultsDirectory="93ff4488-e7bd-4c09-8b94-e8823a56f8c4" />
    <UnitTestResult executionId="492fa373-3d98-4d39-885f-2fd9b1cee502" testId="cfae43cc-8a12-c2f5-05c8-4f9184442cde" testName="SOAPCommandRequestHandler_ExecuteFunction_HandleMulticastStart_User_Has_Permission" computerName="DKSR-EFI-06" duration="00:00:00.0147602" startTime="2024-01-09T15:42:15.7320817+01:00" endTime="2024-01-09T15:42:15.7477055+01:00" testType="13cdc9d9-ddb5-4fa4-a97d-d965ccfc6d4b" outcome="Passed" testListId="8c84fa94-04c1-424b-9868-57a2d4851a1d" relativeResultsDirectory="492fa373-3d98-4d39-885f-2fd9b1cee502" />
    <UnitTestResult executionId="db4099cc-bd0a-4aed-86f7-b6f073090867" testId="5298f2b0-a76e-0047-fca1-2bb894514586" testName="MediaDbUtil_MultitrackNavigation_Scenario02" computerName="DKSR-EFI-06" duration="00:00:00.0226485" startTime="2024-01-09T15:42:14.0602029+01:00" endTime="2024-01-09T15:42:14.0914533+01:00" testType="13cdc9d9-ddb5-4fa4-a97d-d965ccfc6d4b" outcome="Passed" testListId="8c84fa94-04c1-424b-9868-57a2d4851a1d" relativeResultsDirectory="db4099cc-bd0a-4aed-86f7-b6f073090867">
      <Output>
        <StdOut>TestContext Messages:&#xD;
Before&#xD;
Navigation:  " V                                      "&#xD;
Source    :  "        1-- 1----1-----                 "&#xD;
Unable to move&#xD;
&#xD;
AtOrBefore&#xD;
Navigation:  " V                                      "&#xD;
Source    :  "        1-- 1----1-----                 "&#xD;
Unable to move&#xD;
&#xD;
AtOrAfter&#xD;
Navigation:  " V                                      "&#xD;
Source    :  "        1-- 1----1-----                 "&#xD;
Expected  :  "        1-- N                           "&#xD;
Actual    :  "        1-- N                           "&#xD;
&#xD;
After&#xD;
Navigation:  " V                                      "&#xD;
Source    :  "        1-- 1----1-----                 "&#xD;
Expected  :  "        1-- N                           "&#xD;
Actual    :  "        1-- N                           "&#xD;
&#xD;
Before&#xD;
Navigation:  "           V                            "&#xD;
Source    :  "        1-- 1----1-----                 "&#xD;
Expected  :  "        1-- N                           "&#xD;
Actual    :  "        1-- N                           "&#xD;
&#xD;
AtOrBefore&#xD;
Navigation:  "           V                            "&#xD;
Source    :  "        1-- 1----1-----                 "&#xD;
Expected  :  "        1-- N                           "&#xD;
Actual    :  "        1-- N                           "&#xD;
&#xD;
AtOrAfter&#xD;
Navigation:  "           V                            "&#xD;
Source    :  "        1-- 1----1-----                 "&#xD;
Expected  :  "        P   1----N                      "&#xD;
Actual    :  "        P   1----N                      "&#xD;
&#xD;
After&#xD;
Navigation:  "           V                            "&#xD;
Source    :  "        1-- 1----1-----                 "&#xD;
Expected  :  "        P   1----N                      "&#xD;
Actual    :  "        P   1----N                      "&#xD;
&#xD;
Before&#xD;
Navigation:  "              V                         "&#xD;
Source    :  "        1-- 1----1-----                 "&#xD;
Expected  :  "        1-- N                           "&#xD;
Actual    :  "        1-- N                           "&#xD;
&#xD;
AtOrBefore&#xD;
Navigation:  "              V                         "&#xD;
Source    :  "        1-- 1----1-----                 "&#xD;
Expected  :  "        P   1----N                      "&#xD;
Actual    :  "        P   1----N                      "&#xD;
&#xD;
AtOrAfter&#xD;
Navigation:  "              V                         "&#xD;
Source    :  "        1-- 1----1-----                 "&#xD;
Expected  :  "        P   1----N                      "&#xD;
Actual    :  "        P   1----N                      "&#xD;
&#xD;
After&#xD;
Navigation:  "              V                         "&#xD;
Source    :  "        1-- 1----1-----                 "&#xD;
Expected  :  "            P    1-----                 "&#xD;
Actual    :  "            P    1-----                 "&#xD;
&#xD;
Before&#xD;
Navigation:  "                          V             "&#xD;
Source    :  "        1-- 1----1-----                 "&#xD;
Expected  :  "            P    1-----                 "&#xD;
Actual    :  "            P    1-----                 "&#xD;
&#xD;
AtOrBefore&#xD;
Navigation:  "                          V             "&#xD;
Source    :  "        1-- 1----1-----                 "&#xD;
Expected  :  "            P    1-----                 "&#xD;
Actual    :  "            P    1-----                 "&#xD;
&#xD;
AtOrAfter&#xD;
Navigation:  "                          V             "&#xD;
Source    :  "        1-- 1----1-----                 "&#xD;
Unable to move&#xD;
&#xD;
After&#xD;
Navigation:  "                          V             "&#xD;
Source    :  "        1-- 1----1-----                 "&#xD;
Unable to move&#xD;
&#xD;
Before&#xD;
Navigation:  "                                      V "&#xD;
Source    :  "        1-- 1----1-----                 "&#xD;
Expected  :  "            P    1-----                 "&#xD;
Actual    :  "            P    1-----                 "&#xD;
&#xD;
AtOrBefore&#xD;
Navigation:  "                                      V "&#xD;
Source    :  "        1-- 1----1-----                 "&#xD;
Expected  :  "            P    1-----                 "&#xD;
Actual    :  "            P    1-----                 "&#xD;
&#xD;
AtOrAfter&#xD;
Navigation:  "                                      V "&#xD;
Source    :  "        1-- 1----1-----                 "&#xD;
Unable to move&#xD;
&#xD;
After&#xD;
Navigation:  "                                      V "&#xD;
Source    :  "        1-- 1----1-----                 "&#xD;
Unable to move&#xD;
&#xD;
Before&#xD;
Navigation:  " V                                      "&#xD;
Source    :  "        1-- 1--    2-- 2---             "&#xD;
Unable to move&#xD;
&#xD;
AtOrBefore&#xD;
Navigation:  " V                                      "&#xD;
Source    :  "        1-- 1--    2-- 2---             "&#xD;
Unable to move&#xD;
&#xD;
AtOrAfter&#xD;
Navigation:  " V                                      "&#xD;
Source    :  "        1-- 1--    2-- 2---             "&#xD;
Expected  :  "        1-- N                           "&#xD;
Actual    :  "        1-- N                           "&#xD;
&#xD;
After&#xD;
Navigation:  " V                                      "&#xD;
Source    :  "        1-- 1--    2-- 2---             "&#xD;
Expected  :  "        1-- N                           "&#xD;
Actual    :  "        1-- N                           "&#xD;
&#xD;
Before&#xD;
Navigation:  "           V                            "&#xD;
Source    :  "        1-- 1--    2-- 2---             "&#xD;
Expected  :  "        1-- N                           "&#xD;
Actual    :  "        1-- N                           "&#xD;
&#xD;
AtOrBefore&#xD;
Navigation:  "           V                            "&#xD;
Source    :  "        1-- 1--    2-- 2---             "&#xD;
Expected  :  "        1-- N                           "&#xD;
Actual    :  "        1-- N                           "&#xD;
&#xD;
AtOrAfter&#xD;
Navigation:  "           V                            "&#xD;
Source    :  "        1-- 1--    2-- 2---             "&#xD;
Expected  :  "        P   1--    N                    "&#xD;
Actual    :  "        P   1--    N                    "&#xD;
&#xD;
After&#xD;
Navigation:  "           V                            "&#xD;
Source    :  "        1-- 1--    2-- 2---             "&#xD;
Expected  :  "        P   1--    N                    "&#xD;
Actual    :  "        P   1--    N                    "&#xD;
&#xD;
Before&#xD;
Navigation:  "              V                         "&#xD;
Source    :  "        1-- 1--    2-- 2---             "&#xD;
Expected  :  "        1-- N                           "&#xD;
Actual    :  "        1-- N                           "&#xD;
&#xD;
AtOrBefore&#xD;
Navigation:  "              V                         "&#xD;
Source    :  "        1-- 1--    2-- 2---             "&#xD;
Expected  :  "        P   1--    N                    "&#xD;
Actual    :  "        P   1--    N                    "&#xD;
&#xD;
AtOrAfter&#xD;
Navigation:  "              V                         "&#xD;
Source    :  "        1-- 1--    2-- 2---             "&#xD;
Expected  :  "        P   1--    N                    "&#xD;
Actual    :  "        P   1--    N                    "&#xD;
&#xD;
After&#xD;
Navigation:  "              V                         "&#xD;
Source    :  "        1-- 1--    2-- 2---             "&#xD;
Expected  :  "            P      2-- N                "&#xD;
Actual    :  "            P      2-- N                "&#xD;
&#xD;
Before&#xD;
Navigation:  "                          V             "&#xD;
Source    :  "        1-- 1--    2-- 2---             "&#xD;
Expected  :  "            P      2-- N                "&#xD;
Actual    :  "            P      2-- N                "&#xD;
&#xD;
AtOrBefore&#xD;
Navigation:  "                          V             "&#xD;
Source    :  "        1-- 1--    2-- 2---             "&#xD;
Expected  :  "                   P   2---             "&#xD;
Actual    :  "                   P   2---             "&#xD;
&#xD;
AtOrAfter&#xD;
Navigation:  "                          V             "&#xD;
Source    :  "        1-- 1--    2-- 2---             "&#xD;
Expected  :  "                   P   2---             "&#xD;
Actual    :  "                   P   2---             "&#xD;
&#xD;
After&#xD;
Navigation:  "                          V             "&#xD;
Source    :  "        1-- 1--    2-- 2---             "&#xD;
Unable to move&#xD;
&#xD;
Before&#xD;
Navigation:  "                                      V "&#xD;
Source    :  "        1-- 1--    2-- 2---             "&#xD;
Expected  :  "                   P   2---             "&#xD;
Actual    :  "                   P   2---             "&#xD;
&#xD;
AtOrBefore&#xD;
Navigation:  "                                      V "&#xD;
Source    :  "        1-- 1--    2-- 2---             "&#xD;
Expected  :  "                   P   2---             "&#xD;
Actual    :  "                   P   2---             "&#xD;
&#xD;
AtOrAfter&#xD;
Navigation:  "                                      V "&#xD;
Source    :  "        1-- 1--    2-- 2---             "&#xD;
Unable to move&#xD;
&#xD;
After&#xD;
Navigation:  "                                      V "&#xD;
Source    :  "        1-- 1--    2-- 2---             "&#xD;
Unable to move</StdOut>
      </Output>
    </UnitTestResult>
    <UnitTestResult executionId="9120470c-f639-4caf-b18f-5ade0361fce0" testId="3a327f35-a81d-1c08-7c0d-d8137be6130d" testName="PtzReleaseSessionCommandHandler_Execute_Argument_Exception" computerName="DKSR-EFI-06" duration="00:00:00.0057662" startTime="2024-01-09T15:42:36.1852486+01:00" endTime="2024-01-09T15:42:36.2008728+01:00" testType="13cdc9d9-ddb5-4fa4-a97d-d965ccfc6d4b" outcome="Passed" testListId="8c84fa94-04c1-424b-9868-57a2d4851a1d" relativeResultsDirectory="9120470c-f639-4caf-b18f-5ade0361fce0">
      <Output>
        <StdOut>Debug Trace:&#xD;
Fail: Command/Command handler type mismatch&#xD;
Fail: The command handler expect an object that implements ICallContextInfo in the state parameter&#xD;
Fail: responseSink can not be null</StdOut>
      </Output>
    </UnitTestResult>
    <UnitTestResult executionId="3ecb7a03-d1fb-472b-b6f2-1e1fa0f434fe" testId="39ab63ce-4d80-5eef-f7c5-602634b33d26" testName="HardwareScanSession_TestProgress" computerName="DKSR-EFI-06" duration="00:00:02.4634440" startTime="2024-01-09T15:42:27.1695906+01:00" endTime="2024-01-09T15:42:29.6383392+01:00" testType="13cdc9d9-ddb5-4fa4-a97d-d965ccfc6d4b" outcome="Passed" testListId="8c84fa94-04c1-424b-9868-57a2d4851a1d" relativeResultsDirectory="3ecb7a03-d1fb-472b-b6f2-1e1fa0f434fe" />
    <UnitTestResult executionId="c639dd7f-4dee-4f9b-ba3d-5079723fa353" testId="b04dd62a-a28e-d69a-9c42-2711a6e089f5" testName="ResetConfigRecordRelatedWhileRecordingCamera" computerName="DKSR-EFI-06" duration="00:00:00.0007828" startTime="2024-01-09T15:42:19.1852087+01:00" endTime="2024-01-09T15:42:19.1852087+01:00" testType="13cdc9d9-ddb5-4fa4-a97d-d965ccfc6d4b" outcome="Passed" testListId="8c84fa94-04c1-424b-9868-57a2d4851a1d" relativeResultsDirectory="c639dd7f-4dee-4f9b-ba3d-5079723fa353" />
    <UnitTestResult executionId="5a673565-7ad4-4fa5-b153-c7dc20de6df4" testId="4867370e-db0d-6f64-473d-9ff916e6a3ba" testName="PtzPatrollingSessionBase_OnEndPositionReached_Success" computerName="DKSR-EFI-06" duration="00:00:00.0010981" startTime="2024-01-09T15:42:38.5290102+01:00" endTime="2024-01-09T15:42:38.5290102+01:00" testType="13cdc9d9-ddb5-4fa4-a97d-d965ccfc6d4b" outcome="Passed" testListId="8c84fa94-04c1-424b-9868-57a2d4851a1d" relativeResultsDirectory="5a673565-7ad4-4fa5-b153-c7dc20de6df4">
      <Output>
        <StdOut>Debug Trace:&#xD;
VideoOS.Recorder.PtzPatrollingSession session started</StdOut>
      </Output>
    </UnitTestResult>
    <UnitTestResult executionId="715c08c1-47fb-4ccb-99e8-04ce8209e04d" testId="3d7df30c-aa5b-0b5c-927c-2e931a86e2b4" testName="MediaDbCache_GetDiskUsageInformationBank_Has_Cache_Value" computerName="DKSR-EFI-06" duration="00:00:00.0017406" startTime="2024-01-09T15:42:30.1227187+01:00" endTime="2024-01-09T15:42:30.1227187+01:00" testType="13cdc9d9-ddb5-4fa4-a97d-d965ccfc6d4b" outcome="Passed" testListId="8c84fa94-04c1-424b-9868-57a2d4851a1d" relativeResultsDirectory="715c08c1-47fb-4ccb-99e8-04ce8209e04d" />
    <UnitTestResult executionId="f359cd4c-104d-4f8e-8ffb-f45fdf302b69" testId="f3e4fa1d-85a8-98e6-f624-c5f6f260ae11" testName="DiffGramToApplyToOrigionalDataSetToMakeItIdenticalWithNewDataSet_HandleExistingUnmodifiedRows" computerName="DKSR-EFI-06" duration="00:00:00.0123947" startTime="2024-01-09T15:42:00.4820956+01:00" endTime="2024-01-09T15:42:00.4977172+01:00" testType="13cdc9d9-ddb5-4fa4-a97d-d965ccfc6d4b" outcome="Passed" testListId="8c84fa94-04c1-424b-9868-57a2d4851a1d" relativeResultsDirectory="f359cd4c-104d-4f8e-8ffb-f45fdf302b69" />
    <UnitTestResult executionId="59397cea-3572-469a-a401-eca95d969ca6" testId="7d003dee-7248-76af-b4ef-f456139d750f" testName="DatabaseoperationCommandhandler_DiskUsageInformationTablesPerStorage_AllSuccess" computerName="DKSR-EFI-06" duration="00:00:00.0088233" startTime="2024-01-09T15:42:31.1070897+01:00" endTime="2024-01-09T15:42:31.1227187+01:00" testType="13cdc9d9-ddb5-4fa4-a97d-d965ccfc6d4b" outcome="Passed" testListId="8c84fa94-04c1-424b-9868-57a2d4851a1d" relativeResultsDirectory="59397cea-3572-469a-a401-eca95d969ca6" />
    <UnitTestResult executionId="fa716e16-757b-4eef-948e-ca648ae9322f" testId="88b1808f-dd69-577c-bdee-e6d80a766a3d" testName="ConnectSuccess_Next_Denied" computerName="DKSR-EFI-06" duration="00:00:00.0025894" startTime="2024-01-09T15:42:12.9195768+01:00" endTime="2024-01-09T15:42:12.9195768+01:00" testType="13cdc9d9-ddb5-4fa4-a97d-d965ccfc6d4b" outcome="Passed" testListId="8c84fa94-04c1-424b-9868-57a2d4851a1d" relativeResultsDirectory="fa716e16-757b-4eef-948e-ca648ae9322f" />
    <UnitTestResult executionId="517ba4f0-65be-4d34-8fbd-2583f93cfb58" testId="ae55d193-0e62-6ffd-aeff-f24e87e78031" testName="GetHardwareUsersCommandHandler_Execute_GetUserList_ThrowsNoHardwareAccess_Errors" computerName="DKSR-EFI-06" duration="00:00:00.0008595" startTime="2024-01-09T15:42:33.1227330+01:00" endTime="2024-01-09T15:42:33.1383567+01:00" testType="13cdc9d9-ddb5-4fa4-a97d-d965ccfc6d4b" outcome="Passed" testListId="8c84fa94-04c1-424b-9868-57a2d4851a1d" relativeResultsDirectory="517ba4f0-65be-4d34-8fbd-2583f93cfb58" />
    <UnitTestResult executionId="52769319-5650-4294-b390-bd0074aa38a6" testId="fe062b2b-a302-73f7-82cc-a49a779de2cf" testName="HandleRequest_WithContent_Success" computerName="DKSR-EFI-06" duration="00:00:00.0022166" startTime="2024-01-09T15:42:03.0601673+01:00" endTime="2024-01-09T15:42:03.0601673+01:00" testType="13cdc9d9-ddb5-4fa4-a97d-d965ccfc6d4b" outcome="Passed" testListId="8c84fa94-04c1-424b-9868-57a2d4851a1d" relativeResultsDirectory="52769319-5650-4294-b390-bd0074aa38a6" />
    <UnitTestResult executionId="372b1d70-e44f-4b55-9c2e-b01af6088a5c" testId="68d8c51d-b0f5-4bb8-a0ab-928597a90e21" testName="UpdateConfigurationFromDiffGram_NoChanges_Success" computerName="DKSR-EFI-06" duration="00:00:00.0198559" startTime="2024-01-09T15:42:19.5914617+01:00" endTime="2024-01-09T15:42:19.6070857+01:00" testType="13cdc9d9-ddb5-4fa4-a97d-d965ccfc6d4b" outcome="Passed" testListId="8c84fa94-04c1-424b-9868-57a2d4851a1d" relativeResultsDirectory="372b1d70-e44f-4b55-9c2e-b01af6088a5c" />
    <UnitTestResult executionId="54f934b4-47cc-4ecd-b1d3-c6c78c2db0bd" testId="4036f975-aabb-537e-f8ee-99a9334a5210" testName="PtzStopSessionCommandHandler_Execute_PtzException_DeviceNotFound" computerName="DKSR-EFI-06" duration="00:00:00.0004631" startTime="2024-01-09T15:42:36.3571227+01:00" endTime="2024-01-09T15:42:36.3571227+01:00" testType="13cdc9d9-ddb5-4fa4-a97d-d965ccfc6d4b" outcome="Passed" testListId="8c84fa94-04c1-424b-9868-57a2d4851a1d" relativeResultsDirectory="54f934b4-47cc-4ecd-b1d3-c6c78c2db0bd" />
    <UnitTestResult executionId="f120e3be-b712-4741-9971-228b2c029e55" testId="42edbc63-86ce-51a6-8a5b-3eb9563dc7b1" testName="AddHardwareUserCommandHandler_Execute_AddUser_ThrowsUserHandlingUserNotCreated_Errors" computerName="DKSR-EFI-06" duration="00:00:00.0009177" startTime="2024-01-09T15:42:30.6539638+01:00" endTime="2024-01-09T15:42:30.6539638+01:00" testType="13cdc9d9-ddb5-4fa4-a97d-d965ccfc6d4b" outcome="Passed" testListId="8c84fa94-04c1-424b-9868-57a2d4851a1d" relativeResultsDirectory="f120e3be-b712-4741-9971-228b2c029e55" />
    <UnitTestResult executionId="193a546a-7124-4c21-b429-e64650028bbb" testId="87d34b34-bc3d-f774-26c8-418c7975eb86" testName="ConnectUpdate_Shutdown_TokenUnavailable" computerName="DKSR-EFI-06" duration="00:00:00.0009443" startTime="2024-01-09T15:42:12.8102052+01:00" endTime="2024-01-09T15:42:12.8102052+01:00" testType="13cdc9d9-ddb5-4fa4-a97d-d965ccfc6d4b" outcome="Passed" testListId="8c84fa94-04c1-424b-9868-57a2d4851a1d" relativeResultsDirectory="193a546a-7124-4c21-b429-e64650028bbb" />
    <UnitTestResult executionId="763650d1-7897-45b3-98fc-76546961aadb" testId="a82c204b-c77a-34fe-b8bf-38afc46073f1" testName="CheckHardwareDefinitionCommandHandler_Constructor_RegisterActionNull_ArgumentNullException" computerName="DKSR-EFI-06" duration="00:00:00.0008593" startTime="2024-01-09T15:42:30.9195917+01:00" endTime="2024-01-09T15:42:30.9195917+01:00" testType="13cdc9d9-ddb5-4fa4-a97d-d965ccfc6d4b" outcome="Passed" testListId="8c84fa94-04c1-424b-9868-57a2d4851a1d" relativeResultsDirectory="763650d1-7897-45b3-98fc-76546961aadb">
      <Output>
        <StdOut>Debug Trace:&#xD;
Fail: Argument null</StdOut>
      </Output>
    </UnitTestResult>
    <UnitTestResult executionId="7a2752a2-cf3c-4c98-9d91-4f5548cdbb0a" testId="7b9aa6b6-e583-d3a0-95ca-64d6ee50fec3" testName="DriverProxyInstanceManager_AddSameHardwareTwice_RemoveOnce_HardwareStillThere" computerName="DKSR-EFI-06" duration="00:00:00.0016728" startTime="2024-01-09T15:42:00.5450784+01:00" endTime="2024-01-09T15:42:00.5450784+01:00" testType="13cdc9d9-ddb5-4fa4-a97d-d965ccfc6d4b" outcome="Passed" testListId="8c84fa94-04c1-424b-9868-57a2d4851a1d" relativeResultsDirectory="7a2752a2-cf3c-4c98-9d91-4f5548cdbb0a" />
    <UnitTestResult executionId="b12be409-b176-4c5b-9d58-17bd009b6a8d" testId="7f4a48c1-c1cd-a9cc-4967-4f5efa43ecff" testName="PtzPatrollingSession_Constructor_Success" computerName="DKSR-EFI-06" duration="00:00:00.0030689" startTime="2024-01-09T15:42:38.4665073+01:00" endTime="2024-01-09T15:42:38.4665073+01:00" testType="13cdc9d9-ddb5-4fa4-a97d-d965ccfc6d4b" outcome="Passed" testListId="8c84fa94-04c1-424b-9868-57a2d4851a1d" relativeResultsDirectory="b12be409-b176-4c5b-9d58-17bd009b6a8d" />
    <UnitTestResult executionId="a0db01ca-515b-4b25-85c9-22475a89a10d" testId="f8373e9a-e7fb-8ad5-7e76-6dd87f57c880" testName="SOAPCommandRequestHandler_ExecuteFunction_HandlePtzGetAbsolutePosition_Success" computerName="DKSR-EFI-06" duration="00:00:00.0022804" startTime="2024-01-09T15:42:16.2320864+01:00" endTime="2024-01-09T15:42:16.2477081+01:00" testType="13cdc9d9-ddb5-4fa4-a97d-d965ccfc6d4b" outcome="Passed" testListId="8c84fa94-04c1-424b-9868-57a2d4851a1d" relativeResultsDirectory="a0db01ca-515b-4b25-85c9-22475a89a10d" />
    <UnitTestResult executionId="937daefc-9a01-4a3b-aff5-2623a88fc217" testId="6b8f630c-afdd-dd9f-a40a-fa7a6cdec1ef" testName="Constructor_TimerIsNull_ArgumentNullException" computerName="DKSR-EFI-06" duration="00:00:00.0022384" startTime="2024-01-09T15:42:02.3726657+01:00" endTime="2024-01-09T15:42:02.3726657+01:00" testType="13cdc9d9-ddb5-4fa4-a97d-d965ccfc6d4b" outcome="Passed" testListId="8c84fa94-04c1-424b-9868-57a2d4851a1d" relativeResultsDirectory="937daefc-9a01-4a3b-aff5-2623a88fc217" />
    <UnitTestResult executionId="350cc1fa-d3f7-4e6a-8b75-58ba7187152e" testId="cc88493d-338f-1106-ac48-ab181894dc27" testName="Start_EstablishesConnection_ReturnsAttachStateAttached" computerName="DKSR-EFI-06" duration="00:00:00.0012048" startTime="2024-01-09T15:42:02.2007897+01:00" endTime="2024-01-09T15:42:02.2007897+01:00" testType="13cdc9d9-ddb5-4fa4-a97d-d965ccfc6d4b" outcome="Passed" testListId="8c84fa94-04c1-424b-9868-57a2d4851a1d" relativeResultsDirectory="350cc1fa-d3f7-4e6a-8b75-58ba7187152e" />
    <UnitTestResult executionId="267a1d9b-12c3-497a-ae54-4e7fb14f18c6" testId="de48f299-960b-c324-97e4-bb53e6a08c4c" testName="FailoverMediaMover_Dispose_MultipleDisposeDoesNotThrow" computerName="DKSR-EFI-06" duration="00:00:00.0093075" startTime="2024-01-09T15:42:01.1851598+01:00" endTime="2024-01-09T15:42:01.1851598+01:00" testType="13cdc9d9-ddb5-4fa4-a97d-d965ccfc6d4b" outcome="Passed" testListId="8c84fa94-04c1-424b-9868-57a2d4851a1d" relativeResultsDirectory="267a1d9b-12c3-497a-ae54-4e7fb14f18c6" />
    <UnitTestResult executionId="a0a39929-3c37-4206-b330-4b9acd249dfd" testId="1c0fdb89-04ca-c360-83b3-439b0cf7f31e" testName="AddStatus_DoesNotSendStatus_OnRecorderNotConnected" computerName="DKSR-EFI-06" duration="00:00:00.0005940" startTime="2024-01-09T15:42:01.6539127+01:00" endTime="2024-01-09T15:42:01.6539127+01:00" testType="13cdc9d9-ddb5-4fa4-a97d-d965ccfc6d4b" outcome="Passed" testListId="8c84fa94-04c1-424b-9868-57a2d4851a1d" relativeResultsDirectory="a0a39929-3c37-4206-b330-4b9acd249dfd" />
    <UnitTestResult executionId="5fc2fa56-ae14-474e-b05e-b1c399e35c70" testId="df8f8c56-107c-7a2c-97af-edbe14d41d29" testName="RegisterLiveTablesInStorageThenRemove" computerName="DKSR-EFI-06" duration="00:00:00.0007193" startTime="2024-01-09T15:42:30.4352150+01:00" endTime="2024-01-09T15:42:30.4352150+01:00" testType="13cdc9d9-ddb5-4fa4-a97d-d965ccfc6d4b" outcome="Passed" testListId="8c84fa94-04c1-424b-9868-57a2d4851a1d" relativeResultsDirectory="5fc2fa56-ae14-474e-b05e-b1c399e35c70" />
    <UnitTestResult executionId="21c82c98-6b8e-425d-a3a3-51f81d8b5c58" testId="5cbc6753-3a26-d303-47a8-eb09e08f39cf" testName="SynchronizeDevicePresetsCommandHandler_Execute_DeviceNotFound" computerName="DKSR-EFI-06" duration="00:00:00.0010912" startTime="2024-01-09T15:42:37.0602504+01:00" endTime="2024-01-09T15:42:37.0602504+01:00" testType="13cdc9d9-ddb5-4fa4-a97d-d965ccfc6d4b" outcome="Passed" testListId="8c84fa94-04c1-424b-9868-57a2d4851a1d" relativeResultsDirectory="21c82c98-6b8e-425d-a3a3-51f81d8b5c58" />
    <UnitTestResult executionId="64819822-8302-4971-9ab7-d903e5e26ebd" testId="0ae84c38-6c56-0abb-ca21-13767ec0403a" testName="ResponseHandler_HandleResponse_FailoverServer_UpdatesRecorder_LocalOnly" computerName="DKSR-EFI-06" duration="00:00:00.0337621" startTime="2024-01-09T15:42:00.9039724+01:00" endTime="2024-01-09T15:42:00.9352288+01:00" testType="13cdc9d9-ddb5-4fa4-a97d-d965ccfc6d4b" outcome="Passed" testListId="8c84fa94-04c1-424b-9868-57a2d4851a1d" relativeResultsDirectory="64819822-8302-4971-9ab7-d903e5e26ebd" />
    <UnitTestResult executionId="399352ec-32a3-4be6-b5cc-bac00df463f6" testId="3c02d772-2802-bcff-15bd-8b68f6e0cc7c" testName="DatabaseoperationCommandhandler_VerifyPath_NoPath_ReturnErrorResponse" computerName="DKSR-EFI-06" duration="00:00:00.0006283" startTime="2024-01-09T15:42:31.1539666+01:00" endTime="2024-01-09T15:42:31.1539666+01:00" testType="13cdc9d9-ddb5-4fa4-a97d-d965ccfc6d4b" outcome="Passed" testListId="8c84fa94-04c1-424b-9868-57a2d4851a1d" relativeResultsDirectory="399352ec-32a3-4be6-b5cc-bac00df463f6" />
    <UnitTestResult executionId="dd6d239f-5b62-4044-a1fc-63ccc6c5b6e6" testId="d2b5b0b2-6c1b-0370-653a-db8af7f26b62" testName="GoIntoOverflowOnBytes" computerName="DKSR-EFI-06" duration="00:00:00.0038205" startTime="2024-01-09T15:42:19.2789604+01:00" endTime="2024-01-09T15:42:19.2945870+01:00" testType="13cdc9d9-ddb5-4fa4-a97d-d965ccfc6d4b" outcome="Passed" testListId="8c84fa94-04c1-424b-9868-57a2d4851a1d" relativeResultsDirectory="dd6d239f-5b62-4044-a1fc-63ccc6c5b6e6" />
    <UnitTestResult executionId="3c867b39-ab67-4922-ad84-44f5aafcc2ec" testId="cc536d6d-01cd-6fef-5aac-e8cd3f410d15" testName="PtzManager_UpdateConfigurationFromDiffGram_Delete_Success" computerName="DKSR-EFI-06" duration="00:00:00.0063271" startTime="2024-01-09T15:42:38.0758827+01:00" endTime="2024-01-09T15:42:38.0758827+01:00" testType="13cdc9d9-ddb5-4fa4-a97d-d965ccfc6d4b" outcome="Passed" testListId="8c84fa94-04c1-424b-9868-57a2d4851a1d" relativeResultsDirectory="3c867b39-ab67-4922-ad84-44f5aafcc2ec" />
    <UnitTestResult executionId="711aa155-b7ea-425b-a5b1-ef311dafa1a2" testId="5c61ff5c-238c-d02c-d5b3-5af0c28df32d" testName="PtzStopSessionCommandHandler_Execute_PtzException_Other" computerName="DKSR-EFI-06" duration="00:00:00.0004151" startTime="2024-01-09T15:42:36.3727499+01:00" endTime="2024-01-09T15:42:36.3727499+01:00" testType="13cdc9d9-ddb5-4fa4-a97d-d965ccfc6d4b" outcome="Passed" testListId="8c84fa94-04c1-424b-9868-57a2d4851a1d" relativeResultsDirectory="711aa155-b7ea-425b-a5b1-ef311dafa1a2" />
    <UnitTestResult executionId="506d72e0-4d8b-4732-a82b-170423e939fb" testId="eb1c41cd-9a93-cbc5-e6b6-6422a22e8228" testName="ConnectSuccess_Browse_NoMedia" computerName="DKSR-EFI-06" duration="00:00:00.0031504" startTime="2024-01-09T15:42:13.0758293+01:00" endTime="2024-01-09T15:42:13.0758293+01:00" testType="13cdc9d9-ddb5-4fa4-a97d-d965ccfc6d4b" outcome="Passed" testListId="8c84fa94-04c1-424b-9868-57a2d4851a1d" relativeResultsDirectory="506d72e0-4d8b-4732-a82b-170423e939fb" />
    <UnitTestResult executionId="ed4a30cf-7674-44ba-9eb2-b68242e96a17" testId="2bb58e09-afc2-3268-4182-a4b38189b9bd" testName="ConnectSuccess_Prev_Denied" computerName="DKSR-EFI-06" duration="00:00:00.0023761" startTime="2024-01-09T15:42:12.9508263+01:00" endTime="2024-01-09T15:42:12.9508263+01:00" testType="13cdc9d9-ddb5-4fa4-a97d-d965ccfc6d4b" outcome="Passed" testListId="8c84fa94-04c1-424b-9868-57a2d4851a1d" relativeResultsDirectory="ed4a30cf-7674-44ba-9eb2-b68242e96a17" />
    <UnitTestResult executionId="ec431c67-24ed-4377-b767-039a8e26929b" testId="9169d3e7-b886-6388-0d83-4a1c15f3a9a8" testName="GetDatabaseInfo_RecordingStorageNotFound_ArchiveHintFalse" computerName="DKSR-EFI-06" duration="00:00:00.0002706" startTime="2024-01-09T15:42:01.5132908+01:00" endTime="2024-01-09T15:42:01.5132908+01:00" testType="13cdc9d9-ddb5-4fa4-a97d-d965ccfc6d4b" outcome="Passed" testListId="8c84fa94-04c1-424b-9868-57a2d4851a1d" relativeResultsDirectory="ec431c67-24ed-4377-b767-039a8e26929b" />
    <UnitTestResult executionId="7048c0c6-4df3-4fb6-93d2-c057300b34e2" testId="d87362df-7855-31ed-66c3-5d3da7f894c8" testName="AddStatus_SendsRecorderGuid_OnAnyStatus" computerName="DKSR-EFI-06" duration="00:00:00.0007878" startTime="2024-01-09T15:42:01.6695362+01:00" endTime="2024-01-09T15:42:01.6695362+01:00" testType="13cdc9d9-ddb5-4fa4-a97d-d965ccfc6d4b" outcome="Passed" testListId="8c84fa94-04c1-424b-9868-57a2d4851a1d" relativeResultsDirectory="7048c0c6-4df3-4fb6-93d2-c057300b34e2" />
    <UnitTestResult executionId="fb23cece-88a6-4b66-a05a-ce1b649a3460" testId="770e90b7-a1f5-dcae-3e11-3f5f01dbab34" testName="AddHardwareUserCommandHandler_Execute_AddUser_ThrowsUserHandlingUserAlreadyExists_Errors" computerName="DKSR-EFI-06" duration="00:00:00.0008360" startTime="2024-01-09T15:42:30.6539638+01:00" endTime="2024-01-09T15:42:30.6539638+01:00" testType="13cdc9d9-ddb5-4fa4-a97d-d965ccfc6d4b" outcome="Passed" testListId="8c84fa94-04c1-424b-9868-57a2d4851a1d" relativeResultsDirectory="fb23cece-88a6-4b66-a05a-ce1b649a3460" />
    <UnitTestResult executionId="f6acfc20-583e-4bd4-800a-c7ad10f40515" testId="c93a2b4c-45af-2a1f-886b-18baadc149d2" testName="MediaDbCache_GetDiskUsageInformationBank_Zero_Seconds_Timeout_Nothing_Cached" computerName="DKSR-EFI-06" duration="00:00:00.0015440" startTime="2024-01-09T15:42:30.2008408+01:00" endTime="2024-01-09T15:42:30.2008408+01:00" testType="13cdc9d9-ddb5-4fa4-a97d-d965ccfc6d4b" outcome="Passed" testListId="8c84fa94-04c1-424b-9868-57a2d4851a1d" relativeResultsDirectory="f6acfc20-583e-4bd4-800a-c7ad10f40515" />
    <UnitTestResult executionId="228c0217-ffcf-468a-8737-a9200aafbc3d" testId="2c0d4ab1-bc2f-a019-ec90-ef73784c0318" testName="SmartSearchHandlerForwardTestDataWithMotionOnlyOutsideRecordingSequence" computerName="DKSR-EFI-06" duration="00:00:00.0006799" startTime="2024-01-09T15:42:17.6695871+01:00" endTime="2024-01-09T15:42:17.6695871+01:00" testType="13cdc9d9-ddb5-4fa4-a97d-d965ccfc6d4b" outcome="Passed" testListId="8c84fa94-04c1-424b-9868-57a2d4851a1d" relativeResultsDirectory="228c0217-ffcf-468a-8737-a9200aafbc3d" />
    <UnitTestResult executionId="629a2709-893c-43af-98db-3790326da889" testId="b19773b3-44c8-ad46-8900-f90a855e9c94" testName="Stop_Connected_ShouldDisconnect" computerName="DKSR-EFI-06" duration="00:00:00.0049675" startTime="2024-01-09T15:42:02.2164155+01:00" endTime="2024-01-09T15:42:02.2164155+01:00" testType="13cdc9d9-ddb5-4fa4-a97d-d965ccfc6d4b" outcome="Passed" testListId="8c84fa94-04c1-424b-9868-57a2d4851a1d" relativeResultsDirectory="629a2709-893c-43af-98db-3790326da889" />
    <UnitTestResult executionId="dd749fe7-eb5e-40ae-b1b9-f9d128bdb320" testId="46c2585f-49fc-0c24-0d9d-89eb0961236e" testName="GetStatistics_Framerate_JPEG_100_Percent" computerName="DKSR-EFI-06" duration="00:00:00.0018362" startTime="2024-01-09T15:42:19.3258361+01:00" endTime="2024-01-09T15:42:19.3258361+01:00" testType="13cdc9d9-ddb5-4fa4-a97d-d965ccfc6d4b" outcome="Passed" testListId="8c84fa94-04c1-424b-9868-57a2d4851a1d" relativeResultsDirectory="dd749fe7-eb5e-40ae-b1b9-f9d128bdb320" />
    <UnitTestResult executionId="005244ec-707f-4622-83c0-5c7e19c3bfc3" testId="b210d3c8-e939-8b37-3853-3d2090da2b35" testName="CheckExternalRecorderRegistrationCommandHandler_Execute_ExternalRecorder_NotRegistered_FalseResponse" computerName="DKSR-EFI-06" duration="00:00:00.0006998" startTime="2024-01-09T15:42:30.8727158+01:00" endTime="2024-01-09T15:42:30.8727158+01:00" testType="13cdc9d9-ddb5-4fa4-a97d-d965ccfc6d4b" outcome="Passed" testListId="8c84fa94-04c1-424b-9868-57a2d4851a1d" relativeResultsDirectory="005244ec-707f-4622-83c0-5c7e19c3bfc3" />
    <UnitTestResult executionId="8e3ee55e-adfe-41ec-a4c9-1e601d2e5936" testId="78b8ac37-5b0d-e46e-1979-1f2241bc11e3" testName="AddHardwareUserCommandHandler_Execute_AddUser_ThrowsUserHandlingPasswordLong_Errors" computerName="DKSR-EFI-06" duration="00:00:00.0008312" startTime="2024-01-09T15:42:30.6383392+01:00" endTime="2024-01-09T15:42:30.6383392+01:00" testType="13cdc9d9-ddb5-4fa4-a97d-d965ccfc6d4b" outcome="Passed" testListId="8c84fa94-04c1-424b-9868-57a2d4851a1d" relativeResultsDirectory="8e3ee55e-adfe-41ec-a4c9-1e601d2e5936" />
    <UnitTestResult executionId="12d6061e-0394-4178-ad2d-2cac863e760c" testId="69c4179d-03e4-0f15-38a7-eafb887b7992" testName="SetupInitialHardwareUserCommandHandler_Execute_SetupUser_ThrowsUserHandlingInvalidCharacterError_Errors" computerName="DKSR-EFI-06" duration="00:00:00.0008320" startTime="2024-01-09T15:42:37.0133758+01:00" endTime="2024-01-09T15:42:37.0133758+01:00" testType="13cdc9d9-ddb5-4fa4-a97d-d965ccfc6d4b" outcome="Passed" testListId="8c84fa94-04c1-424b-9868-57a2d4851a1d" relativeResultsDirectory="12d6061e-0394-4178-ad2d-2cac863e760c" />
    <UnitTestResult executionId="462157f1-bcfc-4820-b9dd-4a9dd5f7e881" testId="0299594f-73e4-1cba-c600-48844cd82350" testName="AddStatus_SendsFailoverStatusCombined_OnRecorderStartedAsFailoverAndStatusSent" computerName="DKSR-EFI-06" duration="00:00:00.0006389" startTime="2024-01-09T15:42:01.6695362+01:00" endTime="2024-01-09T15:42:01.6695362+01:00" testType="13cdc9d9-ddb5-4fa4-a97d-d965ccfc6d4b" outcome="Passed" testListId="8c84fa94-04c1-424b-9868-57a2d4851a1d" relativeResultsDirectory="462157f1-bcfc-4820-b9dd-4a9dd5f7e881" />
    <UnitTestResult executionId="614b87a1-e272-4798-92e0-ddd97662b0ba" testId="d02a24a4-8095-9c45-f2f5-2950f96b0de8" testName="SearchingForwardNoOverlapsLiveThorrow" computerName="DKSR-EFI-06" duration="00:00:00.0019758" startTime="2024-01-09T15:42:19.2477121+01:00" endTime="2024-01-09T15:42:19.2477121+01:00" testType="13cdc9d9-ddb5-4fa4-a97d-d965ccfc6d4b" outcome="Passed" testListId="8c84fa94-04c1-424b-9868-57a2d4851a1d" relativeResultsDirectory="614b87a1-e272-4798-92e0-ddd97662b0ba" />
    <UnitTestResult executionId="01dab3a9-f848-42c0-941f-2f1def07edea" testId="22164d49-f315-e621-a15d-7ac798216806" testName="GetHardwareUsersCommandHandler_Execute_ExpectedUsersReturned" computerName="DKSR-EFI-06" duration="00:00:00.0063499" startTime="2024-01-09T15:42:33.0758577+01:00" endTime="2024-01-09T15:42:33.0758577+01:00" testType="13cdc9d9-ddb5-4fa4-a97d-d965ccfc6d4b" outcome="Passed" testListId="8c84fa94-04c1-424b-9868-57a2d4851a1d" relativeResultsDirectory="01dab3a9-f848-42c0-941f-2f1def07edea" />
    <UnitTestResult executionId="9f34fa91-7d8f-49a7-a3b8-ddfeec096d8f" testId="8da886ae-fb0e-f597-f3c0-ea01d391cbf1" testName="SmartSearchHandlerForwardDirectHitSingleSequence" computerName="DKSR-EFI-06" duration="00:00:00.0007026" startTime="2024-01-09T15:42:17.6383350+01:00" endTime="2024-01-09T15:42:17.6383350+01:00" testType="13cdc9d9-ddb5-4fa4-a97d-d965ccfc6d4b" outcome="Passed" testListId="8c84fa94-04c1-424b-9868-57a2d4851a1d" relativeResultsDirectory="9f34fa91-7d8f-49a7-a3b8-ddfeec096d8f" />
    <UnitTestResult executionId="2e7eba16-8a66-4724-9a11-144c67a7901f" testId="30fc45cc-0da1-c007-7266-d00e65848522" testName="GetDatabaseInfo_ArchiveStorageFound_ArchiveHintFalse" computerName="DKSR-EFI-06" duration="00:00:00.0019231" startTime="2024-01-09T15:42:01.5132908+01:00" endTime="2024-01-09T15:42:01.5132908+01:00" testType="13cdc9d9-ddb5-4fa4-a97d-d965ccfc6d4b" outcome="Passed" testListId="8c84fa94-04c1-424b-9868-57a2d4851a1d" relativeResultsDirectory="2e7eba16-8a66-4724-9a11-144c67a7901f" />
    <UnitTestResult executionId="871b99b8-d433-43cb-be80-dc74662d24a0" testId="1cedb6d8-0f35-fa43-836b-425cffa2cc0a" testName="SmartSearchHandlerForwardTestNoData" computerName="DKSR-EFI-06" duration="00:00:00.0006798" startTime="2024-01-09T15:42:17.6852095+01:00" endTime="2024-01-09T15:42:17.6852095+01:00" testType="13cdc9d9-ddb5-4fa4-a97d-d965ccfc6d4b" outcome="Passed" testListId="8c84fa94-04c1-424b-9868-57a2d4851a1d" relativeResultsDirectory="871b99b8-d433-43cb-be80-dc74662d24a0" />
    <UnitTestResult executionId="dfcab602-3249-4233-ad92-cb377e5a03ab" testId="9935b203-8fd7-957a-4f23-5f36f1e97bed" testName="ResponseController_ValidExceptionResponse_ValidExceptionResponseCalledOnCommManager" computerName="DKSR-EFI-06" duration="00:00:00.0016721" startTime="2024-01-09T15:42:02.7789173+01:00" endTime="2024-01-09T15:42:02.7789173+01:00" testType="13cdc9d9-ddb5-4fa4-a97d-d965ccfc6d4b" outcome="Passed" testListId="8c84fa94-04c1-424b-9868-57a2d4851a1d" relativeResultsDirectory="dfcab602-3249-4233-ad92-cb377e5a03ab" />
    <UnitTestResult executionId="d6e28202-111d-4825-b12a-c1f800704bac" testId="a8a1423c-661c-8591-3ce7-ddc28b153a5c" testName="DriverProxyInstanceManager_AddSameHardwareTwice_WithDifferentStreamCount_WarningLogged" computerName="DKSR-EFI-06" duration="00:00:00.0005452" startTime="2024-01-09T15:42:00.5914685+01:00" endTime="2024-01-09T15:42:00.5914685+01:00" testType="13cdc9d9-ddb5-4fa4-a97d-d965ccfc6d4b" outcome="Passed" testListId="8c84fa94-04c1-424b-9868-57a2d4851a1d" relativeResultsDirectory="d6e28202-111d-4825-b12a-c1f800704bac" />
    <UnitTestResult executionId="2b1b76a3-08b9-41df-914c-c2902889817e" testId="558dc88a-89c3-f7cb-9610-a11d8b1d3365" testName="ConnectSuccess_TimeRestricted" computerName="DKSR-EFI-06" duration="00:00:00.0170154" startTime="2024-01-09T15:42:12.7164523+01:00" endTime="2024-01-09T15:42:12.7477007+01:00" testType="13cdc9d9-ddb5-4fa4-a97d-d965ccfc6d4b" outcome="Passed" testListId="8c84fa94-04c1-424b-9868-57a2d4851a1d" relativeResultsDirectory="2b1b76a3-08b9-41df-914c-c2902889817e" />
    <UnitTestResult executionId="d8fcba80-9512-4d25-8d88-9b884df5db55" testId="e3444112-3c99-9f58-f5de-2f6baaf569cb" testName="Transform_To_Version_0_Success" computerName="DKSR-EFI-06" duration="00:00:00.0058530" startTime="2024-01-09T15:42:15.1852073+01:00" endTime="2024-01-09T15:42:15.2008531+01:00" testType="13cdc9d9-ddb5-4fa4-a97d-d965ccfc6d4b" outcome="Passed" testListId="8c84fa94-04c1-424b-9868-57a2d4851a1d" relativeResultsDirectory="d8fcba80-9512-4d25-8d88-9b884df5db55" />
    <UnitTestResult executionId="c7671d22-b3d7-49c1-ad6c-42656c487648" testId="00111211-f0e6-971a-6c8f-c0770ce6204f" testName="SetNetworkConfigurationCommandHandler_Constructor_NullArg_Throws" computerName="DKSR-EFI-06" duration="00:00:00.0009266" startTime="2024-01-09T15:42:36.8883759+01:00" endTime="2024-01-09T15:42:36.8883759+01:00" testType="13cdc9d9-ddb5-4fa4-a97d-d965ccfc6d4b" outcome="Passed" testListId="8c84fa94-04c1-424b-9868-57a2d4851a1d" relativeResultsDirectory="c7671d22-b3d7-49c1-ad6c-42656c487648" />
    <UnitTestResult executionId="afbfc5e4-109d-46f1-a2cd-6f265fc6aeab" testId="04960c62-f4db-d957-09de-6bdc827777ef" testName="SOAPCommandRequestHandler_ExecuteFunction_HandlePTZMoveStop_No_Security" computerName="DKSR-EFI-06" duration="00:00:00.0012230" startTime="2024-01-09T15:42:16.3414575+01:00" endTime="2024-01-09T15:42:16.3414575+01:00" testType="13cdc9d9-ddb5-4fa4-a97d-d965ccfc6d4b" outcome="Passed" testListId="8c84fa94-04c1-424b-9868-57a2d4851a1d" relativeResultsDirectory="afbfc5e4-109d-46f1-a2cd-6f265fc6aeab" />
    <UnitTestResult executionId="fcf5e43d-2df5-498d-8e35-ef4734daca2e" testId="4c34c56c-4207-71fd-96b5-d81d44773773" testName="SOAPCommandRequestHandler_ExecuteFunction_HandlePTZMoveRelative_No_Security" computerName="DKSR-EFI-06" duration="00:00:00.0012580" startTime="2024-01-09T15:42:16.2945846+01:00" endTime="2024-01-09T15:42:16.2945846+01:00" testType="13cdc9d9-ddb5-4fa4-a97d-d965ccfc6d4b" outcome="Passed" testListId="8c84fa94-04c1-424b-9868-57a2d4851a1d" relativeResultsDirectory="fcf5e43d-2df5-498d-8e35-ef4734daca2e" />
    <UnitTestResult executionId="6d1117f4-b52a-40a8-85fa-e3fd65a9c335" testId="7d3f2f7a-9a5c-53ed-13fc-aa95e828dc4c" testName="RegisterLiveTablesInStorageTwiche" computerName="DKSR-EFI-06" duration="00:00:00.0006959" startTime="2024-01-09T15:42:30.4352150+01:00" endTime="2024-01-09T15:42:30.4352150+01:00" testType="13cdc9d9-ddb5-4fa4-a97d-d965ccfc6d4b" outcome="Passed" testListId="8c84fa94-04c1-424b-9868-57a2d4851a1d" relativeResultsDirectory="6d1117f4-b52a-40a8-85fa-e3fd65a9c335" />
    <UnitTestResult executionId="76a2b7b4-bb2c-4fb6-9133-c13b79235d7c" testId="6dc2cc82-22ef-e34c-aa29-7d91273110ff" testName="SOAPCommandRequestHandler_ExecuteFunction_HandleSequencesGetAroundWithSpan_No_Metadata_Security" computerName="DKSR-EFI-06" duration="00:00:00.0022974" startTime="2024-01-09T15:42:15.4664551+01:00" endTime="2024-01-09T15:42:15.4664551+01:00" testType="13cdc9d9-ddb5-4fa4-a97d-d965ccfc6d4b" outcome="Passed" testListId="8c84fa94-04c1-424b-9868-57a2d4851a1d" relativeResultsDirectory="76a2b7b4-bb2c-4fb6-9133-c13b79235d7c" />
    <UnitTestResult executionId="4d2c46ba-0125-4698-af6a-f1539c3fe089" testId="02b2d151-667f-bb4d-f1d9-e5515851b4c2" testName="SOAPCommandRequestHandler_ExecuteFunction_HandleSequencesGetAround_No_Microphone_Security" computerName="DKSR-EFI-06" duration="00:00:00.0017691" startTime="2024-01-09T15:42:15.3883330+01:00" endTime="2024-01-09T15:42:15.3883330+01:00" testType="13cdc9d9-ddb5-4fa4-a97d-d965ccfc6d4b" outcome="Passed" testListId="8c84fa94-04c1-424b-9868-57a2d4851a1d" relativeResultsDirectory="4d2c46ba-0125-4698-af6a-f1539c3fe089" />
  </Results>
  <TestDefinitions>
    <UnitTest name="DatabaseoperationCommandhandler_Constructor_ArgumentNullException" storage="d:\actions-runner\_work\xpco\xpco\corporate\recordingserver\recorderservice\tst\videoos.recorder.unittests\bin\x64\debug\net472\videoos.recorder.unittests.dll" id="8a0cab33-6b5e-391e-95f0-395755847c75">
      <Execution id="92f2829f-efd8-48a8-bf67-25167dd34a27" />
      <TestMethod codeBase="D:\actions-runner\_work\XPCO\XPCO\Corporate\RecordingServer\RecorderService\tst\VideoOS.Recorder.UnitTests\bin\x64\Debug\net472\VideoOS.Recorder.UnitTests.dll" adapterTypeName="executor://mstestadapter/v2" className="VideoOS.Recorder.UnitTests.Command.DatabaseOperationCommandHandlerUnitTests" name="DatabaseoperationCommandhandler_Constructor_ArgumentNullException" />
    </UnitTest>
    <UnitTest name="GetIntervalsToScan_ShouldReturnCorrectInterval_WithDnsHostSpecified" storage="d:\actions-runner\_work\xpco\xpco\corporate\recordingserver\recorderservice\tst\videoos.recorder.unittests\bin\x64\debug\net472\videoos.recorder.unittests.dll" id="366d01ea-ff7d-934f-3cb7-1f565e8f2ea5">
      <Execution id="7c5d7a26-ea41-40df-b28a-a3b91c74d296" />
      <TestMethod codeBase="D:\actions-runner\_work\XPCO\XPCO\Corporate\RecordingServer\RecorderService\tst\VideoOS.Recorder.UnitTests\bin\x64\Debug\net472\VideoOS.Recorder.UnitTests.dll" adapterTypeName="executor://mstestadapter/v2" className="VideoOS.Recorder.UnitTests.DeviceDiscovery.MipDriversDiscoveryTaskTests" name="GetIntervalsToScan_ShouldReturnCorrectInterval_WithDnsHostSpecified" />
    </UnitTest>
    <UnitTest name="SOAPCommandRequestHandler_ExecuteFunction_HandleSendDriverCommand_NoCommand" storage="d:\actions-runner\_work\xpco\xpco\corporate\recordingserver\recorderservice\tst\videoos.recorder.unittests\bin\x64\debug\net472\videoos.recorder.unittests.dll" id="a48f8768-77bc-14d8-48f6-6816a92c4c0a">
      <Execution id="edd60c54-5224-4342-b3e3-0c21009abdd5" />
      <TestMethod codeBase="D:\actions-runner\_work\XPCO\XPCO\Corporate\RecordingServer\RecorderService\tst\VideoOS.Recorder.UnitTests\bin\x64\Debug\net472\VideoOS.Recorder.UnitTests.dll" adapterTypeName="executor://mstestadapter/v2" className="VideoOS.Recorder.UnitTests.WebServer.SOAPCommandRequestHandlerTests" name="SOAPCommandRequestHandler_ExecuteFunction_HandleSendDriverCommand_NoCommand" />
    </UnitTest>
    <UnitTest name="SmartSearchHandlerForwardTestLargeSearchInterval" storage="d:\actions-runner\_work\xpco\xpco\corporate\recordingserver\recorderservice\tst\videoos.recorder.unittests\bin\x64\debug\net472\videoos.recorder.unittests.dll" id="3f59cc63-7687-09cd-745a-34c2cf7c2459">
      <TestCategory>
        <TestCategoryItem TestCategory="SmartSearch" />
      </TestCategory>
      <Execution id="276733f6-0c35-412e-97b7-c851ae940a2b" />
      <TestMethod codeBase="D:\actions-runner\_work\XPCO\XPCO\Corporate\RecordingServer\RecorderService\tst\VideoOS.Recorder.UnitTests\bin\x64\Debug\net472\VideoOS.Recorder.UnitTests.dll" adapterTypeName="executor://mstestadapter/v2" className="VideoOS.Recorder.UnitTests.SmartSearch.SmartSearchHandlerTest" name="SmartSearchHandlerForwardTestLargeSearchInterval" />
    </UnitTest>
    <UnitTest name="CollectMediaStatusCommandHandler_MediaDbBanksOffline" storage="d:\actions-runner\_work\xpco\xpco\corporate\recordingserver\recorderservice\tst\videoos.recorder.unittests\bin\x64\debug\net472\videoos.recorder.unittests.dll" id="1da1ae08-79af-3038-8ed9-c572830558d6">
      <Execution id="88d39bf3-10ec-4026-ad7d-d738f4efab40" />
      <TestMethod codeBase="D:\actions-runner\_work\XPCO\XPCO\Corporate\RecordingServer\RecorderService\tst\VideoOS.Recorder.UnitTests\bin\x64\Debug\net472\VideoOS.Recorder.UnitTests.dll" adapterTypeName="executor://mstestadapter/v2" className="VideoOS.Recorder.UnitTests.Command.CollectMediaStatusCommandHandlerTests" name="CollectMediaStatusCommandHandler_MediaDbBanksOffline" />
    </UnitTest>
    <UnitTest name="LicenseManager_CheckHardwareLicensed_unlicensed_licensedBeforeExpiryDateWithReplacementToken" storage="d:\actions-runner\_work\xpco\xpco\corporate\recordingserver\recorderservice\tst\videoos.recorder.unittests\bin\x64\debug\net472\videoos.recorder.unittests.dll" id="3969288b-4860-269d-a130-cda973aaacba">
      <TestCategory>
        <TestCategoryItem TestCategory="Licensing" />
      </TestCategory>
      <Execution id="36410d07-0f99-4340-9148-1a84113c8195" />
      <TestMethod codeBase="D:\actions-runner\_work\XPCO\XPCO\Corporate\RecordingServer\RecorderService\tst\VideoOS.Recorder.UnitTests\bin\x64\Debug\net472\VideoOS.Recorder.UnitTests.dll" adapterTypeName="executor://mstestadapter/v2" className="VideoOS.Recorder.UnitTests.Licensing.LicenseManagerUnitTests" name="LicenseManager_CheckHardwareLicensed_unlicensed_licensedBeforeExpiryDateWithReplacementToken" />
    </UnitTest>
    <UnitTest name="PtzManager_OnDeviceStarted_Success" storage="d:\actions-runner\_work\xpco\xpco\corporate\recordingserver\recorderservice\tst\videoos.recorder.unittests\bin\x64\debug\net472\videoos.recorder.unittests.dll" id="ac2f0cd3-1613-01c4-f809-9254f5ae3457">
      <Execution id="4d56499f-9008-43d5-b0b4-6eddbb38c48b" />
      <TestMethod codeBase="D:\actions-runner\_work\XPCO\XPCO\Corporate\RecordingServer\RecorderService\tst\VideoOS.Recorder.UnitTests\bin\x64\Debug\net472\VideoOS.Recorder.UnitTests.dll" adapterTypeName="executor://mstestadapter/v2" className="VideoOS.Recorder.UnitTests.Command.PtzManagerTests" name="PtzManager_OnDeviceStarted_Success" />
    </UnitTest>
    <UnitTest name="UpdateHardwareReadOnlySettingsAsync_ConnectedAndIncompatible_ShouldThrowAnException" storage="d:\actions-runner\_work\xpco\xpco\corporate\recordingserver\recorderservice\tst\videoos.recorder.unittests\bin\x64\debug\net472\videoos.recorder.unittests.dll" id="1afe9bf5-3a38-ce7c-f33b-53f438e354e1">
      <Execution id="07efc0e5-d1b9-4b82-b2e2-4815852d1bef" />
      <TestMethod codeBase="D:\actions-runner\_work\XPCO\XPCO\Corporate\RecordingServer\RecorderService\tst\VideoOS.Recorder.UnitTests\bin\x64\Debug\net472\VideoOS.Recorder.UnitTests.dll" adapterTypeName="executor://mstestadapter/v2" className="VideoOS.Recorder.UnitTests.CommManagerWebApiTests" name="UpdateHardwareReadOnlySettingsAsync_ConnectedAndIncompatible_ShouldThrowAnException" />
    </UnitTest>
    <UnitTest name="PtzReserveSessionCommandHandler_Execute_PtzException_Other" storage="d:\actions-runner\_work\xpco\xpco\corporate\recordingserver\recorderservice\tst\videoos.recorder.unittests\bin\x64\debug\net472\videoos.recorder.unittests.dll" id="224b8295-b978-2161-ab00-7a8a1c4ac760">
      <Execution id="1c344037-3b6e-40fd-99b5-f315c3773261" />
      <TestMethod codeBase="D:\actions-runner\_work\XPCO\XPCO\Corporate\RecordingServer\RecorderService\tst\VideoOS.Recorder.UnitTests\bin\x64\Debug\net472\VideoOS.Recorder.UnitTests.dll" adapterTypeName="executor://mstestadapter/v2" className="VideoOS.Recorder.UnitTests.Command.PtzReserveSessionCommandHandlerTest" name="PtzReserveSessionCommandHandler_Execute_PtzException_Other" />
    </UnitTest>
    <UnitTest name="CollectMediaStatusCommandHandler_Disconnected_Does_Nothing" storage="d:\actions-runner\_work\xpco\xpco\corporate\recordingserver\recorderservice\tst\videoos.recorder.unittests\bin\x64\debug\net472\videoos.recorder.unittests.dll" id="1de5d0cb-bc35-73c6-f8cc-f155ab3b1d36">
      <Execution id="12ac1221-bd17-47a8-aea9-4982235a68b7" />
      <TestMethod codeBase="D:\actions-runner\_work\XPCO\XPCO\Corporate\RecordingServer\RecorderService\tst\VideoOS.Recorder.UnitTests\bin\x64\Debug\net472\VideoOS.Recorder.UnitTests.dll" adapterTypeName="executor://mstestadapter/v2" className="VideoOS.Recorder.UnitTests.Command.CollectMediaStatusCommandHandlerTests" name="CollectMediaStatusCommandHandler_Disconnected_Does_Nothing" />
    </UnitTest>
    <UnitTest name="SOAPCommandRequestHandler_ExecuteFunction_HandleSmartSearchGetResult_NoSmartSearchId" storage="d:\actions-runner\_work\xpco\xpco\corporate\recordingserver\recorderservice\tst\videoos.recorder.unittests\bin\x64\debug\net472\videoos.recorder.unittests.dll" id="7862ec96-08d4-7672-b75b-2c9eb8ac1d53">
      <Execution id="15a075cc-5e84-4a67-8eb7-b7253a289818" />
      <TestMethod codeBase="D:\actions-runner\_work\XPCO\XPCO\Corporate\RecordingServer\RecorderService\tst\VideoOS.Recorder.UnitTests\bin\x64\Debug\net472\VideoOS.Recorder.UnitTests.dll" adapterTypeName="executor://mstestadapter/v2" className="VideoOS.Recorder.UnitTests.WebServer.SOAPCommandRequestHandlerTests" name="SOAPCommandRequestHandler_ExecuteFunction_HandleSmartSearchGetResult_NoSmartSearchId" />
    </UnitTest>
    <UnitTest name="CallLinkedDeviceStartedMethodForRecordingCamera" storage="d:\actions-runner\_work\xpco\xpco\corporate\recordingserver\recorderservice\tst\videoos.recorder.unittests\bin\x64\debug\net472\videoos.recorder.unittests.dll" id="cff33996-f5fe-838d-b07f-97f03a99c82e">
      <TestCategory>
        <TestCategoryItem TestCategory="ObjectModel.Device.RelatedDeviceHandler" />
      </TestCategory>
      <Execution id="02eaae03-f72d-4a21-99b5-b4517db194dc" />
      <TestMethod codeBase="D:\actions-runner\_work\XPCO\XPCO\Corporate\RecordingServer\RecorderService\tst\VideoOS.Recorder.UnitTests\bin\x64\Debug\net472\VideoOS.Recorder.UnitTests.dll" adapterTypeName="executor://mstestadapter/v2" className="VideoOS.Recorder.UnitTests.ObjectModel.RelatedDeviceHandlerTest" name="CallLinkedDeviceStartedMethodForRecordingCamera" />
    </UnitTest>
    <UnitTest name="SOAPCommandRequestHandler_ExecuteFunction_HandleGetRetentionTimeLimit_Success_DeviceNotStarted" storage="d:\actions-runner\_work\xpco\xpco\corporate\recordingserver\recorderservice\tst\videoos.recorder.unittests\bin\x64\debug\net472\videoos.recorder.unittests.dll" id="89e9840a-f8d1-8b03-eada-327dd314aa58">
      <Execution id="79fe43fa-8b5d-4101-b291-47c54353639b" />
      <TestMethod codeBase="D:\actions-runner\_work\XPCO\XPCO\Corporate\RecordingServer\RecorderService\tst\VideoOS.Recorder.UnitTests\bin\x64\Debug\net472\VideoOS.Recorder.UnitTests.dll" adapterTypeName="executor://mstestadapter/v2" className="VideoOS.Recorder.UnitTests.WebServer.SOAPCommandRequestHandlerTests" name="SOAPCommandRequestHandler_ExecuteFunction_HandleGetRetentionTimeLimit_Success_DeviceNotStarted" />
    </UnitTest>
    <UnitTest name="EvidenceLockOnOldRecorderCommandHandler_ServerAndRecorderSameVersion" storage="d:\actions-runner\_work\xpco\xpco\corporate\recordingserver\recorderservice\tst\videoos.recorder.unittests\bin\x64\debug\net472\videoos.recorder.unittests.dll" id="e358a3c2-d48a-21f5-ddbb-de9b4994f1b9">
      <Execution id="f8564f14-45d5-4874-bf42-38c708c767a6" />
      <TestMethod codeBase="D:\actions-runner\_work\XPCO\XPCO\Corporate\RecordingServer\RecorderService\tst\VideoOS.Recorder.UnitTests\bin\x64\Debug\net472\VideoOS.Recorder.UnitTests.dll" adapterTypeName="executor://mstestadapter/v2" className="VideoOS.Recorder.UnitTests.Command.EvidenceLockOnOldRecorderCommandHandlerTests" name="EvidenceLockOnOldRecorderCommandHandler_ServerAndRecorderSameVersion" />
    </UnitTest>
    <UnitTest name="CheckForLiveAndOrphanTables_OrphanTable" storage="d:\actions-runner\_work\xpco\xpco\corporate\recordingserver\recorderservice\tst\videoos.recorder.unittests\bin\x64\debug\net472\videoos.recorder.unittests.dll" id="dc92e9c3-3b8b-e7f2-94a2-b88a8b54c638">
      <Execution id="30b96af8-c108-4b0f-a6a5-cfb3971f9cad" />
      <TestMethod codeBase="D:\actions-runner\_work\XPCO\XPCO\Corporate\RecordingServer\RecorderService\tst\VideoOS.Recorder.UnitTests\bin\x64\Debug\net472\VideoOS.Recorder.UnitTests.dll" adapterTypeName="executor://mstestadapter/v2" className="VideoOS.Recorder.UnitTests.ObjectModel.MediaDbManagerUnitTests" name="CheckForLiveAndOrphanTables_OrphanTable" />
    </UnitTest>
    <UnitTest name="GetStatistics_Framerate_Old_Expired_Frames" storage="d:\actions-runner\_work\xpco\xpco\corporate\recordingserver\recorderservice\tst\videoos.recorder.unittests\bin\x64\debug\net472\videoos.recorder.unittests.dll" id="8b5df9dc-04e3-1960-ed88-39b06a30661c">
      <TestCategory>
        <TestCategoryItem TestCategory="PipelineRecordingStatistics" />
      </TestCategory>
      <Execution id="3a08d633-4747-4d4c-8d38-e7d8d27f3d7b" />
      <TestMethod codeBase="D:\actions-runner\_work\XPCO\XPCO\Corporate\RecordingServer\RecorderService\tst\VideoOS.Recorder.UnitTests\bin\x64\Debug\net472\VideoOS.Recorder.UnitTests.dll" adapterTypeName="executor://mstestadapter/v2" className="VideoOS.Recorder.UnitTests.ObjectModel.Processors.PipelineRecordingStatisticsTests" name="GetStatistics_Framerate_Old_Expired_Frames" />
    </UnitTest>
    <UnitTest name="PtzManager_OnDeviceStopped_Success" storage="d:\actions-runner\_work\xpco\xpco\corporate\recordingserver\recorderservice\tst\videoos.recorder.unittests\bin\x64\debug\net472\videoos.recorder.unittests.dll" id="02c8a26b-7bde-5aa8-6975-eeebe21df113">
      <Execution id="a2e4c40d-725e-4441-aaca-674475ecacf7" />
      <TestMethod codeBase="D:\actions-runner\_work\XPCO\XPCO\Corporate\RecordingServer\RecorderService\tst\VideoOS.Recorder.UnitTests\bin\x64\Debug\net472\VideoOS.Recorder.UnitTests.dll" adapterTypeName="executor://mstestadapter/v2" className="VideoOS.Recorder.UnitTests.Command.PtzManagerTests" name="PtzManager_OnDeviceStopped_Success" />
    </UnitTest>
    <UnitTest name="SOAPCommandRequestHandler_ExecuteFunction_HandlePresetSet_NotSupported" storage="d:\actions-runner\_work\xpco\xpco\corporate\recordingserver\recorderservice\tst\videoos.recorder.unittests\bin\x64\debug\net472\videoos.recorder.unittests.dll" id="1fbc5687-6ba4-87b6-c908-876ee89b7e65">
      <Execution id="31f9501a-3708-424b-9047-eb97f23c02eb" />
      <TestMethod codeBase="D:\actions-runner\_work\XPCO\XPCO\Corporate\RecordingServer\RecorderService\tst\VideoOS.Recorder.UnitTests\bin\x64\Debug\net472\VideoOS.Recorder.UnitTests.dll" adapterTypeName="executor://mstestadapter/v2" className="VideoOS.Recorder.UnitTests.WebServer.SOAPCommandRequestHandlerTests" name="SOAPCommandRequestHandler_ExecuteFunction_HandlePresetSet_NotSupported" />
    </UnitTest>
    <UnitTest name="Dispose_Called_TimerDisposed" storage="d:\actions-runner\_work\xpco\xpco\corporate\recordingserver\recorderservice\tst\videoos.recorder.unittests\bin\x64\debug\net472\videoos.recorder.unittests.dll" id="4dc871c5-4392-184b-a75d-cf44a9ce66d9">
      <Execution id="93a5bf8a-b85d-4375-8f09-d666f2a00a81" />
      <TestMethod codeBase="D:\actions-runner\_work\XPCO\XPCO\Corporate\RecordingServer\RecorderService\tst\VideoOS.Recorder.UnitTests\bin\x64\Debug\net472\VideoOS.Recorder.UnitTests.dll" adapterTypeName="executor://mstestadapter/v2" className="VideoOS.Recorder.UnitTests.PingManagerTests" name="Dispose_Called_TimerDisposed" />
    </UnitTest>
    <UnitTest name="RecordingStorageDeviceLinkEntries_Remove_Null_Throws_ArgumentNullException" storage="d:\actions-runner\_work\xpco\xpco\corporate\recordingserver\recorderservice\tst\videoos.recorder.unittests\bin\x64\debug\net472\videoos.recorder.unittests.dll" id="9a7164c5-b199-2157-f84d-e96958f10889">
      <Execution id="21ed695a-4e50-4834-acab-341559fcf00a" />
      <TestMethod codeBase="D:\actions-runner\_work\XPCO\XPCO\Corporate\RecordingServer\RecorderService\tst\VideoOS.Recorder.UnitTests\bin\x64\Debug\net472\VideoOS.Recorder.UnitTests.dll" adapterTypeName="executor://mstestadapter/v2" className="VideoOS.Recorder.UnitTests.RecordingStorageDeviceLinkEntriesTests" name="RecordingStorageDeviceLinkEntries_Remove_Null_Throws_ArgumentNullException" />
    </UnitTest>
    <UnitTest name="GetAbsolutePtzPosition_ModelIsNull_BadRequestResult" storage="d:\actions-runner\_work\xpco\xpco\corporate\recordingserver\recorderservice\tst\videoos.recorder.unittests\bin\x64\debug\net472\videoos.recorder.unittests.dll" id="8af5dfa4-e1b3-e2c1-2223-e9c384460b66">
      <Execution id="d1c30ab1-4fc8-4581-8b23-4fdd65e9802e" />
      <TestMethod codeBase="D:\actions-runner\_work\XPCO\XPCO\Corporate\RecordingServer\RecorderService\tst\VideoOS.Recorder.UnitTests\bin\x64\Debug\net472\VideoOS.Recorder.UnitTests.dll" adapterTypeName="executor://mstestadapter/v2" className="VideoOS.Recorder.UnitTests.PtzControllerTests" name="GetAbsolutePtzPosition_ModelIsNull_BadRequestResult" />
    </UnitTest>
    <UnitTest name="RecStorage_Startup_AllowStart_NotKeepFailing_Ok" storage="d:\actions-runner\_work\xpco\xpco\corporate\recordingserver\recorderservice\tst\videoos.recorder.unittests\bin\x64\debug\net472\videoos.recorder.unittests.dll" id="267b1a2b-95b2-68a5-fcda-0a26d2cd3423">
      <Execution id="500d5df2-d088-4c21-8c8a-34947c63f2fe" />
      <TestMethod codeBase="D:\actions-runner\_work\XPCO\XPCO\Corporate\RecordingServer\RecorderService\tst\VideoOS.Recorder.UnitTests\bin\x64\Debug\net472\VideoOS.Recorder.UnitTests.dll" adapterTypeName="executor://mstestadapter/v2" className="VideoOS.Recorder.UnitTests.ObjectModel.MediaDbManagerUnitTests" name="RecStorage_Startup_AllowStart_NotKeepFailing_Ok" />
    </UnitTest>
    <UnitTest name="PtzManagerDataHolder_Constructor_ArgumentNullException" storage="d:\actions-runner\_work\xpco\xpco\corporate\recordingserver\recorderservice\tst\videoos.recorder.unittests\bin\x64\debug\net472\videoos.recorder.unittests.dll" id="8f59d508-0fba-540c-0155-3889b43a2525">
      <Execution id="80016c2b-8ac8-4431-a6d7-d931aa023e13" />
      <TestMethod codeBase="D:\actions-runner\_work\XPCO\XPCO\Corporate\RecordingServer\RecorderService\tst\VideoOS.Recorder.UnitTests\bin\x64\Debug\net472\VideoOS.Recorder.UnitTests.dll" adapterTypeName="executor://mstestadapter/v2" className="VideoOS.Recorder.UnitTests.Command.PtzManagerDataHolderTest" name="PtzManagerDataHolder_Constructor_ArgumentNullException" />
    </UnitTest>
    <UnitTest name="RecordingStorageDeviceLinkEntries_QueryByRecordingStorageId_NotFound_ReturnNoItems" storage="d:\actions-runner\_work\xpco\xpco\corporate\recordingserver\recorderservice\tst\videoos.recorder.unittests\bin\x64\debug\net472\videoos.recorder.unittests.dll" id="42b950d9-5524-6cbf-d2c0-fc098b9ef0e3">
      <Execution id="956a08b6-89c8-41e3-a83d-0a15c1c4a318" />
      <TestMethod codeBase="D:\actions-runner\_work\XPCO\XPCO\Corporate\RecordingServer\RecorderService\tst\VideoOS.Recorder.UnitTests\bin\x64\Debug\net472\VideoOS.Recorder.UnitTests.dll" adapterTypeName="executor://mstestadapter/v2" className="VideoOS.Recorder.UnitTests.RecordingStorageDeviceLinkEntriesTests" name="RecordingStorageDeviceLinkEntries_QueryByRecordingStorageId_NotFound_ReturnNoItems" />
    </UnitTest>
    <UnitTest name="SynchronizeDevicePresets_ModelIsNull_BadRequestResult" storage="d:\actions-runner\_work\xpco\xpco\corporate\recordingserver\recorderservice\tst\videoos.recorder.unittests\bin\x64\debug\net472\videoos.recorder.unittests.dll" id="04ba0286-6be6-f348-ef7a-5a5aebc3ee34">
      <Execution id="e9450cd4-52e4-4726-9443-e3c335df4036" />
      <TestMethod codeBase="D:\actions-runner\_work\XPCO\XPCO\Corporate\RecordingServer\RecorderService\tst\VideoOS.Recorder.UnitTests\bin\x64\Debug\net472\VideoOS.Recorder.UnitTests.dll" adapterTypeName="executor://mstestadapter/v2" className="VideoOS.Recorder.UnitTests.PtzControllerTests" name="SynchronizeDevicePresets_ModelIsNull_BadRequestResult" />
    </UnitTest>
    <UnitTest name="Start_ServerConfigWithZeroPort_ShouldThrowException" storage="d:\actions-runner\_work\xpco\xpco\corporate\recordingserver\recorderservice\tst\videoos.recorder.unittests\bin\x64\debug\net472\videoos.recorder.unittests.dll" id="c00497f9-ea5d-2f59-337b-ecad5edfefda">
      <Execution id="dcfbebff-ac6a-47cf-bcbb-0d86e6de9d4a" />
      <TestMethod codeBase="D:\actions-runner\_work\XPCO\XPCO\Corporate\RecordingServer\RecorderService\tst\VideoOS.Recorder.UnitTests\bin\x64\Debug\net472\VideoOS.Recorder.UnitTests.dll" adapterTypeName="executor://mstestadapter/v2" className="VideoOS.Recorder.UnitTests.CommManagerWebApiTests" name="Start_ServerConfigWithZeroPort_ShouldThrowException" />
    </UnitTest>
    <UnitTest name="PtzManager_MoveRelative_Success" storage="d:\actions-runner\_work\xpco\xpco\corporate\recordingserver\recorderservice\tst\videoos.recorder.unittests\bin\x64\debug\net472\videoos.recorder.unittests.dll" id="b430ccc2-f0c5-c511-ce30-e28beedbc8f3">
      <Execution id="d1726e29-782f-49f2-8865-054a4c7a5a0c" />
      <TestMethod codeBase="D:\actions-runner\_work\XPCO\XPCO\Corporate\RecordingServer\RecorderService\tst\VideoOS.Recorder.UnitTests\bin\x64\Debug\net472\VideoOS.Recorder.UnitTests.dll" adapterTypeName="executor://mstestadapter/v2" className="VideoOS.Recorder.UnitTests.Command.PtzManagerTests" name="PtzManager_MoveRelative_Success" />
    </UnitTest>
    <UnitTest name="GetDatabaseInfo_ArchiveStorageNotFound_ArchiveHintTrue" storage="d:\actions-runner\_work\xpco\xpco\corporate\recordingserver\recorderservice\tst\videoos.recorder.unittests\bin\x64\debug\net472\videoos.recorder.unittests.dll" id="02018c7c-3b54-9dc7-57c8-a9e8a6325e8e">
      <Execution id="99703233-54fc-485a-a1ac-98a20e07a0c3" />
      <TestMethod codeBase="D:\actions-runner\_work\XPCO\XPCO\Corporate\RecordingServer\RecorderService\tst\VideoOS.Recorder.UnitTests\bin\x64\Debug\net472\VideoOS.Recorder.UnitTests.dll" adapterTypeName="executor://mstestadapter/v2" className="VideoOS.Recorder.UnitTests.MediaDbEventProcessorTests" name="GetDatabaseInfo_ArchiveStorageNotFound_ArchiveHintTrue" />
    </UnitTest>
    <UnitTest name="AddStatus_SendsRecorderGuid_OnAnyStatus" storage="d:\actions-runner\_work\xpco\xpco\corporate\recordingserver\recorderservice\tst\videoos.recorder.unittests\bin\x64\debug\net472\videoos.recorder.unittests.dll" id="d87362df-7855-31ed-66c3-5d3da7f894c8">
      <TestCategory>
        <TestCategoryItem TestCategory="RecorderStatus" />
      </TestCategory>
      <Execution id="7048c0c6-4df3-4fb6-93d2-c057300b34e2" />
      <TestMethod codeBase="D:\actions-runner\_work\XPCO\XPCO\Corporate\RecordingServer\RecorderService\tst\VideoOS.Recorder.UnitTests\bin\x64\Debug\net472\VideoOS.Recorder.UnitTests.dll" adapterTypeName="executor://mstestadapter/v2" className="VideoOS.Recorder.UnitTests.RecorderStatusTests" name="AddStatus_SendsRecorderGuid_OnAnyStatus" />
    </UnitTest>
    <UnitTest name="SOAPCommandRequestHandler_ExecuteFunction_HandlePTZCenter_NoWidth" storage="d:\actions-runner\_work\xpco\xpco\corporate\recordingserver\recorderservice\tst\videoos.recorder.unittests\bin\x64\debug\net472\videoos.recorder.unittests.dll" id="591f340c-7e26-489e-4ed4-c51b91e628f8">
      <Execution id="3d2e661e-d193-44e1-884d-c259ba96b740" />
      <TestMethod codeBase="D:\actions-runner\_work\XPCO\XPCO\Corporate\RecordingServer\RecorderService\tst\VideoOS.Recorder.UnitTests\bin\x64\Debug\net472\VideoOS.Recorder.UnitTests.dll" adapterTypeName="executor://mstestadapter/v2" className="VideoOS.Recorder.UnitTests.WebServer.SOAPCommandRequestHandlerTests" name="SOAPCommandRequestHandler_ExecuteFunction_HandlePTZCenter_NoWidth" />
    </UnitTest>
    <UnitTest name="HandleRequest_PUT_Fails" storage="d:\actions-runner\_work\xpco\xpco\corporate\recordingserver\recorderservice\tst\videoos.recorder.unittests\bin\x64\debug\net472\videoos.recorder.unittests.dll" id="ef52bfca-9823-3644-4dd9-22de8b059e3a">
      <Execution id="3f5facf8-27c0-4033-a9ac-5277442ba81e" />
      <TestMethod codeBase="D:\actions-runner\_work\XPCO\XPCO\Corporate\RecordingServer\RecorderService\tst\VideoOS.Recorder.UnitTests\bin\x64\Debug\net472\VideoOS.Recorder.UnitTests.dll" adapterTypeName="executor://mstestadapter/v2" className="VideoOS.Recorder.UnitTests.WebServer.DiagnosticsHttpRequestHandlerUnitTests" name="HandleRequest_PUT_Fails" />
    </UnitTest>
    <UnitTest name="SOAPCommandRequestHandler_ExecuteFunction_HandleMulticastStart_NoDeviceId" storage="d:\actions-runner\_work\xpco\xpco\corporate\recordingserver\recorderservice\tst\videoos.recorder.unittests\bin\x64\debug\net472\videoos.recorder.unittests.dll" id="bdf3cf43-6f55-eb73-fb64-affef7c878a9">
      <Execution id="f51c2d14-ab1d-4d63-b4d4-21e0630f2b2e" />
      <TestMethod codeBase="D:\actions-runner\_work\XPCO\XPCO\Corporate\RecordingServer\RecorderService\tst\VideoOS.Recorder.UnitTests\bin\x64\Debug\net472\VideoOS.Recorder.UnitTests.dll" adapterTypeName="executor://mstestadapter/v2" className="VideoOS.Recorder.UnitTests.WebServer.SOAPCommandRequestHandlerTests" name="SOAPCommandRequestHandler_ExecuteFunction_HandleMulticastStart_NoDeviceId" />
    </UnitTest>
    <UnitTest name="SmartSearchHandlerBackwardTestNoData" storage="d:\actions-runner\_work\xpco\xpco\corporate\recordingserver\recorderservice\tst\videoos.recorder.unittests\bin\x64\debug\net472\videoos.recorder.unittests.dll" id="12d39289-b5d8-655f-ac60-910ceb6f32de">
      <TestCategory>
        <TestCategoryItem TestCategory="SmartSearch" />
      </TestCategory>
      <Execution id="72978181-3686-42e3-b36e-b0ca75e76f92" />
      <TestMethod codeBase="D:\actions-runner\_work\XPCO\XPCO\Corporate\RecordingServer\RecorderService\tst\VideoOS.Recorder.UnitTests\bin\x64\Debug\net472\VideoOS.Recorder.UnitTests.dll" adapterTypeName="executor://mstestadapter/v2" className="VideoOS.Recorder.UnitTests.SmartSearch.SmartSearchHandlerTest" name="SmartSearchHandlerBackwardTestNoData" />
    </UnitTest>
    <UnitTest name="SOAPCommandRequestHandler_ExecuteFunction_HandlePTZCenter_CenterY_Not_Double" storage="d:\actions-runner\_work\xpco\xpco\corporate\recordingserver\recorderservice\tst\videoos.recorder.unittests\bin\x64\debug\net472\videoos.recorder.unittests.dll" id="588bf695-5c81-90d2-eac0-94b20bf1d8df">
      <Execution id="7c946149-af62-4f7b-af47-b1198c16e8ab" />
      <TestMethod codeBase="D:\actions-runner\_work\XPCO\XPCO\Corporate\RecordingServer\RecorderService\tst\VideoOS.Recorder.UnitTests\bin\x64\Debug\net472\VideoOS.Recorder.UnitTests.dll" adapterTypeName="executor://mstestadapter/v2" className="VideoOS.Recorder.UnitTests.WebServer.SOAPCommandRequestHandlerTests" name="SOAPCommandRequestHandler_ExecuteFunction_HandlePTZCenter_CenterY_Not_Double" />
    </UnitTest>
    <UnitTest name="PtzManager_StartPatrolling_Success" storage="d:\actions-runner\_work\xpco\xpco\corporate\recordingserver\recorderservice\tst\videoos.recorder.unittests\bin\x64\debug\net472\videoos.recorder.unittests.dll" id="863ca22f-d50c-fc54-fb74-a5af393f6244">
      <Execution id="a99a31c9-9d50-4209-a586-5f3ed27f650a" />
      <TestMethod codeBase="D:\actions-runner\_work\XPCO\XPCO\Corporate\RecordingServer\RecorderService\tst\VideoOS.Recorder.UnitTests\bin\x64\Debug\net472\VideoOS.Recorder.UnitTests.dll" adapterTypeName="executor://mstestadapter/v2" className="VideoOS.Recorder.UnitTests.Command.PtzManagerTests" name="PtzManager_StartPatrolling_Success" />
    </UnitTest>
    <UnitTest name="PtzReleaseSessionCommandHandler_Execute_Argument_Exception" storage="d:\actions-runner\_work\xpco\xpco\corporate\recordingserver\recorderservice\tst\videoos.recorder.unittests\bin\x64\debug\net472\videoos.recorder.unittests.dll" id="3a327f35-a81d-1c08-7c0d-d8137be6130d">
      <Execution id="9120470c-f639-4caf-b18f-5ade0361fce0" />
      <TestMethod codeBase="D:\actions-runner\_work\XPCO\XPCO\Corporate\RecordingServer\RecorderService\tst\VideoOS.Recorder.UnitTests\bin\x64\Debug\net472\VideoOS.Recorder.UnitTests.dll" adapterTypeName="executor://mstestadapter/v2" className="VideoOS.Recorder.UnitTests.Command.PtzReleaseSessionCommandHandlerTest" name="PtzReleaseSessionCommandHandler_Execute_Argument_Exception" />
    </UnitTest>
    <UnitTest name="PtzPatrollingSessionBase_SignalUpdateSchema_Success" storage="d:\actions-runner\_work\xpco\xpco\corporate\recordingserver\recorderservice\tst\videoos.recorder.unittests\bin\x64\debug\net472\videoos.recorder.unittests.dll" id="1785dede-d658-d73b-9752-40a45c6936de">
      <Execution id="6dd5c6a4-eff1-44e4-bfcb-11a2dbdbe2ea" />
      <TestMethod codeBase="D:\actions-runner\_work\XPCO\XPCO\Corporate\RecordingServer\RecorderService\tst\VideoOS.Recorder.UnitTests\bin\x64\Debug\net472\VideoOS.Recorder.UnitTests.dll" adapterTypeName="executor://mstestadapter/v2" className="VideoOS.Recorder.UnitTests.Command.PtzSessionsTests" name="PtzPatrollingSessionBase_SignalUpdateSchema_Success" />
    </UnitTest>
    <UnitTest name="RemoveStorages_Ok" storage="d:\actions-runner\_work\xpco\xpco\corporate\recordingserver\recorderservice\tst\videoos.recorder.unittests\bin\x64\debug\net472\videoos.recorder.unittests.dll" id="0e3f8aa2-b5f9-2f67-934c-8261cc017f11">
      <Execution id="d5715a43-58c1-445e-b261-73b46f6526ae" />
      <TestMethod codeBase="D:\actions-runner\_work\XPCO\XPCO\Corporate\RecordingServer\RecorderService\tst\VideoOS.Recorder.UnitTests\bin\x64\Debug\net472\VideoOS.Recorder.UnitTests.dll" adapterTypeName="executor://mstestadapter/v2" className="VideoOS.Recorder.UnitTests.ObjectModel.MediaDbManagerUnitTests" name="RemoveStorages_Ok" />
    </UnitTest>
    <UnitTest name="CollectMediaStatusCommandHandler_FindTrackStaus_No_Media_After" storage="d:\actions-runner\_work\xpco\xpco\corporate\recordingserver\recorderservice\tst\videoos.recorder.unittests\bin\x64\debug\net472\videoos.recorder.unittests.dll" id="d68ae15e-13f2-260b-c617-df59a3f061c5">
      <Execution id="c49e930c-37d1-4d9e-95e4-6f434bca17dc" />
      <TestMethod codeBase="D:\actions-runner\_work\XPCO\XPCO\Corporate\RecordingServer\RecorderService\tst\VideoOS.Recorder.UnitTests\bin\x64\Debug\net472\VideoOS.Recorder.UnitTests.dll" adapterTypeName="executor://mstestadapter/v2" className="VideoOS.Recorder.UnitTests.Command.CollectMediaStatusCommandHandlerTests" name="CollectMediaStatusCommandHandler_FindTrackStaus_No_Media_After" />
    </UnitTest>
    <UnitTest name="PrepareMoveHardwareCommandHandler_Constructor_LoggerNull_ArgumentNullException" storage="d:\actions-runner\_work\xpco\xpco\corporate\recordingserver\recorderservice\tst\videoos.recorder.unittests\bin\x64\debug\net472\videoos.recorder.unittests.dll" id="87c40e4a-7a60-c338-93a7-08f14b9747cd">
      <Execution id="3b892a93-8a25-4d1f-950d-ef88d6ccbbc0" />
      <TestMethod codeBase="D:\actions-runner\_work\XPCO\XPCO\Corporate\RecordingServer\RecorderService\tst\VideoOS.Recorder.UnitTests\bin\x64\Debug\net472\VideoOS.Recorder.UnitTests.dll" adapterTypeName="executor://mstestadapter/v2" className="VideoOS.Recorder.UnitTests.Command.PrepareMoveHardwareCommandHandlerTests" name="PrepareMoveHardwareCommandHandler_Constructor_LoggerNull_ArgumentNullException" />
    </UnitTest>
    <UnitTest name="SOAPCommandRequestHandler_ExecuteFunction_HandleSendDriverCommand_Success" storage="d:\actions-runner\_work\xpco\xpco\corporate\recordingserver\recorderservice\tst\videoos.recorder.unittests\bin\x64\debug\net472\videoos.recorder.unittests.dll" id="bf05de6b-3ba4-d636-d021-e8b47b9983fe">
      <Execution id="3b06f709-a0cf-46da-aa5c-62ebdcd602ec" />
      <TestMethod codeBase="D:\actions-runner\_work\XPCO\XPCO\Corporate\RecordingServer\RecorderService\tst\VideoOS.Recorder.UnitTests\bin\x64\Debug\net472\VideoOS.Recorder.UnitTests.dll" adapterTypeName="executor://mstestadapter/v2" className="VideoOS.Recorder.UnitTests.WebServer.SOAPCommandRequestHandlerTests" name="SOAPCommandRequestHandler_ExecuteFunction_HandleSendDriverCommand_Success" />
    </UnitTest>
    <UnitTest name="DatabaseTaskCommandHandler_EmptyDevice_HadData_Success" storage="d:\actions-runner\_work\xpco\xpco\corporate\recordingserver\recorderservice\tst\videoos.recorder.unittests\bin\x64\debug\net472\videoos.recorder.unittests.dll" id="dde92228-ea2f-17cc-b452-172658441c35">
      <Execution id="154d884b-68b7-4157-8263-c168e547653e" />
      <TestMethod codeBase="D:\actions-runner\_work\XPCO\XPCO\Corporate\RecordingServer\RecorderService\tst\VideoOS.Recorder.UnitTests\bin\x64\Debug\net472\VideoOS.Recorder.UnitTests.dll" adapterTypeName="executor://mstestadapter/v2" className="VideoOS.Recorder.UnitTests.Command.DatabaseTaskCommandHandlerTest" name="DatabaseTaskCommandHandler_EmptyDevice_HadData_Success" />
    </UnitTest>
    <UnitTest name="MediaDbUtil_MultitrackNavigation_Scenario07" storage="d:\actions-runner\_work\xpco\xpco\corporate\recordingserver\recorderservice\tst\videoos.recorder.unittests\bin\x64\debug\net472\videoos.recorder.unittests.dll" id="64f9aa5e-069c-1055-cd19-778854105070">
      <Execution id="6314464c-ce26-47ba-bbf7-63192f3fab18" />
      <TestMethod codeBase="D:\actions-runner\_work\XPCO\XPCO\Corporate\RecordingServer\RecorderService\tst\VideoOS.Recorder.UnitTests\bin\x64\Debug\net472\VideoOS.Recorder.UnitTests.dll" adapterTypeName="executor://mstestadapter/v2" className="VideoOS.Recorder.UnitTests.WebServer.MediaDbUtilUnitTests" name="MediaDbUtil_MultitrackNavigation_Scenario07" />
    </UnitTest>
    <UnitTest name="RecordingStorageDeviceLinkEntries_QueryByDeviceId_NotFound_ReturnNull" storage="d:\actions-runner\_work\xpco\xpco\corporate\recordingserver\recorderservice\tst\videoos.recorder.unittests\bin\x64\debug\net472\videoos.recorder.unittests.dll" id="f2e0dab7-8720-c077-45c9-a980b4d25ec1">
      <Execution id="84952ff3-8687-4643-9096-c9c05994f720" />
      <TestMethod codeBase="D:\actions-runner\_work\XPCO\XPCO\Corporate\RecordingServer\RecorderService\tst\VideoOS.Recorder.UnitTests\bin\x64\Debug\net472\VideoOS.Recorder.UnitTests.dll" adapterTypeName="executor://mstestadapter/v2" className="VideoOS.Recorder.UnitTests.RecordingStorageDeviceLinkEntriesTests" name="RecordingStorageDeviceLinkEntries_QueryByDeviceId_NotFound_ReturnNull" />
    </UnitTest>
    <UnitTest name="MediaDbUtil_MultitrackNavigation_Scenario12" storage="d:\actions-runner\_work\xpco\xpco\corporate\recordingserver\recorderservice\tst\videoos.recorder.unittests\bin\x64\debug\net472\videoos.recorder.unittests.dll" id="0e1ecbc3-3cb2-c334-5b60-0347f5b8c7b9">
      <Execution id="ff77c2ca-331b-4ae1-b606-6d371dd56953" />
      <TestMethod codeBase="D:\actions-runner\_work\XPCO\XPCO\Corporate\RecordingServer\RecorderService\tst\VideoOS.Recorder.UnitTests\bin\x64\Debug\net472\VideoOS.Recorder.UnitTests.dll" adapterTypeName="executor://mstestadapter/v2" className="VideoOS.Recorder.UnitTests.WebServer.MediaDbUtilUnitTests" name="MediaDbUtil_MultitrackNavigation_Scenario12" />
    </UnitTest>
    <UnitTest name="SOAPCommandRequestHandler_ExecuteFunction_HandlePTZDeactivatePatrollingSchema_NoPatrollingSchemaId" storage="d:\actions-runner\_work\xpco\xpco\corporate\recordingserver\recorderservice\tst\videoos.recorder.unittests\bin\x64\debug\net472\videoos.recorder.unittests.dll" id="8c77f022-4da3-920c-0121-4d89ae316e6f">
      <Execution id="88f5870d-4daa-4113-84a2-da63803daa19" />
      <TestMethod codeBase="D:\actions-runner\_work\XPCO\XPCO\Corporate\RecordingServer\RecorderService\tst\VideoOS.Recorder.UnitTests\bin\x64\Debug\net472\VideoOS.Recorder.UnitTests.dll" adapterTypeName="executor://mstestadapter/v2" className="VideoOS.Recorder.UnitTests.WebServer.SOAPCommandRequestHandlerTests" name="SOAPCommandRequestHandler_ExecuteFunction_HandlePTZDeactivatePatrollingSchema_NoPatrollingSchemaId" />
    </UnitTest>
    <UnitTest name="CallStartMethodForNotCameraLinkedCameraNotStarted" storage="d:\actions-runner\_work\xpco\xpco\corporate\recordingserver\recorderservice\tst\videoos.recorder.unittests\bin\x64\debug\net472\videoos.recorder.unittests.dll" id="3dffb522-9ea9-2761-a867-9254d83c0b38">
      <TestCategory>
        <TestCategoryItem TestCategory="ObjectModel.Device.RelatedDeviceHandler" />
      </TestCategory>
      <Execution id="ac6b07e7-7ace-4460-878f-97cc6d07995e" />
      <TestMethod codeBase="D:\actions-runner\_work\XPCO\XPCO\Corporate\RecordingServer\RecorderService\tst\VideoOS.Recorder.UnitTests\bin\x64\Debug\net472\VideoOS.Recorder.UnitTests.dll" adapterTypeName="executor://mstestadapter/v2" className="VideoOS.Recorder.UnitTests.ObjectModel.RelatedDeviceHandlerTest" name="CallStartMethodForNotCameraLinkedCameraNotStarted" />
    </UnitTest>
    <UnitTest name="DatabaseoperationCommandhandler_VerifyPath_Success" storage="d:\actions-runner\_work\xpco\xpco\corporate\recordingserver\recorderservice\tst\videoos.recorder.unittests\bin\x64\debug\net472\videoos.recorder.unittests.dll" id="31fcff4b-e5c4-4bf7-da58-296ef4939e33">
      <Execution id="bf4258fb-9b9a-418d-9603-9b39d3d8d908" />
      <TestMethod codeBase="D:\actions-runner\_work\XPCO\XPCO\Corporate\RecordingServer\RecorderService\tst\VideoOS.Recorder.UnitTests\bin\x64\Debug\net472\VideoOS.Recorder.UnitTests.dll" adapterTypeName="executor://mstestadapter/v2" className="VideoOS.Recorder.UnitTests.Command.DatabaseOperationCommandHandlerUnitTests" name="DatabaseoperationCommandhandler_VerifyPath_Success" />
    </UnitTest>
    <UnitTest name="DatabaseoperationCommandhandler_DiskUsageInformationTablesPerStorage_DevicesMovingStorage_AllSuccess" storage="d:\actions-runner\_work\xpco\xpco\corporate\recordingserver\recorderservice\tst\videoos.recorder.unittests\bin\x64\debug\net472\videoos.recorder.unittests.dll" id="33c3a840-bd9b-6bc8-3eb8-4843fe9ece6f">
      <Execution id="679c1b46-86d7-47bc-96c5-31e2f15058ea" />
      <TestMethod codeBase="D:\actions-runner\_work\XPCO\XPCO\Corporate\RecordingServer\RecorderService\tst\VideoOS.Recorder.UnitTests\bin\x64\Debug\net472\VideoOS.Recorder.UnitTests.dll" adapterTypeName="executor://mstestadapter/v2" className="VideoOS.Recorder.UnitTests.Command.DatabaseOperationCommandHandlerUnitTests" name="DatabaseoperationCommandhandler_DiskUsageInformationTablesPerStorage_DevicesMovingStorage_AllSuccess" />
    </UnitTest>
    <UnitTest name="GetHardwareUsersCommandHandler_Execute_GetUserList_ThrowsUserManagementUnsupported_Errors" storage="d:\actions-runner\_work\xpco\xpco\corporate\recordingserver\recorderservice\tst\videoos.recorder.unittests\bin\x64\debug\net472\videoos.recorder.unittests.dll" id="16d1a953-024b-f167-eeaa-f4ebe0619069">
      <Execution id="e48b5824-fd41-46b1-9bfd-edfdd1c8df58" />
      <TestMethod codeBase="D:\actions-runner\_work\XPCO\XPCO\Corporate\RecordingServer\RecorderService\tst\VideoOS.Recorder.UnitTests\bin\x64\Debug\net472\VideoOS.Recorder.UnitTests.dll" adapterTypeName="executor://mstestadapter/v2" className="VideoOS.Recorder.UnitTests.Command.GetHardwareUsersCommandHandlerUnitTests" name="GetHardwareUsersCommandHandler_Execute_GetUserList_ThrowsUserManagementUnsupported_Errors" />
    </UnitTest>
    <UnitTest name="FindMaskAtTime" storage="d:\actions-runner\_work\xpco\xpco\corporate\recordingserver\recorderservice\tst\videoos.recorder.unittests\bin\x64\debug\net472\videoos.recorder.unittests.dll" id="0a84de12-6fcf-8161-bb90-5dcf0b5aae74">
      <Execution id="333305df-60ce-4ff8-a13d-921b270bf884" />
      <TestMethod codeBase="D:\actions-runner\_work\XPCO\XPCO\Corporate\RecordingServer\RecorderService\tst\VideoOS.Recorder.UnitTests\bin\x64\Debug\net472\VideoOS.Recorder.UnitTests.dll" adapterTypeName="executor://mstestadapter/v2" className="VideoOS.Recorder.UnitTests.ObjectModel.PrivacyMaskHandlerTest" name="FindMaskAtTime" />
    </UnitTest>
    <UnitTest name="FailoverMediaMover_MoveMediaDataHere_Storage_Offline_2nd_Time_Tables_Not_Touched" storage="d:\actions-runner\_work\xpco\xpco\corporate\recordingserver\recorderservice\tst\videoos.recorder.unittests\bin\x64\debug\net472\videoos.recorder.unittests.dll" id="08c2d5c1-c372-09e8-b62e-a390bc297e98">
      <Execution id="34ecfe53-d98a-47f8-a13c-4c7e71c81c59" />
      <TestMethod codeBase="D:\actions-runner\_work\XPCO\XPCO\Corporate\RecordingServer\RecorderService\tst\VideoOS.Recorder.UnitTests\bin\x64\Debug\net472\VideoOS.Recorder.UnitTests.dll" adapterTypeName="executor://mstestadapter/v2" className="VideoOS.Recorder.UnitTests.FailoverMediaMoverUnitTests" name="FailoverMediaMover_MoveMediaDataHere_Storage_Offline_2nd_Time_Tables_Not_Touched" />
    </UnitTest>
    <UnitTest name="Start_WebErrorOnFirstTryButStoppingBeforeRetryTimer_ShouldNotTryReconnect" storage="d:\actions-runner\_work\xpco\xpco\corporate\recordingserver\recorderservice\tst\videoos.recorder.unittests\bin\x64\debug\net472\videoos.recorder.unittests.dll" id="3a682f18-26a1-d56a-236e-9d390c192554">
      <Execution id="a0bab0af-1f43-467a-9aed-0528d293546e" />
      <TestMethod codeBase="D:\actions-runner\_work\XPCO\XPCO\Corporate\RecordingServer\RecorderService\tst\VideoOS.Recorder.UnitTests\bin\x64\Debug\net472\VideoOS.Recorder.UnitTests.dll" adapterTypeName="executor://mstestadapter/v2" className="VideoOS.Recorder.UnitTests.CommManagerWebApiTests" name="Start_WebErrorOnFirstTryButStoppingBeforeRetryTimer_ShouldNotTryReconnect" />
    </UnitTest>
    <UnitTest name="FailoverMediaMover_MoveMediaDataHere_Unusable_Table" storage="d:\actions-runner\_work\xpco\xpco\corporate\recordingserver\recorderservice\tst\videoos.recorder.unittests\bin\x64\debug\net472\videoos.recorder.unittests.dll" id="632f602b-f5d0-4e0f-a45c-a5f52b172761">
      <Execution id="fa1cb13c-09d2-4c27-9fc7-64b173e13ed8" />
      <TestMethod codeBase="D:\actions-runner\_work\XPCO\XPCO\Corporate\RecordingServer\RecorderService\tst\VideoOS.Recorder.UnitTests\bin\x64\Debug\net472\VideoOS.Recorder.UnitTests.dll" adapterTypeName="executor://mstestadapter/v2" className="VideoOS.Recorder.UnitTests.FailoverMediaMoverUnitTests" name="FailoverMediaMover_MoveMediaDataHere_Unusable_Table" />
    </UnitTest>
    <UnitTest name="SOAPCommandRequestHandler_ExecuteFunction_HandlePTZReserveSession_No_Priority" storage="d:\actions-runner\_work\xpco\xpco\corporate\recordingserver\recorderservice\tst\videoos.recorder.unittests\bin\x64\debug\net472\videoos.recorder.unittests.dll" id="7b3db81a-9c37-e4d9-9333-4ed3ccb0e1ad">
      <Execution id="75279d58-a59a-4152-90f8-377c7fb3aae5" />
      <TestMethod codeBase="D:\actions-runner\_work\XPCO\XPCO\Corporate\RecordingServer\RecorderService\tst\VideoOS.Recorder.UnitTests\bin\x64\Debug\net472\VideoOS.Recorder.UnitTests.dll" adapterTypeName="executor://mstestadapter/v2" className="VideoOS.Recorder.UnitTests.WebServer.SOAPCommandRequestHandlerTests" name="SOAPCommandRequestHandler_ExecuteFunction_HandlePTZReserveSession_No_Priority" />
    </UnitTest>
    <UnitTest name="DeleteHardwareUserCommandHandler_Execute_Success" storage="d:\actions-runner\_work\xpco\xpco\corporate\recordingserver\recorderservice\tst\videoos.recorder.unittests\bin\x64\debug\net472\videoos.recorder.unittests.dll" id="51069a4b-333d-4a1a-ed56-b47914a38599">
      <Execution id="0b98eccb-ea86-40e7-91a4-d2cda26a0129" />
      <TestMethod codeBase="D:\actions-runner\_work\XPCO\XPCO\Corporate\RecordingServer\RecorderService\tst\VideoOS.Recorder.UnitTests\bin\x64\Debug\net472\VideoOS.Recorder.UnitTests.dll" adapterTypeName="executor://mstestadapter/v2" className="VideoOS.Recorder.UnitTests.Command.DeleteHardwareUserCommandHandlerTest" name="DeleteHardwareUserCommandHandler_Execute_Success" />
    </UnitTest>
    <UnitTest name="SOAPCommandRequestHandler_ExecuteFunction_HandleSmartSearchGetResult_NoContinueSearch" storage="d:\actions-runner\_work\xpco\xpco\corporate\recordingserver\recorderservice\tst\videoos.recorder.unittests\bin\x64\debug\net472\videoos.recorder.unittests.dll" id="217d569d-af62-0cf1-0a45-23e4a3d75fd9">
      <Execution id="15f10c30-50fd-42b4-9910-476b732476b3" />
      <TestMethod codeBase="D:\actions-runner\_work\XPCO\XPCO\Corporate\RecordingServer\RecorderService\tst\VideoOS.Recorder.UnitTests\bin\x64\Debug\net472\VideoOS.Recorder.UnitTests.dll" adapterTypeName="executor://mstestadapter/v2" className="VideoOS.Recorder.UnitTests.WebServer.SOAPCommandRequestHandlerTests" name="SOAPCommandRequestHandler_ExecuteFunction_HandleSmartSearchGetResult_NoContinueSearch" />
    </UnitTest>
    <UnitTest name="PtzManagerDataHolder_GetPtzDevice_Preset_Not_Supported" storage="d:\actions-runner\_work\xpco\xpco\corporate\recordingserver\recorderservice\tst\videoos.recorder.unittests\bin\x64\debug\net472\videoos.recorder.unittests.dll" id="a2a4d979-bf79-d5c5-c522-a313408e9fa1">
      <Execution id="1a0cf6b2-5a65-4cd2-87b9-97b757d9a2e3" />
      <TestMethod codeBase="D:\actions-runner\_work\XPCO\XPCO\Corporate\RecordingServer\RecorderService\tst\VideoOS.Recorder.UnitTests\bin\x64\Debug\net472\VideoOS.Recorder.UnitTests.dll" adapterTypeName="executor://mstestadapter/v2" className="VideoOS.Recorder.UnitTests.Command.PtzManagerDataHolderTest" name="PtzManagerDataHolder_GetPtzDevice_Preset_Not_Supported" />
    </UnitTest>
    <UnitTest name="PtzManager_ForceReleasePtzSession_Success" storage="d:\actions-runner\_work\xpco\xpco\corporate\recordingserver\recorderservice\tst\videoos.recorder.unittests\bin\x64\debug\net472\videoos.recorder.unittests.dll" id="940748a7-bb76-f111-5184-b99a90027494">
      <Execution id="44ceb003-df6e-4693-b3f2-16162239cb48" />
      <TestMethod codeBase="D:\actions-runner\_work\XPCO\XPCO\Corporate\RecordingServer\RecorderService\tst\VideoOS.Recorder.UnitTests\bin\x64\Debug\net472\VideoOS.Recorder.UnitTests.dll" adapterTypeName="executor://mstestadapter/v2" className="VideoOS.Recorder.UnitTests.Command.PtzManagerTests" name="PtzManager_ForceReleasePtzSession_Success" />
    </UnitTest>
    <UnitTest name="Start_WebErrorOnFirstTry_WillReconnectOnSecondTry" storage="d:\actions-runner\_work\xpco\xpco\corporate\recordingserver\recorderservice\tst\videoos.recorder.unittests\bin\x64\debug\net472\videoos.recorder.unittests.dll" id="51aa2f6d-3623-80f3-279f-c704073a9df9">
      <Execution id="2248c060-b60e-48da-bb85-64ef7337a6ed" />
      <TestMethod codeBase="D:\actions-runner\_work\XPCO\XPCO\Corporate\RecordingServer\RecorderService\tst\VideoOS.Recorder.UnitTests\bin\x64\Debug\net472\VideoOS.Recorder.UnitTests.dll" adapterTypeName="executor://mstestadapter/v2" className="VideoOS.Recorder.UnitTests.CommManagerWebApiTests" name="Start_WebErrorOnFirstTry_WillReconnectOnSecondTry" />
    </UnitTest>
    <UnitTest name="PtzManualSession_Constructor_Reserved_Success" storage="d:\actions-runner\_work\xpco\xpco\corporate\recordingserver\recorderservice\tst\videoos.recorder.unittests\bin\x64\debug\net472\videoos.recorder.unittests.dll" id="c842dd6f-3642-d5da-f0c5-0b178afcc5f4">
      <Execution id="bf9d8919-f0db-4bdc-a661-d338eb6785ce" />
      <TestMethod codeBase="D:\actions-runner\_work\XPCO\XPCO\Corporate\RecordingServer\RecorderService\tst\VideoOS.Recorder.UnitTests\bin\x64\Debug\net472\VideoOS.Recorder.UnitTests.dll" adapterTypeName="executor://mstestadapter/v2" className="VideoOS.Recorder.UnitTests.Command.PtzSessionsTests" name="PtzManualSession_Constructor_Reserved_Success" />
    </UnitTest>
    <UnitTest name="PtzDefaultSession_Constructor_ArgumentNullException" storage="d:\actions-runner\_work\xpco\xpco\corporate\recordingserver\recorderservice\tst\videoos.recorder.unittests\bin\x64\debug\net472\videoos.recorder.unittests.dll" id="71fbd216-6c35-f7fe-fc31-6ab9288b50f9">
      <Execution id="86476eed-6f52-4dc5-891c-4e0fec545c0a" />
      <TestMethod codeBase="D:\actions-runner\_work\XPCO\XPCO\Corporate\RecordingServer\RecorderService\tst\VideoOS.Recorder.UnitTests\bin\x64\Debug\net472\VideoOS.Recorder.UnitTests.dll" adapterTypeName="executor://mstestadapter/v2" className="VideoOS.Recorder.UnitTests.Command.PtzSessionsTests" name="PtzDefaultSession_Constructor_ArgumentNullException" />
    </UnitTest>
    <UnitTest name="TestStatistics5Sec" storage="d:\actions-runner\_work\xpco\xpco\corporate\recordingserver\recorderservice\tst\videoos.recorder.unittests\bin\x64\debug\net472\videoos.recorder.unittests.dll" id="ed6a8ebe-05df-d8e5-8165-942c8c8d649e">
      <TestCategory>
        <TestCategoryItem TestCategory="ObjectModel.PipelineStatistics" />
      </TestCategory>
      <Execution id="124e0f22-0882-43a5-afa3-747c03a65330" />
      <TestMethod codeBase="D:\actions-runner\_work\XPCO\XPCO\Corporate\RecordingServer\RecorderService\tst\VideoOS.Recorder.UnitTests\bin\x64\Debug\net472\VideoOS.Recorder.UnitTests.dll" adapterTypeName="executor://mstestadapter/v2" className="VideoOS.Recorder.UnitTests.ObjectModel.Processors.PipelineStatisticsTest" name="TestStatistics5Sec" />
    </UnitTest>
    <UnitTest name="GetNetworkConfigurationCommandHandler_Execute_HardwareBlocked_Errors" storage="d:\actions-runner\_work\xpco\xpco\corporate\recordingserver\recorderservice\tst\videoos.recorder.unittests\bin\x64\debug\net472\videoos.recorder.unittests.dll" id="24a93b79-982d-1508-0614-05488f32b376">
      <Execution id="d4f15cdd-5f5f-4757-b0c3-ab6b83e9b497" />
      <TestMethod codeBase="D:\actions-runner\_work\XPCO\XPCO\Corporate\RecordingServer\RecorderService\tst\VideoOS.Recorder.UnitTests\bin\x64\Debug\net472\VideoOS.Recorder.UnitTests.dll" adapterTypeName="executor://mstestadapter/v2" className="VideoOS.Recorder.UnitTests.Command.GetNetworkConfigurationCommandHandlerUnitTests" name="GetNetworkConfigurationCommandHandler_Execute_HardwareBlocked_Errors" />
    </UnitTest>
    <UnitTest name="PtzManagerDataHolder_UpdateSchema_Not_Exists_Add" storage="d:\actions-runner\_work\xpco\xpco\corporate\recordingserver\recorderservice\tst\videoos.recorder.unittests\bin\x64\debug\net472\videoos.recorder.unittests.dll" id="cd242aaa-22da-d717-dda8-cda3a410d13b">
      <Execution id="db8bbe4b-2e1c-42c1-8f41-699754062525" />
      <TestMethod codeBase="D:\actions-runner\_work\XPCO\XPCO\Corporate\RecordingServer\RecorderService\tst\VideoOS.Recorder.UnitTests\bin\x64\Debug\net472\VideoOS.Recorder.UnitTests.dll" adapterTypeName="executor://mstestadapter/v2" className="VideoOS.Recorder.UnitTests.Command.PtzManagerDataHolderTest" name="PtzManagerDataHolder_UpdateSchema_Not_Exists_Add" />
    </UnitTest>
    <UnitTest name="TimeRangeConversionRangeSpansStartAndEndTimeExactly" storage="d:\actions-runner\_work\xpco\xpco\corporate\recordingserver\recorderservice\tst\videoos.recorder.unittests\bin\x64\debug\net472\videoos.recorder.unittests.dll" id="9068db29-17b2-595d-773e-3b64e5b1b90a">
      <TestCategory>
        <TestCategoryItem TestCategory="TimeRangeConversion" />
      </TestCategory>
      <Execution id="008d5ade-a2bc-4d6a-a9ab-4afd7d091905" />
      <TestMethod codeBase="D:\actions-runner\_work\XPCO\XPCO\Corporate\RecordingServer\RecorderService\tst\VideoOS.Recorder.UnitTests\bin\x64\Debug\net472\VideoOS.Recorder.UnitTests.dll" adapterTypeName="executor://mstestadapter/v2" className="VideoOS.Recorder.UnitTests.TimeRangeConversionTests.TimeRangeConversionTests" name="TimeRangeConversionRangeSpansStartAndEndTimeExactly" />
    </UnitTest>
    <UnitTest name="ConnectSuccess_NextSeq_Exception" storage="d:\actions-runner\_work\xpco\xpco\corporate\recordingserver\recorderservice\tst\videoos.recorder.unittests\bin\x64\debug\net472\videoos.recorder.unittests.dll" id="4abb4581-af66-78a4-046c-15d0397a9455">
      <Execution id="4cb32ee7-c3f7-4321-8a8a-fb7d7ec65e9e" />
      <TestMethod codeBase="D:\actions-runner\_work\XPCO\XPCO\Corporate\RecordingServer\RecorderService\tst\VideoOS.Recorder.UnitTests\bin\x64\Debug\net472\VideoOS.Recorder.UnitTests.dll" adapterTypeName="executor://mstestadapter/v2" className="VideoOS.Recorder.UnitTests.WebServer.ImageServerRequestHandlerTests" name="ConnectSuccess_NextSeq_Exception" />
    </UnitTest>
    <UnitTest name="EdgeStorageLimitsTimeLimitOk" storage="d:\actions-runner\_work\xpco\xpco\corporate\recordingserver\recorderservice\tst\videoos.recorder.unittests\bin\x64\debug\net472\videoos.recorder.unittests.dll" id="99e9a28f-2c77-eaac-eaae-2f23b8c10bdb">
      <TestCategory>
        <TestCategoryItem TestCategory="EdgeStorageLimits" />
      </TestCategory>
      <Execution id="d52f38e9-2726-45a1-aa93-db20ba8b5a9e" />
      <TestMethod codeBase="D:\actions-runner\_work\XPCO\XPCO\Corporate\RecordingServer\RecorderService\tst\VideoOS.Recorder.UnitTests\bin\x64\Debug\net472\VideoOS.Recorder.UnitTests.dll" adapterTypeName="executor://mstestadapter/v2" className="VideoOS.Recorder.UnitTests.EdgeStorage.EdgeStorageLimitTests" name="EdgeStorageLimitsTimeLimitOk" />
    </UnitTest>
    <UnitTest name="SOAPCommandRequestHandler_ExecuteFunction_HandlePTZCenter_No_Priority" storage="d:\actions-runner\_work\xpco\xpco\corporate\recordingserver\recorderservice\tst\videoos.recorder.unittests\bin\x64\debug\net472\videoos.recorder.unittests.dll" id="220a0741-c671-c6c1-6e3c-14099329fb32">
      <Execution id="76e5bd74-c9c2-4a58-9d50-64cdb43c212c" />
      <TestMethod codeBase="D:\actions-runner\_work\XPCO\XPCO\Corporate\RecordingServer\RecorderService\tst\VideoOS.Recorder.UnitTests\bin\x64\Debug\net472\VideoOS.Recorder.UnitTests.dll" adapterTypeName="executor://mstestadapter/v2" className="VideoOS.Recorder.UnitTests.WebServer.SOAPCommandRequestHandlerTests" name="SOAPCommandRequestHandler_ExecuteFunction_HandlePTZCenter_No_Priority" />
    </UnitTest>
    <UnitTest name="SOAPCommandRequestHandler_ExecuteFunction_HandlePTZMoveAbsolute_Success" storage="d:\actions-runner\_work\xpco\xpco\corporate\recordingserver\recorderservice\tst\videoos.recorder.unittests\bin\x64\debug\net472\videoos.recorder.unittests.dll" id="cea13dec-3b36-ea5b-7908-459731bcb8c9">
      <Execution id="7dbac754-9ce8-48b1-bbe8-28208af51b02" />
      <TestMethod codeBase="D:\actions-runner\_work\XPCO\XPCO\Corporate\RecordingServer\RecorderService\tst\VideoOS.Recorder.UnitTests\bin\x64\Debug\net472\VideoOS.Recorder.UnitTests.dll" adapterTypeName="executor://mstestadapter/v2" className="VideoOS.Recorder.UnitTests.WebServer.SOAPCommandRequestHandlerTests" name="SOAPCommandRequestHandler_ExecuteFunction_HandlePTZMoveAbsolute_Success" />
    </UnitTest>
    <UnitTest name="MediaDbCache_SetListFileSystemDiskUsage_Success" storage="d:\actions-runner\_work\xpco\xpco\corporate\recordingserver\recorderservice\tst\videoos.recorder.unittests\bin\x64\debug\net472\videoos.recorder.unittests.dll" id="8f4d98c4-c4c3-3370-b9b4-f84d99ebe3e0">
      <Execution id="3e835ab9-b4b7-4b29-99eb-bd460b5534c9" />
      <TestMethod codeBase="D:\actions-runner\_work\XPCO\XPCO\Corporate\RecordingServer\RecorderService\tst\VideoOS.Recorder.UnitTests\bin\x64\Debug\net472\VideoOS.Recorder.UnitTests.dll" adapterTypeName="executor://mstestadapter/v2" className="VideoOS.Recorder.UnitTests.Database.MediaDbCacheUnitTests" name="MediaDbCache_SetListFileSystemDiskUsage_Success" />
    </UnitTest>
    <UnitTest name="SOAPCommandRequestHandler_ExecuteFunction_HandleSmartSearchStart_Success_SearchIntervalMoreThan1000" storage="d:\actions-runner\_work\xpco\xpco\corporate\recordingserver\recorderservice\tst\videoos.recorder.unittests\bin\x64\debug\net472\videoos.recorder.unittests.dll" id="84b988bf-d44b-4698-fb27-4782957d3dee">
      <Execution id="64755bf2-4b48-49f4-8987-6296c1b1783e" />
      <TestMethod codeBase="D:\actions-runner\_work\XPCO\XPCO\Corporate\RecordingServer\RecorderService\tst\VideoOS.Recorder.UnitTests\bin\x64\Debug\net472\VideoOS.Recorder.UnitTests.dll" adapterTypeName="executor://mstestadapter/v2" className="VideoOS.Recorder.UnitTests.WebServer.SOAPCommandRequestHandlerTests" name="SOAPCommandRequestHandler_ExecuteFunction_HandleSmartSearchStart_Success_SearchIntervalMoreThan1000" />
    </UnitTest>
    <UnitTest name="SearchingMixedWithEmptyMask" storage="d:\actions-runner\_work\xpco\xpco\corporate\recordingserver\recorderservice\tst\videoos.recorder.unittests\bin\x64\debug\net472\videoos.recorder.unittests.dll" id="b4c8b4fe-75e0-393f-0de0-b15d564184ce">
      <Execution id="48183945-f644-456f-a9d2-8198ce2e61a4" />
      <TestMethod codeBase="D:\actions-runner\_work\XPCO\XPCO\Corporate\RecordingServer\RecorderService\tst\VideoOS.Recorder.UnitTests\bin\x64\Debug\net472\VideoOS.Recorder.UnitTests.dll" adapterTypeName="executor://mstestadapter/v2" className="VideoOS.Recorder.UnitTests.ObjectModel.PrivacyMaskHandlerTest" name="SearchingMixedWithEmptyMask" />
    </UnitTest>
    <UnitTest name="Start_WithoutInitializing_ShouldThrowException" storage="d:\actions-runner\_work\xpco\xpco\corporate\recordingserver\recorderservice\tst\videoos.recorder.unittests\bin\x64\debug\net472\videoos.recorder.unittests.dll" id="beabd535-a81b-7854-466b-bc77ec14ae26">
      <Execution id="45f78df8-025d-429b-b629-9e349ebb01bd" />
      <TestMethod codeBase="D:\actions-runner\_work\XPCO\XPCO\Corporate\RecordingServer\RecorderService\tst\VideoOS.Recorder.UnitTests\bin\x64\Debug\net472\VideoOS.Recorder.UnitTests.dll" adapterTypeName="executor://mstestadapter/v2" className="VideoOS.Recorder.UnitTests.CommManagerWebApiTests" name="Start_WithoutInitializing_ShouldThrowException" />
    </UnitTest>
    <UnitTest name="RecorderTaskStopped_InternalStateStopped_ThrowsCommunicationStoppedException" storage="d:\actions-runner\_work\xpco\xpco\corporate\recordingserver\recorderservice\tst\videoos.recorder.unittests\bin\x64\debug\net472\videoos.recorder.unittests.dll" id="04194e19-3cb7-e946-ac3d-392497c8bd6f">
      <Execution id="013252d7-39ed-441a-b8cc-53305b3b1d31" />
      <TestMethod codeBase="D:\actions-runner\_work\XPCO\XPCO\Corporate\RecordingServer\RecorderService\tst\VideoOS.Recorder.UnitTests\bin\x64\Debug\net472\VideoOS.Recorder.UnitTests.dll" adapterTypeName="executor://mstestadapter/v2" className="VideoOS.Recorder.UnitTests.CommManagerWebApiTests" name="RecorderTaskStopped_InternalStateStopped_ThrowsCommunicationStoppedException" />
    </UnitTest>
    <UnitTest name="GetNetworkConfigurationCommandHandler_Execute_InterfaceDisabled_Errors" storage="d:\actions-runner\_work\xpco\xpco\corporate\recordingserver\recorderservice\tst\videoos.recorder.unittests\bin\x64\debug\net472\videoos.recorder.unittests.dll" id="c56ceeab-d742-8985-e475-23e0921ae7e8">
      <Execution id="27d656fe-302f-4a51-8250-99a3dbc6c1d6" />
      <TestMethod codeBase="D:\actions-runner\_work\XPCO\XPCO\Corporate\RecordingServer\RecorderService\tst\VideoOS.Recorder.UnitTests\bin\x64\Debug\net472\VideoOS.Recorder.UnitTests.dll" adapterTypeName="executor://mstestadapter/v2" className="VideoOS.Recorder.UnitTests.Command.GetNetworkConfigurationCommandHandlerUnitTests" name="GetNetworkConfigurationCommandHandler_Execute_InterfaceDisabled_Errors" />
    </UnitTest>
    <UnitTest name="SOAPCommandRequestHandler_ExecuteFunction_HandleStartManualRecording_Success" storage="d:\actions-runner\_work\xpco\xpco\corporate\recordingserver\recorderservice\tst\videoos.recorder.unittests\bin\x64\debug\net472\videoos.recorder.unittests.dll" id="ee728857-3832-bde0-8ee8-4e507d69fcac">
      <Execution id="ec544775-3a30-4d1f-b21d-e1ccbd074a97" />
      <TestMethod codeBase="D:\actions-runner\_work\XPCO\XPCO\Corporate\RecordingServer\RecorderService\tst\VideoOS.Recorder.UnitTests\bin\x64\Debug\net472\VideoOS.Recorder.UnitTests.dll" adapterTypeName="executor://mstestadapter/v2" className="VideoOS.Recorder.UnitTests.WebServer.SOAPCommandRequestHandlerTests" name="SOAPCommandRequestHandler_ExecuteFunction_HandleStartManualRecording_Success" />
    </UnitTest>
    <UnitTest name="PtzReserveSessionCommandHandler_Execute_Device_Not_Found" storage="d:\actions-runner\_work\xpco\xpco\corporate\recordingserver\recorderservice\tst\videoos.recorder.unittests\bin\x64\debug\net472\videoos.recorder.unittests.dll" id="b761596d-0bb6-e439-c952-5fd1de6486a8">
      <Execution id="a4a0674e-27ae-44da-ae84-763194511add" />
      <TestMethod codeBase="D:\actions-runner\_work\XPCO\XPCO\Corporate\RecordingServer\RecorderService\tst\VideoOS.Recorder.UnitTests\bin\x64\Debug\net472\VideoOS.Recorder.UnitTests.dll" adapterTypeName="executor://mstestadapter/v2" className="VideoOS.Recorder.UnitTests.Command.PtzReserveSessionCommandHandlerTest" name="PtzReserveSessionCommandHandler_Execute_Device_Not_Found" />
    </UnitTest>
    <UnitTest name="DiffGramToApplyToOrigionalDataSetToMakeItIdenticalWithNewDataSet_FailoverInfo_Modified_Success" storage="d:\actions-runner\_work\xpco\xpco\corporate\recordingserver\recorderservice\tst\videoos.recorder.unittests\bin\x64\debug\net472\videoos.recorder.unittests.dll" id="5bf2d8f9-261a-68f8-0490-6149538c958f">
      <Execution id="2c083fd3-d673-4fec-9ae7-b4868359c5ad" />
      <TestMethod codeBase="D:\actions-runner\_work\XPCO\XPCO\Corporate\RecordingServer\RecorderService\tst\VideoOS.Recorder.UnitTests\bin\x64\Debug\net472\VideoOS.Recorder.UnitTests.dll" adapterTypeName="executor://mstestadapter/v2" className="VideoOS.Recorder.UnitTests.DataSetUtilityUnitTests" name="DiffGramToApplyToOrigionalDataSetToMakeItIdenticalWithNewDataSet_FailoverInfo_Modified_Success" />
    </UnitTest>
    <UnitTest name="WebServerEventSource_InitializationTest" storage="d:\actions-runner\_work\xpco\xpco\corporate\recordingserver\recorderservice\tst\videoos.recorder.unittests\bin\x64\debug\net472\videoos.recorder.unittests.dll" id="2cc58668-9dc7-b18f-f113-82958087b168">
      <Execution id="a4b126cb-676a-45fc-8990-11305305a63a" />
      <TestMethod codeBase="D:\actions-runner\_work\XPCO\XPCO\Corporate\RecordingServer\RecorderService\tst\VideoOS.Recorder.UnitTests\bin\x64\Debug\net472\VideoOS.Recorder.UnitTests.dll" adapterTypeName="executor://mstestadapter/v2" className="VideoOS.Recorder.UnitTests.Tracing.GeneralTracingTests" name="WebServerEventSource_InitializationTest" />
    </UnitTest>
    <UnitTest name="AddStatus_SendsStatus_OnSameStatusTwice" storage="d:\actions-runner\_work\xpco\xpco\corporate\recordingserver\recorderservice\tst\videoos.recorder.unittests\bin\x64\debug\net472\videoos.recorder.unittests.dll" id="23ee9bf1-ca25-8ff0-b7d2-b8ee61230f2e">
      <TestCategory>
        <TestCategoryItem TestCategory="RecorderStatus" />
      </TestCategory>
      <Execution id="086435c8-4278-4be1-a868-ebae290c8a47" />
      <TestMethod codeBase="D:\actions-runner\_work\XPCO\XPCO\Corporate\RecordingServer\RecorderService\tst\VideoOS.Recorder.UnitTests\bin\x64\Debug\net472\VideoOS.Recorder.UnitTests.dll" adapterTypeName="executor://mstestadapter/v2" className="VideoOS.Recorder.UnitTests.RecorderStatusTests" name="AddStatus_SendsStatus_OnSameStatusTwice" />
    </UnitTest>
    <UnitTest name="EdgeStorageLimitsManagerGetLimitsCleanupAndSameInstance" storage="d:\actions-runner\_work\xpco\xpco\corporate\recordingserver\recorderservice\tst\videoos.recorder.unittests\bin\x64\debug\net472\videoos.recorder.unittests.dll" id="df44b949-8854-12d3-3412-44f4d128eff3">
      <TestCategory>
        <TestCategoryItem TestCategory="EdgeStorageLimits" />
      </TestCategory>
      <Execution id="82d8f82d-2b3b-4c37-9f45-65f2de5c6a84" />
      <TestMethod codeBase="D:\actions-runner\_work\XPCO\XPCO\Corporate\RecordingServer\RecorderService\tst\VideoOS.Recorder.UnitTests\bin\x64\Debug\net472\VideoOS.Recorder.UnitTests.dll" adapterTypeName="executor://mstestadapter/v2" className="VideoOS.Recorder.UnitTests.EdgeStorage.EdgeStorageLimitTests" name="EdgeStorageLimitsManagerGetLimitsCleanupAndSameInstance" />
    </UnitTest>
    <UnitTest name="TimeRangeConversionRangeNull" storage="d:\actions-runner\_work\xpco\xpco\corporate\recordingserver\recorderservice\tst\videoos.recorder.unittests\bin\x64\debug\net472\videoos.recorder.unittests.dll" id="5aae2866-0e63-5303-c86b-20200a10452d">
      <TestCategory>
        <TestCategoryItem TestCategory="TimeRangeConversion" />
      </TestCategory>
      <Execution id="a63ff54b-5972-475c-a55d-47a93e9403ec" />
      <TestMethod codeBase="D:\actions-runner\_work\XPCO\XPCO\Corporate\RecordingServer\RecorderService\tst\VideoOS.Recorder.UnitTests\bin\x64\Debug\net472\VideoOS.Recorder.UnitTests.dll" adapterTypeName="executor://mstestadapter/v2" className="VideoOS.Recorder.UnitTests.TimeRangeConversionTests.TimeRangeConversionTests" name="TimeRangeConversionRangeNull" />
    </UnitTest>
    <UnitTest name="GetNetworkConfigurationCommandHandler_Execute_GetNetworkConfiguration_ThrowsMemoryException_Throws" storage="d:\actions-runner\_work\xpco\xpco\corporate\recordingserver\recorderservice\tst\videoos.recorder.unittests\bin\x64\debug\net472\videoos.recorder.unittests.dll" id="6a05ec9c-a31e-6a31-a748-70c9bbc050f4">
      <Execution id="30b53fa7-11b9-466b-b242-60ebe1cfde48" />
      <TestMethod codeBase="D:\actions-runner\_work\XPCO\XPCO\Corporate\RecordingServer\RecorderService\tst\VideoOS.Recorder.UnitTests\bin\x64\Debug\net472\VideoOS.Recorder.UnitTests.dll" adapterTypeName="executor://mstestadapter/v2" className="VideoOS.Recorder.UnitTests.Command.GetNetworkConfigurationCommandHandlerUnitTests" name="GetNetworkConfigurationCommandHandler_Execute_GetNetworkConfiguration_ThrowsMemoryException_Throws" />
    </UnitTest>
    <UnitTest name="PtzManager_StopPatrolling_Success" storage="d:\actions-runner\_work\xpco\xpco\corporate\recordingserver\recorderservice\tst\videoos.recorder.unittests\bin\x64\debug\net472\videoos.recorder.unittests.dll" id="1885e134-c75a-1386-d7ef-08d31fd2e486">
      <Execution id="93ff4488-e7bd-4c09-8b94-e8823a56f8c4" />
      <TestMethod codeBase="D:\actions-runner\_work\XPCO\XPCO\Corporate\RecordingServer\RecorderService\tst\VideoOS.Recorder.UnitTests\bin\x64\Debug\net472\VideoOS.Recorder.UnitTests.dll" adapterTypeName="executor://mstestadapter/v2" className="VideoOS.Recorder.UnitTests.Command.PtzManagerTests" name="PtzManager_StopPatrolling_Success" />
    </UnitTest>
    <UnitTest name="SOAPCommandRequestHandler_ExecuteFunction_HandleSequencesGetAroundWithSpan_No_Microphone_Security" storage="d:\actions-runner\_work\xpco\xpco\corporate\recordingserver\recorderservice\tst\videoos.recorder.unittests\bin\x64\debug\net472\videoos.recorder.unittests.dll" id="8d119962-db6d-cb0a-c605-9a3de5c65537">
      <Execution id="c2e0d8f9-4f1f-4698-9b60-2062a1944b6a" />
      <TestMethod codeBase="D:\actions-runner\_work\XPCO\XPCO\Corporate\RecordingServer\RecorderService\tst\VideoOS.Recorder.UnitTests\bin\x64\Debug\net472\VideoOS.Recorder.UnitTests.dll" adapterTypeName="executor://mstestadapter/v2" className="VideoOS.Recorder.UnitTests.WebServer.SOAPCommandRequestHandlerTests" name="SOAPCommandRequestHandler_ExecuteFunction_HandleSequencesGetAroundWithSpan_No_Microphone_Security" />
    </UnitTest>
    <UnitTest name="MediaDbConfigurationWriter_WriteDeviceTableConfigurationNoPrebuffer_Cam" storage="d:\actions-runner\_work\xpco\xpco\corporate\recordingserver\recorderservice\tst\videoos.recorder.unittests\bin\x64\debug\net472\videoos.recorder.unittests.dll" id="57a5b186-9c7e-8ac1-b36f-7da3eebca679">
      <Execution id="d7a7768d-b87b-4a00-a580-cb4694e24bee" />
      <TestMethod codeBase="D:\actions-runner\_work\XPCO\XPCO\Corporate\RecordingServer\RecorderService\tst\VideoOS.Recorder.UnitTests\bin\x64\Debug\net472\VideoOS.Recorder.UnitTests.dll" adapterTypeName="executor://mstestadapter/v2" className="VideoOS.Recorder.UnitTests.Database.MediaDbConfigurationWriterUnitTests" name="MediaDbConfigurationWriter_WriteDeviceTableConfigurationNoPrebuffer_Cam" />
    </UnitTest>
    <UnitTest name="GetAbsolutePtzPositionCommandHandler_Constructor_Argument_Exception" storage="d:\actions-runner\_work\xpco\xpco\corporate\recordingserver\recorderservice\tst\videoos.recorder.unittests\bin\x64\debug\net472\videoos.recorder.unittests.dll" id="f5ab79e3-803b-bf2c-0bf1-3e840dcef81b">
      <Execution id="cf41ad6e-7ee1-46b4-9922-4a851441dc31" />
      <TestMethod codeBase="D:\actions-runner\_work\XPCO\XPCO\Corporate\RecordingServer\RecorderService\tst\VideoOS.Recorder.UnitTests\bin\x64\Debug\net472\VideoOS.Recorder.UnitTests.dll" adapterTypeName="executor://mstestadapter/v2" className="VideoOS.Recorder.UnitTests.Command.GetAbsolutePtzPositionCommandHandlerTest" name="GetAbsolutePtzPositionCommandHandler_Constructor_Argument_Exception" />
    </UnitTest>
    <UnitTest name="QueryDeviceEvidenceLockSizesCommandHandler_EvidenceLockNotFound_ErrorResponse" storage="d:\actions-runner\_work\xpco\xpco\corporate\recordingserver\recorderservice\tst\videoos.recorder.unittests\bin\x64\debug\net472\videoos.recorder.unittests.dll" id="574bdbf5-993a-f8a9-1f26-6120b176cc3a">
      <Execution id="feff329a-27ea-4d67-94ee-8480f602a926" />
      <TestMethod codeBase="D:\actions-runner\_work\XPCO\XPCO\Corporate\RecordingServer\RecorderService\tst\VideoOS.Recorder.UnitTests\bin\x64\Debug\net472\VideoOS.Recorder.UnitTests.dll" adapterTypeName="executor://mstestadapter/v2" className="VideoOS.Recorder.UnitTests.Command.QueryDeviceEvidenceLockSizesCommandHandlerTests" name="QueryDeviceEvidenceLockSizesCommandHandler_EvidenceLockNotFound_ErrorResponse" />
    </UnitTest>
    <UnitTest name="ChangeHardwarePasswordCommandHandler_Execute_ChangePassword_ThrowsMemoryException_Throws" storage="d:\actions-runner\_work\xpco\xpco\corporate\recordingserver\recorderservice\tst\videoos.recorder.unittests\bin\x64\debug\net472\videoos.recorder.unittests.dll" id="eb1b6153-5e3a-f9e2-53fa-b64e9e62d863">
      <Execution id="20c5eb47-78a1-45fc-9baf-a5e16d3b0c91" />
      <TestMethod codeBase="D:\actions-runner\_work\XPCO\XPCO\Corporate\RecordingServer\RecorderService\tst\VideoOS.Recorder.UnitTests\bin\x64\Debug\net472\VideoOS.Recorder.UnitTests.dll" adapterTypeName="executor://mstestadapter/v2" className="VideoOS.Recorder.UnitTests.Command.ChangeHardwarePasswordCommandHandlerUnitTests" name="ChangeHardwarePasswordCommandHandler_Execute_ChangePassword_ThrowsMemoryException_Throws" />
    </UnitTest>
    <UnitTest name="ActivateArchiving_PostCommandIsValid_NoContent" storage="d:\actions-runner\_work\xpco\xpco\corporate\recordingserver\recorderservice\tst\videoos.recorder.unittests\bin\x64\debug\net472\videoos.recorder.unittests.dll" id="3733e2ee-3994-7baf-10b1-90fe617c0a63">
      <Execution id="833e612a-80f0-4df9-8476-a9c6992cc939" />
      <TestMethod codeBase="D:\actions-runner\_work\XPCO\XPCO\Corporate\RecordingServer\RecorderService\tst\VideoOS.Recorder.UnitTests\bin\x64\Debug\net472\VideoOS.Recorder.UnitTests.dll" adapterTypeName="executor://mstestadapter/v2" className="VideoOS.Recorder.UnitTests.DatabaseControllerTests" name="ActivateArchiving_PostCommandIsValid_NoContent" />
    </UnitTest>
    <UnitTest name="ResponseController_ErrorResponseNullInput_BadRequestResult" storage="d:\actions-runner\_work\xpco\xpco\corporate\recordingserver\recorderservice\tst\videoos.recorder.unittests\bin\x64\debug\net472\videoos.recorder.unittests.dll" id="eff3c6d5-40b9-e2ff-1d79-e411426c2b2a">
      <Execution id="7ad704e9-3287-47b0-9202-3e6accc9fcbe" />
      <TestMethod codeBase="D:\actions-runner\_work\XPCO\XPCO\Corporate\RecordingServer\RecorderService\tst\VideoOS.Recorder.UnitTests\bin\x64\Debug\net472\VideoOS.Recorder.UnitTests.dll" adapterTypeName="executor://mstestadapter/v2" className="VideoOS.Recorder.UnitTests.ResponseControllerTests" name="ResponseController_ErrorResponseNullInput_BadRequestResult" />
    </UnitTest>
    <UnitTest name="AddHardwareUserCommandHandler_Execute_AddUser_ThrowsUserHandlingUserAlreadyExists_Errors" storage="d:\actions-runner\_work\xpco\xpco\corporate\recordingserver\recorderservice\tst\videoos.recorder.unittests\bin\x64\debug\net472\videoos.recorder.unittests.dll" id="770e90b7-a1f5-dcae-3e11-3f5f01dbab34">
      <Execution id="fb23cece-88a6-4b66-a05a-ce1b649a3460" />
      <TestMethod codeBase="D:\actions-runner\_work\XPCO\XPCO\Corporate\RecordingServer\RecorderService\tst\VideoOS.Recorder.UnitTests\bin\x64\Debug\net472\VideoOS.Recorder.UnitTests.dll" adapterTypeName="executor://mstestadapter/v2" className="VideoOS.Recorder.UnitTests.Command.AddHardwareUserCommandHandlerRecorderUnitTests" name="AddHardwareUserCommandHandler_Execute_AddUser_ThrowsUserHandlingUserAlreadyExists_Errors" />
    </UnitTest>
    <UnitTest name="CallLinkedDeviceStartedMethodCameraNotRecording" storage="d:\actions-runner\_work\xpco\xpco\corporate\recordingserver\recorderservice\tst\videoos.recorder.unittests\bin\x64\debug\net472\videoos.recorder.unittests.dll" id="fdcce838-d7d2-f8af-e608-91b54f5cd1aa">
      <TestCategory>
        <TestCategoryItem TestCategory="ObjectModel.Device.RelatedDeviceHandler" />
      </TestCategory>
      <Execution id="0389dd05-c4c2-4ca9-b0e0-7a980ec87fba" />
      <TestMethod codeBase="D:\actions-runner\_work\XPCO\XPCO\Corporate\RecordingServer\RecorderService\tst\VideoOS.Recorder.UnitTests\bin\x64\Debug\net472\VideoOS.Recorder.UnitTests.dll" adapterTypeName="executor://mstestadapter/v2" className="VideoOS.Recorder.UnitTests.ObjectModel.RelatedDeviceHandlerTest" name="CallLinkedDeviceStartedMethodCameraNotRecording" />
    </UnitTest>
    <UnitTest name="SetConfigRecordRelatedWhileRecordingCamera" storage="d:\actions-runner\_work\xpco\xpco\corporate\recordingserver\recorderservice\tst\videoos.recorder.unittests\bin\x64\debug\net472\videoos.recorder.unittests.dll" id="f74556d0-5411-c6c3-6583-91ccf0b8d5b8">
      <TestCategory>
        <TestCategoryItem TestCategory="ObjectModel.Device.RelatedDeviceHandler" />
      </TestCategory>
      <Execution id="baa3fae0-6e1b-4788-ad78-edfa7d9eb780" />
      <TestMethod codeBase="D:\actions-runner\_work\XPCO\XPCO\Corporate\RecordingServer\RecorderService\tst\VideoOS.Recorder.UnitTests\bin\x64\Debug\net472\VideoOS.Recorder.UnitTests.dll" adapterTypeName="executor://mstestadapter/v2" className="VideoOS.Recorder.UnitTests.ObjectModel.RelatedDeviceHandlerTest" name="SetConfigRecordRelatedWhileRecordingCamera" />
    </UnitTest>
    <UnitTest name="YieldsTheSameResultSlow" storage="d:\actions-runner\_work\xpco\xpco\corporate\recordingserver\recorderservice\tst\videoos.recorder.unittests\bin\x64\debug\net472\videoos.recorder.unittests.dll" id="cc562d4c-f488-fdcb-813b-048d832aad4a">
      <Execution id="a27507dc-7041-4653-9a05-1d7032cb2c0b" />
      <TestMethod codeBase="D:\actions-runner\_work\XPCO\XPCO\Corporate\RecordingServer\RecorderService\tst\VideoOS.Recorder.UnitTests\bin\x64\Debug\net472\VideoOS.Recorder.UnitTests.dll" adapterTypeName="executor://mstestadapter/v2" className="VideoOS.Recorder.UnitTests.Utility.DeferredEnumerableTests" name="YieldsTheSameResultSlow" />
    </UnitTest>
    <UnitTest name="PtzPatrollingSessionBase_Start_Camera_Not_Started" storage="d:\actions-runner\_work\xpco\xpco\corporate\recordingserver\recorderservice\tst\videoos.recorder.unittests\bin\x64\debug\net472\videoos.recorder.unittests.dll" id="7226124f-dd09-d43a-b76d-b1f3200e03b8">
      <Execution id="298892c3-7dcd-4aa2-a5e6-182f3119cfa1" />
      <TestMethod codeBase="D:\actions-runner\_work\XPCO\XPCO\Corporate\RecordingServer\RecorderService\tst\VideoOS.Recorder.UnitTests\bin\x64\Debug\net472\VideoOS.Recorder.UnitTests.dll" adapterTypeName="executor://mstestadapter/v2" className="VideoOS.Recorder.UnitTests.Command.PtzSessionsTests" name="PtzPatrollingSessionBase_Start_Camera_Not_Started" />
    </UnitTest>
    <UnitTest name="GetSettingAsIPAddress_Success" storage="d:\actions-runner\_work\xpco\xpco\corporate\recordingserver\recorderservice\tst\videoos.recorder.unittests\bin\x64\debug\net472\videoos.recorder.unittests.dll" id="0a517831-35b5-973d-94ef-361826655cfd">
      <Execution id="5d1756cb-d162-479f-b180-7e312ef958e0" />
      <TestMethod codeBase="D:\actions-runner\_work\XPCO\XPCO\Corporate\RecordingServer\RecorderService\tst\VideoOS.Recorder.UnitTests\bin\x64\Debug\net472\VideoOS.Recorder.UnitTests.dll" adapterTypeName="executor://mstestadapter/v2" className="VideoOS.Recorder.UnitTests.Multicast.MulticastSettingsExtensionsUnitTests" name="GetSettingAsIPAddress_Success" />
    </UnitTest>
    <UnitTest name="ReadMessageHeaders_ImageServer_RequestTooLarge" storage="d:\actions-runner\_work\xpco\xpco\corporate\recordingserver\recorderservice\tst\videoos.recorder.unittests\bin\x64\debug\net472\videoos.recorder.unittests.dll" id="b5d4a09a-8d55-dd83-ee22-44db42c592da">
      <Execution id="e7ebb3cb-6a58-495a-9314-8a974a21b987" />
      <TestMethod codeBase="D:\actions-runner\_work\XPCO\XPCO\Corporate\RecordingServer\RecorderService\tst\VideoOS.Recorder.UnitTests\bin\x64\Debug\net472\VideoOS.Recorder.UnitTests.dll" adapterTypeName="executor://mstestadapter/v2" className="VideoOS.Recorder.UnitTests.WebServer.WebRequestReaderUnitTests" name="ReadMessageHeaders_ImageServer_RequestTooLarge" />
    </UnitTest>
    <UnitTest name="ConnectSuccess_Browse_NoMedia" storage="d:\actions-runner\_work\xpco\xpco\corporate\recordingserver\recorderservice\tst\videoos.recorder.unittests\bin\x64\debug\net472\videoos.recorder.unittests.dll" id="eb1c41cd-9a93-cbc5-e6b6-6422a22e8228">
      <Execution id="506d72e0-4d8b-4732-a82b-170423e939fb" />
      <TestMethod codeBase="D:\actions-runner\_work\XPCO\XPCO\Corporate\RecordingServer\RecorderService\tst\VideoOS.Recorder.UnitTests\bin\x64\Debug\net472\VideoOS.Recorder.UnitTests.dll" adapterTypeName="executor://mstestadapter/v2" className="VideoOS.Recorder.UnitTests.WebServer.ImageServerRequestHandlerTests" name="ConnectSuccess_Browse_NoMedia" />
    </UnitTest>
    <UnitTest name="SOAPCommandRequestHandler_ExecuteFunction_HandleSmartSearchStart_NoSearchMaskSizeHeight" storage="d:\actions-runner\_work\xpco\xpco\corporate\recordingserver\recorderservice\tst\videoos.recorder.unittests\bin\x64\debug\net472\videoos.recorder.unittests.dll" id="caf07dda-c82a-a2ab-15ae-7948fd8f2eac">
      <Execution id="a55eb924-9c27-4fba-83c8-1399a9bedff5" />
      <TestMethod codeBase="D:\actions-runner\_work\XPCO\XPCO\Corporate\RecordingServer\RecorderService\tst\VideoOS.Recorder.UnitTests\bin\x64\Debug\net472\VideoOS.Recorder.UnitTests.dll" adapterTypeName="executor://mstestadapter/v2" className="VideoOS.Recorder.UnitTests.WebServer.SOAPCommandRequestHandlerTests" name="SOAPCommandRequestHandler_ExecuteFunction_HandleSmartSearchStart_NoSearchMaskSizeHeight" />
    </UnitTest>
    <UnitTest name="SOAPCommandRequestHandler_ExecuteFunction_HandlePTZCenter_NoDeviceId" storage="d:\actions-runner\_work\xpco\xpco\corporate\recordingserver\recorderservice\tst\videoos.recorder.unittests\bin\x64\debug\net472\videoos.recorder.unittests.dll" id="7542de4e-8d44-a2f9-c6b6-030dc0d2df7a">
      <Execution id="2b2d7e02-c566-48cc-ba6a-f90108859011" />
      <TestMethod codeBase="D:\actions-runner\_work\XPCO\XPCO\Corporate\RecordingServer\RecorderService\tst\VideoOS.Recorder.UnitTests\bin\x64\Debug\net472\VideoOS.Recorder.UnitTests.dll" adapterTypeName="executor://mstestadapter/v2" className="VideoOS.Recorder.UnitTests.WebServer.SOAPCommandRequestHandlerTests" name="SOAPCommandRequestHandler_ExecuteFunction_HandlePTZCenter_NoDeviceId" />
    </UnitTest>
    <UnitTest name="SetRecordingOnOffCameraOneLink" storage="d:\actions-runner\_work\xpco\xpco\corporate\recordingserver\recorderservice\tst\videoos.recorder.unittests\bin\x64\debug\net472\videoos.recorder.unittests.dll" id="9337bcc5-81b9-8228-a77c-c5ba3389419b">
      <TestCategory>
        <TestCategoryItem TestCategory="ObjectModel.Device.RelatedDeviceHandler" />
      </TestCategory>
      <Execution id="1e598ef8-6812-44ee-aa47-d6007ebe9759" />
      <TestMethod codeBase="D:\actions-runner\_work\XPCO\XPCO\Corporate\RecordingServer\RecorderService\tst\VideoOS.Recorder.UnitTests\bin\x64\Debug\net472\VideoOS.Recorder.UnitTests.dll" adapterTypeName="executor://mstestadapter/v2" className="VideoOS.Recorder.UnitTests.ObjectModel.RelatedDeviceHandlerTest" name="SetRecordingOnOffCameraOneLink" />
    </UnitTest>
    <UnitTest name="SynchronizeDevicePresetsCommandHandler_Execute_DeviceNotStarted" storage="d:\actions-runner\_work\xpco\xpco\corporate\recordingserver\recorderservice\tst\videoos.recorder.unittests\bin\x64\debug\net472\videoos.recorder.unittests.dll" id="14810dc1-3e47-4c5b-f703-d7718498368d">
      <Execution id="a6594bce-6a28-423e-9bc4-e8c5823bf6f1" />
      <TestMethod codeBase="D:\actions-runner\_work\XPCO\XPCO\Corporate\RecordingServer\RecorderService\tst\VideoOS.Recorder.UnitTests\bin\x64\Debug\net472\VideoOS.Recorder.UnitTests.dll" adapterTypeName="executor://mstestadapter/v2" className="VideoOS.Recorder.UnitTests.Command.SynchronizeDevicePresetsCommandHandlerUnitTests" name="SynchronizeDevicePresetsCommandHandler_Execute_DeviceNotStarted" />
    </UnitTest>
    <UnitTest name="PtzManagerDataHolder_GetPtzDevice_No_Device" storage="d:\actions-runner\_work\xpco\xpco\corporate\recordingserver\recorderservice\tst\videoos.recorder.unittests\bin\x64\debug\net472\videoos.recorder.unittests.dll" id="99d05a64-eea6-24d1-334b-953a675eddcb">
      <Execution id="efc76200-afa1-4a9f-9e2b-4c415c10a5d5" />
      <TestMethod codeBase="D:\actions-runner\_work\XPCO\XPCO\Corporate\RecordingServer\RecorderService\tst\VideoOS.Recorder.UnitTests\bin\x64\Debug\net472\VideoOS.Recorder.UnitTests.dll" adapterTypeName="executor://mstestadapter/v2" className="VideoOS.Recorder.UnitTests.Command.PtzManagerDataHolderTest" name="PtzManagerDataHolder_GetPtzDevice_No_Device" />
    </UnitTest>
    <UnitTest name="Transform_To_Non_Existing_Version" storage="d:\actions-runner\_work\xpco\xpco\corporate\recordingserver\recorderservice\tst\videoos.recorder.unittests\bin\x64\debug\net472\videoos.recorder.unittests.dll" id="03fbd361-21dd-8b35-c21d-93999af074c1">
      <Execution id="23f8e3c8-4d7d-4084-9935-d526a1be0aa5" />
      <TestMethod codeBase="D:\actions-runner\_work\XPCO\XPCO\Corporate\RecordingServer\RecorderService\tst\VideoOS.Recorder.UnitTests\bin\x64\Debug\net472\VideoOS.Recorder.UnitTests.dll" adapterTypeName="executor://mstestadapter/v2" className="VideoOS.Recorder.UnitTests.WebServer.PrivacyMaskTransportConverterUnitTests" name="Transform_To_Non_Existing_Version" />
    </UnitTest>
    <UnitTest name="PtzManagerDataHolder_AddSchema_Success" storage="d:\actions-runner\_work\xpco\xpco\corporate\recordingserver\recorderservice\tst\videoos.recorder.unittests\bin\x64\debug\net472\videoos.recorder.unittests.dll" id="02863a6f-42b8-83c4-3b50-aaaf31ebb295">
      <Execution id="0756ea6b-10fc-4365-866b-0ee60cd462a4" />
      <TestMethod codeBase="D:\actions-runner\_work\XPCO\XPCO\Corporate\RecordingServer\RecorderService\tst\VideoOS.Recorder.UnitTests\bin\x64\Debug\net472\VideoOS.Recorder.UnitTests.dll" adapterTypeName="executor://mstestadapter/v2" className="VideoOS.Recorder.UnitTests.Command.PtzManagerDataHolderTest" name="PtzManagerDataHolder_AddSchema_Success" />
    </UnitTest>
    <UnitTest name="TimeRangeConversionStartTimeAfterEndTime" storage="d:\actions-runner\_work\xpco\xpco\corporate\recordingserver\recorderservice\tst\videoos.recorder.unittests\bin\x64\debug\net472\videoos.recorder.unittests.dll" id="428ca194-877b-58c2-1d15-059150b3e8bd">
      <TestCategory>
        <TestCategoryItem TestCategory="TimeRangeConversion" />
      </TestCategory>
      <Execution id="826a2edd-2dc4-4840-a9bf-3017b6c581ae" />
      <TestMethod codeBase="D:\actions-runner\_work\XPCO\XPCO\Corporate\RecordingServer\RecorderService\tst\VideoOS.Recorder.UnitTests\bin\x64\Debug\net472\VideoOS.Recorder.UnitTests.dll" adapterTypeName="executor://mstestadapter/v2" className="VideoOS.Recorder.UnitTests.TimeRangeConversionTests.TimeRangeConversionTests" name="TimeRangeConversionStartTimeAfterEndTime" />
    </UnitTest>
    <UnitTest name="TestStatistics20SecLast10SecUsed" storage="d:\actions-runner\_work\xpco\xpco\corporate\recordingserver\recorderservice\tst\videoos.recorder.unittests\bin\x64\debug\net472\videoos.recorder.unittests.dll" id="d340d675-637b-e4f2-8693-174aad068536">
      <TestCategory>
        <TestCategoryItem TestCategory="ObjectModel.PipelineStatistics" />
      </TestCategory>
      <Execution id="4454b877-c405-4bc9-bed5-65357132c4f2" />
      <TestMethod codeBase="D:\actions-runner\_work\XPCO\XPCO\Corporate\RecordingServer\RecorderService\tst\VideoOS.Recorder.UnitTests\bin\x64\Debug\net472\VideoOS.Recorder.UnitTests.dll" adapterTypeName="executor://mstestadapter/v2" className="VideoOS.Recorder.UnitTests.ObjectModel.Processors.PipelineStatisticsTest" name="TestStatistics20SecLast10SecUsed" />
    </UnitTest>
    <UnitTest name="RecorderAccessTokenHandler_PopulateAuthorizationHeaderAsync_AccessTokenException" storage="d:\actions-runner\_work\xpco\xpco\corporate\recordingserver\recorderservice\tst\videoos.recorder.unittests\bin\x64\debug\net472\videoos.recorder.unittests.dll" id="9b299d22-ca60-cce0-4e1f-29a17d2b8ee7">
      <Execution id="c669f59a-2417-4ef7-ae8f-9d7789fdfb2a" />
      <TestMethod codeBase="D:\actions-runner\_work\XPCO\XPCO\Corporate\RecordingServer\RecorderService\tst\VideoOS.Recorder.UnitTests\bin\x64\Debug\net472\VideoOS.Recorder.UnitTests.dll" adapterTypeName="executor://mstestadapter/v2" className="VideoOS.Recorder.UnitTests.ServerCommunication.RecorderAccessTokenHandlerTests" name="RecorderAccessTokenHandler_PopulateAuthorizationHeaderAsync_AccessTokenException" />
    </UnitTest>
    <UnitTest name="SearchingForwardNoOverlapsThorrow" storage="d:\actions-runner\_work\xpco\xpco\corporate\recordingserver\recorderservice\tst\videoos.recorder.unittests\bin\x64\debug\net472\videoos.recorder.unittests.dll" id="7db2cd71-ae38-529c-5001-03a47304d2fc">
      <Execution id="92ab35c1-3f53-42a1-8de0-5bc275971b23" />
      <TestMethod codeBase="D:\actions-runner\_work\XPCO\XPCO\Corporate\RecordingServer\RecorderService\tst\VideoOS.Recorder.UnitTests\bin\x64\Debug\net472\VideoOS.Recorder.UnitTests.dll" adapterTypeName="executor://mstestadapter/v2" className="VideoOS.Recorder.UnitTests.ObjectModel.RestrictedMediaHandlerTest" name="SearchingForwardNoOverlapsThorrow" />
    </UnitTest>
    <UnitTest name="SOAPCommandRequestHandler_ExecuteFunction_HandlePTZActivatePatrollingSchema_No_Security" storage="d:\actions-runner\_work\xpco\xpco\corporate\recordingserver\recorderservice\tst\videoos.recorder.unittests\bin\x64\debug\net472\videoos.recorder.unittests.dll" id="6ad67f90-4e09-b699-2caa-16df9b28a0e0">
      <Execution id="5c92b296-38c4-4092-a48e-fc43aa3f6bdf" />
      <TestMethod codeBase="D:\actions-runner\_work\XPCO\XPCO\Corporate\RecordingServer\RecorderService\tst\VideoOS.Recorder.UnitTests\bin\x64\Debug\net472\VideoOS.Recorder.UnitTests.dll" adapterTypeName="executor://mstestadapter/v2" className="VideoOS.Recorder.UnitTests.WebServer.SOAPCommandRequestHandlerTests" name="SOAPCommandRequestHandler_ExecuteFunction_HandlePTZActivatePatrollingSchema_No_Security" />
    </UnitTest>
    <UnitTest name="SOAPCommandRequestHandler_ExecuteFunction_HandleSequencesGetAround_NoDeviceId" storage="d:\actions-runner\_work\xpco\xpco\corporate\recordingserver\recorderservice\tst\videoos.recorder.unittests\bin\x64\debug\net472\videoos.recorder.unittests.dll" id="a6094747-bd2e-c88f-ef68-c7f43648c75c">
      <Execution id="2f336188-7d0b-4a0c-ad3f-6f7e7af9fb28" />
      <TestMethod codeBase="D:\actions-runner\_work\XPCO\XPCO\Corporate\RecordingServer\RecorderService\tst\VideoOS.Recorder.UnitTests\bin\x64\Debug\net472\VideoOS.Recorder.UnitTests.dll" adapterTypeName="executor://mstestadapter/v2" className="VideoOS.Recorder.UnitTests.WebServer.SOAPCommandRequestHandlerTests" name="SOAPCommandRequestHandler_ExecuteFunction_HandleSequencesGetAround_NoDeviceId" />
    </UnitTest>
    <UnitTest name="PtzManualSession_Constructor_ArgumentNullException" storage="d:\actions-runner\_work\xpco\xpco\corporate\recordingserver\recorderservice\tst\videoos.recorder.unittests\bin\x64\debug\net472\videoos.recorder.unittests.dll" id="3cee368f-183c-fbf3-e826-ddde295875d1">
      <Execution id="2a9f9b60-331d-415b-817c-abfd333742e7" />
      <TestMethod codeBase="D:\actions-runner\_work\XPCO\XPCO\Corporate\RecordingServer\RecorderService\tst\VideoOS.Recorder.UnitTests\bin\x64\Debug\net472\VideoOS.Recorder.UnitTests.dll" adapterTypeName="executor://mstestadapter/v2" className="VideoOS.Recorder.UnitTests.Command.PtzSessionsTests" name="PtzManualSession_Constructor_ArgumentNullException" />
    </UnitTest>
    <UnitTest name="CheckForLiveAndOrphanTables_CreateMissingTable" storage="d:\actions-runner\_work\xpco\xpco\corporate\recordingserver\recorderservice\tst\videoos.recorder.unittests\bin\x64\debug\net472\videoos.recorder.unittests.dll" id="b45094a2-1a27-9c40-2145-2594e3d53bf7">
      <Execution id="b7bf7b48-e861-4b3d-9aeb-86c9af821539" />
      <TestMethod codeBase="D:\actions-runner\_work\XPCO\XPCO\Corporate\RecordingServer\RecorderService\tst\VideoOS.Recorder.UnitTests\bin\x64\Debug\net472\VideoOS.Recorder.UnitTests.dll" adapterTypeName="executor://mstestadapter/v2" className="VideoOS.Recorder.UnitTests.ObjectModel.MediaDbManagerUnitTests" name="CheckForLiveAndOrphanTables_CreateMissingTable" />
    </UnitTest>
    <UnitTest name="SendUpdateHardwareDriverCommandAsync_ConnectedAndIncompatible_ShouldThrowAnException" storage="d:\actions-runner\_work\xpco\xpco\corporate\recordingserver\recorderservice\tst\videoos.recorder.unittests\bin\x64\debug\net472\videoos.recorder.unittests.dll" id="3149481f-7dc8-faae-4c4e-8462de35554d">
      <Execution id="b503cfd0-3a06-47cd-a4f0-ab40bf0ed551" />
      <TestMethod codeBase="D:\actions-runner\_work\XPCO\XPCO\Corporate\RecordingServer\RecorderService\tst\VideoOS.Recorder.UnitTests\bin\x64\Debug\net472\VideoOS.Recorder.UnitTests.dll" adapterTypeName="executor://mstestadapter/v2" className="VideoOS.Recorder.UnitTests.CommManagerWebApiTests" name="SendUpdateHardwareDriverCommandAsync_ConnectedAndIncompatible_ShouldThrowAnException" />
    </UnitTest>
    <UnitTest name="LicenseManager_CheckHardwareLicensed_unlicensed_unlicensedAfterExpiryDateNoReplacementToken" storage="d:\actions-runner\_work\xpco\xpco\corporate\recordingserver\recorderservice\tst\videoos.recorder.unittests\bin\x64\debug\net472\videoos.recorder.unittests.dll" id="d71aa290-e625-3826-d729-64a4bfe69f41">
      <TestCategory>
        <TestCategoryItem TestCategory="Licensing" />
      </TestCategory>
      <Execution id="c1cf70b7-296f-4ae8-a14d-82bae29738dd" />
      <TestMethod codeBase="D:\actions-runner\_work\XPCO\XPCO\Corporate\RecordingServer\RecorderService\tst\VideoOS.Recorder.UnitTests\bin\x64\Debug\net472\VideoOS.Recorder.UnitTests.dll" adapterTypeName="executor://mstestadapter/v2" className="VideoOS.Recorder.UnitTests.Licensing.LicenseManagerUnitTests" name="LicenseManager_CheckHardwareLicensed_unlicensed_unlicensedAfterExpiryDateNoReplacementToken" />
    </UnitTest>
    <UnitTest name="SetupInitialHardwareUserCommandHandler_Execute_WithSecurePort_Success" storage="d:\actions-runner\_work\xpco\xpco\corporate\recordingserver\recorderservice\tst\videoos.recorder.unittests\bin\x64\debug\net472\videoos.recorder.unittests.dll" id="5ae442bb-f5c7-72e4-8da6-14434c62f47b">
      <Execution id="0f5e4c52-0304-4a90-8764-7d88a2816abc" />
      <TestMethod codeBase="D:\actions-runner\_work\XPCO\XPCO\Corporate\RecordingServer\RecorderService\tst\VideoOS.Recorder.UnitTests\bin\x64\Debug\net472\VideoOS.Recorder.UnitTests.dll" adapterTypeName="executor://mstestadapter/v2" className="VideoOS.Recorder.UnitTests.Command.SetupInitialHardwareUserCommandHandlerUnitTests" name="SetupInitialHardwareUserCommandHandler_Execute_WithSecurePort_Success" />
    </UnitTest>
    <UnitTest name="StartTimer_StartsInternalTimer_WithPropperValues" storage="d:\actions-runner\_work\xpco\xpco\corporate\recordingserver\recorderservice\tst\videoos.recorder.unittests\bin\x64\debug\net472\videoos.recorder.unittests.dll" id="a5ed42a3-3fc9-e346-cc3c-ebc90271ee9f">
      <TestCategory>
        <TestCategoryItem TestCategory="RecorderStatus" />
      </TestCategory>
      <Execution id="7acb2e72-178c-46d1-97c8-f6fba24955aa" />
      <TestMethod codeBase="D:\actions-runner\_work\XPCO\XPCO\Corporate\RecordingServer\RecorderService\tst\VideoOS.Recorder.UnitTests\bin\x64\Debug\net472\VideoOS.Recorder.UnitTests.dll" adapterTypeName="executor://mstestadapter/v2" className="VideoOS.Recorder.UnitTests.RecorderStatusTests" name="StartTimer_StartsInternalTimer_WithPropperValues" />
    </UnitTest>
    <UnitTest name="CollectMediaStatusCommandHandler_FindTrackStaus_Media_Present" storage="d:\actions-runner\_work\xpco\xpco\corporate\recordingserver\recorderservice\tst\videoos.recorder.unittests\bin\x64\debug\net472\videoos.recorder.unittests.dll" id="5aa20bdb-510a-5a49-ef69-9a4f88c0b4d3">
      <Execution id="724b8e60-87a3-4962-b815-898f76434503" />
      <TestMethod codeBase="D:\actions-runner\_work\XPCO\XPCO\Corporate\RecordingServer\RecorderService\tst\VideoOS.Recorder.UnitTests\bin\x64\Debug\net472\VideoOS.Recorder.UnitTests.dll" adapterTypeName="executor://mstestadapter/v2" className="VideoOS.Recorder.UnitTests.Command.CollectMediaStatusCommandHandlerTests" name="CollectMediaStatusCommandHandler_FindTrackStaus_Media_Present" />
    </UnitTest>
    <UnitTest name="ConnectSuccess_Begin" storage="d:\actions-runner\_work\xpco\xpco\corporate\recordingserver\recorderservice\tst\videoos.recorder.unittests\bin\x64\debug\net472\videoos.recorder.unittests.dll" id="52ee971d-7a47-9988-eb76-4c3b72649c24">
      <Execution id="51077396-4425-42d4-b892-50faeae33960" />
      <TestMethod codeBase="D:\actions-runner\_work\XPCO\XPCO\Corporate\RecordingServer\RecorderService\tst\VideoOS.Recorder.UnitTests\bin\x64\Debug\net472\VideoOS.Recorder.UnitTests.dll" adapterTypeName="executor://mstestadapter/v2" className="VideoOS.Recorder.UnitTests.WebServer.ImageServerRequestHandlerTests" name="ConnectSuccess_Begin" />
    </UnitTest>
    <UnitTest name="MediaDbUtil_MultitrackNavigation_Scenario11" storage="d:\actions-runner\_work\xpco\xpco\corporate\recordingserver\recorderservice\tst\videoos.recorder.unittests\bin\x64\debug\net472\videoos.recorder.unittests.dll" id="ba8a1963-a8aa-87ab-8cf5-8039aaa8b1ec">
      <Execution id="91e3c722-72f5-4070-9236-e93b6728d444" />
      <TestMethod codeBase="D:\actions-runner\_work\XPCO\XPCO\Corporate\RecordingServer\RecorderService\tst\VideoOS.Recorder.UnitTests\bin\x64\Debug\net472\VideoOS.Recorder.UnitTests.dll" adapterTypeName="executor://mstestadapter/v2" className="VideoOS.Recorder.UnitTests.WebServer.MediaDbUtilUnitTests" name="MediaDbUtil_MultitrackNavigation_Scenario11" />
    </UnitTest>
    <UnitTest name="FullStatusAlgorithm_EvaluateFullStatusRequired_NoKeepAlive_Success" storage="d:\actions-runner\_work\xpco\xpco\corporate\recordingserver\recorderservice\tst\videoos.recorder.unittests\bin\x64\debug\net472\videoos.recorder.unittests.dll" id="cdb445e5-ab59-b045-c3a9-f1d286cd8378">
      <Execution id="dd55c10e-e3d6-4e60-b81f-d62556ff7b4a" />
      <TestMethod codeBase="D:\actions-runner\_work\XPCO\XPCO\Corporate\RecordingServer\RecorderService\tst\VideoOS.Recorder.UnitTests\bin\x64\Debug\net472\VideoOS.Recorder.UnitTests.dll" adapterTypeName="executor://mstestadapter/v2" className="VideoOS.Recorder.UnitTests.Multicast.FullStatusAlgorithmUnitTests" name="FullStatusAlgorithm_EvaluateFullStatusRequired_NoKeepAlive_Success" />
    </UnitTest>
    <UnitTest name="CheckDeleteDeviceMediaCommandHandler_LocalConfigG1_MediaDbG1G2G3G4_ExistedTracksG1_CreateLocalArchiveThrows" storage="d:\actions-runner\_work\xpco\xpco\corporate\recordingserver\recorderservice\tst\videoos.recorder.unittests\bin\x64\debug\net472\videoos.recorder.unittests.dll" id="ece90ebb-0fb7-8dce-2054-59d3bab2ee05">
      <Execution id="767c1845-f7fc-40f2-8d5b-bb0cfae78b93" />
      <TestMethod codeBase="D:\actions-runner\_work\XPCO\XPCO\Corporate\RecordingServer\RecorderService\tst\VideoOS.Recorder.UnitTests\bin\x64\Debug\net472\VideoOS.Recorder.UnitTests.dll" adapterTypeName="executor://mstestadapter/v2" className="VideoOS.Recorder.UnitTests.Command.CheckDeleteDeviceMediaCommandHandlerTests" name="CheckDeleteDeviceMediaCommandHandler_LocalConfigG1_MediaDbG1G2G3G4_ExistedTracksG1_CreateLocalArchiveThrows" />
    </UnitTest>
    <UnitTest name="Start_EstablishesConnection_ReturnsAttachStateAttached" storage="d:\actions-runner\_work\xpco\xpco\corporate\recordingserver\recorderservice\tst\videoos.recorder.unittests\bin\x64\debug\net472\videoos.recorder.unittests.dll" id="cc88493d-338f-1106-ac48-ab181894dc27">
      <Execution id="350cc1fa-d3f7-4e6a-8b75-58ba7187152e" />
      <TestMethod codeBase="D:\actions-runner\_work\XPCO\XPCO\Corporate\RecordingServer\RecorderService\tst\VideoOS.Recorder.UnitTests\bin\x64\Debug\net472\VideoOS.Recorder.UnitTests.dll" adapterTypeName="executor://mstestadapter/v2" className="VideoOS.Recorder.UnitTests.CommManagerWebApiTests" name="Start_EstablishesConnection_ReturnsAttachStateAttached" />
    </UnitTest>
    <UnitTest name="SynchronizeDevicePresetsCommandHandler_Execute_QueryPresetsFromDevice_Throws_DeviceCommunicationException" storage="d:\actions-runner\_work\xpco\xpco\corporate\recordingserver\recorderservice\tst\videoos.recorder.unittests\bin\x64\debug\net472\videoos.recorder.unittests.dll" id="12eba2f8-40c7-c6a3-279f-510ff103cd38">
      <Execution id="d4cade2b-e433-4d6d-8840-dbec1f595ed4" />
      <TestMethod codeBase="D:\actions-runner\_work\XPCO\XPCO\Corporate\RecordingServer\RecorderService\tst\VideoOS.Recorder.UnitTests\bin\x64\Debug\net472\VideoOS.Recorder.UnitTests.dll" adapterTypeName="executor://mstestadapter/v2" className="VideoOS.Recorder.UnitTests.Command.SynchronizeDevicePresetsCommandHandlerUnitTests" name="SynchronizeDevicePresetsCommandHandler_Execute_QueryPresetsFromDevice_Throws_DeviceCommunicationException" />
    </UnitTest>
    <UnitTest name="SOAPCommandRequestHandler_ExecuteFunction_HandleStopManualRecording_Success" storage="d:\actions-runner\_work\xpco\xpco\corporate\recordingserver\recorderservice\tst\videoos.recorder.unittests\bin\x64\debug\net472\videoos.recorder.unittests.dll" id="f55f56e8-4ed9-047c-5b59-43baeffc38f2">
      <Execution id="2c1f228d-0e53-4a03-98a8-467097437a3f" />
      <TestMethod codeBase="D:\actions-runner\_work\XPCO\XPCO\Corporate\RecordingServer\RecorderService\tst\VideoOS.Recorder.UnitTests\bin\x64\Debug\net472\VideoOS.Recorder.UnitTests.dll" adapterTypeName="executor://mstestadapter/v2" className="VideoOS.Recorder.UnitTests.WebServer.SOAPCommandRequestHandlerTests" name="SOAPCommandRequestHandler_ExecuteFunction_HandleStopManualRecording_Success" />
    </UnitTest>
    <UnitTest name="TimeRangeConversion3RangesInsideUnsorted" storage="d:\actions-runner\_work\xpco\xpco\corporate\recordingserver\recorderservice\tst\videoos.recorder.unittests\bin\x64\debug\net472\videoos.recorder.unittests.dll" id="4c381978-12d5-0e6f-00d2-6b440f9dc78e">
      <TestCategory>
        <TestCategoryItem TestCategory="TimeRangeConversion" />
      </TestCategory>
      <Execution id="57c04990-4657-4dd1-8cb6-0f412c46c66f" />
      <TestMethod codeBase="D:\actions-runner\_work\XPCO\XPCO\Corporate\RecordingServer\RecorderService\tst\VideoOS.Recorder.UnitTests\bin\x64\Debug\net472\VideoOS.Recorder.UnitTests.dll" adapterTypeName="executor://mstestadapter/v2" className="VideoOS.Recorder.UnitTests.TimeRangeConversionTests.TimeRangeConversionTests" name="TimeRangeConversion3RangesInsideUnsorted" />
    </UnitTest>
    <UnitTest name="DatabaseoperationCommandhandler_FilterTrackIdsToThoseWithoutMediaOnRecorder_AreAllBanksOnline_Returns_false_Causes_DataExists" storage="d:\actions-runner\_work\xpco\xpco\corporate\recordingserver\recorderservice\tst\videoos.recorder.unittests\bin\x64\debug\net472\videoos.recorder.unittests.dll" id="906e773e-aa31-137e-96c8-c0ec32561d84">
      <Execution id="0ae8bbdc-b3ee-4f59-9252-c5a5e2671e3a" />
      <TestMethod codeBase="D:\actions-runner\_work\XPCO\XPCO\Corporate\RecordingServer\RecorderService\tst\VideoOS.Recorder.UnitTests\bin\x64\Debug\net472\VideoOS.Recorder.UnitTests.dll" adapterTypeName="executor://mstestadapter/v2" className="VideoOS.Recorder.UnitTests.Command.DatabaseOperationCommandHandlerUnitTests" name="DatabaseoperationCommandhandler_FilterTrackIdsToThoseWithoutMediaOnRecorder_AreAllBanksOnline_Returns_false_Causes_DataExists" />
    </UnitTest>
    <UnitTest name="RecStorage_Startup_NotAllowStart_NotKeepFailing_Ok" storage="d:\actions-runner\_work\xpco\xpco\corporate\recordingserver\recorderservice\tst\videoos.recorder.unittests\bin\x64\debug\net472\videoos.recorder.unittests.dll" id="2882027e-041e-a679-2d37-4dcacb6db3a2">
      <Execution id="a84f2add-e3d1-4ef6-b0f8-c5351e1b7487" />
      <TestMethod codeBase="D:\actions-runner\_work\XPCO\XPCO\Corporate\RecordingServer\RecorderService\tst\VideoOS.Recorder.UnitTests\bin\x64\Debug\net472\VideoOS.Recorder.UnitTests.dll" adapterTypeName="executor://mstestadapter/v2" className="VideoOS.Recorder.UnitTests.ObjectModel.MediaDbManagerUnitTests" name="RecStorage_Startup_NotAllowStart_NotKeepFailing_Ok" />
    </UnitTest>
    <UnitTest name="SOAPCommandRequestHandler_ExecuteFunction_HandleSequencesGet_No_Microphone_Security" storage="d:\actions-runner\_work\xpco\xpco\corporate\recordingserver\recorderservice\tst\videoos.recorder.unittests\bin\x64\debug\net472\videoos.recorder.unittests.dll" id="9e09cc8b-ebaa-2be8-dbdc-d6f399818446">
      <Execution id="c4278cc2-40af-4c24-bebf-b1acfd3b956b" />
      <TestMethod codeBase="D:\actions-runner\_work\XPCO\XPCO\Corporate\RecordingServer\RecorderService\tst\VideoOS.Recorder.UnitTests\bin\x64\Debug\net472\VideoOS.Recorder.UnitTests.dll" adapterTypeName="executor://mstestadapter/v2" className="VideoOS.Recorder.UnitTests.WebServer.SOAPCommandRequestHandlerTests" name="SOAPCommandRequestHandler_ExecuteFunction_HandleSequencesGet_No_Microphone_Security" />
    </UnitTest>
    <UnitTest name="GetStatistics_Framerate_JPEG_01_Success" storage="d:\actions-runner\_work\xpco\xpco\corporate\recordingserver\recorderservice\tst\videoos.recorder.unittests\bin\x64\debug\net472\videoos.recorder.unittests.dll" id="e0a5dc7d-f0b5-018a-b800-812e99ab8728">
      <TestCategory>
        <TestCategoryItem TestCategory="PipelineRecordingStatistics" />
      </TestCategory>
      <Execution id="2ac3a82b-3203-4a48-a16f-430f6b687044" />
      <TestMethod codeBase="D:\actions-runner\_work\XPCO\XPCO\Corporate\RecordingServer\RecorderService\tst\VideoOS.Recorder.UnitTests\bin\x64\Debug\net472\VideoOS.Recorder.UnitTests.dll" adapterTypeName="executor://mstestadapter/v2" className="VideoOS.Recorder.UnitTests.ObjectModel.Processors.PipelineRecordingStatisticsTests" name="GetStatistics_Framerate_JPEG_01_Success" />
    </UnitTest>
    <UnitTest name="SessionExpiredTask_Constructor_ArgumentNullException" storage="d:\actions-runner\_work\xpco\xpco\corporate\recordingserver\recorderservice\tst\videoos.recorder.unittests\bin\x64\debug\net472\videoos.recorder.unittests.dll" id="33161afd-3ba3-7050-b47f-26743b6b39b2">
      <Execution id="e0612d19-6b63-4a61-8923-2a1e7125bf08" />
      <TestMethod codeBase="D:\actions-runner\_work\XPCO\XPCO\Corporate\RecordingServer\RecorderService\tst\VideoOS.Recorder.UnitTests\bin\x64\Debug\net472\VideoOS.Recorder.UnitTests.dll" adapterTypeName="executor://mstestadapter/v2" className="VideoOS.Recorder.UnitTests.Command.PtzSessionsTests" name="SessionExpiredTask_Constructor_ArgumentNullException" />
    </UnitTest>
    <UnitTest name="TimeRangeConversionTimeResolution" storage="d:\actions-runner\_work\xpco\xpco\corporate\recordingserver\recorderservice\tst\videoos.recorder.unittests\bin\x64\debug\net472\videoos.recorder.unittests.dll" id="9fe0ac2f-ab66-4b54-8a8c-84f88632f43c">
      <TestCategory>
        <TestCategoryItem TestCategory="TimeRangeConversion" />
      </TestCategory>
      <Execution id="150400dc-1582-435b-b230-ce38c3e71ab3" />
      <TestMethod codeBase="D:\actions-runner\_work\XPCO\XPCO\Corporate\RecordingServer\RecorderService\tst\VideoOS.Recorder.UnitTests\bin\x64\Debug\net472\VideoOS.Recorder.UnitTests.dll" adapterTypeName="executor://mstestadapter/v2" className="VideoOS.Recorder.UnitTests.TimeRangeConversionTests.TimeRangeConversionTests" name="TimeRangeConversionTimeResolution" />
    </UnitTest>
    <UnitTest name="SOAPCommandRequestHandler_ExecuteFunction_HandleSequencesGet_NoMaxTime" storage="d:\actions-runner\_work\xpco\xpco\corporate\recordingserver\recorderservice\tst\videoos.recorder.unittests\bin\x64\debug\net472\videoos.recorder.unittests.dll" id="5953e489-8e93-9250-74c3-3b872693bf55">
      <Execution id="46452ad3-f011-42c2-9e27-f4e07ab62a6b" />
      <TestMethod codeBase="D:\actions-runner\_work\XPCO\XPCO\Corporate\RecordingServer\RecorderService\tst\VideoOS.Recorder.UnitTests\bin\x64\Debug\net472\VideoOS.Recorder.UnitTests.dll" adapterTypeName="executor://mstestadapter/v2" className="VideoOS.Recorder.UnitTests.WebServer.SOAPCommandRequestHandlerTests" name="SOAPCommandRequestHandler_ExecuteFunction_HandleSequencesGet_NoMaxTime" />
    </UnitTest>
    <UnitTest name="ConnectSuccess_Goto_NextSeqWithoutTime" storage="d:\actions-runner\_work\xpco\xpco\corporate\recordingserver\recorderservice\tst\videoos.recorder.unittests\bin\x64\debug\net472\videoos.recorder.unittests.dll" id="2ae0a91b-6259-6398-9a29-15a94e48c068">
      <Execution id="2a71cf52-b87a-4ba6-9466-f468e670e814" />
      <TestMethod codeBase="D:\actions-runner\_work\XPCO\XPCO\Corporate\RecordingServer\RecorderService\tst\VideoOS.Recorder.UnitTests\bin\x64\Debug\net472\VideoOS.Recorder.UnitTests.dll" adapterTypeName="executor://mstestadapter/v2" className="VideoOS.Recorder.UnitTests.WebServer.ImageServerRequestHandlerTests" name="ConnectSuccess_Goto_NextSeqWithoutTime" />
    </UnitTest>
    <UnitTest name="SOAPCommandRequestHandler_ExecuteFunction_HandleSmartSearchGetResult_Success" storage="d:\actions-runner\_work\xpco\xpco\corporate\recordingserver\recorderservice\tst\videoos.recorder.unittests\bin\x64\debug\net472\videoos.recorder.unittests.dll" id="0585a77c-bebe-bdc3-608b-58b28ca46b8f">
      <Execution id="cbc0fced-d08a-4cdd-9c20-6373ad4e16e4" />
      <TestMethod codeBase="D:\actions-runner\_work\XPCO\XPCO\Corporate\RecordingServer\RecorderService\tst\VideoOS.Recorder.UnitTests\bin\x64\Debug\net472\VideoOS.Recorder.UnitTests.dll" adapterTypeName="executor://mstestadapter/v2" className="VideoOS.Recorder.UnitTests.WebServer.SOAPCommandRequestHandlerTests" name="SOAPCommandRequestHandler_ExecuteFunction_HandleSmartSearchGetResult_Success" />
    </UnitTest>
    <UnitTest name="EdgeStorageLimitsManagerGetLimits" storage="d:\actions-runner\_work\xpco\xpco\corporate\recordingserver\recorderservice\tst\videoos.recorder.unittests\bin\x64\debug\net472\videoos.recorder.unittests.dll" id="b3d637c9-653b-29f4-ad27-bed26a092caa">
      <TestCategory>
        <TestCategoryItem TestCategory="EdgeStorageLimits" />
      </TestCategory>
      <Execution id="479cfc3b-f906-4df2-8757-4574cb2fcef3" />
      <TestMethod codeBase="D:\actions-runner\_work\XPCO\XPCO\Corporate\RecordingServer\RecorderService\tst\VideoOS.Recorder.UnitTests\bin\x64\Debug\net472\VideoOS.Recorder.UnitTests.dll" adapterTypeName="executor://mstestadapter/v2" className="VideoOS.Recorder.UnitTests.EdgeStorage.EdgeStorageLimitTests" name="EdgeStorageLimitsManagerGetLimits" />
    </UnitTest>
    <UnitTest name="SOAPCommandRequestHandler_GetClientCapabilities_No_ClientCapabilities_Section" storage="d:\actions-runner\_work\xpco\xpco\corporate\recordingserver\recorderservice\tst\videoos.recorder.unittests\bin\x64\debug\net472\videoos.recorder.unittests.dll" id="1b8b8000-c58c-406e-26b1-9852da5eb563">
      <Execution id="a2f83be3-a1da-40dc-a3da-d8f64ffadf15" />
      <TestMethod codeBase="D:\actions-runner\_work\XPCO\XPCO\Corporate\RecordingServer\RecorderService\tst\VideoOS.Recorder.UnitTests\bin\x64\Debug\net472\VideoOS.Recorder.UnitTests.dll" adapterTypeName="executor://mstestadapter/v2" className="VideoOS.Recorder.UnitTests.WebServer.SOAPCommandRequestHandlerTests" name="SOAPCommandRequestHandler_GetClientCapabilities_No_ClientCapabilities_Section" />
    </UnitTest>
    <UnitTest name="SetupInitialHardwareUserCommandHandler_Constructor_NullArg_Throws" storage="d:\actions-runner\_work\xpco\xpco\corporate\recordingserver\recorderservice\tst\videoos.recorder.unittests\bin\x64\debug\net472\videoos.recorder.unittests.dll" id="2f68f5f2-1b20-f1d7-25cc-825b8162878b">
      <Execution id="97586b93-3a3f-4794-8ae1-d818b87a9cae" />
      <TestMethod codeBase="D:\actions-runner\_work\XPCO\XPCO\Corporate\RecordingServer\RecorderService\tst\VideoOS.Recorder.UnitTests\bin\x64\Debug\net472\VideoOS.Recorder.UnitTests.dll" adapterTypeName="executor://mstestadapter/v2" className="VideoOS.Recorder.UnitTests.Command.SetupInitialHardwareUserCommandHandlerUnitTests" name="SetupInitialHardwareUserCommandHandler_Constructor_NullArg_Throws" />
    </UnitTest>
    <UnitTest name="EnhanceSettings_SunnyDay_MergeSettingsWithMask" storage="d:\actions-runner\_work\xpco\xpco\corporate\recordingserver\recorderservice\tst\videoos.recorder.unittests\bin\x64\debug\net472\videoos.recorder.unittests.dll" id="b5e3cbe5-5134-927e-0d1c-d540129332b5">
      <Owners>
        <Owner name="FT06" />
      </Owners>
      <Execution id="d533a1a4-167d-4e71-b84f-1d787b8a737e" />
      <TestMethod codeBase="D:\actions-runner\_work\XPCO\XPCO\Corporate\RecordingServer\RecorderService\tst\VideoOS.Recorder.UnitTests\bin\x64\Debug\net472\VideoOS.Recorder.UnitTests.dll" adapterTypeName="executor://mstestadapter/v2" className="VideoOS.Recorder.UnitTests.ObjectModel.Processors.PluginSettingsEnhancerTest" name="EnhanceSettings_SunnyDay_MergeSettingsWithMask" />
    </UnitTest>
    <UnitTest name="Start_CalledTwice_ShouldFail" storage="d:\actions-runner\_work\xpco\xpco\corporate\recordingserver\recorderservice\tst\videoos.recorder.unittests\bin\x64\debug\net472\videoos.recorder.unittests.dll" id="d5fc2921-49e9-457b-e57f-91fa957c113c">
      <Execution id="69857ec1-24b0-4adf-bf85-d2510fb222aa" />
      <TestMethod codeBase="D:\actions-runner\_work\XPCO\XPCO\Corporate\RecordingServer\RecorderService\tst\VideoOS.Recorder.UnitTests\bin\x64\Debug\net472\VideoOS.Recorder.UnitTests.dll" adapterTypeName="executor://mstestadapter/v2" className="VideoOS.Recorder.UnitTests.DeviceDiscovery.MipDriversDiscoveryTaskTests" name="Start_CalledTwice_ShouldFail" />
    </UnitTest>
    <UnitTest name="RequestRecordKeyframesOnly_DoesntChangeRecordKeyframesOnly_OnWrongTransactionId" storage="d:\actions-runner\_work\xpco\xpco\corporate\recordingserver\recorderservice\tst\videoos.recorder.unittests\bin\x64\debug\net472\videoos.recorder.unittests.dll" id="7d8b82c0-97d4-dd5c-c8d5-703ac9de5dcd">
      <TestCategory>
        <TestCategoryItem TestCategory="KeyframeRecording" />
      </TestCategory>
      <Execution id="ef1c7be2-bf12-446e-8fc1-9b2e319dfa2f" />
      <TestMethod codeBase="D:\actions-runner\_work\XPCO\XPCO\Corporate\RecordingServer\RecorderService\tst\VideoOS.Recorder.UnitTests\bin\x64\Debug\net472\VideoOS.Recorder.UnitTests.dll" adapterTypeName="executor://mstestadapter/v2" className="VideoOS.Recorder.UnitTests.StateEvaluation.DeviceRecordKeyframesStateEvaluatorTests" name="RequestRecordKeyframesOnly_DoesntChangeRecordKeyframesOnly_OnWrongTransactionId" />
    </UnitTest>
    <UnitTest name="SOAPCommandRequestHandler_ExecuteFunction_HandlePTZCenter_NoHeight" storage="d:\actions-runner\_work\xpco\xpco\corporate\recordingserver\recorderservice\tst\videoos.recorder.unittests\bin\x64\debug\net472\videoos.recorder.unittests.dll" id="39689140-f88a-3c0a-3a46-e970f9fbef4b">
      <Execution id="7c1c5d73-c04f-47a8-a320-fb43e81282d7" />
      <TestMethod codeBase="D:\actions-runner\_work\XPCO\XPCO\Corporate\RecordingServer\RecorderService\tst\VideoOS.Recorder.UnitTests\bin\x64\Debug\net472\VideoOS.Recorder.UnitTests.dll" adapterTypeName="executor://mstestadapter/v2" className="VideoOS.Recorder.UnitTests.WebServer.SOAPCommandRequestHandlerTests" name="SOAPCommandRequestHandler_ExecuteFunction_HandlePTZCenter_NoHeight" />
    </UnitTest>
    <UnitTest name="PtzReleaseSession_ModelIsValid_CommandExecuted" storage="d:\actions-runner\_work\xpco\xpco\corporate\recordingserver\recorderservice\tst\videoos.recorder.unittests\bin\x64\debug\net472\videoos.recorder.unittests.dll" id="69670f9b-4769-6673-823a-fd5812fe92fb">
      <Execution id="8df227a9-97a8-476d-be97-365e2c35e0b0" />
      <TestMethod codeBase="D:\actions-runner\_work\XPCO\XPCO\Corporate\RecordingServer\RecorderService\tst\VideoOS.Recorder.UnitTests\bin\x64\Debug\net472\VideoOS.Recorder.UnitTests.dll" adapterTypeName="executor://mstestadapter/v2" className="VideoOS.Recorder.UnitTests.PtzControllerTests" name="PtzReleaseSession_ModelIsValid_CommandExecuted" />
    </UnitTest>
    <UnitTest name="EvidenceLockOnOldRecorderCommandHandler_UpdateEvidenceLock_RowMissing" storage="d:\actions-runner\_work\xpco\xpco\corporate\recordingserver\recorderservice\tst\videoos.recorder.unittests\bin\x64\debug\net472\videoos.recorder.unittests.dll" id="347a112e-b363-c8aa-5844-d5fab15e1792">
      <Execution id="ebb121b2-dc35-4c12-a5b1-aafa1bb2e3a5" />
      <TestMethod codeBase="D:\actions-runner\_work\XPCO\XPCO\Corporate\RecordingServer\RecorderService\tst\VideoOS.Recorder.UnitTests\bin\x64\Debug\net472\VideoOS.Recorder.UnitTests.dll" adapterTypeName="executor://mstestadapter/v2" className="VideoOS.Recorder.UnitTests.Command.EvidenceLockOnOldRecorderCommandHandlerTests" name="EvidenceLockOnOldRecorderCommandHandler_UpdateEvidenceLock_RowMissing" />
    </UnitTest>
    <UnitTest name="SOAPCommandRequestHandler_ExecuteFunction_HandleSendDriverCommandWithResponse_Success" storage="d:\actions-runner\_work\xpco\xpco\corporate\recordingserver\recorderservice\tst\videoos.recorder.unittests\bin\x64\debug\net472\videoos.recorder.unittests.dll" id="1e13a826-b983-6ec8-22b8-0434a982455a">
      <Execution id="df7775bf-106a-47d4-9211-51180ea530af" />
      <TestMethod codeBase="D:\actions-runner\_work\XPCO\XPCO\Corporate\RecordingServer\RecorderService\tst\VideoOS.Recorder.UnitTests\bin\x64\Debug\net472\VideoOS.Recorder.UnitTests.dll" adapterTypeName="executor://mstestadapter/v2" className="VideoOS.Recorder.UnitTests.WebServer.SOAPCommandRequestHandlerTests" name="SOAPCommandRequestHandler_ExecuteFunction_HandleSendDriverCommandWithResponse_Success" />
    </UnitTest>
    <UnitTest name="ReapplySettings_CommandIsNull_Failure" storage="d:\actions-runner\_work\xpco\xpco\corporate\recordingserver\recorderservice\tst\videoos.recorder.unittests\bin\x64\debug\net472\videoos.recorder.unittests.dll" id="2c0f875f-81f2-c750-710b-389c25472ce4">
      <Execution id="a54cd714-b1b4-48a0-a0ae-1c85c254e6f1" />
      <TestMethod codeBase="D:\actions-runner\_work\XPCO\XPCO\Corporate\RecordingServer\RecorderService\tst\VideoOS.Recorder.UnitTests\bin\x64\Debug\net472\VideoOS.Recorder.UnitTests.dll" adapterTypeName="executor://mstestadapter/v2" className="VideoOS.Recorder.UnitTests.Command.ReapplySettingsCommandHandlerTest" name="ReapplySettings_CommandIsNull_Failure" />
    </UnitTest>
    <UnitTest name="GetStatistics_Framerate_JPEG_Not_Enough_Data_Gives_Zero_Percent" storage="d:\actions-runner\_work\xpco\xpco\corporate\recordingserver\recorderservice\tst\videoos.recorder.unittests\bin\x64\debug\net472\videoos.recorder.unittests.dll" id="41585dcc-8c99-3c82-1806-42dfea182e7a">
      <TestCategory>
        <TestCategoryItem TestCategory="PipelineRecordingStatistics" />
      </TestCategory>
      <Execution id="8b49e859-c5f0-4946-8d7f-0f92a3c374fe" />
      <TestMethod codeBase="D:\actions-runner\_work\XPCO\XPCO\Corporate\RecordingServer\RecorderService\tst\VideoOS.Recorder.UnitTests\bin\x64\Debug\net472\VideoOS.Recorder.UnitTests.dll" adapterTypeName="executor://mstestadapter/v2" className="VideoOS.Recorder.UnitTests.ObjectModel.Processors.PipelineRecordingStatisticsTests" name="GetStatistics_Framerate_JPEG_Not_Enough_Data_Gives_Zero_Percent" />
    </UnitTest>
    <UnitTest name="MediaDbCache_GetListFileSystemDiskUsage_Nothing_Cached" storage="d:\actions-runner\_work\xpco\xpco\corporate\recordingserver\recorderservice\tst\videoos.recorder.unittests\bin\x64\debug\net472\videoos.recorder.unittests.dll" id="8ea84488-3c73-0539-a689-69c3ff91d40d">
      <Execution id="5abffb2a-1d1b-4254-97aa-52743bf5bdc0" />
      <TestMethod codeBase="D:\actions-runner\_work\XPCO\XPCO\Corporate\RecordingServer\RecorderService\tst\VideoOS.Recorder.UnitTests\bin\x64\Debug\net472\VideoOS.Recorder.UnitTests.dll" adapterTypeName="executor://mstestadapter/v2" className="VideoOS.Recorder.UnitTests.Database.MediaDbCacheUnitTests" name="MediaDbCache_GetListFileSystemDiskUsage_Nothing_Cached" />
    </UnitTest>
    <UnitTest name="SOAPCommandRequestHandler_ExecuteFunction_HandleOutputTrigger_NoMicroSeconds" storage="d:\actions-runner\_work\xpco\xpco\corporate\recordingserver\recorderservice\tst\videoos.recorder.unittests\bin\x64\debug\net472\videoos.recorder.unittests.dll" id="8614e3a5-5860-28dc-3880-8360eeb52686">
      <Execution id="ce39d652-26cd-41b8-9fa6-041a9bba7a92" />
      <TestMethod codeBase="D:\actions-runner\_work\XPCO\XPCO\Corporate\RecordingServer\RecorderService\tst\VideoOS.Recorder.UnitTests\bin\x64\Debug\net472\VideoOS.Recorder.UnitTests.dll" adapterTypeName="executor://mstestadapter/v2" className="VideoOS.Recorder.UnitTests.WebServer.SOAPCommandRequestHandlerTests" name="SOAPCommandRequestHandler_ExecuteFunction_HandleOutputTrigger_NoMicroSeconds" />
    </UnitTest>
    <UnitTest name="EdgeStorageLimitsCheckBandwidthWithLimitNewSecond" storage="d:\actions-runner\_work\xpco\xpco\corporate\recordingserver\recorderservice\tst\videoos.recorder.unittests\bin\x64\debug\net472\videoos.recorder.unittests.dll" id="6538f49f-5d7b-7bbc-9eb9-20372d121d3a">
      <TestCategory>
        <TestCategoryItem TestCategory="EdgeStorageLimits" />
      </TestCategory>
      <Execution id="cba93a2f-9fe1-491c-99e5-3305f142763e" />
      <TestMethod codeBase="D:\actions-runner\_work\XPCO\XPCO\Corporate\RecordingServer\RecorderService\tst\VideoOS.Recorder.UnitTests\bin\x64\Debug\net472\VideoOS.Recorder.UnitTests.dll" adapterTypeName="executor://mstestadapter/v2" className="VideoOS.Recorder.UnitTests.EdgeStorage.EdgeStorageLimitTests" name="EdgeStorageLimitsCheckBandwidthWithLimitNewSecond" />
    </UnitTest>
    <UnitTest name="EdgeStorageLimitsReverseTimeLimitNotOk" storage="d:\actions-runner\_work\xpco\xpco\corporate\recordingserver\recorderservice\tst\videoos.recorder.unittests\bin\x64\debug\net472\videoos.recorder.unittests.dll" id="9b77f50a-195c-babb-8067-e33089016f46">
      <TestCategory>
        <TestCategoryItem TestCategory="EdgeStorageLimits" />
      </TestCategory>
      <Execution id="86aff37c-4422-4cc3-9a47-d429314caeb0" />
      <TestMethod codeBase="D:\actions-runner\_work\XPCO\XPCO\Corporate\RecordingServer\RecorderService\tst\VideoOS.Recorder.UnitTests\bin\x64\Debug\net472\VideoOS.Recorder.UnitTests.dll" adapterTypeName="executor://mstestadapter/v2" className="VideoOS.Recorder.UnitTests.EdgeStorage.EdgeStorageLimitTests" name="EdgeStorageLimitsReverseTimeLimitNotOk" />
    </UnitTest>
    <UnitTest name="ActiveMask" storage="d:\actions-runner\_work\xpco\xpco\corporate\recordingserver\recorderservice\tst\videoos.recorder.unittests\bin\x64\debug\net472\videoos.recorder.unittests.dll" id="ec8fa001-e49f-551c-872e-1478e0b020bc">
      <Execution id="aa9e8b33-4216-4763-a671-7969b5dbb0d7" />
      <TestMethod codeBase="D:\actions-runner\_work\XPCO\XPCO\Corporate\RecordingServer\RecorderService\tst\VideoOS.Recorder.UnitTests\bin\x64\Debug\net472\VideoOS.Recorder.UnitTests.dll" adapterTypeName="executor://mstestadapter/v2" className="VideoOS.Recorder.UnitTests.ObjectModel.PrivacyMaskHandlerTest" name="ActiveMask" />
    </UnitTest>
    <UnitTest name="SOAPCommandRequestHandler_ExecuteFunction_HandleSmartSearchStart_NoDeviceId" storage="d:\actions-runner\_work\xpco\xpco\corporate\recordingserver\recorderservice\tst\videoos.recorder.unittests\bin\x64\debug\net472\videoos.recorder.unittests.dll" id="58e31f6e-171c-0b1e-1a59-a28ee9ceb558">
      <Execution id="e250e92f-985b-4e39-a03f-24831e5e5f2a" />
      <TestMethod codeBase="D:\actions-runner\_work\XPCO\XPCO\Corporate\RecordingServer\RecorderService\tst\VideoOS.Recorder.UnitTests\bin\x64\Debug\net472\VideoOS.Recorder.UnitTests.dll" adapterTypeName="executor://mstestadapter/v2" className="VideoOS.Recorder.UnitTests.WebServer.SOAPCommandRequestHandlerTests" name="SOAPCommandRequestHandler_ExecuteFunction_HandleSmartSearchStart_NoDeviceId" />
    </UnitTest>
    <UnitTest name="PtzManager_Start_Success" storage="d:\actions-runner\_work\xpco\xpco\corporate\recordingserver\recorderservice\tst\videoos.recorder.unittests\bin\x64\debug\net472\videoos.recorder.unittests.dll" id="260e5a70-a7b4-7e90-7ec0-9c5a4b346b5e">
      <Execution id="34738f52-3706-46cb-b67e-9628710620ec" />
      <TestMethod codeBase="D:\actions-runner\_work\XPCO\XPCO\Corporate\RecordingServer\RecorderService\tst\VideoOS.Recorder.UnitTests\bin\x64\Debug\net472\VideoOS.Recorder.UnitTests.dll" adapterTypeName="executor://mstestadapter/v2" className="VideoOS.Recorder.UnitTests.Command.PtzManagerTests" name="PtzManager_Start_Success" />
    </UnitTest>
    <UnitTest name="ChangeHardwarePasswordCommandHandler_Execute_ChangePassword_ThrowsPasswordChangeUnsupported_Errors" storage="d:\actions-runner\_work\xpco\xpco\corporate\recordingserver\recorderservice\tst\videoos.recorder.unittests\bin\x64\debug\net472\videoos.recorder.unittests.dll" id="49d9275a-1dac-ab87-a958-e857a6764bfa">
      <Execution id="2cf9d4d8-3710-4118-9cbb-e934b9efb3ad" />
      <TestMethod codeBase="D:\actions-runner\_work\XPCO\XPCO\Corporate\RecordingServer\RecorderService\tst\VideoOS.Recorder.UnitTests\bin\x64\Debug\net472\VideoOS.Recorder.UnitTests.dll" adapterTypeName="executor://mstestadapter/v2" className="VideoOS.Recorder.UnitTests.Command.ChangeHardwarePasswordCommandHandlerUnitTests" name="ChangeHardwarePasswordCommandHandler_Execute_ChangePassword_ThrowsPasswordChangeUnsupported_Errors" />
    </UnitTest>
    <UnitTest name="AddHardwareUserCommandHandler_Execute_AddUser_ThrowsUserHandlingPasswordLong_Errors" storage="d:\actions-runner\_work\xpco\xpco\corporate\recordingserver\recorderservice\tst\videoos.recorder.unittests\bin\x64\debug\net472\videoos.recorder.unittests.dll" id="78b8ac37-5b0d-e46e-1979-1f2241bc11e3">
      <Execution id="8e3ee55e-adfe-41ec-a4c9-1e601d2e5936" />
      <TestMethod codeBase="D:\actions-runner\_work\XPCO\XPCO\Corporate\RecordingServer\RecorderService\tst\VideoOS.Recorder.UnitTests\bin\x64\Debug\net472\VideoOS.Recorder.UnitTests.dll" adapterTypeName="executor://mstestadapter/v2" className="VideoOS.Recorder.UnitTests.Command.AddHardwareUserCommandHandlerRecorderUnitTests" name="AddHardwareUserCommandHandler_Execute_AddUser_ThrowsUserHandlingPasswordLong_Errors" />
    </UnitTest>
    <UnitTest name="GetHardwareUsersCommandHandler_Execute_GetUserList_ThrowsNoHardwareAccess_Reschedules" storage="d:\actions-runner\_work\xpco\xpco\corporate\recordingserver\recorderservice\tst\videoos.recorder.unittests\bin\x64\debug\net472\videoos.recorder.unittests.dll" id="36978323-ae7d-4782-91e4-504e37d2ff35">
      <Execution id="4b7d387a-48bb-4b2b-a94e-ac0d9286874f" />
      <TestMethod codeBase="D:\actions-runner\_work\XPCO\XPCO\Corporate\RecordingServer\RecorderService\tst\VideoOS.Recorder.UnitTests\bin\x64\Debug\net472\VideoOS.Recorder.UnitTests.dll" adapterTypeName="executor://mstestadapter/v2" className="VideoOS.Recorder.UnitTests.Command.GetHardwareUsersCommandHandlerUnitTests" name="GetHardwareUsersCommandHandler_Execute_GetUserList_ThrowsNoHardwareAccess_Reschedules" />
    </UnitTest>
    <UnitTest name="GetHardwareUsersCommandHandler_Constructor_NullArg_Throws" storage="d:\actions-runner\_work\xpco\xpco\corporate\recordingserver\recorderservice\tst\videoos.recorder.unittests\bin\x64\debug\net472\videoos.recorder.unittests.dll" id="5c75a430-77bf-290c-c3d3-c3f927b487ee">
      <Execution id="37240c82-3dd2-4a56-8fe0-daec61df71cf" />
      <TestMethod codeBase="D:\actions-runner\_work\XPCO\XPCO\Corporate\RecordingServer\RecorderService\tst\VideoOS.Recorder.UnitTests\bin\x64\Debug\net472\VideoOS.Recorder.UnitTests.dll" adapterTypeName="executor://mstestadapter/v2" className="VideoOS.Recorder.UnitTests.Command.GetHardwareUsersCommandHandlerUnitTests" name="GetHardwareUsersCommandHandler_Constructor_NullArg_Throws" />
    </UnitTest>
    <UnitTest name="PtzManualSession_Start_AlreadyRunning" storage="d:\actions-runner\_work\xpco\xpco\corporate\recordingserver\recorderservice\tst\videoos.recorder.unittests\bin\x64\debug\net472\videoos.recorder.unittests.dll" id="f5856662-c343-fb5f-dbb4-28b8dff69aff">
      <Execution id="1ab137db-2480-4394-9c3b-83129b42e883" />
      <TestMethod codeBase="D:\actions-runner\_work\XPCO\XPCO\Corporate\RecordingServer\RecorderService\tst\VideoOS.Recorder.UnitTests\bin\x64\Debug\net472\VideoOS.Recorder.UnitTests.dll" adapterTypeName="executor://mstestadapter/v2" className="VideoOS.Recorder.UnitTests.Command.PtzSessionsTests" name="PtzManualSession_Start_AlreadyRunning" />
    </UnitTest>
    <UnitTest name="SOAPCommandRequestHandler_ExecuteFunction_HandleSequencesGet_No_Metadata_Security" storage="d:\actions-runner\_work\xpco\xpco\corporate\recordingserver\recorderservice\tst\videoos.recorder.unittests\bin\x64\debug\net472\videoos.recorder.unittests.dll" id="f1428993-d37a-f2e1-e1f9-4944c954f241">
      <Execution id="4339dc77-40fa-4656-a031-e3add211266d" />
      <TestMethod codeBase="D:\actions-runner\_work\XPCO\XPCO\Corporate\RecordingServer\RecorderService\tst\VideoOS.Recorder.UnitTests\bin\x64\Debug\net472\VideoOS.Recorder.UnitTests.dll" adapterTypeName="executor://mstestadapter/v2" className="VideoOS.Recorder.UnitTests.WebServer.SOAPCommandRequestHandlerTests" name="SOAPCommandRequestHandler_ExecuteFunction_HandleSequencesGet_No_Metadata_Security" />
    </UnitTest>
    <UnitTest name="ConfigurationDatasetHolder_ApplyTableDistribution_WithDistributions_Failover_Success" storage="d:\actions-runner\_work\xpco\xpco\corporate\recordingserver\recorderservice\tst\videoos.recorder.unittests\bin\x64\debug\net472\videoos.recorder.unittests.dll" id="ba53bfb2-0308-6453-7936-176b215ab994">
      <Execution id="4d2c3944-4274-41dd-8e09-2b6c05b0f14e" />
      <TestMethod codeBase="D:\actions-runner\_work\XPCO\XPCO\Corporate\RecordingServer\RecorderService\tst\VideoOS.Recorder.UnitTests\bin\x64\Debug\net472\VideoOS.Recorder.UnitTests.dll" adapterTypeName="executor://mstestadapter/v2" className="VideoOS.Recorder.UnitTests.ConfigurationDatasetHolderUnitTests" name="ConfigurationDatasetHolder_ApplyTableDistribution_WithDistributions_Failover_Success" />
    </UnitTest>
    <UnitTest name="ReapplySettings_ResponseSinkIsNull_Failure" storage="d:\actions-runner\_work\xpco\xpco\corporate\recordingserver\recorderservice\tst\videoos.recorder.unittests\bin\x64\debug\net472\videoos.recorder.unittests.dll" id="e7081bd1-8a6f-b420-ad43-e27839b1b2a1">
      <Execution id="36d3efaf-12fe-44ad-b814-28fba0c8bc30" />
      <TestMethod codeBase="D:\actions-runner\_work\XPCO\XPCO\Corporate\RecordingServer\RecorderService\tst\VideoOS.Recorder.UnitTests\bin\x64\Debug\net472\VideoOS.Recorder.UnitTests.dll" adapterTypeName="executor://mstestadapter/v2" className="VideoOS.Recorder.UnitTests.Command.ReapplySettingsCommandHandlerTest" name="ReapplySettings_ResponseSinkIsNull_Failure" />
    </UnitTest>
    <UnitTest name="GetIntervalsToScan_ShouldReturnCorrectInterval_WithAddressInsideIntervalSpecified" storage="d:\actions-runner\_work\xpco\xpco\corporate\recordingserver\recorderservice\tst\videoos.recorder.unittests\bin\x64\debug\net472\videoos.recorder.unittests.dll" id="96e09641-e6ee-6ecd-d67d-7729bd2f4057">
      <Execution id="d8af8651-edcf-43b1-b823-57e087ab7baa" />
      <TestMethod codeBase="D:\actions-runner\_work\XPCO\XPCO\Corporate\RecordingServer\RecorderService\tst\VideoOS.Recorder.UnitTests\bin\x64\Debug\net472\VideoOS.Recorder.UnitTests.dll" adapterTypeName="executor://mstestadapter/v2" className="VideoOS.Recorder.UnitTests.DeviceDiscovery.MipDriversDiscoveryTaskTests" name="GetIntervalsToScan_ShouldReturnCorrectInterval_WithAddressInsideIntervalSpecified" />
    </UnitTest>
    <UnitTest name="SOAPCommandRequestHandler_ExecuteFunction_HandlePTZMoveHome_Success" storage="d:\actions-runner\_work\xpco\xpco\corporate\recordingserver\recorderservice\tst\videoos.recorder.unittests\bin\x64\debug\net472\videoos.recorder.unittests.dll" id="c14c2d25-fc01-f754-a2fc-cdde0404f48d">
      <Execution id="76183a85-4ad2-47a1-844f-6ab42c7da16c" />
      <TestMethod codeBase="D:\actions-runner\_work\XPCO\XPCO\Corporate\RecordingServer\RecorderService\tst\VideoOS.Recorder.UnitTests\bin\x64\Debug\net472\VideoOS.Recorder.UnitTests.dll" adapterTypeName="executor://mstestadapter/v2" className="VideoOS.Recorder.UnitTests.WebServer.SOAPCommandRequestHandlerTests" name="SOAPCommandRequestHandler_ExecuteFunction_HandlePTZMoveHome_Success" />
    </UnitTest>
    <UnitTest name="PtzManager_MoveStop_Success" storage="d:\actions-runner\_work\xpco\xpco\corporate\recordingserver\recorderservice\tst\videoos.recorder.unittests\bin\x64\debug\net472\videoos.recorder.unittests.dll" id="e216f40a-3ef3-72ab-2a84-255bbe39f29c">
      <Execution id="f49aa25c-b6e7-4e4e-83b5-7ef221e3e14e" />
      <TestMethod codeBase="D:\actions-runner\_work\XPCO\XPCO\Corporate\RecordingServer\RecorderService\tst\VideoOS.Recorder.UnitTests\bin\x64\Debug\net472\VideoOS.Recorder.UnitTests.dll" adapterTypeName="executor://mstestadapter/v2" className="VideoOS.Recorder.UnitTests.Command.PtzManagerTests" name="PtzManager_MoveStop_Success" />
    </UnitTest>
    <UnitTest name="ConnectSuccess_NextSeqTime_AfterMedia" storage="d:\actions-runner\_work\xpco\xpco\corporate\recordingserver\recorderservice\tst\videoos.recorder.unittests\bin\x64\debug\net472\videoos.recorder.unittests.dll" id="a8699a4b-e765-863a-8e71-377c6c94430b">
      <Execution id="ad2fb737-1f22-4586-ad6d-fb6439e9fdf8" />
      <TestMethod codeBase="D:\actions-runner\_work\XPCO\XPCO\Corporate\RecordingServer\RecorderService\tst\VideoOS.Recorder.UnitTests\bin\x64\Debug\net472\VideoOS.Recorder.UnitTests.dll" adapterTypeName="executor://mstestadapter/v2" className="VideoOS.Recorder.UnitTests.WebServer.ImageServerRequestHandlerTests" name="ConnectSuccess_NextSeqTime_AfterMedia" />
    </UnitTest>
    <UnitTest name="ReapplyHardwareSettingsManager_UpdateConfigurationFromDiffGram_TimeNowAfterTriger_Success" storage="d:\actions-runner\_work\xpco\xpco\corporate\recordingserver\recorderservice\tst\videoos.recorder.unittests\bin\x64\debug\net472\videoos.recorder.unittests.dll" id="38ff139f-5fa6-f79e-14c3-433d6df82f85">
      <Execution id="257f7550-5937-4f80-b864-db6b1786ef35" />
      <TestMethod codeBase="D:\actions-runner\_work\XPCO\XPCO\Corporate\RecordingServer\RecorderService\tst\VideoOS.Recorder.UnitTests\bin\x64\Debug\net472\VideoOS.Recorder.UnitTests.dll" adapterTypeName="executor://mstestadapter/v2" className="VideoOS.Recorder.UnitTests.ReapplyHardwareSettingsManagerTests" name="ReapplyHardwareSettingsManager_UpdateConfigurationFromDiffGram_TimeNowAfterTriger_Success" />
    </UnitTest>
    <UnitTest name="SOAPCommandRequestHandler_ExecuteFunction_HandleOutputGetState_Success_Activated" storage="d:\actions-runner\_work\xpco\xpco\corporate\recordingserver\recorderservice\tst\videoos.recorder.unittests\bin\x64\debug\net472\videoos.recorder.unittests.dll" id="ad933fd9-f61c-1d81-84a4-edef05ca4731">
      <Execution id="856c2e27-b228-48d7-8ed9-66b0bcba9334" />
      <TestMethod codeBase="D:\actions-runner\_work\XPCO\XPCO\Corporate\RecordingServer\RecorderService\tst\VideoOS.Recorder.UnitTests\bin\x64\Debug\net472\VideoOS.Recorder.UnitTests.dll" adapterTypeName="executor://mstestadapter/v2" className="VideoOS.Recorder.UnitTests.WebServer.SOAPCommandRequestHandlerTests" name="SOAPCommandRequestHandler_ExecuteFunction_HandleOutputGetState_Success_Activated" />
    </UnitTest>
    <UnitTest name="PrepareMoveHardwareCommandHandler_Clone_Returns_Same_Reference" storage="d:\actions-runner\_work\xpco\xpco\corporate\recordingserver\recorderservice\tst\videoos.recorder.unittests\bin\x64\debug\net472\videoos.recorder.unittests.dll" id="5e445673-c136-e2e8-73ef-d1a78293d9cf">
      <Execution id="684449a4-5f9a-4d99-b3d2-556297d49732" />
      <TestMethod codeBase="D:\actions-runner\_work\XPCO\XPCO\Corporate\RecordingServer\RecorderService\tst\VideoOS.Recorder.UnitTests\bin\x64\Debug\net472\VideoOS.Recorder.UnitTests.dll" adapterTypeName="executor://mstestadapter/v2" className="VideoOS.Recorder.UnitTests.Command.PrepareMoveHardwareCommandHandlerTests" name="PrepareMoveHardwareCommandHandler_Clone_Returns_Same_Reference" />
    </UnitTest>
    <UnitTest name="DriverProxyInstanceManager_AddSameHardwareTwice_WithDifferentStreamCount_WarningLogged" storage="d:\actions-runner\_work\xpco\xpco\corporate\recordingserver\recorderservice\tst\videoos.recorder.unittests\bin\x64\debug\net472\videoos.recorder.unittests.dll" id="a8a1423c-661c-8591-3ce7-ddc28b153a5c">
      <Execution id="d6e28202-111d-4825-b12a-c1f800704bac" />
      <TestMethod codeBase="D:\actions-runner\_work\XPCO\XPCO\Corporate\RecordingServer\RecorderService\tst\VideoOS.Recorder.UnitTests\bin\x64\Debug\net472\VideoOS.Recorder.UnitTests.dll" adapterTypeName="executor://mstestadapter/v2" className="VideoOS.Recorder.UnitTests.DriverProxyInstanceManagerTests" name="DriverProxyInstanceManager_AddSameHardwareTwice_WithDifferentStreamCount_WarningLogged" />
    </UnitTest>
    <UnitTest name="EdgeStorageConfigurationProperties" storage="d:\actions-runner\_work\xpco\xpco\corporate\recordingserver\recorderservice\tst\videoos.recorder.unittests\bin\x64\debug\net472\videoos.recorder.unittests.dll" id="6fc5d7e9-ca55-bfa4-0de5-0e45bd477a88">
      <TestCategory>
        <TestCategoryItem TestCategory="EdgeStorageLimits" />
      </TestCategory>
      <Execution id="03a39a63-1a1f-47d4-a899-219bf70eb4b5" />
      <TestMethod codeBase="D:\actions-runner\_work\XPCO\XPCO\Corporate\RecordingServer\RecorderService\tst\VideoOS.Recorder.UnitTests\bin\x64\Debug\net472\VideoOS.Recorder.UnitTests.dll" adapterTypeName="executor://mstestadapter/v2" className="VideoOS.Recorder.UnitTests.EdgeStorage.EdgeStorageLimitTests" name="EdgeStorageConfigurationProperties" />
    </UnitTest>
    <UnitTest name="DatabaseoperationCommandhandler_DiskUsageInformationTablesPerStorage_AllFailed" storage="d:\actions-runner\_work\xpco\xpco\corporate\recordingserver\recorderservice\tst\videoos.recorder.unittests\bin\x64\debug\net472\videoos.recorder.unittests.dll" id="ac8a91aa-9faa-ece5-7fad-4f7d4a4bda15">
      <Execution id="ae25ac29-2c34-42b1-8f5d-1248acea8158" />
      <TestMethod codeBase="D:\actions-runner\_work\XPCO\XPCO\Corporate\RecordingServer\RecorderService\tst\VideoOS.Recorder.UnitTests\bin\x64\Debug\net472\VideoOS.Recorder.UnitTests.dll" adapterTypeName="executor://mstestadapter/v2" className="VideoOS.Recorder.UnitTests.Command.DatabaseOperationCommandHandlerUnitTests" name="DatabaseoperationCommandhandler_DiskUsageInformationTablesPerStorage_AllFailed" />
    </UnitTest>
    <UnitTest name="DatabaseoperationCommandhandler_VerifyNewArchivePath_Success" storage="d:\actions-runner\_work\xpco\xpco\corporate\recordingserver\recorderservice\tst\videoos.recorder.unittests\bin\x64\debug\net472\videoos.recorder.unittests.dll" id="d352b845-0562-d484-a9c2-e1d9ec7a0e8d">
      <Execution id="0ff59d12-a631-4868-a89d-7f38f35529e1" />
      <TestMethod codeBase="D:\actions-runner\_work\XPCO\XPCO\Corporate\RecordingServer\RecorderService\tst\VideoOS.Recorder.UnitTests\bin\x64\Debug\net472\VideoOS.Recorder.UnitTests.dll" adapterTypeName="executor://mstestadapter/v2" className="VideoOS.Recorder.UnitTests.Command.DatabaseOperationCommandHandlerUnitTests" name="DatabaseoperationCommandhandler_VerifyNewArchivePath_Success" />
    </UnitTest>
    <UnitTest name="ResponseController_ValidFailureResponse_FailureResponseWithTokenCalledOnCommManager" storage="d:\actions-runner\_work\xpco\xpco\corporate\recordingserver\recorderservice\tst\videoos.recorder.unittests\bin\x64\debug\net472\videoos.recorder.unittests.dll" id="6a1a4314-6432-c172-3585-376ac0ad2335">
      <Execution id="4876aa27-bcf0-40bd-83b6-fffc6a68d80e" />
      <TestMethod codeBase="D:\actions-runner\_work\XPCO\XPCO\Corporate\RecordingServer\RecorderService\tst\VideoOS.Recorder.UnitTests\bin\x64\Debug\net472\VideoOS.Recorder.UnitTests.dll" adapterTypeName="executor://mstestadapter/v2" className="VideoOS.Recorder.UnitTests.ResponseControllerTests" name="ResponseController_ValidFailureResponse_FailureResponseWithTokenCalledOnCommManager" />
    </UnitTest>
    <UnitTest name="RequestArchiveInformation_StorageIDMapping_Null" storage="d:\actions-runner\_work\xpco\xpco\corporate\recordingserver\recorderservice\tst\videoos.recorder.unittests\bin\x64\debug\net472\videoos.recorder.unittests.dll" id="8d25649c-bb68-f10a-3f91-adbbcc1f62e2">
      <Execution id="6d49b35b-57bf-4965-a728-7314721bbcff" />
      <TestMethod codeBase="D:\actions-runner\_work\XPCO\XPCO\Corporate\RecordingServer\RecorderService\tst\VideoOS.Recorder.UnitTests\bin\x64\Debug\net472\VideoOS.Recorder.UnitTests.dll" adapterTypeName="executor://mstestadapter/v2" className="VideoOS.Recorder.UnitTests.ObjectModel.MediaDbManagerUnitTests" name="RequestArchiveInformation_StorageIDMapping_Null" />
    </UnitTest>
    <UnitTest name="PrepareMoveHardwareCommandHandler_Execute_Hardware_Blocked_SuccessResponse" storage="d:\actions-runner\_work\xpco\xpco\corporate\recordingserver\recorderservice\tst\videoos.recorder.unittests\bin\x64\debug\net472\videoos.recorder.unittests.dll" id="12297819-a531-e9d2-9b5c-ff454020f994">
      <Execution id="f9a207d8-0cfe-4a94-952d-3f9bc7517fab" />
      <TestMethod codeBase="D:\actions-runner\_work\XPCO\XPCO\Corporate\RecordingServer\RecorderService\tst\VideoOS.Recorder.UnitTests\bin\x64\Debug\net472\VideoOS.Recorder.UnitTests.dll" adapterTypeName="executor://mstestadapter/v2" className="VideoOS.Recorder.UnitTests.Command.PrepareMoveHardwareCommandHandlerTests" name="PrepareMoveHardwareCommandHandler_Execute_Hardware_Blocked_SuccessResponse" />
    </UnitTest>
    <UnitTest name="SOAPCommandRequestHandler_ExecuteFunction_HandlePTZRectangle_Top_Not_Double" storage="d:\actions-runner\_work\xpco\xpco\corporate\recordingserver\recorderservice\tst\videoos.recorder.unittests\bin\x64\debug\net472\videoos.recorder.unittests.dll" id="160fbaa3-0021-df4a-0cff-75f52c7e6902">
      <Execution id="1311f16d-acdb-4285-b606-129fb17e6bb3" />
      <TestMethod codeBase="D:\actions-runner\_work\XPCO\XPCO\Corporate\RecordingServer\RecorderService\tst\VideoOS.Recorder.UnitTests\bin\x64\Debug\net472\VideoOS.Recorder.UnitTests.dll" adapterTypeName="executor://mstestadapter/v2" className="VideoOS.Recorder.UnitTests.WebServer.SOAPCommandRequestHandlerTests" name="SOAPCommandRequestHandler_ExecuteFunction_HandlePTZRectangle_Top_Not_Double" />
    </UnitTest>
    <UnitTest name="AudioPlayerOnSpeaker_PlayUsingCurrentThread_Stopped" storage="d:\actions-runner\_work\xpco\xpco\corporate\recordingserver\recorderservice\tst\videoos.recorder.unittests\bin\x64\debug\net472\videoos.recorder.unittests.dll" id="2bd15d14-647f-e616-2c0a-2b924f0f4906">
      <Execution id="bf2baa16-3351-4f57-84d8-c07a978ad633" />
      <TestMethod codeBase="D:\actions-runner\_work\XPCO\XPCO\Corporate\RecordingServer\RecorderService\tst\VideoOS.Recorder.UnitTests\bin\x64\Debug\net472\VideoOS.Recorder.UnitTests.dll" adapterTypeName="executor://mstestadapter/v2" className="VideoOS.Recorder.UnitTests.AudioMessageHandling.AudioPlayerOnSpeakerTests" name="AudioPlayerOnSpeaker_PlayUsingCurrentThread_Stopped" />
    </UnitTest>
    <UnitTest name="DriverProxyInstanceManager_AddHardware_AddedToProxyInstance" storage="d:\actions-runner\_work\xpco\xpco\corporate\recordingserver\recorderservice\tst\videoos.recorder.unittests\bin\x64\debug\net472\videoos.recorder.unittests.dll" id="003c62e7-b18c-96f0-42e4-4ea746a77e7a">
      <Execution id="4ef28876-9901-4d08-880b-cef1c0e60972" />
      <TestMethod codeBase="D:\actions-runner\_work\XPCO\XPCO\Corporate\RecordingServer\RecorderService\tst\VideoOS.Recorder.UnitTests\bin\x64\Debug\net472\VideoOS.Recorder.UnitTests.dll" adapterTypeName="executor://mstestadapter/v2" className="VideoOS.Recorder.UnitTests.DriverProxyInstanceManagerTests" name="DriverProxyInstanceManager_AddHardware_AddedToProxyInstance" />
    </UnitTest>
    <UnitTest name="GoIntoOverflowOnBytes" storage="d:\actions-runner\_work\xpco\xpco\corporate\recordingserver\recorderservice\tst\videoos.recorder.unittests\bin\x64\debug\net472\videoos.recorder.unittests.dll" id="d2b5b0b2-6c1b-0370-653a-db8af7f26b62">
      <TestCategory>
        <TestCategoryItem TestCategory="ObjectModel.Processors.PipelineQueue" />
      </TestCategory>
      <Execution id="dd6d239f-5b62-4044-a1fc-63ccc6c5b6e6" />
      <TestMethod codeBase="D:\actions-runner\_work\XPCO\XPCO\Corporate\RecordingServer\RecorderService\tst\VideoOS.Recorder.UnitTests\bin\x64\Debug\net472\VideoOS.Recorder.UnitTests.dll" adapterTypeName="executor://mstestadapter/v2" className="VideoOS.Recorder.UnitTests.ObjectModel.Processors.PipelineQueueTest" name="GoIntoOverflowOnBytes" />
    </UnitTest>
    <UnitTest name="ReadMessageHeaders_ReadRequestLine_SoapCommand_Success" storage="d:\actions-runner\_work\xpco\xpco\corporate\recordingserver\recorderservice\tst\videoos.recorder.unittests\bin\x64\debug\net472\videoos.recorder.unittests.dll" id="223235e7-2eef-701c-ac06-00f200ec176d">
      <Execution id="0f2fab3a-3e4f-47ea-bf96-1ba19498ce93" />
      <TestMethod codeBase="D:\actions-runner\_work\XPCO\XPCO\Corporate\RecordingServer\RecorderService\tst\VideoOS.Recorder.UnitTests\bin\x64\Debug\net472\VideoOS.Recorder.UnitTests.dll" adapterTypeName="executor://mstestadapter/v2" className="VideoOS.Recorder.UnitTests.WebServer.WebRequestReaderUnitTests" name="ReadMessageHeaders_ReadRequestLine_SoapCommand_Success" />
    </UnitTest>
    <UnitTest name="Configuration_SettingsAreSet_CorrectSettingsAreApplied" storage="d:\actions-runner\_work\xpco\xpco\corporate\recordingserver\recorderservice\tst\videoos.recorder.unittests\bin\x64\debug\net472\videoos.recorder.unittests.dll" id="2c704326-2083-e4db-b705-8d6a363a6828">
      <Execution id="f57dfa0f-7b20-4218-893d-9d4b53153f43" />
      <TestMethod codeBase="D:\actions-runner\_work\XPCO\XPCO\Corporate\RecordingServer\RecorderService\tst\VideoOS.Recorder.UnitTests\bin\x64\Debug\net472\VideoOS.Recorder.UnitTests.dll" adapterTypeName="executor://mstestadapter/v2" className="VideoOS.Recorder.UnitTests.StartupTests" name="Configuration_SettingsAreSet_CorrectSettingsAreApplied" />
    </UnitTest>
    <UnitTest name="SynchronizeDevicePresetsCommandHandler_Execute_DeviceNotFound" storage="d:\actions-runner\_work\xpco\xpco\corporate\recordingserver\recorderservice\tst\videoos.recorder.unittests\bin\x64\debug\net472\videoos.recorder.unittests.dll" id="5cbc6753-3a26-d303-47a8-eb09e08f39cf">
      <Execution id="21c82c98-6b8e-425d-a3a3-51f81d8b5c58" />
      <TestMethod codeBase="D:\actions-runner\_work\XPCO\XPCO\Corporate\RecordingServer\RecorderService\tst\VideoOS.Recorder.UnitTests\bin\x64\Debug\net472\VideoOS.Recorder.UnitTests.dll" adapterTypeName="executor://mstestadapter/v2" className="VideoOS.Recorder.UnitTests.Command.SynchronizeDevicePresetsCommandHandlerUnitTests" name="SynchronizeDevicePresetsCommandHandler_Execute_DeviceNotFound" />
    </UnitTest>
    <UnitTest name="TimeRangeConversionRangeAfterEndTime" storage="d:\actions-runner\_work\xpco\xpco\corporate\recordingserver\recorderservice\tst\videoos.recorder.unittests\bin\x64\debug\net472\videoos.recorder.unittests.dll" id="c25e0d20-e5da-2683-4906-64928b354137">
      <TestCategory>
        <TestCategoryItem TestCategory="TimeRangeConversion" />
      </TestCategory>
      <Execution id="f35029f0-b47c-46fa-94c9-83dd2baaee28" />
      <TestMethod codeBase="D:\actions-runner\_work\XPCO\XPCO\Corporate\RecordingServer\RecorderService\tst\VideoOS.Recorder.UnitTests\bin\x64\Debug\net472\VideoOS.Recorder.UnitTests.dll" adapterTypeName="executor://mstestadapter/v2" className="VideoOS.Recorder.UnitTests.TimeRangeConversionTests.TimeRangeConversionTests" name="TimeRangeConversionRangeAfterEndTime" />
    </UnitTest>
    <UnitTest name="SOAPCommandRequestHandler_ExecuteFunction_HandlePTZRectangle_NoRight" storage="d:\actions-runner\_work\xpco\xpco\corporate\recordingserver\recorderservice\tst\videoos.recorder.unittests\bin\x64\debug\net472\videoos.recorder.unittests.dll" id="d1cc441b-d295-0bb6-ca4a-0a7911e4ddab">
      <Execution id="2cbc5f06-dc94-430a-b2d4-c095465dfbad" />
      <TestMethod codeBase="D:\actions-runner\_work\XPCO\XPCO\Corporate\RecordingServer\RecorderService\tst\VideoOS.Recorder.UnitTests\bin\x64\Debug\net472\VideoOS.Recorder.UnitTests.dll" adapterTypeName="executor://mstestadapter/v2" className="VideoOS.Recorder.UnitTests.WebServer.SOAPCommandRequestHandlerTests" name="SOAPCommandRequestHandler_ExecuteFunction_HandlePTZRectangle_NoRight" />
    </UnitTest>
    <UnitTest name="ConnectSuccess_PrevSeq_Exception" storage="d:\actions-runner\_work\xpco\xpco\corporate\recordingserver\recorderservice\tst\videoos.recorder.unittests\bin\x64\debug\net472\videoos.recorder.unittests.dll" id="19a93024-d0c9-211c-e796-9e20e5ddea46">
      <Execution id="f27b138a-75d9-44ab-96f7-f083f91b1d74" />
      <TestMethod codeBase="D:\actions-runner\_work\XPCO\XPCO\Corporate\RecordingServer\RecorderService\tst\VideoOS.Recorder.UnitTests\bin\x64\Debug\net472\VideoOS.Recorder.UnitTests.dll" adapterTypeName="executor://mstestadapter/v2" className="VideoOS.Recorder.UnitTests.WebServer.ImageServerRequestHandlerTests" name="ConnectSuccess_PrevSeq_Exception" />
    </UnitTest>
    <UnitTest name="SOAPCommandRequestHandler_ExecuteFunction_HandleSmartSearchStart_NoSearchEndTime" storage="d:\actions-runner\_work\xpco\xpco\corporate\recordingserver\recorderservice\tst\videoos.recorder.unittests\bin\x64\debug\net472\videoos.recorder.unittests.dll" id="33a36fe7-9f25-55b9-78cd-b144538b4d56">
      <Execution id="82cfaa5b-171b-46ec-8a56-9dd90276852c" />
      <TestMethod codeBase="D:\actions-runner\_work\XPCO\XPCO\Corporate\RecordingServer\RecorderService\tst\VideoOS.Recorder.UnitTests\bin\x64\Debug\net472\VideoOS.Recorder.UnitTests.dll" adapterTypeName="executor://mstestadapter/v2" className="VideoOS.Recorder.UnitTests.WebServer.SOAPCommandRequestHandlerTests" name="SOAPCommandRequestHandler_ExecuteFunction_HandleSmartSearchStart_NoSearchEndTime" />
    </UnitTest>
    <UnitTest name="FillableGridAreaFromPrivacyMask" storage="d:\actions-runner\_work\xpco\xpco\corporate\recordingserver\recorderservice\tst\videoos.recorder.unittests\bin\x64\debug\net472\videoos.recorder.unittests.dll" id="94814152-72a2-cd6c-3d16-d7d4f6da9295">
      <TestCategory>
        <TestCategoryItem TestCategory="SmartSearch" />
      </TestCategory>
      <Execution id="f79202f7-129d-40c6-aa0c-06c4253d9794" />
      <TestMethod codeBase="D:\actions-runner\_work\XPCO\XPCO\Corporate\RecordingServer\RecorderService\tst\VideoOS.Recorder.UnitTests\bin\x64\Debug\net472\VideoOS.Recorder.UnitTests.dll" adapterTypeName="executor://mstestadapter/v2" className="VideoOS.Recorder.UnitTests.SmartSearch.SmartSearchHandlerTest" name="FillableGridAreaFromPrivacyMask" />
    </UnitTest>
    <UnitTest name="SOAPCommandRequestHandler_ExecuteFunction_HandleOutputActivate_Success" storage="d:\actions-runner\_work\xpco\xpco\corporate\recordingserver\recorderservice\tst\videoos.recorder.unittests\bin\x64\debug\net472\videoos.recorder.unittests.dll" id="cbbcca8f-5271-ca8f-3c1b-e04f325bdc3a">
      <Execution id="99cf2bdd-0879-4a48-84b1-3f0dd66fab5d" />
      <TestMethod codeBase="D:\actions-runner\_work\XPCO\XPCO\Corporate\RecordingServer\RecorderService\tst\VideoOS.Recorder.UnitTests\bin\x64\Debug\net472\VideoOS.Recorder.UnitTests.dll" adapterTypeName="executor://mstestadapter/v2" className="VideoOS.Recorder.UnitTests.WebServer.SOAPCommandRequestHandlerTests" name="SOAPCommandRequestHandler_ExecuteFunction_HandleOutputActivate_Success" />
    </UnitTest>
    <UnitTest name="ReapplyHardwareSettingsManager_SetConfiguration_TimeNowAfterTriger_Success" storage="d:\actions-runner\_work\xpco\xpco\corporate\recordingserver\recorderservice\tst\videoos.recorder.unittests\bin\x64\debug\net472\videoos.recorder.unittests.dll" id="8aff4b0c-a4da-b9ed-82cf-c96567a6ad3f">
      <Execution id="995f3e2d-941a-4e4d-a23b-2c5981e1c811" />
      <TestMethod codeBase="D:\actions-runner\_work\XPCO\XPCO\Corporate\RecordingServer\RecorderService\tst\VideoOS.Recorder.UnitTests\bin\x64\Debug\net472\VideoOS.Recorder.UnitTests.dll" adapterTypeName="executor://mstestadapter/v2" className="VideoOS.Recorder.UnitTests.ReapplyHardwareSettingsManagerTests" name="ReapplyHardwareSettingsManager_SetConfiguration_TimeNowAfterTriger_Success" />
    </UnitTest>
    <UnitTest name="SOAPCommandRequestHandler_ExecuteFunction_HandlePTZCenter_CenterX_Not_Double" storage="d:\actions-runner\_work\xpco\xpco\corporate\recordingserver\recorderservice\tst\videoos.recorder.unittests\bin\x64\debug\net472\videoos.recorder.unittests.dll" id="56a9da53-748d-8045-6ef2-fedcd94d62ae">
      <Execution id="f0c745a6-0e5a-43da-8ad0-1c009e9bcf74" />
      <TestMethod codeBase="D:\actions-runner\_work\XPCO\XPCO\Corporate\RecordingServer\RecorderService\tst\VideoOS.Recorder.UnitTests\bin\x64\Debug\net472\VideoOS.Recorder.UnitTests.dll" adapterTypeName="executor://mstestadapter/v2" className="VideoOS.Recorder.UnitTests.WebServer.SOAPCommandRequestHandlerTests" name="SOAPCommandRequestHandler_ExecuteFunction_HandlePTZCenter_CenterX_Not_Double" />
    </UnitTest>
    <UnitTest name="IsInRange_ShouldReturnTrue_WhenAddressIsBetweenStartAndEndMaxRange" storage="d:\actions-runner\_work\xpco\xpco\corporate\recordingserver\recorderservice\tst\videoos.recorder.unittests\bin\x64\debug\net472\videoos.recorder.unittests.dll" id="8a388acf-f7fd-de6d-2f58-08233d5e329e">
      <Execution id="e8789f1a-6a5e-4945-b867-c381000c77d9" />
      <TestMethod codeBase="D:\actions-runner\_work\XPCO\XPCO\Corporate\RecordingServer\RecorderService\tst\VideoOS.Recorder.UnitTests\bin\x64\Debug\net472\VideoOS.Recorder.UnitTests.dll" adapterTypeName="executor://mstestadapter/v2" className="VideoOS.Recorder.UnitTests.DeviceDiscovery.MipDriversDiscoveryTaskTests" name="IsInRange_ShouldReturnTrue_WhenAddressIsBetweenStartAndEndMaxRange" />
    </UnitTest>
    <UnitTest name="SOAPCommandRequestHandler_ExecuteFunction_HandleMulticastStart_With_Privacy_Mask" storage="d:\actions-runner\_work\xpco\xpco\corporate\recordingserver\recorderservice\tst\videoos.recorder.unittests\bin\x64\debug\net472\videoos.recorder.unittests.dll" id="42f63e76-dc14-8542-530c-0174d7a756d0">
      <Execution id="c5031172-26de-4696-af30-21ff0dd5d57d" />
      <TestMethod codeBase="D:\actions-runner\_work\XPCO\XPCO\Corporate\RecordingServer\RecorderService\tst\VideoOS.Recorder.UnitTests\bin\x64\Debug\net472\VideoOS.Recorder.UnitTests.dll" adapterTypeName="executor://mstestadapter/v2" className="VideoOS.Recorder.UnitTests.WebServer.SOAPCommandRequestHandlerTests" name="SOAPCommandRequestHandler_ExecuteFunction_HandleMulticastStart_With_Privacy_Mask" />
    </UnitTest>
    <UnitTest name="GetDefaultOrFirstAudioEncodingFromDefinition_GetDefaultSettingTest" storage="d:\actions-runner\_work\xpco\xpco\corporate\recordingserver\recorderservice\tst\videoos.recorder.unittests\bin\x64\debug\net472\videoos.recorder.unittests.dll" id="f3ab9900-68d0-1d8c-c5b2-d58eb25d9d14">
      <Execution id="e1bde304-53ff-4e5b-a980-4ff36120d0e2" />
      <TestMethod codeBase="D:\actions-runner\_work\XPCO\XPCO\Corporate\RecordingServer\RecorderService\tst\VideoOS.Recorder.UnitTests\bin\x64\Debug\net472\VideoOS.Recorder.UnitTests.dll" adapterTypeName="executor://mstestadapter/v2" className="VideoOS.Recorder.UnitTests.Utility.DefinitionUtilityTest" name="GetDefaultOrFirstAudioEncodingFromDefinition_GetDefaultSettingTest" />
    </UnitTest>
    <UnitTest name="PtzManager_ReleaseLockedSessionFromExtension_Success" storage="d:\actions-runner\_work\xpco\xpco\corporate\recordingserver\recorderservice\tst\videoos.recorder.unittests\bin\x64\debug\net472\videoos.recorder.unittests.dll" id="18f2e0ff-08b6-90e9-c532-279cd8938e8a">
      <Execution id="40f35b2c-0bad-44f8-82ed-492d7292bab9" />
      <TestMethod codeBase="D:\actions-runner\_work\XPCO\XPCO\Corporate\RecordingServer\RecorderService\tst\VideoOS.Recorder.UnitTests\bin\x64\Debug\net472\VideoOS.Recorder.UnitTests.dll" adapterTypeName="executor://mstestadapter/v2" className="VideoOS.Recorder.UnitTests.Command.PtzManagerTests" name="PtzManager_ReleaseLockedSessionFromExtension_Success" />
    </UnitTest>
    <UnitTest name="SOAPCommandRequestHandler_ExecuteFunction_HandleJPEGGetLive_NoDevice" storage="d:\actions-runner\_work\xpco\xpco\corporate\recordingserver\recorderservice\tst\videoos.recorder.unittests\bin\x64\debug\net472\videoos.recorder.unittests.dll" id="8e756632-0f2f-0bd3-91e9-9a495f840b99">
      <Execution id="231d9596-c10b-4fa7-9d60-176e0de5a2d8" />
      <TestMethod codeBase="D:\actions-runner\_work\XPCO\XPCO\Corporate\RecordingServer\RecorderService\tst\VideoOS.Recorder.UnitTests\bin\x64\Debug\net472\VideoOS.Recorder.UnitTests.dll" adapterTypeName="executor://mstestadapter/v2" className="VideoOS.Recorder.UnitTests.WebServer.SOAPCommandRequestHandlerTests" name="SOAPCommandRequestHandler_ExecuteFunction_HandleJPEGGetLive_NoDevice" />
    </UnitTest>
    <UnitTest name="SOAPCommandRequestHandler_ExecuteFunction_HandlePTZMoveRelative_NoPtzArgs" storage="d:\actions-runner\_work\xpco\xpco\corporate\recordingserver\recorderservice\tst\videoos.recorder.unittests\bin\x64\debug\net472\videoos.recorder.unittests.dll" id="1125aafd-8d66-e0c2-4d2f-689b0526b93f">
      <Execution id="53229c7c-1ae8-44d6-86f9-f13d71b69d0c" />
      <TestMethod codeBase="D:\actions-runner\_work\XPCO\XPCO\Corporate\RecordingServer\RecorderService\tst\VideoOS.Recorder.UnitTests\bin\x64\Debug\net472\VideoOS.Recorder.UnitTests.dll" adapterTypeName="executor://mstestadapter/v2" className="VideoOS.Recorder.UnitTests.WebServer.SOAPCommandRequestHandlerTests" name="SOAPCommandRequestHandler_ExecuteFunction_HandlePTZMoveRelative_NoPtzArgs" />
    </UnitTest>
    <UnitTest name="CheckDeleteDeviceMediaCommandHandler_RecorderIsClosingNoAction" storage="d:\actions-runner\_work\xpco\xpco\corporate\recordingserver\recorderservice\tst\videoos.recorder.unittests\bin\x64\debug\net472\videoos.recorder.unittests.dll" id="eb91648c-5df5-c842-8817-ad45d8ac6975">
      <Execution id="adf39c30-06fa-423b-a162-a6d04f6ff646" />
      <TestMethod codeBase="D:\actions-runner\_work\XPCO\XPCO\Corporate\RecordingServer\RecorderService\tst\VideoOS.Recorder.UnitTests\bin\x64\Debug\net472\VideoOS.Recorder.UnitTests.dll" adapterTypeName="executor://mstestadapter/v2" className="VideoOS.Recorder.UnitTests.Command.CheckDeleteDeviceMediaCommandHandlerTests" name="CheckDeleteDeviceMediaCommandHandler_RecorderIsClosingNoAction" />
    </UnitTest>
    <UnitTest name="MediaDbUtil_MultitrackNavigation_Scenario14" storage="d:\actions-runner\_work\xpco\xpco\corporate\recordingserver\recorderservice\tst\videoos.recorder.unittests\bin\x64\debug\net472\videoos.recorder.unittests.dll" id="d0ebb5dd-39e2-2382-c6fa-adb8fc580505">
      <Execution id="92d48c05-8f9c-43e3-9f20-23828475d89c" />
      <TestMethod codeBase="D:\actions-runner\_work\XPCO\XPCO\Corporate\RecordingServer\RecorderService\tst\VideoOS.Recorder.UnitTests\bin\x64\Debug\net472\VideoOS.Recorder.UnitTests.dll" adapterTypeName="executor://mstestadapter/v2" className="VideoOS.Recorder.UnitTests.WebServer.MediaDbUtilUnitTests" name="MediaDbUtil_MultitrackNavigation_Scenario14" />
    </UnitTest>
    <UnitTest name="PrepareMoveHardwareCommandHandler_Execute_Started_And_Blocked_Changing_SuccessResponse" storage="d:\actions-runner\_work\xpco\xpco\corporate\recordingserver\recorderservice\tst\videoos.recorder.unittests\bin\x64\debug\net472\videoos.recorder.unittests.dll" id="923a054c-7a41-a6c0-9550-1aabab7edebe">
      <Execution id="b9cd5ab7-df6c-47d3-ae49-52cdd8aa7f18" />
      <TestMethod codeBase="D:\actions-runner\_work\XPCO\XPCO\Corporate\RecordingServer\RecorderService\tst\VideoOS.Recorder.UnitTests\bin\x64\Debug\net472\VideoOS.Recorder.UnitTests.dll" adapterTypeName="executor://mstestadapter/v2" className="VideoOS.Recorder.UnitTests.Command.PrepareMoveHardwareCommandHandlerTests" name="PrepareMoveHardwareCommandHandler_Execute_Started_And_Blocked_Changing_SuccessResponse" />
    </UnitTest>
    <UnitTest name="GetSettingAsIPAddress_NonExistingSetting_Throws_InvalidMulticastSettingsException" storage="d:\actions-runner\_work\xpco\xpco\corporate\recordingserver\recorderservice\tst\videoos.recorder.unittests\bin\x64\debug\net472\videoos.recorder.unittests.dll" id="9a3fbbbb-f996-7a27-25e0-852ec5b46dd8">
      <Execution id="0de1aade-911e-48cb-92d9-dc51cab4baf5" />
      <TestMethod codeBase="D:\actions-runner\_work\XPCO\XPCO\Corporate\RecordingServer\RecorderService\tst\VideoOS.Recorder.UnitTests\bin\x64\Debug\net472\VideoOS.Recorder.UnitTests.dll" adapterTypeName="executor://mstestadapter/v2" className="VideoOS.Recorder.UnitTests.Multicast.MulticastSettingsExtensionsUnitTests" name="GetSettingAsIPAddress_NonExistingSetting_Throws_InvalidMulticastSettingsException" />
    </UnitTest>
    <UnitTest name="PtzManager_CreateManualSessionWithLockFromExtension_Success" storage="d:\actions-runner\_work\xpco\xpco\corporate\recordingserver\recorderservice\tst\videoos.recorder.unittests\bin\x64\debug\net472\videoos.recorder.unittests.dll" id="b998ae54-7708-cc6c-f061-d7ae11f670af">
      <Execution id="51841f95-58ca-42ef-a754-f10ae1eda90a" />
      <TestMethod codeBase="D:\actions-runner\_work\XPCO\XPCO\Corporate\RecordingServer\RecorderService\tst\VideoOS.Recorder.UnitTests\bin\x64\Debug\net472\VideoOS.Recorder.UnitTests.dll" adapterTypeName="executor://mstestadapter/v2" className="VideoOS.Recorder.UnitTests.Command.PtzManagerTests" name="PtzManager_CreateManualSessionWithLockFromExtension_Success" />
    </UnitTest>
    <UnitTest name="RecStorage_Startup_AllowStart_NotKeepFailing_PwFailure_KeepOffline" storage="d:\actions-runner\_work\xpco\xpco\corporate\recordingserver\recorderservice\tst\videoos.recorder.unittests\bin\x64\debug\net472\videoos.recorder.unittests.dll" id="b033031b-d2ed-6e6b-9559-ae584836ec79">
      <Execution id="d515af35-6332-4322-abb5-2dd4ed1e1bdb" />
      <TestMethod codeBase="D:\actions-runner\_work\XPCO\XPCO\Corporate\RecordingServer\RecorderService\tst\VideoOS.Recorder.UnitTests\bin\x64\Debug\net472\VideoOS.Recorder.UnitTests.dll" adapterTypeName="executor://mstestadapter/v2" className="VideoOS.Recorder.UnitTests.ObjectModel.MediaDbManagerUnitTests" name="RecStorage_Startup_AllowStart_NotKeepFailing_PwFailure_KeepOffline" />
    </UnitTest>
    <UnitTest name="ChangeHardwarePasswordCommandHandler_Execute_ChangePassword_ThrowsNetworkError_Errors" storage="d:\actions-runner\_work\xpco\xpco\corporate\recordingserver\recorderservice\tst\videoos.recorder.unittests\bin\x64\debug\net472\videoos.recorder.unittests.dll" id="b7d79b70-654f-cdc7-c931-6bf701fefb44">
      <Execution id="cd9636b4-e390-463b-9b96-71daa6c1b384" />
      <TestMethod codeBase="D:\actions-runner\_work\XPCO\XPCO\Corporate\RecordingServer\RecorderService\tst\VideoOS.Recorder.UnitTests\bin\x64\Debug\net472\VideoOS.Recorder.UnitTests.dll" adapterTypeName="executor://mstestadapter/v2" className="VideoOS.Recorder.UnitTests.Command.ChangeHardwarePasswordCommandHandlerUnitTests" name="ChangeHardwarePasswordCommandHandler_Execute_ChangePassword_ThrowsNetworkError_Errors" />
    </UnitTest>
    <UnitTest name="GetHardwareUsersCommandHandler_Execute_GetUserList_HardwareNotStarted_Reschedules" storage="d:\actions-runner\_work\xpco\xpco\corporate\recordingserver\recorderservice\tst\videoos.recorder.unittests\bin\x64\debug\net472\videoos.recorder.unittests.dll" id="ae1af9b6-ace7-0c50-c6e0-cfbbdbc611dc">
      <Execution id="a562036b-4df0-4516-9d2b-0d06357c9581" />
      <TestMethod codeBase="D:\actions-runner\_work\XPCO\XPCO\Corporate\RecordingServer\RecorderService\tst\VideoOS.Recorder.UnitTests\bin\x64\Debug\net472\VideoOS.Recorder.UnitTests.dll" adapterTypeName="executor://mstestadapter/v2" className="VideoOS.Recorder.UnitTests.Command.GetHardwareUsersCommandHandlerUnitTests" name="GetHardwareUsersCommandHandler_Execute_GetUserList_HardwareNotStarted_Reschedules" />
    </UnitTest>
    <UnitTest name="ResponseController_ValidTimeoutResponse_ValidTimeoutResponseCalledOnCommManager" storage="d:\actions-runner\_work\xpco\xpco\corporate\recordingserver\recorderservice\tst\videoos.recorder.unittests\bin\x64\debug\net472\videoos.recorder.unittests.dll" id="f74c6c10-2aac-5c53-327d-f45ea200ba89">
      <Execution id="90a17a68-1f83-452c-95c9-6526910a2eb4" />
      <TestMethod codeBase="D:\actions-runner\_work\XPCO\XPCO\Corporate\RecordingServer\RecorderService\tst\VideoOS.Recorder.UnitTests\bin\x64\Debug\net472\VideoOS.Recorder.UnitTests.dll" adapterTypeName="executor://mstestadapter/v2" className="VideoOS.Recorder.UnitTests.ResponseControllerTests" name="ResponseController_ValidTimeoutResponse_ValidTimeoutResponseCalledOnCommManager" />
    </UnitTest>
    <UnitTest name="SOAPCommandRequestHandler_ExecuteFunction_HandleSmartSearchStart_NoSearchMaskSize" storage="d:\actions-runner\_work\xpco\xpco\corporate\recordingserver\recorderservice\tst\videoos.recorder.unittests\bin\x64\debug\net472\videoos.recorder.unittests.dll" id="0b0987af-9592-d82b-5279-72361c02ffcd">
      <Execution id="9412b2c1-b353-4d27-a436-f129d8586718" />
      <TestMethod codeBase="D:\actions-runner\_work\XPCO\XPCO\Corporate\RecordingServer\RecorderService\tst\VideoOS.Recorder.UnitTests\bin\x64\Debug\net472\VideoOS.Recorder.UnitTests.dll" adapterTypeName="executor://mstestadapter/v2" className="VideoOS.Recorder.UnitTests.WebServer.SOAPCommandRequestHandlerTests" name="SOAPCommandRequestHandler_ExecuteFunction_HandleSmartSearchStart_NoSearchMaskSize" />
    </UnitTest>
    <UnitTest name="PtzReserveSessionCommandHandler_Execute_PtzException_AlreadyReserved" storage="d:\actions-runner\_work\xpco\xpco\corporate\recordingserver\recorderservice\tst\videoos.recorder.unittests\bin\x64\debug\net472\videoos.recorder.unittests.dll" id="a10ebb89-791f-0b8d-7def-f32378661e60">
      <Execution id="a12b950b-d8a6-4131-8241-154cc1a5d3b4" />
      <TestMethod codeBase="D:\actions-runner\_work\XPCO\XPCO\Corporate\RecordingServer\RecorderService\tst\VideoOS.Recorder.UnitTests\bin\x64\Debug\net472\VideoOS.Recorder.UnitTests.dll" adapterTypeName="executor://mstestadapter/v2" className="VideoOS.Recorder.UnitTests.Command.PtzReserveSessionCommandHandlerTest" name="PtzReserveSessionCommandHandler_Execute_PtzException_AlreadyReserved" />
    </UnitTest>
    <UnitTest name="ArcStorage_PwFailure_KeepOffline" storage="d:\actions-runner\_work\xpco\xpco\corporate\recordingserver\recorderservice\tst\videoos.recorder.unittests\bin\x64\debug\net472\videoos.recorder.unittests.dll" id="85f43ac9-4a3d-9d19-561c-361db0298aa5">
      <Execution id="e1d63b59-592a-45e0-9517-86aa4c335281" />
      <TestMethod codeBase="D:\actions-runner\_work\XPCO\XPCO\Corporate\RecordingServer\RecorderService\tst\VideoOS.Recorder.UnitTests\bin\x64\Debug\net472\VideoOS.Recorder.UnitTests.dll" adapterTypeName="executor://mstestadapter/v2" className="VideoOS.Recorder.UnitTests.ObjectModel.MediaDbManagerUnitTests" name="ArcStorage_PwFailure_KeepOffline" />
    </UnitTest>
    <UnitTest name="SOAPCommandRequestHandler_ExecuteFunction_HandleGetRetentionTimeLimit_Success" storage="d:\actions-runner\_work\xpco\xpco\corporate\recordingserver\recorderservice\tst\videoos.recorder.unittests\bin\x64\debug\net472\videoos.recorder.unittests.dll" id="a963e446-af2d-a002-68c5-1d1aef7d51e8">
      <Execution id="31b0806a-34a7-420f-bf23-3e9d4f7f8b5e" />
      <TestMethod codeBase="D:\actions-runner\_work\XPCO\XPCO\Corporate\RecordingServer\RecorderService\tst\VideoOS.Recorder.UnitTests\bin\x64\Debug\net472\VideoOS.Recorder.UnitTests.dll" adapterTypeName="executor://mstestadapter/v2" className="VideoOS.Recorder.UnitTests.WebServer.SOAPCommandRequestHandlerTests" name="SOAPCommandRequestHandler_ExecuteFunction_HandleGetRetentionTimeLimit_Success" />
    </UnitTest>
    <UnitTest name="AddHardwareUserCommandHandler_Execute_Success" storage="d:\actions-runner\_work\xpco\xpco\corporate\recordingserver\recorderservice\tst\videoos.recorder.unittests\bin\x64\debug\net472\videoos.recorder.unittests.dll" id="dbd32b7f-641a-46d1-2792-648d5f9fff53">
      <Execution id="f9e40100-a4e9-4ecc-97ed-1c436e05be94" />
      <TestMethod codeBase="D:\actions-runner\_work\XPCO\XPCO\Corporate\RecordingServer\RecorderService\tst\VideoOS.Recorder.UnitTests\bin\x64\Debug\net472\VideoOS.Recorder.UnitTests.dll" adapterTypeName="executor://mstestadapter/v2" className="VideoOS.Recorder.UnitTests.Command.AddHardwareUserCommandHandlerRecorderUnitTests" name="AddHardwareUserCommandHandler_Execute_Success" />
    </UnitTest>
    <UnitTest name="GetSettingAsInt32_NonExistingSetting_Throws_InvalidMulticastSettingsException" storage="d:\actions-runner\_work\xpco\xpco\corporate\recordingserver\recorderservice\tst\videoos.recorder.unittests\bin\x64\debug\net472\videoos.recorder.unittests.dll" id="feb9425f-17e6-a400-b43c-667dfb8a797b">
      <Execution id="66e5b52b-89be-409b-a878-3eccef4a6752" />
      <TestMethod codeBase="D:\actions-runner\_work\XPCO\XPCO\Corporate\RecordingServer\RecorderService\tst\VideoOS.Recorder.UnitTests\bin\x64\Debug\net472\VideoOS.Recorder.UnitTests.dll" adapterTypeName="executor://mstestadapter/v2" className="VideoOS.Recorder.UnitTests.Multicast.MulticastSettingsExtensionsUnitTests" name="GetSettingAsInt32_NonExistingSetting_Throws_InvalidMulticastSettingsException" />
    </UnitTest>
    <UnitTest name="EvidenceLockOnOldRecorderCommandHandler_Constructor_RecorderEnvironmentNull_ArgumentNullException" storage="d:\actions-runner\_work\xpco\xpco\corporate\recordingserver\recorderservice\tst\videoos.recorder.unittests\bin\x64\debug\net472\videoos.recorder.unittests.dll" id="3498ef96-c386-48ab-92a0-21ade1a0f55a">
      <Execution id="1c46f11d-3279-42c4-9f72-83ef9cb3a21b" />
      <TestMethod codeBase="D:\actions-runner\_work\XPCO\XPCO\Corporate\RecordingServer\RecorderService\tst\VideoOS.Recorder.UnitTests\bin\x64\Debug\net472\VideoOS.Recorder.UnitTests.dll" adapterTypeName="executor://mstestadapter/v2" className="VideoOS.Recorder.UnitTests.Command.EvidenceLockOnOldRecorderCommandHandlerTests" name="EvidenceLockOnOldRecorderCommandHandler_Constructor_RecorderEnvironmentNull_ArgumentNullException" />
    </UnitTest>
    <UnitTest name="PtzStopSessionCommandHandler_Execute_NotSupportedException" storage="d:\actions-runner\_work\xpco\xpco\corporate\recordingserver\recorderservice\tst\videoos.recorder.unittests\bin\x64\debug\net472\videoos.recorder.unittests.dll" id="58a864d4-17e9-c73e-2e49-ff48f71f41da">
      <Execution id="97380ad1-9fb3-476a-8fd0-d27ffe1e2c11" />
      <TestMethod codeBase="D:\actions-runner\_work\XPCO\XPCO\Corporate\RecordingServer\RecorderService\tst\VideoOS.Recorder.UnitTests\bin\x64\Debug\net472\VideoOS.Recorder.UnitTests.dll" adapterTypeName="executor://mstestadapter/v2" className="VideoOS.Recorder.UnitTests.Command.PtzStopSessionCommandHandlerTest" name="PtzStopSessionCommandHandler_Execute_NotSupportedException" />
    </UnitTest>
    <UnitTest name="ConnectionShutdown_DeviceOnlyInConfig" storage="d:\actions-runner\_work\xpco\xpco\corporate\recordingserver\recorderservice\tst\videoos.recorder.unittests\bin\x64\debug\net472\videoos.recorder.unittests.dll" id="de85ce79-72ac-04bb-172f-715bd684d060">
      <Execution id="1dfce814-3ded-4a1d-8ca6-f327d5cd2daf" />
      <TestMethod codeBase="D:\actions-runner\_work\XPCO\XPCO\Corporate\RecordingServer\RecorderService\tst\VideoOS.Recorder.UnitTests\bin\x64\Debug\net472\VideoOS.Recorder.UnitTests.dll" adapterTypeName="executor://mstestadapter/v2" className="VideoOS.Recorder.UnitTests.WebServer.ImageServerRequestHandlerTests" name="ConnectionShutdown_DeviceOnlyInConfig" />
    </UnitTest>
    <UnitTest name="RecStorage_Startup_NotAllowStart_KeepFailing_PwFailure_KeepOffline" storage="d:\actions-runner\_work\xpco\xpco\corporate\recordingserver\recorderservice\tst\videoos.recorder.unittests\bin\x64\debug\net472\videoos.recorder.unittests.dll" id="1136f19d-597b-e33e-2d0b-816a915a7044">
      <Execution id="701c66b2-5a22-4dd8-af15-6eceb0b88cb3" />
      <TestMethod codeBase="D:\actions-runner\_work\XPCO\XPCO\Corporate\RecordingServer\RecorderService\tst\VideoOS.Recorder.UnitTests\bin\x64\Debug\net472\VideoOS.Recorder.UnitTests.dll" adapterTypeName="executor://mstestadapter/v2" className="VideoOS.Recorder.UnitTests.ObjectModel.MediaDbManagerUnitTests" name="RecStorage_Startup_NotAllowStart_KeepFailing_PwFailure_KeepOffline" />
    </UnitTest>
    <UnitTest name="SOAPCommandRequestHandler_ExecuteFunction_HandleJPEGGetLive_Success" storage="d:\actions-runner\_work\xpco\xpco\corporate\recordingserver\recorderservice\tst\videoos.recorder.unittests\bin\x64\debug\net472\videoos.recorder.unittests.dll" id="9fea31a5-ecc4-0a3d-77da-7233f75a438f">
      <Execution id="27a23191-7ae8-4b32-a331-f7a11c2d94da" />
      <TestMethod codeBase="D:\actions-runner\_work\XPCO\XPCO\Corporate\RecordingServer\RecorderService\tst\VideoOS.Recorder.UnitTests\bin\x64\Debug\net472\VideoOS.Recorder.UnitTests.dll" adapterTypeName="executor://mstestadapter/v2" className="VideoOS.Recorder.UnitTests.WebServer.SOAPCommandRequestHandlerTests" name="SOAPCommandRequestHandler_ExecuteFunction_HandleJPEGGetLive_Success" />
    </UnitTest>
    <UnitTest name="FilterTrackIdsToThoseThatShouldNotHaveMediaOnRecorder_InternalStateStopped_ReturnsEmptyArray" storage="d:\actions-runner\_work\xpco\xpco\corporate\recordingserver\recorderservice\tst\videoos.recorder.unittests\bin\x64\debug\net472\videoos.recorder.unittests.dll" id="58dde6db-21b2-00a7-5cdd-3956243b7ad3">
      <Execution id="3dd0a090-3dc7-46a1-b2fb-6abbf24b07b7" />
      <TestMethod codeBase="D:\actions-runner\_work\XPCO\XPCO\Corporate\RecordingServer\RecorderService\tst\VideoOS.Recorder.UnitTests\bin\x64\Debug\net472\VideoOS.Recorder.UnitTests.dll" adapterTypeName="executor://mstestadapter/v2" className="VideoOS.Recorder.UnitTests.CommManagerWebApiTests" name="FilterTrackIdsToThoseThatShouldNotHaveMediaOnRecorder_InternalStateStopped_ReturnsEmptyArray" />
    </UnitTest>
    <UnitTest name="SOAPCommandRequestHandler_ExecuteFunction_HandleMulticastContinue_NoMulticastSessionIds" storage="d:\actions-runner\_work\xpco\xpco\corporate\recordingserver\recorderservice\tst\videoos.recorder.unittests\bin\x64\debug\net472\videoos.recorder.unittests.dll" id="fcb30f78-9e7b-20ac-7955-48420245bce6">
      <Execution id="c7973fbd-0d56-4f0a-b204-d401887ea77a" />
      <TestMethod codeBase="D:\actions-runner\_work\XPCO\XPCO\Corporate\RecordingServer\RecorderService\tst\VideoOS.Recorder.UnitTests\bin\x64\Debug\net472\VideoOS.Recorder.UnitTests.dll" adapterTypeName="executor://mstestadapter/v2" className="VideoOS.Recorder.UnitTests.WebServer.SOAPCommandRequestHandlerTests" name="SOAPCommandRequestHandler_ExecuteFunction_HandleMulticastContinue_NoMulticastSessionIds" />
    </UnitTest>
    <UnitTest name="SOAPCommandRequestHandler_ExecuteFunction_HandleSequencesGetAround_NoMaxCountBefore" storage="d:\actions-runner\_work\xpco\xpco\corporate\recordingserver\recorderservice\tst\videoos.recorder.unittests\bin\x64\debug\net472\videoos.recorder.unittests.dll" id="3185fb68-e0b6-bae2-e639-e744f750e0da">
      <Execution id="2370fb2f-4d27-431b-99d4-50ef5fa4acde" />
      <TestMethod codeBase="D:\actions-runner\_work\XPCO\XPCO\Corporate\RecordingServer\RecorderService\tst\VideoOS.Recorder.UnitTests\bin\x64\Debug\net472\VideoOS.Recorder.UnitTests.dll" adapterTypeName="executor://mstestadapter/v2" className="VideoOS.Recorder.UnitTests.WebServer.SOAPCommandRequestHandlerTests" name="SOAPCommandRequestHandler_ExecuteFunction_HandleSequencesGetAround_NoMaxCountBefore" />
    </UnitTest>
    <UnitTest name="ConnectSuccessAdvancedVideoParams_ReplaceYesWithTrue_CameraWithTrack" storage="d:\actions-runner\_work\xpco\xpco\corporate\recordingserver\recorderservice\tst\videoos.recorder.unittests\bin\x64\debug\net472\videoos.recorder.unittests.dll" id="15a41eed-e791-397c-fd04-5f8c4a27a22e">
      <Execution id="4ba8ba90-49f2-4f8d-bee5-c5231b062fda" />
      <TestMethod codeBase="D:\actions-runner\_work\XPCO\XPCO\Corporate\RecordingServer\RecorderService\tst\VideoOS.Recorder.UnitTests\bin\x64\Debug\net472\VideoOS.Recorder.UnitTests.dll" adapterTypeName="executor://mstestadapter/v2" className="VideoOS.Recorder.UnitTests.WebServer.ImageServerRequestHandlerTests" name="ConnectSuccessAdvancedVideoParams_ReplaceYesWithTrue_CameraWithTrack" />
    </UnitTest>
    <UnitTest name="EvidenceLockOnOldRecorderCommandHandler_AddEvidenceLock" storage="d:\actions-runner\_work\xpco\xpco\corporate\recordingserver\recorderservice\tst\videoos.recorder.unittests\bin\x64\debug\net472\videoos.recorder.unittests.dll" id="bb734639-fb16-43f6-3b52-e96d7d28067c">
      <Execution id="db026589-8ed1-4ac7-a5c7-79d53d4aa364" />
      <TestMethod codeBase="D:\actions-runner\_work\XPCO\XPCO\Corporate\RecordingServer\RecorderService\tst\VideoOS.Recorder.UnitTests\bin\x64\Debug\net472\VideoOS.Recorder.UnitTests.dll" adapterTypeName="executor://mstestadapter/v2" className="VideoOS.Recorder.UnitTests.Command.EvidenceLockOnOldRecorderCommandHandlerTests" name="EvidenceLockOnOldRecorderCommandHandler_AddEvidenceLock" />
    </UnitTest>
    <UnitTest name="CheckDeleteDeviceMediaCommandHandler_LocalConfigEmpty_MediaDbG1_NoExistedTracks_DeleteG1" storage="d:\actions-runner\_work\xpco\xpco\corporate\recordingserver\recorderservice\tst\videoos.recorder.unittests\bin\x64\debug\net472\videoos.recorder.unittests.dll" id="874107af-69b6-d02c-bb7a-57da33f7f268">
      <Execution id="db496a98-f9a5-4ab2-808f-4f5e88d506f7" />
      <TestMethod codeBase="D:\actions-runner\_work\XPCO\XPCO\Corporate\RecordingServer\RecorderService\tst\VideoOS.Recorder.UnitTests\bin\x64\Debug\net472\VideoOS.Recorder.UnitTests.dll" adapterTypeName="executor://mstestadapter/v2" className="VideoOS.Recorder.UnitTests.Command.CheckDeleteDeviceMediaCommandHandlerTests" name="CheckDeleteDeviceMediaCommandHandler_LocalConfigEmpty_MediaDbG1_NoExistedTracks_DeleteG1" />
    </UnitTest>
    <UnitTest name="FirmwareUpgradeCommandHandler_Execute_FirmwareUpgrade_ThrowsFirmwareUpgradeUnknownError_Errors" storage="d:\actions-runner\_work\xpco\xpco\corporate\recordingserver\recorderservice\tst\videoos.recorder.unittests\bin\x64\debug\net472\videoos.recorder.unittests.dll" id="8bdbd0c1-a790-4970-e092-0b55412b8dc4">
      <Execution id="594b4040-392f-4939-bdf1-580b67cb47ba" />
      <TestMethod codeBase="D:\actions-runner\_work\XPCO\XPCO\Corporate\RecordingServer\RecorderService\tst\VideoOS.Recorder.UnitTests\bin\x64\Debug\net472\VideoOS.Recorder.UnitTests.dll" adapterTypeName="executor://mstestadapter/v2" className="VideoOS.Recorder.UnitTests.Command.FirmwareUpgradeCommandHandlerUnitTests" name="FirmwareUpgradeCommandHandler_Execute_FirmwareUpgrade_ThrowsFirmwareUpgradeUnknownError_Errors" />
    </UnitTest>
    <UnitTest name="EvidenceLockOnOldRecorderCommandHandler_RecorderNotFullyStarted_FailResponse" storage="d:\actions-runner\_work\xpco\xpco\corporate\recordingserver\recorderservice\tst\videoos.recorder.unittests\bin\x64\debug\net472\videoos.recorder.unittests.dll" id="0deed21f-fe9d-aba5-7fa5-ad0d36156ef0">
      <Execution id="83988bfc-c4e7-4ead-bf14-1c217212f74d" />
      <TestMethod codeBase="D:\actions-runner\_work\XPCO\XPCO\Corporate\RecordingServer\RecorderService\tst\VideoOS.Recorder.UnitTests\bin\x64\Debug\net472\VideoOS.Recorder.UnitTests.dll" adapterTypeName="executor://mstestadapter/v2" className="VideoOS.Recorder.UnitTests.Command.EvidenceLockOnOldRecorderCommandHandlerTests" name="EvidenceLockOnOldRecorderCommandHandler_RecorderNotFullyStarted_FailResponse" />
    </UnitTest>
    <UnitTest name="SOAPCommandRequestHandler_ExecuteFunction_HandleMulticastStart_Device_Is_Null" storage="d:\actions-runner\_work\xpco\xpco\corporate\recordingserver\recorderservice\tst\videoos.recorder.unittests\bin\x64\debug\net472\videoos.recorder.unittests.dll" id="141af022-ae5a-b351-b538-6c8ea661e39b">
      <Execution id="0df08927-a826-4e5a-8c7b-d589380f6ce4" />
      <TestMethod codeBase="D:\actions-runner\_work\XPCO\XPCO\Corporate\RecordingServer\RecorderService\tst\VideoOS.Recorder.UnitTests\bin\x64\Debug\net472\VideoOS.Recorder.UnitTests.dll" adapterTypeName="executor://mstestadapter/v2" className="VideoOS.Recorder.UnitTests.WebServer.SOAPCommandRequestHandlerTests" name="SOAPCommandRequestHandler_ExecuteFunction_HandleMulticastStart_Device_Is_Null" />
    </UnitTest>
    <UnitTest name="AddHardwareUserCommandHandler_Constructor_NullArg_Throws" storage="d:\actions-runner\_work\xpco\xpco\corporate\recordingserver\recorderservice\tst\videoos.recorder.unittests\bin\x64\debug\net472\videoos.recorder.unittests.dll" id="b8a67863-87af-ba6a-7a67-08a873270caf">
      <Execution id="aafcbb59-1163-4ad2-b51c-ac59e6f46071" />
      <TestMethod codeBase="D:\actions-runner\_work\XPCO\XPCO\Corporate\RecordingServer\RecorderService\tst\VideoOS.Recorder.UnitTests\bin\x64\Debug\net472\VideoOS.Recorder.UnitTests.dll" adapterTypeName="executor://mstestadapter/v2" className="VideoOS.Recorder.UnitTests.Command.AddHardwareUserCommandHandlerRecorderUnitTests" name="AddHardwareUserCommandHandler_Constructor_NullArg_Throws" />
    </UnitTest>
    <UnitTest name="CallStartMethodForNotCamera" storage="d:\actions-runner\_work\xpco\xpco\corporate\recordingserver\recorderservice\tst\videoos.recorder.unittests\bin\x64\debug\net472\videoos.recorder.unittests.dll" id="05902154-19c0-820e-ac4d-8b29c50acb9c">
      <TestCategory>
        <TestCategoryItem TestCategory="ObjectModel.Device.RelatedDeviceHandler" />
      </TestCategory>
      <Execution id="dccfe4ff-4638-4a41-9c51-f35d8f35da85" />
      <TestMethod codeBase="D:\actions-runner\_work\XPCO\XPCO\Corporate\RecordingServer\RecorderService\tst\VideoOS.Recorder.UnitTests\bin\x64\Debug\net472\VideoOS.Recorder.UnitTests.dll" adapterTypeName="executor://mstestadapter/v2" className="VideoOS.Recorder.UnitTests.ObjectModel.RelatedDeviceHandlerTest" name="CallStartMethodForNotCamera" />
    </UnitTest>
    <UnitTest name="PtzManager_CenterOnPositionInView_NoMediaFeedHandler" storage="d:\actions-runner\_work\xpco\xpco\corporate\recordingserver\recorderservice\tst\videoos.recorder.unittests\bin\x64\debug\net472\videoos.recorder.unittests.dll" id="1ceefeff-052b-0e95-f3a6-b5182af0c49a">
      <Execution id="66a7f439-7b6f-4df9-83ea-54002a895b71" />
      <TestMethod codeBase="D:\actions-runner\_work\XPCO\XPCO\Corporate\RecordingServer\RecorderService\tst\VideoOS.Recorder.UnitTests\bin\x64\Debug\net472\VideoOS.Recorder.UnitTests.dll" adapterTypeName="executor://mstestadapter/v2" className="VideoOS.Recorder.UnitTests.Command.PtzManagerTests" name="PtzManager_CenterOnPositionInView_NoMediaFeedHandler" />
    </UnitTest>
    <UnitTest name="MediaDbConfigurationWriter_WriteDeviceTableConfiguration_Cam" storage="d:\actions-runner\_work\xpco\xpco\corporate\recordingserver\recorderservice\tst\videoos.recorder.unittests\bin\x64\debug\net472\videoos.recorder.unittests.dll" id="b1e99fad-9712-752b-8a64-8111d141c044">
      <Execution id="ded4f135-7b15-4b49-a37b-ee62ca997032" />
      <TestMethod codeBase="D:\actions-runner\_work\XPCO\XPCO\Corporate\RecordingServer\RecorderService\tst\VideoOS.Recorder.UnitTests\bin\x64\Debug\net472\VideoOS.Recorder.UnitTests.dll" adapterTypeName="executor://mstestadapter/v2" className="VideoOS.Recorder.UnitTests.Database.MediaDbConfigurationWriterUnitTests" name="MediaDbConfigurationWriter_WriteDeviceTableConfiguration_Cam" />
    </UnitTest>
    <UnitTest name="SOAPCommandRequestHandler_ExecuteFunction_HandlePTZMoveStop_NoDeviceId" storage="d:\actions-runner\_work\xpco\xpco\corporate\recordingserver\recorderservice\tst\videoos.recorder.unittests\bin\x64\debug\net472\videoos.recorder.unittests.dll" id="85b7c4ed-df7d-3214-f235-e36b4a4b80d6">
      <Execution id="ef74b0ca-4597-4356-887d-1fee7e12c489" />
      <TestMethod codeBase="D:\actions-runner\_work\XPCO\XPCO\Corporate\RecordingServer\RecorderService\tst\VideoOS.Recorder.UnitTests\bin\x64\Debug\net472\VideoOS.Recorder.UnitTests.dll" adapterTypeName="executor://mstestadapter/v2" className="VideoOS.Recorder.UnitTests.WebServer.SOAPCommandRequestHandlerTests" name="SOAPCommandRequestHandler_ExecuteFunction_HandlePTZMoveStop_NoDeviceId" />
    </UnitTest>
    <UnitTest name="ResponseController_SuccessResponseNullInput_BadRequestResult" storage="d:\actions-runner\_work\xpco\xpco\corporate\recordingserver\recorderservice\tst\videoos.recorder.unittests\bin\x64\debug\net472\videoos.recorder.unittests.dll" id="a58d2151-c40f-b31b-6cf5-e8280bd8e1c5">
      <Execution id="f86b1121-95ec-414e-b03e-981412d000ac" />
      <TestMethod codeBase="D:\actions-runner\_work\XPCO\XPCO\Corporate\RecordingServer\RecorderService\tst\VideoOS.Recorder.UnitTests\bin\x64\Debug\net472\VideoOS.Recorder.UnitTests.dll" adapterTypeName="executor://mstestadapter/v2" className="VideoOS.Recorder.UnitTests.ResponseControllerTests" name="ResponseController_SuccessResponseNullInput_BadRequestResult" />
    </UnitTest>
    <UnitTest name="GetNetworkConfigurationCommandHandler_Execute_NoMatchingMac_Errors" storage="d:\actions-runner\_work\xpco\xpco\corporate\recordingserver\recorderservice\tst\videoos.recorder.unittests\bin\x64\debug\net472\videoos.recorder.unittests.dll" id="6d362d99-5767-d5fe-b451-043dbe90ec01">
      <Execution id="755d0482-7da6-4ba0-ad19-13e2b0a13217" />
      <TestMethod codeBase="D:\actions-runner\_work\XPCO\XPCO\Corporate\RecordingServer\RecorderService\tst\VideoOS.Recorder.UnitTests\bin\x64\Debug\net472\VideoOS.Recorder.UnitTests.dll" adapterTypeName="executor://mstestadapter/v2" className="VideoOS.Recorder.UnitTests.Command.GetNetworkConfigurationCommandHandlerUnitTests" name="GetNetworkConfigurationCommandHandler_Execute_NoMatchingMac_Errors" />
    </UnitTest>
    <UnitTest name="GetDatabaseInfo_RecordingStorageNotFound_ArchiveHintTrue" storage="d:\actions-runner\_work\xpco\xpco\corporate\recordingserver\recorderservice\tst\videoos.recorder.unittests\bin\x64\debug\net472\videoos.recorder.unittests.dll" id="7df383ca-baa8-b798-2990-6141bf44ad19">
      <Execution id="41a29d28-c49b-4cfc-af0d-17b87ee097aa" />
      <TestMethod codeBase="D:\actions-runner\_work\XPCO\XPCO\Corporate\RecordingServer\RecorderService\tst\VideoOS.Recorder.UnitTests\bin\x64\Debug\net472\VideoOS.Recorder.UnitTests.dll" adapterTypeName="executor://mstestadapter/v2" className="VideoOS.Recorder.UnitTests.MediaDbEventProcessorTests" name="GetDatabaseInfo_RecordingStorageNotFound_ArchiveHintTrue" />
    </UnitTest>
    <UnitTest name="PtzStopSessionCommandHandler_Execute_DriverPtzException" storage="d:\actions-runner\_work\xpco\xpco\corporate\recordingserver\recorderservice\tst\videoos.recorder.unittests\bin\x64\debug\net472\videoos.recorder.unittests.dll" id="205161d4-07bf-cbb2-5347-aad5382f0e04">
      <Execution id="aed65521-a297-4a08-bd6b-ee2fc949eb8d" />
      <TestMethod codeBase="D:\actions-runner\_work\XPCO\XPCO\Corporate\RecordingServer\RecorderService\tst\VideoOS.Recorder.UnitTests\bin\x64\Debug\net472\VideoOS.Recorder.UnitTests.dll" adapterTypeName="executor://mstestadapter/v2" className="VideoOS.Recorder.UnitTests.Command.PtzStopSessionCommandHandlerTest" name="PtzStopSessionCommandHandler_Execute_DriverPtzException" />
    </UnitTest>
    <UnitTest name="DeleteHardwareUserCommandHandler_Execute_HardwareNotStarted_Errors" storage="d:\actions-runner\_work\xpco\xpco\corporate\recordingserver\recorderservice\tst\videoos.recorder.unittests\bin\x64\debug\net472\videoos.recorder.unittests.dll" id="2186a4a8-dd5a-64b1-6125-6bc3f0007449">
      <Execution id="6060dadb-f92b-4547-9b3b-36bc412fb891" />
      <TestMethod codeBase="D:\actions-runner\_work\XPCO\XPCO\Corporate\RecordingServer\RecorderService\tst\VideoOS.Recorder.UnitTests\bin\x64\Debug\net472\VideoOS.Recorder.UnitTests.dll" adapterTypeName="executor://mstestadapter/v2" className="VideoOS.Recorder.UnitTests.Command.DeleteHardwareUserCommandHandlerTest" name="DeleteHardwareUserCommandHandler_Execute_HardwareNotStarted_Errors" />
    </UnitTest>
    <UnitTest name="SOAPCommandRequestHandler_ExecuteFunction_HandleInputGetState_NoSecurity" storage="d:\actions-runner\_work\xpco\xpco\corporate\recordingserver\recorderservice\tst\videoos.recorder.unittests\bin\x64\debug\net472\videoos.recorder.unittests.dll" id="337224f0-3955-4c64-79db-ba1aa0230c85">
      <Execution id="fd3c2dea-6e7e-4279-b673-c67df983efd1" />
      <TestMethod codeBase="D:\actions-runner\_work\XPCO\XPCO\Corporate\RecordingServer\RecorderService\tst\VideoOS.Recorder.UnitTests\bin\x64\Debug\net472\VideoOS.Recorder.UnitTests.dll" adapterTypeName="executor://mstestadapter/v2" className="VideoOS.Recorder.UnitTests.WebServer.SOAPCommandRequestHandlerTests" name="SOAPCommandRequestHandler_ExecuteFunction_HandleInputGetState_NoSecurity" />
    </UnitTest>
    <UnitTest name="CollectRecorderInfoCommandXmlConverter_ArchiveProgress_Multiple_WithProgress" storage="d:\actions-runner\_work\xpco\xpco\corporate\recordingserver\recorderservice\tst\videoos.recorder.unittests\bin\x64\debug\net472\videoos.recorder.unittests.dll" id="53b21db6-e224-f7d6-d608-aba39e74b1f9">
      <Execution id="95910c22-cf40-4f3a-948e-d25967bdc5f3" />
      <TestMethod codeBase="D:\actions-runner\_work\XPCO\XPCO\Corporate\RecordingServer\RecorderService\tst\VideoOS.Recorder.UnitTests\bin\x64\Debug\net472\VideoOS.Recorder.UnitTests.dll" adapterTypeName="executor://mstestadapter/v2" className="VideoOS.Recorder.UnitTests.Command.CollectRecorderInfoCommandXmlConverterTest" name="CollectRecorderInfoCommandXmlConverter_ArchiveProgress_Multiple_WithProgress" />
    </UnitTest>
    <UnitTest name="GetNetworkConfigurationCommandHandler_Constructor_NullArg_Throws" storage="d:\actions-runner\_work\xpco\xpco\corporate\recordingserver\recorderservice\tst\videoos.recorder.unittests\bin\x64\debug\net472\videoos.recorder.unittests.dll" id="cc256b6e-e64d-2ded-8470-461578180b1a">
      <Execution id="cbbb98bc-5437-4f0f-a4a7-3f852457d0d6" />
      <TestMethod codeBase="D:\actions-runner\_work\XPCO\XPCO\Corporate\RecordingServer\RecorderService\tst\VideoOS.Recorder.UnitTests\bin\x64\Debug\net472\VideoOS.Recorder.UnitTests.dll" adapterTypeName="executor://mstestadapter/v2" className="VideoOS.Recorder.UnitTests.Command.GetNetworkConfigurationCommandHandlerUnitTests" name="GetNetworkConfigurationCommandHandler_Constructor_NullArg_Throws" />
    </UnitTest>
    <UnitTest name="ResponseController_ValidBoolResponse_BoolResponseWithTokenAndCorrectBoolCalledOnCommManager" storage="d:\actions-runner\_work\xpco\xpco\corporate\recordingserver\recorderservice\tst\videoos.recorder.unittests\bin\x64\debug\net472\videoos.recorder.unittests.dll" id="68e12081-5f64-d897-b1b7-3bcfc154834b">
      <Execution id="89fc191b-08e2-4874-ae3d-05c0e38220ca" />
      <TestMethod codeBase="D:\actions-runner\_work\XPCO\XPCO\Corporate\RecordingServer\RecorderService\tst\VideoOS.Recorder.UnitTests\bin\x64\Debug\net472\VideoOS.Recorder.UnitTests.dll" adapterTypeName="executor://mstestadapter/v2" className="VideoOS.Recorder.UnitTests.ResponseControllerTests" name="ResponseController_ValidBoolResponse_BoolResponseWithTokenAndCorrectBoolCalledOnCommManager" />
    </UnitTest>
    <UnitTest name="PtzPatrollingSessionBase_ExternalStopAndMoveToEndPosition_DeviceNotStarted" storage="d:\actions-runner\_work\xpco\xpco\corporate\recordingserver\recorderservice\tst\videoos.recorder.unittests\bin\x64\debug\net472\videoos.recorder.unittests.dll" id="1e407488-9201-420d-35b5-15b3a1904cc0">
      <Execution id="6bd3200b-c1a4-419f-bf79-5cd5c0aeaac9" />
      <TestMethod codeBase="D:\actions-runner\_work\XPCO\XPCO\Corporate\RecordingServer\RecorderService\tst\VideoOS.Recorder.UnitTests\bin\x64\Debug\net472\VideoOS.Recorder.UnitTests.dll" adapterTypeName="executor://mstestadapter/v2" className="VideoOS.Recorder.UnitTests.Command.PtzSessionsTests" name="PtzPatrollingSessionBase_ExternalStopAndMoveToEndPosition_DeviceNotStarted" />
    </UnitTest>
    <UnitTest name="DatabaseoperationCommandhandler_FilterTrackIdsToThoseWithoutMediaOnRecorder_Success" storage="d:\actions-runner\_work\xpco\xpco\corporate\recordingserver\recorderservice\tst\videoos.recorder.unittests\bin\x64\debug\net472\videoos.recorder.unittests.dll" id="ff65b58d-13f8-81a9-7714-0fc6c1e404e1">
      <Execution id="8437f7a6-55b3-4344-b860-128b18eaf8d4" />
      <TestMethod codeBase="D:\actions-runner\_work\XPCO\XPCO\Corporate\RecordingServer\RecorderService\tst\VideoOS.Recorder.UnitTests\bin\x64\Debug\net472\VideoOS.Recorder.UnitTests.dll" adapterTypeName="executor://mstestadapter/v2" className="VideoOS.Recorder.UnitTests.Command.DatabaseOperationCommandHandlerUnitTests" name="DatabaseoperationCommandhandler_FilterTrackIdsToThoseWithoutMediaOnRecorder_Success" />
    </UnitTest>
    <UnitTest name="DatabaseBankInfo_Sum_ArgumentExceptions" storage="d:\actions-runner\_work\xpco\xpco\corporate\recordingserver\recorderservice\tst\videoos.recorder.unittests\bin\x64\debug\net472\videoos.recorder.unittests.dll" id="8e6016e5-c20d-de8c-09cf-d31cd025b2ca">
      <Execution id="fe3c930a-eab8-49fb-9cff-0a95cb5386a1" />
      <TestMethod codeBase="D:\actions-runner\_work\XPCO\XPCO\Corporate\RecordingServer\RecorderService\tst\VideoOS.Recorder.UnitTests\bin\x64\Debug\net472\VideoOS.Recorder.UnitTests.dll" adapterTypeName="executor://mstestadapter/v2" className="VideoOS.Recorder.UnitTests.Database.DatabaseBankInfoTests" name="DatabaseBankInfo_Sum_ArgumentExceptions" />
    </UnitTest>
    <UnitTest name="SOAPCommandRequestHandler_ExecuteFunction_HandlePTZReserveSession_Success" storage="d:\actions-runner\_work\xpco\xpco\corporate\recordingserver\recorderservice\tst\videoos.recorder.unittests\bin\x64\debug\net472\videoos.recorder.unittests.dll" id="147225c2-52c5-173e-279e-3603e68e2410">
      <Execution id="ad366ed8-75e7-4b9c-9c5e-bc1fc4800f23" />
      <TestMethod codeBase="D:\actions-runner\_work\XPCO\XPCO\Corporate\RecordingServer\RecorderService\tst\VideoOS.Recorder.UnitTests\bin\x64\Debug\net472\VideoOS.Recorder.UnitTests.dll" adapterTypeName="executor://mstestadapter/v2" className="VideoOS.Recorder.UnitTests.WebServer.SOAPCommandRequestHandlerTests" name="SOAPCommandRequestHandler_ExecuteFunction_HandlePTZReserveSession_Success" />
    </UnitTest>
    <UnitTest name="CheckHardwareDefinitionCommandHandler_Constructor_DeviceProviderNull_ArgumentNullException" storage="d:\actions-runner\_work\xpco\xpco\corporate\recordingserver\recorderservice\tst\videoos.recorder.unittests\bin\x64\debug\net472\videoos.recorder.unittests.dll" id="cd0565df-9cf9-96e1-f8c8-5094c3637335">
      <Execution id="3337d7bc-6d5b-48c0-a629-9a2c85fd7211" />
      <TestMethod codeBase="D:\actions-runner\_work\XPCO\XPCO\Corporate\RecordingServer\RecorderService\tst\VideoOS.Recorder.UnitTests\bin\x64\Debug\net472\VideoOS.Recorder.UnitTests.dll" adapterTypeName="executor://mstestadapter/v2" className="VideoOS.Recorder.UnitTests.Command.CheckHardwareDefinitionCommandHandlerTests" name="CheckHardwareDefinitionCommandHandler_Constructor_DeviceProviderNull_ArgumentNullException" />
    </UnitTest>
    <UnitTest name="FirmwareUpgradeCommandHandler_Execute_FirmwareUpgrade_ThrowsFirmwareUpgradeSessionNotFound_Errors" storage="d:\actions-runner\_work\xpco\xpco\corporate\recordingserver\recorderservice\tst\videoos.recorder.unittests\bin\x64\debug\net472\videoos.recorder.unittests.dll" id="ab6149ce-419d-6770-605d-0aacf6146f80">
      <Execution id="a0b63132-5060-4a31-810f-d21d93fde16e" />
      <TestMethod codeBase="D:\actions-runner\_work\XPCO\XPCO\Corporate\RecordingServer\RecorderService\tst\VideoOS.Recorder.UnitTests\bin\x64\Debug\net472\VideoOS.Recorder.UnitTests.dll" adapterTypeName="executor://mstestadapter/v2" className="VideoOS.Recorder.UnitTests.Command.FirmwareUpgradeCommandHandlerUnitTests" name="FirmwareUpgradeCommandHandler_Execute_FirmwareUpgrade_ThrowsFirmwareUpgradeSessionNotFound_Errors" />
    </UnitTest>
    <UnitTest name="SOAPCommandRequestHandler_ExecuteFunction_HandleJPEGGetAtOrAfter_Success" storage="d:\actions-runner\_work\xpco\xpco\corporate\recordingserver\recorderservice\tst\videoos.recorder.unittests\bin\x64\debug\net472\videoos.recorder.unittests.dll" id="6a24a456-2305-60dd-4ae6-7ffea3a9462d">
      <Execution id="69323040-9283-4b91-8b80-d06d9a516807" />
      <TestMethod codeBase="D:\actions-runner\_work\XPCO\XPCO\Corporate\RecordingServer\RecorderService\tst\VideoOS.Recorder.UnitTests\bin\x64\Debug\net472\VideoOS.Recorder.UnitTests.dll" adapterTypeName="executor://mstestadapter/v2" className="VideoOS.Recorder.UnitTests.WebServer.SOAPCommandRequestHandlerTests" name="SOAPCommandRequestHandler_ExecuteFunction_HandleJPEGGetAtOrAfter_Success" />
    </UnitTest>
    <UnitTest name="GetRecorderTasks_InternalStateStartedNoTasks_ReturnsEmptyArray" storage="d:\actions-runner\_work\xpco\xpco\corporate\recordingserver\recorderservice\tst\videoos.recorder.unittests\bin\x64\debug\net472\videoos.recorder.unittests.dll" id="474ab277-6c31-1153-3cae-5919c48855fc">
      <Execution id="9fea818f-9fee-40c1-95f3-be53e7bc8369" />
      <TestMethod codeBase="D:\actions-runner\_work\XPCO\XPCO\Corporate\RecordingServer\RecorderService\tst\VideoOS.Recorder.UnitTests\bin\x64\Debug\net472\VideoOS.Recorder.UnitTests.dll" adapterTypeName="executor://mstestadapter/v2" className="VideoOS.Recorder.UnitTests.CommManagerWebApiTests" name="GetRecorderTasks_InternalStateStartedNoTasks_ReturnsEmptyArray" />
    </UnitTest>
    <UnitTest name="SOAPCommandRequestHandler_ExecuteFunction_HandlePTZGetSessionInfo_NoDeviceId" storage="d:\actions-runner\_work\xpco\xpco\corporate\recordingserver\recorderservice\tst\videoos.recorder.unittests\bin\x64\debug\net472\videoos.recorder.unittests.dll" id="287aa87e-246b-cdae-b0da-8a12e15196b8">
      <Execution id="e275e488-23cf-49db-82ae-8c3abcd73ab5" />
      <TestMethod codeBase="D:\actions-runner\_work\XPCO\XPCO\Corporate\RecordingServer\RecorderService\tst\VideoOS.Recorder.UnitTests\bin\x64\Debug\net472\VideoOS.Recorder.UnitTests.dll" adapterTypeName="executor://mstestadapter/v2" className="VideoOS.Recorder.UnitTests.WebServer.SOAPCommandRequestHandlerTests" name="SOAPCommandRequestHandler_ExecuteFunction_HandlePTZGetSessionInfo_NoDeviceId" />
    </UnitTest>
    <UnitTest name="AddHardwareUserCommandHandler_Execute_AddUser_ThrowsUserHandlingUserNameTooLong_Errors" storage="d:\actions-runner\_work\xpco\xpco\corporate\recordingserver\recorderservice\tst\videoos.recorder.unittests\bin\x64\debug\net472\videoos.recorder.unittests.dll" id="06f1153d-4313-902a-26b0-c66230e076df">
      <Execution id="fb9557aa-f335-4867-a214-c63cfd021dae" />
      <TestMethod codeBase="D:\actions-runner\_work\XPCO\XPCO\Corporate\RecordingServer\RecorderService\tst\VideoOS.Recorder.UnitTests\bin\x64\Debug\net472\VideoOS.Recorder.UnitTests.dll" adapterTypeName="executor://mstestadapter/v2" className="VideoOS.Recorder.UnitTests.Command.AddHardwareUserCommandHandlerRecorderUnitTests" name="AddHardwareUserCommandHandler_Execute_AddUser_ThrowsUserHandlingUserNameTooLong_Errors" />
    </UnitTest>
    <UnitTest name="ConnectSuccess_NewerPrivacyMaskFormat" storage="d:\actions-runner\_work\xpco\xpco\corporate\recordingserver\recorderservice\tst\videoos.recorder.unittests\bin\x64\debug\net472\videoos.recorder.unittests.dll" id="3596cb57-c28e-3188-c489-7182abdaa943">
      <Execution id="c5f044cb-f932-4420-a102-b3686c10c3a8" />
      <TestMethod codeBase="D:\actions-runner\_work\XPCO\XPCO\Corporate\RecordingServer\RecorderService\tst\VideoOS.Recorder.UnitTests\bin\x64\Debug\net472\VideoOS.Recorder.UnitTests.dll" adapterTypeName="executor://mstestadapter/v2" className="VideoOS.Recorder.UnitTests.WebServer.ImageServerRequestHandlerTests" name="ConnectSuccess_NewerPrivacyMaskFormat" />
    </UnitTest>
    <UnitTest name="SOAPCommandRequestHandler_ExecuteFunction_HandleSmartSearchStart_SearchMaskNotSquared" storage="d:\actions-runner\_work\xpco\xpco\corporate\recordingserver\recorderservice\tst\videoos.recorder.unittests\bin\x64\debug\net472\videoos.recorder.unittests.dll" id="f9554bb2-d464-b5d5-c8ba-1d8fdb1d5484">
      <Execution id="0aedd3fc-d577-4983-9620-8831146f3d0c" />
      <TestMethod codeBase="D:\actions-runner\_work\XPCO\XPCO\Corporate\RecordingServer\RecorderService\tst\VideoOS.Recorder.UnitTests\bin\x64\Debug\net472\VideoOS.Recorder.UnitTests.dll" adapterTypeName="executor://mstestadapter/v2" className="VideoOS.Recorder.UnitTests.WebServer.SOAPCommandRequestHandlerTests" name="SOAPCommandRequestHandler_ExecuteFunction_HandleSmartSearchStart_SearchMaskNotSquared" />
    </UnitTest>
    <UnitTest name="PtzPatrollingSessionBase_ExternalPause_Success" storage="d:\actions-runner\_work\xpco\xpco\corporate\recordingserver\recorderservice\tst\videoos.recorder.unittests\bin\x64\debug\net472\videoos.recorder.unittests.dll" id="f782db4c-e79b-1174-f78b-56472f825a51">
      <Execution id="fedd9051-51f4-459e-bd0b-8df7ced0595c" />
      <TestMethod codeBase="D:\actions-runner\_work\XPCO\XPCO\Corporate\RecordingServer\RecorderService\tst\VideoOS.Recorder.UnitTests\bin\x64\Debug\net472\VideoOS.Recorder.UnitTests.dll" adapterTypeName="executor://mstestadapter/v2" className="VideoOS.Recorder.UnitTests.Command.PtzSessionsTests" name="PtzPatrollingSessionBase_ExternalPause_Success" />
    </UnitTest>
    <UnitTest name="SOAPCommandRequestHandler_ExecuteFunction_HandleSmartSearchStart_NoIgnoreInitialMotion" storage="d:\actions-runner\_work\xpco\xpco\corporate\recordingserver\recorderservice\tst\videoos.recorder.unittests\bin\x64\debug\net472\videoos.recorder.unittests.dll" id="6c6a5b51-c931-7315-893f-b5965b12afd9">
      <Execution id="35b437d3-03a8-43eb-8b96-6f63ef856462" />
      <TestMethod codeBase="D:\actions-runner\_work\XPCO\XPCO\Corporate\RecordingServer\RecorderService\tst\VideoOS.Recorder.UnitTests\bin\x64\Debug\net472\VideoOS.Recorder.UnitTests.dll" adapterTypeName="executor://mstestadapter/v2" className="VideoOS.Recorder.UnitTests.WebServer.SOAPCommandRequestHandlerTests" name="SOAPCommandRequestHandler_ExecuteFunction_HandleSmartSearchStart_NoIgnoreInitialMotion" />
    </UnitTest>
    <UnitTest name="OnTimer_TimerCallback_PingActionCalled" storage="d:\actions-runner\_work\xpco\xpco\corporate\recordingserver\recorderservice\tst\videoos.recorder.unittests\bin\x64\debug\net472\videoos.recorder.unittests.dll" id="288762e4-5c4d-5910-ed4b-3054184b8d0a">
      <Execution id="d4f1f158-e68d-4a1b-8aa6-0867c4a8259f" />
      <TestMethod codeBase="D:\actions-runner\_work\XPCO\XPCO\Corporate\RecordingServer\RecorderService\tst\VideoOS.Recorder.UnitTests\bin\x64\Debug\net472\VideoOS.Recorder.UnitTests.dll" adapterTypeName="executor://mstestadapter/v2" className="VideoOS.Recorder.UnitTests.PingManagerTests" name="OnTimer_TimerCallback_PingActionCalled" />
    </UnitTest>
    <UnitTest name="TimeRangeTestAllInOne" storage="d:\actions-runner\_work\xpco\xpco\corporate\recordingserver\recorderservice\tst\videoos.recorder.unittests\bin\x64\debug\net472\videoos.recorder.unittests.dll" id="9b801494-2dab-ded5-4f6a-e5e56b62cd34">
      <TestCategory>
        <TestCategoryItem TestCategory="TimeRangeConversion" />
      </TestCategory>
      <Execution id="ce781f97-f143-48d7-9d26-951ad47015d1" />
      <TestMethod codeBase="D:\actions-runner\_work\XPCO\XPCO\Corporate\RecordingServer\RecorderService\tst\VideoOS.Recorder.UnitTests\bin\x64\Debug\net472\VideoOS.Recorder.UnitTests.dll" adapterTypeName="executor://mstestadapter/v2" className="VideoOS.Recorder.UnitTests.TimeRangeConversionTests.TimeRangeConversionTests" name="TimeRangeTestAllInOne" />
    </UnitTest>
    <UnitTest name="CollectMediaStatusCommandHandler_Recorder_IsStopping2" storage="d:\actions-runner\_work\xpco\xpco\corporate\recordingserver\recorderservice\tst\videoos.recorder.unittests\bin\x64\debug\net472\videoos.recorder.unittests.dll" id="2c35873b-704c-0451-50eb-601e0fe103d9">
      <Execution id="ef07ec31-61e3-4c68-b4d8-6aa01f484ea4" />
      <TestMethod codeBase="D:\actions-runner\_work\XPCO\XPCO\Corporate\RecordingServer\RecorderService\tst\VideoOS.Recorder.UnitTests\bin\x64\Debug\net472\VideoOS.Recorder.UnitTests.dll" adapterTypeName="executor://mstestadapter/v2" className="VideoOS.Recorder.UnitTests.Command.CollectMediaStatusCommandHandlerTests" name="CollectMediaStatusCommandHandler_Recorder_IsStopping2" />
    </UnitTest>
    <UnitTest name="PingStart_TimeSpanZero_ArgumentOutOfRangeException" storage="d:\actions-runner\_work\xpco\xpco\corporate\recordingserver\recorderservice\tst\videoos.recorder.unittests\bin\x64\debug\net472\videoos.recorder.unittests.dll" id="73a1826e-5ec3-5747-b3b5-b6cf510ee279">
      <Execution id="cace0f28-4fa5-4a1f-98aa-a455545663f8" />
      <TestMethod codeBase="D:\actions-runner\_work\XPCO\XPCO\Corporate\RecordingServer\RecorderService\tst\VideoOS.Recorder.UnitTests\bin\x64\Debug\net472\VideoOS.Recorder.UnitTests.dll" adapterTypeName="executor://mstestadapter/v2" className="VideoOS.Recorder.UnitTests.PingManagerTests" name="PingStart_TimeSpanZero_ArgumentOutOfRangeException" />
    </UnitTest>
    <UnitTest name="RecordingStorageDeviceLinkEntries_QueryByRecordingStorageId_Success" storage="d:\actions-runner\_work\xpco\xpco\corporate\recordingserver\recorderservice\tst\videoos.recorder.unittests\bin\x64\debug\net472\videoos.recorder.unittests.dll" id="bf0f8068-e690-c5d9-efec-8bb2e4acd092">
      <Execution id="b10be6ba-7632-4802-bd89-d0a2f69b01d1" />
      <TestMethod codeBase="D:\actions-runner\_work\XPCO\XPCO\Corporate\RecordingServer\RecorderService\tst\VideoOS.Recorder.UnitTests\bin\x64\Debug\net472\VideoOS.Recorder.UnitTests.dll" adapterTypeName="executor://mstestadapter/v2" className="VideoOS.Recorder.UnitTests.RecordingStorageDeviceLinkEntriesTests" name="RecordingStorageDeviceLinkEntries_QueryByRecordingStorageId_Success" />
    </UnitTest>
    <UnitTest name="PtzManager_ExecutePtzRequest_Success" storage="d:\actions-runner\_work\xpco\xpco\corporate\recordingserver\recorderservice\tst\videoos.recorder.unittests\bin\x64\debug\net472\videoos.recorder.unittests.dll" id="39e8a3bf-f5ea-1942-fcd6-4f40fff621b0">
      <Execution id="24a67295-f835-44d0-9548-4cbc8e628494" />
      <TestMethod codeBase="D:\actions-runner\_work\XPCO\XPCO\Corporate\RecordingServer\RecorderService\tst\VideoOS.Recorder.UnitTests\bin\x64\Debug\net472\VideoOS.Recorder.UnitTests.dll" adapterTypeName="executor://mstestadapter/v2" className="VideoOS.Recorder.UnitTests.Command.PtzManagerTests" name="PtzManager_ExecutePtzRequest_Success" />
    </UnitTest>
    <UnitTest name="PtzReleaseSessionCommandHandler_Execute_PtzException_PtzRequestPriorityTooLow" storage="d:\actions-runner\_work\xpco\xpco\corporate\recordingserver\recorderservice\tst\videoos.recorder.unittests\bin\x64\debug\net472\videoos.recorder.unittests.dll" id="817a49b7-8c86-6256-a5bf-b08a90c08794">
      <Execution id="bdaf4f35-1001-4bac-ab66-168e14dd49b5" />
      <TestMethod codeBase="D:\actions-runner\_work\XPCO\XPCO\Corporate\RecordingServer\RecorderService\tst\VideoOS.Recorder.UnitTests\bin\x64\Debug\net472\VideoOS.Recorder.UnitTests.dll" adapterTypeName="executor://mstestadapter/v2" className="VideoOS.Recorder.UnitTests.Command.PtzReleaseSessionCommandHandlerTest" name="PtzReleaseSessionCommandHandler_Execute_PtzException_PtzRequestPriorityTooLow" />
    </UnitTest>
    <UnitTest name="IsInRange_ShouldReturnFalse_WhenAddressLessThanStart" storage="d:\actions-runner\_work\xpco\xpco\corporate\recordingserver\recorderservice\tst\videoos.recorder.unittests\bin\x64\debug\net472\videoos.recorder.unittests.dll" id="92d55bf1-3cde-20d6-09db-88d6935f1eec">
      <Execution id="c3009c85-9d1f-49cb-a93a-bba3e7239224" />
      <TestMethod codeBase="D:\actions-runner\_work\XPCO\XPCO\Corporate\RecordingServer\RecorderService\tst\VideoOS.Recorder.UnitTests\bin\x64\Debug\net472\VideoOS.Recorder.UnitTests.dll" adapterTypeName="executor://mstestadapter/v2" className="VideoOS.Recorder.UnitTests.DeviceDiscovery.MipDriversDiscoveryTaskTests" name="IsInRange_ShouldReturnFalse_WhenAddressLessThanStart" />
    </UnitTest>
    <UnitTest name="DriverProxyInstanceManager_RemoveHardware_FromNonregisteredProxy_WarningLogged" storage="d:\actions-runner\_work\xpco\xpco\corporate\recordingserver\recorderservice\tst\videoos.recorder.unittests\bin\x64\debug\net472\videoos.recorder.unittests.dll" id="dd42b662-6b53-5de3-e720-4776d7c28112">
      <Execution id="c7b9aea1-e70d-49b8-9487-78b6f7b74c3d" />
      <TestMethod codeBase="D:\actions-runner\_work\XPCO\XPCO\Corporate\RecordingServer\RecorderService\tst\VideoOS.Recorder.UnitTests\bin\x64\Debug\net472\VideoOS.Recorder.UnitTests.dll" adapterTypeName="executor://mstestadapter/v2" className="VideoOS.Recorder.UnitTests.DriverProxyInstanceManagerTests" name="DriverProxyInstanceManager_RemoveHardware_FromNonregisteredProxy_WarningLogged" />
    </UnitTest>
    <UnitTest name="LicenseManager_IsFeatureLicensed_AxisOneClock_Fail" storage="d:\actions-runner\_work\xpco\xpco\corporate\recordingserver\recorderservice\tst\videoos.recorder.unittests\bin\x64\debug\net472\videoos.recorder.unittests.dll" id="9e5396d8-26d1-a6bb-5232-0450d9f14ab1">
      <TestCategory>
        <TestCategoryItem TestCategory="Licensing" />
      </TestCategory>
      <Execution id="89e5b155-3a1e-4b86-b6c5-30137d0b7a61" />
      <TestMethod codeBase="D:\actions-runner\_work\XPCO\XPCO\Corporate\RecordingServer\RecorderService\tst\VideoOS.Recorder.UnitTests\bin\x64\Debug\net472\VideoOS.Recorder.UnitTests.dll" adapterTypeName="executor://mstestadapter/v2" className="VideoOS.Recorder.UnitTests.Licensing.LicenseManagerUnitTests" name="LicenseManager_IsFeatureLicensed_AxisOneClock_Fail" />
    </UnitTest>
    <UnitTest name="GetSettingAsBool_NonBooleanValue_Throws_InvalidMulticastSettingsException" storage="d:\actions-runner\_work\xpco\xpco\corporate\recordingserver\recorderservice\tst\videoos.recorder.unittests\bin\x64\debug\net472\videoos.recorder.unittests.dll" id="17e46016-0156-52e9-7a21-12f204ff71a8">
      <Execution id="81fe103b-09e1-42ca-96fa-b7296788e74b" />
      <TestMethod codeBase="D:\actions-runner\_work\XPCO\XPCO\Corporate\RecordingServer\RecorderService\tst\VideoOS.Recorder.UnitTests\bin\x64\Debug\net472\VideoOS.Recorder.UnitTests.dll" adapterTypeName="executor://mstestadapter/v2" className="VideoOS.Recorder.UnitTests.Multicast.MulticastSettingsExtensionsUnitTests" name="GetSettingAsBool_NonBooleanValue_Throws_InvalidMulticastSettingsException" />
    </UnitTest>
    <UnitTest name="AudioMessageManager_PlayAudioMessage_ArgumentNullException" storage="d:\actions-runner\_work\xpco\xpco\corporate\recordingserver\recorderservice\tst\videoos.recorder.unittests\bin\x64\debug\net472\videoos.recorder.unittests.dll" id="e30df008-a37e-40fd-4f90-7feecab7bc63">
      <Execution id="a7103476-a7e9-4ebf-b2e2-3079ed72db8d" />
      <TestMethod codeBase="D:\actions-runner\_work\XPCO\XPCO\Corporate\RecordingServer\RecorderService\tst\VideoOS.Recorder.UnitTests\bin\x64\Debug\net472\VideoOS.Recorder.UnitTests.dll" adapterTypeName="executor://mstestadapter/v2" className="VideoOS.Recorder.UnitTests.AudioMessageHandling.AudioMessageManagerTests" name="AudioMessageManager_PlayAudioMessage_ArgumentNullException" />
    </UnitTest>
    <UnitTest name="SOAPCommandRequestHandler_ExecuteFunction_HandlePTZRectangle_NoDeviceId" storage="d:\actions-runner\_work\xpco\xpco\corporate\recordingserver\recorderservice\tst\videoos.recorder.unittests\bin\x64\debug\net472\videoos.recorder.unittests.dll" id="509e665c-cf4b-2c7c-238c-43016d6b516e">
      <Execution id="6ddb58c0-15c8-47cc-aa9e-fdde52d594f6" />
      <TestMethod codeBase="D:\actions-runner\_work\XPCO\XPCO\Corporate\RecordingServer\RecorderService\tst\VideoOS.Recorder.UnitTests\bin\x64\Debug\net472\VideoOS.Recorder.UnitTests.dll" adapterTypeName="executor://mstestadapter/v2" className="VideoOS.Recorder.UnitTests.WebServer.SOAPCommandRequestHandlerTests" name="SOAPCommandRequestHandler_ExecuteFunction_HandlePTZRectangle_NoDeviceId" />
    </UnitTest>
    <UnitTest name="ResponseController_ValidWarningResponse_ValidWarningResponseCalledOnCommManager" storage="d:\actions-runner\_work\xpco\xpco\corporate\recordingserver\recorderservice\tst\videoos.recorder.unittests\bin\x64\debug\net472\videoos.recorder.unittests.dll" id="af5bece0-7abf-0392-4004-17392a11a619">
      <Execution id="a7f76778-de9d-49db-ab99-a43d47d360ed" />
      <TestMethod codeBase="D:\actions-runner\_work\XPCO\XPCO\Corporate\RecordingServer\RecorderService\tst\VideoOS.Recorder.UnitTests\bin\x64\Debug\net472\VideoOS.Recorder.UnitTests.dll" adapterTypeName="executor://mstestadapter/v2" className="VideoOS.Recorder.UnitTests.ResponseControllerTests" name="ResponseController_ValidWarningResponse_ValidWarningResponseCalledOnCommManager" />
    </UnitTest>
    <UnitTest name="TriggerCustomEventBulkCommand_IsNull_BadRequestResult" storage="d:\actions-runner\_work\xpco\xpco\corporate\recordingserver\recorderservice\tst\videoos.recorder.unittests\bin\x64\debug\net472\videoos.recorder.unittests.dll" id="4b2b5ea4-f0d4-e93c-7b72-d16a0f939b24">
      <Execution id="d3083594-ae64-4d52-9b32-da9d58944cb4" />
      <TestMethod codeBase="D:\actions-runner\_work\XPCO\XPCO\Corporate\RecordingServer\RecorderService\tst\VideoOS.Recorder.UnitTests\bin\x64\Debug\net472\VideoOS.Recorder.UnitTests.dll" adapterTypeName="executor://mstestadapter/v2" className="VideoOS.Recorder.UnitTests.EventsControllerTests" name="TriggerCustomEventBulkCommand_IsNull_BadRequestResult" />
    </UnitTest>
    <UnitTest name="PtzManager_ForceReleaseLockedSessionFromExtension_Controller_Not_Found" storage="d:\actions-runner\_work\xpco\xpco\corporate\recordingserver\recorderservice\tst\videoos.recorder.unittests\bin\x64\debug\net472\videoos.recorder.unittests.dll" id="72147b58-f3eb-9e80-e62d-f3b068b322be">
      <Execution id="f9dc1b43-4bf7-4f39-b84d-1b04b37fdbc9" />
      <TestMethod codeBase="D:\actions-runner\_work\XPCO\XPCO\Corporate\RecordingServer\RecorderService\tst\VideoOS.Recorder.UnitTests\bin\x64\Debug\net472\VideoOS.Recorder.UnitTests.dll" adapterTypeName="executor://mstestadapter/v2" className="VideoOS.Recorder.UnitTests.Command.PtzManagerTests" name="PtzManager_ForceReleaseLockedSessionFromExtension_Controller_Not_Found" />
    </UnitTest>
    <UnitTest name="GetNetworkConfigurationCommandHandler_Execute_GetNetworkConfiguration_ThrowsNetworkSettingsManagementUnsupported_Errors" storage="d:\actions-runner\_work\xpco\xpco\corporate\recordingserver\recorderservice\tst\videoos.recorder.unittests\bin\x64\debug\net472\videoos.recorder.unittests.dll" id="5ac6fcfc-6af8-3974-71bf-61bafe388d40">
      <Execution id="fee28f6a-a23f-46b3-a187-04ab61679f0e" />
      <TestMethod codeBase="D:\actions-runner\_work\XPCO\XPCO\Corporate\RecordingServer\RecorderService\tst\VideoOS.Recorder.UnitTests\bin\x64\Debug\net472\VideoOS.Recorder.UnitTests.dll" adapterTypeName="executor://mstestadapter/v2" className="VideoOS.Recorder.UnitTests.Command.GetNetworkConfigurationCommandHandlerUnitTests" name="GetNetworkConfigurationCommandHandler_Execute_GetNetworkConfiguration_ThrowsNetworkSettingsManagementUnsupported_Errors" />
    </UnitTest>
    <UnitTest name="ManualPtzPatrollingSession_Constructor_IPatrollingController_Success" storage="d:\actions-runner\_work\xpco\xpco\corporate\recordingserver\recorderservice\tst\videoos.recorder.unittests\bin\x64\debug\net472\videoos.recorder.unittests.dll" id="5caa74f8-6033-dbf5-6c66-1ba6f3dd9d2c">
      <Execution id="65ac1017-78b0-47b0-a82a-15fcd8d82488" />
      <TestMethod codeBase="D:\actions-runner\_work\XPCO\XPCO\Corporate\RecordingServer\RecorderService\tst\VideoOS.Recorder.UnitTests\bin\x64\Debug\net472\VideoOS.Recorder.UnitTests.dll" adapterTypeName="executor://mstestadapter/v2" className="VideoOS.Recorder.UnitTests.Command.PtzSessionsTests" name="ManualPtzPatrollingSession_Constructor_IPatrollingController_Success" />
    </UnitTest>
    <UnitTest name="FirmwareUpgradeCommandHandler_Execute_WarningNotChanged" storage="d:\actions-runner\_work\xpco\xpco\corporate\recordingserver\recorderservice\tst\videoos.recorder.unittests\bin\x64\debug\net472\videoos.recorder.unittests.dll" id="b9031ac0-784a-5c25-8247-fb78392eb86f">
      <Execution id="20145892-4ba6-4cb4-9f30-b9276ee17e88" />
      <TestMethod codeBase="D:\actions-runner\_work\XPCO\XPCO\Corporate\RecordingServer\RecorderService\tst\VideoOS.Recorder.UnitTests\bin\x64\Debug\net472\VideoOS.Recorder.UnitTests.dll" adapterTypeName="executor://mstestadapter/v2" className="VideoOS.Recorder.UnitTests.Command.FirmwareUpgradeCommandHandlerUnitTests" name="FirmwareUpgradeCommandHandler_Execute_WarningNotChanged" />
    </UnitTest>
    <UnitTest name="Test_WriteEnabledResolved_Not_In_Failover" storage="d:\actions-runner\_work\xpco\xpco\corporate\recordingserver\recorderservice\tst\videoos.recorder.unittests\bin\x64\debug\net472\videoos.recorder.unittests.dll" id="70547f77-458a-63de-9062-b70bfff6226b">
      <Execution id="7addc0be-73fe-4783-8469-6cbb7b69a752" />
      <TestMethod codeBase="D:\actions-runner\_work\XPCO\XPCO\Corporate\RecordingServer\RecorderService\tst\VideoOS.Recorder.UnitTests\bin\x64\Debug\net472\VideoOS.Recorder.UnitTests.dll" adapterTypeName="executor://mstestadapter/v2" className="VideoOS.Recorder.UnitTests.Consumers.TableInfoTests" name="Test_WriteEnabledResolved_Not_In_Failover" />
    </UnitTest>
    <UnitTest name="GetDatabaseInfo_ArchiveStorageFound_ArchiveHintFalse" storage="d:\actions-runner\_work\xpco\xpco\corporate\recordingserver\recorderservice\tst\videoos.recorder.unittests\bin\x64\debug\net472\videoos.recorder.unittests.dll" id="30fc45cc-0da1-c007-7266-d00e65848522">
      <Execution id="2e7eba16-8a66-4724-9a11-144c67a7901f" />
      <TestMethod codeBase="D:\actions-runner\_work\XPCO\XPCO\Corporate\RecordingServer\RecorderService\tst\VideoOS.Recorder.UnitTests\bin\x64\Debug\net472\VideoOS.Recorder.UnitTests.dll" adapterTypeName="executor://mstestadapter/v2" className="VideoOS.Recorder.UnitTests.MediaDbEventProcessorTests" name="GetDatabaseInfo_ArchiveStorageFound_ArchiveHintFalse" />
    </UnitTest>
    <UnitTest name="SmartSearchHandlerForwardTestDataWithMotionOnly" storage="d:\actions-runner\_work\xpco\xpco\corporate\recordingserver\recorderservice\tst\videoos.recorder.unittests\bin\x64\debug\net472\videoos.recorder.unittests.dll" id="e14319d9-d917-ec15-9844-7917e387086a">
      <TestCategory>
        <TestCategoryItem TestCategory="SmartSearch" />
      </TestCategory>
      <Execution id="e5d04653-2898-4863-9cfd-e4a8819957b4" />
      <TestMethod codeBase="D:\actions-runner\_work\XPCO\XPCO\Corporate\RecordingServer\RecorderService\tst\VideoOS.Recorder.UnitTests\bin\x64\Debug\net472\VideoOS.Recorder.UnitTests.dll" adapterTypeName="executor://mstestadapter/v2" className="VideoOS.Recorder.UnitTests.SmartSearch.SmartSearchHandlerTest" name="SmartSearchHandlerForwardTestDataWithMotionOnly" />
    </UnitTest>
    <UnitTest name="AddHardwareUserCommandHandler_Execute_AddUser_ThrowsUserHandlingUnknownError_Errors" storage="d:\actions-runner\_work\xpco\xpco\corporate\recordingserver\recorderservice\tst\videoos.recorder.unittests\bin\x64\debug\net472\videoos.recorder.unittests.dll" id="d6b4a7c3-36a7-e061-0c18-16ee1399dcc9">
      <Execution id="450df8c8-efca-4cbe-9c04-ba39fbd244a3" />
      <TestMethod codeBase="D:\actions-runner\_work\XPCO\XPCO\Corporate\RecordingServer\RecorderService\tst\VideoOS.Recorder.UnitTests\bin\x64\Debug\net472\VideoOS.Recorder.UnitTests.dll" adapterTypeName="executor://mstestadapter/v2" className="VideoOS.Recorder.UnitTests.Command.AddHardwareUserCommandHandlerRecorderUnitTests" name="AddHardwareUserCommandHandler_Execute_AddUser_ThrowsUserHandlingUnknownError_Errors" />
    </UnitTest>
    <UnitTest name="DiffGramToApplyToOrigionalDataSetToMakeItIdenticalWithNewDataSet_RecorderInfo_Modified_Success" storage="d:\actions-runner\_work\xpco\xpco\corporate\recordingserver\recorderservice\tst\videoos.recorder.unittests\bin\x64\debug\net472\videoos.recorder.unittests.dll" id="8b1f404f-6707-cd4e-37fd-e5f00af23e47">
      <Execution id="6945409f-3388-4c0a-8dcd-a9cfa211ebf9" />
      <TestMethod codeBase="D:\actions-runner\_work\XPCO\XPCO\Corporate\RecordingServer\RecorderService\tst\VideoOS.Recorder.UnitTests\bin\x64\Debug\net472\VideoOS.Recorder.UnitTests.dll" adapterTypeName="executor://mstestadapter/v2" className="VideoOS.Recorder.UnitTests.DataSetUtilityUnitTests" name="DiffGramToApplyToOrigionalDataSetToMakeItIdenticalWithNewDataSet_RecorderInfo_Modified_Success" />
    </UnitTest>
    <UnitTest name="FirmwareUpgradeCommandHandler_Execute_FirmwareUpgradeStatus_ThrowsUnsupported_Errors" storage="d:\actions-runner\_work\xpco\xpco\corporate\recordingserver\recorderservice\tst\videoos.recorder.unittests\bin\x64\debug\net472\videoos.recorder.unittests.dll" id="696b05c3-3a26-73f0-0bf8-aa5802818586">
      <Execution id="f6db1c0b-f06b-4741-ad63-8ab39c5d2dd5" />
      <TestMethod codeBase="D:\actions-runner\_work\XPCO\XPCO\Corporate\RecordingServer\RecorderService\tst\VideoOS.Recorder.UnitTests\bin\x64\Debug\net472\VideoOS.Recorder.UnitTests.dll" adapterTypeName="executor://mstestadapter/v2" className="VideoOS.Recorder.UnitTests.Command.FirmwareUpgradeCommandHandlerUnitTests" name="FirmwareUpgradeCommandHandler_Execute_FirmwareUpgradeStatus_ThrowsUnsupported_Errors" />
    </UnitTest>
    <UnitTest name="GetRecorderTasksWithPendingStop_InternalStateStartedWithIncompatibleServer_ReturnsEmptyArray" storage="d:\actions-runner\_work\xpco\xpco\corporate\recordingserver\recorderservice\tst\videoos.recorder.unittests\bin\x64\debug\net472\videoos.recorder.unittests.dll" id="224d503b-b9e4-dbf2-1ef6-b28e2657c9e9">
      <Execution id="0cf595ae-6740-4df4-8e6b-a9cc035bf83f" />
      <TestMethod codeBase="D:\actions-runner\_work\XPCO\XPCO\Corporate\RecordingServer\RecorderService\tst\VideoOS.Recorder.UnitTests\bin\x64\Debug\net472\VideoOS.Recorder.UnitTests.dll" adapterTypeName="executor://mstestadapter/v2" className="VideoOS.Recorder.UnitTests.CommManagerWebApiTests" name="GetRecorderTasksWithPendingStop_InternalStateStartedWithIncompatibleServer_ReturnsEmptyArray" />
    </UnitTest>
    <UnitTest name="CheckExternalRecorderRegistrationCommandHandler_Execute_HardwareNotFound_FailResponse" storage="d:\actions-runner\_work\xpco\xpco\corporate\recordingserver\recorderservice\tst\videoos.recorder.unittests\bin\x64\debug\net472\videoos.recorder.unittests.dll" id="bfb0ef35-4354-9b55-fc8d-a9ae1e504422">
      <Execution id="e86bac1f-f3e8-4d9f-a8de-1934acb8da26" />
      <TestMethod codeBase="D:\actions-runner\_work\XPCO\XPCO\Corporate\RecordingServer\RecorderService\tst\VideoOS.Recorder.UnitTests\bin\x64\Debug\net472\VideoOS.Recorder.UnitTests.dll" adapterTypeName="executor://mstestadapter/v2" className="VideoOS.Recorder.UnitTests.Command.CheckExternalRecorderRegistrationCommandHandlerUnitTests" name="CheckExternalRecorderRegistrationCommandHandler_Execute_HardwareNotFound_FailResponse" />
    </UnitTest>
    <UnitTest name="ConnectionShutdown_TokenUnavailable" storage="d:\actions-runner\_work\xpco\xpco\corporate\recordingserver\recorderservice\tst\videoos.recorder.unittests\bin\x64\debug\net472\videoos.recorder.unittests.dll" id="43a21d96-9c44-c5fd-79f4-8367daf9cc9a">
      <Execution id="a468b92a-de6e-4185-a2f9-5da9c6f2de21" />
      <TestMethod codeBase="D:\actions-runner\_work\XPCO\XPCO\Corporate\RecordingServer\RecorderService\tst\VideoOS.Recorder.UnitTests\bin\x64\Debug\net472\VideoOS.Recorder.UnitTests.dll" adapterTypeName="executor://mstestadapter/v2" className="VideoOS.Recorder.UnitTests.WebServer.ImageServerRequestHandlerTests" name="ConnectionShutdown_TokenUnavailable" />
    </UnitTest>
    <UnitTest name="RepairInfo_ParseRepairInfoXml_ValidXml_NotRepairing" storage="d:\actions-runner\_work\xpco\xpco\corporate\recordingserver\recorderservice\tst\videoos.recorder.unittests\bin\x64\debug\net472\videoos.recorder.unittests.dll" id="77c4e593-b921-67b8-0a79-6e7081aa7cbc">
      <Execution id="32150441-d969-474f-81c8-e15163eedefc" />
      <TestMethod codeBase="D:\actions-runner\_work\XPCO\XPCO\Corporate\RecordingServer\RecorderService\tst\VideoOS.Recorder.UnitTests\bin\x64\Debug\net472\VideoOS.Recorder.UnitTests.dll" adapterTypeName="executor://mstestadapter/v2" className="VideoOS.Recorder.UnitTests.Database.RepairInfoUnitTests" name="RepairInfo_ParseRepairInfoXml_ValidXml_NotRepairing" />
    </UnitTest>
    <UnitTest name="GetRecorderTasks_InternalStateStartedWithIncompatibleServer_ReturnsEmptyArray" storage="d:\actions-runner\_work\xpco\xpco\corporate\recordingserver\recorderservice\tst\videoos.recorder.unittests\bin\x64\debug\net472\videoos.recorder.unittests.dll" id="882daa66-33c5-8dc3-1eb4-65400498dc59">
      <Execution id="fa96b1d0-5bce-461c-838c-6878f3d432ab" />
      <TestMethod codeBase="D:\actions-runner\_work\XPCO\XPCO\Corporate\RecordingServer\RecorderService\tst\VideoOS.Recorder.UnitTests\bin\x64\Debug\net472\VideoOS.Recorder.UnitTests.dll" adapterTypeName="executor://mstestadapter/v2" className="VideoOS.Recorder.UnitTests.CommManagerWebApiTests" name="GetRecorderTasks_InternalStateStartedWithIncompatibleServer_ReturnsEmptyArray" />
    </UnitTest>
    <UnitTest name="SOAPCommandRequestHandler_ExecuteFunction_HandleJPEGGetLive_NoMaxHeight" storage="d:\actions-runner\_work\xpco\xpco\corporate\recordingserver\recorderservice\tst\videoos.recorder.unittests\bin\x64\debug\net472\videoos.recorder.unittests.dll" id="0ec4ae82-8a56-942f-cc7c-8f18c8a50514">
      <Execution id="05523bab-89ad-48fb-a373-a78cad3be09b" />
      <TestMethod codeBase="D:\actions-runner\_work\XPCO\XPCO\Corporate\RecordingServer\RecorderService\tst\VideoOS.Recorder.UnitTests\bin\x64\Debug\net472\VideoOS.Recorder.UnitTests.dll" adapterTypeName="executor://mstestadapter/v2" className="VideoOS.Recorder.UnitTests.WebServer.SOAPCommandRequestHandlerTests" name="SOAPCommandRequestHandler_ExecuteFunction_HandleJPEGGetLive_NoMaxHeight" />
    </UnitTest>
    <UnitTest name="SetNetworkConfigurationCommandHandler_Execute_HardwareReadOnly_Errors" storage="d:\actions-runner\_work\xpco\xpco\corporate\recordingserver\recorderservice\tst\videoos.recorder.unittests\bin\x64\debug\net472\videoos.recorder.unittests.dll" id="0cc146fb-7b5e-0f5b-f703-d063678bf0c1">
      <Execution id="ee07bd33-e338-49eb-8b04-e567ccd7cbec" />
      <TestMethod codeBase="D:\actions-runner\_work\XPCO\XPCO\Corporate\RecordingServer\RecorderService\tst\VideoOS.Recorder.UnitTests\bin\x64\Debug\net472\VideoOS.Recorder.UnitTests.dll" adapterTypeName="executor://mstestadapter/v2" className="VideoOS.Recorder.UnitTests.Command.SetNetworkConfigurationCommandHandlerUnitTests" name="SetNetworkConfigurationCommandHandler_Execute_HardwareReadOnly_Errors" />
    </UnitTest>
    <UnitTest name="SmartSearchHandlerHasMotionThrowsInvalidOperationException" storage="d:\actions-runner\_work\xpco\xpco\corporate\recordingserver\recorderservice\tst\videoos.recorder.unittests\bin\x64\debug\net472\videoos.recorder.unittests.dll" id="b2f6349f-dde3-f4f7-009a-2bbccc4f6607">
      <TestCategory>
        <TestCategoryItem TestCategory="SmartSearch" />
      </TestCategory>
      <Execution id="c287ca0a-ca29-4f41-8440-c33164484e99" />
      <TestMethod codeBase="D:\actions-runner\_work\XPCO\XPCO\Corporate\RecordingServer\RecorderService\tst\VideoOS.Recorder.UnitTests\bin\x64\Debug\net472\VideoOS.Recorder.UnitTests.dll" adapterTypeName="executor://mstestadapter/v2" className="VideoOS.Recorder.UnitTests.SmartSearch.SmartSearchHandlerTest" name="SmartSearchHandlerHasMotionThrowsInvalidOperationException" />
    </UnitTest>
    <UnitTest name="MessageManagerCallback_HandleTimeout_RetriesUpdate" storage="d:\actions-runner\_work\xpco\xpco\corporate\recordingserver\recorderservice\tst\videoos.recorder.unittests\bin\x64\debug\net472\videoos.recorder.unittests.dll" id="7e937a36-b746-25c4-87ec-e39c5d8db1ae">
      <Execution id="c43e6db7-a451-42f3-82d6-71934d4dbfd8" />
      <TestMethod codeBase="D:\actions-runner\_work\XPCO\XPCO\Corporate\RecordingServer\RecorderService\tst\VideoOS.Recorder.UnitTests\bin\x64\Debug\net472\VideoOS.Recorder.UnitTests.dll" adapterTypeName="executor://mstestadapter/v2" className="VideoOS.Recorder.UnitTests.DriverUpdateHelperUnitTests" name="MessageManagerCallback_HandleTimeout_RetriesUpdate" />
    </UnitTest>
    <UnitTest name="FirmwareUpgradeCommandHandler_Execute_HardwareNotFound_Fails" storage="d:\actions-runner\_work\xpco\xpco\corporate\recordingserver\recorderservice\tst\videoos.recorder.unittests\bin\x64\debug\net472\videoos.recorder.unittests.dll" id="3b65d8c8-c8dc-c975-b1e1-ec6988dabef6">
      <Execution id="3a83292e-f4a6-4f5e-a62b-24d716cb45d1" />
      <TestMethod codeBase="D:\actions-runner\_work\XPCO\XPCO\Corporate\RecordingServer\RecorderService\tst\VideoOS.Recorder.UnitTests\bin\x64\Debug\net472\VideoOS.Recorder.UnitTests.dll" adapterTypeName="executor://mstestadapter/v2" className="VideoOS.Recorder.UnitTests.Command.FirmwareUpgradeCommandHandlerUnitTests" name="FirmwareUpgradeCommandHandler_Execute_HardwareNotFound_Fails" />
    </UnitTest>
    <UnitTest name="SOAPCommandRequestHandler_ExecuteFunction_HandlePTZDeactivatePatrollingSchema_No_Security" storage="d:\actions-runner\_work\xpco\xpco\corporate\recordingserver\recorderservice\tst\videoos.recorder.unittests\bin\x64\debug\net472\videoos.recorder.unittests.dll" id="78749a40-6b98-b6dc-54de-2728268826cc">
      <Execution id="69041bbd-a945-4b03-995c-44832450a964" />
      <TestMethod codeBase="D:\actions-runner\_work\XPCO\XPCO\Corporate\RecordingServer\RecorderService\tst\VideoOS.Recorder.UnitTests\bin\x64\Debug\net472\VideoOS.Recorder.UnitTests.dll" adapterTypeName="executor://mstestadapter/v2" className="VideoOS.Recorder.UnitTests.WebServer.SOAPCommandRequestHandlerTests" name="SOAPCommandRequestHandler_ExecuteFunction_HandlePTZDeactivatePatrollingSchema_No_Security" />
    </UnitTest>
    <UnitTest name="AddHardwareUserCommandHandler_Execute_AddUser_ThrowsUserHandlingTooManyUsers_Errors" storage="d:\actions-runner\_work\xpco\xpco\corporate\recordingserver\recorderservice\tst\videoos.recorder.unittests\bin\x64\debug\net472\videoos.recorder.unittests.dll" id="b17917a2-3100-fce1-c2c8-8639b1483d4b">
      <Execution id="891a7996-92f2-4ea7-9942-ee73e59da071" />
      <TestMethod codeBase="D:\actions-runner\_work\XPCO\XPCO\Corporate\RecordingServer\RecorderService\tst\VideoOS.Recorder.UnitTests\bin\x64\Debug\net472\VideoOS.Recorder.UnitTests.dll" adapterTypeName="executor://mstestadapter/v2" className="VideoOS.Recorder.UnitTests.Command.AddHardwareUserCommandHandlerRecorderUnitTests" name="AddHardwareUserCommandHandler_Execute_AddUser_ThrowsUserHandlingTooManyUsers_Errors" />
    </UnitTest>
    <UnitTest name="SOAPCommandRequestHandler_ExecuteFunction_HandlePTZRectangle_Right_Not_Double" storage="d:\actions-runner\_work\xpco\xpco\corporate\recordingserver\recorderservice\tst\videoos.recorder.unittests\bin\x64\debug\net472\videoos.recorder.unittests.dll" id="8c3be9b6-c14d-d356-a4eb-3109d2249f51">
      <Execution id="d6723bc7-5bd7-432b-92f5-ca4d0d571a22" />
      <TestMethod codeBase="D:\actions-runner\_work\XPCO\XPCO\Corporate\RecordingServer\RecorderService\tst\VideoOS.Recorder.UnitTests\bin\x64\Debug\net472\VideoOS.Recorder.UnitTests.dll" adapterTypeName="executor://mstestadapter/v2" className="VideoOS.Recorder.UnitTests.WebServer.SOAPCommandRequestHandlerTests" name="SOAPCommandRequestHandler_ExecuteFunction_HandlePTZRectangle_Right_Not_Double" />
    </UnitTest>
    <UnitTest name="SOAPCommandRequestHandler_ExecuteFunction_HandleSmartSearchCancel_Success" storage="d:\actions-runner\_work\xpco\xpco\corporate\recordingserver\recorderservice\tst\videoos.recorder.unittests\bin\x64\debug\net472\videoos.recorder.unittests.dll" id="98d60fd5-f979-b04f-813a-5b4f58bff6a4">
      <Execution id="1f00efcb-fb84-4f7c-b351-2cc9af49040c" />
      <TestMethod codeBase="D:\actions-runner\_work\XPCO\XPCO\Corporate\RecordingServer\RecorderService\tst\VideoOS.Recorder.UnitTests\bin\x64\Debug\net472\VideoOS.Recorder.UnitTests.dll" adapterTypeName="executor://mstestadapter/v2" className="VideoOS.Recorder.UnitTests.WebServer.SOAPCommandRequestHandlerTests" name="SOAPCommandRequestHandler_ExecuteFunction_HandleSmartSearchCancel_Success" />
    </UnitTest>
    <UnitTest name="ResponseHandler_HandleResponse_Configuration_Not_Compatible_Fails" storage="d:\actions-runner\_work\xpco\xpco\corporate\recordingserver\recorderservice\tst\videoos.recorder.unittests\bin\x64\debug\net472\videoos.recorder.unittests.dll" id="69f3cd4f-f34a-e938-afb9-2edbcadadfd6">
      <Execution id="a3c0fb44-e90f-4960-8cbd-0a80c535dda0" />
      <TestMethod codeBase="D:\actions-runner\_work\XPCO\XPCO\Corporate\RecordingServer\RecorderService\tst\VideoOS.Recorder.UnitTests\bin\x64\Debug\net472\VideoOS.Recorder.UnitTests.dll" adapterTypeName="executor://mstestadapter/v2" className="VideoOS.Recorder.UnitTests.DriverUpdateHelperUnitTests" name="ResponseHandler_HandleResponse_Configuration_Not_Compatible_Fails" />
    </UnitTest>
    <UnitTest name="UpdateConfigurationFromDiffGram_NoChanges_Success" storage="d:\actions-runner\_work\xpco\xpco\corporate\recordingserver\recorderservice\tst\videoos.recorder.unittests\bin\x64\debug\net472\videoos.recorder.unittests.dll" id="68d8c51d-b0f5-4bb8-a0ab-928597a90e21">
      <Execution id="372b1d70-e44f-4b55-9c2e-b01af6088a5c" />
      <TestMethod codeBase="D:\actions-runner\_work\XPCO\XPCO\Corporate\RecordingServer\RecorderService\tst\VideoOS.Recorder.UnitTests\bin\x64\Debug\net472\VideoOS.Recorder.UnitTests.dll" adapterTypeName="executor://mstestadapter/v2" className="VideoOS.Recorder.UnitTests.Multicast.LiveMulticastProcessorUnitTests" name="UpdateConfigurationFromDiffGram_NoChanges_Success" />
    </UnitTest>
    <UnitTest name="AddHardwareUserCommandHandler_Execute_AddUser_ThrowsUserHandlingPasswordTooShort_Errors" storage="d:\actions-runner\_work\xpco\xpco\corporate\recordingserver\recorderservice\tst\videoos.recorder.unittests\bin\x64\debug\net472\videoos.recorder.unittests.dll" id="337e6e67-5e25-24a0-2f7a-5be02097febb">
      <Execution id="1432ce4e-6cc2-4378-b3f1-0aadc53e3909" />
      <TestMethod codeBase="D:\actions-runner\_work\XPCO\XPCO\Corporate\RecordingServer\RecorderService\tst\VideoOS.Recorder.UnitTests\bin\x64\Debug\net472\VideoOS.Recorder.UnitTests.dll" adapterTypeName="executor://mstestadapter/v2" className="VideoOS.Recorder.UnitTests.Command.AddHardwareUserCommandHandlerRecorderUnitTests" name="AddHardwareUserCommandHandler_Execute_AddUser_ThrowsUserHandlingPasswordTooShort_Errors" />
    </UnitTest>
    <UnitTest name="SmartSearchHandlerBackwardTestLargeSearchInterval" storage="d:\actions-runner\_work\xpco\xpco\corporate\recordingserver\recorderservice\tst\videoos.recorder.unittests\bin\x64\debug\net472\videoos.recorder.unittests.dll" id="deed243a-40fa-2590-126d-6eb4ce652c0d">
      <TestCategory>
        <TestCategoryItem TestCategory="SmartSearch" />
      </TestCategory>
      <Execution id="f9756856-f5c2-4978-b8e3-aa97255ee7d2" />
      <TestMethod codeBase="D:\actions-runner\_work\XPCO\XPCO\Corporate\RecordingServer\RecorderService\tst\VideoOS.Recorder.UnitTests\bin\x64\Debug\net472\VideoOS.Recorder.UnitTests.dll" adapterTypeName="executor://mstestadapter/v2" className="VideoOS.Recorder.UnitTests.SmartSearch.SmartSearchHandlerTest" name="SmartSearchHandlerBackwardTestLargeSearchInterval" />
    </UnitTest>
    <UnitTest name="ConnectSuccess_Goto_Denied" storage="d:\actions-runner\_work\xpco\xpco\corporate\recordingserver\recorderservice\tst\videoos.recorder.unittests\bin\x64\debug\net472\videoos.recorder.unittests.dll" id="41f8fd8b-1fd0-8f0c-2ac2-c1c1c693194e">
      <Execution id="465e05fb-7793-4425-abce-8c39a106addb" />
      <TestMethod codeBase="D:\actions-runner\_work\XPCO\XPCO\Corporate\RecordingServer\RecorderService\tst\VideoOS.Recorder.UnitTests\bin\x64\Debug\net472\VideoOS.Recorder.UnitTests.dll" adapterTypeName="executor://mstestadapter/v2" className="VideoOS.Recorder.UnitTests.WebServer.ImageServerRequestHandlerTests" name="ConnectSuccess_Goto_Denied" />
    </UnitTest>
    <UnitTest name="SOAPCommandRequestHandler_ExecuteFunction_HandlePTZRectangle_NoLeft" storage="d:\actions-runner\_work\xpco\xpco\corporate\recordingserver\recorderservice\tst\videoos.recorder.unittests\bin\x64\debug\net472\videoos.recorder.unittests.dll" id="58114127-3d07-75a5-3479-5709c3808709">
      <Execution id="5f51b933-cee7-4680-b56a-dccd2f360d75" />
      <TestMethod codeBase="D:\actions-runner\_work\XPCO\XPCO\Corporate\RecordingServer\RecorderService\tst\VideoOS.Recorder.UnitTests\bin\x64\Debug\net472\VideoOS.Recorder.UnitTests.dll" adapterTypeName="executor://mstestadapter/v2" className="VideoOS.Recorder.UnitTests.WebServer.SOAPCommandRequestHandlerTests" name="SOAPCommandRequestHandler_ExecuteFunction_HandlePTZRectangle_NoLeft" />
    </UnitTest>
    <UnitTest name="IsInRange_ShouldReturnTrue_WhenAddressIsBetweenStartAndEnd" storage="d:\actions-runner\_work\xpco\xpco\corporate\recordingserver\recorderservice\tst\videoos.recorder.unittests\bin\x64\debug\net472\videoos.recorder.unittests.dll" id="52c2a54e-6f69-1de0-071f-9a3eb76d2bd6">
      <Execution id="d489d643-cf2b-4759-af94-60c46a3523c6" />
      <TestMethod codeBase="D:\actions-runner\_work\XPCO\XPCO\Corporate\RecordingServer\RecorderService\tst\VideoOS.Recorder.UnitTests\bin\x64\Debug\net472\VideoOS.Recorder.UnitTests.dll" adapterTypeName="executor://mstestadapter/v2" className="VideoOS.Recorder.UnitTests.DeviceDiscovery.MipDriversDiscoveryTaskTests" name="IsInRange_ShouldReturnTrue_WhenAddressIsBetweenStartAndEnd" />
    </UnitTest>
    <UnitTest name="PtzReleaseSession_ModelIsNull_BadRequestResult" storage="d:\actions-runner\_work\xpco\xpco\corporate\recordingserver\recorderservice\tst\videoos.recorder.unittests\bin\x64\debug\net472\videoos.recorder.unittests.dll" id="d39ffd11-f37b-9674-d0d6-e10d28803318">
      <Execution id="79714649-4cb0-4ed8-af1e-9033c8fa5f84" />
      <TestMethod codeBase="D:\actions-runner\_work\XPCO\XPCO\Corporate\RecordingServer\RecorderService\tst\VideoOS.Recorder.UnitTests\bin\x64\Debug\net472\VideoOS.Recorder.UnitTests.dll" adapterTypeName="executor://mstestadapter/v2" className="VideoOS.Recorder.UnitTests.PtzControllerTests" name="PtzReleaseSession_ModelIsNull_BadRequestResult" />
    </UnitTest>
    <UnitTest name="ChangeHardwarePasswordCommandHandler_Execute_ChangePassword_ThrowsPasswordContainsInvalidCharacters_Errors" storage="d:\actions-runner\_work\xpco\xpco\corporate\recordingserver\recorderservice\tst\videoos.recorder.unittests\bin\x64\debug\net472\videoos.recorder.unittests.dll" id="ca797047-54de-e06f-659a-e063a9db7c34">
      <Execution id="ffb0d3d1-ec6e-465e-b9e6-3c622128cde1" />
      <TestMethod codeBase="D:\actions-runner\_work\XPCO\XPCO\Corporate\RecordingServer\RecorderService\tst\VideoOS.Recorder.UnitTests\bin\x64\Debug\net472\VideoOS.Recorder.UnitTests.dll" adapterTypeName="executor://mstestadapter/v2" className="VideoOS.Recorder.UnitTests.Command.ChangeHardwarePasswordCommandHandlerUnitTests" name="ChangeHardwarePasswordCommandHandler_Execute_ChangePassword_ThrowsPasswordContainsInvalidCharacters_Errors" />
    </UnitTest>
    <UnitTest name="ServerAccessTokenHandler_Constructor_ThrowArgumentNullExceptionIServerTokenCache" storage="d:\actions-runner\_work\xpco\xpco\corporate\recordingserver\recorderservice\tst\videoos.recorder.unittests\bin\x64\debug\net472\videoos.recorder.unittests.dll" id="38dd23bb-df0f-1286-a693-57b7d136c190">
      <Execution id="feca1a3a-f1cf-470a-8d88-383d9a5dacf8" />
      <TestMethod codeBase="D:\actions-runner\_work\XPCO\XPCO\Corporate\RecordingServer\RecorderService\tst\VideoOS.Recorder.UnitTests\bin\x64\Debug\net472\VideoOS.Recorder.UnitTests.dll" adapterTypeName="executor://mstestadapter/v2" className="VideoOS.Recorder.UnitTests.ServerCommunication.RecorderAccessTokenHandlerTests" name="ServerAccessTokenHandler_Constructor_ThrowArgumentNullExceptionIServerTokenCache" />
    </UnitTest>
    <UnitTest name="CheckExternalRecorderRegistrationCommandHandler_Execute_HardwareId_Empty_Throws" storage="d:\actions-runner\_work\xpco\xpco\corporate\recordingserver\recorderservice\tst\videoos.recorder.unittests\bin\x64\debug\net472\videoos.recorder.unittests.dll" id="99715795-fe07-63f7-96e6-b7d70cc585d2">
      <Execution id="d4c07595-10e8-4e88-b78f-b7fcbcebd002" />
      <TestMethod codeBase="D:\actions-runner\_work\XPCO\XPCO\Corporate\RecordingServer\RecorderService\tst\VideoOS.Recorder.UnitTests\bin\x64\Debug\net472\VideoOS.Recorder.UnitTests.dll" adapterTypeName="executor://mstestadapter/v2" className="VideoOS.Recorder.UnitTests.Command.CheckExternalRecorderRegistrationCommandHandlerUnitTests" name="CheckExternalRecorderRegistrationCommandHandler_Execute_HardwareId_Empty_Throws" />
    </UnitTest>
    <UnitTest name="PtzPatrollingSessionBase_Start_Success" storage="d:\actions-runner\_work\xpco\xpco\corporate\recordingserver\recorderservice\tst\videoos.recorder.unittests\bin\x64\debug\net472\videoos.recorder.unittests.dll" id="796dbe30-d40d-ffcf-7b21-9ff6e74b6a15">
      <Execution id="76194a7e-4d21-4092-904c-a2c378e4a393" />
      <TestMethod codeBase="D:\actions-runner\_work\XPCO\XPCO\Corporate\RecordingServer\RecorderService\tst\VideoOS.Recorder.UnitTests\bin\x64\Debug\net472\VideoOS.Recorder.UnitTests.dll" adapterTypeName="executor://mstestadapter/v2" className="VideoOS.Recorder.UnitTests.Command.PtzSessionsTests" name="PtzPatrollingSessionBase_Start_Success" />
    </UnitTest>
    <UnitTest name="PtzManagerDataHolder_RemoveController_Success" storage="d:\actions-runner\_work\xpco\xpco\corporate\recordingserver\recorderservice\tst\videoos.recorder.unittests\bin\x64\debug\net472\videoos.recorder.unittests.dll" id="326dab35-ccc5-0830-1e1b-99ba7d03ea84">
      <Execution id="f09e80fb-5f74-4743-a37e-b8c408f72a9e" />
      <TestMethod codeBase="D:\actions-runner\_work\XPCO\XPCO\Corporate\RecordingServer\RecorderService\tst\VideoOS.Recorder.UnitTests\bin\x64\Debug\net472\VideoOS.Recorder.UnitTests.dll" adapterTypeName="executor://mstestadapter/v2" className="VideoOS.Recorder.UnitTests.Command.PtzManagerDataHolderTest" name="PtzManagerDataHolder_RemoveController_Success" />
    </UnitTest>
    <UnitTest name="ActivateArchiving_PostCommandIsNull_BadRequestResult" storage="d:\actions-runner\_work\xpco\xpco\corporate\recordingserver\recorderservice\tst\videoos.recorder.unittests\bin\x64\debug\net472\videoos.recorder.unittests.dll" id="ac9e9097-86ee-f6e7-4b59-9ca177ce9c0e">
      <Execution id="2091c6b6-8494-46b4-b740-af1a337debc3" />
      <TestMethod codeBase="D:\actions-runner\_work\XPCO\XPCO\Corporate\RecordingServer\RecorderService\tst\VideoOS.Recorder.UnitTests\bin\x64\Debug\net472\VideoOS.Recorder.UnitTests.dll" adapterTypeName="executor://mstestadapter/v2" className="VideoOS.Recorder.UnitTests.DatabaseControllerTests" name="ActivateArchiving_PostCommandIsNull_BadRequestResult" />
    </UnitTest>
    <UnitTest name="SOAPCommandRequestHandler_ExecuteFunction_HandlePresetMoveTo_Success" storage="d:\actions-runner\_work\xpco\xpco\corporate\recordingserver\recorderservice\tst\videoos.recorder.unittests\bin\x64\debug\net472\videoos.recorder.unittests.dll" id="cc66c58e-978b-8f4a-43d7-df39eecf1692">
      <Execution id="a174be4d-d7f6-4ef8-bbc4-ede3e3cb1463" />
      <TestMethod codeBase="D:\actions-runner\_work\XPCO\XPCO\Corporate\RecordingServer\RecorderService\tst\VideoOS.Recorder.UnitTests\bin\x64\Debug\net472\VideoOS.Recorder.UnitTests.dll" adapterTypeName="executor://mstestadapter/v2" className="VideoOS.Recorder.UnitTests.WebServer.SOAPCommandRequestHandlerTests" name="SOAPCommandRequestHandler_ExecuteFunction_HandlePresetMoveTo_Success" />
    </UnitTest>
    <UnitTest name="AudioPlayerOnSpeaker_PlayUsingCurrentThread_NoSpeakerHandler" storage="d:\actions-runner\_work\xpco\xpco\corporate\recordingserver\recorderservice\tst\videoos.recorder.unittests\bin\x64\debug\net472\videoos.recorder.unittests.dll" id="3b4b49ba-aa71-f021-7369-dc1c44f272a2">
      <Execution id="22f76430-6414-4032-aa0f-67447242f2b6" />
      <TestMethod codeBase="D:\actions-runner\_work\XPCO\XPCO\Corporate\RecordingServer\RecorderService\tst\VideoOS.Recorder.UnitTests\bin\x64\Debug\net472\VideoOS.Recorder.UnitTests.dll" adapterTypeName="executor://mstestadapter/v2" className="VideoOS.Recorder.UnitTests.AudioMessageHandling.AudioPlayerOnSpeakerTests" name="AudioPlayerOnSpeaker_PlayUsingCurrentThread_NoSpeakerHandler" />
    </UnitTest>
    <UnitTest name="PtzManager_ForceReleaseLockedSessionFromExtension_Success" storage="d:\actions-runner\_work\xpco\xpco\corporate\recordingserver\recorderservice\tst\videoos.recorder.unittests\bin\x64\debug\net472\videoos.recorder.unittests.dll" id="bad2289f-a6e1-a4e9-831a-da13c452c51c">
      <Execution id="b8affb26-26b1-41d5-9911-9acd1d7a4e3e" />
      <TestMethod codeBase="D:\actions-runner\_work\XPCO\XPCO\Corporate\RecordingServer\RecorderService\tst\VideoOS.Recorder.UnitTests\bin\x64\Debug\net472\VideoOS.Recorder.UnitTests.dll" adapterTypeName="executor://mstestadapter/v2" className="VideoOS.Recorder.UnitTests.Command.PtzManagerTests" name="PtzManager_ForceReleaseLockedSessionFromExtension_Success" />
    </UnitTest>
    <UnitTest name="SmartSearchHandlerForwardTestDataWithoutMotion" storage="d:\actions-runner\_work\xpco\xpco\corporate\recordingserver\recorderservice\tst\videoos.recorder.unittests\bin\x64\debug\net472\videoos.recorder.unittests.dll" id="ebc309bb-ac27-8eab-a1fd-4932f7f1d3dd">
      <TestCategory>
        <TestCategoryItem TestCategory="SmartSearch" />
      </TestCategory>
      <Execution id="c813cfdf-8754-4a82-ae40-f44f3a16dbd3" />
      <TestMethod codeBase="D:\actions-runner\_work\XPCO\XPCO\Corporate\RecordingServer\RecorderService\tst\VideoOS.Recorder.UnitTests\bin\x64\Debug\net472\VideoOS.Recorder.UnitTests.dll" adapterTypeName="executor://mstestadapter/v2" className="VideoOS.Recorder.UnitTests.SmartSearch.SmartSearchHandlerTest" name="SmartSearchHandlerForwardTestDataWithoutMotion" />
    </UnitTest>
    <UnitTest name="CollectMediaStatusCommandHandler_Retention_Two_Devices" storage="d:\actions-runner\_work\xpco\xpco\corporate\recordingserver\recorderservice\tst\videoos.recorder.unittests\bin\x64\debug\net472\videoos.recorder.unittests.dll" id="94da58dc-f615-cfce-cd34-57628676c325">
      <Execution id="020ac058-2d3a-4a88-aead-ab702eb439c5" />
      <TestMethod codeBase="D:\actions-runner\_work\XPCO\XPCO\Corporate\RecordingServer\RecorderService\tst\VideoOS.Recorder.UnitTests\bin\x64\Debug\net472\VideoOS.Recorder.UnitTests.dll" adapterTypeName="executor://mstestadapter/v2" className="VideoOS.Recorder.UnitTests.Command.CollectMediaStatusCommandHandlerTests" name="CollectMediaStatusCommandHandler_Retention_Two_Devices" />
    </UnitTest>
    <UnitTest name="ChangeHardwarePasswordCommandHandler_Execute_HardwareIsReadOnly_Errors" storage="d:\actions-runner\_work\xpco\xpco\corporate\recordingserver\recorderservice\tst\videoos.recorder.unittests\bin\x64\debug\net472\videoos.recorder.unittests.dll" id="dbc4df8b-6198-2392-24f1-7438812891e6">
      <Execution id="cb77df8a-ded1-45c4-85e0-7a79c47abd87" />
      <TestMethod codeBase="D:\actions-runner\_work\XPCO\XPCO\Corporate\RecordingServer\RecorderService\tst\VideoOS.Recorder.UnitTests\bin\x64\Debug\net472\VideoOS.Recorder.UnitTests.dll" adapterTypeName="executor://mstestadapter/v2" className="VideoOS.Recorder.UnitTests.Command.ChangeHardwarePasswordCommandHandlerUnitTests" name="ChangeHardwarePasswordCommandHandler_Execute_HardwareIsReadOnly_Errors" />
    </UnitTest>
    <UnitTest name="PingStart_Called_TimerIsStarted" storage="d:\actions-runner\_work\xpco\xpco\corporate\recordingserver\recorderservice\tst\videoos.recorder.unittests\bin\x64\debug\net472\videoos.recorder.unittests.dll" id="2a156436-35d1-3599-981c-313b8e0207be">
      <Execution id="ce225338-21a7-48ac-a0f0-3c1574e4b645" />
      <TestMethod codeBase="D:\actions-runner\_work\XPCO\XPCO\Corporate\RecordingServer\RecorderService\tst\VideoOS.Recorder.UnitTests\bin\x64\Debug\net472\VideoOS.Recorder.UnitTests.dll" adapterTypeName="executor://mstestadapter/v2" className="VideoOS.Recorder.UnitTests.PingManagerTests" name="PingStart_Called_TimerIsStarted" />
    </UnitTest>
    <UnitTest name="HardwareSetupInformationCommand_PostCommandIsNull_BadRequestResult" storage="d:\actions-runner\_work\xpco\xpco\corporate\recordingserver\recorderservice\tst\videoos.recorder.unittests\bin\x64\debug\net472\videoos.recorder.unittests.dll" id="776e0dd6-b1b2-f697-5012-1b5260370892">
      <Execution id="274d2f46-64a0-461a-b2bf-4d23c58cf863" />
      <TestMethod codeBase="D:\actions-runner\_work\XPCO\XPCO\Corporate\RecordingServer\RecorderService\tst\VideoOS.Recorder.UnitTests\bin\x64\Debug\net472\VideoOS.Recorder.UnitTests.dll" adapterTypeName="executor://mstestadapter/v2" className="VideoOS.Recorder.UnitTests.HardwareControllerTests" name="HardwareSetupInformationCommand_PostCommandIsNull_BadRequestResult" />
    </UnitTest>
    <UnitTest name="RepairInfo_ParseRepairInfoXml_EmptyXml_NotRepairing" storage="d:\actions-runner\_work\xpco\xpco\corporate\recordingserver\recorderservice\tst\videoos.recorder.unittests\bin\x64\debug\net472\videoos.recorder.unittests.dll" id="675ad30a-8fb4-d768-7635-64655b88916d">
      <Execution id="17cef00c-bd24-4334-86f5-eacbe0d3e39a" />
      <TestMethod codeBase="D:\actions-runner\_work\XPCO\XPCO\Corporate\RecordingServer\RecorderService\tst\VideoOS.Recorder.UnitTests\bin\x64\Debug\net472\VideoOS.Recorder.UnitTests.dll" adapterTypeName="executor://mstestadapter/v2" className="VideoOS.Recorder.UnitTests.Database.RepairInfoUnitTests" name="RepairInfo_ParseRepairInfoXml_EmptyXml_NotRepairing" />
    </UnitTest>
    <UnitTest name="AddHardwareUserCommandHandler_Execute_HardwareBlocked_Errors" storage="d:\actions-runner\_work\xpco\xpco\corporate\recordingserver\recorderservice\tst\videoos.recorder.unittests\bin\x64\debug\net472\videoos.recorder.unittests.dll" id="24ce6395-f9b5-f8e7-8703-df162f702b2c">
      <Execution id="fd58132e-9666-48b5-b86e-0b78e8f2bab2" />
      <TestMethod codeBase="D:\actions-runner\_work\XPCO\XPCO\Corporate\RecordingServer\RecorderService\tst\VideoOS.Recorder.UnitTests\bin\x64\Debug\net472\VideoOS.Recorder.UnitTests.dll" adapterTypeName="executor://mstestadapter/v2" className="VideoOS.Recorder.UnitTests.Command.AddHardwareUserCommandHandlerRecorderUnitTests" name="AddHardwareUserCommandHandler_Execute_HardwareBlocked_Errors" />
    </UnitTest>
    <UnitTest name="DriverProxyInstanceManager_RemoveHardware_ProxySlotsFreed" storage="d:\actions-runner\_work\xpco\xpco\corporate\recordingserver\recorderservice\tst\videoos.recorder.unittests\bin\x64\debug\net472\videoos.recorder.unittests.dll" id="e108cf7f-d788-6c89-2b03-5046c8983bf3">
      <Execution id="0f0ad0c9-fd9d-45be-98a1-520dadf383c3" />
      <TestMethod codeBase="D:\actions-runner\_work\XPCO\XPCO\Corporate\RecordingServer\RecorderService\tst\VideoOS.Recorder.UnitTests\bin\x64\Debug\net472\VideoOS.Recorder.UnitTests.dll" adapterTypeName="executor://mstestadapter/v2" className="VideoOS.Recorder.UnitTests.DriverProxyInstanceManagerTests" name="DriverProxyInstanceManager_RemoveHardware_ProxySlotsFreed" />
    </UnitTest>
    <UnitTest name="DriverProxyInstanceManager_AddHardware_ToTwoProxies_SeparateInstancesCreated" storage="d:\actions-runner\_work\xpco\xpco\corporate\recordingserver\recorderservice\tst\videoos.recorder.unittests\bin\x64\debug\net472\videoos.recorder.unittests.dll" id="aeb82383-8a39-2cc9-fc7d-52bd6f0ee698">
      <Execution id="d1cf2680-e65e-466f-8174-e1e4001c9dfb" />
      <TestMethod codeBase="D:\actions-runner\_work\XPCO\XPCO\Corporate\RecordingServer\RecorderService\tst\VideoOS.Recorder.UnitTests\bin\x64\Debug\net472\VideoOS.Recorder.UnitTests.dll" adapterTypeName="executor://mstestadapter/v2" className="VideoOS.Recorder.UnitTests.DriverProxyInstanceManagerTests" name="DriverProxyInstanceManager_AddHardware_ToTwoProxies_SeparateInstancesCreated" />
    </UnitTest>
    <UnitTest name="PtzManager_MoveJoystick_Success" storage="d:\actions-runner\_work\xpco\xpco\corporate\recordingserver\recorderservice\tst\videoos.recorder.unittests\bin\x64\debug\net472\videoos.recorder.unittests.dll" id="d4463260-252b-27d4-35a7-818d974df9f7">
      <Execution id="595dfabe-2cda-4e75-a584-9edd0d7fa69f" />
      <TestMethod codeBase="D:\actions-runner\_work\XPCO\XPCO\Corporate\RecordingServer\RecorderService\tst\VideoOS.Recorder.UnitTests\bin\x64\Debug\net472\VideoOS.Recorder.UnitTests.dll" adapterTypeName="executor://mstestadapter/v2" className="VideoOS.Recorder.UnitTests.Command.PtzManagerTests" name="PtzManager_MoveJoystick_Success" />
    </UnitTest>
    <UnitTest name="PtzManager_GetPtzSessionState_Success" storage="d:\actions-runner\_work\xpco\xpco\corporate\recordingserver\recorderservice\tst\videoos.recorder.unittests\bin\x64\debug\net472\videoos.recorder.unittests.dll" id="4c322c27-d081-6da2-3965-9699e29b5817">
      <Execution id="7d0eb289-0c03-497c-aa54-fbac4d5e1183" />
      <TestMethod codeBase="D:\actions-runner\_work\XPCO\XPCO\Corporate\RecordingServer\RecorderService\tst\VideoOS.Recorder.UnitTests\bin\x64\Debug\net472\VideoOS.Recorder.UnitTests.dll" adapterTypeName="executor://mstestadapter/v2" className="VideoOS.Recorder.UnitTests.Command.PtzManagerTests" name="PtzManager_GetPtzSessionState_Success" />
    </UnitTest>
    <UnitTest name="RepairSessionStarted_Success" storage="d:\actions-runner\_work\xpco\xpco\corporate\recordingserver\recorderservice\tst\videoos.recorder.unittests\bin\x64\debug\net472\videoos.recorder.unittests.dll" id="c4e3c8c0-1ebe-3cd1-d917-4f93b953f5b8">
      <Execution id="f715b101-9862-488b-9bdd-dd6443faaf18" />
      <TestMethod codeBase="D:\actions-runner\_work\XPCO\XPCO\Corporate\RecordingServer\RecorderService\tst\VideoOS.Recorder.UnitTests\bin\x64\Debug\net472\VideoOS.Recorder.UnitTests.dll" adapterTypeName="executor://mstestadapter/v2" className="VideoOS.Recorder.UnitTests.MediaDbEventProcessorTests" name="RepairSessionStarted_Success" />
    </UnitTest>
    <UnitTest name="SOAPCommandRequestHandler_ExecuteFunction_HandlePTZRectangle_Bottom_Not_Double" storage="d:\actions-runner\_work\xpco\xpco\corporate\recordingserver\recorderservice\tst\videoos.recorder.unittests\bin\x64\debug\net472\videoos.recorder.unittests.dll" id="c83832b7-8819-2499-1d34-aa973e75957d">
      <Execution id="60df0c85-2805-4bd9-8b6a-16d7e0089b27" />
      <TestMethod codeBase="D:\actions-runner\_work\XPCO\XPCO\Corporate\RecordingServer\RecorderService\tst\VideoOS.Recorder.UnitTests\bin\x64\Debug\net472\VideoOS.Recorder.UnitTests.dll" adapterTypeName="executor://mstestadapter/v2" className="VideoOS.Recorder.UnitTests.WebServer.SOAPCommandRequestHandlerTests" name="SOAPCommandRequestHandler_ExecuteFunction_HandlePTZRectangle_Bottom_Not_Double" />
    </UnitTest>
    <UnitTest name="SOAPCommandRequestHandler_ExecuteFunction_HandleSmartSearchStart_NoSensitivity" storage="d:\actions-runner\_work\xpco\xpco\corporate\recordingserver\recorderservice\tst\videoos.recorder.unittests\bin\x64\debug\net472\videoos.recorder.unittests.dll" id="962ad370-2719-b2eb-b557-7133a1071704">
      <Execution id="14addc3a-0a98-45b9-b096-a5d13d287be3" />
      <TestMethod codeBase="D:\actions-runner\_work\XPCO\XPCO\Corporate\RecordingServer\RecorderService\tst\VideoOS.Recorder.UnitTests\bin\x64\Debug\net472\VideoOS.Recorder.UnitTests.dll" adapterTypeName="executor://mstestadapter/v2" className="VideoOS.Recorder.UnitTests.WebServer.SOAPCommandRequestHandlerTests" name="SOAPCommandRequestHandler_ExecuteFunction_HandleSmartSearchStart_NoSensitivity" />
    </UnitTest>
    <UnitTest name="DatabaseoperationCommandhandler_VerifyPath_Failover_ReturnErrorResponse" storage="d:\actions-runner\_work\xpco\xpco\corporate\recordingserver\recorderservice\tst\videoos.recorder.unittests\bin\x64\debug\net472\videoos.recorder.unittests.dll" id="b321bf5a-fd2d-4b0b-5379-83f479a73f05">
      <Execution id="c5f7efc8-52f9-42f2-8ba8-3eef5658a5b7" />
      <TestMethod codeBase="D:\actions-runner\_work\XPCO\XPCO\Corporate\RecordingServer\RecorderService\tst\VideoOS.Recorder.UnitTests\bin\x64\Debug\net472\VideoOS.Recorder.UnitTests.dll" adapterTypeName="executor://mstestadapter/v2" className="VideoOS.Recorder.UnitTests.Command.DatabaseOperationCommandHandlerUnitTests" name="DatabaseoperationCommandhandler_VerifyPath_Failover_ReturnErrorResponse" />
    </UnitTest>
    <UnitTest name="ProcessRequest_Json_Success" storage="d:\actions-runner\_work\xpco\xpco\corporate\recordingserver\recorderservice\tst\videoos.recorder.unittests\bin\x64\debug\net472\videoos.recorder.unittests.dll" id="9a0bb723-0bdb-ba03-fb13-485ed2050142">
      <Execution id="6dbf8fa0-e4ae-4602-9ffd-78a46b3ba053" />
      <TestMethod codeBase="D:\actions-runner\_work\XPCO\XPCO\Corporate\RecordingServer\RecorderService\tst\VideoOS.Recorder.UnitTests\bin\x64\Debug\net472\VideoOS.Recorder.UnitTests.dll" adapterTypeName="executor://mstestadapter/v2" className="VideoOS.Recorder.UnitTests.WebServer.TransferBufferHtmlPageUnitTests" name="ProcessRequest_Json_Success" />
    </UnitTest>
    <UnitTest name="AudioMessageManager_UpdateConfiguration" storage="d:\actions-runner\_work\xpco\xpco\corporate\recordingserver\recorderservice\tst\videoos.recorder.unittests\bin\x64\debug\net472\videoos.recorder.unittests.dll" id="c7b42c0e-2784-6c41-15dc-ee979b1d4d3f">
      <Execution id="aaae8db6-9529-4cdb-8743-7a2108ed4479" />
      <TestMethod codeBase="D:\actions-runner\_work\XPCO\XPCO\Corporate\RecordingServer\RecorderService\tst\VideoOS.Recorder.UnitTests\bin\x64\Debug\net472\VideoOS.Recorder.UnitTests.dll" adapterTypeName="executor://mstestadapter/v2" className="VideoOS.Recorder.UnitTests.AudioMessageHandling.AudioMessageManagerTests" name="AudioMessageManager_UpdateConfiguration" />
    </UnitTest>
    <UnitTest name="SOAPCommandRequestHandler_GetClientCapabilities_PrivacyMask_Child_Of_ClientCapabilities_Section_Is_True" storage="d:\actions-runner\_work\xpco\xpco\corporate\recordingserver\recorderservice\tst\videoos.recorder.unittests\bin\x64\debug\net472\videoos.recorder.unittests.dll" id="83a7a30c-ff50-77e3-edea-21262e7fcc06">
      <Execution id="3334f283-457c-42e3-987e-750d9bd05419" />
      <TestMethod codeBase="D:\actions-runner\_work\XPCO\XPCO\Corporate\RecordingServer\RecorderService\tst\VideoOS.Recorder.UnitTests\bin\x64\Debug\net472\VideoOS.Recorder.UnitTests.dll" adapterTypeName="executor://mstestadapter/v2" className="VideoOS.Recorder.UnitTests.WebServer.SOAPCommandRequestHandlerTests" name="SOAPCommandRequestHandler_GetClientCapabilities_PrivacyMask_Child_Of_ClientCapabilities_Section_Is_True" />
    </UnitTest>
    <UnitTest name="UpdateHardwareCommandHandler_SetXmlCache_Success" storage="d:\actions-runner\_work\xpco\xpco\corporate\recordingserver\recorderservice\tst\videoos.recorder.unittests\bin\x64\debug\net472\videoos.recorder.unittests.dll" id="f9889f33-f105-1ec7-62b6-5f021e7834d3">
      <Execution id="b824b377-be44-48f5-af5f-53fdc355c235" />
      <TestMethod codeBase="D:\actions-runner\_work\XPCO\XPCO\Corporate\RecordingServer\RecorderService\tst\VideoOS.Recorder.UnitTests\bin\x64\Debug\net472\VideoOS.Recorder.UnitTests.dll" adapterTypeName="executor://mstestadapter/v2" className="VideoOS.Recorder.UnitTests.Command.UpdateHardwareCommandTest" name="UpdateHardwareCommandHandler_SetXmlCache_Success" />
    </UnitTest>
    <UnitTest name="PtzManager_GetAbsolutePosition_Success" storage="d:\actions-runner\_work\xpco\xpco\corporate\recordingserver\recorderservice\tst\videoos.recorder.unittests\bin\x64\debug\net472\videoos.recorder.unittests.dll" id="d9660f72-4df1-d187-5c48-111d1ab2a818">
      <Execution id="812eb191-5580-4725-b29f-30da6a46fecd" />
      <TestMethod codeBase="D:\actions-runner\_work\XPCO\XPCO\Corporate\RecordingServer\RecorderService\tst\VideoOS.Recorder.UnitTests\bin\x64\Debug\net472\VideoOS.Recorder.UnitTests.dll" adapterTypeName="executor://mstestadapter/v2" className="VideoOS.Recorder.UnitTests.Command.PtzManagerTests" name="PtzManager_GetAbsolutePosition_Success" />
    </UnitTest>
    <UnitTest name="Transform_To_Version_0_Success" storage="d:\actions-runner\_work\xpco\xpco\corporate\recordingserver\recorderservice\tst\videoos.recorder.unittests\bin\x64\debug\net472\videoos.recorder.unittests.dll" id="e3444112-3c99-9f58-f5de-2f6baaf569cb">
      <Execution id="d8fcba80-9512-4d25-8d88-9b884df5db55" />
      <TestMethod codeBase="D:\actions-runner\_work\XPCO\XPCO\Corporate\RecordingServer\RecorderService\tst\VideoOS.Recorder.UnitTests\bin\x64\Debug\net472\VideoOS.Recorder.UnitTests.dll" adapterTypeName="executor://mstestadapter/v2" className="VideoOS.Recorder.UnitTests.WebServer.PrivacyMaskTransportConverterUnitTests" name="Transform_To_Version_0_Success" />
    </UnitTest>
    <UnitTest name="EnhanceSettings_SetsNvidiaValue" storage="d:\actions-runner\_work\xpco\xpco\corporate\recordingserver\recorderservice\tst\videoos.recorder.unittests\bin\x64\debug\net472\videoos.recorder.unittests.dll" id="6f9df5bd-83d2-bc83-476e-7ed0bf679440">
      <Owners>
        <Owner name="FT06" />
      </Owners>
      <Execution id="5589d1ad-7253-49c9-b884-15a69358210a" />
      <TestMethod codeBase="D:\actions-runner\_work\XPCO\XPCO\Corporate\RecordingServer\RecorderService\tst\VideoOS.Recorder.UnitTests\bin\x64\Debug\net472\VideoOS.Recorder.UnitTests.dll" adapterTypeName="executor://mstestadapter/v2" className="VideoOS.Recorder.UnitTests.ObjectModel.Processors.PluginSettingsEnhancerTest" name="EnhanceSettings_SetsNvidiaValue" />
    </UnitTest>
    <UnitTest name="RegisterLiveTableExistsTwiche" storage="d:\actions-runner\_work\xpco\xpco\corporate\recordingserver\recorderservice\tst\videoos.recorder.unittests\bin\x64\debug\net472\videoos.recorder.unittests.dll" id="a0714c12-3e58-85c8-097c-620c64485b34">
      <Execution id="7bf11497-b185-4d22-a1d3-e244a9c0cdfc" />
      <TestMethod codeBase="D:\actions-runner\_work\XPCO\XPCO\Corporate\RecordingServer\RecorderService\tst\VideoOS.Recorder.UnitTests\bin\x64\Debug\net472\VideoOS.Recorder.UnitTests.dll" adapterTypeName="executor://mstestadapter/v2" className="VideoOS.Recorder.UnitTests.Database.MediaDbLiveTableRegistrationTests" name="RegisterLiveTableExistsTwiche" />
    </UnitTest>
    <UnitTest name="CollectMediaStatusCommandHandler_OutOfMemoryException" storage="d:\actions-runner\_work\xpco\xpco\corporate\recordingserver\recorderservice\tst\videoos.recorder.unittests\bin\x64\debug\net472\videoos.recorder.unittests.dll" id="a58da31c-d6ed-4b36-a7ea-f71bea4cb061">
      <Execution id="4577f23f-8431-4b0a-8e49-c2567817bd0d" />
      <TestMethod codeBase="D:\actions-runner\_work\XPCO\XPCO\Corporate\RecordingServer\RecorderService\tst\VideoOS.Recorder.UnitTests\bin\x64\Debug\net472\VideoOS.Recorder.UnitTests.dll" adapterTypeName="executor://mstestadapter/v2" className="VideoOS.Recorder.UnitTests.Command.CollectMediaStatusCommandHandlerTests" name="CollectMediaStatusCommandHandler_OutOfMemoryException" />
    </UnitTest>
    <UnitTest name="CheckHardwareDefinitionCommandHandler_Constructor_UpdateHardwareDefinitionHelperNull_ArgumentNullException" storage="d:\actions-runner\_work\xpco\xpco\corporate\recordingserver\recorderservice\tst\videoos.recorder.unittests\bin\x64\debug\net472\videoos.recorder.unittests.dll" id="4e38640c-9de2-9cb2-ec66-cfa7f6c7a35b">
      <Execution id="e6600221-aaee-4449-bc30-1f90adfdf0f7" />
      <TestMethod codeBase="D:\actions-runner\_work\XPCO\XPCO\Corporate\RecordingServer\RecorderService\tst\VideoOS.Recorder.UnitTests\bin\x64\Debug\net472\VideoOS.Recorder.UnitTests.dll" adapterTypeName="executor://mstestadapter/v2" className="VideoOS.Recorder.UnitTests.Command.CheckHardwareDefinitionCommandHandlerTests" name="CheckHardwareDefinitionCommandHandler_Constructor_UpdateHardwareDefinitionHelperNull_ArgumentNullException" />
    </UnitTest>
    <UnitTest name="SOAPCommandRequestHandler_ExecuteFunction_HandleSequencesGetAroundWithSpan_NoSequenceType" storage="d:\actions-runner\_work\xpco\xpco\corporate\recordingserver\recorderservice\tst\videoos.recorder.unittests\bin\x64\debug\net472\videoos.recorder.unittests.dll" id="cd25b06b-0fa5-8e76-d488-b4b3e1f3fe07">
      <Execution id="8a1beff4-0705-4861-af4e-de2931a84aa9" />
      <TestMethod codeBase="D:\actions-runner\_work\XPCO\XPCO\Corporate\RecordingServer\RecorderService\tst\VideoOS.Recorder.UnitTests\bin\x64\Debug\net472\VideoOS.Recorder.UnitTests.dll" adapterTypeName="executor://mstestadapter/v2" className="VideoOS.Recorder.UnitTests.WebServer.SOAPCommandRequestHandlerTests" name="SOAPCommandRequestHandler_ExecuteFunction_HandleSequencesGetAroundWithSpan_NoSequenceType" />
    </UnitTest>
    <UnitTest name="PtzManualSession_OnBeforeSessionExpired_Success" storage="d:\actions-runner\_work\xpco\xpco\corporate\recordingserver\recorderservice\tst\videoos.recorder.unittests\bin\x64\debug\net472\videoos.recorder.unittests.dll" id="1ba2ccec-c45f-8687-a151-4bdd1def69bc">
      <Execution id="45076777-8456-4306-afc6-913078554a19" />
      <TestMethod codeBase="D:\actions-runner\_work\XPCO\XPCO\Corporate\RecordingServer\RecorderService\tst\VideoOS.Recorder.UnitTests\bin\x64\Debug\net472\VideoOS.Recorder.UnitTests.dll" adapterTypeName="executor://mstestadapter/v2" className="VideoOS.Recorder.UnitTests.Command.PtzSessionsTests" name="PtzManualSession_OnBeforeSessionExpired_Success" />
    </UnitTest>
    <UnitTest name="LicenseManager_CheckHardwareLicensed_unlicensed_licensedAfterExpiryDateWithReplacementToken" storage="d:\actions-runner\_work\xpco\xpco\corporate\recordingserver\recorderservice\tst\videoos.recorder.unittests\bin\x64\debug\net472\videoos.recorder.unittests.dll" id="e3eb7c25-f64d-fff5-8d1c-3fdfe590b3c9">
      <TestCategory>
        <TestCategoryItem TestCategory="Licensing" />
      </TestCategory>
      <Execution id="18c52142-3ff0-4ddb-9236-c9fd7e8b84f6" />
      <TestMethod codeBase="D:\actions-runner\_work\XPCO\XPCO\Corporate\RecordingServer\RecorderService\tst\VideoOS.Recorder.UnitTests\bin\x64\Debug\net472\VideoOS.Recorder.UnitTests.dll" adapterTypeName="executor://mstestadapter/v2" className="VideoOS.Recorder.UnitTests.Licensing.LicenseManagerUnitTests" name="LicenseManager_CheckHardwareLicensed_unlicensed_licensedAfterExpiryDateWithReplacementToken" />
    </UnitTest>
    <UnitTest name="ExecuteRuleActions_PostCommandIsValid_NoContent" storage="d:\actions-runner\_work\xpco\xpco\corporate\recordingserver\recorderservice\tst\videoos.recorder.unittests\bin\x64\debug\net472\videoos.recorder.unittests.dll" id="d1ac2f4b-25eb-55ad-4adb-bd953cf33e6c">
      <Execution id="d6051a9e-2677-4191-8ad4-d5d25588e1df" />
      <TestMethod codeBase="D:\actions-runner\_work\XPCO\XPCO\Corporate\RecordingServer\RecorderService\tst\VideoOS.Recorder.UnitTests\bin\x64\Debug\net472\VideoOS.Recorder.UnitTests.dll" adapterTypeName="executor://mstestadapter/v2" className="VideoOS.Recorder.UnitTests.RecorderControllerTests" name="ExecuteRuleActions_PostCommandIsValid_NoContent" />
    </UnitTest>
    <UnitTest name="AddHardwareUserCommandHandler_Execute_NullOrIncorrectArgs_Throw" storage="d:\actions-runner\_work\xpco\xpco\corporate\recordingserver\recorderservice\tst\videoos.recorder.unittests\bin\x64\debug\net472\videoos.recorder.unittests.dll" id="7361635d-0471-b883-2a3e-9e11ada3a373">
      <Execution id="4fce2a4a-215c-4b4c-9289-cb7e5121fb88" />
      <TestMethod codeBase="D:\actions-runner\_work\XPCO\XPCO\Corporate\RecordingServer\RecorderService\tst\VideoOS.Recorder.UnitTests\bin\x64\Debug\net472\VideoOS.Recorder.UnitTests.dll" adapterTypeName="executor://mstestadapter/v2" className="VideoOS.Recorder.UnitTests.Command.AddHardwareUserCommandHandlerRecorderUnitTests" name="AddHardwareUserCommandHandler_Execute_NullOrIncorrectArgs_Throw" />
    </UnitTest>
    <UnitTest name="EnhanceSettings_DisabledPlugin" storage="d:\actions-runner\_work\xpco\xpco\corporate\recordingserver\recorderservice\tst\videoos.recorder.unittests\bin\x64\debug\net472\videoos.recorder.unittests.dll" id="134adb3c-1f37-9cb6-82d3-e8d72404da23">
      <Owners>
        <Owner name="FT06" />
      </Owners>
      <Execution id="ca905c39-5a9a-45a6-b077-f3d1610e3bd4" />
      <TestMethod codeBase="D:\actions-runner\_work\XPCO\XPCO\Corporate\RecordingServer\RecorderService\tst\VideoOS.Recorder.UnitTests\bin\x64\Debug\net472\VideoOS.Recorder.UnitTests.dll" adapterTypeName="executor://mstestadapter/v2" className="VideoOS.Recorder.UnitTests.ObjectModel.Processors.PluginSettingsEnhancerTest" name="EnhanceSettings_DisabledPlugin" />
    </UnitTest>
    <UnitTest name="ChangeConfigLinksRemovedWhileRecordingCamera" storage="d:\actions-runner\_work\xpco\xpco\corporate\recordingserver\recorderservice\tst\videoos.recorder.unittests\bin\x64\debug\net472\videoos.recorder.unittests.dll" id="4ba37807-b858-01d5-a78a-d58c5dee0792">
      <TestCategory>
        <TestCategoryItem TestCategory="ObjectModel.Device.RelatedDeviceHandler" />
      </TestCategory>
      <Execution id="581f9bf0-4878-441e-8f0a-165656e9ad35" />
      <TestMethod codeBase="D:\actions-runner\_work\XPCO\XPCO\Corporate\RecordingServer\RecorderService\tst\VideoOS.Recorder.UnitTests\bin\x64\Debug\net472\VideoOS.Recorder.UnitTests.dll" adapterTypeName="executor://mstestadapter/v2" className="VideoOS.Recorder.UnitTests.ObjectModel.RelatedDeviceHandlerTest" name="ChangeConfigLinksRemovedWhileRecordingCamera" />
    </UnitTest>
    <UnitTest name="SetNetworkConfigurationCommandHandler_Execute_SunnyDay_IPv6" storage="d:\actions-runner\_work\xpco\xpco\corporate\recordingserver\recorderservice\tst\videoos.recorder.unittests\bin\x64\debug\net472\videoos.recorder.unittests.dll" id="3e5d9dcf-e6be-23b7-42e8-4c48fa66792a">
      <Execution id="5a40c46a-6ba1-46d0-be5a-7b158eedd437" />
      <TestMethod codeBase="D:\actions-runner\_work\XPCO\XPCO\Corporate\RecordingServer\RecorderService\tst\VideoOS.Recorder.UnitTests\bin\x64\Debug\net472\VideoOS.Recorder.UnitTests.dll" adapterTypeName="executor://mstestadapter/v2" className="VideoOS.Recorder.UnitTests.Command.SetNetworkConfigurationCommandHandlerUnitTests" name="SetNetworkConfigurationCommandHandler_Execute_SunnyDay_IPv6" />
    </UnitTest>
    <UnitTest name="SOAPCommandRequestHandler_ExecuteFunction_HandleSmartSearchStart_NoSearchMaskMask" storage="d:\actions-runner\_work\xpco\xpco\corporate\recordingserver\recorderservice\tst\videoos.recorder.unittests\bin\x64\debug\net472\videoos.recorder.unittests.dll" id="733bcc97-b59b-f665-d8e7-2335be33aaba">
      <Execution id="6dd12f64-ae16-4e05-8773-29d1916a897e" />
      <TestMethod codeBase="D:\actions-runner\_work\XPCO\XPCO\Corporate\RecordingServer\RecorderService\tst\VideoOS.Recorder.UnitTests\bin\x64\Debug\net472\VideoOS.Recorder.UnitTests.dll" adapterTypeName="executor://mstestadapter/v2" className="VideoOS.Recorder.UnitTests.WebServer.SOAPCommandRequestHandlerTests" name="SOAPCommandRequestHandler_ExecuteFunction_HandleSmartSearchStart_NoSearchMaskMask" />
    </UnitTest>
    <UnitTest name="SOAPCommandRequestHandler_GetClientCapabilities_PrivacyMask_Child_Of_ClientCapabilities_Section_Is_One" storage="d:\actions-runner\_work\xpco\xpco\corporate\recordingserver\recorderservice\tst\videoos.recorder.unittests\bin\x64\debug\net472\videoos.recorder.unittests.dll" id="fef1b3c8-b705-02f6-d7e4-83524813e7b5">
      <Execution id="8293a4fd-e77e-41ea-8c64-2a46b0b93031" />
      <TestMethod codeBase="D:\actions-runner\_work\XPCO\XPCO\Corporate\RecordingServer\RecorderService\tst\VideoOS.Recorder.UnitTests\bin\x64\Debug\net472\VideoOS.Recorder.UnitTests.dll" adapterTypeName="executor://mstestadapter/v2" className="VideoOS.Recorder.UnitTests.WebServer.SOAPCommandRequestHandlerTests" name="SOAPCommandRequestHandler_GetClientCapabilities_PrivacyMask_Child_Of_ClientCapabilities_Section_Is_One" />
    </UnitTest>
    <UnitTest name="PtzManagerDataHolder_GetOrAddPtzController_Device_Ptz_Not_Preset" storage="d:\actions-runner\_work\xpco\xpco\corporate\recordingserver\recorderservice\tst\videoos.recorder.unittests\bin\x64\debug\net472\videoos.recorder.unittests.dll" id="aba99fc6-3d31-95d1-311f-ba8853e03d7e">
      <Execution id="ee98c4a2-50ce-4292-9be9-612b8db0fbc1" />
      <TestMethod codeBase="D:\actions-runner\_work\XPCO\XPCO\Corporate\RecordingServer\RecorderService\tst\VideoOS.Recorder.UnitTests\bin\x64\Debug\net472\VideoOS.Recorder.UnitTests.dll" adapterTypeName="executor://mstestadapter/v2" className="VideoOS.Recorder.UnitTests.Command.PtzManagerDataHolderTest" name="PtzManagerDataHolder_GetOrAddPtzController_Device_Ptz_Not_Preset" />
    </UnitTest>
    <UnitTest name="ConnectSuccessSimple_Microphone" storage="d:\actions-runner\_work\xpco\xpco\corporate\recordingserver\recorderservice\tst\videoos.recorder.unittests\bin\x64\debug\net472\videoos.recorder.unittests.dll" id="c215f384-d759-0462-3f93-fb7f98ba008e">
      <Execution id="e9aa9827-ee2e-44c4-b54a-a8835a3b7f89" />
      <TestMethod codeBase="D:\actions-runner\_work\XPCO\XPCO\Corporate\RecordingServer\RecorderService\tst\VideoOS.Recorder.UnitTests\bin\x64\Debug\net472\VideoOS.Recorder.UnitTests.dll" adapterTypeName="executor://mstestadapter/v2" className="VideoOS.Recorder.UnitTests.WebServer.ImageServerRequestHandlerTests" name="ConnectSuccessSimple_Microphone" />
    </UnitTest>
    <UnitTest name="FirmwareUpgradeCommandHandler_Execute_HardwareNotStarted_Errors" storage="d:\actions-runner\_work\xpco\xpco\corporate\recordingserver\recorderservice\tst\videoos.recorder.unittests\bin\x64\debug\net472\videoos.recorder.unittests.dll" id="3c4da093-1855-311d-b3ee-af116f280686">
      <Execution id="a7a1dd2d-3b8a-4084-91dd-e1ab0dc90d28" />
      <TestMethod codeBase="D:\actions-runner\_work\XPCO\XPCO\Corporate\RecordingServer\RecorderService\tst\VideoOS.Recorder.UnitTests\bin\x64\Debug\net472\VideoOS.Recorder.UnitTests.dll" adapterTypeName="executor://mstestadapter/v2" className="VideoOS.Recorder.UnitTests.Command.FirmwareUpgradeCommandHandlerUnitTests" name="FirmwareUpgradeCommandHandler_Execute_HardwareNotStarted_Errors" />
    </UnitTest>
    <UnitTest name="RecStorage_Startup_NotAllowStart_NotKeepFailing_Failure_Retry" storage="d:\actions-runner\_work\xpco\xpco\corporate\recordingserver\recorderservice\tst\videoos.recorder.unittests\bin\x64\debug\net472\videoos.recorder.unittests.dll" id="39ab428f-3f0b-9401-d49a-b020021c99dc">
      <Execution id="39367f1c-a180-442d-8633-f944f0d523bf" />
      <TestMethod codeBase="D:\actions-runner\_work\XPCO\XPCO\Corporate\RecordingServer\RecorderService\tst\VideoOS.Recorder.UnitTests\bin\x64\Debug\net472\VideoOS.Recorder.UnitTests.dll" adapterTypeName="executor://mstestadapter/v2" className="VideoOS.Recorder.UnitTests.ObjectModel.MediaDbManagerUnitTests" name="RecStorage_Startup_NotAllowStart_NotKeepFailing_Failure_Retry" />
    </UnitTest>
    <UnitTest name="GetStatistics_Framerate_ZeroFrames" storage="d:\actions-runner\_work\xpco\xpco\corporate\recordingserver\recorderservice\tst\videoos.recorder.unittests\bin\x64\debug\net472\videoos.recorder.unittests.dll" id="665b1f0f-1d1c-7042-b714-c16e80b625c9">
      <TestCategory>
        <TestCategoryItem TestCategory="PipelineRecordingStatistics" />
      </TestCategory>
      <Execution id="963eb135-5fa8-43ef-81ab-e9fd6641b999" />
      <TestMethod codeBase="D:\actions-runner\_work\XPCO\XPCO\Corporate\RecordingServer\RecorderService\tst\VideoOS.Recorder.UnitTests\bin\x64\Debug\net472\VideoOS.Recorder.UnitTests.dll" adapterTypeName="executor://mstestadapter/v2" className="VideoOS.Recorder.UnitTests.ObjectModel.Processors.PipelineRecordingStatisticsTests" name="GetStatistics_Framerate_ZeroFrames" />
    </UnitTest>
    <UnitTest name="EdgeStorageLimitsNoTimeLimit" storage="d:\actions-runner\_work\xpco\xpco\corporate\recordingserver\recorderservice\tst\videoos.recorder.unittests\bin\x64\debug\net472\videoos.recorder.unittests.dll" id="5a4bbf6d-6575-fc29-4105-c0aa9f01f9b3">
      <TestCategory>
        <TestCategoryItem TestCategory="EdgeStorageLimits" />
      </TestCategory>
      <Execution id="36fe3047-c359-4e25-843e-a906c5881ef8" />
      <TestMethod codeBase="D:\actions-runner\_work\XPCO\XPCO\Corporate\RecordingServer\RecorderService\tst\VideoOS.Recorder.UnitTests\bin\x64\Debug\net472\VideoOS.Recorder.UnitTests.dll" adapterTypeName="executor://mstestadapter/v2" className="VideoOS.Recorder.UnitTests.EdgeStorage.EdgeStorageLimitTests" name="EdgeStorageLimitsNoTimeLimit" />
    </UnitTest>
    <UnitTest name="PtzManagerDataHolder_GetOrAddPtzController_Not_Exists_No_Create" storage="d:\actions-runner\_work\xpco\xpco\corporate\recordingserver\recorderservice\tst\videoos.recorder.unittests\bin\x64\debug\net472\videoos.recorder.unittests.dll" id="c25a9952-d580-af92-0886-610e90e83ab5">
      <Execution id="e3e594e9-091f-4539-939b-84e48741c56d" />
      <TestMethod codeBase="D:\actions-runner\_work\XPCO\XPCO\Corporate\RecordingServer\RecorderService\tst\VideoOS.Recorder.UnitTests\bin\x64\Debug\net472\VideoOS.Recorder.UnitTests.dll" adapterTypeName="executor://mstestadapter/v2" className="VideoOS.Recorder.UnitTests.Command.PtzManagerDataHolderTest" name="PtzManagerDataHolder_GetOrAddPtzController_Not_Exists_No_Create" />
    </UnitTest>
    <UnitTest name="Transform_EmptyMask_Success" storage="d:\actions-runner\_work\xpco\xpco\corporate\recordingserver\recorderservice\tst\videoos.recorder.unittests\bin\x64\debug\net472\videoos.recorder.unittests.dll" id="5fdbc1fd-a841-1dde-9f6d-f82cd22344bc">
      <Execution id="eeaec162-1f1b-4dad-9eda-c5dc640fb8f0" />
      <TestMethod codeBase="D:\actions-runner\_work\XPCO\XPCO\Corporate\RecordingServer\RecorderService\tst\VideoOS.Recorder.UnitTests\bin\x64\Debug\net472\VideoOS.Recorder.UnitTests.dll" adapterTypeName="executor://mstestadapter/v2" className="VideoOS.Recorder.UnitTests.WebServer.PrivacyMaskTransportConverterUnitTests" name="Transform_EmptyMask_Success" />
    </UnitTest>
    <UnitTest name="MessageManagerCallback_HandleResponse_Fail_RetriesUpdate" storage="d:\actions-runner\_work\xpco\xpco\corporate\recordingserver\recorderservice\tst\videoos.recorder.unittests\bin\x64\debug\net472\videoos.recorder.unittests.dll" id="5e96541d-bf62-26ff-d471-40017efbfeae">
      <Execution id="a881476e-ecc6-4082-8804-4c45567da61e" />
      <TestMethod codeBase="D:\actions-runner\_work\XPCO\XPCO\Corporate\RecordingServer\RecorderService\tst\VideoOS.Recorder.UnitTests\bin\x64\Debug\net472\VideoOS.Recorder.UnitTests.dll" adapterTypeName="executor://mstestadapter/v2" className="VideoOS.Recorder.UnitTests.DriverUpdateHelperUnitTests" name="MessageManagerCallback_HandleResponse_Fail_RetriesUpdate" />
    </UnitTest>
    <UnitTest name="MediaDbCache_GetListFileSystemDiskUsage_Has_Cache_Value" storage="d:\actions-runner\_work\xpco\xpco\corporate\recordingserver\recorderservice\tst\videoos.recorder.unittests\bin\x64\debug\net472\videoos.recorder.unittests.dll" id="da6386de-84e3-c7b0-b319-5c8d85da9e75">
      <Execution id="c1ec8416-006f-493f-ba8f-3de5834bc068" />
      <TestMethod codeBase="D:\actions-runner\_work\XPCO\XPCO\Corporate\RecordingServer\RecorderService\tst\VideoOS.Recorder.UnitTests\bin\x64\Debug\net472\VideoOS.Recorder.UnitTests.dll" adapterTypeName="executor://mstestadapter/v2" className="VideoOS.Recorder.UnitTests.Database.MediaDbCacheUnitTests" name="MediaDbCache_GetListFileSystemDiskUsage_Has_Cache_Value" />
    </UnitTest>
    <UnitTest name="PreferredAddressTable_IsAddressRegistered_Success" storage="d:\actions-runner\_work\xpco\xpco\corporate\recordingserver\recorderservice\tst\videoos.recorder.unittests\bin\x64\debug\net472\videoos.recorder.unittests.dll" id="ddf5cc0d-87e0-f6c1-f045-d76e35cb892b">
      <Execution id="5a4cc57d-24d5-4b8f-8b23-041eb17e965a" />
      <TestMethod codeBase="D:\actions-runner\_work\XPCO\XPCO\Corporate\RecordingServer\RecorderService\tst\VideoOS.Recorder.UnitTests\bin\x64\Debug\net472\VideoOS.Recorder.UnitTests.dll" adapterTypeName="executor://mstestadapter/v2" className="VideoOS.Recorder.UnitTests.Multicast.PreferredAddressTableUnitTests" name="PreferredAddressTable_IsAddressRegistered_Success" />
    </UnitTest>
    <UnitTest name="SmartSearchHandlerBackwardTestDataWithMotionOnlyIgnoreFirstHit" storage="d:\actions-runner\_work\xpco\xpco\corporate\recordingserver\recorderservice\tst\videoos.recorder.unittests\bin\x64\debug\net472\videoos.recorder.unittests.dll" id="26aaedf7-f3c3-e3c7-363a-4eef9f264b06">
      <TestCategory>
        <TestCategoryItem TestCategory="SmartSearch" />
      </TestCategory>
      <Execution id="1e8813ec-7fbb-4c0c-9f93-ec19ba0f2ef1" />
      <TestMethod codeBase="D:\actions-runner\_work\XPCO\XPCO\Corporate\RecordingServer\RecorderService\tst\VideoOS.Recorder.UnitTests\bin\x64\Debug\net472\VideoOS.Recorder.UnitTests.dll" adapterTypeName="executor://mstestadapter/v2" className="VideoOS.Recorder.UnitTests.SmartSearch.SmartSearchHandlerTest" name="SmartSearchHandlerBackwardTestDataWithMotionOnlyIgnoreFirstHit" />
    </UnitTest>
    <UnitTest name="SOAPCommandRequestHandler_ExecuteFunction_HandleSequencesGet_NoMaxCount" storage="d:\actions-runner\_work\xpco\xpco\corporate\recordingserver\recorderservice\tst\videoos.recorder.unittests\bin\x64\debug\net472\videoos.recorder.unittests.dll" id="60cdcb6c-1ef0-d407-72f5-02310833db16">
      <Execution id="fe63fbfe-6318-4790-9f16-cf296ef34052" />
      <TestMethod codeBase="D:\actions-runner\_work\XPCO\XPCO\Corporate\RecordingServer\RecorderService\tst\VideoOS.Recorder.UnitTests\bin\x64\Debug\net472\VideoOS.Recorder.UnitTests.dll" adapterTypeName="executor://mstestadapter/v2" className="VideoOS.Recorder.UnitTests.WebServer.SOAPCommandRequestHandlerTests" name="SOAPCommandRequestHandler_ExecuteFunction_HandleSequencesGet_NoMaxCount" />
    </UnitTest>
    <UnitTest name="DatabaseTaskCommandHandler_EmptyDevice_EmptyTableException_Failure" storage="d:\actions-runner\_work\xpco\xpco\corporate\recordingserver\recorderservice\tst\videoos.recorder.unittests\bin\x64\debug\net472\videoos.recorder.unittests.dll" id="91e99c22-18c5-1f77-6ea4-73a281b24478">
      <Execution id="d74816ff-f395-413b-8fdb-1f6cdb3e1da4" />
      <TestMethod codeBase="D:\actions-runner\_work\XPCO\XPCO\Corporate\RecordingServer\RecorderService\tst\VideoOS.Recorder.UnitTests\bin\x64\Debug\net472\VideoOS.Recorder.UnitTests.dll" adapterTypeName="executor://mstestadapter/v2" className="VideoOS.Recorder.UnitTests.Command.DatabaseTaskCommandHandlerTest" name="DatabaseTaskCommandHandler_EmptyDevice_EmptyTableException_Failure" />
    </UnitTest>
    <UnitTest name="SetNetworkConfigurationCommandHandler_Execute_NullArgs_Throws" storage="d:\actions-runner\_work\xpco\xpco\corporate\recordingserver\recorderservice\tst\videoos.recorder.unittests\bin\x64\debug\net472\videoos.recorder.unittests.dll" id="6a9298a7-5660-7e18-7315-5b9cdc4d96b2">
      <Execution id="335627ca-94f8-4ed0-8b40-9b8de9cff6ed" />
      <TestMethod codeBase="D:\actions-runner\_work\XPCO\XPCO\Corporate\RecordingServer\RecorderService\tst\VideoOS.Recorder.UnitTests\bin\x64\Debug\net472\VideoOS.Recorder.UnitTests.dll" adapterTypeName="executor://mstestadapter/v2" className="VideoOS.Recorder.UnitTests.Command.SetNetworkConfigurationCommandHandlerUnitTests" name="SetNetworkConfigurationCommandHandler_Execute_NullArgs_Throws" />
    </UnitTest>
    <UnitTest name="SOAPCommandRequestHandler_ExecuteFunction_HandlePtzGetAbsolutePosition_NoDeviceId" storage="d:\actions-runner\_work\xpco\xpco\corporate\recordingserver\recorderservice\tst\videoos.recorder.unittests\bin\x64\debug\net472\videoos.recorder.unittests.dll" id="9da080b9-513b-368f-a550-e3016b79c97e">
      <Execution id="a1e618e9-e4cd-4c1f-8bab-7fae4486a48c" />
      <TestMethod codeBase="D:\actions-runner\_work\XPCO\XPCO\Corporate\RecordingServer\RecorderService\tst\VideoOS.Recorder.UnitTests\bin\x64\Debug\net472\VideoOS.Recorder.UnitTests.dll" adapterTypeName="executor://mstestadapter/v2" className="VideoOS.Recorder.UnitTests.WebServer.SOAPCommandRequestHandlerTests" name="SOAPCommandRequestHandler_ExecuteFunction_HandlePtzGetAbsolutePosition_NoDeviceId" />
    </UnitTest>
    <UnitTest name="RecorderAccessTokenHandler_PopulateAuthorizationHeaderAsync_IdentityServerTokenException" storage="d:\actions-runner\_work\xpco\xpco\corporate\recordingserver\recorderservice\tst\videoos.recorder.unittests\bin\x64\debug\net472\videoos.recorder.unittests.dll" id="84a694b2-8354-cd3a-ff22-a2de6b0b581e">
      <Execution id="d7a3e3ca-75cf-4697-8676-b19a9c0df7bd" />
      <TestMethod codeBase="D:\actions-runner\_work\XPCO\XPCO\Corporate\RecordingServer\RecorderService\tst\VideoOS.Recorder.UnitTests\bin\x64\Debug\net472\VideoOS.Recorder.UnitTests.dll" adapterTypeName="executor://mstestadapter/v2" className="VideoOS.Recorder.UnitTests.ServerCommunication.RecorderAccessTokenHandlerTests" name="RecorderAccessTokenHandler_PopulateAuthorizationHeaderAsync_IdentityServerTokenException" />
    </UnitTest>
    <UnitTest name="GetAbsolutePtzPositionCommandHandler_Execute_Driver_Exception" storage="d:\actions-runner\_work\xpco\xpco\corporate\recordingserver\recorderservice\tst\videoos.recorder.unittests\bin\x64\debug\net472\videoos.recorder.unittests.dll" id="89052bd8-840c-206d-9e34-5dfd0fe6eff1">
      <Execution id="6b1b3ffb-5620-46b1-ab23-a8268206c61f" />
      <TestMethod codeBase="D:\actions-runner\_work\XPCO\XPCO\Corporate\RecordingServer\RecorderService\tst\VideoOS.Recorder.UnitTests\bin\x64\Debug\net472\VideoOS.Recorder.UnitTests.dll" adapterTypeName="executor://mstestadapter/v2" className="VideoOS.Recorder.UnitTests.Command.GetAbsolutePtzPositionCommandHandlerTest" name="GetAbsolutePtzPositionCommandHandler_Execute_Driver_Exception" />
    </UnitTest>
    <UnitTest name="ConnectSuccess_PrevWithTime_BeforeMedia" storage="d:\actions-runner\_work\xpco\xpco\corporate\recordingserver\recorderservice\tst\videoos.recorder.unittests\bin\x64\debug\net472\videoos.recorder.unittests.dll" id="290c1c4d-f869-be83-3d83-57c43f3d21d3">
      <Execution id="335ba036-91db-4350-881f-334ccc0a9456" />
      <TestMethod codeBase="D:\actions-runner\_work\XPCO\XPCO\Corporate\RecordingServer\RecorderService\tst\VideoOS.Recorder.UnitTests\bin\x64\Debug\net472\VideoOS.Recorder.UnitTests.dll" adapterTypeName="executor://mstestadapter/v2" className="VideoOS.Recorder.UnitTests.WebServer.ImageServerRequestHandlerTests" name="ConnectSuccess_PrevWithTime_BeforeMedia" />
    </UnitTest>
    <UnitTest name="QueryDeviceEvidenceLockSizesCommandHandler_QueryDeviceEvidenceLockSizesResponse_InstalledAsAFailOver_NegativeSize" storage="d:\actions-runner\_work\xpco\xpco\corporate\recordingserver\recorderservice\tst\videoos.recorder.unittests\bin\x64\debug\net472\videoos.recorder.unittests.dll" id="693448aa-adc5-611c-2b53-0a8695f4d97d">
      <Execution id="4438fa8b-79e5-41de-b56c-bcac1e4575fd" />
      <TestMethod codeBase="D:\actions-runner\_work\XPCO\XPCO\Corporate\RecordingServer\RecorderService\tst\VideoOS.Recorder.UnitTests\bin\x64\Debug\net472\VideoOS.Recorder.UnitTests.dll" adapterTypeName="executor://mstestadapter/v2" className="VideoOS.Recorder.UnitTests.Command.QueryDeviceEvidenceLockSizesCommandHandlerTests" name="QueryDeviceEvidenceLockSizesCommandHandler_QueryDeviceEvidenceLockSizesResponse_InstalledAsAFailOver_NegativeSize" />
    </UnitTest>
    <UnitTest name="SmartSearchHandlerFirstHitTestStatusAndResult" storage="d:\actions-runner\_work\xpco\xpco\corporate\recordingserver\recorderservice\tst\videoos.recorder.unittests\bin\x64\debug\net472\videoos.recorder.unittests.dll" id="ebe473c0-4546-ef14-e351-e74aa8e18fb6">
      <TestCategory>
        <TestCategoryItem TestCategory="SmartSearch" />
      </TestCategory>
      <Execution id="a4cbe918-5902-4c5b-b6d1-0131d38fd1a3" />
      <TestMethod codeBase="D:\actions-runner\_work\XPCO\XPCO\Corporate\RecordingServer\RecorderService\tst\VideoOS.Recorder.UnitTests\bin\x64\Debug\net472\VideoOS.Recorder.UnitTests.dll" adapterTypeName="executor://mstestadapter/v2" className="VideoOS.Recorder.UnitTests.SmartSearch.SmartSearchHandlerTest" name="SmartSearchHandlerFirstHitTestStatusAndResult" />
    </UnitTest>
    <UnitTest name="RecorderAccessTokenHandler_PopulateAuthorizationHeaderAsync_Success" storage="d:\actions-runner\_work\xpco\xpco\corporate\recordingserver\recorderservice\tst\videoos.recorder.unittests\bin\x64\debug\net472\videoos.recorder.unittests.dll" id="c5d54e22-fee6-b97e-41b8-d52827f7965f">
      <Execution id="feedd16f-8ee9-4d05-8252-670a5b85a050" />
      <TestMethod codeBase="D:\actions-runner\_work\XPCO\XPCO\Corporate\RecordingServer\RecorderService\tst\VideoOS.Recorder.UnitTests\bin\x64\Debug\net472\VideoOS.Recorder.UnitTests.dll" adapterTypeName="executor://mstestadapter/v2" className="VideoOS.Recorder.UnitTests.ServerCommunication.RecorderAccessTokenHandlerTests" name="RecorderAccessTokenHandler_PopulateAuthorizationHeaderAsync_Success" />
    </UnitTest>
    <UnitTest name="DatabaseoperationCommandhandler_VerifyStorageAndArchiveOnline_DeviceStorage_Offline" storage="d:\actions-runner\_work\xpco\xpco\corporate\recordingserver\recorderservice\tst\videoos.recorder.unittests\bin\x64\debug\net472\videoos.recorder.unittests.dll" id="eb493014-02a6-da2e-58d7-31f2c81c0ad3">
      <Execution id="d39dbd3b-5433-4533-84e2-7b77d4ccbff0" />
      <TestMethod codeBase="D:\actions-runner\_work\XPCO\XPCO\Corporate\RecordingServer\RecorderService\tst\VideoOS.Recorder.UnitTests\bin\x64\Debug\net472\VideoOS.Recorder.UnitTests.dll" adapterTypeName="executor://mstestadapter/v2" className="VideoOS.Recorder.UnitTests.Command.DatabaseOperationCommandHandlerUnitTests" name="DatabaseoperationCommandhandler_VerifyStorageAndArchiveOnline_DeviceStorage_Offline" />
    </UnitTest>
    <UnitTest name="GetRecorderTasksWithPendingStop_InternalStateStartedOneTasks_ReturnsArrayWithOneElement" storage="d:\actions-runner\_work\xpco\xpco\corporate\recordingserver\recorderservice\tst\videoos.recorder.unittests\bin\x64\debug\net472\videoos.recorder.unittests.dll" id="806abd20-3c06-737b-da82-40fdab6a592c">
      <Execution id="98f0f8ad-bf80-49f7-a1af-6d10b3b17292" />
      <TestMethod codeBase="D:\actions-runner\_work\XPCO\XPCO\Corporate\RecordingServer\RecorderService\tst\VideoOS.Recorder.UnitTests\bin\x64\Debug\net472\VideoOS.Recorder.UnitTests.dll" adapterTypeName="executor://mstestadapter/v2" className="VideoOS.Recorder.UnitTests.CommManagerWebApiTests" name="GetRecorderTasksWithPendingStop_InternalStateStartedOneTasks_ReturnsArrayWithOneElement" />
    </UnitTest>
    <UnitTest name="ReadMessageHeaders_ReadRequestLine_SoapStatus2Wsdl_Success" storage="d:\actions-runner\_work\xpco\xpco\corporate\recordingserver\recorderservice\tst\videoos.recorder.unittests\bin\x64\debug\net472\videoos.recorder.unittests.dll" id="bf27bba2-fbea-d5db-5395-e269e69533ee">
      <Execution id="f482eb6a-2bbc-4767-a671-c9eade22eafe" />
      <TestMethod codeBase="D:\actions-runner\_work\XPCO\XPCO\Corporate\RecordingServer\RecorderService\tst\VideoOS.Recorder.UnitTests\bin\x64\Debug\net472\VideoOS.Recorder.UnitTests.dll" adapterTypeName="executor://mstestadapter/v2" className="VideoOS.Recorder.UnitTests.WebServer.WebRequestReaderUnitTests" name="ReadMessageHeaders_ReadRequestLine_SoapStatus2Wsdl_Success" />
    </UnitTest>
    <UnitTest name="ResolveIdAndMessage_NonMapped" storage="d:\actions-runner\_work\xpco\xpco\corporate\recordingserver\recorderservice\tst\videoos.recorder.unittests\bin\x64\debug\net472\videoos.recorder.unittests.dll" id="6b3e8315-25aa-da2f-c82e-34e79cabc5bc">
      <Execution id="7e34783b-d059-48a4-a8bd-ea7ef79b4749" />
      <TestMethod codeBase="D:\actions-runner\_work\XPCO\XPCO\Corporate\RecordingServer\RecorderService\tst\VideoOS.Recorder.UnitTests\bin\x64\Debug\net472\VideoOS.Recorder.UnitTests.dll" adapterTypeName="executor://mstestadapter/v2" className="VideoOS.Recorder.UnitTests.RuleActions.SendSNMPTrapRuleActionTests" name="ResolveIdAndMessage_NonMapped" />
    </UnitTest>
    <UnitTest name="TimeRangeConversionRangesOverlapsStartAndEndTime" storage="d:\actions-runner\_work\xpco\xpco\corporate\recordingserver\recorderservice\tst\videoos.recorder.unittests\bin\x64\debug\net472\videoos.recorder.unittests.dll" id="fd058c02-c1b1-34e1-3ffa-3551ce08eb07">
      <TestCategory>
        <TestCategoryItem TestCategory="TimeRangeConversion" />
      </TestCategory>
      <Execution id="0bbc90b6-b77a-4cf0-87f0-a8d0b554bc2a" />
      <TestMethod codeBase="D:\actions-runner\_work\XPCO\XPCO\Corporate\RecordingServer\RecorderService\tst\VideoOS.Recorder.UnitTests\bin\x64\Debug\net472\VideoOS.Recorder.UnitTests.dll" adapterTypeName="executor://mstestadapter/v2" className="VideoOS.Recorder.UnitTests.TimeRangeConversionTests.TimeRangeConversionTests" name="TimeRangeConversionRangesOverlapsStartAndEndTime" />
    </UnitTest>
    <UnitTest name="CheckDeleteDeviceMediaCommandHandler_LocalConfigG1_MediaDbG1G2G3G4_ExistedTracksG1G4_DeleteG2G3" storage="d:\actions-runner\_work\xpco\xpco\corporate\recordingserver\recorderservice\tst\videoos.recorder.unittests\bin\x64\debug\net472\videoos.recorder.unittests.dll" id="45a4f1a6-2ce2-e56e-6836-f273a0af1ca2">
      <Execution id="c58f6d28-d147-4e62-8328-e4fd8b7ded67" />
      <TestMethod codeBase="D:\actions-runner\_work\XPCO\XPCO\Corporate\RecordingServer\RecorderService\tst\VideoOS.Recorder.UnitTests\bin\x64\Debug\net472\VideoOS.Recorder.UnitTests.dll" adapterTypeName="executor://mstestadapter/v2" className="VideoOS.Recorder.UnitTests.Command.CheckDeleteDeviceMediaCommandHandlerTests" name="CheckDeleteDeviceMediaCommandHandler_LocalConfigG1_MediaDbG1G2G3G4_ExistedTracksG1G4_DeleteG2G3" />
    </UnitTest>
    <UnitTest name="PtzPatrollingSessionBase_Stop_Success" storage="d:\actions-runner\_work\xpco\xpco\corporate\recordingserver\recorderservice\tst\videoos.recorder.unittests\bin\x64\debug\net472\videoos.recorder.unittests.dll" id="c4df3de5-f8fd-2494-5f7d-fc0b843fc0ca">
      <Execution id="3493c452-8d31-4a81-9163-b3c1b06f4694" />
      <TestMethod codeBase="D:\actions-runner\_work\XPCO\XPCO\Corporate\RecordingServer\RecorderService\tst\VideoOS.Recorder.UnitTests\bin\x64\Debug\net472\VideoOS.Recorder.UnitTests.dll" adapterTypeName="executor://mstestadapter/v2" className="VideoOS.Recorder.UnitTests.Command.PtzSessionsTests" name="PtzPatrollingSessionBase_Stop_Success" />
    </UnitTest>
    <UnitTest name="GetDatabaseInfo_RecordingStorageFound_ArchiveHintFalse" storage="d:\actions-runner\_work\xpco\xpco\corporate\recordingserver\recorderservice\tst\videoos.recorder.unittests\bin\x64\debug\net472\videoos.recorder.unittests.dll" id="3e3ab9c7-2e19-0a76-df3b-2f8cef7a74d7">
      <Execution id="45c97b14-8480-4587-baab-fd8065fa11d7" />
      <TestMethod codeBase="D:\actions-runner\_work\XPCO\XPCO\Corporate\RecordingServer\RecorderService\tst\VideoOS.Recorder.UnitTests\bin\x64\Debug\net472\VideoOS.Recorder.UnitTests.dll" adapterTypeName="executor://mstestadapter/v2" className="VideoOS.Recorder.UnitTests.MediaDbEventProcessorTests" name="GetDatabaseInfo_RecordingStorageFound_ArchiveHintFalse" />
    </UnitTest>
    <UnitTest name="GetRecorderTasks_InternalStateStopped_ThrowsCommunicationStoppedException" storage="d:\actions-runner\_work\xpco\xpco\corporate\recordingserver\recorderservice\tst\videoos.recorder.unittests\bin\x64\debug\net472\videoos.recorder.unittests.dll" id="a829883c-6278-e6e6-96ba-9208e8a0e9f5">
      <Execution id="3dd45935-0c85-434c-96f0-3fbaa3f5dbc1" />
      <TestMethod codeBase="D:\actions-runner\_work\XPCO\XPCO\Corporate\RecordingServer\RecorderService\tst\VideoOS.Recorder.UnitTests\bin\x64\Debug\net472\VideoOS.Recorder.UnitTests.dll" adapterTypeName="executor://mstestadapter/v2" className="VideoOS.Recorder.UnitTests.CommManagerWebApiTests" name="GetRecorderTasks_InternalStateStopped_ThrowsCommunicationStoppedException" />
    </UnitTest>
    <UnitTest name="GetRecorderTasksWithPendingStop_InternalStateStopped_ThrowsCommunicationStoppedException" storage="d:\actions-runner\_work\xpco\xpco\corporate\recordingserver\recorderservice\tst\videoos.recorder.unittests\bin\x64\debug\net472\videoos.recorder.unittests.dll" id="9affb97e-1e02-ae41-4d90-3807ddd1dde2">
      <Execution id="2bfa82a5-d47d-467f-8b9b-72e0391975b7" />
      <TestMethod codeBase="D:\actions-runner\_work\XPCO\XPCO\Corporate\RecordingServer\RecorderService\tst\VideoOS.Recorder.UnitTests\bin\x64\Debug\net472\VideoOS.Recorder.UnitTests.dll" adapterTypeName="executor://mstestadapter/v2" className="VideoOS.Recorder.UnitTests.CommManagerWebApiTests" name="GetRecorderTasksWithPendingStop_InternalStateStopped_ThrowsCommunicationStoppedException" />
    </UnitTest>
    <UnitTest name="SOAPCommandRequestHandler_ExecuteFunction_HandlePTZDeactivatePatrollingSchema_Success" storage="d:\actions-runner\_work\xpco\xpco\corporate\recordingserver\recorderservice\tst\videoos.recorder.unittests\bin\x64\debug\net472\videoos.recorder.unittests.dll" id="e3108ec8-5e25-f657-02ca-e68077e5c65b">
      <Execution id="1a3be7e1-f545-4100-960d-a0699afe37ba" />
      <TestMethod codeBase="D:\actions-runner\_work\XPCO\XPCO\Corporate\RecordingServer\RecorderService\tst\VideoOS.Recorder.UnitTests\bin\x64\Debug\net472\VideoOS.Recorder.UnitTests.dll" adapterTypeName="executor://mstestadapter/v2" className="VideoOS.Recorder.UnitTests.WebServer.SOAPCommandRequestHandlerTests" name="SOAPCommandRequestHandler_ExecuteFunction_HandlePTZDeactivatePatrollingSchema_Success" />
    </UnitTest>
    <UnitTest name="DatabaseTaskCommandHandler_TableNameGenerator_GetDestinationNameForMovedTable_Success2" storage="d:\actions-runner\_work\xpco\xpco\corporate\recordingserver\recorderservice\tst\videoos.recorder.unittests\bin\x64\debug\net472\videoos.recorder.unittests.dll" id="ade80c07-6eec-3878-3c46-2f009575cf55">
      <Execution id="d2e6b8ad-afe7-4f3c-811b-fa8203da2d1c" />
      <TestMethod codeBase="D:\actions-runner\_work\XPCO\XPCO\Corporate\RecordingServer\RecorderService\tst\VideoOS.Recorder.UnitTests\bin\x64\Debug\net472\VideoOS.Recorder.UnitTests.dll" adapterTypeName="executor://mstestadapter/v2" className="VideoOS.Recorder.UnitTests.Command.DatabaseTaskCommandHandlerTableNameGeneratorTests" name="DatabaseTaskCommandHandler_TableNameGenerator_GetDestinationNameForMovedTable_Success2" />
    </UnitTest>
    <UnitTest name="SOAPCommandRequestHandler_ExecuteFunction_HandleOutputActivate_NoDeviceId" storage="d:\actions-runner\_work\xpco\xpco\corporate\recordingserver\recorderservice\tst\videoos.recorder.unittests\bin\x64\debug\net472\videoos.recorder.unittests.dll" id="30be1ba8-8dec-ac74-dacd-a90af2ca4ce7">
      <Execution id="04d7869b-981d-4cc2-9cd6-67e9f07a745e" />
      <TestMethod codeBase="D:\actions-runner\_work\XPCO\XPCO\Corporate\RecordingServer\RecorderService\tst\VideoOS.Recorder.UnitTests\bin\x64\Debug\net472\VideoOS.Recorder.UnitTests.dll" adapterTypeName="executor://mstestadapter/v2" className="VideoOS.Recorder.UnitTests.WebServer.SOAPCommandRequestHandlerTests" name="SOAPCommandRequestHandler_ExecuteFunction_HandleOutputActivate_NoDeviceId" />
    </UnitTest>
    <UnitTest name="GetSettingAsInt16_NonExistingSetting_Throws_InvalidMulticastSettingsException" storage="d:\actions-runner\_work\xpco\xpco\corporate\recordingserver\recorderservice\tst\videoos.recorder.unittests\bin\x64\debug\net472\videoos.recorder.unittests.dll" id="1339fa88-0b32-721b-237e-2d3d86ed2056">
      <Execution id="ee6a7a4f-5310-4129-9f59-4dcee43dcd9b" />
      <TestMethod codeBase="D:\actions-runner\_work\XPCO\XPCO\Corporate\RecordingServer\RecorderService\tst\VideoOS.Recorder.UnitTests\bin\x64\Debug\net472\VideoOS.Recorder.UnitTests.dll" adapterTypeName="executor://mstestadapter/v2" className="VideoOS.Recorder.UnitTests.Multicast.MulticastSettingsExtensionsUnitTests" name="GetSettingAsInt16_NonExistingSetting_Throws_InvalidMulticastSettingsException" />
    </UnitTest>
    <UnitTest name="AddHardwareUserCommandHandler_Execute_HardwareIsReadOnly_Errors" storage="d:\actions-runner\_work\xpco\xpco\corporate\recordingserver\recorderservice\tst\videoos.recorder.unittests\bin\x64\debug\net472\videoos.recorder.unittests.dll" id="a82568a0-3ce6-77da-6610-0e44151e4804">
      <Execution id="db6bc7e2-6d91-4f4d-b198-4da1d3eedf18" />
      <TestMethod codeBase="D:\actions-runner\_work\XPCO\XPCO\Corporate\RecordingServer\RecorderService\tst\VideoOS.Recorder.UnitTests\bin\x64\Debug\net472\VideoOS.Recorder.UnitTests.dll" adapterTypeName="executor://mstestadapter/v2" className="VideoOS.Recorder.UnitTests.Command.AddHardwareUserCommandHandlerRecorderUnitTests" name="AddHardwareUserCommandHandler_Execute_HardwareIsReadOnly_Errors" />
    </UnitTest>
    <UnitTest name="SOAPCommandRequestHandler_ExecuteFunction_HandlePTZMoveStart_NoDeviceId" storage="d:\actions-runner\_work\xpco\xpco\corporate\recordingserver\recorderservice\tst\videoos.recorder.unittests\bin\x64\debug\net472\videoos.recorder.unittests.dll" id="e3b7fc32-a560-5bdd-6655-6824470449c4">
      <Execution id="d377e1ee-c208-4d41-bff3-892538ca13f5" />
      <TestMethod codeBase="D:\actions-runner\_work\XPCO\XPCO\Corporate\RecordingServer\RecorderService\tst\VideoOS.Recorder.UnitTests\bin\x64\Debug\net472\VideoOS.Recorder.UnitTests.dll" adapterTypeName="executor://mstestadapter/v2" className="VideoOS.Recorder.UnitTests.WebServer.SOAPCommandRequestHandlerTests" name="SOAPCommandRequestHandler_ExecuteFunction_HandlePTZMoveStart_NoDeviceId" />
    </UnitTest>
    <UnitTest name="DatabaseoperationCommandhandler_DiskUsageInformationTablesPerStorage_StorageOffline_AllSuccess" storage="d:\actions-runner\_work\xpco\xpco\corporate\recordingserver\recorderservice\tst\videoos.recorder.unittests\bin\x64\debug\net472\videoos.recorder.unittests.dll" id="ff34db91-3566-fc69-4d08-3018efce0372">
      <Execution id="59510026-b97e-4c3f-a8ef-60e5686da1dd" />
      <TestMethod codeBase="D:\actions-runner\_work\XPCO\XPCO\Corporate\RecordingServer\RecorderService\tst\VideoOS.Recorder.UnitTests\bin\x64\Debug\net472\VideoOS.Recorder.UnitTests.dll" adapterTypeName="executor://mstestadapter/v2" className="VideoOS.Recorder.UnitTests.Command.DatabaseOperationCommandHandlerUnitTests" name="DatabaseoperationCommandhandler_DiskUsageInformationTablesPerStorage_StorageOffline_AllSuccess" />
    </UnitTest>
    <UnitTest name="SOAPCommandRequestHandler_ExecuteFunction_HandleSequencesGetAroundWithSpan_No_Camera_Security" storage="d:\actions-runner\_work\xpco\xpco\corporate\recordingserver\recorderservice\tst\videoos.recorder.unittests\bin\x64\debug\net472\videoos.recorder.unittests.dll" id="78e2fc07-3385-1fe5-87fc-6c04b14d7e26">
      <Execution id="cb5894f4-6f09-4da9-9801-27e1f68902d4" />
      <TestMethod codeBase="D:\actions-runner\_work\XPCO\XPCO\Corporate\RecordingServer\RecorderService\tst\VideoOS.Recorder.UnitTests\bin\x64\Debug\net472\VideoOS.Recorder.UnitTests.dll" adapterTypeName="executor://mstestadapter/v2" className="VideoOS.Recorder.UnitTests.WebServer.SOAPCommandRequestHandlerTests" name="SOAPCommandRequestHandler_ExecuteFunction_HandleSequencesGetAroundWithSpan_No_Camera_Security" />
    </UnitTest>
    <UnitTest name="SOAPCommandRequestHandler_ExecuteFunction_HandleSequencesGetTypes_Success" storage="d:\actions-runner\_work\xpco\xpco\corporate\recordingserver\recorderservice\tst\videoos.recorder.unittests\bin\x64\debug\net472\videoos.recorder.unittests.dll" id="a483ecec-dce9-bbc0-17e3-9f4777953165">
      <Execution id="bd8cf70a-adc0-4e2f-9245-043df8610975" />
      <TestMethod codeBase="D:\actions-runner\_work\XPCO\XPCO\Corporate\RecordingServer\RecorderService\tst\VideoOS.Recorder.UnitTests\bin\x64\Debug\net472\VideoOS.Recorder.UnitTests.dll" adapterTypeName="executor://mstestadapter/v2" className="VideoOS.Recorder.UnitTests.WebServer.SOAPCommandRequestHandlerTests" name="SOAPCommandRequestHandler_ExecuteFunction_HandleSequencesGetTypes_Success" />
    </UnitTest>
    <UnitTest name="UpdateRecorderTaskProgressAsync_NotConnectedAndAt100PercentComplete_ShouldQueueCommand" storage="d:\actions-runner\_work\xpco\xpco\corporate\recordingserver\recorderservice\tst\videoos.recorder.unittests\bin\x64\debug\net472\videoos.recorder.unittests.dll" id="5cbb5e7b-fb40-95bb-f27d-f1404bb2aeac">
      <Execution id="cfaec06b-ad5d-4888-a688-f2be6cfc8a5a" />
      <TestMethod codeBase="D:\actions-runner\_work\XPCO\XPCO\Corporate\RecordingServer\RecorderService\tst\VideoOS.Recorder.UnitTests\bin\x64\Debug\net472\VideoOS.Recorder.UnitTests.dll" adapterTypeName="executor://mstestadapter/v2" className="VideoOS.Recorder.UnitTests.CommManagerWebApiTests" name="UpdateRecorderTaskProgressAsync_NotConnectedAndAt100PercentComplete_ShouldQueueCommand" />
    </UnitTest>
    <UnitTest name="GetAbsolutePtzPositionCommandHandler_Execute_Device_Not_Found" storage="d:\actions-runner\_work\xpco\xpco\corporate\recordingserver\recorderservice\tst\videoos.recorder.unittests\bin\x64\debug\net472\videoos.recorder.unittests.dll" id="f168c7b5-70cd-8d86-0477-39fce3d87509">
      <Execution id="3f133b10-992e-404e-a9a6-06d70e58a655" />
      <TestMethod codeBase="D:\actions-runner\_work\XPCO\XPCO\Corporate\RecordingServer\RecorderService\tst\VideoOS.Recorder.UnitTests\bin\x64\Debug\net472\VideoOS.Recorder.UnitTests.dll" adapterTypeName="executor://mstestadapter/v2" className="VideoOS.Recorder.UnitTests.Command.GetAbsolutePtzPositionCommandHandlerTest" name="GetAbsolutePtzPositionCommandHandler_Execute_Device_Not_Found" />
    </UnitTest>
    <UnitTest name="GoInAndOutOfOverflowOnKeyFrames" storage="d:\actions-runner\_work\xpco\xpco\corporate\recordingserver\recorderservice\tst\videoos.recorder.unittests\bin\x64\debug\net472\videoos.recorder.unittests.dll" id="dccd4db1-9957-7cd8-dfb6-b18a4ebc4ad0">
      <TestCategory>
        <TestCategoryItem TestCategory="ObjectModel.Processors.PipelineQueue" />
      </TestCategory>
      <Execution id="939266a9-0c69-4497-925e-9848d3e3c7e2" />
      <TestMethod codeBase="D:\actions-runner\_work\XPCO\XPCO\Corporate\RecordingServer\RecorderService\tst\VideoOS.Recorder.UnitTests\bin\x64\Debug\net472\VideoOS.Recorder.UnitTests.dll" adapterTypeName="executor://mstestadapter/v2" className="VideoOS.Recorder.UnitTests.ObjectModel.Processors.PipelineQueueTest" name="GoInAndOutOfOverflowOnKeyFrames" />
    </UnitTest>
    <UnitTest name="ConnectSuccessSimple_AdaptiveStreamingServerCapability" storage="d:\actions-runner\_work\xpco\xpco\corporate\recordingserver\recorderservice\tst\videoos.recorder.unittests\bin\x64\debug\net472\videoos.recorder.unittests.dll" id="ddaab170-434d-109b-1b52-ca2b27bc9b50">
      <Execution id="ad473265-d647-4f50-8784-810d1bf16c78" />
      <TestMethod codeBase="D:\actions-runner\_work\XPCO\XPCO\Corporate\RecordingServer\RecorderService\tst\VideoOS.Recorder.UnitTests\bin\x64\Debug\net472\VideoOS.Recorder.UnitTests.dll" adapterTypeName="executor://mstestadapter/v2" className="VideoOS.Recorder.UnitTests.WebServer.ImageServerRequestHandlerTests" name="ConnectSuccessSimple_AdaptiveStreamingServerCapability" />
    </UnitTest>
    <UnitTest name="PtzManager_MoveHome_Success" storage="d:\actions-runner\_work\xpco\xpco\corporate\recordingserver\recorderservice\tst\videoos.recorder.unittests\bin\x64\debug\net472\videoos.recorder.unittests.dll" id="0ce7b2f9-17a8-8c71-dfb5-c31b00442430">
      <Execution id="53b991a0-baf1-47aa-88b3-2aaf24bde77f" />
      <TestMethod codeBase="D:\actions-runner\_work\XPCO\XPCO\Corporate\RecordingServer\RecorderService\tst\VideoOS.Recorder.UnitTests\bin\x64\Debug\net472\VideoOS.Recorder.UnitTests.dll" adapterTypeName="executor://mstestadapter/v2" className="VideoOS.Recorder.UnitTests.Command.PtzManagerTests" name="PtzManager_MoveHome_Success" />
    </UnitTest>
    <UnitTest name="PtzManager_Move_Success" storage="d:\actions-runner\_work\xpco\xpco\corporate\recordingserver\recorderservice\tst\videoos.recorder.unittests\bin\x64\debug\net472\videoos.recorder.unittests.dll" id="d76eddb3-6543-d3be-6dea-de4c71be1644">
      <Execution id="8d8f4203-3b3f-48fa-8e50-6524030bd56c" />
      <TestMethod codeBase="D:\actions-runner\_work\XPCO\XPCO\Corporate\RecordingServer\RecorderService\tst\VideoOS.Recorder.UnitTests\bin\x64\Debug\net472\VideoOS.Recorder.UnitTests.dll" adapterTypeName="executor://mstestadapter/v2" className="VideoOS.Recorder.UnitTests.Command.PtzManagerTests" name="PtzManager_Move_Success" />
    </UnitTest>
    <UnitTest name="DatabaseoperationCommandhandler_VerifyStorageAndArchiveOnline_Archive_Online" storage="d:\actions-runner\_work\xpco\xpco\corporate\recordingserver\recorderservice\tst\videoos.recorder.unittests\bin\x64\debug\net472\videoos.recorder.unittests.dll" id="6fcf6796-bbd1-5878-d43c-f3a5449b7297">
      <Execution id="7a50a4e1-2af1-4849-bc41-1cfc764d87b4" />
      <TestMethod codeBase="D:\actions-runner\_work\XPCO\XPCO\Corporate\RecordingServer\RecorderService\tst\VideoOS.Recorder.UnitTests\bin\x64\Debug\net472\VideoOS.Recorder.UnitTests.dll" adapterTypeName="executor://mstestadapter/v2" className="VideoOS.Recorder.UnitTests.Command.DatabaseOperationCommandHandlerUnitTests" name="DatabaseoperationCommandhandler_VerifyStorageAndArchiveOnline_Archive_Online" />
    </UnitTest>
    <UnitTest name="DatabaseoperationCommandhandler_VerifyPath_NoPath_ReturnErrorResponse" storage="d:\actions-runner\_work\xpco\xpco\corporate\recordingserver\recorderservice\tst\videoos.recorder.unittests\bin\x64\debug\net472\videoos.recorder.unittests.dll" id="3c02d772-2802-bcff-15bd-8b68f6e0cc7c">
      <Execution id="399352ec-32a3-4be6-b5cc-bac00df463f6" />
      <TestMethod codeBase="D:\actions-runner\_work\XPCO\XPCO\Corporate\RecordingServer\RecorderService\tst\VideoOS.Recorder.UnitTests\bin\x64\Debug\net472\VideoOS.Recorder.UnitTests.dll" adapterTypeName="executor://mstestadapter/v2" className="VideoOS.Recorder.UnitTests.Command.DatabaseOperationCommandHandlerUnitTests" name="DatabaseoperationCommandhandler_VerifyPath_NoPath_ReturnErrorResponse" />
    </UnitTest>
    <UnitTest name="ConnectSuccess_FrameBrowseLayer_Prev" storage="d:\actions-runner\_work\xpco\xpco\corporate\recordingserver\recorderservice\tst\videoos.recorder.unittests\bin\x64\debug\net472\videoos.recorder.unittests.dll" id="53bbb306-80cf-c04b-03aa-34af40311de5">
      <Execution id="f83225de-3a06-44a6-9d30-1f901da50bce" />
      <TestMethod codeBase="D:\actions-runner\_work\XPCO\XPCO\Corporate\RecordingServer\RecorderService\tst\VideoOS.Recorder.UnitTests\bin\x64\Debug\net472\VideoOS.Recorder.UnitTests.dll" adapterTypeName="executor://mstestadapter/v2" className="VideoOS.Recorder.UnitTests.WebServer.ImageServerRequestHandlerTests" name="ConnectSuccess_FrameBrowseLayer_Prev" />
    </UnitTest>
    <UnitTest name="AudioSource_Construct" storage="d:\actions-runner\_work\xpco\xpco\corporate\recordingserver\recorderservice\tst\videoos.recorder.unittests\bin\x64\debug\net472\videoos.recorder.unittests.dll" id="771d1dd1-6b02-2a08-cf1a-562e47dfe88d">
      <Execution id="05453114-f412-45df-baeb-83fef48c0148" />
      <TestMethod codeBase="D:\actions-runner\_work\XPCO\XPCO\Corporate\RecordingServer\RecorderService\tst\VideoOS.Recorder.UnitTests\bin\x64\Debug\net472\VideoOS.Recorder.UnitTests.dll" adapterTypeName="executor://mstestadapter/v2" className="VideoOS.Recorder.UnitTests.AudioMessageHandling.AudioMessageManagerTests" name="AudioSource_Construct" />
    </UnitTest>
    <UnitTest name="PtzReleaseSessionCommandHandler_Execute_Preset_Not_Supported" storage="d:\actions-runner\_work\xpco\xpco\corporate\recordingserver\recorderservice\tst\videoos.recorder.unittests\bin\x64\debug\net472\videoos.recorder.unittests.dll" id="c8f6e89b-79d5-8532-b2cb-68fd0bda94cc">
      <Execution id="4b1fe5af-b8a9-4f19-82e1-49b7af161fe3" />
      <TestMethod codeBase="D:\actions-runner\_work\XPCO\XPCO\Corporate\RecordingServer\RecorderService\tst\VideoOS.Recorder.UnitTests\bin\x64\Debug\net472\VideoOS.Recorder.UnitTests.dll" adapterTypeName="executor://mstestadapter/v2" className="VideoOS.Recorder.UnitTests.Command.PtzReleaseSessionCommandHandlerTest" name="PtzReleaseSessionCommandHandler_Execute_Preset_Not_Supported" />
    </UnitTest>
    <UnitTest name="SOAPCommandRequestHandler_ExecuteFunction_HandlePTZRectangle_No_Security" storage="d:\actions-runner\_work\xpco\xpco\corporate\recordingserver\recorderservice\tst\videoos.recorder.unittests\bin\x64\debug\net472\videoos.recorder.unittests.dll" id="625d3001-dabd-c167-d3b1-1fc17d819842">
      <Execution id="af9761e5-6f8d-4c5d-9fee-27ca9280b760" />
      <TestMethod codeBase="D:\actions-runner\_work\XPCO\XPCO\Corporate\RecordingServer\RecorderService\tst\VideoOS.Recorder.UnitTests\bin\x64\Debug\net472\VideoOS.Recorder.UnitTests.dll" adapterTypeName="executor://mstestadapter/v2" className="VideoOS.Recorder.UnitTests.WebServer.SOAPCommandRequestHandlerTests" name="SOAPCommandRequestHandler_ExecuteFunction_HandlePTZRectangle_No_Security" />
    </UnitTest>
    <UnitTest name="CheckHardwareDefinitionCommandHandler_Constructor_LoggerNull_ArgumentNullException" storage="d:\actions-runner\_work\xpco\xpco\corporate\recordingserver\recorderservice\tst\videoos.recorder.unittests\bin\x64\debug\net472\videoos.recorder.unittests.dll" id="2ca91596-8201-71d7-e88c-b8ed47ea102c">
      <Execution id="a03860e6-14d7-4139-a18a-9aaf6f5fb142" />
      <TestMethod codeBase="D:\actions-runner\_work\XPCO\XPCO\Corporate\RecordingServer\RecorderService\tst\VideoOS.Recorder.UnitTests\bin\x64\Debug\net472\VideoOS.Recorder.UnitTests.dll" adapterTypeName="executor://mstestadapter/v2" className="VideoOS.Recorder.UnitTests.Command.CheckHardwareDefinitionCommandHandlerTests" name="CheckHardwareDefinitionCommandHandler_Constructor_LoggerNull_ArgumentNullException" />
    </UnitTest>
    <UnitTest name="PtzStopSessionCommandHandler_Execute_Device_Not_Found" storage="d:\actions-runner\_work\xpco\xpco\corporate\recordingserver\recorderservice\tst\videoos.recorder.unittests\bin\x64\debug\net472\videoos.recorder.unittests.dll" id="e6914896-0f9e-8248-b539-765a2c244839">
      <Execution id="af38fb0f-eff3-4b0a-a9af-854c43fd7d31" />
      <TestMethod codeBase="D:\actions-runner\_work\XPCO\XPCO\Corporate\RecordingServer\RecorderService\tst\VideoOS.Recorder.UnitTests\bin\x64\Debug\net472\VideoOS.Recorder.UnitTests.dll" adapterTypeName="executor://mstestadapter/v2" className="VideoOS.Recorder.UnitTests.Command.PtzStopSessionCommandHandlerTest" name="PtzStopSessionCommandHandler_Execute_Device_Not_Found" />
    </UnitTest>
    <UnitTest name="EdgeStorageLimitsTimeLimitNotOkAfter" storage="d:\actions-runner\_work\xpco\xpco\corporate\recordingserver\recorderservice\tst\videoos.recorder.unittests\bin\x64\debug\net472\videoos.recorder.unittests.dll" id="2020d6d4-4545-f94b-580e-bfb3de1efadc">
      <TestCategory>
        <TestCategoryItem TestCategory="EdgeStorageLimits" />
      </TestCategory>
      <Execution id="8b7c7934-cfad-4735-a5c2-f3824ff6f9d6" />
      <TestMethod codeBase="D:\actions-runner\_work\XPCO\XPCO\Corporate\RecordingServer\RecorderService\tst\VideoOS.Recorder.UnitTests\bin\x64\Debug\net472\VideoOS.Recorder.UnitTests.dll" adapterTypeName="executor://mstestadapter/v2" className="VideoOS.Recorder.UnitTests.EdgeStorage.EdgeStorageLimitTests" name="EdgeStorageLimitsTimeLimitNotOkAfter" />
    </UnitTest>
    <UnitTest name="PrepareMoveHardwareCommandHandler_Execute_ResponseSink_Null_ArgumentException" storage="d:\actions-runner\_work\xpco\xpco\corporate\recordingserver\recorderservice\tst\videoos.recorder.unittests\bin\x64\debug\net472\videoos.recorder.unittests.dll" id="b77755e7-42cd-f184-7b35-a6128de820e4">
      <Execution id="6ccd3479-4e5c-4212-84b3-977a39bbc748" />
      <TestMethod codeBase="D:\actions-runner\_work\XPCO\XPCO\Corporate\RecordingServer\RecorderService\tst\VideoOS.Recorder.UnitTests\bin\x64\Debug\net472\VideoOS.Recorder.UnitTests.dll" adapterTypeName="executor://mstestadapter/v2" className="VideoOS.Recorder.UnitTests.Command.PrepareMoveHardwareCommandHandlerTests" name="PrepareMoveHardwareCommandHandler_Execute_ResponseSink_Null_ArgumentException" />
    </UnitTest>
    <UnitTest name="PtzReserveSessionCommandHandler_Execute_PtzException_DeviceNotReady" storage="d:\actions-runner\_work\xpco\xpco\corporate\recordingserver\recorderservice\tst\videoos.recorder.unittests\bin\x64\debug\net472\videoos.recorder.unittests.dll" id="4821854b-98d2-c5d1-adfd-f798142d808d">
      <Execution id="f8848980-77f0-4358-ab17-343cff794ec5" />
      <TestMethod codeBase="D:\actions-runner\_work\XPCO\XPCO\Corporate\RecordingServer\RecorderService\tst\VideoOS.Recorder.UnitTests\bin\x64\Debug\net472\VideoOS.Recorder.UnitTests.dll" adapterTypeName="executor://mstestadapter/v2" className="VideoOS.Recorder.UnitTests.Command.PtzReserveSessionCommandHandlerTest" name="PtzReserveSessionCommandHandler_Execute_PtzException_DeviceNotReady" />
    </UnitTest>
    <UnitTest name="SetupInitialHardwareUserCommandHandler_Execute_SetupUser_ThrowsUserHandlingHardwareError_Errors" storage="d:\actions-runner\_work\xpco\xpco\corporate\recordingserver\recorderservice\tst\videoos.recorder.unittests\bin\x64\debug\net472\videoos.recorder.unittests.dll" id="3f40df78-1203-c025-a1d9-9cc48d7e016b">
      <Execution id="0c4f2ba5-e63a-4e5e-91ae-471c6525d83c" />
      <TestMethod codeBase="D:\actions-runner\_work\XPCO\XPCO\Corporate\RecordingServer\RecorderService\tst\VideoOS.Recorder.UnitTests\bin\x64\Debug\net472\VideoOS.Recorder.UnitTests.dll" adapterTypeName="executor://mstestadapter/v2" className="VideoOS.Recorder.UnitTests.Command.SetupInitialHardwareUserCommandHandlerUnitTests" name="SetupInitialHardwareUserCommandHandler_Execute_SetupUser_ThrowsUserHandlingHardwareError_Errors" />
    </UnitTest>
    <UnitTest name="PrepareMoveHardwareCommandHandler_Execute_Timeout_TimeoutResponse" storage="d:\actions-runner\_work\xpco\xpco\corporate\recordingserver\recorderservice\tst\videoos.recorder.unittests\bin\x64\debug\net472\videoos.recorder.unittests.dll" id="76475f82-6057-6afc-d296-0cfcc3f30681">
      <Execution id="e9bb31a9-78a9-481f-8149-b57150f192ff" />
      <TestMethod codeBase="D:\actions-runner\_work\XPCO\XPCO\Corporate\RecordingServer\RecorderService\tst\VideoOS.Recorder.UnitTests\bin\x64\Debug\net472\VideoOS.Recorder.UnitTests.dll" adapterTypeName="executor://mstestadapter/v2" className="VideoOS.Recorder.UnitTests.Command.PrepareMoveHardwareCommandHandlerTests" name="PrepareMoveHardwareCommandHandler_Execute_Timeout_TimeoutResponse" />
    </UnitTest>
    <UnitTest name="PtzManager_GetAbsolutePosition_Driver_Unavailable" storage="d:\actions-runner\_work\xpco\xpco\corporate\recordingserver\recorderservice\tst\videoos.recorder.unittests\bin\x64\debug\net472\videoos.recorder.unittests.dll" id="1e192e21-2c30-3923-bddb-f666d4114352">
      <Execution id="1ca42d46-8f79-4712-9603-f341465c7243" />
      <TestMethod codeBase="D:\actions-runner\_work\XPCO\XPCO\Corporate\RecordingServer\RecorderService\tst\VideoOS.Recorder.UnitTests\bin\x64\Debug\net472\VideoOS.Recorder.UnitTests.dll" adapterTypeName="executor://mstestadapter/v2" className="VideoOS.Recorder.UnitTests.Command.PtzManagerTests" name="PtzManager_GetAbsolutePosition_Driver_Unavailable" />
    </UnitTest>
    <UnitTest name="SearchingForward" storage="d:\actions-runner\_work\xpco\xpco\corporate\recordingserver\recorderservice\tst\videoos.recorder.unittests\bin\x64\debug\net472\videoos.recorder.unittests.dll" id="8311232f-5b73-96eb-cc67-856a20cb6bd4">
      <Execution id="f56e4d71-2eb4-4a39-8ca6-d4aedfb770ce" />
      <TestMethod codeBase="D:\actions-runner\_work\XPCO\XPCO\Corporate\RecordingServer\RecorderService\tst\VideoOS.Recorder.UnitTests\bin\x64\Debug\net472\VideoOS.Recorder.UnitTests.dll" adapterTypeName="executor://mstestadapter/v2" className="VideoOS.Recorder.UnitTests.ObjectModel.PrivacyMaskHandlerTest" name="SearchingForward" />
    </UnitTest>
    <UnitTest name="ReapplySettings_ApplyAllHardwareAndDeviceSettings_Failed" storage="d:\actions-runner\_work\xpco\xpco\corporate\recordingserver\recorderservice\tst\videoos.recorder.unittests\bin\x64\debug\net472\videoos.recorder.unittests.dll" id="761013b5-b9e0-c937-44c7-284fa21bfd8b">
      <Execution id="8268347b-03cc-4ea5-ac34-d13f3488d17d" />
      <TestMethod codeBase="D:\actions-runner\_work\XPCO\XPCO\Corporate\RecordingServer\RecorderService\tst\VideoOS.Recorder.UnitTests\bin\x64\Debug\net472\VideoOS.Recorder.UnitTests.dll" adapterTypeName="executor://mstestadapter/v2" className="VideoOS.Recorder.UnitTests.Command.ReapplySettingsCommandHandlerTest" name="ReapplySettings_ApplyAllHardwareAndDeviceSettings_Failed" />
    </UnitTest>
    <UnitTest name="ConnectFailed_DeviceUnknown" storage="d:\actions-runner\_work\xpco\xpco\corporate\recordingserver\recorderservice\tst\videoos.recorder.unittests\bin\x64\debug\net472\videoos.recorder.unittests.dll" id="b1db2107-fad5-9e1c-f59b-69adf0367aec">
      <Execution id="cf683225-aac9-4738-b6c5-cf8f6d1449e2" />
      <TestMethod codeBase="D:\actions-runner\_work\XPCO\XPCO\Corporate\RecordingServer\RecorderService\tst\VideoOS.Recorder.UnitTests\bin\x64\Debug\net472\VideoOS.Recorder.UnitTests.dll" adapterTypeName="executor://mstestadapter/v2" className="VideoOS.Recorder.UnitTests.WebServer.ImageServerRequestHandlerTests" name="ConnectFailed_DeviceUnknown" />
    </UnitTest>
    <UnitTest name="SOAPCommandRequestHandler_ExecuteFunction_HandleMulticastContinue_InvalidSessionId" storage="d:\actions-runner\_work\xpco\xpco\corporate\recordingserver\recorderservice\tst\videoos.recorder.unittests\bin\x64\debug\net472\videoos.recorder.unittests.dll" id="a390271f-9fc7-9f66-ea21-97ddf81114c3">
      <Execution id="642e8148-cbf5-4002-a797-a53123a61673" />
      <TestMethod codeBase="D:\actions-runner\_work\XPCO\XPCO\Corporate\RecordingServer\RecorderService\tst\VideoOS.Recorder.UnitTests\bin\x64\Debug\net472\VideoOS.Recorder.UnitTests.dll" adapterTypeName="executor://mstestadapter/v2" className="VideoOS.Recorder.UnitTests.WebServer.SOAPCommandRequestHandlerTests" name="SOAPCommandRequestHandler_ExecuteFunction_HandleMulticastContinue_InvalidSessionId" />
    </UnitTest>
    <UnitTest name="SearchingForwardOverlapsLive" storage="d:\actions-runner\_work\xpco\xpco\corporate\recordingserver\recorderservice\tst\videoos.recorder.unittests\bin\x64\debug\net472\videoos.recorder.unittests.dll" id="88fe4a5c-f3fc-7b4e-de6f-6aa9a569bea4">
      <Execution id="e756c9f3-aa25-4adb-a10e-ced7eaf7ccae" />
      <TestMethod codeBase="D:\actions-runner\_work\XPCO\XPCO\Corporate\RecordingServer\RecorderService\tst\VideoOS.Recorder.UnitTests\bin\x64\Debug\net472\VideoOS.Recorder.UnitTests.dll" adapterTypeName="executor://mstestadapter/v2" className="VideoOS.Recorder.UnitTests.ObjectModel.RestrictedMediaHandlerTest" name="SearchingForwardOverlapsLive" />
    </UnitTest>
    <UnitTest name="SOAPCommandRequestHandler_ExecuteFunction_HandlePTZMoveAbsolute_No_Security" storage="d:\actions-runner\_work\xpco\xpco\corporate\recordingserver\recorderservice\tst\videoos.recorder.unittests\bin\x64\debug\net472\videoos.recorder.unittests.dll" id="995ee61d-cf31-f76d-10a8-999e574d493d">
      <Execution id="02866ddd-81c4-4e9d-8446-2a513fb946d3" />
      <TestMethod codeBase="D:\actions-runner\_work\XPCO\XPCO\Corporate\RecordingServer\RecorderService\tst\VideoOS.Recorder.UnitTests\bin\x64\Debug\net472\VideoOS.Recorder.UnitTests.dll" adapterTypeName="executor://mstestadapter/v2" className="VideoOS.Recorder.UnitTests.WebServer.SOAPCommandRequestHandlerTests" name="SOAPCommandRequestHandler_ExecuteFunction_HandlePTZMoveAbsolute_No_Security" />
    </UnitTest>
    <UnitTest name="ConnectSuccess_Prev_Denied" storage="d:\actions-runner\_work\xpco\xpco\corporate\recordingserver\recorderservice\tst\videoos.recorder.unittests\bin\x64\debug\net472\videoos.recorder.unittests.dll" id="2bb58e09-afc2-3268-4182-a4b38189b9bd">
      <Execution id="ed4a30cf-7674-44ba-9eb2-b68242e96a17" />
      <TestMethod codeBase="D:\actions-runner\_work\XPCO\XPCO\Corporate\RecordingServer\RecorderService\tst\VideoOS.Recorder.UnitTests\bin\x64\Debug\net472\VideoOS.Recorder.UnitTests.dll" adapterTypeName="executor://mstestadapter/v2" className="VideoOS.Recorder.UnitTests.WebServer.ImageServerRequestHandlerTests" name="ConnectSuccess_Prev_Denied" />
    </UnitTest>
    <UnitTest name="SetupInitialHardwareUserCommandHandler_Execute_SetupUser_ThrowsUserHandlingPasswordTooWeakError_Errors" storage="d:\actions-runner\_work\xpco\xpco\corporate\recordingserver\recorderservice\tst\videoos.recorder.unittests\bin\x64\debug\net472\videoos.recorder.unittests.dll" id="37f7dc44-733a-9d3c-28de-fbd465ea6cac">
      <Execution id="c8eb50dc-e06b-4e69-bf6c-4959b2c519a2" />
      <TestMethod codeBase="D:\actions-runner\_work\XPCO\XPCO\Corporate\RecordingServer\RecorderService\tst\VideoOS.Recorder.UnitTests\bin\x64\Debug\net472\VideoOS.Recorder.UnitTests.dll" adapterTypeName="executor://mstestadapter/v2" className="VideoOS.Recorder.UnitTests.Command.SetupInitialHardwareUserCommandHandlerUnitTests" name="SetupInitialHardwareUserCommandHandler_Execute_SetupUser_ThrowsUserHandlingPasswordTooWeakError_Errors" />
    </UnitTest>
    <UnitTest name="PtzReserveSessionCommandHandler_Execute_PtzException_PatrollingSessionHasHigherPriority" storage="d:\actions-runner\_work\xpco\xpco\corporate\recordingserver\recorderservice\tst\videoos.recorder.unittests\bin\x64\debug\net472\videoos.recorder.unittests.dll" id="f73c12d7-3a66-6817-32b0-9a03bad1db4e">
      <Execution id="271d96d6-4d48-496d-b1ab-1583c4129aa9" />
      <TestMethod codeBase="D:\actions-runner\_work\XPCO\XPCO\Corporate\RecordingServer\RecorderService\tst\VideoOS.Recorder.UnitTests\bin\x64\Debug\net472\VideoOS.Recorder.UnitTests.dll" adapterTypeName="executor://mstestadapter/v2" className="VideoOS.Recorder.UnitTests.Command.PtzReserveSessionCommandHandlerTest" name="PtzReserveSessionCommandHandler_Execute_PtzException_PatrollingSessionHasHigherPriority" />
    </UnitTest>
    <UnitTest name="GetAbsolutePtzPositionCommandHandler_Execute_Success" storage="d:\actions-runner\_work\xpco\xpco\corporate\recordingserver\recorderservice\tst\videoos.recorder.unittests\bin\x64\debug\net472\videoos.recorder.unittests.dll" id="b08eb6b8-a2d9-d153-1bc4-a456044bf6bb">
      <Execution id="5c5a0a86-8227-4dbe-83b0-33f21d61d463" />
      <TestMethod codeBase="D:\actions-runner\_work\XPCO\XPCO\Corporate\RecordingServer\RecorderService\tst\VideoOS.Recorder.UnitTests\bin\x64\Debug\net472\VideoOS.Recorder.UnitTests.dll" adapterTypeName="executor://mstestadapter/v2" className="VideoOS.Recorder.UnitTests.Command.GetAbsolutePtzPositionCommandHandlerTest" name="GetAbsolutePtzPositionCommandHandler_Execute_Success" />
    </UnitTest>
    <UnitTest name="SOAPCommandRequestHandler_ExecuteFunction_HandleSendDriverCommand_NoSecurity" storage="d:\actions-runner\_work\xpco\xpco\corporate\recordingserver\recorderservice\tst\videoos.recorder.unittests\bin\x64\debug\net472\videoos.recorder.unittests.dll" id="ffff5eee-6bd2-e1c0-d4a9-065ab23fd5df">
      <Execution id="d3257a6d-ded3-4480-8f84-414e65f89929" />
      <TestMethod codeBase="D:\actions-runner\_work\XPCO\XPCO\Corporate\RecordingServer\RecorderService\tst\VideoOS.Recorder.UnitTests\bin\x64\Debug\net472\VideoOS.Recorder.UnitTests.dll" adapterTypeName="executor://mstestadapter/v2" className="VideoOS.Recorder.UnitTests.WebServer.SOAPCommandRequestHandlerTests" name="SOAPCommandRequestHandler_ExecuteFunction_HandleSendDriverCommand_NoSecurity" />
    </UnitTest>
    <UnitTest name="GetHardwareUsersCommandHandler_Execute_GetUserList_ThrowsGenericException_Errors" storage="d:\actions-runner\_work\xpco\xpco\corporate\recordingserver\recorderservice\tst\videoos.recorder.unittests\bin\x64\debug\net472\videoos.recorder.unittests.dll" id="23cfcab5-cc01-cacd-cb19-101ff4e9a64e">
      <Execution id="dde66afd-8a27-4382-9c60-97d25e9c94a7" />
      <TestMethod codeBase="D:\actions-runner\_work\XPCO\XPCO\Corporate\RecordingServer\RecorderService\tst\VideoOS.Recorder.UnitTests\bin\x64\Debug\net472\VideoOS.Recorder.UnitTests.dll" adapterTypeName="executor://mstestadapter/v2" className="VideoOS.Recorder.UnitTests.Command.GetHardwareUsersCommandHandlerUnitTests" name="GetHardwareUsersCommandHandler_Execute_GetUserList_ThrowsGenericException_Errors" />
    </UnitTest>
    <UnitTest name="EdgeStorageLimitsManagerGetLimitsCleanupDifferentInstances" storage="d:\actions-runner\_work\xpco\xpco\corporate\recordingserver\recorderservice\tst\videoos.recorder.unittests\bin\x64\debug\net472\videoos.recorder.unittests.dll" id="bb1009d9-6496-40d7-ec75-c653a7bd2252">
      <TestCategory>
        <TestCategoryItem TestCategory="EdgeStorageLimits" />
      </TestCategory>
      <Execution id="31fca6b7-cc69-43a6-9d9c-2125c011f808" />
      <TestMethod codeBase="D:\actions-runner\_work\XPCO\XPCO\Corporate\RecordingServer\RecorderService\tst\VideoOS.Recorder.UnitTests\bin\x64\Debug\net472\VideoOS.Recorder.UnitTests.dll" adapterTypeName="executor://mstestadapter/v2" className="VideoOS.Recorder.UnitTests.EdgeStorage.EdgeStorageLimitTests" name="EdgeStorageLimitsManagerGetLimitsCleanupDifferentInstances" />
    </UnitTest>
    <UnitTest name="SOAPCommandRequestHandler_ExecuteFunction_HandleOutputDeactivate_Success" storage="d:\actions-runner\_work\xpco\xpco\corporate\recordingserver\recorderservice\tst\videoos.recorder.unittests\bin\x64\debug\net472\videoos.recorder.unittests.dll" id="f39722f7-838b-9be7-8502-72099013d494">
      <Execution id="135129b5-60da-40e5-9d18-82abd06b42ce" />
      <TestMethod codeBase="D:\actions-runner\_work\XPCO\XPCO\Corporate\RecordingServer\RecorderService\tst\VideoOS.Recorder.UnitTests\bin\x64\Debug\net472\VideoOS.Recorder.UnitTests.dll" adapterTypeName="executor://mstestadapter/v2" className="VideoOS.Recorder.UnitTests.WebServer.SOAPCommandRequestHandlerTests" name="SOAPCommandRequestHandler_ExecuteFunction_HandleOutputDeactivate_Success" />
    </UnitTest>
    <UnitTest name="SOAPCommandRequestHandler_ExecuteFunction_HandlePresetGetList_NoDeviceId" storage="d:\actions-runner\_work\xpco\xpco\corporate\recordingserver\recorderservice\tst\videoos.recorder.unittests\bin\x64\debug\net472\videoos.recorder.unittests.dll" id="1c8f06c1-d531-699b-6c87-a9ec84e3b218">
      <Execution id="bd2d252b-809d-49b7-9787-cadb62466646" />
      <TestMethod codeBase="D:\actions-runner\_work\XPCO\XPCO\Corporate\RecordingServer\RecorderService\tst\VideoOS.Recorder.UnitTests\bin\x64\Debug\net472\VideoOS.Recorder.UnitTests.dll" adapterTypeName="executor://mstestadapter/v2" className="VideoOS.Recorder.UnitTests.WebServer.SOAPCommandRequestHandlerTests" name="SOAPCommandRequestHandler_ExecuteFunction_HandlePresetGetList_NoDeviceId" />
    </UnitTest>
    <UnitTest name="DatabaseoperationCommandhandler_VerifyStorageAndArchiveOnline_NotAllStoragesOnline_ErrorResponse" storage="d:\actions-runner\_work\xpco\xpco\corporate\recordingserver\recorderservice\tst\videoos.recorder.unittests\bin\x64\debug\net472\videoos.recorder.unittests.dll" id="3893f2d5-e205-741a-87c5-ab8b5960c341">
      <Execution id="f10d996f-b757-469a-9e0e-74a9dbe3d748" />
      <TestMethod codeBase="D:\actions-runner\_work\XPCO\XPCO\Corporate\RecordingServer\RecorderService\tst\VideoOS.Recorder.UnitTests\bin\x64\Debug\net472\VideoOS.Recorder.UnitTests.dll" adapterTypeName="executor://mstestadapter/v2" className="VideoOS.Recorder.UnitTests.Command.DatabaseOperationCommandHandlerUnitTests" name="DatabaseoperationCommandhandler_VerifyStorageAndArchiveOnline_NotAllStoragesOnline_ErrorResponse" />
    </UnitTest>
    <UnitTest name="ChangeHardwarePasswordCommandHandler_Constructor_NullArg_Throws" storage="d:\actions-runner\_work\xpco\xpco\corporate\recordingserver\recorderservice\tst\videoos.recorder.unittests\bin\x64\debug\net472\videoos.recorder.unittests.dll" id="83b75c3f-ef01-704d-26e3-7e90e6adc563">
      <Execution id="10c03f03-a9da-494b-8d31-32d3c1044d0c" />
      <TestMethod codeBase="D:\actions-runner\_work\XPCO\XPCO\Corporate\RecordingServer\RecorderService\tst\VideoOS.Recorder.UnitTests\bin\x64\Debug\net472\VideoOS.Recorder.UnitTests.dll" adapterTypeName="executor://mstestadapter/v2" className="VideoOS.Recorder.UnitTests.Command.ChangeHardwarePasswordCommandHandlerUnitTests" name="ChangeHardwarePasswordCommandHandler_Constructor_NullArg_Throws" />
    </UnitTest>
    <UnitTest name="SessionExpiredTask_Constructor_ProcessTask" storage="d:\actions-runner\_work\xpco\xpco\corporate\recordingserver\recorderservice\tst\videoos.recorder.unittests\bin\x64\debug\net472\videoos.recorder.unittests.dll" id="5ece6615-6204-c2c7-d5ce-5fbcb4d47e21">
      <Execution id="029a22ea-9794-4c35-a1b3-cfc32c4f7d02" />
      <TestMethod codeBase="D:\actions-runner\_work\XPCO\XPCO\Corporate\RecordingServer\RecorderService\tst\VideoOS.Recorder.UnitTests\bin\x64\Debug\net472\VideoOS.Recorder.UnitTests.dll" adapterTypeName="executor://mstestadapter/v2" className="VideoOS.Recorder.UnitTests.Command.PtzSessionsTests" name="SessionExpiredTask_Constructor_ProcessTask" />
    </UnitTest>
    <UnitTest name="SOAPCommandRequestHandler_ExecuteFunction_HandlePTZExtendedManualSession_NoDeviceId" storage="d:\actions-runner\_work\xpco\xpco\corporate\recordingserver\recorderservice\tst\videoos.recorder.unittests\bin\x64\debug\net472\videoos.recorder.unittests.dll" id="810ce809-2edf-8dfc-efd5-adced29593c9">
      <Execution id="7a815ecd-d55f-4aeb-b870-7133b420dc54" />
      <TestMethod codeBase="D:\actions-runner\_work\XPCO\XPCO\Corporate\RecordingServer\RecorderService\tst\VideoOS.Recorder.UnitTests\bin\x64\Debug\net472\VideoOS.Recorder.UnitTests.dll" adapterTypeName="executor://mstestadapter/v2" className="VideoOS.Recorder.UnitTests.WebServer.SOAPCommandRequestHandlerTests" name="SOAPCommandRequestHandler_ExecuteFunction_HandlePTZExtendedManualSession_NoDeviceId" />
    </UnitTest>
    <UnitTest name="PtzStopSessionCommandHandler_Execute_Success" storage="d:\actions-runner\_work\xpco\xpco\corporate\recordingserver\recorderservice\tst\videoos.recorder.unittests\bin\x64\debug\net472\videoos.recorder.unittests.dll" id="d27e619c-c523-6639-7596-4ce8aee611b8">
      <Execution id="ed4998a9-cc36-4e72-9512-f4a6b229715f" />
      <TestMethod codeBase="D:\actions-runner\_work\XPCO\XPCO\Corporate\RecordingServer\RecorderService\tst\VideoOS.Recorder.UnitTests\bin\x64\Debug\net472\VideoOS.Recorder.UnitTests.dll" adapterTypeName="executor://mstestadapter/v2" className="VideoOS.Recorder.UnitTests.Command.PtzStopSessionCommandHandlerTest" name="PtzStopSessionCommandHandler_Execute_Success" />
    </UnitTest>
    <UnitTest name="HardwareSetupInformationCommandHandler_Execute_NoDuplicate_WithAAC_Success" storage="d:\actions-runner\_work\xpco\xpco\corporate\recordingserver\recorderservice\tst\videoos.recorder.unittests\bin\x64\debug\net472\videoos.recorder.unittests.dll" id="f00a593d-e744-223c-d3b7-b9b8532b294d">
      <Execution id="c7a1d44a-34a8-4e44-b898-515550530cac" />
      <TestMethod codeBase="D:\actions-runner\_work\XPCO\XPCO\Corporate\RecordingServer\RecorderService\tst\VideoOS.Recorder.UnitTests\bin\x64\Debug\net472\VideoOS.Recorder.UnitTests.dll" adapterTypeName="executor://mstestadapter/v2" className="VideoOS.Recorder.UnitTests.Command.HardwareSetupInformationCommandHandlerUnitTests" name="HardwareSetupInformationCommandHandler_Execute_NoDuplicate_WithAAC_Success" />
    </UnitTest>
    <UnitTest name="RecordingStorageDeviceLinkEntries_Remove_Success" storage="d:\actions-runner\_work\xpco\xpco\corporate\recordingserver\recorderservice\tst\videoos.recorder.unittests\bin\x64\debug\net472\videoos.recorder.unittests.dll" id="addea57a-8814-a686-b1d6-170ad8b0558e">
      <Execution id="2b8de547-e888-4598-9a67-21e899c72de4" />
      <TestMethod codeBase="D:\actions-runner\_work\XPCO\XPCO\Corporate\RecordingServer\RecorderService\tst\VideoOS.Recorder.UnitTests\bin\x64\Debug\net472\VideoOS.Recorder.UnitTests.dll" adapterTypeName="executor://mstestadapter/v2" className="VideoOS.Recorder.UnitTests.RecordingStorageDeviceLinkEntriesTests" name="RecordingStorageDeviceLinkEntries_Remove_Success" />
    </UnitTest>
    <UnitTest name="DatabaseTaskCommandHandler_EmptyDevice_TableExistsException_Failure" storage="d:\actions-runner\_work\xpco\xpco\corporate\recordingserver\recorderservice\tst\videoos.recorder.unittests\bin\x64\debug\net472\videoos.recorder.unittests.dll" id="792bb89b-96d1-8463-29e5-370047183190">
      <Execution id="78ed09b3-5abb-4236-9be7-8d3b37f7078b" />
      <TestMethod codeBase="D:\actions-runner\_work\XPCO\XPCO\Corporate\RecordingServer\RecorderService\tst\VideoOS.Recorder.UnitTests\bin\x64\Debug\net472\VideoOS.Recorder.UnitTests.dll" adapterTypeName="executor://mstestadapter/v2" className="VideoOS.Recorder.UnitTests.Command.DatabaseTaskCommandHandlerTest" name="DatabaseTaskCommandHandler_EmptyDevice_TableExistsException_Failure" />
    </UnitTest>
    <UnitTest name="EvidenceLockOnOldRecorderCommandHandler_AddEvidenceLock_RowExists" storage="d:\actions-runner\_work\xpco\xpco\corporate\recordingserver\recorderservice\tst\videoos.recorder.unittests\bin\x64\debug\net472\videoos.recorder.unittests.dll" id="a2bce702-365d-6ddb-20f6-5f22a941b354">
      <Execution id="8da678e4-3b05-448d-9ea0-7d7e6483e8a4" />
      <TestMethod codeBase="D:\actions-runner\_work\XPCO\XPCO\Corporate\RecordingServer\RecorderService\tst\VideoOS.Recorder.UnitTests\bin\x64\Debug\net472\VideoOS.Recorder.UnitTests.dll" adapterTypeName="executor://mstestadapter/v2" className="VideoOS.Recorder.UnitTests.Command.EvidenceLockOnOldRecorderCommandHandlerTests" name="EvidenceLockOnOldRecorderCommandHandler_AddEvidenceLock_RowExists" />
    </UnitTest>
    <UnitTest name="PtzReserveSession_ModelIsValid_CommandExecuted" storage="d:\actions-runner\_work\xpco\xpco\corporate\recordingserver\recorderservice\tst\videoos.recorder.unittests\bin\x64\debug\net472\videoos.recorder.unittests.dll" id="c6d95831-9453-6384-26f9-4e0968c83fbf">
      <Execution id="12bcba77-7e48-46b4-8f81-451e3eb5d26f" />
      <TestMethod codeBase="D:\actions-runner\_work\XPCO\XPCO\Corporate\RecordingServer\RecorderService\tst\VideoOS.Recorder.UnitTests\bin\x64\Debug\net472\VideoOS.Recorder.UnitTests.dll" adapterTypeName="executor://mstestadapter/v2" className="VideoOS.Recorder.UnitTests.PtzControllerTests" name="PtzReserveSession_ModelIsValid_CommandExecuted" />
    </UnitTest>
    <UnitTest name="SOAPCommandRequestHandler_ExecuteFunction_HandleJPEGGetLive_NoSecurity" storage="d:\actions-runner\_work\xpco\xpco\corporate\recordingserver\recorderservice\tst\videoos.recorder.unittests\bin\x64\debug\net472\videoos.recorder.unittests.dll" id="d3d196c7-5027-eb74-42ce-f8cbef50513d">
      <Execution id="c8345167-c2d7-489c-b0d9-dea12d5de4ea" />
      <TestMethod codeBase="D:\actions-runner\_work\XPCO\XPCO\Corporate\RecordingServer\RecorderService\tst\VideoOS.Recorder.UnitTests\bin\x64\Debug\net472\VideoOS.Recorder.UnitTests.dll" adapterTypeName="executor://mstestadapter/v2" className="VideoOS.Recorder.UnitTests.WebServer.SOAPCommandRequestHandlerTests" name="SOAPCommandRequestHandler_ExecuteFunction_HandleJPEGGetLive_NoSecurity" />
    </UnitTest>
    <UnitTest name="PingDeviceCommandHandler_Execute_InvalidAddress" storage="d:\actions-runner\_work\xpco\xpco\corporate\recordingserver\recorderservice\tst\videoos.recorder.unittests\bin\x64\debug\net472\videoos.recorder.unittests.dll" id="0fb08c75-3a29-0406-124b-29414bdda200">
      <Execution id="f06be845-ac3f-446a-8eda-791019bd87ad" />
      <TestMethod codeBase="D:\actions-runner\_work\XPCO\XPCO\Corporate\RecordingServer\RecorderService\tst\VideoOS.Recorder.UnitTests\bin\x64\Debug\net472\VideoOS.Recorder.UnitTests.dll" adapterTypeName="executor://mstestadapter/v2" className="VideoOS.Recorder.UnitTests.Command.PingDeviceCommandHandlerUnitTests" name="PingDeviceCommandHandler_Execute_InvalidAddress" />
    </UnitTest>
    <UnitTest name="HardwareScanSession_TestProgressManual" storage="d:\actions-runner\_work\xpco\xpco\corporate\recordingserver\recorderservice\tst\videoos.recorder.unittests\bin\x64\debug\net472\videoos.recorder.unittests.dll" id="ca85e6f6-48d2-8dbb-0d56-cf8347a796be">
      <Execution id="4d82e9db-bf17-4388-b404-7c9e4c3663c9" />
      <TestMethod codeBase="D:\actions-runner\_work\XPCO\XPCO\Corporate\RecordingServer\RecorderService\tst\VideoOS.Recorder.UnitTests\bin\x64\Debug\net472\VideoOS.Recorder.UnitTests.dll" adapterTypeName="executor://mstestadapter/v2" className="VideoOS.Recorder.UnitTests.DeviceDiscovery.HardwareScanSessionTests" name="HardwareScanSession_TestProgressManual" />
    </UnitTest>
    <UnitTest name="SOAPCommandRequestHandler_ExecuteFunction_HandleSendDriverCommandWithResponse_NoDeviceId" storage="d:\actions-runner\_work\xpco\xpco\corporate\recordingserver\recorderservice\tst\videoos.recorder.unittests\bin\x64\debug\net472\videoos.recorder.unittests.dll" id="cca44cb6-50da-728d-1825-2c1bdde4cc60">
      <Execution id="7f3adcd4-6276-4866-a1e9-3456200228e6" />
      <TestMethod codeBase="D:\actions-runner\_work\XPCO\XPCO\Corporate\RecordingServer\RecorderService\tst\VideoOS.Recorder.UnitTests\bin\x64\Debug\net472\VideoOS.Recorder.UnitTests.dll" adapterTypeName="executor://mstestadapter/v2" className="VideoOS.Recorder.UnitTests.WebServer.SOAPCommandRequestHandlerTests" name="SOAPCommandRequestHandler_ExecuteFunction_HandleSendDriverCommandWithResponse_NoDeviceId" />
    </UnitTest>
    <UnitTest name="SOAPCommandRequestHandler_ExecuteFunction_HandlePTZMoveRelative_No_Security" storage="d:\actions-runner\_work\xpco\xpco\corporate\recordingserver\recorderservice\tst\videoos.recorder.unittests\bin\x64\debug\net472\videoos.recorder.unittests.dll" id="4c34c56c-4207-71fd-96b5-d81d44773773">
      <Execution id="fcf5e43d-2df5-498d-8e35-ef4734daca2e" />
      <TestMethod codeBase="D:\actions-runner\_work\XPCO\XPCO\Corporate\RecordingServer\RecorderService\tst\VideoOS.Recorder.UnitTests\bin\x64\Debug\net472\VideoOS.Recorder.UnitTests.dll" adapterTypeName="executor://mstestadapter/v2" className="VideoOS.Recorder.UnitTests.WebServer.SOAPCommandRequestHandlerTests" name="SOAPCommandRequestHandler_ExecuteFunction_HandlePTZMoveRelative_No_Security" />
    </UnitTest>
    <UnitTest name="PtzPatrollingSessionBase_SignalDeleteSchema_Success" storage="d:\actions-runner\_work\xpco\xpco\corporate\recordingserver\recorderservice\tst\videoos.recorder.unittests\bin\x64\debug\net472\videoos.recorder.unittests.dll" id="afe30091-8913-e04e-6aa4-a530d1b1b039">
      <Execution id="82e3d78c-0807-4cf1-bf61-969356719131" />
      <TestMethod codeBase="D:\actions-runner\_work\XPCO\XPCO\Corporate\RecordingServer\RecorderService\tst\VideoOS.Recorder.UnitTests\bin\x64\Debug\net472\VideoOS.Recorder.UnitTests.dll" adapterTypeName="executor://mstestadapter/v2" className="VideoOS.Recorder.UnitTests.Command.PtzSessionsTests" name="PtzPatrollingSessionBase_SignalDeleteSchema_Success" />
    </UnitTest>
    <UnitTest name="PingDeviceCommandHandler_Execute_Success" storage="d:\actions-runner\_work\xpco\xpco\corporate\recordingserver\recorderservice\tst\videoos.recorder.unittests\bin\x64\debug\net472\videoos.recorder.unittests.dll" id="cd066c35-818e-33d4-9d89-a4aa8374f78a">
      <Execution id="ce338fa2-d426-4451-a189-078ec21fb853" />
      <TestMethod codeBase="D:\actions-runner\_work\XPCO\XPCO\Corporate\RecordingServer\RecorderService\tst\VideoOS.Recorder.UnitTests\bin\x64\Debug\net472\VideoOS.Recorder.UnitTests.dll" adapterTypeName="executor://mstestadapter/v2" className="VideoOS.Recorder.UnitTests.Command.PingDeviceCommandHandlerUnitTests" name="PingDeviceCommandHandler_Execute_Success" />
    </UnitTest>
    <UnitTest name="FirmwareUpgradeCommandHandler_Execute_NullOrIncorrectArgs_Throw" storage="d:\actions-runner\_work\xpco\xpco\corporate\recordingserver\recorderservice\tst\videoos.recorder.unittests\bin\x64\debug\net472\videoos.recorder.unittests.dll" id="fbf768f5-bda1-d532-9518-dfdf120eb87b">
      <Execution id="4eb029a6-67cb-443b-a56d-94e64cab8a40" />
      <TestMethod codeBase="D:\actions-runner\_work\XPCO\XPCO\Corporate\RecordingServer\RecorderService\tst\VideoOS.Recorder.UnitTests\bin\x64\Debug\net472\VideoOS.Recorder.UnitTests.dll" adapterTypeName="executor://mstestadapter/v2" className="VideoOS.Recorder.UnitTests.Command.FirmwareUpgradeCommandHandlerUnitTests" name="FirmwareUpgradeCommandHandler_Execute_NullOrIncorrectArgs_Throw" />
    </UnitTest>
    <UnitTest name="ReadMessageHeaders_ReadRequestLine_ImageServer_Success" storage="d:\actions-runner\_work\xpco\xpco\corporate\recordingserver\recorderservice\tst\videoos.recorder.unittests\bin\x64\debug\net472\videoos.recorder.unittests.dll" id="8ceafbe3-d7d0-98c3-025e-4971760dfaa1">
      <Execution id="4fc29d37-343b-44e1-adc1-b99378d57815" />
      <TestMethod codeBase="D:\actions-runner\_work\XPCO\XPCO\Corporate\RecordingServer\RecorderService\tst\VideoOS.Recorder.UnitTests\bin\x64\Debug\net472\VideoOS.Recorder.UnitTests.dll" adapterTypeName="executor://mstestadapter/v2" className="VideoOS.Recorder.UnitTests.WebServer.WebRequestReaderUnitTests" name="ReadMessageHeaders_ReadRequestLine_ImageServer_Success" />
    </UnitTest>
    <UnitTest name="RegisterLiveTablesInStorage" storage="d:\actions-runner\_work\xpco\xpco\corporate\recordingserver\recorderservice\tst\videoos.recorder.unittests\bin\x64\debug\net472\videoos.recorder.unittests.dll" id="5b299f56-e5a1-23e2-60c8-4de7b98b9179">
      <Execution id="23c718ed-ae1b-44cd-8fda-dd19e150824b" />
      <TestMethod codeBase="D:\actions-runner\_work\XPCO\XPCO\Corporate\RecordingServer\RecorderService\tst\VideoOS.Recorder.UnitTests\bin\x64\Debug\net472\VideoOS.Recorder.UnitTests.dll" adapterTypeName="executor://mstestadapter/v2" className="VideoOS.Recorder.UnitTests.Database.MediaDbLiveTableStorageInfoTests" name="RegisterLiveTablesInStorage" />
    </UnitTest>
    <UnitTest name="PtzManagerDataHolder_GetOrAddPtzController_Success" storage="d:\actions-runner\_work\xpco\xpco\corporate\recordingserver\recorderservice\tst\videoos.recorder.unittests\bin\x64\debug\net472\videoos.recorder.unittests.dll" id="115bd2f0-1853-8480-252f-37ca6d40c3a6">
      <Execution id="8f909995-bb18-4992-8758-53808deb92af" />
      <TestMethod codeBase="D:\actions-runner\_work\XPCO\XPCO\Corporate\RecordingServer\RecorderService\tst\VideoOS.Recorder.UnitTests\bin\x64\Debug\net472\VideoOS.Recorder.UnitTests.dll" adapterTypeName="executor://mstestadapter/v2" className="VideoOS.Recorder.UnitTests.Command.PtzManagerDataHolderTest" name="PtzManagerDataHolder_GetOrAddPtzController_Success" />
    </UnitTest>
    <UnitTest name="ConfigurationController_UpdateUserSecurityTokens_IsValid_NoContent" storage="d:\actions-runner\_work\xpco\xpco\corporate\recordingserver\recorderservice\tst\videoos.recorder.unittests\bin\x64\debug\net472\videoos.recorder.unittests.dll" id="149fae0e-4b3b-37ce-c523-a738629c5e3d">
      <Execution id="35d110a4-0563-4cd6-b4f6-7f8ed3ccbc33" />
      <TestMethod codeBase="D:\actions-runner\_work\XPCO\XPCO\Corporate\RecordingServer\RecorderService\tst\VideoOS.Recorder.UnitTests\bin\x64\Debug\net472\VideoOS.Recorder.UnitTests.dll" adapterTypeName="executor://mstestadapter/v2" className="VideoOS.Recorder.UnitTests.ConfigurationControllerTests" name="ConfigurationController_UpdateUserSecurityTokens_IsValid_NoContent" />
    </UnitTest>
    <UnitTest name="AddHardwareUserCommandHandler_Execute_AddUser_ThrowsUnrecognisedExceptionsAsUnknownError_Errors" storage="d:\actions-runner\_work\xpco\xpco\corporate\recordingserver\recorderservice\tst\videoos.recorder.unittests\bin\x64\debug\net472\videoos.recorder.unittests.dll" id="43b03a7c-1563-d2e5-a3aa-3d3446fc2f53">
      <Execution id="77b9e9ea-ca4e-45bc-b631-2f2901637fcd" />
      <TestMethod codeBase="D:\actions-runner\_work\XPCO\XPCO\Corporate\RecordingServer\RecorderService\tst\VideoOS.Recorder.UnitTests\bin\x64\Debug\net472\VideoOS.Recorder.UnitTests.dll" adapterTypeName="executor://mstestadapter/v2" className="VideoOS.Recorder.UnitTests.Command.AddHardwareUserCommandHandlerRecorderUnitTests" name="AddHardwareUserCommandHandler_Execute_AddUser_ThrowsUnrecognisedExceptionsAsUnknownError_Errors" />
    </UnitTest>
    <UnitTest name="SOAPCommandRequestHandler_ExecuteFunction_HandlePTZMoveRelative_No_Priority" storage="d:\actions-runner\_work\xpco\xpco\corporate\recordingserver\recorderservice\tst\videoos.recorder.unittests\bin\x64\debug\net472\videoos.recorder.unittests.dll" id="fc5d833f-4890-756d-c3f3-69557f01bf61">
      <Execution id="0b811f88-990b-41fe-9b37-c93548a5ec77" />
      <TestMethod codeBase="D:\actions-runner\_work\XPCO\XPCO\Corporate\RecordingServer\RecorderService\tst\VideoOS.Recorder.UnitTests\bin\x64\Debug\net472\VideoOS.Recorder.UnitTests.dll" adapterTypeName="executor://mstestadapter/v2" className="VideoOS.Recorder.UnitTests.WebServer.SOAPCommandRequestHandlerTests" name="SOAPCommandRequestHandler_ExecuteFunction_HandlePTZMoveRelative_No_Priority" />
    </UnitTest>
    <UnitTest name="PtzStopSessionCommandHandler_Execute_Preset_Not_Supported" storage="d:\actions-runner\_work\xpco\xpco\corporate\recordingserver\recorderservice\tst\videoos.recorder.unittests\bin\x64\debug\net472\videoos.recorder.unittests.dll" id="e870f836-5567-9b5e-b5b7-1c1f20642a06">
      <Execution id="9d6e51e4-0ab9-4324-9dcf-490cac4ac8a2" />
      <TestMethod codeBase="D:\actions-runner\_work\XPCO\XPCO\Corporate\RecordingServer\RecorderService\tst\VideoOS.Recorder.UnitTests\bin\x64\Debug\net472\VideoOS.Recorder.UnitTests.dll" adapterTypeName="executor://mstestadapter/v2" className="VideoOS.Recorder.UnitTests.Command.PtzStopSessionCommandHandlerTest" name="PtzStopSessionCommandHandler_Execute_Preset_Not_Supported" />
    </UnitTest>
    <UnitTest name="DatabaseoperationCommandhandler_VerifyStorageAndArchiveOnline_Storage_Online" storage="d:\actions-runner\_work\xpco\xpco\corporate\recordingserver\recorderservice\tst\videoos.recorder.unittests\bin\x64\debug\net472\videoos.recorder.unittests.dll" id="d3a3c4d8-fbcb-7ee8-0479-ab7df60c22c2">
      <Execution id="27c93610-5ebb-4741-8b20-3dd084701b78" />
      <TestMethod codeBase="D:\actions-runner\_work\XPCO\XPCO\Corporate\RecordingServer\RecorderService\tst\VideoOS.Recorder.UnitTests\bin\x64\Debug\net472\VideoOS.Recorder.UnitTests.dll" adapterTypeName="executor://mstestadapter/v2" className="VideoOS.Recorder.UnitTests.Command.DatabaseOperationCommandHandlerUnitTests" name="DatabaseoperationCommandhandler_VerifyStorageAndArchiveOnline_Storage_Online" />
    </UnitTest>
    <UnitTest name="AudioPlayerOnSpeaker_PlayUsingCurrentThread_NoDevice" storage="d:\actions-runner\_work\xpco\xpco\corporate\recordingserver\recorderservice\tst\videoos.recorder.unittests\bin\x64\debug\net472\videoos.recorder.unittests.dll" id="21e9ac61-4873-b24d-8bf7-3140e9df549f">
      <Execution id="cc8a19f8-25f9-4b83-aec4-e7c51bb2081e" />
      <TestMethod codeBase="D:\actions-runner\_work\XPCO\XPCO\Corporate\RecordingServer\RecorderService\tst\VideoOS.Recorder.UnitTests\bin\x64\Debug\net472\VideoOS.Recorder.UnitTests.dll" adapterTypeName="executor://mstestadapter/v2" className="VideoOS.Recorder.UnitTests.AudioMessageHandling.AudioPlayerOnSpeakerTests" name="AudioPlayerOnSpeaker_PlayUsingCurrentThread_NoDevice" />
    </UnitTest>
    <UnitTest name="MediaDbCache_GetDiskUsageInformationBank_Nothing_Cached" storage="d:\actions-runner\_work\xpco\xpco\corporate\recordingserver\recorderservice\tst\videoos.recorder.unittests\bin\x64\debug\net472\videoos.recorder.unittests.dll" id="4c726782-66eb-044c-67dc-aabe5eb5c1ac">
      <Execution id="fc459ffd-6e69-4e29-84d9-cffed194d8ed" />
      <TestMethod codeBase="D:\actions-runner\_work\XPCO\XPCO\Corporate\RecordingServer\RecorderService\tst\VideoOS.Recorder.UnitTests\bin\x64\Debug\net472\VideoOS.Recorder.UnitTests.dll" adapterTypeName="executor://mstestadapter/v2" className="VideoOS.Recorder.UnitTests.Database.MediaDbCacheUnitTests" name="MediaDbCache_GetDiskUsageInformationBank_Nothing_Cached" />
    </UnitTest>
    <UnitTest name="FailoverMediaMover_Dispose_MultipleDisposeDoesNotThrow" storage="d:\actions-runner\_work\xpco\xpco\corporate\recordingserver\recorderservice\tst\videoos.recorder.unittests\bin\x64\debug\net472\videoos.recorder.unittests.dll" id="de48f299-960b-c324-97e4-bb53e6a08c4c">
      <Execution id="267a1d9b-12c3-497a-ae54-4e7fb14f18c6" />
      <TestMethod codeBase="D:\actions-runner\_work\XPCO\XPCO\Corporate\RecordingServer\RecorderService\tst\VideoOS.Recorder.UnitTests\bin\x64\Debug\net472\VideoOS.Recorder.UnitTests.dll" adapterTypeName="executor://mstestadapter/v2" className="VideoOS.Recorder.UnitTests.FailoverMediaMoverUnitTests" name="FailoverMediaMover_Dispose_MultipleDisposeDoesNotThrow" />
    </UnitTest>
    <UnitTest name="RecorderAccessTokenHandler_PopulateAuthorizationHeaderAsync_ArgumentNullException" storage="d:\actions-runner\_work\xpco\xpco\corporate\recordingserver\recorderservice\tst\videoos.recorder.unittests\bin\x64\debug\net472\videoos.recorder.unittests.dll" id="ef27459c-76de-489d-e30f-0b4115e73784">
      <Execution id="2f4f1529-9905-4970-9864-92892e679d0d" />
      <TestMethod codeBase="D:\actions-runner\_work\XPCO\XPCO\Corporate\RecordingServer\RecorderService\tst\VideoOS.Recorder.UnitTests\bin\x64\Debug\net472\VideoOS.Recorder.UnitTests.dll" adapterTypeName="executor://mstestadapter/v2" className="VideoOS.Recorder.UnitTests.ServerCommunication.RecorderAccessTokenHandlerTests" name="RecorderAccessTokenHandler_PopulateAuthorizationHeaderAsync_ArgumentNullException" />
    </UnitTest>
    <UnitTest name="IsInRange_ShouldReturnFalse_WhenAddressOutsideRangeBigRange" storage="d:\actions-runner\_work\xpco\xpco\corporate\recordingserver\recorderservice\tst\videoos.recorder.unittests\bin\x64\debug\net472\videoos.recorder.unittests.dll" id="64f54c8f-c43e-bd43-0882-5dd872acabae">
      <Execution id="97b326d8-418f-44ce-9cc4-7121a58bf5a9" />
      <TestMethod codeBase="D:\actions-runner\_work\XPCO\XPCO\Corporate\RecordingServer\RecorderService\tst\VideoOS.Recorder.UnitTests\bin\x64\Debug\net472\VideoOS.Recorder.UnitTests.dll" adapterTypeName="executor://mstestadapter/v2" className="VideoOS.Recorder.UnitTests.DeviceDiscovery.MipDriversDiscoveryTaskTests" name="IsInRange_ShouldReturnFalse_WhenAddressOutsideRangeBigRange" />
    </UnitTest>
    <UnitTest name="PipelineEventSource_GuidTest" storage="d:\actions-runner\_work\xpco\xpco\corporate\recordingserver\recorderservice\tst\videoos.recorder.unittests\bin\x64\debug\net472\videoos.recorder.unittests.dll" id="e99f45ea-08bf-c5d2-cb75-357169094869">
      <Execution id="962bf6e5-c3ff-4785-b1ee-d01c014cff2e" />
      <TestMethod codeBase="D:\actions-runner\_work\XPCO\XPCO\Corporate\RecordingServer\RecorderService\tst\VideoOS.Recorder.UnitTests\bin\x64\Debug\net472\VideoOS.Recorder.UnitTests.dll" adapterTypeName="executor://mstestadapter/v2" className="VideoOS.Recorder.UnitTests.Tracing.GeneralTracingTests" name="PipelineEventSource_GuidTest" />
    </UnitTest>
    <UnitTest name="PerformFileSystemOperation_ModelIsNull_BadRequestResult" storage="d:\actions-runner\_work\xpco\xpco\corporate\recordingserver\recorderservice\tst\videoos.recorder.unittests\bin\x64\debug\net472\videoos.recorder.unittests.dll" id="65799c34-732d-1a33-c654-588279eeaf65">
      <Execution id="4dd17d0f-6c8c-4df4-a040-39a2e1af0888" />
      <TestMethod codeBase="D:\actions-runner\_work\XPCO\XPCO\Corporate\RecordingServer\RecorderService\tst\VideoOS.Recorder.UnitTests\bin\x64\Debug\net472\VideoOS.Recorder.UnitTests.dll" adapterTypeName="executor://mstestadapter/v2" className="VideoOS.Recorder.UnitTests.RecorderControllerTests" name="PerformFileSystemOperation_ModelIsNull_BadRequestResult" />
    </UnitTest>
    <UnitTest name="ConnectSuccess_NextWithTime_AfterMedia" storage="d:\actions-runner\_work\xpco\xpco\corporate\recordingserver\recorderservice\tst\videoos.recorder.unittests\bin\x64\debug\net472\videoos.recorder.unittests.dll" id="9b3aca54-a7a6-01ba-a59e-c7ffccc5373c">
      <Execution id="10e1fa17-983c-49a2-82cb-f3fa2e8be45d" />
      <TestMethod codeBase="D:\actions-runner\_work\XPCO\XPCO\Corporate\RecordingServer\RecorderService\tst\VideoOS.Recorder.UnitTests\bin\x64\Debug\net472\VideoOS.Recorder.UnitTests.dll" adapterTypeName="executor://mstestadapter/v2" className="VideoOS.Recorder.UnitTests.WebServer.ImageServerRequestHandlerTests" name="ConnectSuccess_NextWithTime_AfterMedia" />
    </UnitTest>
    <UnitTest name="FilterTrackIdsToThoseThatShouldNotHaveMediaOnRecorder_InternalStateStopped_DoesNotThrowThrowsCommunicationStoppedException" storage="d:\actions-runner\_work\xpco\xpco\corporate\recordingserver\recorderservice\tst\videoos.recorder.unittests\bin\x64\debug\net472\videoos.recorder.unittests.dll" id="9cefd0a9-8c92-97bd-2892-256a438574dd">
      <Execution id="6eef96e6-2c97-4e8c-a5ff-2d0b5aeaf8e0" />
      <TestMethod codeBase="D:\actions-runner\_work\XPCO\XPCO\Corporate\RecordingServer\RecorderService\tst\VideoOS.Recorder.UnitTests\bin\x64\Debug\net472\VideoOS.Recorder.UnitTests.dll" adapterTypeName="executor://mstestadapter/v2" className="VideoOS.Recorder.UnitTests.CommManagerWebApiTests" name="FilterTrackIdsToThoseThatShouldNotHaveMediaOnRecorder_InternalStateStopped_DoesNotThrowThrowsCommunicationStoppedException" />
    </UnitTest>
    <UnitTest name="SOAPCommandRequestHandler_ExecuteFunction_HandlePTZMoveHome_No_Security" storage="d:\actions-runner\_work\xpco\xpco\corporate\recordingserver\recorderservice\tst\videoos.recorder.unittests\bin\x64\debug\net472\videoos.recorder.unittests.dll" id="d2358cb3-85bc-fda3-2eed-0a2a478d6789">
      <Execution id="367ddaef-67d7-4e8d-9d78-f1023cd9c537" />
      <TestMethod codeBase="D:\actions-runner\_work\XPCO\XPCO\Corporate\RecordingServer\RecorderService\tst\VideoOS.Recorder.UnitTests\bin\x64\Debug\net472\VideoOS.Recorder.UnitTests.dll" adapterTypeName="executor://mstestadapter/v2" className="VideoOS.Recorder.UnitTests.WebServer.SOAPCommandRequestHandlerTests" name="SOAPCommandRequestHandler_ExecuteFunction_HandlePTZMoveHome_No_Security" />
    </UnitTest>
    <UnitTest name="ResponseController_Construction_Success" storage="d:\actions-runner\_work\xpco\xpco\corporate\recordingserver\recorderservice\tst\videoos.recorder.unittests\bin\x64\debug\net472\videoos.recorder.unittests.dll" id="525a0ceb-2643-c82c-ce34-27d7b53036ae">
      <Execution id="736680c7-d1c9-4534-8fd9-697990c6e2ab" />
      <TestMethod codeBase="D:\actions-runner\_work\XPCO\XPCO\Corporate\RecordingServer\RecorderService\tst\VideoOS.Recorder.UnitTests\bin\x64\Debug\net472\VideoOS.Recorder.UnitTests.dll" adapterTypeName="executor://mstestadapter/v2" className="VideoOS.Recorder.UnitTests.ResponseControllerTests" name="ResponseController_Construction_Success" />
    </UnitTest>
    <UnitTest name="SetupInitialHardwareUserCommandHandler_Execute_SetupUser_ThrowsUserHandlingUserNameTooLongtrError_Errors" storage="d:\actions-runner\_work\xpco\xpco\corporate\recordingserver\recorderservice\tst\videoos.recorder.unittests\bin\x64\debug\net472\videoos.recorder.unittests.dll" id="29d604d1-f3c0-49b5-03f5-cf1ef5077225">
      <Execution id="1e2615b9-4a88-44f8-bfa1-889dc43bf458" />
      <TestMethod codeBase="D:\actions-runner\_work\XPCO\XPCO\Corporate\RecordingServer\RecorderService\tst\VideoOS.Recorder.UnitTests\bin\x64\Debug\net472\VideoOS.Recorder.UnitTests.dll" adapterTypeName="executor://mstestadapter/v2" className="VideoOS.Recorder.UnitTests.Command.SetupInitialHardwareUserCommandHandlerUnitTests" name="SetupInitialHardwareUserCommandHandler_Execute_SetupUser_ThrowsUserHandlingUserNameTooLongtrError_Errors" />
    </UnitTest>
    <UnitTest name="SOAPCommandRequestHandler_ExecuteFunction_HandleSmartSearchGetStatus_Success" storage="d:\actions-runner\_work\xpco\xpco\corporate\recordingserver\recorderservice\tst\videoos.recorder.unittests\bin\x64\debug\net472\videoos.recorder.unittests.dll" id="dea3580e-3a09-292c-5496-d4afcd443f8b">
      <Execution id="5f00048a-a204-48bc-a331-bf9ba7470447" />
      <TestMethod codeBase="D:\actions-runner\_work\XPCO\XPCO\Corporate\RecordingServer\RecorderService\tst\VideoOS.Recorder.UnitTests\bin\x64\Debug\net472\VideoOS.Recorder.UnitTests.dll" adapterTypeName="executor://mstestadapter/v2" className="VideoOS.Recorder.UnitTests.WebServer.SOAPCommandRequestHandlerTests" name="SOAPCommandRequestHandler_ExecuteFunction_HandleSmartSearchGetStatus_Success" />
    </UnitTest>
    <UnitTest name="ReadMessageHeaders_ReadRequestLine_SoapStatus_Success" storage="d:\actions-runner\_work\xpco\xpco\corporate\recordingserver\recorderservice\tst\videoos.recorder.unittests\bin\x64\debug\net472\videoos.recorder.unittests.dll" id="b851e41c-dd58-304e-e982-0c01ea9a4642">
      <Execution id="a149ec82-c636-44fb-90dc-fed2c7379f7a" />
      <TestMethod codeBase="D:\actions-runner\_work\XPCO\XPCO\Corporate\RecordingServer\RecorderService\tst\VideoOS.Recorder.UnitTests\bin\x64\Debug\net472\VideoOS.Recorder.UnitTests.dll" adapterTypeName="executor://mstestadapter/v2" className="VideoOS.Recorder.UnitTests.WebServer.WebRequestReaderUnitTests" name="ReadMessageHeaders_ReadRequestLine_SoapStatus_Success" />
    </UnitTest>
    <UnitTest name="SOAPCommandRequestHandler_ExecuteFunction_HandleSequencesGetAround_NoSequenceType" storage="d:\actions-runner\_work\xpco\xpco\corporate\recordingserver\recorderservice\tst\videoos.recorder.unittests\bin\x64\debug\net472\videoos.recorder.unittests.dll" id="29d684b0-2e25-416c-2170-4e35876ac66b">
      <Execution id="d175fe41-5ff5-4c28-a1bb-38ee62b1bf1f" />
      <TestMethod codeBase="D:\actions-runner\_work\XPCO\XPCO\Corporate\RecordingServer\RecorderService\tst\VideoOS.Recorder.UnitTests\bin\x64\Debug\net472\VideoOS.Recorder.UnitTests.dll" adapterTypeName="executor://mstestadapter/v2" className="VideoOS.Recorder.UnitTests.WebServer.SOAPCommandRequestHandlerTests" name="SOAPCommandRequestHandler_ExecuteFunction_HandleSequencesGetAround_NoSequenceType" />
    </UnitTest>
    <UnitTest name="SOAPCommandRequestHandler_ExecuteFunction_HandleSmartSearchStart_NoResultMotionMaskSizeHeight" storage="d:\actions-runner\_work\xpco\xpco\corporate\recordingserver\recorderservice\tst\videoos.recorder.unittests\bin\x64\debug\net472\videoos.recorder.unittests.dll" id="a8285c5a-ff5d-0ef5-7bbd-59de8473e545">
      <Execution id="1b5bdfe2-8a66-483f-b8b2-299fd696e84a" />
      <TestMethod codeBase="D:\actions-runner\_work\XPCO\XPCO\Corporate\RecordingServer\RecorderService\tst\VideoOS.Recorder.UnitTests\bin\x64\Debug\net472\VideoOS.Recorder.UnitTests.dll" adapterTypeName="executor://mstestadapter/v2" className="VideoOS.Recorder.UnitTests.WebServer.SOAPCommandRequestHandlerTests" name="SOAPCommandRequestHandler_ExecuteFunction_HandleSmartSearchStart_NoResultMotionMaskSizeHeight" />
    </UnitTest>
    <UnitTest name="TimeRangeConversionMinRangeAndTimeResolutionEdges" storage="d:\actions-runner\_work\xpco\xpco\corporate\recordingserver\recorderservice\tst\videoos.recorder.unittests\bin\x64\debug\net472\videoos.recorder.unittests.dll" id="004f8d00-7021-c1c4-369e-225487d1b121">
      <TestCategory>
        <TestCategoryItem TestCategory="TimeRangeConversion" />
      </TestCategory>
      <Execution id="52172d8d-44ca-454c-aaf5-fb47d9567cf3" />
      <TestMethod codeBase="D:\actions-runner\_work\XPCO\XPCO\Corporate\RecordingServer\RecorderService\tst\VideoOS.Recorder.UnitTests\bin\x64\Debug\net472\VideoOS.Recorder.UnitTests.dll" adapterTypeName="executor://mstestadapter/v2" className="VideoOS.Recorder.UnitTests.TimeRangeConversionTests.TimeRangeConversionTests" name="TimeRangeConversionMinRangeAndTimeResolutionEdges" />
    </UnitTest>
    <UnitTest name="EvidenceLockOnOldRecorderCommandHandler_DeleteEvidenceLock" storage="d:\actions-runner\_work\xpco\xpco\corporate\recordingserver\recorderservice\tst\videoos.recorder.unittests\bin\x64\debug\net472\videoos.recorder.unittests.dll" id="da5205b9-0f99-3af5-fac3-d0934e4115a7">
      <Execution id="1f7d3228-e413-4dec-9dc3-c3cd240ffcb1" />
      <TestMethod codeBase="D:\actions-runner\_work\XPCO\XPCO\Corporate\RecordingServer\RecorderService\tst\VideoOS.Recorder.UnitTests\bin\x64\Debug\net472\VideoOS.Recorder.UnitTests.dll" adapterTypeName="executor://mstestadapter/v2" className="VideoOS.Recorder.UnitTests.Command.EvidenceLockOnOldRecorderCommandHandlerTests" name="EvidenceLockOnOldRecorderCommandHandler_DeleteEvidenceLock" />
    </UnitTest>
    <UnitTest name="PtzReserveSessionCommandHandler_Execute_PtzException_DeviceNotFound" storage="d:\actions-runner\_work\xpco\xpco\corporate\recordingserver\recorderservice\tst\videoos.recorder.unittests\bin\x64\debug\net472\videoos.recorder.unittests.dll" id="ccb34df4-86e3-130c-4b84-9d98dd328c0f">
      <Execution id="0b436c91-05b8-4624-abec-3ddcc7231ec7" />
      <TestMethod codeBase="D:\actions-runner\_work\XPCO\XPCO\Corporate\RecordingServer\RecorderService\tst\VideoOS.Recorder.UnitTests\bin\x64\Debug\net472\VideoOS.Recorder.UnitTests.dll" adapterTypeName="executor://mstestadapter/v2" className="VideoOS.Recorder.UnitTests.Command.PtzReserveSessionCommandHandlerTest" name="PtzReserveSessionCommandHandler_Execute_PtzException_DeviceNotFound" />
    </UnitTest>
    <UnitTest name="ChangeHardwarePasswordCommandHandler_Execute_ChangePassword_ThrowsSubsequentAuthenticationFailed_Errors" storage="d:\actions-runner\_work\xpco\xpco\corporate\recordingserver\recorderservice\tst\videoos.recorder.unittests\bin\x64\debug\net472\videoos.recorder.unittests.dll" id="21806500-e743-4262-83d1-0b2b1558ea13">
      <Execution id="20ee5f57-4bca-4d45-8c27-7cde863efd76" />
      <TestMethod codeBase="D:\actions-runner\_work\XPCO\XPCO\Corporate\RecordingServer\RecorderService\tst\VideoOS.Recorder.UnitTests\bin\x64\Debug\net472\VideoOS.Recorder.UnitTests.dll" adapterTypeName="executor://mstestadapter/v2" className="VideoOS.Recorder.UnitTests.Command.ChangeHardwarePasswordCommandHandlerUnitTests" name="ChangeHardwarePasswordCommandHandler_Execute_ChangePassword_ThrowsSubsequentAuthenticationFailed_Errors" />
    </UnitTest>
    <UnitTest name="TestLiveTableStatusCreatedWithoutTableExists" storage="d:\actions-runner\_work\xpco\xpco\corporate\recordingserver\recorderservice\tst\videoos.recorder.unittests\bin\x64\debug\net472\videoos.recorder.unittests.dll" id="6655f2de-68dc-155c-85bd-e9907fa4887a">
      <Execution id="5fc615b7-ba6c-4039-ab62-c661768267fd" />
      <TestMethod codeBase="D:\actions-runner\_work\XPCO\XPCO\Corporate\RecordingServer\RecorderService\tst\VideoOS.Recorder.UnitTests\bin\x64\Debug\net472\VideoOS.Recorder.UnitTests.dll" adapterTypeName="executor://mstestadapter/v2" className="VideoOS.Recorder.UnitTests.Database.MediaDbLiveTableRegistrationTests" name="TestLiveTableStatusCreatedWithoutTableExists" />
    </UnitTest>
    <UnitTest name="GetHardwareUsersCommandHandler_Execute_GetUserList_ThrowsUnknownResult_Errors" storage="d:\actions-runner\_work\xpco\xpco\corporate\recordingserver\recorderservice\tst\videoos.recorder.unittests\bin\x64\debug\net472\videoos.recorder.unittests.dll" id="4fe2e139-68fb-bfd9-5717-72ea3bda9da0">
      <Execution id="122df17a-55ef-45b9-848d-0f0721088abe" />
      <TestMethod codeBase="D:\actions-runner\_work\XPCO\XPCO\Corporate\RecordingServer\RecorderService\tst\VideoOS.Recorder.UnitTests\bin\x64\Debug\net472\VideoOS.Recorder.UnitTests.dll" adapterTypeName="executor://mstestadapter/v2" className="VideoOS.Recorder.UnitTests.Command.GetHardwareUsersCommandHandlerUnitTests" name="GetHardwareUsersCommandHandler_Execute_GetUserList_ThrowsUnknownResult_Errors" />
    </UnitTest>
    <UnitTest name="TimeRangeConversionRangesMatchStartAndEndTimeInside" storage="d:\actions-runner\_work\xpco\xpco\corporate\recordingserver\recorderservice\tst\videoos.recorder.unittests\bin\x64\debug\net472\videoos.recorder.unittests.dll" id="3f274ba1-8989-dbb9-a238-0d6fba10e7e2">
      <TestCategory>
        <TestCategoryItem TestCategory="TimeRangeConversion" />
      </TestCategory>
      <Execution id="84f99ca7-bc7a-4298-8764-d370e071223b" />
      <TestMethod codeBase="D:\actions-runner\_work\XPCO\XPCO\Corporate\RecordingServer\RecorderService\tst\VideoOS.Recorder.UnitTests\bin\x64\Debug\net472\VideoOS.Recorder.UnitTests.dll" adapterTypeName="executor://mstestadapter/v2" className="VideoOS.Recorder.UnitTests.TimeRangeConversionTests.TimeRangeConversionTests" name="TimeRangeConversionRangesMatchStartAndEndTimeInside" />
    </UnitTest>
    <UnitTest name="SOAPCommandRequestHandler_ExecuteFunction_HandleSequencesGetAroundWithSpan_NoMaxTimeAfter" storage="d:\actions-runner\_work\xpco\xpco\corporate\recordingserver\recorderservice\tst\videoos.recorder.unittests\bin\x64\debug\net472\videoos.recorder.unittests.dll" id="2b908fb7-b08c-080d-c013-0cb6e5bee8c3">
      <Execution id="abddee79-dffd-488f-9da3-6a909a7fea22" />
      <TestMethod codeBase="D:\actions-runner\_work\XPCO\XPCO\Corporate\RecordingServer\RecorderService\tst\VideoOS.Recorder.UnitTests\bin\x64\Debug\net472\VideoOS.Recorder.UnitTests.dll" adapterTypeName="executor://mstestadapter/v2" className="VideoOS.Recorder.UnitTests.WebServer.SOAPCommandRequestHandlerTests" name="SOAPCommandRequestHandler_ExecuteFunction_HandleSequencesGetAroundWithSpan_NoMaxTimeAfter" />
    </UnitTest>
    <UnitTest name="DeleteHardwareUserCommandHandler_Constructor_NullArg_Throws" storage="d:\actions-runner\_work\xpco\xpco\corporate\recordingserver\recorderservice\tst\videoos.recorder.unittests\bin\x64\debug\net472\videoos.recorder.unittests.dll" id="85472a76-c230-1b30-15bd-9370937ca35c">
      <Execution id="3354ff04-6b2b-47c7-bf0c-5b4273bfbe79" />
      <TestMethod codeBase="D:\actions-runner\_work\XPCO\XPCO\Corporate\RecordingServer\RecorderService\tst\VideoOS.Recorder.UnitTests\bin\x64\Debug\net472\VideoOS.Recorder.UnitTests.dll" adapterTypeName="executor://mstestadapter/v2" className="VideoOS.Recorder.UnitTests.Command.DeleteHardwareUserCommandHandlerTest" name="DeleteHardwareUserCommandHandler_Constructor_NullArg_Throws" />
    </UnitTest>
    <UnitTest name="SOAPCommandRequestHandler_ExecuteFunction_HandleOutputGetState_Success_Deactivated" storage="d:\actions-runner\_work\xpco\xpco\corporate\recordingserver\recorderservice\tst\videoos.recorder.unittests\bin\x64\debug\net472\videoos.recorder.unittests.dll" id="925bd70a-d73a-acfc-ef5a-67d128bee0e3">
      <Execution id="9643a719-6ad3-4372-8376-332ea27e5165" />
      <TestMethod codeBase="D:\actions-runner\_work\XPCO\XPCO\Corporate\RecordingServer\RecorderService\tst\VideoOS.Recorder.UnitTests\bin\x64\Debug\net472\VideoOS.Recorder.UnitTests.dll" adapterTypeName="executor://mstestadapter/v2" className="VideoOS.Recorder.UnitTests.WebServer.SOAPCommandRequestHandlerTests" name="SOAPCommandRequestHandler_ExecuteFunction_HandleOutputGetState_Success_Deactivated" />
    </UnitTest>
    <UnitTest name="EnhanceSettings_EmptyPrivacyMask" storage="d:\actions-runner\_work\xpco\xpco\corporate\recordingserver\recorderservice\tst\videoos.recorder.unittests\bin\x64\debug\net472\videoos.recorder.unittests.dll" id="794108d2-0f91-37dc-89eb-9552b0474c91">
      <Owners>
        <Owner name="FT06" />
      </Owners>
      <Execution id="bd4541d3-0bb0-43b4-bf01-0ad589b7617a" />
      <TestMethod codeBase="D:\actions-runner\_work\XPCO\XPCO\Corporate\RecordingServer\RecorderService\tst\VideoOS.Recorder.UnitTests\bin\x64\Debug\net472\VideoOS.Recorder.UnitTests.dll" adapterTypeName="executor://mstestadapter/v2" className="VideoOS.Recorder.UnitTests.ObjectModel.Processors.PluginSettingsEnhancerTest" name="EnhanceSettings_EmptyPrivacyMask" />
    </UnitTest>
    <UnitTest name="ConnectSuccess_TimeRestricted" storage="d:\actions-runner\_work\xpco\xpco\corporate\recordingserver\recorderservice\tst\videoos.recorder.unittests\bin\x64\debug\net472\videoos.recorder.unittests.dll" id="558dc88a-89c3-f7cb-9610-a11d8b1d3365">
      <Execution id="2b1b76a3-08b9-41df-914c-c2902889817e" />
      <TestMethod codeBase="D:\actions-runner\_work\XPCO\XPCO\Corporate\RecordingServer\RecorderService\tst\VideoOS.Recorder.UnitTests\bin\x64\Debug\net472\VideoOS.Recorder.UnitTests.dll" adapterTypeName="executor://mstestadapter/v2" className="VideoOS.Recorder.UnitTests.WebServer.ImageServerRequestHandlerTests" name="ConnectSuccess_TimeRestricted" />
    </UnitTest>
    <UnitTest name="SOAPCommandRequestHandler_ExecuteFunction_HandleSmartSearchStart_Success_SearchIntervalLessThan1000" storage="d:\actions-runner\_work\xpco\xpco\corporate\recordingserver\recorderservice\tst\videoos.recorder.unittests\bin\x64\debug\net472\videoos.recorder.unittests.dll" id="47f76e92-fc6c-f7c0-c870-9743a5a037d3">
      <Execution id="8ab5dc28-cd45-4772-8304-995ae26bfbeb" />
      <TestMethod codeBase="D:\actions-runner\_work\XPCO\XPCO\Corporate\RecordingServer\RecorderService\tst\VideoOS.Recorder.UnitTests\bin\x64\Debug\net472\VideoOS.Recorder.UnitTests.dll" adapterTypeName="executor://mstestadapter/v2" className="VideoOS.Recorder.UnitTests.WebServer.SOAPCommandRequestHandlerTests" name="SOAPCommandRequestHandler_ExecuteFunction_HandleSmartSearchStart_Success_SearchIntervalLessThan1000" />
    </UnitTest>
    <UnitTest name="ConnectUpdate_Success" storage="d:\actions-runner\_work\xpco\xpco\corporate\recordingserver\recorderservice\tst\videoos.recorder.unittests\bin\x64\debug\net472\videoos.recorder.unittests.dll" id="f3b9e633-7b76-928d-0e2d-53d7f4cd2d22">
      <Execution id="a57562db-cf5a-455e-83bf-9a965a0c0660" />
      <TestMethod codeBase="D:\actions-runner\_work\XPCO\XPCO\Corporate\RecordingServer\RecorderService\tst\VideoOS.Recorder.UnitTests\bin\x64\Debug\net472\VideoOS.Recorder.UnitTests.dll" adapterTypeName="executor://mstestadapter/v2" className="VideoOS.Recorder.UnitTests.WebServer.ImageServerRequestHandlerTests" name="ConnectUpdate_Success" />
    </UnitTest>
    <UnitTest name="DatabaseoperationCommandhandler_VerifyStorageAndArchiveOnline_DeviceStorage_Online" storage="d:\actions-runner\_work\xpco\xpco\corporate\recordingserver\recorderservice\tst\videoos.recorder.unittests\bin\x64\debug\net472\videoos.recorder.unittests.dll" id="98ec49c7-d50b-0e61-1c94-93b28b0ab4f7">
      <Execution id="9459134b-2b05-40ae-8f67-08608cba9a9a" />
      <TestMethod codeBase="D:\actions-runner\_work\XPCO\XPCO\Corporate\RecordingServer\RecorderService\tst\VideoOS.Recorder.UnitTests\bin\x64\Debug\net472\VideoOS.Recorder.UnitTests.dll" adapterTypeName="executor://mstestadapter/v2" className="VideoOS.Recorder.UnitTests.Command.DatabaseOperationCommandHandlerUnitTests" name="DatabaseoperationCommandhandler_VerifyStorageAndArchiveOnline_DeviceStorage_Online" />
    </UnitTest>
    <UnitTest name="EvidenceLockOnOldRecorderCommandHandler_AddEvidenceLock_DeviceTrackDoesNotExists" storage="d:\actions-runner\_work\xpco\xpco\corporate\recordingserver\recorderservice\tst\videoos.recorder.unittests\bin\x64\debug\net472\videoos.recorder.unittests.dll" id="da5ac089-d6b1-ac16-b168-df80354fb9b1">
      <Execution id="c7e0a996-4f14-4c1c-aae4-0cbe0f883aab" />
      <TestMethod codeBase="D:\actions-runner\_work\XPCO\XPCO\Corporate\RecordingServer\RecorderService\tst\VideoOS.Recorder.UnitTests\bin\x64\Debug\net472\VideoOS.Recorder.UnitTests.dll" adapterTypeName="executor://mstestadapter/v2" className="VideoOS.Recorder.UnitTests.Command.EvidenceLockOnOldRecorderCommandHandlerTests" name="EvidenceLockOnOldRecorderCommandHandler_AddEvidenceLock_DeviceTrackDoesNotExists" />
    </UnitTest>
    <UnitTest name="CheckMediaDbEventMapping" storage="d:\actions-runner\_work\xpco\xpco\corporate\recordingserver\recorderservice\tst\videoos.recorder.unittests\bin\x64\debug\net472\videoos.recorder.unittests.dll" id="1c8c8ddd-1d9c-4a38-ce08-4a41bdee36e6">
      <Execution id="f4ae9f10-0e76-4b1e-8b1d-8352ffed170b" />
      <TestMethod codeBase="D:\actions-runner\_work\XPCO\XPCO\Corporate\RecordingServer\RecorderService\tst\VideoOS.Recorder.UnitTests\bin\x64\Debug\net472\VideoOS.Recorder.UnitTests.dll" adapterTypeName="executor://mstestadapter/v2" className="VideoOS.Recorder.UnitTests.ObjectModel.MediaDbManagerUnitTests" name="CheckMediaDbEventMapping" />
    </UnitTest>
    <UnitTest name="SOAPCommandRequestHandler_ExecuteFunction_HandleSmartSearchStart_NoSearchIntervalMicroSeconds" storage="d:\actions-runner\_work\xpco\xpco\corporate\recordingserver\recorderservice\tst\videoos.recorder.unittests\bin\x64\debug\net472\videoos.recorder.unittests.dll" id="7808dfd1-81fa-af9f-a555-e25cdb73eaf5">
      <Execution id="ee364e51-a6d0-45c0-b8b9-bb6ed09a8852" />
      <TestMethod codeBase="D:\actions-runner\_work\XPCO\XPCO\Corporate\RecordingServer\RecorderService\tst\VideoOS.Recorder.UnitTests\bin\x64\Debug\net472\VideoOS.Recorder.UnitTests.dll" adapterTypeName="executor://mstestadapter/v2" className="VideoOS.Recorder.UnitTests.WebServer.SOAPCommandRequestHandlerTests" name="SOAPCommandRequestHandler_ExecuteFunction_HandleSmartSearchStart_NoSearchIntervalMicroSeconds" />
    </UnitTest>
    <UnitTest name="HandleRequest_Success" storage="d:\actions-runner\_work\xpco\xpco\corporate\recordingserver\recorderservice\tst\videoos.recorder.unittests\bin\x64\debug\net472\videoos.recorder.unittests.dll" id="717d97e0-0717-e53f-b90c-82a677769740">
      <Execution id="4ddf4326-88ac-45ed-8fdb-f7e9b6554185" />
      <TestMethod codeBase="D:\actions-runner\_work\XPCO\XPCO\Corporate\RecordingServer\RecorderService\tst\VideoOS.Recorder.UnitTests\bin\x64\Debug\net472\VideoOS.Recorder.UnitTests.dll" adapterTypeName="executor://mstestadapter/v2" className="VideoOS.Recorder.UnitTests.WebServer.DiagnosticsHttpRequestHandlerUnitTests" name="HandleRequest_Success" />
    </UnitTest>
    <UnitTest name="HandleRequest_Json_Success" storage="d:\actions-runner\_work\xpco\xpco\corporate\recordingserver\recorderservice\tst\videoos.recorder.unittests\bin\x64\debug\net472\videoos.recorder.unittests.dll" id="9c340af1-0e33-101d-b2bd-9ae449fb5a93">
      <Execution id="09b42a8c-6244-41b9-a677-67fd156d5ae1" />
      <TestMethod codeBase="D:\actions-runner\_work\XPCO\XPCO\Corporate\RecordingServer\RecorderService\tst\VideoOS.Recorder.UnitTests\bin\x64\Debug\net472\VideoOS.Recorder.UnitTests.dll" adapterTypeName="executor://mstestadapter/v2" className="VideoOS.Recorder.UnitTests.WebServer.DiagnosticsHttpRequestHandlerUnitTests" name="HandleRequest_Json_Success" />
    </UnitTest>
    <UnitTest name="Configuration_LogParameterIsNull_ThrowsArgumentNullException" storage="d:\actions-runner\_work\xpco\xpco\corporate\recordingserver\recorderservice\tst\videoos.recorder.unittests\bin\x64\debug\net472\videoos.recorder.unittests.dll" id="19f6cec6-dca0-1fa4-b0b6-8a53a7db5db8">
      <Execution id="68fad18e-67fe-41d7-811a-800030a88ef6" />
      <TestMethod codeBase="D:\actions-runner\_work\XPCO\XPCO\Corporate\RecordingServer\RecorderService\tst\VideoOS.Recorder.UnitTests\bin\x64\Debug\net472\VideoOS.Recorder.UnitTests.dll" adapterTypeName="executor://mstestadapter/v2" className="VideoOS.Recorder.UnitTests.StartupTests" name="Configuration_LogParameterIsNull_ThrowsArgumentNullException" />
    </UnitTest>
    <UnitTest name="ReadMessageHeaders_SimpleHttpHeaders_Success" storage="d:\actions-runner\_work\xpco\xpco\corporate\recordingserver\recorderservice\tst\videoos.recorder.unittests\bin\x64\debug\net472\videoos.recorder.unittests.dll" id="d0f53a30-d3a3-ea4f-ad42-7fa051a559d2">
      <Execution id="a85d5ea4-89b7-4a8d-83fd-e0c689cddb29" />
      <TestMethod codeBase="D:\actions-runner\_work\XPCO\XPCO\Corporate\RecordingServer\RecorderService\tst\VideoOS.Recorder.UnitTests\bin\x64\Debug\net472\VideoOS.Recorder.UnitTests.dll" adapterTypeName="executor://mstestadapter/v2" className="VideoOS.Recorder.UnitTests.WebServer.WebRequestReaderUnitTests" name="ReadMessageHeaders_SimpleHttpHeaders_Success" />
    </UnitTest>
    <UnitTest name="EvidenceLockOnOldRecorder2_PostCommandIsValid_NoContent" storage="d:\actions-runner\_work\xpco\xpco\corporate\recordingserver\recorderservice\tst\videoos.recorder.unittests\bin\x64\debug\net472\videoos.recorder.unittests.dll" id="8aee07f8-0ffc-3a99-ff2a-0d2135720078">
      <Execution id="9c7e95aa-3c16-49a8-82fa-58e427778aca" />
      <TestMethod codeBase="D:\actions-runner\_work\XPCO\XPCO\Corporate\RecordingServer\RecorderService\tst\VideoOS.Recorder.UnitTests\bin\x64\Debug\net472\VideoOS.Recorder.UnitTests.dll" adapterTypeName="executor://mstestadapter/v2" className="VideoOS.Recorder.UnitTests.DatabaseControllerTests" name="EvidenceLockOnOldRecorder2_PostCommandIsValid_NoContent" />
    </UnitTest>
    <UnitTest name="CollectMediaStatusCommandHandler_Clone" storage="d:\actions-runner\_work\xpco\xpco\corporate\recordingserver\recorderservice\tst\videoos.recorder.unittests\bin\x64\debug\net472\videoos.recorder.unittests.dll" id="62c62504-172a-2557-6de5-15de32bcc5e8">
      <Execution id="0d927453-2734-4a92-b2fc-589b614784ea" />
      <TestMethod codeBase="D:\actions-runner\_work\XPCO\XPCO\Corporate\RecordingServer\RecorderService\tst\VideoOS.Recorder.UnitTests\bin\x64\Debug\net472\VideoOS.Recorder.UnitTests.dll" adapterTypeName="executor://mstestadapter/v2" className="VideoOS.Recorder.UnitTests.Command.CollectMediaStatusCommandHandlerTests" name="CollectMediaStatusCommandHandler_Clone" />
    </UnitTest>
    <UnitTest name="MessageManagerCallback_HandleResponse_Fail_Disposed_NoRetry" storage="d:\actions-runner\_work\xpco\xpco\corporate\recordingserver\recorderservice\tst\videoos.recorder.unittests\bin\x64\debug\net472\videoos.recorder.unittests.dll" id="38c227eb-6fb4-f936-01c4-e003e3db2a3b">
      <Execution id="37fba126-0d71-4cca-9969-4e2ddfee0a3a" />
      <TestMethod codeBase="D:\actions-runner\_work\XPCO\XPCO\Corporate\RecordingServer\RecorderService\tst\VideoOS.Recorder.UnitTests\bin\x64\Debug\net472\VideoOS.Recorder.UnitTests.dll" adapterTypeName="executor://mstestadapter/v2" className="VideoOS.Recorder.UnitTests.DriverUpdateHelperUnitTests" name="MessageManagerCallback_HandleResponse_Fail_Disposed_NoRetry" />
    </UnitTest>
    <UnitTest name="ConfigurationController_ReplaceHardware_IsNull_BadRequestResult" storage="d:\actions-runner\_work\xpco\xpco\corporate\recordingserver\recorderservice\tst\videoos.recorder.unittests\bin\x64\debug\net472\videoos.recorder.unittests.dll" id="7ee1de79-7f7a-f703-68ea-2c3b2fd3b722">
      <Execution id="e9d550bf-7ba7-410b-8f77-508a4d1d85d8" />
      <TestMethod codeBase="D:\actions-runner\_work\XPCO\XPCO\Corporate\RecordingServer\RecorderService\tst\VideoOS.Recorder.UnitTests\bin\x64\Debug\net472\VideoOS.Recorder.UnitTests.dll" adapterTypeName="executor://mstestadapter/v2" className="VideoOS.Recorder.UnitTests.ConfigurationControllerTests" name="ConfigurationController_ReplaceHardware_IsNull_BadRequestResult" />
    </UnitTest>
    <UnitTest name="SOAPCommandRequestHandler_ExecuteFunction_HandleSequencesGetAroundWithSpan_NoMaxCountBefore" storage="d:\actions-runner\_work\xpco\xpco\corporate\recordingserver\recorderservice\tst\videoos.recorder.unittests\bin\x64\debug\net472\videoos.recorder.unittests.dll" id="af960baf-0abc-1a8f-9a7c-3cac35e6212e">
      <Execution id="8ff7b2bd-99a1-4c18-9945-637c4bc3d391" />
      <TestMethod codeBase="D:\actions-runner\_work\XPCO\XPCO\Corporate\RecordingServer\RecorderService\tst\VideoOS.Recorder.UnitTests\bin\x64\Debug\net472\VideoOS.Recorder.UnitTests.dll" adapterTypeName="executor://mstestadapter/v2" className="VideoOS.Recorder.UnitTests.WebServer.SOAPCommandRequestHandlerTests" name="SOAPCommandRequestHandler_ExecuteFunction_HandleSequencesGetAroundWithSpan_NoMaxCountBefore" />
    </UnitTest>
    <UnitTest name="RequestRecordAllFrames_SetsRecordAllFramesToTrue_OnFirstRequest" storage="d:\actions-runner\_work\xpco\xpco\corporate\recordingserver\recorderservice\tst\videoos.recorder.unittests\bin\x64\debug\net472\videoos.recorder.unittests.dll" id="63251417-cab3-d7f1-951d-ff52e5bf847e">
      <TestCategory>
        <TestCategoryItem TestCategory="KeyframeRecording" />
      </TestCategory>
      <Execution id="7dd9a929-35eb-47ac-a96e-58ff07b4cebf" />
      <TestMethod codeBase="D:\actions-runner\_work\XPCO\XPCO\Corporate\RecordingServer\RecorderService\tst\VideoOS.Recorder.UnitTests\bin\x64\Debug\net472\VideoOS.Recorder.UnitTests.dll" adapterTypeName="executor://mstestadapter/v2" className="VideoOS.Recorder.UnitTests.StateEvaluation.DeviceRecordKeyframesStateEvaluatorTests" name="RequestRecordAllFrames_SetsRecordAllFramesToTrue_OnFirstRequest" />
    </UnitTest>
    <UnitTest name="YieldsTheSameResult" storage="d:\actions-runner\_work\xpco\xpco\corporate\recordingserver\recorderservice\tst\videoos.recorder.unittests\bin\x64\debug\net472\videoos.recorder.unittests.dll" id="3eb744f7-1144-5fa3-699e-8a12095498f6">
      <Execution id="64eb76a3-4bf1-4bfb-bdee-d229ce7fb215" />
      <TestMethod codeBase="D:\actions-runner\_work\XPCO\XPCO\Corporate\RecordingServer\RecorderService\tst\VideoOS.Recorder.UnitTests\bin\x64\Debug\net472\VideoOS.Recorder.UnitTests.dll" adapterTypeName="executor://mstestadapter/v2" className="VideoOS.Recorder.UnitTests.Utility.DeferredEnumerableTests" name="YieldsTheSameResult" />
    </UnitTest>
    <UnitTest name="MediaDbUtil_MultitrackNavigation_Scenario17" storage="d:\actions-runner\_work\xpco\xpco\corporate\recordingserver\recorderservice\tst\videoos.recorder.unittests\bin\x64\debug\net472\videoos.recorder.unittests.dll" id="83d52e5a-0e5b-0d3b-6b66-ed39b4ae6d97">
      <Execution id="68c706d9-6709-4915-9e1c-791fe0061ef1" />
      <TestMethod codeBase="D:\actions-runner\_work\XPCO\XPCO\Corporate\RecordingServer\RecorderService\tst\VideoOS.Recorder.UnitTests\bin\x64\Debug\net472\VideoOS.Recorder.UnitTests.dll" adapterTypeName="executor://mstestadapter/v2" className="VideoOS.Recorder.UnitTests.WebServer.MediaDbUtilUnitTests" name="MediaDbUtil_MultitrackNavigation_Scenario17" />
    </UnitTest>
    <UnitTest name="SOAPCommandRequestHandler_ExecuteFunction_HandlePTZActivatePatrollingSchema_Success" storage="d:\actions-runner\_work\xpco\xpco\corporate\recordingserver\recorderservice\tst\videoos.recorder.unittests\bin\x64\debug\net472\videoos.recorder.unittests.dll" id="9a7f531b-ea36-d689-2c39-a36875a895bb">
      <Execution id="56edb0fe-9039-4d11-9bd8-d5de93febebd" />
      <TestMethod codeBase="D:\actions-runner\_work\XPCO\XPCO\Corporate\RecordingServer\RecorderService\tst\VideoOS.Recorder.UnitTests\bin\x64\Debug\net472\VideoOS.Recorder.UnitTests.dll" adapterTypeName="executor://mstestadapter/v2" className="VideoOS.Recorder.UnitTests.WebServer.SOAPCommandRequestHandlerTests" name="SOAPCommandRequestHandler_ExecuteFunction_HandlePTZActivatePatrollingSchema_Success" />
    </UnitTest>
    <UnitTest name="SetTransactionId_Works" storage="d:\actions-runner\_work\xpco\xpco\corporate\recordingserver\recorderservice\tst\videoos.recorder.unittests\bin\x64\debug\net472\videoos.recorder.unittests.dll" id="98f2e5ed-1941-76bc-7c6c-47f3b873fdb1">
      <TestCategory>
        <TestCategoryItem TestCategory="KeyframeRecording" />
      </TestCategory>
      <Execution id="7f81c1d3-dc50-4fe9-bdff-f9f6e213454b" />
      <TestMethod codeBase="D:\actions-runner\_work\XPCO\XPCO\Corporate\RecordingServer\RecorderService\tst\VideoOS.Recorder.UnitTests\bin\x64\Debug\net472\VideoOS.Recorder.UnitTests.dll" adapterTypeName="executor://mstestadapter/v2" className="VideoOS.Recorder.UnitTests.StateEvaluation.DeviceRecordKeyframesStateEvaluatorTests" name="SetTransactionId_Works" />
    </UnitTest>
    <UnitTest name="MediaDbUtil_MultitrackNavigation_Scenario01" storage="d:\actions-runner\_work\xpco\xpco\corporate\recordingserver\recorderservice\tst\videoos.recorder.unittests\bin\x64\debug\net472\videoos.recorder.unittests.dll" id="6b8858ed-d5a4-a587-1075-9d783af2956e">
      <Execution id="931eb32f-e384-4c7c-bf4c-51c7a005004e" />
      <TestMethod codeBase="D:\actions-runner\_work\XPCO\XPCO\Corporate\RecordingServer\RecorderService\tst\VideoOS.Recorder.UnitTests\bin\x64\Debug\net472\VideoOS.Recorder.UnitTests.dll" adapterTypeName="executor://mstestadapter/v2" className="VideoOS.Recorder.UnitTests.WebServer.MediaDbUtilUnitTests" name="MediaDbUtil_MultitrackNavigation_Scenario01" />
    </UnitTest>
    <UnitTest name="DatabaseoperationCommandhandler_DiskUsageInformationTablesPerStorage_AllSuccess" storage="d:\actions-runner\_work\xpco\xpco\corporate\recordingserver\recorderservice\tst\videoos.recorder.unittests\bin\x64\debug\net472\videoos.recorder.unittests.dll" id="7d003dee-7248-76af-b4ef-f456139d750f">
      <Execution id="59397cea-3572-469a-a401-eca95d969ca6" />
      <TestMethod codeBase="D:\actions-runner\_work\XPCO\XPCO\Corporate\RecordingServer\RecorderService\tst\VideoOS.Recorder.UnitTests\bin\x64\Debug\net472\VideoOS.Recorder.UnitTests.dll" adapterTypeName="executor://mstestadapter/v2" className="VideoOS.Recorder.UnitTests.Command.DatabaseOperationCommandHandlerUnitTests" name="DatabaseoperationCommandhandler_DiskUsageInformationTablesPerStorage_AllSuccess" />
    </UnitTest>
    <UnitTest name="RecordingStorageDeviceLinkEntries_Add_Null_Throws_ArgumentNullException" storage="d:\actions-runner\_work\xpco\xpco\corporate\recordingserver\recorderservice\tst\videoos.recorder.unittests\bin\x64\debug\net472\videoos.recorder.unittests.dll" id="d8099ce0-3d7b-3f16-2d50-6618d96e18aa">
      <Execution id="02d04d7e-34af-406d-9248-884f2447766a" />
      <TestMethod codeBase="D:\actions-runner\_work\XPCO\XPCO\Corporate\RecordingServer\RecorderService\tst\VideoOS.Recorder.UnitTests\bin\x64\Debug\net472\VideoOS.Recorder.UnitTests.dll" adapterTypeName="executor://mstestadapter/v2" className="VideoOS.Recorder.UnitTests.RecordingStorageDeviceLinkEntriesTests" name="RecordingStorageDeviceLinkEntries_Add_Null_Throws_ArgumentNullException" />
    </UnitTest>
    <UnitTest name="SOAPCommandRequestHandler_ExecuteFunction_HandleInputGetState_NotAvailable_Success" storage="d:\actions-runner\_work\xpco\xpco\corporate\recordingserver\recorderservice\tst\videoos.recorder.unittests\bin\x64\debug\net472\videoos.recorder.unittests.dll" id="f916698f-dd5d-8796-5425-1978a515b4f7">
      <Execution id="c57eefc9-03ce-46b1-aac7-319cfc5bd49f" />
      <TestMethod codeBase="D:\actions-runner\_work\XPCO\XPCO\Corporate\RecordingServer\RecorderService\tst\VideoOS.Recorder.UnitTests\bin\x64\Debug\net472\VideoOS.Recorder.UnitTests.dll" adapterTypeName="executor://mstestadapter/v2" className="VideoOS.Recorder.UnitTests.WebServer.SOAPCommandRequestHandlerTests" name="SOAPCommandRequestHandler_ExecuteFunction_HandleInputGetState_NotAvailable_Success" />
    </UnitTest>
    <UnitTest name="GetHardwareUsersCommandHandler_Execute_InvalidUser_NoUserLevel_ExpectedUsersReturned" storage="d:\actions-runner\_work\xpco\xpco\corporate\recordingserver\recorderservice\tst\videoos.recorder.unittests\bin\x64\debug\net472\videoos.recorder.unittests.dll" id="347818dd-a036-264a-54ab-209d7e8f95de">
      <Execution id="244dc77e-7e2b-426f-891f-743aad2d4b00" />
      <TestMethod codeBase="D:\actions-runner\_work\XPCO\XPCO\Corporate\RecordingServer\RecorderService\tst\VideoOS.Recorder.UnitTests\bin\x64\Debug\net472\VideoOS.Recorder.UnitTests.dll" adapterTypeName="executor://mstestadapter/v2" className="VideoOS.Recorder.UnitTests.Command.GetHardwareUsersCommandHandlerUnitTests" name="GetHardwareUsersCommandHandler_Execute_InvalidUser_NoUserLevel_ExpectedUsersReturned" />
    </UnitTest>
    <UnitTest name="DriverProxyInstanceManager_AddSameHardwareTwice_RemoveOnce_HardwareStillThere" storage="d:\actions-runner\_work\xpco\xpco\corporate\recordingserver\recorderservice\tst\videoos.recorder.unittests\bin\x64\debug\net472\videoos.recorder.unittests.dll" id="7b9aa6b6-e583-d3a0-95ca-64d6ee50fec3">
      <Execution id="7a2752a2-cf3c-4c98-9d91-4f5548cdbb0a" />
      <TestMethod codeBase="D:\actions-runner\_work\XPCO\XPCO\Corporate\RecordingServer\RecorderService\tst\VideoOS.Recorder.UnitTests\bin\x64\Debug\net472\VideoOS.Recorder.UnitTests.dll" adapterTypeName="executor://mstestadapter/v2" className="VideoOS.Recorder.UnitTests.DriverProxyInstanceManagerTests" name="DriverProxyInstanceManager_AddSameHardwareTwice_RemoveOnce_HardwareStillThere" />
    </UnitTest>
    <UnitTest name="TimeRangeConversionRangeEndTimeBeforeRangeStartTime" storage="d:\actions-runner\_work\xpco\xpco\corporate\recordingserver\recorderservice\tst\videoos.recorder.unittests\bin\x64\debug\net472\videoos.recorder.unittests.dll" id="426f4262-ea97-4220-480b-e6f36c13c52d">
      <TestCategory>
        <TestCategoryItem TestCategory="TimeRangeConversion" />
      </TestCategory>
      <Execution id="e43ca1b4-d831-4717-8da8-b9fac58513fa" />
      <TestMethod codeBase="D:\actions-runner\_work\XPCO\XPCO\Corporate\RecordingServer\RecorderService\tst\VideoOS.Recorder.UnitTests\bin\x64\Debug\net472\VideoOS.Recorder.UnitTests.dll" adapterTypeName="executor://mstestadapter/v2" className="VideoOS.Recorder.UnitTests.TimeRangeConversionTests.TimeRangeConversionTests" name="TimeRangeConversionRangeEndTimeBeforeRangeStartTime" />
    </UnitTest>
    <UnitTest name="ReapplySettings_Success" storage="d:\actions-runner\_work\xpco\xpco\corporate\recordingserver\recorderservice\tst\videoos.recorder.unittests\bin\x64\debug\net472\videoos.recorder.unittests.dll" id="f52e5508-483e-5f8a-fe5f-07b51e6bb60a">
      <Execution id="5e467edd-1318-492d-b456-095107c8d04c" />
      <TestMethod codeBase="D:\actions-runner\_work\XPCO\XPCO\Corporate\RecordingServer\RecorderService\tst\VideoOS.Recorder.UnitTests\bin\x64\Debug\net472\VideoOS.Recorder.UnitTests.dll" adapterTypeName="executor://mstestadapter/v2" className="VideoOS.Recorder.UnitTests.Command.ReapplySettingsCommandHandlerTest" name="ReapplySettings_Success" />
    </UnitTest>
    <UnitTest name="HardwareScanSession_TestProgressRounding" storage="d:\actions-runner\_work\xpco\xpco\corporate\recordingserver\recorderservice\tst\videoos.recorder.unittests\bin\x64\debug\net472\videoos.recorder.unittests.dll" id="ba6364de-61ad-cb1b-3aa7-78b11d2b9520">
      <Execution id="2ee3b6de-1f45-41f8-a5f4-e80b8b0ec74d" />
      <TestMethod codeBase="D:\actions-runner\_work\XPCO\XPCO\Corporate\RecordingServer\RecorderService\tst\VideoOS.Recorder.UnitTests\bin\x64\Debug\net472\VideoOS.Recorder.UnitTests.dll" adapterTypeName="executor://mstestadapter/v2" className="VideoOS.Recorder.UnitTests.DeviceDiscovery.HardwareScanSessionTests" name="HardwareScanSession_TestProgressRounding" />
    </UnitTest>
    <UnitTest name="SOAPCommandRequestHandler_ExecuteFunction_HandleSendDriverCommandWithResponse_NoParameter" storage="d:\actions-runner\_work\xpco\xpco\corporate\recordingserver\recorderservice\tst\videoos.recorder.unittests\bin\x64\debug\net472\videoos.recorder.unittests.dll" id="ad5a5be8-a30a-a4cb-20d4-8a1ff6c5dffb">
      <Execution id="fd5c8ae0-d64b-4a2d-9f77-e09bc7522def" />
      <TestMethod codeBase="D:\actions-runner\_work\XPCO\XPCO\Corporate\RecordingServer\RecorderService\tst\VideoOS.Recorder.UnitTests\bin\x64\Debug\net472\VideoOS.Recorder.UnitTests.dll" adapterTypeName="executor://mstestadapter/v2" className="VideoOS.Recorder.UnitTests.WebServer.SOAPCommandRequestHandlerTests" name="SOAPCommandRequestHandler_ExecuteFunction_HandleSendDriverCommandWithResponse_NoParameter" />
    </UnitTest>
    <UnitTest name="GetDatabaseInfo_BankID_NotGuid" storage="d:\actions-runner\_work\xpco\xpco\corporate\recordingserver\recorderservice\tst\videoos.recorder.unittests\bin\x64\debug\net472\videoos.recorder.unittests.dll" id="0f9a2ddb-a9cb-d21e-eae3-4e8bb305fc77">
      <Execution id="4c25b731-7f19-4104-90de-0a3164862c9b" />
      <TestMethod codeBase="D:\actions-runner\_work\XPCO\XPCO\Corporate\RecordingServer\RecorderService\tst\VideoOS.Recorder.UnitTests\bin\x64\Debug\net472\VideoOS.Recorder.UnitTests.dll" adapterTypeName="executor://mstestadapter/v2" className="VideoOS.Recorder.UnitTests.MediaDbEventProcessorTests" name="GetDatabaseInfo_BankID_NotGuid" />
    </UnitTest>
    <UnitTest name="ReapplyHardwareSettingsManager_SetConfiguration_Disabled_Success" storage="d:\actions-runner\_work\xpco\xpco\corporate\recordingserver\recorderservice\tst\videoos.recorder.unittests\bin\x64\debug\net472\videoos.recorder.unittests.dll" id="3fe64d8e-e699-3d99-4cb6-893ec473e572">
      <Execution id="1e3be44d-b59e-40b1-b82a-1777f63e0e5e" />
      <TestMethod codeBase="D:\actions-runner\_work\XPCO\XPCO\Corporate\RecordingServer\RecorderService\tst\VideoOS.Recorder.UnitTests\bin\x64\Debug\net472\VideoOS.Recorder.UnitTests.dll" adapterTypeName="executor://mstestadapter/v2" className="VideoOS.Recorder.UnitTests.ReapplyHardwareSettingsManagerTests" name="ReapplyHardwareSettingsManager_SetConfiguration_Disabled_Success" />
    </UnitTest>
    <UnitTest name="PtzReleaseSessionCommandHandler_Execute_PtzException_DeviceNotFound" storage="d:\actions-runner\_work\xpco\xpco\corporate\recordingserver\recorderservice\tst\videoos.recorder.unittests\bin\x64\debug\net472\videoos.recorder.unittests.dll" id="9c45b0c8-12b8-8fcf-083e-1340d17c7f0f">
      <Execution id="46f329da-2863-41a8-804d-d413a07784b8" />
      <TestMethod codeBase="D:\actions-runner\_work\XPCO\XPCO\Corporate\RecordingServer\RecorderService\tst\VideoOS.Recorder.UnitTests\bin\x64\Debug\net472\VideoOS.Recorder.UnitTests.dll" adapterTypeName="executor://mstestadapter/v2" className="VideoOS.Recorder.UnitTests.Command.PtzReleaseSessionCommandHandlerTest" name="PtzReleaseSessionCommandHandler_Execute_PtzException_DeviceNotFound" />
    </UnitTest>
    <UnitTest name="SOAPCommandRequestHandler_ExecuteFunction_HandleSequencesGetAround_No_Microphone_Security" storage="d:\actions-runner\_work\xpco\xpco\corporate\recordingserver\recorderservice\tst\videoos.recorder.unittests\bin\x64\debug\net472\videoos.recorder.unittests.dll" id="02b2d151-667f-bb4d-f1d9-e5515851b4c2">
      <Execution id="4d2c46ba-0125-4698-af6a-f1539c3fe089" />
      <TestMethod codeBase="D:\actions-runner\_work\XPCO\XPCO\Corporate\RecordingServer\RecorderService\tst\VideoOS.Recorder.UnitTests\bin\x64\Debug\net472\VideoOS.Recorder.UnitTests.dll" adapterTypeName="executor://mstestadapter/v2" className="VideoOS.Recorder.UnitTests.WebServer.SOAPCommandRequestHandlerTests" name="SOAPCommandRequestHandler_ExecuteFunction_HandleSequencesGetAround_No_Microphone_Security" />
    </UnitTest>
    <UnitTest name="PtzManagerDataHolder_GetPtzDevice_Success" storage="d:\actions-runner\_work\xpco\xpco\corporate\recordingserver\recorderservice\tst\videoos.recorder.unittests\bin\x64\debug\net472\videoos.recorder.unittests.dll" id="2e1beb03-23a6-d8e3-309a-84859d36c4b5">
      <Execution id="79e632d8-1917-48f9-bd92-72517e36cceb" />
      <TestMethod codeBase="D:\actions-runner\_work\XPCO\XPCO\Corporate\RecordingServer\RecorderService\tst\VideoOS.Recorder.UnitTests\bin\x64\Debug\net472\VideoOS.Recorder.UnitTests.dll" adapterTypeName="executor://mstestadapter/v2" className="VideoOS.Recorder.UnitTests.Command.PtzManagerDataHolderTest" name="PtzManagerDataHolder_GetPtzDevice_Success" />
    </UnitTest>
    <UnitTest name="ConfigurationDatasetHolder_ApplyTableDistribution_WithDistributions_Success" storage="d:\actions-runner\_work\xpco\xpco\corporate\recordingserver\recorderservice\tst\videoos.recorder.unittests\bin\x64\debug\net472\videoos.recorder.unittests.dll" id="3714ded7-c269-e338-b793-f93faddd2b7c">
      <Execution id="a513f1aa-742d-46eb-8498-03c8f2779bae" />
      <TestMethod codeBase="D:\actions-runner\_work\XPCO\XPCO\Corporate\RecordingServer\RecorderService\tst\VideoOS.Recorder.UnitTests\bin\x64\Debug\net472\VideoOS.Recorder.UnitTests.dll" adapterTypeName="executor://mstestadapter/v2" className="VideoOS.Recorder.UnitTests.ConfigurationDatasetHolderUnitTests" name="ConfigurationDatasetHolder_ApplyTableDistribution_WithDistributions_Success" />
    </UnitTest>
    <UnitTest name="MediaDbCache_GetListFileSystemDiskUsage_Zero_Seconds_Timeout_Nothing_Cached" storage="d:\actions-runner\_work\xpco\xpco\corporate\recordingserver\recorderservice\tst\videoos.recorder.unittests\bin\x64\debug\net472\videoos.recorder.unittests.dll" id="e26a4203-5001-22a5-7812-e9bd56c9227f">
      <Execution id="6f5e39c9-79fa-44a8-9cdf-817d320688df" />
      <TestMethod codeBase="D:\actions-runner\_work\XPCO\XPCO\Corporate\RecordingServer\RecorderService\tst\VideoOS.Recorder.UnitTests\bin\x64\Debug\net472\VideoOS.Recorder.UnitTests.dll" adapterTypeName="executor://mstestadapter/v2" className="VideoOS.Recorder.UnitTests.Database.MediaDbCacheUnitTests" name="MediaDbCache_GetListFileSystemDiskUsage_Zero_Seconds_Timeout_Nothing_Cached" />
    </UnitTest>
    <UnitTest name="HardwareScanSession_TestStopWithoutStart" storage="d:\actions-runner\_work\xpco\xpco\corporate\recordingserver\recorderservice\tst\videoos.recorder.unittests\bin\x64\debug\net472\videoos.recorder.unittests.dll" id="aba52ee4-f6f5-ae12-1c3c-1f0f18673b2e">
      <Execution id="2c206af6-27cc-42cf-a849-cec53deaee3f" />
      <TestMethod codeBase="D:\actions-runner\_work\XPCO\XPCO\Corporate\RecordingServer\RecorderService\tst\VideoOS.Recorder.UnitTests\bin\x64\Debug\net472\VideoOS.Recorder.UnitTests.dll" adapterTypeName="executor://mstestadapter/v2" className="VideoOS.Recorder.UnitTests.DeviceDiscovery.HardwareScanSessionTests" name="HardwareScanSession_TestStopWithoutStart" />
    </UnitTest>
    <UnitTest name="SOAPCommandRequestHandler_ExecuteFunction_HandleSequencesGet_NoSequenceType" storage="d:\actions-runner\_work\xpco\xpco\corporate\recordingserver\recorderservice\tst\videoos.recorder.unittests\bin\x64\debug\net472\videoos.recorder.unittests.dll" id="5644bee5-96be-722c-547e-3b18bbd3aeb3">
      <Execution id="4d1c238e-639d-4379-a701-f66b66890228" />
      <TestMethod codeBase="D:\actions-runner\_work\XPCO\XPCO\Corporate\RecordingServer\RecorderService\tst\VideoOS.Recorder.UnitTests\bin\x64\Debug\net472\VideoOS.Recorder.UnitTests.dll" adapterTypeName="executor://mstestadapter/v2" className="VideoOS.Recorder.UnitTests.WebServer.SOAPCommandRequestHandlerTests" name="SOAPCommandRequestHandler_ExecuteFunction_HandleSequencesGet_NoSequenceType" />
    </UnitTest>
    <UnitTest name="SmartSearchHandlerHasMotionThrowsOutOfMemoryException" storage="d:\actions-runner\_work\xpco\xpco\corporate\recordingserver\recorderservice\tst\videoos.recorder.unittests\bin\x64\debug\net472\videoos.recorder.unittests.dll" id="c2e218d2-8bd8-8ca2-67b2-1912b12ff924">
      <TestCategory>
        <TestCategoryItem TestCategory="SmartSearch" />
      </TestCategory>
      <Execution id="011d0c38-a4a7-4637-93ae-9d5c16e5e87b" />
      <TestMethod codeBase="D:\actions-runner\_work\XPCO\XPCO\Corporate\RecordingServer\RecorderService\tst\VideoOS.Recorder.UnitTests\bin\x64\Debug\net472\VideoOS.Recorder.UnitTests.dll" adapterTypeName="executor://mstestadapter/v2" className="VideoOS.Recorder.UnitTests.SmartSearch.SmartSearchHandlerTest" name="SmartSearchHandlerHasMotionThrowsOutOfMemoryException" />
    </UnitTest>
    <UnitTest name="PtzManager_GetPtzSessionState_Controller_Not_Found" storage="d:\actions-runner\_work\xpco\xpco\corporate\recordingserver\recorderservice\tst\videoos.recorder.unittests\bin\x64\debug\net472\videoos.recorder.unittests.dll" id="5db4760d-91fc-1552-e689-5c77a3e83f55">
      <Execution id="c2848cb8-4be1-4599-9361-eccb0ade9ad8" />
      <TestMethod codeBase="D:\actions-runner\_work\XPCO\XPCO\Corporate\RecordingServer\RecorderService\tst\VideoOS.Recorder.UnitTests\bin\x64\Debug\net472\VideoOS.Recorder.UnitTests.dll" adapterTypeName="executor://mstestadapter/v2" className="VideoOS.Recorder.UnitTests.Command.PtzManagerTests" name="PtzManager_GetPtzSessionState_Controller_Not_Found" />
    </UnitTest>
    <UnitTest name="SOAPCommandRequestHandler_ExecuteFunction_HandleTimeLineInformationGet_NoTimeLineInformationIntervalMicroseconds" storage="d:\actions-runner\_work\xpco\xpco\corporate\recordingserver\recorderservice\tst\videoos.recorder.unittests\bin\x64\debug\net472\videoos.recorder.unittests.dll" id="bab03081-5222-5822-1e64-cc780d6de6a9">
      <Execution id="458a04b2-6b91-4f79-a7f6-c9bf4e55141e" />
      <TestMethod codeBase="D:\actions-runner\_work\XPCO\XPCO\Corporate\RecordingServer\RecorderService\tst\VideoOS.Recorder.UnitTests\bin\x64\Debug\net472\VideoOS.Recorder.UnitTests.dll" adapterTypeName="executor://mstestadapter/v2" className="VideoOS.Recorder.UnitTests.WebServer.SOAPCommandRequestHandlerTests" name="SOAPCommandRequestHandler_ExecuteFunction_HandleTimeLineInformationGet_NoTimeLineInformationIntervalMicroseconds" />
    </UnitTest>
    <UnitTest name="SOAPCommandRequestHandler_ExecuteFunction_HandleSequencesGet_Success" storage="d:\actions-runner\_work\xpco\xpco\corporate\recordingserver\recorderservice\tst\videoos.recorder.unittests\bin\x64\debug\net472\videoos.recorder.unittests.dll" id="955020a2-7253-6e7c-7cc3-bbb3a972e209">
      <Execution id="150fd88f-dd0f-4497-aa09-9ba43fe9ff9a" />
      <TestMethod codeBase="D:\actions-runner\_work\XPCO\XPCO\Corporate\RecordingServer\RecorderService\tst\VideoOS.Recorder.UnitTests\bin\x64\Debug\net472\VideoOS.Recorder.UnitTests.dll" adapterTypeName="executor://mstestadapter/v2" className="VideoOS.Recorder.UnitTests.WebServer.SOAPCommandRequestHandlerTests" name="SOAPCommandRequestHandler_ExecuteFunction_HandleSequencesGet_Success" />
    </UnitTest>
    <UnitTest name="SOAPCommandRequestHandler_ExecuteFunction_HandlePTZExtendedManualSession_Success" storage="d:\actions-runner\_work\xpco\xpco\corporate\recordingserver\recorderservice\tst\videoos.recorder.unittests\bin\x64\debug\net472\videoos.recorder.unittests.dll" id="33417da9-8ad8-c514-6a49-2878692f6493">
      <Execution id="2aec4f1c-e6f1-4fea-a584-4381f365794c" />
      <TestMethod codeBase="D:\actions-runner\_work\XPCO\XPCO\Corporate\RecordingServer\RecorderService\tst\VideoOS.Recorder.UnitTests\bin\x64\Debug\net472\VideoOS.Recorder.UnitTests.dll" adapterTypeName="executor://mstestadapter/v2" className="VideoOS.Recorder.UnitTests.WebServer.SOAPCommandRequestHandlerTests" name="SOAPCommandRequestHandler_ExecuteFunction_HandlePTZExtendedManualSession_Success" />
    </UnitTest>
    <UnitTest name="SOAPCommandRequestHandler_ExecuteFunction_HandlePresetMoveTo_NoPresetName" storage="d:\actions-runner\_work\xpco\xpco\corporate\recordingserver\recorderservice\tst\videoos.recorder.unittests\bin\x64\debug\net472\videoos.recorder.unittests.dll" id="02e75450-ec29-44c6-12a5-8d90a0d4833b">
      <Execution id="242a6699-9136-47e6-b6da-77b4596e9095" />
      <TestMethod codeBase="D:\actions-runner\_work\XPCO\XPCO\Corporate\RecordingServer\RecorderService\tst\VideoOS.Recorder.UnitTests\bin\x64\Debug\net472\VideoOS.Recorder.UnitTests.dll" adapterTypeName="executor://mstestadapter/v2" className="VideoOS.Recorder.UnitTests.WebServer.SOAPCommandRequestHandlerTests" name="SOAPCommandRequestHandler_ExecuteFunction_HandlePresetMoveTo_NoPresetName" />
    </UnitTest>
    <UnitTest name="PtzStopSessionCommandHandler_Execute_No_Security_Token" storage="d:\actions-runner\_work\xpco\xpco\corporate\recordingserver\recorderservice\tst\videoos.recorder.unittests\bin\x64\debug\net472\videoos.recorder.unittests.dll" id="e821b0ad-fab3-7a95-fead-f5d4e3ae6201">
      <Execution id="29469404-73b5-4332-b83c-7cd73b0ac225" />
      <TestMethod codeBase="D:\actions-runner\_work\XPCO\XPCO\Corporate\RecordingServer\RecorderService\tst\VideoOS.Recorder.UnitTests\bin\x64\Debug\net472\VideoOS.Recorder.UnitTests.dll" adapterTypeName="executor://mstestadapter/v2" className="VideoOS.Recorder.UnitTests.Command.PtzStopSessionCommandHandlerTest" name="PtzStopSessionCommandHandler_Execute_No_Security_Token" />
    </UnitTest>
    <UnitTest name="GetNetworkConfigurationCommandHandler_Execute_GetNetworkConfiguration_ThrowsUnknownException_Errors" storage="d:\actions-runner\_work\xpco\xpco\corporate\recordingserver\recorderservice\tst\videoos.recorder.unittests\bin\x64\debug\net472\videoos.recorder.unittests.dll" id="f8798a06-bec2-cdf1-c5c3-040b6bbc7bd3">
      <Execution id="02540e69-f42a-4bf5-ae7b-ad099b5faf59" />
      <TestMethod codeBase="D:\actions-runner\_work\XPCO\XPCO\Corporate\RecordingServer\RecorderService\tst\VideoOS.Recorder.UnitTests\bin\x64\Debug\net472\VideoOS.Recorder.UnitTests.dll" adapterTypeName="executor://mstestadapter/v2" className="VideoOS.Recorder.UnitTests.Command.GetNetworkConfigurationCommandHandlerUnitTests" name="GetNetworkConfigurationCommandHandler_Execute_GetNetworkConfiguration_ThrowsUnknownException_Errors" />
    </UnitTest>
    <UnitTest name="FailoverMediaMover_MoveMediaDataHere_NonExisting_Devices_Deleted" storage="d:\actions-runner\_work\xpco\xpco\corporate\recordingserver\recorderservice\tst\videoos.recorder.unittests\bin\x64\debug\net472\videoos.recorder.unittests.dll" id="5fcba691-5934-5239-5d8d-0dca3db97c9d">
      <Execution id="195c85f0-ccb2-435b-adfc-fd01439d90a1" />
      <TestMethod codeBase="D:\actions-runner\_work\XPCO\XPCO\Corporate\RecordingServer\RecorderService\tst\VideoOS.Recorder.UnitTests\bin\x64\Debug\net472\VideoOS.Recorder.UnitTests.dll" adapterTypeName="executor://mstestadapter/v2" className="VideoOS.Recorder.UnitTests.FailoverMediaMoverUnitTests" name="FailoverMediaMover_MoveMediaDataHere_NonExisting_Devices_Deleted" />
    </UnitTest>
    <UnitTest name="ChangeHardwarePasswordCommandHandler_Execute_ChangePassword_ThrowsGenericPasswordChangeException_Errors" storage="d:\actions-runner\_work\xpco\xpco\corporate\recordingserver\recorderservice\tst\videoos.recorder.unittests\bin\x64\debug\net472\videoos.recorder.unittests.dll" id="bef0bbff-f002-152e-ce19-e6f05bc7e7a2">
      <Execution id="b85bc378-3331-4117-a3c3-6fe3dfd061c0" />
      <TestMethod codeBase="D:\actions-runner\_work\XPCO\XPCO\Corporate\RecordingServer\RecorderService\tst\VideoOS.Recorder.UnitTests\bin\x64\Debug\net472\VideoOS.Recorder.UnitTests.dll" adapterTypeName="executor://mstestadapter/v2" className="VideoOS.Recorder.UnitTests.Command.ChangeHardwarePasswordCommandHandlerUnitTests" name="ChangeHardwarePasswordCommandHandler_Execute_ChangePassword_ThrowsGenericPasswordChangeException_Errors" />
    </UnitTest>
    <UnitTest name="SOAPCommandRequestHandler_ExecuteFunction_HandleTimeLineInformationGet_NoTimeLineInformationBeginTime" storage="d:\actions-runner\_work\xpco\xpco\corporate\recordingserver\recorderservice\tst\videoos.recorder.unittests\bin\x64\debug\net472\videoos.recorder.unittests.dll" id="92207852-7a2a-2c81-f989-bbdf5da00a26">
      <Execution id="96026e71-cc43-4adc-bae4-d3421ba7d334" />
      <TestMethod codeBase="D:\actions-runner\_work\XPCO\XPCO\Corporate\RecordingServer\RecorderService\tst\VideoOS.Recorder.UnitTests\bin\x64\Debug\net472\VideoOS.Recorder.UnitTests.dll" adapterTypeName="executor://mstestadapter/v2" className="VideoOS.Recorder.UnitTests.WebServer.SOAPCommandRequestHandlerTests" name="SOAPCommandRequestHandler_ExecuteFunction_HandleTimeLineInformationGet_NoTimeLineInformationBeginTime" />
    </UnitTest>
    <UnitTest name="PingDeviceCommandHandler_Constructor_NullArg_Throws" storage="d:\actions-runner\_work\xpco\xpco\corporate\recordingserver\recorderservice\tst\videoos.recorder.unittests\bin\x64\debug\net472\videoos.recorder.unittests.dll" id="e248031a-947f-3c71-ea22-491cef2d0c78">
      <Execution id="10b2e0d9-2396-49b9-8055-35b91371671f" />
      <TestMethod codeBase="D:\actions-runner\_work\XPCO\XPCO\Corporate\RecordingServer\RecorderService\tst\VideoOS.Recorder.UnitTests\bin\x64\Debug\net472\VideoOS.Recorder.UnitTests.dll" adapterTypeName="executor://mstestadapter/v2" className="VideoOS.Recorder.UnitTests.Command.PingDeviceCommandHandlerUnitTests" name="PingDeviceCommandHandler_Constructor_NullArg_Throws" />
    </UnitTest>
    <UnitTest name="ManualPtzPatrollingSessionBase_InternalStopAndMoveToEndPosition_Success" storage="d:\actions-runner\_work\xpco\xpco\corporate\recordingserver\recorderservice\tst\videoos.recorder.unittests\bin\x64\debug\net472\videoos.recorder.unittests.dll" id="ba9cbe70-78a2-d0cf-a0ca-839ed4c4f6b6">
      <Execution id="979cfeb3-70a4-49ea-9293-e0bffe1caa65" />
      <TestMethod codeBase="D:\actions-runner\_work\XPCO\XPCO\Corporate\RecordingServer\RecorderService\tst\VideoOS.Recorder.UnitTests\bin\x64\Debug\net472\VideoOS.Recorder.UnitTests.dll" adapterTypeName="executor://mstestadapter/v2" className="VideoOS.Recorder.UnitTests.Command.PtzSessionsTests" name="ManualPtzPatrollingSessionBase_InternalStopAndMoveToEndPosition_Success" />
    </UnitTest>
    <UnitTest name="QueueCommands_ConnectedAndIncompatible_ShouldNotThrowAnException" storage="d:\actions-runner\_work\xpco\xpco\corporate\recordingserver\recorderservice\tst\videoos.recorder.unittests\bin\x64\debug\net472\videoos.recorder.unittests.dll" id="e834fa8f-c7d5-14b8-347d-2a4019de90d0">
      <Execution id="e60aa661-4a50-4300-8a20-a7b30dacce1e" />
      <TestMethod codeBase="D:\actions-runner\_work\XPCO\XPCO\Corporate\RecordingServer\RecorderService\tst\VideoOS.Recorder.UnitTests\bin\x64\Debug\net472\VideoOS.Recorder.UnitTests.dll" adapterTypeName="executor://mstestadapter/v2" className="VideoOS.Recorder.UnitTests.CommManagerWebApiTests" name="QueueCommands_ConnectedAndIncompatible_ShouldNotThrowAnException" />
    </UnitTest>
    <UnitTest name="ConnectSuccess_Goto_On_Time" storage="d:\actions-runner\_work\xpco\xpco\corporate\recordingserver\recorderservice\tst\videoos.recorder.unittests\bin\x64\debug\net472\videoos.recorder.unittests.dll" id="9702da6a-068b-594c-2b32-0ae0af356556">
      <Execution id="f952b7b8-371d-435b-8ec2-9e49fbf75ebe" />
      <TestMethod codeBase="D:\actions-runner\_work\XPCO\XPCO\Corporate\RecordingServer\RecorderService\tst\VideoOS.Recorder.UnitTests\bin\x64\Debug\net472\VideoOS.Recorder.UnitTests.dll" adapterTypeName="executor://mstestadapter/v2" className="VideoOS.Recorder.UnitTests.WebServer.ImageServerRequestHandlerTests" name="ConnectSuccess_Goto_On_Time" />
    </UnitTest>
    <UnitTest name="HardwareScanSession_TestProgress" storage="d:\actions-runner\_work\xpco\xpco\corporate\recordingserver\recorderservice\tst\videoos.recorder.unittests\bin\x64\debug\net472\videoos.recorder.unittests.dll" id="39ab63ce-4d80-5eef-f7c5-602634b33d26">
      <Execution id="3ecb7a03-d1fb-472b-b6f2-1e1fa0f434fe" />
      <TestMethod codeBase="D:\actions-runner\_work\XPCO\XPCO\Corporate\RecordingServer\RecorderService\tst\VideoOS.Recorder.UnitTests\bin\x64\Debug\net472\VideoOS.Recorder.UnitTests.dll" adapterTypeName="executor://mstestadapter/v2" className="VideoOS.Recorder.UnitTests.DeviceDiscovery.HardwareScanSessionTests" name="HardwareScanSession_TestProgress" />
    </UnitTest>
    <UnitTest name="AudioMessageManager_PlayAudioMessageThread_Stop_During_Play" storage="d:\actions-runner\_work\xpco\xpco\corporate\recordingserver\recorderservice\tst\videoos.recorder.unittests\bin\x64\debug\net472\videoos.recorder.unittests.dll" id="48fa1b99-e905-5cf3-f29e-0622eff8efa2">
      <Execution id="d8feba88-d41c-49eb-8aee-ef930e6d5f40" />
      <TestMethod codeBase="D:\actions-runner\_work\XPCO\XPCO\Corporate\RecordingServer\RecorderService\tst\VideoOS.Recorder.UnitTests\bin\x64\Debug\net472\VideoOS.Recorder.UnitTests.dll" adapterTypeName="executor://mstestadapter/v2" className="VideoOS.Recorder.UnitTests.AudioMessageHandling.AudioMessageManagerTests" name="AudioMessageManager_PlayAudioMessageThread_Stop_During_Play" />
    </UnitTest>
    <UnitTest name="PtzReserveSessionCommandHandler_Constructor_Argument_Exception" storage="d:\actions-runner\_work\xpco\xpco\corporate\recordingserver\recorderservice\tst\videoos.recorder.unittests\bin\x64\debug\net472\videoos.recorder.unittests.dll" id="929307c6-ad1f-d51e-3cc9-c962ec17947c">
      <Execution id="3c00929a-e379-4c32-bed5-54e51ce28c88" />
      <TestMethod codeBase="D:\actions-runner\_work\XPCO\XPCO\Corporate\RecordingServer\RecorderService\tst\VideoOS.Recorder.UnitTests\bin\x64\Debug\net472\VideoOS.Recorder.UnitTests.dll" adapterTypeName="executor://mstestadapter/v2" className="VideoOS.Recorder.UnitTests.Command.PtzReserveSessionCommandHandlerTest" name="PtzReserveSessionCommandHandler_Constructor_Argument_Exception" />
    </UnitTest>
    <UnitTest name="GetHardwareUsersCommandHandler_Execute_HardwareNotStarted_Errors" storage="d:\actions-runner\_work\xpco\xpco\corporate\recordingserver\recorderservice\tst\videoos.recorder.unittests\bin\x64\debug\net472\videoos.recorder.unittests.dll" id="6051dcd5-d20d-d79e-91ad-06dd23111221">
      <Execution id="3bab6c4c-1a07-4ae2-bee5-f565f2ffb4ba" />
      <TestMethod codeBase="D:\actions-runner\_work\XPCO\XPCO\Corporate\RecordingServer\RecorderService\tst\VideoOS.Recorder.UnitTests\bin\x64\Debug\net472\VideoOS.Recorder.UnitTests.dll" adapterTypeName="executor://mstestadapter/v2" className="VideoOS.Recorder.UnitTests.Command.GetHardwareUsersCommandHandlerUnitTests" name="GetHardwareUsersCommandHandler_Execute_HardwareNotStarted_Errors" />
    </UnitTest>
    <UnitTest name="SOAPCommandRequestHandler_ExecuteFunction_HandleSmartSearchStart_NoSearchMaskSizeWidth" storage="d:\actions-runner\_work\xpco\xpco\corporate\recordingserver\recorderservice\tst\videoos.recorder.unittests\bin\x64\debug\net472\videoos.recorder.unittests.dll" id="2222c258-547d-11cd-1386-8c48696d41ad">
      <Execution id="f10976ce-be75-43e0-9375-7b2bb98b0af2" />
      <TestMethod codeBase="D:\actions-runner\_work\XPCO\XPCO\Corporate\RecordingServer\RecorderService\tst\VideoOS.Recorder.UnitTests\bin\x64\Debug\net472\VideoOS.Recorder.UnitTests.dll" adapterTypeName="executor://mstestadapter/v2" className="VideoOS.Recorder.UnitTests.WebServer.SOAPCommandRequestHandlerTests" name="SOAPCommandRequestHandler_ExecuteFunction_HandleSmartSearchStart_NoSearchMaskSizeWidth" />
    </UnitTest>
    <UnitTest name="PtzReleaseSessionCommandHandler_Execute_PtzException_Other" storage="d:\actions-runner\_work\xpco\xpco\corporate\recordingserver\recorderservice\tst\videoos.recorder.unittests\bin\x64\debug\net472\videoos.recorder.unittests.dll" id="3aedff16-e8c8-2c6b-b464-8bea77ab2e19">
      <Execution id="9e5e1b38-b829-433f-bb71-5f30c7bb4885" />
      <TestMethod codeBase="D:\actions-runner\_work\XPCO\XPCO\Corporate\RecordingServer\RecorderService\tst\VideoOS.Recorder.UnitTests\bin\x64\Debug\net472\VideoOS.Recorder.UnitTests.dll" adapterTypeName="executor://mstestadapter/v2" className="VideoOS.Recorder.UnitTests.Command.PtzReleaseSessionCommandHandlerTest" name="PtzReleaseSessionCommandHandler_Execute_PtzException_Other" />
    </UnitTest>
    <UnitTest name="DatabaseTaskCommandHandler_DatabaseArchiveOperationMonitor_Null" storage="d:\actions-runner\_work\xpco\xpco\corporate\recordingserver\recorderservice\tst\videoos.recorder.unittests\bin\x64\debug\net472\videoos.recorder.unittests.dll" id="a3851c78-9194-9a9d-aa83-c312677fda8f">
      <Execution id="5abb9210-a795-43fa-a0b2-c847e357ba1b" />
      <TestMethod codeBase="D:\actions-runner\_work\XPCO\XPCO\Corporate\RecordingServer\RecorderService\tst\VideoOS.Recorder.UnitTests\bin\x64\Debug\net472\VideoOS.Recorder.UnitTests.dll" adapterTypeName="executor://mstestadapter/v2" className="VideoOS.Recorder.UnitTests.Command.DatabaseTaskCommandHandlerTest" name="DatabaseTaskCommandHandler_DatabaseArchiveOperationMonitor_Null" />
    </UnitTest>
    <UnitTest name="PtzManagerDataHolder_GetSchema_Success" storage="d:\actions-runner\_work\xpco\xpco\corporate\recordingserver\recorderservice\tst\videoos.recorder.unittests\bin\x64\debug\net472\videoos.recorder.unittests.dll" id="4faa607d-3aad-d127-7190-31639410f00a">
      <Execution id="66110a80-0caf-401d-badd-257b81d9bb8e" />
      <TestMethod codeBase="D:\actions-runner\_work\XPCO\XPCO\Corporate\RecordingServer\RecorderService\tst\VideoOS.Recorder.UnitTests\bin\x64\Debug\net472\VideoOS.Recorder.UnitTests.dll" adapterTypeName="executor://mstestadapter/v2" className="VideoOS.Recorder.UnitTests.Command.PtzManagerDataHolderTest" name="PtzManagerDataHolder_GetSchema_Success" />
    </UnitTest>
    <UnitTest name="MediaDbUtil_MultitrackNavigation_Scenario09" storage="d:\actions-runner\_work\xpco\xpco\corporate\recordingserver\recorderservice\tst\videoos.recorder.unittests\bin\x64\debug\net472\videoos.recorder.unittests.dll" id="0c252cc1-772e-53db-c61b-e410485fc71c">
      <Execution id="3ff013dc-0243-4e7d-9d65-bcbc26a2686f" />
      <TestMethod codeBase="D:\actions-runner\_work\XPCO\XPCO\Corporate\RecordingServer\RecorderService\tst\VideoOS.Recorder.UnitTests\bin\x64\Debug\net472\VideoOS.Recorder.UnitTests.dll" adapterTypeName="executor://mstestadapter/v2" className="VideoOS.Recorder.UnitTests.WebServer.MediaDbUtilUnitTests" name="MediaDbUtil_MultitrackNavigation_Scenario09" />
    </UnitTest>
    <UnitTest name="ConnectUpdate_Shutdown_TokenUnavailable" storage="d:\actions-runner\_work\xpco\xpco\corporate\recordingserver\recorderservice\tst\videoos.recorder.unittests\bin\x64\debug\net472\videoos.recorder.unittests.dll" id="87d34b34-bc3d-f774-26c8-418c7975eb86">
      <Execution id="193a546a-7124-4c21-b429-e64650028bbb" />
      <TestMethod codeBase="D:\actions-runner\_work\XPCO\XPCO\Corporate\RecordingServer\RecorderService\tst\VideoOS.Recorder.UnitTests\bin\x64\Debug\net472\VideoOS.Recorder.UnitTests.dll" adapterTypeName="executor://mstestadapter/v2" className="VideoOS.Recorder.UnitTests.WebServer.ImageServerRequestHandlerTests" name="ConnectUpdate_Shutdown_TokenUnavailable" />
    </UnitTest>
    <UnitTest name="AudioPlayerOnSpeaker_PlayUsingCurrentThread" storage="d:\actions-runner\_work\xpco\xpco\corporate\recordingserver\recorderservice\tst\videoos.recorder.unittests\bin\x64\debug\net472\videoos.recorder.unittests.dll" id="d8e46ffd-6776-a2cc-a5b4-d675b58a111e">
      <Execution id="124f5c5d-a15c-4914-8aca-fa027e8d045a" />
      <TestMethod codeBase="D:\actions-runner\_work\XPCO\XPCO\Corporate\RecordingServer\RecorderService\tst\VideoOS.Recorder.UnitTests\bin\x64\Debug\net472\VideoOS.Recorder.UnitTests.dll" adapterTypeName="executor://mstestadapter/v2" className="VideoOS.Recorder.UnitTests.AudioMessageHandling.AudioPlayerOnSpeakerTests" name="AudioPlayerOnSpeaker_PlayUsingCurrentThread" />
    </UnitTest>
    <UnitTest name="RecorderAttach_ModelIsNull_BadRequestResult" storage="d:\actions-runner\_work\xpco\xpco\corporate\recordingserver\recorderservice\tst\videoos.recorder.unittests\bin\x64\debug\net472\videoos.recorder.unittests.dll" id="77432722-5cee-d8a5-8112-a3e739445bce">
      <Execution id="7e41f453-86b7-4add-87a9-8f713bad91ab" />
      <TestMethod codeBase="D:\actions-runner\_work\XPCO\XPCO\Corporate\RecordingServer\RecorderService\tst\VideoOS.Recorder.UnitTests\bin\x64\Debug\net472\VideoOS.Recorder.UnitTests.dll" adapterTypeName="executor://mstestadapter/v2" className="VideoOS.Recorder.UnitTests.RecorderControllerTests" name="RecorderAttach_ModelIsNull_BadRequestResult" />
    </UnitTest>
    <UnitTest name="MediaDbUtil_MultitrackNavigation_Scenario13" storage="d:\actions-runner\_work\xpco\xpco\corporate\recordingserver\recorderservice\tst\videoos.recorder.unittests\bin\x64\debug\net472\videoos.recorder.unittests.dll" id="fd03b6cc-d5fd-17ab-5f8a-fdc3bbc35099">
      <Execution id="0314ad42-f918-41ba-8e89-ca69bba2121a" />
      <TestMethod codeBase="D:\actions-runner\_work\XPCO\XPCO\Corporate\RecordingServer\RecorderService\tst\VideoOS.Recorder.UnitTests\bin\x64\Debug\net472\VideoOS.Recorder.UnitTests.dll" adapterTypeName="executor://mstestadapter/v2" className="VideoOS.Recorder.UnitTests.WebServer.MediaDbUtilUnitTests" name="MediaDbUtil_MultitrackNavigation_Scenario13" />
    </UnitTest>
    <UnitTest name="DiffGramToApplyToOrigionalDataSetToMakeItIdenticalWithNewDataSet_HandleAddedRows" storage="d:\actions-runner\_work\xpco\xpco\corporate\recordingserver\recorderservice\tst\videoos.recorder.unittests\bin\x64\debug\net472\videoos.recorder.unittests.dll" id="e11f5d05-8169-5ff7-5ee7-033c8b181a6d">
      <Execution id="4558b752-eac0-4e73-8e91-e63500f55dba" />
      <TestMethod codeBase="D:\actions-runner\_work\XPCO\XPCO\Corporate\RecordingServer\RecorderService\tst\VideoOS.Recorder.UnitTests\bin\x64\Debug\net472\VideoOS.Recorder.UnitTests.dll" adapterTypeName="executor://mstestadapter/v2" className="VideoOS.Recorder.UnitTests.DataSetUtilityUnitTests" name="DiffGramToApplyToOrigionalDataSetToMakeItIdenticalWithNewDataSet_HandleAddedRows" />
    </UnitTest>
    <UnitTest name="ArchiveSessionEnded_Success" storage="d:\actions-runner\_work\xpco\xpco\corporate\recordingserver\recorderservice\tst\videoos.recorder.unittests\bin\x64\debug\net472\videoos.recorder.unittests.dll" id="54d4647f-2aaa-172d-abd6-1a48951c3396">
      <Execution id="a2740b6a-69f8-417e-82a6-238667ef0602" />
      <TestMethod codeBase="D:\actions-runner\_work\XPCO\XPCO\Corporate\RecordingServer\RecorderService\tst\VideoOS.Recorder.UnitTests\bin\x64\Debug\net472\VideoOS.Recorder.UnitTests.dll" adapterTypeName="executor://mstestadapter/v2" className="VideoOS.Recorder.UnitTests.MediaDbEventProcessorTests" name="ArchiveSessionEnded_Success" />
    </UnitTest>
    <UnitTest name="AdaptiveStreamingTypeResolution" storage="d:\actions-runner\_work\xpco\xpco\corporate\recordingserver\recorderservice\tst\videoos.recorder.unittests\bin\x64\debug\net472\videoos.recorder.unittests.dll" id="408c97e1-eb94-3e13-4f85-d55ace841e06">
      <Execution id="25e03ba5-5795-4973-a231-8be596110fdb" />
      <TestMethod codeBase="D:\actions-runner\_work\XPCO\XPCO\Corporate\RecordingServer\RecorderService\tst\VideoOS.Recorder.UnitTests\bin\x64\Debug\net472\VideoOS.Recorder.UnitTests.dll" adapterTypeName="executor://mstestadapter/v2" className="VideoOS.Recorder.UnitTests.WebServer.AdaptiveStreamingUnitTests" name="AdaptiveStreamingTypeResolution" />
    </UnitTest>
    <UnitTest name="PtzManager_CenterOnPositionInView_Success" storage="d:\actions-runner\_work\xpco\xpco\corporate\recordingserver\recorderservice\tst\videoos.recorder.unittests\bin\x64\debug\net472\videoos.recorder.unittests.dll" id="0310679b-97d1-3985-df48-7100e36612f8">
      <Execution id="7a8ed2c6-2347-4e18-8638-03ae3517b7dd" />
      <TestMethod codeBase="D:\actions-runner\_work\XPCO\XPCO\Corporate\RecordingServer\RecorderService\tst\VideoOS.Recorder.UnitTests\bin\x64\Debug\net472\VideoOS.Recorder.UnitTests.dll" adapterTypeName="executor://mstestadapter/v2" className="VideoOS.Recorder.UnitTests.Command.PtzManagerTests" name="PtzManager_CenterOnPositionInView_Success" />
    </UnitTest>
    <UnitTest name="PipelineEventSource_InitializationTest" storage="d:\actions-runner\_work\xpco\xpco\corporate\recordingserver\recorderservice\tst\videoos.recorder.unittests\bin\x64\debug\net472\videoos.recorder.unittests.dll" id="b3878c29-14ab-db60-6faa-179c0a00f93e">
      <Execution id="84cc476d-dd2b-497c-b58a-0dd9e680604d" />
      <TestMethod codeBase="D:\actions-runner\_work\XPCO\XPCO\Corporate\RecordingServer\RecorderService\tst\VideoOS.Recorder.UnitTests\bin\x64\Debug\net472\VideoOS.Recorder.UnitTests.dll" adapterTypeName="executor://mstestadapter/v2" className="VideoOS.Recorder.UnitTests.Tracing.GeneralTracingTests" name="PipelineEventSource_InitializationTest" />
    </UnitTest>
    <UnitTest name="EdgeStorageLimitsManagerGetLimitsCheckConfigUpdatesParallelLimitSame" storage="d:\actions-runner\_work\xpco\xpco\corporate\recordingserver\recorderservice\tst\videoos.recorder.unittests\bin\x64\debug\net472\videoos.recorder.unittests.dll" id="7ae16e9a-51a3-b632-f70e-7bae9358417b">
      <TestCategory>
        <TestCategoryItem TestCategory="EdgeStorageLimits" />
      </TestCategory>
      <Execution id="658502d0-3edc-42a1-9c36-7f7232ed9c36" />
      <TestMethod codeBase="D:\actions-runner\_work\XPCO\XPCO\Corporate\RecordingServer\RecorderService\tst\VideoOS.Recorder.UnitTests\bin\x64\Debug\net472\VideoOS.Recorder.UnitTests.dll" adapterTypeName="executor://mstestadapter/v2" className="VideoOS.Recorder.UnitTests.EdgeStorage.EdgeStorageLimitTests" name="EdgeStorageLimitsManagerGetLimitsCheckConfigUpdatesParallelLimitSame" />
    </UnitTest>
    <UnitTest name="CheckForLiveAndOrphanTables_CreateMissingTable_MoveHw" storage="d:\actions-runner\_work\xpco\xpco\corporate\recordingserver\recorderservice\tst\videoos.recorder.unittests\bin\x64\debug\net472\videoos.recorder.unittests.dll" id="650b2554-02d7-52d8-edb9-78b1fa4e805c">
      <Execution id="f0ae6e8c-da0d-4b2f-83bb-d2262fc6185b" />
      <TestMethod codeBase="D:\actions-runner\_work\XPCO\XPCO\Corporate\RecordingServer\RecorderService\tst\VideoOS.Recorder.UnitTests\bin\x64\Debug\net472\VideoOS.Recorder.UnitTests.dll" adapterTypeName="executor://mstestadapter/v2" className="VideoOS.Recorder.UnitTests.ObjectModel.MediaDbManagerUnitTests" name="CheckForLiveAndOrphanTables_CreateMissingTable_MoveHw" />
    </UnitTest>
    <UnitTest name="DatabaseoperationCommandhandler_VerifyPath_DatabaseException_ReturnErrorResponse" storage="d:\actions-runner\_work\xpco\xpco\corporate\recordingserver\recorderservice\tst\videoos.recorder.unittests\bin\x64\debug\net472\videoos.recorder.unittests.dll" id="b61cc474-cc1d-c977-712d-e01d48b4cf8a">
      <Execution id="a233c089-42cd-40ec-a57f-4e8765db55cf" />
      <TestMethod codeBase="D:\actions-runner\_work\XPCO\XPCO\Corporate\RecordingServer\RecorderService\tst\VideoOS.Recorder.UnitTests\bin\x64\Debug\net472\VideoOS.Recorder.UnitTests.dll" adapterTypeName="executor://mstestadapter/v2" className="VideoOS.Recorder.UnitTests.Command.DatabaseOperationCommandHandlerUnitTests" name="DatabaseoperationCommandhandler_VerifyPath_DatabaseException_ReturnErrorResponse" />
    </UnitTest>
    <UnitTest name="MediaDbUtil_MultitrackNavigation_Scenario06" storage="d:\actions-runner\_work\xpco\xpco\corporate\recordingserver\recorderservice\tst\videoos.recorder.unittests\bin\x64\debug\net472\videoos.recorder.unittests.dll" id="e727795f-0ad7-4c41-8cca-726339c9a3f1">
      <Execution id="2bec48f9-c337-43d8-970b-45ab8295458b" />
      <TestMethod codeBase="D:\actions-runner\_work\XPCO\XPCO\Corporate\RecordingServer\RecorderService\tst\VideoOS.Recorder.UnitTests\bin\x64\Debug\net472\VideoOS.Recorder.UnitTests.dll" adapterTypeName="executor://mstestadapter/v2" className="VideoOS.Recorder.UnitTests.WebServer.MediaDbUtilUnitTests" name="MediaDbUtil_MultitrackNavigation_Scenario06" />
    </UnitTest>
    <UnitTest name="SOAPCommandRequestHandler_ExecuteFunction_HandleSequencesGetAround_Success" storage="d:\actions-runner\_work\xpco\xpco\corporate\recordingserver\recorderservice\tst\videoos.recorder.unittests\bin\x64\debug\net472\videoos.recorder.unittests.dll" id="f3084d89-cda3-b9fc-16df-3d5ffa9d73be">
      <Execution id="61e0d918-9bf3-405d-a6d1-7f4c72450fdc" />
      <TestMethod codeBase="D:\actions-runner\_work\XPCO\XPCO\Corporate\RecordingServer\RecorderService\tst\VideoOS.Recorder.UnitTests\bin\x64\Debug\net472\VideoOS.Recorder.UnitTests.dll" adapterTypeName="executor://mstestadapter/v2" className="VideoOS.Recorder.UnitTests.WebServer.SOAPCommandRequestHandlerTests" name="SOAPCommandRequestHandler_ExecuteFunction_HandleSequencesGetAround_Success" />
    </UnitTest>
    <UnitTest name="QueryDeviceEvidenceLockSizesCommandHandler_QueryDeviceEvidenceLockSizesResponse_StorageOffline_NegativeSize" storage="d:\actions-runner\_work\xpco\xpco\corporate\recordingserver\recorderservice\tst\videoos.recorder.unittests\bin\x64\debug\net472\videoos.recorder.unittests.dll" id="1fbd2580-d20c-54ad-ccea-04c9b179dee0">
      <Execution id="8da7c1ad-b46a-452c-beae-cc80a3aad3f6" />
      <TestMethod codeBase="D:\actions-runner\_work\XPCO\XPCO\Corporate\RecordingServer\RecorderService\tst\VideoOS.Recorder.UnitTests\bin\x64\Debug\net472\VideoOS.Recorder.UnitTests.dll" adapterTypeName="executor://mstestadapter/v2" className="VideoOS.Recorder.UnitTests.Command.QueryDeviceEvidenceLockSizesCommandHandlerTests" name="QueryDeviceEvidenceLockSizesCommandHandler_QueryDeviceEvidenceLockSizesResponse_StorageOffline_NegativeSize" />
    </UnitTest>
    <UnitTest name="DeleteHardwareUserCommandHandler_Execute_FixedUser_Error" storage="d:\actions-runner\_work\xpco\xpco\corporate\recordingserver\recorderservice\tst\videoos.recorder.unittests\bin\x64\debug\net472\videoos.recorder.unittests.dll" id="e50a8e35-8c31-959a-8809-8fff71c8e4bd">
      <Execution id="c423f328-0437-48df-97f3-757079dce01a" />
      <TestMethod codeBase="D:\actions-runner\_work\XPCO\XPCO\Corporate\RecordingServer\RecorderService\tst\VideoOS.Recorder.UnitTests\bin\x64\Debug\net472\VideoOS.Recorder.UnitTests.dll" adapterTypeName="executor://mstestadapter/v2" className="VideoOS.Recorder.UnitTests.Command.DeleteHardwareUserCommandHandlerTest" name="DeleteHardwareUserCommandHandler_Execute_FixedUser_Error" />
    </UnitTest>
    <UnitTest name="EnhanceSettings_SunnyDay_DisabledUserExcludeRegionsAndPrivacyMask" storage="d:\actions-runner\_work\xpco\xpco\corporate\recordingserver\recorderservice\tst\videoos.recorder.unittests\bin\x64\debug\net472\videoos.recorder.unittests.dll" id="fe3c3c93-891e-af05-d4d9-8e72bf2f8f73">
      <Owners>
        <Owner name="FT06" />
      </Owners>
      <Execution id="2fdbc665-fe54-4807-b4c1-6dc795c345f9" />
      <TestMethod codeBase="D:\actions-runner\_work\XPCO\XPCO\Corporate\RecordingServer\RecorderService\tst\VideoOS.Recorder.UnitTests\bin\x64\Debug\net472\VideoOS.Recorder.UnitTests.dll" adapterTypeName="executor://mstestadapter/v2" className="VideoOS.Recorder.UnitTests.ObjectModel.Processors.PluginSettingsEnhancerTest" name="EnhanceSettings_SunnyDay_DisabledUserExcludeRegionsAndPrivacyMask" />
    </UnitTest>
    <UnitTest name="AddHardwareUserCommandHandler_Execute_AddUser_ThrowsUserHandlingUserNameTooShort_Errors" storage="d:\actions-runner\_work\xpco\xpco\corporate\recordingserver\recorderservice\tst\videoos.recorder.unittests\bin\x64\debug\net472\videoos.recorder.unittests.dll" id="ab37c4a5-7ddd-4f3a-807a-9824addc756d">
      <Execution id="ac1e8f55-4979-4c5d-9aca-21a16224c186" />
      <TestMethod codeBase="D:\actions-runner\_work\XPCO\XPCO\Corporate\RecordingServer\RecorderService\tst\VideoOS.Recorder.UnitTests\bin\x64\Debug\net472\VideoOS.Recorder.UnitTests.dll" adapterTypeName="executor://mstestadapter/v2" className="VideoOS.Recorder.UnitTests.Command.AddHardwareUserCommandHandlerRecorderUnitTests" name="AddHardwareUserCommandHandler_Execute_AddUser_ThrowsUserHandlingUserNameTooShort_Errors" />
    </UnitTest>
    <UnitTest name="SOAPCommandRequestHandler_ExecuteFunction_HandlePTZMoveAbsolute_NoPtzArgs" storage="d:\actions-runner\_work\xpco\xpco\corporate\recordingserver\recorderservice\tst\videoos.recorder.unittests\bin\x64\debug\net472\videoos.recorder.unittests.dll" id="164928c8-2be5-ec25-909d-bc85b0d98fe1">
      <Execution id="04d8c4d3-c081-4903-bf21-23bcfe1e1bc3" />
      <TestMethod codeBase="D:\actions-runner\_work\XPCO\XPCO\Corporate\RecordingServer\RecorderService\tst\VideoOS.Recorder.UnitTests\bin\x64\Debug\net472\VideoOS.Recorder.UnitTests.dll" adapterTypeName="executor://mstestadapter/v2" className="VideoOS.Recorder.UnitTests.WebServer.SOAPCommandRequestHandlerTests" name="SOAPCommandRequestHandler_ExecuteFunction_HandlePTZMoveAbsolute_NoPtzArgs" />
    </UnitTest>
    <UnitTest name="SynchronizeDevicePresetsCommandHandler_Execute_Success" storage="d:\actions-runner\_work\xpco\xpco\corporate\recordingserver\recorderservice\tst\videoos.recorder.unittests\bin\x64\debug\net472\videoos.recorder.unittests.dll" id="c2e7304e-f9b2-ac44-a7c6-7e9021b5fa4c">
      <Execution id="dac3bcf0-8f5e-455a-bae1-d62388bfa18a" />
      <TestMethod codeBase="D:\actions-runner\_work\XPCO\XPCO\Corporate\RecordingServer\RecorderService\tst\VideoOS.Recorder.UnitTests\bin\x64\Debug\net472\VideoOS.Recorder.UnitTests.dll" adapterTypeName="executor://mstestadapter/v2" className="VideoOS.Recorder.UnitTests.Command.SynchronizeDevicePresetsCommandHandlerUnitTests" name="SynchronizeDevicePresetsCommandHandler_Execute_Success" />
    </UnitTest>
    <UnitTest name="PtzManager_OnManualSessionStart_Success" storage="d:\actions-runner\_work\xpco\xpco\corporate\recordingserver\recorderservice\tst\videoos.recorder.unittests\bin\x64\debug\net472\videoos.recorder.unittests.dll" id="be0eb634-b279-9225-c95c-0378f64000ea">
      <Execution id="0b0e71f6-ef5a-46d5-864d-5b8e970b9bd0" />
      <TestMethod codeBase="D:\actions-runner\_work\XPCO\XPCO\Corporate\RecordingServer\RecorderService\tst\VideoOS.Recorder.UnitTests\bin\x64\Debug\net472\VideoOS.Recorder.UnitTests.dll" adapterTypeName="executor://mstestadapter/v2" className="VideoOS.Recorder.UnitTests.Command.PtzManagerTests" name="PtzManager_OnManualSessionStart_Success" />
    </UnitTest>
    <UnitTest name="AddHardwareUserCommandHandler_Execute_HardwareNotStarted_Errors" storage="d:\actions-runner\_work\xpco\xpco\corporate\recordingserver\recorderservice\tst\videoos.recorder.unittests\bin\x64\debug\net472\videoos.recorder.unittests.dll" id="e20f75e9-b94a-a7b7-b4a5-b01aab2ffc9e">
      <Execution id="d1ad5b71-ef3e-4798-b777-b8541945d322" />
      <TestMethod codeBase="D:\actions-runner\_work\XPCO\XPCO\Corporate\RecordingServer\RecorderService\tst\VideoOS.Recorder.UnitTests\bin\x64\Debug\net472\VideoOS.Recorder.UnitTests.dll" adapterTypeName="executor://mstestadapter/v2" className="VideoOS.Recorder.UnitTests.Command.AddHardwareUserCommandHandlerRecorderUnitTests" name="AddHardwareUserCommandHandler_Execute_HardwareNotStarted_Errors" />
    </UnitTest>
    <UnitTest name="SOAPCommandRequestHandler_ExecuteFunction_HandleSmartSearchStart_NoResultMotionMaskSize" storage="d:\actions-runner\_work\xpco\xpco\corporate\recordingserver\recorderservice\tst\videoos.recorder.unittests\bin\x64\debug\net472\videoos.recorder.unittests.dll" id="0d57a34c-837c-d126-8ff0-b27247b414be">
      <Execution id="2623726a-cb8f-480f-b6bf-414cc1435b41" />
      <TestMethod codeBase="D:\actions-runner\_work\XPCO\XPCO\Corporate\RecordingServer\RecorderService\tst\VideoOS.Recorder.UnitTests\bin\x64\Debug\net472\VideoOS.Recorder.UnitTests.dll" adapterTypeName="executor://mstestadapter/v2" className="VideoOS.Recorder.UnitTests.WebServer.SOAPCommandRequestHandlerTests" name="SOAPCommandRequestHandler_ExecuteFunction_HandleSmartSearchStart_NoResultMotionMaskSize" />
    </UnitTest>
    <UnitTest name="MediaDbUtil_MultitrackNavigation_Scenario05" storage="d:\actions-runner\_work\xpco\xpco\corporate\recordingserver\recorderservice\tst\videoos.recorder.unittests\bin\x64\debug\net472\videoos.recorder.unittests.dll" id="cebb697d-37f9-b96a-26b4-873974b66667">
      <Execution id="50428068-aa24-4d89-9a29-a80eadbdc876" />
      <TestMethod codeBase="D:\actions-runner\_work\XPCO\XPCO\Corporate\RecordingServer\RecorderService\tst\VideoOS.Recorder.UnitTests\bin\x64\Debug\net472\VideoOS.Recorder.UnitTests.dll" adapterTypeName="executor://mstestadapter/v2" className="VideoOS.Recorder.UnitTests.WebServer.MediaDbUtilUnitTests" name="MediaDbUtil_MultitrackNavigation_Scenario05" />
    </UnitTest>
    <UnitTest name="SOAPCommandRequestHandler_ExecuteFunction_HandleSequencesGet_NoMinTime" storage="d:\actions-runner\_work\xpco\xpco\corporate\recordingserver\recorderservice\tst\videoos.recorder.unittests\bin\x64\debug\net472\videoos.recorder.unittests.dll" id="408fd36a-2a0e-6ae4-0cc5-a2a3c333329e">
      <Execution id="2ebecca9-de83-4ec6-b952-344ea1a0ae48" />
      <TestMethod codeBase="D:\actions-runner\_work\XPCO\XPCO\Corporate\RecordingServer\RecorderService\tst\VideoOS.Recorder.UnitTests\bin\x64\Debug\net472\VideoOS.Recorder.UnitTests.dll" adapterTypeName="executor://mstestadapter/v2" className="VideoOS.Recorder.UnitTests.WebServer.SOAPCommandRequestHandlerTests" name="SOAPCommandRequestHandler_ExecuteFunction_HandleSequencesGet_NoMinTime" />
    </UnitTest>
    <UnitTest name="PtzManager_OnManualSessionStopping_Success" storage="d:\actions-runner\_work\xpco\xpco\corporate\recordingserver\recorderservice\tst\videoos.recorder.unittests\bin\x64\debug\net472\videoos.recorder.unittests.dll" id="3c8a9a60-93f1-eaa0-ce5d-01d33a5469b1">
      <Execution id="7bcbba1b-16c6-41a9-a66b-066c051f06c7" />
      <TestMethod codeBase="D:\actions-runner\_work\XPCO\XPCO\Corporate\RecordingServer\RecorderService\tst\VideoOS.Recorder.UnitTests\bin\x64\Debug\net472\VideoOS.Recorder.UnitTests.dll" adapterTypeName="executor://mstestadapter/v2" className="VideoOS.Recorder.UnitTests.Command.PtzManagerTests" name="PtzManager_OnManualSessionStopping_Success" />
    </UnitTest>
    <UnitTest name="GetDatabaseInfo_RecordingStorageFound_ArchiveHintTrue" storage="d:\actions-runner\_work\xpco\xpco\corporate\recordingserver\recorderservice\tst\videoos.recorder.unittests\bin\x64\debug\net472\videoos.recorder.unittests.dll" id="a5d60cd1-f71a-58c1-12cf-0fb8e7f4031f">
      <Execution id="4eb41ee2-35a9-4d18-b8a7-a609b5e72a04" />
      <TestMethod codeBase="D:\actions-runner\_work\XPCO\XPCO\Corporate\RecordingServer\RecorderService\tst\VideoOS.Recorder.UnitTests\bin\x64\Debug\net472\VideoOS.Recorder.UnitTests.dll" adapterTypeName="executor://mstestadapter/v2" className="VideoOS.Recorder.UnitTests.MediaDbEventProcessorTests" name="GetDatabaseInfo_RecordingStorageFound_ArchiveHintTrue" />
    </UnitTest>
    <UnitTest name="SOAPCommandRequestHandler_ExecuteFunction_HandleJPEGGetAt_NoSecurity" storage="d:\actions-runner\_work\xpco\xpco\corporate\recordingserver\recorderservice\tst\videoos.recorder.unittests\bin\x64\debug\net472\videoos.recorder.unittests.dll" id="ee49ee4f-0aea-f745-5775-adf4f114597b">
      <Execution id="f44b846a-0524-437f-9df2-197c4eade280" />
      <TestMethod codeBase="D:\actions-runner\_work\XPCO\XPCO\Corporate\RecordingServer\RecorderService\tst\VideoOS.Recorder.UnitTests\bin\x64\Debug\net472\VideoOS.Recorder.UnitTests.dll" adapterTypeName="executor://mstestadapter/v2" className="VideoOS.Recorder.UnitTests.WebServer.SOAPCommandRequestHandlerTests" name="SOAPCommandRequestHandler_ExecuteFunction_HandleJPEGGetAt_NoSecurity" />
    </UnitTest>
    <UnitTest name="PtzManager_UpdateConfigurationFromDiffGram_Modify_Success" storage="d:\actions-runner\_work\xpco\xpco\corporate\recordingserver\recorderservice\tst\videoos.recorder.unittests\bin\x64\debug\net472\videoos.recorder.unittests.dll" id="1a9dd7fc-481b-b0bd-b784-100180cbed88">
      <Execution id="caad246b-1728-4b90-be57-fb841e3b09d0" />
      <TestMethod codeBase="D:\actions-runner\_work\XPCO\XPCO\Corporate\RecordingServer\RecorderService\tst\VideoOS.Recorder.UnitTests\bin\x64\Debug\net472\VideoOS.Recorder.UnitTests.dll" adapterTypeName="executor://mstestadapter/v2" className="VideoOS.Recorder.UnitTests.Command.PtzManagerTests" name="PtzManager_UpdateConfigurationFromDiffGram_Modify_Success" />
    </UnitTest>
    <UnitTest name="ChangeConfigLinksAddedAndRemovedWhileRecordingCamera" storage="d:\actions-runner\_work\xpco\xpco\corporate\recordingserver\recorderservice\tst\videoos.recorder.unittests\bin\x64\debug\net472\videoos.recorder.unittests.dll" id="cb8df580-11f9-6d50-3771-5ee5d8a3d9c5">
      <TestCategory>
        <TestCategoryItem TestCategory="ObjectModel.Device.RelatedDeviceHandler" />
      </TestCategory>
      <Execution id="6676b91b-5a53-4089-be4c-cd57345f4f12" />
      <TestMethod codeBase="D:\actions-runner\_work\XPCO\XPCO\Corporate\RecordingServer\RecorderService\tst\VideoOS.Recorder.UnitTests\bin\x64\Debug\net472\VideoOS.Recorder.UnitTests.dll" adapterTypeName="executor://mstestadapter/v2" className="VideoOS.Recorder.UnitTests.ObjectModel.RelatedDeviceHandlerTest" name="ChangeConfigLinksAddedAndRemovedWhileRecordingCamera" />
    </UnitTest>
    <UnitTest name="SOAPCommandRequestHandler_ExecuteFunction_HandlePTZMoveRelative_Success" storage="d:\actions-runner\_work\xpco\xpco\corporate\recordingserver\recorderservice\tst\videoos.recorder.unittests\bin\x64\debug\net472\videoos.recorder.unittests.dll" id="a6fc6e0f-6045-60b0-924f-e1bbf6047dee">
      <Execution id="5966acb1-9d4c-4f5a-9344-d6545a978ab6" />
      <TestMethod codeBase="D:\actions-runner\_work\XPCO\XPCO\Corporate\RecordingServer\RecorderService\tst\VideoOS.Recorder.UnitTests\bin\x64\Debug\net472\VideoOS.Recorder.UnitTests.dll" adapterTypeName="executor://mstestadapter/v2" className="VideoOS.Recorder.UnitTests.WebServer.SOAPCommandRequestHandlerTests" name="SOAPCommandRequestHandler_ExecuteFunction_HandlePTZMoveRelative_Success" />
    </UnitTest>
    <UnitTest name="DeleteHardwareUserCommandHandler_Execute_UserHandlingUnsupported_Error" storage="d:\actions-runner\_work\xpco\xpco\corporate\recordingserver\recorderservice\tst\videoos.recorder.unittests\bin\x64\debug\net472\videoos.recorder.unittests.dll" id="f9fa6136-beb5-497d-731c-1e5e5d405870">
      <Execution id="416156a8-f9b0-445d-bbc8-3d3bb314eb95" />
      <TestMethod codeBase="D:\actions-runner\_work\XPCO\XPCO\Corporate\RecordingServer\RecorderService\tst\VideoOS.Recorder.UnitTests\bin\x64\Debug\net472\VideoOS.Recorder.UnitTests.dll" adapterTypeName="executor://mstestadapter/v2" className="VideoOS.Recorder.UnitTests.Command.DeleteHardwareUserCommandHandlerTest" name="DeleteHardwareUserCommandHandler_Execute_UserHandlingUnsupported_Error" />
    </UnitTest>
    <UnitTest name="SmartSearchHandlerSimpleForwardTestAllHits" storage="d:\actions-runner\_work\xpco\xpco\corporate\recordingserver\recorderservice\tst\videoos.recorder.unittests\bin\x64\debug\net472\videoos.recorder.unittests.dll" id="5284f928-c894-29df-925e-e816e940f07a">
      <TestCategory>
        <TestCategoryItem TestCategory="SmartSearch" />
      </TestCategory>
      <Execution id="7f1da9c1-7b58-47d4-8673-a83ba28ec1bc" />
      <TestMethod codeBase="D:\actions-runner\_work\XPCO\XPCO\Corporate\RecordingServer\RecorderService\tst\VideoOS.Recorder.UnitTests\bin\x64\Debug\net472\VideoOS.Recorder.UnitTests.dll" adapterTypeName="executor://mstestadapter/v2" className="VideoOS.Recorder.UnitTests.SmartSearch.SmartSearchHandlerTest" name="SmartSearchHandlerSimpleForwardTestAllHits" />
    </UnitTest>
    <UnitTest name="ConnectSuccess_NextSeqTime_BeforeMedia" storage="d:\actions-runner\_work\xpco\xpco\corporate\recordingserver\recorderservice\tst\videoos.recorder.unittests\bin\x64\debug\net472\videoos.recorder.unittests.dll" id="3a2cb439-a124-af6e-0a42-2a8f94271fda">
      <Execution id="1fd9fa3f-b124-4c02-bdf9-9af48c687df9" />
      <TestMethod codeBase="D:\actions-runner\_work\XPCO\XPCO\Corporate\RecordingServer\RecorderService\tst\VideoOS.Recorder.UnitTests\bin\x64\Debug\net472\VideoOS.Recorder.UnitTests.dll" adapterTypeName="executor://mstestadapter/v2" className="VideoOS.Recorder.UnitTests.WebServer.ImageServerRequestHandlerTests" name="ConnectSuccess_NextSeqTime_BeforeMedia" />
    </UnitTest>
    <UnitTest name="ResolveIdAndMessage_DriverHardware_Generator" storage="d:\actions-runner\_work\xpco\xpco\corporate\recordingserver\recorderservice\tst\videoos.recorder.unittests\bin\x64\debug\net472\videoos.recorder.unittests.dll" id="1663fb4e-f4a1-b0af-75a8-102de5d8b1c6">
      <Execution id="a20e3aa0-bffb-4955-99d0-de893d985b30" />
      <TestMethod codeBase="D:\actions-runner\_work\XPCO\XPCO\Corporate\RecordingServer\RecorderService\tst\VideoOS.Recorder.UnitTests\bin\x64\Debug\net472\VideoOS.Recorder.UnitTests.dll" adapterTypeName="executor://mstestadapter/v2" className="VideoOS.Recorder.UnitTests.RuleActions.SendSNMPTrapRuleActionTests" name="ResolveIdAndMessage_DriverHardware_Generator" />
    </UnitTest>
    <UnitTest name="Stop_Connected_ShouldDisconnect" storage="d:\actions-runner\_work\xpco\xpco\corporate\recordingserver\recorderservice\tst\videoos.recorder.unittests\bin\x64\debug\net472\videoos.recorder.unittests.dll" id="b19773b3-44c8-ad46-8900-f90a855e9c94">
      <Execution id="629a2709-893c-43af-98db-3790326da889" />
      <TestMethod codeBase="D:\actions-runner\_work\XPCO\XPCO\Corporate\RecordingServer\RecorderService\tst\VideoOS.Recorder.UnitTests\bin\x64\Debug\net472\VideoOS.Recorder.UnitTests.dll" adapterTypeName="executor://mstestadapter/v2" className="VideoOS.Recorder.UnitTests.CommManagerWebApiTests" name="Stop_Connected_ShouldDisconnect" />
    </UnitTest>
    <UnitTest name="DeleteHardwareUserCommandHandler_Execute_UsernameNotRecognized_Error" storage="d:\actions-runner\_work\xpco\xpco\corporate\recordingserver\recorderservice\tst\videoos.recorder.unittests\bin\x64\debug\net472\videoos.recorder.unittests.dll" id="25bfeecd-33e8-dc9c-0884-9674ccccb38b">
      <Execution id="1c32224f-24ca-4396-8533-d538a92d5e0d" />
      <TestMethod codeBase="D:\actions-runner\_work\XPCO\XPCO\Corporate\RecordingServer\RecorderService\tst\VideoOS.Recorder.UnitTests\bin\x64\Debug\net472\VideoOS.Recorder.UnitTests.dll" adapterTypeName="executor://mstestadapter/v2" className="VideoOS.Recorder.UnitTests.Command.DeleteHardwareUserCommandHandlerTest" name="DeleteHardwareUserCommandHandler_Execute_UsernameNotRecognized_Error" />
    </UnitTest>
    <UnitTest name="IsLiveRestrictedOnHandler" storage="d:\actions-runner\_work\xpco\xpco\corporate\recordingserver\recorderservice\tst\videoos.recorder.unittests\bin\x64\debug\net472\videoos.recorder.unittests.dll" id="9783da64-6fb6-c3b5-b3ac-c11796365d5b">
      <Execution id="d85382bb-d44d-4cbb-8c48-65a239cb925d" />
      <TestMethod codeBase="D:\actions-runner\_work\XPCO\XPCO\Corporate\RecordingServer\RecorderService\tst\VideoOS.Recorder.UnitTests\bin\x64\Debug\net472\VideoOS.Recorder.UnitTests.dll" adapterTypeName="executor://mstestadapter/v2" className="VideoOS.Recorder.UnitTests.ObjectModel.RestrictedMediaHandlerTest" name="IsLiveRestrictedOnHandler" />
    </UnitTest>
    <UnitTest name="HardwareScanSession_TestStartAnd2Stops" storage="d:\actions-runner\_work\xpco\xpco\corporate\recordingserver\recorderservice\tst\videoos.recorder.unittests\bin\x64\debug\net472\videoos.recorder.unittests.dll" id="66870d86-2e1d-f691-641d-031536916a0f">
      <Execution id="324a0304-3d30-4c5b-b538-b3c3ca10e447" />
      <TestMethod codeBase="D:\actions-runner\_work\XPCO\XPCO\Corporate\RecordingServer\RecorderService\tst\VideoOS.Recorder.UnitTests\bin\x64\Debug\net472\VideoOS.Recorder.UnitTests.dll" adapterTypeName="executor://mstestadapter/v2" className="VideoOS.Recorder.UnitTests.DeviceDiscovery.HardwareScanSessionTests" name="HardwareScanSession_TestStartAnd2Stops" />
    </UnitTest>
    <UnitTest name="DatabaseoperationCommandhandler_FilterTrackIdsToThoseWithoutMediaOnRecorder_AreAllBanksOnline_throws_Exception_Causes_DataExists" storage="d:\actions-runner\_work\xpco\xpco\corporate\recordingserver\recorderservice\tst\videoos.recorder.unittests\bin\x64\debug\net472\videoos.recorder.unittests.dll" id="fc7c706d-5fa1-656a-c15a-a66e34e1aeda">
      <Execution id="fff2d46f-dd20-477a-9b7f-1d8163444ebc" />
      <TestMethod codeBase="D:\actions-runner\_work\XPCO\XPCO\Corporate\RecordingServer\RecorderService\tst\VideoOS.Recorder.UnitTests\bin\x64\Debug\net472\VideoOS.Recorder.UnitTests.dll" adapterTypeName="executor://mstestadapter/v2" className="VideoOS.Recorder.UnitTests.Command.DatabaseOperationCommandHandlerUnitTests" name="DatabaseoperationCommandhandler_FilterTrackIdsToThoseWithoutMediaOnRecorder_AreAllBanksOnline_throws_Exception_Causes_DataExists" />
    </UnitTest>
    <UnitTest name="AudioPlayerOnSpeaker_PlayUsingCurrentThread_3_Devices_All_Failing" storage="d:\actions-runner\_work\xpco\xpco\corporate\recordingserver\recorderservice\tst\videoos.recorder.unittests\bin\x64\debug\net472\videoos.recorder.unittests.dll" id="b044120d-41b9-7ebe-4823-a30189c35ed3">
      <Execution id="a744e9d1-6107-4b7e-9a19-558766f3b043" />
      <TestMethod codeBase="D:\actions-runner\_work\XPCO\XPCO\Corporate\RecordingServer\RecorderService\tst\VideoOS.Recorder.UnitTests\bin\x64\Debug\net472\VideoOS.Recorder.UnitTests.dll" adapterTypeName="executor://mstestadapter/v2" className="VideoOS.Recorder.UnitTests.AudioMessageHandling.AudioPlayerOnSpeakerTests" name="AudioPlayerOnSpeaker_PlayUsingCurrentThread_3_Devices_All_Failing" />
    </UnitTest>
    <UnitTest name="TimeRangeConversionRangesNull" storage="d:\actions-runner\_work\xpco\xpco\corporate\recordingserver\recorderservice\tst\videoos.recorder.unittests\bin\x64\debug\net472\videoos.recorder.unittests.dll" id="9da27cfb-b19a-5b7b-65c1-99971e317fc3">
      <TestCategory>
        <TestCategoryItem TestCategory="TimeRangeConversion" />
      </TestCategory>
      <Execution id="0fc3b3b0-638a-49f7-868d-8b8cea2a2724" />
      <TestMethod codeBase="D:\actions-runner\_work\XPCO\XPCO\Corporate\RecordingServer\RecorderService\tst\VideoOS.Recorder.UnitTests\bin\x64\Debug\net472\VideoOS.Recorder.UnitTests.dll" adapterTypeName="executor://mstestadapter/v2" className="VideoOS.Recorder.UnitTests.TimeRangeConversionTests.TimeRangeConversionTests" name="TimeRangeConversionRangesNull" />
    </UnitTest>
    <UnitTest name="EdgeStorageLimitsTimeLimitNotOkBefore" storage="d:\actions-runner\_work\xpco\xpco\corporate\recordingserver\recorderservice\tst\videoos.recorder.unittests\bin\x64\debug\net472\videoos.recorder.unittests.dll" id="ebf78a33-6f43-3b37-ec87-c7c1b6380f9c">
      <TestCategory>
        <TestCategoryItem TestCategory="EdgeStorageLimits" />
      </TestCategory>
      <Execution id="ff94445e-28c3-471a-ac04-c77b862bda1c" />
      <TestMethod codeBase="D:\actions-runner\_work\XPCO\XPCO\Corporate\RecordingServer\RecorderService\tst\VideoOS.Recorder.UnitTests\bin\x64\Debug\net472\VideoOS.Recorder.UnitTests.dll" adapterTypeName="executor://mstestadapter/v2" className="VideoOS.Recorder.UnitTests.EdgeStorage.EdgeStorageLimitTests" name="EdgeStorageLimitsTimeLimitNotOkBefore" />
    </UnitTest>
    <UnitTest name="CollectMediaStatusCommandHandler_Device_Disabled" storage="d:\actions-runner\_work\xpco\xpco\corporate\recordingserver\recorderservice\tst\videoos.recorder.unittests\bin\x64\debug\net472\videoos.recorder.unittests.dll" id="10af1bbd-2222-8ba2-39db-7e12e812860a">
      <Execution id="5f5fc677-8dcb-498e-80b9-2885124690da" />
      <TestMethod codeBase="D:\actions-runner\_work\XPCO\XPCO\Corporate\RecordingServer\RecorderService\tst\VideoOS.Recorder.UnitTests\bin\x64\Debug\net472\VideoOS.Recorder.UnitTests.dll" adapterTypeName="executor://mstestadapter/v2" className="VideoOS.Recorder.UnitTests.Command.CollectMediaStatusCommandHandlerTests" name="CollectMediaStatusCommandHandler_Device_Disabled" />
    </UnitTest>
    <UnitTest name="PtzManager_UpdateConfigurationFromDiffGram_Add_Success" storage="d:\actions-runner\_work\xpco\xpco\corporate\recordingserver\recorderservice\tst\videoos.recorder.unittests\bin\x64\debug\net472\videoos.recorder.unittests.dll" id="40c747f8-f393-79cf-9d54-1747fa8224b9">
      <Execution id="82fd1997-2a40-49ff-b514-6510bd7bdf6f" />
      <TestMethod codeBase="D:\actions-runner\_work\XPCO\XPCO\Corporate\RecordingServer\RecorderService\tst\VideoOS.Recorder.UnitTests\bin\x64\Debug\net472\VideoOS.Recorder.UnitTests.dll" adapterTypeName="executor://mstestadapter/v2" className="VideoOS.Recorder.UnitTests.Command.PtzManagerTests" name="PtzManager_UpdateConfigurationFromDiffGram_Add_Success" />
    </UnitTest>
    <UnitTest name="MediaDbConfigurationWriter_WriteDatabaseConfiguration" storage="d:\actions-runner\_work\xpco\xpco\corporate\recordingserver\recorderservice\tst\videoos.recorder.unittests\bin\x64\debug\net472\videoos.recorder.unittests.dll" id="e6cfa372-a5ab-53e9-c8e7-bb8eadfb2e48">
      <Execution id="ac9cdcf5-a69e-4249-8272-30185051596a" />
      <TestMethod codeBase="D:\actions-runner\_work\XPCO\XPCO\Corporate\RecordingServer\RecorderService\tst\VideoOS.Recorder.UnitTests\bin\x64\Debug\net472\VideoOS.Recorder.UnitTests.dll" adapterTypeName="executor://mstestadapter/v2" className="VideoOS.Recorder.UnitTests.Database.MediaDbConfigurationWriterUnitTests" name="MediaDbConfigurationWriter_WriteDatabaseConfiguration" />
    </UnitTest>
    <UnitTest name="RecorderAccessTokenHandler_PopulateAuthorizationHeaderAsync_WebApiException" storage="d:\actions-runner\_work\xpco\xpco\corporate\recordingserver\recorderservice\tst\videoos.recorder.unittests\bin\x64\debug\net472\videoos.recorder.unittests.dll" id="27fac88f-2866-dc2b-9ed4-6f81b7ebfa70">
      <Execution id="c0c3c40f-b5f7-46fb-95a5-b05d8fea5860" />
      <TestMethod codeBase="D:\actions-runner\_work\XPCO\XPCO\Corporate\RecordingServer\RecorderService\tst\VideoOS.Recorder.UnitTests\bin\x64\Debug\net472\VideoOS.Recorder.UnitTests.dll" adapterTypeName="executor://mstestadapter/v2" className="VideoOS.Recorder.UnitTests.ServerCommunication.RecorderAccessTokenHandlerTests" name="RecorderAccessTokenHandler_PopulateAuthorizationHeaderAsync_WebApiException" />
    </UnitTest>
    <UnitTest name="SmartSearchHandlerForwardDirectHitSingleSequence" storage="d:\actions-runner\_work\xpco\xpco\corporate\recordingserver\recorderservice\tst\videoos.recorder.unittests\bin\x64\debug\net472\videoos.recorder.unittests.dll" id="8da886ae-fb0e-f597-f3c0-ea01d391cbf1">
      <TestCategory>
        <TestCategoryItem TestCategory="SmartSearch" />
      </TestCategory>
      <Execution id="9f34fa91-7d8f-49a7-a3b8-ddfeec096d8f" />
      <TestMethod codeBase="D:\actions-runner\_work\XPCO\XPCO\Corporate\RecordingServer\RecorderService\tst\VideoOS.Recorder.UnitTests\bin\x64\Debug\net472\VideoOS.Recorder.UnitTests.dll" adapterTypeName="executor://mstestadapter/v2" className="VideoOS.Recorder.UnitTests.SmartSearch.SmartSearchHandlerTest" name="SmartSearchHandlerForwardDirectHitSingleSequence" />
    </UnitTest>
    <UnitTest name="PtzStopSessionCommandHandler_Execute_PtzException_PtzNotSupported" storage="d:\actions-runner\_work\xpco\xpco\corporate\recordingserver\recorderservice\tst\videoos.recorder.unittests\bin\x64\debug\net472\videoos.recorder.unittests.dll" id="f15c3e47-e288-3ddf-3e20-435df2549e7e">
      <Execution id="a614f2c8-ef21-4941-b918-4962796b99d2" />
      <TestMethod codeBase="D:\actions-runner\_work\XPCO\XPCO\Corporate\RecordingServer\RecorderService\tst\VideoOS.Recorder.UnitTests\bin\x64\Debug\net472\VideoOS.Recorder.UnitTests.dll" adapterTypeName="executor://mstestadapter/v2" className="VideoOS.Recorder.UnitTests.Command.PtzStopSessionCommandHandlerTest" name="PtzStopSessionCommandHandler_Execute_PtzException_PtzNotSupported" />
    </UnitTest>
    <UnitTest name="SOAPCommandRequestHandler_GetClientCapabilities_PrivacyMaskVersion_Child_Of_ClientCapabilities_Section_Is_Not_Parsable" storage="d:\actions-runner\_work\xpco\xpco\corporate\recordingserver\recorderservice\tst\videoos.recorder.unittests\bin\x64\debug\net472\videoos.recorder.unittests.dll" id="8d51adab-5025-828a-3a74-d9ee3955e84d">
      <Execution id="e3f65a4c-ce68-49c9-b4c4-fff56c32e481" />
      <TestMethod codeBase="D:\actions-runner\_work\XPCO\XPCO\Corporate\RecordingServer\RecorderService\tst\VideoOS.Recorder.UnitTests\bin\x64\Debug\net472\VideoOS.Recorder.UnitTests.dll" adapterTypeName="executor://mstestadapter/v2" className="VideoOS.Recorder.UnitTests.WebServer.SOAPCommandRequestHandlerTests" name="SOAPCommandRequestHandler_GetClientCapabilities_PrivacyMaskVersion_Child_Of_ClientCapabilities_Section_Is_Not_Parsable" />
    </UnitTest>
    <UnitTest name="ConfigurationController_ReplaceHardware_IsValid_NoContent" storage="d:\actions-runner\_work\xpco\xpco\corporate\recordingserver\recorderservice\tst\videoos.recorder.unittests\bin\x64\debug\net472\videoos.recorder.unittests.dll" id="26f6843d-5eca-53a4-0713-7ad0280511d8">
      <Execution id="ff7a8ce5-b764-4a0f-acb5-e9f6e3499ef7" />
      <TestMethod codeBase="D:\actions-runner\_work\XPCO\XPCO\Corporate\RecordingServer\RecorderService\tst\VideoOS.Recorder.UnitTests\bin\x64\Debug\net472\VideoOS.Recorder.UnitTests.dll" adapterTypeName="executor://mstestadapter/v2" className="VideoOS.Recorder.UnitTests.ConfigurationControllerTests" name="ConfigurationController_ReplaceHardware_IsValid_NoContent" />
    </UnitTest>
    <UnitTest name="DatabaseTaskCommandHandler_EmptyDevice_Cancelled" storage="d:\actions-runner\_work\xpco\xpco\corporate\recordingserver\recorderservice\tst\videoos.recorder.unittests\bin\x64\debug\net472\videoos.recorder.unittests.dll" id="824e6051-0efc-959f-4d50-858a92b364d4">
      <Execution id="90258543-c85b-4db0-b94e-dbfef7bd88bc" />
      <TestMethod codeBase="D:\actions-runner\_work\XPCO\XPCO\Corporate\RecordingServer\RecorderService\tst\VideoOS.Recorder.UnitTests\bin\x64\Debug\net472\VideoOS.Recorder.UnitTests.dll" adapterTypeName="executor://mstestadapter/v2" className="VideoOS.Recorder.UnitTests.Command.DatabaseTaskCommandHandlerTest" name="DatabaseTaskCommandHandler_EmptyDevice_Cancelled" />
    </UnitTest>
    <UnitTest name="MediaDbConfigurationWriter_WriteDeviceTableConfiguration_Cam_NoPrebuffer" storage="d:\actions-runner\_work\xpco\xpco\corporate\recordingserver\recorderservice\tst\videoos.recorder.unittests\bin\x64\debug\net472\videoos.recorder.unittests.dll" id="abcc32d8-7b98-7d33-898b-4db189321e78">
      <Execution id="7df081bf-1624-4915-9555-ee25f6dc9f61" />
      <TestMethod codeBase="D:\actions-runner\_work\XPCO\XPCO\Corporate\RecordingServer\RecorderService\tst\VideoOS.Recorder.UnitTests\bin\x64\Debug\net472\VideoOS.Recorder.UnitTests.dll" adapterTypeName="executor://mstestadapter/v2" className="VideoOS.Recorder.UnitTests.Database.MediaDbConfigurationWriterUnitTests" name="MediaDbConfigurationWriter_WriteDeviceTableConfiguration_Cam_NoPrebuffer" />
    </UnitTest>
    <UnitTest name="ReadMessageHeaders_ReadRequestLine_SoapStatus2_Success" storage="d:\actions-runner\_work\xpco\xpco\corporate\recordingserver\recorderservice\tst\videoos.recorder.unittests\bin\x64\debug\net472\videoos.recorder.unittests.dll" id="e41ab18c-946b-f40d-841d-591d38d952a0">
      <Execution id="b350000c-ac0f-40d0-abb7-f8c19d8a7dfb" />
      <TestMethod codeBase="D:\actions-runner\_work\XPCO\XPCO\Corporate\RecordingServer\RecorderService\tst\VideoOS.Recorder.UnitTests\bin\x64\Debug\net472\VideoOS.Recorder.UnitTests.dll" adapterTypeName="executor://mstestadapter/v2" className="VideoOS.Recorder.UnitTests.WebServer.WebRequestReaderUnitTests" name="ReadMessageHeaders_ReadRequestLine_SoapStatus2_Success" />
    </UnitTest>
    <UnitTest name="ConnectSuccess_Goto_Before_Time" storage="d:\actions-runner\_work\xpco\xpco\corporate\recordingserver\recorderservice\tst\videoos.recorder.unittests\bin\x64\debug\net472\videoos.recorder.unittests.dll" id="884b6599-11eb-5f0f-c83b-e4b1cf43552e">
      <Execution id="9efbc42a-8ff1-47a2-ba6c-6b9f784e35b5" />
      <TestMethod codeBase="D:\actions-runner\_work\XPCO\XPCO\Corporate\RecordingServer\RecorderService\tst\VideoOS.Recorder.UnitTests\bin\x64\Debug\net472\VideoOS.Recorder.UnitTests.dll" adapterTypeName="executor://mstestadapter/v2" className="VideoOS.Recorder.UnitTests.WebServer.ImageServerRequestHandlerTests" name="ConnectSuccess_Goto_Before_Time" />
    </UnitTest>
    <UnitTest name="ConnectFailed_UnknownTrack" storage="d:\actions-runner\_work\xpco\xpco\corporate\recordingserver\recorderservice\tst\videoos.recorder.unittests\bin\x64\debug\net472\videoos.recorder.unittests.dll" id="7cf9a21e-1b42-088a-97b0-d7d43d1e0a16">
      <Execution id="41bc5af6-71a6-47e5-9d4d-09660cc13e72" />
      <TestMethod codeBase="D:\actions-runner\_work\XPCO\XPCO\Corporate\RecordingServer\RecorderService\tst\VideoOS.Recorder.UnitTests\bin\x64\Debug\net472\VideoOS.Recorder.UnitTests.dll" adapterTypeName="executor://mstestadapter/v2" className="VideoOS.Recorder.UnitTests.WebServer.ImageServerRequestHandlerTests" name="ConnectFailed_UnknownTrack" />
    </UnitTest>
    <UnitTest name="ResponseController_ExceptionResponseNullInput_BadRequestResult" storage="d:\actions-runner\_work\xpco\xpco\corporate\recordingserver\recorderservice\tst\videoos.recorder.unittests\bin\x64\debug\net472\videoos.recorder.unittests.dll" id="c596aa43-a71d-3944-184c-9b6172ad05ff">
      <Execution id="0ed95430-21cb-4913-9a80-18166275fe09" />
      <TestMethod codeBase="D:\actions-runner\_work\XPCO\XPCO\Corporate\RecordingServer\RecorderService\tst\VideoOS.Recorder.UnitTests\bin\x64\Debug\net472\VideoOS.Recorder.UnitTests.dll" adapterTypeName="executor://mstestadapter/v2" className="VideoOS.Recorder.UnitTests.ResponseControllerTests" name="ResponseController_ExceptionResponseNullInput_BadRequestResult" />
    </UnitTest>
    <UnitTest name="PtzStopSessionCommandHandler_Execute_PtzException_DeviceNotFound" storage="d:\actions-runner\_work\xpco\xpco\corporate\recordingserver\recorderservice\tst\videoos.recorder.unittests\bin\x64\debug\net472\videoos.recorder.unittests.dll" id="4036f975-aabb-537e-f8ee-99a9334a5210">
      <Execution id="54f934b4-47cc-4ecd-b1d3-c6c78c2db0bd" />
      <TestMethod codeBase="D:\actions-runner\_work\XPCO\XPCO\Corporate\RecordingServer\RecorderService\tst\VideoOS.Recorder.UnitTests\bin\x64\Debug\net472\VideoOS.Recorder.UnitTests.dll" adapterTypeName="executor://mstestadapter/v2" className="VideoOS.Recorder.UnitTests.Command.PtzStopSessionCommandHandlerTest" name="PtzStopSessionCommandHandler_Execute_PtzException_DeviceNotFound" />
    </UnitTest>
    <UnitTest name="EdgeStorageLimitsManagerGetLimitsCheckConfigUpdatesParallelLimitDifferent" storage="d:\actions-runner\_work\xpco\xpco\corporate\recordingserver\recorderservice\tst\videoos.recorder.unittests\bin\x64\debug\net472\videoos.recorder.unittests.dll" id="35ce816e-bf40-9fe0-7322-993123e1696a">
      <TestCategory>
        <TestCategoryItem TestCategory="EdgeStorageLimits" />
      </TestCategory>
      <Execution id="c931f95d-4e5e-47ed-ba7c-c80a05b31ea4" />
      <TestMethod codeBase="D:\actions-runner\_work\XPCO\XPCO\Corporate\RecordingServer\RecorderService\tst\VideoOS.Recorder.UnitTests\bin\x64\Debug\net472\VideoOS.Recorder.UnitTests.dll" adapterTypeName="executor://mstestadapter/v2" className="VideoOS.Recorder.UnitTests.EdgeStorage.EdgeStorageLimitTests" name="EdgeStorageLimitsManagerGetLimitsCheckConfigUpdatesParallelLimitDifferent" />
    </UnitTest>
    <UnitTest name="PtzManager_Constructor_Success" storage="d:\actions-runner\_work\xpco\xpco\corporate\recordingserver\recorderservice\tst\videoos.recorder.unittests\bin\x64\debug\net472\videoos.recorder.unittests.dll" id="0e175f94-dc91-8e36-fedf-5c1583d8241e">
      <Execution id="cb87c70f-4567-4b36-a19b-fc1fffb1d82b" />
      <TestMethod codeBase="D:\actions-runner\_work\XPCO\XPCO\Corporate\RecordingServer\RecorderService\tst\VideoOS.Recorder.UnitTests\bin\x64\Debug\net472\VideoOS.Recorder.UnitTests.dll" adapterTypeName="executor://mstestadapter/v2" className="VideoOS.Recorder.UnitTests.Command.PtzManagerTests" name="PtzManager_Constructor_Success" />
    </UnitTest>
    <UnitTest name="ResponseController_ValidExceptionResponse_ValidExceptionResponseCalledOnCommManager" storage="d:\actions-runner\_work\xpco\xpco\corporate\recordingserver\recorderservice\tst\videoos.recorder.unittests\bin\x64\debug\net472\videoos.recorder.unittests.dll" id="9935b203-8fd7-957a-4f23-5f36f1e97bed">
      <Execution id="dfcab602-3249-4233-ad92-cb377e5a03ab" />
      <TestMethod codeBase="D:\actions-runner\_work\XPCO\XPCO\Corporate\RecordingServer\RecorderService\tst\VideoOS.Recorder.UnitTests\bin\x64\Debug\net472\VideoOS.Recorder.UnitTests.dll" adapterTypeName="executor://mstestadapter/v2" className="VideoOS.Recorder.UnitTests.ResponseControllerTests" name="ResponseController_ValidExceptionResponse_ValidExceptionResponseCalledOnCommManager" />
    </UnitTest>
    <UnitTest name="GetStatistics_Not_Updated_Returns_100_Pct_Fps" storage="d:\actions-runner\_work\xpco\xpco\corporate\recordingserver\recorderservice\tst\videoos.recorder.unittests\bin\x64\debug\net472\videoos.recorder.unittests.dll" id="0d20a752-7960-da74-be07-a279dff8804b">
      <TestCategory>
        <TestCategoryItem TestCategory="PipelineRecordingStatistics" />
      </TestCategory>
      <Execution id="3463abc5-59c7-4f48-be1a-ccf3062188d5" />
      <TestMethod codeBase="D:\actions-runner\_work\XPCO\XPCO\Corporate\RecordingServer\RecorderService\tst\VideoOS.Recorder.UnitTests\bin\x64\Debug\net472\VideoOS.Recorder.UnitTests.dll" adapterTypeName="executor://mstestadapter/v2" className="VideoOS.Recorder.UnitTests.ObjectModel.Processors.PipelineRecordingStatisticsTests" name="GetStatistics_Not_Updated_Returns_100_Pct_Fps" />
    </UnitTest>
    <UnitTest name="SOAPCommandRequestHandler_ExecuteFunction_HandleMulticastContinue_Success" storage="d:\actions-runner\_work\xpco\xpco\corporate\recordingserver\recorderservice\tst\videoos.recorder.unittests\bin\x64\debug\net472\videoos.recorder.unittests.dll" id="9b14ca91-25cd-257b-17f2-e1b151f28db5">
      <Execution id="f9a9e365-ab47-4cf0-8c2f-e33bdf582308" />
      <TestMethod codeBase="D:\actions-runner\_work\XPCO\XPCO\Corporate\RecordingServer\RecorderService\tst\VideoOS.Recorder.UnitTests\bin\x64\Debug\net472\VideoOS.Recorder.UnitTests.dll" adapterTypeName="executor://mstestadapter/v2" className="VideoOS.Recorder.UnitTests.WebServer.SOAPCommandRequestHandlerTests" name="SOAPCommandRequestHandler_ExecuteFunction_HandleMulticastContinue_Success" />
    </UnitTest>
    <UnitTest name="SOAPCommandRequestHandler_ExecuteFunction_HandleTimeLineInformationGet_No_Metadata_Security" storage="d:\actions-runner\_work\xpco\xpco\corporate\recordingserver\recorderservice\tst\videoos.recorder.unittests\bin\x64\debug\net472\videoos.recorder.unittests.dll" id="522171e3-c016-9bea-7785-95a29e3d413b">
      <Execution id="1bb03e4f-2735-4e43-8051-5808b83ec0ba" />
      <TestMethod codeBase="D:\actions-runner\_work\XPCO\XPCO\Corporate\RecordingServer\RecorderService\tst\VideoOS.Recorder.UnitTests\bin\x64\Debug\net472\VideoOS.Recorder.UnitTests.dll" adapterTypeName="executor://mstestadapter/v2" className="VideoOS.Recorder.UnitTests.WebServer.SOAPCommandRequestHandlerTests" name="SOAPCommandRequestHandler_ExecuteFunction_HandleTimeLineInformationGet_No_Metadata_Security" />
    </UnitTest>
    <UnitTest name="MediaDbCache_GetListFileSystemDiskUsage_Timeout" storage="d:\actions-runner\_work\xpco\xpco\corporate\recordingserver\recorderservice\tst\videoos.recorder.unittests\bin\x64\debug\net472\videoos.recorder.unittests.dll" id="b4898590-9558-754a-1593-f9bac79dc377">
      <Execution id="db25a371-6904-43d2-9c0e-0310db858d48" />
      <TestMethod codeBase="D:\actions-runner\_work\XPCO\XPCO\Corporate\RecordingServer\RecorderService\tst\VideoOS.Recorder.UnitTests\bin\x64\Debug\net472\VideoOS.Recorder.UnitTests.dll" adapterTypeName="executor://mstestadapter/v2" className="VideoOS.Recorder.UnitTests.Database.MediaDbCacheUnitTests" name="MediaDbCache_GetListFileSystemDiskUsage_Timeout" />
    </UnitTest>
    <UnitTest name="CheckExternalRecorderRegistrationCommandHandler_Execute_ExternalRecorder_NotRegistered_FalseResponse" storage="d:\actions-runner\_work\xpco\xpco\corporate\recordingserver\recorderservice\tst\videoos.recorder.unittests\bin\x64\debug\net472\videoos.recorder.unittests.dll" id="b210d3c8-e939-8b37-3853-3d2090da2b35">
      <Execution id="005244ec-707f-4622-83c0-5c7e19c3bfc3" />
      <TestMethod codeBase="D:\actions-runner\_work\XPCO\XPCO\Corporate\RecordingServer\RecorderService\tst\VideoOS.Recorder.UnitTests\bin\x64\Debug\net472\VideoOS.Recorder.UnitTests.dll" adapterTypeName="executor://mstestadapter/v2" className="VideoOS.Recorder.UnitTests.Command.CheckExternalRecorderRegistrationCommandHandlerUnitTests" name="CheckExternalRecorderRegistrationCommandHandler_Execute_ExternalRecorder_NotRegistered_FalseResponse" />
    </UnitTest>
    <UnitTest name="SetNetworkConfigurationCommandHandler_Execute_SetNetworkConfiguration_ThrowsMemoryException_Throws" storage="d:\actions-runner\_work\xpco\xpco\corporate\recordingserver\recorderservice\tst\videoos.recorder.unittests\bin\x64\debug\net472\videoos.recorder.unittests.dll" id="ee4f26e4-b7e4-d508-1725-fbc0cc0efecc">
      <Execution id="0b2ed1d2-bee7-462d-856a-3382abad5680" />
      <TestMethod codeBase="D:\actions-runner\_work\XPCO\XPCO\Corporate\RecordingServer\RecorderService\tst\VideoOS.Recorder.UnitTests\bin\x64\Debug\net472\VideoOS.Recorder.UnitTests.dll" adapterTypeName="executor://mstestadapter/v2" className="VideoOS.Recorder.UnitTests.Command.SetNetworkConfigurationCommandHandlerUnitTests" name="SetNetworkConfigurationCommandHandler_Execute_SetNetworkConfiguration_ThrowsMemoryException_Throws" />
    </UnitTest>
    <UnitTest name="ConnectSuccess_End" storage="d:\actions-runner\_work\xpco\xpco\corporate\recordingserver\recorderservice\tst\videoos.recorder.unittests\bin\x64\debug\net472\videoos.recorder.unittests.dll" id="703be512-91ea-7b47-d7fb-c0bd8c9f46c1">
      <Execution id="562cb7b6-5d2c-433f-aa7e-2828fea40321" />
      <TestMethod codeBase="D:\actions-runner\_work\XPCO\XPCO\Corporate\RecordingServer\RecorderService\tst\VideoOS.Recorder.UnitTests\bin\x64\Debug\net472\VideoOS.Recorder.UnitTests.dll" adapterTypeName="executor://mstestadapter/v2" className="VideoOS.Recorder.UnitTests.WebServer.ImageServerRequestHandlerTests" name="ConnectSuccess_End" />
    </UnitTest>
    <UnitTest name="FileUploadCommandHandler_Constructor_NullArg_Throws" storage="d:\actions-runner\_work\xpco\xpco\corporate\recordingserver\recorderservice\tst\videoos.recorder.unittests\bin\x64\debug\net472\videoos.recorder.unittests.dll" id="4aa1f8d1-4091-90cf-7b24-3ca2bebcf71b">
      <Execution id="5ff9aec6-5bf0-4208-ab35-08794e0c1188" />
      <TestMethod codeBase="D:\actions-runner\_work\XPCO\XPCO\Corporate\RecordingServer\RecorderService\tst\VideoOS.Recorder.UnitTests\bin\x64\Debug\net472\VideoOS.Recorder.UnitTests.dll" adapterTypeName="executor://mstestadapter/v2" className="VideoOS.Recorder.UnitTests.Command.FileUploadCommandHandlerUnitTests" name="FileUploadCommandHandler_Constructor_NullArg_Throws" />
    </UnitTest>
    <UnitTest name="FilterTrackIdsToThoseThatShouldNotHaveMediaOnRecorder_InternalStateStartedNoTasks_ReturnsEmptyArray" storage="d:\actions-runner\_work\xpco\xpco\corporate\recordingserver\recorderservice\tst\videoos.recorder.unittests\bin\x64\debug\net472\videoos.recorder.unittests.dll" id="075fcecb-44cd-df6e-55bf-ba09e624e1d1">
      <Execution id="df74e9f8-1775-41d1-968a-415f8aed2c79" />
      <TestMethod codeBase="D:\actions-runner\_work\XPCO\XPCO\Corporate\RecordingServer\RecorderService\tst\VideoOS.Recorder.UnitTests\bin\x64\Debug\net472\VideoOS.Recorder.UnitTests.dll" adapterTypeName="executor://mstestadapter/v2" className="VideoOS.Recorder.UnitTests.CommManagerWebApiTests" name="FilterTrackIdsToThoseThatShouldNotHaveMediaOnRecorder_InternalStateStartedNoTasks_ReturnsEmptyArray" />
    </UnitTest>
    <UnitTest name="PtzManualSession_OnBeforeExecuteRequest_NotRunning" storage="d:\actions-runner\_work\xpco\xpco\corporate\recordingserver\recorderservice\tst\videoos.recorder.unittests\bin\x64\debug\net472\videoos.recorder.unittests.dll" id="4759d55f-49a3-0ea7-167a-01f5ecbcbaf8">
      <Execution id="caf030de-cb52-4873-a5ca-d72be87df29b" />
      <TestMethod codeBase="D:\actions-runner\_work\XPCO\XPCO\Corporate\RecordingServer\RecorderService\tst\VideoOS.Recorder.UnitTests\bin\x64\Debug\net472\VideoOS.Recorder.UnitTests.dll" adapterTypeName="executor://mstestadapter/v2" className="VideoOS.Recorder.UnitTests.Command.PtzSessionsTests" name="PtzManualSession_OnBeforeExecuteRequest_NotRunning" />
    </UnitTest>
    <UnitTest name="EdgeStorageLimitsCheckBandwidthWithLimitElapsedTimeBig" storage="d:\actions-runner\_work\xpco\xpco\corporate\recordingserver\recorderservice\tst\videoos.recorder.unittests\bin\x64\debug\net472\videoos.recorder.unittests.dll" id="837feaec-71be-373c-0f5a-e0b05c8ea6db">
      <TestCategory>
        <TestCategoryItem TestCategory="EdgeStorageLimits" />
      </TestCategory>
      <Execution id="9e1ac30a-03d6-4f7a-9341-ff568ad6b3b3" />
      <TestMethod codeBase="D:\actions-runner\_work\XPCO\XPCO\Corporate\RecordingServer\RecorderService\tst\VideoOS.Recorder.UnitTests\bin\x64\Debug\net472\VideoOS.Recorder.UnitTests.dll" adapterTypeName="executor://mstestadapter/v2" className="VideoOS.Recorder.UnitTests.EdgeStorage.EdgeStorageLimitTests" name="EdgeStorageLimitsCheckBandwidthWithLimitElapsedTimeBig" />
    </UnitTest>
    <UnitTest name="PopulateAuthorizationHeaderAsync_ContentIsNotJson_WebApiException" storage="d:\actions-runner\_work\xpco\xpco\corporate\recordingserver\recorderservice\tst\videoos.recorder.unittests\bin\x64\debug\net472\videoos.recorder.unittests.dll" id="233d0fdf-b96e-c746-7787-2e5bd7a693cf">
      <Execution id="7ca92746-e236-432d-ba09-fe4d74a0ed58" />
      <TestMethod codeBase="D:\actions-runner\_work\XPCO\XPCO\Corporate\RecordingServer\RecorderService\tst\VideoOS.Recorder.UnitTests\bin\x64\Debug\net472\VideoOS.Recorder.UnitTests.dll" adapterTypeName="executor://mstestadapter/v2" className="VideoOS.Recorder.UnitTests.ServerCommunication.RecorderAccessTokenHandlerTests" name="PopulateAuthorizationHeaderAsync_ContentIsNotJson_WebApiException" />
    </UnitTest>
    <UnitTest name="SOAPCommandRequestHandler_ExecuteFunction_HandlePTZGetSessionInfo_Success" storage="d:\actions-runner\_work\xpco\xpco\corporate\recordingserver\recorderservice\tst\videoos.recorder.unittests\bin\x64\debug\net472\videoos.recorder.unittests.dll" id="40deb7ff-fb1f-6dc1-4bf4-d75d301bc388">
      <Execution id="053d361f-95ff-4ebd-84c1-0d81a57f2362" />
      <TestMethod codeBase="D:\actions-runner\_work\XPCO\XPCO\Corporate\RecordingServer\RecorderService\tst\VideoOS.Recorder.UnitTests\bin\x64\Debug\net472\VideoOS.Recorder.UnitTests.dll" adapterTypeName="executor://mstestadapter/v2" className="VideoOS.Recorder.UnitTests.WebServer.SOAPCommandRequestHandlerTests" name="SOAPCommandRequestHandler_ExecuteFunction_HandlePTZGetSessionInfo_Success" />
    </UnitTest>
    <UnitTest name="DatabaseTaskCommandHandler_DatabaseArchiveOperationMonitor_MultiplePasses_Found" storage="d:\actions-runner\_work\xpco\xpco\corporate\recordingserver\recorderservice\tst\videoos.recorder.unittests\bin\x64\debug\net472\videoos.recorder.unittests.dll" id="2a53e5e6-634c-2e15-6881-64128adc81df">
      <Execution id="c48feec8-1ba9-4999-89e8-94adb293fa6a" />
      <TestMethod codeBase="D:\actions-runner\_work\XPCO\XPCO\Corporate\RecordingServer\RecorderService\tst\VideoOS.Recorder.UnitTests\bin\x64\Debug\net472\VideoOS.Recorder.UnitTests.dll" adapterTypeName="executor://mstestadapter/v2" className="VideoOS.Recorder.UnitTests.Command.DatabaseTaskCommandHandlerTest" name="DatabaseTaskCommandHandler_DatabaseArchiveOperationMonitor_MultiplePasses_Found" />
    </UnitTest>
    <UnitTest name="LicenseManager_QueryVisibleFeature_InvalidOperation" storage="d:\actions-runner\_work\xpco\xpco\corporate\recordingserver\recorderservice\tst\videoos.recorder.unittests\bin\x64\debug\net472\videoos.recorder.unittests.dll" id="4f83e79f-0282-c3b1-d51a-da064ad6edb6">
      <TestCategory>
        <TestCategoryItem TestCategory="Licensing" />
      </TestCategory>
      <Execution id="885c2219-c727-4528-a80c-561d2f5301ed" />
      <TestMethod codeBase="D:\actions-runner\_work\XPCO\XPCO\Corporate\RecordingServer\RecorderService\tst\VideoOS.Recorder.UnitTests\bin\x64\Debug\net472\VideoOS.Recorder.UnitTests.dll" adapterTypeName="executor://mstestadapter/v2" className="VideoOS.Recorder.UnitTests.Licensing.LicenseManagerUnitTests" name="LicenseManager_QueryVisibleFeature_InvalidOperation" />
    </UnitTest>
    <UnitTest name="SOAPCommandRequestHandler_ExecuteFunction_HandlePresetMoveTo_No_Security" storage="d:\actions-runner\_work\xpco\xpco\corporate\recordingserver\recorderservice\tst\videoos.recorder.unittests\bin\x64\debug\net472\videoos.recorder.unittests.dll" id="2e74faf9-d82a-af5b-1893-6f43170bdde5">
      <Execution id="1d8da758-a88f-42ca-abab-57bfbbfb79be" />
      <TestMethod codeBase="D:\actions-runner\_work\XPCO\XPCO\Corporate\RecordingServer\RecorderService\tst\VideoOS.Recorder.UnitTests\bin\x64\Debug\net472\VideoOS.Recorder.UnitTests.dll" adapterTypeName="executor://mstestadapter/v2" className="VideoOS.Recorder.UnitTests.WebServer.SOAPCommandRequestHandlerTests" name="SOAPCommandRequestHandler_ExecuteFunction_HandlePresetMoveTo_No_Security" />
    </UnitTest>
    <UnitTest name="SOAPCommandRequestHandler_ExecuteFunction_HandlePTZRectangle_NoWidth" storage="d:\actions-runner\_work\xpco\xpco\corporate\recordingserver\recorderservice\tst\videoos.recorder.unittests\bin\x64\debug\net472\videoos.recorder.unittests.dll" id="e82afa6a-c6be-b3c6-120d-be63c58dbd69">
      <Execution id="613ff470-80ab-4b9f-b6df-dac823e126ee" />
      <TestMethod codeBase="D:\actions-runner\_work\XPCO\XPCO\Corporate\RecordingServer\RecorderService\tst\VideoOS.Recorder.UnitTests\bin\x64\Debug\net472\VideoOS.Recorder.UnitTests.dll" adapterTypeName="executor://mstestadapter/v2" className="VideoOS.Recorder.UnitTests.WebServer.SOAPCommandRequestHandlerTests" name="SOAPCommandRequestHandler_ExecuteFunction_HandlePTZRectangle_NoWidth" />
    </UnitTest>
    <UnitTest name="PtzPatrollingSessionBase_OnDeviceStarted_Success" storage="d:\actions-runner\_work\xpco\xpco\corporate\recordingserver\recorderservice\tst\videoos.recorder.unittests\bin\x64\debug\net472\videoos.recorder.unittests.dll" id="0ca5341d-8f9b-cf5b-83c1-85662533be56">
      <Execution id="89a859d9-edc7-4f0a-b3ae-2a22a4c6ee47" />
      <TestMethod codeBase="D:\actions-runner\_work\XPCO\XPCO\Corporate\RecordingServer\RecorderService\tst\VideoOS.Recorder.UnitTests\bin\x64\Debug\net472\VideoOS.Recorder.UnitTests.dll" adapterTypeName="executor://mstestadapter/v2" className="VideoOS.Recorder.UnitTests.Command.PtzSessionsTests" name="PtzPatrollingSessionBase_OnDeviceStarted_Success" />
    </UnitTest>
    <UnitTest name="FirmwareUpgradeCommandHandler_Execute_FirmwareUpgrade_ThrowsFirmwareUpgradeSessionAlreadyExists_Errors" storage="d:\actions-runner\_work\xpco\xpco\corporate\recordingserver\recorderservice\tst\videoos.recorder.unittests\bin\x64\debug\net472\videoos.recorder.unittests.dll" id="7901392d-3577-bf93-641d-bc76d8a8a033">
      <Execution id="a610ed96-6d3b-4888-a880-804c41fb6a4b" />
      <TestMethod codeBase="D:\actions-runner\_work\XPCO\XPCO\Corporate\RecordingServer\RecorderService\tst\VideoOS.Recorder.UnitTests\bin\x64\Debug\net472\VideoOS.Recorder.UnitTests.dll" adapterTypeName="executor://mstestadapter/v2" className="VideoOS.Recorder.UnitTests.Command.FirmwareUpgradeCommandHandlerUnitTests" name="FirmwareUpgradeCommandHandler_Execute_FirmwareUpgrade_ThrowsFirmwareUpgradeSessionAlreadyExists_Errors" />
    </UnitTest>
    <UnitTest name="SOAPCommandRequestHandler_ExecuteFunction_HandlePTZDeactivatePatrollingSchema_NoDeviceId" storage="d:\actions-runner\_work\xpco\xpco\corporate\recordingserver\recorderservice\tst\videoos.recorder.unittests\bin\x64\debug\net472\videoos.recorder.unittests.dll" id="baff1e4c-b682-9019-04f4-ee7c6241c8fb">
      <Execution id="4da81af5-22b2-4fed-8fec-94dafdba8d19" />
      <TestMethod codeBase="D:\actions-runner\_work\XPCO\XPCO\Corporate\RecordingServer\RecorderService\tst\VideoOS.Recorder.UnitTests\bin\x64\Debug\net472\VideoOS.Recorder.UnitTests.dll" adapterTypeName="executor://mstestadapter/v2" className="VideoOS.Recorder.UnitTests.WebServer.SOAPCommandRequestHandlerTests" name="SOAPCommandRequestHandler_ExecuteFunction_HandlePTZDeactivatePatrollingSchema_NoDeviceId" />
    </UnitTest>
    <UnitTest name="SOAPCommandRequestHandler_ExecuteFunction_HandlePTZReserveSession_NoDeviceId" storage="d:\actions-runner\_work\xpco\xpco\corporate\recordingserver\recorderservice\tst\videoos.recorder.unittests\bin\x64\debug\net472\videoos.recorder.unittests.dll" id="4b466b45-b55d-057d-5ed1-51385987fb8e">
      <Execution id="4dbe4b71-e159-4f7a-abb4-36a81b84ed7c" />
      <TestMethod codeBase="D:\actions-runner\_work\XPCO\XPCO\Corporate\RecordingServer\RecorderService\tst\VideoOS.Recorder.UnitTests\bin\x64\Debug\net472\VideoOS.Recorder.UnitTests.dll" adapterTypeName="executor://mstestadapter/v2" className="VideoOS.Recorder.UnitTests.WebServer.SOAPCommandRequestHandlerTests" name="SOAPCommandRequestHandler_ExecuteFunction_HandlePTZReserveSession_NoDeviceId" />
    </UnitTest>
    <UnitTest name="CheckExternalRecorderRegistrationCommandHandler_Execute_ExternalRecorder_Registered_TrueResponse" storage="d:\actions-runner\_work\xpco\xpco\corporate\recordingserver\recorderservice\tst\videoos.recorder.unittests\bin\x64\debug\net472\videoos.recorder.unittests.dll" id="9a16ed3b-15b3-1007-93f3-42a0751d2bc3">
      <Execution id="90edf16b-b4d8-46d1-a996-24d0c6bbf189" />
      <TestMethod codeBase="D:\actions-runner\_work\XPCO\XPCO\Corporate\RecordingServer\RecorderService\tst\VideoOS.Recorder.UnitTests\bin\x64\Debug\net472\VideoOS.Recorder.UnitTests.dll" adapterTypeName="executor://mstestadapter/v2" className="VideoOS.Recorder.UnitTests.Command.CheckExternalRecorderRegistrationCommandHandlerUnitTests" name="CheckExternalRecorderRegistrationCommandHandler_Execute_ExternalRecorder_Registered_TrueResponse" />
    </UnitTest>
    <UnitTest name="PtzPatrollingSession_Constructor_ArgumentNullException" storage="d:\actions-runner\_work\xpco\xpco\corporate\recordingserver\recorderservice\tst\videoos.recorder.unittests\bin\x64\debug\net472\videoos.recorder.unittests.dll" id="3f45c582-7055-c0c3-8a6c-b27ce510730c">
      <Execution id="e3f3b380-aca1-46d0-b8cd-a6a509d4dd89" />
      <TestMethod codeBase="D:\actions-runner\_work\XPCO\XPCO\Corporate\RecordingServer\RecorderService\tst\VideoOS.Recorder.UnitTests\bin\x64\Debug\net472\VideoOS.Recorder.UnitTests.dll" adapterTypeName="executor://mstestadapter/v2" className="VideoOS.Recorder.UnitTests.Command.PtzSessionsTests" name="PtzPatrollingSession_Constructor_ArgumentNullException" />
    </UnitTest>
    <UnitTest name="GetAbsolutePtzPosition_ModelIsValid_CommandExecuted" storage="d:\actions-runner\_work\xpco\xpco\corporate\recordingserver\recorderservice\tst\videoos.recorder.unittests\bin\x64\debug\net472\videoos.recorder.unittests.dll" id="a2cfe856-cbff-ef4a-7692-55dbde1ccd57">
      <Execution id="0cecb717-c708-460e-8b9f-a06a69fb3f9a" />
      <TestMethod codeBase="D:\actions-runner\_work\XPCO\XPCO\Corporate\RecordingServer\RecorderService\tst\VideoOS.Recorder.UnitTests\bin\x64\Debug\net472\VideoOS.Recorder.UnitTests.dll" adapterTypeName="executor://mstestadapter/v2" className="VideoOS.Recorder.UnitTests.PtzControllerTests" name="GetAbsolutePtzPosition_ModelIsValid_CommandExecuted" />
    </UnitTest>
    <UnitTest name="Start_WithEmptyAddressesList_ShouldCompleteImmediately" storage="d:\actions-runner\_work\xpco\xpco\corporate\recordingserver\recorderservice\tst\videoos.recorder.unittests\bin\x64\debug\net472\videoos.recorder.unittests.dll" id="bfa3d061-b315-c94a-94a5-f42fe237084c">
      <Execution id="34ddd405-d1d7-4eb2-a7d9-953de2b71966" />
      <TestMethod codeBase="D:\actions-runner\_work\XPCO\XPCO\Corporate\RecordingServer\RecorderService\tst\VideoOS.Recorder.UnitTests\bin\x64\Debug\net472\VideoOS.Recorder.UnitTests.dll" adapterTypeName="executor://mstestadapter/v2" className="VideoOS.Recorder.UnitTests.DeviceDiscovery.MipDriversDiscoveryTaskTests" name="Start_WithEmptyAddressesList_ShouldCompleteImmediately" />
    </UnitTest>
    <UnitTest name="PtzManager_ActivatePatrollingSchema_Success" storage="d:\actions-runner\_work\xpco\xpco\corporate\recordingserver\recorderservice\tst\videoos.recorder.unittests\bin\x64\debug\net472\videoos.recorder.unittests.dll" id="4ab85330-3715-6760-6b66-c97c2904e0fb">
      <Execution id="f177882a-d2c7-46ef-8770-aef2741c41cd" />
      <TestMethod codeBase="D:\actions-runner\_work\XPCO\XPCO\Corporate\RecordingServer\RecorderService\tst\VideoOS.Recorder.UnitTests\bin\x64\Debug\net472\VideoOS.Recorder.UnitTests.dll" adapterTypeName="executor://mstestadapter/v2" className="VideoOS.Recorder.UnitTests.Command.PtzManagerTests" name="PtzManager_ActivatePatrollingSchema_Success" />
    </UnitTest>
    <UnitTest name="DeleteHardwareUserCommandHandler_Execute_HardwareNotFound_Fails" storage="d:\actions-runner\_work\xpco\xpco\corporate\recordingserver\recorderservice\tst\videoos.recorder.unittests\bin\x64\debug\net472\videoos.recorder.unittests.dll" id="d8494be8-eca0-1496-06ad-a94cbb3fdc12">
      <Execution id="312dde40-8981-49ad-926b-d7bfe13a61a6" />
      <TestMethod codeBase="D:\actions-runner\_work\XPCO\XPCO\Corporate\RecordingServer\RecorderService\tst\VideoOS.Recorder.UnitTests\bin\x64\Debug\net472\VideoOS.Recorder.UnitTests.dll" adapterTypeName="executor://mstestadapter/v2" className="VideoOS.Recorder.UnitTests.Command.DeleteHardwareUserCommandHandlerTest" name="DeleteHardwareUserCommandHandler_Execute_HardwareNotFound_Fails" />
    </UnitTest>
    <UnitTest name="Dispose_HandlesExceptionsFromTask_OnExceptionThrown" storage="d:\actions-runner\_work\xpco\xpco\corporate\recordingserver\recorderservice\tst\videoos.recorder.unittests\bin\x64\debug\net472\videoos.recorder.unittests.dll" id="17ec7308-7d04-3094-3253-22c15f28cc54">
      <TestCategory>
        <TestCategoryItem TestCategory="ObjectModel.RecordingStorage" />
      </TestCategory>
      <Execution id="f686718d-e81d-49b2-aad1-f4983245216d" />
      <TestMethod codeBase="D:\actions-runner\_work\XPCO\XPCO\Corporate\RecordingServer\RecorderService\tst\VideoOS.Recorder.UnitTests\bin\x64\Debug\net472\VideoOS.Recorder.UnitTests.dll" adapterTypeName="executor://mstestadapter/v2" className="VideoOS.Recorder.UnitTests.ObjectModel.RecordingStorageTests" name="Dispose_HandlesExceptionsFromTask_OnExceptionThrown" />
    </UnitTest>
    <UnitTest name="SynchronizeDevicePresets_ModelIsValid_CommandExecuted" storage="d:\actions-runner\_work\xpco\xpco\corporate\recordingserver\recorderservice\tst\videoos.recorder.unittests\bin\x64\debug\net472\videoos.recorder.unittests.dll" id="64a850ad-5e29-6e93-1ddc-00d75c2aad72">
      <Execution id="db8f2cee-de96-46af-ad1e-2d9c1d8f0a93" />
      <TestMethod codeBase="D:\actions-runner\_work\XPCO\XPCO\Corporate\RecordingServer\RecorderService\tst\VideoOS.Recorder.UnitTests\bin\x64\Debug\net472\VideoOS.Recorder.UnitTests.dll" adapterTypeName="executor://mstestadapter/v2" className="VideoOS.Recorder.UnitTests.PtzControllerTests" name="SynchronizeDevicePresets_ModelIsValid_CommandExecuted" />
    </UnitTest>
    <UnitTest name="SOAPCommandRequestHandler_ExecuteFunction_HandlePTZMoveAbsolute_NoDeviceId" storage="d:\actions-runner\_work\xpco\xpco\corporate\recordingserver\recorderservice\tst\videoos.recorder.unittests\bin\x64\debug\net472\videoos.recorder.unittests.dll" id="3b282e31-e662-2209-1675-06885da7712c">
      <Execution id="c9fbc157-97d3-4edc-86ac-84277c77c81c" />
      <TestMethod codeBase="D:\actions-runner\_work\XPCO\XPCO\Corporate\RecordingServer\RecorderService\tst\VideoOS.Recorder.UnitTests\bin\x64\Debug\net472\VideoOS.Recorder.UnitTests.dll" adapterTypeName="executor://mstestadapter/v2" className="VideoOS.Recorder.UnitTests.WebServer.SOAPCommandRequestHandlerTests" name="SOAPCommandRequestHandler_ExecuteFunction_HandlePTZMoveAbsolute_NoDeviceId" />
    </UnitTest>
    <UnitTest name="ConnectFailed_TokenInvalid" storage="d:\actions-runner\_work\xpco\xpco\corporate\recordingserver\recorderservice\tst\videoos.recorder.unittests\bin\x64\debug\net472\videoos.recorder.unittests.dll" id="73433b47-eaba-3e3a-a433-dcdfa7c5634e">
      <Execution id="e07a702f-429d-4e19-b9be-f5ee114941a4" />
      <TestMethod codeBase="D:\actions-runner\_work\XPCO\XPCO\Corporate\RecordingServer\RecorderService\tst\VideoOS.Recorder.UnitTests\bin\x64\Debug\net472\VideoOS.Recorder.UnitTests.dll" adapterTypeName="executor://mstestadapter/v2" className="VideoOS.Recorder.UnitTests.WebServer.ImageServerRequestHandlerTests" name="ConnectFailed_TokenInvalid" />
    </UnitTest>
    <UnitTest name="SOAPCommandRequestHandler_ExecuteFunction_HandlePTZMoveStart_No_Priority" storage="d:\actions-runner\_work\xpco\xpco\corporate\recordingserver\recorderservice\tst\videoos.recorder.unittests\bin\x64\debug\net472\videoos.recorder.unittests.dll" id="f169f7f2-5376-4022-cc02-e7e57970d2db">
      <Execution id="7d7d803d-7ba7-4873-a4eb-dc9afe8edbdb" />
      <TestMethod codeBase="D:\actions-runner\_work\XPCO\XPCO\Corporate\RecordingServer\RecorderService\tst\VideoOS.Recorder.UnitTests\bin\x64\Debug\net472\VideoOS.Recorder.UnitTests.dll" adapterTypeName="executor://mstestadapter/v2" className="VideoOS.Recorder.UnitTests.WebServer.SOAPCommandRequestHandlerTests" name="SOAPCommandRequestHandler_ExecuteFunction_HandlePTZMoveStart_No_Priority" />
    </UnitTest>
    <UnitTest name="SOAPCommandRequestHandler_ExecuteFunction_HandleTimeLineInformationGet_No_Speaker_Security" storage="d:\actions-runner\_work\xpco\xpco\corporate\recordingserver\recorderservice\tst\videoos.recorder.unittests\bin\x64\debug\net472\videoos.recorder.unittests.dll" id="e1fa1536-4979-0f56-a61e-4c8bdc511740">
      <Execution id="d7fa85f6-1417-47ae-9ba5-df030ba3fa22" />
      <TestMethod codeBase="D:\actions-runner\_work\XPCO\XPCO\Corporate\RecordingServer\RecorderService\tst\VideoOS.Recorder.UnitTests\bin\x64\Debug\net472\VideoOS.Recorder.UnitTests.dll" adapterTypeName="executor://mstestadapter/v2" className="VideoOS.Recorder.UnitTests.WebServer.SOAPCommandRequestHandlerTests" name="SOAPCommandRequestHandler_ExecuteFunction_HandleTimeLineInformationGet_No_Speaker_Security" />
    </UnitTest>
    <UnitTest name="ChangeHardwarePasswordCommandHandler_Execute_NullArgs_Throws" storage="d:\actions-runner\_work\xpco\xpco\corporate\recordingserver\recorderservice\tst\videoos.recorder.unittests\bin\x64\debug\net472\videoos.recorder.unittests.dll" id="e43a90f4-de92-83c8-763d-039a5712ec18">
      <Execution id="fedc06d8-4c31-4cc8-a251-97239ee14655" />
      <TestMethod codeBase="D:\actions-runner\_work\XPCO\XPCO\Corporate\RecordingServer\RecorderService\tst\VideoOS.Recorder.UnitTests\bin\x64\Debug\net472\VideoOS.Recorder.UnitTests.dll" adapterTypeName="executor://mstestadapter/v2" className="VideoOS.Recorder.UnitTests.Command.ChangeHardwarePasswordCommandHandlerUnitTests" name="ChangeHardwarePasswordCommandHandler_Execute_NullArgs_Throws" />
    </UnitTest>
    <UnitTest name="SOAPCommandRequestHandler_ExecuteFunction_HandlePTZReleaseSession_NoDeviceId" storage="d:\actions-runner\_work\xpco\xpco\corporate\recordingserver\recorderservice\tst\videoos.recorder.unittests\bin\x64\debug\net472\videoos.recorder.unittests.dll" id="6325daee-cf8a-a37b-1083-aec848ba8eaa">
      <Execution id="9826dd18-8daa-416a-a9ed-315e4ddc318d" />
      <TestMethod codeBase="D:\actions-runner\_work\XPCO\XPCO\Corporate\RecordingServer\RecorderService\tst\VideoOS.Recorder.UnitTests\bin\x64\Debug\net472\VideoOS.Recorder.UnitTests.dll" adapterTypeName="executor://mstestadapter/v2" className="VideoOS.Recorder.UnitTests.WebServer.SOAPCommandRequestHandlerTests" name="SOAPCommandRequestHandler_ExecuteFunction_HandlePTZReleaseSession_NoDeviceId" />
    </UnitTest>
    <UnitTest name="Ctor_Null_Throws_ArgumentNullException" storage="d:\actions-runner\_work\xpco\xpco\corporate\recordingserver\recorderservice\tst\videoos.recorder.unittests\bin\x64\debug\net472\videoos.recorder.unittests.dll" id="05ff1802-02e0-caac-c581-abbda79bfe56">
      <Execution id="8370c79e-0373-4c41-bb86-4fb19e661bf2" />
      <TestMethod codeBase="D:\actions-runner\_work\XPCO\XPCO\Corporate\RecordingServer\RecorderService\tst\VideoOS.Recorder.UnitTests\bin\x64\Debug\net472\VideoOS.Recorder.UnitTests.dll" adapterTypeName="executor://mstestadapter/v2" className="VideoOS.Recorder.UnitTests.Multicast.LiveMulticastProcessorUnitTests" name="Ctor_Null_Throws_ArgumentNullException" />
    </UnitTest>
    <UnitTest name="SetNetworkConfigurationCommandHandler_Execute_SetNetworkConfiguration_ThrowsNoHardwareAccess_Errors" storage="d:\actions-runner\_work\xpco\xpco\corporate\recordingserver\recorderservice\tst\videoos.recorder.unittests\bin\x64\debug\net472\videoos.recorder.unittests.dll" id="23b815c5-4d23-70cb-0402-9d0899ee10d1">
      <Execution id="ce0fda5f-0a81-478a-819f-c62743fe0b5d" />
      <TestMethod codeBase="D:\actions-runner\_work\XPCO\XPCO\Corporate\RecordingServer\RecorderService\tst\VideoOS.Recorder.UnitTests\bin\x64\Debug\net472\VideoOS.Recorder.UnitTests.dll" adapterTypeName="executor://mstestadapter/v2" className="VideoOS.Recorder.UnitTests.Command.SetNetworkConfigurationCommandHandlerUnitTests" name="SetNetworkConfigurationCommandHandler_Execute_SetNetworkConfiguration_ThrowsNoHardwareAccess_Errors" />
    </UnitTest>
    <UnitTest name="PtzManager_Constructor_ArgumentNullException" storage="d:\actions-runner\_work\xpco\xpco\corporate\recordingserver\recorderservice\tst\videoos.recorder.unittests\bin\x64\debug\net472\videoos.recorder.unittests.dll" id="a499118d-35ef-b266-7ef2-2ca0b387f1f0">
      <Execution id="6c17e3a0-5ab0-4253-abd1-876abb73059a" />
      <TestMethod codeBase="D:\actions-runner\_work\XPCO\XPCO\Corporate\RecordingServer\RecorderService\tst\VideoOS.Recorder.UnitTests\bin\x64\Debug\net472\VideoOS.Recorder.UnitTests.dll" adapterTypeName="executor://mstestadapter/v2" className="VideoOS.Recorder.UnitTests.Command.PtzManagerTests" name="PtzManager_Constructor_ArgumentNullException" />
    </UnitTest>
    <UnitTest name="CheckDeleteDeviceMediaCommandHandler_LocalConfigEmpty_MediaDbG1_NoExistedTracks_DeviceNotStopped_NoDelete" storage="d:\actions-runner\_work\xpco\xpco\corporate\recordingserver\recorderservice\tst\videoos.recorder.unittests\bin\x64\debug\net472\videoos.recorder.unittests.dll" id="5336cade-c3b9-8ee6-22d0-aec741cfd9c1">
      <Execution id="e445651e-7853-401a-bbd3-a86537494c2f" />
      <TestMethod codeBase="D:\actions-runner\_work\XPCO\XPCO\Corporate\RecordingServer\RecorderService\tst\VideoOS.Recorder.UnitTests\bin\x64\Debug\net472\VideoOS.Recorder.UnitTests.dll" adapterTypeName="executor://mstestadapter/v2" className="VideoOS.Recorder.UnitTests.Command.CheckDeleteDeviceMediaCommandHandlerTests" name="CheckDeleteDeviceMediaCommandHandler_LocalConfigEmpty_MediaDbG1_NoExistedTracks_DeviceNotStopped_NoDelete" />
    </UnitTest>
    <UnitTest name="ConstructAndCallMethodsForNotConfiguredNotCamera" storage="d:\actions-runner\_work\xpco\xpco\corporate\recordingserver\recorderservice\tst\videoos.recorder.unittests\bin\x64\debug\net472\videoos.recorder.unittests.dll" id="a29f3c96-61ec-8d2e-3d4e-4d7c87633011">
      <TestCategory>
        <TestCategoryItem TestCategory="ObjectModel.Device.RelatedDeviceHandler" />
      </TestCategory>
      <Execution id="fd756b09-a4c1-482e-b73e-e58620224706" />
      <TestMethod codeBase="D:\actions-runner\_work\XPCO\XPCO\Corporate\RecordingServer\RecorderService\tst\VideoOS.Recorder.UnitTests\bin\x64\Debug\net472\VideoOS.Recorder.UnitTests.dll" adapterTypeName="executor://mstestadapter/v2" className="VideoOS.Recorder.UnitTests.ObjectModel.RelatedDeviceHandlerTest" name="ConstructAndCallMethodsForNotConfiguredNotCamera" />
    </UnitTest>
    <UnitTest name="TestLiveTableStatusCreatedWithTableExists" storage="d:\actions-runner\_work\xpco\xpco\corporate\recordingserver\recorderservice\tst\videoos.recorder.unittests\bin\x64\debug\net472\videoos.recorder.unittests.dll" id="747d4eb4-0e1e-7882-20c3-6bddaa2d9376">
      <Execution id="75d1ed55-61fd-42ac-87ec-103d2737386b" />
      <TestMethod codeBase="D:\actions-runner\_work\XPCO\XPCO\Corporate\RecordingServer\RecorderService\tst\VideoOS.Recorder.UnitTests\bin\x64\Debug\net472\VideoOS.Recorder.UnitTests.dll" adapterTypeName="executor://mstestadapter/v2" className="VideoOS.Recorder.UnitTests.Database.MediaDbLiveTableRegistrationTests" name="TestLiveTableStatusCreatedWithTableExists" />
    </UnitTest>
    <UnitTest name="EdgeStorageLimitsCheckBandwidthNoLimit" storage="d:\actions-runner\_work\xpco\xpco\corporate\recordingserver\recorderservice\tst\videoos.recorder.unittests\bin\x64\debug\net472\videoos.recorder.unittests.dll" id="ebc835dd-627e-352c-492e-584b9a5879f9">
      <TestCategory>
        <TestCategoryItem TestCategory="EdgeStorageLimits" />
      </TestCategory>
      <Execution id="73de0a8c-2dc4-4a53-b799-aac0cfdd0552" />
      <TestMethod codeBase="D:\actions-runner\_work\XPCO\XPCO\Corporate\RecordingServer\RecorderService\tst\VideoOS.Recorder.UnitTests\bin\x64\Debug\net472\VideoOS.Recorder.UnitTests.dll" adapterTypeName="executor://mstestadapter/v2" className="VideoOS.Recorder.UnitTests.EdgeStorage.EdgeStorageLimitTests" name="EdgeStorageLimitsCheckBandwidthNoLimit" />
    </UnitTest>
    <UnitTest name="Constructor_TimerIsNull_ArgumentNullException" storage="d:\actions-runner\_work\xpco\xpco\corporate\recordingserver\recorderservice\tst\videoos.recorder.unittests\bin\x64\debug\net472\videoos.recorder.unittests.dll" id="6b8f630c-afdd-dd9f-a40a-fa7a6cdec1ef">
      <Execution id="937daefc-9a01-4a3b-aff5-2623a88fc217" />
      <TestMethod codeBase="D:\actions-runner\_work\XPCO\XPCO\Corporate\RecordingServer\RecorderService\tst\VideoOS.Recorder.UnitTests\bin\x64\Debug\net472\VideoOS.Recorder.UnitTests.dll" adapterTypeName="executor://mstestadapter/v2" className="VideoOS.Recorder.UnitTests.PingManagerTests" name="Constructor_TimerIsNull_ArgumentNullException" />
    </UnitTest>
    <UnitTest name="DeleteHardwareUserCommandHandler_Execute_AccessDenied_Error" storage="d:\actions-runner\_work\xpco\xpco\corporate\recordingserver\recorderservice\tst\videoos.recorder.unittests\bin\x64\debug\net472\videoos.recorder.unittests.dll" id="847a0fa3-5d84-62ca-d516-b826e9ef6eea">
      <Execution id="809c6f18-d5d7-4fd7-a65c-ed55fefd24b6" />
      <TestMethod codeBase="D:\actions-runner\_work\XPCO\XPCO\Corporate\RecordingServer\RecorderService\tst\VideoOS.Recorder.UnitTests\bin\x64\Debug\net472\VideoOS.Recorder.UnitTests.dll" adapterTypeName="executor://mstestadapter/v2" className="VideoOS.Recorder.UnitTests.Command.DeleteHardwareUserCommandHandlerTest" name="DeleteHardwareUserCommandHandler_Execute_AccessDenied_Error" />
    </UnitTest>
    <UnitTest name="ConnectFailed_DeviceDisabled" storage="d:\actions-runner\_work\xpco\xpco\corporate\recordingserver\recorderservice\tst\videoos.recorder.unittests\bin\x64\debug\net472\videoos.recorder.unittests.dll" id="ef5c9134-9612-2b86-7a01-cd472bba9065">
      <Execution id="2b009cf5-9662-464f-a093-4f02de7373ec" />
      <TestMethod codeBase="D:\actions-runner\_work\XPCO\XPCO\Corporate\RecordingServer\RecorderService\tst\VideoOS.Recorder.UnitTests\bin\x64\Debug\net472\VideoOS.Recorder.UnitTests.dll" adapterTypeName="executor://mstestadapter/v2" className="VideoOS.Recorder.UnitTests.WebServer.ImageServerRequestHandlerTests" name="ConnectFailed_DeviceDisabled" />
    </UnitTest>
    <UnitTest name="PtzManager_SetConfiguration_Success" storage="d:\actions-runner\_work\xpco\xpco\corporate\recordingserver\recorderservice\tst\videoos.recorder.unittests\bin\x64\debug\net472\videoos.recorder.unittests.dll" id="4d35923a-0ff1-6989-6f70-f96054d7fe14">
      <Execution id="2b3ed604-b958-485d-bb08-5307d605209a" />
      <TestMethod codeBase="D:\actions-runner\_work\XPCO\XPCO\Corporate\RecordingServer\RecorderService\tst\VideoOS.Recorder.UnitTests\bin\x64\Debug\net472\VideoOS.Recorder.UnitTests.dll" adapterTypeName="executor://mstestadapter/v2" className="VideoOS.Recorder.UnitTests.Command.PtzManagerTests" name="PtzManager_SetConfiguration_Success" />
    </UnitTest>
    <UnitTest name="PtzReserveSessionCommandHandler_Execute_DriverPtzException" storage="d:\actions-runner\_work\xpco\xpco\corporate\recordingserver\recorderservice\tst\videoos.recorder.unittests\bin\x64\debug\net472\videoos.recorder.unittests.dll" id="86f22bb5-31da-5485-1f85-12995044f993">
      <Execution id="45b8b465-c733-4898-be03-8da366272813" />
      <TestMethod codeBase="D:\actions-runner\_work\XPCO\XPCO\Corporate\RecordingServer\RecorderService\tst\VideoOS.Recorder.UnitTests\bin\x64\Debug\net472\VideoOS.Recorder.UnitTests.dll" adapterTypeName="executor://mstestadapter/v2" className="VideoOS.Recorder.UnitTests.Command.PtzReserveSessionCommandHandlerTest" name="PtzReserveSessionCommandHandler_Execute_DriverPtzException" />
    </UnitTest>
    <UnitTest name="EdgeStorageLimitsCheckBandwidthWithLimitExceededMaxWait" storage="d:\actions-runner\_work\xpco\xpco\corporate\recordingserver\recorderservice\tst\videoos.recorder.unittests\bin\x64\debug\net472\videoos.recorder.unittests.dll" id="0996da3d-5125-1586-6301-d0ce39bfc9f0">
      <TestCategory>
        <TestCategoryItem TestCategory="EdgeStorageLimits" />
      </TestCategory>
      <Execution id="bbf655ee-00bc-42e6-a76c-7a2247c07efc" />
      <TestMethod codeBase="D:\actions-runner\_work\XPCO\XPCO\Corporate\RecordingServer\RecorderService\tst\VideoOS.Recorder.UnitTests\bin\x64\Debug\net472\VideoOS.Recorder.UnitTests.dll" adapterTypeName="executor://mstestadapter/v2" className="VideoOS.Recorder.UnitTests.EdgeStorage.EdgeStorageLimitTests" name="EdgeStorageLimitsCheckBandwidthWithLimitExceededMaxWait" />
    </UnitTest>
    <UnitTest name="GetHardwareUsersCommandHandler_Execute_GetHardwareUsersResponseReturned" storage="d:\actions-runner\_work\xpco\xpco\corporate\recordingserver\recorderservice\tst\videoos.recorder.unittests\bin\x64\debug\net472\videoos.recorder.unittests.dll" id="edeb0151-49f5-2be5-1026-0c32117b919b">
      <Execution id="0e5cd108-d817-495c-ad23-8b1d5b95ed53" />
      <TestMethod codeBase="D:\actions-runner\_work\XPCO\XPCO\Corporate\RecordingServer\RecorderService\tst\VideoOS.Recorder.UnitTests\bin\x64\Debug\net472\VideoOS.Recorder.UnitTests.dll" adapterTypeName="executor://mstestadapter/v2" className="VideoOS.Recorder.UnitTests.Command.GetHardwareUsersCommandHandlerUnitTests" name="GetHardwareUsersCommandHandler_Execute_GetHardwareUsersResponseReturned" />
    </UnitTest>
    <UnitTest name="DriverProxyInstanceManager_AddMultipleHardware_AddedToProxyInstances" storage="d:\actions-runner\_work\xpco\xpco\corporate\recordingserver\recorderservice\tst\videoos.recorder.unittests\bin\x64\debug\net472\videoos.recorder.unittests.dll" id="8cf37d7b-ab2b-9d8b-5903-16a8f3409c01">
      <Execution id="11c9aecb-cb79-4fbc-a76f-b305ddb78d74" />
      <TestMethod codeBase="D:\actions-runner\_work\XPCO\XPCO\Corporate\RecordingServer\RecorderService\tst\VideoOS.Recorder.UnitTests\bin\x64\Debug\net472\VideoOS.Recorder.UnitTests.dll" adapterTypeName="executor://mstestadapter/v2" className="VideoOS.Recorder.UnitTests.DriverProxyInstanceManagerTests" name="DriverProxyInstanceManager_AddMultipleHardware_AddedToProxyInstances" />
    </UnitTest>
    <UnitTest name="RequestRecordKeyframesOnlyIgnoreSecondaryIdentifiers_SetsRecordAllFramesToFalse_OnOneSource" storage="d:\actions-runner\_work\xpco\xpco\corporate\recordingserver\recorderservice\tst\videoos.recorder.unittests\bin\x64\debug\net472\videoos.recorder.unittests.dll" id="b6b3d141-f8a0-c55c-b1a6-650c04389773">
      <TestCategory>
        <TestCategoryItem TestCategory="KeyframeRecording" />
      </TestCategory>
      <Execution id="b8babfbc-d567-413c-abe0-54b6b563043a" />
      <TestMethod codeBase="D:\actions-runner\_work\XPCO\XPCO\Corporate\RecordingServer\RecorderService\tst\VideoOS.Recorder.UnitTests\bin\x64\Debug\net472\VideoOS.Recorder.UnitTests.dll" adapterTypeName="executor://mstestadapter/v2" className="VideoOS.Recorder.UnitTests.StateEvaluation.DeviceRecordKeyframesStateEvaluatorTests" name="RequestRecordKeyframesOnlyIgnoreSecondaryIdentifiers_SetsRecordAllFramesToFalse_OnOneSource" />
    </UnitTest>
    <UnitTest name="UpdateConfigurationFromDiffGram_Null_Throws_ArgumentNullException" storage="d:\actions-runner\_work\xpco\xpco\corporate\recordingserver\recorderservice\tst\videoos.recorder.unittests\bin\x64\debug\net472\videoos.recorder.unittests.dll" id="3ca7b289-91b8-9444-c025-ecebe5f8f48f">
      <Execution id="25161765-c6f7-4274-9a38-b34a79b5b3dd" />
      <TestMethod codeBase="D:\actions-runner\_work\XPCO\XPCO\Corporate\RecordingServer\RecorderService\tst\VideoOS.Recorder.UnitTests\bin\x64\Debug\net472\VideoOS.Recorder.UnitTests.dll" adapterTypeName="executor://mstestadapter/v2" className="VideoOS.Recorder.UnitTests.Multicast.LiveMulticastProcessorUnitTests" name="UpdateConfigurationFromDiffGram_Null_Throws_ArgumentNullException" />
    </UnitTest>
    <UnitTest name="DiffGramToApplyToOrigionalDataSetToMakeItIdenticalWithNewDataSet_HandleDeletedRows" storage="d:\actions-runner\_work\xpco\xpco\corporate\recordingserver\recorderservice\tst\videoos.recorder.unittests\bin\x64\debug\net472\videoos.recorder.unittests.dll" id="d3de26a3-44d9-d03e-dc04-99987ed37276">
      <Execution id="49906236-0586-441a-b4cc-a0adcd4cb2e4" />
      <TestMethod codeBase="D:\actions-runner\_work\XPCO\XPCO\Corporate\RecordingServer\RecorderService\tst\VideoOS.Recorder.UnitTests\bin\x64\Debug\net472\VideoOS.Recorder.UnitTests.dll" adapterTypeName="executor://mstestadapter/v2" className="VideoOS.Recorder.UnitTests.DataSetUtilityUnitTests" name="DiffGramToApplyToOrigionalDataSetToMakeItIdenticalWithNewDataSet_HandleDeletedRows" />
    </UnitTest>
    <UnitTest name="SOAPCommandRequestHandler_ExecuteFunction_HandlePTZReserveSession_No_Security" storage="d:\actions-runner\_work\xpco\xpco\corporate\recordingserver\recorderservice\tst\videoos.recorder.unittests\bin\x64\debug\net472\videoos.recorder.unittests.dll" id="a0976502-e751-41de-5d03-12010e86cc0f">
      <Execution id="fb63af05-1f8b-46f7-8235-d359bed04448" />
      <TestMethod codeBase="D:\actions-runner\_work\XPCO\XPCO\Corporate\RecordingServer\RecorderService\tst\VideoOS.Recorder.UnitTests\bin\x64\Debug\net472\VideoOS.Recorder.UnitTests.dll" adapterTypeName="executor://mstestadapter/v2" className="VideoOS.Recorder.UnitTests.WebServer.SOAPCommandRequestHandlerTests" name="SOAPCommandRequestHandler_ExecuteFunction_HandlePTZReserveSession_No_Security" />
    </UnitTest>
    <UnitTest name="SOAPCommandRequestHandler_ExecuteFunction_HandleMulticastStop_NoMulticastSessionIds" storage="d:\actions-runner\_work\xpco\xpco\corporate\recordingserver\recorderservice\tst\videoos.recorder.unittests\bin\x64\debug\net472\videoos.recorder.unittests.dll" id="f8b14395-e052-0428-5944-d990b243089b">
      <Execution id="e42450da-9ec5-4fd3-9d4c-2c6f59dd65bb" />
      <TestMethod codeBase="D:\actions-runner\_work\XPCO\XPCO\Corporate\RecordingServer\RecorderService\tst\VideoOS.Recorder.UnitTests\bin\x64\Debug\net472\VideoOS.Recorder.UnitTests.dll" adapterTypeName="executor://mstestadapter/v2" className="VideoOS.Recorder.UnitTests.WebServer.SOAPCommandRequestHandlerTests" name="SOAPCommandRequestHandler_ExecuteFunction_HandleMulticastStop_NoMulticastSessionIds" />
    </UnitTest>
    <UnitTest name="AudioMessageManager_SetConfiguration" storage="d:\actions-runner\_work\xpco\xpco\corporate\recordingserver\recorderservice\tst\videoos.recorder.unittests\bin\x64\debug\net472\videoos.recorder.unittests.dll" id="79903201-33ba-93b6-3e20-a3403f40778d">
      <Execution id="8ea13f73-baa7-4971-8d41-dc85b6834b6d" />
      <TestMethod codeBase="D:\actions-runner\_work\XPCO\XPCO\Corporate\RecordingServer\RecorderService\tst\VideoOS.Recorder.UnitTests\bin\x64\Debug\net472\VideoOS.Recorder.UnitTests.dll" adapterTypeName="executor://mstestadapter/v2" className="VideoOS.Recorder.UnitTests.AudioMessageHandling.AudioMessageManagerTests" name="AudioMessageManager_SetConfiguration" />
    </UnitTest>
    <UnitTest name="DatabaseoperationCommandhandler_FilterTrackIdsToThoseWithoutMediaOnRecorder_AreAllBanksOnline_Second_time_Returns_false_Causes_DataExists" storage="d:\actions-runner\_work\xpco\xpco\corporate\recordingserver\recorderservice\tst\videoos.recorder.unittests\bin\x64\debug\net472\videoos.recorder.unittests.dll" id="68a556ca-48c1-0850-8a0e-3d75153beff8">
      <Execution id="4fd85f4d-112b-4261-af5c-7b99bb238030" />
      <TestMethod codeBase="D:\actions-runner\_work\XPCO\XPCO\Corporate\RecordingServer\RecorderService\tst\VideoOS.Recorder.UnitTests\bin\x64\Debug\net472\VideoOS.Recorder.UnitTests.dll" adapterTypeName="executor://mstestadapter/v2" className="VideoOS.Recorder.UnitTests.Command.DatabaseOperationCommandHandlerUnitTests" name="DatabaseoperationCommandhandler_FilterTrackIdsToThoseWithoutMediaOnRecorder_AreAllBanksOnline_Second_time_Returns_false_Causes_DataExists" />
    </UnitTest>
    <UnitTest name="RecorderTaskStopped_InternalStateStartedWithIncompatibleServer_ReturnsEmptyArray" storage="d:\actions-runner\_work\xpco\xpco\corporate\recordingserver\recorderservice\tst\videoos.recorder.unittests\bin\x64\debug\net472\videoos.recorder.unittests.dll" id="5c0633e7-a50e-f64e-f5c3-18989739ed4a">
      <Execution id="d9ce9a77-ea24-4831-a765-660ad2696572" />
      <TestMethod codeBase="D:\actions-runner\_work\XPCO\XPCO\Corporate\RecordingServer\RecorderService\tst\VideoOS.Recorder.UnitTests\bin\x64\Debug\net472\VideoOS.Recorder.UnitTests.dll" adapterTypeName="executor://mstestadapter/v2" className="VideoOS.Recorder.UnitTests.CommManagerWebApiTests" name="RecorderTaskStopped_InternalStateStartedWithIncompatibleServer_ReturnsEmptyArray" />
    </UnitTest>
    <UnitTest name="SOAPCommandRequestHandler_GetClientCapabilities_PrivacyMask_Child_Of_ClientCapabilities_Section_Is_Not_Parsable" storage="d:\actions-runner\_work\xpco\xpco\corporate\recordingserver\recorderservice\tst\videoos.recorder.unittests\bin\x64\debug\net472\videoos.recorder.unittests.dll" id="e4995e1a-9d2e-9c42-addf-addf83d7781e">
      <Execution id="c43b800d-954f-4afa-b477-c0be73473cbe" />
      <TestMethod codeBase="D:\actions-runner\_work\XPCO\XPCO\Corporate\RecordingServer\RecorderService\tst\VideoOS.Recorder.UnitTests\bin\x64\Debug\net472\VideoOS.Recorder.UnitTests.dll" adapterTypeName="executor://mstestadapter/v2" className="VideoOS.Recorder.UnitTests.WebServer.SOAPCommandRequestHandlerTests" name="SOAPCommandRequestHandler_GetClientCapabilities_PrivacyMask_Child_Of_ClientCapabilities_Section_Is_Not_Parsable" />
    </UnitTest>
    <UnitTest name="ManualPtzPatrollingSession_Start_Success" storage="d:\actions-runner\_work\xpco\xpco\corporate\recordingserver\recorderservice\tst\videoos.recorder.unittests\bin\x64\debug\net472\videoos.recorder.unittests.dll" id="4a60897f-da96-0d94-f5d3-d97e96726bff">
      <Execution id="04adb8ad-f69c-41a2-88f4-e4a71dbd6379" />
      <TestMethod codeBase="D:\actions-runner\_work\XPCO\XPCO\Corporate\RecordingServer\RecorderService\tst\VideoOS.Recorder.UnitTests\bin\x64\Debug\net472\VideoOS.Recorder.UnitTests.dll" adapterTypeName="executor://mstestadapter/v2" className="VideoOS.Recorder.UnitTests.Command.PtzSessionsTests" name="ManualPtzPatrollingSession_Start_Success" />
    </UnitTest>
    <UnitTest name="SOAPCommandRequestHandler_ExecuteFunction_HandleSmartSearchGetStatus_NoSmartSearchId" storage="d:\actions-runner\_work\xpco\xpco\corporate\recordingserver\recorderservice\tst\videoos.recorder.unittests\bin\x64\debug\net472\videoos.recorder.unittests.dll" id="742b2523-e5f6-be7c-a475-4a45a0ba3c3d">
      <Execution id="a9659f82-f3dd-4ff5-9c93-14c896bde5ea" />
      <TestMethod codeBase="D:\actions-runner\_work\XPCO\XPCO\Corporate\RecordingServer\RecorderService\tst\VideoOS.Recorder.UnitTests\bin\x64\Debug\net472\VideoOS.Recorder.UnitTests.dll" adapterTypeName="executor://mstestadapter/v2" className="VideoOS.Recorder.UnitTests.WebServer.SOAPCommandRequestHandlerTests" name="SOAPCommandRequestHandler_ExecuteFunction_HandleSmartSearchGetStatus_NoSmartSearchId" />
    </UnitTest>
    <UnitTest name="ResponseController_WarningResponseNullInput_BadRequestResult" storage="d:\actions-runner\_work\xpco\xpco\corporate\recordingserver\recorderservice\tst\videoos.recorder.unittests\bin\x64\debug\net472\videoos.recorder.unittests.dll" id="1bcf4c58-79ba-fb44-0a8b-d2a1c4db358c">
      <Execution id="0be3f816-8c92-4301-8944-9c7259308e77" />
      <TestMethod codeBase="D:\actions-runner\_work\XPCO\XPCO\Corporate\RecordingServer\RecorderService\tst\VideoOS.Recorder.UnitTests\bin\x64\Debug\net472\VideoOS.Recorder.UnitTests.dll" adapterTypeName="executor://mstestadapter/v2" className="VideoOS.Recorder.UnitTests.ResponseControllerTests" name="ResponseController_WarningResponseNullInput_BadRequestResult" />
    </UnitTest>
    <UnitTest name="DatabaseTaskCommandHandler_DatabaseArchiveOperationMonitor_SinglePass_Found" storage="d:\actions-runner\_work\xpco\xpco\corporate\recordingserver\recorderservice\tst\videoos.recorder.unittests\bin\x64\debug\net472\videoos.recorder.unittests.dll" id="8dd4c6be-6672-6382-3a15-cdd3ce637c69">
      <Execution id="aa8b0447-27fa-4a8b-add3-c82a9f5d77b4" />
      <TestMethod codeBase="D:\actions-runner\_work\XPCO\XPCO\Corporate\RecordingServer\RecorderService\tst\VideoOS.Recorder.UnitTests\bin\x64\Debug\net472\VideoOS.Recorder.UnitTests.dll" adapterTypeName="executor://mstestadapter/v2" className="VideoOS.Recorder.UnitTests.Command.DatabaseTaskCommandHandlerTest" name="DatabaseTaskCommandHandler_DatabaseArchiveOperationMonitor_SinglePass_Found" />
    </UnitTest>
    <UnitTest name="SetNetworkConfigurationCommandHandler_Execute_HardwareNotStarted_Errors" storage="d:\actions-runner\_work\xpco\xpco\corporate\recordingserver\recorderservice\tst\videoos.recorder.unittests\bin\x64\debug\net472\videoos.recorder.unittests.dll" id="8b88a5a8-a08f-05c4-0c85-be7e4e86f442">
      <Execution id="d2e70ec5-343d-4ff5-8d6d-2cd9873fe79a" />
      <TestMethod codeBase="D:\actions-runner\_work\XPCO\XPCO\Corporate\RecordingServer\RecorderService\tst\VideoOS.Recorder.UnitTests\bin\x64\Debug\net472\VideoOS.Recorder.UnitTests.dll" adapterTypeName="executor://mstestadapter/v2" className="VideoOS.Recorder.UnitTests.Command.SetNetworkConfigurationCommandHandlerUnitTests" name="SetNetworkConfigurationCommandHandler_Execute_HardwareNotStarted_Errors" />
    </UnitTest>
    <UnitTest name="SOAPCommandRequestHandler_ExecuteFunction_HandleJPEGGetAt_NotAllowed" storage="d:\actions-runner\_work\xpco\xpco\corporate\recordingserver\recorderservice\tst\videoos.recorder.unittests\bin\x64\debug\net472\videoos.recorder.unittests.dll" id="0c6360a7-d9d2-1748-1162-a67f8efb11e8">
      <Execution id="d6fa5f28-c340-46c8-9d19-e930f0b2f567" />
      <TestMethod codeBase="D:\actions-runner\_work\XPCO\XPCO\Corporate\RecordingServer\RecorderService\tst\VideoOS.Recorder.UnitTests\bin\x64\Debug\net472\VideoOS.Recorder.UnitTests.dll" adapterTypeName="executor://mstestadapter/v2" className="VideoOS.Recorder.UnitTests.WebServer.SOAPCommandRequestHandlerTests" name="SOAPCommandRequestHandler_ExecuteFunction_HandleJPEGGetAt_NotAllowed" />
    </UnitTest>
    <UnitTest name="ChangeHardwarePasswordCommandHandler_Execute_ChangePassword_ThrowsPasswordTooLong_Errors" storage="d:\actions-runner\_work\xpco\xpco\corporate\recordingserver\recorderservice\tst\videoos.recorder.unittests\bin\x64\debug\net472\videoos.recorder.unittests.dll" id="2471960c-fbc1-1789-b84e-c826b7cea066">
      <Execution id="455a707b-3f97-4f45-bf42-cb8835bf9dc9" />
      <TestMethod codeBase="D:\actions-runner\_work\XPCO\XPCO\Corporate\RecordingServer\RecorderService\tst\VideoOS.Recorder.UnitTests\bin\x64\Debug\net472\VideoOS.Recorder.UnitTests.dll" adapterTypeName="executor://mstestadapter/v2" className="VideoOS.Recorder.UnitTests.Command.ChangeHardwarePasswordCommandHandlerUnitTests" name="ChangeHardwarePasswordCommandHandler_Execute_ChangePassword_ThrowsPasswordTooLong_Errors" />
    </UnitTest>
    <UnitTest name="TimeRangeConversionNoRanges" storage="d:\actions-runner\_work\xpco\xpco\corporate\recordingserver\recorderservice\tst\videoos.recorder.unittests\bin\x64\debug\net472\videoos.recorder.unittests.dll" id="2a7c81c8-cf8d-2fb1-924b-7b552bbf7d2d">
      <TestCategory>
        <TestCategoryItem TestCategory="TimeRangeConversion" />
      </TestCategory>
      <Execution id="838f1c85-0f0c-4774-86a5-e7e42a04d9c9" />
      <TestMethod codeBase="D:\actions-runner\_work\XPCO\XPCO\Corporate\RecordingServer\RecorderService\tst\VideoOS.Recorder.UnitTests\bin\x64\Debug\net472\VideoOS.Recorder.UnitTests.dll" adapterTypeName="executor://mstestadapter/v2" className="VideoOS.Recorder.UnitTests.TimeRangeConversionTests.TimeRangeConversionTests" name="TimeRangeConversionNoRanges" />
    </UnitTest>
    <UnitTest name="ServerAccessTokenHandler_Constructor_Success" storage="d:\actions-runner\_work\xpco\xpco\corporate\recordingserver\recorderservice\tst\videoos.recorder.unittests\bin\x64\debug\net472\videoos.recorder.unittests.dll" id="efc688f6-51c5-f699-8cb7-1c5461d32a67">
      <Execution id="385f12b5-e32e-46fa-8aed-7e8a65679edb" />
      <TestMethod codeBase="D:\actions-runner\_work\XPCO\XPCO\Corporate\RecordingServer\RecorderService\tst\VideoOS.Recorder.UnitTests\bin\x64\Debug\net472\VideoOS.Recorder.UnitTests.dll" adapterTypeName="executor://mstestadapter/v2" className="VideoOS.Recorder.UnitTests.ServerCommunication.RecorderAccessTokenHandlerTests" name="ServerAccessTokenHandler_Constructor_Success" />
    </UnitTest>
    <UnitTest name="EvidenceLockOnOldRecorderCommandHandler_DeleteEvidenceLock_RowMissing" storage="d:\actions-runner\_work\xpco\xpco\corporate\recordingserver\recorderservice\tst\videoos.recorder.unittests\bin\x64\debug\net472\videoos.recorder.unittests.dll" id="62d24c9f-a275-965e-ba77-fc1bd09bd84c">
      <Execution id="38d124fb-3df6-4ae9-9f2f-150bd045e4af" />
      <TestMethod codeBase="D:\actions-runner\_work\XPCO\XPCO\Corporate\RecordingServer\RecorderService\tst\VideoOS.Recorder.UnitTests\bin\x64\Debug\net472\VideoOS.Recorder.UnitTests.dll" adapterTypeName="executor://mstestadapter/v2" className="VideoOS.Recorder.UnitTests.Command.EvidenceLockOnOldRecorderCommandHandlerTests" name="EvidenceLockOnOldRecorderCommandHandler_DeleteEvidenceLock_RowMissing" />
    </UnitTest>
    <UnitTest name="GetRecorderTasksWithPendingStop_InternalStateStartedNoTasks_ReturnsEmptyArray" storage="d:\actions-runner\_work\xpco\xpco\corporate\recordingserver\recorderservice\tst\videoos.recorder.unittests\bin\x64\debug\net472\videoos.recorder.unittests.dll" id="c41a5798-1609-bef5-af4f-bd161fe6c1a0">
      <Execution id="000e251b-e72f-45f3-9659-80a6b597424c" />
      <TestMethod codeBase="D:\actions-runner\_work\XPCO\XPCO\Corporate\RecordingServer\RecorderService\tst\VideoOS.Recorder.UnitTests\bin\x64\Debug\net472\VideoOS.Recorder.UnitTests.dll" adapterTypeName="executor://mstestadapter/v2" className="VideoOS.Recorder.UnitTests.CommManagerWebApiTests" name="GetRecorderTasksWithPendingStop_InternalStateStartedNoTasks_ReturnsEmptyArray" />
    </UnitTest>
    <UnitTest name="CheckExternalRecorderRegistrationCommandHandler_Execute_Address_Empty_Throws" storage="d:\actions-runner\_work\xpco\xpco\corporate\recordingserver\recorderservice\tst\videoos.recorder.unittests\bin\x64\debug\net472\videoos.recorder.unittests.dll" id="18eb9110-9414-c4d5-5992-2f524497773e">
      <Execution id="669872c1-156c-419a-8aed-1c53898e9506" />
      <TestMethod codeBase="D:\actions-runner\_work\XPCO\XPCO\Corporate\RecordingServer\RecorderService\tst\VideoOS.Recorder.UnitTests\bin\x64\Debug\net472\VideoOS.Recorder.UnitTests.dll" adapterTypeName="executor://mstestadapter/v2" className="VideoOS.Recorder.UnitTests.Command.CheckExternalRecorderRegistrationCommandHandlerUnitTests" name="CheckExternalRecorderRegistrationCommandHandler_Execute_Address_Empty_Throws" />
    </UnitTest>
    <UnitTest name="AudioMessageManager_SetConfiguration_ArgumentNullException" storage="d:\actions-runner\_work\xpco\xpco\corporate\recordingserver\recorderservice\tst\videoos.recorder.unittests\bin\x64\debug\net472\videoos.recorder.unittests.dll" id="b097ba6d-853b-78ea-de8a-ac3f06f44756">
      <Execution id="bf86ac73-c2be-409d-8c67-78be464ac208" />
      <TestMethod codeBase="D:\actions-runner\_work\XPCO\XPCO\Corporate\RecordingServer\RecorderService\tst\VideoOS.Recorder.UnitTests\bin\x64\Debug\net472\VideoOS.Recorder.UnitTests.dll" adapterTypeName="executor://mstestadapter/v2" className="VideoOS.Recorder.UnitTests.AudioMessageHandling.AudioMessageManagerTests" name="AudioMessageManager_SetConfiguration_ArgumentNullException" />
    </UnitTest>
    <UnitTest name="SOAPCommandRequestHandler_Constructor_Success" storage="d:\actions-runner\_work\xpco\xpco\corporate\recordingserver\recorderservice\tst\videoos.recorder.unittests\bin\x64\debug\net472\videoos.recorder.unittests.dll" id="3684dd9a-88f0-8211-0281-3e878fb28168">
      <Execution id="6e9aca25-1bd1-4a15-9b8c-e3375450f788" />
      <TestMethod codeBase="D:\actions-runner\_work\XPCO\XPCO\Corporate\RecordingServer\RecorderService\tst\VideoOS.Recorder.UnitTests\bin\x64\Debug\net472\VideoOS.Recorder.UnitTests.dll" adapterTypeName="executor://mstestadapter/v2" className="VideoOS.Recorder.UnitTests.WebServer.SOAPCommandRequestHandlerTests" name="SOAPCommandRequestHandler_Constructor_Success" />
    </UnitTest>
    <UnitTest name="ConnectSuccess_PrevSeq_Denied" storage="d:\actions-runner\_work\xpco\xpco\corporate\recordingserver\recorderservice\tst\videoos.recorder.unittests\bin\x64\debug\net472\videoos.recorder.unittests.dll" id="59d4ac00-0459-3cec-bbc5-180061a2de03">
      <Execution id="5a7e0f27-1177-4361-9a07-6b7b151d6990" />
      <TestMethod codeBase="D:\actions-runner\_work\XPCO\XPCO\Corporate\RecordingServer\RecorderService\tst\VideoOS.Recorder.UnitTests\bin\x64\Debug\net472\VideoOS.Recorder.UnitTests.dll" adapterTypeName="executor://mstestadapter/v2" className="VideoOS.Recorder.UnitTests.WebServer.ImageServerRequestHandlerTests" name="ConnectSuccess_PrevSeq_Denied" />
    </UnitTest>
    <UnitTest name="PtzStopSessionCommandHandler_Execute_PtzException_DeviceNotReady" storage="d:\actions-runner\_work\xpco\xpco\corporate\recordingserver\recorderservice\tst\videoos.recorder.unittests\bin\x64\debug\net472\videoos.recorder.unittests.dll" id="243d17f3-b3aa-1f7f-fe45-b270f1b10aac">
      <Execution id="30131565-d909-4f49-871c-6a544d6ef7d5" />
      <TestMethod codeBase="D:\actions-runner\_work\XPCO\XPCO\Corporate\RecordingServer\RecorderService\tst\VideoOS.Recorder.UnitTests\bin\x64\Debug\net472\VideoOS.Recorder.UnitTests.dll" adapterTypeName="executor://mstestadapter/v2" className="VideoOS.Recorder.UnitTests.Command.PtzStopSessionCommandHandlerTest" name="PtzStopSessionCommandHandler_Execute_PtzException_DeviceNotReady" />
    </UnitTest>
    <UnitTest name="FirmwareUpgradeCommandHandler_Execute_FirmwareUpgradeStatus_ThrowsCannotOpenFile_Errors" storage="d:\actions-runner\_work\xpco\xpco\corporate\recordingserver\recorderservice\tst\videoos.recorder.unittests\bin\x64\debug\net472\videoos.recorder.unittests.dll" id="f7002b4f-d864-47aa-bd8d-bbb9b326c53b">
      <Execution id="e7d2d98e-9777-426c-828a-4f5bc9125778" />
      <TestMethod codeBase="D:\actions-runner\_work\XPCO\XPCO\Corporate\RecordingServer\RecorderService\tst\VideoOS.Recorder.UnitTests\bin\x64\Debug\net472\VideoOS.Recorder.UnitTests.dll" adapterTypeName="executor://mstestadapter/v2" className="VideoOS.Recorder.UnitTests.Command.FirmwareUpgradeCommandHandlerUnitTests" name="FirmwareUpgradeCommandHandler_Execute_FirmwareUpgradeStatus_ThrowsCannotOpenFile_Errors" />
    </UnitTest>
    <UnitTest name="PtzManagerDataHolder_GetOrAddPtzController_Device_Not_Ptz" storage="d:\actions-runner\_work\xpco\xpco\corporate\recordingserver\recorderservice\tst\videoos.recorder.unittests\bin\x64\debug\net472\videoos.recorder.unittests.dll" id="539ad0e3-4821-f0db-7979-436499efaef0">
      <Execution id="3b217ceb-6214-413f-a428-90bc113f5d65" />
      <TestMethod codeBase="D:\actions-runner\_work\XPCO\XPCO\Corporate\RecordingServer\RecorderService\tst\VideoOS.Recorder.UnitTests\bin\x64\Debug\net472\VideoOS.Recorder.UnitTests.dll" adapterTypeName="executor://mstestadapter/v2" className="VideoOS.Recorder.UnitTests.Command.PtzManagerDataHolderTest" name="PtzManagerDataHolder_GetOrAddPtzController_Device_Not_Ptz" />
    </UnitTest>
    <UnitTest name="RecorderTaskStopped_InternalStateNotStarted_ShouldRun" storage="d:\actions-runner\_work\xpco\xpco\corporate\recordingserver\recorderservice\tst\videoos.recorder.unittests\bin\x64\debug\net472\videoos.recorder.unittests.dll" id="46f9f921-8409-905b-fd67-c10fd741d586">
      <Execution id="e53f3db8-c4ec-4c25-8c30-312583bdc6dd" />
      <TestMethod codeBase="D:\actions-runner\_work\XPCO\XPCO\Corporate\RecordingServer\RecorderService\tst\VideoOS.Recorder.UnitTests\bin\x64\Debug\net472\VideoOS.Recorder.UnitTests.dll" adapterTypeName="executor://mstestadapter/v2" className="VideoOS.Recorder.UnitTests.CommManagerWebApiTests" name="RecorderTaskStopped_InternalStateNotStarted_ShouldRun" />
    </UnitTest>
    <UnitTest name="PtzManager_ReleaseLockedSessionFromExtension_Controller_Not_Found" storage="d:\actions-runner\_work\xpco\xpco\corporate\recordingserver\recorderservice\tst\videoos.recorder.unittests\bin\x64\debug\net472\videoos.recorder.unittests.dll" id="a7694aa5-8391-34f7-f555-d2d27c05360f">
      <Execution id="f1734bc7-5791-4e70-b9ef-86a935bc83b9" />
      <TestMethod codeBase="D:\actions-runner\_work\XPCO\XPCO\Corporate\RecordingServer\RecorderService\tst\VideoOS.Recorder.UnitTests\bin\x64\Debug\net472\VideoOS.Recorder.UnitTests.dll" adapterTypeName="executor://mstestadapter/v2" className="VideoOS.Recorder.UnitTests.Command.PtzManagerTests" name="PtzManager_ReleaseLockedSessionFromExtension_Controller_Not_Found" />
    </UnitTest>
    <UnitTest name="SOAPCommandRequestHandler_ExecuteFunction_HandlePTZRectangle_Height_Not_Double" storage="d:\actions-runner\_work\xpco\xpco\corporate\recordingserver\recorderservice\tst\videoos.recorder.unittests\bin\x64\debug\net472\videoos.recorder.unittests.dll" id="b37b862f-58d4-a3f8-2e05-54a6ae3e3990">
      <Execution id="ca0f1e8e-55db-4af0-8636-76d166434aad" />
      <TestMethod codeBase="D:\actions-runner\_work\XPCO\XPCO\Corporate\RecordingServer\RecorderService\tst\VideoOS.Recorder.UnitTests\bin\x64\Debug\net472\VideoOS.Recorder.UnitTests.dll" adapterTypeName="executor://mstestadapter/v2" className="VideoOS.Recorder.UnitTests.WebServer.SOAPCommandRequestHandlerTests" name="SOAPCommandRequestHandler_ExecuteFunction_HandlePTZRectangle_Height_Not_Double" />
    </UnitTest>
    <UnitTest name="PtzStopSession_ModelIsValid_CommandExecuted" storage="d:\actions-runner\_work\xpco\xpco\corporate\recordingserver\recorderservice\tst\videoos.recorder.unittests\bin\x64\debug\net472\videoos.recorder.unittests.dll" id="5f17e460-af62-4be6-17fe-2e3a1ea478c3">
      <Execution id="fc567489-403b-4804-8cd3-f727908465b2" />
      <TestMethod codeBase="D:\actions-runner\_work\XPCO\XPCO\Corporate\RecordingServer\RecorderService\tst\VideoOS.Recorder.UnitTests\bin\x64\Debug\net472\VideoOS.Recorder.UnitTests.dll" adapterTypeName="executor://mstestadapter/v2" className="VideoOS.Recorder.UnitTests.PtzControllerTests" name="PtzStopSession_ModelIsValid_CommandExecuted" />
    </UnitTest>
    <UnitTest name="SetupInitialHardwareUserCommandHandler_Execute_SetupUser_ThrowsUserHandlingPasswordTooLongError_Errors" storage="d:\actions-runner\_work\xpco\xpco\corporate\recordingserver\recorderservice\tst\videoos.recorder.unittests\bin\x64\debug\net472\videoos.recorder.unittests.dll" id="7e416566-5089-1927-3b1f-9f790f915601">
      <Execution id="280702c5-c1ab-4b5d-9435-edecf8f38eb0" />
      <TestMethod codeBase="D:\actions-runner\_work\XPCO\XPCO\Corporate\RecordingServer\RecorderService\tst\VideoOS.Recorder.UnitTests\bin\x64\Debug\net472\VideoOS.Recorder.UnitTests.dll" adapterTypeName="executor://mstestadapter/v2" className="VideoOS.Recorder.UnitTests.Command.SetupInitialHardwareUserCommandHandlerUnitTests" name="SetupInitialHardwareUserCommandHandler_Execute_SetupUser_ThrowsUserHandlingPasswordTooLongError_Errors" />
    </UnitTest>
    <UnitTest name="SOAPCommandRequestHandler_ExecuteFunction_HandleSendDriverCommand_NoDeviceId" storage="d:\actions-runner\_work\xpco\xpco\corporate\recordingserver\recorderservice\tst\videoos.recorder.unittests\bin\x64\debug\net472\videoos.recorder.unittests.dll" id="6821bff6-623b-fea9-3166-e7205d5004e2">
      <Execution id="08bcb6af-c0f3-4a19-95ee-08a2dbb6b059" />
      <TestMethod codeBase="D:\actions-runner\_work\XPCO\XPCO\Corporate\RecordingServer\RecorderService\tst\VideoOS.Recorder.UnitTests\bin\x64\Debug\net472\VideoOS.Recorder.UnitTests.dll" adapterTypeName="executor://mstestadapter/v2" className="VideoOS.Recorder.UnitTests.WebServer.SOAPCommandRequestHandlerTests" name="SOAPCommandRequestHandler_ExecuteFunction_HandleSendDriverCommand_NoDeviceId" />
    </UnitTest>
    <UnitTest name="ChangeHardwarePasswordCommandHandler_Execute_HardwareNotFound_Fails" storage="d:\actions-runner\_work\xpco\xpco\corporate\recordingserver\recorderservice\tst\videoos.recorder.unittests\bin\x64\debug\net472\videoos.recorder.unittests.dll" id="1c7b6330-6152-d71c-47ca-924e0fc45bef">
      <Execution id="0203aabe-ecfc-447e-8b86-50563a81c54a" />
      <TestMethod codeBase="D:\actions-runner\_work\XPCO\XPCO\Corporate\RecordingServer\RecorderService\tst\VideoOS.Recorder.UnitTests\bin\x64\Debug\net472\VideoOS.Recorder.UnitTests.dll" adapterTypeName="executor://mstestadapter/v2" className="VideoOS.Recorder.UnitTests.Command.ChangeHardwarePasswordCommandHandlerUnitTests" name="ChangeHardwarePasswordCommandHandler_Execute_HardwareNotFound_Fails" />
    </UnitTest>
    <UnitTest name="PtzStopSessionCommandHandler_Execute_PtzException_PtzRequestPriorityTooLow" storage="d:\actions-runner\_work\xpco\xpco\corporate\recordingserver\recorderservice\tst\videoos.recorder.unittests\bin\x64\debug\net472\videoos.recorder.unittests.dll" id="74b0d590-8d90-8ea9-7ba5-29e79b97b007">
      <Execution id="b7f29b73-2b9f-470e-9f3f-67877360335b" />
      <TestMethod codeBase="D:\actions-runner\_work\XPCO\XPCO\Corporate\RecordingServer\RecorderService\tst\VideoOS.Recorder.UnitTests\bin\x64\Debug\net472\VideoOS.Recorder.UnitTests.dll" adapterTypeName="executor://mstestadapter/v2" className="VideoOS.Recorder.UnitTests.Command.PtzStopSessionCommandHandlerTest" name="PtzStopSessionCommandHandler_Execute_PtzException_PtzRequestPriorityTooLow" />
    </UnitTest>
    <UnitTest name="MediaDbUtil_MultitrackNavigation_Scenario15" storage="d:\actions-runner\_work\xpco\xpco\corporate\recordingserver\recorderservice\tst\videoos.recorder.unittests\bin\x64\debug\net472\videoos.recorder.unittests.dll" id="88642b24-ad3e-03e6-0d82-49102fce9375">
      <Execution id="e6f0c021-c5f7-4260-9cf9-36d61302fc61" />
      <TestMethod codeBase="D:\actions-runner\_work\XPCO\XPCO\Corporate\RecordingServer\RecorderService\tst\VideoOS.Recorder.UnitTests\bin\x64\Debug\net472\VideoOS.Recorder.UnitTests.dll" adapterTypeName="executor://mstestadapter/v2" className="VideoOS.Recorder.UnitTests.WebServer.MediaDbUtilUnitTests" name="MediaDbUtil_MultitrackNavigation_Scenario15" />
    </UnitTest>
    <UnitTest name="IsPlaybackRestrictedOnHandler" storage="d:\actions-runner\_work\xpco\xpco\corporate\recordingserver\recorderservice\tst\videoos.recorder.unittests\bin\x64\debug\net472\videoos.recorder.unittests.dll" id="f10d6169-81f0-a081-100b-8621495f21ea">
      <Execution id="a454db5d-57a4-4e44-9434-f3f2b746fe64" />
      <TestMethod codeBase="D:\actions-runner\_work\XPCO\XPCO\Corporate\RecordingServer\RecorderService\tst\VideoOS.Recorder.UnitTests\bin\x64\Debug\net472\VideoOS.Recorder.UnitTests.dll" adapterTypeName="executor://mstestadapter/v2" className="VideoOS.Recorder.UnitTests.ObjectModel.RestrictedMediaHandlerTest" name="IsPlaybackRestrictedOnHandler" />
    </UnitTest>
    <UnitTest name="PtzPatrollingSessionBase_Pause_Success" storage="d:\actions-runner\_work\xpco\xpco\corporate\recordingserver\recorderservice\tst\videoos.recorder.unittests\bin\x64\debug\net472\videoos.recorder.unittests.dll" id="06e3e5ee-40d8-e10b-eebf-758ff961a15a">
      <Execution id="1057c536-6121-4c78-b987-70e4f600e02c" />
      <TestMethod codeBase="D:\actions-runner\_work\XPCO\XPCO\Corporate\RecordingServer\RecorderService\tst\VideoOS.Recorder.UnitTests\bin\x64\Debug\net472\VideoOS.Recorder.UnitTests.dll" adapterTypeName="executor://mstestadapter/v2" className="VideoOS.Recorder.UnitTests.Command.PtzSessionsTests" name="PtzPatrollingSessionBase_Pause_Success" />
    </UnitTest>
    <UnitTest name="FailoverMediaMover_MoveMediaDataHere_Remote_Connect_Fails" storage="d:\actions-runner\_work\xpco\xpco\corporate\recordingserver\recorderservice\tst\videoos.recorder.unittests\bin\x64\debug\net472\videoos.recorder.unittests.dll" id="28fa0d16-0772-95da-08e6-fa4cc9274598">
      <Execution id="67fae979-decf-421a-9b19-94b69b2873f7" />
      <TestMethod codeBase="D:\actions-runner\_work\XPCO\XPCO\Corporate\RecordingServer\RecorderService\tst\VideoOS.Recorder.UnitTests\bin\x64\Debug\net472\VideoOS.Recorder.UnitTests.dll" adapterTypeName="executor://mstestadapter/v2" className="VideoOS.Recorder.UnitTests.FailoverMediaMoverUnitTests" name="FailoverMediaMover_MoveMediaDataHere_Remote_Connect_Fails" />
    </UnitTest>
    <UnitTest name="PtzReleaseSessionCommandHandler_Execute_PtzException_PtzSessionNotRunning" storage="d:\actions-runner\_work\xpco\xpco\corporate\recordingserver\recorderservice\tst\videoos.recorder.unittests\bin\x64\debug\net472\videoos.recorder.unittests.dll" id="f7279989-4bc5-0c33-00fc-cfa3ed7ee7c2">
      <Execution id="8523ac88-3e6c-44f7-a4b9-f80a8c2e7170" />
      <TestMethod codeBase="D:\actions-runner\_work\XPCO\XPCO\Corporate\RecordingServer\RecorderService\tst\VideoOS.Recorder.UnitTests\bin\x64\Debug\net472\VideoOS.Recorder.UnitTests.dll" adapterTypeName="executor://mstestadapter/v2" className="VideoOS.Recorder.UnitTests.Command.PtzReleaseSessionCommandHandlerTest" name="PtzReleaseSessionCommandHandler_Execute_PtzException_PtzSessionNotRunning" />
    </UnitTest>
    <UnitTest name="GetNetworkConfigurationCommandHandler_Execute_HardwareNotStarted_Errors" storage="d:\actions-runner\_work\xpco\xpco\corporate\recordingserver\recorderservice\tst\videoos.recorder.unittests\bin\x64\debug\net472\videoos.recorder.unittests.dll" id="fee07be3-891e-3721-28cf-6d8aeebec76b">
      <Execution id="de1a8ee6-0919-43a6-a3c2-178dc25e3c81" />
      <TestMethod codeBase="D:\actions-runner\_work\XPCO\XPCO\Corporate\RecordingServer\RecorderService\tst\VideoOS.Recorder.UnitTests\bin\x64\Debug\net472\VideoOS.Recorder.UnitTests.dll" adapterTypeName="executor://mstestadapter/v2" className="VideoOS.Recorder.UnitTests.Command.GetNetworkConfigurationCommandHandlerUnitTests" name="GetNetworkConfigurationCommandHandler_Execute_HardwareNotStarted_Errors" />
    </UnitTest>
    <UnitTest name="PtzStopSessionCommandHandler_Execute_Argument_Exception" storage="d:\actions-runner\_work\xpco\xpco\corporate\recordingserver\recorderservice\tst\videoos.recorder.unittests\bin\x64\debug\net472\videoos.recorder.unittests.dll" id="12e5945d-1647-aedf-8580-e8913105986c">
      <Execution id="9766d84c-abc2-4026-a0eb-214a3510e542" />
      <TestMethod codeBase="D:\actions-runner\_work\XPCO\XPCO\Corporate\RecordingServer\RecorderService\tst\VideoOS.Recorder.UnitTests\bin\x64\Debug\net472\VideoOS.Recorder.UnitTests.dll" adapterTypeName="executor://mstestadapter/v2" className="VideoOS.Recorder.UnitTests.Command.PtzStopSessionCommandHandlerTest" name="PtzStopSessionCommandHandler_Execute_Argument_Exception" />
    </UnitTest>
    <UnitTest name="ExecuteFunction_GetRecordingStorageStatus_Success" storage="d:\actions-runner\_work\xpco\xpco\corporate\recordingserver\recorderservice\tst\videoos.recorder.unittests\bin\x64\debug\net472\videoos.recorder.unittests.dll" id="33c3da15-4339-4eb0-c449-c5584b41ca07">
      <Execution id="25a5de8d-4b91-42c1-af44-9089b43e8e27" />
      <TestMethod codeBase="D:\actions-runner\_work\XPCO\XPCO\Corporate\RecordingServer\RecorderService\tst\VideoOS.Recorder.UnitTests\bin\x64\Debug\net472\VideoOS.Recorder.UnitTests.dll" adapterTypeName="executor://mstestadapter/v2" className="VideoOS.Recorder.UnitTests.WebServer.SOAPStatus2RequestHandlerTests" name="ExecuteFunction_GetRecordingStorageStatus_Success" />
    </UnitTest>
    <UnitTest name="ConnectSuccess_NextSeqTime" storage="d:\actions-runner\_work\xpco\xpco\corporate\recordingserver\recorderservice\tst\videoos.recorder.unittests\bin\x64\debug\net472\videoos.recorder.unittests.dll" id="7ac6d2bb-2ae4-662d-70bb-323f78a4d416">
      <Execution id="13c6c3c3-9f13-4c70-a399-a950ad9653b8" />
      <TestMethod codeBase="D:\actions-runner\_work\XPCO\XPCO\Corporate\RecordingServer\RecorderService\tst\VideoOS.Recorder.UnitTests\bin\x64\Debug\net472\VideoOS.Recorder.UnitTests.dll" adapterTypeName="executor://mstestadapter/v2" className="VideoOS.Recorder.UnitTests.WebServer.ImageServerRequestHandlerTests" name="ConnectSuccess_NextSeqTime" />
    </UnitTest>
    <UnitTest name="LicenseManager_IsFeatureLicensed_ThrowsLicenseException_OnLicenseWithExpiry" storage="d:\actions-runner\_work\xpco\xpco\corporate\recordingserver\recorderservice\tst\videoos.recorder.unittests\bin\x64\debug\net472\videoos.recorder.unittests.dll" id="330aa390-d7ca-b0e8-0a09-1cff13b32d9c">
      <TestCategory>
        <TestCategoryItem TestCategory="Licensing" />
      </TestCategory>
      <Execution id="bbcc6276-ec16-4bc1-b06b-b7156c74ad7f" />
      <TestMethod codeBase="D:\actions-runner\_work\XPCO\XPCO\Corporate\RecordingServer\RecorderService\tst\VideoOS.Recorder.UnitTests\bin\x64\Debug\net472\VideoOS.Recorder.UnitTests.dll" adapterTypeName="executor://mstestadapter/v2" className="VideoOS.Recorder.UnitTests.Licensing.LicenseManagerUnitTests" name="LicenseManager_IsFeatureLicensed_ThrowsLicenseException_OnLicenseWithExpiry" />
    </UnitTest>
    <UnitTest name="PtzManager_Stop_Success" storage="d:\actions-runner\_work\xpco\xpco\corporate\recordingserver\recorderservice\tst\videoos.recorder.unittests\bin\x64\debug\net472\videoos.recorder.unittests.dll" id="e60c4eb7-333a-92ae-4d3d-7b552a715c3e">
      <Execution id="78cafab5-8463-4888-82f4-5194a40b42f6" />
      <TestMethod codeBase="D:\actions-runner\_work\XPCO\XPCO\Corporate\RecordingServer\RecorderService\tst\VideoOS.Recorder.UnitTests\bin\x64\Debug\net472\VideoOS.Recorder.UnitTests.dll" adapterTypeName="executor://mstestadapter/v2" className="VideoOS.Recorder.UnitTests.Command.PtzManagerTests" name="PtzManager_Stop_Success" />
    </UnitTest>
    <UnitTest name="AudioMessageManager_PlayAudioMessageThread_Stopped" storage="d:\actions-runner\_work\xpco\xpco\corporate\recordingserver\recorderservice\tst\videoos.recorder.unittests\bin\x64\debug\net472\videoos.recorder.unittests.dll" id="7ff7f968-b0ad-f135-b857-9bd7a80a7784">
      <Execution id="5a2ce20f-15fc-4ae4-8415-103c68ac4a15" />
      <TestMethod codeBase="D:\actions-runner\_work\XPCO\XPCO\Corporate\RecordingServer\RecorderService\tst\VideoOS.Recorder.UnitTests\bin\x64\Debug\net472\VideoOS.Recorder.UnitTests.dll" adapterTypeName="executor://mstestadapter/v2" className="VideoOS.Recorder.UnitTests.AudioMessageHandling.AudioMessageManagerTests" name="AudioMessageManager_PlayAudioMessageThread_Stopped" />
    </UnitTest>
    <UnitTest name="ConnectSuccess_FrameBrowseLayer_Goto" storage="d:\actions-runner\_work\xpco\xpco\corporate\recordingserver\recorderservice\tst\videoos.recorder.unittests\bin\x64\debug\net472\videoos.recorder.unittests.dll" id="6254daef-258b-86ba-499b-8e0b9550e559">
      <Execution id="463ce7a8-b4a3-4a1a-b7b6-ab84fcc7a39f" />
      <TestMethod codeBase="D:\actions-runner\_work\XPCO\XPCO\Corporate\RecordingServer\RecorderService\tst\VideoOS.Recorder.UnitTests\bin\x64\Debug\net472\VideoOS.Recorder.UnitTests.dll" adapterTypeName="executor://mstestadapter/v2" className="VideoOS.Recorder.UnitTests.WebServer.ImageServerRequestHandlerTests" name="ConnectSuccess_FrameBrowseLayer_Goto" />
    </UnitTest>
    <UnitTest name="SOAPCommandRequestHandler_ExecuteFunction_HandleOutputActivate_NoSecurity" storage="d:\actions-runner\_work\xpco\xpco\corporate\recordingserver\recorderservice\tst\videoos.recorder.unittests\bin\x64\debug\net472\videoos.recorder.unittests.dll" id="e5acffa5-6e81-ead9-c8fe-656902a2823b">
      <Execution id="a7dea69b-59ad-4d6e-a90b-12ec4043aa73" />
      <TestMethod codeBase="D:\actions-runner\_work\XPCO\XPCO\Corporate\RecordingServer\RecorderService\tst\VideoOS.Recorder.UnitTests\bin\x64\Debug\net472\VideoOS.Recorder.UnitTests.dll" adapterTypeName="executor://mstestadapter/v2" className="VideoOS.Recorder.UnitTests.WebServer.SOAPCommandRequestHandlerTests" name="SOAPCommandRequestHandler_ExecuteFunction_HandleOutputActivate_NoSecurity" />
    </UnitTest>
    <UnitTest name="PtzStopSessionCommandHandler_Execute_PtzException_OtherUserSessionAttemptedReleased" storage="d:\actions-runner\_work\xpco\xpco\corporate\recordingserver\recorderservice\tst\videoos.recorder.unittests\bin\x64\debug\net472\videoos.recorder.unittests.dll" id="94344bec-3695-9181-be78-21102b8584df">
      <Execution id="9894fda1-3502-46a9-9217-7c2df922c345" />
      <TestMethod codeBase="D:\actions-runner\_work\XPCO\XPCO\Corporate\RecordingServer\RecorderService\tst\VideoOS.Recorder.UnitTests\bin\x64\Debug\net472\VideoOS.Recorder.UnitTests.dll" adapterTypeName="executor://mstestadapter/v2" className="VideoOS.Recorder.UnitTests.Command.PtzStopSessionCommandHandlerTest" name="PtzStopSessionCommandHandler_Execute_PtzException_OtherUserSessionAttemptedReleased" />
    </UnitTest>
    <UnitTest name="FailoverMediaMover_MoveMediaDataHere_Storage_Offline_Tables_Not_Touched" storage="d:\actions-runner\_work\xpco\xpco\corporate\recordingserver\recorderservice\tst\videoos.recorder.unittests\bin\x64\debug\net472\videoos.recorder.unittests.dll" id="5f69b9c8-39a0-f558-d8b2-db730d17b04b">
      <Execution id="464d6b90-bdd3-4f3c-8316-00ff36393a65" />
      <TestMethod codeBase="D:\actions-runner\_work\XPCO\XPCO\Corporate\RecordingServer\RecorderService\tst\VideoOS.Recorder.UnitTests\bin\x64\Debug\net472\VideoOS.Recorder.UnitTests.dll" adapterTypeName="executor://mstestadapter/v2" className="VideoOS.Recorder.UnitTests.FailoverMediaMoverUnitTests" name="FailoverMediaMover_MoveMediaDataHere_Storage_Offline_Tables_Not_Touched" />
    </UnitTest>
    <UnitTest name="AddStatus_SendsFailoverStatus_OnRecorderStartedAsFailover" storage="d:\actions-runner\_work\xpco\xpco\corporate\recordingserver\recorderservice\tst\videoos.recorder.unittests\bin\x64\debug\net472\videoos.recorder.unittests.dll" id="e90d824f-6012-1f24-1454-19b6ed28214d">
      <TestCategory>
        <TestCategoryItem TestCategory="RecorderStatus" />
      </TestCategory>
      <Execution id="910d6253-543b-420e-8237-e2095c9fb59a" />
      <TestMethod codeBase="D:\actions-runner\_work\XPCO\XPCO\Corporate\RecordingServer\RecorderService\tst\VideoOS.Recorder.UnitTests\bin\x64\Debug\net472\VideoOS.Recorder.UnitTests.dll" adapterTypeName="executor://mstestadapter/v2" className="VideoOS.Recorder.UnitTests.RecorderStatusTests" name="AddStatus_SendsFailoverStatus_OnRecorderStartedAsFailover" />
    </UnitTest>
    <UnitTest name="SetRecordingCameraWithoutLinks" storage="d:\actions-runner\_work\xpco\xpco\corporate\recordingserver\recorderservice\tst\videoos.recorder.unittests\bin\x64\debug\net472\videoos.recorder.unittests.dll" id="f06abdbb-dcaa-48de-364a-8417d0d0f6e0">
      <TestCategory>
        <TestCategoryItem TestCategory="ObjectModel.Device.RelatedDeviceHandler" />
      </TestCategory>
      <Execution id="762187af-beb8-4e65-a6e8-71b6df0ef621" />
      <TestMethod codeBase="D:\actions-runner\_work\XPCO\XPCO\Corporate\RecordingServer\RecorderService\tst\VideoOS.Recorder.UnitTests\bin\x64\Debug\net472\VideoOS.Recorder.UnitTests.dll" adapterTypeName="executor://mstestadapter/v2" className="VideoOS.Recorder.UnitTests.ObjectModel.RelatedDeviceHandlerTest" name="SetRecordingCameraWithoutLinks" />
    </UnitTest>
    <UnitTest name="Ctor_Null_Throws_ArgumentNullException" storage="d:\actions-runner\_work\xpco\xpco\corporate\recordingserver\recorderservice\tst\videoos.recorder.unittests\bin\x64\debug\net472\videoos.recorder.unittests.dll" id="8c60bb5b-86a2-ad96-a5fa-dcd40db2418b">
      <Execution id="db4ce762-1363-4930-b829-a3e1a4b1c76f" />
      <TestMethod codeBase="D:\actions-runner\_work\XPCO\XPCO\Corporate\RecordingServer\RecorderService\tst\VideoOS.Recorder.UnitTests\bin\x64\Debug\net472\VideoOS.Recorder.UnitTests.dll" adapterTypeName="executor://mstestadapter/v2" className="VideoOS.Recorder.UnitTests.DriverUpdateHelperUnitTests" name="Ctor_Null_Throws_ArgumentNullException" />
    </UnitTest>
    <UnitTest name="SOAPCommandRequestHandler_ExecuteFunction_HandleSequencesGetAroundWithSpan_NoMaxCountAfter" storage="d:\actions-runner\_work\xpco\xpco\corporate\recordingserver\recorderservice\tst\videoos.recorder.unittests\bin\x64\debug\net472\videoos.recorder.unittests.dll" id="e51ab982-32f9-c264-3c0a-f7a725b05c11">
      <Execution id="fb8eb2d3-78fd-401b-b257-278a0bf40efd" />
      <TestMethod codeBase="D:\actions-runner\_work\XPCO\XPCO\Corporate\RecordingServer\RecorderService\tst\VideoOS.Recorder.UnitTests\bin\x64\Debug\net472\VideoOS.Recorder.UnitTests.dll" adapterTypeName="executor://mstestadapter/v2" className="VideoOS.Recorder.UnitTests.WebServer.SOAPCommandRequestHandlerTests" name="SOAPCommandRequestHandler_ExecuteFunction_HandleSequencesGetAroundWithSpan_NoMaxCountAfter" />
    </UnitTest>
    <UnitTest name="PtzReleaseSessionCommandHandler_Execute_PtzException_InsufficientPermission" storage="d:\actions-runner\_work\xpco\xpco\corporate\recordingserver\recorderservice\tst\videoos.recorder.unittests\bin\x64\debug\net472\videoos.recorder.unittests.dll" id="fcf15a82-da49-9157-48f3-b2714a89a09a">
      <Execution id="1ee4d04d-207a-4259-b8d2-885351c56442" />
      <TestMethod codeBase="D:\actions-runner\_work\XPCO\XPCO\Corporate\RecordingServer\RecorderService\tst\VideoOS.Recorder.UnitTests\bin\x64\Debug\net472\VideoOS.Recorder.UnitTests.dll" adapterTypeName="executor://mstestadapter/v2" className="VideoOS.Recorder.UnitTests.Command.PtzReleaseSessionCommandHandlerTest" name="PtzReleaseSessionCommandHandler_Execute_PtzException_InsufficientPermission" />
    </UnitTest>
    <UnitTest name="FirmwareUpgradeCommandHandler_Execute_HardwareIsReadOnly_Errors" storage="d:\actions-runner\_work\xpco\xpco\corporate\recordingserver\recorderservice\tst\videoos.recorder.unittests\bin\x64\debug\net472\videoos.recorder.unittests.dll" id="7fc1d6ff-a589-5e3a-ff9b-53cb635876e0">
      <Execution id="e094795c-8c96-46ac-b780-590fdcea2b39" />
      <TestMethod codeBase="D:\actions-runner\_work\XPCO\XPCO\Corporate\RecordingServer\RecorderService\tst\VideoOS.Recorder.UnitTests\bin\x64\Debug\net472\VideoOS.Recorder.UnitTests.dll" adapterTypeName="executor://mstestadapter/v2" className="VideoOS.Recorder.UnitTests.Command.FirmwareUpgradeCommandHandlerUnitTests" name="FirmwareUpgradeCommandHandler_Execute_HardwareIsReadOnly_Errors" />
    </UnitTest>
    <UnitTest name="SOAPCommandRequestHandler_ExecuteFunction_HandleTimeLineInformationGet_NoTimeLineInformationInterval" storage="d:\actions-runner\_work\xpco\xpco\corporate\recordingserver\recorderservice\tst\videoos.recorder.unittests\bin\x64\debug\net472\videoos.recorder.unittests.dll" id="c7e028a4-6536-4768-2d6b-f6d16bc552e3">
      <Execution id="653572bd-ff50-4741-9db4-048e9385b02a" />
      <TestMethod codeBase="D:\actions-runner\_work\XPCO\XPCO\Corporate\RecordingServer\RecorderService\tst\VideoOS.Recorder.UnitTests\bin\x64\Debug\net472\VideoOS.Recorder.UnitTests.dll" adapterTypeName="executor://mstestadapter/v2" className="VideoOS.Recorder.UnitTests.WebServer.SOAPCommandRequestHandlerTests" name="SOAPCommandRequestHandler_ExecuteFunction_HandleTimeLineInformationGet_NoTimeLineInformationInterval" />
    </UnitTest>
    <UnitTest name="FirmwareUpgradeCommandHandler_Execute_FirmwareUpgradeStatus_ThrowsAlreadyRunning_Errors" storage="d:\actions-runner\_work\xpco\xpco\corporate\recordingserver\recorderservice\tst\videoos.recorder.unittests\bin\x64\debug\net472\videoos.recorder.unittests.dll" id="25d02e8c-16f7-e9f4-478b-305fb020ef3e">
      <Execution id="66fe68e9-f5a8-4b9d-8766-4e5465ace757" />
      <TestMethod codeBase="D:\actions-runner\_work\XPCO\XPCO\Corporate\RecordingServer\RecorderService\tst\VideoOS.Recorder.UnitTests\bin\x64\Debug\net472\VideoOS.Recorder.UnitTests.dll" adapterTypeName="executor://mstestadapter/v2" className="VideoOS.Recorder.UnitTests.Command.FirmwareUpgradeCommandHandlerUnitTests" name="FirmwareUpgradeCommandHandler_Execute_FirmwareUpgradeStatus_ThrowsAlreadyRunning_Errors" />
    </UnitTest>
    <UnitTest name="PtzReserveSessionCommandHandler_Execute_PtzException_PtzNotSupported" storage="d:\actions-runner\_work\xpco\xpco\corporate\recordingserver\recorderservice\tst\videoos.recorder.unittests\bin\x64\debug\net472\videoos.recorder.unittests.dll" id="4653b7c6-3ebe-3e0e-638f-06af9c964104">
      <Execution id="79ea6518-cd93-4af9-9de9-375002e8c6e3" />
      <TestMethod codeBase="D:\actions-runner\_work\XPCO\XPCO\Corporate\RecordingServer\RecorderService\tst\VideoOS.Recorder.UnitTests\bin\x64\Debug\net472\VideoOS.Recorder.UnitTests.dll" adapterTypeName="executor://mstestadapter/v2" className="VideoOS.Recorder.UnitTests.Command.PtzReserveSessionCommandHandlerTest" name="PtzReserveSessionCommandHandler_Execute_PtzException_PtzNotSupported" />
    </UnitTest>
    <UnitTest name="ResponseController_BoolResponseNullInput_BadRequestResult" storage="d:\actions-runner\_work\xpco\xpco\corporate\recordingserver\recorderservice\tst\videoos.recorder.unittests\bin\x64\debug\net472\videoos.recorder.unittests.dll" id="2997dccb-198f-1bc8-7ae5-b9bd3bac6ede">
      <Execution id="c6598ab3-0af7-43d8-9aa4-faee875fa5e5" />
      <TestMethod codeBase="D:\actions-runner\_work\XPCO\XPCO\Corporate\RecordingServer\RecorderService\tst\VideoOS.Recorder.UnitTests\bin\x64\Debug\net472\VideoOS.Recorder.UnitTests.dll" adapterTypeName="executor://mstestadapter/v2" className="VideoOS.Recorder.UnitTests.ResponseControllerTests" name="ResponseController_BoolResponseNullInput_BadRequestResult" />
    </UnitTest>
    <UnitTest name="AudioPlayerOnSpeaker_PlayUsingCurrentThread_ReservationRejected" storage="d:\actions-runner\_work\xpco\xpco\corporate\recordingserver\recorderservice\tst\videoos.recorder.unittests\bin\x64\debug\net472\videoos.recorder.unittests.dll" id="3e6cf1be-b217-81c9-3037-1ebd5891d541">
      <Execution id="2fb3c5ba-ec91-4657-9bcb-cda6c53100d9" />
      <TestMethod codeBase="D:\actions-runner\_work\XPCO\XPCO\Corporate\RecordingServer\RecorderService\tst\VideoOS.Recorder.UnitTests\bin\x64\Debug\net472\VideoOS.Recorder.UnitTests.dll" adapterTypeName="executor://mstestadapter/v2" className="VideoOS.Recorder.UnitTests.AudioMessageHandling.AudioPlayerOnSpeakerTests" name="AudioPlayerOnSpeaker_PlayUsingCurrentThread_ReservationRejected" />
    </UnitTest>
    <UnitTest name="DriverProxyInstanceManager_Constructor_NullCheck" storage="d:\actions-runner\_work\xpco\xpco\corporate\recordingserver\recorderservice\tst\videoos.recorder.unittests\bin\x64\debug\net472\videoos.recorder.unittests.dll" id="b26fd199-5751-1edb-3441-9e034fa75fc4">
      <Execution id="484b0bb7-d600-4430-8749-2053dc2ca73c" />
      <TestMethod codeBase="D:\actions-runner\_work\XPCO\XPCO\Corporate\RecordingServer\RecorderService\tst\VideoOS.Recorder.UnitTests\bin\x64\Debug\net472\VideoOS.Recorder.UnitTests.dll" adapterTypeName="executor://mstestadapter/v2" className="VideoOS.Recorder.UnitTests.DriverProxyInstanceManagerTests" name="DriverProxyInstanceManager_Constructor_NullCheck" />
    </UnitTest>
    <UnitTest name="AudioPlayerOnSpeaker_PlayUsingCurrentThread_4_Devices_3_Failing" storage="d:\actions-runner\_work\xpco\xpco\corporate\recordingserver\recorderservice\tst\videoos.recorder.unittests\bin\x64\debug\net472\videoos.recorder.unittests.dll" id="f935d6b7-2df1-476a-37a6-b512c480aa3c">
      <Execution id="92a5937c-87c6-4da0-a3c7-516793680af7" />
      <TestMethod codeBase="D:\actions-runner\_work\XPCO\XPCO\Corporate\RecordingServer\RecorderService\tst\VideoOS.Recorder.UnitTests\bin\x64\Debug\net472\VideoOS.Recorder.UnitTests.dll" adapterTypeName="executor://mstestadapter/v2" className="VideoOS.Recorder.UnitTests.AudioMessageHandling.AudioPlayerOnSpeakerTests" name="AudioPlayerOnSpeaker_PlayUsingCurrentThread_4_Devices_3_Failing" />
    </UnitTest>
    <UnitTest name="SOAPCommandRequestHandler_ExecuteFunction_HandlePTZCenter_Zoom_Not_Double" storage="d:\actions-runner\_work\xpco\xpco\corporate\recordingserver\recorderservice\tst\videoos.recorder.unittests\bin\x64\debug\net472\videoos.recorder.unittests.dll" id="a657cb3a-38c0-fb29-81f5-1f9df5b01316">
      <Execution id="ea193f03-9af9-41a7-8f41-9ede93c0ad80" />
      <TestMethod codeBase="D:\actions-runner\_work\XPCO\XPCO\Corporate\RecordingServer\RecorderService\tst\VideoOS.Recorder.UnitTests\bin\x64\Debug\net472\VideoOS.Recorder.UnitTests.dll" adapterTypeName="executor://mstestadapter/v2" className="VideoOS.Recorder.UnitTests.WebServer.SOAPCommandRequestHandlerTests" name="SOAPCommandRequestHandler_ExecuteFunction_HandlePTZCenter_Zoom_Not_Double" />
    </UnitTest>
    <UnitTest name="ChangeConfigLinksWhileRecordingCamera" storage="d:\actions-runner\_work\xpco\xpco\corporate\recordingserver\recorderservice\tst\videoos.recorder.unittests\bin\x64\debug\net472\videoos.recorder.unittests.dll" id="2dbd46d0-8c54-2724-aaff-586ac0b36aea">
      <TestCategory>
        <TestCategoryItem TestCategory="ObjectModel.Device.RelatedDeviceHandler" />
      </TestCategory>
      <Execution id="66d42c21-84ff-455a-b180-b8965cab26c4" />
      <TestMethod codeBase="D:\actions-runner\_work\XPCO\XPCO\Corporate\RecordingServer\RecorderService\tst\VideoOS.Recorder.UnitTests\bin\x64\Debug\net472\VideoOS.Recorder.UnitTests.dll" adapterTypeName="executor://mstestadapter/v2" className="VideoOS.Recorder.UnitTests.ObjectModel.RelatedDeviceHandlerTest" name="ChangeConfigLinksWhileRecordingCamera" />
    </UnitTest>
    <UnitTest name="SOAPCommandRequestHandler_ExecuteFunction_HandlePTZMoveRelative_NoDeviceId" storage="d:\actions-runner\_work\xpco\xpco\corporate\recordingserver\recorderservice\tst\videoos.recorder.unittests\bin\x64\debug\net472\videoos.recorder.unittests.dll" id="e49981d3-2ce5-6303-6dfc-5344392bd815">
      <Execution id="95c258df-7f48-43ec-b093-e3d736c1cf9c" />
      <TestMethod codeBase="D:\actions-runner\_work\XPCO\XPCO\Corporate\RecordingServer\RecorderService\tst\VideoOS.Recorder.UnitTests\bin\x64\Debug\net472\VideoOS.Recorder.UnitTests.dll" adapterTypeName="executor://mstestadapter/v2" className="VideoOS.Recorder.UnitTests.WebServer.SOAPCommandRequestHandlerTests" name="SOAPCommandRequestHandler_ExecuteFunction_HandlePTZMoveRelative_NoDeviceId" />
    </UnitTest>
    <UnitTest name="IsInRange_ShouldReturnFalse_WhenEndHasIncorrectFormat" storage="d:\actions-runner\_work\xpco\xpco\corporate\recordingserver\recorderservice\tst\videoos.recorder.unittests\bin\x64\debug\net472\videoos.recorder.unittests.dll" id="34d6c2ba-7066-1f87-cafb-c22794b8fcae">
      <Execution id="68e676c5-c589-43c5-85fa-fbcfcc659c6c" />
      <TestMethod codeBase="D:\actions-runner\_work\XPCO\XPCO\Corporate\RecordingServer\RecorderService\tst\VideoOS.Recorder.UnitTests\bin\x64\Debug\net472\VideoOS.Recorder.UnitTests.dll" adapterTypeName="executor://mstestadapter/v2" className="VideoOS.Recorder.UnitTests.DeviceDiscovery.MipDriversDiscoveryTaskTests" name="IsInRange_ShouldReturnFalse_WhenEndHasIncorrectFormat" />
    </UnitTest>
    <UnitTest name="ConnectUpdate_Failed_TokenInvalid" storage="d:\actions-runner\_work\xpco\xpco\corporate\recordingserver\recorderservice\tst\videoos.recorder.unittests\bin\x64\debug\net472\videoos.recorder.unittests.dll" id="8c02a264-004f-1e21-3fee-9edeaf2e53df">
      <Execution id="66bfb334-b040-41e2-8031-1307ee98a76c" />
      <TestMethod codeBase="D:\actions-runner\_work\XPCO\XPCO\Corporate\RecordingServer\RecorderService\tst\VideoOS.Recorder.UnitTests\bin\x64\Debug\net472\VideoOS.Recorder.UnitTests.dll" adapterTypeName="executor://mstestadapter/v2" className="VideoOS.Recorder.UnitTests.WebServer.ImageServerRequestHandlerTests" name="ConnectUpdate_Failed_TokenInvalid" />
    </UnitTest>
    <UnitTest name="PingDeviceCommandHandler_Execute_NullArgs_Throws" storage="d:\actions-runner\_work\xpco\xpco\corporate\recordingserver\recorderservice\tst\videoos.recorder.unittests\bin\x64\debug\net472\videoos.recorder.unittests.dll" id="e20374bf-d2a7-0e47-aed0-8de3d57cd71b">
      <Execution id="68687183-f152-4c17-b900-74af304e0619" />
      <TestMethod codeBase="D:\actions-runner\_work\XPCO\XPCO\Corporate\RecordingServer\RecorderService\tst\VideoOS.Recorder.UnitTests\bin\x64\Debug\net472\VideoOS.Recorder.UnitTests.dll" adapterTypeName="executor://mstestadapter/v2" className="VideoOS.Recorder.UnitTests.Command.PingDeviceCommandHandlerUnitTests" name="PingDeviceCommandHandler_Execute_NullArgs_Throws" />
    </UnitTest>
    <UnitTest name="PtzManagerDataHolder_GetSchema_Not_Found" storage="d:\actions-runner\_work\xpco\xpco\corporate\recordingserver\recorderservice\tst\videoos.recorder.unittests\bin\x64\debug\net472\videoos.recorder.unittests.dll" id="8fa4b3e3-03f0-b4e5-5ef6-2270848dbaea">
      <Execution id="14bd068b-4624-4a17-bc9d-974028fb18c5" />
      <TestMethod codeBase="D:\actions-runner\_work\XPCO\XPCO\Corporate\RecordingServer\RecorderService\tst\VideoOS.Recorder.UnitTests\bin\x64\Debug\net472\VideoOS.Recorder.UnitTests.dll" adapterTypeName="executor://mstestadapter/v2" className="VideoOS.Recorder.UnitTests.Command.PtzManagerDataHolderTest" name="PtzManagerDataHolder_GetSchema_Not_Found" />
    </UnitTest>
    <UnitTest name="LicenseManager_FeatureExists_AxisOneClock_Fail" storage="d:\actions-runner\_work\xpco\xpco\corporate\recordingserver\recorderservice\tst\videoos.recorder.unittests\bin\x64\debug\net472\videoos.recorder.unittests.dll" id="d0389a67-3bd2-daf8-7276-c5237526e530">
      <TestCategory>
        <TestCategoryItem TestCategory="Licensing" />
      </TestCategory>
      <Execution id="d2dc735c-e180-4e99-a6e7-d0ebf319ca9d" />
      <TestMethod codeBase="D:\actions-runner\_work\XPCO\XPCO\Corporate\RecordingServer\RecorderService\tst\VideoOS.Recorder.UnitTests\bin\x64\Debug\net472\VideoOS.Recorder.UnitTests.dll" adapterTypeName="executor://mstestadapter/v2" className="VideoOS.Recorder.UnitTests.Licensing.LicenseManagerUnitTests" name="LicenseManager_FeatureExists_AxisOneClock_Fail" />
    </UnitTest>
    <UnitTest name="MediaStorageEventSource_InitializationTest" storage="d:\actions-runner\_work\xpco\xpco\corporate\recordingserver\recorderservice\tst\videoos.recorder.unittests\bin\x64\debug\net472\videoos.recorder.unittests.dll" id="70bb42e0-bf26-6c57-0a75-355d85662aea">
      <Execution id="169406f5-ee33-4d7d-acc9-8caf3af6ec66" />
      <TestMethod codeBase="D:\actions-runner\_work\XPCO\XPCO\Corporate\RecordingServer\RecorderService\tst\VideoOS.Recorder.UnitTests\bin\x64\Debug\net472\VideoOS.Recorder.UnitTests.dll" adapterTypeName="executor://mstestadapter/v2" className="VideoOS.Recorder.UnitTests.Tracing.GeneralTracingTests" name="MediaStorageEventSource_InitializationTest" />
    </UnitTest>
    <UnitTest name="PtzPatrollingSessionBase_ExternalStopAndMoveToEndPosition_Success" storage="d:\actions-runner\_work\xpco\xpco\corporate\recordingserver\recorderservice\tst\videoos.recorder.unittests\bin\x64\debug\net472\videoos.recorder.unittests.dll" id="35681243-c5d4-5cde-895e-fcaef21a02af">
      <Execution id="7145dd70-c148-4896-a5c8-4dc49016a308" />
      <TestMethod codeBase="D:\actions-runner\_work\XPCO\XPCO\Corporate\RecordingServer\RecorderService\tst\VideoOS.Recorder.UnitTests\bin\x64\Debug\net472\VideoOS.Recorder.UnitTests.dll" adapterTypeName="executor://mstestadapter/v2" className="VideoOS.Recorder.UnitTests.Command.PtzSessionsTests" name="PtzPatrollingSessionBase_ExternalStopAndMoveToEndPosition_Success" />
    </UnitTest>
    <UnitTest name="PtzManager_GotoPreset_Success" storage="d:\actions-runner\_work\xpco\xpco\corporate\recordingserver\recorderservice\tst\videoos.recorder.unittests\bin\x64\debug\net472\videoos.recorder.unittests.dll" id="6988a5e0-e3c4-d15b-8e6e-ee49205b2a61">
      <Execution id="0b977aa9-ef76-460f-b29a-ed2d38e1cbbb" />
      <TestMethod codeBase="D:\actions-runner\_work\XPCO\XPCO\Corporate\RecordingServer\RecorderService\tst\VideoOS.Recorder.UnitTests\bin\x64\Debug\net472\VideoOS.Recorder.UnitTests.dll" adapterTypeName="executor://mstestadapter/v2" className="VideoOS.Recorder.UnitTests.Command.PtzManagerTests" name="PtzManager_GotoPreset_Success" />
    </UnitTest>
    <UnitTest name="GetHardwareUsersCommandHandler_Execute_GetUserList_ThrowsMemoryException_Throws" storage="d:\actions-runner\_work\xpco\xpco\corporate\recordingserver\recorderservice\tst\videoos.recorder.unittests\bin\x64\debug\net472\videoos.recorder.unittests.dll" id="fe82c807-4832-5e8f-08c7-a4a9914235b0">
      <Execution id="10db46fb-1251-4295-8818-bab88f46a4ed" />
      <TestMethod codeBase="D:\actions-runner\_work\XPCO\XPCO\Corporate\RecordingServer\RecorderService\tst\VideoOS.Recorder.UnitTests\bin\x64\Debug\net472\VideoOS.Recorder.UnitTests.dll" adapterTypeName="executor://mstestadapter/v2" className="VideoOS.Recorder.UnitTests.Command.GetHardwareUsersCommandHandlerUnitTests" name="GetHardwareUsersCommandHandler_Execute_GetUserList_ThrowsMemoryException_Throws" />
    </UnitTest>
    <UnitTest name="TriggerEventAsGlobal_IsValid_NoContent" storage="d:\actions-runner\_work\xpco\xpco\corporate\recordingserver\recorderservice\tst\videoos.recorder.unittests\bin\x64\debug\net472\videoos.recorder.unittests.dll" id="a6d890d9-ba20-2a4c-cb99-488fc7063ee6">
      <Execution id="d9904826-ee69-405b-bdf1-27d1e77cd0ff" />
      <TestMethod codeBase="D:\actions-runner\_work\XPCO\XPCO\Corporate\RecordingServer\RecorderService\tst\VideoOS.Recorder.UnitTests\bin\x64\Debug\net472\VideoOS.Recorder.UnitTests.dll" adapterTypeName="executor://mstestadapter/v2" className="VideoOS.Recorder.UnitTests.EventsControllerTests" name="TriggerEventAsGlobal_IsValid_NoContent" />
    </UnitTest>
    <UnitTest name="SOAPCommandRequestHandler_ExecuteFunction_HandleSequencesGet_No_Speaker_Security" storage="d:\actions-runner\_work\xpco\xpco\corporate\recordingserver\recorderservice\tst\videoos.recorder.unittests\bin\x64\debug\net472\videoos.recorder.unittests.dll" id="068809ea-9aa8-35d4-7bb8-e61f3cca836c">
      <Execution id="ff29d892-20d3-4b16-884a-926538b68c0d" />
      <TestMethod codeBase="D:\actions-runner\_work\XPCO\XPCO\Corporate\RecordingServer\RecorderService\tst\VideoOS.Recorder.UnitTests\bin\x64\Debug\net472\VideoOS.Recorder.UnitTests.dll" adapterTypeName="executor://mstestadapter/v2" className="VideoOS.Recorder.UnitTests.WebServer.SOAPCommandRequestHandlerTests" name="SOAPCommandRequestHandler_ExecuteFunction_HandleSequencesGet_No_Speaker_Security" />
    </UnitTest>
    <UnitTest name="AddStatus_SendsCombinedStatus_OnMultipleStatusCalls" storage="d:\actions-runner\_work\xpco\xpco\corporate\recordingserver\recorderservice\tst\videoos.recorder.unittests\bin\x64\debug\net472\videoos.recorder.unittests.dll" id="227a9887-6644-92d2-9aa6-ba62239af7d9">
      <TestCategory>
        <TestCategoryItem TestCategory="RecorderStatus" />
      </TestCategory>
      <Execution id="baafc2ff-3937-44d0-b1ff-17c5f4973681" />
      <TestMethod codeBase="D:\actions-runner\_work\XPCO\XPCO\Corporate\RecordingServer\RecorderService\tst\VideoOS.Recorder.UnitTests\bin\x64\Debug\net472\VideoOS.Recorder.UnitTests.dll" adapterTypeName="executor://mstestadapter/v2" className="VideoOS.Recorder.UnitTests.RecorderStatusTests" name="AddStatus_SendsCombinedStatus_OnMultipleStatusCalls" />
    </UnitTest>
    <UnitTest name="PtzManager_CenterAndZoomToRectangle_NoMediaFeedHandler" storage="d:\actions-runner\_work\xpco\xpco\corporate\recordingserver\recorderservice\tst\videoos.recorder.unittests\bin\x64\debug\net472\videoos.recorder.unittests.dll" id="c7df2786-1bf9-b767-0796-f1e6a90b1ad9">
      <Execution id="cd1f54cf-5ad5-4b32-8da2-8f4a39f446a1" />
      <TestMethod codeBase="D:\actions-runner\_work\XPCO\XPCO\Corporate\RecordingServer\RecorderService\tst\VideoOS.Recorder.UnitTests\bin\x64\Debug\net472\VideoOS.Recorder.UnitTests.dll" adapterTypeName="executor://mstestadapter/v2" className="VideoOS.Recorder.UnitTests.Command.PtzManagerTests" name="PtzManager_CenterAndZoomToRectangle_NoMediaFeedHandler" />
    </UnitTest>
    <UnitTest name="ConnectSuccessSimple_SpeakerNoMultipart" storage="d:\actions-runner\_work\xpco\xpco\corporate\recordingserver\recorderservice\tst\videoos.recorder.unittests\bin\x64\debug\net472\videoos.recorder.unittests.dll" id="5ddebc41-c5fe-0924-cc3f-0fe55dddcf87">
      <Execution id="cd9be1aa-22bf-421e-b9ca-0043a9d08fef" />
      <TestMethod codeBase="D:\actions-runner\_work\XPCO\XPCO\Corporate\RecordingServer\RecorderService\tst\VideoOS.Recorder.UnitTests\bin\x64\Debug\net472\VideoOS.Recorder.UnitTests.dll" adapterTypeName="executor://mstestadapter/v2" className="VideoOS.Recorder.UnitTests.WebServer.ImageServerRequestHandlerTests" name="ConnectSuccessSimple_SpeakerNoMultipart" />
    </UnitTest>
    <UnitTest name="SOAPCommandRequestHandler_ExecuteFunction_HandleMulticastStart_Client_Cant_Handle_PrivacyMask" storage="d:\actions-runner\_work\xpco\xpco\corporate\recordingserver\recorderservice\tst\videoos.recorder.unittests\bin\x64\debug\net472\videoos.recorder.unittests.dll" id="2614e9c9-d868-e53f-d1f7-c14b411ec857">
      <Execution id="4b3e4e7c-0e55-4a3e-8af0-a379f6ccd585" />
      <TestMethod codeBase="D:\actions-runner\_work\XPCO\XPCO\Corporate\RecordingServer\RecorderService\tst\VideoOS.Recorder.UnitTests\bin\x64\Debug\net472\VideoOS.Recorder.UnitTests.dll" adapterTypeName="executor://mstestadapter/v2" className="VideoOS.Recorder.UnitTests.WebServer.SOAPCommandRequestHandlerTests" name="SOAPCommandRequestHandler_ExecuteFunction_HandleMulticastStart_Client_Cant_Handle_PrivacyMask" />
    </UnitTest>
    <UnitTest name="ConfigurationController_UpdateSecurityConfiguration_IsValid_NoContent" storage="d:\actions-runner\_work\xpco\xpco\corporate\recordingserver\recorderservice\tst\videoos.recorder.unittests\bin\x64\debug\net472\videoos.recorder.unittests.dll" id="93976be4-fb9f-5da8-5ace-0c4cfb0b5d69">
      <Execution id="583bf37e-84eb-4e6e-8898-174d9dd516c8" />
      <TestMethod codeBase="D:\actions-runner\_work\XPCO\XPCO\Corporate\RecordingServer\RecorderService\tst\VideoOS.Recorder.UnitTests\bin\x64\Debug\net472\VideoOS.Recorder.UnitTests.dll" adapterTypeName="executor://mstestadapter/v2" className="VideoOS.Recorder.UnitTests.ConfigurationControllerTests" name="ConfigurationController_UpdateSecurityConfiguration_IsValid_NoContent" />
    </UnitTest>
    <UnitTest name="DriverProxyInstanceManager_RemoveNonaddedHardware_WarningLogged" storage="d:\actions-runner\_work\xpco\xpco\corporate\recordingserver\recorderservice\tst\videoos.recorder.unittests\bin\x64\debug\net472\videoos.recorder.unittests.dll" id="bb586174-9b05-807d-80c0-f849bdb676e7">
      <Execution id="2c94a3b0-3e25-4b5a-b52a-84b7c3552499" />
      <TestMethod codeBase="D:\actions-runner\_work\XPCO\XPCO\Corporate\RecordingServer\RecorderService\tst\VideoOS.Recorder.UnitTests\bin\x64\Debug\net472\VideoOS.Recorder.UnitTests.dll" adapterTypeName="executor://mstestadapter/v2" className="VideoOS.Recorder.UnitTests.DriverProxyInstanceManagerTests" name="DriverProxyInstanceManager_RemoveNonaddedHardware_WarningLogged" />
    </UnitTest>
    <UnitTest name="ResolveIdAndMessage_MediaDatabaseEvents_WithBankMetaData" storage="d:\actions-runner\_work\xpco\xpco\corporate\recordingserver\recorderservice\tst\videoos.recorder.unittests\bin\x64\debug\net472\videoos.recorder.unittests.dll" id="2af9ef9c-9649-cbbf-8f5c-39f4b3056be4">
      <Execution id="62b876b6-339f-4010-943a-c7ac4c238336" />
      <TestMethod codeBase="D:\actions-runner\_work\XPCO\XPCO\Corporate\RecordingServer\RecorderService\tst\VideoOS.Recorder.UnitTests\bin\x64\Debug\net472\VideoOS.Recorder.UnitTests.dll" adapterTypeName="executor://mstestadapter/v2" className="VideoOS.Recorder.UnitTests.RuleActions.SendSNMPTrapRuleActionTests" name="ResolveIdAndMessage_MediaDatabaseEvents_WithBankMetaData" />
    </UnitTest>
    <UnitTest name="SetNetworkConfigurationCommandHandler_Execute_InvalidIP_Fails" storage="d:\actions-runner\_work\xpco\xpco\corporate\recordingserver\recorderservice\tst\videoos.recorder.unittests\bin\x64\debug\net472\videoos.recorder.unittests.dll" id="c44abdd5-f222-3297-c803-b1ba133feffe">
      <Execution id="2159c0cb-c5f2-495e-92f2-8ae8fbcdb040" />
      <TestMethod codeBase="D:\actions-runner\_work\XPCO\XPCO\Corporate\RecordingServer\RecorderService\tst\VideoOS.Recorder.UnitTests\bin\x64\Debug\net472\VideoOS.Recorder.UnitTests.dll" adapterTypeName="executor://mstestadapter/v2" className="VideoOS.Recorder.UnitTests.Command.SetNetworkConfigurationCommandHandlerUnitTests" name="SetNetworkConfigurationCommandHandler_Execute_InvalidIP_Fails" />
    </UnitTest>
    <UnitTest name="ReapplyHardwareSettingsManager_SetConfiguration_TimeNowBeforTriger_Success" storage="d:\actions-runner\_work\xpco\xpco\corporate\recordingserver\recorderservice\tst\videoos.recorder.unittests\bin\x64\debug\net472\videoos.recorder.unittests.dll" id="2179afc7-5504-0b02-24e4-fcc21a48aef2">
      <Execution id="2e3b3050-0893-4b28-836a-d73e4c29d5e9" />
      <TestMethod codeBase="D:\actions-runner\_work\XPCO\XPCO\Corporate\RecordingServer\RecorderService\tst\VideoOS.Recorder.UnitTests\bin\x64\Debug\net472\VideoOS.Recorder.UnitTests.dll" adapterTypeName="executor://mstestadapter/v2" className="VideoOS.Recorder.UnitTests.ReapplyHardwareSettingsManagerTests" name="ReapplyHardwareSettingsManager_SetConfiguration_TimeNowBeforTriger_Success" />
    </UnitTest>
    <UnitTest name="MediaDbUtil_MultitrackNavigation_Scenario10" storage="d:\actions-runner\_work\xpco\xpco\corporate\recordingserver\recorderservice\tst\videoos.recorder.unittests\bin\x64\debug\net472\videoos.recorder.unittests.dll" id="eb7c6e32-ac7c-6c90-89b5-7243ed2764b5">
      <Execution id="82e305ed-1ff4-42cb-8d34-dec602815167" />
      <TestMethod codeBase="D:\actions-runner\_work\XPCO\XPCO\Corporate\RecordingServer\RecorderService\tst\VideoOS.Recorder.UnitTests\bin\x64\Debug\net472\VideoOS.Recorder.UnitTests.dll" adapterTypeName="executor://mstestadapter/v2" className="VideoOS.Recorder.UnitTests.WebServer.MediaDbUtilUnitTests" name="MediaDbUtil_MultitrackNavigation_Scenario10" />
    </UnitTest>
    <UnitTest name="RepairInfo_ParseRepairInfoXml_NotRepairXML_NotRepairing" storage="d:\actions-runner\_work\xpco\xpco\corporate\recordingserver\recorderservice\tst\videoos.recorder.unittests\bin\x64\debug\net472\videoos.recorder.unittests.dll" id="0fa0b296-825d-51eb-b99d-20cf04cf2923">
      <Execution id="c981c7e3-8273-4419-ae5b-3d2e819713b2" />
      <TestMethod codeBase="D:\actions-runner\_work\XPCO\XPCO\Corporate\RecordingServer\RecorderService\tst\VideoOS.Recorder.UnitTests\bin\x64\Debug\net472\VideoOS.Recorder.UnitTests.dll" adapterTypeName="executor://mstestadapter/v2" className="VideoOS.Recorder.UnitTests.Database.RepairInfoUnitTests" name="RepairInfo_ParseRepairInfoXml_NotRepairXML_NotRepairing" />
    </UnitTest>
    <UnitTest name="PtzManager_MakeReservedPtzSession_Success" storage="d:\actions-runner\_work\xpco\xpco\corporate\recordingserver\recorderservice\tst\videoos.recorder.unittests\bin\x64\debug\net472\videoos.recorder.unittests.dll" id="52ea9e02-ac65-5d36-73b4-e150a0471321">
      <Execution id="2b6b9e79-fdb3-4836-8e48-a99b251706d9" />
      <TestMethod codeBase="D:\actions-runner\_work\XPCO\XPCO\Corporate\RecordingServer\RecorderService\tst\VideoOS.Recorder.UnitTests\bin\x64\Debug\net472\VideoOS.Recorder.UnitTests.dll" adapterTypeName="executor://mstestadapter/v2" className="VideoOS.Recorder.UnitTests.Command.PtzManagerTests" name="PtzManager_MakeReservedPtzSession_Success" />
    </UnitTest>
    <UnitTest name="SOAPCommandRequestHandler_ExecuteFunction_HandleIsManualRecording_NoDeviceIds" storage="d:\actions-runner\_work\xpco\xpco\corporate\recordingserver\recorderservice\tst\videoos.recorder.unittests\bin\x64\debug\net472\videoos.recorder.unittests.dll" id="35742c37-1efd-f75e-f896-f0b8fc5d7bd8">
      <Execution id="3d19f46f-62ab-4e6a-9288-f7b3124512cb" />
      <TestMethod codeBase="D:\actions-runner\_work\XPCO\XPCO\Corporate\RecordingServer\RecorderService\tst\VideoOS.Recorder.UnitTests\bin\x64\Debug\net472\VideoOS.Recorder.UnitTests.dll" adapterTypeName="executor://mstestadapter/v2" className="VideoOS.Recorder.UnitTests.WebServer.SOAPCommandRequestHandlerTests" name="SOAPCommandRequestHandler_ExecuteFunction_HandleIsManualRecording_NoDeviceIds" />
    </UnitTest>
    <UnitTest name="SmartSearchHandlerBackwardTestDataWithoutMotion" storage="d:\actions-runner\_work\xpco\xpco\corporate\recordingserver\recorderservice\tst\videoos.recorder.unittests\bin\x64\debug\net472\videoos.recorder.unittests.dll" id="608047e5-df85-8405-ad65-35084ce865e2">
      <TestCategory>
        <TestCategoryItem TestCategory="SmartSearch" />
      </TestCategory>
      <Execution id="071ae7ed-2905-4f6b-98a3-4b9d621d773f" />
      <TestMethod codeBase="D:\actions-runner\_work\XPCO\XPCO\Corporate\RecordingServer\RecorderService\tst\VideoOS.Recorder.UnitTests\bin\x64\Debug\net472\VideoOS.Recorder.UnitTests.dll" adapterTypeName="executor://mstestadapter/v2" className="VideoOS.Recorder.UnitTests.SmartSearch.SmartSearchHandlerTest" name="SmartSearchHandlerBackwardTestDataWithoutMotion" />
    </UnitTest>
    <UnitTest name="FailoverMediaMover_MoveMediaDataHere_Existing_Devices_Moved" storage="d:\actions-runner\_work\xpco\xpco\corporate\recordingserver\recorderservice\tst\videoos.recorder.unittests\bin\x64\debug\net472\videoos.recorder.unittests.dll" id="a9041abb-6544-b2ae-80ca-adbdbda94a5e">
      <Execution id="87330ee9-4408-447d-b80a-5fb50cc3a7c1" />
      <TestMethod codeBase="D:\actions-runner\_work\XPCO\XPCO\Corporate\RecordingServer\RecorderService\tst\VideoOS.Recorder.UnitTests\bin\x64\Debug\net472\VideoOS.Recorder.UnitTests.dll" adapterTypeName="executor://mstestadapter/v2" className="VideoOS.Recorder.UnitTests.FailoverMediaMoverUnitTests" name="FailoverMediaMover_MoveMediaDataHere_Existing_Devices_Moved" />
    </UnitTest>
    <UnitTest name="CreateSettingsForInitializeHardwareAndDeviceSettings_WithInitAttributes_Return_Settings" storage="d:\actions-runner\_work\xpco\xpco\corporate\recordingserver\recorderservice\tst\videoos.recorder.unittests\bin\x64\debug\net472\videoos.recorder.unittests.dll" id="9867f707-d2cd-5e0b-65b7-7abbd2d8a3f8">
      <Execution id="5a24a54b-c277-40d1-86f3-392a58ed3b43" />
      <TestMethod codeBase="D:\actions-runner\_work\XPCO\XPCO\Corporate\RecordingServer\RecorderService\tst\VideoOS.Recorder.UnitTests\bin\x64\Debug\net472\VideoOS.Recorder.UnitTests.dll" adapterTypeName="executor://mstestadapter/v2" className="VideoOS.Recorder.UnitTests.ConfigurationDatasetHolderUnitTests" name="CreateSettingsForInitializeHardwareAndDeviceSettings_WithInitAttributes_Return_Settings" />
    </UnitTest>
    <UnitTest name="SOAPCommandRequestHandler_ExecuteFunction_HandleSequencesGet_No_Camera_Security" storage="d:\actions-runner\_work\xpco\xpco\corporate\recordingserver\recorderservice\tst\videoos.recorder.unittests\bin\x64\debug\net472\videoos.recorder.unittests.dll" id="f8e7e248-acdc-916a-4a20-0506ab973b75">
      <Execution id="240cb9ee-29be-4321-94ac-a50bcceaa555" />
      <TestMethod codeBase="D:\actions-runner\_work\XPCO\XPCO\Corporate\RecordingServer\RecorderService\tst\VideoOS.Recorder.UnitTests\bin\x64\Debug\net472\VideoOS.Recorder.UnitTests.dll" adapterTypeName="executor://mstestadapter/v2" className="VideoOS.Recorder.UnitTests.WebServer.SOAPCommandRequestHandlerTests" name="SOAPCommandRequestHandler_ExecuteFunction_HandleSequencesGet_No_Camera_Security" />
    </UnitTest>
    <UnitTest name="ConnectSuccess_FrameBrowseLayer_NoMedia" storage="d:\actions-runner\_work\xpco\xpco\corporate\recordingserver\recorderservice\tst\videoos.recorder.unittests\bin\x64\debug\net472\videoos.recorder.unittests.dll" id="1ba1561c-f0fa-3c62-50fc-6a8fbfa90a60">
      <Execution id="72e8e83f-1412-410f-85c5-9262337cbd6f" />
      <TestMethod codeBase="D:\actions-runner\_work\XPCO\XPCO\Corporate\RecordingServer\RecorderService\tst\VideoOS.Recorder.UnitTests\bin\x64\Debug\net472\VideoOS.Recorder.UnitTests.dll" adapterTypeName="executor://mstestadapter/v2" className="VideoOS.Recorder.UnitTests.WebServer.ImageServerRequestHandlerTests" name="ConnectSuccess_FrameBrowseLayer_NoMedia" />
    </UnitTest>
    <UnitTest name="PtzManager_SetConfiguration_Argument_Exception" storage="d:\actions-runner\_work\xpco\xpco\corporate\recordingserver\recorderservice\tst\videoos.recorder.unittests\bin\x64\debug\net472\videoos.recorder.unittests.dll" id="2126a3d7-efef-0ba3-c990-5cc004ed5ed9">
      <Execution id="ba968d3e-5a16-4e01-b1ac-84e9217c961c" />
      <TestMethod codeBase="D:\actions-runner\_work\XPCO\XPCO\Corporate\RecordingServer\RecorderService\tst\VideoOS.Recorder.UnitTests\bin\x64\Debug\net472\VideoOS.Recorder.UnitTests.dll" adapterTypeName="executor://mstestadapter/v2" className="VideoOS.Recorder.UnitTests.Command.PtzManagerTests" name="PtzManager_SetConfiguration_Argument_Exception" />
    </UnitTest>
    <UnitTest name="MediaDbCache_SetDiskUsageInformationBank_Set_Twice_Caches_First" storage="d:\actions-runner\_work\xpco\xpco\corporate\recordingserver\recorderservice\tst\videoos.recorder.unittests\bin\x64\debug\net472\videoos.recorder.unittests.dll" id="fee89795-4175-c6d2-9287-8735bfb09744">
      <Execution id="ab596084-06a6-48bc-b6d0-ea5d56612ab9" />
      <TestMethod codeBase="D:\actions-runner\_work\XPCO\XPCO\Corporate\RecordingServer\RecorderService\tst\VideoOS.Recorder.UnitTests\bin\x64\Debug\net472\VideoOS.Recorder.UnitTests.dll" adapterTypeName="executor://mstestadapter/v2" className="VideoOS.Recorder.UnitTests.Database.MediaDbCacheUnitTests" name="MediaDbCache_SetDiskUsageInformationBank_Set_Twice_Caches_First" />
    </UnitTest>
    <UnitTest name="SOAPCommandRequestHandler_ExecuteFunction_HandlePTZRectangle_Success" storage="d:\actions-runner\_work\xpco\xpco\corporate\recordingserver\recorderservice\tst\videoos.recorder.unittests\bin\x64\debug\net472\videoos.recorder.unittests.dll" id="900c9cd5-08a4-4d6a-4132-97a4eb93252f">
      <Execution id="5e4e4372-05d1-4f86-a92a-7a58063c0218" />
      <TestMethod codeBase="D:\actions-runner\_work\XPCO\XPCO\Corporate\RecordingServer\RecorderService\tst\VideoOS.Recorder.UnitTests\bin\x64\Debug\net472\VideoOS.Recorder.UnitTests.dll" adapterTypeName="executor://mstestadapter/v2" className="VideoOS.Recorder.UnitTests.WebServer.SOAPCommandRequestHandlerTests" name="SOAPCommandRequestHandler_ExecuteFunction_HandlePTZRectangle_Success" />
    </UnitTest>
    <UnitTest name="IsInRange_ShouldReturnTrue_WhenAddressIsBetweenStartAndEndBigRange" storage="d:\actions-runner\_work\xpco\xpco\corporate\recordingserver\recorderservice\tst\videoos.recorder.unittests\bin\x64\debug\net472\videoos.recorder.unittests.dll" id="ded54c5d-6865-8904-17e6-b13eabf08e52">
      <Execution id="1630714c-7fea-49a5-be9f-fe6a0de9ef49" />
      <TestMethod codeBase="D:\actions-runner\_work\XPCO\XPCO\Corporate\RecordingServer\RecorderService\tst\VideoOS.Recorder.UnitTests\bin\x64\Debug\net472\VideoOS.Recorder.UnitTests.dll" adapterTypeName="executor://mstestadapter/v2" className="VideoOS.Recorder.UnitTests.DeviceDiscovery.MipDriversDiscoveryTaskTests" name="IsInRange_ShouldReturnTrue_WhenAddressIsBetweenStartAndEndBigRange" />
    </UnitTest>
    <UnitTest name="SOAPCommandRequestHandler_ExecuteFunction_HandleSendDriverCommandWithResponse_NoSecurity" storage="d:\actions-runner\_work\xpco\xpco\corporate\recordingserver\recorderservice\tst\videoos.recorder.unittests\bin\x64\debug\net472\videoos.recorder.unittests.dll" id="ac23d499-5db5-40ba-bc6d-e74471358df3">
      <Execution id="e1bef8f3-cb7a-4b3e-b2ee-aabe9def2c6a" />
      <TestMethod codeBase="D:\actions-runner\_work\XPCO\XPCO\Corporate\RecordingServer\RecorderService\tst\VideoOS.Recorder.UnitTests\bin\x64\Debug\net472\VideoOS.Recorder.UnitTests.dll" adapterTypeName="executor://mstestadapter/v2" className="VideoOS.Recorder.UnitTests.WebServer.SOAPCommandRequestHandlerTests" name="SOAPCommandRequestHandler_ExecuteFunction_HandleSendDriverCommandWithResponse_NoSecurity" />
    </UnitTest>
    <UnitTest name="Start_WebErrorOnFirstTry_StartTimer" storage="d:\actions-runner\_work\xpco\xpco\corporate\recordingserver\recorderservice\tst\videoos.recorder.unittests\bin\x64\debug\net472\videoos.recorder.unittests.dll" id="23c99a93-5a9e-a3d8-1fc7-484a81c0d432">
      <Execution id="751cfc5a-7830-40c7-901c-c73903fd7072" />
      <TestMethod codeBase="D:\actions-runner\_work\XPCO\XPCO\Corporate\RecordingServer\RecorderService\tst\VideoOS.Recorder.UnitTests\bin\x64\Debug\net472\VideoOS.Recorder.UnitTests.dll" adapterTypeName="executor://mstestadapter/v2" className="VideoOS.Recorder.UnitTests.CommManagerWebApiTests" name="Start_WebErrorOnFirstTry_StartTimer" />
    </UnitTest>
    <UnitTest name="DriverProxyInstanceManager_AddSameHardwareTwice_AddedToProxyInstanceOnlyOnce" storage="d:\actions-runner\_work\xpco\xpco\corporate\recordingserver\recorderservice\tst\videoos.recorder.unittests\bin\x64\debug\net472\videoos.recorder.unittests.dll" id="c4a10832-9a58-deb5-3a21-94cad219c233">
      <Execution id="9c80af6b-43e5-4f9e-9328-0428b07b3427" />
      <TestMethod codeBase="D:\actions-runner\_work\XPCO\XPCO\Corporate\RecordingServer\RecorderService\tst\VideoOS.Recorder.UnitTests\bin\x64\Debug\net472\VideoOS.Recorder.UnitTests.dll" adapterTypeName="executor://mstestadapter/v2" className="VideoOS.Recorder.UnitTests.DriverProxyInstanceManagerTests" name="DriverProxyInstanceManager_AddSameHardwareTwice_AddedToProxyInstanceOnlyOnce" />
    </UnitTest>
    <UnitTest name="SmartSearchHandlerForwardTestNoData" storage="d:\actions-runner\_work\xpco\xpco\corporate\recordingserver\recorderservice\tst\videoos.recorder.unittests\bin\x64\debug\net472\videoos.recorder.unittests.dll" id="1cedb6d8-0f35-fa43-836b-425cffa2cc0a">
      <TestCategory>
        <TestCategoryItem TestCategory="SmartSearch" />
      </TestCategory>
      <Execution id="871b99b8-d433-43cb-be80-dc74662d24a0" />
      <TestMethod codeBase="D:\actions-runner\_work\XPCO\XPCO\Corporate\RecordingServer\RecorderService\tst\VideoOS.Recorder.UnitTests\bin\x64\Debug\net472\VideoOS.Recorder.UnitTests.dll" adapterTypeName="executor://mstestadapter/v2" className="VideoOS.Recorder.UnitTests.SmartSearch.SmartSearchHandlerTest" name="SmartSearchHandlerForwardTestNoData" />
    </UnitTest>
    <UnitTest name="DiffGramToApplyToOrigionalDataSetToMakeItIdenticalWithNewDataSet_HandleModifiedRows" storage="d:\actions-runner\_work\xpco\xpco\corporate\recordingserver\recorderservice\tst\videoos.recorder.unittests\bin\x64\debug\net472\videoos.recorder.unittests.dll" id="9c4407fe-179e-266d-a653-867b9bfb8713">
      <Execution id="c2044414-2a77-47e7-90bb-db1b5e304d43" />
      <TestMethod codeBase="D:\actions-runner\_work\XPCO\XPCO\Corporate\RecordingServer\RecorderService\tst\VideoOS.Recorder.UnitTests\bin\x64\Debug\net472\VideoOS.Recorder.UnitTests.dll" adapterTypeName="executor://mstestadapter/v2" className="VideoOS.Recorder.UnitTests.DataSetUtilityUnitTests" name="DiffGramToApplyToOrigionalDataSetToMakeItIdenticalWithNewDataSet_HandleModifiedRows" />
    </UnitTest>
    <UnitTest name="SOAPCommandRequestHandler_ExecuteFunction_HandleSmartSearchStart_NoSearchMask" storage="d:\actions-runner\_work\xpco\xpco\corporate\recordingserver\recorderservice\tst\videoos.recorder.unittests\bin\x64\debug\net472\videoos.recorder.unittests.dll" id="4b3e7906-566a-6456-5ef7-39b2883edaa1">
      <Execution id="7dd4b055-bcd0-47bd-8407-6bdce3c9e714" />
      <TestMethod codeBase="D:\actions-runner\_work\XPCO\XPCO\Corporate\RecordingServer\RecorderService\tst\VideoOS.Recorder.UnitTests\bin\x64\Debug\net472\VideoOS.Recorder.UnitTests.dll" adapterTypeName="executor://mstestadapter/v2" className="VideoOS.Recorder.UnitTests.WebServer.SOAPCommandRequestHandlerTests" name="SOAPCommandRequestHandler_ExecuteFunction_HandleSmartSearchStart_NoSearchMask" />
    </UnitTest>
    <UnitTest name="WebApiConfig_UpdatePublicPort_ChangePublicUri" storage="d:\actions-runner\_work\xpco\xpco\corporate\recordingserver\recorderservice\tst\videoos.recorder.unittests\bin\x64\debug\net472\videoos.recorder.unittests.dll" id="20ec6c48-efc2-8fc3-1b63-838530f83f37">
      <Execution id="b444e17e-dd6c-4179-a089-dfd9cfbb89c1" />
      <TestMethod codeBase="D:\actions-runner\_work\XPCO\XPCO\Corporate\RecordingServer\RecorderService\tst\VideoOS.Recorder.UnitTests\bin\x64\Debug\net472\VideoOS.Recorder.UnitTests.dll" adapterTypeName="executor://mstestadapter/v2" className="VideoOS.Recorder.UnitTests.WebApiConfigTests" name="WebApiConfig_UpdatePublicPort_ChangePublicUri" />
    </UnitTest>
    <UnitTest name="ResolveIdAndMessage_External_Generator" storage="d:\actions-runner\_work\xpco\xpco\corporate\recordingserver\recorderservice\tst\videoos.recorder.unittests\bin\x64\debug\net472\videoos.recorder.unittests.dll" id="6570d90c-63b9-00da-8be6-a5600bf30066">
      <Execution id="fa9ef378-6cf7-4ee3-9fec-8c752953b0ad" />
      <TestMethod codeBase="D:\actions-runner\_work\XPCO\XPCO\Corporate\RecordingServer\RecorderService\tst\VideoOS.Recorder.UnitTests\bin\x64\Debug\net472\VideoOS.Recorder.UnitTests.dll" adapterTypeName="executor://mstestadapter/v2" className="VideoOS.Recorder.UnitTests.RuleActions.SendSNMPTrapRuleActionTests" name="ResolveIdAndMessage_External_Generator" />
    </UnitTest>
    <UnitTest name="GetNetworkConfigurationCommandHandler_Execute_GetNetworkConfiguration_ThrowsUnknownResult_Errors" storage="d:\actions-runner\_work\xpco\xpco\corporate\recordingserver\recorderservice\tst\videoos.recorder.unittests\bin\x64\debug\net472\videoos.recorder.unittests.dll" id="a03d31e5-b519-df48-9108-2eaf143ef1ab">
      <Execution id="ccbd7013-1e73-4080-a080-3d8f7d681658" />
      <TestMethod codeBase="D:\actions-runner\_work\XPCO\XPCO\Corporate\RecordingServer\RecorderService\tst\VideoOS.Recorder.UnitTests\bin\x64\Debug\net472\VideoOS.Recorder.UnitTests.dll" adapterTypeName="executor://mstestadapter/v2" className="VideoOS.Recorder.UnitTests.Command.GetNetworkConfigurationCommandHandlerUnitTests" name="GetNetworkConfigurationCommandHandler_Execute_GetNetworkConfiguration_ThrowsUnknownResult_Errors" />
    </UnitTest>
    <UnitTest name="CheckForLiveAndOrphanTables_TableRegistredButNoInConfig" storage="d:\actions-runner\_work\xpco\xpco\corporate\recordingserver\recorderservice\tst\videoos.recorder.unittests\bin\x64\debug\net472\videoos.recorder.unittests.dll" id="6ab40576-1d35-36ab-4ca3-0526ee9c6e83">
      <Execution id="742e9af6-0d30-4939-aa08-fe1484df2fd1" />
      <TestMethod codeBase="D:\actions-runner\_work\XPCO\XPCO\Corporate\RecordingServer\RecorderService\tst\VideoOS.Recorder.UnitTests\bin\x64\Debug\net472\VideoOS.Recorder.UnitTests.dll" adapterTypeName="executor://mstestadapter/v2" className="VideoOS.Recorder.UnitTests.ObjectModel.MediaDbManagerUnitTests" name="CheckForLiveAndOrphanTables_TableRegistredButNoInConfig" />
    </UnitTest>
    <UnitTest name="SetNetworkConfigurationCommandHandler_Execute_HardwareBlocked_Errors" storage="d:\actions-runner\_work\xpco\xpco\corporate\recordingserver\recorderservice\tst\videoos.recorder.unittests\bin\x64\debug\net472\videoos.recorder.unittests.dll" id="2c94bf9d-4b8a-41a8-a139-1614d07c1390">
      <Execution id="5450b5ff-5587-48c7-8fb9-e7dc1efb884a" />
      <TestMethod codeBase="D:\actions-runner\_work\XPCO\XPCO\Corporate\RecordingServer\RecorderService\tst\VideoOS.Recorder.UnitTests\bin\x64\Debug\net472\VideoOS.Recorder.UnitTests.dll" adapterTypeName="executor://mstestadapter/v2" className="VideoOS.Recorder.UnitTests.Command.SetNetworkConfigurationCommandHandlerUnitTests" name="SetNetworkConfigurationCommandHandler_Execute_HardwareBlocked_Errors" />
    </UnitTest>
    <UnitTest name="GetSettingAsInt32_Success" storage="d:\actions-runner\_work\xpco\xpco\corporate\recordingserver\recorderservice\tst\videoos.recorder.unittests\bin\x64\debug\net472\videoos.recorder.unittests.dll" id="ff8394a5-3fa7-aa82-b857-5a2b03a436fa">
      <Execution id="615129c9-97de-4a62-8f72-219ed6e595b4" />
      <TestMethod codeBase="D:\actions-runner\_work\XPCO\XPCO\Corporate\RecordingServer\RecorderService\tst\VideoOS.Recorder.UnitTests\bin\x64\Debug\net472\VideoOS.Recorder.UnitTests.dll" adapterTypeName="executor://mstestadapter/v2" className="VideoOS.Recorder.UnitTests.Multicast.MulticastSettingsExtensionsUnitTests" name="GetSettingAsInt32_Success" />
    </UnitTest>
    <UnitTest name="ConfigurationController_UpdateSecurityConfiguration_IsNull_BadRequestResult" storage="d:\actions-runner\_work\xpco\xpco\corporate\recordingserver\recorderservice\tst\videoos.recorder.unittests\bin\x64\debug\net472\videoos.recorder.unittests.dll" id="523ccd07-2fea-b077-ce34-edfc798b2c89">
      <Execution id="aa4f9df6-2bd1-4f62-a574-6011ff39047b" />
      <TestMethod codeBase="D:\actions-runner\_work\XPCO\XPCO\Corporate\RecordingServer\RecorderService\tst\VideoOS.Recorder.UnitTests\bin\x64\Debug\net472\VideoOS.Recorder.UnitTests.dll" adapterTypeName="executor://mstestadapter/v2" className="VideoOS.Recorder.UnitTests.ConfigurationControllerTests" name="ConfigurationController_UpdateSecurityConfiguration_IsNull_BadRequestResult" />
    </UnitTest>
    <UnitTest name="RemoveNotExistingRegistrationAllowed" storage="d:\actions-runner\_work\xpco\xpco\corporate\recordingserver\recorderservice\tst\videoos.recorder.unittests\bin\x64\debug\net472\videoos.recorder.unittests.dll" id="ef1934d2-b3b6-2151-a38b-d7501c51a7d4">
      <Execution id="598d0ed6-5154-4d28-844c-bdf672a3eec9" />
      <TestMethod codeBase="D:\actions-runner\_work\XPCO\XPCO\Corporate\RecordingServer\RecorderService\tst\VideoOS.Recorder.UnitTests\bin\x64\Debug\net472\VideoOS.Recorder.UnitTests.dll" adapterTypeName="executor://mstestadapter/v2" className="VideoOS.Recorder.UnitTests.Database.MediaDbLiveTableStorageInfoTests" name="RemoveNotExistingRegistrationAllowed" />
    </UnitTest>
    <UnitTest name="FileUploadCommandHandler_Execute_CommandWithErrorMessageReturnsErrorResponse" storage="d:\actions-runner\_work\xpco\xpco\corporate\recordingserver\recorderservice\tst\videoos.recorder.unittests\bin\x64\debug\net472\videoos.recorder.unittests.dll" id="e5907a3c-ce81-2eb8-ce3e-a51d809d87ad">
      <Execution id="ac80389e-8341-4b2a-9967-c33a58ebe1f8" />
      <TestMethod codeBase="D:\actions-runner\_work\XPCO\XPCO\Corporate\RecordingServer\RecorderService\tst\VideoOS.Recorder.UnitTests\bin\x64\Debug\net472\VideoOS.Recorder.UnitTests.dll" adapterTypeName="executor://mstestadapter/v2" className="VideoOS.Recorder.UnitTests.Command.FileUploadCommandHandlerUnitTests" name="FileUploadCommandHandler_Execute_CommandWithErrorMessageReturnsErrorResponse" />
    </UnitTest>
    <UnitTest name="ConnectSuccess_PrevSeqTime_BeforeMedia" storage="d:\actions-runner\_work\xpco\xpco\corporate\recordingserver\recorderservice\tst\videoos.recorder.unittests\bin\x64\debug\net472\videoos.recorder.unittests.dll" id="fccc0809-24fd-4457-0396-3bd06e83443b">
      <Execution id="666b01c3-3701-45af-836d-37c0e20d0dea" />
      <TestMethod codeBase="D:\actions-runner\_work\XPCO\XPCO\Corporate\RecordingServer\RecorderService\tst\VideoOS.Recorder.UnitTests\bin\x64\Debug\net472\VideoOS.Recorder.UnitTests.dll" adapterTypeName="executor://mstestadapter/v2" className="VideoOS.Recorder.UnitTests.WebServer.ImageServerRequestHandlerTests" name="ConnectSuccess_PrevSeqTime_BeforeMedia" />
    </UnitTest>
    <UnitTest name="GetHardwareUsersCommandHandler_Execute_InvalidUser_NoUserName_ExpectedUsersReturned" storage="d:\actions-runner\_work\xpco\xpco\corporate\recordingserver\recorderservice\tst\videoos.recorder.unittests\bin\x64\debug\net472\videoos.recorder.unittests.dll" id="51d1c213-681f-7d0e-399c-633ebef10cbe">
      <Execution id="47810df5-12a1-47f1-a18a-eee540619535" />
      <TestMethod codeBase="D:\actions-runner\_work\XPCO\XPCO\Corporate\RecordingServer\RecorderService\tst\VideoOS.Recorder.UnitTests\bin\x64\Debug\net472\VideoOS.Recorder.UnitTests.dll" adapterTypeName="executor://mstestadapter/v2" className="VideoOS.Recorder.UnitTests.Command.GetHardwareUsersCommandHandlerUnitTests" name="GetHardwareUsersCommandHandler_Execute_InvalidUser_NoUserName_ExpectedUsersReturned" />
    </UnitTest>
    <UnitTest name="TestNoStatistics" storage="d:\actions-runner\_work\xpco\xpco\corporate\recordingserver\recorderservice\tst\videoos.recorder.unittests\bin\x64\debug\net472\videoos.recorder.unittests.dll" id="5df674b6-0845-b2cd-8afd-d2e488b0d0c7">
      <TestCategory>
        <TestCategoryItem TestCategory="ObjectModel.PipelineStatistics" />
      </TestCategory>
      <Execution id="425ae9db-ed17-4b7b-b60a-9f4ae8234465" />
      <TestMethod codeBase="D:\actions-runner\_work\XPCO\XPCO\Corporate\RecordingServer\RecorderService\tst\VideoOS.Recorder.UnitTests\bin\x64\Debug\net472\VideoOS.Recorder.UnitTests.dll" adapterTypeName="executor://mstestadapter/v2" className="VideoOS.Recorder.UnitTests.ObjectModel.Processors.PipelineStatisticsTest" name="TestNoStatistics" />
    </UnitTest>
    <UnitTest name="ConfigurationDatasetHolder_ApplyTableDistribution_NoDistributions_LiveTableExists_Failover_Success" storage="d:\actions-runner\_work\xpco\xpco\corporate\recordingserver\recorderservice\tst\videoos.recorder.unittests\bin\x64\debug\net472\videoos.recorder.unittests.dll" id="84ba4574-72a6-41c2-c017-b92e39738ed7">
      <Execution id="d07b92f1-2fc7-4dd5-bc81-e888ffc5975c" />
      <TestMethod codeBase="D:\actions-runner\_work\XPCO\XPCO\Corporate\RecordingServer\RecorderService\tst\VideoOS.Recorder.UnitTests\bin\x64\Debug\net472\VideoOS.Recorder.UnitTests.dll" adapterTypeName="executor://mstestadapter/v2" className="VideoOS.Recorder.UnitTests.ConfigurationDatasetHolderUnitTests" name="ConfigurationDatasetHolder_ApplyTableDistribution_NoDistributions_LiveTableExists_Failover_Success" />
    </UnitTest>
    <UnitTest name="FillableGridAreaFromExcludeRegion" storage="d:\actions-runner\_work\xpco\xpco\corporate\recordingserver\recorderservice\tst\videoos.recorder.unittests\bin\x64\debug\net472\videoos.recorder.unittests.dll" id="37efe3a0-8dfb-2c87-4cda-e6528220711e">
      <TestCategory>
        <TestCategoryItem TestCategory="SmartSearch" />
      </TestCategory>
      <Execution id="0b959872-da6a-4cd5-8129-d55320b7ea49" />
      <TestMethod codeBase="D:\actions-runner\_work\XPCO\XPCO\Corporate\RecordingServer\RecorderService\tst\VideoOS.Recorder.UnitTests\bin\x64\Debug\net472\VideoOS.Recorder.UnitTests.dll" adapterTypeName="executor://mstestadapter/v2" className="VideoOS.Recorder.UnitTests.SmartSearch.SmartSearchHandlerTest" name="FillableGridAreaFromExcludeRegion" />
    </UnitTest>
    <UnitTest name="PtzPatrollingSessionBase_Start_AlreadyRunning" storage="d:\actions-runner\_work\xpco\xpco\corporate\recordingserver\recorderservice\tst\videoos.recorder.unittests\bin\x64\debug\net472\videoos.recorder.unittests.dll" id="fa371e32-3613-5a96-34d6-955f4e6352f7">
      <Execution id="35085083-1941-4ed1-8ef7-da4ccfc42717" />
      <TestMethod codeBase="D:\actions-runner\_work\XPCO\XPCO\Corporate\RecordingServer\RecorderService\tst\VideoOS.Recorder.UnitTests\bin\x64\Debug\net472\VideoOS.Recorder.UnitTests.dll" adapterTypeName="executor://mstestadapter/v2" className="VideoOS.Recorder.UnitTests.Command.PtzSessionsTests" name="PtzPatrollingSessionBase_Start_AlreadyRunning" />
    </UnitTest>
    <UnitTest name="PerformFileSystemOperation_ModelIsValid_CommandExecuted" storage="d:\actions-runner\_work\xpco\xpco\corporate\recordingserver\recorderservice\tst\videoos.recorder.unittests\bin\x64\debug\net472\videoos.recorder.unittests.dll" id="e8a22484-1286-3ab5-eef9-78584f3584c9">
      <Execution id="da09bba9-1d59-44c7-b019-c2a556b36547" />
      <TestMethod codeBase="D:\actions-runner\_work\XPCO\XPCO\Corporate\RecordingServer\RecorderService\tst\VideoOS.Recorder.UnitTests\bin\x64\Debug\net472\VideoOS.Recorder.UnitTests.dll" adapterTypeName="executor://mstestadapter/v2" className="VideoOS.Recorder.UnitTests.RecorderControllerTests" name="PerformFileSystemOperation_ModelIsValid_CommandExecuted" />
    </UnitTest>
    <UnitTest name="FullStatusAlgorithm_Constructor" storage="d:\actions-runner\_work\xpco\xpco\corporate\recordingserver\recorderservice\tst\videoos.recorder.unittests\bin\x64\debug\net472\videoos.recorder.unittests.dll" id="40773c57-76a9-fcb9-c3a8-2afda8f6f15f">
      <Execution id="21f759bd-e10e-4eaf-8c57-c690c2ecad46" />
      <TestMethod codeBase="D:\actions-runner\_work\XPCO\XPCO\Corporate\RecordingServer\RecorderService\tst\VideoOS.Recorder.UnitTests\bin\x64\Debug\net472\VideoOS.Recorder.UnitTests.dll" adapterTypeName="executor://mstestadapter/v2" className="VideoOS.Recorder.UnitTests.Multicast.FullStatusAlgorithmUnitTests" name="FullStatusAlgorithm_Constructor" />
    </UnitTest>
    <UnitTest name="SOAPCommandRequestHandler_ExecuteFunction_HandleSmartSearchStart_SearchMaskWidthLessThan64" storage="d:\actions-runner\_work\xpco\xpco\corporate\recordingserver\recorderservice\tst\videoos.recorder.unittests\bin\x64\debug\net472\videoos.recorder.unittests.dll" id="c79bcd43-4941-57ea-1a79-3475c0674753">
      <Execution id="963ac510-b58b-4a63-939b-7115fc2c2a61" />
      <TestMethod codeBase="D:\actions-runner\_work\XPCO\XPCO\Corporate\RecordingServer\RecorderService\tst\VideoOS.Recorder.UnitTests\bin\x64\Debug\net472\VideoOS.Recorder.UnitTests.dll" adapterTypeName="executor://mstestadapter/v2" className="VideoOS.Recorder.UnitTests.WebServer.SOAPCommandRequestHandlerTests" name="SOAPCommandRequestHandler_ExecuteFunction_HandleSmartSearchStart_SearchMaskWidthLessThan64" />
    </UnitTest>
    <UnitTest name="PtzManagerDataHolder_UpdateSchema_Success" storage="d:\actions-runner\_work\xpco\xpco\corporate\recordingserver\recorderservice\tst\videoos.recorder.unittests\bin\x64\debug\net472\videoos.recorder.unittests.dll" id="9e7cf0e2-05cc-9bbf-4cfa-e061d3b4f063">
      <Execution id="9756a10e-fd47-46af-8300-53d1c7fbc4dd" />
      <TestMethod codeBase="D:\actions-runner\_work\XPCO\XPCO\Corporate\RecordingServer\RecorderService\tst\VideoOS.Recorder.UnitTests\bin\x64\Debug\net472\VideoOS.Recorder.UnitTests.dll" adapterTypeName="executor://mstestadapter/v2" className="VideoOS.Recorder.UnitTests.Command.PtzManagerDataHolderTest" name="PtzManagerDataHolder_UpdateSchema_Success" />
    </UnitTest>
    <UnitTest name="LicenseManager_IsFeaturePresent_AxisOneClick_Success" storage="d:\actions-runner\_work\xpco\xpco\corporate\recordingserver\recorderservice\tst\videoos.recorder.unittests\bin\x64\debug\net472\videoos.recorder.unittests.dll" id="6e0f935c-61c9-80c2-e2bf-e72234ee7c74">
      <TestCategory>
        <TestCategoryItem TestCategory="Licensing" />
      </TestCategory>
      <Execution id="29163830-7322-43d8-ac6e-382272f396a5" />
      <TestMethod codeBase="D:\actions-runner\_work\XPCO\XPCO\Corporate\RecordingServer\RecorderService\tst\VideoOS.Recorder.UnitTests\bin\x64\Debug\net472\VideoOS.Recorder.UnitTests.dll" adapterTypeName="executor://mstestadapter/v2" className="VideoOS.Recorder.UnitTests.Licensing.LicenseManagerUnitTests" name="LicenseManager_IsFeaturePresent_AxisOneClick_Success" />
    </UnitTest>
    <UnitTest name="AdaptiveStreamingTypeMaxResolution" storage="d:\actions-runner\_work\xpco\xpco\corporate\recordingserver\recorderservice\tst\videoos.recorder.unittests\bin\x64\debug\net472\videoos.recorder.unittests.dll" id="3f21ea24-4402-03c2-2a65-7503728827fe">
      <Execution id="ee53adc3-dbad-4850-a133-303da469ae48" />
      <TestMethod codeBase="D:\actions-runner\_work\XPCO\XPCO\Corporate\RecordingServer\RecorderService\tst\VideoOS.Recorder.UnitTests\bin\x64\Debug\net472\VideoOS.Recorder.UnitTests.dll" adapterTypeName="executor://mstestadapter/v2" className="VideoOS.Recorder.UnitTests.WebServer.AdaptiveStreamingUnitTests" name="AdaptiveStreamingTypeMaxResolution" />
    </UnitTest>
    <UnitTest name="ArchiveSessionStarted_Success" storage="d:\actions-runner\_work\xpco\xpco\corporate\recordingserver\recorderservice\tst\videoos.recorder.unittests\bin\x64\debug\net472\videoos.recorder.unittests.dll" id="993ed0e9-7960-88a9-4252-c750dfd2eafd">
      <Execution id="9190aecc-db26-4d79-8902-f1b3d722b350" />
      <TestMethod codeBase="D:\actions-runner\_work\XPCO\XPCO\Corporate\RecordingServer\RecorderService\tst\VideoOS.Recorder.UnitTests\bin\x64\Debug\net472\VideoOS.Recorder.UnitTests.dll" adapterTypeName="executor://mstestadapter/v2" className="VideoOS.Recorder.UnitTests.MediaDbEventProcessorTests" name="ArchiveSessionStarted_Success" />
    </UnitTest>
    <UnitTest name="DeleteHardwareUserCommandHandler_Execute_NullArgs_Throws" storage="d:\actions-runner\_work\xpco\xpco\corporate\recordingserver\recorderservice\tst\videoos.recorder.unittests\bin\x64\debug\net472\videoos.recorder.unittests.dll" id="0feec42a-f2c1-03f6-0be3-6c48c01af5ba">
      <Execution id="7e20e447-b79b-4d79-8456-ed9428508e5d" />
      <TestMethod codeBase="D:\actions-runner\_work\XPCO\XPCO\Corporate\RecordingServer\RecorderService\tst\VideoOS.Recorder.UnitTests\bin\x64\Debug\net472\VideoOS.Recorder.UnitTests.dll" adapterTypeName="executor://mstestadapter/v2" className="VideoOS.Recorder.UnitTests.Command.DeleteHardwareUserCommandHandlerTest" name="DeleteHardwareUserCommandHandler_Execute_NullArgs_Throws" />
    </UnitTest>
    <UnitTest name="SetNetworkConfigurationCommandHandler_Execute_SetNetworkConfiguration_ThrowsGenericException_Errors" storage="d:\actions-runner\_work\xpco\xpco\corporate\recordingserver\recorderservice\tst\videoos.recorder.unittests\bin\x64\debug\net472\videoos.recorder.unittests.dll" id="b9edf963-1cf1-79d2-973d-db2d8d794ac6">
      <Execution id="8c58f313-18bd-4fb9-b3fe-e9cf37322a61" />
      <TestMethod codeBase="D:\actions-runner\_work\XPCO\XPCO\Corporate\RecordingServer\RecorderService\tst\VideoOS.Recorder.UnitTests\bin\x64\Debug\net472\VideoOS.Recorder.UnitTests.dll" adapterTypeName="executor://mstestadapter/v2" className="VideoOS.Recorder.UnitTests.Command.SetNetworkConfigurationCommandHandlerUnitTests" name="SetNetworkConfigurationCommandHandler_Execute_SetNetworkConfiguration_ThrowsGenericException_Errors" />
    </UnitTest>
    <UnitTest name="SearchingEmptyMask" storage="d:\actions-runner\_work\xpco\xpco\corporate\recordingserver\recorderservice\tst\videoos.recorder.unittests\bin\x64\debug\net472\videoos.recorder.unittests.dll" id="773854c0-2e6e-556c-a55b-cb5082f671c3">
      <Execution id="7d3d3241-72a4-403e-ba2b-e2ee8e976b67" />
      <TestMethod codeBase="D:\actions-runner\_work\XPCO\XPCO\Corporate\RecordingServer\RecorderService\tst\VideoOS.Recorder.UnitTests\bin\x64\Debug\net472\VideoOS.Recorder.UnitTests.dll" adapterTypeName="executor://mstestadapter/v2" className="VideoOS.Recorder.UnitTests.ObjectModel.PrivacyMaskHandlerTest" name="SearchingEmptyMask" />
    </UnitTest>
    <UnitTest name="Check_Supported_Versions" storage="d:\actions-runner\_work\xpco\xpco\corporate\recordingserver\recorderservice\tst\videoos.recorder.unittests\bin\x64\debug\net472\videoos.recorder.unittests.dll" id="c2bc2338-ba6c-6ec3-0f79-f9d4777b7cff">
      <Execution id="6d7ec997-ea5c-4240-af7b-5df59edda22b" />
      <TestMethod codeBase="D:\actions-runner\_work\XPCO\XPCO\Corporate\RecordingServer\RecorderService\tst\VideoOS.Recorder.UnitTests\bin\x64\Debug\net472\VideoOS.Recorder.UnitTests.dll" adapterTypeName="executor://mstestadapter/v2" className="VideoOS.Recorder.UnitTests.WebServer.PrivacyMaskTransportConverterUnitTests" name="Check_Supported_Versions" />
    </UnitTest>
    <UnitTest name="FileUploadCommandHandler_Execute_CommandReturnsFileUploadResponseOnSuccess" storage="d:\actions-runner\_work\xpco\xpco\corporate\recordingserver\recorderservice\tst\videoos.recorder.unittests\bin\x64\debug\net472\videoos.recorder.unittests.dll" id="5d479354-ef9f-b001-437f-360ccd002827">
      <Execution id="85b9444a-200b-4e25-aa0a-7830c17f8d3f" />
      <TestMethod codeBase="D:\actions-runner\_work\XPCO\XPCO\Corporate\RecordingServer\RecorderService\tst\VideoOS.Recorder.UnitTests\bin\x64\Debug\net472\VideoOS.Recorder.UnitTests.dll" adapterTypeName="executor://mstestadapter/v2" className="VideoOS.Recorder.UnitTests.Command.FileUploadCommandHandlerUnitTests" name="FileUploadCommandHandler_Execute_CommandReturnsFileUploadResponseOnSuccess" />
    </UnitTest>
    <UnitTest name="RegisterLiveTableExists" storage="d:\actions-runner\_work\xpco\xpco\corporate\recordingserver\recorderservice\tst\videoos.recorder.unittests\bin\x64\debug\net472\videoos.recorder.unittests.dll" id="2788e7fe-8518-3dce-4bab-c40969b86930">
      <Execution id="fb2f9118-a426-4b27-a437-e9119b789721" />
      <TestMethod codeBase="D:\actions-runner\_work\XPCO\XPCO\Corporate\RecordingServer\RecorderService\tst\VideoOS.Recorder.UnitTests\bin\x64\Debug\net472\VideoOS.Recorder.UnitTests.dll" adapterTypeName="executor://mstestadapter/v2" className="VideoOS.Recorder.UnitTests.Database.MediaDbLiveTableRegistrationTests" name="RegisterLiveTableExists" />
    </UnitTest>
    <UnitTest name="SOAPCommandRequestHandler_ExecuteFunction_HandleSequencesGetAroundWithSpan_No_Metadata_Security" storage="d:\actions-runner\_work\xpco\xpco\corporate\recordingserver\recorderservice\tst\videoos.recorder.unittests\bin\x64\debug\net472\videoos.recorder.unittests.dll" id="6dc2cc82-22ef-e34c-aa29-7d91273110ff">
      <Execution id="76a2b7b4-bb2c-4fb6-9133-c13b79235d7c" />
      <TestMethod codeBase="D:\actions-runner\_work\XPCO\XPCO\Corporate\RecordingServer\RecorderService\tst\VideoOS.Recorder.UnitTests\bin\x64\Debug\net472\VideoOS.Recorder.UnitTests.dll" adapterTypeName="executor://mstestadapter/v2" className="VideoOS.Recorder.UnitTests.WebServer.SOAPCommandRequestHandlerTests" name="SOAPCommandRequestHandler_ExecuteFunction_HandleSequencesGetAroundWithSpan_No_Metadata_Security" />
    </UnitTest>
    <UnitTest name="ConfigurationController_UpdateUserSecurityTokens_IsNull_BadRequestResult" storage="d:\actions-runner\_work\xpco\xpco\corporate\recordingserver\recorderservice\tst\videoos.recorder.unittests\bin\x64\debug\net472\videoos.recorder.unittests.dll" id="e389a3e1-5f0a-6683-3c50-a2a34e042147">
      <Execution id="56dfa922-90fc-4698-99d6-5fee0da1936c" />
      <TestMethod codeBase="D:\actions-runner\_work\XPCO\XPCO\Corporate\RecordingServer\RecorderService\tst\VideoOS.Recorder.UnitTests\bin\x64\Debug\net472\VideoOS.Recorder.UnitTests.dll" adapterTypeName="executor://mstestadapter/v2" className="VideoOS.Recorder.UnitTests.ConfigurationControllerTests" name="ConfigurationController_UpdateUserSecurityTokens_IsNull_BadRequestResult" />
    </UnitTest>
    <UnitTest name="SOAPCommandRequestHandler_ExecuteFunction_HandleOutputTrigger_MicroSeconds_NotInt" storage="d:\actions-runner\_work\xpco\xpco\corporate\recordingserver\recorderservice\tst\videoos.recorder.unittests\bin\x64\debug\net472\videoos.recorder.unittests.dll" id="357aa88b-f145-46f3-b618-28ff4d234211">
      <Execution id="a286055c-9dad-4f7f-8196-a8067ccbb543" />
      <TestMethod codeBase="D:\actions-runner\_work\XPCO\XPCO\Corporate\RecordingServer\RecorderService\tst\VideoOS.Recorder.UnitTests\bin\x64\Debug\net472\VideoOS.Recorder.UnitTests.dll" adapterTypeName="executor://mstestadapter/v2" className="VideoOS.Recorder.UnitTests.WebServer.SOAPCommandRequestHandlerTests" name="SOAPCommandRequestHandler_ExecuteFunction_HandleOutputTrigger_MicroSeconds_NotInt" />
    </UnitTest>
    <UnitTest name="GetNetworkConfigurationCommandHandler_Execute_GetNetworkConfiguration_ThrowsNoHardwareAccess_Errors" storage="d:\actions-runner\_work\xpco\xpco\corporate\recordingserver\recorderservice\tst\videoos.recorder.unittests\bin\x64\debug\net472\videoos.recorder.unittests.dll" id="a10a27d9-4abb-eaad-b70e-d6b782a46c9e">
      <Execution id="da2e2474-2fb3-4a86-88f4-9c302d9dc73b" />
      <TestMethod codeBase="D:\actions-runner\_work\XPCO\XPCO\Corporate\RecordingServer\RecorderService\tst\VideoOS.Recorder.UnitTests\bin\x64\Debug\net472\VideoOS.Recorder.UnitTests.dll" adapterTypeName="executor://mstestadapter/v2" className="VideoOS.Recorder.UnitTests.Command.GetNetworkConfigurationCommandHandlerUnitTests" name="GetNetworkConfigurationCommandHandler_Execute_GetNetworkConfiguration_ThrowsNoHardwareAccess_Errors" />
    </UnitTest>
    <UnitTest name="AddHardwareUserCommandHandler_Execute_AddUser_ThrowsUserHandlingUserNotCreated_Errors" storage="d:\actions-runner\_work\xpco\xpco\corporate\recordingserver\recorderservice\tst\videoos.recorder.unittests\bin\x64\debug\net472\videoos.recorder.unittests.dll" id="42edbc63-86ce-51a6-8a5b-3eb9563dc7b1">
      <Execution id="f120e3be-b712-4741-9971-228b2c029e55" />
      <TestMethod codeBase="D:\actions-runner\_work\XPCO\XPCO\Corporate\RecordingServer\RecorderService\tst\VideoOS.Recorder.UnitTests\bin\x64\Debug\net472\VideoOS.Recorder.UnitTests.dll" adapterTypeName="executor://mstestadapter/v2" className="VideoOS.Recorder.UnitTests.Command.AddHardwareUserCommandHandlerRecorderUnitTests" name="AddHardwareUserCommandHandler_Execute_AddUser_ThrowsUserHandlingUserNotCreated_Errors" />
    </UnitTest>
    <UnitTest name="SOAPCommandRequestHandler_GetClientCapabilities_No_Child_Of_ClientCapabilities_Section" storage="d:\actions-runner\_work\xpco\xpco\corporate\recordingserver\recorderservice\tst\videoos.recorder.unittests\bin\x64\debug\net472\videoos.recorder.unittests.dll" id="02c8f3cc-8046-8730-f8ed-14529577afcb">
      <Execution id="d9e8ae91-71ae-4e37-88a5-62e8ccfbeb00" />
      <TestMethod codeBase="D:\actions-runner\_work\XPCO\XPCO\Corporate\RecordingServer\RecorderService\tst\VideoOS.Recorder.UnitTests\bin\x64\Debug\net472\VideoOS.Recorder.UnitTests.dll" adapterTypeName="executor://mstestadapter/v2" className="VideoOS.Recorder.UnitTests.WebServer.SOAPCommandRequestHandlerTests" name="SOAPCommandRequestHandler_GetClientCapabilities_No_Child_Of_ClientCapabilities_Section" />
    </UnitTest>
    <UnitTest name="RegisterLiveTablesInStorageThenRemove" storage="d:\actions-runner\_work\xpco\xpco\corporate\recordingserver\recorderservice\tst\videoos.recorder.unittests\bin\x64\debug\net472\videoos.recorder.unittests.dll" id="df8f8c56-107c-7a2c-97af-edbe14d41d29">
      <Execution id="5fc2fa56-ae14-474e-b05e-b1c399e35c70" />
      <TestMethod codeBase="D:\actions-runner\_work\XPCO\XPCO\Corporate\RecordingServer\RecorderService\tst\VideoOS.Recorder.UnitTests\bin\x64\Debug\net472\VideoOS.Recorder.UnitTests.dll" adapterTypeName="executor://mstestadapter/v2" className="VideoOS.Recorder.UnitTests.Database.MediaDbLiveTableStorageInfoTests" name="RegisterLiveTablesInStorageThenRemove" />
    </UnitTest>
    <UnitTest name="HardwareSetupInformationCommand_PostCommandIsValid_NoContent" storage="d:\actions-runner\_work\xpco\xpco\corporate\recordingserver\recorderservice\tst\videoos.recorder.unittests\bin\x64\debug\net472\videoos.recorder.unittests.dll" id="e3fa8041-f9f7-df48-f05f-064b1b9f976b">
      <Execution id="bf6a6914-b37e-4b9b-b609-fb19b7562d00" />
      <TestMethod codeBase="D:\actions-runner\_work\XPCO\XPCO\Corporate\RecordingServer\RecorderService\tst\VideoOS.Recorder.UnitTests\bin\x64\Debug\net472\VideoOS.Recorder.UnitTests.dll" adapterTypeName="executor://mstestadapter/v2" className="VideoOS.Recorder.UnitTests.HardwareControllerTests" name="HardwareSetupInformationCommand_PostCommandIsValid_NoContent" />
    </UnitTest>
    <UnitTest name="PtzReserveSessionCommandHandler_No_Priority_Security_Attribute" storage="d:\actions-runner\_work\xpco\xpco\corporate\recordingserver\recorderservice\tst\videoos.recorder.unittests\bin\x64\debug\net472\videoos.recorder.unittests.dll" id="61f6fd19-bbe5-4704-f515-a237e9dab43f">
      <Execution id="cf5c4d7c-ecce-4ccd-80be-848346e43ff1" />
      <TestMethod codeBase="D:\actions-runner\_work\XPCO\XPCO\Corporate\RecordingServer\RecorderService\tst\VideoOS.Recorder.UnitTests\bin\x64\Debug\net472\VideoOS.Recorder.UnitTests.dll" adapterTypeName="executor://mstestadapter/v2" className="VideoOS.Recorder.UnitTests.Command.PtzReserveSessionCommandHandlerTest" name="PtzReserveSessionCommandHandler_No_Priority_Security_Attribute" />
    </UnitTest>
    <UnitTest name="PtzManagerDataHolder_GetControllersClone_Success" storage="d:\actions-runner\_work\xpco\xpco\corporate\recordingserver\recorderservice\tst\videoos.recorder.unittests\bin\x64\debug\net472\videoos.recorder.unittests.dll" id="a2238e00-5e9d-7fb8-9fcc-b42a473add09">
      <Execution id="ec3a0beb-5dff-4b13-a642-420a077d0df2" />
      <TestMethod codeBase="D:\actions-runner\_work\XPCO\XPCO\Corporate\RecordingServer\RecorderService\tst\VideoOS.Recorder.UnitTests\bin\x64\Debug\net472\VideoOS.Recorder.UnitTests.dll" adapterTypeName="executor://mstestadapter/v2" className="VideoOS.Recorder.UnitTests.Command.PtzManagerDataHolderTest" name="PtzManagerDataHolder_GetControllersClone_Success" />
    </UnitTest>
    <UnitTest name="FirmwareUpgradeCommandHandler_Execute_FirmwareUpgradeStatus_ThrowsFirmwareRejected_Errors" storage="d:\actions-runner\_work\xpco\xpco\corporate\recordingserver\recorderservice\tst\videoos.recorder.unittests\bin\x64\debug\net472\videoos.recorder.unittests.dll" id="1cf1c1a9-610a-8d03-c381-e7426c0f5ad8">
      <Execution id="dd624783-3256-45a6-a85b-9d8cb51c1d61" />
      <TestMethod codeBase="D:\actions-runner\_work\XPCO\XPCO\Corporate\RecordingServer\RecorderService\tst\VideoOS.Recorder.UnitTests\bin\x64\Debug\net472\VideoOS.Recorder.UnitTests.dll" adapterTypeName="executor://mstestadapter/v2" className="VideoOS.Recorder.UnitTests.Command.FirmwareUpgradeCommandHandlerUnitTests" name="FirmwareUpgradeCommandHandler_Execute_FirmwareUpgradeStatus_ThrowsFirmwareRejected_Errors" />
    </UnitTest>
    <UnitTest name="ManualPtzPatrollingSessionBase_InternalStopAndMoveToEndPosition_DeviceNotStarted" storage="d:\actions-runner\_work\xpco\xpco\corporate\recordingserver\recorderservice\tst\videoos.recorder.unittests\bin\x64\debug\net472\videoos.recorder.unittests.dll" id="4a09613f-8407-92a0-3366-7fd92d6f1deb">
      <Execution id="cd191909-a739-440a-af80-d4c91245eb8b" />
      <TestMethod codeBase="D:\actions-runner\_work\XPCO\XPCO\Corporate\RecordingServer\RecorderService\tst\VideoOS.Recorder.UnitTests\bin\x64\Debug\net472\VideoOS.Recorder.UnitTests.dll" adapterTypeName="executor://mstestadapter/v2" className="VideoOS.Recorder.UnitTests.Command.PtzSessionsTests" name="ManualPtzPatrollingSessionBase_InternalStopAndMoveToEndPosition_DeviceNotStarted" />
    </UnitTest>
    <UnitTest name="EdgeStorageLimitsReverseTimeLimitOk" storage="d:\actions-runner\_work\xpco\xpco\corporate\recordingserver\recorderservice\tst\videoos.recorder.unittests\bin\x64\debug\net472\videoos.recorder.unittests.dll" id="b94b5189-3b8b-329c-6c26-668c5bb5da4e">
      <TestCategory>
        <TestCategoryItem TestCategory="EdgeStorageLimits" />
      </TestCategory>
      <Execution id="80e66400-1b1f-4ecd-b9b8-a6ac3fbcd398" />
      <TestMethod codeBase="D:\actions-runner\_work\XPCO\XPCO\Corporate\RecordingServer\RecorderService\tst\VideoOS.Recorder.UnitTests\bin\x64\Debug\net472\VideoOS.Recorder.UnitTests.dll" adapterTypeName="executor://mstestadapter/v2" className="VideoOS.Recorder.UnitTests.EdgeStorage.EdgeStorageLimitTests" name="EdgeStorageLimitsReverseTimeLimitOk" />
    </UnitTest>
    <UnitTest name="DriverProxyInstanceManager_AddSameHardwareTwice_RemoveTwice_HardwareRemoved" storage="d:\actions-runner\_work\xpco\xpco\corporate\recordingserver\recorderservice\tst\videoos.recorder.unittests\bin\x64\debug\net472\videoos.recorder.unittests.dll" id="c4f78332-ee10-3e76-8589-3ced1b5be738">
      <Execution id="9d26f14a-b423-439a-83d2-ff4efd273d33" />
      <TestMethod codeBase="D:\actions-runner\_work\XPCO\XPCO\Corporate\RecordingServer\RecorderService\tst\VideoOS.Recorder.UnitTests\bin\x64\Debug\net472\VideoOS.Recorder.UnitTests.dll" adapterTypeName="executor://mstestadapter/v2" className="VideoOS.Recorder.UnitTests.DriverProxyInstanceManagerTests" name="DriverProxyInstanceManager_AddSameHardwareTwice_RemoveTwice_HardwareRemoved" />
    </UnitTest>
    <UnitTest name="ConnectSuccess_Goto_PrevSeqWithoutTime" storage="d:\actions-runner\_work\xpco\xpco\corporate\recordingserver\recorderservice\tst\videoos.recorder.unittests\bin\x64\debug\net472\videoos.recorder.unittests.dll" id="47852fed-83ae-1d24-4e2e-3671e83b43ea">
      <Execution id="3c5e970f-ab54-41b0-883a-6f7fae94e72b" />
      <TestMethod codeBase="D:\actions-runner\_work\XPCO\XPCO\Corporate\RecordingServer\RecorderService\tst\VideoOS.Recorder.UnitTests\bin\x64\Debug\net472\VideoOS.Recorder.UnitTests.dll" adapterTypeName="executor://mstestadapter/v2" className="VideoOS.Recorder.UnitTests.WebServer.ImageServerRequestHandlerTests" name="ConnectSuccess_Goto_PrevSeqWithoutTime" />
    </UnitTest>
    <UnitTest name="FileUploadCommandHandler_Execute_NullOrIncorrectArgs_Throw" storage="d:\actions-runner\_work\xpco\xpco\corporate\recordingserver\recorderservice\tst\videoos.recorder.unittests\bin\x64\debug\net472\videoos.recorder.unittests.dll" id="e081e107-ad63-5f08-6c9c-789101f1b674">
      <Execution id="933fca10-4960-4247-9e45-0d6f4d0212d7" />
      <TestMethod codeBase="D:\actions-runner\_work\XPCO\XPCO\Corporate\RecordingServer\RecorderService\tst\VideoOS.Recorder.UnitTests\bin\x64\Debug\net472\VideoOS.Recorder.UnitTests.dll" adapterTypeName="executor://mstestadapter/v2" className="VideoOS.Recorder.UnitTests.Command.FileUploadCommandHandlerUnitTests" name="FileUploadCommandHandler_Execute_NullOrIncorrectArgs_Throw" />
    </UnitTest>
    <UnitTest name="SOAPCommandRequestHandler_ExecuteFunction_HandleJPEGGetLive_NotAllowed" storage="d:\actions-runner\_work\xpco\xpco\corporate\recordingserver\recorderservice\tst\videoos.recorder.unittests\bin\x64\debug\net472\videoos.recorder.unittests.dll" id="98691723-0a20-4b2c-26d3-0c7626ffb7d8">
      <Execution id="9f9bce2b-639c-44d7-88d6-552af42fb3ea" />
      <TestMethod codeBase="D:\actions-runner\_work\XPCO\XPCO\Corporate\RecordingServer\RecorderService\tst\VideoOS.Recorder.UnitTests\bin\x64\Debug\net472\VideoOS.Recorder.UnitTests.dll" adapterTypeName="executor://mstestadapter/v2" className="VideoOS.Recorder.UnitTests.WebServer.SOAPCommandRequestHandlerTests" name="SOAPCommandRequestHandler_ExecuteFunction_HandleJPEGGetLive_NotAllowed" />
    </UnitTest>
    <UnitTest name="PtzReleaseSessionCommandHandler_Execute_Success" storage="d:\actions-runner\_work\xpco\xpco\corporate\recordingserver\recorderservice\tst\videoos.recorder.unittests\bin\x64\debug\net472\videoos.recorder.unittests.dll" id="42c118ae-5758-15ae-f9df-f825390f2162">
      <Execution id="ea2d3536-8420-492f-b09d-55031cd0c9dd" />
      <TestMethod codeBase="D:\actions-runner\_work\XPCO\XPCO\Corporate\RecordingServer\RecorderService\tst\VideoOS.Recorder.UnitTests\bin\x64\Debug\net472\VideoOS.Recorder.UnitTests.dll" adapterTypeName="executor://mstestadapter/v2" className="VideoOS.Recorder.UnitTests.Command.PtzReleaseSessionCommandHandlerTest" name="PtzReleaseSessionCommandHandler_Execute_Success" />
    </UnitTest>
    <UnitTest name="PtzReleaseSessionCommandHandler_Execute_PtzException_PtzNotSupported" storage="d:\actions-runner\_work\xpco\xpco\corporate\recordingserver\recorderservice\tst\videoos.recorder.unittests\bin\x64\debug\net472\videoos.recorder.unittests.dll" id="55d7e8fb-4a68-ae5c-6f1d-f88ae14fe776">
      <Execution id="4ee5a987-a796-4243-ba47-0531da064a03" />
      <TestMethod codeBase="D:\actions-runner\_work\XPCO\XPCO\Corporate\RecordingServer\RecorderService\tst\VideoOS.Recorder.UnitTests\bin\x64\Debug\net472\VideoOS.Recorder.UnitTests.dll" adapterTypeName="executor://mstestadapter/v2" className="VideoOS.Recorder.UnitTests.Command.PtzReleaseSessionCommandHandlerTest" name="PtzReleaseSessionCommandHandler_Execute_PtzException_PtzNotSupported" />
    </UnitTest>
    <UnitTest name="LicenseManager_CheckHardwareLicensed_unlicensed_licensedBeforeExpiryDateNoReplacementToken" storage="d:\actions-runner\_work\xpco\xpco\corporate\recordingserver\recorderservice\tst\videoos.recorder.unittests\bin\x64\debug\net472\videoos.recorder.unittests.dll" id="4868c342-5afd-96c3-b8ae-756d5892ed87">
      <TestCategory>
        <TestCategoryItem TestCategory="Licensing" />
      </TestCategory>
      <Execution id="d451f039-81c0-4547-a280-52303835c5d2" />
      <TestMethod codeBase="D:\actions-runner\_work\XPCO\XPCO\Corporate\RecordingServer\RecorderService\tst\VideoOS.Recorder.UnitTests\bin\x64\Debug\net472\VideoOS.Recorder.UnitTests.dll" adapterTypeName="executor://mstestadapter/v2" className="VideoOS.Recorder.UnitTests.Licensing.LicenseManagerUnitTests" name="LicenseManager_CheckHardwareLicensed_unlicensed_licensedBeforeExpiryDateNoReplacementToken" />
    </UnitTest>
    <UnitTest name="CheckForLiveAndOrphanTables_TablesMatches" storage="d:\actions-runner\_work\xpco\xpco\corporate\recordingserver\recorderservice\tst\videoos.recorder.unittests\bin\x64\debug\net472\videoos.recorder.unittests.dll" id="6e95ef38-6c10-c578-d203-7b7ac687fd95">
      <Execution id="29a158af-dffa-4bc2-87bd-c3c9d5cc6873" />
      <TestMethod codeBase="D:\actions-runner\_work\XPCO\XPCO\Corporate\RecordingServer\RecorderService\tst\VideoOS.Recorder.UnitTests\bin\x64\Debug\net472\VideoOS.Recorder.UnitTests.dll" adapterTypeName="executor://mstestadapter/v2" className="VideoOS.Recorder.UnitTests.ObjectModel.MediaDbManagerUnitTests" name="CheckForLiveAndOrphanTables_TablesMatches" />
    </UnitTest>
    <UnitTest name="PtzStopSessionCommandHandler_Constructor_Argument_Exception" storage="d:\actions-runner\_work\xpco\xpco\corporate\recordingserver\recorderservice\tst\videoos.recorder.unittests\bin\x64\debug\net472\videoos.recorder.unittests.dll" id="56e05ba7-632d-f502-5502-a567718423da">
      <Execution id="9ec39a94-d31d-4622-9c4b-db51744635b3" />
      <TestMethod codeBase="D:\actions-runner\_work\XPCO\XPCO\Corporate\RecordingServer\RecorderService\tst\VideoOS.Recorder.UnitTests\bin\x64\Debug\net472\VideoOS.Recorder.UnitTests.dll" adapterTypeName="executor://mstestadapter/v2" className="VideoOS.Recorder.UnitTests.Command.PtzStopSessionCommandHandlerTest" name="PtzStopSessionCommandHandler_Constructor_Argument_Exception" />
    </UnitTest>
    <UnitTest name="GetHardwareUsersCommandHandler_Execute_ExpectedHardwareIdReturned" storage="d:\actions-runner\_work\xpco\xpco\corporate\recordingserver\recorderservice\tst\videoos.recorder.unittests\bin\x64\debug\net472\videoos.recorder.unittests.dll" id="85347f42-97eb-f529-781c-a286ab1257cd">
      <Execution id="e9ccba9e-789d-4b5d-a5b0-c41faf4ba853" />
      <TestMethod codeBase="D:\actions-runner\_work\XPCO\XPCO\Corporate\RecordingServer\RecorderService\tst\VideoOS.Recorder.UnitTests\bin\x64\Debug\net472\VideoOS.Recorder.UnitTests.dll" adapterTypeName="executor://mstestadapter/v2" className="VideoOS.Recorder.UnitTests.Command.GetHardwareUsersCommandHandlerUnitTests" name="GetHardwareUsersCommandHandler_Execute_ExpectedHardwareIdReturned" />
    </UnitTest>
    <UnitTest name="GetDefaultOrFirstAudioEncodingFromDefinition_GetFirstSettingTest" storage="d:\actions-runner\_work\xpco\xpco\corporate\recordingserver\recorderservice\tst\videoos.recorder.unittests\bin\x64\debug\net472\videoos.recorder.unittests.dll" id="725b1a44-1c80-b986-7899-a1c8412519ba">
      <Execution id="967772fd-f167-4860-882f-d1fb60e5bfb4" />
      <TestMethod codeBase="D:\actions-runner\_work\XPCO\XPCO\Corporate\RecordingServer\RecorderService\tst\VideoOS.Recorder.UnitTests\bin\x64\Debug\net472\VideoOS.Recorder.UnitTests.dll" adapterTypeName="executor://mstestadapter/v2" className="VideoOS.Recorder.UnitTests.Utility.DefinitionUtilityTest" name="GetDefaultOrFirstAudioEncodingFromDefinition_GetFirstSettingTest" />
    </UnitTest>
    <UnitTest name="SynchronizeDevicePresetsCommandHandler_Execute_CanLoadPresetsFromDevice_Is_False" storage="d:\actions-runner\_work\xpco\xpco\corporate\recordingserver\recorderservice\tst\videoos.recorder.unittests\bin\x64\debug\net472\videoos.recorder.unittests.dll" id="8def1cfb-11a5-379b-896a-6d9d7e7b27b1">
      <Execution id="f139b876-8a46-4cb1-a15a-2201abf38d26" />
      <TestMethod codeBase="D:\actions-runner\_work\XPCO\XPCO\Corporate\RecordingServer\RecorderService\tst\VideoOS.Recorder.UnitTests\bin\x64\Debug\net472\VideoOS.Recorder.UnitTests.dll" adapterTypeName="executor://mstestadapter/v2" className="VideoOS.Recorder.UnitTests.Command.SynchronizeDevicePresetsCommandHandlerUnitTests" name="SynchronizeDevicePresetsCommandHandler_Execute_CanLoadPresetsFromDevice_Is_False" />
    </UnitTest>
    <UnitTest name="TimeRangeConversionRangeBeforeStartTime" storage="d:\actions-runner\_work\xpco\xpco\corporate\recordingserver\recorderservice\tst\videoos.recorder.unittests\bin\x64\debug\net472\videoos.recorder.unittests.dll" id="26a4e123-0319-8283-49fd-7d8a635693ce">
      <TestCategory>
        <TestCategoryItem TestCategory="TimeRangeConversion" />
      </TestCategory>
      <Execution id="84419bce-36bd-4ee9-9191-082301ee937a" />
      <TestMethod codeBase="D:\actions-runner\_work\XPCO\XPCO\Corporate\RecordingServer\RecorderService\tst\VideoOS.Recorder.UnitTests\bin\x64\Debug\net472\VideoOS.Recorder.UnitTests.dll" adapterTypeName="executor://mstestadapter/v2" className="VideoOS.Recorder.UnitTests.TimeRangeConversionTests.TimeRangeConversionTests" name="TimeRangeConversionRangeBeforeStartTime" />
    </UnitTest>
    <UnitTest name="EdgeStorageLimitsTimeLimitOkUpperBoundry" storage="d:\actions-runner\_work\xpco\xpco\corporate\recordingserver\recorderservice\tst\videoos.recorder.unittests\bin\x64\debug\net472\videoos.recorder.unittests.dll" id="5685a992-14fa-0621-d053-65caa7f970ee">
      <TestCategory>
        <TestCategoryItem TestCategory="EdgeStorageLimits" />
      </TestCategory>
      <Execution id="e068c309-b59f-4657-b624-b8b2ef476853" />
      <TestMethod codeBase="D:\actions-runner\_work\XPCO\XPCO\Corporate\RecordingServer\RecorderService\tst\VideoOS.Recorder.UnitTests\bin\x64\Debug\net472\VideoOS.Recorder.UnitTests.dll" adapterTypeName="executor://mstestadapter/v2" className="VideoOS.Recorder.UnitTests.EdgeStorage.EdgeStorageLimitTests" name="EdgeStorageLimitsTimeLimitOkUpperBoundry" />
    </UnitTest>
    <UnitTest name="GetDatabaseInfo_RecordingStorageNotFound_ArchiveHintFalse" storage="d:\actions-runner\_work\xpco\xpco\corporate\recordingserver\recorderservice\tst\videoos.recorder.unittests\bin\x64\debug\net472\videoos.recorder.unittests.dll" id="9169d3e7-b886-6388-0d83-4a1c15f3a9a8">
      <Execution id="ec431c67-24ed-4377-b767-039a8e26929b" />
      <TestMethod codeBase="D:\actions-runner\_work\XPCO\XPCO\Corporate\RecordingServer\RecorderService\tst\VideoOS.Recorder.UnitTests\bin\x64\Debug\net472\VideoOS.Recorder.UnitTests.dll" adapterTypeName="executor://mstestadapter/v2" className="VideoOS.Recorder.UnitTests.MediaDbEventProcessorTests" name="GetDatabaseInfo_RecordingStorageNotFound_ArchiveHintFalse" />
    </UnitTest>
    <UnitTest name="GetAbsolutePtzPositionCommandHandler_Execute_Preset_Not_Supported" storage="d:\actions-runner\_work\xpco\xpco\corporate\recordingserver\recorderservice\tst\videoos.recorder.unittests\bin\x64\debug\net472\videoos.recorder.unittests.dll" id="dfb29709-d52f-ce00-9c19-520757533373">
      <Execution id="1cde58f7-9098-40d2-8981-a9af61fc7054" />
      <TestMethod codeBase="D:\actions-runner\_work\XPCO\XPCO\Corporate\RecordingServer\RecorderService\tst\VideoOS.Recorder.UnitTests\bin\x64\Debug\net472\VideoOS.Recorder.UnitTests.dll" adapterTypeName="executor://mstestadapter/v2" className="VideoOS.Recorder.UnitTests.Command.GetAbsolutePtzPositionCommandHandlerTest" name="GetAbsolutePtzPositionCommandHandler_Execute_Preset_Not_Supported" />
    </UnitTest>
    <UnitTest name="SOAPCommandRequestHandler_ExecuteFunction_HandlePTZRectangle_Left_Not_Double" storage="d:\actions-runner\_work\xpco\xpco\corporate\recordingserver\recorderservice\tst\videoos.recorder.unittests\bin\x64\debug\net472\videoos.recorder.unittests.dll" id="3cd38ec4-8926-975f-c679-2575a62c6fcd">
      <Execution id="34712feb-421a-4adc-9167-87dade6dd310" />
      <TestMethod codeBase="D:\actions-runner\_work\XPCO\XPCO\Corporate\RecordingServer\RecorderService\tst\VideoOS.Recorder.UnitTests\bin\x64\Debug\net472\VideoOS.Recorder.UnitTests.dll" adapterTypeName="executor://mstestadapter/v2" className="VideoOS.Recorder.UnitTests.WebServer.SOAPCommandRequestHandlerTests" name="SOAPCommandRequestHandler_ExecuteFunction_HandlePTZRectangle_Left_Not_Double" />
    </UnitTest>
    <UnitTest name="MediaDbUtil_MultitrackNavigation_Scenario03" storage="d:\actions-runner\_work\xpco\xpco\corporate\recordingserver\recorderservice\tst\videoos.recorder.unittests\bin\x64\debug\net472\videoos.recorder.unittests.dll" id="727d3ba8-cdbd-539c-f6d6-debf67adbd75">
      <Execution id="5d6b12e3-fc4d-4f2b-af38-e26b4318b01a" />
      <TestMethod codeBase="D:\actions-runner\_work\XPCO\XPCO\Corporate\RecordingServer\RecorderService\tst\VideoOS.Recorder.UnitTests\bin\x64\Debug\net472\VideoOS.Recorder.UnitTests.dll" adapterTypeName="executor://mstestadapter/v2" className="VideoOS.Recorder.UnitTests.WebServer.MediaDbUtilUnitTests" name="MediaDbUtil_MultitrackNavigation_Scenario03" />
    </UnitTest>
    <UnitTest name="SOAPCommandRequestHandler_ExecuteFunction_HandleOutputTrigger_Success" storage="d:\actions-runner\_work\xpco\xpco\corporate\recordingserver\recorderservice\tst\videoos.recorder.unittests\bin\x64\debug\net472\videoos.recorder.unittests.dll" id="9b349d1e-59f1-1793-88c8-8b103663b95b">
      <Execution id="406a481c-d9f5-4d3f-9a41-6616a67eb99c" />
      <TestMethod codeBase="D:\actions-runner\_work\XPCO\XPCO\Corporate\RecordingServer\RecorderService\tst\VideoOS.Recorder.UnitTests\bin\x64\Debug\net472\VideoOS.Recorder.UnitTests.dll" adapterTypeName="executor://mstestadapter/v2" className="VideoOS.Recorder.UnitTests.WebServer.SOAPCommandRequestHandlerTests" name="SOAPCommandRequestHandler_ExecuteFunction_HandleOutputTrigger_Success" />
    </UnitTest>
    <UnitTest name="SOAPCommandRequestHandler_ExecuteFunction_HandleOutputTrigger_NoSecurity" storage="d:\actions-runner\_work\xpco\xpco\corporate\recordingserver\recorderservice\tst\videoos.recorder.unittests\bin\x64\debug\net472\videoos.recorder.unittests.dll" id="8deb7282-17c1-72d8-38be-d12bb07014eb">
      <Execution id="b0dc216b-ce78-4eb3-b079-e718338ebc2e" />
      <TestMethod codeBase="D:\actions-runner\_work\XPCO\XPCO\Corporate\RecordingServer\RecorderService\tst\VideoOS.Recorder.UnitTests\bin\x64\Debug\net472\VideoOS.Recorder.UnitTests.dll" adapterTypeName="executor://mstestadapter/v2" className="VideoOS.Recorder.UnitTests.WebServer.SOAPCommandRequestHandlerTests" name="SOAPCommandRequestHandler_ExecuteFunction_HandleOutputTrigger_NoSecurity" />
    </UnitTest>
    <UnitTest name="AudioMessageManager_PlayAudioMessage_Stopped" storage="d:\actions-runner\_work\xpco\xpco\corporate\recordingserver\recorderservice\tst\videoos.recorder.unittests\bin\x64\debug\net472\videoos.recorder.unittests.dll" id="8115ede1-3fe0-6ea9-9c40-67ab11fe3336">
      <Execution id="e380c35f-c301-4498-ad63-6f60c43d3415" />
      <TestMethod codeBase="D:\actions-runner\_work\XPCO\XPCO\Corporate\RecordingServer\RecorderService\tst\VideoOS.Recorder.UnitTests\bin\x64\Debug\net472\VideoOS.Recorder.UnitTests.dll" adapterTypeName="executor://mstestadapter/v2" className="VideoOS.Recorder.UnitTests.AudioMessageHandling.AudioMessageManagerTests" name="AudioMessageManager_PlayAudioMessage_Stopped" />
    </UnitTest>
    <UnitTest name="ConnectSuccess_NextWithTime" storage="d:\actions-runner\_work\xpco\xpco\corporate\recordingserver\recorderservice\tst\videoos.recorder.unittests\bin\x64\debug\net472\videoos.recorder.unittests.dll" id="9d85024a-ea9e-440c-34f9-b41b5a2ebe56">
      <Execution id="105e900b-7a9c-45f1-a438-4457a5b1116b" />
      <TestMethod codeBase="D:\actions-runner\_work\XPCO\XPCO\Corporate\RecordingServer\RecorderService\tst\VideoOS.Recorder.UnitTests\bin\x64\Debug\net472\VideoOS.Recorder.UnitTests.dll" adapterTypeName="executor://mstestadapter/v2" className="VideoOS.Recorder.UnitTests.WebServer.ImageServerRequestHandlerTests" name="ConnectSuccess_NextWithTime" />
    </UnitTest>
    <UnitTest name="ManualPtzPatrollingSession_Constructor_ArgumentNullException" storage="d:\actions-runner\_work\xpco\xpco\corporate\recordingserver\recorderservice\tst\videoos.recorder.unittests\bin\x64\debug\net472\videoos.recorder.unittests.dll" id="cc746dc1-4f20-1e26-2252-3f9062ded2cd">
      <Execution id="40898a90-2528-4036-9505-2be3c0e030af" />
      <TestMethod codeBase="D:\actions-runner\_work\XPCO\XPCO\Corporate\RecordingServer\RecorderService\tst\VideoOS.Recorder.UnitTests\bin\x64\Debug\net472\VideoOS.Recorder.UnitTests.dll" adapterTypeName="executor://mstestadapter/v2" className="VideoOS.Recorder.UnitTests.Command.PtzSessionsTests" name="ManualPtzPatrollingSession_Constructor_ArgumentNullException" />
    </UnitTest>
    <UnitTest name="SmartSearchHandlerForwardTestDataWithMotionOnlyIgnoreFirstHit" storage="d:\actions-runner\_work\xpco\xpco\corporate\recordingserver\recorderservice\tst\videoos.recorder.unittests\bin\x64\debug\net472\videoos.recorder.unittests.dll" id="1e4f0be7-69b3-a33c-575a-f290addba671">
      <TestCategory>
        <TestCategoryItem TestCategory="SmartSearch" />
      </TestCategory>
      <Execution id="bd67e59f-233f-4bb7-8d52-a23ee2508f2a" />
      <TestMethod codeBase="D:\actions-runner\_work\XPCO\XPCO\Corporate\RecordingServer\RecorderService\tst\VideoOS.Recorder.UnitTests\bin\x64\Debug\net472\VideoOS.Recorder.UnitTests.dll" adapterTypeName="executor://mstestadapter/v2" className="VideoOS.Recorder.UnitTests.SmartSearch.SmartSearchHandlerTest" name="SmartSearchHandlerForwardTestDataWithMotionOnlyIgnoreFirstHit" />
    </UnitTest>
    <UnitTest name="Transform_To_Version_2_Success" storage="d:\actions-runner\_work\xpco\xpco\corporate\recordingserver\recorderservice\tst\videoos.recorder.unittests\bin\x64\debug\net472\videoos.recorder.unittests.dll" id="57f1805f-f406-3f66-3c68-98f225709ba5">
      <Execution id="a1a56c0a-a58a-4e45-941f-161264dcce2e" />
      <TestMethod codeBase="D:\actions-runner\_work\XPCO\XPCO\Corporate\RecordingServer\RecorderService\tst\VideoOS.Recorder.UnitTests\bin\x64\Debug\net472\VideoOS.Recorder.UnitTests.dll" adapterTypeName="executor://mstestadapter/v2" className="VideoOS.Recorder.UnitTests.WebServer.PrivacyMaskTransportConverterUnitTests" name="Transform_To_Version_2_Success" />
    </UnitTest>
    <UnitTest name="DatabaseTaskCommandHandler_TableNameGenerator_GetDestinationNameForMovedTable_Success" storage="d:\actions-runner\_work\xpco\xpco\corporate\recordingserver\recorderservice\tst\videoos.recorder.unittests\bin\x64\debug\net472\videoos.recorder.unittests.dll" id="7c47d70e-66c8-388b-e626-5761c693397f">
      <Execution id="fcce36d1-bf44-40da-a4ec-d911a5a8e49c" />
      <TestMethod codeBase="D:\actions-runner\_work\XPCO\XPCO\Corporate\RecordingServer\RecorderService\tst\VideoOS.Recorder.UnitTests\bin\x64\Debug\net472\VideoOS.Recorder.UnitTests.dll" adapterTypeName="executor://mstestadapter/v2" className="VideoOS.Recorder.UnitTests.Command.DatabaseTaskCommandHandlerTableNameGeneratorTests" name="DatabaseTaskCommandHandler_TableNameGenerator_GetDestinationNameForMovedTable_Success" />
    </UnitTest>
    <UnitTest name="PtzManualSession_Start_Success" storage="d:\actions-runner\_work\xpco\xpco\corporate\recordingserver\recorderservice\tst\videoos.recorder.unittests\bin\x64\debug\net472\videoos.recorder.unittests.dll" id="c951f1dc-19a4-4b55-2907-a54f697020e2">
      <Execution id="42cf0a73-b76f-4c10-9b77-2d2db3208ca3" />
      <TestMethod codeBase="D:\actions-runner\_work\XPCO\XPCO\Corporate\RecordingServer\RecorderService\tst\VideoOS.Recorder.UnitTests\bin\x64\Debug\net472\VideoOS.Recorder.UnitTests.dll" adapterTypeName="executor://mstestadapter/v2" className="VideoOS.Recorder.UnitTests.Command.PtzSessionsTests" name="PtzManualSession_Start_Success" />
    </UnitTest>
    <UnitTest name="SetNetworkConfigurationCommandHandler_Constructor_NullArg_Throws" storage="d:\actions-runner\_work\xpco\xpco\corporate\recordingserver\recorderservice\tst\videoos.recorder.unittests\bin\x64\debug\net472\videoos.recorder.unittests.dll" id="00111211-f0e6-971a-6c8f-c0770ce6204f">
      <Execution id="c7671d22-b3d7-49c1-ad6c-42656c487648" />
      <TestMethod codeBase="D:\actions-runner\_work\XPCO\XPCO\Corporate\RecordingServer\RecorderService\tst\VideoOS.Recorder.UnitTests\bin\x64\Debug\net472\VideoOS.Recorder.UnitTests.dll" adapterTypeName="executor://mstestadapter/v2" className="VideoOS.Recorder.UnitTests.Command.SetNetworkConfigurationCommandHandlerUnitTests" name="SetNetworkConfigurationCommandHandler_Constructor_NullArg_Throws" />
    </UnitTest>
    <UnitTest name="EnhanceSettings_DisabledUserExcludeRegionsAndPrivacyMaskWithoutRegionsExcludedFromMotion" storage="d:\actions-runner\_work\xpco\xpco\corporate\recordingserver\recorderservice\tst\videoos.recorder.unittests\bin\x64\debug\net472\videoos.recorder.unittests.dll" id="af7b587d-382d-cbbb-93ce-cf85a20fd517">
      <Owners>
        <Owner name="FT06" />
      </Owners>
      <Execution id="df0c698b-6c26-40da-b52c-f428e3459893" />
      <TestMethod codeBase="D:\actions-runner\_work\XPCO\XPCO\Corporate\RecordingServer\RecorderService\tst\VideoOS.Recorder.UnitTests\bin\x64\Debug\net472\VideoOS.Recorder.UnitTests.dll" adapterTypeName="executor://mstestadapter/v2" className="VideoOS.Recorder.UnitTests.ObjectModel.Processors.PluginSettingsEnhancerTest" name="EnhanceSettings_DisabledUserExcludeRegionsAndPrivacyMaskWithoutRegionsExcludedFromMotion" />
    </UnitTest>
    <UnitTest name="SOAPCommandRequestHandler_ExecuteFunction_HandlePresetMoveTo_NoDeviceId" storage="d:\actions-runner\_work\xpco\xpco\corporate\recordingserver\recorderservice\tst\videoos.recorder.unittests\bin\x64\debug\net472\videoos.recorder.unittests.dll" id="1c390b69-528a-eb14-787e-865cd81aa589">
      <Execution id="7818adc8-3045-49b4-9c23-e264fc61177b" />
      <TestMethod codeBase="D:\actions-runner\_work\XPCO\XPCO\Corporate\RecordingServer\RecorderService\tst\VideoOS.Recorder.UnitTests\bin\x64\Debug\net472\VideoOS.Recorder.UnitTests.dll" adapterTypeName="executor://mstestadapter/v2" className="VideoOS.Recorder.UnitTests.WebServer.SOAPCommandRequestHandlerTests" name="SOAPCommandRequestHandler_ExecuteFunction_HandlePresetMoveTo_NoDeviceId" />
    </UnitTest>
    <UnitTest name="ExecuteRuleActions_PostCommandIsNull_BadRequestResult" storage="d:\actions-runner\_work\xpco\xpco\corporate\recordingserver\recorderservice\tst\videoos.recorder.unittests\bin\x64\debug\net472\videoos.recorder.unittests.dll" id="996aca1a-e8f5-5f14-2be0-84e55ef4e3cd">
      <Execution id="01d88eaf-97f1-4f75-8b17-8f1598e24dc4" />
      <TestMethod codeBase="D:\actions-runner\_work\XPCO\XPCO\Corporate\RecordingServer\RecorderService\tst\VideoOS.Recorder.UnitTests\bin\x64\Debug\net472\VideoOS.Recorder.UnitTests.dll" adapterTypeName="executor://mstestadapter/v2" className="VideoOS.Recorder.UnitTests.RecorderControllerTests" name="ExecuteRuleActions_PostCommandIsNull_BadRequestResult" />
    </UnitTest>
    <UnitTest name="HandleRequest_WrongPath_404NotFound" storage="d:\actions-runner\_work\xpco\xpco\corporate\recordingserver\recorderservice\tst\videoos.recorder.unittests\bin\x64\debug\net472\videoos.recorder.unittests.dll" id="5f6760f9-7657-3111-5554-42ed5a72d76c">
      <Execution id="da234aac-5705-4a2f-9c92-92d3dbf749b3" />
      <TestMethod codeBase="D:\actions-runner\_work\XPCO\XPCO\Corporate\RecordingServer\RecorderService\tst\VideoOS.Recorder.UnitTests\bin\x64\Debug\net472\VideoOS.Recorder.UnitTests.dll" adapterTypeName="executor://mstestadapter/v2" className="VideoOS.Recorder.UnitTests.WebServer.DiagnosticsHttpRequestHandlerUnitTests" name="HandleRequest_WrongPath_404NotFound" />
    </UnitTest>
    <UnitTest name="PtzManager_StopPtzSession_Success" storage="d:\actions-runner\_work\xpco\xpco\corporate\recordingserver\recorderservice\tst\videoos.recorder.unittests\bin\x64\debug\net472\videoos.recorder.unittests.dll" id="796e2f6b-66bf-4aad-61d4-a374ddd5afae">
      <Execution id="52f10f9d-886e-479b-b5ed-47910c082416" />
      <TestMethod codeBase="D:\actions-runner\_work\XPCO\XPCO\Corporate\RecordingServer\RecorderService\tst\VideoOS.Recorder.UnitTests\bin\x64\Debug\net472\VideoOS.Recorder.UnitTests.dll" adapterTypeName="executor://mstestadapter/v2" className="VideoOS.Recorder.UnitTests.Command.PtzManagerTests" name="PtzManager_StopPtzSession_Success" />
    </UnitTest>
    <UnitTest name="SOAPCommandRequestHandler_ExecuteFunction_HandlePresetGetList_No_Security" storage="d:\actions-runner\_work\xpco\xpco\corporate\recordingserver\recorderservice\tst\videoos.recorder.unittests\bin\x64\debug\net472\videoos.recorder.unittests.dll" id="b860f2de-4f50-bac4-73d1-0f027c6969b9">
      <Execution id="0dfd20c6-6264-44a4-b940-6ebf88a49df5" />
      <TestMethod codeBase="D:\actions-runner\_work\XPCO\XPCO\Corporate\RecordingServer\RecorderService\tst\VideoOS.Recorder.UnitTests\bin\x64\Debug\net472\VideoOS.Recorder.UnitTests.dll" adapterTypeName="executor://mstestadapter/v2" className="VideoOS.Recorder.UnitTests.WebServer.SOAPCommandRequestHandlerTests" name="SOAPCommandRequestHandler_ExecuteFunction_HandlePresetGetList_No_Security" />
    </UnitTest>
    <UnitTest name="MediaDbCache_GetDiskUsageInformationBank_Has_Cache_Value" storage="d:\actions-runner\_work\xpco\xpco\corporate\recordingserver\recorderservice\tst\videoos.recorder.unittests\bin\x64\debug\net472\videoos.recorder.unittests.dll" id="3d7df30c-aa5b-0b5c-927c-2e931a86e2b4">
      <Execution id="715c08c1-47fb-4ccb-99e8-04ce8209e04d" />
      <TestMethod codeBase="D:\actions-runner\_work\XPCO\XPCO\Corporate\RecordingServer\RecorderService\tst\VideoOS.Recorder.UnitTests\bin\x64\Debug\net472\VideoOS.Recorder.UnitTests.dll" adapterTypeName="executor://mstestadapter/v2" className="VideoOS.Recorder.UnitTests.Database.MediaDbCacheUnitTests" name="MediaDbCache_GetDiskUsageInformationBank_Has_Cache_Value" />
    </UnitTest>
    <UnitTest name="ManualPtzPatrollingSession_Constructor_Success" storage="d:\actions-runner\_work\xpco\xpco\corporate\recordingserver\recorderservice\tst\videoos.recorder.unittests\bin\x64\debug\net472\videoos.recorder.unittests.dll" id="40fd06fb-7b5a-53ff-fccf-240959616eb7">
      <Execution id="0dcf4e20-8a1d-4dff-8413-21f002733333" />
      <TestMethod codeBase="D:\actions-runner\_work\XPCO\XPCO\Corporate\RecordingServer\RecorderService\tst\VideoOS.Recorder.UnitTests\bin\x64\Debug\net472\VideoOS.Recorder.UnitTests.dll" adapterTypeName="executor://mstestadapter/v2" className="VideoOS.Recorder.UnitTests.Command.PtzSessionsTests" name="ManualPtzPatrollingSession_Constructor_Success" />
    </UnitTest>
    <UnitTest name="HardwareScanSession_TestStartAndStopOnCompleteScan" storage="d:\actions-runner\_work\xpco\xpco\corporate\recordingserver\recorderservice\tst\videoos.recorder.unittests\bin\x64\debug\net472\videoos.recorder.unittests.dll" id="23f3f387-9cd3-0911-911a-896083eb4325">
      <Execution id="6da404f0-1259-4e59-a630-519c781ed688" />
      <TestMethod codeBase="D:\actions-runner\_work\XPCO\XPCO\Corporate\RecordingServer\RecorderService\tst\VideoOS.Recorder.UnitTests\bin\x64\Debug\net472\VideoOS.Recorder.UnitTests.dll" adapterTypeName="executor://mstestadapter/v2" className="VideoOS.Recorder.UnitTests.DeviceDiscovery.HardwareScanSessionTests" name="HardwareScanSession_TestStartAndStopOnCompleteScan" />
    </UnitTest>
    <UnitTest name="TestGenericByteDataCreation" storage="d:\actions-runner\_work\xpco\xpco\corporate\recordingserver\recorderservice\tst\videoos.recorder.unittests\bin\x64\debug\net472\videoos.recorder.unittests.dll" id="f4902e8a-7e72-0028-6876-325b511cba9f">
      <Execution id="5e23f166-0c57-4ad4-8c99-9b31bb26a51c" />
      <TestMethod codeBase="D:\actions-runner\_work\XPCO\XPCO\Corporate\RecordingServer\RecorderService\tst\VideoOS.Recorder.UnitTests\bin\x64\Debug\net472\VideoOS.Recorder.UnitTests.dll" adapterTypeName="executor://mstestadapter/v2" className="VideoOS.Recorder.UnitTests.AudioMessageHandling.GenericByteDataCreatorTests" name="TestGenericByteDataCreation" />
    </UnitTest>
    <UnitTest name="TestResetNoStatistics" storage="d:\actions-runner\_work\xpco\xpco\corporate\recordingserver\recorderservice\tst\videoos.recorder.unittests\bin\x64\debug\net472\videoos.recorder.unittests.dll" id="529c0386-24fa-6701-c090-b25dccc11b86">
      <TestCategory>
        <TestCategoryItem TestCategory="ObjectModel.PipelineStatistics" />
      </TestCategory>
      <Execution id="da64cc43-98b7-4d50-9182-18e7da5fe031" />
      <TestMethod codeBase="D:\actions-runner\_work\XPCO\XPCO\Corporate\RecordingServer\RecorderService\tst\VideoOS.Recorder.UnitTests\bin\x64\Debug\net472\VideoOS.Recorder.UnitTests.dll" adapterTypeName="executor://mstestadapter/v2" className="VideoOS.Recorder.UnitTests.ObjectModel.Processors.PipelineStatisticsTest" name="TestResetNoStatistics" />
    </UnitTest>
    <UnitTest name="SearchingBackwardsNoOverlapsSimple" storage="d:\actions-runner\_work\xpco\xpco\corporate\recordingserver\recorderservice\tst\videoos.recorder.unittests\bin\x64\debug\net472\videoos.recorder.unittests.dll" id="90b8e0ac-3836-668f-d12a-5a7be5c8e5aa">
      <Execution id="1a5ac982-339c-4685-9c9a-dc3a80157792" />
      <TestMethod codeBase="D:\actions-runner\_work\XPCO\XPCO\Corporate\RecordingServer\RecorderService\tst\VideoOS.Recorder.UnitTests\bin\x64\Debug\net472\VideoOS.Recorder.UnitTests.dll" adapterTypeName="executor://mstestadapter/v2" className="VideoOS.Recorder.UnitTests.ObjectModel.RestrictedMediaHandlerTest" name="SearchingBackwardsNoOverlapsSimple" />
    </UnitTest>
    <UnitTest name="TriggerCustomEventBulkCommand_IsValid_NoContent" storage="d:\actions-runner\_work\xpco\xpco\corporate\recordingserver\recorderservice\tst\videoos.recorder.unittests\bin\x64\debug\net472\videoos.recorder.unittests.dll" id="ffd89711-583f-15d7-b7d8-54f047144f9b">
      <Execution id="42149d16-b041-4815-a5fb-90fd699d7491" />
      <TestMethod codeBase="D:\actions-runner\_work\XPCO\XPCO\Corporate\RecordingServer\RecorderService\tst\VideoOS.Recorder.UnitTests\bin\x64\Debug\net472\VideoOS.Recorder.UnitTests.dll" adapterTypeName="executor://mstestadapter/v2" className="VideoOS.Recorder.UnitTests.EventsControllerTests" name="TriggerCustomEventBulkCommand_IsValid_NoContent" />
    </UnitTest>
    <UnitTest name="SOAPCommandRequestHandler_ExecuteFunction_HandleSmartSearchStart_InvalidSearchMask" storage="d:\actions-runner\_work\xpco\xpco\corporate\recordingserver\recorderservice\tst\videoos.recorder.unittests\bin\x64\debug\net472\videoos.recorder.unittests.dll" id="08b7391b-997e-9b4d-ebe6-f9918957b946">
      <Execution id="5ef50e2b-cb94-473a-b204-dd6d5e1471fb" />
      <TestMethod codeBase="D:\actions-runner\_work\XPCO\XPCO\Corporate\RecordingServer\RecorderService\tst\VideoOS.Recorder.UnitTests\bin\x64\Debug\net472\VideoOS.Recorder.UnitTests.dll" adapterTypeName="executor://mstestadapter/v2" className="VideoOS.Recorder.UnitTests.WebServer.SOAPCommandRequestHandlerTests" name="SOAPCommandRequestHandler_ExecuteFunction_HandleSmartSearchStart_InvalidSearchMask" />
    </UnitTest>
    <UnitTest name="GetNetworkConfigurationCommandHandler_Execute_NoMatchingIP_Errors" storage="d:\actions-runner\_work\xpco\xpco\corporate\recordingserver\recorderservice\tst\videoos.recorder.unittests\bin\x64\debug\net472\videoos.recorder.unittests.dll" id="b0899d9d-f2b3-9580-eca3-39c3aef26cc9">
      <Execution id="813c845c-a06b-4075-afe6-4d3c174c17df" />
      <TestMethod codeBase="D:\actions-runner\_work\XPCO\XPCO\Corporate\RecordingServer\RecorderService\tst\VideoOS.Recorder.UnitTests\bin\x64\Debug\net472\VideoOS.Recorder.UnitTests.dll" adapterTypeName="executor://mstestadapter/v2" className="VideoOS.Recorder.UnitTests.Command.GetNetworkConfigurationCommandHandlerUnitTests" name="GetNetworkConfigurationCommandHandler_Execute_NoMatchingIP_Errors" />
    </UnitTest>
    <UnitTest name="SOAPCommandRequestHandler_ExecuteFunction_HandlePTZRectangle_NoTop" storage="d:\actions-runner\_work\xpco\xpco\corporate\recordingserver\recorderservice\tst\videoos.recorder.unittests\bin\x64\debug\net472\videoos.recorder.unittests.dll" id="8ef7a167-17f3-011f-c576-97727b4fc446">
      <Execution id="1b81b37c-8b74-4eec-801f-cbb1077823ff" />
      <TestMethod codeBase="D:\actions-runner\_work\XPCO\XPCO\Corporate\RecordingServer\RecorderService\tst\VideoOS.Recorder.UnitTests\bin\x64\Debug\net472\VideoOS.Recorder.UnitTests.dll" adapterTypeName="executor://mstestadapter/v2" className="VideoOS.Recorder.UnitTests.WebServer.SOAPCommandRequestHandlerTests" name="SOAPCommandRequestHandler_ExecuteFunction_HandlePTZRectangle_NoTop" />
    </UnitTest>
    <UnitTest name="RegisterLiveTablesForTwoStorages" storage="d:\actions-runner\_work\xpco\xpco\corporate\recordingserver\recorderservice\tst\videoos.recorder.unittests\bin\x64\debug\net472\videoos.recorder.unittests.dll" id="c850ca74-d223-3a0b-bdea-afc6f7a88389">
      <Execution id="c83f84f1-41fb-4de8-a4f4-931cbe558f5f" />
      <TestMethod codeBase="D:\actions-runner\_work\XPCO\XPCO\Corporate\RecordingServer\RecorderService\tst\VideoOS.Recorder.UnitTests\bin\x64\Debug\net472\VideoOS.Recorder.UnitTests.dll" adapterTypeName="executor://mstestadapter/v2" className="VideoOS.Recorder.UnitTests.Database.MediaDbLiveTableStorageInfoTests" name="RegisterLiveTablesForTwoStorages" />
    </UnitTest>
    <UnitTest name="GetChangesAndSendUpdateHardwareDriverCommandAsync_Success" storage="d:\actions-runner\_work\xpco\xpco\corporate\recordingserver\recorderservice\tst\videoos.recorder.unittests\bin\x64\debug\net472\videoos.recorder.unittests.dll" id="af04bac6-2ce8-74dc-6659-d012719b6bdc">
      <Execution id="b449c05f-df7a-4bcc-8e10-e5a969bd06ab" />
      <TestMethod codeBase="D:\actions-runner\_work\XPCO\XPCO\Corporate\RecordingServer\RecorderService\tst\VideoOS.Recorder.UnitTests\bin\x64\Debug\net472\VideoOS.Recorder.UnitTests.dll" adapterTypeName="executor://mstestadapter/v2" className="VideoOS.Recorder.UnitTests.DriverUpdateHelperUnitTests" name="GetChangesAndSendUpdateHardwareDriverCommandAsync_Success" />
    </UnitTest>
    <UnitTest name="TimeRangeConversionRangeSpansStartAndEndTime" storage="d:\actions-runner\_work\xpco\xpco\corporate\recordingserver\recorderservice\tst\videoos.recorder.unittests\bin\x64\debug\net472\videoos.recorder.unittests.dll" id="8dd9db66-980f-8c56-a4d5-214f14280db1">
      <TestCategory>
        <TestCategoryItem TestCategory="TimeRangeConversion" />
      </TestCategory>
      <Execution id="44752c1a-390a-4028-b864-3886d4e6e6b8" />
      <TestMethod codeBase="D:\actions-runner\_work\XPCO\XPCO\Corporate\RecordingServer\RecorderService\tst\VideoOS.Recorder.UnitTests\bin\x64\Debug\net472\VideoOS.Recorder.UnitTests.dll" adapterTypeName="executor://mstestadapter/v2" className="VideoOS.Recorder.UnitTests.TimeRangeConversionTests.TimeRangeConversionTests" name="TimeRangeConversionRangeSpansStartAndEndTime" />
    </UnitTest>
    <UnitTest name="PtzManagerDataHolder_GetOrAddPtzController_Device_Not_Exists" storage="d:\actions-runner\_work\xpco\xpco\corporate\recordingserver\recorderservice\tst\videoos.recorder.unittests\bin\x64\debug\net472\videoos.recorder.unittests.dll" id="2a3a8992-5eb9-d85e-8436-c4f7401cf226">
      <Execution id="12b59c49-b7c4-48f6-91b8-ff10e80665fa" />
      <TestMethod codeBase="D:\actions-runner\_work\XPCO\XPCO\Corporate\RecordingServer\RecorderService\tst\VideoOS.Recorder.UnitTests\bin\x64\Debug\net472\VideoOS.Recorder.UnitTests.dll" adapterTypeName="executor://mstestadapter/v2" className="VideoOS.Recorder.UnitTests.Command.PtzManagerDataHolderTest" name="PtzManagerDataHolder_GetOrAddPtzController_Device_Not_Exists" />
    </UnitTest>
    <UnitTest name="SOAPCommandRequestHandler_ExecuteFunction_HandleInputGetState_NoDeviceId" storage="d:\actions-runner\_work\xpco\xpco\corporate\recordingserver\recorderservice\tst\videoos.recorder.unittests\bin\x64\debug\net472\videoos.recorder.unittests.dll" id="af46bdb0-8caa-ed0c-7389-7e03d1085886">
      <Execution id="08782eb4-c6b8-4ea6-b5c9-2d71c2d86a6a" />
      <TestMethod codeBase="D:\actions-runner\_work\XPCO\XPCO\Corporate\RecordingServer\RecorderService\tst\VideoOS.Recorder.UnitTests\bin\x64\Debug\net472\VideoOS.Recorder.UnitTests.dll" adapterTypeName="executor://mstestadapter/v2" className="VideoOS.Recorder.UnitTests.WebServer.SOAPCommandRequestHandlerTests" name="SOAPCommandRequestHandler_ExecuteFunction_HandleInputGetState_NoDeviceId" />
    </UnitTest>
    <UnitTest name="QueryDeviceEvidenceLockSizesCommandHandler_RecorderIsClosingNoAction" storage="d:\actions-runner\_work\xpco\xpco\corporate\recordingserver\recorderservice\tst\videoos.recorder.unittests\bin\x64\debug\net472\videoos.recorder.unittests.dll" id="c5119167-542a-1fa8-3eab-4faee8345c63">
      <Execution id="30274763-0eb9-47be-9731-5ee32cc6e90a" />
      <TestMethod codeBase="D:\actions-runner\_work\XPCO\XPCO\Corporate\RecordingServer\RecorderService\tst\VideoOS.Recorder.UnitTests\bin\x64\Debug\net472\VideoOS.Recorder.UnitTests.dll" adapterTypeName="executor://mstestadapter/v2" className="VideoOS.Recorder.UnitTests.Command.QueryDeviceEvidenceLockSizesCommandHandlerTests" name="QueryDeviceEvidenceLockSizesCommandHandler_RecorderIsClosingNoAction" />
    </UnitTest>
    <UnitTest name="DatabaseoperationCommandhandler_DiskUsageInformationTablesPerStorage_SomeFails" storage="d:\actions-runner\_work\xpco\xpco\corporate\recordingserver\recorderservice\tst\videoos.recorder.unittests\bin\x64\debug\net472\videoos.recorder.unittests.dll" id="644a4da9-2c44-507c-8737-52c2ef8b7566">
      <Execution id="334c50af-9993-44b3-ac42-0149acba8cd4" />
      <TestMethod codeBase="D:\actions-runner\_work\XPCO\XPCO\Corporate\RecordingServer\RecorderService\tst\VideoOS.Recorder.UnitTests\bin\x64\Debug\net472\VideoOS.Recorder.UnitTests.dll" adapterTypeName="executor://mstestadapter/v2" className="VideoOS.Recorder.UnitTests.Command.DatabaseOperationCommandHandlerUnitTests" name="DatabaseoperationCommandhandler_DiskUsageInformationTablesPerStorage_SomeFails" />
    </UnitTest>
    <UnitTest name="EdgeStorageLimitsCheckBandwidthWithLimitOk" storage="d:\actions-runner\_work\xpco\xpco\corporate\recordingserver\recorderservice\tst\videoos.recorder.unittests\bin\x64\debug\net472\videoos.recorder.unittests.dll" id="84bd1229-2444-ec40-4670-54c1d3f0f408">
      <TestCategory>
        <TestCategoryItem TestCategory="EdgeStorageLimits" />
      </TestCategory>
      <Execution id="4c7daa23-ec47-485a-8c97-0fc727b1cd0e" />
      <TestMethod codeBase="D:\actions-runner\_work\XPCO\XPCO\Corporate\RecordingServer\RecorderService\tst\VideoOS.Recorder.UnitTests\bin\x64\Debug\net472\VideoOS.Recorder.UnitTests.dll" adapterTypeName="executor://mstestadapter/v2" className="VideoOS.Recorder.UnitTests.EdgeStorage.EdgeStorageLimitTests" name="EdgeStorageLimitsCheckBandwidthWithLimitOk" />
    </UnitTest>
    <UnitTest name="AudioMessageManager_UpdateConfiguration_ArgumentNullException" storage="d:\actions-runner\_work\xpco\xpco\corporate\recordingserver\recorderservice\tst\videoos.recorder.unittests\bin\x64\debug\net472\videoos.recorder.unittests.dll" id="44226950-31ad-5f0b-4d90-f6d2f68da17a">
      <Execution id="68eee297-50c1-4851-9207-d200dbeea2e9" />
      <TestMethod codeBase="D:\actions-runner\_work\XPCO\XPCO\Corporate\RecordingServer\RecorderService\tst\VideoOS.Recorder.UnitTests\bin\x64\Debug\net472\VideoOS.Recorder.UnitTests.dll" adapterTypeName="executor://mstestadapter/v2" className="VideoOS.Recorder.UnitTests.AudioMessageHandling.AudioMessageManagerTests" name="AudioMessageManager_UpdateConfiguration_ArgumentNullException" />
    </UnitTest>
    <UnitTest name="SOAPCommandRequestHandler_ExecuteFunction_HandlePTZActivatePatrollingSchema_NoPatrollingSchemaId" storage="d:\actions-runner\_work\xpco\xpco\corporate\recordingserver\recorderservice\tst\videoos.recorder.unittests\bin\x64\debug\net472\videoos.recorder.unittests.dll" id="364ed2ff-1752-6dc3-9a45-656d3267a6f4">
      <Execution id="c603dc7b-c159-4587-a990-030c0835fe3a" />
      <TestMethod codeBase="D:\actions-runner\_work\XPCO\XPCO\Corporate\RecordingServer\RecorderService\tst\VideoOS.Recorder.UnitTests\bin\x64\Debug\net472\VideoOS.Recorder.UnitTests.dll" adapterTypeName="executor://mstestadapter/v2" className="VideoOS.Recorder.UnitTests.WebServer.SOAPCommandRequestHandlerTests" name="SOAPCommandRequestHandler_ExecuteFunction_HandlePTZActivatePatrollingSchema_NoPatrollingSchemaId" />
    </UnitTest>
    <UnitTest name="EnhanceSettings_SetsNvidiaValue_OnNoOtherChangesToSettings" storage="d:\actions-runner\_work\xpco\xpco\corporate\recordingserver\recorderservice\tst\videoos.recorder.unittests\bin\x64\debug\net472\videoos.recorder.unittests.dll" id="61ea485e-fcaa-fb16-c702-bad4dc7759e4">
      <Owners>
        <Owner name="FT06" />
      </Owners>
      <Execution id="cc59ae16-9222-40e3-a901-2e2bc19ad962" />
      <TestMethod codeBase="D:\actions-runner\_work\XPCO\XPCO\Corporate\RecordingServer\RecorderService\tst\VideoOS.Recorder.UnitTests\bin\x64\Debug\net472\VideoOS.Recorder.UnitTests.dll" adapterTypeName="executor://mstestadapter/v2" className="VideoOS.Recorder.UnitTests.ObjectModel.Processors.PluginSettingsEnhancerTest" name="EnhanceSettings_SetsNvidiaValue_OnNoOtherChangesToSettings" />
    </UnitTest>
    <UnitTest name="GetHardwareUsersCommandHandler_Execute_HardwareBlocked_Errors" storage="d:\actions-runner\_work\xpco\xpco\corporate\recordingserver\recorderservice\tst\videoos.recorder.unittests\bin\x64\debug\net472\videoos.recorder.unittests.dll" id="5357c825-e1ff-1bda-e30c-2434dff3dea0">
      <Execution id="5037da2f-ffde-4867-a7ea-abace59bd93f" />
      <TestMethod codeBase="D:\actions-runner\_work\XPCO\XPCO\Corporate\RecordingServer\RecorderService\tst\VideoOS.Recorder.UnitTests\bin\x64\Debug\net472\VideoOS.Recorder.UnitTests.dll" adapterTypeName="executor://mstestadapter/v2" className="VideoOS.Recorder.UnitTests.Command.GetHardwareUsersCommandHandlerUnitTests" name="GetHardwareUsersCommandHandler_Execute_HardwareBlocked_Errors" />
    </UnitTest>
    <UnitTest name="MediaDbRepairStatus_RepairCount_UpDown" storage="d:\actions-runner\_work\xpco\xpco\corporate\recordingserver\recorderservice\tst\videoos.recorder.unittests\bin\x64\debug\net472\videoos.recorder.unittests.dll" id="7206b9bd-2060-65ab-1157-fa40cde7e92d">
      <TestCategory>
        <TestCategoryItem TestCategory="MediaDbRepairStateTests" />
      </TestCategory>
      <Execution id="c3f67126-c098-44c1-b5d4-54c5cd5f7b2a" />
      <TestMethod codeBase="D:\actions-runner\_work\XPCO\XPCO\Corporate\RecordingServer\RecorderService\tst\VideoOS.Recorder.UnitTests\bin\x64\Debug\net472\VideoOS.Recorder.UnitTests.dll" adapterTypeName="executor://mstestadapter/v2" className="VideoOS.Recorder.UnitTests.TimeRangeConversionTests.MediaDbRepairStatusTests" name="MediaDbRepairStatus_RepairCount_UpDown" />
    </UnitTest>
    <UnitTest name="SOAPCommandRequestHandler_GetClientCapabilities_No_PrivacyMask_Child_Of_ClientCapabilities_Section" storage="d:\actions-runner\_work\xpco\xpco\corporate\recordingserver\recorderservice\tst\videoos.recorder.unittests\bin\x64\debug\net472\videoos.recorder.unittests.dll" id="5eeb65dd-4202-caed-7710-cc5b91710303">
      <Execution id="18df5b2c-77a2-412b-88c6-cc26c97b48d3" />
      <TestMethod codeBase="D:\actions-runner\_work\XPCO\XPCO\Corporate\RecordingServer\RecorderService\tst\VideoOS.Recorder.UnitTests\bin\x64\Debug\net472\VideoOS.Recorder.UnitTests.dll" adapterTypeName="executor://mstestadapter/v2" className="VideoOS.Recorder.UnitTests.WebServer.SOAPCommandRequestHandlerTests" name="SOAPCommandRequestHandler_GetClientCapabilities_No_PrivacyMask_Child_Of_ClientCapabilities_Section" />
    </UnitTest>
    <UnitTest name="SOAPCommandRequestHandler_ExecuteFunction_HandlePTZRectangle_NoHeight" storage="d:\actions-runner\_work\xpco\xpco\corporate\recordingserver\recorderservice\tst\videoos.recorder.unittests\bin\x64\debug\net472\videoos.recorder.unittests.dll" id="7f480d80-2bbd-e72a-a137-7779a6b33a62">
      <Execution id="8e690a1c-b1c3-441e-bcdb-f86274fbba6b" />
      <TestMethod codeBase="D:\actions-runner\_work\XPCO\XPCO\Corporate\RecordingServer\RecorderService\tst\VideoOS.Recorder.UnitTests\bin\x64\Debug\net472\VideoOS.Recorder.UnitTests.dll" adapterTypeName="executor://mstestadapter/v2" className="VideoOS.Recorder.UnitTests.WebServer.SOAPCommandRequestHandlerTests" name="SOAPCommandRequestHandler_ExecuteFunction_HandlePTZRectangle_NoHeight" />
    </UnitTest>
    <UnitTest name="GetStatistics_Framerate_JPEG_50_Percent" storage="d:\actions-runner\_work\xpco\xpco\corporate\recordingserver\recorderservice\tst\videoos.recorder.unittests\bin\x64\debug\net472\videoos.recorder.unittests.dll" id="50b4242f-6299-48ea-c80c-41075ec2e8bf">
      <TestCategory>
        <TestCategoryItem TestCategory="PipelineRecordingStatistics" />
      </TestCategory>
      <Execution id="430cacb0-2609-4fc2-bb90-6e54706464d9" />
      <TestMethod codeBase="D:\actions-runner\_work\XPCO\XPCO\Corporate\RecordingServer\RecorderService\tst\VideoOS.Recorder.UnitTests\bin\x64\Debug\net472\VideoOS.Recorder.UnitTests.dll" adapterTypeName="executor://mstestadapter/v2" className="VideoOS.Recorder.UnitTests.ObjectModel.Processors.PipelineRecordingStatisticsTests" name="GetStatistics_Framerate_JPEG_50_Percent" />
    </UnitTest>
    <UnitTest name="SOAPCommandRequestHandler_ExecuteFunction_HandlePTZCenter_No_Security" storage="d:\actions-runner\_work\xpco\xpco\corporate\recordingserver\recorderservice\tst\videoos.recorder.unittests\bin\x64\debug\net472\videoos.recorder.unittests.dll" id="c14b9dfb-90db-75bb-6d49-a17a5def646b">
      <Execution id="e46b4a77-2207-4e99-b084-ca738216f12e" />
      <TestMethod codeBase="D:\actions-runner\_work\XPCO\XPCO\Corporate\RecordingServer\RecorderService\tst\VideoOS.Recorder.UnitTests\bin\x64\Debug\net472\VideoOS.Recorder.UnitTests.dll" adapterTypeName="executor://mstestadapter/v2" className="VideoOS.Recorder.UnitTests.WebServer.SOAPCommandRequestHandlerTests" name="SOAPCommandRequestHandler_ExecuteFunction_HandlePTZCenter_No_Security" />
    </UnitTest>
    <UnitTest name="PingDeviceCommandHandler_Execute_Timeout" storage="d:\actions-runner\_work\xpco\xpco\corporate\recordingserver\recorderservice\tst\videoos.recorder.unittests\bin\x64\debug\net472\videoos.recorder.unittests.dll" id="344bc6e5-9c19-c772-75f8-eddf1b52a4c1">
      <Execution id="d1332287-f55d-42bb-b8fd-93e642c8fa38" />
      <TestMethod codeBase="D:\actions-runner\_work\XPCO\XPCO\Corporate\RecordingServer\RecorderService\tst\VideoOS.Recorder.UnitTests\bin\x64\Debug\net472\VideoOS.Recorder.UnitTests.dll" adapterTypeName="executor://mstestadapter/v2" className="VideoOS.Recorder.UnitTests.Command.PingDeviceCommandHandlerUnitTests" name="PingDeviceCommandHandler_Execute_Timeout" />
    </UnitTest>
    <UnitTest name="ConfigurationController_UpdateSystemConfiguration_IsNull_BadRequestResult" storage="d:\actions-runner\_work\xpco\xpco\corporate\recordingserver\recorderservice\tst\videoos.recorder.unittests\bin\x64\debug\net472\videoos.recorder.unittests.dll" id="3c69bfc4-4b32-405f-5164-8ab616062af8">
      <Execution id="080e0654-2e14-4439-840e-f21f85a8dfd2" />
      <TestMethod codeBase="D:\actions-runner\_work\XPCO\XPCO\Corporate\RecordingServer\RecorderService\tst\VideoOS.Recorder.UnitTests\bin\x64\Debug\net472\VideoOS.Recorder.UnitTests.dll" adapterTypeName="executor://mstestadapter/v2" className="VideoOS.Recorder.UnitTests.ConfigurationControllerTests" name="ConfigurationController_UpdateSystemConfiguration_IsNull_BadRequestResult" />
    </UnitTest>
    <UnitTest name="MediaDbUtil_MultitrackNavigation_Scenario08" storage="d:\actions-runner\_work\xpco\xpco\corporate\recordingserver\recorderservice\tst\videoos.recorder.unittests\bin\x64\debug\net472\videoos.recorder.unittests.dll" id="c03c30cf-efaf-7d2d-1984-866170871d25">
      <Execution id="890f67e0-fcbd-49be-aee0-a1c339a35253" />
      <TestMethod codeBase="D:\actions-runner\_work\XPCO\XPCO\Corporate\RecordingServer\RecorderService\tst\VideoOS.Recorder.UnitTests\bin\x64\Debug\net472\VideoOS.Recorder.UnitTests.dll" adapterTypeName="executor://mstestadapter/v2" className="VideoOS.Recorder.UnitTests.WebServer.MediaDbUtilUnitTests" name="MediaDbUtil_MultitrackNavigation_Scenario08" />
    </UnitTest>
    <UnitTest name="SOAPCommandRequestHandler_ExecuteFunction_HandleJPEGGetAt_NoDeviceId" storage="d:\actions-runner\_work\xpco\xpco\corporate\recordingserver\recorderservice\tst\videoos.recorder.unittests\bin\x64\debug\net472\videoos.recorder.unittests.dll" id="ad85d1fc-d46a-97dc-33eb-7573f1d1232b">
      <Execution id="9475f90b-90f6-47cc-ae22-e2d2bcc1ed98" />
      <TestMethod codeBase="D:\actions-runner\_work\XPCO\XPCO\Corporate\RecordingServer\RecorderService\tst\VideoOS.Recorder.UnitTests\bin\x64\Debug\net472\VideoOS.Recorder.UnitTests.dll" adapterTypeName="executor://mstestadapter/v2" className="VideoOS.Recorder.UnitTests.WebServer.SOAPCommandRequestHandlerTests" name="SOAPCommandRequestHandler_ExecuteFunction_HandleJPEGGetAt_NoDeviceId" />
    </UnitTest>
    <UnitTest name="SearchingBackwards" storage="d:\actions-runner\_work\xpco\xpco\corporate\recordingserver\recorderservice\tst\videoos.recorder.unittests\bin\x64\debug\net472\videoos.recorder.unittests.dll" id="602dad3a-74b2-00a2-c766-bf018691774e">
      <Execution id="2ea8903d-766d-4f33-a89f-8c0368598af1" />
      <TestMethod codeBase="D:\actions-runner\_work\XPCO\XPCO\Corporate\RecordingServer\RecorderService\tst\VideoOS.Recorder.UnitTests\bin\x64\Debug\net472\VideoOS.Recorder.UnitTests.dll" adapterTypeName="executor://mstestadapter/v2" className="VideoOS.Recorder.UnitTests.ObjectModel.PrivacyMaskHandlerTest" name="SearchingBackwards" />
    </UnitTest>
    <UnitTest name="TimeRangeConversionRangeBothBeforeAndAfterSatrAndEndTime" storage="d:\actions-runner\_work\xpco\xpco\corporate\recordingserver\recorderservice\tst\videoos.recorder.unittests\bin\x64\debug\net472\videoos.recorder.unittests.dll" id="d85b6722-8565-a29c-5490-16e3a10a250c">
      <TestCategory>
        <TestCategoryItem TestCategory="TimeRangeConversion" />
      </TestCategory>
      <Execution id="f4a8cb24-1b7b-4082-a526-36c1c22a5c41" />
      <TestMethod codeBase="D:\actions-runner\_work\XPCO\XPCO\Corporate\RecordingServer\RecorderService\tst\VideoOS.Recorder.UnitTests\bin\x64\Debug\net472\VideoOS.Recorder.UnitTests.dll" adapterTypeName="executor://mstestadapter/v2" className="VideoOS.Recorder.UnitTests.TimeRangeConversionTests.TimeRangeConversionTests" name="TimeRangeConversionRangeBothBeforeAndAfterSatrAndEndTime" />
    </UnitTest>
    <UnitTest name="ReapplySettings_StateIsNull_Failure" storage="d:\actions-runner\_work\xpco\xpco\corporate\recordingserver\recorderservice\tst\videoos.recorder.unittests\bin\x64\debug\net472\videoos.recorder.unittests.dll" id="67e568f4-2635-df03-0597-688e62982d3d">
      <Execution id="f33eb89a-b64a-4259-b167-2d2bd343dfd6" />
      <TestMethod codeBase="D:\actions-runner\_work\XPCO\XPCO\Corporate\RecordingServer\RecorderService\tst\VideoOS.Recorder.UnitTests\bin\x64\Debug\net472\VideoOS.Recorder.UnitTests.dll" adapterTypeName="executor://mstestadapter/v2" className="VideoOS.Recorder.UnitTests.Command.ReapplySettingsCommandHandlerTest" name="ReapplySettings_StateIsNull_Failure" />
    </UnitTest>
    <UnitTest name="SOAPCommandRequestHandler_ExecuteFunction_HandlePTZExtendedManualSession_No_Priority" storage="d:\actions-runner\_work\xpco\xpco\corporate\recordingserver\recorderservice\tst\videoos.recorder.unittests\bin\x64\debug\net472\videoos.recorder.unittests.dll" id="73596530-4c15-78e9-a3fd-2b938839fe9d">
      <Execution id="782ed476-40b2-44e1-8a6c-6bf56fc77003" />
      <TestMethod codeBase="D:\actions-runner\_work\XPCO\XPCO\Corporate\RecordingServer\RecorderService\tst\VideoOS.Recorder.UnitTests\bin\x64\Debug\net472\VideoOS.Recorder.UnitTests.dll" adapterTypeName="executor://mstestadapter/v2" className="VideoOS.Recorder.UnitTests.WebServer.SOAPCommandRequestHandlerTests" name="SOAPCommandRequestHandler_ExecuteFunction_HandlePTZExtendedManualSession_No_Priority" />
    </UnitTest>
    <UnitTest name="SOAPCommandRequestHandler_ExecuteFunction_HandlePTZMoveStop_No_Priority" storage="d:\actions-runner\_work\xpco\xpco\corporate\recordingserver\recorderservice\tst\videoos.recorder.unittests\bin\x64\debug\net472\videoos.recorder.unittests.dll" id="84ba90f3-9865-b8fa-8adf-9b1a3d12d7fa">
      <Execution id="887ada63-7dab-4c09-b90c-dee1c5151801" />
      <TestMethod codeBase="D:\actions-runner\_work\XPCO\XPCO\Corporate\RecordingServer\RecorderService\tst\VideoOS.Recorder.UnitTests\bin\x64\Debug\net472\VideoOS.Recorder.UnitTests.dll" adapterTypeName="executor://mstestadapter/v2" className="VideoOS.Recorder.UnitTests.WebServer.SOAPCommandRequestHandlerTests" name="SOAPCommandRequestHandler_ExecuteFunction_HandlePTZMoveStop_No_Priority" />
    </UnitTest>
    <UnitTest name="SOAPCommandRequestHandler_ExecuteFunction_HandlePTZReleaseSession_Success" storage="d:\actions-runner\_work\xpco\xpco\corporate\recordingserver\recorderservice\tst\videoos.recorder.unittests\bin\x64\debug\net472\videoos.recorder.unittests.dll" id="0a69dcc2-b7d4-5a30-ea72-8ac56c049039">
      <Execution id="2ea95c72-83c6-4176-bb06-192140d84547" />
      <TestMethod codeBase="D:\actions-runner\_work\XPCO\XPCO\Corporate\RecordingServer\RecorderService\tst\VideoOS.Recorder.UnitTests\bin\x64\Debug\net472\VideoOS.Recorder.UnitTests.dll" adapterTypeName="executor://mstestadapter/v2" className="VideoOS.Recorder.UnitTests.WebServer.SOAPCommandRequestHandlerTests" name="SOAPCommandRequestHandler_ExecuteFunction_HandlePTZReleaseSession_Success" />
    </UnitTest>
    <UnitTest name="Start_EstablishesConnection_ConnectionStateIsConnectedAndAttachedStateIsAttached" storage="d:\actions-runner\_work\xpco\xpco\corporate\recordingserver\recorderservice\tst\videoos.recorder.unittests\bin\x64\debug\net472\videoos.recorder.unittests.dll" id="4bf9f557-e5aa-6820-3243-25edb82152cd">
      <Execution id="389884e5-4b4a-41a5-a6c9-604740f2b36d" />
      <TestMethod codeBase="D:\actions-runner\_work\XPCO\XPCO\Corporate\RecordingServer\RecorderService\tst\VideoOS.Recorder.UnitTests\bin\x64\Debug\net472\VideoOS.Recorder.UnitTests.dll" adapterTypeName="executor://mstestadapter/v2" className="VideoOS.Recorder.UnitTests.CommManagerWebApiTests" name="Start_EstablishesConnection_ConnectionStateIsConnectedAndAttachedStateIsAttached" />
    </UnitTest>
    <UnitTest name="TimeRangeConversionMinRangeAndTimeResolution" storage="d:\actions-runner\_work\xpco\xpco\corporate\recordingserver\recorderservice\tst\videoos.recorder.unittests\bin\x64\debug\net472\videoos.recorder.unittests.dll" id="7c657bb1-d656-8572-52e9-8a42e2518cbb">
      <TestCategory>
        <TestCategoryItem TestCategory="TimeRangeConversion" />
      </TestCategory>
      <Execution id="57818c74-5d8f-4326-ace5-725001432018" />
      <TestMethod codeBase="D:\actions-runner\_work\XPCO\XPCO\Corporate\RecordingServer\RecorderService\tst\VideoOS.Recorder.UnitTests\bin\x64\Debug\net472\VideoOS.Recorder.UnitTests.dll" adapterTypeName="executor://mstestadapter/v2" className="VideoOS.Recorder.UnitTests.TimeRangeConversionTests.TimeRangeConversionTests" name="TimeRangeConversionMinRangeAndTimeResolution" />
    </UnitTest>
    <UnitTest name="UpdateHardwareStateTrue_vStartHardware_HardwareNotFound_ErrorResponse" storage="d:\actions-runner\_work\xpco\xpco\corporate\recordingserver\recorderservice\tst\videoos.recorder.unittests\bin\x64\debug\net472\videoos.recorder.unittests.dll" id="c1df03bc-3ebe-9ec4-9761-68311864ed1a">
      <Execution id="28e24bbd-a474-4966-8b35-7c7105dff986" />
      <TestMethod codeBase="D:\actions-runner\_work\XPCO\XPCO\Corporate\RecordingServer\RecorderService\tst\VideoOS.Recorder.UnitTests\bin\x64\Debug\net472\VideoOS.Recorder.UnitTests.dll" adapterTypeName="executor://mstestadapter/v2" className="VideoOS.Recorder.UnitTests.Command.UpdateHardwareCommandTest" name="UpdateHardwareStateTrue_vStartHardware_HardwareNotFound_ErrorResponse" />
    </UnitTest>
    <UnitTest name="ConnectSuccess_PrevException" storage="d:\actions-runner\_work\xpco\xpco\corporate\recordingserver\recorderservice\tst\videoos.recorder.unittests\bin\x64\debug\net472\videoos.recorder.unittests.dll" id="f3b1809e-1619-85f3-0ae7-a527d75ebf27">
      <Execution id="edf2c0ac-d12e-42f0-9cc6-f91b366d067a" />
      <TestMethod codeBase="D:\actions-runner\_work\XPCO\XPCO\Corporate\RecordingServer\RecorderService\tst\VideoOS.Recorder.UnitTests\bin\x64\Debug\net472\VideoOS.Recorder.UnitTests.dll" adapterTypeName="executor://mstestadapter/v2" className="VideoOS.Recorder.UnitTests.WebServer.ImageServerRequestHandlerTests" name="ConnectSuccess_PrevException" />
    </UnitTest>
    <UnitTest name="RequestArchiveInformation_StorageIDMapping_GUIDs_Single" storage="d:\actions-runner\_work\xpco\xpco\corporate\recordingserver\recorderservice\tst\videoos.recorder.unittests\bin\x64\debug\net472\videoos.recorder.unittests.dll" id="f25d7491-ccd4-a205-5a6c-7c01a0e574bc">
      <Execution id="7745275f-cd5a-4815-831f-4b0eb43599b8" />
      <TestMethod codeBase="D:\actions-runner\_work\XPCO\XPCO\Corporate\RecordingServer\RecorderService\tst\VideoOS.Recorder.UnitTests\bin\x64\Debug\net472\VideoOS.Recorder.UnitTests.dll" adapterTypeName="executor://mstestadapter/v2" className="VideoOS.Recorder.UnitTests.ObjectModel.MediaDbManagerUnitTests" name="RequestArchiveInformation_StorageIDMapping_GUIDs_Single" />
    </UnitTest>
    <UnitTest name="SetConfiguration_Enable_Success" storage="d:\actions-runner\_work\xpco\xpco\corporate\recordingserver\recorderservice\tst\videoos.recorder.unittests\bin\x64\debug\net472\videoos.recorder.unittests.dll" id="dc3b414d-3101-de67-81a3-912339301d06">
      <Execution id="6eb949f7-1c5f-47b2-8332-0d83b5233ee9" />
      <TestMethod codeBase="D:\actions-runner\_work\XPCO\XPCO\Corporate\RecordingServer\RecorderService\tst\VideoOS.Recorder.UnitTests\bin\x64\Debug\net472\VideoOS.Recorder.UnitTests.dll" adapterTypeName="executor://mstestadapter/v2" className="VideoOS.Recorder.UnitTests.Multicast.LiveMulticastProcessorUnitTests" name="SetConfiguration_Enable_Success" />
    </UnitTest>
    <UnitTest name="SOAPCommandRequestHandler_ExecuteFunction_HandlePTZReserveSession_Not_Licensed" storage="d:\actions-runner\_work\xpco\xpco\corporate\recordingserver\recorderservice\tst\videoos.recorder.unittests\bin\x64\debug\net472\videoos.recorder.unittests.dll" id="af873b35-5308-6a10-7a0f-62e9eb150c88">
      <Execution id="fb335627-ad73-4018-97c7-70c61f4e65f1" />
      <TestMethod codeBase="D:\actions-runner\_work\XPCO\XPCO\Corporate\RecordingServer\RecorderService\tst\VideoOS.Recorder.UnitTests\bin\x64\Debug\net472\VideoOS.Recorder.UnitTests.dll" adapterTypeName="executor://mstestadapter/v2" className="VideoOS.Recorder.UnitTests.WebServer.SOAPCommandRequestHandlerTests" name="SOAPCommandRequestHandler_ExecuteFunction_HandlePTZReserveSession_Not_Licensed" />
    </UnitTest>
    <UnitTest name="Transform_To_Version_1_Success" storage="d:\actions-runner\_work\xpco\xpco\corporate\recordingserver\recorderservice\tst\videoos.recorder.unittests\bin\x64\debug\net472\videoos.recorder.unittests.dll" id="0425d33d-d313-8cac-6e0d-c9f04bddf17e">
      <Execution id="be0b241b-612a-4bb7-822c-ab41d8a04943" />
      <TestMethod codeBase="D:\actions-runner\_work\XPCO\XPCO\Corporate\RecordingServer\RecorderService\tst\VideoOS.Recorder.UnitTests\bin\x64\Debug\net472\VideoOS.Recorder.UnitTests.dll" adapterTypeName="executor://mstestadapter/v2" className="VideoOS.Recorder.UnitTests.WebServer.PrivacyMaskTransportConverterUnitTests" name="Transform_To_Version_1_Success" />
    </UnitTest>
    <UnitTest name="SOAPCommandRequestHandler_ExecuteFunction_HandleMulticastStart_No_Multicast_Address_Available" storage="d:\actions-runner\_work\xpco\xpco\corporate\recordingserver\recorderservice\tst\videoos.recorder.unittests\bin\x64\debug\net472\videoos.recorder.unittests.dll" id="9fe1fe9c-cbb3-4f36-d0e4-20d8d6fee849">
      <Execution id="632a51bb-1967-432c-af39-d4ca3df87a1a" />
      <TestMethod codeBase="D:\actions-runner\_work\XPCO\XPCO\Corporate\RecordingServer\RecorderService\tst\VideoOS.Recorder.UnitTests\bin\x64\Debug\net472\VideoOS.Recorder.UnitTests.dll" adapterTypeName="executor://mstestadapter/v2" className="VideoOS.Recorder.UnitTests.WebServer.SOAPCommandRequestHandlerTests" name="SOAPCommandRequestHandler_ExecuteFunction_HandleMulticastStart_No_Multicast_Address_Available" />
    </UnitTest>
    <UnitTest name="SOAPCommandRequestHandler_ExecuteFunction_HandleJPEGGetLive_NoMaxWidth" storage="d:\actions-runner\_work\xpco\xpco\corporate\recordingserver\recorderservice\tst\videoos.recorder.unittests\bin\x64\debug\net472\videoos.recorder.unittests.dll" id="beaefab0-f0d9-309a-799d-baac55390a2c">
      <Execution id="06f2f9f5-5e81-4eb6-98ad-a0ad90d4529d" />
      <TestMethod codeBase="D:\actions-runner\_work\XPCO\XPCO\Corporate\RecordingServer\RecorderService\tst\VideoOS.Recorder.UnitTests\bin\x64\Debug\net472\VideoOS.Recorder.UnitTests.dll" adapterTypeName="executor://mstestadapter/v2" className="VideoOS.Recorder.UnitTests.WebServer.SOAPCommandRequestHandlerTests" name="SOAPCommandRequestHandler_ExecuteFunction_HandleJPEGGetLive_NoMaxWidth" />
    </UnitTest>
    <UnitTest name="CheckForLiveAndOrphanTables_ExtraTableOnDisk" storage="d:\actions-runner\_work\xpco\xpco\corporate\recordingserver\recorderservice\tst\videoos.recorder.unittests\bin\x64\debug\net472\videoos.recorder.unittests.dll" id="d4f4e92a-dc76-e58b-8cc9-8f2b907c3c26">
      <Execution id="82cfb200-a9e5-4514-a83c-e32dff2227f3" />
      <TestMethod codeBase="D:\actions-runner\_work\XPCO\XPCO\Corporate\RecordingServer\RecorderService\tst\VideoOS.Recorder.UnitTests\bin\x64\Debug\net472\VideoOS.Recorder.UnitTests.dll" adapterTypeName="executor://mstestadapter/v2" className="VideoOS.Recorder.UnitTests.ObjectModel.MediaDbManagerUnitTests" name="CheckForLiveAndOrphanTables_ExtraTableOnDisk" />
    </UnitTest>
    <UnitTest name="ConnectSuccess_PrevWithTime" storage="d:\actions-runner\_work\xpco\xpco\corporate\recordingserver\recorderservice\tst\videoos.recorder.unittests\bin\x64\debug\net472\videoos.recorder.unittests.dll" id="6c44ac14-3993-67eb-0f37-7fe6d2032bb1">
      <Execution id="f25fa701-8d73-4d1d-ba95-3ebeb42fe2b9" />
      <TestMethod codeBase="D:\actions-runner\_work\XPCO\XPCO\Corporate\RecordingServer\RecorderService\tst\VideoOS.Recorder.UnitTests\bin\x64\Debug\net472\VideoOS.Recorder.UnitTests.dll" adapterTypeName="executor://mstestadapter/v2" className="VideoOS.Recorder.UnitTests.WebServer.ImageServerRequestHandlerTests" name="ConnectSuccess_PrevWithTime" />
    </UnitTest>
    <UnitTest name="RepairSessionEnded_Success" storage="d:\actions-runner\_work\xpco\xpco\corporate\recordingserver\recorderservice\tst\videoos.recorder.unittests\bin\x64\debug\net472\videoos.recorder.unittests.dll" id="fba79d8b-e84a-e36b-1d55-e7660c252582">
      <Execution id="60b4ae95-b76e-4207-9ab4-b507383fcbc7" />
      <TestMethod codeBase="D:\actions-runner\_work\XPCO\XPCO\Corporate\RecordingServer\RecorderService\tst\VideoOS.Recorder.UnitTests\bin\x64\Debug\net472\VideoOS.Recorder.UnitTests.dll" adapterTypeName="executor://mstestadapter/v2" className="VideoOS.Recorder.UnitTests.MediaDbEventProcessorTests" name="RepairSessionEnded_Success" />
    </UnitTest>
    <UnitTest name="GetDatabaseInfo_ArchiveStorageFound_ArchiveHintTrue" storage="d:\actions-runner\_work\xpco\xpco\corporate\recordingserver\recorderservice\tst\videoos.recorder.unittests\bin\x64\debug\net472\videoos.recorder.unittests.dll" id="c9721db4-263a-a42c-b864-143ef056e3dc">
      <Execution id="61de89c9-b85b-43a8-9ca3-3bace623a7dd" />
      <TestMethod codeBase="D:\actions-runner\_work\XPCO\XPCO\Corporate\RecordingServer\RecorderService\tst\VideoOS.Recorder.UnitTests\bin\x64\Debug\net472\VideoOS.Recorder.UnitTests.dll" adapterTypeName="executor://mstestadapter/v2" className="VideoOS.Recorder.UnitTests.MediaDbEventProcessorTests" name="GetDatabaseInfo_ArchiveStorageFound_ArchiveHintTrue" />
    </UnitTest>
    <UnitTest name="IsInRange_ShouldReturnTrue_WhenAddressEqualsStart" storage="d:\actions-runner\_work\xpco\xpco\corporate\recordingserver\recorderservice\tst\videoos.recorder.unittests\bin\x64\debug\net472\videoos.recorder.unittests.dll" id="9980dec0-82bb-5e66-a266-90f6e092092e">
      <Execution id="2b249099-cb8a-4726-af64-857c30f7efae" />
      <TestMethod codeBase="D:\actions-runner\_work\XPCO\XPCO\Corporate\RecordingServer\RecorderService\tst\VideoOS.Recorder.UnitTests\bin\x64\Debug\net472\VideoOS.Recorder.UnitTests.dll" adapterTypeName="executor://mstestadapter/v2" className="VideoOS.Recorder.UnitTests.DeviceDiscovery.MipDriversDiscoveryTaskTests" name="IsInRange_ShouldReturnTrue_WhenAddressEqualsStart" />
    </UnitTest>
    <UnitTest name="EnhanceSettings_EmptyStringPrivacyMask" storage="d:\actions-runner\_work\xpco\xpco\corporate\recordingserver\recorderservice\tst\videoos.recorder.unittests\bin\x64\debug\net472\videoos.recorder.unittests.dll" id="bb43b1e4-ae50-26df-7d07-45d3d47ce979">
      <Owners>
        <Owner name="FT06" />
      </Owners>
      <Execution id="937bd99b-23cb-41ad-a6a2-80b7e5393f8e" />
      <TestMethod codeBase="D:\actions-runner\_work\XPCO\XPCO\Corporate\RecordingServer\RecorderService\tst\VideoOS.Recorder.UnitTests\bin\x64\Debug\net472\VideoOS.Recorder.UnitTests.dll" adapterTypeName="executor://mstestadapter/v2" className="VideoOS.Recorder.UnitTests.ObjectModel.Processors.PluginSettingsEnhancerTest" name="EnhanceSettings_EmptyStringPrivacyMask" />
    </UnitTest>
    <UnitTest name="DatabaseTaskCommandHandler_DatabaseArchiveOperationMonitor_SinglePass_NotFound" storage="d:\actions-runner\_work\xpco\xpco\corporate\recordingserver\recorderservice\tst\videoos.recorder.unittests\bin\x64\debug\net472\videoos.recorder.unittests.dll" id="69b0a1eb-cc0a-0925-ce77-fdd05c6f8307">
      <Execution id="e1203d47-cc4c-42a9-864e-4c83f86bd6e4" />
      <TestMethod codeBase="D:\actions-runner\_work\XPCO\XPCO\Corporate\RecordingServer\RecorderService\tst\VideoOS.Recorder.UnitTests\bin\x64\Debug\net472\VideoOS.Recorder.UnitTests.dll" adapterTypeName="executor://mstestadapter/v2" className="VideoOS.Recorder.UnitTests.Command.DatabaseTaskCommandHandlerTest" name="DatabaseTaskCommandHandler_DatabaseArchiveOperationMonitor_SinglePass_NotFound" />
    </UnitTest>
    <UnitTest name="CreateSettingsForInitializeHardwareAndDeviceSettings_Null_Throws_ArgumentNullException" storage="d:\actions-runner\_work\xpco\xpco\corporate\recordingserver\recorderservice\tst\videoos.recorder.unittests\bin\x64\debug\net472\videoos.recorder.unittests.dll" id="e3a9f397-1160-5f7c-0483-55beba4711e5">
      <Execution id="c973da06-620a-484f-a2fd-bdd361a48ce8" />
      <TestMethod codeBase="D:\actions-runner\_work\XPCO\XPCO\Corporate\RecordingServer\RecorderService\tst\VideoOS.Recorder.UnitTests\bin\x64\Debug\net472\VideoOS.Recorder.UnitTests.dll" adapterTypeName="executor://mstestadapter/v2" className="VideoOS.Recorder.UnitTests.ConfigurationDatasetHolderUnitTests" name="CreateSettingsForInitializeHardwareAndDeviceSettings_Null_Throws_ArgumentNullException" />
    </UnitTest>
    <UnitTest name="CollectMediaStatusCommandHandler_Recorder_IsStopping" storage="d:\actions-runner\_work\xpco\xpco\corporate\recordingserver\recorderservice\tst\videoos.recorder.unittests\bin\x64\debug\net472\videoos.recorder.unittests.dll" id="a9e58e7f-7a7f-5425-834a-d183b2ff7faf">
      <Execution id="d6af087c-111e-4a0a-afce-f9d677a5257b" />
      <TestMethod codeBase="D:\actions-runner\_work\XPCO\XPCO\Corporate\RecordingServer\RecorderService\tst\VideoOS.Recorder.UnitTests\bin\x64\Debug\net472\VideoOS.Recorder.UnitTests.dll" adapterTypeName="executor://mstestadapter/v2" className="VideoOS.Recorder.UnitTests.Command.CollectMediaStatusCommandHandlerTests" name="CollectMediaStatusCommandHandler_Recorder_IsStopping" />
    </UnitTest>
    <UnitTest name="MediaDbConfigurationWriter_WriteBankDescriptionConfiguration" storage="d:\actions-runner\_work\xpco\xpco\corporate\recordingserver\recorderservice\tst\videoos.recorder.unittests\bin\x64\debug\net472\videoos.recorder.unittests.dll" id="8b0936f0-4e55-fe7e-b036-f0392c76237f">
      <Execution id="6ed00a0c-63d2-489f-bde2-2919c27db785" />
      <TestMethod codeBase="D:\actions-runner\_work\XPCO\XPCO\Corporate\RecordingServer\RecorderService\tst\VideoOS.Recorder.UnitTests\bin\x64\Debug\net472\VideoOS.Recorder.UnitTests.dll" adapterTypeName="executor://mstestadapter/v2" className="VideoOS.Recorder.UnitTests.Database.MediaDbConfigurationWriterUnitTests" name="MediaDbConfigurationWriter_WriteBankDescriptionConfiguration" />
    </UnitTest>
    <UnitTest name="MediaDbCache_GetDiskUsageInformationBank_Zero_Seconds_Timeout_Nothing_Cached" storage="d:\actions-runner\_work\xpco\xpco\corporate\recordingserver\recorderservice\tst\videoos.recorder.unittests\bin\x64\debug\net472\videoos.recorder.unittests.dll" id="c93a2b4c-45af-2a1f-886b-18baadc149d2">
      <Execution id="f6acfc20-583e-4bd4-800a-c7ad10f40515" />
      <TestMethod codeBase="D:\actions-runner\_work\XPCO\XPCO\Corporate\RecordingServer\RecorderService\tst\VideoOS.Recorder.UnitTests\bin\x64\Debug\net472\VideoOS.Recorder.UnitTests.dll" adapterTypeName="executor://mstestadapter/v2" className="VideoOS.Recorder.UnitTests.Database.MediaDbCacheUnitTests" name="MediaDbCache_GetDiskUsageInformationBank_Zero_Seconds_Timeout_Nothing_Cached" />
    </UnitTest>
    <UnitTest name="SOAPCommandRequestHandler_ExecuteFunction_HandleMulticastStart_User_Has_Permission" storage="d:\actions-runner\_work\xpco\xpco\corporate\recordingserver\recorderservice\tst\videoos.recorder.unittests\bin\x64\debug\net472\videoos.recorder.unittests.dll" id="cfae43cc-8a12-c2f5-05c8-4f9184442cde">
      <Execution id="492fa373-3d98-4d39-885f-2fd9b1cee502" />
      <TestMethod codeBase="D:\actions-runner\_work\XPCO\XPCO\Corporate\RecordingServer\RecorderService\tst\VideoOS.Recorder.UnitTests\bin\x64\Debug\net472\VideoOS.Recorder.UnitTests.dll" adapterTypeName="executor://mstestadapter/v2" className="VideoOS.Recorder.UnitTests.WebServer.SOAPCommandRequestHandlerTests" name="SOAPCommandRequestHandler_ExecuteFunction_HandleMulticastStart_User_Has_Permission" />
    </UnitTest>
    <UnitTest name="CollectMediaStatusCommandHandler_No_Media" storage="d:\actions-runner\_work\xpco\xpco\corporate\recordingserver\recorderservice\tst\videoos.recorder.unittests\bin\x64\debug\net472\videoos.recorder.unittests.dll" id="853dc122-c8bc-62c4-644e-6c66fe778993">
      <Execution id="3c2c6098-76f3-42b5-b05c-a4efe762fc5b" />
      <TestMethod codeBase="D:\actions-runner\_work\XPCO\XPCO\Corporate\RecordingServer\RecorderService\tst\VideoOS.Recorder.UnitTests\bin\x64\Debug\net472\VideoOS.Recorder.UnitTests.dll" adapterTypeName="executor://mstestadapter/v2" className="VideoOS.Recorder.UnitTests.Command.CollectMediaStatusCommandHandlerTests" name="CollectMediaStatusCommandHandler_No_Media" />
    </UnitTest>
    <UnitTest name="GetAbsolutePtzPositionCommandHandler_Execute_Absolute_Position_Not_Supported" storage="d:\actions-runner\_work\xpco\xpco\corporate\recordingserver\recorderservice\tst\videoos.recorder.unittests\bin\x64\debug\net472\videoos.recorder.unittests.dll" id="95504db4-614a-748b-50bb-8b0f96d3ff0f">
      <Execution id="160a13d9-166c-4924-9b75-12c0bbde15fb" />
      <TestMethod codeBase="D:\actions-runner\_work\XPCO\XPCO\Corporate\RecordingServer\RecorderService\tst\VideoOS.Recorder.UnitTests\bin\x64\Debug\net472\VideoOS.Recorder.UnitTests.dll" adapterTypeName="executor://mstestadapter/v2" className="VideoOS.Recorder.UnitTests.Command.GetAbsolutePtzPositionCommandHandlerTest" name="GetAbsolutePtzPositionCommandHandler_Execute_Absolute_Position_Not_Supported" />
    </UnitTest>
    <UnitTest name="PtzStopSessionCommandHandler_Execute_PtzException_Other" storage="d:\actions-runner\_work\xpco\xpco\corporate\recordingserver\recorderservice\tst\videoos.recorder.unittests\bin\x64\debug\net472\videoos.recorder.unittests.dll" id="5c61ff5c-238c-d02c-d5b3-5af0c28df32d">
      <Execution id="711aa155-b7ea-425b-a5b1-ef311dafa1a2" />
      <TestMethod codeBase="D:\actions-runner\_work\XPCO\XPCO\Corporate\RecordingServer\RecorderService\tst\VideoOS.Recorder.UnitTests\bin\x64\Debug\net472\VideoOS.Recorder.UnitTests.dll" adapterTypeName="executor://mstestadapter/v2" className="VideoOS.Recorder.UnitTests.Command.PtzStopSessionCommandHandlerTest" name="PtzStopSessionCommandHandler_Execute_PtzException_Other" />
    </UnitTest>
    <UnitTest name="UpdateHardwareReadOnlySettingsAsync_ConnectedAndCompatible_ShouldNotThrowAnException" storage="d:\actions-runner\_work\xpco\xpco\corporate\recordingserver\recorderservice\tst\videoos.recorder.unittests\bin\x64\debug\net472\videoos.recorder.unittests.dll" id="09b9ba02-0efe-7368-101b-c3520546f0b5">
      <Execution id="c9fae155-2a99-423f-b343-be521589dd5e" />
      <TestMethod codeBase="D:\actions-runner\_work\XPCO\XPCO\Corporate\RecordingServer\RecorderService\tst\VideoOS.Recorder.UnitTests\bin\x64\Debug\net472\VideoOS.Recorder.UnitTests.dll" adapterTypeName="executor://mstestadapter/v2" className="VideoOS.Recorder.UnitTests.CommManagerWebApiTests" name="UpdateHardwareReadOnlySettingsAsync_ConnectedAndCompatible_ShouldNotThrowAnException" />
    </UnitTest>
    <UnitTest name="PtzPatrollingSessionBase_ControllerDoReachedEndPositionTask_Success" storage="d:\actions-runner\_work\xpco\xpco\corporate\recordingserver\recorderservice\tst\videoos.recorder.unittests\bin\x64\debug\net472\videoos.recorder.unittests.dll" id="1576b950-f80c-8d73-f397-fd5016206cf2">
      <Execution id="ef3a9886-d81a-4e42-9228-c4ee7ae9b88c" />
      <TestMethod codeBase="D:\actions-runner\_work\XPCO\XPCO\Corporate\RecordingServer\RecorderService\tst\VideoOS.Recorder.UnitTests\bin\x64\Debug\net472\VideoOS.Recorder.UnitTests.dll" adapterTypeName="executor://mstestadapter/v2" className="VideoOS.Recorder.UnitTests.Command.PtzSessionsTests" name="PtzPatrollingSessionBase_ControllerDoReachedEndPositionTask_Success" />
    </UnitTest>
    <UnitTest name="EnhanceSettings_NullPrivacyMask" storage="d:\actions-runner\_work\xpco\xpco\corporate\recordingserver\recorderservice\tst\videoos.recorder.unittests\bin\x64\debug\net472\videoos.recorder.unittests.dll" id="d65ad4a0-099c-7bd2-65ed-8047fa6d2e1d">
      <Owners>
        <Owner name="FT06" />
      </Owners>
      <Execution id="ee4f78dd-3d56-4131-a353-c3dc432605cd" />
      <TestMethod codeBase="D:\actions-runner\_work\XPCO\XPCO\Corporate\RecordingServer\RecorderService\tst\VideoOS.Recorder.UnitTests\bin\x64\Debug\net472\VideoOS.Recorder.UnitTests.dll" adapterTypeName="executor://mstestadapter/v2" className="VideoOS.Recorder.UnitTests.ObjectModel.Processors.PluginSettingsEnhancerTest" name="EnhanceSettings_NullPrivacyMask" />
    </UnitTest>
    <UnitTest name="PtzReserveSession_ModelIsNull_BadRequestResult" storage="d:\actions-runner\_work\xpco\xpco\corporate\recordingserver\recorderservice\tst\videoos.recorder.unittests\bin\x64\debug\net472\videoos.recorder.unittests.dll" id="685bc8ee-252a-0624-eee7-fce25eb39cdd">
      <Execution id="42d896c0-968b-4879-9f5d-f7a38ad18a94" />
      <TestMethod codeBase="D:\actions-runner\_work\XPCO\XPCO\Corporate\RecordingServer\RecorderService\tst\VideoOS.Recorder.UnitTests\bin\x64\Debug\net472\VideoOS.Recorder.UnitTests.dll" adapterTypeName="executor://mstestadapter/v2" className="VideoOS.Recorder.UnitTests.PtzControllerTests" name="PtzReserveSession_ModelIsNull_BadRequestResult" />
    </UnitTest>
    <UnitTest name="UpdateConfigurationFromDiffGram_Enable_Success" storage="d:\actions-runner\_work\xpco\xpco\corporate\recordingserver\recorderservice\tst\videoos.recorder.unittests\bin\x64\debug\net472\videoos.recorder.unittests.dll" id="676da098-943f-606b-3ca8-01773813a201">
      <Execution id="6c1efcf4-fff7-4255-ac2b-54f2e71d66e2" />
      <TestMethod codeBase="D:\actions-runner\_work\XPCO\XPCO\Corporate\RecordingServer\RecorderService\tst\VideoOS.Recorder.UnitTests\bin\x64\Debug\net472\VideoOS.Recorder.UnitTests.dll" adapterTypeName="executor://mstestadapter/v2" className="VideoOS.Recorder.UnitTests.Multicast.LiveMulticastProcessorUnitTests" name="UpdateConfigurationFromDiffGram_Enable_Success" />
    </UnitTest>
    <UnitTest name="DeleteHardwareUserCommandHandler_Execute_NoAccess_Error" storage="d:\actions-runner\_work\xpco\xpco\corporate\recordingserver\recorderservice\tst\videoos.recorder.unittests\bin\x64\debug\net472\videoos.recorder.unittests.dll" id="f7d720fb-6680-8f75-f55b-8e297214e998">
      <Execution id="fcbfcb18-a35b-48c4-beac-7fc2b2c636d5" />
      <TestMethod codeBase="D:\actions-runner\_work\XPCO\XPCO\Corporate\RecordingServer\RecorderService\tst\VideoOS.Recorder.UnitTests\bin\x64\Debug\net472\VideoOS.Recorder.UnitTests.dll" adapterTypeName="executor://mstestadapter/v2" className="VideoOS.Recorder.UnitTests.Command.DeleteHardwareUserCommandHandlerTest" name="DeleteHardwareUserCommandHandler_Execute_NoAccess_Error" />
    </UnitTest>
    <UnitTest name="UpdateHardwareStateTrue_StartHardware_HardwareReadOnly_SuccessResponse" storage="d:\actions-runner\_work\xpco\xpco\corporate\recordingserver\recorderservice\tst\videoos.recorder.unittests\bin\x64\debug\net472\videoos.recorder.unittests.dll" id="ba5d9fe4-26ed-b4f6-b3fd-cbabc026143c">
      <Execution id="05b585b2-f6c9-4b2f-baf9-6521249f5cbe" />
      <TestMethod codeBase="D:\actions-runner\_work\XPCO\XPCO\Corporate\RecordingServer\RecorderService\tst\VideoOS.Recorder.UnitTests\bin\x64\Debug\net472\VideoOS.Recorder.UnitTests.dll" adapterTypeName="executor://mstestadapter/v2" className="VideoOS.Recorder.UnitTests.Command.UpdateHardwareCommandTest" name="UpdateHardwareStateTrue_StartHardware_HardwareReadOnly_SuccessResponse" />
    </UnitTest>
    <UnitTest name="EdgeStorageLimitsManagerGetLimitsSameInstance" storage="d:\actions-runner\_work\xpco\xpco\corporate\recordingserver\recorderservice\tst\videoos.recorder.unittests\bin\x64\debug\net472\videoos.recorder.unittests.dll" id="753586d4-f076-28db-e6f6-02c52a229d0e">
      <TestCategory>
        <TestCategoryItem TestCategory="EdgeStorageLimits" />
      </TestCategory>
      <Execution id="225e64f7-f3a7-4444-9cf8-960d4d36850a" />
      <TestMethod codeBase="D:\actions-runner\_work\XPCO\XPCO\Corporate\RecordingServer\RecorderService\tst\VideoOS.Recorder.UnitTests\bin\x64\Debug\net472\VideoOS.Recorder.UnitTests.dll" adapterTypeName="executor://mstestadapter/v2" className="VideoOS.Recorder.UnitTests.EdgeStorage.EdgeStorageLimitTests" name="EdgeStorageLimitsManagerGetLimitsSameInstance" />
    </UnitTest>
    <UnitTest name="SetupInitialHardwareUserCommandHandler_Execute_SetupUser_ThrowsUserHandlingOperationalOtherError_Errors" storage="d:\actions-runner\_work\xpco\xpco\corporate\recordingserver\recorderservice\tst\videoos.recorder.unittests\bin\x64\debug\net472\videoos.recorder.unittests.dll" id="992a84e9-d69e-6a2a-f3dc-f6ad5de98e90">
      <Execution id="8cc4df73-b6bf-495c-920e-350eef45fee9" />
      <TestMethod codeBase="D:\actions-runner\_work\XPCO\XPCO\Corporate\RecordingServer\RecorderService\tst\VideoOS.Recorder.UnitTests\bin\x64\Debug\net472\VideoOS.Recorder.UnitTests.dll" adapterTypeName="executor://mstestadapter/v2" className="VideoOS.Recorder.UnitTests.Command.SetupInitialHardwareUserCommandHandlerUnitTests" name="SetupInitialHardwareUserCommandHandler_Execute_SetupUser_ThrowsUserHandlingOperationalOtherError_Errors" />
    </UnitTest>
    <UnitTest name="PtzManager_ResumePatrolling_Success" storage="d:\actions-runner\_work\xpco\xpco\corporate\recordingserver\recorderservice\tst\videoos.recorder.unittests\bin\x64\debug\net472\videoos.recorder.unittests.dll" id="2a8b5025-8035-6703-b6b8-efe30b305967">
      <Execution id="c364b572-c4c5-4761-a80c-269cb74e2833" />
      <TestMethod codeBase="D:\actions-runner\_work\XPCO\XPCO\Corporate\RecordingServer\RecorderService\tst\VideoOS.Recorder.UnitTests\bin\x64\Debug\net472\VideoOS.Recorder.UnitTests.dll" adapterTypeName="executor://mstestadapter/v2" className="VideoOS.Recorder.UnitTests.Command.PtzManagerTests" name="PtzManager_ResumePatrolling_Success" />
    </UnitTest>
    <UnitTest name="PrepareMoveHardwareCommand_IsValid_NoContent" storage="d:\actions-runner\_work\xpco\xpco\corporate\recordingserver\recorderservice\tst\videoos.recorder.unittests\bin\x64\debug\net472\videoos.recorder.unittests.dll" id="4821e241-63ac-6b84-73a3-ef60d233c640">
      <Execution id="8b374d84-9101-4b3c-a01a-972a1850938e" />
      <TestMethod codeBase="D:\actions-runner\_work\XPCO\XPCO\Corporate\RecordingServer\RecorderService\tst\VideoOS.Recorder.UnitTests\bin\x64\Debug\net472\VideoOS.Recorder.UnitTests.dll" adapterTypeName="executor://mstestadapter/v2" className="VideoOS.Recorder.UnitTests.HardwareControllerTests" name="PrepareMoveHardwareCommand_IsValid_NoContent" />
    </UnitTest>
    <UnitTest name="QueryDeviceEvidenceLockSizes_PostCommandIsValid_NoContent" storage="d:\actions-runner\_work\xpco\xpco\corporate\recordingserver\recorderservice\tst\videoos.recorder.unittests\bin\x64\debug\net472\videoos.recorder.unittests.dll" id="29b5836d-082b-f72d-cb89-131afc3a7659">
      <Execution id="e84374d5-5961-4a61-b533-b2378d023602" />
      <TestMethod codeBase="D:\actions-runner\_work\XPCO\XPCO\Corporate\RecordingServer\RecorderService\tst\VideoOS.Recorder.UnitTests\bin\x64\Debug\net472\VideoOS.Recorder.UnitTests.dll" adapterTypeName="executor://mstestadapter/v2" className="VideoOS.Recorder.UnitTests.DatabaseControllerTests" name="QueryDeviceEvidenceLockSizes_PostCommandIsValid_NoContent" />
    </UnitTest>
    <UnitTest name="CheckForLiveAndOrphanTables_TableConfiguredInDifferentStorage" storage="d:\actions-runner\_work\xpco\xpco\corporate\recordingserver\recorderservice\tst\videoos.recorder.unittests\bin\x64\debug\net472\videoos.recorder.unittests.dll" id="5ac31739-6e7f-cf7e-2625-b7a5bd2288af">
      <Execution id="a6f6f739-2fae-4209-9fdc-8014c7d5e246" />
      <TestMethod codeBase="D:\actions-runner\_work\XPCO\XPCO\Corporate\RecordingServer\RecorderService\tst\VideoOS.Recorder.UnitTests\bin\x64\Debug\net472\VideoOS.Recorder.UnitTests.dll" adapterTypeName="executor://mstestadapter/v2" className="VideoOS.Recorder.UnitTests.ObjectModel.MediaDbManagerUnitTests" name="CheckForLiveAndOrphanTables_TableConfiguredInDifferentStorage" />
    </UnitTest>
    <UnitTest name="PtzManager_UpdateConfigurationFromDiffGram_Delete_Success" storage="d:\actions-runner\_work\xpco\xpco\corporate\recordingserver\recorderservice\tst\videoos.recorder.unittests\bin\x64\debug\net472\videoos.recorder.unittests.dll" id="cc536d6d-01cd-6fef-5aac-e8cd3f410d15">
      <Execution id="3c867b39-ab67-4922-ad84-44f5aafcc2ec" />
      <TestMethod codeBase="D:\actions-runner\_work\XPCO\XPCO\Corporate\RecordingServer\RecorderService\tst\VideoOS.Recorder.UnitTests\bin\x64\Debug\net472\VideoOS.Recorder.UnitTests.dll" adapterTypeName="executor://mstestadapter/v2" className="VideoOS.Recorder.UnitTests.Command.PtzManagerTests" name="PtzManager_UpdateConfigurationFromDiffGram_Delete_Success" />
    </UnitTest>
    <UnitTest name="HardwareSetupInformationCommandHandler_Execute_DuplicateMac_NotAllowed_HardwareAlreadyAddedResponse" storage="d:\actions-runner\_work\xpco\xpco\corporate\recordingserver\recorderservice\tst\videoos.recorder.unittests\bin\x64\debug\net472\videoos.recorder.unittests.dll" id="bb90bd9a-cf89-39ae-1cb2-a7c97b306676">
      <Execution id="94b3098a-13b0-4d64-aeb1-4855280eb1c8" />
      <TestMethod codeBase="D:\actions-runner\_work\XPCO\XPCO\Corporate\RecordingServer\RecorderService\tst\VideoOS.Recorder.UnitTests\bin\x64\Debug\net472\VideoOS.Recorder.UnitTests.dll" adapterTypeName="executor://mstestadapter/v2" className="VideoOS.Recorder.UnitTests.Command.HardwareSetupInformationCommandHandlerUnitTests" name="HardwareSetupInformationCommandHandler_Execute_DuplicateMac_NotAllowed_HardwareAlreadyAddedResponse" />
    </UnitTest>
    <UnitTest name="RepairInfo_ParseRepairInfoXml_ValidXml_ParsesProgressAndTime" storage="d:\actions-runner\_work\xpco\xpco\corporate\recordingserver\recorderservice\tst\videoos.recorder.unittests\bin\x64\debug\net472\videoos.recorder.unittests.dll" id="a66ac296-b042-4c15-5b42-8c32ecdc27df">
      <Execution id="3c28e713-2f58-47fe-b5e6-bed056ef01ab" />
      <TestMethod codeBase="D:\actions-runner\_work\XPCO\XPCO\Corporate\RecordingServer\RecorderService\tst\VideoOS.Recorder.UnitTests\bin\x64\Debug\net472\VideoOS.Recorder.UnitTests.dll" adapterTypeName="executor://mstestadapter/v2" className="VideoOS.Recorder.UnitTests.Database.RepairInfoUnitTests" name="RepairInfo_ParseRepairInfoXml_ValidXml_ParsesProgressAndTime" />
    </UnitTest>
    <UnitTest name="CreateSettingsForInitializeHardwareAndDeviceSettings_NoInitAttributes_Return_NoSettings" storage="d:\actions-runner\_work\xpco\xpco\corporate\recordingserver\recorderservice\tst\videoos.recorder.unittests\bin\x64\debug\net472\videoos.recorder.unittests.dll" id="14909b23-ea85-673c-9740-06a78103c898">
      <Execution id="b1ac5d2b-91b0-4c2a-a583-d08c501aad84" />
      <TestMethod codeBase="D:\actions-runner\_work\XPCO\XPCO\Corporate\RecordingServer\RecorderService\tst\VideoOS.Recorder.UnitTests\bin\x64\Debug\net472\VideoOS.Recorder.UnitTests.dll" adapterTypeName="executor://mstestadapter/v2" className="VideoOS.Recorder.UnitTests.ConfigurationDatasetHolderUnitTests" name="CreateSettingsForInitializeHardwareAndDeviceSettings_NoInitAttributes_Return_NoSettings" />
    </UnitTest>
    <UnitTest name="GetHardwareUsersCommandHandler_Execute_NullArgs_Throws" storage="d:\actions-runner\_work\xpco\xpco\corporate\recordingserver\recorderservice\tst\videoos.recorder.unittests\bin\x64\debug\net472\videoos.recorder.unittests.dll" id="b0d093d0-270e-e21c-eccf-9a8b90e8a5d8">
      <Execution id="970cad92-fa59-4b4d-9113-4b98b13358be" />
      <TestMethod codeBase="D:\actions-runner\_work\XPCO\XPCO\Corporate\RecordingServer\RecorderService\tst\VideoOS.Recorder.UnitTests\bin\x64\Debug\net472\VideoOS.Recorder.UnitTests.dll" adapterTypeName="executor://mstestadapter/v2" className="VideoOS.Recorder.UnitTests.Command.GetHardwareUsersCommandHandlerUnitTests" name="GetHardwareUsersCommandHandler_Execute_NullArgs_Throws" />
    </UnitTest>
    <UnitTest name="SOAPCommandRequestHandler_ExecuteFunction_HandleGetRetentionTimeLimit_NoDeviceId" storage="d:\actions-runner\_work\xpco\xpco\corporate\recordingserver\recorderservice\tst\videoos.recorder.unittests\bin\x64\debug\net472\videoos.recorder.unittests.dll" id="c53abf88-1d6c-5205-d2fa-49c2d1d2fa27">
      <Execution id="f2dc8ba5-8586-45c6-9ec0-80ed86660de2" />
      <TestMethod codeBase="D:\actions-runner\_work\XPCO\XPCO\Corporate\RecordingServer\RecorderService\tst\VideoOS.Recorder.UnitTests\bin\x64\Debug\net472\VideoOS.Recorder.UnitTests.dll" adapterTypeName="executor://mstestadapter/v2" className="VideoOS.Recorder.UnitTests.WebServer.SOAPCommandRequestHandlerTests" name="SOAPCommandRequestHandler_ExecuteFunction_HandleGetRetentionTimeLimit_NoDeviceId" />
    </UnitTest>
    <UnitTest name="IsInRange_ShouldReturnFalse_WhenStartHasIncorrectFormat" storage="d:\actions-runner\_work\xpco\xpco\corporate\recordingserver\recorderservice\tst\videoos.recorder.unittests\bin\x64\debug\net472\videoos.recorder.unittests.dll" id="decb7e26-1fd3-404d-051e-48cdc5f92655">
      <Execution id="4f35ca65-2fc5-445e-9fc8-0f2e41deeb49" />
      <TestMethod codeBase="D:\actions-runner\_work\XPCO\XPCO\Corporate\RecordingServer\RecorderService\tst\VideoOS.Recorder.UnitTests\bin\x64\Debug\net472\VideoOS.Recorder.UnitTests.dll" adapterTypeName="executor://mstestadapter/v2" className="VideoOS.Recorder.UnitTests.DeviceDiscovery.MipDriversDiscoveryTaskTests" name="IsInRange_ShouldReturnFalse_WhenStartHasIncorrectFormat" />
    </UnitTest>
    <UnitTest name="RecorderAttach_ModelIsValid_CommandExecuted" storage="d:\actions-runner\_work\xpco\xpco\corporate\recordingserver\recorderservice\tst\videoos.recorder.unittests\bin\x64\debug\net472\videoos.recorder.unittests.dll" id="0dc12bef-9407-d7cf-2d0b-a4bbf0903c96">
      <Execution id="ac13806c-179b-406b-8d1d-77077d30e6b7" />
      <TestMethod codeBase="D:\actions-runner\_work\XPCO\XPCO\Corporate\RecordingServer\RecorderService\tst\VideoOS.Recorder.UnitTests\bin\x64\Debug\net472\VideoOS.Recorder.UnitTests.dll" adapterTypeName="executor://mstestadapter/v2" className="VideoOS.Recorder.UnitTests.RecorderControllerTests" name="RecorderAttach_ModelIsValid_CommandExecuted" />
    </UnitTest>
    <UnitTest name="SOAPCommandRequestHandler_ExecuteFunction_HandleOutputGetState_Success_NotAvailable" storage="d:\actions-runner\_work\xpco\xpco\corporate\recordingserver\recorderservice\tst\videoos.recorder.unittests\bin\x64\debug\net472\videoos.recorder.unittests.dll" id="4cb7af30-0ec6-dbea-04bc-6d71d17c03ed">
      <Execution id="98d9ed1e-b73b-4c9b-ae1f-74a905f2eb49" />
      <TestMethod codeBase="D:\actions-runner\_work\XPCO\XPCO\Corporate\RecordingServer\RecorderService\tst\VideoOS.Recorder.UnitTests\bin\x64\Debug\net472\VideoOS.Recorder.UnitTests.dll" adapterTypeName="executor://mstestadapter/v2" className="VideoOS.Recorder.UnitTests.WebServer.SOAPCommandRequestHandlerTests" name="SOAPCommandRequestHandler_ExecuteFunction_HandleOutputGetState_Success_NotAvailable" />
    </UnitTest>
    <UnitTest name="DatabaseoperationCommandhandler_VerifyStorageAndArchiveOnline_Archive_Offline" storage="d:\actions-runner\_work\xpco\xpco\corporate\recordingserver\recorderservice\tst\videoos.recorder.unittests\bin\x64\debug\net472\videoos.recorder.unittests.dll" id="3d5da664-ac77-4b79-c3a1-878b742a2e28">
      <Execution id="19b358ae-01d4-4642-bf10-0297b44feeff" />
      <TestMethod codeBase="D:\actions-runner\_work\XPCO\XPCO\Corporate\RecordingServer\RecorderService\tst\VideoOS.Recorder.UnitTests\bin\x64\Debug\net472\VideoOS.Recorder.UnitTests.dll" adapterTypeName="executor://mstestadapter/v2" className="VideoOS.Recorder.UnitTests.Command.DatabaseOperationCommandHandlerUnitTests" name="DatabaseoperationCommandhandler_VerifyStorageAndArchiveOnline_Archive_Offline" />
    </UnitTest>
    <UnitTest name="ConnectSuccess_End_Denied" storage="d:\actions-runner\_work\xpco\xpco\corporate\recordingserver\recorderservice\tst\videoos.recorder.unittests\bin\x64\debug\net472\videoos.recorder.unittests.dll" id="4ea280c9-b893-6a9a-489c-6c6af0fd440a">
      <Execution id="66871a52-8f82-4201-89c5-8e6ee167c72f" />
      <TestMethod codeBase="D:\actions-runner\_work\XPCO\XPCO\Corporate\RecordingServer\RecorderService\tst\VideoOS.Recorder.UnitTests\bin\x64\Debug\net472\VideoOS.Recorder.UnitTests.dll" adapterTypeName="executor://mstestadapter/v2" className="VideoOS.Recorder.UnitTests.WebServer.ImageServerRequestHandlerTests" name="ConnectSuccess_End_Denied" />
    </UnitTest>
    <UnitTest name="FirmwareUpgradeCommandHandler_Constructor_NullArg_Throws" storage="d:\actions-runner\_work\xpco\xpco\corporate\recordingserver\recorderservice\tst\videoos.recorder.unittests\bin\x64\debug\net472\videoos.recorder.unittests.dll" id="4bbb7166-5d12-9430-8733-29a7dd021927">
      <Execution id="3f44d30e-b6b7-4a01-92fd-feebbd0935f0" />
      <TestMethod codeBase="D:\actions-runner\_work\XPCO\XPCO\Corporate\RecordingServer\RecorderService\tst\VideoOS.Recorder.UnitTests\bin\x64\Debug\net472\VideoOS.Recorder.UnitTests.dll" adapterTypeName="executor://mstestadapter/v2" className="VideoOS.Recorder.UnitTests.Command.FirmwareUpgradeCommandHandlerUnitTests" name="FirmwareUpgradeCommandHandler_Constructor_NullArg_Throws" />
    </UnitTest>
    <UnitTest name="FillableGridAreaFromPrivacyMaskAndExcludeRegion" storage="d:\actions-runner\_work\xpco\xpco\corporate\recordingserver\recorderservice\tst\videoos.recorder.unittests\bin\x64\debug\net472\videoos.recorder.unittests.dll" id="fd372183-0b9d-c0c8-bb63-2e4775580926">
      <TestCategory>
        <TestCategoryItem TestCategory="SmartSearch" />
      </TestCategory>
      <Execution id="db7f667f-b288-4ee1-9db2-6c544d4b9083" />
      <TestMethod codeBase="D:\actions-runner\_work\XPCO\XPCO\Corporate\RecordingServer\RecorderService\tst\VideoOS.Recorder.UnitTests\bin\x64\Debug\net472\VideoOS.Recorder.UnitTests.dll" adapterTypeName="executor://mstestadapter/v2" className="VideoOS.Recorder.UnitTests.SmartSearch.SmartSearchHandlerTest" name="FillableGridAreaFromPrivacyMaskAndExcludeRegion" />
    </UnitTest>
    <UnitTest name="ConnectSuccess_Goto_PrevWithoutTime" storage="d:\actions-runner\_work\xpco\xpco\corporate\recordingserver\recorderservice\tst\videoos.recorder.unittests\bin\x64\debug\net472\videoos.recorder.unittests.dll" id="cb6aabb9-fda3-6c9d-398a-3678f99ee609">
      <Execution id="0ca2ea14-ea14-4331-ac2a-4796200987f7" />
      <TestMethod codeBase="D:\actions-runner\_work\XPCO\XPCO\Corporate\RecordingServer\RecorderService\tst\VideoOS.Recorder.UnitTests\bin\x64\Debug\net472\VideoOS.Recorder.UnitTests.dll" adapterTypeName="executor://mstestadapter/v2" className="VideoOS.Recorder.UnitTests.WebServer.ImageServerRequestHandlerTests" name="ConnectSuccess_Goto_PrevWithoutTime" />
    </UnitTest>
    <UnitTest name="ConnectSuccess_Goto_NextWithoutTime" storage="d:\actions-runner\_work\xpco\xpco\corporate\recordingserver\recorderservice\tst\videoos.recorder.unittests\bin\x64\debug\net472\videoos.recorder.unittests.dll" id="cee26123-49aa-6fac-4ae3-2815b6fb9ae4">
      <Execution id="6979a79b-2c09-45db-a704-a0bca6994b77" />
      <TestMethod codeBase="D:\actions-runner\_work\XPCO\XPCO\Corporate\RecordingServer\RecorderService\tst\VideoOS.Recorder.UnitTests\bin\x64\Debug\net472\VideoOS.Recorder.UnitTests.dll" adapterTypeName="executor://mstestadapter/v2" className="VideoOS.Recorder.UnitTests.WebServer.ImageServerRequestHandlerTests" name="ConnectSuccess_Goto_NextWithoutTime" />
    </UnitTest>
    <UnitTest name="PtzManager_CenterAndZoomToRectangle_NoResolution" storage="d:\actions-runner\_work\xpco\xpco\corporate\recordingserver\recorderservice\tst\videoos.recorder.unittests\bin\x64\debug\net472\videoos.recorder.unittests.dll" id="cb8cc9f7-73db-ceae-9aee-0022baadc1fa">
      <Execution id="1451e5a4-f054-418b-b20e-3bdd108f1fd0" />
      <TestMethod codeBase="D:\actions-runner\_work\XPCO\XPCO\Corporate\RecordingServer\RecorderService\tst\VideoOS.Recorder.UnitTests\bin\x64\Debug\net472\VideoOS.Recorder.UnitTests.dll" adapterTypeName="executor://mstestadapter/v2" className="VideoOS.Recorder.UnitTests.Command.PtzManagerTests" name="PtzManager_CenterAndZoomToRectangle_NoResolution" />
    </UnitTest>
    <UnitTest name="PtzReleaseSessionCommandHandler_Execute_DriverPtzException" storage="d:\actions-runner\_work\xpco\xpco\corporate\recordingserver\recorderservice\tst\videoos.recorder.unittests\bin\x64\debug\net472\videoos.recorder.unittests.dll" id="76cad13e-0f94-4302-bc65-6fe3c2606f4a">
      <Execution id="8534b9b8-a1a8-4ba2-a4aa-31549e606d77" />
      <TestMethod codeBase="D:\actions-runner\_work\XPCO\XPCO\Corporate\RecordingServer\RecorderService\tst\VideoOS.Recorder.UnitTests\bin\x64\Debug\net472\VideoOS.Recorder.UnitTests.dll" adapterTypeName="executor://mstestadapter/v2" className="VideoOS.Recorder.UnitTests.Command.PtzReleaseSessionCommandHandlerTest" name="PtzReleaseSessionCommandHandler_Execute_DriverPtzException" />
    </UnitTest>
    <UnitTest name="EnhanceSettings_UnsupportedPluginIds" storage="d:\actions-runner\_work\xpco\xpco\corporate\recordingserver\recorderservice\tst\videoos.recorder.unittests\bin\x64\debug\net472\videoos.recorder.unittests.dll" id="6d3bccb0-e3a7-0eac-f802-f89ebb3ce36d">
      <Owners>
        <Owner name="FT06" />
      </Owners>
      <Execution id="0fb6b37b-c792-4c4e-b701-5516b42cd417" />
      <TestMethod codeBase="D:\actions-runner\_work\XPCO\XPCO\Corporate\RecordingServer\RecorderService\tst\VideoOS.Recorder.UnitTests\bin\x64\Debug\net472\VideoOS.Recorder.UnitTests.dll" adapterTypeName="executor://mstestadapter/v2" className="VideoOS.Recorder.UnitTests.ObjectModel.Processors.PluginSettingsEnhancerTest" name="EnhanceSettings_UnsupportedPluginIds" />
    </UnitTest>
    <UnitTest name="MediaDbRepairStatus_DefaultValues" storage="d:\actions-runner\_work\xpco\xpco\corporate\recordingserver\recorderservice\tst\videoos.recorder.unittests\bin\x64\debug\net472\videoos.recorder.unittests.dll" id="4eb11ecf-1ec2-e871-0d3d-b6edf15574a8">
      <TestCategory>
        <TestCategoryItem TestCategory="MediaDbRepairStateTests" />
      </TestCategory>
      <Execution id="74880b99-4a2d-457c-bf6b-d610a8291f37" />
      <TestMethod codeBase="D:\actions-runner\_work\XPCO\XPCO\Corporate\RecordingServer\RecorderService\tst\VideoOS.Recorder.UnitTests\bin\x64\Debug\net472\VideoOS.Recorder.UnitTests.dll" adapterTypeName="executor://mstestadapter/v2" className="VideoOS.Recorder.UnitTests.TimeRangeConversionTests.MediaDbRepairStatusTests" name="MediaDbRepairStatus_DefaultValues" />
    </UnitTest>
    <UnitTest name="SynchronizeDevicePresetsCommandHandler_Execute_IsPresetDevice_Is_False" storage="d:\actions-runner\_work\xpco\xpco\corporate\recordingserver\recorderservice\tst\videoos.recorder.unittests\bin\x64\debug\net472\videoos.recorder.unittests.dll" id="336db44f-2faa-de01-daf7-e9ab5b7313dd">
      <Execution id="8949a603-bddf-4913-b396-c68a7a8f7e3b" />
      <TestMethod codeBase="D:\actions-runner\_work\XPCO\XPCO\Corporate\RecordingServer\RecorderService\tst\VideoOS.Recorder.UnitTests\bin\x64\Debug\net472\VideoOS.Recorder.UnitTests.dll" adapterTypeName="executor://mstestadapter/v2" className="VideoOS.Recorder.UnitTests.Command.SynchronizeDevicePresetsCommandHandlerUnitTests" name="SynchronizeDevicePresetsCommandHandler_Execute_IsPresetDevice_Is_False" />
    </UnitTest>
    <UnitTest name="SetNetworkConfigurationCommandHandler_Execute_GetNetworkConfiguration_ThrowsNetworkSettingsManagementUnsupported_Errors" storage="d:\actions-runner\_work\xpco\xpco\corporate\recordingserver\recorderservice\tst\videoos.recorder.unittests\bin\x64\debug\net472\videoos.recorder.unittests.dll" id="d8cc969b-8c37-2fc3-817c-e2862bba2c1b">
      <Execution id="cdfc76f8-3564-4320-b63f-d628c6c98cb6" />
      <TestMethod codeBase="D:\actions-runner\_work\XPCO\XPCO\Corporate\RecordingServer\RecorderService\tst\VideoOS.Recorder.UnitTests\bin\x64\Debug\net472\VideoOS.Recorder.UnitTests.dll" adapterTypeName="executor://mstestadapter/v2" className="VideoOS.Recorder.UnitTests.Command.SetNetworkConfigurationCommandHandlerUnitTests" name="SetNetworkConfigurationCommandHandler_Execute_GetNetworkConfiguration_ThrowsNetworkSettingsManagementUnsupported_Errors" />
    </UnitTest>
    <UnitTest name="FirmwareUpgradeCommandHandler_Execute_ManyCommands" storage="d:\actions-runner\_work\xpco\xpco\corporate\recordingserver\recorderservice\tst\videoos.recorder.unittests\bin\x64\debug\net472\videoos.recorder.unittests.dll" id="1abda0e4-5bc1-3609-bf4f-c627801e59f8">
      <Execution id="962e9427-0684-4e65-9398-3bbca5f7b2da" />
      <TestMethod codeBase="D:\actions-runner\_work\XPCO\XPCO\Corporate\RecordingServer\RecorderService\tst\VideoOS.Recorder.UnitTests\bin\x64\Debug\net472\VideoOS.Recorder.UnitTests.dll" adapterTypeName="executor://mstestadapter/v2" className="VideoOS.Recorder.UnitTests.Command.FirmwareUpgradeCommandHandlerUnitTests" name="FirmwareUpgradeCommandHandler_Execute_ManyCommands" />
    </UnitTest>
    <UnitTest name="SOAPCommandRequestHandler_ExecuteFunction_HandlePTZMoveStop_Success" storage="d:\actions-runner\_work\xpco\xpco\corporate\recordingserver\recorderservice\tst\videoos.recorder.unittests\bin\x64\debug\net472\videoos.recorder.unittests.dll" id="37195dfb-de58-20de-ec3b-ddd0fb7f8eae">
      <Execution id="ce2873b1-41af-4b8c-85d1-f532e884e1d1" />
      <TestMethod codeBase="D:\actions-runner\_work\XPCO\XPCO\Corporate\RecordingServer\RecorderService\tst\VideoOS.Recorder.UnitTests\bin\x64\Debug\net472\VideoOS.Recorder.UnitTests.dll" adapterTypeName="executor://mstestadapter/v2" className="VideoOS.Recorder.UnitTests.WebServer.SOAPCommandRequestHandlerTests" name="SOAPCommandRequestHandler_ExecuteFunction_HandlePTZMoveStop_Success" />
    </UnitTest>
    <UnitTest name="IsInRange_ShouldReturnFalse_WhenAddressHasIncorrectFormat" storage="d:\actions-runner\_work\xpco\xpco\corporate\recordingserver\recorderservice\tst\videoos.recorder.unittests\bin\x64\debug\net472\videoos.recorder.unittests.dll" id="2b2fb9ee-0ea5-1a6a-c95a-afe700fc4870">
      <Execution id="b978ac3a-4ef1-4c3c-a1a2-a573c2dd9271" />
      <TestMethod codeBase="D:\actions-runner\_work\XPCO\XPCO\Corporate\RecordingServer\RecorderService\tst\VideoOS.Recorder.UnitTests\bin\x64\Debug\net472\VideoOS.Recorder.UnitTests.dll" adapterTypeName="executor://mstestadapter/v2" className="VideoOS.Recorder.UnitTests.DeviceDiscovery.MipDriversDiscoveryTaskTests" name="IsInRange_ShouldReturnFalse_WhenAddressHasIncorrectFormat" />
    </UnitTest>
    <UnitTest name="SOAPCommandRequestHandler_ExecuteFunction_HandleSequencesGet_NoDeviceId" storage="d:\actions-runner\_work\xpco\xpco\corporate\recordingserver\recorderservice\tst\videoos.recorder.unittests\bin\x64\debug\net472\videoos.recorder.unittests.dll" id="4bb8a0e4-4b9c-7f78-8d93-a8d66232eae9">
      <Execution id="540450e2-5281-4c91-a091-267553d1f968" />
      <TestMethod codeBase="D:\actions-runner\_work\XPCO\XPCO\Corporate\RecordingServer\RecorderService\tst\VideoOS.Recorder.UnitTests\bin\x64\Debug\net472\VideoOS.Recorder.UnitTests.dll" adapterTypeName="executor://mstestadapter/v2" className="VideoOS.Recorder.UnitTests.WebServer.SOAPCommandRequestHandlerTests" name="SOAPCommandRequestHandler_ExecuteFunction_HandleSequencesGet_NoDeviceId" />
    </UnitTest>
    <UnitTest name="DatabaseoperationCommandhandler_VerifyStorageAndArchiveOnline_Storage_Offline" storage="d:\actions-runner\_work\xpco\xpco\corporate\recordingserver\recorderservice\tst\videoos.recorder.unittests\bin\x64\debug\net472\videoos.recorder.unittests.dll" id="9531a0aa-31df-c49d-bde8-6a892fd4f616">
      <Execution id="fbf56b4d-384e-4a13-a796-0187d6072f97" />
      <TestMethod codeBase="D:\actions-runner\_work\XPCO\XPCO\Corporate\RecordingServer\RecorderService\tst\VideoOS.Recorder.UnitTests\bin\x64\Debug\net472\VideoOS.Recorder.UnitTests.dll" adapterTypeName="executor://mstestadapter/v2" className="VideoOS.Recorder.UnitTests.Command.DatabaseOperationCommandHandlerUnitTests" name="DatabaseoperationCommandhandler_VerifyStorageAndArchiveOnline_Storage_Offline" />
    </UnitTest>
    <UnitTest name="Dispose_DoesNotThrowException_OnNullAsTask" storage="d:\actions-runner\_work\xpco\xpco\corporate\recordingserver\recorderservice\tst\videoos.recorder.unittests\bin\x64\debug\net472\videoos.recorder.unittests.dll" id="cae8c1d1-a0d0-db92-4110-9d76790ccba1">
      <TestCategory>
        <TestCategoryItem TestCategory="ObjectModel.RecordingStorage" />
      </TestCategory>
      <Execution id="702ee731-87dc-4c83-bfd3-ddbbc047baed" />
      <TestMethod codeBase="D:\actions-runner\_work\XPCO\XPCO\Corporate\RecordingServer\RecorderService\tst\VideoOS.Recorder.UnitTests\bin\x64\Debug\net472\VideoOS.Recorder.UnitTests.dll" adapterTypeName="executor://mstestadapter/v2" className="VideoOS.Recorder.UnitTests.ObjectModel.RecordingStorageTests" name="Dispose_DoesNotThrowException_OnNullAsTask" />
    </UnitTest>
    <UnitTest name="MessageManagerCallback_HandleResponse_Success_UpdatesRecorder" storage="d:\actions-runner\_work\xpco\xpco\corporate\recordingserver\recorderservice\tst\videoos.recorder.unittests\bin\x64\debug\net472\videoos.recorder.unittests.dll" id="fce86640-7e77-7a11-65ba-3862fe3a10da">
      <Execution id="35141057-79f6-4bf3-86a2-dbb9f78829b9" />
      <TestMethod codeBase="D:\actions-runner\_work\XPCO\XPCO\Corporate\RecordingServer\RecorderService\tst\VideoOS.Recorder.UnitTests\bin\x64\Debug\net472\VideoOS.Recorder.UnitTests.dll" adapterTypeName="executor://mstestadapter/v2" className="VideoOS.Recorder.UnitTests.DriverUpdateHelperUnitTests" name="MessageManagerCallback_HandleResponse_Success_UpdatesRecorder" />
    </UnitTest>
    <UnitTest name="SetNetworkConfigurationCommandHandler_Execute_SetNetworkConfigurationn_ThrowsUnknownException_Errors" storage="d:\actions-runner\_work\xpco\xpco\corporate\recordingserver\recorderservice\tst\videoos.recorder.unittests\bin\x64\debug\net472\videoos.recorder.unittests.dll" id="54ef468a-8378-e46d-f375-82eeb64c7378">
      <Execution id="e9ff515b-1be9-49a5-b33e-e1ad81ac04dd" />
      <TestMethod codeBase="D:\actions-runner\_work\XPCO\XPCO\Corporate\RecordingServer\RecorderService\tst\VideoOS.Recorder.UnitTests\bin\x64\Debug\net472\VideoOS.Recorder.UnitTests.dll" adapterTypeName="executor://mstestadapter/v2" className="VideoOS.Recorder.UnitTests.Command.SetNetworkConfigurationCommandHandlerUnitTests" name="SetNetworkConfigurationCommandHandler_Execute_SetNetworkConfigurationn_ThrowsUnknownException_Errors" />
    </UnitTest>
    <UnitTest name="ChangeHardwarePasswordCommandHandler_Execute_ChangePassword_PasswordChangeNoHardwareAccess_Errors" storage="d:\actions-runner\_work\xpco\xpco\corporate\recordingserver\recorderservice\tst\videoos.recorder.unittests\bin\x64\debug\net472\videoos.recorder.unittests.dll" id="e1b022cb-efe2-86f1-2f32-09da53e0f560">
      <Execution id="aa97c3a3-ffcb-43fa-88eb-b1e3abb39ef5" />
      <TestMethod codeBase="D:\actions-runner\_work\XPCO\XPCO\Corporate\RecordingServer\RecorderService\tst\VideoOS.Recorder.UnitTests\bin\x64\Debug\net472\VideoOS.Recorder.UnitTests.dll" adapterTypeName="executor://mstestadapter/v2" className="VideoOS.Recorder.UnitTests.Command.ChangeHardwarePasswordCommandHandlerUnitTests" name="ChangeHardwarePasswordCommandHandler_Execute_ChangePassword_PasswordChangeNoHardwareAccess_Errors" />
    </UnitTest>
    <UnitTest name="ConfigParamNullCheck" storage="d:\actions-runner\_work\xpco\xpco\corporate\recordingserver\recorderservice\tst\videoos.recorder.unittests\bin\x64\debug\net472\videoos.recorder.unittests.dll" id="268a44c4-5503-ae8c-9a86-ce9a204f913e">
      <TestCategory>
        <TestCategoryItem TestCategory="ObjectModel.Device.RelatedDeviceHandler" />
      </TestCategory>
      <Execution id="259b767d-fafc-4bc6-b5fa-a0f4392e0fb3" />
      <TestMethod codeBase="D:\actions-runner\_work\XPCO\XPCO\Corporate\RecordingServer\RecorderService\tst\VideoOS.Recorder.UnitTests\bin\x64\Debug\net472\VideoOS.Recorder.UnitTests.dll" adapterTypeName="executor://mstestadapter/v2" className="VideoOS.Recorder.UnitTests.ObjectModel.RelatedDeviceHandlerTest" name="ConfigParamNullCheck" />
    </UnitTest>
    <UnitTest name="PtzReserveSessionCommandHandler_Execute_Argument_Exception" storage="d:\actions-runner\_work\xpco\xpco\corporate\recordingserver\recorderservice\tst\videoos.recorder.unittests\bin\x64\debug\net472\videoos.recorder.unittests.dll" id="5d983749-5de8-7973-76e4-387bec254355">
      <Execution id="8bd1a586-5059-4c07-8f40-654e24a4475b" />
      <TestMethod codeBase="D:\actions-runner\_work\XPCO\XPCO\Corporate\RecordingServer\RecorderService\tst\VideoOS.Recorder.UnitTests\bin\x64\Debug\net472\VideoOS.Recorder.UnitTests.dll" adapterTypeName="executor://mstestadapter/v2" className="VideoOS.Recorder.UnitTests.Command.PtzReserveSessionCommandHandlerTest" name="PtzReserveSessionCommandHandler_Execute_Argument_Exception" />
    </UnitTest>
    <UnitTest name="SmartSearchHandlerConstructAndDispose" storage="d:\actions-runner\_work\xpco\xpco\corporate\recordingserver\recorderservice\tst\videoos.recorder.unittests\bin\x64\debug\net472\videoos.recorder.unittests.dll" id="7fbbb8ec-7eda-3e82-92dc-46be9d4347d0">
      <TestCategory>
        <TestCategoryItem TestCategory="SmartSearch" />
      </TestCategory>
      <Execution id="aed6b1a6-21de-4d9b-9d93-3d831737b18d" />
      <TestMethod codeBase="D:\actions-runner\_work\XPCO\XPCO\Corporate\RecordingServer\RecorderService\tst\VideoOS.Recorder.UnitTests\bin\x64\Debug\net472\VideoOS.Recorder.UnitTests.dll" adapterTypeName="executor://mstestadapter/v2" className="VideoOS.Recorder.UnitTests.SmartSearch.SmartSearchHandlerTest" name="SmartSearchHandlerConstructAndDispose" />
    </UnitTest>
    <UnitTest name="QueryDeviceEvidenceLockSizesCommandHandler_Constructor_RecorderEnvironmentNull_ArgumentNullException" storage="d:\actions-runner\_work\xpco\xpco\corporate\recordingserver\recorderservice\tst\videoos.recorder.unittests\bin\x64\debug\net472\videoos.recorder.unittests.dll" id="12ba242a-cb08-e6d9-42ab-57ccd344bd09">
      <Execution id="4c8dbfb2-d55d-433b-bf55-9eede7ee800e" />
      <TestMethod codeBase="D:\actions-runner\_work\XPCO\XPCO\Corporate\RecordingServer\RecorderService\tst\VideoOS.Recorder.UnitTests\bin\x64\Debug\net472\VideoOS.Recorder.UnitTests.dll" adapterTypeName="executor://mstestadapter/v2" className="VideoOS.Recorder.UnitTests.Command.QueryDeviceEvidenceLockSizesCommandHandlerTests" name="QueryDeviceEvidenceLockSizesCommandHandler_Constructor_RecorderEnvironmentNull_ArgumentNullException" />
    </UnitTest>
    <UnitTest name="PreferredAddressTable_Register_Two_Devices_Can_Have_Same_Preferred_Address" storage="d:\actions-runner\_work\xpco\xpco\corporate\recordingserver\recorderservice\tst\videoos.recorder.unittests\bin\x64\debug\net472\videoos.recorder.unittests.dll" id="26e2aa31-b19a-1845-8c06-b89b0c1afe34">
      <Execution id="b66a4320-3706-4a73-b275-b3abb8ef4b97" />
      <TestMethod codeBase="D:\actions-runner\_work\XPCO\XPCO\Corporate\RecordingServer\RecorderService\tst\VideoOS.Recorder.UnitTests\bin\x64\Debug\net472\VideoOS.Recorder.UnitTests.dll" adapterTypeName="executor://mstestadapter/v2" className="VideoOS.Recorder.UnitTests.Multicast.PreferredAddressTableUnitTests" name="PreferredAddressTable_Register_Two_Devices_Can_Have_Same_Preferred_Address" />
    </UnitTest>
    <UnitTest name="PerformDatabaseOperation_IsNull_BadRequestResult" storage="d:\actions-runner\_work\xpco\xpco\corporate\recordingserver\recorderservice\tst\videoos.recorder.unittests\bin\x64\debug\net472\videoos.recorder.unittests.dll" id="006047cf-5e82-e489-50ec-7332965c93af">
      <Execution id="8c98fa95-126f-48ab-8e83-286d079cce2d" />
      <TestMethod codeBase="D:\actions-runner\_work\XPCO\XPCO\Corporate\RecordingServer\RecorderService\tst\VideoOS.Recorder.UnitTests\bin\x64\Debug\net472\VideoOS.Recorder.UnitTests.dll" adapterTypeName="executor://mstestadapter/v2" className="VideoOS.Recorder.UnitTests.DatabaseControllerTests" name="PerformDatabaseOperation_IsNull_BadRequestResult" />
    </UnitTest>
    <UnitTest name="GetNetworkConfigurationCommandHandler_Execute_HardwareNotFound_Fails" storage="d:\actions-runner\_work\xpco\xpco\corporate\recordingserver\recorderservice\tst\videoos.recorder.unittests\bin\x64\debug\net472\videoos.recorder.unittests.dll" id="47ed7273-aafd-26ed-80e9-e9334a3bb694">
      <Execution id="9dc80763-bcad-428b-8ac8-a85fdd3c18a9" />
      <TestMethod codeBase="D:\actions-runner\_work\XPCO\XPCO\Corporate\RecordingServer\RecorderService\tst\VideoOS.Recorder.UnitTests\bin\x64\Debug\net472\VideoOS.Recorder.UnitTests.dll" adapterTypeName="executor://mstestadapter/v2" className="VideoOS.Recorder.UnitTests.Command.GetNetworkConfigurationCommandHandlerUnitTests" name="GetNetworkConfigurationCommandHandler_Execute_HardwareNotFound_Fails" />
    </UnitTest>
    <UnitTest name="UpdateRecorderTaskProgressAsync_NotConnectedAndAt0PercentComplete_ShouldQueueCommand" storage="d:\actions-runner\_work\xpco\xpco\corporate\recordingserver\recorderservice\tst\videoos.recorder.unittests\bin\x64\debug\net472\videoos.recorder.unittests.dll" id="f4af31f6-c7b2-16eb-b8ce-9c0b9901bde3">
      <Execution id="4532bd31-3064-45e2-9ee8-3ea77acbf5f1" />
      <TestMethod codeBase="D:\actions-runner\_work\XPCO\XPCO\Corporate\RecordingServer\RecorderService\tst\VideoOS.Recorder.UnitTests\bin\x64\Debug\net472\VideoOS.Recorder.UnitTests.dll" adapterTypeName="executor://mstestadapter/v2" className="VideoOS.Recorder.UnitTests.CommManagerWebApiTests" name="UpdateRecorderTaskProgressAsync_NotConnectedAndAt0PercentComplete_ShouldQueueCommand" />
    </UnitTest>
    <UnitTest name="ExecuteFunction_GetArchiveStorageStatus_Success" storage="d:\actions-runner\_work\xpco\xpco\corporate\recordingserver\recorderservice\tst\videoos.recorder.unittests\bin\x64\debug\net472\videoos.recorder.unittests.dll" id="e958b283-ee01-b682-79fb-ca1ddfb45fc8">
      <Execution id="5f319c3e-b6c6-424e-b77e-4542643482c0" />
      <TestMethod codeBase="D:\actions-runner\_work\XPCO\XPCO\Corporate\RecordingServer\RecorderService\tst\VideoOS.Recorder.UnitTests\bin\x64\Debug\net472\VideoOS.Recorder.UnitTests.dll" adapterTypeName="executor://mstestadapter/v2" className="VideoOS.Recorder.UnitTests.WebServer.SOAPStatus2RequestHandlerTests" name="ExecuteFunction_GetArchiveStorageStatus_Success" />
    </UnitTest>
    <UnitTest name="SOAPCommandRequestHandler_ExecuteFunction_HandleSequencesGetAround_No_Speaker_Security" storage="d:\actions-runner\_work\xpco\xpco\corporate\recordingserver\recorderservice\tst\videoos.recorder.unittests\bin\x64\debug\net472\videoos.recorder.unittests.dll" id="1c38f8ae-6947-ab02-542f-48a93c189571">
      <Execution id="2f595340-910b-43a6-8a7c-22c13b8f125a" />
      <TestMethod codeBase="D:\actions-runner\_work\XPCO\XPCO\Corporate\RecordingServer\RecorderService\tst\VideoOS.Recorder.UnitTests\bin\x64\Debug\net472\VideoOS.Recorder.UnitTests.dll" adapterTypeName="executor://mstestadapter/v2" className="VideoOS.Recorder.UnitTests.WebServer.SOAPCommandRequestHandlerTests" name="SOAPCommandRequestHandler_ExecuteFunction_HandleSequencesGetAround_No_Speaker_Security" />
    </UnitTest>
    <UnitTest name="FillableGridAreaAsBoolFromPrivacyMaskAndExcludeRegion" storage="d:\actions-runner\_work\xpco\xpco\corporate\recordingserver\recorderservice\tst\videoos.recorder.unittests\bin\x64\debug\net472\videoos.recorder.unittests.dll" id="3d9c4446-91d0-9255-e7cf-4fef9d3eb85b">
      <TestCategory>
        <TestCategoryItem TestCategory="SmartSearch" />
      </TestCategory>
      <Execution id="6cec09e8-4800-4b5a-a6ba-ddb438828bb7" />
      <TestMethod codeBase="D:\actions-runner\_work\XPCO\XPCO\Corporate\RecordingServer\RecorderService\tst\VideoOS.Recorder.UnitTests\bin\x64\Debug\net472\VideoOS.Recorder.UnitTests.dll" adapterTypeName="executor://mstestadapter/v2" className="VideoOS.Recorder.UnitTests.SmartSearch.SmartSearchHandlerTest" name="FillableGridAreaAsBoolFromPrivacyMaskAndExcludeRegion" />
    </UnitTest>
    <UnitTest name="ResponseController_TimeoutResponseNullInput_BadRequestResult" storage="d:\actions-runner\_work\xpco\xpco\corporate\recordingserver\recorderservice\tst\videoos.recorder.unittests\bin\x64\debug\net472\videoos.recorder.unittests.dll" id="a59c7650-9c8e-5a66-cf4d-86415c1d057c">
      <Execution id="34d94df0-f9f8-488e-bbe6-a1910390fe9b" />
      <TestMethod codeBase="D:\actions-runner\_work\XPCO\XPCO\Corporate\RecordingServer\RecorderService\tst\VideoOS.Recorder.UnitTests\bin\x64\Debug\net472\VideoOS.Recorder.UnitTests.dll" adapterTypeName="executor://mstestadapter/v2" className="VideoOS.Recorder.UnitTests.ResponseControllerTests" name="ResponseController_TimeoutResponseNullInput_BadRequestResult" />
    </UnitTest>
    <UnitTest name="ConnectionShutdown_MediaFeedHandlerTimeout" storage="d:\actions-runner\_work\xpco\xpco\corporate\recordingserver\recorderservice\tst\videoos.recorder.unittests\bin\x64\debug\net472\videoos.recorder.unittests.dll" id="d68d1a12-69e1-c96a-03ca-000fe085b43c">
      <Execution id="6a25d0f0-9c32-4fb6-b003-72138918a86c" />
      <TestMethod codeBase="D:\actions-runner\_work\XPCO\XPCO\Corporate\RecordingServer\RecorderService\tst\VideoOS.Recorder.UnitTests\bin\x64\Debug\net472\VideoOS.Recorder.UnitTests.dll" adapterTypeName="executor://mstestadapter/v2" className="VideoOS.Recorder.UnitTests.WebServer.ImageServerRequestHandlerTests" name="ConnectionShutdown_MediaFeedHandlerTimeout" />
    </UnitTest>
    <UnitTest name="SetNetworkConfigurationCommandHandler_Execute_HardwareNotFound_Fails" storage="d:\actions-runner\_work\xpco\xpco\corporate\recordingserver\recorderservice\tst\videoos.recorder.unittests\bin\x64\debug\net472\videoos.recorder.unittests.dll" id="45d8fc59-1a97-3295-4aa4-9068d7523d50">
      <Execution id="5fadac2c-50ae-4028-8756-8b3478567b31" />
      <TestMethod codeBase="D:\actions-runner\_work\XPCO\XPCO\Corporate\RecordingServer\RecorderService\tst\VideoOS.Recorder.UnitTests\bin\x64\Debug\net472\VideoOS.Recorder.UnitTests.dll" adapterTypeName="executor://mstestadapter/v2" className="VideoOS.Recorder.UnitTests.Command.SetNetworkConfigurationCommandHandlerUnitTests" name="SetNetworkConfigurationCommandHandler_Execute_HardwareNotFound_Fails" />
    </UnitTest>
    <UnitTest name="SOAPCommandRequestHandler_ExecuteFunction_HandleInputGetState_Activated_Success" storage="d:\actions-runner\_work\xpco\xpco\corporate\recordingserver\recorderservice\tst\videoos.recorder.unittests\bin\x64\debug\net472\videoos.recorder.unittests.dll" id="75856244-3f12-79b4-5d1e-98e476567652">
      <Execution id="2081a677-d08d-44dc-9271-5f3bc3668baa" />
      <TestMethod codeBase="D:\actions-runner\_work\XPCO\XPCO\Corporate\RecordingServer\RecorderService\tst\VideoOS.Recorder.UnitTests\bin\x64\Debug\net472\VideoOS.Recorder.UnitTests.dll" adapterTypeName="executor://mstestadapter/v2" className="VideoOS.Recorder.UnitTests.WebServer.SOAPCommandRequestHandlerTests" name="SOAPCommandRequestHandler_ExecuteFunction_HandleInputGetState_Activated_Success" />
    </UnitTest>
    <UnitTest name="SOAPCommandRequestHandler_ExecuteFunction_HandlePTZActivatePatrollingSchema_Not_Licensed" storage="d:\actions-runner\_work\xpco\xpco\corporate\recordingserver\recorderservice\tst\videoos.recorder.unittests\bin\x64\debug\net472\videoos.recorder.unittests.dll" id="b477e2bc-bbce-3f9c-371f-276b31c16fbb">
      <Execution id="e061ce9f-8189-4245-9c10-e03335cf4968" />
      <TestMethod codeBase="D:\actions-runner\_work\XPCO\XPCO\Corporate\RecordingServer\RecorderService\tst\VideoOS.Recorder.UnitTests\bin\x64\Debug\net472\VideoOS.Recorder.UnitTests.dll" adapterTypeName="executor://mstestadapter/v2" className="VideoOS.Recorder.UnitTests.WebServer.SOAPCommandRequestHandlerTests" name="SOAPCommandRequestHandler_ExecuteFunction_HandlePTZActivatePatrollingSchema_Not_Licensed" />
    </UnitTest>
    <UnitTest name="SendCurrentStatus_SendsCurrentStatus_OnRecorderConnected" storage="d:\actions-runner\_work\xpco\xpco\corporate\recordingserver\recorderservice\tst\videoos.recorder.unittests\bin\x64\debug\net472\videoos.recorder.unittests.dll" id="1f366cd7-3615-ea15-93e8-effdffa9e430">
      <TestCategory>
        <TestCategoryItem TestCategory="RecorderStatus" />
      </TestCategory>
      <Execution id="440070c7-1137-45e8-aded-939ba580befa" />
      <TestMethod codeBase="D:\actions-runner\_work\XPCO\XPCO\Corporate\RecordingServer\RecorderService\tst\VideoOS.Recorder.UnitTests\bin\x64\Debug\net472\VideoOS.Recorder.UnitTests.dll" adapterTypeName="executor://mstestadapter/v2" className="VideoOS.Recorder.UnitTests.RecorderStatusTests" name="SendCurrentStatus_SendsCurrentStatus_OnRecorderConnected" />
    </UnitTest>
    <UnitTest name="SmartSearchHandlerBackwardTestEndtimeBeforeFirstMotion" storage="d:\actions-runner\_work\xpco\xpco\corporate\recordingserver\recorderservice\tst\videoos.recorder.unittests\bin\x64\debug\net472\videoos.recorder.unittests.dll" id="c3596006-724a-70dc-555a-d680a0ad8142">
      <TestCategory>
        <TestCategoryItem TestCategory="SmartSearch" />
      </TestCategory>
      <Execution id="2f7e10eb-eba0-4159-b08f-6ad0b8ecd54c" />
      <TestMethod codeBase="D:\actions-runner\_work\XPCO\XPCO\Corporate\RecordingServer\RecorderService\tst\VideoOS.Recorder.UnitTests\bin\x64\Debug\net472\VideoOS.Recorder.UnitTests.dll" adapterTypeName="executor://mstestadapter/v2" className="VideoOS.Recorder.UnitTests.SmartSearch.SmartSearchHandlerTest" name="SmartSearchHandlerBackwardTestEndtimeBeforeFirstMotion" />
    </UnitTest>
    <UnitTest name="SOAPCommandRequestHandler_ExecuteFunction_HandleSequencesGetAroundWithSpan_NoCenterTime" storage="d:\actions-runner\_work\xpco\xpco\corporate\recordingserver\recorderservice\tst\videoos.recorder.unittests\bin\x64\debug\net472\videoos.recorder.unittests.dll" id="83766445-a8c7-e226-abda-1f8cd622b1fb">
      <Execution id="c5efd602-155b-4695-808f-6dc60c1df8fc" />
      <TestMethod codeBase="D:\actions-runner\_work\XPCO\XPCO\Corporate\RecordingServer\RecorderService\tst\VideoOS.Recorder.UnitTests\bin\x64\Debug\net472\VideoOS.Recorder.UnitTests.dll" adapterTypeName="executor://mstestadapter/v2" className="VideoOS.Recorder.UnitTests.WebServer.SOAPCommandRequestHandlerTests" name="SOAPCommandRequestHandler_ExecuteFunction_HandleSequencesGetAroundWithSpan_NoCenterTime" />
    </UnitTest>
    <UnitTest name="SearchingForwardNoOverlapsLiveThorrow" storage="d:\actions-runner\_work\xpco\xpco\corporate\recordingserver\recorderservice\tst\videoos.recorder.unittests\bin\x64\debug\net472\videoos.recorder.unittests.dll" id="d02a24a4-8095-9c45-f2f5-2950f96b0de8">
      <Execution id="614b87a1-e272-4798-92e0-ddd97662b0ba" />
      <TestMethod codeBase="D:\actions-runner\_work\XPCO\XPCO\Corporate\RecordingServer\RecorderService\tst\VideoOS.Recorder.UnitTests\bin\x64\Debug\net472\VideoOS.Recorder.UnitTests.dll" adapterTypeName="executor://mstestadapter/v2" className="VideoOS.Recorder.UnitTests.ObjectModel.RestrictedMediaHandlerTest" name="SearchingForwardNoOverlapsLiveThorrow" />
    </UnitTest>
    <UnitTest name="SOAPCommandRequestHandler_ExecuteFunction_HandlePTZCenter_NoZoom" storage="d:\actions-runner\_work\xpco\xpco\corporate\recordingserver\recorderservice\tst\videoos.recorder.unittests\bin\x64\debug\net472\videoos.recorder.unittests.dll" id="a24521ed-430f-a4e4-99ec-425a3168caea">
      <Execution id="6d29aa23-5a8f-4b0c-b18f-28976590ac80" />
      <TestMethod codeBase="D:\actions-runner\_work\XPCO\XPCO\Corporate\RecordingServer\RecorderService\tst\VideoOS.Recorder.UnitTests\bin\x64\Debug\net472\VideoOS.Recorder.UnitTests.dll" adapterTypeName="executor://mstestadapter/v2" className="VideoOS.Recorder.UnitTests.WebServer.SOAPCommandRequestHandlerTests" name="SOAPCommandRequestHandler_ExecuteFunction_HandlePTZCenter_NoZoom" />
    </UnitTest>
    <UnitTest name="AudioMessageManager_PlayAudioMessageThread" storage="d:\actions-runner\_work\xpco\xpco\corporate\recordingserver\recorderservice\tst\videoos.recorder.unittests\bin\x64\debug\net472\videoos.recorder.unittests.dll" id="d145e104-c896-8096-9b86-5654a16871b5">
      <Execution id="e532e2cd-79de-460c-b282-40d900c08599" />
      <TestMethod codeBase="D:\actions-runner\_work\XPCO\XPCO\Corporate\RecordingServer\RecorderService\tst\VideoOS.Recorder.UnitTests\bin\x64\Debug\net472\VideoOS.Recorder.UnitTests.dll" adapterTypeName="executor://mstestadapter/v2" className="VideoOS.Recorder.UnitTests.AudioMessageHandling.AudioMessageManagerTests" name="AudioMessageManager_PlayAudioMessageThread" />
    </UnitTest>
    <UnitTest name="TimeRangeConversionMinRangeVsTimeResolution" storage="d:\actions-runner\_work\xpco\xpco\corporate\recordingserver\recorderservice\tst\videoos.recorder.unittests\bin\x64\debug\net472\videoos.recorder.unittests.dll" id="6988510d-a911-d638-19bd-184f4d9fb6ed">
      <TestCategory>
        <TestCategoryItem TestCategory="TimeRangeConversion" />
      </TestCategory>
      <Execution id="608ca4b4-531e-4811-9f2a-be63330d0ffb" />
      <TestMethod codeBase="D:\actions-runner\_work\XPCO\XPCO\Corporate\RecordingServer\RecorderService\tst\VideoOS.Recorder.UnitTests\bin\x64\Debug\net472\VideoOS.Recorder.UnitTests.dll" adapterTypeName="executor://mstestadapter/v2" className="VideoOS.Recorder.UnitTests.TimeRangeConversionTests.TimeRangeConversionTests" name="TimeRangeConversionMinRangeVsTimeResolution" />
    </UnitTest>
    <UnitTest name="HardwareSetupInformationCommandHandler_Execute_Command_Null_ThrowArgumentNullException" storage="d:\actions-runner\_work\xpco\xpco\corporate\recordingserver\recorderservice\tst\videoos.recorder.unittests\bin\x64\debug\net472\videoos.recorder.unittests.dll" id="ee6101ba-ad61-7adb-201f-a422cd06f889">
      <Execution id="5c03262e-1b7f-4e06-828a-764e52e67531" />
      <TestMethod codeBase="D:\actions-runner\_work\XPCO\XPCO\Corporate\RecordingServer\RecorderService\tst\VideoOS.Recorder.UnitTests\bin\x64\Debug\net472\VideoOS.Recorder.UnitTests.dll" adapterTypeName="executor://mstestadapter/v2" className="VideoOS.Recorder.UnitTests.Command.HardwareSetupInformationCommandHandlerUnitTests" name="HardwareSetupInformationCommandHandler_Execute_Command_Null_ThrowArgumentNullException" />
    </UnitTest>
    <UnitTest name="RecStorage_Startup_AllowStart_KeepFailing_PwFailure_KeepOffline" storage="d:\actions-runner\_work\xpco\xpco\corporate\recordingserver\recorderservice\tst\videoos.recorder.unittests\bin\x64\debug\net472\videoos.recorder.unittests.dll" id="4accbf98-8be0-6a8c-54ca-e3b30a805ce7">
      <Execution id="87e74f0e-c972-4d4c-85f4-028698d712a2" />
      <TestMethod codeBase="D:\actions-runner\_work\XPCO\XPCO\Corporate\RecordingServer\RecorderService\tst\VideoOS.Recorder.UnitTests\bin\x64\Debug\net472\VideoOS.Recorder.UnitTests.dll" adapterTypeName="executor://mstestadapter/v2" className="VideoOS.Recorder.UnitTests.ObjectModel.MediaDbManagerUnitTests" name="RecStorage_Startup_AllowStart_KeepFailing_PwFailure_KeepOffline" />
    </UnitTest>
    <UnitTest name="MediaDbCache_SetListFileSystemDiskUsage_Path_Null_ArgumentNullException" storage="d:\actions-runner\_work\xpco\xpco\corporate\recordingserver\recorderservice\tst\videoos.recorder.unittests\bin\x64\debug\net472\videoos.recorder.unittests.dll" id="49a33775-4c3e-518a-bc50-c8a56189692b">
      <Execution id="a8adf2c8-c39f-4086-8794-1d78984b7154" />
      <TestMethod codeBase="D:\actions-runner\_work\XPCO\XPCO\Corporate\RecordingServer\RecorderService\tst\VideoOS.Recorder.UnitTests\bin\x64\Debug\net472\VideoOS.Recorder.UnitTests.dll" adapterTypeName="executor://mstestadapter/v2" className="VideoOS.Recorder.UnitTests.Database.MediaDbCacheUnitTests" name="MediaDbCache_SetListFileSystemDiskUsage_Path_Null_ArgumentNullException" />
    </UnitTest>
    <UnitTest name="PutAndGetSameFrame" storage="d:\actions-runner\_work\xpco\xpco\corporate\recordingserver\recorderservice\tst\videoos.recorder.unittests\bin\x64\debug\net472\videoos.recorder.unittests.dll" id="2b1babeb-d0ba-35da-97f7-2b8e130d8e6f">
      <TestCategory>
        <TestCategoryItem TestCategory="ObjectModel.Processors.PipelineQueue" />
      </TestCategory>
      <Execution id="22acd382-3e34-414d-880c-6e691e9ad853" />
      <TestMethod codeBase="D:\actions-runner\_work\XPCO\XPCO\Corporate\RecordingServer\RecorderService\tst\VideoOS.Recorder.UnitTests\bin\x64\Debug\net472\VideoOS.Recorder.UnitTests.dll" adapterTypeName="executor://mstestadapter/v2" className="VideoOS.Recorder.UnitTests.ObjectModel.Processors.PipelineQueueTest" name="PutAndGetSameFrame" />
    </UnitTest>
    <UnitTest name="CreateSettingsForInitializeHardwareAndDeviceSettings_Missing_Device_Throws_InconsistentConfigurationException" storage="d:\actions-runner\_work\xpco\xpco\corporate\recordingserver\recorderservice\tst\videoos.recorder.unittests\bin\x64\debug\net472\videoos.recorder.unittests.dll" id="f55b20e5-de96-17a5-c0d6-d15f58186a36">
      <Execution id="52509804-e9a3-4f63-984d-4f84907ed00d" />
      <TestMethod codeBase="D:\actions-runner\_work\XPCO\XPCO\Corporate\RecordingServer\RecorderService\tst\VideoOS.Recorder.UnitTests\bin\x64\Debug\net472\VideoOS.Recorder.UnitTests.dll" adapterTypeName="executor://mstestadapter/v2" className="VideoOS.Recorder.UnitTests.ConfigurationDatasetHolderUnitTests" name="CreateSettingsForInitializeHardwareAndDeviceSettings_Missing_Device_Throws_InconsistentConfigurationException" />
    </UnitTest>
    <UnitTest name="FirmwareUpgradeCommandHandler_Execute_Success" storage="d:\actions-runner\_work\xpco\xpco\corporate\recordingserver\recorderservice\tst\videoos.recorder.unittests\bin\x64\debug\net472\videoos.recorder.unittests.dll" id="35ad68a0-6068-2419-2ce2-20b8f09b6b5f">
      <Execution id="e4a62df7-c41e-4f92-b6dc-82996dc6cc5f" />
      <TestMethod codeBase="D:\actions-runner\_work\XPCO\XPCO\Corporate\RecordingServer\RecorderService\tst\VideoOS.Recorder.UnitTests\bin\x64\Debug\net472\VideoOS.Recorder.UnitTests.dll" adapterTypeName="executor://mstestadapter/v2" className="VideoOS.Recorder.UnitTests.Command.FirmwareUpgradeCommandHandlerUnitTests" name="FirmwareUpgradeCommandHandler_Execute_Success" />
    </UnitTest>
    <UnitTest name="MediaDbUtil_MultitrackNavigation_Scenario16" storage="d:\actions-runner\_work\xpco\xpco\corporate\recordingserver\recorderservice\tst\videoos.recorder.unittests\bin\x64\debug\net472\videoos.recorder.unittests.dll" id="6a47e138-e897-5787-700a-4a389ec1ca1e">
      <Execution id="a47cdb3c-3118-4dba-b7e0-d86a615c13cf" />
      <TestMethod codeBase="D:\actions-runner\_work\XPCO\XPCO\Corporate\RecordingServer\RecorderService\tst\VideoOS.Recorder.UnitTests\bin\x64\Debug\net472\VideoOS.Recorder.UnitTests.dll" adapterTypeName="executor://mstestadapter/v2" className="VideoOS.Recorder.UnitTests.WebServer.MediaDbUtilUnitTests" name="MediaDbUtil_MultitrackNavigation_Scenario16" />
    </UnitTest>
    <UnitTest name="MediaDbUtil_MultitrackNavigation_Scenario02" storage="d:\actions-runner\_work\xpco\xpco\corporate\recordingserver\recorderservice\tst\videoos.recorder.unittests\bin\x64\debug\net472\videoos.recorder.unittests.dll" id="5298f2b0-a76e-0047-fca1-2bb894514586">
      <Execution id="db4099cc-bd0a-4aed-86f7-b6f073090867" />
      <TestMethod codeBase="D:\actions-runner\_work\XPCO\XPCO\Corporate\RecordingServer\RecorderService\tst\VideoOS.Recorder.UnitTests\bin\x64\Debug\net472\VideoOS.Recorder.UnitTests.dll" adapterTypeName="executor://mstestadapter/v2" className="VideoOS.Recorder.UnitTests.WebServer.MediaDbUtilUnitTests" name="MediaDbUtil_MultitrackNavigation_Scenario02" />
    </UnitTest>
    <UnitTest name="MediaDbConfigurationWriter_WriteDeviceTableConfiguration_NotCam" storage="d:\actions-runner\_work\xpco\xpco\corporate\recordingserver\recorderservice\tst\videoos.recorder.unittests\bin\x64\debug\net472\videoos.recorder.unittests.dll" id="f4d271b7-a9e1-cd6e-d146-55db27b2787f">
      <Execution id="f83694bc-ac31-4e8e-8a07-7a34b28fad38" />
      <TestMethod codeBase="D:\actions-runner\_work\XPCO\XPCO\Corporate\RecordingServer\RecorderService\tst\VideoOS.Recorder.UnitTests\bin\x64\Debug\net472\VideoOS.Recorder.UnitTests.dll" adapterTypeName="executor://mstestadapter/v2" className="VideoOS.Recorder.UnitTests.Database.MediaDbConfigurationWriterUnitTests" name="MediaDbConfigurationWriter_WriteDeviceTableConfiguration_NotCam" />
    </UnitTest>
    <UnitTest name="ConnectSuccessAdvancedVideoParams_CameraWithTrack" storage="d:\actions-runner\_work\xpco\xpco\corporate\recordingserver\recorderservice\tst\videoos.recorder.unittests\bin\x64\debug\net472\videoos.recorder.unittests.dll" id="b271a3a8-d635-e265-93cc-3f6010f44312">
      <Execution id="b38472aa-6809-4bd4-abca-4182491b1a99" />
      <TestMethod codeBase="D:\actions-runner\_work\XPCO\XPCO\Corporate\RecordingServer\RecorderService\tst\VideoOS.Recorder.UnitTests\bin\x64\Debug\net472\VideoOS.Recorder.UnitTests.dll" adapterTypeName="executor://mstestadapter/v2" className="VideoOS.Recorder.UnitTests.WebServer.ImageServerRequestHandlerTests" name="ConnectSuccessAdvancedVideoParams_CameraWithTrack" />
    </UnitTest>
    <UnitTest name="EdgeStorageLimitsCheckBandwidthWithLimitExceeded" storage="d:\actions-runner\_work\xpco\xpco\corporate\recordingserver\recorderservice\tst\videoos.recorder.unittests\bin\x64\debug\net472\videoos.recorder.unittests.dll" id="8f9a3242-57e5-a277-304e-59d280184022">
      <TestCategory>
        <TestCategoryItem TestCategory="EdgeStorageLimits" />
      </TestCategory>
      <Execution id="166c0d59-544b-4c15-9d11-ba0108695f59" />
      <TestMethod codeBase="D:\actions-runner\_work\XPCO\XPCO\Corporate\RecordingServer\RecorderService\tst\VideoOS.Recorder.UnitTests\bin\x64\Debug\net472\VideoOS.Recorder.UnitTests.dll" adapterTypeName="executor://mstestadapter/v2" className="VideoOS.Recorder.UnitTests.EdgeStorage.EdgeStorageLimitTests" name="EdgeStorageLimitsCheckBandwidthWithLimitExceeded" />
    </UnitTest>
    <UnitTest name="GetIntervalsToScan_ShouldReturnNoInterval_WithDifferentDnsHostSpecified" storage="d:\actions-runner\_work\xpco\xpco\corporate\recordingserver\recorderservice\tst\videoos.recorder.unittests\bin\x64\debug\net472\videoos.recorder.unittests.dll" id="6e3732cf-5956-413f-542b-a6e096db976f">
      <Execution id="a9dedaf4-037c-4a56-be78-dd6cb2dbe427" />
      <TestMethod codeBase="D:\actions-runner\_work\XPCO\XPCO\Corporate\RecordingServer\RecorderService\tst\VideoOS.Recorder.UnitTests\bin\x64\Debug\net472\VideoOS.Recorder.UnitTests.dll" adapterTypeName="executor://mstestadapter/v2" className="VideoOS.Recorder.UnitTests.DeviceDiscovery.MipDriversDiscoveryTaskTests" name="GetIntervalsToScan_ShouldReturnNoInterval_WithDifferentDnsHostSpecified" />
    </UnitTest>
    <UnitTest name="ResponseController_HeartbeatResponseNullInput_BadRequestResult" storage="d:\actions-runner\_work\xpco\xpco\corporate\recordingserver\recorderservice\tst\videoos.recorder.unittests\bin\x64\debug\net472\videoos.recorder.unittests.dll" id="61203c2b-fac1-ee3b-a5a4-736d5154f26c">
      <Execution id="ce83b835-b2cf-4806-bd24-d12316974dd4" />
      <TestMethod codeBase="D:\actions-runner\_work\XPCO\XPCO\Corporate\RecordingServer\RecorderService\tst\VideoOS.Recorder.UnitTests\bin\x64\Debug\net472\VideoOS.Recorder.UnitTests.dll" adapterTypeName="executor://mstestadapter/v2" className="VideoOS.Recorder.UnitTests.ResponseControllerTests" name="ResponseController_HeartbeatResponseNullInput_BadRequestResult" />
    </UnitTest>
    <UnitTest name="AddStatus_SendsStatus_OnSingleStatus" storage="d:\actions-runner\_work\xpco\xpco\corporate\recordingserver\recorderservice\tst\videoos.recorder.unittests\bin\x64\debug\net472\videoos.recorder.unittests.dll" id="dc72d8ed-219f-3c19-7d99-f2f2f2b8832a">
      <TestCategory>
        <TestCategoryItem TestCategory="RecorderStatus" />
      </TestCategory>
      <Execution id="7976820a-0445-4fb7-9e46-ad5bdb2a5b70" />
      <TestMethod codeBase="D:\actions-runner\_work\XPCO\XPCO\Corporate\RecordingServer\RecorderService\tst\VideoOS.Recorder.UnitTests\bin\x64\Debug\net472\VideoOS.Recorder.UnitTests.dll" adapterTypeName="executor://mstestadapter/v2" className="VideoOS.Recorder.UnitTests.RecorderStatusTests" name="AddStatus_SendsStatus_OnSingleStatus" />
    </UnitTest>
    <UnitTest name="SmartSearchHandlerBackwardTestDataWithMotionOnly" storage="d:\actions-runner\_work\xpco\xpco\corporate\recordingserver\recorderservice\tst\videoos.recorder.unittests\bin\x64\debug\net472\videoos.recorder.unittests.dll" id="c9e45c00-b261-7f78-a530-72f6c6f7c22c">
      <TestCategory>
        <TestCategoryItem TestCategory="SmartSearch" />
      </TestCategory>
      <Execution id="a09df3d9-9c24-47da-acd8-3a9d6fe6595b" />
      <TestMethod codeBase="D:\actions-runner\_work\XPCO\XPCO\Corporate\RecordingServer\RecorderService\tst\VideoOS.Recorder.UnitTests\bin\x64\Debug\net472\VideoOS.Recorder.UnitTests.dll" adapterTypeName="executor://mstestadapter/v2" className="VideoOS.Recorder.UnitTests.SmartSearch.SmartSearchHandlerTest" name="SmartSearchHandlerBackwardTestDataWithMotionOnly" />
    </UnitTest>
    <UnitTest name="RepairInfo_ParseRepairInfoXml_InValidXML_Throws" storage="d:\actions-runner\_work\xpco\xpco\corporate\recordingserver\recorderservice\tst\videoos.recorder.unittests\bin\x64\debug\net472\videoos.recorder.unittests.dll" id="23d822b9-5805-a7e4-84d0-61bec1cc15fa">
      <Execution id="b94a1063-8e1a-4ada-9825-8b4ba7f899ea" />
      <TestMethod codeBase="D:\actions-runner\_work\XPCO\XPCO\Corporate\RecordingServer\RecorderService\tst\VideoOS.Recorder.UnitTests\bin\x64\Debug\net472\VideoOS.Recorder.UnitTests.dll" adapterTypeName="executor://mstestadapter/v2" className="VideoOS.Recorder.UnitTests.Database.RepairInfoUnitTests" name="RepairInfo_ParseRepairInfoXml_InValidXML_Throws" />
    </UnitTest>
    <UnitTest name="ConfigFromDatasetStartRecordingCamera" storage="d:\actions-runner\_work\xpco\xpco\corporate\recordingserver\recorderservice\tst\videoos.recorder.unittests\bin\x64\debug\net472\videoos.recorder.unittests.dll" id="2ab34957-c977-2c1e-704f-3d8f1269fb08">
      <TestCategory>
        <TestCategoryItem TestCategory="ObjectModel.Device.RelatedDeviceHandler" />
      </TestCategory>
      <Execution id="7653cb27-206e-4905-9294-bee5e798b73d" />
      <TestMethod codeBase="D:\actions-runner\_work\XPCO\XPCO\Corporate\RecordingServer\RecorderService\tst\VideoOS.Recorder.UnitTests\bin\x64\Debug\net472\VideoOS.Recorder.UnitTests.dll" adapterTypeName="executor://mstestadapter/v2" className="VideoOS.Recorder.UnitTests.ObjectModel.RelatedDeviceHandlerTest" name="ConfigFromDatasetStartRecordingCamera" />
    </UnitTest>
    <UnitTest name="GetHardwareUsersCommandHandler_Execute_GetUserList_ThrowsNoHardwareAccess_Errors" storage="d:\actions-runner\_work\xpco\xpco\corporate\recordingserver\recorderservice\tst\videoos.recorder.unittests\bin\x64\debug\net472\videoos.recorder.unittests.dll" id="ae55d193-0e62-6ffd-aeff-f24e87e78031">
      <Execution id="517ba4f0-65be-4d34-8fbd-2583f93cfb58" />
      <TestMethod codeBase="D:\actions-runner\_work\XPCO\XPCO\Corporate\RecordingServer\RecorderService\tst\VideoOS.Recorder.UnitTests\bin\x64\Debug\net472\VideoOS.Recorder.UnitTests.dll" adapterTypeName="executor://mstestadapter/v2" className="VideoOS.Recorder.UnitTests.Command.GetHardwareUsersCommandHandlerUnitTests" name="GetHardwareUsersCommandHandler_Execute_GetUserList_ThrowsNoHardwareAccess_Errors" />
    </UnitTest>
    <UnitTest name="DeviceRecordKeyframesOnlyStateEvaluator_DoesNotThrowExceptions_OnNullAsDevice" storage="d:\actions-runner\_work\xpco\xpco\corporate\recordingserver\recorderservice\tst\videoos.recorder.unittests\bin\x64\debug\net472\videoos.recorder.unittests.dll" id="0d91b5df-4a31-6b2c-a0a6-5b0e5c1c1937">
      <TestCategory>
        <TestCategoryItem TestCategory="KeyframeRecording" />
      </TestCategory>
      <Execution id="b1ccebb1-1f98-4cb7-9f67-002e823e3aa5" />
      <TestMethod codeBase="D:\actions-runner\_work\XPCO\XPCO\Corporate\RecordingServer\RecorderService\tst\VideoOS.Recorder.UnitTests\bin\x64\Debug\net472\VideoOS.Recorder.UnitTests.dll" adapterTypeName="executor://mstestadapter/v2" className="VideoOS.Recorder.UnitTests.StateEvaluation.DeviceRecordKeyframesStateEvaluatorTests" name="DeviceRecordKeyframesOnlyStateEvaluator_DoesNotThrowExceptions_OnNullAsDevice" />
    </UnitTest>
    <UnitTest name="PtzStopSessionCommandHandler_Execute_PtzException_PtzSessionNotRunning" storage="d:\actions-runner\_work\xpco\xpco\corporate\recordingserver\recorderservice\tst\videoos.recorder.unittests\bin\x64\debug\net472\videoos.recorder.unittests.dll" id="7ffdf863-547e-af5e-1006-f11cf1deb01d">
      <Execution id="a4bc4a39-8def-43cb-b033-52bb4bcb94f8" />
      <TestMethod codeBase="D:\actions-runner\_work\XPCO\XPCO\Corporate\RecordingServer\RecorderService\tst\VideoOS.Recorder.UnitTests\bin\x64\Debug\net472\VideoOS.Recorder.UnitTests.dll" adapterTypeName="executor://mstestadapter/v2" className="VideoOS.Recorder.UnitTests.Command.PtzStopSessionCommandHandlerTest" name="PtzStopSessionCommandHandler_Execute_PtzException_PtzSessionNotRunning" />
    </UnitTest>
    <UnitTest name="GetNetworkConfigurationCommandHandler_Execute_GetNetworkConfiguration_ThrowsNoHardwareAccess_Reschedules_NoResponse" storage="d:\actions-runner\_work\xpco\xpco\corporate\recordingserver\recorderservice\tst\videoos.recorder.unittests\bin\x64\debug\net472\videoos.recorder.unittests.dll" id="934d43ab-8402-3739-3f4b-05a17737217f">
      <Execution id="a3241715-2967-4fdb-a575-53e0221206d8" />
      <TestMethod codeBase="D:\actions-runner\_work\XPCO\XPCO\Corporate\RecordingServer\RecorderService\tst\VideoOS.Recorder.UnitTests\bin\x64\Debug\net472\VideoOS.Recorder.UnitTests.dll" adapterTypeName="executor://mstestadapter/v2" className="VideoOS.Recorder.UnitTests.Command.GetNetworkConfigurationCommandHandlerUnitTests" name="GetNetworkConfigurationCommandHandler_Execute_GetNetworkConfiguration_ThrowsNoHardwareAccess_Reschedules_NoResponse" />
    </UnitTest>
    <UnitTest name="GetNetworkConfigurationCommandHandler_Execute_NullArgs_Throws" storage="d:\actions-runner\_work\xpco\xpco\corporate\recordingserver\recorderservice\tst\videoos.recorder.unittests\bin\x64\debug\net472\videoos.recorder.unittests.dll" id="a3b54414-fea2-96c6-9461-4e6c114da7c6">
      <Execution id="e4e339f3-abd8-499d-ad41-206a0eb35816" />
      <TestMethod codeBase="D:\actions-runner\_work\XPCO\XPCO\Corporate\RecordingServer\RecorderService\tst\VideoOS.Recorder.UnitTests\bin\x64\Debug\net472\VideoOS.Recorder.UnitTests.dll" adapterTypeName="executor://mstestadapter/v2" className="VideoOS.Recorder.UnitTests.Command.GetNetworkConfigurationCommandHandlerUnitTests" name="GetNetworkConfigurationCommandHandler_Execute_NullArgs_Throws" />
    </UnitTest>
    <UnitTest name="AddStatus_DoesNotSendStatus_OnRecorderNotConnected" storage="d:\actions-runner\_work\xpco\xpco\corporate\recordingserver\recorderservice\tst\videoos.recorder.unittests\bin\x64\debug\net472\videoos.recorder.unittests.dll" id="1c0fdb89-04ca-c360-83b3-439b0cf7f31e">
      <TestCategory>
        <TestCategoryItem TestCategory="RecorderStatus" />
      </TestCategory>
      <Execution id="a0a39929-3c37-4206-b330-4b9acd249dfd" />
      <TestMethod codeBase="D:\actions-runner\_work\XPCO\XPCO\Corporate\RecordingServer\RecorderService\tst\VideoOS.Recorder.UnitTests\bin\x64\Debug\net472\VideoOS.Recorder.UnitTests.dll" adapterTypeName="executor://mstestadapter/v2" className="VideoOS.Recorder.UnitTests.RecorderStatusTests" name="AddStatus_DoesNotSendStatus_OnRecorderNotConnected" />
    </UnitTest>
    <UnitTest name="SOAPCommandRequestHandler_ExecuteFunction_HandlePTZCenter_Success" storage="d:\actions-runner\_work\xpco\xpco\corporate\recordingserver\recorderservice\tst\videoos.recorder.unittests\bin\x64\debug\net472\videoos.recorder.unittests.dll" id="02b60c0f-fc89-23e4-e4da-208fe359b5d9">
      <Execution id="1dad6418-a028-4a80-8b38-de7dcf7190fa" />
      <TestMethod codeBase="D:\actions-runner\_work\XPCO\XPCO\Corporate\RecordingServer\RecorderService\tst\VideoOS.Recorder.UnitTests\bin\x64\Debug\net472\VideoOS.Recorder.UnitTests.dll" adapterTypeName="executor://mstestadapter/v2" className="VideoOS.Recorder.UnitTests.WebServer.SOAPCommandRequestHandlerTests" name="SOAPCommandRequestHandler_ExecuteFunction_HandlePTZCenter_Success" />
    </UnitTest>
    <UnitTest name="PtzManager_CenterOnPositionInView_NoResolution" storage="d:\actions-runner\_work\xpco\xpco\corporate\recordingserver\recorderservice\tst\videoos.recorder.unittests\bin\x64\debug\net472\videoos.recorder.unittests.dll" id="b8fe7c92-8c17-e5ef-3b8a-907bb082536b">
      <Execution id="c69f7bc3-9e58-432a-bcf3-6aabc193c992" />
      <TestMethod codeBase="D:\actions-runner\_work\XPCO\XPCO\Corporate\RecordingServer\RecorderService\tst\VideoOS.Recorder.UnitTests\bin\x64\Debug\net472\VideoOS.Recorder.UnitTests.dll" adapterTypeName="executor://mstestadapter/v2" className="VideoOS.Recorder.UnitTests.Command.PtzManagerTests" name="PtzManager_CenterOnPositionInView_NoResolution" />
    </UnitTest>
    <UnitTest name="ChangeHardwarePasswordCommandHandler_Execute_ChangePassword_ThrowsUsernameNotRecognized_Errors" storage="d:\actions-runner\_work\xpco\xpco\corporate\recordingserver\recorderservice\tst\videoos.recorder.unittests\bin\x64\debug\net472\videoos.recorder.unittests.dll" id="52d9a274-dcc7-2ec7-8f82-d51baba9422b">
      <Execution id="11d454fb-4ba6-46bf-9e3d-95b659e4695c" />
      <TestMethod codeBase="D:\actions-runner\_work\XPCO\XPCO\Corporate\RecordingServer\RecorderService\tst\VideoOS.Recorder.UnitTests\bin\x64\Debug\net472\VideoOS.Recorder.UnitTests.dll" adapterTypeName="executor://mstestadapter/v2" className="VideoOS.Recorder.UnitTests.Command.ChangeHardwarePasswordCommandHandlerUnitTests" name="ChangeHardwarePasswordCommandHandler_Execute_ChangePassword_ThrowsUsernameNotRecognized_Errors" />
    </UnitTest>
    <UnitTest name="ChangeHardwarePasswordCommandHandler_Execute_ChangePassword_ThrowsUnknownException_Errors" storage="d:\actions-runner\_work\xpco\xpco\corporate\recordingserver\recorderservice\tst\videoos.recorder.unittests\bin\x64\debug\net472\videoos.recorder.unittests.dll" id="c48f31d1-d49c-d915-c6b4-205ee053558b">
      <Execution id="03e4bad5-9dc7-45cc-aa08-d58578117bf4" />
      <TestMethod codeBase="D:\actions-runner\_work\XPCO\XPCO\Corporate\RecordingServer\RecorderService\tst\VideoOS.Recorder.UnitTests\bin\x64\Debug\net472\VideoOS.Recorder.UnitTests.dll" adapterTypeName="executor://mstestadapter/v2" className="VideoOS.Recorder.UnitTests.Command.ChangeHardwarePasswordCommandHandlerUnitTests" name="ChangeHardwarePasswordCommandHandler_Execute_ChangePassword_ThrowsUnknownException_Errors" />
    </UnitTest>
    <UnitTest name="ChangeHardwarePasswordCommandHandler_Execute_ChangePassword_ThrowsUnknownResult_Errors" storage="d:\actions-runner\_work\xpco\xpco\corporate\recordingserver\recorderservice\tst\videoos.recorder.unittests\bin\x64\debug\net472\videoos.recorder.unittests.dll" id="259a0ba7-bf70-4f5e-7ff2-4c769107ca3a">
      <Execution id="033c1c27-e0b0-472c-92ff-e11c9730047a" />
      <TestMethod codeBase="D:\actions-runner\_work\XPCO\XPCO\Corporate\RecordingServer\RecorderService\tst\VideoOS.Recorder.UnitTests\bin\x64\Debug\net472\VideoOS.Recorder.UnitTests.dll" adapterTypeName="executor://mstestadapter/v2" className="VideoOS.Recorder.UnitTests.Command.ChangeHardwarePasswordCommandHandlerUnitTests" name="ChangeHardwarePasswordCommandHandler_Execute_ChangePassword_ThrowsUnknownResult_Errors" />
    </UnitTest>
    <UnitTest name="SOAPCommandRequestHandler_ExecuteFunction_HandlePTZRectangle_NoBottom" storage="d:\actions-runner\_work\xpco\xpco\corporate\recordingserver\recorderservice\tst\videoos.recorder.unittests\bin\x64\debug\net472\videoos.recorder.unittests.dll" id="e5ec1b44-2ff0-dc1a-6ce7-de52cb9f8435">
      <Execution id="857b5b57-ca0b-4fad-9fa9-7f951e6f841a" />
      <TestMethod codeBase="D:\actions-runner\_work\XPCO\XPCO\Corporate\RecordingServer\RecorderService\tst\VideoOS.Recorder.UnitTests\bin\x64\Debug\net472\VideoOS.Recorder.UnitTests.dll" adapterTypeName="executor://mstestadapter/v2" className="VideoOS.Recorder.UnitTests.WebServer.SOAPCommandRequestHandlerTests" name="SOAPCommandRequestHandler_ExecuteFunction_HandlePTZRectangle_NoBottom" />
    </UnitTest>
    <UnitTest name="CheckExternalRecorderRegistrationCommandHandler_Execute_HardwareReadOnly_ErrorResponse" storage="d:\actions-runner\_work\xpco\xpco\corporate\recordingserver\recorderservice\tst\videoos.recorder.unittests\bin\x64\debug\net472\videoos.recorder.unittests.dll" id="34f2fcd0-692e-d784-b7f8-838f5156b834">
      <Execution id="2d5df88f-4c27-49e6-99b7-b96d6d56dc60" />
      <TestMethod codeBase="D:\actions-runner\_work\XPCO\XPCO\Corporate\RecordingServer\RecorderService\tst\VideoOS.Recorder.UnitTests\bin\x64\Debug\net472\VideoOS.Recorder.UnitTests.dll" adapterTypeName="executor://mstestadapter/v2" className="VideoOS.Recorder.UnitTests.Command.CheckExternalRecorderRegistrationCommandHandlerUnitTests" name="CheckExternalRecorderRegistrationCommandHandler_Execute_HardwareReadOnly_ErrorResponse" />
    </UnitTest>
    <UnitTest name="ReadMessageHeaders_Http_ISO_8859_1_Encoded_SpecialChars_ReadSuccess" storage="d:\actions-runner\_work\xpco\xpco\corporate\recordingserver\recorderservice\tst\videoos.recorder.unittests\bin\x64\debug\net472\videoos.recorder.unittests.dll" id="f33e04b6-aea3-7165-10c9-0390aed46af6">
      <Execution id="3904232f-2b5f-4637-bf8b-48cb27683607" />
      <TestMethod codeBase="D:\actions-runner\_work\XPCO\XPCO\Corporate\RecordingServer\RecorderService\tst\VideoOS.Recorder.UnitTests\bin\x64\Debug\net472\VideoOS.Recorder.UnitTests.dll" adapterTypeName="executor://mstestadapter/v2" className="VideoOS.Recorder.UnitTests.WebServer.WebRequestReaderUnitTests" name="ReadMessageHeaders_Http_ISO_8859_1_Encoded_SpecialChars_ReadSuccess" />
    </UnitTest>
    <UnitTest name="SOAPCommandRequestHandler_ExecuteFunction_HandlePresetGetList_Success" storage="d:\actions-runner\_work\xpco\xpco\corporate\recordingserver\recorderservice\tst\videoos.recorder.unittests\bin\x64\debug\net472\videoos.recorder.unittests.dll" id="ac280fea-aebb-b911-3019-ace37fbbdbc4">
      <Execution id="c7a7e533-09a3-4953-a150-67070e6f74a5" />
      <TestMethod codeBase="D:\actions-runner\_work\XPCO\XPCO\Corporate\RecordingServer\RecorderService\tst\VideoOS.Recorder.UnitTests\bin\x64\Debug\net472\VideoOS.Recorder.UnitTests.dll" adapterTypeName="executor://mstestadapter/v2" className="VideoOS.Recorder.UnitTests.WebServer.SOAPCommandRequestHandlerTests" name="SOAPCommandRequestHandler_ExecuteFunction_HandlePresetGetList_Success" />
    </UnitTest>
    <UnitTest name="GetHardwareUsersCommandHandler_Execute_InvalidUser_NoUserLevelString_ExpectedUsersReturned" storage="d:\actions-runner\_work\xpco\xpco\corporate\recordingserver\recorderservice\tst\videoos.recorder.unittests\bin\x64\debug\net472\videoos.recorder.unittests.dll" id="cd765419-3042-e952-affd-c5b3ad771e2f">
      <Execution id="f232935b-fc1d-4dbb-a8c4-9c197e7913ba" />
      <TestMethod codeBase="D:\actions-runner\_work\XPCO\XPCO\Corporate\RecordingServer\RecorderService\tst\VideoOS.Recorder.UnitTests\bin\x64\Debug\net472\VideoOS.Recorder.UnitTests.dll" adapterTypeName="executor://mstestadapter/v2" className="VideoOS.Recorder.UnitTests.Command.GetHardwareUsersCommandHandlerUnitTests" name="GetHardwareUsersCommandHandler_Execute_InvalidUser_NoUserLevelString_ExpectedUsersReturned" />
    </UnitTest>
    <UnitTest name="ResponseController_FailureResponseNullInput_BadRequestResult" storage="d:\actions-runner\_work\xpco\xpco\corporate\recordingserver\recorderservice\tst\videoos.recorder.unittests\bin\x64\debug\net472\videoos.recorder.unittests.dll" id="95735401-57f2-29c2-af3c-690c72a34c67">
      <Execution id="ca105170-46b2-422e-8cea-2acbd4be8dd8" />
      <TestMethod codeBase="D:\actions-runner\_work\XPCO\XPCO\Corporate\RecordingServer\RecorderService\tst\VideoOS.Recorder.UnitTests\bin\x64\Debug\net472\VideoOS.Recorder.UnitTests.dll" adapterTypeName="executor://mstestadapter/v2" className="VideoOS.Recorder.UnitTests.ResponseControllerTests" name="ResponseController_FailureResponseNullInput_BadRequestResult" />
    </UnitTest>
    <UnitTest name="GetNetworkConfigurationCommandHandler_Execute_GetNetworkConfiguration_ThrowsGenericException_Errors" storage="d:\actions-runner\_work\xpco\xpco\corporate\recordingserver\recorderservice\tst\videoos.recorder.unittests\bin\x64\debug\net472\videoos.recorder.unittests.dll" id="4c0a7728-07c5-1587-3917-977dc230f1dd">
      <Execution id="05d02b66-da38-4cc7-9a3d-79a9ff97a5ad" />
      <TestMethod codeBase="D:\actions-runner\_work\XPCO\XPCO\Corporate\RecordingServer\RecorderService\tst\VideoOS.Recorder.UnitTests\bin\x64\Debug\net472\VideoOS.Recorder.UnitTests.dll" adapterTypeName="executor://mstestadapter/v2" className="VideoOS.Recorder.UnitTests.Command.GetNetworkConfigurationCommandHandlerUnitTests" name="GetNetworkConfigurationCommandHandler_Execute_GetNetworkConfiguration_ThrowsGenericException_Errors" />
    </UnitTest>
    <UnitTest name="SynchronizeDevicePresetsCommandHandler_Execute_QueryPresetsFromDevice_Throws_NotSupportedException" storage="d:\actions-runner\_work\xpco\xpco\corporate\recordingserver\recorderservice\tst\videoos.recorder.unittests\bin\x64\debug\net472\videoos.recorder.unittests.dll" id="34ac2ba5-1b6f-85eb-c238-d653edd43abb">
      <Execution id="008694c0-1561-43be-acc9-473a18c081e9" />
      <TestMethod codeBase="D:\actions-runner\_work\XPCO\XPCO\Corporate\RecordingServer\RecorderService\tst\VideoOS.Recorder.UnitTests\bin\x64\Debug\net472\VideoOS.Recorder.UnitTests.dll" adapterTypeName="executor://mstestadapter/v2" className="VideoOS.Recorder.UnitTests.Command.SynchronizeDevicePresetsCommandHandlerUnitTests" name="SynchronizeDevicePresetsCommandHandler_Execute_QueryPresetsFromDevice_Throws_NotSupportedException" />
    </UnitTest>
    <UnitTest name="TestGopInfo" storage="d:\actions-runner\_work\xpco\xpco\corporate\recordingserver\recorderservice\tst\videoos.recorder.unittests\bin\x64\debug\net472\videoos.recorder.unittests.dll" id="ba3709cd-bff8-1868-8ed0-d189a988c77a">
      <TestCategory>
        <TestCategoryItem TestCategory="ObjectModel.PipelineStatistics" />
      </TestCategory>
      <Execution id="ec3ee9ff-7222-4fda-9527-6a9b7b1a8d50" />
      <TestMethod codeBase="D:\actions-runner\_work\XPCO\XPCO\Corporate\RecordingServer\RecorderService\tst\VideoOS.Recorder.UnitTests\bin\x64\Debug\net472\VideoOS.Recorder.UnitTests.dll" adapterTypeName="executor://mstestadapter/v2" className="VideoOS.Recorder.UnitTests.ObjectModel.Processors.PipelineStatisticsTest" name="TestGopInfo" />
    </UnitTest>
    <UnitTest name="RepairInfo_ParseRepairInfoXml_Null_NotRepairing" storage="d:\actions-runner\_work\xpco\xpco\corporate\recordingserver\recorderservice\tst\videoos.recorder.unittests\bin\x64\debug\net472\videoos.recorder.unittests.dll" id="dc6289e1-55df-6902-9dc5-70892f2b6f9a">
      <Execution id="0fe875c1-dc86-4a36-af0f-b7775ce0b757" />
      <TestMethod codeBase="D:\actions-runner\_work\XPCO\XPCO\Corporate\RecordingServer\RecorderService\tst\VideoOS.Recorder.UnitTests\bin\x64\Debug\net472\VideoOS.Recorder.UnitTests.dll" adapterTypeName="executor://mstestadapter/v2" className="VideoOS.Recorder.UnitTests.Database.RepairInfoUnitTests" name="RepairInfo_ParseRepairInfoXml_Null_NotRepairing" />
    </UnitTest>
    <UnitTest name="ResolveIdAndMessage_KnownRecorderEvents" storage="d:\actions-runner\_work\xpco\xpco\corporate\recordingserver\recorderservice\tst\videoos.recorder.unittests\bin\x64\debug\net472\videoos.recorder.unittests.dll" id="49e5e949-0b9c-2183-02c5-2dbb07d4851a">
      <Execution id="5bb17890-87b9-4be7-80f7-0471ed8b6d62" />
      <TestMethod codeBase="D:\actions-runner\_work\XPCO\XPCO\Corporate\RecordingServer\RecorderService\tst\VideoOS.Recorder.UnitTests\bin\x64\Debug\net472\VideoOS.Recorder.UnitTests.dll" adapterTypeName="executor://mstestadapter/v2" className="VideoOS.Recorder.UnitTests.RuleActions.SendSNMPTrapRuleActionTests" name="ResolveIdAndMessage_KnownRecorderEvents" />
    </UnitTest>
    <UnitTest name="SetupInitialHardwareUserCommandHandler_Execute_Success" storage="d:\actions-runner\_work\xpco\xpco\corporate\recordingserver\recorderservice\tst\videoos.recorder.unittests\bin\x64\debug\net472\videoos.recorder.unittests.dll" id="ae02b7b8-73a6-db4e-d23a-5f1b21336a35">
      <Execution id="e5b39f6c-6552-45b0-b474-917f0f52e283" />
      <TestMethod codeBase="D:\actions-runner\_work\XPCO\XPCO\Corporate\RecordingServer\RecorderService\tst\VideoOS.Recorder.UnitTests\bin\x64\Debug\net472\VideoOS.Recorder.UnitTests.dll" adapterTypeName="executor://mstestadapter/v2" className="VideoOS.Recorder.UnitTests.Command.SetupInitialHardwareUserCommandHandlerUnitTests" name="SetupInitialHardwareUserCommandHandler_Execute_Success" />
    </UnitTest>
    <UnitTest name="MediaDbCache_GetDiskUsageInformationBank_Timeout" storage="d:\actions-runner\_work\xpco\xpco\corporate\recordingserver\recorderservice\tst\videoos.recorder.unittests\bin\x64\debug\net472\videoos.recorder.unittests.dll" id="a10dfdfa-1693-7f2d-5dcd-e1b851bdafbf">
      <Execution id="589f0bce-7cfa-4356-804d-4b3033c2ae72" />
      <TestMethod codeBase="D:\actions-runner\_work\XPCO\XPCO\Corporate\RecordingServer\RecorderService\tst\VideoOS.Recorder.UnitTests\bin\x64\Debug\net472\VideoOS.Recorder.UnitTests.dll" adapterTypeName="executor://mstestadapter/v2" className="VideoOS.Recorder.UnitTests.Database.MediaDbCacheUnitTests" name="MediaDbCache_GetDiskUsageInformationBank_Timeout" />
    </UnitTest>
    <UnitTest name="OnTimer_TimerHasBeenStopped_TimerIsNotRestarted" storage="d:\actions-runner\_work\xpco\xpco\corporate\recordingserver\recorderservice\tst\videoos.recorder.unittests\bin\x64\debug\net472\videoos.recorder.unittests.dll" id="b4decefc-2fa8-3f4f-28b3-7c450bcc4c90">
      <Execution id="099f7408-ff42-4eec-988c-28fe450a848e" />
      <TestMethod codeBase="D:\actions-runner\_work\XPCO\XPCO\Corporate\RecordingServer\RecorderService\tst\VideoOS.Recorder.UnitTests\bin\x64\Debug\net472\VideoOS.Recorder.UnitTests.dll" adapterTypeName="executor://mstestadapter/v2" className="VideoOS.Recorder.UnitTests.PingManagerTests" name="OnTimer_TimerHasBeenStopped_TimerIsNotRestarted" />
    </UnitTest>
    <UnitTest name="SOAPCommandRequestHandler_ExecuteFunction_HandleSendDriverCommandWithResponse_NoCommand" storage="d:\actions-runner\_work\xpco\xpco\corporate\recordingserver\recorderservice\tst\videoos.recorder.unittests\bin\x64\debug\net472\videoos.recorder.unittests.dll" id="88cfe221-1dfd-9aab-dd1e-f67f1b757601">
      <Execution id="d6e1a863-bbce-4cb1-8cfb-0cc143673472" />
      <TestMethod codeBase="D:\actions-runner\_work\XPCO\XPCO\Corporate\RecordingServer\RecorderService\tst\VideoOS.Recorder.UnitTests\bin\x64\Debug\net472\VideoOS.Recorder.UnitTests.dll" adapterTypeName="executor://mstestadapter/v2" className="VideoOS.Recorder.UnitTests.WebServer.SOAPCommandRequestHandlerTests" name="SOAPCommandRequestHandler_ExecuteFunction_HandleSendDriverCommandWithResponse_NoCommand" />
    </UnitTest>
    <UnitTest name="GetNetworkConfigurationCommandHandler_Execute_Success" storage="d:\actions-runner\_work\xpco\xpco\corporate\recordingserver\recorderservice\tst\videoos.recorder.unittests\bin\x64\debug\net472\videoos.recorder.unittests.dll" id="f9197a69-e84f-037c-2da4-4124797622dc">
      <Execution id="7f7d54c9-2232-4d62-a70d-981dfee69d3c" />
      <TestMethod codeBase="D:\actions-runner\_work\XPCO\XPCO\Corporate\RecordingServer\RecorderService\tst\VideoOS.Recorder.UnitTests\bin\x64\Debug\net472\VideoOS.Recorder.UnitTests.dll" adapterTypeName="executor://mstestadapter/v2" className="VideoOS.Recorder.UnitTests.Command.GetNetworkConfigurationCommandHandlerUnitTests" name="GetNetworkConfigurationCommandHandler_Execute_Success" />
    </UnitTest>
    <UnitTest name="RemoveSource_SetsRecordAllFramesToFalse_OnOneSource" storage="d:\actions-runner\_work\xpco\xpco\corporate\recordingserver\recorderservice\tst\videoos.recorder.unittests\bin\x64\debug\net472\videoos.recorder.unittests.dll" id="54cdea7b-0376-4ef7-ebb0-2116290314a6">
      <TestCategory>
        <TestCategoryItem TestCategory="KeyframeRecording" />
      </TestCategory>
      <Execution id="03e0df60-cdd6-48df-b87c-305ab1a27745" />
      <TestMethod codeBase="D:\actions-runner\_work\XPCO\XPCO\Corporate\RecordingServer\RecorderService\tst\VideoOS.Recorder.UnitTests\bin\x64\Debug\net472\VideoOS.Recorder.UnitTests.dll" adapterTypeName="executor://mstestadapter/v2" className="VideoOS.Recorder.UnitTests.StateEvaluation.DeviceRecordKeyframesStateEvaluatorTests" name="RemoveSource_SetsRecordAllFramesToFalse_OnOneSource" />
    </UnitTest>
    <UnitTest name="SOAPCommandRequestHandler_ExecuteFunction_HandleSmartSearchStart_SearchMaskWidthLargerThan64" storage="d:\actions-runner\_work\xpco\xpco\corporate\recordingserver\recorderservice\tst\videoos.recorder.unittests\bin\x64\debug\net472\videoos.recorder.unittests.dll" id="432d8e11-fcbb-90fc-2203-e7463fa01fff">
      <Execution id="ec5b2dad-3b45-4651-a7c6-b9b29a4298b1" />
      <TestMethod codeBase="D:\actions-runner\_work\XPCO\XPCO\Corporate\RecordingServer\RecorderService\tst\VideoOS.Recorder.UnitTests\bin\x64\Debug\net472\VideoOS.Recorder.UnitTests.dll" adapterTypeName="executor://mstestadapter/v2" className="VideoOS.Recorder.UnitTests.WebServer.SOAPCommandRequestHandlerTests" name="SOAPCommandRequestHandler_ExecuteFunction_HandleSmartSearchStart_SearchMaskWidthLargerThan64" />
    </UnitTest>
    <UnitTest name="ConnectSuccess_Begin_Denied" storage="d:\actions-runner\_work\xpco\xpco\corporate\recordingserver\recorderservice\tst\videoos.recorder.unittests\bin\x64\debug\net472\videoos.recorder.unittests.dll" id="a319cef0-3e15-f923-0e74-77ec35379415">
      <Execution id="49840c5a-0b21-4d8e-b142-4714e9bb8758" />
      <TestMethod codeBase="D:\actions-runner\_work\XPCO\XPCO\Corporate\RecordingServer\RecorderService\tst\VideoOS.Recorder.UnitTests\bin\x64\Debug\net472\VideoOS.Recorder.UnitTests.dll" adapterTypeName="executor://mstestadapter/v2" className="VideoOS.Recorder.UnitTests.WebServer.ImageServerRequestHandlerTests" name="ConnectSuccess_Begin_Denied" />
    </UnitTest>
    <UnitTest name="RecordingStorageDeviceLinkEntries_Add_SameDeviceTwice_Throw_ArgumentException" storage="d:\actions-runner\_work\xpco\xpco\corporate\recordingserver\recorderservice\tst\videoos.recorder.unittests\bin\x64\debug\net472\videoos.recorder.unittests.dll" id="869a4a53-5865-9437-9c02-9b1317a774b2">
      <Execution id="4d4e9438-9e83-4793-8dcf-6f5a3ae97a71" />
      <TestMethod codeBase="D:\actions-runner\_work\XPCO\XPCO\Corporate\RecordingServer\RecorderService\tst\VideoOS.Recorder.UnitTests\bin\x64\Debug\net472\VideoOS.Recorder.UnitTests.dll" adapterTypeName="executor://mstestadapter/v2" className="VideoOS.Recorder.UnitTests.RecordingStorageDeviceLinkEntriesTests" name="RecordingStorageDeviceLinkEntries_Add_SameDeviceTwice_Throw_ArgumentException" />
    </UnitTest>
    <UnitTest name="DriverProxyInstanceManager_AddHardware_MoreStreamsThanMax_WarningLogged" storage="d:\actions-runner\_work\xpco\xpco\corporate\recordingserver\recorderservice\tst\videoos.recorder.unittests\bin\x64\debug\net472\videoos.recorder.unittests.dll" id="aea74159-7358-5879-bf8e-a1314c768404">
      <Execution id="869576b3-1cc9-4fe1-bb1c-74c6927bfa65" />
      <TestMethod codeBase="D:\actions-runner\_work\XPCO\XPCO\Corporate\RecordingServer\RecorderService\tst\VideoOS.Recorder.UnitTests\bin\x64\Debug\net472\VideoOS.Recorder.UnitTests.dll" adapterTypeName="executor://mstestadapter/v2" className="VideoOS.Recorder.UnitTests.DriverProxyInstanceManagerTests" name="DriverProxyInstanceManager_AddHardware_MoreStreamsThanMax_WarningLogged" />
    </UnitTest>
    <UnitTest name="HardwareSetupInformationCommandHandler_Execute_NoDuplicate_WithoutAAC_Success" storage="d:\actions-runner\_work\xpco\xpco\corporate\recordingserver\recorderservice\tst\videoos.recorder.unittests\bin\x64\debug\net472\videoos.recorder.unittests.dll" id="7e1b0d30-c3a4-f2dd-4592-e2d561a942fc">
      <Execution id="6d86d786-b895-48e2-a645-5d1393cef490" />
      <TestMethod codeBase="D:\actions-runner\_work\XPCO\XPCO\Corporate\RecordingServer\RecorderService\tst\VideoOS.Recorder.UnitTests\bin\x64\Debug\net472\VideoOS.Recorder.UnitTests.dll" adapterTypeName="executor://mstestadapter/v2" className="VideoOS.Recorder.UnitTests.Command.HardwareSetupInformationCommandHandlerUnitTests" name="HardwareSetupInformationCommandHandler_Execute_NoDuplicate_WithoutAAC_Success" />
    </UnitTest>
    <UnitTest name="PtzManager_PtzReserveSession_NoController" storage="d:\actions-runner\_work\xpco\xpco\corporate\recordingserver\recorderservice\tst\videoos.recorder.unittests\bin\x64\debug\net472\videoos.recorder.unittests.dll" id="68ec20e4-a52b-416a-af79-b921d11ca318">
      <Execution id="bb508658-4c44-4d07-ba9b-2fa31ed79806" />
      <TestMethod codeBase="D:\actions-runner\_work\XPCO\XPCO\Corporate\RecordingServer\RecorderService\tst\VideoOS.Recorder.UnitTests\bin\x64\Debug\net472\VideoOS.Recorder.UnitTests.dll" adapterTypeName="executor://mstestadapter/v2" className="VideoOS.Recorder.UnitTests.Command.PtzManagerTests" name="PtzManager_PtzReserveSession_NoController" />
    </UnitTest>
    <UnitTest name="EdgeStorageLimitsCheckBandwidthWaitNoLimit" storage="d:\actions-runner\_work\xpco\xpco\corporate\recordingserver\recorderservice\tst\videoos.recorder.unittests\bin\x64\debug\net472\videoos.recorder.unittests.dll" id="3bf74b72-629d-bf18-571c-389e0db388bc">
      <TestCategory>
        <TestCategoryItem TestCategory="EdgeStorageLimits" />
      </TestCategory>
      <Execution id="d9fe72a0-bd58-4a57-90ae-42c22c971a0d" />
      <TestMethod codeBase="D:\actions-runner\_work\XPCO\XPCO\Corporate\RecordingServer\RecorderService\tst\VideoOS.Recorder.UnitTests\bin\x64\Debug\net472\VideoOS.Recorder.UnitTests.dll" adapterTypeName="executor://mstestadapter/v2" className="VideoOS.Recorder.UnitTests.EdgeStorage.EdgeStorageLimitTests" name="EdgeStorageLimitsCheckBandwidthWaitNoLimit" />
    </UnitTest>
    <UnitTest name="SOAPCommandRequestHandler_ExecuteFunction_HandleTimeLineInformationGet_TimeLineInformationCount_NoTimeLineInformationTypes" storage="d:\actions-runner\_work\xpco\xpco\corporate\recordingserver\recorderservice\tst\videoos.recorder.unittests\bin\x64\debug\net472\videoos.recorder.unittests.dll" id="e31bfc8b-2529-b88a-3b33-8f8ac1f6d188">
      <Execution id="6cd68042-81ea-4839-ad4e-27248ede61b5" />
      <TestMethod codeBase="D:\actions-runner\_work\XPCO\XPCO\Corporate\RecordingServer\RecorderService\tst\VideoOS.Recorder.UnitTests\bin\x64\Debug\net472\VideoOS.Recorder.UnitTests.dll" adapterTypeName="executor://mstestadapter/v2" className="VideoOS.Recorder.UnitTests.WebServer.SOAPCommandRequestHandlerTests" name="SOAPCommandRequestHandler_ExecuteFunction_HandleTimeLineInformationGet_TimeLineInformationCount_NoTimeLineInformationTypes" />
    </UnitTest>
    <UnitTest name="PtzManager_OnDeviceRemoved_Success" storage="d:\actions-runner\_work\xpco\xpco\corporate\recordingserver\recorderservice\tst\videoos.recorder.unittests\bin\x64\debug\net472\videoos.recorder.unittests.dll" id="1195d5ba-2d52-6e07-6287-d306c966009c">
      <Execution id="ec9c54d6-1c98-4fe1-8e0c-d538e55d599a" />
      <TestMethod codeBase="D:\actions-runner\_work\XPCO\XPCO\Corporate\RecordingServer\RecorderService\tst\VideoOS.Recorder.UnitTests\bin\x64\Debug\net472\VideoOS.Recorder.UnitTests.dll" adapterTypeName="executor://mstestadapter/v2" className="VideoOS.Recorder.UnitTests.Command.PtzManagerTests" name="PtzManager_OnDeviceRemoved_Success" />
    </UnitTest>
    <UnitTest name="IsInRange_ShouldReturnTrue_WhenAddressStartEndAllSame" storage="d:\actions-runner\_work\xpco\xpco\corporate\recordingserver\recorderservice\tst\videoos.recorder.unittests\bin\x64\debug\net472\videoos.recorder.unittests.dll" id="5317f920-779e-2705-3fa5-3d4aba4bd056">
      <Execution id="d7a2902a-d7e3-4bad-a887-b3dcefe2094e" />
      <TestMethod codeBase="D:\actions-runner\_work\XPCO\XPCO\Corporate\RecordingServer\RecorderService\tst\VideoOS.Recorder.UnitTests\bin\x64\Debug\net472\VideoOS.Recorder.UnitTests.dll" adapterTypeName="executor://mstestadapter/v2" className="VideoOS.Recorder.UnitTests.DeviceDiscovery.MipDriversDiscoveryTaskTests" name="IsInRange_ShouldReturnTrue_WhenAddressStartEndAllSame" />
    </UnitTest>
    <UnitTest name="ChangeHardwarePasswordCommandHandler_Execute_HardwareBlocked_Errors" storage="d:\actions-runner\_work\xpco\xpco\corporate\recordingserver\recorderservice\tst\videoos.recorder.unittests\bin\x64\debug\net472\videoos.recorder.unittests.dll" id="6c34793f-a6f3-8058-34fc-6442ebc08e47">
      <Execution id="8a9661e1-d6dc-4bab-84f3-1dbefec30d8b" />
      <TestMethod codeBase="D:\actions-runner\_work\XPCO\XPCO\Corporate\RecordingServer\RecorderService\tst\VideoOS.Recorder.UnitTests\bin\x64\Debug\net472\VideoOS.Recorder.UnitTests.dll" adapterTypeName="executor://mstestadapter/v2" className="VideoOS.Recorder.UnitTests.Command.ChangeHardwarePasswordCommandHandlerUnitTests" name="ChangeHardwarePasswordCommandHandler_Execute_HardwareBlocked_Errors" />
    </UnitTest>
    <UnitTest name="MediaDbConfigurationWriter_WriteFailoverStorageConfiguration" storage="d:\actions-runner\_work\xpco\xpco\corporate\recordingserver\recorderservice\tst\videoos.recorder.unittests\bin\x64\debug\net472\videoos.recorder.unittests.dll" id="4630f054-24b7-f798-f6aa-0f2c71e021d2">
      <Execution id="8c350272-f593-47d1-b30d-339e2c80980d" />
      <TestMethod codeBase="D:\actions-runner\_work\XPCO\XPCO\Corporate\RecordingServer\RecorderService\tst\VideoOS.Recorder.UnitTests\bin\x64\Debug\net472\VideoOS.Recorder.UnitTests.dll" adapterTypeName="executor://mstestadapter/v2" className="VideoOS.Recorder.UnitTests.Database.MediaDbConfigurationWriterUnitTests" name="MediaDbConfigurationWriter_WriteFailoverStorageConfiguration" />
    </UnitTest>
    <UnitTest name="EdgeStorageLimitsConfigurationUpdate" storage="d:\actions-runner\_work\xpco\xpco\corporate\recordingserver\recorderservice\tst\videoos.recorder.unittests\bin\x64\debug\net472\videoos.recorder.unittests.dll" id="d5ff4925-5123-a441-1696-13d4f434dff2">
      <TestCategory>
        <TestCategoryItem TestCategory="EdgeStorageLimits" />
      </TestCategory>
      <Execution id="394547f9-18f2-4f36-9a50-adafa4f7a04f" />
      <TestMethod codeBase="D:\actions-runner\_work\XPCO\XPCO\Corporate\RecordingServer\RecorderService\tst\VideoOS.Recorder.UnitTests\bin\x64\Debug\net472\VideoOS.Recorder.UnitTests.dll" adapterTypeName="executor://mstestadapter/v2" className="VideoOS.Recorder.UnitTests.EdgeStorage.EdgeStorageLimitTests" name="EdgeStorageLimitsConfigurationUpdate" />
    </UnitTest>
    <UnitTest name="SOAPCommandRequestHandler_ExecuteFunction_HandlePTZRectangle_No_Priority" storage="d:\actions-runner\_work\xpco\xpco\corporate\recordingserver\recorderservice\tst\videoos.recorder.unittests\bin\x64\debug\net472\videoos.recorder.unittests.dll" id="34f2c998-801b-3b6c-34cf-595811976bdc">
      <Execution id="180cda71-3265-4f41-acc1-3049b31d5f61" />
      <TestMethod codeBase="D:\actions-runner\_work\XPCO\XPCO\Corporate\RecordingServer\RecorderService\tst\VideoOS.Recorder.UnitTests\bin\x64\Debug\net472\VideoOS.Recorder.UnitTests.dll" adapterTypeName="executor://mstestadapter/v2" className="VideoOS.Recorder.UnitTests.WebServer.SOAPCommandRequestHandlerTests" name="SOAPCommandRequestHandler_ExecuteFunction_HandlePTZRectangle_No_Priority" />
    </UnitTest>
    <UnitTest name="SOAPCommandRequestHandler_ExecuteFunction_HandleSmartSearchStart_NoSecurity" storage="d:\actions-runner\_work\xpco\xpco\corporate\recordingserver\recorderservice\tst\videoos.recorder.unittests\bin\x64\debug\net472\videoos.recorder.unittests.dll" id="dbe3aacb-c355-1c1b-31b2-6cbfe9c2ce45">
      <Execution id="e7f3c452-d4b1-4b9e-9d33-ce9a5c15c652" />
      <TestMethod codeBase="D:\actions-runner\_work\XPCO\XPCO\Corporate\RecordingServer\RecorderService\tst\VideoOS.Recorder.UnitTests\bin\x64\Debug\net472\VideoOS.Recorder.UnitTests.dll" adapterTypeName="executor://mstestadapter/v2" className="VideoOS.Recorder.UnitTests.WebServer.SOAPCommandRequestHandlerTests" name="SOAPCommandRequestHandler_ExecuteFunction_HandleSmartSearchStart_NoSecurity" />
    </UnitTest>
    <UnitTest name="CheckExternalRecorderRegistrationCommandHandler_Execute_HardwareBlocked_ErrorResponse" storage="d:\actions-runner\_work\xpco\xpco\corporate\recordingserver\recorderservice\tst\videoos.recorder.unittests\bin\x64\debug\net472\videoos.recorder.unittests.dll" id="0bdbc067-abaa-25d9-5c3e-c9afc1940448">
      <Execution id="13505ff1-7fe9-4373-8c8a-05e71f06d5a3" />
      <TestMethod codeBase="D:\actions-runner\_work\XPCO\XPCO\Corporate\RecordingServer\RecorderService\tst\VideoOS.Recorder.UnitTests\bin\x64\Debug\net472\VideoOS.Recorder.UnitTests.dll" adapterTypeName="executor://mstestadapter/v2" className="VideoOS.Recorder.UnitTests.Command.CheckExternalRecorderRegistrationCommandHandlerUnitTests" name="CheckExternalRecorderRegistrationCommandHandler_Execute_HardwareBlocked_ErrorResponse" />
    </UnitTest>
    <UnitTest name="ConnectSuccess_PrevSeqTime" storage="d:\actions-runner\_work\xpco\xpco\corporate\recordingserver\recorderservice\tst\videoos.recorder.unittests\bin\x64\debug\net472\videoos.recorder.unittests.dll" id="ee0be459-ac9f-d6d9-f9b3-c3e18f59a4c0">
      <Execution id="afd5acf0-bf9e-49dc-b53e-2349cd406fe4" />
      <TestMethod codeBase="D:\actions-runner\_work\XPCO\XPCO\Corporate\RecordingServer\RecorderService\tst\VideoOS.Recorder.UnitTests\bin\x64\Debug\net472\VideoOS.Recorder.UnitTests.dll" adapterTypeName="executor://mstestadapter/v2" className="VideoOS.Recorder.UnitTests.WebServer.ImageServerRequestHandlerTests" name="ConnectSuccess_PrevSeqTime" />
    </UnitTest>
    <UnitTest name="SOAPCommandRequestHandler_ExecuteFunction_HandleJPEGGetAt_Success" storage="d:\actions-runner\_work\xpco\xpco\corporate\recordingserver\recorderservice\tst\videoos.recorder.unittests\bin\x64\debug\net472\videoos.recorder.unittests.dll" id="940f6623-57ba-741d-40a2-9054e86fc6ab">
      <Execution id="2f45cf8b-c346-4209-8377-81638e33d5f7" />
      <TestMethod codeBase="D:\actions-runner\_work\XPCO\XPCO\Corporate\RecordingServer\RecorderService\tst\VideoOS.Recorder.UnitTests\bin\x64\Debug\net472\VideoOS.Recorder.UnitTests.dll" adapterTypeName="executor://mstestadapter/v2" className="VideoOS.Recorder.UnitTests.WebServer.SOAPCommandRequestHandlerTests" name="SOAPCommandRequestHandler_ExecuteFunction_HandleJPEGGetAt_Success" />
    </UnitTest>
    <UnitTest name="RecStorage_Startup_AllowStart_KeepFailing_Failure_KeepOffline" storage="d:\actions-runner\_work\xpco\xpco\corporate\recordingserver\recorderservice\tst\videoos.recorder.unittests\bin\x64\debug\net472\videoos.recorder.unittests.dll" id="e91cd25b-0914-e151-3d5f-581e9a917879">
      <Execution id="c30aa420-655a-464a-bc0b-7914bbfec943" />
      <TestMethod codeBase="D:\actions-runner\_work\XPCO\XPCO\Corporate\RecordingServer\RecorderService\tst\VideoOS.Recorder.UnitTests\bin\x64\Debug\net472\VideoOS.Recorder.UnitTests.dll" adapterTypeName="executor://mstestadapter/v2" className="VideoOS.Recorder.UnitTests.ObjectModel.MediaDbManagerUnitTests" name="RecStorage_Startup_AllowStart_KeepFailing_Failure_KeepOffline" />
    </UnitTest>
    <UnitTest name="RecStorage_Startup_AllowStart_NotKeepFailing_Failure_KeepOffline" storage="d:\actions-runner\_work\xpco\xpco\corporate\recordingserver\recorderservice\tst\videoos.recorder.unittests\bin\x64\debug\net472\videoos.recorder.unittests.dll" id="fa3fe36c-080a-b091-19a4-4b8bc14cc531">
      <Execution id="3979dfec-7934-4bf7-b166-00e1adbf6829" />
      <TestMethod codeBase="D:\actions-runner\_work\XPCO\XPCO\Corporate\RecordingServer\RecorderService\tst\VideoOS.Recorder.UnitTests\bin\x64\Debug\net472\VideoOS.Recorder.UnitTests.dll" adapterTypeName="executor://mstestadapter/v2" className="VideoOS.Recorder.UnitTests.ObjectModel.MediaDbManagerUnitTests" name="RecStorage_Startup_AllowStart_NotKeepFailing_Failure_KeepOffline" />
    </UnitTest>
    <UnitTest name="DatabaseoperationCommandhandler_FilterTrackIdsToThoseWithoutMediaOnRecorder_Exception_Causes_DataExists" storage="d:\actions-runner\_work\xpco\xpco\corporate\recordingserver\recorderservice\tst\videoos.recorder.unittests\bin\x64\debug\net472\videoos.recorder.unittests.dll" id="840bbbf3-3f27-34a0-63ad-36f507931947">
      <Execution id="2b9a2694-8c37-43f0-85c7-3b93bbc4ea14" />
      <TestMethod codeBase="D:\actions-runner\_work\XPCO\XPCO\Corporate\RecordingServer\RecorderService\tst\VideoOS.Recorder.UnitTests\bin\x64\Debug\net472\VideoOS.Recorder.UnitTests.dll" adapterTypeName="executor://mstestadapter/v2" className="VideoOS.Recorder.UnitTests.Command.DatabaseOperationCommandHandlerUnitTests" name="DatabaseoperationCommandhandler_FilterTrackIdsToThoseWithoutMediaOnRecorder_Exception_Causes_DataExists" />
    </UnitTest>
    <UnitTest name="SOAPCommandRequestHandler_ExecuteFunction_HandlePTZMoveStart_No_Security" storage="d:\actions-runner\_work\xpco\xpco\corporate\recordingserver\recorderservice\tst\videoos.recorder.unittests\bin\x64\debug\net472\videoos.recorder.unittests.dll" id="a1662c3e-6c90-6132-3f2b-3faf17a3029f">
      <Execution id="0aa9286f-d8a2-4aa9-8518-d21b9342565f" />
      <TestMethod codeBase="D:\actions-runner\_work\XPCO\XPCO\Corporate\RecordingServer\RecorderService\tst\VideoOS.Recorder.UnitTests\bin\x64\Debug\net472\VideoOS.Recorder.UnitTests.dll" adapterTypeName="executor://mstestadapter/v2" className="VideoOS.Recorder.UnitTests.WebServer.SOAPCommandRequestHandlerTests" name="SOAPCommandRequestHandler_ExecuteFunction_HandlePTZMoveStart_No_Security" />
    </UnitTest>
    <UnitTest name="DiffGramToApplyToOrigionalDataSetToMakeItIdenticalWithNewDataSet_HandleExistingUnmodifiedRows" storage="d:\actions-runner\_work\xpco\xpco\corporate\recordingserver\recorderservice\tst\videoos.recorder.unittests\bin\x64\debug\net472\videoos.recorder.unittests.dll" id="f3e4fa1d-85a8-98e6-f624-c5f6f260ae11">
      <Execution id="f359cd4c-104d-4f8e-8ffb-f45fdf302b69" />
      <TestMethod codeBase="D:\actions-runner\_work\XPCO\XPCO\Corporate\RecordingServer\RecorderService\tst\VideoOS.Recorder.UnitTests\bin\x64\Debug\net472\VideoOS.Recorder.UnitTests.dll" adapterTypeName="executor://mstestadapter/v2" className="VideoOS.Recorder.UnitTests.DataSetUtilityUnitTests" name="DiffGramToApplyToOrigionalDataSetToMakeItIdenticalWithNewDataSet_HandleExistingUnmodifiedRows" />
    </UnitTest>
    <UnitTest name="SmartSearchHandlerResultNotReadyException" storage="d:\actions-runner\_work\xpco\xpco\corporate\recordingserver\recorderservice\tst\videoos.recorder.unittests\bin\x64\debug\net472\videoos.recorder.unittests.dll" id="18d3b442-3af9-9ced-b5f4-c2bf6c6b45b3">
      <TestCategory>
        <TestCategoryItem TestCategory="SmartSearch" />
      </TestCategory>
      <Execution id="bed6e8b1-68f9-47ad-9652-5d347461f96b" />
      <TestMethod codeBase="D:\actions-runner\_work\XPCO\XPCO\Corporate\RecordingServer\RecorderService\tst\VideoOS.Recorder.UnitTests\bin\x64\Debug\net472\VideoOS.Recorder.UnitTests.dll" adapterTypeName="executor://mstestadapter/v2" className="VideoOS.Recorder.UnitTests.SmartSearch.SmartSearchHandlerTest" name="SmartSearchHandlerResultNotReadyException" />
    </UnitTest>
    <UnitTest name="AddHardwareUserCommandHandler_Execute_AddUser_ThrowsUserHandlingUnsupported_Errors" storage="d:\actions-runner\_work\xpco\xpco\corporate\recordingserver\recorderservice\tst\videoos.recorder.unittests\bin\x64\debug\net472\videoos.recorder.unittests.dll" id="28a5e745-2e74-06b3-7adf-49f1f58e769e">
      <Execution id="f3a502fd-9cf3-4fb8-b12d-1bc09bbb365d" />
      <TestMethod codeBase="D:\actions-runner\_work\XPCO\XPCO\Corporate\RecordingServer\RecorderService\tst\VideoOS.Recorder.UnitTests\bin\x64\Debug\net472\VideoOS.Recorder.UnitTests.dll" adapterTypeName="executor://mstestadapter/v2" className="VideoOS.Recorder.UnitTests.Command.AddHardwareUserCommandHandlerRecorderUnitTests" name="AddHardwareUserCommandHandler_Execute_AddUser_ThrowsUserHandlingUnsupported_Errors" />
    </UnitTest>
    <UnitTest name="PtzReleaseSessionCommandHandler_Execute_Device_Not_Found" storage="d:\actions-runner\_work\xpco\xpco\corporate\recordingserver\recorderservice\tst\videoos.recorder.unittests\bin\x64\debug\net472\videoos.recorder.unittests.dll" id="57cc1aeb-9d58-94a8-7948-9932f23c8c13">
      <Execution id="395b6dad-b5b4-49c9-8ffd-0d99fcafac64" />
      <TestMethod codeBase="D:\actions-runner\_work\XPCO\XPCO\Corporate\RecordingServer\RecorderService\tst\VideoOS.Recorder.UnitTests\bin\x64\Debug\net472\VideoOS.Recorder.UnitTests.dll" adapterTypeName="executor://mstestadapter/v2" className="VideoOS.Recorder.UnitTests.Command.PtzReleaseSessionCommandHandlerTest" name="PtzReleaseSessionCommandHandler_Execute_Device_Not_Found" />
    </UnitTest>
    <UnitTest name="PtzDefaultSession_Constructor_Success" storage="d:\actions-runner\_work\xpco\xpco\corporate\recordingserver\recorderservice\tst\videoos.recorder.unittests\bin\x64\debug\net472\videoos.recorder.unittests.dll" id="a009b559-c217-c582-8843-2e82f17d8aa6">
      <Execution id="3c58f704-fb36-4f16-a5e6-f5166b3e5e61" />
      <TestMethod codeBase="D:\actions-runner\_work\XPCO\XPCO\Corporate\RecordingServer\RecorderService\tst\VideoOS.Recorder.UnitTests\bin\x64\Debug\net472\VideoOS.Recorder.UnitTests.dll" adapterTypeName="executor://mstestadapter/v2" className="VideoOS.Recorder.UnitTests.Command.PtzSessionsTests" name="PtzDefaultSession_Constructor_Success" />
    </UnitTest>
    <UnitTest name="RemoveNotExistingRegistrationAllowed" storage="d:\actions-runner\_work\xpco\xpco\corporate\recordingserver\recorderservice\tst\videoos.recorder.unittests\bin\x64\debug\net472\videoos.recorder.unittests.dll" id="ddea05b6-294c-0745-bd8f-cb8c657bcad0">
      <Execution id="a3194e4b-8f8e-47d6-9421-9c119d427d7c" />
      <TestMethod codeBase="D:\actions-runner\_work\XPCO\XPCO\Corporate\RecordingServer\RecorderService\tst\VideoOS.Recorder.UnitTests\bin\x64\Debug\net472\VideoOS.Recorder.UnitTests.dll" adapterTypeName="executor://mstestadapter/v2" className="VideoOS.Recorder.UnitTests.Database.MediaDbLiveTableRegistrationTests" name="RemoveNotExistingRegistrationAllowed" />
    </UnitTest>
    <UnitTest name="AddStatus_DoesNotSendTheSameStatus_OnMultipleStatusCalls" storage="d:\actions-runner\_work\xpco\xpco\corporate\recordingserver\recorderservice\tst\videoos.recorder.unittests\bin\x64\debug\net472\videoos.recorder.unittests.dll" id="a9e1dd14-fe51-f317-1164-bb8a44f4e9b4">
      <TestCategory>
        <TestCategoryItem TestCategory="RecorderStatus" />
      </TestCategory>
      <Execution id="cc33a2a0-397d-4110-b120-aa69ff2ee334" />
      <TestMethod codeBase="D:\actions-runner\_work\XPCO\XPCO\Corporate\RecordingServer\RecorderService\tst\VideoOS.Recorder.UnitTests\bin\x64\Debug\net472\VideoOS.Recorder.UnitTests.dll" adapterTypeName="executor://mstestadapter/v2" className="VideoOS.Recorder.UnitTests.RecorderStatusTests" name="AddStatus_DoesNotSendTheSameStatus_OnMultipleStatusCalls" />
    </UnitTest>
    <UnitTest name="DeleteHardwareUserCommandHandler_Execute_HardwareBlocked_Errors" storage="d:\actions-runner\_work\xpco\xpco\corporate\recordingserver\recorderservice\tst\videoos.recorder.unittests\bin\x64\debug\net472\videoos.recorder.unittests.dll" id="67789090-e72a-5ffd-a348-a0b093e37aa4">
      <Execution id="57c46fa5-a271-4ea8-9aec-6f8f8b0b7f96" />
      <TestMethod codeBase="D:\actions-runner\_work\XPCO\XPCO\Corporate\RecordingServer\RecorderService\tst\VideoOS.Recorder.UnitTests\bin\x64\Debug\net472\VideoOS.Recorder.UnitTests.dll" adapterTypeName="executor://mstestadapter/v2" className="VideoOS.Recorder.UnitTests.Command.DeleteHardwareUserCommandHandlerTest" name="DeleteHardwareUserCommandHandler_Execute_HardwareBlocked_Errors" />
    </UnitTest>
    <UnitTest name="GetScanResult_AfterStopCalled_ShouldReturnCompleted" storage="d:\actions-runner\_work\xpco\xpco\corporate\recordingserver\recorderservice\tst\videoos.recorder.unittests\bin\x64\debug\net472\videoos.recorder.unittests.dll" id="315e97d1-1330-f212-eec9-b5651f1f7e0f">
      <Execution id="ea66c377-bf33-4411-9097-d8ecd7ce333b" />
      <TestMethod codeBase="D:\actions-runner\_work\XPCO\XPCO\Corporate\RecordingServer\RecorderService\tst\VideoOS.Recorder.UnitTests\bin\x64\Debug\net472\VideoOS.Recorder.UnitTests.dll" adapterTypeName="executor://mstestadapter/v2" className="VideoOS.Recorder.UnitTests.DeviceDiscovery.MipDriversDiscoveryTaskTests" name="GetScanResult_AfterStopCalled_ShouldReturnCompleted" />
    </UnitTest>
    <UnitTest name="UpdateRecorderTaskProgressAsync_NotConnectedAndBetween1And99_ShouldNotQueueCommand" storage="d:\actions-runner\_work\xpco\xpco\corporate\recordingserver\recorderservice\tst\videoos.recorder.unittests\bin\x64\debug\net472\videoos.recorder.unittests.dll" id="fe3d5e92-bf5b-5981-1f4a-9ee48255a44e">
      <Execution id="6eb1d765-4dd2-4aa0-bb3e-e8fb2cc462f4" />
      <TestMethod codeBase="D:\actions-runner\_work\XPCO\XPCO\Corporate\RecordingServer\RecorderService\tst\VideoOS.Recorder.UnitTests\bin\x64\Debug\net472\VideoOS.Recorder.UnitTests.dll" adapterTypeName="executor://mstestadapter/v2" className="VideoOS.Recorder.UnitTests.CommManagerWebApiTests" name="UpdateRecorderTaskProgressAsync_NotConnectedAndBetween1And99_ShouldNotQueueCommand" />
    </UnitTest>
    <UnitTest name="MediaDbCache_SetListFileSystemDiskUsage_Set_Twice_Caches_First" storage="d:\actions-runner\_work\xpco\xpco\corporate\recordingserver\recorderservice\tst\videoos.recorder.unittests\bin\x64\debug\net472\videoos.recorder.unittests.dll" id="39f8b12a-040d-3c65-8a53-4fb31ea1ab10">
      <Execution id="fac117da-56bb-4963-88ad-92ba3f5e9434" />
      <TestMethod codeBase="D:\actions-runner\_work\XPCO\XPCO\Corporate\RecordingServer\RecorderService\tst\VideoOS.Recorder.UnitTests\bin\x64\Debug\net472\VideoOS.Recorder.UnitTests.dll" adapterTypeName="executor://mstestadapter/v2" className="VideoOS.Recorder.UnitTests.Database.MediaDbCacheUnitTests" name="MediaDbCache_SetListFileSystemDiskUsage_Set_Twice_Caches_First" />
    </UnitTest>
    <UnitTest name="ResponseController_ValidSuccessResponse_SuccessResponseWithTokenCalledOnCommManager" storage="d:\actions-runner\_work\xpco\xpco\corporate\recordingserver\recorderservice\tst\videoos.recorder.unittests\bin\x64\debug\net472\videoos.recorder.unittests.dll" id="99eea56b-a501-2d1f-5337-803af4247826">
      <Execution id="652f1fb9-b49d-43df-a75e-07ffe7e5594c" />
      <TestMethod codeBase="D:\actions-runner\_work\XPCO\XPCO\Corporate\RecordingServer\RecorderService\tst\VideoOS.Recorder.UnitTests\bin\x64\Debug\net472\VideoOS.Recorder.UnitTests.dll" adapterTypeName="executor://mstestadapter/v2" className="VideoOS.Recorder.UnitTests.ResponseControllerTests" name="ResponseController_ValidSuccessResponse_SuccessResponseWithTokenCalledOnCommManager" />
    </UnitTest>
    <UnitTest name="OnTimer_TimerHasNotBeenStopped_TimerIsRestarted" storage="d:\actions-runner\_work\xpco\xpco\corporate\recordingserver\recorderservice\tst\videoos.recorder.unittests\bin\x64\debug\net472\videoos.recorder.unittests.dll" id="9b4b2588-e858-0004-8c68-110473ffe7d6">
      <Execution id="04f1fe19-d784-43e8-be9a-d15c1b63c306" />
      <TestMethod codeBase="D:\actions-runner\_work\XPCO\XPCO\Corporate\RecordingServer\RecorderService\tst\VideoOS.Recorder.UnitTests\bin\x64\Debug\net472\VideoOS.Recorder.UnitTests.dll" adapterTypeName="executor://mstestadapter/v2" className="VideoOS.Recorder.UnitTests.PingManagerTests" name="OnTimer_TimerHasNotBeenStopped_TimerIsRestarted" />
    </UnitTest>
    <UnitTest name="ResponseHandler_HandleResponse_Success_SendsMessageManagerCommand" storage="d:\actions-runner\_work\xpco\xpco\corporate\recordingserver\recorderservice\tst\videoos.recorder.unittests\bin\x64\debug\net472\videoos.recorder.unittests.dll" id="5f36fb77-a0ea-2cc3-265d-6c998397aeaf">
      <Execution id="85137fed-c08c-482f-92ee-7abff4a800f4" />
      <TestMethod codeBase="D:\actions-runner\_work\XPCO\XPCO\Corporate\RecordingServer\RecorderService\tst\VideoOS.Recorder.UnitTests\bin\x64\Debug\net472\VideoOS.Recorder.UnitTests.dll" adapterTypeName="executor://mstestadapter/v2" className="VideoOS.Recorder.UnitTests.DriverUpdateHelperUnitTests" name="ResponseHandler_HandleResponse_Success_SendsMessageManagerCommand" />
    </UnitTest>
    <UnitTest name="SOAPCommandRequestHandler_ExecuteFunction_HandleJPEGGetAt_NoTime" storage="d:\actions-runner\_work\xpco\xpco\corporate\recordingserver\recorderservice\tst\videoos.recorder.unittests\bin\x64\debug\net472\videoos.recorder.unittests.dll" id="1305c141-a0e3-24aa-3477-4be19c2cf492">
      <Execution id="4d9a33c8-9d73-40b5-aaa5-90767557e3cf" />
      <TestMethod codeBase="D:\actions-runner\_work\XPCO\XPCO\Corporate\RecordingServer\RecorderService\tst\VideoOS.Recorder.UnitTests\bin\x64\Debug\net472\VideoOS.Recorder.UnitTests.dll" adapterTypeName="executor://mstestadapter/v2" className="VideoOS.Recorder.UnitTests.WebServer.SOAPCommandRequestHandlerTests" name="SOAPCommandRequestHandler_ExecuteFunction_HandleJPEGGetAt_NoTime" />
    </UnitTest>
    <UnitTest name="FilterTrackIdsToThoseThatShouldNotHaveMediaOnRecorder_InternalStateStartedWithIncompatibleServer_ReturnsEmptyArray" storage="d:\actions-runner\_work\xpco\xpco\corporate\recordingserver\recorderservice\tst\videoos.recorder.unittests\bin\x64\debug\net472\videoos.recorder.unittests.dll" id="48a0174a-969e-aeff-81b3-935201a07798">
      <Execution id="3978c8b2-e681-4d83-85d7-653bd69e7040" />
      <TestMethod codeBase="D:\actions-runner\_work\XPCO\XPCO\Corporate\RecordingServer\RecorderService\tst\VideoOS.Recorder.UnitTests\bin\x64\Debug\net472\VideoOS.Recorder.UnitTests.dll" adapterTypeName="executor://mstestadapter/v2" className="VideoOS.Recorder.UnitTests.CommManagerWebApiTests" name="FilterTrackIdsToThoseThatShouldNotHaveMediaOnRecorder_InternalStateStartedWithIncompatibleServer_ReturnsEmptyArray" />
    </UnitTest>
    <UnitTest name="CallStartMethodForCamera" storage="d:\actions-runner\_work\xpco\xpco\corporate\recordingserver\recorderservice\tst\videoos.recorder.unittests\bin\x64\debug\net472\videoos.recorder.unittests.dll" id="bbd4503c-8460-7be2-44cb-c192c30ff36f">
      <TestCategory>
        <TestCategoryItem TestCategory="ObjectModel.Device.RelatedDeviceHandler" />
      </TestCategory>
      <Execution id="ca65e953-3941-4838-9e94-6458c145d665" />
      <TestMethod codeBase="D:\actions-runner\_work\XPCO\XPCO\Corporate\RecordingServer\RecorderService\tst\VideoOS.Recorder.UnitTests\bin\x64\Debug\net472\VideoOS.Recorder.UnitTests.dll" adapterTypeName="executor://mstestadapter/v2" className="VideoOS.Recorder.UnitTests.ObjectModel.RelatedDeviceHandlerTest" name="CallStartMethodForCamera" />
    </UnitTest>
    <UnitTest name="SetupInitialHardwareUserCommandHandler_Execute_SetupUser_ThrowsUserHandlingUnknownError_Errors" storage="d:\actions-runner\_work\xpco\xpco\corporate\recordingserver\recorderservice\tst\videoos.recorder.unittests\bin\x64\debug\net472\videoos.recorder.unittests.dll" id="784278f8-76d7-4e45-f1a2-2e6a30fea534">
      <Execution id="c0042249-456e-4bec-b79e-baa7f959279e" />
      <TestMethod codeBase="D:\actions-runner\_work\XPCO\XPCO\Corporate\RecordingServer\RecorderService\tst\VideoOS.Recorder.UnitTests\bin\x64\Debug\net472\VideoOS.Recorder.UnitTests.dll" adapterTypeName="executor://mstestadapter/v2" className="VideoOS.Recorder.UnitTests.Command.SetupInitialHardwareUserCommandHandlerUnitTests" name="SetupInitialHardwareUserCommandHandler_Execute_SetupUser_ThrowsUserHandlingUnknownError_Errors" />
    </UnitTest>
    <UnitTest name="UpdateHardwareStateTrue_StartHardware_EngineNotStarted_HardwareNotStarting" storage="d:\actions-runner\_work\xpco\xpco\corporate\recordingserver\recorderservice\tst\videoos.recorder.unittests\bin\x64\debug\net472\videoos.recorder.unittests.dll" id="5452fb0d-baa3-2633-b1f5-73b1c7fb2b59">
      <Execution id="e890def4-6de3-4778-9c36-88e7ab7f583a" />
      <TestMethod codeBase="D:\actions-runner\_work\XPCO\XPCO\Corporate\RecordingServer\RecorderService\tst\VideoOS.Recorder.UnitTests\bin\x64\Debug\net472\VideoOS.Recorder.UnitTests.dll" adapterTypeName="executor://mstestadapter/v2" className="VideoOS.Recorder.UnitTests.Command.UpdateHardwareCommandTest" name="UpdateHardwareStateTrue_StartHardware_EngineNotStarted_HardwareNotStarting" />
    </UnitTest>
    <UnitTest name="FailoverMediaMover_MoveMediaDataHere_Stop_Signalled_2nd_Time" storage="d:\actions-runner\_work\xpco\xpco\corporate\recordingserver\recorderservice\tst\videoos.recorder.unittests\bin\x64\debug\net472\videoos.recorder.unittests.dll" id="398b03d6-8db0-a876-f4f2-221b13127931">
      <Execution id="6148e932-9f22-4799-8dc0-c0bc1c080694" />
      <TestMethod codeBase="D:\actions-runner\_work\XPCO\XPCO\Corporate\RecordingServer\RecorderService\tst\VideoOS.Recorder.UnitTests\bin\x64\Debug\net472\VideoOS.Recorder.UnitTests.dll" adapterTypeName="executor://mstestadapter/v2" className="VideoOS.Recorder.UnitTests.FailoverMediaMoverUnitTests" name="FailoverMediaMover_MoveMediaDataHere_Stop_Signalled_2nd_Time" />
    </UnitTest>
    <UnitTest name="ConnectSuccessSimple_CameraWithStream" storage="d:\actions-runner\_work\xpco\xpco\corporate\recordingserver\recorderservice\tst\videoos.recorder.unittests\bin\x64\debug\net472\videoos.recorder.unittests.dll" id="1d8885de-4a7c-76c0-90a9-db5aab3e3fe8">
      <Execution id="f33d8763-2294-48b1-93d9-c079492fbb6e" />
      <TestMethod codeBase="D:\actions-runner\_work\XPCO\XPCO\Corporate\RecordingServer\RecorderService\tst\VideoOS.Recorder.UnitTests\bin\x64\Debug\net472\VideoOS.Recorder.UnitTests.dll" adapterTypeName="executor://mstestadapter/v2" className="VideoOS.Recorder.UnitTests.WebServer.ImageServerRequestHandlerTests" name="ConnectSuccessSimple_CameraWithStream" />
    </UnitTest>
    <UnitTest name="ProcessRequest_Html_Success" storage="d:\actions-runner\_work\xpco\xpco\corporate\recordingserver\recorderservice\tst\videoos.recorder.unittests\bin\x64\debug\net472\videoos.recorder.unittests.dll" id="c20e4440-ba71-8139-0f29-5a510275838b">
      <Execution id="2a1a22d1-292a-44c9-b458-7fe020a1a5a7" />
      <TestMethod codeBase="D:\actions-runner\_work\XPCO\XPCO\Corporate\RecordingServer\RecorderService\tst\VideoOS.Recorder.UnitTests\bin\x64\Debug\net472\VideoOS.Recorder.UnitTests.dll" adapterTypeName="executor://mstestadapter/v2" className="VideoOS.Recorder.UnitTests.WebServer.TransferBufferHtmlPageUnitTests" name="ProcessRequest_Html_Success" />
    </UnitTest>
    <UnitTest name="PtzManager_SetConfiguration_OutOfMemoryException" storage="d:\actions-runner\_work\xpco\xpco\corporate\recordingserver\recorderservice\tst\videoos.recorder.unittests\bin\x64\debug\net472\videoos.recorder.unittests.dll" id="6df90a90-c0c6-6730-558b-7cd6b1287bdd">
      <Execution id="de0b219d-2d56-418d-b80e-356655ab6f58" />
      <TestMethod codeBase="D:\actions-runner\_work\XPCO\XPCO\Corporate\RecordingServer\RecorderService\tst\VideoOS.Recorder.UnitTests\bin\x64\Debug\net472\VideoOS.Recorder.UnitTests.dll" adapterTypeName="executor://mstestadapter/v2" className="VideoOS.Recorder.UnitTests.Command.PtzManagerTests" name="PtzManager_SetConfiguration_OutOfMemoryException" />
    </UnitTest>
    <UnitTest name="SynchronizeDevicePresetsCommandHandler_Execute_NullArgs_Throws" storage="d:\actions-runner\_work\xpco\xpco\corporate\recordingserver\recorderservice\tst\videoos.recorder.unittests\bin\x64\debug\net472\videoos.recorder.unittests.dll" id="30379ff7-9935-685d-f9d8-a61187b11262">
      <Execution id="b760da84-b791-42db-a98b-c77a7a2422ab" />
      <TestMethod codeBase="D:\actions-runner\_work\XPCO\XPCO\Corporate\RecordingServer\RecorderService\tst\VideoOS.Recorder.UnitTests\bin\x64\Debug\net472\VideoOS.Recorder.UnitTests.dll" adapterTypeName="executor://mstestadapter/v2" className="VideoOS.Recorder.UnitTests.Command.SynchronizeDevicePresetsCommandHandlerUnitTests" name="SynchronizeDevicePresetsCommandHandler_Execute_NullArgs_Throws" />
    </UnitTest>
    <UnitTest name="GoIntoOverflowOnFrames" storage="d:\actions-runner\_work\xpco\xpco\corporate\recordingserver\recorderservice\tst\videoos.recorder.unittests\bin\x64\debug\net472\videoos.recorder.unittests.dll" id="37723956-86e6-61c6-7a9b-c8c4a514efc9">
      <TestCategory>
        <TestCategoryItem TestCategory="ObjectModel.Processors.PipelineQueue" />
      </TestCategory>
      <Execution id="cc7b2d8f-95bc-439b-ae7a-2378daa32c17" />
      <TestMethod codeBase="D:\actions-runner\_work\XPCO\XPCO\Corporate\RecordingServer\RecorderService\tst\VideoOS.Recorder.UnitTests\bin\x64\Debug\net472\VideoOS.Recorder.UnitTests.dll" adapterTypeName="executor://mstestadapter/v2" className="VideoOS.Recorder.UnitTests.ObjectModel.Processors.PipelineQueueTest" name="GoIntoOverflowOnFrames" />
    </UnitTest>
    <UnitTest name="HardwareSetupInformationCommandHandler_Ctor_Null_ThrowArgumentNullException" storage="d:\actions-runner\_work\xpco\xpco\corporate\recordingserver\recorderservice\tst\videoos.recorder.unittests\bin\x64\debug\net472\videoos.recorder.unittests.dll" id="9cbfbcb0-332e-6532-6b5f-4a3268f1cc19">
      <Execution id="22e47d48-c600-4451-9a20-e43e655fc30e" />
      <TestMethod codeBase="D:\actions-runner\_work\XPCO\XPCO\Corporate\RecordingServer\RecorderService\tst\VideoOS.Recorder.UnitTests\bin\x64\Debug\net472\VideoOS.Recorder.UnitTests.dll" adapterTypeName="executor://mstestadapter/v2" className="VideoOS.Recorder.UnitTests.Command.HardwareSetupInformationCommandHandlerUnitTests" name="HardwareSetupInformationCommandHandler_Ctor_Null_ThrowArgumentNullException" />
    </UnitTest>
    <UnitTest name="FullStatusAlgorithm_EvaluateFullStatusRequired_KeepAlive_Success" storage="d:\actions-runner\_work\xpco\xpco\corporate\recordingserver\recorderservice\tst\videoos.recorder.unittests\bin\x64\debug\net472\videoos.recorder.unittests.dll" id="839827ff-4a27-06ff-ccdf-958e7d26c314">
      <Execution id="c9c09bca-c16a-4445-9f9a-873d48239ec4" />
      <TestMethod codeBase="D:\actions-runner\_work\XPCO\XPCO\Corporate\RecordingServer\RecorderService\tst\VideoOS.Recorder.UnitTests\bin\x64\Debug\net472\VideoOS.Recorder.UnitTests.dll" adapterTypeName="executor://mstestadapter/v2" className="VideoOS.Recorder.UnitTests.Multicast.FullStatusAlgorithmUnitTests" name="FullStatusAlgorithm_EvaluateFullStatusRequired_KeepAlive_Success" />
    </UnitTest>
    <UnitTest name="GetRecorderTasksWithPendingStop_InternalStateStopped_ReturnsNull" storage="d:\actions-runner\_work\xpco\xpco\corporate\recordingserver\recorderservice\tst\videoos.recorder.unittests\bin\x64\debug\net472\videoos.recorder.unittests.dll" id="01e4eee8-390a-a03d-6f7a-91218197b87f">
      <Execution id="f95ecf47-b7cd-4334-b220-7dc160fb2c7c" />
      <TestMethod codeBase="D:\actions-runner\_work\XPCO\XPCO\Corporate\RecordingServer\RecorderService\tst\VideoOS.Recorder.UnitTests\bin\x64\Debug\net472\VideoOS.Recorder.UnitTests.dll" adapterTypeName="executor://mstestadapter/v2" className="VideoOS.Recorder.UnitTests.CommManagerWebApiTests" name="GetRecorderTasksWithPendingStop_InternalStateStopped_ReturnsNull" />
    </UnitTest>
    <UnitTest name="SetupInitialHardwareUserCommandHandler_Execute_SetupUser_ThrowsUserHandlingUserNameTooShortrError_Errors" storage="d:\actions-runner\_work\xpco\xpco\corporate\recordingserver\recorderservice\tst\videoos.recorder.unittests\bin\x64\debug\net472\videoos.recorder.unittests.dll" id="d0184c79-09ca-438e-e6fe-64ddf8949d4b">
      <Execution id="0fde551a-3720-4386-91e2-21ee990989ae" />
      <TestMethod codeBase="D:\actions-runner\_work\XPCO\XPCO\Corporate\RecordingServer\RecorderService\tst\VideoOS.Recorder.UnitTests\bin\x64\Debug\net472\VideoOS.Recorder.UnitTests.dll" adapterTypeName="executor://mstestadapter/v2" className="VideoOS.Recorder.UnitTests.Command.SetupInitialHardwareUserCommandHandlerUnitTests" name="SetupInitialHardwareUserCommandHandler_Execute_SetupUser_ThrowsUserHandlingUserNameTooShortrError_Errors" />
    </UnitTest>
    <UnitTest name="PerformDatabaseOperation_IsValid_NoContent" storage="d:\actions-runner\_work\xpco\xpco\corporate\recordingserver\recorderservice\tst\videoos.recorder.unittests\bin\x64\debug\net472\videoos.recorder.unittests.dll" id="6383d062-2257-001d-5c0b-9ab1d5dea930">
      <Execution id="f69a5f11-f3f3-4aa2-8a3d-d6eccbacd40e" />
      <TestMethod codeBase="D:\actions-runner\_work\XPCO\XPCO\Corporate\RecordingServer\RecorderService\tst\VideoOS.Recorder.UnitTests\bin\x64\Debug\net472\VideoOS.Recorder.UnitTests.dll" adapterTypeName="executor://mstestadapter/v2" className="VideoOS.Recorder.UnitTests.DatabaseControllerTests" name="PerformDatabaseOperation_IsValid_NoContent" />
    </UnitTest>
    <UnitTest name="SetupInitialHardwareUserCommandHandler_Execute_SetupUser_ThrowsUserHandlingInvalidCharacterError_Errors" storage="d:\actions-runner\_work\xpco\xpco\corporate\recordingserver\recorderservice\tst\videoos.recorder.unittests\bin\x64\debug\net472\videoos.recorder.unittests.dll" id="69c4179d-03e4-0f15-38a7-eafb887b7992">
      <Execution id="12d6061e-0394-4178-ad2d-2cac863e760c" />
      <TestMethod codeBase="D:\actions-runner\_work\XPCO\XPCO\Corporate\RecordingServer\RecorderService\tst\VideoOS.Recorder.UnitTests\bin\x64\Debug\net472\VideoOS.Recorder.UnitTests.dll" adapterTypeName="executor://mstestadapter/v2" className="VideoOS.Recorder.UnitTests.Command.SetupInitialHardwareUserCommandHandlerUnitTests" name="SetupInitialHardwareUserCommandHandler_Execute_SetupUser_ThrowsUserHandlingInvalidCharacterError_Errors" />
    </UnitTest>
    <UnitTest name="PrepareMoveHardwareCommandHandler_Constructor_RecorderEnvironmentNull_ArgumentNullException" storage="d:\actions-runner\_work\xpco\xpco\corporate\recordingserver\recorderservice\tst\videoos.recorder.unittests\bin\x64\debug\net472\videoos.recorder.unittests.dll" id="ad601ddf-dc98-e045-4ff8-ebd544618780">
      <Execution id="c2588d0a-1f27-4c18-938d-88df8b8f6a8f" />
      <TestMethod codeBase="D:\actions-runner\_work\XPCO\XPCO\Corporate\RecordingServer\RecorderService\tst\VideoOS.Recorder.UnitTests\bin\x64\Debug\net472\VideoOS.Recorder.UnitTests.dll" adapterTypeName="executor://mstestadapter/v2" className="VideoOS.Recorder.UnitTests.Command.PrepareMoveHardwareCommandHandlerTests" name="PrepareMoveHardwareCommandHandler_Constructor_RecorderEnvironmentNull_ArgumentNullException" />
    </UnitTest>
    <UnitTest name="SOAPCommandRequestHandler_ExecuteFunction_HandlePTZCenter_NoCenterX" storage="d:\actions-runner\_work\xpco\xpco\corporate\recordingserver\recorderservice\tst\videoos.recorder.unittests\bin\x64\debug\net472\videoos.recorder.unittests.dll" id="388c476d-d34c-7f6e-8d71-ebbe746479a4">
      <Execution id="d2572bf2-d93b-42f9-a61f-bd47f85668d6" />
      <TestMethod codeBase="D:\actions-runner\_work\XPCO\XPCO\Corporate\RecordingServer\RecorderService\tst\VideoOS.Recorder.UnitTests\bin\x64\Debug\net472\VideoOS.Recorder.UnitTests.dll" adapterTypeName="executor://mstestadapter/v2" className="VideoOS.Recorder.UnitTests.WebServer.SOAPCommandRequestHandlerTests" name="SOAPCommandRequestHandler_ExecuteFunction_HandlePTZCenter_NoCenterX" />
    </UnitTest>
    <UnitTest name="SOAPCommandRequestHandler_ExecuteFunction_HandleMulticastStart_User_Doesnt_Have_Permission" storage="d:\actions-runner\_work\xpco\xpco\corporate\recordingserver\recorderservice\tst\videoos.recorder.unittests\bin\x64\debug\net472\videoos.recorder.unittests.dll" id="eea4a727-ddb2-888f-62e7-07ea18cdcc69">
      <Execution id="8489c87f-a26f-4b2a-9de1-5d41f9b5576a" />
      <TestMethod codeBase="D:\actions-runner\_work\XPCO\XPCO\Corporate\RecordingServer\RecorderService\tst\VideoOS.Recorder.UnitTests\bin\x64\Debug\net472\VideoOS.Recorder.UnitTests.dll" adapterTypeName="executor://mstestadapter/v2" className="VideoOS.Recorder.UnitTests.WebServer.SOAPCommandRequestHandlerTests" name="SOAPCommandRequestHandler_ExecuteFunction_HandleMulticastStart_User_Doesnt_Have_Permission" />
    </UnitTest>
    <UnitTest name="GetRecorderTasks_InternalStateStartedOneTasks_ReturnsArrayWithOneElement" storage="d:\actions-runner\_work\xpco\xpco\corporate\recordingserver\recorderservice\tst\videoos.recorder.unittests\bin\x64\debug\net472\videoos.recorder.unittests.dll" id="23023931-38f4-b11a-6912-c7fb16e03400">
      <Execution id="ab8ff20b-7efb-4265-afc7-d2064d0a11e0" />
      <TestMethod codeBase="D:\actions-runner\_work\XPCO\XPCO\Corporate\RecordingServer\RecorderService\tst\VideoOS.Recorder.UnitTests\bin\x64\Debug\net472\VideoOS.Recorder.UnitTests.dll" adapterTypeName="executor://mstestadapter/v2" className="VideoOS.Recorder.UnitTests.CommManagerWebApiTests" name="GetRecorderTasks_InternalStateStartedOneTasks_ReturnsArrayWithOneElement" />
    </UnitTest>
    <UnitTest name="RemoveStatus_SendsOriginalStatus_OnAddedStatus" storage="d:\actions-runner\_work\xpco\xpco\corporate\recordingserver\recorderservice\tst\videoos.recorder.unittests\bin\x64\debug\net472\videoos.recorder.unittests.dll" id="74a7161d-5c30-962d-e325-efebe9b72001">
      <TestCategory>
        <TestCategoryItem TestCategory="RecorderStatus" />
      </TestCategory>
      <Execution id="25568a50-a58c-43ba-9d37-d51bdd94e5ae" />
      <TestMethod codeBase="D:\actions-runner\_work\XPCO\XPCO\Corporate\RecordingServer\RecorderService\tst\VideoOS.Recorder.UnitTests\bin\x64\Debug\net472\VideoOS.Recorder.UnitTests.dll" adapterTypeName="executor://mstestadapter/v2" className="VideoOS.Recorder.UnitTests.RecorderStatusTests" name="RemoveStatus_SendsOriginalStatus_OnAddedStatus" />
    </UnitTest>
    <UnitTest name="SetConfiguration_Null_Throws_ArgumentNullException" storage="d:\actions-runner\_work\xpco\xpco\corporate\recordingserver\recorderservice\tst\videoos.recorder.unittests\bin\x64\debug\net472\videoos.recorder.unittests.dll" id="42f98bb0-87b1-6dda-dbd7-4e2183c6e1fc">
      <Execution id="68a05341-cd4f-4ee5-891e-d9d5235356d9" />
      <TestMethod codeBase="D:\actions-runner\_work\XPCO\XPCO\Corporate\RecordingServer\RecorderService\tst\VideoOS.Recorder.UnitTests\bin\x64\Debug\net472\VideoOS.Recorder.UnitTests.dll" adapterTypeName="executor://mstestadapter/v2" className="VideoOS.Recorder.UnitTests.Multicast.LiveMulticastProcessorUnitTests" name="SetConfiguration_Null_Throws_ArgumentNullException" />
    </UnitTest>
    <UnitTest name="GetDatabaseInfo_ArchiveStorageNotFound_ArchiveHintFalse" storage="d:\actions-runner\_work\xpco\xpco\corporate\recordingserver\recorderservice\tst\videoos.recorder.unittests\bin\x64\debug\net472\videoos.recorder.unittests.dll" id="2bcd7df0-1c87-38fa-55ef-8d863dabdad3">
      <Execution id="10b73f0c-3597-49ba-905e-e7ec38f643d7" />
      <TestMethod codeBase="D:\actions-runner\_work\XPCO\XPCO\Corporate\RecordingServer\RecorderService\tst\VideoOS.Recorder.UnitTests\bin\x64\Debug\net472\VideoOS.Recorder.UnitTests.dll" adapterTypeName="executor://mstestadapter/v2" className="VideoOS.Recorder.UnitTests.MediaDbEventProcessorTests" name="GetDatabaseInfo_ArchiveStorageNotFound_ArchiveHintFalse" />
    </UnitTest>
    <UnitTest name="SOAPCommandRequestHandler_ExecuteFunction_HandlePTZMoveStart_Success" storage="d:\actions-runner\_work\xpco\xpco\corporate\recordingserver\recorderservice\tst\videoos.recorder.unittests\bin\x64\debug\net472\videoos.recorder.unittests.dll" id="5d79b4e4-9737-73a4-0296-d3511031e487">
      <Execution id="87e7ff44-c158-4579-a9f0-5776bdf510ad" />
      <TestMethod codeBase="D:\actions-runner\_work\XPCO\XPCO\Corporate\RecordingServer\RecorderService\tst\VideoOS.Recorder.UnitTests\bin\x64\Debug\net472\VideoOS.Recorder.UnitTests.dll" adapterTypeName="executor://mstestadapter/v2" className="VideoOS.Recorder.UnitTests.WebServer.SOAPCommandRequestHandlerTests" name="SOAPCommandRequestHandler_ExecuteFunction_HandlePTZMoveStart_Success" />
    </UnitTest>
    <UnitTest name="PtzManager_ForceReleasePtzSession_Controller_Not_Found" storage="d:\actions-runner\_work\xpco\xpco\corporate\recordingserver\recorderservice\tst\videoos.recorder.unittests\bin\x64\debug\net472\videoos.recorder.unittests.dll" id="5c5159dd-578e-af78-a5f6-84a63999832d">
      <Execution id="0e7f4ded-00ba-403c-9782-3b8287437b2a" />
      <TestMethod codeBase="D:\actions-runner\_work\XPCO\XPCO\Corporate\RecordingServer\RecorderService\tst\VideoOS.Recorder.UnitTests\bin\x64\Debug\net472\VideoOS.Recorder.UnitTests.dll" adapterTypeName="executor://mstestadapter/v2" className="VideoOS.Recorder.UnitTests.Command.PtzManagerTests" name="PtzManager_ForceReleasePtzSession_Controller_Not_Found" />
    </UnitTest>
    <UnitTest name="SOAPCommandRequestHandler_ExecuteFunction_HandleStartManualRecording_NoDeviceIds" storage="d:\actions-runner\_work\xpco\xpco\corporate\recordingserver\recorderservice\tst\videoos.recorder.unittests\bin\x64\debug\net472\videoos.recorder.unittests.dll" id="3ebdfff6-57b7-959a-951a-ffe007e8e4ae">
      <Execution id="007d2a1c-62b7-43ea-bbdc-dc5b9a17b82c" />
      <TestMethod codeBase="D:\actions-runner\_work\XPCO\XPCO\Corporate\RecordingServer\RecorderService\tst\VideoOS.Recorder.UnitTests\bin\x64\Debug\net472\VideoOS.Recorder.UnitTests.dll" adapterTypeName="executor://mstestadapter/v2" className="VideoOS.Recorder.UnitTests.WebServer.SOAPCommandRequestHandlerTests" name="SOAPCommandRequestHandler_ExecuteFunction_HandleStartManualRecording_NoDeviceIds" />
    </UnitTest>
    <UnitTest name="CheckDeleteDeviceMediaCommandHandler_ConstructAndClone" storage="d:\actions-runner\_work\xpco\xpco\corporate\recordingserver\recorderservice\tst\videoos.recorder.unittests\bin\x64\debug\net472\videoos.recorder.unittests.dll" id="699aa23a-a690-202e-34c8-678043f318df">
      <Execution id="14b446a5-b168-42df-968a-cdeb22c69a2b" />
      <TestMethod codeBase="D:\actions-runner\_work\XPCO\XPCO\Corporate\RecordingServer\RecorderService\tst\VideoOS.Recorder.UnitTests\bin\x64\Debug\net472\VideoOS.Recorder.UnitTests.dll" adapterTypeName="executor://mstestadapter/v2" className="VideoOS.Recorder.UnitTests.Command.CheckDeleteDeviceMediaCommandHandlerTests" name="CheckDeleteDeviceMediaCommandHandler_ConstructAndClone" />
    </UnitTest>
    <UnitTest name="SOAPCommandRequestHandler_ExecuteFunction_HandleTimeLineInformationGet_No_Camera_Security" storage="d:\actions-runner\_work\xpco\xpco\corporate\recordingserver\recorderservice\tst\videoos.recorder.unittests\bin\x64\debug\net472\videoos.recorder.unittests.dll" id="d912c71e-c0da-011d-4acc-894e7ac626a1">
      <Execution id="dc3e78a4-1817-496e-8c45-ed4c654e97f7" />
      <TestMethod codeBase="D:\actions-runner\_work\XPCO\XPCO\Corporate\RecordingServer\RecorderService\tst\VideoOS.Recorder.UnitTests\bin\x64\Debug\net472\VideoOS.Recorder.UnitTests.dll" adapterTypeName="executor://mstestadapter/v2" className="VideoOS.Recorder.UnitTests.WebServer.SOAPCommandRequestHandlerTests" name="SOAPCommandRequestHandler_ExecuteFunction_HandleTimeLineInformationGet_No_Camera_Security" />
    </UnitTest>
    <UnitTest name="RequestArchiveInformation_StorageIDMapping_NotGUIDS" storage="d:\actions-runner\_work\xpco\xpco\corporate\recordingserver\recorderservice\tst\videoos.recorder.unittests\bin\x64\debug\net472\videoos.recorder.unittests.dll" id="d84aa1df-acf6-f179-addd-385a8ef854fb">
      <Execution id="cb18b648-e961-4a4e-b65b-8dbb5f041dc5" />
      <TestMethod codeBase="D:\actions-runner\_work\XPCO\XPCO\Corporate\RecordingServer\RecorderService\tst\VideoOS.Recorder.UnitTests\bin\x64\Debug\net472\VideoOS.Recorder.UnitTests.dll" adapterTypeName="executor://mstestadapter/v2" className="VideoOS.Recorder.UnitTests.ObjectModel.MediaDbManagerUnitTests" name="RequestArchiveInformation_StorageIDMapping_NotGUIDS" />
    </UnitTest>
    <UnitTest name="PtzReleaseSessionCommandHandler_Execute_PtzException_PatrollingSessionAttemptedReleased" storage="d:\actions-runner\_work\xpco\xpco\corporate\recordingserver\recorderservice\tst\videoos.recorder.unittests\bin\x64\debug\net472\videoos.recorder.unittests.dll" id="c57a4b4d-48de-d9b0-c7ad-7ee9d6182b38">
      <Execution id="39bed00e-1cba-408e-af7c-995e4a991407" />
      <TestMethod codeBase="D:\actions-runner\_work\XPCO\XPCO\Corporate\RecordingServer\RecorderService\tst\VideoOS.Recorder.UnitTests\bin\x64\Debug\net472\VideoOS.Recorder.UnitTests.dll" adapterTypeName="executor://mstestadapter/v2" className="VideoOS.Recorder.UnitTests.Command.PtzReleaseSessionCommandHandlerTest" name="PtzReleaseSessionCommandHandler_Execute_PtzException_PatrollingSessionAttemptedReleased" />
    </UnitTest>
    <UnitTest name="SmartSearchHandlerBackwardTestDataWithMotionRecordingSequenceChanging" storage="d:\actions-runner\_work\xpco\xpco\corporate\recordingserver\recorderservice\tst\videoos.recorder.unittests\bin\x64\debug\net472\videoos.recorder.unittests.dll" id="19142c5a-2ebe-abda-bc7d-b185f6756200">
      <TestCategory>
        <TestCategoryItem TestCategory="SmartSearch" />
      </TestCategory>
      <Execution id="7468bdc2-b4d9-4517-8331-b38ac723e47d" />
      <TestMethod codeBase="D:\actions-runner\_work\XPCO\XPCO\Corporate\RecordingServer\RecorderService\tst\VideoOS.Recorder.UnitTests\bin\x64\Debug\net472\VideoOS.Recorder.UnitTests.dll" adapterTypeName="executor://mstestadapter/v2" className="VideoOS.Recorder.UnitTests.SmartSearch.SmartSearchHandlerTest" name="SmartSearchHandlerBackwardTestDataWithMotionRecordingSequenceChanging" />
    </UnitTest>
    <UnitTest name="EdgeStorageLimitsTimeLimitOkLowerBoundry" storage="d:\actions-runner\_work\xpco\xpco\corporate\recordingserver\recorderservice\tst\videoos.recorder.unittests\bin\x64\debug\net472\videoos.recorder.unittests.dll" id="778e7623-3faa-ca5e-3032-a05bd9ea4334">
      <TestCategory>
        <TestCategoryItem TestCategory="EdgeStorageLimits" />
      </TestCategory>
      <Execution id="7707b1f2-0ee9-4a5b-bcc5-61ecaaa36301" />
      <TestMethod codeBase="D:\actions-runner\_work\XPCO\XPCO\Corporate\RecordingServer\RecorderService\tst\VideoOS.Recorder.UnitTests\bin\x64\Debug\net472\VideoOS.Recorder.UnitTests.dll" adapterTypeName="executor://mstestadapter/v2" className="VideoOS.Recorder.UnitTests.EdgeStorage.EdgeStorageLimitTests" name="EdgeStorageLimitsTimeLimitOkLowerBoundry" />
    </UnitTest>
    <UnitTest name="FirmwareUpgradeCommandHandler_Execute_FirmwareUpgradeStatus_ThrowsNetworkException_Errors" storage="d:\actions-runner\_work\xpco\xpco\corporate\recordingserver\recorderservice\tst\videoos.recorder.unittests\bin\x64\debug\net472\videoos.recorder.unittests.dll" id="f1d46e24-e6d0-3755-9b56-ec6d1cabd787">
      <Execution id="f66ecaab-c4a6-4595-a96a-beac41db0ec9" />
      <TestMethod codeBase="D:\actions-runner\_work\XPCO\XPCO\Corporate\RecordingServer\RecorderService\tst\VideoOS.Recorder.UnitTests\bin\x64\Debug\net472\VideoOS.Recorder.UnitTests.dll" adapterTypeName="executor://mstestadapter/v2" className="VideoOS.Recorder.UnitTests.Command.FirmwareUpgradeCommandHandlerUnitTests" name="FirmwareUpgradeCommandHandler_Execute_FirmwareUpgradeStatus_ThrowsNetworkException_Errors" />
    </UnitTest>
    <UnitTest name="SOAPCommandRequestHandler_ExecuteFunction_HandlePTZActivatePatrollingSchema_No_Priority" storage="d:\actions-runner\_work\xpco\xpco\corporate\recordingserver\recorderservice\tst\videoos.recorder.unittests\bin\x64\debug\net472\videoos.recorder.unittests.dll" id="ed284060-a35c-6f19-4262-5d0872a2c20a">
      <Execution id="3e5cdbbd-9817-420a-9fa4-5409df463f4d" />
      <TestMethod codeBase="D:\actions-runner\_work\XPCO\XPCO\Corporate\RecordingServer\RecorderService\tst\VideoOS.Recorder.UnitTests\bin\x64\Debug\net472\VideoOS.Recorder.UnitTests.dll" adapterTypeName="executor://mstestadapter/v2" className="VideoOS.Recorder.UnitTests.WebServer.SOAPCommandRequestHandlerTests" name="SOAPCommandRequestHandler_ExecuteFunction_HandlePTZActivatePatrollingSchema_No_Priority" />
    </UnitTest>
    <UnitTest name="ConfigurationDatasetHolder_ApplyTableDistribution_NoDistributions_NoLiveTables_Failover_Success" storage="d:\actions-runner\_work\xpco\xpco\corporate\recordingserver\recorderservice\tst\videoos.recorder.unittests\bin\x64\debug\net472\videoos.recorder.unittests.dll" id="74b8f0dd-7923-258a-ffad-061810c2392a">
      <Execution id="cb98a599-2222-4a3d-ab73-48dd9221023e" />
      <TestMethod codeBase="D:\actions-runner\_work\XPCO\XPCO\Corporate\RecordingServer\RecorderService\tst\VideoOS.Recorder.UnitTests\bin\x64\Debug\net472\VideoOS.Recorder.UnitTests.dll" adapterTypeName="executor://mstestadapter/v2" className="VideoOS.Recorder.UnitTests.ConfigurationDatasetHolderUnitTests" name="ConfigurationDatasetHolder_ApplyTableDistribution_NoDistributions_NoLiveTables_Failover_Success" />
    </UnitTest>
    <UnitTest name="QueryDeviceEvidenceLockSizesCommandHandler_QueryDeviceEvidenceLockSizesResponse_NotZeroAndPositiveSize" storage="d:\actions-runner\_work\xpco\xpco\corporate\recordingserver\recorderservice\tst\videoos.recorder.unittests\bin\x64\debug\net472\videoos.recorder.unittests.dll" id="bf461841-b8d6-9762-b8da-19f13168312f">
      <Execution id="1f1f9089-1cec-4705-9a95-c68dafd5b4b8" />
      <TestMethod codeBase="D:\actions-runner\_work\XPCO\XPCO\Corporate\RecordingServer\RecorderService\tst\VideoOS.Recorder.UnitTests\bin\x64\Debug\net472\VideoOS.Recorder.UnitTests.dll" adapterTypeName="executor://mstestadapter/v2" className="VideoOS.Recorder.UnitTests.Command.QueryDeviceEvidenceLockSizesCommandHandlerTests" name="QueryDeviceEvidenceLockSizesCommandHandler_QueryDeviceEvidenceLockSizesResponse_NotZeroAndPositiveSize" />
    </UnitTest>
    <UnitTest name="MediaDbCache_Dispose_Success" storage="d:\actions-runner\_work\xpco\xpco\corporate\recordingserver\recorderservice\tst\videoos.recorder.unittests\bin\x64\debug\net472\videoos.recorder.unittests.dll" id="cd24bc8c-7af7-4156-ccfb-d0768a96a6e9">
      <Execution id="d7aa6f4f-de31-4926-abc9-a1004a97935c" />
      <TestMethod codeBase="D:\actions-runner\_work\XPCO\XPCO\Corporate\RecordingServer\RecorderService\tst\VideoOS.Recorder.UnitTests\bin\x64\Debug\net472\VideoOS.Recorder.UnitTests.dll" adapterTypeName="executor://mstestadapter/v2" className="VideoOS.Recorder.UnitTests.Database.MediaDbCacheUnitTests" name="MediaDbCache_Dispose_Success" />
    </UnitTest>
    <UnitTest name="SmartSearchHandlerSimpleBackwardTestAllHits" storage="d:\actions-runner\_work\xpco\xpco\corporate\recordingserver\recorderservice\tst\videoos.recorder.unittests\bin\x64\debug\net472\videoos.recorder.unittests.dll" id="7bdeb1e0-7261-55ac-818f-aa363b294229">
      <TestCategory>
        <TestCategoryItem TestCategory="SmartSearch" />
      </TestCategory>
      <Execution id="a150e9d4-fd43-41f9-8ed0-438600dd99ed" />
      <TestMethod codeBase="D:\actions-runner\_work\XPCO\XPCO\Corporate\RecordingServer\RecorderService\tst\VideoOS.Recorder.UnitTests\bin\x64\Debug\net472\VideoOS.Recorder.UnitTests.dll" adapterTypeName="executor://mstestadapter/v2" className="VideoOS.Recorder.UnitTests.SmartSearch.SmartSearchHandlerTest" name="SmartSearchHandlerSimpleBackwardTestAllHits" />
    </UnitTest>
    <UnitTest name="AddStatus_SendsCombinedStatus_OnMultipleStatusCallsBeforeRecorderConnected" storage="d:\actions-runner\_work\xpco\xpco\corporate\recordingserver\recorderservice\tst\videoos.recorder.unittests\bin\x64\debug\net472\videoos.recorder.unittests.dll" id="54f0df91-4845-dc31-dc51-d2598c0a4e4a">
      <TestCategory>
        <TestCategoryItem TestCategory="RecorderStatus" />
      </TestCategory>
      <Execution id="d5c3a00a-e8d7-4903-9a1d-081b87a8e99f" />
      <TestMethod codeBase="D:\actions-runner\_work\XPCO\XPCO\Corporate\RecordingServer\RecorderService\tst\VideoOS.Recorder.UnitTests\bin\x64\Debug\net472\VideoOS.Recorder.UnitTests.dll" adapterTypeName="executor://mstestadapter/v2" className="VideoOS.Recorder.UnitTests.RecorderStatusTests" name="AddStatus_SendsCombinedStatus_OnMultipleStatusCallsBeforeRecorderConnected" />
    </UnitTest>
    <UnitTest name="RegisterLiveTableExistsThenRemove" storage="d:\actions-runner\_work\xpco\xpco\corporate\recordingserver\recorderservice\tst\videoos.recorder.unittests\bin\x64\debug\net472\videoos.recorder.unittests.dll" id="777af48f-4e34-2080-7086-ee2ddd3d27b9">
      <Execution id="33f7a108-d33c-478b-9047-a22f32b5e956" />
      <TestMethod codeBase="D:\actions-runner\_work\XPCO\XPCO\Corporate\RecordingServer\RecorderService\tst\VideoOS.Recorder.UnitTests\bin\x64\Debug\net472\VideoOS.Recorder.UnitTests.dll" adapterTypeName="executor://mstestadapter/v2" className="VideoOS.Recorder.UnitTests.Database.MediaDbLiveTableRegistrationTests" name="RegisterLiveTableExistsThenRemove" />
    </UnitTest>
    <UnitTest name="PtzManualSession_OnBeforeExecuteRequest_Success" storage="d:\actions-runner\_work\xpco\xpco\corporate\recordingserver\recorderservice\tst\videoos.recorder.unittests\bin\x64\debug\net472\videoos.recorder.unittests.dll" id="d15edaa2-5758-09ec-fa2b-300c5af8928b">
      <Execution id="86e7140c-3a88-442c-9aa3-e28a1cb37057" />
      <TestMethod codeBase="D:\actions-runner\_work\XPCO\XPCO\Corporate\RecordingServer\RecorderService\tst\VideoOS.Recorder.UnitTests\bin\x64\Debug\net472\VideoOS.Recorder.UnitTests.dll" adapterTypeName="executor://mstestadapter/v2" className="VideoOS.Recorder.UnitTests.Command.PtzSessionsTests" name="PtzManualSession_OnBeforeExecuteRequest_Success" />
    </UnitTest>
    <UnitTest name="SetNetworkConfigurationCommandHandler_Execute_SunnyDay_IPv4" storage="d:\actions-runner\_work\xpco\xpco\corporate\recordingserver\recorderservice\tst\videoos.recorder.unittests\bin\x64\debug\net472\videoos.recorder.unittests.dll" id="b9ee8f06-b1e0-e65c-8d48-797b8570245b">
      <Execution id="e50900ad-ff47-46d0-a925-2cdc01788e1d" />
      <TestMethod codeBase="D:\actions-runner\_work\XPCO\XPCO\Corporate\RecordingServer\RecorderService\tst\VideoOS.Recorder.UnitTests\bin\x64\Debug\net472\VideoOS.Recorder.UnitTests.dll" adapterTypeName="executor://mstestadapter/v2" className="VideoOS.Recorder.UnitTests.Command.SetNetworkConfigurationCommandHandlerUnitTests" name="SetNetworkConfigurationCommandHandler_Execute_SunnyDay_IPv4" />
    </UnitTest>
    <UnitTest name="CheckHardwareDefinitionCommandHandler_Execute_AddressChanged_Success" storage="d:\actions-runner\_work\xpco\xpco\corporate\recordingserver\recorderservice\tst\videoos.recorder.unittests\bin\x64\debug\net472\videoos.recorder.unittests.dll" id="b6a46206-9dfb-de2e-5f29-2a48a9163927">
      <Execution id="5f067f29-78c3-455c-b381-db5ad23e6efc" />
      <TestMethod codeBase="D:\actions-runner\_work\XPCO\XPCO\Corporate\RecordingServer\RecorderService\tst\VideoOS.Recorder.UnitTests\bin\x64\Debug\net472\VideoOS.Recorder.UnitTests.dll" adapterTypeName="executor://mstestadapter/v2" className="VideoOS.Recorder.UnitTests.Command.CheckHardwareDefinitionCommandHandlerTests" name="CheckHardwareDefinitionCommandHandler_Execute_AddressChanged_Success" />
    </UnitTest>
    <UnitTest name="PrepareMoveHardwareCommand_IsNull_BadRequestResult" storage="d:\actions-runner\_work\xpco\xpco\corporate\recordingserver\recorderservice\tst\videoos.recorder.unittests\bin\x64\debug\net472\videoos.recorder.unittests.dll" id="bae4bf30-d54e-365b-115e-dae023a4a64c">
      <Execution id="ff61af08-0704-43cb-806b-ef8607f30bd3" />
      <TestMethod codeBase="D:\actions-runner\_work\XPCO\XPCO\Corporate\RecordingServer\RecorderService\tst\VideoOS.Recorder.UnitTests\bin\x64\Debug\net472\VideoOS.Recorder.UnitTests.dll" adapterTypeName="executor://mstestadapter/v2" className="VideoOS.Recorder.UnitTests.HardwareControllerTests" name="PrepareMoveHardwareCommand_IsNull_BadRequestResult" />
    </UnitTest>
    <UnitTest name="SOAPCommandRequestHandler_ExecuteFunction_HandlePTZMoveStop_No_Security" storage="d:\actions-runner\_work\xpco\xpco\corporate\recordingserver\recorderservice\tst\videoos.recorder.unittests\bin\x64\debug\net472\videoos.recorder.unittests.dll" id="04960c62-f4db-d957-09de-6bdc827777ef">
      <Execution id="afbfc5e4-109d-46f1-a2cd-6f265fc6aeab" />
      <TestMethod codeBase="D:\actions-runner\_work\XPCO\XPCO\Corporate\RecordingServer\RecorderService\tst\VideoOS.Recorder.UnitTests\bin\x64\Debug\net472\VideoOS.Recorder.UnitTests.dll" adapterTypeName="executor://mstestadapter/v2" className="VideoOS.Recorder.UnitTests.WebServer.SOAPCommandRequestHandlerTests" name="SOAPCommandRequestHandler_ExecuteFunction_HandlePTZMoveStop_No_Security" />
    </UnitTest>
    <UnitTest name="PtzReserveSessionCommandHandler_No_SecurityToken" storage="d:\actions-runner\_work\xpco\xpco\corporate\recordingserver\recorderservice\tst\videoos.recorder.unittests\bin\x64\debug\net472\videoos.recorder.unittests.dll" id="9f055cc4-e575-fd12-de79-f6a729207849">
      <Execution id="82ee4022-2f0d-4691-bbf8-fd387ce8b8d2" />
      <TestMethod codeBase="D:\actions-runner\_work\XPCO\XPCO\Corporate\RecordingServer\RecorderService\tst\VideoOS.Recorder.UnitTests\bin\x64\Debug\net472\VideoOS.Recorder.UnitTests.dll" adapterTypeName="executor://mstestadapter/v2" className="VideoOS.Recorder.UnitTests.Command.PtzReserveSessionCommandHandlerTest" name="PtzReserveSessionCommandHandler_No_SecurityToken" />
    </UnitTest>
    <UnitTest name="ResponseController_ValidErrorResponse_ValidErrorResponseCalledOnCommManager" storage="d:\actions-runner\_work\xpco\xpco\corporate\recordingserver\recorderservice\tst\videoos.recorder.unittests\bin\x64\debug\net472\videoos.recorder.unittests.dll" id="87c335b7-4df9-087f-f6af-fdf355539dd5">
      <Execution id="6ebba744-67c9-437a-ab6d-a524459d9e6b" />
      <TestMethod codeBase="D:\actions-runner\_work\XPCO\XPCO\Corporate\RecordingServer\RecorderService\tst\VideoOS.Recorder.UnitTests\bin\x64\Debug\net472\VideoOS.Recorder.UnitTests.dll" adapterTypeName="executor://mstestadapter/v2" className="VideoOS.Recorder.UnitTests.ResponseControllerTests" name="ResponseController_ValidErrorResponse_ValidErrorResponseCalledOnCommManager" />
    </UnitTest>
    <UnitTest name="AddHardwareUserCommandHandler_Execute_AddUser_ThrowsUserHandlingUnknownResult_Errors" storage="d:\actions-runner\_work\xpco\xpco\corporate\recordingserver\recorderservice\tst\videoos.recorder.unittests\bin\x64\debug\net472\videoos.recorder.unittests.dll" id="9804864c-2133-6799-bf78-c69624b33171">
      <Execution id="638b45bf-8639-425c-9aa1-7018b058a8af" />
      <TestMethod codeBase="D:\actions-runner\_work\XPCO\XPCO\Corporate\RecordingServer\RecorderService\tst\VideoOS.Recorder.UnitTests\bin\x64\Debug\net472\VideoOS.Recorder.UnitTests.dll" adapterTypeName="executor://mstestadapter/v2" className="VideoOS.Recorder.UnitTests.Command.AddHardwareUserCommandHandlerRecorderUnitTests" name="AddHardwareUserCommandHandler_Execute_AddUser_ThrowsUserHandlingUnknownResult_Errors" />
    </UnitTest>
    <UnitTest name="ChangeHardwarePasswordCommandHandler_Execute_ChangePassword_ThrowsPasswordTooShort_Errors" storage="d:\actions-runner\_work\xpco\xpco\corporate\recordingserver\recorderservice\tst\videoos.recorder.unittests\bin\x64\debug\net472\videoos.recorder.unittests.dll" id="0c1131d6-ea34-9cb2-b6c6-1fc76226faa0">
      <Execution id="ac1a1748-bcab-42ec-96d2-4d6f73b8c4d0" />
      <TestMethod codeBase="D:\actions-runner\_work\XPCO\XPCO\Corporate\RecordingServer\RecorderService\tst\VideoOS.Recorder.UnitTests\bin\x64\Debug\net472\VideoOS.Recorder.UnitTests.dll" adapterTypeName="executor://mstestadapter/v2" className="VideoOS.Recorder.UnitTests.Command.ChangeHardwarePasswordCommandHandlerUnitTests" name="ChangeHardwarePasswordCommandHandler_Execute_ChangePassword_ThrowsPasswordTooShort_Errors" />
    </UnitTest>
    <UnitTest name="SOAPCommandRequestHandler_ExecuteFunction_HandleSmartSearchStart_NoResultMotionMaskSizeWidth" storage="d:\actions-runner\_work\xpco\xpco\corporate\recordingserver\recorderservice\tst\videoos.recorder.unittests\bin\x64\debug\net472\videoos.recorder.unittests.dll" id="202800c0-a2a0-3d8f-dbc4-2ccb0ac1db31">
      <Execution id="a2d0f3e4-1fc1-441f-8be3-72407063d501" />
      <TestMethod codeBase="D:\actions-runner\_work\XPCO\XPCO\Corporate\RecordingServer\RecorderService\tst\VideoOS.Recorder.UnitTests\bin\x64\Debug\net472\VideoOS.Recorder.UnitTests.dll" adapterTypeName="executor://mstestadapter/v2" className="VideoOS.Recorder.UnitTests.WebServer.SOAPCommandRequestHandlerTests" name="SOAPCommandRequestHandler_ExecuteFunction_HandleSmartSearchStart_NoResultMotionMaskSizeWidth" />
    </UnitTest>
    <UnitTest name="IsInRange_ShouldReturnFalse_WhenAddressBiggerThanEnd" storage="d:\actions-runner\_work\xpco\xpco\corporate\recordingserver\recorderservice\tst\videoos.recorder.unittests\bin\x64\debug\net472\videoos.recorder.unittests.dll" id="aedfea85-8ba6-03d1-82b1-2f7825267932">
      <Execution id="888803c3-3589-43ae-8308-8711cb8316e3" />
      <TestMethod codeBase="D:\actions-runner\_work\XPCO\XPCO\Corporate\RecordingServer\RecorderService\tst\VideoOS.Recorder.UnitTests\bin\x64\Debug\net472\VideoOS.Recorder.UnitTests.dll" adapterTypeName="executor://mstestadapter/v2" className="VideoOS.Recorder.UnitTests.DeviceDiscovery.MipDriversDiscoveryTaskTests" name="IsInRange_ShouldReturnFalse_WhenAddressBiggerThanEnd" />
    </UnitTest>
    <UnitTest name="GetRecorderTasks_InternalStateStopped_ReturnsNull" storage="d:\actions-runner\_work\xpco\xpco\corporate\recordingserver\recorderservice\tst\videoos.recorder.unittests\bin\x64\debug\net472\videoos.recorder.unittests.dll" id="c0fd9609-2aff-305c-143c-f0e4c7c329ee">
      <Execution id="b1dde0d3-48c0-4b64-a323-258c061c86e3" />
      <TestMethod codeBase="D:\actions-runner\_work\XPCO\XPCO\Corporate\RecordingServer\RecorderService\tst\VideoOS.Recorder.UnitTests\bin\x64\Debug\net472\VideoOS.Recorder.UnitTests.dll" adapterTypeName="executor://mstestadapter/v2" className="VideoOS.Recorder.UnitTests.CommManagerWebApiTests" name="GetRecorderTasks_InternalStateStopped_ReturnsNull" />
    </UnitTest>
    <UnitTest name="TimeRangeConversionOneRangeInsideStartAndEndTime" storage="d:\actions-runner\_work\xpco\xpco\corporate\recordingserver\recorderservice\tst\videoos.recorder.unittests\bin\x64\debug\net472\videoos.recorder.unittests.dll" id="def81f4b-a2c5-2562-14db-1ed0468c4fe5">
      <TestCategory>
        <TestCategoryItem TestCategory="TimeRangeConversion" />
      </TestCategory>
      <Execution id="7af8d292-b56e-4458-bec7-48eabdf00eff" />
      <TestMethod codeBase="D:\actions-runner\_work\XPCO\XPCO\Corporate\RecordingServer\RecorderService\tst\VideoOS.Recorder.UnitTests\bin\x64\Debug\net472\VideoOS.Recorder.UnitTests.dll" adapterTypeName="executor://mstestadapter/v2" className="VideoOS.Recorder.UnitTests.TimeRangeConversionTests.TimeRangeConversionTests" name="TimeRangeConversionOneRangeInsideStartAndEndTime" />
    </UnitTest>
    <UnitTest name="PtzManualSession_Stop_Success" storage="d:\actions-runner\_work\xpco\xpco\corporate\recordingserver\recorderservice\tst\videoos.recorder.unittests\bin\x64\debug\net472\videoos.recorder.unittests.dll" id="ffd636a6-1e4e-93bc-caff-d1d1bbf30378">
      <Execution id="15b3f411-030b-4cc9-8e70-53e6e115c41c" />
      <TestMethod codeBase="D:\actions-runner\_work\XPCO\XPCO\Corporate\RecordingServer\RecorderService\tst\VideoOS.Recorder.UnitTests\bin\x64\Debug\net472\VideoOS.Recorder.UnitTests.dll" adapterTypeName="executor://mstestadapter/v2" className="VideoOS.Recorder.UnitTests.Command.PtzSessionsTests" name="PtzManualSession_Stop_Success" />
    </UnitTest>
    <UnitTest name="CheckDeleteDeviceMediaCommandHandler_AlreadyRunningNoActionRunRequestsIncremented" storage="d:\actions-runner\_work\xpco\xpco\corporate\recordingserver\recorderservice\tst\videoos.recorder.unittests\bin\x64\debug\net472\videoos.recorder.unittests.dll" id="ee4cd58e-8c19-0252-2f35-6808dd995c79">
      <Execution id="f15f21df-faf0-44ee-a8d3-403cfd2471df" />
      <TestMethod codeBase="D:\actions-runner\_work\XPCO\XPCO\Corporate\RecordingServer\RecorderService\tst\VideoOS.Recorder.UnitTests\bin\x64\Debug\net472\VideoOS.Recorder.UnitTests.dll" adapterTypeName="executor://mstestadapter/v2" className="VideoOS.Recorder.UnitTests.Command.CheckDeleteDeviceMediaCommandHandlerTests" name="CheckDeleteDeviceMediaCommandHandler_AlreadyRunningNoActionRunRequestsIncremented" />
    </UnitTest>
    <UnitTest name="ChangeHardwarePasswordCommandHandler_Execute_ChangePassword_ThrowsPasswordOrUserLevelMayNotBeChanged_Errors" storage="d:\actions-runner\_work\xpco\xpco\corporate\recordingserver\recorderservice\tst\videoos.recorder.unittests\bin\x64\debug\net472\videoos.recorder.unittests.dll" id="07da3716-addc-8859-8463-643cff34c532">
      <Execution id="84e810f1-4251-47d9-8b81-bf9690a6b9ca" />
      <TestMethod codeBase="D:\actions-runner\_work\XPCO\XPCO\Corporate\RecordingServer\RecorderService\tst\VideoOS.Recorder.UnitTests\bin\x64\Debug\net472\VideoOS.Recorder.UnitTests.dll" adapterTypeName="executor://mstestadapter/v2" className="VideoOS.Recorder.UnitTests.Command.ChangeHardwarePasswordCommandHandlerUnitTests" name="ChangeHardwarePasswordCommandHandler_Execute_ChangePassword_ThrowsPasswordOrUserLevelMayNotBeChanged_Errors" />
    </UnitTest>
    <UnitTest name="SendUpdateHardwareDriverCommandAsync_ConnectedAndCompatible_ShouldNotThrowAnException" storage="d:\actions-runner\_work\xpco\xpco\corporate\recordingserver\recorderservice\tst\videoos.recorder.unittests\bin\x64\debug\net472\videoos.recorder.unittests.dll" id="36219f46-19c5-2d92-654e-c7df2649854b">
      <Execution id="33c66a2a-c064-41e5-9abc-f48fc1f6aa10" />
      <TestMethod codeBase="D:\actions-runner\_work\XPCO\XPCO\Corporate\RecordingServer\RecorderService\tst\VideoOS.Recorder.UnitTests\bin\x64\Debug\net472\VideoOS.Recorder.UnitTests.dll" adapterTypeName="executor://mstestadapter/v2" className="VideoOS.Recorder.UnitTests.CommManagerWebApiTests" name="SendUpdateHardwareDriverCommandAsync_ConnectedAndCompatible_ShouldNotThrowAnException" />
    </UnitTest>
    <UnitTest name="DatabaseoperationCommandhandler_FilterTrackIdsToThoseWithoutMediaOnRecorder_AreAllBanksOnline_Second_time_throws_Exception_Causes_DataExists" storage="d:\actions-runner\_work\xpco\xpco\corporate\recordingserver\recorderservice\tst\videoos.recorder.unittests\bin\x64\debug\net472\videoos.recorder.unittests.dll" id="9f12dcf4-c1e9-36ea-2ed3-335e9dc2808c">
      <Execution id="7248213b-08be-4b4a-b1ae-a791234b7df2" />
      <TestMethod codeBase="D:\actions-runner\_work\XPCO\XPCO\Corporate\RecordingServer\RecorderService\tst\VideoOS.Recorder.UnitTests\bin\x64\Debug\net472\VideoOS.Recorder.UnitTests.dll" adapterTypeName="executor://mstestadapter/v2" className="VideoOS.Recorder.UnitTests.Command.DatabaseOperationCommandHandlerUnitTests" name="DatabaseoperationCommandhandler_FilterTrackIdsToThoseWithoutMediaOnRecorder_AreAllBanksOnline_Second_time_throws_Exception_Causes_DataExists" />
    </UnitTest>
    <UnitTest name="PtzPatrollingSessionBase_OnEndPositionReached_Success" storage="d:\actions-runner\_work\xpco\xpco\corporate\recordingserver\recorderservice\tst\videoos.recorder.unittests\bin\x64\debug\net472\videoos.recorder.unittests.dll" id="4867370e-db0d-6f64-473d-9ff916e6a3ba">
      <Execution id="5a673565-7ad4-4fa5-b153-c7dc20de6df4" />
      <TestMethod codeBase="D:\actions-runner\_work\XPCO\XPCO\Corporate\RecordingServer\RecorderService\tst\VideoOS.Recorder.UnitTests\bin\x64\Debug\net472\VideoOS.Recorder.UnitTests.dll" adapterTypeName="executor://mstestadapter/v2" className="VideoOS.Recorder.UnitTests.Command.PtzSessionsTests" name="PtzPatrollingSessionBase_OnEndPositionReached_Success" />
    </UnitTest>
    <UnitTest name="SOAPCommandRequestHandler_ExecuteFunction_HandleTimeLineInformationGet_Success" storage="d:\actions-runner\_work\xpco\xpco\corporate\recordingserver\recorderservice\tst\videoos.recorder.unittests\bin\x64\debug\net472\videoos.recorder.unittests.dll" id="f79592c8-9574-1171-5614-c7144aa8d62a">
      <Execution id="5ceb4edb-d62e-4dee-b01d-81adda1c1716" />
      <TestMethod codeBase="D:\actions-runner\_work\XPCO\XPCO\Corporate\RecordingServer\RecorderService\tst\VideoOS.Recorder.UnitTests\bin\x64\Debug\net472\VideoOS.Recorder.UnitTests.dll" adapterTypeName="executor://mstestadapter/v2" className="VideoOS.Recorder.UnitTests.WebServer.SOAPCommandRequestHandlerTests" name="SOAPCommandRequestHandler_ExecuteFunction_HandleTimeLineInformationGet_Success" />
    </UnitTest>
    <UnitTest name="ReapplyHardwareSettingsManager_UpdateConfigurationFromDiffGram_Disabled_Success" storage="d:\actions-runner\_work\xpco\xpco\corporate\recordingserver\recorderservice\tst\videoos.recorder.unittests\bin\x64\debug\net472\videoos.recorder.unittests.dll" id="b50d08d6-71f6-7129-9121-e1241e00d3da">
      <Execution id="610db3eb-9f0c-452e-a51f-76082c0d0265" />
      <TestMethod codeBase="D:\actions-runner\_work\XPCO\XPCO\Corporate\RecordingServer\RecorderService\tst\VideoOS.Recorder.UnitTests\bin\x64\Debug\net472\VideoOS.Recorder.UnitTests.dll" adapterTypeName="executor://mstestadapter/v2" className="VideoOS.Recorder.UnitTests.ReapplyHardwareSettingsManagerTests" name="ReapplyHardwareSettingsManager_UpdateConfigurationFromDiffGram_Disabled_Success" />
    </UnitTest>
    <UnitTest name="PtzManager_CenterAndZoomToRectangle_Success" storage="d:\actions-runner\_work\xpco\xpco\corporate\recordingserver\recorderservice\tst\videoos.recorder.unittests\bin\x64\debug\net472\videoos.recorder.unittests.dll" id="2f005d6d-6581-5add-cbe5-a21932b65de9">
      <Execution id="0cf3bb28-4487-47c8-8d44-ec4099d7c1b8" />
      <TestMethod codeBase="D:\actions-runner\_work\XPCO\XPCO\Corporate\RecordingServer\RecorderService\tst\VideoOS.Recorder.UnitTests\bin\x64\Debug\net472\VideoOS.Recorder.UnitTests.dll" adapterTypeName="executor://mstestadapter/v2" className="VideoOS.Recorder.UnitTests.Command.PtzManagerTests" name="PtzManager_CenterAndZoomToRectangle_Success" />
    </UnitTest>
    <UnitTest name="SOAPCommandRequestHandler_ExecuteFunction_HandlePTZMoveStart_NoPtzArgs" storage="d:\actions-runner\_work\xpco\xpco\corporate\recordingserver\recorderservice\tst\videoos.recorder.unittests\bin\x64\debug\net472\videoos.recorder.unittests.dll" id="a934c57a-74dc-4b22-6ffd-7def539549a2">
      <Execution id="268c8b33-75c2-4248-a84e-5df0c1f2e4e3" />
      <TestMethod codeBase="D:\actions-runner\_work\XPCO\XPCO\Corporate\RecordingServer\RecorderService\tst\VideoOS.Recorder.UnitTests\bin\x64\Debug\net472\VideoOS.Recorder.UnitTests.dll" adapterTypeName="executor://mstestadapter/v2" className="VideoOS.Recorder.UnitTests.WebServer.SOAPCommandRequestHandlerTests" name="SOAPCommandRequestHandler_ExecuteFunction_HandlePTZMoveStart_NoPtzArgs" />
    </UnitTest>
    <UnitTest name="SOAPCommandRequestHandler_ExecuteFunction_HandleSequencesGetAround_No_Metadata_Security" storage="d:\actions-runner\_work\xpco\xpco\corporate\recordingserver\recorderservice\tst\videoos.recorder.unittests\bin\x64\debug\net472\videoos.recorder.unittests.dll" id="5952ca8e-70e4-edb2-48cb-00ef9fcb94d4">
      <Execution id="63ec5440-5ec8-4ca7-a2b5-da9533df026d" />
      <TestMethod codeBase="D:\actions-runner\_work\XPCO\XPCO\Corporate\RecordingServer\RecorderService\tst\VideoOS.Recorder.UnitTests\bin\x64\Debug\net472\VideoOS.Recorder.UnitTests.dll" adapterTypeName="executor://mstestadapter/v2" className="VideoOS.Recorder.UnitTests.WebServer.SOAPCommandRequestHandlerTests" name="SOAPCommandRequestHandler_ExecuteFunction_HandleSequencesGetAround_No_Metadata_Security" />
    </UnitTest>
    <UnitTest name="ConnectSuccess_Next_Denied" storage="d:\actions-runner\_work\xpco\xpco\corporate\recordingserver\recorderservice\tst\videoos.recorder.unittests\bin\x64\debug\net472\videoos.recorder.unittests.dll" id="88b1808f-dd69-577c-bdee-e6d80a766a3d">
      <Execution id="fa716e16-757b-4eef-948e-ca648ae9322f" />
      <TestMethod codeBase="D:\actions-runner\_work\XPCO\XPCO\Corporate\RecordingServer\RecorderService\tst\VideoOS.Recorder.UnitTests\bin\x64\Debug\net472\VideoOS.Recorder.UnitTests.dll" adapterTypeName="executor://mstestadapter/v2" className="VideoOS.Recorder.UnitTests.WebServer.ImageServerRequestHandlerTests" name="ConnectSuccess_Next_Denied" />
    </UnitTest>
    <UnitTest name="RecorderStatus_SendsUpdates_OnTimer" storage="d:\actions-runner\_work\xpco\xpco\corporate\recordingserver\recorderservice\tst\videoos.recorder.unittests\bin\x64\debug\net472\videoos.recorder.unittests.dll" id="59bab25e-f58e-5bec-50ff-1b14d176b0f7">
      <TestCategory>
        <TestCategoryItem TestCategory="RecorderStatus" />
      </TestCategory>
      <Execution id="76c5d948-1110-4c86-aebb-07f5e8f41460" />
      <TestMethod codeBase="D:\actions-runner\_work\XPCO\XPCO\Corporate\RecordingServer\RecorderService\tst\VideoOS.Recorder.UnitTests\bin\x64\Debug\net472\VideoOS.Recorder.UnitTests.dll" adapterTypeName="executor://mstestadapter/v2" className="VideoOS.Recorder.UnitTests.RecorderStatusTests" name="RecorderStatus_SendsUpdates_OnTimer" />
    </UnitTest>
    <UnitTest name="ConstructAndCallMethodsForNotConfiguredCamera" storage="d:\actions-runner\_work\xpco\xpco\corporate\recordingserver\recorderservice\tst\videoos.recorder.unittests\bin\x64\debug\net472\videoos.recorder.unittests.dll" id="2973bfcc-7b2a-984f-e2ef-99a39decd1c1">
      <TestCategory>
        <TestCategoryItem TestCategory="ObjectModel.Device.RelatedDeviceHandler" />
      </TestCategory>
      <Execution id="e140cadc-ae4e-4a0d-b021-aec851610e00" />
      <TestMethod codeBase="D:\actions-runner\_work\XPCO\XPCO\Corporate\RecordingServer\RecorderService\tst\VideoOS.Recorder.UnitTests\bin\x64\Debug\net472\VideoOS.Recorder.UnitTests.dll" adapterTypeName="executor://mstestadapter/v2" className="VideoOS.Recorder.UnitTests.ObjectModel.RelatedDeviceHandlerTest" name="ConstructAndCallMethodsForNotConfiguredCamera" />
    </UnitTest>
    <UnitTest name="DeleteHardwareUserCommandHandler_Execute_HardwareIsReadOnly_Errors" storage="d:\actions-runner\_work\xpco\xpco\corporate\recordingserver\recorderservice\tst\videoos.recorder.unittests\bin\x64\debug\net472\videoos.recorder.unittests.dll" id="084a1959-8047-5a3c-1797-f2f918e6b829">
      <Execution id="d566bb2f-3977-4b7c-89f8-5e67d75d02c2" />
      <TestMethod codeBase="D:\actions-runner\_work\XPCO\XPCO\Corporate\RecordingServer\RecorderService\tst\VideoOS.Recorder.UnitTests\bin\x64\Debug\net472\VideoOS.Recorder.UnitTests.dll" adapterTypeName="executor://mstestadapter/v2" className="VideoOS.Recorder.UnitTests.Command.DeleteHardwareUserCommandHandlerTest" name="DeleteHardwareUserCommandHandler_Execute_HardwareIsReadOnly_Errors" />
    </UnitTest>
    <UnitTest name="ConnectSuccess_FrameBrowseLayer_Begin_End_PrevSeq_NextSeq" storage="d:\actions-runner\_work\xpco\xpco\corporate\recordingserver\recorderservice\tst\videoos.recorder.unittests\bin\x64\debug\net472\videoos.recorder.unittests.dll" id="0b702db0-cebd-ea37-ccd5-e544717e9820">
      <Execution id="b409b779-19d2-45b7-97ee-be406fca402a" />
      <TestMethod codeBase="D:\actions-runner\_work\XPCO\XPCO\Corporate\RecordingServer\RecorderService\tst\VideoOS.Recorder.UnitTests\bin\x64\Debug\net472\VideoOS.Recorder.UnitTests.dll" adapterTypeName="executor://mstestadapter/v2" className="VideoOS.Recorder.UnitTests.WebServer.ImageServerRequestHandlerTests" name="ConnectSuccess_FrameBrowseLayer_Begin_End_PrevSeq_NextSeq" />
    </UnitTest>
    <UnitTest name="SOAPCommandRequestHandler_ExecuteFunction_HandleJPEGGetLive_NoDeviceId" storage="d:\actions-runner\_work\xpco\xpco\corporate\recordingserver\recorderservice\tst\videoos.recorder.unittests\bin\x64\debug\net472\videoos.recorder.unittests.dll" id="0188b3fc-f058-fec7-9c8d-16bf56ba7004">
      <Execution id="459f584f-74c1-4808-80a1-09d8d49882c0" />
      <TestMethod codeBase="D:\actions-runner\_work\XPCO\XPCO\Corporate\RecordingServer\RecorderService\tst\VideoOS.Recorder.UnitTests\bin\x64\Debug\net472\VideoOS.Recorder.UnitTests.dll" adapterTypeName="executor://mstestadapter/v2" className="VideoOS.Recorder.UnitTests.WebServer.SOAPCommandRequestHandlerTests" name="SOAPCommandRequestHandler_ExecuteFunction_HandleJPEGGetLive_NoDeviceId" />
    </UnitTest>
    <UnitTest name="PtzPatrollingSessionBase_ExternalResume_Success" storage="d:\actions-runner\_work\xpco\xpco\corporate\recordingserver\recorderservice\tst\videoos.recorder.unittests\bin\x64\debug\net472\videoos.recorder.unittests.dll" id="12e18fcd-ae5e-f636-7ffa-e065547949cf">
      <Execution id="c32ce9b5-acf2-480f-af97-43d2cf5da5e0" />
      <TestMethod codeBase="D:\actions-runner\_work\XPCO\XPCO\Corporate\RecordingServer\RecorderService\tst\VideoOS.Recorder.UnitTests\bin\x64\Debug\net472\VideoOS.Recorder.UnitTests.dll" adapterTypeName="executor://mstestadapter/v2" className="VideoOS.Recorder.UnitTests.Command.PtzSessionsTests" name="PtzPatrollingSessionBase_ExternalResume_Success" />
    </UnitTest>
    <UnitTest name="AddHardwareUserCommandHandler_Execute_HardwareNotEnabled_Errors" storage="d:\actions-runner\_work\xpco\xpco\corporate\recordingserver\recorderservice\tst\videoos.recorder.unittests\bin\x64\debug\net472\videoos.recorder.unittests.dll" id="a5923c92-92b0-3589-1ffd-8d5625e8f7c8">
      <Execution id="bbf320ec-5e23-41eb-ab8b-cbc6d6f397eb" />
      <TestMethod codeBase="D:\actions-runner\_work\XPCO\XPCO\Corporate\RecordingServer\RecorderService\tst\VideoOS.Recorder.UnitTests\bin\x64\Debug\net472\VideoOS.Recorder.UnitTests.dll" adapterTypeName="executor://mstestadapter/v2" className="VideoOS.Recorder.UnitTests.Command.AddHardwareUserCommandHandlerRecorderUnitTests" name="AddHardwareUserCommandHandler_Execute_HardwareNotEnabled_Errors" />
    </UnitTest>
    <UnitTest name="MediaDbCache_SetDiskUsageInformationBank_Success" storage="d:\actions-runner\_work\xpco\xpco\corporate\recordingserver\recorderservice\tst\videoos.recorder.unittests\bin\x64\debug\net472\videoos.recorder.unittests.dll" id="c60350cf-513a-8d98-bb79-3d9ad37f1131">
      <Execution id="14069f4f-cece-47d6-98f4-ecb632cca35c" />
      <TestMethod codeBase="D:\actions-runner\_work\XPCO\XPCO\Corporate\RecordingServer\RecorderService\tst\VideoOS.Recorder.UnitTests\bin\x64\Debug\net472\VideoOS.Recorder.UnitTests.dll" adapterTypeName="executor://mstestadapter/v2" className="VideoOS.Recorder.UnitTests.Database.MediaDbCacheUnitTests" name="MediaDbCache_SetDiskUsageInformationBank_Success" />
    </UnitTest>
    <UnitTest name="PtzReleaseSessionCommandHandler_Execute_PtzException_DeviceNotReady" storage="d:\actions-runner\_work\xpco\xpco\corporate\recordingserver\recorderservice\tst\videoos.recorder.unittests\bin\x64\debug\net472\videoos.recorder.unittests.dll" id="1ee3a09e-ee9b-66de-1c8a-275aac3087b1">
      <Execution id="344922d7-7fee-408b-a3c6-24fc96a60c6c" />
      <TestMethod codeBase="D:\actions-runner\_work\XPCO\XPCO\Corporate\RecordingServer\RecorderService\tst\VideoOS.Recorder.UnitTests\bin\x64\Debug\net472\VideoOS.Recorder.UnitTests.dll" adapterTypeName="executor://mstestadapter/v2" className="VideoOS.Recorder.UnitTests.Command.PtzReleaseSessionCommandHandlerTest" name="PtzReleaseSessionCommandHandler_Execute_PtzException_DeviceNotReady" />
    </UnitTest>
    <UnitTest name="QueryDeviceEvidenceLockSizes_PostCommandIsNull_BadRequestResult" storage="d:\actions-runner\_work\xpco\xpco\corporate\recordingserver\recorderservice\tst\videoos.recorder.unittests\bin\x64\debug\net472\videoos.recorder.unittests.dll" id="f83f814d-ba50-5844-a3eb-659e9f3f1ce0">
      <Execution id="68a6368f-bcac-45a0-94d5-6ce71567ced6" />
      <TestMethod codeBase="D:\actions-runner\_work\XPCO\XPCO\Corporate\RecordingServer\RecorderService\tst\VideoOS.Recorder.UnitTests\bin\x64\Debug\net472\VideoOS.Recorder.UnitTests.dll" adapterTypeName="executor://mstestadapter/v2" className="VideoOS.Recorder.UnitTests.DatabaseControllerTests" name="QueryDeviceEvidenceLockSizes_PostCommandIsNull_BadRequestResult" />
    </UnitTest>
    <UnitTest name="ReapplyHardwareSettingsManager_UpdateConfigurationFromDiffGram_TimeNowBeforTriger_Success" storage="d:\actions-runner\_work\xpco\xpco\corporate\recordingserver\recorderservice\tst\videoos.recorder.unittests\bin\x64\debug\net472\videoos.recorder.unittests.dll" id="f110d9a1-abdf-4b7f-90db-314822533b9b">
      <Execution id="0bae3828-c3d6-4a47-afda-8a60214c5cdc" />
      <TestMethod codeBase="D:\actions-runner\_work\XPCO\XPCO\Corporate\RecordingServer\RecorderService\tst\VideoOS.Recorder.UnitTests\bin\x64\Debug\net472\VideoOS.Recorder.UnitTests.dll" adapterTypeName="executor://mstestadapter/v2" className="VideoOS.Recorder.UnitTests.ReapplyHardwareSettingsManagerTests" name="ReapplyHardwareSettingsManager_UpdateConfigurationFromDiffGram_TimeNowBeforTriger_Success" />
    </UnitTest>
    <UnitTest name="GetSettingAsIPAddress_NonIPValue_Throws_InvalidMulticastSettingsException" storage="d:\actions-runner\_work\xpco\xpco\corporate\recordingserver\recorderservice\tst\videoos.recorder.unittests\bin\x64\debug\net472\videoos.recorder.unittests.dll" id="ec57e6ad-4a2a-9fd6-a34b-472a41a941f2">
      <Execution id="5df799af-de76-42a6-9ccd-01a066473bd2" />
      <TestMethod codeBase="D:\actions-runner\_work\XPCO\XPCO\Corporate\RecordingServer\RecorderService\tst\VideoOS.Recorder.UnitTests\bin\x64\Debug\net472\VideoOS.Recorder.UnitTests.dll" adapterTypeName="executor://mstestadapter/v2" className="VideoOS.Recorder.UnitTests.Multicast.MulticastSettingsExtensionsUnitTests" name="GetSettingAsIPAddress_NonIPValue_Throws_InvalidMulticastSettingsException" />
    </UnitTest>
    <UnitTest name="ConnectSuccess_Goto_Exception" storage="d:\actions-runner\_work\xpco\xpco\corporate\recordingserver\recorderservice\tst\videoos.recorder.unittests\bin\x64\debug\net472\videoos.recorder.unittests.dll" id="5fc1a897-2bad-bfc8-e907-547b72df22df">
      <Execution id="1e09ab63-6773-42d8-bee3-a9a39a835310" />
      <TestMethod codeBase="D:\actions-runner\_work\XPCO\XPCO\Corporate\RecordingServer\RecorderService\tst\VideoOS.Recorder.UnitTests\bin\x64\Debug\net472\VideoOS.Recorder.UnitTests.dll" adapterTypeName="executor://mstestadapter/v2" className="VideoOS.Recorder.UnitTests.WebServer.ImageServerRequestHandlerTests" name="ConnectSuccess_Goto_Exception" />
    </UnitTest>
    <UnitTest name="ConnectSuccess_Begin_Exception" storage="d:\actions-runner\_work\xpco\xpco\corporate\recordingserver\recorderservice\tst\videoos.recorder.unittests\bin\x64\debug\net472\videoos.recorder.unittests.dll" id="e00fb1a5-3abb-9fd8-8ee5-a8416a687063">
      <Execution id="ba5db955-7a7f-49b4-98fa-a6763993233b" />
      <TestMethod codeBase="D:\actions-runner\_work\XPCO\XPCO\Corporate\RecordingServer\RecorderService\tst\VideoOS.Recorder.UnitTests\bin\x64\Debug\net472\VideoOS.Recorder.UnitTests.dll" adapterTypeName="executor://mstestadapter/v2" className="VideoOS.Recorder.UnitTests.WebServer.ImageServerRequestHandlerTests" name="ConnectSuccess_Begin_Exception" />
    </UnitTest>
    <UnitTest name="PtzReserveSessionCommandHandler_Execute_Success" storage="d:\actions-runner\_work\xpco\xpco\corporate\recordingserver\recorderservice\tst\videoos.recorder.unittests\bin\x64\debug\net472\videoos.recorder.unittests.dll" id="74520b87-908e-9792-3c7b-51d3c5f50b9f">
      <Execution id="70a77ca1-2c93-4438-894f-f5733b715faf" />
      <TestMethod codeBase="D:\actions-runner\_work\XPCO\XPCO\Corporate\RecordingServer\RecorderService\tst\VideoOS.Recorder.UnitTests\bin\x64\Debug\net472\VideoOS.Recorder.UnitTests.dll" adapterTypeName="executor://mstestadapter/v2" className="VideoOS.Recorder.UnitTests.Command.PtzReserveSessionCommandHandlerTest" name="PtzReserveSessionCommandHandler_Execute_Success" />
    </UnitTest>
    <UnitTest name="ConnectSuccess_End_Exception" storage="d:\actions-runner\_work\xpco\xpco\corporate\recordingserver\recorderservice\tst\videoos.recorder.unittests\bin\x64\debug\net472\videoos.recorder.unittests.dll" id="2237c7c1-3704-cc84-2e1f-9ea6af15525c">
      <Execution id="a6518b71-b2f8-4d93-b5e0-4a6fd02e79ec" />
      <TestMethod codeBase="D:\actions-runner\_work\XPCO\XPCO\Corporate\RecordingServer\RecorderService\tst\VideoOS.Recorder.UnitTests\bin\x64\Debug\net472\VideoOS.Recorder.UnitTests.dll" adapterTypeName="executor://mstestadapter/v2" className="VideoOS.Recorder.UnitTests.WebServer.ImageServerRequestHandlerTests" name="ConnectSuccess_End_Exception" />
    </UnitTest>
    <UnitTest name="FailoverMediaMover_MoveMediaDataHere_Remote_ListTables_Fails" storage="d:\actions-runner\_work\xpco\xpco\corporate\recordingserver\recorderservice\tst\videoos.recorder.unittests\bin\x64\debug\net472\videoos.recorder.unittests.dll" id="69bb0600-5e66-cbf0-6f83-c1811a371d15">
      <Execution id="b9b6255d-2204-4b8c-b344-a0312bf722d4" />
      <TestMethod codeBase="D:\actions-runner\_work\XPCO\XPCO\Corporate\RecordingServer\RecorderService\tst\VideoOS.Recorder.UnitTests\bin\x64\Debug\net472\VideoOS.Recorder.UnitTests.dll" adapterTypeName="executor://mstestadapter/v2" className="VideoOS.Recorder.UnitTests.FailoverMediaMoverUnitTests" name="FailoverMediaMover_MoveMediaDataHere_Remote_ListTables_Fails" />
    </UnitTest>
    <UnitTest name="CheckDeleteDeviceMediaCommandHandler_LocalConfigEmpty_MediaDbG1_ExistedTrackG1_NoDelete" storage="d:\actions-runner\_work\xpco\xpco\corporate\recordingserver\recorderservice\tst\videoos.recorder.unittests\bin\x64\debug\net472\videoos.recorder.unittests.dll" id="08d5354d-699d-8725-8bb7-e562f20aaa25">
      <Execution id="8c1dffcf-755b-4447-8f6c-f44baa170f96" />
      <TestMethod codeBase="D:\actions-runner\_work\XPCO\XPCO\Corporate\RecordingServer\RecorderService\tst\VideoOS.Recorder.UnitTests\bin\x64\Debug\net472\VideoOS.Recorder.UnitTests.dll" adapterTypeName="executor://mstestadapter/v2" className="VideoOS.Recorder.UnitTests.Command.CheckDeleteDeviceMediaCommandHandlerTests" name="CheckDeleteDeviceMediaCommandHandler_LocalConfigEmpty_MediaDbG1_ExistedTrackG1_NoDelete" />
    </UnitTest>
    <UnitTest name="Constructor_PingActionIsNull_ArgumentNullException" storage="d:\actions-runner\_work\xpco\xpco\corporate\recordingserver\recorderservice\tst\videoos.recorder.unittests\bin\x64\debug\net472\videoos.recorder.unittests.dll" id="d1aaafe4-c45e-e813-7997-4050f51e88b0">
      <Execution id="d9e3a89c-b024-4b5b-814c-ac0fe1104455" />
      <TestMethod codeBase="D:\actions-runner\_work\XPCO\XPCO\Corporate\RecordingServer\RecorderService\tst\VideoOS.Recorder.UnitTests\bin\x64\Debug\net472\VideoOS.Recorder.UnitTests.dll" adapterTypeName="executor://mstestadapter/v2" className="VideoOS.Recorder.UnitTests.PingManagerTests" name="Constructor_PingActionIsNull_ArgumentNullException" />
    </UnitTest>
    <UnitTest name="SmartSearchHandlerBackwardDirectHitSingleSequence" storage="d:\actions-runner\_work\xpco\xpco\corporate\recordingserver\recorderservice\tst\videoos.recorder.unittests\bin\x64\debug\net472\videoos.recorder.unittests.dll" id="20edcd36-e17d-797f-d510-2fb355004c32">
      <TestCategory>
        <TestCategoryItem TestCategory="SmartSearch" />
      </TestCategory>
      <Execution id="a11da73a-9a7b-4be9-9df0-1e5dfe59dcd6" />
      <TestMethod codeBase="D:\actions-runner\_work\XPCO\XPCO\Corporate\RecordingServer\RecorderService\tst\VideoOS.Recorder.UnitTests\bin\x64\Debug\net472\VideoOS.Recorder.UnitTests.dll" adapterTypeName="executor://mstestadapter/v2" className="VideoOS.Recorder.UnitTests.SmartSearch.SmartSearchHandlerTest" name="SmartSearchHandlerBackwardDirectHitSingleSequence" />
    </UnitTest>
    <UnitTest name="TestLiveTableStatusUpdatedOneStatus" storage="d:\actions-runner\_work\xpco\xpco\corporate\recordingserver\recorderservice\tst\videoos.recorder.unittests\bin\x64\debug\net472\videoos.recorder.unittests.dll" id="642c7910-1275-0f78-7481-523ab64b3cc6">
      <Execution id="a145322a-2561-4360-bf2c-b60343a24da6" />
      <TestMethod codeBase="D:\actions-runner\_work\XPCO\XPCO\Corporate\RecordingServer\RecorderService\tst\VideoOS.Recorder.UnitTests\bin\x64\Debug\net472\VideoOS.Recorder.UnitTests.dll" adapterTypeName="executor://mstestadapter/v2" className="VideoOS.Recorder.UnitTests.Database.MediaDbLiveTableRegistrationTests" name="TestLiveTableStatusUpdatedOneStatus" />
    </UnitTest>
    <UnitTest name="LicenseManager_IsFeatureLicensedDoNotValidateLicense_DoesNotValidateExpiryDate_OnLicenseWithExpiry" storage="d:\actions-runner\_work\xpco\xpco\corporate\recordingserver\recorderservice\tst\videoos.recorder.unittests\bin\x64\debug\net472\videoos.recorder.unittests.dll" id="2a8aeb1e-6329-52b4-6ee4-2478001a0609">
      <TestCategory>
        <TestCategoryItem TestCategory="Licensing" />
      </TestCategory>
      <Execution id="61037c15-9c5d-4b43-91bd-280a29f84313" />
      <TestMethod codeBase="D:\actions-runner\_work\XPCO\XPCO\Corporate\RecordingServer\RecorderService\tst\VideoOS.Recorder.UnitTests\bin\x64\Debug\net472\VideoOS.Recorder.UnitTests.dll" adapterTypeName="executor://mstestadapter/v2" className="VideoOS.Recorder.UnitTests.Licensing.LicenseManagerUnitTests" name="LicenseManager_IsFeatureLicensedDoNotValidateLicense_DoesNotValidateExpiryDate_OnLicenseWithExpiry" />
    </UnitTest>
    <UnitTest name="QueryDeviceEvidenceLockSizesCommandHandler_MediaDbRepairInProgress_ErrorResponse" storage="d:\actions-runner\_work\xpco\xpco\corporate\recordingserver\recorderservice\tst\videoos.recorder.unittests\bin\x64\debug\net472\videoos.recorder.unittests.dll" id="de1ec09d-41b0-176f-d8c5-04aac229e635">
      <Execution id="fbbe1d39-ab7a-429c-98a6-d5615f09a323" />
      <TestMethod codeBase="D:\actions-runner\_work\XPCO\XPCO\Corporate\RecordingServer\RecorderService\tst\VideoOS.Recorder.UnitTests\bin\x64\Debug\net472\VideoOS.Recorder.UnitTests.dll" adapterTypeName="executor://mstestadapter/v2" className="VideoOS.Recorder.UnitTests.Command.QueryDeviceEvidenceLockSizesCommandHandlerTests" name="QueryDeviceEvidenceLockSizesCommandHandler_MediaDbRepairInProgress_ErrorResponse" />
    </UnitTest>
    <UnitTest name="ConnectSuccessSimple_Camera" storage="d:\actions-runner\_work\xpco\xpco\corporate\recordingserver\recorderservice\tst\videoos.recorder.unittests\bin\x64\debug\net472\videoos.recorder.unittests.dll" id="719ad947-0634-5430-3db6-f322b8f69113">
      <Execution id="57dd8405-fe08-4b0e-8895-9cb1ed9d348a" />
      <TestMethod codeBase="D:\actions-runner\_work\XPCO\XPCO\Corporate\RecordingServer\RecorderService\tst\VideoOS.Recorder.UnitTests\bin\x64\Debug\net472\VideoOS.Recorder.UnitTests.dll" adapterTypeName="executor://mstestadapter/v2" className="VideoOS.Recorder.UnitTests.WebServer.ImageServerRequestHandlerTests" name="ConnectSuccessSimple_Camera" />
    </UnitTest>
    <UnitTest name="ResolveIdAndMessage_DriverDevice_Generator" storage="d:\actions-runner\_work\xpco\xpco\corporate\recordingserver\recorderservice\tst\videoos.recorder.unittests\bin\x64\debug\net472\videoos.recorder.unittests.dll" id="cfb45ea1-0455-f35b-459c-d61aa55af545">
      <Execution id="6cdc1ce1-c8f2-4a53-ba18-0269ac604bd8" />
      <TestMethod codeBase="D:\actions-runner\_work\XPCO\XPCO\Corporate\RecordingServer\RecorderService\tst\VideoOS.Recorder.UnitTests\bin\x64\Debug\net472\VideoOS.Recorder.UnitTests.dll" adapterTypeName="executor://mstestadapter/v2" className="VideoOS.Recorder.UnitTests.RuleActions.SendSNMPTrapRuleActionTests" name="ResolveIdAndMessage_DriverDevice_Generator" />
    </UnitTest>
    <UnitTest name="PingStart_TimeSpanMax_ArgumentOutOfRangeException" storage="d:\actions-runner\_work\xpco\xpco\corporate\recordingserver\recorderservice\tst\videoos.recorder.unittests\bin\x64\debug\net472\videoos.recorder.unittests.dll" id="0ca2bb88-f51e-6212-60c1-db4f837b05e7">
      <Execution id="664be80d-65cd-48ef-b034-05b1f4114d93" />
      <TestMethod codeBase="D:\actions-runner\_work\XPCO\XPCO\Corporate\RecordingServer\RecorderService\tst\VideoOS.Recorder.UnitTests\bin\x64\Debug\net472\VideoOS.Recorder.UnitTests.dll" adapterTypeName="executor://mstestadapter/v2" className="VideoOS.Recorder.UnitTests.PingManagerTests" name="PingStart_TimeSpanMax_ArgumentOutOfRangeException" />
    </UnitTest>
    <UnitTest name="GetSettingAsBool_Success" storage="d:\actions-runner\_work\xpco\xpco\corporate\recordingserver\recorderservice\tst\videoos.recorder.unittests\bin\x64\debug\net472\videoos.recorder.unittests.dll" id="52ce1766-1812-c263-8325-86677dbc5093">
      <Execution id="0d28ace9-887f-48a0-bbd6-f5d7e73a2963" />
      <TestMethod codeBase="D:\actions-runner\_work\XPCO\XPCO\Corporate\RecordingServer\RecorderService\tst\VideoOS.Recorder.UnitTests\bin\x64\Debug\net472\VideoOS.Recorder.UnitTests.dll" adapterTypeName="executor://mstestadapter/v2" className="VideoOS.Recorder.UnitTests.Multicast.MulticastSettingsExtensionsUnitTests" name="GetSettingAsBool_Success" />
    </UnitTest>
    <UnitTest name="SOAPCommandRequestHandler_ExecuteFunction_HandleSequencesGetAroundWithSpan_Success" storage="d:\actions-runner\_work\xpco\xpco\corporate\recordingserver\recorderservice\tst\videoos.recorder.unittests\bin\x64\debug\net472\videoos.recorder.unittests.dll" id="f37382f8-c573-8898-56df-bcf6c3fbc9be">
      <Execution id="f4dcd049-7c28-474e-b560-ebbc59122f1f" />
      <TestMethod codeBase="D:\actions-runner\_work\XPCO\XPCO\Corporate\RecordingServer\RecorderService\tst\VideoOS.Recorder.UnitTests\bin\x64\Debug\net472\VideoOS.Recorder.UnitTests.dll" adapterTypeName="executor://mstestadapter/v2" className="VideoOS.Recorder.UnitTests.WebServer.SOAPCommandRequestHandlerTests" name="SOAPCommandRequestHandler_ExecuteFunction_HandleSequencesGetAroundWithSpan_Success" />
    </UnitTest>
    <UnitTest name="DatabaseoperationCommandhandler_VerifyNewArchivePath_Failover_ReturnErrorResponse" storage="d:\actions-runner\_work\xpco\xpco\corporate\recordingserver\recorderservice\tst\videoos.recorder.unittests\bin\x64\debug\net472\videoos.recorder.unittests.dll" id="226d6fda-46cf-f08f-cf67-d3a9d71d5298">
      <Execution id="00faa282-a33c-4284-8a4f-505e6fb2f9ab" />
      <TestMethod codeBase="D:\actions-runner\_work\XPCO\XPCO\Corporate\RecordingServer\RecorderService\tst\VideoOS.Recorder.UnitTests\bin\x64\Debug\net472\VideoOS.Recorder.UnitTests.dll" adapterTypeName="executor://mstestadapter/v2" className="VideoOS.Recorder.UnitTests.Command.DatabaseOperationCommandHandlerUnitTests" name="DatabaseoperationCommandhandler_VerifyNewArchivePath_Failover_ReturnErrorResponse" />
    </UnitTest>
    <UnitTest name="FailoverMediaMover_MoveMediaDataHere_Delete_RemoteTable_Fails" storage="d:\actions-runner\_work\xpco\xpco\corporate\recordingserver\recorderservice\tst\videoos.recorder.unittests\bin\x64\debug\net472\videoos.recorder.unittests.dll" id="f2811ab3-964a-259d-dcb5-a2baba57df35">
      <Execution id="17e95fe8-0173-449f-8b94-ec05521025bb" />
      <TestMethod codeBase="D:\actions-runner\_work\XPCO\XPCO\Corporate\RecordingServer\RecorderService\tst\VideoOS.Recorder.UnitTests\bin\x64\Debug\net472\VideoOS.Recorder.UnitTests.dll" adapterTypeName="executor://mstestadapter/v2" className="VideoOS.Recorder.UnitTests.FailoverMediaMoverUnitTests" name="FailoverMediaMover_MoveMediaDataHere_Delete_RemoteTable_Fails" />
    </UnitTest>
    <UnitTest name="HandleRequest_WithContent_Success" storage="d:\actions-runner\_work\xpco\xpco\corporate\recordingserver\recorderservice\tst\videoos.recorder.unittests\bin\x64\debug\net472\videoos.recorder.unittests.dll" id="fe062b2b-a302-73f7-82cc-a49a779de2cf">
      <Execution id="52769319-5650-4294-b390-bd0074aa38a6" />
      <TestMethod codeBase="D:\actions-runner\_work\XPCO\XPCO\Corporate\RecordingServer\RecorderService\tst\VideoOS.Recorder.UnitTests\bin\x64\Debug\net472\VideoOS.Recorder.UnitTests.dll" adapterTypeName="executor://mstestadapter/v2" className="VideoOS.Recorder.UnitTests.WebServer.DiagnosticsHttpRequestHandlerUnitTests" name="HandleRequest_WithContent_Success" />
    </UnitTest>
    <UnitTest name="ConfigurationDatasetHolder_ApplyTableDistribution_NoDistributions_NoLiveTables_Success" storage="d:\actions-runner\_work\xpco\xpco\corporate\recordingserver\recorderservice\tst\videoos.recorder.unittests\bin\x64\debug\net472\videoos.recorder.unittests.dll" id="db377e53-1a39-0696-a7d9-ae0a159833b8">
      <Execution id="b559670e-d8b9-473c-af2d-2ab12b011c69" />
      <TestMethod codeBase="D:\actions-runner\_work\XPCO\XPCO\Corporate\RecordingServer\RecorderService\tst\VideoOS.Recorder.UnitTests\bin\x64\Debug\net472\VideoOS.Recorder.UnitTests.dll" adapterTypeName="executor://mstestadapter/v2" className="VideoOS.Recorder.UnitTests.ConfigurationDatasetHolderUnitTests" name="ConfigurationDatasetHolder_ApplyTableDistribution_NoDistributions_NoLiveTables_Success" />
    </UnitTest>
    <UnitTest name="SOAPCommandRequestHandler_ExecuteFunction_HandleInputGetState_Deactivated_Success" storage="d:\actions-runner\_work\xpco\xpco\corporate\recordingserver\recorderservice\tst\videoos.recorder.unittests\bin\x64\debug\net472\videoos.recorder.unittests.dll" id="1a58dd32-5905-3235-1c9c-08f6e3791ac8">
      <Execution id="165f0b3f-fa47-4bae-b408-1cc1a1ff8f6b" />
      <TestMethod codeBase="D:\actions-runner\_work\XPCO\XPCO\Corporate\RecordingServer\RecorderService\tst\VideoOS.Recorder.UnitTests\bin\x64\Debug\net472\VideoOS.Recorder.UnitTests.dll" adapterTypeName="executor://mstestadapter/v2" className="VideoOS.Recorder.UnitTests.WebServer.SOAPCommandRequestHandlerTests" name="SOAPCommandRequestHandler_ExecuteFunction_HandleInputGetState_Deactivated_Success" />
    </UnitTest>
    <UnitTest name="CheckDeleteDeviceMediaCommandHandler_LocalConfigEmpty_MediaDbEmpty_NoDoesTrackExistCall_NoDelete" storage="d:\actions-runner\_work\xpco\xpco\corporate\recordingserver\recorderservice\tst\videoos.recorder.unittests\bin\x64\debug\net472\videoos.recorder.unittests.dll" id="b6ada097-7460-8090-7f47-b66e5f775b3c">
      <Execution id="d74b582b-d8f1-4ffe-8d3a-e4add5c6d926" />
      <TestMethod codeBase="D:\actions-runner\_work\XPCO\XPCO\Corporate\RecordingServer\RecorderService\tst\VideoOS.Recorder.UnitTests\bin\x64\Debug\net472\VideoOS.Recorder.UnitTests.dll" adapterTypeName="executor://mstestadapter/v2" className="VideoOS.Recorder.UnitTests.Command.CheckDeleteDeviceMediaCommandHandlerTests" name="CheckDeleteDeviceMediaCommandHandler_LocalConfigEmpty_MediaDbEmpty_NoDoesTrackExistCall_NoDelete" />
    </UnitTest>
    <UnitTest name="PrepareMoveHardwareCommandHandler_Execute_Hardware_Blocked_LiveTableCheck" storage="d:\actions-runner\_work\xpco\xpco\corporate\recordingserver\recorderservice\tst\videoos.recorder.unittests\bin\x64\debug\net472\videoos.recorder.unittests.dll" id="061fc792-1586-13e9-170d-fb893a208d7e">
      <Execution id="ee5044c1-735d-4bc1-bd43-ac084a166afa" />
      <TestMethod codeBase="D:\actions-runner\_work\XPCO\XPCO\Corporate\RecordingServer\RecorderService\tst\VideoOS.Recorder.UnitTests\bin\x64\Debug\net472\VideoOS.Recorder.UnitTests.dll" adapterTypeName="executor://mstestadapter/v2" className="VideoOS.Recorder.UnitTests.Command.PrepareMoveHardwareCommandHandlerTests" name="PrepareMoveHardwareCommandHandler_Execute_Hardware_Blocked_LiveTableCheck" />
    </UnitTest>
    <UnitTest name="ConnectFailed_UnknownStream" storage="d:\actions-runner\_work\xpco\xpco\corporate\recordingserver\recorderservice\tst\videoos.recorder.unittests\bin\x64\debug\net472\videoos.recorder.unittests.dll" id="8ac31007-4ac9-2a0c-5bc0-00c2f3cc68cc">
      <Execution id="23d095e3-cebb-462b-b37f-8115514672c6" />
      <TestMethod codeBase="D:\actions-runner\_work\XPCO\XPCO\Corporate\RecordingServer\RecorderService\tst\VideoOS.Recorder.UnitTests\bin\x64\Debug\net472\VideoOS.Recorder.UnitTests.dll" adapterTypeName="executor://mstestadapter/v2" className="VideoOS.Recorder.UnitTests.WebServer.ImageServerRequestHandlerTests" name="ConnectFailed_UnknownStream" />
    </UnitTest>
    <UnitTest name="SOAPCommandRequestHandler_ExecuteFunction_HandleIsManualRecording_Success" storage="d:\actions-runner\_work\xpco\xpco\corporate\recordingserver\recorderservice\tst\videoos.recorder.unittests\bin\x64\debug\net472\videoos.recorder.unittests.dll" id="ac9e79f1-9655-cf06-2054-7e5adaf9e305">
      <Execution id="3a3b880c-faa1-44b4-874e-d639b4cb8f8d" />
      <TestMethod codeBase="D:\actions-runner\_work\XPCO\XPCO\Corporate\RecordingServer\RecorderService\tst\VideoOS.Recorder.UnitTests\bin\x64\Debug\net472\VideoOS.Recorder.UnitTests.dll" adapterTypeName="executor://mstestadapter/v2" className="VideoOS.Recorder.UnitTests.WebServer.SOAPCommandRequestHandlerTests" name="SOAPCommandRequestHandler_ExecuteFunction_HandleIsManualRecording_Success" />
    </UnitTest>
    <UnitTest name="PingStop_Called_TimerIsStopped" storage="d:\actions-runner\_work\xpco\xpco\corporate\recordingserver\recorderservice\tst\videoos.recorder.unittests\bin\x64\debug\net472\videoos.recorder.unittests.dll" id="a58b4cc1-e0f6-d3f3-8e80-87f0c088df02">
      <Execution id="edee5669-2af6-4164-a1e3-ce19aecc36fd" />
      <TestMethod codeBase="D:\actions-runner\_work\XPCO\XPCO\Corporate\RecordingServer\RecorderService\tst\VideoOS.Recorder.UnitTests\bin\x64\Debug\net472\VideoOS.Recorder.UnitTests.dll" adapterTypeName="executor://mstestadapter/v2" className="VideoOS.Recorder.UnitTests.PingManagerTests" name="PingStop_Called_TimerIsStopped" />
    </UnitTest>
    <UnitTest name="EvidenceLockOnOldRecorderCommandHandler_UpdateEvidenceLock" storage="d:\actions-runner\_work\xpco\xpco\corporate\recordingserver\recorderservice\tst\videoos.recorder.unittests\bin\x64\debug\net472\videoos.recorder.unittests.dll" id="7085e5c5-fdc2-03ca-043d-69353b624742">
      <Execution id="6b303bd4-edee-4e70-8fb0-d75330a269d4" />
      <TestMethod codeBase="D:\actions-runner\_work\XPCO\XPCO\Corporate\RecordingServer\RecorderService\tst\VideoOS.Recorder.UnitTests\bin\x64\Debug\net472\VideoOS.Recorder.UnitTests.dll" adapterTypeName="executor://mstestadapter/v2" className="VideoOS.Recorder.UnitTests.Command.EvidenceLockOnOldRecorderCommandHandlerTests" name="EvidenceLockOnOldRecorderCommandHandler_UpdateEvidenceLock" />
    </UnitTest>
    <UnitTest name="SOAPCommandRequestHandler_ExecuteFunction_HandlePTZDeactivatePatrollingSchema_No_Priority" storage="d:\actions-runner\_work\xpco\xpco\corporate\recordingserver\recorderservice\tst\videoos.recorder.unittests\bin\x64\debug\net472\videoos.recorder.unittests.dll" id="b610443d-1838-4432-bf23-99e0321c9778">
      <Execution id="2186e34f-e7e7-40fd-8fc7-b3300d1ad6b5" />
      <TestMethod codeBase="D:\actions-runner\_work\XPCO\XPCO\Corporate\RecordingServer\RecorderService\tst\VideoOS.Recorder.UnitTests\bin\x64\Debug\net472\VideoOS.Recorder.UnitTests.dll" adapterTypeName="executor://mstestadapter/v2" className="VideoOS.Recorder.UnitTests.WebServer.SOAPCommandRequestHandlerTests" name="SOAPCommandRequestHandler_ExecuteFunction_HandlePTZDeactivatePatrollingSchema_No_Priority" />
    </UnitTest>
    <UnitTest name="RecStorage_Startup_NotAllowStart_KeepFailing_Ok" storage="d:\actions-runner\_work\xpco\xpco\corporate\recordingserver\recorderservice\tst\videoos.recorder.unittests\bin\x64\debug\net472\videoos.recorder.unittests.dll" id="c609b5b6-1363-019f-e4a4-055655c23b0f">
      <Execution id="7f76b486-65e3-4c2e-992c-2975571e7d06" />
      <TestMethod codeBase="D:\actions-runner\_work\XPCO\XPCO\Corporate\RecordingServer\RecorderService\tst\VideoOS.Recorder.UnitTests\bin\x64\Debug\net472\VideoOS.Recorder.UnitTests.dll" adapterTypeName="executor://mstestadapter/v2" className="VideoOS.Recorder.UnitTests.ObjectModel.MediaDbManagerUnitTests" name="RecStorage_Startup_NotAllowStart_KeepFailing_Ok" />
    </UnitTest>
    <UnitTest name="CheckExternalRecorderRegistrationCommandHandler_Execute_NullArgs_Throws" storage="d:\actions-runner\_work\xpco\xpco\corporate\recordingserver\recorderservice\tst\videoos.recorder.unittests\bin\x64\debug\net472\videoos.recorder.unittests.dll" id="ba5848f1-2b40-6b05-486c-f8baa54e4f00">
      <Execution id="2f96bd26-df61-45a6-bd38-8f903461f00c" />
      <TestMethod codeBase="D:\actions-runner\_work\XPCO\XPCO\Corporate\RecordingServer\RecorderService\tst\VideoOS.Recorder.UnitTests\bin\x64\Debug\net472\VideoOS.Recorder.UnitTests.dll" adapterTypeName="executor://mstestadapter/v2" className="VideoOS.Recorder.UnitTests.Command.CheckExternalRecorderRegistrationCommandHandlerUnitTests" name="CheckExternalRecorderRegistrationCommandHandler_Execute_NullArgs_Throws" />
    </UnitTest>
    <UnitTest name="GetHardwareUsersCommandHandler_Execute_HardwareNotFound_Fails" storage="d:\actions-runner\_work\xpco\xpco\corporate\recordingserver\recorderservice\tst\videoos.recorder.unittests\bin\x64\debug\net472\videoos.recorder.unittests.dll" id="d48b09cc-b7fc-08ec-0ebf-0631fd2160f8">
      <Execution id="a01d4910-5918-49d7-8a4a-85997acb9e60" />
      <TestMethod codeBase="D:\actions-runner\_work\XPCO\XPCO\Corporate\RecordingServer\RecorderService\tst\VideoOS.Recorder.UnitTests\bin\x64\Debug\net472\VideoOS.Recorder.UnitTests.dll" adapterTypeName="executor://mstestadapter/v2" className="VideoOS.Recorder.UnitTests.Command.GetHardwareUsersCommandHandlerUnitTests" name="GetHardwareUsersCommandHandler_Execute_HardwareNotFound_Fails" />
    </UnitTest>
    <UnitTest name="RequestRecordKeyframesOnly_DoesntChangeRecordAllFrames_OnMoreThanOneRequestToRecordAllFrames" storage="d:\actions-runner\_work\xpco\xpco\corporate\recordingserver\recorderservice\tst\videoos.recorder.unittests\bin\x64\debug\net472\videoos.recorder.unittests.dll" id="2084f781-d987-cb17-5bce-57e18517931f">
      <TestCategory>
        <TestCategoryItem TestCategory="KeyframeRecording" />
      </TestCategory>
      <Execution id="6a474e46-edfa-48fc-a5f8-4f97371d0080" />
      <TestMethod codeBase="D:\actions-runner\_work\XPCO\XPCO\Corporate\RecordingServer\RecorderService\tst\VideoOS.Recorder.UnitTests\bin\x64\Debug\net472\VideoOS.Recorder.UnitTests.dll" adapterTypeName="executor://mstestadapter/v2" className="VideoOS.Recorder.UnitTests.StateEvaluation.DeviceRecordKeyframesStateEvaluatorTests" name="RequestRecordKeyframesOnly_DoesntChangeRecordAllFrames_OnMoreThanOneRequestToRecordAllFrames" />
    </UnitTest>
    <UnitTest name="SOAPCommandRequestHandler_ExecuteFunction_HandleJPEGGetAtOrBefore_Success" storage="d:\actions-runner\_work\xpco\xpco\corporate\recordingserver\recorderservice\tst\videoos.recorder.unittests\bin\x64\debug\net472\videoos.recorder.unittests.dll" id="2c393128-1d31-941d-fd39-4346e6775750">
      <Execution id="9074a8c1-2150-4f37-8689-19e9f5c3788c" />
      <TestMethod codeBase="D:\actions-runner\_work\XPCO\XPCO\Corporate\RecordingServer\RecorderService\tst\VideoOS.Recorder.UnitTests\bin\x64\Debug\net472\VideoOS.Recorder.UnitTests.dll" adapterTypeName="executor://mstestadapter/v2" className="VideoOS.Recorder.UnitTests.WebServer.SOAPCommandRequestHandlerTests" name="SOAPCommandRequestHandler_ExecuteFunction_HandleJPEGGetAtOrBefore_Success" />
    </UnitTest>
    <UnitTest name="ConnectSuccess_OldPrivacyMaskFormat" storage="d:\actions-runner\_work\xpco\xpco\corporate\recordingserver\recorderservice\tst\videoos.recorder.unittests\bin\x64\debug\net472\videoos.recorder.unittests.dll" id="b83e952d-9f82-33ae-92bb-4cfc0c2f69f0">
      <Execution id="d2a6bc74-4c36-4576-a820-2b43004510a6" />
      <TestMethod codeBase="D:\actions-runner\_work\XPCO\XPCO\Corporate\RecordingServer\RecorderService\tst\VideoOS.Recorder.UnitTests\bin\x64\Debug\net472\VideoOS.Recorder.UnitTests.dll" adapterTypeName="executor://mstestadapter/v2" className="VideoOS.Recorder.UnitTests.WebServer.ImageServerRequestHandlerTests" name="ConnectSuccess_OldPrivacyMaskFormat" />
    </UnitTest>
    <UnitTest name="MediaDbUtil_MultitrackNavigation_Scenario04" storage="d:\actions-runner\_work\xpco\xpco\corporate\recordingserver\recorderservice\tst\videoos.recorder.unittests\bin\x64\debug\net472\videoos.recorder.unittests.dll" id="039b2053-9696-e2fc-b7cf-94be9b051e58">
      <Execution id="942ffae9-b1b7-43bf-affa-73e4a0ae9960" />
      <TestMethod codeBase="D:\actions-runner\_work\XPCO\XPCO\Corporate\RecordingServer\RecorderService\tst\VideoOS.Recorder.UnitTests\bin\x64\Debug\net472\VideoOS.Recorder.UnitTests.dll" adapterTypeName="executor://mstestadapter/v2" className="VideoOS.Recorder.UnitTests.WebServer.MediaDbUtilUnitTests" name="MediaDbUtil_MultitrackNavigation_Scenario04" />
    </UnitTest>
    <UnitTest name="SOAPCommandRequestHandler_ExecuteFunction_HandlePtzGetAbsolutePosition_Success" storage="d:\actions-runner\_work\xpco\xpco\corporate\recordingserver\recorderservice\tst\videoos.recorder.unittests\bin\x64\debug\net472\videoos.recorder.unittests.dll" id="f8373e9a-e7fb-8ad5-7e76-6dd87f57c880">
      <Execution id="a0db01ca-515b-4b25-85c9-22475a89a10d" />
      <TestMethod codeBase="D:\actions-runner\_work\XPCO\XPCO\Corporate\RecordingServer\RecorderService\tst\VideoOS.Recorder.UnitTests\bin\x64\Debug\net472\VideoOS.Recorder.UnitTests.dll" adapterTypeName="executor://mstestadapter/v2" className="VideoOS.Recorder.UnitTests.WebServer.SOAPCommandRequestHandlerTests" name="SOAPCommandRequestHandler_ExecuteFunction_HandlePtzGetAbsolutePosition_Success" />
    </UnitTest>
    <UnitTest name="TimeRangeConversionRangesMatchStartAndEndTimeOutside" storage="d:\actions-runner\_work\xpco\xpco\corporate\recordingserver\recorderservice\tst\videoos.recorder.unittests\bin\x64\debug\net472\videoos.recorder.unittests.dll" id="1184c378-3743-c521-3a27-56e3206d4afd">
      <TestCategory>
        <TestCategoryItem TestCategory="TimeRangeConversion" />
      </TestCategory>
      <Execution id="c2255426-8163-4437-80f3-bf9c42967255" />
      <TestMethod codeBase="D:\actions-runner\_work\XPCO\XPCO\Corporate\RecordingServer\RecorderService\tst\VideoOS.Recorder.UnitTests\bin\x64\Debug\net472\VideoOS.Recorder.UnitTests.dll" adapterTypeName="executor://mstestadapter/v2" className="VideoOS.Recorder.UnitTests.TimeRangeConversionTests.TimeRangeConversionTests" name="TimeRangeConversionRangesMatchStartAndEndTimeOutside" />
    </UnitTest>
    <UnitTest name="ConnectSuccess_NextSeq_Denied" storage="d:\actions-runner\_work\xpco\xpco\corporate\recordingserver\recorderservice\tst\videoos.recorder.unittests\bin\x64\debug\net472\videoos.recorder.unittests.dll" id="01207061-8f43-c08b-6323-fb99c1287977">
      <Execution id="0995ac2d-5ca3-4e3d-8722-0f90c1c13ecb" />
      <TestMethod codeBase="D:\actions-runner\_work\XPCO\XPCO\Corporate\RecordingServer\RecorderService\tst\VideoOS.Recorder.UnitTests\bin\x64\Debug\net472\VideoOS.Recorder.UnitTests.dll" adapterTypeName="executor://mstestadapter/v2" className="VideoOS.Recorder.UnitTests.WebServer.ImageServerRequestHandlerTests" name="ConnectSuccess_NextSeq_Denied" />
    </UnitTest>
    <UnitTest name="SOAPCommandRequestHandler_ExecuteFunction_HandleSequencesGetAroundWithSpan_NoDeviceId" storage="d:\actions-runner\_work\xpco\xpco\corporate\recordingserver\recorderservice\tst\videoos.recorder.unittests\bin\x64\debug\net472\videoos.recorder.unittests.dll" id="e1a3cc24-4bf1-6614-480f-00cc6a19451b">
      <Execution id="342e12e9-a9e5-40ef-8be4-743de17c2e82" />
      <TestMethod codeBase="D:\actions-runner\_work\XPCO\XPCO\Corporate\RecordingServer\RecorderService\tst\VideoOS.Recorder.UnitTests\bin\x64\Debug\net472\VideoOS.Recorder.UnitTests.dll" adapterTypeName="executor://mstestadapter/v2" className="VideoOS.Recorder.UnitTests.WebServer.SOAPCommandRequestHandlerTests" name="SOAPCommandRequestHandler_ExecuteFunction_HandleSequencesGetAroundWithSpan_NoDeviceId" />
    </UnitTest>
    <UnitTest name="SearchingBackwardsEmpty" storage="d:\actions-runner\_work\xpco\xpco\corporate\recordingserver\recorderservice\tst\videoos.recorder.unittests\bin\x64\debug\net472\videoos.recorder.unittests.dll" id="1ff4b6e7-c1ea-732c-e527-fce8c23b962e">
      <Execution id="b9078a39-4838-48db-821e-f36aaebb48fb" />
      <TestMethod codeBase="D:\actions-runner\_work\XPCO\XPCO\Corporate\RecordingServer\RecorderService\tst\VideoOS.Recorder.UnitTests\bin\x64\Debug\net472\VideoOS.Recorder.UnitTests.dll" adapterTypeName="executor://mstestadapter/v2" className="VideoOS.Recorder.UnitTests.ObjectModel.RestrictedMediaHandlerTest" name="SearchingBackwardsEmpty" />
    </UnitTest>
    <UnitTest name="PtzStopSessionCommandHandler_Execute_PtzException_InsufficientPermission" storage="d:\actions-runner\_work\xpco\xpco\corporate\recordingserver\recorderservice\tst\videoos.recorder.unittests\bin\x64\debug\net472\videoos.recorder.unittests.dll" id="b2b1a9f1-1afb-4029-19a7-703636a3a0b1">
      <Execution id="a919a920-0b7a-4d29-b3b3-f0d645c6f1f7" />
      <TestMethod codeBase="D:\actions-runner\_work\XPCO\XPCO\Corporate\RecordingServer\RecorderService\tst\VideoOS.Recorder.UnitTests\bin\x64\Debug\net472\VideoOS.Recorder.UnitTests.dll" adapterTypeName="executor://mstestadapter/v2" className="VideoOS.Recorder.UnitTests.Command.PtzStopSessionCommandHandlerTest" name="PtzStopSessionCommandHandler_Execute_PtzException_InsufficientPermission" />
    </UnitTest>
    <UnitTest name="PtzReserveSessionCommandHandler_Execute_NotSupportedException" storage="d:\actions-runner\_work\xpco\xpco\corporate\recordingserver\recorderservice\tst\videoos.recorder.unittests\bin\x64\debug\net472\videoos.recorder.unittests.dll" id="ce3fd1d7-d608-094f-073f-52226a53a166">
      <Execution id="6caae793-536e-4e17-8bb7-53d8cf7e34a7" />
      <TestMethod codeBase="D:\actions-runner\_work\XPCO\XPCO\Corporate\RecordingServer\RecorderService\tst\VideoOS.Recorder.UnitTests\bin\x64\Debug\net472\VideoOS.Recorder.UnitTests.dll" adapterTypeName="executor://mstestadapter/v2" className="VideoOS.Recorder.UnitTests.Command.PtzReserveSessionCommandHandlerTest" name="PtzReserveSessionCommandHandler_Execute_NotSupportedException" />
    </UnitTest>
    <UnitTest name="ArcStorage_Ok" storage="d:\actions-runner\_work\xpco\xpco\corporate\recordingserver\recorderservice\tst\videoos.recorder.unittests\bin\x64\debug\net472\videoos.recorder.unittests.dll" id="279ef243-f59c-b7ed-7e28-7e46d8077385">
      <Execution id="c2d97348-ed57-4db8-b544-c50937507b30" />
      <TestMethod codeBase="D:\actions-runner\_work\XPCO\XPCO\Corporate\RecordingServer\RecorderService\tst\VideoOS.Recorder.UnitTests\bin\x64\Debug\net472\VideoOS.Recorder.UnitTests.dll" adapterTypeName="executor://mstestadapter/v2" className="VideoOS.Recorder.UnitTests.ObjectModel.MediaDbManagerUnitTests" name="ArcStorage_Ok" />
    </UnitTest>
    <UnitTest name="SmartSearchHandlerForwardTestStartWithMotionButOutsideRecordingSequence" storage="d:\actions-runner\_work\xpco\xpco\corporate\recordingserver\recorderservice\tst\videoos.recorder.unittests\bin\x64\debug\net472\videoos.recorder.unittests.dll" id="f931501c-4807-9aff-d0ed-8cd7305596fe">
      <TestCategory>
        <TestCategoryItem TestCategory="SmartSearch" />
      </TestCategory>
      <Execution id="a8692b72-a2e3-4c56-997d-aae86af3c6c0" />
      <TestMethod codeBase="D:\actions-runner\_work\XPCO\XPCO\Corporate\RecordingServer\RecorderService\tst\VideoOS.Recorder.UnitTests\bin\x64\Debug\net472\VideoOS.Recorder.UnitTests.dll" adapterTypeName="executor://mstestadapter/v2" className="VideoOS.Recorder.UnitTests.SmartSearch.SmartSearchHandlerTest" name="SmartSearchHandlerForwardTestStartWithMotionButOutsideRecordingSequence" />
    </UnitTest>
    <UnitTest name="SOAPCommandRequestHandler_ExecuteFunction_HandlePTZMoveAbsolute_No_Priority" storage="d:\actions-runner\_work\xpco\xpco\corporate\recordingserver\recorderservice\tst\videoos.recorder.unittests\bin\x64\debug\net472\videoos.recorder.unittests.dll" id="5ad04535-1818-d080-de1a-2504c7ed3619">
      <Execution id="1a787d54-a1ac-4a06-88d7-09f9e973c79e" />
      <TestMethod codeBase="D:\actions-runner\_work\XPCO\XPCO\Corporate\RecordingServer\RecorderService\tst\VideoOS.Recorder.UnitTests\bin\x64\Debug\net472\VideoOS.Recorder.UnitTests.dll" adapterTypeName="executor://mstestadapter/v2" className="VideoOS.Recorder.UnitTests.WebServer.SOAPCommandRequestHandlerTests" name="SOAPCommandRequestHandler_ExecuteFunction_HandlePTZMoveAbsolute_No_Priority" />
    </UnitTest>
    <UnitTest name="RecordingStorageDeviceLinkEntries_QueryByDeviceId_Success" storage="d:\actions-runner\_work\xpco\xpco\corporate\recordingserver\recorderservice\tst\videoos.recorder.unittests\bin\x64\debug\net472\videoos.recorder.unittests.dll" id="c9ae505c-954a-a3d7-0ea8-010490b7d8f7">
      <Execution id="7566b988-61f4-45e9-b609-fbddff3900f4" />
      <TestMethod codeBase="D:\actions-runner\_work\XPCO\XPCO\Corporate\RecordingServer\RecorderService\tst\VideoOS.Recorder.UnitTests\bin\x64\Debug\net472\VideoOS.Recorder.UnitTests.dll" adapterTypeName="executor://mstestadapter/v2" className="VideoOS.Recorder.UnitTests.RecordingStorageDeviceLinkEntriesTests" name="RecordingStorageDeviceLinkEntries_QueryByDeviceId_Success" />
    </UnitTest>
    <UnitTest name="MoveLiveTableRegistrationToNewStorage" storage="d:\actions-runner\_work\xpco\xpco\corporate\recordingserver\recorderservice\tst\videoos.recorder.unittests\bin\x64\debug\net472\videoos.recorder.unittests.dll" id="a423304b-e3d2-899f-2405-1ad025659a1b">
      <Execution id="4b28c19a-20fc-4998-8099-af0a9013d2e1" />
      <TestMethod codeBase="D:\actions-runner\_work\XPCO\XPCO\Corporate\RecordingServer\RecorderService\tst\VideoOS.Recorder.UnitTests\bin\x64\Debug\net472\VideoOS.Recorder.UnitTests.dll" adapterTypeName="executor://mstestadapter/v2" className="VideoOS.Recorder.UnitTests.Database.MediaDbLiveTableStorageInfoTests" name="MoveLiveTableRegistrationToNewStorage" />
    </UnitTest>
    <UnitTest name="CheckDeleteDeviceMediaCommandHandler_Validate_Need_To_Call_CreateLocalArchive" storage="d:\actions-runner\_work\xpco\xpco\corporate\recordingserver\recorderservice\tst\videoos.recorder.unittests\bin\x64\debug\net472\videoos.recorder.unittests.dll" id="289210e1-d714-1a06-270d-470232301a4e">
      <Execution id="15d37844-23f9-4955-aaf9-21f79889391b" />
      <TestMethod codeBase="D:\actions-runner\_work\XPCO\XPCO\Corporate\RecordingServer\RecorderService\tst\VideoOS.Recorder.UnitTests\bin\x64\Debug\net472\VideoOS.Recorder.UnitTests.dll" adapterTypeName="executor://mstestadapter/v2" className="VideoOS.Recorder.UnitTests.Command.CheckDeleteDeviceMediaCommandHandlerTests" name="CheckDeleteDeviceMediaCommandHandler_Validate_Need_To_Call_CreateLocalArchive" />
    </UnitTest>
    <UnitTest name="SOAPCommandRequestHandler_ExecuteFunction_HandleOutputTrigger_NoDeviceId" storage="d:\actions-runner\_work\xpco\xpco\corporate\recordingserver\recorderservice\tst\videoos.recorder.unittests\bin\x64\debug\net472\videoos.recorder.unittests.dll" id="802628e8-6fb5-26fa-d1b8-23fa66f773bb">
      <Execution id="b81e573d-9e23-409d-a6af-1c45b55c8b30" />
      <TestMethod codeBase="D:\actions-runner\_work\XPCO\XPCO\Corporate\RecordingServer\RecorderService\tst\VideoOS.Recorder.UnitTests\bin\x64\Debug\net472\VideoOS.Recorder.UnitTests.dll" adapterTypeName="executor://mstestadapter/v2" className="VideoOS.Recorder.UnitTests.WebServer.SOAPCommandRequestHandlerTests" name="SOAPCommandRequestHandler_ExecuteFunction_HandleOutputTrigger_NoDeviceId" />
    </UnitTest>
    <UnitTest name="DeleteHardwareUserCommandHandler_Execute_CurrentUserCannotBeDeleted_Error" storage="d:\actions-runner\_work\xpco\xpco\corporate\recordingserver\recorderservice\tst\videoos.recorder.unittests\bin\x64\debug\net472\videoos.recorder.unittests.dll" id="273bf021-17de-518c-95d7-ff32463af8ea">
      <Execution id="c8c977b7-4468-4753-89a3-a9070442ba5f" />
      <TestMethod codeBase="D:\actions-runner\_work\XPCO\XPCO\Corporate\RecordingServer\RecorderService\tst\VideoOS.Recorder.UnitTests\bin\x64\Debug\net472\VideoOS.Recorder.UnitTests.dll" adapterTypeName="executor://mstestadapter/v2" className="VideoOS.Recorder.UnitTests.Command.DeleteHardwareUserCommandHandlerTest" name="DeleteHardwareUserCommandHandler_Execute_CurrentUserCannotBeDeleted_Error" />
    </UnitTest>
    <UnitTest name="SOAPCommandRequestHandler_ExecuteFunction_HandleTimeLineInformationGet_No_Microphone_Security" storage="d:\actions-runner\_work\xpco\xpco\corporate\recordingserver\recorderservice\tst\videoos.recorder.unittests\bin\x64\debug\net472\videoos.recorder.unittests.dll" id="7b72f010-1578-dd3e-0e81-7b0f265569ad">
      <Execution id="155978bf-c116-41e9-bd2d-c3f66d87d626" />
      <TestMethod codeBase="D:\actions-runner\_work\XPCO\XPCO\Corporate\RecordingServer\RecorderService\tst\VideoOS.Recorder.UnitTests\bin\x64\Debug\net472\VideoOS.Recorder.UnitTests.dll" adapterTypeName="executor://mstestadapter/v2" className="VideoOS.Recorder.UnitTests.WebServer.SOAPCommandRequestHandlerTests" name="SOAPCommandRequestHandler_ExecuteFunction_HandleTimeLineInformationGet_No_Microphone_Security" />
    </UnitTest>
    <UnitTest name="PtzPatrollingSessionBase_Pause_NotRunning" storage="d:\actions-runner\_work\xpco\xpco\corporate\recordingserver\recorderservice\tst\videoos.recorder.unittests\bin\x64\debug\net472\videoos.recorder.unittests.dll" id="db6af28e-50a4-6d1a-7c8e-2fc1b8d39003">
      <Execution id="957bda5b-f471-43be-8d2d-91c2cd9c95ea" />
      <TestMethod codeBase="D:\actions-runner\_work\XPCO\XPCO\Corporate\RecordingServer\RecorderService\tst\VideoOS.Recorder.UnitTests\bin\x64\Debug\net472\VideoOS.Recorder.UnitTests.dll" adapterTypeName="executor://mstestadapter/v2" className="VideoOS.Recorder.UnitTests.Command.PtzSessionsTests" name="PtzPatrollingSessionBase_Pause_NotRunning" />
    </UnitTest>
    <UnitTest name="UpdateConfigurationFromDiffGram_ServerAddress_Success" storage="d:\actions-runner\_work\xpco\xpco\corporate\recordingserver\recorderservice\tst\videoos.recorder.unittests\bin\x64\debug\net472\videoos.recorder.unittests.dll" id="85d18cf4-f8f7-0149-cadc-811b02ee02d9">
      <Execution id="c6a9723a-9e6a-4369-b861-78aab6fe695d" />
      <TestMethod codeBase="D:\actions-runner\_work\XPCO\XPCO\Corporate\RecordingServer\RecorderService\tst\VideoOS.Recorder.UnitTests\bin\x64\Debug\net472\VideoOS.Recorder.UnitTests.dll" adapterTypeName="executor://mstestadapter/v2" className="VideoOS.Recorder.UnitTests.Multicast.LiveMulticastProcessorUnitTests" name="UpdateConfigurationFromDiffGram_ServerAddress_Success" />
    </UnitTest>
    <UnitTest name="RecorderTaskStopped_InternalStateStartedCompatibleAndConnected_CallsCommunicator" storage="d:\actions-runner\_work\xpco\xpco\corporate\recordingserver\recorderservice\tst\videoos.recorder.unittests\bin\x64\debug\net472\videoos.recorder.unittests.dll" id="605c7227-cd09-8947-873a-f25cb5e2e230">
      <Execution id="ca1f6e93-44a7-40ed-afb7-5972a404c2a3" />
      <TestMethod codeBase="D:\actions-runner\_work\XPCO\XPCO\Corporate\RecordingServer\RecorderService\tst\VideoOS.Recorder.UnitTests\bin\x64\Debug\net472\VideoOS.Recorder.UnitTests.dll" adapterTypeName="executor://mstestadapter/v2" className="VideoOS.Recorder.UnitTests.CommManagerWebApiTests" name="RecorderTaskStopped_InternalStateStartedCompatibleAndConnected_CallsCommunicator" />
    </UnitTest>
    <UnitTest name="SOAPCommandRequestHandler_ExecuteFunction_HandleSmartSearchCancel_NoSmartSearchId" storage="d:\actions-runner\_work\xpco\xpco\corporate\recordingserver\recorderservice\tst\videoos.recorder.unittests\bin\x64\debug\net472\videoos.recorder.unittests.dll" id="bc47c777-b840-2a5f-66e4-98b5b2140e2c">
      <Execution id="17cde046-d141-4221-b279-537d065f485f" />
      <TestMethod codeBase="D:\actions-runner\_work\XPCO\XPCO\Corporate\RecordingServer\RecorderService\tst\VideoOS.Recorder.UnitTests\bin\x64\Debug\net472\VideoOS.Recorder.UnitTests.dll" adapterTypeName="executor://mstestadapter/v2" className="VideoOS.Recorder.UnitTests.WebServer.SOAPCommandRequestHandlerTests" name="SOAPCommandRequestHandler_ExecuteFunction_HandleSmartSearchCancel_NoSmartSearchId" />
    </UnitTest>
    <UnitTest name="SOAPCommandRequestHandler_ExecuteFunction_HandleSequencesGetAroundWithSpan_NoMaxTimeBefore" storage="d:\actions-runner\_work\xpco\xpco\corporate\recordingserver\recorderservice\tst\videoos.recorder.unittests\bin\x64\debug\net472\videoos.recorder.unittests.dll" id="2886a1e5-b545-f681-6d8e-ded7da6dd0c9">
      <Execution id="dea5b7df-4baf-4912-813d-3f8316deed0a" />
      <TestMethod codeBase="D:\actions-runner\_work\XPCO\XPCO\Corporate\RecordingServer\RecorderService\tst\VideoOS.Recorder.UnitTests\bin\x64\Debug\net472\VideoOS.Recorder.UnitTests.dll" adapterTypeName="executor://mstestadapter/v2" className="VideoOS.Recorder.UnitTests.WebServer.SOAPCommandRequestHandlerTests" name="SOAPCommandRequestHandler_ExecuteFunction_HandleSequencesGetAroundWithSpan_NoMaxTimeBefore" />
    </UnitTest>
    <UnitTest name="PtzManagerDataHolder_RemoveSchema_Not_Exists" storage="d:\actions-runner\_work\xpco\xpco\corporate\recordingserver\recorderservice\tst\videoos.recorder.unittests\bin\x64\debug\net472\videoos.recorder.unittests.dll" id="a1776dc1-f5b3-b5d1-57c5-7db2cdbddfaf">
      <Execution id="ee5106ad-7976-4610-94cd-51e71b005f9e" />
      <TestMethod codeBase="D:\actions-runner\_work\XPCO\XPCO\Corporate\RecordingServer\RecorderService\tst\VideoOS.Recorder.UnitTests\bin\x64\Debug\net472\VideoOS.Recorder.UnitTests.dll" adapterTypeName="executor://mstestadapter/v2" className="VideoOS.Recorder.UnitTests.Command.PtzManagerDataHolderTest" name="PtzManagerDataHolder_RemoveSchema_Not_Exists" />
    </UnitTest>
    <UnitTest name="CollectMediaStatusCommandHandler_MediaDbRepair" storage="d:\actions-runner\_work\xpco\xpco\corporate\recordingserver\recorderservice\tst\videoos.recorder.unittests\bin\x64\debug\net472\videoos.recorder.unittests.dll" id="2b1f3b6a-aaf2-ed1b-ef4f-eaf8a5cb9923">
      <Execution id="b4df0779-8af3-433c-a59e-2b422e2ed38b" />
      <TestMethod codeBase="D:\actions-runner\_work\XPCO\XPCO\Corporate\RecordingServer\RecorderService\tst\VideoOS.Recorder.UnitTests\bin\x64\Debug\net472\VideoOS.Recorder.UnitTests.dll" adapterTypeName="executor://mstestadapter/v2" className="VideoOS.Recorder.UnitTests.Command.CollectMediaStatusCommandHandlerTests" name="CollectMediaStatusCommandHandler_MediaDbRepair" />
    </UnitTest>
    <UnitTest name="CheckExternalRecorderRegistrationCommandHandler_Execute_HardwareNotEnabled_ErrorResponse" storage="d:\actions-runner\_work\xpco\xpco\corporate\recordingserver\recorderservice\tst\videoos.recorder.unittests\bin\x64\debug\net472\videoos.recorder.unittests.dll" id="b2d1aeaa-91be-0e1b-799c-a198487e8821">
      <Execution id="dd6ab6d4-0008-4414-a381-b4078b1833e5" />
      <TestMethod codeBase="D:\actions-runner\_work\XPCO\XPCO\Corporate\RecordingServer\RecorderService\tst\VideoOS.Recorder.UnitTests\bin\x64\Debug\net472\VideoOS.Recorder.UnitTests.dll" adapterTypeName="executor://mstestadapter/v2" className="VideoOS.Recorder.UnitTests.Command.CheckExternalRecorderRegistrationCommandHandlerUnitTests" name="CheckExternalRecorderRegistrationCommandHandler_Execute_HardwareNotEnabled_ErrorResponse" />
    </UnitTest>
    <UnitTest name="PrepareMoveHardwareCommandHandler_Execute_StorageOffline_ErrorResponse" storage="d:\actions-runner\_work\xpco\xpco\corporate\recordingserver\recorderservice\tst\videoos.recorder.unittests\bin\x64\debug\net472\videoos.recorder.unittests.dll" id="4636b9dc-c357-c362-b966-78bb4d5fdfce">
      <Execution id="7bb25013-ebf9-4614-a04c-841f602c03ef" />
      <TestMethod codeBase="D:\actions-runner\_work\XPCO\XPCO\Corporate\RecordingServer\RecorderService\tst\VideoOS.Recorder.UnitTests\bin\x64\Debug\net472\VideoOS.Recorder.UnitTests.dll" adapterTypeName="executor://mstestadapter/v2" className="VideoOS.Recorder.UnitTests.Command.PrepareMoveHardwareCommandHandlerTests" name="PrepareMoveHardwareCommandHandler_Execute_StorageOffline_ErrorResponse" />
    </UnitTest>
    <UnitTest name="LicenseManager_IsFeatureLicensed_AxisOneClick_Success" storage="d:\actions-runner\_work\xpco\xpco\corporate\recordingserver\recorderservice\tst\videoos.recorder.unittests\bin\x64\debug\net472\videoos.recorder.unittests.dll" id="58b8d886-43f4-ab82-423a-507a2231294b">
      <TestCategory>
        <TestCategoryItem TestCategory="Licensing" />
      </TestCategory>
      <Execution id="1743527f-dd61-408c-b0c7-b2a9519c14dc" />
      <TestMethod codeBase="D:\actions-runner\_work\XPCO\XPCO\Corporate\RecordingServer\RecorderService\tst\VideoOS.Recorder.UnitTests\bin\x64\Debug\net472\VideoOS.Recorder.UnitTests.dll" adapterTypeName="executor://mstestadapter/v2" className="VideoOS.Recorder.UnitTests.Licensing.LicenseManagerUnitTests" name="LicenseManager_IsFeatureLicensed_AxisOneClick_Success" />
    </UnitTest>
    <UnitTest name="LicenseManager_TryGetFeatureExpiryDate_InvalidOperation" storage="d:\actions-runner\_work\xpco\xpco\corporate\recordingserver\recorderservice\tst\videoos.recorder.unittests\bin\x64\debug\net472\videoos.recorder.unittests.dll" id="d56e476a-51a4-e2c1-ac36-f4b139422e78">
      <TestCategory>
        <TestCategoryItem TestCategory="Licensing" />
      </TestCategory>
      <Execution id="b26d062c-bf32-4003-a39a-c08ce7e04c3e" />
      <TestMethod codeBase="D:\actions-runner\_work\XPCO\XPCO\Corporate\RecordingServer\RecorderService\tst\VideoOS.Recorder.UnitTests\bin\x64\Debug\net472\VideoOS.Recorder.UnitTests.dll" adapterTypeName="executor://mstestadapter/v2" className="VideoOS.Recorder.UnitTests.Licensing.LicenseManagerUnitTests" name="LicenseManager_TryGetFeatureExpiryDate_InvalidOperation" />
    </UnitTest>
    <UnitTest name="PtzReleaseSessionCommandHandler_Constructor_Argument_Exception" storage="d:\actions-runner\_work\xpco\xpco\corporate\recordingserver\recorderservice\tst\videoos.recorder.unittests\bin\x64\debug\net472\videoos.recorder.unittests.dll" id="b06c0ff2-b96a-82d5-47d2-6ada600c6ac4">
      <Execution id="199e8515-0347-4709-b5ba-d8738e728543" />
      <TestMethod codeBase="D:\actions-runner\_work\XPCO\XPCO\Corporate\RecordingServer\RecorderService\tst\VideoOS.Recorder.UnitTests\bin\x64\Debug\net472\VideoOS.Recorder.UnitTests.dll" adapterTypeName="executor://mstestadapter/v2" className="VideoOS.Recorder.UnitTests.Command.PtzReleaseSessionCommandHandlerTest" name="PtzReleaseSessionCommandHandler_Constructor_Argument_Exception" />
    </UnitTest>
    <UnitTest name="GetSettingAsInt16_NonShortValue_Throws_InvalidMulticastSettingsException" storage="d:\actions-runner\_work\xpco\xpco\corporate\recordingserver\recorderservice\tst\videoos.recorder.unittests\bin\x64\debug\net472\videoos.recorder.unittests.dll" id="bc96c959-61a5-af4e-34a3-499043550e69">
      <Execution id="66e0cc54-d150-46ab-a525-1f97f04354fb" />
      <TestMethod codeBase="D:\actions-runner\_work\XPCO\XPCO\Corporate\RecordingServer\RecorderService\tst\VideoOS.Recorder.UnitTests\bin\x64\Debug\net472\VideoOS.Recorder.UnitTests.dll" adapterTypeName="executor://mstestadapter/v2" className="VideoOS.Recorder.UnitTests.Multicast.MulticastSettingsExtensionsUnitTests" name="GetSettingAsInt16_NonShortValue_Throws_InvalidMulticastSettingsException" />
    </UnitTest>
    <UnitTest name="MediaDbRepairStatus_StillWithinRepairTime" storage="d:\actions-runner\_work\xpco\xpco\corporate\recordingserver\recorderservice\tst\videoos.recorder.unittests\bin\x64\debug\net472\videoos.recorder.unittests.dll" id="690896ac-bb37-5cf7-d792-7478f7fc943d">
      <TestCategory>
        <TestCategoryItem TestCategory="MediaDbRepairStateTests" />
      </TestCategory>
      <Execution id="30518e28-4f88-4192-9e40-6a74b060fe84" />
      <TestMethod codeBase="D:\actions-runner\_work\XPCO\XPCO\Corporate\RecordingServer\RecorderService\tst\VideoOS.Recorder.UnitTests\bin\x64\Debug\net472\VideoOS.Recorder.UnitTests.dll" adapterTypeName="executor://mstestadapter/v2" className="VideoOS.Recorder.UnitTests.TimeRangeConversionTests.MediaDbRepairStatusTests" name="MediaDbRepairStatus_StillWithinRepairTime" />
    </UnitTest>
    <UnitTest name="SOAPCommandRequestHandler_Constructor_ArgumentNullException" storage="d:\actions-runner\_work\xpco\xpco\corporate\recordingserver\recorderservice\tst\videoos.recorder.unittests\bin\x64\debug\net472\videoos.recorder.unittests.dll" id="90b402e5-869a-fa3b-54b9-c773a3203aaf">
      <Execution id="a308006f-2798-4df1-9952-4d98718eeb20" />
      <TestMethod codeBase="D:\actions-runner\_work\XPCO\XPCO\Corporate\RecordingServer\RecorderService\tst\VideoOS.Recorder.UnitTests\bin\x64\Debug\net472\VideoOS.Recorder.UnitTests.dll" adapterTypeName="executor://mstestadapter/v2" className="VideoOS.Recorder.UnitTests.WebServer.SOAPCommandRequestHandlerTests" name="SOAPCommandRequestHandler_Constructor_ArgumentNullException" />
    </UnitTest>
    <UnitTest name="CollectMediaStatusCommandHandler_MediaStorageReaderException" storage="d:\actions-runner\_work\xpco\xpco\corporate\recordingserver\recorderservice\tst\videoos.recorder.unittests\bin\x64\debug\net472\videoos.recorder.unittests.dll" id="0de3df14-d764-433d-787a-88d2b74272fa">
      <Execution id="ceef9fdc-24d7-4f11-9580-4aa69f74bf2f" />
      <TestMethod codeBase="D:\actions-runner\_work\XPCO\XPCO\Corporate\RecordingServer\RecorderService\tst\VideoOS.Recorder.UnitTests\bin\x64\Debug\net472\VideoOS.Recorder.UnitTests.dll" adapterTypeName="executor://mstestadapter/v2" className="VideoOS.Recorder.UnitTests.Command.CollectMediaStatusCommandHandlerTests" name="CollectMediaStatusCommandHandler_MediaStorageReaderException" />
    </UnitTest>
    <UnitTest name="SOAPCommandRequestHandler_ExecuteFunction_HandlePTZRectangle_Width_Not_Double" storage="d:\actions-runner\_work\xpco\xpco\corporate\recordingserver\recorderservice\tst\videoos.recorder.unittests\bin\x64\debug\net472\videoos.recorder.unittests.dll" id="5164a939-4212-4209-7f73-68f301761e1c">
      <Execution id="99f06e89-1d86-48c5-9c84-614f196ce92e" />
      <TestMethod codeBase="D:\actions-runner\_work\XPCO\XPCO\Corporate\RecordingServer\RecorderService\tst\VideoOS.Recorder.UnitTests\bin\x64\Debug\net472\VideoOS.Recorder.UnitTests.dll" adapterTypeName="executor://mstestadapter/v2" className="VideoOS.Recorder.UnitTests.WebServer.SOAPCommandRequestHandlerTests" name="SOAPCommandRequestHandler_ExecuteFunction_HandlePTZRectangle_Width_Not_Double" />
    </UnitTest>
    <UnitTest name="CollectRecorderInfoCommandXmlConverter_ArchiveProgress_Single_WithProgress" storage="d:\actions-runner\_work\xpco\xpco\corporate\recordingserver\recorderservice\tst\videoos.recorder.unittests\bin\x64\debug\net472\videoos.recorder.unittests.dll" id="1255307f-f6e6-fe6a-996c-4e1d632a87c8">
      <Execution id="c088a991-6891-4224-9a55-14cf0c5f55e1" />
      <TestMethod codeBase="D:\actions-runner\_work\XPCO\XPCO\Corporate\RecordingServer\RecorderService\tst\VideoOS.Recorder.UnitTests\bin\x64\Debug\net472\VideoOS.Recorder.UnitTests.dll" adapterTypeName="executor://mstestadapter/v2" className="VideoOS.Recorder.UnitTests.Command.CollectRecorderInfoCommandXmlConverterTest" name="CollectRecorderInfoCommandXmlConverter_ArchiveProgress_Single_WithProgress" />
    </UnitTest>
    <UnitTest name="GetMulticastConnectData_Success" storage="d:\actions-runner\_work\xpco\xpco\corporate\recordingserver\recorderservice\tst\videoos.recorder.unittests\bin\x64\debug\net472\videoos.recorder.unittests.dll" id="af2d9538-16b8-319e-83bc-b6238cfb1564">
      <Execution id="92860a48-4baa-416e-b034-a2c57d6c2d99" />
      <TestMethod codeBase="D:\actions-runner\_work\XPCO\XPCO\Corporate\RecordingServer\RecorderService\tst\VideoOS.Recorder.UnitTests\bin\x64\Debug\net472\VideoOS.Recorder.UnitTests.dll" adapterTypeName="executor://mstestadapter/v2" className="VideoOS.Recorder.UnitTests.Multicast.LiveMulticastProcessorUnitTests" name="GetMulticastConnectData_Success" />
    </UnitTest>
    <UnitTest name="ChangeHardwarePasswordCommandHandler_Execute_Success" storage="d:\actions-runner\_work\xpco\xpco\corporate\recordingserver\recorderservice\tst\videoos.recorder.unittests\bin\x64\debug\net472\videoos.recorder.unittests.dll" id="814b8c0a-160f-1311-d907-98ac754563aa">
      <Execution id="fe620333-25df-4066-9295-e5086c5c7363" />
      <TestMethod codeBase="D:\actions-runner\_work\XPCO\XPCO\Corporate\RecordingServer\RecorderService\tst\VideoOS.Recorder.UnitTests\bin\x64\Debug\net472\VideoOS.Recorder.UnitTests.dll" adapterTypeName="executor://mstestadapter/v2" className="VideoOS.Recorder.UnitTests.Command.ChangeHardwarePasswordCommandHandlerUnitTests" name="ChangeHardwarePasswordCommandHandler_Execute_Success" />
    </UnitTest>
    <UnitTest name="PtzManager_SetConfiguration_Unknown_Exception" storage="d:\actions-runner\_work\xpco\xpco\corporate\recordingserver\recorderservice\tst\videoos.recorder.unittests\bin\x64\debug\net472\videoos.recorder.unittests.dll" id="9e946e1a-69e1-5173-befa-827104fe6bea">
      <Execution id="9d10cd19-a6f9-40e9-938e-c4bc51941b9c" />
      <TestMethod codeBase="D:\actions-runner\_work\XPCO\XPCO\Corporate\RecordingServer\RecorderService\tst\VideoOS.Recorder.UnitTests\bin\x64\Debug\net472\VideoOS.Recorder.UnitTests.dll" adapterTypeName="executor://mstestadapter/v2" className="VideoOS.Recorder.UnitTests.Command.PtzManagerTests" name="PtzManager_SetConfiguration_Unknown_Exception" />
    </UnitTest>
    <UnitTest name="ChangeHardwarePasswordCommandHandler_Execute_HardwareNotStarted_Errors" storage="d:\actions-runner\_work\xpco\xpco\corporate\recordingserver\recorderservice\tst\videoos.recorder.unittests\bin\x64\debug\net472\videoos.recorder.unittests.dll" id="248633a8-419e-cde7-d246-f6ef50f7ef4a">
      <Execution id="3ac204e6-6e4e-43c1-8792-b31bf83a31e8" />
      <TestMethod codeBase="D:\actions-runner\_work\XPCO\XPCO\Corporate\RecordingServer\RecorderService\tst\VideoOS.Recorder.UnitTests\bin\x64\Debug\net472\VideoOS.Recorder.UnitTests.dll" adapterTypeName="executor://mstestadapter/v2" className="VideoOS.Recorder.UnitTests.Command.ChangeHardwarePasswordCommandHandlerUnitTests" name="ChangeHardwarePasswordCommandHandler_Execute_HardwareNotStarted_Errors" />
    </UnitTest>
    <UnitTest name="SOAPCommandRequestHandler_ExecuteFunction_HandleOutputGetState_NoDeviceId" storage="d:\actions-runner\_work\xpco\xpco\corporate\recordingserver\recorderservice\tst\videoos.recorder.unittests\bin\x64\debug\net472\videoos.recorder.unittests.dll" id="ad222203-2d97-008d-8192-c303782b71d9">
      <Execution id="a6745b94-ba1e-467a-bb3d-1cb9e2347b91" />
      <TestMethod codeBase="D:\actions-runner\_work\XPCO\XPCO\Corporate\RecordingServer\RecorderService\tst\VideoOS.Recorder.UnitTests\bin\x64\Debug\net472\VideoOS.Recorder.UnitTests.dll" adapterTypeName="executor://mstestadapter/v2" className="VideoOS.Recorder.UnitTests.WebServer.SOAPCommandRequestHandlerTests" name="SOAPCommandRequestHandler_ExecuteFunction_HandleOutputGetState_NoDeviceId" />
    </UnitTest>
    <UnitTest name="CollectMediaStatusCommandHandler_No_Device_Object" storage="d:\actions-runner\_work\xpco\xpco\corporate\recordingserver\recorderservice\tst\videoos.recorder.unittests\bin\x64\debug\net472\videoos.recorder.unittests.dll" id="b2a1b712-46a5-733f-1612-f15200d0057b">
      <Execution id="94d82cba-d016-4c48-896d-5eabfd61a1d6" />
      <TestMethod codeBase="D:\actions-runner\_work\XPCO\XPCO\Corporate\RecordingServer\RecorderService\tst\VideoOS.Recorder.UnitTests\bin\x64\Debug\net472\VideoOS.Recorder.UnitTests.dll" adapterTypeName="executor://mstestadapter/v2" className="VideoOS.Recorder.UnitTests.Command.CollectMediaStatusCommandHandlerTests" name="CollectMediaStatusCommandHandler_No_Device_Object" />
    </UnitTest>
    <UnitTest name="PrepareMoveHardwareCommandHandler_Execute_Command_Null_ArgumentException" storage="d:\actions-runner\_work\xpco\xpco\corporate\recordingserver\recorderservice\tst\videoos.recorder.unittests\bin\x64\debug\net472\videoos.recorder.unittests.dll" id="9c635f9f-e840-1299-44fc-4dafb07bd703">
      <Execution id="167c3d04-9a68-49be-baee-c11fc3778aad" />
      <TestMethod codeBase="D:\actions-runner\_work\XPCO\XPCO\Corporate\RecordingServer\RecorderService\tst\VideoOS.Recorder.UnitTests\bin\x64\Debug\net472\VideoOS.Recorder.UnitTests.dll" adapterTypeName="executor://mstestadapter/v2" className="VideoOS.Recorder.UnitTests.Command.PrepareMoveHardwareCommandHandlerTests" name="PrepareMoveHardwareCommandHandler_Execute_Command_Null_ArgumentException" />
    </UnitTest>
    <UnitTest name="Test_WriteEnabledResolved_In_Failover" storage="d:\actions-runner\_work\xpco\xpco\corporate\recordingserver\recorderservice\tst\videoos.recorder.unittests\bin\x64\debug\net472\videoos.recorder.unittests.dll" id="b032112f-1b13-3d03-bb25-b6835e6a65aa">
      <Execution id="cda9057e-717d-432d-ac28-27aab5802628" />
      <TestMethod codeBase="D:\actions-runner\_work\XPCO\XPCO\Corporate\RecordingServer\RecorderService\tst\VideoOS.Recorder.UnitTests\bin\x64\Debug\net472\VideoOS.Recorder.UnitTests.dll" adapterTypeName="executor://mstestadapter/v2" className="VideoOS.Recorder.UnitTests.Consumers.TableInfoTests" name="Test_WriteEnabledResolved_In_Failover" />
    </UnitTest>
    <UnitTest name="DatabaseBankInfo_Sum_Online" storage="d:\actions-runner\_work\xpco\xpco\corporate\recordingserver\recorderservice\tst\videoos.recorder.unittests\bin\x64\debug\net472\videoos.recorder.unittests.dll" id="fc7e9908-3587-b14b-442e-5b6a1e61adc9">
      <Execution id="5d743bff-a086-4473-81e7-694634280dd7" />
      <TestMethod codeBase="D:\actions-runner\_work\XPCO\XPCO\Corporate\RecordingServer\RecorderService\tst\VideoOS.Recorder.UnitTests\bin\x64\Debug\net472\VideoOS.Recorder.UnitTests.dll" adapterTypeName="executor://mstestadapter/v2" className="VideoOS.Recorder.UnitTests.Database.DatabaseBankInfoTests" name="DatabaseBankInfo_Sum_Online" />
    </UnitTest>
    <UnitTest name="GetAbsolutePtzPositionCommandHandler_Execute_Argument_Exception" storage="d:\actions-runner\_work\xpco\xpco\corporate\recordingserver\recorderservice\tst\videoos.recorder.unittests\bin\x64\debug\net472\videoos.recorder.unittests.dll" id="96f297f7-010e-ccbe-b014-3da76d4969c3">
      <Execution id="ceb3369e-8167-44d0-91ee-dccd1114b7a4" />
      <TestMethod codeBase="D:\actions-runner\_work\XPCO\XPCO\Corporate\RecordingServer\RecorderService\tst\VideoOS.Recorder.UnitTests\bin\x64\Debug\net472\VideoOS.Recorder.UnitTests.dll" adapterTypeName="executor://mstestadapter/v2" className="VideoOS.Recorder.UnitTests.Command.GetAbsolutePtzPositionCommandHandlerTest" name="GetAbsolutePtzPositionCommandHandler_Execute_Argument_Exception" />
    </UnitTest>
    <UnitTest name="PtzReserveSessionCommandHandler_Execute_Preset_Not_Supported" storage="d:\actions-runner\_work\xpco\xpco\corporate\recordingserver\recorderservice\tst\videoos.recorder.unittests\bin\x64\debug\net472\videoos.recorder.unittests.dll" id="ff6df7b0-23d8-0454-b1e5-5d8debd02a40">
      <Execution id="375a18fa-51d3-4e67-8a41-bc2cd68c8288" />
      <TestMethod codeBase="D:\actions-runner\_work\XPCO\XPCO\Corporate\RecordingServer\RecorderService\tst\VideoOS.Recorder.UnitTests\bin\x64\Debug\net472\VideoOS.Recorder.UnitTests.dll" adapterTypeName="executor://mstestadapter/v2" className="VideoOS.Recorder.UnitTests.Command.PtzReserveSessionCommandHandlerTest" name="PtzReserveSessionCommandHandler_Execute_Preset_Not_Supported" />
    </UnitTest>
    <UnitTest name="EnsureDeployment" storage="d:\actions-runner\_work\xpco\xpco\corporate\recordingserver\recorderservice\tst\videoos.recorder.unittests\bin\x64\debug\net472\videoos.recorder.unittests.dll" id="af9c515c-990a-46b7-7894-bf5804e02abd">
      <Execution id="debcf494-24d9-44ed-8b71-518ea401f7e8" />
      <TestMethod codeBase="D:\actions-runner\_work\XPCO\XPCO\Corporate\RecordingServer\RecorderService\tst\VideoOS.Recorder.UnitTests\bin\x64\Debug\net472\VideoOS.Recorder.UnitTests.dll" adapterTypeName="executor://mstestadapter/v2" className="VideoOS.Recorder.UnitTests.AssemblyTestClass" name="EnsureDeployment" />
    </UnitTest>
    <UnitTest name="ConfigurationController_UpdateSystemConfiguration_IsValid_NoContent" storage="d:\actions-runner\_work\xpco\xpco\corporate\recordingserver\recorderservice\tst\videoos.recorder.unittests\bin\x64\debug\net472\videoos.recorder.unittests.dll" id="0f6b41fe-2883-b304-9a30-c41f3a9508b9">
      <Execution id="4e7421c1-8e71-4b91-b5f7-3c2e9a0b545d" />
      <TestMethod codeBase="D:\actions-runner\_work\XPCO\XPCO\Corporate\RecordingServer\RecorderService\tst\VideoOS.Recorder.UnitTests\bin\x64\Debug\net472\VideoOS.Recorder.UnitTests.dll" adapterTypeName="executor://mstestadapter/v2" className="VideoOS.Recorder.UnitTests.ConfigurationControllerTests" name="ConfigurationController_UpdateSystemConfiguration_IsValid_NoContent" />
    </UnitTest>
    <UnitTest name="MediaDbConfigurationWriter_WriteRecordingStorageAndArchivesConfiguration" storage="d:\actions-runner\_work\xpco\xpco\corporate\recordingserver\recorderservice\tst\videoos.recorder.unittests\bin\x64\debug\net472\videoos.recorder.unittests.dll" id="946220f3-0b91-ce52-0cf4-1abc839b9c49">
      <Execution id="fab45eda-8211-4948-9c87-2ecbe8535311" />
      <TestMethod codeBase="D:\actions-runner\_work\XPCO\XPCO\Corporate\RecordingServer\RecorderService\tst\VideoOS.Recorder.UnitTests\bin\x64\Debug\net472\VideoOS.Recorder.UnitTests.dll" adapterTypeName="executor://mstestadapter/v2" className="VideoOS.Recorder.UnitTests.Database.MediaDbConfigurationWriterUnitTests" name="MediaDbConfigurationWriter_WriteRecordingStorageAndArchivesConfiguration" />
    </UnitTest>
    <UnitTest name="SOAPCommandRequestHandler_ExecuteFunction_HandleSequencesGetAround_NoMaxCountAfter" storage="d:\actions-runner\_work\xpco\xpco\corporate\recordingserver\recorderservice\tst\videoos.recorder.unittests\bin\x64\debug\net472\videoos.recorder.unittests.dll" id="ef59d40b-5543-ffd1-2a2d-387acc978edf">
      <Execution id="d1be9e46-6f6a-402e-bc0e-bab408c28750" />
      <TestMethod codeBase="D:\actions-runner\_work\XPCO\XPCO\Corporate\RecordingServer\RecorderService\tst\VideoOS.Recorder.UnitTests\bin\x64\Debug\net472\VideoOS.Recorder.UnitTests.dll" adapterTypeName="executor://mstestadapter/v2" className="VideoOS.Recorder.UnitTests.WebServer.SOAPCommandRequestHandlerTests" name="SOAPCommandRequestHandler_ExecuteFunction_HandleSequencesGetAround_NoMaxCountAfter" />
    </UnitTest>
    <UnitTest name="EdgeStorageLimitsParallel" storage="d:\actions-runner\_work\xpco\xpco\corporate\recordingserver\recorderservice\tst\videoos.recorder.unittests\bin\x64\debug\net472\videoos.recorder.unittests.dll" id="3297e64a-96d1-e7c5-1500-1d70047b24a0">
      <TestCategory>
        <TestCategoryItem TestCategory="EdgeStorageLimits" />
      </TestCategory>
      <Execution id="8571c27a-83e8-465b-bbb1-d4b1adcd7e77" />
      <TestMethod codeBase="D:\actions-runner\_work\XPCO\XPCO\Corporate\RecordingServer\RecorderService\tst\VideoOS.Recorder.UnitTests\bin\x64\Debug\net472\VideoOS.Recorder.UnitTests.dll" adapterTypeName="executor://mstestadapter/v2" className="VideoOS.Recorder.UnitTests.EdgeStorage.EdgeStorageLimitTests" name="EdgeStorageLimitsParallel" />
    </UnitTest>
    <UnitTest name="MediaDbCache_SetDiskUsageInformationBank_Path_Null_ArgumentNullException" storage="d:\actions-runner\_work\xpco\xpco\corporate\recordingserver\recorderservice\tst\videoos.recorder.unittests\bin\x64\debug\net472\videoos.recorder.unittests.dll" id="ff0e50d2-cbea-a62d-2ef5-bef80ba5a011">
      <Execution id="4f9bac62-7832-479b-9268-817071dc22f1" />
      <TestMethod codeBase="D:\actions-runner\_work\XPCO\XPCO\Corporate\RecordingServer\RecorderService\tst\VideoOS.Recorder.UnitTests\bin\x64\Debug\net472\VideoOS.Recorder.UnitTests.dll" adapterTypeName="executor://mstestadapter/v2" className="VideoOS.Recorder.UnitTests.Database.MediaDbCacheUnitTests" name="MediaDbCache_SetDiskUsageInformationBank_Path_Null_ArgumentNullException" />
    </UnitTest>
    <UnitTest name="PtzManagerDataHolder_RemoveSchema_Success" storage="d:\actions-runner\_work\xpco\xpco\corporate\recordingserver\recorderservice\tst\videoos.recorder.unittests\bin\x64\debug\net472\videoos.recorder.unittests.dll" id="0d406c31-ec0a-f56c-17c7-10a4cee434f7">
      <Execution id="7900df31-5a56-4d4a-8084-0955aa1be306" />
      <TestMethod codeBase="D:\actions-runner\_work\XPCO\XPCO\Corporate\RecordingServer\RecorderService\tst\VideoOS.Recorder.UnitTests\bin\x64\Debug\net472\VideoOS.Recorder.UnitTests.dll" adapterTypeName="executor://mstestadapter/v2" className="VideoOS.Recorder.UnitTests.Command.PtzManagerDataHolderTest" name="PtzManagerDataHolder_RemoveSchema_Success" />
    </UnitTest>
    <UnitTest name="ReadMessageHeaders_ReadRequestLine_SoapCommandWsdl_Success" storage="d:\actions-runner\_work\xpco\xpco\corporate\recordingserver\recorderservice\tst\videoos.recorder.unittests\bin\x64\debug\net472\videoos.recorder.unittests.dll" id="e4f8f0bc-c9b6-343d-b37d-7ae5f9d6fe40">
      <Execution id="f8ef57b5-8c12-4c06-82fa-77eb27520df4" />
      <TestMethod codeBase="D:\actions-runner\_work\XPCO\XPCO\Corporate\RecordingServer\RecorderService\tst\VideoOS.Recorder.UnitTests\bin\x64\Debug\net472\VideoOS.Recorder.UnitTests.dll" adapterTypeName="executor://mstestadapter/v2" className="VideoOS.Recorder.UnitTests.WebServer.WebRequestReaderUnitTests" name="ReadMessageHeaders_ReadRequestLine_SoapCommandWsdl_Success" />
    </UnitTest>
    <UnitTest name="ChangeHardwarePasswordCommandHandler_Execute_ChangePassword_ThrowsUserLevelAnonymousNotAllowed_Errors" storage="d:\actions-runner\_work\xpco\xpco\corporate\recordingserver\recorderservice\tst\videoos.recorder.unittests\bin\x64\debug\net472\videoos.recorder.unittests.dll" id="26166077-e048-bd2a-c8e7-83d8bc7db926">
      <Execution id="ec621c61-4b07-45a3-8568-b171e3046f91" />
      <TestMethod codeBase="D:\actions-runner\_work\XPCO\XPCO\Corporate\RecordingServer\RecorderService\tst\VideoOS.Recorder.UnitTests\bin\x64\Debug\net472\VideoOS.Recorder.UnitTests.dll" adapterTypeName="executor://mstestadapter/v2" className="VideoOS.Recorder.UnitTests.Command.ChangeHardwarePasswordCommandHandlerUnitTests" name="ChangeHardwarePasswordCommandHandler_Execute_ChangePassword_ThrowsUserLevelAnonymousNotAllowed_Errors" />
    </UnitTest>
    <UnitTest name="ResponseHandler_HandleResponse_FailoverServer_UpdatesRecorder_LocalOnly" storage="d:\actions-runner\_work\xpco\xpco\corporate\recordingserver\recorderservice\tst\videoos.recorder.unittests\bin\x64\debug\net472\videoos.recorder.unittests.dll" id="0ae84c38-6c56-0abb-ca21-13767ec0403a">
      <Execution id="64819822-8302-4971-9ab7-d903e5e26ebd" />
      <TestMethod codeBase="D:\actions-runner\_work\XPCO\XPCO\Corporate\RecordingServer\RecorderService\tst\VideoOS.Recorder.UnitTests\bin\x64\Debug\net472\VideoOS.Recorder.UnitTests.dll" adapterTypeName="executor://mstestadapter/v2" className="VideoOS.Recorder.UnitTests.DriverUpdateHelperUnitTests" name="ResponseHandler_HandleResponse_FailoverServer_UpdatesRecorder_LocalOnly" />
    </UnitTest>
    <UnitTest name="CheckDeleteDeviceMediaCommandHandler_LocalConfigG1_MediaDbG1G2G3G4_ExistedTracksG1G4_CreateLocalArchiveG4FirstTime" storage="d:\actions-runner\_work\xpco\xpco\corporate\recordingserver\recorderservice\tst\videoos.recorder.unittests\bin\x64\debug\net472\videoos.recorder.unittests.dll" id="0d5a3f22-065f-64f9-dc7f-c36ec84732fa">
      <Execution id="5d964a96-a57c-4c36-95cd-f72dafe9b3af" />
      <TestMethod codeBase="D:\actions-runner\_work\XPCO\XPCO\Corporate\RecordingServer\RecorderService\tst\VideoOS.Recorder.UnitTests\bin\x64\Debug\net472\VideoOS.Recorder.UnitTests.dll" adapterTypeName="executor://mstestadapter/v2" className="VideoOS.Recorder.UnitTests.Command.CheckDeleteDeviceMediaCommandHandlerTests" name="CheckDeleteDeviceMediaCommandHandler_LocalConfigG1_MediaDbG1G2G3G4_ExistedTracksG1G4_CreateLocalArchiveG4FirstTime" />
    </UnitTest>
    <UnitTest name="SOAPCommandRequestHandler_ExecuteFunction_HandleSequencesGetAround_No_Camera_Security" storage="d:\actions-runner\_work\xpco\xpco\corporate\recordingserver\recorderservice\tst\videoos.recorder.unittests\bin\x64\debug\net472\videoos.recorder.unittests.dll" id="f06192a7-4276-8849-c001-acb1fdd01067">
      <Execution id="e5a7dee2-40ec-4faf-a215-f5eb33bd070e" />
      <TestMethod codeBase="D:\actions-runner\_work\XPCO\XPCO\Corporate\RecordingServer\RecorderService\tst\VideoOS.Recorder.UnitTests\bin\x64\Debug\net472\VideoOS.Recorder.UnitTests.dll" adapterTypeName="executor://mstestadapter/v2" className="VideoOS.Recorder.UnitTests.WebServer.SOAPCommandRequestHandlerTests" name="SOAPCommandRequestHandler_ExecuteFunction_HandleSequencesGetAround_No_Camera_Security" />
    </UnitTest>
    <UnitTest name="EvidenceLockOnOldRecorderCommandHandler_RecorderIsClosingNoAction" storage="d:\actions-runner\_work\xpco\xpco\corporate\recordingserver\recorderservice\tst\videoos.recorder.unittests\bin\x64\debug\net472\videoos.recorder.unittests.dll" id="b6352ce6-c814-0027-c2b4-6820f91e65e3">
      <Execution id="e4539057-8dc1-46da-b768-0f2affbd32f9" />
      <TestMethod codeBase="D:\actions-runner\_work\XPCO\XPCO\Corporate\RecordingServer\RecorderService\tst\VideoOS.Recorder.UnitTests\bin\x64\Debug\net472\VideoOS.Recorder.UnitTests.dll" adapterTypeName="executor://mstestadapter/v2" className="VideoOS.Recorder.UnitTests.Command.EvidenceLockOnOldRecorderCommandHandlerTests" name="EvidenceLockOnOldRecorderCommandHandler_RecorderIsClosingNoAction" />
    </UnitTest>
    <UnitTest name="SetNetworkConfigurationCommandHandler_Execute_SetNetworkConfiguration_ThrowsUnknownResult_Errors" storage="d:\actions-runner\_work\xpco\xpco\corporate\recordingserver\recorderservice\tst\videoos.recorder.unittests\bin\x64\debug\net472\videoos.recorder.unittests.dll" id="d274c0ed-73ed-0597-b56a-427bb74ea1fa">
      <Execution id="aca84666-39ee-4bc3-8cfb-8824b05545c7" />
      <TestMethod codeBase="D:\actions-runner\_work\XPCO\XPCO\Corporate\RecordingServer\RecorderService\tst\VideoOS.Recorder.UnitTests\bin\x64\Debug\net472\VideoOS.Recorder.UnitTests.dll" adapterTypeName="executor://mstestadapter/v2" className="VideoOS.Recorder.UnitTests.Command.SetNetworkConfigurationCommandHandlerUnitTests" name="SetNetworkConfigurationCommandHandler_Execute_SetNetworkConfiguration_ThrowsUnknownResult_Errors" />
    </UnitTest>
    <UnitTest name="SetupInitialHardwareUserCommandHandler_Execute_NullOrIncorrectArgs_Throw" storage="d:\actions-runner\_work\xpco\xpco\corporate\recordingserver\recorderservice\tst\videoos.recorder.unittests\bin\x64\debug\net472\videoos.recorder.unittests.dll" id="7ba891e1-f5eb-63d5-7af3-2ab067b2d9d6">
      <Execution id="715cd084-072b-4a59-a8f9-d923104f5074" />
      <TestMethod codeBase="D:\actions-runner\_work\XPCO\XPCO\Corporate\RecordingServer\RecorderService\tst\VideoOS.Recorder.UnitTests\bin\x64\Debug\net472\VideoOS.Recorder.UnitTests.dll" adapterTypeName="executor://mstestadapter/v2" className="VideoOS.Recorder.UnitTests.Command.SetupInitialHardwareUserCommandHandlerUnitTests" name="SetupInitialHardwareUserCommandHandler_Execute_NullOrIncorrectArgs_Throw" />
    </UnitTest>
    <UnitTest name="RecStorage_Startup_AllowStart_KeepFailing_Ok" storage="d:\actions-runner\_work\xpco\xpco\corporate\recordingserver\recorderservice\tst\videoos.recorder.unittests\bin\x64\debug\net472\videoos.recorder.unittests.dll" id="950083e0-5b85-a336-781d-51aea309931a">
      <Execution id="1d39c7fb-d985-41a7-9d4f-8c21a1645990" />
      <TestMethod codeBase="D:\actions-runner\_work\XPCO\XPCO\Corporate\RecordingServer\RecorderService\tst\VideoOS.Recorder.UnitTests\bin\x64\Debug\net472\VideoOS.Recorder.UnitTests.dll" adapterTypeName="executor://mstestadapter/v2" className="VideoOS.Recorder.UnitTests.ObjectModel.MediaDbManagerUnitTests" name="RecStorage_Startup_AllowStart_KeepFailing_Ok" />
    </UnitTest>
    <UnitTest name="PtzReleaseSessionCommandHandler_Execute_NotSupportedException" storage="d:\actions-runner\_work\xpco\xpco\corporate\recordingserver\recorderservice\tst\videoos.recorder.unittests\bin\x64\debug\net472\videoos.recorder.unittests.dll" id="eb07658b-da2c-b708-db7a-933461be8e63">
      <Execution id="91c0dd0b-596c-42b8-b5b9-df6c0ba2064b" />
      <TestMethod codeBase="D:\actions-runner\_work\XPCO\XPCO\Corporate\RecordingServer\RecorderService\tst\VideoOS.Recorder.UnitTests\bin\x64\Debug\net472\VideoOS.Recorder.UnitTests.dll" adapterTypeName="executor://mstestadapter/v2" className="VideoOS.Recorder.UnitTests.Command.PtzReleaseSessionCommandHandlerTest" name="PtzReleaseSessionCommandHandler_Execute_NotSupportedException" />
    </UnitTest>
    <UnitTest name="ResponseController_ValidHeartbeatResponse_ValidHeartbeatResponseCalledOnCommManager" storage="d:\actions-runner\_work\xpco\xpco\corporate\recordingserver\recorderservice\tst\videoos.recorder.unittests\bin\x64\debug\net472\videoos.recorder.unittests.dll" id="f527609f-d208-74cd-3add-1f102381d1e3">
      <Execution id="bcd356a5-200d-4885-9bc1-fdebdeee092e" />
      <TestMethod codeBase="D:\actions-runner\_work\XPCO\XPCO\Corporate\RecordingServer\RecorderService\tst\VideoOS.Recorder.UnitTests\bin\x64\Debug\net472\VideoOS.Recorder.UnitTests.dll" adapterTypeName="executor://mstestadapter/v2" className="VideoOS.Recorder.UnitTests.ResponseControllerTests" name="ResponseController_ValidHeartbeatResponse_ValidHeartbeatResponseCalledOnCommManager" />
    </UnitTest>
    <UnitTest name="GetStatistics_Framerate_MPEG_Long_GoP_75_Percent" storage="d:\actions-runner\_work\xpco\xpco\corporate\recordingserver\recorderservice\tst\videoos.recorder.unittests\bin\x64\debug\net472\videoos.recorder.unittests.dll" id="89878e7d-5fe9-ed93-ec6d-b98c812aaceb">
      <TestCategory>
        <TestCategoryItem TestCategory="PipelineRecordingStatistics" />
      </TestCategory>
      <Execution id="2f01f6cd-e7ad-4cab-8cb5-55631782790a" />
      <TestMethod codeBase="D:\actions-runner\_work\XPCO\XPCO\Corporate\RecordingServer\RecorderService\tst\VideoOS.Recorder.UnitTests\bin\x64\Debug\net472\VideoOS.Recorder.UnitTests.dll" adapterTypeName="executor://mstestadapter/v2" className="VideoOS.Recorder.UnitTests.ObjectModel.Processors.PipelineRecordingStatisticsTests" name="GetStatistics_Framerate_MPEG_Long_GoP_75_Percent" />
    </UnitTest>
    <UnitTest name="GetStatistics_Framerate_MPEG_100_Percent" storage="d:\actions-runner\_work\xpco\xpco\corporate\recordingserver\recorderservice\tst\videoos.recorder.unittests\bin\x64\debug\net472\videoos.recorder.unittests.dll" id="58a4dcc3-1748-b691-5721-762019d15680">
      <TestCategory>
        <TestCategoryItem TestCategory="PipelineRecordingStatistics" />
      </TestCategory>
      <Execution id="6f4b0e0f-3038-4c32-8026-aad02177f70c" />
      <TestMethod codeBase="D:\actions-runner\_work\XPCO\XPCO\Corporate\RecordingServer\RecorderService\tst\VideoOS.Recorder.UnitTests\bin\x64\Debug\net472\VideoOS.Recorder.UnitTests.dll" adapterTypeName="executor://mstestadapter/v2" className="VideoOS.Recorder.UnitTests.ObjectModel.Processors.PipelineRecordingStatisticsTests" name="GetStatistics_Framerate_MPEG_100_Percent" />
    </UnitTest>
    <UnitTest name="CheckDeleteDeviceMediaCommandHandler_LocalConfigEmpty_MediaDbFails_ExistedTracksG1_DeviceNotStopped_NoDelete" storage="d:\actions-runner\_work\xpco\xpco\corporate\recordingserver\recorderservice\tst\videoos.recorder.unittests\bin\x64\debug\net472\videoos.recorder.unittests.dll" id="254144ee-130b-94a1-4f9c-a6d6962c065d">
      <Execution id="95a9b258-a51f-47ad-9481-2fb27283bc45" />
      <TestMethod codeBase="D:\actions-runner\_work\XPCO\XPCO\Corporate\RecordingServer\RecorderService\tst\VideoOS.Recorder.UnitTests\bin\x64\Debug\net472\VideoOS.Recorder.UnitTests.dll" adapterTypeName="executor://mstestadapter/v2" className="VideoOS.Recorder.UnitTests.Command.CheckDeleteDeviceMediaCommandHandlerTests" name="CheckDeleteDeviceMediaCommandHandler_LocalConfigEmpty_MediaDbFails_ExistedTracksG1_DeviceNotStopped_NoDelete" />
    </UnitTest>
    <UnitTest name="PrepareMoveHardwareCommandHandler_Execute_Hardware_Not_Found_SuccessResponse" storage="d:\actions-runner\_work\xpco\xpco\corporate\recordingserver\recorderservice\tst\videoos.recorder.unittests\bin\x64\debug\net472\videoos.recorder.unittests.dll" id="4937a82f-e444-8273-914e-c5305909eaff">
      <Execution id="910533d1-9238-4ee8-ae0c-57aa8a1123ff" />
      <TestMethod codeBase="D:\actions-runner\_work\XPCO\XPCO\Corporate\RecordingServer\RecorderService\tst\VideoOS.Recorder.UnitTests\bin\x64\Debug\net472\VideoOS.Recorder.UnitTests.dll" adapterTypeName="executor://mstestadapter/v2" className="VideoOS.Recorder.UnitTests.Command.PrepareMoveHardwareCommandHandlerTests" name="PrepareMoveHardwareCommandHandler_Execute_Hardware_Not_Found_SuccessResponse" />
    </UnitTest>
    <UnitTest name="SOAPCommandRequestHandler_ExecuteFunction_HandleSmartSearchStart_NoSearchInterval" storage="d:\actions-runner\_work\xpco\xpco\corporate\recordingserver\recorderservice\tst\videoos.recorder.unittests\bin\x64\debug\net472\videoos.recorder.unittests.dll" id="dfada2d0-c1be-49a9-ed5a-cf52170e45ff">
      <Execution id="4035bea1-35fa-451e-93b9-8e889eb2ea04" />
      <TestMethod codeBase="D:\actions-runner\_work\XPCO\XPCO\Corporate\RecordingServer\RecorderService\tst\VideoOS.Recorder.UnitTests\bin\x64\Debug\net472\VideoOS.Recorder.UnitTests.dll" adapterTypeName="executor://mstestadapter/v2" className="VideoOS.Recorder.UnitTests.WebServer.SOAPCommandRequestHandlerTests" name="SOAPCommandRequestHandler_ExecuteFunction_HandleSmartSearchStart_NoSearchInterval" />
    </UnitTest>
    <UnitTest name="PtzManager_CreateManualSessionWithLockFromExtension_Device_Not_Found" storage="d:\actions-runner\_work\xpco\xpco\corporate\recordingserver\recorderservice\tst\videoos.recorder.unittests\bin\x64\debug\net472\videoos.recorder.unittests.dll" id="5101038b-8cb6-f6fb-5eaf-1a6d1899d07c">
      <Execution id="9d9774b8-6471-470e-a02f-b21588dd97bd" />
      <TestMethod codeBase="D:\actions-runner\_work\XPCO\XPCO\Corporate\RecordingServer\RecorderService\tst\VideoOS.Recorder.UnitTests\bin\x64\Debug\net472\VideoOS.Recorder.UnitTests.dll" adapterTypeName="executor://mstestadapter/v2" className="VideoOS.Recorder.UnitTests.Command.PtzManagerTests" name="PtzManager_CreateManualSessionWithLockFromExtension_Device_Not_Found" />
    </UnitTest>
    <UnitTest name="SOAPCommandRequestHandler_ExecuteFunction_HandleTimeLineInformationGet_NoTimeLineInformationCount" storage="d:\actions-runner\_work\xpco\xpco\corporate\recordingserver\recorderservice\tst\videoos.recorder.unittests\bin\x64\debug\net472\videoos.recorder.unittests.dll" id="e9d00f7c-f554-d861-613e-abcdc5284ee5">
      <Execution id="05c39fde-66dc-4666-a731-a4c65b4b4c0a" />
      <TestMethod codeBase="D:\actions-runner\_work\XPCO\XPCO\Corporate\RecordingServer\RecorderService\tst\VideoOS.Recorder.UnitTests\bin\x64\Debug\net472\VideoOS.Recorder.UnitTests.dll" adapterTypeName="executor://mstestadapter/v2" className="VideoOS.Recorder.UnitTests.WebServer.SOAPCommandRequestHandlerTests" name="SOAPCommandRequestHandler_ExecuteFunction_HandleTimeLineInformationGet_NoTimeLineInformationCount" />
    </UnitTest>
    <UnitTest name="RecStorage_Startup_NotAllowStart_NotKeepFailing_PwFailure_KeepOffline" storage="d:\actions-runner\_work\xpco\xpco\corporate\recordingserver\recorderservice\tst\videoos.recorder.unittests\bin\x64\debug\net472\videoos.recorder.unittests.dll" id="143ac55a-8a0b-59cd-311c-9a7726fa1cfa">
      <Execution id="d8bf874a-1508-41a8-be80-a1c86b931f3b" />
      <TestMethod codeBase="D:\actions-runner\_work\XPCO\XPCO\Corporate\RecordingServer\RecorderService\tst\VideoOS.Recorder.UnitTests\bin\x64\Debug\net472\VideoOS.Recorder.UnitTests.dll" adapterTypeName="executor://mstestadapter/v2" className="VideoOS.Recorder.UnitTests.ObjectModel.MediaDbManagerUnitTests" name="RecStorage_Startup_NotAllowStart_NotKeepFailing_PwFailure_KeepOffline" />
    </UnitTest>
    <UnitTest name="FilterTrackIdsToThoseThatShouldNotHaveMediaOnRecorder_InternalStateStartedOneGuid_ReturnsArrayWithOneElement" storage="d:\actions-runner\_work\xpco\xpco\corporate\recordingserver\recorderservice\tst\videoos.recorder.unittests\bin\x64\debug\net472\videoos.recorder.unittests.dll" id="fd5b3172-50cd-6146-6ac8-2bec6a9bb2e0">
      <Execution id="5cc8bb17-a8bc-4f71-9d56-197d4bca32da" />
      <TestMethod codeBase="D:\actions-runner\_work\XPCO\XPCO\Corporate\RecordingServer\RecorderService\tst\VideoOS.Recorder.UnitTests\bin\x64\Debug\net472\VideoOS.Recorder.UnitTests.dll" adapterTypeName="executor://mstestadapter/v2" className="VideoOS.Recorder.UnitTests.CommManagerWebApiTests" name="FilterTrackIdsToThoseThatShouldNotHaveMediaOnRecorder_InternalStateStartedOneGuid_ReturnsArrayWithOneElement" />
    </UnitTest>
    <UnitTest name="LicenseManager_IsFeaturePresent_AxisOneClock_Fail" storage="d:\actions-runner\_work\xpco\xpco\corporate\recordingserver\recorderservice\tst\videoos.recorder.unittests\bin\x64\debug\net472\videoos.recorder.unittests.dll" id="6d888fa8-f384-f779-02a9-7a19a58d6faa">
      <TestCategory>
        <TestCategoryItem TestCategory="Licensing" />
      </TestCategory>
      <Execution id="c066d408-3a79-4a28-bff6-ecd26e89d875" />
      <TestMethod codeBase="D:\actions-runner\_work\XPCO\XPCO\Corporate\RecordingServer\RecorderService\tst\VideoOS.Recorder.UnitTests\bin\x64\Debug\net472\VideoOS.Recorder.UnitTests.dll" adapterTypeName="executor://mstestadapter/v2" className="VideoOS.Recorder.UnitTests.Licensing.LicenseManagerUnitTests" name="LicenseManager_IsFeaturePresent_AxisOneClock_Fail" />
    </UnitTest>
    <UnitTest name="LicenseManager_FeatureExists_AxisOneClick_Success" storage="d:\actions-runner\_work\xpco\xpco\corporate\recordingserver\recorderservice\tst\videoos.recorder.unittests\bin\x64\debug\net472\videoos.recorder.unittests.dll" id="927f5256-3f6f-80ab-f573-926e12bc02e4">
      <TestCategory>
        <TestCategoryItem TestCategory="Licensing" />
      </TestCategory>
      <Execution id="fbbc75db-2b76-4e22-aa33-67eb1cd54a8a" />
      <TestMethod codeBase="D:\actions-runner\_work\XPCO\XPCO\Corporate\RecordingServer\RecorderService\tst\VideoOS.Recorder.UnitTests\bin\x64\Debug\net472\VideoOS.Recorder.UnitTests.dll" adapterTypeName="executor://mstestadapter/v2" className="VideoOS.Recorder.UnitTests.Licensing.LicenseManagerUnitTests" name="LicenseManager_FeatureExists_AxisOneClick_Success" />
    </UnitTest>
    <UnitTest name="CheckHardwareDefinitionCommandHandler_Constructor_RegisterActionNull_ArgumentNullException" storage="d:\actions-runner\_work\xpco\xpco\corporate\recordingserver\recorderservice\tst\videoos.recorder.unittests\bin\x64\debug\net472\videoos.recorder.unittests.dll" id="a82c204b-c77a-34fe-b8bf-38afc46073f1">
      <Execution id="763650d1-7897-45b3-98fc-76546961aadb" />
      <TestMethod codeBase="D:\actions-runner\_work\XPCO\XPCO\Corporate\RecordingServer\RecorderService\tst\VideoOS.Recorder.UnitTests\bin\x64\Debug\net472\VideoOS.Recorder.UnitTests.dll" adapterTypeName="executor://mstestadapter/v2" className="VideoOS.Recorder.UnitTests.Command.CheckHardwareDefinitionCommandHandlerTests" name="CheckHardwareDefinitionCommandHandler_Constructor_RegisterActionNull_ArgumentNullException" />
    </UnitTest>
    <UnitTest name="ConnectFailed_NoPrivacyMaskSupport" storage="d:\actions-runner\_work\xpco\xpco\corporate\recordingserver\recorderservice\tst\videoos.recorder.unittests\bin\x64\debug\net472\videoos.recorder.unittests.dll" id="27704cf3-1635-3d3d-6ba9-ece08612e6ed">
      <Execution id="bfc7bcf3-c75b-4c0c-9882-43516d4725e8" />
      <TestMethod codeBase="D:\actions-runner\_work\XPCO\XPCO\Corporate\RecordingServer\RecorderService\tst\VideoOS.Recorder.UnitTests\bin\x64\Debug\net472\VideoOS.Recorder.UnitTests.dll" adapterTypeName="executor://mstestadapter/v2" className="VideoOS.Recorder.UnitTests.WebServer.ImageServerRequestHandlerTests" name="ConnectFailed_NoPrivacyMaskSupport" />
    </UnitTest>
    <UnitTest name="ConnectSuccess_Next_Exception" storage="d:\actions-runner\_work\xpco\xpco\corporate\recordingserver\recorderservice\tst\videoos.recorder.unittests\bin\x64\debug\net472\videoos.recorder.unittests.dll" id="dcc07bd7-5092-b9e5-77e0-970294cc60f2">
      <Execution id="ef2cc668-e450-4eaf-becc-c669d8f450dc" />
      <TestMethod codeBase="D:\actions-runner\_work\XPCO\XPCO\Corporate\RecordingServer\RecorderService\tst\VideoOS.Recorder.UnitTests\bin\x64\Debug\net472\VideoOS.Recorder.UnitTests.dll" adapterTypeName="executor://mstestadapter/v2" className="VideoOS.Recorder.UnitTests.WebServer.ImageServerRequestHandlerTests" name="ConnectSuccess_Next_Exception" />
    </UnitTest>
    <UnitTest name="GetSettingAsBool_NonExistingSetting_Throws_InvalidMulticastSettingsException" storage="d:\actions-runner\_work\xpco\xpco\corporate\recordingserver\recorderservice\tst\videoos.recorder.unittests\bin\x64\debug\net472\videoos.recorder.unittests.dll" id="06336d49-f25d-bd1d-075a-c53b66885f84">
      <Execution id="2ca18944-0454-4fd4-94c1-a50d08b80432" />
      <TestMethod codeBase="D:\actions-runner\_work\XPCO\XPCO\Corporate\RecordingServer\RecorderService\tst\VideoOS.Recorder.UnitTests\bin\x64\Debug\net472\VideoOS.Recorder.UnitTests.dll" adapterTypeName="executor://mstestadapter/v2" className="VideoOS.Recorder.UnitTests.Multicast.MulticastSettingsExtensionsUnitTests" name="GetSettingAsBool_NonExistingSetting_Throws_InvalidMulticastSettingsException" />
    </UnitTest>
    <UnitTest name="DatabaseoperationCommandhandler_VerifyStorageAndArchiveOnline_Failover_ReturnErrorResponse" storage="d:\actions-runner\_work\xpco\xpco\corporate\recordingserver\recorderservice\tst\videoos.recorder.unittests\bin\x64\debug\net472\videoos.recorder.unittests.dll" id="cec5cf82-f62f-e4a4-7c19-50128bad1472">
      <Execution id="d18b174b-968b-42f9-a6a9-b293db261faf" />
      <TestMethod codeBase="D:\actions-runner\_work\XPCO\XPCO\Corporate\RecordingServer\RecorderService\tst\VideoOS.Recorder.UnitTests\bin\x64\Debug\net472\VideoOS.Recorder.UnitTests.dll" adapterTypeName="executor://mstestadapter/v2" className="VideoOS.Recorder.UnitTests.Command.DatabaseOperationCommandHandlerUnitTests" name="DatabaseoperationCommandhandler_VerifyStorageAndArchiveOnline_Failover_ReturnErrorResponse" />
    </UnitTest>
    <UnitTest name="PreferredAddressTable_Register_Only_One_Preferred_Address_Per_Device_Success" storage="d:\actions-runner\_work\xpco\xpco\corporate\recordingserver\recorderservice\tst\videoos.recorder.unittests\bin\x64\debug\net472\videoos.recorder.unittests.dll" id="73af6511-ffa7-e421-18c8-fb52dd1ac962">
      <Execution id="e778fecc-2185-4c74-8117-e1f1f812425f" />
      <TestMethod codeBase="D:\actions-runner\_work\XPCO\XPCO\Corporate\RecordingServer\RecorderService\tst\VideoOS.Recorder.UnitTests\bin\x64\Debug\net472\VideoOS.Recorder.UnitTests.dll" adapterTypeName="executor://mstestadapter/v2" className="VideoOS.Recorder.UnitTests.Multicast.PreferredAddressTableUnitTests" name="PreferredAddressTable_Register_Only_One_Preferred_Address_Per_Device_Success" />
    </UnitTest>
    <UnitTest name="CheckExternalRecorderRegistrationCommandHandler_Execute_HardwareNotStarted_ErrorResponse" storage="d:\actions-runner\_work\xpco\xpco\corporate\recordingserver\recorderservice\tst\videoos.recorder.unittests\bin\x64\debug\net472\videoos.recorder.unittests.dll" id="a8dba998-c070-d486-4557-5b506a41a400">
      <Execution id="b1c81dc1-5f19-47c0-a934-b77dd044e77f" />
      <TestMethod codeBase="D:\actions-runner\_work\XPCO\XPCO\Corporate\RecordingServer\RecorderService\tst\VideoOS.Recorder.UnitTests\bin\x64\Debug\net472\VideoOS.Recorder.UnitTests.dll" adapterTypeName="executor://mstestadapter/v2" className="VideoOS.Recorder.UnitTests.Command.CheckExternalRecorderRegistrationCommandHandlerUnitTests" name="CheckExternalRecorderRegistrationCommandHandler_Execute_HardwareNotStarted_ErrorResponse" />
    </UnitTest>
    <UnitTest name="SOAPCommandRequestHandler_ExecuteFunction_HandlePTZCenter_Width_Not_Double" storage="d:\actions-runner\_work\xpco\xpco\corporate\recordingserver\recorderservice\tst\videoos.recorder.unittests\bin\x64\debug\net472\videoos.recorder.unittests.dll" id="36574876-c75c-9c2c-f63f-a33b2e08bafe">
      <Execution id="d96949c2-c247-492d-b888-1062d2923358" />
      <TestMethod codeBase="D:\actions-runner\_work\XPCO\XPCO\Corporate\RecordingServer\RecorderService\tst\VideoOS.Recorder.UnitTests\bin\x64\Debug\net472\VideoOS.Recorder.UnitTests.dll" adapterTypeName="executor://mstestadapter/v2" className="VideoOS.Recorder.UnitTests.WebServer.SOAPCommandRequestHandlerTests" name="SOAPCommandRequestHandler_ExecuteFunction_HandlePTZCenter_Width_Not_Double" />
    </UnitTest>
    <UnitTest name="GetSettingAsInt32_NonIntValue_Throws_InvalidMulticastSettingsException" storage="d:\actions-runner\_work\xpco\xpco\corporate\recordingserver\recorderservice\tst\videoos.recorder.unittests\bin\x64\debug\net472\videoos.recorder.unittests.dll" id="3bf15e8d-35d3-7d9f-9606-427db31eb643">
      <Execution id="8f655288-d99d-4938-b20e-c33b8055a59a" />
      <TestMethod codeBase="D:\actions-runner\_work\XPCO\XPCO\Corporate\RecordingServer\RecorderService\tst\VideoOS.Recorder.UnitTests\bin\x64\Debug\net472\VideoOS.Recorder.UnitTests.dll" adapterTypeName="executor://mstestadapter/v2" className="VideoOS.Recorder.UnitTests.Multicast.MulticastSettingsExtensionsUnitTests" name="GetSettingAsInt32_NonIntValue_Throws_InvalidMulticastSettingsException" />
    </UnitTest>
    <UnitTest name="IsAvailable_DoesNotCallCheckOrphanTablesMethod" storage="d:\actions-runner\_work\xpco\xpco\corporate\recordingserver\recorderservice\tst\videoos.recorder.unittests\bin\x64\debug\net472\videoos.recorder.unittests.dll" id="455710f6-f563-1c30-ad7e-e5f3a8df4a4e">
      <TestCategory>
        <TestCategoryItem TestCategory="ObjectModel.RecordingStorage" />
      </TestCategory>
      <Execution id="61f24cbe-7fb2-47cc-87ae-abf6c1c2afb8" />
      <TestMethod codeBase="D:\actions-runner\_work\XPCO\XPCO\Corporate\RecordingServer\RecorderService\tst\VideoOS.Recorder.UnitTests\bin\x64\Debug\net472\VideoOS.Recorder.UnitTests.dll" adapterTypeName="executor://mstestadapter/v2" className="VideoOS.Recorder.UnitTests.ObjectModel.RecordingStorageTests" name="IsAvailable_DoesNotCallCheckOrphanTablesMethod" />
    </UnitTest>
    <UnitTest name="EnhanceSettings_SunnyDay_EmptyExcludeRegionsUseRegionsSetToTrueAndPrivacyMask" storage="d:\actions-runner\_work\xpco\xpco\corporate\recordingserver\recorderservice\tst\videoos.recorder.unittests\bin\x64\debug\net472\videoos.recorder.unittests.dll" id="991cfc23-cd42-d572-2745-364bc3e13cbc">
      <Owners>
        <Owner name="FT06" />
      </Owners>
      <Execution id="9021dcdb-b557-4e90-bcd2-8f64dd65f3d7" />
      <TestMethod codeBase="D:\actions-runner\_work\XPCO\XPCO\Corporate\RecordingServer\RecorderService\tst\VideoOS.Recorder.UnitTests\bin\x64\Debug\net472\VideoOS.Recorder.UnitTests.dll" adapterTypeName="executor://mstestadapter/v2" className="VideoOS.Recorder.UnitTests.ObjectModel.Processors.PluginSettingsEnhancerTest" name="EnhanceSettings_SunnyDay_EmptyExcludeRegionsUseRegionsSetToTrueAndPrivacyMask" />
    </UnitTest>
    <UnitTest name="GetHardwareUsersCommandHandler_Execute_GetUserList_ThrowsUnknownException_Errors" storage="d:\actions-runner\_work\xpco\xpco\corporate\recordingserver\recorderservice\tst\videoos.recorder.unittests\bin\x64\debug\net472\videoos.recorder.unittests.dll" id="aa419dcb-a9fd-f0b4-5f67-88a35f0e741f">
      <Execution id="d18825b7-97ad-44da-b243-e99162b368e7" />
      <TestMethod codeBase="D:\actions-runner\_work\XPCO\XPCO\Corporate\RecordingServer\RecorderService\tst\VideoOS.Recorder.UnitTests\bin\x64\Debug\net472\VideoOS.Recorder.UnitTests.dll" adapterTypeName="executor://mstestadapter/v2" className="VideoOS.Recorder.UnitTests.Command.GetHardwareUsersCommandHandlerUnitTests" name="GetHardwareUsersCommandHandler_Execute_GetUserList_ThrowsUnknownException_Errors" />
    </UnitTest>
    <UnitTest name="GetStatistics_Framerate_JPEG_100_Percent" storage="d:\actions-runner\_work\xpco\xpco\corporate\recordingserver\recorderservice\tst\videoos.recorder.unittests\bin\x64\debug\net472\videoos.recorder.unittests.dll" id="46c2585f-49fc-0c24-0d9d-89eb0961236e">
      <TestCategory>
        <TestCategoryItem TestCategory="PipelineRecordingStatistics" />
      </TestCategory>
      <Execution id="dd749fe7-eb5e-40ae-b1b9-f9d128bdb320" />
      <TestMethod codeBase="D:\actions-runner\_work\XPCO\XPCO\Corporate\RecordingServer\RecorderService\tst\VideoOS.Recorder.UnitTests\bin\x64\Debug\net472\VideoOS.Recorder.UnitTests.dll" adapterTypeName="executor://mstestadapter/v2" className="VideoOS.Recorder.UnitTests.ObjectModel.Processors.PipelineRecordingStatisticsTests" name="GetStatistics_Framerate_JPEG_100_Percent" />
    </UnitTest>
    <UnitTest name="DatabaseTaskCommandHandler_EmptyDevice_TableDoesNotExist_DeleteAllRecordingsButKeepLockedData_Called" storage="d:\actions-runner\_work\xpco\xpco\corporate\recordingserver\recorderservice\tst\videoos.recorder.unittests\bin\x64\debug\net472\videoos.recorder.unittests.dll" id="1c4b43c9-57dd-a9ef-528f-7a1fc2c0b1aa">
      <Execution id="e9dc96c7-2000-4805-9920-e3a70e9967b1" />
      <TestMethod codeBase="D:\actions-runner\_work\XPCO\XPCO\Corporate\RecordingServer\RecorderService\tst\VideoOS.Recorder.UnitTests\bin\x64\Debug\net472\VideoOS.Recorder.UnitTests.dll" adapterTypeName="executor://mstestadapter/v2" className="VideoOS.Recorder.UnitTests.Command.DatabaseTaskCommandHandlerTest" name="DatabaseTaskCommandHandler_EmptyDevice_TableDoesNotExist_DeleteAllRecordingsButKeepLockedData_Called" />
    </UnitTest>
    <UnitTest name="PtzStopSession_ModelIsNull_BadRequestResult" storage="d:\actions-runner\_work\xpco\xpco\corporate\recordingserver\recorderservice\tst\videoos.recorder.unittests\bin\x64\debug\net472\videoos.recorder.unittests.dll" id="90bc60af-056c-e4da-8f6a-4e7a54d8edcb">
      <Execution id="3340aa43-5d96-4b93-9c58-206eb18cf625" />
      <TestMethod codeBase="D:\actions-runner\_work\XPCO\XPCO\Corporate\RecordingServer\RecorderService\tst\VideoOS.Recorder.UnitTests\bin\x64\Debug\net472\VideoOS.Recorder.UnitTests.dll" adapterTypeName="executor://mstestadapter/v2" className="VideoOS.Recorder.UnitTests.PtzControllerTests" name="PtzStopSession_ModelIsNull_BadRequestResult" />
    </UnitTest>
    <UnitTest name="AddStatus_SendsFailoverStatusCombined_OnRecorderStartedAsFailoverAndStatusSent" storage="d:\actions-runner\_work\xpco\xpco\corporate\recordingserver\recorderservice\tst\videoos.recorder.unittests\bin\x64\debug\net472\videoos.recorder.unittests.dll" id="0299594f-73e4-1cba-c600-48844cd82350">
      <TestCategory>
        <TestCategoryItem TestCategory="RecorderStatus" />
      </TestCategory>
      <Execution id="462157f1-bcfc-4820-b9dd-4a9dd5f7e881" />
      <TestMethod codeBase="D:\actions-runner\_work\XPCO\XPCO\Corporate\RecordingServer\RecorderService\tst\VideoOS.Recorder.UnitTests\bin\x64\Debug\net472\VideoOS.Recorder.UnitTests.dll" adapterTypeName="executor://mstestadapter/v2" className="VideoOS.Recorder.UnitTests.RecorderStatusTests" name="AddStatus_SendsFailoverStatusCombined_OnRecorderStartedAsFailoverAndStatusSent" />
    </UnitTest>
    <UnitTest name="EvidenceLockOnOldRecorder2_PostCommandIsNull_BadRequestResult" storage="d:\actions-runner\_work\xpco\xpco\corporate\recordingserver\recorderservice\tst\videoos.recorder.unittests\bin\x64\debug\net472\videoos.recorder.unittests.dll" id="a010cdd1-6038-b1b4-098c-7ecb384094c5">
      <Execution id="b4d16c9d-8776-4885-a359-591973276fef" />
      <TestMethod codeBase="D:\actions-runner\_work\XPCO\XPCO\Corporate\RecordingServer\RecorderService\tst\VideoOS.Recorder.UnitTests\bin\x64\Debug\net472\VideoOS.Recorder.UnitTests.dll" adapterTypeName="executor://mstestadapter/v2" className="VideoOS.Recorder.UnitTests.DatabaseControllerTests" name="EvidenceLockOnOldRecorder2_PostCommandIsNull_BadRequestResult" />
    </UnitTest>
    <UnitTest name="FirmwareUpgradeCommandHandler_Execute_HardwareBlocked_Errors" storage="d:\actions-runner\_work\xpco\xpco\corporate\recordingserver\recorderservice\tst\videoos.recorder.unittests\bin\x64\debug\net472\videoos.recorder.unittests.dll" id="83de497b-d4c4-8177-19ae-00a5df08a991">
      <Execution id="080fddb0-40d9-49a0-a6b9-df0f741cd1d5" />
      <TestMethod codeBase="D:\actions-runner\_work\XPCO\XPCO\Corporate\RecordingServer\RecorderService\tst\VideoOS.Recorder.UnitTests\bin\x64\Debug\net472\VideoOS.Recorder.UnitTests.dll" adapterTypeName="executor://mstestadapter/v2" className="VideoOS.Recorder.UnitTests.Command.FirmwareUpgradeCommandHandlerUnitTests" name="FirmwareUpgradeCommandHandler_Execute_HardwareBlocked_Errors" />
    </UnitTest>
    <UnitTest name="GetSettingAsInt16_Success" storage="d:\actions-runner\_work\xpco\xpco\corporate\recordingserver\recorderservice\tst\videoos.recorder.unittests\bin\x64\debug\net472\videoos.recorder.unittests.dll" id="b81c78f1-2943-52ae-bba0-e97adee8bcf0">
      <Execution id="a9e353e8-d611-499c-ba5d-a082a984c8d7" />
      <TestMethod codeBase="D:\actions-runner\_work\XPCO\XPCO\Corporate\RecordingServer\RecorderService\tst\VideoOS.Recorder.UnitTests\bin\x64\Debug\net472\VideoOS.Recorder.UnitTests.dll" adapterTypeName="executor://mstestadapter/v2" className="VideoOS.Recorder.UnitTests.Multicast.MulticastSettingsExtensionsUnitTests" name="GetSettingAsInt16_Success" />
    </UnitTest>
    <UnitTest name="SOAPCommandRequestHandler_ExecuteFunction_HandleOutputTrigger_NoDuration" storage="d:\actions-runner\_work\xpco\xpco\corporate\recordingserver\recorderservice\tst\videoos.recorder.unittests\bin\x64\debug\net472\videoos.recorder.unittests.dll" id="e5d4bf48-cc51-e809-7812-46596c597626">
      <Execution id="2f24d061-5505-495f-bbf2-ff1cec0cd1ca" />
      <TestMethod codeBase="D:\actions-runner\_work\XPCO\XPCO\Corporate\RecordingServer\RecorderService\tst\VideoOS.Recorder.UnitTests\bin\x64\Debug\net472\VideoOS.Recorder.UnitTests.dll" adapterTypeName="executor://mstestadapter/v2" className="VideoOS.Recorder.UnitTests.WebServer.SOAPCommandRequestHandlerTests" name="SOAPCommandRequestHandler_ExecuteFunction_HandleOutputTrigger_NoDuration" />
    </UnitTest>
    <UnitTest name="SessionExpiredTask_Constructor_Success" storage="d:\actions-runner\_work\xpco\xpco\corporate\recordingserver\recorderservice\tst\videoos.recorder.unittests\bin\x64\debug\net472\videoos.recorder.unittests.dll" id="3619a619-c06c-ef53-b6fd-e5a15fab7b29">
      <Execution id="c3a6dcef-c155-4183-bd4d-0be4e8767022" />
      <TestMethod codeBase="D:\actions-runner\_work\XPCO\XPCO\Corporate\RecordingServer\RecorderService\tst\VideoOS.Recorder.UnitTests\bin\x64\Debug\net472\VideoOS.Recorder.UnitTests.dll" adapterTypeName="executor://mstestadapter/v2" className="VideoOS.Recorder.UnitTests.Command.PtzSessionsTests" name="SessionExpiredTask_Constructor_Success" />
    </UnitTest>
    <UnitTest name="SmartSearchHandlerForwardTestDataWithMotionOnlyOutsideRecordingSequence" storage="d:\actions-runner\_work\xpco\xpco\corporate\recordingserver\recorderservice\tst\videoos.recorder.unittests\bin\x64\debug\net472\videoos.recorder.unittests.dll" id="2c0d4ab1-bc2f-a019-ec90-ef73784c0318">
      <TestCategory>
        <TestCategoryItem TestCategory="SmartSearch" />
      </TestCategory>
      <Execution id="228c0217-ffcf-468a-8737-a9200aafbc3d" />
      <TestMethod codeBase="D:\actions-runner\_work\XPCO\XPCO\Corporate\RecordingServer\RecorderService\tst\VideoOS.Recorder.UnitTests\bin\x64\Debug\net472\VideoOS.Recorder.UnitTests.dll" adapterTypeName="executor://mstestadapter/v2" className="VideoOS.Recorder.UnitTests.SmartSearch.SmartSearchHandlerTest" name="SmartSearchHandlerForwardTestDataWithMotionOnlyOutsideRecordingSequence" />
    </UnitTest>
    <UnitTest name="PtzManualSession_Constructor_Success" storage="d:\actions-runner\_work\xpco\xpco\corporate\recordingserver\recorderservice\tst\videoos.recorder.unittests\bin\x64\debug\net472\videoos.recorder.unittests.dll" id="5a7b28aa-274c-83de-849a-46605f2be5a8">
      <Execution id="2592a472-e742-4a93-a65b-1438cf62ac72" />
      <TestMethod codeBase="D:\actions-runner\_work\XPCO\XPCO\Corporate\RecordingServer\RecorderService\tst\VideoOS.Recorder.UnitTests\bin\x64\Debug\net472\VideoOS.Recorder.UnitTests.dll" adapterTypeName="executor://mstestadapter/v2" className="VideoOS.Recorder.UnitTests.Command.PtzSessionsTests" name="PtzManualSession_Constructor_Success" />
    </UnitTest>
    <UnitTest name="GetHardwareUsersCommandHandler_Execute_ExpectedUsersReturned" storage="d:\actions-runner\_work\xpco\xpco\corporate\recordingserver\recorderservice\tst\videoos.recorder.unittests\bin\x64\debug\net472\videoos.recorder.unittests.dll" id="22164d49-f315-e621-a15d-7ac798216806">
      <Execution id="01dab3a9-f848-42c0-941f-2f1def07edea" />
      <TestMethod codeBase="D:\actions-runner\_work\XPCO\XPCO\Corporate\RecordingServer\RecorderService\tst\VideoOS.Recorder.UnitTests\bin\x64\Debug\net472\VideoOS.Recorder.UnitTests.dll" adapterTypeName="executor://mstestadapter/v2" className="VideoOS.Recorder.UnitTests.Command.GetHardwareUsersCommandHandlerUnitTests" name="GetHardwareUsersCommandHandler_Execute_ExpectedUsersReturned" />
    </UnitTest>
    <UnitTest name="FailoverMediaMover_MoveMediaDataHere_Stop_Signalled" storage="d:\actions-runner\_work\xpco\xpco\corporate\recordingserver\recorderservice\tst\videoos.recorder.unittests\bin\x64\debug\net472\videoos.recorder.unittests.dll" id="8847c611-e637-f135-d4ee-97217fce4955">
      <Execution id="65a4fd5d-3b1f-4cee-8701-a0a99a57970a" />
      <TestMethod codeBase="D:\actions-runner\_work\XPCO\XPCO\Corporate\RecordingServer\RecorderService\tst\VideoOS.Recorder.UnitTests\bin\x64\Debug\net472\VideoOS.Recorder.UnitTests.dll" adapterTypeName="executor://mstestadapter/v2" className="VideoOS.Recorder.UnitTests.FailoverMediaMoverUnitTests" name="FailoverMediaMover_MoveMediaDataHere_Stop_Signalled" />
    </UnitTest>
    <UnitTest name="ChangeHardwarePasswordCommandHandler_Execute_ChangePassword_HardwarePasswordUserAccessDenied_Errors" storage="d:\actions-runner\_work\xpco\xpco\corporate\recordingserver\recorderservice\tst\videoos.recorder.unittests\bin\x64\debug\net472\videoos.recorder.unittests.dll" id="a3c91bfb-189e-5f5a-6a4c-af9db8a17008">
      <Execution id="161afd43-e4c4-4a80-8fc1-7f9cb5c25361" />
      <TestMethod codeBase="D:\actions-runner\_work\XPCO\XPCO\Corporate\RecordingServer\RecorderService\tst\VideoOS.Recorder.UnitTests\bin\x64\Debug\net472\VideoOS.Recorder.UnitTests.dll" adapterTypeName="executor://mstestadapter/v2" className="VideoOS.Recorder.UnitTests.Command.ChangeHardwarePasswordCommandHandlerUnitTests" name="ChangeHardwarePasswordCommandHandler_Execute_ChangePassword_HardwarePasswordUserAccessDenied_Errors" />
    </UnitTest>
    <UnitTest name="Configuration_RecorderConfigParameterIsNull_ThrowsArgumentNullException" storage="d:\actions-runner\_work\xpco\xpco\corporate\recordingserver\recorderservice\tst\videoos.recorder.unittests\bin\x64\debug\net472\videoos.recorder.unittests.dll" id="0b9bee77-8a71-bfe6-f6b0-2ea6fac8fdab">
      <Execution id="27ed30c4-f036-4a71-b5c9-3af34291d450" />
      <TestMethod codeBase="D:\actions-runner\_work\XPCO\XPCO\Corporate\RecordingServer\RecorderService\tst\VideoOS.Recorder.UnitTests\bin\x64\Debug\net472\VideoOS.Recorder.UnitTests.dll" adapterTypeName="executor://mstestadapter/v2" className="VideoOS.Recorder.UnitTests.StartupTests" name="Configuration_RecorderConfigParameterIsNull_ThrowsArgumentNullException" />
    </UnitTest>
    <UnitTest name="ReadMessageHeaders_ReadRequestLine_SoapStatusWsdl_Success" storage="d:\actions-runner\_work\xpco\xpco\corporate\recordingserver\recorderservice\tst\videoos.recorder.unittests\bin\x64\debug\net472\videoos.recorder.unittests.dll" id="10b67a36-70fa-8cad-b212-d0bd7737ddcd">
      <Execution id="ff0b6639-2bfd-4071-ad06-945c443ea4aa" />
      <TestMethod codeBase="D:\actions-runner\_work\XPCO\XPCO\Corporate\RecordingServer\RecorderService\tst\VideoOS.Recorder.UnitTests\bin\x64\Debug\net472\VideoOS.Recorder.UnitTests.dll" adapterTypeName="executor://mstestadapter/v2" className="VideoOS.Recorder.UnitTests.WebServer.WebRequestReaderUnitTests" name="ReadMessageHeaders_ReadRequestLine_SoapStatusWsdl_Success" />
    </UnitTest>
    <UnitTest name="SOAPCommandRequestHandler_ExecuteFunction_HandleSequencesGetAround_NoCenterTime" storage="d:\actions-runner\_work\xpco\xpco\corporate\recordingserver\recorderservice\tst\videoos.recorder.unittests\bin\x64\debug\net472\videoos.recorder.unittests.dll" id="ed1dec9a-9e12-a2c3-334f-e6edb45dcb6a">
      <Execution id="78152079-5842-4f08-a059-8fc5d1e9babf" />
      <TestMethod codeBase="D:\actions-runner\_work\XPCO\XPCO\Corporate\RecordingServer\RecorderService\tst\VideoOS.Recorder.UnitTests\bin\x64\Debug\net472\VideoOS.Recorder.UnitTests.dll" adapterTypeName="executor://mstestadapter/v2" className="VideoOS.Recorder.UnitTests.WebServer.SOAPCommandRequestHandlerTests" name="SOAPCommandRequestHandler_ExecuteFunction_HandleSequencesGetAround_NoCenterTime" />
    </UnitTest>
    <UnitTest name="SOAPCommandRequestHandler_ExecuteFunction_HandleStopManualRecording_NoDeviceIds" storage="d:\actions-runner\_work\xpco\xpco\corporate\recordingserver\recorderservice\tst\videoos.recorder.unittests\bin\x64\debug\net472\videoos.recorder.unittests.dll" id="9daadc09-6923-50c6-5775-ef427c942571">
      <Execution id="8dabfc1b-ede4-4be9-b7b9-96031f85346f" />
      <TestMethod codeBase="D:\actions-runner\_work\XPCO\XPCO\Corporate\RecordingServer\RecorderService\tst\VideoOS.Recorder.UnitTests\bin\x64\Debug\net472\VideoOS.Recorder.UnitTests.dll" adapterTypeName="executor://mstestadapter/v2" className="VideoOS.Recorder.UnitTests.WebServer.SOAPCommandRequestHandlerTests" name="SOAPCommandRequestHandler_ExecuteFunction_HandleStopManualRecording_NoDeviceIds" />
    </UnitTest>
    <UnitTest name="SOAPCommandRequestHandler_ExecuteFunction_HandleSequencesGetAroundWithSpan_No_Speaker_Security" storage="d:\actions-runner\_work\xpco\xpco\corporate\recordingserver\recorderservice\tst\videoos.recorder.unittests\bin\x64\debug\net472\videoos.recorder.unittests.dll" id="d3136d91-086c-86af-9861-25ad773594f3">
      <Execution id="5a5f2b8a-bff6-46de-8846-c9a2a35fc5ea" />
      <TestMethod codeBase="D:\actions-runner\_work\XPCO\XPCO\Corporate\RecordingServer\RecorderService\tst\VideoOS.Recorder.UnitTests\bin\x64\Debug\net472\VideoOS.Recorder.UnitTests.dll" adapterTypeName="executor://mstestadapter/v2" className="VideoOS.Recorder.UnitTests.WebServer.SOAPCommandRequestHandlerTests" name="SOAPCommandRequestHandler_ExecuteFunction_HandleSequencesGetAroundWithSpan_No_Speaker_Security" />
    </UnitTest>
    <UnitTest name="PtzManager_PausePatrolling_Success" storage="d:\actions-runner\_work\xpco\xpco\corporate\recordingserver\recorderservice\tst\videoos.recorder.unittests\bin\x64\debug\net472\videoos.recorder.unittests.dll" id="d7d1d95e-637f-4df3-7404-cac2d45fd7fa">
      <Execution id="58169f01-e204-4dd3-ab46-bdb57d3dc8c9" />
      <TestMethod codeBase="D:\actions-runner\_work\XPCO\XPCO\Corporate\RecordingServer\RecorderService\tst\VideoOS.Recorder.UnitTests\bin\x64\Debug\net472\VideoOS.Recorder.UnitTests.dll" adapterTypeName="executor://mstestadapter/v2" className="VideoOS.Recorder.UnitTests.Command.PtzManagerTests" name="PtzManager_PausePatrolling_Success" />
    </UnitTest>
    <UnitTest name="SOAPCommandRequestHandler_ExecuteFunction_HandleTimeLineInformationGet_TimeLineInformationCount_LessEqual0" storage="d:\actions-runner\_work\xpco\xpco\corporate\recordingserver\recorderservice\tst\videoos.recorder.unittests\bin\x64\debug\net472\videoos.recorder.unittests.dll" id="1ae0ac54-8e7d-1642-efab-7c10333bbd4b">
      <Execution id="cd431cae-79cd-4c5b-bedd-275f25e4b984" />
      <TestMethod codeBase="D:\actions-runner\_work\XPCO\XPCO\Corporate\RecordingServer\RecorderService\tst\VideoOS.Recorder.UnitTests\bin\x64\Debug\net472\VideoOS.Recorder.UnitTests.dll" adapterTypeName="executor://mstestadapter/v2" className="VideoOS.Recorder.UnitTests.WebServer.SOAPCommandRequestHandlerTests" name="SOAPCommandRequestHandler_ExecuteFunction_HandleTimeLineInformationGet_TimeLineInformationCount_LessEqual0" />
    </UnitTest>
    <UnitTest name="SearchingForwardOverlaps" storage="d:\actions-runner\_work\xpco\xpco\corporate\recordingserver\recorderservice\tst\videoos.recorder.unittests\bin\x64\debug\net472\videoos.recorder.unittests.dll" id="5c065fe3-fbf4-d20e-aa53-d906cedfcedb">
      <Execution id="e9302065-153b-444d-bb44-3e8ef3b41533" />
      <TestMethod codeBase="D:\actions-runner\_work\XPCO\XPCO\Corporate\RecordingServer\RecorderService\tst\VideoOS.Recorder.UnitTests\bin\x64\Debug\net472\VideoOS.Recorder.UnitTests.dll" adapterTypeName="executor://mstestadapter/v2" className="VideoOS.Recorder.UnitTests.ObjectModel.RestrictedMediaHandlerTest" name="SearchingForwardOverlaps" />
    </UnitTest>
    <UnitTest name="IsInRange_ShouldReturnTrue_WhenAddressEqualsEnd" storage="d:\actions-runner\_work\xpco\xpco\corporate\recordingserver\recorderservice\tst\videoos.recorder.unittests\bin\x64\debug\net472\videoos.recorder.unittests.dll" id="949725dd-6b3f-d5d7-b7d9-9c14ac78c384">
      <Execution id="c636a732-4264-4892-b8b9-c56509ed5d05" />
      <TestMethod codeBase="D:\actions-runner\_work\XPCO\XPCO\Corporate\RecordingServer\RecorderService\tst\VideoOS.Recorder.UnitTests\bin\x64\Debug\net472\VideoOS.Recorder.UnitTests.dll" adapterTypeName="executor://mstestadapter/v2" className="VideoOS.Recorder.UnitTests.DeviceDiscovery.MipDriversDiscoveryTaskTests" name="IsInRange_ShouldReturnTrue_WhenAddressEqualsEnd" />
    </UnitTest>
    <UnitTest name="PtzManager_MoveAbsolute_Success" storage="d:\actions-runner\_work\xpco\xpco\corporate\recordingserver\recorderservice\tst\videoos.recorder.unittests\bin\x64\debug\net472\videoos.recorder.unittests.dll" id="62f127d9-a0a3-5706-49a7-fb63760b5c05">
      <Execution id="c706e724-eb21-4418-a0fc-ff28f7342e1e" />
      <TestMethod codeBase="D:\actions-runner\_work\XPCO\XPCO\Corporate\RecordingServer\RecorderService\tst\VideoOS.Recorder.UnitTests\bin\x64\Debug\net472\VideoOS.Recorder.UnitTests.dll" adapterTypeName="executor://mstestadapter/v2" className="VideoOS.Recorder.UnitTests.Command.PtzManagerTests" name="PtzManager_MoveAbsolute_Success" />
    </UnitTest>
    <UnitTest name="SOAPCommandRequestHandler_ExecuteFunction_HandlePTZDeactivatePatrollingSchema_Not_Licensed" storage="d:\actions-runner\_work\xpco\xpco\corporate\recordingserver\recorderservice\tst\videoos.recorder.unittests\bin\x64\debug\net472\videoos.recorder.unittests.dll" id="8f2d0c8a-421c-a1aa-d68f-9f276a99c0be">
      <Execution id="e6521812-2efc-4360-b45a-d1bed8f636aa" />
      <TestMethod codeBase="D:\actions-runner\_work\XPCO\XPCO\Corporate\RecordingServer\RecorderService\tst\VideoOS.Recorder.UnitTests\bin\x64\Debug\net472\VideoOS.Recorder.UnitTests.dll" adapterTypeName="executor://mstestadapter/v2" className="VideoOS.Recorder.UnitTests.WebServer.SOAPCommandRequestHandlerTests" name="SOAPCommandRequestHandler_ExecuteFunction_HandlePTZDeactivatePatrollingSchema_Not_Licensed" />
    </UnitTest>
    <UnitTest name="Start_WithIncompatibleServer_LogsTheMessage" storage="d:\actions-runner\_work\xpco\xpco\corporate\recordingserver\recorderservice\tst\videoos.recorder.unittests\bin\x64\debug\net472\videoos.recorder.unittests.dll" id="e0fb9a6b-01f1-3864-c35f-18601f8da5ad">
      <Execution id="9c1a6d16-0549-4b7c-9f30-49010f2f5de2" />
      <TestMethod codeBase="D:\actions-runner\_work\XPCO\XPCO\Corporate\RecordingServer\RecorderService\tst\VideoOS.Recorder.UnitTests\bin\x64\Debug\net472\VideoOS.Recorder.UnitTests.dll" adapterTypeName="executor://mstestadapter/v2" className="VideoOS.Recorder.UnitTests.CommManagerWebApiTests" name="Start_WithIncompatibleServer_LogsTheMessage" />
    </UnitTest>
    <UnitTest name="SOAPCommandRequestHandler_ExecuteFunction_HandlePTZCenter_Height_Not_Double" storage="d:\actions-runner\_work\xpco\xpco\corporate\recordingserver\recorderservice\tst\videoos.recorder.unittests\bin\x64\debug\net472\videoos.recorder.unittests.dll" id="cc0d485b-9743-159f-4b3e-d21ea11c4547">
      <Execution id="cc2c9acb-3319-4a1d-a7d4-50334dfb63aa" />
      <TestMethod codeBase="D:\actions-runner\_work\XPCO\XPCO\Corporate\RecordingServer\RecorderService\tst\VideoOS.Recorder.UnitTests\bin\x64\Debug\net472\VideoOS.Recorder.UnitTests.dll" adapterTypeName="executor://mstestadapter/v2" className="VideoOS.Recorder.UnitTests.WebServer.SOAPCommandRequestHandlerTests" name="SOAPCommandRequestHandler_ExecuteFunction_HandlePTZCenter_Height_Not_Double" />
    </UnitTest>
    <UnitTest name="SOAPCommandRequestHandler_ExecuteFunction_HandlePTZActivatePatrollingSchema_NoDeviceId" storage="d:\actions-runner\_work\xpco\xpco\corporate\recordingserver\recorderservice\tst\videoos.recorder.unittests\bin\x64\debug\net472\videoos.recorder.unittests.dll" id="5f071467-0ec7-cb4a-de4c-e26d70e1135c">
      <Execution id="282c0c73-7e95-42e6-a454-3c958450b9f4" />
      <TestMethod codeBase="D:\actions-runner\_work\XPCO\XPCO\Corporate\RecordingServer\RecorderService\tst\VideoOS.Recorder.UnitTests\bin\x64\Debug\net472\VideoOS.Recorder.UnitTests.dll" adapterTypeName="executor://mstestadapter/v2" className="VideoOS.Recorder.UnitTests.WebServer.SOAPCommandRequestHandlerTests" name="SOAPCommandRequestHandler_ExecuteFunction_HandlePTZActivatePatrollingSchema_NoDeviceId" />
    </UnitTest>
    <UnitTest name="CheckUsingStorageTask_Run_Only_Once" storage="d:\actions-runner\_work\xpco\xpco\corporate\recordingserver\recorderservice\tst\videoos.recorder.unittests\bin\x64\debug\net472\videoos.recorder.unittests.dll" id="593f7deb-3803-9943-f8c6-baa1f4f08056">
      <TestCategory>
        <TestCategoryItem TestCategory="ObjectModel.RecordingStorage" />
      </TestCategory>
      <Execution id="48450d62-2eb7-46e8-941c-e8f67690321f" />
      <TestMethod codeBase="D:\actions-runner\_work\XPCO\XPCO\Corporate\RecordingServer\RecorderService\tst\VideoOS.Recorder.UnitTests\bin\x64\Debug\net472\VideoOS.Recorder.UnitTests.dll" adapterTypeName="executor://mstestadapter/v2" className="VideoOS.Recorder.UnitTests.ObjectModel.RecordingStorageTests" name="CheckUsingStorageTask_Run_Only_Once" />
    </UnitTest>
    <UnitTest name="ResetConfigRecordRelatedWhileRecordingCamera" storage="d:\actions-runner\_work\xpco\xpco\corporate\recordingserver\recorderservice\tst\videoos.recorder.unittests\bin\x64\debug\net472\videoos.recorder.unittests.dll" id="b04dd62a-a28e-d69a-9c42-2711a6e089f5">
      <TestCategory>
        <TestCategoryItem TestCategory="ObjectModel.Device.RelatedDeviceHandler" />
      </TestCategory>
      <Execution id="c639dd7f-4dee-4f9b-ba3d-5079723fa353" />
      <TestMethod codeBase="D:\actions-runner\_work\XPCO\XPCO\Corporate\RecordingServer\RecorderService\tst\VideoOS.Recorder.UnitTests\bin\x64\Debug\net472\VideoOS.Recorder.UnitTests.dll" adapterTypeName="executor://mstestadapter/v2" className="VideoOS.Recorder.UnitTests.ObjectModel.RelatedDeviceHandlerTest" name="ResetConfigRecordRelatedWhileRecordingCamera" />
    </UnitTest>
    <UnitTest name="DatabaseoperationCommandhandler_Execute_ArgumentException" storage="d:\actions-runner\_work\xpco\xpco\corporate\recordingserver\recorderservice\tst\videoos.recorder.unittests\bin\x64\debug\net472\videoos.recorder.unittests.dll" id="80012219-af01-d909-783d-b6bc63dca720">
      <Execution id="9004a86c-b6b6-46ab-9914-6c25c1808717" />
      <TestMethod codeBase="D:\actions-runner\_work\XPCO\XPCO\Corporate\RecordingServer\RecorderService\tst\VideoOS.Recorder.UnitTests\bin\x64\Debug\net472\VideoOS.Recorder.UnitTests.dll" adapterTypeName="executor://mstestadapter/v2" className="VideoOS.Recorder.UnitTests.Command.DatabaseOperationCommandHandlerUnitTests" name="DatabaseoperationCommandhandler_Execute_ArgumentException" />
    </UnitTest>
    <UnitTest name="RecStorage_Startup_NotAllowStart_KeepFailing_Failure_Retry" storage="d:\actions-runner\_work\xpco\xpco\corporate\recordingserver\recorderservice\tst\videoos.recorder.unittests\bin\x64\debug\net472\videoos.recorder.unittests.dll" id="61bd2a93-8cfd-2596-ac4e-6755cde8791e">
      <Execution id="2cf32b16-af49-4ea5-80cf-133e63a34670" />
      <TestMethod codeBase="D:\actions-runner\_work\XPCO\XPCO\Corporate\RecordingServer\RecorderService\tst\VideoOS.Recorder.UnitTests\bin\x64\Debug\net472\VideoOS.Recorder.UnitTests.dll" adapterTypeName="executor://mstestadapter/v2" className="VideoOS.Recorder.UnitTests.ObjectModel.MediaDbManagerUnitTests" name="RecStorage_Startup_NotAllowStart_KeepFailing_Failure_Retry" />
    </UnitTest>
    <UnitTest name="CheckHardwareDefinitionCommandHandler_Execute_AddressNotChanged_Success" storage="d:\actions-runner\_work\xpco\xpco\corporate\recordingserver\recorderservice\tst\videoos.recorder.unittests\bin\x64\debug\net472\videoos.recorder.unittests.dll" id="261e9349-c966-f457-4f8c-b98500a37378">
      <Execution id="37c69b10-a99f-4c77-9c58-e1d76c68d46f" />
      <TestMethod codeBase="D:\actions-runner\_work\XPCO\XPCO\Corporate\RecordingServer\RecorderService\tst\VideoOS.Recorder.UnitTests\bin\x64\Debug\net472\VideoOS.Recorder.UnitTests.dll" adapterTypeName="executor://mstestadapter/v2" className="VideoOS.Recorder.UnitTests.Command.CheckHardwareDefinitionCommandHandlerTests" name="CheckHardwareDefinitionCommandHandler_Execute_AddressNotChanged_Success" />
    </UnitTest>
    <UnitTest name="SOAPCommandRequestHandler_ExecuteFunction_HandleSmartSearchStart_NoSearchBeginTime" storage="d:\actions-runner\_work\xpco\xpco\corporate\recordingserver\recorderservice\tst\videoos.recorder.unittests\bin\x64\debug\net472\videoos.recorder.unittests.dll" id="f22bf055-64a6-a89a-97b0-a09304021d53">
      <Execution id="f80efdac-5ea0-4a54-a6d7-dad93508a725" />
      <TestMethod codeBase="D:\actions-runner\_work\XPCO\XPCO\Corporate\RecordingServer\RecorderService\tst\VideoOS.Recorder.UnitTests\bin\x64\Debug\net472\VideoOS.Recorder.UnitTests.dll" adapterTypeName="executor://mstestadapter/v2" className="VideoOS.Recorder.UnitTests.WebServer.SOAPCommandRequestHandlerTests" name="SOAPCommandRequestHandler_ExecuteFunction_HandleSmartSearchStart_NoSearchBeginTime" />
    </UnitTest>
    <UnitTest name="RequestArchiveInformation_StorageIDMapping_GUIDs_Multi" storage="d:\actions-runner\_work\xpco\xpco\corporate\recordingserver\recorderservice\tst\videoos.recorder.unittests\bin\x64\debug\net472\videoos.recorder.unittests.dll" id="160fa9b6-e0e0-b68c-5f8a-83668432548f">
      <Execution id="9151e462-883b-49c0-bb6b-e9ec8e65f975" />
      <TestMethod codeBase="D:\actions-runner\_work\XPCO\XPCO\Corporate\RecordingServer\RecorderService\tst\VideoOS.Recorder.UnitTests\bin\x64\Debug\net472\VideoOS.Recorder.UnitTests.dll" adapterTypeName="executor://mstestadapter/v2" className="VideoOS.Recorder.UnitTests.ObjectModel.MediaDbManagerUnitTests" name="RequestArchiveInformation_StorageIDMapping_GUIDs_Multi" />
    </UnitTest>
    <UnitTest name="PtzReleaseSessionCommandHandler_Execute_No_Security_Token" storage="d:\actions-runner\_work\xpco\xpco\corporate\recordingserver\recorderservice\tst\videoos.recorder.unittests\bin\x64\debug\net472\videoos.recorder.unittests.dll" id="96b28535-e625-df35-df33-078293bf1a00">
      <Execution id="8eacf77c-3aa0-4325-b95a-86fd68a995da" />
      <TestMethod codeBase="D:\actions-runner\_work\XPCO\XPCO\Corporate\RecordingServer\RecorderService\tst\VideoOS.Recorder.UnitTests\bin\x64\Debug\net472\VideoOS.Recorder.UnitTests.dll" adapterTypeName="executor://mstestadapter/v2" className="VideoOS.Recorder.UnitTests.Command.PtzReleaseSessionCommandHandlerTest" name="PtzReleaseSessionCommandHandler_Execute_No_Security_Token" />
    </UnitTest>
    <UnitTest name="FirmwareUpgradeCommandHandler_Execute_FirmwareUpgradeStatus_ThrowsStatusUnknown_Errors" storage="d:\actions-runner\_work\xpco\xpco\corporate\recordingserver\recorderservice\tst\videoos.recorder.unittests\bin\x64\debug\net472\videoos.recorder.unittests.dll" id="e4a88615-e2e1-b749-456a-476e94ae800f">
      <Execution id="c5848632-24c1-4b17-b855-422c21020278" />
      <TestMethod codeBase="D:\actions-runner\_work\XPCO\XPCO\Corporate\RecordingServer\RecorderService\tst\VideoOS.Recorder.UnitTests\bin\x64\Debug\net472\VideoOS.Recorder.UnitTests.dll" adapterTypeName="executor://mstestadapter/v2" className="VideoOS.Recorder.UnitTests.Command.FirmwareUpgradeCommandHandlerUnitTests" name="FirmwareUpgradeCommandHandler_Execute_FirmwareUpgradeStatus_ThrowsStatusUnknown_Errors" />
    </UnitTest>
    <UnitTest name="HardwareSetupInformationCommandHandler_Execute_DuplicateMac_Allowed_Success" storage="d:\actions-runner\_work\xpco\xpco\corporate\recordingserver\recorderservice\tst\videoos.recorder.unittests\bin\x64\debug\net472\videoos.recorder.unittests.dll" id="768837d1-698a-c042-b263-bf6dd8525485">
      <Execution id="7c5f8668-ed4e-4a4c-bb46-3411aff52784" />
      <TestMethod codeBase="D:\actions-runner\_work\XPCO\XPCO\Corporate\RecordingServer\RecorderService\tst\VideoOS.Recorder.UnitTests\bin\x64\Debug\net472\VideoOS.Recorder.UnitTests.dll" adapterTypeName="executor://mstestadapter/v2" className="VideoOS.Recorder.UnitTests.Command.HardwareSetupInformationCommandHandlerUnitTests" name="HardwareSetupInformationCommandHandler_Execute_DuplicateMac_Allowed_Success" />
    </UnitTest>
    <UnitTest name="CollectRecorderInfoCommandXmlConverter_ArchiveProgress_Single_NoProgress" storage="d:\actions-runner\_work\xpco\xpco\corporate\recordingserver\recorderservice\tst\videoos.recorder.unittests\bin\x64\debug\net472\videoos.recorder.unittests.dll" id="daac7a8a-7926-eba0-bb67-56c7d76c0421">
      <Execution id="0f3822ee-146e-4c3a-b0c9-8e08df7189be" />
      <TestMethod codeBase="D:\actions-runner\_work\XPCO\XPCO\Corporate\RecordingServer\RecorderService\tst\VideoOS.Recorder.UnitTests\bin\x64\Debug\net472\VideoOS.Recorder.UnitTests.dll" adapterTypeName="executor://mstestadapter/v2" className="VideoOS.Recorder.UnitTests.Command.CollectRecorderInfoCommandXmlConverterTest" name="CollectRecorderInfoCommandXmlConverter_ArchiveProgress_Single_NoProgress" />
    </UnitTest>
    <UnitTest name="RegisterLiveTablesInStorageTwiche" storage="d:\actions-runner\_work\xpco\xpco\corporate\recordingserver\recorderservice\tst\videoos.recorder.unittests\bin\x64\debug\net472\videoos.recorder.unittests.dll" id="7d3f2f7a-9a5c-53ed-13fc-aa95e828dc4c">
      <Execution id="6d1117f4-b52a-40a8-85fa-e3fd65a9c335" />
      <TestMethod codeBase="D:\actions-runner\_work\XPCO\XPCO\Corporate\RecordingServer\RecorderService\tst\VideoOS.Recorder.UnitTests\bin\x64\Debug\net472\VideoOS.Recorder.UnitTests.dll" adapterTypeName="executor://mstestadapter/v2" className="VideoOS.Recorder.UnitTests.Database.MediaDbLiveTableStorageInfoTests" name="RegisterLiveTablesInStorageTwiche" />
    </UnitTest>
    <UnitTest name="TimeRangeConversionOverlappingRanges" storage="d:\actions-runner\_work\xpco\xpco\corporate\recordingserver\recorderservice\tst\videoos.recorder.unittests\bin\x64\debug\net472\videoos.recorder.unittests.dll" id="aad384e0-fb1c-a4db-5b18-8de78999ea17">
      <TestCategory>
        <TestCategoryItem TestCategory="TimeRangeConversion" />
      </TestCategory>
      <Execution id="75814fca-6d2f-4f8e-810f-99e3566df8d7" />
      <TestMethod codeBase="D:\actions-runner\_work\XPCO\XPCO\Corporate\RecordingServer\RecorderService\tst\VideoOS.Recorder.UnitTests\bin\x64\Debug\net472\VideoOS.Recorder.UnitTests.dll" adapterTypeName="executor://mstestadapter/v2" className="VideoOS.Recorder.UnitTests.TimeRangeConversionTests.TimeRangeConversionTests" name="TimeRangeConversionOverlappingRanges" />
    </UnitTest>
    <UnitTest name="SOAPCommandRequestHandler_ExecuteFunction_HandlePTZMoveHome_No_Priority" storage="d:\actions-runner\_work\xpco\xpco\corporate\recordingserver\recorderservice\tst\videoos.recorder.unittests\bin\x64\debug\net472\videoos.recorder.unittests.dll" id="aa2a2537-acc7-fac0-bb1e-d193ab189c0c">
      <Execution id="1e4d1f7a-8347-4030-b5fc-500b0dee6a52" />
      <TestMethod codeBase="D:\actions-runner\_work\XPCO\XPCO\Corporate\RecordingServer\RecorderService\tst\VideoOS.Recorder.UnitTests\bin\x64\Debug\net472\VideoOS.Recorder.UnitTests.dll" adapterTypeName="executor://mstestadapter/v2" className="VideoOS.Recorder.UnitTests.WebServer.SOAPCommandRequestHandlerTests" name="SOAPCommandRequestHandler_ExecuteFunction_HandlePTZMoveHome_No_Priority" />
    </UnitTest>
    <UnitTest name="PtzStopSessionCommandHandler_Execute_PtzException_PatrollingSessionAttemptedReleased" storage="d:\actions-runner\_work\xpco\xpco\corporate\recordingserver\recorderservice\tst\videoos.recorder.unittests\bin\x64\debug\net472\videoos.recorder.unittests.dll" id="140eefae-bb91-4e67-5b7a-70bac908e4d6">
      <Execution id="21181995-377e-477e-9fd4-ef1d442a13bf" />
      <TestMethod codeBase="D:\actions-runner\_work\XPCO\XPCO\Corporate\RecordingServer\RecorderService\tst\VideoOS.Recorder.UnitTests\bin\x64\Debug\net472\VideoOS.Recorder.UnitTests.dll" adapterTypeName="executor://mstestadapter/v2" className="VideoOS.Recorder.UnitTests.Command.PtzStopSessionCommandHandlerTest" name="PtzStopSessionCommandHandler_Execute_PtzException_PatrollingSessionAttemptedReleased" />
    </UnitTest>
    <UnitTest name="ConnectSuccess_PrevSeqTime_AfterMedia" storage="d:\actions-runner\_work\xpco\xpco\corporate\recordingserver\recorderservice\tst\videoos.recorder.unittests\bin\x64\debug\net472\videoos.recorder.unittests.dll" id="6dd13415-80a1-3dc0-3ef0-c5a6924ca8cb">
      <Execution id="a1fd057c-32df-4671-bd2f-1327ace7aac8" />
      <TestMethod codeBase="D:\actions-runner\_work\XPCO\XPCO\Corporate\RecordingServer\RecorderService\tst\VideoOS.Recorder.UnitTests\bin\x64\Debug\net472\VideoOS.Recorder.UnitTests.dll" adapterTypeName="executor://mstestadapter/v2" className="VideoOS.Recorder.UnitTests.WebServer.ImageServerRequestHandlerTests" name="ConnectSuccess_PrevSeqTime_AfterMedia" />
    </UnitTest>
    <UnitTest name="SOAPCommandRequestHandler_ExecuteFunction_HandleTimeLineInformationGet_NoDeviceId" storage="d:\actions-runner\_work\xpco\xpco\corporate\recordingserver\recorderservice\tst\videoos.recorder.unittests\bin\x64\debug\net472\videoos.recorder.unittests.dll" id="cf2e6996-22f0-5db8-5400-8b9456fb3bd1">
      <Execution id="e2db9bb8-5714-4c64-a0a7-f077f1d25298" />
      <TestMethod codeBase="D:\actions-runner\_work\XPCO\XPCO\Corporate\RecordingServer\RecorderService\tst\VideoOS.Recorder.UnitTests\bin\x64\Debug\net472\VideoOS.Recorder.UnitTests.dll" adapterTypeName="executor://mstestadapter/v2" className="VideoOS.Recorder.UnitTests.WebServer.SOAPCommandRequestHandlerTests" name="SOAPCommandRequestHandler_ExecuteFunction_HandleTimeLineInformationGet_NoDeviceId" />
    </UnitTest>
    <UnitTest name="AddHardwareUserCommandHandler_Execute_HardwareNotFound_Fails" storage="d:\actions-runner\_work\xpco\xpco\corporate\recordingserver\recorderservice\tst\videoos.recorder.unittests\bin\x64\debug\net472\videoos.recorder.unittests.dll" id="ea96d8c2-b012-7a15-be1c-52de1fa69f3c">
      <Execution id="6e71f5d4-860a-4de6-bf45-c4b0aa22e502" />
      <TestMethod codeBase="D:\actions-runner\_work\XPCO\XPCO\Corporate\RecordingServer\RecorderService\tst\VideoOS.Recorder.UnitTests\bin\x64\Debug\net472\VideoOS.Recorder.UnitTests.dll" adapterTypeName="executor://mstestadapter/v2" className="VideoOS.Recorder.UnitTests.Command.AddHardwareUserCommandHandlerRecorderUnitTests" name="AddHardwareUserCommandHandler_Execute_HardwareNotFound_Fails" />
    </UnitTest>
    <UnitTest name="FirmwareUpgradeCommandHandler_Execute_FirmwareUpgradeStatus_ThrowsReconnectingException_Errors" storage="d:\actions-runner\_work\xpco\xpco\corporate\recordingserver\recorderservice\tst\videoos.recorder.unittests\bin\x64\debug\net472\videoos.recorder.unittests.dll" id="02585d25-8458-a2d5-1a37-f8fdbb03b7f5">
      <Execution id="e43d616c-f679-4adb-a205-48d0fbfb596d" />
      <TestMethod codeBase="D:\actions-runner\_work\XPCO\XPCO\Corporate\RecordingServer\RecorderService\tst\VideoOS.Recorder.UnitTests\bin\x64\Debug\net472\VideoOS.Recorder.UnitTests.dll" adapterTypeName="executor://mstestadapter/v2" className="VideoOS.Recorder.UnitTests.Command.FirmwareUpgradeCommandHandlerUnitTests" name="FirmwareUpgradeCommandHandler_Execute_FirmwareUpgradeStatus_ThrowsReconnectingException_Errors" />
    </UnitTest>
    <UnitTest name="ArcStorage_Failure_Retry" storage="d:\actions-runner\_work\xpco\xpco\corporate\recordingserver\recorderservice\tst\videoos.recorder.unittests\bin\x64\debug\net472\videoos.recorder.unittests.dll" id="28c90e04-ea6b-65dc-f25c-1fb60858805f">
      <Execution id="8c14fc19-9c98-4dd5-a79e-471ffec7128b" />
      <TestMethod codeBase="D:\actions-runner\_work\XPCO\XPCO\Corporate\RecordingServer\RecorderService\tst\VideoOS.Recorder.UnitTests\bin\x64\Debug\net472\VideoOS.Recorder.UnitTests.dll" adapterTypeName="executor://mstestadapter/v2" className="VideoOS.Recorder.UnitTests.ObjectModel.MediaDbManagerUnitTests" name="ArcStorage_Failure_Retry" />
    </UnitTest>
    <UnitTest name="ConfigurationDatasetHolder_ApplyTableDistribution_NoDistributions_LiveTableExists_Success" storage="d:\actions-runner\_work\xpco\xpco\corporate\recordingserver\recorderservice\tst\videoos.recorder.unittests\bin\x64\debug\net472\videoos.recorder.unittests.dll" id="7a2b4445-6550-2bc9-9a63-77baee7c363a">
      <Execution id="c50f4cb4-7d93-4c19-9d86-09defdbc0317" />
      <TestMethod codeBase="D:\actions-runner\_work\XPCO\XPCO\Corporate\RecordingServer\RecorderService\tst\VideoOS.Recorder.UnitTests\bin\x64\Debug\net472\VideoOS.Recorder.UnitTests.dll" adapterTypeName="executor://mstestadapter/v2" className="VideoOS.Recorder.UnitTests.ConfigurationDatasetHolderUnitTests" name="ConfigurationDatasetHolder_ApplyTableDistribution_NoDistributions_LiveTableExists_Success" />
    </UnitTest>
    <UnitTest name="ReadMessageHeaders_ImageServer_Connect_ReadSuccess" storage="d:\actions-runner\_work\xpco\xpco\corporate\recordingserver\recorderservice\tst\videoos.recorder.unittests\bin\x64\debug\net472\videoos.recorder.unittests.dll" id="72e9872f-e146-2fb9-0c1d-bfc150eba3ba">
      <Execution id="56b5a875-eb2f-417d-b79f-edde28d6ec8d" />
      <TestMethod codeBase="D:\actions-runner\_work\XPCO\XPCO\Corporate\RecordingServer\RecorderService\tst\VideoOS.Recorder.UnitTests\bin\x64\Debug\net472\VideoOS.Recorder.UnitTests.dll" adapterTypeName="executor://mstestadapter/v2" className="VideoOS.Recorder.UnitTests.WebServer.WebRequestReaderUnitTests" name="ReadMessageHeaders_ImageServer_Connect_ReadSuccess" />
    </UnitTest>
    <UnitTest name="RequestRecordKeyframesOnly_SetsRecordAllFramesToFalse_OnFirstRequest" storage="d:\actions-runner\_work\xpco\xpco\corporate\recordingserver\recorderservice\tst\videoos.recorder.unittests\bin\x64\debug\net472\videoos.recorder.unittests.dll" id="bd07fc63-b1a9-794c-a08b-5365e5040798">
      <TestCategory>
        <TestCategoryItem TestCategory="KeyframeRecording" />
      </TestCategory>
      <Execution id="42990869-36fb-4014-b3f3-bab0f4b34fff" />
      <TestMethod codeBase="D:\actions-runner\_work\XPCO\XPCO\Corporate\RecordingServer\RecorderService\tst\VideoOS.Recorder.UnitTests\bin\x64\Debug\net472\VideoOS.Recorder.UnitTests.dll" adapterTypeName="executor://mstestadapter/v2" className="VideoOS.Recorder.UnitTests.StateEvaluation.DeviceRecordKeyframesStateEvaluatorTests" name="RequestRecordKeyframesOnly_SetsRecordAllFramesToFalse_OnFirstRequest" />
    </UnitTest>
    <UnitTest name="UpdateRecorderTaskProgressAsync_ConnectedAndBetween1And99_ShouldQueueCommand" storage="d:\actions-runner\_work\xpco\xpco\corporate\recordingserver\recorderservice\tst\videoos.recorder.unittests\bin\x64\debug\net472\videoos.recorder.unittests.dll" id="b3d817b8-e7e6-eb65-f92d-7523f232fbca">
      <Execution id="b1da15f9-2e84-4bcc-a683-9b53b21b7ca9" />
      <TestMethod codeBase="D:\actions-runner\_work\XPCO\XPCO\Corporate\RecordingServer\RecorderService\tst\VideoOS.Recorder.UnitTests\bin\x64\Debug\net472\VideoOS.Recorder.UnitTests.dll" adapterTypeName="executor://mstestadapter/v2" className="VideoOS.Recorder.UnitTests.CommManagerWebApiTests" name="UpdateRecorderTaskProgressAsync_ConnectedAndBetween1And99_ShouldQueueCommand" />
    </UnitTest>
    <UnitTest name="SOAPCommandRequestHandler_ExecuteFunction_HandleMulticastStop_Success" storage="d:\actions-runner\_work\xpco\xpco\corporate\recordingserver\recorderservice\tst\videoos.recorder.unittests\bin\x64\debug\net472\videoos.recorder.unittests.dll" id="2c3b6d43-914d-89f9-d968-9dc41500934d">
      <Execution id="6181926a-5cfb-40a2-a2ad-5372744ab16c" />
      <TestMethod codeBase="D:\actions-runner\_work\XPCO\XPCO\Corporate\RecordingServer\RecorderService\tst\VideoOS.Recorder.UnitTests\bin\x64\Debug\net472\VideoOS.Recorder.UnitTests.dll" adapterTypeName="executor://mstestadapter/v2" className="VideoOS.Recorder.UnitTests.WebServer.SOAPCommandRequestHandlerTests" name="SOAPCommandRequestHandler_ExecuteFunction_HandleMulticastStop_Success" />
    </UnitTest>
    <UnitTest name="ConnectSuccessSimple_Metadata" storage="d:\actions-runner\_work\xpco\xpco\corporate\recordingserver\recorderservice\tst\videoos.recorder.unittests\bin\x64\debug\net472\videoos.recorder.unittests.dll" id="6be252e4-ef90-c13b-c5f7-680d11ef5b73">
      <Execution id="d9f43276-ce0b-40a4-8e58-cc77402c4f67" />
      <TestMethod codeBase="D:\actions-runner\_work\XPCO\XPCO\Corporate\RecordingServer\RecorderService\tst\VideoOS.Recorder.UnitTests\bin\x64\Debug\net472\VideoOS.Recorder.UnitTests.dll" adapterTypeName="executor://mstestadapter/v2" className="VideoOS.Recorder.UnitTests.WebServer.ImageServerRequestHandlerTests" name="ConnectSuccessSimple_Metadata" />
    </UnitTest>
    <UnitTest name="PtzPatrollingSession_Constructor_Success" storage="d:\actions-runner\_work\xpco\xpco\corporate\recordingserver\recorderservice\tst\videoos.recorder.unittests\bin\x64\debug\net472\videoos.recorder.unittests.dll" id="7f4a48c1-c1cd-a9cc-4967-4f5efa43ecff">
      <Execution id="b12be409-b176-4c5b-9d58-17bd009b6a8d" />
      <TestMethod codeBase="D:\actions-runner\_work\XPCO\XPCO\Corporate\RecordingServer\RecorderService\tst\VideoOS.Recorder.UnitTests\bin\x64\Debug\net472\VideoOS.Recorder.UnitTests.dll" adapterTypeName="executor://mstestadapter/v2" className="VideoOS.Recorder.UnitTests.Command.PtzSessionsTests" name="PtzPatrollingSession_Constructor_Success" />
    </UnitTest>
    <UnitTest name="SOAPCommandRequestHandler_ExecuteFunction_HandlePTZCenter_NoCenterY" storage="d:\actions-runner\_work\xpco\xpco\corporate\recordingserver\recorderservice\tst\videoos.recorder.unittests\bin\x64\debug\net472\videoos.recorder.unittests.dll" id="1c852dfa-9b00-fe57-d01d-bc9f5949ae94">
      <Execution id="80c64c70-8929-42d6-ab1d-d99671d3a418" />
      <TestMethod codeBase="D:\actions-runner\_work\XPCO\XPCO\Corporate\RecordingServer\RecorderService\tst\VideoOS.Recorder.UnitTests\bin\x64\Debug\net472\VideoOS.Recorder.UnitTests.dll" adapterTypeName="executor://mstestadapter/v2" className="VideoOS.Recorder.UnitTests.WebServer.SOAPCommandRequestHandlerTests" name="SOAPCommandRequestHandler_ExecuteFunction_HandlePTZCenter_NoCenterY" />
    </UnitTest>
    <UnitTest name="DeleteHardwareUserCommandHandler_Execute_HardwareNotEnabled_Errors" storage="d:\actions-runner\_work\xpco\xpco\corporate\recordingserver\recorderservice\tst\videoos.recorder.unittests\bin\x64\debug\net472\videoos.recorder.unittests.dll" id="64d1fcf6-1816-7581-4aa9-1d502df8a159">
      <Execution id="bb792347-9c02-4791-b43b-d7797baa9616" />
      <TestMethod codeBase="D:\actions-runner\_work\XPCO\XPCO\Corporate\RecordingServer\RecorderService\tst\VideoOS.Recorder.UnitTests\bin\x64\Debug\net472\VideoOS.Recorder.UnitTests.dll" adapterTypeName="executor://mstestadapter/v2" className="VideoOS.Recorder.UnitTests.Command.DeleteHardwareUserCommandHandlerTest" name="DeleteHardwareUserCommandHandler_Execute_HardwareNotEnabled_Errors" />
    </UnitTest>
    <UnitTest name="SOAPCommandRequestHandler_ExecuteFunction_HandlePTZMoveHome_NoDeviceId" storage="d:\actions-runner\_work\xpco\xpco\corporate\recordingserver\recorderservice\tst\videoos.recorder.unittests\bin\x64\debug\net472\videoos.recorder.unittests.dll" id="1b6ae4ac-8418-f533-e65d-d36c3e94f90f">
      <Execution id="9140bc3f-b790-4831-ac87-0940aeec8c29" />
      <TestMethod codeBase="D:\actions-runner\_work\XPCO\XPCO\Corporate\RecordingServer\RecorderService\tst\VideoOS.Recorder.UnitTests\bin\x64\Debug\net472\VideoOS.Recorder.UnitTests.dll" adapterTypeName="executor://mstestadapter/v2" className="VideoOS.Recorder.UnitTests.WebServer.SOAPCommandRequestHandlerTests" name="SOAPCommandRequestHandler_ExecuteFunction_HandlePTZMoveHome_NoDeviceId" />
    </UnitTest>
    <UnitTest name="PtzManager_PtzReserveSession_Success" storage="d:\actions-runner\_work\xpco\xpco\corporate\recordingserver\recorderservice\tst\videoos.recorder.unittests\bin\x64\debug\net472\videoos.recorder.unittests.dll" id="611c2b42-3a78-9da0-b609-822778d9c99c">
      <Execution id="24347027-e424-446b-b154-d3a912a84135" />
      <TestMethod codeBase="D:\actions-runner\_work\XPCO\XPCO\Corporate\RecordingServer\RecorderService\tst\VideoOS.Recorder.UnitTests\bin\x64\Debug\net472\VideoOS.Recorder.UnitTests.dll" adapterTypeName="executor://mstestadapter/v2" className="VideoOS.Recorder.UnitTests.Command.PtzManagerTests" name="PtzManager_PtzReserveSession_Success" />
    </UnitTest>
    <UnitTest name="CheckDeleteDeviceMediaCommandHandler_MediaDbRepairInProgressNoAction" storage="d:\actions-runner\_work\xpco\xpco\corporate\recordingserver\recorderservice\tst\videoos.recorder.unittests\bin\x64\debug\net472\videoos.recorder.unittests.dll" id="5486909e-82f0-43bd-9354-a32cb8d28664">
      <Execution id="20f59c53-fa0c-41c3-bda3-92954c721459" />
      <TestMethod codeBase="D:\actions-runner\_work\XPCO\XPCO\Corporate\RecordingServer\RecorderService\tst\VideoOS.Recorder.UnitTests\bin\x64\Debug\net472\VideoOS.Recorder.UnitTests.dll" adapterTypeName="executor://mstestadapter/v2" className="VideoOS.Recorder.UnitTests.Command.CheckDeleteDeviceMediaCommandHandlerTests" name="CheckDeleteDeviceMediaCommandHandler_MediaDbRepairInProgressNoAction" />
    </UnitTest>
    <UnitTest name="ConnectSuccess_FrameBrowseLayer_Next" storage="d:\actions-runner\_work\xpco\xpco\corporate\recordingserver\recorderservice\tst\videoos.recorder.unittests\bin\x64\debug\net472\videoos.recorder.unittests.dll" id="2f1c412f-01ed-a9b4-385c-f0b57f911a2c">
      <Execution id="7d83db42-c7d3-4cbe-8f7b-11cb4dae783b" />
      <TestMethod codeBase="D:\actions-runner\_work\XPCO\XPCO\Corporate\RecordingServer\RecorderService\tst\VideoOS.Recorder.UnitTests\bin\x64\Debug\net472\VideoOS.Recorder.UnitTests.dll" adapterTypeName="executor://mstestadapter/v2" className="VideoOS.Recorder.UnitTests.WebServer.ImageServerRequestHandlerTests" name="ConnectSuccess_FrameBrowseLayer_Next" />
    </UnitTest>
    <UnitTest name="QueryDeviceEvidenceLockSizesCommandHandler_SetEvidenceLocksNotCalled_ErrorResponse" storage="d:\actions-runner\_work\xpco\xpco\corporate\recordingserver\recorderservice\tst\videoos.recorder.unittests\bin\x64\debug\net472\videoos.recorder.unittests.dll" id="c61280df-d89a-c848-5702-a599254c9c7f">
      <Execution id="4d404230-4b1d-4ac0-8e49-47ed03d2a1d4" />
      <TestMethod codeBase="D:\actions-runner\_work\XPCO\XPCO\Corporate\RecordingServer\RecorderService\tst\VideoOS.Recorder.UnitTests\bin\x64\Debug\net472\VideoOS.Recorder.UnitTests.dll" adapterTypeName="executor://mstestadapter/v2" className="VideoOS.Recorder.UnitTests.Command.QueryDeviceEvidenceLockSizesCommandHandlerTests" name="QueryDeviceEvidenceLockSizesCommandHandler_SetEvidenceLocksNotCalled_ErrorResponse" />
    </UnitTest>
    <UnitTest name="CheckUsingStorageTask_Run_Once" storage="d:\actions-runner\_work\xpco\xpco\corporate\recordingserver\recorderservice\tst\videoos.recorder.unittests\bin\x64\debug\net472\videoos.recorder.unittests.dll" id="47852ba4-9f7c-aef7-23bb-716ae480a7a9">
      <TestCategory>
        <TestCategoryItem TestCategory="ObjectModel.RecordingStorage" />
      </TestCategory>
      <Execution id="1a28ffce-45e5-4391-9131-9d9284130020" />
      <TestMethod codeBase="D:\actions-runner\_work\XPCO\XPCO\Corporate\RecordingServer\RecorderService\tst\VideoOS.Recorder.UnitTests\bin\x64\Debug\net472\VideoOS.Recorder.UnitTests.dll" adapterTypeName="executor://mstestadapter/v2" className="VideoOS.Recorder.UnitTests.ObjectModel.RecordingStorageTests" name="CheckUsingStorageTask_Run_Once" />
    </UnitTest>
    <UnitTest name="TriggerEventAsGlobalCommand_IsNull_BadRequestResult" storage="d:\actions-runner\_work\xpco\xpco\corporate\recordingserver\recorderservice\tst\videoos.recorder.unittests\bin\x64\debug\net472\videoos.recorder.unittests.dll" id="48b4ba01-4353-a8ab-80b5-1fac51b080f4">
      <Execution id="90c48316-f20d-4763-95d7-dd7e0a0c35c7" />
      <TestMethod codeBase="D:\actions-runner\_work\XPCO\XPCO\Corporate\RecordingServer\RecorderService\tst\VideoOS.Recorder.UnitTests\bin\x64\Debug\net472\VideoOS.Recorder.UnitTests.dll" adapterTypeName="executor://mstestadapter/v2" className="VideoOS.Recorder.UnitTests.EventsControllerTests" name="TriggerEventAsGlobalCommand_IsNull_BadRequestResult" />
    </UnitTest>
    <UnitTest name="GetNetworkConfigurationCommandHandler_Execute_HardwareNotStarted_Reschedules_NoResponse" storage="d:\actions-runner\_work\xpco\xpco\corporate\recordingserver\recorderservice\tst\videoos.recorder.unittests\bin\x64\debug\net472\videoos.recorder.unittests.dll" id="5dbee3c2-264b-5c9b-4900-e958b9291cf6">
      <Execution id="eb06b812-5660-4773-a19d-bf42971a2638" />
      <TestMethod codeBase="D:\actions-runner\_work\XPCO\XPCO\Corporate\RecordingServer\RecorderService\tst\VideoOS.Recorder.UnitTests\bin\x64\Debug\net472\VideoOS.Recorder.UnitTests.dll" adapterTypeName="executor://mstestadapter/v2" className="VideoOS.Recorder.UnitTests.Command.GetNetworkConfigurationCommandHandlerUnitTests" name="GetNetworkConfigurationCommandHandler_Execute_HardwareNotStarted_Reschedules_NoResponse" />
    </UnitTest>
    <UnitTest name="SearchingForwardEmpty" storage="d:\actions-runner\_work\xpco\xpco\corporate\recordingserver\recorderservice\tst\videoos.recorder.unittests\bin\x64\debug\net472\videoos.recorder.unittests.dll" id="bdefc2e1-11fd-8c75-0f03-9861d638578f">
      <Execution id="6b7ec12c-387e-4eba-9bca-c52047ffaf48" />
      <TestMethod codeBase="D:\actions-runner\_work\XPCO\XPCO\Corporate\RecordingServer\RecorderService\tst\VideoOS.Recorder.UnitTests\bin\x64\Debug\net472\VideoOS.Recorder.UnitTests.dll" adapterTypeName="executor://mstestadapter/v2" className="VideoOS.Recorder.UnitTests.ObjectModel.RestrictedMediaHandlerTest" name="SearchingForwardEmpty" />
    </UnitTest>
    <UnitTest name="DatabaseoperationCommandhandler_FilterTrackIdsToThoseWithoutMediaOnRecorder_AreAllStoragesAndArchivesOnline_Returns_false_Causes_DataExists" storage="d:\actions-runner\_work\xpco\xpco\corporate\recordingserver\recorderservice\tst\videoos.recorder.unittests\bin\x64\debug\net472\videoos.recorder.unittests.dll" id="dcb17907-55f0-9c46-d5f2-f7a076037302">
      <Execution id="6095a0c2-a262-436c-90de-42375a2b6de2" />
      <TestMethod codeBase="D:\actions-runner\_work\XPCO\XPCO\Corporate\RecordingServer\RecorderService\tst\VideoOS.Recorder.UnitTests\bin\x64\Debug\net472\VideoOS.Recorder.UnitTests.dll" adapterTypeName="executor://mstestadapter/v2" className="VideoOS.Recorder.UnitTests.Command.DatabaseOperationCommandHandlerUnitTests" name="DatabaseoperationCommandhandler_FilterTrackIdsToThoseWithoutMediaOnRecorder_AreAllStoragesAndArchivesOnline_Returns_false_Causes_DataExists" />
    </UnitTest>
    <UnitTest name="Transform_PrivactyMask_Null_ThrowsArgumentNullException" storage="d:\actions-runner\_work\xpco\xpco\corporate\recordingserver\recorderservice\tst\videoos.recorder.unittests\bin\x64\debug\net472\videoos.recorder.unittests.dll" id="ba75125b-a219-892f-41c3-4bebe36d3c3d">
      <Execution id="76312d66-cbc1-4307-ab7d-ea1c5a70c2fc" />
      <TestMethod codeBase="D:\actions-runner\_work\XPCO\XPCO\Corporate\RecordingServer\RecorderService\tst\VideoOS.Recorder.UnitTests\bin\x64\Debug\net472\VideoOS.Recorder.UnitTests.dll" adapterTypeName="executor://mstestadapter/v2" className="VideoOS.Recorder.UnitTests.WebServer.PrivacyMaskTransportConverterUnitTests" name="Transform_PrivactyMask_Null_ThrowsArgumentNullException" />
    </UnitTest>
    <UnitTest name="SetRecordingCameraOneLink" storage="d:\actions-runner\_work\xpco\xpco\corporate\recordingserver\recorderservice\tst\videoos.recorder.unittests\bin\x64\debug\net472\videoos.recorder.unittests.dll" id="6b86ceca-2f85-c94e-44dd-a3b163e0561d">
      <TestCategory>
        <TestCategoryItem TestCategory="ObjectModel.Device.RelatedDeviceHandler" />
      </TestCategory>
      <Execution id="abfdbd98-bc7b-4d04-ab08-5a5ee97dd436" />
      <TestMethod codeBase="D:\actions-runner\_work\XPCO\XPCO\Corporate\RecordingServer\RecorderService\tst\VideoOS.Recorder.UnitTests\bin\x64\Debug\net472\VideoOS.Recorder.UnitTests.dll" adapterTypeName="executor://mstestadapter/v2" className="VideoOS.Recorder.UnitTests.ObjectModel.RelatedDeviceHandlerTest" name="SetRecordingCameraOneLink" />
    </UnitTest>
    <UnitTest name="ResponseController_NullCommManager_ArgumentNullException" storage="d:\actions-runner\_work\xpco\xpco\corporate\recordingserver\recorderservice\tst\videoos.recorder.unittests\bin\x64\debug\net472\videoos.recorder.unittests.dll" id="5255c104-c7be-f6e9-5f6f-6abcea6a5ba2">
      <Execution id="be3036a3-740d-41f1-85a6-80a310e97f26" />
      <TestMethod codeBase="D:\actions-runner\_work\XPCO\XPCO\Corporate\RecordingServer\RecorderService\tst\VideoOS.Recorder.UnitTests\bin\x64\Debug\net472\VideoOS.Recorder.UnitTests.dll" adapterTypeName="executor://mstestadapter/v2" className="VideoOS.Recorder.UnitTests.ResponseControllerTests" name="ResponseController_NullCommManager_ArgumentNullException" />
    </UnitTest>
    <UnitTest name="HandleRequest_Json_WrongPath_404NotFound" storage="d:\actions-runner\_work\xpco\xpco\corporate\recordingserver\recorderservice\tst\videoos.recorder.unittests\bin\x64\debug\net472\videoos.recorder.unittests.dll" id="58c0e627-0e7a-25f9-e33a-982a27d9ab27">
      <Execution id="63f0db42-c410-44f7-acdb-fe37f22769f2" />
      <TestMethod codeBase="D:\actions-runner\_work\XPCO\XPCO\Corporate\RecordingServer\RecorderService\tst\VideoOS.Recorder.UnitTests\bin\x64\Debug\net472\VideoOS.Recorder.UnitTests.dll" adapterTypeName="executor://mstestadapter/v2" className="VideoOS.Recorder.UnitTests.WebServer.DiagnosticsHttpRequestHandlerUnitTests" name="HandleRequest_Json_WrongPath_404NotFound" />
    </UnitTest>
    <UnitTest name="SetupInitialHardwareUserCommandHandler_Execute_SetupUser_ThrowsUserHandlingOperationUnsupportedError_Errors" storage="d:\actions-runner\_work\xpco\xpco\corporate\recordingserver\recorderservice\tst\videoos.recorder.unittests\bin\x64\debug\net472\videoos.recorder.unittests.dll" id="7cdcc5fd-a07f-12d2-c570-bbe60c7b1f25">
      <Execution id="d05911bb-6642-4b90-9e80-5a37e5c9bcdc" />
      <TestMethod codeBase="D:\actions-runner\_work\XPCO\XPCO\Corporate\RecordingServer\RecorderService\tst\VideoOS.Recorder.UnitTests\bin\x64\Debug\net472\VideoOS.Recorder.UnitTests.dll" adapterTypeName="executor://mstestadapter/v2" className="VideoOS.Recorder.UnitTests.Command.SetupInitialHardwareUserCommandHandlerUnitTests" name="SetupInitialHardwareUserCommandHandler_Execute_SetupUser_ThrowsUserHandlingOperationUnsupportedError_Errors" />
    </UnitTest>
    <UnitTest name="HardwareScanSession_TestStartAnd1Stop" storage="d:\actions-runner\_work\xpco\xpco\corporate\recordingserver\recorderservice\tst\videoos.recorder.unittests\bin\x64\debug\net472\videoos.recorder.unittests.dll" id="1c05d64a-8908-e7fc-26cc-a3403a01b18a">
      <Execution id="9c9b797a-1fb1-498a-8e7d-68a16a869154" />
      <TestMethod codeBase="D:\actions-runner\_work\XPCO\XPCO\Corporate\RecordingServer\RecorderService\tst\VideoOS.Recorder.UnitTests\bin\x64\Debug\net472\VideoOS.Recorder.UnitTests.dll" adapterTypeName="executor://mstestadapter/v2" className="VideoOS.Recorder.UnitTests.DeviceDiscovery.HardwareScanSessionTests" name="HardwareScanSession_TestStartAnd1Stop" />
    </UnitTest>
    <UnitTest name="ConfigureNotRecordingCamera" storage="d:\actions-runner\_work\xpco\xpco\corporate\recordingserver\recorderservice\tst\videoos.recorder.unittests\bin\x64\debug\net472\videoos.recorder.unittests.dll" id="8478dbe5-82ae-a5cf-14ed-dca0323d32ee">
      <TestCategory>
        <TestCategoryItem TestCategory="ObjectModel.Device.RelatedDeviceHandler" />
      </TestCategory>
      <Execution id="04c9a784-ef94-4eb8-93a6-7ffa752e7c59" />
      <TestMethod codeBase="D:\actions-runner\_work\XPCO\XPCO\Corporate\RecordingServer\RecorderService\tst\VideoOS.Recorder.UnitTests\bin\x64\Debug\net472\VideoOS.Recorder.UnitTests.dll" adapterTypeName="executor://mstestadapter/v2" className="VideoOS.Recorder.UnitTests.ObjectModel.RelatedDeviceHandlerTest" name="ConfigureNotRecordingCamera" />
    </UnitTest>
    <UnitTest name="ReadMessageHeaders_Soap_HeadersTooLarge" storage="d:\actions-runner\_work\xpco\xpco\corporate\recordingserver\recorderservice\tst\videoos.recorder.unittests\bin\x64\debug\net472\videoos.recorder.unittests.dll" id="76dc2cc6-5426-5f99-0da4-08390eec12d2">
      <Execution id="85559e94-e3e3-427a-b2ce-29afb29fbe93" />
      <TestMethod codeBase="D:\actions-runner\_work\XPCO\XPCO\Corporate\RecordingServer\RecorderService\tst\VideoOS.Recorder.UnitTests\bin\x64\Debug\net472\VideoOS.Recorder.UnitTests.dll" adapterTypeName="executor://mstestadapter/v2" className="VideoOS.Recorder.UnitTests.WebServer.WebRequestReaderUnitTests" name="ReadMessageHeaders_Soap_HeadersTooLarge" />
    </UnitTest>
    <UnitTest name="MoveNextExecutesInParallel" storage="d:\actions-runner\_work\xpco\xpco\corporate\recordingserver\recorderservice\tst\videoos.recorder.unittests\bin\x64\debug\net472\videoos.recorder.unittests.dll" id="ab75869c-3ec1-34f0-fa1b-a30b4357f2e7">
      <Execution id="f50dfe62-2db5-4623-9963-23cab19a96cb" />
      <TestMethod codeBase="D:\actions-runner\_work\XPCO\XPCO\Corporate\RecordingServer\RecorderService\tst\VideoOS.Recorder.UnitTests\bin\x64\Debug\net472\VideoOS.Recorder.UnitTests.dll" adapterTypeName="executor://mstestadapter/v2" className="VideoOS.Recorder.UnitTests.Utility.DeferredEnumerableTests" name="MoveNextExecutesInParallel" />
    </UnitTest>
    <UnitTest name="MediaDbCache_GetDiskUsageInformationBank_Path_Null_ArgumentNullException" storage="d:\actions-runner\_work\xpco\xpco\corporate\recordingserver\recorderservice\tst\videoos.recorder.unittests\bin\x64\debug\net472\videoos.recorder.unittests.dll" id="39580f40-0bef-81f8-7235-89ab12e8c444">
      <Execution id="7135c8a2-a615-49b7-8490-8497f6f010a5" />
      <TestMethod codeBase="D:\actions-runner\_work\XPCO\XPCO\Corporate\RecordingServer\RecorderService\tst\VideoOS.Recorder.UnitTests\bin\x64\Debug\net472\VideoOS.Recorder.UnitTests.dll" adapterTypeName="executor://mstestadapter/v2" className="VideoOS.Recorder.UnitTests.Database.MediaDbCacheUnitTests" name="MediaDbCache_GetDiskUsageInformationBank_Path_Null_ArgumentNullException" />
    </UnitTest>
    <UnitTest name="EvidenceLockOnOldRecorderCommandHandler_SetEvidenceLocksNotCalled_FailResponse" storage="d:\actions-runner\_work\xpco\xpco\corporate\recordingserver\recorderservice\tst\videoos.recorder.unittests\bin\x64\debug\net472\videoos.recorder.unittests.dll" id="7186eb48-8593-669a-2e90-533ebdbf42c5">
      <Execution id="38bb6503-4606-47d3-8070-dbf675d2489f" />
      <TestMethod codeBase="D:\actions-runner\_work\XPCO\XPCO\Corporate\RecordingServer\RecorderService\tst\VideoOS.Recorder.UnitTests\bin\x64\Debug\net472\VideoOS.Recorder.UnitTests.dll" adapterTypeName="executor://mstestadapter/v2" className="VideoOS.Recorder.UnitTests.Command.EvidenceLockOnOldRecorderCommandHandlerTests" name="EvidenceLockOnOldRecorderCommandHandler_SetEvidenceLocksNotCalled_FailResponse" />
    </UnitTest>
    <UnitTest name="PtzReserveSessionCommandHandler_Execute_PtzException_PtzRequestPriorityTooLow" storage="d:\actions-runner\_work\xpco\xpco\corporate\recordingserver\recorderservice\tst\videoos.recorder.unittests\bin\x64\debug\net472\videoos.recorder.unittests.dll" id="dacd281d-fa32-6a36-196f-63f03beed3cf">
      <Execution id="504cb4b1-1cfe-4bef-822d-809a4d0be48a" />
      <TestMethod codeBase="D:\actions-runner\_work\XPCO\XPCO\Corporate\RecordingServer\RecorderService\tst\VideoOS.Recorder.UnitTests\bin\x64\Debug\net472\VideoOS.Recorder.UnitTests.dll" adapterTypeName="executor://mstestadapter/v2" className="VideoOS.Recorder.UnitTests.Command.PtzReserveSessionCommandHandlerTest" name="PtzReserveSessionCommandHandler_Execute_PtzException_PtzRequestPriorityTooLow" />
    </UnitTest>
  </TestDefinitions>
  <TestEntries>
    <TestEntry testId="0310679b-97d1-3985-df48-7100e36612f8" executionId="7a8ed2c6-2347-4e18-8638-03ae3517b7dd" testListId="8c84fa94-04c1-424b-9868-57a2d4851a1d" />
    <TestEntry testId="a8dba998-c070-d486-4557-5b506a41a400" executionId="b1c81dc1-5f19-47c0-a934-b77dd044e77f" testListId="8c84fa94-04c1-424b-9868-57a2d4851a1d" />
    <TestEntry testId="b1e99fad-9712-752b-8a64-8111d141c044" executionId="ded4f135-7b15-4b49-a37b-ee62ca997032" testListId="8c84fa94-04c1-424b-9868-57a2d4851a1d" />
    <TestEntry testId="7ba891e1-f5eb-63d5-7af3-2ab067b2d9d6" executionId="715cd084-072b-4a59-a8f9-d923104f5074" testListId="8c84fa94-04c1-424b-9868-57a2d4851a1d" />
    <TestEntry testId="cdb445e5-ab59-b045-c3a9-f1d286cd8378" executionId="dd55c10e-e3d6-4e60-b81f-d62556ff7b4a" testListId="8c84fa94-04c1-424b-9868-57a2d4851a1d" />
    <TestEntry testId="cae8c1d1-a0d0-db92-4110-9d76790ccba1" executionId="702ee731-87dc-4c83-bfd3-ddbbc047baed" testListId="8c84fa94-04c1-424b-9868-57a2d4851a1d" />
    <TestEntry testId="1c7b6330-6152-d71c-47ca-924e0fc45bef" executionId="0203aabe-ecfc-447e-8b86-50563a81c54a" testListId="8c84fa94-04c1-424b-9868-57a2d4851a1d" />
    <TestEntry testId="950083e0-5b85-a336-781d-51aea309931a" executionId="1d39c7fb-d985-41a7-9d4f-8c21a1645990" testListId="8c84fa94-04c1-424b-9868-57a2d4851a1d" />
    <TestEntry testId="ad601ddf-dc98-e045-4ff8-ebd544618780" executionId="c2588d0a-1f27-4c18-938d-88df8b8f6a8f" testListId="8c84fa94-04c1-424b-9868-57a2d4851a1d" />
    <TestEntry testId="7bdeb1e0-7261-55ac-818f-aa363b294229" executionId="a150e9d4-fd43-41f9-8ed0-438600dd99ed" testListId="8c84fa94-04c1-424b-9868-57a2d4851a1d" />
    <TestEntry testId="91e99c22-18c5-1f77-6ea4-73a281b24478" executionId="d74816ff-f395-413b-8fdb-1f6cdb3e1da4" testListId="8c84fa94-04c1-424b-9868-57a2d4851a1d" />
    <TestEntry testId="ee4cd58e-8c19-0252-2f35-6808dd995c79" executionId="f15f21df-faf0-44ee-a8d3-403cfd2471df" testListId="8c84fa94-04c1-424b-9868-57a2d4851a1d" />
    <TestEntry testId="78749a40-6b98-b6dc-54de-2728268826cc" executionId="69041bbd-a945-4b03-995c-44832450a964" testListId="8c84fa94-04c1-424b-9868-57a2d4851a1d" />
    <TestEntry testId="2af9ef9c-9649-cbbf-8f5c-39f4b3056be4" executionId="62b876b6-339f-4010-943a-c7ac4c238336" testListId="8c84fa94-04c1-424b-9868-57a2d4851a1d" />
    <TestEntry testId="a1776dc1-f5b3-b5d1-57c5-7db2cdbddfaf" executionId="ee5106ad-7976-4610-94cd-51e71b005f9e" testListId="8c84fa94-04c1-424b-9868-57a2d4851a1d" />
    <TestEntry testId="4fe2e139-68fb-bfd9-5717-72ea3bda9da0" executionId="122df17a-55ef-45b9-848d-0f0721088abe" testListId="8c84fa94-04c1-424b-9868-57a2d4851a1d" />
    <TestEntry testId="644a4da9-2c44-507c-8737-52c2ef8b7566" executionId="334c50af-9993-44b3-ac42-0149acba8cd4" testListId="8c84fa94-04c1-424b-9868-57a2d4851a1d" />
    <TestEntry testId="a5923c92-92b0-3589-1ffd-8d5625e8f7c8" executionId="bbf320ec-5e23-41eb-ab8b-cbc6d6f397eb" testListId="8c84fa94-04c1-424b-9868-57a2d4851a1d" />
    <TestEntry testId="3714ded7-c269-e338-b793-f93faddd2b7c" executionId="a513f1aa-742d-46eb-8498-03c8f2779bae" testListId="8c84fa94-04c1-424b-9868-57a2d4851a1d" />
    <TestEntry testId="47f76e92-fc6c-f7c0-c870-9743a5a037d3" executionId="8ab5dc28-cd45-4772-8304-995ae26bfbeb" testListId="8c84fa94-04c1-424b-9868-57a2d4851a1d" />
    <TestEntry testId="1ba2ccec-c45f-8687-a151-4bdd1def69bc" executionId="45076777-8456-4306-afc6-913078554a19" testListId="8c84fa94-04c1-424b-9868-57a2d4851a1d" />
    <TestEntry testId="7ffdf863-547e-af5e-1006-f11cf1deb01d" executionId="a4bc4a39-8def-43cb-b033-52bb4bcb94f8" testListId="8c84fa94-04c1-424b-9868-57a2d4851a1d" />
    <TestEntry testId="940748a7-bb76-f111-5184-b99a90027494" executionId="44ceb003-df6e-4693-b3f2-16162239cb48" testListId="8c84fa94-04c1-424b-9868-57a2d4851a1d" />
    <TestEntry testId="4821854b-98d2-c5d1-adfd-f798142d808d" executionId="f8848980-77f0-4358-ab17-343cff794ec5" testListId="8c84fa94-04c1-424b-9868-57a2d4851a1d" />
    <TestEntry testId="99715795-fe07-63f7-96e6-b7d70cc585d2" executionId="d4c07595-10e8-4e88-b78f-b7fcbcebd002" testListId="8c84fa94-04c1-424b-9868-57a2d4851a1d" />
    <TestEntry testId="5452fb0d-baa3-2633-b1f5-73b1c7fb2b59" executionId="e890def4-6de3-4778-9c36-88e7ab7f583a" testListId="8c84fa94-04c1-424b-9868-57a2d4851a1d" />
    <TestEntry testId="b45094a2-1a27-9c40-2145-2594e3d53bf7" executionId="b7bf7b48-e861-4b3d-9aeb-86c9af821539" testListId="8c84fa94-04c1-424b-9868-57a2d4851a1d" />
    <TestEntry testId="c4df3de5-f8fd-2494-5f7d-fc0b843fc0ca" executionId="3493c452-8d31-4a81-9163-b3c1b06f4694" testListId="8c84fa94-04c1-424b-9868-57a2d4851a1d" />
    <TestEntry testId="68ec20e4-a52b-416a-af79-b921d11ca318" executionId="bb508658-4c44-4d07-ba9b-2fa31ed79806" testListId="8c84fa94-04c1-424b-9868-57a2d4851a1d" />
    <TestEntry testId="d340d675-637b-e4f2-8693-174aad068536" executionId="4454b877-c405-4bc9-bed5-65357132c4f2" testListId="8c84fa94-04c1-424b-9868-57a2d4851a1d" />
    <TestEntry testId="c6d95831-9453-6384-26f9-4e0968c83fbf" executionId="12bcba77-7e48-46b4-8f81-451e3eb5d26f" testListId="8c84fa94-04c1-424b-9868-57a2d4851a1d" />
    <TestEntry testId="6d362d99-5767-d5fe-b451-043dbe90ec01" executionId="755d0482-7da6-4ba0-ad19-13e2b0a13217" testListId="8c84fa94-04c1-424b-9868-57a2d4851a1d" />
    <TestEntry testId="ff6df7b0-23d8-0454-b1e5-5d8debd02a40" executionId="375a18fa-51d3-4e67-8a41-bc2cd68c8288" testListId="8c84fa94-04c1-424b-9868-57a2d4851a1d" />
    <TestEntry testId="c14b9dfb-90db-75bb-6d49-a17a5def646b" executionId="e46b4a77-2207-4e99-b084-ca738216f12e" testListId="8c84fa94-04c1-424b-9868-57a2d4851a1d" />
    <TestEntry testId="bae4bf30-d54e-365b-115e-dae023a4a64c" executionId="ff61af08-0704-43cb-806b-ef8607f30bd3" testListId="8c84fa94-04c1-424b-9868-57a2d4851a1d" />
    <TestEntry testId="224d503b-b9e4-dbf2-1ef6-b28e2657c9e9" executionId="0cf595ae-6740-4df4-8e6b-a9cc035bf83f" testListId="8c84fa94-04c1-424b-9868-57a2d4851a1d" />
    <TestEntry testId="da5ac089-d6b1-ac16-b168-df80354fb9b1" executionId="c7e0a996-4f14-4c1c-aae4-0cbe0f883aab" testListId="8c84fa94-04c1-424b-9868-57a2d4851a1d" />
    <TestEntry testId="f74556d0-5411-c6c3-6583-91ccf0b8d5b8" executionId="baa3fae0-6e1b-4788-ad78-edfa7d9eb780" testListId="8c84fa94-04c1-424b-9868-57a2d4851a1d" />
    <TestEntry testId="9068db29-17b2-595d-773e-3b64e5b1b90a" executionId="008d5ade-a2bc-4d6a-a9ab-4afd7d091905" testListId="8c84fa94-04c1-424b-9868-57a2d4851a1d" />
    <TestEntry testId="5a7b28aa-274c-83de-849a-46605f2be5a8" executionId="2592a472-e742-4a93-a65b-1438cf62ac72" testListId="8c84fa94-04c1-424b-9868-57a2d4851a1d" />
    <TestEntry testId="8af5dfa4-e1b3-e2c1-2223-e9c384460b66" executionId="d1c30ab1-4fc8-4581-8b23-4fdd65e9802e" testListId="8c84fa94-04c1-424b-9868-57a2d4851a1d" />
    <TestEntry testId="9c4407fe-179e-266d-a653-867b9bfb8713" executionId="c2044414-2a77-47e7-90bb-db1b5e304d43" testListId="8c84fa94-04c1-424b-9868-57a2d4851a1d" />
    <TestEntry testId="315e97d1-1330-f212-eec9-b5651f1f7e0f" executionId="ea66c377-bf33-4411-9097-d8ecd7ce333b" testListId="8c84fa94-04c1-424b-9868-57a2d4851a1d" />
    <TestEntry testId="839827ff-4a27-06ff-ccdf-958e7d26c314" executionId="c9c09bca-c16a-4445-9f9a-873d48239ec4" testListId="8c84fa94-04c1-424b-9868-57a2d4851a1d" />
    <TestEntry testId="c4f78332-ee10-3e76-8589-3ced1b5be738" executionId="9d26f14a-b423-439a-83d2-ff4efd273d33" testListId="8c84fa94-04c1-424b-9868-57a2d4851a1d" />
    <TestEntry testId="3aedff16-e8c8-2c6b-b464-8bea77ab2e19" executionId="9e5e1b38-b829-433f-bb71-5f30c7bb4885" testListId="8c84fa94-04c1-424b-9868-57a2d4851a1d" />
    <TestEntry testId="ab75869c-3ec1-34f0-fa1b-a30b4357f2e7" executionId="f50dfe62-2db5-4623-9963-23cab19a96cb" testListId="8c84fa94-04c1-424b-9868-57a2d4851a1d" />
    <TestEntry testId="37195dfb-de58-20de-ec3b-ddd0fb7f8eae" executionId="ce2873b1-41af-4b8c-85d1-f532e884e1d1" testListId="8c84fa94-04c1-424b-9868-57a2d4851a1d" />
    <TestEntry testId="d1cc441b-d295-0bb6-ca4a-0a7911e4ddab" executionId="2cbc5f06-dc94-430a-b2d4-c095465dfbad" testListId="8c84fa94-04c1-424b-9868-57a2d4851a1d" />
    <TestEntry testId="5486909e-82f0-43bd-9354-a32cb8d28664" executionId="20f59c53-fa0c-41c3-bda3-92954c721459" testListId="8c84fa94-04c1-424b-9868-57a2d4851a1d" />
    <TestEntry testId="f37382f8-c573-8898-56df-bcf6c3fbc9be" executionId="f4dcd049-7c28-474e-b560-ebbc59122f1f" testListId="8c84fa94-04c1-424b-9868-57a2d4851a1d" />
    <TestEntry testId="e43a90f4-de92-83c8-763d-039a5712ec18" executionId="fedc06d8-4c31-4cc8-a251-97239ee14655" testListId="8c84fa94-04c1-424b-9868-57a2d4851a1d" />
    <TestEntry testId="906e773e-aa31-137e-96c8-c0ec32561d84" executionId="0ae8bbdc-b3ee-4f59-9252-c5a5e2671e3a" testListId="8c84fa94-04c1-424b-9868-57a2d4851a1d" />
    <TestEntry testId="49e5e949-0b9c-2183-02c5-2dbb07d4851a" executionId="5bb17890-87b9-4be7-80f7-0471ed8b6d62" testListId="8c84fa94-04c1-424b-9868-57a2d4851a1d" />
    <TestEntry testId="0d57a34c-837c-d126-8ff0-b27247b414be" executionId="2623726a-cb8f-480f-b6bf-414cc1435b41" testListId="8c84fa94-04c1-424b-9868-57a2d4851a1d" />
    <TestEntry testId="3c8a9a60-93f1-eaa0-ce5d-01d33a5469b1" executionId="7bcbba1b-16c6-41a9-a66b-066c051f06c7" testListId="8c84fa94-04c1-424b-9868-57a2d4851a1d" />
    <TestEntry testId="f00a593d-e744-223c-d3b7-b9b8532b294d" executionId="c7a1d44a-34a8-4e44-b898-515550530cac" testListId="8c84fa94-04c1-424b-9868-57a2d4851a1d" />
    <TestEntry testId="141af022-ae5a-b351-b538-6c8ea661e39b" executionId="0df08927-a826-4e5a-8c7b-d589380f6ce4" testListId="8c84fa94-04c1-424b-9868-57a2d4851a1d" />
    <TestEntry testId="9da080b9-513b-368f-a550-e3016b79c97e" executionId="a1e618e9-e4cd-4c1f-8bab-7fae4486a48c" testListId="8c84fa94-04c1-424b-9868-57a2d4851a1d" />
    <TestEntry testId="574bdbf5-993a-f8a9-1f26-6120b176cc3a" executionId="feff329a-27ea-4d67-94ee-8480f602a926" testListId="8c84fa94-04c1-424b-9868-57a2d4851a1d" />
    <TestEntry testId="70547f77-458a-63de-9062-b70bfff6226b" executionId="7addc0be-73fe-4783-8469-6cbb7b69a752" testListId="8c84fa94-04c1-424b-9868-57a2d4851a1d" />
    <TestEntry testId="ee0be459-ac9f-d6d9-f9b3-c3e18f59a4c0" executionId="afd5acf0-bf9e-49dc-b53e-2349cd406fe4" testListId="8c84fa94-04c1-424b-9868-57a2d4851a1d" />
    <TestEntry testId="63251417-cab3-d7f1-951d-ff52e5bf847e" executionId="7dd9a929-35eb-47ac-a96e-58ff07b4cebf" testListId="8c84fa94-04c1-424b-9868-57a2d4851a1d" />
    <TestEntry testId="aeb82383-8a39-2cc9-fc7d-52bd6f0ee698" executionId="d1cf2680-e65e-466f-8174-e1e4001c9dfb" testListId="8c84fa94-04c1-424b-9868-57a2d4851a1d" />
    <TestEntry testId="35742c37-1efd-f75e-f896-f0b8fc5d7bd8" executionId="3d19f46f-62ab-4e6a-9288-f7b3124512cb" testListId="8c84fa94-04c1-424b-9868-57a2d4851a1d" />
    <TestEntry testId="02c8f3cc-8046-8730-f8ed-14529577afcb" executionId="d9e8ae91-71ae-4e37-88a5-62e8ccfbeb00" testListId="8c84fa94-04c1-424b-9868-57a2d4851a1d" />
    <TestEntry testId="65799c34-732d-1a33-c654-588279eeaf65" executionId="4dd17d0f-6c8c-4df4-a040-39a2e1af0888" testListId="8c84fa94-04c1-424b-9868-57a2d4851a1d" />
    <TestEntry testId="d3136d91-086c-86af-9861-25ad773594f3" executionId="5a5f2b8a-bff6-46de-8846-c9a2a35fc5ea" testListId="8c84fa94-04c1-424b-9868-57a2d4851a1d" />
    <TestEntry testId="6a47e138-e897-5787-700a-4a389ec1ca1e" executionId="a47cdb3c-3118-4dba-b7e0-d86a615c13cf" testListId="8c84fa94-04c1-424b-9868-57a2d4851a1d" />
    <TestEntry testId="8ef7a167-17f3-011f-c576-97727b4fc446" executionId="1b81b37c-8b74-4eec-801f-cbb1077823ff" testListId="8c84fa94-04c1-424b-9868-57a2d4851a1d" />
    <TestEntry testId="1fbd2580-d20c-54ad-ccea-04c9b179dee0" executionId="8da7c1ad-b46a-452c-beae-cc80a3aad3f6" testListId="8c84fa94-04c1-424b-9868-57a2d4851a1d" />
    <TestEntry testId="202800c0-a2a0-3d8f-dbc4-2ccb0ac1db31" executionId="a2d0f3e4-1fc1-441f-8be3-72407063d501" testListId="8c84fa94-04c1-424b-9868-57a2d4851a1d" />
    <TestEntry testId="d4463260-252b-27d4-35a7-818d974df9f7" executionId="595dfabe-2cda-4e75-a584-9edd0d7fa69f" testListId="8c84fa94-04c1-424b-9868-57a2d4851a1d" />
    <TestEntry testId="2a156436-35d1-3599-981c-313b8e0207be" executionId="ce225338-21a7-48ac-a0f0-3c1574e4b645" testListId="8c84fa94-04c1-424b-9868-57a2d4851a1d" />
    <TestEntry testId="260e5a70-a7b4-7e90-7ec0-9c5a4b346b5e" executionId="34738f52-3706-46cb-b67e-9628710620ec" testListId="8c84fa94-04c1-424b-9868-57a2d4851a1d" />
    <TestEntry testId="4821e241-63ac-6b84-73a3-ef60d233c640" executionId="8b374d84-9101-4b3c-a01a-972a1850938e" testListId="8c84fa94-04c1-424b-9868-57a2d4851a1d" />
    <TestEntry testId="37f7dc44-733a-9d3c-28de-fbd465ea6cac" executionId="c8eb50dc-e06b-4e69-bf6c-4959b2c519a2" testListId="8c84fa94-04c1-424b-9868-57a2d4851a1d" />
    <TestEntry testId="08b7391b-997e-9b4d-ebe6-f9918957b946" executionId="5ef50e2b-cb94-473a-b204-dd6d5e1471fb" testListId="8c84fa94-04c1-424b-9868-57a2d4851a1d" />
    <TestEntry testId="7b72f010-1578-dd3e-0e81-7b0f265569ad" executionId="155978bf-c116-41e9-bd2d-c3f66d87d626" testListId="8c84fa94-04c1-424b-9868-57a2d4851a1d" />
    <TestEntry testId="c8f6e89b-79d5-8532-b2cb-68fd0bda94cc" executionId="4b1fe5af-b8a9-4f19-82e1-49b7af161fe3" testListId="8c84fa94-04c1-424b-9868-57a2d4851a1d" />
    <TestEntry testId="59bab25e-f58e-5bec-50ff-1b14d176b0f7" executionId="76c5d948-1110-4c86-aebb-07f5e8f41460" testListId="8c84fa94-04c1-424b-9868-57a2d4851a1d" />
    <TestEntry testId="6383d062-2257-001d-5c0b-9ab1d5dea930" executionId="f69a5f11-f3f3-4aa2-8a3d-d6eccbacd40e" testListId="8c84fa94-04c1-424b-9868-57a2d4851a1d" />
    <TestEntry testId="aa2a2537-acc7-fac0-bb1e-d193ab189c0c" executionId="1e4d1f7a-8347-4030-b5fc-500b0dee6a52" testListId="8c84fa94-04c1-424b-9868-57a2d4851a1d" />
    <TestEntry testId="5ae442bb-f5c7-72e4-8da6-14434c62f47b" executionId="0f5e4c52-0304-4a90-8764-7d88a2816abc" testListId="8c84fa94-04c1-424b-9868-57a2d4851a1d" />
    <TestEntry testId="853dc122-c8bc-62c4-644e-6c66fe778993" executionId="3c2c6098-76f3-42b5-b05c-a4efe762fc5b" testListId="8c84fa94-04c1-424b-9868-57a2d4851a1d" />
    <TestEntry testId="d145e104-c896-8096-9b86-5654a16871b5" executionId="e532e2cd-79de-460c-b282-40d900c08599" testListId="8c84fa94-04c1-424b-9868-57a2d4851a1d" />
    <TestEntry testId="b097ba6d-853b-78ea-de8a-ac3f06f44756" executionId="bf86ac73-c2be-409d-8c67-78be464ac208" testListId="8c84fa94-04c1-424b-9868-57a2d4851a1d" />
    <TestEntry testId="3185fb68-e0b6-bae2-e639-e744f750e0da" executionId="2370fb2f-4d27-431b-99d4-50ef5fa4acde" testListId="8c84fa94-04c1-424b-9868-57a2d4851a1d" />
    <TestEntry testId="e26a4203-5001-22a5-7812-e9bd56c9227f" executionId="6f5e39c9-79fa-44a8-9cdf-817d320688df" testListId="8c84fa94-04c1-424b-9868-57a2d4851a1d" />
    <TestEntry testId="db377e53-1a39-0696-a7d9-ae0a159833b8" executionId="b559670e-d8b9-473c-af2d-2ab12b011c69" testListId="8c84fa94-04c1-424b-9868-57a2d4851a1d" />
    <TestEntry testId="996aca1a-e8f5-5f14-2be0-84e55ef4e3cd" executionId="01d88eaf-97f1-4f75-8b17-8f1598e24dc4" testListId="8c84fa94-04c1-424b-9868-57a2d4851a1d" />
    <TestEntry testId="da5205b9-0f99-3af5-fac3-d0934e4115a7" executionId="1f7d3228-e413-4dec-9dc3-c3cd240ffcb1" testListId="8c84fa94-04c1-424b-9868-57a2d4851a1d" />
    <TestEntry testId="6a9298a7-5660-7e18-7315-5b9cdc4d96b2" executionId="335627ca-94f8-4ed0-8b40-9b8de9cff6ed" testListId="8c84fa94-04c1-424b-9868-57a2d4851a1d" />
    <TestEntry testId="cc256b6e-e64d-2ded-8470-461578180b1a" executionId="cbbb98bc-5437-4f0f-a4a7-3f852457d0d6" testListId="8c84fa94-04c1-424b-9868-57a2d4851a1d" />
    <TestEntry testId="3297e64a-96d1-e7c5-1500-1d70047b24a0" executionId="8571c27a-83e8-465b-bbb1-d4b1adcd7e77" testListId="8c84fa94-04c1-424b-9868-57a2d4851a1d" />
    <TestEntry testId="d9660f72-4df1-d187-5c48-111d1ab2a818" executionId="812eb191-5580-4725-b29f-30da6a46fecd" testListId="8c84fa94-04c1-424b-9868-57a2d4851a1d" />
    <TestEntry testId="e358a3c2-d48a-21f5-ddbb-de9b4994f1b9" executionId="f8564f14-45d5-4874-bf42-38c708c767a6" testListId="8c84fa94-04c1-424b-9868-57a2d4851a1d" />
    <TestEntry testId="6e0f935c-61c9-80c2-e2bf-e72234ee7c74" executionId="29163830-7322-43d8-ac6e-382272f396a5" testListId="8c84fa94-04c1-424b-9868-57a2d4851a1d" />
    <TestEntry testId="37723956-86e6-61c6-7a9b-c8c4a514efc9" executionId="cc7b2d8f-95bc-439b-ae7a-2378daa32c17" testListId="8c84fa94-04c1-424b-9868-57a2d4851a1d" />
    <TestEntry testId="2c393128-1d31-941d-fd39-4346e6775750" executionId="9074a8c1-2150-4f37-8689-19e9f5c3788c" testListId="8c84fa94-04c1-424b-9868-57a2d4851a1d" />
    <TestEntry testId="45a4f1a6-2ce2-e56e-6836-f273a0af1ca2" executionId="c58f6d28-d147-4e62-8328-e4fd8b7ded67" testListId="8c84fa94-04c1-424b-9868-57a2d4851a1d" />
    <TestEntry testId="48b4ba01-4353-a8ab-80b5-1fac51b080f4" executionId="90c48316-f20d-4763-95d7-dd7e0a0c35c7" testListId="8c84fa94-04c1-424b-9868-57a2d4851a1d" />
    <TestEntry testId="fe3c3c93-891e-af05-d4d9-8e72bf2f8f73" executionId="2fdbc665-fe54-4807-b4c1-6dc795c345f9" testListId="8c84fa94-04c1-424b-9868-57a2d4851a1d" />
    <TestEntry testId="c9ae505c-954a-a3d7-0ea8-010490b7d8f7" executionId="7566b988-61f4-45e9-b609-fbddff3900f4" testListId="8c84fa94-04c1-424b-9868-57a2d4851a1d" />
    <TestEntry testId="14909b23-ea85-673c-9740-06a78103c898" executionId="b1ac5d2b-91b0-4c2a-a583-d08c501aad84" testListId="8c84fa94-04c1-424b-9868-57a2d4851a1d" />
    <TestEntry testId="224b8295-b978-2161-ab00-7a8a1c4ac760" executionId="1c344037-3b6e-40fd-99b5-f315c3773261" testListId="8c84fa94-04c1-424b-9868-57a2d4851a1d" />
    <TestEntry testId="e9d00f7c-f554-d861-613e-abcdc5284ee5" executionId="05c39fde-66dc-4666-a731-a4c65b4b4c0a" testListId="8c84fa94-04c1-424b-9868-57a2d4851a1d" />
    <TestEntry testId="fdcce838-d7d2-f8af-e608-91b54f5cd1aa" executionId="0389dd05-c4c2-4ca9-b0e0-7a980ec87fba" testListId="8c84fa94-04c1-424b-9868-57a2d4851a1d" />
    <TestEntry testId="6fcf6796-bbd1-5878-d43c-f3a5449b7297" executionId="7a50a4e1-2af1-4849-bc41-1cfc764d87b4" testListId="8c84fa94-04c1-424b-9868-57a2d4851a1d" />
    <TestEntry testId="b044120d-41b9-7ebe-4823-a30189c35ed3" executionId="a744e9d1-6107-4b7e-9a19-558766f3b043" testListId="8c84fa94-04c1-424b-9868-57a2d4851a1d" />
    <TestEntry testId="52c2a54e-6f69-1de0-071f-9a3eb76d2bd6" executionId="d489d643-cf2b-4759-af94-60c46a3523c6" testListId="8c84fa94-04c1-424b-9868-57a2d4851a1d" />
    <TestEntry testId="4ab85330-3715-6760-6b66-c97c2904e0fb" executionId="f177882a-d2c7-46ef-8770-aef2741c41cd" testListId="8c84fa94-04c1-424b-9868-57a2d4851a1d" />
    <TestEntry testId="cd765419-3042-e952-affd-c5b3ad771e2f" executionId="f232935b-fc1d-4dbb-a8c4-9c197e7913ba" testListId="8c84fa94-04c1-424b-9868-57a2d4851a1d" />
    <TestEntry testId="a24521ed-430f-a4e4-99ec-425a3168caea" executionId="6d29aa23-5a8f-4b0c-b18f-28976590ac80" testListId="8c84fa94-04c1-424b-9868-57a2d4851a1d" />
    <TestEntry testId="160fa9b6-e0e0-b68c-5f8a-83668432548f" executionId="9151e462-883b-49c0-bb6b-e9ec8e65f975" testListId="8c84fa94-04c1-424b-9868-57a2d4851a1d" />
    <TestEntry testId="5fdbc1fd-a841-1dde-9f6d-f82cd22344bc" executionId="eeaec162-1f1b-4dad-9eda-c5dc640fb8f0" testListId="8c84fa94-04c1-424b-9868-57a2d4851a1d" />
    <TestEntry testId="34d6c2ba-7066-1f87-cafb-c22794b8fcae" executionId="68e676c5-c589-43c5-85fa-fbcfcc659c6c" testListId="8c84fa94-04c1-424b-9868-57a2d4851a1d" />
    <TestEntry testId="af2d9538-16b8-319e-83bc-b6238cfb1564" executionId="92860a48-4baa-416e-b034-a2c57d6c2d99" testListId="8c84fa94-04c1-424b-9868-57a2d4851a1d" />
    <TestEntry testId="a9e1dd14-fe51-f317-1164-bb8a44f4e9b4" executionId="cc33a2a0-397d-4110-b120-aa69ff2ee334" testListId="8c84fa94-04c1-424b-9868-57a2d4851a1d" />
    <TestEntry testId="b8fe7c92-8c17-e5ef-3b8a-907bb082536b" executionId="c69f7bc3-9e58-432a-bcf3-6aabc193c992" testListId="8c84fa94-04c1-424b-9868-57a2d4851a1d" />
    <TestEntry testId="f168c7b5-70cd-8d86-0477-39fce3d87509" executionId="3f133b10-992e-404e-a9a6-06d70e58a655" testListId="8c84fa94-04c1-424b-9868-57a2d4851a1d" />
    <TestEntry testId="7a2b4445-6550-2bc9-9a63-77baee7c363a" executionId="c50f4cb4-7d93-4c19-9d86-09defdbc0317" testListId="8c84fa94-04c1-424b-9868-57a2d4851a1d" />
    <TestEntry testId="9d85024a-ea9e-440c-34f9-b41b5a2ebe56" executionId="105e900b-7a9c-45f1-a438-4457a5b1116b" testListId="8c84fa94-04c1-424b-9868-57a2d4851a1d" />
    <TestEntry testId="e20f75e9-b94a-a7b7-b4a5-b01aab2ffc9e" executionId="d1ad5b71-ef3e-4798-b777-b8541945d322" testListId="8c84fa94-04c1-424b-9868-57a2d4851a1d" />
    <TestEntry testId="12eba2f8-40c7-c6a3-279f-510ff103cd38" executionId="d4cade2b-e433-4d6d-8840-dbec1f595ed4" testListId="8c84fa94-04c1-424b-9868-57a2d4851a1d" />
    <TestEntry testId="51069a4b-333d-4a1a-ed56-b47914a38599" executionId="0b98eccb-ea86-40e7-91a4-d2cda26a0129" testListId="8c84fa94-04c1-424b-9868-57a2d4851a1d" />
    <TestEntry testId="18eb9110-9414-c4d5-5992-2f524497773e" executionId="669872c1-156c-419a-8aed-1c53898e9506" testListId="8c84fa94-04c1-424b-9868-57a2d4851a1d" />
    <TestEntry testId="41585dcc-8c99-3c82-1806-42dfea182e7a" executionId="8b49e859-c5f0-4946-8d7f-0f92a3c374fe" testListId="8c84fa94-04c1-424b-9868-57a2d4851a1d" />
    <TestEntry testId="e958b283-ee01-b682-79fb-ca1ddfb45fc8" executionId="5f319c3e-b6c6-424e-b77e-4542643482c0" testListId="8c84fa94-04c1-424b-9868-57a2d4851a1d" />
    <TestEntry testId="d3a3c4d8-fbcb-7ee8-0479-ab7df60c22c2" executionId="27c93610-5ebb-4741-8b20-3dd084701b78" testListId="8c84fa94-04c1-424b-9868-57a2d4851a1d" />
    <TestEntry testId="9fe1fe9c-cbb3-4f36-d0e4-20d8d6fee849" executionId="632a51bb-1967-432c-af39-d4ca3df87a1a" testListId="8c84fa94-04c1-424b-9868-57a2d4851a1d" />
    <TestEntry testId="fc5d833f-4890-756d-c3f3-69557f01bf61" executionId="0b811f88-990b-41fe-9b37-c93548a5ec77" testListId="8c84fa94-04c1-424b-9868-57a2d4851a1d" />
    <TestEntry testId="3f45c582-7055-c0c3-8a6c-b27ce510730c" executionId="e3f3b380-aca1-46d0-b8cd-a6a509d4dd89" testListId="8c84fa94-04c1-424b-9868-57a2d4851a1d" />
    <TestEntry testId="39f8b12a-040d-3c65-8a53-4fb31ea1ab10" executionId="fac117da-56bb-4963-88ad-92ba3f5e9434" testListId="8c84fa94-04c1-424b-9868-57a2d4851a1d" />
    <TestEntry testId="c57a4b4d-48de-d9b0-c7ad-7ee9d6182b38" executionId="39bed00e-1cba-408e-af7c-995e4a991407" testListId="8c84fa94-04c1-424b-9868-57a2d4851a1d" />
    <TestEntry testId="9cbfbcb0-332e-6532-6b5f-4a3268f1cc19" executionId="22e47d48-c600-4451-9a20-e43e655fc30e" testListId="8c84fa94-04c1-424b-9868-57a2d4851a1d" />
    <TestEntry testId="115bd2f0-1853-8480-252f-37ca6d40c3a6" executionId="8f909995-bb18-4992-8758-53808deb92af" testListId="8c84fa94-04c1-424b-9868-57a2d4851a1d" />
    <TestEntry testId="c4a10832-9a58-deb5-3a21-94cad219c233" executionId="9c80af6b-43e5-4f9e-9328-0428b07b3427" testListId="8c84fa94-04c1-424b-9868-57a2d4851a1d" />
    <TestEntry testId="06f1153d-4313-902a-26b0-c66230e076df" executionId="fb9557aa-f335-4867-a214-c63cfd021dae" testListId="8c84fa94-04c1-424b-9868-57a2d4851a1d" />
    <TestEntry testId="792bb89b-96d1-8463-29e5-370047183190" executionId="78ed09b3-5abb-4236-9be7-8d3b37f7078b" testListId="8c84fa94-04c1-424b-9868-57a2d4851a1d" />
    <TestEntry testId="3ebdfff6-57b7-959a-951a-ffe007e8e4ae" executionId="007d2a1c-62b7-43ea-bbdc-dc5b9a17b82c" testListId="8c84fa94-04c1-424b-9868-57a2d4851a1d" />
    <TestEntry testId="de85ce79-72ac-04bb-172f-715bd684d060" executionId="1dfce814-3ded-4a1d-8ca6-f327d5cd2daf" testListId="8c84fa94-04c1-424b-9868-57a2d4851a1d" />
    <TestEntry testId="b271a3a8-d635-e265-93cc-3f6010f44312" executionId="b38472aa-6809-4bd4-abca-4182491b1a99" testListId="8c84fa94-04c1-424b-9868-57a2d4851a1d" />
    <TestEntry testId="a2238e00-5e9d-7fb8-9fcc-b42a473add09" executionId="ec3a0beb-5dff-4b13-a642-420a077d0df2" testListId="8c84fa94-04c1-424b-9868-57a2d4851a1d" />
    <TestEntry testId="cd242aaa-22da-d717-dda8-cda3a410d13b" executionId="db8bbe4b-2e1c-42c1-8f41-699754062525" testListId="8c84fa94-04c1-424b-9868-57a2d4851a1d" />
    <TestEntry testId="f33e04b6-aea3-7165-10c9-0390aed46af6" executionId="3904232f-2b5f-4637-bf8b-48cb27683607" testListId="8c84fa94-04c1-424b-9868-57a2d4851a1d" />
    <TestEntry testId="9e946e1a-69e1-5173-befa-827104fe6bea" executionId="9d10cd19-a6f9-40e9-938e-c4bc51941b9c" testListId="8c84fa94-04c1-424b-9868-57a2d4851a1d" />
    <TestEntry testId="665b1f0f-1d1c-7042-b714-c16e80b625c9" executionId="963eb135-5fa8-43ef-81ab-e9fd6641b999" testListId="8c84fa94-04c1-424b-9868-57a2d4851a1d" />
    <TestEntry testId="fa371e32-3613-5a96-34d6-955f4e6352f7" executionId="35085083-1941-4ed1-8ef7-da4ccfc42717" testListId="8c84fa94-04c1-424b-9868-57a2d4851a1d" />
    <TestEntry testId="01e4eee8-390a-a03d-6f7a-91218197b87f" executionId="f95ecf47-b7cd-4334-b220-7dc160fb2c7c" testListId="8c84fa94-04c1-424b-9868-57a2d4851a1d" />
    <TestEntry testId="254144ee-130b-94a1-4f9c-a6d6962c065d" executionId="95a9b258-a51f-47ad-9481-2fb27283bc45" testListId="8c84fa94-04c1-424b-9868-57a2d4851a1d" />
    <TestEntry testId="5fcba691-5934-5239-5d8d-0dca3db97c9d" executionId="195c85f0-ccb2-435b-adfc-fd01439d90a1" testListId="8c84fa94-04c1-424b-9868-57a2d4851a1d" />
    <TestEntry testId="696b05c3-3a26-73f0-0bf8-aa5802818586" executionId="f6db1c0b-f06b-4741-ad63-8ab39c5d2dd5" testListId="8c84fa94-04c1-424b-9868-57a2d4851a1d" />
    <TestEntry testId="a82568a0-3ce6-77da-6610-0e44151e4804" executionId="db6bc7e2-6d91-4f4d-b198-4da1d3eedf18" testListId="8c84fa94-04c1-424b-9868-57a2d4851a1d" />
    <TestEntry testId="c25e0d20-e5da-2683-4906-64928b354137" executionId="f35029f0-b47c-46fa-94c9-83dd2baaee28" testListId="8c84fa94-04c1-424b-9868-57a2d4851a1d" />
    <TestEntry testId="3fe64d8e-e699-3d99-4cb6-893ec473e572" executionId="1e3be44d-b59e-40b1-b82a-1777f63e0e5e" testListId="8c84fa94-04c1-424b-9868-57a2d4851a1d" />
    <TestEntry testId="882daa66-33c5-8dc3-1eb4-65400498dc59" executionId="fa96b1d0-5bce-461c-838c-6878f3d432ab" testListId="8c84fa94-04c1-424b-9868-57a2d4851a1d" />
    <TestEntry testId="69670f9b-4769-6673-823a-fd5812fe92fb" executionId="8df227a9-97a8-476d-be97-365e2c35e0b0" testListId="8c84fa94-04c1-424b-9868-57a2d4851a1d" />
    <TestEntry testId="f83f814d-ba50-5844-a3eb-659e9f3f1ce0" executionId="68a6368f-bcac-45a0-94d5-6ce71567ced6" testListId="8c84fa94-04c1-424b-9868-57a2d4851a1d" />
    <TestEntry testId="dbe3aacb-c355-1c1b-31b2-6cbfe9c2ce45" executionId="e7f3c452-d4b1-4b9e-9d33-ce9a5c15c652" testListId="8c84fa94-04c1-424b-9868-57a2d4851a1d" />
    <TestEntry testId="38ff139f-5fa6-f79e-14c3-433d6df82f85" executionId="257f7550-5937-4f80-b864-db6b1786ef35" testListId="8c84fa94-04c1-424b-9868-57a2d4851a1d" />
    <TestEntry testId="79903201-33ba-93b6-3e20-a3403f40778d" executionId="8ea13f73-baa7-4971-8d41-dc85b6834b6d" testListId="8c84fa94-04c1-424b-9868-57a2d4851a1d" />
    <TestEntry testId="837feaec-71be-373c-0f5a-e0b05c8ea6db" executionId="9e1ac30a-03d6-4f7a-9341-ff568ad6b3b3" testListId="8c84fa94-04c1-424b-9868-57a2d4851a1d" />
    <TestEntry testId="8aff4b0c-a4da-b9ed-82cf-c96567a6ad3f" executionId="995f3e2d-941a-4e4d-a23b-2c5981e1c811" testListId="8c84fa94-04c1-424b-9868-57a2d4851a1d" />
    <TestEntry testId="5d479354-ef9f-b001-437f-360ccd002827" executionId="85b9444a-200b-4e25-aa0a-7830c17f8d3f" testListId="8c84fa94-04c1-424b-9868-57a2d4851a1d" />
    <TestEntry testId="ff0e50d2-cbea-a62d-2ef5-bef80ba5a011" executionId="4f9bac62-7832-479b-9268-817071dc22f1" testListId="8c84fa94-04c1-424b-9868-57a2d4851a1d" />
    <TestEntry testId="51aa2f6d-3623-80f3-279f-c704073a9df9" executionId="2248c060-b60e-48da-bb85-64ef7337a6ed" testListId="8c84fa94-04c1-424b-9868-57a2d4851a1d" />
    <TestEntry testId="83766445-a8c7-e226-abda-1f8cd622b1fb" executionId="c5efd602-155b-4695-808f-6dc60c1df8fc" testListId="8c84fa94-04c1-424b-9868-57a2d4851a1d" />
    <TestEntry testId="c25a9952-d580-af92-0886-610e90e83ab5" executionId="e3e594e9-091f-4539-939b-84e48741c56d" testListId="8c84fa94-04c1-424b-9868-57a2d4851a1d" />
    <TestEntry testId="64f54c8f-c43e-bd43-0882-5dd872acabae" executionId="97b326d8-418f-44ce-9cc4-7121a58bf5a9" testListId="8c84fa94-04c1-424b-9868-57a2d4851a1d" />
    <TestEntry testId="0b9bee77-8a71-bfe6-f6b0-2ea6fac8fdab" executionId="27ed30c4-f036-4a71-b5c9-3af34291d450" testListId="8c84fa94-04c1-424b-9868-57a2d4851a1d" />
    <TestEntry testId="f935d6b7-2df1-476a-37a6-b512c480aa3c" executionId="92a5937c-87c6-4da0-a3c7-516793680af7" testListId="8c84fa94-04c1-424b-9868-57a2d4851a1d" />
    <TestEntry testId="ebf78a33-6f43-3b37-ec87-c7c1b6380f9c" executionId="ff94445e-28c3-471a-ac04-c77b862bda1c" testListId="8c84fa94-04c1-424b-9868-57a2d4851a1d" />
    <TestEntry testId="b2b1a9f1-1afb-4029-19a7-703636a3a0b1" executionId="a919a920-0b7a-4d29-b3b3-f0d645c6f1f7" testListId="8c84fa94-04c1-424b-9868-57a2d4851a1d" />
    <TestEntry testId="64f9aa5e-069c-1055-cd19-778854105070" executionId="6314464c-ce26-47ba-bbf7-63192f3fab18" testListId="8c84fa94-04c1-424b-9868-57a2d4851a1d" />
    <TestEntry testId="04194e19-3cb7-e946-ac3d-392497c8bd6f" executionId="013252d7-39ed-441a-b8cc-53305b3b1d31" testListId="8c84fa94-04c1-424b-9868-57a2d4851a1d" />
    <TestEntry testId="ec57e6ad-4a2a-9fd6-a34b-472a41a941f2" executionId="5df799af-de76-42a6-9ccd-01a066473bd2" testListId="8c84fa94-04c1-424b-9868-57a2d4851a1d" />
    <TestEntry testId="3d9c4446-91d0-9255-e7cf-4fef9d3eb85b" executionId="6cec09e8-4800-4b5a-a6ba-ddb438828bb7" testListId="8c84fa94-04c1-424b-9868-57a2d4851a1d" />
    <TestEntry testId="f169f7f2-5376-4022-cc02-e7e57970d2db" executionId="7d7d803d-7ba7-4873-a4eb-dc9afe8edbdb" testListId="8c84fa94-04c1-424b-9868-57a2d4851a1d" />
    <TestEntry testId="fc7c706d-5fa1-656a-c15a-a66e34e1aeda" executionId="fff2d46f-dd20-477a-9b7f-1d8163444ebc" testListId="8c84fa94-04c1-424b-9868-57a2d4851a1d" />
    <TestEntry testId="c48f31d1-d49c-d915-c6b4-205ee053558b" executionId="03e4bad5-9dc7-45cc-aa08-d58578117bf4" testListId="8c84fa94-04c1-424b-9868-57a2d4851a1d" />
    <TestEntry testId="84bd1229-2444-ec40-4670-54c1d3f0f408" executionId="4c7daa23-ec47-485a-8c97-0fc727b1cd0e" testListId="8c84fa94-04c1-424b-9868-57a2d4851a1d" />
    <TestEntry testId="50b4242f-6299-48ea-c80c-41075ec2e8bf" executionId="430cacb0-2609-4fc2-bb90-6e54706464d9" testListId="8c84fa94-04c1-424b-9868-57a2d4851a1d" />
    <TestEntry testId="289210e1-d714-1a06-270d-470232301a4e" executionId="15d37844-23f9-4955-aaf9-21f79889391b" testListId="8c84fa94-04c1-424b-9868-57a2d4851a1d" />
    <TestEntry testId="35681243-c5d4-5cde-895e-fcaef21a02af" executionId="7145dd70-c148-4896-a5c8-4dc49016a308" testListId="8c84fa94-04c1-424b-9868-57a2d4851a1d" />
    <TestEntry testId="83d52e5a-0e5b-0d3b-6b66-ed39b4ae6d97" executionId="68c706d9-6709-4915-9e1c-791fe0061ef1" testListId="8c84fa94-04c1-424b-9868-57a2d4851a1d" />
    <TestEntry testId="0d5a3f22-065f-64f9-dc7f-c36ec84732fa" executionId="5d964a96-a57c-4c36-95cd-f72dafe9b3af" testListId="8c84fa94-04c1-424b-9868-57a2d4851a1d" />
    <TestEntry testId="7901392d-3577-bf93-641d-bc76d8a8a033" executionId="a610ed96-6d3b-4888-a880-804c41fb6a4b" testListId="8c84fa94-04c1-424b-9868-57a2d4851a1d" />
    <TestEntry testId="c5d54e22-fee6-b97e-41b8-d52827f7965f" executionId="feedd16f-8ee9-4d05-8252-670a5b85a050" testListId="8c84fa94-04c1-424b-9868-57a2d4851a1d" />
    <TestEntry testId="76dc2cc6-5426-5f99-0da4-08390eec12d2" executionId="85559e94-e3e3-427a-b2ce-29afb29fbe93" testListId="8c84fa94-04c1-424b-9868-57a2d4851a1d" />
    <TestEntry testId="3e3ab9c7-2e19-0a76-df3b-2f8cef7a74d7" executionId="45c97b14-8480-4587-baab-fd8065fa11d7" testListId="8c84fa94-04c1-424b-9868-57a2d4851a1d" />
    <TestEntry testId="f5856662-c343-fb5f-dbb4-28b8dff69aff" executionId="1ab137db-2480-4394-9c3b-83129b42e883" testListId="8c84fa94-04c1-424b-9868-57a2d4851a1d" />
    <TestEntry testId="c609b5b6-1363-019f-e4a4-055655c23b0f" executionId="7f76b486-65e3-4c2e-992c-2975571e7d06" testListId="8c84fa94-04c1-424b-9868-57a2d4851a1d" />
    <TestEntry testId="806abd20-3c06-737b-da82-40fdab6a592c" executionId="98f0f8ad-bf80-49f7-a1af-6d10b3b17292" testListId="8c84fa94-04c1-424b-9868-57a2d4851a1d" />
    <TestEntry testId="42f63e76-dc14-8542-530c-0174d7a756d0" executionId="c5031172-26de-4696-af30-21ff0dd5d57d" testListId="8c84fa94-04c1-424b-9868-57a2d4851a1d" />
    <TestEntry testId="36219f46-19c5-2d92-654e-c7df2649854b" executionId="33c66a2a-c064-41e5-9abc-f48fc1f6aa10" testListId="8c84fa94-04c1-424b-9868-57a2d4851a1d" />
    <TestEntry testId="a9e58e7f-7a7f-5425-834a-d183b2ff7faf" executionId="d6af087c-111e-4a0a-afce-f9d677a5257b" testListId="8c84fa94-04c1-424b-9868-57a2d4851a1d" />
    <TestEntry testId="5644bee5-96be-722c-547e-3b18bbd3aeb3" executionId="4d1c238e-639d-4379-a701-f66b66890228" testListId="8c84fa94-04c1-424b-9868-57a2d4851a1d" />
    <TestEntry testId="719ad947-0634-5430-3db6-f322b8f69113" executionId="57dd8405-fe08-4b0e-8895-9cb1ed9d348a" testListId="8c84fa94-04c1-424b-9868-57a2d4851a1d" />
    <TestEntry testId="4d35923a-0ff1-6989-6f70-f96054d7fe14" executionId="2b3ed604-b958-485d-bb08-5307d605209a" testListId="8c84fa94-04c1-424b-9868-57a2d4851a1d" />
    <TestEntry testId="ee4f26e4-b7e4-d508-1725-fbc0cc0efecc" executionId="0b2ed1d2-bee7-462d-856a-3382abad5680" testListId="8c84fa94-04c1-424b-9868-57a2d4851a1d" />
    <TestEntry testId="f15c3e47-e288-3ddf-3e20-435df2549e7e" executionId="a614f2c8-ef21-4941-b918-4962796b99d2" testListId="8c84fa94-04c1-424b-9868-57a2d4851a1d" />
    <TestEntry testId="6be252e4-ef90-c13b-c5f7-680d11ef5b73" executionId="d9f43276-ce0b-40a4-8e58-cc77402c4f67" testListId="8c84fa94-04c1-424b-9868-57a2d4851a1d" />
    <TestEntry testId="2020d6d4-4545-f94b-580e-bfb3de1efadc" executionId="8b7c7934-cfad-4735-a5c2-f3824ff6f9d6" testListId="8c84fa94-04c1-424b-9868-57a2d4851a1d" />
    <TestEntry testId="e3eb7c25-f64d-fff5-8d1c-3fdfe590b3c9" executionId="18c52142-3ff0-4ddb-9236-c9fd7e8b84f6" testListId="8c84fa94-04c1-424b-9868-57a2d4851a1d" />
    <TestEntry testId="591f340c-7e26-489e-4ed4-c51b91e628f8" executionId="3d2e661e-d193-44e1-884d-c259ba96b740" testListId="8c84fa94-04c1-424b-9868-57a2d4851a1d" />
    <TestEntry testId="83a7a30c-ff50-77e3-edea-21262e7fcc06" executionId="3334f283-457c-42e3-987e-750d9bd05419" testListId="8c84fa94-04c1-424b-9868-57a2d4851a1d" />
    <TestEntry testId="8ac31007-4ac9-2a0c-5bc0-00c2f3cc68cc" executionId="23d095e3-cebb-462b-b37f-8115514672c6" testListId="8c84fa94-04c1-424b-9868-57a2d4851a1d" />
    <TestEntry testId="223235e7-2eef-701c-ac06-00f200ec176d" executionId="0f2fab3a-3e4f-47ea-bf96-1ba19498ce93" testListId="8c84fa94-04c1-424b-9868-57a2d4851a1d" />
    <TestEntry testId="02b60c0f-fc89-23e4-e4da-208fe359b5d9" executionId="1dad6418-a028-4a80-8b38-de7dcf7190fa" testListId="8c84fa94-04c1-424b-9868-57a2d4851a1d" />
    <TestEntry testId="a3c91bfb-189e-5f5a-6a4c-af9db8a17008" executionId="161afd43-e4c4-4a80-8fc1-7f9cb5c25361" testListId="8c84fa94-04c1-424b-9868-57a2d4851a1d" />
    <TestEntry testId="aa419dcb-a9fd-f0b4-5f67-88a35f0e741f" executionId="d18825b7-97ad-44da-b243-e99162b368e7" testListId="8c84fa94-04c1-424b-9868-57a2d4851a1d" />
    <TestEntry testId="fd372183-0b9d-c0c8-bb63-2e4775580926" executionId="db7f667f-b288-4ee1-9db2-6c544d4b9083" testListId="8c84fa94-04c1-424b-9868-57a2d4851a1d" />
    <TestEntry testId="9b4b2588-e858-0004-8c68-110473ffe7d6" executionId="04f1fe19-d784-43e8-be9a-d15c1b63c306" testListId="8c84fa94-04c1-424b-9868-57a2d4851a1d" />
    <TestEntry testId="6ab40576-1d35-36ab-4ca3-0526ee9c6e83" executionId="742e9af6-0d30-4939-aa08-fe1484df2fd1" testListId="8c84fa94-04c1-424b-9868-57a2d4851a1d" />
    <TestEntry testId="7ae16e9a-51a3-b632-f70e-7bae9358417b" executionId="658502d0-3edc-42a1-9c36-7f7232ed9c36" testListId="8c84fa94-04c1-424b-9868-57a2d4851a1d" />
    <TestEntry testId="6a1a4314-6432-c172-3585-376ac0ad2335" executionId="4876aa27-bcf0-40bd-83b6-fffc6a68d80e" testListId="8c84fa94-04c1-424b-9868-57a2d4851a1d" />
    <TestEntry testId="7fc1d6ff-a589-5e3a-ff9b-53cb635876e0" executionId="e094795c-8c96-46ac-b780-590fdcea2b39" testListId="8c84fa94-04c1-424b-9868-57a2d4851a1d" />
    <TestEntry testId="b61cc474-cc1d-c977-712d-e01d48b4cf8a" executionId="a233c089-42cd-40ec-a57f-4e8765db55cf" testListId="8c84fa94-04c1-424b-9868-57a2d4851a1d" />
    <TestEntry testId="3684dd9a-88f0-8211-0281-3e878fb28168" executionId="6e9aca25-1bd1-4a15-9b8c-e3375450f788" testListId="8c84fa94-04c1-424b-9868-57a2d4851a1d" />
    <TestEntry testId="4f83e79f-0282-c3b1-d51a-da064ad6edb6" executionId="885c2219-c727-4528-a80c-561d2f5301ed" testListId="8c84fa94-04c1-424b-9868-57a2d4851a1d" />
    <TestEntry testId="7db2cd71-ae38-529c-5001-03a47304d2fc" executionId="92ab35c1-3f53-42a1-8de0-5bc275971b23" testListId="8c84fa94-04c1-424b-9868-57a2d4851a1d" />
    <TestEntry testId="29d604d1-f3c0-49b5-03f5-cf1ef5077225" executionId="1e2615b9-4a88-44f8-bfa1-889dc43bf458" testListId="8c84fa94-04c1-424b-9868-57a2d4851a1d" />
    <TestEntry testId="7c47d70e-66c8-388b-e626-5761c693397f" executionId="fcce36d1-bf44-40da-a4ec-d911a5a8e49c" testListId="8c84fa94-04c1-424b-9868-57a2d4851a1d" />
    <TestEntry testId="ded54c5d-6865-8904-17e6-b13eabf08e52" executionId="1630714c-7fea-49a5-be9f-fe6a0de9ef49" testListId="8c84fa94-04c1-424b-9868-57a2d4851a1d" />
    <TestEntry testId="1305c141-a0e3-24aa-3477-4be19c2cf492" executionId="4d9a33c8-9d73-40b5-aaa5-90767557e3cf" testListId="8c84fa94-04c1-424b-9868-57a2d4851a1d" />
    <TestEntry testId="6a24a456-2305-60dd-4ae6-7ffea3a9462d" executionId="69323040-9283-4b91-8b80-d06d9a516807" testListId="8c84fa94-04c1-424b-9868-57a2d4851a1d" />
    <TestEntry testId="5336cade-c3b9-8ee6-22d0-aec741cfd9c1" executionId="e445651e-7853-401a-bbd3-a86537494c2f" testListId="8c84fa94-04c1-424b-9868-57a2d4851a1d" />
    <TestEntry testId="d15edaa2-5758-09ec-fa2b-300c5af8928b" executionId="86e7140c-3a88-442c-9aa3-e28a1cb37057" testListId="8c84fa94-04c1-424b-9868-57a2d4851a1d" />
    <TestEntry testId="cb8df580-11f9-6d50-3771-5ee5d8a3d9c5" executionId="6676b91b-5a53-4089-be4c-cd57345f4f12" testListId="8c84fa94-04c1-424b-9868-57a2d4851a1d" />
    <TestEntry testId="632f602b-f5d0-4e0f-a45c-a5f52b172761" executionId="fa1cb13c-09d2-4c27-9fc7-64b173e13ed8" testListId="8c84fa94-04c1-424b-9868-57a2d4851a1d" />
    <TestEntry testId="9b801494-2dab-ded5-4f6a-e5e56b62cd34" executionId="ce781f97-f143-48d7-9d26-951ad47015d1" testListId="8c84fa94-04c1-424b-9868-57a2d4851a1d" />
    <TestEntry testId="abcc32d8-7b98-7d33-898b-4db189321e78" executionId="7df081bf-1624-4915-9555-ee25f6dc9f61" testListId="8c84fa94-04c1-424b-9868-57a2d4851a1d" />
    <TestEntry testId="5284f928-c894-29df-925e-e816e940f07a" executionId="7f1da9c1-7b58-47d4-8673-a83ba28ec1bc" testListId="8c84fa94-04c1-424b-9868-57a2d4851a1d" />
    <TestEntry testId="4c726782-66eb-044c-67dc-aabe5eb5c1ac" executionId="fc459ffd-6e69-4e29-84d9-cffed194d8ed" testListId="8c84fa94-04c1-424b-9868-57a2d4851a1d" />
    <TestEntry testId="9783da64-6fb6-c3b5-b3ac-c11796365d5b" executionId="d85382bb-d44d-4cbb-8c48-65a239cb925d" testListId="8c84fa94-04c1-424b-9868-57a2d4851a1d" />
    <TestEntry testId="c9721db4-263a-a42c-b864-143ef056e3dc" executionId="61de89c9-b85b-43a8-9ca3-3bace623a7dd" testListId="8c84fa94-04c1-424b-9868-57a2d4851a1d" />
    <TestEntry testId="b06c0ff2-b96a-82d5-47d2-6ada600c6ac4" executionId="199e8515-0347-4709-b5ba-d8738e728543" testListId="8c84fa94-04c1-424b-9868-57a2d4851a1d" />
    <TestEntry testId="b3d817b8-e7e6-eb65-f92d-7523f232fbca" executionId="b1da15f9-2e84-4bcc-a683-9b53b21b7ca9" testListId="8c84fa94-04c1-424b-9868-57a2d4851a1d" />
    <TestEntry testId="bbd4503c-8460-7be2-44cb-c192c30ff36f" executionId="ca65e953-3941-4838-9e94-6458c145d665" testListId="8c84fa94-04c1-424b-9868-57a2d4851a1d" />
    <TestEntry testId="56e05ba7-632d-f502-5502-a567718423da" executionId="9ec39a94-d31d-4622-9c4b-db51744635b3" testListId="8c84fa94-04c1-424b-9868-57a2d4851a1d" />
    <TestEntry testId="a6fc6e0f-6045-60b0-924f-e1bbf6047dee" executionId="5966acb1-9d4c-4f5a-9344-d6545a978ab6" testListId="8c84fa94-04c1-424b-9868-57a2d4851a1d" />
    <TestEntry testId="4aa1f8d1-4091-90cf-7b24-3ca2bebcf71b" executionId="5ff9aec6-5bf0-4208-ab35-08794e0c1188" testListId="8c84fa94-04c1-424b-9868-57a2d4851a1d" />
    <TestEntry testId="ddf5cc0d-87e0-f6c1-f045-d76e35cb892b" executionId="5a4cc57d-24d5-4b8f-8b23-041eb17e965a" testListId="8c84fa94-04c1-424b-9868-57a2d4851a1d" />
    <TestEntry testId="6d3bccb0-e3a7-0eac-f802-f89ebb3ce36d" executionId="0fb6b37b-c792-4c4e-b701-5516b42cd417" testListId="8c84fa94-04c1-424b-9868-57a2d4851a1d" />
    <TestEntry testId="cb6aabb9-fda3-6c9d-398a-3678f99ee609" executionId="0ca2ea14-ea14-4331-ac2a-4796200987f7" testListId="8c84fa94-04c1-424b-9868-57a2d4851a1d" />
    <TestEntry testId="a10dfdfa-1693-7f2d-5dcd-e1b851bdafbf" executionId="589f0bce-7cfa-4356-804d-4b3033c2ae72" testListId="8c84fa94-04c1-424b-9868-57a2d4851a1d" />
    <TestEntry testId="f4d271b7-a9e1-cd6e-d146-55db27b2787f" executionId="f83694bc-ac31-4e8e-8a07-7a34b28fad38" testListId="8c84fa94-04c1-424b-9868-57a2d4851a1d" />
    <TestEntry testId="dc6289e1-55df-6902-9dc5-70892f2b6f9a" executionId="0fe875c1-dc86-4a36-af0f-b7775ce0b757" testListId="8c84fa94-04c1-424b-9868-57a2d4851a1d" />
    <TestEntry testId="7e937a36-b746-25c4-87ec-e39c5d8db1ae" executionId="c43e6db7-a451-42f3-82d6-71934d4dbfd8" testListId="8c84fa94-04c1-424b-9868-57a2d4851a1d" />
    <TestEntry testId="67789090-e72a-5ffd-a348-a0b093e37aa4" executionId="57c46fa5-a271-4ea8-9aec-6f8f8b0b7f96" testListId="8c84fa94-04c1-424b-9868-57a2d4851a1d" />
    <TestEntry testId="ffd89711-583f-15d7-b7d8-54f047144f9b" executionId="42149d16-b041-4815-a5fb-90fd699d7491" testListId="8c84fa94-04c1-424b-9868-57a2d4851a1d" />
    <TestEntry testId="a483ecec-dce9-bbc0-17e3-9f4777953165" executionId="bd8cf70a-adc0-4e2f-9245-043df8610975" testListId="8c84fa94-04c1-424b-9868-57a2d4851a1d" />
    <TestEntry testId="2e1beb03-23a6-d8e3-309a-84859d36c4b5" executionId="79e632d8-1917-48f9-bd92-72517e36cceb" testListId="8c84fa94-04c1-424b-9868-57a2d4851a1d" />
    <TestEntry testId="5aae2866-0e63-5303-c86b-20200a10452d" executionId="a63ff54b-5972-475c-a55d-47a93e9403ec" testListId="8c84fa94-04c1-424b-9868-57a2d4851a1d" />
    <TestEntry testId="8ea84488-3c73-0539-a689-69c3ff91d40d" executionId="5abffb2a-1d1b-4254-97aa-52743bf5bdc0" testListId="8c84fa94-04c1-424b-9868-57a2d4851a1d" />
    <TestEntry testId="5d983749-5de8-7973-76e4-387bec254355" executionId="8bd1a586-5059-4c07-8f40-654e24a4475b" testListId="8c84fa94-04c1-424b-9868-57a2d4851a1d" />
    <TestEntry testId="1cf1c1a9-610a-8d03-c381-e7426c0f5ad8" executionId="dd624783-3256-45a6-a85b-9d8cb51c1d61" testListId="8c84fa94-04c1-424b-9868-57a2d4851a1d" />
    <TestEntry testId="fee89795-4175-c6d2-9287-8735bfb09744" executionId="ab596084-06a6-48bc-b6d0-ea5d56612ab9" testListId="8c84fa94-04c1-424b-9868-57a2d4851a1d" />
    <TestEntry testId="5dbee3c2-264b-5c9b-4900-e958b9291cf6" executionId="eb06b812-5660-4773-a19d-bf42971a2638" testListId="8c84fa94-04c1-424b-9868-57a2d4851a1d" />
    <TestEntry testId="c53abf88-1d6c-5205-d2fa-49c2d1d2fa27" executionId="f2dc8ba5-8586-45c6-9ec0-80ed86660de2" testListId="8c84fa94-04c1-424b-9868-57a2d4851a1d" />
    <TestEntry testId="d8494be8-eca0-1496-06ad-a94cbb3fdc12" executionId="312dde40-8981-49ad-926b-d7bfe13a61a6" testListId="8c84fa94-04c1-424b-9868-57a2d4851a1d" />
    <TestEntry testId="bdf3cf43-6f55-eb73-fb64-affef7c878a9" executionId="f51c2d14-ab1d-4d63-b4d4-21e0630f2b2e" testListId="8c84fa94-04c1-424b-9868-57a2d4851a1d" />
    <TestEntry testId="62d24c9f-a275-965e-ba77-fc1bd09bd84c" executionId="38d124fb-3df6-4ae9-9f2f-150bd045e4af" testListId="8c84fa94-04c1-424b-9868-57a2d4851a1d" />
    <TestEntry testId="18f2e0ff-08b6-90e9-c532-279cd8938e8a" executionId="40f35b2c-0bad-44f8-82ed-492d7292bab9" testListId="8c84fa94-04c1-424b-9868-57a2d4851a1d" />
    <TestEntry testId="777af48f-4e34-2080-7086-ee2ddd3d27b9" executionId="33f7a108-d33c-478b-9047-a22f32b5e956" testListId="8c84fa94-04c1-424b-9868-57a2d4851a1d" />
    <TestEntry testId="810ce809-2edf-8dfc-efd5-adced29593c9" executionId="7a815ecd-d55f-4aeb-b870-7133b420dc54" testListId="8c84fa94-04c1-424b-9868-57a2d4851a1d" />
    <TestEntry testId="068809ea-9aa8-35d4-7bb8-e61f3cca836c" executionId="ff29d892-20d3-4b16-884a-926538b68c0d" testListId="8c84fa94-04c1-424b-9868-57a2d4851a1d" />
    <TestEntry testId="330aa390-d7ca-b0e8-0a09-1cff13b32d9c" executionId="bbcc6276-ec16-4bc1-b06b-b7156c74ad7f" testListId="8c84fa94-04c1-424b-9868-57a2d4851a1d" />
    <TestEntry testId="432d8e11-fcbb-90fc-2203-e7463fa01fff" executionId="ec5b2dad-3b45-4651-a7c6-b9b29a4298b1" testListId="8c84fa94-04c1-424b-9868-57a2d4851a1d" />
    <TestEntry testId="b37b862f-58d4-a3f8-2e05-54a6ae3e3990" executionId="ca0f1e8e-55db-4af0-8636-76d166434aad" testListId="8c84fa94-04c1-424b-9868-57a2d4851a1d" />
    <TestEntry testId="72e9872f-e146-2fb9-0c1d-bfc150eba3ba" executionId="56b5a875-eb2f-417d-b79f-edde28d6ec8d" testListId="8c84fa94-04c1-424b-9868-57a2d4851a1d" />
    <TestEntry testId="1785dede-d658-d73b-9752-40a45c6936de" executionId="6dd5c6a4-eff1-44e4-bfcb-11a2dbdbe2ea" testListId="8c84fa94-04c1-424b-9868-57a2d4851a1d" />
    <TestEntry testId="6a05ec9c-a31e-6a31-a748-70c9bbc050f4" executionId="30b53fa7-11b9-466b-b242-60ebe1cfde48" testListId="8c84fa94-04c1-424b-9868-57a2d4851a1d" />
    <TestEntry testId="09b9ba02-0efe-7368-101b-c3520546f0b5" executionId="c9fae155-2a99-423f-b343-be521589dd5e" testListId="8c84fa94-04c1-424b-9868-57a2d4851a1d" />
    <TestEntry testId="d0ebb5dd-39e2-2382-c6fa-adb8fc580505" executionId="92d48c05-8f9c-43e3-9f20-23828475d89c" testListId="8c84fa94-04c1-424b-9868-57a2d4851a1d" />
    <TestEntry testId="af7b587d-382d-cbbb-93ce-cf85a20fd517" executionId="df0c698b-6c26-40da-b52c-f428e3459893" testListId="8c84fa94-04c1-424b-9868-57a2d4851a1d" />
    <TestEntry testId="9da27cfb-b19a-5b7b-65c1-99971e317fc3" executionId="0fc3b3b0-638a-49f7-868d-8b8cea2a2724" testListId="8c84fa94-04c1-424b-9868-57a2d4851a1d" />
    <TestEntry testId="ba6364de-61ad-cb1b-3aa7-78b11d2b9520" executionId="2ee3b6de-1f45-41f8-a5f4-e80b8b0ec74d" testListId="8c84fa94-04c1-424b-9868-57a2d4851a1d" />
    <TestEntry testId="fba79d8b-e84a-e36b-1d55-e7660c252582" executionId="60b4ae95-b76e-4207-9ab4-b507383fcbc7" testListId="8c84fa94-04c1-424b-9868-57a2d4851a1d" />
    <TestEntry testId="04ba0286-6be6-f348-ef7a-5a5aebc3ee34" executionId="e9450cd4-52e4-4726-9443-e3c335df4036" testListId="8c84fa94-04c1-424b-9868-57a2d4851a1d" />
    <TestEntry testId="f06abdbb-dcaa-48de-364a-8417d0d0f6e0" executionId="762187af-beb8-4e65-a6e8-71b6df0ef621" testListId="8c84fa94-04c1-424b-9868-57a2d4851a1d" />
    <TestEntry testId="7862ec96-08d4-7672-b75b-2c9eb8ac1d53" executionId="15a075cc-5e84-4a67-8eb7-b7253a289818" testListId="8c84fa94-04c1-424b-9868-57a2d4851a1d" />
    <TestEntry testId="dcb17907-55f0-9c46-d5f2-f7a076037302" executionId="6095a0c2-a262-436c-90de-42375a2b6de2" testListId="8c84fa94-04c1-424b-9868-57a2d4851a1d" />
    <TestEntry testId="ac9e79f1-9655-cf06-2054-7e5adaf9e305" executionId="3a3b880c-faa1-44b4-874e-d639b4cb8f8d" testListId="8c84fa94-04c1-424b-9868-57a2d4851a1d" />
    <TestEntry testId="49a33775-4c3e-518a-bc50-c8a56189692b" executionId="a8adf2c8-c39f-4086-8794-1d78984b7154" testListId="8c84fa94-04c1-424b-9868-57a2d4851a1d" />
    <TestEntry testId="27704cf3-1635-3d3d-6ba9-ece08612e6ed" executionId="bfc7bcf3-c75b-4c0c-9882-43516d4725e8" testListId="8c84fa94-04c1-424b-9868-57a2d4851a1d" />
    <TestEntry testId="084a1959-8047-5a3c-1797-f2f918e6b829" executionId="d566bb2f-3977-4b7c-89f8-5e67d75d02c2" testListId="8c84fa94-04c1-424b-9868-57a2d4851a1d" />
    <TestEntry testId="9702da6a-068b-594c-2b32-0ae0af356556" executionId="f952b7b8-371d-435b-8ec2-9e49fbf75ebe" testListId="8c84fa94-04c1-424b-9868-57a2d4851a1d" />
    <TestEntry testId="7b3db81a-9c37-e4d9-9333-4ed3ccb0e1ad" executionId="75279d58-a59a-4152-90f8-377c7fb3aae5" testListId="8c84fa94-04c1-424b-9868-57a2d4851a1d" />
    <TestEntry testId="326dab35-ccc5-0830-1e1b-99ba7d03ea84" executionId="f09e80fb-5f74-4743-a37e-b8c408f72a9e" testListId="8c84fa94-04c1-424b-9868-57a2d4851a1d" />
    <TestEntry testId="5db4760d-91fc-1552-e689-5c77a3e83f55" executionId="c2848cb8-4be1-4599-9361-eccb0ade9ad8" testListId="8c84fa94-04c1-424b-9868-57a2d4851a1d" />
    <TestEntry testId="cf2e6996-22f0-5db8-5400-8b9456fb3bd1" executionId="e2db9bb8-5714-4c64-a0a7-f077f1d25298" testListId="8c84fa94-04c1-424b-9868-57a2d4851a1d" />
    <TestEntry testId="c60350cf-513a-8d98-bb79-3d9ad37f1131" executionId="14069f4f-cece-47d6-98f4-ecb632cca35c" testListId="8c84fa94-04c1-424b-9868-57a2d4851a1d" />
    <TestEntry testId="3cee368f-183c-fbf3-e826-ddde295875d1" executionId="2a9f9b60-331d-415b-817c-abfd333742e7" testListId="8c84fa94-04c1-424b-9868-57a2d4851a1d" />
    <TestEntry testId="f1d46e24-e6d0-3755-9b56-ec6d1cabd787" executionId="f66ecaab-c4a6-4595-a96a-beac41db0ec9" testListId="8c84fa94-04c1-424b-9868-57a2d4851a1d" />
    <TestEntry testId="1de5d0cb-bc35-73c6-f8cc-f155ab3b1d36" executionId="12ac1221-bd17-47a8-aea9-4982235a68b7" testListId="8c84fa94-04c1-424b-9868-57a2d4851a1d" />
    <TestEntry testId="b17917a2-3100-fce1-c2c8-8639b1483d4b" executionId="891a7996-92f2-4ea7-9942-ee73e59da071" testListId="8c84fa94-04c1-424b-9868-57a2d4851a1d" />
    <TestEntry testId="0a517831-35b5-973d-94ef-361826655cfd" executionId="5d1756cb-d162-479f-b180-7e312ef958e0" testListId="8c84fa94-04c1-424b-9868-57a2d4851a1d" />
    <TestEntry testId="b033031b-d2ed-6e6b-9559-ae584836ec79" executionId="d515af35-6332-4322-abb5-2dd4ed1e1bdb" testListId="8c84fa94-04c1-424b-9868-57a2d4851a1d" />
    <TestEntry testId="3e5d9dcf-e6be-23b7-42e8-4c48fa66792a" executionId="5a40c46a-6ba1-46d0-be5a-7b158eedd437" testListId="8c84fa94-04c1-424b-9868-57a2d4851a1d" />
    <TestEntry testId="e51ab982-32f9-c264-3c0a-f7a725b05c11" executionId="fb8eb2d3-78fd-401b-b257-278a0bf40efd" testListId="8c84fa94-04c1-424b-9868-57a2d4851a1d" />
    <TestEntry testId="38dd23bb-df0f-1286-a693-57b7d136c190" executionId="feca1a3a-f1cf-470a-8d88-383d9a5dacf8" testListId="8c84fa94-04c1-424b-9868-57a2d4851a1d" />
    <TestEntry testId="72147b58-f3eb-9e80-e62d-f3b068b322be" executionId="f9dc1b43-4bf7-4f39-b84d-1b04b37fdbc9" testListId="8c84fa94-04c1-424b-9868-57a2d4851a1d" />
    <TestEntry testId="e82afa6a-c6be-b3c6-120d-be63c58dbd69" executionId="613ff470-80ab-4b9f-b6df-dac823e126ee" testListId="8c84fa94-04c1-424b-9868-57a2d4851a1d" />
    <TestEntry testId="69b0a1eb-cc0a-0925-ce77-fdd05c6f8307" executionId="e1203d47-cc4c-42a9-864e-4c83f86bd6e4" testListId="8c84fa94-04c1-424b-9868-57a2d4851a1d" />
    <TestEntry testId="e0a5dc7d-f0b5-018a-b800-812e99ab8728" executionId="2ac3a82b-3203-4a48-a16f-430f6b687044" testListId="8c84fa94-04c1-424b-9868-57a2d4851a1d" />
    <TestEntry testId="4b3e7906-566a-6456-5ef7-39b2883edaa1" executionId="7dd4b055-bcd0-47bd-8407-6bdce3c9e714" testListId="8c84fa94-04c1-424b-9868-57a2d4851a1d" />
    <TestEntry testId="cd24bc8c-7af7-4156-ccfb-d0768a96a6e9" executionId="d7aa6f4f-de31-4926-abc9-a1004a97935c" testListId="8c84fa94-04c1-424b-9868-57a2d4851a1d" />
    <TestEntry testId="ab6149ce-419d-6770-605d-0aacf6146f80" executionId="a0b63132-5060-4a31-810f-d21d93fde16e" testListId="8c84fa94-04c1-424b-9868-57a2d4851a1d" />
    <TestEntry testId="10b67a36-70fa-8cad-b212-d0bd7737ddcd" executionId="ff0b6639-2bfd-4071-ad06-945c443ea4aa" testListId="8c84fa94-04c1-424b-9868-57a2d4851a1d" />
    <TestEntry testId="6ad67f90-4e09-b699-2caa-16df9b28a0e0" executionId="5c92b296-38c4-4092-a48e-fc43aa3f6bdf" testListId="8c84fa94-04c1-424b-9868-57a2d4851a1d" />
    <TestEntry testId="6821bff6-623b-fea9-3166-e7205d5004e2" executionId="08bcb6af-c0f3-4a19-95ee-08a2dbb6b059" testListId="8c84fa94-04c1-424b-9868-57a2d4851a1d" />
    <TestEntry testId="2a8b5025-8035-6703-b6b8-efe30b305967" executionId="c364b572-c4c5-4761-a80c-269cb74e2833" testListId="8c84fa94-04c1-424b-9868-57a2d4851a1d" />
    <TestEntry testId="0feec42a-f2c1-03f6-0be3-6c48c01af5ba" executionId="7e20e447-b79b-4d79-8456-ed9428508e5d" testListId="8c84fa94-04c1-424b-9868-57a2d4851a1d" />
    <TestEntry testId="48fa1b99-e905-5cf3-f29e-0622eff8efa2" executionId="d8feba88-d41c-49eb-8aee-ef930e6d5f40" testListId="8c84fa94-04c1-424b-9868-57a2d4851a1d" />
    <TestEntry testId="86f22bb5-31da-5485-1f85-12995044f993" executionId="45b8b465-c733-4898-be03-8da366272813" testListId="8c84fa94-04c1-424b-9868-57a2d4851a1d" />
    <TestEntry testId="794108d2-0f91-37dc-89eb-9552b0474c91" executionId="bd4541d3-0bb0-43b4-bf01-0ad589b7617a" testListId="8c84fa94-04c1-424b-9868-57a2d4851a1d" />
    <TestEntry testId="f10d6169-81f0-a081-100b-8621495f21ea" executionId="a454db5d-57a4-4e44-9434-f3f2b746fe64" testListId="8c84fa94-04c1-424b-9868-57a2d4851a1d" />
    <TestEntry testId="ff65b58d-13f8-81a9-7714-0fc6c1e404e1" executionId="8437f7a6-55b3-4344-b860-128b18eaf8d4" testListId="8c84fa94-04c1-424b-9868-57a2d4851a1d" />
    <TestEntry testId="940f6623-57ba-741d-40a2-9054e86fc6ab" executionId="2f45cf8b-c346-4209-8377-81638e33d5f7" testListId="8c84fa94-04c1-424b-9868-57a2d4851a1d" />
    <TestEntry testId="0d91b5df-4a31-6b2c-a0a6-5b0e5c1c1937" executionId="b1ccebb1-1f98-4cb7-9f67-002e823e3aa5" testListId="8c84fa94-04c1-424b-9868-57a2d4851a1d" />
    <TestEntry testId="33161afd-3ba3-7050-b47f-26743b6b39b2" executionId="e0612d19-6b63-4a61-8923-2a1e7125bf08" testListId="8c84fa94-04c1-424b-9868-57a2d4851a1d" />
    <TestEntry testId="c20e4440-ba71-8139-0f29-5a510275838b" executionId="2a1a22d1-292a-44c9-b458-7fe020a1a5a7" testListId="8c84fa94-04c1-424b-9868-57a2d4851a1d" />
    <TestEntry testId="c61280df-d89a-c848-5702-a599254c9c7f" executionId="4d404230-4b1d-4ac0-8e49-47ed03d2a1d4" testListId="8c84fa94-04c1-424b-9868-57a2d4851a1d" />
    <TestEntry testId="73596530-4c15-78e9-a3fd-2b938839fe9d" executionId="782ed476-40b2-44e1-8a6c-6bf56fc77003" testListId="8c84fa94-04c1-424b-9868-57a2d4851a1d" />
    <TestEntry testId="7186eb48-8593-669a-2e90-533ebdbf42c5" executionId="38bb6503-4606-47d3-8070-dbf675d2489f" testListId="8c84fa94-04c1-424b-9868-57a2d4851a1d" />
    <TestEntry testId="8deb7282-17c1-72d8-38be-d12bb07014eb" executionId="b0dc216b-ce78-4eb3-b079-e718338ebc2e" testListId="8c84fa94-04c1-424b-9868-57a2d4851a1d" />
    <TestEntry testId="2c704326-2083-e4db-b705-8d6a363a6828" executionId="f57dfa0f-7b20-4218-893d-9d4b53153f43" testListId="8c84fa94-04c1-424b-9868-57a2d4851a1d" />
    <TestEntry testId="34f2fcd0-692e-d784-b7f8-838f5156b834" executionId="2d5df88f-4c27-49e6-99b7-b96d6d56dc60" testListId="8c84fa94-04c1-424b-9868-57a2d4851a1d" />
    <TestEntry testId="d85b6722-8565-a29c-5490-16e3a10a250c" executionId="f4a8cb24-1b7b-4082-a526-36c1c22a5c41" testListId="8c84fa94-04c1-424b-9868-57a2d4851a1d" />
    <TestEntry testId="d3de26a3-44d9-d03e-dc04-99987ed37276" executionId="49906236-0586-441a-b4cc-a0adcd4cb2e4" testListId="8c84fa94-04c1-424b-9868-57a2d4851a1d" />
    <TestEntry testId="95504db4-614a-748b-50bb-8b0f96d3ff0f" executionId="160a13d9-166c-4924-9b75-12c0bbde15fb" testListId="8c84fa94-04c1-424b-9868-57a2d4851a1d" />
    <TestEntry testId="2b1f3b6a-aaf2-ed1b-ef4f-eaf8a5cb9923" executionId="b4df0779-8af3-433c-a59e-2b422e2ed38b" testListId="8c84fa94-04c1-424b-9868-57a2d4851a1d" />
    <TestEntry testId="b4decefc-2fa8-3f4f-28b3-7c450bcc4c90" executionId="099f7408-ff42-4eec-988c-28fe450a848e" testListId="8c84fa94-04c1-424b-9868-57a2d4851a1d" />
    <TestEntry testId="287aa87e-246b-cdae-b0da-8a12e15196b8" executionId="e275e488-23cf-49db-82ae-8c3abcd73ab5" testListId="8c84fa94-04c1-424b-9868-57a2d4851a1d" />
    <TestEntry testId="3b65d8c8-c8dc-c975-b1e1-ec6988dabef6" executionId="3a83292e-f4a6-4f5e-a62b-24d716cb45d1" testListId="8c84fa94-04c1-424b-9868-57a2d4851a1d" />
    <TestEntry testId="217d569d-af62-0cf1-0a45-23e4a3d75fd9" executionId="15f10c30-50fd-42b4-9910-476b732476b3" testListId="8c84fa94-04c1-424b-9868-57a2d4851a1d" />
    <TestEntry testId="9cefd0a9-8c92-97bd-2892-256a438574dd" executionId="6eef96e6-2c97-4e8c-a5ff-2d0b5aeaf8e0" testListId="8c84fa94-04c1-424b-9868-57a2d4851a1d" />
    <TestEntry testId="77c4e593-b921-67b8-0a79-6e7081aa7cbc" executionId="32150441-d969-474f-81c8-e15163eedefc" testListId="8c84fa94-04c1-424b-9868-57a2d4851a1d" />
    <TestEntry testId="366d01ea-ff7d-934f-3cb7-1f565e8f2ea5" executionId="7c5d7a26-ea41-40df-b28a-a3b91c74d296" testListId="8c84fa94-04c1-424b-9868-57a2d4851a1d" />
    <TestEntry testId="5c5159dd-578e-af78-a5f6-84a63999832d" executionId="0e7f4ded-00ba-403c-9782-3b8287437b2a" testListId="8c84fa94-04c1-424b-9868-57a2d4851a1d" />
    <TestEntry testId="1ceefeff-052b-0e95-f3a6-b5182af0c49a" executionId="66a7f439-7b6f-4df9-83ea-54002a895b71" testListId="8c84fa94-04c1-424b-9868-57a2d4851a1d" />
    <TestEntry testId="cee26123-49aa-6fac-4ae3-2815b6fb9ae4" executionId="6979a79b-2c09-45db-a704-a0bca6994b77" testListId="8c84fa94-04c1-424b-9868-57a2d4851a1d" />
    <TestEntry testId="5caa74f8-6033-dbf5-6c66-1ba6f3dd9d2c" executionId="65ac1017-78b0-47b0-a82a-15fcd8d82488" testListId="8c84fa94-04c1-424b-9868-57a2d4851a1d" />
    <TestEntry testId="db6af28e-50a4-6d1a-7c8e-2fc1b8d39003" executionId="957bda5b-f471-43be-8d2d-91c2cd9c95ea" testListId="8c84fa94-04c1-424b-9868-57a2d4851a1d" />
    <TestEntry testId="90b8e0ac-3836-668f-d12a-5a7be5c8e5aa" executionId="1a5ac982-339c-4685-9c9a-dc3a80157792" testListId="8c84fa94-04c1-424b-9868-57a2d4851a1d" />
    <TestEntry testId="85f43ac9-4a3d-9d19-561c-361db0298aa5" executionId="e1d63b59-592a-45e0-9517-86aa4c335281" testListId="8c84fa94-04c1-424b-9868-57a2d4851a1d" />
    <TestEntry testId="6b3e8315-25aa-da2f-c82e-34e79cabc5bc" executionId="7e34783b-d059-48a4-a8bd-ea7ef79b4749" testListId="8c84fa94-04c1-424b-9868-57a2d4851a1d" />
    <TestEntry testId="d1aaafe4-c45e-e813-7997-4050f51e88b0" executionId="d9e3a89c-b024-4b5b-814c-ac0fe1104455" testListId="8c84fa94-04c1-424b-9868-57a2d4851a1d" />
    <TestEntry testId="f1428993-d37a-f2e1-e1f9-4944c954f241" executionId="4339dc77-40fa-4656-a031-e3add211266d" testListId="8c84fa94-04c1-424b-9868-57a2d4851a1d" />
    <TestEntry testId="a3b54414-fea2-96c6-9461-4e6c114da7c6" executionId="e4e339f3-abd8-499d-ad41-206a0eb35816" testListId="8c84fa94-04c1-424b-9868-57a2d4851a1d" />
    <TestEntry testId="bb586174-9b05-807d-80c0-f849bdb676e7" executionId="2c94a3b0-3e25-4b5a-b52a-84b7c3552499" testListId="8c84fa94-04c1-424b-9868-57a2d4851a1d" />
    <TestEntry testId="23c99a93-5a9e-a3d8-1fc7-484a81c0d432" executionId="751cfc5a-7830-40c7-901c-c73903fd7072" testListId="8c84fa94-04c1-424b-9868-57a2d4851a1d" />
    <TestEntry testId="388c476d-d34c-7f6e-8d71-ebbe746479a4" executionId="d2572bf2-d93b-42f9-a61f-bd47f85668d6" testListId="8c84fa94-04c1-424b-9868-57a2d4851a1d" />
    <TestEntry testId="a010cdd1-6038-b1b4-098c-7ecb384094c5" executionId="b4d16c9d-8776-4885-a359-591973276fef" testListId="8c84fa94-04c1-424b-9868-57a2d4851a1d" />
    <TestEntry testId="af04bac6-2ce8-74dc-6659-d012719b6bdc" executionId="b449c05f-df7a-4bcc-8e10-e5a969bd06ab" testListId="8c84fa94-04c1-424b-9868-57a2d4851a1d" />
    <TestEntry testId="43a21d96-9c44-c5fd-79f4-8367daf9cc9a" executionId="a468b92a-de6e-4185-a2f9-5da9c6f2de21" testListId="8c84fa94-04c1-424b-9868-57a2d4851a1d" />
    <TestEntry testId="5ddebc41-c5fe-0924-cc3f-0fe55dddcf87" executionId="cd9be1aa-22bf-421e-b9ca-0043a9d08fef" testListId="8c84fa94-04c1-424b-9868-57a2d4851a1d" />
    <TestEntry testId="220a0741-c671-c6c1-6e3c-14099329fb32" executionId="76e5bd74-c9c2-4a58-9d50-64cdb43c212c" testListId="8c84fa94-04c1-424b-9868-57a2d4851a1d" />
    <TestEntry testId="f9554bb2-d464-b5d5-c8ba-1d8fdb1d5484" executionId="0aedd3fc-d577-4983-9620-8831146f3d0c" testListId="8c84fa94-04c1-424b-9868-57a2d4851a1d" />
    <TestEntry testId="ab37c4a5-7ddd-4f3a-807a-9824addc756d" executionId="ac1e8f55-4979-4c5d-9aca-21a16224c186" testListId="8c84fa94-04c1-424b-9868-57a2d4851a1d" />
    <TestEntry testId="0a84de12-6fcf-8161-bb90-5dcf0b5aae74" executionId="333305df-60ce-4ff8-a13d-921b270bf884" testListId="8c84fa94-04c1-424b-9868-57a2d4851a1d" />
    <TestEntry testId="ed6a8ebe-05df-d8e5-8165-942c8c8d649e" executionId="124e0f22-0882-43a5-afa3-747c03a65330" testListId="8c84fa94-04c1-424b-9868-57a2d4851a1d" />
    <TestEntry testId="e8a22484-1286-3ab5-eef9-78584f3584c9" executionId="da09bba9-1d59-44c7-b019-c2a556b36547" testListId="8c84fa94-04c1-424b-9868-57a2d4851a1d" />
    <TestEntry testId="f782db4c-e79b-1174-f78b-56472f825a51" executionId="fedd9051-51f4-459e-bd0b-8df7ced0595c" testListId="8c84fa94-04c1-424b-9868-57a2d4851a1d" />
    <TestEntry testId="f3b9e633-7b76-928d-0e2d-53d7f4cd2d22" executionId="a57562db-cf5a-455e-83bf-9a965a0c0660" testListId="8c84fa94-04c1-424b-9868-57a2d4851a1d" />
    <TestEntry testId="4a60897f-da96-0d94-f5d3-d97e96726bff" executionId="04adb8ad-f69c-41a2-88f4-e4a71dbd6379" testListId="8c84fa94-04c1-424b-9868-57a2d4851a1d" />
    <TestEntry testId="ef1934d2-b3b6-2151-a38b-d7501c51a7d4" executionId="598d0ed6-5154-4d28-844c-bdf672a3eec9" testListId="8c84fa94-04c1-424b-9868-57a2d4851a1d" />
    <TestEntry testId="e1a3cc24-4bf1-6614-480f-00cc6a19451b" executionId="342e12e9-a9e5-40ef-8be4-743de17c2e82" testListId="8c84fa94-04c1-424b-9868-57a2d4851a1d" />
    <TestEntry testId="c56ceeab-d742-8985-e475-23e0921ae7e8" executionId="27d656fe-302f-4a51-8250-99a3dbc6c1d6" testListId="8c84fa94-04c1-424b-9868-57a2d4851a1d" />
    <TestEntry testId="143ac55a-8a0b-59cd-311c-9a7726fa1cfa" executionId="d8bf874a-1508-41a8-be80-a1c86b931f3b" testListId="8c84fa94-04c1-424b-9868-57a2d4851a1d" />
    <TestEntry testId="ad5a5be8-a30a-a4cb-20d4-8a1ff6c5dffb" executionId="fd5c8ae0-d64b-4a2d-9f77-e09bc7522def" testListId="8c84fa94-04c1-424b-9868-57a2d4851a1d" />
    <TestEntry testId="fbf768f5-bda1-d532-9518-dfdf120eb87b" executionId="4eb029a6-67cb-443b-a56d-94e64cab8a40" testListId="8c84fa94-04c1-424b-9868-57a2d4851a1d" />
    <TestEntry testId="b6ada097-7460-8090-7f47-b66e5f775b3c" executionId="d74b582b-d8f1-4ffe-8d3a-e4add5c6d926" testListId="8c84fa94-04c1-424b-9868-57a2d4851a1d" />
    <TestEntry testId="149fae0e-4b3b-37ce-c523-a738629c5e3d" executionId="35d110a4-0563-4cd6-b4f6-7f8ed3ccbc33" testListId="8c84fa94-04c1-424b-9868-57a2d4851a1d" />
    <TestEntry testId="9a7164c5-b199-2157-f84d-e96958f10889" executionId="21ed695a-4e50-4834-acab-341559fcf00a" testListId="8c84fa94-04c1-424b-9868-57a2d4851a1d" />
    <TestEntry testId="8c60bb5b-86a2-ad96-a5fa-dcd40db2418b" executionId="db4ce762-1363-4930-b829-a3e1a4b1c76f" testListId="8c84fa94-04c1-424b-9868-57a2d4851a1d" />
    <TestEntry testId="47852fed-83ae-1d24-4e2e-3671e83b43ea" executionId="3c5e970f-ab54-41b0-883a-6f7fae94e72b" testListId="8c84fa94-04c1-424b-9868-57a2d4851a1d" />
    <TestEntry testId="c7e028a4-6536-4768-2d6b-f6d16bc552e3" executionId="653572bd-ff50-4741-9db4-048e9385b02a" testListId="8c84fa94-04c1-424b-9868-57a2d4851a1d" />
    <TestEntry testId="a829883c-6278-e6e6-96ba-9208e8a0e9f5" executionId="3dd45935-0c85-434c-96f0-3fbaa3f5dbc1" testListId="8c84fa94-04c1-424b-9868-57a2d4851a1d" />
    <TestEntry testId="c14c2d25-fc01-f754-a2fc-cdde0404f48d" executionId="76183a85-4ad2-47a1-844f-6ab42c7da16c" testListId="8c84fa94-04c1-424b-9868-57a2d4851a1d" />
    <TestEntry testId="3b4b49ba-aa71-f021-7369-dc1c44f272a2" executionId="22f76430-6414-4032-aa0f-67447242f2b6" testListId="8c84fa94-04c1-424b-9868-57a2d4851a1d" />
    <TestEntry testId="134adb3c-1f37-9cb6-82d3-e8d72404da23" executionId="ca905c39-5a9a-45a6-b077-f3d1610e3bd4" testListId="8c84fa94-04c1-424b-9868-57a2d4851a1d" />
    <TestEntry testId="778e7623-3faa-ca5e-3032-a05bd9ea4334" executionId="7707b1f2-0ee9-4a5b-bcc5-61ecaaa36301" testListId="8c84fa94-04c1-424b-9868-57a2d4851a1d" />
    <TestEntry testId="0b702db0-cebd-ea37-ccd5-e544717e9820" executionId="b409b779-19d2-45b7-97ee-be406fca402a" testListId="8c84fa94-04c1-424b-9868-57a2d4851a1d" />
    <TestEntry testId="cbbcca8f-5271-ca8f-3c1b-e04f325bdc3a" executionId="99cf2bdd-0879-4a48-84b1-3f0dd66fab5d" testListId="8c84fa94-04c1-424b-9868-57a2d4851a1d" />
    <TestEntry testId="9f12dcf4-c1e9-36ea-2ed3-335e9dc2808c" executionId="7248213b-08be-4b4a-b1ae-a791234b7df2" testListId="8c84fa94-04c1-424b-9868-57a2d4851a1d" />
    <TestEntry testId="9e7cf0e2-05cc-9bbf-4cfa-e061d3b4f063" executionId="9756a10e-fd47-46af-8300-53d1c7fbc4dd" testListId="8c84fa94-04c1-424b-9868-57a2d4851a1d" />
    <TestEntry testId="71fbd216-6c35-f7fe-fc31-6ab9288b50f9" executionId="86476eed-6f52-4dc5-891c-4e0fec545c0a" testListId="8c84fa94-04c1-424b-9868-57a2d4851a1d" />
    <TestEntry testId="cca44cb6-50da-728d-1825-2c1bdde4cc60" executionId="7f3adcd4-6276-4866-a1e9-3456200228e6" testListId="8c84fa94-04c1-424b-9868-57a2d4851a1d" />
    <TestEntry testId="e1b022cb-efe2-86f1-2f32-09da53e0f560" executionId="aa97c3a3-ffcb-43fa-88eb-b1e3abb39ef5" testListId="8c84fa94-04c1-424b-9868-57a2d4851a1d" />
    <TestEntry testId="8e6016e5-c20d-de8c-09cf-d31cd025b2ca" executionId="fe3c930a-eab8-49fb-9cff-0a95cb5386a1" testListId="8c84fa94-04c1-424b-9868-57a2d4851a1d" />
    <TestEntry testId="d2358cb3-85bc-fda3-2eed-0a2a478d6789" executionId="367ddaef-67d7-4e8d-9d78-f1023cd9c537" testListId="8c84fa94-04c1-424b-9868-57a2d4851a1d" />
    <TestEntry testId="3a2cb439-a124-af6e-0a42-2a8f94271fda" executionId="1fd9fa3f-b124-4c02-bdf9-9af48c687df9" testListId="8c84fa94-04c1-424b-9868-57a2d4851a1d" />
    <TestEntry testId="2c3b6d43-914d-89f9-d968-9dc41500934d" executionId="6181926a-5cfb-40a2-a2ad-5372744ab16c" testListId="8c84fa94-04c1-424b-9868-57a2d4851a1d" />
    <TestEntry testId="b4898590-9558-754a-1593-f9bac79dc377" executionId="db25a371-6904-43d2-9c0e-0310db858d48" testListId="8c84fa94-04c1-424b-9868-57a2d4851a1d" />
    <TestEntry testId="df44b949-8854-12d3-3412-44f4d128eff3" executionId="82d8f82d-2b3b-4c37-9f45-65f2de5c6a84" testListId="8c84fa94-04c1-424b-9868-57a2d4851a1d" />
    <TestEntry testId="d68ae15e-13f2-260b-c617-df59a3f061c5" executionId="c49e930c-37d1-4d9e-95e4-6f434bca17dc" testListId="8c84fa94-04c1-424b-9868-57a2d4851a1d" />
    <TestEntry testId="88642b24-ad3e-03e6-0d82-49102fce9375" executionId="e6f0c021-c5f7-4260-9cf9-36d61302fc61" testListId="8c84fa94-04c1-424b-9868-57a2d4851a1d" />
    <TestEntry testId="be0eb634-b279-9225-c95c-0378f64000ea" executionId="0b0e71f6-ef5a-46d5-864d-5b8e970b9bd0" testListId="8c84fa94-04c1-424b-9868-57a2d4851a1d" />
    <TestEntry testId="8dd9db66-980f-8c56-a4d5-214f14280db1" executionId="44752c1a-390a-4028-b864-3886d4e6e6b8" testListId="8c84fa94-04c1-424b-9868-57a2d4851a1d" />
    <TestEntry testId="fcb30f78-9e7b-20ac-7955-48420245bce6" executionId="c7973fbd-0d56-4f0a-b204-d401887ea77a" testListId="8c84fa94-04c1-424b-9868-57a2d4851a1d" />
    <TestEntry testId="2c35873b-704c-0451-50eb-601e0fe103d9" executionId="ef07ec31-61e3-4c68-b4d8-6aa01f484ea4" testListId="8c84fa94-04c1-424b-9868-57a2d4851a1d" />
    <TestEntry testId="deed243a-40fa-2590-126d-6eb4ce652c0d" executionId="f9756856-f5c2-4978-b8e3-aa97255ee7d2" testListId="8c84fa94-04c1-424b-9868-57a2d4851a1d" />
    <TestEntry testId="cb8cc9f7-73db-ceae-9aee-0022baadc1fa" executionId="1451e5a4-f054-418b-b20e-3bdd108f1fd0" testListId="8c84fa94-04c1-424b-9868-57a2d4851a1d" />
    <TestEntry testId="5a4bbf6d-6575-fc29-4105-c0aa9f01f9b3" executionId="36fe3047-c359-4e25-843e-a906c5881ef8" testListId="8c84fa94-04c1-424b-9868-57a2d4851a1d" />
    <TestEntry testId="e248031a-947f-3c71-ea22-491cef2d0c78" executionId="10b2e0d9-2396-49b9-8055-35b91371671f" testListId="8c84fa94-04c1-424b-9868-57a2d4851a1d" />
    <TestEntry testId="0c6360a7-d9d2-1748-1162-a67f8efb11e8" executionId="d6fa5f28-c340-46c8-9d19-e930f0b2f567" testListId="8c84fa94-04c1-424b-9868-57a2d4851a1d" />
    <TestEntry testId="9c45b0c8-12b8-8fcf-083e-1340d17c7f0f" executionId="46f329da-2863-41a8-804d-d413a07784b8" testListId="8c84fa94-04c1-424b-9868-57a2d4851a1d" />
    <TestEntry testId="fe82c807-4832-5e8f-08c7-a4a9914235b0" executionId="10db46fb-1251-4295-8818-bab88f46a4ed" testListId="8c84fa94-04c1-424b-9868-57a2d4851a1d" />
    <TestEntry testId="90b402e5-869a-fa3b-54b9-c773a3203aaf" executionId="a308006f-2798-4df1-9952-4d98718eeb20" testListId="8c84fa94-04c1-424b-9868-57a2d4851a1d" />
    <TestEntry testId="b3d637c9-653b-29f4-ad27-bed26a092caa" executionId="479cfc3b-f906-4df2-8757-4574cb2fcef3" testListId="8c84fa94-04c1-424b-9868-57a2d4851a1d" />
    <TestEntry testId="fccc0809-24fd-4457-0396-3bd06e83443b" executionId="666b01c3-3701-45af-836d-37c0e20d0dea" testListId="8c84fa94-04c1-424b-9868-57a2d4851a1d" />
    <TestEntry testId="5357c825-e1ff-1bda-e30c-2434dff3dea0" executionId="5037da2f-ffde-4867-a7ea-abace59bd93f" testListId="8c84fa94-04c1-424b-9868-57a2d4851a1d" />
    <TestEntry testId="2614e9c9-d868-e53f-d1f7-c14b411ec857" executionId="4b3e4e7c-0e55-4a3e-8af0-a379f6ccd585" testListId="8c84fa94-04c1-424b-9868-57a2d4851a1d" />
    <TestEntry testId="fee07be3-891e-3721-28cf-6d8aeebec76b" executionId="de1a8ee6-0919-43a6-a3c2-178dc25e3c81" testListId="8c84fa94-04c1-424b-9868-57a2d4851a1d" />
    <TestEntry testId="92207852-7a2a-2c81-f989-bbdf5da00a26" executionId="96026e71-cc43-4adc-bae4-d3421ba7d334" testListId="8c84fa94-04c1-424b-9868-57a2d4851a1d" />
    <TestEntry testId="4636b9dc-c357-c362-b966-78bb4d5fdfce" executionId="7bb25013-ebf9-4614-a04c-841f602c03ef" testListId="8c84fa94-04c1-424b-9868-57a2d4851a1d" />
    <TestEntry testId="d8099ce0-3d7b-3f16-2d50-6618d96e18aa" executionId="02d04d7e-34af-406d-9248-884f2447766a" testListId="8c84fa94-04c1-424b-9868-57a2d4851a1d" />
    <TestEntry testId="76cad13e-0f94-4302-bc65-6fe3c2606f4a" executionId="8534b9b8-a1a8-4ba2-a4aa-31549e606d77" testListId="8c84fa94-04c1-424b-9868-57a2d4851a1d" />
    <TestEntry testId="a8699a4b-e765-863a-8e71-377c6c94430b" executionId="ad2fb737-1f22-4586-ad6d-fb6439e9fdf8" testListId="8c84fa94-04c1-424b-9868-57a2d4851a1d" />
    <TestEntry testId="f110d9a1-abdf-4b7f-90db-314822533b9b" executionId="0bae3828-c3d6-4a47-afda-8a60214c5cdc" testListId="8c84fa94-04c1-424b-9868-57a2d4851a1d" />
    <TestEntry testId="2222c258-547d-11cd-1386-8c48696d41ad" executionId="f10976ce-be75-43e0-9375-7b2bb98b0af2" testListId="8c84fa94-04c1-424b-9868-57a2d4851a1d" />
    <TestEntry testId="0ca2bb88-f51e-6212-60c1-db4f837b05e7" executionId="664be80d-65cd-48ef-b034-05b1f4114d93" testListId="8c84fa94-04c1-424b-9868-57a2d4851a1d" />
    <TestEntry testId="3e6cf1be-b217-81c9-3037-1ebd5891d541" executionId="2fb3c5ba-ec91-4657-9bcb-cda6c53100d9" testListId="8c84fa94-04c1-424b-9868-57a2d4851a1d" />
    <TestEntry testId="6c6a5b51-c931-7315-893f-b5965b12afd9" executionId="35b437d3-03a8-43eb-8b96-6f63ef856462" testListId="8c84fa94-04c1-424b-9868-57a2d4851a1d" />
    <TestEntry testId="19142c5a-2ebe-abda-bc7d-b185f6756200" executionId="7468bdc2-b4d9-4517-8331-b38ac723e47d" testListId="8c84fa94-04c1-424b-9868-57a2d4851a1d" />
    <TestEntry testId="b9ee8f06-b1e0-e65c-8d48-797b8570245b" executionId="e50900ad-ff47-46d0-a925-2cdc01788e1d" testListId="8c84fa94-04c1-424b-9868-57a2d4851a1d" />
    <TestEntry testId="33c3da15-4339-4eb0-c449-c5584b41ca07" executionId="25a5de8d-4b91-42c1-af44-9089b43e8e27" testListId="8c84fa94-04c1-424b-9868-57a2d4851a1d" />
    <TestEntry testId="1a9dd7fc-481b-b0bd-b784-100180cbed88" executionId="caad246b-1728-4b90-be57-fb841e3b09d0" testListId="8c84fa94-04c1-424b-9868-57a2d4851a1d" />
    <TestEntry testId="4a09613f-8407-92a0-3366-7fd92d6f1deb" executionId="cd191909-a739-440a-af80-d4c91245eb8b" testListId="8c84fa94-04c1-424b-9868-57a2d4851a1d" />
    <TestEntry testId="e3b7fc32-a560-5bdd-6655-6824470449c4" executionId="d377e1ee-c208-4d41-bff3-892538ca13f5" testListId="8c84fa94-04c1-424b-9868-57a2d4851a1d" />
    <TestEntry testId="a8285c5a-ff5d-0ef5-7bbd-59de8473e545" executionId="1b5bdfe2-8a66-483f-b8b2-299fd696e84a" testListId="8c84fa94-04c1-424b-9868-57a2d4851a1d" />
    <TestEntry testId="58c0e627-0e7a-25f9-e33a-982a27d9ab27" executionId="63f0db42-c410-44f7-acdb-fe37f22769f2" testListId="8c84fa94-04c1-424b-9868-57a2d4851a1d" />
    <TestEntry testId="99d05a64-eea6-24d1-334b-953a675eddcb" executionId="efc76200-afa1-4a9f-9e2b-4c415c10a5d5" testListId="8c84fa94-04c1-424b-9868-57a2d4851a1d" />
    <TestEntry testId="9337bcc5-81b9-8228-a77c-c5ba3389419b" executionId="1e598ef8-6812-44ee-aa47-d6007ebe9759" testListId="8c84fa94-04c1-424b-9868-57a2d4851a1d" />
    <TestEntry testId="36574876-c75c-9c2c-f63f-a33b2e08bafe" executionId="d96949c2-c247-492d-b888-1062d2923358" testListId="8c84fa94-04c1-424b-9868-57a2d4851a1d" />
    <TestEntry testId="eb493014-02a6-da2e-58d7-31f2c81c0ad3" executionId="d39dbd3b-5433-4533-84e2-7b77d4ccbff0" testListId="8c84fa94-04c1-424b-9868-57a2d4851a1d" />
    <TestEntry testId="aedfea85-8ba6-03d1-82b1-2f7825267932" executionId="888803c3-3589-43ae-8308-8711cb8316e3" testListId="8c84fa94-04c1-424b-9868-57a2d4851a1d" />
    <TestEntry testId="08c2d5c1-c372-09e8-b62e-a390bc297e98" executionId="34ecfe53-d98a-47f8-a13c-4c7e71c81c59" testListId="8c84fa94-04c1-424b-9868-57a2d4851a1d" />
    <TestEntry testId="8fa4b3e3-03f0-b4e5-5ef6-2270848dbaea" executionId="14bd068b-4624-4a17-bc9d-974028fb18c5" testListId="8c84fa94-04c1-424b-9868-57a2d4851a1d" />
    <TestEntry testId="d8cc969b-8c37-2fc3-817c-e2862bba2c1b" executionId="cdfc76f8-3564-4320-b63f-d628c6c98cb6" testListId="8c84fa94-04c1-424b-9868-57a2d4851a1d" />
    <TestEntry testId="e5acffa5-6e81-ead9-c8fe-656902a2823b" executionId="a7dea69b-59ad-4d6e-a90b-12ec4043aa73" testListId="8c84fa94-04c1-424b-9868-57a2d4851a1d" />
    <TestEntry testId="1c390b69-528a-eb14-787e-865cd81aa589" executionId="7818adc8-3045-49b4-9c23-e264fc61177b" testListId="8c84fa94-04c1-424b-9868-57a2d4851a1d" />
    <TestEntry testId="039b2053-9696-e2fc-b7cf-94be9b051e58" executionId="942ffae9-b1b7-43bf-affa-73e4a0ae9960" testListId="8c84fa94-04c1-424b-9868-57a2d4851a1d" />
    <TestEntry testId="840bbbf3-3f27-34a0-63ad-36f507931947" executionId="2b9a2694-8c37-43f0-85c7-3b93bbc4ea14" testListId="8c84fa94-04c1-424b-9868-57a2d4851a1d" />
    <TestEntry testId="1c4b43c9-57dd-a9ef-528f-7a1fc2c0b1aa" executionId="e9dc96c7-2000-4805-9920-e3a70e9967b1" testListId="8c84fa94-04c1-424b-9868-57a2d4851a1d" />
    <TestEntry testId="ac8a91aa-9faa-ece5-7fad-4f7d4a4bda15" executionId="ae25ac29-2c34-42b1-8f5d-1248acea8158" testListId="8c84fa94-04c1-424b-9868-57a2d4851a1d" />
    <TestEntry testId="428ca194-877b-58c2-1d15-059150b3e8bd" executionId="826a2edd-2dc4-4840-a9bf-3017b6c581ae" testListId="8c84fa94-04c1-424b-9868-57a2d4851a1d" />
    <TestEntry testId="1a58dd32-5905-3235-1c9c-08f6e3791ac8" executionId="165f0b3f-fa47-4bae-b408-1cc1a1ff8f6b" testListId="8c84fa94-04c1-424b-9868-57a2d4851a1d" />
    <TestEntry testId="87c335b7-4df9-087f-f6af-fdf355539dd5" executionId="6ebba744-67c9-437a-ab6d-a524459d9e6b" testListId="8c84fa94-04c1-424b-9868-57a2d4851a1d" />
    <TestEntry testId="b761596d-0bb6-e439-c952-5fd1de6486a8" executionId="a4a0674e-27ae-44da-ae84-763194511add" testListId="8c84fa94-04c1-424b-9868-57a2d4851a1d" />
    <TestEntry testId="611c2b42-3a78-9da0-b609-822778d9c99c" executionId="24347027-e424-446b-b154-d3a912a84135" testListId="8c84fa94-04c1-424b-9868-57a2d4851a1d" />
    <TestEntry testId="f2811ab3-964a-259d-dcb5-a2baba57df35" executionId="17e95fe8-0173-449f-8b94-ec05521025bb" testListId="8c84fa94-04c1-424b-9868-57a2d4851a1d" />
    <TestEntry testId="357aa88b-f145-46f3-b618-28ff4d234211" executionId="a286055c-9dad-4f7f-8196-a8067ccbb543" testListId="8c84fa94-04c1-424b-9868-57a2d4851a1d" />
    <TestEntry testId="12e5945d-1647-aedf-8580-e8913105986c" executionId="9766d84c-abc2-4026-a0eb-214a3510e542" testListId="8c84fa94-04c1-424b-9868-57a2d4851a1d" />
    <TestEntry testId="5c065fe3-fbf4-d20e-aa53-d906cedfcedb" executionId="e9302065-153b-444d-bb44-3e8ef3b41533" testListId="8c84fa94-04c1-424b-9868-57a2d4851a1d" />
    <TestEntry testId="8d25649c-bb68-f10a-3f91-adbbcc1f62e2" executionId="6d49b35b-57bf-4965-a728-7314721bbcff" testListId="8c84fa94-04c1-424b-9868-57a2d4851a1d" />
    <TestEntry testId="f3b1809e-1619-85f3-0ae7-a527d75ebf27" executionId="edf2c0ac-d12e-42f0-9cc6-f91b366d067a" testListId="8c84fa94-04c1-424b-9868-57a2d4851a1d" />
    <TestEntry testId="c3596006-724a-70dc-555a-d680a0ad8142" executionId="2f7e10eb-eba0-4159-b08f-6ad0b8ecd54c" testListId="8c84fa94-04c1-424b-9868-57a2d4851a1d" />
    <TestEntry testId="8ceafbe3-d7d0-98c3-025e-4971760dfaa1" executionId="4fc29d37-343b-44e1-adc1-b99378d57815" testListId="8c84fa94-04c1-424b-9868-57a2d4851a1d" />
    <TestEntry testId="ba53bfb2-0308-6453-7936-176b215ab994" executionId="4d2c3944-4274-41dd-8e09-2b6c05b0f14e" testListId="8c84fa94-04c1-424b-9868-57a2d4851a1d" />
    <TestEntry testId="decb7e26-1fd3-404d-051e-48cdc5f92655" executionId="4f35ca65-2fc5-445e-9fc8-0f2e41deeb49" testListId="8c84fa94-04c1-424b-9868-57a2d4851a1d" />
    <TestEntry testId="408fd36a-2a0e-6ae4-0cc5-a2a3c333329e" executionId="2ebecca9-de83-4ec6-b952-344ea1a0ae48" testListId="8c84fa94-04c1-424b-9868-57a2d4851a1d" />
    <TestEntry testId="5f071467-0ec7-cb4a-de4c-e26d70e1135c" executionId="282c0c73-7e95-42e6-a454-3c958450b9f4" testListId="8c84fa94-04c1-424b-9868-57a2d4851a1d" />
    <TestEntry testId="b6a46206-9dfb-de2e-5f29-2a48a9163927" executionId="5f067f29-78c3-455c-b381-db5ad23e6efc" testListId="8c84fa94-04c1-424b-9868-57a2d4851a1d" />
    <TestEntry testId="7f480d80-2bbd-e72a-a137-7779a6b33a62" executionId="8e690a1c-b1c3-441e-bcdb-f86274fbba6b" testListId="8c84fa94-04c1-424b-9868-57a2d4851a1d" />
    <TestEntry testId="26aaedf7-f3c3-e3c7-363a-4eef9f264b06" executionId="1e8813ec-7fbb-4c0c-9f93-ec19ba0f2ef1" testListId="8c84fa94-04c1-424b-9868-57a2d4851a1d" />
    <TestEntry testId="c951f1dc-19a4-4b55-2907-a54f697020e2" executionId="42cf0a73-b76f-4c10-9b77-2d2db3208ca3" testListId="8c84fa94-04c1-424b-9868-57a2d4851a1d" />
    <TestEntry testId="85d18cf4-f8f7-0149-cadc-811b02ee02d9" executionId="c6a9723a-9e6a-4369-b861-78aab6fe695d" testListId="8c84fa94-04c1-424b-9868-57a2d4851a1d" />
    <TestEntry testId="e11f5d05-8169-5ff7-5ee7-033c8b181a6d" executionId="4558b752-eac0-4e73-8e91-e63500f55dba" testListId="8c84fa94-04c1-424b-9868-57a2d4851a1d" />
    <TestEntry testId="c7b42c0e-2784-6c41-15dc-ee979b1d4d3f" executionId="aaae8db6-9529-4cdb-8743-7a2108ed4479" testListId="8c84fa94-04c1-424b-9868-57a2d4851a1d" />
    <TestEntry testId="bb734639-fb16-43f6-3b52-e96d7d28067c" executionId="db026589-8ed1-4ac7-a5c7-79d53d4aa364" testListId="8c84fa94-04c1-424b-9868-57a2d4851a1d" />
    <TestEntry testId="3ca7b289-91b8-9444-c025-ecebe5f8f48f" executionId="25161765-c6f7-4274-9a38-b34a79b5b3dd" testListId="8c84fa94-04c1-424b-9868-57a2d4851a1d" />
    <TestEntry testId="cebb697d-37f9-b96a-26b4-873974b66667" executionId="50428068-aa24-4d89-9a29-a80eadbdc876" testListId="8c84fa94-04c1-424b-9868-57a2d4851a1d" />
    <TestEntry testId="5f6760f9-7657-3111-5554-42ed5a72d76c" executionId="da234aac-5705-4a2f-9c92-92d3dbf749b3" testListId="8c84fa94-04c1-424b-9868-57a2d4851a1d" />
    <TestEntry testId="f79592c8-9574-1171-5614-c7144aa8d62a" executionId="5ceb4edb-d62e-4dee-b01d-81adda1c1716" testListId="8c84fa94-04c1-424b-9868-57a2d4851a1d" />
    <TestEntry testId="e3108ec8-5e25-f657-02ca-e68077e5c65b" executionId="1a3be7e1-f545-4100-960d-a0699afe37ba" testListId="8c84fa94-04c1-424b-9868-57a2d4851a1d" />
    <TestEntry testId="336db44f-2faa-de01-daf7-e9ab5b7313dd" executionId="8949a603-bddf-4913-b396-c68a7a8f7e3b" testListId="8c84fa94-04c1-424b-9868-57a2d4851a1d" />
    <TestEntry testId="55d7e8fb-4a68-ae5c-6f1d-f88ae14fe776" executionId="4ee5a987-a796-4243-ba47-0531da064a03" testListId="8c84fa94-04c1-424b-9868-57a2d4851a1d" />
    <TestEntry testId="5df674b6-0845-b2cd-8afd-d2e488b0d0c7" executionId="425ae9db-ed17-4b7b-b60a-9f4ae8234465" testListId="8c84fa94-04c1-424b-9868-57a2d4851a1d" />
    <TestEntry testId="2b1babeb-d0ba-35da-97f7-2b8e130d8e6f" executionId="22acd382-3e34-414d-880c-6e691e9ad853" testListId="8c84fa94-04c1-424b-9868-57a2d4851a1d" />
    <TestEntry testId="5255c104-c7be-f6e9-5f6f-6abcea6a5ba2" executionId="be3036a3-740d-41f1-85a6-80a310e97f26" testListId="8c84fa94-04c1-424b-9868-57a2d4851a1d" />
    <TestEntry testId="1663fb4e-f4a1-b0af-75a8-102de5d8b1c6" executionId="a20e3aa0-bffb-4955-99d0-de893d985b30" testListId="8c84fa94-04c1-424b-9868-57a2d4851a1d" />
    <TestEntry testId="f8e7e248-acdc-916a-4a20-0506ab973b75" executionId="240cb9ee-29be-4321-94ac-a50bcceaa555" testListId="8c84fa94-04c1-424b-9868-57a2d4851a1d" />
    <TestEntry testId="602dad3a-74b2-00a2-c766-bf018691774e" executionId="2ea8903d-766d-4f33-a89f-8c0368598af1" testListId="8c84fa94-04c1-424b-9868-57a2d4851a1d" />
    <TestEntry testId="2a3a8992-5eb9-d85e-8436-c4f7401cf226" executionId="12b59c49-b7c4-48f6-91b8-ff10e80665fa" testListId="8c84fa94-04c1-424b-9868-57a2d4851a1d" />
    <TestEntry testId="74b8f0dd-7923-258a-ffad-061810c2392a" executionId="cb98a599-2222-4a3d-ab73-48dd9221023e" testListId="8c84fa94-04c1-424b-9868-57a2d4851a1d" />
    <TestEntry testId="642c7910-1275-0f78-7481-523ab64b3cc6" executionId="a145322a-2561-4360-bf2c-b60343a24da6" testListId="8c84fa94-04c1-424b-9868-57a2d4851a1d" />
    <TestEntry testId="9980dec0-82bb-5e66-a266-90f6e092092e" executionId="2b249099-cb8a-4726-af64-857c30f7efae" testListId="8c84fa94-04c1-424b-9868-57a2d4851a1d" />
    <TestEntry testId="4c322c27-d081-6da2-3965-9699e29b5817" executionId="7d0eb289-0c03-497c-aa54-fbac4d5e1183" testListId="8c84fa94-04c1-424b-9868-57a2d4851a1d" />
    <TestEntry testId="c03c30cf-efaf-7d2d-1984-866170871d25" executionId="890f67e0-fcbd-49be-aee0-a1c339a35253" testListId="8c84fa94-04c1-424b-9868-57a2d4851a1d" />
    <TestEntry testId="a009b559-c217-c582-8843-2e82f17d8aa6" executionId="3c58f704-fb36-4f16-a5e6-f5166b3e5e61" testListId="8c84fa94-04c1-424b-9868-57a2d4851a1d" />
    <TestEntry testId="b2f6349f-dde3-f4f7-009a-2bbccc4f6607" executionId="c287ca0a-ca29-4f41-8440-c33164484e99" testListId="8c84fa94-04c1-424b-9868-57a2d4851a1d" />
    <TestEntry testId="f4af31f6-c7b2-16eb-b8ce-9c0b9901bde3" executionId="4532bd31-3064-45e2-9ee8-3ea77acbf5f1" testListId="8c84fa94-04c1-424b-9868-57a2d4851a1d" />
    <TestEntry testId="26166077-e048-bd2a-c8e7-83d8bc7db926" executionId="ec621c61-4b07-45a3-8568-b171e3046f91" testListId="8c84fa94-04c1-424b-9868-57a2d4851a1d" />
    <TestEntry testId="eb07658b-da2c-b708-db7a-933461be8e63" executionId="91c0dd0b-596c-42b8-b5b9-df6c0ba2064b" testListId="8c84fa94-04c1-424b-9868-57a2d4851a1d" />
    <TestEntry testId="8def1cfb-11a5-379b-896a-6d9d7e7b27b1" executionId="f139b876-8a46-4cb1-a15a-2201abf38d26" testListId="8c84fa94-04c1-424b-9868-57a2d4851a1d" />
    <TestEntry testId="690896ac-bb37-5cf7-d792-7478f7fc943d" executionId="30518e28-4f88-4192-9e40-6a74b060fe84" testListId="8c84fa94-04c1-424b-9868-57a2d4851a1d" />
    <TestEntry testId="1c852dfa-9b00-fe57-d01d-bc9f5949ae94" executionId="80c64c70-8929-42d6-ab1d-d99671d3a418" testListId="8c84fa94-04c1-424b-9868-57a2d4851a1d" />
    <TestEntry testId="ebc835dd-627e-352c-492e-584b9a5879f9" executionId="73de0a8c-2dc4-4a53-b799-aac0cfdd0552" testListId="8c84fa94-04c1-424b-9868-57a2d4851a1d" />
    <TestEntry testId="408c97e1-eb94-3e13-4f85-d55ace841e06" executionId="25e03ba5-5795-4973-a231-8be596110fdb" testListId="8c84fa94-04c1-424b-9868-57a2d4851a1d" />
    <TestEntry testId="85b7c4ed-df7d-3214-f235-e36b4a4b80d6" executionId="ef74b0ca-4597-4356-887d-1fee7e12c489" testListId="8c84fa94-04c1-424b-9868-57a2d4851a1d" />
    <TestEntry testId="e31bfc8b-2529-b88a-3b33-8f8ac1f6d188" executionId="6cd68042-81ea-4839-ad4e-27248ede61b5" testListId="8c84fa94-04c1-424b-9868-57a2d4851a1d" />
    <TestEntry testId="fd058c02-c1b1-34e1-3ffa-3551ce08eb07" executionId="0bbc90b6-b77a-4cf0-87f0-a8d0b554bc2a" testListId="8c84fa94-04c1-424b-9868-57a2d4851a1d" />
    <TestEntry testId="0ec4ae82-8a56-942f-cc7c-8f18c8a50514" executionId="05523bab-89ad-48fb-a373-a78cad3be09b" testListId="8c84fa94-04c1-424b-9868-57a2d4851a1d" />
    <TestEntry testId="e4995e1a-9d2e-9c42-addf-addf83d7781e" executionId="c43b800d-954f-4afa-b477-c0be73473cbe" testListId="8c84fa94-04c1-424b-9868-57a2d4851a1d" />
    <TestEntry testId="84ba4574-72a6-41c2-c017-b92e39738ed7" executionId="d07b92f1-2fc7-4dd5-bc81-e888ffc5975c" testListId="8c84fa94-04c1-424b-9868-57a2d4851a1d" />
    <TestEntry testId="30be1ba8-8dec-ac74-dacd-a90af2ca4ce7" executionId="04d7869b-981d-4cc2-9cd6-67e9f07a745e" testListId="8c84fa94-04c1-424b-9868-57a2d4851a1d" />
    <TestEntry testId="955020a2-7253-6e7c-7cc3-bbb3a972e209" executionId="150fd88f-dd0f-4497-aa09-9ba43fe9ff9a" testListId="8c84fa94-04c1-424b-9868-57a2d4851a1d" />
    <TestEntry testId="26f6843d-5eca-53a4-0713-7ad0280511d8" executionId="ff7a8ce5-b764-4a0f-acb5-e9f6e3499ef7" testListId="8c84fa94-04c1-424b-9868-57a2d4851a1d" />
    <TestEntry testId="bf27bba2-fbea-d5db-5395-e269e69533ee" executionId="f482eb6a-2bbc-4767-a671-c9eade22eafe" testListId="8c84fa94-04c1-424b-9868-57a2d4851a1d" />
    <TestEntry testId="b08eb6b8-a2d9-d153-1bc4-a456044bf6bb" executionId="5c5a0a86-8227-4dbe-83b0-33f21d61d463" testListId="8c84fa94-04c1-424b-9868-57a2d4851a1d" />
    <TestEntry testId="98d60fd5-f979-b04f-813a-5b4f58bff6a4" executionId="1f00efcb-fb84-4f7c-b351-2cc9af49040c" testListId="8c84fa94-04c1-424b-9868-57a2d4851a1d" />
    <TestEntry testId="0ce7b2f9-17a8-8c71-dfb5-c31b00442430" executionId="53b991a0-baf1-47aa-88b3-2aaf24bde77f" testListId="8c84fa94-04c1-424b-9868-57a2d4851a1d" />
    <TestEntry testId="af46bdb0-8caa-ed0c-7389-7e03d1085886" executionId="08782eb4-c6b8-4ea6-b5c9-2d71c2d86a6a" testListId="8c84fa94-04c1-424b-9868-57a2d4851a1d" />
    <TestEntry testId="ed284060-a35c-6f19-4262-5d0872a2c20a" executionId="3e5cdbbd-9817-420a-9fa4-5409df463f4d" testListId="8c84fa94-04c1-424b-9868-57a2d4851a1d" />
    <TestEntry testId="addea57a-8814-a686-b1d6-170ad8b0558e" executionId="2b8de547-e888-4598-9a67-21e899c72de4" testListId="8c84fa94-04c1-424b-9868-57a2d4851a1d" />
    <TestEntry testId="a48f8768-77bc-14d8-48f6-6816a92c4c0a" executionId="edd60c54-5224-4342-b3e3-0c21009abdd5" testListId="8c84fa94-04c1-424b-9868-57a2d4851a1d" />
    <TestEntry testId="1e4f0be7-69b3-a33c-575a-f290addba671" executionId="bd67e59f-233f-4bb7-8d52-a23ee2508f2a" testListId="8c84fa94-04c1-424b-9868-57a2d4851a1d" />
    <TestEntry testId="2e74faf9-d82a-af5b-1893-6f43170bdde5" executionId="1d8da758-a88f-42ca-abab-57bfbbfb79be" testListId="8c84fa94-04c1-424b-9868-57a2d4851a1d" />
    <TestEntry testId="c215f384-d759-0462-3f93-fb7f98ba008e" executionId="e9aa9827-ee2e-44c4-b54a-a8835a3b7f89" testListId="8c84fa94-04c1-424b-9868-57a2d4851a1d" />
    <TestEntry testId="61203c2b-fac1-ee3b-a5a4-736d5154f26c" executionId="ce83b835-b2cf-4806-bd24-d12316974dd4" testListId="8c84fa94-04c1-424b-9868-57a2d4851a1d" />
    <TestEntry testId="90bc60af-056c-e4da-8f6a-4e7a54d8edcb" executionId="3340aa43-5d96-4b93-9c58-206eb18cf625" testListId="8c84fa94-04c1-424b-9868-57a2d4851a1d" />
    <TestEntry testId="4ba37807-b858-01d5-a78a-d58c5dee0792" executionId="581f9bf0-4878-441e-8f0a-165656e9ad35" testListId="8c84fa94-04c1-424b-9868-57a2d4851a1d" />
    <TestEntry testId="dacd281d-fa32-6a36-196f-63f03beed3cf" executionId="504cb4b1-1cfe-4bef-822d-809a4d0be48a" testListId="8c84fa94-04c1-424b-9868-57a2d4851a1d" />
    <TestEntry testId="869a4a53-5865-9437-9c02-9b1317a774b2" executionId="4d4e9438-9e83-4793-8dcf-6f5a3ae97a71" testListId="8c84fa94-04c1-424b-9868-57a2d4851a1d" />
    <TestEntry testId="99eea56b-a501-2d1f-5337-803af4247826" executionId="652f1fb9-b49d-43df-a75e-07ffe7e5594c" testListId="8c84fa94-04c1-424b-9868-57a2d4851a1d" />
    <TestEntry testId="de1ec09d-41b0-176f-d8c5-04aac229e635" executionId="fbbe1d39-ab7a-429c-98a6-d5615f09a323" testListId="8c84fa94-04c1-424b-9868-57a2d4851a1d" />
    <TestEntry testId="268a44c4-5503-ae8c-9a86-ce9a204f913e" executionId="259b767d-fafc-4bc6-b5fa-a0f4392e0fb3" testListId="8c84fa94-04c1-424b-9868-57a2d4851a1d" />
    <TestEntry testId="84b988bf-d44b-4698-fb27-4782957d3dee" executionId="64755bf2-4b48-49f4-8987-6296c1b1783e" testListId="8c84fa94-04c1-424b-9868-57a2d4851a1d" />
    <TestEntry testId="d0f53a30-d3a3-ea4f-ad42-7fa051a559d2" executionId="a85d5ea4-89b7-4a8d-83fd-e0c689cddb29" testListId="8c84fa94-04c1-424b-9868-57a2d4851a1d" />
    <TestEntry testId="bc47c777-b840-2a5f-66e4-98b5b2140e2c" executionId="17cde046-d141-4221-b279-537d065f485f" testListId="8c84fa94-04c1-424b-9868-57a2d4851a1d" />
    <TestEntry testId="38c227eb-6fb4-f936-01c4-e003e3db2a3b" executionId="37fba126-0d71-4cca-9969-4e2ddfee0a3a" testListId="8c84fa94-04c1-424b-9868-57a2d4851a1d" />
    <TestEntry testId="4bf9f557-e5aa-6820-3243-25edb82152cd" executionId="389884e5-4b4a-41a5-a6c9-604740f2b36d" testListId="8c84fa94-04c1-424b-9868-57a2d4851a1d" />
    <TestEntry testId="2a8aeb1e-6329-52b4-6ee4-2478001a0609" executionId="61037c15-9c5d-4b43-91bd-280a29f84313" testListId="8c84fa94-04c1-424b-9868-57a2d4851a1d" />
    <TestEntry testId="f8b14395-e052-0428-5944-d990b243089b" executionId="e42450da-9ec5-4fd3-9d4c-2c6f59dd65bb" testListId="8c84fa94-04c1-424b-9868-57a2d4851a1d" />
    <TestEntry testId="bfb0ef35-4354-9b55-fc8d-a9ae1e504422" executionId="e86bac1f-f3e8-4d9f-a8de-1934acb8da26" testListId="8c84fa94-04c1-424b-9868-57a2d4851a1d" />
    <TestEntry testId="e20374bf-d2a7-0e47-aed0-8de3d57cd71b" executionId="68687183-f152-4c17-b900-74af304e0619" testListId="8c84fa94-04c1-424b-9868-57a2d4851a1d" />
    <TestEntry testId="003c62e7-b18c-96f0-42e4-4ea746a77e7a" executionId="4ef28876-9901-4d08-880b-cef1c0e60972" testListId="8c84fa94-04c1-424b-9868-57a2d4851a1d" />
    <TestEntry testId="c842dd6f-3642-d5da-f0c5-0b178afcc5f4" executionId="bf9d8919-f0db-4bdc-a661-d338eb6785ce" testListId="8c84fa94-04c1-424b-9868-57a2d4851a1d" />
    <TestEntry testId="d27e619c-c523-6639-7596-4ce8aee611b8" executionId="ed4998a9-cc36-4e72-9512-f4a6b229715f" testListId="8c84fa94-04c1-424b-9868-57a2d4851a1d" />
    <TestEntry testId="59d4ac00-0459-3cec-bbc5-180061a2de03" executionId="5a7e0f27-1177-4361-9a07-6b7b151d6990" testListId="8c84fa94-04c1-424b-9868-57a2d4851a1d" />
    <TestEntry testId="40c747f8-f393-79cf-9d54-1747fa8224b9" executionId="82fd1997-2a40-49ff-b514-6510bd7bdf6f" testListId="8c84fa94-04c1-424b-9868-57a2d4851a1d" />
    <TestEntry testId="20ec6c48-efc2-8fc3-1b63-838530f83f37" executionId="b444e17e-dd6c-4179-a089-dfd9cfbb89c1" testListId="8c84fa94-04c1-424b-9868-57a2d4851a1d" />
    <TestEntry testId="d56e476a-51a4-e2c1-ac36-f4b139422e78" executionId="b26d062c-bf32-4003-a39a-c08ce7e04c3e" testListId="8c84fa94-04c1-424b-9868-57a2d4851a1d" />
    <TestEntry testId="85472a76-c230-1b30-15bd-9370937ca35c" executionId="3354ff04-6b2b-47c7-bf0c-5b4273bfbe79" testListId="8c84fa94-04c1-424b-9868-57a2d4851a1d" />
    <TestEntry testId="8a0cab33-6b5e-391e-95f0-395755847c75" executionId="92f2829f-efd8-48a8-bf67-25167dd34a27" testListId="8c84fa94-04c1-424b-9868-57a2d4851a1d" />
    <TestEntry testId="a58d2151-c40f-b31b-6cf5-e8280bd8e1c5" executionId="f86b1121-95ec-414e-b03e-981412d000ac" testListId="8c84fa94-04c1-424b-9868-57a2d4851a1d" />
    <TestEntry testId="54cdea7b-0376-4ef7-ebb0-2116290314a6" executionId="03e0df60-cdd6-48df-b87c-305ab1a27745" testListId="8c84fa94-04c1-424b-9868-57a2d4851a1d" />
    <TestEntry testId="a5d60cd1-f71a-58c1-12cf-0fb8e7f4031f" executionId="4eb41ee2-35a9-4d18-b8a7-a609b5e72a04" testListId="8c84fa94-04c1-424b-9868-57a2d4851a1d" />
    <TestEntry testId="5952ca8e-70e4-edb2-48cb-00ef9fcb94d4" executionId="63ec5440-5ec8-4ca7-a2b5-da9533df026d" testListId="8c84fa94-04c1-424b-9868-57a2d4851a1d" />
    <TestEntry testId="7ee1de79-7f7a-f703-68ea-2c3b2fd3b722" executionId="e9d550bf-7ba7-410b-8f77-508a4d1d85d8" testListId="8c84fa94-04c1-424b-9868-57a2d4851a1d" />
    <TestEntry testId="a10ebb89-791f-0b8d-7def-f32378661e60" executionId="a12b950b-d8a6-4131-8241-154cc1a5d3b4" testListId="8c84fa94-04c1-424b-9868-57a2d4851a1d" />
    <TestEntry testId="233d0fdf-b96e-c746-7787-2e5bd7a693cf" executionId="7ca92746-e236-432d-ba09-fe4d74a0ed58" testListId="8c84fa94-04c1-424b-9868-57a2d4851a1d" />
    <TestEntry testId="dc92e9c3-3b8b-e7f2-94a2-b88a8b54c638" executionId="30b96af8-c108-4b0f-a6a5-cfb3971f9cad" testListId="8c84fa94-04c1-424b-9868-57a2d4851a1d" />
    <TestEntry testId="e7081bd1-8a6f-b420-ad43-e27839b1b2a1" executionId="36d3efaf-12fe-44ad-b814-28fba0c8bc30" testListId="8c84fa94-04c1-424b-9868-57a2d4851a1d" />
    <TestEntry testId="1576b950-f80c-8d73-f397-fd5016206cf2" executionId="ef3a9886-d81a-4e42-9228-c4ee7ae9b88c" testListId="8c84fa94-04c1-424b-9868-57a2d4851a1d" />
    <TestEntry testId="e6cfa372-a5ab-53e9-c8e7-bb8eadfb2e48" executionId="ac9cdcf5-a69e-4249-8272-30185051596a" testListId="8c84fa94-04c1-424b-9868-57a2d4851a1d" />
    <TestEntry testId="9a7f531b-ea36-d689-2c39-a36875a895bb" executionId="56edb0fe-9039-4d11-9bd8-d5de93febebd" testListId="8c84fa94-04c1-424b-9868-57a2d4851a1d" />
    <TestEntry testId="5ece6615-6204-c2c7-d5ce-5fbcb4d47e21" executionId="029a22ea-9794-4c35-a1b3-cfc32c4f7d02" testListId="8c84fa94-04c1-424b-9868-57a2d4851a1d" />
    <TestEntry testId="c7df2786-1bf9-b767-0796-f1e6a90b1ad9" executionId="cd1f54cf-5ad5-4b32-8da2-8f4a39f446a1" testListId="8c84fa94-04c1-424b-9868-57a2d4851a1d" />
    <TestEntry testId="a934c57a-74dc-4b22-6ffd-7def539549a2" executionId="268c8b33-75c2-4248-a84e-5df0c1f2e4e3" testListId="8c84fa94-04c1-424b-9868-57a2d4851a1d" />
    <TestEntry testId="f9fa6136-beb5-497d-731c-1e5e5d405870" executionId="416156a8-f9b0-445d-bbc8-3d3bb314eb95" testListId="8c84fa94-04c1-424b-9868-57a2d4851a1d" />
    <TestEntry testId="802628e8-6fb5-26fa-d1b8-23fa66f773bb" executionId="b81e573d-9e23-409d-a6af-1c45b55c8b30" testListId="8c84fa94-04c1-424b-9868-57a2d4851a1d" />
    <TestEntry testId="45d8fc59-1a97-3295-4aa4-9068d7523d50" executionId="5fadac2c-50ae-4028-8756-8b3478567b31" testListId="8c84fa94-04c1-424b-9868-57a2d4851a1d" />
    <TestEntry testId="900c9cd5-08a4-4d6a-4132-97a4eb93252f" executionId="5e4e4372-05d1-4f86-a92a-7a58063c0218" testListId="8c84fa94-04c1-424b-9868-57a2d4851a1d" />
    <TestEntry testId="b6b3d141-f8a0-c55c-b1a6-650c04389773" executionId="b8babfbc-d567-413c-abe0-54b6b563043a" testListId="8c84fa94-04c1-424b-9868-57a2d4851a1d" />
    <TestEntry testId="8f4d98c4-c4c3-3370-b9b4-f84d99ebe3e0" executionId="3e835ab9-b4b7-4b29-99eb-bd460b5534c9" testListId="8c84fa94-04c1-424b-9868-57a2d4851a1d" />
    <TestEntry testId="9b14ca91-25cd-257b-17f2-e1b151f28db5" executionId="f9a9e365-ab47-4cf0-8c2f-e33bdf582308" testListId="8c84fa94-04c1-424b-9868-57a2d4851a1d" />
    <TestEntry testId="0cc146fb-7b5e-0f5b-f703-d063678bf0c1" executionId="ee07bd33-e338-49eb-8b04-e567ccd7cbec" testListId="8c84fa94-04c1-424b-9868-57a2d4851a1d" />
    <TestEntry testId="9a3fbbbb-f996-7a27-25e0-852ec5b46dd8" executionId="0de1aade-911e-48cb-92d9-dc51cab4baf5" testListId="8c84fa94-04c1-424b-9868-57a2d4851a1d" />
    <TestEntry testId="3dffb522-9ea9-2761-a867-9254d83c0b38" executionId="ac6b07e7-7ace-4460-878f-97cc6d07995e" testListId="8c84fa94-04c1-424b-9868-57a2d4851a1d" />
    <TestEntry testId="075fcecb-44cd-df6e-55bf-ba09e624e1d1" executionId="df74e9f8-1775-41d1-968a-415f8aed2c79" testListId="8c84fa94-04c1-424b-9868-57a2d4851a1d" />
    <TestEntry testId="991cfc23-cd42-d572-2745-364bc3e13cbc" executionId="9021dcdb-b557-4e90-bcd2-8f64dd65f3d7" testListId="8c84fa94-04c1-424b-9868-57a2d4851a1d" />
    <TestEntry testId="474ab277-6c31-1153-3cae-5919c48855fc" executionId="9fea818f-9fee-40c1-95f3-be53e7bc8369" testListId="8c84fa94-04c1-424b-9868-57a2d4851a1d" />
    <TestEntry testId="a2a4d979-bf79-d5c5-c522-a313408e9fa1" executionId="1a0cf6b2-5a65-4cd2-87b9-97b757d9a2e3" testListId="8c84fa94-04c1-424b-9868-57a2d4851a1d" />
    <TestEntry testId="2dbd46d0-8c54-2724-aaff-586ac0b36aea" executionId="66d42c21-84ff-455a-b180-b8965cab26c4" testListId="8c84fa94-04c1-424b-9868-57a2d4851a1d" />
    <TestEntry testId="650b2554-02d7-52d8-edb9-78b1fa4e805c" executionId="f0ae6e8c-da0d-4b2f-83bb-d2262fc6185b" testListId="8c84fa94-04c1-424b-9868-57a2d4851a1d" />
    <TestEntry testId="0996da3d-5125-1586-6301-d0ce39bfc9f0" executionId="bbf655ee-00bc-42e6-a76c-7a2247c07efc" testListId="8c84fa94-04c1-424b-9868-57a2d4851a1d" />
    <TestEntry testId="e41ab18c-946b-f40d-841d-591d38d952a0" executionId="b350000c-ac0f-40d0-abb7-f8c19d8a7dfb" testListId="8c84fa94-04c1-424b-9868-57a2d4851a1d" />
    <TestEntry testId="c79bcd43-4941-57ea-1a79-3475c0674753" executionId="963ac510-b58b-4a63-939b-7115fc2c2a61" testListId="8c84fa94-04c1-424b-9868-57a2d4851a1d" />
    <TestEntry testId="6988a5e0-e3c4-d15b-8e6e-ee49205b2a61" executionId="0b977aa9-ef76-460f-b29a-ed2d38e1cbbb" testListId="8c84fa94-04c1-424b-9868-57a2d4851a1d" />
    <TestEntry testId="5f69b9c8-39a0-f558-d8b2-db730d17b04b" executionId="464d6b90-bdd3-4f3c-8316-00ff36393a65" testListId="8c84fa94-04c1-424b-9868-57a2d4851a1d" />
    <TestEntry testId="4c381978-12d5-0e6f-00d2-6b440f9dc78e" executionId="57c04990-4657-4dd1-8cb6-0f412c46c66f" testListId="8c84fa94-04c1-424b-9868-57a2d4851a1d" />
    <TestEntry testId="95735401-57f2-29c2-af3c-690c72a34c67" executionId="ca105170-46b2-422e-8cea-2acbd4be8dd8" testListId="8c84fa94-04c1-424b-9868-57a2d4851a1d" />
    <TestEntry testId="b2d1aeaa-91be-0e1b-799c-a198487e8821" executionId="dd6ab6d4-0008-4414-a381-b4078b1833e5" testListId="8c84fa94-04c1-424b-9868-57a2d4851a1d" />
    <TestEntry testId="5ac6fcfc-6af8-3974-71bf-61bafe388d40" executionId="fee28f6a-a23f-46b3-a187-04ab61679f0e" testListId="8c84fa94-04c1-424b-9868-57a2d4851a1d" />
    <TestEntry testId="995ee61d-cf31-f76d-10a8-999e574d493d" executionId="02866ddd-81c4-4e9d-8446-2a513fb946d3" testListId="8c84fa94-04c1-424b-9868-57a2d4851a1d" />
    <TestEntry testId="d39ffd11-f37b-9674-d0d6-e10d28803318" executionId="79714649-4cb0-4ed8-af1e-9033c8fa5f84" testListId="8c84fa94-04c1-424b-9868-57a2d4851a1d" />
    <TestEntry testId="6538f49f-5d7b-7bbc-9eb9-20372d121d3a" executionId="cba93a2f-9fe1-491c-99e5-3305f142763e" testListId="8c84fa94-04c1-424b-9868-57a2d4851a1d" />
    <TestEntry testId="23d822b9-5805-a7e4-84d0-61bec1cc15fa" executionId="b94a1063-8e1a-4ada-9825-8b4ba7f899ea" testListId="8c84fa94-04c1-424b-9868-57a2d4851a1d" />
    <TestEntry testId="6e95ef38-6c10-c578-d203-7b7ac687fd95" executionId="29a158af-dffa-4bc2-87bd-c3c9d5cc6873" testListId="8c84fa94-04c1-424b-9868-57a2d4851a1d" />
    <TestEntry testId="1c05d64a-8908-e7fc-26cc-a3403a01b18a" executionId="9c9b797a-1fb1-498a-8e7d-68a16a869154" testListId="8c84fa94-04c1-424b-9868-57a2d4851a1d" />
    <TestEntry testId="1e407488-9201-420d-35b5-15b3a1904cc0" executionId="6bd3200b-c1a4-419f-bf79-5cd5c0aeaac9" testListId="8c84fa94-04c1-424b-9868-57a2d4851a1d" />
    <TestEntry testId="0c1131d6-ea34-9cb2-b6c6-1fc76226faa0" executionId="ac1a1748-bcab-42ec-96d2-4d6f73b8c4d0" testListId="8c84fa94-04c1-424b-9868-57a2d4851a1d" />
    <TestEntry testId="5bf2d8f9-261a-68f8-0490-6149538c958f" executionId="2c083fd3-d673-4fec-9ae7-b4868359c5ad" testListId="8c84fa94-04c1-424b-9868-57a2d4851a1d" />
    <TestEntry testId="58114127-3d07-75a5-3479-5709c3808709" executionId="5f51b933-cee7-4680-b56a-dccd2f360d75" testListId="8c84fa94-04c1-424b-9868-57a2d4851a1d" />
    <TestEntry testId="fef1b3c8-b705-02f6-d7e4-83524813e7b5" executionId="8293a4fd-e77e-41ea-8c64-2a46b0b93031" testListId="8c84fa94-04c1-424b-9868-57a2d4851a1d" />
    <TestEntry testId="37efe3a0-8dfb-2c87-4cda-e6528220711e" executionId="0b959872-da6a-4cd5-8129-d55320b7ea49" testListId="8c84fa94-04c1-424b-9868-57a2d4851a1d" />
    <TestEntry testId="0e1ecbc3-3cb2-c334-5b60-0347f5b8c7b9" executionId="ff77c2ca-331b-4ae1-b606-6d371dd56953" testListId="8c84fa94-04c1-424b-9868-57a2d4851a1d" />
    <TestEntry testId="9c635f9f-e840-1299-44fc-4dafb07bd703" executionId="167c3d04-9a68-49be-baee-c11fc3778aad" testListId="8c84fa94-04c1-424b-9868-57a2d4851a1d" />
    <TestEntry testId="a9041abb-6544-b2ae-80ca-adbdbda94a5e" executionId="87330ee9-4408-447d-b80a-5fb50cc3a7c1" testListId="8c84fa94-04c1-424b-9868-57a2d4851a1d" />
    <TestEntry testId="0de3df14-d764-433d-787a-88d2b74272fa" executionId="ceef9fdc-24d7-4f11-9580-4aa69f74bf2f" testListId="8c84fa94-04c1-424b-9868-57a2d4851a1d" />
    <TestEntry testId="bd07fc63-b1a9-794c-a08b-5365e5040798" executionId="42990869-36fb-4014-b3f3-bab0f4b34fff" testListId="8c84fa94-04c1-424b-9868-57a2d4851a1d" />
    <TestEntry testId="39ab428f-3f0b-9401-d49a-b020021c99dc" executionId="39367f1c-a180-442d-8633-f944f0d523bf" testListId="8c84fa94-04c1-424b-9868-57a2d4851a1d" />
    <TestEntry testId="b3878c29-14ab-db60-6faa-179c0a00f93e" executionId="84cc476d-dd2b-497c-b58a-0dd9e680604d" testListId="8c84fa94-04c1-424b-9868-57a2d4851a1d" />
    <TestEntry testId="ee6101ba-ad61-7adb-201f-a422cd06f889" executionId="5c03262e-1b7f-4e06-828a-764e52e67531" testListId="8c84fa94-04c1-424b-9868-57a2d4851a1d" />
    <TestEntry testId="ffff5eee-6bd2-e1c0-d4a9-065ab23fd5df" executionId="d3257a6d-ded3-4480-8f84-414e65f89929" testListId="8c84fa94-04c1-424b-9868-57a2d4851a1d" />
    <TestEntry testId="205161d4-07bf-cbb2-5347-aad5382f0e04" executionId="aed65521-a297-4a08-bd6b-ee2fc949eb8d" testListId="8c84fa94-04c1-424b-9868-57a2d4851a1d" />
    <TestEntry testId="6e3732cf-5956-413f-542b-a6e096db976f" executionId="a9dedaf4-037c-4a56-be78-dd6cb2dbe427" testListId="8c84fa94-04c1-424b-9868-57a2d4851a1d" />
    <TestEntry testId="5f36fb77-a0ea-2cc3-265d-6c998397aeaf" executionId="85137fed-c08c-482f-92ee-7abff4a800f4" testListId="8c84fa94-04c1-424b-9868-57a2d4851a1d" />
    <TestEntry testId="164928c8-2be5-ec25-909d-bc85b0d98fe1" executionId="04d8c4d3-c081-4903-bf21-23bcfe1e1bc3" testListId="8c84fa94-04c1-424b-9868-57a2d4851a1d" />
    <TestEntry testId="9daadc09-6923-50c6-5775-ef427c942571" executionId="8dabfc1b-ede4-4be9-b7b9-96031f85346f" testListId="8c84fa94-04c1-424b-9868-57a2d4851a1d" />
    <TestEntry testId="52ea9e02-ac65-5d36-73b4-e150a0471321" executionId="2b6b9e79-fdb3-4836-8e48-a99b251706d9" testListId="8c84fa94-04c1-424b-9868-57a2d4851a1d" />
    <TestEntry testId="1e192e21-2c30-3923-bddb-f666d4114352" executionId="1ca42d46-8f79-4712-9603-f341465c7243" testListId="8c84fa94-04c1-424b-9868-57a2d4851a1d" />
    <TestEntry testId="75856244-3f12-79b4-5d1e-98e476567652" executionId="2081a677-d08d-44dc-9271-5f3bc3668baa" testListId="8c84fa94-04c1-424b-9868-57a2d4851a1d" />
    <TestEntry testId="41f8fd8b-1fd0-8f0c-2ac2-c1c1c693194e" executionId="465e05fb-7793-4425-abce-8c39a106addb" testListId="8c84fa94-04c1-424b-9868-57a2d4851a1d" />
    <TestEntry testId="eb91648c-5df5-c842-8817-ad45d8ac6975" executionId="adf39c30-06fa-423b-a162-a6d04f6ff646" testListId="8c84fa94-04c1-424b-9868-57a2d4851a1d" />
    <TestEntry testId="717d97e0-0717-e53f-b90c-82a677769740" executionId="4ddf4326-88ac-45ed-8fdb-f7e9b6554185" testListId="8c84fa94-04c1-424b-9868-57a2d4851a1d" />
    <TestEntry testId="70bb42e0-bf26-6c57-0a75-355d85662aea" executionId="169406f5-ee33-4d7d-acc9-8caf3af6ec66" testListId="8c84fa94-04c1-424b-9868-57a2d4851a1d" />
    <TestEntry testId="35ad68a0-6068-2419-2ce2-20b8f09b6b5f" executionId="e4a62df7-c41e-4f92-b6dc-82996dc6cc5f" testListId="8c84fa94-04c1-424b-9868-57a2d4851a1d" />
    <TestEntry testId="daac7a8a-7926-eba0-bb67-56c7d76c0421" executionId="0f3822ee-146e-4c3a-b0c9-8e08df7189be" testListId="8c84fa94-04c1-424b-9868-57a2d4851a1d" />
    <TestEntry testId="784278f8-76d7-4e45-f1a2-2e6a30fea534" executionId="c0042249-456e-4bec-b79e-baa7f959279e" testListId="8c84fa94-04c1-424b-9868-57a2d4851a1d" />
    <TestEntry testId="061fc792-1586-13e9-170d-fb893a208d7e" executionId="ee5044c1-735d-4bc1-bd43-ac084a166afa" testListId="8c84fa94-04c1-424b-9868-57a2d4851a1d" />
    <TestEntry testId="bfa3d061-b315-c94a-94a5-f42fe237084c" executionId="34ddd405-d1d7-4eb2-a7d9-953de2b71966" testListId="8c84fa94-04c1-424b-9868-57a2d4851a1d" />
    <TestEntry testId="61f6fd19-bbe5-4704-f515-a237e9dab43f" executionId="cf5c4d7c-ecce-4ccd-80be-848346e43ff1" testListId="8c84fa94-04c1-424b-9868-57a2d4851a1d" />
    <TestEntry testId="2186a4a8-dd5a-64b1-6125-6bc3f0007449" executionId="6060dadb-f92b-4547-9b3b-36bc412fb891" testListId="8c84fa94-04c1-424b-9868-57a2d4851a1d" />
    <TestEntry testId="f7279989-4bc5-0c33-00fc-cfa3ed7ee7c2" executionId="8523ac88-3e6c-44f7-a4b9-f80a8c2e7170" testListId="8c84fa94-04c1-424b-9868-57a2d4851a1d" />
    <TestEntry testId="58e31f6e-171c-0b1e-1a59-a28ee9ceb558" executionId="e250e92f-985b-4e39-a03f-24831e5e5f2a" testListId="8c84fa94-04c1-424b-9868-57a2d4851a1d" />
    <TestEntry testId="46f9f921-8409-905b-fd67-c10fd741d586" executionId="e53f3db8-c4ec-4c25-8c30-312583bdc6dd" testListId="8c84fa94-04c1-424b-9868-57a2d4851a1d" />
    <TestEntry testId="eb7c6e32-ac7c-6c90-89b5-7243ed2764b5" executionId="82e305ed-1ff4-42cb-8d34-dec602815167" testListId="8c84fa94-04c1-424b-9868-57a2d4851a1d" />
    <TestEntry testId="42f98bb0-87b1-6dda-dbd7-4e2183c6e1fc" executionId="68a05341-cd4f-4ee5-891e-d9d5235356d9" testListId="8c84fa94-04c1-424b-9868-57a2d4851a1d" />
    <TestEntry testId="f9889f33-f105-1ec7-62b6-5f021e7834d3" executionId="b824b377-be44-48f5-af5f-53fdc355c235" testListId="8c84fa94-04c1-424b-9868-57a2d4851a1d" />
    <TestEntry testId="b032112f-1b13-3d03-bb25-b6835e6a65aa" executionId="cda9057e-717d-432d-ac28-27aab5802628" testListId="8c84fa94-04c1-424b-9868-57a2d4851a1d" />
    <TestEntry testId="6570d90c-63b9-00da-8be6-a5600bf30066" executionId="fa9ef378-6cf7-4ee3-9fec-8c752953b0ad" testListId="8c84fa94-04c1-424b-9868-57a2d4851a1d" />
    <TestEntry testId="efc688f6-51c5-f699-8cb7-1c5461d32a67" executionId="385f12b5-e32e-46fa-8aed-7e8a65679edb" testListId="8c84fa94-04c1-424b-9868-57a2d4851a1d" />
    <TestEntry testId="9b3aca54-a7a6-01ba-a59e-c7ffccc5373c" executionId="10e1fa17-983c-49a2-82cb-f3fa2e8be45d" testListId="8c84fa94-04c1-424b-9868-57a2d4851a1d" />
    <TestEntry testId="5953e489-8e93-9250-74c3-3b872693bf55" executionId="46452ad3-f011-42c2-9e27-f4e07ab62a6b" testListId="8c84fa94-04c1-424b-9868-57a2d4851a1d" />
    <TestEntry testId="949725dd-6b3f-d5d7-b7d9-9c14ac78c384" executionId="c636a732-4264-4892-b8b9-c56509ed5d05" testListId="8c84fa94-04c1-424b-9868-57a2d4851a1d" />
    <TestEntry testId="e216f40a-3ef3-72ab-2a84-255bbe39f29c" executionId="f49aa25c-b6e7-4e4e-83b5-7ef221e3e14e" testListId="8c84fa94-04c1-424b-9868-57a2d4851a1d" />
    <TestEntry testId="6b86ceca-2f85-c94e-44dd-a3b163e0561d" executionId="abfdbd98-bc7b-4d04-ab08-5a5ee97dd436" testListId="8c84fa94-04c1-424b-9868-57a2d4851a1d" />
    <TestEntry testId="b26fd199-5751-1edb-3441-9e034fa75fc4" executionId="484b0bb7-d600-4430-8749-2053dc2ca73c" testListId="8c84fa94-04c1-424b-9868-57a2d4851a1d" />
    <TestEntry testId="c4e3c8c0-1ebe-3cd1-d917-4f93b953f5b8" executionId="f715b101-9862-488b-9bdd-dd6443faaf18" testListId="8c84fa94-04c1-424b-9868-57a2d4851a1d" />
    <TestEntry testId="d3d196c7-5027-eb74-42ce-f8cbef50513d" executionId="c8345167-c2d7-489c-b0d9-dea12d5de4ea" testListId="8c84fa94-04c1-424b-9868-57a2d4851a1d" />
    <TestEntry testId="761013b5-b9e0-c937-44c7-284fa21bfd8b" executionId="8268347b-03cc-4ea5-ac34-d13f3488d17d" testListId="8c84fa94-04c1-424b-9868-57a2d4851a1d" />
    <TestEntry testId="51d1c213-681f-7d0e-399c-633ebef10cbe" executionId="47810df5-12a1-47f1-a18a-eee540619535" testListId="8c84fa94-04c1-424b-9868-57a2d4851a1d" />
    <TestEntry testId="398b03d6-8db0-a876-f4f2-221b13127931" executionId="6148e932-9f22-4799-8dc0-c0bc1c080694" testListId="8c84fa94-04c1-424b-9868-57a2d4851a1d" />
    <TestEntry testId="5101038b-8cb6-f6fb-5eaf-1a6d1899d07c" executionId="9d9774b8-6471-470e-a02f-b21588dd97bd" testListId="8c84fa94-04c1-424b-9868-57a2d4851a1d" />
    <TestEntry testId="e99f45ea-08bf-c5d2-cb75-357169094869" executionId="962bf6e5-c3ff-4785-b1ee-d01c014cff2e" testListId="8c84fa94-04c1-424b-9868-57a2d4851a1d" />
    <TestEntry testId="fce86640-7e77-7a11-65ba-3862fe3a10da" executionId="35141057-79f6-4bf3-86a2-dbb9f78829b9" testListId="8c84fa94-04c1-424b-9868-57a2d4851a1d" />
    <TestEntry testId="c44abdd5-f222-3297-c803-b1ba133feffe" executionId="2159c0cb-c5f2-495e-92f2-8ae8fbcdb040" testListId="8c84fa94-04c1-424b-9868-57a2d4851a1d" />
    <TestEntry testId="923a054c-7a41-a6c0-9550-1aabab7edebe" executionId="b9cd5ab7-df6c-47d3-ae49-52cdd8aa7f18" testListId="8c84fa94-04c1-424b-9868-57a2d4851a1d" />
    <TestEntry testId="e5ec1b44-2ff0-dc1a-6ce7-de52cb9f8435" executionId="857b5b57-ca0b-4fad-9fa9-7f951e6f841a" testListId="8c84fa94-04c1-424b-9868-57a2d4851a1d" />
    <TestEntry testId="d7d1d95e-637f-4df3-7404-cac2d45fd7fa" executionId="58169f01-e204-4dd3-ab46-bdb57d3dc8c9" testListId="8c84fa94-04c1-424b-9868-57a2d4851a1d" />
    <TestEntry testId="dccd4db1-9957-7cd8-dfb6-b18a4ebc4ad0" executionId="939266a9-0c69-4497-925e-9848d3e3c7e2" testListId="8c84fa94-04c1-424b-9868-57a2d4851a1d" />
    <TestEntry testId="cd25b06b-0fa5-8e76-d488-b4b3e1f3fe07" executionId="8a1beff4-0705-4861-af4e-de2931a84aa9" testListId="8c84fa94-04c1-424b-9868-57a2d4851a1d" />
    <TestEntry testId="727d3ba8-cdbd-539c-f6d6-debf67adbd75" executionId="5d6b12e3-fc4d-4f2b-af38-e26b4318b01a" testListId="8c84fa94-04c1-424b-9868-57a2d4851a1d" />
    <TestEntry testId="699aa23a-a690-202e-34c8-678043f318df" executionId="14b446a5-b168-42df-968a-cdeb22c69a2b" testListId="8c84fa94-04c1-424b-9868-57a2d4851a1d" />
    <TestEntry testId="884b6599-11eb-5f0f-c83b-e4b1cf43552e" executionId="9efbc42a-8ff1-47a2-ba6c-6b9f784e35b5" testListId="8c84fa94-04c1-424b-9868-57a2d4851a1d" />
    <TestEntry testId="bf05de6b-3ba4-d636-d021-e8b47b9983fe" executionId="3b06f709-a0cf-46da-aa5c-62ebdcd602ec" testListId="8c84fa94-04c1-424b-9868-57a2d4851a1d" />
    <TestEntry testId="dde92228-ea2f-17cc-b452-172658441c35" executionId="154d884b-68b7-4157-8263-c168e547653e" testListId="8c84fa94-04c1-424b-9868-57a2d4851a1d" />
    <TestEntry testId="a7694aa5-8391-34f7-f555-d2d27c05360f" executionId="f1734bc7-5791-4e70-b9ef-86a935bc83b9" testListId="8c84fa94-04c1-424b-9868-57a2d4851a1d" />
    <TestEntry testId="f916698f-dd5d-8796-5425-1978a515b4f7" executionId="c57eefc9-03ce-46b1-aac7-319cfc5bd49f" testListId="8c84fa94-04c1-424b-9868-57a2d4851a1d" />
    <TestEntry testId="539ad0e3-4821-f0db-7979-436499efaef0" executionId="3b217ceb-6214-413f-a428-90bc113f5d65" testListId="8c84fa94-04c1-424b-9868-57a2d4851a1d" />
    <TestEntry testId="eff3c6d5-40b9-e2ff-1d79-e411426c2b2a" executionId="7ad704e9-3287-47b0-9202-3e6accc9fcbe" testListId="8c84fa94-04c1-424b-9868-57a2d4851a1d" />
    <TestEntry testId="337224f0-3955-4c64-79db-ba1aa0230c85" executionId="fd3c2dea-6e7e-4279-b673-c67df983efd1" testListId="8c84fa94-04c1-424b-9868-57a2d4851a1d" />
    <TestEntry testId="9fe0ac2f-ab66-4b54-8a8c-84f88632f43c" executionId="150400dc-1582-435b-b230-ce38c3e71ab3" testListId="8c84fa94-04c1-424b-9868-57a2d4851a1d" />
    <TestEntry testId="cea13dec-3b36-ea5b-7908-459731bcb8c9" executionId="7dbac754-9ce8-48b1-bbe8-28208af51b02" testListId="8c84fa94-04c1-424b-9868-57a2d4851a1d" />
    <TestEntry testId="94814152-72a2-cd6c-3d16-d7d4f6da9295" executionId="f79202f7-129d-40c6-aa0c-06c4253d9794" testListId="8c84fa94-04c1-424b-9868-57a2d4851a1d" />
    <TestEntry testId="29d684b0-2e25-416c-2170-4e35876ac66b" executionId="d175fe41-5ff5-4c28-a1bb-38ee62b1bf1f" testListId="8c84fa94-04c1-424b-9868-57a2d4851a1d" />
    <TestEntry testId="b50d08d6-71f6-7129-9121-e1241e00d3da" executionId="610db3eb-9f0c-452e-a51f-76082c0d0265" testListId="8c84fa94-04c1-424b-9868-57a2d4851a1d" />
    <TestEntry testId="742b2523-e5f6-be7c-a475-4a45a0ba3c3d" executionId="a9659f82-f3dd-4ff5-9c93-14c896bde5ea" testListId="8c84fa94-04c1-424b-9868-57a2d4851a1d" />
    <TestEntry testId="73af6511-ffa7-e421-18c8-fb52dd1ac962" executionId="e778fecc-2185-4c74-8117-e1f1f812425f" testListId="8c84fa94-04c1-424b-9868-57a2d4851a1d" />
    <TestEntry testId="1bcf4c58-79ba-fb44-0a8b-d2a1c4db358c" executionId="0be3f816-8c92-4301-8944-9c7259308e77" testListId="8c84fa94-04c1-424b-9868-57a2d4851a1d" />
    <TestEntry testId="f7d720fb-6680-8f75-f55b-8e297214e998" executionId="fcbfcb18-a35b-48c4-beac-7fc2b2c636d5" testListId="8c84fa94-04c1-424b-9868-57a2d4851a1d" />
    <TestEntry testId="c1df03bc-3ebe-9ec4-9761-68311864ed1a" executionId="28e24bbd-a474-4966-8b35-7c7105dff986" testListId="8c84fa94-04c1-424b-9868-57a2d4851a1d" />
    <TestEntry testId="e4a88615-e2e1-b749-456a-476e94ae800f" executionId="c5848632-24c1-4b17-b855-422c21020278" testListId="8c84fa94-04c1-424b-9868-57a2d4851a1d" />
    <TestEntry testId="aad384e0-fb1c-a4db-5b18-8de78999ea17" executionId="75814fca-6d2f-4f8e-810f-99e3566df8d7" testListId="8c84fa94-04c1-424b-9868-57a2d4851a1d" />
    <TestEntry testId="776e0dd6-b1b2-f697-5012-1b5260370892" executionId="274d2f46-64a0-461a-b2bf-4d23c58cf863" testListId="8c84fa94-04c1-424b-9868-57a2d4851a1d" />
    <TestEntry testId="3149481f-7dc8-faae-4c4e-8462de35554d" executionId="b503cfd0-3a06-47cd-a4f0-ab40bf0ed551" testListId="8c84fa94-04c1-424b-9868-57a2d4851a1d" />
    <TestEntry testId="08d5354d-699d-8725-8bb7-e562f20aaa25" executionId="8c1dffcf-755b-4447-8f6c-f44baa170f96" testListId="8c84fa94-04c1-424b-9868-57a2d4851a1d" />
    <TestEntry testId="dc72d8ed-219f-3c19-7d99-f2f2f2b8832a" executionId="7976820a-0445-4fb7-9e46-ad5bdb2a5b70" testListId="8c84fa94-04c1-424b-9868-57a2d4851a1d" />
    <TestEntry testId="1c8f06c1-d531-699b-6c87-a9ec84e3b218" executionId="bd2d252b-809d-49b7-9787-cadb62466646" testListId="8c84fa94-04c1-424b-9868-57a2d4851a1d" />
    <TestEntry testId="73a1826e-5ec3-5747-b3b5-b6cf510ee279" executionId="cace0f28-4fa5-4a1f-98aa-a455545663f8" testListId="8c84fa94-04c1-424b-9868-57a2d4851a1d" />
    <TestEntry testId="6d888fa8-f384-f779-02a9-7a19a58d6faa" executionId="c066d408-3a79-4a28-bff6-ecd26e89d875" testListId="8c84fa94-04c1-424b-9868-57a2d4851a1d" />
    <TestEntry testId="2ae0a91b-6259-6398-9a29-15a94e48c068" executionId="2a71cf52-b87a-4ba6-9466-f468e670e814" testListId="8c84fa94-04c1-424b-9868-57a2d4851a1d" />
    <TestEntry testId="ae02b7b8-73a6-db4e-d23a-5f1b21336a35" executionId="e5b39f6c-6552-45b0-b474-917f0f52e283" testListId="8c84fa94-04c1-424b-9868-57a2d4851a1d" />
    <TestEntry testId="b83e952d-9f82-33ae-92bb-4cfc0c2f69f0" executionId="d2a6bc74-4c36-4576-a820-2b43004510a6" testListId="8c84fa94-04c1-424b-9868-57a2d4851a1d" />
    <TestEntry testId="a0714c12-3e58-85c8-097c-620c64485b34" executionId="7bf11497-b185-4d22-a1d3-e244a9c0cdfc" testListId="8c84fa94-04c1-424b-9868-57a2d4851a1d" />
    <TestEntry testId="94da58dc-f615-cfce-cd34-57628676c325" executionId="020ac058-2d3a-4a88-aead-ab702eb439c5" testListId="8c84fa94-04c1-424b-9868-57a2d4851a1d" />
    <TestEntry testId="78e2fc07-3385-1fe5-87fc-6c04b14d7e26" executionId="cb5894f4-6f09-4da9-9801-27e1f68902d4" testListId="8c84fa94-04c1-424b-9868-57a2d4851a1d" />
    <TestEntry testId="a5ed42a3-3fc9-e346-cc3c-ebc90271ee9f" executionId="7acb2e72-178c-46d1-97c8-f6fba24955aa" testListId="8c84fa94-04c1-424b-9868-57a2d4851a1d" />
    <TestEntry testId="c0fd9609-2aff-305c-143c-f0e4c7c329ee" executionId="b1dde0d3-48c0-4b64-a323-258c061c86e3" testListId="8c84fa94-04c1-424b-9868-57a2d4851a1d" />
    <TestEntry testId="b4c8b4fe-75e0-393f-0de0-b15d564184ce" executionId="48183945-f644-456f-a9d2-8198ce2e61a4" testListId="8c84fa94-04c1-424b-9868-57a2d4851a1d" />
    <TestEntry testId="d68d1a12-69e1-c96a-03ca-000fe085b43c" executionId="6a25d0f0-9c32-4fb6-b003-72138918a86c" testListId="8c84fa94-04c1-424b-9868-57a2d4851a1d" />
    <TestEntry testId="a0976502-e751-41de-5d03-12010e86cc0f" executionId="fb63af05-1f8b-46f7-8235-d359bed04448" testListId="8c84fa94-04c1-424b-9868-57a2d4851a1d" />
    <TestEntry testId="ba5848f1-2b40-6b05-486c-f8baa54e4f00" executionId="2f96bd26-df61-45a6-bd38-8f903461f00c" testListId="8c84fa94-04c1-424b-9868-57a2d4851a1d" />
    <TestEntry testId="07da3716-addc-8859-8463-643cff34c532" executionId="84e810f1-4251-47d9-8b81-bf9690a6b9ca" testListId="8c84fa94-04c1-424b-9868-57a2d4851a1d" />
    <TestEntry testId="4dc871c5-4392-184b-a75d-cf44a9ce66d9" executionId="93a5bf8a-b85d-4375-8f09-d666f2a00a81" testListId="8c84fa94-04c1-424b-9868-57a2d4851a1d" />
    <TestEntry testId="147225c2-52c5-173e-279e-3603e68e2410" executionId="ad366ed8-75e7-4b9c-9c5e-bc1fc4800f23" testListId="8c84fa94-04c1-424b-9868-57a2d4851a1d" />
    <TestEntry testId="e727795f-0ad7-4c41-8cca-726339c9a3f1" executionId="2bec48f9-c337-43d8-970b-45ab8295458b" testListId="8c84fa94-04c1-424b-9868-57a2d4851a1d" />
    <TestEntry testId="753586d4-f076-28db-e6f6-02c52a229d0e" executionId="225e64f7-f3a7-4444-9cf8-960d4d36850a" testListId="8c84fa94-04c1-424b-9868-57a2d4851a1d" />
    <TestEntry testId="83de497b-d4c4-8177-19ae-00a5df08a991" executionId="080fddb0-40d9-49a0-a6b9-df0f741cd1d5" testListId="8c84fa94-04c1-424b-9868-57a2d4851a1d" />
    <TestEntry testId="3498ef96-c386-48ab-92a0-21ade1a0f55a" executionId="1c46f11d-3279-42c4-9f72-83ef9cb3a21b" testListId="8c84fa94-04c1-424b-9868-57a2d4851a1d" />
    <TestEntry testId="993ed0e9-7960-88a9-4252-c750dfd2eafd" executionId="9190aecc-db26-4d79-8902-f1b3d722b350" testListId="8c84fa94-04c1-424b-9868-57a2d4851a1d" />
    <TestEntry testId="e91cd25b-0914-e151-3d5f-581e9a917879" executionId="c30aa420-655a-464a-bc0b-7914bbfec943" testListId="8c84fa94-04c1-424b-9868-57a2d4851a1d" />
    <TestEntry testId="4ea280c9-b893-6a9a-489c-6c6af0fd440a" executionId="66871a52-8f82-4201-89c5-8e6ee167c72f" testListId="8c84fa94-04c1-424b-9868-57a2d4851a1d" />
    <TestEntry testId="ee49ee4f-0aea-f745-5775-adf4f114597b" executionId="f44b846a-0524-437f-9df2-197c4eade280" testListId="8c84fa94-04c1-424b-9868-57a2d4851a1d" />
    <TestEntry testId="863ca22f-d50c-fc54-fb74-a5af393f6244" executionId="a99a31c9-9d50-4209-a586-5f3ed27f650a" testListId="8c84fa94-04c1-424b-9868-57a2d4851a1d" />
    <TestEntry testId="4bbb7166-5d12-9430-8733-29a7dd021927" executionId="3f44d30e-b6b7-4a01-92fd-feebbd0935f0" testListId="8c84fa94-04c1-424b-9868-57a2d4851a1d" />
    <TestEntry testId="b430ccc2-f0c5-c511-ce30-e28beedbc8f3" executionId="d1726e29-782f-49f2-8865-054a4c7a5a0c" testListId="8c84fa94-04c1-424b-9868-57a2d4851a1d" />
    <TestEntry testId="c2e218d2-8bd8-8ca2-67b2-1912b12ff924" executionId="011d0c38-a4a7-4637-93ae-9d5c16e5e87b" testListId="8c84fa94-04c1-424b-9868-57a2d4851a1d" />
    <TestEntry testId="b7d79b70-654f-cdc7-c931-6bf701fefb44" executionId="cd9636b4-e390-463b-9b96-71daa6c1b384" testListId="8c84fa94-04c1-424b-9868-57a2d4851a1d" />
    <TestEntry testId="61ea485e-fcaa-fb16-c702-bad4dc7759e4" executionId="cc59ae16-9222-40e3-a901-2e2bc19ad962" testListId="8c84fa94-04c1-424b-9868-57a2d4851a1d" />
    <TestEntry testId="01207061-8f43-c08b-6323-fb99c1287977" executionId="0995ac2d-5ca3-4e3d-8722-0f90c1c13ecb" testListId="8c84fa94-04c1-424b-9868-57a2d4851a1d" />
    <TestEntry testId="e834fa8f-c7d5-14b8-347d-2a4019de90d0" executionId="e60aa661-4a50-4300-8a20-a7b30dacce1e" testListId="8c84fa94-04c1-424b-9868-57a2d4851a1d" />
    <TestEntry testId="725b1a44-1c80-b986-7899-a1c8412519ba" executionId="967772fd-f167-4860-882f-d1fb60e5bfb4" testListId="8c84fa94-04c1-424b-9868-57a2d4851a1d" />
    <TestEntry testId="5164a939-4212-4209-7f73-68f301761e1c" executionId="99f06e89-1d86-48c5-9c84-614f196ce92e" testListId="8c84fa94-04c1-424b-9868-57a2d4851a1d" />
    <TestEntry testId="dfada2d0-c1be-49a9-ed5a-cf52170e45ff" executionId="4035bea1-35fa-451e-93b9-8e889eb2ea04" testListId="8c84fa94-04c1-424b-9868-57a2d4851a1d" />
    <TestEntry testId="20edcd36-e17d-797f-d510-2fb355004c32" executionId="a11da73a-9a7b-4be9-9df0-1e5dfe59dcd6" testListId="8c84fa94-04c1-424b-9868-57a2d4851a1d" />
    <TestEntry testId="57a5b186-9c7e-8ac1-b36f-7da3eebca679" executionId="d7a7768d-b87b-4a00-a580-cb4694e24bee" testListId="8c84fa94-04c1-424b-9868-57a2d4851a1d" />
    <TestEntry testId="a1662c3e-6c90-6132-3f2b-3faf17a3029f" executionId="0aa9286f-d8a2-4aa9-8518-d21b9342565f" testListId="8c84fa94-04c1-424b-9868-57a2d4851a1d" />
    <TestEntry testId="a03d31e5-b519-df48-9108-2eaf143ef1ab" executionId="ccbd7013-1e73-4080-a080-3d8f7d681658" testListId="8c84fa94-04c1-424b-9868-57a2d4851a1d" />
    <TestEntry testId="bb43b1e4-ae50-26df-7d07-45d3d47ce979" executionId="937bd99b-23cb-41ad-a6a2-80b7e5393f8e" testListId="8c84fa94-04c1-424b-9868-57a2d4851a1d" />
    <TestEntry testId="ba5d9fe4-26ed-b4f6-b3fd-cbabc026143c" executionId="05b585b2-f6c9-4b2f-baf9-6521249f5cbe" testListId="8c84fa94-04c1-424b-9868-57a2d4851a1d" />
    <TestEntry testId="0d20a752-7960-da74-be07-a279dff8804b" executionId="3463abc5-59c7-4f48-be1a-ccf3062188d5" testListId="8c84fa94-04c1-424b-9868-57a2d4851a1d" />
    <TestEntry testId="fd5b3172-50cd-6146-6ac8-2bec6a9bb2e0" executionId="5cc8bb17-a8bc-4f71-9d56-197d4bca32da" testListId="8c84fa94-04c1-424b-9868-57a2d4851a1d" />
    <TestEntry testId="dcc07bd7-5092-b9e5-77e0-970294cc60f2" executionId="ef2cc668-e450-4eaf-becc-c669d8f450dc" testListId="8c84fa94-04c1-424b-9868-57a2d4851a1d" />
    <TestEntry testId="b610443d-1838-4432-bf23-99e0321c9778" executionId="2186e34f-e7e7-40fd-8fc7-b3300d1ad6b5" testListId="8c84fa94-04c1-424b-9868-57a2d4851a1d" />
    <TestEntry testId="1125aafd-8d66-e0c2-4d2f-689b0526b93f" executionId="53229c7c-1ae8-44d6-86f9-f13d71b69d0c" testListId="8c84fa94-04c1-424b-9868-57a2d4851a1d" />
    <TestEntry testId="a963e446-af2d-a002-68c5-1d1aef7d51e8" executionId="31b0806a-34a7-420f-bf23-3e9d4f7f8b5e" testListId="8c84fa94-04c1-424b-9868-57a2d4851a1d" />
    <TestEntry testId="dea3580e-3a09-292c-5496-d4afcd443f8b" executionId="5f00048a-a204-48bc-a331-bf9ba7470447" testListId="8c84fa94-04c1-424b-9868-57a2d4851a1d" />
    <TestEntry testId="703be512-91ea-7b47-d7fb-c0bd8c9f46c1" executionId="562cb7b6-5d2c-433f-aa7e-2828fea40321" testListId="8c84fa94-04c1-424b-9868-57a2d4851a1d" />
    <TestEntry testId="ec8fa001-e49f-551c-872e-1478e0b020bc" executionId="aa9e8b33-4216-4763-a671-7969b5dbb0d7" testListId="8c84fa94-04c1-424b-9868-57a2d4851a1d" />
    <TestEntry testId="64a850ad-5e29-6e93-1ddc-00d75c2aad72" executionId="db8f2cee-de96-46af-ad1e-2d9c1d8f0a93" testListId="8c84fa94-04c1-424b-9868-57a2d4851a1d" />
    <TestEntry testId="817a49b7-8c86-6256-a5bf-b08a90c08794" executionId="bdaf4f35-1001-4bac-ab66-168e14dd49b5" testListId="8c84fa94-04c1-424b-9868-57a2d4851a1d" />
    <TestEntry testId="ef5c9134-9612-2b86-7a01-cd472bba9065" executionId="2b009cf5-9662-464f-a093-4f02de7373ec" testListId="8c84fa94-04c1-424b-9868-57a2d4851a1d" />
    <TestEntry testId="8a388acf-f7fd-de6d-2f58-08233d5e329e" executionId="e8789f1a-6a5e-4945-b867-c381000c77d9" testListId="8c84fa94-04c1-424b-9868-57a2d4851a1d" />
    <TestEntry testId="77432722-5cee-d8a5-8112-a3e739445bce" executionId="7e41f453-86b7-4add-87a9-8f713bad91ab" testListId="8c84fa94-04c1-424b-9868-57a2d4851a1d" />
    <TestEntry testId="a58da31c-d6ed-4b36-a7ea-f71bea4cb061" executionId="4577f23f-8431-4b0a-8e49-c2567817bd0d" testListId="8c84fa94-04c1-424b-9868-57a2d4851a1d" />
    <TestEntry testId="773854c0-2e6e-556c-a55b-cb5082f671c3" executionId="7d3d3241-72a4-403e-ba2b-e2ee8e976b67" testListId="8c84fa94-04c1-424b-9868-57a2d4851a1d" />
    <TestEntry testId="39689140-f88a-3c0a-3a46-e970f9fbef4b" executionId="7c1c5d73-c04f-47a8-a320-fb43e81282d7" testListId="8c84fa94-04c1-424b-9868-57a2d4851a1d" />
    <TestEntry testId="8311232f-5b73-96eb-cc67-856a20cb6bd4" executionId="f56e4d71-2eb4-4a39-8ca6-d4aedfb770ce" testListId="8c84fa94-04c1-424b-9868-57a2d4851a1d" />
    <TestEntry testId="06e3e5ee-40d8-e10b-eebf-758ff961a15a" executionId="1057c536-6121-4c78-b987-70e4f600e02c" testListId="8c84fa94-04c1-424b-9868-57a2d4851a1d" />
    <TestEntry testId="e6914896-0f9e-8248-b539-765a2c244839" executionId="af38fb0f-eff3-4b0a-a9af-854c43fd7d31" testListId="8c84fa94-04c1-424b-9868-57a2d4851a1d" />
    <TestEntry testId="96f297f7-010e-ccbe-b014-3da76d4969c3" executionId="ceb3369e-8167-44d0-91ee-dccd1114b7a4" testListId="8c84fa94-04c1-424b-9868-57a2d4851a1d" />
    <TestEntry testId="2882027e-041e-a679-2d37-4dcacb6db3a2" executionId="a84f2add-e3d1-4ef6-b0f8-c5351e1b7487" testListId="8c84fa94-04c1-424b-9868-57a2d4851a1d" />
    <TestEntry testId="eea4a727-ddb2-888f-62e7-07ea18cdcc69" executionId="8489c87f-a26f-4b2a-9de1-5d41f9b5576a" testListId="8c84fa94-04c1-424b-9868-57a2d4851a1d" />
    <TestEntry testId="fd03b6cc-d5fd-17ab-5f8a-fdc3bbc35099" executionId="0314ad42-f918-41ba-8e89-ca69bba2121a" testListId="8c84fa94-04c1-424b-9868-57a2d4851a1d" />
    <TestEntry testId="2126a3d7-efef-0ba3-c990-5cc004ed5ed9" executionId="ba968d3e-5a16-4e01-b1ac-84e9217c961c" testListId="8c84fa94-04c1-424b-9868-57a2d4851a1d" />
    <TestEntry testId="ae1af9b6-ace7-0c50-c6e0-cfbbdbc611dc" executionId="a562036b-4df0-4516-9d2b-0d06357c9581" testListId="8c84fa94-04c1-424b-9868-57a2d4851a1d" />
    <TestEntry testId="da6386de-84e3-c7b0-b319-5c8d85da9e75" executionId="c1ec8416-006f-493f-ba8f-3de5834bc068" testListId="8c84fa94-04c1-424b-9868-57a2d4851a1d" />
    <TestEntry testId="4bb8a0e4-4b9c-7f78-8d93-a8d66232eae9" executionId="540450e2-5281-4c91-a091-267553d1f968" testListId="8c84fa94-04c1-424b-9868-57a2d4851a1d" />
    <TestEntry testId="6c34793f-a6f3-8058-34fc-6442ebc08e47" executionId="8a9661e1-d6dc-4bab-84f3-1dbefec30d8b" testListId="8c84fa94-04c1-424b-9868-57a2d4851a1d" />
    <TestEntry testId="f3ab9900-68d0-1d8c-c5b2-d58eb25d9d14" executionId="e1bde304-53ff-4e5b-a980-4ff36120d0e2" testListId="8c84fa94-04c1-424b-9868-57a2d4851a1d" />
    <TestEntry testId="f3084d89-cda3-b9fc-16df-3d5ffa9d73be" executionId="61e0d918-9bf3-405d-a6d1-7f4c72450fdc" testListId="8c84fa94-04c1-424b-9868-57a2d4851a1d" />
    <TestEntry testId="1f366cd7-3615-ea15-93e8-effdffa9e430" executionId="440070c7-1137-45e8-aded-939ba580befa" testListId="8c84fa94-04c1-424b-9868-57a2d4851a1d" />
    <TestEntry testId="b998ae54-7708-cc6c-f061-d7ae11f670af" executionId="51841f95-58ca-42ef-a754-f10ae1eda90a" testListId="8c84fa94-04c1-424b-9868-57a2d4851a1d" />
    <TestEntry testId="2973bfcc-7b2a-984f-e2ef-99a39decd1c1" executionId="e140cadc-ae4e-4a0d-b021-aec851610e00" testListId="8c84fa94-04c1-424b-9868-57a2d4851a1d" />
    <TestEntry testId="23ee9bf1-ca25-8ff0-b7d2-b8ee61230f2e" executionId="086435c8-4278-4be1-a868-ebae290c8a47" testListId="8c84fa94-04c1-424b-9868-57a2d4851a1d" />
    <TestEntry testId="426f4262-ea97-4220-480b-e6f36c13c52d" executionId="e43ca1b4-d831-4717-8da8-b9fac58513fa" testListId="8c84fa94-04c1-424b-9868-57a2d4851a1d" />
    <TestEntry testId="73433b47-eaba-3e3a-a433-dcdfa7c5634e" executionId="e07a702f-429d-4e19-b9be-f5ee114941a4" testListId="8c84fa94-04c1-424b-9868-57a2d4851a1d" />
    <TestEntry testId="57f1805f-f406-3f66-3c68-98f225709ba5" executionId="a1a56c0a-a58a-4e45-941f-161264dcce2e" testListId="8c84fa94-04c1-424b-9868-57a2d4851a1d" />
    <TestEntry testId="0ca5341d-8f9b-cf5b-83c1-85662533be56" executionId="89a859d9-edc7-4f0a-b3ae-2a22a4c6ee47" testListId="8c84fa94-04c1-424b-9868-57a2d4851a1d" />
    <TestEntry testId="84a694b2-8354-cd3a-ff22-a2de6b0b581e" executionId="d7a3e3ca-75cf-4697-8676-b19a9c0df7bd" testListId="8c84fa94-04c1-424b-9868-57a2d4851a1d" />
    <TestEntry testId="8b1f404f-6707-cd4e-37fd-e5f00af23e47" executionId="6945409f-3388-4c0a-8dcd-a9cfa211ebf9" testListId="8c84fa94-04c1-424b-9868-57a2d4851a1d" />
    <TestEntry testId="d912c71e-c0da-011d-4acc-894e7ac626a1" executionId="dc3e78a4-1817-496e-8c45-ed4c654e97f7" testListId="8c84fa94-04c1-424b-9868-57a2d4851a1d" />
    <TestEntry testId="685bc8ee-252a-0624-eee7-fce25eb39cdd" executionId="42d896c0-968b-4879-9f5d-f7a38ad18a94" testListId="8c84fa94-04c1-424b-9868-57a2d4851a1d" />
    <TestEntry testId="f9197a69-e84f-037c-2da4-4124797622dc" executionId="7f7d54c9-2232-4d62-a70d-981dfee69d3c" testListId="8c84fa94-04c1-424b-9868-57a2d4851a1d" />
    <TestEntry testId="7df383ca-baa8-b798-2990-6141bf44ad19" executionId="41a29d28-c49b-4cfc-af0d-17b87ee097aa" testListId="8c84fa94-04c1-424b-9868-57a2d4851a1d" />
    <TestEntry testId="8cf37d7b-ab2b-9d8b-5903-16a8f3409c01" executionId="11c9aecb-cb79-4fbc-a76f-b305ddb78d74" testListId="8c84fa94-04c1-424b-9868-57a2d4851a1d" />
    <TestEntry testId="28a5e745-2e74-06b3-7adf-49f1f58e769e" executionId="f3a502fd-9cf3-4fb8-b12d-1bc09bbb365d" testListId="8c84fa94-04c1-424b-9868-57a2d4851a1d" />
    <TestEntry testId="8b0936f0-4e55-fe7e-b036-f0392c76237f" executionId="6ed00a0c-63d2-489f-bde2-2919c27db785" testListId="8c84fa94-04c1-424b-9868-57a2d4851a1d" />
    <TestEntry testId="004f8d00-7021-c1c4-369e-225487d1b121" executionId="52172d8d-44ca-454c-aaf5-fb47d9567cf3" testListId="8c84fa94-04c1-424b-9868-57a2d4851a1d" />
    <TestEntry testId="60cdcb6c-1ef0-d407-72f5-02310833db16" executionId="fe63fbfe-6318-4790-9f16-cf296ef34052" testListId="8c84fa94-04c1-424b-9868-57a2d4851a1d" />
    <TestEntry testId="2179afc7-5504-0b02-24e4-fcc21a48aef2" executionId="2e3b3050-0893-4b28-836a-d73e4c29d5e9" testListId="8c84fa94-04c1-424b-9868-57a2d4851a1d" />
    <TestEntry testId="2084f781-d987-cb17-5bce-57e18517931f" executionId="6a474e46-edfa-48fc-a5f8-4f97371d0080" testListId="8c84fa94-04c1-424b-9868-57a2d4851a1d" />
    <TestEntry testId="7542de4e-8d44-a2f9-c6b6-030dc0d2df7a" executionId="2b2d7e02-c566-48cc-ba6a-f90108859011" testListId="8c84fa94-04c1-424b-9868-57a2d4851a1d" />
    <TestEntry testId="96e09641-e6ee-6ecd-d67d-7729bd2f4057" executionId="d8af8651-edcf-43b1-b823-57e087ab7baa" testListId="8c84fa94-04c1-424b-9868-57a2d4851a1d" />
    <TestEntry testId="455710f6-f563-1c30-ad7e-e5f3a8df4a4e" executionId="61f24cbe-7fb2-47cc-87ae-abf6c1c2afb8" testListId="8c84fa94-04c1-424b-9868-57a2d4851a1d" />
    <TestEntry testId="f4902e8a-7e72-0028-6876-325b511cba9f" executionId="5e23f166-0c57-4ad4-8c99-9b31bb26a51c" testListId="8c84fa94-04c1-424b-9868-57a2d4851a1d" />
    <TestEntry testId="66870d86-2e1d-f691-641d-031536916a0f" executionId="324a0304-3d30-4c5b-b538-b3c3ca10e447" testListId="8c84fa94-04c1-424b-9868-57a2d4851a1d" />
    <TestEntry testId="5685a992-14fa-0621-d053-65caa7f970ee" executionId="e068c309-b59f-4657-b624-b8b2ef476853" testListId="8c84fa94-04c1-424b-9868-57a2d4851a1d" />
    <TestEntry testId="8d51adab-5025-828a-3a74-d9ee3955e84d" executionId="e3f65a4c-ce68-49c9-b4c4-fff56c32e481" testListId="8c84fa94-04c1-424b-9868-57a2d4851a1d" />
    <TestEntry testId="8c02a264-004f-1e21-3fee-9edeaf2e53df" executionId="66bfb334-b040-41e2-8031-1307ee98a76c" testListId="8c84fa94-04c1-424b-9868-57a2d4851a1d" />
    <TestEntry testId="3969288b-4860-269d-a130-cda973aaacba" executionId="36410d07-0f99-4340-9148-1a84113c8195" testListId="8c84fa94-04c1-424b-9868-57a2d4851a1d" />
    <TestEntry testId="27fac88f-2866-dc2b-9ed4-6f81b7ebfa70" executionId="c0c3c40f-b5f7-46fb-95a5-b05d8fea5860" testListId="8c84fa94-04c1-424b-9868-57a2d4851a1d" />
    <TestEntry testId="593f7deb-3803-9943-f8c6-baa1f4f08056" executionId="48450d62-2eb7-46e8-941c-e8f67690321f" testListId="8c84fa94-04c1-424b-9868-57a2d4851a1d" />
    <TestEntry testId="1e13a826-b983-6ec8-22b8-0434a982455a" executionId="df7775bf-106a-47d4-9211-51180ea530af" testListId="8c84fa94-04c1-424b-9868-57a2d4851a1d" />
    <TestEntry testId="d274c0ed-73ed-0597-b56a-427bb74ea1fa" executionId="aca84666-39ee-4bc3-8cfb-8824b05545c7" testListId="8c84fa94-04c1-424b-9868-57a2d4851a1d" />
    <TestEntry testId="273bf021-17de-518c-95d7-ff32463af8ea" executionId="c8c977b7-4468-4753-89a3-a9070442ba5f" testListId="8c84fa94-04c1-424b-9868-57a2d4851a1d" />
    <TestEntry testId="f73c12d7-3a66-6817-32b0-9a03bad1db4e" executionId="271d96d6-4d48-496d-b1ab-1583c4129aa9" testListId="8c84fa94-04c1-424b-9868-57a2d4851a1d" />
    <TestEntry testId="d1ac2f4b-25eb-55ad-4adb-bd953cf33e6c" executionId="d6051a9e-2677-4191-8ad4-d5d25588e1df" testListId="8c84fa94-04c1-424b-9868-57a2d4851a1d" />
    <TestEntry testId="cc0d485b-9743-159f-4b3e-d21ea11c4547" executionId="cc2c9acb-3319-4a1d-a7d4-50334dfb63aa" testListId="8c84fa94-04c1-424b-9868-57a2d4851a1d" />
    <TestEntry testId="bab03081-5222-5822-1e64-cc780d6de6a9" executionId="458a04b2-6b91-4f79-a7f6-c9bf4e55141e" testListId="8c84fa94-04c1-424b-9868-57a2d4851a1d" />
    <TestEntry testId="f52e5508-483e-5f8a-fe5f-07b51e6bb60a" executionId="5e467edd-1318-492d-b456-095107c8d04c" testListId="8c84fa94-04c1-424b-9868-57a2d4851a1d" />
    <TestEntry testId="7226124f-dd09-d43a-b76d-b1f3200e03b8" executionId="298892c3-7dcd-4aa2-a5e6-182f3119cfa1" testListId="8c84fa94-04c1-424b-9868-57a2d4851a1d" />
    <TestEntry testId="b9edf963-1cf1-79d2-973d-db2d8d794ac6" executionId="8c58f313-18bd-4fb9-b3fe-e9cf37322a61" testListId="8c84fa94-04c1-424b-9868-57a2d4851a1d" />
    <TestEntry testId="344bc6e5-9c19-c772-75f8-eddf1b52a4c1" executionId="d1332287-f55d-42bb-b8fd-93e642c8fa38" testListId="8c84fa94-04c1-424b-9868-57a2d4851a1d" />
    <TestEntry testId="33c3a840-bd9b-6bc8-3eb8-4843fe9ece6f" executionId="679c1b46-86d7-47bc-96c5-31e2f15058ea" testListId="8c84fa94-04c1-424b-9868-57a2d4851a1d" />
    <TestEntry testId="94344bec-3695-9181-be78-21102b8584df" executionId="9894fda1-3502-46a9-9217-7c2df922c345" testListId="8c84fa94-04c1-424b-9868-57a2d4851a1d" />
    <TestEntry testId="42b950d9-5524-6cbf-d2c0-fc098b9ef0e3" executionId="956a08b6-89c8-41e3-a83d-0a15c1c4a318" testListId="8c84fa94-04c1-424b-9868-57a2d4851a1d" />
    <TestEntry testId="24a93b79-982d-1508-0614-05488f32b376" executionId="d4f15cdd-5f5f-4757-b0c3-ab6b83e9b497" testListId="8c84fa94-04c1-424b-9868-57a2d4851a1d" />
    <TestEntry testId="3f40df78-1203-c025-a1d9-9cc48d7e016b" executionId="0c4f2ba5-e63a-4e5e-91ae-471c6525d83c" testListId="8c84fa94-04c1-424b-9868-57a2d4851a1d" />
    <TestEntry testId="b5e3cbe5-5134-927e-0d1c-d540129332b5" executionId="d533a1a4-167d-4e71-b84f-1d787b8a737e" testListId="8c84fa94-04c1-424b-9868-57a2d4851a1d" />
    <TestEntry testId="ed1dec9a-9e12-a2c3-334f-e6edb45dcb6a" executionId="78152079-5842-4f08-a059-8fc5d1e9babf" testListId="8c84fa94-04c1-424b-9868-57a2d4851a1d" />
    <TestEntry testId="18d3b442-3af9-9ced-b5f4-c2bf6c6b45b3" executionId="bed6e8b1-68f9-47ad-9652-5d347461f96b" testListId="8c84fa94-04c1-424b-9868-57a2d4851a1d" />
    <TestEntry testId="b0899d9d-f2b3-9580-eca3-39c3aef26cc9" executionId="813c845c-a06b-4075-afe6-4d3c174c17df" testListId="8c84fa94-04c1-424b-9868-57a2d4851a1d" />
    <TestEntry testId="9e09cc8b-ebaa-2be8-dbdc-d6f399818446" executionId="c4278cc2-40af-4c24-bebf-b1acfd3b956b" testListId="8c84fa94-04c1-424b-9868-57a2d4851a1d" />
    <TestEntry testId="ac2f0cd3-1613-01c4-f809-9254f5ae3457" executionId="4d56499f-9008-43d5-b0b4-6eddbb38c48b" testListId="8c84fa94-04c1-424b-9868-57a2d4851a1d" />
    <TestEntry testId="9fea31a5-ecc4-0a3d-77da-7233f75a438f" executionId="27a23191-7ae8-4b32-a331-f7a11c2d94da" testListId="8c84fa94-04c1-424b-9868-57a2d4851a1d" />
    <TestEntry testId="8f59d508-0fba-540c-0155-3889b43a2525" executionId="80016c2b-8ac8-4431-a6d7-d931aa023e13" testListId="8c84fa94-04c1-424b-9868-57a2d4851a1d" />
    <TestEntry testId="d352b845-0562-d484-a9c2-e1d9ec7a0e8d" executionId="0ff59d12-a631-4868-a89d-7f38f35529e1" testListId="8c84fa94-04c1-424b-9868-57a2d4851a1d" />
    <TestEntry testId="5c0633e7-a50e-f64e-f5c3-18989739ed4a" executionId="d9ce9a77-ea24-4831-a765-660ad2696572" testListId="8c84fa94-04c1-424b-9868-57a2d4851a1d" />
    <TestEntry testId="347818dd-a036-264a-54ab-209d7e8f95de" executionId="244dc77e-7e2b-426f-891f-743aad2d4b00" testListId="8c84fa94-04c1-424b-9868-57a2d4851a1d" />
    <TestEntry testId="1b8b8000-c58c-406e-26b1-9852da5eb563" executionId="a2f83be3-a1da-40dc-a3da-d8f64ffadf15" testListId="8c84fa94-04c1-424b-9868-57a2d4851a1d" />
    <TestEntry testId="24ce6395-f9b5-f8e7-8703-df162f702b2c" executionId="fd58132e-9666-48b5-b86e-0b78e8f2bab2" testListId="8c84fa94-04c1-424b-9868-57a2d4851a1d" />
    <TestEntry testId="cd0565df-9cf9-96e1-f8c8-5094c3637335" executionId="3337d7bc-6d5b-48c0-a629-9a2c85fd7211" testListId="8c84fa94-04c1-424b-9868-57a2d4851a1d" />
    <TestEntry testId="1b6ae4ac-8418-f533-e65d-d36c3e94f90f" executionId="9140bc3f-b790-4831-ac87-0940aeec8c29" testListId="8c84fa94-04c1-424b-9868-57a2d4851a1d" />
    <TestEntry testId="2f1c412f-01ed-a9b4-385c-f0b57f911a2c" executionId="7d83db42-c7d3-4cbe-8f7b-11cb4dae783b" testListId="8c84fa94-04c1-424b-9868-57a2d4851a1d" />
    <TestEntry testId="35ce816e-bf40-9fe0-7322-993123e1696a" executionId="c931f95d-4e5e-47ed-ba7c-c80a05b31ea4" testListId="8c84fa94-04c1-424b-9868-57a2d4851a1d" />
    <TestEntry testId="ba3709cd-bff8-1868-8ed0-d189a988c77a" executionId="ec3ee9ff-7222-4fda-9527-6a9b7b1a8d50" testListId="8c84fa94-04c1-424b-9868-57a2d4851a1d" />
    <TestEntry testId="522171e3-c016-9bea-7785-95a29e3d413b" executionId="1bb03e4f-2735-4e43-8051-5808b83ec0ba" testListId="8c84fa94-04c1-424b-9868-57a2d4851a1d" />
    <TestEntry testId="5b299f56-e5a1-23e2-60c8-4de7b98b9179" executionId="23c718ed-ae1b-44cd-8fda-dd19e150824b" testListId="8c84fa94-04c1-424b-9868-57a2d4851a1d" />
    <TestEntry testId="3596cb57-c28e-3188-c489-7182abdaa943" executionId="c5f044cb-f932-4420-a102-b3686c10c3a8" testListId="8c84fa94-04c1-424b-9868-57a2d4851a1d" />
    <TestEntry testId="796dbe30-d40d-ffcf-7b21-9ff6e74b6a15" executionId="76194a7e-4d21-4092-904c-a2c378e4a393" testListId="8c84fa94-04c1-424b-9868-57a2d4851a1d" />
    <TestEntry testId="747d4eb4-0e1e-7882-20c3-6bddaa2d9376" executionId="75d1ed55-61fd-42ac-87ec-103d2737386b" testListId="8c84fa94-04c1-424b-9868-57a2d4851a1d" />
    <TestEntry testId="02863a6f-42b8-83c4-3b50-aaaf31ebb295" executionId="0756ea6b-10fc-4365-866b-0ee60cd462a4" testListId="8c84fa94-04c1-424b-9868-57a2d4851a1d" />
    <TestEntry testId="23f3f387-9cd3-0911-911a-896083eb4325" executionId="6da404f0-1259-4e59-a630-519c781ed688" testListId="8c84fa94-04c1-424b-9868-57a2d4851a1d" />
    <TestEntry testId="dd42b662-6b53-5de3-e720-4776d7c28112" executionId="c7b9aea1-e70d-49b8-9487-78b6f7b74c3d" testListId="8c84fa94-04c1-424b-9868-57a2d4851a1d" />
    <TestEntry testId="a2cfe856-cbff-ef4a-7692-55dbde1ccd57" executionId="0cecb717-c708-460e-8b9f-a06a69fb3f9a" testListId="8c84fa94-04c1-424b-9868-57a2d4851a1d" />
    <TestEntry testId="89878e7d-5fe9-ed93-ec6d-b98c812aaceb" executionId="2f01f6cd-e7ad-4cab-8cb5-55631782790a" testListId="8c84fa94-04c1-424b-9868-57a2d4851a1d" />
    <TestEntry testId="4e38640c-9de2-9cb2-ec66-cfa7f6c7a35b" executionId="e6600221-aaee-4449-bc30-1f90adfdf0f7" testListId="8c84fa94-04c1-424b-9868-57a2d4851a1d" />
    <TestEntry testId="1ff4b6e7-c1ea-732c-e527-fce8c23b962e" executionId="b9078a39-4838-48db-821e-f36aaebb48fb" testListId="8c84fa94-04c1-424b-9868-57a2d4851a1d" />
    <TestEntry testId="28fa0d16-0772-95da-08e6-fa4cc9274598" executionId="67fae979-decf-421a-9b19-94b69b2873f7" testListId="8c84fa94-04c1-424b-9868-57a2d4851a1d" />
    <TestEntry testId="ad933fd9-f61c-1d81-84a4-edef05ca4731" executionId="856c2e27-b228-48d7-8ed9-66b0bcba9334" testListId="8c84fa94-04c1-424b-9868-57a2d4851a1d" />
    <TestEntry testId="248633a8-419e-cde7-d246-f6ef50f7ef4a" executionId="3ac204e6-6e4e-43c1-8792-b31bf83a31e8" testListId="8c84fa94-04c1-424b-9868-57a2d4851a1d" />
    <TestEntry testId="40deb7ff-fb1f-6dc1-4bf4-d75d301bc388" executionId="053d361f-95ff-4ebd-84c1-0d81a57f2362" testListId="8c84fa94-04c1-424b-9868-57a2d4851a1d" />
    <TestEntry testId="5cbb5e7b-fb40-95bb-f27d-f1404bb2aeac" executionId="cfaec06b-ad5d-4888-a688-f2be6cfc8a5a" testListId="8c84fa94-04c1-424b-9868-57a2d4851a1d" />
    <TestEntry testId="7c657bb1-d656-8572-52e9-8a42e2518cbb" executionId="57818c74-5d8f-4326-ace5-725001432018" testListId="8c84fa94-04c1-424b-9868-57a2d4851a1d" />
    <TestEntry testId="733bcc97-b59b-f665-d8e7-2335be33aaba" executionId="6dd12f64-ae16-4e05-8773-29d1916a897e" testListId="8c84fa94-04c1-424b-9868-57a2d4851a1d" />
    <TestEntry testId="934d43ab-8402-3739-3f4b-05a17737217f" executionId="a3241715-2967-4fdb-a575-53e0221206d8" testListId="8c84fa94-04c1-424b-9868-57a2d4851a1d" />
    <TestEntry testId="74520b87-908e-9792-3c7b-51d3c5f50b9f" executionId="70a77ca1-2c93-4438-894f-f5733b715faf" testListId="8c84fa94-04c1-424b-9868-57a2d4851a1d" />
    <TestEntry testId="1ee3a09e-ee9b-66de-1c8a-275aac3087b1" executionId="344922d7-7fee-408b-a3c6-24fc96a60c6c" testListId="8c84fa94-04c1-424b-9868-57a2d4851a1d" />
    <TestEntry testId="42c118ae-5758-15ae-f9df-f825390f2162" executionId="ea2d3536-8420-492f-b09d-55031cd0c9dd" testListId="8c84fa94-04c1-424b-9868-57a2d4851a1d" />
    <TestEntry testId="6c44ac14-3993-67eb-0f37-7fe6d2032bb1" executionId="f25fa701-8d73-4d1d-ba95-3ebeb42fe2b9" testListId="8c84fa94-04c1-424b-9868-57a2d4851a1d" />
    <TestEntry testId="0188b3fc-f058-fec7-9c8d-16bf56ba7004" executionId="459f584f-74c1-4808-80a1-09d8d49882c0" testListId="8c84fa94-04c1-424b-9868-57a2d4851a1d" />
    <TestEntry testId="0b0987af-9592-d82b-5279-72361c02ffcd" executionId="9412b2c1-b353-4d27-a436-f129d8586718" testListId="8c84fa94-04c1-424b-9868-57a2d4851a1d" />
    <TestEntry testId="d6b4a7c3-36a7-e061-0c18-16ee1399dcc9" executionId="450df8c8-efca-4cbe-9c04-ba39fbd244a3" testListId="8c84fa94-04c1-424b-9868-57a2d4851a1d" />
    <TestEntry testId="6254daef-258b-86ba-499b-8e0b9550e559" executionId="463ce7a8-b4a3-4a1a-b7b6-ab84fcc7a39f" testListId="8c84fa94-04c1-424b-9868-57a2d4851a1d" />
    <TestEntry testId="76475f82-6057-6afc-d296-0cfcc3f30681" executionId="e9bb31a9-78a9-481f-8149-b57150f192ff" testListId="8c84fa94-04c1-424b-9868-57a2d4851a1d" />
    <TestEntry testId="0deed21f-fe9d-aba5-7fa5-ad0d36156ef0" executionId="83988bfc-c4e7-4ead-bf14-1c217212f74d" testListId="8c84fa94-04c1-424b-9868-57a2d4851a1d" />
    <TestEntry testId="0a69dcc2-b7d4-5a30-ea72-8ac56c049039" executionId="2ea95c72-83c6-4176-bb06-192140d84547" testListId="8c84fa94-04c1-424b-9868-57a2d4851a1d" />
    <TestEntry testId="771d1dd1-6b02-2a08-cf1a-562e47dfe88d" executionId="05453114-f412-45df-baeb-83fef48c0148" testListId="8c84fa94-04c1-424b-9868-57a2d4851a1d" />
    <TestEntry testId="8bdbd0c1-a790-4970-e092-0b55412b8dc4" executionId="594b4040-392f-4939-bdf1-580b67cb47ba" testListId="8c84fa94-04c1-424b-9868-57a2d4851a1d" />
    <TestEntry testId="e389a3e1-5f0a-6683-3c50-a2a34e042147" executionId="56dfa922-90fc-4698-99d6-5fee0da1936c" testListId="8c84fa94-04c1-424b-9868-57a2d4851a1d" />
    <TestEntry testId="d0184c79-09ca-438e-e6fe-64ddf8949d4b" executionId="0fde551a-3720-4386-91e2-21ee990989ae" testListId="8c84fa94-04c1-424b-9868-57a2d4851a1d" />
    <TestEntry testId="1afe9bf5-3a38-ce7c-f33b-53f438e354e1" executionId="07efc0e5-d1b9-4b82-b2e2-4815852d1bef" testListId="8c84fa94-04c1-424b-9868-57a2d4851a1d" />
    <TestEntry testId="6b8858ed-d5a4-a587-1075-9d783af2956e" executionId="931eb32f-e384-4c7c-bf4c-51c7a005004e" testListId="8c84fa94-04c1-424b-9868-57a2d4851a1d" />
    <TestEntry testId="3f274ba1-8989-dbb9-a238-0d6fba10e7e2" executionId="84f99ca7-bc7a-4298-8764-d370e071223b" testListId="8c84fa94-04c1-424b-9868-57a2d4851a1d" />
    <TestEntry testId="ac23d499-5db5-40ba-bc6d-e74471358df3" executionId="e1bef8f3-cb7a-4b3e-b2ee-aabe9def2c6a" testListId="8c84fa94-04c1-424b-9868-57a2d4851a1d" />
    <TestEntry testId="9b299d22-ca60-cce0-4e1f-29a17d2b8ee7" executionId="c669f59a-2417-4ef7-ae8f-9d7789fdfb2a" testListId="8c84fa94-04c1-424b-9868-57a2d4851a1d" />
    <TestEntry testId="523ccd07-2fea-b077-ce34-edfc798b2c89" executionId="aa4f9df6-2bd1-4f62-a574-6011ff39047b" testListId="8c84fa94-04c1-424b-9868-57a2d4851a1d" />
    <TestEntry testId="2bcd7df0-1c87-38fa-55ef-8d863dabdad3" executionId="10b73f0c-3597-49ba-905e-e7ec38f643d7" testListId="8c84fa94-04c1-424b-9868-57a2d4851a1d" />
    <TestEntry testId="f25d7491-ccd4-a205-5a6c-7c01a0e574bc" executionId="7745275f-cd5a-4815-831f-4b0eb43599b8" testListId="8c84fa94-04c1-424b-9868-57a2d4851a1d" />
    <TestEntry testId="68a556ca-48c1-0850-8a0e-3d75153beff8" executionId="4fd85f4d-112b-4261-af5c-7b99bb238030" testListId="8c84fa94-04c1-424b-9868-57a2d4851a1d" />
    <TestEntry testId="69f3cd4f-f34a-e938-afb9-2edbcadadfd6" executionId="a3c0fb44-e90f-4960-8cbd-0a80c535dda0" testListId="8c84fa94-04c1-424b-9868-57a2d4851a1d" />
    <TestEntry testId="1195d5ba-2d52-6e07-6287-d306c966009c" executionId="ec9c54d6-1c98-4fe1-8e0c-d538e55d599a" testListId="8c84fa94-04c1-424b-9868-57a2d4851a1d" />
    <TestEntry testId="fa3fe36c-080a-b091-19a4-4b8bc14cc531" executionId="3979dfec-7934-4bf7-b166-00e1adbf6829" testListId="8c84fa94-04c1-424b-9868-57a2d4851a1d" />
    <TestEntry testId="509e665c-cf4b-2c7c-238c-43016d6b516e" executionId="6ddb58c0-15c8-47cc-aa9e-fdde52d594f6" testListId="8c84fa94-04c1-424b-9868-57a2d4851a1d" />
    <TestEntry testId="17e46016-0156-52e9-7a21-12f204ff71a8" executionId="81fe103b-09e1-42ca-96fa-b7296788e74b" testListId="8c84fa94-04c1-424b-9868-57a2d4851a1d" />
    <TestEntry testId="12ba242a-cb08-e6d9-42ab-57ccd344bd09" executionId="4c8dbfb2-d55d-433b-bf55-9eede7ee800e" testListId="8c84fa94-04c1-424b-9868-57a2d4851a1d" />
    <TestEntry testId="58a864d4-17e9-c73e-2e49-ff48f71f41da" executionId="97380ad1-9fb3-476a-8fd0-d27ffe1e2c11" testListId="8c84fa94-04c1-424b-9868-57a2d4851a1d" />
    <TestEntry testId="bb90bd9a-cf89-39ae-1cb2-a7c97b306676" executionId="94b3098a-13b0-4d64-aeb1-4855280eb1c8" testListId="8c84fa94-04c1-424b-9868-57a2d4851a1d" />
    <TestEntry testId="9b349d1e-59f1-1793-88c8-8b103663b95b" executionId="406a481c-d9f5-4d3f-9a41-6616a67eb99c" testListId="8c84fa94-04c1-424b-9868-57a2d4851a1d" />
    <TestEntry testId="d71aa290-e625-3826-d729-64a4bfe69f41" executionId="c1cf70b7-296f-4ae8-a14d-82bae29738dd" testListId="8c84fa94-04c1-424b-9868-57a2d4851a1d" />
    <TestEntry testId="ece90ebb-0fb7-8dce-2054-59d3bab2ee05" executionId="767c1845-f7fc-40f2-8d5b-bb0cfae78b93" testListId="8c84fa94-04c1-424b-9868-57a2d4851a1d" />
    <TestEntry testId="0c252cc1-772e-53db-c61b-e410485fc71c" executionId="3ff013dc-0243-4e7d-9d65-bcbc26a2686f" testListId="8c84fa94-04c1-424b-9868-57a2d4851a1d" />
    <TestEntry testId="c2e7304e-f9b2-ac44-a7c6-7e9021b5fa4c" executionId="dac3bcf0-8f5e-455a-bae1-d62388bfa18a" testListId="8c84fa94-04c1-424b-9868-57a2d4851a1d" />
    <TestEntry testId="ad85d1fc-d46a-97dc-33eb-7573f1d1232b" executionId="9475f90b-90f6-47cc-ae22-e2d2bcc1ed98" testListId="8c84fa94-04c1-424b-9868-57a2d4851a1d" />
    <TestEntry testId="cc66c58e-978b-8f4a-43d7-df39eecf1692" executionId="a174be4d-d7f6-4ef8-bbc4-ede3e3cb1463" testListId="8c84fa94-04c1-424b-9868-57a2d4851a1d" />
    <TestEntry testId="1c38f8ae-6947-ab02-542f-48a93c189571" executionId="2f595340-910b-43a6-8a7c-22c13b8f125a" testListId="8c84fa94-04c1-424b-9868-57a2d4851a1d" />
    <TestEntry testId="140eefae-bb91-4e67-5b7a-70bac908e4d6" executionId="21181995-377e-477e-9fd4-ef1d442a13bf" testListId="8c84fa94-04c1-424b-9868-57a2d4851a1d" />
    <TestEntry testId="16d1a953-024b-f167-eeaa-f4ebe0619069" executionId="e48b5824-fd41-46b1-9bfd-edfdd1c8df58" testListId="8c84fa94-04c1-424b-9868-57a2d4851a1d" />
    <TestEntry testId="3d5da664-ac77-4b79-c3a1-878b742a2e28" executionId="19b358ae-01d4-4642-bf10-0297b44feeff" testListId="8c84fa94-04c1-424b-9868-57a2d4851a1d" />
    <TestEntry testId="6051dcd5-d20d-d79e-91ad-06dd23111221" executionId="3bab6c4c-1a07-4ae2-bee5-f565f2ffb4ba" testListId="8c84fa94-04c1-424b-9868-57a2d4851a1d" />
    <TestEntry testId="6988510d-a911-d638-19bd-184f4d9fb6ed" executionId="608ca4b4-531e-4811-9f2a-be63330d0ffb" testListId="8c84fa94-04c1-424b-9868-57a2d4851a1d" />
    <TestEntry testId="c2bc2338-ba6c-6ec3-0f79-f9d4777b7cff" executionId="6d7ec997-ea5c-4240-af7b-5df59edda22b" testListId="8c84fa94-04c1-424b-9868-57a2d4851a1d" />
    <TestEntry testId="3a682f18-26a1-d56a-236e-9d390c192554" executionId="a0bab0af-1f43-467a-9aed-0528d293546e" testListId="8c84fa94-04c1-424b-9868-57a2d4851a1d" />
    <TestEntry testId="bdefc2e1-11fd-8c75-0f03-9861d638578f" executionId="6b7ec12c-387e-4eba-9bca-c52047ffaf48" testListId="8c84fa94-04c1-424b-9868-57a2d4851a1d" />
    <TestEntry testId="98691723-0a20-4b2c-26d3-0c7626ffb7d8" executionId="9f9bce2b-639c-44d7-88d6-552af42fb3ea" testListId="8c84fa94-04c1-424b-9868-57a2d4851a1d" />
    <TestEntry testId="9a16ed3b-15b3-1007-93f3-42a0751d2bc3" executionId="90edf16b-b4d8-46d1-a996-24d0c6bbf189" testListId="8c84fa94-04c1-424b-9868-57a2d4851a1d" />
    <TestEntry testId="43b03a7c-1563-d2e5-a3aa-3d3446fc2f53" executionId="77b9e9ea-ca4e-45bc-b631-2f2901637fcd" testListId="8c84fa94-04c1-424b-9868-57a2d4851a1d" />
    <TestEntry testId="608047e5-df85-8405-ad65-35084ce865e2" executionId="071ae7ed-2905-4f6b-98a3-4b9d621d773f" testListId="8c84fa94-04c1-424b-9868-57a2d4851a1d" />
    <TestEntry testId="4b466b45-b55d-057d-5ed1-51385987fb8e" executionId="4dbe4b71-e159-4f7a-abb4-36a81b84ed7c" testListId="8c84fa94-04c1-424b-9868-57a2d4851a1d" />
    <TestEntry testId="5eeb65dd-4202-caed-7710-cc5b91710303" executionId="18df5b2c-77a2-412b-88c6-cc26c97b48d3" testListId="8c84fa94-04c1-424b-9868-57a2d4851a1d" />
    <TestEntry testId="12e18fcd-ae5e-f636-7ffa-e065547949cf" executionId="c32ce9b5-acf2-480f-af97-43d2cf5da5e0" testListId="8c84fa94-04c1-424b-9868-57a2d4851a1d" />
    <TestEntry testId="946220f3-0b91-ce52-0cf4-1abc839b9c49" executionId="fab45eda-8211-4948-9c87-2ecbe8535311" testListId="8c84fa94-04c1-424b-9868-57a2d4851a1d" />
    <TestEntry testId="bef0bbff-f002-152e-ce19-e6f05bc7e7a2" executionId="b85bc378-3331-4117-a3c3-6fe3dfd061c0" testListId="8c84fa94-04c1-424b-9868-57a2d4851a1d" />
    <TestEntry testId="52ce1766-1812-c263-8325-86677dbc5093" executionId="0d28ace9-887f-48a0-bbd6-f5d7e73a2963" testListId="8c84fa94-04c1-424b-9868-57a2d4851a1d" />
    <TestEntry testId="d4f4e92a-dc76-e58b-8cc9-8f2b907c3c26" executionId="82cfb200-a9e5-4514-a83c-e32dff2227f3" testListId="8c84fa94-04c1-424b-9868-57a2d4851a1d" />
    <TestEntry testId="ba9cbe70-78a2-d0cf-a0ca-839ed4c4f6b6" executionId="979cfeb3-70a4-49ea-9293-e0bffe1caa65" testListId="8c84fa94-04c1-424b-9868-57a2d4851a1d" />
    <TestEntry testId="5f17e460-af62-4be6-17fe-2e3a1ea478c3" executionId="fc567489-403b-4804-8cd3-f727908465b2" testListId="8c84fa94-04c1-424b-9868-57a2d4851a1d" />
    <TestEntry testId="0e3f8aa2-b5f9-2f67-934c-8261cc017f11" executionId="d5715a43-58c1-445e-b261-73b46f6526ae" testListId="8c84fa94-04c1-424b-9868-57a2d4851a1d" />
    <TestEntry testId="3c69bfc4-4b32-405f-5164-8ab616062af8" executionId="080e0654-2e14-4439-840e-f21f85a8dfd2" testListId="8c84fa94-04c1-424b-9868-57a2d4851a1d" />
    <TestEntry testId="2a7c81c8-cf8d-2fb1-924b-7b552bbf7d2d" executionId="838f1c85-0f0c-4774-86a5-e7e42a04d9c9" testListId="8c84fa94-04c1-424b-9868-57a2d4851a1d" />
    <TestEntry testId="ff8394a5-3fa7-aa82-b857-5a2b03a436fa" executionId="615129c9-97de-4a62-8f72-219ed6e595b4" testListId="8c84fa94-04c1-424b-9868-57a2d4851a1d" />
    <TestEntry testId="dbd32b7f-641a-46d1-2792-648d5f9fff53" executionId="f9e40100-a4e9-4ecc-97ed-1c436e05be94" testListId="8c84fa94-04c1-424b-9868-57a2d4851a1d" />
    <TestEntry testId="160fbaa3-0021-df4a-0cff-75f52c7e6902" executionId="1311f16d-acdb-4285-b606-129fb17e6bb3" testListId="8c84fa94-04c1-424b-9868-57a2d4851a1d" />
    <TestEntry testId="af9c515c-990a-46b7-7894-bf5804e02abd" executionId="debcf494-24d9-44ed-8b71-518ea401f7e8" testListId="8c84fa94-04c1-424b-9868-57a2d4851a1d" />
    <TestEntry testId="49d9275a-1dac-ab87-a958-e857a6764bfa" executionId="2cf9d4d8-3710-4118-9cbb-e934b9efb3ad" testListId="8c84fa94-04c1-424b-9868-57a2d4851a1d" />
    <TestEntry testId="e5907a3c-ce81-2eb8-ce3e-a51d809d87ad" executionId="ac80389e-8341-4b2a-9967-c33a58ebe1f8" testListId="8c84fa94-04c1-424b-9868-57a2d4851a1d" />
    <TestEntry testId="03fbd361-21dd-8b35-c21d-93999af074c1" executionId="23f8e3c8-4d7d-4084-9935-d526a1be0aa5" testListId="8c84fa94-04c1-424b-9868-57a2d4851a1d" />
    <TestEntry testId="d5ff4925-5123-a441-1696-13d4f434dff2" executionId="394547f9-18f2-4f36-9a50-adafa4f7a04f" testListId="8c84fa94-04c1-424b-9868-57a2d4851a1d" />
    <TestEntry testId="2f005d6d-6581-5add-cbe5-a21932b65de9" executionId="0cf3bb28-4487-47c8-8d44-ec4099d7c1b8" testListId="8c84fa94-04c1-424b-9868-57a2d4851a1d" />
    <TestEntry testId="796e2f6b-66bf-4aad-61d4-a374ddd5afae" executionId="52f10f9d-886e-479b-b5ed-47910c082416" testListId="8c84fa94-04c1-424b-9868-57a2d4851a1d" />
    <TestEntry testId="927f5256-3f6f-80ab-f573-926e12bc02e4" executionId="fbbc75db-2b76-4e22-aa33-67eb1cd54a8a" testListId="8c84fa94-04c1-424b-9868-57a2d4851a1d" />
    <TestEntry testId="c596aa43-a71d-3944-184c-9b6172ad05ff" executionId="0ed95430-21cb-4913-9a80-18166275fe09" testListId="8c84fa94-04c1-424b-9868-57a2d4851a1d" />
    <TestEntry testId="62f127d9-a0a3-5706-49a7-fb63760b5c05" executionId="c706e724-eb21-4418-a0fc-ff28f7342e1e" testListId="8c84fa94-04c1-424b-9868-57a2d4851a1d" />
    <TestEntry testId="80012219-af01-d909-783d-b6bc63dca720" executionId="9004a86c-b6b6-46ab-9914-6c25c1808717" testListId="8c84fa94-04c1-424b-9868-57a2d4851a1d" />
    <TestEntry testId="e00fb1a5-3abb-9fd8-8ee5-a8416a687063" executionId="ba5db955-7a7f-49b4-98fa-a6763993233b" testListId="8c84fa94-04c1-424b-9868-57a2d4851a1d" />
    <TestEntry testId="b851e41c-dd58-304e-e982-0c01ea9a4642" executionId="a149ec82-c636-44fb-90dc-fed2c7379f7a" testListId="8c84fa94-04c1-424b-9868-57a2d4851a1d" />
    <TestEntry testId="06336d49-f25d-bd1d-075a-c53b66885f84" executionId="2ca18944-0454-4fd4-94c1-a50d08b80432" testListId="8c84fa94-04c1-424b-9868-57a2d4851a1d" />
    <TestEntry testId="6df90a90-c0c6-6730-558b-7cd6b1287bdd" executionId="de0b219d-2d56-418d-b80e-356655ab6f58" testListId="8c84fa94-04c1-424b-9868-57a2d4851a1d" />
    <TestEntry testId="f06192a7-4276-8849-c001-acb1fdd01067" executionId="e5a7dee2-40ec-4faf-a215-f5eb33bd070e" testListId="8c84fa94-04c1-424b-9868-57a2d4851a1d" />
    <TestEntry testId="23023931-38f4-b11a-6912-c7fb16e03400" executionId="ab8ff20b-7efb-4265-afc7-d2064d0a11e0" testListId="8c84fa94-04c1-424b-9868-57a2d4851a1d" />
    <TestEntry testId="e30df008-a37e-40fd-4f90-7feecab7bc63" executionId="a7103476-a7e9-4ebf-b2e2-3079ed72db8d" testListId="8c84fa94-04c1-424b-9868-57a2d4851a1d" />
    <TestEntry testId="84ba90f3-9865-b8fa-8adf-9b1a3d12d7fa" executionId="887ada63-7dab-4c09-b90c-dee1c5151801" testListId="8c84fa94-04c1-424b-9868-57a2d4851a1d" />
    <TestEntry testId="bb1009d9-6496-40d7-ec75-c653a7bd2252" executionId="31fca6b7-cc69-43a6-9d9c-2125c011f808" testListId="8c84fa94-04c1-424b-9868-57a2d4851a1d" />
    <TestEntry testId="cfb45ea1-0455-f35b-459c-d61aa55af545" executionId="6cdc1ce1-c8f2-4a53-ba18-0269ac604bd8" testListId="8c84fa94-04c1-424b-9868-57a2d4851a1d" />
    <TestEntry testId="eb1b6153-5e3a-f9e2-53fa-b64e9e62d863" executionId="20c5eb47-78a1-45fc-9baf-a5e16d3b0c91" testListId="8c84fa94-04c1-424b-9868-57a2d4851a1d" />
    <TestEntry testId="9e5396d8-26d1-a6bb-5232-0450d9f14ab1" executionId="89e5b155-3a1e-4b86-b6c5-30137d0b7a61" testListId="8c84fa94-04c1-424b-9868-57a2d4851a1d" />
    <TestEntry testId="53b21db6-e224-f7d6-d608-aba39e74b1f9" executionId="95910c22-cf40-4f3a-948e-d25967bdc5f3" testListId="8c84fa94-04c1-424b-9868-57a2d4851a1d" />
    <TestEntry testId="7cdcc5fd-a07f-12d2-c570-bbe60c7b1f25" executionId="d05911bb-6642-4b90-9e80-5a37e5c9bcdc" testListId="8c84fa94-04c1-424b-9868-57a2d4851a1d" />
    <TestEntry testId="25d02e8c-16f7-e9f4-478b-305fb020ef3e" executionId="66fe68e9-f5a8-4b9d-8766-4e5465ace757" testListId="8c84fa94-04c1-424b-9868-57a2d4851a1d" />
    <TestEntry testId="1d8885de-4a7c-76c0-90a9-db5aab3e3fe8" executionId="f33d8763-2294-48b1-93d9-c079492fbb6e" testListId="8c84fa94-04c1-424b-9868-57a2d4851a1d" />
    <TestEntry testId="259a0ba7-bf70-4f5e-7ff2-4c769107ca3a" executionId="033c1c27-e0b0-472c-92ff-e11c9730047a" testListId="8c84fa94-04c1-424b-9868-57a2d4851a1d" />
    <TestEntry testId="e50a8e35-8c31-959a-8809-8fff71c8e4bd" executionId="c423f328-0437-48df-97f3-757079dce01a" testListId="8c84fa94-04c1-424b-9868-57a2d4851a1d" />
    <TestEntry testId="5ac31739-6e7f-cf7e-2625-b7a5bd2288af" executionId="a6f6f739-2fae-4209-9fdc-8014c7d5e246" testListId="8c84fa94-04c1-424b-9868-57a2d4851a1d" />
    <TestEntry testId="89052bd8-840c-206d-9e34-5dfd0fe6eff1" executionId="6b1b3ffb-5620-46b1-ab23-a8268206c61f" testListId="8c84fa94-04c1-424b-9868-57a2d4851a1d" />
    <TestEntry testId="48a0174a-969e-aeff-81b3-935201a07798" executionId="3978c8b2-e681-4d83-85d7-653bd69e7040" testListId="8c84fa94-04c1-424b-9868-57a2d4851a1d" />
    <TestEntry testId="40773c57-76a9-fcb9-c3a8-2afda8f6f15f" executionId="21f759bd-e10e-4eaf-8c57-c690c2ecad46" testListId="8c84fa94-04c1-424b-9868-57a2d4851a1d" />
    <TestEntry testId="6f9df5bd-83d2-bc83-476e-7ed0bf679440" executionId="5589d1ad-7253-49c9-b884-15a69358210a" testListId="8c84fa94-04c1-424b-9868-57a2d4851a1d" />
    <TestEntry testId="c9e45c00-b261-7f78-a530-72f6c6f7c22c" executionId="a09df3d9-9c24-47da-acd8-3a9d6fe6595b" testListId="8c84fa94-04c1-424b-9868-57a2d4851a1d" />
    <TestEntry testId="ba8a1963-a8aa-87ab-8cf5-8039aaa8b1ec" executionId="91e3c722-72f5-4070-9236-e93b6728d444" testListId="8c84fa94-04c1-424b-9868-57a2d4851a1d" />
    <TestEntry testId="a58b4cc1-e0f6-d3f3-8e80-87f0c088df02" executionId="edee5669-2af6-4164-a1e3-ce19aecc36fd" testListId="8c84fa94-04c1-424b-9868-57a2d4851a1d" />
    <TestEntry testId="0dc12bef-9407-d7cf-2d0b-a4bbf0903c96" executionId="ac13806c-179b-406b-8d1d-77077d30e6b7" testListId="8c84fa94-04c1-424b-9868-57a2d4851a1d" />
    <TestEntry testId="8dd4c6be-6672-6382-3a15-cdd3ce637c69" executionId="aa8b0447-27fa-4a8b-add3-c82a9f5d77b4" testListId="8c84fa94-04c1-424b-9868-57a2d4851a1d" />
    <TestEntry testId="f7002b4f-d864-47aa-bd8d-bbb9b326c53b" executionId="e7d2d98e-9777-426c-828a-4f5bc9125778" testListId="8c84fa94-04c1-424b-9868-57a2d4851a1d" />
    <TestEntry testId="b81c78f1-2943-52ae-bba0-e97adee8bcf0" executionId="a9e353e8-d611-499c-ba5d-a082a984c8d7" testListId="8c84fa94-04c1-424b-9868-57a2d4851a1d" />
    <TestEntry testId="b9031ac0-784a-5c25-8247-fb78392eb86f" executionId="20145892-4ba6-4cb4-9f30-b9276ee17e88" testListId="8c84fa94-04c1-424b-9868-57a2d4851a1d" />
    <TestEntry testId="2c0f875f-81f2-c750-710b-389c25472ce4" executionId="a54cd714-b1b4-48a0-a0ae-1c85c254e6f1" testListId="8c84fa94-04c1-424b-9868-57a2d4851a1d" />
    <TestEntry testId="7206b9bd-2060-65ab-1157-fa40cde7e92d" executionId="c3f67126-c098-44c1-b5d4-54c5cd5f7b2a" testListId="8c84fa94-04c1-424b-9868-57a2d4851a1d" />
    <TestEntry testId="8c3be9b6-c14d-d356-a4eb-3109d2249f51" executionId="d6723bc7-5bd7-432b-92f5-ca4d0d571a22" testListId="8c84fa94-04c1-424b-9868-57a2d4851a1d" />
    <TestEntry testId="9867f707-d2cd-5e0b-65b7-7abbd2d8a3f8" executionId="5a24a54b-c277-40d1-86f3-392a58ed3b43" testListId="8c84fa94-04c1-424b-9868-57a2d4851a1d" />
    <TestEntry testId="ff34db91-3566-fc69-4d08-3018efce0372" executionId="59510026-b97e-4c3f-a8ef-60e5686da1dd" testListId="8c84fa94-04c1-424b-9868-57a2d4851a1d" />
    <TestEntry testId="47ed7273-aafd-26ed-80e9-e9334a3bb694" executionId="9dc80763-bcad-428b-8ac8-a85fdd3c18a9" testListId="8c84fa94-04c1-424b-9868-57a2d4851a1d" />
    <TestEntry testId="d0389a67-3bd2-daf8-7276-c5237526e530" executionId="d2dc735c-e180-4e99-a6e7-d0ebf319ca9d" testListId="8c84fa94-04c1-424b-9868-57a2d4851a1d" />
    <TestEntry testId="8e756632-0f2f-0bd3-91e9-9a495f840b99" executionId="231d9596-c10b-4fa7-9d60-176e0de5a2d8" testListId="8c84fa94-04c1-424b-9868-57a2d4851a1d" />
    <TestEntry testId="fcf15a82-da49-9157-48f3-b2714a89a09a" executionId="1ee4d04d-207a-4259-b8d2-885351c56442" testListId="8c84fa94-04c1-424b-9868-57a2d4851a1d" />
    <TestEntry testId="0bdbc067-abaa-25d9-5c3e-c9afc1940448" executionId="13505ff1-7fe9-4373-8c8a-05e71f06d5a3" testListId="8c84fa94-04c1-424b-9868-57a2d4851a1d" />
    <TestEntry testId="4eb11ecf-1ec2-e871-0d3d-b6edf15574a8" executionId="74880b99-4a2d-457c-bf6b-d610a8291f37" testListId="8c84fa94-04c1-424b-9868-57a2d4851a1d" />
    <TestEntry testId="6655f2de-68dc-155c-85bd-e9907fa4887a" executionId="5fc615b7-ba6c-4039-ab62-c661768267fd" testListId="8c84fa94-04c1-424b-9868-57a2d4851a1d" />
    <TestEntry testId="1255307f-f6e6-fe6a-996c-4e1d632a87c8" executionId="c088a991-6891-4224-9a55-14cf0c5f55e1" testListId="8c84fa94-04c1-424b-9868-57a2d4851a1d" />
    <TestEntry testId="dc3b414d-3101-de67-81a3-912339301d06" executionId="6eb949f7-1c5f-47b2-8332-0d83b5233ee9" testListId="8c84fa94-04c1-424b-9868-57a2d4851a1d" />
    <TestEntry testId="e4f8f0bc-c9b6-343d-b37d-7ae5f9d6fe40" executionId="f8ef57b5-8c12-4c06-82fa-77eb27520df4" testListId="8c84fa94-04c1-424b-9868-57a2d4851a1d" />
    <TestEntry testId="34ac2ba5-1b6f-85eb-c238-d653edd43abb" executionId="008694c0-1561-43be-acc9-473a18c081e9" testListId="8c84fa94-04c1-424b-9868-57a2d4851a1d" />
    <TestEntry testId="af960baf-0abc-1a8f-9a7c-3cac35e6212e" executionId="8ff7b2bd-99a1-4c18-9945-637c4bc3d391" testListId="8c84fa94-04c1-424b-9868-57a2d4851a1d" />
    <TestEntry testId="f931501c-4807-9aff-d0ed-8cd7305596fe" executionId="a8692b72-a2e3-4c56-997d-aae86af3c6c0" testListId="8c84fa94-04c1-424b-9868-57a2d4851a1d" />
    <TestEntry testId="68e12081-5f64-d897-b1b7-3bcfc154834b" executionId="89fc191b-08e2-4874-ae3d-05c0e38220ca" testListId="8c84fa94-04c1-424b-9868-57a2d4851a1d" />
    <TestEntry testId="4c0a7728-07c5-1587-3917-977dc230f1dd" executionId="05d02b66-da38-4cc7-9a3d-79a9ff97a5ad" testListId="8c84fa94-04c1-424b-9868-57a2d4851a1d" />
    <TestEntry testId="006047cf-5e82-e489-50ec-7332965c93af" executionId="8c98fa95-126f-48ab-8e83-286d079cce2d" testListId="8c84fa94-04c1-424b-9868-57a2d4851a1d" />
    <TestEntry testId="caf07dda-c82a-a2ab-15ae-7948fd8f2eac" executionId="a55eb924-9c27-4fba-83c8-1399a9bedff5" testListId="8c84fa94-04c1-424b-9868-57a2d4851a1d" />
    <TestEntry testId="8b88a5a8-a08f-05c4-0c85-be7e4e86f442" executionId="d2e70ec5-343d-4ff5-8d6d-2cd9873fe79a" testListId="8c84fa94-04c1-424b-9868-57a2d4851a1d" />
    <TestEntry testId="b860f2de-4f50-bac4-73d1-0f027c6969b9" executionId="0dfd20c6-6264-44a4-b940-6ebf88a49df5" testListId="8c84fa94-04c1-424b-9868-57a2d4851a1d" />
    <TestEntry testId="e081e107-ad63-5f08-6c9c-789101f1b674" executionId="933fca10-4960-4247-9e45-0d6f4d0212d7" testListId="8c84fa94-04c1-424b-9868-57a2d4851a1d" />
    <TestEntry testId="b0d093d0-270e-e21c-eccf-9a8b90e8a5d8" executionId="970cad92-fa59-4b4d-9113-4b98b13358be" testListId="8c84fa94-04c1-424b-9868-57a2d4851a1d" />
    <TestEntry testId="1fbc5687-6ba4-87b6-c908-876ee89b7e65" executionId="31f9501a-3708-424b-9047-eb97f23c02eb" testListId="8c84fa94-04c1-424b-9868-57a2d4851a1d" />
    <TestEntry testId="8478dbe5-82ae-a5cf-14ed-dca0323d32ee" executionId="04c9a784-ef94-4eb8-93a6-7ffa752e7c59" testListId="8c84fa94-04c1-424b-9868-57a2d4851a1d" />
    <TestEntry testId="b477e2bc-bbce-3f9c-371f-276b31c16fbb" executionId="e061ce9f-8189-4245-9c10-e03335cf4968" testListId="8c84fa94-04c1-424b-9868-57a2d4851a1d" />
    <TestEntry testId="12d39289-b5d8-655f-ac60-910ceb6f32de" executionId="72978181-3686-42e3-b36e-b0ca75e76f92" testListId="8c84fa94-04c1-424b-9868-57a2d4851a1d" />
    <TestEntry testId="ce3fd1d7-d608-094f-073f-52226a53a166" executionId="6caae793-536e-4e17-8bb7-53d8cf7e34a7" testListId="8c84fa94-04c1-424b-9868-57a2d4851a1d" />
    <TestEntry testId="21e9ac61-4873-b24d-8bf7-3140e9df549f" executionId="cc8a19f8-25f9-4b83-aec4-e7c51bb2081e" testListId="8c84fa94-04c1-424b-9868-57a2d4851a1d" />
    <TestEntry testId="28c90e04-ea6b-65dc-f25c-1fb60858805f" executionId="8c14fc19-9c98-4dd5-a79e-471ffec7128b" testListId="8c84fa94-04c1-424b-9868-57a2d4851a1d" />
    <TestEntry testId="243d17f3-b3aa-1f7f-fe45-b270f1b10aac" executionId="30131565-d909-4f49-871c-6a544d6ef7d5" testListId="8c84fa94-04c1-424b-9868-57a2d4851a1d" />
    <TestEntry testId="c5119167-542a-1fa8-3eab-4faee8345c63" executionId="30274763-0eb9-47be-9731-5ee32cc6e90a" testListId="8c84fa94-04c1-424b-9868-57a2d4851a1d" />
    <TestEntry testId="ade80c07-6eec-3878-3c46-2f009575cf55" executionId="d2e6b8ad-afe7-4f3c-811b-fa8203da2d1c" testListId="8c84fa94-04c1-424b-9868-57a2d4851a1d" />
    <TestEntry testId="7361635d-0471-b883-2a3e-9e11ada3a373" executionId="4fce2a4a-215c-4b4c-9289-cb7e5121fb88" testListId="8c84fa94-04c1-424b-9868-57a2d4851a1d" />
    <TestEntry testId="02018c7c-3b54-9dc7-57c8-a9e8a6325e8e" executionId="99703233-54fc-485a-a1ac-98a20e07a0c3" testListId="8c84fa94-04c1-424b-9868-57a2d4851a1d" />
    <TestEntry testId="58dde6db-21b2-00a7-5cdd-3956243b7ad3" executionId="3dd0a090-3dc7-46a1-b2fb-6abbf24b07b7" testListId="8c84fa94-04c1-424b-9868-57a2d4851a1d" />
    <TestEntry testId="61bd2a93-8cfd-2596-ac4e-6755cde8791e" executionId="2cf32b16-af49-4ea5-80cf-133e63a34670" testListId="8c84fa94-04c1-424b-9868-57a2d4851a1d" />
    <TestEntry testId="a6d890d9-ba20-2a4c-cb99-488fc7063ee6" executionId="d9904826-ee69-405b-bdf1-27d1e77cd0ff" testListId="8c84fa94-04c1-424b-9868-57a2d4851a1d" />
    <TestEntry testId="26a4e123-0319-8283-49fd-7d8a635693ce" executionId="84419bce-36bd-4ee9-9191-082301ee937a" testListId="8c84fa94-04c1-424b-9868-57a2d4851a1d" />
    <TestEntry testId="5fc1a897-2bad-bfc8-e907-547b72df22df" executionId="1e09ab63-6773-42d8-bee3-a9a39a835310" testListId="8c84fa94-04c1-424b-9868-57a2d4851a1d" />
    <TestEntry testId="a59c7650-9c8e-5a66-cf4d-86415c1d057c" executionId="34d94df0-f9f8-488e-bbe6-a1910390fe9b" testListId="8c84fa94-04c1-424b-9868-57a2d4851a1d" />
    <TestEntry testId="ba75125b-a219-892f-41c3-4bebe36d3c3d" executionId="76312d66-cbc1-4307-ab7d-ea1c5a70c2fc" testListId="8c84fa94-04c1-424b-9868-57a2d4851a1d" />
    <TestEntry testId="a499118d-35ef-b266-7ef2-2ca0b387f1f0" executionId="6c17e3a0-5ab0-4253-abd1-876abb73059a" testListId="8c84fa94-04c1-424b-9868-57a2d4851a1d" />
    <TestEntry testId="02585d25-8458-a2d5-1a37-f8fdbb03b7f5" executionId="e43d616c-f679-4adb-a205-48d0fbfb596d" testListId="8c84fa94-04c1-424b-9868-57a2d4851a1d" />
    <TestEntry testId="a2bce702-365d-6ddb-20f6-5f22a941b354" executionId="8da678e4-3b05-448d-9ea0-7d7e6483e8a4" testListId="8c84fa94-04c1-424b-9868-57a2d4851a1d" />
    <TestEntry testId="8115ede1-3fe0-6ea9-9c40-67ab11fe3336" executionId="e380c35f-c301-4498-ad63-6f60c43d3415" testListId="8c84fa94-04c1-424b-9868-57a2d4851a1d" />
    <TestEntry testId="925bd70a-d73a-acfc-ef5a-67d128bee0e3" executionId="9643a719-6ad3-4372-8376-332ea27e5165" testListId="8c84fa94-04c1-424b-9868-57a2d4851a1d" />
    <TestEntry testId="a390271f-9fc7-9f66-ea21-97ddf81114c3" executionId="642e8148-cbf5-4002-a797-a53123a61673" testListId="8c84fa94-04c1-424b-9868-57a2d4851a1d" />
    <TestEntry testId="1ba1561c-f0fa-3c62-50fc-6a8fbfa90a60" executionId="72e8e83f-1412-410f-85c5-9262337cbd6f" testListId="8c84fa94-04c1-424b-9868-57a2d4851a1d" />
    <TestEntry testId="a29f3c96-61ec-8d2e-3d4e-4d7c87633011" executionId="fd756b09-a4c1-482e-b73e-e58620224706" testListId="8c84fa94-04c1-424b-9868-57a2d4851a1d" />
    <TestEntry testId="ac280fea-aebb-b911-3019-ace37fbbdbc4" executionId="c7a7e533-09a3-4953-a150-67070e6f74a5" testListId="8c84fa94-04c1-424b-9868-57a2d4851a1d" />
    <TestEntry testId="af873b35-5308-6a10-7a0f-62e9eb150c88" executionId="fb335627-ad73-4018-97c7-70c61f4e65f1" testListId="8c84fa94-04c1-424b-9868-57a2d4851a1d" />
    <TestEntry testId="88fe4a5c-f3fc-7b4e-de6f-6aa9a569bea4" executionId="e756c9f3-aa25-4adb-a10e-ced7eaf7ccae" testListId="8c84fa94-04c1-424b-9868-57a2d4851a1d" />
    <TestEntry testId="ef59d40b-5543-ffd1-2a2d-387acc978edf" executionId="d1be9e46-6f6a-402e-bc0e-bab408c28750" testListId="8c84fa94-04c1-424b-9868-57a2d4851a1d" />
    <TestEntry testId="b2a1b712-46a5-733f-1612-f15200d0057b" executionId="94d82cba-d016-4c48-896d-5eabfd61a1d6" testListId="8c84fa94-04c1-424b-9868-57a2d4851a1d" />
    <TestEntry testId="10af1bbd-2222-8ba2-39db-7e12e812860a" executionId="5f5fc677-8dcb-498e-80b9-2885124690da" testListId="8c84fa94-04c1-424b-9868-57a2d4851a1d" />
    <TestEntry testId="def81f4b-a2c5-2562-14db-1ed0468c4fe5" executionId="7af8d292-b56e-4458-bec7-48eabdf00eff" testListId="8c84fa94-04c1-424b-9868-57a2d4851a1d" />
    <TestEntry testId="768837d1-698a-c042-b263-bf6dd8525485" executionId="7c5f8668-ed4e-4a4c-bb46-3411aff52784" testListId="8c84fa94-04c1-424b-9868-57a2d4851a1d" />
    <TestEntry testId="fc7e9908-3587-b14b-442e-5b6a1e61adc9" executionId="5d743bff-a086-4473-81e7-694634280dd7" testListId="8c84fa94-04c1-424b-9868-57a2d4851a1d" />
    <TestEntry testId="4faa607d-3aad-d127-7190-31639410f00a" executionId="66110a80-0caf-401d-badd-257b81d9bb8e" testListId="8c84fa94-04c1-424b-9868-57a2d4851a1d" />
    <TestEntry testId="1136f19d-597b-e33e-2d0b-816a915a7044" executionId="701c66b2-5a22-4dd8-af15-6eceb0b88cb3" testListId="8c84fa94-04c1-424b-9868-57a2d4851a1d" />
    <TestEntry testId="bad2289f-a6e1-a4e9-831a-da13c452c51c" executionId="b8affb26-26b1-41d5-9911-9acd1d7a4e3e" testListId="8c84fa94-04c1-424b-9868-57a2d4851a1d" />
    <TestEntry testId="c41a5798-1609-bef5-af4f-bd161fe6c1a0" executionId="000e251b-e72f-45f3-9659-80a6b597424c" testListId="8c84fa94-04c1-424b-9868-57a2d4851a1d" />
    <TestEntry testId="364ed2ff-1752-6dc3-9a45-656d3267a6f4" executionId="c603dc7b-c159-4587-a990-030c0835fe3a" testListId="8c84fa94-04c1-424b-9868-57a2d4851a1d" />
    <TestEntry testId="e5d4bf48-cc51-e809-7812-46596c597626" executionId="2f24d061-5505-495f-bbf2-ff1cec0cd1ca" testListId="8c84fa94-04c1-424b-9868-57a2d4851a1d" />
    <TestEntry testId="8847c611-e637-f135-d4ee-97217fce4955" executionId="65a4fd5d-3b1f-4cee-8701-a0a99a57970a" testListId="8c84fa94-04c1-424b-9868-57a2d4851a1d" />
    <TestEntry testId="64d1fcf6-1816-7581-4aa9-1d502df8a159" executionId="bb792347-9c02-4791-b43b-d7797baa9616" testListId="8c84fa94-04c1-424b-9868-57a2d4851a1d" />
    <TestEntry testId="b77755e7-42cd-f184-7b35-a6128de820e4" executionId="6ccd3479-4e5c-4212-84b3-977a39bbc748" testListId="8c84fa94-04c1-424b-9868-57a2d4851a1d" />
    <TestEntry testId="aba52ee4-f6f5-ae12-1c3c-1f0f18673b2e" executionId="2c206af6-27cc-42cf-a849-cec53deaee3f" testListId="8c84fa94-04c1-424b-9868-57a2d4851a1d" />
    <TestEntry testId="0fa0b296-825d-51eb-b99d-20cf04cf2923" executionId="c981c7e3-8273-4419-ae5b-3d2e819713b2" testListId="8c84fa94-04c1-424b-9868-57a2d4851a1d" />
    <TestEntry testId="2ab34957-c977-2c1e-704f-3d8f1269fb08" executionId="7653cb27-206e-4905-9294-bee5e798b73d" testListId="8c84fa94-04c1-424b-9868-57a2d4851a1d" />
    <TestEntry testId="2bd15d14-647f-e616-2c0a-2b924f0f4906" executionId="bf2baa16-3351-4f57-84d8-c07a978ad633" testListId="8c84fa94-04c1-424b-9868-57a2d4851a1d" />
    <TestEntry testId="2b908fb7-b08c-080d-c013-0cb6e5bee8c3" executionId="abddee79-dffd-488f-9da3-6a909a7fea22" testListId="8c84fa94-04c1-424b-9868-57a2d4851a1d" />
    <TestEntry testId="54d4647f-2aaa-172d-abd6-1a48951c3396" executionId="a2740b6a-69f8-417e-82a6-238667ef0602" testListId="8c84fa94-04c1-424b-9868-57a2d4851a1d" />
    <TestEntry testId="a319cef0-3e15-f923-0e74-77ec35379415" executionId="49840c5a-0b21-4d8e-b142-4714e9bb8758" testListId="8c84fa94-04c1-424b-9868-57a2d4851a1d" />
    <TestEntry testId="962ad370-2719-b2eb-b557-7133a1071704" executionId="14addc3a-0a98-45b9-b096-a5d13d287be3" testListId="8c84fa94-04c1-424b-9868-57a2d4851a1d" />
    <TestEntry testId="1da1ae08-79af-3038-8ed9-c572830558d6" executionId="88d39bf3-10ec-4026-ad7d-d738f4efab40" testListId="8c84fa94-04c1-424b-9868-57a2d4851a1d" />
    <TestEntry testId="8f9a3242-57e5-a277-304e-59d280184022" executionId="166c0d59-544b-4c15-9d11-ba0108695f59" testListId="8c84fa94-04c1-424b-9868-57a2d4851a1d" />
    <TestEntry testId="2788e7fe-8518-3dce-4bab-c40969b86930" executionId="fb2f9118-a426-4b27-a437-e9119b789721" testListId="8c84fa94-04c1-424b-9868-57a2d4851a1d" />
    <TestEntry testId="ccb34df4-86e3-130c-4b84-9d98dd328c0f" executionId="0b436c91-05b8-4624-abec-3ddcc7231ec7" testListId="8c84fa94-04c1-424b-9868-57a2d4851a1d" />
    <TestEntry testId="33417da9-8ad8-c514-6a49-2878692f6493" executionId="2aec4f1c-e6f1-4fea-a584-4381f365794c" testListId="8c84fa94-04c1-424b-9868-57a2d4851a1d" />
    <TestEntry testId="e3fa8041-f9f7-df48-f05f-064b1b9f976b" executionId="bf6a6914-b37e-4b9b-b609-fb19b7562d00" testListId="8c84fa94-04c1-424b-9868-57a2d4851a1d" />
    <TestEntry testId="d8e46ffd-6776-a2cc-a5b4-d675b58a111e" executionId="124f5c5d-a15c-4914-8aca-fa027e8d045a" testListId="8c84fa94-04c1-424b-9868-57a2d4851a1d" />
    <TestEntry testId="f8798a06-bec2-cdf1-c5c3-040b6bbc7bd3" executionId="02540e69-f42a-4bf5-ae7b-ad099b5faf59" testListId="8c84fa94-04c1-424b-9868-57a2d4851a1d" />
    <TestEntry testId="5c75a430-77bf-290c-c3d3-c3f927b487ee" executionId="37240c82-3dd2-4a56-8fe0-daec61df71cf" testListId="8c84fa94-04c1-424b-9868-57a2d4851a1d" />
    <TestEntry testId="2c94bf9d-4b8a-41a8-a139-1614d07c1390" executionId="5450b5ff-5587-48c7-8fb9-e7dc1efb884a" testListId="8c84fa94-04c1-424b-9868-57a2d4851a1d" />
    <TestEntry testId="0f9a2ddb-a9cb-d21e-eae3-4e8bb305fc77" executionId="4c25b731-7f19-4104-90de-0a3164862c9b" testListId="8c84fa94-04c1-424b-9868-57a2d4851a1d" />
    <TestEntry testId="290c1c4d-f869-be83-3d83-57c43f3d21d3" executionId="335ba036-91db-4350-881f-334ccc0a9456" testListId="8c84fa94-04c1-424b-9868-57a2d4851a1d" />
    <TestEntry testId="4630f054-24b7-f798-f6aa-0f2c71e021d2" executionId="8c350272-f593-47d1-b30d-339e2c80980d" testListId="8c84fa94-04c1-424b-9868-57a2d4851a1d" />
    <TestEntry testId="26e2aa31-b19a-1845-8c06-b89b0c1afe34" executionId="b66a4320-3706-4a73-b275-b3abb8ef4b97" testListId="8c84fa94-04c1-424b-9868-57a2d4851a1d" />
    <TestEntry testId="88cfe221-1dfd-9aab-dd1e-f67f1b757601" executionId="d6e1a863-bbce-4cb1-8cfb-0cc143673472" testListId="8c84fa94-04c1-424b-9868-57a2d4851a1d" />
    <TestEntry testId="56a9da53-748d-8045-6ef2-fedcd94d62ae" executionId="f0c745a6-0e5a-43da-8ad0-1c009e9bcf74" testListId="8c84fa94-04c1-424b-9868-57a2d4851a1d" />
    <TestEntry testId="2997dccb-198f-1bc8-7ae5-b9bd3bac6ede" executionId="c6598ab3-0af7-43d8-9aa4-faee875fa5e5" testListId="8c84fa94-04c1-424b-9868-57a2d4851a1d" />
    <TestEntry testId="267b1a2b-95b2-68a5-fcda-0a26d2cd3423" executionId="500d5df2-d088-4c21-8c8a-34947c63f2fe" testListId="8c84fa94-04c1-424b-9868-57a2d4851a1d" />
    <TestEntry testId="b5d4a09a-8d55-dd83-ee22-44db42c592da" executionId="e7ebb3cb-6a58-495a-9314-8a974a21b987" testListId="8c84fa94-04c1-424b-9868-57a2d4851a1d" />
    <TestEntry testId="2f68f5f2-1b20-f1d7-25cc-825b8162878b" executionId="97586b93-3a3f-4794-8ae1-d818b87a9cae" testListId="8c84fa94-04c1-424b-9868-57a2d4851a1d" />
    <TestEntry testId="675ad30a-8fb4-d768-7635-64655b88916d" executionId="17cef00c-bd24-4334-86f5-eacbe0d3e39a" testListId="8c84fa94-04c1-424b-9868-57a2d4851a1d" />
    <TestEntry testId="05ff1802-02e0-caac-c581-abbda79bfe56" executionId="8370c79e-0373-4c41-bb86-4fb19e661bf2" testListId="8c84fa94-04c1-424b-9868-57a2d4851a1d" />
    <TestEntry testId="53bbb306-80cf-c04b-03aa-34af40311de5" executionId="f83225de-3a06-44a6-9d30-1f901da50bce" testListId="8c84fa94-04c1-424b-9868-57a2d4851a1d" />
    <TestEntry testId="15a41eed-e791-397c-fd04-5f8c4a27a22e" executionId="4ba8ba90-49f2-4f8d-bee5-c5231b062fda" testListId="8c84fa94-04c1-424b-9868-57a2d4851a1d" />
    <TestEntry testId="12297819-a531-e9d2-9b5c-ff454020f994" executionId="f9a207d8-0cfe-4a94-952d-3f9bc7517fab" testListId="8c84fa94-04c1-424b-9868-57a2d4851a1d" />
    <TestEntry testId="39580f40-0bef-81f8-7235-89ab12e8c444" executionId="7135c8a2-a615-49b7-8490-8497f6f010a5" testListId="8c84fa94-04c1-424b-9868-57a2d4851a1d" />
    <TestEntry testId="92d55bf1-3cde-20d6-09db-88d6935f1eec" executionId="c3009c85-9d1f-49cb-a93a-bba3e7239224" testListId="8c84fa94-04c1-424b-9868-57a2d4851a1d" />
    <TestEntry testId="2886a1e5-b545-f681-6d8e-ded7da6dd0c9" executionId="dea5b7df-4baf-4912-813d-3f8316deed0a" testListId="8c84fa94-04c1-424b-9868-57a2d4851a1d" />
    <TestEntry testId="ddea05b6-294c-0745-bd8f-cb8c657bcad0" executionId="a3194e4b-8f8e-47d6-9421-9c119d427d7c" testListId="8c84fa94-04c1-424b-9868-57a2d4851a1d" />
    <TestEntry testId="5aa20bdb-510a-5a49-ef69-9a4f88c0b4d3" executionId="724b8e60-87a3-4962-b815-898f76434503" testListId="8c84fa94-04c1-424b-9868-57a2d4851a1d" />
    <TestEntry testId="afe30091-8913-e04e-6aa4-a530d1b1b039" executionId="82e3d78c-0807-4cf1-bf61-969356719131" testListId="8c84fa94-04c1-424b-9868-57a2d4851a1d" />
    <TestEntry testId="ad222203-2d97-008d-8192-c303782b71d9" executionId="a6745b94-ba1e-467a-bb3d-1cb9e2347b91" testListId="8c84fa94-04c1-424b-9868-57a2d4851a1d" />
    <TestEntry testId="226d6fda-46cf-f08f-cf67-d3a9d71d5298" executionId="00faa282-a33c-4284-8a4f-505e6fb2f9ab" testListId="8c84fa94-04c1-424b-9868-57a2d4851a1d" />
    <TestEntry testId="e14319d9-d917-ec15-9844-7917e387086a" executionId="e5d04653-2898-4863-9cfd-e4a8819957b4" testListId="8c84fa94-04c1-424b-9868-57a2d4851a1d" />
    <TestEntry testId="67e568f4-2635-df03-0597-688e62982d3d" executionId="f33eb89a-b64a-4259-b167-2d2bd343dfd6" testListId="8c84fa94-04c1-424b-9868-57a2d4851a1d" />
    <TestEntry testId="5d79b4e4-9737-73a4-0296-d3511031e487" executionId="87e7ff44-c158-4579-a9f0-5776bdf510ad" testListId="8c84fa94-04c1-424b-9868-57a2d4851a1d" />
    <TestEntry testId="588bf695-5c81-90d2-eac0-94b20bf1d8df" executionId="7c946149-af62-4f7b-af47-b1198c16e8ab" testListId="8c84fa94-04c1-424b-9868-57a2d4851a1d" />
    <TestEntry testId="02e75450-ec29-44c6-12a5-8d90a0d4833b" executionId="242a6699-9136-47e6-b6da-77b4596e9095" testListId="8c84fa94-04c1-424b-9868-57a2d4851a1d" />
    <TestEntry testId="7ac6d2bb-2ae4-662d-70bb-323f78a4d416" executionId="13c6c3c3-9f13-4c70-a399-a950ad9653b8" testListId="8c84fa94-04c1-424b-9868-57a2d4851a1d" />
    <TestEntry testId="9a0bb723-0bdb-ba03-fb13-485ed2050142" executionId="6dbf8fa0-e4ae-4602-9ffd-78a46b3ba053" testListId="8c84fa94-04c1-424b-9868-57a2d4851a1d" />
    <TestEntry testId="f5ab79e3-803b-bf2c-0bf1-3e840dcef81b" executionId="cf41ad6e-7ee1-46b4-9922-4a851441dc31" testListId="8c84fa94-04c1-424b-9868-57a2d4851a1d" />
    <TestEntry testId="d5fc2921-49e9-457b-e57f-91fa957c113c" executionId="69857ec1-24b0-4adf-bf85-d2510fb222aa" testListId="8c84fa94-04c1-424b-9868-57a2d4851a1d" />
    <TestEntry testId="1339fa88-0b32-721b-237e-2d3d86ed2056" executionId="ee6a7a4f-5310-4129-9f59-4dcee43dcd9b" testListId="8c84fa94-04c1-424b-9868-57a2d4851a1d" />
    <TestEntry testId="e90d824f-6012-1f24-1454-19b6ed28214d" executionId="910d6253-543b-420e-8237-e2095c9fb59a" testListId="8c84fa94-04c1-424b-9868-57a2d4851a1d" />
    <TestEntry testId="992a84e9-d69e-6a2a-f3dc-f6ad5de98e90" executionId="8cc4df73-b6bf-495c-920e-350eef45fee9" testListId="8c84fa94-04c1-424b-9868-57a2d4851a1d" />
    <TestEntry testId="58a4dcc3-1748-b691-5721-762019d15680" executionId="6f4b0e0f-3038-4c32-8026-aad02177f70c" testListId="8c84fa94-04c1-424b-9868-57a2d4851a1d" />
    <TestEntry testId="b321bf5a-fd2d-4b0b-5379-83f479a73f05" executionId="c5f7efc8-52f9-42f2-8ba8-3eef5658a5b7" testListId="8c84fa94-04c1-424b-9868-57a2d4851a1d" />
    <TestEntry testId="4937a82f-e444-8273-914e-c5305909eaff" executionId="910533d1-9238-4ee8-ae0c-57aa8a1123ff" testListId="8c84fa94-04c1-424b-9868-57a2d4851a1d" />
    <TestEntry testId="e821b0ad-fab3-7a95-fead-f5d4e3ae6201" executionId="29469404-73b5-4332-b83c-7cd73b0ac225" testListId="8c84fa94-04c1-424b-9868-57a2d4851a1d" />
    <TestEntry testId="fe3d5e92-bf5b-5981-1f4a-9ee48255a44e" executionId="6eb1d765-4dd2-4aa0-bb3e-e8fb2cc462f4" testListId="8c84fa94-04c1-424b-9868-57a2d4851a1d" />
    <TestEntry testId="39e8a3bf-f5ea-1942-fcd6-4f40fff621b0" executionId="24a67295-f835-44d0-9548-4cbc8e628494" testListId="8c84fa94-04c1-424b-9868-57a2d4851a1d" />
    <TestEntry testId="279ef243-f59c-b7ed-7e28-7e46d8077385" executionId="c2d97348-ed57-4db8-b544-c50937507b30" testListId="8c84fa94-04c1-424b-9868-57a2d4851a1d" />
    <TestEntry testId="f55f56e8-4ed9-047c-5b59-43baeffc38f2" executionId="2c1f228d-0e53-4a03-98a8-467097437a3f" testListId="8c84fa94-04c1-424b-9868-57a2d4851a1d" />
    <TestEntry testId="ebe473c0-4546-ef14-e351-e74aa8e18fb6" executionId="a4cbe918-5902-4c5b-b6d1-0131d38fd1a3" testListId="8c84fa94-04c1-424b-9868-57a2d4851a1d" />
    <TestEntry testId="d48b09cc-b7fc-08ec-0ebf-0631fd2160f8" executionId="a01d4910-5918-49d7-8a4a-85997acb9e60" testListId="8c84fa94-04c1-424b-9868-57a2d4851a1d" />
    <TestEntry testId="05902154-19c0-820e-ac4d-8b29c50acb9c" executionId="dccfe4ff-4638-4a41-9c51-f35d8f35da85" testListId="8c84fa94-04c1-424b-9868-57a2d4851a1d" />
    <TestEntry testId="676da098-943f-606b-3ca8-01773813a201" executionId="6c1efcf4-fff7-4255-ac2b-54f2e71d66e2" testListId="8c84fa94-04c1-424b-9868-57a2d4851a1d" />
    <TestEntry testId="98f2e5ed-1941-76bc-7c6c-47f3b873fdb1" executionId="7f81c1d3-dc50-4fe9-bdff-f9f6e213454b" testListId="8c84fa94-04c1-424b-9868-57a2d4851a1d" />
    <TestEntry testId="baff1e4c-b682-9019-04f4-ee7c6241c8fb" executionId="4da81af5-22b2-4fed-8fec-94dafdba8d19" testListId="8c84fa94-04c1-424b-9868-57a2d4851a1d" />
    <TestEntry testId="5e445673-c136-e2e8-73ef-d1a78293d9cf" executionId="684449a4-5f9a-4d99-b3d2-556297d49732" testListId="8c84fa94-04c1-424b-9868-57a2d4851a1d" />
    <TestEntry testId="edeb0151-49f5-2be5-1026-0c32117b919b" executionId="0e5cd108-d817-495c-ad23-8b1d5b95ed53" testListId="8c84fa94-04c1-424b-9868-57a2d4851a1d" />
    <TestEntry testId="2237c7c1-3704-cc84-2e1f-9ea6af15525c" executionId="a6518b71-b2f8-4d93-b5e0-4a6fd02e79ec" testListId="8c84fa94-04c1-424b-9868-57a2d4851a1d" />
    <TestEntry testId="ac9e9097-86ee-f6e7-4b59-9ca177ce9c0e" executionId="2091c6b6-8494-46b4-b740-af1a337debc3" testListId="8c84fa94-04c1-424b-9868-57a2d4851a1d" />
    <TestEntry testId="dbc4df8b-6198-2392-24f1-7438812891e6" executionId="cb77df8a-ded1-45c4-85e0-7a79c47abd87" testListId="8c84fa94-04c1-424b-9868-57a2d4851a1d" />
    <TestEntry testId="d84aa1df-acf6-f179-addd-385a8ef854fb" executionId="cb18b648-e961-4a4e-b65b-8dbb5f041dc5" testListId="8c84fa94-04c1-424b-9868-57a2d4851a1d" />
    <TestEntry testId="337e6e67-5e25-24a0-2f7a-5be02097febb" executionId="1432ce4e-6cc2-4378-b3f1-0aadc53e3909" testListId="8c84fa94-04c1-424b-9868-57a2d4851a1d" />
    <TestEntry testId="e108cf7f-d788-6c89-2b03-5046c8983bf3" executionId="0f0ad0c9-fd9d-45be-98a1-520dadf383c3" testListId="8c84fa94-04c1-424b-9868-57a2d4851a1d" />
    <TestEntry testId="a66ac296-b042-4c15-5b42-8c32ecdc27df" executionId="3c28e713-2f58-47fe-b5e6-bed056ef01ab" testListId="8c84fa94-04c1-424b-9868-57a2d4851a1d" />
    <TestEntry testId="c850ca74-d223-3a0b-bdea-afc6f7a88389" executionId="c83f84f1-41fb-4de8-a4f4-931cbe558f5f" testListId="8c84fa94-04c1-424b-9868-57a2d4851a1d" />
    <TestEntry testId="feb9425f-17e6-a400-b43c-667dfb8a797b" executionId="66e5b52b-89be-409b-a878-3eccef4a6752" testListId="8c84fa94-04c1-424b-9868-57a2d4851a1d" />
    <TestEntry testId="57cc1aeb-9d58-94a8-7948-9932f23c8c13" executionId="395b6dad-b5b4-49c9-8ffd-0d99fcafac64" testListId="8c84fa94-04c1-424b-9868-57a2d4851a1d" />
    <TestEntry testId="52d9a274-dcc7-2ec7-8f82-d51baba9422b" executionId="11d454fb-4ba6-46bf-9e3d-95b659e4695c" testListId="8c84fa94-04c1-424b-9868-57a2d4851a1d" />
    <TestEntry testId="7cf9a21e-1b42-088a-97b0-d7d43d1e0a16" executionId="41bc5af6-71a6-47e5-9d4d-09660cc13e72" testListId="8c84fa94-04c1-424b-9868-57a2d4851a1d" />
    <TestEntry testId="2cc58668-9dc7-b18f-f113-82958087b168" executionId="a4b126cb-676a-45fc-8990-11305305a63a" testListId="8c84fa94-04c1-424b-9868-57a2d4851a1d" />
    <TestEntry testId="ef52bfca-9823-3644-4dd9-22de8b059e3a" executionId="3f5facf8-27c0-4033-a9ac-5277442ba81e" testListId="8c84fa94-04c1-424b-9868-57a2d4851a1d" />
    <TestEntry testId="6dd13415-80a1-3dc0-3ef0-c5a6924ca8cb" executionId="a1fd057c-32df-4671-bd2f-1327ace7aac8" testListId="8c84fa94-04c1-424b-9868-57a2d4851a1d" />
    <TestEntry testId="847a0fa3-5d84-62ca-d516-b826e9ef6eea" executionId="809c6f18-d5d7-4fd7-a65c-ed55fefd24b6" testListId="8c84fa94-04c1-424b-9868-57a2d4851a1d" />
    <TestEntry testId="e60c4eb7-333a-92ae-4d3d-7b552a715c3e" executionId="78cafab5-8463-4888-82f4-5194a40b42f6" testListId="8c84fa94-04c1-424b-9868-57a2d4851a1d" />
    <TestEntry testId="814b8c0a-160f-1311-d907-98ac754563aa" executionId="fe620333-25df-4066-9295-e5086c5c7363" testListId="8c84fa94-04c1-424b-9868-57a2d4851a1d" />
    <TestEntry testId="d76eddb3-6543-d3be-6dea-de4c71be1644" executionId="8d8f4203-3b3f-48fa-8e50-6524030bd56c" testListId="8c84fa94-04c1-424b-9868-57a2d4851a1d" />
    <TestEntry testId="ebc309bb-ac27-8eab-a1fd-4932f7f1d3dd" executionId="c813cfdf-8754-4a82-ae40-f44f3a16dbd3" testListId="8c84fa94-04c1-424b-9868-57a2d4851a1d" />
    <TestEntry testId="19f6cec6-dca0-1fa4-b0b6-8a53a7db5db8" executionId="68fad18e-67fe-41d7-811a-800030a88ef6" testListId="8c84fa94-04c1-424b-9868-57a2d4851a1d" />
    <TestEntry testId="98ec49c7-d50b-0e61-1c94-93b28b0ab4f7" executionId="9459134b-2b05-40ae-8f67-08608cba9a9a" testListId="8c84fa94-04c1-424b-9868-57a2d4851a1d" />
    <TestEntry testId="9affb97e-1e02-ae41-4d90-3807ddd1dde2" executionId="2bfa82a5-d47d-467f-8b9b-72e0391975b7" testListId="8c84fa94-04c1-424b-9868-57a2d4851a1d" />
    <TestEntry testId="62c62504-172a-2557-6de5-15de32bcc5e8" executionId="0d927453-2734-4a92-b2fc-589b614784ea" testListId="8c84fa94-04c1-424b-9868-57a2d4851a1d" />
    <TestEntry testId="4accbf98-8be0-6a8c-54ca-e3b30a805ce7" executionId="87e74f0e-c972-4d4c-85f4-028698d712a2" testListId="8c84fa94-04c1-424b-9868-57a2d4851a1d" />
    <TestEntry testId="7e416566-5089-1927-3b1f-9f790f915601" executionId="280702c5-c1ab-4b5d-9435-edecf8f38eb0" testListId="8c84fa94-04c1-424b-9868-57a2d4851a1d" />
    <TestEntry testId="2ca91596-8201-71d7-e88c-b8ed47ea102c" executionId="a03860e6-14d7-4139-a18a-9aaf6f5fb142" testListId="8c84fa94-04c1-424b-9868-57a2d4851a1d" />
    <TestEntry testId="4b2b5ea4-f0d4-e93c-7b72-d16a0f939b24" executionId="d3083594-ae64-4d52-9b32-da9d58944cb4" testListId="8c84fa94-04c1-424b-9868-57a2d4851a1d" />
    <TestEntry testId="83b75c3f-ef01-704d-26e3-7e90e6adc563" executionId="10c03f03-a9da-494b-8d31-32d3c1044d0c" testListId="8c84fa94-04c1-424b-9868-57a2d4851a1d" />
    <TestEntry testId="c00497f9-ea5d-2f59-337b-ecad5edfefda" executionId="dcfbebff-ac6a-47cf-bcbb-0d86e6de9d4a" testListId="8c84fa94-04c1-424b-9868-57a2d4851a1d" />
    <TestEntry testId="cd066c35-818e-33d4-9d89-a4aa8374f78a" executionId="ce338fa2-d426-4451-a189-078ec21fb853" testListId="8c84fa94-04c1-424b-9868-57a2d4851a1d" />
    <TestEntry testId="dfb29709-d52f-ce00-9c19-520757533373" executionId="1cde58f7-9098-40d2-8981-a9af61fc7054" testListId="8c84fa94-04c1-424b-9868-57a2d4851a1d" />
    <TestEntry testId="693448aa-adc5-611c-2b53-0a8695f4d97d" executionId="4438fa8b-79e5-41de-b56c-bcac1e4575fd" testListId="8c84fa94-04c1-424b-9868-57a2d4851a1d" />
    <TestEntry testId="e3a9f397-1160-5f7c-0483-55beba4711e5" executionId="c973da06-620a-484f-a2fd-bdd361a48ce8" testListId="8c84fa94-04c1-424b-9868-57a2d4851a1d" />
    <TestEntry testId="aea74159-7358-5879-bf8e-a1314c768404" executionId="869576b3-1cc9-4fe1-bb1c-74c6927bfa65" testListId="8c84fa94-04c1-424b-9868-57a2d4851a1d" />
    <TestEntry testId="93976be4-fb9f-5da8-5ace-0c4cfb0b5d69" executionId="583bf37e-84eb-4e6e-8898-174d9dd516c8" testListId="8c84fa94-04c1-424b-9868-57a2d4851a1d" />
    <TestEntry testId="a6094747-bd2e-c88f-ef68-c7f43648c75c" executionId="2f336188-7d0b-4a0c-ad3f-6f7e7af9fb28" testListId="8c84fa94-04c1-424b-9868-57a2d4851a1d" />
    <TestEntry testId="ddaab170-434d-109b-1b52-ca2b27bc9b50" executionId="ad473265-d647-4f50-8784-810d1bf16c78" testListId="8c84fa94-04c1-424b-9868-57a2d4851a1d" />
    <TestEntry testId="9f055cc4-e575-fd12-de79-f6a729207849" executionId="82ee4022-2f0d-4691-bbf8-fd387ce8b8d2" testListId="8c84fa94-04c1-424b-9868-57a2d4851a1d" />
    <TestEntry testId="3eb744f7-1144-5fa3-699e-8a12095498f6" executionId="64eb76a3-4bf1-4bfb-bdee-d229ce7fb215" testListId="8c84fa94-04c1-424b-9868-57a2d4851a1d" />
    <TestEntry testId="605c7227-cd09-8947-873a-f25cb5e2e230" executionId="ca1f6e93-44a7-40ed-afb7-5972a404c2a3" testListId="8c84fa94-04c1-424b-9868-57a2d4851a1d" />
    <TestEntry testId="4759d55f-49a3-0ea7-167a-01f5ecbcbaf8" executionId="caf030de-cb52-4873-a5ca-d72be87df29b" testListId="8c84fa94-04c1-424b-9868-57a2d4851a1d" />
    <TestEntry testId="74a7161d-5c30-962d-e325-efebe9b72001" executionId="25568a50-a58c-43ba-9d37-d51bdd94e5ae" testListId="8c84fa94-04c1-424b-9868-57a2d4851a1d" />
    <TestEntry testId="e0fb9a6b-01f1-3864-c35f-18601f8da5ad" executionId="9c1a6d16-0549-4b7c-9f30-49010f2f5de2" testListId="8c84fa94-04c1-424b-9868-57a2d4851a1d" />
    <TestEntry testId="8b5df9dc-04e3-1960-ed88-39b06a30661c" executionId="3a08d633-4747-4d4c-8d38-e7d8d27f3d7b" testListId="8c84fa94-04c1-424b-9868-57a2d4851a1d" />
    <TestEntry testId="89e9840a-f8d1-8b03-eada-327dd314aa58" executionId="79fe43fa-8b5d-4101-b291-47c54353639b" testListId="8c84fa94-04c1-424b-9868-57a2d4851a1d" />
    <TestEntry testId="21806500-e743-4262-83d1-0b2b1558ea13" executionId="20ee5f57-4bca-4d45-8c27-7cde863efd76" testListId="8c84fa94-04c1-424b-9868-57a2d4851a1d" />
    <TestEntry testId="8aee07f8-0ffc-3a99-ff2a-0d2135720078" executionId="9c7e95aa-3c16-49a8-82fa-58e427778aca" testListId="8c84fa94-04c1-424b-9868-57a2d4851a1d" />
    <TestEntry testId="69bb0600-5e66-cbf0-6f83-c1811a371d15" executionId="b9b6255d-2204-4b8c-b344-a0312bf722d4" testListId="8c84fa94-04c1-424b-9868-57a2d4851a1d" />
    <TestEntry testId="2471960c-fbc1-1789-b84e-c826b7cea066" executionId="455a707b-3f97-4f45-bf42-cb8835bf9dc9" testListId="8c84fa94-04c1-424b-9868-57a2d4851a1d" />
    <TestEntry testId="c83832b7-8819-2499-1d34-aa973e75957d" executionId="60df0c85-2805-4bd9-8b6a-16d7e0089b27" testListId="8c84fa94-04c1-424b-9868-57a2d4851a1d" />
    <TestEntry testId="25bfeecd-33e8-dc9c-0884-9674ccccb38b" executionId="1c32224f-24ca-4396-8533-d538a92d5e0d" testListId="8c84fa94-04c1-424b-9868-57a2d4851a1d" />
    <TestEntry testId="a657cb3a-38c0-fb29-81f5-1f9df5b01316" executionId="ea193f03-9af9-41a7-8f41-9ede93c0ad80" testListId="8c84fa94-04c1-424b-9868-57a2d4851a1d" />
    <TestEntry testId="23b815c5-4d23-70cb-0402-9d0899ee10d1" executionId="ce0fda5f-0a81-478a-819f-c62743fe0b5d" testListId="8c84fa94-04c1-424b-9868-57a2d4851a1d" />
    <TestEntry testId="85347f42-97eb-f529-781c-a286ab1257cd" executionId="e9ccba9e-789d-4b5d-a5b0-c41faf4ba853" testListId="8c84fa94-04c1-424b-9868-57a2d4851a1d" />
    <TestEntry testId="4653b7c6-3ebe-3e0e-638f-06af9c964104" executionId="79ea6518-cd93-4af9-9de9-375002e8c6e3" testListId="8c84fa94-04c1-424b-9868-57a2d4851a1d" />
    <TestEntry testId="9b77f50a-195c-babb-8067-e33089016f46" executionId="86aff37c-4422-4cc3-9a47-d429314caeb0" testListId="8c84fa94-04c1-424b-9868-57a2d4851a1d" />
    <TestEntry testId="3b282e31-e662-2209-1675-06885da7712c" executionId="c9fbc157-97d3-4edc-86ac-84277c77c81c" testListId="8c84fa94-04c1-424b-9868-57a2d4851a1d" />
    <TestEntry testId="3733e2ee-3994-7baf-10b1-90fe617c0a63" executionId="833e612a-80f0-4df9-8476-a9c6992cc939" testListId="8c84fa94-04c1-424b-9868-57a2d4851a1d" />
    <TestEntry testId="261e9349-c966-f457-4f8c-b98500a37378" executionId="37c69b10-a99f-4c77-9c58-e1d76c68d46f" testListId="8c84fa94-04c1-424b-9868-57a2d4851a1d" />
    <TestEntry testId="99e9a28f-2c77-eaac-eaae-2f23b8c10bdb" executionId="d52f38e9-2726-45a1-aa93-db20ba8b5a9e" testListId="8c84fa94-04c1-424b-9868-57a2d4851a1d" />
    <TestEntry testId="0425d33d-d313-8cac-6e0d-c9f04bddf17e" executionId="be0b241b-612a-4bb7-822c-ab41d8a04943" testListId="8c84fa94-04c1-424b-9868-57a2d4851a1d" />
    <TestEntry testId="b6352ce6-c814-0027-c2b4-6820f91e65e3" executionId="e4539057-8dc1-46da-b768-0f2affbd32f9" testListId="8c84fa94-04c1-424b-9868-57a2d4851a1d" />
    <TestEntry testId="40fd06fb-7b5a-53ff-fccf-240959616eb7" executionId="0dcf4e20-8a1d-4dff-8413-21f002733333" testListId="8c84fa94-04c1-424b-9868-57a2d4851a1d" />
    <TestEntry testId="87c40e4a-7a60-c338-93a7-08f14b9747cd" executionId="3b892a93-8a25-4d1f-950d-ef88d6ccbbc0" testListId="8c84fa94-04c1-424b-9868-57a2d4851a1d" />
    <TestEntry testId="23cfcab5-cc01-cacd-cb19-101ff4e9a64e" executionId="dde66afd-8a27-4382-9c60-97d25e9c94a7" testListId="8c84fa94-04c1-424b-9868-57a2d4851a1d" />
    <TestEntry testId="a423304b-e3d2-899f-2405-1ad025659a1b" executionId="4b28c19a-20fc-4998-8099-af0a9013d2e1" testListId="8c84fa94-04c1-424b-9868-57a2d4851a1d" />
    <TestEntry testId="1184c378-3743-c521-3a27-56e3206d4afd" executionId="c2255426-8163-4437-80f3-bf9c42967255" testListId="8c84fa94-04c1-424b-9868-57a2d4851a1d" />
    <TestEntry testId="96b28535-e625-df35-df33-078293bf1a00" executionId="8eacf77c-3aa0-4325-b95a-86fd68a995da" testListId="8c84fa94-04c1-424b-9868-57a2d4851a1d" />
    <TestEntry testId="874107af-69b6-d02c-bb7a-57da33f7f268" executionId="db496a98-f9a5-4ab2-808f-4f5e88d506f7" testListId="8c84fa94-04c1-424b-9868-57a2d4851a1d" />
    <TestEntry testId="f22bf055-64a6-a89a-97b0-a09304021d53" executionId="f80efdac-5ea0-4a54-a6d7-dad93508a725" testListId="8c84fa94-04c1-424b-9868-57a2d4851a1d" />
    <TestEntry testId="5ad04535-1818-d080-de1a-2504c7ed3619" executionId="1a787d54-a1ac-4a06-88d7-09f9e973c79e" testListId="8c84fa94-04c1-424b-9868-57a2d4851a1d" />
    <TestEntry testId="aba99fc6-3d31-95d1-311f-ba8853e03d7e" executionId="ee98c4a2-50ce-4292-9be9-612b8db0fbc1" testListId="8c84fa94-04c1-424b-9868-57a2d4851a1d" />
    <TestEntry testId="54ef468a-8378-e46d-f375-82eeb64c7378" executionId="e9ff515b-1be9-49a5-b33e-e1ad81ac04dd" testListId="8c84fa94-04c1-424b-9868-57a2d4851a1d" />
    <TestEntry testId="29b5836d-082b-f72d-cb89-131afc3a7659" executionId="e84374d5-5961-4a61-b533-b2378d023602" testListId="8c84fa94-04c1-424b-9868-57a2d4851a1d" />
    <TestEntry testId="beabd535-a81b-7854-466b-bc77ec14ae26" executionId="45f78df8-025d-429b-b629-9e349ebb01bd" testListId="8c84fa94-04c1-424b-9868-57a2d4851a1d" />
    <TestEntry testId="02c8a26b-7bde-5aa8-6975-eeebe21df113" executionId="a2e4c40d-725e-4441-aaca-674475ecacf7" testListId="8c84fa94-04c1-424b-9868-57a2d4851a1d" />
    <TestEntry testId="625d3001-dabd-c167-d3b1-1fc17d819842" executionId="af9761e5-6f8d-4c5d-9fee-27ca9280b760" testListId="8c84fa94-04c1-424b-9868-57a2d4851a1d" />
    <TestEntry testId="0f6b41fe-2883-b304-9a30-c41f3a9508b9" executionId="4e7421c1-8e71-4b91-b5f7-3c2e9a0b545d" testListId="8c84fa94-04c1-424b-9868-57a2d4851a1d" />
    <TestEntry testId="4868c342-5afd-96c3-b8ae-756d5892ed87" executionId="d451f039-81c0-4547-a280-52303835c5d2" testListId="8c84fa94-04c1-424b-9868-57a2d4851a1d" />
    <TestEntry testId="2a53e5e6-634c-2e15-6881-64128adc81df" executionId="c48feec8-1ba9-4999-89e8-94adb293fa6a" testListId="8c84fa94-04c1-424b-9868-57a2d4851a1d" />
    <TestEntry testId="bc96c959-61a5-af4e-34a3-499043550e69" executionId="66e0cc54-d150-46ab-a525-1f97f04354fb" testListId="8c84fa94-04c1-424b-9868-57a2d4851a1d" />
    <TestEntry testId="3619a619-c06c-ef53-b6fd-e5a15fab7b29" executionId="c3a6dcef-c155-4183-bd4d-0be4e8767022" testListId="8c84fa94-04c1-424b-9868-57a2d4851a1d" />
    <TestEntry testId="a10a27d9-4abb-eaad-b70e-d6b782a46c9e" executionId="da2e2474-2fb3-4a86-88f4-9c302d9dc73b" testListId="8c84fa94-04c1-424b-9868-57a2d4851a1d" />
    <TestEntry testId="1ae0ac54-8e7d-1642-efab-7c10333bbd4b" executionId="cd431cae-79cd-4c5b-bedd-275f25e4b984" testListId="8c84fa94-04c1-424b-9868-57a2d4851a1d" />
    <TestEntry testId="cc562d4c-f488-fdcb-813b-048d832aad4a" executionId="a27507dc-7041-4653-9a05-1d7032cb2c0b" testListId="8c84fa94-04c1-424b-9868-57a2d4851a1d" />
    <TestEntry testId="2b2fb9ee-0ea5-1a6a-c95a-afe700fc4870" executionId="b978ac3a-4ef1-4c3c-a1a2-a573c2dd9271" testListId="8c84fa94-04c1-424b-9868-57a2d4851a1d" />
    <TestEntry testId="8c77f022-4da3-920c-0121-4d89ae316e6f" executionId="88f5870d-4daa-4113-84a2-da63803daa19" testListId="8c84fa94-04c1-424b-9868-57a2d4851a1d" />
    <TestEntry testId="74b0d590-8d90-8ea9-7ba5-29e79b97b007" executionId="b7f29b73-2b9f-470e-9f3f-67877360335b" testListId="8c84fa94-04c1-424b-9868-57a2d4851a1d" />
    <TestEntry testId="929307c6-ad1f-d51e-3cc9-c962ec17947c" executionId="3c00929a-e379-4c32-bed5-54e51ce28c88" testListId="8c84fa94-04c1-424b-9868-57a2d4851a1d" />
    <TestEntry testId="824e6051-0efc-959f-4d50-858a92b364d4" executionId="90258543-c85b-4db0-b94e-dbfef7bd88bc" testListId="8c84fa94-04c1-424b-9868-57a2d4851a1d" />
    <TestEntry testId="288762e4-5c4d-5910-ed4b-3054184b8d0a" executionId="d4f1f158-e68d-4a1b-8aa6-0867c4a8259f" testListId="8c84fa94-04c1-424b-9868-57a2d4851a1d" />
    <TestEntry testId="cec5cf82-f62f-e4a4-7c19-50128bad1472" executionId="d18b174b-968b-42f9-a6a9-b293db261faf" testListId="8c84fa94-04c1-424b-9868-57a2d4851a1d" />
    <TestEntry testId="bf461841-b8d6-9762-b8da-19f13168312f" executionId="1f1f9089-1cec-4705-9a95-c68dafd5b4b8" testListId="8c84fa94-04c1-424b-9868-57a2d4851a1d" />
    <TestEntry testId="529c0386-24fa-6701-c090-b25dccc11b86" executionId="da64cc43-98b7-4d50-9182-18e7da5fe031" testListId="8c84fa94-04c1-424b-9868-57a2d4851a1d" />
    <TestEntry testId="b1db2107-fad5-9e1c-f59b-69adf0367aec" executionId="cf683225-aac9-4738-b6c5-cf8f6d1449e2" testListId="8c84fa94-04c1-424b-9868-57a2d4851a1d" />
    <TestEntry testId="3f59cc63-7687-09cd-745a-34c2cf7c2459" executionId="276733f6-0c35-412e-97b7-c851ae940a2b" testListId="8c84fa94-04c1-424b-9868-57a2d4851a1d" />
    <TestEntry testId="6325daee-cf8a-a37b-1083-aec848ba8eaa" executionId="9826dd18-8daa-416a-a9ed-315e4ddc318d" testListId="8c84fa94-04c1-424b-9868-57a2d4851a1d" />
    <TestEntry testId="36978323-ae7d-4782-91e4-504e37d2ff35" executionId="4b7d387a-48bb-4b2b-a94e-ac0d9286874f" testListId="8c84fa94-04c1-424b-9868-57a2d4851a1d" />
    <TestEntry testId="beaefab0-f0d9-309a-799d-baac55390a2c" executionId="06f2f9f5-5e81-4eb6-98ad-a0ad90d4529d" testListId="8c84fa94-04c1-424b-9868-57a2d4851a1d" />
    <TestEntry testId="e870f836-5567-9b5e-b5b7-1c1f20642a06" executionId="9d6e51e4-0ab9-4324-9dcf-490cac4ac8a2" testListId="8c84fa94-04c1-424b-9868-57a2d4851a1d" />
    <TestEntry testId="f2e0dab7-8720-c077-45c9-a980b4d25ec1" executionId="84952ff3-8687-4643-9096-c9c05994f720" testListId="8c84fa94-04c1-424b-9868-57a2d4851a1d" />
    <TestEntry testId="33a36fe7-9f25-55b9-78cd-b144538b4d56" executionId="82cfaa5b-171b-46ec-8a56-9dd90276852c" testListId="8c84fa94-04c1-424b-9868-57a2d4851a1d" />
    <TestEntry testId="3bf74b72-629d-bf18-571c-389e0db388bc" executionId="d9fe72a0-bd58-4a57-90ae-42c22c971a0d" testListId="8c84fa94-04c1-424b-9868-57a2d4851a1d" />
    <TestEntry testId="b8a67863-87af-ba6a-7a67-08a873270caf" executionId="aafcbb59-1163-4ad2-b51c-ac59e6f46071" testListId="8c84fa94-04c1-424b-9868-57a2d4851a1d" />
    <TestEntry testId="b94b5189-3b8b-329c-6c26-668c5bb5da4e" executionId="80e66400-1b1f-4ecd-b9b8-a6ac3fbcd398" testListId="8c84fa94-04c1-424b-9868-57a2d4851a1d" />
    <TestEntry testId="3c4da093-1855-311d-b3ee-af116f280686" executionId="a7a1dd2d-3b8a-4084-91dd-e1ab0dc90d28" testListId="8c84fa94-04c1-424b-9868-57a2d4851a1d" />
    <TestEntry testId="19a93024-d0c9-211c-e796-9e20e5ddea46" executionId="f27b138a-75d9-44ab-96f7-f083f91b1d74" testListId="8c84fa94-04c1-424b-9868-57a2d4851a1d" />
    <TestEntry testId="6fc5d7e9-ca55-bfa4-0de5-0e45bd477a88" executionId="03a39a63-1a1f-47d4-a899-219bf70eb4b5" testListId="8c84fa94-04c1-424b-9868-57a2d4851a1d" />
    <TestEntry testId="ca85e6f6-48d2-8dbb-0d56-cf8347a796be" executionId="4d82e9db-bf17-4388-b404-7c9e4c3663c9" testListId="8c84fa94-04c1-424b-9868-57a2d4851a1d" />
    <TestEntry testId="8f2d0c8a-421c-a1aa-d68f-9f276a99c0be" executionId="e6521812-2efc-4360-b45a-d1bed8f636aa" testListId="8c84fa94-04c1-424b-9868-57a2d4851a1d" />
    <TestEntry testId="34f2c998-801b-3b6c-34cf-595811976bdc" executionId="180cda71-3265-4f41-acc1-3049b31d5f61" testListId="8c84fa94-04c1-424b-9868-57a2d4851a1d" />
    <TestEntry testId="af5bece0-7abf-0392-4004-17392a11a619" executionId="a7f76778-de9d-49db-ab99-a43d47d360ed" testListId="8c84fa94-04c1-424b-9868-57a2d4851a1d" />
    <TestEntry testId="9531a0aa-31df-c49d-bde8-6a892fd4f616" executionId="fbf56b4d-384e-4a13-a796-0187d6072f97" testListId="8c84fa94-04c1-424b-9868-57a2d4851a1d" />
    <TestEntry testId="7d8b82c0-97d4-dd5c-c8d5-703ac9de5dcd" executionId="ef1c7be2-bf12-446e-8fc1-9b2e319dfa2f" testListId="8c84fa94-04c1-424b-9868-57a2d4851a1d" />
    <TestEntry testId="ee728857-3832-bde0-8ee8-4e507d69fcac" executionId="ec544775-3a30-4d1f-b21d-e1ccbd074a97" testListId="8c84fa94-04c1-424b-9868-57a2d4851a1d" />
    <TestEntry testId="7808dfd1-81fa-af9f-a555-e25cdb73eaf5" executionId="ee364e51-a6d0-45c0-b8b9-bb6ed09a8852" testListId="8c84fa94-04c1-424b-9868-57a2d4851a1d" />
    <TestEntry testId="d65ad4a0-099c-7bd2-65ed-8047fa6d2e1d" executionId="ee4f78dd-3d56-4131-a353-c3dc432605cd" testListId="8c84fa94-04c1-424b-9868-57a2d4851a1d" />
    <TestEntry testId="347a112e-b363-c8aa-5844-d5fab15e1792" executionId="ebb121b2-dc35-4c12-a5b1-aafa1bb2e3a5" testListId="8c84fa94-04c1-424b-9868-57a2d4851a1d" />
    <TestEntry testId="30379ff7-9935-685d-f9d8-a61187b11262" executionId="b760da84-b791-42db-a98b-c77a7a2422ab" testListId="8c84fa94-04c1-424b-9868-57a2d4851a1d" />
    <TestEntry testId="ffd636a6-1e4e-93bc-caff-d1d1bbf30378" executionId="15b3f411-030b-4cc9-8e70-53e6e115c41c" testListId="8c84fa94-04c1-424b-9868-57a2d4851a1d" />
    <TestEntry testId="1c8c8ddd-1d9c-4a38-ce08-4a41bdee36e6" executionId="f4ae9f10-0e76-4b1e-8b1d-8352ffed170b" testListId="8c84fa94-04c1-424b-9868-57a2d4851a1d" />
    <TestEntry testId="0d406c31-ec0a-f56c-17c7-10a4cee434f7" executionId="7900df31-5a56-4d4a-8084-0955aa1be306" testListId="8c84fa94-04c1-424b-9868-57a2d4851a1d" />
    <TestEntry testId="7e1b0d30-c3a4-f2dd-4592-e2d561a942fc" executionId="6d86d786-b895-48e2-a645-5d1393cef490" testListId="8c84fa94-04c1-424b-9868-57a2d4851a1d" />
    <TestEntry testId="f527609f-d208-74cd-3add-1f102381d1e3" executionId="bcd356a5-200d-4885-9bc1-fdebdeee092e" testListId="8c84fa94-04c1-424b-9868-57a2d4851a1d" />
    <TestEntry testId="58b8d886-43f4-ab82-423a-507a2231294b" executionId="1743527f-dd61-408c-b0c7-b2a9519c14dc" testListId="8c84fa94-04c1-424b-9868-57a2d4851a1d" />
    <TestEntry testId="227a9887-6644-92d2-9aa6-ba62239af7d9" executionId="baafc2ff-3937-44d0-b1ff-17c5f4973681" testListId="8c84fa94-04c1-424b-9868-57a2d4851a1d" />
    <TestEntry testId="9804864c-2133-6799-bf78-c69624b33171" executionId="638b45bf-8639-425c-9aa1-7018b058a8af" testListId="8c84fa94-04c1-424b-9868-57a2d4851a1d" />
    <TestEntry testId="7ff7f968-b0ad-f135-b857-9bd7a80a7784" executionId="5a2ce20f-15fc-4ae4-8415-103c68ac4a15" testListId="8c84fa94-04c1-424b-9868-57a2d4851a1d" />
    <TestEntry testId="e49981d3-2ce5-6303-6dfc-5344392bd815" executionId="95c258df-7f48-43ec-b093-e3d736c1cf9c" testListId="8c84fa94-04c1-424b-9868-57a2d4851a1d" />
    <TestEntry testId="17ec7308-7d04-3094-3253-22c15f28cc54" executionId="f686718d-e81d-49b2-aad1-f4983245216d" testListId="8c84fa94-04c1-424b-9868-57a2d4851a1d" />
    <TestEntry testId="ef27459c-76de-489d-e30f-0b4115e73784" executionId="2f4f1529-9905-4970-9864-92892e679d0d" testListId="8c84fa94-04c1-424b-9868-57a2d4851a1d" />
    <TestEntry testId="525a0ceb-2643-c82c-ce34-27d7b53036ae" executionId="736680c7-d1c9-4534-8fd9-697990c6e2ab" testListId="8c84fa94-04c1-424b-9868-57a2d4851a1d" />
    <TestEntry testId="ca797047-54de-e06f-659a-e063a9db7c34" executionId="ffb0d3d1-ec6e-465e-b9e6-3c622128cde1" testListId="8c84fa94-04c1-424b-9868-57a2d4851a1d" />
    <TestEntry testId="a3851c78-9194-9a9d-aa83-c312677fda8f" executionId="5abb9210-a795-43fa-a0b2-c847e357ba1b" testListId="8c84fa94-04c1-424b-9868-57a2d4851a1d" />
    <TestEntry testId="54f0df91-4845-dc31-dc51-d2598c0a4e4a" executionId="d5c3a00a-e8d7-4903-9a1d-081b87a8e99f" testListId="8c84fa94-04c1-424b-9868-57a2d4851a1d" />
    <TestEntry testId="3893f2d5-e205-741a-87c5-ab8b5960c341" executionId="f10d996f-b757-469a-9e0e-74a9dbe3d748" testListId="8c84fa94-04c1-424b-9868-57a2d4851a1d" />
    <TestEntry testId="cff33996-f5fe-838d-b07f-97f03a99c82e" executionId="02eaae03-f72d-4a21-99b5-b4517db194dc" testListId="8c84fa94-04c1-424b-9868-57a2d4851a1d" />
    <TestEntry testId="bf0f8068-e690-c5d9-efec-8bb2e4acd092" executionId="b10be6ba-7632-4802-bd89-d0a2f69b01d1" testListId="8c84fa94-04c1-424b-9868-57a2d4851a1d" />
    <TestEntry testId="0585a77c-bebe-bdc3-608b-58b28ca46b8f" executionId="cbc0fced-d08a-4cdd-9c20-6373ad4e16e4" testListId="8c84fa94-04c1-424b-9868-57a2d4851a1d" />
    <TestEntry testId="cc746dc1-4f20-1e26-2252-3f9062ded2cd" executionId="40898a90-2528-4036-9505-2be3c0e030af" testListId="8c84fa94-04c1-424b-9868-57a2d4851a1d" />
    <TestEntry testId="f74c6c10-2aac-5c53-327d-f45ea200ba89" executionId="90a17a68-1f83-452c-95c9-6526910a2eb4" testListId="8c84fa94-04c1-424b-9868-57a2d4851a1d" />
    <TestEntry testId="5e96541d-bf62-26ff-d471-40017efbfeae" executionId="a881476e-ecc6-4082-8804-4c45567da61e" testListId="8c84fa94-04c1-424b-9868-57a2d4851a1d" />
    <TestEntry testId="31fcff4b-e5c4-4bf7-da58-296ef4939e33" executionId="bf4258fb-9b9a-418d-9603-9b39d3d8d908" testListId="8c84fa94-04c1-424b-9868-57a2d4851a1d" />
    <TestEntry testId="f39722f7-838b-9be7-8502-72099013d494" executionId="135129b5-60da-40e5-9d18-82abd06b42ce" testListId="8c84fa94-04c1-424b-9868-57a2d4851a1d" />
    <TestEntry testId="8614e3a5-5860-28dc-3880-8360eeb52686" executionId="ce39d652-26cd-41b8-9fa6-041a9bba7a92" testListId="8c84fa94-04c1-424b-9868-57a2d4851a1d" />
    <TestEntry testId="52ee971d-7a47-9988-eb76-4c3b72649c24" executionId="51077396-4425-42d4-b892-50faeae33960" testListId="8c84fa94-04c1-424b-9868-57a2d4851a1d" />
    <TestEntry testId="0fb08c75-3a29-0406-124b-29414bdda200" executionId="f06be845-ac3f-446a-8eda-791019bd87ad" testListId="8c84fa94-04c1-424b-9868-57a2d4851a1d" />
    <TestEntry testId="4abb4581-af66-78a4-046c-15d0397a9455" executionId="4cb32ee7-c3f7-4321-8a8a-fb7d7ec65e9e" testListId="8c84fa94-04c1-424b-9868-57a2d4851a1d" />
    <TestEntry testId="7fbbb8ec-7eda-3e82-92dc-46be9d4347d0" executionId="aed6b1a6-21de-4d9b-9d93-3d831737b18d" testListId="8c84fa94-04c1-424b-9868-57a2d4851a1d" />
    <TestEntry testId="1abda0e4-5bc1-3609-bf4f-c627801e59f8" executionId="962e9427-0684-4e65-9398-3bbca5f7b2da" testListId="8c84fa94-04c1-424b-9868-57a2d4851a1d" />
    <TestEntry testId="5317f920-779e-2705-3fa5-3d4aba4bd056" executionId="d7a2902a-d7e3-4bad-a887-b3dcefe2094e" testListId="8c84fa94-04c1-424b-9868-57a2d4851a1d" />
    <TestEntry testId="3cd38ec4-8926-975f-c679-2575a62c6fcd" executionId="34712feb-421a-4adc-9167-87dade6dd310" testListId="8c84fa94-04c1-424b-9868-57a2d4851a1d" />
    <TestEntry testId="e1fa1536-4979-0f56-a61e-4c8bdc511740" executionId="d7fa85f6-1417-47ae-9ba5-df030ba3fa22" testListId="8c84fa94-04c1-424b-9868-57a2d4851a1d" />
    <TestEntry testId="3bf15e8d-35d3-7d9f-9606-427db31eb643" executionId="8f655288-d99d-4938-b20e-c33b8055a59a" testListId="8c84fa94-04c1-424b-9868-57a2d4851a1d" />
    <TestEntry testId="4cb7af30-0ec6-dbea-04bc-6d71d17c03ed" executionId="98d9ed1e-b73b-4c9b-ae1f-74a905f2eb49" testListId="8c84fa94-04c1-424b-9868-57a2d4851a1d" />
    <TestEntry testId="f55b20e5-de96-17a5-c0d6-d15f58186a36" executionId="52509804-e9a3-4f63-984d-4f84907ed00d" testListId="8c84fa94-04c1-424b-9868-57a2d4851a1d" />
    <TestEntry testId="0e175f94-dc91-8e36-fedf-5c1583d8241e" executionId="cb87c70f-4567-4b36-a19b-fc1fffb1d82b" testListId="8c84fa94-04c1-424b-9868-57a2d4851a1d" />
    <TestEntry testId="ea96d8c2-b012-7a15-be1c-52de1fa69f3c" executionId="6e71f5d4-860a-4de6-bf45-c4b0aa22e502" testListId="8c84fa94-04c1-424b-9868-57a2d4851a1d" />
    <TestEntry testId="9c340af1-0e33-101d-b2bd-9ae449fb5a93" executionId="09b42a8c-6244-41b9-a677-67fd156d5ae1" testListId="8c84fa94-04c1-424b-9868-57a2d4851a1d" />
    <TestEntry testId="44226950-31ad-5f0b-4d90-f6d2f68da17a" executionId="68eee297-50c1-4851-9207-d200dbeea2e9" testListId="8c84fa94-04c1-424b-9868-57a2d4851a1d" />
    <TestEntry testId="47852ba4-9f7c-aef7-23bb-716ae480a7a9" executionId="1a28ffce-45e5-4391-9131-9d9284130020" testListId="8c84fa94-04c1-424b-9868-57a2d4851a1d" />
    <TestEntry testId="3f21ea24-4402-03c2-2a65-7503728827fe" executionId="ee53adc3-dbad-4850-a133-303da469ae48" testListId="8c84fa94-04c1-424b-9868-57a2d4851a1d" />
    <TestEntry testId="8d119962-db6d-cb0a-c605-9a3de5c65537" executionId="c2e0d8f9-4f1f-4698-9b60-2062a1944b6a" testListId="8c84fa94-04c1-424b-9868-57a2d4851a1d" />
    <TestEntry testId="14810dc1-3e47-4c5b-f703-d7718498368d" executionId="a6594bce-6a28-423e-9bc4-e8c5823bf6f1" testListId="8c84fa94-04c1-424b-9868-57a2d4851a1d" />
    <TestEntry testId="7085e5c5-fdc2-03ca-043d-69353b624742" executionId="6b303bd4-edee-4e70-8fb0-d75330a269d4" testListId="8c84fa94-04c1-424b-9868-57a2d4851a1d" />
    <TestEntry testId="1885e134-c75a-1386-d7ef-08d31fd2e486" executionId="93ff4488-e7bd-4c09-8b94-e8823a56f8c4" testListId="8c84fa94-04c1-424b-9868-57a2d4851a1d" />
    <TestEntry testId="cfae43cc-8a12-c2f5-05c8-4f9184442cde" executionId="492fa373-3d98-4d39-885f-2fd9b1cee502" testListId="8c84fa94-04c1-424b-9868-57a2d4851a1d" />
    <TestEntry testId="5298f2b0-a76e-0047-fca1-2bb894514586" executionId="db4099cc-bd0a-4aed-86f7-b6f073090867" testListId="8c84fa94-04c1-424b-9868-57a2d4851a1d" />
    <TestEntry testId="3a327f35-a81d-1c08-7c0d-d8137be6130d" executionId="9120470c-f639-4caf-b18f-5ade0361fce0" testListId="8c84fa94-04c1-424b-9868-57a2d4851a1d" />
    <TestEntry testId="39ab63ce-4d80-5eef-f7c5-602634b33d26" executionId="3ecb7a03-d1fb-472b-b6f2-1e1fa0f434fe" testListId="8c84fa94-04c1-424b-9868-57a2d4851a1d" />
    <TestEntry testId="b04dd62a-a28e-d69a-9c42-2711a6e089f5" executionId="c639dd7f-4dee-4f9b-ba3d-5079723fa353" testListId="8c84fa94-04c1-424b-9868-57a2d4851a1d" />
    <TestEntry testId="4867370e-db0d-6f64-473d-9ff916e6a3ba" executionId="5a673565-7ad4-4fa5-b153-c7dc20de6df4" testListId="8c84fa94-04c1-424b-9868-57a2d4851a1d" />
    <TestEntry testId="3d7df30c-aa5b-0b5c-927c-2e931a86e2b4" executionId="715c08c1-47fb-4ccb-99e8-04ce8209e04d" testListId="8c84fa94-04c1-424b-9868-57a2d4851a1d" />
    <TestEntry testId="f3e4fa1d-85a8-98e6-f624-c5f6f260ae11" executionId="f359cd4c-104d-4f8e-8ffb-f45fdf302b69" testListId="8c84fa94-04c1-424b-9868-57a2d4851a1d" />
    <TestEntry testId="7d003dee-7248-76af-b4ef-f456139d750f" executionId="59397cea-3572-469a-a401-eca95d969ca6" testListId="8c84fa94-04c1-424b-9868-57a2d4851a1d" />
    <TestEntry testId="88b1808f-dd69-577c-bdee-e6d80a766a3d" executionId="fa716e16-757b-4eef-948e-ca648ae9322f" testListId="8c84fa94-04c1-424b-9868-57a2d4851a1d" />
    <TestEntry testId="ae55d193-0e62-6ffd-aeff-f24e87e78031" executionId="517ba4f0-65be-4d34-8fbd-2583f93cfb58" testListId="8c84fa94-04c1-424b-9868-57a2d4851a1d" />
    <TestEntry testId="fe062b2b-a302-73f7-82cc-a49a779de2cf" executionId="52769319-5650-4294-b390-bd0074aa38a6" testListId="8c84fa94-04c1-424b-9868-57a2d4851a1d" />
    <TestEntry testId="68d8c51d-b0f5-4bb8-a0ab-928597a90e21" executionId="372b1d70-e44f-4b55-9c2e-b01af6088a5c" testListId="8c84fa94-04c1-424b-9868-57a2d4851a1d" />
    <TestEntry testId="4036f975-aabb-537e-f8ee-99a9334a5210" executionId="54f934b4-47cc-4ecd-b1d3-c6c78c2db0bd" testListId="8c84fa94-04c1-424b-9868-57a2d4851a1d" />
    <TestEntry testId="42edbc63-86ce-51a6-8a5b-3eb9563dc7b1" executionId="f120e3be-b712-4741-9971-228b2c029e55" testListId="8c84fa94-04c1-424b-9868-57a2d4851a1d" />
    <TestEntry testId="87d34b34-bc3d-f774-26c8-418c7975eb86" executionId="193a546a-7124-4c21-b429-e64650028bbb" testListId="8c84fa94-04c1-424b-9868-57a2d4851a1d" />
    <TestEntry testId="a82c204b-c77a-34fe-b8bf-38afc46073f1" executionId="763650d1-7897-45b3-98fc-76546961aadb" testListId="8c84fa94-04c1-424b-9868-57a2d4851a1d" />
    <TestEntry testId="7b9aa6b6-e583-d3a0-95ca-64d6ee50fec3" executionId="7a2752a2-cf3c-4c98-9d91-4f5548cdbb0a" testListId="8c84fa94-04c1-424b-9868-57a2d4851a1d" />
    <TestEntry testId="7f4a48c1-c1cd-a9cc-4967-4f5efa43ecff" executionId="b12be409-b176-4c5b-9d58-17bd009b6a8d" testListId="8c84fa94-04c1-424b-9868-57a2d4851a1d" />
    <TestEntry testId="f8373e9a-e7fb-8ad5-7e76-6dd87f57c880" executionId="a0db01ca-515b-4b25-85c9-22475a89a10d" testListId="8c84fa94-04c1-424b-9868-57a2d4851a1d" />
    <TestEntry testId="6b8f630c-afdd-dd9f-a40a-fa7a6cdec1ef" executionId="937daefc-9a01-4a3b-aff5-2623a88fc217" testListId="8c84fa94-04c1-424b-9868-57a2d4851a1d" />
    <TestEntry testId="cc88493d-338f-1106-ac48-ab181894dc27" executionId="350cc1fa-d3f7-4e6a-8b75-58ba7187152e" testListId="8c84fa94-04c1-424b-9868-57a2d4851a1d" />
    <TestEntry testId="de48f299-960b-c324-97e4-bb53e6a08c4c" executionId="267a1d9b-12c3-497a-ae54-4e7fb14f18c6" testListId="8c84fa94-04c1-424b-9868-57a2d4851a1d" />
    <TestEntry testId="1c0fdb89-04ca-c360-83b3-439b0cf7f31e" executionId="a0a39929-3c37-4206-b330-4b9acd249dfd" testListId="8c84fa94-04c1-424b-9868-57a2d4851a1d" />
    <TestEntry testId="df8f8c56-107c-7a2c-97af-edbe14d41d29" executionId="5fc2fa56-ae14-474e-b05e-b1c399e35c70" testListId="8c84fa94-04c1-424b-9868-57a2d4851a1d" />
    <TestEntry testId="5cbc6753-3a26-d303-47a8-eb09e08f39cf" executionId="21c82c98-6b8e-425d-a3a3-51f81d8b5c58" testListId="8c84fa94-04c1-424b-9868-57a2d4851a1d" />
    <TestEntry testId="0ae84c38-6c56-0abb-ca21-13767ec0403a" executionId="64819822-8302-4971-9ab7-d903e5e26ebd" testListId="8c84fa94-04c1-424b-9868-57a2d4851a1d" />
    <TestEntry testId="3c02d772-2802-bcff-15bd-8b68f6e0cc7c" executionId="399352ec-32a3-4be6-b5cc-bac00df463f6" testListId="8c84fa94-04c1-424b-9868-57a2d4851a1d" />
    <TestEntry testId="d2b5b0b2-6c1b-0370-653a-db8af7f26b62" executionId="dd6d239f-5b62-4044-a1fc-63ccc6c5b6e6" testListId="8c84fa94-04c1-424b-9868-57a2d4851a1d" />
    <TestEntry testId="cc536d6d-01cd-6fef-5aac-e8cd3f410d15" executionId="3c867b39-ab67-4922-ad84-44f5aafcc2ec" testListId="8c84fa94-04c1-424b-9868-57a2d4851a1d" />
    <TestEntry testId="5c61ff5c-238c-d02c-d5b3-5af0c28df32d" executionId="711aa155-b7ea-425b-a5b1-ef311dafa1a2" testListId="8c84fa94-04c1-424b-9868-57a2d4851a1d" />
    <TestEntry testId="eb1c41cd-9a93-cbc5-e6b6-6422a22e8228" executionId="506d72e0-4d8b-4732-a82b-170423e939fb" testListId="8c84fa94-04c1-424b-9868-57a2d4851a1d" />
    <TestEntry testId="2bb58e09-afc2-3268-4182-a4b38189b9bd" executionId="ed4a30cf-7674-44ba-9eb2-b68242e96a17" testListId="8c84fa94-04c1-424b-9868-57a2d4851a1d" />
    <TestEntry testId="9169d3e7-b886-6388-0d83-4a1c15f3a9a8" executionId="ec431c67-24ed-4377-b767-039a8e26929b" testListId="8c84fa94-04c1-424b-9868-57a2d4851a1d" />
    <TestEntry testId="d87362df-7855-31ed-66c3-5d3da7f894c8" executionId="7048c0c6-4df3-4fb6-93d2-c057300b34e2" testListId="8c84fa94-04c1-424b-9868-57a2d4851a1d" />
    <TestEntry testId="770e90b7-a1f5-dcae-3e11-3f5f01dbab34" executionId="fb23cece-88a6-4b66-a05a-ce1b649a3460" testListId="8c84fa94-04c1-424b-9868-57a2d4851a1d" />
    <TestEntry testId="c93a2b4c-45af-2a1f-886b-18baadc149d2" executionId="f6acfc20-583e-4bd4-800a-c7ad10f40515" testListId="8c84fa94-04c1-424b-9868-57a2d4851a1d" />
    <TestEntry testId="2c0d4ab1-bc2f-a019-ec90-ef73784c0318" executionId="228c0217-ffcf-468a-8737-a9200aafbc3d" testListId="8c84fa94-04c1-424b-9868-57a2d4851a1d" />
    <TestEntry testId="b19773b3-44c8-ad46-8900-f90a855e9c94" executionId="629a2709-893c-43af-98db-3790326da889" testListId="8c84fa94-04c1-424b-9868-57a2d4851a1d" />
    <TestEntry testId="46c2585f-49fc-0c24-0d9d-89eb0961236e" executionId="dd749fe7-eb5e-40ae-b1b9-f9d128bdb320" testListId="8c84fa94-04c1-424b-9868-57a2d4851a1d" />
    <TestEntry testId="b210d3c8-e939-8b37-3853-3d2090da2b35" executionId="005244ec-707f-4622-83c0-5c7e19c3bfc3" testListId="8c84fa94-04c1-424b-9868-57a2d4851a1d" />
    <TestEntry testId="78b8ac37-5b0d-e46e-1979-1f2241bc11e3" executionId="8e3ee55e-adfe-41ec-a4c9-1e601d2e5936" testListId="8c84fa94-04c1-424b-9868-57a2d4851a1d" />
    <TestEntry testId="69c4179d-03e4-0f15-38a7-eafb887b7992" executionId="12d6061e-0394-4178-ad2d-2cac863e760c" testListId="8c84fa94-04c1-424b-9868-57a2d4851a1d" />
    <TestEntry testId="0299594f-73e4-1cba-c600-48844cd82350" executionId="462157f1-bcfc-4820-b9dd-4a9dd5f7e881" testListId="8c84fa94-04c1-424b-9868-57a2d4851a1d" />
    <TestEntry testId="d02a24a4-8095-9c45-f2f5-2950f96b0de8" executionId="614b87a1-e272-4798-92e0-ddd97662b0ba" testListId="8c84fa94-04c1-424b-9868-57a2d4851a1d" />
    <TestEntry testId="22164d49-f315-e621-a15d-7ac798216806" executionId="01dab3a9-f848-42c0-941f-2f1def07edea" testListId="8c84fa94-04c1-424b-9868-57a2d4851a1d" />
    <TestEntry testId="8da886ae-fb0e-f597-f3c0-ea01d391cbf1" executionId="9f34fa91-7d8f-49a7-a3b8-ddfeec096d8f" testListId="8c84fa94-04c1-424b-9868-57a2d4851a1d" />
    <TestEntry testId="30fc45cc-0da1-c007-7266-d00e65848522" executionId="2e7eba16-8a66-4724-9a11-144c67a7901f" testListId="8c84fa94-04c1-424b-9868-57a2d4851a1d" />
    <TestEntry testId="1cedb6d8-0f35-fa43-836b-425cffa2cc0a" executionId="871b99b8-d433-43cb-be80-dc74662d24a0" testListId="8c84fa94-04c1-424b-9868-57a2d4851a1d" />
    <TestEntry testId="9935b203-8fd7-957a-4f23-5f36f1e97bed" executionId="dfcab602-3249-4233-ad92-cb377e5a03ab" testListId="8c84fa94-04c1-424b-9868-57a2d4851a1d" />
    <TestEntry testId="a8a1423c-661c-8591-3ce7-ddc28b153a5c" executionId="d6e28202-111d-4825-b12a-c1f800704bac" testListId="8c84fa94-04c1-424b-9868-57a2d4851a1d" />
    <TestEntry testId="558dc88a-89c3-f7cb-9610-a11d8b1d3365" executionId="2b1b76a3-08b9-41df-914c-c2902889817e" testListId="8c84fa94-04c1-424b-9868-57a2d4851a1d" />
    <TestEntry testId="e3444112-3c99-9f58-f5de-2f6baaf569cb" executionId="d8fcba80-9512-4d25-8d88-9b884df5db55" testListId="8c84fa94-04c1-424b-9868-57a2d4851a1d" />
    <TestEntry testId="00111211-f0e6-971a-6c8f-c0770ce6204f" executionId="c7671d22-b3d7-49c1-ad6c-42656c487648" testListId="8c84fa94-04c1-424b-9868-57a2d4851a1d" />
    <TestEntry testId="04960c62-f4db-d957-09de-6bdc827777ef" executionId="afbfc5e4-109d-46f1-a2cd-6f265fc6aeab" testListId="8c84fa94-04c1-424b-9868-57a2d4851a1d" />
    <TestEntry testId="4c34c56c-4207-71fd-96b5-d81d44773773" executionId="fcf5e43d-2df5-498d-8e35-ef4734daca2e" testListId="8c84fa94-04c1-424b-9868-57a2d4851a1d" />
    <TestEntry testId="7d3f2f7a-9a5c-53ed-13fc-aa95e828dc4c" executionId="6d1117f4-b52a-40a8-85fa-e3fd65a9c335" testListId="8c84fa94-04c1-424b-9868-57a2d4851a1d" />
    <TestEntry testId="6dc2cc82-22ef-e34c-aa29-7d91273110ff" executionId="76a2b7b4-bb2c-4fb6-9133-c13b79235d7c" testListId="8c84fa94-04c1-424b-9868-57a2d4851a1d" />
    <TestEntry testId="02b2d151-667f-bb4d-f1d9-e5515851b4c2" executionId="4d2c46ba-0125-4698-af6a-f1539c3fe089" testListId="8c84fa94-04c1-424b-9868-57a2d4851a1d" />
  </TestEntries>
  <TestLists>
    <TestList name="Results Not in a List" id="8c84fa94-04c1-424b-9868-57a2d4851a1d" />
    <TestList name="All Loaded Results" id="19431567-8539-422a-85d7-44ee4e166bda" />
  </TestLists>
  <ResultSummary outcome="Completed">
    <Counters total="1319" executed="1316" passed="1316" failed="0" error="0" timeout="0" aborted="0" inconclusive="0" passedButRunAborted="0" notRunnable="0" notExecuted="0" disconnected="0" warning="0" completed="0" inProgress="0" pending="0" />
    <Output>
      <StdOut>Test 'Configuration_RecorderConfigParameterIsNull_ThrowsArgumentNullException' was skipped in the test run.&#xD;
Test 'Configuration_LogParameterIsNull_ThrowsArgumentNullException' was skipped in the test run.&#xD;
Test 'Configuration_SettingsAreSet_CorrectSettingsAreApplied' was skipped in the test run.&#xD;
</StdOut>
    </Output>
  </ResultSummary>
</TestRun>