<?xml version="1.0" encoding="utf-8"?>
<TestRun id="a70d4dca-03de-40a5-ad19-613751c72c5c" name="DKSR-EFI-06$@DKSR-EFI-06 2024-01-09 15:43:15" runUser="NT AUTHORITY\NETWORK SERVICE" xmlns="http://microsoft.com/schemas/VisualStudio/TeamTest/2010">
  <Times creation="2024-01-09T15:43:15.1697401+01:00" queuing="2024-01-09T15:43:15.1697401+01:00" start="2024-01-09T15:43:11.4353558+01:00" finish="2024-01-09T15:43:20.9978741+01:00" />
  <TestSettings name="default" id="cf620978-1a3d-4851-a563-02bfc78bcc86">
    <Deployment runDeploymentRoot="DKSR-EFI-06$_DKSR-EFI-06_2024-01-09_15_43_15" />
  </TestSettings>
  <Results>
    <UnitTestResult executionId="08e25691-a478-4b6f-b775-591491060155" testId="b5481f12-a45c-68ea-660a-9d4c6baeb11f" testName="MessageBrokerNotSendsMessagesWhenNoSubscribers" computerName="DKSR-EFI-06" duration="00:00:00.9828664" startTime="2024-01-09T15:43:13.2009862+01:00" endTime="2024-01-09T15:43:14.3259887+01:00" testType="13cdc9d9-ddb5-4fa4-a97d-d965ccfc6d4b" outcome="Passed" testListId="8c84fa94-04c1-424b-9868-57a2d4851a1d" relativeResultsDirectory="08e25691-a478-4b6f-b775-591491060155" />
    <UnitTestResult executionId="6849aaaa-ce1f-4fa7-86a8-9e8700ec87e9" testId="3c650387-435f-1f03-283c-e98acc620c0f" testName="PluginMessagesSettingsSetsCorrectValueWhenValid" computerName="DKSR-EFI-06" duration="00:00:00.0002469" startTime="2024-01-09T15:43:16.8416182+01:00" endTime="2024-01-09T15:43:16.8416182+01:00" testType="13cdc9d9-ddb5-4fa4-a97d-d965ccfc6d4b" outcome="Passed" testListId="8c84fa94-04c1-424b-9868-57a2d4851a1d" relativeResultsDirectory="6849aaaa-ce1f-4fa7-86a8-9e8700ec87e9" />
    <UnitTestResult executionId="85301419-0e4d-4e01-8a7c-a337fbfd048e" testId="8709cef1-b27d-2626-4449-45cd6593c043" testName="PluginMessagesSettingsSetsMinValueOfWhenLower" computerName="DKSR-EFI-06" duration="00:00:00.0003838" startTime="2024-01-09T15:43:16.8416182+01:00" endTime="2024-01-09T15:43:16.8416182+01:00" testType="13cdc9d9-ddb5-4fa4-a97d-d965ccfc6d4b" outcome="Passed" testListId="8c84fa94-04c1-424b-9868-57a2d4851a1d" relativeResultsDirectory="85301419-0e4d-4e01-8a7c-a337fbfd048e" />
    <UnitTestResult executionId="fe84d8ca-b3ef-4cb9-be46-b51a5ddf4cf1" testId="15fd5b13-6079-4d4c-715e-365d135b1504" testName="MessageBrokerReturnsAddedSessions" computerName="DKSR-EFI-06" duration="00:00:00.0048503" startTime="2024-01-09T15:43:14.3884885+01:00" endTime="2024-01-09T15:43:14.4041139+01:00" testType="13cdc9d9-ddb5-4fa4-a97d-d965ccfc6d4b" outcome="Passed" testListId="8c84fa94-04c1-424b-9868-57a2d4851a1d" relativeResultsDirectory="fe84d8ca-b3ef-4cb9-be46-b51a5ddf4cf1" />
    <UnitTestResult executionId="07e8bb21-4e62-4b5b-bce2-03ee80997ba1" testId="a8f5dbb6-8375-a0cf-f873-dc1f98b83f1d" testName="MessageBufferReturnsLowerDateTimeValueForOldestMessageTimestampWhenDataInIt" computerName="DKSR-EFI-06" duration="00:00:00.0008893" startTime="2024-01-09T15:43:16.8416182+01:00" endTime="2024-01-09T15:43:16.8416182+01:00" testType="13cdc9d9-ddb5-4fa4-a97d-d965ccfc6d4b" outcome="Passed" testListId="8c84fa94-04c1-424b-9868-57a2d4851a1d" relativeResultsDirectory="07e8bb21-4e62-4b5b-bce2-03ee80997ba1" />
    <UnitTestResult executionId="db029484-6c52-406d-a000-0a51a67531b6" testId="3efe6c84-36bc-0778-78f1-eb24278c83d6" testName="MessageBufferReturnsDateTimeMaxValueForOldestMessageTimestampWhenEmpty" computerName="DKSR-EFI-06" duration="00:00:00.0013874" startTime="2024-01-09T15:43:16.8416182+01:00" endTime="2024-01-09T15:43:16.8416182+01:00" testType="13cdc9d9-ddb5-4fa4-a97d-d965ccfc6d4b" outcome="Passed" testListId="8c84fa94-04c1-424b-9868-57a2d4851a1d" relativeResultsDirectory="db029484-6c52-406d-a000-0a51a67531b6" />
    <UnitTestResult executionId="153db4cc-47bb-4886-a7a1-a589419d9763" testId="7b1ac339-21ce-bb46-e911-4240c9906bcb" testName="SessionNotExpiredAfterCreation" computerName="DKSR-EFI-06" duration="00:00:00.0035033" startTime="2024-01-09T15:43:16.9041198+01:00" endTime="2024-01-09T15:43:16.9041198+01:00" testType="13cdc9d9-ddb5-4fa4-a97d-d965ccfc6d4b" outcome="Passed" testListId="8c84fa94-04c1-424b-9868-57a2d4851a1d" relativeResultsDirectory="153db4cc-47bb-4886-a7a1-a589419d9763" />
    <UnitTestResult executionId="711ddedc-772d-41a1-a327-2bbc31bbbd4e" testId="2d4467b6-2280-f549-2223-0f203d56e240" testName="SessionRaisesCommandsFromChannelAsync" computerName="DKSR-EFI-06" duration="00:00:00.0086932" startTime="2024-01-09T15:43:16.8728684+01:00" endTime="2024-01-09T15:43:16.8728684+01:00" testType="13cdc9d9-ddb5-4fa4-a97d-d965ccfc6d4b" outcome="Passed" testListId="8c84fa94-04c1-424b-9868-57a2d4851a1d" relativeResultsDirectory="711ddedc-772d-41a1-a327-2bbc31bbbd4e" />
    <UnitTestResult executionId="f72c52af-30a8-490e-ba6d-94e740f9182c" testId="47485aa3-a7c6-b740-44e1-adc815cbe02b" testName="PluginMessagesSettingsSetsMaxValueOfPulseSessionTimeoutWhenHigher" computerName="DKSR-EFI-06" duration="00:00:00.0001919" startTime="2024-01-09T15:43:16.8416182+01:00" endTime="2024-01-09T15:43:16.8416182+01:00" testType="13cdc9d9-ddb5-4fa4-a97d-d965ccfc6d4b" outcome="Passed" testListId="8c84fa94-04c1-424b-9868-57a2d4851a1d" relativeResultsDirectory="f72c52af-30a8-490e-ba6d-94e740f9182c" />
    <UnitTestResult executionId="d225b9f2-b97f-4590-a18f-abd5b92803fb" testId="1910b952-6b34-7b22-e788-a947b8f62d71" testName="SessionNotClosedWhenAuthReceivedAfterTimeoutAsync" computerName="DKSR-EFI-06" duration="00:00:02.3755153" startTime="2024-01-09T15:43:18.0291200+01:00" endTime="2024-01-09T15:43:20.4041712+01:00" testType="13cdc9d9-ddb5-4fa4-a97d-d965ccfc6d4b" outcome="Passed" testListId="8c84fa94-04c1-424b-9868-57a2d4851a1d" relativeResultsDirectory="d225b9f2-b97f-4590-a18f-abd5b92803fb" />
    <UnitTestResult executionId="542c6d0b-4c8f-4213-8d90-aafc54614ac5" testId="3d1082c3-6e16-d1a0-027b-e09a8a07681f" testName="MessageBrokerSendsMultipleMessagesToOtherSubscribers" computerName="DKSR-EFI-06" duration="00:00:00.0208450" startTime="2024-01-09T15:43:14.3728616+01:00" endTime="2024-01-09T15:43:14.3884885+01:00" testType="13cdc9d9-ddb5-4fa4-a97d-d965ccfc6d4b" outcome="Passed" testListId="8c84fa94-04c1-424b-9868-57a2d4851a1d" relativeResultsDirectory="542c6d0b-4c8f-4213-8d90-aafc54614ac5" />
    <UnitTestResult executionId="5a726765-ff91-4224-b665-c28babf45a51" testId="eef8deea-f4aa-fc93-b60c-806f35253be0" testName="MessageBrokerNotReturnsRemovedSessions" computerName="DKSR-EFI-06" duration="00:00:00.0027146" startTime="2024-01-09T15:43:14.4041139+01:00" endTime="2024-01-09T15:43:14.4041139+01:00" testType="13cdc9d9-ddb5-4fa4-a97d-d965ccfc6d4b" outcome="Passed" testListId="8c84fa94-04c1-424b-9868-57a2d4851a1d" relativeResultsDirectory="5a726765-ff91-4224-b665-c28babf45a51" />
    <UnitTestResult executionId="102d78b5-f6ca-43c2-a601-094f2c5689ef" testId="1da28fad-e70e-1c6d-261e-2e20eafe1d80" testName="MessageBrokerClosesExpiredSessions" computerName="DKSR-EFI-06" duration="00:00:00.0594192" startTime="2024-01-09T15:43:14.4041139+01:00" endTime="2024-01-09T15:43:14.4666131+01:00" testType="13cdc9d9-ddb5-4fa4-a97d-d965ccfc6d4b" outcome="Passed" testListId="8c84fa94-04c1-424b-9868-57a2d4851a1d" relativeResultsDirectory="102d78b5-f6ca-43c2-a601-094f2c5689ef" />
    <UnitTestResult executionId="92c9ed97-1703-4e0c-88bd-0456f026f4fe" testId="946b9166-7805-e7c2-817b-e68bdffcb1e5" testName="SessionAcknowledgesMessagesOnPulseAsync" computerName="DKSR-EFI-06" duration="00:00:00.0041322" startTime="2024-01-09T15:43:16.9041198+01:00" endTime="2024-01-09T15:43:16.9041198+01:00" testType="13cdc9d9-ddb5-4fa4-a97d-d965ccfc6d4b" outcome="Passed" testListId="8c84fa94-04c1-424b-9868-57a2d4851a1d" relativeResultsDirectory="92c9ed97-1703-4e0c-88bd-0456f026f4fe" />
    <UnitTestResult executionId="039cc135-baa7-4cfa-bb20-c9636bd5497c" testId="d03cbf88-edf4-064f-b350-2fdb18f6b938" testName="SessionSendsCommandsThroughChannelAsync" computerName="DKSR-EFI-06" duration="00:00:00.0236761" startTime="2024-01-09T15:43:16.8416182+01:00" endTime="2024-01-09T15:43:16.8728684+01:00" testType="13cdc9d9-ddb5-4fa4-a97d-d965ccfc6d4b" outcome="Passed" testListId="8c84fa94-04c1-424b-9868-57a2d4851a1d" relativeResultsDirectory="039cc135-baa7-4cfa-bb20-c9636bd5497c" />
    <UnitTestResult executionId="72e83275-d01a-4407-a439-f91c95703f3c" testId="26270c6b-fbf6-aeb6-7410-22c1d0e46d2c" testName="MessageBufferNeverInsertsMessagesWithUnorderedSequenceAsync" computerName="DKSR-EFI-06" duration="00:00:02.3603307" startTime="2024-01-09T15:43:14.4666131+01:00" endTime="2024-01-09T15:43:16.8259941+01:00" testType="13cdc9d9-ddb5-4fa4-a97d-d965ccfc6d4b" outcome="Passed" testListId="8c84fa94-04c1-424b-9868-57a2d4851a1d" relativeResultsDirectory="72e83275-d01a-4407-a439-f91c95703f3c" />
    <UnitTestResult executionId="e4a12b4a-cdf5-4634-b8cc-684a811f6ac7" testId="c979fd03-93b6-3ebf-ce00-a85346358d45" testName="PluginMessagesSettingsSetsDefaultValuesWhenInvalid" computerName="DKSR-EFI-06" duration="00:00:00.0026915" startTime="2024-01-09T15:43:16.8416182+01:00" endTime="2024-01-09T15:43:16.8416182+01:00" testType="13cdc9d9-ddb5-4fa4-a97d-d965ccfc6d4b" outcome="Passed" testListId="8c84fa94-04c1-424b-9868-57a2d4851a1d" relativeResultsDirectory="e4a12b4a-cdf5-4634-b8cc-684a811f6ac7" />
    <UnitTestResult executionId="6ddab1b2-058d-4589-aa4a-9bec7fd7e37b" testId="713b0251-b6a1-7278-59b7-95a3c1eba798" testName="MessageBufferRemovesUpToIncludingSequence" computerName="DKSR-EFI-06" duration="00:00:00.0009950" startTime="2024-01-09T15:43:16.8259941+01:00" endTime="2024-01-09T15:43:16.8416182+01:00" testType="13cdc9d9-ddb5-4fa4-a97d-d965ccfc6d4b" outcome="Passed" testListId="8c84fa94-04c1-424b-9868-57a2d4851a1d" relativeResultsDirectory="6ddab1b2-058d-4589-aa4a-9bec7fd7e37b" />
    <UnitTestResult executionId="845a674d-6f8e-4676-a5cf-7f6c004e0dab" testId="5c4a5169-6a4b-291d-710f-01d0f79fbee9" testName="SessionExpiredWhenNoCommandsReceived" computerName="DKSR-EFI-06" duration="00:00:00.0010538" startTime="2024-01-09T15:43:16.9041198+01:00" endTime="2024-01-09T15:43:16.9041198+01:00" testType="13cdc9d9-ddb5-4fa4-a97d-d965ccfc6d4b" outcome="Passed" testListId="8c84fa94-04c1-424b-9868-57a2d4851a1d" relativeResultsDirectory="845a674d-6f8e-4676-a5cf-7f6c004e0dab" />
    <UnitTestResult executionId="1ca2568b-e027-4eb7-a677-6b9dce6aac07" testId="94ee87ad-ae78-728f-9192-bf243cd229cb" testName="SessionExpiredWhenOldMessagesFoundInTheBuffer" computerName="DKSR-EFI-06" duration="00:00:00.0010601" startTime="2024-01-09T15:43:16.9041198+01:00" endTime="2024-01-09T15:43:16.9197465+01:00" testType="13cdc9d9-ddb5-4fa4-a97d-d965ccfc6d4b" outcome="Passed" testListId="8c84fa94-04c1-424b-9868-57a2d4851a1d" relativeResultsDirectory="1ca2568b-e027-4eb7-a677-6b9dce6aac07" />
    <UnitTestResult executionId="189db9d6-209f-4eb4-a077-fbba9cd91abd" testId="2b714a73-fd12-4f2d-5566-70752605e3f3" testName="SessionNotSendsAllMessagesInBufferWhenUnauthenticatedClientIsSetAsync" computerName="DKSR-EFI-06" duration="00:00:00.0205584" startTime="2024-01-09T15:43:16.8728684+01:00" endTime="2024-01-09T15:43:16.9041198+01:00" testType="13cdc9d9-ddb5-4fa4-a97d-d965ccfc6d4b" outcome="Passed" testListId="8c84fa94-04c1-424b-9868-57a2d4851a1d" relativeResultsDirectory="189db9d6-209f-4eb4-a077-fbba9cd91abd" />
    <UnitTestResult executionId="d4d20205-4e9d-4dc1-9472-4461c3e52839" testId="23509dbe-de2f-6d55-da60-2685f68d8d49" testName="MessageBrokerNotSendsMessageToUnsubscribedSessions" computerName="DKSR-EFI-06" duration="00:00:00.0034550" startTime="2024-01-09T15:43:14.3884885+01:00" endTime="2024-01-09T15:43:14.3884885+01:00" testType="13cdc9d9-ddb5-4fa4-a97d-d965ccfc6d4b" outcome="Passed" testListId="8c84fa94-04c1-424b-9868-57a2d4851a1d" relativeResultsDirectory="d4d20205-4e9d-4dc1-9472-4461c3e52839" />
    <UnitTestResult executionId="06aa370e-eba5-48c7-8274-7ab18510c25f" testId="1c995595-6779-b140-92cb-f4ce3d5df844" testName="MessageBrokerSendsMessageToOtherSubscribers" computerName="DKSR-EFI-06" duration="00:00:00.0189330" startTime="2024-01-09T15:43:14.3416117+01:00" endTime="2024-01-09T15:43:14.3728616+01:00" testType="13cdc9d9-ddb5-4fa4-a97d-d965ccfc6d4b" outcome="Passed" testListId="8c84fa94-04c1-424b-9868-57a2d4851a1d" relativeResultsDirectory="06aa370e-eba5-48c7-8274-7ab18510c25f" />
    <UnitTestResult executionId="b1f84081-0fc5-45c6-9a33-fabe23cb5ac4" testId="a4bfc81a-e864-9103-1f85-e094520cb37f" testName="MessageBrokerMessageCounterWorks" computerName="DKSR-EFI-06" duration="00:00:00.0112381" startTime="2024-01-09T15:43:14.4666131+01:00" endTime="2024-01-09T15:43:14.4666131+01:00" testType="13cdc9d9-ddb5-4fa4-a97d-d965ccfc6d4b" outcome="Passed" testListId="8c84fa94-04c1-424b-9868-57a2d4851a1d" relativeResultsDirectory="b1f84081-0fc5-45c6-9a33-fabe23cb5ac4" />
    <UnitTestResult executionId="4dcd10b2-d491-4ff6-8250-1da97394f955" testId="e452f14a-73da-4c5c-1367-9999838774ad" testName="SessionSendsAllMessagesInBufferWhenClientIsSetAsync" computerName="DKSR-EFI-06" duration="00:00:00.0018299" startTime="2024-01-09T15:43:16.8728684+01:00" endTime="2024-01-09T15:43:16.8728684+01:00" testType="13cdc9d9-ddb5-4fa4-a97d-d965ccfc6d4b" outcome="Passed" testListId="8c84fa94-04c1-424b-9868-57a2d4851a1d" relativeResultsDirectory="4dcd10b2-d491-4ff6-8250-1da97394f955" />
    <UnitTestResult executionId="90a6aafb-2223-4bdd-8ebc-96f9ee2bc0eb" testId="8f6fc2f4-dd39-ab43-cd96-6b6c5e8be01d" testName="SessionClosedWhenNoAuthReceivedAfterTimeoutAsync" computerName="DKSR-EFI-06" duration="00:00:01.1130734" startTime="2024-01-09T15:43:16.9197465+01:00" endTime="2024-01-09T15:43:18.0291200+01:00" testType="13cdc9d9-ddb5-4fa4-a97d-d965ccfc6d4b" outcome="Passed" testListId="8c84fa94-04c1-424b-9868-57a2d4851a1d" relativeResultsDirectory="90a6aafb-2223-4bdd-8ebc-96f9ee2bc0eb" />
    <UnitTestResult executionId="4cb1cbc3-5e2f-4053-a12c-c4c0e06b82da" testId="e55ca679-e03e-70e6-2776-382f14743e98" testName="SessionAcknowledgesCommandsAsync" computerName="DKSR-EFI-06" duration="00:00:00.0023446" startTime="2024-01-09T15:43:16.9041198+01:00" endTime="2024-01-09T15:43:16.9041198+01:00" testType="13cdc9d9-ddb5-4fa4-a97d-d965ccfc6d4b" outcome="Passed" testListId="8c84fa94-04c1-424b-9868-57a2d4851a1d" relativeResultsDirectory="4cb1cbc3-5e2f-4053-a12c-c4c0e06b82da" />
  </Results>
  <TestDefinitions>
    <UnitTest name="MessageBufferReturnsDateTimeMaxValueForOldestMessageTimestampWhenEmpty" storage="d:\actions-runner\_work\xpco\xpco\eventserver\server\components\central\videoos.eventserver.messagesv2.domain.unittest\bin\debug\net472\videoos.eventserver.messagesv2.domain.unittest.dll" id="3efe6c84-36bc-0778-78f1-eb24278c83d6">
      <Execution id="db029484-6c52-406d-a000-0a51a67531b6" />
      <TestMethod codeBase="D:\actions-runner\_work\XPCO\XPCO\EventServer\Server\Components\Central\VideoOS.EventServer.MessagesV2.Domain.UnitTest\bin\Debug\net472\VideoOS.EventServer.MessagesV2.Domain.UnitTest.dll" adapterTypeName="executor://mstestadapter/v2" className="VideoOS.EventServer.MessagesV2.Domain.UnitTest.MessageBufferTests" name="MessageBufferReturnsDateTimeMaxValueForOldestMessageTimestampWhenEmpty" />
    </UnitTest>
    <UnitTest name="SessionExpiredWhenOldMessagesFoundInTheBuffer" storage="d:\actions-runner\_work\xpco\xpco\eventserver\server\components\central\videoos.eventserver.messagesv2.domain.unittest\bin\debug\net472\videoos.eventserver.messagesv2.domain.unittest.dll" id="94ee87ad-ae78-728f-9192-bf243cd229cb">
      <Execution id="1ca2568b-e027-4eb7-a677-6b9dce6aac07" />
      <TestMethod codeBase="D:\actions-runner\_work\XPCO\XPCO\EventServer\Server\Components\Central\VideoOS.EventServer.MessagesV2.Domain.UnitTest\bin\Debug\net472\VideoOS.EventServer.MessagesV2.Domain.UnitTest.dll" adapterTypeName="executor://mstestadapter/v2" className="VideoOS.EventServer.MessagesV2.Domain.UnitTest.SessionTests" name="SessionExpiredWhenOldMessagesFoundInTheBuffer" />
    </UnitTest>
    <UnitTest name="MessageBrokerReturnsAddedSessions" storage="d:\actions-runner\_work\xpco\xpco\eventserver\server\components\central\videoos.eventserver.messagesv2.domain.unittest\bin\debug\net472\videoos.eventserver.messagesv2.domain.unittest.dll" id="15fd5b13-6079-4d4c-715e-365d135b1504">
      <Execution id="fe84d8ca-b3ef-4cb9-be46-b51a5ddf4cf1" />
      <TestMethod codeBase="D:\actions-runner\_work\XPCO\XPCO\EventServer\Server\Components\Central\VideoOS.EventServer.MessagesV2.Domain.UnitTest\bin\Debug\net472\VideoOS.EventServer.MessagesV2.Domain.UnitTest.dll" adapterTypeName="executor://mstestadapter/v2" className="VideoOS.EventServer.MessagesV2.Domain.UnitTest.MessageBrokerTests" name="MessageBrokerReturnsAddedSessions" />
    </UnitTest>
    <UnitTest name="SessionAcknowledgesCommandsAsync" storage="d:\actions-runner\_work\xpco\xpco\eventserver\server\components\central\videoos.eventserver.messagesv2.domain.unittest\bin\debug\net472\videoos.eventserver.messagesv2.domain.unittest.dll" id="e55ca679-e03e-70e6-2776-382f14743e98">
      <Execution id="4cb1cbc3-5e2f-4053-a12c-c4c0e06b82da" />
      <TestMethod codeBase="D:\actions-runner\_work\XPCO\XPCO\EventServer\Server\Components\Central\VideoOS.EventServer.MessagesV2.Domain.UnitTest\bin\Debug\net472\VideoOS.EventServer.MessagesV2.Domain.UnitTest.dll" adapterTypeName="executor://mstestadapter/v2" className="VideoOS.EventServer.MessagesV2.Domain.UnitTest.SessionTests" name="SessionAcknowledgesCommandsAsync" />
    </UnitTest>
    <UnitTest name="SessionSendsAllMessagesInBufferWhenClientIsSetAsync" storage="d:\actions-runner\_work\xpco\xpco\eventserver\server\components\central\videoos.eventserver.messagesv2.domain.unittest\bin\debug\net472\videoos.eventserver.messagesv2.domain.unittest.dll" id="e452f14a-73da-4c5c-1367-9999838774ad">
      <Execution id="4dcd10b2-d491-4ff6-8250-1da97394f955" />
      <TestMethod codeBase="D:\actions-runner\_work\XPCO\XPCO\EventServer\Server\Components\Central\VideoOS.EventServer.MessagesV2.Domain.UnitTest\bin\Debug\net472\VideoOS.EventServer.MessagesV2.Domain.UnitTest.dll" adapterTypeName="executor://mstestadapter/v2" className="VideoOS.EventServer.MessagesV2.Domain.UnitTest.SessionTests" name="SessionSendsAllMessagesInBufferWhenClientIsSetAsync" />
    </UnitTest>
    <UnitTest name="SessionSendsCommandsThroughChannelAsync" storage="d:\actions-runner\_work\xpco\xpco\eventserver\server\components\central\videoos.eventserver.messagesv2.domain.unittest\bin\debug\net472\videoos.eventserver.messagesv2.domain.unittest.dll" id="d03cbf88-edf4-064f-b350-2fdb18f6b938">
      <Execution id="039cc135-baa7-4cfa-bb20-c9636bd5497c" />
      <TestMethod codeBase="D:\actions-runner\_work\XPCO\XPCO\EventServer\Server\Components\Central\VideoOS.EventServer.MessagesV2.Domain.UnitTest\bin\Debug\net472\VideoOS.EventServer.MessagesV2.Domain.UnitTest.dll" adapterTypeName="executor://mstestadapter/v2" className="VideoOS.EventServer.MessagesV2.Domain.UnitTest.SessionTests" name="SessionSendsCommandsThroughChannelAsync" />
    </UnitTest>
    <UnitTest name="PluginMessagesSettingsSetsCorrectValueWhenValid" storage="d:\actions-runner\_work\xpco\xpco\eventserver\server\components\central\videoos.eventserver.messagesv2.domain.unittest\bin\debug\net472\videoos.eventserver.messagesv2.domain.unittest.dll" id="3c650387-435f-1f03-283c-e98acc620c0f">
      <Execution id="6849aaaa-ce1f-4fa7-86a8-9e8700ec87e9" />
      <TestMethod codeBase="D:\actions-runner\_work\XPCO\XPCO\EventServer\Server\Components\Central\VideoOS.EventServer.MessagesV2.Domain.UnitTest\bin\Debug\net472\VideoOS.EventServer.MessagesV2.Domain.UnitTest.dll" adapterTypeName="executor://mstestadapter/v2" className="VideoOS.EventServer.MessagesV2.Domain.UnitTest.PluginMessagesSettingsTests" name="PluginMessagesSettingsSetsCorrectValueWhenValid" />
    </UnitTest>
    <UnitTest name="MessageBufferNeverInsertsMessagesWithUnorderedSequenceAsync" storage="d:\actions-runner\_work\xpco\xpco\eventserver\server\components\central\videoos.eventserver.messagesv2.domain.unittest\bin\debug\net472\videoos.eventserver.messagesv2.domain.unittest.dll" id="26270c6b-fbf6-aeb6-7410-22c1d0e46d2c">
      <Execution id="72e83275-d01a-4407-a439-f91c95703f3c" />
      <TestMethod codeBase="D:\actions-runner\_work\XPCO\XPCO\EventServer\Server\Components\Central\VideoOS.EventServer.MessagesV2.Domain.UnitTest\bin\Debug\net472\VideoOS.EventServer.MessagesV2.Domain.UnitTest.dll" adapterTypeName="executor://mstestadapter/v2" className="VideoOS.EventServer.MessagesV2.Domain.UnitTest.MessageBufferTests" name="MessageBufferNeverInsertsMessagesWithUnorderedSequenceAsync" />
    </UnitTest>
    <UnitTest name="SessionAcknowledgesMessagesOnPulseAsync" storage="d:\actions-runner\_work\xpco\xpco\eventserver\server\components\central\videoos.eventserver.messagesv2.domain.unittest\bin\debug\net472\videoos.eventserver.messagesv2.domain.unittest.dll" id="946b9166-7805-e7c2-817b-e68bdffcb1e5">
      <Execution id="92c9ed97-1703-4e0c-88bd-0456f026f4fe" />
      <TestMethod codeBase="D:\actions-runner\_work\XPCO\XPCO\EventServer\Server\Components\Central\VideoOS.EventServer.MessagesV2.Domain.UnitTest\bin\Debug\net472\VideoOS.EventServer.MessagesV2.Domain.UnitTest.dll" adapterTypeName="executor://mstestadapter/v2" className="VideoOS.EventServer.MessagesV2.Domain.UnitTest.SessionTests" name="SessionAcknowledgesMessagesOnPulseAsync" />
    </UnitTest>
    <UnitTest name="PluginMessagesSettingsSetsMinValueOfWhenLower" storage="d:\actions-runner\_work\xpco\xpco\eventserver\server\components\central\videoos.eventserver.messagesv2.domain.unittest\bin\debug\net472\videoos.eventserver.messagesv2.domain.unittest.dll" id="8709cef1-b27d-2626-4449-45cd6593c043">
      <Execution id="85301419-0e4d-4e01-8a7c-a337fbfd048e" />
      <TestMethod codeBase="D:\actions-runner\_work\XPCO\XPCO\EventServer\Server\Components\Central\VideoOS.EventServer.MessagesV2.Domain.UnitTest\bin\Debug\net472\VideoOS.EventServer.MessagesV2.Domain.UnitTest.dll" adapterTypeName="executor://mstestadapter/v2" className="VideoOS.EventServer.MessagesV2.Domain.UnitTest.PluginMessagesSettingsTests" name="PluginMessagesSettingsSetsMinValueOfWhenLower" />
    </UnitTest>
    <UnitTest name="SessionNotSendsAllMessagesInBufferWhenUnauthenticatedClientIsSetAsync" storage="d:\actions-runner\_work\xpco\xpco\eventserver\server\components\central\videoos.eventserver.messagesv2.domain.unittest\bin\debug\net472\videoos.eventserver.messagesv2.domain.unittest.dll" id="2b714a73-fd12-4f2d-5566-70752605e3f3">
      <Execution id="189db9d6-209f-4eb4-a077-fbba9cd91abd" />
      <TestMethod codeBase="D:\actions-runner\_work\XPCO\XPCO\EventServer\Server\Components\Central\VideoOS.EventServer.MessagesV2.Domain.UnitTest\bin\Debug\net472\VideoOS.EventServer.MessagesV2.Domain.UnitTest.dll" adapterTypeName="executor://mstestadapter/v2" className="VideoOS.EventServer.MessagesV2.Domain.UnitTest.SessionTests" name="SessionNotSendsAllMessagesInBufferWhenUnauthenticatedClientIsSetAsync" />
    </UnitTest>
    <UnitTest name="MessageBrokerNotSendsMessageToUnsubscribedSessions" storage="d:\actions-runner\_work\xpco\xpco\eventserver\server\components\central\videoos.eventserver.messagesv2.domain.unittest\bin\debug\net472\videoos.eventserver.messagesv2.domain.unittest.dll" id="23509dbe-de2f-6d55-da60-2685f68d8d49">
      <Execution id="d4d20205-4e9d-4dc1-9472-4461c3e52839" />
      <TestMethod codeBase="D:\actions-runner\_work\XPCO\XPCO\EventServer\Server\Components\Central\VideoOS.EventServer.MessagesV2.Domain.UnitTest\bin\Debug\net472\VideoOS.EventServer.MessagesV2.Domain.UnitTest.dll" adapterTypeName="executor://mstestadapter/v2" className="VideoOS.EventServer.MessagesV2.Domain.UnitTest.MessageBrokerTests" name="MessageBrokerNotSendsMessageToUnsubscribedSessions" />
    </UnitTest>
    <UnitTest name="MessageBufferReturnsLowerDateTimeValueForOldestMessageTimestampWhenDataInIt" storage="d:\actions-runner\_work\xpco\xpco\eventserver\server\components\central\videoos.eventserver.messagesv2.domain.unittest\bin\debug\net472\videoos.eventserver.messagesv2.domain.unittest.dll" id="a8f5dbb6-8375-a0cf-f873-dc1f98b83f1d">
      <Execution id="07e8bb21-4e62-4b5b-bce2-03ee80997ba1" />
      <TestMethod codeBase="D:\actions-runner\_work\XPCO\XPCO\EventServer\Server\Components\Central\VideoOS.EventServer.MessagesV2.Domain.UnitTest\bin\Debug\net472\VideoOS.EventServer.MessagesV2.Domain.UnitTest.dll" adapterTypeName="executor://mstestadapter/v2" className="VideoOS.EventServer.MessagesV2.Domain.UnitTest.MessageBufferTests" name="MessageBufferReturnsLowerDateTimeValueForOldestMessageTimestampWhenDataInIt" />
    </UnitTest>
    <UnitTest name="MessageBrokerMessageCounterWorks" storage="d:\actions-runner\_work\xpco\xpco\eventserver\server\components\central\videoos.eventserver.messagesv2.domain.unittest\bin\debug\net472\videoos.eventserver.messagesv2.domain.unittest.dll" id="a4bfc81a-e864-9103-1f85-e094520cb37f">
      <Execution id="b1f84081-0fc5-45c6-9a33-fabe23cb5ac4" />
      <TestMethod codeBase="D:\actions-runner\_work\XPCO\XPCO\EventServer\Server\Components\Central\VideoOS.EventServer.MessagesV2.Domain.UnitTest\bin\Debug\net472\VideoOS.EventServer.MessagesV2.Domain.UnitTest.dll" adapterTypeName="executor://mstestadapter/v2" className="VideoOS.EventServer.MessagesV2.Domain.UnitTest.MessageBrokerTests" name="MessageBrokerMessageCounterWorks" />
    </UnitTest>
    <UnitTest name="SessionClosedWhenNoAuthReceivedAfterTimeoutAsync" storage="d:\actions-runner\_work\xpco\xpco\eventserver\server\components\central\videoos.eventserver.messagesv2.domain.unittest\bin\debug\net472\videoos.eventserver.messagesv2.domain.unittest.dll" id="8f6fc2f4-dd39-ab43-cd96-6b6c5e8be01d">
      <Execution id="90a6aafb-2223-4bdd-8ebc-96f9ee2bc0eb" />
      <TestMethod codeBase="D:\actions-runner\_work\XPCO\XPCO\EventServer\Server\Components\Central\VideoOS.EventServer.MessagesV2.Domain.UnitTest\bin\Debug\net472\VideoOS.EventServer.MessagesV2.Domain.UnitTest.dll" adapterTypeName="executor://mstestadapter/v2" className="VideoOS.EventServer.MessagesV2.Domain.UnitTest.SessionTests" name="SessionClosedWhenNoAuthReceivedAfterTimeoutAsync" />
    </UnitTest>
    <UnitTest name="SessionExpiredWhenNoCommandsReceived" storage="d:\actions-runner\_work\xpco\xpco\eventserver\server\components\central\videoos.eventserver.messagesv2.domain.unittest\bin\debug\net472\videoos.eventserver.messagesv2.domain.unittest.dll" id="5c4a5169-6a4b-291d-710f-01d0f79fbee9">
      <Execution id="845a674d-6f8e-4676-a5cf-7f6c004e0dab" />
      <TestMethod codeBase="D:\actions-runner\_work\XPCO\XPCO\EventServer\Server\Components\Central\VideoOS.EventServer.MessagesV2.Domain.UnitTest\bin\Debug\net472\VideoOS.EventServer.MessagesV2.Domain.UnitTest.dll" adapterTypeName="executor://mstestadapter/v2" className="VideoOS.EventServer.MessagesV2.Domain.UnitTest.SessionTests" name="SessionExpiredWhenNoCommandsReceived" />
    </UnitTest>
    <UnitTest name="PluginMessagesSettingsSetsDefaultValuesWhenInvalid" storage="d:\actions-runner\_work\xpco\xpco\eventserver\server\components\central\videoos.eventserver.messagesv2.domain.unittest\bin\debug\net472\videoos.eventserver.messagesv2.domain.unittest.dll" id="c979fd03-93b6-3ebf-ce00-a85346358d45">
      <Execution id="e4a12b4a-cdf5-4634-b8cc-684a811f6ac7" />
      <TestMethod codeBase="D:\actions-runner\_work\XPCO\XPCO\EventServer\Server\Components\Central\VideoOS.EventServer.MessagesV2.Domain.UnitTest\bin\Debug\net472\VideoOS.EventServer.MessagesV2.Domain.UnitTest.dll" adapterTypeName="executor://mstestadapter/v2" className="VideoOS.EventServer.MessagesV2.Domain.UnitTest.PluginMessagesSettingsTests" name="PluginMessagesSettingsSetsDefaultValuesWhenInvalid" />
    </UnitTest>
    <UnitTest name="MessageBrokerSendsMultipleMessagesToOtherSubscribers" storage="d:\actions-runner\_work\xpco\xpco\eventserver\server\components\central\videoos.eventserver.messagesv2.domain.unittest\bin\debug\net472\videoos.eventserver.messagesv2.domain.unittest.dll" id="3d1082c3-6e16-d1a0-027b-e09a8a07681f">
      <Execution id="542c6d0b-4c8f-4213-8d90-aafc54614ac5" />
      <TestMethod codeBase="D:\actions-runner\_work\XPCO\XPCO\EventServer\Server\Components\Central\VideoOS.EventServer.MessagesV2.Domain.UnitTest\bin\Debug\net472\VideoOS.EventServer.MessagesV2.Domain.UnitTest.dll" adapterTypeName="executor://mstestadapter/v2" className="VideoOS.EventServer.MessagesV2.Domain.UnitTest.MessageBrokerTests" name="MessageBrokerSendsMultipleMessagesToOtherSubscribers" />
    </UnitTest>
    <UnitTest name="MessageBrokerNotSendsMessagesWhenNoSubscribers" storage="d:\actions-runner\_work\xpco\xpco\eventserver\server\components\central\videoos.eventserver.messagesv2.domain.unittest\bin\debug\net472\videoos.eventserver.messagesv2.domain.unittest.dll" id="b5481f12-a45c-68ea-660a-9d4c6baeb11f">
      <Execution id="08e25691-a478-4b6f-b775-591491060155" />
      <TestMethod codeBase="D:\actions-runner\_work\XPCO\XPCO\EventServer\Server\Components\Central\VideoOS.EventServer.MessagesV2.Domain.UnitTest\bin\Debug\net472\VideoOS.EventServer.MessagesV2.Domain.UnitTest.dll" adapterTypeName="executor://mstestadapter/v2" className="VideoOS.EventServer.MessagesV2.Domain.UnitTest.MessageBrokerTests" name="MessageBrokerNotSendsMessagesWhenNoSubscribers" />
    </UnitTest>
    <UnitTest name="SessionNotClosedWhenAuthReceivedAfterTimeoutAsync" storage="d:\actions-runner\_work\xpco\xpco\eventserver\server\components\central\videoos.eventserver.messagesv2.domain.unittest\bin\debug\net472\videoos.eventserver.messagesv2.domain.unittest.dll" id="1910b952-6b34-7b22-e788-a947b8f62d71">
      <Execution id="d225b9f2-b97f-4590-a18f-abd5b92803fb" />
      <TestMethod codeBase="D:\actions-runner\_work\XPCO\XPCO\EventServer\Server\Components\Central\VideoOS.EventServer.MessagesV2.Domain.UnitTest\bin\Debug\net472\VideoOS.EventServer.MessagesV2.Domain.UnitTest.dll" adapterTypeName="executor://mstestadapter/v2" className="VideoOS.EventServer.MessagesV2.Domain.UnitTest.SessionTests" name="SessionNotClosedWhenAuthReceivedAfterTimeoutAsync" />
    </UnitTest>
    <UnitTest name="MessageBufferRemovesUpToIncludingSequence" storage="d:\actions-runner\_work\xpco\xpco\eventserver\server\components\central\videoos.eventserver.messagesv2.domain.unittest\bin\debug\net472\videoos.eventserver.messagesv2.domain.unittest.dll" id="713b0251-b6a1-7278-59b7-95a3c1eba798">
      <Execution id="6ddab1b2-058d-4589-aa4a-9bec7fd7e37b" />
      <TestMethod codeBase="D:\actions-runner\_work\XPCO\XPCO\EventServer\Server\Components\Central\VideoOS.EventServer.MessagesV2.Domain.UnitTest\bin\Debug\net472\VideoOS.EventServer.MessagesV2.Domain.UnitTest.dll" adapterTypeName="executor://mstestadapter/v2" className="VideoOS.EventServer.MessagesV2.Domain.UnitTest.MessageBufferTests" name="MessageBufferRemovesUpToIncludingSequence" />
    </UnitTest>
    <UnitTest name="PluginMessagesSettingsSetsMaxValueOfPulseSessionTimeoutWhenHigher" storage="d:\actions-runner\_work\xpco\xpco\eventserver\server\components\central\videoos.eventserver.messagesv2.domain.unittest\bin\debug\net472\videoos.eventserver.messagesv2.domain.unittest.dll" id="47485aa3-a7c6-b740-44e1-adc815cbe02b">
      <Execution id="f72c52af-30a8-490e-ba6d-94e740f9182c" />
      <TestMethod codeBase="D:\actions-runner\_work\XPCO\XPCO\EventServer\Server\Components\Central\VideoOS.EventServer.MessagesV2.Domain.UnitTest\bin\Debug\net472\VideoOS.EventServer.MessagesV2.Domain.UnitTest.dll" adapterTypeName="executor://mstestadapter/v2" className="VideoOS.EventServer.MessagesV2.Domain.UnitTest.PluginMessagesSettingsTests" name="PluginMessagesSettingsSetsMaxValueOfPulseSessionTimeoutWhenHigher" />
    </UnitTest>
    <UnitTest name="SessionNotExpiredAfterCreation" storage="d:\actions-runner\_work\xpco\xpco\eventserver\server\components\central\videoos.eventserver.messagesv2.domain.unittest\bin\debug\net472\videoos.eventserver.messagesv2.domain.unittest.dll" id="7b1ac339-21ce-bb46-e911-4240c9906bcb">
      <Execution id="153db4cc-47bb-4886-a7a1-a589419d9763" />
      <TestMethod codeBase="D:\actions-runner\_work\XPCO\XPCO\EventServer\Server\Components\Central\VideoOS.EventServer.MessagesV2.Domain.UnitTest\bin\Debug\net472\VideoOS.EventServer.MessagesV2.Domain.UnitTest.dll" adapterTypeName="executor://mstestadapter/v2" className="VideoOS.EventServer.MessagesV2.Domain.UnitTest.SessionTests" name="SessionNotExpiredAfterCreation" />
    </UnitTest>
    <UnitTest name="MessageBrokerClosesExpiredSessions" storage="d:\actions-runner\_work\xpco\xpco\eventserver\server\components\central\videoos.eventserver.messagesv2.domain.unittest\bin\debug\net472\videoos.eventserver.messagesv2.domain.unittest.dll" id="1da28fad-e70e-1c6d-261e-2e20eafe1d80">
      <Execution id="102d78b5-f6ca-43c2-a601-094f2c5689ef" />
      <TestMethod codeBase="D:\actions-runner\_work\XPCO\XPCO\EventServer\Server\Components\Central\VideoOS.EventServer.MessagesV2.Domain.UnitTest\bin\Debug\net472\VideoOS.EventServer.MessagesV2.Domain.UnitTest.dll" adapterTypeName="executor://mstestadapter/v2" className="VideoOS.EventServer.MessagesV2.Domain.UnitTest.MessageBrokerTests" name="MessageBrokerClosesExpiredSessions" />
    </UnitTest>
    <UnitTest name="MessageBrokerNotReturnsRemovedSessions" storage="d:\actions-runner\_work\xpco\xpco\eventserver\server\components\central\videoos.eventserver.messagesv2.domain.unittest\bin\debug\net472\videoos.eventserver.messagesv2.domain.unittest.dll" id="eef8deea-f4aa-fc93-b60c-806f35253be0">
      <Execution id="5a726765-ff91-4224-b665-c28babf45a51" />
      <TestMethod codeBase="D:\actions-runner\_work\XPCO\XPCO\EventServer\Server\Components\Central\VideoOS.EventServer.MessagesV2.Domain.UnitTest\bin\Debug\net472\VideoOS.EventServer.MessagesV2.Domain.UnitTest.dll" adapterTypeName="executor://mstestadapter/v2" className="VideoOS.EventServer.MessagesV2.Domain.UnitTest.MessageBrokerTests" name="MessageBrokerNotReturnsRemovedSessions" />
    </UnitTest>
    <UnitTest name="MessageBrokerSendsMessageToOtherSubscribers" storage="d:\actions-runner\_work\xpco\xpco\eventserver\server\components\central\videoos.eventserver.messagesv2.domain.unittest\bin\debug\net472\videoos.eventserver.messagesv2.domain.unittest.dll" id="1c995595-6779-b140-92cb-f4ce3d5df844">
      <Execution id="06aa370e-eba5-48c7-8274-7ab18510c25f" />
      <TestMethod codeBase="D:\actions-runner\_work\XPCO\XPCO\EventServer\Server\Components\Central\VideoOS.EventServer.MessagesV2.Domain.UnitTest\bin\Debug\net472\VideoOS.EventServer.MessagesV2.Domain.UnitTest.dll" adapterTypeName="executor://mstestadapter/v2" className="VideoOS.EventServer.MessagesV2.Domain.UnitTest.MessageBrokerTests" name="MessageBrokerSendsMessageToOtherSubscribers" />
    </UnitTest>
    <UnitTest name="SessionRaisesCommandsFromChannelAsync" storage="d:\actions-runner\_work\xpco\xpco\eventserver\server\components\central\videoos.eventserver.messagesv2.domain.unittest\bin\debug\net472\videoos.eventserver.messagesv2.domain.unittest.dll" id="2d4467b6-2280-f549-2223-0f203d56e240">
      <Execution id="711ddedc-772d-41a1-a327-2bbc31bbbd4e" />
      <TestMethod codeBase="D:\actions-runner\_work\XPCO\XPCO\EventServer\Server\Components\Central\VideoOS.EventServer.MessagesV2.Domain.UnitTest\bin\Debug\net472\VideoOS.EventServer.MessagesV2.Domain.UnitTest.dll" adapterTypeName="executor://mstestadapter/v2" className="VideoOS.EventServer.MessagesV2.Domain.UnitTest.SessionTests" name="SessionRaisesCommandsFromChannelAsync" />
    </UnitTest>
  </TestDefinitions>
  <TestEntries>
    <TestEntry testId="b5481f12-a45c-68ea-660a-9d4c6baeb11f" executionId="08e25691-a478-4b6f-b775-591491060155" testListId="8c84fa94-04c1-424b-9868-57a2d4851a1d" />
    <TestEntry testId="3c650387-435f-1f03-283c-e98acc620c0f" executionId="6849aaaa-ce1f-4fa7-86a8-9e8700ec87e9" testListId="8c84fa94-04c1-424b-9868-57a2d4851a1d" />
    <TestEntry testId="8709cef1-b27d-2626-4449-45cd6593c043" executionId="85301419-0e4d-4e01-8a7c-a337fbfd048e" testListId="8c84fa94-04c1-424b-9868-57a2d4851a1d" />
    <TestEntry testId="15fd5b13-6079-4d4c-715e-365d135b1504" executionId="fe84d8ca-b3ef-4cb9-be46-b51a5ddf4cf1" testListId="8c84fa94-04c1-424b-9868-57a2d4851a1d" />
    <TestEntry testId="a8f5dbb6-8375-a0cf-f873-dc1f98b83f1d" executionId="07e8bb21-4e62-4b5b-bce2-03ee80997ba1" testListId="8c84fa94-04c1-424b-9868-57a2d4851a1d" />
    <TestEntry testId="3efe6c84-36bc-0778-78f1-eb24278c83d6" executionId="db029484-6c52-406d-a000-0a51a67531b6" testListId="8c84fa94-04c1-424b-9868-57a2d4851a1d" />
    <TestEntry testId="7b1ac339-21ce-bb46-e911-4240c9906bcb" executionId="153db4cc-47bb-4886-a7a1-a589419d9763" testListId="8c84fa94-04c1-424b-9868-57a2d4851a1d" />
    <TestEntry testId="2d4467b6-2280-f549-2223-0f203d56e240" executionId="711ddedc-772d-41a1-a327-2bbc31bbbd4e" testListId="8c84fa94-04c1-424b-9868-57a2d4851a1d" />
    <TestEntry testId="47485aa3-a7c6-b740-44e1-adc815cbe02b" executionId="f72c52af-30a8-490e-ba6d-94e740f9182c" testListId="8c84fa94-04c1-424b-9868-57a2d4851a1d" />
    <TestEntry testId="1910b952-6b34-7b22-e788-a947b8f62d71" executionId="d225b9f2-b97f-4590-a18f-abd5b92803fb" testListId="8c84fa94-04c1-424b-9868-57a2d4851a1d" />
    <TestEntry testId="3d1082c3-6e16-d1a0-027b-e09a8a07681f" executionId="542c6d0b-4c8f-4213-8d90-aafc54614ac5" testListId="8c84fa94-04c1-424b-9868-57a2d4851a1d" />
    <TestEntry testId="eef8deea-f4aa-fc93-b60c-806f35253be0" executionId="5a726765-ff91-4224-b665-c28babf45a51" testListId="8c84fa94-04c1-424b-9868-57a2d4851a1d" />
    <TestEntry testId="1da28fad-e70e-1c6d-261e-2e20eafe1d80" executionId="102d78b5-f6ca-43c2-a601-094f2c5689ef" testListId="8c84fa94-04c1-424b-9868-57a2d4851a1d" />
    <TestEntry testId="946b9166-7805-e7c2-817b-e68bdffcb1e5" executionId="92c9ed97-1703-4e0c-88bd-0456f026f4fe" testListId="8c84fa94-04c1-424b-9868-57a2d4851a1d" />
    <TestEntry testId="d03cbf88-edf4-064f-b350-2fdb18f6b938" executionId="039cc135-baa7-4cfa-bb20-c9636bd5497c" testListId="8c84fa94-04c1-424b-9868-57a2d4851a1d" />
    <TestEntry testId="26270c6b-fbf6-aeb6-7410-22c1d0e46d2c" executionId="72e83275-d01a-4407-a439-f91c95703f3c" testListId="8c84fa94-04c1-424b-9868-57a2d4851a1d" />
    <TestEntry testId="c979fd03-93b6-3ebf-ce00-a85346358d45" executionId="e4a12b4a-cdf5-4634-b8cc-684a811f6ac7" testListId="8c84fa94-04c1-424b-9868-57a2d4851a1d" />
    <TestEntry testId="713b0251-b6a1-7278-59b7-95a3c1eba798" executionId="6ddab1b2-058d-4589-aa4a-9bec7fd7e37b" testListId="8c84fa94-04c1-424b-9868-57a2d4851a1d" />
    <TestEntry testId="5c4a5169-6a4b-291d-710f-01d0f79fbee9" executionId="845a674d-6f8e-4676-a5cf-7f6c004e0dab" testListId="8c84fa94-04c1-424b-9868-57a2d4851a1d" />
    <TestEntry testId="94ee87ad-ae78-728f-9192-bf243cd229cb" executionId="1ca2568b-e027-4eb7-a677-6b9dce6aac07" testListId="8c84fa94-04c1-424b-9868-57a2d4851a1d" />
    <TestEntry testId="2b714a73-fd12-4f2d-5566-70752605e3f3" executionId="189db9d6-209f-4eb4-a077-fbba9cd91abd" testListId="8c84fa94-04c1-424b-9868-57a2d4851a1d" />
    <TestEntry testId="23509dbe-de2f-6d55-da60-2685f68d8d49" executionId="d4d20205-4e9d-4dc1-9472-4461c3e52839" testListId="8c84fa94-04c1-424b-9868-57a2d4851a1d" />
    <TestEntry testId="1c995595-6779-b140-92cb-f4ce3d5df844" executionId="06aa370e-eba5-48c7-8274-7ab18510c25f" testListId="8c84fa94-04c1-424b-9868-57a2d4851a1d" />
    <TestEntry testId="a4bfc81a-e864-9103-1f85-e094520cb37f" executionId="b1f84081-0fc5-45c6-9a33-fabe23cb5ac4" testListId="8c84fa94-04c1-424b-9868-57a2d4851a1d" />
    <TestEntry testId="e452f14a-73da-4c5c-1367-9999838774ad" executionId="4dcd10b2-d491-4ff6-8250-1da97394f955" testListId="8c84fa94-04c1-424b-9868-57a2d4851a1d" />
    <TestEntry testId="8f6fc2f4-dd39-ab43-cd96-6b6c5e8be01d" executionId="90a6aafb-2223-4bdd-8ebc-96f9ee2bc0eb" testListId="8c84fa94-04c1-424b-9868-57a2d4851a1d" />
    <TestEntry testId="e55ca679-e03e-70e6-2776-382f14743e98" executionId="4cb1cbc3-5e2f-4053-a12c-c4c0e06b82da" testListId="8c84fa94-04c1-424b-9868-57a2d4851a1d" />
  </TestEntries>
  <TestLists>
    <TestList name="Results Not in a List" id="8c84fa94-04c1-424b-9868-57a2d4851a1d" />
    <TestList name="All Loaded Results" id="19431567-8539-422a-85d7-44ee4e166bda" />
  </TestLists>
  <ResultSummary outcome="Completed">
    <Counters total="27" executed="27" passed="27" failed="0" error="0" timeout="0" aborted="0" inconclusive="0" passedButRunAborted="0" notRunnable="0" notExecuted="0" disconnected="0" warning="0" completed="0" inProgress="0" pending="0" />
  </ResultSummary>
</TestRun>