<?xml version="1.0" encoding="utf-8"?>
<TestRun id="3c1b8b87-0434-4f19-9055-d6321c17a6a0" name="DKSR-EFI-06$@DKSR-EFI-06 2024-01-09 15:43:06" runUser="NT AUTHORITY\NETWORK SERVICE" xmlns="http://microsoft.com/schemas/VisualStudio/TeamTest/2010">
  <Times creation="2024-01-09T15:43:06.5134625+01:00" queuing="2024-01-09T15:43:06.5134625+01:00" start="2024-01-09T15:43:04.4822053+01:00" finish="2024-01-09T15:43:06.8728411+01:00" />
  <TestSettings name="default" id="92b1401f-ad15-4871-8b81-8884714baca6">
    <Deployment runDeploymentRoot="DKSR-EFI-06$_DKSR-EFI-06_2024-01-09_15_43_06" />
  </TestSettings>
  <Results>
    <UnitTestResult executionId="65d68fb9-db06-4829-8480-6d4c175b6b81" testId="4237c57a-bf2a-9cf6-b825-98e232071713" testName="TestIsInternalSidWithFalseResult" computerName="DKSR-EFI-06" duration="00:00:00.0000834" startTime="2024-01-09T15:43:06.6697143+01:00" endTime="2024-01-09T15:43:06.6697143+01:00" testType="13cdc9d9-ddb5-4fa4-a97d-d965ccfc6d4b" outcome="Passed" testListId="8c84fa94-04c1-424b-9868-57a2d4851a1d" relativeResultsDirectory="65d68fb9-db06-4829-8480-6d4c175b6b81" />
    <UnitTestResult executionId="f85df7c6-0565-4e66-9774-ee67f4ef9396" testId="e42f811f-13fa-faf4-cfc5-af7c8f40b97d" testName="Given_SourceKindUnknown_When_Converting_OutputIsMipkindsSlashkKindIdSLashMipItemsSlashSourceId" computerName="DKSR-EFI-06" duration="00:00:00.1227832" startTime="2024-01-09T15:43:06.2947472+01:00" endTime="2024-01-09T15:43:06.4197129+01:00" testType="13cdc9d9-ddb5-4fa4-a97d-d965ccfc6d4b" outcome="Passed" testListId="8c84fa94-04c1-424b-9868-57a2d4851a1d" relativeResultsDirectory="f85df7c6-0565-4e66-9774-ee67f4ef9396" />
    <UnitTestResult executionId="4f101fc5-8b1f-436d-b534-1e9e10900041" testId="eaf4b435-5c07-cd6f-15cc-5e0db9d61d5d" testName="TestIsInternalSidABasicUserSidMinimal" computerName="DKSR-EFI-06" duration="00:00:00.0004446" startTime="2024-01-09T15:43:06.6540895+01:00" endTime="2024-01-09T15:43:06.6540895+01:00" testType="13cdc9d9-ddb5-4fa4-a97d-d965ccfc6d4b" outcome="Passed" testListId="8c84fa94-04c1-424b-9868-57a2d4851a1d" relativeResultsDirectory="4f101fc5-8b1f-436d-b534-1e9e10900041" />
    <UnitTestResult executionId="e9d5a692-8631-4819-9320-149628e8ff4c" testId="f90e980f-2380-337d-96b4-0f4226dba9e4" testName="GetEventSourceFromRestResource_ReturnsValidEventSource_WhenInputIsCorrect" computerName="DKSR-EFI-06" duration="00:00:00.0229927" startTime="2024-01-09T15:43:06.5290894+01:00" endTime="2024-01-09T15:43:06.5603402+01:00" testType="13cdc9d9-ddb5-4fa4-a97d-d965ccfc6d4b" outcome="Passed" testListId="8c84fa94-04c1-424b-9868-57a2d4851a1d" relativeResultsDirectory="e9d5a692-8631-4819-9320-149628e8ff4c" />
    <UnitTestResult executionId="e241f0d7-a0b0-4853-96b3-5c4d5b74b739" testId="10e7f57a-f727-d66a-3667-2965eae96403" testName="GetEventSourceFromRestResource_ReturnsNull_WhenInputIsNullEmptyString ()" computerName="DKSR-EFI-06" duration="00:00:00.0000603" startTime="2024-01-09T15:43:06.4509624+01:00" endTime="2024-01-09T15:43:06.4978384+01:00" testType="13cdc9d9-ddb5-4fa4-a97d-d965ccfc6d4b" outcome="Passed" testListId="8c84fa94-04c1-424b-9868-57a2d4851a1d" relativeResultsDirectory="e241f0d7-a0b0-4853-96b3-5c4d5b74b739" />
    <UnitTestResult executionId="00d2b2ac-014f-4d2e-a936-b5c164bcf2a3" testId="1b3a9f82-619d-3788-4f63-a2b81a0b3690" testName="TestValidate" computerName="DKSR-EFI-06" duration="00:00:00.0638495" startTime="2024-01-09T15:43:06.5603402+01:00" endTime="2024-01-09T15:43:06.6228398+01:00" testType="13cdc9d9-ddb5-4fa4-a97d-d965ccfc6d4b" outcome="Passed" testListId="8c84fa94-04c1-424b-9868-57a2d4851a1d" relativeResultsDirectory="00d2b2ac-014f-4d2e-a936-b5c164bcf2a3" />
    <UnitTestResult executionId="ea2a9b7d-a769-446f-801e-ee28941e0e6b" testId="3a1f4c3f-822b-7d44-f0ec-6424ae450630" testName="GetEventSourceFromRestResource_ReturnsNull_WhenInputIsWrongFormat (resource1/resource2/resource3/resource4/6321B9C7-9FB9-4A2C-A2FA-DA2E1105C0E9)" computerName="DKSR-EFI-06" duration="00:00:00.0000403" startTime="2024-01-09T15:43:06.5290894+01:00" endTime="2024-01-09T15:43:06.5290894+01:00" testType="13cdc9d9-ddb5-4fa4-a97d-d965ccfc6d4b" outcome="Passed" testListId="8c84fa94-04c1-424b-9868-57a2d4851a1d" relativeResultsDirectory="ea2a9b7d-a769-446f-801e-ee28941e0e6b" />
    <UnitTestResult executionId="0345a417-7b1c-417b-a41c-db5b390d409e" testId="a3a3b2b3-1db0-96dd-0759-635fd78a4f1a" testName="TestCreateAccessControlSid" computerName="DKSR-EFI-06" duration="00:00:00.0003389" startTime="2024-01-09T15:43:06.6540895+01:00" endTime="2024-01-09T15:43:06.6540895+01:00" testType="13cdc9d9-ddb5-4fa4-a97d-d965ccfc6d4b" outcome="Passed" testListId="8c84fa94-04c1-424b-9868-57a2d4851a1d" relativeResultsDirectory="0345a417-7b1c-417b-a41c-db5b390d409e" />
    <UnitTestResult executionId="4703e652-c7dc-445f-8529-683cb6400dd4" testId="ed80d7ef-3acb-bb5a-d38c-8bbcc0e9a5a2" testName="GetEventSourceFromRestResource_ReturnsNull_WhenInputIsWrongFormat (resource1/resource2/resource3/828CDFC8-D728-4E83-A72F-D14709FBDA5)" computerName="DKSR-EFI-06" duration="00:00:00.0000300" startTime="2024-01-09T15:43:06.5290894+01:00" endTime="2024-01-09T15:43:06.5290894+01:00" testType="13cdc9d9-ddb5-4fa4-a97d-d965ccfc6d4b" outcome="Passed" testListId="8c84fa94-04c1-424b-9868-57a2d4851a1d" relativeResultsDirectory="4703e652-c7dc-445f-8529-683cb6400dd4" />
    <UnitTestResult executionId="4226f759-9b82-48af-af4c-ef7d3453fcc6" testId="73088c1d-60f5-4fb8-506d-42494d70aa2e" testName="TestIsInternalSidABasicUserSid" computerName="DKSR-EFI-06" duration="00:00:00.0002062" startTime="2024-01-09T15:43:06.6540895+01:00" endTime="2024-01-09T15:43:06.6540895+01:00" testType="13cdc9d9-ddb5-4fa4-a97d-d965ccfc6d4b" outcome="Passed" testListId="8c84fa94-04c1-424b-9868-57a2d4851a1d" relativeResultsDirectory="4226f759-9b82-48af-af4c-ef7d3453fcc6" />
    <UnitTestResult executionId="051ab0ba-7d1f-4bd3-891a-75e6820ab795" testId="fa78b976-0256-1726-4d98-674ea96bc744" testName="GetEventSourceFromRestResource_ReturnsNull_WhenInputIsNullEmptyString ( )" computerName="DKSR-EFI-06" duration="00:00:00.0000406" startTime="2024-01-09T15:43:06.4978384+01:00" endTime="2024-01-09T15:43:06.4978384+01:00" testType="13cdc9d9-ddb5-4fa4-a97d-d965ccfc6d4b" outcome="Passed" testListId="8c84fa94-04c1-424b-9868-57a2d4851a1d" relativeResultsDirectory="051ab0ba-7d1f-4bd3-891a-75e6820ab795" />
    <UnitTestResult executionId="9df2353d-28a1-4056-bd5e-a4093deab43c" testId="bb3a5fc1-9522-7397-f6db-45a8a1a56af1" testName="Given_SourceKindServerServerIdIsManagementServer_When_Converting_OutputIsSitesSlashSourceId" computerName="DKSR-EFI-06" duration="00:00:00.0020515" startTime="2024-01-09T15:43:06.2947472+01:00" endTime="2024-01-09T15:43:06.2947472+01:00" testType="13cdc9d9-ddb5-4fa4-a97d-d965ccfc6d4b" outcome="Passed" testListId="8c84fa94-04c1-424b-9868-57a2d4851a1d" relativeResultsDirectory="9df2353d-28a1-4056-bd5e-a4093deab43c" />
    <UnitTestResult executionId="967f15f6-d03f-4e32-81f8-e2a307a153a2" testId="ac790b5a-3630-bd89-3c6b-3c79cbd71a7f" testName="Converter_ReturnsResource_WhenUserDefinedEvent" computerName="DKSR-EFI-06" duration="00:00:00.0025050" startTime="2024-01-09T15:43:06.2947472+01:00" endTime="2024-01-09T15:43:06.2947472+01:00" testType="13cdc9d9-ddb5-4fa4-a97d-d965ccfc6d4b" outcome="Passed" testListId="8c84fa94-04c1-424b-9868-57a2d4851a1d" relativeResultsDirectory="967f15f6-d03f-4e32-81f8-e2a307a153a2" />
    <UnitTestResult executionId="c0f13d57-ac19-4120-84b6-18a65a62e25b" testId="b0e878a1-2a9d-4d13-4573-7803c7352b4a" testName="TestValidateUsingCachedToken" computerName="DKSR-EFI-06" duration="00:00:00.0072923" startTime="2024-01-09T15:43:06.6540895+01:00" endTime="2024-01-09T15:43:06.6540895+01:00" testType="13cdc9d9-ddb5-4fa4-a97d-d965ccfc6d4b" outcome="Passed" testListId="8c84fa94-04c1-424b-9868-57a2d4851a1d" relativeResultsDirectory="c0f13d57-ac19-4120-84b6-18a65a62e25b" />
    <UnitTestResult executionId="4da56ead-2e25-42c0-8184-5b99b4edb04f" testId="720defcb-3d81-d250-9e1c-6bd1f007c81f" testName="Given_SourceKindCamera_When_Converting_OutputIsCamerasSlashSourceId" computerName="DKSR-EFI-06" duration="00:00:00.4315684" startTime="2024-01-09T15:43:05.7322126+01:00" endTime="2024-01-09T15:43:06.2790852+01:00" testType="13cdc9d9-ddb5-4fa4-a97d-d965ccfc6d4b" outcome="Passed" testListId="8c84fa94-04c1-424b-9868-57a2d4851a1d" relativeResultsDirectory="4da56ead-2e25-42c0-8184-5b99b4edb04f" />
    <UnitTestResult executionId="1b9e0fef-d286-4781-b618-64f279ecfd88" testId="dbf8d8e2-ae89-ffe4-efae-890cca060c85" testName="TestGetUserNameFromInternalSid" computerName="DKSR-EFI-06" duration="00:00:00.0002022" startTime="2024-01-09T15:43:06.6540895+01:00" endTime="2024-01-09T15:43:06.6540895+01:00" testType="13cdc9d9-ddb5-4fa4-a97d-d965ccfc6d4b" outcome="Passed" testListId="8c84fa94-04c1-424b-9868-57a2d4851a1d" relativeResultsDirectory="1b9e0fef-d286-4781-b618-64f279ecfd88" />
    <UnitTestResult executionId="92943ed8-7008-4db6-80a1-2ae957c5de17" testId="127553a0-01d5-4d27-0154-27b85e95b753" testName="Given_SourceKindBuiltin_When_Converting_OutputIsKindGuidSlashSourceId" computerName="DKSR-EFI-06" duration="00:00:00.0212494" startTime="2024-01-09T15:43:06.4197129+01:00" endTime="2024-01-09T15:43:06.4353389+01:00" testType="13cdc9d9-ddb5-4fa4-a97d-d965ccfc6d4b" outcome="Passed" testListId="8c84fa94-04c1-424b-9868-57a2d4851a1d" relativeResultsDirectory="92943ed8-7008-4db6-80a1-2ae957c5de17" />
    <UnitTestResult executionId="5dce8351-ec9a-4cc1-beea-99a713a823e3" testId="e0c35eb1-fbda-d94d-3a69-429e74a6fb0c" testName="Given_SourceKindServerServerIdNotKnown_When_Converting_OutputIsServersSlashSourceId" computerName="DKSR-EFI-06" duration="00:00:00.0017144" startTime="2024-01-09T15:43:06.2947472+01:00" endTime="2024-01-09T15:43:06.2947472+01:00" testType="13cdc9d9-ddb5-4fa4-a97d-d965ccfc6d4b" outcome="Passed" testListId="8c84fa94-04c1-424b-9868-57a2d4851a1d" relativeResultsDirectory="5dce8351-ec9a-4cc1-beea-99a713a823e3" />
    <UnitTestResult executionId="ea491357-ef71-4aa7-b02d-51f8e0f26adc" testId="4a84b57f-02bf-fe4c-ee6c-46717956ff9e" testName="GetEventSourceFromRestResource_ReturnsNull_WhenInputIsWrongFormat (resource1/resource2/141FD3EA-7EB9-486A-9704-A0643E3AB99A)" computerName="DKSR-EFI-06" duration="00:00:00.0000311" startTime="2024-01-09T15:43:06.5290894+01:00" endTime="2024-01-09T15:43:06.5290894+01:00" testType="13cdc9d9-ddb5-4fa4-a97d-d965ccfc6d4b" outcome="Passed" testListId="8c84fa94-04c1-424b-9868-57a2d4851a1d" relativeResultsDirectory="ea491357-ef71-4aa7-b02d-51f8e0f26adc" />
    <UnitTestResult executionId="332fb18b-cac2-4b1f-87eb-2d3545fb1233" testId="8e910ac0-4390-50a4-8111-cb4e682ab1c1" testName="TestValidateWithInvalidToken" computerName="DKSR-EFI-06" duration="00:00:00.0015469" startTime="2024-01-09T15:43:06.6540895+01:00" endTime="2024-01-09T15:43:06.6540895+01:00" testType="13cdc9d9-ddb5-4fa4-a97d-d965ccfc6d4b" outcome="Passed" testListId="8c84fa94-04c1-424b-9868-57a2d4851a1d" relativeResultsDirectory="332fb18b-cac2-4b1f-87eb-2d3545fb1233" />
    <UnitTestResult executionId="afa57a41-744d-4ee1-904d-f34a2a8ed6e1" testId="35918daa-b468-4e0b-6467-60d63ca72d2f" testName="GetEventSourceFromRestResource_ReturnsNull_WhenInputIsWrongFormat (cameras\2BE1DB75-C6D2-4EDA-904C-AC176F2E4E96)" computerName="DKSR-EFI-06" duration="00:00:00.0000560" startTime="2024-01-09T15:43:06.5290894+01:00" endTime="2024-01-09T15:43:06.5290894+01:00" testType="13cdc9d9-ddb5-4fa4-a97d-d965ccfc6d4b" outcome="Passed" testListId="8c84fa94-04c1-424b-9868-57a2d4851a1d" relativeResultsDirectory="afa57a41-744d-4ee1-904d-f34a2a8ed6e1" />
    <UnitTestResult executionId="a80342f4-fc42-4184-b10f-ed6558a03f1e" testId="5f47fb14-3495-285f-dce9-a2c11e2c16ea" testName="GetEventSourceFromRestResource_ReturnsNull_WhenInputIsNullEmptyString ()" computerName="DKSR-EFI-06" duration="00:00:00.0009272" startTime="2024-01-09T15:43:06.4353389+01:00" endTime="2024-01-09T15:43:06.4509624+01:00" testType="13cdc9d9-ddb5-4fa4-a97d-d965ccfc6d4b" outcome="Passed" testListId="8c84fa94-04c1-424b-9868-57a2d4851a1d" relativeResultsDirectory="a80342f4-fc42-4184-b10f-ed6558a03f1e" />
    <UnitTestResult executionId="41a1ac4b-ce7f-46d4-99fb-fa232d383750" testId="9ac8edc4-fc0f-1d35-ec4c-d5d95c913e3e" testName="TestCreateBasicUserInternalSid" computerName="DKSR-EFI-06" duration="00:00:00.0003334" startTime="2024-01-09T15:43:06.6540895+01:00" endTime="2024-01-09T15:43:06.6540895+01:00" testType="13cdc9d9-ddb5-4fa4-a97d-d965ccfc6d4b" outcome="Passed" testListId="8c84fa94-04c1-424b-9868-57a2d4851a1d" relativeResultsDirectory="41a1ac4b-ce7f-46d4-99fb-fa232d383750" />
    <UnitTestResult executionId="9ef518f3-dc98-4b51-bd9a-c7c51475517d" testId="57972347-90c7-eabd-1826-d187be8cdb09" testName="TestIsInternalSidAnAccessControlSidMinimal" computerName="DKSR-EFI-06" duration="00:00:00.0000906" startTime="2024-01-09T15:43:06.6697143+01:00" endTime="2024-01-09T15:43:06.6697143+01:00" testType="13cdc9d9-ddb5-4fa4-a97d-d965ccfc6d4b" outcome="Passed" testListId="8c84fa94-04c1-424b-9868-57a2d4851a1d" relativeResultsDirectory="9ef518f3-dc98-4b51-bd9a-c7c51475517d" />
    <UnitTestResult executionId="3c7aecf7-6741-476c-a0bb-91bf77457297" testId="f6a099c5-608a-629c-5eb3-245a24ea88b5" testName="GetEventSourceFromRestResource_ReturnsNull_WhenInputIsWrongFormat (resource1/94A3A436-AB10-499F-8397-50777425D281/resource3/DBADC13B-75AA-414A-AA30-3B955FF82324)" computerName="DKSR-EFI-06" duration="00:00:00.0000660" startTime="2024-01-09T15:43:06.5290894+01:00" endTime="2024-01-09T15:43:06.5290894+01:00" testType="13cdc9d9-ddb5-4fa4-a97d-d965ccfc6d4b" outcome="Passed" testListId="8c84fa94-04c1-424b-9868-57a2d4851a1d" relativeResultsDirectory="3c7aecf7-6741-476c-a0bb-91bf77457297" />
    <UnitTestResult executionId="be7963e6-a05f-46f3-8575-a05e968c062c" testId="ab75a0b8-e902-a8f7-87ca-6082fff03631" testName="TestConstructor" computerName="DKSR-EFI-06" duration="00:00:00.0260809" startTime="2024-01-09T15:43:06.6228398+01:00" endTime="2024-01-09T15:43:06.6540895+01:00" testType="13cdc9d9-ddb5-4fa4-a97d-d965ccfc6d4b" outcome="Passed" testListId="8c84fa94-04c1-424b-9868-57a2d4851a1d" relativeResultsDirectory="be7963e6-a05f-46f3-8575-a05e968c062c" />
    <UnitTestResult executionId="d75e5bf1-80a9-4824-8f27-eed755b10d3f" testId="5a76c15b-ad1b-b4ff-bd0e-e24dded2dcda" testName="TestIsInternalSidWithNull" computerName="DKSR-EFI-06" duration="00:00:00.0023526" startTime="2024-01-09T15:43:06.6540895+01:00" endTime="2024-01-09T15:43:06.6697143+01:00" testType="13cdc9d9-ddb5-4fa4-a97d-d965ccfc6d4b" outcome="Passed" testListId="8c84fa94-04c1-424b-9868-57a2d4851a1d" relativeResultsDirectory="d75e5bf1-80a9-4824-8f27-eed755b10d3f" />
    <UnitTestResult executionId="23feaaf1-54ab-47df-9b64-943a4d1811ac" testId="303d385e-a5d5-8905-4d3c-8c9238bfc475" testName="GetEventSourceFromRestResource_ReturnsNull_WhenInputIsWrongFormat (bahur/7652A98E-D044-48CB-BCCD-5A3ABD9BD552)" computerName="DKSR-EFI-06" duration="00:00:00.0190211" startTime="2024-01-09T15:43:06.5134625+01:00" endTime="2024-01-09T15:43:06.5290894+01:00" testType="13cdc9d9-ddb5-4fa4-a97d-d965ccfc6d4b" outcome="Passed" testListId="8c84fa94-04c1-424b-9868-57a2d4851a1d" relativeResultsDirectory="23feaaf1-54ab-47df-9b64-943a4d1811ac" />
    <UnitTestResult executionId="87a7bc20-6657-4cca-a2e9-f2c4947739a6" testId="41be8357-ef2b-9766-8e6b-a8f96d411b90" testName="TestIsInternalSidAnAccessControlSid" computerName="DKSR-EFI-06" duration="00:00:00.0001036" startTime="2024-01-09T15:43:06.6697143+01:00" endTime="2024-01-09T15:43:06.6697143+01:00" testType="13cdc9d9-ddb5-4fa4-a97d-d965ccfc6d4b" outcome="Passed" testListId="8c84fa94-04c1-424b-9868-57a2d4851a1d" relativeResultsDirectory="87a7bc20-6657-4cca-a2e9-f2c4947739a6" />
  </Results>
  <TestDefinitions>
    <UnitTest name="TestValidateUsingCachedToken" storage="d:\actions-runner\_work\xpco\xpco\eventserver\server\components\central\videoos.eventserver.common.domain.unittest\bin\debug\net472\videoos.eventserver.common.domain.unittest.dll" id="b0e878a1-2a9d-4d13-4573-7803c7352b4a">
      <Execution id="c0f13d57-ac19-4120-84b6-18a65a62e25b" />
      <TestMethod codeBase="D:\actions-runner\_work\XPCO\XPCO\EventServer\Server\Components\Central\VideoOS.EventServer.Common.Domain.UnitTest\bin\Debug\net472\VideoOS.EventServer.Common.Domain.UnitTest.dll" adapterTypeName="executor://mstestadapter/v2" className="VideoOS.EventServer.Common.Domain.UnitTest.TokenValidationTest" name="TestValidateUsingCachedToken" />
    </UnitTest>
    <UnitTest name="TestIsInternalSidAnAccessControlSidMinimal" storage="d:\actions-runner\_work\xpco\xpco\eventserver\server\components\central\videoos.eventserver.common.domain.unittest\bin\debug\net472\videoos.eventserver.common.domain.unittest.dll" id="57972347-90c7-eabd-1826-d187be8cdb09">
      <Execution id="9ef518f3-dc98-4b51-bd9a-c7c51475517d" />
      <TestMethod codeBase="D:\actions-runner\_work\XPCO\XPCO\EventServer\Server\Components\Central\VideoOS.EventServer.Common.Domain.UnitTest\bin\Debug\net472\VideoOS.EventServer.Common.Domain.UnitTest.dll" adapterTypeName="executor://mstestadapter/v2" className="VideoOS.EventServer.Common.Domain.UnitTest.UserValidation.InternalSIDTest" name="TestIsInternalSidAnAccessControlSidMinimal" />
    </UnitTest>
    <UnitTest name="GetEventSourceFromRestResource_ReturnsNull_WhenInputIsNullEmptyString ()" storage="d:\actions-runner\_work\xpco\xpco\eventserver\server\components\central\videoos.eventserver.common.domain.unittest\bin\debug\net472\videoos.eventserver.common.domain.unittest.dll" id="5f47fb14-3495-285f-dce9-a2c11e2c16ea">
      <Execution id="a80342f4-fc42-4184-b10f-ed6558a03f1e" />
      <TestMethod codeBase="D:\actions-runner\_work\XPCO\XPCO\EventServer\Server\Components\Central\VideoOS.EventServer.Common.Domain.UnitTest\bin\Debug\net472\VideoOS.EventServer.Common.Domain.UnitTest.dll" adapterTypeName="executor://mstestadapter/v2" className="VideoOS.EventServer.Common.Infrastructure.UnitTest.RestResources.RestResourceConverterTest" name="GetEventSourceFromRestResource_ReturnsNull_WhenInputIsNullEmptyString" />
    </UnitTest>
    <UnitTest name="GetEventSourceFromRestResource_ReturnsNull_WhenInputIsWrongFormat (resource1/94A3A436-AB10-499F-8397-50777425D281/resource3/DBADC13B-75AA-414A-AA30-3B955FF82324)" storage="d:\actions-runner\_work\xpco\xpco\eventserver\server\components\central\videoos.eventserver.common.domain.unittest\bin\debug\net472\videoos.eventserver.common.domain.unittest.dll" id="f6a099c5-608a-629c-5eb3-245a24ea88b5">
      <Execution id="3c7aecf7-6741-476c-a0bb-91bf77457297" />
      <TestMethod codeBase="D:\actions-runner\_work\XPCO\XPCO\EventServer\Server\Components\Central\VideoOS.EventServer.Common.Domain.UnitTest\bin\Debug\net472\VideoOS.EventServer.Common.Domain.UnitTest.dll" adapterTypeName="executor://mstestadapter/v2" className="VideoOS.EventServer.Common.Infrastructure.UnitTest.RestResources.RestResourceConverterTest" name="GetEventSourceFromRestResource_ReturnsNull_WhenInputIsWrongFormat" />
    </UnitTest>
    <UnitTest name="TestIsInternalSidAnAccessControlSid" storage="d:\actions-runner\_work\xpco\xpco\eventserver\server\components\central\videoos.eventserver.common.domain.unittest\bin\debug\net472\videoos.eventserver.common.domain.unittest.dll" id="41be8357-ef2b-9766-8e6b-a8f96d411b90">
      <Execution id="87a7bc20-6657-4cca-a2e9-f2c4947739a6" />
      <TestMethod codeBase="D:\actions-runner\_work\XPCO\XPCO\EventServer\Server\Components\Central\VideoOS.EventServer.Common.Domain.UnitTest\bin\Debug\net472\VideoOS.EventServer.Common.Domain.UnitTest.dll" adapterTypeName="executor://mstestadapter/v2" className="VideoOS.EventServer.Common.Domain.UnitTest.UserValidation.InternalSIDTest" name="TestIsInternalSidAnAccessControlSid" />
    </UnitTest>
    <UnitTest name="TestConstructor" storage="d:\actions-runner\_work\xpco\xpco\eventserver\server\components\central\videoos.eventserver.common.domain.unittest\bin\debug\net472\videoos.eventserver.common.domain.unittest.dll" id="ab75a0b8-e902-a8f7-87ca-6082fff03631">
      <Execution id="be7963e6-a05f-46f3-8575-a05e968c062c" />
      <TestMethod codeBase="D:\actions-runner\_work\XPCO\XPCO\EventServer\Server\Components\Central\VideoOS.EventServer.Common.Domain.UnitTest\bin\Debug\net472\VideoOS.EventServer.Common.Domain.UnitTest.dll" adapterTypeName="executor://mstestadapter/v2" className="VideoOS.EventServer.Common.Domain.UnitTest.TokenValidationTest" name="TestConstructor" />
    </UnitTest>
    <UnitTest name="GetEventSourceFromRestResource_ReturnsNull_WhenInputIsWrongFormat (resource1/resource2/resource3/resource4/6321B9C7-9FB9-4A2C-A2FA-DA2E1105C0E9)" storage="d:\actions-runner\_work\xpco\xpco\eventserver\server\components\central\videoos.eventserver.common.domain.unittest\bin\debug\net472\videoos.eventserver.common.domain.unittest.dll" id="3a1f4c3f-822b-7d44-f0ec-6424ae450630">
      <Execution id="ea2a9b7d-a769-446f-801e-ee28941e0e6b" />
      <TestMethod codeBase="D:\actions-runner\_work\XPCO\XPCO\EventServer\Server\Components\Central\VideoOS.EventServer.Common.Domain.UnitTest\bin\Debug\net472\VideoOS.EventServer.Common.Domain.UnitTest.dll" adapterTypeName="executor://mstestadapter/v2" className="VideoOS.EventServer.Common.Infrastructure.UnitTest.RestResources.RestResourceConverterTest" name="GetEventSourceFromRestResource_ReturnsNull_WhenInputIsWrongFormat" />
    </UnitTest>
    <UnitTest name="Given_SourceKindUnknown_When_Converting_OutputIsMipkindsSlashkKindIdSLashMipItemsSlashSourceId" storage="d:\actions-runner\_work\xpco\xpco\eventserver\server\components\central\videoos.eventserver.common.domain.unittest\bin\debug\net472\videoos.eventserver.common.domain.unittest.dll" id="e42f811f-13fa-faf4-cfc5-af7c8f40b97d">
      <Execution id="f85df7c6-0565-4e66-9774-ee67f4ef9396" />
      <TestMethod codeBase="D:\actions-runner\_work\XPCO\XPCO\EventServer\Server\Components\Central\VideoOS.EventServer.Common.Domain.UnitTest\bin\Debug\net472\VideoOS.EventServer.Common.Domain.UnitTest.dll" adapterTypeName="executor://mstestadapter/v2" className="VideoOS.EventServer.Common.Infrastructure.UnitTest.RestResources.RestResourceConverterTest" name="Given_SourceKindUnknown_When_Converting_OutputIsMipkindsSlashkKindIdSLashMipItemsSlashSourceId" />
    </UnitTest>
    <UnitTest name="GetEventSourceFromRestResource_ReturnsNull_WhenInputIsWrongFormat (resource1/resource2/resource3/828CDFC8-D728-4E83-A72F-D14709FBDA5)" storage="d:\actions-runner\_work\xpco\xpco\eventserver\server\components\central\videoos.eventserver.common.domain.unittest\bin\debug\net472\videoos.eventserver.common.domain.unittest.dll" id="ed80d7ef-3acb-bb5a-d38c-8bbcc0e9a5a2">
      <Execution id="4703e652-c7dc-445f-8529-683cb6400dd4" />
      <TestMethod codeBase="D:\actions-runner\_work\XPCO\XPCO\EventServer\Server\Components\Central\VideoOS.EventServer.Common.Domain.UnitTest\bin\Debug\net472\VideoOS.EventServer.Common.Domain.UnitTest.dll" adapterTypeName="executor://mstestadapter/v2" className="VideoOS.EventServer.Common.Infrastructure.UnitTest.RestResources.RestResourceConverterTest" name="GetEventSourceFromRestResource_ReturnsNull_WhenInputIsWrongFormat" />
    </UnitTest>
    <UnitTest name="TestIsInternalSidABasicUserSidMinimal" storage="d:\actions-runner\_work\xpco\xpco\eventserver\server\components\central\videoos.eventserver.common.domain.unittest\bin\debug\net472\videoos.eventserver.common.domain.unittest.dll" id="eaf4b435-5c07-cd6f-15cc-5e0db9d61d5d">
      <Execution id="4f101fc5-8b1f-436d-b534-1e9e10900041" />
      <TestMethod codeBase="D:\actions-runner\_work\XPCO\XPCO\EventServer\Server\Components\Central\VideoOS.EventServer.Common.Domain.UnitTest\bin\Debug\net472\VideoOS.EventServer.Common.Domain.UnitTest.dll" adapterTypeName="executor://mstestadapter/v2" className="VideoOS.EventServer.Common.Domain.UnitTest.UserValidation.InternalSIDTest" name="TestIsInternalSidABasicUserSidMinimal" />
    </UnitTest>
    <UnitTest name="TestCreateBasicUserInternalSid" storage="d:\actions-runner\_work\xpco\xpco\eventserver\server\components\central\videoos.eventserver.common.domain.unittest\bin\debug\net472\videoos.eventserver.common.domain.unittest.dll" id="9ac8edc4-fc0f-1d35-ec4c-d5d95c913e3e">
      <Execution id="41a1ac4b-ce7f-46d4-99fb-fa232d383750" />
      <TestMethod codeBase="D:\actions-runner\_work\XPCO\XPCO\EventServer\Server\Components\Central\VideoOS.EventServer.Common.Domain.UnitTest\bin\Debug\net472\VideoOS.EventServer.Common.Domain.UnitTest.dll" adapterTypeName="executor://mstestadapter/v2" className="VideoOS.EventServer.Common.Domain.UnitTest.UserValidation.InternalSIDTest" name="TestCreateBasicUserInternalSid" />
    </UnitTest>
    <UnitTest name="Given_SourceKindCamera_When_Converting_OutputIsCamerasSlashSourceId" storage="d:\actions-runner\_work\xpco\xpco\eventserver\server\components\central\videoos.eventserver.common.domain.unittest\bin\debug\net472\videoos.eventserver.common.domain.unittest.dll" id="720defcb-3d81-d250-9e1c-6bd1f007c81f">
      <Execution id="4da56ead-2e25-42c0-8184-5b99b4edb04f" />
      <TestMethod codeBase="D:\actions-runner\_work\XPCO\XPCO\EventServer\Server\Components\Central\VideoOS.EventServer.Common.Domain.UnitTest\bin\Debug\net472\VideoOS.EventServer.Common.Domain.UnitTest.dll" adapterTypeName="executor://mstestadapter/v2" className="VideoOS.EventServer.Common.Infrastructure.UnitTest.RestResources.RestResourceConverterTest" name="Given_SourceKindCamera_When_Converting_OutputIsCamerasSlashSourceId" />
    </UnitTest>
    <UnitTest name="GetEventSourceFromRestResource_ReturnsNull_WhenInputIsNullEmptyString ( )" storage="d:\actions-runner\_work\xpco\xpco\eventserver\server\components\central\videoos.eventserver.common.domain.unittest\bin\debug\net472\videoos.eventserver.common.domain.unittest.dll" id="fa78b976-0256-1726-4d98-674ea96bc744">
      <Execution id="051ab0ba-7d1f-4bd3-891a-75e6820ab795" />
      <TestMethod codeBase="D:\actions-runner\_work\XPCO\XPCO\EventServer\Server\Components\Central\VideoOS.EventServer.Common.Domain.UnitTest\bin\Debug\net472\VideoOS.EventServer.Common.Domain.UnitTest.dll" adapterTypeName="executor://mstestadapter/v2" className="VideoOS.EventServer.Common.Infrastructure.UnitTest.RestResources.RestResourceConverterTest" name="GetEventSourceFromRestResource_ReturnsNull_WhenInputIsNullEmptyString" />
    </UnitTest>
    <UnitTest name="TestValidate" storage="d:\actions-runner\_work\xpco\xpco\eventserver\server\components\central\videoos.eventserver.common.domain.unittest\bin\debug\net472\videoos.eventserver.common.domain.unittest.dll" id="1b3a9f82-619d-3788-4f63-a2b81a0b3690">
      <Execution id="00d2b2ac-014f-4d2e-a936-b5c164bcf2a3" />
      <TestMethod codeBase="D:\actions-runner\_work\XPCO\XPCO\EventServer\Server\Components\Central\VideoOS.EventServer.Common.Domain.UnitTest\bin\Debug\net472\VideoOS.EventServer.Common.Domain.UnitTest.dll" adapterTypeName="executor://mstestadapter/v2" className="VideoOS.EventServer.Common.Domain.UnitTest.NoValidationTest" name="TestValidate" />
    </UnitTest>
    <UnitTest name="Given_SourceKindBuiltin_When_Converting_OutputIsKindGuidSlashSourceId" storage="d:\actions-runner\_work\xpco\xpco\eventserver\server\components\central\videoos.eventserver.common.domain.unittest\bin\debug\net472\videoos.eventserver.common.domain.unittest.dll" id="127553a0-01d5-4d27-0154-27b85e95b753">
      <Execution id="92943ed8-7008-4db6-80a1-2ae957c5de17" />
      <TestMethod codeBase="D:\actions-runner\_work\XPCO\XPCO\EventServer\Server\Components\Central\VideoOS.EventServer.Common.Domain.UnitTest\bin\Debug\net472\VideoOS.EventServer.Common.Domain.UnitTest.dll" adapterTypeName="executor://mstestadapter/v2" className="VideoOS.EventServer.Common.Infrastructure.UnitTest.RestResources.RestResourceConverterTest" name="Given_SourceKindBuiltin_When_Converting_OutputIsKindGuidSlashSourceId" />
    </UnitTest>
    <UnitTest name="TestCreateAccessControlSid" storage="d:\actions-runner\_work\xpco\xpco\eventserver\server\components\central\videoos.eventserver.common.domain.unittest\bin\debug\net472\videoos.eventserver.common.domain.unittest.dll" id="a3a3b2b3-1db0-96dd-0759-635fd78a4f1a">
      <Execution id="0345a417-7b1c-417b-a41c-db5b390d409e" />
      <TestMethod codeBase="D:\actions-runner\_work\XPCO\XPCO\EventServer\Server\Components\Central\VideoOS.EventServer.Common.Domain.UnitTest\bin\Debug\net472\VideoOS.EventServer.Common.Domain.UnitTest.dll" adapterTypeName="executor://mstestadapter/v2" className="VideoOS.EventServer.Common.Domain.UnitTest.UserValidation.InternalSIDTest" name="TestCreateAccessControlSid" />
    </UnitTest>
    <UnitTest name="Given_SourceKindServerServerIdIsManagementServer_When_Converting_OutputIsSitesSlashSourceId" storage="d:\actions-runner\_work\xpco\xpco\eventserver\server\components\central\videoos.eventserver.common.domain.unittest\bin\debug\net472\videoos.eventserver.common.domain.unittest.dll" id="bb3a5fc1-9522-7397-f6db-45a8a1a56af1">
      <Execution id="9df2353d-28a1-4056-bd5e-a4093deab43c" />
      <TestMethod codeBase="D:\actions-runner\_work\XPCO\XPCO\EventServer\Server\Components\Central\VideoOS.EventServer.Common.Domain.UnitTest\bin\Debug\net472\VideoOS.EventServer.Common.Domain.UnitTest.dll" adapterTypeName="executor://mstestadapter/v2" className="VideoOS.EventServer.Common.Infrastructure.UnitTest.RestResources.RestResourceConverterTest" name="Given_SourceKindServerServerIdIsManagementServer_When_Converting_OutputIsSitesSlashSourceId" />
    </UnitTest>
    <UnitTest name="GetEventSourceFromRestResource_ReturnsValidEventSource_WhenInputIsCorrect" storage="d:\actions-runner\_work\xpco\xpco\eventserver\server\components\central\videoos.eventserver.common.domain.unittest\bin\debug\net472\videoos.eventserver.common.domain.unittest.dll" id="f90e980f-2380-337d-96b4-0f4226dba9e4">
      <Execution id="e9d5a692-8631-4819-9320-149628e8ff4c" />
      <TestMethod codeBase="D:\actions-runner\_work\XPCO\XPCO\EventServer\Server\Components\Central\VideoOS.EventServer.Common.Domain.UnitTest\bin\Debug\net472\VideoOS.EventServer.Common.Domain.UnitTest.dll" adapterTypeName="executor://mstestadapter/v2" className="VideoOS.EventServer.Common.Infrastructure.UnitTest.RestResources.RestResourceConverterTest" name="GetEventSourceFromRestResource_ReturnsValidEventSource_WhenInputIsCorrect" />
    </UnitTest>
    <UnitTest name="TestIsInternalSidWithNull" storage="d:\actions-runner\_work\xpco\xpco\eventserver\server\components\central\videoos.eventserver.common.domain.unittest\bin\debug\net472\videoos.eventserver.common.domain.unittest.dll" id="5a76c15b-ad1b-b4ff-bd0e-e24dded2dcda">
      <Execution id="d75e5bf1-80a9-4824-8f27-eed755b10d3f" />
      <TestMethod codeBase="D:\actions-runner\_work\XPCO\XPCO\EventServer\Server\Components\Central\VideoOS.EventServer.Common.Domain.UnitTest\bin\Debug\net472\VideoOS.EventServer.Common.Domain.UnitTest.dll" adapterTypeName="executor://mstestadapter/v2" className="VideoOS.EventServer.Common.Domain.UnitTest.UserValidation.InternalSIDTest" name="TestIsInternalSidWithNull" />
    </UnitTest>
    <UnitTest name="GetEventSourceFromRestResource_ReturnsNull_WhenInputIsWrongFormat (cameras\2BE1DB75-C6D2-4EDA-904C-AC176F2E4E96)" storage="d:\actions-runner\_work\xpco\xpco\eventserver\server\components\central\videoos.eventserver.common.domain.unittest\bin\debug\net472\videoos.eventserver.common.domain.unittest.dll" id="35918daa-b468-4e0b-6467-60d63ca72d2f">
      <Execution id="afa57a41-744d-4ee1-904d-f34a2a8ed6e1" />
      <TestMethod codeBase="D:\actions-runner\_work\XPCO\XPCO\EventServer\Server\Components\Central\VideoOS.EventServer.Common.Domain.UnitTest\bin\Debug\net472\VideoOS.EventServer.Common.Domain.UnitTest.dll" adapterTypeName="executor://mstestadapter/v2" className="VideoOS.EventServer.Common.Infrastructure.UnitTest.RestResources.RestResourceConverterTest" name="GetEventSourceFromRestResource_ReturnsNull_WhenInputIsWrongFormat" />
    </UnitTest>
    <UnitTest name="Given_SourceKindServerServerIdNotKnown_When_Converting_OutputIsServersSlashSourceId" storage="d:\actions-runner\_work\xpco\xpco\eventserver\server\components\central\videoos.eventserver.common.domain.unittest\bin\debug\net472\videoos.eventserver.common.domain.unittest.dll" id="e0c35eb1-fbda-d94d-3a69-429e74a6fb0c">
      <Execution id="5dce8351-ec9a-4cc1-beea-99a713a823e3" />
      <TestMethod codeBase="D:\actions-runner\_work\XPCO\XPCO\EventServer\Server\Components\Central\VideoOS.EventServer.Common.Domain.UnitTest\bin\Debug\net472\VideoOS.EventServer.Common.Domain.UnitTest.dll" adapterTypeName="executor://mstestadapter/v2" className="VideoOS.EventServer.Common.Infrastructure.UnitTest.RestResources.RestResourceConverterTest" name="Given_SourceKindServerServerIdNotKnown_When_Converting_OutputIsServersSlashSourceId" />
    </UnitTest>
    <UnitTest name="TestGetUserNameFromInternalSid" storage="d:\actions-runner\_work\xpco\xpco\eventserver\server\components\central\videoos.eventserver.common.domain.unittest\bin\debug\net472\videoos.eventserver.common.domain.unittest.dll" id="dbf8d8e2-ae89-ffe4-efae-890cca060c85">
      <Execution id="1b9e0fef-d286-4781-b618-64f279ecfd88" />
      <TestMethod codeBase="D:\actions-runner\_work\XPCO\XPCO\EventServer\Server\Components\Central\VideoOS.EventServer.Common.Domain.UnitTest\bin\Debug\net472\VideoOS.EventServer.Common.Domain.UnitTest.dll" adapterTypeName="executor://mstestadapter/v2" className="VideoOS.EventServer.Common.Domain.UnitTest.UserValidation.InternalSIDTest" name="TestGetUserNameFromInternalSid" />
    </UnitTest>
    <UnitTest name="TestValidateWithInvalidToken" storage="d:\actions-runner\_work\xpco\xpco\eventserver\server\components\central\videoos.eventserver.common.domain.unittest\bin\debug\net472\videoos.eventserver.common.domain.unittest.dll" id="8e910ac0-4390-50a4-8111-cb4e682ab1c1">
      <Execution id="332fb18b-cac2-4b1f-87eb-2d3545fb1233" />
      <TestMethod codeBase="D:\actions-runner\_work\XPCO\XPCO\EventServer\Server\Components\Central\VideoOS.EventServer.Common.Domain.UnitTest\bin\Debug\net472\VideoOS.EventServer.Common.Domain.UnitTest.dll" adapterTypeName="executor://mstestadapter/v2" className="VideoOS.EventServer.Common.Domain.UnitTest.TokenValidationTest" name="TestValidateWithInvalidToken" />
    </UnitTest>
    <UnitTest name="Converter_ReturnsResource_WhenUserDefinedEvent" storage="d:\actions-runner\_work\xpco\xpco\eventserver\server\components\central\videoos.eventserver.common.domain.unittest\bin\debug\net472\videoos.eventserver.common.domain.unittest.dll" id="ac790b5a-3630-bd89-3c6b-3c79cbd71a7f">
      <Execution id="967f15f6-d03f-4e32-81f8-e2a307a153a2" />
      <TestMethod codeBase="D:\actions-runner\_work\XPCO\XPCO\EventServer\Server\Components\Central\VideoOS.EventServer.Common.Domain.UnitTest\bin\Debug\net472\VideoOS.EventServer.Common.Domain.UnitTest.dll" adapterTypeName="executor://mstestadapter/v2" className="VideoOS.EventServer.Common.Infrastructure.UnitTest.RestResources.RestResourceConverterTest" name="Converter_ReturnsResource_WhenUserDefinedEvent" />
    </UnitTest>
    <UnitTest name="TestIsInternalSidABasicUserSid" storage="d:\actions-runner\_work\xpco\xpco\eventserver\server\components\central\videoos.eventserver.common.domain.unittest\bin\debug\net472\videoos.eventserver.common.domain.unittest.dll" id="73088c1d-60f5-4fb8-506d-42494d70aa2e">
      <Execution id="4226f759-9b82-48af-af4c-ef7d3453fcc6" />
      <TestMethod codeBase="D:\actions-runner\_work\XPCO\XPCO\EventServer\Server\Components\Central\VideoOS.EventServer.Common.Domain.UnitTest\bin\Debug\net472\VideoOS.EventServer.Common.Domain.UnitTest.dll" adapterTypeName="executor://mstestadapter/v2" className="VideoOS.EventServer.Common.Domain.UnitTest.UserValidation.InternalSIDTest" name="TestIsInternalSidABasicUserSid" />
    </UnitTest>
    <UnitTest name="GetEventSourceFromRestResource_ReturnsNull_WhenInputIsWrongFormat (bahur/7652A98E-D044-48CB-BCCD-5A3ABD9BD552)" storage="d:\actions-runner\_work\xpco\xpco\eventserver\server\components\central\videoos.eventserver.common.domain.unittest\bin\debug\net472\videoos.eventserver.common.domain.unittest.dll" id="303d385e-a5d5-8905-4d3c-8c9238bfc475">
      <Execution id="23feaaf1-54ab-47df-9b64-943a4d1811ac" />
      <TestMethod codeBase="D:\actions-runner\_work\XPCO\XPCO\EventServer\Server\Components\Central\VideoOS.EventServer.Common.Domain.UnitTest\bin\Debug\net472\VideoOS.EventServer.Common.Domain.UnitTest.dll" adapterTypeName="executor://mstestadapter/v2" className="VideoOS.EventServer.Common.Infrastructure.UnitTest.RestResources.RestResourceConverterTest" name="GetEventSourceFromRestResource_ReturnsNull_WhenInputIsWrongFormat" />
    </UnitTest>
    <UnitTest name="TestIsInternalSidWithFalseResult" storage="d:\actions-runner\_work\xpco\xpco\eventserver\server\components\central\videoos.eventserver.common.domain.unittest\bin\debug\net472\videoos.eventserver.common.domain.unittest.dll" id="4237c57a-bf2a-9cf6-b825-98e232071713">
      <Execution id="65d68fb9-db06-4829-8480-6d4c175b6b81" />
      <TestMethod codeBase="D:\actions-runner\_work\XPCO\XPCO\EventServer\Server\Components\Central\VideoOS.EventServer.Common.Domain.UnitTest\bin\Debug\net472\VideoOS.EventServer.Common.Domain.UnitTest.dll" adapterTypeName="executor://mstestadapter/v2" className="VideoOS.EventServer.Common.Domain.UnitTest.UserValidation.InternalSIDTest" name="TestIsInternalSidWithFalseResult" />
    </UnitTest>
    <UnitTest name="GetEventSourceFromRestResource_ReturnsNull_WhenInputIsWrongFormat (resource1/resource2/141FD3EA-7EB9-486A-9704-A0643E3AB99A)" storage="d:\actions-runner\_work\xpco\xpco\eventserver\server\components\central\videoos.eventserver.common.domain.unittest\bin\debug\net472\videoos.eventserver.common.domain.unittest.dll" id="4a84b57f-02bf-fe4c-ee6c-46717956ff9e">
      <Execution id="ea491357-ef71-4aa7-b02d-51f8e0f26adc" />
      <TestMethod codeBase="D:\actions-runner\_work\XPCO\XPCO\EventServer\Server\Components\Central\VideoOS.EventServer.Common.Domain.UnitTest\bin\Debug\net472\VideoOS.EventServer.Common.Domain.UnitTest.dll" adapterTypeName="executor://mstestadapter/v2" className="VideoOS.EventServer.Common.Infrastructure.UnitTest.RestResources.RestResourceConverterTest" name="GetEventSourceFromRestResource_ReturnsNull_WhenInputIsWrongFormat" />
    </UnitTest>
    <UnitTest name="GetEventSourceFromRestResource_ReturnsNull_WhenInputIsNullEmptyString ()" storage="d:\actions-runner\_work\xpco\xpco\eventserver\server\components\central\videoos.eventserver.common.domain.unittest\bin\debug\net472\videoos.eventserver.common.domain.unittest.dll" id="10e7f57a-f727-d66a-3667-2965eae96403">
      <Execution id="e241f0d7-a0b0-4853-96b3-5c4d5b74b739" />
      <TestMethod codeBase="D:\actions-runner\_work\XPCO\XPCO\EventServer\Server\Components\Central\VideoOS.EventServer.Common.Domain.UnitTest\bin\Debug\net472\VideoOS.EventServer.Common.Domain.UnitTest.dll" adapterTypeName="executor://mstestadapter/v2" className="VideoOS.EventServer.Common.Infrastructure.UnitTest.RestResources.RestResourceConverterTest" name="GetEventSourceFromRestResource_ReturnsNull_WhenInputIsNullEmptyString" />
    </UnitTest>
  </TestDefinitions>
  <TestEntries>
    <TestEntry testId="4237c57a-bf2a-9cf6-b825-98e232071713" executionId="65d68fb9-db06-4829-8480-6d4c175b6b81" testListId="8c84fa94-04c1-424b-9868-57a2d4851a1d" />
    <TestEntry testId="e42f811f-13fa-faf4-cfc5-af7c8f40b97d" executionId="f85df7c6-0565-4e66-9774-ee67f4ef9396" testListId="8c84fa94-04c1-424b-9868-57a2d4851a1d" />
    <TestEntry testId="eaf4b435-5c07-cd6f-15cc-5e0db9d61d5d" executionId="4f101fc5-8b1f-436d-b534-1e9e10900041" testListId="8c84fa94-04c1-424b-9868-57a2d4851a1d" />
    <TestEntry testId="f90e980f-2380-337d-96b4-0f4226dba9e4" executionId="e9d5a692-8631-4819-9320-149628e8ff4c" testListId="8c84fa94-04c1-424b-9868-57a2d4851a1d" />
    <TestEntry testId="10e7f57a-f727-d66a-3667-2965eae96403" executionId="e241f0d7-a0b0-4853-96b3-5c4d5b74b739" testListId="8c84fa94-04c1-424b-9868-57a2d4851a1d" />
    <TestEntry testId="1b3a9f82-619d-3788-4f63-a2b81a0b3690" executionId="00d2b2ac-014f-4d2e-a936-b5c164bcf2a3" testListId="8c84fa94-04c1-424b-9868-57a2d4851a1d" />
    <TestEntry testId="3a1f4c3f-822b-7d44-f0ec-6424ae450630" executionId="ea2a9b7d-a769-446f-801e-ee28941e0e6b" testListId="8c84fa94-04c1-424b-9868-57a2d4851a1d" />
    <TestEntry testId="a3a3b2b3-1db0-96dd-0759-635fd78a4f1a" executionId="0345a417-7b1c-417b-a41c-db5b390d409e" testListId="8c84fa94-04c1-424b-9868-57a2d4851a1d" />
    <TestEntry testId="ed80d7ef-3acb-bb5a-d38c-8bbcc0e9a5a2" executionId="4703e652-c7dc-445f-8529-683cb6400dd4" testListId="8c84fa94-04c1-424b-9868-57a2d4851a1d" />
    <TestEntry testId="73088c1d-60f5-4fb8-506d-42494d70aa2e" executionId="4226f759-9b82-48af-af4c-ef7d3453fcc6" testListId="8c84fa94-04c1-424b-9868-57a2d4851a1d" />
    <TestEntry testId="fa78b976-0256-1726-4d98-674ea96bc744" executionId="051ab0ba-7d1f-4bd3-891a-75e6820ab795" testListId="8c84fa94-04c1-424b-9868-57a2d4851a1d" />
    <TestEntry testId="bb3a5fc1-9522-7397-f6db-45a8a1a56af1" executionId="9df2353d-28a1-4056-bd5e-a4093deab43c" testListId="8c84fa94-04c1-424b-9868-57a2d4851a1d" />
    <TestEntry testId="ac790b5a-3630-bd89-3c6b-3c79cbd71a7f" executionId="967f15f6-d03f-4e32-81f8-e2a307a153a2" testListId="8c84fa94-04c1-424b-9868-57a2d4851a1d" />
    <TestEntry testId="b0e878a1-2a9d-4d13-4573-7803c7352b4a" executionId="c0f13d57-ac19-4120-84b6-18a65a62e25b" testListId="8c84fa94-04c1-424b-9868-57a2d4851a1d" />
    <TestEntry testId="720defcb-3d81-d250-9e1c-6bd1f007c81f" executionId="4da56ead-2e25-42c0-8184-5b99b4edb04f" testListId="8c84fa94-04c1-424b-9868-57a2d4851a1d" />
    <TestEntry testId="dbf8d8e2-ae89-ffe4-efae-890cca060c85" executionId="1b9e0fef-d286-4781-b618-64f279ecfd88" testListId="8c84fa94-04c1-424b-9868-57a2d4851a1d" />
    <TestEntry testId="127553a0-01d5-4d27-0154-27b85e95b753" executionId="92943ed8-7008-4db6-80a1-2ae957c5de17" testListId="8c84fa94-04c1-424b-9868-57a2d4851a1d" />
    <TestEntry testId="e0c35eb1-fbda-d94d-3a69-429e74a6fb0c" executionId="5dce8351-ec9a-4cc1-beea-99a713a823e3" testListId="8c84fa94-04c1-424b-9868-57a2d4851a1d" />
    <TestEntry testId="4a84b57f-02bf-fe4c-ee6c-46717956ff9e" executionId="ea491357-ef71-4aa7-b02d-51f8e0f26adc" testListId="8c84fa94-04c1-424b-9868-57a2d4851a1d" />
    <TestEntry testId="8e910ac0-4390-50a4-8111-cb4e682ab1c1" executionId="332fb18b-cac2-4b1f-87eb-2d3545fb1233" testListId="8c84fa94-04c1-424b-9868-57a2d4851a1d" />
    <TestEntry testId="35918daa-b468-4e0b-6467-60d63ca72d2f" executionId="afa57a41-744d-4ee1-904d-f34a2a8ed6e1" testListId="8c84fa94-04c1-424b-9868-57a2d4851a1d" />
    <TestEntry testId="5f47fb14-3495-285f-dce9-a2c11e2c16ea" executionId="a80342f4-fc42-4184-b10f-ed6558a03f1e" testListId="8c84fa94-04c1-424b-9868-57a2d4851a1d" />
    <TestEntry testId="9ac8edc4-fc0f-1d35-ec4c-d5d95c913e3e" executionId="41a1ac4b-ce7f-46d4-99fb-fa232d383750" testListId="8c84fa94-04c1-424b-9868-57a2d4851a1d" />
    <TestEntry testId="57972347-90c7-eabd-1826-d187be8cdb09" executionId="9ef518f3-dc98-4b51-bd9a-c7c51475517d" testListId="8c84fa94-04c1-424b-9868-57a2d4851a1d" />
    <TestEntry testId="f6a099c5-608a-629c-5eb3-245a24ea88b5" executionId="3c7aecf7-6741-476c-a0bb-91bf77457297" testListId="8c84fa94-04c1-424b-9868-57a2d4851a1d" />
    <TestEntry testId="ab75a0b8-e902-a8f7-87ca-6082fff03631" executionId="be7963e6-a05f-46f3-8575-a05e968c062c" testListId="8c84fa94-04c1-424b-9868-57a2d4851a1d" />
    <TestEntry testId="5a76c15b-ad1b-b4ff-bd0e-e24dded2dcda" executionId="d75e5bf1-80a9-4824-8f27-eed755b10d3f" testListId="8c84fa94-04c1-424b-9868-57a2d4851a1d" />
    <TestEntry testId="303d385e-a5d5-8905-4d3c-8c9238bfc475" executionId="23feaaf1-54ab-47df-9b64-943a4d1811ac" testListId="8c84fa94-04c1-424b-9868-57a2d4851a1d" />
    <TestEntry testId="41be8357-ef2b-9766-8e6b-a8f96d411b90" executionId="87a7bc20-6657-4cca-a2e9-f2c4947739a6" testListId="8c84fa94-04c1-424b-9868-57a2d4851a1d" />
  </TestEntries>
  <TestLists>
    <TestList name="Results Not in a List" id="8c84fa94-04c1-424b-9868-57a2d4851a1d" />
    <TestList name="All Loaded Results" id="19431567-8539-422a-85d7-44ee4e166bda" />
  </TestLists>
  <ResultSummary outcome="Completed">
    <Counters total="29" executed="29" passed="29" failed="0" error="0" timeout="0" aborted="0" inconclusive="0" passedButRunAborted="0" notRunnable="0" notExecuted="0" disconnected="0" warning="0" completed="0" inProgress="0" pending="0" />
  </ResultSummary>
</TestRun>