<?xml version="1.0" encoding="utf-8"?>
<TestRun id="d18966e2-7c7f-4869-9098-0878091f71bb" name="DKSR-EFI-06$@DKSR-EFI-06 2024-01-09 15:44:08" runUser="NT AUTHORITY\NETWORK SERVICE" xmlns="http://microsoft.com/schemas/VisualStudio/TeamTest/2010">
  <Times creation="2024-01-09T15:44:08.0917696+01:00" queuing="2024-01-09T15:44:08.0917696+01:00" start="2024-01-09T15:44:05.9980136+01:00" finish="2024-01-09T15:44:19.3886780+01:00" />
  <TestSettings name="default" id="255d7595-3aa0-4185-b872-b0f24d550691">
    <Deployment runDeploymentRoot="DKSR-EFI-06$_DKSR-EFI-06_2024-01-09_15_44_08" />
  </TestSettings>
  <Results>
    <UnitTestResult executionId="eb74f193-53c1-4c79-a808-e966931b7a4d" testId="058042de-203d-28bc-0342-0a160fb1e246" testName="SelectedIntervalOption_CustomIntervalSelected_CustomIntervalExpected" computerName="DKSR-EFI-06" duration="00:00:00.0010000" startTime="2024-01-09T15:44:18.0000000+01:00" endTime="2024-01-09T15:44:18.0000000+01:00" testType="13cdc9d9-ddb5-4fa4-a97d-d965ccfc6d4b" outcome="Passed" testListId="8c84fa94-04c1-424b-9868-57a2d4851a1d" relativeResultsDirectory="eb74f193-53c1-4c79-a808-e966931b7a4d" />
    <UnitTestResult executionId="e80f9c3f-ca17-4565-acfd-6a1e7bfc85f4" testId="316c1a7a-aaa1-6128-95b7-a1c72a6f9ca7" testName="ConvertPlatFormWarningDevice_To_ErrorDeviceModel_Single_ErrorDevice_Returned(6,AlreadyInRestrictedLiveMode)" computerName="DKSR-EFI-06" duration="00:00:00.0000001" startTime="2024-01-09T15:44:09.0000000+01:00" endTime="2024-01-09T15:44:09.0000000+01:00" testType="13cdc9d9-ddb5-4fa4-a97d-d965ccfc6d4b" outcome="Passed" testListId="8c84fa94-04c1-424b-9868-57a2d4851a1d" relativeResultsDirectory="e80f9c3f-ca17-4565-acfd-6a1e7bfc85f4" />
    <UnitTestResult executionId="7869fe60-ac48-4c10-a82c-7ae935c926ca" testId="c54b3424-0095-1961-35ff-59cb2b2ab0cb" testName="ActionButtonsDisabled_When_BothLiveAndPlaybackSelected" computerName="DKSR-EFI-06" duration="00:00:00.1420000" startTime="2024-01-09T15:44:12.0000000+01:00" endTime="2024-01-09T15:44:12.0000000+01:00" testType="13cdc9d9-ddb5-4fa4-a97d-d965ccfc6d4b" outcome="Passed" testListId="8c84fa94-04c1-424b-9868-57a2d4851a1d" relativeResultsDirectory="7869fe60-ac48-4c10-a82c-7ae935c926ca" />
    <UnitTestResult executionId="866197f8-dda9-438f-97a2-c069782c4aee" testId="33dd8e13-56ba-a2d0-2ef4-3066505e940e" testName="Set_SelectedRestrictionTypeOption_Without_Refresh" computerName="DKSR-EFI-06" duration="00:00:00.0020000" startTime="2024-01-09T15:44:16.0000000+01:00" endTime="2024-01-09T15:44:16.0000000+01:00" testType="13cdc9d9-ddb5-4fa4-a97d-d965ccfc6d4b" outcome="Passed" testListId="8c84fa94-04c1-424b-9868-57a2d4851a1d" relativeResultsDirectory="866197f8-dda9-438f-97a2-c069782c4aee" />
    <UnitTestResult executionId="d94a16f2-9567-4af6-9cb7-5314ed7918b5" testId="02ab4a58-ad7c-065e-e2b0-6e9437fed35f" testName="ConvertPlatFormFaultDevice_To_PluginErrorDevice_Single_ErrorDeviceModel_GetItem_Returns_Null(5,RestrictedMediasNotSupported)" computerName="DKSR-EFI-06" duration="00:00:00.0000001" startTime="2024-01-09T15:44:09.0000000+01:00" endTime="2024-01-09T15:44:09.0000000+01:00" testType="13cdc9d9-ddb5-4fa4-a97d-d965ccfc6d4b" outcome="Passed" testListId="8c84fa94-04c1-424b-9868-57a2d4851a1d" relativeResultsDirectory="d94a16f2-9567-4af6-9cb7-5314ed7918b5" />
    <UnitTestResult executionId="58049e93-74e9-4070-9924-26bd0ba8fd65" testId="fb18a414-d9a5-3665-4312-78984c2486d7" testName="RestrictedMediaCreatePlaybackViewModel_ConstructorTests_Success" computerName="DKSR-EFI-06" duration="00:00:00.0010000" startTime="2024-01-09T15:44:11.0000000+01:00" endTime="2024-01-09T15:44:11.0000000+01:00" testType="13cdc9d9-ddb5-4fa4-a97d-d965ccfc6d4b" outcome="Passed" testListId="8c84fa94-04c1-424b-9868-57a2d4851a1d" relativeResultsDirectory="58049e93-74e9-4070-9924-26bd0ba8fd65" />
    <UnitTestResult executionId="16b5a472-f3bb-44f7-95e1-bd0fefcb59b9" testId="5b20a2e4-9175-5764-3a82-88d23f528e32" testName="RestrictedMediaEditPlaybackProgressViewModel_ConstructorTests_DevicesMultipleSite_ArgumentException" computerName="DKSR-EFI-06" duration="00:00:00.0270000" startTime="2024-01-09T15:44:10.0000000+01:00" endTime="2024-01-09T15:44:10.0000000+01:00" testType="13cdc9d9-ddb5-4fa4-a97d-d965ccfc6d4b" outcome="Passed" testListId="8c84fa94-04c1-424b-9868-57a2d4851a1d" relativeResultsDirectory="16b5a472-f3bb-44f7-95e1-bd0fefcb59b9" />
    <UnitTestResult executionId="857e41b8-1f96-477c-b640-2a26f1517821" testId="673c55b8-264c-6ffe-7764-980c00bffec0" testName="RestrictedMediaCreateLiveViewModel_CreateCommand_ValidationSuccesss_FutureTimeSelected" computerName="DKSR-EFI-06" duration="00:00:00.0040000" startTime="2024-01-09T15:44:11.0000000+01:00" endTime="2024-01-09T15:44:11.0000000+01:00" testType="13cdc9d9-ddb5-4fa4-a97d-d965ccfc6d4b" outcome="Passed" testListId="8c84fa94-04c1-424b-9868-57a2d4851a1d" relativeResultsDirectory="857e41b8-1f96-477c-b640-2a26f1517821" />
    <UnitTestResult executionId="fe62c11b-ae03-439a-9ba7-98cf70ad20f0" testId="a6050429-1791-f48d-d462-ac5c74e9d2d1" testName="CreateAtComboBoxModel_SelectIntervalOptions_ListOfFiveOptions" computerName="DKSR-EFI-06" duration="00:00:00.0050000" startTime="2024-01-09T15:44:13.0000000+01:00" endTime="2024-01-09T15:44:13.0000000+01:00" testType="13cdc9d9-ddb5-4fa4-a97d-d965ccfc6d4b" outcome="Passed" testListId="8c84fa94-04c1-424b-9868-57a2d4851a1d" relativeResultsDirectory="fe62c11b-ae03-439a-9ba7-98cf70ad20f0" />
    <UnitTestResult executionId="d6435174-91e7-4eb6-8889-d33365192deb" testId="23c59fc6-e1a7-dc88-6b83-391cddf76740" testName="ConvertPlatFormFaultDevice_To_PluginErrorDevice_Single_ErrorDeviceModel_GetItem_Returns_Null(6,AlreadyInRestrictedLiveMode)" computerName="DKSR-EFI-06" duration="00:00:00.0000001" startTime="2024-01-09T15:44:09.0000000+01:00" endTime="2024-01-09T15:44:09.0000000+01:00" testType="13cdc9d9-ddb5-4fa4-a97d-d965ccfc6d4b" outcome="Passed" testListId="8c84fa94-04c1-424b-9868-57a2d4851a1d" relativeResultsDirectory="d6435174-91e7-4eb6-8889-d33365192deb" />
    <UnitTestResult executionId="53c40350-05dd-44c0-a455-b2ab992010cf" testId="b6272aea-a7e3-2be6-702b-7cbdb87c815f" testName="RestrictedMediaEditLiveViewModel_DoActionCommand_LaunchFlow_Successs" computerName="DKSR-EFI-06" duration="00:00:00.0030000" startTime="2024-01-09T15:44:11.0000000+01:00" endTime="2024-01-09T15:44:11.0000000+01:00" testType="13cdc9d9-ddb5-4fa4-a97d-d965ccfc6d4b" outcome="Passed" testListId="8c84fa94-04c1-424b-9868-57a2d4851a1d" relativeResultsDirectory="53c40350-05dd-44c0-a455-b2ab992010cf" />
    <UnitTestResult executionId="0ae7c657-0e14-4a06-8c8a-ea4575da3558" testId="d7811ef0-be43-7f55-d00e-5fe882cc0349" testName="RestrictedMediaEditLiveProgressViewModel_ConstructorTests_Model_Success" computerName="DKSR-EFI-06" duration="00:00:00.0090000" startTime="2024-01-09T15:44:10.0000000+01:00" endTime="2024-01-09T15:44:10.0000000+01:00" testType="13cdc9d9-ddb5-4fa4-a97d-d965ccfc6d4b" outcome="Passed" testListId="8c84fa94-04c1-424b-9868-57a2d4851a1d" relativeResultsDirectory="0ae7c657-0e14-4a06-8c8a-ea4575da3558" />
    <UnitTestResult executionId="81957895-6d96-402d-988d-6c15cad87c64" testId="cbed049f-67f8-ebc1-7c2e-0e49bb22ce1f" testName="SetEffectiveInterval_NoMinMaxValue_FromAndToDisplayed" computerName="DKSR-EFI-06" duration="00:00:00.0010000" startTime="2024-01-09T15:44:18.0000000+01:00" endTime="2024-01-09T15:44:18.0000000+01:00" testType="13cdc9d9-ddb5-4fa4-a97d-d965ccfc6d4b" outcome="Passed" testListId="8c84fa94-04c1-424b-9868-57a2d4851a1d" relativeResultsDirectory="81957895-6d96-402d-988d-6c15cad87c64" />
    <UnitTestResult executionId="fd631219-98d9-4439-9a56-60ab3d02d12f" testId="83e21594-3bd0-dd9e-d7b5-fd2b3d5fdb7d" testName="ConvertPlatformRestrictedMedia_To_RestrictedMediaModel_Test" computerName="DKSR-EFI-06" duration="00:00:00.0020000" startTime="2024-01-09T15:44:09.0000000+01:00" endTime="2024-01-09T15:44:09.0000000+01:00" testType="13cdc9d9-ddb5-4fa4-a97d-d965ccfc6d4b" outcome="Passed" testListId="8c84fa94-04c1-424b-9868-57a2d4851a1d" relativeResultsDirectory="fd631219-98d9-4439-9a56-60ab3d02d12f" />
    <UnitTestResult executionId="dfd08fe2-de2b-45f3-95ae-c76ec3e03a1a" testId="8442049a-430a-a844-1eac-22ec8073c5e0" testName="GetCamerasFromWindow_WindowAndViewNoViews_EmptyResult" computerName="DKSR-EFI-06" duration="00:00:00.0140000" startTime="2024-01-09T15:44:09.0000000+01:00" endTime="2024-01-09T15:44:09.0000000+01:00" testType="13cdc9d9-ddb5-4fa4-a97d-d965ccfc6d4b" outcome="Passed" testListId="8c84fa94-04c1-424b-9868-57a2d4851a1d" relativeResultsDirectory="dfd08fe2-de2b-45f3-95ae-c76ec3e03a1a" />
    <UnitTestResult executionId="67258ffe-56a5-4924-9122-b24d1a761481" testId="f71f1ba7-3121-8063-e109-2415263f68e5" testName="ConvertPlatformRestrictedMedia_To_RestrictedMediaModel_GetName_Returns_Null_Test" computerName="DKSR-EFI-06" duration="00:00:00.0040000" startTime="2024-01-09T15:44:09.0000000+01:00" endTime="2024-01-09T15:44:09.0000000+01:00" testType="13cdc9d9-ddb5-4fa4-a97d-d965ccfc6d4b" outcome="Passed" testListId="8c84fa94-04c1-424b-9868-57a2d4851a1d" relativeResultsDirectory="67258ffe-56a5-4924-9122-b24d1a761481" />
    <UnitTestResult executionId="09b9a516-469d-474f-9454-70b5183fe536" testId="2b7e8f77-f606-1051-9dca-cf02e7b4735f" testName="ConvertPlatFormFaultDevice_To_PluginErrorDevice_Single_ErrorDeviceModel_GetItem_Returns_Null(0,UnknownError)" computerName="DKSR-EFI-06" duration="00:00:00.0020000" startTime="2024-01-09T15:44:09.0000000+01:00" endTime="2024-01-09T15:44:09.0000000+01:00" testType="13cdc9d9-ddb5-4fa4-a97d-d965ccfc6d4b" outcome="Passed" testListId="8c84fa94-04c1-424b-9868-57a2d4851a1d" relativeResultsDirectory="09b9a516-469d-474f-9454-70b5183fe536" />
    <UnitTestResult executionId="ecb8db94-33cf-4e0c-99e0-e8280740fa0a" testId="982ddddf-5e03-63ac-224b-6a271e1f7ad6" testName="Convert_RestrictedMediaResult_Failed_Test(Undefined,Undefined)" computerName="DKSR-EFI-06" duration="00:00:00.0000001" startTime="2024-01-09T15:44:07.0000000+01:00" endTime="2024-01-09T15:44:07.0000000+01:00" testType="13cdc9d9-ddb5-4fa4-a97d-d965ccfc6d4b" outcome="Passed" testListId="8c84fa94-04c1-424b-9868-57a2d4851a1d" relativeResultsDirectory="ecb8db94-33cf-4e0c-99e0-e8280740fa0a" />
    <UnitTestResult executionId="6c019dff-6b45-4535-a46c-ea90b479e2de" testId="4a88769d-d7ad-28a4-f2a9-1c52ce3b74e5" testName="ConvertPlatFormWarningDevice_To_PluginErrorDevice_ErrorDeviceArray_Returned(0,UnknownError)" computerName="DKSR-EFI-06" duration="00:00:00.0020000" startTime="2024-01-09T15:44:09.0000000+01:00" endTime="2024-01-09T15:44:09.0000000+01:00" testType="13cdc9d9-ddb5-4fa4-a97d-d965ccfc6d4b" outcome="Passed" testListId="8c84fa94-04c1-424b-9868-57a2d4851a1d" relativeResultsDirectory="6c019dff-6b45-4535-a46c-ea90b479e2de" />
    <UnitTestResult executionId="e65453ca-78c9-4c90-b9e7-c8b7bcced8dc" testId="61c4b8f9-fff8-937e-03f3-b95924645555" testName="SelectedIntervalOption_CustomIntervalNotSelected_CustomIntervalNotExpected" computerName="DKSR-EFI-06" duration="00:00:00.0010000" startTime="2024-01-09T15:44:18.0000000+01:00" endTime="2024-01-09T15:44:18.0000000+01:00" testType="13cdc9d9-ddb5-4fa4-a97d-d965ccfc6d4b" outcome="Passed" testListId="8c84fa94-04c1-424b-9868-57a2d4851a1d" relativeResultsDirectory="e65453ca-78c9-4c90-b9e7-c8b7bcced8dc" />
    <UnitTestResult executionId="f44ced72-ea91-44b4-955b-451deb1cc59e" testId="615c1aba-4537-85a6-497e-fd9ddaec6146" testName="CreatedAtComboBoxModel_SearchWhenUtcIsDayAfter_SearchMatchesLocalTime(&quot;Last 7 days&quot;,[&quot;Last 7 days&quot;, &quot;Today&quot;, &quot;Yesterday&quot;])" computerName="DKSR-EFI-06" duration="00:00:00.0060000" startTime="2024-01-09T15:44:16.0000000+01:00" endTime="2024-01-09T15:44:16.0000000+01:00" testType="13cdc9d9-ddb5-4fa4-a97d-d965ccfc6d4b" outcome="Passed" testListId="8c84fa94-04c1-424b-9868-57a2d4851a1d" relativeResultsDirectory="f44ced72-ea91-44b4-955b-451deb1cc59e" />
    <UnitTestResult executionId="95bd182b-2d22-4769-b0b8-8b51e25bdfbc" testId="838521fe-65b8-a64f-89ea-9653318cfaa1" testName="RestrictedMediaExitLiveViewModel_ConstructorTests_UILauncherService_ArgumentNull" computerName="DKSR-EFI-06" duration="00:00:00.0010000" startTime="2024-01-09T15:44:12.0000000+01:00" endTime="2024-01-09T15:44:12.0000000+01:00" testType="13cdc9d9-ddb5-4fa4-a97d-d965ccfc6d4b" outcome="Passed" testListId="8c84fa94-04c1-424b-9868-57a2d4851a1d" relativeResultsDirectory="95bd182b-2d22-4769-b0b8-8b51e25bdfbc" />
    <UnitTestResult executionId="89105b25-d5d2-473a-82b8-c534cb773efd" testId="e070039b-66a5-3918-4443-7ef101ad111d" testName="ConvertToCameraModels_Test" computerName="DKSR-EFI-06" duration="00:00:00.0060000" startTime="2024-01-09T15:44:09.0000000+01:00" endTime="2024-01-09T15:44:09.0000000+01:00" testType="13cdc9d9-ddb5-4fa4-a97d-d965ccfc6d4b" outcome="Passed" testListId="8c84fa94-04c1-424b-9868-57a2d4851a1d" relativeResultsDirectory="89105b25-d5d2-473a-82b8-c534cb773efd" />
    <UnitTestResult executionId="1c6a3881-1a3b-4ca3-a56c-a5b2ec953337" testId="d67da1e4-ca16-313c-acc0-afb9de2c88d1" testName="RestrictedMediaEditPlaybackViewModel_ConstructorTests_Success" computerName="DKSR-EFI-06" duration="00:00:00.0010000" startTime="2024-01-09T15:44:12.0000000+01:00" endTime="2024-01-09T15:44:12.0000000+01:00" testType="13cdc9d9-ddb5-4fa4-a97d-d965ccfc6d4b" outcome="Passed" testListId="8c84fa94-04c1-424b-9868-57a2d4851a1d" relativeResultsDirectory="1c6a3881-1a3b-4ca3-a56c-a5b2ec953337" />
    <UnitTestResult executionId="d984668f-d7d2-4659-968f-2a08b129eccd" testId="ad07c803-0c4a-04a3-a581-7fe0c63fc550" testName="RestrictedMediaEditPlaybackViewModel_ConstructorTests_RestrictedMediaModel_ArgumentNull" computerName="DKSR-EFI-06" duration="00:00:00.0010000" startTime="2024-01-09T15:44:12.0000000+01:00" endTime="2024-01-09T15:44:12.0000000+01:00" testType="13cdc9d9-ddb5-4fa4-a97d-d965ccfc6d4b" outcome="Passed" testListId="8c84fa94-04c1-424b-9868-57a2d4851a1d" relativeResultsDirectory="d984668f-d7d2-4659-968f-2a08b129eccd" />
    <UnitTestResult executionId="4cbca1e4-771f-498c-b81d-ec2fb1fc48ce" testId="dd04a3a2-7d0a-0bdf-6cc0-32d33020f1ee" testName="ConvertPlatFormWarningDevice_To_PluginErrorDevice_ErrorDeviceArray_Returned(2,Warning)" computerName="DKSR-EFI-06" duration="00:00:00.0000001" startTime="2024-01-09T15:44:09.0000000+01:00" endTime="2024-01-09T15:44:09.0000000+01:00" testType="13cdc9d9-ddb5-4fa4-a97d-d965ccfc6d4b" outcome="Passed" testListId="8c84fa94-04c1-424b-9868-57a2d4851a1d" relativeResultsDirectory="4cbca1e4-771f-498c-b81d-ec2fb1fc48ce" />
    <UnitTestResult executionId="673c07c5-9a9d-40e8-b678-fed6a36eab74" testId="20f3359a-adf7-1dcc-3b07-8c2a604690c6" testName="Set_SearchText_Success" computerName="DKSR-EFI-06" duration="00:00:00.0090000" startTime="2024-01-09T15:44:15.0000000+01:00" endTime="2024-01-09T15:44:15.0000000+01:00" testType="13cdc9d9-ddb5-4fa4-a97d-d965ccfc6d4b" outcome="Passed" testListId="8c84fa94-04c1-424b-9868-57a2d4851a1d" relativeResultsDirectory="673c07c5-9a9d-40e8-b678-fed6a36eab74" />
    <UnitTestResult executionId="651bc29b-875e-444e-afff-c616cb9f61b7" testId="e8a259b1-ac9d-a2d9-bef1-7e5d8326aea3" testName="ShowRemovePlaybackFlow_BothPlaybackAndLiveRestrictionSelected_InvalidOperationException" computerName="DKSR-EFI-06" duration="00:00:00.0040000" startTime="2024-01-09T15:44:17.0000000+01:00" endTime="2024-01-09T15:44:17.0000000+01:00" testType="13cdc9d9-ddb5-4fa4-a97d-d965ccfc6d4b" outcome="Passed" testListId="8c84fa94-04c1-424b-9868-57a2d4851a1d" relativeResultsDirectory="651bc29b-875e-444e-afff-c616cb9f61b7" />
    <UnitTestResult executionId="6b9e4301-e678-4321-8ae2-9bbcf3e0b08b" testId="035106d1-4b4e-3b05-abd5-43335e58fe78" testName="IntervalComboBoxModel_FilterSetToToday_ToDaysRestrictions" computerName="DKSR-EFI-06" duration="00:00:00.0410000" startTime="2024-01-09T15:44:15.0000000+01:00" endTime="2024-01-09T15:44:15.0000000+01:00" testType="13cdc9d9-ddb5-4fa4-a97d-d965ccfc6d4b" outcome="Passed" testListId="8c84fa94-04c1-424b-9868-57a2d4851a1d" relativeResultsDirectory="6b9e4301-e678-4321-8ae2-9bbcf3e0b08b" />
    <UnitTestResult executionId="ce86be6f-6eb4-4969-90de-225453b0f9cb" testId="de547704-0897-772e-da7f-5d9de6c5f8c0" testName="GetCamerasFromWindow_NoValidWindow_EmptyResult" computerName="DKSR-EFI-06" duration="00:00:00.0010000" startTime="2024-01-09T15:44:09.0000000+01:00" endTime="2024-01-09T15:44:09.0000000+01:00" testType="13cdc9d9-ddb5-4fa4-a97d-d965ccfc6d4b" outcome="Passed" testListId="8c84fa94-04c1-424b-9868-57a2d4851a1d" relativeResultsDirectory="ce86be6f-6eb4-4969-90de-225453b0f9cb" />
    <UnitTestResult executionId="f809b2d1-92f3-4263-beca-99a05000fb81" testId="edb989e6-6ce1-cc86-c080-2323f1ca7361" testName="ConvertPlatFormWarningDevice_To_ErrorDeviceModel_Single_ErrorDevice_Returned(7,NotInRestrictedLiveMode)" computerName="DKSR-EFI-06" duration="00:00:00.0000001" startTime="2024-01-09T15:44:09.0000000+01:00" endTime="2024-01-09T15:44:09.0000000+01:00" testType="13cdc9d9-ddb5-4fa4-a97d-d965ccfc6d4b" outcome="Passed" testListId="8c84fa94-04c1-424b-9868-57a2d4851a1d" relativeResultsDirectory="f809b2d1-92f3-4263-beca-99a05000fb81" />
    <UnitTestResult executionId="399c7906-003b-4815-9433-83856d2a37ea" testId="55c0b471-8a53-c449-3098-fee0c5a734d9" testName="ExecuteMethod_Refresh_Success_Devices_MultipleDevices" computerName="DKSR-EFI-06" duration="00:00:00.1100000" startTime="2024-01-09T15:44:14.0000000+01:00" endTime="2024-01-09T15:44:14.0000000+01:00" testType="13cdc9d9-ddb5-4fa4-a97d-d965ccfc6d4b" outcome="Passed" testListId="8c84fa94-04c1-424b-9868-57a2d4851a1d" relativeResultsDirectory="399c7906-003b-4815-9433-83856d2a37ea" />
    <UnitTestResult executionId="7b1292e9-49c6-47d6-921b-6e691f03aee2" testId="82cc4afb-3536-41e7-733f-232821e9dcce" testName="ExecuteMethod_Refresh_Success_Devices_CancelDeviceSelection" computerName="DKSR-EFI-06" duration="00:00:00.0170000" startTime="2024-01-09T15:44:14.0000000+01:00" endTime="2024-01-09T15:44:14.0000000+01:00" testType="13cdc9d9-ddb5-4fa4-a97d-d965ccfc6d4b" outcome="Passed" testListId="8c84fa94-04c1-424b-9868-57a2d4851a1d" relativeResultsDirectory="7b1292e9-49c6-47d6-921b-6e691f03aee2" />
    <UnitTestResult executionId="9ce00bb8-783d-458a-ab5d-5c1d8bcde842" testId="06b58cd0-6c15-399c-700f-2814aca242b7" testName="SetEffectiveInterval_TextLongerThanMaxFilter_TextTruncated(&quot;2023-10-10T22:12:35.0000000Z&quot;,&quot;2023-10-11T22:12:35.0000000Z&quot;,&quot;da-DK&quot;)" computerName="DKSR-EFI-06" duration="00:00:00.0010000" startTime="2024-01-09T15:44:18.0000000+01:00" endTime="2024-01-09T15:44:18.0000000+01:00" testType="13cdc9d9-ddb5-4fa4-a97d-d965ccfc6d4b" outcome="Passed" testListId="8c84fa94-04c1-424b-9868-57a2d4851a1d" relativeResultsDirectory="9ce00bb8-783d-458a-ab5d-5c1d8bcde842" />
    <UnitTestResult executionId="31b91d41-9d82-46e8-ac0a-c3f2862b2bab" testId="97430c40-d931-b5a5-c6d6-9c5f8f606a3b" testName="CreatedAtComboBoxModel_SearchWhenUtcIsDayBefore_SearchMatchesLocalTime(&quot;Today&quot;,[&quot;Today&quot;])" computerName="DKSR-EFI-06" duration="00:00:00.1490000" startTime="2024-01-09T15:44:16.0000000+01:00" endTime="2024-01-09T15:44:16.0000000+01:00" testType="13cdc9d9-ddb5-4fa4-a97d-d965ccfc6d4b" outcome="Passed" testListId="8c84fa94-04c1-424b-9868-57a2d4851a1d" relativeResultsDirectory="31b91d41-9d82-46e8-ac0a-c3f2862b2bab" />
    <UnitTestResult executionId="712b4238-28d5-408b-933e-486284f39996" testId="8871e345-da4a-ceef-2d79-a7400b4dcd1b" testName="ConvertPlatFormFaultDevice_To_ErrorDeviceModel_Array_Returned(1,None)" computerName="DKSR-EFI-06" duration="00:00:00.0000001" startTime="2024-01-09T15:44:09.0000000+01:00" endTime="2024-01-09T15:44:09.0000000+01:00" testType="13cdc9d9-ddb5-4fa4-a97d-d965ccfc6d4b" outcome="Passed" testListId="8c84fa94-04c1-424b-9868-57a2d4851a1d" relativeResultsDirectory="712b4238-28d5-408b-933e-486284f39996" />
    <UnitTestResult executionId="f4ff9680-2b0d-49ac-935d-dbd47dcda42d" testId="9e63d531-6c96-bef4-9d94-24ceea7091dd" testName="RunAsync_WithCancelledToken_TaskExecutionIsCancelled" computerName="DKSR-EFI-06" duration="00:00:00.0020000" startTime="2024-01-09T15:44:18.0000000+01:00" endTime="2024-01-09T15:44:18.0000000+01:00" testType="13cdc9d9-ddb5-4fa4-a97d-d965ccfc6d4b" outcome="Passed" testListId="8c84fa94-04c1-424b-9868-57a2d4851a1d" relativeResultsDirectory="f4ff9680-2b0d-49ac-935d-dbd47dcda42d" />
    <UnitTestResult executionId="b490f2a2-d4ca-441f-96f1-3b30c206213c" testId="8916669c-afe8-dab3-85e8-552c34b3e0a6" testName="IntervalComboBoxModel_FilterSetToYesterday_YesterdaysRestrictions" computerName="DKSR-EFI-06" duration="00:00:00.0080000" startTime="2024-01-09T15:44:15.0000000+01:00" endTime="2024-01-09T15:44:15.0000000+01:00" testType="13cdc9d9-ddb5-4fa4-a97d-d965ccfc6d4b" outcome="Passed" testListId="8c84fa94-04c1-424b-9868-57a2d4851a1d" relativeResultsDirectory="b490f2a2-d4ca-441f-96f1-3b30c206213c" />
    <UnitTestResult executionId="2d142d56-4052-4195-ae42-c79c7d239c89" testId="152b0cee-60fc-b976-ea1d-c621038125b7" testName="CreatedAtComboBoxModel_FilterSetToToday_ToDaysRestrictions" computerName="DKSR-EFI-06" duration="00:00:00.0080000" startTime="2024-01-09T15:44:13.0000000+01:00" endTime="2024-01-09T15:44:13.0000000+01:00" testType="13cdc9d9-ddb5-4fa4-a97d-d965ccfc6d4b" outcome="Passed" testListId="8c84fa94-04c1-424b-9868-57a2d4851a1d" relativeResultsDirectory="2d142d56-4052-4195-ae42-c79c7d239c89" />
    <UnitTestResult executionId="5ea5e3e1-0f22-4ee0-8ac0-1a2574e976d8" testId="ff9b51db-b127-8b0d-baab-470e3b0f9cf9" testName="RestrictedMediaEditLiveProgressViewModel_Execute_SingleServer_Success" computerName="DKSR-EFI-06" duration="00:00:00.0050000" startTime="2024-01-09T15:44:10.0000000+01:00" endTime="2024-01-09T15:44:10.0000000+01:00" testType="13cdc9d9-ddb5-4fa4-a97d-d965ccfc6d4b" outcome="Passed" testListId="8c84fa94-04c1-424b-9868-57a2d4851a1d" relativeResultsDirectory="5ea5e3e1-0f22-4ee0-8ac0-1a2574e976d8" />
    <UnitTestResult executionId="f8483ef4-8cd0-4556-bc91-51bd6aff79b9" testId="82990589-b635-3ace-2c83-4ec26109a0e9" testName="RestrictedMediaCreateLiveViewModel_IsValidationSuccess_NoCameras_False" computerName="DKSR-EFI-06" duration="00:00:00.0030000" startTime="2024-01-09T15:44:11.0000000+01:00" endTime="2024-01-09T15:44:11.0000000+01:00" testType="13cdc9d9-ddb5-4fa4-a97d-d965ccfc6d4b" outcome="Passed" testListId="8c84fa94-04c1-424b-9868-57a2d4851a1d" relativeResultsDirectory="f8483ef4-8cd0-4556-bc91-51bd6aff79b9" />
    <UnitTestResult executionId="980d08cd-afbe-4f01-9210-0d1cbf52e66e" testId="03b43b50-7722-2f24-1743-3cd098761796" testName="ExecuteMethod_Refresh_Success_SearchText_Header_CaseInSensitive" computerName="DKSR-EFI-06" duration="00:00:00.0280000" startTime="2024-01-09T15:44:14.0000000+01:00" endTime="2024-01-09T15:44:14.0000000+01:00" testType="13cdc9d9-ddb5-4fa4-a97d-d965ccfc6d4b" outcome="Passed" testListId="8c84fa94-04c1-424b-9868-57a2d4851a1d" relativeResultsDirectory="980d08cd-afbe-4f01-9210-0d1cbf52e66e" />
    <UnitTestResult executionId="5e3b66db-e1df-4a77-a43f-40ce975b76c3" testId="f51c13a5-f8e5-391b-90f1-de4c51eda3fb" testName="Set_SelectedRestrictionTypeOption_All" computerName="DKSR-EFI-06" duration="00:00:00.0510000" startTime="2024-01-09T15:44:15.0000000+01:00" endTime="2024-01-09T15:44:15.0000000+01:00" testType="13cdc9d9-ddb5-4fa4-a97d-d965ccfc6d4b" outcome="Passed" testListId="8c84fa94-04c1-424b-9868-57a2d4851a1d" relativeResultsDirectory="5e3b66db-e1df-4a77-a43f-40ce975b76c3" />
    <UnitTestResult executionId="90eee237-7675-42fb-9f7a-9d36090110af" testId="ed9b04fb-7106-0688-dab6-14fa31d963eb" testName="ConvertLiveResultToResultModel_DefaultLiveResult_Mapped" computerName="DKSR-EFI-06" duration="00:00:00.0080000" startTime="2024-01-09T15:44:08.0000000+01:00" endTime="2024-01-09T15:44:08.0000000+01:00" testType="13cdc9d9-ddb5-4fa4-a97d-d965ccfc6d4b" outcome="Passed" testListId="8c84fa94-04c1-424b-9868-57a2d4851a1d" relativeResultsDirectory="90eee237-7675-42fb-9f7a-9d36090110af" />
    <UnitTestResult executionId="584fc928-2dfa-4b0c-8d7c-a10af917bfea" testId="9121862d-7651-e785-8d41-1e248e23df3e" testName="ConvertPlatFormFaultDevice_To_ErrorDeviceModel_Array_Returned(4,DeviceNotFound)" computerName="DKSR-EFI-06" duration="00:00:00.0000001" startTime="2024-01-09T15:44:09.0000000+01:00" endTime="2024-01-09T15:44:09.0000000+01:00" testType="13cdc9d9-ddb5-4fa4-a97d-d965ccfc6d4b" outcome="Passed" testListId="8c84fa94-04c1-424b-9868-57a2d4851a1d" relativeResultsDirectory="584fc928-2dfa-4b0c-8d7c-a10af917bfea" />
    <UnitTestResult executionId="2a36f2ea-c4c9-4c17-a859-dd2e8fa8b89f" testId="00f8543b-a8d0-7f93-3e11-3d2986314518" testName="ExecuteMethod_Refresh_Error_RestrictedMediaScMipServiceException" computerName="DKSR-EFI-06" duration="00:00:00.0320000" startTime="2024-01-09T15:44:13.0000000+01:00" endTime="2024-01-09T15:44:13.0000000+01:00" testType="13cdc9d9-ddb5-4fa4-a97d-d965ccfc6d4b" outcome="Passed" testListId="8c84fa94-04c1-424b-9868-57a2d4851a1d" relativeResultsDirectory="2a36f2ea-c4c9-4c17-a859-dd2e8fa8b89f" />
    <UnitTestResult executionId="f0f75bbf-3bbf-4a8c-8253-027e9e9c140f" testId="9859f1e9-7a0c-fa90-62bd-f573fbfc93cc" testName="RestrictedMediaEditPlaybackViewModel_EditDevices_MultiServer_Failed" computerName="DKSR-EFI-06" duration="00:00:00.0020000" startTime="2024-01-09T15:44:12.0000000+01:00" endTime="2024-01-09T15:44:12.0000000+01:00" testType="13cdc9d9-ddb5-4fa4-a97d-d965ccfc6d4b" outcome="Passed" testListId="8c84fa94-04c1-424b-9868-57a2d4851a1d" relativeResultsDirectory="f0f75bbf-3bbf-4a8c-8253-027e9e9c140f" />
    <UnitTestResult executionId="292e7ac0-935c-436b-9529-5d208619c0be" testId="cf8e3644-8f3a-7deb-0d4b-6b87e7b11651" testName="RestrictedMediaEditLiveProgressViewModel_Execute_Failed_DeviceError" computerName="DKSR-EFI-06" duration="00:00:00.0440000" startTime="2024-01-09T15:44:10.0000000+01:00" endTime="2024-01-09T15:44:10.0000000+01:00" testType="13cdc9d9-ddb5-4fa4-a97d-d965ccfc6d4b" outcome="Passed" testListId="8c84fa94-04c1-424b-9868-57a2d4851a1d" relativeResultsDirectory="292e7ac0-935c-436b-9529-5d208619c0be" />
    <UnitTestResult executionId="0300293f-8c8d-4796-b497-31442fd7734a" testId="5901c257-1413-0189-db71-cb3ff7b4ad1a" testName="IntervalComboBoxModel_SelectIntervalOptions_ListOfFiveOptions" computerName="DKSR-EFI-06" duration="00:00:00.0020000" startTime="2024-01-09T15:44:15.0000000+01:00" endTime="2024-01-09T15:44:15.0000000+01:00" testType="13cdc9d9-ddb5-4fa4-a97d-d965ccfc6d4b" outcome="Passed" testListId="8c84fa94-04c1-424b-9868-57a2d4851a1d" relativeResultsDirectory="0300293f-8c8d-4796-b497-31442fd7734a" />
    <UnitTestResult executionId="cfdd86ac-83d3-46a9-85b5-1f0f2f9c2111" testId="85abd4c9-dce8-1604-b5a2-5722c44e0ccd" testName="CreatedAtComboBoxModel_CustomMatchCreatedOnToTime_RestrictionNotIncluded" computerName="DKSR-EFI-06" duration="00:00:00.0060000" startTime="2024-01-09T15:44:13.0000000+01:00" endTime="2024-01-09T15:44:13.0000000+01:00" testType="13cdc9d9-ddb5-4fa4-a97d-d965ccfc6d4b" outcome="Passed" testListId="8c84fa94-04c1-424b-9868-57a2d4851a1d" relativeResultsDirectory="cfdd86ac-83d3-46a9-85b5-1f0f2f9c2111" />
    <UnitTestResult executionId="2ab7b65f-4c08-4ea8-ac84-1b89e9bd6ef5" testId="f5302ae5-1b26-8358-0374-013a26e19fce" testName="ConvertPlatFormFaultDevice_To_ErrorDeviceModel_Array_Returned(6,AlreadyInRestrictedLiveMode)" computerName="DKSR-EFI-06" duration="00:00:00.0000001" startTime="2024-01-09T15:44:09.0000000+01:00" endTime="2024-01-09T15:44:09.0000000+01:00" testType="13cdc9d9-ddb5-4fa4-a97d-d965ccfc6d4b" outcome="Passed" testListId="8c84fa94-04c1-424b-9868-57a2d4851a1d" relativeResultsDirectory="2ab7b65f-4c08-4ea8-ac84-1b89e9bd6ef5" />
    <UnitTestResult executionId="887f7829-3901-47e7-991d-38027e2ccf0c" testId="ec8cf162-2bc0-190e-33c9-ba07c46c4d5f" testName="CreatedAtComboBoxModel_FilterSetToYesterday_YesterdaysRestrictions" computerName="DKSR-EFI-06" duration="00:00:00.0070000" startTime="2024-01-09T15:44:13.0000000+01:00" endTime="2024-01-09T15:44:13.0000000+01:00" testType="13cdc9d9-ddb5-4fa4-a97d-d965ccfc6d4b" outcome="Passed" testListId="8c84fa94-04c1-424b-9868-57a2d4851a1d" relativeResultsDirectory="887f7829-3901-47e7-991d-38027e2ccf0c" />
    <UnitTestResult executionId="38bede45-861b-4ea6-82c8-314bb06e5f8b" testId="a4fa3bfc-63f5-d782-4638-a12b80c073ae" testName="ExecuteMethod_Refresh_Success" computerName="DKSR-EFI-06" duration="00:00:00.0210000" startTime="2024-01-09T15:44:14.0000000+01:00" endTime="2024-01-09T15:44:14.0000000+01:00" testType="13cdc9d9-ddb5-4fa4-a97d-d965ccfc6d4b" outcome="Passed" testListId="8c84fa94-04c1-424b-9868-57a2d4851a1d" relativeResultsDirectory="38bede45-861b-4ea6-82c8-314bb06e5f8b" />
    <UnitTestResult executionId="9101e054-1559-49aa-9463-a6cdf2c49c3d" testId="344c74cc-d199-f99b-54d7-ccb8b3e749d2" testName="RestrictedMediaCreateLiveViewModel_IsValidationSuccess_HeadLine" computerName="DKSR-EFI-06" duration="00:00:00.0030000" startTime="2024-01-09T15:44:11.0000000+01:00" endTime="2024-01-09T15:44:11.0000000+01:00" testType="13cdc9d9-ddb5-4fa4-a97d-d965ccfc6d4b" outcome="Passed" testListId="8c84fa94-04c1-424b-9868-57a2d4851a1d" relativeResultsDirectory="9101e054-1559-49aa-9463-a6cdf2c49c3d" />
    <UnitTestResult executionId="f7553662-c4ba-4c11-9b99-a6b69d34e5f1" testId="5bca024a-cad3-f245-355e-1236a2e0d2a1" testName="CreatedAtComboBoxModel_CustomMatchCreatedOnFromTime_RestrictionIncluded" computerName="DKSR-EFI-06" duration="00:00:00.0090000" startTime="2024-01-09T15:44:13.0000000+01:00" endTime="2024-01-09T15:44:13.0000000+01:00" testType="13cdc9d9-ddb5-4fa4-a97d-d965ccfc6d4b" outcome="Passed" testListId="8c84fa94-04c1-424b-9868-57a2d4851a1d" relativeResultsDirectory="f7553662-c4ba-4c11-9b99-a6b69d34e5f1" />
    <UnitTestResult executionId="b4c4983d-9299-48d4-a0e1-106e91388b9e" testId="5684c83f-9fc9-6501-55bf-4ea644b8e874" testName="RestrictedMediaListViewModel_ConstructorTests" computerName="DKSR-EFI-06" duration="00:00:00.0020000" startTime="2024-01-09T15:44:15.0000000+01:00" endTime="2024-01-09T15:44:15.0000000+01:00" testType="13cdc9d9-ddb5-4fa4-a97d-d965ccfc6d4b" outcome="Passed" testListId="8c84fa94-04c1-424b-9868-57a2d4851a1d" relativeResultsDirectory="b4c4983d-9299-48d4-a0e1-106e91388b9e" />
    <UnitTestResult executionId="015ade2c-9091-40d7-8bd3-4f39179e1c5d" testId="354834fd-d306-bbfe-b123-f50a27fcc849" testName="ConvertToCameraModels_No_RelatedDevices_Found_Test" computerName="DKSR-EFI-06" duration="00:00:00.0660000" startTime="2024-01-09T15:44:09.0000000+01:00" endTime="2024-01-09T15:44:09.0000000+01:00" testType="13cdc9d9-ddb5-4fa4-a97d-d965ccfc6d4b" outcome="Passed" testListId="8c84fa94-04c1-424b-9868-57a2d4851a1d" relativeResultsDirectory="015ade2c-9091-40d7-8bd3-4f39179e1c5d" />
    <UnitTestResult executionId="f5af7319-3334-41c2-aa6d-8ab0e8f2394d" testId="1002fe5d-fdc5-b540-93ea-9d0c335805fc" testName="RestrictedMediaCreatePlaybackViewModel_SelectedCameras_AddCamera" computerName="DKSR-EFI-06" duration="00:00:00.0010000" startTime="2024-01-09T15:44:11.0000000+01:00" endTime="2024-01-09T15:44:11.0000000+01:00" testType="13cdc9d9-ddb5-4fa4-a97d-d965ccfc6d4b" outcome="Passed" testListId="8c84fa94-04c1-424b-9868-57a2d4851a1d" relativeResultsDirectory="f5af7319-3334-41c2-aa6d-8ab0e8f2394d" />
    <UnitTestResult executionId="5754de8a-f8ad-44e0-9be7-31e0442c833c" testId="f61a8181-c867-1fbd-c8e7-b0581d33b6fc" testName="Convert_RestrictedMediaResult_Failed_Test(FeatureNotLicensed,FeatureNotLicensed)" computerName="DKSR-EFI-06" duration="00:00:00.0000001" startTime="2024-01-09T15:44:07.0000000+01:00" endTime="2024-01-09T15:44:07.0000000+01:00" testType="13cdc9d9-ddb5-4fa4-a97d-d965ccfc6d4b" outcome="Passed" testListId="8c84fa94-04c1-424b-9868-57a2d4851a1d" relativeResultsDirectory="5754de8a-f8ad-44e0-9be7-31e0442c833c" />
    <UnitTestResult executionId="6baa0f99-5601-419a-904a-06ecf05ed469" testId="eb610847-ded7-c8b6-3a4f-e823193e1779" testName="IntervalComboBoxModel_FilterSetToLastWeek_RestrictionsFromPast7Days" computerName="DKSR-EFI-06" duration="00:00:00.0220000" startTime="2024-01-09T15:44:15.0000000+01:00" endTime="2024-01-09T15:44:15.0000000+01:00" testType="13cdc9d9-ddb5-4fa4-a97d-d965ccfc6d4b" outcome="Passed" testListId="8c84fa94-04c1-424b-9868-57a2d4851a1d" relativeResultsDirectory="6baa0f99-5601-419a-904a-06ecf05ed469" />
    <UnitTestResult executionId="d03185d1-3379-4922-ba09-561a09202bd6" testId="02588b7e-7557-c720-8391-9bbd007dd3c3" testName="CreatedAtComboBoxModel_FilterSetToLastWeek_RestrictionsFromPast7Days" computerName="DKSR-EFI-06" duration="00:00:00.0280000" startTime="2024-01-09T15:44:13.0000000+01:00" endTime="2024-01-09T15:44:13.0000000+01:00" testType="13cdc9d9-ddb5-4fa4-a97d-d965ccfc6d4b" outcome="Passed" testListId="8c84fa94-04c1-424b-9868-57a2d4851a1d" relativeResultsDirectory="d03185d1-3379-4922-ba09-561a09202bd6" />
    <UnitTestResult executionId="3e74e1a4-3258-402d-93d1-e92f176b4790" testId="bd2347ec-f5d7-b535-8604-867c18909019" testName="Execute_OneRestrictedMedia_OneServerCall" computerName="DKSR-EFI-06" duration="00:00:00.0200000" startTime="2024-01-09T15:44:11.0000000+01:00" endTime="2024-01-09T15:44:11.0000000+01:00" testType="13cdc9d9-ddb5-4fa4-a97d-d965ccfc6d4b" outcome="Passed" testListId="8c84fa94-04c1-424b-9868-57a2d4851a1d" relativeResultsDirectory="3e74e1a4-3258-402d-93d1-e92f176b4790" />
    <UnitTestResult executionId="f8523331-5e90-49b5-99f8-3d34a7c0f0a0" testId="5b573373-a855-b0ce-9027-ad81e9fe090f" testName="ConvertPlatFormWarningDevice_To_PluginErrorDevice_ErrorDeviceArray_Returned(5,RestrictedMediasNotSupported)" computerName="DKSR-EFI-06" duration="00:00:00.0000001" startTime="2024-01-09T15:44:09.0000000+01:00" endTime="2024-01-09T15:44:09.0000000+01:00" testType="13cdc9d9-ddb5-4fa4-a97d-d965ccfc6d4b" outcome="Passed" testListId="8c84fa94-04c1-424b-9868-57a2d4851a1d" relativeResultsDirectory="f8523331-5e90-49b5-99f8-3d34a7c0f0a0" />
    <UnitTestResult executionId="529b1b2e-c949-4f74-8acb-f6956cd5a022" testId="03de7465-7a06-21aa-7679-b5710b414624" testName="RestrictedMediaEditLiveViewModel_ConstructorTests_Success" computerName="DKSR-EFI-06" duration="00:00:00.0010000" startTime="2024-01-09T15:44:11.0000000+01:00" endTime="2024-01-09T15:44:11.0000000+01:00" testType="13cdc9d9-ddb5-4fa4-a97d-d965ccfc6d4b" outcome="Passed" testListId="8c84fa94-04c1-424b-9868-57a2d4851a1d" relativeResultsDirectory="529b1b2e-c949-4f74-8acb-f6956cd5a022" />
    <UnitTestResult executionId="02f62326-45d1-47b4-90be-3909904e8a3f" testId="a6a74455-5c83-92ac-1b40-0e4fa4c7f42f" testName="RestrictedMediaListViewModel_Command_Help_Success" computerName="DKSR-EFI-06" duration="00:00:00.0030000" startTime="2024-01-09T15:44:15.0000000+01:00" endTime="2024-01-09T15:44:15.0000000+01:00" testType="13cdc9d9-ddb5-4fa4-a97d-d965ccfc6d4b" outcome="Passed" testListId="8c84fa94-04c1-424b-9868-57a2d4851a1d" relativeResultsDirectory="02f62326-45d1-47b4-90be-3909904e8a3f" />
    <UnitTestResult executionId="23615984-3cc3-4a05-9cdc-a0a04ce14f1b" testId="9d1ac830-7cb0-6b41-b2a5-4ca016eff9b8" testName="RestrictedMediaExitLiveViewModel_Command_AddCameras_Ignored" computerName="DKSR-EFI-06" duration="00:00:00.0030000" startTime="2024-01-09T15:44:12.0000000+01:00" endTime="2024-01-09T15:44:12.0000000+01:00" testType="13cdc9d9-ddb5-4fa4-a97d-d965ccfc6d4b" outcome="Passed" testListId="8c84fa94-04c1-424b-9868-57a2d4851a1d" relativeResultsDirectory="23615984-3cc3-4a05-9cdc-a0a04ce14f1b" />
    <UnitTestResult executionId="064f4974-0650-4b2a-a11d-80a717eaac55" testId="67fdfc6e-fab2-ac98-bbf0-99d5426a0f11" testName="CreatedAtComboBoxModel_SearchWhenUtcIsDayAfter_SearchMatchesLocalTime(&quot;Yesterday&quot;,[&quot;Yesterday&quot;])" computerName="DKSR-EFI-06" duration="00:00:00.0170000" startTime="2024-01-09T15:44:16.0000000+01:00" endTime="2024-01-09T15:44:16.0000000+01:00" testType="13cdc9d9-ddb5-4fa4-a97d-d965ccfc6d4b" outcome="Passed" testListId="8c84fa94-04c1-424b-9868-57a2d4851a1d" relativeResultsDirectory="064f4974-0650-4b2a-a11d-80a717eaac55" />
    <UnitTestResult executionId="15fafe56-210d-492d-896f-95f0600136c2" testId="2829cc83-9b8d-061d-105f-24776c4b0258" testName="RestrictedMediaCreateProgressViewModel_ConstructorTests_Success" computerName="DKSR-EFI-06" duration="00:00:00.0010000" startTime="2024-01-09T15:44:10.0000000+01:00" endTime="2024-01-09T15:44:10.0000000+01:00" testType="13cdc9d9-ddb5-4fa4-a97d-d965ccfc6d4b" outcome="Passed" testListId="8c84fa94-04c1-424b-9868-57a2d4851a1d" relativeResultsDirectory="15fafe56-210d-492d-896f-95f0600136c2" />
    <UnitTestResult executionId="bb78a616-a069-40af-82d9-5c719d6a538b" testId="6e6e77f5-245f-c34b-f1d0-0bb29d441be0" testName="RestrictedMediaRemoveLiveProgressViewModel_ExecuteMethod_ProgressHandled" computerName="DKSR-EFI-06" duration="00:00:00.0760000" startTime="2024-01-09T15:44:16.0000000+01:00" endTime="2024-01-09T15:44:16.0000000+01:00" testType="13cdc9d9-ddb5-4fa4-a97d-d965ccfc6d4b" outcome="Passed" testListId="8c84fa94-04c1-424b-9868-57a2d4851a1d" relativeResultsDirectory="bb78a616-a069-40af-82d9-5c719d6a538b" />
    <UnitTestResult executionId="11dd839b-266f-41b6-a5fd-f1e5bb5a8370" testId="35ad6b17-bfb0-9425-c3bf-2e2e78039076" testName="Convert_RestrictedMediaResult_Failed_Test(Unauthorized,Unauthorized)" computerName="DKSR-EFI-06" duration="00:00:00.0360000" startTime="2024-01-09T15:44:07.0000000+01:00" endTime="2024-01-09T15:44:07.0000000+01:00" testType="13cdc9d9-ddb5-4fa4-a97d-d965ccfc6d4b" outcome="Passed" testListId="8c84fa94-04c1-424b-9868-57a2d4851a1d" relativeResultsDirectory="11dd839b-266f-41b6-a5fd-f1e5bb5a8370" />
    <UnitTestResult executionId="5766e261-7ca0-478e-8dee-90a7fc4630b4" testId="b946e171-33d8-3668-e066-39648eaa05f3" testName="RestrictedMediaCreatePlaybackViewModel_CreateCommand_ValidationSuccesss" computerName="DKSR-EFI-06" duration="00:00:00.0030000" startTime="2024-01-09T15:44:11.0000000+01:00" endTime="2024-01-09T15:44:11.0000000+01:00" testType="13cdc9d9-ddb5-4fa4-a97d-d965ccfc6d4b" outcome="Passed" testListId="8c84fa94-04c1-424b-9868-57a2d4851a1d" relativeResultsDirectory="5766e261-7ca0-478e-8dee-90a7fc4630b4" />
    <UnitTestResult executionId="5eba1492-7c9f-4484-9edf-aab965d40010" testId="6c4497e9-e9ab-b3c5-5f0e-af65bcb3347e" testName="SetEffectiveInterval_TextLongerThanMaxFilter_TextTruncated(&quot;2023-09-08T12:08:35.0000000Z&quot;,&quot;2023-09-08T12:08:35.0000000Z&quot;,&quot;en-US&quot;)" computerName="DKSR-EFI-06" duration="00:00:00.0010000" startTime="2024-01-09T15:44:18.0000000+01:00" endTime="2024-01-09T15:44:18.0000000+01:00" testType="13cdc9d9-ddb5-4fa4-a97d-d965ccfc6d4b" outcome="Passed" testListId="8c84fa94-04c1-424b-9868-57a2d4851a1d" relativeResultsDirectory="5eba1492-7c9f-4484-9edf-aab965d40010" />
    <UnitTestResult executionId="1b9379b8-ea37-4b7b-bf47-afa83c3ac36d" testId="7ae4a1f4-94b7-7a8f-c127-3b945b721ed8" testName="IntervalComboBoxModel_SearchWhenUtcIsDayAfter_SearchMatchesLocalTime(&quot;Today&quot;,[&quot;Today&quot;])" computerName="DKSR-EFI-06" duration="00:00:00.0100000" startTime="2024-01-09T15:44:16.0000000+01:00" endTime="2024-01-09T15:44:16.0000000+01:00" testType="13cdc9d9-ddb5-4fa4-a97d-d965ccfc6d4b" outcome="Passed" testListId="8c84fa94-04c1-424b-9868-57a2d4851a1d" relativeResultsDirectory="1b9379b8-ea37-4b7b-bf47-afa83c3ac36d" />
    <UnitTestResult executionId="bbd8b141-1145-4be3-9e1f-1870cdb2ff3a" testId="7ced7c16-30ac-34ae-cc70-4383f9bbd8af" testName="RestrictedMediaCreateProgressViewModel_ConstructorTests_NoMedeaPassed_ArgumentException" computerName="DKSR-EFI-06" duration="00:00:00.0040000" startTime="2024-01-09T15:44:10.0000000+01:00" endTime="2024-01-09T15:44:10.0000000+01:00" testType="13cdc9d9-ddb5-4fa4-a97d-d965ccfc6d4b" outcome="Passed" testListId="8c84fa94-04c1-424b-9868-57a2d4851a1d" relativeResultsDirectory="bbd8b141-1145-4be3-9e1f-1870cdb2ff3a" />
    <UnitTestResult executionId="707a28fa-706e-471a-81aa-3c427bfe7e86" testId="7b10c777-5c0b-337f-22d6-2646e5b372fc" testName="RestrictedMediaProgressViewModel_Progress_ProgressIsUpdatedPerTask_PartialSuccess" computerName="DKSR-EFI-06" duration="00:00:00.0060000" startTime="2024-01-09T15:44:10.0000000+01:00" endTime="2024-01-09T15:44:10.0000000+01:00" testType="13cdc9d9-ddb5-4fa4-a97d-d965ccfc6d4b" outcome="Passed" testListId="8c84fa94-04c1-424b-9868-57a2d4851a1d" relativeResultsDirectory="707a28fa-706e-471a-81aa-3c427bfe7e86" />
    <UnitTestResult executionId="d4eceefb-6ba8-499e-a72e-9d74316baafb" testId="c58ef1f6-ef92-77e4-81ee-b2455945eb55" testName="RestrictedMediaCreateLiveProgressViewModel_Failure_ServerError" computerName="DKSR-EFI-06" duration="00:00:00.0180000" startTime="2024-01-09T15:44:10.0000000+01:00" endTime="2024-01-09T15:44:10.0000000+01:00" testType="13cdc9d9-ddb5-4fa4-a97d-d965ccfc6d4b" outcome="Passed" testListId="8c84fa94-04c1-424b-9868-57a2d4851a1d" relativeResultsDirectory="d4eceefb-6ba8-499e-a72e-9d74316baafb" />
    <UnitTestResult executionId="db989803-ea11-4d38-8ade-4ab4befe7c91" testId="4b952834-0343-c040-cdd1-a96cc9e75de7" testName="RestrictedMediaCreateLiveViewModel_NoSelectedCamerasState" computerName="DKSR-EFI-06" duration="00:00:00.0030000" startTime="2024-01-09T15:44:11.0000000+01:00" endTime="2024-01-09T15:44:11.0000000+01:00" testType="13cdc9d9-ddb5-4fa4-a97d-d965ccfc6d4b" outcome="Passed" testListId="8c84fa94-04c1-424b-9868-57a2d4851a1d" relativeResultsDirectory="db989803-ea11-4d38-8ade-4ab4befe7c91" />
    <UnitTestResult executionId="fdad17fc-ca33-45e5-bd63-1d8a1638ba46" testId="7580e5f8-d5c2-c95c-21c4-429679e698c0" testName="RunAsync_WithEmptyTaskList_NoExceptionThrown" computerName="DKSR-EFI-06" duration="00:00:00.0010000" startTime="2024-01-09T15:44:18.0000000+01:00" endTime="2024-01-09T15:44:18.0000000+01:00" testType="13cdc9d9-ddb5-4fa4-a97d-d965ccfc6d4b" outcome="Passed" testListId="8c84fa94-04c1-424b-9868-57a2d4851a1d" relativeResultsDirectory="fdad17fc-ca33-45e5-bd63-1d8a1638ba46" />
    <UnitTestResult executionId="70d713f8-09d1-42b6-87db-51a2dcb3e0e2" testId="4c224c87-09cd-ceb5-368b-fa0914e2789b" testName="GetCamerasFromWindow_NoValidView_EmptyResult" computerName="DKSR-EFI-06" duration="00:00:00.1230000" startTime="2024-01-09T15:44:09.0000000+01:00" endTime="2024-01-09T15:44:09.0000000+01:00" testType="13cdc9d9-ddb5-4fa4-a97d-d965ccfc6d4b" outcome="Passed" testListId="8c84fa94-04c1-424b-9868-57a2d4851a1d" relativeResultsDirectory="70d713f8-09d1-42b6-87db-51a2dcb3e0e2" />
    <UnitTestResult executionId="04b4e9f8-c6c9-444d-a2b9-1c6d142e5009" testId="31577d63-fef0-b361-ce63-ffe6bf198506" testName="ConvertPlatFormWarningDevice_To_PluginErrorDevice_ErrorDeviceArray_Returned(1,None)" computerName="DKSR-EFI-06" duration="00:00:00.0000001" startTime="2024-01-09T15:44:09.0000000+01:00" endTime="2024-01-09T15:44:09.0000000+01:00" testType="13cdc9d9-ddb5-4fa4-a97d-d965ccfc6d4b" outcome="Passed" testListId="8c84fa94-04c1-424b-9868-57a2d4851a1d" relativeResultsDirectory="04b4e9f8-c6c9-444d-a2b9-1c6d142e5009" />
    <UnitTestResult executionId="e997895f-eba2-4345-a8f8-bf29c3d999ff" testId="844d30da-d117-dd47-6262-4d8b52e39421" testName="Execute_MultipleServers_MultipleServerCalls" computerName="DKSR-EFI-06" duration="00:00:00.0230000" startTime="2024-01-09T15:44:10.0000000+01:00" endTime="2024-01-09T15:44:11.0000000+01:00" testType="13cdc9d9-ddb5-4fa4-a97d-d965ccfc6d4b" outcome="Passed" testListId="8c84fa94-04c1-424b-9868-57a2d4851a1d" relativeResultsDirectory="e997895f-eba2-4345-a8f8-bf29c3d999ff" />
    <UnitTestResult executionId="a848281e-d0d7-4e74-b985-b0ea98c97aab" testId="391edcc3-034a-2f23-8b03-4a43192cc981" testName="ConvertPlatFormWarningDevice_To_PluginErrorDevice_ErrorDeviceArray_Returned(4,DeviceNotFound)" computerName="DKSR-EFI-06" duration="00:00:00.0000001" startTime="2024-01-09T15:44:09.0000000+01:00" endTime="2024-01-09T15:44:09.0000000+01:00" testType="13cdc9d9-ddb5-4fa4-a97d-d965ccfc6d4b" outcome="Passed" testListId="8c84fa94-04c1-424b-9868-57a2d4851a1d" relativeResultsDirectory="a848281e-d0d7-4e74-b985-b0ea98c97aab" />
    <UnitTestResult executionId="04d8485f-1481-4107-bef5-b9cad67bab6e" testId="c86601ba-a14c-3012-70ec-5bf13036dbb5" testName="SetEffectiveInterval_TextLongerThanMaxFilter_TextTruncated(&quot;2023-09-08T22:12:35.0000000Z&quot;,&quot;2023-09-08T22:12:35.0000000Z&quot;,&quot;da-DK&quot;)" computerName="DKSR-EFI-06" duration="00:00:00.0010000" startTime="2024-01-09T15:44:18.0000000+01:00" endTime="2024-01-09T15:44:18.0000000+01:00" testType="13cdc9d9-ddb5-4fa4-a97d-d965ccfc6d4b" outcome="Passed" testListId="8c84fa94-04c1-424b-9868-57a2d4851a1d" relativeResultsDirectory="04d8485f-1481-4107-bef5-b9cad67bab6e" />
    <UnitTestResult executionId="e3bbc4f0-4c12-4b88-b663-a5d09bce0db6" testId="bc42c1b4-be5e-c69e-5a51-b826dee331f3" testName="RestrictedMediaExitLiveProgressViewModel_Execute_SingleServer_Success" computerName="DKSR-EFI-06" duration="00:00:00.0090000" startTime="2024-01-09T15:44:10.0000000+01:00" endTime="2024-01-09T15:44:10.0000000+01:00" testType="13cdc9d9-ddb5-4fa4-a97d-d965ccfc6d4b" outcome="Passed" testListId="8c84fa94-04c1-424b-9868-57a2d4851a1d" relativeResultsDirectory="e3bbc4f0-4c12-4b88-b663-a5d09bce0db6" />
    <UnitTestResult executionId="7d0f9227-cad2-4fbe-889e-c39644ab3324" testId="7c9d7bde-1889-3b37-65b8-3fa66ce2d771" testName="ConvertPlatFormFaultDevice_To_ErrorDeviceModel_Array_Returned(0,UnknownError)" computerName="DKSR-EFI-06" duration="00:00:00.0060000" startTime="2024-01-09T15:44:09.0000000+01:00" endTime="2024-01-09T15:44:09.0000000+01:00" testType="13cdc9d9-ddb5-4fa4-a97d-d965ccfc6d4b" outcome="Passed" testListId="8c84fa94-04c1-424b-9868-57a2d4851a1d" relativeResultsDirectory="7d0f9227-cad2-4fbe-889e-c39644ab3324" />
    <UnitTestResult executionId="74412c9e-095a-4c57-901c-cb244919e913" testId="a780cbe8-57f9-0e6d-aeb2-f91dffe0d63c" testName="ExecuteMethod_Refresh_Success_Devices_All" computerName="DKSR-EFI-06" duration="00:00:00.0070000" startTime="2024-01-09T15:44:14.0000000+01:00" endTime="2024-01-09T15:44:14.0000000+01:00" testType="13cdc9d9-ddb5-4fa4-a97d-d965ccfc6d4b" outcome="Passed" testListId="8c84fa94-04c1-424b-9868-57a2d4851a1d" relativeResultsDirectory="74412c9e-095a-4c57-901c-cb244919e913" />
    <UnitTestResult executionId="1a34ec87-4362-4cdb-8edc-4a82aaf6467e" testId="1f3fdfbb-91fc-01ee-925a-9ebae737b72d" testName="CreatedAtComboBoxModel_FilterSetToAll_AllRestriction" computerName="DKSR-EFI-06" duration="00:00:00.0100000" startTime="2024-01-09T15:44:13.0000000+01:00" endTime="2024-01-09T15:44:13.0000000+01:00" testType="13cdc9d9-ddb5-4fa4-a97d-d965ccfc6d4b" outcome="Passed" testListId="8c84fa94-04c1-424b-9868-57a2d4851a1d" relativeResultsDirectory="1a34ec87-4362-4cdb-8edc-4a82aaf6467e" />
    <UnitTestResult executionId="13dff08e-0111-480e-a773-7d6adc3c5d41" testId="16f550c0-de50-781b-0959-93b59dc5d5ba" testName="IntervalComboBoxModel_DefaultSelectIntervalOption_All" computerName="DKSR-EFI-06" duration="00:00:00.0020000" startTime="2024-01-09T15:44:15.0000000+01:00" endTime="2024-01-09T15:44:15.0000000+01:00" testType="13cdc9d9-ddb5-4fa4-a97d-d965ccfc6d4b" outcome="Passed" testListId="8c84fa94-04c1-424b-9868-57a2d4851a1d" relativeResultsDirectory="13dff08e-0111-480e-a773-7d6adc3c5d41" />
    <UnitTestResult executionId="4d0bf4e0-7008-41e9-a621-5892b651b432" testId="71188bb9-284a-bf1f-a499-13a945aed754" testName="Convert_RestrictedMediaResult_Failed_Test(ManagementServerUnavailable,ManagementServerUnavailable)" computerName="DKSR-EFI-06" duration="00:00:00.0070000" startTime="2024-01-09T15:44:08.0000000+01:00" endTime="2024-01-09T15:44:08.0000000+01:00" testType="13cdc9d9-ddb5-4fa4-a97d-d965ccfc6d4b" outcome="Passed" testListId="8c84fa94-04c1-424b-9868-57a2d4851a1d" relativeResultsDirectory="4d0bf4e0-7008-41e9-a621-5892b651b432" />
    <UnitTestResult executionId="ed6fbfec-1715-4f54-8ea8-a2d619ca826f" testId="18f93121-7e83-bbf0-98ee-4ee420f5ecd1" testName="RestrictedMediaEditPlaybackProgressViewModel_Execute_Failed_DeviceError" computerName="DKSR-EFI-06" duration="00:00:00.0390000" startTime="2024-01-09T15:44:10.0000000+01:00" endTime="2024-01-09T15:44:10.0000000+01:00" testType="13cdc9d9-ddb5-4fa4-a97d-d965ccfc6d4b" outcome="Passed" testListId="8c84fa94-04c1-424b-9868-57a2d4851a1d" relativeResultsDirectory="ed6fbfec-1715-4f54-8ea8-a2d619ca826f" />
    <UnitTestResult executionId="5db72e17-2ab5-4f7d-b87d-35eae6573b1a" testId="28701de4-eade-47c6-0565-e81a9ab9d6fa" testName="ConvertPlatFormWarningDevice_To_ErrorDeviceModel_Single_ErrorDevice_Returned(2,Warning)" computerName="DKSR-EFI-06" duration="00:00:00.0000001" startTime="2024-01-09T15:44:09.0000000+01:00" endTime="2024-01-09T15:44:09.0000000+01:00" testType="13cdc9d9-ddb5-4fa4-a97d-d965ccfc6d4b" outcome="Passed" testListId="8c84fa94-04c1-424b-9868-57a2d4851a1d" relativeResultsDirectory="5db72e17-2ab5-4f7d-b87d-35eae6573b1a" />
    <UnitTestResult executionId="8fa10b78-672f-4d34-8315-ba6f196c3907" testId="fe3e21cb-7cad-4d47-0bc0-04db3ff0e028" testName="ConvertPlatFormWarningDevice_To_PluginErrorDevice_ErrorDeviceArray_Returned(6,AlreadyInRestrictedLiveMode)" computerName="DKSR-EFI-06" duration="00:00:00.0000001" startTime="2024-01-09T15:44:09.0000000+01:00" endTime="2024-01-09T15:44:09.0000000+01:00" testType="13cdc9d9-ddb5-4fa4-a97d-d965ccfc6d4b" outcome="Passed" testListId="8c84fa94-04c1-424b-9868-57a2d4851a1d" relativeResultsDirectory="8fa10b78-672f-4d34-8315-ba6f196c3907" />
    <UnitTestResult executionId="961aecf5-f4a7-4556-88f4-3ced59c88d10" testId="c0068267-b431-6503-65ac-a798fd442fea" testName="ExecuteMethod_ButtonClick_Remove_RestrictedMediaPlayback" computerName="DKSR-EFI-06" duration="00:00:00.0250000" startTime="2024-01-09T15:44:13.0000000+01:00" endTime="2024-01-09T15:44:13.0000000+01:00" testType="13cdc9d9-ddb5-4fa4-a97d-d965ccfc6d4b" outcome="Passed" testListId="8c84fa94-04c1-424b-9868-57a2d4851a1d" relativeResultsDirectory="961aecf5-f4a7-4556-88f4-3ced59c88d10" />
    <UnitTestResult executionId="c84aabd5-b4e1-446b-8318-e2c03b0123ce" testId="5a7311b9-7f49-b785-43b5-d7b63353f4a1" testName="IntervalComboBoxModel_SearchWhenUtcIsDayAfter_SearchMatchesLocalTime(&quot;Yesterday&quot;,[&quot;Yesterday&quot;])" computerName="DKSR-EFI-06" duration="00:00:00.0010000" startTime="2024-01-09T15:44:16.0000000+01:00" endTime="2024-01-09T15:44:16.0000000+01:00" testType="13cdc9d9-ddb5-4fa4-a97d-d965ccfc6d4b" outcome="Passed" testListId="8c84fa94-04c1-424b-9868-57a2d4851a1d" relativeResultsDirectory="c84aabd5-b4e1-446b-8318-e2c03b0123ce" />
    <UnitTestResult executionId="50a01053-fb96-4564-a747-d285fdfce274" testId="24763f3a-7b3d-281e-6b50-9876bb6d6b14" testName="ExecuteMethodView_ViewLimitNotReached_ShowViewLimitReachedWarningMessageNotCalled" computerName="DKSR-EFI-06" duration="00:00:00.0110000" startTime="2024-01-09T15:44:15.0000000+01:00" endTime="2024-01-09T15:44:15.0000000+01:00" testType="13cdc9d9-ddb5-4fa4-a97d-d965ccfc6d4b" outcome="Passed" testListId="8c84fa94-04c1-424b-9868-57a2d4851a1d" relativeResultsDirectory="50a01053-fb96-4564-a747-d285fdfce274" />
    <UnitTestResult executionId="324bd151-c54e-417a-84bc-81f72e757e51" testId="d257f43a-ffa4-92d5-a1da-0840bec3d442" testName="RestrictedMediaEditPlaybackViewModel_EditStartTime_Future_Warning" computerName="DKSR-EFI-06" duration="00:00:00.0010000" startTime="2024-01-09T15:44:12.0000000+01:00" endTime="2024-01-09T15:44:12.0000000+01:00" testType="13cdc9d9-ddb5-4fa4-a97d-d965ccfc6d4b" outcome="Passed" testListId="8c84fa94-04c1-424b-9868-57a2d4851a1d" relativeResultsDirectory="324bd151-c54e-417a-84bc-81f72e757e51" />
    <UnitTestResult executionId="98531ffd-6764-453b-bd43-1ad75e81f9e6" testId="21838aa6-6c20-e6a6-8459-3440fa3feb8d" testName="ExecuteMethod_Refresh_Success_SearchText_Description_CaseInSensitive" computerName="DKSR-EFI-06" duration="00:00:00.0850000" startTime="2024-01-09T15:44:14.0000000+01:00" endTime="2024-01-09T15:44:14.0000000+01:00" testType="13cdc9d9-ddb5-4fa4-a97d-d965ccfc6d4b" outcome="Passed" testListId="8c84fa94-04c1-424b-9868-57a2d4851a1d" relativeResultsDirectory="98531ffd-6764-453b-bd43-1ad75e81f9e6" />
    <UnitTestResult executionId="78648b0b-a122-4716-b751-be9308dd4e22" testId="210e597f-b1ff-3e29-e2d8-6ff1ed3cb503" testName="RestrictedMediaCreateLiveViewModel_CreateCommand_ChangedTime_ValidationSuccesss" computerName="DKSR-EFI-06" duration="00:00:00.0050000" startTime="2024-01-09T15:44:11.0000000+01:00" endTime="2024-01-09T15:44:11.0000000+01:00" testType="13cdc9d9-ddb5-4fa4-a97d-d965ccfc6d4b" outcome="Passed" testListId="8c84fa94-04c1-424b-9868-57a2d4851a1d" relativeResultsDirectory="78648b0b-a122-4716-b751-be9308dd4e22" />
    <UnitTestResult executionId="6825d4c5-9470-47b6-b6b6-0620364996c3" testId="49e10312-0663-cc79-158e-7d3cb2a101cb" testName="ConvertPlatFormFaultDevice_To_ErrorDeviceModel_Single_ErrorDevice_Returned(1,None)" computerName="DKSR-EFI-06" duration="00:00:00.0000001" startTime="2024-01-09T15:44:09.0000000+01:00" endTime="2024-01-09T15:44:09.0000000+01:00" testType="13cdc9d9-ddb5-4fa4-a97d-d965ccfc6d4b" outcome="Passed" testListId="8c84fa94-04c1-424b-9868-57a2d4851a1d" relativeResultsDirectory="6825d4c5-9470-47b6-b6b6-0620364996c3" />
    <UnitTestResult executionId="78425cf6-0531-492c-a97a-6d56ced58d55" testId="5eae2ac7-c0da-a06e-719d-70aa94a30d9d" testName="RestrictedMediaExitLiveViewModel_ConstructorTests_SelectedDevices_ArgumentNull" computerName="DKSR-EFI-06" duration="00:00:00.0010000" startTime="2024-01-09T15:44:12.0000000+01:00" endTime="2024-01-09T15:44:12.0000000+01:00" testType="13cdc9d9-ddb5-4fa4-a97d-d965ccfc6d4b" outcome="Passed" testListId="8c84fa94-04c1-424b-9868-57a2d4851a1d" relativeResultsDirectory="78425cf6-0531-492c-a97a-6d56ced58d55" />
    <UnitTestResult executionId="51142420-0b1c-431c-9a4a-55f5a9895372" testId="9a5e88d0-acb8-77b1-acb7-fc2b3db675fe" testName="IntervalComboBoxModel_CustomMatchStartOnFromTime_RestrictionIncluded" computerName="DKSR-EFI-06" duration="00:00:00.0250000" startTime="2024-01-09T15:44:15.0000000+01:00" endTime="2024-01-09T15:44:15.0000000+01:00" testType="13cdc9d9-ddb5-4fa4-a97d-d965ccfc6d4b" outcome="Passed" testListId="8c84fa94-04c1-424b-9868-57a2d4851a1d" relativeResultsDirectory="51142420-0b1c-431c-9a4a-55f5a9895372" />
    <UnitTestResult executionId="b9d65032-7b9e-4b21-a231-ac209755da5b" testId="51cb5e73-2daf-67cf-7740-ee84479a87af" testName="RestrictedMediaCreatePlaybackViewModel_CreateCommand_MultiServerCamerasSelected_ValidationSuccess" computerName="DKSR-EFI-06" duration="00:00:00.0050000" startTime="2024-01-09T15:44:11.0000000+01:00" endTime="2024-01-09T15:44:11.0000000+01:00" testType="13cdc9d9-ddb5-4fa4-a97d-d965ccfc6d4b" outcome="Passed" testListId="8c84fa94-04c1-424b-9868-57a2d4851a1d" relativeResultsDirectory="b9d65032-7b9e-4b21-a231-ac209755da5b" />
    <UnitTestResult executionId="7d097198-c8be-45c4-bee9-7142d1b6c5fc" testId="8951f870-881c-3a35-17f5-1cb242927a2f" testName="Convert_RestrictedMediaResult_PartlySuccess_Test" computerName="DKSR-EFI-06" duration="00:00:00.0000001" startTime="2024-01-09T15:44:08.0000000+01:00" endTime="2024-01-09T15:44:08.0000000+01:00" testType="13cdc9d9-ddb5-4fa4-a97d-d965ccfc6d4b" outcome="Passed" testListId="8c84fa94-04c1-424b-9868-57a2d4851a1d" relativeResultsDirectory="7d097198-c8be-45c4-bee9-7142d1b6c5fc" />
    <UnitTestResult executionId="60a2ebaf-c301-4aef-aaf0-b8977069c875" testId="71b4a528-23d9-6c06-7f30-79132762dbab" testName="RestrictedMediaCreatePlaybackViewModel_SelectCommand" computerName="DKSR-EFI-06" duration="00:00:00.0030000" startTime="2024-01-09T15:44:11.0000000+01:00" endTime="2024-01-09T15:44:11.0000000+01:00" testType="13cdc9d9-ddb5-4fa4-a97d-d965ccfc6d4b" outcome="Passed" testListId="8c84fa94-04c1-424b-9868-57a2d4851a1d" relativeResultsDirectory="60a2ebaf-c301-4aef-aaf0-b8977069c875" />
    <UnitTestResult executionId="f5ee7a34-95f4-418f-994a-25f527924aed" testId="501ba2df-24ab-2f81-945f-012257f2e660" testName="RestrictedMediaEditLiveViewModel_EditDevices_NoDevicesSelected_Failed" computerName="DKSR-EFI-06" duration="00:00:00.0010000" startTime="2024-01-09T15:44:11.0000000+01:00" endTime="2024-01-09T15:44:11.0000000+01:00" testType="13cdc9d9-ddb5-4fa4-a97d-d965ccfc6d4b" outcome="Passed" testListId="8c84fa94-04c1-424b-9868-57a2d4851a1d" relativeResultsDirectory="f5ee7a34-95f4-418f-994a-25f527924aed" />
    <UnitTestResult executionId="39d3c92c-f8bb-4609-ace5-e70c1858152b" testId="cae2f4a3-0aac-f2b3-8318-20301651883f" testName="ConvertPlatFormWarningDevice_To_PluginErrorDevice_Single_ErrorDevice_GetItems_Returns_Null(1,None)" computerName="DKSR-EFI-06" duration="00:00:00.0000001" startTime="2024-01-09T15:44:09.0000000+01:00" endTime="2024-01-09T15:44:09.0000000+01:00" testType="13cdc9d9-ddb5-4fa4-a97d-d965ccfc6d4b" outcome="Passed" testListId="8c84fa94-04c1-424b-9868-57a2d4851a1d" relativeResultsDirectory="39d3c92c-f8bb-4609-ace5-e70c1858152b" />
    <UnitTestResult executionId="65285083-9a0c-4e78-a9f1-f9fa9a1710ee" testId="b08efac4-f7b4-86e1-e265-8c0896e348bb" testName="RestrictedMediaExitLiveProgressViewModel_Execute_MultiServer_PartialSuccess" computerName="DKSR-EFI-06" duration="00:00:00.0280000" startTime="2024-01-09T15:44:10.0000000+01:00" endTime="2024-01-09T15:44:10.0000000+01:00" testType="13cdc9d9-ddb5-4fa4-a97d-d965ccfc6d4b" outcome="Passed" testListId="8c84fa94-04c1-424b-9868-57a2d4851a1d" relativeResultsDirectory="65285083-9a0c-4e78-a9f1-f9fa9a1710ee" />
    <UnitTestResult executionId="b453ae5a-c94a-450d-aa7a-1aadf007c080" testId="71334d04-89b7-78cf-1a9e-6deb8a35af14" testName="ConvertPlatFormWarningDevice_To_PluginErrorDevice_Single_ErrorDevice_GetItems_Returns_Null(4,DeviceNotFound)" computerName="DKSR-EFI-06" duration="00:00:00.0000001" startTime="2024-01-09T15:44:09.0000000+01:00" endTime="2024-01-09T15:44:09.0000000+01:00" testType="13cdc9d9-ddb5-4fa4-a97d-d965ccfc6d4b" outcome="Passed" testListId="8c84fa94-04c1-424b-9868-57a2d4851a1d" relativeResultsDirectory="b453ae5a-c94a-450d-aa7a-1aadf007c080" />
    <UnitTestResult executionId="dbd04c71-8af5-43d0-a483-9620a857cfa7" testId="5111f921-124c-75f5-e142-9e27da0ffa41" testName="IntervalComboBoxModel_SearchWhenUtcIsDayAfter_SearchMatchesLocalTime(&quot;Last 7 days&quot;,[&quot;Last 7 days&quot;, &quot;Today&quot;, &quot;Yesterday&quot;])" computerName="DKSR-EFI-06" duration="00:00:00.0010000" startTime="2024-01-09T15:44:16.0000000+01:00" endTime="2024-01-09T15:44:16.0000000+01:00" testType="13cdc9d9-ddb5-4fa4-a97d-d965ccfc6d4b" outcome="Passed" testListId="8c84fa94-04c1-424b-9868-57a2d4851a1d" relativeResultsDirectory="dbd04c71-8af5-43d0-a483-9620a857cfa7" />
    <UnitTestResult executionId="0d553563-146e-4f62-8be3-612f2e7985a9" testId="b034be6b-6f7a-829c-3bd2-01289d08479f" testName="IntervalComboBoxModel_CustomMatchStartOnToTime_RestrictionNotIncluded" computerName="DKSR-EFI-06" duration="00:00:00.0040000" startTime="2024-01-09T15:44:15.0000000+01:00" endTime="2024-01-09T15:44:15.0000000+01:00" testType="13cdc9d9-ddb5-4fa4-a97d-d965ccfc6d4b" outcome="Passed" testListId="8c84fa94-04c1-424b-9868-57a2d4851a1d" relativeResultsDirectory="0d553563-146e-4f62-8be3-612f2e7985a9" />
    <UnitTestResult executionId="be93028c-b515-4706-a706-30a40203a035" testId="aa77376e-ef01-4b80-bbbc-46aaa0c74298" testName="RestrictedMediaListViewModel_MessageReceiver_BehaviourTest" computerName="DKSR-EFI-06" duration="00:00:00.0030000" startTime="2024-01-09T15:44:15.0000000+01:00" endTime="2024-01-09T15:44:15.0000000+01:00" testType="13cdc9d9-ddb5-4fa4-a97d-d965ccfc6d4b" outcome="Passed" testListId="8c84fa94-04c1-424b-9868-57a2d4851a1d" relativeResultsDirectory="be93028c-b515-4706-a706-30a40203a035" />
    <UnitTestResult executionId="72648ce0-1829-4ad4-9080-ad699efabbd8" testId="8f15d6b4-2cd3-70d8-4fca-e4c7e4773f03" testName="RestrictedMediaCreatePlaybackViewModel_ConstructorTests_SelectedCamera_ArgumentNull" computerName="DKSR-EFI-06" duration="00:00:00.0000001" startTime="2024-01-09T15:44:11.0000000+01:00" endTime="2024-01-09T15:44:11.0000000+01:00" testType="13cdc9d9-ddb5-4fa4-a97d-d965ccfc6d4b" outcome="Passed" testListId="8c84fa94-04c1-424b-9868-57a2d4851a1d" relativeResultsDirectory="72648ce0-1829-4ad4-9080-ad699efabbd8" />
    <UnitTestResult executionId="bb12dca4-430e-460e-b91b-dbdc292a0349" testId="64b2cf54-6e1b-2d0a-a200-c80861e76853" testName="SetEffectiveInterval_TextLongerThanMaxFilter_TextTruncated(&quot;2023-09-10T22:12:35.0000000Z&quot;,&quot;2023-09-11T22:12:35.0000000Z&quot;,&quot;da-DK&quot;)" computerName="DKSR-EFI-06" duration="00:00:00.0020000" startTime="2024-01-09T15:44:18.0000000+01:00" endTime="2024-01-09T15:44:18.0000000+01:00" testType="13cdc9d9-ddb5-4fa4-a97d-d965ccfc6d4b" outcome="Passed" testListId="8c84fa94-04c1-424b-9868-57a2d4851a1d" relativeResultsDirectory="bb12dca4-430e-460e-b91b-dbdc292a0349" />
    <UnitTestResult executionId="0cf3c9ea-61aa-414e-8b72-df108760488f" testId="ebf8fd1b-1a44-cfc2-11b4-b52e882f3ade" testName="ConvertPlatFormWarningDevice_To_ErrorDeviceModelArray_Empty_Array_Returned" computerName="DKSR-EFI-06" duration="00:00:00.0000001" startTime="2024-01-09T15:44:09.0000000+01:00" endTime="2024-01-09T15:44:09.0000000+01:00" testType="13cdc9d9-ddb5-4fa4-a97d-d965ccfc6d4b" outcome="Passed" testListId="8c84fa94-04c1-424b-9868-57a2d4851a1d" relativeResultsDirectory="0cf3c9ea-61aa-414e-8b72-df108760488f" />
    <UnitTestResult executionId="316a18e7-f3dd-4925-903a-4846847bf7a0" testId="17f7715f-e521-d6e9-3c99-4fafcd6adba9" testName="RestrictedMediaCreateProgressViewModel_ConstructorTests_Success" computerName="DKSR-EFI-06" duration="00:00:00.0110000" startTime="2024-01-09T15:44:10.0000000+01:00" endTime="2024-01-09T15:44:10.0000000+01:00" testType="13cdc9d9-ddb5-4fa4-a97d-d965ccfc6d4b" outcome="Passed" testListId="8c84fa94-04c1-424b-9868-57a2d4851a1d" relativeResultsDirectory="316a18e7-f3dd-4925-903a-4846847bf7a0" />
    <UnitTestResult executionId="250c6ad2-17fa-4bc7-98c0-a4c3a0f3bc9c" testId="f31e196b-516d-6cf5-8a0e-f068ca39931c" testName="RestrictedMediaEditPlaybackProgressViewModel_ConstructorTests_Model_Success" computerName="DKSR-EFI-06" duration="00:00:00.0010000" startTime="2024-01-09T15:44:10.0000000+01:00" endTime="2024-01-09T15:44:10.0000000+01:00" testType="13cdc9d9-ddb5-4fa4-a97d-d965ccfc6d4b" outcome="Passed" testListId="8c84fa94-04c1-424b-9868-57a2d4851a1d" relativeResultsDirectory="250c6ad2-17fa-4bc7-98c0-a4c3a0f3bc9c" />
    <UnitTestResult executionId="bd051aa0-acc1-410e-acbf-0dc0844199e1" testId="18191da9-0984-0f3b-126b-81974bfca015" testName="ConvertPlatFormRestrictedMediaResult_To_RestrictedMediaResultModel_Warning_And_Fault_Devices_Empty_Test" computerName="DKSR-EFI-06" duration="00:00:00.0020000" startTime="2024-01-09T15:44:09.0000000+01:00" endTime="2024-01-09T15:44:09.0000000+01:00" testType="13cdc9d9-ddb5-4fa4-a97d-d965ccfc6d4b" outcome="Passed" testListId="8c84fa94-04c1-424b-9868-57a2d4851a1d" relativeResultsDirectory="bd051aa0-acc1-410e-acbf-0dc0844199e1" />
    <UnitTestResult executionId="6c29e940-3d77-4b3e-810c-eed82ca35aba" testId="ab813323-1f2c-c44f-544b-bff76e99e7d9" testName="RestrictedMediaEditLiveProgressViewModel_Execute_MultiServer_PartialSuccess" computerName="DKSR-EFI-06" duration="00:00:00.0180000" startTime="2024-01-09T15:44:10.0000000+01:00" endTime="2024-01-09T15:44:10.0000000+01:00" testType="13cdc9d9-ddb5-4fa4-a97d-d965ccfc6d4b" outcome="Passed" testListId="8c84fa94-04c1-424b-9868-57a2d4851a1d" relativeResultsDirectory="6c29e940-3d77-4b3e-810c-eed82ca35aba" />
    <UnitTestResult executionId="a1cd883d-1dc1-4490-a83f-d45411144619" testId="85363cf0-041e-8fae-3bb0-ba21039404b2" testName="ConvertPlatFormWarningDevice_To_ErrorDeviceModel_Single_ErrorDevice_Returned(5,RestrictedMediasNotSupported)" computerName="DKSR-EFI-06" duration="00:00:00.0000001" startTime="2024-01-09T15:44:09.0000000+01:00" endTime="2024-01-09T15:44:09.0000000+01:00" testType="13cdc9d9-ddb5-4fa4-a97d-d965ccfc6d4b" outcome="Passed" testListId="8c84fa94-04c1-424b-9868-57a2d4851a1d" relativeResultsDirectory="a1cd883d-1dc1-4490-a83f-d45411144619" />
    <UnitTestResult executionId="4e4cec0f-37c0-42f3-96eb-b7a7cd534815" testId="897905b9-9c06-5ca9-9284-078dac8f195e" testName="IntervalComboBoxModel_SearchWhenUtcIsDayBefore_SearchMatchesLocalTime(&quot;Today&quot;,[&quot;Today&quot;])" computerName="DKSR-EFI-06" duration="00:00:00.0350000" startTime="2024-01-09T15:44:16.0000000+01:00" endTime="2024-01-09T15:44:16.0000000+01:00" testType="13cdc9d9-ddb5-4fa4-a97d-d965ccfc6d4b" outcome="Passed" testListId="8c84fa94-04c1-424b-9868-57a2d4851a1d" relativeResultsDirectory="4e4cec0f-37c0-42f3-96eb-b7a7cd534815" />
    <UnitTestResult executionId="59d5707e-943a-488c-b16b-1faf279b9409" testId="96f6519b-60d5-0ac4-af54-b3a07885e942" testName="RestrictedMediaCreateProgressViewModel_Create_Success" computerName="DKSR-EFI-06" duration="00:00:00.0140000" startTime="2024-01-09T15:44:10.0000000+01:00" endTime="2024-01-09T15:44:10.0000000+01:00" testType="13cdc9d9-ddb5-4fa4-a97d-d965ccfc6d4b" outcome="Passed" testListId="8c84fa94-04c1-424b-9868-57a2d4851a1d" relativeResultsDirectory="59d5707e-943a-488c-b16b-1faf279b9409" />
    <UnitTestResult executionId="aa7924c1-f7c3-4caa-a06e-888ccaf330c9" testId="4c490d36-a761-c20e-4b0e-2ca5916bb3d5" testName="ConvertPlatFormWarningDevice_To_PluginErrorDevice_Single_ErrorDevice_GetItems_Returns_Null(2,Warning)" computerName="DKSR-EFI-06" duration="00:00:00.0000001" startTime="2024-01-09T15:44:09.0000000+01:00" endTime="2024-01-09T15:44:09.0000000+01:00" testType="13cdc9d9-ddb5-4fa4-a97d-d965ccfc6d4b" outcome="Passed" testListId="8c84fa94-04c1-424b-9868-57a2d4851a1d" relativeResultsDirectory="aa7924c1-f7c3-4caa-a06e-888ccaf330c9" />
    <UnitTestResult executionId="e5c90843-1fcb-4143-80d4-addf16acbb14" testId="a70ef326-739e-403b-fa6d-15d111d9b050" testName="Set_SearchText_Without_Refresh" computerName="DKSR-EFI-06" duration="00:00:00.0020000" startTime="2024-01-09T15:44:15.0000000+01:00" endTime="2024-01-09T15:44:15.0000000+01:00" testType="13cdc9d9-ddb5-4fa4-a97d-d965ccfc6d4b" outcome="Passed" testListId="8c84fa94-04c1-424b-9868-57a2d4851a1d" relativeResultsDirectory="e5c90843-1fcb-4143-80d4-addf16acbb14" />
    <UnitTestResult executionId="be272618-3832-4df6-b90d-cd64d86ff674" testId="0ada7e62-ef10-ec08-7ed3-66a98abd19fb" testName="ActionButtonsDisabled_When_NothingSelected" computerName="DKSR-EFI-06" duration="00:00:00.0020000" startTime="2024-01-09T15:44:12.0000000+01:00" endTime="2024-01-09T15:44:12.0000000+01:00" testType="13cdc9d9-ddb5-4fa4-a97d-d965ccfc6d4b" outcome="Passed" testListId="8c84fa94-04c1-424b-9868-57a2d4851a1d" relativeResultsDirectory="be272618-3832-4df6-b90d-cd64d86ff674" />
    <UnitTestResult executionId="3144a89a-8e52-44ce-94f4-73d1bcf7c044" testId="ea277a36-89c6-815e-1e01-7067106a6b4d" testName="RestrictedMediaEditPlaybackViewModel_Command_AddCamera_Success" computerName="DKSR-EFI-06" duration="00:00:00.0030000" startTime="2024-01-09T15:44:12.0000000+01:00" endTime="2024-01-09T15:44:12.0000000+01:00" testType="13cdc9d9-ddb5-4fa4-a97d-d965ccfc6d4b" outcome="Passed" testListId="8c84fa94-04c1-424b-9868-57a2d4851a1d" relativeResultsDirectory="3144a89a-8e52-44ce-94f4-73d1bcf7c044" />
    <UnitTestResult executionId="3ff53406-a5f3-4c4a-8c60-3c20c344b1c2" testId="ae05e6e7-ea4a-0fe2-a66f-35a221e633e4" testName="ShowRemovePlaybackFlow_NotOnePlaybackRestrictionSelected_InvalidOperationException(2)" computerName="DKSR-EFI-06" duration="00:00:00.0010000" startTime="2024-01-09T15:44:18.0000000+01:00" endTime="2024-01-09T15:44:18.0000000+01:00" testType="13cdc9d9-ddb5-4fa4-a97d-d965ccfc6d4b" outcome="Passed" testListId="8c84fa94-04c1-424b-9868-57a2d4851a1d" relativeResultsDirectory="3ff53406-a5f3-4c4a-8c60-3c20c344b1c2" />
    <UnitTestResult executionId="b651d2df-b08f-4888-99ab-1d1b0b8cab37" testId="54eb4d72-1852-5272-c0dc-48b1ff6b21d0" testName="Convert_RestrictedMediaResult_Failed_Test(RestrictedMediaNotFound,RestrictedMediaNotFound)" computerName="DKSR-EFI-06" duration="00:00:00.0000001" startTime="2024-01-09T15:44:08.0000000+01:00" endTime="2024-01-09T15:44:08.0000000+01:00" testType="13cdc9d9-ddb5-4fa4-a97d-d965ccfc6d4b" outcome="Passed" testListId="8c84fa94-04c1-424b-9868-57a2d4851a1d" relativeResultsDirectory="b651d2df-b08f-4888-99ab-1d1b0b8cab37" />
    <UnitTestResult executionId="8b4ee09b-8605-44ea-b459-7c00cfefe340" testId="b48c1686-56b0-e245-e0ab-56420221ccdb" testName="RestrictedMediaCreatePlaybackViewModel_StartTimeAndEndTimeAreSame_ValidationFailed" computerName="DKSR-EFI-06" duration="00:00:00.0040000" startTime="2024-01-09T15:44:11.0000000+01:00" endTime="2024-01-09T15:44:11.0000000+01:00" testType="13cdc9d9-ddb5-4fa4-a97d-d965ccfc6d4b" outcome="Passed" testListId="8c84fa94-04c1-424b-9868-57a2d4851a1d" relativeResultsDirectory="8b4ee09b-8605-44ea-b459-7c00cfefe340" />
    <UnitTestResult executionId="5be7194a-354a-40b1-b222-33d6eb698316" testId="2b05d66f-6eab-6c59-3bad-2b91d74af1f8" testName="RestrictedMediaCreateProgressViewModel_Create_Failure_ServerError" computerName="DKSR-EFI-06" duration="00:00:00.0140000" startTime="2024-01-09T15:44:10.0000000+01:00" endTime="2024-01-09T15:44:10.0000000+01:00" testType="13cdc9d9-ddb5-4fa4-a97d-d965ccfc6d4b" outcome="Passed" testListId="8c84fa94-04c1-424b-9868-57a2d4851a1d" relativeResultsDirectory="5be7194a-354a-40b1-b222-33d6eb698316" />
    <UnitTestResult executionId="b7aa4050-9c24-42dc-9eac-f47e7741c85a" testId="bd229655-143b-1b1b-ec0b-adaf896bea6c" testName="ConvertPlatFormFaultDevice_To_ErrorDeviceModel_Single_ErrorDevice_Returned(2,Warning)" computerName="DKSR-EFI-06" duration="00:00:00.0000001" startTime="2024-01-09T15:44:09.0000000+01:00" endTime="2024-01-09T15:44:09.0000000+01:00" testType="13cdc9d9-ddb5-4fa4-a97d-d965ccfc6d4b" outcome="Passed" testListId="8c84fa94-04c1-424b-9868-57a2d4851a1d" relativeResultsDirectory="b7aa4050-9c24-42dc-9eac-f47e7741c85a" />
    <UnitTestResult executionId="b79d6c1c-a527-4683-9e86-90fb83610d2e" testId="fdc9d812-74c3-9717-389c-52a085932790" testName="ActionButtonsEnabled_When_OnlyOne_Playback_Selected" computerName="DKSR-EFI-06" duration="00:00:00.0170000" startTime="2024-01-09T15:44:12.0000000+01:00" endTime="2024-01-09T15:44:12.0000000+01:00" testType="13cdc9d9-ddb5-4fa4-a97d-d965ccfc6d4b" outcome="Passed" testListId="8c84fa94-04c1-424b-9868-57a2d4851a1d" relativeResultsDirectory="b79d6c1c-a527-4683-9e86-90fb83610d2e" />
    <UnitTestResult executionId="3b0156eb-53f6-4562-a2ca-af153523991a" testId="ef5934c2-89c7-ba3b-d50d-cde107766052" testName="RestrictedMediaEditPlaybackViewModel_EditEndTime_Future_Ignored" computerName="DKSR-EFI-06" duration="00:00:00.0010000" startTime="2024-01-09T15:44:12.0000000+01:00" endTime="2024-01-09T15:44:12.0000000+01:00" testType="13cdc9d9-ddb5-4fa4-a97d-d965ccfc6d4b" outcome="Passed" testListId="8c84fa94-04c1-424b-9868-57a2d4851a1d" relativeResultsDirectory="3b0156eb-53f6-4562-a2ca-af153523991a" />
    <UnitTestResult executionId="43fec166-a661-41cd-a7a8-6aa922ad9c89" testId="d601681d-494b-166a-1ad7-ee5a6fe068cf" testName="RestrictedMediaCreateLiveViewModel_UILauncherServiceNull_ArgumentNull" computerName="DKSR-EFI-06" duration="00:00:00.0010000" startTime="2024-01-09T15:44:11.0000000+01:00" endTime="2024-01-09T15:44:11.0000000+01:00" testType="13cdc9d9-ddb5-4fa4-a97d-d965ccfc6d4b" outcome="Passed" testListId="8c84fa94-04c1-424b-9868-57a2d4851a1d" relativeResultsDirectory="43fec166-a661-41cd-a7a8-6aa922ad9c89" />
    <UnitTestResult executionId="c0c1c33f-8154-4238-bad8-67f5d891da52" testId="ab5b44e2-4833-fbfc-d6e0-c6c6053d8946" testName="ExecuteMethod_ButtonClick_Edit_RestrictedMediaPlayback" computerName="DKSR-EFI-06" duration="00:00:00.0200000" startTime="2024-01-09T15:44:13.0000000+01:00" endTime="2024-01-09T15:44:13.0000000+01:00" testType="13cdc9d9-ddb5-4fa4-a97d-d965ccfc6d4b" outcome="Passed" testListId="8c84fa94-04c1-424b-9868-57a2d4851a1d" relativeResultsDirectory="c0c1c33f-8154-4238-bad8-67f5d891da52" />
    <UnitTestResult executionId="655e5399-69c6-439d-ac0d-74677d97444c" testId="b7894708-c5fd-1c4b-046b-3230351e39fa" testName="ExecuteMethod_Refresh_Success_SelectedRestrictionTypeOption_Live" computerName="DKSR-EFI-06" duration="00:00:00.0060000" startTime="2024-01-09T15:44:14.0000000+01:00" endTime="2024-01-09T15:44:14.0000000+01:00" testType="13cdc9d9-ddb5-4fa4-a97d-d965ccfc6d4b" outcome="Passed" testListId="8c84fa94-04c1-424b-9868-57a2d4851a1d" relativeResultsDirectory="655e5399-69c6-439d-ac0d-74677d97444c" />
    <UnitTestResult executionId="dd26b43b-c1f3-4f05-ae87-f18ec8a8f421" testId="cbd89ae8-cf20-7fa7-6c2d-f96c5832b99b" testName="Execute_MultipleRestrictedMediaOneServer_OneServerCall" computerName="DKSR-EFI-06" duration="00:00:00.0450000" startTime="2024-01-09T15:44:10.0000000+01:00" endTime="2024-01-09T15:44:10.0000000+01:00" testType="13cdc9d9-ddb5-4fa4-a97d-d965ccfc6d4b" outcome="Passed" testListId="8c84fa94-04c1-424b-9868-57a2d4851a1d" relativeResultsDirectory="dd26b43b-c1f3-4f05-ae87-f18ec8a8f421" />
    <UnitTestResult executionId="7fb6c50f-3136-4e1d-9a74-1379c16a371b" testId="bce9cd4b-9ac5-326f-962f-64987637a19f" testName="SetEffectiveInterval_NotCustomInterval_DisplayName" computerName="DKSR-EFI-06" duration="00:00:00.0010000" startTime="2024-01-09T15:44:18.0000000+01:00" endTime="2024-01-09T15:44:18.0000000+01:00" testType="13cdc9d9-ddb5-4fa4-a97d-d965ccfc6d4b" outcome="Passed" testListId="8c84fa94-04c1-424b-9868-57a2d4851a1d" relativeResultsDirectory="7fb6c50f-3136-4e1d-9a74-1379c16a371b" />
    <UnitTestResult executionId="7e8ea606-918c-42af-a152-736a8b946bab" testId="6886b164-e008-3ef3-e75b-a51f2f45f16a" testName="Set_SelectedRestrictionTypeOption_Live" computerName="DKSR-EFI-06" duration="00:00:00.0910000" startTime="2024-01-09T15:44:15.0000000+01:00" endTime="2024-01-09T15:44:15.0000000+01:00" testType="13cdc9d9-ddb5-4fa4-a97d-d965ccfc6d4b" outcome="Passed" testListId="8c84fa94-04c1-424b-9868-57a2d4851a1d" relativeResultsDirectory="7e8ea606-918c-42af-a152-736a8b946bab" />
    <UnitTestResult executionId="a1400949-1309-4334-b624-250e7159c133" testId="4a829b3e-18b8-4adb-2837-9513dfafa4e4" testName="RestrictedMediaCreateProgressViewModel_ConstructorTests_Model_ArgumentNull" computerName="DKSR-EFI-06" duration="00:00:00.0060000" startTime="2024-01-09T15:44:10.0000000+01:00" endTime="2024-01-09T15:44:10.0000000+01:00" testType="13cdc9d9-ddb5-4fa4-a97d-d965ccfc6d4b" outcome="Passed" testListId="8c84fa94-04c1-424b-9868-57a2d4851a1d" relativeResultsDirectory="a1400949-1309-4334-b624-250e7159c133" />
    <UnitTestResult executionId="e6b9cef2-8da1-4bc7-9104-c4948f5ca6b1" testId="2c44d064-e1f4-5b59-aa7d-6ffaa047ff2e" testName="RestrictedMediaEditPlaybackViewModel_Command_AddCameras_Ignored" computerName="DKSR-EFI-06" duration="00:00:00.0010000" startTime="2024-01-09T15:44:11.0000000+01:00" endTime="2024-01-09T15:44:11.0000000+01:00" testType="13cdc9d9-ddb5-4fa4-a97d-d965ccfc6d4b" outcome="Passed" testListId="8c84fa94-04c1-424b-9868-57a2d4851a1d" relativeResultsDirectory="e6b9cef2-8da1-4bc7-9104-c4948f5ca6b1" />
    <UnitTestResult executionId="fd511cf2-4301-443a-b2c7-ba83be52e48b" testId="13f3f0e1-a97a-104b-bee8-cb387e437e56" testName="RestrictedMediaExitLiveViewModel_SelectedCamera_RemoveCamera_Ignored" computerName="DKSR-EFI-06" duration="00:00:00.0010000" startTime="2024-01-09T15:44:12.0000000+01:00" endTime="2024-01-09T15:44:12.0000000+01:00" testType="13cdc9d9-ddb5-4fa4-a97d-d965ccfc6d4b" outcome="Passed" testListId="8c84fa94-04c1-424b-9868-57a2d4851a1d" relativeResultsDirectory="fd511cf2-4301-443a-b2c7-ba83be52e48b" />
    <UnitTestResult executionId="ba46d798-66de-4750-bd0b-4596a595b138" testId="59bddf83-49e7-49f8-3727-b2be9f138120" testName="ShowRemoveLiveFlow_OnlyLiveRestrictionSelected_HandleProgressCalled_NoLift" computerName="DKSR-EFI-06" duration="00:00:00.0040000" startTime="2024-01-09T15:44:17.0000000+01:00" endTime="2024-01-09T15:44:17.0000000+01:00" testType="13cdc9d9-ddb5-4fa4-a97d-d965ccfc6d4b" outcome="Passed" testListId="8c84fa94-04c1-424b-9868-57a2d4851a1d" relativeResultsDirectory="ba46d798-66de-4750-bd0b-4596a595b138" />
    <UnitTestResult executionId="09fef8a7-c6a8-44b9-8a33-f4fbd60816e2" testId="a30154df-2240-f89a-e298-9ef2d83e005f" testName="RestrictedMediaEditPlaybackViewModel_Command_RemoveAllCameras_Ignored" computerName="DKSR-EFI-06" duration="00:00:00.0000001" startTime="2024-01-09T15:44:11.0000000+01:00" endTime="2024-01-09T15:44:11.0000000+01:00" testType="13cdc9d9-ddb5-4fa4-a97d-d965ccfc6d4b" outcome="Passed" testListId="8c84fa94-04c1-424b-9868-57a2d4851a1d" relativeResultsDirectory="09fef8a7-c6a8-44b9-8a33-f4fbd60816e2" />
    <UnitTestResult executionId="4be26689-7628-4166-998c-c261a06e05c6" testId="028712d4-ea42-6a6b-1ea2-ec575befefd7" testName="ConvertPlatFormFaultDevice_To_ErrorDeviceModel_Array_Returned(5,RestrictedMediasNotSupported)" computerName="DKSR-EFI-06" duration="00:00:00.0000001" startTime="2024-01-09T15:44:09.0000000+01:00" endTime="2024-01-09T15:44:09.0000000+01:00" testType="13cdc9d9-ddb5-4fa4-a97d-d965ccfc6d4b" outcome="Passed" testListId="8c84fa94-04c1-424b-9868-57a2d4851a1d" relativeResultsDirectory="4be26689-7628-4166-998c-c261a06e05c6" />
    <UnitTestResult executionId="af90f17f-95a4-4fa0-b03e-d7b1fc0e7574" testId="a4b49387-44c9-5d3d-7cda-abd86a085d81" testName="ShowRemovePlaybackFlow_OnePlaybackRestrictionSelected_HandleProgressCalled" computerName="DKSR-EFI-06" duration="00:00:00.0030000" startTime="2024-01-09T15:44:18.0000000+01:00" endTime="2024-01-09T15:44:18.0000000+01:00" testType="13cdc9d9-ddb5-4fa4-a97d-d965ccfc6d4b" outcome="Passed" testListId="8c84fa94-04c1-424b-9868-57a2d4851a1d" relativeResultsDirectory="af90f17f-95a4-4fa0-b03e-d7b1fc0e7574" />
    <UnitTestResult executionId="8ee65fed-bbad-48cd-b7b5-fe6044bfe6cc" testId="5125c027-c058-a8ec-9eab-e02475fab69c" testName="RestrictedMediaEditPlaybackProgressViewModel_Execute_Failed_ServerError" computerName="DKSR-EFI-06" duration="00:00:00.0140000" startTime="2024-01-09T15:44:10.0000000+01:00" endTime="2024-01-09T15:44:10.0000000+01:00" testType="13cdc9d9-ddb5-4fa4-a97d-d965ccfc6d4b" outcome="Passed" testListId="8c84fa94-04c1-424b-9868-57a2d4851a1d" relativeResultsDirectory="8ee65fed-bbad-48cd-b7b5-fe6044bfe6cc" />
    <UnitTestResult executionId="11ebdab8-7616-413e-9ef7-37ca06f54e84" testId="b778e8de-1409-f4bb-175d-993bdbd931d5" testName="ConvertPlatFormFaultDevice_To_ErrorDeviceModel_Single_ErrorDevice_Returned(6,AlreadyInRestrictedLiveMode)" computerName="DKSR-EFI-06" duration="00:00:00.0000001" startTime="2024-01-09T15:44:09.0000000+01:00" endTime="2024-01-09T15:44:09.0000000+01:00" testType="13cdc9d9-ddb5-4fa4-a97d-d965ccfc6d4b" outcome="Passed" testListId="8c84fa94-04c1-424b-9868-57a2d4851a1d" relativeResultsDirectory="11ebdab8-7616-413e-9ef7-37ca06f54e84" />
    <UnitTestResult executionId="dff9ba6f-d3c3-427e-ad0f-36152a6bfbd8" testId="f9a06835-2b14-abfc-a65b-94f4964fa4f9" testName="RestrictedMediaExitLiveProgressViewModel_ConstructorTests_Model_Success" computerName="DKSR-EFI-06" duration="00:00:00.0010000" startTime="2024-01-09T15:44:10.0000000+01:00" endTime="2024-01-09T15:44:10.0000000+01:00" testType="13cdc9d9-ddb5-4fa4-a97d-d965ccfc6d4b" outcome="Passed" testListId="8c84fa94-04c1-424b-9868-57a2d4851a1d" relativeResultsDirectory="dff9ba6f-d3c3-427e-ad0f-36152a6bfbd8" />
    <UnitTestResult executionId="6587dda1-c8ed-4ab6-86cf-b299a0aa35c5" testId="5d763cac-d0e4-a6d4-997b-8ade3eb0aa69" testName="ConvertLiveResultToResultModel_LiveResult_Mapped" computerName="DKSR-EFI-06" duration="00:00:00.9250000" startTime="2024-01-09T15:44:08.0000000+01:00" endTime="2024-01-09T15:44:09.0000000+01:00" testType="13cdc9d9-ddb5-4fa4-a97d-d965ccfc6d4b" outcome="Passed" testListId="8c84fa94-04c1-424b-9868-57a2d4851a1d" relativeResultsDirectory="6587dda1-c8ed-4ab6-86cf-b299a0aa35c5" />
    <UnitTestResult executionId="ed97a49d-f7e3-43df-91b8-8f4c9dd3bb64" testId="4c4fc8ef-8065-344f-c6b2-eb289a527cda" testName="ConvertPlatFormWarningDevice_To_ErrorDeviceModel_Single_ErrorDevice_Returned(0,UnknownError)" computerName="DKSR-EFI-06" duration="00:00:00.0020000" startTime="2024-01-09T15:44:09.0000000+01:00" endTime="2024-01-09T15:44:09.0000000+01:00" testType="13cdc9d9-ddb5-4fa4-a97d-d965ccfc6d4b" outcome="Passed" testListId="8c84fa94-04c1-424b-9868-57a2d4851a1d" relativeResultsDirectory="ed97a49d-f7e3-43df-91b8-8f4c9dd3bb64" />
    <UnitTestResult executionId="f5e51289-edee-4eb0-89a5-aea91ff3f907" testId="ca0ae284-74b2-705a-99eb-1e807c849660" testName="RestrictedMediaCreateLiveProgressViewModel_Fail" computerName="DKSR-EFI-06" duration="00:00:00.2430000" startTime="2024-01-09T15:44:09.0000000+01:00" endTime="2024-01-09T15:44:09.0000000+01:00" testType="13cdc9d9-ddb5-4fa4-a97d-d965ccfc6d4b" outcome="Passed" testListId="8c84fa94-04c1-424b-9868-57a2d4851a1d" relativeResultsDirectory="f5e51289-edee-4eb0-89a5-aea91ff3f907" />
    <UnitTestResult executionId="2cb73dc3-cdfd-4351-aa17-04018bcb2759" testId="752811a2-fffd-1f7e-7e8f-e27228876439" testName="RestrictedMediaCreateLiveViewModel_Command_Help_Success" computerName="DKSR-EFI-06" duration="00:00:00.1210000" startTime="2024-01-09T15:44:11.0000000+01:00" endTime="2024-01-09T15:44:11.0000000+01:00" testType="13cdc9d9-ddb5-4fa4-a97d-d965ccfc6d4b" outcome="Passed" testListId="8c84fa94-04c1-424b-9868-57a2d4851a1d" relativeResultsDirectory="2cb73dc3-cdfd-4351-aa17-04018bcb2759" />
    <UnitTestResult executionId="8e9ac7ec-8761-46c4-b9e7-34bac8686ec2" testId="76278097-a3d6-6ad6-d01b-435dce3133f9" testName="IntervalComboBoxModel_FilterSetToAll_AllRestrictions" computerName="DKSR-EFI-06" duration="00:00:00.0180000" startTime="2024-01-09T15:44:15.0000000+01:00" endTime="2024-01-09T15:44:15.0000000+01:00" testType="13cdc9d9-ddb5-4fa4-a97d-d965ccfc6d4b" outcome="Passed" testListId="8c84fa94-04c1-424b-9868-57a2d4851a1d" relativeResultsDirectory="8e9ac7ec-8761-46c4-b9e7-34bac8686ec2" />
    <UnitTestResult executionId="0558fb7b-2e29-4530-a93f-a201d5ab8dca" testId="535b7875-bed6-a497-edd0-8efabaa2b58e" testName="ConvertPlatFormWarningDevice_To_PluginErrorDevice_Single_ErrorDevice_GetItems_Returns_Null(3,Unauthorized)" computerName="DKSR-EFI-06" duration="00:00:00.0000001" startTime="2024-01-09T15:44:09.0000000+01:00" endTime="2024-01-09T15:44:09.0000000+01:00" testType="13cdc9d9-ddb5-4fa4-a97d-d965ccfc6d4b" outcome="Passed" testListId="8c84fa94-04c1-424b-9868-57a2d4851a1d" relativeResultsDirectory="0558fb7b-2e29-4530-a93f-a201d5ab8dca" />
    <UnitTestResult executionId="20a055f9-7004-4441-9701-8fdcc40177f7" testId="6ca188d6-deb8-8885-04cd-11d7838a89fc" testName="CreatedAtComboBoxModel_SearchWhenUtcIsDayBefore_SearchMatchesLocalTime(&quot;Last 7 days&quot;,[&quot;Last 7 days&quot;, &quot;Today&quot;, &quot;Yesterday&quot;])" computerName="DKSR-EFI-06" duration="00:00:00.0040000" startTime="2024-01-09T15:44:16.0000000+01:00" endTime="2024-01-09T15:44:16.0000000+01:00" testType="13cdc9d9-ddb5-4fa4-a97d-d965ccfc6d4b" outcome="Passed" testListId="8c84fa94-04c1-424b-9868-57a2d4851a1d" relativeResultsDirectory="20a055f9-7004-4441-9701-8fdcc40177f7" />
    <UnitTestResult executionId="e8a4d1ac-c1cd-490f-b789-16ece5a8157f" testId="71a2c4bb-53ea-1a3d-5454-67c86dd74f56" testName="ConvertPlatFormFaultDevice_To_ErrorDeviceModel_Array_Returned(7,NotInRestrictedLiveMode)" computerName="DKSR-EFI-06" duration="00:00:00.0000001" startTime="2024-01-09T15:44:09.0000000+01:00" endTime="2024-01-09T15:44:09.0000000+01:00" testType="13cdc9d9-ddb5-4fa4-a97d-d965ccfc6d4b" outcome="Passed" testListId="8c84fa94-04c1-424b-9868-57a2d4851a1d" relativeResultsDirectory="e8a4d1ac-c1cd-490f-b789-16ece5a8157f" />
    <UnitTestResult executionId="26d7d54a-2424-4f99-bb01-b58ab42b920b" testId="e57ac828-e458-3059-ff34-8ce6d5beb26f" testName="ExecuteMethod_ButtonClick_Remove_RestrictedMediaLive" computerName="DKSR-EFI-06" duration="00:00:00.0110000" startTime="2024-01-09T15:44:13.0000000+01:00" endTime="2024-01-09T15:44:13.0000000+01:00" testType="13cdc9d9-ddb5-4fa4-a97d-d965ccfc6d4b" outcome="Passed" testListId="8c84fa94-04c1-424b-9868-57a2d4851a1d" relativeResultsDirectory="26d7d54a-2424-4f99-bb01-b58ab42b920b" />
    <UnitTestResult executionId="6206f1b5-9fcf-43a8-8b99-a92ed8a5a89d" testId="627305e1-a239-38bc-ce15-bb139f62b0e5" testName="RestrictedMediaCreatePlaybackViewModel_Command_Help_Success" computerName="DKSR-EFI-06" duration="00:00:00.0010000" startTime="2024-01-09T15:44:11.0000000+01:00" endTime="2024-01-09T15:44:11.0000000+01:00" testType="13cdc9d9-ddb5-4fa4-a97d-d965ccfc6d4b" outcome="Passed" testListId="8c84fa94-04c1-424b-9868-57a2d4851a1d" relativeResultsDirectory="6206f1b5-9fcf-43a8-8b99-a92ed8a5a89d" />
    <UnitTestResult executionId="6c6c3319-85f2-4978-996c-808b58bb11d8" testId="692e1ef5-29f9-7775-9af4-f150a1d1cd1a" testName="CreatedAtComboBoxModel_SearchWhenUtcIsDayBefore_SearchMatchesLocalTime(&quot;Yesterday&quot;,[&quot;Yesterday&quot;])" computerName="DKSR-EFI-06" duration="00:00:00.0340000" startTime="2024-01-09T15:44:16.0000000+01:00" endTime="2024-01-09T15:44:16.0000000+01:00" testType="13cdc9d9-ddb5-4fa4-a97d-d965ccfc6d4b" outcome="Passed" testListId="8c84fa94-04c1-424b-9868-57a2d4851a1d" relativeResultsDirectory="6c6c3319-85f2-4978-996c-808b58bb11d8" />
    <UnitTestResult executionId="fba0f9ab-8e1b-4b96-8e8a-992a33abb2e5" testId="a7d941f9-08c6-147f-0397-e58582d01834" testName="ExecuteMethod_Refresh_PartialSuccess_RestrictedMediaScMipServiceException_Playback" computerName="DKSR-EFI-06" duration="00:00:00.0290000" startTime="2024-01-09T15:44:14.0000000+01:00" endTime="2024-01-09T15:44:14.0000000+01:00" testType="13cdc9d9-ddb5-4fa4-a97d-d965ccfc6d4b" outcome="Passed" testListId="8c84fa94-04c1-424b-9868-57a2d4851a1d" relativeResultsDirectory="fba0f9ab-8e1b-4b96-8e8a-992a33abb2e5" />
    <UnitTestResult executionId="44037a58-f7c8-4334-af98-2129de0c9eba" testId="e5250280-dc89-30f7-97dc-f92afde611e3" testName="RunAsync_MoreTasksThanMax_MaxRunningTasks" computerName="DKSR-EFI-06" duration="00:00:00.0050000" startTime="2024-01-09T15:44:18.0000000+01:00" endTime="2024-01-09T15:44:18.0000000+01:00" testType="13cdc9d9-ddb5-4fa4-a97d-d965ccfc6d4b" outcome="Passed" testListId="8c84fa94-04c1-424b-9868-57a2d4851a1d" relativeResultsDirectory="44037a58-f7c8-4334-af98-2129de0c9eba" />
    <UnitTestResult executionId="59de3489-64a7-4219-b772-80a4f23444aa" testId="b6d654d9-c9e9-77d4-0d0d-43ba5289d8c1" testName="ConvertPlatFormFaultDevice_To_PluginErrorDevice_Single_ErrorDeviceModel_GetItem_Returns_Null(1,None)" computerName="DKSR-EFI-06" duration="00:00:00.0000001" startTime="2024-01-09T15:44:09.0000000+01:00" endTime="2024-01-09T15:44:09.0000000+01:00" testType="13cdc9d9-ddb5-4fa4-a97d-d965ccfc6d4b" outcome="Passed" testListId="8c84fa94-04c1-424b-9868-57a2d4851a1d" relativeResultsDirectory="59de3489-64a7-4219-b772-80a4f23444aa" />
    <UnitTestResult executionId="b830d680-1500-4b5f-97bf-1ee1f05286c0" testId="ab04340f-7d5c-cf38-1e0a-a3851d926ca9" testName="RestrictedMediaProgressViewModel_Progress_ProgressIsUpdatedPerTask_Success" computerName="DKSR-EFI-06" duration="00:00:00.0060000" startTime="2024-01-09T15:44:10.0000000+01:00" endTime="2024-01-09T15:44:10.0000000+01:00" testType="13cdc9d9-ddb5-4fa4-a97d-d965ccfc6d4b" outcome="Passed" testListId="8c84fa94-04c1-424b-9868-57a2d4851a1d" relativeResultsDirectory="b830d680-1500-4b5f-97bf-1ee1f05286c0" />
    <UnitTestResult executionId="d445c59a-42e5-4e0e-9a18-0fbc3478bfc1" testId="47198a91-6e8f-7616-571d-b146bfab3634" testName="SetEffectiveInterval_ToTimeIsMinValue_ToTimeIsEmpty" computerName="DKSR-EFI-06" duration="00:00:00.0010000" startTime="2024-01-09T15:44:18.0000000+01:00" endTime="2024-01-09T15:44:18.0000000+01:00" testType="13cdc9d9-ddb5-4fa4-a97d-d965ccfc6d4b" outcome="Passed" testListId="8c84fa94-04c1-424b-9868-57a2d4851a1d" relativeResultsDirectory="d445c59a-42e5-4e0e-9a18-0fbc3478bfc1" />
    <UnitTestResult executionId="db27766e-09b9-43a4-83bd-4ad51c04fed3" testId="6a6666be-f8b4-bb89-a3e1-9fdf6384689c" testName="SetEffectiveInterval_FromTimeIsMinValue_FromTimeIsEmpty" computerName="DKSR-EFI-06" duration="00:00:00.0010000" startTime="2024-01-09T15:44:18.0000000+01:00" endTime="2024-01-09T15:44:18.0000000+01:00" testType="13cdc9d9-ddb5-4fa4-a97d-d965ccfc6d4b" outcome="Passed" testListId="8c84fa94-04c1-424b-9868-57a2d4851a1d" relativeResultsDirectory="db27766e-09b9-43a4-83bd-4ad51c04fed3" />
    <UnitTestResult executionId="f9cd425c-3ad0-4591-afb6-0d7f9aecd806" testId="d510e34c-c438-e23b-b310-c9fe2748126c" testName="RunAsync_WithTasksAndHandler_ResultHandlerIsCalledForEachResult" computerName="DKSR-EFI-06" duration="00:00:00.0020000" startTime="2024-01-09T15:44:18.0000000+01:00" endTime="2024-01-09T15:44:18.0000000+01:00" testType="13cdc9d9-ddb5-4fa4-a97d-d965ccfc6d4b" outcome="Passed" testListId="8c84fa94-04c1-424b-9868-57a2d4851a1d" relativeResultsDirectory="f9cd425c-3ad0-4591-afb6-0d7f9aecd806" />
    <UnitTestResult executionId="277f4e23-9e1d-4b38-9316-a63e401a7d74" testId="c197742c-9e0a-dd28-c4fd-4f558c6bab1e" testName="RestrictedMediaEditPlaybackViewModel_Command_RemoveSelectedCameras_Ignored" computerName="DKSR-EFI-06" duration="00:00:00.0010000" startTime="2024-01-09T15:44:11.0000000+01:00" endTime="2024-01-09T15:44:11.0000000+01:00" testType="13cdc9d9-ddb5-4fa4-a97d-d965ccfc6d4b" outcome="Passed" testListId="8c84fa94-04c1-424b-9868-57a2d4851a1d" relativeResultsDirectory="277f4e23-9e1d-4b38-9316-a63e401a7d74" />
    <UnitTestResult executionId="d592f411-8ba3-4ac4-b8fd-6b94e6c32ee7" testId="b2560cde-f76c-b138-bab4-df2e2dfa1197" testName="RestrictedMediaEditPlaybackViewModel_ConstructorTests_RestrictedMediaModel_ArgumentEmpty" computerName="DKSR-EFI-06" duration="00:00:00.0010000" startTime="2024-01-09T15:44:12.0000000+01:00" endTime="2024-01-09T15:44:12.0000000+01:00" testType="13cdc9d9-ddb5-4fa4-a97d-d965ccfc6d4b" outcome="Passed" testListId="8c84fa94-04c1-424b-9868-57a2d4851a1d" relativeResultsDirectory="d592f411-8ba3-4ac4-b8fd-6b94e6c32ee7" />
    <UnitTestResult executionId="05d09890-d634-4da8-92e7-34b869d33fa1" testId="da6c272c-94ae-5128-336b-12cd2edb3ba8" testName="CovertPlatFormDevice_To_PluginDevice_NoNameTest" computerName="DKSR-EFI-06" duration="00:00:00.0020000" startTime="2024-01-09T15:44:09.0000000+01:00" endTime="2024-01-09T15:44:09.0000000+01:00" testType="13cdc9d9-ddb5-4fa4-a97d-d965ccfc6d4b" outcome="Passed" testListId="8c84fa94-04c1-424b-9868-57a2d4851a1d" relativeResultsDirectory="05d09890-d634-4da8-92e7-34b869d33fa1" />
    <UnitTestResult executionId="b7890f16-52ba-4192-bc21-e0098c09abb7" testId="1b6ed9e5-3b6b-3380-c109-f0f80d9265e6" testName="SelectedRestrictionTypeOption_Default_All" computerName="DKSR-EFI-06" duration="00:00:00.0010000" startTime="2024-01-09T15:44:15.0000000+01:00" endTime="2024-01-09T15:44:15.0000000+01:00" testType="13cdc9d9-ddb5-4fa4-a97d-d965ccfc6d4b" outcome="Passed" testListId="8c84fa94-04c1-424b-9868-57a2d4851a1d" relativeResultsDirectory="b7890f16-52ba-4192-bc21-e0098c09abb7" />
    <UnitTestResult executionId="2989dec9-8636-4d47-973c-0880bd087e86" testId="94d1153e-02f0-612a-1e94-2ab56594d4a3" testName="CreateAtComboBoxModel_DefaultSelectIntervalOption_All" computerName="DKSR-EFI-06" duration="00:00:00.0020000" startTime="2024-01-09T15:44:13.0000000+01:00" endTime="2024-01-09T15:44:13.0000000+01:00" testType="13cdc9d9-ddb5-4fa4-a97d-d965ccfc6d4b" outcome="Passed" testListId="8c84fa94-04c1-424b-9868-57a2d4851a1d" relativeResultsDirectory="2989dec9-8636-4d47-973c-0880bd087e86" />
    <UnitTestResult executionId="9e5c6ac6-4eee-4175-8d93-fb0b92abcfa8" testId="4efe566f-562a-653e-7c47-81437df81d7c" testName="Ctor_Model_ArgumentNull" computerName="DKSR-EFI-06" duration="00:00:00.0010000" startTime="2024-01-09T15:44:10.0000000+01:00" endTime="2024-01-09T15:44:10.0000000+01:00" testType="13cdc9d9-ddb5-4fa4-a97d-d965ccfc6d4b" outcome="Passed" testListId="8c84fa94-04c1-424b-9868-57a2d4851a1d" relativeResultsDirectory="9e5c6ac6-4eee-4175-8d93-fb0b92abcfa8" />
    <UnitTestResult executionId="1c974628-2eaa-4cb1-9c43-aad2770339b3" testId="0d83a0f2-e7f5-21d6-b52a-bd0bcb16e4c5" testName="ConvertPlatFormRestrictedMediaResult_To_RestrictedMediaResultModel_Warning_And_Fault_Devices_Null_Test" computerName="DKSR-EFI-06" duration="00:00:00.0010000" startTime="2024-01-09T15:44:09.0000000+01:00" endTime="2024-01-09T15:44:09.0000000+01:00" testType="13cdc9d9-ddb5-4fa4-a97d-d965ccfc6d4b" outcome="Passed" testListId="8c84fa94-04c1-424b-9868-57a2d4851a1d" relativeResultsDirectory="1c974628-2eaa-4cb1-9c43-aad2770339b3" />
    <UnitTestResult executionId="d3ac6411-9537-4855-817a-118bb2583ec9" testId="d4b65791-6198-f596-1cc7-812d5c729214" testName="SetEffectiveInterval_TextLongerThanMaxFilter_TextTruncated(&quot;2023-09-10T22:12:35.0000000Z&quot;,&quot;2023-09-11T22:12:35.0000000Z&quot;,&quot;en-US&quot;)" computerName="DKSR-EFI-06" duration="00:00:00.0020000" startTime="2024-01-09T15:44:18.0000000+01:00" endTime="2024-01-09T15:44:18.0000000+01:00" testType="13cdc9d9-ddb5-4fa4-a97d-d965ccfc6d4b" outcome="Passed" testListId="8c84fa94-04c1-424b-9868-57a2d4851a1d" relativeResultsDirectory="d3ac6411-9537-4855-817a-118bb2583ec9" />
    <UnitTestResult executionId="83396c80-0e61-43b0-b58d-d9a9e1b5615e" testId="2562dc79-fac3-2058-09d6-e426f673e255" testName="ConvertPlatFormFaultDevice_To_PluginErrorDevice_Single_ErrorDeviceModel_GetItem_Returns_Null(3,Unauthorized)" computerName="DKSR-EFI-06" duration="00:00:00.0000001" startTime="2024-01-09T15:44:09.0000000+01:00" endTime="2024-01-09T15:44:09.0000000+01:00" testType="13cdc9d9-ddb5-4fa4-a97d-d965ccfc6d4b" outcome="Passed" testListId="8c84fa94-04c1-424b-9868-57a2d4851a1d" relativeResultsDirectory="83396c80-0e61-43b0-b58d-d9a9e1b5615e" />
    <UnitTestResult executionId="91c00d7b-09b4-4f96-9447-dc3e1a5a552c" testId="ee814e16-2d8b-6e78-8ec8-40b394e41198" testName="RestrictedMediaExitLiveViewModel_ConstructorTests_Success" computerName="DKSR-EFI-06" duration="00:00:00.0010000" startTime="2024-01-09T15:44:12.0000000+01:00" endTime="2024-01-09T15:44:12.0000000+01:00" testType="13cdc9d9-ddb5-4fa4-a97d-d965ccfc6d4b" outcome="Passed" testListId="8c84fa94-04c1-424b-9868-57a2d4851a1d" relativeResultsDirectory="91c00d7b-09b4-4f96-9447-dc3e1a5a552c" />
    <UnitTestResult executionId="27cf85e4-2cb1-46fb-959f-eaa9249e8491" testId="5b65543c-09f2-e087-ab26-95de4f20e735" testName="ConvertPlatFormWarningDevice_To_ErrorDeviceModel_Single_ErrorDevice_Returned(4,DeviceNotFound)" computerName="DKSR-EFI-06" duration="00:00:00.0000001" startTime="2024-01-09T15:44:09.0000000+01:00" endTime="2024-01-09T15:44:09.0000000+01:00" testType="13cdc9d9-ddb5-4fa4-a97d-d965ccfc6d4b" outcome="Passed" testListId="8c84fa94-04c1-424b-9868-57a2d4851a1d" relativeResultsDirectory="27cf85e4-2cb1-46fb-959f-eaa9249e8491" />
    <UnitTestResult executionId="2420cd02-26e2-4290-9037-b0f2e3fbbf2d" testId="1e2a6a6a-5ab5-1a85-3320-699b3f2dd23c" testName="RestrictedMediaCreateLiveViewModel_FutureTimeSelected_Success" computerName="DKSR-EFI-06" duration="00:00:00.0030000" startTime="2024-01-09T15:44:11.0000000+01:00" endTime="2024-01-09T15:44:11.0000000+01:00" testType="13cdc9d9-ddb5-4fa4-a97d-d965ccfc6d4b" outcome="Passed" testListId="8c84fa94-04c1-424b-9868-57a2d4851a1d" relativeResultsDirectory="2420cd02-26e2-4290-9037-b0f2e3fbbf2d" />
    <UnitTestResult executionId="be492dc7-03a4-468d-afb1-1370754f9b33" testId="283fd981-e45f-9a20-0c75-8cc215238ab7" testName="RestrictedMediaExitLiveViewModel_Command_RemoveAllCameras_Ignored" computerName="DKSR-EFI-06" duration="00:00:00.0010000" startTime="2024-01-09T15:44:12.0000000+01:00" endTime="2024-01-09T15:44:12.0000000+01:00" testType="13cdc9d9-ddb5-4fa4-a97d-d965ccfc6d4b" outcome="Passed" testListId="8c84fa94-04c1-424b-9868-57a2d4851a1d" relativeResultsDirectory="be492dc7-03a4-468d-afb1-1370754f9b33" />
    <UnitTestResult executionId="0123e074-055b-4e63-a93f-de73bb57b2c9" testId="13f8b602-5010-e9d0-2411-d7bae7a0966c" testName="RestrictedMediaEditPlaybackViewModel_Command_Help_Success" computerName="DKSR-EFI-06" duration="00:00:00.0020000" startTime="2024-01-09T15:44:12.0000000+01:00" endTime="2024-01-09T15:44:12.0000000+01:00" testType="13cdc9d9-ddb5-4fa4-a97d-d965ccfc6d4b" outcome="Passed" testListId="8c84fa94-04c1-424b-9868-57a2d4851a1d" relativeResultsDirectory="0123e074-055b-4e63-a93f-de73bb57b2c9" />
    <UnitTestResult executionId="c3e3c718-dd23-4d8f-a8d7-2be9e0051696" testId="d6f84574-3d38-8c00-deca-e8ef045d4035" testName="SelectedIntervalOption_NewSelection_EventIsRaised" computerName="DKSR-EFI-06" duration="00:00:00.0010000" startTime="2024-01-09T15:44:18.0000000+01:00" endTime="2024-01-09T15:44:18.0000000+01:00" testType="13cdc9d9-ddb5-4fa4-a97d-d965ccfc6d4b" outcome="Passed" testListId="8c84fa94-04c1-424b-9868-57a2d4851a1d" relativeResultsDirectory="c3e3c718-dd23-4d8f-a8d7-2be9e0051696" />
    <UnitTestResult executionId="3fb61800-72d4-4b73-9584-87a39a606f48" testId="6d6a1901-e881-7b27-60cf-fede6f2789f0" testName="ExecuteMethod_Refresh_Success_Devices_SingleDevice" computerName="DKSR-EFI-06" duration="00:00:00.0390000" startTime="2024-01-09T15:44:14.0000000+01:00" endTime="2024-01-09T15:44:14.0000000+01:00" testType="13cdc9d9-ddb5-4fa4-a97d-d965ccfc6d4b" outcome="Passed" testListId="8c84fa94-04c1-424b-9868-57a2d4851a1d" relativeResultsDirectory="3fb61800-72d4-4b73-9584-87a39a606f48" />
    <UnitTestResult executionId="620badd7-7ece-470f-9d47-c1e8effcd8ba" testId="02b10486-daae-4661-1822-cea69f3de9d6" testName="ExecuteMethod_ButtonClick_Edit_RestrictedMediaLive_AdditionalDevicesConfiguration" computerName="DKSR-EFI-06" duration="00:00:00.0420000" startTime="2024-01-09T15:44:13.0000000+01:00" endTime="2024-01-09T15:44:13.0000000+01:00" testType="13cdc9d9-ddb5-4fa4-a97d-d965ccfc6d4b" outcome="Passed" testListId="8c84fa94-04c1-424b-9868-57a2d4851a1d" relativeResultsDirectory="620badd7-7ece-470f-9d47-c1e8effcd8ba" />
    <UnitTestResult executionId="8a2ab930-35ac-4df8-a275-a06cb4228238" testId="50490934-a40c-3c28-332d-fb99584ace0b" testName="ActionButtonsEnabled_When_MoreThanOne_Playback_Selected" computerName="DKSR-EFI-06" duration="00:00:00.0080000" startTime="2024-01-09T15:44:12.0000000+01:00" endTime="2024-01-09T15:44:12.0000000+01:00" testType="13cdc9d9-ddb5-4fa4-a97d-d965ccfc6d4b" outcome="Passed" testListId="8c84fa94-04c1-424b-9868-57a2d4851a1d" relativeResultsDirectory="8a2ab930-35ac-4df8-a275-a06cb4228238" />
    <UnitTestResult executionId="4d12af57-5a0a-46d6-a2b7-7be435048322" testId="6bf83a60-0db8-b61e-fea4-d3df95ecfa18" testName="ConvertPlatFormWarningDevice_To_PluginErrorDevice_ErrorDeviceArray_Returned(7,NotInRestrictedLiveMode)" computerName="DKSR-EFI-06" duration="00:00:00.0000001" startTime="2024-01-09T15:44:09.0000000+01:00" endTime="2024-01-09T15:44:09.0000000+01:00" testType="13cdc9d9-ddb5-4fa4-a97d-d965ccfc6d4b" outcome="Passed" testListId="8c84fa94-04c1-424b-9868-57a2d4851a1d" relativeResultsDirectory="4d12af57-5a0a-46d6-a2b7-7be435048322" />
    <UnitTestResult executionId="e1a56a6d-a176-4fb4-8433-570ae4d80b8b" testId="9f33a2a8-a2a8-8270-52c5-00a9f78ad6c3" testName="RestrictedMediaEditLiveProgressViewModel_ConstructorTests_Model_ArgumentNull" computerName="DKSR-EFI-06" duration="00:00:00.0010000" startTime="2024-01-09T15:44:10.0000000+01:00" endTime="2024-01-09T15:44:10.0000000+01:00" testType="13cdc9d9-ddb5-4fa4-a97d-d965ccfc6d4b" outcome="Passed" testListId="8c84fa94-04c1-424b-9868-57a2d4851a1d" relativeResultsDirectory="e1a56a6d-a176-4fb4-8433-570ae4d80b8b" />
    <UnitTestResult executionId="72861e50-4c3a-4bc4-8d7b-4937e48cb556" testId="8acf3943-4af5-f15c-7fe4-309418eea67b" testName="IntervalComboBoxModel_SearchWhenUtcIsDayBefore_SearchMatchesLocalTime(&quot;Yesterday&quot;,[&quot;Yesterday&quot;])" computerName="DKSR-EFI-06" duration="00:00:00.0020000" startTime="2024-01-09T15:44:16.0000000+01:00" endTime="2024-01-09T15:44:16.0000000+01:00" testType="13cdc9d9-ddb5-4fa4-a97d-d965ccfc6d4b" outcome="Passed" testListId="8c84fa94-04c1-424b-9868-57a2d4851a1d" relativeResultsDirectory="72861e50-4c3a-4bc4-8d7b-4937e48cb556" />
    <UnitTestResult executionId="8916b25f-bb68-42f9-9136-d1e187b2f6eb" testId="ec567ac7-a5de-33c2-8e84-3b137a5e5e96" testName="IntervalComboBoxModel_SearchWhenUtcIsDayBefore_SearchMatchesLocalTime(&quot;Last 7 days&quot;,[&quot;Last 7 days&quot;, &quot;Today&quot;, &quot;Yesterday&quot;])" computerName="DKSR-EFI-06" duration="00:00:00.0010000" startTime="2024-01-09T15:44:16.0000000+01:00" endTime="2024-01-09T15:44:16.0000000+01:00" testType="13cdc9d9-ddb5-4fa4-a97d-d965ccfc6d4b" outcome="Passed" testListId="8c84fa94-04c1-424b-9868-57a2d4851a1d" relativeResultsDirectory="8916b25f-bb68-42f9-9136-d1e187b2f6eb" />
    <UnitTestResult executionId="efac319c-9a92-4317-af9d-341e3de0832d" testId="04806f7b-03aa-14f4-51c3-ea0830f3b23c" testName="RestrictedMediaCreateProgressViewModel_Create_PartialSuccess_MultiServer" computerName="DKSR-EFI-06" duration="00:00:00.0170000" startTime="2024-01-09T15:44:10.0000000+01:00" endTime="2024-01-09T15:44:10.0000000+01:00" testType="13cdc9d9-ddb5-4fa4-a97d-d965ccfc6d4b" outcome="Passed" testListId="8c84fa94-04c1-424b-9868-57a2d4851a1d" relativeResultsDirectory="efac319c-9a92-4317-af9d-341e3de0832d" />
    <UnitTestResult executionId="16942842-8692-4fdf-b486-caecc777aca8" testId="32130ab7-17ba-93a1-0564-641463dfd4cc" testName="SetEffectiveInterval_TextLongerThanMaxFilter_TextTruncated(&quot;2023-09-08T12:08:35.0000000Z&quot;,&quot;2023-09-08T12:08:35.0000000Z&quot;,&quot;da-DK&quot;)" computerName="DKSR-EFI-06" duration="00:00:00.0010000" startTime="2024-01-09T15:44:18.0000000+01:00" endTime="2024-01-09T15:44:18.0000000+01:00" testType="13cdc9d9-ddb5-4fa4-a97d-d965ccfc6d4b" outcome="Passed" testListId="8c84fa94-04c1-424b-9868-57a2d4851a1d" relativeResultsDirectory="16942842-8692-4fdf-b486-caecc777aca8" />
    <UnitTestResult executionId="0e948f5f-a628-48f7-9c60-fb9da82d58e2" testId="eb6197af-8c59-2f77-e7c1-9347dc31fe0b" testName="RestrictedMediaEditPlaybackViewModel_ConstructorTests_UILauncherService_ArgumentNull" computerName="DKSR-EFI-06" duration="00:00:00.0020000" startTime="2024-01-09T15:44:12.0000000+01:00" endTime="2024-01-09T15:44:12.0000000+01:00" testType="13cdc9d9-ddb5-4fa4-a97d-d965ccfc6d4b" outcome="Passed" testListId="8c84fa94-04c1-424b-9868-57a2d4851a1d" relativeResultsDirectory="0e948f5f-a628-48f7-9c60-fb9da82d58e2" />
    <UnitTestResult executionId="bb80887e-8905-459d-9c9a-10add1eb1b30" testId="88732431-e0b5-0833-dd8b-f57708f5c99c" testName="RestrictedMediaCreateProgressViewModel_Create_PartialSuccess" computerName="DKSR-EFI-06" duration="00:00:00.0170000" startTime="2024-01-09T15:44:10.0000000+01:00" endTime="2024-01-09T15:44:10.0000000+01:00" testType="13cdc9d9-ddb5-4fa4-a97d-d965ccfc6d4b" outcome="Passed" testListId="8c84fa94-04c1-424b-9868-57a2d4851a1d" relativeResultsDirectory="bb80887e-8905-459d-9c9a-10add1eb1b30" />
    <UnitTestResult executionId="1a7bbb17-38ce-4019-8bd8-3569d75114d2" testId="c36e22bb-f705-3706-6737-f6eda735b7e3" testName="RestrictedMediaEditPlaybackViewModel_EditDevices_NoDevicesSelected_Failed" computerName="DKSR-EFI-06" duration="00:00:00.0050000" startTime="2024-01-09T15:44:12.0000000+01:00" endTime="2024-01-09T15:44:12.0000000+01:00" testType="13cdc9d9-ddb5-4fa4-a97d-d965ccfc6d4b" outcome="Passed" testListId="8c84fa94-04c1-424b-9868-57a2d4851a1d" relativeResultsDirectory="1a7bbb17-38ce-4019-8bd8-3569d75114d2" />
    <UnitTestResult executionId="6d9adf73-6bce-40c4-a3d9-71b377f63ee7" testId="3b78db6b-c935-12ae-474c-6dd83050c6e3" testName="ExecuteMethod_Refresh_Success_CreatedBy_OnlyMe" computerName="DKSR-EFI-06" duration="00:00:00.0290000" startTime="2024-01-09T15:44:14.0000000+01:00" endTime="2024-01-09T15:44:14.0000000+01:00" testType="13cdc9d9-ddb5-4fa4-a97d-d965ccfc6d4b" outcome="Passed" testListId="8c84fa94-04c1-424b-9868-57a2d4851a1d" relativeResultsDirectory="6d9adf73-6bce-40c4-a3d9-71b377f63ee7" />
    <UnitTestResult executionId="487fac94-080b-4763-bd4c-9ba4e55497b4" testId="e3f65af1-d63b-5627-ed97-5cac8df329e6" testName="ConvertPlatFormFaultDevice_To_PluginErrorDevice_Single_ErrorDeviceModel_GetItem_Returns_Null(7,NotInRestrictedLiveMode)" computerName="DKSR-EFI-06" duration="00:00:00.0000001" startTime="2024-01-09T15:44:09.0000000+01:00" endTime="2024-01-09T15:44:09.0000000+01:00" testType="13cdc9d9-ddb5-4fa4-a97d-d965ccfc6d4b" outcome="Passed" testListId="8c84fa94-04c1-424b-9868-57a2d4851a1d" relativeResultsDirectory="487fac94-080b-4763-bd4c-9ba4e55497b4" />
    <UnitTestResult executionId="d0ab614c-ef93-4dfd-a189-6e7dab4865bc" testId="00898754-8a6e-f0a4-e99c-40eba4257cd9" testName="ConvertPlatFormFaultDevice_To_PluginErrorDevice_Single_ErrorDeviceModel_GetItem_Returns_Null(2,Warning)" computerName="DKSR-EFI-06" duration="00:00:00.0000001" startTime="2024-01-09T15:44:09.0000000+01:00" endTime="2024-01-09T15:44:09.0000000+01:00" testType="13cdc9d9-ddb5-4fa4-a97d-d965ccfc6d4b" outcome="Passed" testListId="8c84fa94-04c1-424b-9868-57a2d4851a1d" relativeResultsDirectory="d0ab614c-ef93-4dfd-a189-6e7dab4865bc" />
    <UnitTestResult executionId="4aaed71f-0a79-4c86-a81f-cb1dc050deb6" testId="fca8ab95-7af3-a90d-fbfd-65aa32ba21d7" testName="ConvertPlatformRestrictedMedia_To_RestrictedMediaModel_Empty_Test" computerName="DKSR-EFI-06" duration="00:00:00.0010000" startTime="2024-01-09T15:44:09.0000000+01:00" endTime="2024-01-09T15:44:09.0000000+01:00" testType="13cdc9d9-ddb5-4fa4-a97d-d965ccfc6d4b" outcome="Passed" testListId="8c84fa94-04c1-424b-9868-57a2d4851a1d" relativeResultsDirectory="4aaed71f-0a79-4c86-a81f-cb1dc050deb6" />
    <UnitTestResult executionId="c30b4169-9e08-4352-834d-877c45aa1ac2" testId="9b8e51a1-e8ff-e865-8c46-6f38ecb98e8b" testName="ConvertPlatFormFaultDevice_To_ErrorDeviceModel_Single_ErrorDevice_Returned(5,RestrictedMediasNotSupported)" computerName="DKSR-EFI-06" duration="00:00:00.0000001" startTime="2024-01-09T15:44:09.0000000+01:00" endTime="2024-01-09T15:44:09.0000000+01:00" testType="13cdc9d9-ddb5-4fa4-a97d-d965ccfc6d4b" outcome="Passed" testListId="8c84fa94-04c1-424b-9868-57a2d4851a1d" relativeResultsDirectory="c30b4169-9e08-4352-834d-877c45aa1ac2" />
    <UnitTestResult executionId="c53bb897-35b6-4bc0-b7a8-8c28d72d762f" testId="8e667f7d-2264-ebaa-b986-22193a086f45" testName="ConvertPlatFormFaultDevice_To_ErrorDeviceModel_Single_ErrorDevice_Returned(7,NotInRestrictedLiveMode)" computerName="DKSR-EFI-06" duration="00:00:00.0000001" startTime="2024-01-09T15:44:09.0000000+01:00" endTime="2024-01-09T15:44:09.0000000+01:00" testType="13cdc9d9-ddb5-4fa4-a97d-d965ccfc6d4b" outcome="Passed" testListId="8c84fa94-04c1-424b-9868-57a2d4851a1d" relativeResultsDirectory="c53bb897-35b6-4bc0-b7a8-8c28d72d762f" />
    <UnitTestResult executionId="e9a08d24-d85f-42af-8a8a-156087d8c4b3" testId="a83df13c-3df2-72fa-0a21-d0b24a47287a" testName="ExecuteMethod_Refresh_Success_SelectedRestrictionTypeOption_All" computerName="DKSR-EFI-06" duration="00:00:00.0080000" startTime="2024-01-09T15:44:14.0000000+01:00" endTime="2024-01-09T15:44:14.0000000+01:00" testType="13cdc9d9-ddb5-4fa4-a97d-d965ccfc6d4b" outcome="Passed" testListId="8c84fa94-04c1-424b-9868-57a2d4851a1d" relativeResultsDirectory="e9a08d24-d85f-42af-8a8a-156087d8c4b3" />
    <UnitTestResult executionId="7111dcb8-3e9b-4055-b07f-97ab764dc1be" testId="df2bfdb4-c7aa-203d-4453-5b5845c82589" testName="ShowRemovePlaybackFlow_NotOnePlaybackRestrictionSelected_InvalidOperationException(0)" computerName="DKSR-EFI-06" duration="00:00:00.0120000" startTime="2024-01-09T15:44:18.0000000+01:00" endTime="2024-01-09T15:44:18.0000000+01:00" testType="13cdc9d9-ddb5-4fa4-a97d-d965ccfc6d4b" outcome="Passed" testListId="8c84fa94-04c1-424b-9868-57a2d4851a1d" relativeResultsDirectory="7111dcb8-3e9b-4055-b07f-97ab764dc1be" />
    <UnitTestResult executionId="9b094c34-8f22-444c-8c48-39b844d31270" testId="ac7c4b23-a97b-f854-9bff-5ab95012ea22" testName="RestrictedMediaExitLiveViewModel_DoActionCommand_ValidationSuccesss" computerName="DKSR-EFI-06" duration="00:00:00.0040000" startTime="2024-01-09T15:44:12.0000000+01:00" endTime="2024-01-09T15:44:12.0000000+01:00" testType="13cdc9d9-ddb5-4fa4-a97d-d965ccfc6d4b" outcome="Passed" testListId="8c84fa94-04c1-424b-9868-57a2d4851a1d" relativeResultsDirectory="9b094c34-8f22-444c-8c48-39b844d31270" />
    <UnitTestResult executionId="e7294b9f-841e-403f-b113-88e0db57b60d" testId="b8af882f-b401-dac0-be50-59e73558edf4" testName="RestrictedMediaCreatePlaybackViewModel_ConstructorTests_VerifyPlaybackStates" computerName="DKSR-EFI-06" duration="00:00:00.0000001" startTime="2024-01-09T15:44:11.0000000+01:00" endTime="2024-01-09T15:44:11.0000000+01:00" testType="13cdc9d9-ddb5-4fa4-a97d-d965ccfc6d4b" outcome="Passed" testListId="8c84fa94-04c1-424b-9868-57a2d4851a1d" relativeResultsDirectory="e7294b9f-841e-403f-b113-88e0db57b60d" />
    <UnitTestResult executionId="ccb028d2-d206-4d9f-8571-9174cddcb17c" testId="8f899a25-6c20-0c02-2ca0-f7deff3e5646" testName="RestrictedMediaExitLiveViewModel_Command_Help_Success" computerName="DKSR-EFI-06" duration="00:00:00.0010000" startTime="2024-01-09T15:44:12.0000000+01:00" endTime="2024-01-09T15:44:12.0000000+01:00" testType="13cdc9d9-ddb5-4fa4-a97d-d965ccfc6d4b" outcome="Passed" testListId="8c84fa94-04c1-424b-9868-57a2d4851a1d" relativeResultsDirectory="ccb028d2-d206-4d9f-8571-9174cddcb17c" />
    <UnitTestResult executionId="e9b16da0-7ece-4f1c-9dac-e629c58d754a" testId="19233934-abd8-3a91-20ec-8941bec8dc02" testName="ConvertPlatFormFaultDevice_To_ErrorDeviceModel_Single_ErrorDevice_Returned(0,UnknownError)" computerName="DKSR-EFI-06" duration="00:00:00.0020000" startTime="2024-01-09T15:44:09.0000000+01:00" endTime="2024-01-09T15:44:09.0000000+01:00" testType="13cdc9d9-ddb5-4fa4-a97d-d965ccfc6d4b" outcome="Passed" testListId="8c84fa94-04c1-424b-9868-57a2d4851a1d" relativeResultsDirectory="e9b16da0-7ece-4f1c-9dac-e629c58d754a" />
    <UnitTestResult executionId="dca897f3-3491-4d94-8e6f-48da848ba122" testId="b2789cfe-e74b-c0e0-45d4-e067ef604d7d" testName="ExecuteMethod_View_SelectMultipleLive_Success" computerName="DKSR-EFI-06" duration="00:00:00.0120000" startTime="2024-01-09T15:44:15.0000000+01:00" endTime="2024-01-09T15:44:15.0000000+01:00" testType="13cdc9d9-ddb5-4fa4-a97d-d965ccfc6d4b" outcome="Passed" testListId="8c84fa94-04c1-424b-9868-57a2d4851a1d" relativeResultsDirectory="dca897f3-3491-4d94-8e6f-48da848ba122" />
    <UnitTestResult executionId="2699dd15-c048-4066-ac5e-155a74fe7f90" testId="15c0aac0-d054-c5c8-74f3-93338a901d00" testName="ExecuteMethod_Refresh_Success_SelectedRestrictionTypeOption_Playback" computerName="DKSR-EFI-06" duration="00:00:00.0340000" startTime="2024-01-09T15:44:14.0000000+01:00" endTime="2024-01-09T15:44:15.0000000+01:00" testType="13cdc9d9-ddb5-4fa4-a97d-d965ccfc6d4b" outcome="Passed" testListId="8c84fa94-04c1-424b-9868-57a2d4851a1d" relativeResultsDirectory="2699dd15-c048-4066-ac5e-155a74fe7f90" />
    <UnitTestResult executionId="f3e46a1b-ca77-44ea-aff3-c3f88a6110c9" testId="320c0b8a-3a94-5805-aa9c-e9a39f19b01c" testName="GetManagementServerGuidFromDeviceFqId_Test_Success" computerName="DKSR-EFI-06" duration="00:00:00.0020000" startTime="2024-01-09T15:44:09.0000000+01:00" endTime="2024-01-09T15:44:09.0000000+01:00" testType="13cdc9d9-ddb5-4fa4-a97d-d965ccfc6d4b" outcome="Passed" testListId="8c84fa94-04c1-424b-9868-57a2d4851a1d" relativeResultsDirectory="f3e46a1b-ca77-44ea-aff3-c3f88a6110c9" />
    <UnitTestResult executionId="67f428df-e39d-4706-ba45-fc3ac046674e" testId="5cd834f0-29d2-4f9c-2bff-18238675d87b" testName="RestrictedMediaEditPlaybackViewModel_EditHeader_Empty_Ignored" computerName="DKSR-EFI-06" duration="00:00:00.0000001" startTime="2024-01-09T15:44:12.0000000+01:00" endTime="2024-01-09T15:44:12.0000000+01:00" testType="13cdc9d9-ddb5-4fa4-a97d-d965ccfc6d4b" outcome="Passed" testListId="8c84fa94-04c1-424b-9868-57a2d4851a1d" relativeResultsDirectory="67f428df-e39d-4706-ba45-fc3ac046674e" />
    <UnitTestResult executionId="5e9e389a-4824-448f-b572-11aeaffb1ae8" testId="276c8ccc-e18f-b9de-0ebc-62b075b2ebc5" testName="RestrictedMediaEditLiveViewModel_ConstructorTests_UILauncherService_ArgumentNull" computerName="DKSR-EFI-06" duration="00:00:00.0010000" startTime="2024-01-09T15:44:11.0000000+01:00" endTime="2024-01-09T15:44:11.0000000+01:00" testType="13cdc9d9-ddb5-4fa4-a97d-d965ccfc6d4b" outcome="Passed" testListId="8c84fa94-04c1-424b-9868-57a2d4851a1d" relativeResultsDirectory="5e9e389a-4824-448f-b572-11aeaffb1ae8" />
    <UnitTestResult executionId="eac7a7f7-1115-4931-9fad-e14abce818a9" testId="ac9a92ae-7590-9a1a-15a6-adea7c6af2b6" testName="RestrictedMediaCreateProgressViewModel_Create_WithAllDevices_Success" computerName="DKSR-EFI-06" duration="00:00:00.0150000" startTime="2024-01-09T15:44:10.0000000+01:00" endTime="2024-01-09T15:44:10.0000000+01:00" testType="13cdc9d9-ddb5-4fa4-a97d-d965ccfc6d4b" outcome="Passed" testListId="8c84fa94-04c1-424b-9868-57a2d4851a1d" relativeResultsDirectory="eac7a7f7-1115-4931-9fad-e14abce818a9" />
    <UnitTestResult executionId="ddd40759-f5e5-40a3-a435-e5ffe5777f61" testId="4658f015-84dd-2054-52ea-0cc8fc63140b" testName="RestrictedMediaEditPlaybackViewModel_EditDevices_SameServer_Success" computerName="DKSR-EFI-06" duration="00:00:00.0030000" startTime="2024-01-09T15:44:12.0000000+01:00" endTime="2024-01-09T15:44:12.0000000+01:00" testType="13cdc9d9-ddb5-4fa4-a97d-d965ccfc6d4b" outcome="Passed" testListId="8c84fa94-04c1-424b-9868-57a2d4851a1d" relativeResultsDirectory="ddd40759-f5e5-40a3-a435-e5ffe5777f61" />
    <UnitTestResult executionId="da4b1f31-d7c6-41a6-ad9f-e4ef311bc473" testId="484f23f1-eead-057a-0210-92524f263bbe" testName="ConvertPlatFormFaultDevice_To_ErrorDeviceModel_DeviceNotFoundError_Single_ErrorDevice_Returned" computerName="DKSR-EFI-06" duration="00:00:00.0020000" startTime="2024-01-09T15:44:09.0000000+01:00" endTime="2024-01-09T15:44:09.0000000+01:00" testType="13cdc9d9-ddb5-4fa4-a97d-d965ccfc6d4b" outcome="Passed" testListId="8c84fa94-04c1-424b-9868-57a2d4851a1d" relativeResultsDirectory="da4b1f31-d7c6-41a6-ad9f-e4ef311bc473" />
    <UnitTestResult executionId="93812630-2b1e-4674-bb05-398134abb1c7" testId="c09fe2ef-bc41-0572-f8e4-8f710e0178b9" testName="Convert_RestrictedMediaResult_Failed_Test(RecorderNotFound,RecorderNotFound)" computerName="DKSR-EFI-06" duration="00:00:00.0000001" startTime="2024-01-09T15:44:08.0000000+01:00" endTime="2024-01-09T15:44:08.0000000+01:00" testType="13cdc9d9-ddb5-4fa4-a97d-d965ccfc6d4b" outcome="Passed" testListId="8c84fa94-04c1-424b-9868-57a2d4851a1d" relativeResultsDirectory="93812630-2b1e-4674-bb05-398134abb1c7" />
    <UnitTestResult executionId="a8013ecd-c88a-4f18-96a1-a42523cfd2b6" testId="d390ef0e-58ac-fef2-cee1-ffb7e3a582c4" testName="ConvertPlatFormFaultDevice_To_PluginErrorDevice_Single_ErrorDeviceModel_GetItem_Returns_Null(4,DeviceNotFound)" computerName="DKSR-EFI-06" duration="00:00:00.0000001" startTime="2024-01-09T15:44:09.0000000+01:00" endTime="2024-01-09T15:44:09.0000000+01:00" testType="13cdc9d9-ddb5-4fa4-a97d-d965ccfc6d4b" outcome="Passed" testListId="8c84fa94-04c1-424b-9868-57a2d4851a1d" relativeResultsDirectory="a8013ecd-c88a-4f18-96a1-a42523cfd2b6" />
    <UnitTestResult executionId="8a0a6755-f45a-4de3-9c09-3b7f80ac4cd5" testId="1d85a2bb-be79-a383-ebd8-f842a1feb192" testName="RestrictedMediaCreatePlaybackViewModel_StartTimeIsGreaterThanEndTime_ValidationSuccess" computerName="DKSR-EFI-06" duration="00:00:00.0030000" startTime="2024-01-09T15:44:11.0000000+01:00" endTime="2024-01-09T15:44:11.0000000+01:00" testType="13cdc9d9-ddb5-4fa4-a97d-d965ccfc6d4b" outcome="Passed" testListId="8c84fa94-04c1-424b-9868-57a2d4851a1d" relativeResultsDirectory="8a0a6755-f45a-4de3-9c09-3b7f80ac4cd5" />
    <UnitTestResult executionId="a0bf2be6-b9fd-4d67-a7a8-eceda5ad9ed2" testId="e10d0180-78db-6b12-3297-e3df99079dd6" testName="RestrictedMediaCreateLiveViewModel_ConstructorTests_Success" computerName="DKSR-EFI-06" duration="00:00:00.0030000" startTime="2024-01-09T15:44:11.0000000+01:00" endTime="2024-01-09T15:44:11.0000000+01:00" testType="13cdc9d9-ddb5-4fa4-a97d-d965ccfc6d4b" outcome="Passed" testListId="8c84fa94-04c1-424b-9868-57a2d4851a1d" relativeResultsDirectory="a0bf2be6-b9fd-4d67-a7a8-eceda5ad9ed2" />
    <UnitTestResult executionId="d19ede3b-211f-4080-b332-2bed8a371786" testId="0fdce449-7410-bfb4-47b0-2e8aaa00a538" testName="RestrictedMediaCreatePlaybackViewModel_SelectedCameras_RemoveCamera" computerName="DKSR-EFI-06" duration="00:00:00.0010000" startTime="2024-01-09T15:44:11.0000000+01:00" endTime="2024-01-09T15:44:11.0000000+01:00" testType="13cdc9d9-ddb5-4fa4-a97d-d965ccfc6d4b" outcome="Passed" testListId="8c84fa94-04c1-424b-9868-57a2d4851a1d" relativeResultsDirectory="d19ede3b-211f-4080-b332-2bed8a371786" />
    <UnitTestResult executionId="b8fd003d-d222-4747-9136-85a0d50f240a" testId="16f3da9c-5207-8ee8-3f4b-1934d47e230c" testName="ConvertPlatFormWarningDevice_To_PluginErrorDevice_Single_ErrorDevice_GetItems_Returns_Null(0,UnknownError)" computerName="DKSR-EFI-06" duration="00:00:00.0010000" startTime="2024-01-09T15:44:09.0000000+01:00" endTime="2024-01-09T15:44:09.0000000+01:00" testType="13cdc9d9-ddb5-4fa4-a97d-d965ccfc6d4b" outcome="Passed" testListId="8c84fa94-04c1-424b-9868-57a2d4851a1d" relativeResultsDirectory="b8fd003d-d222-4747-9136-85a0d50f240a" />
    <UnitTestResult executionId="0c2b8fb0-8e0d-4af2-bf35-5829f6726ec0" testId="5a5b7ff3-c747-935b-9bdd-eabb3cbec336" testName="GetManagementServerGuidFromDeviceFqId_Test_Failure" computerName="DKSR-EFI-06" duration="00:00:00.0010000" startTime="2024-01-09T15:44:09.0000000+01:00" endTime="2024-01-09T15:44:09.0000000+01:00" testType="13cdc9d9-ddb5-4fa4-a97d-d965ccfc6d4b" outcome="Passed" testListId="8c84fa94-04c1-424b-9868-57a2d4851a1d" relativeResultsDirectory="0c2b8fb0-8e0d-4af2-bf35-5829f6726ec0" />
    <UnitTestResult executionId="83f636e5-0219-4542-815c-6518acc16ced" testId="10bc9025-1e51-b9f1-deb7-b28688830da1" testName="ShowRemoveLiveFlow_OnlyLiveRestrictionSelected_HandleProgressCalled_Lift" computerName="DKSR-EFI-06" duration="00:00:00.6100000" startTime="2024-01-09T15:44:16.0000000+01:00" endTime="2024-01-09T15:44:17.0000000+01:00" testType="13cdc9d9-ddb5-4fa4-a97d-d965ccfc6d4b" outcome="Passed" testListId="8c84fa94-04c1-424b-9868-57a2d4851a1d" relativeResultsDirectory="83f636e5-0219-4542-815c-6518acc16ced" />
    <UnitTestResult executionId="d497c72b-1deb-4cac-a8fb-79cb1058c98a" testId="91cc9668-dd6e-fc66-10d5-cd29e992c30d" testName="ConvertPlatFormFaultDevice_To_ErrorDeviceModel_Single_ErrorDevice_Returned(3,Unauthorized)" computerName="DKSR-EFI-06" duration="00:00:00.0000001" startTime="2024-01-09T15:44:09.0000000+01:00" endTime="2024-01-09T15:44:09.0000000+01:00" testType="13cdc9d9-ddb5-4fa4-a97d-d965ccfc6d4b" outcome="Passed" testListId="8c84fa94-04c1-424b-9868-57a2d4851a1d" relativeResultsDirectory="d497c72b-1deb-4cac-a8fb-79cb1058c98a" />
    <UnitTestResult executionId="97e4c191-f9b2-4d9a-a4c9-c8cda25a6edf" testId="12f02d0e-30ad-738a-4264-ae4b799fa6fa" testName="RestrictedMediaEditLiveViewModel_Command_Help_Success" computerName="DKSR-EFI-06" duration="00:00:00.0090000" startTime="2024-01-09T15:44:11.0000000+01:00" endTime="2024-01-09T15:44:11.0000000+01:00" testType="13cdc9d9-ddb5-4fa4-a97d-d965ccfc6d4b" outcome="Passed" testListId="8c84fa94-04c1-424b-9868-57a2d4851a1d" relativeResultsDirectory="97e4c191-f9b2-4d9a-a4c9-c8cda25a6edf" />
    <UnitTestResult executionId="141da097-c742-4548-858c-d5f8f706a73f" testId="5148dec4-b86e-f0cf-becf-0cd4e7855786" testName="RestrictedMediaCreateProgressViewModel_Create_Failure_DeviceError" computerName="DKSR-EFI-06" duration="00:00:00.0230000" startTime="2024-01-09T15:44:10.0000000+01:00" endTime="2024-01-09T15:44:10.0000000+01:00" testType="13cdc9d9-ddb5-4fa4-a97d-d965ccfc6d4b" outcome="Passed" testListId="8c84fa94-04c1-424b-9868-57a2d4851a1d" relativeResultsDirectory="141da097-c742-4548-858c-d5f8f706a73f" />
    <UnitTestResult executionId="6fca7591-1e9e-4f36-ba35-fb8aa904b05f" testId="1d96c397-343a-1a9f-12c1-9a345ea55040" testName="ExecuteMethodClose_Success_UnRegisterReceiverCalled" computerName="DKSR-EFI-06" duration="00:00:00.0050000" startTime="2024-01-09T15:44:15.0000000+01:00" endTime="2024-01-09T15:44:15.0000000+01:00" testType="13cdc9d9-ddb5-4fa4-a97d-d965ccfc6d4b" outcome="Passed" testListId="8c84fa94-04c1-424b-9868-57a2d4851a1d" relativeResultsDirectory="6fca7591-1e9e-4f36-ba35-fb8aa904b05f" />
    <UnitTestResult executionId="e02fd1c5-1286-4f5b-8dc6-b2692fe37e63" testId="a76a9517-5978-9240-ab27-599976e859a1" testName="ConvertPlatFormWarningDevice_To_PluginErrorDevice_Single_ErrorDevice_GetItems_Returns_Null(6,AlreadyInRestrictedLiveMode)" computerName="DKSR-EFI-06" duration="00:00:00.0000001" startTime="2024-01-09T15:44:09.0000000+01:00" endTime="2024-01-09T15:44:09.0000000+01:00" testType="13cdc9d9-ddb5-4fa4-a97d-d965ccfc6d4b" outcome="Passed" testListId="8c84fa94-04c1-424b-9868-57a2d4851a1d" relativeResultsDirectory="e02fd1c5-1286-4f5b-8dc6-b2692fe37e63" />
    <UnitTestResult executionId="de5eb887-652f-4fdf-957f-d957bd4ce1bf" testId="4d5f4eb9-38e5-0980-169e-254647142dfb" testName="IntervalComboBoxModel_CustomMatchEndOnFromTime_RestrictionIncluded" computerName="DKSR-EFI-06" duration="00:00:00.0110000" startTime="2024-01-09T15:44:15.0000000+01:00" endTime="2024-01-09T15:44:15.0000000+01:00" testType="13cdc9d9-ddb5-4fa4-a97d-d965ccfc6d4b" outcome="Passed" testListId="8c84fa94-04c1-424b-9868-57a2d4851a1d" relativeResultsDirectory="de5eb887-652f-4fdf-957f-d957bd4ce1bf" />
    <UnitTestResult executionId="c513109e-d197-4d6d-8cdd-d657d7871b25" testId="c9c0f96b-8ddb-f788-78c6-2477d404e71f" testName="RestrictedMediaEditPlaybackViewModel_Command_RemoveAllCameras_Success" computerName="DKSR-EFI-06" duration="00:00:00.0010000" startTime="2024-01-09T15:44:12.0000000+01:00" endTime="2024-01-09T15:44:12.0000000+01:00" testType="13cdc9d9-ddb5-4fa4-a97d-d965ccfc6d4b" outcome="Passed" testListId="8c84fa94-04c1-424b-9868-57a2d4851a1d" relativeResultsDirectory="c513109e-d197-4d6d-8cdd-d657d7871b25" />
    <UnitTestResult executionId="b7008d89-ee69-4ddb-88d7-e4351274d904" testId="ef0aaa18-efe2-0948-95d5-da08720ab30c" testName="SetEffectiveInterval_TextLongerThanMaxFilter_TextTruncated(&quot;2023-09-08T22:12:35.0000000Z&quot;,&quot;2023-09-08T22:12:35.0000000Z&quot;,&quot;en-US&quot;)" computerName="DKSR-EFI-06" duration="00:00:00.0010000" startTime="2024-01-09T15:44:18.0000000+01:00" endTime="2024-01-09T15:44:18.0000000+01:00" testType="13cdc9d9-ddb5-4fa4-a97d-d965ccfc6d4b" outcome="Passed" testListId="8c84fa94-04c1-424b-9868-57a2d4851a1d" relativeResultsDirectory="b7008d89-ee69-4ddb-88d7-e4351274d904" />
    <UnitTestResult executionId="76a5b9d3-75bc-4ff3-9f57-6bd6391e50f5" testId="90bb051a-5d8c-e17e-a77b-7911ffa5e492" testName="RestrictedMediaExitLiveProgressViewModel_Execute_Failed_DeviceError" computerName="DKSR-EFI-06" duration="00:00:00.0360000" startTime="2024-01-09T15:44:10.0000000+01:00" endTime="2024-01-09T15:44:10.0000000+01:00" testType="13cdc9d9-ddb5-4fa4-a97d-d965ccfc6d4b" outcome="Passed" testListId="8c84fa94-04c1-424b-9868-57a2d4851a1d" relativeResultsDirectory="76a5b9d3-75bc-4ff3-9f57-6bd6391e50f5" />
    <UnitTestResult executionId="8d084111-93d6-4467-8725-d3c9e2db28db" testId="8c56c3f4-1f0c-1326-b3b3-f0139d912a49" testName="RestrictedMediaCreateLiveProgressViewModel_Success" computerName="DKSR-EFI-06" duration="00:00:00.0090000" startTime="2024-01-09T15:44:10.0000000+01:00" endTime="2024-01-09T15:44:10.0000000+01:00" testType="13cdc9d9-ddb5-4fa4-a97d-d965ccfc6d4b" outcome="Passed" testListId="8c84fa94-04c1-424b-9868-57a2d4851a1d" relativeResultsDirectory="8d084111-93d6-4467-8725-d3c9e2db28db" />
    <UnitTestResult executionId="d838fdf9-88cd-4409-855c-d2a00b2e7d64" testId="ea28b7d6-ac5c-85dd-6095-3c4983d44a2e" testName="Execute_NoDevices_NoServerCalls" computerName="DKSR-EFI-06" duration="00:00:00.0190000" startTime="2024-01-09T15:44:11.0000000+01:00" endTime="2024-01-09T15:44:11.0000000+01:00" testType="13cdc9d9-ddb5-4fa4-a97d-d965ccfc6d4b" outcome="Passed" testListId="8c84fa94-04c1-424b-9868-57a2d4851a1d" relativeResultsDirectory="d838fdf9-88cd-4409-855c-d2a00b2e7d64" />
    <UnitTestResult executionId="8c78f64e-c2c1-414c-aa53-6e6b849deeea" testId="503e5675-103c-bf4f-284b-45fe2ab08824" testName="ConvertPlatFormWarningDevice_To_PluginErrorDevice_Single_ErrorDevice_GetItems_Returns_Null(7,NotInRestrictedLiveMode)" computerName="DKSR-EFI-06" duration="00:00:00.0000001" startTime="2024-01-09T15:44:09.0000000+01:00" endTime="2024-01-09T15:44:09.0000000+01:00" testType="13cdc9d9-ddb5-4fa4-a97d-d965ccfc6d4b" outcome="Passed" testListId="8c84fa94-04c1-424b-9868-57a2d4851a1d" relativeResultsDirectory="8c78f64e-c2c1-414c-aa53-6e6b849deeea" />
    <UnitTestResult executionId="411fc16c-a7b5-4483-9dae-58a8f269c1a0" testId="5c7539e8-007d-2c3e-3e5a-38f098d9a377" testName="ConvertToCameraModels_No_CameraItem_Found_By_Configuration_Test" computerName="DKSR-EFI-06" duration="00:00:00.0080000" startTime="2024-01-09T15:44:09.0000000+01:00" endTime="2024-01-09T15:44:09.0000000+01:00" testType="13cdc9d9-ddb5-4fa4-a97d-d965ccfc6d4b" outcome="Passed" testListId="8c84fa94-04c1-424b-9868-57a2d4851a1d" relativeResultsDirectory="411fc16c-a7b5-4483-9dae-58a8f269c1a0" />
    <UnitTestResult executionId="30f64d3d-6e09-4eb6-80dc-bbc7a7a49501" testId="738ddaf4-bfd3-90c1-a404-9a5fecfe4707" testName="Convert_RestrictedMediaResult_Failed_Test(Failed,Failed)" computerName="DKSR-EFI-06" duration="00:00:00.0000001" startTime="2024-01-09T15:44:07.0000000+01:00" endTime="2024-01-09T15:44:07.0000000+01:00" testType="13cdc9d9-ddb5-4fa4-a97d-d965ccfc6d4b" outcome="Passed" testListId="8c84fa94-04c1-424b-9868-57a2d4851a1d" relativeResultsDirectory="30f64d3d-6e09-4eb6-80dc-bbc7a7a49501" />
    <UnitTestResult executionId="2b1c5d81-7609-4d79-8c39-8f83d9d39856" testId="fd32db7b-aacd-62c2-14ce-728c0a17acb6" testName="RestrictedMediaCreateLiveViewModel_NoSelectedCamerasState_Changed" computerName="DKSR-EFI-06" duration="00:00:00.0070000" startTime="2024-01-09T15:44:11.0000000+01:00" endTime="2024-01-09T15:44:11.0000000+01:00" testType="13cdc9d9-ddb5-4fa4-a97d-d965ccfc6d4b" outcome="Passed" testListId="8c84fa94-04c1-424b-9868-57a2d4851a1d" relativeResultsDirectory="2b1c5d81-7609-4d79-8c39-8f83d9d39856" />
    <UnitTestResult executionId="1abce84d-37c5-4111-b081-f1278d19e31d" testId="e08f6e79-c4f6-5b1c-6e23-a1a2c828ea9a" testName="RestrictedMediaRemovePlaybackProgressViewModel_ExecuteMethod_ProgressHandled" computerName="DKSR-EFI-06" duration="00:00:00.0140000" startTime="2024-01-09T15:44:16.0000000+01:00" endTime="2024-01-09T15:44:16.0000000+01:00" testType="13cdc9d9-ddb5-4fa4-a97d-d965ccfc6d4b" outcome="Passed" testListId="8c84fa94-04c1-424b-9868-57a2d4851a1d" relativeResultsDirectory="1abce84d-37c5-4111-b081-f1278d19e31d" />
    <UnitTestResult executionId="4f2214c5-1e2b-4e93-8a04-3a1048215475" testId="4202a800-70c5-db30-821b-e1bbf62465d8" testName="SetEffectiveInterval_TextLongerThanMaxFilter_TextTruncated(&quot;2023-10-10T22:12:35.0000000Z&quot;,&quot;2023-10-11T22:12:35.0000000Z&quot;,&quot;en-US&quot;)" computerName="DKSR-EFI-06" duration="00:00:00.0020000" startTime="2024-01-09T15:44:18.0000000+01:00" endTime="2024-01-09T15:44:18.0000000+01:00" testType="13cdc9d9-ddb5-4fa4-a97d-d965ccfc6d4b" outcome="Passed" testListId="8c84fa94-04c1-424b-9868-57a2d4851a1d" relativeResultsDirectory="4f2214c5-1e2b-4e93-8a04-3a1048215475" />
    <UnitTestResult executionId="6bab5289-d7aa-433e-8c32-5ef4147a542c" testId="8f3509a9-6ec2-5851-47d0-185e74c1fbdd" testName="ConvertPlatFormFaultDevice_To_ErrorDeviceModel_Array_Returned(2,Warning)" computerName="DKSR-EFI-06" duration="00:00:00.0000001" startTime="2024-01-09T15:44:09.0000000+01:00" endTime="2024-01-09T15:44:09.0000000+01:00" testType="13cdc9d9-ddb5-4fa4-a97d-d965ccfc6d4b" outcome="Passed" testListId="8c84fa94-04c1-424b-9868-57a2d4851a1d" relativeResultsDirectory="6bab5289-d7aa-433e-8c32-5ef4147a542c" />
    <UnitTestResult executionId="4b7e6f62-20ea-4c29-ab1f-a4e0f4c41fa3" testId="134b9727-b0fc-7475-6049-b223c13b3f45" testName="AcceptCustomIntervalCommand_Executed_EventIsInvoked" computerName="DKSR-EFI-06" duration="00:00:00.0020000" startTime="2024-01-09T15:44:18.0000000+01:00" endTime="2024-01-09T15:44:18.0000000+01:00" testType="13cdc9d9-ddb5-4fa4-a97d-d965ccfc6d4b" outcome="Passed" testListId="8c84fa94-04c1-424b-9868-57a2d4851a1d" relativeResultsDirectory="4b7e6f62-20ea-4c29-ab1f-a4e0f4c41fa3" />
    <UnitTestResult executionId="f83afc83-9a28-4d9b-a9bc-1cf4348fd0a5" testId="6e21deb4-194d-7b28-15a5-37240ef4101b" testName="ExecuteMethodView_ViewLimitReached_ShowViewLimitReachedWarningMessageCalled" computerName="DKSR-EFI-06" duration="00:00:00.1990000" startTime="2024-01-09T15:44:15.0000000+01:00" endTime="2024-01-09T15:44:15.0000000+01:00" testType="13cdc9d9-ddb5-4fa4-a97d-d965ccfc6d4b" outcome="Passed" testListId="8c84fa94-04c1-424b-9868-57a2d4851a1d" relativeResultsDirectory="f83afc83-9a28-4d9b-a9bc-1cf4348fd0a5" />
    <UnitTestResult executionId="2e2ed91c-5889-4252-90a8-c8e6cae69b1e" testId="70ecc806-c37b-0ece-f5ea-d0b7a78d1ef4" testName="RestrictedMediaCreateLiveViewModel_CreateCommand_ValidationSuccesss" computerName="DKSR-EFI-06" duration="00:00:00.0040000" startTime="2024-01-09T15:44:11.0000000+01:00" endTime="2024-01-09T15:44:11.0000000+01:00" testType="13cdc9d9-ddb5-4fa4-a97d-d965ccfc6d4b" outcome="Passed" testListId="8c84fa94-04c1-424b-9868-57a2d4851a1d" relativeResultsDirectory="2e2ed91c-5889-4252-90a8-c8e6cae69b1e" />
    <UnitTestResult executionId="3ab90cbf-5854-44d4-8d40-57b9469a9505" testId="ef8e9cb7-c7e5-5acf-da53-7a66bb86ad61" testName="ConvertPlatformRestrictedLiveMedia_To_PluginRestrictedMedia_Test" computerName="DKSR-EFI-06" duration="00:00:00.0100000" startTime="2024-01-09T15:44:09.0000000+01:00" endTime="2024-01-09T15:44:09.0000000+01:00" testType="13cdc9d9-ddb5-4fa4-a97d-d965ccfc6d4b" outcome="Passed" testListId="8c84fa94-04c1-424b-9868-57a2d4851a1d" relativeResultsDirectory="3ab90cbf-5854-44d4-8d40-57b9469a9505" />
    <UnitTestResult executionId="26158dd3-7749-4274-8a8e-6ac7d4793576" testId="98f44b34-79e7-f9f8-4d31-30d25d21966e" testName="RestrictedMediaCreatePlaybackViewModel_CreateCommand_CamerasNotSelected_ValidationFailed" computerName="DKSR-EFI-06" duration="00:00:00.0180000" startTime="2024-01-09T15:44:11.0000000+01:00" endTime="2024-01-09T15:44:11.0000000+01:00" testType="13cdc9d9-ddb5-4fa4-a97d-d965ccfc6d4b" outcome="Passed" testListId="8c84fa94-04c1-424b-9868-57a2d4851a1d" relativeResultsDirectory="26158dd3-7749-4274-8a8e-6ac7d4793576" />
    <UnitTestResult executionId="dab95f3b-2302-4ac7-86fc-3cc3224e9c63" testId="8b1a83ce-a8fc-b2f2-5a6a-000648feea1e" testName="RestrictedMediaExitLiveProgressViewModel_ConstructorTests_Model_ArgumentNull" computerName="DKSR-EFI-06" duration="00:00:00.0010000" startTime="2024-01-09T15:44:10.0000000+01:00" endTime="2024-01-09T15:44:10.0000000+01:00" testType="13cdc9d9-ddb5-4fa4-a97d-d965ccfc6d4b" outcome="Passed" testListId="8c84fa94-04c1-424b-9868-57a2d4851a1d" relativeResultsDirectory="dab95f3b-2302-4ac7-86fc-3cc3224e9c63" />
    <UnitTestResult executionId="46fd15d2-f2e9-40b9-93d9-7d2633dd6250" testId="9635299d-0007-5b40-f89a-bef31f3eaef9" testName="RestrictedMediaCreateLiveViewModel_CreateCommand_MissingCameras_ValidationFailed" computerName="DKSR-EFI-06" duration="00:00:00.0030000" startTime="2024-01-09T15:44:11.0000000+01:00" endTime="2024-01-09T15:44:11.0000000+01:00" testType="13cdc9d9-ddb5-4fa4-a97d-d965ccfc6d4b" outcome="Passed" testListId="8c84fa94-04c1-424b-9868-57a2d4851a1d" relativeResultsDirectory="46fd15d2-f2e9-40b9-93d9-7d2633dd6250" />
    <UnitTestResult executionId="b8053cf3-b2a5-46ed-b5e1-386d66a53a09" testId="a4a067f6-23e4-2ca0-4001-b687ba85a2a3" testName="RestrictedMediaEditPlaybackViewModel_EditHeader_EmptyHeader_ValidationFailed" computerName="DKSR-EFI-06" duration="00:00:00.0010000" startTime="2024-01-09T15:44:12.0000000+01:00" endTime="2024-01-09T15:44:12.0000000+01:00" testType="13cdc9d9-ddb5-4fa4-a97d-d965ccfc6d4b" outcome="Passed" testListId="8c84fa94-04c1-424b-9868-57a2d4851a1d" relativeResultsDirectory="b8053cf3-b2a5-46ed-b5e1-386d66a53a09" />
    <UnitTestResult executionId="d43eb2e7-f2c2-44db-8f9e-9859ef3ee18a" testId="685d7ee7-f46c-f249-6be2-bf6517fa0983" testName="RestrictedMediaEditPlaybackViewModel_ConstructorTests_RestrictedMediaModel_ArgumentNull" computerName="DKSR-EFI-06" duration="00:00:00.0010000" startTime="2024-01-09T15:44:12.0000000+01:00" endTime="2024-01-09T15:44:12.0000000+01:00" testType="13cdc9d9-ddb5-4fa4-a97d-d965ccfc6d4b" outcome="Passed" testListId="8c84fa94-04c1-424b-9868-57a2d4851a1d" relativeResultsDirectory="d43eb2e7-f2c2-44db-8f9e-9859ef3ee18a" />
    <UnitTestResult executionId="adf43c0f-5691-4dda-83ea-e1aaaacf8cf8" testId="0341afe0-66da-fb7d-8154-543c6b598d19" testName="CancelCustomIntervalCommand_Executed_PreviousSelection" computerName="DKSR-EFI-06" duration="00:00:00.0010000" startTime="2024-01-09T15:44:18.0000000+01:00" endTime="2024-01-09T15:44:18.0000000+01:00" testType="13cdc9d9-ddb5-4fa4-a97d-d965ccfc6d4b" outcome="Passed" testListId="8c84fa94-04c1-424b-9868-57a2d4851a1d" relativeResultsDirectory="adf43c0f-5691-4dda-83ea-e1aaaacf8cf8" />
    <UnitTestResult executionId="eebe582f-2dc5-4b17-8370-b49ddf9434a1" testId="1d89e63b-fd81-e139-5c34-bb5374735002" testName="RestrictedMediaEditPlaybackProgressViewModel_Execute_Success" computerName="DKSR-EFI-06" duration="00:00:00.0290000" startTime="2024-01-09T15:44:10.0000000+01:00" endTime="2024-01-09T15:44:10.0000000+01:00" testType="13cdc9d9-ddb5-4fa4-a97d-d965ccfc6d4b" outcome="Passed" testListId="8c84fa94-04c1-424b-9868-57a2d4851a1d" relativeResultsDirectory="eebe582f-2dc5-4b17-8370-b49ddf9434a1" />
    <UnitTestResult executionId="9536e6ce-732e-49fd-96e6-228d7b1533ed" testId="721e0054-62e5-d50a-6b9b-4f10c9e688b8" testName="ConvertPlatFormWarningDevice_To_ErrorDeviceModel_Single_ErrorDevice_Returned(3,Unauthorized)" computerName="DKSR-EFI-06" duration="00:00:00.0000001" startTime="2024-01-09T15:44:09.0000000+01:00" endTime="2024-01-09T15:44:09.0000000+01:00" testType="13cdc9d9-ddb5-4fa4-a97d-d965ccfc6d4b" outcome="Passed" testListId="8c84fa94-04c1-424b-9868-57a2d4851a1d" relativeResultsDirectory="9536e6ce-732e-49fd-96e6-228d7b1533ed" />
    <UnitTestResult executionId="8b1faf36-ca6a-4025-834c-e1c376f77b7f" testId="01b8cfbb-0653-35eb-747c-8b7126b7196a" testName="Convert_RestrictedMediaResult_Success_Test" computerName="DKSR-EFI-06" duration="00:00:00.0000001" startTime="2024-01-09T15:44:08.0000000+01:00" endTime="2024-01-09T15:44:08.0000000+01:00" testType="13cdc9d9-ddb5-4fa4-a97d-d965ccfc6d4b" outcome="Passed" testListId="8c84fa94-04c1-424b-9868-57a2d4851a1d" relativeResultsDirectory="8b1faf36-ca6a-4025-834c-e1c376f77b7f" />
    <UnitTestResult executionId="e6469836-075a-41ab-a5ff-2ece9197531c" testId="da709076-ca56-866e-a0df-7897e7006fed" testName="ExecuteMethod_ButtonClick_Remove_BothLiveAndPlaybackSelected_InvalidOperationException" computerName="DKSR-EFI-06" duration="00:00:00.0180000" startTime="2024-01-09T15:44:13.0000000+01:00" endTime="2024-01-09T15:44:13.0000000+01:00" testType="13cdc9d9-ddb5-4fa4-a97d-d965ccfc6d4b" outcome="Passed" testListId="8c84fa94-04c1-424b-9868-57a2d4851a1d" relativeResultsDirectory="e6469836-075a-41ab-a5ff-2ece9197531c" />
    <UnitTestResult executionId="9dbe0065-648a-4bb7-a871-fb50a0aca9de" testId="0de01484-1cad-2b6c-0d4e-f3e909aea8bb" testName="RestrictedMediaProgressViewModel_Progress_ProgressIsUpdatedPerTask_Failed" computerName="DKSR-EFI-06" duration="00:00:00.0220000" startTime="2024-01-09T15:44:10.0000000+01:00" endTime="2024-01-09T15:44:10.0000000+01:00" testType="13cdc9d9-ddb5-4fa4-a97d-d965ccfc6d4b" outcome="Passed" testListId="8c84fa94-04c1-424b-9868-57a2d4851a1d" relativeResultsDirectory="9dbe0065-648a-4bb7-a871-fb50a0aca9de" />
    <UnitTestResult executionId="179258a8-3711-484a-92ed-02d6f82e56d0" testId="28f8521d-52b9-3936-de2b-b3a10020b0a7" testName="ExecuteMethod_ButtonClick_Remove_MoreThanOnePlaybackSelected_InvalidOperationException" computerName="DKSR-EFI-06" duration="00:00:00.0060000" startTime="2024-01-09T15:44:13.0000000+01:00" endTime="2024-01-09T15:44:13.0000000+01:00" testType="13cdc9d9-ddb5-4fa4-a97d-d965ccfc6d4b" outcome="Passed" testListId="8c84fa94-04c1-424b-9868-57a2d4851a1d" relativeResultsDirectory="179258a8-3711-484a-92ed-02d6f82e56d0" />
    <UnitTestResult executionId="6e83bacd-4a19-44be-842c-fd2d9eca5ec6" testId="499beb6f-b979-96b7-a7ab-a1dfcbd51715" testName="ConvertPlatFormWarningDevice_To_ErrorDeviceModel_Single_ErrorDevice_Returned(1,None)" computerName="DKSR-EFI-06" duration="00:00:00.0020000" startTime="2024-01-09T15:44:09.0000000+01:00" endTime="2024-01-09T15:44:09.0000000+01:00" testType="13cdc9d9-ddb5-4fa4-a97d-d965ccfc6d4b" outcome="Passed" testListId="8c84fa94-04c1-424b-9868-57a2d4851a1d" relativeResultsDirectory="6e83bacd-4a19-44be-842c-fd2d9eca5ec6" />
    <UnitTestResult executionId="adf98f0f-6036-4068-9ece-088581d775f6" testId="fe0d7ef1-6df6-2ecf-41de-7286b769e39d" testName="GetCamerasFromWindow_DuplicateCameraInView_OnlyOneInstanceReturned" computerName="DKSR-EFI-06" duration="00:00:00.0410000" startTime="2024-01-09T15:44:09.0000000+01:00" endTime="2024-01-09T15:44:09.0000000+01:00" testType="13cdc9d9-ddb5-4fa4-a97d-d965ccfc6d4b" outcome="Passed" testListId="8c84fa94-04c1-424b-9868-57a2d4851a1d" relativeResultsDirectory="adf98f0f-6036-4068-9ece-088581d775f6" />
    <UnitTestResult executionId="855f5c67-cdab-4591-90ce-76a7ce57380a" testId="290d279b-2897-6085-6bd6-a8560ba93609" testName="ConvertPlatFormFaultDevice_To_ErrorDeviceModel_Array_Returned(3,Unauthorized)" computerName="DKSR-EFI-06" duration="00:00:00.0000001" startTime="2024-01-09T15:44:09.0000000+01:00" endTime="2024-01-09T15:44:09.0000000+01:00" testType="13cdc9d9-ddb5-4fa4-a97d-d965ccfc6d4b" outcome="Passed" testListId="8c84fa94-04c1-424b-9868-57a2d4851a1d" relativeResultsDirectory="855f5c67-cdab-4591-90ce-76a7ce57380a" />
    <UnitTestResult executionId="a1a6fdb7-e7b7-43e0-bf4a-b084d00ff566" testId="b2109689-c6d6-201e-f73a-145c97da27e9" testName="RestrictedMediaCreatePlaybackViewModel_ConstructorTests_UILauncherService_ArgumentNull" computerName="DKSR-EFI-06" duration="00:00:00.0010000" startTime="2024-01-09T15:44:11.0000000+01:00" endTime="2024-01-09T15:44:11.0000000+01:00" testType="13cdc9d9-ddb5-4fa4-a97d-d965ccfc6d4b" outcome="Passed" testListId="8c84fa94-04c1-424b-9868-57a2d4851a1d" relativeResultsDirectory="a1a6fdb7-e7b7-43e0-bf4a-b084d00ff566" />
    <UnitTestResult executionId="a4c90c28-e112-4572-99b4-a61ac50428d1" testId="17493a42-f0ea-83d6-499c-55a3b8beca9b" testName="RestrictedMediaEditPlaybackViewModel_EditEndTime_Future_Warning" computerName="DKSR-EFI-06" duration="00:00:00.0000001" startTime="2024-01-09T15:44:12.0000000+01:00" endTime="2024-01-09T15:44:12.0000000+01:00" testType="13cdc9d9-ddb5-4fa4-a97d-d965ccfc6d4b" outcome="Passed" testListId="8c84fa94-04c1-424b-9868-57a2d4851a1d" relativeResultsDirectory="a4c90c28-e112-4572-99b4-a61ac50428d1" />
    <UnitTestResult executionId="c1241b03-3e10-442b-95b8-6d495b0d2cd3" testId="6774c332-8bf6-57cd-f544-df692b31374d" testName="RestrictedMediaEditPlaybackProgressViewModel_ConstructorTests_Model_ArgumentNull" computerName="DKSR-EFI-06" duration="00:00:00.0000001" startTime="2024-01-09T15:44:10.0000000+01:00" endTime="2024-01-09T15:44:10.0000000+01:00" testType="13cdc9d9-ddb5-4fa4-a97d-d965ccfc6d4b" outcome="Passed" testListId="8c84fa94-04c1-424b-9868-57a2d4851a1d" relativeResultsDirectory="c1241b03-3e10-442b-95b8-6d495b0d2cd3" />
    <UnitTestResult executionId="3503fdaa-7907-4279-b9c3-3d166b53f8d3" testId="0a36bcb1-3f97-d822-c297-699fccf72092" testName="ConvertPlatFormWarningDevice_To_PluginErrorDevice_ErrorDeviceArray_Returned(3,Unauthorized)" computerName="DKSR-EFI-06" duration="00:00:00.0000001" startTime="2024-01-09T15:44:09.0000000+01:00" endTime="2024-01-09T15:44:09.0000000+01:00" testType="13cdc9d9-ddb5-4fa4-a97d-d965ccfc6d4b" outcome="Passed" testListId="8c84fa94-04c1-424b-9868-57a2d4851a1d" relativeResultsDirectory="3503fdaa-7907-4279-b9c3-3d166b53f8d3" />
    <UnitTestResult executionId="79e66fb0-ce81-43b5-bdc6-f5ae98efaf06" testId="c0360fa9-41c9-d36d-67c4-3cc4b31f5119" testName="ConvertPlatFormWarningDevice_To_PluginErrorDevice_Single_ErrorDevice_GetItems_Returns_Null(5,RestrictedMediasNotSupported)" computerName="DKSR-EFI-06" duration="00:00:00.0000001" startTime="2024-01-09T15:44:09.0000000+01:00" endTime="2024-01-09T15:44:09.0000000+01:00" testType="13cdc9d9-ddb5-4fa4-a97d-d965ccfc6d4b" outcome="Passed" testListId="8c84fa94-04c1-424b-9868-57a2d4851a1d" relativeResultsDirectory="79e66fb0-ce81-43b5-bdc6-f5ae98efaf06" />
    <UnitTestResult executionId="c6c51912-152d-4362-a7da-73201b4e0422" testId="af6ed01f-78c1-6960-843d-b3833b185785" testName="RestrictedMediaCreateLiveProgressViewModel_Partial_MultiServer" computerName="DKSR-EFI-06" duration="00:00:00.0290000" startTime="2024-01-09T15:44:10.0000000+01:00" endTime="2024-01-09T15:44:10.0000000+01:00" testType="13cdc9d9-ddb5-4fa4-a97d-d965ccfc6d4b" outcome="Passed" testListId="8c84fa94-04c1-424b-9868-57a2d4851a1d" relativeResultsDirectory="c6c51912-152d-4362-a7da-73201b4e0422" />
    <UnitTestResult executionId="8979d9d4-6e58-44b7-9c2a-ac8cf32b1ee4" testId="a12b0256-71d2-da10-f3cd-a6a5fd6db093" testName="CreatedAtComboBoxModel_SearchWhenUtcIsDayAfter_SearchMatchesLocalTime(&quot;Today&quot;,[&quot;Today&quot;])" computerName="DKSR-EFI-06" duration="00:00:00.0390000" startTime="2024-01-09T15:44:16.0000000+01:00" endTime="2024-01-09T15:44:16.0000000+01:00" testType="13cdc9d9-ddb5-4fa4-a97d-d965ccfc6d4b" outcome="Passed" testListId="8c84fa94-04c1-424b-9868-57a2d4851a1d" relativeResultsDirectory="8979d9d4-6e58-44b7-9c2a-ac8cf32b1ee4" />
    <UnitTestResult executionId="e75201ca-20db-4f38-8dad-aaa633b20b30" testId="d8cd829f-04a8-3423-dc46-fa7416953016" testName="RestrictedMediaEditPlaybackViewModel_EditHeader_Success" computerName="DKSR-EFI-06" duration="00:00:00.0020000" startTime="2024-01-09T15:44:12.0000000+01:00" endTime="2024-01-09T15:44:12.0000000+01:00" testType="13cdc9d9-ddb5-4fa4-a97d-d965ccfc6d4b" outcome="Passed" testListId="8c84fa94-04c1-424b-9868-57a2d4851a1d" relativeResultsDirectory="e75201ca-20db-4f38-8dad-aaa633b20b30" />
    <UnitTestResult executionId="93cc2553-ca49-463a-a5e1-e1ea36a74fd0" testId="acdeee13-7bd9-53ac-c157-c6ce12b14b3a" testName="CovertPlatFormDevice_To_PluginDevice_Test" computerName="DKSR-EFI-06" duration="00:00:00.0020000" startTime="2024-01-09T15:44:09.0000000+01:00" endTime="2024-01-09T15:44:09.0000000+01:00" testType="13cdc9d9-ddb5-4fa4-a97d-d965ccfc6d4b" outcome="Passed" testListId="8c84fa94-04c1-424b-9868-57a2d4851a1d" relativeResultsDirectory="93cc2553-ca49-463a-a5e1-e1ea36a74fd0" />
    <UnitTestResult executionId="25ca14a8-559c-43c0-b0b7-5cc1aef47ff7" testId="807ad6d4-6176-1bc0-2317-9ade98d01d1e" testName="IntervalComboBoxModel_TimeZoneNotUtc_TimeZoneUsedForFilter" computerName="DKSR-EFI-06" duration="00:00:00.0010000" startTime="2024-01-09T15:44:15.0000000+01:00" endTime="2024-01-09T15:44:15.0000000+01:00" testType="13cdc9d9-ddb5-4fa4-a97d-d965ccfc6d4b" outcome="NotExecuted" testListId="8c84fa94-04c1-424b-9868-57a2d4851a1d" relativeResultsDirectory="25ca14a8-559c-43c0-b0b7-5cc1aef47ff7">
      <Output>
        <ErrorInfo>
          <Message>Temporary</Message>
        </ErrorInfo>
      </Output>
    </UnitTestResult>
    <UnitTestResult executionId="9a3e8db2-08fc-423f-92cd-78892df68c9e" testId="1bc91238-bc98-efe2-10c9-275077be1697" testName="RestrictedMediaCreatePlaybackViewModel_CreateCommand_MissingHeadLine_ValidationFailed" computerName="DKSR-EFI-06" duration="00:00:00.0040000" startTime="2024-01-09T15:44:11.0000000+01:00" endTime="2024-01-09T15:44:11.0000000+01:00" testType="13cdc9d9-ddb5-4fa4-a97d-d965ccfc6d4b" outcome="Passed" testListId="8c84fa94-04c1-424b-9868-57a2d4851a1d" relativeResultsDirectory="9a3e8db2-08fc-423f-92cd-78892df68c9e" />
    <UnitTestResult executionId="51391b16-4f6e-419f-804e-e8f487c53c86" testId="06e5694a-f38a-d1ab-12bb-d24c497ddff3" testName="ConvertPlatFormFaultDevice_To_ErrorDeviceModel_Empty_Array_Returned" computerName="DKSR-EFI-06" duration="00:00:00.0000001" startTime="2024-01-09T15:44:09.0000000+01:00" endTime="2024-01-09T15:44:09.0000000+01:00" testType="13cdc9d9-ddb5-4fa4-a97d-d965ccfc6d4b" outcome="Passed" testListId="8c84fa94-04c1-424b-9868-57a2d4851a1d" relativeResultsDirectory="51391b16-4f6e-419f-804e-e8f487c53c86" />
    <UnitTestResult executionId="112693ff-2dff-4113-866e-3ca682235a60" testId="819a194a-a8a8-9f2b-66f9-19c1716a173c" testName="ActionButtonsEnabled_When_ThreeLive_Selected" computerName="DKSR-EFI-06" duration="00:00:00.0370000" startTime="2024-01-09T15:44:12.0000000+01:00" endTime="2024-01-09T15:44:13.0000000+01:00" testType="13cdc9d9-ddb5-4fa4-a97d-d965ccfc6d4b" outcome="Passed" testListId="8c84fa94-04c1-424b-9868-57a2d4851a1d" relativeResultsDirectory="112693ff-2dff-4113-866e-3ca682235a60" />
    <UnitTestResult executionId="5fb16f18-317a-4c87-9461-b102cec9b156" testId="d30b9a17-eb44-be02-21c7-990bd4fdf1af" testName="ConvertPlatFormFaultDevice_To_ErrorDeviceModel_Single_ErrorDevice_Returned(4,DeviceNotFound)" computerName="DKSR-EFI-06" duration="00:00:00.0000001" startTime="2024-01-09T15:44:09.0000000+01:00" endTime="2024-01-09T15:44:09.0000000+01:00" testType="13cdc9d9-ddb5-4fa4-a97d-d965ccfc6d4b" outcome="Passed" testListId="8c84fa94-04c1-424b-9868-57a2d4851a1d" relativeResultsDirectory="5fb16f18-317a-4c87-9461-b102cec9b156" />
    <UnitTestResult executionId="79d8cd92-7499-4e72-97ab-afd9458299ae" testId="0ddd304a-b8a0-6742-0d20-222e6bf162f8" testName="GetCamerasFromWindow_WindowAndViewNoCameraViews_EmptyResult" computerName="DKSR-EFI-06" duration="00:00:00.0020000" startTime="2024-01-09T15:44:09.0000000+01:00" endTime="2024-01-09T15:44:09.0000000+01:00" testType="13cdc9d9-ddb5-4fa4-a97d-d965ccfc6d4b" outcome="Passed" testListId="8c84fa94-04c1-424b-9868-57a2d4851a1d" relativeResultsDirectory="79d8cd92-7499-4e72-97ab-afd9458299ae" />
    <UnitTestResult executionId="6b58ec4d-c830-4f90-a17b-4c1dcca36eac" testId="e70e1203-bb2a-5136-8ffb-23d817cec267" testName="ExecuteMethod_View_SelectMultiplePlayBack_Success" computerName="DKSR-EFI-06" duration="00:00:00.0040000" startTime="2024-01-09T15:44:15.0000000+01:00" endTime="2024-01-09T15:44:15.0000000+01:00" testType="13cdc9d9-ddb5-4fa4-a97d-d965ccfc6d4b" outcome="Passed" testListId="8c84fa94-04c1-424b-9868-57a2d4851a1d" relativeResultsDirectory="6b58ec4d-c830-4f90-a17b-4c1dcca36eac" />
    <UnitTestResult executionId="756f54fc-10a4-4b87-a607-f32957cf9879" testId="ec4b54e5-7f1b-be13-15c4-7ebafa58f106" testName="RestrictedMediaCreateLiveViewModel_ConstructorTests_VerifyLiveStates" computerName="DKSR-EFI-06" duration="00:00:00.0180000" startTime="2024-01-09T15:44:11.0000000+01:00" endTime="2024-01-09T15:44:11.0000000+01:00" testType="13cdc9d9-ddb5-4fa4-a97d-d965ccfc6d4b" outcome="Passed" testListId="8c84fa94-04c1-424b-9868-57a2d4851a1d" relativeResultsDirectory="756f54fc-10a4-4b87-a607-f32957cf9879" />
    <UnitTestResult executionId="8d137ae2-63ad-46e0-846f-f89e93263767" testId="6957c9d6-b98f-4304-dd43-a80edefeb946" testName="GetCamerasFromWindow_WindowAndViewWithOneCameraViewItem_CameraReturned" computerName="DKSR-EFI-06" duration="00:00:00.0060000" startTime="2024-01-09T15:44:09.0000000+01:00" endTime="2024-01-09T15:44:09.0000000+01:00" testType="13cdc9d9-ddb5-4fa4-a97d-d965ccfc6d4b" outcome="Passed" testListId="8c84fa94-04c1-424b-9868-57a2d4851a1d" relativeResultsDirectory="8d137ae2-63ad-46e0-846f-f89e93263767" />
    <UnitTestResult executionId="d1da5e59-4a11-4c66-9d2a-ea44b7045258" testId="d78be3ea-ce35-50b4-de3c-d695533d4ddf" testName="Set_SelectedRestrictionTypeOption_Playback" computerName="DKSR-EFI-06" duration="00:00:00.0380000" startTime="2024-01-09T15:44:15.0000000+01:00" endTime="2024-01-09T15:44:16.0000000+01:00" testType="13cdc9d9-ddb5-4fa4-a97d-d965ccfc6d4b" outcome="Passed" testListId="8c84fa94-04c1-424b-9868-57a2d4851a1d" relativeResultsDirectory="d1da5e59-4a11-4c66-9d2a-ea44b7045258" />
    <UnitTestResult executionId="446c5c53-8bc1-406c-a617-fcd5c3b6fe6e" testId="41d1790a-7cc4-e1ea-ac0d-db0729346a2b" testName="ExecuteMethod_Refresh_PartialSuccess_RestrictedMediaScMipServiceException_Live" computerName="DKSR-EFI-06" duration="00:00:00.1160000" startTime="2024-01-09T15:44:13.0000000+01:00" endTime="2024-01-09T15:44:13.0000000+01:00" testType="13cdc9d9-ddb5-4fa4-a97d-d965ccfc6d4b" outcome="Passed" testListId="8c84fa94-04c1-424b-9868-57a2d4851a1d" relativeResultsDirectory="446c5c53-8bc1-406c-a617-fcd5c3b6fe6e" />
    <UnitTestResult executionId="6c2bf757-c45c-4fbe-ac04-7b7ff885ea73" testId="3ff7b3f0-4ca7-d604-496e-e50cdc8f0413" testName="ConvertPlatFormDevice_To_PluginDevice_Test" computerName="DKSR-EFI-06" duration="00:00:00.1440000" startTime="2024-01-09T15:44:09.0000000+01:00" endTime="2024-01-09T15:44:09.0000000+01:00" testType="13cdc9d9-ddb5-4fa4-a97d-d965ccfc6d4b" outcome="Passed" testListId="8c84fa94-04c1-424b-9868-57a2d4851a1d" relativeResultsDirectory="6c2bf757-c45c-4fbe-ac04-7b7ff885ea73" />
  </Results>
  <TestDefinitions>
    <UnitTest name="SelectedIntervalOption_CustomIntervalNotSelected_CustomIntervalNotExpected" storage="d:\actions-runner\_work\xpco\xpco\allsolutions\..\mipplugins\restrictedmedia\tst\src\bin\debug\net472\videoos.restrictedmedia.plugin.sc.unittest.dll" id="61c4b8f9-fff8-937e-03f3-b95924645555">
      <Execution id="e65453ca-78c9-4c90-b9e7-c8b7bcced8dc" />
      <TestMethod codeBase="D:\actions-runner\_work\XPCO\XPCO\AllSolutions\..\MIPPlugins\RestrictedMedia\tst\src\bin\Debug\net472\VideoOS.RestrictedMedia.Plugin.SC.UnitTest.dll" adapterTypeName="executor://nunit3testexecutor/" className="VideoOS.RestrictedMedia.Plugin.SC.UnitTest.ViewModels.SelectIntervalComboBoxModelTests" name="SelectedIntervalOption_CustomIntervalNotSelected_CustomIntervalNotExpected" />
    </UnitTest>
    <UnitTest name="CancelCustomIntervalCommand_Executed_PreviousSelection" storage="d:\actions-runner\_work\xpco\xpco\allsolutions\..\mipplugins\restrictedmedia\tst\src\bin\debug\net472\videoos.restrictedmedia.plugin.sc.unittest.dll" id="0341afe0-66da-fb7d-8154-543c6b598d19">
      <Execution id="adf43c0f-5691-4dda-83ea-e1aaaacf8cf8" />
      <TestMethod codeBase="D:\actions-runner\_work\XPCO\XPCO\AllSolutions\..\MIPPlugins\RestrictedMedia\tst\src\bin\Debug\net472\VideoOS.RestrictedMedia.Plugin.SC.UnitTest.dll" adapterTypeName="executor://nunit3testexecutor/" className="VideoOS.RestrictedMedia.Plugin.SC.UnitTest.ViewModels.SelectIntervalComboBoxModelTests" name="CancelCustomIntervalCommand_Executed_PreviousSelection" />
    </UnitTest>
    <UnitTest name="IntervalComboBoxModel_FilterSetToLastWeek_RestrictionsFromPast7Days" storage="d:\actions-runner\_work\xpco\xpco\allsolutions\..\mipplugins\restrictedmedia\tst\src\bin\debug\net472\videoos.restrictedmedia.plugin.sc.unittest.dll" id="eb610847-ded7-c8b6-3a4f-e823193e1779">
      <Execution id="6baa0f99-5601-419a-904a-06ecf05ed469" />
      <TestMethod codeBase="D:\actions-runner\_work\XPCO\XPCO\AllSolutions\..\MIPPlugins\RestrictedMedia\tst\src\bin\Debug\net472\VideoOS.RestrictedMedia.Plugin.SC.UnitTest.dll" adapterTypeName="executor://nunit3testexecutor/" className="VideoOS.RestrictedMedia.Plugin.SC.UnitTest.ViewModels.RestrictedMediaListViewModelTests" name="IntervalComboBoxModel_FilterSetToLastWeek_RestrictionsFromPast7Days" />
    </UnitTest>
    <UnitTest name="RestrictedMediaExitLiveViewModel_SelectedCamera_RemoveCamera_Ignored" storage="d:\actions-runner\_work\xpco\xpco\allsolutions\..\mipplugins\restrictedmedia\tst\src\bin\debug\net472\videoos.restrictedmedia.plugin.sc.unittest.dll" id="13f3f0e1-a97a-104b-bee8-cb387e437e56">
      <Execution id="fd511cf2-4301-443a-b2c7-ba83be52e48b" />
      <TestMethod codeBase="D:\actions-runner\_work\XPCO\XPCO\AllSolutions\..\MIPPlugins\RestrictedMedia\tst\src\bin\Debug\net472\VideoOS.RestrictedMedia.Plugin.SC.UnitTest.dll" adapterTypeName="executor://nunit3testexecutor/" className="VideoOS.RestrictedMedia.Plugin.SC.UnitTest.ViewModels.RestrictedMediaExitLiveViewModelTest" name="RestrictedMediaExitLiveViewModel_SelectedCamera_RemoveCamera_Ignored" />
    </UnitTest>
    <UnitTest name="ConvertPlatFormWarningDevice_To_ErrorDeviceModel_Single_ErrorDevice_Returned(3,Unauthorized)" storage="d:\actions-runner\_work\xpco\xpco\allsolutions\..\mipplugins\restrictedmedia\tst\src\bin\debug\net472\videoos.restrictedmedia.plugin.sc.unittest.dll" id="721e0054-62e5-d50a-6b9b-4f10c9e688b8">
      <Execution id="9536e6ce-732e-49fd-96e6-228d7b1533ed" />
      <TestMethod codeBase="D:\actions-runner\_work\XPCO\XPCO\AllSolutions\..\MIPPlugins\RestrictedMedia\tst\src\bin\Debug\net472\VideoOS.RestrictedMedia.Plugin.SC.UnitTest.dll" adapterTypeName="executor://nunit3testexecutor/" className="VideoOS.RestrictedMedia.Plugin.SC.UnitTest.DataAccess.MapperTests" name="ConvertPlatFormWarningDevice_To_ErrorDeviceModel_Single_ErrorDevice_Returned(3,Unauthorized)" />
    </UnitTest>
    <UnitTest name="ConvertPlatFormFaultDevice_To_ErrorDeviceModel_Single_ErrorDevice_Returned(6,AlreadyInRestrictedLiveMode)" storage="d:\actions-runner\_work\xpco\xpco\allsolutions\..\mipplugins\restrictedmedia\tst\src\bin\debug\net472\videoos.restrictedmedia.plugin.sc.unittest.dll" id="b778e8de-1409-f4bb-175d-993bdbd931d5">
      <Execution id="11ebdab8-7616-413e-9ef7-37ca06f54e84" />
      <TestMethod codeBase="D:\actions-runner\_work\XPCO\XPCO\AllSolutions\..\MIPPlugins\RestrictedMedia\tst\src\bin\Debug\net472\VideoOS.RestrictedMedia.Plugin.SC.UnitTest.dll" adapterTypeName="executor://nunit3testexecutor/" className="VideoOS.RestrictedMedia.Plugin.SC.UnitTest.DataAccess.MapperTests" name="ConvertPlatFormFaultDevice_To_ErrorDeviceModel_Single_ErrorDevice_Returned(6,AlreadyInRestrictedLiveMode)" />
    </UnitTest>
    <UnitTest name="SelectedIntervalOption_CustomIntervalSelected_CustomIntervalExpected" storage="d:\actions-runner\_work\xpco\xpco\allsolutions\..\mipplugins\restrictedmedia\tst\src\bin\debug\net472\videoos.restrictedmedia.plugin.sc.unittest.dll" id="058042de-203d-28bc-0342-0a160fb1e246">
      <Execution id="eb74f193-53c1-4c79-a808-e966931b7a4d" />
      <TestMethod codeBase="D:\actions-runner\_work\XPCO\XPCO\AllSolutions\..\MIPPlugins\RestrictedMedia\tst\src\bin\Debug\net472\VideoOS.RestrictedMedia.Plugin.SC.UnitTest.dll" adapterTypeName="executor://nunit3testexecutor/" className="VideoOS.RestrictedMedia.Plugin.SC.UnitTest.ViewModels.SelectIntervalComboBoxModelTests" name="SelectedIntervalOption_CustomIntervalSelected_CustomIntervalExpected" />
    </UnitTest>
    <UnitTest name="ConvertPlatFormFaultDevice_To_ErrorDeviceModel_Array_Returned(2,Warning)" storage="d:\actions-runner\_work\xpco\xpco\allsolutions\..\mipplugins\restrictedmedia\tst\src\bin\debug\net472\videoos.restrictedmedia.plugin.sc.unittest.dll" id="8f3509a9-6ec2-5851-47d0-185e74c1fbdd">
      <Execution id="6bab5289-d7aa-433e-8c32-5ef4147a542c" />
      <TestMethod codeBase="D:\actions-runner\_work\XPCO\XPCO\AllSolutions\..\MIPPlugins\RestrictedMedia\tst\src\bin\Debug\net472\VideoOS.RestrictedMedia.Plugin.SC.UnitTest.dll" adapterTypeName="executor://nunit3testexecutor/" className="VideoOS.RestrictedMedia.Plugin.SC.UnitTest.DataAccess.MapperTests" name="ConvertPlatFormFaultDevice_To_ErrorDeviceModel_Array_Returned(2,Warning)" />
    </UnitTest>
    <UnitTest name="RestrictedMediaEditPlaybackViewModel_EditEndTime_Future_Ignored" storage="d:\actions-runner\_work\xpco\xpco\allsolutions\..\mipplugins\restrictedmedia\tst\src\bin\debug\net472\videoos.restrictedmedia.plugin.sc.unittest.dll" id="ef5934c2-89c7-ba3b-d50d-cde107766052">
      <Execution id="3b0156eb-53f6-4562-a2ca-af153523991a" />
      <TestMethod codeBase="D:\actions-runner\_work\XPCO\XPCO\AllSolutions\..\MIPPlugins\RestrictedMedia\tst\src\bin\Debug\net472\VideoOS.RestrictedMedia.Plugin.SC.UnitTest.dll" adapterTypeName="executor://nunit3testexecutor/" className="VideoOS.RestrictedMedia.Plugin.SC.UnitTest.ViewModels.RestrictedMediaEditLiveViewModelTest" name="RestrictedMediaEditPlaybackViewModel_EditEndTime_Future_Ignored" />
    </UnitTest>
    <UnitTest name="ConvertPlatFormWarningDevice_To_PluginErrorDevice_ErrorDeviceArray_Returned(1,None)" storage="d:\actions-runner\_work\xpco\xpco\allsolutions\..\mipplugins\restrictedmedia\tst\src\bin\debug\net472\videoos.restrictedmedia.plugin.sc.unittest.dll" id="31577d63-fef0-b361-ce63-ffe6bf198506">
      <Execution id="04b4e9f8-c6c9-444d-a2b9-1c6d142e5009" />
      <TestMethod codeBase="D:\actions-runner\_work\XPCO\XPCO\AllSolutions\..\MIPPlugins\RestrictedMedia\tst\src\bin\Debug\net472\VideoOS.RestrictedMedia.Plugin.SC.UnitTest.dll" adapterTypeName="executor://nunit3testexecutor/" className="VideoOS.RestrictedMedia.Plugin.SC.UnitTest.DataAccess.MapperTests" name="ConvertPlatFormWarningDevice_To_PluginErrorDevice_ErrorDeviceArray_Returned(1,None)" />
    </UnitTest>
    <UnitTest name="RestrictedMediaRemoveLiveProgressViewModel_ExecuteMethod_ProgressHandled" storage="d:\actions-runner\_work\xpco\xpco\allsolutions\..\mipplugins\restrictedmedia\tst\src\bin\debug\net472\videoos.restrictedmedia.plugin.sc.unittest.dll" id="6e6e77f5-245f-c34b-f1d0-0bb29d441be0">
      <Execution id="bb78a616-a069-40af-82d9-5c719d6a538b" />
      <TestMethod codeBase="D:\actions-runner\_work\XPCO\XPCO\AllSolutions\..\MIPPlugins\RestrictedMedia\tst\src\bin\Debug\net472\VideoOS.RestrictedMedia.Plugin.SC.UnitTest.dll" adapterTypeName="executor://nunit3testexecutor/" className="VideoOS.RestrictedMedia.Plugin.SC.UnitTest.ViewModels.RestrictedMediaRemoveRestrictionTests" name="RestrictedMediaRemoveLiveProgressViewModel_ExecuteMethod_ProgressHandled" />
    </UnitTest>
    <UnitTest name="ExecuteMethod_Refresh_Success" storage="d:\actions-runner\_work\xpco\xpco\allsolutions\..\mipplugins\restrictedmedia\tst\src\bin\debug\net472\videoos.restrictedmedia.plugin.sc.unittest.dll" id="a4fa3bfc-63f5-d782-4638-a12b80c073ae">
      <Execution id="38bede45-861b-4ea6-82c8-314bb06e5f8b" />
      <TestMethod codeBase="D:\actions-runner\_work\XPCO\XPCO\AllSolutions\..\MIPPlugins\RestrictedMedia\tst\src\bin\Debug\net472\VideoOS.RestrictedMedia.Plugin.SC.UnitTest.dll" adapterTypeName="executor://nunit3testexecutor/" className="VideoOS.RestrictedMedia.Plugin.SC.UnitTest.ViewModels.RestrictedMediaListViewModelTests" name="ExecuteMethod_Refresh_Success" />
    </UnitTest>
    <UnitTest name="RestrictedMediaCreateLiveProgressViewModel_Partial_MultiServer" storage="d:\actions-runner\_work\xpco\xpco\allsolutions\..\mipplugins\restrictedmedia\tst\src\bin\debug\net472\videoos.restrictedmedia.plugin.sc.unittest.dll" id="af6ed01f-78c1-6960-843d-b3833b185785">
      <Execution id="c6c51912-152d-4362-a7da-73201b4e0422" />
      <TestMethod codeBase="D:\actions-runner\_work\XPCO\XPCO\AllSolutions\..\MIPPlugins\RestrictedMedia\tst\src\bin\Debug\net472\VideoOS.RestrictedMedia.Plugin.SC.UnitTest.dll" adapterTypeName="executor://nunit3testexecutor/" className="VideoOS.RestrictedMedia.Plugin.SC.UnitTest.ViewModels.Create.RestrictedMediaCreateLiveProgressViewModelTests" name="RestrictedMediaCreateLiveProgressViewModel_Partial_MultiServer" />
    </UnitTest>
    <UnitTest name="AcceptCustomIntervalCommand_Executed_EventIsInvoked" storage="d:\actions-runner\_work\xpco\xpco\allsolutions\..\mipplugins\restrictedmedia\tst\src\bin\debug\net472\videoos.restrictedmedia.plugin.sc.unittest.dll" id="134b9727-b0fc-7475-6049-b223c13b3f45">
      <Execution id="4b7e6f62-20ea-4c29-ab1f-a4e0f4c41fa3" />
      <TestMethod codeBase="D:\actions-runner\_work\XPCO\XPCO\AllSolutions\..\MIPPlugins\RestrictedMedia\tst\src\bin\Debug\net472\VideoOS.RestrictedMedia.Plugin.SC.UnitTest.dll" adapterTypeName="executor://nunit3testexecutor/" className="VideoOS.RestrictedMedia.Plugin.SC.UnitTest.ViewModels.SelectIntervalComboBoxModelTests" name="AcceptCustomIntervalCommand_Executed_EventIsInvoked" />
    </UnitTest>
    <UnitTest name="RestrictedMediaCreateProgressViewModel_ConstructorTests_Success" storage="d:\actions-runner\_work\xpco\xpco\allsolutions\..\mipplugins\restrictedmedia\tst\src\bin\debug\net472\videoos.restrictedmedia.plugin.sc.unittest.dll" id="2829cc83-9b8d-061d-105f-24776c4b0258">
      <Execution id="15fafe56-210d-492d-896f-95f0600136c2" />
      <TestMethod codeBase="D:\actions-runner\_work\XPCO\XPCO\AllSolutions\..\MIPPlugins\RestrictedMedia\tst\src\bin\Debug\net472\VideoOS.RestrictedMedia.Plugin.SC.UnitTest.dll" adapterTypeName="executor://nunit3testexecutor/" className="VideoOS.RestrictedMedia.Plugin.SC.UnitTest.ViewModels.Progress.RestrictedMediaCreateProgressViewModelTest" name="RestrictedMediaCreateProgressViewModel_ConstructorTests_Success" />
    </UnitTest>
    <UnitTest name="ConvertPlatFormWarningDevice_To_PluginErrorDevice_ErrorDeviceArray_Returned(2,Warning)" storage="d:\actions-runner\_work\xpco\xpco\allsolutions\..\mipplugins\restrictedmedia\tst\src\bin\debug\net472\videoos.restrictedmedia.plugin.sc.unittest.dll" id="dd04a3a2-7d0a-0bdf-6cc0-32d33020f1ee">
      <Execution id="4cbca1e4-771f-498c-b81d-ec2fb1fc48ce" />
      <TestMethod codeBase="D:\actions-runner\_work\XPCO\XPCO\AllSolutions\..\MIPPlugins\RestrictedMedia\tst\src\bin\Debug\net472\VideoOS.RestrictedMedia.Plugin.SC.UnitTest.dll" adapterTypeName="executor://nunit3testexecutor/" className="VideoOS.RestrictedMedia.Plugin.SC.UnitTest.DataAccess.MapperTests" name="ConvertPlatFormWarningDevice_To_PluginErrorDevice_ErrorDeviceArray_Returned(2,Warning)" />
    </UnitTest>
    <UnitTest name="ActionButtonsEnabled_When_ThreeLive_Selected" storage="d:\actions-runner\_work\xpco\xpco\allsolutions\..\mipplugins\restrictedmedia\tst\src\bin\debug\net472\videoos.restrictedmedia.plugin.sc.unittest.dll" id="819a194a-a8a8-9f2b-66f9-19c1716a173c">
      <Execution id="112693ff-2dff-4113-866e-3ca682235a60" />
      <TestMethod codeBase="D:\actions-runner\_work\XPCO\XPCO\AllSolutions\..\MIPPlugins\RestrictedMedia\tst\src\bin\Debug\net472\VideoOS.RestrictedMedia.Plugin.SC.UnitTest.dll" adapterTypeName="executor://nunit3testexecutor/" className="VideoOS.RestrictedMedia.Plugin.SC.UnitTest.ViewModels.RestrictedMediaListViewModelTests" name="ActionButtonsEnabled_When_ThreeLive_Selected" />
    </UnitTest>
    <UnitTest name="Convert_RestrictedMediaResult_PartlySuccess_Test" storage="d:\actions-runner\_work\xpco\xpco\allsolutions\..\mipplugins\restrictedmedia\tst\src\bin\debug\net472\videoos.restrictedmedia.plugin.sc.unittest.dll" id="8951f870-881c-3a35-17f5-1cb242927a2f">
      <Execution id="7d097198-c8be-45c4-bee9-7142d1b6c5fc" />
      <TestMethod codeBase="D:\actions-runner\_work\XPCO\XPCO\AllSolutions\..\MIPPlugins\RestrictedMedia\tst\src\bin\Debug\net472\VideoOS.RestrictedMedia.Plugin.SC.UnitTest.dll" adapterTypeName="executor://nunit3testexecutor/" className="VideoOS.RestrictedMedia.Plugin.SC.UnitTest.DataAccess.MapperTests" name="Convert_RestrictedMediaResult_PartlySuccess_Test" />
    </UnitTest>
    <UnitTest name="CreatedAtComboBoxModel_SearchWhenUtcIsDayBefore_SearchMatchesLocalTime(&quot;Today&quot;,[&quot;Today&quot;])" storage="d:\actions-runner\_work\xpco\xpco\allsolutions\..\mipplugins\restrictedmedia\tst\src\bin\debug\net472\videoos.restrictedmedia.plugin.sc.unittest.dll" id="97430c40-d931-b5a5-c6d6-9c5f8f606a3b">
      <Execution id="31b91d41-9d82-46e8-ac0a-c3f2862b2bab" />
      <TestMethod codeBase="D:\actions-runner\_work\XPCO\XPCO\AllSolutions\..\MIPPlugins\RestrictedMedia\tst\src\bin\Debug\net472\VideoOS.RestrictedMedia.Plugin.SC.UnitTest.dll" adapterTypeName="executor://nunit3testexecutor/" className="VideoOS.RestrictedMedia.Plugin.SC.UnitTest.ViewModels.RestrictedMediaListViewModelTimezoneFilterTests" name="CreatedAtComboBoxModel_SearchWhenUtcIsDayBefore_SearchMatchesLocalTime(&quot;Today&quot;,[&quot;Today&quot;])" />
    </UnitTest>
    <UnitTest name="RestrictedMediaEditPlaybackProgressViewModel_ConstructorTests_Model_Success" storage="d:\actions-runner\_work\xpco\xpco\allsolutions\..\mipplugins\restrictedmedia\tst\src\bin\debug\net472\videoos.restrictedmedia.plugin.sc.unittest.dll" id="f31e196b-516d-6cf5-8a0e-f068ca39931c">
      <Execution id="250c6ad2-17fa-4bc7-98c0-a4c3a0f3bc9c" />
      <TestMethod codeBase="D:\actions-runner\_work\XPCO\XPCO\AllSolutions\..\MIPPlugins\RestrictedMedia\tst\src\bin\Debug\net472\VideoOS.RestrictedMedia.Plugin.SC.UnitTest.dll" adapterTypeName="executor://nunit3testexecutor/" className="VideoOS.RestrictedMedia.Plugin.SC.UnitTest.ViewModels.Progress.RestrictedMediaEditPlaybackProgressViewModelTest" name="RestrictedMediaEditPlaybackProgressViewModel_ConstructorTests_Model_Success" />
    </UnitTest>
    <UnitTest name="RestrictedMediaEditPlaybackProgressViewModel_ConstructorTests_DevicesMultipleSite_ArgumentException" storage="d:\actions-runner\_work\xpco\xpco\allsolutions\..\mipplugins\restrictedmedia\tst\src\bin\debug\net472\videoos.restrictedmedia.plugin.sc.unittest.dll" id="5b20a2e4-9175-5764-3a82-88d23f528e32">
      <Execution id="16b5a472-f3bb-44f7-95e1-bd0fefcb59b9" />
      <TestMethod codeBase="D:\actions-runner\_work\XPCO\XPCO\AllSolutions\..\MIPPlugins\RestrictedMedia\tst\src\bin\Debug\net472\VideoOS.RestrictedMedia.Plugin.SC.UnitTest.dll" adapterTypeName="executor://nunit3testexecutor/" className="VideoOS.RestrictedMedia.Plugin.SC.UnitTest.ViewModels.Progress.RestrictedMediaEditPlaybackProgressViewModelTest" name="RestrictedMediaEditPlaybackProgressViewModel_ConstructorTests_DevicesMultipleSite_ArgumentException" />
    </UnitTest>
    <UnitTest name="CreatedAtComboBoxModel_SearchWhenUtcIsDayBefore_SearchMatchesLocalTime(&quot;Last 7 days&quot;,[&quot;Last 7 days&quot;, &quot;Today&quot;, &quot;Yesterday&quot;])" storage="d:\actions-runner\_work\xpco\xpco\allsolutions\..\mipplugins\restrictedmedia\tst\src\bin\debug\net472\videoos.restrictedmedia.plugin.sc.unittest.dll" id="6ca188d6-deb8-8885-04cd-11d7838a89fc">
      <Execution id="20a055f9-7004-4441-9701-8fdcc40177f7" />
      <TestMethod codeBase="D:\actions-runner\_work\XPCO\XPCO\AllSolutions\..\MIPPlugins\RestrictedMedia\tst\src\bin\Debug\net472\VideoOS.RestrictedMedia.Plugin.SC.UnitTest.dll" adapterTypeName="executor://nunit3testexecutor/" className="VideoOS.RestrictedMedia.Plugin.SC.UnitTest.ViewModels.RestrictedMediaListViewModelTimezoneFilterTests" name="CreatedAtComboBoxModel_SearchWhenUtcIsDayBefore_SearchMatchesLocalTime(&quot;Last 7 days&quot;,[&quot;Last 7 days&quot;, &quot;Today&quot;, &quot;Yesterday&quot;])" />
    </UnitTest>
    <UnitTest name="Convert_RestrictedMediaResult_Failed_Test(RestrictedMediaNotFound,RestrictedMediaNotFound)" storage="d:\actions-runner\_work\xpco\xpco\allsolutions\..\mipplugins\restrictedmedia\tst\src\bin\debug\net472\videoos.restrictedmedia.plugin.sc.unittest.dll" id="54eb4d72-1852-5272-c0dc-48b1ff6b21d0">
      <Execution id="b651d2df-b08f-4888-99ab-1d1b0b8cab37" />
      <TestMethod codeBase="D:\actions-runner\_work\XPCO\XPCO\AllSolutions\..\MIPPlugins\RestrictedMedia\tst\src\bin\Debug\net472\VideoOS.RestrictedMedia.Plugin.SC.UnitTest.dll" adapterTypeName="executor://nunit3testexecutor/" className="VideoOS.RestrictedMedia.Plugin.SC.UnitTest.DataAccess.MapperTests" name="Convert_RestrictedMediaResult_Failed_Test(RestrictedMediaNotFound,RestrictedMediaNotFound)" />
    </UnitTest>
    <UnitTest name="RestrictedMediaRemovePlaybackProgressViewModel_ExecuteMethod_ProgressHandled" storage="d:\actions-runner\_work\xpco\xpco\allsolutions\..\mipplugins\restrictedmedia\tst\src\bin\debug\net472\videoos.restrictedmedia.plugin.sc.unittest.dll" id="e08f6e79-c4f6-5b1c-6e23-a1a2c828ea9a">
      <Execution id="1abce84d-37c5-4111-b081-f1278d19e31d" />
      <TestMethod codeBase="D:\actions-runner\_work\XPCO\XPCO\AllSolutions\..\MIPPlugins\RestrictedMedia\tst\src\bin\Debug\net472\VideoOS.RestrictedMedia.Plugin.SC.UnitTest.dll" adapterTypeName="executor://nunit3testexecutor/" className="VideoOS.RestrictedMedia.Plugin.SC.UnitTest.ViewModels.RestrictedMediaRemoveRestrictionTests" name="RestrictedMediaRemovePlaybackProgressViewModel_ExecuteMethod_ProgressHandled" />
    </UnitTest>
    <UnitTest name="ConvertPlatFormWarningDevice_To_PluginErrorDevice_Single_ErrorDevice_GetItems_Returns_Null(5,RestrictedMediasNotSupported)" storage="d:\actions-runner\_work\xpco\xpco\allsolutions\..\mipplugins\restrictedmedia\tst\src\bin\debug\net472\videoos.restrictedmedia.plugin.sc.unittest.dll" id="c0360fa9-41c9-d36d-67c4-3cc4b31f5119">
      <Execution id="79e66fb0-ce81-43b5-bdc6-f5ae98efaf06" />
      <TestMethod codeBase="D:\actions-runner\_work\XPCO\XPCO\AllSolutions\..\MIPPlugins\RestrictedMedia\tst\src\bin\Debug\net472\VideoOS.RestrictedMedia.Plugin.SC.UnitTest.dll" adapterTypeName="executor://nunit3testexecutor/" className="VideoOS.RestrictedMedia.Plugin.SC.UnitTest.DataAccess.MapperTests" name="ConvertPlatFormWarningDevice_To_PluginErrorDevice_Single_ErrorDevice_GetItems_Returns_Null(5,RestrictedMediasNotSupported)" />
    </UnitTest>
    <UnitTest name="RestrictedMediaEditPlaybackViewModel_ConstructorTests_UILauncherService_ArgumentNull" storage="d:\actions-runner\_work\xpco\xpco\allsolutions\..\mipplugins\restrictedmedia\tst\src\bin\debug\net472\videoos.restrictedmedia.plugin.sc.unittest.dll" id="eb6197af-8c59-2f77-e7c1-9347dc31fe0b">
      <Execution id="0e948f5f-a628-48f7-9c60-fb9da82d58e2" />
      <TestMethod codeBase="D:\actions-runner\_work\XPCO\XPCO\AllSolutions\..\MIPPlugins\RestrictedMedia\tst\src\bin\Debug\net472\VideoOS.RestrictedMedia.Plugin.SC.UnitTest.dll" adapterTypeName="executor://nunit3testexecutor/" className="VideoOS.RestrictedMedia.Plugin.SC.UnitTest.ViewModels.RestrictedMediaEditPlaybackViewModelTest" name="RestrictedMediaEditPlaybackViewModel_ConstructorTests_UILauncherService_ArgumentNull" />
    </UnitTest>
    <UnitTest name="ConvertPlatFormWarningDevice_To_PluginErrorDevice_ErrorDeviceArray_Returned(5,RestrictedMediasNotSupported)" storage="d:\actions-runner\_work\xpco\xpco\allsolutions\..\mipplugins\restrictedmedia\tst\src\bin\debug\net472\videoos.restrictedmedia.plugin.sc.unittest.dll" id="5b573373-a855-b0ce-9027-ad81e9fe090f">
      <Execution id="f8523331-5e90-49b5-99f8-3d34a7c0f0a0" />
      <TestMethod codeBase="D:\actions-runner\_work\XPCO\XPCO\AllSolutions\..\MIPPlugins\RestrictedMedia\tst\src\bin\Debug\net472\VideoOS.RestrictedMedia.Plugin.SC.UnitTest.dll" adapterTypeName="executor://nunit3testexecutor/" className="VideoOS.RestrictedMedia.Plugin.SC.UnitTest.DataAccess.MapperTests" name="ConvertPlatFormWarningDevice_To_PluginErrorDevice_ErrorDeviceArray_Returned(5,RestrictedMediasNotSupported)" />
    </UnitTest>
    <UnitTest name="ConvertPlatFormFaultDevice_To_ErrorDeviceModel_Array_Returned(1,None)" storage="d:\actions-runner\_work\xpco\xpco\allsolutions\..\mipplugins\restrictedmedia\tst\src\bin\debug\net472\videoos.restrictedmedia.plugin.sc.unittest.dll" id="8871e345-da4a-ceef-2d79-a7400b4dcd1b">
      <Execution id="712b4238-28d5-408b-933e-486284f39996" />
      <TestMethod codeBase="D:\actions-runner\_work\XPCO\XPCO\AllSolutions\..\MIPPlugins\RestrictedMedia\tst\src\bin\Debug\net472\VideoOS.RestrictedMedia.Plugin.SC.UnitTest.dll" adapterTypeName="executor://nunit3testexecutor/" className="VideoOS.RestrictedMedia.Plugin.SC.UnitTest.DataAccess.MapperTests" name="ConvertPlatFormFaultDevice_To_ErrorDeviceModel_Array_Returned(1,None)" />
    </UnitTest>
    <UnitTest name="ShowRemovePlaybackFlow_NotOnePlaybackRestrictionSelected_InvalidOperationException(2)" storage="d:\actions-runner\_work\xpco\xpco\allsolutions\..\mipplugins\restrictedmedia\tst\src\bin\debug\net472\videoos.restrictedmedia.plugin.sc.unittest.dll" id="ae05e6e7-ea4a-0fe2-a66f-35a221e633e4">
      <Execution id="3ff53406-a5f3-4c4a-8c60-3c20c344b1c2" />
      <TestMethod codeBase="D:\actions-runner\_work\XPCO\XPCO\AllSolutions\..\MIPPlugins\RestrictedMedia\tst\src\bin\Debug\net472\VideoOS.RestrictedMedia.Plugin.SC.UnitTest.dll" adapterTypeName="executor://nunit3testexecutor/" className="VideoOS.RestrictedMedia.Plugin.SC.UnitTest.ViewModels.RestrictedMediaRemoveRestrictionTests" name="ShowRemovePlaybackFlow_NotOnePlaybackRestrictionSelected_InvalidOperationException(2)" />
    </UnitTest>
    <UnitTest name="RestrictedMediaEditPlaybackProgressViewModel_Execute_Failed_DeviceError" storage="d:\actions-runner\_work\xpco\xpco\allsolutions\..\mipplugins\restrictedmedia\tst\src\bin\debug\net472\videoos.restrictedmedia.plugin.sc.unittest.dll" id="18f93121-7e83-bbf0-98ee-4ee420f5ecd1">
      <Execution id="ed6fbfec-1715-4f54-8ea8-a2d619ca826f" />
      <TestMethod codeBase="D:\actions-runner\_work\XPCO\XPCO\AllSolutions\..\MIPPlugins\RestrictedMedia\tst\src\bin\Debug\net472\VideoOS.RestrictedMedia.Plugin.SC.UnitTest.dll" adapterTypeName="executor://nunit3testexecutor/" className="VideoOS.RestrictedMedia.Plugin.SC.UnitTest.ViewModels.Progress.RestrictedMediaEditPlaybackProgressViewModelTest" name="RestrictedMediaEditPlaybackProgressViewModel_Execute_Failed_DeviceError" />
    </UnitTest>
    <UnitTest name="ConvertToCameraModels_No_RelatedDevices_Found_Test" storage="d:\actions-runner\_work\xpco\xpco\allsolutions\..\mipplugins\restrictedmedia\tst\src\bin\debug\net472\videoos.restrictedmedia.plugin.sc.unittest.dll" id="354834fd-d306-bbfe-b123-f50a27fcc849">
      <Execution id="015ade2c-9091-40d7-8bd3-4f39179e1c5d" />
      <TestMethod codeBase="D:\actions-runner\_work\XPCO\XPCO\AllSolutions\..\MIPPlugins\RestrictedMedia\tst\src\bin\Debug\net472\VideoOS.RestrictedMedia.Plugin.SC.UnitTest.dll" adapterTypeName="executor://nunit3testexecutor/" className="VideoOS.RestrictedMedia.Plugin.SC.UnitTest.DataAccess.MapperTests" name="ConvertToCameraModels_No_RelatedDevices_Found_Test" />
    </UnitTest>
    <UnitTest name="RestrictedMediaCreatePlaybackViewModel_ConstructorTests_UILauncherService_ArgumentNull" storage="d:\actions-runner\_work\xpco\xpco\allsolutions\..\mipplugins\restrictedmedia\tst\src\bin\debug\net472\videoos.restrictedmedia.plugin.sc.unittest.dll" id="b2109689-c6d6-201e-f73a-145c97da27e9">
      <Execution id="a1a6fdb7-e7b7-43e0-bf4a-b084d00ff566" />
      <TestMethod codeBase="D:\actions-runner\_work\XPCO\XPCO\AllSolutions\..\MIPPlugins\RestrictedMedia\tst\src\bin\Debug\net472\VideoOS.RestrictedMedia.Plugin.SC.UnitTest.dll" adapterTypeName="executor://nunit3testexecutor/" className="VideoOS.RestrictedMedia.Plugin.SC.UnitTest.ViewModels.RestrictedMediaCreatePlaybackViewModelTest" name="RestrictedMediaCreatePlaybackViewModel_ConstructorTests_UILauncherService_ArgumentNull" />
    </UnitTest>
    <UnitTest name="ShowRemoveLiveFlow_OnlyLiveRestrictionSelected_HandleProgressCalled_NoLift" storage="d:\actions-runner\_work\xpco\xpco\allsolutions\..\mipplugins\restrictedmedia\tst\src\bin\debug\net472\videoos.restrictedmedia.plugin.sc.unittest.dll" id="59bddf83-49e7-49f8-3727-b2be9f138120">
      <Execution id="ba46d798-66de-4750-bd0b-4596a595b138" />
      <TestMethod codeBase="D:\actions-runner\_work\XPCO\XPCO\AllSolutions\..\MIPPlugins\RestrictedMedia\tst\src\bin\Debug\net472\VideoOS.RestrictedMedia.Plugin.SC.UnitTest.dll" adapterTypeName="executor://nunit3testexecutor/" className="VideoOS.RestrictedMedia.Plugin.SC.UnitTest.ViewModels.RestrictedMediaRemoveRestrictionTests" name="ShowRemoveLiveFlow_OnlyLiveRestrictionSelected_HandleProgressCalled_NoLift" />
    </UnitTest>
    <UnitTest name="CreatedAtComboBoxModel_SearchWhenUtcIsDayBefore_SearchMatchesLocalTime(&quot;Yesterday&quot;,[&quot;Yesterday&quot;])" storage="d:\actions-runner\_work\xpco\xpco\allsolutions\..\mipplugins\restrictedmedia\tst\src\bin\debug\net472\videoos.restrictedmedia.plugin.sc.unittest.dll" id="692e1ef5-29f9-7775-9af4-f150a1d1cd1a">
      <Execution id="6c6c3319-85f2-4978-996c-808b58bb11d8" />
      <TestMethod codeBase="D:\actions-runner\_work\XPCO\XPCO\AllSolutions\..\MIPPlugins\RestrictedMedia\tst\src\bin\Debug\net472\VideoOS.RestrictedMedia.Plugin.SC.UnitTest.dll" adapterTypeName="executor://nunit3testexecutor/" className="VideoOS.RestrictedMedia.Plugin.SC.UnitTest.ViewModels.RestrictedMediaListViewModelTimezoneFilterTests" name="CreatedAtComboBoxModel_SearchWhenUtcIsDayBefore_SearchMatchesLocalTime(&quot;Yesterday&quot;,[&quot;Yesterday&quot;])" />
    </UnitTest>
    <UnitTest name="ConvertLiveResultToResultModel_DefaultLiveResult_Mapped" storage="d:\actions-runner\_work\xpco\xpco\allsolutions\..\mipplugins\restrictedmedia\tst\src\bin\debug\net472\videoos.restrictedmedia.plugin.sc.unittest.dll" id="ed9b04fb-7106-0688-dab6-14fa31d963eb">
      <Execution id="90eee237-7675-42fb-9f7a-9d36090110af" />
      <TestMethod codeBase="D:\actions-runner\_work\XPCO\XPCO\AllSolutions\..\MIPPlugins\RestrictedMedia\tst\src\bin\Debug\net472\VideoOS.RestrictedMedia.Plugin.SC.UnitTest.dll" adapterTypeName="executor://nunit3testexecutor/" className="VideoOS.RestrictedMedia.Plugin.SC.UnitTest.DataAccess.MapperTests" name="ConvertLiveResultToResultModel_DefaultLiveResult_Mapped" />
    </UnitTest>
    <UnitTest name="ConvertPlatFormFaultDevice_To_PluginErrorDevice_Single_ErrorDeviceModel_GetItem_Returns_Null(0,UnknownError)" storage="d:\actions-runner\_work\xpco\xpco\allsolutions\..\mipplugins\restrictedmedia\tst\src\bin\debug\net472\videoos.restrictedmedia.plugin.sc.unittest.dll" id="2b7e8f77-f606-1051-9dca-cf02e7b4735f">
      <Execution id="09b9a516-469d-474f-9454-70b5183fe536" />
      <TestMethod codeBase="D:\actions-runner\_work\XPCO\XPCO\AllSolutions\..\MIPPlugins\RestrictedMedia\tst\src\bin\Debug\net472\VideoOS.RestrictedMedia.Plugin.SC.UnitTest.dll" adapterTypeName="executor://nunit3testexecutor/" className="VideoOS.RestrictedMedia.Plugin.SC.UnitTest.DataAccess.MapperTests" name="ConvertPlatFormFaultDevice_To_PluginErrorDevice_Single_ErrorDeviceModel_GetItem_Returns_Null(0,UnknownError)" />
    </UnitTest>
    <UnitTest name="ConvertPlatFormWarningDevice_To_ErrorDeviceModel_Single_ErrorDevice_Returned(7,NotInRestrictedLiveMode)" storage="d:\actions-runner\_work\xpco\xpco\allsolutions\..\mipplugins\restrictedmedia\tst\src\bin\debug\net472\videoos.restrictedmedia.plugin.sc.unittest.dll" id="edb989e6-6ce1-cc86-c080-2323f1ca7361">
      <Execution id="f809b2d1-92f3-4263-beca-99a05000fb81" />
      <TestMethod codeBase="D:\actions-runner\_work\XPCO\XPCO\AllSolutions\..\MIPPlugins\RestrictedMedia\tst\src\bin\Debug\net472\VideoOS.RestrictedMedia.Plugin.SC.UnitTest.dll" adapterTypeName="executor://nunit3testexecutor/" className="VideoOS.RestrictedMedia.Plugin.SC.UnitTest.DataAccess.MapperTests" name="ConvertPlatFormWarningDevice_To_ErrorDeviceModel_Single_ErrorDevice_Returned(7,NotInRestrictedLiveMode)" />
    </UnitTest>
    <UnitTest name="ConvertToCameraModels_Test" storage="d:\actions-runner\_work\xpco\xpco\allsolutions\..\mipplugins\restrictedmedia\tst\src\bin\debug\net472\videoos.restrictedmedia.plugin.sc.unittest.dll" id="e070039b-66a5-3918-4443-7ef101ad111d">
      <Execution id="89105b25-d5d2-473a-82b8-c534cb773efd" />
      <TestMethod codeBase="D:\actions-runner\_work\XPCO\XPCO\AllSolutions\..\MIPPlugins\RestrictedMedia\tst\src\bin\Debug\net472\VideoOS.RestrictedMedia.Plugin.SC.UnitTest.dll" adapterTypeName="executor://nunit3testexecutor/" className="VideoOS.RestrictedMedia.Plugin.SC.UnitTest.DataAccess.MapperTests" name="ConvertToCameraModels_Test" />
    </UnitTest>
    <UnitTest name="ConvertPlatFormFaultDevice_To_ErrorDeviceModel_Array_Returned(0,UnknownError)" storage="d:\actions-runner\_work\xpco\xpco\allsolutions\..\mipplugins\restrictedmedia\tst\src\bin\debug\net472\videoos.restrictedmedia.plugin.sc.unittest.dll" id="7c9d7bde-1889-3b37-65b8-3fa66ce2d771">
      <Execution id="7d0f9227-cad2-4fbe-889e-c39644ab3324" />
      <TestMethod codeBase="D:\actions-runner\_work\XPCO\XPCO\AllSolutions\..\MIPPlugins\RestrictedMedia\tst\src\bin\Debug\net472\VideoOS.RestrictedMedia.Plugin.SC.UnitTest.dll" adapterTypeName="executor://nunit3testexecutor/" className="VideoOS.RestrictedMedia.Plugin.SC.UnitTest.DataAccess.MapperTests" name="ConvertPlatFormFaultDevice_To_ErrorDeviceModel_Array_Returned(0,UnknownError)" />
    </UnitTest>
    <UnitTest name="ConvertPlatFormWarningDevice_To_PluginErrorDevice_Single_ErrorDevice_GetItems_Returns_Null(1,None)" storage="d:\actions-runner\_work\xpco\xpco\allsolutions\..\mipplugins\restrictedmedia\tst\src\bin\debug\net472\videoos.restrictedmedia.plugin.sc.unittest.dll" id="cae2f4a3-0aac-f2b3-8318-20301651883f">
      <Execution id="39d3c92c-f8bb-4609-ace5-e70c1858152b" />
      <TestMethod codeBase="D:\actions-runner\_work\XPCO\XPCO\AllSolutions\..\MIPPlugins\RestrictedMedia\tst\src\bin\Debug\net472\VideoOS.RestrictedMedia.Plugin.SC.UnitTest.dll" adapterTypeName="executor://nunit3testexecutor/" className="VideoOS.RestrictedMedia.Plugin.SC.UnitTest.DataAccess.MapperTests" name="ConvertPlatFormWarningDevice_To_PluginErrorDevice_Single_ErrorDevice_GetItems_Returns_Null(1,None)" />
    </UnitTest>
    <UnitTest name="ConvertPlatFormFaultDevice_To_ErrorDeviceModel_Array_Returned(4,DeviceNotFound)" storage="d:\actions-runner\_work\xpco\xpco\allsolutions\..\mipplugins\restrictedmedia\tst\src\bin\debug\net472\videoos.restrictedmedia.plugin.sc.unittest.dll" id="9121862d-7651-e785-8d41-1e248e23df3e">
      <Execution id="584fc928-2dfa-4b0c-8d7c-a10af917bfea" />
      <TestMethod codeBase="D:\actions-runner\_work\XPCO\XPCO\AllSolutions\..\MIPPlugins\RestrictedMedia\tst\src\bin\Debug\net472\VideoOS.RestrictedMedia.Plugin.SC.UnitTest.dll" adapterTypeName="executor://nunit3testexecutor/" className="VideoOS.RestrictedMedia.Plugin.SC.UnitTest.DataAccess.MapperTests" name="ConvertPlatFormFaultDevice_To_ErrorDeviceModel_Array_Returned(4,DeviceNotFound)" />
    </UnitTest>
    <UnitTest name="SetEffectiveInterval_TextLongerThanMaxFilter_TextTruncated(&quot;2023-09-08T12:08:35.0000000Z&quot;,&quot;2023-09-08T12:08:35.0000000Z&quot;,&quot;en-US&quot;)" storage="d:\actions-runner\_work\xpco\xpco\allsolutions\..\mipplugins\restrictedmedia\tst\src\bin\debug\net472\videoos.restrictedmedia.plugin.sc.unittest.dll" id="6c4497e9-e9ab-b3c5-5f0e-af65bcb3347e">
      <Execution id="5eba1492-7c9f-4484-9edf-aab965d40010" />
      <TestMethod codeBase="D:\actions-runner\_work\XPCO\XPCO\AllSolutions\..\MIPPlugins\RestrictedMedia\tst\src\bin\Debug\net472\VideoOS.RestrictedMedia.Plugin.SC.UnitTest.dll" adapterTypeName="executor://nunit3testexecutor/" className="VideoOS.RestrictedMedia.Plugin.SC.UnitTest.ViewModels.SelectIntervalComboBoxModelTests" name="SetEffectiveInterval_TextLongerThanMaxFilter_TextTruncated(&quot;2023-09-08T12:08:35.0000000Z&quot;,&quot;2023-09-08T12:08:35.0000000Z&quot;,&quot;en-US&quot;)" />
    </UnitTest>
    <UnitTest name="CreatedAtComboBoxModel_SearchWhenUtcIsDayAfter_SearchMatchesLocalTime(&quot;Yesterday&quot;,[&quot;Yesterday&quot;])" storage="d:\actions-runner\_work\xpco\xpco\allsolutions\..\mipplugins\restrictedmedia\tst\src\bin\debug\net472\videoos.restrictedmedia.plugin.sc.unittest.dll" id="67fdfc6e-fab2-ac98-bbf0-99d5426a0f11">
      <Execution id="064f4974-0650-4b2a-a11d-80a717eaac55" />
      <TestMethod codeBase="D:\actions-runner\_work\XPCO\XPCO\AllSolutions\..\MIPPlugins\RestrictedMedia\tst\src\bin\Debug\net472\VideoOS.RestrictedMedia.Plugin.SC.UnitTest.dll" adapterTypeName="executor://nunit3testexecutor/" className="VideoOS.RestrictedMedia.Plugin.SC.UnitTest.ViewModels.RestrictedMediaListViewModelTimezoneFilterTests" name="CreatedAtComboBoxModel_SearchWhenUtcIsDayAfter_SearchMatchesLocalTime(&quot;Yesterday&quot;,[&quot;Yesterday&quot;])" />
    </UnitTest>
    <UnitTest name="CreatedAtComboBoxModel_FilterSetToAll_AllRestriction" storage="d:\actions-runner\_work\xpco\xpco\allsolutions\..\mipplugins\restrictedmedia\tst\src\bin\debug\net472\videoos.restrictedmedia.plugin.sc.unittest.dll" id="1f3fdfbb-91fc-01ee-925a-9ebae737b72d">
      <Execution id="1a34ec87-4362-4cdb-8edc-4a82aaf6467e" />
      <TestMethod codeBase="D:\actions-runner\_work\XPCO\XPCO\AllSolutions\..\MIPPlugins\RestrictedMedia\tst\src\bin\Debug\net472\VideoOS.RestrictedMedia.Plugin.SC.UnitTest.dll" adapterTypeName="executor://nunit3testexecutor/" className="VideoOS.RestrictedMedia.Plugin.SC.UnitTest.ViewModels.RestrictedMediaListViewModelTests" name="CreatedAtComboBoxModel_FilterSetToAll_AllRestriction" />
    </UnitTest>
    <UnitTest name="RestrictedMediaEditPlaybackViewModel_ConstructorTests_RestrictedMediaModel_ArgumentNull" storage="d:\actions-runner\_work\xpco\xpco\allsolutions\..\mipplugins\restrictedmedia\tst\src\bin\debug\net472\videoos.restrictedmedia.plugin.sc.unittest.dll" id="685d7ee7-f46c-f249-6be2-bf6517fa0983">
      <Execution id="d43eb2e7-f2c2-44db-8f9e-9859ef3ee18a" />
      <TestMethod codeBase="D:\actions-runner\_work\XPCO\XPCO\AllSolutions\..\MIPPlugins\RestrictedMedia\tst\src\bin\Debug\net472\VideoOS.RestrictedMedia.Plugin.SC.UnitTest.dll" adapterTypeName="executor://nunit3testexecutor/" className="VideoOS.RestrictedMedia.Plugin.SC.UnitTest.ViewModels.RestrictedMediaEditLiveViewModelTest" name="RestrictedMediaEditPlaybackViewModel_ConstructorTests_RestrictedMediaModel_ArgumentNull" />
    </UnitTest>
    <UnitTest name="ConvertPlatformRestrictedLiveMedia_To_PluginRestrictedMedia_Test" storage="d:\actions-runner\_work\xpco\xpco\allsolutions\..\mipplugins\restrictedmedia\tst\src\bin\debug\net472\videoos.restrictedmedia.plugin.sc.unittest.dll" id="ef8e9cb7-c7e5-5acf-da53-7a66bb86ad61">
      <Execution id="3ab90cbf-5854-44d4-8d40-57b9469a9505" />
      <TestMethod codeBase="D:\actions-runner\_work\XPCO\XPCO\AllSolutions\..\MIPPlugins\RestrictedMedia\tst\src\bin\Debug\net472\VideoOS.RestrictedMedia.Plugin.SC.UnitTest.dll" adapterTypeName="executor://nunit3testexecutor/" className="VideoOS.RestrictedMedia.Plugin.SC.UnitTest.DataAccess.MapperTests" name="ConvertPlatformRestrictedLiveMedia_To_PluginRestrictedMedia_Test" />
    </UnitTest>
    <UnitTest name="ConvertPlatFormFaultDevice_To_ErrorDeviceModel_Array_Returned(3,Unauthorized)" storage="d:\actions-runner\_work\xpco\xpco\allsolutions\..\mipplugins\restrictedmedia\tst\src\bin\debug\net472\videoos.restrictedmedia.plugin.sc.unittest.dll" id="290d279b-2897-6085-6bd6-a8560ba93609">
      <Execution id="855f5c67-cdab-4591-90ce-76a7ce57380a" />
      <TestMethod codeBase="D:\actions-runner\_work\XPCO\XPCO\AllSolutions\..\MIPPlugins\RestrictedMedia\tst\src\bin\Debug\net472\VideoOS.RestrictedMedia.Plugin.SC.UnitTest.dll" adapterTypeName="executor://nunit3testexecutor/" className="VideoOS.RestrictedMedia.Plugin.SC.UnitTest.DataAccess.MapperTests" name="ConvertPlatFormFaultDevice_To_ErrorDeviceModel_Array_Returned(3,Unauthorized)" />
    </UnitTest>
    <UnitTest name="ConvertPlatFormWarningDevice_To_ErrorDeviceModelArray_Empty_Array_Returned" storage="d:\actions-runner\_work\xpco\xpco\allsolutions\..\mipplugins\restrictedmedia\tst\src\bin\debug\net472\videoos.restrictedmedia.plugin.sc.unittest.dll" id="ebf8fd1b-1a44-cfc2-11b4-b52e882f3ade">
      <Execution id="0cf3c9ea-61aa-414e-8b72-df108760488f" />
      <TestMethod codeBase="D:\actions-runner\_work\XPCO\XPCO\AllSolutions\..\MIPPlugins\RestrictedMedia\tst\src\bin\Debug\net472\VideoOS.RestrictedMedia.Plugin.SC.UnitTest.dll" adapterTypeName="executor://nunit3testexecutor/" className="VideoOS.RestrictedMedia.Plugin.SC.UnitTest.DataAccess.MapperTests" name="ConvertPlatFormWarningDevice_To_ErrorDeviceModelArray_Empty_Array_Returned" />
    </UnitTest>
    <UnitTest name="RestrictedMediaProgressViewModel_Progress_ProgressIsUpdatedPerTask_PartialSuccess" storage="d:\actions-runner\_work\xpco\xpco\allsolutions\..\mipplugins\restrictedmedia\tst\src\bin\debug\net472\videoos.restrictedmedia.plugin.sc.unittest.dll" id="7b10c777-5c0b-337f-22d6-2646e5b372fc">
      <Execution id="707a28fa-706e-471a-81aa-3c427bfe7e86" />
      <TestMethod codeBase="D:\actions-runner\_work\XPCO\XPCO\AllSolutions\..\MIPPlugins\RestrictedMedia\tst\src\bin\Debug\net472\VideoOS.RestrictedMedia.Plugin.SC.UnitTest.dll" adapterTypeName="executor://nunit3testexecutor/" className="VideoOS.RestrictedMedia.Plugin.SC.UnitTest.ViewModels.Progress.RestrictedMediaProgressViewModelTest" name="RestrictedMediaProgressViewModel_Progress_ProgressIsUpdatedPerTask_PartialSuccess" />
    </UnitTest>
    <UnitTest name="SetEffectiveInterval_NoMinMaxValue_FromAndToDisplayed" storage="d:\actions-runner\_work\xpco\xpco\allsolutions\..\mipplugins\restrictedmedia\tst\src\bin\debug\net472\videoos.restrictedmedia.plugin.sc.unittest.dll" id="cbed049f-67f8-ebc1-7c2e-0e49bb22ce1f">
      <Execution id="81957895-6d96-402d-988d-6c15cad87c64" />
      <TestMethod codeBase="D:\actions-runner\_work\XPCO\XPCO\AllSolutions\..\MIPPlugins\RestrictedMedia\tst\src\bin\Debug\net472\VideoOS.RestrictedMedia.Plugin.SC.UnitTest.dll" adapterTypeName="executor://nunit3testexecutor/" className="VideoOS.RestrictedMedia.Plugin.SC.UnitTest.ViewModels.SelectIntervalComboBoxModelTests" name="SetEffectiveInterval_NoMinMaxValue_FromAndToDisplayed" />
    </UnitTest>
    <UnitTest name="RestrictedMediaExitLiveProgressViewModel_Execute_SingleServer_Success" storage="d:\actions-runner\_work\xpco\xpco\allsolutions\..\mipplugins\restrictedmedia\tst\src\bin\debug\net472\videoos.restrictedmedia.plugin.sc.unittest.dll" id="bc42c1b4-be5e-c69e-5a51-b826dee331f3">
      <Execution id="e3bbc4f0-4c12-4b88-b663-a5d09bce0db6" />
      <TestMethod codeBase="D:\actions-runner\_work\XPCO\XPCO\AllSolutions\..\MIPPlugins\RestrictedMedia\tst\src\bin\Debug\net472\VideoOS.RestrictedMedia.Plugin.SC.UnitTest.dll" adapterTypeName="executor://nunit3testexecutor/" className="VideoOS.RestrictedMedia.Plugin.SC.UnitTest.ViewModels.Progress.RestrictedMediaExitLiveProgressViewModelTest" name="RestrictedMediaExitLiveProgressViewModel_Execute_SingleServer_Success" />
    </UnitTest>
    <UnitTest name="IntervalComboBoxModel_FilterSetToAll_AllRestrictions" storage="d:\actions-runner\_work\xpco\xpco\allsolutions\..\mipplugins\restrictedmedia\tst\src\bin\debug\net472\videoos.restrictedmedia.plugin.sc.unittest.dll" id="76278097-a3d6-6ad6-d01b-435dce3133f9">
      <Execution id="8e9ac7ec-8761-46c4-b9e7-34bac8686ec2" />
      <TestMethod codeBase="D:\actions-runner\_work\XPCO\XPCO\AllSolutions\..\MIPPlugins\RestrictedMedia\tst\src\bin\Debug\net472\VideoOS.RestrictedMedia.Plugin.SC.UnitTest.dll" adapterTypeName="executor://nunit3testexecutor/" className="VideoOS.RestrictedMedia.Plugin.SC.UnitTest.ViewModels.RestrictedMediaListViewModelTests" name="IntervalComboBoxModel_FilterSetToAll_AllRestrictions" />
    </UnitTest>
    <UnitTest name="RestrictedMediaCreatePlaybackViewModel_Command_Help_Success" storage="d:\actions-runner\_work\xpco\xpco\allsolutions\..\mipplugins\restrictedmedia\tst\src\bin\debug\net472\videoos.restrictedmedia.plugin.sc.unittest.dll" id="627305e1-a239-38bc-ce15-bb139f62b0e5">
      <Execution id="6206f1b5-9fcf-43a8-8b99-a92ed8a5a89d" />
      <TestMethod codeBase="D:\actions-runner\_work\XPCO\XPCO\AllSolutions\..\MIPPlugins\RestrictedMedia\tst\src\bin\Debug\net472\VideoOS.RestrictedMedia.Plugin.SC.UnitTest.dll" adapterTypeName="executor://nunit3testexecutor/" className="VideoOS.RestrictedMedia.Plugin.SC.UnitTest.ViewModels.RestrictedMediaCreatePlaybackViewModelTest" name="RestrictedMediaCreatePlaybackViewModel_Command_Help_Success" />
    </UnitTest>
    <UnitTest name="RestrictedMediaExitLiveProgressViewModel_Execute_MultiServer_PartialSuccess" storage="d:\actions-runner\_work\xpco\xpco\allsolutions\..\mipplugins\restrictedmedia\tst\src\bin\debug\net472\videoos.restrictedmedia.plugin.sc.unittest.dll" id="b08efac4-f7b4-86e1-e265-8c0896e348bb">
      <Execution id="65285083-9a0c-4e78-a9f1-f9fa9a1710ee" />
      <TestMethod codeBase="D:\actions-runner\_work\XPCO\XPCO\AllSolutions\..\MIPPlugins\RestrictedMedia\tst\src\bin\Debug\net472\VideoOS.RestrictedMedia.Plugin.SC.UnitTest.dll" adapterTypeName="executor://nunit3testexecutor/" className="VideoOS.RestrictedMedia.Plugin.SC.UnitTest.ViewModels.Progress.RestrictedMediaExitLiveProgressViewModelTest" name="RestrictedMediaExitLiveProgressViewModel_Execute_MultiServer_PartialSuccess" />
    </UnitTest>
    <UnitTest name="RestrictedMediaCreateLiveViewModel_UILauncherServiceNull_ArgumentNull" storage="d:\actions-runner\_work\xpco\xpco\allsolutions\..\mipplugins\restrictedmedia\tst\src\bin\debug\net472\videoos.restrictedmedia.plugin.sc.unittest.dll" id="d601681d-494b-166a-1ad7-ee5a6fe068cf">
      <Execution id="43fec166-a661-41cd-a7a8-6aa922ad9c89" />
      <TestMethod codeBase="D:\actions-runner\_work\XPCO\XPCO\AllSolutions\..\MIPPlugins\RestrictedMedia\tst\src\bin\Debug\net472\VideoOS.RestrictedMedia.Plugin.SC.UnitTest.dll" adapterTypeName="executor://nunit3testexecutor/" className="VideoOS.RestrictedMedia.Plugin.SC.UnitTest.ViewModels.RestrictedMediaCreateLiveViewModelTest" name="RestrictedMediaCreateLiveViewModel_UILauncherServiceNull_ArgumentNull" />
    </UnitTest>
    <UnitTest name="ExecuteMethod_ButtonClick_Remove_MoreThanOnePlaybackSelected_InvalidOperationException" storage="d:\actions-runner\_work\xpco\xpco\allsolutions\..\mipplugins\restrictedmedia\tst\src\bin\debug\net472\videoos.restrictedmedia.plugin.sc.unittest.dll" id="28f8521d-52b9-3936-de2b-b3a10020b0a7">
      <Execution id="179258a8-3711-484a-92ed-02d6f82e56d0" />
      <TestMethod codeBase="D:\actions-runner\_work\XPCO\XPCO\AllSolutions\..\MIPPlugins\RestrictedMedia\tst\src\bin\Debug\net472\VideoOS.RestrictedMedia.Plugin.SC.UnitTest.dll" adapterTypeName="executor://nunit3testexecutor/" className="VideoOS.RestrictedMedia.Plugin.SC.UnitTest.ViewModels.RestrictedMediaListViewModelTests" name="ExecuteMethod_ButtonClick_Remove_MoreThanOnePlaybackSelected_InvalidOperationException" />
    </UnitTest>
    <UnitTest name="RestrictedMediaEditPlaybackViewModel_ConstructorTests_Success" storage="d:\actions-runner\_work\xpco\xpco\allsolutions\..\mipplugins\restrictedmedia\tst\src\bin\debug\net472\videoos.restrictedmedia.plugin.sc.unittest.dll" id="d67da1e4-ca16-313c-acc0-afb9de2c88d1">
      <Execution id="1c6a3881-1a3b-4ca3-a56c-a5b2ec953337" />
      <TestMethod codeBase="D:\actions-runner\_work\XPCO\XPCO\AllSolutions\..\MIPPlugins\RestrictedMedia\tst\src\bin\Debug\net472\VideoOS.RestrictedMedia.Plugin.SC.UnitTest.dll" adapterTypeName="executor://nunit3testexecutor/" className="VideoOS.RestrictedMedia.Plugin.SC.UnitTest.ViewModels.RestrictedMediaEditPlaybackViewModelTest" name="RestrictedMediaEditPlaybackViewModel_ConstructorTests_Success" />
    </UnitTest>
    <UnitTest name="ConvertPlatFormFaultDevice_To_PluginErrorDevice_Single_ErrorDeviceModel_GetItem_Returns_Null(2,Warning)" storage="d:\actions-runner\_work\xpco\xpco\allsolutions\..\mipplugins\restrictedmedia\tst\src\bin\debug\net472\videoos.restrictedmedia.plugin.sc.unittest.dll" id="00898754-8a6e-f0a4-e99c-40eba4257cd9">
      <Execution id="d0ab614c-ef93-4dfd-a189-6e7dab4865bc" />
      <TestMethod codeBase="D:\actions-runner\_work\XPCO\XPCO\AllSolutions\..\MIPPlugins\RestrictedMedia\tst\src\bin\Debug\net472\VideoOS.RestrictedMedia.Plugin.SC.UnitTest.dll" adapterTypeName="executor://nunit3testexecutor/" className="VideoOS.RestrictedMedia.Plugin.SC.UnitTest.DataAccess.MapperTests" name="ConvertPlatFormFaultDevice_To_PluginErrorDevice_Single_ErrorDeviceModel_GetItem_Returns_Null(2,Warning)" />
    </UnitTest>
    <UnitTest name="ConvertPlatFormWarningDevice_To_PluginErrorDevice_Single_ErrorDevice_GetItems_Returns_Null(3,Unauthorized)" storage="d:\actions-runner\_work\xpco\xpco\allsolutions\..\mipplugins\restrictedmedia\tst\src\bin\debug\net472\videoos.restrictedmedia.plugin.sc.unittest.dll" id="535b7875-bed6-a497-edd0-8efabaa2b58e">
      <Execution id="0558fb7b-2e29-4530-a93f-a201d5ab8dca" />
      <TestMethod codeBase="D:\actions-runner\_work\XPCO\XPCO\AllSolutions\..\MIPPlugins\RestrictedMedia\tst\src\bin\Debug\net472\VideoOS.RestrictedMedia.Plugin.SC.UnitTest.dll" adapterTypeName="executor://nunit3testexecutor/" className="VideoOS.RestrictedMedia.Plugin.SC.UnitTest.DataAccess.MapperTests" name="ConvertPlatFormWarningDevice_To_PluginErrorDevice_Single_ErrorDevice_GetItems_Returns_Null(3,Unauthorized)" />
    </UnitTest>
    <UnitTest name="RestrictedMediaEditPlaybackViewModel_EditDevices_MultiServer_Failed" storage="d:\actions-runner\_work\xpco\xpco\allsolutions\..\mipplugins\restrictedmedia\tst\src\bin\debug\net472\videoos.restrictedmedia.plugin.sc.unittest.dll" id="9859f1e9-7a0c-fa90-62bd-f573fbfc93cc">
      <Execution id="f0f75bbf-3bbf-4a8c-8253-027e9e9c140f" />
      <TestMethod codeBase="D:\actions-runner\_work\XPCO\XPCO\AllSolutions\..\MIPPlugins\RestrictedMedia\tst\src\bin\Debug\net472\VideoOS.RestrictedMedia.Plugin.SC.UnitTest.dll" adapterTypeName="executor://nunit3testexecutor/" className="VideoOS.RestrictedMedia.Plugin.SC.UnitTest.ViewModels.RestrictedMediaEditPlaybackViewModelTest" name="RestrictedMediaEditPlaybackViewModel_EditDevices_MultiServer_Failed" />
    </UnitTest>
    <UnitTest name="RestrictedMediaCreatePlaybackViewModel_ConstructorTests_SelectedCamera_ArgumentNull" storage="d:\actions-runner\_work\xpco\xpco\allsolutions\..\mipplugins\restrictedmedia\tst\src\bin\debug\net472\videoos.restrictedmedia.plugin.sc.unittest.dll" id="8f15d6b4-2cd3-70d8-4fca-e4c7e4773f03">
      <Execution id="72648ce0-1829-4ad4-9080-ad699efabbd8" />
      <TestMethod codeBase="D:\actions-runner\_work\XPCO\XPCO\AllSolutions\..\MIPPlugins\RestrictedMedia\tst\src\bin\Debug\net472\VideoOS.RestrictedMedia.Plugin.SC.UnitTest.dll" adapterTypeName="executor://nunit3testexecutor/" className="VideoOS.RestrictedMedia.Plugin.SC.UnitTest.ViewModels.RestrictedMediaCreatePlaybackViewModelTest" name="RestrictedMediaCreatePlaybackViewModel_ConstructorTests_SelectedCamera_ArgumentNull" />
    </UnitTest>
    <UnitTest name="RestrictedMediaCreatePlaybackViewModel_ConstructorTests_VerifyPlaybackStates" storage="d:\actions-runner\_work\xpco\xpco\allsolutions\..\mipplugins\restrictedmedia\tst\src\bin\debug\net472\videoos.restrictedmedia.plugin.sc.unittest.dll" id="b8af882f-b401-dac0-be50-59e73558edf4">
      <Execution id="e7294b9f-841e-403f-b113-88e0db57b60d" />
      <TestMethod codeBase="D:\actions-runner\_work\XPCO\XPCO\AllSolutions\..\MIPPlugins\RestrictedMedia\tst\src\bin\Debug\net472\VideoOS.RestrictedMedia.Plugin.SC.UnitTest.dll" adapterTypeName="executor://nunit3testexecutor/" className="VideoOS.RestrictedMedia.Plugin.SC.UnitTest.ViewModels.RestrictedMediaCreatePlaybackViewModelTest" name="RestrictedMediaCreatePlaybackViewModel_ConstructorTests_VerifyPlaybackStates" />
    </UnitTest>
    <UnitTest name="ConvertPlatFormWarningDevice_To_PluginErrorDevice_Single_ErrorDevice_GetItems_Returns_Null(7,NotInRestrictedLiveMode)" storage="d:\actions-runner\_work\xpco\xpco\allsolutions\..\mipplugins\restrictedmedia\tst\src\bin\debug\net472\videoos.restrictedmedia.plugin.sc.unittest.dll" id="503e5675-103c-bf4f-284b-45fe2ab08824">
      <Execution id="8c78f64e-c2c1-414c-aa53-6e6b849deeea" />
      <TestMethod codeBase="D:\actions-runner\_work\XPCO\XPCO\AllSolutions\..\MIPPlugins\RestrictedMedia\tst\src\bin\Debug\net472\VideoOS.RestrictedMedia.Plugin.SC.UnitTest.dll" adapterTypeName="executor://nunit3testexecutor/" className="VideoOS.RestrictedMedia.Plugin.SC.UnitTest.DataAccess.MapperTests" name="ConvertPlatFormWarningDevice_To_PluginErrorDevice_Single_ErrorDevice_GetItems_Returns_Null(7,NotInRestrictedLiveMode)" />
    </UnitTest>
    <UnitTest name="RestrictedMediaCreateProgressViewModel_ConstructorTests_Success" storage="d:\actions-runner\_work\xpco\xpco\allsolutions\..\mipplugins\restrictedmedia\tst\src\bin\debug\net472\videoos.restrictedmedia.plugin.sc.unittest.dll" id="17f7715f-e521-d6e9-3c99-4fafcd6adba9">
      <Execution id="316a18e7-f3dd-4925-903a-4846847bf7a0" />
      <TestMethod codeBase="D:\actions-runner\_work\XPCO\XPCO\AllSolutions\..\MIPPlugins\RestrictedMedia\tst\src\bin\Debug\net472\VideoOS.RestrictedMedia.Plugin.SC.UnitTest.dll" adapterTypeName="executor://nunit3testexecutor/" className="VideoOS.RestrictedMedia.Plugin.SC.UnitTest.ViewModels.Create.RestrictedMediaCreateLiveProgressViewModelTests" name="RestrictedMediaCreateProgressViewModel_ConstructorTests_Success" />
    </UnitTest>
    <UnitTest name="SetEffectiveInterval_TextLongerThanMaxFilter_TextTruncated(&quot;2023-09-08T22:12:35.0000000Z&quot;,&quot;2023-09-08T22:12:35.0000000Z&quot;,&quot;en-US&quot;)" storage="d:\actions-runner\_work\xpco\xpco\allsolutions\..\mipplugins\restrictedmedia\tst\src\bin\debug\net472\videoos.restrictedmedia.plugin.sc.unittest.dll" id="ef0aaa18-efe2-0948-95d5-da08720ab30c">
      <Execution id="b7008d89-ee69-4ddb-88d7-e4351274d904" />
      <TestMethod codeBase="D:\actions-runner\_work\XPCO\XPCO\AllSolutions\..\MIPPlugins\RestrictedMedia\tst\src\bin\Debug\net472\VideoOS.RestrictedMedia.Plugin.SC.UnitTest.dll" adapterTypeName="executor://nunit3testexecutor/" className="VideoOS.RestrictedMedia.Plugin.SC.UnitTest.ViewModels.SelectIntervalComboBoxModelTests" name="SetEffectiveInterval_TextLongerThanMaxFilter_TextTruncated(&quot;2023-09-08T22:12:35.0000000Z&quot;,&quot;2023-09-08T22:12:35.0000000Z&quot;,&quot;en-US&quot;)" />
    </UnitTest>
    <UnitTest name="SelectedRestrictionTypeOption_Default_All" storage="d:\actions-runner\_work\xpco\xpco\allsolutions\..\mipplugins\restrictedmedia\tst\src\bin\debug\net472\videoos.restrictedmedia.plugin.sc.unittest.dll" id="1b6ed9e5-3b6b-3380-c109-f0f80d9265e6">
      <Execution id="b7890f16-52ba-4192-bc21-e0098c09abb7" />
      <TestMethod codeBase="D:\actions-runner\_work\XPCO\XPCO\AllSolutions\..\MIPPlugins\RestrictedMedia\tst\src\bin\Debug\net472\VideoOS.RestrictedMedia.Plugin.SC.UnitTest.dll" adapterTypeName="executor://nunit3testexecutor/" className="VideoOS.RestrictedMedia.Plugin.SC.UnitTest.ViewModels.RestrictedMediaListViewModelTests" name="SelectedRestrictionTypeOption_Default_All" />
    </UnitTest>
    <UnitTest name="CreatedAtComboBoxModel_FilterSetToToday_ToDaysRestrictions" storage="d:\actions-runner\_work\xpco\xpco\allsolutions\..\mipplugins\restrictedmedia\tst\src\bin\debug\net472\videoos.restrictedmedia.plugin.sc.unittest.dll" id="152b0cee-60fc-b976-ea1d-c621038125b7">
      <Execution id="2d142d56-4052-4195-ae42-c79c7d239c89" />
      <TestMethod codeBase="D:\actions-runner\_work\XPCO\XPCO\AllSolutions\..\MIPPlugins\RestrictedMedia\tst\src\bin\Debug\net472\VideoOS.RestrictedMedia.Plugin.SC.UnitTest.dll" adapterTypeName="executor://nunit3testexecutor/" className="VideoOS.RestrictedMedia.Plugin.SC.UnitTest.ViewModels.RestrictedMediaListViewModelTests" name="CreatedAtComboBoxModel_FilterSetToToday_ToDaysRestrictions" />
    </UnitTest>
    <UnitTest name="RestrictedMediaCreateLiveViewModel_NoSelectedCamerasState" storage="d:\actions-runner\_work\xpco\xpco\allsolutions\..\mipplugins\restrictedmedia\tst\src\bin\debug\net472\videoos.restrictedmedia.plugin.sc.unittest.dll" id="4b952834-0343-c040-cdd1-a96cc9e75de7">
      <Execution id="db989803-ea11-4d38-8ade-4ab4befe7c91" />
      <TestMethod codeBase="D:\actions-runner\_work\XPCO\XPCO\AllSolutions\..\MIPPlugins\RestrictedMedia\tst\src\bin\Debug\net472\VideoOS.RestrictedMedia.Plugin.SC.UnitTest.dll" adapterTypeName="executor://nunit3testexecutor/" className="VideoOS.RestrictedMedia.Plugin.SC.UnitTest.ViewModels.RestrictedMediaCreateLiveViewModelTest" name="RestrictedMediaCreateLiveViewModel_NoSelectedCamerasState" />
    </UnitTest>
    <UnitTest name="RestrictedMediaCreatePlaybackViewModel_CreateCommand_MultiServerCamerasSelected_ValidationSuccess" storage="d:\actions-runner\_work\xpco\xpco\allsolutions\..\mipplugins\restrictedmedia\tst\src\bin\debug\net472\videoos.restrictedmedia.plugin.sc.unittest.dll" id="51cb5e73-2daf-67cf-7740-ee84479a87af">
      <Execution id="b9d65032-7b9e-4b21-a231-ac209755da5b" />
      <TestMethod codeBase="D:\actions-runner\_work\XPCO\XPCO\AllSolutions\..\MIPPlugins\RestrictedMedia\tst\src\bin\Debug\net472\VideoOS.RestrictedMedia.Plugin.SC.UnitTest.dll" adapterTypeName="executor://nunit3testexecutor/" className="VideoOS.RestrictedMedia.Plugin.SC.UnitTest.ViewModels.RestrictedMediaCreatePlaybackViewModelTest" name="RestrictedMediaCreatePlaybackViewModel_CreateCommand_MultiServerCamerasSelected_ValidationSuccess" />
    </UnitTest>
    <UnitTest name="ConvertToCameraModels_No_CameraItem_Found_By_Configuration_Test" storage="d:\actions-runner\_work\xpco\xpco\allsolutions\..\mipplugins\restrictedmedia\tst\src\bin\debug\net472\videoos.restrictedmedia.plugin.sc.unittest.dll" id="5c7539e8-007d-2c3e-3e5a-38f098d9a377">
      <Execution id="411fc16c-a7b5-4483-9dae-58a8f269c1a0" />
      <TestMethod codeBase="D:\actions-runner\_work\XPCO\XPCO\AllSolutions\..\MIPPlugins\RestrictedMedia\tst\src\bin\Debug\net472\VideoOS.RestrictedMedia.Plugin.SC.UnitTest.dll" adapterTypeName="executor://nunit3testexecutor/" className="VideoOS.RestrictedMedia.Plugin.SC.UnitTest.DataAccess.MapperTests" name="ConvertToCameraModels_No_CameraItem_Found_By_Configuration_Test" />
    </UnitTest>
    <UnitTest name="ExecuteMethod_ButtonClick_Remove_BothLiveAndPlaybackSelected_InvalidOperationException" storage="d:\actions-runner\_work\xpco\xpco\allsolutions\..\mipplugins\restrictedmedia\tst\src\bin\debug\net472\videoos.restrictedmedia.plugin.sc.unittest.dll" id="da709076-ca56-866e-a0df-7897e7006fed">
      <Execution id="e6469836-075a-41ab-a5ff-2ece9197531c" />
      <TestMethod codeBase="D:\actions-runner\_work\XPCO\XPCO\AllSolutions\..\MIPPlugins\RestrictedMedia\tst\src\bin\Debug\net472\VideoOS.RestrictedMedia.Plugin.SC.UnitTest.dll" adapterTypeName="executor://nunit3testexecutor/" className="VideoOS.RestrictedMedia.Plugin.SC.UnitTest.ViewModels.RestrictedMediaListViewModelTests" name="ExecuteMethod_ButtonClick_Remove_BothLiveAndPlaybackSelected_InvalidOperationException" />
    </UnitTest>
    <UnitTest name="ConvertPlatFormFaultDevice_To_ErrorDeviceModel_Single_ErrorDevice_Returned(5,RestrictedMediasNotSupported)" storage="d:\actions-runner\_work\xpco\xpco\allsolutions\..\mipplugins\restrictedmedia\tst\src\bin\debug\net472\videoos.restrictedmedia.plugin.sc.unittest.dll" id="9b8e51a1-e8ff-e865-8c46-6f38ecb98e8b">
      <Execution id="c30b4169-9e08-4352-834d-877c45aa1ac2" />
      <TestMethod codeBase="D:\actions-runner\_work\XPCO\XPCO\AllSolutions\..\MIPPlugins\RestrictedMedia\tst\src\bin\Debug\net472\VideoOS.RestrictedMedia.Plugin.SC.UnitTest.dll" adapterTypeName="executor://nunit3testexecutor/" className="VideoOS.RestrictedMedia.Plugin.SC.UnitTest.DataAccess.MapperTests" name="ConvertPlatFormFaultDevice_To_ErrorDeviceModel_Single_ErrorDevice_Returned(5,RestrictedMediasNotSupported)" />
    </UnitTest>
    <UnitTest name="RestrictedMediaEditPlaybackViewModel_ConstructorTests_RestrictedMediaModel_ArgumentNull" storage="d:\actions-runner\_work\xpco\xpco\allsolutions\..\mipplugins\restrictedmedia\tst\src\bin\debug\net472\videoos.restrictedmedia.plugin.sc.unittest.dll" id="ad07c803-0c4a-04a3-a581-7fe0c63fc550">
      <Execution id="d984668f-d7d2-4659-968f-2a08b129eccd" />
      <TestMethod codeBase="D:\actions-runner\_work\XPCO\XPCO\AllSolutions\..\MIPPlugins\RestrictedMedia\tst\src\bin\Debug\net472\VideoOS.RestrictedMedia.Plugin.SC.UnitTest.dll" adapterTypeName="executor://nunit3testexecutor/" className="VideoOS.RestrictedMedia.Plugin.SC.UnitTest.ViewModels.RestrictedMediaEditPlaybackViewModelTest" name="RestrictedMediaEditPlaybackViewModel_ConstructorTests_RestrictedMediaModel_ArgumentNull" />
    </UnitTest>
    <UnitTest name="RestrictedMediaEditLiveProgressViewModel_Execute_SingleServer_Success" storage="d:\actions-runner\_work\xpco\xpco\allsolutions\..\mipplugins\restrictedmedia\tst\src\bin\debug\net472\videoos.restrictedmedia.plugin.sc.unittest.dll" id="ff9b51db-b127-8b0d-baab-470e3b0f9cf9">
      <Execution id="5ea5e3e1-0f22-4ee0-8ac0-1a2574e976d8" />
      <TestMethod codeBase="D:\actions-runner\_work\XPCO\XPCO\AllSolutions\..\MIPPlugins\RestrictedMedia\tst\src\bin\Debug\net472\VideoOS.RestrictedMedia.Plugin.SC.UnitTest.dll" adapterTypeName="executor://nunit3testexecutor/" className="VideoOS.RestrictedMedia.Plugin.SC.UnitTest.ViewModels.Progress.RestrictedMediaEditLiveProgressViewModelTest" name="RestrictedMediaEditLiveProgressViewModel_Execute_SingleServer_Success" />
    </UnitTest>
    <UnitTest name="ExecuteMethod_Refresh_PartialSuccess_RestrictedMediaScMipServiceException_Playback" storage="d:\actions-runner\_work\xpco\xpco\allsolutions\..\mipplugins\restrictedmedia\tst\src\bin\debug\net472\videoos.restrictedmedia.plugin.sc.unittest.dll" id="a7d941f9-08c6-147f-0397-e58582d01834">
      <Execution id="fba0f9ab-8e1b-4b96-8e8a-992a33abb2e5" />
      <TestMethod codeBase="D:\actions-runner\_work\XPCO\XPCO\AllSolutions\..\MIPPlugins\RestrictedMedia\tst\src\bin\Debug\net472\VideoOS.RestrictedMedia.Plugin.SC.UnitTest.dll" adapterTypeName="executor://nunit3testexecutor/" className="VideoOS.RestrictedMedia.Plugin.SC.UnitTest.ViewModels.RestrictedMediaListViewModelTests" name="ExecuteMethod_Refresh_PartialSuccess_RestrictedMediaScMipServiceException_Playback" />
    </UnitTest>
    <UnitTest name="GetCamerasFromWindow_DuplicateCameraInView_OnlyOneInstanceReturned" storage="d:\actions-runner\_work\xpco\xpco\allsolutions\..\mipplugins\restrictedmedia\tst\src\bin\debug\net472\videoos.restrictedmedia.plugin.sc.unittest.dll" id="fe0d7ef1-6df6-2ecf-41de-7286b769e39d">
      <Execution id="adf98f0f-6036-4068-9ece-088581d775f6" />
      <TestMethod codeBase="D:\actions-runner\_work\XPCO\XPCO\AllSolutions\..\MIPPlugins\RestrictedMedia\tst\src\bin\Debug\net472\VideoOS.RestrictedMedia.Plugin.SC.UnitTest.dll" adapterTypeName="executor://nunit3testexecutor/" className="VideoOS.RestrictedMedia.Plugin.SC.UnitTest.DataAccess.RestrictedMediaScMipServiceTests" name="GetCamerasFromWindow_DuplicateCameraInView_OnlyOneInstanceReturned" />
    </UnitTest>
    <UnitTest name="CovertPlatFormDevice_To_PluginDevice_NoNameTest" storage="d:\actions-runner\_work\xpco\xpco\allsolutions\..\mipplugins\restrictedmedia\tst\src\bin\debug\net472\videoos.restrictedmedia.plugin.sc.unittest.dll" id="da6c272c-94ae-5128-336b-12cd2edb3ba8">
      <Execution id="05d09890-d634-4da8-92e7-34b869d33fa1" />
      <TestMethod codeBase="D:\actions-runner\_work\XPCO\XPCO\AllSolutions\..\MIPPlugins\RestrictedMedia\tst\src\bin\Debug\net472\VideoOS.RestrictedMedia.Plugin.SC.UnitTest.dll" adapterTypeName="executor://nunit3testexecutor/" className="VideoOS.RestrictedMedia.Plugin.SC.UnitTest.DataAccess.MapperTests" name="CovertPlatFormDevice_To_PluginDevice_NoNameTest" />
    </UnitTest>
    <UnitTest name="CreateAtComboBoxModel_DefaultSelectIntervalOption_All" storage="d:\actions-runner\_work\xpco\xpco\allsolutions\..\mipplugins\restrictedmedia\tst\src\bin\debug\net472\videoos.restrictedmedia.plugin.sc.unittest.dll" id="94d1153e-02f0-612a-1e94-2ab56594d4a3">
      <Execution id="2989dec9-8636-4d47-973c-0880bd087e86" />
      <TestMethod codeBase="D:\actions-runner\_work\XPCO\XPCO\AllSolutions\..\MIPPlugins\RestrictedMedia\tst\src\bin\Debug\net472\VideoOS.RestrictedMedia.Plugin.SC.UnitTest.dll" adapterTypeName="executor://nunit3testexecutor/" className="VideoOS.RestrictedMedia.Plugin.SC.UnitTest.ViewModels.RestrictedMediaListViewModelTests" name="CreateAtComboBoxModel_DefaultSelectIntervalOption_All" />
    </UnitTest>
    <UnitTest name="CovertPlatFormDevice_To_PluginDevice_Test" storage="d:\actions-runner\_work\xpco\xpco\allsolutions\..\mipplugins\restrictedmedia\tst\src\bin\debug\net472\videoos.restrictedmedia.plugin.sc.unittest.dll" id="acdeee13-7bd9-53ac-c157-c6ce12b14b3a">
      <Execution id="93cc2553-ca49-463a-a5e1-e1ea36a74fd0" />
      <TestMethod codeBase="D:\actions-runner\_work\XPCO\XPCO\AllSolutions\..\MIPPlugins\RestrictedMedia\tst\src\bin\Debug\net472\VideoOS.RestrictedMedia.Plugin.SC.UnitTest.dll" adapterTypeName="executor://nunit3testexecutor/" className="VideoOS.RestrictedMedia.Plugin.SC.UnitTest.DataAccess.MapperTests" name="CovertPlatFormDevice_To_PluginDevice_Test" />
    </UnitTest>
    <UnitTest name="RestrictedMediaCreateLiveProgressViewModel_Success" storage="d:\actions-runner\_work\xpco\xpco\allsolutions\..\mipplugins\restrictedmedia\tst\src\bin\debug\net472\videoos.restrictedmedia.plugin.sc.unittest.dll" id="8c56c3f4-1f0c-1326-b3b3-f0139d912a49">
      <Execution id="8d084111-93d6-4467-8725-d3c9e2db28db" />
      <TestMethod codeBase="D:\actions-runner\_work\XPCO\XPCO\AllSolutions\..\MIPPlugins\RestrictedMedia\tst\src\bin\Debug\net472\VideoOS.RestrictedMedia.Plugin.SC.UnitTest.dll" adapterTypeName="executor://nunit3testexecutor/" className="VideoOS.RestrictedMedia.Plugin.SC.UnitTest.ViewModels.Create.RestrictedMediaCreateLiveProgressViewModelTests" name="RestrictedMediaCreateLiveProgressViewModel_Success" />
    </UnitTest>
    <UnitTest name="ExecuteMethod_ButtonClick_Remove_RestrictedMediaLive" storage="d:\actions-runner\_work\xpco\xpco\allsolutions\..\mipplugins\restrictedmedia\tst\src\bin\debug\net472\videoos.restrictedmedia.plugin.sc.unittest.dll" id="e57ac828-e458-3059-ff34-8ce6d5beb26f">
      <Execution id="26d7d54a-2424-4f99-bb01-b58ab42b920b" />
      <TestMethod codeBase="D:\actions-runner\_work\XPCO\XPCO\AllSolutions\..\MIPPlugins\RestrictedMedia\tst\src\bin\Debug\net472\VideoOS.RestrictedMedia.Plugin.SC.UnitTest.dll" adapterTypeName="executor://nunit3testexecutor/" className="VideoOS.RestrictedMedia.Plugin.SC.UnitTest.ViewModels.RestrictedMediaListViewModelTests" name="ExecuteMethod_ButtonClick_Remove_RestrictedMediaLive" />
    </UnitTest>
    <UnitTest name="Execute_MultipleServers_MultipleServerCalls" storage="d:\actions-runner\_work\xpco\xpco\allsolutions\..\mipplugins\restrictedmedia\tst\src\bin\debug\net472\videoos.restrictedmedia.plugin.sc.unittest.dll" id="844d30da-d117-dd47-6262-4d8b52e39421">
      <Execution id="e997895f-eba2-4345-a8f8-bf29c3d999ff" />
      <TestMethod codeBase="D:\actions-runner\_work\XPCO\XPCO\AllSolutions\..\MIPPlugins\RestrictedMedia\tst\src\bin\Debug\net472\VideoOS.RestrictedMedia.Plugin.SC.UnitTest.dll" adapterTypeName="executor://nunit3testexecutor/" className="VideoOS.RestrictedMedia.Plugin.SC.UnitTest.ViewModels.Progress.RestrictedMediaRemoveLiveProgressViewModelTest" name="Execute_MultipleServers_MultipleServerCalls" />
    </UnitTest>
    <UnitTest name="RestrictedMediaExitLiveViewModel_DoActionCommand_ValidationSuccesss" storage="d:\actions-runner\_work\xpco\xpco\allsolutions\..\mipplugins\restrictedmedia\tst\src\bin\debug\net472\videoos.restrictedmedia.plugin.sc.unittest.dll" id="ac7c4b23-a97b-f854-9bff-5ab95012ea22">
      <Execution id="9b094c34-8f22-444c-8c48-39b844d31270" />
      <TestMethod codeBase="D:\actions-runner\_work\XPCO\XPCO\AllSolutions\..\MIPPlugins\RestrictedMedia\tst\src\bin\Debug\net472\VideoOS.RestrictedMedia.Plugin.SC.UnitTest.dll" adapterTypeName="executor://nunit3testexecutor/" className="VideoOS.RestrictedMedia.Plugin.SC.UnitTest.ViewModels.RestrictedMediaExitLiveViewModelTest" name="RestrictedMediaExitLiveViewModel_DoActionCommand_ValidationSuccesss" />
    </UnitTest>
    <UnitTest name="SetEffectiveInterval_TextLongerThanMaxFilter_TextTruncated(&quot;2023-09-10T22:12:35.0000000Z&quot;,&quot;2023-09-11T22:12:35.0000000Z&quot;,&quot;en-US&quot;)" storage="d:\actions-runner\_work\xpco\xpco\allsolutions\..\mipplugins\restrictedmedia\tst\src\bin\debug\net472\videoos.restrictedmedia.plugin.sc.unittest.dll" id="d4b65791-6198-f596-1cc7-812d5c729214">
      <Execution id="d3ac6411-9537-4855-817a-118bb2583ec9" />
      <TestMethod codeBase="D:\actions-runner\_work\XPCO\XPCO\AllSolutions\..\MIPPlugins\RestrictedMedia\tst\src\bin\Debug\net472\VideoOS.RestrictedMedia.Plugin.SC.UnitTest.dll" adapterTypeName="executor://nunit3testexecutor/" className="VideoOS.RestrictedMedia.Plugin.SC.UnitTest.ViewModels.SelectIntervalComboBoxModelTests" name="SetEffectiveInterval_TextLongerThanMaxFilter_TextTruncated(&quot;2023-09-10T22:12:35.0000000Z&quot;,&quot;2023-09-11T22:12:35.0000000Z&quot;,&quot;en-US&quot;)" />
    </UnitTest>
    <UnitTest name="CreateAtComboBoxModel_SelectIntervalOptions_ListOfFiveOptions" storage="d:\actions-runner\_work\xpco\xpco\allsolutions\..\mipplugins\restrictedmedia\tst\src\bin\debug\net472\videoos.restrictedmedia.plugin.sc.unittest.dll" id="a6050429-1791-f48d-d462-ac5c74e9d2d1">
      <Execution id="fe62c11b-ae03-439a-9ba7-98cf70ad20f0" />
      <TestMethod codeBase="D:\actions-runner\_work\XPCO\XPCO\AllSolutions\..\MIPPlugins\RestrictedMedia\tst\src\bin\Debug\net472\VideoOS.RestrictedMedia.Plugin.SC.UnitTest.dll" adapterTypeName="executor://nunit3testexecutor/" className="VideoOS.RestrictedMedia.Plugin.SC.UnitTest.ViewModels.RestrictedMediaListViewModelTests" name="CreateAtComboBoxModel_SelectIntervalOptions_ListOfFiveOptions" />
    </UnitTest>
    <UnitTest name="ConvertPlatFormWarningDevice_To_PluginErrorDevice_ErrorDeviceArray_Returned(7,NotInRestrictedLiveMode)" storage="d:\actions-runner\_work\xpco\xpco\allsolutions\..\mipplugins\restrictedmedia\tst\src\bin\debug\net472\videoos.restrictedmedia.plugin.sc.unittest.dll" id="6bf83a60-0db8-b61e-fea4-d3df95ecfa18">
      <Execution id="4d12af57-5a0a-46d6-a2b7-7be435048322" />
      <TestMethod codeBase="D:\actions-runner\_work\XPCO\XPCO\AllSolutions\..\MIPPlugins\RestrictedMedia\tst\src\bin\Debug\net472\VideoOS.RestrictedMedia.Plugin.SC.UnitTest.dll" adapterTypeName="executor://nunit3testexecutor/" className="VideoOS.RestrictedMedia.Plugin.SC.UnitTest.DataAccess.MapperTests" name="ConvertPlatFormWarningDevice_To_PluginErrorDevice_ErrorDeviceArray_Returned(7,NotInRestrictedLiveMode)" />
    </UnitTest>
    <UnitTest name="Convert_RestrictedMediaResult_Failed_Test(RecorderNotFound,RecorderNotFound)" storage="d:\actions-runner\_work\xpco\xpco\allsolutions\..\mipplugins\restrictedmedia\tst\src\bin\debug\net472\videoos.restrictedmedia.plugin.sc.unittest.dll" id="c09fe2ef-bc41-0572-f8e4-8f710e0178b9">
      <Execution id="93812630-2b1e-4674-bb05-398134abb1c7" />
      <TestMethod codeBase="D:\actions-runner\_work\XPCO\XPCO\AllSolutions\..\MIPPlugins\RestrictedMedia\tst\src\bin\Debug\net472\VideoOS.RestrictedMedia.Plugin.SC.UnitTest.dll" adapterTypeName="executor://nunit3testexecutor/" className="VideoOS.RestrictedMedia.Plugin.SC.UnitTest.DataAccess.MapperTests" name="Convert_RestrictedMediaResult_Failed_Test(RecorderNotFound,RecorderNotFound)" />
    </UnitTest>
    <UnitTest name="ExecuteMethod_Refresh_Success_SelectedRestrictionTypeOption_Playback" storage="d:\actions-runner\_work\xpco\xpco\allsolutions\..\mipplugins\restrictedmedia\tst\src\bin\debug\net472\videoos.restrictedmedia.plugin.sc.unittest.dll" id="15c0aac0-d054-c5c8-74f3-93338a901d00">
      <Execution id="2699dd15-c048-4066-ac5e-155a74fe7f90" />
      <TestMethod codeBase="D:\actions-runner\_work\XPCO\XPCO\AllSolutions\..\MIPPlugins\RestrictedMedia\tst\src\bin\Debug\net472\VideoOS.RestrictedMedia.Plugin.SC.UnitTest.dll" adapterTypeName="executor://nunit3testexecutor/" className="VideoOS.RestrictedMedia.Plugin.SC.UnitTest.ViewModels.RestrictedMediaListViewModelTests" name="ExecuteMethod_Refresh_Success_SelectedRestrictionTypeOption_Playback" />
    </UnitTest>
    <UnitTest name="RestrictedMediaEditPlaybackViewModel_Command_AddCameras_Ignored" storage="d:\actions-runner\_work\xpco\xpco\allsolutions\..\mipplugins\restrictedmedia\tst\src\bin\debug\net472\videoos.restrictedmedia.plugin.sc.unittest.dll" id="2c44d064-e1f4-5b59-aa7d-6ffaa047ff2e">
      <Execution id="e6b9cef2-8da1-4bc7-9104-c4948f5ca6b1" />
      <TestMethod codeBase="D:\actions-runner\_work\XPCO\XPCO\AllSolutions\..\MIPPlugins\RestrictedMedia\tst\src\bin\Debug\net472\VideoOS.RestrictedMedia.Plugin.SC.UnitTest.dll" adapterTypeName="executor://nunit3testexecutor/" className="VideoOS.RestrictedMedia.Plugin.SC.UnitTest.ViewModels.RestrictedMediaEditLiveViewModelTest" name="RestrictedMediaEditPlaybackViewModel_Command_AddCameras_Ignored" />
    </UnitTest>
    <UnitTest name="ConvertPlatFormFaultDevice_To_ErrorDeviceModel_Array_Returned(6,AlreadyInRestrictedLiveMode)" storage="d:\actions-runner\_work\xpco\xpco\allsolutions\..\mipplugins\restrictedmedia\tst\src\bin\debug\net472\videoos.restrictedmedia.plugin.sc.unittest.dll" id="f5302ae5-1b26-8358-0374-013a26e19fce">
      <Execution id="2ab7b65f-4c08-4ea8-ac84-1b89e9bd6ef5" />
      <TestMethod codeBase="D:\actions-runner\_work\XPCO\XPCO\AllSolutions\..\MIPPlugins\RestrictedMedia\tst\src\bin\Debug\net472\VideoOS.RestrictedMedia.Plugin.SC.UnitTest.dll" adapterTypeName="executor://nunit3testexecutor/" className="VideoOS.RestrictedMedia.Plugin.SC.UnitTest.DataAccess.MapperTests" name="ConvertPlatFormFaultDevice_To_ErrorDeviceModel_Array_Returned(6,AlreadyInRestrictedLiveMode)" />
    </UnitTest>
    <UnitTest name="RestrictedMediaEditLiveViewModel_ConstructorTests_Success" storage="d:\actions-runner\_work\xpco\xpco\allsolutions\..\mipplugins\restrictedmedia\tst\src\bin\debug\net472\videoos.restrictedmedia.plugin.sc.unittest.dll" id="03de7465-7a06-21aa-7679-b5710b414624">
      <Execution id="529b1b2e-c949-4f74-8acb-f6956cd5a022" />
      <TestMethod codeBase="D:\actions-runner\_work\XPCO\XPCO\AllSolutions\..\MIPPlugins\RestrictedMedia\tst\src\bin\Debug\net472\VideoOS.RestrictedMedia.Plugin.SC.UnitTest.dll" adapterTypeName="executor://nunit3testexecutor/" className="VideoOS.RestrictedMedia.Plugin.SC.UnitTest.ViewModels.RestrictedMediaEditLiveViewModelTest" name="RestrictedMediaEditLiveViewModel_ConstructorTests_Success" />
    </UnitTest>
    <UnitTest name="IntervalComboBoxModel_SelectIntervalOptions_ListOfFiveOptions" storage="d:\actions-runner\_work\xpco\xpco\allsolutions\..\mipplugins\restrictedmedia\tst\src\bin\debug\net472\videoos.restrictedmedia.plugin.sc.unittest.dll" id="5901c257-1413-0189-db71-cb3ff7b4ad1a">
      <Execution id="0300293f-8c8d-4796-b497-31442fd7734a" />
      <TestMethod codeBase="D:\actions-runner\_work\XPCO\XPCO\AllSolutions\..\MIPPlugins\RestrictedMedia\tst\src\bin\Debug\net472\VideoOS.RestrictedMedia.Plugin.SC.UnitTest.dll" adapterTypeName="executor://nunit3testexecutor/" className="VideoOS.RestrictedMedia.Plugin.SC.UnitTest.ViewModels.RestrictedMediaListViewModelTests" name="IntervalComboBoxModel_SelectIntervalOptions_ListOfFiveOptions" />
    </UnitTest>
    <UnitTest name="RestrictedMediaCreateLiveViewModel_CreateCommand_MissingCameras_ValidationFailed" storage="d:\actions-runner\_work\xpco\xpco\allsolutions\..\mipplugins\restrictedmedia\tst\src\bin\debug\net472\videoos.restrictedmedia.plugin.sc.unittest.dll" id="9635299d-0007-5b40-f89a-bef31f3eaef9">
      <Execution id="46fd15d2-f2e9-40b9-93d9-7d2633dd6250" />
      <TestMethod codeBase="D:\actions-runner\_work\XPCO\XPCO\AllSolutions\..\MIPPlugins\RestrictedMedia\tst\src\bin\Debug\net472\VideoOS.RestrictedMedia.Plugin.SC.UnitTest.dll" adapterTypeName="executor://nunit3testexecutor/" className="VideoOS.RestrictedMedia.Plugin.SC.UnitTest.ViewModels.RestrictedMediaCreateLiveViewModelTest" name="RestrictedMediaCreateLiveViewModel_CreateCommand_MissingCameras_ValidationFailed" />
    </UnitTest>
    <UnitTest name="RestrictedMediaEditPlaybackProgressViewModel_Execute_Failed_ServerError" storage="d:\actions-runner\_work\xpco\xpco\allsolutions\..\mipplugins\restrictedmedia\tst\src\bin\debug\net472\videoos.restrictedmedia.plugin.sc.unittest.dll" id="5125c027-c058-a8ec-9eab-e02475fab69c">
      <Execution id="8ee65fed-bbad-48cd-b7b5-fe6044bfe6cc" />
      <TestMethod codeBase="D:\actions-runner\_work\XPCO\XPCO\AllSolutions\..\MIPPlugins\RestrictedMedia\tst\src\bin\Debug\net472\VideoOS.RestrictedMedia.Plugin.SC.UnitTest.dll" adapterTypeName="executor://nunit3testexecutor/" className="VideoOS.RestrictedMedia.Plugin.SC.UnitTest.ViewModels.Progress.RestrictedMediaEditPlaybackProgressViewModelTest" name="RestrictedMediaEditPlaybackProgressViewModel_Execute_Failed_ServerError" />
    </UnitTest>
    <UnitTest name="Ctor_Model_ArgumentNull" storage="d:\actions-runner\_work\xpco\xpco\allsolutions\..\mipplugins\restrictedmedia\tst\src\bin\debug\net472\videoos.restrictedmedia.plugin.sc.unittest.dll" id="4efe566f-562a-653e-7c47-81437df81d7c">
      <Execution id="9e5c6ac6-4eee-4175-8d93-fb0b92abcfa8" />
      <TestMethod codeBase="D:\actions-runner\_work\XPCO\XPCO\AllSolutions\..\MIPPlugins\RestrictedMedia\tst\src\bin\Debug\net472\VideoOS.RestrictedMedia.Plugin.SC.UnitTest.dll" adapterTypeName="executor://nunit3testexecutor/" className="VideoOS.RestrictedMedia.Plugin.SC.UnitTest.ViewModels.Progress.RestrictedMediaRemoveLiveProgressViewModelTest" name="Ctor_Model_ArgumentNull" />
    </UnitTest>
    <UnitTest name="ConvertPlatformRestrictedMedia_To_RestrictedMediaModel_GetName_Returns_Null_Test" storage="d:\actions-runner\_work\xpco\xpco\allsolutions\..\mipplugins\restrictedmedia\tst\src\bin\debug\net472\videoos.restrictedmedia.plugin.sc.unittest.dll" id="f71f1ba7-3121-8063-e109-2415263f68e5">
      <Execution id="67258ffe-56a5-4924-9122-b24d1a761481" />
      <TestMethod codeBase="D:\actions-runner\_work\XPCO\XPCO\AllSolutions\..\MIPPlugins\RestrictedMedia\tst\src\bin\Debug\net472\VideoOS.RestrictedMedia.Plugin.SC.UnitTest.dll" adapterTypeName="executor://nunit3testexecutor/" className="VideoOS.RestrictedMedia.Plugin.SC.UnitTest.DataAccess.MapperTests" name="ConvertPlatformRestrictedMedia_To_RestrictedMediaModel_GetName_Returns_Null_Test" />
    </UnitTest>
    <UnitTest name="RestrictedMediaEditPlaybackViewModel_EditEndTime_Future_Warning" storage="d:\actions-runner\_work\xpco\xpco\allsolutions\..\mipplugins\restrictedmedia\tst\src\bin\debug\net472\videoos.restrictedmedia.plugin.sc.unittest.dll" id="17493a42-f0ea-83d6-499c-55a3b8beca9b">
      <Execution id="a4c90c28-e112-4572-99b4-a61ac50428d1" />
      <TestMethod codeBase="D:\actions-runner\_work\XPCO\XPCO\AllSolutions\..\MIPPlugins\RestrictedMedia\tst\src\bin\Debug\net472\VideoOS.RestrictedMedia.Plugin.SC.UnitTest.dll" adapterTypeName="executor://nunit3testexecutor/" className="VideoOS.RestrictedMedia.Plugin.SC.UnitTest.ViewModels.RestrictedMediaEditPlaybackViewModelTest" name="RestrictedMediaEditPlaybackViewModel_EditEndTime_Future_Warning" />
    </UnitTest>
    <UnitTest name="Execute_MultipleRestrictedMediaOneServer_OneServerCall" storage="d:\actions-runner\_work\xpco\xpco\allsolutions\..\mipplugins\restrictedmedia\tst\src\bin\debug\net472\videoos.restrictedmedia.plugin.sc.unittest.dll" id="cbd89ae8-cf20-7fa7-6c2d-f96c5832b99b">
      <Execution id="dd26b43b-c1f3-4f05-ae87-f18ec8a8f421" />
      <TestMethod codeBase="D:\actions-runner\_work\XPCO\XPCO\AllSolutions\..\MIPPlugins\RestrictedMedia\tst\src\bin\Debug\net472\VideoOS.RestrictedMedia.Plugin.SC.UnitTest.dll" adapterTypeName="executor://nunit3testexecutor/" className="VideoOS.RestrictedMedia.Plugin.SC.UnitTest.ViewModels.Progress.RestrictedMediaRemoveLiveProgressViewModelTest" name="Execute_MultipleRestrictedMediaOneServer_OneServerCall" />
    </UnitTest>
    <UnitTest name="ConvertPlatFormFaultDevice_To_ErrorDeviceModel_Single_ErrorDevice_Returned(1,None)" storage="d:\actions-runner\_work\xpco\xpco\allsolutions\..\mipplugins\restrictedmedia\tst\src\bin\debug\net472\videoos.restrictedmedia.plugin.sc.unittest.dll" id="49e10312-0663-cc79-158e-7d3cb2a101cb">
      <Execution id="6825d4c5-9470-47b6-b6b6-0620364996c3" />
      <TestMethod codeBase="D:\actions-runner\_work\XPCO\XPCO\AllSolutions\..\MIPPlugins\RestrictedMedia\tst\src\bin\Debug\net472\VideoOS.RestrictedMedia.Plugin.SC.UnitTest.dll" adapterTypeName="executor://nunit3testexecutor/" className="VideoOS.RestrictedMedia.Plugin.SC.UnitTest.DataAccess.MapperTests" name="ConvertPlatFormFaultDevice_To_ErrorDeviceModel_Single_ErrorDevice_Returned(1,None)" />
    </UnitTest>
    <UnitTest name="RestrictedMediaProgressViewModel_Progress_ProgressIsUpdatedPerTask_Failed" storage="d:\actions-runner\_work\xpco\xpco\allsolutions\..\mipplugins\restrictedmedia\tst\src\bin\debug\net472\videoos.restrictedmedia.plugin.sc.unittest.dll" id="0de01484-1cad-2b6c-0d4e-f3e909aea8bb">
      <Execution id="9dbe0065-648a-4bb7-a871-fb50a0aca9de" />
      <TestMethod codeBase="D:\actions-runner\_work\XPCO\XPCO\AllSolutions\..\MIPPlugins\RestrictedMedia\tst\src\bin\Debug\net472\VideoOS.RestrictedMedia.Plugin.SC.UnitTest.dll" adapterTypeName="executor://nunit3testexecutor/" className="VideoOS.RestrictedMedia.Plugin.SC.UnitTest.ViewModels.Progress.RestrictedMediaProgressViewModelTest" name="RestrictedMediaProgressViewModel_Progress_ProgressIsUpdatedPerTask_Failed" />
    </UnitTest>
    <UnitTest name="ConvertPlatFormRestrictedMediaResult_To_RestrictedMediaResultModel_Warning_And_Fault_Devices_Null_Test" storage="d:\actions-runner\_work\xpco\xpco\allsolutions\..\mipplugins\restrictedmedia\tst\src\bin\debug\net472\videoos.restrictedmedia.plugin.sc.unittest.dll" id="0d83a0f2-e7f5-21d6-b52a-bd0bcb16e4c5">
      <Execution id="1c974628-2eaa-4cb1-9c43-aad2770339b3" />
      <TestMethod codeBase="D:\actions-runner\_work\XPCO\XPCO\AllSolutions\..\MIPPlugins\RestrictedMedia\tst\src\bin\Debug\net472\VideoOS.RestrictedMedia.Plugin.SC.UnitTest.dll" adapterTypeName="executor://nunit3testexecutor/" className="VideoOS.RestrictedMedia.Plugin.SC.UnitTest.DataAccess.MapperTests" name="ConvertPlatFormRestrictedMediaResult_To_RestrictedMediaResultModel_Warning_And_Fault_Devices_Null_Test" />
    </UnitTest>
    <UnitTest name="IntervalComboBoxModel_SearchWhenUtcIsDayAfter_SearchMatchesLocalTime(&quot;Last 7 days&quot;,[&quot;Last 7 days&quot;, &quot;Today&quot;, &quot;Yesterday&quot;])" storage="d:\actions-runner\_work\xpco\xpco\allsolutions\..\mipplugins\restrictedmedia\tst\src\bin\debug\net472\videoos.restrictedmedia.plugin.sc.unittest.dll" id="5111f921-124c-75f5-e142-9e27da0ffa41">
      <Execution id="dbd04c71-8af5-43d0-a483-9620a857cfa7" />
      <TestMethod codeBase="D:\actions-runner\_work\XPCO\XPCO\AllSolutions\..\MIPPlugins\RestrictedMedia\tst\src\bin\Debug\net472\VideoOS.RestrictedMedia.Plugin.SC.UnitTest.dll" adapterTypeName="executor://nunit3testexecutor/" className="VideoOS.RestrictedMedia.Plugin.SC.UnitTest.ViewModels.RestrictedMediaListViewModelTimezoneFilterTests" name="IntervalComboBoxModel_SearchWhenUtcIsDayAfter_SearchMatchesLocalTime(&quot;Last 7 days&quot;,[&quot;Last 7 days&quot;, &quot;Today&quot;, &quot;Yesterday&quot;])" />
    </UnitTest>
    <UnitTest name="RunAsync_WithTasksAndHandler_ResultHandlerIsCalledForEachResult" storage="d:\actions-runner\_work\xpco\xpco\allsolutions\..\mipplugins\restrictedmedia\tst\src\bin\debug\net472\videoos.restrictedmedia.plugin.sc.unittest.dll" id="d510e34c-c438-e23b-b310-c9fe2748126c">
      <Execution id="f9cd425c-3ad0-4591-afb6-0d7f9aecd806" />
      <TestMethod codeBase="D:\actions-runner\_work\XPCO\XPCO\AllSolutions\..\MIPPlugins\RestrictedMedia\tst\src\bin\Debug\net472\VideoOS.RestrictedMedia.Plugin.SC.UnitTest.dll" adapterTypeName="executor://nunit3testexecutor/" className="VideoOS.RestrictedMedia.Plugin.SC.UnitTest.ViewModels.TaskRunnerTests" name="RunAsync_WithTasksAndHandler_ResultHandlerIsCalledForEachResult" />
    </UnitTest>
    <UnitTest name="ExecuteMethodView_ViewLimitReached_ShowViewLimitReachedWarningMessageCalled" storage="d:\actions-runner\_work\xpco\xpco\allsolutions\..\mipplugins\restrictedmedia\tst\src\bin\debug\net472\videoos.restrictedmedia.plugin.sc.unittest.dll" id="6e21deb4-194d-7b28-15a5-37240ef4101b">
      <Execution id="f83afc83-9a28-4d9b-a9bc-1cf4348fd0a5" />
      <TestMethod codeBase="D:\actions-runner\_work\XPCO\XPCO\AllSolutions\..\MIPPlugins\RestrictedMedia\tst\src\bin\Debug\net472\VideoOS.RestrictedMedia.Plugin.SC.UnitTest.dll" adapterTypeName="executor://nunit3testexecutor/" className="VideoOS.RestrictedMedia.Plugin.SC.UnitTest.ViewModels.RestrictedMediaListViewModelTests" name="ExecuteMethodView_ViewLimitReached_ShowViewLimitReachedWarningMessageCalled" />
    </UnitTest>
    <UnitTest name="Set_SelectedRestrictionTypeOption_Live" storage="d:\actions-runner\_work\xpco\xpco\allsolutions\..\mipplugins\restrictedmedia\tst\src\bin\debug\net472\videoos.restrictedmedia.plugin.sc.unittest.dll" id="6886b164-e008-3ef3-e75b-a51f2f45f16a">
      <Execution id="7e8ea606-918c-42af-a152-736a8b946bab" />
      <TestMethod codeBase="D:\actions-runner\_work\XPCO\XPCO\AllSolutions\..\MIPPlugins\RestrictedMedia\tst\src\bin\Debug\net472\VideoOS.RestrictedMedia.Plugin.SC.UnitTest.dll" adapterTypeName="executor://nunit3testexecutor/" className="VideoOS.RestrictedMedia.Plugin.SC.UnitTest.ViewModels.RestrictedMediaListViewModelTests" name="Set_SelectedRestrictionTypeOption_Live" />
    </UnitTest>
    <UnitTest name="ExecuteMethod_Refresh_Success_Devices_CancelDeviceSelection" storage="d:\actions-runner\_work\xpco\xpco\allsolutions\..\mipplugins\restrictedmedia\tst\src\bin\debug\net472\videoos.restrictedmedia.plugin.sc.unittest.dll" id="82cc4afb-3536-41e7-733f-232821e9dcce">
      <Execution id="7b1292e9-49c6-47d6-921b-6e691f03aee2" />
      <TestMethod codeBase="D:\actions-runner\_work\XPCO\XPCO\AllSolutions\..\MIPPlugins\RestrictedMedia\tst\src\bin\Debug\net472\VideoOS.RestrictedMedia.Plugin.SC.UnitTest.dll" adapterTypeName="executor://nunit3testexecutor/" className="VideoOS.RestrictedMedia.Plugin.SC.UnitTest.ViewModels.RestrictedMediaListViewModelTests" name="ExecuteMethod_Refresh_Success_Devices_CancelDeviceSelection" />
    </UnitTest>
    <UnitTest name="RestrictedMediaExitLiveViewModel_ConstructorTests_SelectedDevices_ArgumentNull" storage="d:\actions-runner\_work\xpco\xpco\allsolutions\..\mipplugins\restrictedmedia\tst\src\bin\debug\net472\videoos.restrictedmedia.plugin.sc.unittest.dll" id="5eae2ac7-c0da-a06e-719d-70aa94a30d9d">
      <Execution id="78425cf6-0531-492c-a97a-6d56ced58d55" />
      <TestMethod codeBase="D:\actions-runner\_work\XPCO\XPCO\AllSolutions\..\MIPPlugins\RestrictedMedia\tst\src\bin\Debug\net472\VideoOS.RestrictedMedia.Plugin.SC.UnitTest.dll" adapterTypeName="executor://nunit3testexecutor/" className="VideoOS.RestrictedMedia.Plugin.SC.UnitTest.ViewModels.RestrictedMediaExitLiveViewModelTest" name="RestrictedMediaExitLiveViewModel_ConstructorTests_SelectedDevices_ArgumentNull" />
    </UnitTest>
    <UnitTest name="ConvertPlatFormFaultDevice_To_PluginErrorDevice_Single_ErrorDeviceModel_GetItem_Returns_Null(4,DeviceNotFound)" storage="d:\actions-runner\_work\xpco\xpco\allsolutions\..\mipplugins\restrictedmedia\tst\src\bin\debug\net472\videoos.restrictedmedia.plugin.sc.unittest.dll" id="d390ef0e-58ac-fef2-cee1-ffb7e3a582c4">
      <Execution id="a8013ecd-c88a-4f18-96a1-a42523cfd2b6" />
      <TestMethod codeBase="D:\actions-runner\_work\XPCO\XPCO\AllSolutions\..\MIPPlugins\RestrictedMedia\tst\src\bin\Debug\net472\VideoOS.RestrictedMedia.Plugin.SC.UnitTest.dll" adapterTypeName="executor://nunit3testexecutor/" className="VideoOS.RestrictedMedia.Plugin.SC.UnitTest.DataAccess.MapperTests" name="ConvertPlatFormFaultDevice_To_PluginErrorDevice_Single_ErrorDeviceModel_GetItem_Returns_Null(4,DeviceNotFound)" />
    </UnitTest>
    <UnitTest name="ExecuteMethod_Refresh_Success_CreatedBy_OnlyMe" storage="d:\actions-runner\_work\xpco\xpco\allsolutions\..\mipplugins\restrictedmedia\tst\src\bin\debug\net472\videoos.restrictedmedia.plugin.sc.unittest.dll" id="3b78db6b-c935-12ae-474c-6dd83050c6e3">
      <Execution id="6d9adf73-6bce-40c4-a3d9-71b377f63ee7" />
      <TestMethod codeBase="D:\actions-runner\_work\XPCO\XPCO\AllSolutions\..\MIPPlugins\RestrictedMedia\tst\src\bin\Debug\net472\VideoOS.RestrictedMedia.Plugin.SC.UnitTest.dll" adapterTypeName="executor://nunit3testexecutor/" className="VideoOS.RestrictedMedia.Plugin.SC.UnitTest.ViewModels.RestrictedMediaListViewModelTests" name="ExecuteMethod_Refresh_Success_CreatedBy_OnlyMe" />
    </UnitTest>
    <UnitTest name="SetEffectiveInterval_FromTimeIsMinValue_FromTimeIsEmpty" storage="d:\actions-runner\_work\xpco\xpco\allsolutions\..\mipplugins\restrictedmedia\tst\src\bin\debug\net472\videoos.restrictedmedia.plugin.sc.unittest.dll" id="6a6666be-f8b4-bb89-a3e1-9fdf6384689c">
      <Execution id="db27766e-09b9-43a4-83bd-4ad51c04fed3" />
      <TestMethod codeBase="D:\actions-runner\_work\XPCO\XPCO\AllSolutions\..\MIPPlugins\RestrictedMedia\tst\src\bin\Debug\net472\VideoOS.RestrictedMedia.Plugin.SC.UnitTest.dll" adapterTypeName="executor://nunit3testexecutor/" className="VideoOS.RestrictedMedia.Plugin.SC.UnitTest.ViewModels.SelectIntervalComboBoxModelTests" name="SetEffectiveInterval_FromTimeIsMinValue_FromTimeIsEmpty" />
    </UnitTest>
    <UnitTest name="CreatedAtComboBoxModel_FilterSetToYesterday_YesterdaysRestrictions" storage="d:\actions-runner\_work\xpco\xpco\allsolutions\..\mipplugins\restrictedmedia\tst\src\bin\debug\net472\videoos.restrictedmedia.plugin.sc.unittest.dll" id="ec8cf162-2bc0-190e-33c9-ba07c46c4d5f">
      <Execution id="887f7829-3901-47e7-991d-38027e2ccf0c" />
      <TestMethod codeBase="D:\actions-runner\_work\XPCO\XPCO\AllSolutions\..\MIPPlugins\RestrictedMedia\tst\src\bin\Debug\net472\VideoOS.RestrictedMedia.Plugin.SC.UnitTest.dll" adapterTypeName="executor://nunit3testexecutor/" className="VideoOS.RestrictedMedia.Plugin.SC.UnitTest.ViewModels.RestrictedMediaListViewModelTests" name="CreatedAtComboBoxModel_FilterSetToYesterday_YesterdaysRestrictions" />
    </UnitTest>
    <UnitTest name="RestrictedMediaEditPlaybackViewModel_EditDevices_SameServer_Success" storage="d:\actions-runner\_work\xpco\xpco\allsolutions\..\mipplugins\restrictedmedia\tst\src\bin\debug\net472\videoos.restrictedmedia.plugin.sc.unittest.dll" id="4658f015-84dd-2054-52ea-0cc8fc63140b">
      <Execution id="ddd40759-f5e5-40a3-a435-e5ffe5777f61" />
      <TestMethod codeBase="D:\actions-runner\_work\XPCO\XPCO\AllSolutions\..\MIPPlugins\RestrictedMedia\tst\src\bin\Debug\net472\VideoOS.RestrictedMedia.Plugin.SC.UnitTest.dll" adapterTypeName="executor://nunit3testexecutor/" className="VideoOS.RestrictedMedia.Plugin.SC.UnitTest.ViewModels.RestrictedMediaEditPlaybackViewModelTest" name="RestrictedMediaEditPlaybackViewModel_EditDevices_SameServer_Success" />
    </UnitTest>
    <UnitTest name="ConvertPlatFormFaultDevice_To_ErrorDeviceModel_Empty_Array_Returned" storage="d:\actions-runner\_work\xpco\xpco\allsolutions\..\mipplugins\restrictedmedia\tst\src\bin\debug\net472\videoos.restrictedmedia.plugin.sc.unittest.dll" id="06e5694a-f38a-d1ab-12bb-d24c497ddff3">
      <Execution id="51391b16-4f6e-419f-804e-e8f487c53c86" />
      <TestMethod codeBase="D:\actions-runner\_work\XPCO\XPCO\AllSolutions\..\MIPPlugins\RestrictedMedia\tst\src\bin\Debug\net472\VideoOS.RestrictedMedia.Plugin.SC.UnitTest.dll" adapterTypeName="executor://nunit3testexecutor/" className="VideoOS.RestrictedMedia.Plugin.SC.UnitTest.DataAccess.MapperTests" name="ConvertPlatFormFaultDevice_To_ErrorDeviceModel_Empty_Array_Returned" />
    </UnitTest>
    <UnitTest name="ActionButtonsDisabled_When_BothLiveAndPlaybackSelected" storage="d:\actions-runner\_work\xpco\xpco\allsolutions\..\mipplugins\restrictedmedia\tst\src\bin\debug\net472\videoos.restrictedmedia.plugin.sc.unittest.dll" id="c54b3424-0095-1961-35ff-59cb2b2ab0cb">
      <Execution id="7869fe60-ac48-4c10-a82c-7ae935c926ca" />
      <TestMethod codeBase="D:\actions-runner\_work\XPCO\XPCO\AllSolutions\..\MIPPlugins\RestrictedMedia\tst\src\bin\Debug\net472\VideoOS.RestrictedMedia.Plugin.SC.UnitTest.dll" adapterTypeName="executor://nunit3testexecutor/" className="VideoOS.RestrictedMedia.Plugin.SC.UnitTest.ViewModels.RestrictedMediaListViewModelTests" name="ActionButtonsDisabled_When_BothLiveAndPlaybackSelected" />
    </UnitTest>
    <UnitTest name="IntervalComboBoxModel_TimeZoneNotUtc_TimeZoneUsedForFilter" storage="d:\actions-runner\_work\xpco\xpco\allsolutions\..\mipplugins\restrictedmedia\tst\src\bin\debug\net472\videoos.restrictedmedia.plugin.sc.unittest.dll" id="807ad6d4-6176-1bc0-2317-9ade98d01d1e">
      <Execution id="25ca14a8-559c-43c0-b0b7-5cc1aef47ff7" />
      <TestMethod codeBase="D:\actions-runner\_work\XPCO\XPCO\AllSolutions\..\MIPPlugins\RestrictedMedia\tst\src\bin\Debug\net472\VideoOS.RestrictedMedia.Plugin.SC.UnitTest.dll" adapterTypeName="executor://nunit3testexecutor/" className="VideoOS.RestrictedMedia.Plugin.SC.UnitTest.ViewModels.RestrictedMediaListViewModelTests" name="IntervalComboBoxModel_TimeZoneNotUtc_TimeZoneUsedForFilter" />
    </UnitTest>
    <UnitTest name="RestrictedMediaEditPlaybackViewModel_Command_RemoveSelectedCameras_Ignored" storage="d:\actions-runner\_work\xpco\xpco\allsolutions\..\mipplugins\restrictedmedia\tst\src\bin\debug\net472\videoos.restrictedmedia.plugin.sc.unittest.dll" id="c197742c-9e0a-dd28-c4fd-4f558c6bab1e">
      <Execution id="277f4e23-9e1d-4b38-9316-a63e401a7d74" />
      <TestMethod codeBase="D:\actions-runner\_work\XPCO\XPCO\AllSolutions\..\MIPPlugins\RestrictedMedia\tst\src\bin\Debug\net472\VideoOS.RestrictedMedia.Plugin.SC.UnitTest.dll" adapterTypeName="executor://nunit3testexecutor/" className="VideoOS.RestrictedMedia.Plugin.SC.UnitTest.ViewModels.RestrictedMediaEditLiveViewModelTest" name="RestrictedMediaEditPlaybackViewModel_Command_RemoveSelectedCameras_Ignored" />
    </UnitTest>
    <UnitTest name="RestrictedMediaCreateLiveViewModel_CreateCommand_ChangedTime_ValidationSuccesss" storage="d:\actions-runner\_work\xpco\xpco\allsolutions\..\mipplugins\restrictedmedia\tst\src\bin\debug\net472\videoos.restrictedmedia.plugin.sc.unittest.dll" id="210e597f-b1ff-3e29-e2d8-6ff1ed3cb503">
      <Execution id="78648b0b-a122-4716-b751-be9308dd4e22" />
      <TestMethod codeBase="D:\actions-runner\_work\XPCO\XPCO\AllSolutions\..\MIPPlugins\RestrictedMedia\tst\src\bin\Debug\net472\VideoOS.RestrictedMedia.Plugin.SC.UnitTest.dll" adapterTypeName="executor://nunit3testexecutor/" className="VideoOS.RestrictedMedia.Plugin.SC.UnitTest.ViewModels.RestrictedMediaCreateLiveViewModelTest" name="RestrictedMediaCreateLiveViewModel_CreateCommand_ChangedTime_ValidationSuccesss" />
    </UnitTest>
    <UnitTest name="ConvertPlatFormFaultDevice_To_PluginErrorDevice_Single_ErrorDeviceModel_GetItem_Returns_Null(3,Unauthorized)" storage="d:\actions-runner\_work\xpco\xpco\allsolutions\..\mipplugins\restrictedmedia\tst\src\bin\debug\net472\videoos.restrictedmedia.plugin.sc.unittest.dll" id="2562dc79-fac3-2058-09d6-e426f673e255">
      <Execution id="83396c80-0e61-43b0-b58d-d9a9e1b5615e" />
      <TestMethod codeBase="D:\actions-runner\_work\XPCO\XPCO\AllSolutions\..\MIPPlugins\RestrictedMedia\tst\src\bin\Debug\net472\VideoOS.RestrictedMedia.Plugin.SC.UnitTest.dll" adapterTypeName="executor://nunit3testexecutor/" className="VideoOS.RestrictedMedia.Plugin.SC.UnitTest.DataAccess.MapperTests" name="ConvertPlatFormFaultDevice_To_PluginErrorDevice_Single_ErrorDeviceModel_GetItem_Returns_Null(3,Unauthorized)" />
    </UnitTest>
    <UnitTest name="RestrictedMediaEditPlaybackViewModel_EditDevices_NoDevicesSelected_Failed" storage="d:\actions-runner\_work\xpco\xpco\allsolutions\..\mipplugins\restrictedmedia\tst\src\bin\debug\net472\videoos.restrictedmedia.plugin.sc.unittest.dll" id="c36e22bb-f705-3706-6737-f6eda735b7e3">
      <Execution id="1a7bbb17-38ce-4019-8bd8-3569d75114d2" />
      <TestMethod codeBase="D:\actions-runner\_work\XPCO\XPCO\AllSolutions\..\MIPPlugins\RestrictedMedia\tst\src\bin\Debug\net472\VideoOS.RestrictedMedia.Plugin.SC.UnitTest.dll" adapterTypeName="executor://nunit3testexecutor/" className="VideoOS.RestrictedMedia.Plugin.SC.UnitTest.ViewModels.RestrictedMediaEditPlaybackViewModelTest" name="RestrictedMediaEditPlaybackViewModel_EditDevices_NoDevicesSelected_Failed" />
    </UnitTest>
    <UnitTest name="RestrictedMediaListViewModel_MessageReceiver_BehaviourTest" storage="d:\actions-runner\_work\xpco\xpco\allsolutions\..\mipplugins\restrictedmedia\tst\src\bin\debug\net472\videoos.restrictedmedia.plugin.sc.unittest.dll" id="aa77376e-ef01-4b80-bbbc-46aaa0c74298">
      <Execution id="be93028c-b515-4706-a706-30a40203a035" />
      <TestMethod codeBase="D:\actions-runner\_work\XPCO\XPCO\AllSolutions\..\MIPPlugins\RestrictedMedia\tst\src\bin\Debug\net472\VideoOS.RestrictedMedia.Plugin.SC.UnitTest.dll" adapterTypeName="executor://nunit3testexecutor/" className="VideoOS.RestrictedMedia.Plugin.SC.UnitTest.ViewModels.RestrictedMediaListViewModelTests" name="RestrictedMediaListViewModel_MessageReceiver_BehaviourTest" />
    </UnitTest>
    <UnitTest name="ConvertPlatFormFaultDevice_To_ErrorDeviceModel_Array_Returned(5,RestrictedMediasNotSupported)" storage="d:\actions-runner\_work\xpco\xpco\allsolutions\..\mipplugins\restrictedmedia\tst\src\bin\debug\net472\videoos.restrictedmedia.plugin.sc.unittest.dll" id="028712d4-ea42-6a6b-1ea2-ec575befefd7">
      <Execution id="4be26689-7628-4166-998c-c261a06e05c6" />
      <TestMethod codeBase="D:\actions-runner\_work\XPCO\XPCO\AllSolutions\..\MIPPlugins\RestrictedMedia\tst\src\bin\Debug\net472\VideoOS.RestrictedMedia.Plugin.SC.UnitTest.dll" adapterTypeName="executor://nunit3testexecutor/" className="VideoOS.RestrictedMedia.Plugin.SC.UnitTest.DataAccess.MapperTests" name="ConvertPlatFormFaultDevice_To_ErrorDeviceModel_Array_Returned(5,RestrictedMediasNotSupported)" />
    </UnitTest>
    <UnitTest name="GetCamerasFromWindow_NoValidView_EmptyResult" storage="d:\actions-runner\_work\xpco\xpco\allsolutions\..\mipplugins\restrictedmedia\tst\src\bin\debug\net472\videoos.restrictedmedia.plugin.sc.unittest.dll" id="4c224c87-09cd-ceb5-368b-fa0914e2789b">
      <Execution id="70d713f8-09d1-42b6-87db-51a2dcb3e0e2" />
      <TestMethod codeBase="D:\actions-runner\_work\XPCO\XPCO\AllSolutions\..\MIPPlugins\RestrictedMedia\tst\src\bin\Debug\net472\VideoOS.RestrictedMedia.Plugin.SC.UnitTest.dll" adapterTypeName="executor://nunit3testexecutor/" className="VideoOS.RestrictedMedia.Plugin.SC.UnitTest.DataAccess.RestrictedMediaScMipServiceTests" name="GetCamerasFromWindow_NoValidView_EmptyResult" />
    </UnitTest>
    <UnitTest name="RestrictedMediaCreateProgressViewModel_Create_Failure_ServerError" storage="d:\actions-runner\_work\xpco\xpco\allsolutions\..\mipplugins\restrictedmedia\tst\src\bin\debug\net472\videoos.restrictedmedia.plugin.sc.unittest.dll" id="2b05d66f-6eab-6c59-3bad-2b91d74af1f8">
      <Execution id="5be7194a-354a-40b1-b222-33d6eb698316" />
      <TestMethod codeBase="D:\actions-runner\_work\XPCO\XPCO\AllSolutions\..\MIPPlugins\RestrictedMedia\tst\src\bin\Debug\net472\VideoOS.RestrictedMedia.Plugin.SC.UnitTest.dll" adapterTypeName="executor://nunit3testexecutor/" className="VideoOS.RestrictedMedia.Plugin.SC.UnitTest.ViewModels.Progress.RestrictedMediaCreateProgressViewModelTest" name="RestrictedMediaCreateProgressViewModel_Create_Failure_ServerError" />
    </UnitTest>
    <UnitTest name="IntervalComboBoxModel_SearchWhenUtcIsDayBefore_SearchMatchesLocalTime(&quot;Yesterday&quot;,[&quot;Yesterday&quot;])" storage="d:\actions-runner\_work\xpco\xpco\allsolutions\..\mipplugins\restrictedmedia\tst\src\bin\debug\net472\videoos.restrictedmedia.plugin.sc.unittest.dll" id="8acf3943-4af5-f15c-7fe4-309418eea67b">
      <Execution id="72861e50-4c3a-4bc4-8d7b-4937e48cb556" />
      <TestMethod codeBase="D:\actions-runner\_work\XPCO\XPCO\AllSolutions\..\MIPPlugins\RestrictedMedia\tst\src\bin\Debug\net472\VideoOS.RestrictedMedia.Plugin.SC.UnitTest.dll" adapterTypeName="executor://nunit3testexecutor/" className="VideoOS.RestrictedMedia.Plugin.SC.UnitTest.ViewModels.RestrictedMediaListViewModelTimezoneFilterTests" name="IntervalComboBoxModel_SearchWhenUtcIsDayBefore_SearchMatchesLocalTime(&quot;Yesterday&quot;,[&quot;Yesterday&quot;])" />
    </UnitTest>
    <UnitTest name="RestrictedMediaCreatePlaybackViewModel_CreateCommand_MissingHeadLine_ValidationFailed" storage="d:\actions-runner\_work\xpco\xpco\allsolutions\..\mipplugins\restrictedmedia\tst\src\bin\debug\net472\videoos.restrictedmedia.plugin.sc.unittest.dll" id="1bc91238-bc98-efe2-10c9-275077be1697">
      <Execution id="9a3e8db2-08fc-423f-92cd-78892df68c9e" />
      <TestMethod codeBase="D:\actions-runner\_work\XPCO\XPCO\AllSolutions\..\MIPPlugins\RestrictedMedia\tst\src\bin\Debug\net472\VideoOS.RestrictedMedia.Plugin.SC.UnitTest.dll" adapterTypeName="executor://nunit3testexecutor/" className="VideoOS.RestrictedMedia.Plugin.SC.UnitTest.ViewModels.RestrictedMediaCreatePlaybackViewModelTest" name="RestrictedMediaCreatePlaybackViewModel_CreateCommand_MissingHeadLine_ValidationFailed" />
    </UnitTest>
    <UnitTest name="GetManagementServerGuidFromDeviceFqId_Test_Success" storage="d:\actions-runner\_work\xpco\xpco\allsolutions\..\mipplugins\restrictedmedia\tst\src\bin\debug\net472\videoos.restrictedmedia.plugin.sc.unittest.dll" id="320c0b8a-3a94-5805-aa9c-e9a39f19b01c">
      <Execution id="f3e46a1b-ca77-44ea-aff3-c3f88a6110c9" />
      <TestMethod codeBase="D:\actions-runner\_work\XPCO\XPCO\AllSolutions\..\MIPPlugins\RestrictedMedia\tst\src\bin\Debug\net472\VideoOS.RestrictedMedia.Plugin.SC.UnitTest.dll" adapterTypeName="executor://nunit3testexecutor/" className="VideoOS.RestrictedMedia.Plugin.SC.UnitTest.DataAccess.MapperTests" name="GetManagementServerGuidFromDeviceFqId_Test_Success" />
    </UnitTest>
    <UnitTest name="RestrictedMediaCreateProgressViewModel_Create_PartialSuccess_MultiServer" storage="d:\actions-runner\_work\xpco\xpco\allsolutions\..\mipplugins\restrictedmedia\tst\src\bin\debug\net472\videoos.restrictedmedia.plugin.sc.unittest.dll" id="04806f7b-03aa-14f4-51c3-ea0830f3b23c">
      <Execution id="efac319c-9a92-4317-af9d-341e3de0832d" />
      <TestMethod codeBase="D:\actions-runner\_work\XPCO\XPCO\AllSolutions\..\MIPPlugins\RestrictedMedia\tst\src\bin\Debug\net472\VideoOS.RestrictedMedia.Plugin.SC.UnitTest.dll" adapterTypeName="executor://nunit3testexecutor/" className="VideoOS.RestrictedMedia.Plugin.SC.UnitTest.ViewModels.Progress.RestrictedMediaCreateProgressViewModelTest" name="RestrictedMediaCreateProgressViewModel_Create_PartialSuccess_MultiServer" />
    </UnitTest>
    <UnitTest name="IntervalComboBoxModel_CustomMatchEndOnFromTime_RestrictionIncluded" storage="d:\actions-runner\_work\xpco\xpco\allsolutions\..\mipplugins\restrictedmedia\tst\src\bin\debug\net472\videoos.restrictedmedia.plugin.sc.unittest.dll" id="4d5f4eb9-38e5-0980-169e-254647142dfb">
      <Execution id="de5eb887-652f-4fdf-957f-d957bd4ce1bf" />
      <TestMethod codeBase="D:\actions-runner\_work\XPCO\XPCO\AllSolutions\..\MIPPlugins\RestrictedMedia\tst\src\bin\Debug\net472\VideoOS.RestrictedMedia.Plugin.SC.UnitTest.dll" adapterTypeName="executor://nunit3testexecutor/" className="VideoOS.RestrictedMedia.Plugin.SC.UnitTest.ViewModels.RestrictedMediaListViewModelTests" name="IntervalComboBoxModel_CustomMatchEndOnFromTime_RestrictionIncluded" />
    </UnitTest>
    <UnitTest name="RestrictedMediaCreatePlaybackViewModel_StartTimeAndEndTimeAreSame_ValidationFailed" storage="d:\actions-runner\_work\xpco\xpco\allsolutions\..\mipplugins\restrictedmedia\tst\src\bin\debug\net472\videoos.restrictedmedia.plugin.sc.unittest.dll" id="b48c1686-56b0-e245-e0ab-56420221ccdb">
      <Execution id="8b4ee09b-8605-44ea-b459-7c00cfefe340" />
      <TestMethod codeBase="D:\actions-runner\_work\XPCO\XPCO\AllSolutions\..\MIPPlugins\RestrictedMedia\tst\src\bin\Debug\net472\VideoOS.RestrictedMedia.Plugin.SC.UnitTest.dll" adapterTypeName="executor://nunit3testexecutor/" className="VideoOS.RestrictedMedia.Plugin.SC.UnitTest.ViewModels.RestrictedMediaCreatePlaybackViewModelTest" name="RestrictedMediaCreatePlaybackViewModel_StartTimeAndEndTimeAreSame_ValidationFailed" />
    </UnitTest>
    <UnitTest name="RestrictedMediaCreateLiveViewModel_ConstructorTests_VerifyLiveStates" storage="d:\actions-runner\_work\xpco\xpco\allsolutions\..\mipplugins\restrictedmedia\tst\src\bin\debug\net472\videoos.restrictedmedia.plugin.sc.unittest.dll" id="ec4b54e5-7f1b-be13-15c4-7ebafa58f106">
      <Execution id="756f54fc-10a4-4b87-a607-f32957cf9879" />
      <TestMethod codeBase="D:\actions-runner\_work\XPCO\XPCO\AllSolutions\..\MIPPlugins\RestrictedMedia\tst\src\bin\Debug\net472\VideoOS.RestrictedMedia.Plugin.SC.UnitTest.dll" adapterTypeName="executor://nunit3testexecutor/" className="VideoOS.RestrictedMedia.Plugin.SC.UnitTest.ViewModels.RestrictedMediaCreateLiveViewModelTest" name="RestrictedMediaCreateLiveViewModel_ConstructorTests_VerifyLiveStates" />
    </UnitTest>
    <UnitTest name="RestrictedMediaEditPlaybackViewModel_EditHeader_Success" storage="d:\actions-runner\_work\xpco\xpco\allsolutions\..\mipplugins\restrictedmedia\tst\src\bin\debug\net472\videoos.restrictedmedia.plugin.sc.unittest.dll" id="d8cd829f-04a8-3423-dc46-fa7416953016">
      <Execution id="e75201ca-20db-4f38-8dad-aaa633b20b30" />
      <TestMethod codeBase="D:\actions-runner\_work\XPCO\XPCO\AllSolutions\..\MIPPlugins\RestrictedMedia\tst\src\bin\Debug\net472\VideoOS.RestrictedMedia.Plugin.SC.UnitTest.dll" adapterTypeName="executor://nunit3testexecutor/" className="VideoOS.RestrictedMedia.Plugin.SC.UnitTest.ViewModels.RestrictedMediaEditPlaybackViewModelTest" name="RestrictedMediaEditPlaybackViewModel_EditHeader_Success" />
    </UnitTest>
    <UnitTest name="GetCamerasFromWindow_WindowAndViewWithOneCameraViewItem_CameraReturned" storage="d:\actions-runner\_work\xpco\xpco\allsolutions\..\mipplugins\restrictedmedia\tst\src\bin\debug\net472\videoos.restrictedmedia.plugin.sc.unittest.dll" id="6957c9d6-b98f-4304-dd43-a80edefeb946">
      <Execution id="8d137ae2-63ad-46e0-846f-f89e93263767" />
      <TestMethod codeBase="D:\actions-runner\_work\XPCO\XPCO\AllSolutions\..\MIPPlugins\RestrictedMedia\tst\src\bin\Debug\net472\VideoOS.RestrictedMedia.Plugin.SC.UnitTest.dll" adapterTypeName="executor://nunit3testexecutor/" className="VideoOS.RestrictedMedia.Plugin.SC.UnitTest.DataAccess.RestrictedMediaScMipServiceTests" name="GetCamerasFromWindow_WindowAndViewWithOneCameraViewItem_CameraReturned" />
    </UnitTest>
    <UnitTest name="ConvertPlatFormWarningDevice_To_PluginErrorDevice_ErrorDeviceArray_Returned(0,UnknownError)" storage="d:\actions-runner\_work\xpco\xpco\allsolutions\..\mipplugins\restrictedmedia\tst\src\bin\debug\net472\videoos.restrictedmedia.plugin.sc.unittest.dll" id="4a88769d-d7ad-28a4-f2a9-1c52ce3b74e5">
      <Execution id="6c019dff-6b45-4535-a46c-ea90b479e2de" />
      <TestMethod codeBase="D:\actions-runner\_work\XPCO\XPCO\AllSolutions\..\MIPPlugins\RestrictedMedia\tst\src\bin\Debug\net472\VideoOS.RestrictedMedia.Plugin.SC.UnitTest.dll" adapterTypeName="executor://nunit3testexecutor/" className="VideoOS.RestrictedMedia.Plugin.SC.UnitTest.DataAccess.MapperTests" name="ConvertPlatFormWarningDevice_To_PluginErrorDevice_ErrorDeviceArray_Returned(0,UnknownError)" />
    </UnitTest>
    <UnitTest name="IntervalComboBoxModel_SearchWhenUtcIsDayAfter_SearchMatchesLocalTime(&quot;Yesterday&quot;,[&quot;Yesterday&quot;])" storage="d:\actions-runner\_work\xpco\xpco\allsolutions\..\mipplugins\restrictedmedia\tst\src\bin\debug\net472\videoos.restrictedmedia.plugin.sc.unittest.dll" id="5a7311b9-7f49-b785-43b5-d7b63353f4a1">
      <Execution id="c84aabd5-b4e1-446b-8318-e2c03b0123ce" />
      <TestMethod codeBase="D:\actions-runner\_work\XPCO\XPCO\AllSolutions\..\MIPPlugins\RestrictedMedia\tst\src\bin\Debug\net472\VideoOS.RestrictedMedia.Plugin.SC.UnitTest.dll" adapterTypeName="executor://nunit3testexecutor/" className="VideoOS.RestrictedMedia.Plugin.SC.UnitTest.ViewModels.RestrictedMediaListViewModelTimezoneFilterTests" name="IntervalComboBoxModel_SearchWhenUtcIsDayAfter_SearchMatchesLocalTime(&quot;Yesterday&quot;,[&quot;Yesterday&quot;])" />
    </UnitTest>
    <UnitTest name="RestrictedMediaEditPlaybackViewModel_ConstructorTests_RestrictedMediaModel_ArgumentEmpty" storage="d:\actions-runner\_work\xpco\xpco\allsolutions\..\mipplugins\restrictedmedia\tst\src\bin\debug\net472\videoos.restrictedmedia.plugin.sc.unittest.dll" id="b2560cde-f76c-b138-bab4-df2e2dfa1197">
      <Execution id="d592f411-8ba3-4ac4-b8fd-6b94e6c32ee7" />
      <TestMethod codeBase="D:\actions-runner\_work\XPCO\XPCO\AllSolutions\..\MIPPlugins\RestrictedMedia\tst\src\bin\Debug\net472\VideoOS.RestrictedMedia.Plugin.SC.UnitTest.dll" adapterTypeName="executor://nunit3testexecutor/" className="VideoOS.RestrictedMedia.Plugin.SC.UnitTest.ViewModels.RestrictedMediaEditLiveViewModelTest" name="RestrictedMediaEditPlaybackViewModel_ConstructorTests_RestrictedMediaModel_ArgumentEmpty" />
    </UnitTest>
    <UnitTest name="RestrictedMediaExitLiveViewModel_ConstructorTests_UILauncherService_ArgumentNull" storage="d:\actions-runner\_work\xpco\xpco\allsolutions\..\mipplugins\restrictedmedia\tst\src\bin\debug\net472\videoos.restrictedmedia.plugin.sc.unittest.dll" id="838521fe-65b8-a64f-89ea-9653318cfaa1">
      <Execution id="95bd182b-2d22-4769-b0b8-8b51e25bdfbc" />
      <TestMethod codeBase="D:\actions-runner\_work\XPCO\XPCO\AllSolutions\..\MIPPlugins\RestrictedMedia\tst\src\bin\Debug\net472\VideoOS.RestrictedMedia.Plugin.SC.UnitTest.dll" adapterTypeName="executor://nunit3testexecutor/" className="VideoOS.RestrictedMedia.Plugin.SC.UnitTest.ViewModels.RestrictedMediaExitLiveViewModelTest" name="RestrictedMediaExitLiveViewModel_ConstructorTests_UILauncherService_ArgumentNull" />
    </UnitTest>
    <UnitTest name="RestrictedMediaCreatePlaybackViewModel_StartTimeIsGreaterThanEndTime_ValidationSuccess" storage="d:\actions-runner\_work\xpco\xpco\allsolutions\..\mipplugins\restrictedmedia\tst\src\bin\debug\net472\videoos.restrictedmedia.plugin.sc.unittest.dll" id="1d85a2bb-be79-a383-ebd8-f842a1feb192">
      <Execution id="8a0a6755-f45a-4de3-9c09-3b7f80ac4cd5" />
      <TestMethod codeBase="D:\actions-runner\_work\XPCO\XPCO\AllSolutions\..\MIPPlugins\RestrictedMedia\tst\src\bin\Debug\net472\VideoOS.RestrictedMedia.Plugin.SC.UnitTest.dll" adapterTypeName="executor://nunit3testexecutor/" className="VideoOS.RestrictedMedia.Plugin.SC.UnitTest.ViewModels.RestrictedMediaCreatePlaybackViewModelTest" name="RestrictedMediaCreatePlaybackViewModel_StartTimeIsGreaterThanEndTime_ValidationSuccess" />
    </UnitTest>
    <UnitTest name="CreatedAtComboBoxModel_SearchWhenUtcIsDayAfter_SearchMatchesLocalTime(&quot;Last 7 days&quot;,[&quot;Last 7 days&quot;, &quot;Today&quot;, &quot;Yesterday&quot;])" storage="d:\actions-runner\_work\xpco\xpco\allsolutions\..\mipplugins\restrictedmedia\tst\src\bin\debug\net472\videoos.restrictedmedia.plugin.sc.unittest.dll" id="615c1aba-4537-85a6-497e-fd9ddaec6146">
      <Execution id="f44ced72-ea91-44b4-955b-451deb1cc59e" />
      <TestMethod codeBase="D:\actions-runner\_work\XPCO\XPCO\AllSolutions\..\MIPPlugins\RestrictedMedia\tst\src\bin\Debug\net472\VideoOS.RestrictedMedia.Plugin.SC.UnitTest.dll" adapterTypeName="executor://nunit3testexecutor/" className="VideoOS.RestrictedMedia.Plugin.SC.UnitTest.ViewModels.RestrictedMediaListViewModelTimezoneFilterTests" name="CreatedAtComboBoxModel_SearchWhenUtcIsDayAfter_SearchMatchesLocalTime(&quot;Last 7 days&quot;,[&quot;Last 7 days&quot;, &quot;Today&quot;, &quot;Yesterday&quot;])" />
    </UnitTest>
    <UnitTest name="RestrictedMediaEditPlaybackViewModel_Command_Help_Success" storage="d:\actions-runner\_work\xpco\xpco\allsolutions\..\mipplugins\restrictedmedia\tst\src\bin\debug\net472\videoos.restrictedmedia.plugin.sc.unittest.dll" id="13f8b602-5010-e9d0-2411-d7bae7a0966c">
      <Execution id="0123e074-055b-4e63-a93f-de73bb57b2c9" />
      <TestMethod codeBase="D:\actions-runner\_work\XPCO\XPCO\AllSolutions\..\MIPPlugins\RestrictedMedia\tst\src\bin\Debug\net472\VideoOS.RestrictedMedia.Plugin.SC.UnitTest.dll" adapterTypeName="executor://nunit3testexecutor/" className="VideoOS.RestrictedMedia.Plugin.SC.UnitTest.ViewModels.RestrictedMediaEditPlaybackViewModelTest" name="RestrictedMediaEditPlaybackViewModel_Command_Help_Success" />
    </UnitTest>
    <UnitTest name="RestrictedMediaCreateLiveViewModel_ConstructorTests_Success" storage="d:\actions-runner\_work\xpco\xpco\allsolutions\..\mipplugins\restrictedmedia\tst\src\bin\debug\net472\videoos.restrictedmedia.plugin.sc.unittest.dll" id="e10d0180-78db-6b12-3297-e3df99079dd6">
      <Execution id="a0bf2be6-b9fd-4d67-a7a8-eceda5ad9ed2" />
      <TestMethod codeBase="D:\actions-runner\_work\XPCO\XPCO\AllSolutions\..\MIPPlugins\RestrictedMedia\tst\src\bin\Debug\net472\VideoOS.RestrictedMedia.Plugin.SC.UnitTest.dll" adapterTypeName="executor://nunit3testexecutor/" className="VideoOS.RestrictedMedia.Plugin.SC.UnitTest.ViewModels.RestrictedMediaCreateLiveViewModelTest" name="RestrictedMediaCreateLiveViewModel_ConstructorTests_Success" />
    </UnitTest>
    <UnitTest name="RunAsync_WithCancelledToken_TaskExecutionIsCancelled" storage="d:\actions-runner\_work\xpco\xpco\allsolutions\..\mipplugins\restrictedmedia\tst\src\bin\debug\net472\videoos.restrictedmedia.plugin.sc.unittest.dll" id="9e63d531-6c96-bef4-9d94-24ceea7091dd">
      <Execution id="f4ff9680-2b0d-49ac-935d-dbd47dcda42d" />
      <TestMethod codeBase="D:\actions-runner\_work\XPCO\XPCO\AllSolutions\..\MIPPlugins\RestrictedMedia\tst\src\bin\Debug\net472\VideoOS.RestrictedMedia.Plugin.SC.UnitTest.dll" adapterTypeName="executor://nunit3testexecutor/" className="VideoOS.RestrictedMedia.Plugin.SC.UnitTest.ViewModels.TaskRunnerTests" name="RunAsync_WithCancelledToken_TaskExecutionIsCancelled" />
    </UnitTest>
    <UnitTest name="RestrictedMediaCreateProgressViewModel_ConstructorTests_NoMedeaPassed_ArgumentException" storage="d:\actions-runner\_work\xpco\xpco\allsolutions\..\mipplugins\restrictedmedia\tst\src\bin\debug\net472\videoos.restrictedmedia.plugin.sc.unittest.dll" id="7ced7c16-30ac-34ae-cc70-4383f9bbd8af">
      <Execution id="bbd8b141-1145-4be3-9e1f-1870cdb2ff3a" />
      <TestMethod codeBase="D:\actions-runner\_work\XPCO\XPCO\AllSolutions\..\MIPPlugins\RestrictedMedia\tst\src\bin\Debug\net472\VideoOS.RestrictedMedia.Plugin.SC.UnitTest.dll" adapterTypeName="executor://nunit3testexecutor/" className="VideoOS.RestrictedMedia.Plugin.SC.UnitTest.ViewModels.Create.RestrictedMediaCreateLiveProgressViewModelTests" name="RestrictedMediaCreateProgressViewModel_ConstructorTests_NoMedeaPassed_ArgumentException" />
    </UnitTest>
    <UnitTest name="ExecuteMethod_View_SelectMultiplePlayBack_Success" storage="d:\actions-runner\_work\xpco\xpco\allsolutions\..\mipplugins\restrictedmedia\tst\src\bin\debug\net472\videoos.restrictedmedia.plugin.sc.unittest.dll" id="e70e1203-bb2a-5136-8ffb-23d817cec267">
      <Execution id="6b58ec4d-c830-4f90-a17b-4c1dcca36eac" />
      <TestMethod codeBase="D:\actions-runner\_work\XPCO\XPCO\AllSolutions\..\MIPPlugins\RestrictedMedia\tst\src\bin\Debug\net472\VideoOS.RestrictedMedia.Plugin.SC.UnitTest.dll" adapterTypeName="executor://nunit3testexecutor/" className="VideoOS.RestrictedMedia.Plugin.SC.UnitTest.ViewModels.RestrictedMediaListViewModelTests" name="ExecuteMethod_View_SelectMultiplePlayBack_Success" />
    </UnitTest>
    <UnitTest name="RestrictedMediaEditLiveProgressViewModel_Execute_Failed_DeviceError" storage="d:\actions-runner\_work\xpco\xpco\allsolutions\..\mipplugins\restrictedmedia\tst\src\bin\debug\net472\videoos.restrictedmedia.plugin.sc.unittest.dll" id="cf8e3644-8f3a-7deb-0d4b-6b87e7b11651">
      <Execution id="292e7ac0-935c-436b-9529-5d208619c0be" />
      <TestMethod codeBase="D:\actions-runner\_work\XPCO\XPCO\AllSolutions\..\MIPPlugins\RestrictedMedia\tst\src\bin\Debug\net472\VideoOS.RestrictedMedia.Plugin.SC.UnitTest.dll" adapterTypeName="executor://nunit3testexecutor/" className="VideoOS.RestrictedMedia.Plugin.SC.UnitTest.ViewModels.Progress.RestrictedMediaEditLiveProgressViewModelTest" name="RestrictedMediaEditLiveProgressViewModel_Execute_Failed_DeviceError" />
    </UnitTest>
    <UnitTest name="ExecuteMethod_Refresh_Success_SearchText_Header_CaseInSensitive" storage="d:\actions-runner\_work\xpco\xpco\allsolutions\..\mipplugins\restrictedmedia\tst\src\bin\debug\net472\videoos.restrictedmedia.plugin.sc.unittest.dll" id="03b43b50-7722-2f24-1743-3cd098761796">
      <Execution id="980d08cd-afbe-4f01-9210-0d1cbf52e66e" />
      <TestMethod codeBase="D:\actions-runner\_work\XPCO\XPCO\AllSolutions\..\MIPPlugins\RestrictedMedia\tst\src\bin\Debug\net472\VideoOS.RestrictedMedia.Plugin.SC.UnitTest.dll" adapterTypeName="executor://nunit3testexecutor/" className="VideoOS.RestrictedMedia.Plugin.SC.UnitTest.ViewModels.RestrictedMediaListViewModelTests" name="ExecuteMethod_Refresh_Success_SearchText_Header_CaseInSensitive" />
    </UnitTest>
    <UnitTest name="ConvertPlatFormFaultDevice_To_PluginErrorDevice_Single_ErrorDeviceModel_GetItem_Returns_Null(6,AlreadyInRestrictedLiveMode)" storage="d:\actions-runner\_work\xpco\xpco\allsolutions\..\mipplugins\restrictedmedia\tst\src\bin\debug\net472\videoos.restrictedmedia.plugin.sc.unittest.dll" id="23c59fc6-e1a7-dc88-6b83-391cddf76740">
      <Execution id="d6435174-91e7-4eb6-8889-d33365192deb" />
      <TestMethod codeBase="D:\actions-runner\_work\XPCO\XPCO\AllSolutions\..\MIPPlugins\RestrictedMedia\tst\src\bin\Debug\net472\VideoOS.RestrictedMedia.Plugin.SC.UnitTest.dll" adapterTypeName="executor://nunit3testexecutor/" className="VideoOS.RestrictedMedia.Plugin.SC.UnitTest.DataAccess.MapperTests" name="ConvertPlatFormFaultDevice_To_PluginErrorDevice_Single_ErrorDeviceModel_GetItem_Returns_Null(6,AlreadyInRestrictedLiveMode)" />
    </UnitTest>
    <UnitTest name="SetEffectiveInterval_TextLongerThanMaxFilter_TextTruncated(&quot;2023-09-08T12:08:35.0000000Z&quot;,&quot;2023-09-08T12:08:35.0000000Z&quot;,&quot;da-DK&quot;)" storage="d:\actions-runner\_work\xpco\xpco\allsolutions\..\mipplugins\restrictedmedia\tst\src\bin\debug\net472\videoos.restrictedmedia.plugin.sc.unittest.dll" id="32130ab7-17ba-93a1-0564-641463dfd4cc">
      <Execution id="16942842-8692-4fdf-b486-caecc777aca8" />
      <TestMethod codeBase="D:\actions-runner\_work\XPCO\XPCO\AllSolutions\..\MIPPlugins\RestrictedMedia\tst\src\bin\Debug\net472\VideoOS.RestrictedMedia.Plugin.SC.UnitTest.dll" adapterTypeName="executor://nunit3testexecutor/" className="VideoOS.RestrictedMedia.Plugin.SC.UnitTest.ViewModels.SelectIntervalComboBoxModelTests" name="SetEffectiveInterval_TextLongerThanMaxFilter_TextTruncated(&quot;2023-09-08T12:08:35.0000000Z&quot;,&quot;2023-09-08T12:08:35.0000000Z&quot;,&quot;da-DK&quot;)" />
    </UnitTest>
    <UnitTest name="ExecuteMethod_Refresh_Success_SelectedRestrictionTypeOption_All" storage="d:\actions-runner\_work\xpco\xpco\allsolutions\..\mipplugins\restrictedmedia\tst\src\bin\debug\net472\videoos.restrictedmedia.plugin.sc.unittest.dll" id="a83df13c-3df2-72fa-0a21-d0b24a47287a">
      <Execution id="e9a08d24-d85f-42af-8a8a-156087d8c4b3" />
      <TestMethod codeBase="D:\actions-runner\_work\XPCO\XPCO\AllSolutions\..\MIPPlugins\RestrictedMedia\tst\src\bin\Debug\net472\VideoOS.RestrictedMedia.Plugin.SC.UnitTest.dll" adapterTypeName="executor://nunit3testexecutor/" className="VideoOS.RestrictedMedia.Plugin.SC.UnitTest.ViewModels.RestrictedMediaListViewModelTests" name="ExecuteMethod_Refresh_Success_SelectedRestrictionTypeOption_All" />
    </UnitTest>
    <UnitTest name="RestrictedMediaCreatePlaybackViewModel_ConstructorTests_Success" storage="d:\actions-runner\_work\xpco\xpco\allsolutions\..\mipplugins\restrictedmedia\tst\src\bin\debug\net472\videoos.restrictedmedia.plugin.sc.unittest.dll" id="fb18a414-d9a5-3665-4312-78984c2486d7">
      <Execution id="58049e93-74e9-4070-9924-26bd0ba8fd65" />
      <TestMethod codeBase="D:\actions-runner\_work\XPCO\XPCO\AllSolutions\..\MIPPlugins\RestrictedMedia\tst\src\bin\Debug\net472\VideoOS.RestrictedMedia.Plugin.SC.UnitTest.dll" adapterTypeName="executor://nunit3testexecutor/" className="VideoOS.RestrictedMedia.Plugin.SC.UnitTest.ViewModels.RestrictedMediaCreatePlaybackViewModelTest" name="RestrictedMediaCreatePlaybackViewModel_ConstructorTests_Success" />
    </UnitTest>
    <UnitTest name="IntervalComboBoxModel_SearchWhenUtcIsDayBefore_SearchMatchesLocalTime(&quot;Last 7 days&quot;,[&quot;Last 7 days&quot;, &quot;Today&quot;, &quot;Yesterday&quot;])" storage="d:\actions-runner\_work\xpco\xpco\allsolutions\..\mipplugins\restrictedmedia\tst\src\bin\debug\net472\videoos.restrictedmedia.plugin.sc.unittest.dll" id="ec567ac7-a5de-33c2-8e84-3b137a5e5e96">
      <Execution id="8916b25f-bb68-42f9-9136-d1e187b2f6eb" />
      <TestMethod codeBase="D:\actions-runner\_work\XPCO\XPCO\AllSolutions\..\MIPPlugins\RestrictedMedia\tst\src\bin\Debug\net472\VideoOS.RestrictedMedia.Plugin.SC.UnitTest.dll" adapterTypeName="executor://nunit3testexecutor/" className="VideoOS.RestrictedMedia.Plugin.SC.UnitTest.ViewModels.RestrictedMediaListViewModelTimezoneFilterTests" name="IntervalComboBoxModel_SearchWhenUtcIsDayBefore_SearchMatchesLocalTime(&quot;Last 7 days&quot;,[&quot;Last 7 days&quot;, &quot;Today&quot;, &quot;Yesterday&quot;])" />
    </UnitTest>
    <UnitTest name="RestrictedMediaCreateLiveViewModel_NoSelectedCamerasState_Changed" storage="d:\actions-runner\_work\xpco\xpco\allsolutions\..\mipplugins\restrictedmedia\tst\src\bin\debug\net472\videoos.restrictedmedia.plugin.sc.unittest.dll" id="fd32db7b-aacd-62c2-14ce-728c0a17acb6">
      <Execution id="2b1c5d81-7609-4d79-8c39-8f83d9d39856" />
      <TestMethod codeBase="D:\actions-runner\_work\XPCO\XPCO\AllSolutions\..\MIPPlugins\RestrictedMedia\tst\src\bin\Debug\net472\VideoOS.RestrictedMedia.Plugin.SC.UnitTest.dll" adapterTypeName="executor://nunit3testexecutor/" className="VideoOS.RestrictedMedia.Plugin.SC.UnitTest.ViewModels.RestrictedMediaCreateLiveViewModelTest" name="RestrictedMediaCreateLiveViewModel_NoSelectedCamerasState_Changed" />
    </UnitTest>
    <UnitTest name="RestrictedMediaEditPlaybackViewModel_Command_AddCamera_Success" storage="d:\actions-runner\_work\xpco\xpco\allsolutions\..\mipplugins\restrictedmedia\tst\src\bin\debug\net472\videoos.restrictedmedia.plugin.sc.unittest.dll" id="ea277a36-89c6-815e-1e01-7067106a6b4d">
      <Execution id="3144a89a-8e52-44ce-94f4-73d1bcf7c044" />
      <TestMethod codeBase="D:\actions-runner\_work\XPCO\XPCO\AllSolutions\..\MIPPlugins\RestrictedMedia\tst\src\bin\Debug\net472\VideoOS.RestrictedMedia.Plugin.SC.UnitTest.dll" adapterTypeName="executor://nunit3testexecutor/" className="VideoOS.RestrictedMedia.Plugin.SC.UnitTest.ViewModels.RestrictedMediaEditPlaybackViewModelTest" name="RestrictedMediaEditPlaybackViewModel_Command_AddCamera_Success" />
    </UnitTest>
    <UnitTest name="GetCamerasFromWindow_WindowAndViewNoCameraViews_EmptyResult" storage="d:\actions-runner\_work\xpco\xpco\allsolutions\..\mipplugins\restrictedmedia\tst\src\bin\debug\net472\videoos.restrictedmedia.plugin.sc.unittest.dll" id="0ddd304a-b8a0-6742-0d20-222e6bf162f8">
      <Execution id="79d8cd92-7499-4e72-97ab-afd9458299ae" />
      <TestMethod codeBase="D:\actions-runner\_work\XPCO\XPCO\AllSolutions\..\MIPPlugins\RestrictedMedia\tst\src\bin\Debug\net472\VideoOS.RestrictedMedia.Plugin.SC.UnitTest.dll" adapterTypeName="executor://nunit3testexecutor/" className="VideoOS.RestrictedMedia.Plugin.SC.UnitTest.DataAccess.RestrictedMediaScMipServiceTests" name="GetCamerasFromWindow_WindowAndViewNoCameraViews_EmptyResult" />
    </UnitTest>
    <UnitTest name="RestrictedMediaListViewModel_Command_Help_Success" storage="d:\actions-runner\_work\xpco\xpco\allsolutions\..\mipplugins\restrictedmedia\tst\src\bin\debug\net472\videoos.restrictedmedia.plugin.sc.unittest.dll" id="a6a74455-5c83-92ac-1b40-0e4fa4c7f42f">
      <Execution id="02f62326-45d1-47b4-90be-3909904e8a3f" />
      <TestMethod codeBase="D:\actions-runner\_work\XPCO\XPCO\AllSolutions\..\MIPPlugins\RestrictedMedia\tst\src\bin\Debug\net472\VideoOS.RestrictedMedia.Plugin.SC.UnitTest.dll" adapterTypeName="executor://nunit3testexecutor/" className="VideoOS.RestrictedMedia.Plugin.SC.UnitTest.ViewModels.RestrictedMediaListViewModelTests" name="RestrictedMediaListViewModel_Command_Help_Success" />
    </UnitTest>
    <UnitTest name="ExecuteMethod_View_SelectMultipleLive_Success" storage="d:\actions-runner\_work\xpco\xpco\allsolutions\..\mipplugins\restrictedmedia\tst\src\bin\debug\net472\videoos.restrictedmedia.plugin.sc.unittest.dll" id="b2789cfe-e74b-c0e0-45d4-e067ef604d7d">
      <Execution id="dca897f3-3491-4d94-8e6f-48da848ba122" />
      <TestMethod codeBase="D:\actions-runner\_work\XPCO\XPCO\AllSolutions\..\MIPPlugins\RestrictedMedia\tst\src\bin\Debug\net472\VideoOS.RestrictedMedia.Plugin.SC.UnitTest.dll" adapterTypeName="executor://nunit3testexecutor/" className="VideoOS.RestrictedMedia.Plugin.SC.UnitTest.ViewModels.RestrictedMediaListViewModelTests" name="ExecuteMethod_View_SelectMultipleLive_Success" />
    </UnitTest>
    <UnitTest name="ExecuteMethod_Refresh_Error_RestrictedMediaScMipServiceException" storage="d:\actions-runner\_work\xpco\xpco\allsolutions\..\mipplugins\restrictedmedia\tst\src\bin\debug\net472\videoos.restrictedmedia.plugin.sc.unittest.dll" id="00f8543b-a8d0-7f93-3e11-3d2986314518">
      <Execution id="2a36f2ea-c4c9-4c17-a859-dd2e8fa8b89f" />
      <TestMethod codeBase="D:\actions-runner\_work\XPCO\XPCO\AllSolutions\..\MIPPlugins\RestrictedMedia\tst\src\bin\Debug\net472\VideoOS.RestrictedMedia.Plugin.SC.UnitTest.dll" adapterTypeName="executor://nunit3testexecutor/" className="VideoOS.RestrictedMedia.Plugin.SC.UnitTest.ViewModels.RestrictedMediaListViewModelTests" name="ExecuteMethod_Refresh_Error_RestrictedMediaScMipServiceException" />
    </UnitTest>
    <UnitTest name="RestrictedMediaCreateLiveViewModel_IsValidationSuccess_NoCameras_False" storage="d:\actions-runner\_work\xpco\xpco\allsolutions\..\mipplugins\restrictedmedia\tst\src\bin\debug\net472\videoos.restrictedmedia.plugin.sc.unittest.dll" id="82990589-b635-3ace-2c83-4ec26109a0e9">
      <Execution id="f8483ef4-8cd0-4556-bc91-51bd6aff79b9" />
      <TestMethod codeBase="D:\actions-runner\_work\XPCO\XPCO\AllSolutions\..\MIPPlugins\RestrictedMedia\tst\src\bin\Debug\net472\VideoOS.RestrictedMedia.Plugin.SC.UnitTest.dll" adapterTypeName="executor://nunit3testexecutor/" className="VideoOS.RestrictedMedia.Plugin.SC.UnitTest.ViewModels.RestrictedMediaCreateLiveViewModelTest" name="RestrictedMediaCreateLiveViewModel_IsValidationSuccess_NoCameras_False" />
    </UnitTest>
    <UnitTest name="ExecuteMethod_ButtonClick_Edit_RestrictedMediaLive_AdditionalDevicesConfiguration" storage="d:\actions-runner\_work\xpco\xpco\allsolutions\..\mipplugins\restrictedmedia\tst\src\bin\debug\net472\videoos.restrictedmedia.plugin.sc.unittest.dll" id="02b10486-daae-4661-1822-cea69f3de9d6">
      <Execution id="620badd7-7ece-470f-9d47-c1e8effcd8ba" />
      <TestMethod codeBase="D:\actions-runner\_work\XPCO\XPCO\AllSolutions\..\MIPPlugins\RestrictedMedia\tst\src\bin\Debug\net472\VideoOS.RestrictedMedia.Plugin.SC.UnitTest.dll" adapterTypeName="executor://nunit3testexecutor/" className="VideoOS.RestrictedMedia.Plugin.SC.UnitTest.ViewModels.RestrictedMediaListViewModelTests" name="ExecuteMethod_ButtonClick_Edit_RestrictedMediaLive_AdditionalDevicesConfiguration" />
    </UnitTest>
    <UnitTest name="ConvertPlatFormWarningDevice_To_ErrorDeviceModel_Single_ErrorDevice_Returned(5,RestrictedMediasNotSupported)" storage="d:\actions-runner\_work\xpco\xpco\allsolutions\..\mipplugins\restrictedmedia\tst\src\bin\debug\net472\videoos.restrictedmedia.plugin.sc.unittest.dll" id="85363cf0-041e-8fae-3bb0-ba21039404b2">
      <Execution id="a1cd883d-1dc1-4490-a83f-d45411144619" />
      <TestMethod codeBase="D:\actions-runner\_work\XPCO\XPCO\AllSolutions\..\MIPPlugins\RestrictedMedia\tst\src\bin\Debug\net472\VideoOS.RestrictedMedia.Plugin.SC.UnitTest.dll" adapterTypeName="executor://nunit3testexecutor/" className="VideoOS.RestrictedMedia.Plugin.SC.UnitTest.DataAccess.MapperTests" name="ConvertPlatFormWarningDevice_To_ErrorDeviceModel_Single_ErrorDevice_Returned(5,RestrictedMediasNotSupported)" />
    </UnitTest>
    <UnitTest name="RestrictedMediaEditLiveViewModel_EditDevices_NoDevicesSelected_Failed" storage="d:\actions-runner\_work\xpco\xpco\allsolutions\..\mipplugins\restrictedmedia\tst\src\bin\debug\net472\videoos.restrictedmedia.plugin.sc.unittest.dll" id="501ba2df-24ab-2f81-945f-012257f2e660">
      <Execution id="f5ee7a34-95f4-418f-994a-25f527924aed" />
      <TestMethod codeBase="D:\actions-runner\_work\XPCO\XPCO\AllSolutions\..\MIPPlugins\RestrictedMedia\tst\src\bin\Debug\net472\VideoOS.RestrictedMedia.Plugin.SC.UnitTest.dll" adapterTypeName="executor://nunit3testexecutor/" className="VideoOS.RestrictedMedia.Plugin.SC.UnitTest.ViewModels.RestrictedMediaEditLiveViewModelTest" name="RestrictedMediaEditLiveViewModel_EditDevices_NoDevicesSelected_Failed" />
    </UnitTest>
    <UnitTest name="ExecuteMethod_Refresh_Success_Devices_All" storage="d:\actions-runner\_work\xpco\xpco\allsolutions\..\mipplugins\restrictedmedia\tst\src\bin\debug\net472\videoos.restrictedmedia.plugin.sc.unittest.dll" id="a780cbe8-57f9-0e6d-aeb2-f91dffe0d63c">
      <Execution id="74412c9e-095a-4c57-901c-cb244919e913" />
      <TestMethod codeBase="D:\actions-runner\_work\XPCO\XPCO\AllSolutions\..\MIPPlugins\RestrictedMedia\tst\src\bin\Debug\net472\VideoOS.RestrictedMedia.Plugin.SC.UnitTest.dll" adapterTypeName="executor://nunit3testexecutor/" className="VideoOS.RestrictedMedia.Plugin.SC.UnitTest.ViewModels.RestrictedMediaListViewModelTests" name="ExecuteMethod_Refresh_Success_Devices_All" />
    </UnitTest>
    <UnitTest name="ConvertLiveResultToResultModel_LiveResult_Mapped" storage="d:\actions-runner\_work\xpco\xpco\allsolutions\..\mipplugins\restrictedmedia\tst\src\bin\debug\net472\videoos.restrictedmedia.plugin.sc.unittest.dll" id="5d763cac-d0e4-a6d4-997b-8ade3eb0aa69">
      <Execution id="6587dda1-c8ed-4ab6-86cf-b299a0aa35c5" />
      <TestMethod codeBase="D:\actions-runner\_work\XPCO\XPCO\AllSolutions\..\MIPPlugins\RestrictedMedia\tst\src\bin\Debug\net472\VideoOS.RestrictedMedia.Plugin.SC.UnitTest.dll" adapterTypeName="executor://nunit3testexecutor/" className="VideoOS.RestrictedMedia.Plugin.SC.UnitTest.DataAccess.MapperTests" name="ConvertLiveResultToResultModel_LiveResult_Mapped" />
    </UnitTest>
    <UnitTest name="Set_SearchText_Without_Refresh" storage="d:\actions-runner\_work\xpco\xpco\allsolutions\..\mipplugins\restrictedmedia\tst\src\bin\debug\net472\videoos.restrictedmedia.plugin.sc.unittest.dll" id="a70ef326-739e-403b-fa6d-15d111d9b050">
      <Execution id="e5c90843-1fcb-4143-80d4-addf16acbb14" />
      <TestMethod codeBase="D:\actions-runner\_work\XPCO\XPCO\AllSolutions\..\MIPPlugins\RestrictedMedia\tst\src\bin\Debug\net472\VideoOS.RestrictedMedia.Plugin.SC.UnitTest.dll" adapterTypeName="executor://nunit3testexecutor/" className="VideoOS.RestrictedMedia.Plugin.SC.UnitTest.ViewModels.RestrictedMediaListViewModelTests" name="Set_SearchText_Without_Refresh" />
    </UnitTest>
    <UnitTest name="ShowRemovePlaybackFlow_BothPlaybackAndLiveRestrictionSelected_InvalidOperationException" storage="d:\actions-runner\_work\xpco\xpco\allsolutions\..\mipplugins\restrictedmedia\tst\src\bin\debug\net472\videoos.restrictedmedia.plugin.sc.unittest.dll" id="e8a259b1-ac9d-a2d9-bef1-7e5d8326aea3">
      <Execution id="651bc29b-875e-444e-afff-c616cb9f61b7" />
      <TestMethod codeBase="D:\actions-runner\_work\XPCO\XPCO\AllSolutions\..\MIPPlugins\RestrictedMedia\tst\src\bin\Debug\net472\VideoOS.RestrictedMedia.Plugin.SC.UnitTest.dll" adapterTypeName="executor://nunit3testexecutor/" className="VideoOS.RestrictedMedia.Plugin.SC.UnitTest.ViewModels.RestrictedMediaRemoveRestrictionTests" name="ShowRemovePlaybackFlow_BothPlaybackAndLiveRestrictionSelected_InvalidOperationException" />
    </UnitTest>
    <UnitTest name="RestrictedMediaCreatePlaybackViewModel_SelectedCameras_RemoveCamera" storage="d:\actions-runner\_work\xpco\xpco\allsolutions\..\mipplugins\restrictedmedia\tst\src\bin\debug\net472\videoos.restrictedmedia.plugin.sc.unittest.dll" id="0fdce449-7410-bfb4-47b0-2e8aaa00a538">
      <Execution id="d19ede3b-211f-4080-b332-2bed8a371786" />
      <TestMethod codeBase="D:\actions-runner\_work\XPCO\XPCO\AllSolutions\..\MIPPlugins\RestrictedMedia\tst\src\bin\Debug\net472\VideoOS.RestrictedMedia.Plugin.SC.UnitTest.dll" adapterTypeName="executor://nunit3testexecutor/" className="VideoOS.RestrictedMedia.Plugin.SC.UnitTest.ViewModels.RestrictedMediaCreatePlaybackViewModelTest" name="RestrictedMediaCreatePlaybackViewModel_SelectedCameras_RemoveCamera" />
    </UnitTest>
    <UnitTest name="Convert_RestrictedMediaResult_Failed_Test(Failed,Failed)" storage="d:\actions-runner\_work\xpco\xpco\allsolutions\..\mipplugins\restrictedmedia\tst\src\bin\debug\net472\videoos.restrictedmedia.plugin.sc.unittest.dll" id="738ddaf4-bfd3-90c1-a404-9a5fecfe4707">
      <Execution id="30f64d3d-6e09-4eb6-80dc-bbc7a7a49501" />
      <TestMethod codeBase="D:\actions-runner\_work\XPCO\XPCO\AllSolutions\..\MIPPlugins\RestrictedMedia\tst\src\bin\Debug\net472\VideoOS.RestrictedMedia.Plugin.SC.UnitTest.dll" adapterTypeName="executor://nunit3testexecutor/" className="VideoOS.RestrictedMedia.Plugin.SC.UnitTest.DataAccess.MapperTests" name="Convert_RestrictedMediaResult_Failed_Test(Failed,Failed)" />
    </UnitTest>
    <UnitTest name="RestrictedMediaCreatePlaybackViewModel_SelectedCameras_AddCamera" storage="d:\actions-runner\_work\xpco\xpco\allsolutions\..\mipplugins\restrictedmedia\tst\src\bin\debug\net472\videoos.restrictedmedia.plugin.sc.unittest.dll" id="1002fe5d-fdc5-b540-93ea-9d0c335805fc">
      <Execution id="f5af7319-3334-41c2-aa6d-8ab0e8f2394d" />
      <TestMethod codeBase="D:\actions-runner\_work\XPCO\XPCO\AllSolutions\..\MIPPlugins\RestrictedMedia\tst\src\bin\Debug\net472\VideoOS.RestrictedMedia.Plugin.SC.UnitTest.dll" adapterTypeName="executor://nunit3testexecutor/" className="VideoOS.RestrictedMedia.Plugin.SC.UnitTest.ViewModels.RestrictedMediaCreatePlaybackViewModelTest" name="RestrictedMediaCreatePlaybackViewModel_SelectedCameras_AddCamera" />
    </UnitTest>
    <UnitTest name="ExecuteMethod_ButtonClick_Edit_RestrictedMediaPlayback" storage="d:\actions-runner\_work\xpco\xpco\allsolutions\..\mipplugins\restrictedmedia\tst\src\bin\debug\net472\videoos.restrictedmedia.plugin.sc.unittest.dll" id="ab5b44e2-4833-fbfc-d6e0-c6c6053d8946">
      <Execution id="c0c1c33f-8154-4238-bad8-67f5d891da52" />
      <TestMethod codeBase="D:\actions-runner\_work\XPCO\XPCO\AllSolutions\..\MIPPlugins\RestrictedMedia\tst\src\bin\Debug\net472\VideoOS.RestrictedMedia.Plugin.SC.UnitTest.dll" adapterTypeName="executor://nunit3testexecutor/" className="VideoOS.RestrictedMedia.Plugin.SC.UnitTest.ViewModels.RestrictedMediaListViewModelTests" name="ExecuteMethod_ButtonClick_Edit_RestrictedMediaPlayback" />
    </UnitTest>
    <UnitTest name="ConvertPlatFormWarningDevice_To_PluginErrorDevice_Single_ErrorDevice_GetItems_Returns_Null(6,AlreadyInRestrictedLiveMode)" storage="d:\actions-runner\_work\xpco\xpco\allsolutions\..\mipplugins\restrictedmedia\tst\src\bin\debug\net472\videoos.restrictedmedia.plugin.sc.unittest.dll" id="a76a9517-5978-9240-ab27-599976e859a1">
      <Execution id="e02fd1c5-1286-4f5b-8dc6-b2692fe37e63" />
      <TestMethod codeBase="D:\actions-runner\_work\XPCO\XPCO\AllSolutions\..\MIPPlugins\RestrictedMedia\tst\src\bin\Debug\net472\VideoOS.RestrictedMedia.Plugin.SC.UnitTest.dll" adapterTypeName="executor://nunit3testexecutor/" className="VideoOS.RestrictedMedia.Plugin.SC.UnitTest.DataAccess.MapperTests" name="ConvertPlatFormWarningDevice_To_PluginErrorDevice_Single_ErrorDevice_GetItems_Returns_Null(6,AlreadyInRestrictedLiveMode)" />
    </UnitTest>
    <UnitTest name="RestrictedMediaEditPlaybackViewModel_EditStartTime_Future_Warning" storage="d:\actions-runner\_work\xpco\xpco\allsolutions\..\mipplugins\restrictedmedia\tst\src\bin\debug\net472\videoos.restrictedmedia.plugin.sc.unittest.dll" id="d257f43a-ffa4-92d5-a1da-0840bec3d442">
      <Execution id="324bd151-c54e-417a-84bc-81f72e757e51" />
      <TestMethod codeBase="D:\actions-runner\_work\XPCO\XPCO\AllSolutions\..\MIPPlugins\RestrictedMedia\tst\src\bin\Debug\net472\VideoOS.RestrictedMedia.Plugin.SC.UnitTest.dll" adapterTypeName="executor://nunit3testexecutor/" className="VideoOS.RestrictedMedia.Plugin.SC.UnitTest.ViewModels.RestrictedMediaEditLiveViewModelTest" name="RestrictedMediaEditPlaybackViewModel_EditStartTime_Future_Warning" />
    </UnitTest>
    <UnitTest name="ConvertPlatFormWarningDevice_To_ErrorDeviceModel_Single_ErrorDevice_Returned(1,None)" storage="d:\actions-runner\_work\xpco\xpco\allsolutions\..\mipplugins\restrictedmedia\tst\src\bin\debug\net472\videoos.restrictedmedia.plugin.sc.unittest.dll" id="499beb6f-b979-96b7-a7ab-a1dfcbd51715">
      <Execution id="6e83bacd-4a19-44be-842c-fd2d9eca5ec6" />
      <TestMethod codeBase="D:\actions-runner\_work\XPCO\XPCO\AllSolutions\..\MIPPlugins\RestrictedMedia\tst\src\bin\Debug\net472\VideoOS.RestrictedMedia.Plugin.SC.UnitTest.dll" adapterTypeName="executor://nunit3testexecutor/" className="VideoOS.RestrictedMedia.Plugin.SC.UnitTest.DataAccess.MapperTests" name="ConvertPlatFormWarningDevice_To_ErrorDeviceModel_Single_ErrorDevice_Returned(1,None)" />
    </UnitTest>
    <UnitTest name="RestrictedMediaCreatePlaybackViewModel_SelectCommand" storage="d:\actions-runner\_work\xpco\xpco\allsolutions\..\mipplugins\restrictedmedia\tst\src\bin\debug\net472\videoos.restrictedmedia.plugin.sc.unittest.dll" id="71b4a528-23d9-6c06-7f30-79132762dbab">
      <Execution id="60a2ebaf-c301-4aef-aaf0-b8977069c875" />
      <TestMethod codeBase="D:\actions-runner\_work\XPCO\XPCO\AllSolutions\..\MIPPlugins\RestrictedMedia\tst\src\bin\Debug\net472\VideoOS.RestrictedMedia.Plugin.SC.UnitTest.dll" adapterTypeName="executor://nunit3testexecutor/" className="VideoOS.RestrictedMedia.Plugin.SC.UnitTest.ViewModels.RestrictedMediaCreatePlaybackViewModelTest" name="RestrictedMediaCreatePlaybackViewModel_SelectCommand" />
    </UnitTest>
    <UnitTest name="GetCamerasFromWindow_WindowAndViewNoViews_EmptyResult" storage="d:\actions-runner\_work\xpco\xpco\allsolutions\..\mipplugins\restrictedmedia\tst\src\bin\debug\net472\videoos.restrictedmedia.plugin.sc.unittest.dll" id="8442049a-430a-a844-1eac-22ec8073c5e0">
      <Execution id="dfd08fe2-de2b-45f3-95ae-c76ec3e03a1a" />
      <TestMethod codeBase="D:\actions-runner\_work\XPCO\XPCO\AllSolutions\..\MIPPlugins\RestrictedMedia\tst\src\bin\Debug\net472\VideoOS.RestrictedMedia.Plugin.SC.UnitTest.dll" adapterTypeName="executor://nunit3testexecutor/" className="VideoOS.RestrictedMedia.Plugin.SC.UnitTest.DataAccess.RestrictedMediaScMipServiceTests" name="GetCamerasFromWindow_WindowAndViewNoViews_EmptyResult" />
    </UnitTest>
    <UnitTest name="RunAsync_WithEmptyTaskList_NoExceptionThrown" storage="d:\actions-runner\_work\xpco\xpco\allsolutions\..\mipplugins\restrictedmedia\tst\src\bin\debug\net472\videoos.restrictedmedia.plugin.sc.unittest.dll" id="7580e5f8-d5c2-c95c-21c4-429679e698c0">
      <Execution id="fdad17fc-ca33-45e5-bd63-1d8a1638ba46" />
      <TestMethod codeBase="D:\actions-runner\_work\XPCO\XPCO\AllSolutions\..\MIPPlugins\RestrictedMedia\tst\src\bin\Debug\net472\VideoOS.RestrictedMedia.Plugin.SC.UnitTest.dll" adapterTypeName="executor://nunit3testexecutor/" className="VideoOS.RestrictedMedia.Plugin.SC.UnitTest.ViewModels.TaskRunnerTests" name="RunAsync_WithEmptyTaskList_NoExceptionThrown" />
    </UnitTest>
    <UnitTest name="CreatedAtComboBoxModel_CustomMatchCreatedOnFromTime_RestrictionIncluded" storage="d:\actions-runner\_work\xpco\xpco\allsolutions\..\mipplugins\restrictedmedia\tst\src\bin\debug\net472\videoos.restrictedmedia.plugin.sc.unittest.dll" id="5bca024a-cad3-f245-355e-1236a2e0d2a1">
      <Execution id="f7553662-c4ba-4c11-9b99-a6b69d34e5f1" />
      <TestMethod codeBase="D:\actions-runner\_work\XPCO\XPCO\AllSolutions\..\MIPPlugins\RestrictedMedia\tst\src\bin\Debug\net472\VideoOS.RestrictedMedia.Plugin.SC.UnitTest.dll" adapterTypeName="executor://nunit3testexecutor/" className="VideoOS.RestrictedMedia.Plugin.SC.UnitTest.ViewModels.RestrictedMediaListViewModelTests" name="CreatedAtComboBoxModel_CustomMatchCreatedOnFromTime_RestrictionIncluded" />
    </UnitTest>
    <UnitTest name="ConvertPlatFormWarningDevice_To_ErrorDeviceModel_Single_ErrorDevice_Returned(6,AlreadyInRestrictedLiveMode)" storage="d:\actions-runner\_work\xpco\xpco\allsolutions\..\mipplugins\restrictedmedia\tst\src\bin\debug\net472\videoos.restrictedmedia.plugin.sc.unittest.dll" id="316c1a7a-aaa1-6128-95b7-a1c72a6f9ca7">
      <Execution id="e80f9c3f-ca17-4565-acfd-6a1e7bfc85f4" />
      <TestMethod codeBase="D:\actions-runner\_work\XPCO\XPCO\AllSolutions\..\MIPPlugins\RestrictedMedia\tst\src\bin\Debug\net472\VideoOS.RestrictedMedia.Plugin.SC.UnitTest.dll" adapterTypeName="executor://nunit3testexecutor/" className="VideoOS.RestrictedMedia.Plugin.SC.UnitTest.DataAccess.MapperTests" name="ConvertPlatFormWarningDevice_To_ErrorDeviceModel_Single_ErrorDevice_Returned(6,AlreadyInRestrictedLiveMode)" />
    </UnitTest>
    <UnitTest name="RestrictedMediaCreateLiveViewModel_FutureTimeSelected_Success" storage="d:\actions-runner\_work\xpco\xpco\allsolutions\..\mipplugins\restrictedmedia\tst\src\bin\debug\net472\videoos.restrictedmedia.plugin.sc.unittest.dll" id="1e2a6a6a-5ab5-1a85-3320-699b3f2dd23c">
      <Execution id="2420cd02-26e2-4290-9037-b0f2e3fbbf2d" />
      <TestMethod codeBase="D:\actions-runner\_work\XPCO\XPCO\AllSolutions\..\MIPPlugins\RestrictedMedia\tst\src\bin\Debug\net472\VideoOS.RestrictedMedia.Plugin.SC.UnitTest.dll" adapterTypeName="executor://nunit3testexecutor/" className="VideoOS.RestrictedMedia.Plugin.SC.UnitTest.ViewModels.RestrictedMediaCreateLiveViewModelTest" name="RestrictedMediaCreateLiveViewModel_FutureTimeSelected_Success" />
    </UnitTest>
    <UnitTest name="ExecuteMethodClose_Success_UnRegisterReceiverCalled" storage="d:\actions-runner\_work\xpco\xpco\allsolutions\..\mipplugins\restrictedmedia\tst\src\bin\debug\net472\videoos.restrictedmedia.plugin.sc.unittest.dll" id="1d96c397-343a-1a9f-12c1-9a345ea55040">
      <Execution id="6fca7591-1e9e-4f36-ba35-fb8aa904b05f" />
      <TestMethod codeBase="D:\actions-runner\_work\XPCO\XPCO\AllSolutions\..\MIPPlugins\RestrictedMedia\tst\src\bin\Debug\net472\VideoOS.RestrictedMedia.Plugin.SC.UnitTest.dll" adapterTypeName="executor://nunit3testexecutor/" className="VideoOS.RestrictedMedia.Plugin.SC.UnitTest.ViewModels.RestrictedMediaListViewModelTests" name="ExecuteMethodClose_Success_UnRegisterReceiverCalled" />
    </UnitTest>
    <UnitTest name="RestrictedMediaCreateLiveProgressViewModel_Fail" storage="d:\actions-runner\_work\xpco\xpco\allsolutions\..\mipplugins\restrictedmedia\tst\src\bin\debug\net472\videoos.restrictedmedia.plugin.sc.unittest.dll" id="ca0ae284-74b2-705a-99eb-1e807c849660">
      <Execution id="f5e51289-edee-4eb0-89a5-aea91ff3f907" />
      <TestMethod codeBase="D:\actions-runner\_work\XPCO\XPCO\AllSolutions\..\MIPPlugins\RestrictedMedia\tst\src\bin\Debug\net472\VideoOS.RestrictedMedia.Plugin.SC.UnitTest.dll" adapterTypeName="executor://nunit3testexecutor/" className="VideoOS.RestrictedMedia.Plugin.SC.UnitTest.ViewModels.Create.RestrictedMediaCreateLiveProgressViewModelTests" name="RestrictedMediaCreateLiveProgressViewModel_Fail" />
    </UnitTest>
    <UnitTest name="RestrictedMediaEditPlaybackViewModel_EditHeader_EmptyHeader_ValidationFailed" storage="d:\actions-runner\_work\xpco\xpco\allsolutions\..\mipplugins\restrictedmedia\tst\src\bin\debug\net472\videoos.restrictedmedia.plugin.sc.unittest.dll" id="a4a067f6-23e4-2ca0-4001-b687ba85a2a3">
      <Execution id="b8053cf3-b2a5-46ed-b5e1-386d66a53a09" />
      <TestMethod codeBase="D:\actions-runner\_work\XPCO\XPCO\AllSolutions\..\MIPPlugins\RestrictedMedia\tst\src\bin\Debug\net472\VideoOS.RestrictedMedia.Plugin.SC.UnitTest.dll" adapterTypeName="executor://nunit3testexecutor/" className="VideoOS.RestrictedMedia.Plugin.SC.UnitTest.ViewModels.RestrictedMediaEditPlaybackViewModelTest" name="RestrictedMediaEditPlaybackViewModel_EditHeader_EmptyHeader_ValidationFailed" />
    </UnitTest>
    <UnitTest name="ConvertPlatFormDevice_To_PluginDevice_Test" storage="d:\actions-runner\_work\xpco\xpco\allsolutions\..\mipplugins\restrictedmedia\tst\src\bin\debug\net472\videoos.restrictedmedia.plugin.sc.unittest.dll" id="3ff7b3f0-4ca7-d604-496e-e50cdc8f0413">
      <Execution id="6c2bf757-c45c-4fbe-ac04-7b7ff885ea73" />
      <TestMethod codeBase="D:\actions-runner\_work\XPCO\XPCO\AllSolutions\..\MIPPlugins\RestrictedMedia\tst\src\bin\Debug\net472\VideoOS.RestrictedMedia.Plugin.SC.UnitTest.dll" adapterTypeName="executor://nunit3testexecutor/" className="VideoOS.RestrictedMedia.Plugin.SC.UnitTest.DataAccess.MapperTests" name="ConvertPlatFormDevice_To_PluginDevice_Test" />
    </UnitTest>
    <UnitTest name="ConvertPlatFormWarningDevice_To_PluginErrorDevice_Single_ErrorDevice_GetItems_Returns_Null(2,Warning)" storage="d:\actions-runner\_work\xpco\xpco\allsolutions\..\mipplugins\restrictedmedia\tst\src\bin\debug\net472\videoos.restrictedmedia.plugin.sc.unittest.dll" id="4c490d36-a761-c20e-4b0e-2ca5916bb3d5">
      <Execution id="aa7924c1-f7c3-4caa-a06e-888ccaf330c9" />
      <TestMethod codeBase="D:\actions-runner\_work\XPCO\XPCO\AllSolutions\..\MIPPlugins\RestrictedMedia\tst\src\bin\Debug\net472\VideoOS.RestrictedMedia.Plugin.SC.UnitTest.dll" adapterTypeName="executor://nunit3testexecutor/" className="VideoOS.RestrictedMedia.Plugin.SC.UnitTest.DataAccess.MapperTests" name="ConvertPlatFormWarningDevice_To_PluginErrorDevice_Single_ErrorDevice_GetItems_Returns_Null(2,Warning)" />
    </UnitTest>
    <UnitTest name="IntervalComboBoxModel_SearchWhenUtcIsDayAfter_SearchMatchesLocalTime(&quot;Today&quot;,[&quot;Today&quot;])" storage="d:\actions-runner\_work\xpco\xpco\allsolutions\..\mipplugins\restrictedmedia\tst\src\bin\debug\net472\videoos.restrictedmedia.plugin.sc.unittest.dll" id="7ae4a1f4-94b7-7a8f-c127-3b945b721ed8">
      <Execution id="1b9379b8-ea37-4b7b-bf47-afa83c3ac36d" />
      <TestMethod codeBase="D:\actions-runner\_work\XPCO\XPCO\AllSolutions\..\MIPPlugins\RestrictedMedia\tst\src\bin\Debug\net472\VideoOS.RestrictedMedia.Plugin.SC.UnitTest.dll" adapterTypeName="executor://nunit3testexecutor/" className="VideoOS.RestrictedMedia.Plugin.SC.UnitTest.ViewModels.RestrictedMediaListViewModelTimezoneFilterTests" name="IntervalComboBoxModel_SearchWhenUtcIsDayAfter_SearchMatchesLocalTime(&quot;Today&quot;,[&quot;Today&quot;])" />
    </UnitTest>
    <UnitTest name="RestrictedMediaExitLiveProgressViewModel_Execute_Failed_DeviceError" storage="d:\actions-runner\_work\xpco\xpco\allsolutions\..\mipplugins\restrictedmedia\tst\src\bin\debug\net472\videoos.restrictedmedia.plugin.sc.unittest.dll" id="90bb051a-5d8c-e17e-a77b-7911ffa5e492">
      <Execution id="76a5b9d3-75bc-4ff3-9f57-6bd6391e50f5" />
      <TestMethod codeBase="D:\actions-runner\_work\XPCO\XPCO\AllSolutions\..\MIPPlugins\RestrictedMedia\tst\src\bin\Debug\net472\VideoOS.RestrictedMedia.Plugin.SC.UnitTest.dll" adapterTypeName="executor://nunit3testexecutor/" className="VideoOS.RestrictedMedia.Plugin.SC.UnitTest.ViewModels.Progress.RestrictedMediaExitLiveProgressViewModelTest" name="RestrictedMediaExitLiveProgressViewModel_Execute_Failed_DeviceError" />
    </UnitTest>
    <UnitTest name="RestrictedMediaListViewModel_ConstructorTests" storage="d:\actions-runner\_work\xpco\xpco\allsolutions\..\mipplugins\restrictedmedia\tst\src\bin\debug\net472\videoos.restrictedmedia.plugin.sc.unittest.dll" id="5684c83f-9fc9-6501-55bf-4ea644b8e874">
      <Execution id="b4c4983d-9299-48d4-a0e1-106e91388b9e" />
      <TestMethod codeBase="D:\actions-runner\_work\XPCO\XPCO\AllSolutions\..\MIPPlugins\RestrictedMedia\tst\src\bin\Debug\net472\VideoOS.RestrictedMedia.Plugin.SC.UnitTest.dll" adapterTypeName="executor://nunit3testexecutor/" className="VideoOS.RestrictedMedia.Plugin.SC.UnitTest.ViewModels.RestrictedMediaListViewModelTests" name="RestrictedMediaListViewModel_ConstructorTests" />
    </UnitTest>
    <UnitTest name="ConvertPlatformRestrictedMedia_To_RestrictedMediaModel_Empty_Test" storage="d:\actions-runner\_work\xpco\xpco\allsolutions\..\mipplugins\restrictedmedia\tst\src\bin\debug\net472\videoos.restrictedmedia.plugin.sc.unittest.dll" id="fca8ab95-7af3-a90d-fbfd-65aa32ba21d7">
      <Execution id="4aaed71f-0a79-4c86-a81f-cb1dc050deb6" />
      <TestMethod codeBase="D:\actions-runner\_work\XPCO\XPCO\AllSolutions\..\MIPPlugins\RestrictedMedia\tst\src\bin\Debug\net472\VideoOS.RestrictedMedia.Plugin.SC.UnitTest.dll" adapterTypeName="executor://nunit3testexecutor/" className="VideoOS.RestrictedMedia.Plugin.SC.UnitTest.DataAccess.MapperTests" name="ConvertPlatformRestrictedMedia_To_RestrictedMediaModel_Empty_Test" />
    </UnitTest>
    <UnitTest name="CreatedAtComboBoxModel_FilterSetToLastWeek_RestrictionsFromPast7Days" storage="d:\actions-runner\_work\xpco\xpco\allsolutions\..\mipplugins\restrictedmedia\tst\src\bin\debug\net472\videoos.restrictedmedia.plugin.sc.unittest.dll" id="02588b7e-7557-c720-8391-9bbd007dd3c3">
      <Execution id="d03185d1-3379-4922-ba09-561a09202bd6" />
      <TestMethod codeBase="D:\actions-runner\_work\XPCO\XPCO\AllSolutions\..\MIPPlugins\RestrictedMedia\tst\src\bin\Debug\net472\VideoOS.RestrictedMedia.Plugin.SC.UnitTest.dll" adapterTypeName="executor://nunit3testexecutor/" className="VideoOS.RestrictedMedia.Plugin.SC.UnitTest.ViewModels.RestrictedMediaListViewModelTests" name="CreatedAtComboBoxModel_FilterSetToLastWeek_RestrictionsFromPast7Days" />
    </UnitTest>
    <UnitTest name="ConvertPlatFormFaultDevice_To_PluginErrorDevice_Single_ErrorDeviceModel_GetItem_Returns_Null(5,RestrictedMediasNotSupported)" storage="d:\actions-runner\_work\xpco\xpco\allsolutions\..\mipplugins\restrictedmedia\tst\src\bin\debug\net472\videoos.restrictedmedia.plugin.sc.unittest.dll" id="02ab4a58-ad7c-065e-e2b0-6e9437fed35f">
      <Execution id="d94a16f2-9567-4af6-9cb7-5314ed7918b5" />
      <TestMethod codeBase="D:\actions-runner\_work\XPCO\XPCO\AllSolutions\..\MIPPlugins\RestrictedMedia\tst\src\bin\Debug\net472\VideoOS.RestrictedMedia.Plugin.SC.UnitTest.dll" adapterTypeName="executor://nunit3testexecutor/" className="VideoOS.RestrictedMedia.Plugin.SC.UnitTest.DataAccess.MapperTests" name="ConvertPlatFormFaultDevice_To_PluginErrorDevice_Single_ErrorDeviceModel_GetItem_Returns_Null(5,RestrictedMediasNotSupported)" />
    </UnitTest>
    <UnitTest name="ConvertPlatFormWarningDevice_To_PluginErrorDevice_Single_ErrorDevice_GetItems_Returns_Null(4,DeviceNotFound)" storage="d:\actions-runner\_work\xpco\xpco\allsolutions\..\mipplugins\restrictedmedia\tst\src\bin\debug\net472\videoos.restrictedmedia.plugin.sc.unittest.dll" id="71334d04-89b7-78cf-1a9e-6deb8a35af14">
      <Execution id="b453ae5a-c94a-450d-aa7a-1aadf007c080" />
      <TestMethod codeBase="D:\actions-runner\_work\XPCO\XPCO\AllSolutions\..\MIPPlugins\RestrictedMedia\tst\src\bin\Debug\net472\VideoOS.RestrictedMedia.Plugin.SC.UnitTest.dll" adapterTypeName="executor://nunit3testexecutor/" className="VideoOS.RestrictedMedia.Plugin.SC.UnitTest.DataAccess.MapperTests" name="ConvertPlatFormWarningDevice_To_PluginErrorDevice_Single_ErrorDevice_GetItems_Returns_Null(4,DeviceNotFound)" />
    </UnitTest>
    <UnitTest name="RestrictedMediaEditPlaybackViewModel_Command_RemoveAllCameras_Ignored" storage="d:\actions-runner\_work\xpco\xpco\allsolutions\..\mipplugins\restrictedmedia\tst\src\bin\debug\net472\videoos.restrictedmedia.plugin.sc.unittest.dll" id="a30154df-2240-f89a-e298-9ef2d83e005f">
      <Execution id="09fef8a7-c6a8-44b9-8a33-f4fbd60816e2" />
      <TestMethod codeBase="D:\actions-runner\_work\XPCO\XPCO\AllSolutions\..\MIPPlugins\RestrictedMedia\tst\src\bin\Debug\net472\VideoOS.RestrictedMedia.Plugin.SC.UnitTest.dll" adapterTypeName="executor://nunit3testexecutor/" className="VideoOS.RestrictedMedia.Plugin.SC.UnitTest.ViewModels.RestrictedMediaEditLiveViewModelTest" name="RestrictedMediaEditPlaybackViewModel_Command_RemoveAllCameras_Ignored" />
    </UnitTest>
    <UnitTest name="RestrictedMediaEditLiveProgressViewModel_ConstructorTests_Model_ArgumentNull" storage="d:\actions-runner\_work\xpco\xpco\allsolutions\..\mipplugins\restrictedmedia\tst\src\bin\debug\net472\videoos.restrictedmedia.plugin.sc.unittest.dll" id="9f33a2a8-a2a8-8270-52c5-00a9f78ad6c3">
      <Execution id="e1a56a6d-a176-4fb4-8433-570ae4d80b8b" />
      <TestMethod codeBase="D:\actions-runner\_work\XPCO\XPCO\AllSolutions\..\MIPPlugins\RestrictedMedia\tst\src\bin\Debug\net472\VideoOS.RestrictedMedia.Plugin.SC.UnitTest.dll" adapterTypeName="executor://nunit3testexecutor/" className="VideoOS.RestrictedMedia.Plugin.SC.UnitTest.ViewModels.Progress.RestrictedMediaEditLiveProgressViewModelTest" name="RestrictedMediaEditLiveProgressViewModel_ConstructorTests_Model_ArgumentNull" />
    </UnitTest>
    <UnitTest name="Set_SelectedRestrictionTypeOption_All" storage="d:\actions-runner\_work\xpco\xpco\allsolutions\..\mipplugins\restrictedmedia\tst\src\bin\debug\net472\videoos.restrictedmedia.plugin.sc.unittest.dll" id="f51c13a5-f8e5-391b-90f1-de4c51eda3fb">
      <Execution id="5e3b66db-e1df-4a77-a43f-40ce975b76c3" />
      <TestMethod codeBase="D:\actions-runner\_work\XPCO\XPCO\AllSolutions\..\MIPPlugins\RestrictedMedia\tst\src\bin\Debug\net472\VideoOS.RestrictedMedia.Plugin.SC.UnitTest.dll" adapterTypeName="executor://nunit3testexecutor/" className="VideoOS.RestrictedMedia.Plugin.SC.UnitTest.ViewModels.RestrictedMediaListViewModelTests" name="Set_SelectedRestrictionTypeOption_All" />
    </UnitTest>
    <UnitTest name="RestrictedMediaCreateProgressViewModel_Create_WithAllDevices_Success" storage="d:\actions-runner\_work\xpco\xpco\allsolutions\..\mipplugins\restrictedmedia\tst\src\bin\debug\net472\videoos.restrictedmedia.plugin.sc.unittest.dll" id="ac9a92ae-7590-9a1a-15a6-adea7c6af2b6">
      <Execution id="eac7a7f7-1115-4931-9fad-e14abce818a9" />
      <TestMethod codeBase="D:\actions-runner\_work\XPCO\XPCO\AllSolutions\..\MIPPlugins\RestrictedMedia\tst\src\bin\Debug\net472\VideoOS.RestrictedMedia.Plugin.SC.UnitTest.dll" adapterTypeName="executor://nunit3testexecutor/" className="VideoOS.RestrictedMedia.Plugin.SC.UnitTest.ViewModels.Progress.RestrictedMediaCreateProgressViewModelTest" name="RestrictedMediaCreateProgressViewModel_Create_WithAllDevices_Success" />
    </UnitTest>
    <UnitTest name="RestrictedMediaExitLiveViewModel_Command_AddCameras_Ignored" storage="d:\actions-runner\_work\xpco\xpco\allsolutions\..\mipplugins\restrictedmedia\tst\src\bin\debug\net472\videoos.restrictedmedia.plugin.sc.unittest.dll" id="9d1ac830-7cb0-6b41-b2a5-4ca016eff9b8">
      <Execution id="23615984-3cc3-4a05-9cdc-a0a04ce14f1b" />
      <TestMethod codeBase="D:\actions-runner\_work\XPCO\XPCO\AllSolutions\..\MIPPlugins\RestrictedMedia\tst\src\bin\Debug\net472\VideoOS.RestrictedMedia.Plugin.SC.UnitTest.dll" adapterTypeName="executor://nunit3testexecutor/" className="VideoOS.RestrictedMedia.Plugin.SC.UnitTest.ViewModels.RestrictedMediaExitLiveViewModelTest" name="RestrictedMediaExitLiveViewModel_Command_AddCameras_Ignored" />
    </UnitTest>
    <UnitTest name="ConvertPlatFormFaultDevice_To_ErrorDeviceModel_Single_ErrorDevice_Returned(2,Warning)" storage="d:\actions-runner\_work\xpco\xpco\allsolutions\..\mipplugins\restrictedmedia\tst\src\bin\debug\net472\videoos.restrictedmedia.plugin.sc.unittest.dll" id="bd229655-143b-1b1b-ec0b-adaf896bea6c">
      <Execution id="b7aa4050-9c24-42dc-9eac-f47e7741c85a" />
      <TestMethod codeBase="D:\actions-runner\_work\XPCO\XPCO\AllSolutions\..\MIPPlugins\RestrictedMedia\tst\src\bin\Debug\net472\VideoOS.RestrictedMedia.Plugin.SC.UnitTest.dll" adapterTypeName="executor://nunit3testexecutor/" className="VideoOS.RestrictedMedia.Plugin.SC.UnitTest.DataAccess.MapperTests" name="ConvertPlatFormFaultDevice_To_ErrorDeviceModel_Single_ErrorDevice_Returned(2,Warning)" />
    </UnitTest>
    <UnitTest name="Convert_RestrictedMediaResult_Failed_Test(Undefined,Undefined)" storage="d:\actions-runner\_work\xpco\xpco\allsolutions\..\mipplugins\restrictedmedia\tst\src\bin\debug\net472\videoos.restrictedmedia.plugin.sc.unittest.dll" id="982ddddf-5e03-63ac-224b-6a271e1f7ad6">
      <Execution id="ecb8db94-33cf-4e0c-99e0-e8280740fa0a" />
      <TestMethod codeBase="D:\actions-runner\_work\XPCO\XPCO\AllSolutions\..\MIPPlugins\RestrictedMedia\tst\src\bin\Debug\net472\VideoOS.RestrictedMedia.Plugin.SC.UnitTest.dll" adapterTypeName="executor://nunit3testexecutor/" className="VideoOS.RestrictedMedia.Plugin.SC.UnitTest.DataAccess.MapperTests" name="Convert_RestrictedMediaResult_Failed_Test(Undefined,Undefined)" />
    </UnitTest>
    <UnitTest name="RestrictedMediaEditPlaybackProgressViewModel_ConstructorTests_Model_ArgumentNull" storage="d:\actions-runner\_work\xpco\xpco\allsolutions\..\mipplugins\restrictedmedia\tst\src\bin\debug\net472\videoos.restrictedmedia.plugin.sc.unittest.dll" id="6774c332-8bf6-57cd-f544-df692b31374d">
      <Execution id="c1241b03-3e10-442b-95b8-6d495b0d2cd3" />
      <TestMethod codeBase="D:\actions-runner\_work\XPCO\XPCO\AllSolutions\..\MIPPlugins\RestrictedMedia\tst\src\bin\Debug\net472\VideoOS.RestrictedMedia.Plugin.SC.UnitTest.dll" adapterTypeName="executor://nunit3testexecutor/" className="VideoOS.RestrictedMedia.Plugin.SC.UnitTest.ViewModels.Progress.RestrictedMediaEditPlaybackProgressViewModelTest" name="RestrictedMediaEditPlaybackProgressViewModel_ConstructorTests_Model_ArgumentNull" />
    </UnitTest>
    <UnitTest name="RestrictedMediaCreatePlaybackViewModel_CreateCommand_CamerasNotSelected_ValidationFailed" storage="d:\actions-runner\_work\xpco\xpco\allsolutions\..\mipplugins\restrictedmedia\tst\src\bin\debug\net472\videoos.restrictedmedia.plugin.sc.unittest.dll" id="98f44b34-79e7-f9f8-4d31-30d25d21966e">
      <Execution id="26158dd3-7749-4274-8a8e-6ac7d4793576" />
      <TestMethod codeBase="D:\actions-runner\_work\XPCO\XPCO\AllSolutions\..\MIPPlugins\RestrictedMedia\tst\src\bin\Debug\net472\VideoOS.RestrictedMedia.Plugin.SC.UnitTest.dll" adapterTypeName="executor://nunit3testexecutor/" className="VideoOS.RestrictedMedia.Plugin.SC.UnitTest.ViewModels.RestrictedMediaCreatePlaybackViewModelTest" name="RestrictedMediaCreatePlaybackViewModel_CreateCommand_CamerasNotSelected_ValidationFailed" />
    </UnitTest>
    <UnitTest name="RestrictedMediaEditLiveProgressViewModel_ConstructorTests_Model_Success" storage="d:\actions-runner\_work\xpco\xpco\allsolutions\..\mipplugins\restrictedmedia\tst\src\bin\debug\net472\videoos.restrictedmedia.plugin.sc.unittest.dll" id="d7811ef0-be43-7f55-d00e-5fe882cc0349">
      <Execution id="0ae7c657-0e14-4a06-8c8a-ea4575da3558" />
      <TestMethod codeBase="D:\actions-runner\_work\XPCO\XPCO\AllSolutions\..\MIPPlugins\RestrictedMedia\tst\src\bin\Debug\net472\VideoOS.RestrictedMedia.Plugin.SC.UnitTest.dll" adapterTypeName="executor://nunit3testexecutor/" className="VideoOS.RestrictedMedia.Plugin.SC.UnitTest.ViewModels.Progress.RestrictedMediaEditLiveProgressViewModelTest" name="RestrictedMediaEditLiveProgressViewModel_ConstructorTests_Model_Success" />
    </UnitTest>
    <UnitTest name="SelectedIntervalOption_NewSelection_EventIsRaised" storage="d:\actions-runner\_work\xpco\xpco\allsolutions\..\mipplugins\restrictedmedia\tst\src\bin\debug\net472\videoos.restrictedmedia.plugin.sc.unittest.dll" id="d6f84574-3d38-8c00-deca-e8ef045d4035">
      <Execution id="c3e3c718-dd23-4d8f-a8d7-2be9e0051696" />
      <TestMethod codeBase="D:\actions-runner\_work\XPCO\XPCO\AllSolutions\..\MIPPlugins\RestrictedMedia\tst\src\bin\Debug\net472\VideoOS.RestrictedMedia.Plugin.SC.UnitTest.dll" adapterTypeName="executor://nunit3testexecutor/" className="VideoOS.RestrictedMedia.Plugin.SC.UnitTest.ViewModels.SelectIntervalComboBoxModelTests" name="SelectedIntervalOption_NewSelection_EventIsRaised" />
    </UnitTest>
    <UnitTest name="RestrictedMediaEditLiveProgressViewModel_Execute_MultiServer_PartialSuccess" storage="d:\actions-runner\_work\xpco\xpco\allsolutions\..\mipplugins\restrictedmedia\tst\src\bin\debug\net472\videoos.restrictedmedia.plugin.sc.unittest.dll" id="ab813323-1f2c-c44f-544b-bff76e99e7d9">
      <Execution id="6c29e940-3d77-4b3e-810c-eed82ca35aba" />
      <TestMethod codeBase="D:\actions-runner\_work\XPCO\XPCO\AllSolutions\..\MIPPlugins\RestrictedMedia\tst\src\bin\Debug\net472\VideoOS.RestrictedMedia.Plugin.SC.UnitTest.dll" adapterTypeName="executor://nunit3testexecutor/" className="VideoOS.RestrictedMedia.Plugin.SC.UnitTest.ViewModels.Progress.RestrictedMediaEditLiveProgressViewModelTest" name="RestrictedMediaEditLiveProgressViewModel_Execute_MultiServer_PartialSuccess" />
    </UnitTest>
    <UnitTest name="RestrictedMediaExitLiveViewModel_Command_Help_Success" storage="d:\actions-runner\_work\xpco\xpco\allsolutions\..\mipplugins\restrictedmedia\tst\src\bin\debug\net472\videoos.restrictedmedia.plugin.sc.unittest.dll" id="8f899a25-6c20-0c02-2ca0-f7deff3e5646">
      <Execution id="ccb028d2-d206-4d9f-8571-9174cddcb17c" />
      <TestMethod codeBase="D:\actions-runner\_work\XPCO\XPCO\AllSolutions\..\MIPPlugins\RestrictedMedia\tst\src\bin\Debug\net472\VideoOS.RestrictedMedia.Plugin.SC.UnitTest.dll" adapterTypeName="executor://nunit3testexecutor/" className="VideoOS.RestrictedMedia.Plugin.SC.UnitTest.ViewModels.RestrictedMediaExitLiveViewModelTest" name="RestrictedMediaExitLiveViewModel_Command_Help_Success" />
    </UnitTest>
    <UnitTest name="RestrictedMediaCreateProgressViewModel_Create_Success" storage="d:\actions-runner\_work\xpco\xpco\allsolutions\..\mipplugins\restrictedmedia\tst\src\bin\debug\net472\videoos.restrictedmedia.plugin.sc.unittest.dll" id="96f6519b-60d5-0ac4-af54-b3a07885e942">
      <Execution id="59d5707e-943a-488c-b16b-1faf279b9409" />
      <TestMethod codeBase="D:\actions-runner\_work\XPCO\XPCO\AllSolutions\..\MIPPlugins\RestrictedMedia\tst\src\bin\Debug\net472\VideoOS.RestrictedMedia.Plugin.SC.UnitTest.dll" adapterTypeName="executor://nunit3testexecutor/" className="VideoOS.RestrictedMedia.Plugin.SC.UnitTest.ViewModels.Progress.RestrictedMediaCreateProgressViewModelTest" name="RestrictedMediaCreateProgressViewModel_Create_Success" />
    </UnitTest>
    <UnitTest name="IntervalComboBoxModel_FilterSetToToday_ToDaysRestrictions" storage="d:\actions-runner\_work\xpco\xpco\allsolutions\..\mipplugins\restrictedmedia\tst\src\bin\debug\net472\videoos.restrictedmedia.plugin.sc.unittest.dll" id="035106d1-4b4e-3b05-abd5-43335e58fe78">
      <Execution id="6b9e4301-e678-4321-8ae2-9bbcf3e0b08b" />
      <TestMethod codeBase="D:\actions-runner\_work\XPCO\XPCO\AllSolutions\..\MIPPlugins\RestrictedMedia\tst\src\bin\Debug\net472\VideoOS.RestrictedMedia.Plugin.SC.UnitTest.dll" adapterTypeName="executor://nunit3testexecutor/" className="VideoOS.RestrictedMedia.Plugin.SC.UnitTest.ViewModels.RestrictedMediaListViewModelTests" name="IntervalComboBoxModel_FilterSetToToday_ToDaysRestrictions" />
    </UnitTest>
    <UnitTest name="RestrictedMediaExitLiveViewModel_Command_RemoveAllCameras_Ignored" storage="d:\actions-runner\_work\xpco\xpco\allsolutions\..\mipplugins\restrictedmedia\tst\src\bin\debug\net472\videoos.restrictedmedia.plugin.sc.unittest.dll" id="283fd981-e45f-9a20-0c75-8cc215238ab7">
      <Execution id="be492dc7-03a4-468d-afb1-1370754f9b33" />
      <TestMethod codeBase="D:\actions-runner\_work\XPCO\XPCO\AllSolutions\..\MIPPlugins\RestrictedMedia\tst\src\bin\Debug\net472\VideoOS.RestrictedMedia.Plugin.SC.UnitTest.dll" adapterTypeName="executor://nunit3testexecutor/" className="VideoOS.RestrictedMedia.Plugin.SC.UnitTest.ViewModels.RestrictedMediaExitLiveViewModelTest" name="RestrictedMediaExitLiveViewModel_Command_RemoveAllCameras_Ignored" />
    </UnitTest>
    <UnitTest name="ConvertPlatFormFaultDevice_To_ErrorDeviceModel_DeviceNotFoundError_Single_ErrorDevice_Returned" storage="d:\actions-runner\_work\xpco\xpco\allsolutions\..\mipplugins\restrictedmedia\tst\src\bin\debug\net472\videoos.restrictedmedia.plugin.sc.unittest.dll" id="484f23f1-eead-057a-0210-92524f263bbe">
      <Execution id="da4b1f31-d7c6-41a6-ad9f-e4ef311bc473" />
      <TestMethod codeBase="D:\actions-runner\_work\XPCO\XPCO\AllSolutions\..\MIPPlugins\RestrictedMedia\tst\src\bin\Debug\net472\VideoOS.RestrictedMedia.Plugin.SC.UnitTest.dll" adapterTypeName="executor://nunit3testexecutor/" className="VideoOS.RestrictedMedia.Plugin.SC.UnitTest.DataAccess.MapperTests" name="ConvertPlatFormFaultDevice_To_ErrorDeviceModel_DeviceNotFoundError_Single_ErrorDevice_Returned" />
    </UnitTest>
    <UnitTest name="RestrictedMediaCreateLiveViewModel_CreateCommand_ValidationSuccesss_FutureTimeSelected" storage="d:\actions-runner\_work\xpco\xpco\allsolutions\..\mipplugins\restrictedmedia\tst\src\bin\debug\net472\videoos.restrictedmedia.plugin.sc.unittest.dll" id="673c55b8-264c-6ffe-7764-980c00bffec0">
      <Execution id="857e41b8-1f96-477c-b640-2a26f1517821" />
      <TestMethod codeBase="D:\actions-runner\_work\XPCO\XPCO\AllSolutions\..\MIPPlugins\RestrictedMedia\tst\src\bin\Debug\net472\VideoOS.RestrictedMedia.Plugin.SC.UnitTest.dll" adapterTypeName="executor://nunit3testexecutor/" className="VideoOS.RestrictedMedia.Plugin.SC.UnitTest.ViewModels.RestrictedMediaCreateLiveViewModelTest" name="RestrictedMediaCreateLiveViewModel_CreateCommand_ValidationSuccesss_FutureTimeSelected" />
    </UnitTest>
    <UnitTest name="ConvertPlatFormWarningDevice_To_ErrorDeviceModel_Single_ErrorDevice_Returned(0,UnknownError)" storage="d:\actions-runner\_work\xpco\xpco\allsolutions\..\mipplugins\restrictedmedia\tst\src\bin\debug\net472\videoos.restrictedmedia.plugin.sc.unittest.dll" id="4c4fc8ef-8065-344f-c6b2-eb289a527cda">
      <Execution id="ed97a49d-f7e3-43df-91b8-8f4c9dd3bb64" />
      <TestMethod codeBase="D:\actions-runner\_work\XPCO\XPCO\AllSolutions\..\MIPPlugins\RestrictedMedia\tst\src\bin\Debug\net472\VideoOS.RestrictedMedia.Plugin.SC.UnitTest.dll" adapterTypeName="executor://nunit3testexecutor/" className="VideoOS.RestrictedMedia.Plugin.SC.UnitTest.DataAccess.MapperTests" name="ConvertPlatFormWarningDevice_To_ErrorDeviceModel_Single_ErrorDevice_Returned(0,UnknownError)" />
    </UnitTest>
    <UnitTest name="IntervalComboBoxModel_SearchWhenUtcIsDayBefore_SearchMatchesLocalTime(&quot;Today&quot;,[&quot;Today&quot;])" storage="d:\actions-runner\_work\xpco\xpco\allsolutions\..\mipplugins\restrictedmedia\tst\src\bin\debug\net472\videoos.restrictedmedia.plugin.sc.unittest.dll" id="897905b9-9c06-5ca9-9284-078dac8f195e">
      <Execution id="4e4cec0f-37c0-42f3-96eb-b7a7cd534815" />
      <TestMethod codeBase="D:\actions-runner\_work\XPCO\XPCO\AllSolutions\..\MIPPlugins\RestrictedMedia\tst\src\bin\Debug\net472\VideoOS.RestrictedMedia.Plugin.SC.UnitTest.dll" adapterTypeName="executor://nunit3testexecutor/" className="VideoOS.RestrictedMedia.Plugin.SC.UnitTest.ViewModels.RestrictedMediaListViewModelTimezoneFilterTests" name="IntervalComboBoxModel_SearchWhenUtcIsDayBefore_SearchMatchesLocalTime(&quot;Today&quot;,[&quot;Today&quot;])" />
    </UnitTest>
    <UnitTest name="ConvertPlatFormWarningDevice_To_PluginErrorDevice_ErrorDeviceArray_Returned(4,DeviceNotFound)" storage="d:\actions-runner\_work\xpco\xpco\allsolutions\..\mipplugins\restrictedmedia\tst\src\bin\debug\net472\videoos.restrictedmedia.plugin.sc.unittest.dll" id="391edcc3-034a-2f23-8b03-4a43192cc981">
      <Execution id="a848281e-d0d7-4e74-b985-b0ea98c97aab" />
      <TestMethod codeBase="D:\actions-runner\_work\XPCO\XPCO\AllSolutions\..\MIPPlugins\RestrictedMedia\tst\src\bin\Debug\net472\VideoOS.RestrictedMedia.Plugin.SC.UnitTest.dll" adapterTypeName="executor://nunit3testexecutor/" className="VideoOS.RestrictedMedia.Plugin.SC.UnitTest.DataAccess.MapperTests" name="ConvertPlatFormWarningDevice_To_PluginErrorDevice_ErrorDeviceArray_Returned(4,DeviceNotFound)" />
    </UnitTest>
    <UnitTest name="ConvertPlatFormFaultDevice_To_ErrorDeviceModel_Array_Returned(7,NotInRestrictedLiveMode)" storage="d:\actions-runner\_work\xpco\xpco\allsolutions\..\mipplugins\restrictedmedia\tst\src\bin\debug\net472\videoos.restrictedmedia.plugin.sc.unittest.dll" id="71a2c4bb-53ea-1a3d-5454-67c86dd74f56">
      <Execution id="e8a4d1ac-c1cd-490f-b789-16ece5a8157f" />
      <TestMethod codeBase="D:\actions-runner\_work\XPCO\XPCO\AllSolutions\..\MIPPlugins\RestrictedMedia\tst\src\bin\Debug\net472\VideoOS.RestrictedMedia.Plugin.SC.UnitTest.dll" adapterTypeName="executor://nunit3testexecutor/" className="VideoOS.RestrictedMedia.Plugin.SC.UnitTest.DataAccess.MapperTests" name="ConvertPlatFormFaultDevice_To_ErrorDeviceModel_Array_Returned(7,NotInRestrictedLiveMode)" />
    </UnitTest>
    <UnitTest name="Convert_RestrictedMediaResult_Failed_Test(FeatureNotLicensed,FeatureNotLicensed)" storage="d:\actions-runner\_work\xpco\xpco\allsolutions\..\mipplugins\restrictedmedia\tst\src\bin\debug\net472\videoos.restrictedmedia.plugin.sc.unittest.dll" id="f61a8181-c867-1fbd-c8e7-b0581d33b6fc">
      <Execution id="5754de8a-f8ad-44e0-9be7-31e0442c833c" />
      <TestMethod codeBase="D:\actions-runner\_work\XPCO\XPCO\AllSolutions\..\MIPPlugins\RestrictedMedia\tst\src\bin\Debug\net472\VideoOS.RestrictedMedia.Plugin.SC.UnitTest.dll" adapterTypeName="executor://nunit3testexecutor/" className="VideoOS.RestrictedMedia.Plugin.SC.UnitTest.DataAccess.MapperTests" name="Convert_RestrictedMediaResult_Failed_Test(FeatureNotLicensed,FeatureNotLicensed)" />
    </UnitTest>
    <UnitTest name="RestrictedMediaEditLiveViewModel_ConstructorTests_UILauncherService_ArgumentNull" storage="d:\actions-runner\_work\xpco\xpco\allsolutions\..\mipplugins\restrictedmedia\tst\src\bin\debug\net472\videoos.restrictedmedia.plugin.sc.unittest.dll" id="276c8ccc-e18f-b9de-0ebc-62b075b2ebc5">
      <Execution id="5e9e389a-4824-448f-b572-11aeaffb1ae8" />
      <TestMethod codeBase="D:\actions-runner\_work\XPCO\XPCO\AllSolutions\..\MIPPlugins\RestrictedMedia\tst\src\bin\Debug\net472\VideoOS.RestrictedMedia.Plugin.SC.UnitTest.dll" adapterTypeName="executor://nunit3testexecutor/" className="VideoOS.RestrictedMedia.Plugin.SC.UnitTest.ViewModels.RestrictedMediaEditLiveViewModelTest" name="RestrictedMediaEditLiveViewModel_ConstructorTests_UILauncherService_ArgumentNull" />
    </UnitTest>
    <UnitTest name="RestrictedMediaProgressViewModel_Progress_ProgressIsUpdatedPerTask_Success" storage="d:\actions-runner\_work\xpco\xpco\allsolutions\..\mipplugins\restrictedmedia\tst\src\bin\debug\net472\videoos.restrictedmedia.plugin.sc.unittest.dll" id="ab04340f-7d5c-cf38-1e0a-a3851d926ca9">
      <Execution id="b830d680-1500-4b5f-97bf-1ee1f05286c0" />
      <TestMethod codeBase="D:\actions-runner\_work\XPCO\XPCO\AllSolutions\..\MIPPlugins\RestrictedMedia\tst\src\bin\Debug\net472\VideoOS.RestrictedMedia.Plugin.SC.UnitTest.dll" adapterTypeName="executor://nunit3testexecutor/" className="VideoOS.RestrictedMedia.Plugin.SC.UnitTest.ViewModels.Progress.RestrictedMediaProgressViewModelTest" name="RestrictedMediaProgressViewModel_Progress_ProgressIsUpdatedPerTask_Success" />
    </UnitTest>
    <UnitTest name="RestrictedMediaEditLiveViewModel_Command_Help_Success" storage="d:\actions-runner\_work\xpco\xpco\allsolutions\..\mipplugins\restrictedmedia\tst\src\bin\debug\net472\videoos.restrictedmedia.plugin.sc.unittest.dll" id="12f02d0e-30ad-738a-4264-ae4b799fa6fa">
      <Execution id="97e4c191-f9b2-4d9a-a4c9-c8cda25a6edf" />
      <TestMethod codeBase="D:\actions-runner\_work\XPCO\XPCO\AllSolutions\..\MIPPlugins\RestrictedMedia\tst\src\bin\Debug\net472\VideoOS.RestrictedMedia.Plugin.SC.UnitTest.dll" adapterTypeName="executor://nunit3testexecutor/" className="VideoOS.RestrictedMedia.Plugin.SC.UnitTest.ViewModels.RestrictedMediaEditLiveViewModelTest" name="RestrictedMediaEditLiveViewModel_Command_Help_Success" />
    </UnitTest>
    <UnitTest name="IntervalComboBoxModel_CustomMatchStartOnToTime_RestrictionNotIncluded" storage="d:\actions-runner\_work\xpco\xpco\allsolutions\..\mipplugins\restrictedmedia\tst\src\bin\debug\net472\videoos.restrictedmedia.plugin.sc.unittest.dll" id="b034be6b-6f7a-829c-3bd2-01289d08479f">
      <Execution id="0d553563-146e-4f62-8be3-612f2e7985a9" />
      <TestMethod codeBase="D:\actions-runner\_work\XPCO\XPCO\AllSolutions\..\MIPPlugins\RestrictedMedia\tst\src\bin\Debug\net472\VideoOS.RestrictedMedia.Plugin.SC.UnitTest.dll" adapterTypeName="executor://nunit3testexecutor/" className="VideoOS.RestrictedMedia.Plugin.SC.UnitTest.ViewModels.RestrictedMediaListViewModelTests" name="IntervalComboBoxModel_CustomMatchStartOnToTime_RestrictionNotIncluded" />
    </UnitTest>
    <UnitTest name="ConvertPlatFormFaultDevice_To_PluginErrorDevice_Single_ErrorDeviceModel_GetItem_Returns_Null(7,NotInRestrictedLiveMode)" storage="d:\actions-runner\_work\xpco\xpco\allsolutions\..\mipplugins\restrictedmedia\tst\src\bin\debug\net472\videoos.restrictedmedia.plugin.sc.unittest.dll" id="e3f65af1-d63b-5627-ed97-5cac8df329e6">
      <Execution id="487fac94-080b-4763-bd4c-9ba4e55497b4" />
      <TestMethod codeBase="D:\actions-runner\_work\XPCO\XPCO\AllSolutions\..\MIPPlugins\RestrictedMedia\tst\src\bin\Debug\net472\VideoOS.RestrictedMedia.Plugin.SC.UnitTest.dll" adapterTypeName="executor://nunit3testexecutor/" className="VideoOS.RestrictedMedia.Plugin.SC.UnitTest.DataAccess.MapperTests" name="ConvertPlatFormFaultDevice_To_PluginErrorDevice_Single_ErrorDeviceModel_GetItem_Returns_Null(7,NotInRestrictedLiveMode)" />
    </UnitTest>
    <UnitTest name="CreatedAtComboBoxModel_SearchWhenUtcIsDayAfter_SearchMatchesLocalTime(&quot;Today&quot;,[&quot;Today&quot;])" storage="d:\actions-runner\_work\xpco\xpco\allsolutions\..\mipplugins\restrictedmedia\tst\src\bin\debug\net472\videoos.restrictedmedia.plugin.sc.unittest.dll" id="a12b0256-71d2-da10-f3cd-a6a5fd6db093">
      <Execution id="8979d9d4-6e58-44b7-9c2a-ac8cf32b1ee4" />
      <TestMethod codeBase="D:\actions-runner\_work\XPCO\XPCO\AllSolutions\..\MIPPlugins\RestrictedMedia\tst\src\bin\Debug\net472\VideoOS.RestrictedMedia.Plugin.SC.UnitTest.dll" adapterTypeName="executor://nunit3testexecutor/" className="VideoOS.RestrictedMedia.Plugin.SC.UnitTest.ViewModels.RestrictedMediaListViewModelTimezoneFilterTests" name="CreatedAtComboBoxModel_SearchWhenUtcIsDayAfter_SearchMatchesLocalTime(&quot;Today&quot;,[&quot;Today&quot;])" />
    </UnitTest>
    <UnitTest name="ExecuteMethod_ButtonClick_Remove_RestrictedMediaPlayback" storage="d:\actions-runner\_work\xpco\xpco\allsolutions\..\mipplugins\restrictedmedia\tst\src\bin\debug\net472\videoos.restrictedmedia.plugin.sc.unittest.dll" id="c0068267-b431-6503-65ac-a798fd442fea">
      <Execution id="961aecf5-f4a7-4556-88f4-3ced59c88d10" />
      <TestMethod codeBase="D:\actions-runner\_work\XPCO\XPCO\AllSolutions\..\MIPPlugins\RestrictedMedia\tst\src\bin\Debug\net472\VideoOS.RestrictedMedia.Plugin.SC.UnitTest.dll" adapterTypeName="executor://nunit3testexecutor/" className="VideoOS.RestrictedMedia.Plugin.SC.UnitTest.ViewModels.RestrictedMediaListViewModelTests" name="ExecuteMethod_ButtonClick_Remove_RestrictedMediaPlayback" />
    </UnitTest>
    <UnitTest name="ExecuteMethod_Refresh_Success_Devices_SingleDevice" storage="d:\actions-runner\_work\xpco\xpco\allsolutions\..\mipplugins\restrictedmedia\tst\src\bin\debug\net472\videoos.restrictedmedia.plugin.sc.unittest.dll" id="6d6a1901-e881-7b27-60cf-fede6f2789f0">
      <Execution id="3fb61800-72d4-4b73-9584-87a39a606f48" />
      <TestMethod codeBase="D:\actions-runner\_work\XPCO\XPCO\AllSolutions\..\MIPPlugins\RestrictedMedia\tst\src\bin\Debug\net472\VideoOS.RestrictedMedia.Plugin.SC.UnitTest.dll" adapterTypeName="executor://nunit3testexecutor/" className="VideoOS.RestrictedMedia.Plugin.SC.UnitTest.ViewModels.RestrictedMediaListViewModelTests" name="ExecuteMethod_Refresh_Success_Devices_SingleDevice" />
    </UnitTest>
    <UnitTest name="ExecuteMethodView_ViewLimitNotReached_ShowViewLimitReachedWarningMessageNotCalled" storage="d:\actions-runner\_work\xpco\xpco\allsolutions\..\mipplugins\restrictedmedia\tst\src\bin\debug\net472\videoos.restrictedmedia.plugin.sc.unittest.dll" id="24763f3a-7b3d-281e-6b50-9876bb6d6b14">
      <Execution id="50a01053-fb96-4564-a747-d285fdfce274" />
      <TestMethod codeBase="D:\actions-runner\_work\XPCO\XPCO\AllSolutions\..\MIPPlugins\RestrictedMedia\tst\src\bin\Debug\net472\VideoOS.RestrictedMedia.Plugin.SC.UnitTest.dll" adapterTypeName="executor://nunit3testexecutor/" className="VideoOS.RestrictedMedia.Plugin.SC.UnitTest.ViewModels.RestrictedMediaListViewModelTests" name="ExecuteMethodView_ViewLimitNotReached_ShowViewLimitReachedWarningMessageNotCalled" />
    </UnitTest>
    <UnitTest name="ExecuteMethod_Refresh_PartialSuccess_RestrictedMediaScMipServiceException_Live" storage="d:\actions-runner\_work\xpco\xpco\allsolutions\..\mipplugins\restrictedmedia\tst\src\bin\debug\net472\videoos.restrictedmedia.plugin.sc.unittest.dll" id="41d1790a-7cc4-e1ea-ac0d-db0729346a2b">
      <Execution id="446c5c53-8bc1-406c-a617-fcd5c3b6fe6e" />
      <TestMethod codeBase="D:\actions-runner\_work\XPCO\XPCO\AllSolutions\..\MIPPlugins\RestrictedMedia\tst\src\bin\Debug\net472\VideoOS.RestrictedMedia.Plugin.SC.UnitTest.dll" adapterTypeName="executor://nunit3testexecutor/" className="VideoOS.RestrictedMedia.Plugin.SC.UnitTest.ViewModels.RestrictedMediaListViewModelTests" name="ExecuteMethod_Refresh_PartialSuccess_RestrictedMediaScMipServiceException_Live" />
    </UnitTest>
    <UnitTest name="ConvertPlatFormFaultDevice_To_ErrorDeviceModel_Single_ErrorDevice_Returned(4,DeviceNotFound)" storage="d:\actions-runner\_work\xpco\xpco\allsolutions\..\mipplugins\restrictedmedia\tst\src\bin\debug\net472\videoos.restrictedmedia.plugin.sc.unittest.dll" id="d30b9a17-eb44-be02-21c7-990bd4fdf1af">
      <Execution id="5fb16f18-317a-4c87-9461-b102cec9b156" />
      <TestMethod codeBase="D:\actions-runner\_work\XPCO\XPCO\AllSolutions\..\MIPPlugins\RestrictedMedia\tst\src\bin\Debug\net472\VideoOS.RestrictedMedia.Plugin.SC.UnitTest.dll" adapterTypeName="executor://nunit3testexecutor/" className="VideoOS.RestrictedMedia.Plugin.SC.UnitTest.DataAccess.MapperTests" name="ConvertPlatFormFaultDevice_To_ErrorDeviceModel_Single_ErrorDevice_Returned(4,DeviceNotFound)" />
    </UnitTest>
    <UnitTest name="IntervalComboBoxModel_CustomMatchStartOnFromTime_RestrictionIncluded" storage="d:\actions-runner\_work\xpco\xpco\allsolutions\..\mipplugins\restrictedmedia\tst\src\bin\debug\net472\videoos.restrictedmedia.plugin.sc.unittest.dll" id="9a5e88d0-acb8-77b1-acb7-fc2b3db675fe">
      <Execution id="51142420-0b1c-431c-9a4a-55f5a9895372" />
      <TestMethod codeBase="D:\actions-runner\_work\XPCO\XPCO\AllSolutions\..\MIPPlugins\RestrictedMedia\tst\src\bin\Debug\net472\VideoOS.RestrictedMedia.Plugin.SC.UnitTest.dll" adapterTypeName="executor://nunit3testexecutor/" className="VideoOS.RestrictedMedia.Plugin.SC.UnitTest.ViewModels.RestrictedMediaListViewModelTests" name="IntervalComboBoxModel_CustomMatchStartOnFromTime_RestrictionIncluded" />
    </UnitTest>
    <UnitTest name="ExecuteMethod_Refresh_Success_SelectedRestrictionTypeOption_Live" storage="d:\actions-runner\_work\xpco\xpco\allsolutions\..\mipplugins\restrictedmedia\tst\src\bin\debug\net472\videoos.restrictedmedia.plugin.sc.unittest.dll" id="b7894708-c5fd-1c4b-046b-3230351e39fa">
      <Execution id="655e5399-69c6-439d-ac0d-74677d97444c" />
      <TestMethod codeBase="D:\actions-runner\_work\XPCO\XPCO\AllSolutions\..\MIPPlugins\RestrictedMedia\tst\src\bin\Debug\net472\VideoOS.RestrictedMedia.Plugin.SC.UnitTest.dll" adapterTypeName="executor://nunit3testexecutor/" className="VideoOS.RestrictedMedia.Plugin.SC.UnitTest.ViewModels.RestrictedMediaListViewModelTests" name="ExecuteMethod_Refresh_Success_SelectedRestrictionTypeOption_Live" />
    </UnitTest>
    <UnitTest name="Convert_RestrictedMediaResult_Success_Test" storage="d:\actions-runner\_work\xpco\xpco\allsolutions\..\mipplugins\restrictedmedia\tst\src\bin\debug\net472\videoos.restrictedmedia.plugin.sc.unittest.dll" id="01b8cfbb-0653-35eb-747c-8b7126b7196a">
      <Execution id="8b1faf36-ca6a-4025-834c-e1c376f77b7f" />
      <TestMethod codeBase="D:\actions-runner\_work\XPCO\XPCO\AllSolutions\..\MIPPlugins\RestrictedMedia\tst\src\bin\Debug\net472\VideoOS.RestrictedMedia.Plugin.SC.UnitTest.dll" adapterTypeName="executor://nunit3testexecutor/" className="VideoOS.RestrictedMedia.Plugin.SC.UnitTest.DataAccess.MapperTests" name="Convert_RestrictedMediaResult_Success_Test" />
    </UnitTest>
    <UnitTest name="RestrictedMediaEditLiveViewModel_DoActionCommand_LaunchFlow_Successs" storage="d:\actions-runner\_work\xpco\xpco\allsolutions\..\mipplugins\restrictedmedia\tst\src\bin\debug\net472\videoos.restrictedmedia.plugin.sc.unittest.dll" id="b6272aea-a7e3-2be6-702b-7cbdb87c815f">
      <Execution id="53c40350-05dd-44c0-a455-b2ab992010cf" />
      <TestMethod codeBase="D:\actions-runner\_work\XPCO\XPCO\AllSolutions\..\MIPPlugins\RestrictedMedia\tst\src\bin\Debug\net472\VideoOS.RestrictedMedia.Plugin.SC.UnitTest.dll" adapterTypeName="executor://nunit3testexecutor/" className="VideoOS.RestrictedMedia.Plugin.SC.UnitTest.ViewModels.RestrictedMediaEditLiveViewModelTest" name="RestrictedMediaEditLiveViewModel_DoActionCommand_LaunchFlow_Successs" />
    </UnitTest>
    <UnitTest name="RestrictedMediaExitLiveProgressViewModel_ConstructorTests_Model_ArgumentNull" storage="d:\actions-runner\_work\xpco\xpco\allsolutions\..\mipplugins\restrictedmedia\tst\src\bin\debug\net472\videoos.restrictedmedia.plugin.sc.unittest.dll" id="8b1a83ce-a8fc-b2f2-5a6a-000648feea1e">
      <Execution id="dab95f3b-2302-4ac7-86fc-3cc3224e9c63" />
      <TestMethod codeBase="D:\actions-runner\_work\XPCO\XPCO\AllSolutions\..\MIPPlugins\RestrictedMedia\tst\src\bin\Debug\net472\VideoOS.RestrictedMedia.Plugin.SC.UnitTest.dll" adapterTypeName="executor://nunit3testexecutor/" className="VideoOS.RestrictedMedia.Plugin.SC.UnitTest.ViewModels.Progress.RestrictedMediaExitLiveProgressViewModelTest" name="RestrictedMediaExitLiveProgressViewModel_ConstructorTests_Model_ArgumentNull" />
    </UnitTest>
    <UnitTest name="Execute_OneRestrictedMedia_OneServerCall" storage="d:\actions-runner\_work\xpco\xpco\allsolutions\..\mipplugins\restrictedmedia\tst\src\bin\debug\net472\videoos.restrictedmedia.plugin.sc.unittest.dll" id="bd2347ec-f5d7-b535-8604-867c18909019">
      <Execution id="3e74e1a4-3258-402d-93d1-e92f176b4790" />
      <TestMethod codeBase="D:\actions-runner\_work\XPCO\XPCO\AllSolutions\..\MIPPlugins\RestrictedMedia\tst\src\bin\Debug\net472\VideoOS.RestrictedMedia.Plugin.SC.UnitTest.dll" adapterTypeName="executor://nunit3testexecutor/" className="VideoOS.RestrictedMedia.Plugin.SC.UnitTest.ViewModels.Progress.RestrictedMediaRemoveLiveProgressViewModelTest" name="Execute_OneRestrictedMedia_OneServerCall" />
    </UnitTest>
    <UnitTest name="ConvertPlatFormWarningDevice_To_PluginErrorDevice_ErrorDeviceArray_Returned(3,Unauthorized)" storage="d:\actions-runner\_work\xpco\xpco\allsolutions\..\mipplugins\restrictedmedia\tst\src\bin\debug\net472\videoos.restrictedmedia.plugin.sc.unittest.dll" id="0a36bcb1-3f97-d822-c297-699fccf72092">
      <Execution id="3503fdaa-7907-4279-b9c3-3d166b53f8d3" />
      <TestMethod codeBase="D:\actions-runner\_work\XPCO\XPCO\AllSolutions\..\MIPPlugins\RestrictedMedia\tst\src\bin\Debug\net472\VideoOS.RestrictedMedia.Plugin.SC.UnitTest.dll" adapterTypeName="executor://nunit3testexecutor/" className="VideoOS.RestrictedMedia.Plugin.SC.UnitTest.DataAccess.MapperTests" name="ConvertPlatFormWarningDevice_To_PluginErrorDevice_ErrorDeviceArray_Returned(3,Unauthorized)" />
    </UnitTest>
    <UnitTest name="SetEffectiveInterval_TextLongerThanMaxFilter_TextTruncated(&quot;2023-10-10T22:12:35.0000000Z&quot;,&quot;2023-10-11T22:12:35.0000000Z&quot;,&quot;da-DK&quot;)" storage="d:\actions-runner\_work\xpco\xpco\allsolutions\..\mipplugins\restrictedmedia\tst\src\bin\debug\net472\videoos.restrictedmedia.plugin.sc.unittest.dll" id="06b58cd0-6c15-399c-700f-2814aca242b7">
      <Execution id="9ce00bb8-783d-458a-ab5d-5c1d8bcde842" />
      <TestMethod codeBase="D:\actions-runner\_work\XPCO\XPCO\AllSolutions\..\MIPPlugins\RestrictedMedia\tst\src\bin\Debug\net472\VideoOS.RestrictedMedia.Plugin.SC.UnitTest.dll" adapterTypeName="executor://nunit3testexecutor/" className="VideoOS.RestrictedMedia.Plugin.SC.UnitTest.ViewModels.SelectIntervalComboBoxModelTests" name="SetEffectiveInterval_TextLongerThanMaxFilter_TextTruncated(&quot;2023-10-10T22:12:35.0000000Z&quot;,&quot;2023-10-11T22:12:35.0000000Z&quot;,&quot;da-DK&quot;)" />
    </UnitTest>
    <UnitTest name="ConvertPlatFormFaultDevice_To_ErrorDeviceModel_Single_ErrorDevice_Returned(0,UnknownError)" storage="d:\actions-runner\_work\xpco\xpco\allsolutions\..\mipplugins\restrictedmedia\tst\src\bin\debug\net472\videoos.restrictedmedia.plugin.sc.unittest.dll" id="19233934-abd8-3a91-20ec-8941bec8dc02">
      <Execution id="e9b16da0-7ece-4f1c-9dac-e629c58d754a" />
      <TestMethod codeBase="D:\actions-runner\_work\XPCO\XPCO\AllSolutions\..\MIPPlugins\RestrictedMedia\tst\src\bin\Debug\net472\VideoOS.RestrictedMedia.Plugin.SC.UnitTest.dll" adapterTypeName="executor://nunit3testexecutor/" className="VideoOS.RestrictedMedia.Plugin.SC.UnitTest.DataAccess.MapperTests" name="ConvertPlatFormFaultDevice_To_ErrorDeviceModel_Single_ErrorDevice_Returned(0,UnknownError)" />
    </UnitTest>
    <UnitTest name="GetManagementServerGuidFromDeviceFqId_Test_Failure" storage="d:\actions-runner\_work\xpco\xpco\allsolutions\..\mipplugins\restrictedmedia\tst\src\bin\debug\net472\videoos.restrictedmedia.plugin.sc.unittest.dll" id="5a5b7ff3-c747-935b-9bdd-eabb3cbec336">
      <Execution id="0c2b8fb0-8e0d-4af2-bf35-5829f6726ec0" />
      <TestMethod codeBase="D:\actions-runner\_work\XPCO\XPCO\AllSolutions\..\MIPPlugins\RestrictedMedia\tst\src\bin\Debug\net472\VideoOS.RestrictedMedia.Plugin.SC.UnitTest.dll" adapterTypeName="executor://nunit3testexecutor/" className="VideoOS.RestrictedMedia.Plugin.SC.UnitTest.DataAccess.MapperTests" name="GetManagementServerGuidFromDeviceFqId_Test_Failure" />
    </UnitTest>
    <UnitTest name="RestrictedMediaExitLiveProgressViewModel_ConstructorTests_Model_Success" storage="d:\actions-runner\_work\xpco\xpco\allsolutions\..\mipplugins\restrictedmedia\tst\src\bin\debug\net472\videoos.restrictedmedia.plugin.sc.unittest.dll" id="f9a06835-2b14-abfc-a65b-94f4964fa4f9">
      <Execution id="dff9ba6f-d3c3-427e-ad0f-36152a6bfbd8" />
      <TestMethod codeBase="D:\actions-runner\_work\XPCO\XPCO\AllSolutions\..\MIPPlugins\RestrictedMedia\tst\src\bin\Debug\net472\VideoOS.RestrictedMedia.Plugin.SC.UnitTest.dll" adapterTypeName="executor://nunit3testexecutor/" className="VideoOS.RestrictedMedia.Plugin.SC.UnitTest.ViewModels.Progress.RestrictedMediaExitLiveProgressViewModelTest" name="RestrictedMediaExitLiveProgressViewModel_ConstructorTests_Model_Success" />
    </UnitTest>
    <UnitTest name="RestrictedMediaEditPlaybackViewModel_EditHeader_Empty_Ignored" storage="d:\actions-runner\_work\xpco\xpco\allsolutions\..\mipplugins\restrictedmedia\tst\src\bin\debug\net472\videoos.restrictedmedia.plugin.sc.unittest.dll" id="5cd834f0-29d2-4f9c-2bff-18238675d87b">
      <Execution id="67f428df-e39d-4706-ba45-fc3ac046674e" />
      <TestMethod codeBase="D:\actions-runner\_work\XPCO\XPCO\AllSolutions\..\MIPPlugins\RestrictedMedia\tst\src\bin\Debug\net472\VideoOS.RestrictedMedia.Plugin.SC.UnitTest.dll" adapterTypeName="executor://nunit3testexecutor/" className="VideoOS.RestrictedMedia.Plugin.SC.UnitTest.ViewModels.RestrictedMediaEditLiveViewModelTest" name="RestrictedMediaEditPlaybackViewModel_EditHeader_Empty_Ignored" />
    </UnitTest>
    <UnitTest name="SetEffectiveInterval_NotCustomInterval_DisplayName" storage="d:\actions-runner\_work\xpco\xpco\allsolutions\..\mipplugins\restrictedmedia\tst\src\bin\debug\net472\videoos.restrictedmedia.plugin.sc.unittest.dll" id="bce9cd4b-9ac5-326f-962f-64987637a19f">
      <Execution id="7fb6c50f-3136-4e1d-9a74-1379c16a371b" />
      <TestMethod codeBase="D:\actions-runner\_work\XPCO\XPCO\AllSolutions\..\MIPPlugins\RestrictedMedia\tst\src\bin\Debug\net472\VideoOS.RestrictedMedia.Plugin.SC.UnitTest.dll" adapterTypeName="executor://nunit3testexecutor/" className="VideoOS.RestrictedMedia.Plugin.SC.UnitTest.ViewModels.SelectIntervalComboBoxModelTests" name="SetEffectiveInterval_NotCustomInterval_DisplayName" />
    </UnitTest>
    <UnitTest name="ShowRemovePlaybackFlow_NotOnePlaybackRestrictionSelected_InvalidOperationException(0)" storage="d:\actions-runner\_work\xpco\xpco\allsolutions\..\mipplugins\restrictedmedia\tst\src\bin\debug\net472\videoos.restrictedmedia.plugin.sc.unittest.dll" id="df2bfdb4-c7aa-203d-4453-5b5845c82589">
      <Execution id="7111dcb8-3e9b-4055-b07f-97ab764dc1be" />
      <TestMethod codeBase="D:\actions-runner\_work\XPCO\XPCO\AllSolutions\..\MIPPlugins\RestrictedMedia\tst\src\bin\Debug\net472\VideoOS.RestrictedMedia.Plugin.SC.UnitTest.dll" adapterTypeName="executor://nunit3testexecutor/" className="VideoOS.RestrictedMedia.Plugin.SC.UnitTest.ViewModels.RestrictedMediaRemoveRestrictionTests" name="ShowRemovePlaybackFlow_NotOnePlaybackRestrictionSelected_InvalidOperationException(0)" />
    </UnitTest>
    <UnitTest name="RestrictedMediaCreateLiveViewModel_CreateCommand_ValidationSuccesss" storage="d:\actions-runner\_work\xpco\xpco\allsolutions\..\mipplugins\restrictedmedia\tst\src\bin\debug\net472\videoos.restrictedmedia.plugin.sc.unittest.dll" id="70ecc806-c37b-0ece-f5ea-d0b7a78d1ef4">
      <Execution id="2e2ed91c-5889-4252-90a8-c8e6cae69b1e" />
      <TestMethod codeBase="D:\actions-runner\_work\XPCO\XPCO\AllSolutions\..\MIPPlugins\RestrictedMedia\tst\src\bin\Debug\net472\VideoOS.RestrictedMedia.Plugin.SC.UnitTest.dll" adapterTypeName="executor://nunit3testexecutor/" className="VideoOS.RestrictedMedia.Plugin.SC.UnitTest.ViewModels.RestrictedMediaCreateLiveViewModelTest" name="RestrictedMediaCreateLiveViewModel_CreateCommand_ValidationSuccesss" />
    </UnitTest>
    <UnitTest name="ActionButtonsEnabled_When_MoreThanOne_Playback_Selected" storage="d:\actions-runner\_work\xpco\xpco\allsolutions\..\mipplugins\restrictedmedia\tst\src\bin\debug\net472\videoos.restrictedmedia.plugin.sc.unittest.dll" id="50490934-a40c-3c28-332d-fb99584ace0b">
      <Execution id="8a2ab930-35ac-4df8-a275-a06cb4228238" />
      <TestMethod codeBase="D:\actions-runner\_work\XPCO\XPCO\AllSolutions\..\MIPPlugins\RestrictedMedia\tst\src\bin\Debug\net472\VideoOS.RestrictedMedia.Plugin.SC.UnitTest.dll" adapterTypeName="executor://nunit3testexecutor/" className="VideoOS.RestrictedMedia.Plugin.SC.UnitTest.ViewModels.RestrictedMediaListViewModelTests" name="ActionButtonsEnabled_When_MoreThanOne_Playback_Selected" />
    </UnitTest>
    <UnitTest name="Execute_NoDevices_NoServerCalls" storage="d:\actions-runner\_work\xpco\xpco\allsolutions\..\mipplugins\restrictedmedia\tst\src\bin\debug\net472\videoos.restrictedmedia.plugin.sc.unittest.dll" id="ea28b7d6-ac5c-85dd-6095-3c4983d44a2e">
      <Execution id="d838fdf9-88cd-4409-855c-d2a00b2e7d64" />
      <TestMethod codeBase="D:\actions-runner\_work\XPCO\XPCO\AllSolutions\..\MIPPlugins\RestrictedMedia\tst\src\bin\Debug\net472\VideoOS.RestrictedMedia.Plugin.SC.UnitTest.dll" adapterTypeName="executor://nunit3testexecutor/" className="VideoOS.RestrictedMedia.Plugin.SC.UnitTest.ViewModels.Progress.RestrictedMediaRemoveLiveProgressViewModelTest" name="Execute_NoDevices_NoServerCalls" />
    </UnitTest>
    <UnitTest name="ConvertPlatFormFaultDevice_To_ErrorDeviceModel_Single_ErrorDevice_Returned(7,NotInRestrictedLiveMode)" storage="d:\actions-runner\_work\xpco\xpco\allsolutions\..\mipplugins\restrictedmedia\tst\src\bin\debug\net472\videoos.restrictedmedia.plugin.sc.unittest.dll" id="8e667f7d-2264-ebaa-b986-22193a086f45">
      <Execution id="c53bb897-35b6-4bc0-b7a8-8c28d72d762f" />
      <TestMethod codeBase="D:\actions-runner\_work\XPCO\XPCO\AllSolutions\..\MIPPlugins\RestrictedMedia\tst\src\bin\Debug\net472\VideoOS.RestrictedMedia.Plugin.SC.UnitTest.dll" adapterTypeName="executor://nunit3testexecutor/" className="VideoOS.RestrictedMedia.Plugin.SC.UnitTest.DataAccess.MapperTests" name="ConvertPlatFormFaultDevice_To_ErrorDeviceModel_Single_ErrorDevice_Returned(7,NotInRestrictedLiveMode)" />
    </UnitTest>
    <UnitTest name="ConvertPlatFormFaultDevice_To_PluginErrorDevice_Single_ErrorDeviceModel_GetItem_Returns_Null(1,None)" storage="d:\actions-runner\_work\xpco\xpco\allsolutions\..\mipplugins\restrictedmedia\tst\src\bin\debug\net472\videoos.restrictedmedia.plugin.sc.unittest.dll" id="b6d654d9-c9e9-77d4-0d0d-43ba5289d8c1">
      <Execution id="59de3489-64a7-4219-b772-80a4f23444aa" />
      <TestMethod codeBase="D:\actions-runner\_work\XPCO\XPCO\AllSolutions\..\MIPPlugins\RestrictedMedia\tst\src\bin\Debug\net472\VideoOS.RestrictedMedia.Plugin.SC.UnitTest.dll" adapterTypeName="executor://nunit3testexecutor/" className="VideoOS.RestrictedMedia.Plugin.SC.UnitTest.DataAccess.MapperTests" name="ConvertPlatFormFaultDevice_To_PluginErrorDevice_Single_ErrorDeviceModel_GetItem_Returns_Null(1,None)" />
    </UnitTest>
    <UnitTest name="ActionButtonsEnabled_When_OnlyOne_Playback_Selected" storage="d:\actions-runner\_work\xpco\xpco\allsolutions\..\mipplugins\restrictedmedia\tst\src\bin\debug\net472\videoos.restrictedmedia.plugin.sc.unittest.dll" id="fdc9d812-74c3-9717-389c-52a085932790">
      <Execution id="b79d6c1c-a527-4683-9e86-90fb83610d2e" />
      <TestMethod codeBase="D:\actions-runner\_work\XPCO\XPCO\AllSolutions\..\MIPPlugins\RestrictedMedia\tst\src\bin\Debug\net472\VideoOS.RestrictedMedia.Plugin.SC.UnitTest.dll" adapterTypeName="executor://nunit3testexecutor/" className="VideoOS.RestrictedMedia.Plugin.SC.UnitTest.ViewModels.RestrictedMediaListViewModelTests" name="ActionButtonsEnabled_When_OnlyOne_Playback_Selected" />
    </UnitTest>
    <UnitTest name="ConvertPlatformRestrictedMedia_To_RestrictedMediaModel_Test" storage="d:\actions-runner\_work\xpco\xpco\allsolutions\..\mipplugins\restrictedmedia\tst\src\bin\debug\net472\videoos.restrictedmedia.plugin.sc.unittest.dll" id="83e21594-3bd0-dd9e-d7b5-fd2b3d5fdb7d">
      <Execution id="fd631219-98d9-4439-9a56-60ab3d02d12f" />
      <TestMethod codeBase="D:\actions-runner\_work\XPCO\XPCO\AllSolutions\..\MIPPlugins\RestrictedMedia\tst\src\bin\Debug\net472\VideoOS.RestrictedMedia.Plugin.SC.UnitTest.dll" adapterTypeName="executor://nunit3testexecutor/" className="VideoOS.RestrictedMedia.Plugin.SC.UnitTest.DataAccess.MapperTests" name="ConvertPlatformRestrictedMedia_To_RestrictedMediaModel_Test" />
    </UnitTest>
    <UnitTest name="ConvertPlatFormWarningDevice_To_PluginErrorDevice_Single_ErrorDevice_GetItems_Returns_Null(0,UnknownError)" storage="d:\actions-runner\_work\xpco\xpco\allsolutions\..\mipplugins\restrictedmedia\tst\src\bin\debug\net472\videoos.restrictedmedia.plugin.sc.unittest.dll" id="16f3da9c-5207-8ee8-3f4b-1934d47e230c">
      <Execution id="b8fd003d-d222-4747-9136-85a0d50f240a" />
      <TestMethod codeBase="D:\actions-runner\_work\XPCO\XPCO\AllSolutions\..\MIPPlugins\RestrictedMedia\tst\src\bin\Debug\net472\VideoOS.RestrictedMedia.Plugin.SC.UnitTest.dll" adapterTypeName="executor://nunit3testexecutor/" className="VideoOS.RestrictedMedia.Plugin.SC.UnitTest.DataAccess.MapperTests" name="ConvertPlatFormWarningDevice_To_PluginErrorDevice_Single_ErrorDevice_GetItems_Returns_Null(0,UnknownError)" />
    </UnitTest>
    <UnitTest name="ShowRemovePlaybackFlow_OnePlaybackRestrictionSelected_HandleProgressCalled" storage="d:\actions-runner\_work\xpco\xpco\allsolutions\..\mipplugins\restrictedmedia\tst\src\bin\debug\net472\videoos.restrictedmedia.plugin.sc.unittest.dll" id="a4b49387-44c9-5d3d-7cda-abd86a085d81">
      <Execution id="af90f17f-95a4-4fa0-b03e-d7b1fc0e7574" />
      <TestMethod codeBase="D:\actions-runner\_work\XPCO\XPCO\AllSolutions\..\MIPPlugins\RestrictedMedia\tst\src\bin\Debug\net472\VideoOS.RestrictedMedia.Plugin.SC.UnitTest.dll" adapterTypeName="executor://nunit3testexecutor/" className="VideoOS.RestrictedMedia.Plugin.SC.UnitTest.ViewModels.RestrictedMediaRemoveRestrictionTests" name="ShowRemovePlaybackFlow_OnePlaybackRestrictionSelected_HandleProgressCalled" />
    </UnitTest>
    <UnitTest name="Set_SearchText_Success" storage="d:\actions-runner\_work\xpco\xpco\allsolutions\..\mipplugins\restrictedmedia\tst\src\bin\debug\net472\videoos.restrictedmedia.plugin.sc.unittest.dll" id="20f3359a-adf7-1dcc-3b07-8c2a604690c6">
      <Execution id="673c07c5-9a9d-40e8-b678-fed6a36eab74" />
      <TestMethod codeBase="D:\actions-runner\_work\XPCO\XPCO\AllSolutions\..\MIPPlugins\RestrictedMedia\tst\src\bin\Debug\net472\VideoOS.RestrictedMedia.Plugin.SC.UnitTest.dll" adapterTypeName="executor://nunit3testexecutor/" className="VideoOS.RestrictedMedia.Plugin.SC.UnitTest.ViewModels.RestrictedMediaListViewModelTests" name="Set_SearchText_Success" />
    </UnitTest>
    <UnitTest name="RestrictedMediaEditPlaybackProgressViewModel_Execute_Success" storage="d:\actions-runner\_work\xpco\xpco\allsolutions\..\mipplugins\restrictedmedia\tst\src\bin\debug\net472\videoos.restrictedmedia.plugin.sc.unittest.dll" id="1d89e63b-fd81-e139-5c34-bb5374735002">
      <Execution id="eebe582f-2dc5-4b17-8370-b49ddf9434a1" />
      <TestMethod codeBase="D:\actions-runner\_work\XPCO\XPCO\AllSolutions\..\MIPPlugins\RestrictedMedia\tst\src\bin\Debug\net472\VideoOS.RestrictedMedia.Plugin.SC.UnitTest.dll" adapterTypeName="executor://nunit3testexecutor/" className="VideoOS.RestrictedMedia.Plugin.SC.UnitTest.ViewModels.Progress.RestrictedMediaEditPlaybackProgressViewModelTest" name="RestrictedMediaEditPlaybackProgressViewModel_Execute_Success" />
    </UnitTest>
    <UnitTest name="RestrictedMediaCreateLiveViewModel_Command_Help_Success" storage="d:\actions-runner\_work\xpco\xpco\allsolutions\..\mipplugins\restrictedmedia\tst\src\bin\debug\net472\videoos.restrictedmedia.plugin.sc.unittest.dll" id="752811a2-fffd-1f7e-7e8f-e27228876439">
      <Execution id="2cb73dc3-cdfd-4351-aa17-04018bcb2759" />
      <TestMethod codeBase="D:\actions-runner\_work\XPCO\XPCO\AllSolutions\..\MIPPlugins\RestrictedMedia\tst\src\bin\Debug\net472\VideoOS.RestrictedMedia.Plugin.SC.UnitTest.dll" adapterTypeName="executor://nunit3testexecutor/" className="VideoOS.RestrictedMedia.Plugin.SC.UnitTest.ViewModels.RestrictedMediaCreateLiveViewModelTest" name="RestrictedMediaCreateLiveViewModel_Command_Help_Success" />
    </UnitTest>
    <UnitTest name="ConvertPlatFormRestrictedMediaResult_To_RestrictedMediaResultModel_Warning_And_Fault_Devices_Empty_Test" storage="d:\actions-runner\_work\xpco\xpco\allsolutions\..\mipplugins\restrictedmedia\tst\src\bin\debug\net472\videoos.restrictedmedia.plugin.sc.unittest.dll" id="18191da9-0984-0f3b-126b-81974bfca015">
      <Execution id="bd051aa0-acc1-410e-acbf-0dc0844199e1" />
      <TestMethod codeBase="D:\actions-runner\_work\XPCO\XPCO\AllSolutions\..\MIPPlugins\RestrictedMedia\tst\src\bin\Debug\net472\VideoOS.RestrictedMedia.Plugin.SC.UnitTest.dll" adapterTypeName="executor://nunit3testexecutor/" className="VideoOS.RestrictedMedia.Plugin.SC.UnitTest.DataAccess.MapperTests" name="ConvertPlatFormRestrictedMediaResult_To_RestrictedMediaResultModel_Warning_And_Fault_Devices_Empty_Test" />
    </UnitTest>
    <UnitTest name="ConvertPlatFormWarningDevice_To_ErrorDeviceModel_Single_ErrorDevice_Returned(4,DeviceNotFound)" storage="d:\actions-runner\_work\xpco\xpco\allsolutions\..\mipplugins\restrictedmedia\tst\src\bin\debug\net472\videoos.restrictedmedia.plugin.sc.unittest.dll" id="5b65543c-09f2-e087-ab26-95de4f20e735">
      <Execution id="27cf85e4-2cb1-46fb-959f-eaa9249e8491" />
      <TestMethod codeBase="D:\actions-runner\_work\XPCO\XPCO\AllSolutions\..\MIPPlugins\RestrictedMedia\tst\src\bin\Debug\net472\VideoOS.RestrictedMedia.Plugin.SC.UnitTest.dll" adapterTypeName="executor://nunit3testexecutor/" className="VideoOS.RestrictedMedia.Plugin.SC.UnitTest.DataAccess.MapperTests" name="ConvertPlatFormWarningDevice_To_ErrorDeviceModel_Single_ErrorDevice_Returned(4,DeviceNotFound)" />
    </UnitTest>
    <UnitTest name="ActionButtonsDisabled_When_NothingSelected" storage="d:\actions-runner\_work\xpco\xpco\allsolutions\..\mipplugins\restrictedmedia\tst\src\bin\debug\net472\videoos.restrictedmedia.plugin.sc.unittest.dll" id="0ada7e62-ef10-ec08-7ed3-66a98abd19fb">
      <Execution id="be272618-3832-4df6-b90d-cd64d86ff674" />
      <TestMethod codeBase="D:\actions-runner\_work\XPCO\XPCO\AllSolutions\..\MIPPlugins\RestrictedMedia\tst\src\bin\Debug\net472\VideoOS.RestrictedMedia.Plugin.SC.UnitTest.dll" adapterTypeName="executor://nunit3testexecutor/" className="VideoOS.RestrictedMedia.Plugin.SC.UnitTest.ViewModels.RestrictedMediaListViewModelTests" name="ActionButtonsDisabled_When_NothingSelected" />
    </UnitTest>
    <UnitTest name="ExecuteMethod_Refresh_Success_SearchText_Description_CaseInSensitive" storage="d:\actions-runner\_work\xpco\xpco\allsolutions\..\mipplugins\restrictedmedia\tst\src\bin\debug\net472\videoos.restrictedmedia.plugin.sc.unittest.dll" id="21838aa6-6c20-e6a6-8459-3440fa3feb8d">
      <Execution id="98531ffd-6764-453b-bd43-1ad75e81f9e6" />
      <TestMethod codeBase="D:\actions-runner\_work\XPCO\XPCO\AllSolutions\..\MIPPlugins\RestrictedMedia\tst\src\bin\Debug\net472\VideoOS.RestrictedMedia.Plugin.SC.UnitTest.dll" adapterTypeName="executor://nunit3testexecutor/" className="VideoOS.RestrictedMedia.Plugin.SC.UnitTest.ViewModels.RestrictedMediaListViewModelTests" name="ExecuteMethod_Refresh_Success_SearchText_Description_CaseInSensitive" />
    </UnitTest>
    <UnitTest name="CreatedAtComboBoxModel_CustomMatchCreatedOnToTime_RestrictionNotIncluded" storage="d:\actions-runner\_work\xpco\xpco\allsolutions\..\mipplugins\restrictedmedia\tst\src\bin\debug\net472\videoos.restrictedmedia.plugin.sc.unittest.dll" id="85abd4c9-dce8-1604-b5a2-5722c44e0ccd">
      <Execution id="cfdd86ac-83d3-46a9-85b5-1f0f2f9c2111" />
      <TestMethod codeBase="D:\actions-runner\_work\XPCO\XPCO\AllSolutions\..\MIPPlugins\RestrictedMedia\tst\src\bin\Debug\net472\VideoOS.RestrictedMedia.Plugin.SC.UnitTest.dll" adapterTypeName="executor://nunit3testexecutor/" className="VideoOS.RestrictedMedia.Plugin.SC.UnitTest.ViewModels.RestrictedMediaListViewModelTests" name="CreatedAtComboBoxModel_CustomMatchCreatedOnToTime_RestrictionNotIncluded" />
    </UnitTest>
    <UnitTest name="RestrictedMediaCreateLiveViewModel_IsValidationSuccess_HeadLine" storage="d:\actions-runner\_work\xpco\xpco\allsolutions\..\mipplugins\restrictedmedia\tst\src\bin\debug\net472\videoos.restrictedmedia.plugin.sc.unittest.dll" id="344c74cc-d199-f99b-54d7-ccb8b3e749d2">
      <Execution id="9101e054-1559-49aa-9463-a6cdf2c49c3d" />
      <TestMethod codeBase="D:\actions-runner\_work\XPCO\XPCO\AllSolutions\..\MIPPlugins\RestrictedMedia\tst\src\bin\Debug\net472\VideoOS.RestrictedMedia.Plugin.SC.UnitTest.dll" adapterTypeName="executor://nunit3testexecutor/" className="VideoOS.RestrictedMedia.Plugin.SC.UnitTest.ViewModels.RestrictedMediaCreateLiveViewModelTest" name="RestrictedMediaCreateLiveViewModel_IsValidationSuccess_HeadLine" />
    </UnitTest>
    <UnitTest name="SetEffectiveInterval_TextLongerThanMaxFilter_TextTruncated(&quot;2023-09-08T22:12:35.0000000Z&quot;,&quot;2023-09-08T22:12:35.0000000Z&quot;,&quot;da-DK&quot;)" storage="d:\actions-runner\_work\xpco\xpco\allsolutions\..\mipplugins\restrictedmedia\tst\src\bin\debug\net472\videoos.restrictedmedia.plugin.sc.unittest.dll" id="c86601ba-a14c-3012-70ec-5bf13036dbb5">
      <Execution id="04d8485f-1481-4107-bef5-b9cad67bab6e" />
      <TestMethod codeBase="D:\actions-runner\_work\XPCO\XPCO\AllSolutions\..\MIPPlugins\RestrictedMedia\tst\src\bin\Debug\net472\VideoOS.RestrictedMedia.Plugin.SC.UnitTest.dll" adapterTypeName="executor://nunit3testexecutor/" className="VideoOS.RestrictedMedia.Plugin.SC.UnitTest.ViewModels.SelectIntervalComboBoxModelTests" name="SetEffectiveInterval_TextLongerThanMaxFilter_TextTruncated(&quot;2023-09-08T22:12:35.0000000Z&quot;,&quot;2023-09-08T22:12:35.0000000Z&quot;,&quot;da-DK&quot;)" />
    </UnitTest>
    <UnitTest name="RestrictedMediaEditPlaybackViewModel_Command_RemoveAllCameras_Success" storage="d:\actions-runner\_work\xpco\xpco\allsolutions\..\mipplugins\restrictedmedia\tst\src\bin\debug\net472\videoos.restrictedmedia.plugin.sc.unittest.dll" id="c9c0f96b-8ddb-f788-78c6-2477d404e71f">
      <Execution id="c513109e-d197-4d6d-8cdd-d657d7871b25" />
      <TestMethod codeBase="D:\actions-runner\_work\XPCO\XPCO\AllSolutions\..\MIPPlugins\RestrictedMedia\tst\src\bin\Debug\net472\VideoOS.RestrictedMedia.Plugin.SC.UnitTest.dll" adapterTypeName="executor://nunit3testexecutor/" className="VideoOS.RestrictedMedia.Plugin.SC.UnitTest.ViewModels.RestrictedMediaEditPlaybackViewModelTest" name="RestrictedMediaEditPlaybackViewModel_Command_RemoveAllCameras_Success" />
    </UnitTest>
    <UnitTest name="ExecuteMethod_Refresh_Success_Devices_MultipleDevices" storage="d:\actions-runner\_work\xpco\xpco\allsolutions\..\mipplugins\restrictedmedia\tst\src\bin\debug\net472\videoos.restrictedmedia.plugin.sc.unittest.dll" id="55c0b471-8a53-c449-3098-fee0c5a734d9">
      <Execution id="399c7906-003b-4815-9433-83856d2a37ea" />
      <TestMethod codeBase="D:\actions-runner\_work\XPCO\XPCO\AllSolutions\..\MIPPlugins\RestrictedMedia\tst\src\bin\Debug\net472\VideoOS.RestrictedMedia.Plugin.SC.UnitTest.dll" adapterTypeName="executor://nunit3testexecutor/" className="VideoOS.RestrictedMedia.Plugin.SC.UnitTest.ViewModels.RestrictedMediaListViewModelTests" name="ExecuteMethod_Refresh_Success_Devices_MultipleDevices" />
    </UnitTest>
    <UnitTest name="RestrictedMediaCreatePlaybackViewModel_CreateCommand_ValidationSuccesss" storage="d:\actions-runner\_work\xpco\xpco\allsolutions\..\mipplugins\restrictedmedia\tst\src\bin\debug\net472\videoos.restrictedmedia.plugin.sc.unittest.dll" id="b946e171-33d8-3668-e066-39648eaa05f3">
      <Execution id="5766e261-7ca0-478e-8dee-90a7fc4630b4" />
      <TestMethod codeBase="D:\actions-runner\_work\XPCO\XPCO\AllSolutions\..\MIPPlugins\RestrictedMedia\tst\src\bin\Debug\net472\VideoOS.RestrictedMedia.Plugin.SC.UnitTest.dll" adapterTypeName="executor://nunit3testexecutor/" className="VideoOS.RestrictedMedia.Plugin.SC.UnitTest.ViewModels.RestrictedMediaCreatePlaybackViewModelTest" name="RestrictedMediaCreatePlaybackViewModel_CreateCommand_ValidationSuccesss" />
    </UnitTest>
    <UnitTest name="RestrictedMediaCreateLiveProgressViewModel_Failure_ServerError" storage="d:\actions-runner\_work\xpco\xpco\allsolutions\..\mipplugins\restrictedmedia\tst\src\bin\debug\net472\videoos.restrictedmedia.plugin.sc.unittest.dll" id="c58ef1f6-ef92-77e4-81ee-b2455945eb55">
      <Execution id="d4eceefb-6ba8-499e-a72e-9d74316baafb" />
      <TestMethod codeBase="D:\actions-runner\_work\XPCO\XPCO\AllSolutions\..\MIPPlugins\RestrictedMedia\tst\src\bin\Debug\net472\VideoOS.RestrictedMedia.Plugin.SC.UnitTest.dll" adapterTypeName="executor://nunit3testexecutor/" className="VideoOS.RestrictedMedia.Plugin.SC.UnitTest.ViewModels.Create.RestrictedMediaCreateLiveProgressViewModelTests" name="RestrictedMediaCreateLiveProgressViewModel_Failure_ServerError" />
    </UnitTest>
    <UnitTest name="GetCamerasFromWindow_NoValidWindow_EmptyResult" storage="d:\actions-runner\_work\xpco\xpco\allsolutions\..\mipplugins\restrictedmedia\tst\src\bin\debug\net472\videoos.restrictedmedia.plugin.sc.unittest.dll" id="de547704-0897-772e-da7f-5d9de6c5f8c0">
      <Execution id="ce86be6f-6eb4-4969-90de-225453b0f9cb" />
      <TestMethod codeBase="D:\actions-runner\_work\XPCO\XPCO\AllSolutions\..\MIPPlugins\RestrictedMedia\tst\src\bin\Debug\net472\VideoOS.RestrictedMedia.Plugin.SC.UnitTest.dll" adapterTypeName="executor://nunit3testexecutor/" className="VideoOS.RestrictedMedia.Plugin.SC.UnitTest.DataAccess.RestrictedMediaScMipServiceTests" name="GetCamerasFromWindow_NoValidWindow_EmptyResult" />
    </UnitTest>
    <UnitTest name="ConvertPlatFormWarningDevice_To_PluginErrorDevice_ErrorDeviceArray_Returned(6,AlreadyInRestrictedLiveMode)" storage="d:\actions-runner\_work\xpco\xpco\allsolutions\..\mipplugins\restrictedmedia\tst\src\bin\debug\net472\videoos.restrictedmedia.plugin.sc.unittest.dll" id="fe3e21cb-7cad-4d47-0bc0-04db3ff0e028">
      <Execution id="8fa10b78-672f-4d34-8315-ba6f196c3907" />
      <TestMethod codeBase="D:\actions-runner\_work\XPCO\XPCO\AllSolutions\..\MIPPlugins\RestrictedMedia\tst\src\bin\Debug\net472\VideoOS.RestrictedMedia.Plugin.SC.UnitTest.dll" adapterTypeName="executor://nunit3testexecutor/" className="VideoOS.RestrictedMedia.Plugin.SC.UnitTest.DataAccess.MapperTests" name="ConvertPlatFormWarningDevice_To_PluginErrorDevice_ErrorDeviceArray_Returned(6,AlreadyInRestrictedLiveMode)" />
    </UnitTest>
    <UnitTest name="RestrictedMediaExitLiveViewModel_ConstructorTests_Success" storage="d:\actions-runner\_work\xpco\xpco\allsolutions\..\mipplugins\restrictedmedia\tst\src\bin\debug\net472\videoos.restrictedmedia.plugin.sc.unittest.dll" id="ee814e16-2d8b-6e78-8ec8-40b394e41198">
      <Execution id="91c00d7b-09b4-4f96-9447-dc3e1a5a552c" />
      <TestMethod codeBase="D:\actions-runner\_work\XPCO\XPCO\AllSolutions\..\MIPPlugins\RestrictedMedia\tst\src\bin\Debug\net472\VideoOS.RestrictedMedia.Plugin.SC.UnitTest.dll" adapterTypeName="executor://nunit3testexecutor/" className="VideoOS.RestrictedMedia.Plugin.SC.UnitTest.ViewModels.RestrictedMediaExitLiveViewModelTest" name="RestrictedMediaExitLiveViewModel_ConstructorTests_Success" />
    </UnitTest>
    <UnitTest name="IntervalComboBoxModel_DefaultSelectIntervalOption_All" storage="d:\actions-runner\_work\xpco\xpco\allsolutions\..\mipplugins\restrictedmedia\tst\src\bin\debug\net472\videoos.restrictedmedia.plugin.sc.unittest.dll" id="16f550c0-de50-781b-0959-93b59dc5d5ba">
      <Execution id="13dff08e-0111-480e-a773-7d6adc3c5d41" />
      <TestMethod codeBase="D:\actions-runner\_work\XPCO\XPCO\AllSolutions\..\MIPPlugins\RestrictedMedia\tst\src\bin\Debug\net472\VideoOS.RestrictedMedia.Plugin.SC.UnitTest.dll" adapterTypeName="executor://nunit3testexecutor/" className="VideoOS.RestrictedMedia.Plugin.SC.UnitTest.ViewModels.RestrictedMediaListViewModelTests" name="IntervalComboBoxModel_DefaultSelectIntervalOption_All" />
    </UnitTest>
    <UnitTest name="Set_SelectedRestrictionTypeOption_Playback" storage="d:\actions-runner\_work\xpco\xpco\allsolutions\..\mipplugins\restrictedmedia\tst\src\bin\debug\net472\videoos.restrictedmedia.plugin.sc.unittest.dll" id="d78be3ea-ce35-50b4-de3c-d695533d4ddf">
      <Execution id="d1da5e59-4a11-4c66-9d2a-ea44b7045258" />
      <TestMethod codeBase="D:\actions-runner\_work\XPCO\XPCO\AllSolutions\..\MIPPlugins\RestrictedMedia\tst\src\bin\Debug\net472\VideoOS.RestrictedMedia.Plugin.SC.UnitTest.dll" adapterTypeName="executor://nunit3testexecutor/" className="VideoOS.RestrictedMedia.Plugin.SC.UnitTest.ViewModels.RestrictedMediaListViewModelTests" name="Set_SelectedRestrictionTypeOption_Playback" />
    </UnitTest>
    <UnitTest name="RestrictedMediaCreateProgressViewModel_Create_PartialSuccess" storage="d:\actions-runner\_work\xpco\xpco\allsolutions\..\mipplugins\restrictedmedia\tst\src\bin\debug\net472\videoos.restrictedmedia.plugin.sc.unittest.dll" id="88732431-e0b5-0833-dd8b-f57708f5c99c">
      <Execution id="bb80887e-8905-459d-9c9a-10add1eb1b30" />
      <TestMethod codeBase="D:\actions-runner\_work\XPCO\XPCO\AllSolutions\..\MIPPlugins\RestrictedMedia\tst\src\bin\Debug\net472\VideoOS.RestrictedMedia.Plugin.SC.UnitTest.dll" adapterTypeName="executor://nunit3testexecutor/" className="VideoOS.RestrictedMedia.Plugin.SC.UnitTest.ViewModels.Progress.RestrictedMediaCreateProgressViewModelTest" name="RestrictedMediaCreateProgressViewModel_Create_PartialSuccess" />
    </UnitTest>
    <UnitTest name="SetEffectiveInterval_TextLongerThanMaxFilter_TextTruncated(&quot;2023-09-10T22:12:35.0000000Z&quot;,&quot;2023-09-11T22:12:35.0000000Z&quot;,&quot;da-DK&quot;)" storage="d:\actions-runner\_work\xpco\xpco\allsolutions\..\mipplugins\restrictedmedia\tst\src\bin\debug\net472\videoos.restrictedmedia.plugin.sc.unittest.dll" id="64b2cf54-6e1b-2d0a-a200-c80861e76853">
      <Execution id="bb12dca4-430e-460e-b91b-dbdc292a0349" />
      <TestMethod codeBase="D:\actions-runner\_work\XPCO\XPCO\AllSolutions\..\MIPPlugins\RestrictedMedia\tst\src\bin\Debug\net472\VideoOS.RestrictedMedia.Plugin.SC.UnitTest.dll" adapterTypeName="executor://nunit3testexecutor/" className="VideoOS.RestrictedMedia.Plugin.SC.UnitTest.ViewModels.SelectIntervalComboBoxModelTests" name="SetEffectiveInterval_TextLongerThanMaxFilter_TextTruncated(&quot;2023-09-10T22:12:35.0000000Z&quot;,&quot;2023-09-11T22:12:35.0000000Z&quot;,&quot;da-DK&quot;)" />
    </UnitTest>
    <UnitTest name="ConvertPlatFormFaultDevice_To_ErrorDeviceModel_Single_ErrorDevice_Returned(3,Unauthorized)" storage="d:\actions-runner\_work\xpco\xpco\allsolutions\..\mipplugins\restrictedmedia\tst\src\bin\debug\net472\videoos.restrictedmedia.plugin.sc.unittest.dll" id="91cc9668-dd6e-fc66-10d5-cd29e992c30d">
      <Execution id="d497c72b-1deb-4cac-a8fb-79cb1058c98a" />
      <TestMethod codeBase="D:\actions-runner\_work\XPCO\XPCO\AllSolutions\..\MIPPlugins\RestrictedMedia\tst\src\bin\Debug\net472\VideoOS.RestrictedMedia.Plugin.SC.UnitTest.dll" adapterTypeName="executor://nunit3testexecutor/" className="VideoOS.RestrictedMedia.Plugin.SC.UnitTest.DataAccess.MapperTests" name="ConvertPlatFormFaultDevice_To_ErrorDeviceModel_Single_ErrorDevice_Returned(3,Unauthorized)" />
    </UnitTest>
    <UnitTest name="RestrictedMediaCreateProgressViewModel_ConstructorTests_Model_ArgumentNull" storage="d:\actions-runner\_work\xpco\xpco\allsolutions\..\mipplugins\restrictedmedia\tst\src\bin\debug\net472\videoos.restrictedmedia.plugin.sc.unittest.dll" id="4a829b3e-18b8-4adb-2837-9513dfafa4e4">
      <Execution id="a1400949-1309-4334-b624-250e7159c133" />
      <TestMethod codeBase="D:\actions-runner\_work\XPCO\XPCO\AllSolutions\..\MIPPlugins\RestrictedMedia\tst\src\bin\Debug\net472\VideoOS.RestrictedMedia.Plugin.SC.UnitTest.dll" adapterTypeName="executor://nunit3testexecutor/" className="VideoOS.RestrictedMedia.Plugin.SC.UnitTest.ViewModels.Progress.RestrictedMediaCreateProgressViewModelTest" name="RestrictedMediaCreateProgressViewModel_ConstructorTests_Model_ArgumentNull" />
    </UnitTest>
    <UnitTest name="SetEffectiveInterval_ToTimeIsMinValue_ToTimeIsEmpty" storage="d:\actions-runner\_work\xpco\xpco\allsolutions\..\mipplugins\restrictedmedia\tst\src\bin\debug\net472\videoos.restrictedmedia.plugin.sc.unittest.dll" id="47198a91-6e8f-7616-571d-b146bfab3634">
      <Execution id="d445c59a-42e5-4e0e-9a18-0fbc3478bfc1" />
      <TestMethod codeBase="D:\actions-runner\_work\XPCO\XPCO\AllSolutions\..\MIPPlugins\RestrictedMedia\tst\src\bin\Debug\net472\VideoOS.RestrictedMedia.Plugin.SC.UnitTest.dll" adapterTypeName="executor://nunit3testexecutor/" className="VideoOS.RestrictedMedia.Plugin.SC.UnitTest.ViewModels.SelectIntervalComboBoxModelTests" name="SetEffectiveInterval_ToTimeIsMinValue_ToTimeIsEmpty" />
    </UnitTest>
    <UnitTest name="SetEffectiveInterval_TextLongerThanMaxFilter_TextTruncated(&quot;2023-10-10T22:12:35.0000000Z&quot;,&quot;2023-10-11T22:12:35.0000000Z&quot;,&quot;en-US&quot;)" storage="d:\actions-runner\_work\xpco\xpco\allsolutions\..\mipplugins\restrictedmedia\tst\src\bin\debug\net472\videoos.restrictedmedia.plugin.sc.unittest.dll" id="4202a800-70c5-db30-821b-e1bbf62465d8">
      <Execution id="4f2214c5-1e2b-4e93-8a04-3a1048215475" />
      <TestMethod codeBase="D:\actions-runner\_work\XPCO\XPCO\AllSolutions\..\MIPPlugins\RestrictedMedia\tst\src\bin\Debug\net472\VideoOS.RestrictedMedia.Plugin.SC.UnitTest.dll" adapterTypeName="executor://nunit3testexecutor/" className="VideoOS.RestrictedMedia.Plugin.SC.UnitTest.ViewModels.SelectIntervalComboBoxModelTests" name="SetEffectiveInterval_TextLongerThanMaxFilter_TextTruncated(&quot;2023-10-10T22:12:35.0000000Z&quot;,&quot;2023-10-11T22:12:35.0000000Z&quot;,&quot;en-US&quot;)" />
    </UnitTest>
    <UnitTest name="RestrictedMediaCreateProgressViewModel_Create_Failure_DeviceError" storage="d:\actions-runner\_work\xpco\xpco\allsolutions\..\mipplugins\restrictedmedia\tst\src\bin\debug\net472\videoos.restrictedmedia.plugin.sc.unittest.dll" id="5148dec4-b86e-f0cf-becf-0cd4e7855786">
      <Execution id="141da097-c742-4548-858c-d5f8f706a73f" />
      <TestMethod codeBase="D:\actions-runner\_work\XPCO\XPCO\AllSolutions\..\MIPPlugins\RestrictedMedia\tst\src\bin\Debug\net472\VideoOS.RestrictedMedia.Plugin.SC.UnitTest.dll" adapterTypeName="executor://nunit3testexecutor/" className="VideoOS.RestrictedMedia.Plugin.SC.UnitTest.ViewModels.Progress.RestrictedMediaCreateProgressViewModelTest" name="RestrictedMediaCreateProgressViewModel_Create_Failure_DeviceError" />
    </UnitTest>
    <UnitTest name="ShowRemoveLiveFlow_OnlyLiveRestrictionSelected_HandleProgressCalled_Lift" storage="d:\actions-runner\_work\xpco\xpco\allsolutions\..\mipplugins\restrictedmedia\tst\src\bin\debug\net472\videoos.restrictedmedia.plugin.sc.unittest.dll" id="10bc9025-1e51-b9f1-deb7-b28688830da1">
      <Execution id="83f636e5-0219-4542-815c-6518acc16ced" />
      <TestMethod codeBase="D:\actions-runner\_work\XPCO\XPCO\AllSolutions\..\MIPPlugins\RestrictedMedia\tst\src\bin\Debug\net472\VideoOS.RestrictedMedia.Plugin.SC.UnitTest.dll" adapterTypeName="executor://nunit3testexecutor/" className="VideoOS.RestrictedMedia.Plugin.SC.UnitTest.ViewModels.RestrictedMediaRemoveRestrictionTests" name="ShowRemoveLiveFlow_OnlyLiveRestrictionSelected_HandleProgressCalled_Lift" />
    </UnitTest>
    <UnitTest name="RunAsync_MoreTasksThanMax_MaxRunningTasks" storage="d:\actions-runner\_work\xpco\xpco\allsolutions\..\mipplugins\restrictedmedia\tst\src\bin\debug\net472\videoos.restrictedmedia.plugin.sc.unittest.dll" id="e5250280-dc89-30f7-97dc-f92afde611e3">
      <Execution id="44037a58-f7c8-4334-af98-2129de0c9eba" />
      <TestMethod codeBase="D:\actions-runner\_work\XPCO\XPCO\AllSolutions\..\MIPPlugins\RestrictedMedia\tst\src\bin\Debug\net472\VideoOS.RestrictedMedia.Plugin.SC.UnitTest.dll" adapterTypeName="executor://nunit3testexecutor/" className="VideoOS.RestrictedMedia.Plugin.SC.UnitTest.ViewModels.TaskRunnerTests" name="RunAsync_MoreTasksThanMax_MaxRunningTasks" />
    </UnitTest>
    <UnitTest name="Convert_RestrictedMediaResult_Failed_Test(ManagementServerUnavailable,ManagementServerUnavailable)" storage="d:\actions-runner\_work\xpco\xpco\allsolutions\..\mipplugins\restrictedmedia\tst\src\bin\debug\net472\videoos.restrictedmedia.plugin.sc.unittest.dll" id="71188bb9-284a-bf1f-a499-13a945aed754">
      <Execution id="4d0bf4e0-7008-41e9-a621-5892b651b432" />
      <TestMethod codeBase="D:\actions-runner\_work\XPCO\XPCO\AllSolutions\..\MIPPlugins\RestrictedMedia\tst\src\bin\Debug\net472\VideoOS.RestrictedMedia.Plugin.SC.UnitTest.dll" adapterTypeName="executor://nunit3testexecutor/" className="VideoOS.RestrictedMedia.Plugin.SC.UnitTest.DataAccess.MapperTests" name="Convert_RestrictedMediaResult_Failed_Test(ManagementServerUnavailable,ManagementServerUnavailable)" />
    </UnitTest>
    <UnitTest name="Convert_RestrictedMediaResult_Failed_Test(Unauthorized,Unauthorized)" storage="d:\actions-runner\_work\xpco\xpco\allsolutions\..\mipplugins\restrictedmedia\tst\src\bin\debug\net472\videoos.restrictedmedia.plugin.sc.unittest.dll" id="35ad6b17-bfb0-9425-c3bf-2e2e78039076">
      <Execution id="11dd839b-266f-41b6-a5fd-f1e5bb5a8370" />
      <TestMethod codeBase="D:\actions-runner\_work\XPCO\XPCO\AllSolutions\..\MIPPlugins\RestrictedMedia\tst\src\bin\Debug\net472\VideoOS.RestrictedMedia.Plugin.SC.UnitTest.dll" adapterTypeName="executor://nunit3testexecutor/" className="VideoOS.RestrictedMedia.Plugin.SC.UnitTest.DataAccess.MapperTests" name="Convert_RestrictedMediaResult_Failed_Test(Unauthorized,Unauthorized)" />
    </UnitTest>
    <UnitTest name="ConvertPlatFormWarningDevice_To_ErrorDeviceModel_Single_ErrorDevice_Returned(2,Warning)" storage="d:\actions-runner\_work\xpco\xpco\allsolutions\..\mipplugins\restrictedmedia\tst\src\bin\debug\net472\videoos.restrictedmedia.plugin.sc.unittest.dll" id="28701de4-eade-47c6-0565-e81a9ab9d6fa">
      <Execution id="5db72e17-2ab5-4f7d-b87d-35eae6573b1a" />
      <TestMethod codeBase="D:\actions-runner\_work\XPCO\XPCO\AllSolutions\..\MIPPlugins\RestrictedMedia\tst\src\bin\Debug\net472\VideoOS.RestrictedMedia.Plugin.SC.UnitTest.dll" adapterTypeName="executor://nunit3testexecutor/" className="VideoOS.RestrictedMedia.Plugin.SC.UnitTest.DataAccess.MapperTests" name="ConvertPlatFormWarningDevice_To_ErrorDeviceModel_Single_ErrorDevice_Returned(2,Warning)" />
    </UnitTest>
    <UnitTest name="IntervalComboBoxModel_FilterSetToYesterday_YesterdaysRestrictions" storage="d:\actions-runner\_work\xpco\xpco\allsolutions\..\mipplugins\restrictedmedia\tst\src\bin\debug\net472\videoos.restrictedmedia.plugin.sc.unittest.dll" id="8916669c-afe8-dab3-85e8-552c34b3e0a6">
      <Execution id="b490f2a2-d4ca-441f-96f1-3b30c206213c" />
      <TestMethod codeBase="D:\actions-runner\_work\XPCO\XPCO\AllSolutions\..\MIPPlugins\RestrictedMedia\tst\src\bin\Debug\net472\VideoOS.RestrictedMedia.Plugin.SC.UnitTest.dll" adapterTypeName="executor://nunit3testexecutor/" className="VideoOS.RestrictedMedia.Plugin.SC.UnitTest.ViewModels.RestrictedMediaListViewModelTests" name="IntervalComboBoxModel_FilterSetToYesterday_YesterdaysRestrictions" />
    </UnitTest>
    <UnitTest name="Set_SelectedRestrictionTypeOption_Without_Refresh" storage="d:\actions-runner\_work\xpco\xpco\allsolutions\..\mipplugins\restrictedmedia\tst\src\bin\debug\net472\videoos.restrictedmedia.plugin.sc.unittest.dll" id="33dd8e13-56ba-a2d0-2ef4-3066505e940e">
      <Execution id="866197f8-dda9-438f-97a2-c069782c4aee" />
      <TestMethod codeBase="D:\actions-runner\_work\XPCO\XPCO\AllSolutions\..\MIPPlugins\RestrictedMedia\tst\src\bin\Debug\net472\VideoOS.RestrictedMedia.Plugin.SC.UnitTest.dll" adapterTypeName="executor://nunit3testexecutor/" className="VideoOS.RestrictedMedia.Plugin.SC.UnitTest.ViewModels.RestrictedMediaListViewModelTests" name="Set_SelectedRestrictionTypeOption_Without_Refresh" />
    </UnitTest>
  </TestDefinitions>
  <TestEntries>
    <TestEntry testId="058042de-203d-28bc-0342-0a160fb1e246" executionId="eb74f193-53c1-4c79-a808-e966931b7a4d" testListId="8c84fa94-04c1-424b-9868-57a2d4851a1d" />
    <TestEntry testId="316c1a7a-aaa1-6128-95b7-a1c72a6f9ca7" executionId="e80f9c3f-ca17-4565-acfd-6a1e7bfc85f4" testListId="8c84fa94-04c1-424b-9868-57a2d4851a1d" />
    <TestEntry testId="c54b3424-0095-1961-35ff-59cb2b2ab0cb" executionId="7869fe60-ac48-4c10-a82c-7ae935c926ca" testListId="8c84fa94-04c1-424b-9868-57a2d4851a1d" />
    <TestEntry testId="33dd8e13-56ba-a2d0-2ef4-3066505e940e" executionId="866197f8-dda9-438f-97a2-c069782c4aee" testListId="8c84fa94-04c1-424b-9868-57a2d4851a1d" />
    <TestEntry testId="02ab4a58-ad7c-065e-e2b0-6e9437fed35f" executionId="d94a16f2-9567-4af6-9cb7-5314ed7918b5" testListId="8c84fa94-04c1-424b-9868-57a2d4851a1d" />
    <TestEntry testId="fb18a414-d9a5-3665-4312-78984c2486d7" executionId="58049e93-74e9-4070-9924-26bd0ba8fd65" testListId="8c84fa94-04c1-424b-9868-57a2d4851a1d" />
    <TestEntry testId="5b20a2e4-9175-5764-3a82-88d23f528e32" executionId="16b5a472-f3bb-44f7-95e1-bd0fefcb59b9" testListId="8c84fa94-04c1-424b-9868-57a2d4851a1d" />
    <TestEntry testId="673c55b8-264c-6ffe-7764-980c00bffec0" executionId="857e41b8-1f96-477c-b640-2a26f1517821" testListId="8c84fa94-04c1-424b-9868-57a2d4851a1d" />
    <TestEntry testId="a6050429-1791-f48d-d462-ac5c74e9d2d1" executionId="fe62c11b-ae03-439a-9ba7-98cf70ad20f0" testListId="8c84fa94-04c1-424b-9868-57a2d4851a1d" />
    <TestEntry testId="23c59fc6-e1a7-dc88-6b83-391cddf76740" executionId="d6435174-91e7-4eb6-8889-d33365192deb" testListId="8c84fa94-04c1-424b-9868-57a2d4851a1d" />
    <TestEntry testId="b6272aea-a7e3-2be6-702b-7cbdb87c815f" executionId="53c40350-05dd-44c0-a455-b2ab992010cf" testListId="8c84fa94-04c1-424b-9868-57a2d4851a1d" />
    <TestEntry testId="d7811ef0-be43-7f55-d00e-5fe882cc0349" executionId="0ae7c657-0e14-4a06-8c8a-ea4575da3558" testListId="8c84fa94-04c1-424b-9868-57a2d4851a1d" />
    <TestEntry testId="cbed049f-67f8-ebc1-7c2e-0e49bb22ce1f" executionId="81957895-6d96-402d-988d-6c15cad87c64" testListId="8c84fa94-04c1-424b-9868-57a2d4851a1d" />
    <TestEntry testId="83e21594-3bd0-dd9e-d7b5-fd2b3d5fdb7d" executionId="fd631219-98d9-4439-9a56-60ab3d02d12f" testListId="8c84fa94-04c1-424b-9868-57a2d4851a1d" />
    <TestEntry testId="8442049a-430a-a844-1eac-22ec8073c5e0" executionId="dfd08fe2-de2b-45f3-95ae-c76ec3e03a1a" testListId="8c84fa94-04c1-424b-9868-57a2d4851a1d" />
    <TestEntry testId="f71f1ba7-3121-8063-e109-2415263f68e5" executionId="67258ffe-56a5-4924-9122-b24d1a761481" testListId="8c84fa94-04c1-424b-9868-57a2d4851a1d" />
    <TestEntry testId="2b7e8f77-f606-1051-9dca-cf02e7b4735f" executionId="09b9a516-469d-474f-9454-70b5183fe536" testListId="8c84fa94-04c1-424b-9868-57a2d4851a1d" />
    <TestEntry testId="982ddddf-5e03-63ac-224b-6a271e1f7ad6" executionId="ecb8db94-33cf-4e0c-99e0-e8280740fa0a" testListId="8c84fa94-04c1-424b-9868-57a2d4851a1d" />
    <TestEntry testId="4a88769d-d7ad-28a4-f2a9-1c52ce3b74e5" executionId="6c019dff-6b45-4535-a46c-ea90b479e2de" testListId="8c84fa94-04c1-424b-9868-57a2d4851a1d" />
    <TestEntry testId="61c4b8f9-fff8-937e-03f3-b95924645555" executionId="e65453ca-78c9-4c90-b9e7-c8b7bcced8dc" testListId="8c84fa94-04c1-424b-9868-57a2d4851a1d" />
    <TestEntry testId="615c1aba-4537-85a6-497e-fd9ddaec6146" executionId="f44ced72-ea91-44b4-955b-451deb1cc59e" testListId="8c84fa94-04c1-424b-9868-57a2d4851a1d" />
    <TestEntry testId="838521fe-65b8-a64f-89ea-9653318cfaa1" executionId="95bd182b-2d22-4769-b0b8-8b51e25bdfbc" testListId="8c84fa94-04c1-424b-9868-57a2d4851a1d" />
    <TestEntry testId="e070039b-66a5-3918-4443-7ef101ad111d" executionId="89105b25-d5d2-473a-82b8-c534cb773efd" testListId="8c84fa94-04c1-424b-9868-57a2d4851a1d" />
    <TestEntry testId="d67da1e4-ca16-313c-acc0-afb9de2c88d1" executionId="1c6a3881-1a3b-4ca3-a56c-a5b2ec953337" testListId="8c84fa94-04c1-424b-9868-57a2d4851a1d" />
    <TestEntry testId="ad07c803-0c4a-04a3-a581-7fe0c63fc550" executionId="d984668f-d7d2-4659-968f-2a08b129eccd" testListId="8c84fa94-04c1-424b-9868-57a2d4851a1d" />
    <TestEntry testId="dd04a3a2-7d0a-0bdf-6cc0-32d33020f1ee" executionId="4cbca1e4-771f-498c-b81d-ec2fb1fc48ce" testListId="8c84fa94-04c1-424b-9868-57a2d4851a1d" />
    <TestEntry testId="20f3359a-adf7-1dcc-3b07-8c2a604690c6" executionId="673c07c5-9a9d-40e8-b678-fed6a36eab74" testListId="8c84fa94-04c1-424b-9868-57a2d4851a1d" />
    <TestEntry testId="e8a259b1-ac9d-a2d9-bef1-7e5d8326aea3" executionId="651bc29b-875e-444e-afff-c616cb9f61b7" testListId="8c84fa94-04c1-424b-9868-57a2d4851a1d" />
    <TestEntry testId="035106d1-4b4e-3b05-abd5-43335e58fe78" executionId="6b9e4301-e678-4321-8ae2-9bbcf3e0b08b" testListId="8c84fa94-04c1-424b-9868-57a2d4851a1d" />
    <TestEntry testId="de547704-0897-772e-da7f-5d9de6c5f8c0" executionId="ce86be6f-6eb4-4969-90de-225453b0f9cb" testListId="8c84fa94-04c1-424b-9868-57a2d4851a1d" />
    <TestEntry testId="edb989e6-6ce1-cc86-c080-2323f1ca7361" executionId="f809b2d1-92f3-4263-beca-99a05000fb81" testListId="8c84fa94-04c1-424b-9868-57a2d4851a1d" />
    <TestEntry testId="55c0b471-8a53-c449-3098-fee0c5a734d9" executionId="399c7906-003b-4815-9433-83856d2a37ea" testListId="8c84fa94-04c1-424b-9868-57a2d4851a1d" />
    <TestEntry testId="82cc4afb-3536-41e7-733f-232821e9dcce" executionId="7b1292e9-49c6-47d6-921b-6e691f03aee2" testListId="8c84fa94-04c1-424b-9868-57a2d4851a1d" />
    <TestEntry testId="06b58cd0-6c15-399c-700f-2814aca242b7" executionId="9ce00bb8-783d-458a-ab5d-5c1d8bcde842" testListId="8c84fa94-04c1-424b-9868-57a2d4851a1d" />
    <TestEntry testId="97430c40-d931-b5a5-c6d6-9c5f8f606a3b" executionId="31b91d41-9d82-46e8-ac0a-c3f2862b2bab" testListId="8c84fa94-04c1-424b-9868-57a2d4851a1d" />
    <TestEntry testId="8871e345-da4a-ceef-2d79-a7400b4dcd1b" executionId="712b4238-28d5-408b-933e-486284f39996" testListId="8c84fa94-04c1-424b-9868-57a2d4851a1d" />
    <TestEntry testId="9e63d531-6c96-bef4-9d94-24ceea7091dd" executionId="f4ff9680-2b0d-49ac-935d-dbd47dcda42d" testListId="8c84fa94-04c1-424b-9868-57a2d4851a1d" />
    <TestEntry testId="8916669c-afe8-dab3-85e8-552c34b3e0a6" executionId="b490f2a2-d4ca-441f-96f1-3b30c206213c" testListId="8c84fa94-04c1-424b-9868-57a2d4851a1d" />
    <TestEntry testId="152b0cee-60fc-b976-ea1d-c621038125b7" executionId="2d142d56-4052-4195-ae42-c79c7d239c89" testListId="8c84fa94-04c1-424b-9868-57a2d4851a1d" />
    <TestEntry testId="ff9b51db-b127-8b0d-baab-470e3b0f9cf9" executionId="5ea5e3e1-0f22-4ee0-8ac0-1a2574e976d8" testListId="8c84fa94-04c1-424b-9868-57a2d4851a1d" />
    <TestEntry testId="82990589-b635-3ace-2c83-4ec26109a0e9" executionId="f8483ef4-8cd0-4556-bc91-51bd6aff79b9" testListId="8c84fa94-04c1-424b-9868-57a2d4851a1d" />
    <TestEntry testId="03b43b50-7722-2f24-1743-3cd098761796" executionId="980d08cd-afbe-4f01-9210-0d1cbf52e66e" testListId="8c84fa94-04c1-424b-9868-57a2d4851a1d" />
    <TestEntry testId="f51c13a5-f8e5-391b-90f1-de4c51eda3fb" executionId="5e3b66db-e1df-4a77-a43f-40ce975b76c3" testListId="8c84fa94-04c1-424b-9868-57a2d4851a1d" />
    <TestEntry testId="ed9b04fb-7106-0688-dab6-14fa31d963eb" executionId="90eee237-7675-42fb-9f7a-9d36090110af" testListId="8c84fa94-04c1-424b-9868-57a2d4851a1d" />
    <TestEntry testId="9121862d-7651-e785-8d41-1e248e23df3e" executionId="584fc928-2dfa-4b0c-8d7c-a10af917bfea" testListId="8c84fa94-04c1-424b-9868-57a2d4851a1d" />
    <TestEntry testId="00f8543b-a8d0-7f93-3e11-3d2986314518" executionId="2a36f2ea-c4c9-4c17-a859-dd2e8fa8b89f" testListId="8c84fa94-04c1-424b-9868-57a2d4851a1d" />
    <TestEntry testId="9859f1e9-7a0c-fa90-62bd-f573fbfc93cc" executionId="f0f75bbf-3bbf-4a8c-8253-027e9e9c140f" testListId="8c84fa94-04c1-424b-9868-57a2d4851a1d" />
    <TestEntry testId="cf8e3644-8f3a-7deb-0d4b-6b87e7b11651" executionId="292e7ac0-935c-436b-9529-5d208619c0be" testListId="8c84fa94-04c1-424b-9868-57a2d4851a1d" />
    <TestEntry testId="5901c257-1413-0189-db71-cb3ff7b4ad1a" executionId="0300293f-8c8d-4796-b497-31442fd7734a" testListId="8c84fa94-04c1-424b-9868-57a2d4851a1d" />
    <TestEntry testId="85abd4c9-dce8-1604-b5a2-5722c44e0ccd" executionId="cfdd86ac-83d3-46a9-85b5-1f0f2f9c2111" testListId="8c84fa94-04c1-424b-9868-57a2d4851a1d" />
    <TestEntry testId="f5302ae5-1b26-8358-0374-013a26e19fce" executionId="2ab7b65f-4c08-4ea8-ac84-1b89e9bd6ef5" testListId="8c84fa94-04c1-424b-9868-57a2d4851a1d" />
    <TestEntry testId="ec8cf162-2bc0-190e-33c9-ba07c46c4d5f" executionId="887f7829-3901-47e7-991d-38027e2ccf0c" testListId="8c84fa94-04c1-424b-9868-57a2d4851a1d" />
    <TestEntry testId="a4fa3bfc-63f5-d782-4638-a12b80c073ae" executionId="38bede45-861b-4ea6-82c8-314bb06e5f8b" testListId="8c84fa94-04c1-424b-9868-57a2d4851a1d" />
    <TestEntry testId="344c74cc-d199-f99b-54d7-ccb8b3e749d2" executionId="9101e054-1559-49aa-9463-a6cdf2c49c3d" testListId="8c84fa94-04c1-424b-9868-57a2d4851a1d" />
    <TestEntry testId="5bca024a-cad3-f245-355e-1236a2e0d2a1" executionId="f7553662-c4ba-4c11-9b99-a6b69d34e5f1" testListId="8c84fa94-04c1-424b-9868-57a2d4851a1d" />
    <TestEntry testId="5684c83f-9fc9-6501-55bf-4ea644b8e874" executionId="b4c4983d-9299-48d4-a0e1-106e91388b9e" testListId="8c84fa94-04c1-424b-9868-57a2d4851a1d" />
    <TestEntry testId="354834fd-d306-bbfe-b123-f50a27fcc849" executionId="015ade2c-9091-40d7-8bd3-4f39179e1c5d" testListId="8c84fa94-04c1-424b-9868-57a2d4851a1d" />
    <TestEntry testId="1002fe5d-fdc5-b540-93ea-9d0c335805fc" executionId="f5af7319-3334-41c2-aa6d-8ab0e8f2394d" testListId="8c84fa94-04c1-424b-9868-57a2d4851a1d" />
    <TestEntry testId="f61a8181-c867-1fbd-c8e7-b0581d33b6fc" executionId="5754de8a-f8ad-44e0-9be7-31e0442c833c" testListId="8c84fa94-04c1-424b-9868-57a2d4851a1d" />
    <TestEntry testId="eb610847-ded7-c8b6-3a4f-e823193e1779" executionId="6baa0f99-5601-419a-904a-06ecf05ed469" testListId="8c84fa94-04c1-424b-9868-57a2d4851a1d" />
    <TestEntry testId="02588b7e-7557-c720-8391-9bbd007dd3c3" executionId="d03185d1-3379-4922-ba09-561a09202bd6" testListId="8c84fa94-04c1-424b-9868-57a2d4851a1d" />
    <TestEntry testId="bd2347ec-f5d7-b535-8604-867c18909019" executionId="3e74e1a4-3258-402d-93d1-e92f176b4790" testListId="8c84fa94-04c1-424b-9868-57a2d4851a1d" />
    <TestEntry testId="5b573373-a855-b0ce-9027-ad81e9fe090f" executionId="f8523331-5e90-49b5-99f8-3d34a7c0f0a0" testListId="8c84fa94-04c1-424b-9868-57a2d4851a1d" />
    <TestEntry testId="03de7465-7a06-21aa-7679-b5710b414624" executionId="529b1b2e-c949-4f74-8acb-f6956cd5a022" testListId="8c84fa94-04c1-424b-9868-57a2d4851a1d" />
    <TestEntry testId="a6a74455-5c83-92ac-1b40-0e4fa4c7f42f" executionId="02f62326-45d1-47b4-90be-3909904e8a3f" testListId="8c84fa94-04c1-424b-9868-57a2d4851a1d" />
    <TestEntry testId="9d1ac830-7cb0-6b41-b2a5-4ca016eff9b8" executionId="23615984-3cc3-4a05-9cdc-a0a04ce14f1b" testListId="8c84fa94-04c1-424b-9868-57a2d4851a1d" />
    <TestEntry testId="67fdfc6e-fab2-ac98-bbf0-99d5426a0f11" executionId="064f4974-0650-4b2a-a11d-80a717eaac55" testListId="8c84fa94-04c1-424b-9868-57a2d4851a1d" />
    <TestEntry testId="2829cc83-9b8d-061d-105f-24776c4b0258" executionId="15fafe56-210d-492d-896f-95f0600136c2" testListId="8c84fa94-04c1-424b-9868-57a2d4851a1d" />
    <TestEntry testId="6e6e77f5-245f-c34b-f1d0-0bb29d441be0" executionId="bb78a616-a069-40af-82d9-5c719d6a538b" testListId="8c84fa94-04c1-424b-9868-57a2d4851a1d" />
    <TestEntry testId="35ad6b17-bfb0-9425-c3bf-2e2e78039076" executionId="11dd839b-266f-41b6-a5fd-f1e5bb5a8370" testListId="8c84fa94-04c1-424b-9868-57a2d4851a1d" />
    <TestEntry testId="b946e171-33d8-3668-e066-39648eaa05f3" executionId="5766e261-7ca0-478e-8dee-90a7fc4630b4" testListId="8c84fa94-04c1-424b-9868-57a2d4851a1d" />
    <TestEntry testId="6c4497e9-e9ab-b3c5-5f0e-af65bcb3347e" executionId="5eba1492-7c9f-4484-9edf-aab965d40010" testListId="8c84fa94-04c1-424b-9868-57a2d4851a1d" />
    <TestEntry testId="7ae4a1f4-94b7-7a8f-c127-3b945b721ed8" executionId="1b9379b8-ea37-4b7b-bf47-afa83c3ac36d" testListId="8c84fa94-04c1-424b-9868-57a2d4851a1d" />
    <TestEntry testId="7ced7c16-30ac-34ae-cc70-4383f9bbd8af" executionId="bbd8b141-1145-4be3-9e1f-1870cdb2ff3a" testListId="8c84fa94-04c1-424b-9868-57a2d4851a1d" />
    <TestEntry testId="7b10c777-5c0b-337f-22d6-2646e5b372fc" executionId="707a28fa-706e-471a-81aa-3c427bfe7e86" testListId="8c84fa94-04c1-424b-9868-57a2d4851a1d" />
    <TestEntry testId="c58ef1f6-ef92-77e4-81ee-b2455945eb55" executionId="d4eceefb-6ba8-499e-a72e-9d74316baafb" testListId="8c84fa94-04c1-424b-9868-57a2d4851a1d" />
    <TestEntry testId="4b952834-0343-c040-cdd1-a96cc9e75de7" executionId="db989803-ea11-4d38-8ade-4ab4befe7c91" testListId="8c84fa94-04c1-424b-9868-57a2d4851a1d" />
    <TestEntry testId="7580e5f8-d5c2-c95c-21c4-429679e698c0" executionId="fdad17fc-ca33-45e5-bd63-1d8a1638ba46" testListId="8c84fa94-04c1-424b-9868-57a2d4851a1d" />
    <TestEntry testId="4c224c87-09cd-ceb5-368b-fa0914e2789b" executionId="70d713f8-09d1-42b6-87db-51a2dcb3e0e2" testListId="8c84fa94-04c1-424b-9868-57a2d4851a1d" />
    <TestEntry testId="31577d63-fef0-b361-ce63-ffe6bf198506" executionId="04b4e9f8-c6c9-444d-a2b9-1c6d142e5009" testListId="8c84fa94-04c1-424b-9868-57a2d4851a1d" />
    <TestEntry testId="844d30da-d117-dd47-6262-4d8b52e39421" executionId="e997895f-eba2-4345-a8f8-bf29c3d999ff" testListId="8c84fa94-04c1-424b-9868-57a2d4851a1d" />
    <TestEntry testId="391edcc3-034a-2f23-8b03-4a43192cc981" executionId="a848281e-d0d7-4e74-b985-b0ea98c97aab" testListId="8c84fa94-04c1-424b-9868-57a2d4851a1d" />
    <TestEntry testId="c86601ba-a14c-3012-70ec-5bf13036dbb5" executionId="04d8485f-1481-4107-bef5-b9cad67bab6e" testListId="8c84fa94-04c1-424b-9868-57a2d4851a1d" />
    <TestEntry testId="bc42c1b4-be5e-c69e-5a51-b826dee331f3" executionId="e3bbc4f0-4c12-4b88-b663-a5d09bce0db6" testListId="8c84fa94-04c1-424b-9868-57a2d4851a1d" />
    <TestEntry testId="7c9d7bde-1889-3b37-65b8-3fa66ce2d771" executionId="7d0f9227-cad2-4fbe-889e-c39644ab3324" testListId="8c84fa94-04c1-424b-9868-57a2d4851a1d" />
    <TestEntry testId="a780cbe8-57f9-0e6d-aeb2-f91dffe0d63c" executionId="74412c9e-095a-4c57-901c-cb244919e913" testListId="8c84fa94-04c1-424b-9868-57a2d4851a1d" />
    <TestEntry testId="1f3fdfbb-91fc-01ee-925a-9ebae737b72d" executionId="1a34ec87-4362-4cdb-8edc-4a82aaf6467e" testListId="8c84fa94-04c1-424b-9868-57a2d4851a1d" />
    <TestEntry testId="16f550c0-de50-781b-0959-93b59dc5d5ba" executionId="13dff08e-0111-480e-a773-7d6adc3c5d41" testListId="8c84fa94-04c1-424b-9868-57a2d4851a1d" />
    <TestEntry testId="71188bb9-284a-bf1f-a499-13a945aed754" executionId="4d0bf4e0-7008-41e9-a621-5892b651b432" testListId="8c84fa94-04c1-424b-9868-57a2d4851a1d" />
    <TestEntry testId="18f93121-7e83-bbf0-98ee-4ee420f5ecd1" executionId="ed6fbfec-1715-4f54-8ea8-a2d619ca826f" testListId="8c84fa94-04c1-424b-9868-57a2d4851a1d" />
    <TestEntry testId="28701de4-eade-47c6-0565-e81a9ab9d6fa" executionId="5db72e17-2ab5-4f7d-b87d-35eae6573b1a" testListId="8c84fa94-04c1-424b-9868-57a2d4851a1d" />
    <TestEntry testId="fe3e21cb-7cad-4d47-0bc0-04db3ff0e028" executionId="8fa10b78-672f-4d34-8315-ba6f196c3907" testListId="8c84fa94-04c1-424b-9868-57a2d4851a1d" />
    <TestEntry testId="c0068267-b431-6503-65ac-a798fd442fea" executionId="961aecf5-f4a7-4556-88f4-3ced59c88d10" testListId="8c84fa94-04c1-424b-9868-57a2d4851a1d" />
    <TestEntry testId="5a7311b9-7f49-b785-43b5-d7b63353f4a1" executionId="c84aabd5-b4e1-446b-8318-e2c03b0123ce" testListId="8c84fa94-04c1-424b-9868-57a2d4851a1d" />
    <TestEntry testId="24763f3a-7b3d-281e-6b50-9876bb6d6b14" executionId="50a01053-fb96-4564-a747-d285fdfce274" testListId="8c84fa94-04c1-424b-9868-57a2d4851a1d" />
    <TestEntry testId="d257f43a-ffa4-92d5-a1da-0840bec3d442" executionId="324bd151-c54e-417a-84bc-81f72e757e51" testListId="8c84fa94-04c1-424b-9868-57a2d4851a1d" />
    <TestEntry testId="21838aa6-6c20-e6a6-8459-3440fa3feb8d" executionId="98531ffd-6764-453b-bd43-1ad75e81f9e6" testListId="8c84fa94-04c1-424b-9868-57a2d4851a1d" />
    <TestEntry testId="210e597f-b1ff-3e29-e2d8-6ff1ed3cb503" executionId="78648b0b-a122-4716-b751-be9308dd4e22" testListId="8c84fa94-04c1-424b-9868-57a2d4851a1d" />
    <TestEntry testId="49e10312-0663-cc79-158e-7d3cb2a101cb" executionId="6825d4c5-9470-47b6-b6b6-0620364996c3" testListId="8c84fa94-04c1-424b-9868-57a2d4851a1d" />
    <TestEntry testId="5eae2ac7-c0da-a06e-719d-70aa94a30d9d" executionId="78425cf6-0531-492c-a97a-6d56ced58d55" testListId="8c84fa94-04c1-424b-9868-57a2d4851a1d" />
    <TestEntry testId="9a5e88d0-acb8-77b1-acb7-fc2b3db675fe" executionId="51142420-0b1c-431c-9a4a-55f5a9895372" testListId="8c84fa94-04c1-424b-9868-57a2d4851a1d" />
    <TestEntry testId="51cb5e73-2daf-67cf-7740-ee84479a87af" executionId="b9d65032-7b9e-4b21-a231-ac209755da5b" testListId="8c84fa94-04c1-424b-9868-57a2d4851a1d" />
    <TestEntry testId="8951f870-881c-3a35-17f5-1cb242927a2f" executionId="7d097198-c8be-45c4-bee9-7142d1b6c5fc" testListId="8c84fa94-04c1-424b-9868-57a2d4851a1d" />
    <TestEntry testId="71b4a528-23d9-6c06-7f30-79132762dbab" executionId="60a2ebaf-c301-4aef-aaf0-b8977069c875" testListId="8c84fa94-04c1-424b-9868-57a2d4851a1d" />
    <TestEntry testId="501ba2df-24ab-2f81-945f-012257f2e660" executionId="f5ee7a34-95f4-418f-994a-25f527924aed" testListId="8c84fa94-04c1-424b-9868-57a2d4851a1d" />
    <TestEntry testId="cae2f4a3-0aac-f2b3-8318-20301651883f" executionId="39d3c92c-f8bb-4609-ace5-e70c1858152b" testListId="8c84fa94-04c1-424b-9868-57a2d4851a1d" />
    <TestEntry testId="b08efac4-f7b4-86e1-e265-8c0896e348bb" executionId="65285083-9a0c-4e78-a9f1-f9fa9a1710ee" testListId="8c84fa94-04c1-424b-9868-57a2d4851a1d" />
    <TestEntry testId="71334d04-89b7-78cf-1a9e-6deb8a35af14" executionId="b453ae5a-c94a-450d-aa7a-1aadf007c080" testListId="8c84fa94-04c1-424b-9868-57a2d4851a1d" />
    <TestEntry testId="5111f921-124c-75f5-e142-9e27da0ffa41" executionId="dbd04c71-8af5-43d0-a483-9620a857cfa7" testListId="8c84fa94-04c1-424b-9868-57a2d4851a1d" />
    <TestEntry testId="b034be6b-6f7a-829c-3bd2-01289d08479f" executionId="0d553563-146e-4f62-8be3-612f2e7985a9" testListId="8c84fa94-04c1-424b-9868-57a2d4851a1d" />
    <TestEntry testId="aa77376e-ef01-4b80-bbbc-46aaa0c74298" executionId="be93028c-b515-4706-a706-30a40203a035" testListId="8c84fa94-04c1-424b-9868-57a2d4851a1d" />
    <TestEntry testId="8f15d6b4-2cd3-70d8-4fca-e4c7e4773f03" executionId="72648ce0-1829-4ad4-9080-ad699efabbd8" testListId="8c84fa94-04c1-424b-9868-57a2d4851a1d" />
    <TestEntry testId="64b2cf54-6e1b-2d0a-a200-c80861e76853" executionId="bb12dca4-430e-460e-b91b-dbdc292a0349" testListId="8c84fa94-04c1-424b-9868-57a2d4851a1d" />
    <TestEntry testId="ebf8fd1b-1a44-cfc2-11b4-b52e882f3ade" executionId="0cf3c9ea-61aa-414e-8b72-df108760488f" testListId="8c84fa94-04c1-424b-9868-57a2d4851a1d" />
    <TestEntry testId="17f7715f-e521-d6e9-3c99-4fafcd6adba9" executionId="316a18e7-f3dd-4925-903a-4846847bf7a0" testListId="8c84fa94-04c1-424b-9868-57a2d4851a1d" />
    <TestEntry testId="f31e196b-516d-6cf5-8a0e-f068ca39931c" executionId="250c6ad2-17fa-4bc7-98c0-a4c3a0f3bc9c" testListId="8c84fa94-04c1-424b-9868-57a2d4851a1d" />
    <TestEntry testId="18191da9-0984-0f3b-126b-81974bfca015" executionId="bd051aa0-acc1-410e-acbf-0dc0844199e1" testListId="8c84fa94-04c1-424b-9868-57a2d4851a1d" />
    <TestEntry testId="ab813323-1f2c-c44f-544b-bff76e99e7d9" executionId="6c29e940-3d77-4b3e-810c-eed82ca35aba" testListId="8c84fa94-04c1-424b-9868-57a2d4851a1d" />
    <TestEntry testId="85363cf0-041e-8fae-3bb0-ba21039404b2" executionId="a1cd883d-1dc1-4490-a83f-d45411144619" testListId="8c84fa94-04c1-424b-9868-57a2d4851a1d" />
    <TestEntry testId="897905b9-9c06-5ca9-9284-078dac8f195e" executionId="4e4cec0f-37c0-42f3-96eb-b7a7cd534815" testListId="8c84fa94-04c1-424b-9868-57a2d4851a1d" />
    <TestEntry testId="96f6519b-60d5-0ac4-af54-b3a07885e942" executionId="59d5707e-943a-488c-b16b-1faf279b9409" testListId="8c84fa94-04c1-424b-9868-57a2d4851a1d" />
    <TestEntry testId="4c490d36-a761-c20e-4b0e-2ca5916bb3d5" executionId="aa7924c1-f7c3-4caa-a06e-888ccaf330c9" testListId="8c84fa94-04c1-424b-9868-57a2d4851a1d" />
    <TestEntry testId="a70ef326-739e-403b-fa6d-15d111d9b050" executionId="e5c90843-1fcb-4143-80d4-addf16acbb14" testListId="8c84fa94-04c1-424b-9868-57a2d4851a1d" />
    <TestEntry testId="0ada7e62-ef10-ec08-7ed3-66a98abd19fb" executionId="be272618-3832-4df6-b90d-cd64d86ff674" testListId="8c84fa94-04c1-424b-9868-57a2d4851a1d" />
    <TestEntry testId="ea277a36-89c6-815e-1e01-7067106a6b4d" executionId="3144a89a-8e52-44ce-94f4-73d1bcf7c044" testListId="8c84fa94-04c1-424b-9868-57a2d4851a1d" />
    <TestEntry testId="ae05e6e7-ea4a-0fe2-a66f-35a221e633e4" executionId="3ff53406-a5f3-4c4a-8c60-3c20c344b1c2" testListId="8c84fa94-04c1-424b-9868-57a2d4851a1d" />
    <TestEntry testId="54eb4d72-1852-5272-c0dc-48b1ff6b21d0" executionId="b651d2df-b08f-4888-99ab-1d1b0b8cab37" testListId="8c84fa94-04c1-424b-9868-57a2d4851a1d" />
    <TestEntry testId="b48c1686-56b0-e245-e0ab-56420221ccdb" executionId="8b4ee09b-8605-44ea-b459-7c00cfefe340" testListId="8c84fa94-04c1-424b-9868-57a2d4851a1d" />
    <TestEntry testId="2b05d66f-6eab-6c59-3bad-2b91d74af1f8" executionId="5be7194a-354a-40b1-b222-33d6eb698316" testListId="8c84fa94-04c1-424b-9868-57a2d4851a1d" />
    <TestEntry testId="bd229655-143b-1b1b-ec0b-adaf896bea6c" executionId="b7aa4050-9c24-42dc-9eac-f47e7741c85a" testListId="8c84fa94-04c1-424b-9868-57a2d4851a1d" />
    <TestEntry testId="fdc9d812-74c3-9717-389c-52a085932790" executionId="b79d6c1c-a527-4683-9e86-90fb83610d2e" testListId="8c84fa94-04c1-424b-9868-57a2d4851a1d" />
    <TestEntry testId="ef5934c2-89c7-ba3b-d50d-cde107766052" executionId="3b0156eb-53f6-4562-a2ca-af153523991a" testListId="8c84fa94-04c1-424b-9868-57a2d4851a1d" />
    <TestEntry testId="d601681d-494b-166a-1ad7-ee5a6fe068cf" executionId="43fec166-a661-41cd-a7a8-6aa922ad9c89" testListId="8c84fa94-04c1-424b-9868-57a2d4851a1d" />
    <TestEntry testId="ab5b44e2-4833-fbfc-d6e0-c6c6053d8946" executionId="c0c1c33f-8154-4238-bad8-67f5d891da52" testListId="8c84fa94-04c1-424b-9868-57a2d4851a1d" />
    <TestEntry testId="b7894708-c5fd-1c4b-046b-3230351e39fa" executionId="655e5399-69c6-439d-ac0d-74677d97444c" testListId="8c84fa94-04c1-424b-9868-57a2d4851a1d" />
    <TestEntry testId="cbd89ae8-cf20-7fa7-6c2d-f96c5832b99b" executionId="dd26b43b-c1f3-4f05-ae87-f18ec8a8f421" testListId="8c84fa94-04c1-424b-9868-57a2d4851a1d" />
    <TestEntry testId="bce9cd4b-9ac5-326f-962f-64987637a19f" executionId="7fb6c50f-3136-4e1d-9a74-1379c16a371b" testListId="8c84fa94-04c1-424b-9868-57a2d4851a1d" />
    <TestEntry testId="6886b164-e008-3ef3-e75b-a51f2f45f16a" executionId="7e8ea606-918c-42af-a152-736a8b946bab" testListId="8c84fa94-04c1-424b-9868-57a2d4851a1d" />
    <TestEntry testId="4a829b3e-18b8-4adb-2837-9513dfafa4e4" executionId="a1400949-1309-4334-b624-250e7159c133" testListId="8c84fa94-04c1-424b-9868-57a2d4851a1d" />
    <TestEntry testId="2c44d064-e1f4-5b59-aa7d-6ffaa047ff2e" executionId="e6b9cef2-8da1-4bc7-9104-c4948f5ca6b1" testListId="8c84fa94-04c1-424b-9868-57a2d4851a1d" />
    <TestEntry testId="13f3f0e1-a97a-104b-bee8-cb387e437e56" executionId="fd511cf2-4301-443a-b2c7-ba83be52e48b" testListId="8c84fa94-04c1-424b-9868-57a2d4851a1d" />
    <TestEntry testId="59bddf83-49e7-49f8-3727-b2be9f138120" executionId="ba46d798-66de-4750-bd0b-4596a595b138" testListId="8c84fa94-04c1-424b-9868-57a2d4851a1d" />
    <TestEntry testId="a30154df-2240-f89a-e298-9ef2d83e005f" executionId="09fef8a7-c6a8-44b9-8a33-f4fbd60816e2" testListId="8c84fa94-04c1-424b-9868-57a2d4851a1d" />
    <TestEntry testId="028712d4-ea42-6a6b-1ea2-ec575befefd7" executionId="4be26689-7628-4166-998c-c261a06e05c6" testListId="8c84fa94-04c1-424b-9868-57a2d4851a1d" />
    <TestEntry testId="a4b49387-44c9-5d3d-7cda-abd86a085d81" executionId="af90f17f-95a4-4fa0-b03e-d7b1fc0e7574" testListId="8c84fa94-04c1-424b-9868-57a2d4851a1d" />
    <TestEntry testId="5125c027-c058-a8ec-9eab-e02475fab69c" executionId="8ee65fed-bbad-48cd-b7b5-fe6044bfe6cc" testListId="8c84fa94-04c1-424b-9868-57a2d4851a1d" />
    <TestEntry testId="b778e8de-1409-f4bb-175d-993bdbd931d5" executionId="11ebdab8-7616-413e-9ef7-37ca06f54e84" testListId="8c84fa94-04c1-424b-9868-57a2d4851a1d" />
    <TestEntry testId="f9a06835-2b14-abfc-a65b-94f4964fa4f9" executionId="dff9ba6f-d3c3-427e-ad0f-36152a6bfbd8" testListId="8c84fa94-04c1-424b-9868-57a2d4851a1d" />
    <TestEntry testId="5d763cac-d0e4-a6d4-997b-8ade3eb0aa69" executionId="6587dda1-c8ed-4ab6-86cf-b299a0aa35c5" testListId="8c84fa94-04c1-424b-9868-57a2d4851a1d" />
    <TestEntry testId="4c4fc8ef-8065-344f-c6b2-eb289a527cda" executionId="ed97a49d-f7e3-43df-91b8-8f4c9dd3bb64" testListId="8c84fa94-04c1-424b-9868-57a2d4851a1d" />
    <TestEntry testId="ca0ae284-74b2-705a-99eb-1e807c849660" executionId="f5e51289-edee-4eb0-89a5-aea91ff3f907" testListId="8c84fa94-04c1-424b-9868-57a2d4851a1d" />
    <TestEntry testId="752811a2-fffd-1f7e-7e8f-e27228876439" executionId="2cb73dc3-cdfd-4351-aa17-04018bcb2759" testListId="8c84fa94-04c1-424b-9868-57a2d4851a1d" />
    <TestEntry testId="76278097-a3d6-6ad6-d01b-435dce3133f9" executionId="8e9ac7ec-8761-46c4-b9e7-34bac8686ec2" testListId="8c84fa94-04c1-424b-9868-57a2d4851a1d" />
    <TestEntry testId="535b7875-bed6-a497-edd0-8efabaa2b58e" executionId="0558fb7b-2e29-4530-a93f-a201d5ab8dca" testListId="8c84fa94-04c1-424b-9868-57a2d4851a1d" />
    <TestEntry testId="6ca188d6-deb8-8885-04cd-11d7838a89fc" executionId="20a055f9-7004-4441-9701-8fdcc40177f7" testListId="8c84fa94-04c1-424b-9868-57a2d4851a1d" />
    <TestEntry testId="71a2c4bb-53ea-1a3d-5454-67c86dd74f56" executionId="e8a4d1ac-c1cd-490f-b789-16ece5a8157f" testListId="8c84fa94-04c1-424b-9868-57a2d4851a1d" />
    <TestEntry testId="e57ac828-e458-3059-ff34-8ce6d5beb26f" executionId="26d7d54a-2424-4f99-bb01-b58ab42b920b" testListId="8c84fa94-04c1-424b-9868-57a2d4851a1d" />
    <TestEntry testId="627305e1-a239-38bc-ce15-bb139f62b0e5" executionId="6206f1b5-9fcf-43a8-8b99-a92ed8a5a89d" testListId="8c84fa94-04c1-424b-9868-57a2d4851a1d" />
    <TestEntry testId="692e1ef5-29f9-7775-9af4-f150a1d1cd1a" executionId="6c6c3319-85f2-4978-996c-808b58bb11d8" testListId="8c84fa94-04c1-424b-9868-57a2d4851a1d" />
    <TestEntry testId="a7d941f9-08c6-147f-0397-e58582d01834" executionId="fba0f9ab-8e1b-4b96-8e8a-992a33abb2e5" testListId="8c84fa94-04c1-424b-9868-57a2d4851a1d" />
    <TestEntry testId="e5250280-dc89-30f7-97dc-f92afde611e3" executionId="44037a58-f7c8-4334-af98-2129de0c9eba" testListId="8c84fa94-04c1-424b-9868-57a2d4851a1d" />
    <TestEntry testId="b6d654d9-c9e9-77d4-0d0d-43ba5289d8c1" executionId="59de3489-64a7-4219-b772-80a4f23444aa" testListId="8c84fa94-04c1-424b-9868-57a2d4851a1d" />
    <TestEntry testId="ab04340f-7d5c-cf38-1e0a-a3851d926ca9" executionId="b830d680-1500-4b5f-97bf-1ee1f05286c0" testListId="8c84fa94-04c1-424b-9868-57a2d4851a1d" />
    <TestEntry testId="47198a91-6e8f-7616-571d-b146bfab3634" executionId="d445c59a-42e5-4e0e-9a18-0fbc3478bfc1" testListId="8c84fa94-04c1-424b-9868-57a2d4851a1d" />
    <TestEntry testId="6a6666be-f8b4-bb89-a3e1-9fdf6384689c" executionId="db27766e-09b9-43a4-83bd-4ad51c04fed3" testListId="8c84fa94-04c1-424b-9868-57a2d4851a1d" />
    <TestEntry testId="d510e34c-c438-e23b-b310-c9fe2748126c" executionId="f9cd425c-3ad0-4591-afb6-0d7f9aecd806" testListId="8c84fa94-04c1-424b-9868-57a2d4851a1d" />
    <TestEntry testId="c197742c-9e0a-dd28-c4fd-4f558c6bab1e" executionId="277f4e23-9e1d-4b38-9316-a63e401a7d74" testListId="8c84fa94-04c1-424b-9868-57a2d4851a1d" />
    <TestEntry testId="b2560cde-f76c-b138-bab4-df2e2dfa1197" executionId="d592f411-8ba3-4ac4-b8fd-6b94e6c32ee7" testListId="8c84fa94-04c1-424b-9868-57a2d4851a1d" />
    <TestEntry testId="da6c272c-94ae-5128-336b-12cd2edb3ba8" executionId="05d09890-d634-4da8-92e7-34b869d33fa1" testListId="8c84fa94-04c1-424b-9868-57a2d4851a1d" />
    <TestEntry testId="1b6ed9e5-3b6b-3380-c109-f0f80d9265e6" executionId="b7890f16-52ba-4192-bc21-e0098c09abb7" testListId="8c84fa94-04c1-424b-9868-57a2d4851a1d" />
    <TestEntry testId="94d1153e-02f0-612a-1e94-2ab56594d4a3" executionId="2989dec9-8636-4d47-973c-0880bd087e86" testListId="8c84fa94-04c1-424b-9868-57a2d4851a1d" />
    <TestEntry testId="4efe566f-562a-653e-7c47-81437df81d7c" executionId="9e5c6ac6-4eee-4175-8d93-fb0b92abcfa8" testListId="8c84fa94-04c1-424b-9868-57a2d4851a1d" />
    <TestEntry testId="0d83a0f2-e7f5-21d6-b52a-bd0bcb16e4c5" executionId="1c974628-2eaa-4cb1-9c43-aad2770339b3" testListId="8c84fa94-04c1-424b-9868-57a2d4851a1d" />
    <TestEntry testId="d4b65791-6198-f596-1cc7-812d5c729214" executionId="d3ac6411-9537-4855-817a-118bb2583ec9" testListId="8c84fa94-04c1-424b-9868-57a2d4851a1d" />
    <TestEntry testId="2562dc79-fac3-2058-09d6-e426f673e255" executionId="83396c80-0e61-43b0-b58d-d9a9e1b5615e" testListId="8c84fa94-04c1-424b-9868-57a2d4851a1d" />
    <TestEntry testId="ee814e16-2d8b-6e78-8ec8-40b394e41198" executionId="91c00d7b-09b4-4f96-9447-dc3e1a5a552c" testListId="8c84fa94-04c1-424b-9868-57a2d4851a1d" />
    <TestEntry testId="5b65543c-09f2-e087-ab26-95de4f20e735" executionId="27cf85e4-2cb1-46fb-959f-eaa9249e8491" testListId="8c84fa94-04c1-424b-9868-57a2d4851a1d" />
    <TestEntry testId="1e2a6a6a-5ab5-1a85-3320-699b3f2dd23c" executionId="2420cd02-26e2-4290-9037-b0f2e3fbbf2d" testListId="8c84fa94-04c1-424b-9868-57a2d4851a1d" />
    <TestEntry testId="283fd981-e45f-9a20-0c75-8cc215238ab7" executionId="be492dc7-03a4-468d-afb1-1370754f9b33" testListId="8c84fa94-04c1-424b-9868-57a2d4851a1d" />
    <TestEntry testId="13f8b602-5010-e9d0-2411-d7bae7a0966c" executionId="0123e074-055b-4e63-a93f-de73bb57b2c9" testListId="8c84fa94-04c1-424b-9868-57a2d4851a1d" />
    <TestEntry testId="d6f84574-3d38-8c00-deca-e8ef045d4035" executionId="c3e3c718-dd23-4d8f-a8d7-2be9e0051696" testListId="8c84fa94-04c1-424b-9868-57a2d4851a1d" />
    <TestEntry testId="6d6a1901-e881-7b27-60cf-fede6f2789f0" executionId="3fb61800-72d4-4b73-9584-87a39a606f48" testListId="8c84fa94-04c1-424b-9868-57a2d4851a1d" />
    <TestEntry testId="02b10486-daae-4661-1822-cea69f3de9d6" executionId="620badd7-7ece-470f-9d47-c1e8effcd8ba" testListId="8c84fa94-04c1-424b-9868-57a2d4851a1d" />
    <TestEntry testId="50490934-a40c-3c28-332d-fb99584ace0b" executionId="8a2ab930-35ac-4df8-a275-a06cb4228238" testListId="8c84fa94-04c1-424b-9868-57a2d4851a1d" />
    <TestEntry testId="6bf83a60-0db8-b61e-fea4-d3df95ecfa18" executionId="4d12af57-5a0a-46d6-a2b7-7be435048322" testListId="8c84fa94-04c1-424b-9868-57a2d4851a1d" />
    <TestEntry testId="9f33a2a8-a2a8-8270-52c5-00a9f78ad6c3" executionId="e1a56a6d-a176-4fb4-8433-570ae4d80b8b" testListId="8c84fa94-04c1-424b-9868-57a2d4851a1d" />
    <TestEntry testId="8acf3943-4af5-f15c-7fe4-309418eea67b" executionId="72861e50-4c3a-4bc4-8d7b-4937e48cb556" testListId="8c84fa94-04c1-424b-9868-57a2d4851a1d" />
    <TestEntry testId="ec567ac7-a5de-33c2-8e84-3b137a5e5e96" executionId="8916b25f-bb68-42f9-9136-d1e187b2f6eb" testListId="8c84fa94-04c1-424b-9868-57a2d4851a1d" />
    <TestEntry testId="04806f7b-03aa-14f4-51c3-ea0830f3b23c" executionId="efac319c-9a92-4317-af9d-341e3de0832d" testListId="8c84fa94-04c1-424b-9868-57a2d4851a1d" />
    <TestEntry testId="32130ab7-17ba-93a1-0564-641463dfd4cc" executionId="16942842-8692-4fdf-b486-caecc777aca8" testListId="8c84fa94-04c1-424b-9868-57a2d4851a1d" />
    <TestEntry testId="eb6197af-8c59-2f77-e7c1-9347dc31fe0b" executionId="0e948f5f-a628-48f7-9c60-fb9da82d58e2" testListId="8c84fa94-04c1-424b-9868-57a2d4851a1d" />
    <TestEntry testId="88732431-e0b5-0833-dd8b-f57708f5c99c" executionId="bb80887e-8905-459d-9c9a-10add1eb1b30" testListId="8c84fa94-04c1-424b-9868-57a2d4851a1d" />
    <TestEntry testId="c36e22bb-f705-3706-6737-f6eda735b7e3" executionId="1a7bbb17-38ce-4019-8bd8-3569d75114d2" testListId="8c84fa94-04c1-424b-9868-57a2d4851a1d" />
    <TestEntry testId="3b78db6b-c935-12ae-474c-6dd83050c6e3" executionId="6d9adf73-6bce-40c4-a3d9-71b377f63ee7" testListId="8c84fa94-04c1-424b-9868-57a2d4851a1d" />
    <TestEntry testId="e3f65af1-d63b-5627-ed97-5cac8df329e6" executionId="487fac94-080b-4763-bd4c-9ba4e55497b4" testListId="8c84fa94-04c1-424b-9868-57a2d4851a1d" />
    <TestEntry testId="00898754-8a6e-f0a4-e99c-40eba4257cd9" executionId="d0ab614c-ef93-4dfd-a189-6e7dab4865bc" testListId="8c84fa94-04c1-424b-9868-57a2d4851a1d" />
    <TestEntry testId="fca8ab95-7af3-a90d-fbfd-65aa32ba21d7" executionId="4aaed71f-0a79-4c86-a81f-cb1dc050deb6" testListId="8c84fa94-04c1-424b-9868-57a2d4851a1d" />
    <TestEntry testId="9b8e51a1-e8ff-e865-8c46-6f38ecb98e8b" executionId="c30b4169-9e08-4352-834d-877c45aa1ac2" testListId="8c84fa94-04c1-424b-9868-57a2d4851a1d" />
    <TestEntry testId="8e667f7d-2264-ebaa-b986-22193a086f45" executionId="c53bb897-35b6-4bc0-b7a8-8c28d72d762f" testListId="8c84fa94-04c1-424b-9868-57a2d4851a1d" />
    <TestEntry testId="a83df13c-3df2-72fa-0a21-d0b24a47287a" executionId="e9a08d24-d85f-42af-8a8a-156087d8c4b3" testListId="8c84fa94-04c1-424b-9868-57a2d4851a1d" />
    <TestEntry testId="df2bfdb4-c7aa-203d-4453-5b5845c82589" executionId="7111dcb8-3e9b-4055-b07f-97ab764dc1be" testListId="8c84fa94-04c1-424b-9868-57a2d4851a1d" />
    <TestEntry testId="ac7c4b23-a97b-f854-9bff-5ab95012ea22" executionId="9b094c34-8f22-444c-8c48-39b844d31270" testListId="8c84fa94-04c1-424b-9868-57a2d4851a1d" />
    <TestEntry testId="b8af882f-b401-dac0-be50-59e73558edf4" executionId="e7294b9f-841e-403f-b113-88e0db57b60d" testListId="8c84fa94-04c1-424b-9868-57a2d4851a1d" />
    <TestEntry testId="8f899a25-6c20-0c02-2ca0-f7deff3e5646" executionId="ccb028d2-d206-4d9f-8571-9174cddcb17c" testListId="8c84fa94-04c1-424b-9868-57a2d4851a1d" />
    <TestEntry testId="19233934-abd8-3a91-20ec-8941bec8dc02" executionId="e9b16da0-7ece-4f1c-9dac-e629c58d754a" testListId="8c84fa94-04c1-424b-9868-57a2d4851a1d" />
    <TestEntry testId="b2789cfe-e74b-c0e0-45d4-e067ef604d7d" executionId="dca897f3-3491-4d94-8e6f-48da848ba122" testListId="8c84fa94-04c1-424b-9868-57a2d4851a1d" />
    <TestEntry testId="15c0aac0-d054-c5c8-74f3-93338a901d00" executionId="2699dd15-c048-4066-ac5e-155a74fe7f90" testListId="8c84fa94-04c1-424b-9868-57a2d4851a1d" />
    <TestEntry testId="320c0b8a-3a94-5805-aa9c-e9a39f19b01c" executionId="f3e46a1b-ca77-44ea-aff3-c3f88a6110c9" testListId="8c84fa94-04c1-424b-9868-57a2d4851a1d" />
    <TestEntry testId="5cd834f0-29d2-4f9c-2bff-18238675d87b" executionId="67f428df-e39d-4706-ba45-fc3ac046674e" testListId="8c84fa94-04c1-424b-9868-57a2d4851a1d" />
    <TestEntry testId="276c8ccc-e18f-b9de-0ebc-62b075b2ebc5" executionId="5e9e389a-4824-448f-b572-11aeaffb1ae8" testListId="8c84fa94-04c1-424b-9868-57a2d4851a1d" />
    <TestEntry testId="ac9a92ae-7590-9a1a-15a6-adea7c6af2b6" executionId="eac7a7f7-1115-4931-9fad-e14abce818a9" testListId="8c84fa94-04c1-424b-9868-57a2d4851a1d" />
    <TestEntry testId="4658f015-84dd-2054-52ea-0cc8fc63140b" executionId="ddd40759-f5e5-40a3-a435-e5ffe5777f61" testListId="8c84fa94-04c1-424b-9868-57a2d4851a1d" />
    <TestEntry testId="484f23f1-eead-057a-0210-92524f263bbe" executionId="da4b1f31-d7c6-41a6-ad9f-e4ef311bc473" testListId="8c84fa94-04c1-424b-9868-57a2d4851a1d" />
    <TestEntry testId="c09fe2ef-bc41-0572-f8e4-8f710e0178b9" executionId="93812630-2b1e-4674-bb05-398134abb1c7" testListId="8c84fa94-04c1-424b-9868-57a2d4851a1d" />
    <TestEntry testId="d390ef0e-58ac-fef2-cee1-ffb7e3a582c4" executionId="a8013ecd-c88a-4f18-96a1-a42523cfd2b6" testListId="8c84fa94-04c1-424b-9868-57a2d4851a1d" />
    <TestEntry testId="1d85a2bb-be79-a383-ebd8-f842a1feb192" executionId="8a0a6755-f45a-4de3-9c09-3b7f80ac4cd5" testListId="8c84fa94-04c1-424b-9868-57a2d4851a1d" />
    <TestEntry testId="e10d0180-78db-6b12-3297-e3df99079dd6" executionId="a0bf2be6-b9fd-4d67-a7a8-eceda5ad9ed2" testListId="8c84fa94-04c1-424b-9868-57a2d4851a1d" />
    <TestEntry testId="0fdce449-7410-bfb4-47b0-2e8aaa00a538" executionId="d19ede3b-211f-4080-b332-2bed8a371786" testListId="8c84fa94-04c1-424b-9868-57a2d4851a1d" />
    <TestEntry testId="16f3da9c-5207-8ee8-3f4b-1934d47e230c" executionId="b8fd003d-d222-4747-9136-85a0d50f240a" testListId="8c84fa94-04c1-424b-9868-57a2d4851a1d" />
    <TestEntry testId="5a5b7ff3-c747-935b-9bdd-eabb3cbec336" executionId="0c2b8fb0-8e0d-4af2-bf35-5829f6726ec0" testListId="8c84fa94-04c1-424b-9868-57a2d4851a1d" />
    <TestEntry testId="10bc9025-1e51-b9f1-deb7-b28688830da1" executionId="83f636e5-0219-4542-815c-6518acc16ced" testListId="8c84fa94-04c1-424b-9868-57a2d4851a1d" />
    <TestEntry testId="91cc9668-dd6e-fc66-10d5-cd29e992c30d" executionId="d497c72b-1deb-4cac-a8fb-79cb1058c98a" testListId="8c84fa94-04c1-424b-9868-57a2d4851a1d" />
    <TestEntry testId="12f02d0e-30ad-738a-4264-ae4b799fa6fa" executionId="97e4c191-f9b2-4d9a-a4c9-c8cda25a6edf" testListId="8c84fa94-04c1-424b-9868-57a2d4851a1d" />
    <TestEntry testId="5148dec4-b86e-f0cf-becf-0cd4e7855786" executionId="141da097-c742-4548-858c-d5f8f706a73f" testListId="8c84fa94-04c1-424b-9868-57a2d4851a1d" />
    <TestEntry testId="1d96c397-343a-1a9f-12c1-9a345ea55040" executionId="6fca7591-1e9e-4f36-ba35-fb8aa904b05f" testListId="8c84fa94-04c1-424b-9868-57a2d4851a1d" />
    <TestEntry testId="a76a9517-5978-9240-ab27-599976e859a1" executionId="e02fd1c5-1286-4f5b-8dc6-b2692fe37e63" testListId="8c84fa94-04c1-424b-9868-57a2d4851a1d" />
    <TestEntry testId="4d5f4eb9-38e5-0980-169e-254647142dfb" executionId="de5eb887-652f-4fdf-957f-d957bd4ce1bf" testListId="8c84fa94-04c1-424b-9868-57a2d4851a1d" />
    <TestEntry testId="c9c0f96b-8ddb-f788-78c6-2477d404e71f" executionId="c513109e-d197-4d6d-8cdd-d657d7871b25" testListId="8c84fa94-04c1-424b-9868-57a2d4851a1d" />
    <TestEntry testId="ef0aaa18-efe2-0948-95d5-da08720ab30c" executionId="b7008d89-ee69-4ddb-88d7-e4351274d904" testListId="8c84fa94-04c1-424b-9868-57a2d4851a1d" />
    <TestEntry testId="90bb051a-5d8c-e17e-a77b-7911ffa5e492" executionId="76a5b9d3-75bc-4ff3-9f57-6bd6391e50f5" testListId="8c84fa94-04c1-424b-9868-57a2d4851a1d" />
    <TestEntry testId="8c56c3f4-1f0c-1326-b3b3-f0139d912a49" executionId="8d084111-93d6-4467-8725-d3c9e2db28db" testListId="8c84fa94-04c1-424b-9868-57a2d4851a1d" />
    <TestEntry testId="ea28b7d6-ac5c-85dd-6095-3c4983d44a2e" executionId="d838fdf9-88cd-4409-855c-d2a00b2e7d64" testListId="8c84fa94-04c1-424b-9868-57a2d4851a1d" />
    <TestEntry testId="503e5675-103c-bf4f-284b-45fe2ab08824" executionId="8c78f64e-c2c1-414c-aa53-6e6b849deeea" testListId="8c84fa94-04c1-424b-9868-57a2d4851a1d" />
    <TestEntry testId="5c7539e8-007d-2c3e-3e5a-38f098d9a377" executionId="411fc16c-a7b5-4483-9dae-58a8f269c1a0" testListId="8c84fa94-04c1-424b-9868-57a2d4851a1d" />
    <TestEntry testId="738ddaf4-bfd3-90c1-a404-9a5fecfe4707" executionId="30f64d3d-6e09-4eb6-80dc-bbc7a7a49501" testListId="8c84fa94-04c1-424b-9868-57a2d4851a1d" />
    <TestEntry testId="fd32db7b-aacd-62c2-14ce-728c0a17acb6" executionId="2b1c5d81-7609-4d79-8c39-8f83d9d39856" testListId="8c84fa94-04c1-424b-9868-57a2d4851a1d" />
    <TestEntry testId="e08f6e79-c4f6-5b1c-6e23-a1a2c828ea9a" executionId="1abce84d-37c5-4111-b081-f1278d19e31d" testListId="8c84fa94-04c1-424b-9868-57a2d4851a1d" />
    <TestEntry testId="4202a800-70c5-db30-821b-e1bbf62465d8" executionId="4f2214c5-1e2b-4e93-8a04-3a1048215475" testListId="8c84fa94-04c1-424b-9868-57a2d4851a1d" />
    <TestEntry testId="8f3509a9-6ec2-5851-47d0-185e74c1fbdd" executionId="6bab5289-d7aa-433e-8c32-5ef4147a542c" testListId="8c84fa94-04c1-424b-9868-57a2d4851a1d" />
    <TestEntry testId="134b9727-b0fc-7475-6049-b223c13b3f45" executionId="4b7e6f62-20ea-4c29-ab1f-a4e0f4c41fa3" testListId="8c84fa94-04c1-424b-9868-57a2d4851a1d" />
    <TestEntry testId="6e21deb4-194d-7b28-15a5-37240ef4101b" executionId="f83afc83-9a28-4d9b-a9bc-1cf4348fd0a5" testListId="8c84fa94-04c1-424b-9868-57a2d4851a1d" />
    <TestEntry testId="70ecc806-c37b-0ece-f5ea-d0b7a78d1ef4" executionId="2e2ed91c-5889-4252-90a8-c8e6cae69b1e" testListId="8c84fa94-04c1-424b-9868-57a2d4851a1d" />
    <TestEntry testId="ef8e9cb7-c7e5-5acf-da53-7a66bb86ad61" executionId="3ab90cbf-5854-44d4-8d40-57b9469a9505" testListId="8c84fa94-04c1-424b-9868-57a2d4851a1d" />
    <TestEntry testId="98f44b34-79e7-f9f8-4d31-30d25d21966e" executionId="26158dd3-7749-4274-8a8e-6ac7d4793576" testListId="8c84fa94-04c1-424b-9868-57a2d4851a1d" />
    <TestEntry testId="8b1a83ce-a8fc-b2f2-5a6a-000648feea1e" executionId="dab95f3b-2302-4ac7-86fc-3cc3224e9c63" testListId="8c84fa94-04c1-424b-9868-57a2d4851a1d" />
    <TestEntry testId="9635299d-0007-5b40-f89a-bef31f3eaef9" executionId="46fd15d2-f2e9-40b9-93d9-7d2633dd6250" testListId="8c84fa94-04c1-424b-9868-57a2d4851a1d" />
    <TestEntry testId="a4a067f6-23e4-2ca0-4001-b687ba85a2a3" executionId="b8053cf3-b2a5-46ed-b5e1-386d66a53a09" testListId="8c84fa94-04c1-424b-9868-57a2d4851a1d" />
    <TestEntry testId="685d7ee7-f46c-f249-6be2-bf6517fa0983" executionId="d43eb2e7-f2c2-44db-8f9e-9859ef3ee18a" testListId="8c84fa94-04c1-424b-9868-57a2d4851a1d" />
    <TestEntry testId="0341afe0-66da-fb7d-8154-543c6b598d19" executionId="adf43c0f-5691-4dda-83ea-e1aaaacf8cf8" testListId="8c84fa94-04c1-424b-9868-57a2d4851a1d" />
    <TestEntry testId="1d89e63b-fd81-e139-5c34-bb5374735002" executionId="eebe582f-2dc5-4b17-8370-b49ddf9434a1" testListId="8c84fa94-04c1-424b-9868-57a2d4851a1d" />
    <TestEntry testId="721e0054-62e5-d50a-6b9b-4f10c9e688b8" executionId="9536e6ce-732e-49fd-96e6-228d7b1533ed" testListId="8c84fa94-04c1-424b-9868-57a2d4851a1d" />
    <TestEntry testId="01b8cfbb-0653-35eb-747c-8b7126b7196a" executionId="8b1faf36-ca6a-4025-834c-e1c376f77b7f" testListId="8c84fa94-04c1-424b-9868-57a2d4851a1d" />
    <TestEntry testId="da709076-ca56-866e-a0df-7897e7006fed" executionId="e6469836-075a-41ab-a5ff-2ece9197531c" testListId="8c84fa94-04c1-424b-9868-57a2d4851a1d" />
    <TestEntry testId="0de01484-1cad-2b6c-0d4e-f3e909aea8bb" executionId="9dbe0065-648a-4bb7-a871-fb50a0aca9de" testListId="8c84fa94-04c1-424b-9868-57a2d4851a1d" />
    <TestEntry testId="28f8521d-52b9-3936-de2b-b3a10020b0a7" executionId="179258a8-3711-484a-92ed-02d6f82e56d0" testListId="8c84fa94-04c1-424b-9868-57a2d4851a1d" />
    <TestEntry testId="499beb6f-b979-96b7-a7ab-a1dfcbd51715" executionId="6e83bacd-4a19-44be-842c-fd2d9eca5ec6" testListId="8c84fa94-04c1-424b-9868-57a2d4851a1d" />
    <TestEntry testId="fe0d7ef1-6df6-2ecf-41de-7286b769e39d" executionId="adf98f0f-6036-4068-9ece-088581d775f6" testListId="8c84fa94-04c1-424b-9868-57a2d4851a1d" />
    <TestEntry testId="290d279b-2897-6085-6bd6-a8560ba93609" executionId="855f5c67-cdab-4591-90ce-76a7ce57380a" testListId="8c84fa94-04c1-424b-9868-57a2d4851a1d" />
    <TestEntry testId="b2109689-c6d6-201e-f73a-145c97da27e9" executionId="a1a6fdb7-e7b7-43e0-bf4a-b084d00ff566" testListId="8c84fa94-04c1-424b-9868-57a2d4851a1d" />
    <TestEntry testId="17493a42-f0ea-83d6-499c-55a3b8beca9b" executionId="a4c90c28-e112-4572-99b4-a61ac50428d1" testListId="8c84fa94-04c1-424b-9868-57a2d4851a1d" />
    <TestEntry testId="6774c332-8bf6-57cd-f544-df692b31374d" executionId="c1241b03-3e10-442b-95b8-6d495b0d2cd3" testListId="8c84fa94-04c1-424b-9868-57a2d4851a1d" />
    <TestEntry testId="0a36bcb1-3f97-d822-c297-699fccf72092" executionId="3503fdaa-7907-4279-b9c3-3d166b53f8d3" testListId="8c84fa94-04c1-424b-9868-57a2d4851a1d" />
    <TestEntry testId="c0360fa9-41c9-d36d-67c4-3cc4b31f5119" executionId="79e66fb0-ce81-43b5-bdc6-f5ae98efaf06" testListId="8c84fa94-04c1-424b-9868-57a2d4851a1d" />
    <TestEntry testId="af6ed01f-78c1-6960-843d-b3833b185785" executionId="c6c51912-152d-4362-a7da-73201b4e0422" testListId="8c84fa94-04c1-424b-9868-57a2d4851a1d" />
    <TestEntry testId="a12b0256-71d2-da10-f3cd-a6a5fd6db093" executionId="8979d9d4-6e58-44b7-9c2a-ac8cf32b1ee4" testListId="8c84fa94-04c1-424b-9868-57a2d4851a1d" />
    <TestEntry testId="d8cd829f-04a8-3423-dc46-fa7416953016" executionId="e75201ca-20db-4f38-8dad-aaa633b20b30" testListId="8c84fa94-04c1-424b-9868-57a2d4851a1d" />
    <TestEntry testId="acdeee13-7bd9-53ac-c157-c6ce12b14b3a" executionId="93cc2553-ca49-463a-a5e1-e1ea36a74fd0" testListId="8c84fa94-04c1-424b-9868-57a2d4851a1d" />
    <TestEntry testId="807ad6d4-6176-1bc0-2317-9ade98d01d1e" executionId="25ca14a8-559c-43c0-b0b7-5cc1aef47ff7" testListId="8c84fa94-04c1-424b-9868-57a2d4851a1d" />
    <TestEntry testId="1bc91238-bc98-efe2-10c9-275077be1697" executionId="9a3e8db2-08fc-423f-92cd-78892df68c9e" testListId="8c84fa94-04c1-424b-9868-57a2d4851a1d" />
    <TestEntry testId="06e5694a-f38a-d1ab-12bb-d24c497ddff3" executionId="51391b16-4f6e-419f-804e-e8f487c53c86" testListId="8c84fa94-04c1-424b-9868-57a2d4851a1d" />
    <TestEntry testId="819a194a-a8a8-9f2b-66f9-19c1716a173c" executionId="112693ff-2dff-4113-866e-3ca682235a60" testListId="8c84fa94-04c1-424b-9868-57a2d4851a1d" />
    <TestEntry testId="d30b9a17-eb44-be02-21c7-990bd4fdf1af" executionId="5fb16f18-317a-4c87-9461-b102cec9b156" testListId="8c84fa94-04c1-424b-9868-57a2d4851a1d" />
    <TestEntry testId="0ddd304a-b8a0-6742-0d20-222e6bf162f8" executionId="79d8cd92-7499-4e72-97ab-afd9458299ae" testListId="8c84fa94-04c1-424b-9868-57a2d4851a1d" />
    <TestEntry testId="e70e1203-bb2a-5136-8ffb-23d817cec267" executionId="6b58ec4d-c830-4f90-a17b-4c1dcca36eac" testListId="8c84fa94-04c1-424b-9868-57a2d4851a1d" />
    <TestEntry testId="ec4b54e5-7f1b-be13-15c4-7ebafa58f106" executionId="756f54fc-10a4-4b87-a607-f32957cf9879" testListId="8c84fa94-04c1-424b-9868-57a2d4851a1d" />
    <TestEntry testId="6957c9d6-b98f-4304-dd43-a80edefeb946" executionId="8d137ae2-63ad-46e0-846f-f89e93263767" testListId="8c84fa94-04c1-424b-9868-57a2d4851a1d" />
    <TestEntry testId="d78be3ea-ce35-50b4-de3c-d695533d4ddf" executionId="d1da5e59-4a11-4c66-9d2a-ea44b7045258" testListId="8c84fa94-04c1-424b-9868-57a2d4851a1d" />
    <TestEntry testId="41d1790a-7cc4-e1ea-ac0d-db0729346a2b" executionId="446c5c53-8bc1-406c-a617-fcd5c3b6fe6e" testListId="8c84fa94-04c1-424b-9868-57a2d4851a1d" />
    <TestEntry testId="3ff7b3f0-4ca7-d604-496e-e50cdc8f0413" executionId="6c2bf757-c45c-4fbe-ac04-7b7ff885ea73" testListId="8c84fa94-04c1-424b-9868-57a2d4851a1d" />
  </TestEntries>
  <TestLists>
    <TestList name="Results Not in a List" id="8c84fa94-04c1-424b-9868-57a2d4851a1d" />
    <TestList name="All Loaded Results" id="19431567-8539-422a-85d7-44ee4e166bda" />
  </TestLists>
  <ResultSummary outcome="Completed">
    <Counters total="279" executed="278" passed="278" failed="0" error="0" timeout="0" aborted="0" inconclusive="0" passedButRunAborted="0" notRunnable="0" notExecuted="0" disconnected="0" warning="0" completed="0" inProgress="0" pending="0" />
    <Output>
      <StdOut>NUnit Adapter 3.16.1.0: Test execution started&#xD;
Running all tests in D:\actions-runner\_work\XPCO\XPCO\AllSolutions\..\MIPPlugins\RestrictedMedia\tst\src\bin\Debug\net472\VideoOS.RestrictedMedia.Plugin.SC.UnitTest.dll&#xD;
   NUnit3TestExecutor converted 279 of 279 NUnit test cases&#xD;
Test 'IntervalComboBoxModel_TimeZoneNotUtc_TimeZoneUsedForFilter' was skipped in the test run.&#xD;
NUnit Adapter 3.16.1.0: Test execution complete&#xD;
</StdOut>
    </Output>
  </ResultSummary>
</TestRun>