<?xml version="1.0" encoding="utf-8"?>
<TestRun id="409b5248-9022-4348-bdbb-c1e7c062262a" name="DKSR-EFI-06$@DKSR-EFI-06 2024-01-09 15:42:20" runUser="NT AUTHORITY\NETWORK SERVICE" xmlns="http://microsoft.com/schemas/VisualStudio/TeamTest/2010">
  <Times creation="2024-01-09T15:42:20.3414623+01:00" queuing="2024-01-09T15:42:20.3414623+01:00" start="2024-01-09T15:42:08.1383155+01:00" finish="2024-01-09T15:42:20.4352115+01:00" />
  <TestSettings name="default" id="4abbd07d-ee04-40f3-81d5-61c741b09609">
    <Deployment runDeploymentRoot="DKSR-EFI-06$_DKSR-EFI-06_2024-01-09_15_42_20" />
  </TestSettings>
  <Results>
    <UnitTestResult executionId="02486b09-a14c-43ff-8893-306217e918e3" testId="39a0d6e1-91e9-d260-4560-589f5388311e" testName="TestisDbServerLocal" computerName="DKSR-EFI-06" startTime="2024-01-09T15:42:19.5445885+01:00" endTime="2024-01-09T15:42:19.5445885+01:00" testType="13cdc9d9-ddb5-4fa4-a97d-d965ccfc6d4b" outcome="NotExecuted" testListId="8c84fa94-04c1-424b-9868-57a2d4851a1d" relativeResultsDirectory="02486b09-a14c-43ff-8893-306217e918e3">
      <Output></Output>
    </UnitTestResult>
    <UnitTestResult executionId="b18c9b46-5b50-4c6b-959d-958a2f51e70b" testId="5eb7fc82-e706-b856-f01a-05dfe70643c3" testName="DeleteAppPoolTest" computerName="DKSR-EFI-06" duration="00:00:00.0011788" startTime="2024-01-09T15:42:19.5289600+01:00" endTime="2024-01-09T15:42:19.5289600+01:00" testType="13cdc9d9-ddb5-4fa4-a97d-d965ccfc6d4b" outcome="Passed" testListId="8c84fa94-04c1-424b-9868-57a2d4851a1d" relativeResultsDirectory="b18c9b46-5b50-4c6b-959d-958a2f51e70b" />
    <UnitTestResult executionId="b514cdf3-75ab-4744-820f-c3f913ec31a8" testId="83f0b082-609e-8d44-b1c9-cd4944435590" testName="CreateAppPoolTest3" computerName="DKSR-EFI-06" duration="00:00:00.0005257" startTime="2024-01-09T15:42:19.4820855+01:00" endTime="2024-01-09T15:42:19.4820855+01:00" testType="13cdc9d9-ddb5-4fa4-a97d-d965ccfc6d4b" outcome="Passed" testListId="8c84fa94-04c1-424b-9868-57a2d4851a1d" relativeResultsDirectory="b514cdf3-75ab-4744-820f-c3f913ec31a8" />
    <UnitTestResult executionId="a6d5b911-7cc7-4a20-b454-ac82ef1703c0" testId="49b46371-26db-f01a-914d-6c57473b6850" testName="CreateAppPoolTest2" computerName="DKSR-EFI-06" duration="00:00:00.0300421" startTime="2024-01-09T15:42:19.4352565+01:00" endTime="2024-01-09T15:42:19.4664619+01:00" testType="13cdc9d9-ddb5-4fa4-a97d-d965ccfc6d4b" outcome="Passed" testListId="8c84fa94-04c1-424b-9868-57a2d4851a1d" relativeResultsDirectory="a6d5b911-7cc7-4a20-b454-ac82ef1703c0" />
    <UnitTestResult executionId="16d5dab0-d68e-4bae-93e7-64c88d08d109" testId="68e197f5-0032-0195-974b-cf6a119ff032" testName="CreateApplicationPool_ManagedRuntimeVersionIsNull_ArgumentException" computerName="DKSR-EFI-06" duration="00:00:00.0477198" startTime="2024-01-09T15:42:19.4820855+01:00" endTime="2024-01-09T15:42:19.5289600+01:00" testType="13cdc9d9-ddb5-4fa4-a97d-d965ccfc6d4b" outcome="Passed" testListId="8c84fa94-04c1-424b-9868-57a2d4851a1d" relativeResultsDirectory="16d5dab0-d68e-4bae-93e7-64c88d08d109" />
    <UnitTestResult executionId="cdb2f263-0a41-42d3-ae1f-3c04e8612e70" testId="fc03ca8c-b808-9aa7-2f6e-8dda262f7460" testName="CreateAppPoolTest" computerName="DKSR-EFI-06" duration="00:00:00.0385285" startTime="2024-01-09T15:42:18.7945866+01:00" endTime="2024-01-09T15:42:19.3883502+01:00" testType="13cdc9d9-ddb5-4fa4-a97d-d965ccfc6d4b" outcome="Passed" testListId="8c84fa94-04c1-424b-9868-57a2d4851a1d" relativeResultsDirectory="cdb2f263-0a41-42d3-ae1f-3c04e8612e70" />
  </Results>
  <TestDefinitions>
    <UnitTest name="CreateApplicationPool_ManagedRuntimeVersionIsNull_ArgumentException" storage="d:\actions-runner\_work\xpco\xpco\corporate\videoos.server.admin.unittests\bin\x64\debug\net472\videoos.server.admin.unittests.dll" id="68e197f5-0032-0195-974b-cf6a119ff032">
      <Execution id="16d5dab0-d68e-4bae-93e7-64c88d08d109" />
      <TestMethod codeBase="D:\actions-runner\_work\XPCO\XPCO\Corporate\VideoOS.Server.Admin.UnitTests\bin\x64\Debug\net472\VideoOS.Server.Admin.UnitTests.dll" adapterTypeName="executor://mstestadapter/v2" className="VideoOS.Server.Admin.UnitTests.AppPoolHelperUnitTests" name="CreateApplicationPool_ManagedRuntimeVersionIsNull_ArgumentException" />
    </UnitTest>
    <UnitTest name="CreateAppPoolTest3" storage="d:\actions-runner\_work\xpco\xpco\corporate\videoos.server.admin.unittests\bin\x64\debug\net472\videoos.server.admin.unittests.dll" id="83f0b082-609e-8d44-b1c9-cd4944435590">
      <Execution id="b514cdf3-75ab-4744-820f-c3f913ec31a8" />
      <TestMethod codeBase="D:\actions-runner\_work\XPCO\XPCO\Corporate\VideoOS.Server.Admin.UnitTests\bin\x64\Debug\net472\VideoOS.Server.Admin.UnitTests.dll" adapterTypeName="executor://mstestadapter/v2" className="VideoOS.Server.Admin.UnitTests.AppPoolHelperUnitTests" name="CreateAppPoolTest3" />
    </UnitTest>
    <UnitTest name="CreateAppPoolTest" storage="d:\actions-runner\_work\xpco\xpco\corporate\videoos.server.admin.unittests\bin\x64\debug\net472\videoos.server.admin.unittests.dll" id="fc03ca8c-b808-9aa7-2f6e-8dda262f7460">
      <Execution id="cdb2f263-0a41-42d3-ae1f-3c04e8612e70" />
      <TestMethod codeBase="D:\actions-runner\_work\XPCO\XPCO\Corporate\VideoOS.Server.Admin.UnitTests\bin\x64\Debug\net472\VideoOS.Server.Admin.UnitTests.dll" adapterTypeName="executor://mstestadapter/v2" className="VideoOS.Server.Admin.UnitTests.AppPoolHelperUnitTests" name="CreateAppPoolTest" />
    </UnitTest>
    <UnitTest name="CreateAppPoolTest2" storage="d:\actions-runner\_work\xpco\xpco\corporate\videoos.server.admin.unittests\bin\x64\debug\net472\videoos.server.admin.unittests.dll" id="49b46371-26db-f01a-914d-6c57473b6850">
      <Execution id="a6d5b911-7cc7-4a20-b454-ac82ef1703c0" />
      <TestMethod codeBase="D:\actions-runner\_work\XPCO\XPCO\Corporate\VideoOS.Server.Admin.UnitTests\bin\x64\Debug\net472\VideoOS.Server.Admin.UnitTests.dll" adapterTypeName="executor://mstestadapter/v2" className="VideoOS.Server.Admin.UnitTests.AppPoolHelperUnitTests" name="CreateAppPoolTest2" />
    </UnitTest>
    <UnitTest name="TestisDbServerLocal" storage="d:\actions-runner\_work\xpco\xpco\corporate\videoos.server.admin.unittests\bin\x64\debug\net472\videoos.server.admin.unittests.dll" id="39a0d6e1-91e9-d260-4560-589f5388311e">
      <Execution id="02486b09-a14c-43ff-8893-306217e918e3" />
      <TestMethod codeBase="D:\actions-runner\_work\XPCO\XPCO\Corporate\VideoOS.Server.Admin.UnitTests\bin\x64\Debug\net472\VideoOS.Server.Admin.UnitTests.dll" adapterTypeName="executor://mstestadapter/v2" className="VideoOS.Server.Admin.UnitTests.SqlConnectionHelperUnitTest" name="TestisDbServerLocal" />
    </UnitTest>
    <UnitTest name="DeleteAppPoolTest" storage="d:\actions-runner\_work\xpco\xpco\corporate\videoos.server.admin.unittests\bin\x64\debug\net472\videoos.server.admin.unittests.dll" id="5eb7fc82-e706-b856-f01a-05dfe70643c3">
      <Execution id="b18c9b46-5b50-4c6b-959d-958a2f51e70b" />
      <TestMethod codeBase="D:\actions-runner\_work\XPCO\XPCO\Corporate\VideoOS.Server.Admin.UnitTests\bin\x64\Debug\net472\VideoOS.Server.Admin.UnitTests.dll" adapterTypeName="executor://mstestadapter/v2" className="VideoOS.Server.Admin.UnitTests.AppPoolHelperUnitTests" name="DeleteAppPoolTest" />
    </UnitTest>
  </TestDefinitions>
  <TestEntries>
    <TestEntry testId="39a0d6e1-91e9-d260-4560-589f5388311e" executionId="02486b09-a14c-43ff-8893-306217e918e3" testListId="8c84fa94-04c1-424b-9868-57a2d4851a1d" />
    <TestEntry testId="5eb7fc82-e706-b856-f01a-05dfe70643c3" executionId="b18c9b46-5b50-4c6b-959d-958a2f51e70b" testListId="8c84fa94-04c1-424b-9868-57a2d4851a1d" />
    <TestEntry testId="83f0b082-609e-8d44-b1c9-cd4944435590" executionId="b514cdf3-75ab-4744-820f-c3f913ec31a8" testListId="8c84fa94-04c1-424b-9868-57a2d4851a1d" />
    <TestEntry testId="49b46371-26db-f01a-914d-6c57473b6850" executionId="a6d5b911-7cc7-4a20-b454-ac82ef1703c0" testListId="8c84fa94-04c1-424b-9868-57a2d4851a1d" />
    <TestEntry testId="68e197f5-0032-0195-974b-cf6a119ff032" executionId="16d5dab0-d68e-4bae-93e7-64c88d08d109" testListId="8c84fa94-04c1-424b-9868-57a2d4851a1d" />
    <TestEntry testId="fc03ca8c-b808-9aa7-2f6e-8dda262f7460" executionId="cdb2f263-0a41-42d3-ae1f-3c04e8612e70" testListId="8c84fa94-04c1-424b-9868-57a2d4851a1d" />
  </TestEntries>
  <TestLists>
    <TestList name="Results Not in a List" id="8c84fa94-04c1-424b-9868-57a2d4851a1d" />
    <TestList name="All Loaded Results" id="19431567-8539-422a-85d7-44ee4e166bda" />
  </TestLists>
  <ResultSummary outcome="Completed">
    <Counters total="6" executed="5" passed="5" failed="0" error="0" timeout="0" aborted="0" inconclusive="0" passedButRunAborted="0" notRunnable="0" notExecuted="0" disconnected="0" warning="0" completed="0" inProgress="0" pending="0" />
    <Output>
      <StdOut>Test 'TestisDbServerLocal' was skipped in the test run.&#xD;
</StdOut>
    </Output>
  </ResultSummary>
</TestRun>