<?xml version="1.0" encoding="utf-8"?>
<TestRun id="69dad695-5476-4364-954c-41f72e95caf2" name="DKSR-EFI-06$@DKSR-EFI-06 2024-01-09 15:40:53" runUser="NT AUTHORITY\NETWORK SERVICE" xmlns="http://microsoft.com/schemas/VisualStudio/TeamTest/2010">
  <Times creation="2024-01-09T15:40:53.0546704+01:00" queuing="2024-01-09T15:40:53.0546704+01:00" start="2024-01-09T15:40:49.7421589+01:00" finish="2024-01-09T15:40:57.9921970+01:00" />
  <TestSettings name="default" id="aab3bb5c-7627-4868-8deb-c3ec3b06b9ef">
    <Deployment runDeploymentRoot="DKSR-EFI-06$_DKSR-EFI-06_2024-01-09_15_40_53" />
  </TestSettings>
  <Results>
    <UnitTestResult executionId="ef8c7891-74d1-4d69-b6c2-3d8d0b8ec780" testId="d90ea5ef-be71-9ebf-24a9-82c434383627" testName="WhenGetByImportanceCalledItShouldReturnImage (Auxiliar1,auxiliar1-icon)" computerName="DKSR-EFI-06" duration="00:00:00.0000347" startTime="2024-01-09T15:40:56.1328074+01:00" endTime="2024-01-09T15:40:56.1328074+01:00" testType="13cdc9d9-ddb5-4fa4-a97d-d965ccfc6d4b" outcome="Passed" testListId="8c84fa94-04c1-424b-9868-57a2d4851a1d" relativeResultsDirectory="ef8c7891-74d1-4d69-b6c2-3d8d0b8ec780" />
    <UnitTestResult executionId="10102d31-571b-4c63-8f49-eab67ea18834" testId="ef4026d5-39cf-7cf5-be3f-d4450cc480d9" testName="WhenGetByImportanceCalledItShouldReturnImage (Auxiliar5,auxiliar5-icon)" computerName="DKSR-EFI-06" duration="00:00:00.0000199" startTime="2024-01-09T15:40:56.1328074+01:00" endTime="2024-01-09T15:40:56.1328074+01:00" testType="13cdc9d9-ddb5-4fa4-a97d-d965ccfc6d4b" outcome="Passed" testListId="8c84fa94-04c1-424b-9868-57a2d4851a1d" relativeResultsDirectory="10102d31-571b-4c63-8f49-eab67ea18834" />
    <UnitTestResult executionId="95119f83-f4d1-4d5d-ab90-18748e8fb31d" testId="1173e4eb-a119-acb2-0ded-1c7b62685ecf" testName="WhenStickyNoteIsExpandedAndViewIsNarrowItShouldShowOnlyMessage (more than 150 one hundred fifty characters here -------------------------------------------------------------------------------------------------------)" computerName="DKSR-EFI-06" duration="00:00:00.0002837" startTime="2024-01-09T15:40:57.2265662+01:00" endTime="2024-01-09T15:40:57.2265662+01:00" testType="13cdc9d9-ddb5-4fa4-a97d-d965ccfc6d4b" outcome="Passed" testListId="8c84fa94-04c1-424b-9868-57a2d4851a1d" relativeResultsDirectory="95119f83-f4d1-4d5d-ab90-18748e8fb31d" />
    <UnitTestResult executionId="a2baee37-4074-46b5-96e5-35b813406d0f" testId="fab46ad7-8ee8-a3d6-c3c7-34529a193d33" testName="WhenImageViewerAddonIsClosedItShouldFireClosedEvent" computerName="DKSR-EFI-06" duration="00:00:00.1689173" startTime="2024-01-09T15:40:56.2734742+01:00" endTime="2024-01-09T15:40:56.4453117+01:00" testType="13cdc9d9-ddb5-4fa4-a97d-d965ccfc6d4b" outcome="Passed" testListId="8c84fa94-04c1-424b-9868-57a2d4851a1d" relativeResultsDirectory="a2baee37-4074-46b5-96e5-35b813406d0f" />
    <UnitTestResult executionId="3bff3ae7-3b12-4451-ae77-b52f6c20b4fe" testId="75fe6ae8-d6a2-1975-f977-c4f5d796a3a1" testName="WhenExpandShrinkComandIsReceivedForSecondTimeItShouldBeMaximized" computerName="DKSR-EFI-06" duration="00:00:00.0008726" startTime="2024-01-09T15:40:57.2265662+01:00" endTime="2024-01-09T15:40:57.2265662+01:00" testType="13cdc9d9-ddb5-4fa4-a97d-d965ccfc6d4b" outcome="Passed" testListId="8c84fa94-04c1-424b-9868-57a2d4851a1d" relativeResultsDirectory="3bff3ae7-3b12-4451-ae77-b52f6c20b4fe" />
    <UnitTestResult executionId="cad64e0e-fc33-4f97-beb8-431ccb8bbadf" testId="80823ad2-86b5-f0c2-fda0-883f2cdedfbb" testName="WhenConvertingFalseOnRTLItShouldReturnRight" computerName="DKSR-EFI-06" duration="00:00:00.0002197" startTime="2024-01-09T15:40:53.1327960+01:00" endTime="2024-01-09T15:40:53.1327960+01:00" testType="13cdc9d9-ddb5-4fa4-a97d-d965ccfc6d4b" outcome="Passed" testListId="8c84fa94-04c1-424b-9868-57a2d4851a1d" relativeResultsDirectory="cad64e0e-fc33-4f97-beb8-431ccb8bbadf" />
    <UnitTestResult executionId="13903ae9-0f91-4fee-aa79-9edf4daed842" testId="066383b6-e8d7-2519-a1ae-00ac6c495a08" testName="WhenStickyNoteIsExpandedAndViewIsNarrowItShouldShowOnlyMessage (morethan10char)" computerName="DKSR-EFI-06" duration="00:00:00.0003532" startTime="2024-01-09T15:40:57.2265662+01:00" endTime="2024-01-09T15:40:57.2265662+01:00" testType="13cdc9d9-ddb5-4fa4-a97d-d965ccfc6d4b" outcome="Passed" testListId="8c84fa94-04c1-424b-9868-57a2d4851a1d" relativeResultsDirectory="13903ae9-0f91-4fee-aa79-9edf4daed842" />
    <UnitTestResult executionId="7a8a7bf8-e1d2-413e-833c-0706ee5e7652" testId="e3acd009-3e84-6578-3360-0227d4dcd6ac" testName="WhenCameraIsAllowedItShouldBeVisible" computerName="DKSR-EFI-06" duration="00:00:00.0047157" startTime="2024-01-09T15:40:52.9765466+01:00" endTime="2024-01-09T15:40:52.9765466+01:00" testType="13cdc9d9-ddb5-4fa4-a97d-d965ccfc6d4b" outcome="Passed" testListId="8c84fa94-04c1-424b-9868-57a2d4851a1d" relativeResultsDirectory="7a8a7bf8-e1d2-413e-833c-0706ee5e7652" />
    <UnitTestResult executionId="0c36685d-6c86-4940-8fba-bdb1d482d7df" testId="67021e25-efdb-3860-0b88-bdabd76f0917" testName="WhenDeviceDoesNotHaveStickyNoteHasStickyNoteShouldReturnFalse" computerName="DKSR-EFI-06" duration="00:00:00.0033828" startTime="2024-01-09T15:40:52.9921686+01:00" endTime="2024-01-09T15:40:52.9921686+01:00" testType="13cdc9d9-ddb5-4fa4-a97d-d965ccfc6d4b" outcome="Passed" testListId="8c84fa94-04c1-424b-9868-57a2d4851a1d" relativeResultsDirectory="0c36685d-6c86-4940-8fba-bdb1d482d7df" />
    <UnitTestResult executionId="9051ed17-7b82-45cb-a902-1fce76adfde8" testId="affa273d-b7b4-ea58-ac88-bac3d9bb7bc5" testName="WhenStickyNoteIsAddedForAnotherDeviceHasStickyNoteShouldReturnFalse" computerName="DKSR-EFI-06" duration="00:00:00.0019056" startTime="2024-01-09T15:40:53.0234217+01:00" endTime="2024-01-09T15:40:53.0234217+01:00" testType="13cdc9d9-ddb5-4fa4-a97d-d965ccfc6d4b" outcome="Passed" testListId="8c84fa94-04c1-424b-9868-57a2d4851a1d" relativeResultsDirectory="9051ed17-7b82-45cb-a902-1fce76adfde8" />
    <UnitTestResult executionId="66bb60b6-fbae-4989-a159-fe0cd7ef3ffb" testId="648033e3-a16f-f256-b05a-5e01ff64c346" testName="WhenNewImageViewerIsCreatedItShouldOnlyBeAddedIfItsInSupportedTypes (CameraViewItem,True)" computerName="DKSR-EFI-06" duration="00:00:00.0080635" startTime="2024-01-09T15:40:57.3515647+01:00" endTime="2024-01-09T15:40:57.3671923+01:00" testType="13cdc9d9-ddb5-4fa4-a97d-d965ccfc6d4b" outcome="Passed" testListId="8c84fa94-04c1-424b-9868-57a2d4851a1d" relativeResultsDirectory="66bb60b6-fbae-4989-a159-fe0cd7ef3ffb" />
    <UnitTestResult executionId="7967a9f5-c2ac-4979-9d6b-3f4cc5322f30" testId="e7ba3aa3-6398-cc16-982e-6eefec72ec16" testName="WhenRoleIsAllowedToWriteAndMessageIsNotEmptyCanWriteAndCanSaveShouldBeTrue" computerName="DKSR-EFI-06" duration="00:00:00.0021177" startTime="2024-01-09T15:40:56.6953119+01:00" endTime="2024-01-09T15:40:56.6953119+01:00" testType="13cdc9d9-ddb5-4fa4-a97d-d965ccfc6d4b" outcome="Passed" testListId="8c84fa94-04c1-424b-9868-57a2d4851a1d" relativeResultsDirectory="7967a9f5-c2ac-4979-9d6b-3f4cc5322f30" />
    <UnitTestResult executionId="93b7c20e-0c71-400f-997a-2b0ea213dc5f" testId="2c05eeae-bbff-92b1-77a7-96f3f87011f2" testName="WhenNewImageViewerIsCreatedItShouldOnlyBeAddedIfItsInSupportedTypes (CarouselViewItem,False)" computerName="DKSR-EFI-06" duration="00:00:00.0023318" startTime="2024-01-09T15:40:57.3671923+01:00" endTime="2024-01-09T15:40:57.3671923+01:00" testType="13cdc9d9-ddb5-4fa4-a97d-d965ccfc6d4b" outcome="Passed" testListId="8c84fa94-04c1-424b-9868-57a2d4851a1d" relativeResultsDirectory="93b7c20e-0c71-400f-997a-2b0ea213dc5f" />
    <UnitTestResult executionId="71edb435-e003-423c-90ce-66bc42193580" testId="ebde63c6-c048-e1a0-be5b-7ff4d7d20c59" testName="WhenConvertingTrueItShouldReturnStretch" computerName="DKSR-EFI-06" duration="00:00:00.0450553" startTime="2024-01-09T15:40:53.0859181+01:00" endTime="2024-01-09T15:40:53.1327960+01:00" testType="13cdc9d9-ddb5-4fa4-a97d-d965ccfc6d4b" outcome="Passed" testListId="8c84fa94-04c1-424b-9868-57a2d4851a1d" relativeResultsDirectory="71edb435-e003-423c-90ce-66bc42193580" />
    <UnitTestResult executionId="f52b427e-0c54-44d7-b59a-189c3254ff22" testId="f776138d-14bc-0f09-68f5-b87a21ee8e25" testName="WhenStickyNoteIsShrunkAndViewIsNarrowItShouldShowOnlyTooltipOnIcon" computerName="DKSR-EFI-06" duration="00:00:00.0009305" startTime="2024-01-09T15:40:57.2265662+01:00" endTime="2024-01-09T15:40:57.2265662+01:00" testType="13cdc9d9-ddb5-4fa4-a97d-d965ccfc6d4b" outcome="Passed" testListId="8c84fa94-04c1-424b-9868-57a2d4851a1d" relativeResultsDirectory="f52b427e-0c54-44d7-b59a-189c3254ff22" />
    <UnitTestResult executionId="485898da-7117-40fa-8b59-fa08d20dbaca" testId="7b338e88-2e27-6839-4b4f-7ca54d4a9a6d" testName="WhenTheDeviceDoesntHaveStickyNoteItShouldShowDialogWhenActivateIsCalled" computerName="DKSR-EFI-06" duration="00:00:00.0238843" startTime="2024-01-09T15:40:53.0234217+01:00" endTime="2024-01-09T15:40:53.0546704+01:00" testType="13cdc9d9-ddb5-4fa4-a97d-d965ccfc6d4b" outcome="Passed" testListId="8c84fa94-04c1-424b-9868-57a2d4851a1d" relativeResultsDirectory="485898da-7117-40fa-8b59-fa08d20dbaca" />
    <UnitTestResult executionId="b0fd7074-8a39-4155-9ccb-6fa0ce39f5e7" testId="066fb686-5f70-eed8-93b3-7b0e9996abab" testName="WhenCameraIsNotAllowedItShouldBeNotVisible" computerName="DKSR-EFI-06" duration="00:00:00.7494309" startTime="2024-01-09T15:40:52.0546668+01:00" endTime="2024-01-09T15:40:52.9611087+01:00" testType="13cdc9d9-ddb5-4fa4-a97d-d965ccfc6d4b" outcome="Passed" testListId="8c84fa94-04c1-424b-9868-57a2d4851a1d" relativeResultsDirectory="b0fd7074-8a39-4155-9ccb-6fa0ce39f5e7" />
    <UnitTestResult executionId="da0ef8a9-c73b-4b84-99d9-c28cdea437b3" testId="a62332f3-4399-6825-5ff6-c8ef745f9f15" testName="WhenGetByImportanceCalledItShouldReturnImage (Warning,warning-icon)" computerName="DKSR-EFI-06" duration="00:00:00.0000590" startTime="2024-01-09T15:40:56.1328074+01:00" endTime="2024-01-09T15:40:56.1328074+01:00" testType="13cdc9d9-ddb5-4fa4-a97d-d965ccfc6d4b" outcome="Passed" testListId="8c84fa94-04c1-424b-9868-57a2d4851a1d" relativeResultsDirectory="da0ef8a9-c73b-4b84-99d9-c28cdea437b3" />
    <UnitTestResult executionId="e93583a9-435b-4c43-bfaf-a2520be75fa3" testId="ae82c7d4-c654-11ae-fea8-53b44bb80f4f" testName="WhenSetStickyNoteIsCalledItShouldSetTheStickyNote" computerName="DKSR-EFI-06" duration="00:00:00.0790577" startTime="2024-01-09T15:40:57.2265662+01:00" endTime="2024-01-09T15:40:57.3203173+01:00" testType="13cdc9d9-ddb5-4fa4-a97d-d965ccfc6d4b" outcome="Passed" testListId="8c84fa94-04c1-424b-9868-57a2d4851a1d" relativeResultsDirectory="e93583a9-435b-4c43-bfaf-a2520be75fa3" />
    <UnitTestResult executionId="ef936d93-211b-4bb7-80d1-5a29a2a16f6c" testId="5b8b81db-6435-f41d-4b44-adb8261ad123" testName="WhenStickyNoteIsExpandedAndViewIsNarrowItShouldShowOnlyMessage (more than 200 two hundred characters here ---------------------------------------------------------------------------------------------------------------------------------------------------------------)" computerName="DKSR-EFI-06" duration="00:00:00.0002621" startTime="2024-01-09T15:40:57.2265662+01:00" endTime="2024-01-09T15:40:57.2265662+01:00" testType="13cdc9d9-ddb5-4fa4-a97d-d965ccfc6d4b" outcome="Passed" testListId="8c84fa94-04c1-424b-9868-57a2d4851a1d" relativeResultsDirectory="ef936d93-211b-4bb7-80d1-5a29a2a16f6c" />
    <UnitTestResult executionId="900f2fda-0445-4dda-a52b-129825f1bc7e" testId="0d6c5879-b3c5-9784-e569-0c75ab8108c3" testName="WhenInitializedItShouldBeOnlyForLiveWorkspace" computerName="DKSR-EFI-06" duration="00:00:00.0068735" startTime="2024-01-09T15:40:53.0546704+01:00" endTime="2024-01-09T15:40:53.0702957+01:00" testType="13cdc9d9-ddb5-4fa4-a97d-d965ccfc6d4b" outcome="Passed" testListId="8c84fa94-04c1-424b-9868-57a2d4851a1d" relativeResultsDirectory="900f2fda-0445-4dda-a52b-129825f1bc7e" />
    <UnitTestResult executionId="6e81d98a-8cb3-4185-8c70-f94f2a7785f4" testId="716c04d9-7255-7005-6e6e-6aa54bcc8bee" testName="WhenImageAddonViewerChangesToACameraWithStickyNoteItShouldAddTheStickyNote" computerName="DKSR-EFI-06" duration="00:00:00.0156741" startTime="2024-01-09T15:40:56.6015634+01:00" endTime="2024-01-09T15:40:56.6171885+01:00" testType="13cdc9d9-ddb5-4fa4-a97d-d965ccfc6d4b" outcome="Passed" testListId="8c84fa94-04c1-424b-9868-57a2d4851a1d" relativeResultsDirectory="6e81d98a-8cb3-4185-8c70-f94f2a7785f4" />
    <UnitTestResult executionId="a256e9e3-4790-4297-9650-af7fe3519c6b" testId="0e128f74-121f-e1a5-3d81-ae9a201a88ac" testName="WhenStickyNoteIsAddedHasSickyNoteShouldReturnTrue" computerName="DKSR-EFI-06" duration="00:00:00.0215794" startTime="2024-01-09T15:40:52.9921686+01:00" endTime="2024-01-09T15:40:53.0077950+01:00" testType="13cdc9d9-ddb5-4fa4-a97d-d965ccfc6d4b" outcome="Passed" testListId="8c84fa94-04c1-424b-9868-57a2d4851a1d" relativeResultsDirectory="a256e9e3-4790-4297-9650-af7fe3519c6b" />
    <UnitTestResult executionId="bb8615eb-9676-4e7f-b312-15e81c48cae5" testId="edd4a4d0-c25c-189c-4e9e-4ab21c879209" testName="WhenStickyNoteIsRemovedForAnotherDeviceHasStickyNoteShouldRetturnTrue" computerName="DKSR-EFI-06" duration="00:00:00.0070149" startTime="2024-01-09T15:40:53.0234217+01:00" endTime="2024-01-09T15:40:53.0234217+01:00" testType="13cdc9d9-ddb5-4fa4-a97d-d965ccfc6d4b" outcome="Passed" testListId="8c84fa94-04c1-424b-9868-57a2d4851a1d" relativeResultsDirectory="bb8615eb-9676-4e7f-b312-15e81c48cae5" />
    <UnitTestResult executionId="caa529e3-09df-4f53-8e8a-32099c793d6f" testId="fa53b91c-ae03-9e15-e83e-3035c4dc2921" testName="WhenExpandShrinkComandIsReceivedForFirstTimeItShouldBeMinimized" computerName="DKSR-EFI-06" duration="00:00:00.0026315" startTime="2024-01-09T15:40:57.2109408+01:00" endTime="2024-01-09T15:40:57.2265662+01:00" testType="13cdc9d9-ddb5-4fa4-a97d-d965ccfc6d4b" outcome="Passed" testListId="8c84fa94-04c1-424b-9868-57a2d4851a1d" relativeResultsDirectory="caa529e3-09df-4f53-8e8a-32099c793d6f" />
    <UnitTestResult executionId="1d91f4d9-bba0-4c62-93e9-594daa5d05e7" testId="89520011-d427-93e5-666c-2d51c53e914b" testName="WhenStickyNoteIsExpandedAndViewIsWideEnoughItShouldShowFullStickyNoteContents" computerName="DKSR-EFI-06" duration="00:00:00.0032607" startTime="2024-01-09T15:40:57.2265662+01:00" endTime="2024-01-09T15:40:57.2265662+01:00" testType="13cdc9d9-ddb5-4fa4-a97d-d965ccfc6d4b" outcome="Passed" testListId="8c84fa94-04c1-424b-9868-57a2d4851a1d" relativeResultsDirectory="1d91f4d9-bba0-4c62-93e9-594daa5d05e7" />
    <UnitTestResult executionId="8e9c2dd7-23a7-442d-a807-0a6193d39ba0" testId="49e8ae80-25b6-fa23-79b1-5f4dc02f3c63" testName="WhenImageAddonViewerChangesToACameraWithoutAllowedStickyNoteItShouldRemoveTheStickyNote" computerName="DKSR-EFI-06" duration="00:00:00.0092147" startTime="2024-01-09T15:40:56.6328122+01:00" endTime="2024-01-09T15:40:56.6328122+01:00" testType="13cdc9d9-ddb5-4fa4-a97d-d965ccfc6d4b" outcome="Passed" testListId="8c84fa94-04c1-424b-9868-57a2d4851a1d" relativeResultsDirectory="8e9c2dd7-23a7-442d-a807-0a6193d39ba0" />
    <UnitTestResult executionId="438afe6e-567a-4061-bf68-75b67e452658" testId="53c6d63b-5e90-f9bc-534a-4e8e913f658e" testName="WhenConvertingFalseItShouldReturnLeft" computerName="DKSR-EFI-06" duration="00:00:00.0002503" startTime="2024-01-09T15:40:53.1327960+01:00" endTime="2024-01-09T15:40:53.1327960+01:00" testType="13cdc9d9-ddb5-4fa4-a97d-d965ccfc6d4b" outcome="Passed" testListId="8c84fa94-04c1-424b-9868-57a2d4851a1d" relativeResultsDirectory="438afe6e-567a-4061-bf68-75b67e452658" />
    <UnitTestResult executionId="ed8a306f-2cc5-4453-851d-9fa666338c12" testId="16b6abbf-77f9-2c2a-3553-4d8ec26c13dc" testName="WhenDialogDeleteItShouldCallRepositoryDelete" computerName="DKSR-EFI-06" duration="00:00:00.0099844" startTime="2024-01-09T15:40:56.6796875+01:00" endTime="2024-01-09T15:40:56.6796875+01:00" testType="13cdc9d9-ddb5-4fa4-a97d-d965ccfc6d4b" outcome="Passed" testListId="8c84fa94-04c1-424b-9868-57a2d4851a1d" relativeResultsDirectory="ed8a306f-2cc5-4453-851d-9fa666338c12" />
    <UnitTestResult executionId="8b53941a-8126-45dc-b3d1-cf20efe5123e" testId="85636b50-b420-49c1-118e-f8ffd81f9682" testName="WhenGetByImportanceCalledItShouldReturnImage (Auxiliar3,auxiliar3-icon)" computerName="DKSR-EFI-06" duration="00:00:00.0000209" startTime="2024-01-09T15:40:56.1328074+01:00" endTime="2024-01-09T15:40:56.1328074+01:00" testType="13cdc9d9-ddb5-4fa4-a97d-d965ccfc6d4b" outcome="Passed" testListId="8c84fa94-04c1-424b-9868-57a2d4851a1d" relativeResultsDirectory="8b53941a-8126-45dc-b3d1-cf20efe5123e" />
    <UnitTestResult executionId="fc708991-4302-4173-8f53-2330880a8baa" testId="ba212a15-b1f9-a189-6bd7-8d0c647ebea2" testName="WhenDialogConfirmItShouldCallRepositoryUpdate" computerName="DKSR-EFI-06" duration="00:00:00.0146702" startTime="2024-01-09T15:40:56.6640626+01:00" endTime="2024-01-09T15:40:56.6796875+01:00" testType="13cdc9d9-ddb5-4fa4-a97d-d965ccfc6d4b" outcome="Passed" testListId="8c84fa94-04c1-424b-9868-57a2d4851a1d" relativeResultsDirectory="fc708991-4302-4173-8f53-2330880a8baa" />
    <UnitTestResult executionId="67441776-b37e-4603-a9ca-df8b11617366" testId="29abc3e1-df75-6cb0-0fff-ec2976aada1e" testName="WhenShowingEditDialogItShouldUseEditDialogViewModel" computerName="DKSR-EFI-06" duration="00:00:00.0665050" startTime="2024-01-09T15:40:56.2109346+01:00" endTime="2024-01-09T15:40:56.2734742+01:00" testType="13cdc9d9-ddb5-4fa4-a97d-d965ccfc6d4b" outcome="Passed" testListId="8c84fa94-04c1-424b-9868-57a2d4851a1d" relativeResultsDirectory="67441776-b37e-4603-a9ca-df8b11617366" />
    <UnitTestResult executionId="a7d874a3-53e1-4498-890a-b7e2ab9bb04c" testId="4d939719-dce6-f155-97f2-33507c3a5453" testName="WhenCreatedWithValuesItShouldHaveEditDialogTitleAndspecifiedValues" computerName="DKSR-EFI-06" duration="00:00:00.0018461" startTime="2024-01-09T15:40:56.6796875+01:00" endTime="2024-01-09T15:40:56.6796875+01:00" testType="13cdc9d9-ddb5-4fa4-a97d-d965ccfc6d4b" outcome="Passed" testListId="8c84fa94-04c1-424b-9868-57a2d4851a1d" relativeResultsDirectory="a7d874a3-53e1-4498-890a-b7e2ab9bb04c" />
    <UnitTestResult executionId="0a26e991-9aaa-4dd8-a96a-f029de403eff" testId="5dc6e21f-3c8a-b025-59fe-fb21367002c6" testName="WhenEditButtonIsPressedTheMethodToEditTheNoteShouldBecalled" computerName="DKSR-EFI-06" duration="00:00:00.0031105" startTime="2024-01-09T15:40:57.2265662+01:00" endTime="2024-01-09T15:40:57.2265662+01:00" testType="13cdc9d9-ddb5-4fa4-a97d-d965ccfc6d4b" outcome="Passed" testListId="8c84fa94-04c1-424b-9868-57a2d4851a1d" relativeResultsDirectory="0a26e991-9aaa-4dd8-a96a-f029de403eff" />
    <UnitTestResult executionId="cd01ae3f-459d-4de5-bcb2-b9d8440c767c" testId="52863e55-c4b3-9389-71b8-9af122ba4077" testName="WhenGetByImportanceCalledItShouldReturnImage (General,general-icon)" computerName="DKSR-EFI-06" duration="00:00:00.1012294" startTime="2024-01-09T15:40:55.9453090+01:00" endTime="2024-01-09T15:40:56.1328074+01:00" testType="13cdc9d9-ddb5-4fa4-a97d-d965ccfc6d4b" outcome="Passed" testListId="8c84fa94-04c1-424b-9868-57a2d4851a1d" relativeResultsDirectory="cd01ae3f-459d-4de5-bcb2-b9d8440c767c" />
    <UnitTestResult executionId="63ea84c6-6fe6-4446-83ab-4411d6b1f2af" testId="7b5489ab-3e63-354e-79ee-16d8c3e2fc68" testName="WhenGetByImportanceCalledItShouldReturnImage (Auxiliar2,auxiliar2-icon)" computerName="DKSR-EFI-06" duration="00:00:00.0000311" startTime="2024-01-09T15:40:56.1328074+01:00" endTime="2024-01-09T15:40:56.1328074+01:00" testType="13cdc9d9-ddb5-4fa4-a97d-d965ccfc6d4b" outcome="Passed" testListId="8c84fa94-04c1-424b-9868-57a2d4851a1d" relativeResultsDirectory="63ea84c6-6fe6-4446-83ab-4411d6b1f2af" />
    <UnitTestResult executionId="068baa6e-de75-4e17-9be0-391cff6870fa" testId="9e0c26c5-8b72-b03d-81db-f189b828bd92" testName="WhenCreatedByDefaultItShouldHaveAddDialogTitleAndDefaultValues" computerName="DKSR-EFI-06" duration="00:00:00.0083698" startTime="2024-01-09T15:40:56.6328122+01:00" endTime="2024-01-09T15:40:56.6484370+01:00" testType="13cdc9d9-ddb5-4fa4-a97d-d965ccfc6d4b" outcome="Passed" testListId="8c84fa94-04c1-424b-9868-57a2d4851a1d" relativeResultsDirectory="068baa6e-de75-4e17-9be0-391cff6870fa" />
    <UnitTestResult executionId="8a6f9a41-048f-42f3-b72b-a28588adfcd4" testId="a606f53f-c98f-ea7b-ceb8-a16e65ceec7e" testName="WhenRemoveStickyNoteIsCalledItShouldRemoveTheStickyNote" computerName="DKSR-EFI-06" duration="00:00:00.0102053" startTime="2024-01-09T15:40:57.3359415+01:00" endTime="2024-01-09T15:40:57.3515647+01:00" testType="13cdc9d9-ddb5-4fa4-a97d-d965ccfc6d4b" outcome="Passed" testListId="8c84fa94-04c1-424b-9868-57a2d4851a1d" relativeResultsDirectory="8a6f9a41-048f-42f3-b72b-a28588adfcd4" />
    <UnitTestResult executionId="bcff53ec-d005-4401-a2e9-cf6a5b23ad93" testId="f52ddf10-3825-8532-9b06-3ff9d4115633" testName="WhenStickyNoteIsExpandedAndViewIsNarrowItShouldShowOnlyMessage (short)" computerName="DKSR-EFI-06" duration="00:00:00.0009994" startTime="2024-01-09T15:40:57.2265662+01:00" endTime="2024-01-09T15:40:57.2265662+01:00" testType="13cdc9d9-ddb5-4fa4-a97d-d965ccfc6d4b" outcome="Passed" testListId="8c84fa94-04c1-424b-9868-57a2d4851a1d" relativeResultsDirectory="bcff53ec-d005-4401-a2e9-cf6a5b23ad93" />
    <UnitTestResult executionId="e4b49497-d8f3-4b4d-972b-1bb3d37df1b9" testId="6fddb17b-f4aa-9879-f2b8-d4db0f10029e" testName="WhenRemoveStickyNoteDeviceViewItShouldReduceStickyNotesViewCount" computerName="DKSR-EFI-06" duration="00:00:00.0241656" startTime="2024-01-09T15:40:57.3203173+01:00" endTime="2024-01-09T15:40:57.3359415+01:00" testType="13cdc9d9-ddb5-4fa4-a97d-d965ccfc6d4b" outcome="Passed" testListId="8c84fa94-04c1-424b-9868-57a2d4851a1d" relativeResultsDirectory="e4b49497-d8f3-4b4d-972b-1bb3d37df1b9" />
    <UnitTestResult executionId="6a60cedd-32bd-4492-8903-82de25bcdf77" testId="731b0e0b-41f5-15d6-381a-da42ec5c1e8a" testName="WhenShowingAddDialogItShouldUseAddDialogViewModel" computerName="DKSR-EFI-06" duration="00:00:00.0787871" startTime="2024-01-09T15:40:56.1328074+01:00" endTime="2024-01-09T15:40:56.2109346+01:00" testType="13cdc9d9-ddb5-4fa4-a97d-d965ccfc6d4b" outcome="Passed" testListId="8c84fa94-04c1-424b-9868-57a2d4851a1d" relativeResultsDirectory="6a60cedd-32bd-4492-8903-82de25bcdf77" />
    <UnitTestResult executionId="77d8ad67-1c5a-4f3b-99ad-154740010235" testId="93bb2c57-b035-dc2a-e5c4-d8284818237c" testName="WhenCreatedByDefaultItShouldHaveEditDialogTitleAndDefaultValues" computerName="DKSR-EFI-06" duration="00:00:00.0126381" startTime="2024-01-09T15:40:56.6484370+01:00" endTime="2024-01-09T15:40:56.6640626+01:00" testType="13cdc9d9-ddb5-4fa4-a97d-d965ccfc6d4b" outcome="Passed" testListId="8c84fa94-04c1-424b-9868-57a2d4851a1d" relativeResultsDirectory="77d8ad67-1c5a-4f3b-99ad-154740010235" />
    <UnitTestResult executionId="99e1daec-93f3-4283-8914-c15b2d712e6c" testId="34a11ce4-a558-5634-166a-165ebb4ab698" testName="WhenCreatedWithValuesItShouldHaveAddDialogTitleAndSpecificValues" computerName="DKSR-EFI-06" duration="00:00:00.0010803" startTime="2024-01-09T15:40:56.6484370+01:00" endTime="2024-01-09T15:40:56.6484370+01:00" testType="13cdc9d9-ddb5-4fa4-a97d-d965ccfc6d4b" outcome="Passed" testListId="8c84fa94-04c1-424b-9868-57a2d4851a1d" relativeResultsDirectory="99e1daec-93f3-4283-8914-c15b2d712e6c" />
    <UnitTestResult executionId="71813691-89a7-43e8-aa6e-9dbe7b31e6a4" testId="b7146973-5b35-55e3-9385-7a4e26e9ef72" testName="WhenStickyNoteIsExpandedAndViewIsNarrowItShouldShowOnlyMessage (more than 10 fifty characters here ----------------)" computerName="DKSR-EFI-06" duration="00:00:00.0002644" startTime="2024-01-09T15:40:57.2265662+01:00" endTime="2024-01-09T15:40:57.2265662+01:00" testType="13cdc9d9-ddb5-4fa4-a97d-d965ccfc6d4b" outcome="Passed" testListId="8c84fa94-04c1-424b-9868-57a2d4851a1d" relativeResultsDirectory="71813691-89a7-43e8-aa6e-9dbe7b31e6a4" />
    <UnitTestResult executionId="6ea70330-ce06-48f1-8fad-4d2c5595bf86" testId="97b7cf31-106f-32ee-b47d-cede1d94b4f9" testName="WhenImageAddonViewerChangesToACameraWithoutStickyNoteItShouldRemoveTheStickyNote" computerName="DKSR-EFI-06" duration="00:00:00.0091935" startTime="2024-01-09T15:40:56.5859372+01:00" endTime="2024-01-09T15:40:56.6015634+01:00" testType="13cdc9d9-ddb5-4fa4-a97d-d965ccfc6d4b" outcome="Passed" testListId="8c84fa94-04c1-424b-9868-57a2d4851a1d" relativeResultsDirectory="6ea70330-ce06-48f1-8fad-4d2c5595bf86" />
    <UnitTestResult executionId="21bf2ba3-f616-4a9d-ba9d-45f7d7b53fe5" testId="6419c29f-f522-6319-ea92-401a02167ef5" testName="WhenRoleIsNotAllowedToWriteCanWriteAndCanSaveShouldBeFalse" computerName="DKSR-EFI-06" duration="00:00:00.0022022" startTime="2024-01-09T15:40:56.6953119+01:00" endTime="2024-01-09T15:40:56.6953119+01:00" testType="13cdc9d9-ddb5-4fa4-a97d-d965ccfc6d4b" outcome="Passed" testListId="8c84fa94-04c1-424b-9868-57a2d4851a1d" relativeResultsDirectory="21bf2ba3-f616-4a9d-ba9d-45f7d7b53fe5" />
    <UnitTestResult executionId="538d0712-0240-4273-a8aa-11f18a2fde30" testId="8cf5d264-0515-424f-85df-41486f9a1f11" testName="WhenStickyNoteIsRemovedItShouldCallViewerAddonRemoveOverlay" computerName="DKSR-EFI-06" duration="00:00:00.0080521" startTime="2024-01-09T15:40:56.5859372+01:00" endTime="2024-01-09T15:40:56.5859372+01:00" testType="13cdc9d9-ddb5-4fa4-a97d-d965ccfc6d4b" outcome="Passed" testListId="8c84fa94-04c1-424b-9868-57a2d4851a1d" relativeResultsDirectory="538d0712-0240-4273-a8aa-11f18a2fde30" />
    <UnitTestResult executionId="abc91dc4-7378-4c5f-b428-3f5e79b92626" testId="b9c2ee47-4ca1-58cd-8d62-3416cde8c546" testName="WhenStickyNoteIsExpandedAndViewIsNarrowItShouldShowOnlyMessage (more than 100 one hundred characters here -----------------------------------------------------------)" computerName="DKSR-EFI-06" duration="00:00:00.0002486" startTime="2024-01-09T15:40:57.2265662+01:00" endTime="2024-01-09T15:40:57.2265662+01:00" testType="13cdc9d9-ddb5-4fa4-a97d-d965ccfc6d4b" outcome="Passed" testListId="8c84fa94-04c1-424b-9868-57a2d4851a1d" relativeResultsDirectory="abc91dc4-7378-4c5f-b428-3f5e79b92626" />
    <UnitTestResult executionId="523e221a-d0b8-4785-8217-fc9ba1918028" testId="82ae758c-f2f1-73f9-a1ca-a919c4a528a0" testName="WhenInitializedItShouldBeOnlyForAllowed" computerName="DKSR-EFI-06" duration="00:00:00.0101081" startTime="2024-01-09T15:40:53.0702957+01:00" endTime="2024-01-09T15:40:53.0702957+01:00" testType="13cdc9d9-ddb5-4fa4-a97d-d965ccfc6d4b" outcome="Passed" testListId="8c84fa94-04c1-424b-9868-57a2d4851a1d" relativeResultsDirectory="523e221a-d0b8-4785-8217-fc9ba1918028" />
    <UnitTestResult executionId="f379d4f7-8a31-413b-9509-30bcc7ac0bdd" testId="c95e5b2f-a87a-85eb-4f5b-5ae38eeea861" testName="WhenGetByImportanceCalledItShouldReturnImage (Auxiliar4,auxiliar4-icon)" computerName="DKSR-EFI-06" duration="00:00:00.0000260" startTime="2024-01-09T15:40:56.1328074+01:00" endTime="2024-01-09T15:40:56.1328074+01:00" testType="13cdc9d9-ddb5-4fa4-a97d-d965ccfc6d4b" outcome="Passed" testListId="8c84fa94-04c1-424b-9868-57a2d4851a1d" relativeResultsDirectory="f379d4f7-8a31-413b-9509-30bcc7ac0bdd" />
    <UnitTestResult executionId="d767bf6f-971b-4154-a2e7-23f31f04f5b5" testId="29f46b29-bd47-50ee-a28a-5a37ecf65f91" testName="WhenSettingItemItShouldSetProperty" computerName="DKSR-EFI-06" duration="00:00:00.0012694" startTime="2024-01-09T15:40:57.2109408+01:00" endTime="2024-01-09T15:40:57.2109408+01:00" testType="13cdc9d9-ddb5-4fa4-a97d-d965ccfc6d4b" outcome="Passed" testListId="8c84fa94-04c1-424b-9868-57a2d4851a1d" relativeResultsDirectory="d767bf6f-971b-4154-a2e7-23f31f04f5b5" />
    <UnitTestResult executionId="e510fa3f-9d7e-47f0-bb88-24e425f8403d" testId="1e2be52f-2286-4abf-2b1e-3bdcb6bfbaaa" testName="WhenGettingDialogUserControlItShouldReturnStickyNoteDialogUserControlType" computerName="DKSR-EFI-06" duration="00:00:02.8158422" startTime="2024-01-09T15:40:53.1327960+01:00" endTime="2024-01-09T15:40:55.9453090+01:00" testType="13cdc9d9-ddb5-4fa4-a97d-d965ccfc6d4b" outcome="Passed" testListId="8c84fa94-04c1-424b-9868-57a2d4851a1d" relativeResultsDirectory="e510fa3f-9d7e-47f0-bb88-24e425f8403d" />
    <UnitTestResult executionId="c87b43cb-fa51-4fc7-b797-be306feab217" testId="8da2c1c6-4304-ff8d-a0d9-77a4b0b2f634" testName="WhenImageAddonViewerChangesToACameraWithStickyNoteFromAnotherStickyNoteItShouldUpdateIt" computerName="DKSR-EFI-06" duration="00:00:00.0136230" startTime="2024-01-09T15:40:56.6171885+01:00" endTime="2024-01-09T15:40:56.6328122+01:00" testType="13cdc9d9-ddb5-4fa4-a97d-d965ccfc6d4b" outcome="Passed" testListId="8c84fa94-04c1-424b-9868-57a2d4851a1d" relativeResultsDirectory="c87b43cb-fa51-4fc7-b797-be306feab217" />
    <UnitTestResult executionId="aca0bffa-fb76-428a-af4e-35994835d891" testId="a4be0747-399d-89d5-dbc9-9155e99f4971" testName="WhenInitializedItShouldBeNotAvailableInSetup" computerName="DKSR-EFI-06" duration="00:00:00.0050555" startTime="2024-01-09T15:40:53.0702957+01:00" endTime="2024-01-09T15:40:53.0859181+01:00" testType="13cdc9d9-ddb5-4fa4-a97d-d965ccfc6d4b" outcome="Passed" testListId="8c84fa94-04c1-424b-9868-57a2d4851a1d" relativeResultsDirectory="aca0bffa-fb76-428a-af4e-35994835d891" />
    <UnitTestResult executionId="97a4f000-d808-4f9d-bf55-c239c3cec2b1" testId="d5f8c3c2-a9a5-eb07-b93b-46d609f0c3dc" testName="WhenItsCreatedItShouldBeMaximized" computerName="DKSR-EFI-06" duration="00:00:00.0009612" startTime="2024-01-09T15:40:57.2109408+01:00" endTime="2024-01-09T15:40:57.2109408+01:00" testType="13cdc9d9-ddb5-4fa4-a97d-d965ccfc6d4b" outcome="Passed" testListId="8c84fa94-04c1-424b-9868-57a2d4851a1d" relativeResultsDirectory="97a4f000-d808-4f9d-bf55-c239c3cec2b1" />
    <UnitTestResult executionId="8c46be50-be09-43b0-b027-1c390086f3a3" testId="8a950650-4fb8-eb3e-19b9-dec5aa754020" testName="WhenStickyNoteIsDeletedItShouldTrackWithTelemetry" computerName="DKSR-EFI-06" duration="00:00:00.0035093" startTime="2024-01-09T15:40:56.6953119+01:00" endTime="2024-01-09T15:40:56.6953119+01:00" testType="13cdc9d9-ddb5-4fa4-a97d-d965ccfc6d4b" outcome="Passed" testListId="8c84fa94-04c1-424b-9868-57a2d4851a1d" relativeResultsDirectory="8c46be50-be09-43b0-b027-1c390086f3a3" />
    <UnitTestResult executionId="f19b7b00-5022-4fd3-9520-8f0a7ef68b95" testId="031b110d-64d6-79e8-6a88-6180f82cf79c" testName="WhenStickyNoteIsSetItShouldCallImageViewerAddonAddOverlay" computerName="DKSR-EFI-06" duration="00:00:00.1272990" startTime="2024-01-09T15:40:56.4453117+01:00" endTime="2024-01-09T15:40:56.5859372+01:00" testType="13cdc9d9-ddb5-4fa4-a97d-d965ccfc6d4b" outcome="Passed" testListId="8c84fa94-04c1-424b-9868-57a2d4851a1d" relativeResultsDirectory="f19b7b00-5022-4fd3-9520-8f0a7ef68b95" />
    <UnitTestResult executionId="4a21203b-9373-4f25-80cf-7dd431c2e472" testId="c5976ee8-aa22-9698-dc7f-6c2b197fef2f" testName="WhenPluginIsClosedWithoutInitializationItShouldNotCrash" computerName="DKSR-EFI-06" duration="00:00:00.1275972" startTime="2024-01-09T15:40:56.6953119+01:00" endTime="2024-01-09T15:40:56.8359391+01:00" testType="13cdc9d9-ddb5-4fa4-a97d-d965ccfc6d4b" outcome="Passed" testListId="8c84fa94-04c1-424b-9868-57a2d4851a1d" relativeResultsDirectory="4a21203b-9373-4f25-80cf-7dd431c2e472" />
    <UnitTestResult executionId="29b51913-b185-4585-9ab4-1c4553d3f5d2" testId="9cbac09f-a3b8-3a0e-4e40-b2ea3de9946b" testName="WhenDialogConfirmItShouldSendTelemetryEventWhenThereAreChanges" computerName="DKSR-EFI-06" duration="00:00:00.0030022" startTime="2024-01-09T15:40:56.6953119+01:00" endTime="2024-01-09T15:40:56.6953119+01:00" testType="13cdc9d9-ddb5-4fa4-a97d-d965ccfc6d4b" outcome="Passed" testListId="8c84fa94-04c1-424b-9868-57a2d4851a1d" relativeResultsDirectory="29b51913-b185-4585-9ab4-1c4553d3f5d2" />
    <UnitTestResult executionId="b3e1b6b3-8d20-498a-9d4c-92707d285f2e" testId="9468a81f-1626-7994-6b3f-d53664f81a0e" testName="WhenDeviceHasStickyNoteHasStickyNoteShouldReturnTrue" computerName="DKSR-EFI-06" duration="00:00:00.0112349" startTime="2024-01-09T15:40:52.9765466+01:00" endTime="2024-01-09T15:40:52.9921686+01:00" testType="13cdc9d9-ddb5-4fa4-a97d-d965ccfc6d4b" outcome="Passed" testListId="8c84fa94-04c1-424b-9868-57a2d4851a1d" relativeResultsDirectory="b3e1b6b3-8d20-498a-9d4c-92707d285f2e" />
    <UnitTestResult executionId="95deffa6-c5e7-436d-9d08-4862eba79739" testId="fc794c79-7dc5-da91-fa0f-2b5e6519dd2d" testName="WhenTimeZoneScIsChangedItShouldBeUpdatedInLastUpdateSc" computerName="DKSR-EFI-06" duration="00:00:00.3853901" startTime="2024-01-09T15:40:56.8359391+01:00" endTime="2024-01-09T15:40:57.2109408+01:00" testType="13cdc9d9-ddb5-4fa4-a97d-d965ccfc6d4b" outcome="Passed" testListId="8c84fa94-04c1-424b-9868-57a2d4851a1d" relativeResultsDirectory="95deffa6-c5e7-436d-9d08-4862eba79739" />
    <UnitTestResult executionId="d155a78d-67e2-433a-9a5e-9faa191c0f0d" testId="7b4f90d6-435b-58cb-96b2-e7087be114f5" testName="WhenTheDeviceHasStickyNoteItShowNotShowDialogWhenActivateIsCalled" computerName="DKSR-EFI-06" duration="00:00:00.0040650" startTime="2024-01-09T15:40:53.0546704+01:00" endTime="2024-01-09T15:40:53.0546704+01:00" testType="13cdc9d9-ddb5-4fa4-a97d-d965ccfc6d4b" outcome="Passed" testListId="8c84fa94-04c1-424b-9868-57a2d4851a1d" relativeResultsDirectory="d155a78d-67e2-433a-9a5e-9faa191c0f0d" />
    <UnitTestResult executionId="a594309b-9018-4b52-a843-4805976f646b" testId="149f4202-6c2a-e881-98d7-53f44c0a50b5" testName="WhenStickyNoteIsRemovedHasStickyNoteShouldReturnFalse" computerName="DKSR-EFI-06" duration="00:00:00.0031042" startTime="2024-01-09T15:40:53.0077950+01:00" endTime="2024-01-09T15:40:53.0234217+01:00" testType="13cdc9d9-ddb5-4fa4-a97d-d965ccfc6d4b" outcome="Passed" testListId="8c84fa94-04c1-424b-9868-57a2d4851a1d" relativeResultsDirectory="a594309b-9018-4b52-a843-4805976f646b" />
  </Results>
  <TestDefinitions>
    <UnitTest name="WhenInitializedItShouldBeOnlyForAllowed" storage="d:\actions-runner\_work\xpco\xpco\addons\plugins\stickynotes\tst\videoos.plugins.stickynotes.sc.unittests\bin\x64\debug\net472\videoos.plugins.stickynotes.sc.unittests.dll" id="82ae758c-f2f1-73f9-a1ca-a919c4a528a0">
      <Execution id="523e221a-d0b8-4785-8217-fc9ba1918028" />
      <TestMethod codeBase="D:\actions-runner\_work\XPCO\XPCO\AddOns\Plugins\StickyNotes\tst\VideoOS.Plugins.StickyNotes.SC.UnitTests\bin\x64\Debug\net472\VideoOS.Plugins.StickyNotes.SC.UnitTests.dll" adapterTypeName="executor://mstestadapter/v2" className="VideoOS.Plugins.StickyNotes.SC.Test.ToolBarStickyNotesPluginTest" name="WhenInitializedItShouldBeOnlyForAllowed" />
    </UnitTest>
    <UnitTest name="WhenSettingItemItShouldSetProperty" storage="d:\actions-runner\_work\xpco\xpco\addons\plugins\stickynotes\tst\videoos.plugins.stickynotes.sc.unittests\bin\x64\debug\net472\videoos.plugins.stickynotes.sc.unittests.dll" id="29f46b29-bd47-50ee-a28a-5a37ecf65f91">
      <Execution id="d767bf6f-971b-4154-a2e7-23f31f04f5b5" />
      <TestMethod codeBase="D:\actions-runner\_work\XPCO\XPCO\AddOns\Plugins\StickyNotes\tst\VideoOS.Plugins.StickyNotes.SC.UnitTests\bin\x64\Debug\net472\VideoOS.Plugins.StickyNotes.SC.UnitTests.dll" adapterTypeName="executor://mstestadapter/v2" className="VideoOS.Plugins.StickyNotes.SC.UnitTests.StickyNoteViewModelTests" name="WhenSettingItemItShouldSetProperty" />
    </UnitTest>
    <UnitTest name="WhenNewImageViewerIsCreatedItShouldOnlyBeAddedIfItsInSupportedTypes (CarouselViewItem,False)" storage="d:\actions-runner\_work\xpco\xpco\addons\plugins\stickynotes\tst\videoos.plugins.stickynotes.sc.unittests\bin\x64\debug\net472\videoos.plugins.stickynotes.sc.unittests.dll" id="2c05eeae-bbff-92b1-77a7-96f3f87011f2">
      <Execution id="93b7c20e-0c71-400f-997a-2b0ea213dc5f" />
      <TestMethod codeBase="D:\actions-runner\_work\XPCO\XPCO\AddOns\Plugins\StickyNotes\tst\VideoOS.Plugins.StickyNotes.SC.UnitTests\bin\x64\Debug\net472\VideoOS.Plugins.StickyNotes.SC.UnitTests.dll" adapterTypeName="executor://mstestadapter/v2" className="VideoOS.Plugins.StickyNotes.SC.UnitTests.StickyNoteViewsHandlerTests" name="WhenNewImageViewerIsCreatedItShouldOnlyBeAddedIfItsInSupportedTypes" />
    </UnitTest>
    <UnitTest name="WhenCreatedWithValuesItShouldHaveAddDialogTitleAndSpecificValues" storage="d:\actions-runner\_work\xpco\xpco\addons\plugins\stickynotes\tst\videoos.plugins.stickynotes.sc.unittests\bin\x64\debug\net472\videoos.plugins.stickynotes.sc.unittests.dll" id="34a11ce4-a558-5634-166a-165ebb4ab698">
      <Execution id="99e1daec-93f3-4283-8914-c15b2d712e6c" />
      <TestMethod codeBase="D:\actions-runner\_work\XPCO\XPCO\AddOns\Plugins\StickyNotes\tst\VideoOS.Plugins.StickyNotes.SC.UnitTests\bin\x64\Debug\net472\VideoOS.Plugins.StickyNotes.SC.UnitTests.dll" adapterTypeName="executor://mstestadapter/v2" className="VideoOS.Plugins.StickyNotes.SC.UnitTests.StickyNotesAddDialogViewModelTests" name="WhenCreatedWithValuesItShouldHaveAddDialogTitleAndSpecificValues" />
    </UnitTest>
    <UnitTest name="WhenNewImageViewerIsCreatedItShouldOnlyBeAddedIfItsInSupportedTypes (CameraViewItem,True)" storage="d:\actions-runner\_work\xpco\xpco\addons\plugins\stickynotes\tst\videoos.plugins.stickynotes.sc.unittests\bin\x64\debug\net472\videoos.plugins.stickynotes.sc.unittests.dll" id="648033e3-a16f-f256-b05a-5e01ff64c346">
      <Execution id="66bb60b6-fbae-4989-a159-fe0cd7ef3ffb" />
      <TestMethod codeBase="D:\actions-runner\_work\XPCO\XPCO\AddOns\Plugins\StickyNotes\tst\VideoOS.Plugins.StickyNotes.SC.UnitTests\bin\x64\Debug\net472\VideoOS.Plugins.StickyNotes.SC.UnitTests.dll" adapterTypeName="executor://mstestadapter/v2" className="VideoOS.Plugins.StickyNotes.SC.UnitTests.StickyNoteViewsHandlerTests" name="WhenNewImageViewerIsCreatedItShouldOnlyBeAddedIfItsInSupportedTypes" />
    </UnitTest>
    <UnitTest name="WhenRoleIsNotAllowedToWriteCanWriteAndCanSaveShouldBeFalse" storage="d:\actions-runner\_work\xpco\xpco\addons\plugins\stickynotes\tst\videoos.plugins.stickynotes.sc.unittests\bin\x64\debug\net472\videoos.plugins.stickynotes.sc.unittests.dll" id="6419c29f-f522-6319-ea92-401a02167ef5">
      <Execution id="21bf2ba3-f616-4a9d-ba9d-45f7d7b53fe5" />
      <TestMethod codeBase="D:\actions-runner\_work\XPCO\XPCO\AddOns\Plugins\StickyNotes\tst\VideoOS.Plugins.StickyNotes.SC.UnitTests\bin\x64\Debug\net472\VideoOS.Plugins.StickyNotes.SC.UnitTests.dll" adapterTypeName="executor://mstestadapter/v2" className="VideoOS.Plugins.StickyNotes.SC.UnitTests.StickyNotesEditDialogViewModelTests" name="WhenRoleIsNotAllowedToWriteCanWriteAndCanSaveShouldBeFalse" />
    </UnitTest>
    <UnitTest name="WhenSetStickyNoteIsCalledItShouldSetTheStickyNote" storage="d:\actions-runner\_work\xpco\xpco\addons\plugins\stickynotes\tst\videoos.plugins.stickynotes.sc.unittests\bin\x64\debug\net472\videoos.plugins.stickynotes.sc.unittests.dll" id="ae82c7d4-c654-11ae-fea8-53b44bb80f4f">
      <Execution id="e93583a9-435b-4c43-bfaf-a2520be75fa3" />
      <TestMethod codeBase="D:\actions-runner\_work\XPCO\XPCO\AddOns\Plugins\StickyNotes\tst\VideoOS.Plugins.StickyNotes.SC.UnitTests\bin\x64\Debug\net472\VideoOS.Plugins.StickyNotes.SC.UnitTests.dll" adapterTypeName="executor://mstestadapter/v2" className="VideoOS.Plugins.StickyNotes.SC.UnitTests.StickyNoteViewsHandlerTests" name="WhenSetStickyNoteIsCalledItShouldSetTheStickyNote" />
    </UnitTest>
    <UnitTest name="WhenShowingAddDialogItShouldUseAddDialogViewModel" storage="d:\actions-runner\_work\xpco\xpco\addons\plugins\stickynotes\tst\videoos.plugins.stickynotes.sc.unittests\bin\x64\debug\net472\videoos.plugins.stickynotes.sc.unittests.dll" id="731b0e0b-41f5-15d6-381a-da42ec5c1e8a">
      <Execution id="6a60cedd-32bd-4492-8903-82de25bcdf77" />
      <TestMethod codeBase="D:\actions-runner\_work\XPCO\XPCO\AddOns\Plugins\StickyNotes\tst\VideoOS.Plugins.StickyNotes.SC.UnitTests\bin\x64\Debug\net472\VideoOS.Plugins.StickyNotes.SC.UnitTests.dll" adapterTypeName="executor://mstestadapter/v2" className="VideoOS.Plugins.StickyNotes.SC.UnitTests.StickyNoteDialogProviderTests" name="WhenShowingAddDialogItShouldUseAddDialogViewModel" />
    </UnitTest>
    <UnitTest name="WhenDeviceHasStickyNoteHasStickyNoteShouldReturnTrue" storage="d:\actions-runner\_work\xpco\xpco\addons\plugins\stickynotes\tst\videoos.plugins.stickynotes.sc.unittests\bin\x64\debug\net472\videoos.plugins.stickynotes.sc.unittests.dll" id="9468a81f-1626-7994-6b3f-d53664f81a0e">
      <Execution id="b3e1b6b3-8d20-498a-9d4c-92707d285f2e" />
      <TestMethod codeBase="D:\actions-runner\_work\XPCO\XPCO\AddOns\Plugins\StickyNotes\tst\VideoOS.Plugins.StickyNotes.SC.UnitTests\bin\x64\Debug\net472\VideoOS.Plugins.StickyNotes.SC.UnitTests.dll" adapterTypeName="executor://mstestadapter/v2" className="VideoOS.Plugins.StickyNotes.SC.Test.ToolBarStickyNotesPluginInstanceTest" name="WhenDeviceHasStickyNoteHasStickyNoteShouldReturnTrue" />
    </UnitTest>
    <UnitTest name="WhenRoleIsAllowedToWriteAndMessageIsNotEmptyCanWriteAndCanSaveShouldBeTrue" storage="d:\actions-runner\_work\xpco\xpco\addons\plugins\stickynotes\tst\videoos.plugins.stickynotes.sc.unittests\bin\x64\debug\net472\videoos.plugins.stickynotes.sc.unittests.dll" id="e7ba3aa3-6398-cc16-982e-6eefec72ec16">
      <Execution id="7967a9f5-c2ac-4979-9d6b-3f4cc5322f30" />
      <TestMethod codeBase="D:\actions-runner\_work\XPCO\XPCO\AddOns\Plugins\StickyNotes\tst\VideoOS.Plugins.StickyNotes.SC.UnitTests\bin\x64\Debug\net472\VideoOS.Plugins.StickyNotes.SC.UnitTests.dll" adapterTypeName="executor://mstestadapter/v2" className="VideoOS.Plugins.StickyNotes.SC.UnitTests.StickyNotesEditDialogViewModelTests" name="WhenRoleIsAllowedToWriteAndMessageIsNotEmptyCanWriteAndCanSaveShouldBeTrue" />
    </UnitTest>
    <UnitTest name="WhenStickyNoteIsAddedHasSickyNoteShouldReturnTrue" storage="d:\actions-runner\_work\xpco\xpco\addons\plugins\stickynotes\tst\videoos.plugins.stickynotes.sc.unittests\bin\x64\debug\net472\videoos.plugins.stickynotes.sc.unittests.dll" id="0e128f74-121f-e1a5-3d81-ae9a201a88ac">
      <Execution id="a256e9e3-4790-4297-9650-af7fe3519c6b" />
      <TestMethod codeBase="D:\actions-runner\_work\XPCO\XPCO\AddOns\Plugins\StickyNotes\tst\VideoOS.Plugins.StickyNotes.SC.UnitTests\bin\x64\Debug\net472\VideoOS.Plugins.StickyNotes.SC.UnitTests.dll" adapterTypeName="executor://mstestadapter/v2" className="VideoOS.Plugins.StickyNotes.SC.Test.ToolBarStickyNotesPluginInstanceTest" name="WhenStickyNoteIsAddedHasSickyNoteShouldReturnTrue" />
    </UnitTest>
    <UnitTest name="WhenRemoveStickyNoteIsCalledItShouldRemoveTheStickyNote" storage="d:\actions-runner\_work\xpco\xpco\addons\plugins\stickynotes\tst\videoos.plugins.stickynotes.sc.unittests\bin\x64\debug\net472\videoos.plugins.stickynotes.sc.unittests.dll" id="a606f53f-c98f-ea7b-ceb8-a16e65ceec7e">
      <Execution id="8a6f9a41-048f-42f3-b72b-a28588adfcd4" />
      <TestMethod codeBase="D:\actions-runner\_work\XPCO\XPCO\AddOns\Plugins\StickyNotes\tst\VideoOS.Plugins.StickyNotes.SC.UnitTests\bin\x64\Debug\net472\VideoOS.Plugins.StickyNotes.SC.UnitTests.dll" adapterTypeName="executor://mstestadapter/v2" className="VideoOS.Plugins.StickyNotes.SC.UnitTests.StickyNoteViewsHandlerTests" name="WhenRemoveStickyNoteIsCalledItShouldRemoveTheStickyNote" />
    </UnitTest>
    <UnitTest name="WhenShowingEditDialogItShouldUseEditDialogViewModel" storage="d:\actions-runner\_work\xpco\xpco\addons\plugins\stickynotes\tst\videoos.plugins.stickynotes.sc.unittests\bin\x64\debug\net472\videoos.plugins.stickynotes.sc.unittests.dll" id="29abc3e1-df75-6cb0-0fff-ec2976aada1e">
      <Execution id="67441776-b37e-4603-a9ca-df8b11617366" />
      <TestMethod codeBase="D:\actions-runner\_work\XPCO\XPCO\AddOns\Plugins\StickyNotes\tst\VideoOS.Plugins.StickyNotes.SC.UnitTests\bin\x64\Debug\net472\VideoOS.Plugins.StickyNotes.SC.UnitTests.dll" adapterTypeName="executor://mstestadapter/v2" className="VideoOS.Plugins.StickyNotes.SC.UnitTests.StickyNoteDialogProviderTests" name="WhenShowingEditDialogItShouldUseEditDialogViewModel" />
    </UnitTest>
    <UnitTest name="WhenImageAddonViewerChangesToACameraWithoutStickyNoteItShouldRemoveTheStickyNote" storage="d:\actions-runner\_work\xpco\xpco\addons\plugins\stickynotes\tst\videoos.plugins.stickynotes.sc.unittests\bin\x64\debug\net472\videoos.plugins.stickynotes.sc.unittests.dll" id="97b7cf31-106f-32ee-b47d-cede1d94b4f9">
      <Execution id="6ea70330-ce06-48f1-8fad-4d2c5595bf86" />
      <TestMethod codeBase="D:\actions-runner\_work\XPCO\XPCO\AddOns\Plugins\StickyNotes\tst\VideoOS.Plugins.StickyNotes.SC.UnitTests\bin\x64\Debug\net472\VideoOS.Plugins.StickyNotes.SC.UnitTests.dll" adapterTypeName="executor://mstestadapter/v2" className="VideoOS.Plugins.StickyNotes.SC.UnitTests.StickyNoteImageViewerTests" name="WhenImageAddonViewerChangesToACameraWithoutStickyNoteItShouldRemoveTheStickyNote" />
    </UnitTest>
    <UnitTest name="WhenExpandShrinkComandIsReceivedForFirstTimeItShouldBeMinimized" storage="d:\actions-runner\_work\xpco\xpco\addons\plugins\stickynotes\tst\videoos.plugins.stickynotes.sc.unittests\bin\x64\debug\net472\videoos.plugins.stickynotes.sc.unittests.dll" id="fa53b91c-ae03-9e15-e83e-3035c4dc2921">
      <Execution id="caa529e3-09df-4f53-8e8a-32099c793d6f" />
      <TestMethod codeBase="D:\actions-runner\_work\XPCO\XPCO\AddOns\Plugins\StickyNotes\tst\VideoOS.Plugins.StickyNotes.SC.UnitTests\bin\x64\Debug\net472\VideoOS.Plugins.StickyNotes.SC.UnitTests.dll" adapterTypeName="executor://mstestadapter/v2" className="VideoOS.Plugins.StickyNotes.SC.UnitTests.StickyNoteViewModelTests" name="WhenExpandShrinkComandIsReceivedForFirstTimeItShouldBeMinimized" />
    </UnitTest>
    <UnitTest name="WhenStickyNoteIsDeletedItShouldTrackWithTelemetry" storage="d:\actions-runner\_work\xpco\xpco\addons\plugins\stickynotes\tst\videoos.plugins.stickynotes.sc.unittests\bin\x64\debug\net472\videoos.plugins.stickynotes.sc.unittests.dll" id="8a950650-4fb8-eb3e-19b9-dec5aa754020">
      <Execution id="8c46be50-be09-43b0-b027-1c390086f3a3" />
      <TestMethod codeBase="D:\actions-runner\_work\XPCO\XPCO\AddOns\Plugins\StickyNotes\tst\VideoOS.Plugins.StickyNotes.SC.UnitTests\bin\x64\Debug\net472\VideoOS.Plugins.StickyNotes.SC.UnitTests.dll" adapterTypeName="executor://mstestadapter/v2" className="VideoOS.Plugins.StickyNotes.SC.UnitTests.StickyNotesEditDialogViewModelTests" name="WhenStickyNoteIsDeletedItShouldTrackWithTelemetry" />
    </UnitTest>
    <UnitTest name="WhenStickyNoteIsExpandedAndViewIsNarrowItShouldShowOnlyMessage (more than 10 fifty characters here ----------------)" storage="d:\actions-runner\_work\xpco\xpco\addons\plugins\stickynotes\tst\videoos.plugins.stickynotes.sc.unittests\bin\x64\debug\net472\videoos.plugins.stickynotes.sc.unittests.dll" id="b7146973-5b35-55e3-9385-7a4e26e9ef72">
      <Execution id="71813691-89a7-43e8-aa6e-9dbe7b31e6a4" />
      <TestMethod codeBase="D:\actions-runner\_work\XPCO\XPCO\AddOns\Plugins\StickyNotes\tst\VideoOS.Plugins.StickyNotes.SC.UnitTests\bin\x64\Debug\net472\VideoOS.Plugins.StickyNotes.SC.UnitTests.dll" adapterTypeName="executor://mstestadapter/v2" className="VideoOS.Plugins.StickyNotes.SC.UnitTests.StickyNoteViewModelTests" name="WhenStickyNoteIsExpandedAndViewIsNarrowItShouldShowOnlyMessage" />
    </UnitTest>
    <UnitTest name="WhenCreatedByDefaultItShouldHaveAddDialogTitleAndDefaultValues" storage="d:\actions-runner\_work\xpco\xpco\addons\plugins\stickynotes\tst\videoos.plugins.stickynotes.sc.unittests\bin\x64\debug\net472\videoos.plugins.stickynotes.sc.unittests.dll" id="9e0c26c5-8b72-b03d-81db-f189b828bd92">
      <Execution id="068baa6e-de75-4e17-9be0-391cff6870fa" />
      <TestMethod codeBase="D:\actions-runner\_work\XPCO\XPCO\AddOns\Plugins\StickyNotes\tst\VideoOS.Plugins.StickyNotes.SC.UnitTests\bin\x64\Debug\net472\VideoOS.Plugins.StickyNotes.SC.UnitTests.dll" adapterTypeName="executor://mstestadapter/v2" className="VideoOS.Plugins.StickyNotes.SC.UnitTests.StickyNotesAddDialogViewModelTests" name="WhenCreatedByDefaultItShouldHaveAddDialogTitleAndDefaultValues" />
    </UnitTest>
    <UnitTest name="WhenStickyNoteIsExpandedAndViewIsWideEnoughItShouldShowFullStickyNoteContents" storage="d:\actions-runner\_work\xpco\xpco\addons\plugins\stickynotes\tst\videoos.plugins.stickynotes.sc.unittests\bin\x64\debug\net472\videoos.plugins.stickynotes.sc.unittests.dll" id="89520011-d427-93e5-666c-2d51c53e914b">
      <Execution id="1d91f4d9-bba0-4c62-93e9-594daa5d05e7" />
      <TestMethod codeBase="D:\actions-runner\_work\XPCO\XPCO\AddOns\Plugins\StickyNotes\tst\VideoOS.Plugins.StickyNotes.SC.UnitTests\bin\x64\Debug\net472\VideoOS.Plugins.StickyNotes.SC.UnitTests.dll" adapterTypeName="executor://mstestadapter/v2" className="VideoOS.Plugins.StickyNotes.SC.UnitTests.StickyNoteViewModelTests" name="WhenStickyNoteIsExpandedAndViewIsWideEnoughItShouldShowFullStickyNoteContents" />
    </UnitTest>
    <UnitTest name="WhenStickyNoteIsSetItShouldCallImageViewerAddonAddOverlay" storage="d:\actions-runner\_work\xpco\xpco\addons\plugins\stickynotes\tst\videoos.plugins.stickynotes.sc.unittests\bin\x64\debug\net472\videoos.plugins.stickynotes.sc.unittests.dll" id="031b110d-64d6-79e8-6a88-6180f82cf79c">
      <Execution id="f19b7b00-5022-4fd3-9520-8f0a7ef68b95" />
      <TestMethod codeBase="D:\actions-runner\_work\XPCO\XPCO\AddOns\Plugins\StickyNotes\tst\VideoOS.Plugins.StickyNotes.SC.UnitTests\bin\x64\Debug\net472\VideoOS.Plugins.StickyNotes.SC.UnitTests.dll" adapterTypeName="executor://mstestadapter/v2" className="VideoOS.Plugins.StickyNotes.SC.UnitTests.StickyNoteImageViewerTests" name="WhenStickyNoteIsSetItShouldCallImageViewerAddonAddOverlay" />
    </UnitTest>
    <UnitTest name="WhenGettingDialogUserControlItShouldReturnStickyNoteDialogUserControlType" storage="d:\actions-runner\_work\xpco\xpco\addons\plugins\stickynotes\tst\videoos.plugins.stickynotes.sc.unittests\bin\x64\debug\net472\videoos.plugins.stickynotes.sc.unittests.dll" id="1e2be52f-2286-4abf-2b1e-3bdcb6bfbaaa">
      <Execution id="e510fa3f-9d7e-47f0-bb88-24e425f8403d" />
      <TestMethod codeBase="D:\actions-runner\_work\XPCO\XPCO\AddOns\Plugins\StickyNotes\tst\VideoOS.Plugins.StickyNotes.SC.UnitTests\bin\x64\Debug\net472\VideoOS.Plugins.StickyNotes.SC.UnitTests.dll" adapterTypeName="executor://mstestadapter/v2" className="VideoOS.Plugins.StickyNotes.SC.UnitTests.DialogUserControlProviderTests" name="WhenGettingDialogUserControlItShouldReturnStickyNoteDialogUserControlType" />
    </UnitTest>
    <UnitTest name="WhenExpandShrinkComandIsReceivedForSecondTimeItShouldBeMaximized" storage="d:\actions-runner\_work\xpco\xpco\addons\plugins\stickynotes\tst\videoos.plugins.stickynotes.sc.unittests\bin\x64\debug\net472\videoos.plugins.stickynotes.sc.unittests.dll" id="75fe6ae8-d6a2-1975-f977-c4f5d796a3a1">
      <Execution id="3bff3ae7-3b12-4451-ae77-b52f6c20b4fe" />
      <TestMethod codeBase="D:\actions-runner\_work\XPCO\XPCO\AddOns\Plugins\StickyNotes\tst\VideoOS.Plugins.StickyNotes.SC.UnitTests\bin\x64\Debug\net472\VideoOS.Plugins.StickyNotes.SC.UnitTests.dll" adapterTypeName="executor://mstestadapter/v2" className="VideoOS.Plugins.StickyNotes.SC.UnitTests.StickyNoteViewModelTests" name="WhenExpandShrinkComandIsReceivedForSecondTimeItShouldBeMaximized" />
    </UnitTest>
    <UnitTest name="WhenImageAddonViewerChangesToACameraWithStickyNoteFromAnotherStickyNoteItShouldUpdateIt" storage="d:\actions-runner\_work\xpco\xpco\addons\plugins\stickynotes\tst\videoos.plugins.stickynotes.sc.unittests\bin\x64\debug\net472\videoos.plugins.stickynotes.sc.unittests.dll" id="8da2c1c6-4304-ff8d-a0d9-77a4b0b2f634">
      <Execution id="c87b43cb-fa51-4fc7-b797-be306feab217" />
      <TestMethod codeBase="D:\actions-runner\_work\XPCO\XPCO\AddOns\Plugins\StickyNotes\tst\VideoOS.Plugins.StickyNotes.SC.UnitTests\bin\x64\Debug\net472\VideoOS.Plugins.StickyNotes.SC.UnitTests.dll" adapterTypeName="executor://mstestadapter/v2" className="VideoOS.Plugins.StickyNotes.SC.UnitTests.StickyNoteImageViewerTests" name="WhenImageAddonViewerChangesToACameraWithStickyNoteFromAnotherStickyNoteItShouldUpdateIt" />
    </UnitTest>
    <UnitTest name="WhenTheDeviceHasStickyNoteItShowNotShowDialogWhenActivateIsCalled" storage="d:\actions-runner\_work\xpco\xpco\addons\plugins\stickynotes\tst\videoos.plugins.stickynotes.sc.unittests\bin\x64\debug\net472\videoos.plugins.stickynotes.sc.unittests.dll" id="7b4f90d6-435b-58cb-96b2-e7087be114f5">
      <Execution id="d155a78d-67e2-433a-9a5e-9faa191c0f0d" />
      <TestMethod codeBase="D:\actions-runner\_work\XPCO\XPCO\AddOns\Plugins\StickyNotes\tst\VideoOS.Plugins.StickyNotes.SC.UnitTests\bin\x64\Debug\net472\VideoOS.Plugins.StickyNotes.SC.UnitTests.dll" adapterTypeName="executor://mstestadapter/v2" className="VideoOS.Plugins.StickyNotes.SC.Test.ToolBarStickyNotesPluginInstanceTest" name="WhenTheDeviceHasStickyNoteItShowNotShowDialogWhenActivateIsCalled" />
    </UnitTest>
    <UnitTest name="WhenConvertingFalseItShouldReturnLeft" storage="d:\actions-runner\_work\xpco\xpco\addons\plugins\stickynotes\tst\videoos.plugins.stickynotes.sc.unittests\bin\x64\debug\net472\videoos.plugins.stickynotes.sc.unittests.dll" id="53c6d63b-5e90-f9bc-534a-4e8e913f658e">
      <Execution id="438afe6e-567a-4061-bf68-75b67e452658" />
      <TestMethod codeBase="D:\actions-runner\_work\XPCO\XPCO\AddOns\Plugins\StickyNotes\tst\VideoOS.Plugins.StickyNotes.SC.UnitTests\bin\x64\Debug\net472\VideoOS.Plugins.StickyNotes.SC.UnitTests.dll" adapterTypeName="executor://mstestadapter/v2" className="VideoOS.Plugins.StickyNotes.SC.UnitTests.BoolToHorizontalAlignmentConverterTests" name="WhenConvertingFalseItShouldReturnLeft" />
    </UnitTest>
    <UnitTest name="WhenStickyNoteIsExpandedAndViewIsNarrowItShouldShowOnlyMessage (more than 100 one hundred characters here -----------------------------------------------------------)" storage="d:\actions-runner\_work\xpco\xpco\addons\plugins\stickynotes\tst\videoos.plugins.stickynotes.sc.unittests\bin\x64\debug\net472\videoos.plugins.stickynotes.sc.unittests.dll" id="b9c2ee47-4ca1-58cd-8d62-3416cde8c546">
      <Execution id="abc91dc4-7378-4c5f-b428-3f5e79b92626" />
      <TestMethod codeBase="D:\actions-runner\_work\XPCO\XPCO\AddOns\Plugins\StickyNotes\tst\VideoOS.Plugins.StickyNotes.SC.UnitTests\bin\x64\Debug\net472\VideoOS.Plugins.StickyNotes.SC.UnitTests.dll" adapterTypeName="executor://mstestadapter/v2" className="VideoOS.Plugins.StickyNotes.SC.UnitTests.StickyNoteViewModelTests" name="WhenStickyNoteIsExpandedAndViewIsNarrowItShouldShowOnlyMessage" />
    </UnitTest>
    <UnitTest name="WhenGetByImportanceCalledItShouldReturnImage (Auxiliar1,auxiliar1-icon)" storage="d:\actions-runner\_work\xpco\xpco\addons\plugins\stickynotes\tst\videoos.plugins.stickynotes.sc.unittests\bin\x64\debug\net472\videoos.plugins.stickynotes.sc.unittests.dll" id="d90ea5ef-be71-9ebf-24a9-82c434383627">
      <Execution id="ef8c7891-74d1-4d69-b6c2-3d8d0b8ec780" />
      <TestMethod codeBase="D:\actions-runner\_work\XPCO\XPCO\AddOns\Plugins\StickyNotes\tst\VideoOS.Plugins.StickyNotes.SC.UnitTests\bin\x64\Debug\net472\VideoOS.Plugins.StickyNotes.SC.UnitTests.dll" adapterTypeName="executor://mstestadapter/v2" className="VideoOS.Plugins.StickyNotes.SC.UnitTests.ImportanceImageProviderTests" name="WhenGetByImportanceCalledItShouldReturnImage" />
    </UnitTest>
    <UnitTest name="WhenPluginIsClosedWithoutInitializationItShouldNotCrash" storage="d:\actions-runner\_work\xpco\xpco\addons\plugins\stickynotes\tst\videoos.plugins.stickynotes.sc.unittests\bin\x64\debug\net472\videoos.plugins.stickynotes.sc.unittests.dll" id="c5976ee8-aa22-9698-dc7f-6c2b197fef2f">
      <Execution id="4a21203b-9373-4f25-80cf-7dd431c2e472" />
      <TestMethod codeBase="D:\actions-runner\_work\XPCO\XPCO\AddOns\Plugins\StickyNotes\tst\VideoOS.Plugins.StickyNotes.SC.UnitTests\bin\x64\Debug\net472\VideoOS.Plugins.StickyNotes.SC.UnitTests.dll" adapterTypeName="executor://mstestadapter/v2" className="VideoOS.Plugins.StickyNotes.SC.UnitTests.StickyNotesPluginDefinitionTests" name="WhenPluginIsClosedWithoutInitializationItShouldNotCrash" />
    </UnitTest>
    <UnitTest name="WhenEditButtonIsPressedTheMethodToEditTheNoteShouldBecalled" storage="d:\actions-runner\_work\xpco\xpco\addons\plugins\stickynotes\tst\videoos.plugins.stickynotes.sc.unittests\bin\x64\debug\net472\videoos.plugins.stickynotes.sc.unittests.dll" id="5dc6e21f-3c8a-b025-59fe-fb21367002c6">
      <Execution id="0a26e991-9aaa-4dd8-a96a-f029de403eff" />
      <TestMethod codeBase="D:\actions-runner\_work\XPCO\XPCO\AddOns\Plugins\StickyNotes\tst\VideoOS.Plugins.StickyNotes.SC.UnitTests\bin\x64\Debug\net472\VideoOS.Plugins.StickyNotes.SC.UnitTests.dll" adapterTypeName="executor://mstestadapter/v2" className="VideoOS.Plugins.StickyNotes.SC.UnitTests.StickyNoteViewModelTests" name="WhenEditButtonIsPressedTheMethodToEditTheNoteShouldBecalled" />
    </UnitTest>
    <UnitTest name="WhenTheDeviceDoesntHaveStickyNoteItShouldShowDialogWhenActivateIsCalled" storage="d:\actions-runner\_work\xpco\xpco\addons\plugins\stickynotes\tst\videoos.plugins.stickynotes.sc.unittests\bin\x64\debug\net472\videoos.plugins.stickynotes.sc.unittests.dll" id="7b338e88-2e27-6839-4b4f-7ca54d4a9a6d">
      <Execution id="485898da-7117-40fa-8b59-fa08d20dbaca" />
      <TestMethod codeBase="D:\actions-runner\_work\XPCO\XPCO\AddOns\Plugins\StickyNotes\tst\VideoOS.Plugins.StickyNotes.SC.UnitTests\bin\x64\Debug\net472\VideoOS.Plugins.StickyNotes.SC.UnitTests.dll" adapterTypeName="executor://mstestadapter/v2" className="VideoOS.Plugins.StickyNotes.SC.Test.ToolBarStickyNotesPluginInstanceTest" name="WhenTheDeviceDoesntHaveStickyNoteItShouldShowDialogWhenActivateIsCalled" />
    </UnitTest>
    <UnitTest name="WhenTimeZoneScIsChangedItShouldBeUpdatedInLastUpdateSc" storage="d:\actions-runner\_work\xpco\xpco\addons\plugins\stickynotes\tst\videoos.plugins.stickynotes.sc.unittests\bin\x64\debug\net472\videoos.plugins.stickynotes.sc.unittests.dll" id="fc794c79-7dc5-da91-fa0f-2b5e6519dd2d">
      <Execution id="95deffa6-c5e7-436d-9d08-4862eba79739" />
      <TestMethod codeBase="D:\actions-runner\_work\XPCO\XPCO\AddOns\Plugins\StickyNotes\tst\VideoOS.Plugins.StickyNotes.SC.UnitTests\bin\x64\Debug\net472\VideoOS.Plugins.StickyNotes.SC.UnitTests.dll" adapterTypeName="executor://mstestadapter/v2" className="VideoOS.Plugins.StickyNotes.SC.UnitTests.StickyNoteViewModelTests" name="WhenTimeZoneScIsChangedItShouldBeUpdatedInLastUpdateSc" />
    </UnitTest>
    <UnitTest name="WhenStickyNoteIsAddedForAnotherDeviceHasStickyNoteShouldReturnFalse" storage="d:\actions-runner\_work\xpco\xpco\addons\plugins\stickynotes\tst\videoos.plugins.stickynotes.sc.unittests\bin\x64\debug\net472\videoos.plugins.stickynotes.sc.unittests.dll" id="affa273d-b7b4-ea58-ac88-bac3d9bb7bc5">
      <Execution id="9051ed17-7b82-45cb-a902-1fce76adfde8" />
      <TestMethod codeBase="D:\actions-runner\_work\XPCO\XPCO\AddOns\Plugins\StickyNotes\tst\VideoOS.Plugins.StickyNotes.SC.UnitTests\bin\x64\Debug\net472\VideoOS.Plugins.StickyNotes.SC.UnitTests.dll" adapterTypeName="executor://mstestadapter/v2" className="VideoOS.Plugins.StickyNotes.SC.Test.ToolBarStickyNotesPluginInstanceTest" name="WhenStickyNoteIsAddedForAnotherDeviceHasStickyNoteShouldReturnFalse" />
    </UnitTest>
    <UnitTest name="WhenDialogConfirmItShouldSendTelemetryEventWhenThereAreChanges" storage="d:\actions-runner\_work\xpco\xpco\addons\plugins\stickynotes\tst\videoos.plugins.stickynotes.sc.unittests\bin\x64\debug\net472\videoos.plugins.stickynotes.sc.unittests.dll" id="9cbac09f-a3b8-3a0e-4e40-b2ea3de9946b">
      <Execution id="29b51913-b185-4585-9ab4-1c4553d3f5d2" />
      <TestMethod codeBase="D:\actions-runner\_work\XPCO\XPCO\AddOns\Plugins\StickyNotes\tst\VideoOS.Plugins.StickyNotes.SC.UnitTests\bin\x64\Debug\net472\VideoOS.Plugins.StickyNotes.SC.UnitTests.dll" adapterTypeName="executor://mstestadapter/v2" className="VideoOS.Plugins.StickyNotes.SC.UnitTests.StickyNotesEditDialogViewModelTests" name="WhenDialogConfirmItShouldSendTelemetryEventWhenThereAreChanges" />
    </UnitTest>
    <UnitTest name="WhenGetByImportanceCalledItShouldReturnImage (Warning,warning-icon)" storage="d:\actions-runner\_work\xpco\xpco\addons\plugins\stickynotes\tst\videoos.plugins.stickynotes.sc.unittests\bin\x64\debug\net472\videoos.plugins.stickynotes.sc.unittests.dll" id="a62332f3-4399-6825-5ff6-c8ef745f9f15">
      <Execution id="da0ef8a9-c73b-4b84-99d9-c28cdea437b3" />
      <TestMethod codeBase="D:\actions-runner\_work\XPCO\XPCO\AddOns\Plugins\StickyNotes\tst\VideoOS.Plugins.StickyNotes.SC.UnitTests\bin\x64\Debug\net472\VideoOS.Plugins.StickyNotes.SC.UnitTests.dll" adapterTypeName="executor://mstestadapter/v2" className="VideoOS.Plugins.StickyNotes.SC.UnitTests.ImportanceImageProviderTests" name="WhenGetByImportanceCalledItShouldReturnImage" />
    </UnitTest>
    <UnitTest name="WhenGetByImportanceCalledItShouldReturnImage (Auxiliar4,auxiliar4-icon)" storage="d:\actions-runner\_work\xpco\xpco\addons\plugins\stickynotes\tst\videoos.plugins.stickynotes.sc.unittests\bin\x64\debug\net472\videoos.plugins.stickynotes.sc.unittests.dll" id="c95e5b2f-a87a-85eb-4f5b-5ae38eeea861">
      <Execution id="f379d4f7-8a31-413b-9509-30bcc7ac0bdd" />
      <TestMethod codeBase="D:\actions-runner\_work\XPCO\XPCO\AddOns\Plugins\StickyNotes\tst\VideoOS.Plugins.StickyNotes.SC.UnitTests\bin\x64\Debug\net472\VideoOS.Plugins.StickyNotes.SC.UnitTests.dll" adapterTypeName="executor://mstestadapter/v2" className="VideoOS.Plugins.StickyNotes.SC.UnitTests.ImportanceImageProviderTests" name="WhenGetByImportanceCalledItShouldReturnImage" />
    </UnitTest>
    <UnitTest name="WhenGetByImportanceCalledItShouldReturnImage (Auxiliar3,auxiliar3-icon)" storage="d:\actions-runner\_work\xpco\xpco\addons\plugins\stickynotes\tst\videoos.plugins.stickynotes.sc.unittests\bin\x64\debug\net472\videoos.plugins.stickynotes.sc.unittests.dll" id="85636b50-b420-49c1-118e-f8ffd81f9682">
      <Execution id="8b53941a-8126-45dc-b3d1-cf20efe5123e" />
      <TestMethod codeBase="D:\actions-runner\_work\XPCO\XPCO\AddOns\Plugins\StickyNotes\tst\VideoOS.Plugins.StickyNotes.SC.UnitTests\bin\x64\Debug\net472\VideoOS.Plugins.StickyNotes.SC.UnitTests.dll" adapterTypeName="executor://mstestadapter/v2" className="VideoOS.Plugins.StickyNotes.SC.UnitTests.ImportanceImageProviderTests" name="WhenGetByImportanceCalledItShouldReturnImage" />
    </UnitTest>
    <UnitTest name="WhenInitializedItShouldBeNotAvailableInSetup" storage="d:\actions-runner\_work\xpco\xpco\addons\plugins\stickynotes\tst\videoos.plugins.stickynotes.sc.unittests\bin\x64\debug\net472\videoos.plugins.stickynotes.sc.unittests.dll" id="a4be0747-399d-89d5-dbc9-9155e99f4971">
      <Execution id="aca0bffa-fb76-428a-af4e-35994835d891" />
      <TestMethod codeBase="D:\actions-runner\_work\XPCO\XPCO\AddOns\Plugins\StickyNotes\tst\VideoOS.Plugins.StickyNotes.SC.UnitTests\bin\x64\Debug\net472\VideoOS.Plugins.StickyNotes.SC.UnitTests.dll" adapterTypeName="executor://mstestadapter/v2" className="VideoOS.Plugins.StickyNotes.SC.Test.ToolBarStickyNotesPluginTest" name="WhenInitializedItShouldBeNotAvailableInSetup" />
    </UnitTest>
    <UnitTest name="WhenStickyNoteIsExpandedAndViewIsNarrowItShouldShowOnlyMessage (short)" storage="d:\actions-runner\_work\xpco\xpco\addons\plugins\stickynotes\tst\videoos.plugins.stickynotes.sc.unittests\bin\x64\debug\net472\videoos.plugins.stickynotes.sc.unittests.dll" id="f52ddf10-3825-8532-9b06-3ff9d4115633">
      <Execution id="bcff53ec-d005-4401-a2e9-cf6a5b23ad93" />
      <TestMethod codeBase="D:\actions-runner\_work\XPCO\XPCO\AddOns\Plugins\StickyNotes\tst\VideoOS.Plugins.StickyNotes.SC.UnitTests\bin\x64\Debug\net472\VideoOS.Plugins.StickyNotes.SC.UnitTests.dll" adapterTypeName="executor://mstestadapter/v2" className="VideoOS.Plugins.StickyNotes.SC.UnitTests.StickyNoteViewModelTests" name="WhenStickyNoteIsExpandedAndViewIsNarrowItShouldShowOnlyMessage" />
    </UnitTest>
    <UnitTest name="WhenCreatedByDefaultItShouldHaveEditDialogTitleAndDefaultValues" storage="d:\actions-runner\_work\xpco\xpco\addons\plugins\stickynotes\tst\videoos.plugins.stickynotes.sc.unittests\bin\x64\debug\net472\videoos.plugins.stickynotes.sc.unittests.dll" id="93bb2c57-b035-dc2a-e5c4-d8284818237c">
      <Execution id="77d8ad67-1c5a-4f3b-99ad-154740010235" />
      <TestMethod codeBase="D:\actions-runner\_work\XPCO\XPCO\AddOns\Plugins\StickyNotes\tst\VideoOS.Plugins.StickyNotes.SC.UnitTests\bin\x64\Debug\net472\VideoOS.Plugins.StickyNotes.SC.UnitTests.dll" adapterTypeName="executor://mstestadapter/v2" className="VideoOS.Plugins.StickyNotes.SC.UnitTests.StickyNotesEditDialogViewModelTests" name="WhenCreatedByDefaultItShouldHaveEditDialogTitleAndDefaultValues" />
    </UnitTest>
    <UnitTest name="WhenCameraIsAllowedItShouldBeVisible" storage="d:\actions-runner\_work\xpco\xpco\addons\plugins\stickynotes\tst\videoos.plugins.stickynotes.sc.unittests\bin\x64\debug\net472\videoos.plugins.stickynotes.sc.unittests.dll" id="e3acd009-3e84-6578-3360-0227d4dcd6ac">
      <Execution id="7a8a7bf8-e1d2-413e-833c-0706ee5e7652" />
      <TestMethod codeBase="D:\actions-runner\_work\XPCO\XPCO\AddOns\Plugins\StickyNotes\tst\VideoOS.Plugins.StickyNotes.SC.UnitTests\bin\x64\Debug\net472\VideoOS.Plugins.StickyNotes.SC.UnitTests.dll" adapterTypeName="executor://mstestadapter/v2" className="VideoOS.Plugins.StickyNotes.SC.Test.ToolBarStickyNotesPluginInstanceTest" name="WhenCameraIsAllowedItShouldBeVisible" />
    </UnitTest>
    <UnitTest name="WhenStickyNoteIsShrunkAndViewIsNarrowItShouldShowOnlyTooltipOnIcon" storage="d:\actions-runner\_work\xpco\xpco\addons\plugins\stickynotes\tst\videoos.plugins.stickynotes.sc.unittests\bin\x64\debug\net472\videoos.plugins.stickynotes.sc.unittests.dll" id="f776138d-14bc-0f09-68f5-b87a21ee8e25">
      <Execution id="f52b427e-0c54-44d7-b59a-189c3254ff22" />
      <TestMethod codeBase="D:\actions-runner\_work\XPCO\XPCO\AddOns\Plugins\StickyNotes\tst\VideoOS.Plugins.StickyNotes.SC.UnitTests\bin\x64\Debug\net472\VideoOS.Plugins.StickyNotes.SC.UnitTests.dll" adapterTypeName="executor://mstestadapter/v2" className="VideoOS.Plugins.StickyNotes.SC.UnitTests.StickyNoteViewModelTests" name="WhenStickyNoteIsShrunkAndViewIsNarrowItShouldShowOnlyTooltipOnIcon" />
    </UnitTest>
    <UnitTest name="WhenImageAddonViewerChangesToACameraWithStickyNoteItShouldAddTheStickyNote" storage="d:\actions-runner\_work\xpco\xpco\addons\plugins\stickynotes\tst\videoos.plugins.stickynotes.sc.unittests\bin\x64\debug\net472\videoos.plugins.stickynotes.sc.unittests.dll" id="716c04d9-7255-7005-6e6e-6aa54bcc8bee">
      <Execution id="6e81d98a-8cb3-4185-8c70-f94f2a7785f4" />
      <TestMethod codeBase="D:\actions-runner\_work\XPCO\XPCO\AddOns\Plugins\StickyNotes\tst\VideoOS.Plugins.StickyNotes.SC.UnitTests\bin\x64\Debug\net472\VideoOS.Plugins.StickyNotes.SC.UnitTests.dll" adapterTypeName="executor://mstestadapter/v2" className="VideoOS.Plugins.StickyNotes.SC.UnitTests.StickyNoteImageViewerTests" name="WhenImageAddonViewerChangesToACameraWithStickyNoteItShouldAddTheStickyNote" />
    </UnitTest>
    <UnitTest name="WhenStickyNoteIsExpandedAndViewIsNarrowItShouldShowOnlyMessage (more than 200 two hundred characters here ---------------------------------------------------------------------------------------------------------------------------------------------------------------)" storage="d:\actions-runner\_work\xpco\xpco\addons\plugins\stickynotes\tst\videoos.plugins.stickynotes.sc.unittests\bin\x64\debug\net472\videoos.plugins.stickynotes.sc.unittests.dll" id="5b8b81db-6435-f41d-4b44-adb8261ad123">
      <Execution id="ef936d93-211b-4bb7-80d1-5a29a2a16f6c" />
      <TestMethod codeBase="D:\actions-runner\_work\XPCO\XPCO\AddOns\Plugins\StickyNotes\tst\VideoOS.Plugins.StickyNotes.SC.UnitTests\bin\x64\Debug\net472\VideoOS.Plugins.StickyNotes.SC.UnitTests.dll" adapterTypeName="executor://mstestadapter/v2" className="VideoOS.Plugins.StickyNotes.SC.UnitTests.StickyNoteViewModelTests" name="WhenStickyNoteIsExpandedAndViewIsNarrowItShouldShowOnlyMessage" />
    </UnitTest>
    <UnitTest name="WhenGetByImportanceCalledItShouldReturnImage (General,general-icon)" storage="d:\actions-runner\_work\xpco\xpco\addons\plugins\stickynotes\tst\videoos.plugins.stickynotes.sc.unittests\bin\x64\debug\net472\videoos.plugins.stickynotes.sc.unittests.dll" id="52863e55-c4b3-9389-71b8-9af122ba4077">
      <Execution id="cd01ae3f-459d-4de5-bcb2-b9d8440c767c" />
      <TestMethod codeBase="D:\actions-runner\_work\XPCO\XPCO\AddOns\Plugins\StickyNotes\tst\VideoOS.Plugins.StickyNotes.SC.UnitTests\bin\x64\Debug\net472\VideoOS.Plugins.StickyNotes.SC.UnitTests.dll" adapterTypeName="executor://mstestadapter/v2" className="VideoOS.Plugins.StickyNotes.SC.UnitTests.ImportanceImageProviderTests" name="WhenGetByImportanceCalledItShouldReturnImage" />
    </UnitTest>
    <UnitTest name="WhenRemoveStickyNoteDeviceViewItShouldReduceStickyNotesViewCount" storage="d:\actions-runner\_work\xpco\xpco\addons\plugins\stickynotes\tst\videoos.plugins.stickynotes.sc.unittests\bin\x64\debug\net472\videoos.plugins.stickynotes.sc.unittests.dll" id="6fddb17b-f4aa-9879-f2b8-d4db0f10029e">
      <Execution id="e4b49497-d8f3-4b4d-972b-1bb3d37df1b9" />
      <TestMethod codeBase="D:\actions-runner\_work\XPCO\XPCO\AddOns\Plugins\StickyNotes\tst\VideoOS.Plugins.StickyNotes.SC.UnitTests\bin\x64\Debug\net472\VideoOS.Plugins.StickyNotes.SC.UnitTests.dll" adapterTypeName="executor://mstestadapter/v2" className="VideoOS.Plugins.StickyNotes.SC.UnitTests.StickyNoteViewsHandlerTests" name="WhenRemoveStickyNoteDeviceViewItShouldReduceStickyNotesViewCount" />
    </UnitTest>
    <UnitTest name="WhenImageViewerAddonIsClosedItShouldFireClosedEvent" storage="d:\actions-runner\_work\xpco\xpco\addons\plugins\stickynotes\tst\videoos.plugins.stickynotes.sc.unittests\bin\x64\debug\net472\videoos.plugins.stickynotes.sc.unittests.dll" id="fab46ad7-8ee8-a3d6-c3c7-34529a193d33">
      <Execution id="a2baee37-4074-46b5-96e5-35b813406d0f" />
      <TestMethod codeBase="D:\actions-runner\_work\XPCO\XPCO\AddOns\Plugins\StickyNotes\tst\VideoOS.Plugins.StickyNotes.SC.UnitTests\bin\x64\Debug\net472\VideoOS.Plugins.StickyNotes.SC.UnitTests.dll" adapterTypeName="executor://mstestadapter/v2" className="VideoOS.Plugins.StickyNotes.SC.UnitTests.StickyNoteImageViewerTests" name="WhenImageViewerAddonIsClosedItShouldFireClosedEvent" />
    </UnitTest>
    <UnitTest name="WhenStickyNoteIsRemovedItShouldCallViewerAddonRemoveOverlay" storage="d:\actions-runner\_work\xpco\xpco\addons\plugins\stickynotes\tst\videoos.plugins.stickynotes.sc.unittests\bin\x64\debug\net472\videoos.plugins.stickynotes.sc.unittests.dll" id="8cf5d264-0515-424f-85df-41486f9a1f11">
      <Execution id="538d0712-0240-4273-a8aa-11f18a2fde30" />
      <TestMethod codeBase="D:\actions-runner\_work\XPCO\XPCO\AddOns\Plugins\StickyNotes\tst\VideoOS.Plugins.StickyNotes.SC.UnitTests\bin\x64\Debug\net472\VideoOS.Plugins.StickyNotes.SC.UnitTests.dll" adapterTypeName="executor://mstestadapter/v2" className="VideoOS.Plugins.StickyNotes.SC.UnitTests.StickyNoteImageViewerTests" name="WhenStickyNoteIsRemovedItShouldCallViewerAddonRemoveOverlay" />
    </UnitTest>
    <UnitTest name="WhenDialogDeleteItShouldCallRepositoryDelete" storage="d:\actions-runner\_work\xpco\xpco\addons\plugins\stickynotes\tst\videoos.plugins.stickynotes.sc.unittests\bin\x64\debug\net472\videoos.plugins.stickynotes.sc.unittests.dll" id="16b6abbf-77f9-2c2a-3553-4d8ec26c13dc">
      <Execution id="ed8a306f-2cc5-4453-851d-9fa666338c12" />
      <TestMethod codeBase="D:\actions-runner\_work\XPCO\XPCO\AddOns\Plugins\StickyNotes\tst\VideoOS.Plugins.StickyNotes.SC.UnitTests\bin\x64\Debug\net472\VideoOS.Plugins.StickyNotes.SC.UnitTests.dll" adapterTypeName="executor://mstestadapter/v2" className="VideoOS.Plugins.StickyNotes.SC.UnitTests.StickyNotesEditDialogViewModelTests" name="WhenDialogDeleteItShouldCallRepositoryDelete" />
    </UnitTest>
    <UnitTest name="WhenStickyNoteIsRemovedForAnotherDeviceHasStickyNoteShouldRetturnTrue" storage="d:\actions-runner\_work\xpco\xpco\addons\plugins\stickynotes\tst\videoos.plugins.stickynotes.sc.unittests\bin\x64\debug\net472\videoos.plugins.stickynotes.sc.unittests.dll" id="edd4a4d0-c25c-189c-4e9e-4ab21c879209">
      <Execution id="bb8615eb-9676-4e7f-b312-15e81c48cae5" />
      <TestMethod codeBase="D:\actions-runner\_work\XPCO\XPCO\AddOns\Plugins\StickyNotes\tst\VideoOS.Plugins.StickyNotes.SC.UnitTests\bin\x64\Debug\net472\VideoOS.Plugins.StickyNotes.SC.UnitTests.dll" adapterTypeName="executor://mstestadapter/v2" className="VideoOS.Plugins.StickyNotes.SC.Test.ToolBarStickyNotesPluginInstanceTest" name="WhenStickyNoteIsRemovedForAnotherDeviceHasStickyNoteShouldRetturnTrue" />
    </UnitTest>
    <UnitTest name="WhenStickyNoteIsExpandedAndViewIsNarrowItShouldShowOnlyMessage (more than 150 one hundred fifty characters here -------------------------------------------------------------------------------------------------------)" storage="d:\actions-runner\_work\xpco\xpco\addons\plugins\stickynotes\tst\videoos.plugins.stickynotes.sc.unittests\bin\x64\debug\net472\videoos.plugins.stickynotes.sc.unittests.dll" id="1173e4eb-a119-acb2-0ded-1c7b62685ecf">
      <Execution id="95119f83-f4d1-4d5d-ab90-18748e8fb31d" />
      <TestMethod codeBase="D:\actions-runner\_work\XPCO\XPCO\AddOns\Plugins\StickyNotes\tst\VideoOS.Plugins.StickyNotes.SC.UnitTests\bin\x64\Debug\net472\VideoOS.Plugins.StickyNotes.SC.UnitTests.dll" adapterTypeName="executor://mstestadapter/v2" className="VideoOS.Plugins.StickyNotes.SC.UnitTests.StickyNoteViewModelTests" name="WhenStickyNoteIsExpandedAndViewIsNarrowItShouldShowOnlyMessage" />
    </UnitTest>
    <UnitTest name="WhenConvertingTrueItShouldReturnStretch" storage="d:\actions-runner\_work\xpco\xpco\addons\plugins\stickynotes\tst\videoos.plugins.stickynotes.sc.unittests\bin\x64\debug\net472\videoos.plugins.stickynotes.sc.unittests.dll" id="ebde63c6-c048-e1a0-be5b-7ff4d7d20c59">
      <Execution id="71edb435-e003-423c-90ce-66bc42193580" />
      <TestMethod codeBase="D:\actions-runner\_work\XPCO\XPCO\AddOns\Plugins\StickyNotes\tst\VideoOS.Plugins.StickyNotes.SC.UnitTests\bin\x64\Debug\net472\VideoOS.Plugins.StickyNotes.SC.UnitTests.dll" adapterTypeName="executor://mstestadapter/v2" className="VideoOS.Plugins.StickyNotes.SC.UnitTests.BoolToHorizontalAlignmentConverterTests" name="WhenConvertingTrueItShouldReturnStretch" />
    </UnitTest>
    <UnitTest name="WhenConvertingFalseOnRTLItShouldReturnRight" storage="d:\actions-runner\_work\xpco\xpco\addons\plugins\stickynotes\tst\videoos.plugins.stickynotes.sc.unittests\bin\x64\debug\net472\videoos.plugins.stickynotes.sc.unittests.dll" id="80823ad2-86b5-f0c2-fda0-883f2cdedfbb">
      <Execution id="cad64e0e-fc33-4f97-beb8-431ccb8bbadf" />
      <TestMethod codeBase="D:\actions-runner\_work\XPCO\XPCO\AddOns\Plugins\StickyNotes\tst\VideoOS.Plugins.StickyNotes.SC.UnitTests\bin\x64\Debug\net472\VideoOS.Plugins.StickyNotes.SC.UnitTests.dll" adapterTypeName="executor://mstestadapter/v2" className="VideoOS.Plugins.StickyNotes.SC.UnitTests.BoolToHorizontalAlignmentConverterTests" name="WhenConvertingFalseOnRTLItShouldReturnRight" />
    </UnitTest>
    <UnitTest name="WhenCameraIsNotAllowedItShouldBeNotVisible" storage="d:\actions-runner\_work\xpco\xpco\addons\plugins\stickynotes\tst\videoos.plugins.stickynotes.sc.unittests\bin\x64\debug\net472\videoos.plugins.stickynotes.sc.unittests.dll" id="066fb686-5f70-eed8-93b3-7b0e9996abab">
      <Execution id="b0fd7074-8a39-4155-9ccb-6fa0ce39f5e7" />
      <TestMethod codeBase="D:\actions-runner\_work\XPCO\XPCO\AddOns\Plugins\StickyNotes\tst\VideoOS.Plugins.StickyNotes.SC.UnitTests\bin\x64\Debug\net472\VideoOS.Plugins.StickyNotes.SC.UnitTests.dll" adapterTypeName="executor://mstestadapter/v2" className="VideoOS.Plugins.StickyNotes.SC.Test.ToolBarStickyNotesPluginInstanceTest" name="WhenCameraIsNotAllowedItShouldBeNotVisible" />
    </UnitTest>
    <UnitTest name="WhenStickyNoteIsRemovedHasStickyNoteShouldReturnFalse" storage="d:\actions-runner\_work\xpco\xpco\addons\plugins\stickynotes\tst\videoos.plugins.stickynotes.sc.unittests\bin\x64\debug\net472\videoos.plugins.stickynotes.sc.unittests.dll" id="149f4202-6c2a-e881-98d7-53f44c0a50b5">
      <Execution id="a594309b-9018-4b52-a843-4805976f646b" />
      <TestMethod codeBase="D:\actions-runner\_work\XPCO\XPCO\AddOns\Plugins\StickyNotes\tst\VideoOS.Plugins.StickyNotes.SC.UnitTests\bin\x64\Debug\net472\VideoOS.Plugins.StickyNotes.SC.UnitTests.dll" adapterTypeName="executor://mstestadapter/v2" className="VideoOS.Plugins.StickyNotes.SC.Test.ToolBarStickyNotesPluginInstanceTest" name="WhenStickyNoteIsRemovedHasStickyNoteShouldReturnFalse" />
    </UnitTest>
    <UnitTest name="WhenGetByImportanceCalledItShouldReturnImage (Auxiliar2,auxiliar2-icon)" storage="d:\actions-runner\_work\xpco\xpco\addons\plugins\stickynotes\tst\videoos.plugins.stickynotes.sc.unittests\bin\x64\debug\net472\videoos.plugins.stickynotes.sc.unittests.dll" id="7b5489ab-3e63-354e-79ee-16d8c3e2fc68">
      <Execution id="63ea84c6-6fe6-4446-83ab-4411d6b1f2af" />
      <TestMethod codeBase="D:\actions-runner\_work\XPCO\XPCO\AddOns\Plugins\StickyNotes\tst\VideoOS.Plugins.StickyNotes.SC.UnitTests\bin\x64\Debug\net472\VideoOS.Plugins.StickyNotes.SC.UnitTests.dll" adapterTypeName="executor://mstestadapter/v2" className="VideoOS.Plugins.StickyNotes.SC.UnitTests.ImportanceImageProviderTests" name="WhenGetByImportanceCalledItShouldReturnImage" />
    </UnitTest>
    <UnitTest name="WhenGetByImportanceCalledItShouldReturnImage (Auxiliar5,auxiliar5-icon)" storage="d:\actions-runner\_work\xpco\xpco\addons\plugins\stickynotes\tst\videoos.plugins.stickynotes.sc.unittests\bin\x64\debug\net472\videoos.plugins.stickynotes.sc.unittests.dll" id="ef4026d5-39cf-7cf5-be3f-d4450cc480d9">
      <Execution id="10102d31-571b-4c63-8f49-eab67ea18834" />
      <TestMethod codeBase="D:\actions-runner\_work\XPCO\XPCO\AddOns\Plugins\StickyNotes\tst\VideoOS.Plugins.StickyNotes.SC.UnitTests\bin\x64\Debug\net472\VideoOS.Plugins.StickyNotes.SC.UnitTests.dll" adapterTypeName="executor://mstestadapter/v2" className="VideoOS.Plugins.StickyNotes.SC.UnitTests.ImportanceImageProviderTests" name="WhenGetByImportanceCalledItShouldReturnImage" />
    </UnitTest>
    <UnitTest name="WhenImageAddonViewerChangesToACameraWithoutAllowedStickyNoteItShouldRemoveTheStickyNote" storage="d:\actions-runner\_work\xpco\xpco\addons\plugins\stickynotes\tst\videoos.plugins.stickynotes.sc.unittests\bin\x64\debug\net472\videoos.plugins.stickynotes.sc.unittests.dll" id="49e8ae80-25b6-fa23-79b1-5f4dc02f3c63">
      <Execution id="8e9c2dd7-23a7-442d-a807-0a6193d39ba0" />
      <TestMethod codeBase="D:\actions-runner\_work\XPCO\XPCO\AddOns\Plugins\StickyNotes\tst\VideoOS.Plugins.StickyNotes.SC.UnitTests\bin\x64\Debug\net472\VideoOS.Plugins.StickyNotes.SC.UnitTests.dll" adapterTypeName="executor://mstestadapter/v2" className="VideoOS.Plugins.StickyNotes.SC.UnitTests.StickyNoteImageViewerTests" name="WhenImageAddonViewerChangesToACameraWithoutAllowedStickyNoteItShouldRemoveTheStickyNote" />
    </UnitTest>
    <UnitTest name="WhenCreatedWithValuesItShouldHaveEditDialogTitleAndspecifiedValues" storage="d:\actions-runner\_work\xpco\xpco\addons\plugins\stickynotes\tst\videoos.plugins.stickynotes.sc.unittests\bin\x64\debug\net472\videoos.plugins.stickynotes.sc.unittests.dll" id="4d939719-dce6-f155-97f2-33507c3a5453">
      <Execution id="a7d874a3-53e1-4498-890a-b7e2ab9bb04c" />
      <TestMethod codeBase="D:\actions-runner\_work\XPCO\XPCO\AddOns\Plugins\StickyNotes\tst\VideoOS.Plugins.StickyNotes.SC.UnitTests\bin\x64\Debug\net472\VideoOS.Plugins.StickyNotes.SC.UnitTests.dll" adapterTypeName="executor://mstestadapter/v2" className="VideoOS.Plugins.StickyNotes.SC.UnitTests.StickyNotesEditDialogViewModelTests" name="WhenCreatedWithValuesItShouldHaveEditDialogTitleAndspecifiedValues" />
    </UnitTest>
    <UnitTest name="WhenInitializedItShouldBeOnlyForLiveWorkspace" storage="d:\actions-runner\_work\xpco\xpco\addons\plugins\stickynotes\tst\videoos.plugins.stickynotes.sc.unittests\bin\x64\debug\net472\videoos.plugins.stickynotes.sc.unittests.dll" id="0d6c5879-b3c5-9784-e569-0c75ab8108c3">
      <Execution id="900f2fda-0445-4dda-a52b-129825f1bc7e" />
      <TestMethod codeBase="D:\actions-runner\_work\XPCO\XPCO\AddOns\Plugins\StickyNotes\tst\VideoOS.Plugins.StickyNotes.SC.UnitTests\bin\x64\Debug\net472\VideoOS.Plugins.StickyNotes.SC.UnitTests.dll" adapterTypeName="executor://mstestadapter/v2" className="VideoOS.Plugins.StickyNotes.SC.Test.ToolBarStickyNotesPluginTest" name="WhenInitializedItShouldBeOnlyForLiveWorkspace" />
    </UnitTest>
    <UnitTest name="WhenDeviceDoesNotHaveStickyNoteHasStickyNoteShouldReturnFalse" storage="d:\actions-runner\_work\xpco\xpco\addons\plugins\stickynotes\tst\videoos.plugins.stickynotes.sc.unittests\bin\x64\debug\net472\videoos.plugins.stickynotes.sc.unittests.dll" id="67021e25-efdb-3860-0b88-bdabd76f0917">
      <Execution id="0c36685d-6c86-4940-8fba-bdb1d482d7df" />
      <TestMethod codeBase="D:\actions-runner\_work\XPCO\XPCO\AddOns\Plugins\StickyNotes\tst\VideoOS.Plugins.StickyNotes.SC.UnitTests\bin\x64\Debug\net472\VideoOS.Plugins.StickyNotes.SC.UnitTests.dll" adapterTypeName="executor://mstestadapter/v2" className="VideoOS.Plugins.StickyNotes.SC.Test.ToolBarStickyNotesPluginInstanceTest" name="WhenDeviceDoesNotHaveStickyNoteHasStickyNoteShouldReturnFalse" />
    </UnitTest>
    <UnitTest name="WhenStickyNoteIsExpandedAndViewIsNarrowItShouldShowOnlyMessage (morethan10char)" storage="d:\actions-runner\_work\xpco\xpco\addons\plugins\stickynotes\tst\videoos.plugins.stickynotes.sc.unittests\bin\x64\debug\net472\videoos.plugins.stickynotes.sc.unittests.dll" id="066383b6-e8d7-2519-a1ae-00ac6c495a08">
      <Execution id="13903ae9-0f91-4fee-aa79-9edf4daed842" />
      <TestMethod codeBase="D:\actions-runner\_work\XPCO\XPCO\AddOns\Plugins\StickyNotes\tst\VideoOS.Plugins.StickyNotes.SC.UnitTests\bin\x64\Debug\net472\VideoOS.Plugins.StickyNotes.SC.UnitTests.dll" adapterTypeName="executor://mstestadapter/v2" className="VideoOS.Plugins.StickyNotes.SC.UnitTests.StickyNoteViewModelTests" name="WhenStickyNoteIsExpandedAndViewIsNarrowItShouldShowOnlyMessage" />
    </UnitTest>
    <UnitTest name="WhenDialogConfirmItShouldCallRepositoryUpdate" storage="d:\actions-runner\_work\xpco\xpco\addons\plugins\stickynotes\tst\videoos.plugins.stickynotes.sc.unittests\bin\x64\debug\net472\videoos.plugins.stickynotes.sc.unittests.dll" id="ba212a15-b1f9-a189-6bd7-8d0c647ebea2">
      <Execution id="fc708991-4302-4173-8f53-2330880a8baa" />
      <TestMethod codeBase="D:\actions-runner\_work\XPCO\XPCO\AddOns\Plugins\StickyNotes\tst\VideoOS.Plugins.StickyNotes.SC.UnitTests\bin\x64\Debug\net472\VideoOS.Plugins.StickyNotes.SC.UnitTests.dll" adapterTypeName="executor://mstestadapter/v2" className="VideoOS.Plugins.StickyNotes.SC.UnitTests.StickyNotesEditDialogViewModelTests" name="WhenDialogConfirmItShouldCallRepositoryUpdate" />
    </UnitTest>
    <UnitTest name="WhenItsCreatedItShouldBeMaximized" storage="d:\actions-runner\_work\xpco\xpco\addons\plugins\stickynotes\tst\videoos.plugins.stickynotes.sc.unittests\bin\x64\debug\net472\videoos.plugins.stickynotes.sc.unittests.dll" id="d5f8c3c2-a9a5-eb07-b93b-46d609f0c3dc">
      <Execution id="97a4f000-d808-4f9d-bf55-c239c3cec2b1" />
      <TestMethod codeBase="D:\actions-runner\_work\XPCO\XPCO\AddOns\Plugins\StickyNotes\tst\VideoOS.Plugins.StickyNotes.SC.UnitTests\bin\x64\Debug\net472\VideoOS.Plugins.StickyNotes.SC.UnitTests.dll" adapterTypeName="executor://mstestadapter/v2" className="VideoOS.Plugins.StickyNotes.SC.UnitTests.StickyNoteViewModelTests" name="WhenItsCreatedItShouldBeMaximized" />
    </UnitTest>
  </TestDefinitions>
  <TestEntries>
    <TestEntry testId="d90ea5ef-be71-9ebf-24a9-82c434383627" executionId="ef8c7891-74d1-4d69-b6c2-3d8d0b8ec780" testListId="8c84fa94-04c1-424b-9868-57a2d4851a1d" />
    <TestEntry testId="ef4026d5-39cf-7cf5-be3f-d4450cc480d9" executionId="10102d31-571b-4c63-8f49-eab67ea18834" testListId="8c84fa94-04c1-424b-9868-57a2d4851a1d" />
    <TestEntry testId="1173e4eb-a119-acb2-0ded-1c7b62685ecf" executionId="95119f83-f4d1-4d5d-ab90-18748e8fb31d" testListId="8c84fa94-04c1-424b-9868-57a2d4851a1d" />
    <TestEntry testId="fab46ad7-8ee8-a3d6-c3c7-34529a193d33" executionId="a2baee37-4074-46b5-96e5-35b813406d0f" testListId="8c84fa94-04c1-424b-9868-57a2d4851a1d" />
    <TestEntry testId="75fe6ae8-d6a2-1975-f977-c4f5d796a3a1" executionId="3bff3ae7-3b12-4451-ae77-b52f6c20b4fe" testListId="8c84fa94-04c1-424b-9868-57a2d4851a1d" />
    <TestEntry testId="80823ad2-86b5-f0c2-fda0-883f2cdedfbb" executionId="cad64e0e-fc33-4f97-beb8-431ccb8bbadf" testListId="8c84fa94-04c1-424b-9868-57a2d4851a1d" />
    <TestEntry testId="066383b6-e8d7-2519-a1ae-00ac6c495a08" executionId="13903ae9-0f91-4fee-aa79-9edf4daed842" testListId="8c84fa94-04c1-424b-9868-57a2d4851a1d" />
    <TestEntry testId="e3acd009-3e84-6578-3360-0227d4dcd6ac" executionId="7a8a7bf8-e1d2-413e-833c-0706ee5e7652" testListId="8c84fa94-04c1-424b-9868-57a2d4851a1d" />
    <TestEntry testId="67021e25-efdb-3860-0b88-bdabd76f0917" executionId="0c36685d-6c86-4940-8fba-bdb1d482d7df" testListId="8c84fa94-04c1-424b-9868-57a2d4851a1d" />
    <TestEntry testId="affa273d-b7b4-ea58-ac88-bac3d9bb7bc5" executionId="9051ed17-7b82-45cb-a902-1fce76adfde8" testListId="8c84fa94-04c1-424b-9868-57a2d4851a1d" />
    <TestEntry testId="648033e3-a16f-f256-b05a-5e01ff64c346" executionId="66bb60b6-fbae-4989-a159-fe0cd7ef3ffb" testListId="8c84fa94-04c1-424b-9868-57a2d4851a1d" />
    <TestEntry testId="e7ba3aa3-6398-cc16-982e-6eefec72ec16" executionId="7967a9f5-c2ac-4979-9d6b-3f4cc5322f30" testListId="8c84fa94-04c1-424b-9868-57a2d4851a1d" />
    <TestEntry testId="2c05eeae-bbff-92b1-77a7-96f3f87011f2" executionId="93b7c20e-0c71-400f-997a-2b0ea213dc5f" testListId="8c84fa94-04c1-424b-9868-57a2d4851a1d" />
    <TestEntry testId="ebde63c6-c048-e1a0-be5b-7ff4d7d20c59" executionId="71edb435-e003-423c-90ce-66bc42193580" testListId="8c84fa94-04c1-424b-9868-57a2d4851a1d" />
    <TestEntry testId="f776138d-14bc-0f09-68f5-b87a21ee8e25" executionId="f52b427e-0c54-44d7-b59a-189c3254ff22" testListId="8c84fa94-04c1-424b-9868-57a2d4851a1d" />
    <TestEntry testId="7b338e88-2e27-6839-4b4f-7ca54d4a9a6d" executionId="485898da-7117-40fa-8b59-fa08d20dbaca" testListId="8c84fa94-04c1-424b-9868-57a2d4851a1d" />
    <TestEntry testId="066fb686-5f70-eed8-93b3-7b0e9996abab" executionId="b0fd7074-8a39-4155-9ccb-6fa0ce39f5e7" testListId="8c84fa94-04c1-424b-9868-57a2d4851a1d" />
    <TestEntry testId="a62332f3-4399-6825-5ff6-c8ef745f9f15" executionId="da0ef8a9-c73b-4b84-99d9-c28cdea437b3" testListId="8c84fa94-04c1-424b-9868-57a2d4851a1d" />
    <TestEntry testId="ae82c7d4-c654-11ae-fea8-53b44bb80f4f" executionId="e93583a9-435b-4c43-bfaf-a2520be75fa3" testListId="8c84fa94-04c1-424b-9868-57a2d4851a1d" />
    <TestEntry testId="5b8b81db-6435-f41d-4b44-adb8261ad123" executionId="ef936d93-211b-4bb7-80d1-5a29a2a16f6c" testListId="8c84fa94-04c1-424b-9868-57a2d4851a1d" />
    <TestEntry testId="0d6c5879-b3c5-9784-e569-0c75ab8108c3" executionId="900f2fda-0445-4dda-a52b-129825f1bc7e" testListId="8c84fa94-04c1-424b-9868-57a2d4851a1d" />
    <TestEntry testId="716c04d9-7255-7005-6e6e-6aa54bcc8bee" executionId="6e81d98a-8cb3-4185-8c70-f94f2a7785f4" testListId="8c84fa94-04c1-424b-9868-57a2d4851a1d" />
    <TestEntry testId="0e128f74-121f-e1a5-3d81-ae9a201a88ac" executionId="a256e9e3-4790-4297-9650-af7fe3519c6b" testListId="8c84fa94-04c1-424b-9868-57a2d4851a1d" />
    <TestEntry testId="edd4a4d0-c25c-189c-4e9e-4ab21c879209" executionId="bb8615eb-9676-4e7f-b312-15e81c48cae5" testListId="8c84fa94-04c1-424b-9868-57a2d4851a1d" />
    <TestEntry testId="fa53b91c-ae03-9e15-e83e-3035c4dc2921" executionId="caa529e3-09df-4f53-8e8a-32099c793d6f" testListId="8c84fa94-04c1-424b-9868-57a2d4851a1d" />
    <TestEntry testId="89520011-d427-93e5-666c-2d51c53e914b" executionId="1d91f4d9-bba0-4c62-93e9-594daa5d05e7" testListId="8c84fa94-04c1-424b-9868-57a2d4851a1d" />
    <TestEntry testId="49e8ae80-25b6-fa23-79b1-5f4dc02f3c63" executionId="8e9c2dd7-23a7-442d-a807-0a6193d39ba0" testListId="8c84fa94-04c1-424b-9868-57a2d4851a1d" />
    <TestEntry testId="53c6d63b-5e90-f9bc-534a-4e8e913f658e" executionId="438afe6e-567a-4061-bf68-75b67e452658" testListId="8c84fa94-04c1-424b-9868-57a2d4851a1d" />
    <TestEntry testId="16b6abbf-77f9-2c2a-3553-4d8ec26c13dc" executionId="ed8a306f-2cc5-4453-851d-9fa666338c12" testListId="8c84fa94-04c1-424b-9868-57a2d4851a1d" />
    <TestEntry testId="85636b50-b420-49c1-118e-f8ffd81f9682" executionId="8b53941a-8126-45dc-b3d1-cf20efe5123e" testListId="8c84fa94-04c1-424b-9868-57a2d4851a1d" />
    <TestEntry testId="ba212a15-b1f9-a189-6bd7-8d0c647ebea2" executionId="fc708991-4302-4173-8f53-2330880a8baa" testListId="8c84fa94-04c1-424b-9868-57a2d4851a1d" />
    <TestEntry testId="29abc3e1-df75-6cb0-0fff-ec2976aada1e" executionId="67441776-b37e-4603-a9ca-df8b11617366" testListId="8c84fa94-04c1-424b-9868-57a2d4851a1d" />
    <TestEntry testId="4d939719-dce6-f155-97f2-33507c3a5453" executionId="a7d874a3-53e1-4498-890a-b7e2ab9bb04c" testListId="8c84fa94-04c1-424b-9868-57a2d4851a1d" />
    <TestEntry testId="5dc6e21f-3c8a-b025-59fe-fb21367002c6" executionId="0a26e991-9aaa-4dd8-a96a-f029de403eff" testListId="8c84fa94-04c1-424b-9868-57a2d4851a1d" />
    <TestEntry testId="52863e55-c4b3-9389-71b8-9af122ba4077" executionId="cd01ae3f-459d-4de5-bcb2-b9d8440c767c" testListId="8c84fa94-04c1-424b-9868-57a2d4851a1d" />
    <TestEntry testId="7b5489ab-3e63-354e-79ee-16d8c3e2fc68" executionId="63ea84c6-6fe6-4446-83ab-4411d6b1f2af" testListId="8c84fa94-04c1-424b-9868-57a2d4851a1d" />
    <TestEntry testId="9e0c26c5-8b72-b03d-81db-f189b828bd92" executionId="068baa6e-de75-4e17-9be0-391cff6870fa" testListId="8c84fa94-04c1-424b-9868-57a2d4851a1d" />
    <TestEntry testId="a606f53f-c98f-ea7b-ceb8-a16e65ceec7e" executionId="8a6f9a41-048f-42f3-b72b-a28588adfcd4" testListId="8c84fa94-04c1-424b-9868-57a2d4851a1d" />
    <TestEntry testId="f52ddf10-3825-8532-9b06-3ff9d4115633" executionId="bcff53ec-d005-4401-a2e9-cf6a5b23ad93" testListId="8c84fa94-04c1-424b-9868-57a2d4851a1d" />
    <TestEntry testId="6fddb17b-f4aa-9879-f2b8-d4db0f10029e" executionId="e4b49497-d8f3-4b4d-972b-1bb3d37df1b9" testListId="8c84fa94-04c1-424b-9868-57a2d4851a1d" />
    <TestEntry testId="731b0e0b-41f5-15d6-381a-da42ec5c1e8a" executionId="6a60cedd-32bd-4492-8903-82de25bcdf77" testListId="8c84fa94-04c1-424b-9868-57a2d4851a1d" />
    <TestEntry testId="93bb2c57-b035-dc2a-e5c4-d8284818237c" executionId="77d8ad67-1c5a-4f3b-99ad-154740010235" testListId="8c84fa94-04c1-424b-9868-57a2d4851a1d" />
    <TestEntry testId="34a11ce4-a558-5634-166a-165ebb4ab698" executionId="99e1daec-93f3-4283-8914-c15b2d712e6c" testListId="8c84fa94-04c1-424b-9868-57a2d4851a1d" />
    <TestEntry testId="b7146973-5b35-55e3-9385-7a4e26e9ef72" executionId="71813691-89a7-43e8-aa6e-9dbe7b31e6a4" testListId="8c84fa94-04c1-424b-9868-57a2d4851a1d" />
    <TestEntry testId="97b7cf31-106f-32ee-b47d-cede1d94b4f9" executionId="6ea70330-ce06-48f1-8fad-4d2c5595bf86" testListId="8c84fa94-04c1-424b-9868-57a2d4851a1d" />
    <TestEntry testId="6419c29f-f522-6319-ea92-401a02167ef5" executionId="21bf2ba3-f616-4a9d-ba9d-45f7d7b53fe5" testListId="8c84fa94-04c1-424b-9868-57a2d4851a1d" />
    <TestEntry testId="8cf5d264-0515-424f-85df-41486f9a1f11" executionId="538d0712-0240-4273-a8aa-11f18a2fde30" testListId="8c84fa94-04c1-424b-9868-57a2d4851a1d" />
    <TestEntry testId="b9c2ee47-4ca1-58cd-8d62-3416cde8c546" executionId="abc91dc4-7378-4c5f-b428-3f5e79b92626" testListId="8c84fa94-04c1-424b-9868-57a2d4851a1d" />
    <TestEntry testId="82ae758c-f2f1-73f9-a1ca-a919c4a528a0" executionId="523e221a-d0b8-4785-8217-fc9ba1918028" testListId="8c84fa94-04c1-424b-9868-57a2d4851a1d" />
    <TestEntry testId="c95e5b2f-a87a-85eb-4f5b-5ae38eeea861" executionId="f379d4f7-8a31-413b-9509-30bcc7ac0bdd" testListId="8c84fa94-04c1-424b-9868-57a2d4851a1d" />
    <TestEntry testId="29f46b29-bd47-50ee-a28a-5a37ecf65f91" executionId="d767bf6f-971b-4154-a2e7-23f31f04f5b5" testListId="8c84fa94-04c1-424b-9868-57a2d4851a1d" />
    <TestEntry testId="1e2be52f-2286-4abf-2b1e-3bdcb6bfbaaa" executionId="e510fa3f-9d7e-47f0-bb88-24e425f8403d" testListId="8c84fa94-04c1-424b-9868-57a2d4851a1d" />
    <TestEntry testId="8da2c1c6-4304-ff8d-a0d9-77a4b0b2f634" executionId="c87b43cb-fa51-4fc7-b797-be306feab217" testListId="8c84fa94-04c1-424b-9868-57a2d4851a1d" />
    <TestEntry testId="a4be0747-399d-89d5-dbc9-9155e99f4971" executionId="aca0bffa-fb76-428a-af4e-35994835d891" testListId="8c84fa94-04c1-424b-9868-57a2d4851a1d" />
    <TestEntry testId="d5f8c3c2-a9a5-eb07-b93b-46d609f0c3dc" executionId="97a4f000-d808-4f9d-bf55-c239c3cec2b1" testListId="8c84fa94-04c1-424b-9868-57a2d4851a1d" />
    <TestEntry testId="8a950650-4fb8-eb3e-19b9-dec5aa754020" executionId="8c46be50-be09-43b0-b027-1c390086f3a3" testListId="8c84fa94-04c1-424b-9868-57a2d4851a1d" />
    <TestEntry testId="031b110d-64d6-79e8-6a88-6180f82cf79c" executionId="f19b7b00-5022-4fd3-9520-8f0a7ef68b95" testListId="8c84fa94-04c1-424b-9868-57a2d4851a1d" />
    <TestEntry testId="c5976ee8-aa22-9698-dc7f-6c2b197fef2f" executionId="4a21203b-9373-4f25-80cf-7dd431c2e472" testListId="8c84fa94-04c1-424b-9868-57a2d4851a1d" />
    <TestEntry testId="9cbac09f-a3b8-3a0e-4e40-b2ea3de9946b" executionId="29b51913-b185-4585-9ab4-1c4553d3f5d2" testListId="8c84fa94-04c1-424b-9868-57a2d4851a1d" />
    <TestEntry testId="9468a81f-1626-7994-6b3f-d53664f81a0e" executionId="b3e1b6b3-8d20-498a-9d4c-92707d285f2e" testListId="8c84fa94-04c1-424b-9868-57a2d4851a1d" />
    <TestEntry testId="fc794c79-7dc5-da91-fa0f-2b5e6519dd2d" executionId="95deffa6-c5e7-436d-9d08-4862eba79739" testListId="8c84fa94-04c1-424b-9868-57a2d4851a1d" />
    <TestEntry testId="7b4f90d6-435b-58cb-96b2-e7087be114f5" executionId="d155a78d-67e2-433a-9a5e-9faa191c0f0d" testListId="8c84fa94-04c1-424b-9868-57a2d4851a1d" />
    <TestEntry testId="149f4202-6c2a-e881-98d7-53f44c0a50b5" executionId="a594309b-9018-4b52-a843-4805976f646b" testListId="8c84fa94-04c1-424b-9868-57a2d4851a1d" />
  </TestEntries>
  <TestLists>
    <TestList name="Results Not in a List" id="8c84fa94-04c1-424b-9868-57a2d4851a1d" />
    <TestList name="All Loaded Results" id="19431567-8539-422a-85d7-44ee4e166bda" />
  </TestLists>
  <ResultSummary outcome="Completed">
    <Counters total="63" executed="63" passed="63" failed="0" error="0" timeout="0" aborted="0" inconclusive="0" passedButRunAborted="0" notRunnable="0" notExecuted="0" disconnected="0" warning="0" completed="0" inProgress="0" pending="0" />
  </ResultSummary>
</TestRun>