<?xml version="1.0" encoding="utf-8"?>
<TestRun id="e5f3dd8d-3b6b-4a4d-8121-c1f74436e2cb" name="DKSR-EFI-06$@DKSR-EFI-06 2024-01-09 15:41:53" runUser="NT AUTHORITY\NETWORK SERVICE" xmlns="http://microsoft.com/schemas/VisualStudio/TeamTest/2010">
  <Times creation="2024-01-09T15:41:53.5133192+01:00" queuing="2024-01-09T15:41:53.5133192+01:00" start="2024-01-09T15:41:44.2476464+01:00" finish="2024-01-09T15:41:55.5914516+01:00" />
  <TestSettings name="default" id="148fab84-51ce-4b76-be6d-b2e39bdd9500">
    <Deployment runDeploymentRoot="DKSR-EFI-06$_DKSR-EFI-06_2024-01-09_15_41_53" />
  </TestSettings>
  <Results>
    <UnitTestResult executionId="ea615cf8-759b-4088-a297-85090bd01998" testId="10518efc-680e-0ed3-cd76-d25f5dba9492" testName="Given_RegistrarCreated_WhereSetServerAddress_Then_TheServerAddressSectionIsUpdatedWithTheExtractedHostAddress" computerName="DKSR-EFI-06" duration="00:00:00.0087946" startTime="2024-01-09T15:41:54.3414468+01:00" endTime="2024-01-09T15:41:54.3571195+01:00" testType="13cdc9d9-ddb5-4fa4-a97d-d965ccfc6d4b" outcome="Passed" testListId="8c84fa94-04c1-424b-9868-57a2d4851a1d" relativeResultsDirectory="ea615cf8-759b-4088-a297-85090bd01998" />
    <UnitTestResult executionId="881015ea-e576-4582-b83f-45d4b00d768d" testId="00d2a2ba-7677-5d86-2e56-1ee49e501ac1" testName="Full_Ctor_RegisterThisService_ServerToRegisterToIsNull_ThrowsArgumentNullException" computerName="DKSR-EFI-06" duration="00:00:00.5992624" startTime="2024-01-09T15:41:53.4976961+01:00" endTime="2024-01-09T15:41:54.0914472+01:00" testType="13cdc9d9-ddb5-4fa4-a97d-d965ccfc6d4b" outcome="Passed" testListId="8c84fa94-04c1-424b-9868-57a2d4851a1d" relativeResultsDirectory="881015ea-e576-4582-b83f-45d4b00d768d" />
    <UnitTestResult executionId="3f91c780-b046-4429-97f0-5e4705203b92" testId="b7e30f2b-2962-f07e-d3d9-edee769a423a" testName="Given_RegistrarCreated_WhereRegisterThisService_Then_TheWebApiSectionIsUpdatedWithTheCurrentHostName" computerName="DKSR-EFI-06" duration="00:00:00.0129479" startTime="2024-01-09T15:41:54.2476974+01:00" endTime="2024-01-09T15:41:54.2633229+01:00" testType="13cdc9d9-ddb5-4fa4-a97d-d965ccfc6d4b" outcome="Passed" testListId="8c84fa94-04c1-424b-9868-57a2d4851a1d" relativeResultsDirectory="3f91c780-b046-4429-97f0-5e4705203b92" />
    <UnitTestResult executionId="5f5fef80-d4a8-4ac0-8247-59502e0aaeaa" testId="a9465648-51f1-2c05-b685-0d75f51e72ee" testName="RegisterThisService_EmptyCtor_UseInitializer_StatusCodeIsSuccess" computerName="DKSR-EFI-06" duration="00:00:00.1475771" startTime="2024-01-09T15:41:54.0914472+01:00" endTime="2024-01-09T15:41:54.2476974+01:00" testType="13cdc9d9-ddb5-4fa4-a97d-d965ccfc6d4b" outcome="Passed" testListId="8c84fa94-04c1-424b-9868-57a2d4851a1d" relativeResultsDirectory="5f5fef80-d4a8-4ac0-8247-59502e0aaeaa" />
    <UnitTestResult executionId="01bf7885-b056-4a4b-8a3c-cf263026ba82" testId="d1897294-edb9-1be7-94e8-2d09096ea3c4" testName="Full_Ctor_SetServerAddress_AddressToSetIsNull_ThrowsArgumentNullException" computerName="DKSR-EFI-06" duration="00:00:00.0556244" startTime="2024-01-09T15:41:54.2633229+01:00" endTime="2024-01-09T15:41:54.3258231+01:00" testType="13cdc9d9-ddb5-4fa4-a97d-d965ccfc6d4b" outcome="Passed" testListId="8c84fa94-04c1-424b-9868-57a2d4851a1d" relativeResultsDirectory="01bf7885-b056-4a4b-8a3c-cf263026ba82" />
    <UnitTestResult executionId="0b099f69-1167-4619-a23c-29c6b8cf04ad" testId="3c877d84-7728-02ed-4106-8fd0db5cc87c" testName="SetServerAddress_EmptyCtor_UseInitializer_StatusCodeIsSuccess" computerName="DKSR-EFI-06" duration="00:00:00.0150408" startTime="2024-01-09T15:41:54.3258231+01:00" endTime="2024-01-09T15:41:54.3414468+01:00" testType="13cdc9d9-ddb5-4fa4-a97d-d965ccfc6d4b" outcome="Passed" testListId="8c84fa94-04c1-424b-9868-57a2d4851a1d" relativeResultsDirectory="0b099f69-1167-4619-a23c-29c6b8cf04ad" />
    <UnitTestResult executionId="a1855391-895e-4594-97bb-bc8bd74c8f8c" testId="0b625d6a-34f1-d5d8-a44f-2bbfe7d218fc" testName="UpgradeRecorderXmlFile_DisabledSsl_Upgrade_EnableSsl" computerName="DKSR-EFI-06" duration="00:00:01.2694920" startTime="2024-01-09T15:41:51.8258146+01:00" endTime="2024-01-09T15:41:53.4195693+01:00" testType="13cdc9d9-ddb5-4fa4-a97d-d965ccfc6d4b" outcome="Passed" testListId="8c84fa94-04c1-424b-9868-57a2d4851a1d" relativeResultsDirectory="a1855391-895e-4594-97bb-bc8bd74c8f8c" />
  </Results>
  <TestDefinitions>
    <UnitTest name="Given_RegistrarCreated_WhereRegisterThisService_Then_TheWebApiSectionIsUpdatedWithTheCurrentHostName" storage="d:\actions-runner\_work\xpco\xpco\corporate\recordingserver\recorderservice\tst\videoos.recorder.certificateregistration.unittests\bin\x64\debug\net472\videoos.recorder.certificateregistration.unittests.dll" id="b7e30f2b-2962-f07e-d3d9-edee769a423a">
      <Execution id="3f91c780-b046-4429-97f0-5e4705203b92" />
      <TestMethod codeBase="D:\actions-runner\_work\XPCO\XPCO\Corporate\RecordingServer\RecorderService\tst\VideoOS.Recorder.CertificateRegistration.UnitTests\bin\x64\Debug\net472\VideoOS.Recorder.CertificateRegistration.UnitTests.dll" adapterTypeName="executor://mstestadapter/v2" className="VideoOS.Recorder.CertificateRegistration.UnitTests.RecorderServerRegisterServiceUnitTest" name="Given_RegistrarCreated_WhereRegisterThisService_Then_TheWebApiSectionIsUpdatedWithTheCurrentHostName" />
    </UnitTest>
    <UnitTest name="Full_Ctor_RegisterThisService_ServerToRegisterToIsNull_ThrowsArgumentNullException" storage="d:\actions-runner\_work\xpco\xpco\corporate\recordingserver\recorderservice\tst\videoos.recorder.certificateregistration.unittests\bin\x64\debug\net472\videoos.recorder.certificateregistration.unittests.dll" id="00d2a2ba-7677-5d86-2e56-1ee49e501ac1">
      <Execution id="881015ea-e576-4582-b83f-45d4b00d768d" />
      <TestMethod codeBase="D:\actions-runner\_work\XPCO\XPCO\Corporate\RecordingServer\RecorderService\tst\VideoOS.Recorder.CertificateRegistration.UnitTests\bin\x64\Debug\net472\VideoOS.Recorder.CertificateRegistration.UnitTests.dll" adapterTypeName="executor://mstestadapter/v2" className="VideoOS.Recorder.CertificateRegistration.UnitTests.RecorderServerRegisterServiceUnitTest" name="Full_Ctor_RegisterThisService_ServerToRegisterToIsNull_ThrowsArgumentNullException" />
    </UnitTest>
    <UnitTest name="UpgradeRecorderXmlFile_DisabledSsl_Upgrade_EnableSsl" storage="d:\actions-runner\_work\xpco\xpco\corporate\recordingserver\recorderservice\tst\videoos.recorder.certificateregistration.unittests\bin\x64\debug\net472\videoos.recorder.certificateregistration.unittests.dll" id="0b625d6a-34f1-d5d8-a44f-2bbfe7d218fc">
      <Execution id="a1855391-895e-4594-97bb-bc8bd74c8f8c" />
      <TestMethod codeBase="D:\actions-runner\_work\XPCO\XPCO\Corporate\RecordingServer\RecorderService\tst\VideoOS.Recorder.CertificateRegistration.UnitTests\bin\x64\Debug\net472\VideoOS.Recorder.CertificateRegistration.UnitTests.dll" adapterTypeName="executor://mstestadapter/v2" className="VideoOS.Recorder.CertificateRegistration.UnitTests.ImageSeverCertificateRegistrationUnitTest" name="UpgradeRecorderXmlFile_DisabledSsl_Upgrade_EnableSsl" />
    </UnitTest>
    <UnitTest name="SetServerAddress_EmptyCtor_UseInitializer_StatusCodeIsSuccess" storage="d:\actions-runner\_work\xpco\xpco\corporate\recordingserver\recorderservice\tst\videoos.recorder.certificateregistration.unittests\bin\x64\debug\net472\videoos.recorder.certificateregistration.unittests.dll" id="3c877d84-7728-02ed-4106-8fd0db5cc87c">
      <Execution id="0b099f69-1167-4619-a23c-29c6b8cf04ad" />
      <TestMethod codeBase="D:\actions-runner\_work\XPCO\XPCO\Corporate\RecordingServer\RecorderService\tst\VideoOS.Recorder.CertificateRegistration.UnitTests\bin\x64\Debug\net472\VideoOS.Recorder.CertificateRegistration.UnitTests.dll" adapterTypeName="executor://mstestadapter/v2" className="VideoOS.Recorder.CertificateRegistration.UnitTests.RecorderSetManagementServerUnitTest" name="SetServerAddress_EmptyCtor_UseInitializer_StatusCodeIsSuccess" />
    </UnitTest>
    <UnitTest name="Full_Ctor_SetServerAddress_AddressToSetIsNull_ThrowsArgumentNullException" storage="d:\actions-runner\_work\xpco\xpco\corporate\recordingserver\recorderservice\tst\videoos.recorder.certificateregistration.unittests\bin\x64\debug\net472\videoos.recorder.certificateregistration.unittests.dll" id="d1897294-edb9-1be7-94e8-2d09096ea3c4">
      <Execution id="01bf7885-b056-4a4b-8a3c-cf263026ba82" />
      <TestMethod codeBase="D:\actions-runner\_work\XPCO\XPCO\Corporate\RecordingServer\RecorderService\tst\VideoOS.Recorder.CertificateRegistration.UnitTests\bin\x64\Debug\net472\VideoOS.Recorder.CertificateRegistration.UnitTests.dll" adapterTypeName="executor://mstestadapter/v2" className="VideoOS.Recorder.CertificateRegistration.UnitTests.RecorderSetManagementServerUnitTest" name="Full_Ctor_SetServerAddress_AddressToSetIsNull_ThrowsArgumentNullException" />
    </UnitTest>
    <UnitTest name="Given_RegistrarCreated_WhereSetServerAddress_Then_TheServerAddressSectionIsUpdatedWithTheExtractedHostAddress" storage="d:\actions-runner\_work\xpco\xpco\corporate\recordingserver\recorderservice\tst\videoos.recorder.certificateregistration.unittests\bin\x64\debug\net472\videoos.recorder.certificateregistration.unittests.dll" id="10518efc-680e-0ed3-cd76-d25f5dba9492">
      <Execution id="ea615cf8-759b-4088-a297-85090bd01998" />
      <TestMethod codeBase="D:\actions-runner\_work\XPCO\XPCO\Corporate\RecordingServer\RecorderService\tst\VideoOS.Recorder.CertificateRegistration.UnitTests\bin\x64\Debug\net472\VideoOS.Recorder.CertificateRegistration.UnitTests.dll" adapterTypeName="executor://mstestadapter/v2" className="VideoOS.Recorder.CertificateRegistration.UnitTests.RecorderSetManagementServerUnitTest" name="Given_RegistrarCreated_WhereSetServerAddress_Then_TheServerAddressSectionIsUpdatedWithTheExtractedHostAddress" />
    </UnitTest>
    <UnitTest name="RegisterThisService_EmptyCtor_UseInitializer_StatusCodeIsSuccess" storage="d:\actions-runner\_work\xpco\xpco\corporate\recordingserver\recorderservice\tst\videoos.recorder.certificateregistration.unittests\bin\x64\debug\net472\videoos.recorder.certificateregistration.unittests.dll" id="a9465648-51f1-2c05-b685-0d75f51e72ee">
      <Execution id="5f5fef80-d4a8-4ac0-8247-59502e0aaeaa" />
      <TestMethod codeBase="D:\actions-runner\_work\XPCO\XPCO\Corporate\RecordingServer\RecorderService\tst\VideoOS.Recorder.CertificateRegistration.UnitTests\bin\x64\Debug\net472\VideoOS.Recorder.CertificateRegistration.UnitTests.dll" adapterTypeName="executor://mstestadapter/v2" className="VideoOS.Recorder.CertificateRegistration.UnitTests.RecorderServerRegisterServiceUnitTest" name="RegisterThisService_EmptyCtor_UseInitializer_StatusCodeIsSuccess" />
    </UnitTest>
  </TestDefinitions>
  <TestEntries>
    <TestEntry testId="10518efc-680e-0ed3-cd76-d25f5dba9492" executionId="ea615cf8-759b-4088-a297-85090bd01998" testListId="8c84fa94-04c1-424b-9868-57a2d4851a1d" />
    <TestEntry testId="00d2a2ba-7677-5d86-2e56-1ee49e501ac1" executionId="881015ea-e576-4582-b83f-45d4b00d768d" testListId="8c84fa94-04c1-424b-9868-57a2d4851a1d" />
    <TestEntry testId="b7e30f2b-2962-f07e-d3d9-edee769a423a" executionId="3f91c780-b046-4429-97f0-5e4705203b92" testListId="8c84fa94-04c1-424b-9868-57a2d4851a1d" />
    <TestEntry testId="a9465648-51f1-2c05-b685-0d75f51e72ee" executionId="5f5fef80-d4a8-4ac0-8247-59502e0aaeaa" testListId="8c84fa94-04c1-424b-9868-57a2d4851a1d" />
    <TestEntry testId="d1897294-edb9-1be7-94e8-2d09096ea3c4" executionId="01bf7885-b056-4a4b-8a3c-cf263026ba82" testListId="8c84fa94-04c1-424b-9868-57a2d4851a1d" />
    <TestEntry testId="3c877d84-7728-02ed-4106-8fd0db5cc87c" executionId="0b099f69-1167-4619-a23c-29c6b8cf04ad" testListId="8c84fa94-04c1-424b-9868-57a2d4851a1d" />
    <TestEntry testId="0b625d6a-34f1-d5d8-a44f-2bbfe7d218fc" executionId="a1855391-895e-4594-97bb-bc8bd74c8f8c" testListId="8c84fa94-04c1-424b-9868-57a2d4851a1d" />
  </TestEntries>
  <TestLists>
    <TestList name="Results Not in a List" id="8c84fa94-04c1-424b-9868-57a2d4851a1d" />
    <TestList name="All Loaded Results" id="19431567-8539-422a-85d7-44ee4e166bda" />
  </TestLists>
  <ResultSummary outcome="Completed">
    <Counters total="7" executed="7" passed="7" failed="0" error="0" timeout="0" aborted="0" inconclusive="0" passedButRunAborted="0" notRunnable="0" notExecuted="0" disconnected="0" warning="0" completed="0" inProgress="0" pending="0" />
  </ResultSummary>
</TestRun>