<?xml version="1.0" encoding="utf-8"?>
<TestRun id="d2d1e5db-14fa-4a3b-be41-4db4572c5581" name="DKSR-EFI-06$@DKSR-EFI-06 2024-01-09 15:41:57" runUser="NT AUTHORITY\NETWORK SERVICE" xmlns="http://microsoft.com/schemas/VisualStudio/TeamTest/2010">
  <Times creation="2024-01-09T15:41:57.8102070+01:00" queuing="2024-01-09T15:41:57.8102070+01:00" start="2024-01-09T15:41:51.3883141+01:00" finish="2024-01-09T15:41:57.8727087+01:00" />
  <TestSettings name="default" id="f3badf35-a8d5-4a96-b213-a14bc706baa4">
    <Deployment runDeploymentRoot="DKSR-EFI-06$_DKSR-EFI-06_2024-01-09_15_41_57" />
  </TestSettings>
  <Results>
    <UnitTestResult executionId="bbaee1bd-9c58-4b7e-bc00-026b7027ab40" testId="885f5ff0-2248-d95e-3f60-7c14e969f283" testName="TestForAssemblyCoverage" computerName="DKSR-EFI-06" duration="00:00:00.0426462" startTime="2024-01-09T15:41:56.8570813+01:00" endTime="2024-01-09T15:41:57.3727514+01:00" testType="13cdc9d9-ddb5-4fa4-a97d-d965ccfc6d4b" outcome="Passed" testListId="8c84fa94-04c1-424b-9868-57a2d4851a1d" relativeResultsDirectory="bbaee1bd-9c58-4b7e-bc00-026b7027ab40" />
  </Results>
  <TestDefinitions>
    <UnitTest name="TestForAssemblyCoverage" storage="d:\actions-runner\_work\xpco\xpco\corporate\shared\common.media\tst\videoos.common.media.unittests\bin\x64\debug\net472\videoos.common.media.unittests.dll" id="885f5ff0-2248-d95e-3f60-7c14e969f283">
      <Execution id="bbaee1bd-9c58-4b7e-bc00-026b7027ab40" />
      <TestMethod codeBase="D:\actions-runner\_work\XPCO\XPCO\Corporate\Shared\Common.Media\tst\VideoOS.Common.Media.UnitTests\bin\x64\Debug\net472\VideoOS.Common.Media.UnitTests.dll" adapterTypeName="executor://mstestadapter/v2" className="VideoOS.Common.Media.UnitTests.UnitTest1" name="TestForAssemblyCoverage" />
    </UnitTest>
  </TestDefinitions>
  <TestEntries>
    <TestEntry testId="885f5ff0-2248-d95e-3f60-7c14e969f283" executionId="bbaee1bd-9c58-4b7e-bc00-026b7027ab40" testListId="8c84fa94-04c1-424b-9868-57a2d4851a1d" />
  </TestEntries>
  <TestLists>
    <TestList name="Results Not in a List" id="8c84fa94-04c1-424b-9868-57a2d4851a1d" />
    <TestList name="All Loaded Results" id="19431567-8539-422a-85d7-44ee4e166bda" />
  </TestLists>
  <ResultSummary outcome="Completed">
    <Counters total="1" executed="1" passed="1" failed="0" error="0" timeout="0" aborted="0" inconclusive="0" passedButRunAborted="0" notRunnable="0" notExecuted="0" disconnected="0" warning="0" completed="0" inProgress="0" pending="0" />
  </ResultSummary>
</TestRun>