<?xml version="1.0" encoding="utf-8"?>
<TestRun id="f3824d25-1993-4560-9494-62617029861d" name="DKSR-EFI-06$@DKSR-EFI-06 2024-01-09 15:42:26" runUser="NT AUTHORITY\NETWORK SERVICE" xmlns="http://microsoft.com/schemas/VisualStudio/TeamTest/2010">
  <Times creation="2024-01-09T15:42:26.3570917+01:00" queuing="2024-01-09T15:42:26.3570917+01:00" start="2024-01-09T15:42:15.2164542+01:00" finish="2024-01-09T15:42:31.4195941+01:00" />
  <TestSettings name="default" id="afb53ca5-be50-4771-b0ab-fe523f32867d">
    <Deployment runDeploymentRoot="DKSR-EFI-06$_DKSR-EFI-06_2024-01-09_15_42_26" />
  </TestSettings>
  <Results>
    <UnitTestResult executionId="aed85b99-9992-4c73-bbd3-b361c20821e3" testId="cd2f6727-c918-a31b-0875-1291c799abbb" testName="Given_RegistrarCreated_When_SetServerAddress_Then_DownloadManagerUrlFilesAreUpdatedWithNewAddress" computerName="DKSR-EFI-06" duration="00:00:00.7265431" startTime="2024-01-09T15:42:24.8570888+01:00" endTime="2024-01-09T15:42:25.9195886+01:00" testType="13cdc9d9-ddb5-4fa4-a97d-d965ccfc6d4b" outcome="Passed" testListId="8c84fa94-04c1-424b-9868-57a2d4851a1d" relativeResultsDirectory="aed85b99-9992-4c73-bbd3-b361c20821e3" />
    <UnitTestResult executionId="de9a96ee-fd6e-4650-a632-47182452d8ff" testId="3c110694-5c36-0d31-9cfe-caa72bfef3ab" testName="Given_RegistrarCreated_WhenSetServerAddress_Then_TheServerLanAddressIsUpdatedWithTheExtractedHostName" computerName="DKSR-EFI-06" duration="00:00:00.0911583" startTime="2024-01-09T15:42:30.4664662+01:00" endTime="2024-01-09T15:42:30.5602152+01:00" testType="13cdc9d9-ddb5-4fa4-a97d-d965ccfc6d4b" outcome="Passed" testListId="8c84fa94-04c1-424b-9868-57a2d4851a1d" relativeResultsDirectory="de9a96ee-fd6e-4650-a632-47182452d8ff" />
    <UnitTestResult executionId="8a57d337-2110-4034-bde6-1dff5e1ae03f" testId="cd67d88d-0c8a-b666-c2c5-5d4e4e5efde9" testName="Given_RegistrarCreated_DbLanDifferent_WhenSetServerAddress_Then_TheServerLanAddressIsNotUpdated" computerName="DKSR-EFI-06" duration="00:00:00.0083303" startTime="2024-01-09T15:42:30.5758392+01:00" endTime="2024-01-09T15:42:30.5914657+01:00" testType="13cdc9d9-ddb5-4fa4-a97d-d965ccfc6d4b" outcome="Passed" testListId="8c84fa94-04c1-424b-9868-57a2d4851a1d" relativeResultsDirectory="8a57d337-2110-4034-bde6-1dff5e1ae03f" />
    <UnitTestResult executionId="a171e3da-7f8d-406b-8077-4659693ae6a2" testId="bb4e91ae-d189-8103-f6cf-09e49f1353dc" testName="ConfigureManagementServerWebConfig_EncryptionEnabledIsFalse_UnsecureEndpointsAreEnabledInWebConfig" computerName="DKSR-EFI-06" duration="00:00:00.0096262" startTime="2024-01-09T15:42:30.3258416+01:00" endTime="2024-01-09T15:42:30.3414661+01:00" testType="13cdc9d9-ddb5-4fa4-a97d-d965ccfc6d4b" outcome="Passed" testListId="8c84fa94-04c1-424b-9868-57a2d4851a1d" relativeResultsDirectory="a171e3da-7f8d-406b-8077-4659693ae6a2" />
    <UnitTestResult executionId="bae80a3f-01ff-4d06-85e0-dd3df6513965" testId="ef589c49-f635-0eff-f3fa-697444c21536" testName="Given_Nothing_When_RegisteringService_Then_IDPAppSettingsFileIsupdatedAndIdpAppPoolIsRecycled" computerName="DKSR-EFI-06" duration="00:00:00.0075334" startTime="2024-01-09T15:42:30.5914657+01:00" endTime="2024-01-09T15:42:30.5914657+01:00" testType="13cdc9d9-ddb5-4fa4-a97d-d965ccfc6d4b" outcome="Passed" testListId="8c84fa94-04c1-424b-9868-57a2d4851a1d" relativeResultsDirectory="bae80a3f-01ff-4d06-85e0-dd3df6513965" />
    <UnitTestResult executionId="d528bcfe-015a-48a4-b7b9-93b59dbb88d0" testId="3c62beac-8070-942d-472a-77e6c98da9d4" testName="Given_RegistrarCreated_WhenSetServerAddress_Then_AddressesWithOldHostNameAreRemoved" computerName="DKSR-EFI-06" duration="00:00:00.0154608" startTime="2024-01-09T15:42:30.5602152+01:00" endTime="2024-01-09T15:42:30.5758392+01:00" testType="13cdc9d9-ddb5-4fa4-a97d-d965ccfc6d4b" outcome="Passed" testListId="8c84fa94-04c1-424b-9868-57a2d4851a1d" relativeResultsDirectory="d528bcfe-015a-48a4-b7b9-93b59dbb88d0" />
    <UnitTestResult executionId="a463234c-13e8-4f01-8255-68a5f376a1d9" testId="a3f5a0d6-ff6f-5081-02f6-81b7425b7958" testName="Full_Ctor_SetServerAddress_AddressToSetIsNull_ThrowsArgumentNullException" computerName="DKSR-EFI-06" duration="00:00:00.0900363" startTime="2024-01-09T15:42:30.3570903+01:00" endTime="2024-01-09T15:42:30.4508411+01:00" testType="13cdc9d9-ddb5-4fa4-a97d-d965ccfc6d4b" outcome="Passed" testListId="8c84fa94-04c1-424b-9868-57a2d4851a1d" relativeResultsDirectory="a463234c-13e8-4f01-8255-68a5f376a1d9" />
    <UnitTestResult executionId="319e29ea-969f-43d9-92a6-df66f0ae7a19" testId="c65d7042-7b0d-a95e-f5eb-fd1dc4b3fd8d" testName="Empty_Ctor_SetServerAddress_AddressToSetIsNull_ThrowsArgumentNullException" computerName="DKSR-EFI-06" duration="00:00:00.0085633" startTime="2024-01-09T15:42:30.3414661+01:00" endTime="2024-01-09T15:42:30.3414661+01:00" testType="13cdc9d9-ddb5-4fa4-a97d-d965ccfc6d4b" outcome="Passed" testListId="8c84fa94-04c1-424b-9868-57a2d4851a1d" relativeResultsDirectory="319e29ea-969f-43d9-92a6-df66f0ae7a19" />
    <UnitTestResult executionId="ae2f5b03-36de-428f-9095-6da627d0f804" testId="f72e99af-942c-693b-2e8f-2bf31427ac81" testName="Given_AllEnvironmentalCodeShimmedAndMocked_When_ApplyingNonEncryptedMode_Then_ThecodeIsExecutedAndMocksAndShimsAreTreatedAsExpected" computerName="DKSR-EFI-06" duration="00:00:04.2879483" startTime="2024-01-09T15:42:25.9977138+01:00" endTime="2024-01-09T15:42:30.2945899+01:00" testType="13cdc9d9-ddb5-4fa4-a97d-d965ccfc6d4b" outcome="Passed" testListId="8c84fa94-04c1-424b-9868-57a2d4851a1d" relativeResultsDirectory="ae2f5b03-36de-428f-9095-6da627d0f804" />
    <UnitTestResult executionId="4145fa1d-7e1c-4713-b545-655fcb27eef8" testId="722f660b-6146-f366-d6e6-3e0630362fb0" testName="ConfigureManagementServerWebConfig_EncryptionEnabledIsTrue_UnsecureEndpointsAreDisabledInWebConfig" computerName="DKSR-EFI-06" duration="00:00:00.0209661" startTime="2024-01-09T15:42:30.2945899+01:00" endTime="2024-01-09T15:42:30.3102135+01:00" testType="13cdc9d9-ddb5-4fa4-a97d-d965ccfc6d4b" outcome="Passed" testListId="8c84fa94-04c1-424b-9868-57a2d4851a1d" relativeResultsDirectory="4145fa1d-7e1c-4713-b545-655fcb27eef8" />
  </Results>
  <TestDefinitions>
    <UnitTest name="Given_RegistrarCreated_DbLanDifferent_WhenSetServerAddress_Then_TheServerLanAddressIsNotUpdated" storage="d:\actions-runner\_work\xpco\xpco\corporate\videoos.server.certificateregistration.unittests\bin\x64\debug\net472\videoos.server.certificateregistration.unittests.dll" id="cd67d88d-0c8a-b666-c2c5-5d4e4e5efde9">
      <Execution id="8a57d337-2110-4034-bde6-1dff5e1ae03f" />
      <TestMethod codeBase="D:\actions-runner\_work\XPCO\XPCO\Corporate\VideoOS.Server.CertificateRegistration.UnitTests\bin\x64\Debug\net472\VideoOS.Server.CertificateRegistration.UnitTests.dll" adapterTypeName="executor://mstestadapter/v2" className="VideoOS.Server.CertificateRegistration.UnitTests.MsConfigureSystemUnitTest" name="Given_RegistrarCreated_DbLanDifferent_WhenSetServerAddress_Then_TheServerLanAddressIsNotUpdated" />
    </UnitTest>
    <UnitTest name="Full_Ctor_SetServerAddress_AddressToSetIsNull_ThrowsArgumentNullException" storage="d:\actions-runner\_work\xpco\xpco\corporate\videoos.server.certificateregistration.unittests\bin\x64\debug\net472\videoos.server.certificateregistration.unittests.dll" id="a3f5a0d6-ff6f-5081-02f6-81b7425b7958">
      <Execution id="a463234c-13e8-4f01-8255-68a5f376a1d9" />
      <TestMethod codeBase="D:\actions-runner\_work\XPCO\XPCO\Corporate\VideoOS.Server.CertificateRegistration.UnitTests\bin\x64\Debug\net472\VideoOS.Server.CertificateRegistration.UnitTests.dll" adapterTypeName="executor://mstestadapter/v2" className="VideoOS.Server.CertificateRegistration.UnitTests.MsConfigureSystemUnitTest" name="Full_Ctor_SetServerAddress_AddressToSetIsNull_ThrowsArgumentNullException" />
    </UnitTest>
    <UnitTest name="Given_RegistrarCreated_WhenSetServerAddress_Then_AddressesWithOldHostNameAreRemoved" storage="d:\actions-runner\_work\xpco\xpco\corporate\videoos.server.certificateregistration.unittests\bin\x64\debug\net472\videoos.server.certificateregistration.unittests.dll" id="3c62beac-8070-942d-472a-77e6c98da9d4">
      <Execution id="d528bcfe-015a-48a4-b7b9-93b59dbb88d0" />
      <TestMethod codeBase="D:\actions-runner\_work\XPCO\XPCO\Corporate\VideoOS.Server.CertificateRegistration.UnitTests\bin\x64\Debug\net472\VideoOS.Server.CertificateRegistration.UnitTests.dll" adapterTypeName="executor://mstestadapter/v2" className="VideoOS.Server.CertificateRegistration.UnitTests.MsConfigureSystemUnitTest" name="Given_RegistrarCreated_WhenSetServerAddress_Then_AddressesWithOldHostNameAreRemoved" />
    </UnitTest>
    <UnitTest name="Given_RegistrarCreated_WhenSetServerAddress_Then_TheServerLanAddressIsUpdatedWithTheExtractedHostName" storage="d:\actions-runner\_work\xpco\xpco\corporate\videoos.server.certificateregistration.unittests\bin\x64\debug\net472\videoos.server.certificateregistration.unittests.dll" id="3c110694-5c36-0d31-9cfe-caa72bfef3ab">
      <Execution id="de9a96ee-fd6e-4650-a632-47182452d8ff" />
      <TestMethod codeBase="D:\actions-runner\_work\XPCO\XPCO\Corporate\VideoOS.Server.CertificateRegistration.UnitTests\bin\x64\Debug\net472\VideoOS.Server.CertificateRegistration.UnitTests.dll" adapterTypeName="executor://mstestadapter/v2" className="VideoOS.Server.CertificateRegistration.UnitTests.MsConfigureSystemUnitTest" name="Given_RegistrarCreated_WhenSetServerAddress_Then_TheServerLanAddressIsUpdatedWithTheExtractedHostName" />
    </UnitTest>
    <UnitTest name="ConfigureManagementServerWebConfig_EncryptionEnabledIsTrue_UnsecureEndpointsAreDisabledInWebConfig" storage="d:\actions-runner\_work\xpco\xpco\corporate\videoos.server.certificateregistration.unittests\bin\x64\debug\net472\videoos.server.certificateregistration.unittests.dll" id="722f660b-6146-f366-d6e6-3e0630362fb0">
      <Execution id="4145fa1d-7e1c-4713-b545-655fcb27eef8" />
      <TestMethod codeBase="D:\actions-runner\_work\XPCO\XPCO\Corporate\VideoOS.Server.CertificateRegistration.UnitTests\bin\x64\Debug\net472\VideoOS.Server.CertificateRegistration.UnitTests.dll" adapterTypeName="executor://mstestadapter/v2" className="VideoOS.Server.CertificateRegistration.UnitTests.MsCertificateRegistrationUnitTest" name="ConfigureManagementServerWebConfig_EncryptionEnabledIsTrue_UnsecureEndpointsAreDisabledInWebConfig" />
    </UnitTest>
    <UnitTest name="Given_Nothing_When_RegisteringService_Then_IDPAppSettingsFileIsupdatedAndIdpAppPoolIsRecycled" storage="d:\actions-runner\_work\xpco\xpco\corporate\videoos.server.certificateregistration.unittests\bin\x64\debug\net472\videoos.server.certificateregistration.unittests.dll" id="ef589c49-f635-0eff-f3fa-697444c21536">
      <Execution id="bae80a3f-01ff-4d06-85e0-dd3df6513965" />
      <TestMethod codeBase="D:\actions-runner\_work\XPCO\XPCO\Corporate\VideoOS.Server.CertificateRegistration.UnitTests\bin\x64\Debug\net472\VideoOS.Server.CertificateRegistration.UnitTests.dll" adapterTypeName="executor://mstestadapter/v2" className="VideoOS.Server.CertificateRegistration.UnitTests.MsConfigureSystemUnitTest" name="Given_Nothing_When_RegisteringService_Then_IDPAppSettingsFileIsupdatedAndIdpAppPoolIsRecycled" />
    </UnitTest>
    <UnitTest name="ConfigureManagementServerWebConfig_EncryptionEnabledIsFalse_UnsecureEndpointsAreEnabledInWebConfig" storage="d:\actions-runner\_work\xpco\xpco\corporate\videoos.server.certificateregistration.unittests\bin\x64\debug\net472\videoos.server.certificateregistration.unittests.dll" id="bb4e91ae-d189-8103-f6cf-09e49f1353dc">
      <Execution id="a171e3da-7f8d-406b-8077-4659693ae6a2" />
      <TestMethod codeBase="D:\actions-runner\_work\XPCO\XPCO\Corporate\VideoOS.Server.CertificateRegistration.UnitTests\bin\x64\Debug\net472\VideoOS.Server.CertificateRegistration.UnitTests.dll" adapterTypeName="executor://mstestadapter/v2" className="VideoOS.Server.CertificateRegistration.UnitTests.MsCertificateRegistrationUnitTest" name="ConfigureManagementServerWebConfig_EncryptionEnabledIsFalse_UnsecureEndpointsAreEnabledInWebConfig" />
    </UnitTest>
    <UnitTest name="Given_RegistrarCreated_When_SetServerAddress_Then_DownloadManagerUrlFilesAreUpdatedWithNewAddress" storage="d:\actions-runner\_work\xpco\xpco\corporate\videoos.server.certificateregistration.unittests\bin\x64\debug\net472\videoos.server.certificateregistration.unittests.dll" id="cd2f6727-c918-a31b-0875-1291c799abbb">
      <Execution id="aed85b99-9992-4c73-bbd3-b361c20821e3" />
      <TestMethod codeBase="D:\actions-runner\_work\XPCO\XPCO\Corporate\VideoOS.Server.CertificateRegistration.UnitTests\bin\x64\Debug\net472\VideoOS.Server.CertificateRegistration.UnitTests.dll" adapterTypeName="executor://mstestadapter/v2" className="VideoOS.Server.CertificateRegistration.UnitTests.DmSetManagementServerRegistrarTest" name="Given_RegistrarCreated_When_SetServerAddress_Then_DownloadManagerUrlFilesAreUpdatedWithNewAddress" />
    </UnitTest>
    <UnitTest name="Empty_Ctor_SetServerAddress_AddressToSetIsNull_ThrowsArgumentNullException" storage="d:\actions-runner\_work\xpco\xpco\corporate\videoos.server.certificateregistration.unittests\bin\x64\debug\net472\videoos.server.certificateregistration.unittests.dll" id="c65d7042-7b0d-a95e-f5eb-fd1dc4b3fd8d">
      <Execution id="319e29ea-969f-43d9-92a6-df66f0ae7a19" />
      <TestMethod codeBase="D:\actions-runner\_work\XPCO\XPCO\Corporate\VideoOS.Server.CertificateRegistration.UnitTests\bin\x64\Debug\net472\VideoOS.Server.CertificateRegistration.UnitTests.dll" adapterTypeName="executor://mstestadapter/v2" className="VideoOS.Server.CertificateRegistration.UnitTests.MsConfigureSystemUnitTest" name="Empty_Ctor_SetServerAddress_AddressToSetIsNull_ThrowsArgumentNullException" />
    </UnitTest>
    <UnitTest name="Given_AllEnvironmentalCodeShimmedAndMocked_When_ApplyingNonEncryptedMode_Then_ThecodeIsExecutedAndMocksAndShimsAreTreatedAsExpected" storage="d:\actions-runner\_work\xpco\xpco\corporate\videoos.server.certificateregistration.unittests\bin\x64\debug\net472\videoos.server.certificateregistration.unittests.dll" id="f72e99af-942c-693b-2e8f-2bf31427ac81">
      <Execution id="ae2f5b03-36de-428f-9095-6da627d0f804" />
      <TestMethod codeBase="D:\actions-runner\_work\XPCO\XPCO\Corporate\VideoOS.Server.CertificateRegistration.UnitTests\bin\x64\Debug\net472\VideoOS.Server.CertificateRegistration.UnitTests.dll" adapterTypeName="executor://mstestadapter/v2" className="VideoOS.Server.CertificateRegistration.UnitTests.MsCertificateRegistrationUnitTest" name="Given_AllEnvironmentalCodeShimmedAndMocked_When_ApplyingNonEncryptedMode_Then_ThecodeIsExecutedAndMocksAndShimsAreTreatedAsExpected" />
    </UnitTest>
  </TestDefinitions>
  <TestEntries>
    <TestEntry testId="cd2f6727-c918-a31b-0875-1291c799abbb" executionId="aed85b99-9992-4c73-bbd3-b361c20821e3" testListId="8c84fa94-04c1-424b-9868-57a2d4851a1d" />
    <TestEntry testId="3c110694-5c36-0d31-9cfe-caa72bfef3ab" executionId="de9a96ee-fd6e-4650-a632-47182452d8ff" testListId="8c84fa94-04c1-424b-9868-57a2d4851a1d" />
    <TestEntry testId="cd67d88d-0c8a-b666-c2c5-5d4e4e5efde9" executionId="8a57d337-2110-4034-bde6-1dff5e1ae03f" testListId="8c84fa94-04c1-424b-9868-57a2d4851a1d" />
    <TestEntry testId="bb4e91ae-d189-8103-f6cf-09e49f1353dc" executionId="a171e3da-7f8d-406b-8077-4659693ae6a2" testListId="8c84fa94-04c1-424b-9868-57a2d4851a1d" />
    <TestEntry testId="ef589c49-f635-0eff-f3fa-697444c21536" executionId="bae80a3f-01ff-4d06-85e0-dd3df6513965" testListId="8c84fa94-04c1-424b-9868-57a2d4851a1d" />
    <TestEntry testId="3c62beac-8070-942d-472a-77e6c98da9d4" executionId="d528bcfe-015a-48a4-b7b9-93b59dbb88d0" testListId="8c84fa94-04c1-424b-9868-57a2d4851a1d" />
    <TestEntry testId="a3f5a0d6-ff6f-5081-02f6-81b7425b7958" executionId="a463234c-13e8-4f01-8255-68a5f376a1d9" testListId="8c84fa94-04c1-424b-9868-57a2d4851a1d" />
    <TestEntry testId="c65d7042-7b0d-a95e-f5eb-fd1dc4b3fd8d" executionId="319e29ea-969f-43d9-92a6-df66f0ae7a19" testListId="8c84fa94-04c1-424b-9868-57a2d4851a1d" />
    <TestEntry testId="f72e99af-942c-693b-2e8f-2bf31427ac81" executionId="ae2f5b03-36de-428f-9095-6da627d0f804" testListId="8c84fa94-04c1-424b-9868-57a2d4851a1d" />
    <TestEntry testId="722f660b-6146-f366-d6e6-3e0630362fb0" executionId="4145fa1d-7e1c-4713-b545-655fcb27eef8" testListId="8c84fa94-04c1-424b-9868-57a2d4851a1d" />
  </TestEntries>
  <TestLists>
    <TestList name="Results Not in a List" id="8c84fa94-04c1-424b-9868-57a2d4851a1d" />
    <TestList name="All Loaded Results" id="19431567-8539-422a-85d7-44ee4e166bda" />
  </TestLists>
  <ResultSummary outcome="Completed">
    <Counters total="10" executed="10" passed="10" failed="0" error="0" timeout="0" aborted="0" inconclusive="0" passedButRunAborted="0" notRunnable="0" notExecuted="0" disconnected="0" warning="0" completed="0" inProgress="0" pending="0" />
  </ResultSummary>
</TestRun>