<?xml version="1.0" encoding="utf-8"?>
<TestRun id="7ba81902-7021-4adf-9998-cc72baaa8195" name="DKSR-EFI-06$@DKSR-EFI-06 2024-01-09 15:42:32" runUser="NT AUTHORITY\NETWORK SERVICE" xmlns="http://microsoft.com/schemas/VisualStudio/TeamTest/2010">
  <Times creation="2024-01-09T15:42:32.4508485+01:00" queuing="2024-01-09T15:42:32.4508485+01:00" start="2024-01-09T15:42:31.1070897+01:00" finish="2024-01-09T15:42:33.2008539+01:00" />
  <TestSettings name="default" id="c813e806-608b-47e9-b709-ad163cc9a2d8">
    <Deployment runDeploymentRoot="DKSR-EFI-06$_DKSR-EFI-06_2024-01-09_15_42_32" />
  </TestSettings>
  <Results>
    <UnitTestResult executionId="e62de3a7-013b-429f-b37e-8cb1e09246ab" testId="85e22d07-3e80-ec28-5f22-3fae8d0da90f" testName="Execute_KestrelNotInConfigFile_ErrorStatus" computerName="DKSR-EFI-06" duration="00:00:00.0357138" startTime="2024-01-09T15:42:32.5289746+01:00" endTime="2024-01-09T15:42:32.5602259+01:00" testType="13cdc9d9-ddb5-4fa4-a97d-d965ccfc6d4b" outcome="Passed" testListId="8c84fa94-04c1-424b-9868-57a2d4851a1d" relativeResultsDirectory="e62de3a7-013b-429f-b37e-8cb1e09246ab" />
    <UnitTestResult executionId="48c6d343-c5c6-4175-9ddb-cc79eb811291" testId="cfab1d38-40bc-6232-8cf2-6462385b3271" testName="Execute_ParseUrl_AsExpected (http://10.*.10.1:8080,UnspecifiedErrorEncryption)" computerName="DKSR-EFI-06" duration="00:00:00.0024239" startTime="2024-01-09T15:42:32.4352255+01:00" endTime="2024-01-09T15:42:32.4352255+01:00" testType="13cdc9d9-ddb5-4fa4-a97d-d965ccfc6d4b" outcome="Passed" testListId="8c84fa94-04c1-424b-9868-57a2d4851a1d" relativeResultsDirectory="48c6d343-c5c6-4175-9ddb-cc79eb811291" />
    <UnitTestResult executionId="92c5360d-f190-4c82-aff6-72f496f68c7a" testId="dc2805a2-2c85-bd31-65c2-fd1b61df1a8f" testName="Execute_ParseUrl_AsExpected (http://*test*dk:8080,UnspecifiedErrorEncryption)" computerName="DKSR-EFI-06" duration="00:00:00.0064379" startTime="2024-01-09T15:42:32.4352255+01:00" endTime="2024-01-09T15:42:32.4352255+01:00" testType="13cdc9d9-ddb5-4fa4-a97d-d965ccfc6d4b" outcome="Passed" testListId="8c84fa94-04c1-424b-9868-57a2d4851a1d" relativeResultsDirectory="92c5360d-f190-4c82-aff6-72f496f68c7a" />
    <UnitTestResult executionId="c8385e78-dfb0-4ae4-aedf-a8a574759f19" testId="31facfd3-011b-8729-2ad4-1e0fdcdefe68" testName="Execute_ParseUrl_AsExpected (http:/test.dk:8080,UnspecifiedErrorEncryption)" computerName="DKSR-EFI-06" duration="00:00:00.0026249" startTime="2024-01-09T15:42:32.4195991+01:00" endTime="2024-01-09T15:42:32.4195991+01:00" testType="13cdc9d9-ddb5-4fa4-a97d-d965ccfc6d4b" outcome="Passed" testListId="8c84fa94-04c1-424b-9868-57a2d4851a1d" relativeResultsDirectory="c8385e78-dfb0-4ae4-aedf-a8a574759f19" />
    <UnitTestResult executionId="ddad3a2a-e9fa-486c-8b12-ea0d02b2893f" testId="e2d3c416-430d-5d86-e1e0-4c8a38809aac" testName="ReadRegistrationParameters_ClientRegistrationIdKeyAndValuePresent_ValueReused" computerName="DKSR-EFI-06" duration="00:00:00.0090110" startTime="2024-01-09T15:42:32.7321020+01:00" endTime="2024-01-09T15:42:32.7477255+01:00" testType="13cdc9d9-ddb5-4fa4-a97d-d965ccfc6d4b" outcome="Passed" testListId="8c84fa94-04c1-424b-9868-57a2d4851a1d" relativeResultsDirectory="ddad3a2a-e9fa-486c-8b12-ea0d02b2893f" />
    <UnitTestResult executionId="cdbd0f29-4968-4832-8e86-fa8af98d0d5a" testId="9587ca0d-4803-9d42-3ed2-cc64750a3a80" testName="Execute_ParseUrl_AsExpected (httpss://10.10.10.1:8080,UnspecifiedErrorEncryption)" computerName="DKSR-EFI-06" duration="00:00:00.0021983" startTime="2024-01-09T15:42:32.4352255+01:00" endTime="2024-01-09T15:42:32.4508485+01:00" testType="13cdc9d9-ddb5-4fa4-a97d-d965ccfc6d4b" outcome="Passed" testListId="8c84fa94-04c1-424b-9868-57a2d4851a1d" relativeResultsDirectory="cdbd0f29-4968-4832-8e86-fa8af98d0d5a" />
    <UnitTestResult executionId="005eff48-674d-4a15-b941-0115a0012c53" testId="f44d555a-810b-6e27-3273-8fbf16eb3346" testName="ReadRegistrationParameters_ClientRegistrationIdKeyPresentButEmptyValue_ValueAdded" computerName="DKSR-EFI-06" duration="00:00:00.0032349" startTime="2024-01-09T15:42:32.7321020+01:00" endTime="2024-01-09T15:42:32.7321020+01:00" testType="13cdc9d9-ddb5-4fa4-a97d-d965ccfc6d4b" outcome="Passed" testListId="8c84fa94-04c1-424b-9868-57a2d4851a1d" relativeResultsDirectory="005eff48-674d-4a15-b941-0115a0012c53" />
    <UnitTestResult executionId="77fbebb0-4bdd-4e46-969a-32020194e27f" testId="7d9c8062-a049-3172-63d9-e45b9717bf86" testName="WriteRegistrationParameters_ClientRegistrationIdAndAuthorizationServerUri_UpdatedCorrectInConfig (VideoOS.CertificateRegistration.Common.RegistrationParameters,{ &quot;SomeSetting&quot; : &quot;SomeValue&quot; })" computerName="DKSR-EFI-06" duration="00:00:00.0045387" startTime="2024-01-09T15:42:32.7477255+01:00" endTime="2024-01-09T15:42:32.7946222+01:00" testType="13cdc9d9-ddb5-4fa4-a97d-d965ccfc6d4b" outcome="Passed" testListId="8c84fa94-04c1-424b-9868-57a2d4851a1d" relativeResultsDirectory="77fbebb0-4bdd-4e46-969a-32020194e27f" />
    <UnitTestResult executionId="55054d8b-10c2-48a3-8032-89a5ce76a862" testId="e09a08fd-89b5-2d4d-7de5-5424f54539f8" testName="Execute_ParseUrl_AsExpected (http://**:8080,UnspecifiedErrorEncryption)" computerName="DKSR-EFI-06" duration="00:00:00.0025407" startTime="2024-01-09T15:42:32.4195991+01:00" endTime="2024-01-09T15:42:32.4352255+01:00" testType="13cdc9d9-ddb5-4fa4-a97d-d965ccfc6d4b" outcome="Passed" testListId="8c84fa94-04c1-424b-9868-57a2d4851a1d" relativeResultsDirectory="55054d8b-10c2-48a3-8032-89a5ce76a862" />
    <UnitTestResult executionId="791fb504-4f61-46b8-ac12-018cb4a74afa" testId="6f68f11c-86c9-c887-20f2-0467ea87698c" testName="Execute_ParseUrl_AsExpected (http://10.10.10.10/,Success,False)" computerName="DKSR-EFI-06" duration="00:00:00.0032724" startTime="2024-01-09T15:42:32.4820992+01:00" endTime="2024-01-09T15:42:32.4820992+01:00" testType="13cdc9d9-ddb5-4fa4-a97d-d965ccfc6d4b" outcome="Passed" testListId="8c84fa94-04c1-424b-9868-57a2d4851a1d" relativeResultsDirectory="791fb504-4f61-46b8-ac12-018cb4a74afa" />
    <UnitTestResult executionId="42656fcc-6679-4da7-bfaa-eca07a71baa5" testId="edf70aba-5520-6533-9207-6e23ea89d3f0" testName="Execute_DisableEncryptionWithDefaultPort_UrlSetToHttpWithoutPort" computerName="DKSR-EFI-06" duration="00:00:00.0040960" startTime="2024-01-09T15:42:32.5758514+01:00" endTime="2024-01-09T15:42:32.5758514+01:00" testType="13cdc9d9-ddb5-4fa4-a97d-d965ccfc6d4b" outcome="Passed" testListId="8c84fa94-04c1-424b-9868-57a2d4851a1d" relativeResultsDirectory="42656fcc-6679-4da7-bfaa-eca07a71baa5" />
    <UnitTestResult executionId="aeec6ea9-550e-43f4-8b0d-5a876a49e519" testId="244ccc9f-3cb6-7a76-0b02-dc61943e0e64" testName="Execute_ParseUrl_AsExpected (http://?:8080,UnspecifiedErrorEncryption)" computerName="DKSR-EFI-06" duration="00:00:00.0025038" startTime="2024-01-09T15:42:32.4352255+01:00" endTime="2024-01-09T15:42:32.4352255+01:00" testType="13cdc9d9-ddb5-4fa4-a97d-d965ccfc6d4b" outcome="Passed" testListId="8c84fa94-04c1-424b-9868-57a2d4851a1d" relativeResultsDirectory="aeec6ea9-550e-43f4-8b0d-5a876a49e519" />
    <UnitTestResult executionId="bf58fb0c-e469-4c0c-8904-de2a930deb28" testId="fc098de1-8ca1-484c-2c0e-ad9671b77680" testName="Execute_ParseUrl_AsExpected (http://JustSomeurl.local/,Success,False)" computerName="DKSR-EFI-06" duration="00:00:00.0033898" startTime="2024-01-09T15:42:32.4820992+01:00" endTime="2024-01-09T15:42:32.4820992+01:00" testType="13cdc9d9-ddb5-4fa4-a97d-d965ccfc6d4b" outcome="Passed" testListId="8c84fa94-04c1-424b-9868-57a2d4851a1d" relativeResultsDirectory="bf58fb0c-e469-4c0c-8904-de2a930deb28" />
    <UnitTestResult executionId="e130a0fe-9160-4571-8fea-2010a115d6e8" testId="d2b883ce-c675-d43a-2609-5076b16fafaa" testName="Execute_ParseUrl_AsExpected (notValid,UnspecifiedErrorEncryption)" computerName="DKSR-EFI-06" duration="00:00:00.2651635" startTime="2024-01-09T15:42:32.0455528+01:00" endTime="2024-01-09T15:42:32.4039737+01:00" testType="13cdc9d9-ddb5-4fa4-a97d-d965ccfc6d4b" outcome="Passed" testListId="8c84fa94-04c1-424b-9868-57a2d4851a1d" relativeResultsDirectory="e130a0fe-9160-4571-8fea-2010a115d6e8" />
    <UnitTestResult executionId="8c22e1db-e356-4d89-aa39-d913c0cf8cee" testId="64a3ad71-dfa6-89b9-af01-797da222b09e" testName="Execute_ParseUrl_AsExpected (https://[::]:8080/,Success)" computerName="DKSR-EFI-06" duration="00:00:00.0083152" startTime="2024-01-09T15:42:32.4664750+01:00" endTime="2024-01-09T15:42:32.4664750+01:00" testType="13cdc9d9-ddb5-4fa4-a97d-d965ccfc6d4b" outcome="Passed" testListId="8c84fa94-04c1-424b-9868-57a2d4851a1d" relativeResultsDirectory="8c22e1db-e356-4d89-aa39-d913c0cf8cee" />
    <UnitTestResult executionId="ecb77ef1-b554-4293-96ef-98c493dc095e" testId="3c991375-055b-932d-2418-1594f70afba5" testName="Execute_TwoEndpointSpecified_ErrorStatus" computerName="DKSR-EFI-06" duration="00:00:00.0026657" startTime="2024-01-09T15:42:32.5914764+01:00" endTime="2024-01-09T15:42:32.5914764+01:00" testType="13cdc9d9-ddb5-4fa4-a97d-d965ccfc6d4b" outcome="Passed" testListId="8c84fa94-04c1-424b-9868-57a2d4851a1d" relativeResultsDirectory="ecb77ef1-b554-4293-96ef-98c493dc095e" />
    <UnitTestResult executionId="59da34be-ea93-42cf-95d3-f02f6f4e40b9" testId="20f78a76-880b-e17c-7a45-2aae992d5ea0" testName="Execute_EnableEncryptionWithCustomPort_UrlSetToHttpsWithCustomPort" computerName="DKSR-EFI-06" duration="00:00:00.0044840" startTime="2024-01-09T15:42:32.5758514+01:00" endTime="2024-01-09T15:42:32.5758514+01:00" testType="13cdc9d9-ddb5-4fa4-a97d-d965ccfc6d4b" outcome="Passed" testListId="8c84fa94-04c1-424b-9868-57a2d4851a1d" relativeResultsDirectory="59da34be-ea93-42cf-95d3-f02f6f4e40b9" />
    <UnitTestResult executionId="811c4f11-fabb-41d9-9f8a-53b2990a8a56" testId="b1ca9f6e-c253-66a7-5a66-dbaa2369ccd4" testName="Execute_InvalidConfigFileFormat_ErrorStatus" computerName="DKSR-EFI-06" duration="00:00:00.0084281" startTime="2024-01-09T15:42:32.7008758+01:00" endTime="2024-01-09T15:42:32.7008758+01:00" testType="13cdc9d9-ddb5-4fa4-a97d-d965ccfc6d4b" outcome="Passed" testListId="8c84fa94-04c1-424b-9868-57a2d4851a1d" relativeResultsDirectory="811c4f11-fabb-41d9-9f8a-53b2990a8a56" />
    <UnitTestResult executionId="d58a4819-4ecd-4cbb-9869-b061574624f7" testId="cf3ce702-bea5-d530-2231-4f2e71bc7f52" testName="Execute_DisableEncryptionWithCustomPort_UrlSetToHttpWithCustomPort" computerName="DKSR-EFI-06" duration="00:00:00.0040268" startTime="2024-01-09T15:42:32.5758514+01:00" endTime="2024-01-09T15:42:32.5914764+01:00" testType="13cdc9d9-ddb5-4fa4-a97d-d965ccfc6d4b" outcome="Passed" testListId="8c84fa94-04c1-424b-9868-57a2d4851a1d" relativeResultsDirectory="d58a4819-4ecd-4cbb-9869-b061574624f7" />
    <UnitTestResult executionId="bc4fa16e-044e-4ed7-98f5-34d2e5757085" testId="746c402b-d6d1-d421-5c7e-396f9f1313b0" testName="Execute_ParseUrl_AsExpected (https://10.10.10.10/,Success)" computerName="DKSR-EFI-06" duration="00:00:00.0033462" startTime="2024-01-09T15:42:32.4664750+01:00" endTime="2024-01-09T15:42:32.4820992+01:00" testType="13cdc9d9-ddb5-4fa4-a97d-d965ccfc6d4b" outcome="Passed" testListId="8c84fa94-04c1-424b-9868-57a2d4851a1d" relativeResultsDirectory="bc4fa16e-044e-4ed7-98f5-34d2e5757085" />
    <UnitTestResult executionId="862d1946-4381-4354-b42a-2336fc593571" testId="ef1917ea-935a-e081-a84d-94ad09a9f69f" testName="Execute_ParseUrl_AsExpected (https://JustSomeUrl.local:7609/,Success)" computerName="DKSR-EFI-06" duration="00:00:00.0032175" startTime="2024-01-09T15:42:32.4820992+01:00" endTime="2024-01-09T15:42:32.4820992+01:00" testType="13cdc9d9-ddb5-4fa4-a97d-d965ccfc6d4b" outcome="Passed" testListId="8c84fa94-04c1-424b-9868-57a2d4851a1d" relativeResultsDirectory="862d1946-4381-4354-b42a-2336fc593571" />
    <UnitTestResult executionId="8d054dc4-d012-4508-81a6-994ab87ef549" testId="5861ef9a-d5f3-3568-8827-3e1716854304" testName="Execute_ParseUrl_AsExpected (https://10.10.10.10:8080/,Success)" computerName="DKSR-EFI-06" duration="00:00:00.0035372" startTime="2024-01-09T15:42:32.4664750+01:00" endTime="2024-01-09T15:42:32.4664750+01:00" testType="13cdc9d9-ddb5-4fa4-a97d-d965ccfc6d4b" outcome="Passed" testListId="8c84fa94-04c1-424b-9868-57a2d4851a1d" relativeResultsDirectory="8d054dc4-d012-4508-81a6-994ab87ef549" />
    <UnitTestResult executionId="978ba2cc-2423-48ae-b1af-a05edcc15517" testId="37e0d527-bf76-21e6-afa4-922c942df239" testName="Execute_UriIsNull_ArgumentNullException" computerName="DKSR-EFI-06" duration="00:00:00.0938481" startTime="2024-01-09T15:42:32.5914764+01:00" endTime="2024-01-09T15:42:32.6852231+01:00" testType="13cdc9d9-ddb5-4fa4-a97d-d965ccfc6d4b" outcome="Passed" testListId="8c84fa94-04c1-424b-9868-57a2d4851a1d" relativeResultsDirectory="978ba2cc-2423-48ae-b1af-a05edcc15517" />
    <UnitTestResult executionId="d6fb4481-bc1b-44b1-b36f-64cdcb593044" testId="e709a4d1-0132-f033-2ba2-c8b893dc47f0" testName="Execute_ConfigFileDoesNotExists_ErrorStatus" computerName="DKSR-EFI-06" duration="00:00:00.0089823" startTime="2024-01-09T15:42:32.6852231+01:00" endTime="2024-01-09T15:42:32.7008758+01:00" testType="13cdc9d9-ddb5-4fa4-a97d-d965ccfc6d4b" outcome="Passed" testListId="8c84fa94-04c1-424b-9868-57a2d4851a1d" relativeResultsDirectory="d6fb4481-bc1b-44b1-b36f-64cdcb593044" />
    <UnitTestResult executionId="aa691958-091a-4020-994f-624b1da2214b" testId="dc9464f9-bab9-9e09-683a-f2be70dbe9ae" testName="Execute_InvalidConfigFileFormat_ErrorStatus" computerName="DKSR-EFI-06" duration="00:00:00.0268377" startTime="2024-01-09T15:42:32.4977255+01:00" endTime="2024-01-09T15:42:32.5289746+01:00" testType="13cdc9d9-ddb5-4fa4-a97d-d965ccfc6d4b" outcome="Passed" testListId="8c84fa94-04c1-424b-9868-57a2d4851a1d" relativeResultsDirectory="aa691958-091a-4020-994f-624b1da2214b" />
    <UnitTestResult executionId="078882cc-f39d-4049-a747-3842bd994e71" testId="e5a3f963-eb45-0af0-92a8-cf71a5d5a22c" testName="Execute_ManagementServerAddressIsInConfig_AddressUpdated" computerName="DKSR-EFI-06" duration="00:00:00.0092364" startTime="2024-01-09T15:42:32.7164754+01:00" endTime="2024-01-09T15:42:32.7164754+01:00" testType="13cdc9d9-ddb5-4fa4-a97d-d965ccfc6d4b" outcome="Passed" testListId="8c84fa94-04c1-424b-9868-57a2d4851a1d" relativeResultsDirectory="078882cc-f39d-4049-a747-3842bd994e71" />
    <UnitTestResult executionId="93a489f9-1e80-4c10-b060-e5e5b5a4080f" testId="31f3d48b-5bea-b480-ae51-8451dbc8f7d5" testName="ReadRegistrationParameters_ClientRegistrationIdKeyNotPresent_KeyValueAdded" computerName="DKSR-EFI-06" duration="00:00:00.0115000" startTime="2024-01-09T15:42:32.7164754+01:00" endTime="2024-01-09T15:42:32.7321020+01:00" testType="13cdc9d9-ddb5-4fa4-a97d-d965ccfc6d4b" outcome="Passed" testListId="8c84fa94-04c1-424b-9868-57a2d4851a1d" relativeResultsDirectory="93a489f9-1e80-4c10-b060-e5e5b5a4080f" />
    <UnitTestResult executionId="c3e56031-3b9c-46b3-908e-56ee883b9ae5" testId="dbe341ed-071e-fbd7-23ea-77c8eca1045b" testName="Execute_ManagementServerAddressNotInConfig_AddressAdded" computerName="DKSR-EFI-06" duration="00:00:00.0091427" startTime="2024-01-09T15:42:32.7008758+01:00" endTime="2024-01-09T15:42:32.7164754+01:00" testType="13cdc9d9-ddb5-4fa4-a97d-d965ccfc6d4b" outcome="Passed" testListId="8c84fa94-04c1-424b-9868-57a2d4851a1d" relativeResultsDirectory="c3e56031-3b9c-46b3-908e-56ee883b9ae5" />
    <UnitTestResult executionId="e81492d9-722d-4aa0-952b-5270e29c5dca" testId="c7c571c4-0031-a2c8-8206-d48724df124b" testName="Execute_ParseUrl_AsExpected (https://*:7609,Success)" computerName="DKSR-EFI-06" duration="00:00:00.0035807" startTime="2024-01-09T15:42:32.4820992+01:00" endTime="2024-01-09T15:42:32.4977255+01:00" testType="13cdc9d9-ddb5-4fa4-a97d-d965ccfc6d4b" outcome="Passed" testListId="8c84fa94-04c1-424b-9868-57a2d4851a1d" relativeResultsDirectory="e81492d9-722d-4aa0-952b-5270e29c5dca" />
    <UnitTestResult executionId="0e22b59b-5670-4730-af2f-8c7bf3b57396" testId="26a8ee58-1edd-1d0b-88b3-1c34bc44dbba" testName="Execute_ParseUrl_AsExpected (http://*:7609,Success,False)" computerName="DKSR-EFI-06" duration="00:00:00.0030843" startTime="2024-01-09T15:42:32.4977255+01:00" endTime="2024-01-09T15:42:32.4977255+01:00" testType="13cdc9d9-ddb5-4fa4-a97d-d965ccfc6d4b" outcome="Passed" testListId="8c84fa94-04c1-424b-9868-57a2d4851a1d" relativeResultsDirectory="0e22b59b-5670-4730-af2f-8c7bf3b57396" />
    <UnitTestResult executionId="924ea543-f883-4648-8868-a951a48f2375" testId="86552192-5ace-ce10-4648-7f8a3b140212" testName="Execute_ParseUrl_AsExpected (https://*,UnspecifiedErrorEncryption)" computerName="DKSR-EFI-06" duration="00:00:00.0034536" startTime="2024-01-09T15:42:32.4508485+01:00" endTime="2024-01-09T15:42:32.4508485+01:00" testType="13cdc9d9-ddb5-4fa4-a97d-d965ccfc6d4b" outcome="Passed" testListId="8c84fa94-04c1-424b-9868-57a2d4851a1d" relativeResultsDirectory="924ea543-f883-4648-8868-a951a48f2375" />
    <UnitTestResult executionId="ce7f5965-4d83-4819-a3f0-9b2ec9bf521c" testId="05f65d24-9901-3c9a-9acb-d5b56abfd0fc" testName="Execute_ParseUrl_AsExpected (https://JustSomeUrl.local/,Success)" computerName="DKSR-EFI-06" duration="00:00:00.0033545" startTime="2024-01-09T15:42:32.4820992+01:00" endTime="2024-01-09T15:42:32.4820992+01:00" testType="13cdc9d9-ddb5-4fa4-a97d-d965ccfc6d4b" outcome="Passed" testListId="8c84fa94-04c1-424b-9868-57a2d4851a1d" relativeResultsDirectory="ce7f5965-4d83-4819-a3f0-9b2ec9bf521c" />
    <UnitTestResult executionId="64d17b06-34aa-435f-8e62-05d3d185d63d" testId="dfd7a575-5002-c5c6-9781-05f523aff46d" testName="Execute_ConfigFileDoesNotExists_ErrorStatus" computerName="DKSR-EFI-06" duration="00:00:00.0020097" startTime="2024-01-09T15:42:32.4977255+01:00" endTime="2024-01-09T15:42:32.4977255+01:00" testType="13cdc9d9-ddb5-4fa4-a97d-d965ccfc6d4b" outcome="Passed" testListId="8c84fa94-04c1-424b-9868-57a2d4851a1d" relativeResultsDirectory="64d17b06-34aa-435f-8e62-05d3d185d63d" />
    <UnitTestResult executionId="7be7306d-03f2-45d5-986c-7e94f828a7b8" testId="61c44729-d7bc-6667-2f5a-afd9f45ca637" testName="Execute_ParseUrl_AsExpected (file://test.dk:8080,UnspecifiedErrorEncryption)" computerName="DKSR-EFI-06" duration="00:00:00.0028277" startTime="2024-01-09T15:42:32.4195991+01:00" endTime="2024-01-09T15:42:32.4195991+01:00" testType="13cdc9d9-ddb5-4fa4-a97d-d965ccfc6d4b" outcome="Passed" testListId="8c84fa94-04c1-424b-9868-57a2d4851a1d" relativeResultsDirectory="7be7306d-03f2-45d5-986c-7e94f828a7b8" />
    <UnitTestResult executionId="07fc0680-4a0d-4632-8ac8-100ca6d1bc9a" testId="60608d04-0682-fb1a-ae39-fa557a34d4f5" testName="Execute_KestrelUrlNotInConfigFile_ErrorStatus" computerName="DKSR-EFI-06" duration="00:00:00.0035996" startTime="2024-01-09T15:42:32.5602259+01:00" endTime="2024-01-09T15:42:32.5758514+01:00" testType="13cdc9d9-ddb5-4fa4-a97d-d965ccfc6d4b" outcome="Passed" testListId="8c84fa94-04c1-424b-9868-57a2d4851a1d" relativeResultsDirectory="07fc0680-4a0d-4632-8ac8-100ca6d1bc9a" />
    <UnitTestResult executionId="96ad98cf-e5b5-4c12-9851-2a61042adc87" testId="7da34f60-2356-a8ff-1a80-1805c91d8d6c" testName="Execute_ParseUrl_AsExpected (file://test.dk,UnspecifiedErrorEncryption)" computerName="DKSR-EFI-06" duration="00:00:00.0046061" startTime="2024-01-09T15:42:32.4195991+01:00" endTime="2024-01-09T15:42:32.4195991+01:00" testType="13cdc9d9-ddb5-4fa4-a97d-d965ccfc6d4b" outcome="Passed" testListId="8c84fa94-04c1-424b-9868-57a2d4851a1d" relativeResultsDirectory="96ad98cf-e5b5-4c12-9851-2a61042adc87" />
    <UnitTestResult executionId="372a17d0-3b76-42bf-ba9d-49f6ca673506" testId="dc2fdfc6-6a5f-68f4-4d4e-d43001373503" testName="Execute_ParseUrl_AsExpected (http://*,UnspecifiedErrorEncryption,False)" computerName="DKSR-EFI-06" duration="00:00:00.0032682" startTime="2024-01-09T15:42:32.4508485+01:00" endTime="2024-01-09T15:42:32.4508485+01:00" testType="13cdc9d9-ddb5-4fa4-a97d-d965ccfc6d4b" outcome="Passed" testListId="8c84fa94-04c1-424b-9868-57a2d4851a1d" relativeResultsDirectory="372a17d0-3b76-42bf-ba9d-49f6ca673506" />
    <UnitTestResult executionId="a1656abe-96ab-4365-86a4-5375ddca2741" testId="7d9c8062-a049-3172-63d9-e45b9717bf86" testName="WriteRegistrationParameters_ClientRegistrationIdAndAuthorizationServerUri_UpdatedCorrectInConfig (VideoOS.CertificateRegistration.Common.RegistrationParameters,{ &quot;SomeSetting&quot; : &quot;SomeValue&quot;, &quot;ClientRegistrationId&quot; : &quot;079544f3-4525-4e2e-9343-d5fcdbf89d91&quot;, &quot;AuthorizationServerUri&quot; : &quot;http://localhost:8080/IDP&quot; })" computerName="DKSR-EFI-06" duration="00:00:00.0019198" startTime="2024-01-09T15:42:32.7477255+01:00" endTime="2024-01-09T15:42:32.7946222+01:00" testType="13cdc9d9-ddb5-4fa4-a97d-d965ccfc6d4b" outcome="Passed" testListId="8c84fa94-04c1-424b-9868-57a2d4851a1d" relativeResultsDirectory="a1656abe-96ab-4365-86a4-5375ddca2741" />
    <UnitTestResult executionId="1315b93e-a8d9-4756-a4be-ae45f9fd9b1f" testId="73bf53b2-6ec2-1cc2-03ec-d1320363e740" testName="Execute_EnableEncryptionWithDefaultPort_UrlSetToHttpsWithoutPort" computerName="DKSR-EFI-06" duration="00:00:00.0048769" startTime="2024-01-09T15:42:32.5758514+01:00" endTime="2024-01-09T15:42:32.5758514+01:00" testType="13cdc9d9-ddb5-4fa4-a97d-d965ccfc6d4b" outcome="Passed" testListId="8c84fa94-04c1-424b-9868-57a2d4851a1d" relativeResultsDirectory="1315b93e-a8d9-4756-a4be-ae45f9fd9b1f" />
  </Results>
  <TestDefinitions>
    <UnitTest name="Execute_EnableEncryptionWithCustomPort_UrlSetToHttpsWithCustomPort" storage="d:\actions-runner\_work\xpco\xpco\datacollector\service\tst\videoos.datacollector.certificateregistrationtests\bin\x64\debug\net472\videoos.datacollector.certificateregistration.unittests.dll" id="20f78a76-880b-e17c-7a45-2aae992d5ea0">
      <Execution id="59da34be-ea93-42cf-95d3-f02f6f4e40b9" />
      <TestMethod codeBase="D:\actions-runner\_work\XPCO\XPCO\DataCollector\Service\tst\VideoOS.DataCollector.CertificateRegistrationTests\bin\x64\Debug\net472\VideoOS.DataCollector.CertificateRegistration.UnitTests.dll" adapterTypeName="executor://mstestadapter/v2" className="VideoOS.DataCollector.CertificateRegistration.UnitTests.DataCollectorServerEndpointRegistrarTests" name="Execute_EnableEncryptionWithCustomPort_UrlSetToHttpsWithCustomPort" />
    </UnitTest>
    <UnitTest name="Execute_ParseUrl_AsExpected (https://*:7609,Success)" storage="d:\actions-runner\_work\xpco\xpco\datacollector\service\tst\videoos.datacollector.certificateregistrationtests\bin\x64\debug\net472\videoos.datacollector.certificateregistration.unittests.dll" id="c7c571c4-0031-a2c8-8206-d48724df124b">
      <Execution id="e81492d9-722d-4aa0-952b-5270e29c5dca" />
      <TestMethod codeBase="D:\actions-runner\_work\XPCO\XPCO\DataCollector\Service\tst\VideoOS.DataCollector.CertificateRegistrationTests\bin\x64\Debug\net472\VideoOS.DataCollector.CertificateRegistration.UnitTests.dll" adapterTypeName="executor://mstestadapter/v2" className="VideoOS.DataCollector.CertificateRegistration.UnitTests.DataCollectorServerEndpointRegistrarTests" name="Execute_ParseUrl_AsExpected" />
    </UnitTest>
    <UnitTest name="Execute_ConfigFileDoesNotExists_ErrorStatus" storage="d:\actions-runner\_work\xpco\xpco\datacollector\service\tst\videoos.datacollector.certificateregistrationtests\bin\x64\debug\net472\videoos.datacollector.certificateregistration.unittests.dll" id="dfd7a575-5002-c5c6-9781-05f523aff46d">
      <Execution id="64d17b06-34aa-435f-8e62-05d3d185d63d" />
      <TestMethod codeBase="D:\actions-runner\_work\XPCO\XPCO\DataCollector\Service\tst\VideoOS.DataCollector.CertificateRegistrationTests\bin\x64\Debug\net472\VideoOS.DataCollector.CertificateRegistration.UnitTests.dll" adapterTypeName="executor://mstestadapter/v2" className="VideoOS.DataCollector.CertificateRegistration.UnitTests.DataCollectorServerEndpointRegistrarTests" name="Execute_ConfigFileDoesNotExists_ErrorStatus" />
    </UnitTest>
    <UnitTest name="Execute_ParseUrl_AsExpected (http://**:8080,UnspecifiedErrorEncryption)" storage="d:\actions-runner\_work\xpco\xpco\datacollector\service\tst\videoos.datacollector.certificateregistrationtests\bin\x64\debug\net472\videoos.datacollector.certificateregistration.unittests.dll" id="e09a08fd-89b5-2d4d-7de5-5424f54539f8">
      <Execution id="55054d8b-10c2-48a3-8032-89a5ce76a862" />
      <TestMethod codeBase="D:\actions-runner\_work\XPCO\XPCO\DataCollector\Service\tst\VideoOS.DataCollector.CertificateRegistrationTests\bin\x64\Debug\net472\VideoOS.DataCollector.CertificateRegistration.UnitTests.dll" adapterTypeName="executor://mstestadapter/v2" className="VideoOS.DataCollector.CertificateRegistration.UnitTests.DataCollectorServerEndpointRegistrarTests" name="Execute_ParseUrl_AsExpected" />
    </UnitTest>
    <UnitTest name="Execute_ParseUrl_AsExpected (file://test.dk:8080,UnspecifiedErrorEncryption)" storage="d:\actions-runner\_work\xpco\xpco\datacollector\service\tst\videoos.datacollector.certificateregistrationtests\bin\x64\debug\net472\videoos.datacollector.certificateregistration.unittests.dll" id="61c44729-d7bc-6667-2f5a-afd9f45ca637">
      <Execution id="7be7306d-03f2-45d5-986c-7e94f828a7b8" />
      <TestMethod codeBase="D:\actions-runner\_work\XPCO\XPCO\DataCollector\Service\tst\VideoOS.DataCollector.CertificateRegistrationTests\bin\x64\Debug\net472\VideoOS.DataCollector.CertificateRegistration.UnitTests.dll" adapterTypeName="executor://mstestadapter/v2" className="VideoOS.DataCollector.CertificateRegistration.UnitTests.DataCollectorServerEndpointRegistrarTests" name="Execute_ParseUrl_AsExpected" />
    </UnitTest>
    <UnitTest name="WriteRegistrationParameters_ClientRegistrationIdAndAuthorizationServerUri_UpdatedCorrectInConfig" storage="d:\actions-runner\_work\xpco\xpco\datacollector\service\tst\videoos.datacollector.certificateregistrationtests\bin\x64\debug\net472\videoos.datacollector.certificateregistration.unittests.dll" id="7d9c8062-a049-3172-63d9-e45b9717bf86">
      <Execution id="77fbebb0-4bdd-4e46-969a-32020194e27f" />
      <TestMethod codeBase="D:\actions-runner\_work\XPCO\XPCO\DataCollector\Service\tst\VideoOS.DataCollector.CertificateRegistrationTests\bin\x64\Debug\net472\VideoOS.DataCollector.CertificateRegistration.UnitTests.dll" adapterTypeName="executor://mstestadapter/v2" className="VideoOS.DataCollector.CertificateRegistration.UnitTests.JsonParametersHandlerTests" name="WriteRegistrationParameters_ClientRegistrationIdAndAuthorizationServerUri_UpdatedCorrectInConfig" />
    </UnitTest>
    <UnitTest name="Execute_ManagementServerAddressNotInConfig_AddressAdded" storage="d:\actions-runner\_work\xpco\xpco\datacollector\service\tst\videoos.datacollector.certificateregistrationtests\bin\x64\debug\net472\videoos.datacollector.certificateregistration.unittests.dll" id="dbe341ed-071e-fbd7-23ea-77c8eca1045b">
      <Execution id="c3e56031-3b9c-46b3-908e-56ee883b9ae5" />
      <TestMethod codeBase="D:\actions-runner\_work\XPCO\XPCO\DataCollector\Service\tst\VideoOS.DataCollector.CertificateRegistrationTests\bin\x64\Debug\net472\VideoOS.DataCollector.CertificateRegistration.UnitTests.dll" adapterTypeName="executor://mstestadapter/v2" className="VideoOS.DataCollector.CertificateRegistration.UnitTests.DataCollectorSetManagementServerRegistrarTests" name="Execute_ManagementServerAddressNotInConfig_AddressAdded" />
    </UnitTest>
    <UnitTest name="Execute_ParseUrl_AsExpected (https://[::]:8080/,Success)" storage="d:\actions-runner\_work\xpco\xpco\datacollector\service\tst\videoos.datacollector.certificateregistrationtests\bin\x64\debug\net472\videoos.datacollector.certificateregistration.unittests.dll" id="64a3ad71-dfa6-89b9-af01-797da222b09e">
      <Execution id="8c22e1db-e356-4d89-aa39-d913c0cf8cee" />
      <TestMethod codeBase="D:\actions-runner\_work\XPCO\XPCO\DataCollector\Service\tst\VideoOS.DataCollector.CertificateRegistrationTests\bin\x64\Debug\net472\VideoOS.DataCollector.CertificateRegistration.UnitTests.dll" adapterTypeName="executor://mstestadapter/v2" className="VideoOS.DataCollector.CertificateRegistration.UnitTests.DataCollectorServerEndpointRegistrarTests" name="Execute_ParseUrl_AsExpected" />
    </UnitTest>
    <UnitTest name="Execute_ParseUrl_AsExpected (https://*,UnspecifiedErrorEncryption)" storage="d:\actions-runner\_work\xpco\xpco\datacollector\service\tst\videoos.datacollector.certificateregistrationtests\bin\x64\debug\net472\videoos.datacollector.certificateregistration.unittests.dll" id="86552192-5ace-ce10-4648-7f8a3b140212">
      <Execution id="924ea543-f883-4648-8868-a951a48f2375" />
      <TestMethod codeBase="D:\actions-runner\_work\XPCO\XPCO\DataCollector\Service\tst\VideoOS.DataCollector.CertificateRegistrationTests\bin\x64\Debug\net472\VideoOS.DataCollector.CertificateRegistration.UnitTests.dll" adapterTypeName="executor://mstestadapter/v2" className="VideoOS.DataCollector.CertificateRegistration.UnitTests.DataCollectorServerEndpointRegistrarTests" name="Execute_ParseUrl_AsExpected" />
    </UnitTest>
    <UnitTest name="ReadRegistrationParameters_ClientRegistrationIdKeyAndValuePresent_ValueReused" storage="d:\actions-runner\_work\xpco\xpco\datacollector\service\tst\videoos.datacollector.certificateregistrationtests\bin\x64\debug\net472\videoos.datacollector.certificateregistration.unittests.dll" id="e2d3c416-430d-5d86-e1e0-4c8a38809aac">
      <Execution id="ddad3a2a-e9fa-486c-8b12-ea0d02b2893f" />
      <TestMethod codeBase="D:\actions-runner\_work\XPCO\XPCO\DataCollector\Service\tst\VideoOS.DataCollector.CertificateRegistrationTests\bin\x64\Debug\net472\VideoOS.DataCollector.CertificateRegistration.UnitTests.dll" adapterTypeName="executor://mstestadapter/v2" className="VideoOS.DataCollector.CertificateRegistration.UnitTests.JsonParametersHandlerTests" name="ReadRegistrationParameters_ClientRegistrationIdKeyAndValuePresent_ValueReused" />
    </UnitTest>
    <UnitTest name="Execute_ParseUrl_AsExpected (https://JustSomeUrl.local/,Success)" storage="d:\actions-runner\_work\xpco\xpco\datacollector\service\tst\videoos.datacollector.certificateregistrationtests\bin\x64\debug\net472\videoos.datacollector.certificateregistration.unittests.dll" id="05f65d24-9901-3c9a-9acb-d5b56abfd0fc">
      <Execution id="ce7f5965-4d83-4819-a3f0-9b2ec9bf521c" />
      <TestMethod codeBase="D:\actions-runner\_work\XPCO\XPCO\DataCollector\Service\tst\VideoOS.DataCollector.CertificateRegistrationTests\bin\x64\Debug\net472\VideoOS.DataCollector.CertificateRegistration.UnitTests.dll" adapterTypeName="executor://mstestadapter/v2" className="VideoOS.DataCollector.CertificateRegistration.UnitTests.DataCollectorServerEndpointRegistrarTests" name="Execute_ParseUrl_AsExpected" />
    </UnitTest>
    <UnitTest name="Execute_EnableEncryptionWithDefaultPort_UrlSetToHttpsWithoutPort" storage="d:\actions-runner\_work\xpco\xpco\datacollector\service\tst\videoos.datacollector.certificateregistrationtests\bin\x64\debug\net472\videoos.datacollector.certificateregistration.unittests.dll" id="73bf53b2-6ec2-1cc2-03ec-d1320363e740">
      <Execution id="1315b93e-a8d9-4756-a4be-ae45f9fd9b1f" />
      <TestMethod codeBase="D:\actions-runner\_work\XPCO\XPCO\DataCollector\Service\tst\VideoOS.DataCollector.CertificateRegistrationTests\bin\x64\Debug\net472\VideoOS.DataCollector.CertificateRegistration.UnitTests.dll" adapterTypeName="executor://mstestadapter/v2" className="VideoOS.DataCollector.CertificateRegistration.UnitTests.DataCollectorServerEndpointRegistrarTests" name="Execute_EnableEncryptionWithDefaultPort_UrlSetToHttpsWithoutPort" />
    </UnitTest>
    <UnitTest name="Execute_ParseUrl_AsExpected (notValid,UnspecifiedErrorEncryption)" storage="d:\actions-runner\_work\xpco\xpco\datacollector\service\tst\videoos.datacollector.certificateregistrationtests\bin\x64\debug\net472\videoos.datacollector.certificateregistration.unittests.dll" id="d2b883ce-c675-d43a-2609-5076b16fafaa">
      <Execution id="e130a0fe-9160-4571-8fea-2010a115d6e8" />
      <TestMethod codeBase="D:\actions-runner\_work\XPCO\XPCO\DataCollector\Service\tst\VideoOS.DataCollector.CertificateRegistrationTests\bin\x64\Debug\net472\VideoOS.DataCollector.CertificateRegistration.UnitTests.dll" adapterTypeName="executor://mstestadapter/v2" className="VideoOS.DataCollector.CertificateRegistration.UnitTests.DataCollectorServerEndpointRegistrarTests" name="Execute_ParseUrl_AsExpected" />
    </UnitTest>
    <UnitTest name="Execute_KestrelNotInConfigFile_ErrorStatus" storage="d:\actions-runner\_work\xpco\xpco\datacollector\service\tst\videoos.datacollector.certificateregistrationtests\bin\x64\debug\net472\videoos.datacollector.certificateregistration.unittests.dll" id="85e22d07-3e80-ec28-5f22-3fae8d0da90f">
      <Execution id="e62de3a7-013b-429f-b37e-8cb1e09246ab" />
      <TestMethod codeBase="D:\actions-runner\_work\XPCO\XPCO\DataCollector\Service\tst\VideoOS.DataCollector.CertificateRegistrationTests\bin\x64\Debug\net472\VideoOS.DataCollector.CertificateRegistration.UnitTests.dll" adapterTypeName="executor://mstestadapter/v2" className="VideoOS.DataCollector.CertificateRegistration.UnitTests.DataCollectorServerEndpointRegistrarTests" name="Execute_KestrelNotInConfigFile_ErrorStatus" />
    </UnitTest>
    <UnitTest name="Execute_ParseUrl_AsExpected (http://10.10.10.10/,Success,False)" storage="d:\actions-runner\_work\xpco\xpco\datacollector\service\tst\videoos.datacollector.certificateregistrationtests\bin\x64\debug\net472\videoos.datacollector.certificateregistration.unittests.dll" id="6f68f11c-86c9-c887-20f2-0467ea87698c">
      <Execution id="791fb504-4f61-46b8-ac12-018cb4a74afa" />
      <TestMethod codeBase="D:\actions-runner\_work\XPCO\XPCO\DataCollector\Service\tst\VideoOS.DataCollector.CertificateRegistrationTests\bin\x64\Debug\net472\VideoOS.DataCollector.CertificateRegistration.UnitTests.dll" adapterTypeName="executor://mstestadapter/v2" className="VideoOS.DataCollector.CertificateRegistration.UnitTests.DataCollectorServerEndpointRegistrarTests" name="Execute_ParseUrl_AsExpected" />
    </UnitTest>
    <UnitTest name="Execute_ParseUrl_AsExpected (http://*,UnspecifiedErrorEncryption,False)" storage="d:\actions-runner\_work\xpco\xpco\datacollector\service\tst\videoos.datacollector.certificateregistrationtests\bin\x64\debug\net472\videoos.datacollector.certificateregistration.unittests.dll" id="dc2fdfc6-6a5f-68f4-4d4e-d43001373503">
      <Execution id="372a17d0-3b76-42bf-ba9d-49f6ca673506" />
      <TestMethod codeBase="D:\actions-runner\_work\XPCO\XPCO\DataCollector\Service\tst\VideoOS.DataCollector.CertificateRegistrationTests\bin\x64\Debug\net472\VideoOS.DataCollector.CertificateRegistration.UnitTests.dll" adapterTypeName="executor://mstestadapter/v2" className="VideoOS.DataCollector.CertificateRegistration.UnitTests.DataCollectorServerEndpointRegistrarTests" name="Execute_ParseUrl_AsExpected" />
    </UnitTest>
    <UnitTest name="Execute_ManagementServerAddressIsInConfig_AddressUpdated" storage="d:\actions-runner\_work\xpco\xpco\datacollector\service\tst\videoos.datacollector.certificateregistrationtests\bin\x64\debug\net472\videoos.datacollector.certificateregistration.unittests.dll" id="e5a3f963-eb45-0af0-92a8-cf71a5d5a22c">
      <Execution id="078882cc-f39d-4049-a747-3842bd994e71" />
      <TestMethod codeBase="D:\actions-runner\_work\XPCO\XPCO\DataCollector\Service\tst\VideoOS.DataCollector.CertificateRegistrationTests\bin\x64\Debug\net472\VideoOS.DataCollector.CertificateRegistration.UnitTests.dll" adapterTypeName="executor://mstestadapter/v2" className="VideoOS.DataCollector.CertificateRegistration.UnitTests.DataCollectorSetManagementServerRegistrarTests" name="Execute_ManagementServerAddressIsInConfig_AddressUpdated" />
    </UnitTest>
    <UnitTest name="Execute_ParseUrl_AsExpected (https://10.10.10.10:8080/,Success)" storage="d:\actions-runner\_work\xpco\xpco\datacollector\service\tst\videoos.datacollector.certificateregistrationtests\bin\x64\debug\net472\videoos.datacollector.certificateregistration.unittests.dll" id="5861ef9a-d5f3-3568-8827-3e1716854304">
      <Execution id="8d054dc4-d012-4508-81a6-994ab87ef549" />
      <TestMethod codeBase="D:\actions-runner\_work\XPCO\XPCO\DataCollector\Service\tst\VideoOS.DataCollector.CertificateRegistrationTests\bin\x64\Debug\net472\VideoOS.DataCollector.CertificateRegistration.UnitTests.dll" adapterTypeName="executor://mstestadapter/v2" className="VideoOS.DataCollector.CertificateRegistration.UnitTests.DataCollectorServerEndpointRegistrarTests" name="Execute_ParseUrl_AsExpected" />
    </UnitTest>
    <UnitTest name="Execute_ConfigFileDoesNotExists_ErrorStatus" storage="d:\actions-runner\_work\xpco\xpco\datacollector\service\tst\videoos.datacollector.certificateregistrationtests\bin\x64\debug\net472\videoos.datacollector.certificateregistration.unittests.dll" id="e709a4d1-0132-f033-2ba2-c8b893dc47f0">
      <Execution id="d6fb4481-bc1b-44b1-b36f-64cdcb593044" />
      <TestMethod codeBase="D:\actions-runner\_work\XPCO\XPCO\DataCollector\Service\tst\VideoOS.DataCollector.CertificateRegistrationTests\bin\x64\Debug\net472\VideoOS.DataCollector.CertificateRegistration.UnitTests.dll" adapterTypeName="executor://mstestadapter/v2" className="VideoOS.DataCollector.CertificateRegistration.UnitTests.DataCollectorSetManagementServerRegistrarTests" name="Execute_ConfigFileDoesNotExists_ErrorStatus" />
    </UnitTest>
    <UnitTest name="ReadRegistrationParameters_ClientRegistrationIdKeyNotPresent_KeyValueAdded" storage="d:\actions-runner\_work\xpco\xpco\datacollector\service\tst\videoos.datacollector.certificateregistrationtests\bin\x64\debug\net472\videoos.datacollector.certificateregistration.unittests.dll" id="31f3d48b-5bea-b480-ae51-8451dbc8f7d5">
      <Execution id="93a489f9-1e80-4c10-b060-e5e5b5a4080f" />
      <TestMethod codeBase="D:\actions-runner\_work\XPCO\XPCO\DataCollector\Service\tst\VideoOS.DataCollector.CertificateRegistrationTests\bin\x64\Debug\net472\VideoOS.DataCollector.CertificateRegistration.UnitTests.dll" adapterTypeName="executor://mstestadapter/v2" className="VideoOS.DataCollector.CertificateRegistration.UnitTests.JsonParametersHandlerTests" name="ReadRegistrationParameters_ClientRegistrationIdKeyNotPresent_KeyValueAdded" />
    </UnitTest>
    <UnitTest name="Execute_ParseUrl_AsExpected (https://10.10.10.10/,Success)" storage="d:\actions-runner\_work\xpco\xpco\datacollector\service\tst\videoos.datacollector.certificateregistrationtests\bin\x64\debug\net472\videoos.datacollector.certificateregistration.unittests.dll" id="746c402b-d6d1-d421-5c7e-396f9f1313b0">
      <Execution id="bc4fa16e-044e-4ed7-98f5-34d2e5757085" />
      <TestMethod codeBase="D:\actions-runner\_work\XPCO\XPCO\DataCollector\Service\tst\VideoOS.DataCollector.CertificateRegistrationTests\bin\x64\Debug\net472\VideoOS.DataCollector.CertificateRegistration.UnitTests.dll" adapterTypeName="executor://mstestadapter/v2" className="VideoOS.DataCollector.CertificateRegistration.UnitTests.DataCollectorServerEndpointRegistrarTests" name="Execute_ParseUrl_AsExpected" />
    </UnitTest>
    <UnitTest name="Execute_ParseUrl_AsExpected (http:/test.dk:8080,UnspecifiedErrorEncryption)" storage="d:\actions-runner\_work\xpco\xpco\datacollector\service\tst\videoos.datacollector.certificateregistrationtests\bin\x64\debug\net472\videoos.datacollector.certificateregistration.unittests.dll" id="31facfd3-011b-8729-2ad4-1e0fdcdefe68">
      <Execution id="c8385e78-dfb0-4ae4-aedf-a8a574759f19" />
      <TestMethod codeBase="D:\actions-runner\_work\XPCO\XPCO\DataCollector\Service\tst\VideoOS.DataCollector.CertificateRegistrationTests\bin\x64\Debug\net472\VideoOS.DataCollector.CertificateRegistration.UnitTests.dll" adapterTypeName="executor://mstestadapter/v2" className="VideoOS.DataCollector.CertificateRegistration.UnitTests.DataCollectorServerEndpointRegistrarTests" name="Execute_ParseUrl_AsExpected" />
    </UnitTest>
    <UnitTest name="Execute_InvalidConfigFileFormat_ErrorStatus" storage="d:\actions-runner\_work\xpco\xpco\datacollector\service\tst\videoos.datacollector.certificateregistrationtests\bin\x64\debug\net472\videoos.datacollector.certificateregistration.unittests.dll" id="b1ca9f6e-c253-66a7-5a66-dbaa2369ccd4">
      <Execution id="811c4f11-fabb-41d9-9f8a-53b2990a8a56" />
      <TestMethod codeBase="D:\actions-runner\_work\XPCO\XPCO\DataCollector\Service\tst\VideoOS.DataCollector.CertificateRegistrationTests\bin\x64\Debug\net472\VideoOS.DataCollector.CertificateRegistration.UnitTests.dll" adapterTypeName="executor://mstestadapter/v2" className="VideoOS.DataCollector.CertificateRegistration.UnitTests.DataCollectorSetManagementServerRegistrarTests" name="Execute_InvalidConfigFileFormat_ErrorStatus" />
    </UnitTest>
    <UnitTest name="Execute_ParseUrl_AsExpected (https://JustSomeUrl.local:7609/,Success)" storage="d:\actions-runner\_work\xpco\xpco\datacollector\service\tst\videoos.datacollector.certificateregistrationtests\bin\x64\debug\net472\videoos.datacollector.certificateregistration.unittests.dll" id="ef1917ea-935a-e081-a84d-94ad09a9f69f">
      <Execution id="862d1946-4381-4354-b42a-2336fc593571" />
      <TestMethod codeBase="D:\actions-runner\_work\XPCO\XPCO\DataCollector\Service\tst\VideoOS.DataCollector.CertificateRegistrationTests\bin\x64\Debug\net472\VideoOS.DataCollector.CertificateRegistration.UnitTests.dll" adapterTypeName="executor://mstestadapter/v2" className="VideoOS.DataCollector.CertificateRegistration.UnitTests.DataCollectorServerEndpointRegistrarTests" name="Execute_ParseUrl_AsExpected" />
    </UnitTest>
    <UnitTest name="Execute_ParseUrl_AsExpected (httpss://10.10.10.1:8080,UnspecifiedErrorEncryption)" storage="d:\actions-runner\_work\xpco\xpco\datacollector\service\tst\videoos.datacollector.certificateregistrationtests\bin\x64\debug\net472\videoos.datacollector.certificateregistration.unittests.dll" id="9587ca0d-4803-9d42-3ed2-cc64750a3a80">
      <Execution id="cdbd0f29-4968-4832-8e86-fa8af98d0d5a" />
      <TestMethod codeBase="D:\actions-runner\_work\XPCO\XPCO\DataCollector\Service\tst\VideoOS.DataCollector.CertificateRegistrationTests\bin\x64\Debug\net472\VideoOS.DataCollector.CertificateRegistration.UnitTests.dll" adapterTypeName="executor://mstestadapter/v2" className="VideoOS.DataCollector.CertificateRegistration.UnitTests.DataCollectorServerEndpointRegistrarTests" name="Execute_ParseUrl_AsExpected" />
    </UnitTest>
    <UnitTest name="Execute_ParseUrl_AsExpected (http://?:8080,UnspecifiedErrorEncryption)" storage="d:\actions-runner\_work\xpco\xpco\datacollector\service\tst\videoos.datacollector.certificateregistrationtests\bin\x64\debug\net472\videoos.datacollector.certificateregistration.unittests.dll" id="244ccc9f-3cb6-7a76-0b02-dc61943e0e64">
      <Execution id="aeec6ea9-550e-43f4-8b0d-5a876a49e519" />
      <TestMethod codeBase="D:\actions-runner\_work\XPCO\XPCO\DataCollector\Service\tst\VideoOS.DataCollector.CertificateRegistrationTests\bin\x64\Debug\net472\VideoOS.DataCollector.CertificateRegistration.UnitTests.dll" adapterTypeName="executor://mstestadapter/v2" className="VideoOS.DataCollector.CertificateRegistration.UnitTests.DataCollectorServerEndpointRegistrarTests" name="Execute_ParseUrl_AsExpected" />
    </UnitTest>
    <UnitTest name="Execute_DisableEncryptionWithCustomPort_UrlSetToHttpWithCustomPort" storage="d:\actions-runner\_work\xpco\xpco\datacollector\service\tst\videoos.datacollector.certificateregistrationtests\bin\x64\debug\net472\videoos.datacollector.certificateregistration.unittests.dll" id="cf3ce702-bea5-d530-2231-4f2e71bc7f52">
      <Execution id="d58a4819-4ecd-4cbb-9869-b061574624f7" />
      <TestMethod codeBase="D:\actions-runner\_work\XPCO\XPCO\DataCollector\Service\tst\VideoOS.DataCollector.CertificateRegistrationTests\bin\x64\Debug\net472\VideoOS.DataCollector.CertificateRegistration.UnitTests.dll" adapterTypeName="executor://mstestadapter/v2" className="VideoOS.DataCollector.CertificateRegistration.UnitTests.DataCollectorServerEndpointRegistrarTests" name="Execute_DisableEncryptionWithCustomPort_UrlSetToHttpWithCustomPort" />
    </UnitTest>
    <UnitTest name="Execute_ParseUrl_AsExpected (http://10.*.10.1:8080,UnspecifiedErrorEncryption)" storage="d:\actions-runner\_work\xpco\xpco\datacollector\service\tst\videoos.datacollector.certificateregistrationtests\bin\x64\debug\net472\videoos.datacollector.certificateregistration.unittests.dll" id="cfab1d38-40bc-6232-8cf2-6462385b3271">
      <Execution id="48c6d343-c5c6-4175-9ddb-cc79eb811291" />
      <TestMethod codeBase="D:\actions-runner\_work\XPCO\XPCO\DataCollector\Service\tst\VideoOS.DataCollector.CertificateRegistrationTests\bin\x64\Debug\net472\VideoOS.DataCollector.CertificateRegistration.UnitTests.dll" adapterTypeName="executor://mstestadapter/v2" className="VideoOS.DataCollector.CertificateRegistration.UnitTests.DataCollectorServerEndpointRegistrarTests" name="Execute_ParseUrl_AsExpected" />
    </UnitTest>
    <UnitTest name="Execute_UriIsNull_ArgumentNullException" storage="d:\actions-runner\_work\xpco\xpco\datacollector\service\tst\videoos.datacollector.certificateregistrationtests\bin\x64\debug\net472\videoos.datacollector.certificateregistration.unittests.dll" id="37e0d527-bf76-21e6-afa4-922c942df239">
      <Execution id="978ba2cc-2423-48ae-b1af-a05edcc15517" />
      <TestMethod codeBase="D:\actions-runner\_work\XPCO\XPCO\DataCollector\Service\tst\VideoOS.DataCollector.CertificateRegistrationTests\bin\x64\Debug\net472\VideoOS.DataCollector.CertificateRegistration.UnitTests.dll" adapterTypeName="executor://mstestadapter/v2" className="VideoOS.DataCollector.CertificateRegistration.UnitTests.DataCollectorSetManagementServerRegistrarTests" name="Execute_UriIsNull_ArgumentNullException" />
    </UnitTest>
    <UnitTest name="Execute_KestrelUrlNotInConfigFile_ErrorStatus" storage="d:\actions-runner\_work\xpco\xpco\datacollector\service\tst\videoos.datacollector.certificateregistrationtests\bin\x64\debug\net472\videoos.datacollector.certificateregistration.unittests.dll" id="60608d04-0682-fb1a-ae39-fa557a34d4f5">
      <Execution id="07fc0680-4a0d-4632-8ac8-100ca6d1bc9a" />
      <TestMethod codeBase="D:\actions-runner\_work\XPCO\XPCO\DataCollector\Service\tst\VideoOS.DataCollector.CertificateRegistrationTests\bin\x64\Debug\net472\VideoOS.DataCollector.CertificateRegistration.UnitTests.dll" adapterTypeName="executor://mstestadapter/v2" className="VideoOS.DataCollector.CertificateRegistration.UnitTests.DataCollectorServerEndpointRegistrarTests" name="Execute_KestrelUrlNotInConfigFile_ErrorStatus" />
    </UnitTest>
    <UnitTest name="ReadRegistrationParameters_ClientRegistrationIdKeyPresentButEmptyValue_ValueAdded" storage="d:\actions-runner\_work\xpco\xpco\datacollector\service\tst\videoos.datacollector.certificateregistrationtests\bin\x64\debug\net472\videoos.datacollector.certificateregistration.unittests.dll" id="f44d555a-810b-6e27-3273-8fbf16eb3346">
      <Execution id="005eff48-674d-4a15-b941-0115a0012c53" />
      <TestMethod codeBase="D:\actions-runner\_work\XPCO\XPCO\DataCollector\Service\tst\VideoOS.DataCollector.CertificateRegistrationTests\bin\x64\Debug\net472\VideoOS.DataCollector.CertificateRegistration.UnitTests.dll" adapterTypeName="executor://mstestadapter/v2" className="VideoOS.DataCollector.CertificateRegistration.UnitTests.JsonParametersHandlerTests" name="ReadRegistrationParameters_ClientRegistrationIdKeyPresentButEmptyValue_ValueAdded" />
    </UnitTest>
    <UnitTest name="Execute_ParseUrl_AsExpected (http://*test*dk:8080,UnspecifiedErrorEncryption)" storage="d:\actions-runner\_work\xpco\xpco\datacollector\service\tst\videoos.datacollector.certificateregistrationtests\bin\x64\debug\net472\videoos.datacollector.certificateregistration.unittests.dll" id="dc2805a2-2c85-bd31-65c2-fd1b61df1a8f">
      <Execution id="92c5360d-f190-4c82-aff6-72f496f68c7a" />
      <TestMethod codeBase="D:\actions-runner\_work\XPCO\XPCO\DataCollector\Service\tst\VideoOS.DataCollector.CertificateRegistrationTests\bin\x64\Debug\net472\VideoOS.DataCollector.CertificateRegistration.UnitTests.dll" adapterTypeName="executor://mstestadapter/v2" className="VideoOS.DataCollector.CertificateRegistration.UnitTests.DataCollectorServerEndpointRegistrarTests" name="Execute_ParseUrl_AsExpected" />
    </UnitTest>
    <UnitTest name="Execute_TwoEndpointSpecified_ErrorStatus" storage="d:\actions-runner\_work\xpco\xpco\datacollector\service\tst\videoos.datacollector.certificateregistrationtests\bin\x64\debug\net472\videoos.datacollector.certificateregistration.unittests.dll" id="3c991375-055b-932d-2418-1594f70afba5">
      <Execution id="ecb77ef1-b554-4293-96ef-98c493dc095e" />
      <TestMethod codeBase="D:\actions-runner\_work\XPCO\XPCO\DataCollector\Service\tst\VideoOS.DataCollector.CertificateRegistrationTests\bin\x64\Debug\net472\VideoOS.DataCollector.CertificateRegistration.UnitTests.dll" adapterTypeName="executor://mstestadapter/v2" className="VideoOS.DataCollector.CertificateRegistration.UnitTests.DataCollectorServerEndpointRegistrarTests" name="Execute_TwoEndpointSpecified_ErrorStatus" />
    </UnitTest>
    <UnitTest name="Execute_DisableEncryptionWithDefaultPort_UrlSetToHttpWithoutPort" storage="d:\actions-runner\_work\xpco\xpco\datacollector\service\tst\videoos.datacollector.certificateregistrationtests\bin\x64\debug\net472\videoos.datacollector.certificateregistration.unittests.dll" id="edf70aba-5520-6533-9207-6e23ea89d3f0">
      <Execution id="42656fcc-6679-4da7-bfaa-eca07a71baa5" />
      <TestMethod codeBase="D:\actions-runner\_work\XPCO\XPCO\DataCollector\Service\tst\VideoOS.DataCollector.CertificateRegistrationTests\bin\x64\Debug\net472\VideoOS.DataCollector.CertificateRegistration.UnitTests.dll" adapterTypeName="executor://mstestadapter/v2" className="VideoOS.DataCollector.CertificateRegistration.UnitTests.DataCollectorServerEndpointRegistrarTests" name="Execute_DisableEncryptionWithDefaultPort_UrlSetToHttpWithoutPort" />
    </UnitTest>
    <UnitTest name="Execute_ParseUrl_AsExpected (http://JustSomeurl.local/,Success,False)" storage="d:\actions-runner\_work\xpco\xpco\datacollector\service\tst\videoos.datacollector.certificateregistrationtests\bin\x64\debug\net472\videoos.datacollector.certificateregistration.unittests.dll" id="fc098de1-8ca1-484c-2c0e-ad9671b77680">
      <Execution id="bf58fb0c-e469-4c0c-8904-de2a930deb28" />
      <TestMethod codeBase="D:\actions-runner\_work\XPCO\XPCO\DataCollector\Service\tst\VideoOS.DataCollector.CertificateRegistrationTests\bin\x64\Debug\net472\VideoOS.DataCollector.CertificateRegistration.UnitTests.dll" adapterTypeName="executor://mstestadapter/v2" className="VideoOS.DataCollector.CertificateRegistration.UnitTests.DataCollectorServerEndpointRegistrarTests" name="Execute_ParseUrl_AsExpected" />
    </UnitTest>
    <UnitTest name="Execute_InvalidConfigFileFormat_ErrorStatus" storage="d:\actions-runner\_work\xpco\xpco\datacollector\service\tst\videoos.datacollector.certificateregistrationtests\bin\x64\debug\net472\videoos.datacollector.certificateregistration.unittests.dll" id="dc9464f9-bab9-9e09-683a-f2be70dbe9ae">
      <Execution id="aa691958-091a-4020-994f-624b1da2214b" />
      <TestMethod codeBase="D:\actions-runner\_work\XPCO\XPCO\DataCollector\Service\tst\VideoOS.DataCollector.CertificateRegistrationTests\bin\x64\Debug\net472\VideoOS.DataCollector.CertificateRegistration.UnitTests.dll" adapterTypeName="executor://mstestadapter/v2" className="VideoOS.DataCollector.CertificateRegistration.UnitTests.DataCollectorServerEndpointRegistrarTests" name="Execute_InvalidConfigFileFormat_ErrorStatus" />
    </UnitTest>
    <UnitTest name="Execute_ParseUrl_AsExpected (http://*:7609,Success,False)" storage="d:\actions-runner\_work\xpco\xpco\datacollector\service\tst\videoos.datacollector.certificateregistrationtests\bin\x64\debug\net472\videoos.datacollector.certificateregistration.unittests.dll" id="26a8ee58-1edd-1d0b-88b3-1c34bc44dbba">
      <Execution id="0e22b59b-5670-4730-af2f-8c7bf3b57396" />
      <TestMethod codeBase="D:\actions-runner\_work\XPCO\XPCO\DataCollector\Service\tst\VideoOS.DataCollector.CertificateRegistrationTests\bin\x64\Debug\net472\VideoOS.DataCollector.CertificateRegistration.UnitTests.dll" adapterTypeName="executor://mstestadapter/v2" className="VideoOS.DataCollector.CertificateRegistration.UnitTests.DataCollectorServerEndpointRegistrarTests" name="Execute_ParseUrl_AsExpected" />
    </UnitTest>
    <UnitTest name="Execute_ParseUrl_AsExpected (file://test.dk,UnspecifiedErrorEncryption)" storage="d:\actions-runner\_work\xpco\xpco\datacollector\service\tst\videoos.datacollector.certificateregistrationtests\bin\x64\debug\net472\videoos.datacollector.certificateregistration.unittests.dll" id="7da34f60-2356-a8ff-1a80-1805c91d8d6c">
      <Execution id="96ad98cf-e5b5-4c12-9851-2a61042adc87" />
      <TestMethod codeBase="D:\actions-runner\_work\XPCO\XPCO\DataCollector\Service\tst\VideoOS.DataCollector.CertificateRegistrationTests\bin\x64\Debug\net472\VideoOS.DataCollector.CertificateRegistration.UnitTests.dll" adapterTypeName="executor://mstestadapter/v2" className="VideoOS.DataCollector.CertificateRegistration.UnitTests.DataCollectorServerEndpointRegistrarTests" name="Execute_ParseUrl_AsExpected" />
    </UnitTest>
  </TestDefinitions>
  <TestEntries>
    <TestEntry testId="85e22d07-3e80-ec28-5f22-3fae8d0da90f" executionId="e62de3a7-013b-429f-b37e-8cb1e09246ab" testListId="8c84fa94-04c1-424b-9868-57a2d4851a1d" />
    <TestEntry testId="cfab1d38-40bc-6232-8cf2-6462385b3271" executionId="48c6d343-c5c6-4175-9ddb-cc79eb811291" testListId="8c84fa94-04c1-424b-9868-57a2d4851a1d" />
    <TestEntry testId="dc2805a2-2c85-bd31-65c2-fd1b61df1a8f" executionId="92c5360d-f190-4c82-aff6-72f496f68c7a" testListId="8c84fa94-04c1-424b-9868-57a2d4851a1d" />
    <TestEntry testId="31facfd3-011b-8729-2ad4-1e0fdcdefe68" executionId="c8385e78-dfb0-4ae4-aedf-a8a574759f19" testListId="8c84fa94-04c1-424b-9868-57a2d4851a1d" />
    <TestEntry testId="e2d3c416-430d-5d86-e1e0-4c8a38809aac" executionId="ddad3a2a-e9fa-486c-8b12-ea0d02b2893f" testListId="8c84fa94-04c1-424b-9868-57a2d4851a1d" />
    <TestEntry testId="9587ca0d-4803-9d42-3ed2-cc64750a3a80" executionId="cdbd0f29-4968-4832-8e86-fa8af98d0d5a" testListId="8c84fa94-04c1-424b-9868-57a2d4851a1d" />
    <TestEntry testId="f44d555a-810b-6e27-3273-8fbf16eb3346" executionId="005eff48-674d-4a15-b941-0115a0012c53" testListId="8c84fa94-04c1-424b-9868-57a2d4851a1d" />
    <TestEntry testId="7d9c8062-a049-3172-63d9-e45b9717bf86" executionId="77fbebb0-4bdd-4e46-969a-32020194e27f" testListId="8c84fa94-04c1-424b-9868-57a2d4851a1d" />
    <TestEntry testId="e09a08fd-89b5-2d4d-7de5-5424f54539f8" executionId="55054d8b-10c2-48a3-8032-89a5ce76a862" testListId="8c84fa94-04c1-424b-9868-57a2d4851a1d" />
    <TestEntry testId="6f68f11c-86c9-c887-20f2-0467ea87698c" executionId="791fb504-4f61-46b8-ac12-018cb4a74afa" testListId="8c84fa94-04c1-424b-9868-57a2d4851a1d" />
    <TestEntry testId="edf70aba-5520-6533-9207-6e23ea89d3f0" executionId="42656fcc-6679-4da7-bfaa-eca07a71baa5" testListId="8c84fa94-04c1-424b-9868-57a2d4851a1d" />
    <TestEntry testId="244ccc9f-3cb6-7a76-0b02-dc61943e0e64" executionId="aeec6ea9-550e-43f4-8b0d-5a876a49e519" testListId="8c84fa94-04c1-424b-9868-57a2d4851a1d" />
    <TestEntry testId="fc098de1-8ca1-484c-2c0e-ad9671b77680" executionId="bf58fb0c-e469-4c0c-8904-de2a930deb28" testListId="8c84fa94-04c1-424b-9868-57a2d4851a1d" />
    <TestEntry testId="d2b883ce-c675-d43a-2609-5076b16fafaa" executionId="e130a0fe-9160-4571-8fea-2010a115d6e8" testListId="8c84fa94-04c1-424b-9868-57a2d4851a1d" />
    <TestEntry testId="64a3ad71-dfa6-89b9-af01-797da222b09e" executionId="8c22e1db-e356-4d89-aa39-d913c0cf8cee" testListId="8c84fa94-04c1-424b-9868-57a2d4851a1d" />
    <TestEntry testId="3c991375-055b-932d-2418-1594f70afba5" executionId="ecb77ef1-b554-4293-96ef-98c493dc095e" testListId="8c84fa94-04c1-424b-9868-57a2d4851a1d" />
    <TestEntry testId="20f78a76-880b-e17c-7a45-2aae992d5ea0" executionId="59da34be-ea93-42cf-95d3-f02f6f4e40b9" testListId="8c84fa94-04c1-424b-9868-57a2d4851a1d" />
    <TestEntry testId="b1ca9f6e-c253-66a7-5a66-dbaa2369ccd4" executionId="811c4f11-fabb-41d9-9f8a-53b2990a8a56" testListId="8c84fa94-04c1-424b-9868-57a2d4851a1d" />
    <TestEntry testId="cf3ce702-bea5-d530-2231-4f2e71bc7f52" executionId="d58a4819-4ecd-4cbb-9869-b061574624f7" testListId="8c84fa94-04c1-424b-9868-57a2d4851a1d" />
    <TestEntry testId="746c402b-d6d1-d421-5c7e-396f9f1313b0" executionId="bc4fa16e-044e-4ed7-98f5-34d2e5757085" testListId="8c84fa94-04c1-424b-9868-57a2d4851a1d" />
    <TestEntry testId="ef1917ea-935a-e081-a84d-94ad09a9f69f" executionId="862d1946-4381-4354-b42a-2336fc593571" testListId="8c84fa94-04c1-424b-9868-57a2d4851a1d" />
    <TestEntry testId="5861ef9a-d5f3-3568-8827-3e1716854304" executionId="8d054dc4-d012-4508-81a6-994ab87ef549" testListId="8c84fa94-04c1-424b-9868-57a2d4851a1d" />
    <TestEntry testId="37e0d527-bf76-21e6-afa4-922c942df239" executionId="978ba2cc-2423-48ae-b1af-a05edcc15517" testListId="8c84fa94-04c1-424b-9868-57a2d4851a1d" />
    <TestEntry testId="e709a4d1-0132-f033-2ba2-c8b893dc47f0" executionId="d6fb4481-bc1b-44b1-b36f-64cdcb593044" testListId="8c84fa94-04c1-424b-9868-57a2d4851a1d" />
    <TestEntry testId="dc9464f9-bab9-9e09-683a-f2be70dbe9ae" executionId="aa691958-091a-4020-994f-624b1da2214b" testListId="8c84fa94-04c1-424b-9868-57a2d4851a1d" />
    <TestEntry testId="e5a3f963-eb45-0af0-92a8-cf71a5d5a22c" executionId="078882cc-f39d-4049-a747-3842bd994e71" testListId="8c84fa94-04c1-424b-9868-57a2d4851a1d" />
    <TestEntry testId="31f3d48b-5bea-b480-ae51-8451dbc8f7d5" executionId="93a489f9-1e80-4c10-b060-e5e5b5a4080f" testListId="8c84fa94-04c1-424b-9868-57a2d4851a1d" />
    <TestEntry testId="dbe341ed-071e-fbd7-23ea-77c8eca1045b" executionId="c3e56031-3b9c-46b3-908e-56ee883b9ae5" testListId="8c84fa94-04c1-424b-9868-57a2d4851a1d" />
    <TestEntry testId="c7c571c4-0031-a2c8-8206-d48724df124b" executionId="e81492d9-722d-4aa0-952b-5270e29c5dca" testListId="8c84fa94-04c1-424b-9868-57a2d4851a1d" />
    <TestEntry testId="26a8ee58-1edd-1d0b-88b3-1c34bc44dbba" executionId="0e22b59b-5670-4730-af2f-8c7bf3b57396" testListId="8c84fa94-04c1-424b-9868-57a2d4851a1d" />
    <TestEntry testId="86552192-5ace-ce10-4648-7f8a3b140212" executionId="924ea543-f883-4648-8868-a951a48f2375" testListId="8c84fa94-04c1-424b-9868-57a2d4851a1d" />
    <TestEntry testId="05f65d24-9901-3c9a-9acb-d5b56abfd0fc" executionId="ce7f5965-4d83-4819-a3f0-9b2ec9bf521c" testListId="8c84fa94-04c1-424b-9868-57a2d4851a1d" />
    <TestEntry testId="dfd7a575-5002-c5c6-9781-05f523aff46d" executionId="64d17b06-34aa-435f-8e62-05d3d185d63d" testListId="8c84fa94-04c1-424b-9868-57a2d4851a1d" />
    <TestEntry testId="61c44729-d7bc-6667-2f5a-afd9f45ca637" executionId="7be7306d-03f2-45d5-986c-7e94f828a7b8" testListId="8c84fa94-04c1-424b-9868-57a2d4851a1d" />
    <TestEntry testId="60608d04-0682-fb1a-ae39-fa557a34d4f5" executionId="07fc0680-4a0d-4632-8ac8-100ca6d1bc9a" testListId="8c84fa94-04c1-424b-9868-57a2d4851a1d" />
    <TestEntry testId="7da34f60-2356-a8ff-1a80-1805c91d8d6c" executionId="96ad98cf-e5b5-4c12-9851-2a61042adc87" testListId="8c84fa94-04c1-424b-9868-57a2d4851a1d" />
    <TestEntry testId="dc2fdfc6-6a5f-68f4-4d4e-d43001373503" executionId="372a17d0-3b76-42bf-ba9d-49f6ca673506" testListId="8c84fa94-04c1-424b-9868-57a2d4851a1d" />
    <TestEntry testId="7d9c8062-a049-3172-63d9-e45b9717bf86" executionId="a1656abe-96ab-4365-86a4-5375ddca2741" testListId="8c84fa94-04c1-424b-9868-57a2d4851a1d" />
    <TestEntry testId="73bf53b2-6ec2-1cc2-03ec-d1320363e740" executionId="1315b93e-a8d9-4756-a4be-ae45f9fd9b1f" testListId="8c84fa94-04c1-424b-9868-57a2d4851a1d" />
  </TestEntries>
  <TestLists>
    <TestList name="Results Not in a List" id="8c84fa94-04c1-424b-9868-57a2d4851a1d" />
    <TestList name="All Loaded Results" id="19431567-8539-422a-85d7-44ee4e166bda" />
  </TestLists>
  <ResultSummary outcome="Completed">
    <Counters total="39" executed="39" passed="39" failed="0" error="0" timeout="0" aborted="0" inconclusive="0" passedButRunAborted="0" notRunnable="0" notExecuted="0" disconnected="0" warning="0" completed="0" inProgress="0" pending="0" />
  </ResultSummary>
</TestRun>