<?xml version="1.0" encoding="utf-8"?>
<TestRun id="ca37f8cd-182f-4302-8d0f-27c2566bcb7b" name="DKSR-EFI-06$@DKSR-EFI-06 2024-01-09 15:41:38" runUser="NT AUTHORITY\NETWORK SERVICE" xmlns="http://microsoft.com/schemas/VisualStudio/TeamTest/2010">
  <Times creation="2024-01-09T15:41:38.7632516+01:00" queuing="2024-01-09T15:41:38.7632516+01:00" start="2024-01-09T15:41:36.9663665+01:00" finish="2024-01-09T15:41:38.7944989+01:00" />
  <TestSettings name="default" id="eb38da60-99c1-4aa6-aefa-51f9d82c1c28">
    <Deployment runDeploymentRoot="DKSR-EFI-06$_DKSR-EFI-06_2024-01-09_15_41_38" />
  </TestSettings>
  <Results>
    <UnitTestResult executionId="c8fbf122-903f-494e-9e21-bec45bf1e0d0" testId="68df64d1-e6b2-3f5a-e678-61773bbab9dc" testName="CreateTriggerTimeMetadata_CratesWellKnowMetadata_OnValidTime" computerName="DKSR-EFI-06" duration="00:00:00.1215109" startTime="2024-01-09T15:41:38.2476235+01:00" endTime="2024-01-09T15:41:38.4507468+01:00" testType="13cdc9d9-ddb5-4fa4-a97d-d965ccfc6d4b" outcome="Passed" testListId="8c84fa94-04c1-424b-9868-57a2d4851a1d" relativeResultsDirectory="c8fbf122-903f-494e-9e21-bec45bf1e0d0" />
  </Results>
  <TestDefinitions>
    <UnitTest name="CreateTriggerTimeMetadata_CratesWellKnowMetadata_OnValidTime" storage="d:\actions-runner\_work\xpco\xpco\corporate\recordingserver\recorderservice\tst\videoos.io.drivers.icpcommon.unittests\bin\x64\debug\net472\videoos.io.drivers.icpcommon.unittests.dll" id="68df64d1-e6b2-3f5a-e678-61773bbab9dc">
      <TestCategory>
        <TestCategoryItem TestCategory="ICP" />
      </TestCategory>
      <Execution id="c8fbf122-903f-494e-9e21-bec45bf1e0d0" />
      <TestMethod codeBase="D:\actions-runner\_work\XPCO\XPCO\Corporate\RecordingServer\RecorderService\tst\VideoOS.IO.Drivers.ICPCommon.UnitTests\bin\x64\Debug\net472\VideoOS.IO.Drivers.ICPCommon.UnitTests.dll" adapterTypeName="executor://mstestadapter/v2" className="VideoOS.IO.Drivers.ICPCommon.UnitTests.ICPMiscTests" name="CreateTriggerTimeMetadata_CratesWellKnowMetadata_OnValidTime" />
    </UnitTest>
  </TestDefinitions>
  <TestEntries>
    <TestEntry testId="68df64d1-e6b2-3f5a-e678-61773bbab9dc" executionId="c8fbf122-903f-494e-9e21-bec45bf1e0d0" testListId="8c84fa94-04c1-424b-9868-57a2d4851a1d" />
  </TestEntries>
  <TestLists>
    <TestList name="Results Not in a List" id="8c84fa94-04c1-424b-9868-57a2d4851a1d" />
    <TestList name="All Loaded Results" id="19431567-8539-422a-85d7-44ee4e166bda" />
  </TestLists>
  <ResultSummary outcome="Completed">
    <Counters total="1" executed="1" passed="1" failed="0" error="0" timeout="0" aborted="0" inconclusive="0" passedButRunAborted="0" notRunnable="0" notExecuted="0" disconnected="0" warning="0" completed="0" inProgress="0" pending="0" />
  </ResultSummary>
</TestRun>