<?xml version="1.0" encoding="utf-8"?>
<TestRun id="2bb805cb-1da4-4a72-af9c-0760ca6a9dd3" name="DKSR-EFI-06$@DKSR-EFI-06 2024-01-09 15:41:45" runUser="NT AUTHORITY\NETWORK SERVICE" xmlns="http://microsoft.com/schemas/VisualStudio/TeamTest/2010">
  <Times creation="2024-01-09T15:41:45.7789067+01:00" queuing="2024-01-09T15:41:45.7789067+01:00" start="2024-01-09T15:41:43.9820205+01:00" finish="2024-01-09T15:41:45.8257824+01:00" />
  <TestSettings name="default" id="4ded2bcc-8f20-4dfd-a900-62a3524f8b86">
    <Deployment runDeploymentRoot="DKSR-EFI-06$_DKSR-EFI-06_2024-01-09_15_41_45" />
  </TestSettings>
  <Results>
    <UnitTestResult executionId="9fcf9f4e-a6b7-4c38-9de5-415fe5002a0c" testId="8ad6c6e8-977f-18f6-a059-b244e114675c" testName="TestForAssemblyCoverage" computerName="DKSR-EFI-06" duration="00:00:00.0767026" startTime="2024-01-09T15:41:44.8414019+01:00" endTime="2024-01-09T15:41:45.1382783+01:00" testType="13cdc9d9-ddb5-4fa4-a97d-d965ccfc6d4b" outcome="Passed" testListId="8c84fa94-04c1-424b-9868-57a2d4851a1d" relativeResultsDirectory="9fcf9f4e-a6b7-4c38-9de5-415fe5002a0c" />
  </Results>
  <TestDefinitions>
    <UnitTest name="TestForAssemblyCoverage" storage="d:\actions-runner\_work\xpco\xpco\corporate\recordingserver\recorderservice\tst\videoos.plugin.motiondetection.unittests\bin\x64\debug\net472\videoos.plugin.motiondetection.unittests.dll" id="8ad6c6e8-977f-18f6-a059-b244e114675c">
      <Execution id="9fcf9f4e-a6b7-4c38-9de5-415fe5002a0c" />
      <TestMethod codeBase="D:\actions-runner\_work\XPCO\XPCO\Corporate\RecordingServer\RecorderService\tst\VideoOS.PlugIn.MotionDetection.UnitTests\bin\x64\Debug\net472\VideoOS.PlugIn.MotionDetection.UnitTests.dll" adapterTypeName="executor://mstestadapter/v2" className="VideoOS.PlugIn.MotionDetection.UnitTests.UnitTest1" name="TestForAssemblyCoverage" />
    </UnitTest>
  </TestDefinitions>
  <TestEntries>
    <TestEntry testId="8ad6c6e8-977f-18f6-a059-b244e114675c" executionId="9fcf9f4e-a6b7-4c38-9de5-415fe5002a0c" testListId="8c84fa94-04c1-424b-9868-57a2d4851a1d" />
  </TestEntries>
  <TestLists>
    <TestList name="Results Not in a List" id="8c84fa94-04c1-424b-9868-57a2d4851a1d" />
    <TestList name="All Loaded Results" id="19431567-8539-422a-85d7-44ee4e166bda" />
  </TestLists>
  <ResultSummary outcome="Completed">
    <Counters total="1" executed="1" passed="1" failed="0" error="0" timeout="0" aborted="0" inconclusive="0" passedButRunAborted="0" notRunnable="0" notExecuted="0" disconnected="0" warning="0" completed="0" inProgress="0" pending="0" />
  </ResultSummary>
</TestRun>