<?xml version="1.0" encoding="utf-8"?>
<TestRun id="fd23ae85-c253-46e5-b43b-9a930d76352a" name="DKSR-EFI-06$@DKSR-EFI-06 2024-01-09 15:44:20" runUser="NT AUTHORITY\NETWORK SERVICE" xmlns="http://microsoft.com/schemas/VisualStudio/TeamTest/2010">
  <Times creation="2024-01-09T15:44:20.4043036+01:00" queuing="2024-01-09T15:44:20.4043036+01:00" start="2024-01-09T15:44:09.0917721+01:00" finish="2024-01-09T15:44:21.5293050+01:00" />
  <TestSettings name="default" id="de0020ec-14af-48b8-8eb6-418a3d54e170">
    <Deployment runDeploymentRoot="DKSR-EFI-06$_DKSR-EFI-06_2024-01-09_15_44_20" />
  </TestSettings>
  <Results>
    <UnitTestResult executionId="3ec21f8a-2ff0-4173-88b7-df6f872da65a" testId="55903c78-1dde-8c9b-84e9-6f76dfd0ea8d" testName="Test_Execute_RegistryKeyNotFound_FailsWithCorrectError" computerName="DKSR-EFI-06" duration="00:00:00.0187827" startTime="2024-01-09T15:44:20.7480539+01:00" endTime="2024-01-09T15:44:20.7793025+01:00" testType="13cdc9d9-ddb5-4fa4-a97d-d965ccfc6d4b" outcome="Passed" testListId="8c84fa94-04c1-424b-9868-57a2d4851a1d" relativeResultsDirectory="3ec21f8a-2ff0-4173-88b7-df6f872da65a" />
    <UnitTestResult executionId="c7be11fa-7b4f-4615-ac94-0d542df55f3e" testId="342b5128-0e80-12a9-c5a1-3ab47188aab9" testName="Test_Execute_WhenServiceRegistrationDoesNotExist_ServiceRegistrationCreatedAndUpdated" computerName="DKSR-EFI-06" duration="00:00:00.0482942" startTime="2024-01-09T15:44:20.8418043+01:00" endTime="2024-01-09T15:44:20.9043018+01:00" testType="13cdc9d9-ddb5-4fa4-a97d-d965ccfc6d4b" outcome="Passed" testListId="8c84fa94-04c1-424b-9868-57a2d4851a1d" relativeResultsDirectory="c7be11fa-7b4f-4615-ac94-0d542df55f3e" />
    <UnitTestResult executionId="b5d086dd-6afc-43e2-881f-294f029a3796" testId="c373a186-eccb-769b-933e-7360bed5f787" testName="Given_Registrar_When_RegisteringClient_Then_RequestaAreSentToPossibleAddressesUntillAPositiveResponseIsReceived" computerName="DKSR-EFI-06" duration="00:00:00.0144994" startTime="2024-01-09T15:44:20.3886790+01:00" endTime="2024-01-09T15:44:20.4043036+01:00" testType="13cdc9d9-ddb5-4fa4-a97d-d965ccfc6d4b" outcome="Passed" testListId="8c84fa94-04c1-424b-9868-57a2d4851a1d" relativeResultsDirectory="b5d086dd-6afc-43e2-881f-294f029a3796" />
    <UnitTestResult executionId="97cd0cea-1799-4a3a-8cf1-8f55e35cd565" testId="5eda181c-f8be-4325-6eb7-7de39f38760b" testName="Test_UpdateUri_ReturnsUriFromHelper" computerName="DKSR-EFI-06" duration="00:00:00.1151649" startTime="2024-01-09T15:44:20.6386754+01:00" endTime="2024-01-09T15:44:20.7480539+01:00" testType="13cdc9d9-ddb5-4fa4-a97d-d965ccfc6d4b" outcome="Passed" testListId="8c84fa94-04c1-424b-9868-57a2d4851a1d" relativeResultsDirectory="97cd0cea-1799-4a3a-8cf1-8f55e35cd565" />
    <UnitTestResult executionId="c15724c4-f117-443e-ad48-f77381c41a75" testId="34c16d01-dd35-232c-06ea-bb1630ddd3c6" testName="Test_Execute_WhenServiceRegistrationExists_ServiceRegistrationUpdated" computerName="DKSR-EFI-06" duration="00:00:00.0449387" startTime="2024-01-09T15:44:20.7949280+01:00" endTime="2024-01-09T15:44:20.8418043+01:00" testType="13cdc9d9-ddb5-4fa4-a97d-d965ccfc6d4b" outcome="Passed" testListId="8c84fa94-04c1-424b-9868-57a2d4851a1d" relativeResultsDirectory="c15724c4-f117-443e-ad48-f77381c41a75" />
    <UnitTestResult executionId="6e99459a-a5fc-475c-86c6-f1ab03550ec1" testId="e2993c16-0967-dfe0-1589-21c71c780288" testName="Given_Registrar_When_RegisteringClient_Then_ARequestIsSentToTheServiceToWakeItUp" computerName="DKSR-EFI-06" duration="00:00:01.1288193" startTime="2024-01-09T15:44:18.7793009+01:00" endTime="2024-01-09T15:44:20.3105528+01:00" testType="13cdc9d9-ddb5-4fa4-a97d-d965ccfc6d4b" outcome="Passed" testListId="8c84fa94-04c1-424b-9868-57a2d4851a1d" relativeResultsDirectory="6e99459a-a5fc-475c-86c6-f1ab03550ec1" />
    <UnitTestResult executionId="270ef00e-baf5-49cd-a734-d2381ffb636f" testId="37332124-73f2-eeb3-d129-4c53d5637436" testName="Execute_UpdateFails_ReturnsError" computerName="DKSR-EFI-06" duration="00:00:00.0157790" startTime="2024-01-09T15:44:20.9199298+01:00" endTime="2024-01-09T15:44:20.9355546+01:00" testType="13cdc9d9-ddb5-4fa4-a97d-d965ccfc6d4b" outcome="Passed" testListId="8c84fa94-04c1-424b-9868-57a2d4851a1d" relativeResultsDirectory="270ef00e-baf5-49cd-a734-d2381ffb636f" />
    <UnitTestResult executionId="b6fb5195-e98b-4c56-8dab-40e667a357b2" testId="92ce6b3f-48f5-788c-aeb6-1e017aefe7fa" testName="ModifyConfiguration_EncryptionEnabled_NoBinding_NotDefaultWebsite_ReturnsError" computerName="DKSR-EFI-06" duration="00:00:00.0075164" startTime="2024-01-09T15:44:20.6230575+01:00" endTime="2024-01-09T15:44:20.6230575+01:00" testType="13cdc9d9-ddb5-4fa4-a97d-d965ccfc6d4b" outcome="Passed" testListId="8c84fa94-04c1-424b-9868-57a2d4851a1d" relativeResultsDirectory="b6fb5195-e98b-4c56-8dab-40e667a357b2" />
    <UnitTestResult executionId="2a8bfa29-eee1-4013-8601-63f8b275db71" testId="df702e8c-5618-7242-5f5e-36f9bd27eaad" testName="Test_Execute_GetServicesThrowsException_FailsWithCorrectError" computerName="DKSR-EFI-06" duration="00:00:00.0099913" startTime="2024-01-09T15:44:20.9043018+01:00" endTime="2024-01-09T15:44:20.9199298+01:00" testType="13cdc9d9-ddb5-4fa4-a97d-d965ccfc6d4b" outcome="Passed" testListId="8c84fa94-04c1-424b-9868-57a2d4851a1d" relativeResultsDirectory="2a8bfa29-eee1-4013-8601-63f8b275db71" />
    <UnitTestResult executionId="a78bf8c7-f78b-4346-8601-9ff213d7dfe9" testId="23ae3241-bd5f-b27d-117b-642189d451d7" testName="ModifyConfiguration_EncryptionNotEnabled_DisablesSsl" computerName="DKSR-EFI-06" duration="00:00:00.0827466" startTime="2024-01-09T15:44:20.4043036+01:00" endTime="2024-01-09T15:44:20.4980541+01:00" testType="13cdc9d9-ddb5-4fa4-a97d-d965ccfc6d4b" outcome="Passed" testListId="8c84fa94-04c1-424b-9868-57a2d4851a1d" relativeResultsDirectory="a78bf8c7-f78b-4346-8601-9ff213d7dfe9" />
    <UnitTestResult executionId="08cdef9d-1a68-4da8-b47f-f9f73f36ae22" testId="6df47e2a-70cb-af48-2952-a91ea6956118" testName="ModifyConfiguration_EncryptionEnabled_HasBinding_BindsAndEnablesSsl" computerName="DKSR-EFI-06" duration="00:00:00.0205565" startTime="2024-01-09T15:44:20.5918029+01:00" endTime="2024-01-09T15:44:20.6074285+01:00" testType="13cdc9d9-ddb5-4fa4-a97d-d965ccfc6d4b" outcome="Passed" testListId="8c84fa94-04c1-424b-9868-57a2d4851a1d" relativeResultsDirectory="08cdef9d-1a68-4da8-b47f-f9f73f36ae22" />
    <UnitTestResult executionId="676749e8-76a8-418d-b6b8-24e36366f933" testId="366ed949-d9c3-c0b5-c148-cfdbed9eaa7c" testName="Execute_UpdateSucceeds_ReturnsSuccessStatus" computerName="DKSR-EFI-06" duration="00:00:00.0046024" startTime="2024-01-09T15:44:20.9355546+01:00" endTime="2024-01-09T15:44:20.9355546+01:00" testType="13cdc9d9-ddb5-4fa4-a97d-d965ccfc6d4b" outcome="Passed" testListId="8c84fa94-04c1-424b-9868-57a2d4851a1d" relativeResultsDirectory="676749e8-76a8-418d-b6b8-24e36366f933" />
    <UnitTestResult executionId="5097cbd6-b65a-4a04-9a90-76ca837f2a64" testId="4b2a63a9-593e-50b8-003e-2f2aefd25d81" testName="ModifyConfiguration_EncryptionEnabled_NoBinding_DefaultWebsite_BindsAndEnablesSsl" computerName="DKSR-EFI-06" duration="00:00:00.0079571" startTime="2024-01-09T15:44:20.6074285+01:00" endTime="2024-01-09T15:44:20.6230575+01:00" testType="13cdc9d9-ddb5-4fa4-a97d-d965ccfc6d4b" outcome="Passed" testListId="8c84fa94-04c1-424b-9868-57a2d4851a1d" relativeResultsDirectory="5097cbd6-b65a-4a04-9a90-76ca837f2a64" />
  </Results>
  <TestDefinitions>
    <UnitTest name="ModifyConfiguration_EncryptionNotEnabled_DisablesSsl" storage="d:\actions-runner\_work\xpco\xpco\mip\apigateway\gatewayservice\tst\videoos.gatewayservice.registrars.unittests\bin\debug\net472\videoos.gatewayservice.registrars.unittests.dll" id="23ae3241-bd5f-b27d-117b-642189d451d7">
      <Execution id="a78bf8c7-f78b-4346-8601-9ff213d7dfe9" />
      <TestMethod codeBase="D:\actions-runner\_work\XPCO\XPCO\MIP\ApiGateway\GatewayService\tst\VideoOS.GatewayService.Registrars.UnitTests\bin\Debug\net472\VideoOS.GatewayService.Registrars.UnitTests.dll" adapterTypeName="executor://mstestadapter/v2" className="VideoOS.GatewayService.Registrars.UnitTests.GatewayServiceEndpointRegistrarTests" name="ModifyConfiguration_EncryptionNotEnabled_DisablesSsl" />
    </UnitTest>
    <UnitTest name="Test_Execute_WhenServiceRegistrationExists_ServiceRegistrationUpdated" storage="d:\actions-runner\_work\xpco\xpco\mip\apigateway\gatewayservice\tst\videoos.gatewayservice.registrars.unittests\bin\debug\net472\videoos.gatewayservice.registrars.unittests.dll" id="34c16d01-dd35-232c-06ea-bb1630ddd3c6">
      <Execution id="c15724c4-f117-443e-ad48-f77381c41a75" />
      <TestMethod codeBase="D:\actions-runner\_work\XPCO\XPCO\MIP\ApiGateway\GatewayService\tst\VideoOS.GatewayService.Registrars.UnitTests\bin\Debug\net472\VideoOS.GatewayService.Registrars.UnitTests.dll" adapterTypeName="executor://mstestadapter/v2" className="VideoOS.GatewayService.Registrars.UnitTests.GatewayServiceRegistrationUpdateRegistrarTest" name="Test_Execute_WhenServiceRegistrationExists_ServiceRegistrationUpdated" />
    </UnitTest>
    <UnitTest name="Test_Execute_WhenServiceRegistrationDoesNotExist_ServiceRegistrationCreatedAndUpdated" storage="d:\actions-runner\_work\xpco\xpco\mip\apigateway\gatewayservice\tst\videoos.gatewayservice.registrars.unittests\bin\debug\net472\videoos.gatewayservice.registrars.unittests.dll" id="342b5128-0e80-12a9-c5a1-3ab47188aab9">
      <Execution id="c7be11fa-7b4f-4615-ac94-0d542df55f3e" />
      <TestMethod codeBase="D:\actions-runner\_work\XPCO\XPCO\MIP\ApiGateway\GatewayService\tst\VideoOS.GatewayService.Registrars.UnitTests\bin\Debug\net472\VideoOS.GatewayService.Registrars.UnitTests.dll" adapterTypeName="executor://mstestadapter/v2" className="VideoOS.GatewayService.Registrars.UnitTests.GatewayServiceRegistrationUpdateRegistrarTest" name="Test_Execute_WhenServiceRegistrationDoesNotExist_ServiceRegistrationCreatedAndUpdated" />
    </UnitTest>
    <UnitTest name="Test_UpdateUri_ReturnsUriFromHelper" storage="d:\actions-runner\_work\xpco\xpco\mip\apigateway\gatewayservice\tst\videoos.gatewayservice.registrars.unittests\bin\debug\net472\videoos.gatewayservice.registrars.unittests.dll" id="5eda181c-f8be-4325-6eb7-7de39f38760b">
      <Execution id="97cd0cea-1799-4a3a-8cf1-8f55e35cd565" />
      <TestMethod codeBase="D:\actions-runner\_work\XPCO\XPCO\MIP\ApiGateway\GatewayService\tst\VideoOS.GatewayService.Registrars.UnitTests\bin\Debug\net472\VideoOS.GatewayService.Registrars.UnitTests.dll" adapterTypeName="executor://mstestadapter/v2" className="VideoOS.GatewayService.Registrars.UnitTests.GatewayServiceRegistrationUpdateRegistrarTest" name="Test_UpdateUri_ReturnsUriFromHelper" />
    </UnitTest>
    <UnitTest name="Given_Registrar_When_RegisteringClient_Then_RequestaAreSentToPossibleAddressesUntillAPositiveResponseIsReceived" storage="d:\actions-runner\_work\xpco\xpco\mip\apigateway\gatewayservice\tst\videoos.gatewayservice.registrars.unittests\bin\debug\net472\videoos.gatewayservice.registrars.unittests.dll" id="c373a186-eccb-769b-933e-7360bed5f787">
      <Execution id="b5d086dd-6afc-43e2-881f-294f029a3796" />
      <TestMethod codeBase="D:\actions-runner\_work\XPCO\XPCO\MIP\ApiGateway\GatewayService\tst\VideoOS.GatewayService.Registrars.UnitTests\bin\Debug\net472\VideoOS.GatewayService.Registrars.UnitTests.dll" adapterTypeName="executor://mstestadapter/v2" className="VideoOS.GatewayService.Registrars.UnitTests.GatewayServiceClientRegistrarTest" name="Given_Registrar_When_RegisteringClient_Then_RequestaAreSentToPossibleAddressesUntillAPositiveResponseIsReceived" />
    </UnitTest>
    <UnitTest name="Given_Registrar_When_RegisteringClient_Then_ARequestIsSentToTheServiceToWakeItUp" storage="d:\actions-runner\_work\xpco\xpco\mip\apigateway\gatewayservice\tst\videoos.gatewayservice.registrars.unittests\bin\debug\net472\videoos.gatewayservice.registrars.unittests.dll" id="e2993c16-0967-dfe0-1589-21c71c780288">
      <Execution id="6e99459a-a5fc-475c-86c6-f1ab03550ec1" />
      <TestMethod codeBase="D:\actions-runner\_work\XPCO\XPCO\MIP\ApiGateway\GatewayService\tst\VideoOS.GatewayService.Registrars.UnitTests\bin\Debug\net472\VideoOS.GatewayService.Registrars.UnitTests.dll" adapterTypeName="executor://mstestadapter/v2" className="VideoOS.GatewayService.Registrars.UnitTests.GatewayServiceClientRegistrarTest" name="Given_Registrar_When_RegisteringClient_Then_ARequestIsSentToTheServiceToWakeItUp" />
    </UnitTest>
    <UnitTest name="ModifyConfiguration_EncryptionEnabled_HasBinding_BindsAndEnablesSsl" storage="d:\actions-runner\_work\xpco\xpco\mip\apigateway\gatewayservice\tst\videoos.gatewayservice.registrars.unittests\bin\debug\net472\videoos.gatewayservice.registrars.unittests.dll" id="6df47e2a-70cb-af48-2952-a91ea6956118">
      <Execution id="08cdef9d-1a68-4da8-b47f-f9f73f36ae22" />
      <TestMethod codeBase="D:\actions-runner\_work\XPCO\XPCO\MIP\ApiGateway\GatewayService\tst\VideoOS.GatewayService.Registrars.UnitTests\bin\Debug\net472\VideoOS.GatewayService.Registrars.UnitTests.dll" adapterTypeName="executor://mstestadapter/v2" className="VideoOS.GatewayService.Registrars.UnitTests.GatewayServiceEndpointRegistrarTests" name="ModifyConfiguration_EncryptionEnabled_HasBinding_BindsAndEnablesSsl" />
    </UnitTest>
    <UnitTest name="Test_Execute_GetServicesThrowsException_FailsWithCorrectError" storage="d:\actions-runner\_work\xpco\xpco\mip\apigateway\gatewayservice\tst\videoos.gatewayservice.registrars.unittests\bin\debug\net472\videoos.gatewayservice.registrars.unittests.dll" id="df702e8c-5618-7242-5f5e-36f9bd27eaad">
      <Execution id="2a8bfa29-eee1-4013-8601-63f8b275db71" />
      <TestMethod codeBase="D:\actions-runner\_work\XPCO\XPCO\MIP\ApiGateway\GatewayService\tst\VideoOS.GatewayService.Registrars.UnitTests\bin\Debug\net472\VideoOS.GatewayService.Registrars.UnitTests.dll" adapterTypeName="executor://mstestadapter/v2" className="VideoOS.GatewayService.Registrars.UnitTests.GatewayServiceRegistrationUpdateRegistrarTest" name="Test_Execute_GetServicesThrowsException_FailsWithCorrectError" />
    </UnitTest>
    <UnitTest name="ModifyConfiguration_EncryptionEnabled_NoBinding_NotDefaultWebsite_ReturnsError" storage="d:\actions-runner\_work\xpco\xpco\mip\apigateway\gatewayservice\tst\videoos.gatewayservice.registrars.unittests\bin\debug\net472\videoos.gatewayservice.registrars.unittests.dll" id="92ce6b3f-48f5-788c-aeb6-1e017aefe7fa">
      <Execution id="b6fb5195-e98b-4c56-8dab-40e667a357b2" />
      <TestMethod codeBase="D:\actions-runner\_work\XPCO\XPCO\MIP\ApiGateway\GatewayService\tst\VideoOS.GatewayService.Registrars.UnitTests\bin\Debug\net472\VideoOS.GatewayService.Registrars.UnitTests.dll" adapterTypeName="executor://mstestadapter/v2" className="VideoOS.GatewayService.Registrars.UnitTests.GatewayServiceEndpointRegistrarTests" name="ModifyConfiguration_EncryptionEnabled_NoBinding_NotDefaultWebsite_ReturnsError" />
    </UnitTest>
    <UnitTest name="ModifyConfiguration_EncryptionEnabled_NoBinding_DefaultWebsite_BindsAndEnablesSsl" storage="d:\actions-runner\_work\xpco\xpco\mip\apigateway\gatewayservice\tst\videoos.gatewayservice.registrars.unittests\bin\debug\net472\videoos.gatewayservice.registrars.unittests.dll" id="4b2a63a9-593e-50b8-003e-2f2aefd25d81">
      <Execution id="5097cbd6-b65a-4a04-9a90-76ca837f2a64" />
      <TestMethod codeBase="D:\actions-runner\_work\XPCO\XPCO\MIP\ApiGateway\GatewayService\tst\VideoOS.GatewayService.Registrars.UnitTests\bin\Debug\net472\VideoOS.GatewayService.Registrars.UnitTests.dll" adapterTypeName="executor://mstestadapter/v2" className="VideoOS.GatewayService.Registrars.UnitTests.GatewayServiceEndpointRegistrarTests" name="ModifyConfiguration_EncryptionEnabled_NoBinding_DefaultWebsite_BindsAndEnablesSsl" />
    </UnitTest>
    <UnitTest name="Execute_UpdateFails_ReturnsError" storage="d:\actions-runner\_work\xpco\xpco\mip\apigateway\gatewayservice\tst\videoos.gatewayservice.registrars.unittests\bin\debug\net472\videoos.gatewayservice.registrars.unittests.dll" id="37332124-73f2-eeb3-d129-4c53d5637436">
      <Execution id="270ef00e-baf5-49cd-a734-d2381ffb636f" />
      <TestMethod codeBase="D:\actions-runner\_work\XPCO\XPCO\MIP\ApiGateway\GatewayService\tst\VideoOS.GatewayService.Registrars.UnitTests\bin\Debug\net472\VideoOS.GatewayService.Registrars.UnitTests.dll" adapterTypeName="executor://mstestadapter/v2" className="VideoOS.GatewayService.Registrars.UnitTests.GatewayServiceSetManagementServerRegistrarTest" name="Execute_UpdateFails_ReturnsError" />
    </UnitTest>
    <UnitTest name="Test_Execute_RegistryKeyNotFound_FailsWithCorrectError" storage="d:\actions-runner\_work\xpco\xpco\mip\apigateway\gatewayservice\tst\videoos.gatewayservice.registrars.unittests\bin\debug\net472\videoos.gatewayservice.registrars.unittests.dll" id="55903c78-1dde-8c9b-84e9-6f76dfd0ea8d">
      <Execution id="3ec21f8a-2ff0-4173-88b7-df6f872da65a" />
      <TestMethod codeBase="D:\actions-runner\_work\XPCO\XPCO\MIP\ApiGateway\GatewayService\tst\VideoOS.GatewayService.Registrars.UnitTests\bin\Debug\net472\VideoOS.GatewayService.Registrars.UnitTests.dll" adapterTypeName="executor://mstestadapter/v2" className="VideoOS.GatewayService.Registrars.UnitTests.GatewayServiceRegistrationUpdateRegistrarTest" name="Test_Execute_RegistryKeyNotFound_FailsWithCorrectError" />
    </UnitTest>
    <UnitTest name="Execute_UpdateSucceeds_ReturnsSuccessStatus" storage="d:\actions-runner\_work\xpco\xpco\mip\apigateway\gatewayservice\tst\videoos.gatewayservice.registrars.unittests\bin\debug\net472\videoos.gatewayservice.registrars.unittests.dll" id="366ed949-d9c3-c0b5-c148-cfdbed9eaa7c">
      <Execution id="676749e8-76a8-418d-b6b8-24e36366f933" />
      <TestMethod codeBase="D:\actions-runner\_work\XPCO\XPCO\MIP\ApiGateway\GatewayService\tst\VideoOS.GatewayService.Registrars.UnitTests\bin\Debug\net472\VideoOS.GatewayService.Registrars.UnitTests.dll" adapterTypeName="executor://mstestadapter/v2" className="VideoOS.GatewayService.Registrars.UnitTests.GatewayServiceSetManagementServerRegistrarTest" name="Execute_UpdateSucceeds_ReturnsSuccessStatus" />
    </UnitTest>
  </TestDefinitions>
  <TestEntries>
    <TestEntry testId="55903c78-1dde-8c9b-84e9-6f76dfd0ea8d" executionId="3ec21f8a-2ff0-4173-88b7-df6f872da65a" testListId="8c84fa94-04c1-424b-9868-57a2d4851a1d" />
    <TestEntry testId="342b5128-0e80-12a9-c5a1-3ab47188aab9" executionId="c7be11fa-7b4f-4615-ac94-0d542df55f3e" testListId="8c84fa94-04c1-424b-9868-57a2d4851a1d" />
    <TestEntry testId="c373a186-eccb-769b-933e-7360bed5f787" executionId="b5d086dd-6afc-43e2-881f-294f029a3796" testListId="8c84fa94-04c1-424b-9868-57a2d4851a1d" />
    <TestEntry testId="5eda181c-f8be-4325-6eb7-7de39f38760b" executionId="97cd0cea-1799-4a3a-8cf1-8f55e35cd565" testListId="8c84fa94-04c1-424b-9868-57a2d4851a1d" />
    <TestEntry testId="34c16d01-dd35-232c-06ea-bb1630ddd3c6" executionId="c15724c4-f117-443e-ad48-f77381c41a75" testListId="8c84fa94-04c1-424b-9868-57a2d4851a1d" />
    <TestEntry testId="e2993c16-0967-dfe0-1589-21c71c780288" executionId="6e99459a-a5fc-475c-86c6-f1ab03550ec1" testListId="8c84fa94-04c1-424b-9868-57a2d4851a1d" />
    <TestEntry testId="37332124-73f2-eeb3-d129-4c53d5637436" executionId="270ef00e-baf5-49cd-a734-d2381ffb636f" testListId="8c84fa94-04c1-424b-9868-57a2d4851a1d" />
    <TestEntry testId="92ce6b3f-48f5-788c-aeb6-1e017aefe7fa" executionId="b6fb5195-e98b-4c56-8dab-40e667a357b2" testListId="8c84fa94-04c1-424b-9868-57a2d4851a1d" />
    <TestEntry testId="df702e8c-5618-7242-5f5e-36f9bd27eaad" executionId="2a8bfa29-eee1-4013-8601-63f8b275db71" testListId="8c84fa94-04c1-424b-9868-57a2d4851a1d" />
    <TestEntry testId="23ae3241-bd5f-b27d-117b-642189d451d7" executionId="a78bf8c7-f78b-4346-8601-9ff213d7dfe9" testListId="8c84fa94-04c1-424b-9868-57a2d4851a1d" />
    <TestEntry testId="6df47e2a-70cb-af48-2952-a91ea6956118" executionId="08cdef9d-1a68-4da8-b47f-f9f73f36ae22" testListId="8c84fa94-04c1-424b-9868-57a2d4851a1d" />
    <TestEntry testId="366ed949-d9c3-c0b5-c148-cfdbed9eaa7c" executionId="676749e8-76a8-418d-b6b8-24e36366f933" testListId="8c84fa94-04c1-424b-9868-57a2d4851a1d" />
    <TestEntry testId="4b2a63a9-593e-50b8-003e-2f2aefd25d81" executionId="5097cbd6-b65a-4a04-9a90-76ca837f2a64" testListId="8c84fa94-04c1-424b-9868-57a2d4851a1d" />
  </TestEntries>
  <TestLists>
    <TestList name="Results Not in a List" id="8c84fa94-04c1-424b-9868-57a2d4851a1d" />
    <TestList name="All Loaded Results" id="19431567-8539-422a-85d7-44ee4e166bda" />
  </TestLists>
  <ResultSummary outcome="Completed">
    <Counters total="13" executed="13" passed="13" failed="0" error="0" timeout="0" aborted="0" inconclusive="0" passedButRunAborted="0" notRunnable="0" notExecuted="0" disconnected="0" warning="0" completed="0" inProgress="0" pending="0" />
  </ResultSummary>
</TestRun>