<?xml version="1.0" encoding="utf-8"?>
<TestRun id="9251af19-3d72-4cd1-8e9b-65b933be71fc" name="DKSR-EFI-06$@DKSR-EFI-06 2024-01-09 15:43:01" runUser="NT AUTHORITY\NETWORK SERVICE" xmlns="http://microsoft.com/schemas/VisualStudio/TeamTest/2010">
  <Times creation="2024-01-09T15:43:01.8415695+01:00" queuing="2024-01-09T15:43:01.8415695+01:00" start="2024-01-09T15:42:59.9822173+01:00" finish="2024-01-09T15:43:02.0446945+01:00" />
  <TestSettings name="default" id="d87b7c0e-4733-4c03-9083-92c9230e135c">
    <Deployment runDeploymentRoot="DKSR-EFI-06$_DKSR-EFI-06_2024-01-09_15_43_01" />
  </TestSettings>
  <Results>
    <UnitTestResult executionId="d3b8e4cb-bf41-40f8-9ec0-4b89390521f8" testId="bc8b7eb8-9fea-4cac-0c28-2f33e012e383" testName="AlarmActionMapChange_LoadsAndSavesCorrectXml (&lt;mapChange&gt;&lt;serverId&gt;048a0e55-56c8-4b69-8a93-22f661733e60&lt;/serverId&gt;&lt;mapId&gt;daa2165b-c545-406f-b4c3-1833d4e62923&lt;/mapId&gt;&lt;mapName&gt;708FD409-C062-4554-BFEC-620998B8EF7A&lt;/mapName&gt;&lt;/mapChange&gt;,048a0e55-56c8-4b69-8a93-22f661733e60,daa2165b-c545-406f-b4c3-1833d4e62923,708FD409-C062-4554-BFEC-620998B8EF7A)" computerName="DKSR-EFI-06" duration="00:00:00.0544829" startTime="2024-01-09T15:43:01.2321943+01:00" endTime="2024-01-09T15:43:01.4665671+01:00" testType="13cdc9d9-ddb5-4fa4-a97d-d965ccfc6d4b" outcome="Passed" testListId="8c84fa94-04c1-424b-9868-57a2d4851a1d" relativeResultsDirectory="d3b8e4cb-bf41-40f8-9ec0-4b89390521f8" />
    <UnitTestResult executionId="f5d26214-cd2c-4e09-92d6-a1c1021a5287" testId="764185a3-9f8a-4f80-06a8-9d3db96ab156" testName="AlarmActionsExtensions_CreatePutsCorrectMapId_InAlarmActionList" computerName="DKSR-EFI-06" duration="00:00:00.0108924" startTime="2024-01-09T15:43:01.8103200+01:00" endTime="2024-01-09T15:43:01.8259433+01:00" testType="13cdc9d9-ddb5-4fa4-a97d-d965ccfc6d4b" outcome="Passed" testListId="8c84fa94-04c1-424b-9868-57a2d4851a1d" relativeResultsDirectory="f5d26214-cd2c-4e09-92d6-a1c1021a5287" />
    <UnitTestResult executionId="bc937518-f34a-42f7-a8dd-7f870b3206db" testId="1a7f3b09-af03-74dc-ec7a-a47cd360fe00" testName="AlarmActionsExtensions_GetMapIdReturnsCorrectMapId_FromAlarmActionList" computerName="DKSR-EFI-06" duration="00:00:00.3289758" startTime="2024-01-09T15:43:01.4821936+01:00" endTime="2024-01-09T15:43:01.8103200+01:00" testType="13cdc9d9-ddb5-4fa4-a97d-d965ccfc6d4b" outcome="Passed" testListId="8c84fa94-04c1-424b-9868-57a2d4851a1d" relativeResultsDirectory="bc937518-f34a-42f7-a8dd-7f870b3206db" />
    <UnitTestResult executionId="e9808d95-cf0e-4c12-85d5-f541f99f67fd" testId="d80bf812-8b0b-1bf8-29c8-d7a231e714d1" testName="AlarmActionMapChange_LoadsAndSavesCorrectXml (&lt;mapChange&gt;&lt;serverId&gt;e875f434-31b1-4433-a498-dda675e4f0cf&lt;/serverId&gt;&lt;mapId&gt;63e1b34c-b601-4242-92c6-0bad8051663a&lt;/mapId&gt;&lt;mapName&gt;54816779-85B5-479F-81EE-1A65AE1781E7&lt;/mapName&gt;&lt;/mapChange&gt;,e875f434-31b1-4433-a498-dda675e4f0cf,63e1b34c-b601-4242-92c6-0bad8051663a,54816779-85B5-479F-81EE-1A65AE1781E7)" computerName="DKSR-EFI-06" duration="00:00:00.0000433" startTime="2024-01-09T15:43:01.4821936+01:00" endTime="2024-01-09T15:43:01.4821936+01:00" testType="13cdc9d9-ddb5-4fa4-a97d-d965ccfc6d4b" outcome="Passed" testListId="8c84fa94-04c1-424b-9868-57a2d4851a1d" relativeResultsDirectory="e9808d95-cf0e-4c12-85d5-f541f99f67fd" />
    <UnitTestResult executionId="a8d2da80-b2c3-44b8-bb05-53e15d2d2bd9" testId="23e707b5-5c21-9643-4e2e-d13e3bc67d7b" testName="AlarmActionMapChange_LoadsAndSavesCorrectXml (&lt;mapChange&gt;&lt;serverId&gt;191d3e01-58c3-47ef-aef9-e9d5fd4c829d&lt;/serverId&gt;&lt;mapId&gt;36fac921-df11-4d86-a5c5-450ad182476f&lt;/mapId&gt;&lt;mapName&gt;8CF5B15A-D513-4BEF-A1E7-A2AE5FE3A575&lt;/mapName&gt;&lt;/mapChange&gt;,191d3e01-58c3-47ef-aef9-e9d5fd4c829d,36fac921-df11-4d86-a5c5-450ad182476f,8CF5B15A-D513-4BEF-A1E7-A2AE5FE3A575)" computerName="DKSR-EFI-06" duration="00:00:00.0001047" startTime="2024-01-09T15:43:01.4821936+01:00" endTime="2024-01-09T15:43:01.4821936+01:00" testType="13cdc9d9-ddb5-4fa4-a97d-d965ccfc6d4b" outcome="Passed" testListId="8c84fa94-04c1-424b-9868-57a2d4851a1d" relativeResultsDirectory="a8d2da80-b2c3-44b8-bb05-53e15d2d2bd9" />
  </Results>
  <TestDefinitions>
    <UnitTest name="AlarmActionsExtensions_GetMapIdReturnsCorrectMapId_FromAlarmActionList" storage="d:\actions-runner\_work\xpco\xpco\eventserver\server\components\central\videoos.eventserver.alarms.domain.unittest\bin\debug\net472\videoos.eventserver.alarms.domain.unittest.dll" id="1a7f3b09-af03-74dc-ec7a-a47cd360fe00">
      <Execution id="bc937518-f34a-42f7-a8dd-7f870b3206db" />
      <TestMethod codeBase="D:\actions-runner\_work\XPCO\XPCO\EventServer\Server\Components\Central\VideoOS.EventServer.Alarms.Domain.UnitTest\bin\Debug\net472\VideoOS.EventServer.Alarms.Domain.UnitTest.dll" adapterTypeName="executor://mstestadapter/v2" className="VideoOS.EventServer.Alarms.Domain.UnitTest.Configuration.AlarmActionMapExtractorTest" name="AlarmActionsExtensions_GetMapIdReturnsCorrectMapId_FromAlarmActionList" />
    </UnitTest>
    <UnitTest name="AlarmActionMapChange_LoadsAndSavesCorrectXml (&lt;mapChange&gt;&lt;serverId&gt;048a0e55-56c8-4b69-8a93-22f661733e60&lt;/serverId&gt;&lt;mapId&gt;daa2165b-c545-406f-b4c3-1833d4e62923&lt;/mapId&gt;&lt;mapName&gt;708FD409-C062-4554-BFEC-620998B8EF7A&lt;/mapName&gt;&lt;/mapChange&gt;,048a0e55-56c8-4b69-8a93-22f661733e60,daa2165b-c545-406f-b4c3-1833d4e62923,708FD409-C062-4554-BFEC-620998B8EF7A)" storage="d:\actions-runner\_work\xpco\xpco\eventserver\server\components\central\videoos.eventserver.alarms.domain.unittest\bin\debug\net472\videoos.eventserver.alarms.domain.unittest.dll" id="bc8b7eb8-9fea-4cac-0c28-2f33e012e383">
      <Execution id="d3b8e4cb-bf41-40f8-9ec0-4b89390521f8" />
      <TestMethod codeBase="D:\actions-runner\_work\XPCO\XPCO\EventServer\Server\Components\Central\VideoOS.EventServer.Alarms.Domain.UnitTest\bin\Debug\net472\VideoOS.EventServer.Alarms.Domain.UnitTest.dll" adapterTypeName="executor://mstestadapter/v2" className="VideoOS.EventServer.Alarms.Domain.UnitTest.Configuration.AlarmActionMapChangeTest" name="AlarmActionMapChange_LoadsAndSavesCorrectXml" />
    </UnitTest>
    <UnitTest name="AlarmActionMapChange_LoadsAndSavesCorrectXml (&lt;mapChange&gt;&lt;serverId&gt;191d3e01-58c3-47ef-aef9-e9d5fd4c829d&lt;/serverId&gt;&lt;mapId&gt;36fac921-df11-4d86-a5c5-450ad182476f&lt;/mapId&gt;&lt;mapName&gt;8CF5B15A-D513-4BEF-A1E7-A2AE5FE3A575&lt;/mapName&gt;&lt;/mapChange&gt;,191d3e01-58c3-47ef-aef9-e9d5fd4c829d,36fac921-df11-4d86-a5c5-450ad182476f,8CF5B15A-D513-4BEF-A1E7-A2AE5FE3A575)" storage="d:\actions-runner\_work\xpco\xpco\eventserver\server\components\central\videoos.eventserver.alarms.domain.unittest\bin\debug\net472\videoos.eventserver.alarms.domain.unittest.dll" id="23e707b5-5c21-9643-4e2e-d13e3bc67d7b">
      <Execution id="a8d2da80-b2c3-44b8-bb05-53e15d2d2bd9" />
      <TestMethod codeBase="D:\actions-runner\_work\XPCO\XPCO\EventServer\Server\Components\Central\VideoOS.EventServer.Alarms.Domain.UnitTest\bin\Debug\net472\VideoOS.EventServer.Alarms.Domain.UnitTest.dll" adapterTypeName="executor://mstestadapter/v2" className="VideoOS.EventServer.Alarms.Domain.UnitTest.Configuration.AlarmActionMapChangeTest" name="AlarmActionMapChange_LoadsAndSavesCorrectXml" />
    </UnitTest>
    <UnitTest name="AlarmActionMapChange_LoadsAndSavesCorrectXml (&lt;mapChange&gt;&lt;serverId&gt;e875f434-31b1-4433-a498-dda675e4f0cf&lt;/serverId&gt;&lt;mapId&gt;63e1b34c-b601-4242-92c6-0bad8051663a&lt;/mapId&gt;&lt;mapName&gt;54816779-85B5-479F-81EE-1A65AE1781E7&lt;/mapName&gt;&lt;/mapChange&gt;,e875f434-31b1-4433-a498-dda675e4f0cf,63e1b34c-b601-4242-92c6-0bad8051663a,54816779-85B5-479F-81EE-1A65AE1781E7)" storage="d:\actions-runner\_work\xpco\xpco\eventserver\server\components\central\videoos.eventserver.alarms.domain.unittest\bin\debug\net472\videoos.eventserver.alarms.domain.unittest.dll" id="d80bf812-8b0b-1bf8-29c8-d7a231e714d1">
      <Execution id="e9808d95-cf0e-4c12-85d5-f541f99f67fd" />
      <TestMethod codeBase="D:\actions-runner\_work\XPCO\XPCO\EventServer\Server\Components\Central\VideoOS.EventServer.Alarms.Domain.UnitTest\bin\Debug\net472\VideoOS.EventServer.Alarms.Domain.UnitTest.dll" adapterTypeName="executor://mstestadapter/v2" className="VideoOS.EventServer.Alarms.Domain.UnitTest.Configuration.AlarmActionMapChangeTest" name="AlarmActionMapChange_LoadsAndSavesCorrectXml" />
    </UnitTest>
    <UnitTest name="AlarmActionsExtensions_CreatePutsCorrectMapId_InAlarmActionList" storage="d:\actions-runner\_work\xpco\xpco\eventserver\server\components\central\videoos.eventserver.alarms.domain.unittest\bin\debug\net472\videoos.eventserver.alarms.domain.unittest.dll" id="764185a3-9f8a-4f80-06a8-9d3db96ab156">
      <Execution id="f5d26214-cd2c-4e09-92d6-a1c1021a5287" />
      <TestMethod codeBase="D:\actions-runner\_work\XPCO\XPCO\EventServer\Server\Components\Central\VideoOS.EventServer.Alarms.Domain.UnitTest\bin\Debug\net472\VideoOS.EventServer.Alarms.Domain.UnitTest.dll" adapterTypeName="executor://mstestadapter/v2" className="VideoOS.EventServer.Alarms.Domain.UnitTest.Configuration.AlarmActionMapExtractorTest" name="AlarmActionsExtensions_CreatePutsCorrectMapId_InAlarmActionList" />
    </UnitTest>
  </TestDefinitions>
  <TestEntries>
    <TestEntry testId="bc8b7eb8-9fea-4cac-0c28-2f33e012e383" executionId="d3b8e4cb-bf41-40f8-9ec0-4b89390521f8" testListId="8c84fa94-04c1-424b-9868-57a2d4851a1d" />
    <TestEntry testId="764185a3-9f8a-4f80-06a8-9d3db96ab156" executionId="f5d26214-cd2c-4e09-92d6-a1c1021a5287" testListId="8c84fa94-04c1-424b-9868-57a2d4851a1d" />
    <TestEntry testId="1a7f3b09-af03-74dc-ec7a-a47cd360fe00" executionId="bc937518-f34a-42f7-a8dd-7f870b3206db" testListId="8c84fa94-04c1-424b-9868-57a2d4851a1d" />
    <TestEntry testId="d80bf812-8b0b-1bf8-29c8-d7a231e714d1" executionId="e9808d95-cf0e-4c12-85d5-f541f99f67fd" testListId="8c84fa94-04c1-424b-9868-57a2d4851a1d" />
    <TestEntry testId="23e707b5-5c21-9643-4e2e-d13e3bc67d7b" executionId="a8d2da80-b2c3-44b8-bb05-53e15d2d2bd9" testListId="8c84fa94-04c1-424b-9868-57a2d4851a1d" />
  </TestEntries>
  <TestLists>
    <TestList name="Results Not in a List" id="8c84fa94-04c1-424b-9868-57a2d4851a1d" />
    <TestList name="All Loaded Results" id="19431567-8539-422a-85d7-44ee4e166bda" />
  </TestLists>
  <ResultSummary outcome="Completed">
    <Counters total="5" executed="5" passed="5" failed="0" error="0" timeout="0" aborted="0" inconclusive="0" passedButRunAborted="0" notRunnable="0" notExecuted="0" disconnected="0" warning="0" completed="0" inProgress="0" pending="0" />
  </ResultSummary>
</TestRun>