<?xml version="1.0" encoding="utf-8"?>
<TestRun id="44749214-9534-45a1-9d6b-f7da31bc51c7" name="DKSR-EFI-06$@DKSR-EFI-06 2024-01-09 15:41:09" runUser="NT AUTHORITY\NETWORK SERVICE" xmlns="http://microsoft.com/schemas/VisualStudio/TeamTest/2010">
  <Times creation="2024-01-09T15:41:09.6381532+01:00" queuing="2024-01-09T15:41:09.6381532+01:00" start="2024-01-09T15:41:00.8515870+01:00" finish="2024-01-09T15:41:29.5600686+01:00" />
  <TestSettings name="default" id="9de7a854-dff9-4d25-a4f9-0ab33342c9db">
    <Deployment runDeploymentRoot="DKSR-EFI-06$_DKSR-EFI-06_2024-01-09_15_41_09" />
  </TestSettings>
  <Results>
    <UnitTestResult executionId="248a6a41-c4e4-427a-b7c0-1fd4f06afa6a" testId="e246f6db-3e7f-6b20-caa4-7aa960c6eb8c" testName="GetAppointmentsRecurring2ndWeekdaysTest" computerName="DKSR-EFI-06" duration="00:00:00.0221138" startTime="2024-01-09T15:41:27.6381738+01:00" endTime="2024-01-09T15:41:27.6537977+01:00" testType="13cdc9d9-ddb5-4fa4-a97d-d965ccfc6d4b" outcome="Passed" testListId="8c84fa94-04c1-424b-9868-57a2d4851a1d" relativeResultsDirectory="248a6a41-c4e4-427a-b7c0-1fd4f06afa6a" />
    <UnitTestResult executionId="5317ce37-c6a6-4c63-9439-db220e816b43" testId="de0400ae-fa1c-046f-552c-c640aa4e10c4" testName="TimeProfileInfragisticEvaluatorConstructorArgumentInvalidTest" computerName="DKSR-EFI-06" duration="00:00:00.0014822" startTime="2024-01-09T15:41:26.9819185+01:00" endTime="2024-01-09T15:41:26.9819185+01:00" testType="13cdc9d9-ddb5-4fa4-a97d-d965ccfc6d4b" outcome="Passed" testListId="8c84fa94-04c1-424b-9868-57a2d4851a1d" relativeResultsDirectory="5317ce37-c6a6-4c63-9439-db220e816b43" />
    <UnitTestResult executionId="a3fb3a20-0739-4e50-8680-da46ab13b9d2" testId="4c479f6b-d258-c9ef-fce2-6dd825f7d730" testName="CalculateSunriseSunsetWilliamTestArctic21MarchSunrise" computerName="DKSR-EFI-06" duration="00:00:00.0002050" startTime="2024-01-09T15:41:28.7944330+01:00" endTime="2024-01-09T15:41:28.7944330+01:00" testType="13cdc9d9-ddb5-4fa4-a97d-d965ccfc6d4b" outcome="Passed" testListId="8c84fa94-04c1-424b-9868-57a2d4851a1d" relativeResultsDirectory="a3fb3a20-0739-4e50-8680-da46ab13b9d2" />
    <UnitTestResult executionId="e1763322-ead0-4e90-9946-16bfeb5ae230" testId="c1b9bb96-9430-5ad4-feeb-e47cc833de66" testName="GpsParserTest3_3InvalidToUseMinSecAsSeparator" computerName="DKSR-EFI-06" duration="00:00:00.0006002" startTime="2024-01-09T15:41:09.7319050+01:00" endTime="2024-01-09T15:41:09.7319050+01:00" testType="13cdc9d9-ddb5-4fa4-a97d-d965ccfc6d4b" outcome="Passed" testListId="8c84fa94-04c1-424b-9868-57a2d4851a1d" relativeResultsDirectory="e1763322-ead0-4e90-9946-16bfeb5ae230" />
    <UnitTestResult executionId="079a1a77-0dbb-4390-bd2d-aac617f59ce3" testId="c4746aee-c4bf-b25d-a3ea-c92efec3e618" testName="GpsParserTestEmptyString" computerName="DKSR-EFI-06" duration="00:00:00.0005879" startTime="2024-01-09T15:41:09.7631515+01:00" endTime="2024-01-09T15:41:09.7631515+01:00" testType="13cdc9d9-ddb5-4fa4-a97d-d965ccfc6d4b" outcome="Passed" testListId="8c84fa94-04c1-424b-9868-57a2d4851a1d" relativeResultsDirectory="079a1a77-0dbb-4390-bd2d-aac617f59ce3" />
    <UnitTestResult executionId="56e6feaa-8039-4255-a9ce-f2581bf5f22a" testId="6b094bb6-fd1f-f10d-e9e4-f450d41c07a9" testName="ValidateTestOK" computerName="DKSR-EFI-06" duration="00:00:00.0037992" startTime="2024-01-09T15:41:09.7787767+01:00" endTime="2024-01-09T15:41:09.7787767+01:00" testType="13cdc9d9-ddb5-4fa4-a97d-d965ccfc6d4b" outcome="Passed" testListId="8c84fa94-04c1-424b-9868-57a2d4851a1d" relativeResultsDirectory="56e6feaa-8039-4255-a9ce-f2581bf5f22a" />
    <UnitTestResult executionId="145d9afc-82ba-4ff5-9d2e-20a051e00f6d" testId="37837a70-a803-dd80-bb23-9d8e7ca4a19b" testName="ConvertGpsValueTestIndex1Length2" computerName="DKSR-EFI-06" duration="00:00:00.0001606" startTime="2024-01-09T15:41:09.5756513+01:00" endTime="2024-01-09T15:41:09.5756513+01:00" testType="13cdc9d9-ddb5-4fa4-a97d-d965ccfc6d4b" outcome="Passed" testListId="8c84fa94-04c1-424b-9868-57a2d4851a1d" relativeResultsDirectory="145d9afc-82ba-4ff5-9d2e-20a051e00f6d" />
    <UnitTestResult executionId="704d2542-dc20-4375-8ce3-07f2686902ca" testId="cc6a795f-d456-2adf-17b9-890af9594b5a" testName="GpsParserTest1_1BlocksNoneMinus" computerName="DKSR-EFI-06" duration="00:00:00.0002845" startTime="2024-01-09T15:41:09.6537778+01:00" endTime="2024-01-09T15:41:09.6537778+01:00" testType="13cdc9d9-ddb5-4fa4-a97d-d965ccfc6d4b" outcome="Passed" testListId="8c84fa94-04c1-424b-9868-57a2d4851a1d" relativeResultsDirectory="704d2542-dc20-4375-8ce3-07f2686902ca" />
    <UnitTestResult executionId="c5787dee-1a42-4591-ac89-9064ee5b9d74" testId="5bcc0be0-7392-90d6-d47e-88a94aa1dcff" testName="GpsParserTest3_3BlocksReverseOrderMinSec" computerName="DKSR-EFI-06" duration="00:00:00.0003951" startTime="2024-01-09T15:41:09.6850279+01:00" endTime="2024-01-09T15:41:09.6850279+01:00" testType="13cdc9d9-ddb5-4fa4-a97d-d965ccfc6d4b" outcome="Passed" testListId="8c84fa94-04c1-424b-9868-57a2d4851a1d" relativeResultsDirectory="c5787dee-1a42-4591-ac89-9064ee5b9d74" />
    <UnitTestResult executionId="8ec1d119-e693-4431-81f9-07548effdfb0" testId="aa654f09-631c-7d65-6959-491bd3db17f3" testName="GetAppointmentsTestWinterTime1" computerName="DKSR-EFI-06" duration="00:00:00.0011753" startTime="2024-01-09T15:41:28.9350605+01:00" endTime="2024-01-09T15:41:28.9350605+01:00" testType="13cdc9d9-ddb5-4fa4-a97d-d965ccfc6d4b" outcome="Passed" testListId="8c84fa94-04c1-424b-9868-57a2d4851a1d" relativeResultsDirectory="8ec1d119-e693-4431-81f9-07548effdfb0" />
    <UnitTestResult executionId="52105649-2a58-4a5e-8c83-d348b8c62432" testId="b9bedf79-67c0-f448-5ccf-98d7fd2fe9e6" testName="ConvertGpsValueTestInvalidLength" computerName="DKSR-EFI-06" duration="00:00:00.0007084" startTime="2024-01-09T15:41:09.6225282+01:00" endTime="2024-01-09T15:41:09.6225282+01:00" testType="13cdc9d9-ddb5-4fa4-a97d-d965ccfc6d4b" outcome="Passed" testListId="8c84fa94-04c1-424b-9868-57a2d4851a1d" relativeResultsDirectory="52105649-2a58-4a5e-8c83-d348b8c62432" />
    <UnitTestResult executionId="a4477efe-009a-4719-9312-4c6fce897898" testId="9ad24122-66ef-ed94-fd9e-aa37c054f474" testName="TimeProfileInfragisticEvaluator63Constructor17Test" computerName="DKSR-EFI-06" duration="00:00:00.0074320" startTime="2024-01-09T15:41:27.1850426+01:00" endTime="2024-01-09T15:41:27.1850426+01:00" testType="13cdc9d9-ddb5-4fa4-a97d-d965ccfc6d4b" outcome="Passed" testListId="8c84fa94-04c1-424b-9868-57a2d4851a1d" relativeResultsDirectory="a4477efe-009a-4719-9312-4c6fce897898" />
    <UnitTestResult executionId="3b099c1b-c3ef-4d38-a1f8-483994ca3636" testId="f9ba6d67-d752-4f16-d0bf-dc8922e4da3d" testName="GetAppointmentsOverlappingTimesTest" computerName="DKSR-EFI-06" duration="00:00:00.0061150" startTime="2024-01-09T15:41:27.4662962+01:00" endTime="2024-01-09T15:41:27.4819214+01:00" testType="13cdc9d9-ddb5-4fa4-a97d-d965ccfc6d4b" outcome="Passed" testListId="8c84fa94-04c1-424b-9868-57a2d4851a1d" relativeResultsDirectory="3b099c1b-c3ef-4d38-a1f8-483994ca3636" />
    <UnitTestResult executionId="ebd8a5be-a84f-4287-b0e2-4f851511a427" testId="6e62a3f7-11eb-8c3e-03ae-eafd21f36899" testName="TimeProfileInfragisticEvaluator63Constructor12Test" computerName="DKSR-EFI-06" duration="00:00:00.0091387" startTime="2024-01-09T15:41:27.1069168+01:00" endTime="2024-01-09T15:41:27.1225437+01:00" testType="13cdc9d9-ddb5-4fa4-a97d-d965ccfc6d4b" outcome="Passed" testListId="8c84fa94-04c1-424b-9868-57a2d4851a1d" relativeResultsDirectory="ebd8a5be-a84f-4287-b0e2-4f851511a427" />
    <UnitTestResult executionId="5e52b874-6f80-4606-8598-242b649f53ef" testId="98547fda-fd1c-aa50-bd5f-2aac2f3b9969" testName="CalculateSunriseSunsetWilliamTestArctic21DecSunrise" computerName="DKSR-EFI-06" duration="00:00:00.0002092" startTime="2024-01-09T15:41:28.7788089+01:00" endTime="2024-01-09T15:41:28.7788089+01:00" testType="13cdc9d9-ddb5-4fa4-a97d-d965ccfc6d4b" outcome="Passed" testListId="8c84fa94-04c1-424b-9868-57a2d4851a1d" relativeResultsDirectory="5e52b874-6f80-4606-8598-242b649f53ef" />
    <UnitTestResult executionId="aefd5b8d-8458-433e-9ee9-61f0379555fa" testId="fb6bb36f-6f6d-2bda-9016-13c690482555" testName="TimeProfileSunClockDefinitionConstructorGPSCoordinateNullTest" computerName="DKSR-EFI-06" duration="00:00:00.0006499" startTime="2024-01-09T15:41:28.4350549+01:00" endTime="2024-01-09T15:41:28.4350549+01:00" testType="13cdc9d9-ddb5-4fa4-a97d-d965ccfc6d4b" outcome="Passed" testListId="8c84fa94-04c1-424b-9868-57a2d4851a1d" relativeResultsDirectory="aefd5b8d-8458-433e-9ee9-61f0379555fa" />
    <UnitTestResult executionId="82d7cfaf-54b0-4a3f-9d12-1826347e6eaa" testId="0c256f61-f1b8-775c-d63d-f2a356137376" testName="GPSCoordinateTest" computerName="DKSR-EFI-06" duration="00:00:00.0004372" startTime="2024-01-09T15:41:28.5756837+01:00" endTime="2024-01-09T15:41:28.5756837+01:00" testType="13cdc9d9-ddb5-4fa4-a97d-d965ccfc6d4b" outcome="Passed" testListId="8c84fa94-04c1-424b-9868-57a2d4851a1d" relativeResultsDirectory="82d7cfaf-54b0-4a3f-9d12-1826347e6eaa" />
    <UnitTestResult executionId="a3cb496d-361b-4af5-adf7-6dc7508d9f90" testId="79a49bce-7caf-6dde-6b4b-758be73f755d" testName="TimeProfileManagerConstructorTest" computerName="DKSR-EFI-06" duration="00:00:00.0024520" startTime="2024-01-09T15:41:28.3725550+01:00" endTime="2024-01-09T15:41:28.3725550+01:00" testType="13cdc9d9-ddb5-4fa4-a97d-d965ccfc6d4b" outcome="Passed" testListId="8c84fa94-04c1-424b-9868-57a2d4851a1d" relativeResultsDirectory="a3cb496d-361b-4af5-adf7-6dc7508d9f90" />
    <UnitTestResult executionId="fbccf3fd-1359-4583-b798-9b2686b5414f" testId="c5dab006-4e17-3823-a8ee-dfc30b81c408" testName="TimeProfileInfragisticEvaluator63Constructor14Test" computerName="DKSR-EFI-06" duration="00:00:00.0093529" startTime="2024-01-09T15:41:27.1381691+01:00" endTime="2024-01-09T15:41:27.1537978+01:00" testType="13cdc9d9-ddb5-4fa4-a97d-d965ccfc6d4b" outcome="Passed" testListId="8c84fa94-04c1-424b-9868-57a2d4851a1d" relativeResultsDirectory="fbccf3fd-1359-4583-b798-9b2686b5414f" />
    <UnitTestResult executionId="c84ac4f7-8d71-4b3f-ad0c-b4328e919f1f" testId="9113e875-fc19-49cf-6f49-34cfe3f2acb8" testName="GetAppointmentsNoTimeInfragisticVersionTest" computerName="DKSR-EFI-06" duration="00:00:00.0052730" startTime="2024-01-09T15:41:27.4662962+01:00" endTime="2024-01-09T15:41:27.4662962+01:00" testType="13cdc9d9-ddb5-4fa4-a97d-d965ccfc6d4b" outcome="Passed" testListId="8c84fa94-04c1-424b-9868-57a2d4851a1d" relativeResultsDirectory="c84ac4f7-8d71-4b3f-ad0c-b4328e919f1f" />
    <UnitTestResult executionId="f533cee4-b39d-44e6-abfa-998bd838bf8e" testId="1bf215db-95a5-2421-ff79-566c88d6e808" testName="CalculateSunriseSunsetWilliamTestDaresSalaam21DecSunset" computerName="DKSR-EFI-06" duration="00:00:00.0001912" startTime="2024-01-09T15:41:28.7163079+01:00" endTime="2024-01-09T15:41:28.7163079+01:00" testType="13cdc9d9-ddb5-4fa4-a97d-d965ccfc6d4b" outcome="Passed" testListId="8c84fa94-04c1-424b-9868-57a2d4851a1d" relativeResultsDirectory="f533cee4-b39d-44e6-abfa-998bd838bf8e" />
    <UnitTestResult executionId="eb73ce69-1263-43f7-bc5f-fba61cbe9678" testId="f6690517-9e2f-a9b1-cd67-211d0fbefc2c" testName="GetSunriseSunsetAppointmentTestKiruna5DecPlus1TimeZone60MinOffset" computerName="DKSR-EFI-06" duration="00:00:00.0006130" startTime="2024-01-09T15:41:28.8881863+01:00" endTime="2024-01-09T15:41:28.8881863+01:00" testType="13cdc9d9-ddb5-4fa4-a97d-d965ccfc6d4b" outcome="Passed" testListId="8c84fa94-04c1-424b-9868-57a2d4851a1d" relativeResultsDirectory="eb73ce69-1263-43f7-bc5f-fba61cbe9678" />
    <UnitTestResult executionId="97811c4d-659e-4620-903e-bf0c03e9a7c2" testId="526e1bac-bb47-0c83-353c-0960261b2d5b" testName="CalculateSunriseSunsetWilliamTestHonolulu21DecSunset" computerName="DKSR-EFI-06" duration="00:00:00.0001859" startTime="2024-01-09T15:41:28.7163079+01:00" endTime="2024-01-09T15:41:28.7163079+01:00" testType="13cdc9d9-ddb5-4fa4-a97d-d965ccfc6d4b" outcome="Passed" testListId="8c84fa94-04c1-424b-9868-57a2d4851a1d" relativeResultsDirectory="97811c4d-659e-4620-903e-bf0c03e9a7c2" />
    <UnitTestResult executionId="293ccb00-dfe8-4b05-a7d5-160e16b94e21" testId="58d97b46-fc58-1dca-8e5f-d4503b0291e0" testName="CalculateSunriseSunsetWilliamTestSanJuan21JunSunset" computerName="DKSR-EFI-06" duration="00:00:00.0001903" startTime="2024-01-09T15:41:28.7006832+01:00" endTime="2024-01-09T15:41:28.7006832+01:00" testType="13cdc9d9-ddb5-4fa4-a97d-d965ccfc6d4b" outcome="Passed" testListId="8c84fa94-04c1-424b-9868-57a2d4851a1d" relativeResultsDirectory="293ccb00-dfe8-4b05-a7d5-160e16b94e21" />
    <UnitTestResult executionId="d23ba79d-9294-4854-a6bf-de9baf1b50b7" testId="13e6bb43-43fe-a031-b6d2-867ab58a1a4a" testName="CalculateSunriseSunsetWilliamTestBuenosAires21DecSunset" computerName="DKSR-EFI-06" duration="00:00:00.0001981" startTime="2024-01-09T15:41:28.7006832+01:00" endTime="2024-01-09T15:41:28.7006832+01:00" testType="13cdc9d9-ddb5-4fa4-a97d-d965ccfc6d4b" outcome="Passed" testListId="8c84fa94-04c1-424b-9868-57a2d4851a1d" relativeResultsDirectory="d23ba79d-9294-4854-a6bf-de9baf1b50b7" />
    <UnitTestResult executionId="b7202766-7258-442b-a664-0f0d19b7d85d" testId="f4acc359-e876-d61a-d92c-dad9d5915bce" testName="GetSunriseSunsetAppointmentTestSidney21DecPlus10TimeZone" computerName="DKSR-EFI-06" duration="00:00:00.0006076" startTime="2024-01-09T15:41:28.8725605+01:00" endTime="2024-01-09T15:41:28.8725605+01:00" testType="13cdc9d9-ddb5-4fa4-a97d-d965ccfc6d4b" outcome="Passed" testListId="8c84fa94-04c1-424b-9868-57a2d4851a1d" relativeResultsDirectory="b7202766-7258-442b-a664-0f0d19b7d85d" />
    <UnitTestResult executionId="d9ffb548-35f8-4f98-9475-2482d8da5992" testId="ef24937d-bb3b-6212-493a-707278fc9a24" testName="EvaluateTimeProfileTest1" computerName="DKSR-EFI-06" duration="00:00:00.0009379" startTime="2024-01-09T15:41:28.4038060+01:00" endTime="2024-01-09T15:41:28.4038060+01:00" testType="13cdc9d9-ddb5-4fa4-a97d-d965ccfc6d4b" outcome="Passed" testListId="8c84fa94-04c1-424b-9868-57a2d4851a1d" relativeResultsDirectory="d9ffb548-35f8-4f98-9475-2482d8da5992" />
    <UnitTestResult executionId="f26d2f3c-fd45-405b-a1d9-d106b3e5e584" testId="804f4fc3-d0a2-b740-a910-cc6fed260944" testName="GetSunriseSunsetAppointmentTestHonolulu21DecUtcTimeZone" computerName="DKSR-EFI-06" duration="00:00:00.0004073" startTime="2024-01-09T15:41:28.8569355+01:00" endTime="2024-01-09T15:41:28.8569355+01:00" testType="13cdc9d9-ddb5-4fa4-a97d-d965ccfc6d4b" outcome="Passed" testListId="8c84fa94-04c1-424b-9868-57a2d4851a1d" relativeResultsDirectory="f26d2f3c-fd45-405b-a1d9-d106b3e5e584" />
    <UnitTestResult executionId="1d261ed6-e616-4860-8c6f-902644ddf3bd" testId="fd7a60c2-3c0f-f336-7940-73c37084afba" testName="CalculateSunriseSunsetWilliamTestKiruna23SeptemberSunrise" computerName="DKSR-EFI-06" duration="00:00:00.0001973" startTime="2024-01-09T15:41:28.7475602+01:00" endTime="2024-01-09T15:41:28.7475602+01:00" testType="13cdc9d9-ddb5-4fa4-a97d-d965ccfc6d4b" outcome="Passed" testListId="8c84fa94-04c1-424b-9868-57a2d4851a1d" relativeResultsDirectory="1d261ed6-e616-4860-8c6f-902644ddf3bd" />
    <UnitTestResult executionId="10eb1e3f-f741-471b-bc32-db4da9055bf1" testId="ee934518-f88b-4f82-78eb-55d1cfe6d346" testName="GetSunriseSunsetAppointmentTestHonolulu21DecPlus10TimeZone" computerName="DKSR-EFI-06" duration="00:00:00.0006185" startTime="2024-01-09T15:41:28.8569355+01:00" endTime="2024-01-09T15:41:28.8569355+01:00" testType="13cdc9d9-ddb5-4fa4-a97d-d965ccfc6d4b" outcome="Passed" testListId="8c84fa94-04c1-424b-9868-57a2d4851a1d" relativeResultsDirectory="10eb1e3f-f741-471b-bc32-db4da9055bf1" />
    <UnitTestResult executionId="342fc6cc-a92b-498f-968b-5117cb900878" testId="095d4b2b-cce6-1f84-f40e-8ae3dd049e09" testName="TimeProfileInfragisticEvaluator102Constructor1Test" computerName="DKSR-EFI-06" duration="00:00:00.0044681" startTime="2024-01-09T15:41:27.2006678+01:00" endTime="2024-01-09T15:41:27.2006678+01:00" testType="13cdc9d9-ddb5-4fa4-a97d-d965ccfc6d4b" outcome="Passed" testListId="8c84fa94-04c1-424b-9868-57a2d4851a1d" relativeResultsDirectory="342fc6cc-a92b-498f-968b-5117cb900878" />
    <UnitTestResult executionId="3fa84d4c-387c-4e36-b9db-6b8fd29e3f59" testId="a0ee2ea9-2a17-f5f6-c934-29057f3b851f" testName="GpsParserTestInvalidDirectionIn4Block" computerName="DKSR-EFI-06" duration="00:00:00.0005949" startTime="2024-01-09T15:41:09.7162788+01:00" endTime="2024-01-09T15:41:09.7162788+01:00" testType="13cdc9d9-ddb5-4fa4-a97d-d965ccfc6d4b" outcome="Passed" testListId="8c84fa94-04c1-424b-9868-57a2d4851a1d" relativeResultsDirectory="3fa84d4c-387c-4e36-b9db-6b8fd29e3f59" />
    <UnitTestResult executionId="61aa069d-8af2-4b39-9c56-3c569ccfd9a3" testId="f47bbbad-31f5-d80c-ab40-281838af2dad" testName="ConvertGpsValueTestInvalidDoubleString5" computerName="DKSR-EFI-06" duration="00:00:00.0005629" startTime="2024-01-09T15:41:09.6537778+01:00" endTime="2024-01-09T15:41:09.6537778+01:00" testType="13cdc9d9-ddb5-4fa4-a97d-d965ccfc6d4b" outcome="Passed" testListId="8c84fa94-04c1-424b-9868-57a2d4851a1d" relativeResultsDirectory="61aa069d-8af2-4b39-9c56-3c569ccfd9a3" />
    <UnitTestResult executionId="b559d24d-8699-40b4-9083-9b185a2e2c5a" testId="de474cff-fb3d-5082-ec6a-4a5b47745a79" testName="TimeProfileInfragisticEvaluator102Constructor8Test" computerName="DKSR-EFI-06" duration="00:00:00.0054653" startTime="2024-01-09T15:41:27.2480252+01:00" endTime="2024-01-09T15:41:27.2631675+01:00" testType="13cdc9d9-ddb5-4fa4-a97d-d965ccfc6d4b" outcome="Passed" testListId="8c84fa94-04c1-424b-9868-57a2d4851a1d" relativeResultsDirectory="b559d24d-8699-40b4-9083-9b185a2e2c5a" />
    <UnitTestResult executionId="11133c27-7d7b-45c0-8d92-a11184350da9" testId="81e71977-ba7a-13a9-9eac-14f563fb74b7" testName="FromXmlNullTest" computerName="DKSR-EFI-06" duration="00:00:00.0005695" startTime="2024-01-09T15:41:28.5288062+01:00" endTime="2024-01-09T15:41:28.5288062+01:00" testType="13cdc9d9-ddb5-4fa4-a97d-d965ccfc6d4b" outcome="Passed" testListId="8c84fa94-04c1-424b-9868-57a2d4851a1d" relativeResultsDirectory="11133c27-7d7b-45c0-8d92-a11184350da9" />
    <UnitTestResult executionId="5c8c2794-e6b4-4924-97d6-2016a0fd2403" testId="55bca526-b7ba-2363-fd1f-ab4d049d6012" testName="GpsParserTestInvalidNorthMinusCombincation" computerName="DKSR-EFI-06" duration="00:00:00.0006402" startTime="2024-01-09T15:41:09.7006526+01:00" endTime="2024-01-09T15:41:09.7006526+01:00" testType="13cdc9d9-ddb5-4fa4-a97d-d965ccfc6d4b" outcome="Passed" testListId="8c84fa94-04c1-424b-9868-57a2d4851a1d" relativeResultsDirectory="5c8c2794-e6b4-4924-97d6-2016a0fd2403" />
    <UnitTestResult executionId="7175e5e3-0105-48e8-ba24-9b08a6046874" testId="54894bef-65f5-4829-77be-a62e9c07f499" testName="TimeProfileInfragisticEvaluator102Constructor5Test" computerName="DKSR-EFI-06" duration="00:00:00.0058011" startTime="2024-01-09T15:41:27.2319171+01:00" endTime="2024-01-09T15:41:27.2319171+01:00" testType="13cdc9d9-ddb5-4fa4-a97d-d965ccfc6d4b" outcome="Passed" testListId="8c84fa94-04c1-424b-9868-57a2d4851a1d" relativeResultsDirectory="7175e5e3-0105-48e8-ba24-9b08a6046874" />
    <UnitTestResult executionId="39e2242c-ecd1-49e4-be08-7a826bca0baa" testId="e266aca6-12c4-4794-ebf1-78c48214ff86" testName="CalculateSunriseSunsetWilliamTestArctic21JunSunset" computerName="DKSR-EFI-06" duration="00:00:00.0002398" startTime="2024-01-09T15:41:28.7944330+01:00" endTime="2024-01-09T15:41:28.7944330+01:00" testType="13cdc9d9-ddb5-4fa4-a97d-d965ccfc6d4b" outcome="Passed" testListId="8c84fa94-04c1-424b-9868-57a2d4851a1d" relativeResultsDirectory="39e2242c-ecd1-49e4-be08-7a826bca0baa" />
    <UnitTestResult executionId="3c19668f-d345-4b9d-b941-584fdf261095" testId="358000cb-196f-bac1-0b7d-59006980282b" testName="GpsParserTestInvalidDoubleLatitude" computerName="DKSR-EFI-06" duration="00:00:00.0007390" startTime="2024-01-09T15:41:09.7162788+01:00" endTime="2024-01-09T15:41:09.7162788+01:00" testType="13cdc9d9-ddb5-4fa4-a97d-d965ccfc6d4b" outcome="Passed" testListId="8c84fa94-04c1-424b-9868-57a2d4851a1d" relativeResultsDirectory="3c19668f-d345-4b9d-b941-584fdf261095" />
    <UnitTestResult executionId="5812ed13-9f77-4aef-a18a-0fac5e2b63fa" testId="ba27d664-4fbc-7ea8-4008-651f9f54ab06" testName="FromXmlTest" computerName="DKSR-EFI-06" duration="00:00:00.0011818" startTime="2024-01-09T15:41:28.4506829+01:00" endTime="2024-01-09T15:41:28.4506829+01:00" testType="13cdc9d9-ddb5-4fa4-a97d-d965ccfc6d4b" outcome="Passed" testListId="8c84fa94-04c1-424b-9868-57a2d4851a1d" relativeResultsDirectory="5812ed13-9f77-4aef-a18a-0fac5e2b63fa" />
    <UnitTestResult executionId="9eb7bb0e-49a7-49bc-a855-dc807f6f4034" testId="6bad88a9-7bc6-7751-208c-c037765a1c8e" testName="TimeProfileEvaluatorConstructorTestNullDefinitionXml" computerName="DKSR-EFI-06" duration="00:00:00.0008242" startTime="2024-01-09T15:41:09.8100267+01:00" endTime="2024-01-09T15:41:09.8100267+01:00" testType="13cdc9d9-ddb5-4fa4-a97d-d965ccfc6d4b" outcome="Passed" testListId="8c84fa94-04c1-424b-9868-57a2d4851a1d" relativeResultsDirectory="9eb7bb0e-49a7-49bc-a855-dc807f6f4034" />
    <UnitTestResult executionId="9e0da857-fc52-49c7-ba84-bf94da06cece" testId="0eff09c7-ed09-6a7f-a1df-3a40eb59909d" testName="GpsParserTestInvalidLongitudeDirection" computerName="DKSR-EFI-06" duration="00:00:00.0006719" startTime="2024-01-09T15:41:09.7006526+01:00" endTime="2024-01-09T15:41:09.7162788+01:00" testType="13cdc9d9-ddb5-4fa4-a97d-d965ccfc6d4b" outcome="Passed" testListId="8c84fa94-04c1-424b-9868-57a2d4851a1d" relativeResultsDirectory="9e0da857-fc52-49c7-ba84-bf94da06cece" />
    <UnitTestResult executionId="60cf0a3c-c2f5-49ca-b8ed-aea8241da051" testId="3978e1d2-d707-6dfa-f149-013ceaebca6f" testName="CalculateSunriseSunsetWilliamTestArctic22SeptemberSunrise" computerName="DKSR-EFI-06" duration="00:00:00.0004614" startTime="2024-01-09T15:41:28.8100617+01:00" endTime="2024-01-09T15:41:28.8100617+01:00" testType="13cdc9d9-ddb5-4fa4-a97d-d965ccfc6d4b" outcome="Passed" testListId="8c84fa94-04c1-424b-9868-57a2d4851a1d" relativeResultsDirectory="60cf0a3c-c2f5-49ca-b8ed-aea8241da051" />
    <UnitTestResult executionId="5853b56e-5a3e-495a-9d29-82b05f9c8af7" testId="2bd6eedf-d0bc-f89a-867a-37532ba8eaf2" testName="TimeProfileEvaluatorConstructorTestInfragistics" computerName="DKSR-EFI-06" duration="00:00:00.2111525" startTime="2024-01-09T15:41:10.8881554+01:00" endTime="2024-01-09T15:41:11.1069062+01:00" testType="13cdc9d9-ddb5-4fa4-a97d-d965ccfc6d4b" outcome="Passed" testListId="8c84fa94-04c1-424b-9868-57a2d4851a1d" relativeResultsDirectory="5853b56e-5a3e-495a-9d29-82b05f9c8af7" />
    <UnitTestResult executionId="aadc1959-d78a-4f16-8985-3142ae9a8620" testId="04f14a5d-f309-6976-60d9-8ec2482b5ad8" testName="TimeProfileInfragisticEvaluator63Constructor10Test" computerName="DKSR-EFI-06" duration="00:00:00.0089173" startTime="2024-01-09T15:41:27.0912943+01:00" endTime="2024-01-09T15:41:27.0912943+01:00" testType="13cdc9d9-ddb5-4fa4-a97d-d965ccfc6d4b" outcome="Passed" testListId="8c84fa94-04c1-424b-9868-57a2d4851a1d" relativeResultsDirectory="aadc1959-d78a-4f16-8985-3142ae9a8620" />
    <UnitTestResult executionId="9be13cc7-71f2-4128-829d-e7905c8eb443" testId="41029b6e-f890-27b6-0572-b66db53f7bb4" testName="TimeProfileSunClockDefinitionConstructorOffSetTest" computerName="DKSR-EFI-06" duration="00:00:00.0002784" startTime="2024-01-09T15:41:28.4194309+01:00" endTime="2024-01-09T15:41:28.4194309+01:00" testType="13cdc9d9-ddb5-4fa4-a97d-d965ccfc6d4b" outcome="Passed" testListId="8c84fa94-04c1-424b-9868-57a2d4851a1d" relativeResultsDirectory="9be13cc7-71f2-4128-829d-e7905c8eb443" />
    <UnitTestResult executionId="4ed333bc-a360-4166-a228-cb51475ea5f8" testId="339d7429-1673-b3e4-58ba-2b04658e607e" testName="GetAppointmentsSingleInfragisticVersionTest" computerName="DKSR-EFI-06" duration="00:00:00.0132160" startTime="2024-01-09T15:41:28.3100548+01:00" endTime="2024-01-09T15:41:28.3256808+01:00" testType="13cdc9d9-ddb5-4fa4-a97d-d965ccfc6d4b" outcome="Passed" testListId="8c84fa94-04c1-424b-9868-57a2d4851a1d" relativeResultsDirectory="4ed333bc-a360-4166-a228-cb51475ea5f8" />
    <UnitTestResult executionId="e4b23802-c162-4061-ba05-efc9f8b80daf" testId="5cdf7d96-471f-5f3a-5421-35add5a204a2" testName="GetAppointmentsOverlappingTimesInfragisticVersionTest" computerName="DKSR-EFI-06" duration="00:00:00.0140340" startTime="2024-01-09T15:41:27.4819214+01:00" endTime="2024-01-09T15:41:27.4975472+01:00" testType="13cdc9d9-ddb5-4fa4-a97d-d965ccfc6d4b" outcome="Passed" testListId="8c84fa94-04c1-424b-9868-57a2d4851a1d" relativeResultsDirectory="e4b23802-c162-4061-ba05-efc9f8b80daf" />
    <UnitTestResult executionId="e25c8881-3185-4602-99c2-66f711fc25f3" testId="a9c0e9a2-5961-1ddf-83b5-960b4a859cf4" testName="GetAppointmentsRecurringWeeklyWeekendDaysInfragisticVersionTest" computerName="DKSR-EFI-06" duration="00:00:00.0534839" startTime="2024-01-09T15:41:28.1538040+01:00" endTime="2024-01-09T15:41:28.2163041+01:00" testType="13cdc9d9-ddb5-4fa4-a97d-d965ccfc6d4b" outcome="Passed" testListId="8c84fa94-04c1-424b-9868-57a2d4851a1d" relativeResultsDirectory="e25c8881-3185-4602-99c2-66f711fc25f3" />
    <UnitTestResult executionId="0fcb4e64-3343-4c31-acf2-642e27202bdb" testId="73564832-9cf0-9ebd-b70e-2a271d84dff7" testName="CalculateSunriseSunsetWilliamTestNearAntarctica20MarchSunset" computerName="DKSR-EFI-06" duration="00:00:00.0002150" startTime="2024-01-09T15:41:28.7788089+01:00" endTime="2024-01-09T15:41:28.7788089+01:00" testType="13cdc9d9-ddb5-4fa4-a97d-d965ccfc6d4b" outcome="Passed" testListId="8c84fa94-04c1-424b-9868-57a2d4851a1d" relativeResultsDirectory="0fcb4e64-3343-4c31-acf2-642e27202bdb" />
    <UnitTestResult executionId="39a6a710-7f81-4719-a9e5-b7773547c0a2" testId="949e9cf3-3a05-5e1d-30ef-8137d4cd86af" testName="ConvertGpsValueTestIndex0Length3" computerName="DKSR-EFI-06" duration="00:00:00.0001653" startTime="2024-01-09T15:41:09.6069031+01:00" endTime="2024-01-09T15:41:09.6069031+01:00" testType="13cdc9d9-ddb5-4fa4-a97d-d965ccfc6d4b" outcome="Passed" testListId="8c84fa94-04c1-424b-9868-57a2d4851a1d" relativeResultsDirectory="39a6a710-7f81-4719-a9e5-b7773547c0a2" />
    <UnitTestResult executionId="ce1bd3bf-31e0-4438-b77e-24c7062435ea" testId="92d2145c-cef0-3ac9-b908-48f12faae074" testName="EvaluateTimeTestSunClockIncorrectGpsCoordinate" computerName="DKSR-EFI-06" duration="00:00:00.0007419" startTime="2024-01-09T15:41:11.3412825+01:00" endTime="2024-01-09T15:41:11.3412825+01:00" testType="13cdc9d9-ddb5-4fa4-a97d-d965ccfc6d4b" outcome="Passed" testListId="8c84fa94-04c1-424b-9868-57a2d4851a1d" relativeResultsDirectory="ce1bd3bf-31e0-4438-b77e-24c7062435ea" />
    <UnitTestResult executionId="a64d61e5-4cbb-41d1-bec0-264cd5886866" testId="c3f48089-be82-548e-c95e-1862efaa0dbc" testName="GpsParserTestMissingBlockSeparator" computerName="DKSR-EFI-06" duration="00:00:00.0005775" startTime="2024-01-09T15:41:09.7006526+01:00" endTime="2024-01-09T15:41:09.7006526+01:00" testType="13cdc9d9-ddb5-4fa4-a97d-d965ccfc6d4b" outcome="Passed" testListId="8c84fa94-04c1-424b-9868-57a2d4851a1d" relativeResultsDirectory="a64d61e5-4cbb-41d1-bec0-264cd5886866" />
    <UnitTestResult executionId="eb863db0-95ad-4faf-aa1c-9d0f3a89fd82" testId="43094f70-38f6-8c2b-3a4a-e253ef315164" testName="TimeProfileInfragisticEvaluator102Constructor11Test" computerName="DKSR-EFI-06" duration="00:00:00.0053376" startTime="2024-01-09T15:41:27.2787930+01:00" endTime="2024-01-09T15:41:27.2787930+01:00" testType="13cdc9d9-ddb5-4fa4-a97d-d965ccfc6d4b" outcome="Passed" testListId="8c84fa94-04c1-424b-9868-57a2d4851a1d" relativeResultsDirectory="eb863db0-95ad-4faf-aa1c-9d0f3a89fd82" />
    <UnitTestResult executionId="9792e120-737a-4579-a1c5-37b09ca0cb5c" testId="2e0ece2a-8575-b249-0018-6bfc3fe6fa90" testName="CalculateSunriseSunsetWilliamTestKiruna21JunSunrise" computerName="DKSR-EFI-06" duration="00:00:00.0002072" startTime="2024-01-09T15:41:28.7475602+01:00" endTime="2024-01-09T15:41:28.7475602+01:00" testType="13cdc9d9-ddb5-4fa4-a97d-d965ccfc6d4b" outcome="Passed" testListId="8c84fa94-04c1-424b-9868-57a2d4851a1d" relativeResultsDirectory="9792e120-737a-4579-a1c5-37b09ca0cb5c" />
    <UnitTestResult executionId="237050a1-b7f8-442e-963b-cdda54f83e18" testId="3a293231-a135-e6b6-bc64-04db82561820" testName="ConvertGpsValueTestIndex1Length3" computerName="DKSR-EFI-06" duration="00:00:00.0001655" startTime="2024-01-09T15:41:09.6069031+01:00" endTime="2024-01-09T15:41:09.6069031+01:00" testType="13cdc9d9-ddb5-4fa4-a97d-d965ccfc6d4b" outcome="Passed" testListId="8c84fa94-04c1-424b-9868-57a2d4851a1d" relativeResultsDirectory="237050a1-b7f8-442e-963b-cdda54f83e18" />
    <UnitTestResult executionId="1f2cd7ff-4d48-4797-9370-d8c614a1c3ee" testId="083d634b-dce6-e332-0e35-3195e8cdda0e" testName="GPSCoordinateConstructorTest" computerName="DKSR-EFI-06" duration="00:00:00.2024632" startTime="2024-01-09T15:41:08.8881506+01:00" endTime="2024-01-09T15:41:09.4819004+01:00" testType="13cdc9d9-ddb5-4fa4-a97d-d965ccfc6d4b" outcome="Passed" testListId="8c84fa94-04c1-424b-9868-57a2d4851a1d" relativeResultsDirectory="1f2cd7ff-4d48-4797-9370-d8c614a1c3ee" />
    <UnitTestResult executionId="2abd2558-2d56-48bf-afe0-2ce67464e258" testId="6e853792-16ec-6e2a-3c29-060b9840d194" testName="FromXmlInvalidXmlMissingSectionTimeZoneTest" computerName="DKSR-EFI-06" duration="00:00:00.0009020" startTime="2024-01-09T15:41:28.5600564+01:00" endTime="2024-01-09T15:41:28.5600564+01:00" testType="13cdc9d9-ddb5-4fa4-a97d-d965ccfc6d4b" outcome="Passed" testListId="8c84fa94-04c1-424b-9868-57a2d4851a1d" relativeResultsDirectory="2abd2558-2d56-48bf-afe0-2ce67464e258" />
    <UnitTestResult executionId="576c82f0-55bf-476c-87f0-a8f158b4ca95" testId="5c500371-03a7-3df6-6cee-0cbfe6113b8e" testName="CalculateSunriseSunsetWilliamTestKiruna23SeptemberSunset" computerName="DKSR-EFI-06" duration="00:00:00.0001943" startTime="2024-01-09T15:41:28.7631833+01:00" endTime="2024-01-09T15:41:28.7631833+01:00" testType="13cdc9d9-ddb5-4fa4-a97d-d965ccfc6d4b" outcome="Passed" testListId="8c84fa94-04c1-424b-9868-57a2d4851a1d" relativeResultsDirectory="576c82f0-55bf-476c-87f0-a8f158b4ca95" />
    <UnitTestResult executionId="90d20ca5-f5c0-482e-bdce-944b303cc7b2" testId="a327d52c-d003-cce8-82e0-9dc076807253" testName="GetAppointmentsRecurringWeeklyWeekendDaysTest" computerName="DKSR-EFI-06" duration="00:00:00.0270372" startTime="2024-01-09T15:41:28.1225525+01:00" endTime="2024-01-09T15:41:28.1538040+01:00" testType="13cdc9d9-ddb5-4fa4-a97d-d965ccfc6d4b" outcome="Passed" testListId="8c84fa94-04c1-424b-9868-57a2d4851a1d" relativeResultsDirectory="90d20ca5-f5c0-482e-bdce-944b303cc7b2" />
    <UnitTestResult executionId="cc455673-4045-4fba-a80d-ff66ae485539" testId="0d991111-f122-b1c3-5f4b-5941a4f1b74c" testName="TimeProfileSunClockEvaluatorConstructorTestObjectNull" computerName="DKSR-EFI-06" duration="00:00:00.0005929" startTime="2024-01-09T15:41:28.6694322+01:00" endTime="2024-01-09T15:41:28.6694322+01:00" testType="13cdc9d9-ddb5-4fa4-a97d-d965ccfc6d4b" outcome="Passed" testListId="8c84fa94-04c1-424b-9868-57a2d4851a1d" relativeResultsDirectory="cc455673-4045-4fba-a80d-ff66ae485539" />
    <UnitTestResult executionId="19cc15da-42f6-465c-afc4-372001b59f65" testId="aa5d89f5-37a0-70b8-faf1-eeb785ab149a" testName="GetAppointmentsSingleInfragisticDifferentTimeZoneVersionTest" computerName="DKSR-EFI-06" duration="00:00:00.0122323" startTime="2024-01-09T15:41:28.3413055+01:00" endTime="2024-01-09T15:41:28.3413055+01:00" testType="13cdc9d9-ddb5-4fa4-a97d-d965ccfc6d4b" outcome="Passed" testListId="8c84fa94-04c1-424b-9868-57a2d4851a1d" relativeResultsDirectory="19cc15da-42f6-465c-afc4-372001b59f65" />
    <UnitTestResult executionId="2514a456-7a47-4282-898e-d3becae0108f" testId="67559dbb-c13d-768c-ecc0-b39c7c069a70" testName="TimeProfileSunClockDefinitionConstructorTimeZoneIdTest" computerName="DKSR-EFI-06" duration="00:00:00.0003342" startTime="2024-01-09T15:41:28.4350549+01:00" endTime="2024-01-09T15:41:28.4350549+01:00" testType="13cdc9d9-ddb5-4fa4-a97d-d965ccfc6d4b" outcome="Passed" testListId="8c84fa94-04c1-424b-9868-57a2d4851a1d" relativeResultsDirectory="2514a456-7a47-4282-898e-d3becae0108f" />
    <UnitTestResult executionId="1dbc6a20-c4c0-42fa-abcc-be9d945f0138" testId="a9c2fd0f-5ab3-1b0c-c2b5-df97515680ed" testName="CalculateSunriseSunsetWilliamTestDaresSalaam21JunSunrise" computerName="DKSR-EFI-06" duration="00:00:00.0001844" startTime="2024-01-09T15:41:28.7163079+01:00" endTime="2024-01-09T15:41:28.7163079+01:00" testType="13cdc9d9-ddb5-4fa4-a97d-d965ccfc6d4b" outcome="Passed" testListId="8c84fa94-04c1-424b-9868-57a2d4851a1d" relativeResultsDirectory="1dbc6a20-c4c0-42fa-abcc-be9d945f0138" />
    <UnitTestResult executionId="d36273f2-f5ca-442b-9148-4379da605adb" testId="39a6745d-dcb1-8821-532a-08343e75e547" testName="GpsParserTestInvalid7Blocks" computerName="DKSR-EFI-06" duration="00:00:00.0008522" startTime="2024-01-09T15:41:09.7162788+01:00" endTime="2024-01-09T15:41:09.7162788+01:00" testType="13cdc9d9-ddb5-4fa4-a97d-d965ccfc6d4b" outcome="Passed" testListId="8c84fa94-04c1-424b-9868-57a2d4851a1d" relativeResultsDirectory="d36273f2-f5ca-442b-9148-4379da605adb" />
    <UnitTestResult executionId="0d8da897-6cbb-4f2b-a1f1-fd87b4c18ec0" testId="7a068263-9a2a-78ce-e607-d5291f4c3e6e" testName="GetAppointmentsTestKiruna10DecMinus10TimeZone" computerName="DKSR-EFI-06" duration="00:00:00.0008337" startTime="2024-01-09T15:41:28.9194363+01:00" endTime="2024-01-09T15:41:28.9194363+01:00" testType="13cdc9d9-ddb5-4fa4-a97d-d965ccfc6d4b" outcome="Passed" testListId="8c84fa94-04c1-424b-9868-57a2d4851a1d" relativeResultsDirectory="0d8da897-6cbb-4f2b-a1f1-fd87b4c18ec0" />
    <UnitTestResult executionId="7274dd6b-cda2-4235-9ef9-bead16b02e91" testId="e4becce1-a999-1d7b-6d53-522ef1dd078b" testName="TimeProfileSunClockEvaluatorConstructorTestDefinition" computerName="DKSR-EFI-06" duration="00:00:00.0008537" startTime="2024-01-09T15:41:28.6538087+01:00" endTime="2024-01-09T15:41:28.6538087+01:00" testType="13cdc9d9-ddb5-4fa4-a97d-d965ccfc6d4b" outcome="Passed" testListId="8c84fa94-04c1-424b-9868-57a2d4851a1d" relativeResultsDirectory="7274dd6b-cda2-4235-9ef9-bead16b02e91" />
    <UnitTestResult executionId="a25e13a4-7ad8-499f-968a-dd369690cf8a" testId="4083657a-35fc-23d3-f30b-543b23dba053" testName="TimeProfileInfragisticEvaluatorConstructorArgumentInvalid1Test" computerName="DKSR-EFI-06" duration="00:00:00.0007866" startTime="2024-01-09T15:41:26.9819185+01:00" endTime="2024-01-09T15:41:26.9819185+01:00" testType="13cdc9d9-ddb5-4fa4-a97d-d965ccfc6d4b" outcome="Passed" testListId="8c84fa94-04c1-424b-9868-57a2d4851a1d" relativeResultsDirectory="a25e13a4-7ad8-499f-968a-dd369690cf8a" />
    <UnitTestResult executionId="cd897879-0b62-4700-a49d-8cde9d3c58af" testId="ea75c473-eaea-ecb6-5c82-6a1710b38a60" testName="CheckAllXml_Infragistics_6_3" computerName="DKSR-EFI-06" duration="00:00:07.2156390" startTime="2024-01-09T15:41:19.7475400+01:00" endTime="2024-01-09T15:41:26.9662938+01:00" testType="13cdc9d9-ddb5-4fa4-a97d-d965ccfc6d4b" outcome="Passed" testListId="8c84fa94-04c1-424b-9868-57a2d4851a1d" relativeResultsDirectory="cd897879-0b62-4700-a49d-8cde9d3c58af">
      <Output>
        <StdOut>Debug Trace:&#xD;
TimeProfile test for: Infragistic XML samples\Infragistic 6.3\AllDayEvent_2011-02-16.xml&#xD;
Appointments Starting:  AP1: 2/15/2011 11:00:00 PM has no match with AP2Appointments Covering from 2011-02-15 23:00.00, until before 2011-02-16 22:59.00&#xD;
OK : In-Range=1440, Out-of-Range=84960&#xD;
TimeProfile test for: Infragistic XML samples\Infragistic 6.3\AllDayEvent_2011-02-16_to_2011-02-17.xml&#xD;
Appointments Starting:  AP1: 2/15/2011 11:00:00 PM has no match with AP2Appointments Covering from 2011-02-15 23:00.00, until before 2011-02-17 22:59.00&#xD;
OK : In-Range=2880, Out-of-Range=83520&#xD;
TimeProfile test for: Infragistic XML samples\Infragistic 6.3\NoTime.xml&#xD;
OK : In-Range=0, Out-of-Range=86400&#xD;
TimeProfile test for: Infragistic XML samples\Infragistic 6.3\OverlappingTimes_2011-02-16_09.00_to_10.00_and_09.30_to_10.30.xml&#xD;
Appointments Starting:  AP1: 2/16/2011 8:00:00 AM has no match with AP2Appointments Covering from 2011-02-16 08:00.00, until before 2011-02-16 09:30.00&#xD;
OK : In-Range=91, Out-of-Range=86309&#xD;
TimeProfile test for: Infragistic XML samples\Infragistic 6.3\Recurring_2011-02-16_09.00_to_09.30_daily_10occurrences.xml&#xD;
Appointments Starting:  AP1: 2/16/2011 8:00:00 AM has no match with AP2Appointments Covering from 2011-02-16 08:00.00, until before 2011-02-16 08:30.00&#xD;
Appointments Starting:  AP1: 2/17/2011 8:00:00 AM has no match with AP2Appointments Covering from 2011-02-17 08:00.00, until before 2011-02-17 08:30.00&#xD;
Appointments Starting:  AP1: 2/18/2011 8:00:00 AM has no match with AP2Appointments Covering from 2011-02-18 08:00.00, until before 2011-02-18 08:30.00&#xD;
Appointments Starting:  AP1: 2/19/2011 8:00:00 AM has no match with AP2Appointments Covering from 2011-02-19 08:00.00, until before 2011-02-19 08:30.00&#xD;
Appointments Starting:  AP1: 2/20/2011 8:00:00 AM has no match with AP2Appointments Covering from 2011-02-20 08:00.00, until before 2011-02-20 08:30.00&#xD;
Appointments Starting:  AP1: 2/21/2011 8:00:00 AM has no match with AP2Appointments Covering from 2011-02-21 08:00.00, until before 2011-02-21 08:30.00&#xD;
Appointments Starting:  AP1: 2/22/2011 8:00:00 AM has no match with AP2Appointments Covering from 2011-02-22 08:00.00, until before 2011-02-22 08:30.00&#xD;
Appointments Starting:  AP1: 2/23/2011 8:00:00 AM has no match with AP2Appointments Covering from 2011-02-23 08:00.00, until before 2011-02-23 08:30.00&#xD;
Appointments Starting:  AP1: 2/24/2011 8:00:00 AM has no match with AP2Appointments Covering from 2011-02-24 08:00.00, until before 2011-02-24 08:30.00&#xD;
Appointments Starting:  AP1: 2/25/2011 8:00:00 AM has no match with AP2Appointments Covering from 2011-02-25 08:00.00, until before 2011-02-25 08:30.00&#xD;
OK : In-Range=310, Out-of-Range=86090&#xD;
TimeProfile test for: Infragistic XML samples\Infragistic 6.3\Recurring_2011-02-16_09.00_to_09.30_daily_2days.xml&#xD;
Appointments Starting:  AP1: 2/16/2011 8:00:00 AM has no match with AP2Appointments Covering from 2011-02-16 08:00.00, until before 2011-02-16 08:30.00&#xD;
Appointments Starting:  AP1: 2/18/2011 8:00:00 AM has no match with AP2Appointments Covering from 2011-02-18 08:00.00, until before 2011-02-18 08:30.00&#xD;
Appointments Starting:  AP1: 2/20/2011 8:00:00 AM has no match with AP2Appointments Covering from 2011-02-20 08:00.00, until before 2011-02-20 08:30.00&#xD;
Appointments Starting:  AP1: 2/22/2011 8:00:00 AM has no match with AP2Appointments Covering from 2011-02-22 08:00.00, until before 2011-02-22 08:30.00&#xD;
Appointments Starting:  AP1: 2/24/2011 8:00:00 AM has no match with AP2Appointments Covering from 2011-02-24 08:00.00, until before 2011-02-24 08:30.00&#xD;
Appointments Starting:  AP1: 2/26/2011 8:00:00 AM has no match with AP2Appointments Covering from 2011-02-26 08:00.00, until before 2011-02-26 08:30.00&#xD;
Appointments Starting:  AP1: 2/28/2011 8:00:00 AM has no match with AP2Appointments Covering from 2011-02-28 08:00.00, until before 2011-02-28 08:30.00&#xD;
Appointments Starting:  AP1: 3/2/2011 8:00:00 AM has no match with AP2Appointments Covering from 2011-03-02 08:00.00, until before 2011-03-02 08:30.00&#xD;
Appointments Starting:  AP1: 3/4/2011 8:00:00 AM has no match with AP2Appointments Covering from 2011-03-04 08:00.00, until before 2011-03-04 08:30.00&#xD;
Appointments Starting:  AP1: 3/6/2011 8:00:00 AM has no match with AP2Appointments Covering from 2011-03-06 08:00.00, until before 2011-03-06 08:30.00&#xD;
Appointments Starting:  AP1: 3/8/2011 8:00:00 AM has no match with AP2Appointments Covering from 2011-03-08 08:00.00, until before 2011-03-08 08:30.00&#xD;
Appointments Starting:  AP1: 3/10/2011 8:00:00 AM has no match with AP2Appointments Covering from 2011-03-10 08:00.00, until before 2011-03-10 08:30.00&#xD;
Appointments Starting:  AP1: 3/12/2011 8:00:00 AM has no match with AP2Appointments Covering from 2011-03-12 08:00.00, until before 2011-03-12 08:30.00&#xD;
Appointments Starting:  AP1: 3/14/2011 8:00:00 AM has no match with AP2Appointments Covering from 2011-03-14 08:00.00, until before 2011-03-14 08:30.00&#xD;
Appointments Starting:  AP1: 3/16/2011 8:00:00 AM has no match with AP2Appointments Covering from 2011-03-16 08:00.00, until before 2011-03-16 08:30.00&#xD;
Appointments Starting:  AP1: 3/18/2011 8:00:00 AM has no match with AP2Appointments Covering from 2011-03-18 08:00.00, until before 2011-03-18 08:30.00&#xD;
Appointments Starting:  AP1: 3/20/2011 8:00:00 AM has no match with AP2Appointments Covering from 2011-03-20 08:00.00, until before 2011-03-20 08:30.00&#xD;
Appointments Starting:  AP1: 3/22/2011 8:00:00 AM has no match with AP2Appointments Covering from 2011-03-22 08:00.00, until before 2011-03-22 08:30.00&#xD;
Appointments Starting:  AP1: 3/24/2011 8:00:00 AM has no match with AP2Appointments Covering from 2011-03-24 08:00.00, until before 2011-03-24 08:30.00&#xD;
Appointments Starting:  AP1: 3/26/2011 8:00:00 AM has no match with AP2Appointments Covering from 2011-03-26 08:00.00, until before 2011-03-26 08:30.00&#xD;
Appointments Starting:  AP1: 3/28/2011 7:00:00 AM has no match with AP2Appointments Covering from 2011-03-28 07:00.00, until before 2011-03-28 07:30.00&#xD;
Appointments Starting:  AP1: 3/30/2011 7:00:00 AM has no match with AP2Appointments Covering from 2011-03-30 07:00.00, until before 2011-03-30 07:30.00&#xD;
Appointments Starting:  AP1: 4/1/2011 7:00:00 AM has no match with AP2Appointments Covering from 2011-04-01 07:00.00, until before 2011-04-01 07:30.00&#xD;
OK : In-Range=713, Out-of-Range=85687&#xD;
TimeProfile test for: Infragistic XML samples\Infragistic 6.3\Recurring_2011-02-16_09.00_to_09.30_daily_2weekdays.xml&#xD;
Appointments Starting:  AP1: 2/16/2011 8:00:00 AM has no match with AP2Appointments Covering from 2011-02-16 08:00.00, until before 2011-02-16 08:30.00&#xD;
Appointments Starting:  AP1: 2/18/2011 8:00:00 AM has no match with AP2Appointments Covering from 2011-02-18 08:00.00, until before 2011-02-18 08:30.00&#xD;
Appointments Starting:  AP1: 2/22/2011 8:00:00 AM has no match with AP2Appointments Covering from 2011-02-22 08:00.00, until before 2011-02-22 08:30.00&#xD;
Appointments Starting:  AP1: 2/24/2011 8:00:00 AM has no match with AP2Appointments Covering from 2011-02-24 08:00.00, until before 2011-02-24 08:30.00&#xD;
Appointments Starting:  AP1: 2/28/2011 8:00:00 AM has no match with AP2Appointments Covering from 2011-02-28 08:00.00, until before 2011-02-28 08:30.00&#xD;
Appointments Starting:  AP1: 3/2/2011 8:00:00 AM has no match with AP2Appointments Covering from 2011-03-02 08:00.00, until before 2011-03-02 08:30.00&#xD;
Appointments Starting:  AP1: 3/4/2011 8:00:00 AM has no match with AP2Appointments Covering from 2011-03-04 08:00.00, until before 2011-03-04 08:30.00&#xD;
Appointments Starting:  AP1: 3/8/2011 8:00:00 AM has no match with AP2Appointments Covering from 2011-03-08 08:00.00, until before 2011-03-08 08:30.00&#xD;
Appointments Starting:  AP1: 3/10/2011 8:00:00 AM has no match with AP2Appointments Covering from 2011-03-10 08:00.00, until before 2011-03-10 08:30.00&#xD;
Appointments Starting:  AP1: 3/14/2011 8:00:00 AM has no match with AP2Appointments Covering from 2011-03-14 08:00.00, until before 2011-03-14 08:30.00&#xD;
Appointments Starting:  AP1: 3/16/2011 8:00:00 AM has no match with AP2Appointments Covering from 2011-03-16 08:00.00, until before 2011-03-16 08:30.00&#xD;
Appointments Starting:  AP1: 3/18/2011 8:00:00 AM has no match with AP2Appointments Covering from 2011-03-18 08:00.00, until before 2011-03-18 08:30.00&#xD;
Appointments Starting:  AP1: 3/22/2011 8:00:00 AM has no match with AP2Appointments Covering from 2011-03-22 08:00.00, until before 2011-03-22 08:30.00&#xD;
Appointments Starting:  AP1: 3/24/2011 8:00:00 AM has no match with AP2Appointments Covering from 2011-03-24 08:00.00, until before 2011-03-24 08:30.00&#xD;
Appointments Starting:  AP1: 3/28/2011 7:00:00 AM has no match with AP2Appointments Covering from 2011-03-28 07:00.00, until before 2011-03-28 07:30.00&#xD;
Appointments Starting:  AP1: 3/30/2011 7:00:00 AM has no match with AP2Appointments Covering from 2011-03-30 07:00.00, until before 2011-03-30 07:30.00&#xD;
Appointments Starting:  AP1: 4/1/2011 7:00:00 AM has no match with AP2Appointments Covering from 2011-04-01 07:00.00, until before 2011-04-01 07:30.00&#xD;
OK : In-Range=527, Out-of-Range=85873&#xD;
TimeProfile test for: Infragistic XML samples\Infragistic 6.3\Recurring_2011-02-16_09.00_to_09.30_daily_to_2011-02-25.xml&#xD;
Appointments Starting:  AP1: 2/16/2011 8:00:00 AM has no match with AP2Appointments Covering from 2011-02-16 08:00.00, until before 2011-02-16 08:30.00&#xD;
Appointments Starting:  AP1: 2/17/2011 8:00:00 AM has no match with AP2Appointments Covering from 2011-02-17 08:00.00, until before 2011-02-17 08:30.00&#xD;
Appointments Starting:  AP1: 2/18/2011 8:00:00 AM has no match with AP2Appointments Covering from 2011-02-18 08:00.00, until before 2011-02-18 08:30.00&#xD;
Appointments Starting:  AP1: 2/19/2011 8:00:00 AM has no match with AP2Appointments Covering from 2011-02-19 08:00.00, until before 2011-02-19 08:30.00&#xD;
Appointments Starting:  AP1: 2/20/2011 8:00:00 AM has no match with AP2Appointments Covering from 2011-02-20 08:00.00, until before 2011-02-20 08:30.00&#xD;
Appointments Starting:  AP1: 2/21/2011 8:00:00 AM has no match with AP2Appointments Covering from 2011-02-21 08:00.00, until before 2011-02-21 08:30.00&#xD;
Appointments Starting:  AP1: 2/22/2011 8:00:00 AM has no match with AP2Appointments Covering from 2011-02-22 08:00.00, until before 2011-02-22 08:30.00&#xD;
Appointments Starting:  AP1: 2/23/2011 8:00:00 AM has no match with AP2Appointments Covering from 2011-02-23 08:00.00, until before 2011-02-23 08:30.00&#xD;
Appointments Starting:  AP1: 2/24/2011 8:00:00 AM has no match with AP2Appointments Covering from 2011-02-24 08:00.00, until before 2011-02-24 08:30.00&#xD;
Appointments Starting:  AP1: 2/25/2011 8:00:00 AM has no match with AP2Appointments Covering from 2011-02-25 08:00.00, until before 2011-02-25 08:30.00&#xD;
OK : In-Range=310, Out-of-Range=86090&#xD;
TimeProfile test for: Infragistic XML samples\Infragistic 6.3\Recurring_2011-02-16_09.00_to_09.30_daily_weekdays.xml&#xD;
Appointments Starting:  AP1: 2/16/2011 8:00:00 AM has no match with AP2Appointments Covering from 2011-02-16 08:00.00, until before 2011-02-16 08:30.00&#xD;
Appointments Starting:  AP1: 2/17/2011 8:00:00 AM has no match with AP2Appointments Covering from 2011-02-17 08:00.00, until before 2011-02-17 08:30.00&#xD;
Appointments Starting:  AP1: 2/18/2011 8:00:00 AM has no match with AP2Appointments Covering from 2011-02-18 08:00.00, until before 2011-02-18 08:30.00&#xD;
Appointments Starting:  AP1: 2/21/2011 8:00:00 AM has no match with AP2Appointments Covering from 2011-02-21 08:00.00, until before 2011-02-21 08:30.00&#xD;
Appointments Starting:  AP1: 2/22/2011 8:00:00 AM has no match with AP2Appointments Covering from 2011-02-22 08:00.00, until before 2011-02-22 08:30.00&#xD;
Appointments Starting:  AP1: 2/23/2011 8:00:00 AM has no match with AP2Appointments Covering from 2011-02-23 08:00.00, until before 2011-02-23 08:30.00&#xD;
Appointments Starting:  AP1: 2/24/2011 8:00:00 AM has no match with AP2Appointments Covering from 2011-02-24 08:00.00, until before 2011-02-24 08:30.00&#xD;
Appointments Starting:  AP1: 2/25/2011 8:00:00 AM has no match with AP2Appointments Covering from 2011-02-25 08:00.00, until before 2011-02-25 08:30.00&#xD;
Appointments Starting:  AP1: 2/28/2011 8:00:00 AM has no match with AP2Appointments Covering from 2011-02-28 08:00.00, until before 2011-02-28 08:30.00&#xD;
Appointments Starting:  AP1: 3/1/2011 8:00:00 AM has no match with AP2Appointments Covering from 2011-03-01 08:00.00, until before 2011-03-01 08:30.00&#xD;
Appointments Starting:  AP1: 3/2/2011 8:00:00 AM has no match with AP2Appointments Covering from 2011-03-02 08:00.00, until before 2011-03-02 08:30.00&#xD;
Appointments Starting:  AP1: 3/3/2011 8:00:00 AM has no match with AP2Appointments Covering from 2011-03-03 08:00.00, until before 2011-03-03 08:30.00&#xD;
Appointments Starting:  AP1: 3/4/2011 8:00:00 AM has no match with AP2Appointments Covering from 2011-03-04 08:00.00, until before 2011-03-04 08:30.00&#xD;
Appointments Starting:  AP1: 3/7/2011 8:00:00 AM has no match with AP2Appointments Covering from 2011-03-07 08:00.00, until before 2011-03-07 08:30.00&#xD;
Appointments Starting:  AP1: 3/8/2011 8:00:00 AM has no match with AP2Appointments Covering from 2011-03-08 08:00.00, until before 2011-03-08 08:30.00&#xD;
Appointments Starting:  AP1: 3/9/2011 8:00:00 AM has no match with AP2Appointments Covering from 2011-03-09 08:00.00, until before 2011-03-09 08:30.00&#xD;
Appointments Starting:  AP1: 3/10/2011 8:00:00 AM has no match with AP2Appointments Covering from 2011-03-10 08:00.00, until before 2011-03-10 08:30.00&#xD;
Appointments Starting:  AP1: 3/11/2011 8:00:00 AM has no match with AP2Appointments Covering from 2011-03-11 08:00.00, until before 2011-03-11 08:30.00&#xD;
Appointments Starting:  AP1: 3/14/2011 8:00:00 AM has no match with AP2Appointments Covering from 2011-03-14 08:00.00, until before 2011-03-14 08:30.00&#xD;
Appointments Starting:  AP1: 3/15/2011 8:00:00 AM has no match with AP2Appointments Covering from 2011-03-15 08:00.00, until before 2011-03-15 08:30.00&#xD;
Appointments Starting:  AP1: 3/16/2011 8:00:00 AM has no match with AP2Appointments Covering from 2011-03-16 08:00.00, until before 2011-03-16 08:30.00&#xD;
Appointments Starting:  AP1: 3/17/2011 8:00:00 AM has no match with AP2Appointments Covering from 2011-03-17 08:00.00, until before 2011-03-17 08:30.00&#xD;
Appointments Starting:  AP1: 3/18/2011 8:00:00 AM has no match with AP2Appointments Covering from 2011-03-18 08:00.00, until before 2011-03-18 08:30.00&#xD;
Appointments Starting:  AP1: 3/21/2011 8:00:00 AM has no match with AP2Appointments Covering from 2011-03-21 08:00.00, until before 2011-03-21 08:30.00&#xD;
Appointments Starting:  AP1: 3/22/2011 8:00:00 AM has no match with AP2Appointments Covering from 2011-03-22 08:00.00, until before 2011-03-22 08:30.00&#xD;
Appointments Starting:  AP1: 3/23/2011 8:00:00 AM has no match with AP2Appointments Covering from 2011-03-23 08:00.00, until before 2011-03-23 08:30.00&#xD;
Appointments Starting:  AP1: 3/24/2011 8:00:00 AM has no match with AP2Appointments Covering from 2011-03-24 08:00.00, until before 2011-03-24 08:30.00&#xD;
Appointments Starting:  AP1: 3/25/2011 8:00:00 AM has no match with AP2Appointments Covering from 2011-03-25 08:00.00, until before 2011-03-25 08:30.00&#xD;
Appointments Starting:  AP1: 3/28/2011 7:00:00 AM has no match with AP2Appointments Covering from 2011-03-28 07:00.00, until before 2011-03-28 07:30.00&#xD;
Appointments Starting:  AP1: 3/29/2011 7:00:00 AM has no match with AP2Appointments Covering from 2011-03-29 07:00.00, until before 2011-03-29 07:30.00&#xD;
Appointments Starting:  AP1: 3/30/2011 7:00:00 AM has no match with AP2Appointments Covering from 2011-03-30 07:00.00, until before 2011-03-30 07:30.00&#xD;
Appointments Starting:  AP1: 3/31/2011 7:00:00 AM has no match with AP2Appointments Covering from 2011-03-31 07:00.00, until before 2011-03-31 07:30.00&#xD;
Appointments Starting:  AP1: 4/1/2011 7:00:00 AM has no match with AP2Appointments Covering from 2011-04-01 07:00.00, until before 2011-04-01 07:30.00&#xD;
OK : In-Range=1023, Out-of-Range=85377&#xD;
TimeProfile test for: Infragistic XML samples\Infragistic 6.3\Recurring_2011-02-16_09.00_to_09.30_monthly_1st_day.xml&#xD;
Appointments Starting:  AP1: 3/1/2011 8:00:00 AM has no match with AP2Appointments Covering from 2011-03-01 08:00.00, until before 2011-03-01 08:30.00&#xD;
Appointments Starting:  AP1: 4/1/2011 7:00:00 AM has no match with AP2Appointments Covering from 2011-04-01 07:00.00, until before 2011-04-01 07:30.00&#xD;
OK : In-Range=62, Out-of-Range=86338&#xD;
TimeProfile test for: Infragistic XML samples\Infragistic 6.3\Recurring_2011-02-16_09.00_to_09.30_monthly_1st_monday.xml&#xD;
Appointments Starting:  AP1: 3/7/2011 8:00:00 AM has no match with AP2Appointments Covering from 2011-03-07 08:00.00, until before 2011-03-07 08:30.00&#xD;
OK : In-Range=31, Out-of-Range=86369&#xD;
TimeProfile test for: Infragistic XML samples\Infragistic 6.3\Recurring_2011-02-16_09.00_to_09.30_weekly_2wednesday.xml&#xD;
Appointments Starting:  AP1: 2/16/2011 8:00:00 AM has no match with AP2Appointments Covering from 2011-02-16 08:00.00, until before 2011-02-16 08:30.00&#xD;
Appointments Starting:  AP1: 3/2/2011 8:00:00 AM has no match with AP2Appointments Covering from 2011-03-02 08:00.00, until before 2011-03-02 08:30.00&#xD;
Appointments Starting:  AP1: 3/16/2011 8:00:00 AM has no match with AP2Appointments Covering from 2011-03-16 08:00.00, until before 2011-03-16 08:30.00&#xD;
Appointments Starting:  AP1: 3/30/2011 7:00:00 AM has no match with AP2Appointments Covering from 2011-03-30 07:00.00, until before 2011-03-30 07:30.00&#xD;
OK : In-Range=124, Out-of-Range=86276&#xD;
TimeProfile test for: Infragistic XML samples\Infragistic 6.3\Recurring_2011-02-16_09.00_to_09.30_weekly_weekends.xml&#xD;
Appointments Starting:  AP1: 2/19/2011 8:00:00 AM has no match with AP2Appointments Covering from 2011-02-19 08:00.00, until before 2011-02-19 08:30.00&#xD;
Appointments Starting:  AP1: 2/20/2011 8:00:00 AM has no match with AP2Appointments Covering from 2011-02-20 08:00.00, until before 2011-02-20 08:30.00&#xD;
Appointments Starting:  AP1: 2/26/2011 8:00:00 AM has no match with AP2Appointments Covering from 2011-02-26 08:00.00, until before 2011-02-26 08:30.00&#xD;
Appointments Starting:  AP1: 2/27/2011 8:00:00 AM has no match with AP2Appointments Covering from 2011-02-27 08:00.00, until before 2011-02-27 08:30.00&#xD;
Appointments Starting:  AP1: 3/5/2011 8:00:00 AM has no match with AP2Appointments Covering from 2011-03-05 08:00.00, until before 2011-03-05 08:30.00&#xD;
Appointments Starting:  AP1: 3/6/2011 8:00:00 AM has no match with AP2Appointments Covering from 2011-03-06 08:00.00, until before 2011-03-06 08:30.00&#xD;
Appointments Starting:  AP1: 3/12/2011 8:00:00 AM has no match with AP2Appointments Covering from 2011-03-12 08:00.00, until before 2011-03-12 08:30.00&#xD;
Appointments Starting:  AP1: 3/13/2011 8:00:00 AM has no match with AP2Appointments Covering from 2011-03-13 08:00.00, until before 2011-03-13 08:30.00&#xD;
Appointments Starting:  AP1: 3/19/2011 8:00:00 AM has no match with AP2Appointments Covering from 2011-03-19 08:00.00, until before 2011-03-19 08:30.00&#xD;
Appointments Starting:  AP1: 3/20/2011 8:00:00 AM has no match with AP2Appointments Covering from 2011-03-20 08:00.00, until before 2011-03-20 08:30.00&#xD;
Appointments Starting:  AP1: 3/26/2011 8:00:00 AM has no match with AP2Appointments Covering from 2011-03-26 08:00.00, until before 2011-03-26 08:30.00&#xD;
Appointments Starting:  AP1: 3/27/2011 7:00:00 AM has no match with AP2Appointments Covering from 2011-03-27 07:00.00, until before 2011-03-27 07:30.00&#xD;
OK : In-Range=372, Out-of-Range=86028&#xD;
TimeProfile test for: Infragistic XML samples\Infragistic 6.3\Recurring_2011-02-16_09.00_to_09.30_yearly.xml&#xD;
Appointments Starting:  AP1: 2/16/2011 8:00:00 AM has no match with AP2Appointments Covering from 2011-02-16 08:00.00, until before 2011-02-16 08:30.00&#xD;
OK : In-Range=31, Out-of-Range=86369&#xD;
TimeProfile test for: Infragistic XML samples\Infragistic 6.3\Recurring_2011-02-16_09.00_to_09.30_yearly_1st_monday_march.xml&#xD;
Appointments Starting:  AP1: 3/7/2011 8:00:00 AM has no match with AP2Appointments Covering from 2011-03-07 08:00.00, until before 2011-03-07 08:30.00&#xD;
OK : In-Range=31, Out-of-Range=86369&#xD;
TimeProfile test for: Infragistic XML samples\Infragistic 6.3\SingleTime_2011-02-16_09.00_to_09.30.xml&#xD;
Appointments Starting:  AP1: 2/16/2011 8:00:00 AM has no match with AP2Appointments Covering from 2011-02-16 08:00.00, until before 2011-02-16 08:30.00&#xD;
OK : In-Range=31, Out-of-Range=86369&#xD;
TimeProfile test for: Infragistic XML samples\Infragistic 6.3\SingleTime_2011-02-16_09.00_to_09.30_EasternTime.xml&#xD;
Appointments Starting:  AP1: 2/16/2011 8:00:00 AM has no match with AP2Appointments Covering from 2011-02-16 08:00.00, until before 2011-02-16 08:30.00&#xD;
OK : In-Range=31, Out-of-Range=86369&#xD;
TimeProfile test for: Infragistic XML samples\Infragistic 6.3\SingleTime_2011-02-16_09.00_to_2011-02-17_09.30.xml&#xD;
Appointments Starting:  AP1: 2/16/2011 8:00:00 AM has no match with AP2Appointments Covering from 2011-02-16 08:00.00, until before 2011-02-17 08:30.00&#xD;
OK : In-Range=1471, Out-of-Range=84929</StdOut>
      </Output>
    </UnitTestResult>
    <UnitTestResult executionId="3a68ae73-8483-4f14-bdbc-ea04050dfba2" testId="b866bcdd-53d2-e8cb-b4a7-59f9efce9cbd" testName="TimeProfileInfragisticEvaluator102Constructor9Test" computerName="DKSR-EFI-06" duration="00:00:00.0058028" startTime="2024-01-09T15:41:27.2631675+01:00" endTime="2024-01-09T15:41:27.2631675+01:00" testType="13cdc9d9-ddb5-4fa4-a97d-d965ccfc6d4b" outcome="Passed" testListId="8c84fa94-04c1-424b-9868-57a2d4851a1d" relativeResultsDirectory="3a68ae73-8483-4f14-bdbc-ea04050dfba2" />
    <UnitTestResult executionId="b69163eb-d1ff-4a22-ae0e-ec7fe766800a" testId="1e7065ae-78a9-18b8-43b1-9fa8fe0f3b52" testName="GetAppointmentsRecurringMonthlyFirstMondayTest" computerName="DKSR-EFI-06" duration="00:00:00.0256348" startTime="2024-01-09T15:41:27.8881768+01:00" endTime="2024-01-09T15:41:27.9194255+01:00" testType="13cdc9d9-ddb5-4fa4-a97d-d965ccfc6d4b" outcome="Passed" testListId="8c84fa94-04c1-424b-9868-57a2d4851a1d" relativeResultsDirectory="b69163eb-d1ff-4a22-ae0e-ec7fe766800a" />
    <UnitTestResult executionId="22c89006-7ffc-4507-a9db-1968436aaf21" testId="3c3627d9-1d2f-c97d-64d6-93b7939a60de" testName="SunSetOffsetOutOfRange1Test" computerName="DKSR-EFI-06" duration="00:00:00.0007025" startTime="2024-01-09T15:41:28.6069302+01:00" endTime="2024-01-09T15:41:28.6069302+01:00" testType="13cdc9d9-ddb5-4fa4-a97d-d965ccfc6d4b" outcome="Passed" testListId="8c84fa94-04c1-424b-9868-57a2d4851a1d" relativeResultsDirectory="22c89006-7ffc-4507-a9db-1968436aaf21" />
    <UnitTestResult executionId="44034ae9-d52d-40c8-aec6-2eb77dea1c00" testId="1d9cf2ef-ced8-93dc-45c5-0f7f426b5fe9" testName="TimeZoneArgumentNullTest" computerName="DKSR-EFI-06" duration="00:00:00.0007561" startTime="2024-01-09T15:41:28.6538087+01:00" endTime="2024-01-09T15:41:28.6538087+01:00" testType="13cdc9d9-ddb5-4fa4-a97d-d965ccfc6d4b" outcome="Passed" testListId="8c84fa94-04c1-424b-9868-57a2d4851a1d" relativeResultsDirectory="44034ae9-d52d-40c8-aec6-2eb77dea1c00" />
    <UnitTestResult executionId="3f5166ce-6664-403c-9654-aeae9c418063" testId="b29bda3c-315d-106d-2f5d-87d2a3f66b81" testName="TimeProfileInfragisticEvaluator63Constructor2Test" computerName="DKSR-EFI-06" duration="00:00:00.0068097" startTime="2024-01-09T15:41:26.9975434+01:00" endTime="2024-01-09T15:41:26.9975434+01:00" testType="13cdc9d9-ddb5-4fa4-a97d-d965ccfc6d4b" outcome="Passed" testListId="8c84fa94-04c1-424b-9868-57a2d4851a1d" relativeResultsDirectory="3f5166ce-6664-403c-9654-aeae9c418063" />
    <UnitTestResult executionId="66ad9534-9d64-4fd5-a260-d9d76d9220aa" testId="84b92ca8-b823-21a2-b726-bcc962734e19" testName="GetAppointmentsSingleTwoDaysInfragisticVersionTest" computerName="DKSR-EFI-06" duration="00:00:00.0134292" startTime="2024-01-09T15:41:28.3569289+01:00" endTime="2024-01-09T15:41:28.3725550+01:00" testType="13cdc9d9-ddb5-4fa4-a97d-d965ccfc6d4b" outcome="Passed" testListId="8c84fa94-04c1-424b-9868-57a2d4851a1d" relativeResultsDirectory="66ad9534-9d64-4fd5-a260-d9d76d9220aa" />
    <UnitTestResult executionId="4757ee1e-ae47-4e70-b156-9e3afbb34072" testId="18e915a3-bb2f-cf9e-e5ea-b219763b026b" testName="TimeProfileInfragisticEvaluator63Constructor5Test" computerName="DKSR-EFI-06" duration="00:00:00.0096443" startTime="2024-01-09T15:41:27.0131716+01:00" endTime="2024-01-09T15:41:27.0287958+01:00" testType="13cdc9d9-ddb5-4fa4-a97d-d965ccfc6d4b" outcome="Passed" testListId="8c84fa94-04c1-424b-9868-57a2d4851a1d" relativeResultsDirectory="4757ee1e-ae47-4e70-b156-9e3afbb34072" />
    <UnitTestResult executionId="afa6e27b-2e33-4a39-a20f-54d0e978b3c4" testId="d4d97fdb-f415-b068-d142-fdd4a28855e5" testName="GetAppointmentDurationTestSunClockCopenhagen2Appointments" computerName="DKSR-EFI-06" duration="00:00:00.0006411" startTime="2024-01-09T15:41:11.3725307+01:00" endTime="2024-01-09T15:41:11.3725307+01:00" testType="13cdc9d9-ddb5-4fa4-a97d-d965ccfc6d4b" outcome="Passed" testListId="8c84fa94-04c1-424b-9868-57a2d4851a1d" relativeResultsDirectory="afa6e27b-2e33-4a39-a20f-54d0e978b3c4" />
    <UnitTestResult executionId="42185c74-e2da-4270-9e87-4dd9da0596db" testId="9ab99abe-22b7-2b13-72e0-5bb8102b2271" testName="CalculateSunriseSunsetWilliamTestKiruna21DecSunset" computerName="DKSR-EFI-06" duration="00:00:00.0001786" startTime="2024-01-09T15:41:28.7475602+01:00" endTime="2024-01-09T15:41:28.7475602+01:00" testType="13cdc9d9-ddb5-4fa4-a97d-d965ccfc6d4b" outcome="Passed" testListId="8c84fa94-04c1-424b-9868-57a2d4851a1d" relativeResultsDirectory="42185c74-e2da-4270-9e87-4dd9da0596db" />
    <UnitTestResult executionId="99cd6900-b6ac-4284-aa85-9a7b6ee23913" testId="830c85fc-a3e4-1e5f-aa89-efa72be34f67" testName="GetSunriseSunsetAppointmentTestKiruna5DecPlus1TimeZone30MinOffset" computerName="DKSR-EFI-06" duration="00:00:00.0006064" startTime="2024-01-09T15:41:28.8881863+01:00" endTime="2024-01-09T15:41:28.8881863+01:00" testType="13cdc9d9-ddb5-4fa4-a97d-d965ccfc6d4b" outcome="Passed" testListId="8c84fa94-04c1-424b-9868-57a2d4851a1d" relativeResultsDirectory="99cd6900-b6ac-4284-aa85-9a7b6ee23913" />
    <UnitTestResult executionId="6409f42d-712c-4600-95c1-7df0a1575d8c" testId="1a52c722-6487-4957-0929-e6c34cd7a591" testName="GetAppointmentDurationTestSunClockCopenhagen1Appointment" computerName="DKSR-EFI-06" duration="00:00:00.0068774" startTime="2024-01-09T15:41:11.3569063+01:00" endTime="2024-01-09T15:41:11.3569063+01:00" testType="13cdc9d9-ddb5-4fa4-a97d-d965ccfc6d4b" outcome="Passed" testListId="8c84fa94-04c1-424b-9868-57a2d4851a1d" relativeResultsDirectory="6409f42d-712c-4600-95c1-7df0a1575d8c" />
    <UnitTestResult executionId="e2981753-2ef4-4dcb-a2e4-28e25fabe544" testId="28adb5f0-1ad8-d63e-847f-ad290bfe21c4" testName="GpsParserTest2_2BlocksReverseOrder" computerName="DKSR-EFI-06" duration="00:00:00.0003178" startTime="2024-01-09T15:41:09.6850279+01:00" endTime="2024-01-09T15:41:09.6850279+01:00" testType="13cdc9d9-ddb5-4fa4-a97d-d965ccfc6d4b" outcome="Passed" testListId="8c84fa94-04c1-424b-9868-57a2d4851a1d" relativeResultsDirectory="e2981753-2ef4-4dcb-a2e4-28e25fabe544" />
    <UnitTestResult executionId="879587f9-e791-484e-a75f-4daa251b0bca" testId="e6ad3043-e3b1-34a9-f9a2-5995e161e4e8" testName="GpsParserTestInvalidBlockSeparatorBeforeWest" computerName="DKSR-EFI-06" duration="00:00:00.0006809" startTime="2024-01-09T15:41:09.7319050+01:00" endTime="2024-01-09T15:41:09.7319050+01:00" testType="13cdc9d9-ddb5-4fa4-a97d-d965ccfc6d4b" outcome="Passed" testListId="8c84fa94-04c1-424b-9868-57a2d4851a1d" relativeResultsDirectory="879587f9-e791-484e-a75f-4daa251b0bca" />
    <UnitTestResult executionId="93e71aa5-ea3f-43fe-b495-adc54bc773fb" testId="edfc3171-b0bf-2a2c-efce-ff6caa72bd4c" testName="CalculateSunriseSunsetWilliamTestHonolulu21JunSunrise" computerName="DKSR-EFI-06" duration="00:00:00.0001923" startTime="2024-01-09T15:41:28.7163079+01:00" endTime="2024-01-09T15:41:28.7319320+01:00" testType="13cdc9d9-ddb5-4fa4-a97d-d965ccfc6d4b" outcome="Passed" testListId="8c84fa94-04c1-424b-9868-57a2d4851a1d" relativeResultsDirectory="93e71aa5-ea3f-43fe-b495-adc54bc773fb" />
    <UnitTestResult executionId="0bcc3be4-7450-42b2-b094-61c26c5ae127" testId="bbdbc22d-3b1d-24a3-e99f-39741fd777d0" testName="TimeProfileInfragisticEvaluator102Constructor3Test" computerName="DKSR-EFI-06" duration="00:00:00.0017184" startTime="2024-01-09T15:41:27.2162927+01:00" endTime="2024-01-09T15:41:27.2162927+01:00" testType="13cdc9d9-ddb5-4fa4-a97d-d965ccfc6d4b" outcome="Passed" testListId="8c84fa94-04c1-424b-9868-57a2d4851a1d" relativeResultsDirectory="0bcc3be4-7450-42b2-b094-61c26c5ae127" />
    <UnitTestResult executionId="c648bf83-d6fd-42b8-a3c6-d3addac27984" testId="b177bc47-b8ef-539c-d84b-a1d872a6b99f" testName="FromXmlTestDefaultUTCNotFound" computerName="DKSR-EFI-06" duration="00:00:00.0725714" startTime="2024-01-09T15:41:28.4663061+01:00" endTime="2024-01-09T15:41:28.5288062+01:00" testType="13cdc9d9-ddb5-4fa4-a97d-d965ccfc6d4b" outcome="Passed" testListId="8c84fa94-04c1-424b-9868-57a2d4851a1d" relativeResultsDirectory="c648bf83-d6fd-42b8-a3c6-d3addac27984" />
    <UnitTestResult executionId="b774c7ba-5a89-46ae-b3b2-821e51d38387" testId="89815a9b-061a-1121-5fe5-12b12a1ffcfc" testName="FromXmlInvalidXmlMissingSectionSunRiseOffsetTest" computerName="DKSR-EFI-06" duration="00:00:00.0007962" startTime="2024-01-09T15:41:28.5444301+01:00" endTime="2024-01-09T15:41:28.5444301+01:00" testType="13cdc9d9-ddb5-4fa4-a97d-d965ccfc6d4b" outcome="Passed" testListId="8c84fa94-04c1-424b-9868-57a2d4851a1d" relativeResultsDirectory="b774c7ba-5a89-46ae-b3b2-821e51d38387" />
    <UnitTestResult executionId="a12ee9e8-bd8f-422f-95fa-3946e3575f97" testId="ffc3ac65-704d-6541-12e7-4474e9f4b78b" testName="SunRiseOffsetOutOfRangeTest" computerName="DKSR-EFI-06" duration="00:00:00.0007471" startTime="2024-01-09T15:41:28.6069302+01:00" endTime="2024-01-09T15:41:28.6069302+01:00" testType="13cdc9d9-ddb5-4fa4-a97d-d965ccfc6d4b" outcome="Passed" testListId="8c84fa94-04c1-424b-9868-57a2d4851a1d" relativeResultsDirectory="a12ee9e8-bd8f-422f-95fa-3946e3575f97" />
    <UnitTestResult executionId="31064451-0b25-49e6-b49b-2cf0136be948" testId="97f1ae33-ac79-63cd-8488-a369047d52ba" testName="TimeProfileInfragisticEvaluator102Constructor4Test" computerName="DKSR-EFI-06" duration="00:00:00.0045319" startTime="2024-01-09T15:41:27.2162927+01:00" endTime="2024-01-09T15:41:27.2319171+01:00" testType="13cdc9d9-ddb5-4fa4-a97d-d965ccfc6d4b" outcome="Passed" testListId="8c84fa94-04c1-424b-9868-57a2d4851a1d" relativeResultsDirectory="31064451-0b25-49e6-b49b-2cf0136be948" />
    <UnitTestResult executionId="323b619a-a469-4838-930b-0b011e1ba58b" testId="722b90e6-5ac2-dc2d-d473-517e59080932" testName="TimeProfileInfragisticEvaluator63Constructor8Test" computerName="DKSR-EFI-06" duration="00:00:00.0104731" startTime="2024-01-09T15:41:27.0600462+01:00" endTime="2024-01-09T15:41:27.0756673+01:00" testType="13cdc9d9-ddb5-4fa4-a97d-d965ccfc6d4b" outcome="Passed" testListId="8c84fa94-04c1-424b-9868-57a2d4851a1d" relativeResultsDirectory="323b619a-a469-4838-930b-0b011e1ba58b" />
    <UnitTestResult executionId="f84375e8-f7ef-4d1d-9c48-533124f6ad4e" testId="0d3d75d0-53a4-f115-f7d7-0392c5b41347" testName="CalculateSunriseSunsetWilliamTestKiruna21DecSunrise" computerName="DKSR-EFI-06" duration="00:00:00.0001910" startTime="2024-01-09T15:41:28.7319320+01:00" endTime="2024-01-09T15:41:28.7319320+01:00" testType="13cdc9d9-ddb5-4fa4-a97d-d965ccfc6d4b" outcome="Passed" testListId="8c84fa94-04c1-424b-9868-57a2d4851a1d" relativeResultsDirectory="f84375e8-f7ef-4d1d-9c48-533124f6ad4e" />
    <UnitTestResult executionId="c75295b4-22f6-4621-a935-55956ea5e207" testId="5a5cd955-6853-44ec-e9f5-5f29058aea6c" testName="GpsParserTestInvalidGpsDirection1" computerName="DKSR-EFI-06" duration="00:00:00.0005424" startTime="2024-01-09T15:41:09.7475283+01:00" endTime="2024-01-09T15:41:09.7475283+01:00" testType="13cdc9d9-ddb5-4fa4-a97d-d965ccfc6d4b" outcome="Passed" testListId="8c84fa94-04c1-424b-9868-57a2d4851a1d" relativeResultsDirectory="c75295b4-22f6-4621-a935-55956ea5e207" />
    <UnitTestResult executionId="a849987e-34e4-4757-9689-963b126f04ae" testId="2949f80f-7efe-bcff-d0ce-ae65c70c8c9f" testName="TimeProfileSunClockDefinitionConstructorSunRiseOutOfRangeTest" computerName="DKSR-EFI-06" duration="00:00:00.0006065" startTime="2024-01-09T15:41:28.4194309+01:00" endTime="2024-01-09T15:41:28.4194309+01:00" testType="13cdc9d9-ddb5-4fa4-a97d-d965ccfc6d4b" outcome="Passed" testListId="8c84fa94-04c1-424b-9868-57a2d4851a1d" relativeResultsDirectory="a849987e-34e4-4757-9689-963b126f04ae" />
    <UnitTestResult executionId="d4d59146-7130-43e5-bdfa-bcfee49edb19" testId="bd0e1085-d2ec-e1c6-c45b-bd7c4f00d72b" testName="GetAppointmentsRecurringMonthlyFirstDayTest" computerName="DKSR-EFI-06" duration="00:00:00.0194004" startTime="2024-01-09T15:41:27.8256731+01:00" endTime="2024-01-09T15:41:27.8413012+01:00" testType="13cdc9d9-ddb5-4fa4-a97d-d965ccfc6d4b" outcome="Passed" testListId="8c84fa94-04c1-424b-9868-57a2d4851a1d" relativeResultsDirectory="d4d59146-7130-43e5-bdfa-bcfee49edb19" />
    <UnitTestResult executionId="e3d69cf0-80b0-4dc0-99be-b1024d179130" testId="a1b3e267-057f-3eb9-8b1a-ba91db42c476" testName="ConvertGpsValueTestInvalidDoubleString1" computerName="DKSR-EFI-06" duration="00:00:00.0013090" startTime="2024-01-09T15:41:09.6381532+01:00" endTime="2024-01-09T15:41:09.6381532+01:00" testType="13cdc9d9-ddb5-4fa4-a97d-d965ccfc6d4b" outcome="Passed" testListId="8c84fa94-04c1-424b-9868-57a2d4851a1d" relativeResultsDirectory="e3d69cf0-80b0-4dc0-99be-b1024d179130" />
    <UnitTestResult executionId="25fc9a7f-9a4f-40f2-adcc-4209ae33d286" testId="7bbc366e-7595-bea0-af20-a713ebdba94b" testName="GpsParserTestLatitudeIsOutOfRange" computerName="DKSR-EFI-06" duration="00:00:00.0006804" startTime="2024-01-09T15:41:09.7631515+01:00" endTime="2024-01-09T15:41:09.7631515+01:00" testType="13cdc9d9-ddb5-4fa4-a97d-d965ccfc6d4b" outcome="Passed" testListId="8c84fa94-04c1-424b-9868-57a2d4851a1d" relativeResultsDirectory="25fc9a7f-9a4f-40f2-adcc-4209ae33d286" />
    <UnitTestResult executionId="e0719f7f-ad01-48ab-882e-d8550a49e548" testId="2fe2fdff-5b52-6172-35e3-180272d34dbd" testName="GetAppointmentsSingleTwoDaysTest" computerName="DKSR-EFI-06" duration="00:00:00.0059641" startTime="2024-01-09T15:41:28.3569289+01:00" endTime="2024-01-09T15:41:28.3569289+01:00" testType="13cdc9d9-ddb5-4fa4-a97d-d965ccfc6d4b" outcome="Passed" testListId="8c84fa94-04c1-424b-9868-57a2d4851a1d" relativeResultsDirectory="e0719f7f-ad01-48ab-882e-d8550a49e548" />
    <UnitTestResult executionId="b138071a-e001-4ae2-8a75-6d2ad7d6d7d9" testId="8a05e353-bc10-6d7d-528c-af52f3bbfcbe" testName="SunRiseOffsetTest" computerName="DKSR-EFI-06" duration="00:00:00.0002365" startTime="2024-01-09T15:41:28.5756837+01:00" endTime="2024-01-09T15:41:28.5756837+01:00" testType="13cdc9d9-ddb5-4fa4-a97d-d965ccfc6d4b" outcome="Passed" testListId="8c84fa94-04c1-424b-9868-57a2d4851a1d" relativeResultsDirectory="b138071a-e001-4ae2-8a75-6d2ad7d6d7d9" />
    <UnitTestResult executionId="825ce4c4-f9b4-4c23-9149-1704591f99e1" testId="82109850-e5ce-06ff-a7c8-013c523bd1ad" testName="GetAppointmentsRecurringDaily2DaysTest" computerName="DKSR-EFI-06" duration="00:00:00.0218533" startTime="2024-01-09T15:41:27.5600476+01:00" endTime="2024-01-09T15:41:27.5912982+01:00" testType="13cdc9d9-ddb5-4fa4-a97d-d965ccfc6d4b" outcome="Passed" testListId="8c84fa94-04c1-424b-9868-57a2d4851a1d" relativeResultsDirectory="825ce4c4-f9b4-4c23-9149-1704591f99e1" />
    <UnitTestResult executionId="d8a53700-8412-42a4-ad12-9f8a7fea2f96" testId="3750960b-7d45-8312-b267-2f43c66f0ff7" testName="CalculateSunriseSunsetWilliamTestDaresSalaam21DecSunrise" computerName="DKSR-EFI-06" duration="00:00:00.0002047" startTime="2024-01-09T15:41:28.7163079+01:00" endTime="2024-01-09T15:41:28.7163079+01:00" testType="13cdc9d9-ddb5-4fa4-a97d-d965ccfc6d4b" outcome="Passed" testListId="8c84fa94-04c1-424b-9868-57a2d4851a1d" relativeResultsDirectory="d8a53700-8412-42a4-ad12-9f8a7fea2f96" />
    <UnitTestResult executionId="bab95ef4-05f6-4176-8490-36b3705e3c2a" testId="c79ac7e2-6143-9c24-9b5d-aa35ff47b483" testName="GpsParserTestInvalidLatitudeDirection" computerName="DKSR-EFI-06" duration="00:00:00.0006376" startTime="2024-01-09T15:41:09.7162788+01:00" endTime="2024-01-09T15:41:09.7162788+01:00" testType="13cdc9d9-ddb5-4fa4-a97d-d965ccfc6d4b" outcome="Passed" testListId="8c84fa94-04c1-424b-9868-57a2d4851a1d" relativeResultsDirectory="bab95ef4-05f6-4176-8490-36b3705e3c2a" />
    <UnitTestResult executionId="dae537de-d4cb-484a-be22-b30d558050cd" testId="6b4887cf-0ccd-68a6-53e2-5c99b9d00f44" testName="FromXmlInvalidXmlNoArgumentOutOfRangeSunRiseTest" computerName="DKSR-EFI-06" duration="00:00:00.0008335" startTime="2024-01-09T15:41:28.5600564+01:00" endTime="2024-01-09T15:41:28.5600564+01:00" testType="13cdc9d9-ddb5-4fa4-a97d-d965ccfc6d4b" outcome="Passed" testListId="8c84fa94-04c1-424b-9868-57a2d4851a1d" relativeResultsDirectory="dae537de-d4cb-484a-be22-b30d558050cd" />
    <UnitTestResult executionId="6642c3dc-0ad9-4415-92dd-86460bf123f7" testId="97e01ed6-9763-b779-5a3c-cece2684a673" testName="CalculateSunriseSunsetWilliamTestArctic21JunSunrise" computerName="DKSR-EFI-06" duration="00:00:00.0002061" startTime="2024-01-09T15:41:28.7944330+01:00" endTime="2024-01-09T15:41:28.7944330+01:00" testType="13cdc9d9-ddb5-4fa4-a97d-d965ccfc6d4b" outcome="Passed" testListId="8c84fa94-04c1-424b-9868-57a2d4851a1d" relativeResultsDirectory="6642c3dc-0ad9-4415-92dd-86460bf123f7" />
    <UnitTestResult executionId="97d89bbf-3474-463c-995f-1dc2cc3a95b6" testId="b6a7718e-5a89-e83c-369d-a901c09ee2f9" testName="TimeProfileInfragisticEvaluator102Constructor7Test" computerName="DKSR-EFI-06" duration="00:00:00.0017948" startTime="2024-01-09T15:41:27.2480252+01:00" endTime="2024-01-09T15:41:27.2480252+01:00" testType="13cdc9d9-ddb5-4fa4-a97d-d965ccfc6d4b" outcome="Passed" testListId="8c84fa94-04c1-424b-9868-57a2d4851a1d" relativeResultsDirectory="97d89bbf-3474-463c-995f-1dc2cc3a95b6" />
    <UnitTestResult executionId="05cc2626-784e-42c7-87b8-99197338873c" testId="3c411a61-33b4-93ae-33be-209d2d762053" testName="TimeZoneTest" computerName="DKSR-EFI-06" duration="00:00:00.0018543" startTime="2024-01-09T15:41:28.6538087+01:00" endTime="2024-01-09T15:41:28.6538087+01:00" testType="13cdc9d9-ddb5-4fa4-a97d-d965ccfc6d4b" outcome="Passed" testListId="8c84fa94-04c1-424b-9868-57a2d4851a1d" relativeResultsDirectory="05cc2626-784e-42c7-87b8-99197338873c" />
    <UnitTestResult executionId="c5f70b8b-1f90-44b9-825d-b7173a930f91" testId="73fe191a-d960-563c-240d-3d18c930359d" testName="TimeProfileSunClockEvaluatorConstructorTestDefinitionInvalid" computerName="DKSR-EFI-06" duration="00:00:00.0008474" startTime="2024-01-09T15:41:28.6538087+01:00" endTime="2024-01-09T15:41:28.6694322+01:00" testType="13cdc9d9-ddb5-4fa4-a97d-d965ccfc6d4b" outcome="Passed" testListId="8c84fa94-04c1-424b-9868-57a2d4851a1d" relativeResultsDirectory="c5f70b8b-1f90-44b9-825d-b7173a930f91" />
    <UnitTestResult executionId="1902280f-1bcd-4e2c-bc4c-5ecdf17d9b98" testId="43457d52-9c10-e826-e516-3f9f5b1cf9c7" testName="CalculateSunriseSunsetWilliamTestArctic23SeptemberSunrise" computerName="DKSR-EFI-06" duration="00:00:00.0002144" startTime="2024-01-09T15:41:28.8100617+01:00" endTime="2024-01-09T15:41:28.8100617+01:00" testType="13cdc9d9-ddb5-4fa4-a97d-d965ccfc6d4b" outcome="Passed" testListId="8c84fa94-04c1-424b-9868-57a2d4851a1d" relativeResultsDirectory="1902280f-1bcd-4e2c-bc4c-5ecdf17d9b98" />
    <UnitTestResult executionId="329d864b-a721-4dc6-8140-727169bf4289" testId="12e86311-9085-1847-5b6e-d7283e97e4d2" testName="CalculateSunriseSunsetWilliamTestKiruna20MarchSunrise" computerName="DKSR-EFI-06" duration="00:00:00.0002653" startTime="2024-01-09T15:41:28.7475602+01:00" endTime="2024-01-09T15:41:28.7475602+01:00" testType="13cdc9d9-ddb5-4fa4-a97d-d965ccfc6d4b" outcome="Passed" testListId="8c84fa94-04c1-424b-9868-57a2d4851a1d" relativeResultsDirectory="329d864b-a721-4dc6-8140-727169bf4289" />
    <UnitTestResult executionId="92852d53-9c8c-44be-9e2d-1cf0cf6dd81e" testId="0b48ed2b-f793-05a4-4109-bbfd8365c8b2" testName="CalculateSunriseSunsetWilliamTestAntarctica21DecSunrise" computerName="DKSR-EFI-06" duration="00:00:00.0002164" startTime="2024-01-09T15:41:28.8100617+01:00" endTime="2024-01-09T15:41:28.8256837+01:00" testType="13cdc9d9-ddb5-4fa4-a97d-d965ccfc6d4b" outcome="Passed" testListId="8c84fa94-04c1-424b-9868-57a2d4851a1d" relativeResultsDirectory="92852d53-9c8c-44be-9e2d-1cf0cf6dd81e" />
    <UnitTestResult executionId="9eb97eaf-a7f9-4115-9249-79b369338fa4" testId="2fd9d34f-cba7-bdbc-8fed-bcda57d9f7f4" testName="EvaluateTimeTestSunClockSummerTime2" computerName="DKSR-EFI-06" duration="00:00:00.0005943" startTime="2024-01-09T15:41:11.3412825+01:00" endTime="2024-01-09T15:41:11.3412825+01:00" testType="13cdc9d9-ddb5-4fa4-a97d-d965ccfc6d4b" outcome="Passed" testListId="8c84fa94-04c1-424b-9868-57a2d4851a1d" relativeResultsDirectory="9eb97eaf-a7f9-4115-9249-79b369338fa4" />
    <UnitTestResult executionId="1905059c-a644-45a3-b078-2d6c06ed2628" testId="6129addb-b9f4-c7ba-59cd-9b4cd194afb1" testName="EvaluateTimeTestInfragisticsWinterTime" computerName="DKSR-EFI-06" duration="00:00:00.0078326" startTime="2024-01-09T15:41:11.5131574+01:00" endTime="2024-01-09T15:41:11.5131574+01:00" testType="13cdc9d9-ddb5-4fa4-a97d-d965ccfc6d4b" outcome="Passed" testListId="8c84fa94-04c1-424b-9868-57a2d4851a1d" relativeResultsDirectory="1905059c-a644-45a3-b078-2d6c06ed2628" />
    <UnitTestResult executionId="dfa34149-89f9-455d-9f4e-eec2cf34bffa" testId="78cc1d74-df64-4a58-3808-f9ee620ba970" testName="GetSunriseSunsetAppointmentTestSidney21DecUtcTimeZone" computerName="DKSR-EFI-06" duration="00:00:00.0004054" startTime="2024-01-09T15:41:28.8725605+01:00" endTime="2024-01-09T15:41:28.8725605+01:00" testType="13cdc9d9-ddb5-4fa4-a97d-d965ccfc6d4b" outcome="Passed" testListId="8c84fa94-04c1-424b-9868-57a2d4851a1d" relativeResultsDirectory="dfa34149-89f9-455d-9f4e-eec2cf34bffa" />
    <UnitTestResult executionId="6776783a-5d63-4257-9e0d-70cdc6961cad" testId="623d7542-593b-655c-5f9d-26f4b859a3eb" testName="GetSunriseSunsetAppointmentTestKiruna21DecPlus1TimeZone" computerName="DKSR-EFI-06" duration="00:00:00.0006263" startTime="2024-01-09T15:41:28.8725605+01:00" endTime="2024-01-09T15:41:28.8725605+01:00" testType="13cdc9d9-ddb5-4fa4-a97d-d965ccfc6d4b" outcome="Passed" testListId="8c84fa94-04c1-424b-9868-57a2d4851a1d" relativeResultsDirectory="6776783a-5d63-4257-9e0d-70cdc6961cad" />
    <UnitTestResult executionId="f33f672a-f514-420e-9778-f04fc621f94b" testId="23bb67ab-9202-788a-b343-a86971620a3c" testName="CalculateSunriseSunsetWilliamTestSydney21DecSunrise" computerName="DKSR-EFI-06" duration="00:00:00.0001843" startTime="2024-01-09T15:41:28.7319320+01:00" endTime="2024-01-09T15:41:28.7319320+01:00" testType="13cdc9d9-ddb5-4fa4-a97d-d965ccfc6d4b" outcome="Passed" testListId="8c84fa94-04c1-424b-9868-57a2d4851a1d" relativeResultsDirectory="f33f672a-f514-420e-9778-f04fc621f94b" />
    <UnitTestResult executionId="3df8f052-0d75-4791-bbc7-0a1ac120c106" testId="7e4c6da8-c812-3247-fb29-39e83a8dcaf6" testName="TimeProfileInfragisticEvaluator63Constructor6Test" computerName="DKSR-EFI-06" duration="00:00:00.0094989" startTime="2024-01-09T15:41:27.0287958+01:00" endTime="2024-01-09T15:41:27.0444188+01:00" testType="13cdc9d9-ddb5-4fa4-a97d-d965ccfc6d4b" outcome="Passed" testListId="8c84fa94-04c1-424b-9868-57a2d4851a1d" relativeResultsDirectory="3df8f052-0d75-4791-bbc7-0a1ac120c106" />
    <UnitTestResult executionId="33a4be08-5fd7-4b77-abb6-ee0b0bfb0394" testId="fbc8779e-8639-b45c-9f40-15014e1a7a78" testName="CalculateSunriseSunsetWilliamTestAntarctica20MarchSunset" computerName="DKSR-EFI-06" duration="00:00:00.0001989" startTime="2024-01-09T15:41:28.8413077+01:00" endTime="2024-01-09T15:41:28.8413077+01:00" testType="13cdc9d9-ddb5-4fa4-a97d-d965ccfc6d4b" outcome="Passed" testListId="8c84fa94-04c1-424b-9868-57a2d4851a1d" relativeResultsDirectory="33a4be08-5fd7-4b77-abb6-ee0b0bfb0394" />
    <UnitTestResult executionId="e440aa96-56ec-4389-bd4c-18e9908fd88f" testId="c2d2b45f-b2b4-5be5-bd61-931d20405ca0" testName="GetAppointmentsAllDayTwoDaysTest" computerName="DKSR-EFI-06" duration="00:00:00.0057816" startTime="2024-01-09T15:41:27.4350473+01:00" endTime="2024-01-09T15:41:27.4350473+01:00" testType="13cdc9d9-ddb5-4fa4-a97d-d965ccfc6d4b" outcome="Passed" testListId="8c84fa94-04c1-424b-9868-57a2d4851a1d" relativeResultsDirectory="e440aa96-56ec-4389-bd4c-18e9908fd88f" />
    <UnitTestResult executionId="533779b5-606f-4cf2-bc46-a98376a5274c" testId="dde0481c-b97a-a1ff-5ff0-0c6387e2cf09" testName="SunRiseOffsetOutOfRange1Test" computerName="DKSR-EFI-06" duration="00:00:00.0006581" startTime="2024-01-09T15:41:28.6069302+01:00" endTime="2024-01-09T15:41:28.6069302+01:00" testType="13cdc9d9-ddb5-4fa4-a97d-d965ccfc6d4b" outcome="Passed" testListId="8c84fa94-04c1-424b-9868-57a2d4851a1d" relativeResultsDirectory="533779b5-606f-4cf2-bc46-a98376a5274c" />
    <UnitTestResult executionId="29592035-6866-4abb-b4e5-1557643811e7" testId="d940af42-ce39-1694-d78b-a7be7150ce9d" testName="SunSetOffsetOutOfRangeTest" computerName="DKSR-EFI-06" duration="00:00:00.0007787" startTime="2024-01-09T15:41:28.6069302+01:00" endTime="2024-01-09T15:41:28.6069302+01:00" testType="13cdc9d9-ddb5-4fa4-a97d-d965ccfc6d4b" outcome="Passed" testListId="8c84fa94-04c1-424b-9868-57a2d4851a1d" relativeResultsDirectory="29592035-6866-4abb-b4e5-1557643811e7" />
    <UnitTestResult executionId="f244a4ef-483b-46a4-8b73-d1b34189b285" testId="6d90192d-bb76-ef0a-f916-413ccd7854d4" testName="TimeProfileInfragisticEvaluator63Constructor18Test" computerName="DKSR-EFI-06" duration="00:00:00.0071621" startTime="2024-01-09T15:41:27.1850426+01:00" endTime="2024-01-09T15:41:27.2006678+01:00" testType="13cdc9d9-ddb5-4fa4-a97d-d965ccfc6d4b" outcome="Passed" testListId="8c84fa94-04c1-424b-9868-57a2d4851a1d" relativeResultsDirectory="f244a4ef-483b-46a4-8b73-d1b34189b285" />
    <UnitTestResult executionId="42402e53-a9c2-4ba5-97f7-0e0f1fb5de5a" testId="70dfec06-4f81-5ffa-a234-dad6954aa710" testName="FromXmlInvalidXmlMissingSectionGPSCoordinateTest" computerName="DKSR-EFI-06" duration="00:00:00.0005880" startTime="2024-01-09T15:41:28.5444301+01:00" endTime="2024-01-09T15:41:28.5444301+01:00" testType="13cdc9d9-ddb5-4fa4-a97d-d965ccfc6d4b" outcome="Passed" testListId="8c84fa94-04c1-424b-9868-57a2d4851a1d" relativeResultsDirectory="42402e53-a9c2-4ba5-97f7-0e0f1fb5de5a" />
    <UnitTestResult executionId="35f51c02-468c-4d99-af81-76efef097b10" testId="dc0336af-8f9f-1603-2349-0c31c6497062" testName="CheckAllXml_Infragistics_10_2" computerName="DKSR-EFI-06" duration="00:00:08.1489113" startTime="2024-01-09T15:41:11.5756573+01:00" endTime="2024-01-09T15:41:19.7162940+01:00" testType="13cdc9d9-ddb5-4fa4-a97d-d965ccfc6d4b" outcome="Passed" testListId="8c84fa94-04c1-424b-9868-57a2d4851a1d" relativeResultsDirectory="35f51c02-468c-4d99-af81-76efef097b10">
      <Output>
        <StdOut>Debug Trace:&#xD;
TimeProfile test for: Infragistic XML samples\Infragistic 10.2\AllDayEvent_2011-02-16.xml&#xD;
Appointments Starting:  AP1: 2/15/2011 11:00:00 PM has no match with AP2Appointments Covering from 2011-02-15 23:00.00, until before 2011-02-16 22:59.00&#xD;
OK : In-Range=1440, Out-of-Range=84960&#xD;
TimeProfile test for: Infragistic XML samples\Infragistic 10.2\AllDayEvent_2011-02-16_to_2011-02-17.xml&#xD;
Appointments Starting:  AP1: 2/15/2011 11:00:00 PM has no match with AP2Appointments Covering from 2011-02-15 23:00.00, until before 2011-02-17 22:59.00&#xD;
OK : In-Range=2880, Out-of-Range=83520&#xD;
TimeProfile test for: Infragistic XML samples\Infragistic 10.2\NoTime.xml&#xD;
OK : In-Range=0, Out-of-Range=86400&#xD;
TimeProfile test for: Infragistic XML samples\Infragistic 10.2\OverlappingTimes_2011-02-16_09.00_to_10.00_and_09.30_to_10.30.xml&#xD;
Appointments Starting:  AP1: 2/16/2011 8:00:00 AM has no match with AP2Appointments Covering from 2011-02-16 08:00.00, until before 2011-02-16 09:30.00&#xD;
OK : In-Range=91, Out-of-Range=86309&#xD;
TimeProfile test for: Infragistic XML samples\Infragistic 10.2\Recurring_2011-01-01_08.00_to_16.00_daily_to_2011-06-30.xml&#xD;
Appointments Starting:  AP1: 1/1/2011 7:00:00 AM has no match with AP2Appointments Covering from 2011-01-01 07:00.00, until before 2011-01-01 15:00.00&#xD;
Appointments Starting:  AP1: 1/2/2011 7:00:00 AM has no match with AP2Appointments Covering from 2011-01-02 07:00.00, until before 2011-01-02 15:00.00&#xD;
Appointments Starting:  AP1: 1/3/2011 7:00:00 AM has no match with AP2Appointments Covering from 2011-01-03 07:00.00, until before 2011-01-03 15:00.00&#xD;
Appointments Starting:  AP1: 1/4/2011 7:00:00 AM has no match with AP2Appointments Covering from 2011-01-04 07:00.00, until before 2011-01-04 15:00.00&#xD;
Appointments Starting:  AP1: 1/5/2011 7:00:00 AM has no match with AP2Appointments Covering from 2011-01-05 07:00.00, until before 2011-01-05 15:00.00&#xD;
Appointments Starting:  AP1: 1/6/2011 7:00:00 AM has no match with AP2Appointments Covering from 2011-01-06 07:00.00, until before 2011-01-06 15:00.00&#xD;
Appointments Starting:  AP1: 1/7/2011 7:00:00 AM has no match with AP2Appointments Covering from 2011-01-07 07:00.00, until before 2011-01-07 15:00.00&#xD;
Appointments Starting:  AP1: 1/8/2011 7:00:00 AM has no match with AP2Appointments Covering from 2011-01-08 07:00.00, until before 2011-01-08 15:00.00&#xD;
Appointments Starting:  AP1: 1/9/2011 7:00:00 AM has no match with AP2Appointments Covering from 2011-01-09 07:00.00, until before 2011-01-09 15:00.00&#xD;
Appointments Starting:  AP1: 1/10/2011 7:00:00 AM has no match with AP2Appointments Covering from 2011-01-10 07:00.00, until before 2011-01-10 15:00.00&#xD;
Appointments Starting:  AP1: 1/11/2011 7:00:00 AM has no match with AP2Appointments Covering from 2011-01-11 07:00.00, until before 2011-01-11 15:00.00&#xD;
Appointments Starting:  AP1: 1/12/2011 7:00:00 AM has no match with AP2Appointments Covering from 2011-01-12 07:00.00, until before 2011-01-12 15:00.00&#xD;
Appointments Starting:  AP1: 1/13/2011 7:00:00 AM has no match with AP2Appointments Covering from 2011-01-13 07:00.00, until before 2011-01-13 15:00.00&#xD;
Appointments Starting:  AP1: 1/14/2011 7:00:00 AM has no match with AP2Appointments Covering from 2011-01-14 07:00.00, until before 2011-01-14 15:00.00&#xD;
Appointments Starting:  AP1: 1/15/2011 7:00:00 AM has no match with AP2Appointments Covering from 2011-01-15 07:00.00, until before 2011-01-15 15:00.00&#xD;
Appointments Starting:  AP1: 1/16/2011 7:00:00 AM has no match with AP2Appointments Covering from 2011-01-16 07:00.00, until before 2011-01-16 15:00.00&#xD;
Appointments Starting:  AP1: 1/17/2011 7:00:00 AM has no match with AP2Appointments Covering from 2011-01-17 07:00.00, until before 2011-01-17 15:00.00&#xD;
Appointments Starting:  AP1: 1/18/2011 7:00:00 AM has no match with AP2Appointments Covering from 2011-01-18 07:00.00, until before 2011-01-18 15:00.00&#xD;
Appointments Starting:  AP1: 1/19/2011 7:00:00 AM has no match with AP2Appointments Covering from 2011-01-19 07:00.00, until before 2011-01-19 15:00.00&#xD;
Appointments Starting:  AP1: 1/20/2011 7:00:00 AM has no match with AP2Appointments Covering from 2011-01-20 07:00.00, until before 2011-01-20 15:00.00&#xD;
Appointments Starting:  AP1: 1/21/2011 7:00:00 AM has no match with AP2Appointments Covering from 2011-01-21 07:00.00, until before 2011-01-21 15:00.00&#xD;
Appointments Starting:  AP1: 1/22/2011 7:00:00 AM has no match with AP2Appointments Covering from 2011-01-22 07:00.00, until before 2011-01-22 15:00.00&#xD;
Appointments Starting:  AP1: 1/23/2011 7:00:00 AM has no match with AP2Appointments Covering from 2011-01-23 07:00.00, until before 2011-01-23 15:00.00&#xD;
Appointments Starting:  AP1: 1/24/2011 7:00:00 AM has no match with AP2Appointments Covering from 2011-01-24 07:00.00, until before 2011-01-24 15:00.00&#xD;
Appointments Starting:  AP1: 1/25/2011 7:00:00 AM has no match with AP2Appointments Covering from 2011-01-25 07:00.00, until before 2011-01-25 15:00.00&#xD;
Appointments Starting:  AP1: 1/26/2011 7:00:00 AM has no match with AP2Appointments Covering from 2011-01-26 07:00.00, until before 2011-01-26 15:00.00&#xD;
Appointments Starting:  AP1: 1/27/2011 7:00:00 AM has no match with AP2Appointments Covering from 2011-01-27 07:00.00, until before 2011-01-27 15:00.00&#xD;
Appointments Starting:  AP1: 1/28/2011 7:00:00 AM has no match with AP2Appointments Covering from 2011-01-28 07:00.00, until before 2011-01-28 15:00.00&#xD;
Appointments Starting:  AP1: 1/29/2011 7:00:00 AM has no match with AP2Appointments Covering from 2011-01-29 07:00.00, until before 2011-01-29 15:00.00&#xD;
Appointments Starting:  AP1: 1/30/2011 7:00:00 AM has no match with AP2Appointments Covering from 2011-01-30 07:00.00, until before 2011-01-30 15:00.00&#xD;
Appointments Starting:  AP1: 1/31/2011 7:00:00 AM has no match with AP2Appointments Covering from 2011-01-31 07:00.00, until before 2011-01-31 15:00.00&#xD;
Appointments Starting:  AP1: 2/1/2011 7:00:00 AM has no match with AP2Appointments Covering from 2011-02-01 07:00.00, until before 2011-02-01 15:00.00&#xD;
Appointments Starting:  AP1: 2/2/2011 7:00:00 AM has no match with AP2Appointments Covering from 2011-02-02 07:00.00, until before 2011-02-02 15:00.00&#xD;
Appointments Starting:  AP1: 2/3/2011 7:00:00 AM has no match with AP2Appointments Covering from 2011-02-03 07:00.00, until before 2011-02-03 15:00.00&#xD;
Appointments Starting:  AP1: 2/4/2011 7:00:00 AM has no match with AP2Appointments Covering from 2011-02-04 07:00.00, until before 2011-02-04 15:00.00&#xD;
Appointments Starting:  AP1: 2/5/2011 7:00:00 AM has no match with AP2Appointments Covering from 2011-02-05 07:00.00, until before 2011-02-05 15:00.00&#xD;
Appointments Starting:  AP1: 2/6/2011 7:00:00 AM has no match with AP2Appointments Covering from 2011-02-06 07:00.00, until before 2011-02-06 15:00.00&#xD;
Appointments Starting:  AP1: 2/7/2011 7:00:00 AM has no match with AP2Appointments Covering from 2011-02-07 07:00.00, until before 2011-02-07 15:00.00&#xD;
Appointments Starting:  AP1: 2/8/2011 7:00:00 AM has no match with AP2Appointments Covering from 2011-02-08 07:00.00, until before 2011-02-08 15:00.00&#xD;
Appointments Starting:  AP1: 2/9/2011 7:00:00 AM has no match with AP2Appointments Covering from 2011-02-09 07:00.00, until before 2011-02-09 15:00.00&#xD;
Appointments Starting:  AP1: 2/10/2011 7:00:00 AM has no match with AP2Appointments Covering from 2011-02-10 07:00.00, until before 2011-02-10 15:00.00&#xD;
Appointments Starting:  AP1: 2/11/2011 7:00:00 AM has no match with AP2Appointments Covering from 2011-02-11 07:00.00, until before 2011-02-11 15:00.00&#xD;
Appointments Starting:  AP1: 2/12/2011 7:00:00 AM has no match with AP2Appointments Covering from 2011-02-12 07:00.00, until before 2011-02-12 15:00.00&#xD;
Appointments Starting:  AP1: 2/13/2011 7:00:00 AM has no match with AP2Appointments Covering from 2011-02-13 07:00.00, until before 2011-02-13 15:00.00&#xD;
Appointments Starting:  AP1: 2/14/2011 7:00:00 AM has no match with AP2Appointments Covering from 2011-02-14 07:00.00, until before 2011-02-14 15:00.00&#xD;
OK : In-Range=21645, Out-of-Range=64755&#xD;
TimeProfile test for: Infragistic XML samples\Infragistic 10.2\Recurring_2011-02-16_09.00_to_09.30_daily_10occurrences.xml&#xD;
Appointments Starting:  AP1: 2/16/2011 8:00:00 AM has no match with AP2Appointments Covering from 2011-02-16 08:00.00, until before 2011-02-16 08:30.00&#xD;
Appointments Starting:  AP1: 2/17/2011 8:00:00 AM has no match with AP2Appointments Covering from 2011-02-17 08:00.00, until before 2011-02-17 08:30.00&#xD;
Appointments Starting:  AP1: 2/18/2011 8:00:00 AM has no match with AP2Appointments Covering from 2011-02-18 08:00.00, until before 2011-02-18 08:30.00&#xD;
Appointments Starting:  AP1: 2/19/2011 8:00:00 AM has no match with AP2Appointments Covering from 2011-02-19 08:00.00, until before 2011-02-19 08:30.00&#xD;
Appointments Starting:  AP1: 2/20/2011 8:00:00 AM has no match with AP2Appointments Covering from 2011-02-20 08:00.00, until before 2011-02-20 08:30.00&#xD;
Appointments Starting:  AP1: 2/21/2011 8:00:00 AM has no match with AP2Appointments Covering from 2011-02-21 08:00.00, until before 2011-02-21 08:30.00&#xD;
Appointments Starting:  AP1: 2/22/2011 8:00:00 AM has no match with AP2Appointments Covering from 2011-02-22 08:00.00, until before 2011-02-22 08:30.00&#xD;
Appointments Starting:  AP1: 2/23/2011 8:00:00 AM has no match with AP2Appointments Covering from 2011-02-23 08:00.00, until before 2011-02-23 08:30.00&#xD;
Appointments Starting:  AP1: 2/24/2011 8:00:00 AM has no match with AP2Appointments Covering from 2011-02-24 08:00.00, until before 2011-02-24 08:30.00&#xD;
Appointments Starting:  AP1: 2/25/2011 8:00:00 AM has no match with AP2Appointments Covering from 2011-02-25 08:00.00, until before 2011-02-25 08:30.00&#xD;
OK : In-Range=310, Out-of-Range=86090&#xD;
TimeProfile test for: Infragistic XML samples\Infragistic 10.2\Recurring_2011-02-16_09.00_to_09.30_daily_2days.xml&#xD;
Appointments Starting:  AP1: 2/16/2011 8:00:00 AM has no match with AP2Appointments Covering from 2011-02-16 08:00.00, until before 2011-02-16 08:30.00&#xD;
Appointments Starting:  AP1: 2/18/2011 8:00:00 AM has no match with AP2Appointments Covering from 2011-02-18 08:00.00, until before 2011-02-18 08:30.00&#xD;
Appointments Starting:  AP1: 2/20/2011 8:00:00 AM has no match with AP2Appointments Covering from 2011-02-20 08:00.00, until before 2011-02-20 08:30.00&#xD;
Appointments Starting:  AP1: 2/22/2011 8:00:00 AM has no match with AP2Appointments Covering from 2011-02-22 08:00.00, until before 2011-02-22 08:30.00&#xD;
Appointments Starting:  AP1: 2/24/2011 8:00:00 AM has no match with AP2Appointments Covering from 2011-02-24 08:00.00, until before 2011-02-24 08:30.00&#xD;
Appointments Starting:  AP1: 2/26/2011 8:00:00 AM has no match with AP2Appointments Covering from 2011-02-26 08:00.00, until before 2011-02-26 08:30.00&#xD;
Appointments Starting:  AP1: 2/28/2011 8:00:00 AM has no match with AP2Appointments Covering from 2011-02-28 08:00.00, until before 2011-02-28 08:30.00&#xD;
Appointments Starting:  AP1: 3/2/2011 8:00:00 AM has no match with AP2Appointments Covering from 2011-03-02 08:00.00, until before 2011-03-02 08:30.00&#xD;
Appointments Starting:  AP1: 3/4/2011 8:00:00 AM has no match with AP2Appointments Covering from 2011-03-04 08:00.00, until before 2011-03-04 08:30.00&#xD;
Appointments Starting:  AP1: 3/6/2011 8:00:00 AM has no match with AP2Appointments Covering from 2011-03-06 08:00.00, until before 2011-03-06 08:30.00&#xD;
Appointments Starting:  AP1: 3/8/2011 8:00:00 AM has no match with AP2Appointments Covering from 2011-03-08 08:00.00, until before 2011-03-08 08:30.00&#xD;
Appointments Starting:  AP1: 3/10/2011 8:00:00 AM has no match with AP2Appointments Covering from 2011-03-10 08:00.00, until before 2011-03-10 08:30.00&#xD;
Appointments Starting:  AP1: 3/12/2011 8:00:00 AM has no match with AP2Appointments Covering from 2011-03-12 08:00.00, until before 2011-03-12 08:30.00&#xD;
Appointments Starting:  AP1: 3/14/2011 8:00:00 AM has no match with AP2Appointments Covering from 2011-03-14 08:00.00, until before 2011-03-14 08:30.00&#xD;
Appointments Starting:  AP1: 3/16/2011 8:00:00 AM has no match with AP2Appointments Covering from 2011-03-16 08:00.00, until before 2011-03-16 08:30.00&#xD;
Appointments Starting:  AP1: 3/18/2011 8:00:00 AM has no match with AP2Appointments Covering from 2011-03-18 08:00.00, until before 2011-03-18 08:30.00&#xD;
Appointments Starting:  AP1: 3/20/2011 8:00:00 AM has no match with AP2Appointments Covering from 2011-03-20 08:00.00, until before 2011-03-20 08:30.00&#xD;
Appointments Starting:  AP1: 3/22/2011 8:00:00 AM has no match with AP2Appointments Covering from 2011-03-22 08:00.00, until before 2011-03-22 08:30.00&#xD;
Appointments Starting:  AP1: 3/24/2011 8:00:00 AM has no match with AP2Appointments Covering from 2011-03-24 08:00.00, until before 2011-03-24 08:30.00&#xD;
Appointments Starting:  AP1: 3/26/2011 8:00:00 AM has no match with AP2Appointments Covering from 2011-03-26 08:00.00, until before 2011-03-26 08:30.00&#xD;
Appointments Starting:  AP1: 3/28/2011 7:00:00 AM has no match with AP2Appointments Covering from 2011-03-28 07:00.00, until before 2011-03-28 07:30.00&#xD;
Appointments Starting:  AP1: 3/30/2011 7:00:00 AM has no match with AP2Appointments Covering from 2011-03-30 07:00.00, until before 2011-03-30 07:30.00&#xD;
Appointments Starting:  AP1: 4/1/2011 7:00:00 AM has no match with AP2Appointments Covering from 2011-04-01 07:00.00, until before 2011-04-01 07:30.00&#xD;
OK : In-Range=713, Out-of-Range=85687&#xD;
TimeProfile test for: Infragistic XML samples\Infragistic 10.2\Recurring_2011-02-16_09.00_to_09.30_daily_2weekdays.xml&#xD;
Appointments Starting:  AP1: 2/16/2011 8:00:00 AM has no match with AP2Appointments Covering from 2011-02-16 08:00.00, until before 2011-02-16 08:30.00&#xD;
Appointments Starting:  AP1: 2/18/2011 8:00:00 AM has no match with AP2Appointments Covering from 2011-02-18 08:00.00, until before 2011-02-18 08:30.00&#xD;
Appointments Starting:  AP1: 2/22/2011 8:00:00 AM has no match with AP2Appointments Covering from 2011-02-22 08:00.00, until before 2011-02-22 08:30.00&#xD;
Appointments Starting:  AP1: 2/24/2011 8:00:00 AM has no match with AP2Appointments Covering from 2011-02-24 08:00.00, until before 2011-02-24 08:30.00&#xD;
Appointments Starting:  AP1: 2/28/2011 8:00:00 AM has no match with AP2Appointments Covering from 2011-02-28 08:00.00, until before 2011-02-28 08:30.00&#xD;
Appointments Starting:  AP1: 3/2/2011 8:00:00 AM has no match with AP2Appointments Covering from 2011-03-02 08:00.00, until before 2011-03-02 08:30.00&#xD;
Appointments Starting:  AP1: 3/4/2011 8:00:00 AM has no match with AP2Appointments Covering from 2011-03-04 08:00.00, until before 2011-03-04 08:30.00&#xD;
Appointments Starting:  AP1: 3/8/2011 8:00:00 AM has no match with AP2Appointments Covering from 2011-03-08 08:00.00, until before 2011-03-08 08:30.00&#xD;
Appointments Starting:  AP1: 3/10/2011 8:00:00 AM has no match with AP2Appointments Covering from 2011-03-10 08:00.00, until before 2011-03-10 08:30.00&#xD;
Appointments Starting:  AP1: 3/14/2011 8:00:00 AM has no match with AP2Appointments Covering from 2011-03-14 08:00.00, until before 2011-03-14 08:30.00&#xD;
Appointments Starting:  AP1: 3/16/2011 8:00:00 AM has no match with AP2Appointments Covering from 2011-03-16 08:00.00, until before 2011-03-16 08:30.00&#xD;
Appointments Starting:  AP1: 3/18/2011 8:00:00 AM has no match with AP2Appointments Covering from 2011-03-18 08:00.00, until before 2011-03-18 08:30.00&#xD;
Appointments Starting:  AP1: 3/22/2011 8:00:00 AM has no match with AP2Appointments Covering from 2011-03-22 08:00.00, until before 2011-03-22 08:30.00&#xD;
Appointments Starting:  AP1: 3/24/2011 8:00:00 AM has no match with AP2Appointments Covering from 2011-03-24 08:00.00, until before 2011-03-24 08:30.00&#xD;
Appointments Starting:  AP1: 3/28/2011 7:00:00 AM has no match with AP2Appointments Covering from 2011-03-28 07:00.00, until before 2011-03-28 07:30.00&#xD;
Appointments Starting:  AP1: 3/30/2011 7:00:00 AM has no match with AP2Appointments Covering from 2011-03-30 07:00.00, until before 2011-03-30 07:30.00&#xD;
Appointments Starting:  AP1: 4/1/2011 7:00:00 AM has no match with AP2Appointments Covering from 2011-04-01 07:00.00, until before 2011-04-01 07:30.00&#xD;
OK : In-Range=527, Out-of-Range=85873&#xD;
TimeProfile test for: Infragistic XML samples\Infragistic 10.2\Recurring_2011-02-16_09.00_to_09.30_daily_to_2011-02-25.xml&#xD;
Appointments Starting:  AP1: 2/16/2011 8:00:00 AM has no match with AP2Appointments Covering from 2011-02-16 08:00.00, until before 2011-02-16 08:30.00&#xD;
Appointments Starting:  AP1: 2/17/2011 8:00:00 AM has no match with AP2Appointments Covering from 2011-02-17 08:00.00, until before 2011-02-17 08:30.00&#xD;
Appointments Starting:  AP1: 2/18/2011 8:00:00 AM has no match with AP2Appointments Covering from 2011-02-18 08:00.00, until before 2011-02-18 08:30.00&#xD;
Appointments Starting:  AP1: 2/19/2011 8:00:00 AM has no match with AP2Appointments Covering from 2011-02-19 08:00.00, until before 2011-02-19 08:30.00&#xD;
Appointments Starting:  AP1: 2/20/2011 8:00:00 AM has no match with AP2Appointments Covering from 2011-02-20 08:00.00, until before 2011-02-20 08:30.00&#xD;
Appointments Starting:  AP1: 2/21/2011 8:00:00 AM has no match with AP2Appointments Covering from 2011-02-21 08:00.00, until before 2011-02-21 08:30.00&#xD;
Appointments Starting:  AP1: 2/22/2011 8:00:00 AM has no match with AP2Appointments Covering from 2011-02-22 08:00.00, until before 2011-02-22 08:30.00&#xD;
Appointments Starting:  AP1: 2/23/2011 8:00:00 AM has no match with AP2Appointments Covering from 2011-02-23 08:00.00, until before 2011-02-23 08:30.00&#xD;
Appointments Starting:  AP1: 2/24/2011 8:00:00 AM has no match with AP2Appointments Covering from 2011-02-24 08:00.00, until before 2011-02-24 08:30.00&#xD;
Appointments Starting:  AP1: 2/25/2011 8:00:00 AM has no match with AP2Appointments Covering from 2011-02-25 08:00.00, until before 2011-02-25 08:30.00&#xD;
OK : In-Range=310, Out-of-Range=86090&#xD;
TimeProfile test for: Infragistic XML samples\Infragistic 10.2\Recurring_2011-02-16_09.00_to_09.30_daily_weekdays.xml&#xD;
Appointments Starting:  AP1: 2/16/2011 8:00:00 AM has no match with AP2Appointments Covering from 2011-02-16 08:00.00, until before 2011-02-16 08:30.00&#xD;
Appointments Starting:  AP1: 2/17/2011 8:00:00 AM has no match with AP2Appointments Covering from 2011-02-17 08:00.00, until before 2011-02-17 08:30.00&#xD;
Appointments Starting:  AP1: 2/18/2011 8:00:00 AM has no match with AP2Appointments Covering from 2011-02-18 08:00.00, until before 2011-02-18 08:30.00&#xD;
Appointments Starting:  AP1: 2/21/2011 8:00:00 AM has no match with AP2Appointments Covering from 2011-02-21 08:00.00, until before 2011-02-21 08:30.00&#xD;
Appointments Starting:  AP1: 2/22/2011 8:00:00 AM has no match with AP2Appointments Covering from 2011-02-22 08:00.00, until before 2011-02-22 08:30.00&#xD;
Appointments Starting:  AP1: 2/23/2011 8:00:00 AM has no match with AP2Appointments Covering from 2011-02-23 08:00.00, until before 2011-02-23 08:30.00&#xD;
Appointments Starting:  AP1: 2/24/2011 8:00:00 AM has no match with AP2Appointments Covering from 2011-02-24 08:00.00, until before 2011-02-24 08:30.00&#xD;
Appointments Starting:  AP1: 2/25/2011 8:00:00 AM has no match with AP2Appointments Covering from 2011-02-25 08:00.00, until before 2011-02-25 08:30.00&#xD;
Appointments Starting:  AP1: 2/28/2011 8:00:00 AM has no match with AP2Appointments Covering from 2011-02-28 08:00.00, until before 2011-02-28 08:30.00&#xD;
Appointments Starting:  AP1: 3/1/2011 8:00:00 AM has no match with AP2Appointments Covering from 2011-03-01 08:00.00, until before 2011-03-01 08:30.00&#xD;
Appointments Starting:  AP1: 3/2/2011 8:00:00 AM has no match with AP2Appointments Covering from 2011-03-02 08:00.00, until before 2011-03-02 08:30.00&#xD;
Appointments Starting:  AP1: 3/3/2011 8:00:00 AM has no match with AP2Appointments Covering from 2011-03-03 08:00.00, until before 2011-03-03 08:30.00&#xD;
Appointments Starting:  AP1: 3/4/2011 8:00:00 AM has no match with AP2Appointments Covering from 2011-03-04 08:00.00, until before 2011-03-04 08:30.00&#xD;
Appointments Starting:  AP1: 3/7/2011 8:00:00 AM has no match with AP2Appointments Covering from 2011-03-07 08:00.00, until before 2011-03-07 08:30.00&#xD;
Appointments Starting:  AP1: 3/8/2011 8:00:00 AM has no match with AP2Appointments Covering from 2011-03-08 08:00.00, until before 2011-03-08 08:30.00&#xD;
Appointments Starting:  AP1: 3/9/2011 8:00:00 AM has no match with AP2Appointments Covering from 2011-03-09 08:00.00, until before 2011-03-09 08:30.00&#xD;
Appointments Starting:  AP1: 3/10/2011 8:00:00 AM has no match with AP2Appointments Covering from 2011-03-10 08:00.00, until before 2011-03-10 08:30.00&#xD;
Appointments Starting:  AP1: 3/11/2011 8:00:00 AM has no match with AP2Appointments Covering from 2011-03-11 08:00.00, until before 2011-03-11 08:30.00&#xD;
Appointments Starting:  AP1: 3/14/2011 8:00:00 AM has no match with AP2Appointments Covering from 2011-03-14 08:00.00, until before 2011-03-14 08:30.00&#xD;
Appointments Starting:  AP1: 3/15/2011 8:00:00 AM has no match with AP2Appointments Covering from 2011-03-15 08:00.00, until before 2011-03-15 08:30.00&#xD;
Appointments Starting:  AP1: 3/16/2011 8:00:00 AM has no match with AP2Appointments Covering from 2011-03-16 08:00.00, until before 2011-03-16 08:30.00&#xD;
Appointments Starting:  AP1: 3/17/2011 8:00:00 AM has no match with AP2Appointments Covering from 2011-03-17 08:00.00, until before 2011-03-17 08:30.00&#xD;
Appointments Starting:  AP1: 3/18/2011 8:00:00 AM has no match with AP2Appointments Covering from 2011-03-18 08:00.00, until before 2011-03-18 08:30.00&#xD;
Appointments Starting:  AP1: 3/21/2011 8:00:00 AM has no match with AP2Appointments Covering from 2011-03-21 08:00.00, until before 2011-03-21 08:30.00&#xD;
Appointments Starting:  AP1: 3/22/2011 8:00:00 AM has no match with AP2Appointments Covering from 2011-03-22 08:00.00, until before 2011-03-22 08:30.00&#xD;
Appointments Starting:  AP1: 3/23/2011 8:00:00 AM has no match with AP2Appointments Covering from 2011-03-23 08:00.00, until before 2011-03-23 08:30.00&#xD;
Appointments Starting:  AP1: 3/24/2011 8:00:00 AM has no match with AP2Appointments Covering from 2011-03-24 08:00.00, until before 2011-03-24 08:30.00&#xD;
Appointments Starting:  AP1: 3/25/2011 8:00:00 AM has no match with AP2Appointments Covering from 2011-03-25 08:00.00, until before 2011-03-25 08:30.00&#xD;
Appointments Starting:  AP1: 3/28/2011 7:00:00 AM has no match with AP2Appointments Covering from 2011-03-28 07:00.00, until before 2011-03-28 07:30.00&#xD;
Appointments Starting:  AP1: 3/29/2011 7:00:00 AM has no match with AP2Appointments Covering from 2011-03-29 07:00.00, until before 2011-03-29 07:30.00&#xD;
Appointments Starting:  AP1: 3/30/2011 7:00:00 AM has no match with AP2Appointments Covering from 2011-03-30 07:00.00, until before 2011-03-30 07:30.00&#xD;
Appointments Starting:  AP1: 3/31/2011 7:00:00 AM has no match with AP2Appointments Covering from 2011-03-31 07:00.00, until before 2011-03-31 07:30.00&#xD;
Appointments Starting:  AP1: 4/1/2011 7:00:00 AM has no match with AP2Appointments Covering from 2011-04-01 07:00.00, until before 2011-04-01 07:30.00&#xD;
OK : In-Range=1023, Out-of-Range=85377&#xD;
TimeProfile test for: Infragistic XML samples\Infragistic 10.2\Recurring_2011-02-16_09.00_to_09.30_monthly_1st_day.xml&#xD;
Appointments Starting:  AP1: 3/1/2011 8:00:00 AM has no match with AP2Appointments Covering from 2011-03-01 08:00.00, until before 2011-03-01 08:30.00&#xD;
Appointments Starting:  AP1: 4/1/2011 7:00:00 AM has no match with AP2Appointments Covering from 2011-04-01 07:00.00, until before 2011-04-01 07:30.00&#xD;
OK : In-Range=62, Out-of-Range=86338&#xD;
TimeProfile test for: Infragistic XML samples\Infragistic 10.2\Recurring_2011-02-16_09.00_to_09.30_monthly_1st_monday.xml&#xD;
Appointments Starting:  AP1: 3/7/2011 8:00:00 AM has no match with AP2Appointments Covering from 2011-03-07 08:00.00, until before 2011-03-07 08:30.00&#xD;
OK : In-Range=31, Out-of-Range=86369&#xD;
TimeProfile test for: Infragistic XML samples\Infragistic 10.2\Recurring_2011-02-16_09.00_to_09.30_weekly_2wednesday.xml&#xD;
Appointments Starting:  AP1: 2/16/2011 8:00:00 AM has no match with AP2Appointments Covering from 2011-02-16 08:00.00, until before 2011-02-16 08:30.00&#xD;
Appointments Starting:  AP1: 3/2/2011 8:00:00 AM has no match with AP2Appointments Covering from 2011-03-02 08:00.00, until before 2011-03-02 08:30.00&#xD;
Appointments Starting:  AP1: 3/16/2011 8:00:00 AM has no match with AP2Appointments Covering from 2011-03-16 08:00.00, until before 2011-03-16 08:30.00&#xD;
Appointments Starting:  AP1: 3/30/2011 7:00:00 AM has no match with AP2Appointments Covering from 2011-03-30 07:00.00, until before 2011-03-30 07:30.00&#xD;
OK : In-Range=124, Out-of-Range=86276&#xD;
TimeProfile test for: Infragistic XML samples\Infragistic 10.2\Recurring_2011-02-16_09.00_to_09.30_weekly_weekends.xml&#xD;
Appointments Starting:  AP1: 2/19/2011 8:00:00 AM has no match with AP2Appointments Covering from 2011-02-19 08:00.00, until before 2011-02-19 08:30.00&#xD;
Appointments Starting:  AP1: 2/20/2011 8:00:00 AM has no match with AP2Appointments Covering from 2011-02-20 08:00.00, until before 2011-02-20 08:30.00&#xD;
Appointments Starting:  AP1: 2/26/2011 8:00:00 AM has no match with AP2Appointments Covering from 2011-02-26 08:00.00, until before 2011-02-26 08:30.00&#xD;
Appointments Starting:  AP1: 2/27/2011 8:00:00 AM has no match with AP2Appointments Covering from 2011-02-27 08:00.00, until before 2011-02-27 08:30.00&#xD;
Appointments Starting:  AP1: 3/5/2011 8:00:00 AM has no match with AP2Appointments Covering from 2011-03-05 08:00.00, until before 2011-03-05 08:30.00&#xD;
Appointments Starting:  AP1: 3/6/2011 8:00:00 AM has no match with AP2Appointments Covering from 2011-03-06 08:00.00, until before 2011-03-06 08:30.00&#xD;
Appointments Starting:  AP1: 3/12/2011 8:00:00 AM has no match with AP2Appointments Covering from 2011-03-12 08:00.00, until before 2011-03-12 08:30.00&#xD;
Appointments Starting:  AP1: 3/13/2011 8:00:00 AM has no match with AP2Appointments Covering from 2011-03-13 08:00.00, until before 2011-03-13 08:30.00&#xD;
Appointments Starting:  AP1: 3/19/2011 8:00:00 AM has no match with AP2Appointments Covering from 2011-03-19 08:00.00, until before 2011-03-19 08:30.00&#xD;
Appointments Starting:  AP1: 3/20/2011 8:00:00 AM has no match with AP2Appointments Covering from 2011-03-20 08:00.00, until before 2011-03-20 08:30.00&#xD;
Appointments Starting:  AP1: 3/26/2011 8:00:00 AM has no match with AP2Appointments Covering from 2011-03-26 08:00.00, until before 2011-03-26 08:30.00&#xD;
Appointments Starting:  AP1: 3/27/2011 7:00:00 AM has no match with AP2Appointments Covering from 2011-03-27 07:00.00, until before 2011-03-27 07:30.00&#xD;
OK : In-Range=372, Out-of-Range=86028&#xD;
TimeProfile test for: Infragistic XML samples\Infragistic 10.2\Recurring_2011-02-16_09.00_to_09.30_yearly.xml&#xD;
Appointments Starting:  AP1: 2/16/2011 8:00:00 AM has no match with AP2Appointments Covering from 2011-02-16 08:00.00, until before 2011-02-16 08:30.00&#xD;
OK : In-Range=31, Out-of-Range=86369&#xD;
TimeProfile test for: Infragistic XML samples\Infragistic 10.2\Recurring_2011-02-16_09.00_to_09.30_yearly_1st_monday_march.xml&#xD;
Appointments Starting:  AP1: 3/7/2011 8:00:00 AM has no match with AP2Appointments Covering from 2011-03-07 08:00.00, until before 2011-03-07 08:30.00&#xD;
OK : In-Range=31, Out-of-Range=86369&#xD;
TimeProfile test for: Infragistic XML samples\Infragistic 10.2\Recurring_2011-03-26_01.30_to_02.30_daily_3days.xml&#xD;
Appointments Starting:  AP1: 3/26/2011 12:30:00 AM has no match with AP2Appointments Covering from 2011-03-26 00:30.00, until before 2011-03-26 01:30.00&#xD;
Appointments Starting:  AP1: 3/27/2011 12:30:00 AM has no match with AP2Appointments Covering from 2011-03-27 00:30.00, until before 2011-03-27 00:59.00&#xD;
Appointments Starting:  AP1: 3/27/2011 11:30:00 PM has no match with AP2Appointments Covering from 2011-03-27 23:30.00, until before 2011-03-28 00:30.00&#xD;
OK : In-Range=152, Out-of-Range=86248&#xD;
TimeProfile test for: Infragistic XML samples\Infragistic 10.2\Recurring_2011-10-29_01.30_to_02.30_daily_3days.xml&#xD;
Appointments Starting:  AP1: 10/28/2011 11:30:00 PM has no match with AP2Appointments Covering from 2011-10-28 23:30.00, until before 2011-10-29 00:30.00&#xD;
Appointments Starting:  AP1: 10/29/2011 11:30:00 PM has no match with AP2Appointments Covering from 2011-10-29 23:30.00, until before 2011-10-30 00:30.00&#xD;
Appointments Starting:  AP1: 10/30/2011 1:00:00 AM has no match with AP2Appointments Covering from 2011-10-30 01:00.00, until before 2011-10-30 01:30.00&#xD;
Appointments Starting:  AP1: 10/31/2011 12:30:00 AM has no match with AP2Appointments Covering from 2011-10-31 00:30.00, until before 2011-10-31 01:30.00&#xD;
OK : In-Range=214, Out-of-Range=86186&#xD;
TimeProfile test for: Infragistic XML samples\Infragistic 10.2\Recurring_2015-05-26_16.00_to_2015-05-28_12_hours_daily.xml&#xD;
Appointments Starting:  AP1: 5/26/2015 2:00:00 PM has no match with AP2Appointments Covering from 2015-05-26 14:00.00, until before 2015-05-27 02:00.00&#xD;
Appointments Starting:  AP1: 5/27/2015 2:00:00 PM has no match with AP2Appointments Covering from 2015-05-27 14:00.00, until before 2015-05-28 02:00.00&#xD;
Appointments Starting:  AP1: 5/28/2015 2:00:00 PM has no match with AP2Appointments Covering from 2015-05-28 14:00.00, until before 2015-05-29 02:00.00&#xD;
OK : In-Range=2163, Out-of-Range=84237&#xD;
TimeProfile test for: Infragistic XML samples\Infragistic 10.2\SingleTime_2011-02-16_09.00_to_09.30.xml&#xD;
Appointments Starting:  AP1: 2/16/2011 8:00:00 AM has no match with AP2Appointments Covering from 2011-02-16 08:00.00, until before 2011-02-16 08:30.00&#xD;
OK : In-Range=31, Out-of-Range=86369&#xD;
TimeProfile test for: Infragistic XML samples\Infragistic 10.2\SingleTime_2011-02-16_09.00_to_09.30_EasternTime.xml&#xD;
Appointments Starting:  AP1: 2/16/2011 8:00:00 AM has no match with AP2Appointments Covering from 2011-02-16 08:00.00, until before 2011-02-16 08:30.00&#xD;
OK : In-Range=31, Out-of-Range=86369&#xD;
TimeProfile test for: Infragistic XML samples\Infragistic 10.2\SingleTime_2011-02-16_09.00_to_2011-02-17_09.30.xml&#xD;
Appointments Starting:  AP1: 2/16/2011 8:00:00 AM has no match with AP2Appointments Covering from 2011-02-16 08:00.00, until before 2011-02-17 08:30.00&#xD;
OK : In-Range=1471, Out-of-Range=84929&#xD;
TimeProfile test for: Infragistic XML samples\Infragistic 10.2\SingleTime_2015-05-26_13.00_to_2015-05-28_13.00.xml&#xD;
Appointments Starting:  AP1: 5/26/2015 11:00:00 AM has no match with AP2Appointments Covering from 2015-05-26 11:00.00, until before 2015-05-28 11:00.00&#xD;
OK : In-Range=2881, Out-of-Range=83519</StdOut>
      </Output>
    </UnitTestResult>
    <UnitTestResult executionId="41c09f92-5b87-4dd9-8c23-baadc89ef3de" testId="7474eaf9-4691-c724-7059-79bd4de0a7aa" testName="TimeProfileInfragisticEvaluator102Constructor13Test" computerName="DKSR-EFI-06" duration="00:00:00.0055176" startTime="2024-01-09T15:41:27.2944193+01:00" endTime="2024-01-09T15:41:27.2944193+01:00" testType="13cdc9d9-ddb5-4fa4-a97d-d965ccfc6d4b" outcome="Passed" testListId="8c84fa94-04c1-424b-9868-57a2d4851a1d" relativeResultsDirectory="41c09f92-5b87-4dd9-8c23-baadc89ef3de" />
    <UnitTestResult executionId="bcf7f2f4-91fe-4b03-bc97-be2f77a66acc" testId="4338ce52-0830-0198-a576-283d437604a1" testName="GetAppointmentsSingleDifferentTimeZoneTest" computerName="DKSR-EFI-06" duration="00:00:00.0043931" startTime="2024-01-09T15:41:28.3256808+01:00" endTime="2024-01-09T15:41:28.3256808+01:00" testType="13cdc9d9-ddb5-4fa4-a97d-d965ccfc6d4b" outcome="Passed" testListId="8c84fa94-04c1-424b-9868-57a2d4851a1d" relativeResultsDirectory="bcf7f2f4-91fe-4b03-bc97-be2f77a66acc" />
    <UnitTestResult executionId="b59d19db-21e6-4e82-9733-b383cf3f0084" testId="97a164e1-33b5-d9e2-8420-1ad84de9eab2" testName="GetAppointmentsTestSummerTime1" computerName="DKSR-EFI-06" duration="00:00:00.0012164" startTime="2024-01-09T15:41:28.9194363+01:00" endTime="2024-01-09T15:41:28.9350605+01:00" testType="13cdc9d9-ddb5-4fa4-a97d-d965ccfc6d4b" outcome="Passed" testListId="8c84fa94-04c1-424b-9868-57a2d4851a1d" relativeResultsDirectory="b59d19db-21e6-4e82-9733-b383cf3f0084" />
    <UnitTestResult executionId="cfd38ca1-f21e-454b-b5bd-7fc4865329fa" testId="85f418b3-c6e9-c388-63a8-bba89426e870" testName="ConvertGpsValueTestInvalidDoubleString2" computerName="DKSR-EFI-06" duration="00:00:00.0006891" startTime="2024-01-09T15:41:09.6381532+01:00" endTime="2024-01-09T15:41:09.6381532+01:00" testType="13cdc9d9-ddb5-4fa4-a97d-d965ccfc6d4b" outcome="Passed" testListId="8c84fa94-04c1-424b-9868-57a2d4851a1d" relativeResultsDirectory="cfd38ca1-f21e-454b-b5bd-7fc4865329fa" />
    <UnitTestResult executionId="f988bee9-802c-48fa-a5cf-56f99f97fa99" testId="cf7de98e-a0a5-aa33-9cf0-4bce68325e4f" testName="GetSunriseSunsetAppointmentTestHonolulu21DecMinus10TimeZone" computerName="DKSR-EFI-06" duration="00:00:00.0005877" startTime="2024-01-09T15:41:28.8569355+01:00" endTime="2024-01-09T15:41:28.8569355+01:00" testType="13cdc9d9-ddb5-4fa4-a97d-d965ccfc6d4b" outcome="Passed" testListId="8c84fa94-04c1-424b-9868-57a2d4851a1d" relativeResultsDirectory="f988bee9-802c-48fa-a5cf-56f99f97fa99" />
    <UnitTestResult executionId="1b2880e7-f021-49ee-ab1a-32cfea0704cb" testId="bc53a59c-a692-1ef0-1138-1fa4ed3f7f7c" testName="GetAppointmentsRecurringDaily2DaysInfragisticVersionTest" computerName="DKSR-EFI-06" duration="00:00:00.0424527" startTime="2024-01-09T15:41:27.5912982+01:00" endTime="2024-01-09T15:41:27.6381738+01:00" testType="13cdc9d9-ddb5-4fa4-a97d-d965ccfc6d4b" outcome="Passed" testListId="8c84fa94-04c1-424b-9868-57a2d4851a1d" relativeResultsDirectory="1b2880e7-f021-49ee-ab1a-32cfea0704cb" />
    <UnitTestResult executionId="47f137bc-ac75-4250-bad2-86a400c443ae" testId="fa47577f-29a5-fcf6-14a8-811660d3847e" testName="TimeProfileInfragisticEvaluatorStripTimeZoneInfoTest" computerName="DKSR-EFI-06" duration="00:00:00.0034289" startTime="2024-01-09T15:41:27.3412962+01:00" endTime="2024-01-09T15:41:27.3569186+01:00" testType="13cdc9d9-ddb5-4fa4-a97d-d965ccfc6d4b" outcome="Passed" testListId="8c84fa94-04c1-424b-9868-57a2d4851a1d" relativeResultsDirectory="47f137bc-ac75-4250-bad2-86a400c443ae" />
    <UnitTestResult executionId="6974bb1a-425d-4645-84f9-1b061f81e5a9" testId="eb4379f5-470b-bcca-d01f-3a829ebf8bc3" testName="TimeProfileInfragisticEvaluator63Constructor4Test" computerName="DKSR-EFI-06" duration="00:00:00.0071121" startTime="2024-01-09T15:41:27.0131716+01:00" endTime="2024-01-09T15:41:27.0131716+01:00" testType="13cdc9d9-ddb5-4fa4-a97d-d965ccfc6d4b" outcome="Passed" testListId="8c84fa94-04c1-424b-9868-57a2d4851a1d" relativeResultsDirectory="6974bb1a-425d-4645-84f9-1b061f81e5a9" />
    <UnitTestResult executionId="dce723e6-5fbb-43a0-9723-56afe0a6d10d" testId="564cba20-8c21-2649-e016-8b61813764a9" testName="CalculateSunriseSunsetWilliamTestAntarctica24SeptemberSunrise" computerName="DKSR-EFI-06" duration="00:00:00.0001875" startTime="2024-01-09T15:41:28.8413077+01:00" endTime="2024-01-09T15:41:28.8413077+01:00" testType="13cdc9d9-ddb5-4fa4-a97d-d965ccfc6d4b" outcome="Passed" testListId="8c84fa94-04c1-424b-9868-57a2d4851a1d" relativeResultsDirectory="dce723e6-5fbb-43a0-9723-56afe0a6d10d" />
    <UnitTestResult executionId="0dfaa6db-b37b-4df1-a19f-d07cbbf8008a" testId="a90dcef3-f014-d6b8-4448-7a2d189e1c06" testName="CalculateSunriseSunsetWilliamTestHonolulu21JunSunset" computerName="DKSR-EFI-06" duration="00:00:00.0002015" startTime="2024-01-09T15:41:28.7319320+01:00" endTime="2024-01-09T15:41:28.7319320+01:00" testType="13cdc9d9-ddb5-4fa4-a97d-d965ccfc6d4b" outcome="Passed" testListId="8c84fa94-04c1-424b-9868-57a2d4851a1d" relativeResultsDirectory="0dfaa6db-b37b-4df1-a19f-d07cbbf8008a" />
    <UnitTestResult executionId="b3278993-e9f5-41a7-95e4-207c55a4ddb9" testId="2af0a12c-b4f0-bb6f-eb77-6788ac460193" testName="CalculateSunriseSunsetWilliamTestSanJuan21JunSunrise" computerName="DKSR-EFI-06" duration="00:00:00.0001874" startTime="2024-01-09T15:41:28.7006832+01:00" endTime="2024-01-09T15:41:28.7006832+01:00" testType="13cdc9d9-ddb5-4fa4-a97d-d965ccfc6d4b" outcome="Passed" testListId="8c84fa94-04c1-424b-9868-57a2d4851a1d" relativeResultsDirectory="b3278993-e9f5-41a7-95e4-207c55a4ddb9" />
    <UnitTestResult executionId="564b1a84-a84f-48a9-9550-1afc8edf1416" testId="c2e323ce-b9ad-50ae-fcf3-bd0b2681e395" testName="TimeProfileSunClockDefinitionConstructor1Test" computerName="DKSR-EFI-06" duration="00:00:00.0010195" startTime="2024-01-09T15:41:28.4350549+01:00" endTime="2024-01-09T15:41:28.4350549+01:00" testType="13cdc9d9-ddb5-4fa4-a97d-d965ccfc6d4b" outcome="Passed" testListId="8c84fa94-04c1-424b-9868-57a2d4851a1d" relativeResultsDirectory="564b1a84-a84f-48a9-9550-1afc8edf1416" />
    <UnitTestResult executionId="b3d7c5d3-696a-4506-afee-aee99164729b" testId="6fcc8d45-2757-307b-667e-cbcfb0b27895" testName="TimeProfileInfragisticEvaluator102Constructor12Test" computerName="DKSR-EFI-06" duration="00:00:00.0052056" startTime="2024-01-09T15:41:27.2787930+01:00" endTime="2024-01-09T15:41:27.2944193+01:00" testType="13cdc9d9-ddb5-4fa4-a97d-d965ccfc6d4b" outcome="Passed" testListId="8c84fa94-04c1-424b-9868-57a2d4851a1d" relativeResultsDirectory="b3d7c5d3-696a-4506-afee-aee99164729b" />
    <UnitTestResult executionId="82c288ee-5d99-498c-88de-ccc4ebef2685" testId="5992360e-fe1b-2e69-ba34-16af7638bbc1" testName="TimeProfileInfragisticEvaluatorConstructorTest" computerName="DKSR-EFI-06" duration="00:00:00.0028879" startTime="2024-01-09T15:41:26.9662938+01:00" endTime="2024-01-09T15:41:26.9662938+01:00" testType="13cdc9d9-ddb5-4fa4-a97d-d965ccfc6d4b" outcome="Passed" testListId="8c84fa94-04c1-424b-9868-57a2d4851a1d" relativeResultsDirectory="82c288ee-5d99-498c-88de-ccc4ebef2685" />
    <UnitTestResult executionId="b25473fb-0cce-477b-9c80-a5ab27142bfb" testId="13b564b3-27f7-00f6-3dcd-dce6c4b25a8f" testName="ConvertGpsValueTestIndex2Length3" computerName="DKSR-EFI-06" duration="00:00:00.0001608" startTime="2024-01-09T15:41:09.6069031+01:00" endTime="2024-01-09T15:41:09.6069031+01:00" testType="13cdc9d9-ddb5-4fa4-a97d-d965ccfc6d4b" outcome="Passed" testListId="8c84fa94-04c1-424b-9868-57a2d4851a1d" relativeResultsDirectory="b25473fb-0cce-477b-9c80-a5ab27142bfb" />
    <UnitTestResult executionId="935d3f28-ee15-4427-8f3a-e0f19e3e4989" testId="63918b10-115b-4ecc-a06c-6f18a053d544" testName="GetAppointmentsRecurringMonthlyFirstMondayInfragisticVersionTest" computerName="DKSR-EFI-06" duration="00:00:00.0546789" startTime="2024-01-09T15:41:27.9194255+01:00" endTime="2024-01-09T15:41:27.9663002+01:00" testType="13cdc9d9-ddb5-4fa4-a97d-d965ccfc6d4b" outcome="Passed" testListId="8c84fa94-04c1-424b-9868-57a2d4851a1d" relativeResultsDirectory="935d3f28-ee15-4427-8f3a-e0f19e3e4989" />
    <UnitTestResult executionId="a4a47d96-61e3-4d03-a04b-877356d8cbf6" testId="fa27f15a-71de-d8e4-0317-a7cfd7f09f5d" testName="TimeProfileEvaluatorConstructorTestSunClockInvalidXml" computerName="DKSR-EFI-06" duration="00:00:00.0414549" startTime="2024-01-09T15:41:10.8569053+01:00" endTime="2024-01-09T15:41:10.8881554+01:00" testType="13cdc9d9-ddb5-4fa4-a97d-d965ccfc6d4b" outcome="Passed" testListId="8c84fa94-04c1-424b-9868-57a2d4851a1d" relativeResultsDirectory="a4a47d96-61e3-4d03-a04b-877356d8cbf6" />
    <UnitTestResult executionId="e54d78f3-0dcb-41a1-8b24-d4fe774b4214" testId="2bf67104-0467-894b-4e19-c5a6e1230147" testName="CalculateSunriseSunsetWilliamTestArctic20MarchSunrise" computerName="DKSR-EFI-06" duration="00:00:00.0002233" startTime="2024-01-09T15:41:28.7944330+01:00" endTime="2024-01-09T15:41:28.7944330+01:00" testType="13cdc9d9-ddb5-4fa4-a97d-d965ccfc6d4b" outcome="Passed" testListId="8c84fa94-04c1-424b-9868-57a2d4851a1d" relativeResultsDirectory="e54d78f3-0dcb-41a1-8b24-d4fe774b4214" />
    <UnitTestResult executionId="958646d2-c266-478b-96fc-1dae5a2ba041" testId="10ff8446-33ac-f92d-dee3-4cf38bc4c921" testName="EvaluateTimeTestInfragisticsRecurringAboveDayLimit" computerName="DKSR-EFI-06" duration="00:00:00.0151914" startTime="2024-01-09T15:41:11.5131574+01:00" endTime="2024-01-09T15:41:11.5287831+01:00" testType="13cdc9d9-ddb5-4fa4-a97d-d965ccfc6d4b" outcome="Passed" testListId="8c84fa94-04c1-424b-9868-57a2d4851a1d" relativeResultsDirectory="958646d2-c266-478b-96fc-1dae5a2ba041" />
    <UnitTestResult executionId="4bd72b28-a624-4b5f-b9b2-0fab54ef00c1" testId="40cbc5e4-9a58-bc8a-43c2-b23131016951" testName="CalculateSunriseSunsetWilliamTestArctic21MarchSunset" computerName="DKSR-EFI-06" duration="00:00:00.0002003" startTime="2024-01-09T15:41:28.7944330+01:00" endTime="2024-01-09T15:41:28.7944330+01:00" testType="13cdc9d9-ddb5-4fa4-a97d-d965ccfc6d4b" outcome="Passed" testListId="8c84fa94-04c1-424b-9868-57a2d4851a1d" relativeResultsDirectory="4bd72b28-a624-4b5f-b9b2-0fab54ef00c1" />
    <UnitTestResult executionId="fbb2263a-7d66-42d2-955e-ed99dd84abae" testId="e2b54495-fce9-f4f0-bcb3-923bdb59abd8" testName="CalculateSunriseSunsetWilliamTestAntarctica19MarchSunrise" computerName="DKSR-EFI-06" duration="00:00:00.0002056" startTime="2024-01-09T15:41:28.8256837+01:00" endTime="2024-01-09T15:41:28.8256837+01:00" testType="13cdc9d9-ddb5-4fa4-a97d-d965ccfc6d4b" outcome="Passed" testListId="8c84fa94-04c1-424b-9868-57a2d4851a1d" relativeResultsDirectory="fbb2263a-7d66-42d2-955e-ed99dd84abae" />
    <UnitTestResult executionId="60770a24-496d-428f-9fa9-d8644c66e08d" testId="0e076750-4e99-ddd5-434d-86de255ea605" testName="EvaluateTimeTestSunClockWinterTime2" computerName="DKSR-EFI-06" duration="00:00:00.0005715" startTime="2024-01-09T15:41:11.3569063+01:00" endTime="2024-01-09T15:41:11.3569063+01:00" testType="13cdc9d9-ddb5-4fa4-a97d-d965ccfc6d4b" outcome="Passed" testListId="8c84fa94-04c1-424b-9868-57a2d4851a1d" relativeResultsDirectory="60770a24-496d-428f-9fa9-d8644c66e08d" />
    <UnitTestResult executionId="2143cb91-71cb-4bf9-b025-beb90a2b5762" testId="bec7abe0-9ae0-be4b-21c0-f94fd35a4de5" testName="ConvertGpsValueTestIndex0Length1" computerName="DKSR-EFI-06" duration="00:00:00.0006275" startTime="2024-01-09T15:41:09.5756513+01:00" endTime="2024-01-09T15:41:09.5756513+01:00" testType="13cdc9d9-ddb5-4fa4-a97d-d965ccfc6d4b" outcome="Passed" testListId="8c84fa94-04c1-424b-9868-57a2d4851a1d" relativeResultsDirectory="2143cb91-71cb-4bf9-b025-beb90a2b5762" />
    <UnitTestResult executionId="5ce7eddb-2a60-4c2d-9e5f-74bab704ec66" testId="55913386-00c2-6110-e011-ed47c2e88530" testName="CalculateSunriseSunsetWilliamTestDaresSalaam21JunSunset" computerName="DKSR-EFI-06" duration="00:00:00.0001910" startTime="2024-01-09T15:41:28.7163079+01:00" endTime="2024-01-09T15:41:28.7163079+01:00" testType="13cdc9d9-ddb5-4fa4-a97d-d965ccfc6d4b" outcome="Passed" testListId="8c84fa94-04c1-424b-9868-57a2d4851a1d" relativeResultsDirectory="5ce7eddb-2a60-4c2d-9e5f-74bab704ec66" />
    <UnitTestResult executionId="873c9a4c-6244-49ce-ba44-ab46809cae4c" testId="838f84ea-6e98-41a6-c5b1-54f2facc4722" testName="RemoveTimeProfileTest" computerName="DKSR-EFI-06" duration="00:00:00.0008559" startTime="2024-01-09T15:41:28.3881799+01:00" endTime="2024-01-09T15:41:28.3881799+01:00" testType="13cdc9d9-ddb5-4fa4-a97d-d965ccfc6d4b" outcome="Passed" testListId="8c84fa94-04c1-424b-9868-57a2d4851a1d" relativeResultsDirectory="873c9a4c-6244-49ce-ba44-ab46809cae4c" />
    <UnitTestResult executionId="1b676f5f-276f-4439-a3b8-50fc76c20a9e" testId="2ddffbe5-68d7-54a9-0780-a99407bb636e" testName="GetAppointmentsAllDayTwoDaysInfragisticVersionTest" computerName="DKSR-EFI-06" duration="00:00:00.0124130" startTime="2024-01-09T15:41:27.4506714+01:00" endTime="2024-01-09T15:41:27.4506714+01:00" testType="13cdc9d9-ddb5-4fa4-a97d-d965ccfc6d4b" outcome="Passed" testListId="8c84fa94-04c1-424b-9868-57a2d4851a1d" relativeResultsDirectory="1b676f5f-276f-4439-a3b8-50fc76c20a9e" />
    <UnitTestResult executionId="8f125e2d-9b4e-4b5b-bee5-fbc10692fb94" testId="8580234c-9dad-f2ac-5bb0-6fc1a8420dc8" testName="GpsParserTestNullString" computerName="DKSR-EFI-06" duration="00:00:00.0006140" startTime="2024-01-09T15:41:09.7787767+01:00" endTime="2024-01-09T15:41:09.7787767+01:00" testType="13cdc9d9-ddb5-4fa4-a97d-d965ccfc6d4b" outcome="Passed" testListId="8c84fa94-04c1-424b-9868-57a2d4851a1d" relativeResultsDirectory="8f125e2d-9b4e-4b5b-bee5-fbc10692fb94" />
    <UnitTestResult executionId="0c81f6a7-4aac-493a-a821-dee12edfca03" testId="bacfdbdd-789a-51b9-c55f-193ddb519db4" testName="ConvertGpsValueTestShouldBeInteger2" computerName="DKSR-EFI-06" duration="00:00:00.0006045" startTime="2024-01-09T15:41:09.6225282+01:00" endTime="2024-01-09T15:41:09.6225282+01:00" testType="13cdc9d9-ddb5-4fa4-a97d-d965ccfc6d4b" outcome="Passed" testListId="8c84fa94-04c1-424b-9868-57a2d4851a1d" relativeResultsDirectory="0c81f6a7-4aac-493a-a821-dee12edfca03" />
    <UnitTestResult executionId="df874cb3-68e6-4a12-922d-f73dc25e3eed" testId="6d0c8991-6d20-2067-f426-7bcd07804623" testName="GetAppointmentsRecurringYearlyFirstMondayMartsInfragisticVersionTest" computerName="DKSR-EFI-06" duration="00:00:00.0552914" startTime="2024-01-09T15:41:28.2475954+01:00" endTime="2024-01-09T15:41:28.2944292+01:00" testType="13cdc9d9-ddb5-4fa4-a97d-d965ccfc6d4b" outcome="Passed" testListId="8c84fa94-04c1-424b-9868-57a2d4851a1d" relativeResultsDirectory="df874cb3-68e6-4a12-922d-f73dc25e3eed" />
    <UnitTestResult executionId="b4219df6-a1af-4dfb-984d-51d69455b20b" testId="aaf518b3-b5a7-ba43-e0ba-fcb4fa98c9a0" testName="TimeProfileInfragisticEvaluatorConstructorArgumentNullTest" computerName="DKSR-EFI-06" duration="00:00:00.0006508" startTime="2024-01-09T15:41:26.9662938+01:00" endTime="2024-01-09T15:41:26.9819185+01:00" testType="13cdc9d9-ddb5-4fa4-a97d-d965ccfc6d4b" outcome="Passed" testListId="8c84fa94-04c1-424b-9868-57a2d4851a1d" relativeResultsDirectory="b4219df6-a1af-4dfb-984d-51d69455b20b" />
    <UnitTestResult executionId="8dc69eaa-0992-4e0c-a2ee-829e513691eb" testId="96f25c26-7aaa-4cb6-9300-829db3e9cafa" testName="GPSCoordinateConstructorTestLatitudeOutOfRange" computerName="DKSR-EFI-06" duration="00:00:00.0068146" startTime="2024-01-09T15:41:09.5444038+01:00" endTime="2024-01-09T15:41:09.5444038+01:00" testType="13cdc9d9-ddb5-4fa4-a97d-d965ccfc6d4b" outcome="Passed" testListId="8c84fa94-04c1-424b-9868-57a2d4851a1d" relativeResultsDirectory="8dc69eaa-0992-4e0c-a2ee-829e513691eb" />
    <UnitTestResult executionId="400148e2-4895-40fa-88e5-f5d96a7a25bc" testId="b3811ac6-fd4f-a054-c7bf-adbc877fe529" testName="GpsParserTestInvalidNoOfDirectionSpecifiers2" computerName="DKSR-EFI-06" duration="00:00:00.0007253" startTime="2024-01-09T15:41:09.7631515+01:00" endTime="2024-01-09T15:41:09.7631515+01:00" testType="13cdc9d9-ddb5-4fa4-a97d-d965ccfc6d4b" outcome="Passed" testListId="8c84fa94-04c1-424b-9868-57a2d4851a1d" relativeResultsDirectory="400148e2-4895-40fa-88e5-f5d96a7a25bc" />
    <UnitTestResult executionId="59168500-945e-41f0-b872-f8b27abe0d81" testId="da43a862-7e0d-490e-d2dc-c4908f0429c2" testName="CalculateSunriseSunsetWilliamTestAntarctica21JunSunset" computerName="DKSR-EFI-06" duration="00:00:00.0002033" startTime="2024-01-09T15:41:28.8256837+01:00" endTime="2024-01-09T15:41:28.8256837+01:00" testType="13cdc9d9-ddb5-4fa4-a97d-d965ccfc6d4b" outcome="Passed" testListId="8c84fa94-04c1-424b-9868-57a2d4851a1d" relativeResultsDirectory="59168500-945e-41f0-b872-f8b27abe0d81" />
    <UnitTestResult executionId="b70ca731-47a0-464f-b517-5bffc8c8cf9c" testId="a35f4d4b-faca-8b86-2699-fa54e883307b" testName="TimeProfileInfragisticEvaluator102Constructor14Test" computerName="DKSR-EFI-06" duration="00:00:00.0055124" startTime="2024-01-09T15:41:27.3100460+01:00" endTime="2024-01-09T15:41:27.3100460+01:00" testType="13cdc9d9-ddb5-4fa4-a97d-d965ccfc6d4b" outcome="Passed" testListId="8c84fa94-04c1-424b-9868-57a2d4851a1d" relativeResultsDirectory="b70ca731-47a0-464f-b517-5bffc8c8cf9c" />
    <UnitTestResult executionId="df85c263-2628-4a8e-bdfe-9a51921c6c49" testId="43f3967c-9632-22be-f9e6-13767d04af3c" testName="ConvertGpsValueTestInvalidIndex2" computerName="DKSR-EFI-06" duration="00:00:00.0005542" startTime="2024-01-09T15:41:09.6225282+01:00" endTime="2024-01-09T15:41:09.6225282+01:00" testType="13cdc9d9-ddb5-4fa4-a97d-d965ccfc6d4b" outcome="Passed" testListId="8c84fa94-04c1-424b-9868-57a2d4851a1d" relativeResultsDirectory="df85c263-2628-4a8e-bdfe-9a51921c6c49" />
    <UnitTestResult executionId="239ce9f8-2f91-423a-adcf-3e82f5073541" testId="d4430f35-a504-fb52-aac1-3c3290d1e1c9" testName="GetAppointmentsTestAbovePolarCircle26MayPlus10TimeZone" computerName="DKSR-EFI-06" duration="00:00:00.0009720" startTime="2024-01-09T15:41:28.9194363+01:00" endTime="2024-01-09T15:41:28.9194363+01:00" testType="13cdc9d9-ddb5-4fa4-a97d-d965ccfc6d4b" outcome="Passed" testListId="8c84fa94-04c1-424b-9868-57a2d4851a1d" relativeResultsDirectory="239ce9f8-2f91-423a-adcf-3e82f5073541" />
    <UnitTestResult executionId="883274a6-d950-4e26-aeac-b1a73055b2bd" testId="b17474d1-50ec-2b9e-79f1-c113f0592a16" testName="CalculateSunriseSunsetWilliamTestNearAntarctica21DecSunset" computerName="DKSR-EFI-06" duration="00:00:00.0001973" startTime="2024-01-09T15:41:28.7631833+01:00" endTime="2024-01-09T15:41:28.7631833+01:00" testType="13cdc9d9-ddb5-4fa4-a97d-d965ccfc6d4b" outcome="Passed" testListId="8c84fa94-04c1-424b-9868-57a2d4851a1d" relativeResultsDirectory="883274a6-d950-4e26-aeac-b1a73055b2bd" />
    <UnitTestResult executionId="2cd5d9d2-7e36-45fd-b83f-8a82bfed274a" testId="5761ca89-84aa-bb06-cddd-6e16dec51b6c" testName="TimeProfileSunClockEvaluatorConstructorTestObject" computerName="DKSR-EFI-06" duration="00:00:00.0003984" startTime="2024-01-09T15:41:28.6694322+01:00" endTime="2024-01-09T15:41:28.6694322+01:00" testType="13cdc9d9-ddb5-4fa4-a97d-d965ccfc6d4b" outcome="Passed" testListId="8c84fa94-04c1-424b-9868-57a2d4851a1d" relativeResultsDirectory="2cd5d9d2-7e36-45fd-b83f-8a82bfed274a" />
    <UnitTestResult executionId="da742843-f910-4710-a80a-377057c3b2c1" testId="4406742a-9151-cbb8-451e-b53e2c726cbf" testName="ToXmlTest" computerName="DKSR-EFI-06" duration="00:00:00.0059198" startTime="2024-01-09T15:41:28.5756837+01:00" endTime="2024-01-09T15:41:28.5756837+01:00" testType="13cdc9d9-ddb5-4fa4-a97d-d965ccfc6d4b" outcome="Passed" testListId="8c84fa94-04c1-424b-9868-57a2d4851a1d" relativeResultsDirectory="da742843-f910-4710-a80a-377057c3b2c1" />
    <UnitTestResult executionId="1958de6b-41e1-4075-bcfd-a72b11d23ca1" testId="bc9f04c2-04ce-c3bb-3a05-f2c7d849224a" testName="GpsParserTestTooFewBlocks" computerName="DKSR-EFI-06" duration="00:00:00.0009128" startTime="2024-01-09T15:41:09.6850279+01:00" endTime="2024-01-09T15:41:09.7006526+01:00" testType="13cdc9d9-ddb5-4fa4-a97d-d965ccfc6d4b" outcome="Passed" testListId="8c84fa94-04c1-424b-9868-57a2d4851a1d" relativeResultsDirectory="1958de6b-41e1-4075-bcfd-a72b11d23ca1" />
    <UnitTestResult executionId="59e0fede-d051-4952-af4e-6fcdf8a120a2" testId="92a1a4dd-0b5b-baa1-3b35-7ae4091132a4" testName="GetSunriseSunsetAppointmentTestCopenhagen21JunMinus10TimeZone" computerName="DKSR-EFI-06" duration="00:00:00.0005729" startTime="2024-01-09T15:41:28.8569355+01:00" endTime="2024-01-09T15:41:28.8569355+01:00" testType="13cdc9d9-ddb5-4fa4-a97d-d965ccfc6d4b" outcome="Passed" testListId="8c84fa94-04c1-424b-9868-57a2d4851a1d" relativeResultsDirectory="59e0fede-d051-4952-af4e-6fcdf8a120a2" />
    <UnitTestResult executionId="0ebf908a-d950-4416-8995-809a07c65dec" testId="9913f251-757a-e0ec-095c-233b1c19ef39" testName="CalculateSunriseSunsetWilliamTestNearAntarctica23SeptemberSunset" computerName="DKSR-EFI-06" duration="00:00:00.0001939" startTime="2024-01-09T15:41:28.7788089+01:00" endTime="2024-01-09T15:41:28.7788089+01:00" testType="13cdc9d9-ddb5-4fa4-a97d-d965ccfc6d4b" outcome="Passed" testListId="8c84fa94-04c1-424b-9868-57a2d4851a1d" relativeResultsDirectory="0ebf908a-d950-4416-8995-809a07c65dec" />
    <UnitTestResult executionId="4bf67855-1e8d-4ac7-b562-27fa387d8714" testId="400aa72e-681c-6ef6-dca8-adc276859a2a" testName="GetAppointmentsTestCopenhagen21JunPlus10TimeZone" computerName="DKSR-EFI-06" duration="00:00:00.0009258" startTime="2024-01-09T15:41:28.9038107+01:00" endTime="2024-01-09T15:41:28.9038107+01:00" testType="13cdc9d9-ddb5-4fa4-a97d-d965ccfc6d4b" outcome="Passed" testListId="8c84fa94-04c1-424b-9868-57a2d4851a1d" relativeResultsDirectory="4bf67855-1e8d-4ac7-b562-27fa387d8714" />
    <UnitTestResult executionId="fb417b22-4eae-4a8b-bd0d-b9e66a89330b" testId="4efb9c56-1d02-d240-7b44-4fbf61e9f062" testName="GetSunriseSunsetAppointmentTestSidney21DecMinus10TimeZone" computerName="DKSR-EFI-06" duration="00:00:00.0006293" startTime="2024-01-09T15:41:28.8725605+01:00" endTime="2024-01-09T15:41:28.8725605+01:00" testType="13cdc9d9-ddb5-4fa4-a97d-d965ccfc6d4b" outcome="Passed" testListId="8c84fa94-04c1-424b-9868-57a2d4851a1d" relativeResultsDirectory="fb417b22-4eae-4a8b-bd0d-b9e66a89330b" />
    <UnitTestResult executionId="48b1c34f-9ed8-4514-bc38-b47715915d95" testId="938df8ef-a721-5b4a-02ff-4ea790775017" testName="TimeProfileInfragisticEvaluatorStripTimeZoneInfoInfragisticTest" computerName="DKSR-EFI-06" duration="00:00:00.0499536" startTime="2024-01-09T15:41:27.3569186+01:00" endTime="2024-01-09T15:41:27.4037945+01:00" testType="13cdc9d9-ddb5-4fa4-a97d-d965ccfc6d4b" outcome="Passed" testListId="8c84fa94-04c1-424b-9868-57a2d4851a1d" relativeResultsDirectory="48b1c34f-9ed8-4514-bc38-b47715915d95" />
    <UnitTestResult executionId="fc49e171-7eb7-44dd-bf53-f6b91ef07486" testId="bc671f61-a193-5168-ad16-96831fa39bca" testName="CalculateSunriseSunsetWilliamTestArctic22SeptemberSunset" computerName="DKSR-EFI-06" duration="00:00:00.0001997" startTime="2024-01-09T15:41:28.8100617+01:00" endTime="2024-01-09T15:41:28.8100617+01:00" testType="13cdc9d9-ddb5-4fa4-a97d-d965ccfc6d4b" outcome="Passed" testListId="8c84fa94-04c1-424b-9868-57a2d4851a1d" relativeResultsDirectory="fc49e171-7eb7-44dd-bf53-f6b91ef07486" />
    <UnitTestResult executionId="b4f4de5e-fa83-46c2-8d14-c5c270efbf92" testId="bae89723-ecf5-2d1f-3fcc-734b3112a34f" testName="EvaluateTimeTestSunClockCopenhagen21DecNotOK" computerName="DKSR-EFI-06" duration="00:00:00.0256271" startTime="2024-01-09T15:41:11.3100303+01:00" endTime="2024-01-09T15:41:11.3256563+01:00" testType="13cdc9d9-ddb5-4fa4-a97d-d965ccfc6d4b" outcome="Passed" testListId="8c84fa94-04c1-424b-9868-57a2d4851a1d" relativeResultsDirectory="b4f4de5e-fa83-46c2-8d14-c5c270efbf92" />
    <UnitTestResult executionId="28e4ad7f-14c6-4bbd-87d4-af15921530af" testId="56fb1d24-a575-e9c8-f392-8480300fd795" testName="TimeProfileSunClockEvaluatorConstructorTestDefinitionEmpty" computerName="DKSR-EFI-06" duration="00:00:00.0008148" startTime="2024-01-09T15:41:28.6694322+01:00" endTime="2024-01-09T15:41:28.6694322+01:00" testType="13cdc9d9-ddb5-4fa4-a97d-d965ccfc6d4b" outcome="Passed" testListId="8c84fa94-04c1-424b-9868-57a2d4851a1d" relativeResultsDirectory="28e4ad7f-14c6-4bbd-87d4-af15921530af" />
    <UnitTestResult executionId="bfc04cd7-120a-43fe-b709-222bc3155da7" testId="e6bba712-d49f-1831-12e5-7457bbadb0e7" testName="TimeProfileEvaluatorConstructorTestInfragisticsInvalidXml" computerName="DKSR-EFI-06" duration="00:00:01.0293682" startTime="2024-01-09T15:41:09.8256525+01:00" endTime="2024-01-09T15:41:10.8412784+01:00" testType="13cdc9d9-ddb5-4fa4-a97d-d965ccfc6d4b" outcome="Passed" testListId="8c84fa94-04c1-424b-9868-57a2d4851a1d" relativeResultsDirectory="bfc04cd7-120a-43fe-b709-222bc3155da7" />
    <UnitTestResult executionId="159580c6-7df4-4490-a4dd-008ab3187349" testId="17aa8b1d-271b-401b-1922-a6de5474eb64" testName="GpsParserTest3_1Blocks" computerName="DKSR-EFI-06" duration="00:00:00.0003152" startTime="2024-01-09T15:41:09.6850279+01:00" endTime="2024-01-09T15:41:09.6850279+01:00" testType="13cdc9d9-ddb5-4fa4-a97d-d965ccfc6d4b" outcome="Passed" testListId="8c84fa94-04c1-424b-9868-57a2d4851a1d" relativeResultsDirectory="159580c6-7df4-4490-a4dd-008ab3187349" />
    <UnitTestResult executionId="5fb6f951-a934-4af9-8f56-67cfa08b39d3" testId="a39bcea0-b415-4e9f-c089-e4b96f947ebb" testName="GpsParserTest1_1BlocksPlusMinus" computerName="DKSR-EFI-06" duration="00:00:00.0003209" startTime="2024-01-09T15:41:09.6537778+01:00" endTime="2024-01-09T15:41:09.6537778+01:00" testType="13cdc9d9-ddb5-4fa4-a97d-d965ccfc6d4b" outcome="Passed" testListId="8c84fa94-04c1-424b-9868-57a2d4851a1d" relativeResultsDirectory="5fb6f951-a934-4af9-8f56-67cfa08b39d3" />
    <UnitTestResult executionId="eb35ea21-9a46-4076-b336-cd2e36b58540" testId="88bb5f51-3d39-a235-2631-19b103afb715" testName="TimeProfileEvaluatorConstructorTestWrongTimeProfileType" computerName="DKSR-EFI-06" duration="00:00:00.0032981" startTime="2024-01-09T15:41:09.7944033+01:00" endTime="2024-01-09T15:41:09.7944033+01:00" testType="13cdc9d9-ddb5-4fa4-a97d-d965ccfc6d4b" outcome="Passed" testListId="8c84fa94-04c1-424b-9868-57a2d4851a1d" relativeResultsDirectory="eb35ea21-9a46-4076-b336-cd2e36b58540" />
    <UnitTestResult executionId="92b4859d-3de6-4165-b95c-b06b03c9d8f9" testId="1e282049-693d-bd53-a7e1-27e3df90a4a4" testName="FromXmlInvalidXmlNoArgumentOutOfRangeGPSTest" computerName="DKSR-EFI-06" duration="00:00:00.0007510" startTime="2024-01-09T15:41:28.5600564+01:00" endTime="2024-01-09T15:41:28.5600564+01:00" testType="13cdc9d9-ddb5-4fa4-a97d-d965ccfc6d4b" outcome="Passed" testListId="8c84fa94-04c1-424b-9868-57a2d4851a1d" relativeResultsDirectory="92b4859d-3de6-4165-b95c-b06b03c9d8f9" />
    <UnitTestResult executionId="2111f063-fa4d-4394-8a77-1726fa054a3a" testId="7bc819d9-8903-6b28-791f-8cffafffb964" testName="GetSunriseSunsetAppointmentTestCopenhagen21JunUtcTimeZone" computerName="DKSR-EFI-06" duration="00:00:00.0004368" startTime="2024-01-09T15:41:28.8413077+01:00" endTime="2024-01-09T15:41:28.8413077+01:00" testType="13cdc9d9-ddb5-4fa4-a97d-d965ccfc6d4b" outcome="Passed" testListId="8c84fa94-04c1-424b-9868-57a2d4851a1d" relativeResultsDirectory="2111f063-fa4d-4394-8a77-1726fa054a3a" />
    <UnitTestResult executionId="a022183e-3d2f-409c-8015-907a78cd22c7" testId="e9a07dd0-6729-f12f-e594-01bce1bc7528" testName="GetAppointmentsTestCopenhagen21JunMinus10TimeZone" computerName="DKSR-EFI-06" duration="00:00:00.0009494" startTime="2024-01-09T15:41:28.9038107+01:00" endTime="2024-01-09T15:41:28.9038107+01:00" testType="13cdc9d9-ddb5-4fa4-a97d-d965ccfc6d4b" outcome="Passed" testListId="8c84fa94-04c1-424b-9868-57a2d4851a1d" relativeResultsDirectory="a022183e-3d2f-409c-8015-907a78cd22c7" />
    <UnitTestResult executionId="67c2f954-7480-468c-82cb-b23fa2f0fd5f" testId="cd734608-0635-4e86-7527-f105e201066f" testName="CalculateSunriseSunsetWilliamTestSanJuan21DecSunset" computerName="DKSR-EFI-06" duration="00:00:00.0001904" startTime="2024-01-09T15:41:28.6850579+01:00" endTime="2024-01-09T15:41:28.7006832+01:00" testType="13cdc9d9-ddb5-4fa4-a97d-d965ccfc6d4b" outcome="Passed" testListId="8c84fa94-04c1-424b-9868-57a2d4851a1d" relativeResultsDirectory="67c2f954-7480-468c-82cb-b23fa2f0fd5f" />
    <UnitTestResult executionId="74e2a5ef-b3ac-4dba-97f8-0733df47122c" testId="601a8b9d-af25-5815-020c-08901a8fd3d6" testName="ConvertGpsValueTestInvalidIndex1" computerName="DKSR-EFI-06" duration="00:00:00.0005500" startTime="2024-01-09T15:41:09.6225282+01:00" endTime="2024-01-09T15:41:09.6225282+01:00" testType="13cdc9d9-ddb5-4fa4-a97d-d965ccfc6d4b" outcome="Passed" testListId="8c84fa94-04c1-424b-9868-57a2d4851a1d" relativeResultsDirectory="74e2a5ef-b3ac-4dba-97f8-0733df47122c" />
    <UnitTestResult executionId="02a1a8c5-a425-4aa1-8048-6e1dfefeade0" testId="5161867c-fc36-4894-f0ec-0f491ed6c534" testName="GetAppointmentsRecurringDailyWeekdaysInfragisticVersionTest" computerName="DKSR-EFI-06" duration="00:00:00.0444259" startTime="2024-01-09T15:41:27.7787978+01:00" endTime="2024-01-09T15:41:27.8256731+01:00" testType="13cdc9d9-ddb5-4fa4-a97d-d965ccfc6d4b" outcome="Passed" testListId="8c84fa94-04c1-424b-9868-57a2d4851a1d" relativeResultsDirectory="02a1a8c5-a425-4aa1-8048-6e1dfefeade0" />
    <UnitTestResult executionId="72235ba9-8f5e-4d49-b585-b91575dc7778" testId="c691ab33-da69-53cd-21e8-9a047d97414d" testName="CalculateSunriseSunsetWilliamTestCopenhagen21JunSunset" computerName="DKSR-EFI-06" duration="00:00:00.0001950" startTime="2024-01-09T15:41:28.6850579+01:00" endTime="2024-01-09T15:41:28.6850579+01:00" testType="13cdc9d9-ddb5-4fa4-a97d-d965ccfc6d4b" outcome="Passed" testListId="8c84fa94-04c1-424b-9868-57a2d4851a1d" relativeResultsDirectory="72235ba9-8f5e-4d49-b585-b91575dc7778" />
    <UnitTestResult executionId="124e9728-f4d7-40ac-a7ba-7920fc08e284" testId="a520ac80-731e-f858-21a1-2b1571fbf182" testName="GetAppointmentsTestKiruna21JunLocalTimeZone" computerName="DKSR-EFI-06" duration="00:00:00.0008644" startTime="2024-01-09T15:41:28.9038107+01:00" endTime="2024-01-09T15:41:28.9038107+01:00" testType="13cdc9d9-ddb5-4fa4-a97d-d965ccfc6d4b" outcome="Passed" testListId="8c84fa94-04c1-424b-9868-57a2d4851a1d" relativeResultsDirectory="124e9728-f4d7-40ac-a7ba-7920fc08e284" />
    <UnitTestResult executionId="e0e9db1b-f43f-4962-b96e-276d051b0a2c" testId="83803596-78fb-73ca-d8cb-4234bbf998c7" testName="GetAppointmentsRecurringDailyWeekdaysTest" computerName="DKSR-EFI-06" duration="00:00:00.0230165" startTime="2024-01-09T15:41:27.7475482+01:00" endTime="2024-01-09T15:41:27.7787978+01:00" testType="13cdc9d9-ddb5-4fa4-a97d-d965ccfc6d4b" outcome="Passed" testListId="8c84fa94-04c1-424b-9868-57a2d4851a1d" relativeResultsDirectory="e0e9db1b-f43f-4962-b96e-276d051b0a2c" />
    <UnitTestResult executionId="39dda14c-2672-4b32-acc4-ac1a5007d217" testId="2da9ebd0-e4cf-c378-d860-ca6fce015de8" testName="EvaluateTimeProfileTest" computerName="DKSR-EFI-06" duration="00:00:00.0008296" startTime="2024-01-09T15:41:28.3881799+01:00" endTime="2024-01-09T15:41:28.4038060+01:00" testType="13cdc9d9-ddb5-4fa4-a97d-d965ccfc6d4b" outcome="Passed" testListId="8c84fa94-04c1-424b-9868-57a2d4851a1d" relativeResultsDirectory="39dda14c-2672-4b32-acc4-ac1a5007d217" />
    <UnitTestResult executionId="60fa9214-72ae-48de-bacd-55ed46ba6ca2" testId="17628f16-366f-8f5a-9a8b-1d63d9f009bc" testName="FromXmlTestDefault" computerName="DKSR-EFI-06" duration="00:00:00.0021635" startTime="2024-01-09T15:41:28.4506829+01:00" endTime="2024-01-09T15:41:28.4506829+01:00" testType="13cdc9d9-ddb5-4fa4-a97d-d965ccfc6d4b" outcome="Passed" testListId="8c84fa94-04c1-424b-9868-57a2d4851a1d" relativeResultsDirectory="60fa9214-72ae-48de-bacd-55ed46ba6ca2" />
    <UnitTestResult executionId="3381f429-97df-46f4-9a78-2757457249dd" testId="524a877b-7144-66dc-adb3-df423c2688c8" testName="GetAppointmentsRecurring10OccurencesTest" computerName="DKSR-EFI-06" duration="00:00:00.0183488" startTime="2024-01-09T15:41:27.4975472+01:00" endTime="2024-01-09T15:41:27.5131720+01:00" testType="13cdc9d9-ddb5-4fa4-a97d-d965ccfc6d4b" outcome="Passed" testListId="8c84fa94-04c1-424b-9868-57a2d4851a1d" relativeResultsDirectory="3381f429-97df-46f4-9a78-2757457249dd" />
    <UnitTestResult executionId="e6087002-3a63-40bd-a57d-0270a0aef603" testId="2a86f6d1-afa3-8511-93c8-750f0da3bf18" testName="CalculateSunriseSunsetWilliamTestCopenhagen21DecSunrise" computerName="DKSR-EFI-06" duration="00:00:00.0001905" startTime="2024-01-09T15:41:28.6850579+01:00" endTime="2024-01-09T15:41:28.6850579+01:00" testType="13cdc9d9-ddb5-4fa4-a97d-d965ccfc6d4b" outcome="Passed" testListId="8c84fa94-04c1-424b-9868-57a2d4851a1d" relativeResultsDirectory="e6087002-3a63-40bd-a57d-0270a0aef603" />
    <UnitTestResult executionId="271b1809-7d92-4125-88c4-400f9fe84570" testId="d58d5f54-277a-fc73-d7a0-bd69d34dd2e7" testName="GpsParserTestInvalidNoneWestCombincation" computerName="DKSR-EFI-06" duration="00:00:00.0006447" startTime="2024-01-09T15:41:09.7006526+01:00" endTime="2024-01-09T15:41:09.7006526+01:00" testType="13cdc9d9-ddb5-4fa4-a97d-d965ccfc6d4b" outcome="Passed" testListId="8c84fa94-04c1-424b-9868-57a2d4851a1d" relativeResultsDirectory="271b1809-7d92-4125-88c4-400f9fe84570" />
    <UnitTestResult executionId="396e6200-ae3a-4e82-8383-16f30f22b66a" testId="c1a80d40-b0de-ec1a-b835-73695d648b71" testName="TimeProfileInfragisticEvaluator102Constructor18Test" computerName="DKSR-EFI-06" duration="00:00:00.0041382" startTime="2024-01-09T15:41:27.3412962+01:00" endTime="2024-01-09T15:41:27.3412962+01:00" testType="13cdc9d9-ddb5-4fa4-a97d-d965ccfc6d4b" outcome="Passed" testListId="8c84fa94-04c1-424b-9868-57a2d4851a1d" relativeResultsDirectory="396e6200-ae3a-4e82-8383-16f30f22b66a" />
    <UnitTestResult executionId="aa875038-5752-4d3b-b867-3c36e8fce194" testId="1383cba6-eafd-9d49-1db3-3510d1bfd8cc" testName="CalculateSunriseSunsetWilliamTestArctic23SeptemberSunset" computerName="DKSR-EFI-06" duration="00:00:00.0002005" startTime="2024-01-09T15:41:28.8100617+01:00" endTime="2024-01-09T15:41:28.8100617+01:00" testType="13cdc9d9-ddb5-4fa4-a97d-d965ccfc6d4b" outcome="Passed" testListId="8c84fa94-04c1-424b-9868-57a2d4851a1d" relativeResultsDirectory="aa875038-5752-4d3b-b867-3c36e8fce194" />
    <UnitTestResult executionId="84d1abf1-aa92-4d7d-8cd0-f38afddaa366" testId="bf0e1f02-72f8-fbe6-2a38-9dde966c14d6" testName="GPSCoordinateConstructorTest1InvalidLatitude" computerName="DKSR-EFI-06" duration="00:00:00.0006352" startTime="2024-01-09T15:41:09.5600275+01:00" endTime="2024-01-09T15:41:09.5600275+01:00" testType="13cdc9d9-ddb5-4fa4-a97d-d965ccfc6d4b" outcome="Passed" testListId="8c84fa94-04c1-424b-9868-57a2d4851a1d" relativeResultsDirectory="84d1abf1-aa92-4d7d-8cd0-f38afddaa366" />
    <UnitTestResult executionId="176487a8-0080-489e-97b2-39dc5da09a8e" testId="2ca074f9-6723-c9e2-8d72-74883108484b" testName="TimeProfileInfragisticEvaluator63Constructor7Test" computerName="DKSR-EFI-06" duration="00:00:00.0029512" startTime="2024-01-09T15:41:27.0444188+01:00" endTime="2024-01-09T15:41:27.0444188+01:00" testType="13cdc9d9-ddb5-4fa4-a97d-d965ccfc6d4b" outcome="Passed" testListId="8c84fa94-04c1-424b-9868-57a2d4851a1d" relativeResultsDirectory="176487a8-0080-489e-97b2-39dc5da09a8e" />
    <UnitTestResult executionId="193961c8-464d-4330-b5d5-71cbbb5027ed" testId="b4ea2e17-282b-5967-f92c-ca9a09a90e94" testName="ValidateTestInvalidFormat" computerName="DKSR-EFI-06" duration="00:00:00.0002957" startTime="2024-01-09T15:41:09.7787767+01:00" endTime="2024-01-09T15:41:09.7787767+01:00" testType="13cdc9d9-ddb5-4fa4-a97d-d965ccfc6d4b" outcome="Passed" testListId="8c84fa94-04c1-424b-9868-57a2d4851a1d" relativeResultsDirectory="193961c8-464d-4330-b5d5-71cbbb5027ed" />
    <UnitTestResult executionId="df33d164-00a5-466b-bd2c-ac55f4e08826" testId="aad26a0b-b58d-5f28-1922-bd2f261de7f8" testName="GpsParserTest1_3Blocks" computerName="DKSR-EFI-06" duration="00:00:00.0003220" startTime="2024-01-09T15:41:09.6850279+01:00" endTime="2024-01-09T15:41:09.6850279+01:00" testType="13cdc9d9-ddb5-4fa4-a97d-d965ccfc6d4b" outcome="Passed" testListId="8c84fa94-04c1-424b-9868-57a2d4851a1d" relativeResultsDirectory="df33d164-00a5-466b-bd2c-ac55f4e08826" />
    <UnitTestResult executionId="03073f3d-0e06-484d-98e7-ea9b73789c18" testId="b926a245-cb40-19b0-13a5-1ebfa798123a" testName="GetAppointmentsRecurringDailyToSpecificDateInfragisticVersionTest" computerName="DKSR-EFI-06" duration="00:00:00.0168152" startTime="2024-01-09T15:41:27.7162992+01:00" endTime="2024-01-09T15:41:27.7319237+01:00" testType="13cdc9d9-ddb5-4fa4-a97d-d965ccfc6d4b" outcome="Passed" testListId="8c84fa94-04c1-424b-9868-57a2d4851a1d" relativeResultsDirectory="03073f3d-0e06-484d-98e7-ea9b73789c18" />
    <UnitTestResult executionId="03ac50f2-8218-47c3-93ae-68801064d6a0" testId="27bb0e7d-77f6-9253-4a61-234860c3428f" testName="CalculateSunriseSunsetWilliamTestSydney21JunSunset" computerName="DKSR-EFI-06" duration="00:00:00.0001762" startTime="2024-01-09T15:41:28.7319320+01:00" endTime="2024-01-09T15:41:28.7319320+01:00" testType="13cdc9d9-ddb5-4fa4-a97d-d965ccfc6d4b" outcome="Passed" testListId="8c84fa94-04c1-424b-9868-57a2d4851a1d" relativeResultsDirectory="03ac50f2-8218-47c3-93ae-68801064d6a0" />
    <UnitTestResult executionId="e1f52098-bd9c-499d-a161-3193e8f18999" testId="99e4cc0d-0163-4873-065f-3272086b9afd" testName="TimeProfileInfragisticEvaluator63Constructor9Test" computerName="DKSR-EFI-06" duration="00:00:00.0094959" startTime="2024-01-09T15:41:27.0756673+01:00" endTime="2024-01-09T15:41:27.0756673+01:00" testType="13cdc9d9-ddb5-4fa4-a97d-d965ccfc6d4b" outcome="Passed" testListId="8c84fa94-04c1-424b-9868-57a2d4851a1d" relativeResultsDirectory="e1f52098-bd9c-499d-a161-3193e8f18999" />
    <UnitTestResult executionId="f60aff38-9b9c-4f70-8456-8dbf3c9054bb" testId="c5469f99-c96d-f31e-4956-b34ac31bdab4" testName="ConvertGpsValueTestShouldBeInteger3" computerName="DKSR-EFI-06" duration="00:00:00.0005539" startTime="2024-01-09T15:41:09.6381532+01:00" endTime="2024-01-09T15:41:09.6381532+01:00" testType="13cdc9d9-ddb5-4fa4-a97d-d965ccfc6d4b" outcome="Passed" testListId="8c84fa94-04c1-424b-9868-57a2d4851a1d" relativeResultsDirectory="f60aff38-9b9c-4f70-8456-8dbf3c9054bb" />
    <UnitTestResult executionId="771e44b0-3ed1-4ee6-940c-fc6bad605da4" testId="55c67aaa-d05b-f400-247b-d621fd1c5e0d" testName="TimeProfileInfragisticEvaluator102Constructor6Test" computerName="DKSR-EFI-06" duration="00:00:00.0060062" startTime="2024-01-09T15:41:27.2319171+01:00" endTime="2024-01-09T15:41:27.2480252+01:00" testType="13cdc9d9-ddb5-4fa4-a97d-d965ccfc6d4b" outcome="Passed" testListId="8c84fa94-04c1-424b-9868-57a2d4851a1d" relativeResultsDirectory="771e44b0-3ed1-4ee6-940c-fc6bad605da4" />
    <UnitTestResult executionId="b71b646b-ff3e-4d31-9713-2831c9e2767e" testId="cf2c7d0c-6b61-f739-3a67-33940c390efd" testName="GetSunriseSunsetAppointmentTestKiruna21JunPlus1TimeZone" computerName="DKSR-EFI-06" duration="00:00:00.0008424" startTime="2024-01-09T15:41:28.8725605+01:00" endTime="2024-01-09T15:41:28.8725605+01:00" testType="13cdc9d9-ddb5-4fa4-a97d-d965ccfc6d4b" outcome="Passed" testListId="8c84fa94-04c1-424b-9868-57a2d4851a1d" relativeResultsDirectory="b71b646b-ff3e-4d31-9713-2831c9e2767e" />
    <UnitTestResult executionId="22f35c58-fc26-4632-8c51-b95915f8e03c" testId="ef74b673-7910-715e-8b86-bacd53300431" testName="TimeProfileSunClockDefinitionConstructorSunRiseOutOfRange1Test" computerName="DKSR-EFI-06" duration="00:00:00.0006076" startTime="2024-01-09T15:41:28.4194309+01:00" endTime="2024-01-09T15:41:28.4194309+01:00" testType="13cdc9d9-ddb5-4fa4-a97d-d965ccfc6d4b" outcome="Passed" testListId="8c84fa94-04c1-424b-9868-57a2d4851a1d" relativeResultsDirectory="22f35c58-fc26-4632-8c51-b95915f8e03c" />
    <UnitTestResult executionId="b9b8cc5f-89d2-4c53-bf78-2c4478c297f8" testId="211bea4d-1328-f6f3-0d72-e889b4994eb5" testName="GetAppointmentsAllDayTest" computerName="DKSR-EFI-06" duration="00:00:00.0058188" startTime="2024-01-09T15:41:27.4037945+01:00" endTime="2024-01-09T15:41:27.4194215+01:00" testType="13cdc9d9-ddb5-4fa4-a97d-d965ccfc6d4b" outcome="Passed" testListId="8c84fa94-04c1-424b-9868-57a2d4851a1d" relativeResultsDirectory="b9b8cc5f-89d2-4c53-bf78-2c4478c297f8" />
    <UnitTestResult executionId="937d7c5b-7345-4e7d-b834-3608ca0bef51" testId="12aec614-d175-e0e4-a8f4-8b1b7e6bc4ba" testName="TimeProfileInfragisticEvaluator102Constructor2Test" computerName="DKSR-EFI-06" duration="00:00:00.0053750" startTime="2024-01-09T15:41:27.2162927+01:00" endTime="2024-01-09T15:41:27.2162927+01:00" testType="13cdc9d9-ddb5-4fa4-a97d-d965ccfc6d4b" outcome="Passed" testListId="8c84fa94-04c1-424b-9868-57a2d4851a1d" relativeResultsDirectory="937d7c5b-7345-4e7d-b834-3608ca0bef51" />
    <UnitTestResult executionId="968fd0c9-d23d-44f1-b3ad-cd608d8c67f6" testId="f9b5fde8-8925-a549-79d4-271cab1317af" testName="GpsParserTestLongitudeIsOutOfRange" computerName="DKSR-EFI-06" duration="00:00:00.0007120" startTime="2024-01-09T15:41:09.7631515+01:00" endTime="2024-01-09T15:41:09.7631515+01:00" testType="13cdc9d9-ddb5-4fa4-a97d-d965ccfc6d4b" outcome="Passed" testListId="8c84fa94-04c1-424b-9868-57a2d4851a1d" relativeResultsDirectory="968fd0c9-d23d-44f1-b3ad-cd608d8c67f6" />
    <UnitTestResult executionId="2294c478-9559-41d6-bade-b2f7b89acb96" testId="884c0700-1336-c7fe-29a4-03f4c9b758e3" testName="CalculateSunriseSunsetWilliamTestNearAntarctica23SeptemberSunrise" computerName="DKSR-EFI-06" duration="00:00:00.0001835" startTime="2024-01-09T15:41:28.7788089+01:00" endTime="2024-01-09T15:41:28.7788089+01:00" testType="13cdc9d9-ddb5-4fa4-a97d-d965ccfc6d4b" outcome="Passed" testListId="8c84fa94-04c1-424b-9868-57a2d4851a1d" relativeResultsDirectory="2294c478-9559-41d6-bade-b2f7b89acb96" />
    <UnitTestResult executionId="9b1e6224-434b-47e4-95d6-f6aeee2b3805" testId="026f6c37-f35d-c532-475f-70bbd313df36" testName="CalculateSunriseSunsetWilliamTestNearAntarctica21JunSunrise" computerName="DKSR-EFI-06" duration="00:00:00.0001911" startTime="2024-01-09T15:41:28.7631833+01:00" endTime="2024-01-09T15:41:28.7631833+01:00" testType="13cdc9d9-ddb5-4fa4-a97d-d965ccfc6d4b" outcome="Passed" testListId="8c84fa94-04c1-424b-9868-57a2d4851a1d" relativeResultsDirectory="9b1e6224-434b-47e4-95d6-f6aeee2b3805" />
    <UnitTestResult executionId="cc4cc089-7dff-493a-b1f9-a3e12b646f9f" testId="08be9f15-d910-d9f0-376d-9f31e94ba045" testName="GetAppointmentsRecurringWeekly2ndWednesdayInfragisticVersionTest" computerName="DKSR-EFI-06" duration="00:00:00.0954500" startTime="2024-01-09T15:41:28.0288009+01:00" endTime="2024-01-09T15:41:28.1225525+01:00" testType="13cdc9d9-ddb5-4fa4-a97d-d965ccfc6d4b" outcome="Passed" testListId="8c84fa94-04c1-424b-9868-57a2d4851a1d" relativeResultsDirectory="cc4cc089-7dff-493a-b1f9-a3e12b646f9f" />
    <UnitTestResult executionId="d82533e8-2f2d-4b27-a6e8-68e0ed7d0011" testId="2dec4724-62ac-6154-96ab-5e2c96a31940" testName="CalculateSunriseSunsetWilliamTestArctic21DecSunset" computerName="DKSR-EFI-06" duration="00:00:00.0002078" startTime="2024-01-09T15:41:28.7788089+01:00" endTime="2024-01-09T15:41:28.7788089+01:00" testType="13cdc9d9-ddb5-4fa4-a97d-d965ccfc6d4b" outcome="Passed" testListId="8c84fa94-04c1-424b-9868-57a2d4851a1d" relativeResultsDirectory="d82533e8-2f2d-4b27-a6e8-68e0ed7d0011" />
    <UnitTestResult executionId="17a49bd6-eef2-408a-b1f4-fd2f6096f9f7" testId="d27d6d4b-a1ae-f03a-7f93-c681a6507855" testName="CalculateSunriseSunsetWilliamTestBuenosAires21DecSunrise" computerName="DKSR-EFI-06" duration="00:00:00.0001989" startTime="2024-01-09T15:41:28.7006832+01:00" endTime="2024-01-09T15:41:28.7006832+01:00" testType="13cdc9d9-ddb5-4fa4-a97d-d965ccfc6d4b" outcome="Passed" testListId="8c84fa94-04c1-424b-9868-57a2d4851a1d" relativeResultsDirectory="17a49bd6-eef2-408a-b1f4-fd2f6096f9f7" />
    <UnitTestResult executionId="3ea14af8-f088-495e-8ab6-3d43be695b45" testId="f5fc2edd-f0d0-bc60-8695-c5646a3d7753" testName="EvaluateTimeTestSunClockWinterTime1" computerName="DKSR-EFI-06" duration="00:00:00.0015494" startTime="2024-01-09T15:41:11.3412825+01:00" endTime="2024-01-09T15:41:11.3569063+01:00" testType="13cdc9d9-ddb5-4fa4-a97d-d965ccfc6d4b" outcome="Passed" testListId="8c84fa94-04c1-424b-9868-57a2d4851a1d" relativeResultsDirectory="3ea14af8-f088-495e-8ab6-3d43be695b45" />
    <UnitTestResult executionId="2caf6788-7a7b-4b59-bf0a-a3a139df9123" testId="50c7bee4-db27-6231-09a9-fcf9072f57e5" testName="AddTimeProfileTestInvalidTimeProfile" computerName="DKSR-EFI-06" duration="00:00:00.0008681" startTime="2024-01-09T15:41:28.3881799+01:00" endTime="2024-01-09T15:41:28.3881799+01:00" testType="13cdc9d9-ddb5-4fa4-a97d-d965ccfc6d4b" outcome="Passed" testListId="8c84fa94-04c1-424b-9868-57a2d4851a1d" relativeResultsDirectory="2caf6788-7a7b-4b59-bf0a-a3a139df9123" />
    <UnitTestResult executionId="24f5d370-f536-41bf-b007-4bc40d8fc761" testId="e01228f8-82f0-7001-38f1-3cd27dbbbeef" testName="CalculateSunriseSunsetWilliamTestSydney21JunSunrise" computerName="DKSR-EFI-06" duration="00:00:00.0001828" startTime="2024-01-09T15:41:28.7319320+01:00" endTime="2024-01-09T15:41:28.7319320+01:00" testType="13cdc9d9-ddb5-4fa4-a97d-d965ccfc6d4b" outcome="Passed" testListId="8c84fa94-04c1-424b-9868-57a2d4851a1d" relativeResultsDirectory="24f5d370-f536-41bf-b007-4bc40d8fc761" />
    <UnitTestResult executionId="7b6d4ffd-0ee8-4ebe-ab0b-08e7cd201949" testId="308b9b51-e17e-43bf-04d3-0070e8c6edc0" testName="CalculateSunriseSunsetWilliamTestBuenosAires21JunSunset" computerName="DKSR-EFI-06" duration="00:00:00.0001953" startTime="2024-01-09T15:41:28.7006832+01:00" endTime="2024-01-09T15:41:28.7006832+01:00" testType="13cdc9d9-ddb5-4fa4-a97d-d965ccfc6d4b" outcome="Passed" testListId="8c84fa94-04c1-424b-9868-57a2d4851a1d" relativeResultsDirectory="7b6d4ffd-0ee8-4ebe-ab0b-08e7cd201949" />
    <UnitTestResult executionId="42b7b2ea-3e54-415e-a430-6b16f1881dce" testId="99916c62-573b-10c1-0e83-59e52a6e5d46" testName="CalculateSunriseSunsetWilliamTestSanJuan21DecSunrise" computerName="DKSR-EFI-06" duration="00:00:00.0001910" startTime="2024-01-09T15:41:28.6850579+01:00" endTime="2024-01-09T15:41:28.6850579+01:00" testType="13cdc9d9-ddb5-4fa4-a97d-d965ccfc6d4b" outcome="Passed" testListId="8c84fa94-04c1-424b-9868-57a2d4851a1d" relativeResultsDirectory="42b7b2ea-3e54-415e-a430-6b16f1881dce" />
    <UnitTestResult executionId="aa1013ed-cecc-430d-afd0-4de4ce82d55b" testId="4cbd0aea-8eee-bd7f-0ab1-c2a7db051079" testName="AddTimeProfileTest" computerName="DKSR-EFI-06" duration="00:00:00.0016442" startTime="2024-01-09T15:41:28.3881799+01:00" endTime="2024-01-09T15:41:28.3881799+01:00" testType="13cdc9d9-ddb5-4fa4-a97d-d965ccfc6d4b" outcome="Passed" testListId="8c84fa94-04c1-424b-9868-57a2d4851a1d" relativeResultsDirectory="aa1013ed-cecc-430d-afd0-4de4ce82d55b" />
    <UnitTestResult executionId="14be9ac3-0072-4931-82d8-a0da0a8d4f6a" testId="3fda7423-1324-1f70-46c1-886e6f749e32" testName="EvaluateTimeTestSunClockSummerTime1" computerName="DKSR-EFI-06" duration="00:00:00.0009553" startTime="2024-01-09T15:41:11.3412825+01:00" endTime="2024-01-09T15:41:11.3412825+01:00" testType="13cdc9d9-ddb5-4fa4-a97d-d965ccfc6d4b" outcome="Passed" testListId="8c84fa94-04c1-424b-9868-57a2d4851a1d" relativeResultsDirectory="14be9ac3-0072-4931-82d8-a0da0a8d4f6a" />
    <UnitTestResult executionId="155af4af-3fd5-42f2-a4c6-c743e96daa04" testId="2d171bb0-2043-6d80-bc22-a89f4b288c92" testName="CalculateSunriseSunsetWilliamTestBuenosAires21JunSunrise" computerName="DKSR-EFI-06" duration="00:00:00.0002040" startTime="2024-01-09T15:41:28.7006832+01:00" endTime="2024-01-09T15:41:28.7006832+01:00" testType="13cdc9d9-ddb5-4fa4-a97d-d965ccfc6d4b" outcome="Passed" testListId="8c84fa94-04c1-424b-9868-57a2d4851a1d" relativeResultsDirectory="155af4af-3fd5-42f2-a4c6-c743e96daa04" />
    <UnitTestResult executionId="341abff5-83b5-4604-82e6-f0883dcf1fe9" testId="03a85004-db8f-0f35-8ccd-178f7b803f9a" testName="GPSCoordinateArgumentNullTest" computerName="DKSR-EFI-06" duration="00:00:00.0007255" startTime="2024-01-09T15:41:28.5756837+01:00" endTime="2024-01-09T15:41:28.5756837+01:00" testType="13cdc9d9-ddb5-4fa4-a97d-d965ccfc6d4b" outcome="Passed" testListId="8c84fa94-04c1-424b-9868-57a2d4851a1d" relativeResultsDirectory="341abff5-83b5-4604-82e6-f0883dcf1fe9" />
    <UnitTestResult executionId="f7813528-495b-44fc-a2a8-cc0e9a33b3b3" testId="a7bf3bb4-2759-f65f-569c-4902540760f3" testName="GetAppointmentsAllDayInfragisticVersionTest" computerName="DKSR-EFI-06" duration="00:00:00.0125746" startTime="2024-01-09T15:41:27.4194215+01:00" endTime="2024-01-09T15:41:27.4350473+01:00" testType="13cdc9d9-ddb5-4fa4-a97d-d965ccfc6d4b" outcome="Passed" testListId="8c84fa94-04c1-424b-9868-57a2d4851a1d" relativeResultsDirectory="f7813528-495b-44fc-a2a8-cc0e9a33b3b3" />
    <UnitTestResult executionId="1a1db37e-7789-46c6-ae5c-06131c0c42e9" testId="f0f41750-d1d7-735c-f4d1-70987a0780dd" testName="GetAppointmentsRecurring2ndWeekdaysInfragisticVersionTest" computerName="DKSR-EFI-06" duration="00:00:00.0473401" startTime="2024-01-09T15:41:27.6537977+01:00" endTime="2024-01-09T15:41:27.7006746+01:00" testType="13cdc9d9-ddb5-4fa4-a97d-d965ccfc6d4b" outcome="Passed" testListId="8c84fa94-04c1-424b-9868-57a2d4851a1d" relativeResultsDirectory="1a1db37e-7789-46c6-ae5c-06131c0c42e9" />
    <UnitTestResult executionId="25006a43-1196-44d6-8f90-71301f7da61c" testId="6690a25c-0ee6-cbca-ec0a-27c2e419ad86" testName="FromXmlInvalidXmlMissingSectionAllTest" computerName="DKSR-EFI-06" duration="00:00:00.0006270" startTime="2024-01-09T15:41:28.5444301+01:00" endTime="2024-01-09T15:41:28.5444301+01:00" testType="13cdc9d9-ddb5-4fa4-a97d-d965ccfc6d4b" outcome="Passed" testListId="8c84fa94-04c1-424b-9868-57a2d4851a1d" relativeResultsDirectory="25006a43-1196-44d6-8f90-71301f7da61c" />
    <UnitTestResult executionId="2b3ca4e4-20d9-4ac1-a3f1-9b03479769f2" testId="dd418f57-2bb1-2214-8d32-09969a0f8a5b" testName="EvaluateTimeTestInfragisticsSingleTime3days" computerName="DKSR-EFI-06" duration="00:00:00.0063723" startTime="2024-01-09T15:41:11.5444047+01:00" endTime="2024-01-09T15:41:11.5444047+01:00" testType="13cdc9d9-ddb5-4fa4-a97d-d965ccfc6d4b" outcome="Passed" testListId="8c84fa94-04c1-424b-9868-57a2d4851a1d" relativeResultsDirectory="2b3ca4e4-20d9-4ac1-a3f1-9b03479769f2" />
    <UnitTestResult executionId="464d1608-1296-4d2e-ac1c-2c638c96e081" testId="2ae53916-48d8-9410-5fd3-b57a8d347e88" testName="GPSCoordinateConstructorTestLongitudeOutOfRange" computerName="DKSR-EFI-06" duration="00:00:00.0007713" startTime="2024-01-09T15:41:09.5600275+01:00" endTime="2024-01-09T15:41:09.5600275+01:00" testType="13cdc9d9-ddb5-4fa4-a97d-d965ccfc6d4b" outcome="Passed" testListId="8c84fa94-04c1-424b-9868-57a2d4851a1d" relativeResultsDirectory="464d1608-1296-4d2e-ac1c-2c638c96e081" />
    <UnitTestResult executionId="b846be83-aa61-4a01-b758-5e58d4f53ac5" testId="3d17ce89-3210-f546-00fd-703c5fe84b40" testName="GetAppointmentsRecurringMonthlyFirstDayInfragisticVersionTest" computerName="DKSR-EFI-06" duration="00:00:00.0412058" startTime="2024-01-09T15:41:27.8413012+01:00" endTime="2024-01-09T15:41:27.8881768+01:00" testType="13cdc9d9-ddb5-4fa4-a97d-d965ccfc6d4b" outcome="Passed" testListId="8c84fa94-04c1-424b-9868-57a2d4851a1d" relativeResultsDirectory="b846be83-aa61-4a01-b758-5e58d4f53ac5" />
    <UnitTestResult executionId="6adaa318-a0b6-451a-9ba2-f1899690fe3d" testId="95769f18-41d8-ea9d-fda8-55b834c2d6a9" testName="CalculateSunriseSunsetWilliamTestCopenhagen21JunSunrise" computerName="DKSR-EFI-06" duration="00:00:00.0001828" startTime="2024-01-09T15:41:28.6850579+01:00" endTime="2024-01-09T15:41:28.6850579+01:00" testType="13cdc9d9-ddb5-4fa4-a97d-d965ccfc6d4b" outcome="Passed" testListId="8c84fa94-04c1-424b-9868-57a2d4851a1d" relativeResultsDirectory="6adaa318-a0b6-451a-9ba2-f1899690fe3d" />
    <UnitTestResult executionId="ec90a76e-16fc-445e-9b07-20ba0ae0aaff" testId="4df827f4-946d-0af3-bf82-504c5e3f1637" testName="GetAppointmentsRecurringDailyToSpecificDateTest" computerName="DKSR-EFI-06" duration="00:00:00.0077051" startTime="2024-01-09T15:41:27.7162992+01:00" endTime="2024-01-09T15:41:27.7162992+01:00" testType="13cdc9d9-ddb5-4fa4-a97d-d965ccfc6d4b" outcome="Passed" testListId="8c84fa94-04c1-424b-9868-57a2d4851a1d" relativeResultsDirectory="ec90a76e-16fc-445e-9b07-20ba0ae0aaff" />
    <UnitTestResult executionId="1de2d900-0902-4870-b084-62bd89c4f1af" testId="31839f7b-0b97-fbc5-d3be-cd002842bcab" testName="GPSCoordinateConstructorTest1" computerName="DKSR-EFI-06" duration="00:00:00.0006139" startTime="2024-01-09T15:41:09.5600275+01:00" endTime="2024-01-09T15:41:09.5600275+01:00" testType="13cdc9d9-ddb5-4fa4-a97d-d965ccfc6d4b" outcome="Passed" testListId="8c84fa94-04c1-424b-9868-57a2d4851a1d" relativeResultsDirectory="1de2d900-0902-4870-b084-62bd89c4f1af" />
    <UnitTestResult executionId="24e6a722-7012-412c-8dff-04038800a05c" testId="b3f227a7-f898-1c46-4ead-18f2427d3ba3" testName="TimeProfileInfragisticEvaluator63Constructor1Test" computerName="DKSR-EFI-06" duration="00:00:00.0075942" startTime="2024-01-09T15:41:26.9819185+01:00" endTime="2024-01-09T15:41:26.9975434+01:00" testType="13cdc9d9-ddb5-4fa4-a97d-d965ccfc6d4b" outcome="Passed" testListId="8c84fa94-04c1-424b-9868-57a2d4851a1d" relativeResultsDirectory="24e6a722-7012-412c-8dff-04038800a05c" />
    <UnitTestResult executionId="ac59aa02-207d-42c1-a346-38c42817e67e" testId="92a0dbba-00b0-f41a-dccf-ad16d902db5a" testName="ValidateTestInvalidLatitude" computerName="DKSR-EFI-06" duration="00:00:00.0003293" startTime="2024-01-09T15:41:09.7787767+01:00" endTime="2024-01-09T15:41:09.7944033+01:00" testType="13cdc9d9-ddb5-4fa4-a97d-d965ccfc6d4b" outcome="Passed" testListId="8c84fa94-04c1-424b-9868-57a2d4851a1d" relativeResultsDirectory="ac59aa02-207d-42c1-a346-38c42817e67e" />
    <UnitTestResult executionId="8c1cfdea-7620-497d-8a8b-45ff80de2e4b" testId="ba4593ac-dc51-7301-ade4-e5a3bd6388ea" testName="GpsParserTest3_3Blocks" computerName="DKSR-EFI-06" duration="00:00:00.0003500" startTime="2024-01-09T15:41:09.6694011+01:00" endTime="2024-01-09T15:41:09.6694011+01:00" testType="13cdc9d9-ddb5-4fa4-a97d-d965ccfc6d4b" outcome="Passed" testListId="8c84fa94-04c1-424b-9868-57a2d4851a1d" relativeResultsDirectory="8c1cfdea-7620-497d-8a8b-45ff80de2e4b" />
    <UnitTestResult executionId="44d85d45-1d53-4696-abf4-27cf273cd121" testId="70c3ccbb-c759-4b14-1c6a-53ff6378feae" testName="GetAppointmentsTestNearAntarctica19JanLocalTimeZone" computerName="DKSR-EFI-06" duration="00:00:00.0008337" startTime="2024-01-09T15:41:28.9194363+01:00" endTime="2024-01-09T15:41:28.9194363+01:00" testType="13cdc9d9-ddb5-4fa4-a97d-d965ccfc6d4b" outcome="Passed" testListId="8c84fa94-04c1-424b-9868-57a2d4851a1d" relativeResultsDirectory="44d85d45-1d53-4696-abf4-27cf273cd121" />
    <UnitTestResult executionId="f5a8b667-0d43-4e51-a94c-71aa1bf6c8b1" testId="eafe5b6c-05f1-2ee7-73ca-60b8a1952012" testName="GetAppointmentDurationTest1" computerName="DKSR-EFI-06" duration="00:00:00.0010453" startTime="2024-01-09T15:41:28.4038060+01:00" endTime="2024-01-09T15:41:28.4038060+01:00" testType="13cdc9d9-ddb5-4fa4-a97d-d965ccfc6d4b" outcome="Passed" testListId="8c84fa94-04c1-424b-9868-57a2d4851a1d" relativeResultsDirectory="f5a8b667-0d43-4e51-a94c-71aa1bf6c8b1" />
    <UnitTestResult executionId="703cfd02-4a5c-4dc5-9976-57e307d86cf9" testId="cb167698-fed7-d39d-c67d-d95c11ed94cb" testName="FromXmlInvalidXmlNoArgumentOutOfRangeSunSetTest" computerName="DKSR-EFI-06" duration="00:00:00.0008144" startTime="2024-01-09T15:41:28.5600564+01:00" endTime="2024-01-09T15:41:28.5600564+01:00" testType="13cdc9d9-ddb5-4fa4-a97d-d965ccfc6d4b" outcome="Passed" testListId="8c84fa94-04c1-424b-9868-57a2d4851a1d" relativeResultsDirectory="703cfd02-4a5c-4dc5-9976-57e307d86cf9" />
    <UnitTestResult executionId="4876c9d2-3ad9-4000-a946-797f984ce483" testId="1beda56a-c320-9dd4-234b-ff6f69ea37f5" testName="CalculateSunriseSunsetWilliamTestAntarctica23SeptemberSunset" computerName="DKSR-EFI-06" duration="00:00:00.0002093" startTime="2024-01-09T15:41:28.8413077+01:00" endTime="2024-01-09T15:41:28.8413077+01:00" testType="13cdc9d9-ddb5-4fa4-a97d-d965ccfc6d4b" outcome="Passed" testListId="8c84fa94-04c1-424b-9868-57a2d4851a1d" relativeResultsDirectory="4876c9d2-3ad9-4000-a946-797f984ce483" />
    <UnitTestResult executionId="da00f8e8-9686-45c4-bdf1-cadb4b8880bd" testId="ba3f91ce-47c2-83aa-1582-97cc4dfe04b4" testName="ClearTest" computerName="DKSR-EFI-06" duration="00:00:00.0011385" startTime="2024-01-09T15:41:28.3881799+01:00" endTime="2024-01-09T15:41:28.3881799+01:00" testType="13cdc9d9-ddb5-4fa4-a97d-d965ccfc6d4b" outcome="Passed" testListId="8c84fa94-04c1-424b-9868-57a2d4851a1d" relativeResultsDirectory="da00f8e8-9686-45c4-bdf1-cadb4b8880bd" />
    <UnitTestResult executionId="5580d015-cf54-407b-b454-e8d60805182a" testId="a16da83e-8367-f179-9ee7-ae85a6787fe0" testName="GpsParserTestInvalidBlockSeparator" computerName="DKSR-EFI-06" duration="00:00:00.0007040" startTime="2024-01-09T15:41:09.7006526+01:00" endTime="2024-01-09T15:41:09.7006526+01:00" testType="13cdc9d9-ddb5-4fa4-a97d-d965ccfc6d4b" outcome="Passed" testListId="8c84fa94-04c1-424b-9868-57a2d4851a1d" relativeResultsDirectory="5580d015-cf54-407b-b454-e8d60805182a" />
    <UnitTestResult executionId="ecb078ca-c83f-4899-8c73-285d499c6a1d" testId="731c999f-7279-7d95-25b3-30ede6433f95" testName="CalculateSunriseSunsetWilliamTestCopenhagen21DecSunset" computerName="DKSR-EFI-06" duration="00:00:00.0001950" startTime="2024-01-09T15:41:28.6850579+01:00" endTime="2024-01-09T15:41:28.6850579+01:00" testType="13cdc9d9-ddb5-4fa4-a97d-d965ccfc6d4b" outcome="Passed" testListId="8c84fa94-04c1-424b-9868-57a2d4851a1d" relativeResultsDirectory="ecb078ca-c83f-4899-8c73-285d499c6a1d" />
    <UnitTestResult executionId="c93d73ce-6e32-4abb-95c0-30cf91d0b3b7" testId="6fe30acd-ab31-a2f0-92a1-faf05fa97f9d" testName="TimeProfileEvaluatorConstructorTestEmptyDefinitionXml" computerName="DKSR-EFI-06" duration="00:00:00.0120486" startTime="2024-01-09T15:41:09.7944033+01:00" endTime="2024-01-09T15:41:09.8100267+01:00" testType="13cdc9d9-ddb5-4fa4-a97d-d965ccfc6d4b" outcome="Passed" testListId="8c84fa94-04c1-424b-9868-57a2d4851a1d" relativeResultsDirectory="c93d73ce-6e32-4abb-95c0-30cf91d0b3b7" />
    <UnitTestResult executionId="f32a1753-6a76-4a13-88f2-bec3a0e60d42" testId="b1d16d55-432d-1fc9-b38d-f4313eda19fb" testName="GetAppointmentDurationTestSunClockCopenhagen1AppointmentGotMaxSearchInterval" computerName="DKSR-EFI-06" duration="00:00:00.0006806" startTime="2024-01-09T15:41:11.3569063+01:00" endTime="2024-01-09T15:41:11.3725307+01:00" testType="13cdc9d9-ddb5-4fa4-a97d-d965ccfc6d4b" outcome="Passed" testListId="8c84fa94-04c1-424b-9868-57a2d4851a1d" relativeResultsDirectory="f32a1753-6a76-4a13-88f2-bec3a0e60d42" />
    <UnitTestResult executionId="a9f28efa-5112-4222-84cd-bccc9fb1c974" testId="7932cc0b-8e33-adaf-e7f1-0d8729f4d0b6" testName="CalculateSunriseSunsetWilliamTestHonolulu21DecSunrise" computerName="DKSR-EFI-06" duration="00:00:00.0002539" startTime="2024-01-09T15:41:28.7163079+01:00" endTime="2024-01-09T15:41:28.7163079+01:00" testType="13cdc9d9-ddb5-4fa4-a97d-d965ccfc6d4b" outcome="Passed" testListId="8c84fa94-04c1-424b-9868-57a2d4851a1d" relativeResultsDirectory="a9f28efa-5112-4222-84cd-bccc9fb1c974" />
    <UnitTestResult executionId="b7c7a70f-5196-463b-80a8-7b9fe546a014" testId="1bfd8303-eaf8-80f1-39ff-f2fa502aba81" testName="CalculateSunriseSunsetWilliamTestAntarctica21DecSunset" computerName="DKSR-EFI-06" duration="00:00:00.0002107" startTime="2024-01-09T15:41:28.8256837+01:00" endTime="2024-01-09T15:41:28.8256837+01:00" testType="13cdc9d9-ddb5-4fa4-a97d-d965ccfc6d4b" outcome="Passed" testListId="8c84fa94-04c1-424b-9868-57a2d4851a1d" relativeResultsDirectory="b7c7a70f-5196-463b-80a8-7b9fe546a014" />
    <UnitTestResult executionId="95194b49-ab56-420b-a90f-968cbe31402d" testId="9876b079-020e-6f1e-7cf3-b38fbeaa1560" testName="TimeProfileInfragisticEvaluator102Constructor17Test" computerName="DKSR-EFI-06" duration="00:00:00.0052853" startTime="2024-01-09T15:41:27.3412962+01:00" endTime="2024-01-09T15:41:27.3412962+01:00" testType="13cdc9d9-ddb5-4fa4-a97d-d965ccfc6d4b" outcome="Passed" testListId="8c84fa94-04c1-424b-9868-57a2d4851a1d" relativeResultsDirectory="95194b49-ab56-420b-a90f-968cbe31402d" />
    <UnitTestResult executionId="7cdf85ee-be93-411a-b4b9-fbce54fd1650" testId="759a3507-8826-8013-133a-77aee20ee64b" testName="TimeProfileInfragisticEvaluator102Constructor15Test" computerName="DKSR-EFI-06" duration="00:00:00.0055640" startTime="2024-01-09T15:41:27.3100460+01:00" endTime="2024-01-09T15:41:27.3256706+01:00" testType="13cdc9d9-ddb5-4fa4-a97d-d965ccfc6d4b" outcome="Passed" testListId="8c84fa94-04c1-424b-9868-57a2d4851a1d" relativeResultsDirectory="7cdf85ee-be93-411a-b4b9-fbce54fd1650" />
    <UnitTestResult executionId="160f1cbd-cd63-4127-a39d-1b6fd74599ae" testId="fde2a2f5-3afd-a0f5-ca5c-f18e1f9641cf" testName="GetAppointmentsRecurringYearlyFirstMondayMartsTest" computerName="DKSR-EFI-06" duration="00:00:00.0271597" startTime="2024-01-09T15:41:28.2163041+01:00" endTime="2024-01-09T15:41:28.2475954+01:00" testType="13cdc9d9-ddb5-4fa4-a97d-d965ccfc6d4b" outcome="Passed" testListId="8c84fa94-04c1-424b-9868-57a2d4851a1d" relativeResultsDirectory="160f1cbd-cd63-4127-a39d-1b6fd74599ae" />
    <UnitTestResult executionId="36194349-e696-4535-a498-1697dd7c27d6" testId="d432de47-0bed-83ca-35bc-10ae81b881cf" testName="GpsParserTest3_3BlocksReverseOrder" computerName="DKSR-EFI-06" duration="00:00:00.0003583" startTime="2024-01-09T15:41:09.6850279+01:00" endTime="2024-01-09T15:41:09.6850279+01:00" testType="13cdc9d9-ddb5-4fa4-a97d-d965ccfc6d4b" outcome="Passed" testListId="8c84fa94-04c1-424b-9868-57a2d4851a1d" relativeResultsDirectory="36194349-e696-4535-a498-1697dd7c27d6" />
    <UnitTestResult executionId="10ce47cb-ca35-4c02-893f-591f95a11cf5" testId="5190094f-537d-c21f-f909-b4e1d1d4da2c" testName="TimeProfileSunClockEvaluatorConstructorTestDefinitionNull" computerName="DKSR-EFI-06" duration="00:00:00.0006024" startTime="2024-01-09T15:41:28.6694322+01:00" endTime="2024-01-09T15:41:28.6694322+01:00" testType="13cdc9d9-ddb5-4fa4-a97d-d965ccfc6d4b" outcome="Passed" testListId="8c84fa94-04c1-424b-9868-57a2d4851a1d" relativeResultsDirectory="10ce47cb-ca35-4c02-893f-591f95a11cf5" />
    <UnitTestResult executionId="2a04c5c5-ed75-4764-a7be-07b43873d04f" testId="66f2d804-79b8-66cd-65a4-90df10d2e648" testName="TimeProfileEvaluatorConstructorTestSunClock" computerName="DKSR-EFI-06" duration="00:00:00.1938047" startTime="2024-01-09T15:41:11.1069062+01:00" endTime="2024-01-09T15:41:11.3100303+01:00" testType="13cdc9d9-ddb5-4fa4-a97d-d965ccfc6d4b" outcome="Passed" testListId="8c84fa94-04c1-424b-9868-57a2d4851a1d" relativeResultsDirectory="2a04c5c5-ed75-4764-a7be-07b43873d04f" />
    <UnitTestResult executionId="bc99fa9c-6c82-4da7-8a29-286c3e5a591a" testId="6bba8317-dda2-5ac8-077a-bac57206850a" testName="GPSCoordinateConstructorTest1InvalidLongitude" computerName="DKSR-EFI-06" duration="00:00:00.0005487" startTime="2024-01-09T15:41:09.5600275+01:00" endTime="2024-01-09T15:41:09.5600275+01:00" testType="13cdc9d9-ddb5-4fa4-a97d-d965ccfc6d4b" outcome="Passed" testListId="8c84fa94-04c1-424b-9868-57a2d4851a1d" relativeResultsDirectory="bc99fa9c-6c82-4da7-8a29-286c3e5a591a" />
    <UnitTestResult executionId="ecbac7b0-96ae-4d63-b753-d297ad824765" testId="e487ded2-fa71-cb1c-1ec4-73769dc52337" testName="TimeProfileSunClockDefinitionConstructorTimeZoneIdInvalidTest" computerName="DKSR-EFI-06" duration="00:00:00.0006043" startTime="2024-01-09T15:41:28.4350549+01:00" endTime="2024-01-09T15:41:28.4350549+01:00" testType="13cdc9d9-ddb5-4fa4-a97d-d965ccfc6d4b" outcome="Passed" testListId="8c84fa94-04c1-424b-9868-57a2d4851a1d" relativeResultsDirectory="ecbac7b0-96ae-4d63-b753-d297ad824765" />
    <UnitTestResult executionId="133ecfe5-0f66-4dd1-a333-d6f7516943b2" testId="1bb0a715-d33b-a179-b3d0-3bb5781bd085" testName="GetDailyAppointmentsTest" computerName="DKSR-EFI-06" duration="00:00:00.0200065" startTime="2024-01-09T15:41:11.5444047+01:00" endTime="2024-01-09T15:41:11.5600288+01:00" testType="13cdc9d9-ddb5-4fa4-a97d-d965ccfc6d4b" outcome="Passed" testListId="8c84fa94-04c1-424b-9868-57a2d4851a1d" relativeResultsDirectory="133ecfe5-0f66-4dd1-a333-d6f7516943b2" />
    <UnitTestResult executionId="c9ebc314-26e2-472f-80e5-30d22e798a11" testId="d38fa24b-9125-be98-c13d-3aa8a2700fbd" testName="ConvertGpsValueTestShouldBeInteger1" computerName="DKSR-EFI-06" duration="00:00:00.0009731" startTime="2024-01-09T15:41:09.6225282+01:00" endTime="2024-01-09T15:41:09.6225282+01:00" testType="13cdc9d9-ddb5-4fa4-a97d-d965ccfc6d4b" outcome="Passed" testListId="8c84fa94-04c1-424b-9868-57a2d4851a1d" relativeResultsDirectory="c9ebc314-26e2-472f-80e5-30d22e798a11" />
    <UnitTestResult executionId="901897b4-3bc0-40a9-a5c3-2d48a35048bb" testId="d56cb874-3cc7-e771-ca45-d471f8d52b03" testName="GetAppointmentsTestWinterTime2" computerName="DKSR-EFI-06" duration="00:00:00.0011888" startTime="2024-01-09T15:41:28.9350605+01:00" endTime="2024-01-09T15:41:28.9506865+01:00" testType="13cdc9d9-ddb5-4fa4-a97d-d965ccfc6d4b" outcome="Passed" testListId="8c84fa94-04c1-424b-9868-57a2d4851a1d" relativeResultsDirectory="901897b4-3bc0-40a9-a5c3-2d48a35048bb" />
    <UnitTestResult executionId="0bc066cf-06f0-4069-9eea-a262263eeceb" testId="b564dd73-5389-f65a-16c5-1a9a85212e8d" testName="TimeProfileInfragisticEvaluator102Constructor10Test" computerName="DKSR-EFI-06" duration="00:00:00.0059388" startTime="2024-01-09T15:41:27.2631675+01:00" endTime="2024-01-09T15:41:27.2787930+01:00" testType="13cdc9d9-ddb5-4fa4-a97d-d965ccfc6d4b" outcome="Passed" testListId="8c84fa94-04c1-424b-9868-57a2d4851a1d" relativeResultsDirectory="0bc066cf-06f0-4069-9eea-a262263eeceb" />
    <UnitTestResult executionId="1dada605-611f-4e7f-b791-b4761cecc011" testId="66e652d4-7120-e0b9-bc3f-59f1dd07326d" testName="GetAppointmentsTestCopenhagen21JunUtcTimeZone" computerName="DKSR-EFI-06" duration="00:00:00.0024484" startTime="2024-01-09T15:41:28.8881863+01:00" endTime="2024-01-09T15:41:28.9038107+01:00" testType="13cdc9d9-ddb5-4fa4-a97d-d965ccfc6d4b" outcome="Passed" testListId="8c84fa94-04c1-424b-9868-57a2d4851a1d" relativeResultsDirectory="1dada605-611f-4e7f-b791-b4761cecc011" />
    <UnitTestResult executionId="6f4e5f82-8d84-4e53-94a9-78e83b9c0a79" testId="38165d93-074a-c3be-4585-e77f40c7f236" testName="TimeProfileInfragisticEvaluator63Constructor15Test" computerName="DKSR-EFI-06" duration="00:00:00.0092947" startTime="2024-01-09T15:41:27.1537978+01:00" endTime="2024-01-09T15:41:27.1694200+01:00" testType="13cdc9d9-ddb5-4fa4-a97d-d965ccfc6d4b" outcome="Passed" testListId="8c84fa94-04c1-424b-9868-57a2d4851a1d" relativeResultsDirectory="6f4e5f82-8d84-4e53-94a9-78e83b9c0a79" />
    <UnitTestResult executionId="bf1bb79e-f165-40f5-88fd-ffede7d6097c" testId="b938de7b-7f73-e630-d3f9-f037248a6a21" testName="ConvertGpsValueTestIndex0Length2" computerName="DKSR-EFI-06" duration="00:00:00.0001575" startTime="2024-01-09T15:41:09.5756513+01:00" endTime="2024-01-09T15:41:09.5756513+01:00" testType="13cdc9d9-ddb5-4fa4-a97d-d965ccfc6d4b" outcome="Passed" testListId="8c84fa94-04c1-424b-9868-57a2d4851a1d" relativeResultsDirectory="bf1bb79e-f165-40f5-88fd-ffede7d6097c" />
    <UnitTestResult executionId="05fec865-f699-4d2f-b961-2398e189426f" testId="a6602191-84b6-37cb-cd64-033d6703a5ac" testName="CalculateSunriseSunsetWilliamTestNearAntarctica21DecSunrise" computerName="DKSR-EFI-06" duration="00:00:00.0001957" startTime="2024-01-09T15:41:28.7631833+01:00" endTime="2024-01-09T15:41:28.7631833+01:00" testType="13cdc9d9-ddb5-4fa4-a97d-d965ccfc6d4b" outcome="Passed" testListId="8c84fa94-04c1-424b-9868-57a2d4851a1d" relativeResultsDirectory="05fec865-f699-4d2f-b961-2398e189426f" />
    <UnitTestResult executionId="bffcf6ba-378d-4076-9709-d2d79eb4602c" testId="6225bec6-d690-2c9c-7fcb-e2ee829cce19" testName="CalculateSunriseSunsetWilliamTestKiruna20MarchSunset" computerName="DKSR-EFI-06" duration="00:00:00.0001910" startTime="2024-01-09T15:41:28.7475602+01:00" endTime="2024-01-09T15:41:28.7475602+01:00" testType="13cdc9d9-ddb5-4fa4-a97d-d965ccfc6d4b" outcome="Passed" testListId="8c84fa94-04c1-424b-9868-57a2d4851a1d" relativeResultsDirectory="bffcf6ba-378d-4076-9709-d2d79eb4602c" />
    <UnitTestResult executionId="b2577582-1347-4b33-b57d-e3814f868d0e" testId="fd0eccf9-caa6-b83a-bee6-883590bd0481" testName="CalculateSunriseSunsetWilliamTestAntarctica23SeptemberSunrise" computerName="DKSR-EFI-06" duration="00:00:00.0001837" startTime="2024-01-09T15:41:28.8413077+01:00" endTime="2024-01-09T15:41:28.8413077+01:00" testType="13cdc9d9-ddb5-4fa4-a97d-d965ccfc6d4b" outcome="Passed" testListId="8c84fa94-04c1-424b-9868-57a2d4851a1d" relativeResultsDirectory="b2577582-1347-4b33-b57d-e3814f868d0e" />
    <UnitTestResult executionId="e0f72deb-90a9-450b-bbbf-9f5272f3d222" testId="641a7524-60f1-9181-6e9b-89739b290cb6" testName="CalculateSunriseSunsetWilliamTestAntarctica24SeptemberSunset" computerName="DKSR-EFI-06" duration="00:00:00.0001878" startTime="2024-01-09T15:41:28.8413077+01:00" endTime="2024-01-09T15:41:28.8413077+01:00" testType="13cdc9d9-ddb5-4fa4-a97d-d965ccfc6d4b" outcome="Passed" testListId="8c84fa94-04c1-424b-9868-57a2d4851a1d" relativeResultsDirectory="e0f72deb-90a9-450b-bbbf-9f5272f3d222" />
    <UnitTestResult executionId="60c3464c-73ac-4d24-927d-5ff692c7c4bd" testId="6b0c050c-26e7-4247-c0fb-8071d719bf13" testName="CalculateSunriseSunsetWilliamTestAntarctica19MarchSunset" computerName="DKSR-EFI-06" duration="00:00:00.0001928" startTime="2024-01-09T15:41:28.8256837+01:00" endTime="2024-01-09T15:41:28.8256837+01:00" testType="13cdc9d9-ddb5-4fa4-a97d-d965ccfc6d4b" outcome="Passed" testListId="8c84fa94-04c1-424b-9868-57a2d4851a1d" relativeResultsDirectory="60c3464c-73ac-4d24-927d-5ff692c7c4bd" />
    <UnitTestResult executionId="b263719c-15f6-44ec-9bee-725722278b4d" testId="ae6ab4de-a15a-386e-27b4-ad7e305232a4" testName="TimeProfileInfragisticEvaluator63Constructor11Test" computerName="DKSR-EFI-06" duration="00:00:00.0099320" startTime="2024-01-09T15:41:27.0912943+01:00" endTime="2024-01-09T15:41:27.1069168+01:00" testType="13cdc9d9-ddb5-4fa4-a97d-d965ccfc6d4b" outcome="Passed" testListId="8c84fa94-04c1-424b-9868-57a2d4851a1d" relativeResultsDirectory="b263719c-15f6-44ec-9bee-725722278b4d" />
    <UnitTestResult executionId="13dee291-296d-42c7-99b6-941723a61e13" testId="76ea4b03-0002-bcef-6cf5-96a275197a3e" testName="CalculateSunriseSunsetWilliamTestAntarctica21JunSunrise" computerName="DKSR-EFI-06" duration="00:00:00.0002163" startTime="2024-01-09T15:41:28.8256837+01:00" endTime="2024-01-09T15:41:28.8256837+01:00" testType="13cdc9d9-ddb5-4fa4-a97d-d965ccfc6d4b" outcome="Passed" testListId="8c84fa94-04c1-424b-9868-57a2d4851a1d" relativeResultsDirectory="13dee291-296d-42c7-99b6-941723a61e13" />
    <UnitTestResult executionId="192b7d4b-b4fd-4015-a47e-2dd93cbe65fc" testId="46700ab3-b2de-891d-833f-f66992ae2085" testName="CalculateSunriseSunsetWilliamTestNearAntarctica20MarchSunrise" computerName="DKSR-EFI-06" duration="00:00:00.0002007" startTime="2024-01-09T15:41:28.7788089+01:00" endTime="2024-01-09T15:41:28.7788089+01:00" testType="13cdc9d9-ddb5-4fa4-a97d-d965ccfc6d4b" outcome="Passed" testListId="8c84fa94-04c1-424b-9868-57a2d4851a1d" relativeResultsDirectory="192b7d4b-b4fd-4015-a47e-2dd93cbe65fc" />
    <UnitTestResult executionId="39cc1ecc-5852-4958-b870-d8ef86aa2b14" testId="28c75364-c29c-d484-d8df-a007de00eb92" testName="TimeProfileSunClockDefinitionConstructorSunSetOutOfRangeTest" computerName="DKSR-EFI-06" duration="00:00:00.0006461" startTime="2024-01-09T15:41:28.4038060+01:00" endTime="2024-01-09T15:41:28.4194309+01:00" testType="13cdc9d9-ddb5-4fa4-a97d-d965ccfc6d4b" outcome="Passed" testListId="8c84fa94-04c1-424b-9868-57a2d4851a1d" relativeResultsDirectory="39cc1ecc-5852-4958-b870-d8ef86aa2b14" />
    <UnitTestResult executionId="c4715e41-0f4f-4c7f-a82d-fcb1db378584" testId="ff921edb-f8f6-eb69-b885-d9a475988f7d" testName="GetAppointmentsSingleTest" computerName="DKSR-EFI-06" duration="00:00:00.0058308" startTime="2024-01-09T15:41:28.3100548+01:00" endTime="2024-01-09T15:41:28.3100548+01:00" testType="13cdc9d9-ddb5-4fa4-a97d-d965ccfc6d4b" outcome="Passed" testListId="8c84fa94-04c1-424b-9868-57a2d4851a1d" relativeResultsDirectory="c4715e41-0f4f-4c7f-a82d-fcb1db378584" />
    <UnitTestResult executionId="75e75708-072d-4d1f-972e-abed871fe76e" testId="224b2ed7-c50c-8d48-672a-c827e07a3a62" testName="GpsParserTestInvalidNoOfDirectionSpecifiers1" computerName="DKSR-EFI-06" duration="00:00:00.0006875" startTime="2024-01-09T15:41:09.7475283+01:00" endTime="2024-01-09T15:41:09.7475283+01:00" testType="13cdc9d9-ddb5-4fa4-a97d-d965ccfc6d4b" outcome="Passed" testListId="8c84fa94-04c1-424b-9868-57a2d4851a1d" relativeResultsDirectory="75e75708-072d-4d1f-972e-abed871fe76e" />
    <UnitTestResult executionId="34f05319-3589-4e9e-bce9-b64133e311af" testId="21969593-9ffe-beb3-4f6a-cf45e3f6ac14" testName="TimeProfileInfragisticEvaluator63Constructor13Test" computerName="DKSR-EFI-06" duration="00:00:00.0101335" startTime="2024-01-09T15:41:27.1225437+01:00" endTime="2024-01-09T15:41:27.1381691+01:00" testType="13cdc9d9-ddb5-4fa4-a97d-d965ccfc6d4b" outcome="Passed" testListId="8c84fa94-04c1-424b-9868-57a2d4851a1d" relativeResultsDirectory="34f05319-3589-4e9e-bce9-b64133e311af" />
    <UnitTestResult executionId="6a6590b1-3eea-4c64-b719-cc6d2b5613e2" testId="8e80079e-8b3e-57c8-5480-6b7867070ad8" testName="GetAppointmentsNoTimeTest" computerName="DKSR-EFI-06" duration="00:00:00.0024789" startTime="2024-01-09T15:41:27.4662962+01:00" endTime="2024-01-09T15:41:27.4662962+01:00" testType="13cdc9d9-ddb5-4fa4-a97d-d965ccfc6d4b" outcome="Passed" testListId="8c84fa94-04c1-424b-9868-57a2d4851a1d" relativeResultsDirectory="6a6590b1-3eea-4c64-b719-cc6d2b5613e2" />
    <UnitTestResult executionId="39c41ab3-a39e-4c51-9c0c-4556b8c8661d" testId="97915732-ea8d-f4a9-8f8b-a032be1aadb7" testName="GetAppointmentsRecurringWeekly2ndWednesdayTest" computerName="DKSR-EFI-06" duration="00:00:00.0483955" startTime="2024-01-09T15:41:27.9819268+01:00" endTime="2024-01-09T15:41:28.0288009+01:00" testType="13cdc9d9-ddb5-4fa4-a97d-d965ccfc6d4b" outcome="Passed" testListId="8c84fa94-04c1-424b-9868-57a2d4851a1d" relativeResultsDirectory="39c41ab3-a39e-4c51-9c0c-4556b8c8661d" />
    <UnitTestResult executionId="d333620f-bbf1-446e-8dbd-8ed7c71cc6ab" testId="13985aff-55b6-8f4d-0d3b-72faff5c5024" testName="GetAppointmentsTestSummerTime2" computerName="DKSR-EFI-06" duration="00:00:00.0012118" startTime="2024-01-09T15:41:28.9350605+01:00" endTime="2024-01-09T15:41:28.9350605+01:00" testType="13cdc9d9-ddb5-4fa4-a97d-d965ccfc6d4b" outcome="Passed" testListId="8c84fa94-04c1-424b-9868-57a2d4851a1d" relativeResultsDirectory="d333620f-bbf1-446e-8dbd-8ed7c71cc6ab" />
    <UnitTestResult executionId="fc87e106-baa5-4844-87e6-64379993a26e" testId="6a430a06-d060-2a61-66e3-4b6259d7084d" testName="GpsParserTestInvalidGpsDirection2" computerName="DKSR-EFI-06" duration="00:00:00.0005452" startTime="2024-01-09T15:41:09.7475283+01:00" endTime="2024-01-09T15:41:09.7475283+01:00" testType="13cdc9d9-ddb5-4fa4-a97d-d965ccfc6d4b" outcome="Passed" testListId="8c84fa94-04c1-424b-9868-57a2d4851a1d" relativeResultsDirectory="fc87e106-baa5-4844-87e6-64379993a26e" />
    <UnitTestResult executionId="0edbdcf5-0925-48be-9729-429866a86c51" testId="306f6017-6b92-421b-7fd3-72fe02950985" testName="GetAppointmentsTestKiruna21DecLocalTimeZone" computerName="DKSR-EFI-06" duration="00:00:00.0005820" startTime="2024-01-09T15:41:28.9038107+01:00" endTime="2024-01-09T15:41:28.9038107+01:00" testType="13cdc9d9-ddb5-4fa4-a97d-d965ccfc6d4b" outcome="Passed" testListId="8c84fa94-04c1-424b-9868-57a2d4851a1d" relativeResultsDirectory="0edbdcf5-0925-48be-9729-429866a86c51" />
    <UnitTestResult executionId="29a6dd3d-d69a-43b3-b770-6f2d44123df6" testId="c9809da6-9cc2-1d5d-9877-4b850b3d75bd" testName="TimeProfileInfragisticEvaluator63Constructor16Test" computerName="DKSR-EFI-06" duration="00:00:00.0067341" startTime="2024-01-09T15:41:27.1694200+01:00" endTime="2024-01-09T15:41:27.1694200+01:00" testType="13cdc9d9-ddb5-4fa4-a97d-d965ccfc6d4b" outcome="Passed" testListId="8c84fa94-04c1-424b-9868-57a2d4851a1d" relativeResultsDirectory="29a6dd3d-d69a-43b3-b770-6f2d44123df6" />
    <UnitTestResult executionId="35512346-edb6-4922-bbb4-ec4ee2cea383" testId="0c078675-9733-bd43-f92d-197327660f90" testName="GpsParserTestInvalidCharactersInValues" computerName="DKSR-EFI-06" duration="00:00:00.0005656" startTime="2024-01-09T15:41:09.7319050+01:00" endTime="2024-01-09T15:41:09.7475283+01:00" testType="13cdc9d9-ddb5-4fa4-a97d-d965ccfc6d4b" outcome="Passed" testListId="8c84fa94-04c1-424b-9868-57a2d4851a1d" relativeResultsDirectory="35512346-edb6-4922-bbb4-ec4ee2cea383" />
    <UnitTestResult executionId="685bf982-1d7e-49cf-a1b6-04f3ede31191" testId="f429d6a0-c09a-0533-4616-de26584ea64d" testName="GpsParserTest3_2Blocks" computerName="DKSR-EFI-06" duration="00:00:00.0003336" startTime="2024-01-09T15:41:09.6694011+01:00" endTime="2024-01-09T15:41:09.6694011+01:00" testType="13cdc9d9-ddb5-4fa4-a97d-d965ccfc6d4b" outcome="Passed" testListId="8c84fa94-04c1-424b-9868-57a2d4851a1d" relativeResultsDirectory="685bf982-1d7e-49cf-a1b6-04f3ede31191" />
    <UnitTestResult executionId="b56e8e8f-7ca3-4c19-b817-dc917b216ada" testId="612de378-a5d1-39d7-5004-042ad08386ce" testName="TimeProfileSunClockDefinitionConstructorOffSet1Test" computerName="DKSR-EFI-06" duration="00:00:00.0002781" startTime="2024-01-09T15:41:28.4194309+01:00" endTime="2024-01-09T15:41:28.4194309+01:00" testType="13cdc9d9-ddb5-4fa4-a97d-d965ccfc6d4b" outcome="Passed" testListId="8c84fa94-04c1-424b-9868-57a2d4851a1d" relativeResultsDirectory="b56e8e8f-7ca3-4c19-b817-dc917b216ada" />
    <UnitTestResult executionId="818c9bb7-0507-442e-a68c-cbf0fb33605e" testId="6c08dc40-3562-5ab3-fac7-e7b7f6da18bf" testName="ConvertGpsValueTestInvalidDoubleString4" computerName="DKSR-EFI-06" duration="00:00:00.0005838" startTime="2024-01-09T15:41:09.6537778+01:00" endTime="2024-01-09T15:41:09.6537778+01:00" testType="13cdc9d9-ddb5-4fa4-a97d-d965ccfc6d4b" outcome="Passed" testListId="8c84fa94-04c1-424b-9868-57a2d4851a1d" relativeResultsDirectory="818c9bb7-0507-442e-a68c-cbf0fb33605e" />
    <UnitTestResult executionId="bc3c0108-f76d-4576-9e57-81571fa26d19" testId="be0efaee-1bcc-957d-deb4-0d689ff102b2" testName="GetSunriseSunsetAppointmentTestKiruna5DecPlus1TimeZone" computerName="DKSR-EFI-06" duration="00:00:00.0005835" startTime="2024-01-09T15:41:28.8881863+01:00" endTime="2024-01-09T15:41:28.8881863+01:00" testType="13cdc9d9-ddb5-4fa4-a97d-d965ccfc6d4b" outcome="Passed" testListId="8c84fa94-04c1-424b-9868-57a2d4851a1d" relativeResultsDirectory="bc3c0108-f76d-4576-9e57-81571fa26d19" />
    <UnitTestResult executionId="5f1d3e87-fc07-4690-830f-28b0386cd269" testId="a2688d93-a748-c236-a400-96fa20539361" testName="GpsParserTest2_2Blocks" computerName="DKSR-EFI-06" duration="00:00:00.0003298" startTime="2024-01-09T15:41:09.6694011+01:00" endTime="2024-01-09T15:41:09.6694011+01:00" testType="13cdc9d9-ddb5-4fa4-a97d-d965ccfc6d4b" outcome="Passed" testListId="8c84fa94-04c1-424b-9868-57a2d4851a1d" relativeResultsDirectory="5f1d3e87-fc07-4690-830f-28b0386cd269" />
    <UnitTestResult executionId="b286c7a3-5929-47f0-970b-87a363e80d5a" testId="6d55a2cf-850d-85a5-c5c7-b75b0e61394e" testName="CalculateSunriseSunsetWilliamTestSydney21DecSunset" computerName="DKSR-EFI-06" duration="00:00:00.0001777" startTime="2024-01-09T15:41:28.7319320+01:00" endTime="2024-01-09T15:41:28.7319320+01:00" testType="13cdc9d9-ddb5-4fa4-a97d-d965ccfc6d4b" outcome="Passed" testListId="8c84fa94-04c1-424b-9868-57a2d4851a1d" relativeResultsDirectory="b286c7a3-5929-47f0-970b-87a363e80d5a" />
    <UnitTestResult executionId="887341c1-8ae5-4f22-a230-5948cf8e66ca" testId="00521c76-6ee3-dbc3-b758-7cfcf4347322" testName="GetSunriseSunsetAppointmentTestKiruna5DecPlus1TimeZoneInvalidOffset" computerName="DKSR-EFI-06" duration="00:00:00.0009034" startTime="2024-01-09T15:41:28.8881863+01:00" endTime="2024-01-09T15:41:28.8881863+01:00" testType="13cdc9d9-ddb5-4fa4-a97d-d965ccfc6d4b" outcome="Passed" testListId="8c84fa94-04c1-424b-9868-57a2d4851a1d" relativeResultsDirectory="887341c1-8ae5-4f22-a230-5948cf8e66ca" />
    <UnitTestResult executionId="d266f25b-7f02-4569-95c7-206432335cc4" testId="27ba3d41-2918-6d80-a04e-f521fca1a8ce" testName="GetAppointmentsRecurring10OccurencesInfragisticVersionTest" computerName="DKSR-EFI-06" duration="00:00:00.0397385" startTime="2024-01-09T15:41:27.5131720+01:00" endTime="2024-01-09T15:41:27.5600476+01:00" testType="13cdc9d9-ddb5-4fa4-a97d-d965ccfc6d4b" outcome="Passed" testListId="8c84fa94-04c1-424b-9868-57a2d4851a1d" relativeResultsDirectory="d266f25b-7f02-4569-95c7-206432335cc4" />
    <UnitTestResult executionId="00588315-10d6-4ec9-badb-d4a82fe73db8" testId="effdf7db-1010-3b3e-7b9c-fd993387abce" testName="ConvertGpsValueTestInvalidDoubleString3" computerName="DKSR-EFI-06" duration="00:00:00.0006197" startTime="2024-01-09T15:41:09.6381532+01:00" endTime="2024-01-09T15:41:09.6381532+01:00" testType="13cdc9d9-ddb5-4fa4-a97d-d965ccfc6d4b" outcome="Passed" testListId="8c84fa94-04c1-424b-9868-57a2d4851a1d" relativeResultsDirectory="00588315-10d6-4ec9-badb-d4a82fe73db8" />
    <UnitTestResult executionId="c798931e-eed8-4a6c-b9c3-c2c7b23c084f" testId="0df77070-eb48-1fb9-d310-76e29c4eb923" testName="EvaluateTimeTestInfragisticsSummerTime" computerName="DKSR-EFI-06" duration="00:00:00.1340030" startTime="2024-01-09T15:41:11.3725307+01:00" endTime="2024-01-09T15:41:11.5131574+01:00" testType="13cdc9d9-ddb5-4fa4-a97d-d965ccfc6d4b" outcome="Passed" testListId="8c84fa94-04c1-424b-9868-57a2d4851a1d" relativeResultsDirectory="c798931e-eed8-4a6c-b9c3-c2c7b23c084f" />
    <UnitTestResult executionId="a720b72f-28bf-44b3-a51a-58f27ddfacfb" testId="35818c40-394b-77e0-5b06-636f9dcf1826" testName="TimeProfileSunClockDefinitionConstructor1NoOutOfRangeExceptionTest" computerName="DKSR-EFI-06" duration="00:00:00.0007478" startTime="2024-01-09T15:41:28.4506829+01:00" endTime="2024-01-09T15:41:28.4506829+01:00" testType="13cdc9d9-ddb5-4fa4-a97d-d965ccfc6d4b" outcome="Passed" testListId="8c84fa94-04c1-424b-9868-57a2d4851a1d" relativeResultsDirectory="a720b72f-28bf-44b3-a51a-58f27ddfacfb" />
    <UnitTestResult executionId="bf98767c-d764-4d0d-aff5-9502fa128549" testId="d2e5db71-b1bd-1e54-6931-d4ea9a10fc5f" testName="TimeProfileSunClockDefinitionConstructorTimeZoneNullTest" computerName="DKSR-EFI-06" duration="00:00:00.0005990" startTime="2024-01-09T15:41:28.4350549+01:00" endTime="2024-01-09T15:41:28.4350549+01:00" testType="13cdc9d9-ddb5-4fa4-a97d-d965ccfc6d4b" outcome="Passed" testListId="8c84fa94-04c1-424b-9868-57a2d4851a1d" relativeResultsDirectory="bf98767c-d764-4d0d-aff5-9502fa128549" />
    <UnitTestResult executionId="263ec8df-0588-448f-9949-4b1ea8b43a91" testId="8fa6a96b-2f3f-4e85-a824-5b1fee8eaae6" testName="TimeProfileSunClockDefinitionConstructorTest" computerName="DKSR-EFI-06" duration="00:00:00.0009303" startTime="2024-01-09T15:41:28.4038060+01:00" endTime="2024-01-09T15:41:28.4038060+01:00" testType="13cdc9d9-ddb5-4fa4-a97d-d965ccfc6d4b" outcome="Passed" testListId="8c84fa94-04c1-424b-9868-57a2d4851a1d" relativeResultsDirectory="263ec8df-0588-448f-9949-4b1ea8b43a91" />
    <UnitTestResult executionId="11c34bac-2a06-4741-9ac9-e89d45fee49a" testId="34a777df-87ae-e2ed-7248-aa27e9a05690" testName="CalculateSunriseSunsetWilliamTestAntarctica20MarchSunrise" computerName="DKSR-EFI-06" duration="00:00:00.0001858" startTime="2024-01-09T15:41:28.8256837+01:00" endTime="2024-01-09T15:41:28.8256837+01:00" testType="13cdc9d9-ddb5-4fa4-a97d-d965ccfc6d4b" outcome="Passed" testListId="8c84fa94-04c1-424b-9868-57a2d4851a1d" relativeResultsDirectory="11c34bac-2a06-4741-9ac9-e89d45fee49a" />
    <UnitTestResult executionId="35bde1db-ace0-4520-bb38-a12efbaf658f" testId="a88ddc68-d3ca-c696-d84d-798cdc152c8a" testName="SunSetOffsetTest" computerName="DKSR-EFI-06" duration="00:00:00.0002595" startTime="2024-01-09T15:41:28.6069302+01:00" endTime="2024-01-09T15:41:28.6069302+01:00" testType="13cdc9d9-ddb5-4fa4-a97d-d965ccfc6d4b" outcome="Passed" testListId="8c84fa94-04c1-424b-9868-57a2d4851a1d" relativeResultsDirectory="35bde1db-ace0-4520-bb38-a12efbaf658f" />
    <UnitTestResult executionId="1ab0fd59-b259-4331-ba7f-06c2e3159342" testId="c1dc72c9-207f-c7b2-55c9-7ed64f1252b2" testName="TimeProfileInfragisticEvaluator63Constructor3Test" computerName="DKSR-EFI-06" duration="00:00:00.0027036" startTime="2024-01-09T15:41:26.9975434+01:00" endTime="2024-01-09T15:41:27.0131716+01:00" testType="13cdc9d9-ddb5-4fa4-a97d-d965ccfc6d4b" outcome="Passed" testListId="8c84fa94-04c1-424b-9868-57a2d4851a1d" relativeResultsDirectory="1ab0fd59-b259-4331-ba7f-06c2e3159342" />
    <UnitTestResult executionId="452a3bdf-199a-4f9e-aa47-c64a02282c09" testId="9bb9051b-489a-5af3-691a-f94a415fdbdd" testName="FromXmlInvalidXmlTest" computerName="DKSR-EFI-06" duration="00:00:00.0006174" startTime="2024-01-09T15:41:28.5288062+01:00" endTime="2024-01-09T15:41:28.5444301+01:00" testType="13cdc9d9-ddb5-4fa4-a97d-d965ccfc6d4b" outcome="Passed" testListId="8c84fa94-04c1-424b-9868-57a2d4851a1d" relativeResultsDirectory="452a3bdf-199a-4f9e-aa47-c64a02282c09" />
    <UnitTestResult executionId="2d416f1a-d2b7-4aec-84d8-0288de717d42" testId="dd681f50-ffcd-3113-5fc7-42f9e844aa4f" testName="CalculateSunriseSunsetWilliamTestNearAntarctica21JunSunset" computerName="DKSR-EFI-06" duration="00:00:00.0002080" startTime="2024-01-09T15:41:28.7631833+01:00" endTime="2024-01-09T15:41:28.7631833+01:00" testType="13cdc9d9-ddb5-4fa4-a97d-d965ccfc6d4b" outcome="Passed" testListId="8c84fa94-04c1-424b-9868-57a2d4851a1d" relativeResultsDirectory="2d416f1a-d2b7-4aec-84d8-0288de717d42" />
    <UnitTestResult executionId="aefa7472-958b-45b0-a806-8baf34b8687f" testId="f44c23e6-e15d-bf59-ff33-9abc5a04f6b7" testName="CalculateSunriseSunsetWilliamTestKiruna21JunSunset" computerName="DKSR-EFI-06" duration="00:00:00.0002348" startTime="2024-01-09T15:41:28.7475602+01:00" endTime="2024-01-09T15:41:28.7475602+01:00" testType="13cdc9d9-ddb5-4fa4-a97d-d965ccfc6d4b" outcome="Passed" testListId="8c84fa94-04c1-424b-9868-57a2d4851a1d" relativeResultsDirectory="aefa7472-958b-45b0-a806-8baf34b8687f" />
    <UnitTestResult executionId="2cc8f643-8a26-4cab-959d-1591c7b5cd2d" testId="70cd580d-b781-a6d7-a0f0-e29ff6ad7863" testName="TimeProfileInfragisticEvaluator102Constructor16Test" computerName="DKSR-EFI-06" duration="00:00:00.0041264" startTime="2024-01-09T15:41:27.3256706+01:00" endTime="2024-01-09T15:41:27.3256706+01:00" testType="13cdc9d9-ddb5-4fa4-a97d-d965ccfc6d4b" outcome="Passed" testListId="8c84fa94-04c1-424b-9868-57a2d4851a1d" relativeResultsDirectory="2cc8f643-8a26-4cab-959d-1591c7b5cd2d" />
    <UnitTestResult executionId="87e61a9b-0dec-4700-b2aa-c3e5006e2ebb" testId="08780940-3222-9d97-3f72-2e5bf64d9f63" testName="GetAppointmentsTestKiruna26MayMinus10TimeZone" computerName="DKSR-EFI-06" duration="00:00:00.0009276" startTime="2024-01-09T15:41:28.9194363+01:00" endTime="2024-01-09T15:41:28.9194363+01:00" testType="13cdc9d9-ddb5-4fa4-a97d-d965ccfc6d4b" outcome="Passed" testListId="8c84fa94-04c1-424b-9868-57a2d4851a1d" relativeResultsDirectory="87e61a9b-0dec-4700-b2aa-c3e5006e2ebb" />
    <UnitTestResult executionId="827fc8e5-1f3a-4d9e-a91a-236f138e8c66" testId="8c13d9b4-4fe4-6a65-5f8f-6703f5f730f0" testName="GetSunriseSunsetAppointmentTestCopenhagen21JunPlus10TimeZone" computerName="DKSR-EFI-06" duration="00:00:00.0006054" startTime="2024-01-09T15:41:28.8569355+01:00" endTime="2024-01-09T15:41:28.8569355+01:00" testType="13cdc9d9-ddb5-4fa4-a97d-d965ccfc6d4b" outcome="Passed" testListId="8c84fa94-04c1-424b-9868-57a2d4851a1d" relativeResultsDirectory="827fc8e5-1f3a-4d9e-a91a-236f138e8c66" />
    <UnitTestResult executionId="e0ef9a8b-cdb6-47b6-b525-3a3c326d9a4b" testId="58a542f5-939d-468a-347d-1d62d8e3c52e" testName="GetAppointmentDurationTest" computerName="DKSR-EFI-06" duration="00:00:00.0009216" startTime="2024-01-09T15:41:28.4038060+01:00" endTime="2024-01-09T15:41:28.4038060+01:00" testType="13cdc9d9-ddb5-4fa4-a97d-d965ccfc6d4b" outcome="Passed" testListId="8c84fa94-04c1-424b-9868-57a2d4851a1d" relativeResultsDirectory="e0ef9a8b-cdb6-47b6-b525-3a3c326d9a4b" />
    <UnitTestResult executionId="926529e9-74b4-4497-acfb-cf2a0d1f459e" testId="6fab70ae-2467-09e6-79ca-39e0261c423e" testName="GpsParserTestInvalidDecimalSeparator" computerName="DKSR-EFI-06" duration="00:00:00.0006331" startTime="2024-01-09T15:41:09.7319050+01:00" endTime="2024-01-09T15:41:09.7319050+01:00" testType="13cdc9d9-ddb5-4fa4-a97d-d965ccfc6d4b" outcome="Passed" testListId="8c84fa94-04c1-424b-9868-57a2d4851a1d" relativeResultsDirectory="926529e9-74b4-4497-acfb-cf2a0d1f459e" />
    <UnitTestResult executionId="b44c2999-d976-4e01-8acc-f4cf53b9034c" testId="b32be6eb-c822-9558-6d28-ec0e09343caa" testName="EvaluateTimeTestSunClockCopenhagen21DecOK" computerName="DKSR-EFI-06" duration="00:00:00.0007621" startTime="2024-01-09T15:41:11.3412825+01:00" endTime="2024-01-09T15:41:11.3412825+01:00" testType="13cdc9d9-ddb5-4fa4-a97d-d965ccfc6d4b" outcome="Passed" testListId="8c84fa94-04c1-424b-9868-57a2d4851a1d" relativeResultsDirectory="b44c2999-d976-4e01-8acc-f4cf53b9034c" />
    <UnitTestResult executionId="275fdf4a-ddf5-4dd5-a4f6-0667ba079d11" testId="9d5a12df-9da3-399c-01db-6443096a9fc1" testName="FromXmlInvalidXmlInvalidTimeZoneIdTest" computerName="DKSR-EFI-06" duration="00:00:00.0008416" startTime="2024-01-09T15:41:28.5600564+01:00" endTime="2024-01-09T15:41:28.5600564+01:00" testType="13cdc9d9-ddb5-4fa4-a97d-d965ccfc6d4b" outcome="Passed" testListId="8c84fa94-04c1-424b-9868-57a2d4851a1d" relativeResultsDirectory="275fdf4a-ddf5-4dd5-a4f6-0667ba079d11" />
    <UnitTestResult executionId="c55c9557-6b96-497c-8f14-a583010a90b6" testId="a7112486-5078-fc8c-5476-b21f7cefad4f" testName="GpsParserTestMissingBlockSeparatorNorthWest" computerName="DKSR-EFI-06" duration="00:00:00.0006413" startTime="2024-01-09T15:41:09.7319050+01:00" endTime="2024-01-09T15:41:09.7319050+01:00" testType="13cdc9d9-ddb5-4fa4-a97d-d965ccfc6d4b" outcome="Passed" testListId="8c84fa94-04c1-424b-9868-57a2d4851a1d" relativeResultsDirectory="c55c9557-6b96-497c-8f14-a583010a90b6" />
    <UnitTestResult executionId="6dd6471b-ca9e-48a1-9c22-daf5ac552ae2" testId="a075d991-da75-21d8-cc34-85a983d18c48" testName="TimeProfileSunClockDefinitionConstructorSunSetOutOfRange1Test" computerName="DKSR-EFI-06" duration="00:00:00.0006012" startTime="2024-01-09T15:41:28.4194309+01:00" endTime="2024-01-09T15:41:28.4194309+01:00" testType="13cdc9d9-ddb5-4fa4-a97d-d965ccfc6d4b" outcome="Passed" testListId="8c84fa94-04c1-424b-9868-57a2d4851a1d" relativeResultsDirectory="6dd6471b-ca9e-48a1-9c22-daf5ac552ae2" />
    <UnitTestResult executionId="ab0ccd62-39fc-4052-8fc4-201b3e0cf266" testId="d45494ac-9d54-b455-3dc5-dd7aef9037a8" testName="CalculateSunriseSunsetWilliamTestArctic20MarchSunset" computerName="DKSR-EFI-06" duration="00:00:00.0002030" startTime="2024-01-09T15:41:28.7944330+01:00" endTime="2024-01-09T15:41:28.7944330+01:00" testType="13cdc9d9-ddb5-4fa4-a97d-d965ccfc6d4b" outcome="Passed" testListId="8c84fa94-04c1-424b-9868-57a2d4851a1d" relativeResultsDirectory="ab0ccd62-39fc-4052-8fc4-201b3e0cf266" />
    <UnitTestResult executionId="924e2963-0c42-49fd-b56c-38044a9ab339" testId="a7199a4f-9192-d607-18fe-542c204f5e23" testName="GpsParserTestTooManySpacesBetweenWestAndValue" computerName="DKSR-EFI-06" duration="00:00:00.0013323" startTime="2024-01-09T15:41:09.7475283+01:00" endTime="2024-01-09T15:41:09.7475283+01:00" testType="13cdc9d9-ddb5-4fa4-a97d-d965ccfc6d4b" outcome="Passed" testListId="8c84fa94-04c1-424b-9868-57a2d4851a1d" relativeResultsDirectory="924e2963-0c42-49fd-b56c-38044a9ab339" />
    <UnitTestResult executionId="a5b30e0b-2635-4e11-ae99-931975b3bd97" testId="43bc81c2-7513-1043-7d61-fb5e6135a05f" testName="TimeProfileSunClockDefinitionConstructor1NoFormatExceptionTest" computerName="DKSR-EFI-06" duration="00:00:00.0010979" startTime="2024-01-09T15:41:28.4350549+01:00" endTime="2024-01-09T15:41:28.4506829+01:00" testType="13cdc9d9-ddb5-4fa4-a97d-d965ccfc6d4b" outcome="Passed" testListId="8c84fa94-04c1-424b-9868-57a2d4851a1d" relativeResultsDirectory="a5b30e0b-2635-4e11-ae99-931975b3bd97" />
    <UnitTestResult executionId="fd606056-fd37-4ade-af5d-d298b1c43dc8" testId="66651201-8724-6103-a649-bb5bc67c9c65" testName="FromXmlInvalidXmlMissingSectionSunSetOffsetTest" computerName="DKSR-EFI-06" duration="00:00:00.0008001" startTime="2024-01-09T15:41:28.5444301+01:00" endTime="2024-01-09T15:41:28.5444301+01:00" testType="13cdc9d9-ddb5-4fa4-a97d-d965ccfc6d4b" outcome="Passed" testListId="8c84fa94-04c1-424b-9868-57a2d4851a1d" relativeResultsDirectory="fd606056-fd37-4ade-af5d-d298b1c43dc8" />
    <UnitTestResult executionId="ea2a1901-5667-4704-95b8-fe1b448c375e" testId="8552834d-1a3a-4d11-4b34-5b74cb44f721" testName="GpsParserTest1_1BlocksNorthWest" computerName="DKSR-EFI-06" duration="00:00:00.0002980" startTime="2024-01-09T15:41:09.6694011+01:00" endTime="2024-01-09T15:41:09.6694011+01:00" testType="13cdc9d9-ddb5-4fa4-a97d-d965ccfc6d4b" outcome="Passed" testListId="8c84fa94-04c1-424b-9868-57a2d4851a1d" relativeResultsDirectory="ea2a1901-5667-4704-95b8-fe1b448c375e" />
  </Results>
  <TestDefinitions>
    <UnitTest name="GpsParserTest1_3Blocks" storage="d:\actions-runner\_work\xpco\xpco\common\sharedtimeprofile\videoos.common.sharedtimeprofile.unittests\bin\debug\net472\videoos.common.sharedtimeprofile.unittests.dll" id="aad26a0b-b58d-5f28-1922-bd2f261de7f8">
      <Execution id="df33d164-00a5-466b-bd2c-ac55f4e08826" />
      <TestMethod codeBase="D:\actions-runner\_work\XPCO\XPCO\Common\SharedTimeProfile\VideoOS.Common.SharedTimeProfile.UnitTests\bin\Debug\net472\VideoOS.Common.SharedTimeProfile.UnitTests.dll" adapterTypeName="executor://mstestadapter/v2" className="VideoOS.Common.SharedTimeProfile.UnitTests.GPSCoordinateTest" name="GpsParserTest1_3Blocks" />
    </UnitTest>
    <UnitTest name="ValidateTestInvalidFormat" storage="d:\actions-runner\_work\xpco\xpco\common\sharedtimeprofile\videoos.common.sharedtimeprofile.unittests\bin\debug\net472\videoos.common.sharedtimeprofile.unittests.dll" id="b4ea2e17-282b-5967-f92c-ca9a09a90e94">
      <Execution id="193961c8-464d-4330-b5d5-71cbbb5027ed" />
      <TestMethod codeBase="D:\actions-runner\_work\XPCO\XPCO\Common\SharedTimeProfile\VideoOS.Common.SharedTimeProfile.UnitTests\bin\Debug\net472\VideoOS.Common.SharedTimeProfile.UnitTests.dll" adapterTypeName="executor://mstestadapter/v2" className="VideoOS.Common.SharedTimeProfile.UnitTests.GPSCoordinateTest" name="ValidateTestInvalidFormat" />
    </UnitTest>
    <UnitTest name="CalculateSunriseSunsetWilliamTestCopenhagen21DecSunrise" storage="d:\actions-runner\_work\xpco\xpco\common\sharedtimeprofile\videoos.common.sharedtimeprofile.unittests\bin\debug\net472\videoos.common.sharedtimeprofile.unittests.dll" id="2a86f6d1-afa3-8511-93c8-750f0da3bf18">
      <Execution id="e6087002-3a63-40bd-a57d-0270a0aef603" />
      <TestMethod codeBase="D:\actions-runner\_work\XPCO\XPCO\Common\SharedTimeProfile\VideoOS.Common.SharedTimeProfile.UnitTests\bin\Debug\net472\VideoOS.Common.SharedTimeProfile.UnitTests.dll" adapterTypeName="executor://mstestadapter/v2" className="VideoOS.Common.SharedTimeProfile.UnitTests.TimeProfileSunClockEvaluatorTest" name="CalculateSunriseSunsetWilliamTestCopenhagen21DecSunrise" />
    </UnitTest>
    <UnitTest name="TimeProfileEvaluatorConstructorTestSunClockInvalidXml" storage="d:\actions-runner\_work\xpco\xpco\common\sharedtimeprofile\videoos.common.sharedtimeprofile.unittests\bin\debug\net472\videoos.common.sharedtimeprofile.unittests.dll" id="fa27f15a-71de-d8e4-0317-a7cfd7f09f5d">
      <Execution id="a4a47d96-61e3-4d03-a04b-877356d8cbf6" />
      <TestMethod codeBase="D:\actions-runner\_work\XPCO\XPCO\Common\SharedTimeProfile\VideoOS.Common.SharedTimeProfile.UnitTests\bin\Debug\net472\VideoOS.Common.SharedTimeProfile.UnitTests.dll" adapterTypeName="executor://mstestadapter/v2" className="VideoOS.Common.SharedTimeProfile.UnitTests.TimeProfileEvaluatorTest" name="TimeProfileEvaluatorConstructorTestSunClockInvalidXml" />
    </UnitTest>
    <UnitTest name="GetAppointmentsTestKiruna10DecMinus10TimeZone" storage="d:\actions-runner\_work\xpco\xpco\common\sharedtimeprofile\videoos.common.sharedtimeprofile.unittests\bin\debug\net472\videoos.common.sharedtimeprofile.unittests.dll" id="7a068263-9a2a-78ce-e607-d5291f4c3e6e">
      <Execution id="0d8da897-6cbb-4f2b-a1f1-fd87b4c18ec0" />
      <TestMethod codeBase="D:\actions-runner\_work\XPCO\XPCO\Common\SharedTimeProfile\VideoOS.Common.SharedTimeProfile.UnitTests\bin\Debug\net472\VideoOS.Common.SharedTimeProfile.UnitTests.dll" adapterTypeName="executor://mstestadapter/v2" className="VideoOS.Common.SharedTimeProfile.UnitTests.TimeProfileSunClockEvaluatorTest" name="GetAppointmentsTestKiruna10DecMinus10TimeZone" />
    </UnitTest>
    <UnitTest name="GetAppointmentsRecurringDailyToSpecificDateInfragisticVersionTest" storage="d:\actions-runner\_work\xpco\xpco\common\sharedtimeprofile\videoos.common.sharedtimeprofile.unittests\bin\debug\net472\videoos.common.sharedtimeprofile.unittests.dll" id="b926a245-cb40-19b0-13a5-1ebfa798123a">
      <Execution id="03073f3d-0e06-484d-98e7-ea9b73789c18" />
      <TestMethod codeBase="D:\actions-runner\_work\XPCO\XPCO\Common\SharedTimeProfile\VideoOS.Common.SharedTimeProfile.UnitTests\bin\Debug\net472\VideoOS.Common.SharedTimeProfile.UnitTests.dll" adapterTypeName="executor://mstestadapter/v2" className="VideoOS.Common.SharedTimeProfile.UnitTests.TimeProfileInfragisticEvaluatorTest" name="GetAppointmentsRecurringDailyToSpecificDateInfragisticVersionTest" />
    </UnitTest>
    <UnitTest name="GetSunriseSunsetAppointmentTestKiruna5DecPlus1TimeZoneInvalidOffset" storage="d:\actions-runner\_work\xpco\xpco\common\sharedtimeprofile\videoos.common.sharedtimeprofile.unittests\bin\debug\net472\videoos.common.sharedtimeprofile.unittests.dll" id="00521c76-6ee3-dbc3-b758-7cfcf4347322">
      <Execution id="887341c1-8ae5-4f22-a230-5948cf8e66ca" />
      <TestMethod codeBase="D:\actions-runner\_work\XPCO\XPCO\Common\SharedTimeProfile\VideoOS.Common.SharedTimeProfile.UnitTests\bin\Debug\net472\VideoOS.Common.SharedTimeProfile.UnitTests.dll" adapterTypeName="executor://mstestadapter/v2" className="VideoOS.Common.SharedTimeProfile.UnitTests.TimeProfileSunClockEvaluatorTest" name="GetSunriseSunsetAppointmentTestKiruna5DecPlus1TimeZoneInvalidOffset" />
    </UnitTest>
    <UnitTest name="GetAppointmentDurationTestSunClockCopenhagen1AppointmentGotMaxSearchInterval" storage="d:\actions-runner\_work\xpco\xpco\common\sharedtimeprofile\videoos.common.sharedtimeprofile.unittests\bin\debug\net472\videoos.common.sharedtimeprofile.unittests.dll" id="b1d16d55-432d-1fc9-b38d-f4313eda19fb">
      <Execution id="f32a1753-6a76-4a13-88f2-bec3a0e60d42" />
      <TestMethod codeBase="D:\actions-runner\_work\XPCO\XPCO\Common\SharedTimeProfile\VideoOS.Common.SharedTimeProfile.UnitTests\bin\Debug\net472\VideoOS.Common.SharedTimeProfile.UnitTests.dll" adapterTypeName="executor://mstestadapter/v2" className="VideoOS.Common.SharedTimeProfile.UnitTests.TimeProfileEvaluatorTest" name="GetAppointmentDurationTestSunClockCopenhagen1AppointmentGotMaxSearchInterval" />
    </UnitTest>
    <UnitTest name="GetAppointmentsAllDayTwoDaysTest" storage="d:\actions-runner\_work\xpco\xpco\common\sharedtimeprofile\videoos.common.sharedtimeprofile.unittests\bin\debug\net472\videoos.common.sharedtimeprofile.unittests.dll" id="c2d2b45f-b2b4-5be5-bd61-931d20405ca0">
      <Execution id="e440aa96-56ec-4389-bd4c-18e9908fd88f" />
      <TestMethod codeBase="D:\actions-runner\_work\XPCO\XPCO\Common\SharedTimeProfile\VideoOS.Common.SharedTimeProfile.UnitTests\bin\Debug\net472\VideoOS.Common.SharedTimeProfile.UnitTests.dll" adapterTypeName="executor://mstestadapter/v2" className="VideoOS.Common.SharedTimeProfile.UnitTests.TimeProfileInfragisticEvaluatorTest" name="GetAppointmentsAllDayTwoDaysTest" />
    </UnitTest>
    <UnitTest name="ConvertGpsValueTestInvalidIndex2" storage="d:\actions-runner\_work\xpco\xpco\common\sharedtimeprofile\videoos.common.sharedtimeprofile.unittests\bin\debug\net472\videoos.common.sharedtimeprofile.unittests.dll" id="43f3967c-9632-22be-f9e6-13767d04af3c">
      <Execution id="df85c263-2628-4a8e-bdfe-9a51921c6c49" />
      <TestMethod codeBase="D:\actions-runner\_work\XPCO\XPCO\Common\SharedTimeProfile\VideoOS.Common.SharedTimeProfile.UnitTests\bin\Debug\net472\VideoOS.Common.SharedTimeProfile.UnitTests.dll" adapterTypeName="executor://mstestadapter/v2" className="VideoOS.Common.SharedTimeProfile.UnitTests.GPSCoordinateTest" name="ConvertGpsValueTestInvalidIndex2" />
    </UnitTest>
    <UnitTest name="TimeProfileSunClockEvaluatorConstructorTestDefinitionInvalid" storage="d:\actions-runner\_work\xpco\xpco\common\sharedtimeprofile\videoos.common.sharedtimeprofile.unittests\bin\debug\net472\videoos.common.sharedtimeprofile.unittests.dll" id="73fe191a-d960-563c-240d-3d18c930359d">
      <Execution id="c5f70b8b-1f90-44b9-825d-b7173a930f91" />
      <TestMethod codeBase="D:\actions-runner\_work\XPCO\XPCO\Common\SharedTimeProfile\VideoOS.Common.SharedTimeProfile.UnitTests\bin\Debug\net472\VideoOS.Common.SharedTimeProfile.UnitTests.dll" adapterTypeName="executor://mstestadapter/v2" className="VideoOS.Common.SharedTimeProfile.UnitTests.TimeProfileSunClockEvaluatorTest" name="TimeProfileSunClockEvaluatorConstructorTestDefinitionInvalid" />
    </UnitTest>
    <UnitTest name="GetSunriseSunsetAppointmentTestKiruna21DecPlus1TimeZone" storage="d:\actions-runner\_work\xpco\xpco\common\sharedtimeprofile\videoos.common.sharedtimeprofile.unittests\bin\debug\net472\videoos.common.sharedtimeprofile.unittests.dll" id="623d7542-593b-655c-5f9d-26f4b859a3eb">
      <Execution id="6776783a-5d63-4257-9e0d-70cdc6961cad" />
      <TestMethod codeBase="D:\actions-runner\_work\XPCO\XPCO\Common\SharedTimeProfile\VideoOS.Common.SharedTimeProfile.UnitTests\bin\Debug\net472\VideoOS.Common.SharedTimeProfile.UnitTests.dll" adapterTypeName="executor://mstestadapter/v2" className="VideoOS.Common.SharedTimeProfile.UnitTests.TimeProfileSunClockEvaluatorTest" name="GetSunriseSunsetAppointmentTestKiruna21DecPlus1TimeZone" />
    </UnitTest>
    <UnitTest name="CalculateSunriseSunsetWilliamTestAntarctica19MarchSunset" storage="d:\actions-runner\_work\xpco\xpco\common\sharedtimeprofile\videoos.common.sharedtimeprofile.unittests\bin\debug\net472\videoos.common.sharedtimeprofile.unittests.dll" id="6b0c050c-26e7-4247-c0fb-8071d719bf13">
      <Execution id="60c3464c-73ac-4d24-927d-5ff692c7c4bd" />
      <TestMethod codeBase="D:\actions-runner\_work\XPCO\XPCO\Common\SharedTimeProfile\VideoOS.Common.SharedTimeProfile.UnitTests\bin\Debug\net472\VideoOS.Common.SharedTimeProfile.UnitTests.dll" adapterTypeName="executor://mstestadapter/v2" className="VideoOS.Common.SharedTimeProfile.UnitTests.TimeProfileSunClockEvaluatorTest" name="CalculateSunriseSunsetWilliamTestAntarctica19MarchSunset" />
    </UnitTest>
    <UnitTest name="FromXmlInvalidXmlMissingSectionSunSetOffsetTest" storage="d:\actions-runner\_work\xpco\xpco\common\sharedtimeprofile\videoos.common.sharedtimeprofile.unittests\bin\debug\net472\videoos.common.sharedtimeprofile.unittests.dll" id="66651201-8724-6103-a649-bb5bc67c9c65">
      <Execution id="fd606056-fd37-4ade-af5d-d298b1c43dc8" />
      <TestMethod codeBase="D:\actions-runner\_work\XPCO\XPCO\Common\SharedTimeProfile\VideoOS.Common.SharedTimeProfile.UnitTests\bin\Debug\net472\VideoOS.Common.SharedTimeProfile.UnitTests.dll" adapterTypeName="executor://mstestadapter/v2" className="VideoOS.Common.SharedTimeProfile.UnitTests.TimeProfileSunClockDefinitionTest" name="FromXmlInvalidXmlMissingSectionSunSetOffsetTest" />
    </UnitTest>
    <UnitTest name="CalculateSunriseSunsetWilliamTestNearAntarctica21JunSunrise" storage="d:\actions-runner\_work\xpco\xpco\common\sharedtimeprofile\videoos.common.sharedtimeprofile.unittests\bin\debug\net472\videoos.common.sharedtimeprofile.unittests.dll" id="026f6c37-f35d-c532-475f-70bbd313df36">
      <Execution id="9b1e6224-434b-47e4-95d6-f6aeee2b3805" />
      <TestMethod codeBase="D:\actions-runner\_work\XPCO\XPCO\Common\SharedTimeProfile\VideoOS.Common.SharedTimeProfile.UnitTests\bin\Debug\net472\VideoOS.Common.SharedTimeProfile.UnitTests.dll" adapterTypeName="executor://mstestadapter/v2" className="VideoOS.Common.SharedTimeProfile.UnitTests.TimeProfileSunClockEvaluatorTest" name="CalculateSunriseSunsetWilliamTestNearAntarctica21JunSunrise" />
    </UnitTest>
    <UnitTest name="GetSunriseSunsetAppointmentTestCopenhagen21JunMinus10TimeZone" storage="d:\actions-runner\_work\xpco\xpco\common\sharedtimeprofile\videoos.common.sharedtimeprofile.unittests\bin\debug\net472\videoos.common.sharedtimeprofile.unittests.dll" id="92a1a4dd-0b5b-baa1-3b35-7ae4091132a4">
      <Execution id="59e0fede-d051-4952-af4e-6fcdf8a120a2" />
      <TestMethod codeBase="D:\actions-runner\_work\XPCO\XPCO\Common\SharedTimeProfile\VideoOS.Common.SharedTimeProfile.UnitTests\bin\Debug\net472\VideoOS.Common.SharedTimeProfile.UnitTests.dll" adapterTypeName="executor://mstestadapter/v2" className="VideoOS.Common.SharedTimeProfile.UnitTests.TimeProfileSunClockEvaluatorTest" name="GetSunriseSunsetAppointmentTestCopenhagen21JunMinus10TimeZone" />
    </UnitTest>
    <UnitTest name="CalculateSunriseSunsetWilliamTestBuenosAires21JunSunset" storage="d:\actions-runner\_work\xpco\xpco\common\sharedtimeprofile\videoos.common.sharedtimeprofile.unittests\bin\debug\net472\videoos.common.sharedtimeprofile.unittests.dll" id="308b9b51-e17e-43bf-04d3-0070e8c6edc0">
      <Execution id="7b6d4ffd-0ee8-4ebe-ab0b-08e7cd201949" />
      <TestMethod codeBase="D:\actions-runner\_work\XPCO\XPCO\Common\SharedTimeProfile\VideoOS.Common.SharedTimeProfile.UnitTests\bin\Debug\net472\VideoOS.Common.SharedTimeProfile.UnitTests.dll" adapterTypeName="executor://mstestadapter/v2" className="VideoOS.Common.SharedTimeProfile.UnitTests.TimeProfileSunClockEvaluatorTest" name="CalculateSunriseSunsetWilliamTestBuenosAires21JunSunset" />
    </UnitTest>
    <UnitTest name="GpsParserTest2_2BlocksReverseOrder" storage="d:\actions-runner\_work\xpco\xpco\common\sharedtimeprofile\videoos.common.sharedtimeprofile.unittests\bin\debug\net472\videoos.common.sharedtimeprofile.unittests.dll" id="28adb5f0-1ad8-d63e-847f-ad290bfe21c4">
      <Execution id="e2981753-2ef4-4dcb-a2e4-28e25fabe544" />
      <TestMethod codeBase="D:\actions-runner\_work\XPCO\XPCO\Common\SharedTimeProfile\VideoOS.Common.SharedTimeProfile.UnitTests\bin\Debug\net472\VideoOS.Common.SharedTimeProfile.UnitTests.dll" adapterTypeName="executor://mstestadapter/v2" className="VideoOS.Common.SharedTimeProfile.UnitTests.GPSCoordinateTest" name="GpsParserTest2_2BlocksReverseOrder" />
    </UnitTest>
    <UnitTest name="TimeProfileSunClockDefinitionConstructorSunSetOutOfRangeTest" storage="d:\actions-runner\_work\xpco\xpco\common\sharedtimeprofile\videoos.common.sharedtimeprofile.unittests\bin\debug\net472\videoos.common.sharedtimeprofile.unittests.dll" id="28c75364-c29c-d484-d8df-a007de00eb92">
      <Execution id="39cc1ecc-5852-4958-b870-d8ef86aa2b14" />
      <TestMethod codeBase="D:\actions-runner\_work\XPCO\XPCO\Common\SharedTimeProfile\VideoOS.Common.SharedTimeProfile.UnitTests\bin\Debug\net472\VideoOS.Common.SharedTimeProfile.UnitTests.dll" adapterTypeName="executor://mstestadapter/v2" className="VideoOS.Common.SharedTimeProfile.UnitTests.TimeProfileSunClockDefinitionTest" name="TimeProfileSunClockDefinitionConstructorSunSetOutOfRangeTest" />
    </UnitTest>
    <UnitTest name="GpsParserTestInvalidBlockSeparatorBeforeWest" storage="d:\actions-runner\_work\xpco\xpco\common\sharedtimeprofile\videoos.common.sharedtimeprofile.unittests\bin\debug\net472\videoos.common.sharedtimeprofile.unittests.dll" id="e6ad3043-e3b1-34a9-f9a2-5995e161e4e8">
      <Execution id="879587f9-e791-484e-a75f-4daa251b0bca" />
      <TestMethod codeBase="D:\actions-runner\_work\XPCO\XPCO\Common\SharedTimeProfile\VideoOS.Common.SharedTimeProfile.UnitTests\bin\Debug\net472\VideoOS.Common.SharedTimeProfile.UnitTests.dll" adapterTypeName="executor://mstestadapter/v2" className="VideoOS.Common.SharedTimeProfile.UnitTests.GPSCoordinateTest" name="GpsParserTestInvalidBlockSeparatorBeforeWest" />
    </UnitTest>
    <UnitTest name="TimeProfileInfragisticEvaluator102Constructor1Test" storage="d:\actions-runner\_work\xpco\xpco\common\sharedtimeprofile\videoos.common.sharedtimeprofile.unittests\bin\debug\net472\videoos.common.sharedtimeprofile.unittests.dll" id="095d4b2b-cce6-1f84-f40e-8ae3dd049e09">
      <Execution id="342fc6cc-a92b-498f-968b-5117cb900878" />
      <TestMethod codeBase="D:\actions-runner\_work\XPCO\XPCO\Common\SharedTimeProfile\VideoOS.Common.SharedTimeProfile.UnitTests\bin\Debug\net472\VideoOS.Common.SharedTimeProfile.UnitTests.dll" adapterTypeName="executor://mstestadapter/v2" className="VideoOS.Common.SharedTimeProfile.UnitTests.TimeProfileInfragisticEvaluatorTest" name="TimeProfileInfragisticEvaluator102Constructor1Test" />
    </UnitTest>
    <UnitTest name="FromXmlInvalidXmlInvalidTimeZoneIdTest" storage="d:\actions-runner\_work\xpco\xpco\common\sharedtimeprofile\videoos.common.sharedtimeprofile.unittests\bin\debug\net472\videoos.common.sharedtimeprofile.unittests.dll" id="9d5a12df-9da3-399c-01db-6443096a9fc1">
      <Execution id="275fdf4a-ddf5-4dd5-a4f6-0667ba079d11" />
      <TestMethod codeBase="D:\actions-runner\_work\XPCO\XPCO\Common\SharedTimeProfile\VideoOS.Common.SharedTimeProfile.UnitTests\bin\Debug\net472\VideoOS.Common.SharedTimeProfile.UnitTests.dll" adapterTypeName="executor://mstestadapter/v2" className="VideoOS.Common.SharedTimeProfile.UnitTests.TimeProfileSunClockDefinitionTest" name="FromXmlInvalidXmlInvalidTimeZoneIdTest" />
    </UnitTest>
    <UnitTest name="TimeProfileSunClockDefinitionConstructorTimeZoneIdTest" storage="d:\actions-runner\_work\xpco\xpco\common\sharedtimeprofile\videoos.common.sharedtimeprofile.unittests\bin\debug\net472\videoos.common.sharedtimeprofile.unittests.dll" id="67559dbb-c13d-768c-ecc0-b39c7c069a70">
      <Execution id="2514a456-7a47-4282-898e-d3becae0108f" />
      <TestMethod codeBase="D:\actions-runner\_work\XPCO\XPCO\Common\SharedTimeProfile\VideoOS.Common.SharedTimeProfile.UnitTests\bin\Debug\net472\VideoOS.Common.SharedTimeProfile.UnitTests.dll" adapterTypeName="executor://mstestadapter/v2" className="VideoOS.Common.SharedTimeProfile.UnitTests.TimeProfileSunClockDefinitionTest" name="TimeProfileSunClockDefinitionConstructorTimeZoneIdTest" />
    </UnitTest>
    <UnitTest name="GetAppointmentsRecurring2ndWeekdaysTest" storage="d:\actions-runner\_work\xpco\xpco\common\sharedtimeprofile\videoos.common.sharedtimeprofile.unittests\bin\debug\net472\videoos.common.sharedtimeprofile.unittests.dll" id="e246f6db-3e7f-6b20-caa4-7aa960c6eb8c">
      <Execution id="248a6a41-c4e4-427a-b7c0-1fd4f06afa6a" />
      <TestMethod codeBase="D:\actions-runner\_work\XPCO\XPCO\Common\SharedTimeProfile\VideoOS.Common.SharedTimeProfile.UnitTests\bin\Debug\net472\VideoOS.Common.SharedTimeProfile.UnitTests.dll" adapterTypeName="executor://mstestadapter/v2" className="VideoOS.Common.SharedTimeProfile.UnitTests.TimeProfileInfragisticEvaluatorTest" name="GetAppointmentsRecurring2ndWeekdaysTest" />
    </UnitTest>
    <UnitTest name="GetAppointmentsNoTimeInfragisticVersionTest" storage="d:\actions-runner\_work\xpco\xpco\common\sharedtimeprofile\videoos.common.sharedtimeprofile.unittests\bin\debug\net472\videoos.common.sharedtimeprofile.unittests.dll" id="9113e875-fc19-49cf-6f49-34cfe3f2acb8">
      <Execution id="c84ac4f7-8d71-4b3f-ad0c-b4328e919f1f" />
      <TestMethod codeBase="D:\actions-runner\_work\XPCO\XPCO\Common\SharedTimeProfile\VideoOS.Common.SharedTimeProfile.UnitTests\bin\Debug\net472\VideoOS.Common.SharedTimeProfile.UnitTests.dll" adapterTypeName="executor://mstestadapter/v2" className="VideoOS.Common.SharedTimeProfile.UnitTests.TimeProfileInfragisticEvaluatorTest" name="GetAppointmentsNoTimeInfragisticVersionTest" />
    </UnitTest>
    <UnitTest name="CalculateSunriseSunsetWilliamTestNearAntarctica23SeptemberSunrise" storage="d:\actions-runner\_work\xpco\xpco\common\sharedtimeprofile\videoos.common.sharedtimeprofile.unittests\bin\debug\net472\videoos.common.sharedtimeprofile.unittests.dll" id="884c0700-1336-c7fe-29a4-03f4c9b758e3">
      <Execution id="2294c478-9559-41d6-bade-b2f7b89acb96" />
      <TestMethod codeBase="D:\actions-runner\_work\XPCO\XPCO\Common\SharedTimeProfile\VideoOS.Common.SharedTimeProfile.UnitTests\bin\Debug\net472\VideoOS.Common.SharedTimeProfile.UnitTests.dll" adapterTypeName="executor://mstestadapter/v2" className="VideoOS.Common.SharedTimeProfile.UnitTests.TimeProfileSunClockEvaluatorTest" name="CalculateSunriseSunsetWilliamTestNearAntarctica23SeptemberSunrise" />
    </UnitTest>
    <UnitTest name="CalculateSunriseSunsetWilliamTestAntarctica23SeptemberSunrise" storage="d:\actions-runner\_work\xpco\xpco\common\sharedtimeprofile\videoos.common.sharedtimeprofile.unittests\bin\debug\net472\videoos.common.sharedtimeprofile.unittests.dll" id="fd0eccf9-caa6-b83a-bee6-883590bd0481">
      <Execution id="b2577582-1347-4b33-b57d-e3814f868d0e" />
      <TestMethod codeBase="D:\actions-runner\_work\XPCO\XPCO\Common\SharedTimeProfile\VideoOS.Common.SharedTimeProfile.UnitTests\bin\Debug\net472\VideoOS.Common.SharedTimeProfile.UnitTests.dll" adapterTypeName="executor://mstestadapter/v2" className="VideoOS.Common.SharedTimeProfile.UnitTests.TimeProfileSunClockEvaluatorTest" name="CalculateSunriseSunsetWilliamTestAntarctica23SeptemberSunrise" />
    </UnitTest>
    <UnitTest name="CalculateSunriseSunsetWilliamTestAntarctica24SeptemberSunset" storage="d:\actions-runner\_work\xpco\xpco\common\sharedtimeprofile\videoos.common.sharedtimeprofile.unittests\bin\debug\net472\videoos.common.sharedtimeprofile.unittests.dll" id="641a7524-60f1-9181-6e9b-89739b290cb6">
      <Execution id="e0f72deb-90a9-450b-bbbf-9f5272f3d222" />
      <TestMethod codeBase="D:\actions-runner\_work\XPCO\XPCO\Common\SharedTimeProfile\VideoOS.Common.SharedTimeProfile.UnitTests\bin\Debug\net472\VideoOS.Common.SharedTimeProfile.UnitTests.dll" adapterTypeName="executor://mstestadapter/v2" className="VideoOS.Common.SharedTimeProfile.UnitTests.TimeProfileSunClockEvaluatorTest" name="CalculateSunriseSunsetWilliamTestAntarctica24SeptemberSunset" />
    </UnitTest>
    <UnitTest name="TimeProfileSunClockEvaluatorConstructorTestObjectNull" storage="d:\actions-runner\_work\xpco\xpco\common\sharedtimeprofile\videoos.common.sharedtimeprofile.unittests\bin\debug\net472\videoos.common.sharedtimeprofile.unittests.dll" id="0d991111-f122-b1c3-5f4b-5941a4f1b74c">
      <Execution id="cc455673-4045-4fba-a80d-ff66ae485539" />
      <TestMethod codeBase="D:\actions-runner\_work\XPCO\XPCO\Common\SharedTimeProfile\VideoOS.Common.SharedTimeProfile.UnitTests\bin\Debug\net472\VideoOS.Common.SharedTimeProfile.UnitTests.dll" adapterTypeName="executor://mstestadapter/v2" className="VideoOS.Common.SharedTimeProfile.UnitTests.TimeProfileSunClockEvaluatorTest" name="TimeProfileSunClockEvaluatorConstructorTestObjectNull" />
    </UnitTest>
    <UnitTest name="GpsParserTestMissingBlockSeparatorNorthWest" storage="d:\actions-runner\_work\xpco\xpco\common\sharedtimeprofile\videoos.common.sharedtimeprofile.unittests\bin\debug\net472\videoos.common.sharedtimeprofile.unittests.dll" id="a7112486-5078-fc8c-5476-b21f7cefad4f">
      <Execution id="c55c9557-6b96-497c-8f14-a583010a90b6" />
      <TestMethod codeBase="D:\actions-runner\_work\XPCO\XPCO\Common\SharedTimeProfile\VideoOS.Common.SharedTimeProfile.UnitTests\bin\Debug\net472\VideoOS.Common.SharedTimeProfile.UnitTests.dll" adapterTypeName="executor://mstestadapter/v2" className="VideoOS.Common.SharedTimeProfile.UnitTests.GPSCoordinateTest" name="GpsParserTestMissingBlockSeparatorNorthWest" />
    </UnitTest>
    <UnitTest name="FromXmlInvalidXmlNoArgumentOutOfRangeGPSTest" storage="d:\actions-runner\_work\xpco\xpco\common\sharedtimeprofile\videoos.common.sharedtimeprofile.unittests\bin\debug\net472\videoos.common.sharedtimeprofile.unittests.dll" id="1e282049-693d-bd53-a7e1-27e3df90a4a4">
      <Execution id="92b4859d-3de6-4165-b95c-b06b03c9d8f9" />
      <TestMethod codeBase="D:\actions-runner\_work\XPCO\XPCO\Common\SharedTimeProfile\VideoOS.Common.SharedTimeProfile.UnitTests\bin\Debug\net472\VideoOS.Common.SharedTimeProfile.UnitTests.dll" adapterTypeName="executor://mstestadapter/v2" className="VideoOS.Common.SharedTimeProfile.UnitTests.TimeProfileSunClockDefinitionTest" name="FromXmlInvalidXmlNoArgumentOutOfRangeGPSTest" />
    </UnitTest>
    <UnitTest name="ConvertGpsValueTestShouldBeInteger3" storage="d:\actions-runner\_work\xpco\xpco\common\sharedtimeprofile\videoos.common.sharedtimeprofile.unittests\bin\debug\net472\videoos.common.sharedtimeprofile.unittests.dll" id="c5469f99-c96d-f31e-4956-b34ac31bdab4">
      <Execution id="f60aff38-9b9c-4f70-8456-8dbf3c9054bb" />
      <TestMethod codeBase="D:\actions-runner\_work\XPCO\XPCO\Common\SharedTimeProfile\VideoOS.Common.SharedTimeProfile.UnitTests\bin\Debug\net472\VideoOS.Common.SharedTimeProfile.UnitTests.dll" adapterTypeName="executor://mstestadapter/v2" className="VideoOS.Common.SharedTimeProfile.UnitTests.GPSCoordinateTest" name="ConvertGpsValueTestShouldBeInteger3" />
    </UnitTest>
    <UnitTest name="CalculateSunriseSunsetWilliamTestSydney21JunSunrise" storage="d:\actions-runner\_work\xpco\xpco\common\sharedtimeprofile\videoos.common.sharedtimeprofile.unittests\bin\debug\net472\videoos.common.sharedtimeprofile.unittests.dll" id="e01228f8-82f0-7001-38f1-3cd27dbbbeef">
      <Execution id="24f5d370-f536-41bf-b007-4bc40d8fc761" />
      <TestMethod codeBase="D:\actions-runner\_work\XPCO\XPCO\Common\SharedTimeProfile\VideoOS.Common.SharedTimeProfile.UnitTests\bin\Debug\net472\VideoOS.Common.SharedTimeProfile.UnitTests.dll" adapterTypeName="executor://mstestadapter/v2" className="VideoOS.Common.SharedTimeProfile.UnitTests.TimeProfileSunClockEvaluatorTest" name="CalculateSunriseSunsetWilliamTestSydney21JunSunrise" />
    </UnitTest>
    <UnitTest name="TimeProfileInfragisticEvaluatorConstructorArgumentInvalidTest" storage="d:\actions-runner\_work\xpco\xpco\common\sharedtimeprofile\videoos.common.sharedtimeprofile.unittests\bin\debug\net472\videoos.common.sharedtimeprofile.unittests.dll" id="de0400ae-fa1c-046f-552c-c640aa4e10c4">
      <Execution id="5317ce37-c6a6-4c63-9439-db220e816b43" />
      <TestMethod codeBase="D:\actions-runner\_work\XPCO\XPCO\Common\SharedTimeProfile\VideoOS.Common.SharedTimeProfile.UnitTests\bin\Debug\net472\VideoOS.Common.SharedTimeProfile.UnitTests.dll" adapterTypeName="executor://mstestadapter/v2" className="VideoOS.Common.SharedTimeProfile.UnitTests.TimeProfileInfragisticEvaluatorTest" name="TimeProfileInfragisticEvaluatorConstructorArgumentInvalidTest" />
    </UnitTest>
    <UnitTest name="GetSunriseSunsetAppointmentTestCopenhagen21JunPlus10TimeZone" storage="d:\actions-runner\_work\xpco\xpco\common\sharedtimeprofile\videoos.common.sharedtimeprofile.unittests\bin\debug\net472\videoos.common.sharedtimeprofile.unittests.dll" id="8c13d9b4-4fe4-6a65-5f8f-6703f5f730f0">
      <Execution id="827fc8e5-1f3a-4d9e-a91a-236f138e8c66" />
      <TestMethod codeBase="D:\actions-runner\_work\XPCO\XPCO\Common\SharedTimeProfile\VideoOS.Common.SharedTimeProfile.UnitTests\bin\Debug\net472\VideoOS.Common.SharedTimeProfile.UnitTests.dll" adapterTypeName="executor://mstestadapter/v2" className="VideoOS.Common.SharedTimeProfile.UnitTests.TimeProfileSunClockEvaluatorTest" name="GetSunriseSunsetAppointmentTestCopenhagen21JunPlus10TimeZone" />
    </UnitTest>
    <UnitTest name="CalculateSunriseSunsetWilliamTestArctic23SeptemberSunrise" storage="d:\actions-runner\_work\xpco\xpco\common\sharedtimeprofile\videoos.common.sharedtimeprofile.unittests\bin\debug\net472\videoos.common.sharedtimeprofile.unittests.dll" id="43457d52-9c10-e826-e516-3f9f5b1cf9c7">
      <Execution id="1902280f-1bcd-4e2c-bc4c-5ecdf17d9b98" />
      <TestMethod codeBase="D:\actions-runner\_work\XPCO\XPCO\Common\SharedTimeProfile\VideoOS.Common.SharedTimeProfile.UnitTests\bin\Debug\net472\VideoOS.Common.SharedTimeProfile.UnitTests.dll" adapterTypeName="executor://mstestadapter/v2" className="VideoOS.Common.SharedTimeProfile.UnitTests.TimeProfileSunClockEvaluatorTest" name="CalculateSunriseSunsetWilliamTestArctic23SeptemberSunrise" />
    </UnitTest>
    <UnitTest name="GetSunriseSunsetAppointmentTestKiruna5DecPlus1TimeZone" storage="d:\actions-runner\_work\xpco\xpco\common\sharedtimeprofile\videoos.common.sharedtimeprofile.unittests\bin\debug\net472\videoos.common.sharedtimeprofile.unittests.dll" id="be0efaee-1bcc-957d-deb4-0d689ff102b2">
      <Execution id="bc3c0108-f76d-4576-9e57-81571fa26d19" />
      <TestMethod codeBase="D:\actions-runner\_work\XPCO\XPCO\Common\SharedTimeProfile\VideoOS.Common.SharedTimeProfile.UnitTests\bin\Debug\net472\VideoOS.Common.SharedTimeProfile.UnitTests.dll" adapterTypeName="executor://mstestadapter/v2" className="VideoOS.Common.SharedTimeProfile.UnitTests.TimeProfileSunClockEvaluatorTest" name="GetSunriseSunsetAppointmentTestKiruna5DecPlus1TimeZone" />
    </UnitTest>
    <UnitTest name="GetAppointmentsSingleTwoDaysInfragisticVersionTest" storage="d:\actions-runner\_work\xpco\xpco\common\sharedtimeprofile\videoos.common.sharedtimeprofile.unittests\bin\debug\net472\videoos.common.sharedtimeprofile.unittests.dll" id="84b92ca8-b823-21a2-b726-bcc962734e19">
      <Execution id="66ad9534-9d64-4fd5-a260-d9d76d9220aa" />
      <TestMethod codeBase="D:\actions-runner\_work\XPCO\XPCO\Common\SharedTimeProfile\VideoOS.Common.SharedTimeProfile.UnitTests\bin\Debug\net472\VideoOS.Common.SharedTimeProfile.UnitTests.dll" adapterTypeName="executor://mstestadapter/v2" className="VideoOS.Common.SharedTimeProfile.UnitTests.TimeProfileInfragisticEvaluatorTest" name="GetAppointmentsSingleTwoDaysInfragisticVersionTest" />
    </UnitTest>
    <UnitTest name="GetAppointmentsRecurringDailyWeekdaysInfragisticVersionTest" storage="d:\actions-runner\_work\xpco\xpco\common\sharedtimeprofile\videoos.common.sharedtimeprofile.unittests\bin\debug\net472\videoos.common.sharedtimeprofile.unittests.dll" id="5161867c-fc36-4894-f0ec-0f491ed6c534">
      <Execution id="02a1a8c5-a425-4aa1-8048-6e1dfefeade0" />
      <TestMethod codeBase="D:\actions-runner\_work\XPCO\XPCO\Common\SharedTimeProfile\VideoOS.Common.SharedTimeProfile.UnitTests\bin\Debug\net472\VideoOS.Common.SharedTimeProfile.UnitTests.dll" adapterTypeName="executor://mstestadapter/v2" className="VideoOS.Common.SharedTimeProfile.UnitTests.TimeProfileInfragisticEvaluatorTest" name="GetAppointmentsRecurringDailyWeekdaysInfragisticVersionTest" />
    </UnitTest>
    <UnitTest name="CalculateSunriseSunsetWilliamTestSydney21JunSunset" storage="d:\actions-runner\_work\xpco\xpco\common\sharedtimeprofile\videoos.common.sharedtimeprofile.unittests\bin\debug\net472\videoos.common.sharedtimeprofile.unittests.dll" id="27bb0e7d-77f6-9253-4a61-234860c3428f">
      <Execution id="03ac50f2-8218-47c3-93ae-68801064d6a0" />
      <TestMethod codeBase="D:\actions-runner\_work\XPCO\XPCO\Common\SharedTimeProfile\VideoOS.Common.SharedTimeProfile.UnitTests\bin\Debug\net472\VideoOS.Common.SharedTimeProfile.UnitTests.dll" adapterTypeName="executor://mstestadapter/v2" className="VideoOS.Common.SharedTimeProfile.UnitTests.TimeProfileSunClockEvaluatorTest" name="CalculateSunriseSunsetWilliamTestSydney21JunSunset" />
    </UnitTest>
    <UnitTest name="TimeProfileInfragisticEvaluator102Constructor2Test" storage="d:\actions-runner\_work\xpco\xpco\common\sharedtimeprofile\videoos.common.sharedtimeprofile.unittests\bin\debug\net472\videoos.common.sharedtimeprofile.unittests.dll" id="12aec614-d175-e0e4-a8f4-8b1b7e6bc4ba">
      <Execution id="937d7c5b-7345-4e7d-b834-3608ca0bef51" />
      <TestMethod codeBase="D:\actions-runner\_work\XPCO\XPCO\Common\SharedTimeProfile\VideoOS.Common.SharedTimeProfile.UnitTests\bin\Debug\net472\VideoOS.Common.SharedTimeProfile.UnitTests.dll" adapterTypeName="executor://mstestadapter/v2" className="VideoOS.Common.SharedTimeProfile.UnitTests.TimeProfileInfragisticEvaluatorTest" name="TimeProfileInfragisticEvaluator102Constructor2Test" />
    </UnitTest>
    <UnitTest name="GpsParserTest3_3InvalidToUseMinSecAsSeparator" storage="d:\actions-runner\_work\xpco\xpco\common\sharedtimeprofile\videoos.common.sharedtimeprofile.unittests\bin\debug\net472\videoos.common.sharedtimeprofile.unittests.dll" id="c1b9bb96-9430-5ad4-feeb-e47cc833de66">
      <Execution id="e1763322-ead0-4e90-9946-16bfeb5ae230" />
      <TestMethod codeBase="D:\actions-runner\_work\XPCO\XPCO\Common\SharedTimeProfile\VideoOS.Common.SharedTimeProfile.UnitTests\bin\Debug\net472\VideoOS.Common.SharedTimeProfile.UnitTests.dll" adapterTypeName="executor://mstestadapter/v2" className="VideoOS.Common.SharedTimeProfile.UnitTests.GPSCoordinateTest" name="GpsParserTest3_3InvalidToUseMinSecAsSeparator" />
    </UnitTest>
    <UnitTest name="GetAppointmentsTestCopenhagen21JunUtcTimeZone" storage="d:\actions-runner\_work\xpco\xpco\common\sharedtimeprofile\videoos.common.sharedtimeprofile.unittests\bin\debug\net472\videoos.common.sharedtimeprofile.unittests.dll" id="66e652d4-7120-e0b9-bc3f-59f1dd07326d">
      <Execution id="1dada605-611f-4e7f-b791-b4761cecc011" />
      <TestMethod codeBase="D:\actions-runner\_work\XPCO\XPCO\Common\SharedTimeProfile\VideoOS.Common.SharedTimeProfile.UnitTests\bin\Debug\net472\VideoOS.Common.SharedTimeProfile.UnitTests.dll" adapterTypeName="executor://mstestadapter/v2" className="VideoOS.Common.SharedTimeProfile.UnitTests.TimeProfileSunClockEvaluatorTest" name="GetAppointmentsTestCopenhagen21JunUtcTimeZone" />
    </UnitTest>
    <UnitTest name="GetAppointmentsTestKiruna26MayMinus10TimeZone" storage="d:\actions-runner\_work\xpco\xpco\common\sharedtimeprofile\videoos.common.sharedtimeprofile.unittests\bin\debug\net472\videoos.common.sharedtimeprofile.unittests.dll" id="08780940-3222-9d97-3f72-2e5bf64d9f63">
      <Execution id="87e61a9b-0dec-4700-b2aa-c3e5006e2ebb" />
      <TestMethod codeBase="D:\actions-runner\_work\XPCO\XPCO\Common\SharedTimeProfile\VideoOS.Common.SharedTimeProfile.UnitTests\bin\Debug\net472\VideoOS.Common.SharedTimeProfile.UnitTests.dll" adapterTypeName="executor://mstestadapter/v2" className="VideoOS.Common.SharedTimeProfile.UnitTests.TimeProfileSunClockEvaluatorTest" name="GetAppointmentsTestKiruna26MayMinus10TimeZone" />
    </UnitTest>
    <UnitTest name="GetSunriseSunsetAppointmentTestHonolulu21DecUtcTimeZone" storage="d:\actions-runner\_work\xpco\xpco\common\sharedtimeprofile\videoos.common.sharedtimeprofile.unittests\bin\debug\net472\videoos.common.sharedtimeprofile.unittests.dll" id="804f4fc3-d0a2-b740-a910-cc6fed260944">
      <Execution id="f26d2f3c-fd45-405b-a1d9-d106b3e5e584" />
      <TestMethod codeBase="D:\actions-runner\_work\XPCO\XPCO\Common\SharedTimeProfile\VideoOS.Common.SharedTimeProfile.UnitTests\bin\Debug\net472\VideoOS.Common.SharedTimeProfile.UnitTests.dll" adapterTypeName="executor://mstestadapter/v2" className="VideoOS.Common.SharedTimeProfile.UnitTests.TimeProfileSunClockEvaluatorTest" name="GetSunriseSunsetAppointmentTestHonolulu21DecUtcTimeZone" />
    </UnitTest>
    <UnitTest name="GetAppointmentsTestKiruna21JunLocalTimeZone" storage="d:\actions-runner\_work\xpco\xpco\common\sharedtimeprofile\videoos.common.sharedtimeprofile.unittests\bin\debug\net472\videoos.common.sharedtimeprofile.unittests.dll" id="a520ac80-731e-f858-21a1-2b1571fbf182">
      <Execution id="124e9728-f4d7-40ac-a7ba-7920fc08e284" />
      <TestMethod codeBase="D:\actions-runner\_work\XPCO\XPCO\Common\SharedTimeProfile\VideoOS.Common.SharedTimeProfile.UnitTests\bin\Debug\net472\VideoOS.Common.SharedTimeProfile.UnitTests.dll" adapterTypeName="executor://mstestadapter/v2" className="VideoOS.Common.SharedTimeProfile.UnitTests.TimeProfileSunClockEvaluatorTest" name="GetAppointmentsTestKiruna21JunLocalTimeZone" />
    </UnitTest>
    <UnitTest name="CalculateSunriseSunsetWilliamTestArctic20MarchSunset" storage="d:\actions-runner\_work\xpco\xpco\common\sharedtimeprofile\videoos.common.sharedtimeprofile.unittests\bin\debug\net472\videoos.common.sharedtimeprofile.unittests.dll" id="d45494ac-9d54-b455-3dc5-dd7aef9037a8">
      <Execution id="ab0ccd62-39fc-4052-8fc4-201b3e0cf266" />
      <TestMethod codeBase="D:\actions-runner\_work\XPCO\XPCO\Common\SharedTimeProfile\VideoOS.Common.SharedTimeProfile.UnitTests\bin\Debug\net472\VideoOS.Common.SharedTimeProfile.UnitTests.dll" adapterTypeName="executor://mstestadapter/v2" className="VideoOS.Common.SharedTimeProfile.UnitTests.TimeProfileSunClockEvaluatorTest" name="CalculateSunriseSunsetWilliamTestArctic20MarchSunset" />
    </UnitTest>
    <UnitTest name="GpsParserTestNullString" storage="d:\actions-runner\_work\xpco\xpco\common\sharedtimeprofile\videoos.common.sharedtimeprofile.unittests\bin\debug\net472\videoos.common.sharedtimeprofile.unittests.dll" id="8580234c-9dad-f2ac-5bb0-6fc1a8420dc8">
      <Execution id="8f125e2d-9b4e-4b5b-bee5-fbc10692fb94" />
      <TestMethod codeBase="D:\actions-runner\_work\XPCO\XPCO\Common\SharedTimeProfile\VideoOS.Common.SharedTimeProfile.UnitTests\bin\Debug\net472\VideoOS.Common.SharedTimeProfile.UnitTests.dll" adapterTypeName="executor://mstestadapter/v2" className="VideoOS.Common.SharedTimeProfile.UnitTests.GPSCoordinateTest" name="GpsParserTestNullString" />
    </UnitTest>
    <UnitTest name="GetAppointmentsRecurringWeekly2ndWednesdayTest" storage="d:\actions-runner\_work\xpco\xpco\common\sharedtimeprofile\videoos.common.sharedtimeprofile.unittests\bin\debug\net472\videoos.common.sharedtimeprofile.unittests.dll" id="97915732-ea8d-f4a9-8f8b-a032be1aadb7">
      <Execution id="39c41ab3-a39e-4c51-9c0c-4556b8c8661d" />
      <TestMethod codeBase="D:\actions-runner\_work\XPCO\XPCO\Common\SharedTimeProfile\VideoOS.Common.SharedTimeProfile.UnitTests\bin\Debug\net472\VideoOS.Common.SharedTimeProfile.UnitTests.dll" adapterTypeName="executor://mstestadapter/v2" className="VideoOS.Common.SharedTimeProfile.UnitTests.TimeProfileInfragisticEvaluatorTest" name="GetAppointmentsRecurringWeekly2ndWednesdayTest" />
    </UnitTest>
    <UnitTest name="TimeProfileSunClockDefinitionConstructorTest" storage="d:\actions-runner\_work\xpco\xpco\common\sharedtimeprofile\videoos.common.sharedtimeprofile.unittests\bin\debug\net472\videoos.common.sharedtimeprofile.unittests.dll" id="8fa6a96b-2f3f-4e85-a824-5b1fee8eaae6">
      <Execution id="263ec8df-0588-448f-9949-4b1ea8b43a91" />
      <TestMethod codeBase="D:\actions-runner\_work\XPCO\XPCO\Common\SharedTimeProfile\VideoOS.Common.SharedTimeProfile.UnitTests\bin\Debug\net472\VideoOS.Common.SharedTimeProfile.UnitTests.dll" adapterTypeName="executor://mstestadapter/v2" className="VideoOS.Common.SharedTimeProfile.UnitTests.TimeProfileSunClockDefinitionTest" name="TimeProfileSunClockDefinitionConstructorTest" />
    </UnitTest>
    <UnitTest name="GetAppointmentDurationTest" storage="d:\actions-runner\_work\xpco\xpco\common\sharedtimeprofile\videoos.common.sharedtimeprofile.unittests\bin\debug\net472\videoos.common.sharedtimeprofile.unittests.dll" id="58a542f5-939d-468a-347d-1d62d8e3c52e">
      <Execution id="e0ef9a8b-cdb6-47b6-b525-3a3c326d9a4b" />
      <TestMethod codeBase="D:\actions-runner\_work\XPCO\XPCO\Common\SharedTimeProfile\VideoOS.Common.SharedTimeProfile.UnitTests\bin\Debug\net472\VideoOS.Common.SharedTimeProfile.UnitTests.dll" adapterTypeName="executor://mstestadapter/v2" className="VideoOS.Common.SharedTimeProfile.UnitTests.TimeProfileManagerTest" name="GetAppointmentDurationTest" />
    </UnitTest>
    <UnitTest name="RemoveTimeProfileTest" storage="d:\actions-runner\_work\xpco\xpco\common\sharedtimeprofile\videoos.common.sharedtimeprofile.unittests\bin\debug\net472\videoos.common.sharedtimeprofile.unittests.dll" id="838f84ea-6e98-41a6-c5b1-54f2facc4722">
      <Execution id="873c9a4c-6244-49ce-ba44-ab46809cae4c" />
      <TestMethod codeBase="D:\actions-runner\_work\XPCO\XPCO\Common\SharedTimeProfile\VideoOS.Common.SharedTimeProfile.UnitTests\bin\Debug\net472\VideoOS.Common.SharedTimeProfile.UnitTests.dll" adapterTypeName="executor://mstestadapter/v2" className="VideoOS.Common.SharedTimeProfile.UnitTests.TimeProfileManagerTest" name="RemoveTimeProfileTest" />
    </UnitTest>
    <UnitTest name="TimeProfileInfragisticEvaluator63Constructor3Test" storage="d:\actions-runner\_work\xpco\xpco\common\sharedtimeprofile\videoos.common.sharedtimeprofile.unittests\bin\debug\net472\videoos.common.sharedtimeprofile.unittests.dll" id="c1dc72c9-207f-c7b2-55c9-7ed64f1252b2">
      <Execution id="1ab0fd59-b259-4331-ba7f-06c2e3159342" />
      <TestMethod codeBase="D:\actions-runner\_work\XPCO\XPCO\Common\SharedTimeProfile\VideoOS.Common.SharedTimeProfile.UnitTests\bin\Debug\net472\VideoOS.Common.SharedTimeProfile.UnitTests.dll" adapterTypeName="executor://mstestadapter/v2" className="VideoOS.Common.SharedTimeProfile.UnitTests.TimeProfileInfragisticEvaluatorTest" name="TimeProfileInfragisticEvaluator63Constructor3Test" />
    </UnitTest>
    <UnitTest name="CalculateSunriseSunsetWilliamTestArctic21DecSunset" storage="d:\actions-runner\_work\xpco\xpco\common\sharedtimeprofile\videoos.common.sharedtimeprofile.unittests\bin\debug\net472\videoos.common.sharedtimeprofile.unittests.dll" id="2dec4724-62ac-6154-96ab-5e2c96a31940">
      <Execution id="d82533e8-2f2d-4b27-a6e8-68e0ed7d0011" />
      <TestMethod codeBase="D:\actions-runner\_work\XPCO\XPCO\Common\SharedTimeProfile\VideoOS.Common.SharedTimeProfile.UnitTests\bin\Debug\net472\VideoOS.Common.SharedTimeProfile.UnitTests.dll" adapterTypeName="executor://mstestadapter/v2" className="VideoOS.Common.SharedTimeProfile.UnitTests.TimeProfileSunClockEvaluatorTest" name="CalculateSunriseSunsetWilliamTestArctic21DecSunset" />
    </UnitTest>
    <UnitTest name="CalculateSunriseSunsetWilliamTestKiruna23SeptemberSunrise" storage="d:\actions-runner\_work\xpco\xpco\common\sharedtimeprofile\videoos.common.sharedtimeprofile.unittests\bin\debug\net472\videoos.common.sharedtimeprofile.unittests.dll" id="fd7a60c2-3c0f-f336-7940-73c37084afba">
      <Execution id="1d261ed6-e616-4860-8c6f-902644ddf3bd" />
      <TestMethod codeBase="D:\actions-runner\_work\XPCO\XPCO\Common\SharedTimeProfile\VideoOS.Common.SharedTimeProfile.UnitTests\bin\Debug\net472\VideoOS.Common.SharedTimeProfile.UnitTests.dll" adapterTypeName="executor://mstestadapter/v2" className="VideoOS.Common.SharedTimeProfile.UnitTests.TimeProfileSunClockEvaluatorTest" name="CalculateSunriseSunsetWilliamTestKiruna23SeptemberSunrise" />
    </UnitTest>
    <UnitTest name="TimeProfileInfragisticEvaluator63Constructor15Test" storage="d:\actions-runner\_work\xpco\xpco\common\sharedtimeprofile\videoos.common.sharedtimeprofile.unittests\bin\debug\net472\videoos.common.sharedtimeprofile.unittests.dll" id="38165d93-074a-c3be-4585-e77f40c7f236">
      <Execution id="6f4e5f82-8d84-4e53-94a9-78e83b9c0a79" />
      <TestMethod codeBase="D:\actions-runner\_work\XPCO\XPCO\Common\SharedTimeProfile\VideoOS.Common.SharedTimeProfile.UnitTests\bin\Debug\net472\VideoOS.Common.SharedTimeProfile.UnitTests.dll" adapterTypeName="executor://mstestadapter/v2" className="VideoOS.Common.SharedTimeProfile.UnitTests.TimeProfileInfragisticEvaluatorTest" name="TimeProfileInfragisticEvaluator63Constructor15Test" />
    </UnitTest>
    <UnitTest name="GetAppointmentsRecurringDailyToSpecificDateTest" storage="d:\actions-runner\_work\xpco\xpco\common\sharedtimeprofile\videoos.common.sharedtimeprofile.unittests\bin\debug\net472\videoos.common.sharedtimeprofile.unittests.dll" id="4df827f4-946d-0af3-bf82-504c5e3f1637">
      <Execution id="ec90a76e-16fc-445e-9b07-20ba0ae0aaff" />
      <TestMethod codeBase="D:\actions-runner\_work\XPCO\XPCO\Common\SharedTimeProfile\VideoOS.Common.SharedTimeProfile.UnitTests\bin\Debug\net472\VideoOS.Common.SharedTimeProfile.UnitTests.dll" adapterTypeName="executor://mstestadapter/v2" className="VideoOS.Common.SharedTimeProfile.UnitTests.TimeProfileInfragisticEvaluatorTest" name="GetAppointmentsRecurringDailyToSpecificDateTest" />
    </UnitTest>
    <UnitTest name="ConvertGpsValueTestIndex0Length1" storage="d:\actions-runner\_work\xpco\xpco\common\sharedtimeprofile\videoos.common.sharedtimeprofile.unittests\bin\debug\net472\videoos.common.sharedtimeprofile.unittests.dll" id="bec7abe0-9ae0-be4b-21c0-f94fd35a4de5">
      <Execution id="2143cb91-71cb-4bf9-b025-beb90a2b5762" />
      <TestMethod codeBase="D:\actions-runner\_work\XPCO\XPCO\Common\SharedTimeProfile\VideoOS.Common.SharedTimeProfile.UnitTests\bin\Debug\net472\VideoOS.Common.SharedTimeProfile.UnitTests.dll" adapterTypeName="executor://mstestadapter/v2" className="VideoOS.Common.SharedTimeProfile.UnitTests.GPSCoordinateTest" name="ConvertGpsValueTestIndex0Length1" />
    </UnitTest>
    <UnitTest name="GetSunriseSunsetAppointmentTestSidney21DecPlus10TimeZone" storage="d:\actions-runner\_work\xpco\xpco\common\sharedtimeprofile\videoos.common.sharedtimeprofile.unittests\bin\debug\net472\videoos.common.sharedtimeprofile.unittests.dll" id="f4acc359-e876-d61a-d92c-dad9d5915bce">
      <Execution id="b7202766-7258-442b-a664-0f0d19b7d85d" />
      <TestMethod codeBase="D:\actions-runner\_work\XPCO\XPCO\Common\SharedTimeProfile\VideoOS.Common.SharedTimeProfile.UnitTests\bin\Debug\net472\VideoOS.Common.SharedTimeProfile.UnitTests.dll" adapterTypeName="executor://mstestadapter/v2" className="VideoOS.Common.SharedTimeProfile.UnitTests.TimeProfileSunClockEvaluatorTest" name="GetSunriseSunsetAppointmentTestSidney21DecPlus10TimeZone" />
    </UnitTest>
    <UnitTest name="GpsParserTest1_1BlocksPlusMinus" storage="d:\actions-runner\_work\xpco\xpco\common\sharedtimeprofile\videoos.common.sharedtimeprofile.unittests\bin\debug\net472\videoos.common.sharedtimeprofile.unittests.dll" id="a39bcea0-b415-4e9f-c089-e4b96f947ebb">
      <Execution id="5fb6f951-a934-4af9-8f56-67cfa08b39d3" />
      <TestMethod codeBase="D:\actions-runner\_work\XPCO\XPCO\Common\SharedTimeProfile\VideoOS.Common.SharedTimeProfile.UnitTests\bin\Debug\net472\VideoOS.Common.SharedTimeProfile.UnitTests.dll" adapterTypeName="executor://mstestadapter/v2" className="VideoOS.Common.SharedTimeProfile.UnitTests.GPSCoordinateTest" name="GpsParserTest1_1BlocksPlusMinus" />
    </UnitTest>
    <UnitTest name="GetAppointmentsRecurringMonthlyFirstDayTest" storage="d:\actions-runner\_work\xpco\xpco\common\sharedtimeprofile\videoos.common.sharedtimeprofile.unittests\bin\debug\net472\videoos.common.sharedtimeprofile.unittests.dll" id="bd0e1085-d2ec-e1c6-c45b-bd7c4f00d72b">
      <Execution id="d4d59146-7130-43e5-bdfa-bcfee49edb19" />
      <TestMethod codeBase="D:\actions-runner\_work\XPCO\XPCO\Common\SharedTimeProfile\VideoOS.Common.SharedTimeProfile.UnitTests\bin\Debug\net472\VideoOS.Common.SharedTimeProfile.UnitTests.dll" adapterTypeName="executor://mstestadapter/v2" className="VideoOS.Common.SharedTimeProfile.UnitTests.TimeProfileInfragisticEvaluatorTest" name="GetAppointmentsRecurringMonthlyFirstDayTest" />
    </UnitTest>
    <UnitTest name="GpsParserTest2_2Blocks" storage="d:\actions-runner\_work\xpco\xpco\common\sharedtimeprofile\videoos.common.sharedtimeprofile.unittests\bin\debug\net472\videoos.common.sharedtimeprofile.unittests.dll" id="a2688d93-a748-c236-a400-96fa20539361">
      <Execution id="5f1d3e87-fc07-4690-830f-28b0386cd269" />
      <TestMethod codeBase="D:\actions-runner\_work\XPCO\XPCO\Common\SharedTimeProfile\VideoOS.Common.SharedTimeProfile.UnitTests\bin\Debug\net472\VideoOS.Common.SharedTimeProfile.UnitTests.dll" adapterTypeName="executor://mstestadapter/v2" className="VideoOS.Common.SharedTimeProfile.UnitTests.GPSCoordinateTest" name="GpsParserTest2_2Blocks" />
    </UnitTest>
    <UnitTest name="CalculateSunriseSunsetWilliamTestCopenhagen21JunSunset" storage="d:\actions-runner\_work\xpco\xpco\common\sharedtimeprofile\videoos.common.sharedtimeprofile.unittests\bin\debug\net472\videoos.common.sharedtimeprofile.unittests.dll" id="c691ab33-da69-53cd-21e8-9a047d97414d">
      <Execution id="72235ba9-8f5e-4d49-b585-b91575dc7778" />
      <TestMethod codeBase="D:\actions-runner\_work\XPCO\XPCO\Common\SharedTimeProfile\VideoOS.Common.SharedTimeProfile.UnitTests\bin\Debug\net472\VideoOS.Common.SharedTimeProfile.UnitTests.dll" adapterTypeName="executor://mstestadapter/v2" className="VideoOS.Common.SharedTimeProfile.UnitTests.TimeProfileSunClockEvaluatorTest" name="CalculateSunriseSunsetWilliamTestCopenhagen21JunSunset" />
    </UnitTest>
    <UnitTest name="ConvertGpsValueTestIndex0Length3" storage="d:\actions-runner\_work\xpco\xpco\common\sharedtimeprofile\videoos.common.sharedtimeprofile.unittests\bin\debug\net472\videoos.common.sharedtimeprofile.unittests.dll" id="949e9cf3-3a05-5e1d-30ef-8137d4cd86af">
      <Execution id="39a6a710-7f81-4719-a9e5-b7773547c0a2" />
      <TestMethod codeBase="D:\actions-runner\_work\XPCO\XPCO\Common\SharedTimeProfile\VideoOS.Common.SharedTimeProfile.UnitTests\bin\Debug\net472\VideoOS.Common.SharedTimeProfile.UnitTests.dll" adapterTypeName="executor://mstestadapter/v2" className="VideoOS.Common.SharedTimeProfile.UnitTests.GPSCoordinateTest" name="ConvertGpsValueTestIndex0Length3" />
    </UnitTest>
    <UnitTest name="TimeProfileInfragisticEvaluator63Constructor4Test" storage="d:\actions-runner\_work\xpco\xpco\common\sharedtimeprofile\videoos.common.sharedtimeprofile.unittests\bin\debug\net472\videoos.common.sharedtimeprofile.unittests.dll" id="eb4379f5-470b-bcca-d01f-3a829ebf8bc3">
      <Execution id="6974bb1a-425d-4645-84f9-1b061f81e5a9" />
      <TestMethod codeBase="D:\actions-runner\_work\XPCO\XPCO\Common\SharedTimeProfile\VideoOS.Common.SharedTimeProfile.UnitTests\bin\Debug\net472\VideoOS.Common.SharedTimeProfile.UnitTests.dll" adapterTypeName="executor://mstestadapter/v2" className="VideoOS.Common.SharedTimeProfile.UnitTests.TimeProfileInfragisticEvaluatorTest" name="TimeProfileInfragisticEvaluator63Constructor4Test" />
    </UnitTest>
    <UnitTest name="TimeProfileInfragisticEvaluatorConstructorTest" storage="d:\actions-runner\_work\xpco\xpco\common\sharedtimeprofile\videoos.common.sharedtimeprofile.unittests\bin\debug\net472\videoos.common.sharedtimeprofile.unittests.dll" id="5992360e-fe1b-2e69-ba34-16af7638bbc1">
      <Execution id="82c288ee-5d99-498c-88de-ccc4ebef2685" />
      <TestMethod codeBase="D:\actions-runner\_work\XPCO\XPCO\Common\SharedTimeProfile\VideoOS.Common.SharedTimeProfile.UnitTests\bin\Debug\net472\VideoOS.Common.SharedTimeProfile.UnitTests.dll" adapterTypeName="executor://mstestadapter/v2" className="VideoOS.Common.SharedTimeProfile.UnitTests.TimeProfileInfragisticEvaluatorTest" name="TimeProfileInfragisticEvaluatorConstructorTest" />
    </UnitTest>
    <UnitTest name="GetAppointmentsRecurring10OccurencesTest" storage="d:\actions-runner\_work\xpco\xpco\common\sharedtimeprofile\videoos.common.sharedtimeprofile.unittests\bin\debug\net472\videoos.common.sharedtimeprofile.unittests.dll" id="524a877b-7144-66dc-adb3-df423c2688c8">
      <Execution id="3381f429-97df-46f4-9a78-2757457249dd" />
      <TestMethod codeBase="D:\actions-runner\_work\XPCO\XPCO\Common\SharedTimeProfile\VideoOS.Common.SharedTimeProfile.UnitTests\bin\Debug\net472\VideoOS.Common.SharedTimeProfile.UnitTests.dll" adapterTypeName="executor://mstestadapter/v2" className="VideoOS.Common.SharedTimeProfile.UnitTests.TimeProfileInfragisticEvaluatorTest" name="GetAppointmentsRecurring10OccurencesTest" />
    </UnitTest>
    <UnitTest name="TimeProfileInfragisticEvaluator102Constructor15Test" storage="d:\actions-runner\_work\xpco\xpco\common\sharedtimeprofile\videoos.common.sharedtimeprofile.unittests\bin\debug\net472\videoos.common.sharedtimeprofile.unittests.dll" id="759a3507-8826-8013-133a-77aee20ee64b">
      <Execution id="7cdf85ee-be93-411a-b4b9-fbce54fd1650" />
      <TestMethod codeBase="D:\actions-runner\_work\XPCO\XPCO\Common\SharedTimeProfile\VideoOS.Common.SharedTimeProfile.UnitTests\bin\Debug\net472\VideoOS.Common.SharedTimeProfile.UnitTests.dll" adapterTypeName="executor://mstestadapter/v2" className="VideoOS.Common.SharedTimeProfile.UnitTests.TimeProfileInfragisticEvaluatorTest" name="TimeProfileInfragisticEvaluator102Constructor15Test" />
    </UnitTest>
    <UnitTest name="SunRiseOffsetOutOfRange1Test" storage="d:\actions-runner\_work\xpco\xpco\common\sharedtimeprofile\videoos.common.sharedtimeprofile.unittests\bin\debug\net472\videoos.common.sharedtimeprofile.unittests.dll" id="dde0481c-b97a-a1ff-5ff0-0c6387e2cf09">
      <Execution id="533779b5-606f-4cf2-bc46-a98376a5274c" />
      <TestMethod codeBase="D:\actions-runner\_work\XPCO\XPCO\Common\SharedTimeProfile\VideoOS.Common.SharedTimeProfile.UnitTests\bin\Debug\net472\VideoOS.Common.SharedTimeProfile.UnitTests.dll" adapterTypeName="executor://mstestadapter/v2" className="VideoOS.Common.SharedTimeProfile.UnitTests.TimeProfileSunClockDefinitionTest" name="SunRiseOffsetOutOfRange1Test" />
    </UnitTest>
    <UnitTest name="CalculateSunriseSunsetWilliamTestNearAntarctica23SeptemberSunset" storage="d:\actions-runner\_work\xpco\xpco\common\sharedtimeprofile\videoos.common.sharedtimeprofile.unittests\bin\debug\net472\videoos.common.sharedtimeprofile.unittests.dll" id="9913f251-757a-e0ec-095c-233b1c19ef39">
      <Execution id="0ebf908a-d950-4416-8995-809a07c65dec" />
      <TestMethod codeBase="D:\actions-runner\_work\XPCO\XPCO\Common\SharedTimeProfile\VideoOS.Common.SharedTimeProfile.UnitTests\bin\Debug\net472\VideoOS.Common.SharedTimeProfile.UnitTests.dll" adapterTypeName="executor://mstestadapter/v2" className="VideoOS.Common.SharedTimeProfile.UnitTests.TimeProfileSunClockEvaluatorTest" name="CalculateSunriseSunsetWilliamTestNearAntarctica23SeptemberSunset" />
    </UnitTest>
    <UnitTest name="GetAppointmentsOverlappingTimesTest" storage="d:\actions-runner\_work\xpco\xpco\common\sharedtimeprofile\videoos.common.sharedtimeprofile.unittests\bin\debug\net472\videoos.common.sharedtimeprofile.unittests.dll" id="f9ba6d67-d752-4f16-d0bf-dc8922e4da3d">
      <Execution id="3b099c1b-c3ef-4d38-a1f8-483994ca3636" />
      <TestMethod codeBase="D:\actions-runner\_work\XPCO\XPCO\Common\SharedTimeProfile\VideoOS.Common.SharedTimeProfile.UnitTests\bin\Debug\net472\VideoOS.Common.SharedTimeProfile.UnitTests.dll" adapterTypeName="executor://mstestadapter/v2" className="VideoOS.Common.SharedTimeProfile.UnitTests.TimeProfileInfragisticEvaluatorTest" name="GetAppointmentsOverlappingTimesTest" />
    </UnitTest>
    <UnitTest name="GpsParserTest3_3Blocks" storage="d:\actions-runner\_work\xpco\xpco\common\sharedtimeprofile\videoos.common.sharedtimeprofile.unittests\bin\debug\net472\videoos.common.sharedtimeprofile.unittests.dll" id="ba4593ac-dc51-7301-ade4-e5a3bd6388ea">
      <Execution id="8c1cfdea-7620-497d-8a8b-45ff80de2e4b" />
      <TestMethod codeBase="D:\actions-runner\_work\XPCO\XPCO\Common\SharedTimeProfile\VideoOS.Common.SharedTimeProfile.UnitTests\bin\Debug\net472\VideoOS.Common.SharedTimeProfile.UnitTests.dll" adapterTypeName="executor://mstestadapter/v2" className="VideoOS.Common.SharedTimeProfile.UnitTests.GPSCoordinateTest" name="GpsParserTest3_3Blocks" />
    </UnitTest>
    <UnitTest name="CalculateSunriseSunsetWilliamTestSydney21DecSunrise" storage="d:\actions-runner\_work\xpco\xpco\common\sharedtimeprofile\videoos.common.sharedtimeprofile.unittests\bin\debug\net472\videoos.common.sharedtimeprofile.unittests.dll" id="23bb67ab-9202-788a-b343-a86971620a3c">
      <Execution id="f33f672a-f514-420e-9778-f04fc621f94b" />
      <TestMethod codeBase="D:\actions-runner\_work\XPCO\XPCO\Common\SharedTimeProfile\VideoOS.Common.SharedTimeProfile.UnitTests\bin\Debug\net472\VideoOS.Common.SharedTimeProfile.UnitTests.dll" adapterTypeName="executor://mstestadapter/v2" className="VideoOS.Common.SharedTimeProfile.UnitTests.TimeProfileSunClockEvaluatorTest" name="CalculateSunriseSunsetWilliamTestSydney21DecSunrise" />
    </UnitTest>
    <UnitTest name="TimeProfileInfragisticEvaluator102Constructor5Test" storage="d:\actions-runner\_work\xpco\xpco\common\sharedtimeprofile\videoos.common.sharedtimeprofile.unittests\bin\debug\net472\videoos.common.sharedtimeprofile.unittests.dll" id="54894bef-65f5-4829-77be-a62e9c07f499">
      <Execution id="7175e5e3-0105-48e8-ba24-9b08a6046874" />
      <TestMethod codeBase="D:\actions-runner\_work\XPCO\XPCO\Common\SharedTimeProfile\VideoOS.Common.SharedTimeProfile.UnitTests\bin\Debug\net472\VideoOS.Common.SharedTimeProfile.UnitTests.dll" adapterTypeName="executor://mstestadapter/v2" className="VideoOS.Common.SharedTimeProfile.UnitTests.TimeProfileInfragisticEvaluatorTest" name="TimeProfileInfragisticEvaluator102Constructor5Test" />
    </UnitTest>
    <UnitTest name="EvaluateTimeTestInfragisticsWinterTime" storage="d:\actions-runner\_work\xpco\xpco\common\sharedtimeprofile\videoos.common.sharedtimeprofile.unittests\bin\debug\net472\videoos.common.sharedtimeprofile.unittests.dll" id="6129addb-b9f4-c7ba-59cd-9b4cd194afb1">
      <Execution id="1905059c-a644-45a3-b078-2d6c06ed2628" />
      <TestMethod codeBase="D:\actions-runner\_work\XPCO\XPCO\Common\SharedTimeProfile\VideoOS.Common.SharedTimeProfile.UnitTests\bin\Debug\net472\VideoOS.Common.SharedTimeProfile.UnitTests.dll" adapterTypeName="executor://mstestadapter/v2" className="VideoOS.Common.SharedTimeProfile.UnitTests.TimeProfileEvaluatorTest" name="EvaluateTimeTestInfragisticsWinterTime" />
    </UnitTest>
    <UnitTest name="GpsParserTest1_1BlocksNoneMinus" storage="d:\actions-runner\_work\xpco\xpco\common\sharedtimeprofile\videoos.common.sharedtimeprofile.unittests\bin\debug\net472\videoos.common.sharedtimeprofile.unittests.dll" id="cc6a795f-d456-2adf-17b9-890af9594b5a">
      <Execution id="704d2542-dc20-4375-8ce3-07f2686902ca" />
      <TestMethod codeBase="D:\actions-runner\_work\XPCO\XPCO\Common\SharedTimeProfile\VideoOS.Common.SharedTimeProfile.UnitTests\bin\Debug\net472\VideoOS.Common.SharedTimeProfile.UnitTests.dll" adapterTypeName="executor://mstestadapter/v2" className="VideoOS.Common.SharedTimeProfile.UnitTests.GPSCoordinateTest" name="GpsParserTest1_1BlocksNoneMinus" />
    </UnitTest>
    <UnitTest name="TimeProfileInfragisticEvaluatorStripTimeZoneInfoInfragisticTest" storage="d:\actions-runner\_work\xpco\xpco\common\sharedtimeprofile\videoos.common.sharedtimeprofile.unittests\bin\debug\net472\videoos.common.sharedtimeprofile.unittests.dll" id="938df8ef-a721-5b4a-02ff-4ea790775017">
      <Execution id="48b1c34f-9ed8-4514-bc38-b47715915d95" />
      <TestMethod codeBase="D:\actions-runner\_work\XPCO\XPCO\Common\SharedTimeProfile\VideoOS.Common.SharedTimeProfile.UnitTests\bin\Debug\net472\VideoOS.Common.SharedTimeProfile.UnitTests.dll" adapterTypeName="executor://mstestadapter/v2" className="VideoOS.Common.SharedTimeProfile.UnitTests.TimeProfileInfragisticEvaluatorTest" name="TimeProfileInfragisticEvaluatorStripTimeZoneInfoInfragisticTest" />
    </UnitTest>
    <UnitTest name="GetSunriseSunsetAppointmentTestSidney21DecMinus10TimeZone" storage="d:\actions-runner\_work\xpco\xpco\common\sharedtimeprofile\videoos.common.sharedtimeprofile.unittests\bin\debug\net472\videoos.common.sharedtimeprofile.unittests.dll" id="4efb9c56-1d02-d240-7b44-4fbf61e9f062">
      <Execution id="fb417b22-4eae-4a8b-bd0d-b9e66a89330b" />
      <TestMethod codeBase="D:\actions-runner\_work\XPCO\XPCO\Common\SharedTimeProfile\VideoOS.Common.SharedTimeProfile.UnitTests\bin\Debug\net472\VideoOS.Common.SharedTimeProfile.UnitTests.dll" adapterTypeName="executor://mstestadapter/v2" className="VideoOS.Common.SharedTimeProfile.UnitTests.TimeProfileSunClockEvaluatorTest" name="GetSunriseSunsetAppointmentTestSidney21DecMinus10TimeZone" />
    </UnitTest>
    <UnitTest name="GetSunriseSunsetAppointmentTestHonolulu21DecMinus10TimeZone" storage="d:\actions-runner\_work\xpco\xpco\common\sharedtimeprofile\videoos.common.sharedtimeprofile.unittests\bin\debug\net472\videoos.common.sharedtimeprofile.unittests.dll" id="cf7de98e-a0a5-aa33-9cf0-4bce68325e4f">
      <Execution id="f988bee9-802c-48fa-a5cf-56f99f97fa99" />
      <TestMethod codeBase="D:\actions-runner\_work\XPCO\XPCO\Common\SharedTimeProfile\VideoOS.Common.SharedTimeProfile.UnitTests\bin\Debug\net472\VideoOS.Common.SharedTimeProfile.UnitTests.dll" adapterTypeName="executor://mstestadapter/v2" className="VideoOS.Common.SharedTimeProfile.UnitTests.TimeProfileSunClockEvaluatorTest" name="GetSunriseSunsetAppointmentTestHonolulu21DecMinus10TimeZone" />
    </UnitTest>
    <UnitTest name="FromXmlTest" storage="d:\actions-runner\_work\xpco\xpco\common\sharedtimeprofile\videoos.common.sharedtimeprofile.unittests\bin\debug\net472\videoos.common.sharedtimeprofile.unittests.dll" id="ba27d664-4fbc-7ea8-4008-651f9f54ab06">
      <Execution id="5812ed13-9f77-4aef-a18a-0fac5e2b63fa" />
      <TestMethod codeBase="D:\actions-runner\_work\XPCO\XPCO\Common\SharedTimeProfile\VideoOS.Common.SharedTimeProfile.UnitTests\bin\Debug\net472\VideoOS.Common.SharedTimeProfile.UnitTests.dll" adapterTypeName="executor://mstestadapter/v2" className="VideoOS.Common.SharedTimeProfile.UnitTests.TimeProfileSunClockDefinitionTest" name="FromXmlTest" />
    </UnitTest>
    <UnitTest name="GetSunriseSunsetAppointmentTestKiruna5DecPlus1TimeZone60MinOffset" storage="d:\actions-runner\_work\xpco\xpco\common\sharedtimeprofile\videoos.common.sharedtimeprofile.unittests\bin\debug\net472\videoos.common.sharedtimeprofile.unittests.dll" id="f6690517-9e2f-a9b1-cd67-211d0fbefc2c">
      <Execution id="eb73ce69-1263-43f7-bc5f-fba61cbe9678" />
      <TestMethod codeBase="D:\actions-runner\_work\XPCO\XPCO\Common\SharedTimeProfile\VideoOS.Common.SharedTimeProfile.UnitTests\bin\Debug\net472\VideoOS.Common.SharedTimeProfile.UnitTests.dll" adapterTypeName="executor://mstestadapter/v2" className="VideoOS.Common.SharedTimeProfile.UnitTests.TimeProfileSunClockEvaluatorTest" name="GetSunriseSunsetAppointmentTestKiruna5DecPlus1TimeZone60MinOffset" />
    </UnitTest>
    <UnitTest name="TimeProfileManagerConstructorTest" storage="d:\actions-runner\_work\xpco\xpco\common\sharedtimeprofile\videoos.common.sharedtimeprofile.unittests\bin\debug\net472\videoos.common.sharedtimeprofile.unittests.dll" id="79a49bce-7caf-6dde-6b4b-758be73f755d">
      <Execution id="a3cb496d-361b-4af5-adf7-6dc7508d9f90" />
      <TestMethod codeBase="D:\actions-runner\_work\XPCO\XPCO\Common\SharedTimeProfile\VideoOS.Common.SharedTimeProfile.UnitTests\bin\Debug\net472\VideoOS.Common.SharedTimeProfile.UnitTests.dll" adapterTypeName="executor://mstestadapter/v2" className="VideoOS.Common.SharedTimeProfile.UnitTests.TimeProfileManagerTest" name="TimeProfileManagerConstructorTest" />
    </UnitTest>
    <UnitTest name="EvaluateTimeProfileTest1" storage="d:\actions-runner\_work\xpco\xpco\common\sharedtimeprofile\videoos.common.sharedtimeprofile.unittests\bin\debug\net472\videoos.common.sharedtimeprofile.unittests.dll" id="ef24937d-bb3b-6212-493a-707278fc9a24">
      <Execution id="d9ffb548-35f8-4f98-9475-2482d8da5992" />
      <TestMethod codeBase="D:\actions-runner\_work\XPCO\XPCO\Common\SharedTimeProfile\VideoOS.Common.SharedTimeProfile.UnitTests\bin\Debug\net472\VideoOS.Common.SharedTimeProfile.UnitTests.dll" adapterTypeName="executor://mstestadapter/v2" className="VideoOS.Common.SharedTimeProfile.UnitTests.TimeProfileManagerTest" name="EvaluateTimeProfileTest1" />
    </UnitTest>
    <UnitTest name="ValidateTestInvalidLatitude" storage="d:\actions-runner\_work\xpco\xpco\common\sharedtimeprofile\videoos.common.sharedtimeprofile.unittests\bin\debug\net472\videoos.common.sharedtimeprofile.unittests.dll" id="92a0dbba-00b0-f41a-dccf-ad16d902db5a">
      <Execution id="ac59aa02-207d-42c1-a346-38c42817e67e" />
      <TestMethod codeBase="D:\actions-runner\_work\XPCO\XPCO\Common\SharedTimeProfile\VideoOS.Common.SharedTimeProfile.UnitTests\bin\Debug\net472\VideoOS.Common.SharedTimeProfile.UnitTests.dll" adapterTypeName="executor://mstestadapter/v2" className="VideoOS.Common.SharedTimeProfile.UnitTests.GPSCoordinateTest" name="ValidateTestInvalidLatitude" />
    </UnitTest>
    <UnitTest name="EvaluateTimeTestSunClockCopenhagen21DecNotOK" storage="d:\actions-runner\_work\xpco\xpco\common\sharedtimeprofile\videoos.common.sharedtimeprofile.unittests\bin\debug\net472\videoos.common.sharedtimeprofile.unittests.dll" id="bae89723-ecf5-2d1f-3fcc-734b3112a34f">
      <Execution id="b4f4de5e-fa83-46c2-8d14-c5c270efbf92" />
      <TestMethod codeBase="D:\actions-runner\_work\XPCO\XPCO\Common\SharedTimeProfile\VideoOS.Common.SharedTimeProfile.UnitTests\bin\Debug\net472\VideoOS.Common.SharedTimeProfile.UnitTests.dll" adapterTypeName="executor://mstestadapter/v2" className="VideoOS.Common.SharedTimeProfile.UnitTests.TimeProfileEvaluatorTest" name="EvaluateTimeTestSunClockCopenhagen21DecNotOK" />
    </UnitTest>
    <UnitTest name="GpsParserTestInvalidLatitudeDirection" storage="d:\actions-runner\_work\xpco\xpco\common\sharedtimeprofile\videoos.common.sharedtimeprofile.unittests\bin\debug\net472\videoos.common.sharedtimeprofile.unittests.dll" id="c79ac7e2-6143-9c24-9b5d-aa35ff47b483">
      <Execution id="bab95ef4-05f6-4176-8490-36b3705e3c2a" />
      <TestMethod codeBase="D:\actions-runner\_work\XPCO\XPCO\Common\SharedTimeProfile\VideoOS.Common.SharedTimeProfile.UnitTests\bin\Debug\net472\VideoOS.Common.SharedTimeProfile.UnitTests.dll" adapterTypeName="executor://mstestadapter/v2" className="VideoOS.Common.SharedTimeProfile.UnitTests.GPSCoordinateTest" name="GpsParserTestInvalidLatitudeDirection" />
    </UnitTest>
    <UnitTest name="CalculateSunriseSunsetWilliamTestArctic21MarchSunset" storage="d:\actions-runner\_work\xpco\xpco\common\sharedtimeprofile\videoos.common.sharedtimeprofile.unittests\bin\debug\net472\videoos.common.sharedtimeprofile.unittests.dll" id="40cbc5e4-9a58-bc8a-43c2-b23131016951">
      <Execution id="4bd72b28-a624-4b5f-b9b2-0fab54ef00c1" />
      <TestMethod codeBase="D:\actions-runner\_work\XPCO\XPCO\Common\SharedTimeProfile\VideoOS.Common.SharedTimeProfile.UnitTests\bin\Debug\net472\VideoOS.Common.SharedTimeProfile.UnitTests.dll" adapterTypeName="executor://mstestadapter/v2" className="VideoOS.Common.SharedTimeProfile.UnitTests.TimeProfileSunClockEvaluatorTest" name="CalculateSunriseSunsetWilliamTestArctic21MarchSunset" />
    </UnitTest>
    <UnitTest name="CalculateSunriseSunsetWilliamTestAntarctica23SeptemberSunset" storage="d:\actions-runner\_work\xpco\xpco\common\sharedtimeprofile\videoos.common.sharedtimeprofile.unittests\bin\debug\net472\videoos.common.sharedtimeprofile.unittests.dll" id="1beda56a-c320-9dd4-234b-ff6f69ea37f5">
      <Execution id="4876c9d2-3ad9-4000-a946-797f984ce483" />
      <TestMethod codeBase="D:\actions-runner\_work\XPCO\XPCO\Common\SharedTimeProfile\VideoOS.Common.SharedTimeProfile.UnitTests\bin\Debug\net472\VideoOS.Common.SharedTimeProfile.UnitTests.dll" adapterTypeName="executor://mstestadapter/v2" className="VideoOS.Common.SharedTimeProfile.UnitTests.TimeProfileSunClockEvaluatorTest" name="CalculateSunriseSunsetWilliamTestAntarctica23SeptemberSunset" />
    </UnitTest>
    <UnitTest name="TimeProfileInfragisticEvaluatorStripTimeZoneInfoTest" storage="d:\actions-runner\_work\xpco\xpco\common\sharedtimeprofile\videoos.common.sharedtimeprofile.unittests\bin\debug\net472\videoos.common.sharedtimeprofile.unittests.dll" id="fa47577f-29a5-fcf6-14a8-811660d3847e">
      <Execution id="47f137bc-ac75-4250-bad2-86a400c443ae" />
      <TestMethod codeBase="D:\actions-runner\_work\XPCO\XPCO\Common\SharedTimeProfile\VideoOS.Common.SharedTimeProfile.UnitTests\bin\Debug\net472\VideoOS.Common.SharedTimeProfile.UnitTests.dll" adapterTypeName="executor://mstestadapter/v2" className="VideoOS.Common.SharedTimeProfile.UnitTests.TimeProfileInfragisticEvaluatorTest" name="TimeProfileInfragisticEvaluatorStripTimeZoneInfoTest" />
    </UnitTest>
    <UnitTest name="TimeProfileInfragisticEvaluator63Constructor10Test" storage="d:\actions-runner\_work\xpco\xpco\common\sharedtimeprofile\videoos.common.sharedtimeprofile.unittests\bin\debug\net472\videoos.common.sharedtimeprofile.unittests.dll" id="04f14a5d-f309-6976-60d9-8ec2482b5ad8">
      <Execution id="aadc1959-d78a-4f16-8985-3142ae9a8620" />
      <TestMethod codeBase="D:\actions-runner\_work\XPCO\XPCO\Common\SharedTimeProfile\VideoOS.Common.SharedTimeProfile.UnitTests\bin\Debug\net472\VideoOS.Common.SharedTimeProfile.UnitTests.dll" adapterTypeName="executor://mstestadapter/v2" className="VideoOS.Common.SharedTimeProfile.UnitTests.TimeProfileInfragisticEvaluatorTest" name="TimeProfileInfragisticEvaluator63Constructor10Test" />
    </UnitTest>
    <UnitTest name="TimeProfileSunClockDefinitionConstructorSunSetOutOfRange1Test" storage="d:\actions-runner\_work\xpco\xpco\common\sharedtimeprofile\videoos.common.sharedtimeprofile.unittests\bin\debug\net472\videoos.common.sharedtimeprofile.unittests.dll" id="a075d991-da75-21d8-cc34-85a983d18c48">
      <Execution id="6dd6471b-ca9e-48a1-9c22-daf5ac552ae2" />
      <TestMethod codeBase="D:\actions-runner\_work\XPCO\XPCO\Common\SharedTimeProfile\VideoOS.Common.SharedTimeProfile.UnitTests\bin\Debug\net472\VideoOS.Common.SharedTimeProfile.UnitTests.dll" adapterTypeName="executor://mstestadapter/v2" className="VideoOS.Common.SharedTimeProfile.UnitTests.TimeProfileSunClockDefinitionTest" name="TimeProfileSunClockDefinitionConstructorSunSetOutOfRange1Test" />
    </UnitTest>
    <UnitTest name="TimeProfileInfragisticEvaluator102Constructor12Test" storage="d:\actions-runner\_work\xpco\xpco\common\sharedtimeprofile\videoos.common.sharedtimeprofile.unittests\bin\debug\net472\videoos.common.sharedtimeprofile.unittests.dll" id="6fcc8d45-2757-307b-667e-cbcfb0b27895">
      <Execution id="b3d7c5d3-696a-4506-afee-aee99164729b" />
      <TestMethod codeBase="D:\actions-runner\_work\XPCO\XPCO\Common\SharedTimeProfile\VideoOS.Common.SharedTimeProfile.UnitTests\bin\Debug\net472\VideoOS.Common.SharedTimeProfile.UnitTests.dll" adapterTypeName="executor://mstestadapter/v2" className="VideoOS.Common.SharedTimeProfile.UnitTests.TimeProfileInfragisticEvaluatorTest" name="TimeProfileInfragisticEvaluator102Constructor12Test" />
    </UnitTest>
    <UnitTest name="GetAppointmentsTestAbovePolarCircle26MayPlus10TimeZone" storage="d:\actions-runner\_work\xpco\xpco\common\sharedtimeprofile\videoos.common.sharedtimeprofile.unittests\bin\debug\net472\videoos.common.sharedtimeprofile.unittests.dll" id="d4430f35-a504-fb52-aac1-3c3290d1e1c9">
      <Execution id="239ce9f8-2f91-423a-adcf-3e82f5073541" />
      <TestMethod codeBase="D:\actions-runner\_work\XPCO\XPCO\Common\SharedTimeProfile\VideoOS.Common.SharedTimeProfile.UnitTests\bin\Debug\net472\VideoOS.Common.SharedTimeProfile.UnitTests.dll" adapterTypeName="executor://mstestadapter/v2" className="VideoOS.Common.SharedTimeProfile.UnitTests.TimeProfileSunClockEvaluatorTest" name="GetAppointmentsTestAbovePolarCircle26MayPlus10TimeZone" />
    </UnitTest>
    <UnitTest name="TimeProfileInfragisticEvaluator102Constructor8Test" storage="d:\actions-runner\_work\xpco\xpco\common\sharedtimeprofile\videoos.common.sharedtimeprofile.unittests\bin\debug\net472\videoos.common.sharedtimeprofile.unittests.dll" id="de474cff-fb3d-5082-ec6a-4a5b47745a79">
      <Execution id="b559d24d-8699-40b4-9083-9b185a2e2c5a" />
      <TestMethod codeBase="D:\actions-runner\_work\XPCO\XPCO\Common\SharedTimeProfile\VideoOS.Common.SharedTimeProfile.UnitTests\bin\Debug\net472\VideoOS.Common.SharedTimeProfile.UnitTests.dll" adapterTypeName="executor://mstestadapter/v2" className="VideoOS.Common.SharedTimeProfile.UnitTests.TimeProfileInfragisticEvaluatorTest" name="TimeProfileInfragisticEvaluator102Constructor8Test" />
    </UnitTest>
    <UnitTest name="GPSCoordinateConstructorTest1" storage="d:\actions-runner\_work\xpco\xpco\common\sharedtimeprofile\videoos.common.sharedtimeprofile.unittests\bin\debug\net472\videoos.common.sharedtimeprofile.unittests.dll" id="31839f7b-0b97-fbc5-d3be-cd002842bcab">
      <Execution id="1de2d900-0902-4870-b084-62bd89c4f1af" />
      <TestMethod codeBase="D:\actions-runner\_work\XPCO\XPCO\Common\SharedTimeProfile\VideoOS.Common.SharedTimeProfile.UnitTests\bin\Debug\net472\VideoOS.Common.SharedTimeProfile.UnitTests.dll" adapterTypeName="executor://mstestadapter/v2" className="VideoOS.Common.SharedTimeProfile.UnitTests.GPSCoordinateTest" name="GPSCoordinateConstructorTest1" />
    </UnitTest>
    <UnitTest name="GetSunriseSunsetAppointmentTestCopenhagen21JunUtcTimeZone" storage="d:\actions-runner\_work\xpco\xpco\common\sharedtimeprofile\videoos.common.sharedtimeprofile.unittests\bin\debug\net472\videoos.common.sharedtimeprofile.unittests.dll" id="7bc819d9-8903-6b28-791f-8cffafffb964">
      <Execution id="2111f063-fa4d-4394-8a77-1726fa054a3a" />
      <TestMethod codeBase="D:\actions-runner\_work\XPCO\XPCO\Common\SharedTimeProfile\VideoOS.Common.SharedTimeProfile.UnitTests\bin\Debug\net472\VideoOS.Common.SharedTimeProfile.UnitTests.dll" adapterTypeName="executor://mstestadapter/v2" className="VideoOS.Common.SharedTimeProfile.UnitTests.TimeProfileSunClockEvaluatorTest" name="GetSunriseSunsetAppointmentTestCopenhagen21JunUtcTimeZone" />
    </UnitTest>
    <UnitTest name="GpsParserTestInvalidDoubleLatitude" storage="d:\actions-runner\_work\xpco\xpco\common\sharedtimeprofile\videoos.common.sharedtimeprofile.unittests\bin\debug\net472\videoos.common.sharedtimeprofile.unittests.dll" id="358000cb-196f-bac1-0b7d-59006980282b">
      <Execution id="3c19668f-d345-4b9d-b941-584fdf261095" />
      <TestMethod codeBase="D:\actions-runner\_work\XPCO\XPCO\Common\SharedTimeProfile\VideoOS.Common.SharedTimeProfile.UnitTests\bin\Debug\net472\VideoOS.Common.SharedTimeProfile.UnitTests.dll" adapterTypeName="executor://mstestadapter/v2" className="VideoOS.Common.SharedTimeProfile.UnitTests.GPSCoordinateTest" name="GpsParserTestInvalidDoubleLatitude" />
    </UnitTest>
    <UnitTest name="EvaluateTimeTestSunClockWinterTime2" storage="d:\actions-runner\_work\xpco\xpco\common\sharedtimeprofile\videoos.common.sharedtimeprofile.unittests\bin\debug\net472\videoos.common.sharedtimeprofile.unittests.dll" id="0e076750-4e99-ddd5-434d-86de255ea605">
      <Execution id="60770a24-496d-428f-9fa9-d8644c66e08d" />
      <TestMethod codeBase="D:\actions-runner\_work\XPCO\XPCO\Common\SharedTimeProfile\VideoOS.Common.SharedTimeProfile.UnitTests\bin\Debug\net472\VideoOS.Common.SharedTimeProfile.UnitTests.dll" adapterTypeName="executor://mstestadapter/v2" className="VideoOS.Common.SharedTimeProfile.UnitTests.TimeProfileEvaluatorTest" name="EvaluateTimeTestSunClockWinterTime2" />
    </UnitTest>
    <UnitTest name="GetAppointmentsRecurringMonthlyFirstMondayTest" storage="d:\actions-runner\_work\xpco\xpco\common\sharedtimeprofile\videoos.common.sharedtimeprofile.unittests\bin\debug\net472\videoos.common.sharedtimeprofile.unittests.dll" id="1e7065ae-78a9-18b8-43b1-9fa8fe0f3b52">
      <Execution id="b69163eb-d1ff-4a22-ae0e-ec7fe766800a" />
      <TestMethod codeBase="D:\actions-runner\_work\XPCO\XPCO\Common\SharedTimeProfile\VideoOS.Common.SharedTimeProfile.UnitTests\bin\Debug\net472\VideoOS.Common.SharedTimeProfile.UnitTests.dll" adapterTypeName="executor://mstestadapter/v2" className="VideoOS.Common.SharedTimeProfile.UnitTests.TimeProfileInfragisticEvaluatorTest" name="GetAppointmentsRecurringMonthlyFirstMondayTest" />
    </UnitTest>
    <UnitTest name="GetAppointmentsRecurringDailyWeekdaysTest" storage="d:\actions-runner\_work\xpco\xpco\common\sharedtimeprofile\videoos.common.sharedtimeprofile.unittests\bin\debug\net472\videoos.common.sharedtimeprofile.unittests.dll" id="83803596-78fb-73ca-d8cb-4234bbf998c7">
      <Execution id="e0e9db1b-f43f-4962-b96e-276d051b0a2c" />
      <TestMethod codeBase="D:\actions-runner\_work\XPCO\XPCO\Common\SharedTimeProfile\VideoOS.Common.SharedTimeProfile.UnitTests\bin\Debug\net472\VideoOS.Common.SharedTimeProfile.UnitTests.dll" adapterTypeName="executor://mstestadapter/v2" className="VideoOS.Common.SharedTimeProfile.UnitTests.TimeProfileInfragisticEvaluatorTest" name="GetAppointmentsRecurringDailyWeekdaysTest" />
    </UnitTest>
    <UnitTest name="FromXmlInvalidXmlNoArgumentOutOfRangeSunRiseTest" storage="d:\actions-runner\_work\xpco\xpco\common\sharedtimeprofile\videoos.common.sharedtimeprofile.unittests\bin\debug\net472\videoos.common.sharedtimeprofile.unittests.dll" id="6b4887cf-0ccd-68a6-53e2-5c99b9d00f44">
      <Execution id="dae537de-d4cb-484a-be22-b30d558050cd" />
      <TestMethod codeBase="D:\actions-runner\_work\XPCO\XPCO\Common\SharedTimeProfile\VideoOS.Common.SharedTimeProfile.UnitTests\bin\Debug\net472\VideoOS.Common.SharedTimeProfile.UnitTests.dll" adapterTypeName="executor://mstestadapter/v2" className="VideoOS.Common.SharedTimeProfile.UnitTests.TimeProfileSunClockDefinitionTest" name="FromXmlInvalidXmlNoArgumentOutOfRangeSunRiseTest" />
    </UnitTest>
    <UnitTest name="TimeProfileInfragisticEvaluatorConstructorArgumentNullTest" storage="d:\actions-runner\_work\xpco\xpco\common\sharedtimeprofile\videoos.common.sharedtimeprofile.unittests\bin\debug\net472\videoos.common.sharedtimeprofile.unittests.dll" id="aaf518b3-b5a7-ba43-e0ba-fcb4fa98c9a0">
      <Execution id="b4219df6-a1af-4dfb-984d-51d69455b20b" />
      <TestMethod codeBase="D:\actions-runner\_work\XPCO\XPCO\Common\SharedTimeProfile\VideoOS.Common.SharedTimeProfile.UnitTests\bin\Debug\net472\VideoOS.Common.SharedTimeProfile.UnitTests.dll" adapterTypeName="executor://mstestadapter/v2" className="VideoOS.Common.SharedTimeProfile.UnitTests.TimeProfileInfragisticEvaluatorTest" name="TimeProfileInfragisticEvaluatorConstructorArgumentNullTest" />
    </UnitTest>
    <UnitTest name="CalculateSunriseSunsetWilliamTestBuenosAires21DecSunset" storage="d:\actions-runner\_work\xpco\xpco\common\sharedtimeprofile\videoos.common.sharedtimeprofile.unittests\bin\debug\net472\videoos.common.sharedtimeprofile.unittests.dll" id="13e6bb43-43fe-a031-b6d2-867ab58a1a4a">
      <Execution id="d23ba79d-9294-4854-a6bf-de9baf1b50b7" />
      <TestMethod codeBase="D:\actions-runner\_work\XPCO\XPCO\Common\SharedTimeProfile\VideoOS.Common.SharedTimeProfile.UnitTests\bin\Debug\net472\VideoOS.Common.SharedTimeProfile.UnitTests.dll" adapterTypeName="executor://mstestadapter/v2" className="VideoOS.Common.SharedTimeProfile.UnitTests.TimeProfileSunClockEvaluatorTest" name="CalculateSunriseSunsetWilliamTestBuenosAires21DecSunset" />
    </UnitTest>
    <UnitTest name="CheckAllXml_Infragistics_6_3" storage="d:\actions-runner\_work\xpco\xpco\common\sharedtimeprofile\videoos.common.sharedtimeprofile.unittests\bin\debug\net472\videoos.common.sharedtimeprofile.unittests.dll" id="ea75c473-eaea-ecb6-5c82-6a1710b38a60">
      <Execution id="cd897879-0b62-4700-a49d-8cde9d3c58af" />
      <TestMethod codeBase="D:\actions-runner\_work\XPCO\XPCO\Common\SharedTimeProfile\VideoOS.Common.SharedTimeProfile.UnitTests\bin\Debug\net472\VideoOS.Common.SharedTimeProfile.UnitTests.dll" adapterTypeName="executor://mstestadapter/v2" className="VideoOS.Common.SharedTimeProfile.UnitTests.TimeProfileExplicitConvertionTests" name="CheckAllXml_Infragistics_6_3" />
    </UnitTest>
    <UnitTest name="TimeProfileInfragisticEvaluator102Constructor6Test" storage="d:\actions-runner\_work\xpco\xpco\common\sharedtimeprofile\videoos.common.sharedtimeprofile.unittests\bin\debug\net472\videoos.common.sharedtimeprofile.unittests.dll" id="55c67aaa-d05b-f400-247b-d621fd1c5e0d">
      <Execution id="771e44b0-3ed1-4ee6-940c-fc6bad605da4" />
      <TestMethod codeBase="D:\actions-runner\_work\XPCO\XPCO\Common\SharedTimeProfile\VideoOS.Common.SharedTimeProfile.UnitTests\bin\Debug\net472\VideoOS.Common.SharedTimeProfile.UnitTests.dll" adapterTypeName="executor://mstestadapter/v2" className="VideoOS.Common.SharedTimeProfile.UnitTests.TimeProfileInfragisticEvaluatorTest" name="TimeProfileInfragisticEvaluator102Constructor6Test" />
    </UnitTest>
    <UnitTest name="GetAppointmentsSingleTwoDaysTest" storage="d:\actions-runner\_work\xpco\xpco\common\sharedtimeprofile\videoos.common.sharedtimeprofile.unittests\bin\debug\net472\videoos.common.sharedtimeprofile.unittests.dll" id="2fe2fdff-5b52-6172-35e3-180272d34dbd">
      <Execution id="e0719f7f-ad01-48ab-882e-d8550a49e548" />
      <TestMethod codeBase="D:\actions-runner\_work\XPCO\XPCO\Common\SharedTimeProfile\VideoOS.Common.SharedTimeProfile.UnitTests\bin\Debug\net472\VideoOS.Common.SharedTimeProfile.UnitTests.dll" adapterTypeName="executor://mstestadapter/v2" className="VideoOS.Common.SharedTimeProfile.UnitTests.TimeProfileInfragisticEvaluatorTest" name="GetAppointmentsSingleTwoDaysTest" />
    </UnitTest>
    <UnitTest name="CalculateSunriseSunsetWilliamTestNearAntarctica20MarchSunrise" storage="d:\actions-runner\_work\xpco\xpco\common\sharedtimeprofile\videoos.common.sharedtimeprofile.unittests\bin\debug\net472\videoos.common.sharedtimeprofile.unittests.dll" id="46700ab3-b2de-891d-833f-f66992ae2085">
      <Execution id="192b7d4b-b4fd-4015-a47e-2dd93cbe65fc" />
      <TestMethod codeBase="D:\actions-runner\_work\XPCO\XPCO\Common\SharedTimeProfile\VideoOS.Common.SharedTimeProfile.UnitTests\bin\Debug\net472\VideoOS.Common.SharedTimeProfile.UnitTests.dll" adapterTypeName="executor://mstestadapter/v2" className="VideoOS.Common.SharedTimeProfile.UnitTests.TimeProfileSunClockEvaluatorTest" name="CalculateSunriseSunsetWilliamTestNearAntarctica20MarchSunrise" />
    </UnitTest>
    <UnitTest name="FromXmlInvalidXmlMissingSectionTimeZoneTest" storage="d:\actions-runner\_work\xpco\xpco\common\sharedtimeprofile\videoos.common.sharedtimeprofile.unittests\bin\debug\net472\videoos.common.sharedtimeprofile.unittests.dll" id="6e853792-16ec-6e2a-3c29-060b9840d194">
      <Execution id="2abd2558-2d56-48bf-afe0-2ce67464e258" />
      <TestMethod codeBase="D:\actions-runner\_work\XPCO\XPCO\Common\SharedTimeProfile\VideoOS.Common.SharedTimeProfile.UnitTests\bin\Debug\net472\VideoOS.Common.SharedTimeProfile.UnitTests.dll" adapterTypeName="executor://mstestadapter/v2" className="VideoOS.Common.SharedTimeProfile.UnitTests.TimeProfileSunClockDefinitionTest" name="FromXmlInvalidXmlMissingSectionTimeZoneTest" />
    </UnitTest>
    <UnitTest name="CalculateSunriseSunsetWilliamTestDaresSalaam21DecSunset" storage="d:\actions-runner\_work\xpco\xpco\common\sharedtimeprofile\videoos.common.sharedtimeprofile.unittests\bin\debug\net472\videoos.common.sharedtimeprofile.unittests.dll" id="1bf215db-95a5-2421-ff79-566c88d6e808">
      <Execution id="f533cee4-b39d-44e6-abfa-998bd838bf8e" />
      <TestMethod codeBase="D:\actions-runner\_work\XPCO\XPCO\Common\SharedTimeProfile\VideoOS.Common.SharedTimeProfile.UnitTests\bin\Debug\net472\VideoOS.Common.SharedTimeProfile.UnitTests.dll" adapterTypeName="executor://mstestadapter/v2" className="VideoOS.Common.SharedTimeProfile.UnitTests.TimeProfileSunClockEvaluatorTest" name="CalculateSunriseSunsetWilliamTestDaresSalaam21DecSunset" />
    </UnitTest>
    <UnitTest name="CalculateSunriseSunsetWilliamTestDaresSalaam21JunSunrise" storage="d:\actions-runner\_work\xpco\xpco\common\sharedtimeprofile\videoos.common.sharedtimeprofile.unittests\bin\debug\net472\videoos.common.sharedtimeprofile.unittests.dll" id="a9c2fd0f-5ab3-1b0c-c2b5-df97515680ed">
      <Execution id="1dbc6a20-c4c0-42fa-abcc-be9d945f0138" />
      <TestMethod codeBase="D:\actions-runner\_work\XPCO\XPCO\Common\SharedTimeProfile\VideoOS.Common.SharedTimeProfile.UnitTests\bin\Debug\net472\VideoOS.Common.SharedTimeProfile.UnitTests.dll" adapterTypeName="executor://mstestadapter/v2" className="VideoOS.Common.SharedTimeProfile.UnitTests.TimeProfileSunClockEvaluatorTest" name="CalculateSunriseSunsetWilliamTestDaresSalaam21JunSunrise" />
    </UnitTest>
    <UnitTest name="FromXmlTestDefault" storage="d:\actions-runner\_work\xpco\xpco\common\sharedtimeprofile\videoos.common.sharedtimeprofile.unittests\bin\debug\net472\videoos.common.sharedtimeprofile.unittests.dll" id="17628f16-366f-8f5a-9a8b-1d63d9f009bc">
      <Execution id="60fa9214-72ae-48de-bacd-55ed46ba6ca2" />
      <TestMethod codeBase="D:\actions-runner\_work\XPCO\XPCO\Common\SharedTimeProfile\VideoOS.Common.SharedTimeProfile.UnitTests\bin\Debug\net472\VideoOS.Common.SharedTimeProfile.UnitTests.dll" adapterTypeName="executor://mstestadapter/v2" className="VideoOS.Common.SharedTimeProfile.UnitTests.TimeProfileSunClockDefinitionTest" name="FromXmlTestDefault" />
    </UnitTest>
    <UnitTest name="TimeProfileInfragisticEvaluator63Constructor12Test" storage="d:\actions-runner\_work\xpco\xpco\common\sharedtimeprofile\videoos.common.sharedtimeprofile.unittests\bin\debug\net472\videoos.common.sharedtimeprofile.unittests.dll" id="6e62a3f7-11eb-8c3e-03ae-eafd21f36899">
      <Execution id="ebd8a5be-a84f-4287-b0e2-4f851511a427" />
      <TestMethod codeBase="D:\actions-runner\_work\XPCO\XPCO\Common\SharedTimeProfile\VideoOS.Common.SharedTimeProfile.UnitTests\bin\Debug\net472\VideoOS.Common.SharedTimeProfile.UnitTests.dll" adapterTypeName="executor://mstestadapter/v2" className="VideoOS.Common.SharedTimeProfile.UnitTests.TimeProfileInfragisticEvaluatorTest" name="TimeProfileInfragisticEvaluator63Constructor12Test" />
    </UnitTest>
    <UnitTest name="SunSetOffsetOutOfRange1Test" storage="d:\actions-runner\_work\xpco\xpco\common\sharedtimeprofile\videoos.common.sharedtimeprofile.unittests\bin\debug\net472\videoos.common.sharedtimeprofile.unittests.dll" id="3c3627d9-1d2f-c97d-64d6-93b7939a60de">
      <Execution id="22c89006-7ffc-4507-a9db-1968436aaf21" />
      <TestMethod codeBase="D:\actions-runner\_work\XPCO\XPCO\Common\SharedTimeProfile\VideoOS.Common.SharedTimeProfile.UnitTests\bin\Debug\net472\VideoOS.Common.SharedTimeProfile.UnitTests.dll" adapterTypeName="executor://mstestadapter/v2" className="VideoOS.Common.SharedTimeProfile.UnitTests.TimeProfileSunClockDefinitionTest" name="SunSetOffsetOutOfRange1Test" />
    </UnitTest>
    <UnitTest name="ConvertGpsValueTestInvalidDoubleString3" storage="d:\actions-runner\_work\xpco\xpco\common\sharedtimeprofile\videoos.common.sharedtimeprofile.unittests\bin\debug\net472\videoos.common.sharedtimeprofile.unittests.dll" id="effdf7db-1010-3b3e-7b9c-fd993387abce">
      <Execution id="00588315-10d6-4ec9-badb-d4a82fe73db8" />
      <TestMethod codeBase="D:\actions-runner\_work\XPCO\XPCO\Common\SharedTimeProfile\VideoOS.Common.SharedTimeProfile.UnitTests\bin\Debug\net472\VideoOS.Common.SharedTimeProfile.UnitTests.dll" adapterTypeName="executor://mstestadapter/v2" className="VideoOS.Common.SharedTimeProfile.UnitTests.GPSCoordinateTest" name="ConvertGpsValueTestInvalidDoubleString3" />
    </UnitTest>
    <UnitTest name="FromXmlTestDefaultUTCNotFound" storage="d:\actions-runner\_work\xpco\xpco\common\sharedtimeprofile\videoos.common.sharedtimeprofile.unittests\bin\debug\net472\videoos.common.sharedtimeprofile.unittests.dll" id="b177bc47-b8ef-539c-d84b-a1d872a6b99f">
      <Execution id="c648bf83-d6fd-42b8-a3c6-d3addac27984" />
      <TestMethod codeBase="D:\actions-runner\_work\XPCO\XPCO\Common\SharedTimeProfile\VideoOS.Common.SharedTimeProfile.UnitTests\bin\Debug\net472\VideoOS.Common.SharedTimeProfile.UnitTests.dll" adapterTypeName="executor://mstestadapter/v2" className="VideoOS.Common.SharedTimeProfile.UnitTests.TimeProfileSunClockDefinitionTest" name="FromXmlTestDefaultUTCNotFound" />
    </UnitTest>
    <UnitTest name="CalculateSunriseSunsetWilliamTestArctic21JunSunrise" storage="d:\actions-runner\_work\xpco\xpco\common\sharedtimeprofile\videoos.common.sharedtimeprofile.unittests\bin\debug\net472\videoos.common.sharedtimeprofile.unittests.dll" id="97e01ed6-9763-b779-5a3c-cece2684a673">
      <Execution id="6642c3dc-0ad9-4415-92dd-86460bf123f7" />
      <TestMethod codeBase="D:\actions-runner\_work\XPCO\XPCO\Common\SharedTimeProfile\VideoOS.Common.SharedTimeProfile.UnitTests\bin\Debug\net472\VideoOS.Common.SharedTimeProfile.UnitTests.dll" adapterTypeName="executor://mstestadapter/v2" className="VideoOS.Common.SharedTimeProfile.UnitTests.TimeProfileSunClockEvaluatorTest" name="CalculateSunriseSunsetWilliamTestArctic21JunSunrise" />
    </UnitTest>
    <UnitTest name="SunRiseOffsetTest" storage="d:\actions-runner\_work\xpco\xpco\common\sharedtimeprofile\videoos.common.sharedtimeprofile.unittests\bin\debug\net472\videoos.common.sharedtimeprofile.unittests.dll" id="8a05e353-bc10-6d7d-528c-af52f3bbfcbe">
      <Execution id="b138071a-e001-4ae2-8a75-6d2ad7d6d7d9" />
      <TestMethod codeBase="D:\actions-runner\_work\XPCO\XPCO\Common\SharedTimeProfile\VideoOS.Common.SharedTimeProfile.UnitTests\bin\Debug\net472\VideoOS.Common.SharedTimeProfile.UnitTests.dll" adapterTypeName="executor://mstestadapter/v2" className="VideoOS.Common.SharedTimeProfile.UnitTests.TimeProfileSunClockDefinitionTest" name="SunRiseOffsetTest" />
    </UnitTest>
    <UnitTest name="TimeProfileEvaluatorConstructorTestInfragistics" storage="d:\actions-runner\_work\xpco\xpco\common\sharedtimeprofile\videoos.common.sharedtimeprofile.unittests\bin\debug\net472\videoos.common.sharedtimeprofile.unittests.dll" id="2bd6eedf-d0bc-f89a-867a-37532ba8eaf2">
      <Execution id="5853b56e-5a3e-495a-9d29-82b05f9c8af7" />
      <TestMethod codeBase="D:\actions-runner\_work\XPCO\XPCO\Common\SharedTimeProfile\VideoOS.Common.SharedTimeProfile.UnitTests\bin\Debug\net472\VideoOS.Common.SharedTimeProfile.UnitTests.dll" adapterTypeName="executor://mstestadapter/v2" className="VideoOS.Common.SharedTimeProfile.UnitTests.TimeProfileEvaluatorTest" name="TimeProfileEvaluatorConstructorTestInfragistics" />
    </UnitTest>
    <UnitTest name="GetAppointmentsAllDayInfragisticVersionTest" storage="d:\actions-runner\_work\xpco\xpco\common\sharedtimeprofile\videoos.common.sharedtimeprofile.unittests\bin\debug\net472\videoos.common.sharedtimeprofile.unittests.dll" id="a7bf3bb4-2759-f65f-569c-4902540760f3">
      <Execution id="f7813528-495b-44fc-a2a8-cc0e9a33b3b3" />
      <TestMethod codeBase="D:\actions-runner\_work\XPCO\XPCO\Common\SharedTimeProfile\VideoOS.Common.SharedTimeProfile.UnitTests\bin\Debug\net472\VideoOS.Common.SharedTimeProfile.UnitTests.dll" adapterTypeName="executor://mstestadapter/v2" className="VideoOS.Common.SharedTimeProfile.UnitTests.TimeProfileInfragisticEvaluatorTest" name="GetAppointmentsAllDayInfragisticVersionTest" />
    </UnitTest>
    <UnitTest name="ValidateTestOK" storage="d:\actions-runner\_work\xpco\xpco\common\sharedtimeprofile\videoos.common.sharedtimeprofile.unittests\bin\debug\net472\videoos.common.sharedtimeprofile.unittests.dll" id="6b094bb6-fd1f-f10d-e9e4-f450d41c07a9">
      <Execution id="56e6feaa-8039-4255-a9ce-f2581bf5f22a" />
      <TestMethod codeBase="D:\actions-runner\_work\XPCO\XPCO\Common\SharedTimeProfile\VideoOS.Common.SharedTimeProfile.UnitTests\bin\Debug\net472\VideoOS.Common.SharedTimeProfile.UnitTests.dll" adapterTypeName="executor://mstestadapter/v2" className="VideoOS.Common.SharedTimeProfile.UnitTests.GPSCoordinateTest" name="ValidateTestOK" />
    </UnitTest>
    <UnitTest name="GetAppointmentDurationTestSunClockCopenhagen2Appointments" storage="d:\actions-runner\_work\xpco\xpco\common\sharedtimeprofile\videoos.common.sharedtimeprofile.unittests\bin\debug\net472\videoos.common.sharedtimeprofile.unittests.dll" id="d4d97fdb-f415-b068-d142-fdd4a28855e5">
      <Execution id="afa6e27b-2e33-4a39-a20f-54d0e978b3c4" />
      <TestMethod codeBase="D:\actions-runner\_work\XPCO\XPCO\Common\SharedTimeProfile\VideoOS.Common.SharedTimeProfile.UnitTests\bin\Debug\net472\VideoOS.Common.SharedTimeProfile.UnitTests.dll" adapterTypeName="executor://mstestadapter/v2" className="VideoOS.Common.SharedTimeProfile.UnitTests.TimeProfileEvaluatorTest" name="GetAppointmentDurationTestSunClockCopenhagen2Appointments" />
    </UnitTest>
    <UnitTest name="TimeProfileSunClockDefinitionConstructorGPSCoordinateNullTest" storage="d:\actions-runner\_work\xpco\xpco\common\sharedtimeprofile\videoos.common.sharedtimeprofile.unittests\bin\debug\net472\videoos.common.sharedtimeprofile.unittests.dll" id="fb6bb36f-6f6d-2bda-9016-13c690482555">
      <Execution id="aefd5b8d-8458-433e-9ee9-61f0379555fa" />
      <TestMethod codeBase="D:\actions-runner\_work\XPCO\XPCO\Common\SharedTimeProfile\VideoOS.Common.SharedTimeProfile.UnitTests\bin\Debug\net472\VideoOS.Common.SharedTimeProfile.UnitTests.dll" adapterTypeName="executor://mstestadapter/v2" className="VideoOS.Common.SharedTimeProfile.UnitTests.TimeProfileSunClockDefinitionTest" name="TimeProfileSunClockDefinitionConstructorGPSCoordinateNullTest" />
    </UnitTest>
    <UnitTest name="EvaluateTimeTestInfragisticsSummerTime" storage="d:\actions-runner\_work\xpco\xpco\common\sharedtimeprofile\videoos.common.sharedtimeprofile.unittests\bin\debug\net472\videoos.common.sharedtimeprofile.unittests.dll" id="0df77070-eb48-1fb9-d310-76e29c4eb923">
      <Execution id="c798931e-eed8-4a6c-b9c3-c2c7b23c084f" />
      <TestMethod codeBase="D:\actions-runner\_work\XPCO\XPCO\Common\SharedTimeProfile\VideoOS.Common.SharedTimeProfile.UnitTests\bin\Debug\net472\VideoOS.Common.SharedTimeProfile.UnitTests.dll" adapterTypeName="executor://mstestadapter/v2" className="VideoOS.Common.SharedTimeProfile.UnitTests.TimeProfileEvaluatorTest" name="EvaluateTimeTestInfragisticsSummerTime" />
    </UnitTest>
    <UnitTest name="TimeProfileInfragisticEvaluator63Constructor2Test" storage="d:\actions-runner\_work\xpco\xpco\common\sharedtimeprofile\videoos.common.sharedtimeprofile.unittests\bin\debug\net472\videoos.common.sharedtimeprofile.unittests.dll" id="b29bda3c-315d-106d-2f5d-87d2a3f66b81">
      <Execution id="3f5166ce-6664-403c-9654-aeae9c418063" />
      <TestMethod codeBase="D:\actions-runner\_work\XPCO\XPCO\Common\SharedTimeProfile\VideoOS.Common.SharedTimeProfile.UnitTests\bin\Debug\net472\VideoOS.Common.SharedTimeProfile.UnitTests.dll" adapterTypeName="executor://mstestadapter/v2" className="VideoOS.Common.SharedTimeProfile.UnitTests.TimeProfileInfragisticEvaluatorTest" name="TimeProfileInfragisticEvaluator63Constructor2Test" />
    </UnitTest>
    <UnitTest name="GetDailyAppointmentsTest" storage="d:\actions-runner\_work\xpco\xpco\common\sharedtimeprofile\videoos.common.sharedtimeprofile.unittests\bin\debug\net472\videoos.common.sharedtimeprofile.unittests.dll" id="1bb0a715-d33b-a179-b3d0-3bb5781bd085">
      <Execution id="133ecfe5-0f66-4dd1-a333-d6f7516943b2" />
      <TestMethod codeBase="D:\actions-runner\_work\XPCO\XPCO\Common\SharedTimeProfile\VideoOS.Common.SharedTimeProfile.UnitTests\bin\Debug\net472\VideoOS.Common.SharedTimeProfile.UnitTests.dll" adapterTypeName="executor://mstestadapter/v2" className="VideoOS.Common.SharedTimeProfile.UnitTests.TimeProfileEvaluatorTest" name="GetDailyAppointmentsTest" />
    </UnitTest>
    <UnitTest name="TimeZoneTest" storage="d:\actions-runner\_work\xpco\xpco\common\sharedtimeprofile\videoos.common.sharedtimeprofile.unittests\bin\debug\net472\videoos.common.sharedtimeprofile.unittests.dll" id="3c411a61-33b4-93ae-33be-209d2d762053">
      <Execution id="05cc2626-784e-42c7-87b8-99197338873c" />
      <TestMethod codeBase="D:\actions-runner\_work\XPCO\XPCO\Common\SharedTimeProfile\VideoOS.Common.SharedTimeProfile.UnitTests\bin\Debug\net472\VideoOS.Common.SharedTimeProfile.UnitTests.dll" adapterTypeName="executor://mstestadapter/v2" className="VideoOS.Common.SharedTimeProfile.UnitTests.TimeProfileSunClockDefinitionTest" name="TimeZoneTest" />
    </UnitTest>
    <UnitTest name="GetAppointmentsTestNearAntarctica19JanLocalTimeZone" storage="d:\actions-runner\_work\xpco\xpco\common\sharedtimeprofile\videoos.common.sharedtimeprofile.unittests\bin\debug\net472\videoos.common.sharedtimeprofile.unittests.dll" id="70c3ccbb-c759-4b14-1c6a-53ff6378feae">
      <Execution id="44d85d45-1d53-4696-abf4-27cf273cd121" />
      <TestMethod codeBase="D:\actions-runner\_work\XPCO\XPCO\Common\SharedTimeProfile\VideoOS.Common.SharedTimeProfile.UnitTests\bin\Debug\net472\VideoOS.Common.SharedTimeProfile.UnitTests.dll" adapterTypeName="executor://mstestadapter/v2" className="VideoOS.Common.SharedTimeProfile.UnitTests.TimeProfileSunClockEvaluatorTest" name="GetAppointmentsTestNearAntarctica19JanLocalTimeZone" />
    </UnitTest>
    <UnitTest name="CalculateSunriseSunsetWilliamTestSanJuan21DecSunset" storage="d:\actions-runner\_work\xpco\xpco\common\sharedtimeprofile\videoos.common.sharedtimeprofile.unittests\bin\debug\net472\videoos.common.sharedtimeprofile.unittests.dll" id="cd734608-0635-4e86-7527-f105e201066f">
      <Execution id="67c2f954-7480-468c-82cb-b23fa2f0fd5f" />
      <TestMethod codeBase="D:\actions-runner\_work\XPCO\XPCO\Common\SharedTimeProfile\VideoOS.Common.SharedTimeProfile.UnitTests\bin\Debug\net472\VideoOS.Common.SharedTimeProfile.UnitTests.dll" adapterTypeName="executor://mstestadapter/v2" className="VideoOS.Common.SharedTimeProfile.UnitTests.TimeProfileSunClockEvaluatorTest" name="CalculateSunriseSunsetWilliamTestSanJuan21DecSunset" />
    </UnitTest>
    <UnitTest name="ConvertGpsValueTestShouldBeInteger1" storage="d:\actions-runner\_work\xpco\xpco\common\sharedtimeprofile\videoos.common.sharedtimeprofile.unittests\bin\debug\net472\videoos.common.sharedtimeprofile.unittests.dll" id="d38fa24b-9125-be98-c13d-3aa8a2700fbd">
      <Execution id="c9ebc314-26e2-472f-80e5-30d22e798a11" />
      <TestMethod codeBase="D:\actions-runner\_work\XPCO\XPCO\Common\SharedTimeProfile\VideoOS.Common.SharedTimeProfile.UnitTests\bin\Debug\net472\VideoOS.Common.SharedTimeProfile.UnitTests.dll" adapterTypeName="executor://mstestadapter/v2" className="VideoOS.Common.SharedTimeProfile.UnitTests.GPSCoordinateTest" name="ConvertGpsValueTestShouldBeInteger1" />
    </UnitTest>
    <UnitTest name="GPSCoordinateTest" storage="d:\actions-runner\_work\xpco\xpco\common\sharedtimeprofile\videoos.common.sharedtimeprofile.unittests\bin\debug\net472\videoos.common.sharedtimeprofile.unittests.dll" id="0c256f61-f1b8-775c-d63d-f2a356137376">
      <Execution id="82d7cfaf-54b0-4a3f-9d12-1826347e6eaa" />
      <TestMethod codeBase="D:\actions-runner\_work\XPCO\XPCO\Common\SharedTimeProfile\VideoOS.Common.SharedTimeProfile.UnitTests\bin\Debug\net472\VideoOS.Common.SharedTimeProfile.UnitTests.dll" adapterTypeName="executor://mstestadapter/v2" className="VideoOS.Common.SharedTimeProfile.UnitTests.TimeProfileSunClockDefinitionTest" name="GPSCoordinateTest" />
    </UnitTest>
    <UnitTest name="GpsParserTestTooFewBlocks" storage="d:\actions-runner\_work\xpco\xpco\common\sharedtimeprofile\videoos.common.sharedtimeprofile.unittests\bin\debug\net472\videoos.common.sharedtimeprofile.unittests.dll" id="bc9f04c2-04ce-c3bb-3a05-f2c7d849224a">
      <Execution id="1958de6b-41e1-4075-bcfd-a72b11d23ca1" />
      <TestMethod codeBase="D:\actions-runner\_work\XPCO\XPCO\Common\SharedTimeProfile\VideoOS.Common.SharedTimeProfile.UnitTests\bin\Debug\net472\VideoOS.Common.SharedTimeProfile.UnitTests.dll" adapterTypeName="executor://mstestadapter/v2" className="VideoOS.Common.SharedTimeProfile.UnitTests.GPSCoordinateTest" name="GpsParserTestTooFewBlocks" />
    </UnitTest>
    <UnitTest name="TimeProfileInfragisticEvaluator102Constructor7Test" storage="d:\actions-runner\_work\xpco\xpco\common\sharedtimeprofile\videoos.common.sharedtimeprofile.unittests\bin\debug\net472\videoos.common.sharedtimeprofile.unittests.dll" id="b6a7718e-5a89-e83c-369d-a901c09ee2f9">
      <Execution id="97d89bbf-3474-463c-995f-1dc2cc3a95b6" />
      <TestMethod codeBase="D:\actions-runner\_work\XPCO\XPCO\Common\SharedTimeProfile\VideoOS.Common.SharedTimeProfile.UnitTests\bin\Debug\net472\VideoOS.Common.SharedTimeProfile.UnitTests.dll" adapterTypeName="executor://mstestadapter/v2" className="VideoOS.Common.SharedTimeProfile.UnitTests.TimeProfileInfragisticEvaluatorTest" name="TimeProfileInfragisticEvaluator102Constructor7Test" />
    </UnitTest>
    <UnitTest name="TimeProfileInfragisticEvaluator63Constructor13Test" storage="d:\actions-runner\_work\xpco\xpco\common\sharedtimeprofile\videoos.common.sharedtimeprofile.unittests\bin\debug\net472\videoos.common.sharedtimeprofile.unittests.dll" id="21969593-9ffe-beb3-4f6a-cf45e3f6ac14">
      <Execution id="34f05319-3589-4e9e-bce9-b64133e311af" />
      <TestMethod codeBase="D:\actions-runner\_work\XPCO\XPCO\Common\SharedTimeProfile\VideoOS.Common.SharedTimeProfile.UnitTests\bin\Debug\net472\VideoOS.Common.SharedTimeProfile.UnitTests.dll" adapterTypeName="executor://mstestadapter/v2" className="VideoOS.Common.SharedTimeProfile.UnitTests.TimeProfileInfragisticEvaluatorTest" name="TimeProfileInfragisticEvaluator63Constructor13Test" />
    </UnitTest>
    <UnitTest name="TimeProfileInfragisticEvaluator63Constructor16Test" storage="d:\actions-runner\_work\xpco\xpco\common\sharedtimeprofile\videoos.common.sharedtimeprofile.unittests\bin\debug\net472\videoos.common.sharedtimeprofile.unittests.dll" id="c9809da6-9cc2-1d5d-9877-4b850b3d75bd">
      <Execution id="29a6dd3d-d69a-43b3-b770-6f2d44123df6" />
      <TestMethod codeBase="D:\actions-runner\_work\XPCO\XPCO\Common\SharedTimeProfile\VideoOS.Common.SharedTimeProfile.UnitTests\bin\Debug\net472\VideoOS.Common.SharedTimeProfile.UnitTests.dll" adapterTypeName="executor://mstestadapter/v2" className="VideoOS.Common.SharedTimeProfile.UnitTests.TimeProfileInfragisticEvaluatorTest" name="TimeProfileInfragisticEvaluator63Constructor16Test" />
    </UnitTest>
    <UnitTest name="GetAppointmentDurationTestSunClockCopenhagen1Appointment" storage="d:\actions-runner\_work\xpco\xpco\common\sharedtimeprofile\videoos.common.sharedtimeprofile.unittests\bin\debug\net472\videoos.common.sharedtimeprofile.unittests.dll" id="1a52c722-6487-4957-0929-e6c34cd7a591">
      <Execution id="6409f42d-712c-4600-95c1-7df0a1575d8c" />
      <TestMethod codeBase="D:\actions-runner\_work\XPCO\XPCO\Common\SharedTimeProfile\VideoOS.Common.SharedTimeProfile.UnitTests\bin\Debug\net472\VideoOS.Common.SharedTimeProfile.UnitTests.dll" adapterTypeName="executor://mstestadapter/v2" className="VideoOS.Common.SharedTimeProfile.UnitTests.TimeProfileEvaluatorTest" name="GetAppointmentDurationTestSunClockCopenhagen1Appointment" />
    </UnitTest>
    <UnitTest name="GpsParserTestInvalidDirectionIn4Block" storage="d:\actions-runner\_work\xpco\xpco\common\sharedtimeprofile\videoos.common.sharedtimeprofile.unittests\bin\debug\net472\videoos.common.sharedtimeprofile.unittests.dll" id="a0ee2ea9-2a17-f5f6-c934-29057f3b851f">
      <Execution id="3fa84d4c-387c-4e36-b9db-6b8fd29e3f59" />
      <TestMethod codeBase="D:\actions-runner\_work\XPCO\XPCO\Common\SharedTimeProfile\VideoOS.Common.SharedTimeProfile.UnitTests\bin\Debug\net472\VideoOS.Common.SharedTimeProfile.UnitTests.dll" adapterTypeName="executor://mstestadapter/v2" className="VideoOS.Common.SharedTimeProfile.UnitTests.GPSCoordinateTest" name="GpsParserTestInvalidDirectionIn4Block" />
    </UnitTest>
    <UnitTest name="TimeProfileSunClockEvaluatorConstructorTestObject" storage="d:\actions-runner\_work\xpco\xpco\common\sharedtimeprofile\videoos.common.sharedtimeprofile.unittests\bin\debug\net472\videoos.common.sharedtimeprofile.unittests.dll" id="5761ca89-84aa-bb06-cddd-6e16dec51b6c">
      <Execution id="2cd5d9d2-7e36-45fd-b83f-8a82bfed274a" />
      <TestMethod codeBase="D:\actions-runner\_work\XPCO\XPCO\Common\SharedTimeProfile\VideoOS.Common.SharedTimeProfile.UnitTests\bin\Debug\net472\VideoOS.Common.SharedTimeProfile.UnitTests.dll" adapterTypeName="executor://mstestadapter/v2" className="VideoOS.Common.SharedTimeProfile.UnitTests.TimeProfileSunClockEvaluatorTest" name="TimeProfileSunClockEvaluatorConstructorTestObject" />
    </UnitTest>
    <UnitTest name="ConvertGpsValueTestInvalidDoubleString2" storage="d:\actions-runner\_work\xpco\xpco\common\sharedtimeprofile\videoos.common.sharedtimeprofile.unittests\bin\debug\net472\videoos.common.sharedtimeprofile.unittests.dll" id="85f418b3-c6e9-c388-63a8-bba89426e870">
      <Execution id="cfd38ca1-f21e-454b-b5bd-7fc4865329fa" />
      <TestMethod codeBase="D:\actions-runner\_work\XPCO\XPCO\Common\SharedTimeProfile\VideoOS.Common.SharedTimeProfile.UnitTests\bin\Debug\net472\VideoOS.Common.SharedTimeProfile.UnitTests.dll" adapterTypeName="executor://mstestadapter/v2" className="VideoOS.Common.SharedTimeProfile.UnitTests.GPSCoordinateTest" name="ConvertGpsValueTestInvalidDoubleString2" />
    </UnitTest>
    <UnitTest name="EvaluateTimeProfileTest" storage="d:\actions-runner\_work\xpco\xpco\common\sharedtimeprofile\videoos.common.sharedtimeprofile.unittests\bin\debug\net472\videoos.common.sharedtimeprofile.unittests.dll" id="2da9ebd0-e4cf-c378-d860-ca6fce015de8">
      <Execution id="39dda14c-2672-4b32-acc4-ac1a5007d217" />
      <TestMethod codeBase="D:\actions-runner\_work\XPCO\XPCO\Common\SharedTimeProfile\VideoOS.Common.SharedTimeProfile.UnitTests\bin\Debug\net472\VideoOS.Common.SharedTimeProfile.UnitTests.dll" adapterTypeName="executor://mstestadapter/v2" className="VideoOS.Common.SharedTimeProfile.UnitTests.TimeProfileManagerTest" name="EvaluateTimeProfileTest" />
    </UnitTest>
    <UnitTest name="TimeProfileInfragisticEvaluator102Constructor14Test" storage="d:\actions-runner\_work\xpco\xpco\common\sharedtimeprofile\videoos.common.sharedtimeprofile.unittests\bin\debug\net472\videoos.common.sharedtimeprofile.unittests.dll" id="a35f4d4b-faca-8b86-2699-fa54e883307b">
      <Execution id="b70ca731-47a0-464f-b517-5bffc8c8cf9c" />
      <TestMethod codeBase="D:\actions-runner\_work\XPCO\XPCO\Common\SharedTimeProfile\VideoOS.Common.SharedTimeProfile.UnitTests\bin\Debug\net472\VideoOS.Common.SharedTimeProfile.UnitTests.dll" adapterTypeName="executor://mstestadapter/v2" className="VideoOS.Common.SharedTimeProfile.UnitTests.TimeProfileInfragisticEvaluatorTest" name="TimeProfileInfragisticEvaluator102Constructor14Test" />
    </UnitTest>
    <UnitTest name="FromXmlInvalidXmlNoArgumentOutOfRangeSunSetTest" storage="d:\actions-runner\_work\xpco\xpco\common\sharedtimeprofile\videoos.common.sharedtimeprofile.unittests\bin\debug\net472\videoos.common.sharedtimeprofile.unittests.dll" id="cb167698-fed7-d39d-c67d-d95c11ed94cb">
      <Execution id="703cfd02-4a5c-4dc5-9976-57e307d86cf9" />
      <TestMethod codeBase="D:\actions-runner\_work\XPCO\XPCO\Common\SharedTimeProfile\VideoOS.Common.SharedTimeProfile.UnitTests\bin\Debug\net472\VideoOS.Common.SharedTimeProfile.UnitTests.dll" adapterTypeName="executor://mstestadapter/v2" className="VideoOS.Common.SharedTimeProfile.UnitTests.TimeProfileSunClockDefinitionTest" name="FromXmlInvalidXmlNoArgumentOutOfRangeSunSetTest" />
    </UnitTest>
    <UnitTest name="CalculateSunriseSunsetWilliamTestKiruna20MarchSunset" storage="d:\actions-runner\_work\xpco\xpco\common\sharedtimeprofile\videoos.common.sharedtimeprofile.unittests\bin\debug\net472\videoos.common.sharedtimeprofile.unittests.dll" id="6225bec6-d690-2c9c-7fcb-e2ee829cce19">
      <Execution id="bffcf6ba-378d-4076-9709-d2d79eb4602c" />
      <TestMethod codeBase="D:\actions-runner\_work\XPCO\XPCO\Common\SharedTimeProfile\VideoOS.Common.SharedTimeProfile.UnitTests\bin\Debug\net472\VideoOS.Common.SharedTimeProfile.UnitTests.dll" adapterTypeName="executor://mstestadapter/v2" className="VideoOS.Common.SharedTimeProfile.UnitTests.TimeProfileSunClockEvaluatorTest" name="CalculateSunriseSunsetWilliamTestKiruna20MarchSunset" />
    </UnitTest>
    <UnitTest name="CalculateSunriseSunsetWilliamTestAntarctica21DecSunrise" storage="d:\actions-runner\_work\xpco\xpco\common\sharedtimeprofile\videoos.common.sharedtimeprofile.unittests\bin\debug\net472\videoos.common.sharedtimeprofile.unittests.dll" id="0b48ed2b-f793-05a4-4109-bbfd8365c8b2">
      <Execution id="92852d53-9c8c-44be-9e2d-1cf0cf6dd81e" />
      <TestMethod codeBase="D:\actions-runner\_work\XPCO\XPCO\Common\SharedTimeProfile\VideoOS.Common.SharedTimeProfile.UnitTests\bin\Debug\net472\VideoOS.Common.SharedTimeProfile.UnitTests.dll" adapterTypeName="executor://mstestadapter/v2" className="VideoOS.Common.SharedTimeProfile.UnitTests.TimeProfileSunClockEvaluatorTest" name="CalculateSunriseSunsetWilliamTestAntarctica21DecSunrise" />
    </UnitTest>
    <UnitTest name="ConvertGpsValueTestInvalidLength" storage="d:\actions-runner\_work\xpco\xpco\common\sharedtimeprofile\videoos.common.sharedtimeprofile.unittests\bin\debug\net472\videoos.common.sharedtimeprofile.unittests.dll" id="b9bedf79-67c0-f448-5ccf-98d7fd2fe9e6">
      <Execution id="52105649-2a58-4a5e-8c83-d348b8c62432" />
      <TestMethod codeBase="D:\actions-runner\_work\XPCO\XPCO\Common\SharedTimeProfile\VideoOS.Common.SharedTimeProfile.UnitTests\bin\Debug\net472\VideoOS.Common.SharedTimeProfile.UnitTests.dll" adapterTypeName="executor://mstestadapter/v2" className="VideoOS.Common.SharedTimeProfile.UnitTests.GPSCoordinateTest" name="ConvertGpsValueTestInvalidLength" />
    </UnitTest>
    <UnitTest name="GetAppointmentsTestSummerTime2" storage="d:\actions-runner\_work\xpco\xpco\common\sharedtimeprofile\videoos.common.sharedtimeprofile.unittests\bin\debug\net472\videoos.common.sharedtimeprofile.unittests.dll" id="13985aff-55b6-8f4d-0d3b-72faff5c5024">
      <Execution id="d333620f-bbf1-446e-8dbd-8ed7c71cc6ab" />
      <TestMethod codeBase="D:\actions-runner\_work\XPCO\XPCO\Common\SharedTimeProfile\VideoOS.Common.SharedTimeProfile.UnitTests\bin\Debug\net472\VideoOS.Common.SharedTimeProfile.UnitTests.dll" adapterTypeName="executor://mstestadapter/v2" className="VideoOS.Common.SharedTimeProfile.UnitTests.TimeProfileSunClockEvaluatorTest" name="GetAppointmentsTestSummerTime2" />
    </UnitTest>
    <UnitTest name="ToXmlTest" storage="d:\actions-runner\_work\xpco\xpco\common\sharedtimeprofile\videoos.common.sharedtimeprofile.unittests\bin\debug\net472\videoos.common.sharedtimeprofile.unittests.dll" id="4406742a-9151-cbb8-451e-b53e2c726cbf">
      <Execution id="da742843-f910-4710-a80a-377057c3b2c1" />
      <TestMethod codeBase="D:\actions-runner\_work\XPCO\XPCO\Common\SharedTimeProfile\VideoOS.Common.SharedTimeProfile.UnitTests\bin\Debug\net472\VideoOS.Common.SharedTimeProfile.UnitTests.dll" adapterTypeName="executor://mstestadapter/v2" className="VideoOS.Common.SharedTimeProfile.UnitTests.TimeProfileSunClockDefinitionTest" name="ToXmlTest" />
    </UnitTest>
    <UnitTest name="GPSCoordinateArgumentNullTest" storage="d:\actions-runner\_work\xpco\xpco\common\sharedtimeprofile\videoos.common.sharedtimeprofile.unittests\bin\debug\net472\videoos.common.sharedtimeprofile.unittests.dll" id="03a85004-db8f-0f35-8ccd-178f7b803f9a">
      <Execution id="341abff5-83b5-4604-82e6-f0883dcf1fe9" />
      <TestMethod codeBase="D:\actions-runner\_work\XPCO\XPCO\Common\SharedTimeProfile\VideoOS.Common.SharedTimeProfile.UnitTests\bin\Debug\net472\VideoOS.Common.SharedTimeProfile.UnitTests.dll" adapterTypeName="executor://mstestadapter/v2" className="VideoOS.Common.SharedTimeProfile.UnitTests.TimeProfileSunClockDefinitionTest" name="GPSCoordinateArgumentNullTest" />
    </UnitTest>
    <UnitTest name="AddTimeProfileTestInvalidTimeProfile" storage="d:\actions-runner\_work\xpco\xpco\common\sharedtimeprofile\videoos.common.sharedtimeprofile.unittests\bin\debug\net472\videoos.common.sharedtimeprofile.unittests.dll" id="50c7bee4-db27-6231-09a9-fcf9072f57e5">
      <Execution id="2caf6788-7a7b-4b59-bf0a-a3a139df9123" />
      <TestMethod codeBase="D:\actions-runner\_work\XPCO\XPCO\Common\SharedTimeProfile\VideoOS.Common.SharedTimeProfile.UnitTests\bin\Debug\net472\VideoOS.Common.SharedTimeProfile.UnitTests.dll" adapterTypeName="executor://mstestadapter/v2" className="VideoOS.Common.SharedTimeProfile.UnitTests.TimeProfileManagerTest" name="AddTimeProfileTestInvalidTimeProfile" />
    </UnitTest>
    <UnitTest name="TimeProfileInfragisticEvaluator102Constructor18Test" storage="d:\actions-runner\_work\xpco\xpco\common\sharedtimeprofile\videoos.common.sharedtimeprofile.unittests\bin\debug\net472\videoos.common.sharedtimeprofile.unittests.dll" id="c1a80d40-b0de-ec1a-b835-73695d648b71">
      <Execution id="396e6200-ae3a-4e82-8383-16f30f22b66a" />
      <TestMethod codeBase="D:\actions-runner\_work\XPCO\XPCO\Common\SharedTimeProfile\VideoOS.Common.SharedTimeProfile.UnitTests\bin\Debug\net472\VideoOS.Common.SharedTimeProfile.UnitTests.dll" adapterTypeName="executor://mstestadapter/v2" className="VideoOS.Common.SharedTimeProfile.UnitTests.TimeProfileInfragisticEvaluatorTest" name="TimeProfileInfragisticEvaluator102Constructor18Test" />
    </UnitTest>
    <UnitTest name="TimeProfileInfragisticEvaluator63Constructor7Test" storage="d:\actions-runner\_work\xpco\xpco\common\sharedtimeprofile\videoos.common.sharedtimeprofile.unittests\bin\debug\net472\videoos.common.sharedtimeprofile.unittests.dll" id="2ca074f9-6723-c9e2-8d72-74883108484b">
      <Execution id="176487a8-0080-489e-97b2-39dc5da09a8e" />
      <TestMethod codeBase="D:\actions-runner\_work\XPCO\XPCO\Common\SharedTimeProfile\VideoOS.Common.SharedTimeProfile.UnitTests\bin\Debug\net472\VideoOS.Common.SharedTimeProfile.UnitTests.dll" adapterTypeName="executor://mstestadapter/v2" className="VideoOS.Common.SharedTimeProfile.UnitTests.TimeProfileInfragisticEvaluatorTest" name="TimeProfileInfragisticEvaluator63Constructor7Test" />
    </UnitTest>
    <UnitTest name="TimeProfileInfragisticEvaluator102Constructor10Test" storage="d:\actions-runner\_work\xpco\xpco\common\sharedtimeprofile\videoos.common.sharedtimeprofile.unittests\bin\debug\net472\videoos.common.sharedtimeprofile.unittests.dll" id="b564dd73-5389-f65a-16c5-1a9a85212e8d">
      <Execution id="0bc066cf-06f0-4069-9eea-a262263eeceb" />
      <TestMethod codeBase="D:\actions-runner\_work\XPCO\XPCO\Common\SharedTimeProfile\VideoOS.Common.SharedTimeProfile.UnitTests\bin\Debug\net472\VideoOS.Common.SharedTimeProfile.UnitTests.dll" adapterTypeName="executor://mstestadapter/v2" className="VideoOS.Common.SharedTimeProfile.UnitTests.TimeProfileInfragisticEvaluatorTest" name="TimeProfileInfragisticEvaluator102Constructor10Test" />
    </UnitTest>
    <UnitTest name="GpsParserTestMissingBlockSeparator" storage="d:\actions-runner\_work\xpco\xpco\common\sharedtimeprofile\videoos.common.sharedtimeprofile.unittests\bin\debug\net472\videoos.common.sharedtimeprofile.unittests.dll" id="c3f48089-be82-548e-c95e-1862efaa0dbc">
      <Execution id="a64d61e5-4cbb-41d1-bec0-264cd5886866" />
      <TestMethod codeBase="D:\actions-runner\_work\XPCO\XPCO\Common\SharedTimeProfile\VideoOS.Common.SharedTimeProfile.UnitTests\bin\Debug\net472\VideoOS.Common.SharedTimeProfile.UnitTests.dll" adapterTypeName="executor://mstestadapter/v2" className="VideoOS.Common.SharedTimeProfile.UnitTests.GPSCoordinateTest" name="GpsParserTestMissingBlockSeparator" />
    </UnitTest>
    <UnitTest name="CalculateSunriseSunsetWilliamTestAntarctica21DecSunset" storage="d:\actions-runner\_work\xpco\xpco\common\sharedtimeprofile\videoos.common.sharedtimeprofile.unittests\bin\debug\net472\videoos.common.sharedtimeprofile.unittests.dll" id="1bfd8303-eaf8-80f1-39ff-f2fa502aba81">
      <Execution id="b7c7a70f-5196-463b-80a8-7b9fe546a014" />
      <TestMethod codeBase="D:\actions-runner\_work\XPCO\XPCO\Common\SharedTimeProfile\VideoOS.Common.SharedTimeProfile.UnitTests\bin\Debug\net472\VideoOS.Common.SharedTimeProfile.UnitTests.dll" adapterTypeName="executor://mstestadapter/v2" className="VideoOS.Common.SharedTimeProfile.UnitTests.TimeProfileSunClockEvaluatorTest" name="CalculateSunriseSunsetWilliamTestAntarctica21DecSunset" />
    </UnitTest>
    <UnitTest name="CalculateSunriseSunsetWilliamTestSydney21DecSunset" storage="d:\actions-runner\_work\xpco\xpco\common\sharedtimeprofile\videoos.common.sharedtimeprofile.unittests\bin\debug\net472\videoos.common.sharedtimeprofile.unittests.dll" id="6d55a2cf-850d-85a5-c5c7-b75b0e61394e">
      <Execution id="b286c7a3-5929-47f0-970b-87a363e80d5a" />
      <TestMethod codeBase="D:\actions-runner\_work\XPCO\XPCO\Common\SharedTimeProfile\VideoOS.Common.SharedTimeProfile.UnitTests\bin\Debug\net472\VideoOS.Common.SharedTimeProfile.UnitTests.dll" adapterTypeName="executor://mstestadapter/v2" className="VideoOS.Common.SharedTimeProfile.UnitTests.TimeProfileSunClockEvaluatorTest" name="CalculateSunriseSunsetWilliamTestSydney21DecSunset" />
    </UnitTest>
    <UnitTest name="GpsParserTestTooManySpacesBetweenWestAndValue" storage="d:\actions-runner\_work\xpco\xpco\common\sharedtimeprofile\videoos.common.sharedtimeprofile.unittests\bin\debug\net472\videoos.common.sharedtimeprofile.unittests.dll" id="a7199a4f-9192-d607-18fe-542c204f5e23">
      <Execution id="924e2963-0c42-49fd-b56c-38044a9ab339" />
      <TestMethod codeBase="D:\actions-runner\_work\XPCO\XPCO\Common\SharedTimeProfile\VideoOS.Common.SharedTimeProfile.UnitTests\bin\Debug\net472\VideoOS.Common.SharedTimeProfile.UnitTests.dll" adapterTypeName="executor://mstestadapter/v2" className="VideoOS.Common.SharedTimeProfile.UnitTests.GPSCoordinateTest" name="GpsParserTestTooManySpacesBetweenWestAndValue" />
    </UnitTest>
    <UnitTest name="TimeProfileSunClockDefinitionConstructor1Test" storage="d:\actions-runner\_work\xpco\xpco\common\sharedtimeprofile\videoos.common.sharedtimeprofile.unittests\bin\debug\net472\videoos.common.sharedtimeprofile.unittests.dll" id="c2e323ce-b9ad-50ae-fcf3-bd0b2681e395">
      <Execution id="564b1a84-a84f-48a9-9550-1afc8edf1416" />
      <TestMethod codeBase="D:\actions-runner\_work\XPCO\XPCO\Common\SharedTimeProfile\VideoOS.Common.SharedTimeProfile.UnitTests\bin\Debug\net472\VideoOS.Common.SharedTimeProfile.UnitTests.dll" adapterTypeName="executor://mstestadapter/v2" className="VideoOS.Common.SharedTimeProfile.UnitTests.TimeProfileSunClockDefinitionTest" name="TimeProfileSunClockDefinitionConstructor1Test" />
    </UnitTest>
    <UnitTest name="TimeProfileInfragisticEvaluator63Constructor8Test" storage="d:\actions-runner\_work\xpco\xpco\common\sharedtimeprofile\videoos.common.sharedtimeprofile.unittests\bin\debug\net472\videoos.common.sharedtimeprofile.unittests.dll" id="722b90e6-5ac2-dc2d-d473-517e59080932">
      <Execution id="323b619a-a469-4838-930b-0b011e1ba58b" />
      <TestMethod codeBase="D:\actions-runner\_work\XPCO\XPCO\Common\SharedTimeProfile\VideoOS.Common.SharedTimeProfile.UnitTests\bin\Debug\net472\VideoOS.Common.SharedTimeProfile.UnitTests.dll" adapterTypeName="executor://mstestadapter/v2" className="VideoOS.Common.SharedTimeProfile.UnitTests.TimeProfileInfragisticEvaluatorTest" name="TimeProfileInfragisticEvaluator63Constructor8Test" />
    </UnitTest>
    <UnitTest name="TimeProfileInfragisticEvaluator63Constructor18Test" storage="d:\actions-runner\_work\xpco\xpco\common\sharedtimeprofile\videoos.common.sharedtimeprofile.unittests\bin\debug\net472\videoos.common.sharedtimeprofile.unittests.dll" id="6d90192d-bb76-ef0a-f916-413ccd7854d4">
      <Execution id="f244a4ef-483b-46a4-8b73-d1b34189b285" />
      <TestMethod codeBase="D:\actions-runner\_work\XPCO\XPCO\Common\SharedTimeProfile\VideoOS.Common.SharedTimeProfile.UnitTests\bin\Debug\net472\VideoOS.Common.SharedTimeProfile.UnitTests.dll" adapterTypeName="executor://mstestadapter/v2" className="VideoOS.Common.SharedTimeProfile.UnitTests.TimeProfileInfragisticEvaluatorTest" name="TimeProfileInfragisticEvaluator63Constructor18Test" />
    </UnitTest>
    <UnitTest name="CalculateSunriseSunsetWilliamTestArctic21MarchSunrise" storage="d:\actions-runner\_work\xpco\xpco\common\sharedtimeprofile\videoos.common.sharedtimeprofile.unittests\bin\debug\net472\videoos.common.sharedtimeprofile.unittests.dll" id="4c479f6b-d258-c9ef-fce2-6dd825f7d730">
      <Execution id="a3fb3a20-0739-4e50-8680-da46ab13b9d2" />
      <TestMethod codeBase="D:\actions-runner\_work\XPCO\XPCO\Common\SharedTimeProfile\VideoOS.Common.SharedTimeProfile.UnitTests\bin\Debug\net472\VideoOS.Common.SharedTimeProfile.UnitTests.dll" adapterTypeName="executor://mstestadapter/v2" className="VideoOS.Common.SharedTimeProfile.UnitTests.TimeProfileSunClockEvaluatorTest" name="CalculateSunriseSunsetWilliamTestArctic21MarchSunrise" />
    </UnitTest>
    <UnitTest name="TimeProfileInfragisticEvaluator63Constructor5Test" storage="d:\actions-runner\_work\xpco\xpco\common\sharedtimeprofile\videoos.common.sharedtimeprofile.unittests\bin\debug\net472\videoos.common.sharedtimeprofile.unittests.dll" id="18e915a3-bb2f-cf9e-e5ea-b219763b026b">
      <Execution id="4757ee1e-ae47-4e70-b156-9e3afbb34072" />
      <TestMethod codeBase="D:\actions-runner\_work\XPCO\XPCO\Common\SharedTimeProfile\VideoOS.Common.SharedTimeProfile.UnitTests\bin\Debug\net472\VideoOS.Common.SharedTimeProfile.UnitTests.dll" adapterTypeName="executor://mstestadapter/v2" className="VideoOS.Common.SharedTimeProfile.UnitTests.TimeProfileInfragisticEvaluatorTest" name="TimeProfileInfragisticEvaluator63Constructor5Test" />
    </UnitTest>
    <UnitTest name="GPSCoordinateConstructorTest1InvalidLongitude" storage="d:\actions-runner\_work\xpco\xpco\common\sharedtimeprofile\videoos.common.sharedtimeprofile.unittests\bin\debug\net472\videoos.common.sharedtimeprofile.unittests.dll" id="6bba8317-dda2-5ac8-077a-bac57206850a">
      <Execution id="bc99fa9c-6c82-4da7-8a29-286c3e5a591a" />
      <TestMethod codeBase="D:\actions-runner\_work\XPCO\XPCO\Common\SharedTimeProfile\VideoOS.Common.SharedTimeProfile.UnitTests\bin\Debug\net472\VideoOS.Common.SharedTimeProfile.UnitTests.dll" adapterTypeName="executor://mstestadapter/v2" className="VideoOS.Common.SharedTimeProfile.UnitTests.GPSCoordinateTest" name="GPSCoordinateConstructorTest1InvalidLongitude" />
    </UnitTest>
    <UnitTest name="ConvertGpsValueTestShouldBeInteger2" storage="d:\actions-runner\_work\xpco\xpco\common\sharedtimeprofile\videoos.common.sharedtimeprofile.unittests\bin\debug\net472\videoos.common.sharedtimeprofile.unittests.dll" id="bacfdbdd-789a-51b9-c55f-193ddb519db4">
      <Execution id="0c81f6a7-4aac-493a-a821-dee12edfca03" />
      <TestMethod codeBase="D:\actions-runner\_work\XPCO\XPCO\Common\SharedTimeProfile\VideoOS.Common.SharedTimeProfile.UnitTests\bin\Debug\net472\VideoOS.Common.SharedTimeProfile.UnitTests.dll" adapterTypeName="executor://mstestadapter/v2" className="VideoOS.Common.SharedTimeProfile.UnitTests.GPSCoordinateTest" name="ConvertGpsValueTestShouldBeInteger2" />
    </UnitTest>
    <UnitTest name="GetAppointmentsSingleDifferentTimeZoneTest" storage="d:\actions-runner\_work\xpco\xpco\common\sharedtimeprofile\videoos.common.sharedtimeprofile.unittests\bin\debug\net472\videoos.common.sharedtimeprofile.unittests.dll" id="4338ce52-0830-0198-a576-283d437604a1">
      <Execution id="bcf7f2f4-91fe-4b03-bc97-be2f77a66acc" />
      <TestMethod codeBase="D:\actions-runner\_work\XPCO\XPCO\Common\SharedTimeProfile\VideoOS.Common.SharedTimeProfile.UnitTests\bin\Debug\net472\VideoOS.Common.SharedTimeProfile.UnitTests.dll" adapterTypeName="executor://mstestadapter/v2" className="VideoOS.Common.SharedTimeProfile.UnitTests.TimeProfileInfragisticEvaluatorTest" name="GetAppointmentsSingleDifferentTimeZoneTest" />
    </UnitTest>
    <UnitTest name="TimeProfileSunClockEvaluatorConstructorTestDefinition" storage="d:\actions-runner\_work\xpco\xpco\common\sharedtimeprofile\videoos.common.sharedtimeprofile.unittests\bin\debug\net472\videoos.common.sharedtimeprofile.unittests.dll" id="e4becce1-a999-1d7b-6d53-522ef1dd078b">
      <Execution id="7274dd6b-cda2-4235-9ef9-bead16b02e91" />
      <TestMethod codeBase="D:\actions-runner\_work\XPCO\XPCO\Common\SharedTimeProfile\VideoOS.Common.SharedTimeProfile.UnitTests\bin\Debug\net472\VideoOS.Common.SharedTimeProfile.UnitTests.dll" adapterTypeName="executor://mstestadapter/v2" className="VideoOS.Common.SharedTimeProfile.UnitTests.TimeProfileSunClockEvaluatorTest" name="TimeProfileSunClockEvaluatorConstructorTestDefinition" />
    </UnitTest>
    <UnitTest name="TimeProfileInfragisticEvaluator102Constructor13Test" storage="d:\actions-runner\_work\xpco\xpco\common\sharedtimeprofile\videoos.common.sharedtimeprofile.unittests\bin\debug\net472\videoos.common.sharedtimeprofile.unittests.dll" id="7474eaf9-4691-c724-7059-79bd4de0a7aa">
      <Execution id="41c09f92-5b87-4dd9-8c23-baadc89ef3de" />
      <TestMethod codeBase="D:\actions-runner\_work\XPCO\XPCO\Common\SharedTimeProfile\VideoOS.Common.SharedTimeProfile.UnitTests\bin\Debug\net472\VideoOS.Common.SharedTimeProfile.UnitTests.dll" adapterTypeName="executor://mstestadapter/v2" className="VideoOS.Common.SharedTimeProfile.UnitTests.TimeProfileInfragisticEvaluatorTest" name="TimeProfileInfragisticEvaluator102Constructor13Test" />
    </UnitTest>
    <UnitTest name="CalculateSunriseSunsetWilliamTestArctic23SeptemberSunset" storage="d:\actions-runner\_work\xpco\xpco\common\sharedtimeprofile\videoos.common.sharedtimeprofile.unittests\bin\debug\net472\videoos.common.sharedtimeprofile.unittests.dll" id="1383cba6-eafd-9d49-1db3-3510d1bfd8cc">
      <Execution id="aa875038-5752-4d3b-b867-3c36e8fce194" />
      <TestMethod codeBase="D:\actions-runner\_work\XPCO\XPCO\Common\SharedTimeProfile\VideoOS.Common.SharedTimeProfile.UnitTests\bin\Debug\net472\VideoOS.Common.SharedTimeProfile.UnitTests.dll" adapterTypeName="executor://mstestadapter/v2" className="VideoOS.Common.SharedTimeProfile.UnitTests.TimeProfileSunClockEvaluatorTest" name="CalculateSunriseSunsetWilliamTestArctic23SeptemberSunset" />
    </UnitTest>
    <UnitTest name="TimeProfileSunClockDefinitionConstructorOffSet1Test" storage="d:\actions-runner\_work\xpco\xpco\common\sharedtimeprofile\videoos.common.sharedtimeprofile.unittests\bin\debug\net472\videoos.common.sharedtimeprofile.unittests.dll" id="612de378-a5d1-39d7-5004-042ad08386ce">
      <Execution id="b56e8e8f-7ca3-4c19-b817-dc917b216ada" />
      <TestMethod codeBase="D:\actions-runner\_work\XPCO\XPCO\Common\SharedTimeProfile\VideoOS.Common.SharedTimeProfile.UnitTests\bin\Debug\net472\VideoOS.Common.SharedTimeProfile.UnitTests.dll" adapterTypeName="executor://mstestadapter/v2" className="VideoOS.Common.SharedTimeProfile.UnitTests.TimeProfileSunClockDefinitionTest" name="TimeProfileSunClockDefinitionConstructorOffSet1Test" />
    </UnitTest>
    <UnitTest name="GetSunriseSunsetAppointmentTestKiruna5DecPlus1TimeZone30MinOffset" storage="d:\actions-runner\_work\xpco\xpco\common\sharedtimeprofile\videoos.common.sharedtimeprofile.unittests\bin\debug\net472\videoos.common.sharedtimeprofile.unittests.dll" id="830c85fc-a3e4-1e5f-aa89-efa72be34f67">
      <Execution id="99cd6900-b6ac-4284-aa85-9a7b6ee23913" />
      <TestMethod codeBase="D:\actions-runner\_work\XPCO\XPCO\Common\SharedTimeProfile\VideoOS.Common.SharedTimeProfile.UnitTests\bin\Debug\net472\VideoOS.Common.SharedTimeProfile.UnitTests.dll" adapterTypeName="executor://mstestadapter/v2" className="VideoOS.Common.SharedTimeProfile.UnitTests.TimeProfileSunClockEvaluatorTest" name="GetSunriseSunsetAppointmentTestKiruna5DecPlus1TimeZone30MinOffset" />
    </UnitTest>
    <UnitTest name="GetAppointmentsRecurring10OccurencesInfragisticVersionTest" storage="d:\actions-runner\_work\xpco\xpco\common\sharedtimeprofile\videoos.common.sharedtimeprofile.unittests\bin\debug\net472\videoos.common.sharedtimeprofile.unittests.dll" id="27ba3d41-2918-6d80-a04e-f521fca1a8ce">
      <Execution id="d266f25b-7f02-4569-95c7-206432335cc4" />
      <TestMethod codeBase="D:\actions-runner\_work\XPCO\XPCO\Common\SharedTimeProfile\VideoOS.Common.SharedTimeProfile.UnitTests\bin\Debug\net472\VideoOS.Common.SharedTimeProfile.UnitTests.dll" adapterTypeName="executor://mstestadapter/v2" className="VideoOS.Common.SharedTimeProfile.UnitTests.TimeProfileInfragisticEvaluatorTest" name="GetAppointmentsRecurring10OccurencesInfragisticVersionTest" />
    </UnitTest>
    <UnitTest name="TimeProfileSunClockDefinitionConstructor1NoOutOfRangeExceptionTest" storage="d:\actions-runner\_work\xpco\xpco\common\sharedtimeprofile\videoos.common.sharedtimeprofile.unittests\bin\debug\net472\videoos.common.sharedtimeprofile.unittests.dll" id="35818c40-394b-77e0-5b06-636f9dcf1826">
      <Execution id="a720b72f-28bf-44b3-a51a-58f27ddfacfb" />
      <TestMethod codeBase="D:\actions-runner\_work\XPCO\XPCO\Common\SharedTimeProfile\VideoOS.Common.SharedTimeProfile.UnitTests\bin\Debug\net472\VideoOS.Common.SharedTimeProfile.UnitTests.dll" adapterTypeName="executor://mstestadapter/v2" className="VideoOS.Common.SharedTimeProfile.UnitTests.TimeProfileSunClockDefinitionTest" name="TimeProfileSunClockDefinitionConstructor1NoOutOfRangeExceptionTest" />
    </UnitTest>
    <UnitTest name="GetAppointmentsNoTimeTest" storage="d:\actions-runner\_work\xpco\xpco\common\sharedtimeprofile\videoos.common.sharedtimeprofile.unittests\bin\debug\net472\videoos.common.sharedtimeprofile.unittests.dll" id="8e80079e-8b3e-57c8-5480-6b7867070ad8">
      <Execution id="6a6590b1-3eea-4c64-b719-cc6d2b5613e2" />
      <TestMethod codeBase="D:\actions-runner\_work\XPCO\XPCO\Common\SharedTimeProfile\VideoOS.Common.SharedTimeProfile.UnitTests\bin\Debug\net472\VideoOS.Common.SharedTimeProfile.UnitTests.dll" adapterTypeName="executor://mstestadapter/v2" className="VideoOS.Common.SharedTimeProfile.UnitTests.TimeProfileInfragisticEvaluatorTest" name="GetAppointmentsNoTimeTest" />
    </UnitTest>
    <UnitTest name="GpsParserTestLatitudeIsOutOfRange" storage="d:\actions-runner\_work\xpco\xpco\common\sharedtimeprofile\videoos.common.sharedtimeprofile.unittests\bin\debug\net472\videoos.common.sharedtimeprofile.unittests.dll" id="7bbc366e-7595-bea0-af20-a713ebdba94b">
      <Execution id="25fc9a7f-9a4f-40f2-adcc-4209ae33d286" />
      <TestMethod codeBase="D:\actions-runner\_work\XPCO\XPCO\Common\SharedTimeProfile\VideoOS.Common.SharedTimeProfile.UnitTests\bin\Debug\net472\VideoOS.Common.SharedTimeProfile.UnitTests.dll" adapterTypeName="executor://mstestadapter/v2" className="VideoOS.Common.SharedTimeProfile.UnitTests.GPSCoordinateTest" name="GpsParserTestLatitudeIsOutOfRange" />
    </UnitTest>
    <UnitTest name="TimeProfileInfragisticEvaluatorConstructorArgumentInvalid1Test" storage="d:\actions-runner\_work\xpco\xpco\common\sharedtimeprofile\videoos.common.sharedtimeprofile.unittests\bin\debug\net472\videoos.common.sharedtimeprofile.unittests.dll" id="4083657a-35fc-23d3-f30b-543b23dba053">
      <Execution id="a25e13a4-7ad8-499f-968a-dd369690cf8a" />
      <TestMethod codeBase="D:\actions-runner\_work\XPCO\XPCO\Common\SharedTimeProfile\VideoOS.Common.SharedTimeProfile.UnitTests\bin\Debug\net472\VideoOS.Common.SharedTimeProfile.UnitTests.dll" adapterTypeName="executor://mstestadapter/v2" className="VideoOS.Common.SharedTimeProfile.UnitTests.TimeProfileInfragisticEvaluatorTest" name="TimeProfileInfragisticEvaluatorConstructorArgumentInvalid1Test" />
    </UnitTest>
    <UnitTest name="ConvertGpsValueTestInvalidDoubleString5" storage="d:\actions-runner\_work\xpco\xpco\common\sharedtimeprofile\videoos.common.sharedtimeprofile.unittests\bin\debug\net472\videoos.common.sharedtimeprofile.unittests.dll" id="f47bbbad-31f5-d80c-ab40-281838af2dad">
      <Execution id="61aa069d-8af2-4b39-9c56-3c569ccfd9a3" />
      <TestMethod codeBase="D:\actions-runner\_work\XPCO\XPCO\Common\SharedTimeProfile\VideoOS.Common.SharedTimeProfile.UnitTests\bin\Debug\net472\VideoOS.Common.SharedTimeProfile.UnitTests.dll" adapterTypeName="executor://mstestadapter/v2" className="VideoOS.Common.SharedTimeProfile.UnitTests.GPSCoordinateTest" name="ConvertGpsValueTestInvalidDoubleString5" />
    </UnitTest>
    <UnitTest name="TimeProfileSunClockDefinitionConstructorTimeZoneIdInvalidTest" storage="d:\actions-runner\_work\xpco\xpco\common\sharedtimeprofile\videoos.common.sharedtimeprofile.unittests\bin\debug\net472\videoos.common.sharedtimeprofile.unittests.dll" id="e487ded2-fa71-cb1c-1ec4-73769dc52337">
      <Execution id="ecbac7b0-96ae-4d63-b753-d297ad824765" />
      <TestMethod codeBase="D:\actions-runner\_work\XPCO\XPCO\Common\SharedTimeProfile\VideoOS.Common.SharedTimeProfile.UnitTests\bin\Debug\net472\VideoOS.Common.SharedTimeProfile.UnitTests.dll" adapterTypeName="executor://mstestadapter/v2" className="VideoOS.Common.SharedTimeProfile.UnitTests.TimeProfileSunClockDefinitionTest" name="TimeProfileSunClockDefinitionConstructorTimeZoneIdInvalidTest" />
    </UnitTest>
    <UnitTest name="CalculateSunriseSunsetWilliamTestArctic22SeptemberSunrise" storage="d:\actions-runner\_work\xpco\xpco\common\sharedtimeprofile\videoos.common.sharedtimeprofile.unittests\bin\debug\net472\videoos.common.sharedtimeprofile.unittests.dll" id="3978e1d2-d707-6dfa-f149-013ceaebca6f">
      <Execution id="60cf0a3c-c2f5-49ca-b8ed-aea8241da051" />
      <TestMethod codeBase="D:\actions-runner\_work\XPCO\XPCO\Common\SharedTimeProfile\VideoOS.Common.SharedTimeProfile.UnitTests\bin\Debug\net472\VideoOS.Common.SharedTimeProfile.UnitTests.dll" adapterTypeName="executor://mstestadapter/v2" className="VideoOS.Common.SharedTimeProfile.UnitTests.TimeProfileSunClockEvaluatorTest" name="CalculateSunriseSunsetWilliamTestArctic22SeptemberSunrise" />
    </UnitTest>
    <UnitTest name="GetAppointmentsSingleInfragisticVersionTest" storage="d:\actions-runner\_work\xpco\xpco\common\sharedtimeprofile\videoos.common.sharedtimeprofile.unittests\bin\debug\net472\videoos.common.sharedtimeprofile.unittests.dll" id="339d7429-1673-b3e4-58ba-2b04658e607e">
      <Execution id="4ed333bc-a360-4166-a228-cb51475ea5f8" />
      <TestMethod codeBase="D:\actions-runner\_work\XPCO\XPCO\Common\SharedTimeProfile\VideoOS.Common.SharedTimeProfile.UnitTests\bin\Debug\net472\VideoOS.Common.SharedTimeProfile.UnitTests.dll" adapterTypeName="executor://mstestadapter/v2" className="VideoOS.Common.SharedTimeProfile.UnitTests.TimeProfileInfragisticEvaluatorTest" name="GetAppointmentsSingleInfragisticVersionTest" />
    </UnitTest>
    <UnitTest name="CalculateSunriseSunsetWilliamTestAntarctica20MarchSunrise" storage="d:\actions-runner\_work\xpco\xpco\common\sharedtimeprofile\videoos.common.sharedtimeprofile.unittests\bin\debug\net472\videoos.common.sharedtimeprofile.unittests.dll" id="34a777df-87ae-e2ed-7248-aa27e9a05690">
      <Execution id="11c34bac-2a06-4741-9ac9-e89d45fee49a" />
      <TestMethod codeBase="D:\actions-runner\_work\XPCO\XPCO\Common\SharedTimeProfile\VideoOS.Common.SharedTimeProfile.UnitTests\bin\Debug\net472\VideoOS.Common.SharedTimeProfile.UnitTests.dll" adapterTypeName="executor://mstestadapter/v2" className="VideoOS.Common.SharedTimeProfile.UnitTests.TimeProfileSunClockEvaluatorTest" name="CalculateSunriseSunsetWilliamTestAntarctica20MarchSunrise" />
    </UnitTest>
    <UnitTest name="CalculateSunriseSunsetWilliamTestAntarctica20MarchSunset" storage="d:\actions-runner\_work\xpco\xpco\common\sharedtimeprofile\videoos.common.sharedtimeprofile.unittests\bin\debug\net472\videoos.common.sharedtimeprofile.unittests.dll" id="fbc8779e-8639-b45c-9f40-15014e1a7a78">
      <Execution id="33a4be08-5fd7-4b77-abb6-ee0b0bfb0394" />
      <TestMethod codeBase="D:\actions-runner\_work\XPCO\XPCO\Common\SharedTimeProfile\VideoOS.Common.SharedTimeProfile.UnitTests\bin\Debug\net472\VideoOS.Common.SharedTimeProfile.UnitTests.dll" adapterTypeName="executor://mstestadapter/v2" className="VideoOS.Common.SharedTimeProfile.UnitTests.TimeProfileSunClockEvaluatorTest" name="CalculateSunriseSunsetWilliamTestAntarctica20MarchSunset" />
    </UnitTest>
    <UnitTest name="GpsParserTest3_3BlocksReverseOrderMinSec" storage="d:\actions-runner\_work\xpco\xpco\common\sharedtimeprofile\videoos.common.sharedtimeprofile.unittests\bin\debug\net472\videoos.common.sharedtimeprofile.unittests.dll" id="5bcc0be0-7392-90d6-d47e-88a94aa1dcff">
      <Execution id="c5787dee-1a42-4591-ac89-9064ee5b9d74" />
      <TestMethod codeBase="D:\actions-runner\_work\XPCO\XPCO\Common\SharedTimeProfile\VideoOS.Common.SharedTimeProfile.UnitTests\bin\Debug\net472\VideoOS.Common.SharedTimeProfile.UnitTests.dll" adapterTypeName="executor://mstestadapter/v2" className="VideoOS.Common.SharedTimeProfile.UnitTests.GPSCoordinateTest" name="GpsParserTest3_3BlocksReverseOrderMinSec" />
    </UnitTest>
    <UnitTest name="GetAppointmentsRecurring2ndWeekdaysInfragisticVersionTest" storage="d:\actions-runner\_work\xpco\xpco\common\sharedtimeprofile\videoos.common.sharedtimeprofile.unittests\bin\debug\net472\videoos.common.sharedtimeprofile.unittests.dll" id="f0f41750-d1d7-735c-f4d1-70987a0780dd">
      <Execution id="1a1db37e-7789-46c6-ae5c-06131c0c42e9" />
      <TestMethod codeBase="D:\actions-runner\_work\XPCO\XPCO\Common\SharedTimeProfile\VideoOS.Common.SharedTimeProfile.UnitTests\bin\Debug\net472\VideoOS.Common.SharedTimeProfile.UnitTests.dll" adapterTypeName="executor://mstestadapter/v2" className="VideoOS.Common.SharedTimeProfile.UnitTests.TimeProfileInfragisticEvaluatorTest" name="GetAppointmentsRecurring2ndWeekdaysInfragisticVersionTest" />
    </UnitTest>
    <UnitTest name="FromXmlInvalidXmlMissingSectionGPSCoordinateTest" storage="d:\actions-runner\_work\xpco\xpco\common\sharedtimeprofile\videoos.common.sharedtimeprofile.unittests\bin\debug\net472\videoos.common.sharedtimeprofile.unittests.dll" id="70dfec06-4f81-5ffa-a234-dad6954aa710">
      <Execution id="42402e53-a9c2-4ba5-97f7-0e0f1fb5de5a" />
      <TestMethod codeBase="D:\actions-runner\_work\XPCO\XPCO\Common\SharedTimeProfile\VideoOS.Common.SharedTimeProfile.UnitTests\bin\Debug\net472\VideoOS.Common.SharedTimeProfile.UnitTests.dll" adapterTypeName="executor://mstestadapter/v2" className="VideoOS.Common.SharedTimeProfile.UnitTests.TimeProfileSunClockDefinitionTest" name="FromXmlInvalidXmlMissingSectionGPSCoordinateTest" />
    </UnitTest>
    <UnitTest name="CalculateSunriseSunsetWilliamTestKiruna21JunSunrise" storage="d:\actions-runner\_work\xpco\xpco\common\sharedtimeprofile\videoos.common.sharedtimeprofile.unittests\bin\debug\net472\videoos.common.sharedtimeprofile.unittests.dll" id="2e0ece2a-8575-b249-0018-6bfc3fe6fa90">
      <Execution id="9792e120-737a-4579-a1c5-37b09ca0cb5c" />
      <TestMethod codeBase="D:\actions-runner\_work\XPCO\XPCO\Common\SharedTimeProfile\VideoOS.Common.SharedTimeProfile.UnitTests\bin\Debug\net472\VideoOS.Common.SharedTimeProfile.UnitTests.dll" adapterTypeName="executor://mstestadapter/v2" className="VideoOS.Common.SharedTimeProfile.UnitTests.TimeProfileSunClockEvaluatorTest" name="CalculateSunriseSunsetWilliamTestKiruna21JunSunrise" />
    </UnitTest>
    <UnitTest name="GetAppointmentsRecurringWeeklyWeekendDaysTest" storage="d:\actions-runner\_work\xpco\xpco\common\sharedtimeprofile\videoos.common.sharedtimeprofile.unittests\bin\debug\net472\videoos.common.sharedtimeprofile.unittests.dll" id="a327d52c-d003-cce8-82e0-9dc076807253">
      <Execution id="90d20ca5-f5c0-482e-bdce-944b303cc7b2" />
      <TestMethod codeBase="D:\actions-runner\_work\XPCO\XPCO\Common\SharedTimeProfile\VideoOS.Common.SharedTimeProfile.UnitTests\bin\Debug\net472\VideoOS.Common.SharedTimeProfile.UnitTests.dll" adapterTypeName="executor://mstestadapter/v2" className="VideoOS.Common.SharedTimeProfile.UnitTests.TimeProfileInfragisticEvaluatorTest" name="GetAppointmentsRecurringWeeklyWeekendDaysTest" />
    </UnitTest>
    <UnitTest name="CalculateSunriseSunsetWilliamTestHonolulu21JunSunrise" storage="d:\actions-runner\_work\xpco\xpco\common\sharedtimeprofile\videoos.common.sharedtimeprofile.unittests\bin\debug\net472\videoos.common.sharedtimeprofile.unittests.dll" id="edfc3171-b0bf-2a2c-efce-ff6caa72bd4c">
      <Execution id="93e71aa5-ea3f-43fe-b495-adc54bc773fb" />
      <TestMethod codeBase="D:\actions-runner\_work\XPCO\XPCO\Common\SharedTimeProfile\VideoOS.Common.SharedTimeProfile.UnitTests\bin\Debug\net472\VideoOS.Common.SharedTimeProfile.UnitTests.dll" adapterTypeName="executor://mstestadapter/v2" className="VideoOS.Common.SharedTimeProfile.UnitTests.TimeProfileSunClockEvaluatorTest" name="CalculateSunriseSunsetWilliamTestHonolulu21JunSunrise" />
    </UnitTest>
    <UnitTest name="SunRiseOffsetOutOfRangeTest" storage="d:\actions-runner\_work\xpco\xpco\common\sharedtimeprofile\videoos.common.sharedtimeprofile.unittests\bin\debug\net472\videoos.common.sharedtimeprofile.unittests.dll" id="ffc3ac65-704d-6541-12e7-4474e9f4b78b">
      <Execution id="a12ee9e8-bd8f-422f-95fa-3946e3575f97" />
      <TestMethod codeBase="D:\actions-runner\_work\XPCO\XPCO\Common\SharedTimeProfile\VideoOS.Common.SharedTimeProfile.UnitTests\bin\Debug\net472\VideoOS.Common.SharedTimeProfile.UnitTests.dll" adapterTypeName="executor://mstestadapter/v2" className="VideoOS.Common.SharedTimeProfile.UnitTests.TimeProfileSunClockDefinitionTest" name="SunRiseOffsetOutOfRangeTest" />
    </UnitTest>
    <UnitTest name="AddTimeProfileTest" storage="d:\actions-runner\_work\xpco\xpco\common\sharedtimeprofile\videoos.common.sharedtimeprofile.unittests\bin\debug\net472\videoos.common.sharedtimeprofile.unittests.dll" id="4cbd0aea-8eee-bd7f-0ab1-c2a7db051079">
      <Execution id="aa1013ed-cecc-430d-afd0-4de4ce82d55b" />
      <TestMethod codeBase="D:\actions-runner\_work\XPCO\XPCO\Common\SharedTimeProfile\VideoOS.Common.SharedTimeProfile.UnitTests\bin\Debug\net472\VideoOS.Common.SharedTimeProfile.UnitTests.dll" adapterTypeName="executor://mstestadapter/v2" className="VideoOS.Common.SharedTimeProfile.UnitTests.TimeProfileManagerTest" name="AddTimeProfileTest" />
    </UnitTest>
    <UnitTest name="CalculateSunriseSunsetWilliamTestHonolulu21DecSunset" storage="d:\actions-runner\_work\xpco\xpco\common\sharedtimeprofile\videoos.common.sharedtimeprofile.unittests\bin\debug\net472\videoos.common.sharedtimeprofile.unittests.dll" id="526e1bac-bb47-0c83-353c-0960261b2d5b">
      <Execution id="97811c4d-659e-4620-903e-bf0c03e9a7c2" />
      <TestMethod codeBase="D:\actions-runner\_work\XPCO\XPCO\Common\SharedTimeProfile\VideoOS.Common.SharedTimeProfile.UnitTests\bin\Debug\net472\VideoOS.Common.SharedTimeProfile.UnitTests.dll" adapterTypeName="executor://mstestadapter/v2" className="VideoOS.Common.SharedTimeProfile.UnitTests.TimeProfileSunClockEvaluatorTest" name="CalculateSunriseSunsetWilliamTestHonolulu21DecSunset" />
    </UnitTest>
    <UnitTest name="CalculateSunriseSunsetWilliamTestKiruna20MarchSunrise" storage="d:\actions-runner\_work\xpco\xpco\common\sharedtimeprofile\videoos.common.sharedtimeprofile.unittests\bin\debug\net472\videoos.common.sharedtimeprofile.unittests.dll" id="12e86311-9085-1847-5b6e-d7283e97e4d2">
      <Execution id="329d864b-a721-4dc6-8140-727169bf4289" />
      <TestMethod codeBase="D:\actions-runner\_work\XPCO\XPCO\Common\SharedTimeProfile\VideoOS.Common.SharedTimeProfile.UnitTests\bin\Debug\net472\VideoOS.Common.SharedTimeProfile.UnitTests.dll" adapterTypeName="executor://mstestadapter/v2" className="VideoOS.Common.SharedTimeProfile.UnitTests.TimeProfileSunClockEvaluatorTest" name="CalculateSunriseSunsetWilliamTestKiruna20MarchSunrise" />
    </UnitTest>
    <UnitTest name="GetAppointmentsRecurringYearlyFirstMondayMartsTest" storage="d:\actions-runner\_work\xpco\xpco\common\sharedtimeprofile\videoos.common.sharedtimeprofile.unittests\bin\debug\net472\videoos.common.sharedtimeprofile.unittests.dll" id="fde2a2f5-3afd-a0f5-ca5c-f18e1f9641cf">
      <Execution id="160f1cbd-cd63-4127-a39d-1b6fd74599ae" />
      <TestMethod codeBase="D:\actions-runner\_work\XPCO\XPCO\Common\SharedTimeProfile\VideoOS.Common.SharedTimeProfile.UnitTests\bin\Debug\net472\VideoOS.Common.SharedTimeProfile.UnitTests.dll" adapterTypeName="executor://mstestadapter/v2" className="VideoOS.Common.SharedTimeProfile.UnitTests.TimeProfileInfragisticEvaluatorTest" name="GetAppointmentsRecurringYearlyFirstMondayMartsTest" />
    </UnitTest>
    <UnitTest name="GetAppointmentsTestWinterTime1" storage="d:\actions-runner\_work\xpco\xpco\common\sharedtimeprofile\videoos.common.sharedtimeprofile.unittests\bin\debug\net472\videoos.common.sharedtimeprofile.unittests.dll" id="aa654f09-631c-7d65-6959-491bd3db17f3">
      <Execution id="8ec1d119-e693-4431-81f9-07548effdfb0" />
      <TestMethod codeBase="D:\actions-runner\_work\XPCO\XPCO\Common\SharedTimeProfile\VideoOS.Common.SharedTimeProfile.UnitTests\bin\Debug\net472\VideoOS.Common.SharedTimeProfile.UnitTests.dll" adapterTypeName="executor://mstestadapter/v2" className="VideoOS.Common.SharedTimeProfile.UnitTests.TimeProfileSunClockEvaluatorTest" name="GetAppointmentsTestWinterTime1" />
    </UnitTest>
    <UnitTest name="TimeProfileInfragisticEvaluator63Constructor1Test" storage="d:\actions-runner\_work\xpco\xpco\common\sharedtimeprofile\videoos.common.sharedtimeprofile.unittests\bin\debug\net472\videoos.common.sharedtimeprofile.unittests.dll" id="b3f227a7-f898-1c46-4ead-18f2427d3ba3">
      <Execution id="24e6a722-7012-412c-8dff-04038800a05c" />
      <TestMethod codeBase="D:\actions-runner\_work\XPCO\XPCO\Common\SharedTimeProfile\VideoOS.Common.SharedTimeProfile.UnitTests\bin\Debug\net472\VideoOS.Common.SharedTimeProfile.UnitTests.dll" adapterTypeName="executor://mstestadapter/v2" className="VideoOS.Common.SharedTimeProfile.UnitTests.TimeProfileInfragisticEvaluatorTest" name="TimeProfileInfragisticEvaluator63Constructor1Test" />
    </UnitTest>
    <UnitTest name="TimeProfileEvaluatorConstructorTestEmptyDefinitionXml" storage="d:\actions-runner\_work\xpco\xpco\common\sharedtimeprofile\videoos.common.sharedtimeprofile.unittests\bin\debug\net472\videoos.common.sharedtimeprofile.unittests.dll" id="6fe30acd-ab31-a2f0-92a1-faf05fa97f9d">
      <Execution id="c93d73ce-6e32-4abb-95c0-30cf91d0b3b7" />
      <TestMethod codeBase="D:\actions-runner\_work\XPCO\XPCO\Common\SharedTimeProfile\VideoOS.Common.SharedTimeProfile.UnitTests\bin\Debug\net472\VideoOS.Common.SharedTimeProfile.UnitTests.dll" adapterTypeName="executor://mstestadapter/v2" className="VideoOS.Common.SharedTimeProfile.UnitTests.TimeProfileEvaluatorTest" name="TimeProfileEvaluatorConstructorTestEmptyDefinitionXml" />
    </UnitTest>
    <UnitTest name="GpsParserTestInvalidGpsDirection1" storage="d:\actions-runner\_work\xpco\xpco\common\sharedtimeprofile\videoos.common.sharedtimeprofile.unittests\bin\debug\net472\videoos.common.sharedtimeprofile.unittests.dll" id="5a5cd955-6853-44ec-e9f5-5f29058aea6c">
      <Execution id="c75295b4-22f6-4621-a935-55956ea5e207" />
      <TestMethod codeBase="D:\actions-runner\_work\XPCO\XPCO\Common\SharedTimeProfile\VideoOS.Common.SharedTimeProfile.UnitTests\bin\Debug\net472\VideoOS.Common.SharedTimeProfile.UnitTests.dll" adapterTypeName="executor://mstestadapter/v2" className="VideoOS.Common.SharedTimeProfile.UnitTests.GPSCoordinateTest" name="GpsParserTestInvalidGpsDirection1" />
    </UnitTest>
    <UnitTest name="TimeZoneArgumentNullTest" storage="d:\actions-runner\_work\xpco\xpco\common\sharedtimeprofile\videoos.common.sharedtimeprofile.unittests\bin\debug\net472\videoos.common.sharedtimeprofile.unittests.dll" id="1d9cf2ef-ced8-93dc-45c5-0f7f426b5fe9">
      <Execution id="44034ae9-d52d-40c8-aec6-2eb77dea1c00" />
      <TestMethod codeBase="D:\actions-runner\_work\XPCO\XPCO\Common\SharedTimeProfile\VideoOS.Common.SharedTimeProfile.UnitTests\bin\Debug\net472\VideoOS.Common.SharedTimeProfile.UnitTests.dll" adapterTypeName="executor://mstestadapter/v2" className="VideoOS.Common.SharedTimeProfile.UnitTests.TimeProfileSunClockDefinitionTest" name="TimeZoneArgumentNullTest" />
    </UnitTest>
    <UnitTest name="TimeProfileSunClockEvaluatorConstructorTestDefinitionNull" storage="d:\actions-runner\_work\xpco\xpco\common\sharedtimeprofile\videoos.common.sharedtimeprofile.unittests\bin\debug\net472\videoos.common.sharedtimeprofile.unittests.dll" id="5190094f-537d-c21f-f909-b4e1d1d4da2c">
      <Execution id="10ce47cb-ca35-4c02-893f-591f95a11cf5" />
      <TestMethod codeBase="D:\actions-runner\_work\XPCO\XPCO\Common\SharedTimeProfile\VideoOS.Common.SharedTimeProfile.UnitTests\bin\Debug\net472\VideoOS.Common.SharedTimeProfile.UnitTests.dll" adapterTypeName="executor://mstestadapter/v2" className="VideoOS.Common.SharedTimeProfile.UnitTests.TimeProfileSunClockEvaluatorTest" name="TimeProfileSunClockEvaluatorConstructorTestDefinitionNull" />
    </UnitTest>
    <UnitTest name="TimeProfileInfragisticEvaluator63Constructor14Test" storage="d:\actions-runner\_work\xpco\xpco\common\sharedtimeprofile\videoos.common.sharedtimeprofile.unittests\bin\debug\net472\videoos.common.sharedtimeprofile.unittests.dll" id="c5dab006-4e17-3823-a8ee-dfc30b81c408">
      <Execution id="fbccf3fd-1359-4583-b798-9b2686b5414f" />
      <TestMethod codeBase="D:\actions-runner\_work\XPCO\XPCO\Common\SharedTimeProfile\VideoOS.Common.SharedTimeProfile.UnitTests\bin\Debug\net472\VideoOS.Common.SharedTimeProfile.UnitTests.dll" adapterTypeName="executor://mstestadapter/v2" className="VideoOS.Common.SharedTimeProfile.UnitTests.TimeProfileInfragisticEvaluatorTest" name="TimeProfileInfragisticEvaluator63Constructor14Test" />
    </UnitTest>
    <UnitTest name="ClearTest" storage="d:\actions-runner\_work\xpco\xpco\common\sharedtimeprofile\videoos.common.sharedtimeprofile.unittests\bin\debug\net472\videoos.common.sharedtimeprofile.unittests.dll" id="ba3f91ce-47c2-83aa-1582-97cc4dfe04b4">
      <Execution id="da00f8e8-9686-45c4-bdf1-cadb4b8880bd" />
      <TestMethod codeBase="D:\actions-runner\_work\XPCO\XPCO\Common\SharedTimeProfile\VideoOS.Common.SharedTimeProfile.UnitTests\bin\Debug\net472\VideoOS.Common.SharedTimeProfile.UnitTests.dll" adapterTypeName="executor://mstestadapter/v2" className="VideoOS.Common.SharedTimeProfile.UnitTests.TimeProfileManagerTest" name="ClearTest" />
    </UnitTest>
    <UnitTest name="TimeProfileInfragisticEvaluator102Constructor9Test" storage="d:\actions-runner\_work\xpco\xpco\common\sharedtimeprofile\videoos.common.sharedtimeprofile.unittests\bin\debug\net472\videoos.common.sharedtimeprofile.unittests.dll" id="b866bcdd-53d2-e8cb-b4a7-59f9efce9cbd">
      <Execution id="3a68ae73-8483-4f14-bdbc-ea04050dfba2" />
      <TestMethod codeBase="D:\actions-runner\_work\XPCO\XPCO\Common\SharedTimeProfile\VideoOS.Common.SharedTimeProfile.UnitTests\bin\Debug\net472\VideoOS.Common.SharedTimeProfile.UnitTests.dll" adapterTypeName="executor://mstestadapter/v2" className="VideoOS.Common.SharedTimeProfile.UnitTests.TimeProfileInfragisticEvaluatorTest" name="TimeProfileInfragisticEvaluator102Constructor9Test" />
    </UnitTest>
    <UnitTest name="GpsParserTestEmptyString" storage="d:\actions-runner\_work\xpco\xpco\common\sharedtimeprofile\videoos.common.sharedtimeprofile.unittests\bin\debug\net472\videoos.common.sharedtimeprofile.unittests.dll" id="c4746aee-c4bf-b25d-a3ea-c92efec3e618">
      <Execution id="079a1a77-0dbb-4390-bd2d-aac617f59ce3" />
      <TestMethod codeBase="D:\actions-runner\_work\XPCO\XPCO\Common\SharedTimeProfile\VideoOS.Common.SharedTimeProfile.UnitTests\bin\Debug\net472\VideoOS.Common.SharedTimeProfile.UnitTests.dll" adapterTypeName="executor://mstestadapter/v2" className="VideoOS.Common.SharedTimeProfile.UnitTests.GPSCoordinateTest" name="GpsParserTestEmptyString" />
    </UnitTest>
    <UnitTest name="TimeProfileSunClockDefinitionConstructorTimeZoneNullTest" storage="d:\actions-runner\_work\xpco\xpco\common\sharedtimeprofile\videoos.common.sharedtimeprofile.unittests\bin\debug\net472\videoos.common.sharedtimeprofile.unittests.dll" id="d2e5db71-b1bd-1e54-6931-d4ea9a10fc5f">
      <Execution id="bf98767c-d764-4d0d-aff5-9502fa128549" />
      <TestMethod codeBase="D:\actions-runner\_work\XPCO\XPCO\Common\SharedTimeProfile\VideoOS.Common.SharedTimeProfile.UnitTests\bin\Debug\net472\VideoOS.Common.SharedTimeProfile.UnitTests.dll" adapterTypeName="executor://mstestadapter/v2" className="VideoOS.Common.SharedTimeProfile.UnitTests.TimeProfileSunClockDefinitionTest" name="TimeProfileSunClockDefinitionConstructorTimeZoneNullTest" />
    </UnitTest>
    <UnitTest name="ConvertGpsValueTestIndex1Length3" storage="d:\actions-runner\_work\xpco\xpco\common\sharedtimeprofile\videoos.common.sharedtimeprofile.unittests\bin\debug\net472\videoos.common.sharedtimeprofile.unittests.dll" id="3a293231-a135-e6b6-bc64-04db82561820">
      <Execution id="237050a1-b7f8-442e-963b-cdda54f83e18" />
      <TestMethod codeBase="D:\actions-runner\_work\XPCO\XPCO\Common\SharedTimeProfile\VideoOS.Common.SharedTimeProfile.UnitTests\bin\Debug\net472\VideoOS.Common.SharedTimeProfile.UnitTests.dll" adapterTypeName="executor://mstestadapter/v2" className="VideoOS.Common.SharedTimeProfile.UnitTests.GPSCoordinateTest" name="ConvertGpsValueTestIndex1Length3" />
    </UnitTest>
    <UnitTest name="GpsParserTestInvalidBlockSeparator" storage="d:\actions-runner\_work\xpco\xpco\common\sharedtimeprofile\videoos.common.sharedtimeprofile.unittests\bin\debug\net472\videoos.common.sharedtimeprofile.unittests.dll" id="a16da83e-8367-f179-9ee7-ae85a6787fe0">
      <Execution id="5580d015-cf54-407b-b454-e8d60805182a" />
      <TestMethod codeBase="D:\actions-runner\_work\XPCO\XPCO\Common\SharedTimeProfile\VideoOS.Common.SharedTimeProfile.UnitTests\bin\Debug\net472\VideoOS.Common.SharedTimeProfile.UnitTests.dll" adapterTypeName="executor://mstestadapter/v2" className="VideoOS.Common.SharedTimeProfile.UnitTests.GPSCoordinateTest" name="GpsParserTestInvalidBlockSeparator" />
    </UnitTest>
    <UnitTest name="GetAppointmentsAllDayTwoDaysInfragisticVersionTest" storage="d:\actions-runner\_work\xpco\xpco\common\sharedtimeprofile\videoos.common.sharedtimeprofile.unittests\bin\debug\net472\videoos.common.sharedtimeprofile.unittests.dll" id="2ddffbe5-68d7-54a9-0780-a99407bb636e">
      <Execution id="1b676f5f-276f-4439-a3b8-50fc76c20a9e" />
      <TestMethod codeBase="D:\actions-runner\_work\XPCO\XPCO\Common\SharedTimeProfile\VideoOS.Common.SharedTimeProfile.UnitTests\bin\Debug\net472\VideoOS.Common.SharedTimeProfile.UnitTests.dll" adapterTypeName="executor://mstestadapter/v2" className="VideoOS.Common.SharedTimeProfile.UnitTests.TimeProfileInfragisticEvaluatorTest" name="GetAppointmentsAllDayTwoDaysInfragisticVersionTest" />
    </UnitTest>
    <UnitTest name="CalculateSunriseSunsetWilliamTestKiruna21DecSunrise" storage="d:\actions-runner\_work\xpco\xpco\common\sharedtimeprofile\videoos.common.sharedtimeprofile.unittests\bin\debug\net472\videoos.common.sharedtimeprofile.unittests.dll" id="0d3d75d0-53a4-f115-f7d7-0392c5b41347">
      <Execution id="f84375e8-f7ef-4d1d-9c48-533124f6ad4e" />
      <TestMethod codeBase="D:\actions-runner\_work\XPCO\XPCO\Common\SharedTimeProfile\VideoOS.Common.SharedTimeProfile.UnitTests\bin\Debug\net472\VideoOS.Common.SharedTimeProfile.UnitTests.dll" adapterTypeName="executor://mstestadapter/v2" className="VideoOS.Common.SharedTimeProfile.UnitTests.TimeProfileSunClockEvaluatorTest" name="CalculateSunriseSunsetWilliamTestKiruna21DecSunrise" />
    </UnitTest>
    <UnitTest name="CalculateSunriseSunsetWilliamTestSanJuan21JunSunrise" storage="d:\actions-runner\_work\xpco\xpco\common\sharedtimeprofile\videoos.common.sharedtimeprofile.unittests\bin\debug\net472\videoos.common.sharedtimeprofile.unittests.dll" id="2af0a12c-b4f0-bb6f-eb77-6788ac460193">
      <Execution id="b3278993-e9f5-41a7-95e4-207c55a4ddb9" />
      <TestMethod codeBase="D:\actions-runner\_work\XPCO\XPCO\Common\SharedTimeProfile\VideoOS.Common.SharedTimeProfile.UnitTests\bin\Debug\net472\VideoOS.Common.SharedTimeProfile.UnitTests.dll" adapterTypeName="executor://mstestadapter/v2" className="VideoOS.Common.SharedTimeProfile.UnitTests.TimeProfileSunClockEvaluatorTest" name="CalculateSunriseSunsetWilliamTestSanJuan21JunSunrise" />
    </UnitTest>
    <UnitTest name="TimeProfileSunClockDefinitionConstructorSunRiseOutOfRangeTest" storage="d:\actions-runner\_work\xpco\xpco\common\sharedtimeprofile\videoos.common.sharedtimeprofile.unittests\bin\debug\net472\videoos.common.sharedtimeprofile.unittests.dll" id="2949f80f-7efe-bcff-d0ce-ae65c70c8c9f">
      <Execution id="a849987e-34e4-4757-9689-963b126f04ae" />
      <TestMethod codeBase="D:\actions-runner\_work\XPCO\XPCO\Common\SharedTimeProfile\VideoOS.Common.SharedTimeProfile.UnitTests\bin\Debug\net472\VideoOS.Common.SharedTimeProfile.UnitTests.dll" adapterTypeName="executor://mstestadapter/v2" className="VideoOS.Common.SharedTimeProfile.UnitTests.TimeProfileSunClockDefinitionTest" name="TimeProfileSunClockDefinitionConstructorSunRiseOutOfRangeTest" />
    </UnitTest>
    <UnitTest name="GpsParserTestInvalidGpsDirection2" storage="d:\actions-runner\_work\xpco\xpco\common\sharedtimeprofile\videoos.common.sharedtimeprofile.unittests\bin\debug\net472\videoos.common.sharedtimeprofile.unittests.dll" id="6a430a06-d060-2a61-66e3-4b6259d7084d">
      <Execution id="fc87e106-baa5-4844-87e6-64379993a26e" />
      <TestMethod codeBase="D:\actions-runner\_work\XPCO\XPCO\Common\SharedTimeProfile\VideoOS.Common.SharedTimeProfile.UnitTests\bin\Debug\net472\VideoOS.Common.SharedTimeProfile.UnitTests.dll" adapterTypeName="executor://mstestadapter/v2" className="VideoOS.Common.SharedTimeProfile.UnitTests.GPSCoordinateTest" name="GpsParserTestInvalidGpsDirection2" />
    </UnitTest>
    <UnitTest name="GpsParserTestLongitudeIsOutOfRange" storage="d:\actions-runner\_work\xpco\xpco\common\sharedtimeprofile\videoos.common.sharedtimeprofile.unittests\bin\debug\net472\videoos.common.sharedtimeprofile.unittests.dll" id="f9b5fde8-8925-a549-79d4-271cab1317af">
      <Execution id="968fd0c9-d23d-44f1-b3ad-cd608d8c67f6" />
      <TestMethod codeBase="D:\actions-runner\_work\XPCO\XPCO\Common\SharedTimeProfile\VideoOS.Common.SharedTimeProfile.UnitTests\bin\Debug\net472\VideoOS.Common.SharedTimeProfile.UnitTests.dll" adapterTypeName="executor://mstestadapter/v2" className="VideoOS.Common.SharedTimeProfile.UnitTests.GPSCoordinateTest" name="GpsParserTestLongitudeIsOutOfRange" />
    </UnitTest>
    <UnitTest name="TimeProfileEvaluatorConstructorTestInfragisticsInvalidXml" storage="d:\actions-runner\_work\xpco\xpco\common\sharedtimeprofile\videoos.common.sharedtimeprofile.unittests\bin\debug\net472\videoos.common.sharedtimeprofile.unittests.dll" id="e6bba712-d49f-1831-12e5-7457bbadb0e7">
      <Execution id="bfc04cd7-120a-43fe-b709-222bc3155da7" />
      <TestMethod codeBase="D:\actions-runner\_work\XPCO\XPCO\Common\SharedTimeProfile\VideoOS.Common.SharedTimeProfile.UnitTests\bin\Debug\net472\VideoOS.Common.SharedTimeProfile.UnitTests.dll" adapterTypeName="executor://mstestadapter/v2" className="VideoOS.Common.SharedTimeProfile.UnitTests.TimeProfileEvaluatorTest" name="TimeProfileEvaluatorConstructorTestInfragisticsInvalidXml" />
    </UnitTest>
    <UnitTest name="EvaluateTimeTestSunClockWinterTime1" storage="d:\actions-runner\_work\xpco\xpco\common\sharedtimeprofile\videoos.common.sharedtimeprofile.unittests\bin\debug\net472\videoos.common.sharedtimeprofile.unittests.dll" id="f5fc2edd-f0d0-bc60-8695-c5646a3d7753">
      <Execution id="3ea14af8-f088-495e-8ab6-3d43be695b45" />
      <TestMethod codeBase="D:\actions-runner\_work\XPCO\XPCO\Common\SharedTimeProfile\VideoOS.Common.SharedTimeProfile.UnitTests\bin\Debug\net472\VideoOS.Common.SharedTimeProfile.UnitTests.dll" adapterTypeName="executor://mstestadapter/v2" className="VideoOS.Common.SharedTimeProfile.UnitTests.TimeProfileEvaluatorTest" name="EvaluateTimeTestSunClockWinterTime1" />
    </UnitTest>
    <UnitTest name="GetAppointmentsTestKiruna21DecLocalTimeZone" storage="d:\actions-runner\_work\xpco\xpco\common\sharedtimeprofile\videoos.common.sharedtimeprofile.unittests\bin\debug\net472\videoos.common.sharedtimeprofile.unittests.dll" id="306f6017-6b92-421b-7fd3-72fe02950985">
      <Execution id="0edbdcf5-0925-48be-9729-429866a86c51" />
      <TestMethod codeBase="D:\actions-runner\_work\XPCO\XPCO\Common\SharedTimeProfile\VideoOS.Common.SharedTimeProfile.UnitTests\bin\Debug\net472\VideoOS.Common.SharedTimeProfile.UnitTests.dll" adapterTypeName="executor://mstestadapter/v2" className="VideoOS.Common.SharedTimeProfile.UnitTests.TimeProfileSunClockEvaluatorTest" name="GetAppointmentsTestKiruna21DecLocalTimeZone" />
    </UnitTest>
    <UnitTest name="CalculateSunriseSunsetWilliamTestSanJuan21JunSunset" storage="d:\actions-runner\_work\xpco\xpco\common\sharedtimeprofile\videoos.common.sharedtimeprofile.unittests\bin\debug\net472\videoos.common.sharedtimeprofile.unittests.dll" id="58d97b46-fc58-1dca-8e5f-d4503b0291e0">
      <Execution id="293ccb00-dfe8-4b05-a7d5-160e16b94e21" />
      <TestMethod codeBase="D:\actions-runner\_work\XPCO\XPCO\Common\SharedTimeProfile\VideoOS.Common.SharedTimeProfile.UnitTests\bin\Debug\net472\VideoOS.Common.SharedTimeProfile.UnitTests.dll" adapterTypeName="executor://mstestadapter/v2" className="VideoOS.Common.SharedTimeProfile.UnitTests.TimeProfileSunClockEvaluatorTest" name="CalculateSunriseSunsetWilliamTestSanJuan21JunSunset" />
    </UnitTest>
    <UnitTest name="GpsParserTest3_3BlocksReverseOrder" storage="d:\actions-runner\_work\xpco\xpco\common\sharedtimeprofile\videoos.common.sharedtimeprofile.unittests\bin\debug\net472\videoos.common.sharedtimeprofile.unittests.dll" id="d432de47-0bed-83ca-35bc-10ae81b881cf">
      <Execution id="36194349-e696-4535-a498-1697dd7c27d6" />
      <TestMethod codeBase="D:\actions-runner\_work\XPCO\XPCO\Common\SharedTimeProfile\VideoOS.Common.SharedTimeProfile.UnitTests\bin\Debug\net472\VideoOS.Common.SharedTimeProfile.UnitTests.dll" adapterTypeName="executor://mstestadapter/v2" className="VideoOS.Common.SharedTimeProfile.UnitTests.GPSCoordinateTest" name="GpsParserTest3_3BlocksReverseOrder" />
    </UnitTest>
    <UnitTest name="TimeProfileInfragisticEvaluator102Constructor11Test" storage="d:\actions-runner\_work\xpco\xpco\common\sharedtimeprofile\videoos.common.sharedtimeprofile.unittests\bin\debug\net472\videoos.common.sharedtimeprofile.unittests.dll" id="43094f70-38f6-8c2b-3a4a-e253ef315164">
      <Execution id="eb863db0-95ad-4faf-aa1c-9d0f3a89fd82" />
      <TestMethod codeBase="D:\actions-runner\_work\XPCO\XPCO\Common\SharedTimeProfile\VideoOS.Common.SharedTimeProfile.UnitTests\bin\Debug\net472\VideoOS.Common.SharedTimeProfile.UnitTests.dll" adapterTypeName="executor://mstestadapter/v2" className="VideoOS.Common.SharedTimeProfile.UnitTests.TimeProfileInfragisticEvaluatorTest" name="TimeProfileInfragisticEvaluator102Constructor11Test" />
    </UnitTest>
    <UnitTest name="CalculateSunriseSunsetWilliamTestHonolulu21JunSunset" storage="d:\actions-runner\_work\xpco\xpco\common\sharedtimeprofile\videoos.common.sharedtimeprofile.unittests\bin\debug\net472\videoos.common.sharedtimeprofile.unittests.dll" id="a90dcef3-f014-d6b8-4448-7a2d189e1c06">
      <Execution id="0dfaa6db-b37b-4df1-a19f-d07cbbf8008a" />
      <TestMethod codeBase="D:\actions-runner\_work\XPCO\XPCO\Common\SharedTimeProfile\VideoOS.Common.SharedTimeProfile.UnitTests\bin\Debug\net472\VideoOS.Common.SharedTimeProfile.UnitTests.dll" adapterTypeName="executor://mstestadapter/v2" className="VideoOS.Common.SharedTimeProfile.UnitTests.TimeProfileSunClockEvaluatorTest" name="CalculateSunriseSunsetWilliamTestHonolulu21JunSunset" />
    </UnitTest>
    <UnitTest name="GetAppointmentsRecurringWeekly2ndWednesdayInfragisticVersionTest" storage="d:\actions-runner\_work\xpco\xpco\common\sharedtimeprofile\videoos.common.sharedtimeprofile.unittests\bin\debug\net472\videoos.common.sharedtimeprofile.unittests.dll" id="08be9f15-d910-d9f0-376d-9f31e94ba045">
      <Execution id="cc4cc089-7dff-493a-b1f9-a3e12b646f9f" />
      <TestMethod codeBase="D:\actions-runner\_work\XPCO\XPCO\Common\SharedTimeProfile\VideoOS.Common.SharedTimeProfile.UnitTests\bin\Debug\net472\VideoOS.Common.SharedTimeProfile.UnitTests.dll" adapterTypeName="executor://mstestadapter/v2" className="VideoOS.Common.SharedTimeProfile.UnitTests.TimeProfileInfragisticEvaluatorTest" name="GetAppointmentsRecurringWeekly2ndWednesdayInfragisticVersionTest" />
    </UnitTest>
    <UnitTest name="TimeProfileInfragisticEvaluator102Constructor4Test" storage="d:\actions-runner\_work\xpco\xpco\common\sharedtimeprofile\videoos.common.sharedtimeprofile.unittests\bin\debug\net472\videoos.common.sharedtimeprofile.unittests.dll" id="97f1ae33-ac79-63cd-8488-a369047d52ba">
      <Execution id="31064451-0b25-49e6-b49b-2cf0136be948" />
      <TestMethod codeBase="D:\actions-runner\_work\XPCO\XPCO\Common\SharedTimeProfile\VideoOS.Common.SharedTimeProfile.UnitTests\bin\Debug\net472\VideoOS.Common.SharedTimeProfile.UnitTests.dll" adapterTypeName="executor://mstestadapter/v2" className="VideoOS.Common.SharedTimeProfile.UnitTests.TimeProfileInfragisticEvaluatorTest" name="TimeProfileInfragisticEvaluator102Constructor4Test" />
    </UnitTest>
    <UnitTest name="GetAppointmentsRecurringWeeklyWeekendDaysInfragisticVersionTest" storage="d:\actions-runner\_work\xpco\xpco\common\sharedtimeprofile\videoos.common.sharedtimeprofile.unittests\bin\debug\net472\videoos.common.sharedtimeprofile.unittests.dll" id="a9c0e9a2-5961-1ddf-83b5-960b4a859cf4">
      <Execution id="e25c8881-3185-4602-99c2-66f711fc25f3" />
      <TestMethod codeBase="D:\actions-runner\_work\XPCO\XPCO\Common\SharedTimeProfile\VideoOS.Common.SharedTimeProfile.UnitTests\bin\Debug\net472\VideoOS.Common.SharedTimeProfile.UnitTests.dll" adapterTypeName="executor://mstestadapter/v2" className="VideoOS.Common.SharedTimeProfile.UnitTests.TimeProfileInfragisticEvaluatorTest" name="GetAppointmentsRecurringWeeklyWeekendDaysInfragisticVersionTest" />
    </UnitTest>
    <UnitTest name="FromXmlNullTest" storage="d:\actions-runner\_work\xpco\xpco\common\sharedtimeprofile\videoos.common.sharedtimeprofile.unittests\bin\debug\net472\videoos.common.sharedtimeprofile.unittests.dll" id="81e71977-ba7a-13a9-9eac-14f563fb74b7">
      <Execution id="11133c27-7d7b-45c0-8d92-a11184350da9" />
      <TestMethod codeBase="D:\actions-runner\_work\XPCO\XPCO\Common\SharedTimeProfile\VideoOS.Common.SharedTimeProfile.UnitTests\bin\Debug\net472\VideoOS.Common.SharedTimeProfile.UnitTests.dll" adapterTypeName="executor://mstestadapter/v2" className="VideoOS.Common.SharedTimeProfile.UnitTests.TimeProfileSunClockDefinitionTest" name="FromXmlNullTest" />
    </UnitTest>
    <UnitTest name="CalculateSunriseSunsetWilliamTestAntarctica21JunSunset" storage="d:\actions-runner\_work\xpco\xpco\common\sharedtimeprofile\videoos.common.sharedtimeprofile.unittests\bin\debug\net472\videoos.common.sharedtimeprofile.unittests.dll" id="da43a862-7e0d-490e-d2dc-c4908f0429c2">
      <Execution id="59168500-945e-41f0-b872-f8b27abe0d81" />
      <TestMethod codeBase="D:\actions-runner\_work\XPCO\XPCO\Common\SharedTimeProfile\VideoOS.Common.SharedTimeProfile.UnitTests\bin\Debug\net472\VideoOS.Common.SharedTimeProfile.UnitTests.dll" adapterTypeName="executor://mstestadapter/v2" className="VideoOS.Common.SharedTimeProfile.UnitTests.TimeProfileSunClockEvaluatorTest" name="CalculateSunriseSunsetWilliamTestAntarctica21JunSunset" />
    </UnitTest>
    <UnitTest name="CalculateSunriseSunsetWilliamTestSanJuan21DecSunrise" storage="d:\actions-runner\_work\xpco\xpco\common\sharedtimeprofile\videoos.common.sharedtimeprofile.unittests\bin\debug\net472\videoos.common.sharedtimeprofile.unittests.dll" id="99916c62-573b-10c1-0e83-59e52a6e5d46">
      <Execution id="42b7b2ea-3e54-415e-a430-6b16f1881dce" />
      <TestMethod codeBase="D:\actions-runner\_work\XPCO\XPCO\Common\SharedTimeProfile\VideoOS.Common.SharedTimeProfile.UnitTests\bin\Debug\net472\VideoOS.Common.SharedTimeProfile.UnitTests.dll" adapterTypeName="executor://mstestadapter/v2" className="VideoOS.Common.SharedTimeProfile.UnitTests.TimeProfileSunClockEvaluatorTest" name="CalculateSunriseSunsetWilliamTestSanJuan21DecSunrise" />
    </UnitTest>
    <UnitTest name="EvaluateTimeTestSunClockSummerTime2" storage="d:\actions-runner\_work\xpco\xpco\common\sharedtimeprofile\videoos.common.sharedtimeprofile.unittests\bin\debug\net472\videoos.common.sharedtimeprofile.unittests.dll" id="2fd9d34f-cba7-bdbc-8fed-bcda57d9f7f4">
      <Execution id="9eb97eaf-a7f9-4115-9249-79b369338fa4" />
      <TestMethod codeBase="D:\actions-runner\_work\XPCO\XPCO\Common\SharedTimeProfile\VideoOS.Common.SharedTimeProfile.UnitTests\bin\Debug\net472\VideoOS.Common.SharedTimeProfile.UnitTests.dll" adapterTypeName="executor://mstestadapter/v2" className="VideoOS.Common.SharedTimeProfile.UnitTests.TimeProfileEvaluatorTest" name="EvaluateTimeTestSunClockSummerTime2" />
    </UnitTest>
    <UnitTest name="GetAppointmentsTestSummerTime1" storage="d:\actions-runner\_work\xpco\xpco\common\sharedtimeprofile\videoos.common.sharedtimeprofile.unittests\bin\debug\net472\videoos.common.sharedtimeprofile.unittests.dll" id="97a164e1-33b5-d9e2-8420-1ad84de9eab2">
      <Execution id="b59d19db-21e6-4e82-9733-b383cf3f0084" />
      <TestMethod codeBase="D:\actions-runner\_work\XPCO\XPCO\Common\SharedTimeProfile\VideoOS.Common.SharedTimeProfile.UnitTests\bin\Debug\net472\VideoOS.Common.SharedTimeProfile.UnitTests.dll" adapterTypeName="executor://mstestadapter/v2" className="VideoOS.Common.SharedTimeProfile.UnitTests.TimeProfileSunClockEvaluatorTest" name="GetAppointmentsTestSummerTime1" />
    </UnitTest>
    <UnitTest name="GetAppointmentsRecurringMonthlyFirstDayInfragisticVersionTest" storage="d:\actions-runner\_work\xpco\xpco\common\sharedtimeprofile\videoos.common.sharedtimeprofile.unittests\bin\debug\net472\videoos.common.sharedtimeprofile.unittests.dll" id="3d17ce89-3210-f546-00fd-703c5fe84b40">
      <Execution id="b846be83-aa61-4a01-b758-5e58d4f53ac5" />
      <TestMethod codeBase="D:\actions-runner\_work\XPCO\XPCO\Common\SharedTimeProfile\VideoOS.Common.SharedTimeProfile.UnitTests\bin\Debug\net472\VideoOS.Common.SharedTimeProfile.UnitTests.dll" adapterTypeName="executor://mstestadapter/v2" className="VideoOS.Common.SharedTimeProfile.UnitTests.TimeProfileInfragisticEvaluatorTest" name="GetAppointmentsRecurringMonthlyFirstDayInfragisticVersionTest" />
    </UnitTest>
    <UnitTest name="CalculateSunriseSunsetWilliamTestKiruna23SeptemberSunset" storage="d:\actions-runner\_work\xpco\xpco\common\sharedtimeprofile\videoos.common.sharedtimeprofile.unittests\bin\debug\net472\videoos.common.sharedtimeprofile.unittests.dll" id="5c500371-03a7-3df6-6cee-0cbfe6113b8e">
      <Execution id="576c82f0-55bf-476c-87f0-a8f158b4ca95" />
      <TestMethod codeBase="D:\actions-runner\_work\XPCO\XPCO\Common\SharedTimeProfile\VideoOS.Common.SharedTimeProfile.UnitTests\bin\Debug\net472\VideoOS.Common.SharedTimeProfile.UnitTests.dll" adapterTypeName="executor://mstestadapter/v2" className="VideoOS.Common.SharedTimeProfile.UnitTests.TimeProfileSunClockEvaluatorTest" name="CalculateSunriseSunsetWilliamTestKiruna23SeptemberSunset" />
    </UnitTest>
    <UnitTest name="CalculateSunriseSunsetWilliamTestBuenosAires21JunSunrise" storage="d:\actions-runner\_work\xpco\xpco\common\sharedtimeprofile\videoos.common.sharedtimeprofile.unittests\bin\debug\net472\videoos.common.sharedtimeprofile.unittests.dll" id="2d171bb0-2043-6d80-bc22-a89f4b288c92">
      <Execution id="155af4af-3fd5-42f2-a4c6-c743e96daa04" />
      <TestMethod codeBase="D:\actions-runner\_work\XPCO\XPCO\Common\SharedTimeProfile\VideoOS.Common.SharedTimeProfile.UnitTests\bin\Debug\net472\VideoOS.Common.SharedTimeProfile.UnitTests.dll" adapterTypeName="executor://mstestadapter/v2" className="VideoOS.Common.SharedTimeProfile.UnitTests.TimeProfileSunClockEvaluatorTest" name="CalculateSunriseSunsetWilliamTestBuenosAires21JunSunrise" />
    </UnitTest>
    <UnitTest name="GetSunriseSunsetAppointmentTestKiruna21JunPlus1TimeZone" storage="d:\actions-runner\_work\xpco\xpco\common\sharedtimeprofile\videoos.common.sharedtimeprofile.unittests\bin\debug\net472\videoos.common.sharedtimeprofile.unittests.dll" id="cf2c7d0c-6b61-f739-3a67-33940c390efd">
      <Execution id="b71b646b-ff3e-4d31-9713-2831c9e2767e" />
      <TestMethod codeBase="D:\actions-runner\_work\XPCO\XPCO\Common\SharedTimeProfile\VideoOS.Common.SharedTimeProfile.UnitTests\bin\Debug\net472\VideoOS.Common.SharedTimeProfile.UnitTests.dll" adapterTypeName="executor://mstestadapter/v2" className="VideoOS.Common.SharedTimeProfile.UnitTests.TimeProfileSunClockEvaluatorTest" name="GetSunriseSunsetAppointmentTestKiruna21JunPlus1TimeZone" />
    </UnitTest>
    <UnitTest name="TimeProfileSunClockDefinitionConstructor1NoFormatExceptionTest" storage="d:\actions-runner\_work\xpco\xpco\common\sharedtimeprofile\videoos.common.sharedtimeprofile.unittests\bin\debug\net472\videoos.common.sharedtimeprofile.unittests.dll" id="43bc81c2-7513-1043-7d61-fb5e6135a05f">
      <Execution id="a5b30e0b-2635-4e11-ae99-931975b3bd97" />
      <TestMethod codeBase="D:\actions-runner\_work\XPCO\XPCO\Common\SharedTimeProfile\VideoOS.Common.SharedTimeProfile.UnitTests\bin\Debug\net472\VideoOS.Common.SharedTimeProfile.UnitTests.dll" adapterTypeName="executor://mstestadapter/v2" className="VideoOS.Common.SharedTimeProfile.UnitTests.TimeProfileSunClockDefinitionTest" name="TimeProfileSunClockDefinitionConstructor1NoFormatExceptionTest" />
    </UnitTest>
    <UnitTest name="GPSCoordinateConstructorTest" storage="d:\actions-runner\_work\xpco\xpco\common\sharedtimeprofile\videoos.common.sharedtimeprofile.unittests\bin\debug\net472\videoos.common.sharedtimeprofile.unittests.dll" id="083d634b-dce6-e332-0e35-3195e8cdda0e">
      <Execution id="1f2cd7ff-4d48-4797-9370-d8c614a1c3ee" />
      <TestMethod codeBase="D:\actions-runner\_work\XPCO\XPCO\Common\SharedTimeProfile\VideoOS.Common.SharedTimeProfile.UnitTests\bin\Debug\net472\VideoOS.Common.SharedTimeProfile.UnitTests.dll" adapterTypeName="executor://mstestadapter/v2" className="VideoOS.Common.SharedTimeProfile.UnitTests.GPSCoordinateTest" name="GPSCoordinateConstructorTest" />
    </UnitTest>
    <UnitTest name="CalculateSunriseSunsetWilliamTestArctic21DecSunrise" storage="d:\actions-runner\_work\xpco\xpco\common\sharedtimeprofile\videoos.common.sharedtimeprofile.unittests\bin\debug\net472\videoos.common.sharedtimeprofile.unittests.dll" id="98547fda-fd1c-aa50-bd5f-2aac2f3b9969">
      <Execution id="5e52b874-6f80-4606-8598-242b649f53ef" />
      <TestMethod codeBase="D:\actions-runner\_work\XPCO\XPCO\Common\SharedTimeProfile\VideoOS.Common.SharedTimeProfile.UnitTests\bin\Debug\net472\VideoOS.Common.SharedTimeProfile.UnitTests.dll" adapterTypeName="executor://mstestadapter/v2" className="VideoOS.Common.SharedTimeProfile.UnitTests.TimeProfileSunClockEvaluatorTest" name="CalculateSunriseSunsetWilliamTestArctic21DecSunrise" />
    </UnitTest>
    <UnitTest name="CalculateSunriseSunsetWilliamTestBuenosAires21DecSunrise" storage="d:\actions-runner\_work\xpco\xpco\common\sharedtimeprofile\videoos.common.sharedtimeprofile.unittests\bin\debug\net472\videoos.common.sharedtimeprofile.unittests.dll" id="d27d6d4b-a1ae-f03a-7f93-c681a6507855">
      <Execution id="17a49bd6-eef2-408a-b1f4-fd2f6096f9f7" />
      <TestMethod codeBase="D:\actions-runner\_work\XPCO\XPCO\Common\SharedTimeProfile\VideoOS.Common.SharedTimeProfile.UnitTests\bin\Debug\net472\VideoOS.Common.SharedTimeProfile.UnitTests.dll" adapterTypeName="executor://mstestadapter/v2" className="VideoOS.Common.SharedTimeProfile.UnitTests.TimeProfileSunClockEvaluatorTest" name="CalculateSunriseSunsetWilliamTestBuenosAires21DecSunrise" />
    </UnitTest>
    <UnitTest name="TimeProfileEvaluatorConstructorTestNullDefinitionXml" storage="d:\actions-runner\_work\xpco\xpco\common\sharedtimeprofile\videoos.common.sharedtimeprofile.unittests\bin\debug\net472\videoos.common.sharedtimeprofile.unittests.dll" id="6bad88a9-7bc6-7751-208c-c037765a1c8e">
      <Execution id="9eb7bb0e-49a7-49bc-a855-dc807f6f4034" />
      <TestMethod codeBase="D:\actions-runner\_work\XPCO\XPCO\Common\SharedTimeProfile\VideoOS.Common.SharedTimeProfile.UnitTests\bin\Debug\net472\VideoOS.Common.SharedTimeProfile.UnitTests.dll" adapterTypeName="executor://mstestadapter/v2" className="VideoOS.Common.SharedTimeProfile.UnitTests.TimeProfileEvaluatorTest" name="TimeProfileEvaluatorConstructorTestNullDefinitionXml" />
    </UnitTest>
    <UnitTest name="GetAppointmentsRecurringMonthlyFirstMondayInfragisticVersionTest" storage="d:\actions-runner\_work\xpco\xpco\common\sharedtimeprofile\videoos.common.sharedtimeprofile.unittests\bin\debug\net472\videoos.common.sharedtimeprofile.unittests.dll" id="63918b10-115b-4ecc-a06c-6f18a053d544">
      <Execution id="935d3f28-ee15-4427-8f3a-e0f19e3e4989" />
      <TestMethod codeBase="D:\actions-runner\_work\XPCO\XPCO\Common\SharedTimeProfile\VideoOS.Common.SharedTimeProfile.UnitTests\bin\Debug\net472\VideoOS.Common.SharedTimeProfile.UnitTests.dll" adapterTypeName="executor://mstestadapter/v2" className="VideoOS.Common.SharedTimeProfile.UnitTests.TimeProfileInfragisticEvaluatorTest" name="GetAppointmentsRecurringMonthlyFirstMondayInfragisticVersionTest" />
    </UnitTest>
    <UnitTest name="TimeProfileInfragisticEvaluator102Constructor3Test" storage="d:\actions-runner\_work\xpco\xpco\common\sharedtimeprofile\videoos.common.sharedtimeprofile.unittests\bin\debug\net472\videoos.common.sharedtimeprofile.unittests.dll" id="bbdbc22d-3b1d-24a3-e99f-39741fd777d0">
      <Execution id="0bcc3be4-7450-42b2-b094-61c26c5ae127" />
      <TestMethod codeBase="D:\actions-runner\_work\XPCO\XPCO\Common\SharedTimeProfile\VideoOS.Common.SharedTimeProfile.UnitTests\bin\Debug\net472\VideoOS.Common.SharedTimeProfile.UnitTests.dll" adapterTypeName="executor://mstestadapter/v2" className="VideoOS.Common.SharedTimeProfile.UnitTests.TimeProfileInfragisticEvaluatorTest" name="TimeProfileInfragisticEvaluator102Constructor3Test" />
    </UnitTest>
    <UnitTest name="GetAppointmentsTestWinterTime2" storage="d:\actions-runner\_work\xpco\xpco\common\sharedtimeprofile\videoos.common.sharedtimeprofile.unittests\bin\debug\net472\videoos.common.sharedtimeprofile.unittests.dll" id="d56cb874-3cc7-e771-ca45-d471f8d52b03">
      <Execution id="901897b4-3bc0-40a9-a5c3-2d48a35048bb" />
      <TestMethod codeBase="D:\actions-runner\_work\XPCO\XPCO\Common\SharedTimeProfile\VideoOS.Common.SharedTimeProfile.UnitTests\bin\Debug\net472\VideoOS.Common.SharedTimeProfile.UnitTests.dll" adapterTypeName="executor://mstestadapter/v2" className="VideoOS.Common.SharedTimeProfile.UnitTests.TimeProfileSunClockEvaluatorTest" name="GetAppointmentsTestWinterTime2" />
    </UnitTest>
    <UnitTest name="EvaluateTimeTestInfragisticsSingleTime3days" storage="d:\actions-runner\_work\xpco\xpco\common\sharedtimeprofile\videoos.common.sharedtimeprofile.unittests\bin\debug\net472\videoos.common.sharedtimeprofile.unittests.dll" id="dd418f57-2bb1-2214-8d32-09969a0f8a5b">
      <Execution id="2b3ca4e4-20d9-4ac1-a3f1-9b03479769f2" />
      <TestMethod codeBase="D:\actions-runner\_work\XPCO\XPCO\Common\SharedTimeProfile\VideoOS.Common.SharedTimeProfile.UnitTests\bin\Debug\net472\VideoOS.Common.SharedTimeProfile.UnitTests.dll" adapterTypeName="executor://mstestadapter/v2" className="VideoOS.Common.SharedTimeProfile.UnitTests.TimeProfileEvaluatorTest" name="EvaluateTimeTestInfragisticsSingleTime3days" />
    </UnitTest>
    <UnitTest name="SunSetOffsetTest" storage="d:\actions-runner\_work\xpco\xpco\common\sharedtimeprofile\videoos.common.sharedtimeprofile.unittests\bin\debug\net472\videoos.common.sharedtimeprofile.unittests.dll" id="a88ddc68-d3ca-c696-d84d-798cdc152c8a">
      <Execution id="35bde1db-ace0-4520-bb38-a12efbaf658f" />
      <TestMethod codeBase="D:\actions-runner\_work\XPCO\XPCO\Common\SharedTimeProfile\VideoOS.Common.SharedTimeProfile.UnitTests\bin\Debug\net472\VideoOS.Common.SharedTimeProfile.UnitTests.dll" adapterTypeName="executor://mstestadapter/v2" className="VideoOS.Common.SharedTimeProfile.UnitTests.TimeProfileSunClockDefinitionTest" name="SunSetOffsetTest" />
    </UnitTest>
    <UnitTest name="GetAppointmentsTestCopenhagen21JunMinus10TimeZone" storage="d:\actions-runner\_work\xpco\xpco\common\sharedtimeprofile\videoos.common.sharedtimeprofile.unittests\bin\debug\net472\videoos.common.sharedtimeprofile.unittests.dll" id="e9a07dd0-6729-f12f-e594-01bce1bc7528">
      <Execution id="a022183e-3d2f-409c-8015-907a78cd22c7" />
      <TestMethod codeBase="D:\actions-runner\_work\XPCO\XPCO\Common\SharedTimeProfile\VideoOS.Common.SharedTimeProfile.UnitTests\bin\Debug\net472\VideoOS.Common.SharedTimeProfile.UnitTests.dll" adapterTypeName="executor://mstestadapter/v2" className="VideoOS.Common.SharedTimeProfile.UnitTests.TimeProfileSunClockEvaluatorTest" name="GetAppointmentsTestCopenhagen21JunMinus10TimeZone" />
    </UnitTest>
    <UnitTest name="GpsParserTest1_1BlocksNorthWest" storage="d:\actions-runner\_work\xpco\xpco\common\sharedtimeprofile\videoos.common.sharedtimeprofile.unittests\bin\debug\net472\videoos.common.sharedtimeprofile.unittests.dll" id="8552834d-1a3a-4d11-4b34-5b74cb44f721">
      <Execution id="ea2a1901-5667-4704-95b8-fe1b448c375e" />
      <TestMethod codeBase="D:\actions-runner\_work\XPCO\XPCO\Common\SharedTimeProfile\VideoOS.Common.SharedTimeProfile.UnitTests\bin\Debug\net472\VideoOS.Common.SharedTimeProfile.UnitTests.dll" adapterTypeName="executor://mstestadapter/v2" className="VideoOS.Common.SharedTimeProfile.UnitTests.GPSCoordinateTest" name="GpsParserTest1_1BlocksNorthWest" />
    </UnitTest>
    <UnitTest name="TimeProfileEvaluatorConstructorTestSunClock" storage="d:\actions-runner\_work\xpco\xpco\common\sharedtimeprofile\videoos.common.sharedtimeprofile.unittests\bin\debug\net472\videoos.common.sharedtimeprofile.unittests.dll" id="66f2d804-79b8-66cd-65a4-90df10d2e648">
      <Execution id="2a04c5c5-ed75-4764-a7be-07b43873d04f" />
      <TestMethod codeBase="D:\actions-runner\_work\XPCO\XPCO\Common\SharedTimeProfile\VideoOS.Common.SharedTimeProfile.UnitTests\bin\Debug\net472\VideoOS.Common.SharedTimeProfile.UnitTests.dll" adapterTypeName="executor://mstestadapter/v2" className="VideoOS.Common.SharedTimeProfile.UnitTests.TimeProfileEvaluatorTest" name="TimeProfileEvaluatorConstructorTestSunClock" />
    </UnitTest>
    <UnitTest name="ConvertGpsValueTestIndex0Length2" storage="d:\actions-runner\_work\xpco\xpco\common\sharedtimeprofile\videoos.common.sharedtimeprofile.unittests\bin\debug\net472\videoos.common.sharedtimeprofile.unittests.dll" id="b938de7b-7f73-e630-d3f9-f037248a6a21">
      <Execution id="bf1bb79e-f165-40f5-88fd-ffede7d6097c" />
      <TestMethod codeBase="D:\actions-runner\_work\XPCO\XPCO\Common\SharedTimeProfile\VideoOS.Common.SharedTimeProfile.UnitTests\bin\Debug\net472\VideoOS.Common.SharedTimeProfile.UnitTests.dll" adapterTypeName="executor://mstestadapter/v2" className="VideoOS.Common.SharedTimeProfile.UnitTests.GPSCoordinateTest" name="ConvertGpsValueTestIndex0Length2" />
    </UnitTest>
    <UnitTest name="GetAppointmentsSingleTest" storage="d:\actions-runner\_work\xpco\xpco\common\sharedtimeprofile\videoos.common.sharedtimeprofile.unittests\bin\debug\net472\videoos.common.sharedtimeprofile.unittests.dll" id="ff921edb-f8f6-eb69-b885-d9a475988f7d">
      <Execution id="c4715e41-0f4f-4c7f-a82d-fcb1db378584" />
      <TestMethod codeBase="D:\actions-runner\_work\XPCO\XPCO\Common\SharedTimeProfile\VideoOS.Common.SharedTimeProfile.UnitTests\bin\Debug\net472\VideoOS.Common.SharedTimeProfile.UnitTests.dll" adapterTypeName="executor://mstestadapter/v2" className="VideoOS.Common.SharedTimeProfile.UnitTests.TimeProfileInfragisticEvaluatorTest" name="GetAppointmentsSingleTest" />
    </UnitTest>
    <UnitTest name="TimeProfileSunClockDefinitionConstructorSunRiseOutOfRange1Test" storage="d:\actions-runner\_work\xpco\xpco\common\sharedtimeprofile\videoos.common.sharedtimeprofile.unittests\bin\debug\net472\videoos.common.sharedtimeprofile.unittests.dll" id="ef74b673-7910-715e-8b86-bacd53300431">
      <Execution id="22f35c58-fc26-4632-8c51-b95915f8e03c" />
      <TestMethod codeBase="D:\actions-runner\_work\XPCO\XPCO\Common\SharedTimeProfile\VideoOS.Common.SharedTimeProfile.UnitTests\bin\Debug\net472\VideoOS.Common.SharedTimeProfile.UnitTests.dll" adapterTypeName="executor://mstestadapter/v2" className="VideoOS.Common.SharedTimeProfile.UnitTests.TimeProfileSunClockDefinitionTest" name="TimeProfileSunClockDefinitionConstructorSunRiseOutOfRange1Test" />
    </UnitTest>
    <UnitTest name="TimeProfileInfragisticEvaluator63Constructor6Test" storage="d:\actions-runner\_work\xpco\xpco\common\sharedtimeprofile\videoos.common.sharedtimeprofile.unittests\bin\debug\net472\videoos.common.sharedtimeprofile.unittests.dll" id="7e4c6da8-c812-3247-fb29-39e83a8dcaf6">
      <Execution id="3df8f052-0d75-4791-bbc7-0a1ac120c106" />
      <TestMethod codeBase="D:\actions-runner\_work\XPCO\XPCO\Common\SharedTimeProfile\VideoOS.Common.SharedTimeProfile.UnitTests\bin\Debug\net472\VideoOS.Common.SharedTimeProfile.UnitTests.dll" adapterTypeName="executor://mstestadapter/v2" className="VideoOS.Common.SharedTimeProfile.UnitTests.TimeProfileInfragisticEvaluatorTest" name="TimeProfileInfragisticEvaluator63Constructor6Test" />
    </UnitTest>
    <UnitTest name="GpsParserTest3_2Blocks" storage="d:\actions-runner\_work\xpco\xpco\common\sharedtimeprofile\videoos.common.sharedtimeprofile.unittests\bin\debug\net472\videoos.common.sharedtimeprofile.unittests.dll" id="f429d6a0-c09a-0533-4616-de26584ea64d">
      <Execution id="685bf982-1d7e-49cf-a1b6-04f3ede31191" />
      <TestMethod codeBase="D:\actions-runner\_work\XPCO\XPCO\Common\SharedTimeProfile\VideoOS.Common.SharedTimeProfile.UnitTests\bin\Debug\net472\VideoOS.Common.SharedTimeProfile.UnitTests.dll" adapterTypeName="executor://mstestadapter/v2" className="VideoOS.Common.SharedTimeProfile.UnitTests.GPSCoordinateTest" name="GpsParserTest3_2Blocks" />
    </UnitTest>
    <UnitTest name="ConvertGpsValueTestIndex1Length2" storage="d:\actions-runner\_work\xpco\xpco\common\sharedtimeprofile\videoos.common.sharedtimeprofile.unittests\bin\debug\net472\videoos.common.sharedtimeprofile.unittests.dll" id="37837a70-a803-dd80-bb23-9d8e7ca4a19b">
      <Execution id="145d9afc-82ba-4ff5-9d2e-20a051e00f6d" />
      <TestMethod codeBase="D:\actions-runner\_work\XPCO\XPCO\Common\SharedTimeProfile\VideoOS.Common.SharedTimeProfile.UnitTests\bin\Debug\net472\VideoOS.Common.SharedTimeProfile.UnitTests.dll" adapterTypeName="executor://mstestadapter/v2" className="VideoOS.Common.SharedTimeProfile.UnitTests.GPSCoordinateTest" name="ConvertGpsValueTestIndex1Length2" />
    </UnitTest>
    <UnitTest name="GpsParserTestInvalidNoOfDirectionSpecifiers1" storage="d:\actions-runner\_work\xpco\xpco\common\sharedtimeprofile\videoos.common.sharedtimeprofile.unittests\bin\debug\net472\videoos.common.sharedtimeprofile.unittests.dll" id="224b2ed7-c50c-8d48-672a-c827e07a3a62">
      <Execution id="75e75708-072d-4d1f-972e-abed871fe76e" />
      <TestMethod codeBase="D:\actions-runner\_work\XPCO\XPCO\Common\SharedTimeProfile\VideoOS.Common.SharedTimeProfile.UnitTests\bin\Debug\net472\VideoOS.Common.SharedTimeProfile.UnitTests.dll" adapterTypeName="executor://mstestadapter/v2" className="VideoOS.Common.SharedTimeProfile.UnitTests.GPSCoordinateTest" name="GpsParserTestInvalidNoOfDirectionSpecifiers1" />
    </UnitTest>
    <UnitTest name="TimeProfileInfragisticEvaluator63Constructor9Test" storage="d:\actions-runner\_work\xpco\xpco\common\sharedtimeprofile\videoos.common.sharedtimeprofile.unittests\bin\debug\net472\videoos.common.sharedtimeprofile.unittests.dll" id="99e4cc0d-0163-4873-065f-3272086b9afd">
      <Execution id="e1f52098-bd9c-499d-a161-3193e8f18999" />
      <TestMethod codeBase="D:\actions-runner\_work\XPCO\XPCO\Common\SharedTimeProfile\VideoOS.Common.SharedTimeProfile.UnitTests\bin\Debug\net472\VideoOS.Common.SharedTimeProfile.UnitTests.dll" adapterTypeName="executor://mstestadapter/v2" className="VideoOS.Common.SharedTimeProfile.UnitTests.TimeProfileInfragisticEvaluatorTest" name="TimeProfileInfragisticEvaluator63Constructor9Test" />
    </UnitTest>
    <UnitTest name="GpsParserTestInvalid7Blocks" storage="d:\actions-runner\_work\xpco\xpco\common\sharedtimeprofile\videoos.common.sharedtimeprofile.unittests\bin\debug\net472\videoos.common.sharedtimeprofile.unittests.dll" id="39a6745d-dcb1-8821-532a-08343e75e547">
      <Execution id="d36273f2-f5ca-442b-9148-4379da605adb" />
      <TestMethod codeBase="D:\actions-runner\_work\XPCO\XPCO\Common\SharedTimeProfile\VideoOS.Common.SharedTimeProfile.UnitTests\bin\Debug\net472\VideoOS.Common.SharedTimeProfile.UnitTests.dll" adapterTypeName="executor://mstestadapter/v2" className="VideoOS.Common.SharedTimeProfile.UnitTests.GPSCoordinateTest" name="GpsParserTestInvalid7Blocks" />
    </UnitTest>
    <UnitTest name="EvaluateTimeTestInfragisticsRecurringAboveDayLimit" storage="d:\actions-runner\_work\xpco\xpco\common\sharedtimeprofile\videoos.common.sharedtimeprofile.unittests\bin\debug\net472\videoos.common.sharedtimeprofile.unittests.dll" id="10ff8446-33ac-f92d-dee3-4cf38bc4c921">
      <Execution id="958646d2-c266-478b-96fc-1dae5a2ba041" />
      <TestMethod codeBase="D:\actions-runner\_work\XPCO\XPCO\Common\SharedTimeProfile\VideoOS.Common.SharedTimeProfile.UnitTests\bin\Debug\net472\VideoOS.Common.SharedTimeProfile.UnitTests.dll" adapterTypeName="executor://mstestadapter/v2" className="VideoOS.Common.SharedTimeProfile.UnitTests.TimeProfileEvaluatorTest" name="EvaluateTimeTestInfragisticsRecurringAboveDayLimit" />
    </UnitTest>
    <UnitTest name="ConvertGpsValueTestInvalidIndex1" storage="d:\actions-runner\_work\xpco\xpco\common\sharedtimeprofile\videoos.common.sharedtimeprofile.unittests\bin\debug\net472\videoos.common.sharedtimeprofile.unittests.dll" id="601a8b9d-af25-5815-020c-08901a8fd3d6">
      <Execution id="74e2a5ef-b3ac-4dba-97f8-0733df47122c" />
      <TestMethod codeBase="D:\actions-runner\_work\XPCO\XPCO\Common\SharedTimeProfile\VideoOS.Common.SharedTimeProfile.UnitTests\bin\Debug\net472\VideoOS.Common.SharedTimeProfile.UnitTests.dll" adapterTypeName="executor://mstestadapter/v2" className="VideoOS.Common.SharedTimeProfile.UnitTests.GPSCoordinateTest" name="ConvertGpsValueTestInvalidIndex1" />
    </UnitTest>
    <UnitTest name="GetSunriseSunsetAppointmentTestHonolulu21DecPlus10TimeZone" storage="d:\actions-runner\_work\xpco\xpco\common\sharedtimeprofile\videoos.common.sharedtimeprofile.unittests\bin\debug\net472\videoos.common.sharedtimeprofile.unittests.dll" id="ee934518-f88b-4f82-78eb-55d1cfe6d346">
      <Execution id="10eb1e3f-f741-471b-bc32-db4da9055bf1" />
      <TestMethod codeBase="D:\actions-runner\_work\XPCO\XPCO\Common\SharedTimeProfile\VideoOS.Common.SharedTimeProfile.UnitTests\bin\Debug\net472\VideoOS.Common.SharedTimeProfile.UnitTests.dll" adapterTypeName="executor://mstestadapter/v2" className="VideoOS.Common.SharedTimeProfile.UnitTests.TimeProfileSunClockEvaluatorTest" name="GetSunriseSunsetAppointmentTestHonolulu21DecPlus10TimeZone" />
    </UnitTest>
    <UnitTest name="CalculateSunriseSunsetWilliamTestCopenhagen21JunSunrise" storage="d:\actions-runner\_work\xpco\xpco\common\sharedtimeprofile\videoos.common.sharedtimeprofile.unittests\bin\debug\net472\videoos.common.sharedtimeprofile.unittests.dll" id="95769f18-41d8-ea9d-fda8-55b834c2d6a9">
      <Execution id="6adaa318-a0b6-451a-9ba2-f1899690fe3d" />
      <TestMethod codeBase="D:\actions-runner\_work\XPCO\XPCO\Common\SharedTimeProfile\VideoOS.Common.SharedTimeProfile.UnitTests\bin\Debug\net472\VideoOS.Common.SharedTimeProfile.UnitTests.dll" adapterTypeName="executor://mstestadapter/v2" className="VideoOS.Common.SharedTimeProfile.UnitTests.TimeProfileSunClockEvaluatorTest" name="CalculateSunriseSunsetWilliamTestCopenhagen21JunSunrise" />
    </UnitTest>
    <UnitTest name="GpsParserTestInvalidNoOfDirectionSpecifiers2" storage="d:\actions-runner\_work\xpco\xpco\common\sharedtimeprofile\videoos.common.sharedtimeprofile.unittests\bin\debug\net472\videoos.common.sharedtimeprofile.unittests.dll" id="b3811ac6-fd4f-a054-c7bf-adbc877fe529">
      <Execution id="400148e2-4895-40fa-88e5-f5d96a7a25bc" />
      <TestMethod codeBase="D:\actions-runner\_work\XPCO\XPCO\Common\SharedTimeProfile\VideoOS.Common.SharedTimeProfile.UnitTests\bin\Debug\net472\VideoOS.Common.SharedTimeProfile.UnitTests.dll" adapterTypeName="executor://mstestadapter/v2" className="VideoOS.Common.SharedTimeProfile.UnitTests.GPSCoordinateTest" name="GpsParserTestInvalidNoOfDirectionSpecifiers2" />
    </UnitTest>
    <UnitTest name="GetSunriseSunsetAppointmentTestSidney21DecUtcTimeZone" storage="d:\actions-runner\_work\xpco\xpco\common\sharedtimeprofile\videoos.common.sharedtimeprofile.unittests\bin\debug\net472\videoos.common.sharedtimeprofile.unittests.dll" id="78cc1d74-df64-4a58-3808-f9ee620ba970">
      <Execution id="dfa34149-89f9-455d-9f4e-eec2cf34bffa" />
      <TestMethod codeBase="D:\actions-runner\_work\XPCO\XPCO\Common\SharedTimeProfile\VideoOS.Common.SharedTimeProfile.UnitTests\bin\Debug\net472\VideoOS.Common.SharedTimeProfile.UnitTests.dll" adapterTypeName="executor://mstestadapter/v2" className="VideoOS.Common.SharedTimeProfile.UnitTests.TimeProfileSunClockEvaluatorTest" name="GetSunriseSunsetAppointmentTestSidney21DecUtcTimeZone" />
    </UnitTest>
    <UnitTest name="GetAppointmentsRecurringYearlyFirstMondayMartsInfragisticVersionTest" storage="d:\actions-runner\_work\xpco\xpco\common\sharedtimeprofile\videoos.common.sharedtimeprofile.unittests\bin\debug\net472\videoos.common.sharedtimeprofile.unittests.dll" id="6d0c8991-6d20-2067-f426-7bcd07804623">
      <Execution id="df874cb3-68e6-4a12-922d-f73dc25e3eed" />
      <TestMethod codeBase="D:\actions-runner\_work\XPCO\XPCO\Common\SharedTimeProfile\VideoOS.Common.SharedTimeProfile.UnitTests\bin\Debug\net472\VideoOS.Common.SharedTimeProfile.UnitTests.dll" adapterTypeName="executor://mstestadapter/v2" className="VideoOS.Common.SharedTimeProfile.UnitTests.TimeProfileInfragisticEvaluatorTest" name="GetAppointmentsRecurringYearlyFirstMondayMartsInfragisticVersionTest" />
    </UnitTest>
    <UnitTest name="CalculateSunriseSunsetWilliamTestNearAntarctica21DecSunrise" storage="d:\actions-runner\_work\xpco\xpco\common\sharedtimeprofile\videoos.common.sharedtimeprofile.unittests\bin\debug\net472\videoos.common.sharedtimeprofile.unittests.dll" id="a6602191-84b6-37cb-cd64-033d6703a5ac">
      <Execution id="05fec865-f699-4d2f-b961-2398e189426f" />
      <TestMethod codeBase="D:\actions-runner\_work\XPCO\XPCO\Common\SharedTimeProfile\VideoOS.Common.SharedTimeProfile.UnitTests\bin\Debug\net472\VideoOS.Common.SharedTimeProfile.UnitTests.dll" adapterTypeName="executor://mstestadapter/v2" className="VideoOS.Common.SharedTimeProfile.UnitTests.TimeProfileSunClockEvaluatorTest" name="CalculateSunriseSunsetWilliamTestNearAntarctica21DecSunrise" />
    </UnitTest>
    <UnitTest name="GPSCoordinateConstructorTest1InvalidLatitude" storage="d:\actions-runner\_work\xpco\xpco\common\sharedtimeprofile\videoos.common.sharedtimeprofile.unittests\bin\debug\net472\videoos.common.sharedtimeprofile.unittests.dll" id="bf0e1f02-72f8-fbe6-2a38-9dde966c14d6">
      <Execution id="84d1abf1-aa92-4d7d-8cd0-f38afddaa366" />
      <TestMethod codeBase="D:\actions-runner\_work\XPCO\XPCO\Common\SharedTimeProfile\VideoOS.Common.SharedTimeProfile.UnitTests\bin\Debug\net472\VideoOS.Common.SharedTimeProfile.UnitTests.dll" adapterTypeName="executor://mstestadapter/v2" className="VideoOS.Common.SharedTimeProfile.UnitTests.GPSCoordinateTest" name="GPSCoordinateConstructorTest1InvalidLatitude" />
    </UnitTest>
    <UnitTest name="FromXmlInvalidXmlMissingSectionSunRiseOffsetTest" storage="d:\actions-runner\_work\xpco\xpco\common\sharedtimeprofile\videoos.common.sharedtimeprofile.unittests\bin\debug\net472\videoos.common.sharedtimeprofile.unittests.dll" id="89815a9b-061a-1121-5fe5-12b12a1ffcfc">
      <Execution id="b774c7ba-5a89-46ae-b3b2-821e51d38387" />
      <TestMethod codeBase="D:\actions-runner\_work\XPCO\XPCO\Common\SharedTimeProfile\VideoOS.Common.SharedTimeProfile.UnitTests\bin\Debug\net472\VideoOS.Common.SharedTimeProfile.UnitTests.dll" adapterTypeName="executor://mstestadapter/v2" className="VideoOS.Common.SharedTimeProfile.UnitTests.TimeProfileSunClockDefinitionTest" name="FromXmlInvalidXmlMissingSectionSunRiseOffsetTest" />
    </UnitTest>
    <UnitTest name="CalculateSunriseSunsetWilliamTestCopenhagen21DecSunset" storage="d:\actions-runner\_work\xpco\xpco\common\sharedtimeprofile\videoos.common.sharedtimeprofile.unittests\bin\debug\net472\videoos.common.sharedtimeprofile.unittests.dll" id="731c999f-7279-7d95-25b3-30ede6433f95">
      <Execution id="ecb078ca-c83f-4899-8c73-285d499c6a1d" />
      <TestMethod codeBase="D:\actions-runner\_work\XPCO\XPCO\Common\SharedTimeProfile\VideoOS.Common.SharedTimeProfile.UnitTests\bin\Debug\net472\VideoOS.Common.SharedTimeProfile.UnitTests.dll" adapterTypeName="executor://mstestadapter/v2" className="VideoOS.Common.SharedTimeProfile.UnitTests.TimeProfileSunClockEvaluatorTest" name="CalculateSunriseSunsetWilliamTestCopenhagen21DecSunset" />
    </UnitTest>
    <UnitTest name="TimeProfileInfragisticEvaluator102Constructor17Test" storage="d:\actions-runner\_work\xpco\xpco\common\sharedtimeprofile\videoos.common.sharedtimeprofile.unittests\bin\debug\net472\videoos.common.sharedtimeprofile.unittests.dll" id="9876b079-020e-6f1e-7cf3-b38fbeaa1560">
      <Execution id="95194b49-ab56-420b-a90f-968cbe31402d" />
      <TestMethod codeBase="D:\actions-runner\_work\XPCO\XPCO\Common\SharedTimeProfile\VideoOS.Common.SharedTimeProfile.UnitTests\bin\Debug\net472\VideoOS.Common.SharedTimeProfile.UnitTests.dll" adapterTypeName="executor://mstestadapter/v2" className="VideoOS.Common.SharedTimeProfile.UnitTests.TimeProfileInfragisticEvaluatorTest" name="TimeProfileInfragisticEvaluator102Constructor17Test" />
    </UnitTest>
    <UnitTest name="GpsParserTestInvalidNorthMinusCombincation" storage="d:\actions-runner\_work\xpco\xpco\common\sharedtimeprofile\videoos.common.sharedtimeprofile.unittests\bin\debug\net472\videoos.common.sharedtimeprofile.unittests.dll" id="55bca526-b7ba-2363-fd1f-ab4d049d6012">
      <Execution id="5c8c2794-e6b4-4924-97d6-2016a0fd2403" />
      <TestMethod codeBase="D:\actions-runner\_work\XPCO\XPCO\Common\SharedTimeProfile\VideoOS.Common.SharedTimeProfile.UnitTests\bin\Debug\net472\VideoOS.Common.SharedTimeProfile.UnitTests.dll" adapterTypeName="executor://mstestadapter/v2" className="VideoOS.Common.SharedTimeProfile.UnitTests.GPSCoordinateTest" name="GpsParserTestInvalidNorthMinusCombincation" />
    </UnitTest>
    <UnitTest name="GpsParserTestInvalidDecimalSeparator" storage="d:\actions-runner\_work\xpco\xpco\common\sharedtimeprofile\videoos.common.sharedtimeprofile.unittests\bin\debug\net472\videoos.common.sharedtimeprofile.unittests.dll" id="6fab70ae-2467-09e6-79ca-39e0261c423e">
      <Execution id="926529e9-74b4-4497-acfb-cf2a0d1f459e" />
      <TestMethod codeBase="D:\actions-runner\_work\XPCO\XPCO\Common\SharedTimeProfile\VideoOS.Common.SharedTimeProfile.UnitTests\bin\Debug\net472\VideoOS.Common.SharedTimeProfile.UnitTests.dll" adapterTypeName="executor://mstestadapter/v2" className="VideoOS.Common.SharedTimeProfile.UnitTests.GPSCoordinateTest" name="GpsParserTestInvalidDecimalSeparator" />
    </UnitTest>
    <UnitTest name="ConvertGpsValueTestIndex2Length3" storage="d:\actions-runner\_work\xpco\xpco\common\sharedtimeprofile\videoos.common.sharedtimeprofile.unittests\bin\debug\net472\videoos.common.sharedtimeprofile.unittests.dll" id="13b564b3-27f7-00f6-3dcd-dce6c4b25a8f">
      <Execution id="b25473fb-0cce-477b-9c80-a5ab27142bfb" />
      <TestMethod codeBase="D:\actions-runner\_work\XPCO\XPCO\Common\SharedTimeProfile\VideoOS.Common.SharedTimeProfile.UnitTests\bin\Debug\net472\VideoOS.Common.SharedTimeProfile.UnitTests.dll" adapterTypeName="executor://mstestadapter/v2" className="VideoOS.Common.SharedTimeProfile.UnitTests.GPSCoordinateTest" name="ConvertGpsValueTestIndex2Length3" />
    </UnitTest>
    <UnitTest name="GPSCoordinateConstructorTestLongitudeOutOfRange" storage="d:\actions-runner\_work\xpco\xpco\common\sharedtimeprofile\videoos.common.sharedtimeprofile.unittests\bin\debug\net472\videoos.common.sharedtimeprofile.unittests.dll" id="2ae53916-48d8-9410-5fd3-b57a8d347e88">
      <Execution id="464d1608-1296-4d2e-ac1c-2c638c96e081" />
      <TestMethod codeBase="D:\actions-runner\_work\XPCO\XPCO\Common\SharedTimeProfile\VideoOS.Common.SharedTimeProfile.UnitTests\bin\Debug\net472\VideoOS.Common.SharedTimeProfile.UnitTests.dll" adapterTypeName="executor://mstestadapter/v2" className="VideoOS.Common.SharedTimeProfile.UnitTests.GPSCoordinateTest" name="GPSCoordinateConstructorTestLongitudeOutOfRange" />
    </UnitTest>
    <UnitTest name="GetAppointmentsAllDayTest" storage="d:\actions-runner\_work\xpco\xpco\common\sharedtimeprofile\videoos.common.sharedtimeprofile.unittests\bin\debug\net472\videoos.common.sharedtimeprofile.unittests.dll" id="211bea4d-1328-f6f3-0d72-e889b4994eb5">
      <Execution id="b9b8cc5f-89d2-4c53-bf78-2c4478c297f8" />
      <TestMethod codeBase="D:\actions-runner\_work\XPCO\XPCO\Common\SharedTimeProfile\VideoOS.Common.SharedTimeProfile.UnitTests\bin\Debug\net472\VideoOS.Common.SharedTimeProfile.UnitTests.dll" adapterTypeName="executor://mstestadapter/v2" className="VideoOS.Common.SharedTimeProfile.UnitTests.TimeProfileInfragisticEvaluatorTest" name="GetAppointmentsAllDayTest" />
    </UnitTest>
    <UnitTest name="CalculateSunriseSunsetWilliamTestNearAntarctica21DecSunset" storage="d:\actions-runner\_work\xpco\xpco\common\sharedtimeprofile\videoos.common.sharedtimeprofile.unittests\bin\debug\net472\videoos.common.sharedtimeprofile.unittests.dll" id="b17474d1-50ec-2b9e-79f1-c113f0592a16">
      <Execution id="883274a6-d950-4e26-aeac-b1a73055b2bd" />
      <TestMethod codeBase="D:\actions-runner\_work\XPCO\XPCO\Common\SharedTimeProfile\VideoOS.Common.SharedTimeProfile.UnitTests\bin\Debug\net472\VideoOS.Common.SharedTimeProfile.UnitTests.dll" adapterTypeName="executor://mstestadapter/v2" className="VideoOS.Common.SharedTimeProfile.UnitTests.TimeProfileSunClockEvaluatorTest" name="CalculateSunriseSunsetWilliamTestNearAntarctica21DecSunset" />
    </UnitTest>
    <UnitTest name="CalculateSunriseSunsetWilliamTestArctic20MarchSunrise" storage="d:\actions-runner\_work\xpco\xpco\common\sharedtimeprofile\videoos.common.sharedtimeprofile.unittests\bin\debug\net472\videoos.common.sharedtimeprofile.unittests.dll" id="2bf67104-0467-894b-4e19-c5a6e1230147">
      <Execution id="e54d78f3-0dcb-41a1-8b24-d4fe774b4214" />
      <TestMethod codeBase="D:\actions-runner\_work\XPCO\XPCO\Common\SharedTimeProfile\VideoOS.Common.SharedTimeProfile.UnitTests\bin\Debug\net472\VideoOS.Common.SharedTimeProfile.UnitTests.dll" adapterTypeName="executor://mstestadapter/v2" className="VideoOS.Common.SharedTimeProfile.UnitTests.TimeProfileSunClockEvaluatorTest" name="CalculateSunriseSunsetWilliamTestArctic20MarchSunrise" />
    </UnitTest>
    <UnitTest name="EvaluateTimeTestSunClockIncorrectGpsCoordinate" storage="d:\actions-runner\_work\xpco\xpco\common\sharedtimeprofile\videoos.common.sharedtimeprofile.unittests\bin\debug\net472\videoos.common.sharedtimeprofile.unittests.dll" id="92d2145c-cef0-3ac9-b908-48f12faae074">
      <Execution id="ce1bd3bf-31e0-4438-b77e-24c7062435ea" />
      <TestMethod codeBase="D:\actions-runner\_work\XPCO\XPCO\Common\SharedTimeProfile\VideoOS.Common.SharedTimeProfile.UnitTests\bin\Debug\net472\VideoOS.Common.SharedTimeProfile.UnitTests.dll" adapterTypeName="executor://mstestadapter/v2" className="VideoOS.Common.SharedTimeProfile.UnitTests.TimeProfileEvaluatorTest" name="EvaluateTimeTestSunClockIncorrectGpsCoordinate" />
    </UnitTest>
    <UnitTest name="ConvertGpsValueTestInvalidDoubleString1" storage="d:\actions-runner\_work\xpco\xpco\common\sharedtimeprofile\videoos.common.sharedtimeprofile.unittests\bin\debug\net472\videoos.common.sharedtimeprofile.unittests.dll" id="a1b3e267-057f-3eb9-8b1a-ba91db42c476">
      <Execution id="e3d69cf0-80b0-4dc0-99be-b1024d179130" />
      <TestMethod codeBase="D:\actions-runner\_work\XPCO\XPCO\Common\SharedTimeProfile\VideoOS.Common.SharedTimeProfile.UnitTests\bin\Debug\net472\VideoOS.Common.SharedTimeProfile.UnitTests.dll" adapterTypeName="executor://mstestadapter/v2" className="VideoOS.Common.SharedTimeProfile.UnitTests.GPSCoordinateTest" name="ConvertGpsValueTestInvalidDoubleString1" />
    </UnitTest>
    <UnitTest name="CalculateSunriseSunsetWilliamTestDaresSalaam21DecSunrise" storage="d:\actions-runner\_work\xpco\xpco\common\sharedtimeprofile\videoos.common.sharedtimeprofile.unittests\bin\debug\net472\videoos.common.sharedtimeprofile.unittests.dll" id="3750960b-7d45-8312-b267-2f43c66f0ff7">
      <Execution id="d8a53700-8412-42a4-ad12-9f8a7fea2f96" />
      <TestMethod codeBase="D:\actions-runner\_work\XPCO\XPCO\Common\SharedTimeProfile\VideoOS.Common.SharedTimeProfile.UnitTests\bin\Debug\net472\VideoOS.Common.SharedTimeProfile.UnitTests.dll" adapterTypeName="executor://mstestadapter/v2" className="VideoOS.Common.SharedTimeProfile.UnitTests.TimeProfileSunClockEvaluatorTest" name="CalculateSunriseSunsetWilliamTestDaresSalaam21DecSunrise" />
    </UnitTest>
    <UnitTest name="ConvertGpsValueTestInvalidDoubleString4" storage="d:\actions-runner\_work\xpco\xpco\common\sharedtimeprofile\videoos.common.sharedtimeprofile.unittests\bin\debug\net472\videoos.common.sharedtimeprofile.unittests.dll" id="6c08dc40-3562-5ab3-fac7-e7b7f6da18bf">
      <Execution id="818c9bb7-0507-442e-a68c-cbf0fb33605e" />
      <TestMethod codeBase="D:\actions-runner\_work\XPCO\XPCO\Common\SharedTimeProfile\VideoOS.Common.SharedTimeProfile.UnitTests\bin\Debug\net472\VideoOS.Common.SharedTimeProfile.UnitTests.dll" adapterTypeName="executor://mstestadapter/v2" className="VideoOS.Common.SharedTimeProfile.UnitTests.GPSCoordinateTest" name="ConvertGpsValueTestInvalidDoubleString4" />
    </UnitTest>
    <UnitTest name="GpsParserTestInvalidNoneWestCombincation" storage="d:\actions-runner\_work\xpco\xpco\common\sharedtimeprofile\videoos.common.sharedtimeprofile.unittests\bin\debug\net472\videoos.common.sharedtimeprofile.unittests.dll" id="d58d5f54-277a-fc73-d7a0-bd69d34dd2e7">
      <Execution id="271b1809-7d92-4125-88c4-400f9fe84570" />
      <TestMethod codeBase="D:\actions-runner\_work\XPCO\XPCO\Common\SharedTimeProfile\VideoOS.Common.SharedTimeProfile.UnitTests\bin\Debug\net472\VideoOS.Common.SharedTimeProfile.UnitTests.dll" adapterTypeName="executor://mstestadapter/v2" className="VideoOS.Common.SharedTimeProfile.UnitTests.GPSCoordinateTest" name="GpsParserTestInvalidNoneWestCombincation" />
    </UnitTest>
    <UnitTest name="CalculateSunriseSunsetWilliamTestHonolulu21DecSunrise" storage="d:\actions-runner\_work\xpco\xpco\common\sharedtimeprofile\videoos.common.sharedtimeprofile.unittests\bin\debug\net472\videoos.common.sharedtimeprofile.unittests.dll" id="7932cc0b-8e33-adaf-e7f1-0d8729f4d0b6">
      <Execution id="a9f28efa-5112-4222-84cd-bccc9fb1c974" />
      <TestMethod codeBase="D:\actions-runner\_work\XPCO\XPCO\Common\SharedTimeProfile\VideoOS.Common.SharedTimeProfile.UnitTests\bin\Debug\net472\VideoOS.Common.SharedTimeProfile.UnitTests.dll" adapterTypeName="executor://mstestadapter/v2" className="VideoOS.Common.SharedTimeProfile.UnitTests.TimeProfileSunClockEvaluatorTest" name="CalculateSunriseSunsetWilliamTestHonolulu21DecSunrise" />
    </UnitTest>
    <UnitTest name="EvaluateTimeTestSunClockCopenhagen21DecOK" storage="d:\actions-runner\_work\xpco\xpco\common\sharedtimeprofile\videoos.common.sharedtimeprofile.unittests\bin\debug\net472\videoos.common.sharedtimeprofile.unittests.dll" id="b32be6eb-c822-9558-6d28-ec0e09343caa">
      <Execution id="b44c2999-d976-4e01-8acc-f4cf53b9034c" />
      <TestMethod codeBase="D:\actions-runner\_work\XPCO\XPCO\Common\SharedTimeProfile\VideoOS.Common.SharedTimeProfile.UnitTests\bin\Debug\net472\VideoOS.Common.SharedTimeProfile.UnitTests.dll" adapterTypeName="executor://mstestadapter/v2" className="VideoOS.Common.SharedTimeProfile.UnitTests.TimeProfileEvaluatorTest" name="EvaluateTimeTestSunClockCopenhagen21DecOK" />
    </UnitTest>
    <UnitTest name="CheckAllXml_Infragistics_10_2" storage="d:\actions-runner\_work\xpco\xpco\common\sharedtimeprofile\videoos.common.sharedtimeprofile.unittests\bin\debug\net472\videoos.common.sharedtimeprofile.unittests.dll" id="dc0336af-8f9f-1603-2349-0c31c6497062">
      <Execution id="35f51c02-468c-4d99-af81-76efef097b10" />
      <TestMethod codeBase="D:\actions-runner\_work\XPCO\XPCO\Common\SharedTimeProfile\VideoOS.Common.SharedTimeProfile.UnitTests\bin\Debug\net472\VideoOS.Common.SharedTimeProfile.UnitTests.dll" adapterTypeName="executor://mstestadapter/v2" className="VideoOS.Common.SharedTimeProfile.UnitTests.TimeProfileExplicitConvertionTests" name="CheckAllXml_Infragistics_10_2" />
    </UnitTest>
    <UnitTest name="GetAppointmentsRecurringDaily2DaysTest" storage="d:\actions-runner\_work\xpco\xpco\common\sharedtimeprofile\videoos.common.sharedtimeprofile.unittests\bin\debug\net472\videoos.common.sharedtimeprofile.unittests.dll" id="82109850-e5ce-06ff-a7c8-013c523bd1ad">
      <Execution id="825ce4c4-f9b4-4c23-9149-1704591f99e1" />
      <TestMethod codeBase="D:\actions-runner\_work\XPCO\XPCO\Common\SharedTimeProfile\VideoOS.Common.SharedTimeProfile.UnitTests\bin\Debug\net472\VideoOS.Common.SharedTimeProfile.UnitTests.dll" adapterTypeName="executor://mstestadapter/v2" className="VideoOS.Common.SharedTimeProfile.UnitTests.TimeProfileInfragisticEvaluatorTest" name="GetAppointmentsRecurringDaily2DaysTest" />
    </UnitTest>
    <UnitTest name="TimeProfileSunClockDefinitionConstructorOffSetTest" storage="d:\actions-runner\_work\xpco\xpco\common\sharedtimeprofile\videoos.common.sharedtimeprofile.unittests\bin\debug\net472\videoos.common.sharedtimeprofile.unittests.dll" id="41029b6e-f890-27b6-0572-b66db53f7bb4">
      <Execution id="9be13cc7-71f2-4128-829d-e7905c8eb443" />
      <TestMethod codeBase="D:\actions-runner\_work\XPCO\XPCO\Common\SharedTimeProfile\VideoOS.Common.SharedTimeProfile.UnitTests\bin\Debug\net472\VideoOS.Common.SharedTimeProfile.UnitTests.dll" adapterTypeName="executor://mstestadapter/v2" className="VideoOS.Common.SharedTimeProfile.UnitTests.TimeProfileSunClockDefinitionTest" name="TimeProfileSunClockDefinitionConstructorOffSetTest" />
    </UnitTest>
    <UnitTest name="TimeProfileInfragisticEvaluator63Constructor17Test" storage="d:\actions-runner\_work\xpco\xpco\common\sharedtimeprofile\videoos.common.sharedtimeprofile.unittests\bin\debug\net472\videoos.common.sharedtimeprofile.unittests.dll" id="9ad24122-66ef-ed94-fd9e-aa37c054f474">
      <Execution id="a4477efe-009a-4719-9312-4c6fce897898" />
      <TestMethod codeBase="D:\actions-runner\_work\XPCO\XPCO\Common\SharedTimeProfile\VideoOS.Common.SharedTimeProfile.UnitTests\bin\Debug\net472\VideoOS.Common.SharedTimeProfile.UnitTests.dll" adapterTypeName="executor://mstestadapter/v2" className="VideoOS.Common.SharedTimeProfile.UnitTests.TimeProfileInfragisticEvaluatorTest" name="TimeProfileInfragisticEvaluator63Constructor17Test" />
    </UnitTest>
    <UnitTest name="CalculateSunriseSunsetWilliamTestAntarctica21JunSunrise" storage="d:\actions-runner\_work\xpco\xpco\common\sharedtimeprofile\videoos.common.sharedtimeprofile.unittests\bin\debug\net472\videoos.common.sharedtimeprofile.unittests.dll" id="76ea4b03-0002-bcef-6cf5-96a275197a3e">
      <Execution id="13dee291-296d-42c7-99b6-941723a61e13" />
      <TestMethod codeBase="D:\actions-runner\_work\XPCO\XPCO\Common\SharedTimeProfile\VideoOS.Common.SharedTimeProfile.UnitTests\bin\Debug\net472\VideoOS.Common.SharedTimeProfile.UnitTests.dll" adapterTypeName="executor://mstestadapter/v2" className="VideoOS.Common.SharedTimeProfile.UnitTests.TimeProfileSunClockEvaluatorTest" name="CalculateSunriseSunsetWilliamTestAntarctica21JunSunrise" />
    </UnitTest>
    <UnitTest name="CalculateSunriseSunsetWilliamTestArctic22SeptemberSunset" storage="d:\actions-runner\_work\xpco\xpco\common\sharedtimeprofile\videoos.common.sharedtimeprofile.unittests\bin\debug\net472\videoos.common.sharedtimeprofile.unittests.dll" id="bc671f61-a193-5168-ad16-96831fa39bca">
      <Execution id="fc49e171-7eb7-44dd-bf53-f6b91ef07486" />
      <TestMethod codeBase="D:\actions-runner\_work\XPCO\XPCO\Common\SharedTimeProfile\VideoOS.Common.SharedTimeProfile.UnitTests\bin\Debug\net472\VideoOS.Common.SharedTimeProfile.UnitTests.dll" adapterTypeName="executor://mstestadapter/v2" className="VideoOS.Common.SharedTimeProfile.UnitTests.TimeProfileSunClockEvaluatorTest" name="CalculateSunriseSunsetWilliamTestArctic22SeptemberSunset" />
    </UnitTest>
    <UnitTest name="CalculateSunriseSunsetWilliamTestKiruna21DecSunset" storage="d:\actions-runner\_work\xpco\xpco\common\sharedtimeprofile\videoos.common.sharedtimeprofile.unittests\bin\debug\net472\videoos.common.sharedtimeprofile.unittests.dll" id="9ab99abe-22b7-2b13-72e0-5bb8102b2271">
      <Execution id="42185c74-e2da-4270-9e87-4dd9da0596db" />
      <TestMethod codeBase="D:\actions-runner\_work\XPCO\XPCO\Common\SharedTimeProfile\VideoOS.Common.SharedTimeProfile.UnitTests\bin\Debug\net472\VideoOS.Common.SharedTimeProfile.UnitTests.dll" adapterTypeName="executor://mstestadapter/v2" className="VideoOS.Common.SharedTimeProfile.UnitTests.TimeProfileSunClockEvaluatorTest" name="CalculateSunriseSunsetWilliamTestKiruna21DecSunset" />
    </UnitTest>
    <UnitTest name="FromXmlInvalidXmlTest" storage="d:\actions-runner\_work\xpco\xpco\common\sharedtimeprofile\videoos.common.sharedtimeprofile.unittests\bin\debug\net472\videoos.common.sharedtimeprofile.unittests.dll" id="9bb9051b-489a-5af3-691a-f94a415fdbdd">
      <Execution id="452a3bdf-199a-4f9e-aa47-c64a02282c09" />
      <TestMethod codeBase="D:\actions-runner\_work\XPCO\XPCO\Common\SharedTimeProfile\VideoOS.Common.SharedTimeProfile.UnitTests\bin\Debug\net472\VideoOS.Common.SharedTimeProfile.UnitTests.dll" adapterTypeName="executor://mstestadapter/v2" className="VideoOS.Common.SharedTimeProfile.UnitTests.TimeProfileSunClockDefinitionTest" name="FromXmlInvalidXmlTest" />
    </UnitTest>
    <UnitTest name="TimeProfileInfragisticEvaluator63Constructor11Test" storage="d:\actions-runner\_work\xpco\xpco\common\sharedtimeprofile\videoos.common.sharedtimeprofile.unittests\bin\debug\net472\videoos.common.sharedtimeprofile.unittests.dll" id="ae6ab4de-a15a-386e-27b4-ad7e305232a4">
      <Execution id="b263719c-15f6-44ec-9bee-725722278b4d" />
      <TestMethod codeBase="D:\actions-runner\_work\XPCO\XPCO\Common\SharedTimeProfile\VideoOS.Common.SharedTimeProfile.UnitTests\bin\Debug\net472\VideoOS.Common.SharedTimeProfile.UnitTests.dll" adapterTypeName="executor://mstestadapter/v2" className="VideoOS.Common.SharedTimeProfile.UnitTests.TimeProfileInfragisticEvaluatorTest" name="TimeProfileInfragisticEvaluator63Constructor11Test" />
    </UnitTest>
    <UnitTest name="GpsParserTest3_1Blocks" storage="d:\actions-runner\_work\xpco\xpco\common\sharedtimeprofile\videoos.common.sharedtimeprofile.unittests\bin\debug\net472\videoos.common.sharedtimeprofile.unittests.dll" id="17aa8b1d-271b-401b-1922-a6de5474eb64">
      <Execution id="159580c6-7df4-4490-a4dd-008ab3187349" />
      <TestMethod codeBase="D:\actions-runner\_work\XPCO\XPCO\Common\SharedTimeProfile\VideoOS.Common.SharedTimeProfile.UnitTests\bin\Debug\net472\VideoOS.Common.SharedTimeProfile.UnitTests.dll" adapterTypeName="executor://mstestadapter/v2" className="VideoOS.Common.SharedTimeProfile.UnitTests.GPSCoordinateTest" name="GpsParserTest3_1Blocks" />
    </UnitTest>
    <UnitTest name="TimeProfileEvaluatorConstructorTestWrongTimeProfileType" storage="d:\actions-runner\_work\xpco\xpco\common\sharedtimeprofile\videoos.common.sharedtimeprofile.unittests\bin\debug\net472\videoos.common.sharedtimeprofile.unittests.dll" id="88bb5f51-3d39-a235-2631-19b103afb715">
      <Execution id="eb35ea21-9a46-4076-b336-cd2e36b58540" />
      <TestMethod codeBase="D:\actions-runner\_work\XPCO\XPCO\Common\SharedTimeProfile\VideoOS.Common.SharedTimeProfile.UnitTests\bin\Debug\net472\VideoOS.Common.SharedTimeProfile.UnitTests.dll" adapterTypeName="executor://mstestadapter/v2" className="VideoOS.Common.SharedTimeProfile.UnitTests.TimeProfileEvaluatorTest" name="TimeProfileEvaluatorConstructorTestWrongTimeProfileType" />
    </UnitTest>
    <UnitTest name="CalculateSunriseSunsetWilliamTestDaresSalaam21JunSunset" storage="d:\actions-runner\_work\xpco\xpco\common\sharedtimeprofile\videoos.common.sharedtimeprofile.unittests\bin\debug\net472\videoos.common.sharedtimeprofile.unittests.dll" id="55913386-00c2-6110-e011-ed47c2e88530">
      <Execution id="5ce7eddb-2a60-4c2d-9e5f-74bab704ec66" />
      <TestMethod codeBase="D:\actions-runner\_work\XPCO\XPCO\Common\SharedTimeProfile\VideoOS.Common.SharedTimeProfile.UnitTests\bin\Debug\net472\VideoOS.Common.SharedTimeProfile.UnitTests.dll" adapterTypeName="executor://mstestadapter/v2" className="VideoOS.Common.SharedTimeProfile.UnitTests.TimeProfileSunClockEvaluatorTest" name="CalculateSunriseSunsetWilliamTestDaresSalaam21JunSunset" />
    </UnitTest>
    <UnitTest name="TimeProfileSunClockEvaluatorConstructorTestDefinitionEmpty" storage="d:\actions-runner\_work\xpco\xpco\common\sharedtimeprofile\videoos.common.sharedtimeprofile.unittests\bin\debug\net472\videoos.common.sharedtimeprofile.unittests.dll" id="56fb1d24-a575-e9c8-f392-8480300fd795">
      <Execution id="28e4ad7f-14c6-4bbd-87d4-af15921530af" />
      <TestMethod codeBase="D:\actions-runner\_work\XPCO\XPCO\Common\SharedTimeProfile\VideoOS.Common.SharedTimeProfile.UnitTests\bin\Debug\net472\VideoOS.Common.SharedTimeProfile.UnitTests.dll" adapterTypeName="executor://mstestadapter/v2" className="VideoOS.Common.SharedTimeProfile.UnitTests.TimeProfileSunClockEvaluatorTest" name="TimeProfileSunClockEvaluatorConstructorTestDefinitionEmpty" />
    </UnitTest>
    <UnitTest name="GpsParserTestInvalidLongitudeDirection" storage="d:\actions-runner\_work\xpco\xpco\common\sharedtimeprofile\videoos.common.sharedtimeprofile.unittests\bin\debug\net472\videoos.common.sharedtimeprofile.unittests.dll" id="0eff09c7-ed09-6a7f-a1df-3a40eb59909d">
      <Execution id="9e0da857-fc52-49c7-ba84-bf94da06cece" />
      <TestMethod codeBase="D:\actions-runner\_work\XPCO\XPCO\Common\SharedTimeProfile\VideoOS.Common.SharedTimeProfile.UnitTests\bin\Debug\net472\VideoOS.Common.SharedTimeProfile.UnitTests.dll" adapterTypeName="executor://mstestadapter/v2" className="VideoOS.Common.SharedTimeProfile.UnitTests.GPSCoordinateTest" name="GpsParserTestInvalidLongitudeDirection" />
    </UnitTest>
    <UnitTest name="CalculateSunriseSunsetWilliamTestAntarctica24SeptemberSunrise" storage="d:\actions-runner\_work\xpco\xpco\common\sharedtimeprofile\videoos.common.sharedtimeprofile.unittests\bin\debug\net472\videoos.common.sharedtimeprofile.unittests.dll" id="564cba20-8c21-2649-e016-8b61813764a9">
      <Execution id="dce723e6-5fbb-43a0-9723-56afe0a6d10d" />
      <TestMethod codeBase="D:\actions-runner\_work\XPCO\XPCO\Common\SharedTimeProfile\VideoOS.Common.SharedTimeProfile.UnitTests\bin\Debug\net472\VideoOS.Common.SharedTimeProfile.UnitTests.dll" adapterTypeName="executor://mstestadapter/v2" className="VideoOS.Common.SharedTimeProfile.UnitTests.TimeProfileSunClockEvaluatorTest" name="CalculateSunriseSunsetWilliamTestAntarctica24SeptemberSunrise" />
    </UnitTest>
    <UnitTest name="GetAppointmentsOverlappingTimesInfragisticVersionTest" storage="d:\actions-runner\_work\xpco\xpco\common\sharedtimeprofile\videoos.common.sharedtimeprofile.unittests\bin\debug\net472\videoos.common.sharedtimeprofile.unittests.dll" id="5cdf7d96-471f-5f3a-5421-35add5a204a2">
      <Execution id="e4b23802-c162-4061-ba05-efc9f8b80daf" />
      <TestMethod codeBase="D:\actions-runner\_work\XPCO\XPCO\Common\SharedTimeProfile\VideoOS.Common.SharedTimeProfile.UnitTests\bin\Debug\net472\VideoOS.Common.SharedTimeProfile.UnitTests.dll" adapterTypeName="executor://mstestadapter/v2" className="VideoOS.Common.SharedTimeProfile.UnitTests.TimeProfileInfragisticEvaluatorTest" name="GetAppointmentsOverlappingTimesInfragisticVersionTest" />
    </UnitTest>
    <UnitTest name="FromXmlInvalidXmlMissingSectionAllTest" storage="d:\actions-runner\_work\xpco\xpco\common\sharedtimeprofile\videoos.common.sharedtimeprofile.unittests\bin\debug\net472\videoos.common.sharedtimeprofile.unittests.dll" id="6690a25c-0ee6-cbca-ec0a-27c2e419ad86">
      <Execution id="25006a43-1196-44d6-8f90-71301f7da61c" />
      <TestMethod codeBase="D:\actions-runner\_work\XPCO\XPCO\Common\SharedTimeProfile\VideoOS.Common.SharedTimeProfile.UnitTests\bin\Debug\net472\VideoOS.Common.SharedTimeProfile.UnitTests.dll" adapterTypeName="executor://mstestadapter/v2" className="VideoOS.Common.SharedTimeProfile.UnitTests.TimeProfileSunClockDefinitionTest" name="FromXmlInvalidXmlMissingSectionAllTest" />
    </UnitTest>
    <UnitTest name="CalculateSunriseSunsetWilliamTestAntarctica19MarchSunrise" storage="d:\actions-runner\_work\xpco\xpco\common\sharedtimeprofile\videoos.common.sharedtimeprofile.unittests\bin\debug\net472\videoos.common.sharedtimeprofile.unittests.dll" id="e2b54495-fce9-f4f0-bcb3-923bdb59abd8">
      <Execution id="fbb2263a-7d66-42d2-955e-ed99dd84abae" />
      <TestMethod codeBase="D:\actions-runner\_work\XPCO\XPCO\Common\SharedTimeProfile\VideoOS.Common.SharedTimeProfile.UnitTests\bin\Debug\net472\VideoOS.Common.SharedTimeProfile.UnitTests.dll" adapterTypeName="executor://mstestadapter/v2" className="VideoOS.Common.SharedTimeProfile.UnitTests.TimeProfileSunClockEvaluatorTest" name="CalculateSunriseSunsetWilliamTestAntarctica19MarchSunrise" />
    </UnitTest>
    <UnitTest name="CalculateSunriseSunsetWilliamTestArctic21JunSunset" storage="d:\actions-runner\_work\xpco\xpco\common\sharedtimeprofile\videoos.common.sharedtimeprofile.unittests\bin\debug\net472\videoos.common.sharedtimeprofile.unittests.dll" id="e266aca6-12c4-4794-ebf1-78c48214ff86">
      <Execution id="39e2242c-ecd1-49e4-be08-7a826bca0baa" />
      <TestMethod codeBase="D:\actions-runner\_work\XPCO\XPCO\Common\SharedTimeProfile\VideoOS.Common.SharedTimeProfile.UnitTests\bin\Debug\net472\VideoOS.Common.SharedTimeProfile.UnitTests.dll" adapterTypeName="executor://mstestadapter/v2" className="VideoOS.Common.SharedTimeProfile.UnitTests.TimeProfileSunClockEvaluatorTest" name="CalculateSunriseSunsetWilliamTestArctic21JunSunset" />
    </UnitTest>
    <UnitTest name="SunSetOffsetOutOfRangeTest" storage="d:\actions-runner\_work\xpco\xpco\common\sharedtimeprofile\videoos.common.sharedtimeprofile.unittests\bin\debug\net472\videoos.common.sharedtimeprofile.unittests.dll" id="d940af42-ce39-1694-d78b-a7be7150ce9d">
      <Execution id="29592035-6866-4abb-b4e5-1557643811e7" />
      <TestMethod codeBase="D:\actions-runner\_work\XPCO\XPCO\Common\SharedTimeProfile\VideoOS.Common.SharedTimeProfile.UnitTests\bin\Debug\net472\VideoOS.Common.SharedTimeProfile.UnitTests.dll" adapterTypeName="executor://mstestadapter/v2" className="VideoOS.Common.SharedTimeProfile.UnitTests.TimeProfileSunClockDefinitionTest" name="SunSetOffsetOutOfRangeTest" />
    </UnitTest>
    <UnitTest name="GetAppointmentsRecurringDaily2DaysInfragisticVersionTest" storage="d:\actions-runner\_work\xpco\xpco\common\sharedtimeprofile\videoos.common.sharedtimeprofile.unittests\bin\debug\net472\videoos.common.sharedtimeprofile.unittests.dll" id="bc53a59c-a692-1ef0-1138-1fa4ed3f7f7c">
      <Execution id="1b2880e7-f021-49ee-ab1a-32cfea0704cb" />
      <TestMethod codeBase="D:\actions-runner\_work\XPCO\XPCO\Common\SharedTimeProfile\VideoOS.Common.SharedTimeProfile.UnitTests\bin\Debug\net472\VideoOS.Common.SharedTimeProfile.UnitTests.dll" adapterTypeName="executor://mstestadapter/v2" className="VideoOS.Common.SharedTimeProfile.UnitTests.TimeProfileInfragisticEvaluatorTest" name="GetAppointmentsRecurringDaily2DaysInfragisticVersionTest" />
    </UnitTest>
    <UnitTest name="GetAppointmentsSingleInfragisticDifferentTimeZoneVersionTest" storage="d:\actions-runner\_work\xpco\xpco\common\sharedtimeprofile\videoos.common.sharedtimeprofile.unittests\bin\debug\net472\videoos.common.sharedtimeprofile.unittests.dll" id="aa5d89f5-37a0-70b8-faf1-eeb785ab149a">
      <Execution id="19cc15da-42f6-465c-afc4-372001b59f65" />
      <TestMethod codeBase="D:\actions-runner\_work\XPCO\XPCO\Common\SharedTimeProfile\VideoOS.Common.SharedTimeProfile.UnitTests\bin\Debug\net472\VideoOS.Common.SharedTimeProfile.UnitTests.dll" adapterTypeName="executor://mstestadapter/v2" className="VideoOS.Common.SharedTimeProfile.UnitTests.TimeProfileInfragisticEvaluatorTest" name="GetAppointmentsSingleInfragisticDifferentTimeZoneVersionTest" />
    </UnitTest>
    <UnitTest name="TimeProfileInfragisticEvaluator102Constructor16Test" storage="d:\actions-runner\_work\xpco\xpco\common\sharedtimeprofile\videoos.common.sharedtimeprofile.unittests\bin\debug\net472\videoos.common.sharedtimeprofile.unittests.dll" id="70cd580d-b781-a6d7-a0f0-e29ff6ad7863">
      <Execution id="2cc8f643-8a26-4cab-959d-1591c7b5cd2d" />
      <TestMethod codeBase="D:\actions-runner\_work\XPCO\XPCO\Common\SharedTimeProfile\VideoOS.Common.SharedTimeProfile.UnitTests\bin\Debug\net472\VideoOS.Common.SharedTimeProfile.UnitTests.dll" adapterTypeName="executor://mstestadapter/v2" className="VideoOS.Common.SharedTimeProfile.UnitTests.TimeProfileInfragisticEvaluatorTest" name="TimeProfileInfragisticEvaluator102Constructor16Test" />
    </UnitTest>
    <UnitTest name="CalculateSunriseSunsetWilliamTestNearAntarctica20MarchSunset" storage="d:\actions-runner\_work\xpco\xpco\common\sharedtimeprofile\videoos.common.sharedtimeprofile.unittests\bin\debug\net472\videoos.common.sharedtimeprofile.unittests.dll" id="73564832-9cf0-9ebd-b70e-2a271d84dff7">
      <Execution id="0fcb4e64-3343-4c31-acf2-642e27202bdb" />
      <TestMethod codeBase="D:\actions-runner\_work\XPCO\XPCO\Common\SharedTimeProfile\VideoOS.Common.SharedTimeProfile.UnitTests\bin\Debug\net472\VideoOS.Common.SharedTimeProfile.UnitTests.dll" adapterTypeName="executor://mstestadapter/v2" className="VideoOS.Common.SharedTimeProfile.UnitTests.TimeProfileSunClockEvaluatorTest" name="CalculateSunriseSunsetWilliamTestNearAntarctica20MarchSunset" />
    </UnitTest>
    <UnitTest name="GpsParserTestInvalidCharactersInValues" storage="d:\actions-runner\_work\xpco\xpco\common\sharedtimeprofile\videoos.common.sharedtimeprofile.unittests\bin\debug\net472\videoos.common.sharedtimeprofile.unittests.dll" id="0c078675-9733-bd43-f92d-197327660f90">
      <Execution id="35512346-edb6-4922-bbb4-ec4ee2cea383" />
      <TestMethod codeBase="D:\actions-runner\_work\XPCO\XPCO\Common\SharedTimeProfile\VideoOS.Common.SharedTimeProfile.UnitTests\bin\Debug\net472\VideoOS.Common.SharedTimeProfile.UnitTests.dll" adapterTypeName="executor://mstestadapter/v2" className="VideoOS.Common.SharedTimeProfile.UnitTests.GPSCoordinateTest" name="GpsParserTestInvalidCharactersInValues" />
    </UnitTest>
    <UnitTest name="CalculateSunriseSunsetWilliamTestNearAntarctica21JunSunset" storage="d:\actions-runner\_work\xpco\xpco\common\sharedtimeprofile\videoos.common.sharedtimeprofile.unittests\bin\debug\net472\videoos.common.sharedtimeprofile.unittests.dll" id="dd681f50-ffcd-3113-5fc7-42f9e844aa4f">
      <Execution id="2d416f1a-d2b7-4aec-84d8-0288de717d42" />
      <TestMethod codeBase="D:\actions-runner\_work\XPCO\XPCO\Common\SharedTimeProfile\VideoOS.Common.SharedTimeProfile.UnitTests\bin\Debug\net472\VideoOS.Common.SharedTimeProfile.UnitTests.dll" adapterTypeName="executor://mstestadapter/v2" className="VideoOS.Common.SharedTimeProfile.UnitTests.TimeProfileSunClockEvaluatorTest" name="CalculateSunriseSunsetWilliamTestNearAntarctica21JunSunset" />
    </UnitTest>
    <UnitTest name="CalculateSunriseSunsetWilliamTestKiruna21JunSunset" storage="d:\actions-runner\_work\xpco\xpco\common\sharedtimeprofile\videoos.common.sharedtimeprofile.unittests\bin\debug\net472\videoos.common.sharedtimeprofile.unittests.dll" id="f44c23e6-e15d-bf59-ff33-9abc5a04f6b7">
      <Execution id="aefa7472-958b-45b0-a806-8baf34b8687f" />
      <TestMethod codeBase="D:\actions-runner\_work\XPCO\XPCO\Common\SharedTimeProfile\VideoOS.Common.SharedTimeProfile.UnitTests\bin\Debug\net472\VideoOS.Common.SharedTimeProfile.UnitTests.dll" adapterTypeName="executor://mstestadapter/v2" className="VideoOS.Common.SharedTimeProfile.UnitTests.TimeProfileSunClockEvaluatorTest" name="CalculateSunriseSunsetWilliamTestKiruna21JunSunset" />
    </UnitTest>
    <UnitTest name="GPSCoordinateConstructorTestLatitudeOutOfRange" storage="d:\actions-runner\_work\xpco\xpco\common\sharedtimeprofile\videoos.common.sharedtimeprofile.unittests\bin\debug\net472\videoos.common.sharedtimeprofile.unittests.dll" id="96f25c26-7aaa-4cb6-9300-829db3e9cafa">
      <Execution id="8dc69eaa-0992-4e0c-a2ee-829e513691eb" />
      <TestMethod codeBase="D:\actions-runner\_work\XPCO\XPCO\Common\SharedTimeProfile\VideoOS.Common.SharedTimeProfile.UnitTests\bin\Debug\net472\VideoOS.Common.SharedTimeProfile.UnitTests.dll" adapterTypeName="executor://mstestadapter/v2" className="VideoOS.Common.SharedTimeProfile.UnitTests.GPSCoordinateTest" name="GPSCoordinateConstructorTestLatitudeOutOfRange" />
    </UnitTest>
    <UnitTest name="GetAppointmentsTestCopenhagen21JunPlus10TimeZone" storage="d:\actions-runner\_work\xpco\xpco\common\sharedtimeprofile\videoos.common.sharedtimeprofile.unittests\bin\debug\net472\videoos.common.sharedtimeprofile.unittests.dll" id="400aa72e-681c-6ef6-dca8-adc276859a2a">
      <Execution id="4bf67855-1e8d-4ac7-b562-27fa387d8714" />
      <TestMethod codeBase="D:\actions-runner\_work\XPCO\XPCO\Common\SharedTimeProfile\VideoOS.Common.SharedTimeProfile.UnitTests\bin\Debug\net472\VideoOS.Common.SharedTimeProfile.UnitTests.dll" adapterTypeName="executor://mstestadapter/v2" className="VideoOS.Common.SharedTimeProfile.UnitTests.TimeProfileSunClockEvaluatorTest" name="GetAppointmentsTestCopenhagen21JunPlus10TimeZone" />
    </UnitTest>
    <UnitTest name="EvaluateTimeTestSunClockSummerTime1" storage="d:\actions-runner\_work\xpco\xpco\common\sharedtimeprofile\videoos.common.sharedtimeprofile.unittests\bin\debug\net472\videoos.common.sharedtimeprofile.unittests.dll" id="3fda7423-1324-1f70-46c1-886e6f749e32">
      <Execution id="14be9ac3-0072-4931-82d8-a0da0a8d4f6a" />
      <TestMethod codeBase="D:\actions-runner\_work\XPCO\XPCO\Common\SharedTimeProfile\VideoOS.Common.SharedTimeProfile.UnitTests\bin\Debug\net472\VideoOS.Common.SharedTimeProfile.UnitTests.dll" adapterTypeName="executor://mstestadapter/v2" className="VideoOS.Common.SharedTimeProfile.UnitTests.TimeProfileEvaluatorTest" name="EvaluateTimeTestSunClockSummerTime1" />
    </UnitTest>
    <UnitTest name="GetAppointmentDurationTest1" storage="d:\actions-runner\_work\xpco\xpco\common\sharedtimeprofile\videoos.common.sharedtimeprofile.unittests\bin\debug\net472\videoos.common.sharedtimeprofile.unittests.dll" id="eafe5b6c-05f1-2ee7-73ca-60b8a1952012">
      <Execution id="f5a8b667-0d43-4e51-a94c-71aa1bf6c8b1" />
      <TestMethod codeBase="D:\actions-runner\_work\XPCO\XPCO\Common\SharedTimeProfile\VideoOS.Common.SharedTimeProfile.UnitTests\bin\Debug\net472\VideoOS.Common.SharedTimeProfile.UnitTests.dll" adapterTypeName="executor://mstestadapter/v2" className="VideoOS.Common.SharedTimeProfile.UnitTests.TimeProfileManagerTest" name="GetAppointmentDurationTest1" />
    </UnitTest>
  </TestDefinitions>
  <TestEntries>
    <TestEntry testId="e246f6db-3e7f-6b20-caa4-7aa960c6eb8c" executionId="248a6a41-c4e4-427a-b7c0-1fd4f06afa6a" testListId="8c84fa94-04c1-424b-9868-57a2d4851a1d" />
    <TestEntry testId="de0400ae-fa1c-046f-552c-c640aa4e10c4" executionId="5317ce37-c6a6-4c63-9439-db220e816b43" testListId="8c84fa94-04c1-424b-9868-57a2d4851a1d" />
    <TestEntry testId="4c479f6b-d258-c9ef-fce2-6dd825f7d730" executionId="a3fb3a20-0739-4e50-8680-da46ab13b9d2" testListId="8c84fa94-04c1-424b-9868-57a2d4851a1d" />
    <TestEntry testId="c1b9bb96-9430-5ad4-feeb-e47cc833de66" executionId="e1763322-ead0-4e90-9946-16bfeb5ae230" testListId="8c84fa94-04c1-424b-9868-57a2d4851a1d" />
    <TestEntry testId="c4746aee-c4bf-b25d-a3ea-c92efec3e618" executionId="079a1a77-0dbb-4390-bd2d-aac617f59ce3" testListId="8c84fa94-04c1-424b-9868-57a2d4851a1d" />
    <TestEntry testId="6b094bb6-fd1f-f10d-e9e4-f450d41c07a9" executionId="56e6feaa-8039-4255-a9ce-f2581bf5f22a" testListId="8c84fa94-04c1-424b-9868-57a2d4851a1d" />
    <TestEntry testId="37837a70-a803-dd80-bb23-9d8e7ca4a19b" executionId="145d9afc-82ba-4ff5-9d2e-20a051e00f6d" testListId="8c84fa94-04c1-424b-9868-57a2d4851a1d" />
    <TestEntry testId="cc6a795f-d456-2adf-17b9-890af9594b5a" executionId="704d2542-dc20-4375-8ce3-07f2686902ca" testListId="8c84fa94-04c1-424b-9868-57a2d4851a1d" />
    <TestEntry testId="5bcc0be0-7392-90d6-d47e-88a94aa1dcff" executionId="c5787dee-1a42-4591-ac89-9064ee5b9d74" testListId="8c84fa94-04c1-424b-9868-57a2d4851a1d" />
    <TestEntry testId="aa654f09-631c-7d65-6959-491bd3db17f3" executionId="8ec1d119-e693-4431-81f9-07548effdfb0" testListId="8c84fa94-04c1-424b-9868-57a2d4851a1d" />
    <TestEntry testId="b9bedf79-67c0-f448-5ccf-98d7fd2fe9e6" executionId="52105649-2a58-4a5e-8c83-d348b8c62432" testListId="8c84fa94-04c1-424b-9868-57a2d4851a1d" />
    <TestEntry testId="9ad24122-66ef-ed94-fd9e-aa37c054f474" executionId="a4477efe-009a-4719-9312-4c6fce897898" testListId="8c84fa94-04c1-424b-9868-57a2d4851a1d" />
    <TestEntry testId="f9ba6d67-d752-4f16-d0bf-dc8922e4da3d" executionId="3b099c1b-c3ef-4d38-a1f8-483994ca3636" testListId="8c84fa94-04c1-424b-9868-57a2d4851a1d" />
    <TestEntry testId="6e62a3f7-11eb-8c3e-03ae-eafd21f36899" executionId="ebd8a5be-a84f-4287-b0e2-4f851511a427" testListId="8c84fa94-04c1-424b-9868-57a2d4851a1d" />
    <TestEntry testId="98547fda-fd1c-aa50-bd5f-2aac2f3b9969" executionId="5e52b874-6f80-4606-8598-242b649f53ef" testListId="8c84fa94-04c1-424b-9868-57a2d4851a1d" />
    <TestEntry testId="fb6bb36f-6f6d-2bda-9016-13c690482555" executionId="aefd5b8d-8458-433e-9ee9-61f0379555fa" testListId="8c84fa94-04c1-424b-9868-57a2d4851a1d" />
    <TestEntry testId="0c256f61-f1b8-775c-d63d-f2a356137376" executionId="82d7cfaf-54b0-4a3f-9d12-1826347e6eaa" testListId="8c84fa94-04c1-424b-9868-57a2d4851a1d" />
    <TestEntry testId="79a49bce-7caf-6dde-6b4b-758be73f755d" executionId="a3cb496d-361b-4af5-adf7-6dc7508d9f90" testListId="8c84fa94-04c1-424b-9868-57a2d4851a1d" />
    <TestEntry testId="c5dab006-4e17-3823-a8ee-dfc30b81c408" executionId="fbccf3fd-1359-4583-b798-9b2686b5414f" testListId="8c84fa94-04c1-424b-9868-57a2d4851a1d" />
    <TestEntry testId="9113e875-fc19-49cf-6f49-34cfe3f2acb8" executionId="c84ac4f7-8d71-4b3f-ad0c-b4328e919f1f" testListId="8c84fa94-04c1-424b-9868-57a2d4851a1d" />
    <TestEntry testId="1bf215db-95a5-2421-ff79-566c88d6e808" executionId="f533cee4-b39d-44e6-abfa-998bd838bf8e" testListId="8c84fa94-04c1-424b-9868-57a2d4851a1d" />
    <TestEntry testId="f6690517-9e2f-a9b1-cd67-211d0fbefc2c" executionId="eb73ce69-1263-43f7-bc5f-fba61cbe9678" testListId="8c84fa94-04c1-424b-9868-57a2d4851a1d" />
    <TestEntry testId="526e1bac-bb47-0c83-353c-0960261b2d5b" executionId="97811c4d-659e-4620-903e-bf0c03e9a7c2" testListId="8c84fa94-04c1-424b-9868-57a2d4851a1d" />
    <TestEntry testId="58d97b46-fc58-1dca-8e5f-d4503b0291e0" executionId="293ccb00-dfe8-4b05-a7d5-160e16b94e21" testListId="8c84fa94-04c1-424b-9868-57a2d4851a1d" />
    <TestEntry testId="13e6bb43-43fe-a031-b6d2-867ab58a1a4a" executionId="d23ba79d-9294-4854-a6bf-de9baf1b50b7" testListId="8c84fa94-04c1-424b-9868-57a2d4851a1d" />
    <TestEntry testId="f4acc359-e876-d61a-d92c-dad9d5915bce" executionId="b7202766-7258-442b-a664-0f0d19b7d85d" testListId="8c84fa94-04c1-424b-9868-57a2d4851a1d" />
    <TestEntry testId="ef24937d-bb3b-6212-493a-707278fc9a24" executionId="d9ffb548-35f8-4f98-9475-2482d8da5992" testListId="8c84fa94-04c1-424b-9868-57a2d4851a1d" />
    <TestEntry testId="804f4fc3-d0a2-b740-a910-cc6fed260944" executionId="f26d2f3c-fd45-405b-a1d9-d106b3e5e584" testListId="8c84fa94-04c1-424b-9868-57a2d4851a1d" />
    <TestEntry testId="fd7a60c2-3c0f-f336-7940-73c37084afba" executionId="1d261ed6-e616-4860-8c6f-902644ddf3bd" testListId="8c84fa94-04c1-424b-9868-57a2d4851a1d" />
    <TestEntry testId="ee934518-f88b-4f82-78eb-55d1cfe6d346" executionId="10eb1e3f-f741-471b-bc32-db4da9055bf1" testListId="8c84fa94-04c1-424b-9868-57a2d4851a1d" />
    <TestEntry testId="095d4b2b-cce6-1f84-f40e-8ae3dd049e09" executionId="342fc6cc-a92b-498f-968b-5117cb900878" testListId="8c84fa94-04c1-424b-9868-57a2d4851a1d" />
    <TestEntry testId="a0ee2ea9-2a17-f5f6-c934-29057f3b851f" executionId="3fa84d4c-387c-4e36-b9db-6b8fd29e3f59" testListId="8c84fa94-04c1-424b-9868-57a2d4851a1d" />
    <TestEntry testId="f47bbbad-31f5-d80c-ab40-281838af2dad" executionId="61aa069d-8af2-4b39-9c56-3c569ccfd9a3" testListId="8c84fa94-04c1-424b-9868-57a2d4851a1d" />
    <TestEntry testId="de474cff-fb3d-5082-ec6a-4a5b47745a79" executionId="b559d24d-8699-40b4-9083-9b185a2e2c5a" testListId="8c84fa94-04c1-424b-9868-57a2d4851a1d" />
    <TestEntry testId="81e71977-ba7a-13a9-9eac-14f563fb74b7" executionId="11133c27-7d7b-45c0-8d92-a11184350da9" testListId="8c84fa94-04c1-424b-9868-57a2d4851a1d" />
    <TestEntry testId="55bca526-b7ba-2363-fd1f-ab4d049d6012" executionId="5c8c2794-e6b4-4924-97d6-2016a0fd2403" testListId="8c84fa94-04c1-424b-9868-57a2d4851a1d" />
    <TestEntry testId="54894bef-65f5-4829-77be-a62e9c07f499" executionId="7175e5e3-0105-48e8-ba24-9b08a6046874" testListId="8c84fa94-04c1-424b-9868-57a2d4851a1d" />
    <TestEntry testId="e266aca6-12c4-4794-ebf1-78c48214ff86" executionId="39e2242c-ecd1-49e4-be08-7a826bca0baa" testListId="8c84fa94-04c1-424b-9868-57a2d4851a1d" />
    <TestEntry testId="358000cb-196f-bac1-0b7d-59006980282b" executionId="3c19668f-d345-4b9d-b941-584fdf261095" testListId="8c84fa94-04c1-424b-9868-57a2d4851a1d" />
    <TestEntry testId="ba27d664-4fbc-7ea8-4008-651f9f54ab06" executionId="5812ed13-9f77-4aef-a18a-0fac5e2b63fa" testListId="8c84fa94-04c1-424b-9868-57a2d4851a1d" />
    <TestEntry testId="6bad88a9-7bc6-7751-208c-c037765a1c8e" executionId="9eb7bb0e-49a7-49bc-a855-dc807f6f4034" testListId="8c84fa94-04c1-424b-9868-57a2d4851a1d" />
    <TestEntry testId="0eff09c7-ed09-6a7f-a1df-3a40eb59909d" executionId="9e0da857-fc52-49c7-ba84-bf94da06cece" testListId="8c84fa94-04c1-424b-9868-57a2d4851a1d" />
    <TestEntry testId="3978e1d2-d707-6dfa-f149-013ceaebca6f" executionId="60cf0a3c-c2f5-49ca-b8ed-aea8241da051" testListId="8c84fa94-04c1-424b-9868-57a2d4851a1d" />
    <TestEntry testId="2bd6eedf-d0bc-f89a-867a-37532ba8eaf2" executionId="5853b56e-5a3e-495a-9d29-82b05f9c8af7" testListId="8c84fa94-04c1-424b-9868-57a2d4851a1d" />
    <TestEntry testId="04f14a5d-f309-6976-60d9-8ec2482b5ad8" executionId="aadc1959-d78a-4f16-8985-3142ae9a8620" testListId="8c84fa94-04c1-424b-9868-57a2d4851a1d" />
    <TestEntry testId="41029b6e-f890-27b6-0572-b66db53f7bb4" executionId="9be13cc7-71f2-4128-829d-e7905c8eb443" testListId="8c84fa94-04c1-424b-9868-57a2d4851a1d" />
    <TestEntry testId="339d7429-1673-b3e4-58ba-2b04658e607e" executionId="4ed333bc-a360-4166-a228-cb51475ea5f8" testListId="8c84fa94-04c1-424b-9868-57a2d4851a1d" />
    <TestEntry testId="5cdf7d96-471f-5f3a-5421-35add5a204a2" executionId="e4b23802-c162-4061-ba05-efc9f8b80daf" testListId="8c84fa94-04c1-424b-9868-57a2d4851a1d" />
    <TestEntry testId="a9c0e9a2-5961-1ddf-83b5-960b4a859cf4" executionId="e25c8881-3185-4602-99c2-66f711fc25f3" testListId="8c84fa94-04c1-424b-9868-57a2d4851a1d" />
    <TestEntry testId="73564832-9cf0-9ebd-b70e-2a271d84dff7" executionId="0fcb4e64-3343-4c31-acf2-642e27202bdb" testListId="8c84fa94-04c1-424b-9868-57a2d4851a1d" />
    <TestEntry testId="949e9cf3-3a05-5e1d-30ef-8137d4cd86af" executionId="39a6a710-7f81-4719-a9e5-b7773547c0a2" testListId="8c84fa94-04c1-424b-9868-57a2d4851a1d" />
    <TestEntry testId="92d2145c-cef0-3ac9-b908-48f12faae074" executionId="ce1bd3bf-31e0-4438-b77e-24c7062435ea" testListId="8c84fa94-04c1-424b-9868-57a2d4851a1d" />
    <TestEntry testId="c3f48089-be82-548e-c95e-1862efaa0dbc" executionId="a64d61e5-4cbb-41d1-bec0-264cd5886866" testListId="8c84fa94-04c1-424b-9868-57a2d4851a1d" />
    <TestEntry testId="43094f70-38f6-8c2b-3a4a-e253ef315164" executionId="eb863db0-95ad-4faf-aa1c-9d0f3a89fd82" testListId="8c84fa94-04c1-424b-9868-57a2d4851a1d" />
    <TestEntry testId="2e0ece2a-8575-b249-0018-6bfc3fe6fa90" executionId="9792e120-737a-4579-a1c5-37b09ca0cb5c" testListId="8c84fa94-04c1-424b-9868-57a2d4851a1d" />
    <TestEntry testId="3a293231-a135-e6b6-bc64-04db82561820" executionId="237050a1-b7f8-442e-963b-cdda54f83e18" testListId="8c84fa94-04c1-424b-9868-57a2d4851a1d" />
    <TestEntry testId="083d634b-dce6-e332-0e35-3195e8cdda0e" executionId="1f2cd7ff-4d48-4797-9370-d8c614a1c3ee" testListId="8c84fa94-04c1-424b-9868-57a2d4851a1d" />
    <TestEntry testId="6e853792-16ec-6e2a-3c29-060b9840d194" executionId="2abd2558-2d56-48bf-afe0-2ce67464e258" testListId="8c84fa94-04c1-424b-9868-57a2d4851a1d" />
    <TestEntry testId="5c500371-03a7-3df6-6cee-0cbfe6113b8e" executionId="576c82f0-55bf-476c-87f0-a8f158b4ca95" testListId="8c84fa94-04c1-424b-9868-57a2d4851a1d" />
    <TestEntry testId="a327d52c-d003-cce8-82e0-9dc076807253" executionId="90d20ca5-f5c0-482e-bdce-944b303cc7b2" testListId="8c84fa94-04c1-424b-9868-57a2d4851a1d" />
    <TestEntry testId="0d991111-f122-b1c3-5f4b-5941a4f1b74c" executionId="cc455673-4045-4fba-a80d-ff66ae485539" testListId="8c84fa94-04c1-424b-9868-57a2d4851a1d" />
    <TestEntry testId="aa5d89f5-37a0-70b8-faf1-eeb785ab149a" executionId="19cc15da-42f6-465c-afc4-372001b59f65" testListId="8c84fa94-04c1-424b-9868-57a2d4851a1d" />
    <TestEntry testId="67559dbb-c13d-768c-ecc0-b39c7c069a70" executionId="2514a456-7a47-4282-898e-d3becae0108f" testListId="8c84fa94-04c1-424b-9868-57a2d4851a1d" />
    <TestEntry testId="a9c2fd0f-5ab3-1b0c-c2b5-df97515680ed" executionId="1dbc6a20-c4c0-42fa-abcc-be9d945f0138" testListId="8c84fa94-04c1-424b-9868-57a2d4851a1d" />
    <TestEntry testId="39a6745d-dcb1-8821-532a-08343e75e547" executionId="d36273f2-f5ca-442b-9148-4379da605adb" testListId="8c84fa94-04c1-424b-9868-57a2d4851a1d" />
    <TestEntry testId="7a068263-9a2a-78ce-e607-d5291f4c3e6e" executionId="0d8da897-6cbb-4f2b-a1f1-fd87b4c18ec0" testListId="8c84fa94-04c1-424b-9868-57a2d4851a1d" />
    <TestEntry testId="e4becce1-a999-1d7b-6d53-522ef1dd078b" executionId="7274dd6b-cda2-4235-9ef9-bead16b02e91" testListId="8c84fa94-04c1-424b-9868-57a2d4851a1d" />
    <TestEntry testId="4083657a-35fc-23d3-f30b-543b23dba053" executionId="a25e13a4-7ad8-499f-968a-dd369690cf8a" testListId="8c84fa94-04c1-424b-9868-57a2d4851a1d" />
    <TestEntry testId="ea75c473-eaea-ecb6-5c82-6a1710b38a60" executionId="cd897879-0b62-4700-a49d-8cde9d3c58af" testListId="8c84fa94-04c1-424b-9868-57a2d4851a1d" />
    <TestEntry testId="b866bcdd-53d2-e8cb-b4a7-59f9efce9cbd" executionId="3a68ae73-8483-4f14-bdbc-ea04050dfba2" testListId="8c84fa94-04c1-424b-9868-57a2d4851a1d" />
    <TestEntry testId="1e7065ae-78a9-18b8-43b1-9fa8fe0f3b52" executionId="b69163eb-d1ff-4a22-ae0e-ec7fe766800a" testListId="8c84fa94-04c1-424b-9868-57a2d4851a1d" />
    <TestEntry testId="3c3627d9-1d2f-c97d-64d6-93b7939a60de" executionId="22c89006-7ffc-4507-a9db-1968436aaf21" testListId="8c84fa94-04c1-424b-9868-57a2d4851a1d" />
    <TestEntry testId="1d9cf2ef-ced8-93dc-45c5-0f7f426b5fe9" executionId="44034ae9-d52d-40c8-aec6-2eb77dea1c00" testListId="8c84fa94-04c1-424b-9868-57a2d4851a1d" />
    <TestEntry testId="b29bda3c-315d-106d-2f5d-87d2a3f66b81" executionId="3f5166ce-6664-403c-9654-aeae9c418063" testListId="8c84fa94-04c1-424b-9868-57a2d4851a1d" />
    <TestEntry testId="84b92ca8-b823-21a2-b726-bcc962734e19" executionId="66ad9534-9d64-4fd5-a260-d9d76d9220aa" testListId="8c84fa94-04c1-424b-9868-57a2d4851a1d" />
    <TestEntry testId="18e915a3-bb2f-cf9e-e5ea-b219763b026b" executionId="4757ee1e-ae47-4e70-b156-9e3afbb34072" testListId="8c84fa94-04c1-424b-9868-57a2d4851a1d" />
    <TestEntry testId="d4d97fdb-f415-b068-d142-fdd4a28855e5" executionId="afa6e27b-2e33-4a39-a20f-54d0e978b3c4" testListId="8c84fa94-04c1-424b-9868-57a2d4851a1d" />
    <TestEntry testId="9ab99abe-22b7-2b13-72e0-5bb8102b2271" executionId="42185c74-e2da-4270-9e87-4dd9da0596db" testListId="8c84fa94-04c1-424b-9868-57a2d4851a1d" />
    <TestEntry testId="830c85fc-a3e4-1e5f-aa89-efa72be34f67" executionId="99cd6900-b6ac-4284-aa85-9a7b6ee23913" testListId="8c84fa94-04c1-424b-9868-57a2d4851a1d" />
    <TestEntry testId="1a52c722-6487-4957-0929-e6c34cd7a591" executionId="6409f42d-712c-4600-95c1-7df0a1575d8c" testListId="8c84fa94-04c1-424b-9868-57a2d4851a1d" />
    <TestEntry testId="28adb5f0-1ad8-d63e-847f-ad290bfe21c4" executionId="e2981753-2ef4-4dcb-a2e4-28e25fabe544" testListId="8c84fa94-04c1-424b-9868-57a2d4851a1d" />
    <TestEntry testId="e6ad3043-e3b1-34a9-f9a2-5995e161e4e8" executionId="879587f9-e791-484e-a75f-4daa251b0bca" testListId="8c84fa94-04c1-424b-9868-57a2d4851a1d" />
    <TestEntry testId="edfc3171-b0bf-2a2c-efce-ff6caa72bd4c" executionId="93e71aa5-ea3f-43fe-b495-adc54bc773fb" testListId="8c84fa94-04c1-424b-9868-57a2d4851a1d" />
    <TestEntry testId="bbdbc22d-3b1d-24a3-e99f-39741fd777d0" executionId="0bcc3be4-7450-42b2-b094-61c26c5ae127" testListId="8c84fa94-04c1-424b-9868-57a2d4851a1d" />
    <TestEntry testId="b177bc47-b8ef-539c-d84b-a1d872a6b99f" executionId="c648bf83-d6fd-42b8-a3c6-d3addac27984" testListId="8c84fa94-04c1-424b-9868-57a2d4851a1d" />
    <TestEntry testId="89815a9b-061a-1121-5fe5-12b12a1ffcfc" executionId="b774c7ba-5a89-46ae-b3b2-821e51d38387" testListId="8c84fa94-04c1-424b-9868-57a2d4851a1d" />
    <TestEntry testId="ffc3ac65-704d-6541-12e7-4474e9f4b78b" executionId="a12ee9e8-bd8f-422f-95fa-3946e3575f97" testListId="8c84fa94-04c1-424b-9868-57a2d4851a1d" />
    <TestEntry testId="97f1ae33-ac79-63cd-8488-a369047d52ba" executionId="31064451-0b25-49e6-b49b-2cf0136be948" testListId="8c84fa94-04c1-424b-9868-57a2d4851a1d" />
    <TestEntry testId="722b90e6-5ac2-dc2d-d473-517e59080932" executionId="323b619a-a469-4838-930b-0b011e1ba58b" testListId="8c84fa94-04c1-424b-9868-57a2d4851a1d" />
    <TestEntry testId="0d3d75d0-53a4-f115-f7d7-0392c5b41347" executionId="f84375e8-f7ef-4d1d-9c48-533124f6ad4e" testListId="8c84fa94-04c1-424b-9868-57a2d4851a1d" />
    <TestEntry testId="5a5cd955-6853-44ec-e9f5-5f29058aea6c" executionId="c75295b4-22f6-4621-a935-55956ea5e207" testListId="8c84fa94-04c1-424b-9868-57a2d4851a1d" />
    <TestEntry testId="2949f80f-7efe-bcff-d0ce-ae65c70c8c9f" executionId="a849987e-34e4-4757-9689-963b126f04ae" testListId="8c84fa94-04c1-424b-9868-57a2d4851a1d" />
    <TestEntry testId="bd0e1085-d2ec-e1c6-c45b-bd7c4f00d72b" executionId="d4d59146-7130-43e5-bdfa-bcfee49edb19" testListId="8c84fa94-04c1-424b-9868-57a2d4851a1d" />
    <TestEntry testId="a1b3e267-057f-3eb9-8b1a-ba91db42c476" executionId="e3d69cf0-80b0-4dc0-99be-b1024d179130" testListId="8c84fa94-04c1-424b-9868-57a2d4851a1d" />
    <TestEntry testId="7bbc366e-7595-bea0-af20-a713ebdba94b" executionId="25fc9a7f-9a4f-40f2-adcc-4209ae33d286" testListId="8c84fa94-04c1-424b-9868-57a2d4851a1d" />
    <TestEntry testId="2fe2fdff-5b52-6172-35e3-180272d34dbd" executionId="e0719f7f-ad01-48ab-882e-d8550a49e548" testListId="8c84fa94-04c1-424b-9868-57a2d4851a1d" />
    <TestEntry testId="8a05e353-bc10-6d7d-528c-af52f3bbfcbe" executionId="b138071a-e001-4ae2-8a75-6d2ad7d6d7d9" testListId="8c84fa94-04c1-424b-9868-57a2d4851a1d" />
    <TestEntry testId="82109850-e5ce-06ff-a7c8-013c523bd1ad" executionId="825ce4c4-f9b4-4c23-9149-1704591f99e1" testListId="8c84fa94-04c1-424b-9868-57a2d4851a1d" />
    <TestEntry testId="3750960b-7d45-8312-b267-2f43c66f0ff7" executionId="d8a53700-8412-42a4-ad12-9f8a7fea2f96" testListId="8c84fa94-04c1-424b-9868-57a2d4851a1d" />
    <TestEntry testId="c79ac7e2-6143-9c24-9b5d-aa35ff47b483" executionId="bab95ef4-05f6-4176-8490-36b3705e3c2a" testListId="8c84fa94-04c1-424b-9868-57a2d4851a1d" />
    <TestEntry testId="6b4887cf-0ccd-68a6-53e2-5c99b9d00f44" executionId="dae537de-d4cb-484a-be22-b30d558050cd" testListId="8c84fa94-04c1-424b-9868-57a2d4851a1d" />
    <TestEntry testId="97e01ed6-9763-b779-5a3c-cece2684a673" executionId="6642c3dc-0ad9-4415-92dd-86460bf123f7" testListId="8c84fa94-04c1-424b-9868-57a2d4851a1d" />
    <TestEntry testId="b6a7718e-5a89-e83c-369d-a901c09ee2f9" executionId="97d89bbf-3474-463c-995f-1dc2cc3a95b6" testListId="8c84fa94-04c1-424b-9868-57a2d4851a1d" />
    <TestEntry testId="3c411a61-33b4-93ae-33be-209d2d762053" executionId="05cc2626-784e-42c7-87b8-99197338873c" testListId="8c84fa94-04c1-424b-9868-57a2d4851a1d" />
    <TestEntry testId="73fe191a-d960-563c-240d-3d18c930359d" executionId="c5f70b8b-1f90-44b9-825d-b7173a930f91" testListId="8c84fa94-04c1-424b-9868-57a2d4851a1d" />
    <TestEntry testId="43457d52-9c10-e826-e516-3f9f5b1cf9c7" executionId="1902280f-1bcd-4e2c-bc4c-5ecdf17d9b98" testListId="8c84fa94-04c1-424b-9868-57a2d4851a1d" />
    <TestEntry testId="12e86311-9085-1847-5b6e-d7283e97e4d2" executionId="329d864b-a721-4dc6-8140-727169bf4289" testListId="8c84fa94-04c1-424b-9868-57a2d4851a1d" />
    <TestEntry testId="0b48ed2b-f793-05a4-4109-bbfd8365c8b2" executionId="92852d53-9c8c-44be-9e2d-1cf0cf6dd81e" testListId="8c84fa94-04c1-424b-9868-57a2d4851a1d" />
    <TestEntry testId="2fd9d34f-cba7-bdbc-8fed-bcda57d9f7f4" executionId="9eb97eaf-a7f9-4115-9249-79b369338fa4" testListId="8c84fa94-04c1-424b-9868-57a2d4851a1d" />
    <TestEntry testId="6129addb-b9f4-c7ba-59cd-9b4cd194afb1" executionId="1905059c-a644-45a3-b078-2d6c06ed2628" testListId="8c84fa94-04c1-424b-9868-57a2d4851a1d" />
    <TestEntry testId="78cc1d74-df64-4a58-3808-f9ee620ba970" executionId="dfa34149-89f9-455d-9f4e-eec2cf34bffa" testListId="8c84fa94-04c1-424b-9868-57a2d4851a1d" />
    <TestEntry testId="623d7542-593b-655c-5f9d-26f4b859a3eb" executionId="6776783a-5d63-4257-9e0d-70cdc6961cad" testListId="8c84fa94-04c1-424b-9868-57a2d4851a1d" />
    <TestEntry testId="23bb67ab-9202-788a-b343-a86971620a3c" executionId="f33f672a-f514-420e-9778-f04fc621f94b" testListId="8c84fa94-04c1-424b-9868-57a2d4851a1d" />
    <TestEntry testId="7e4c6da8-c812-3247-fb29-39e83a8dcaf6" executionId="3df8f052-0d75-4791-bbc7-0a1ac120c106" testListId="8c84fa94-04c1-424b-9868-57a2d4851a1d" />
    <TestEntry testId="fbc8779e-8639-b45c-9f40-15014e1a7a78" executionId="33a4be08-5fd7-4b77-abb6-ee0b0bfb0394" testListId="8c84fa94-04c1-424b-9868-57a2d4851a1d" />
    <TestEntry testId="c2d2b45f-b2b4-5be5-bd61-931d20405ca0" executionId="e440aa96-56ec-4389-bd4c-18e9908fd88f" testListId="8c84fa94-04c1-424b-9868-57a2d4851a1d" />
    <TestEntry testId="dde0481c-b97a-a1ff-5ff0-0c6387e2cf09" executionId="533779b5-606f-4cf2-bc46-a98376a5274c" testListId="8c84fa94-04c1-424b-9868-57a2d4851a1d" />
    <TestEntry testId="d940af42-ce39-1694-d78b-a7be7150ce9d" executionId="29592035-6866-4abb-b4e5-1557643811e7" testListId="8c84fa94-04c1-424b-9868-57a2d4851a1d" />
    <TestEntry testId="6d90192d-bb76-ef0a-f916-413ccd7854d4" executionId="f244a4ef-483b-46a4-8b73-d1b34189b285" testListId="8c84fa94-04c1-424b-9868-57a2d4851a1d" />
    <TestEntry testId="70dfec06-4f81-5ffa-a234-dad6954aa710" executionId="42402e53-a9c2-4ba5-97f7-0e0f1fb5de5a" testListId="8c84fa94-04c1-424b-9868-57a2d4851a1d" />
    <TestEntry testId="dc0336af-8f9f-1603-2349-0c31c6497062" executionId="35f51c02-468c-4d99-af81-76efef097b10" testListId="8c84fa94-04c1-424b-9868-57a2d4851a1d" />
    <TestEntry testId="7474eaf9-4691-c724-7059-79bd4de0a7aa" executionId="41c09f92-5b87-4dd9-8c23-baadc89ef3de" testListId="8c84fa94-04c1-424b-9868-57a2d4851a1d" />
    <TestEntry testId="4338ce52-0830-0198-a576-283d437604a1" executionId="bcf7f2f4-91fe-4b03-bc97-be2f77a66acc" testListId="8c84fa94-04c1-424b-9868-57a2d4851a1d" />
    <TestEntry testId="97a164e1-33b5-d9e2-8420-1ad84de9eab2" executionId="b59d19db-21e6-4e82-9733-b383cf3f0084" testListId="8c84fa94-04c1-424b-9868-57a2d4851a1d" />
    <TestEntry testId="85f418b3-c6e9-c388-63a8-bba89426e870" executionId="cfd38ca1-f21e-454b-b5bd-7fc4865329fa" testListId="8c84fa94-04c1-424b-9868-57a2d4851a1d" />
    <TestEntry testId="cf7de98e-a0a5-aa33-9cf0-4bce68325e4f" executionId="f988bee9-802c-48fa-a5cf-56f99f97fa99" testListId="8c84fa94-04c1-424b-9868-57a2d4851a1d" />
    <TestEntry testId="bc53a59c-a692-1ef0-1138-1fa4ed3f7f7c" executionId="1b2880e7-f021-49ee-ab1a-32cfea0704cb" testListId="8c84fa94-04c1-424b-9868-57a2d4851a1d" />
    <TestEntry testId="fa47577f-29a5-fcf6-14a8-811660d3847e" executionId="47f137bc-ac75-4250-bad2-86a400c443ae" testListId="8c84fa94-04c1-424b-9868-57a2d4851a1d" />
    <TestEntry testId="eb4379f5-470b-bcca-d01f-3a829ebf8bc3" executionId="6974bb1a-425d-4645-84f9-1b061f81e5a9" testListId="8c84fa94-04c1-424b-9868-57a2d4851a1d" />
    <TestEntry testId="564cba20-8c21-2649-e016-8b61813764a9" executionId="dce723e6-5fbb-43a0-9723-56afe0a6d10d" testListId="8c84fa94-04c1-424b-9868-57a2d4851a1d" />
    <TestEntry testId="a90dcef3-f014-d6b8-4448-7a2d189e1c06" executionId="0dfaa6db-b37b-4df1-a19f-d07cbbf8008a" testListId="8c84fa94-04c1-424b-9868-57a2d4851a1d" />
    <TestEntry testId="2af0a12c-b4f0-bb6f-eb77-6788ac460193" executionId="b3278993-e9f5-41a7-95e4-207c55a4ddb9" testListId="8c84fa94-04c1-424b-9868-57a2d4851a1d" />
    <TestEntry testId="c2e323ce-b9ad-50ae-fcf3-bd0b2681e395" executionId="564b1a84-a84f-48a9-9550-1afc8edf1416" testListId="8c84fa94-04c1-424b-9868-57a2d4851a1d" />
    <TestEntry testId="6fcc8d45-2757-307b-667e-cbcfb0b27895" executionId="b3d7c5d3-696a-4506-afee-aee99164729b" testListId="8c84fa94-04c1-424b-9868-57a2d4851a1d" />
    <TestEntry testId="5992360e-fe1b-2e69-ba34-16af7638bbc1" executionId="82c288ee-5d99-498c-88de-ccc4ebef2685" testListId="8c84fa94-04c1-424b-9868-57a2d4851a1d" />
    <TestEntry testId="13b564b3-27f7-00f6-3dcd-dce6c4b25a8f" executionId="b25473fb-0cce-477b-9c80-a5ab27142bfb" testListId="8c84fa94-04c1-424b-9868-57a2d4851a1d" />
    <TestEntry testId="63918b10-115b-4ecc-a06c-6f18a053d544" executionId="935d3f28-ee15-4427-8f3a-e0f19e3e4989" testListId="8c84fa94-04c1-424b-9868-57a2d4851a1d" />
    <TestEntry testId="fa27f15a-71de-d8e4-0317-a7cfd7f09f5d" executionId="a4a47d96-61e3-4d03-a04b-877356d8cbf6" testListId="8c84fa94-04c1-424b-9868-57a2d4851a1d" />
    <TestEntry testId="2bf67104-0467-894b-4e19-c5a6e1230147" executionId="e54d78f3-0dcb-41a1-8b24-d4fe774b4214" testListId="8c84fa94-04c1-424b-9868-57a2d4851a1d" />
    <TestEntry testId="10ff8446-33ac-f92d-dee3-4cf38bc4c921" executionId="958646d2-c266-478b-96fc-1dae5a2ba041" testListId="8c84fa94-04c1-424b-9868-57a2d4851a1d" />
    <TestEntry testId="40cbc5e4-9a58-bc8a-43c2-b23131016951" executionId="4bd72b28-a624-4b5f-b9b2-0fab54ef00c1" testListId="8c84fa94-04c1-424b-9868-57a2d4851a1d" />
    <TestEntry testId="e2b54495-fce9-f4f0-bcb3-923bdb59abd8" executionId="fbb2263a-7d66-42d2-955e-ed99dd84abae" testListId="8c84fa94-04c1-424b-9868-57a2d4851a1d" />
    <TestEntry testId="0e076750-4e99-ddd5-434d-86de255ea605" executionId="60770a24-496d-428f-9fa9-d8644c66e08d" testListId="8c84fa94-04c1-424b-9868-57a2d4851a1d" />
    <TestEntry testId="bec7abe0-9ae0-be4b-21c0-f94fd35a4de5" executionId="2143cb91-71cb-4bf9-b025-beb90a2b5762" testListId="8c84fa94-04c1-424b-9868-57a2d4851a1d" />
    <TestEntry testId="55913386-00c2-6110-e011-ed47c2e88530" executionId="5ce7eddb-2a60-4c2d-9e5f-74bab704ec66" testListId="8c84fa94-04c1-424b-9868-57a2d4851a1d" />
    <TestEntry testId="838f84ea-6e98-41a6-c5b1-54f2facc4722" executionId="873c9a4c-6244-49ce-ba44-ab46809cae4c" testListId="8c84fa94-04c1-424b-9868-57a2d4851a1d" />
    <TestEntry testId="2ddffbe5-68d7-54a9-0780-a99407bb636e" executionId="1b676f5f-276f-4439-a3b8-50fc76c20a9e" testListId="8c84fa94-04c1-424b-9868-57a2d4851a1d" />
    <TestEntry testId="8580234c-9dad-f2ac-5bb0-6fc1a8420dc8" executionId="8f125e2d-9b4e-4b5b-bee5-fbc10692fb94" testListId="8c84fa94-04c1-424b-9868-57a2d4851a1d" />
    <TestEntry testId="bacfdbdd-789a-51b9-c55f-193ddb519db4" executionId="0c81f6a7-4aac-493a-a821-dee12edfca03" testListId="8c84fa94-04c1-424b-9868-57a2d4851a1d" />
    <TestEntry testId="6d0c8991-6d20-2067-f426-7bcd07804623" executionId="df874cb3-68e6-4a12-922d-f73dc25e3eed" testListId="8c84fa94-04c1-424b-9868-57a2d4851a1d" />
    <TestEntry testId="aaf518b3-b5a7-ba43-e0ba-fcb4fa98c9a0" executionId="b4219df6-a1af-4dfb-984d-51d69455b20b" testListId="8c84fa94-04c1-424b-9868-57a2d4851a1d" />
    <TestEntry testId="96f25c26-7aaa-4cb6-9300-829db3e9cafa" executionId="8dc69eaa-0992-4e0c-a2ee-829e513691eb" testListId="8c84fa94-04c1-424b-9868-57a2d4851a1d" />
    <TestEntry testId="b3811ac6-fd4f-a054-c7bf-adbc877fe529" executionId="400148e2-4895-40fa-88e5-f5d96a7a25bc" testListId="8c84fa94-04c1-424b-9868-57a2d4851a1d" />
    <TestEntry testId="da43a862-7e0d-490e-d2dc-c4908f0429c2" executionId="59168500-945e-41f0-b872-f8b27abe0d81" testListId="8c84fa94-04c1-424b-9868-57a2d4851a1d" />
    <TestEntry testId="a35f4d4b-faca-8b86-2699-fa54e883307b" executionId="b70ca731-47a0-464f-b517-5bffc8c8cf9c" testListId="8c84fa94-04c1-424b-9868-57a2d4851a1d" />
    <TestEntry testId="43f3967c-9632-22be-f9e6-13767d04af3c" executionId="df85c263-2628-4a8e-bdfe-9a51921c6c49" testListId="8c84fa94-04c1-424b-9868-57a2d4851a1d" />
    <TestEntry testId="d4430f35-a504-fb52-aac1-3c3290d1e1c9" executionId="239ce9f8-2f91-423a-adcf-3e82f5073541" testListId="8c84fa94-04c1-424b-9868-57a2d4851a1d" />
    <TestEntry testId="b17474d1-50ec-2b9e-79f1-c113f0592a16" executionId="883274a6-d950-4e26-aeac-b1a73055b2bd" testListId="8c84fa94-04c1-424b-9868-57a2d4851a1d" />
    <TestEntry testId="5761ca89-84aa-bb06-cddd-6e16dec51b6c" executionId="2cd5d9d2-7e36-45fd-b83f-8a82bfed274a" testListId="8c84fa94-04c1-424b-9868-57a2d4851a1d" />
    <TestEntry testId="4406742a-9151-cbb8-451e-b53e2c726cbf" executionId="da742843-f910-4710-a80a-377057c3b2c1" testListId="8c84fa94-04c1-424b-9868-57a2d4851a1d" />
    <TestEntry testId="bc9f04c2-04ce-c3bb-3a05-f2c7d849224a" executionId="1958de6b-41e1-4075-bcfd-a72b11d23ca1" testListId="8c84fa94-04c1-424b-9868-57a2d4851a1d" />
    <TestEntry testId="92a1a4dd-0b5b-baa1-3b35-7ae4091132a4" executionId="59e0fede-d051-4952-af4e-6fcdf8a120a2" testListId="8c84fa94-04c1-424b-9868-57a2d4851a1d" />
    <TestEntry testId="9913f251-757a-e0ec-095c-233b1c19ef39" executionId="0ebf908a-d950-4416-8995-809a07c65dec" testListId="8c84fa94-04c1-424b-9868-57a2d4851a1d" />
    <TestEntry testId="400aa72e-681c-6ef6-dca8-adc276859a2a" executionId="4bf67855-1e8d-4ac7-b562-27fa387d8714" testListId="8c84fa94-04c1-424b-9868-57a2d4851a1d" />
    <TestEntry testId="4efb9c56-1d02-d240-7b44-4fbf61e9f062" executionId="fb417b22-4eae-4a8b-bd0d-b9e66a89330b" testListId="8c84fa94-04c1-424b-9868-57a2d4851a1d" />
    <TestEntry testId="938df8ef-a721-5b4a-02ff-4ea790775017" executionId="48b1c34f-9ed8-4514-bc38-b47715915d95" testListId="8c84fa94-04c1-424b-9868-57a2d4851a1d" />
    <TestEntry testId="bc671f61-a193-5168-ad16-96831fa39bca" executionId="fc49e171-7eb7-44dd-bf53-f6b91ef07486" testListId="8c84fa94-04c1-424b-9868-57a2d4851a1d" />
    <TestEntry testId="bae89723-ecf5-2d1f-3fcc-734b3112a34f" executionId="b4f4de5e-fa83-46c2-8d14-c5c270efbf92" testListId="8c84fa94-04c1-424b-9868-57a2d4851a1d" />
    <TestEntry testId="56fb1d24-a575-e9c8-f392-8480300fd795" executionId="28e4ad7f-14c6-4bbd-87d4-af15921530af" testListId="8c84fa94-04c1-424b-9868-57a2d4851a1d" />
    <TestEntry testId="e6bba712-d49f-1831-12e5-7457bbadb0e7" executionId="bfc04cd7-120a-43fe-b709-222bc3155da7" testListId="8c84fa94-04c1-424b-9868-57a2d4851a1d" />
    <TestEntry testId="17aa8b1d-271b-401b-1922-a6de5474eb64" executionId="159580c6-7df4-4490-a4dd-008ab3187349" testListId="8c84fa94-04c1-424b-9868-57a2d4851a1d" />
    <TestEntry testId="a39bcea0-b415-4e9f-c089-e4b96f947ebb" executionId="5fb6f951-a934-4af9-8f56-67cfa08b39d3" testListId="8c84fa94-04c1-424b-9868-57a2d4851a1d" />
    <TestEntry testId="88bb5f51-3d39-a235-2631-19b103afb715" executionId="eb35ea21-9a46-4076-b336-cd2e36b58540" testListId="8c84fa94-04c1-424b-9868-57a2d4851a1d" />
    <TestEntry testId="1e282049-693d-bd53-a7e1-27e3df90a4a4" executionId="92b4859d-3de6-4165-b95c-b06b03c9d8f9" testListId="8c84fa94-04c1-424b-9868-57a2d4851a1d" />
    <TestEntry testId="7bc819d9-8903-6b28-791f-8cffafffb964" executionId="2111f063-fa4d-4394-8a77-1726fa054a3a" testListId="8c84fa94-04c1-424b-9868-57a2d4851a1d" />
    <TestEntry testId="e9a07dd0-6729-f12f-e594-01bce1bc7528" executionId="a022183e-3d2f-409c-8015-907a78cd22c7" testListId="8c84fa94-04c1-424b-9868-57a2d4851a1d" />
    <TestEntry testId="cd734608-0635-4e86-7527-f105e201066f" executionId="67c2f954-7480-468c-82cb-b23fa2f0fd5f" testListId="8c84fa94-04c1-424b-9868-57a2d4851a1d" />
    <TestEntry testId="601a8b9d-af25-5815-020c-08901a8fd3d6" executionId="74e2a5ef-b3ac-4dba-97f8-0733df47122c" testListId="8c84fa94-04c1-424b-9868-57a2d4851a1d" />
    <TestEntry testId="5161867c-fc36-4894-f0ec-0f491ed6c534" executionId="02a1a8c5-a425-4aa1-8048-6e1dfefeade0" testListId="8c84fa94-04c1-424b-9868-57a2d4851a1d" />
    <TestEntry testId="c691ab33-da69-53cd-21e8-9a047d97414d" executionId="72235ba9-8f5e-4d49-b585-b91575dc7778" testListId="8c84fa94-04c1-424b-9868-57a2d4851a1d" />
    <TestEntry testId="a520ac80-731e-f858-21a1-2b1571fbf182" executionId="124e9728-f4d7-40ac-a7ba-7920fc08e284" testListId="8c84fa94-04c1-424b-9868-57a2d4851a1d" />
    <TestEntry testId="83803596-78fb-73ca-d8cb-4234bbf998c7" executionId="e0e9db1b-f43f-4962-b96e-276d051b0a2c" testListId="8c84fa94-04c1-424b-9868-57a2d4851a1d" />
    <TestEntry testId="2da9ebd0-e4cf-c378-d860-ca6fce015de8" executionId="39dda14c-2672-4b32-acc4-ac1a5007d217" testListId="8c84fa94-04c1-424b-9868-57a2d4851a1d" />
    <TestEntry testId="17628f16-366f-8f5a-9a8b-1d63d9f009bc" executionId="60fa9214-72ae-48de-bacd-55ed46ba6ca2" testListId="8c84fa94-04c1-424b-9868-57a2d4851a1d" />
    <TestEntry testId="524a877b-7144-66dc-adb3-df423c2688c8" executionId="3381f429-97df-46f4-9a78-2757457249dd" testListId="8c84fa94-04c1-424b-9868-57a2d4851a1d" />
    <TestEntry testId="2a86f6d1-afa3-8511-93c8-750f0da3bf18" executionId="e6087002-3a63-40bd-a57d-0270a0aef603" testListId="8c84fa94-04c1-424b-9868-57a2d4851a1d" />
    <TestEntry testId="d58d5f54-277a-fc73-d7a0-bd69d34dd2e7" executionId="271b1809-7d92-4125-88c4-400f9fe84570" testListId="8c84fa94-04c1-424b-9868-57a2d4851a1d" />
    <TestEntry testId="c1a80d40-b0de-ec1a-b835-73695d648b71" executionId="396e6200-ae3a-4e82-8383-16f30f22b66a" testListId="8c84fa94-04c1-424b-9868-57a2d4851a1d" />
    <TestEntry testId="1383cba6-eafd-9d49-1db3-3510d1bfd8cc" executionId="aa875038-5752-4d3b-b867-3c36e8fce194" testListId="8c84fa94-04c1-424b-9868-57a2d4851a1d" />
    <TestEntry testId="bf0e1f02-72f8-fbe6-2a38-9dde966c14d6" executionId="84d1abf1-aa92-4d7d-8cd0-f38afddaa366" testListId="8c84fa94-04c1-424b-9868-57a2d4851a1d" />
    <TestEntry testId="2ca074f9-6723-c9e2-8d72-74883108484b" executionId="176487a8-0080-489e-97b2-39dc5da09a8e" testListId="8c84fa94-04c1-424b-9868-57a2d4851a1d" />
    <TestEntry testId="b4ea2e17-282b-5967-f92c-ca9a09a90e94" executionId="193961c8-464d-4330-b5d5-71cbbb5027ed" testListId="8c84fa94-04c1-424b-9868-57a2d4851a1d" />
    <TestEntry testId="aad26a0b-b58d-5f28-1922-bd2f261de7f8" executionId="df33d164-00a5-466b-bd2c-ac55f4e08826" testListId="8c84fa94-04c1-424b-9868-57a2d4851a1d" />
    <TestEntry testId="b926a245-cb40-19b0-13a5-1ebfa798123a" executionId="03073f3d-0e06-484d-98e7-ea9b73789c18" testListId="8c84fa94-04c1-424b-9868-57a2d4851a1d" />
    <TestEntry testId="27bb0e7d-77f6-9253-4a61-234860c3428f" executionId="03ac50f2-8218-47c3-93ae-68801064d6a0" testListId="8c84fa94-04c1-424b-9868-57a2d4851a1d" />
    <TestEntry testId="99e4cc0d-0163-4873-065f-3272086b9afd" executionId="e1f52098-bd9c-499d-a161-3193e8f18999" testListId="8c84fa94-04c1-424b-9868-57a2d4851a1d" />
    <TestEntry testId="c5469f99-c96d-f31e-4956-b34ac31bdab4" executionId="f60aff38-9b9c-4f70-8456-8dbf3c9054bb" testListId="8c84fa94-04c1-424b-9868-57a2d4851a1d" />
    <TestEntry testId="55c67aaa-d05b-f400-247b-d621fd1c5e0d" executionId="771e44b0-3ed1-4ee6-940c-fc6bad605da4" testListId="8c84fa94-04c1-424b-9868-57a2d4851a1d" />
    <TestEntry testId="cf2c7d0c-6b61-f739-3a67-33940c390efd" executionId="b71b646b-ff3e-4d31-9713-2831c9e2767e" testListId="8c84fa94-04c1-424b-9868-57a2d4851a1d" />
    <TestEntry testId="ef74b673-7910-715e-8b86-bacd53300431" executionId="22f35c58-fc26-4632-8c51-b95915f8e03c" testListId="8c84fa94-04c1-424b-9868-57a2d4851a1d" />
    <TestEntry testId="211bea4d-1328-f6f3-0d72-e889b4994eb5" executionId="b9b8cc5f-89d2-4c53-bf78-2c4478c297f8" testListId="8c84fa94-04c1-424b-9868-57a2d4851a1d" />
    <TestEntry testId="12aec614-d175-e0e4-a8f4-8b1b7e6bc4ba" executionId="937d7c5b-7345-4e7d-b834-3608ca0bef51" testListId="8c84fa94-04c1-424b-9868-57a2d4851a1d" />
    <TestEntry testId="f9b5fde8-8925-a549-79d4-271cab1317af" executionId="968fd0c9-d23d-44f1-b3ad-cd608d8c67f6" testListId="8c84fa94-04c1-424b-9868-57a2d4851a1d" />
    <TestEntry testId="884c0700-1336-c7fe-29a4-03f4c9b758e3" executionId="2294c478-9559-41d6-bade-b2f7b89acb96" testListId="8c84fa94-04c1-424b-9868-57a2d4851a1d" />
    <TestEntry testId="026f6c37-f35d-c532-475f-70bbd313df36" executionId="9b1e6224-434b-47e4-95d6-f6aeee2b3805" testListId="8c84fa94-04c1-424b-9868-57a2d4851a1d" />
    <TestEntry testId="08be9f15-d910-d9f0-376d-9f31e94ba045" executionId="cc4cc089-7dff-493a-b1f9-a3e12b646f9f" testListId="8c84fa94-04c1-424b-9868-57a2d4851a1d" />
    <TestEntry testId="2dec4724-62ac-6154-96ab-5e2c96a31940" executionId="d82533e8-2f2d-4b27-a6e8-68e0ed7d0011" testListId="8c84fa94-04c1-424b-9868-57a2d4851a1d" />
    <TestEntry testId="d27d6d4b-a1ae-f03a-7f93-c681a6507855" executionId="17a49bd6-eef2-408a-b1f4-fd2f6096f9f7" testListId="8c84fa94-04c1-424b-9868-57a2d4851a1d" />
    <TestEntry testId="f5fc2edd-f0d0-bc60-8695-c5646a3d7753" executionId="3ea14af8-f088-495e-8ab6-3d43be695b45" testListId="8c84fa94-04c1-424b-9868-57a2d4851a1d" />
    <TestEntry testId="50c7bee4-db27-6231-09a9-fcf9072f57e5" executionId="2caf6788-7a7b-4b59-bf0a-a3a139df9123" testListId="8c84fa94-04c1-424b-9868-57a2d4851a1d" />
    <TestEntry testId="e01228f8-82f0-7001-38f1-3cd27dbbbeef" executionId="24f5d370-f536-41bf-b007-4bc40d8fc761" testListId="8c84fa94-04c1-424b-9868-57a2d4851a1d" />
    <TestEntry testId="308b9b51-e17e-43bf-04d3-0070e8c6edc0" executionId="7b6d4ffd-0ee8-4ebe-ab0b-08e7cd201949" testListId="8c84fa94-04c1-424b-9868-57a2d4851a1d" />
    <TestEntry testId="99916c62-573b-10c1-0e83-59e52a6e5d46" executionId="42b7b2ea-3e54-415e-a430-6b16f1881dce" testListId="8c84fa94-04c1-424b-9868-57a2d4851a1d" />
    <TestEntry testId="4cbd0aea-8eee-bd7f-0ab1-c2a7db051079" executionId="aa1013ed-cecc-430d-afd0-4de4ce82d55b" testListId="8c84fa94-04c1-424b-9868-57a2d4851a1d" />
    <TestEntry testId="3fda7423-1324-1f70-46c1-886e6f749e32" executionId="14be9ac3-0072-4931-82d8-a0da0a8d4f6a" testListId="8c84fa94-04c1-424b-9868-57a2d4851a1d" />
    <TestEntry testId="2d171bb0-2043-6d80-bc22-a89f4b288c92" executionId="155af4af-3fd5-42f2-a4c6-c743e96daa04" testListId="8c84fa94-04c1-424b-9868-57a2d4851a1d" />
    <TestEntry testId="03a85004-db8f-0f35-8ccd-178f7b803f9a" executionId="341abff5-83b5-4604-82e6-f0883dcf1fe9" testListId="8c84fa94-04c1-424b-9868-57a2d4851a1d" />
    <TestEntry testId="a7bf3bb4-2759-f65f-569c-4902540760f3" executionId="f7813528-495b-44fc-a2a8-cc0e9a33b3b3" testListId="8c84fa94-04c1-424b-9868-57a2d4851a1d" />
    <TestEntry testId="f0f41750-d1d7-735c-f4d1-70987a0780dd" executionId="1a1db37e-7789-46c6-ae5c-06131c0c42e9" testListId="8c84fa94-04c1-424b-9868-57a2d4851a1d" />
    <TestEntry testId="6690a25c-0ee6-cbca-ec0a-27c2e419ad86" executionId="25006a43-1196-44d6-8f90-71301f7da61c" testListId="8c84fa94-04c1-424b-9868-57a2d4851a1d" />
    <TestEntry testId="dd418f57-2bb1-2214-8d32-09969a0f8a5b" executionId="2b3ca4e4-20d9-4ac1-a3f1-9b03479769f2" testListId="8c84fa94-04c1-424b-9868-57a2d4851a1d" />
    <TestEntry testId="2ae53916-48d8-9410-5fd3-b57a8d347e88" executionId="464d1608-1296-4d2e-ac1c-2c638c96e081" testListId="8c84fa94-04c1-424b-9868-57a2d4851a1d" />
    <TestEntry testId="3d17ce89-3210-f546-00fd-703c5fe84b40" executionId="b846be83-aa61-4a01-b758-5e58d4f53ac5" testListId="8c84fa94-04c1-424b-9868-57a2d4851a1d" />
    <TestEntry testId="95769f18-41d8-ea9d-fda8-55b834c2d6a9" executionId="6adaa318-a0b6-451a-9ba2-f1899690fe3d" testListId="8c84fa94-04c1-424b-9868-57a2d4851a1d" />
    <TestEntry testId="4df827f4-946d-0af3-bf82-504c5e3f1637" executionId="ec90a76e-16fc-445e-9b07-20ba0ae0aaff" testListId="8c84fa94-04c1-424b-9868-57a2d4851a1d" />
    <TestEntry testId="31839f7b-0b97-fbc5-d3be-cd002842bcab" executionId="1de2d900-0902-4870-b084-62bd89c4f1af" testListId="8c84fa94-04c1-424b-9868-57a2d4851a1d" />
    <TestEntry testId="b3f227a7-f898-1c46-4ead-18f2427d3ba3" executionId="24e6a722-7012-412c-8dff-04038800a05c" testListId="8c84fa94-04c1-424b-9868-57a2d4851a1d" />
    <TestEntry testId="92a0dbba-00b0-f41a-dccf-ad16d902db5a" executionId="ac59aa02-207d-42c1-a346-38c42817e67e" testListId="8c84fa94-04c1-424b-9868-57a2d4851a1d" />
    <TestEntry testId="ba4593ac-dc51-7301-ade4-e5a3bd6388ea" executionId="8c1cfdea-7620-497d-8a8b-45ff80de2e4b" testListId="8c84fa94-04c1-424b-9868-57a2d4851a1d" />
    <TestEntry testId="70c3ccbb-c759-4b14-1c6a-53ff6378feae" executionId="44d85d45-1d53-4696-abf4-27cf273cd121" testListId="8c84fa94-04c1-424b-9868-57a2d4851a1d" />
    <TestEntry testId="eafe5b6c-05f1-2ee7-73ca-60b8a1952012" executionId="f5a8b667-0d43-4e51-a94c-71aa1bf6c8b1" testListId="8c84fa94-04c1-424b-9868-57a2d4851a1d" />
    <TestEntry testId="cb167698-fed7-d39d-c67d-d95c11ed94cb" executionId="703cfd02-4a5c-4dc5-9976-57e307d86cf9" testListId="8c84fa94-04c1-424b-9868-57a2d4851a1d" />
    <TestEntry testId="1beda56a-c320-9dd4-234b-ff6f69ea37f5" executionId="4876c9d2-3ad9-4000-a946-797f984ce483" testListId="8c84fa94-04c1-424b-9868-57a2d4851a1d" />
    <TestEntry testId="ba3f91ce-47c2-83aa-1582-97cc4dfe04b4" executionId="da00f8e8-9686-45c4-bdf1-cadb4b8880bd" testListId="8c84fa94-04c1-424b-9868-57a2d4851a1d" />
    <TestEntry testId="a16da83e-8367-f179-9ee7-ae85a6787fe0" executionId="5580d015-cf54-407b-b454-e8d60805182a" testListId="8c84fa94-04c1-424b-9868-57a2d4851a1d" />
    <TestEntry testId="731c999f-7279-7d95-25b3-30ede6433f95" executionId="ecb078ca-c83f-4899-8c73-285d499c6a1d" testListId="8c84fa94-04c1-424b-9868-57a2d4851a1d" />
    <TestEntry testId="6fe30acd-ab31-a2f0-92a1-faf05fa97f9d" executionId="c93d73ce-6e32-4abb-95c0-30cf91d0b3b7" testListId="8c84fa94-04c1-424b-9868-57a2d4851a1d" />
    <TestEntry testId="b1d16d55-432d-1fc9-b38d-f4313eda19fb" executionId="f32a1753-6a76-4a13-88f2-bec3a0e60d42" testListId="8c84fa94-04c1-424b-9868-57a2d4851a1d" />
    <TestEntry testId="7932cc0b-8e33-adaf-e7f1-0d8729f4d0b6" executionId="a9f28efa-5112-4222-84cd-bccc9fb1c974" testListId="8c84fa94-04c1-424b-9868-57a2d4851a1d" />
    <TestEntry testId="1bfd8303-eaf8-80f1-39ff-f2fa502aba81" executionId="b7c7a70f-5196-463b-80a8-7b9fe546a014" testListId="8c84fa94-04c1-424b-9868-57a2d4851a1d" />
    <TestEntry testId="9876b079-020e-6f1e-7cf3-b38fbeaa1560" executionId="95194b49-ab56-420b-a90f-968cbe31402d" testListId="8c84fa94-04c1-424b-9868-57a2d4851a1d" />
    <TestEntry testId="759a3507-8826-8013-133a-77aee20ee64b" executionId="7cdf85ee-be93-411a-b4b9-fbce54fd1650" testListId="8c84fa94-04c1-424b-9868-57a2d4851a1d" />
    <TestEntry testId="fde2a2f5-3afd-a0f5-ca5c-f18e1f9641cf" executionId="160f1cbd-cd63-4127-a39d-1b6fd74599ae" testListId="8c84fa94-04c1-424b-9868-57a2d4851a1d" />
    <TestEntry testId="d432de47-0bed-83ca-35bc-10ae81b881cf" executionId="36194349-e696-4535-a498-1697dd7c27d6" testListId="8c84fa94-04c1-424b-9868-57a2d4851a1d" />
    <TestEntry testId="5190094f-537d-c21f-f909-b4e1d1d4da2c" executionId="10ce47cb-ca35-4c02-893f-591f95a11cf5" testListId="8c84fa94-04c1-424b-9868-57a2d4851a1d" />
    <TestEntry testId="66f2d804-79b8-66cd-65a4-90df10d2e648" executionId="2a04c5c5-ed75-4764-a7be-07b43873d04f" testListId="8c84fa94-04c1-424b-9868-57a2d4851a1d" />
    <TestEntry testId="6bba8317-dda2-5ac8-077a-bac57206850a" executionId="bc99fa9c-6c82-4da7-8a29-286c3e5a591a" testListId="8c84fa94-04c1-424b-9868-57a2d4851a1d" />
    <TestEntry testId="e487ded2-fa71-cb1c-1ec4-73769dc52337" executionId="ecbac7b0-96ae-4d63-b753-d297ad824765" testListId="8c84fa94-04c1-424b-9868-57a2d4851a1d" />
    <TestEntry testId="1bb0a715-d33b-a179-b3d0-3bb5781bd085" executionId="133ecfe5-0f66-4dd1-a333-d6f7516943b2" testListId="8c84fa94-04c1-424b-9868-57a2d4851a1d" />
    <TestEntry testId="d38fa24b-9125-be98-c13d-3aa8a2700fbd" executionId="c9ebc314-26e2-472f-80e5-30d22e798a11" testListId="8c84fa94-04c1-424b-9868-57a2d4851a1d" />
    <TestEntry testId="d56cb874-3cc7-e771-ca45-d471f8d52b03" executionId="901897b4-3bc0-40a9-a5c3-2d48a35048bb" testListId="8c84fa94-04c1-424b-9868-57a2d4851a1d" />
    <TestEntry testId="b564dd73-5389-f65a-16c5-1a9a85212e8d" executionId="0bc066cf-06f0-4069-9eea-a262263eeceb" testListId="8c84fa94-04c1-424b-9868-57a2d4851a1d" />
    <TestEntry testId="66e652d4-7120-e0b9-bc3f-59f1dd07326d" executionId="1dada605-611f-4e7f-b791-b4761cecc011" testListId="8c84fa94-04c1-424b-9868-57a2d4851a1d" />
    <TestEntry testId="38165d93-074a-c3be-4585-e77f40c7f236" executionId="6f4e5f82-8d84-4e53-94a9-78e83b9c0a79" testListId="8c84fa94-04c1-424b-9868-57a2d4851a1d" />
    <TestEntry testId="b938de7b-7f73-e630-d3f9-f037248a6a21" executionId="bf1bb79e-f165-40f5-88fd-ffede7d6097c" testListId="8c84fa94-04c1-424b-9868-57a2d4851a1d" />
    <TestEntry testId="a6602191-84b6-37cb-cd64-033d6703a5ac" executionId="05fec865-f699-4d2f-b961-2398e189426f" testListId="8c84fa94-04c1-424b-9868-57a2d4851a1d" />
    <TestEntry testId="6225bec6-d690-2c9c-7fcb-e2ee829cce19" executionId="bffcf6ba-378d-4076-9709-d2d79eb4602c" testListId="8c84fa94-04c1-424b-9868-57a2d4851a1d" />
    <TestEntry testId="fd0eccf9-caa6-b83a-bee6-883590bd0481" executionId="b2577582-1347-4b33-b57d-e3814f868d0e" testListId="8c84fa94-04c1-424b-9868-57a2d4851a1d" />
    <TestEntry testId="641a7524-60f1-9181-6e9b-89739b290cb6" executionId="e0f72deb-90a9-450b-bbbf-9f5272f3d222" testListId="8c84fa94-04c1-424b-9868-57a2d4851a1d" />
    <TestEntry testId="6b0c050c-26e7-4247-c0fb-8071d719bf13" executionId="60c3464c-73ac-4d24-927d-5ff692c7c4bd" testListId="8c84fa94-04c1-424b-9868-57a2d4851a1d" />
    <TestEntry testId="ae6ab4de-a15a-386e-27b4-ad7e305232a4" executionId="b263719c-15f6-44ec-9bee-725722278b4d" testListId="8c84fa94-04c1-424b-9868-57a2d4851a1d" />
    <TestEntry testId="76ea4b03-0002-bcef-6cf5-96a275197a3e" executionId="13dee291-296d-42c7-99b6-941723a61e13" testListId="8c84fa94-04c1-424b-9868-57a2d4851a1d" />
    <TestEntry testId="46700ab3-b2de-891d-833f-f66992ae2085" executionId="192b7d4b-b4fd-4015-a47e-2dd93cbe65fc" testListId="8c84fa94-04c1-424b-9868-57a2d4851a1d" />
    <TestEntry testId="28c75364-c29c-d484-d8df-a007de00eb92" executionId="39cc1ecc-5852-4958-b870-d8ef86aa2b14" testListId="8c84fa94-04c1-424b-9868-57a2d4851a1d" />
    <TestEntry testId="ff921edb-f8f6-eb69-b885-d9a475988f7d" executionId="c4715e41-0f4f-4c7f-a82d-fcb1db378584" testListId="8c84fa94-04c1-424b-9868-57a2d4851a1d" />
    <TestEntry testId="224b2ed7-c50c-8d48-672a-c827e07a3a62" executionId="75e75708-072d-4d1f-972e-abed871fe76e" testListId="8c84fa94-04c1-424b-9868-57a2d4851a1d" />
    <TestEntry testId="21969593-9ffe-beb3-4f6a-cf45e3f6ac14" executionId="34f05319-3589-4e9e-bce9-b64133e311af" testListId="8c84fa94-04c1-424b-9868-57a2d4851a1d" />
    <TestEntry testId="8e80079e-8b3e-57c8-5480-6b7867070ad8" executionId="6a6590b1-3eea-4c64-b719-cc6d2b5613e2" testListId="8c84fa94-04c1-424b-9868-57a2d4851a1d" />
    <TestEntry testId="97915732-ea8d-f4a9-8f8b-a032be1aadb7" executionId="39c41ab3-a39e-4c51-9c0c-4556b8c8661d" testListId="8c84fa94-04c1-424b-9868-57a2d4851a1d" />
    <TestEntry testId="13985aff-55b6-8f4d-0d3b-72faff5c5024" executionId="d333620f-bbf1-446e-8dbd-8ed7c71cc6ab" testListId="8c84fa94-04c1-424b-9868-57a2d4851a1d" />
    <TestEntry testId="6a430a06-d060-2a61-66e3-4b6259d7084d" executionId="fc87e106-baa5-4844-87e6-64379993a26e" testListId="8c84fa94-04c1-424b-9868-57a2d4851a1d" />
    <TestEntry testId="306f6017-6b92-421b-7fd3-72fe02950985" executionId="0edbdcf5-0925-48be-9729-429866a86c51" testListId="8c84fa94-04c1-424b-9868-57a2d4851a1d" />
    <TestEntry testId="c9809da6-9cc2-1d5d-9877-4b850b3d75bd" executionId="29a6dd3d-d69a-43b3-b770-6f2d44123df6" testListId="8c84fa94-04c1-424b-9868-57a2d4851a1d" />
    <TestEntry testId="0c078675-9733-bd43-f92d-197327660f90" executionId="35512346-edb6-4922-bbb4-ec4ee2cea383" testListId="8c84fa94-04c1-424b-9868-57a2d4851a1d" />
    <TestEntry testId="f429d6a0-c09a-0533-4616-de26584ea64d" executionId="685bf982-1d7e-49cf-a1b6-04f3ede31191" testListId="8c84fa94-04c1-424b-9868-57a2d4851a1d" />
    <TestEntry testId="612de378-a5d1-39d7-5004-042ad08386ce" executionId="b56e8e8f-7ca3-4c19-b817-dc917b216ada" testListId="8c84fa94-04c1-424b-9868-57a2d4851a1d" />
    <TestEntry testId="6c08dc40-3562-5ab3-fac7-e7b7f6da18bf" executionId="818c9bb7-0507-442e-a68c-cbf0fb33605e" testListId="8c84fa94-04c1-424b-9868-57a2d4851a1d" />
    <TestEntry testId="be0efaee-1bcc-957d-deb4-0d689ff102b2" executionId="bc3c0108-f76d-4576-9e57-81571fa26d19" testListId="8c84fa94-04c1-424b-9868-57a2d4851a1d" />
    <TestEntry testId="a2688d93-a748-c236-a400-96fa20539361" executionId="5f1d3e87-fc07-4690-830f-28b0386cd269" testListId="8c84fa94-04c1-424b-9868-57a2d4851a1d" />
    <TestEntry testId="6d55a2cf-850d-85a5-c5c7-b75b0e61394e" executionId="b286c7a3-5929-47f0-970b-87a363e80d5a" testListId="8c84fa94-04c1-424b-9868-57a2d4851a1d" />
    <TestEntry testId="00521c76-6ee3-dbc3-b758-7cfcf4347322" executionId="887341c1-8ae5-4f22-a230-5948cf8e66ca" testListId="8c84fa94-04c1-424b-9868-57a2d4851a1d" />
    <TestEntry testId="27ba3d41-2918-6d80-a04e-f521fca1a8ce" executionId="d266f25b-7f02-4569-95c7-206432335cc4" testListId="8c84fa94-04c1-424b-9868-57a2d4851a1d" />
    <TestEntry testId="effdf7db-1010-3b3e-7b9c-fd993387abce" executionId="00588315-10d6-4ec9-badb-d4a82fe73db8" testListId="8c84fa94-04c1-424b-9868-57a2d4851a1d" />
    <TestEntry testId="0df77070-eb48-1fb9-d310-76e29c4eb923" executionId="c798931e-eed8-4a6c-b9c3-c2c7b23c084f" testListId="8c84fa94-04c1-424b-9868-57a2d4851a1d" />
    <TestEntry testId="35818c40-394b-77e0-5b06-636f9dcf1826" executionId="a720b72f-28bf-44b3-a51a-58f27ddfacfb" testListId="8c84fa94-04c1-424b-9868-57a2d4851a1d" />
    <TestEntry testId="d2e5db71-b1bd-1e54-6931-d4ea9a10fc5f" executionId="bf98767c-d764-4d0d-aff5-9502fa128549" testListId="8c84fa94-04c1-424b-9868-57a2d4851a1d" />
    <TestEntry testId="8fa6a96b-2f3f-4e85-a824-5b1fee8eaae6" executionId="263ec8df-0588-448f-9949-4b1ea8b43a91" testListId="8c84fa94-04c1-424b-9868-57a2d4851a1d" />
    <TestEntry testId="34a777df-87ae-e2ed-7248-aa27e9a05690" executionId="11c34bac-2a06-4741-9ac9-e89d45fee49a" testListId="8c84fa94-04c1-424b-9868-57a2d4851a1d" />
    <TestEntry testId="a88ddc68-d3ca-c696-d84d-798cdc152c8a" executionId="35bde1db-ace0-4520-bb38-a12efbaf658f" testListId="8c84fa94-04c1-424b-9868-57a2d4851a1d" />
    <TestEntry testId="c1dc72c9-207f-c7b2-55c9-7ed64f1252b2" executionId="1ab0fd59-b259-4331-ba7f-06c2e3159342" testListId="8c84fa94-04c1-424b-9868-57a2d4851a1d" />
    <TestEntry testId="9bb9051b-489a-5af3-691a-f94a415fdbdd" executionId="452a3bdf-199a-4f9e-aa47-c64a02282c09" testListId="8c84fa94-04c1-424b-9868-57a2d4851a1d" />
    <TestEntry testId="dd681f50-ffcd-3113-5fc7-42f9e844aa4f" executionId="2d416f1a-d2b7-4aec-84d8-0288de717d42" testListId="8c84fa94-04c1-424b-9868-57a2d4851a1d" />
    <TestEntry testId="f44c23e6-e15d-bf59-ff33-9abc5a04f6b7" executionId="aefa7472-958b-45b0-a806-8baf34b8687f" testListId="8c84fa94-04c1-424b-9868-57a2d4851a1d" />
    <TestEntry testId="70cd580d-b781-a6d7-a0f0-e29ff6ad7863" executionId="2cc8f643-8a26-4cab-959d-1591c7b5cd2d" testListId="8c84fa94-04c1-424b-9868-57a2d4851a1d" />
    <TestEntry testId="08780940-3222-9d97-3f72-2e5bf64d9f63" executionId="87e61a9b-0dec-4700-b2aa-c3e5006e2ebb" testListId="8c84fa94-04c1-424b-9868-57a2d4851a1d" />
    <TestEntry testId="8c13d9b4-4fe4-6a65-5f8f-6703f5f730f0" executionId="827fc8e5-1f3a-4d9e-a91a-236f138e8c66" testListId="8c84fa94-04c1-424b-9868-57a2d4851a1d" />
    <TestEntry testId="58a542f5-939d-468a-347d-1d62d8e3c52e" executionId="e0ef9a8b-cdb6-47b6-b525-3a3c326d9a4b" testListId="8c84fa94-04c1-424b-9868-57a2d4851a1d" />
    <TestEntry testId="6fab70ae-2467-09e6-79ca-39e0261c423e" executionId="926529e9-74b4-4497-acfb-cf2a0d1f459e" testListId="8c84fa94-04c1-424b-9868-57a2d4851a1d" />
    <TestEntry testId="b32be6eb-c822-9558-6d28-ec0e09343caa" executionId="b44c2999-d976-4e01-8acc-f4cf53b9034c" testListId="8c84fa94-04c1-424b-9868-57a2d4851a1d" />
    <TestEntry testId="9d5a12df-9da3-399c-01db-6443096a9fc1" executionId="275fdf4a-ddf5-4dd5-a4f6-0667ba079d11" testListId="8c84fa94-04c1-424b-9868-57a2d4851a1d" />
    <TestEntry testId="a7112486-5078-fc8c-5476-b21f7cefad4f" executionId="c55c9557-6b96-497c-8f14-a583010a90b6" testListId="8c84fa94-04c1-424b-9868-57a2d4851a1d" />
    <TestEntry testId="a075d991-da75-21d8-cc34-85a983d18c48" executionId="6dd6471b-ca9e-48a1-9c22-daf5ac552ae2" testListId="8c84fa94-04c1-424b-9868-57a2d4851a1d" />
    <TestEntry testId="d45494ac-9d54-b455-3dc5-dd7aef9037a8" executionId="ab0ccd62-39fc-4052-8fc4-201b3e0cf266" testListId="8c84fa94-04c1-424b-9868-57a2d4851a1d" />
    <TestEntry testId="a7199a4f-9192-d607-18fe-542c204f5e23" executionId="924e2963-0c42-49fd-b56c-38044a9ab339" testListId="8c84fa94-04c1-424b-9868-57a2d4851a1d" />
    <TestEntry testId="43bc81c2-7513-1043-7d61-fb5e6135a05f" executionId="a5b30e0b-2635-4e11-ae99-931975b3bd97" testListId="8c84fa94-04c1-424b-9868-57a2d4851a1d" />
    <TestEntry testId="66651201-8724-6103-a649-bb5bc67c9c65" executionId="fd606056-fd37-4ade-af5d-d298b1c43dc8" testListId="8c84fa94-04c1-424b-9868-57a2d4851a1d" />
    <TestEntry testId="8552834d-1a3a-4d11-4b34-5b74cb44f721" executionId="ea2a1901-5667-4704-95b8-fe1b448c375e" testListId="8c84fa94-04c1-424b-9868-57a2d4851a1d" />
  </TestEntries>
  <TestLists>
    <TestList name="Results Not in a List" id="8c84fa94-04c1-424b-9868-57a2d4851a1d" />
    <TestList name="All Loaded Results" id="19431567-8539-422a-85d7-44ee4e166bda" />
  </TestLists>
  <ResultSummary outcome="Completed">
    <Counters total="307" executed="307" passed="307" failed="0" error="0" timeout="0" aborted="0" inconclusive="0" passedButRunAborted="0" notRunnable="0" notExecuted="0" disconnected="0" warning="0" completed="0" inProgress="0" pending="0" />
  </ResultSummary>
</TestRun>