<?xml version="1.0" encoding="utf-8"?>
<TestRun id="0e3de426-e285-4713-a542-2e3b8cbc5573" name="DKSR-EFI-06$@DKSR-EFI-06 2024-01-09 15:40:47" runUser="NT AUTHORITY\NETWORK SERVICE" xmlns="http://microsoft.com/schemas/VisualStudio/TeamTest/2010">
  <Times creation="2024-01-09T15:40:47.4765242+01:00" queuing="2024-01-09T15:40:47.4765242+01:00" start="2024-01-09T15:40:44.4140010+01:00" finish="2024-01-09T15:40:47.5546455+01:00" />
  <TestSettings name="default" id="2b5f0334-9953-4e4b-b3b3-8200759f2771">
    <Deployment runDeploymentRoot="DKSR-EFI-06$_DKSR-EFI-06_2024-01-09_15_40_47" />
  </TestSettings>
  <Results>
    <UnitTestResult executionId="7ec79fda-1ad6-4816-9ba1-bbccce9a0bbe" testId="a44cc9e1-9284-8301-2ce6-eb8574ddf404" testName="SaveLicensedDevicesShouldSetTheDevicesInLicense" computerName="DKSR-EFI-06" duration="00:00:01.0942189" startTime="2024-01-09T15:40:45.8827633+01:00" endTime="2024-01-09T15:40:47.1171447+01:00" testType="13cdc9d9-ddb5-4fa4-a97d-d965ccfc6d4b" outcome="Passed" testListId="8c84fa94-04c1-424b-9868-57a2d4851a1d" relativeResultsDirectory="7ec79fda-1ad6-4816-9ba1-bbccce9a0bbe" />
    <UnitTestResult executionId="5e2deabf-f2ac-42fd-89c1-17ec5de8be32" testId="8ed52918-ab39-f488-cb26-b7f2a141d38b" testName="SaveLicensedDevicesShouldSaveNotMoreDevicesThanTheLicenseCounter" computerName="DKSR-EFI-06" duration="00:00:00.0043633" startTime="2024-01-09T15:40:47.1483935+01:00" endTime="2024-01-09T15:40:47.1483935+01:00" testType="13cdc9d9-ddb5-4fa4-a97d-d965ccfc6d4b" outcome="Passed" testListId="8c84fa94-04c1-424b-9868-57a2d4851a1d" relativeResultsDirectory="5e2deabf-f2ac-42fd-89c1-17ec5de8be32" />
  </Results>
  <TestDefinitions>
    <UnitTest name="SaveLicensedDevicesShouldSetTheDevicesInLicense" storage="d:\actions-runner\_work\xpco\xpco\addons\plugins\common\tst\videoos.plugins.common.mc.unittests\bin\x64\debug\net472\videoos.plugins.common.mc.unittests.dll" id="a44cc9e1-9284-8301-2ce6-eb8574ddf404">
      <Execution id="7ec79fda-1ad6-4816-9ba1-bbccce9a0bbe" />
      <TestMethod codeBase="D:\actions-runner\_work\XPCO\XPCO\AddOns\Plugins\Common\tst\VideoOS.Plugins.Common.MC.UnitTests\bin\x64\Debug\net472\VideoOS.Plugins.Common.MC.UnitTests.dll" adapterTypeName="executor://mstestadapter/v2" className="VideoOS.Plugins.Common.MC.UnitTests.PluginLicenseReaderTests" name="SaveLicensedDevicesShouldSetTheDevicesInLicense" />
    </UnitTest>
    <UnitTest name="SaveLicensedDevicesShouldSaveNotMoreDevicesThanTheLicenseCounter" storage="d:\actions-runner\_work\xpco\xpco\addons\plugins\common\tst\videoos.plugins.common.mc.unittests\bin\x64\debug\net472\videoos.plugins.common.mc.unittests.dll" id="8ed52918-ab39-f488-cb26-b7f2a141d38b">
      <Execution id="5e2deabf-f2ac-42fd-89c1-17ec5de8be32" />
      <TestMethod codeBase="D:\actions-runner\_work\XPCO\XPCO\AddOns\Plugins\Common\tst\VideoOS.Plugins.Common.MC.UnitTests\bin\x64\Debug\net472\VideoOS.Plugins.Common.MC.UnitTests.dll" adapterTypeName="executor://mstestadapter/v2" className="VideoOS.Plugins.Common.MC.UnitTests.PluginLicenseReaderTests" name="SaveLicensedDevicesShouldSaveNotMoreDevicesThanTheLicenseCounter" />
    </UnitTest>
  </TestDefinitions>
  <TestEntries>
    <TestEntry testId="a44cc9e1-9284-8301-2ce6-eb8574ddf404" executionId="7ec79fda-1ad6-4816-9ba1-bbccce9a0bbe" testListId="8c84fa94-04c1-424b-9868-57a2d4851a1d" />
    <TestEntry testId="8ed52918-ab39-f488-cb26-b7f2a141d38b" executionId="5e2deabf-f2ac-42fd-89c1-17ec5de8be32" testListId="8c84fa94-04c1-424b-9868-57a2d4851a1d" />
  </TestEntries>
  <TestLists>
    <TestList name="Results Not in a List" id="8c84fa94-04c1-424b-9868-57a2d4851a1d" />
    <TestList name="All Loaded Results" id="19431567-8539-422a-85d7-44ee4e166bda" />
  </TestLists>
  <ResultSummary outcome="Completed">
    <Counters total="2" executed="2" passed="2" failed="0" error="0" timeout="0" aborted="0" inconclusive="0" passedButRunAborted="0" notRunnable="0" notExecuted="0" disconnected="0" warning="0" completed="0" inProgress="0" pending="0" />
  </ResultSummary>
</TestRun>