<?xml version="1.0" encoding="utf-8"?>
<TestRun id="4f6b2898-7230-4a84-b03b-cb86960c678b" name="DKSR-EFI-06$@DKSR-EFI-06 2024-01-09 15:41:32" runUser="NT AUTHORITY\NETWORK SERVICE" xmlns="http://microsoft.com/schemas/VisualStudio/TeamTest/2010">
  <Times creation="2024-01-09T15:41:32.1694621+01:00" queuing="2024-01-09T15:41:32.1694621+01:00" start="2024-01-09T15:41:22.0131677+01:00" finish="2024-01-09T15:41:35.5288567+01:00" />
  <TestSettings name="default" id="c5ec3ff5-89cd-4f08-b750-d084147811c5">
    <Deployment runDeploymentRoot="DKSR-EFI-06$_DKSR-EFI-06_2024-01-09_15_41_32" />
  </TestSettings>
  <Results>
    <UnitTestResult executionId="8711e310-e533-477d-ad2f-457046548055" testId="79ef2dd3-5eee-0301-5395-66ec4489fc4f" testName="ConvertFromInt_Success" computerName="DKSR-EFI-06" duration="00:00:00.0036895" startTime="2024-01-09T15:41:32.2944628+01:00" endTime="2024-01-09T15:41:32.2944628+01:00" testType="13cdc9d9-ddb5-4fa4-a97d-d965ccfc6d4b" outcome="Passed" testListId="8c84fa94-04c1-424b-9868-57a2d4851a1d" relativeResultsDirectory="8711e310-e533-477d-ad2f-457046548055" />
    <UnitTestResult executionId="b648b03f-d2da-4d51-9955-7e4ce1702a68" testId="4339f1c0-e66e-ce84-7db2-5484001bba6c" testName="RemovePrivacyMaskCell" computerName="DKSR-EFI-06" duration="00:00:00.0016072" startTime="2024-01-09T15:41:34.4819744+01:00" endTime="2024-01-09T15:41:34.4819744+01:00" testType="13cdc9d9-ddb5-4fa4-a97d-d965ccfc6d4b" outcome="Passed" testListId="8c84fa94-04c1-424b-9868-57a2d4851a1d" relativeResultsDirectory="b648b03f-d2da-4d51-9955-7e4ce1702a68" />
    <UnitTestResult executionId="1c328e51-7d32-48e5-9baa-9a963ce620ee" testId="4736f0ce-a73f-860c-f1b7-389e537a1524" testName="NestedPropertyHelper_IsNestedPropertyName_EmptyName_ArgumentException" computerName="DKSR-EFI-06" duration="00:00:00.0008325" startTime="2024-01-09T15:41:33.2163434+01:00" endTime="2024-01-09T15:41:33.2163434+01:00" testType="13cdc9d9-ddb5-4fa4-a97d-d965ccfc6d4b" outcome="Passed" testListId="8c84fa94-04c1-424b-9868-57a2d4851a1d" relativeResultsDirectory="1c328e51-7d32-48e5-9baa-9a963ce620ee">
      <Output>
        <StdOut>Debug Trace:&#xD;
Fail: Argument 'propertyName' cannot be empty</StdOut>
      </Output>
    </UnitTestResult>
    <UnitTestResult executionId="f49d35f5-ad75-4ad8-9f41-c08843678508" testId="67df801a-c00e-6e83-e9a1-685ef0783664" testName="TryParseTestSuccess" computerName="DKSR-EFI-06" duration="00:00:00.0013132" startTime="2024-01-09T15:41:34.6851019+01:00" endTime="2024-01-09T15:41:34.6851019+01:00" testType="13cdc9d9-ddb5-4fa4-a97d-d965ccfc6d4b" outcome="Passed" testListId="8c84fa94-04c1-424b-9868-57a2d4851a1d" relativeResultsDirectory="f49d35f5-ad75-4ad8-9f41-c08843678508" />
    <UnitTestResult executionId="053e0c88-e3f8-4065-8c89-551879fbe355" testId="76e675ce-aeb7-2988-0cf9-b0a9546b75af" testName="CorporateProductCodes_GetProductCodes_NullInput_ThrowsException" computerName="DKSR-EFI-06" duration="00:00:00.0067363" startTime="2024-01-09T15:41:32.1538370+01:00" endTime="2024-01-09T15:41:32.1694621+01:00" testType="13cdc9d9-ddb5-4fa4-a97d-d965ccfc6d4b" outcome="Passed" testListId="8c84fa94-04c1-424b-9868-57a2d4851a1d" relativeResultsDirectory="053e0c88-e3f8-4065-8c89-551879fbe355" />
    <UnitTestResult executionId="ec7a3712-bbf8-4366-be69-9c1b450aeb17" testId="6346fdd8-638a-e5dd-44cb-e4bceb791e3e" testName="ConvertToInt_Success" computerName="DKSR-EFI-06" duration="00:00:00.0103515" startTime="2024-01-09T15:41:31.4194594+01:00" endTime="2024-01-09T15:41:32.0288347+01:00" testType="13cdc9d9-ddb5-4fa4-a97d-d965ccfc6d4b" outcome="Passed" testListId="8c84fa94-04c1-424b-9868-57a2d4851a1d" relativeResultsDirectory="ec7a3712-bbf8-4366-be69-9c1b450aeb17" />
    <UnitTestResult executionId="a57a9ceb-aeb2-432d-8f40-42ffdc78eae8" testId="793f10c3-77a8-a120-88a6-cc1dfcbad8a7" testName="ServerCredentialsUnitTests_GetAsXml_ServerCameraCredentials_ArgumentNull" computerName="DKSR-EFI-06" duration="00:00:00.0137683" startTime="2024-01-09T15:41:34.5288490+01:00" endTime="2024-01-09T15:41:34.5444770+01:00" testType="13cdc9d9-ddb5-4fa4-a97d-d965ccfc6d4b" outcome="Passed" testListId="8c84fa94-04c1-424b-9868-57a2d4851a1d" relativeResultsDirectory="a57a9ceb-aeb2-432d-8f40-42ffdc78eae8">
      <Output>
        <StdOut>Debug Trace:&#xD;
Fail: Argument null.</StdOut>
      </Output>
    </UnitTestResult>
    <UnitTestResult executionId="1acd9f69-17ae-4849-88b3-095ce0dde2a3" testId="e143ad55-be30-be27-2198-bf27999b462d" testName="ToGuidTestSuccess" computerName="DKSR-EFI-06" duration="00:00:00.0003337" startTime="2024-01-09T15:41:34.7007273+01:00" endTime="2024-01-09T15:41:34.7007273+01:00" testType="13cdc9d9-ddb5-4fa4-a97d-d965ccfc6d4b" outcome="Passed" testListId="8c84fa94-04c1-424b-9868-57a2d4851a1d" relativeResultsDirectory="1acd9f69-17ae-4849-88b3-095ce0dde2a3" />
    <UnitTestResult executionId="1cb17bfa-be85-43b2-a57d-06ddf2dcd56a" testId="b075a10e-5ca1-f9d5-f244-1272d3fa58ee" testName="ServerCredentialsUnitTests_GetFromXml_Success" computerName="DKSR-EFI-06" duration="00:00:00.0015489" startTime="2024-01-09T15:41:34.5601010+01:00" endTime="2024-01-09T15:41:34.5601010+01:00" testType="13cdc9d9-ddb5-4fa4-a97d-d965ccfc6d4b" outcome="Passed" testListId="8c84fa94-04c1-424b-9868-57a2d4851a1d" relativeResultsDirectory="1cb17bfa-be85-43b2-a57d-06ddf2dcd56a" />
    <UnitTestResult executionId="86eb9661-0872-4ee2-9948-dcdc7497a0ee" testId="b4de2156-c43e-124d-28a2-1199362f1247" testName="SetGridSize_GridSize16x16_Same_Size_As_Original_Success" computerName="DKSR-EFI-06" duration="00:00:00.0002811" startTime="2024-01-09T15:41:34.6382290+01:00" endTime="2024-01-09T15:41:34.6382290+01:00" testType="13cdc9d9-ddb5-4fa4-a97d-d965ccfc6d4b" outcome="Passed" testListId="8c84fa94-04c1-424b-9868-57a2d4851a1d" relativeResultsDirectory="86eb9661-0872-4ee2-9948-dcdc7497a0ee" />
    <UnitTestResult executionId="80985ded-b40a-454d-bc4b-57f6905b90c5" testId="81a601fb-b47c-bc71-6b2a-4e7ca1a3a3e1" testName="TaskError_FromXml_Can_Read_Legacy_Format" computerName="DKSR-EFI-06" duration="00:00:00.0199103" startTime="2024-01-09T15:41:34.5601010+01:00" endTime="2024-01-09T15:41:34.5913553+01:00" testType="13cdc9d9-ddb5-4fa4-a97d-d965ccfc6d4b" outcome="Passed" testListId="8c84fa94-04c1-424b-9868-57a2d4851a1d" relativeResultsDirectory="80985ded-b40a-454d-bc4b-57f6905b90c5" />
    <UnitTestResult executionId="967d64b9-2ddb-47cc-a9d2-e5f15702b443" testId="1919d23e-6873-4d53-05b5-96ba71f62e0f" testName="EventDefinition_XMLConstruct" computerName="DKSR-EFI-06" duration="00:00:00.0549258" startTime="2024-01-09T15:41:32.1694621+01:00" endTime="2024-01-09T15:41:32.2319599+01:00" testType="13cdc9d9-ddb5-4fa4-a97d-d965ccfc6d4b" outcome="Passed" testListId="8c84fa94-04c1-424b-9868-57a2d4851a1d" relativeResultsDirectory="967d64b9-2ddb-47cc-a9d2-e5f15702b443" />
    <UnitTestResult executionId="3e8e5f29-5d7f-4404-a560-e0bd4c8b72f8" testId="6716d2ac-3134-42cf-ef61-ccb68c5e0d55" testName="IsGuidTestNull" computerName="DKSR-EFI-06" duration="00:00:00.0003948" startTime="2024-01-09T15:41:34.6538540+01:00" endTime="2024-01-09T15:41:34.6538540+01:00" testType="13cdc9d9-ddb5-4fa4-a97d-d965ccfc6d4b" outcome="Passed" testListId="8c84fa94-04c1-424b-9868-57a2d4851a1d" relativeResultsDirectory="3e8e5f29-5d7f-4404-a560-e0bd4c8b72f8" />
    <UnitTestResult executionId="bc557802-d360-40f5-bd7b-3f0350b1f443" testId="4439bf50-4700-5306-fd95-c4df8561f625" testName="NestedPropertyHelper_FormatNestedPropertyName_EmptyName_ArgumentException" computerName="DKSR-EFI-06" duration="00:00:00.0008969" startTime="2024-01-09T15:41:33.1850938+01:00" endTime="2024-01-09T15:41:33.1850938+01:00" testType="13cdc9d9-ddb5-4fa4-a97d-d965ccfc6d4b" outcome="Passed" testListId="8c84fa94-04c1-424b-9868-57a2d4851a1d" relativeResultsDirectory="bc557802-d360-40f5-bd7b-3f0350b1f443">
      <Output>
        <StdOut>Debug Trace:&#xD;
Fail: Argument 'propertyName' cannot be empty</StdOut>
      </Output>
    </UnitTestResult>
    <UnitTestResult executionId="a13ca6af-0199-4257-a242-a2807845a25b" testId="671b94e7-bc62-d84e-19ce-8c3bc45b716f" testName="NestedPropertyHelper_TryGetNestedPropertyName_ArgumentNullException" computerName="DKSR-EFI-06" duration="00:00:00.0009126" startTime="2024-01-09T15:41:33.2163434+01:00" endTime="2024-01-09T15:41:33.2319699+01:00" testType="13cdc9d9-ddb5-4fa4-a97d-d965ccfc6d4b" outcome="Passed" testListId="8c84fa94-04c1-424b-9868-57a2d4851a1d" relativeResultsDirectory="a13ca6af-0199-4257-a242-a2807845a25b">
      <Output>
        <StdOut>Debug Trace:&#xD;
Fail: Argument 'formattedPropertyName' cannot be null</StdOut>
      </Output>
    </UnitTestResult>
    <UnitTestResult executionId="5c82726a-1e89-40da-b947-e94cd72dbbb9" testId="8e1edec1-7f6e-ac92-a31f-8280b3b1d3c9" testName="EventDefinition_ModifyWithNoStateGroup" computerName="DKSR-EFI-06" duration="00:00:00.0005500" startTime="2024-01-09T15:41:32.2632115+01:00" endTime="2024-01-09T15:41:32.2632115+01:00" testType="13cdc9d9-ddb5-4fa4-a97d-d965ccfc6d4b" outcome="Passed" testListId="8c84fa94-04c1-424b-9868-57a2d4851a1d" relativeResultsDirectory="5c82726a-1e89-40da-b947-e94cd72dbbb9" />
    <UnitTestResult executionId="f3dd37a0-78b1-4547-b365-249e3406ebd2" testId="e35d706a-8fcd-efc0-bddf-81787e2532c8" testName="ConvertFromInt_InvalidNumber_Default_Expected_Success" computerName="DKSR-EFI-06" duration="00:00:00.0001861" startTime="2024-01-09T15:41:32.2944628+01:00" endTime="2024-01-09T15:41:32.3100895+01:00" testType="13cdc9d9-ddb5-4fa4-a97d-d965ccfc6d4b" outcome="Passed" testListId="8c84fa94-04c1-424b-9868-57a2d4851a1d" relativeResultsDirectory="f3dd37a0-78b1-4547-b365-249e3406ebd2" />
    <UnitTestResult executionId="a6d27bc1-1dad-43a7-9b93-0df4a6b6b2c7" testId="03623595-5184-255e-bb44-f5ffce862897" testName="GetPrivacyMaskFromXml_NullXmlTest" computerName="DKSR-EFI-06" duration="00:00:00.0002223" startTime="2024-01-09T15:41:34.4976016+01:00" endTime="2024-01-09T15:41:34.4976016+01:00" testType="13cdc9d9-ddb5-4fa4-a97d-d965ccfc6d4b" outcome="Passed" testListId="8c84fa94-04c1-424b-9868-57a2d4851a1d" relativeResultsDirectory="a6d27bc1-1dad-43a7-9b93-0df4a6b6b2c7" />
    <UnitTestResult executionId="47aa3e7b-8853-4600-a577-45fd9da59651" testId="87157f56-f422-38c9-fd63-83a67aeda855" testName="TrimAndRemoveControlCharsKeepWhitespaceCharsTest" computerName="DKSR-EFI-06" duration="00:00:00.0001717" startTime="2024-01-09T15:41:34.7319772+01:00" endTime="2024-01-09T15:41:34.7319772+01:00" testType="13cdc9d9-ddb5-4fa4-a97d-d965ccfc6d4b" outcome="Passed" testListId="8c84fa94-04c1-424b-9868-57a2d4851a1d" relativeResultsDirectory="47aa3e7b-8853-4600-a577-45fd9da59651" />
    <UnitTestResult executionId="05231194-ff4f-4c3d-b20d-523fef2ba008" testId="20ac15c7-89b3-c614-b606-49d377992b00" testName="IsGuidTestFailed" computerName="DKSR-EFI-06" duration="00:00:00.0289275" startTime="2024-01-09T15:41:34.6538540+01:00" endTime="2024-01-09T15:41:34.6851019+01:00" testType="13cdc9d9-ddb5-4fa4-a97d-d965ccfc6d4b" outcome="Passed" testListId="8c84fa94-04c1-424b-9868-57a2d4851a1d" relativeResultsDirectory="05231194-ff4f-4c3d-b20d-523fef2ba008" />
    <UnitTestResult executionId="824b6b6c-b6f2-47fc-b411-a9aa64855100" testId="71e3c0f5-6fe7-f804-aa6f-415cce565e0e" testName="ConvertToGridSize_Success" computerName="DKSR-EFI-06" duration="00:00:00.0034508" startTime="2024-01-09T15:41:34.6226017+01:00" endTime="2024-01-09T15:41:34.6226017+01:00" testType="13cdc9d9-ddb5-4fa4-a97d-d965ccfc6d4b" outcome="Passed" testListId="8c84fa94-04c1-424b-9868-57a2d4851a1d" relativeResultsDirectory="824b6b6c-b6f2-47fc-b411-a9aa64855100" />
    <UnitTestResult executionId="aff7fd0e-238e-42ec-b6df-0bf10a19a1e5" testId="89f53efe-f8e9-e247-5d3a-a73d496c1c42" testName="TaskWarning_ToXml_No_ResourceId_Serialized_Correctly" computerName="DKSR-EFI-06" duration="00:00:00.0029153" startTime="2024-01-09T15:41:34.6069775+01:00" endTime="2024-01-09T15:41:34.6226017+01:00" testType="13cdc9d9-ddb5-4fa4-a97d-d965ccfc6d4b" outcome="Passed" testListId="8c84fa94-04c1-424b-9868-57a2d4851a1d" relativeResultsDirectory="aff7fd0e-238e-42ec-b6df-0bf10a19a1e5" />
    <UnitTestResult executionId="1d0b584e-d5b4-41fc-a803-bda8bbb0e80f" testId="8566c2b2-0527-0103-e53d-0a91dfbc88d2" testName="ServerCredentialsUnitTests_GetFromXml_Null_Success" computerName="DKSR-EFI-06" duration="00:00:00.0001576" startTime="2024-01-09T15:41:34.5601010+01:00" endTime="2024-01-09T15:41:34.5601010+01:00" testType="13cdc9d9-ddb5-4fa4-a97d-d965ccfc6d4b" outcome="Passed" testListId="8c84fa94-04c1-424b-9868-57a2d4851a1d" relativeResultsDirectory="1d0b584e-d5b4-41fc-a803-bda8bbb0e80f" />
    <UnitTestResult executionId="50c7186b-5759-4ed7-aa51-fba39b60cf44" testId="67b74ffc-94eb-aab9-e344-da1184003f95" testName="Cells_Initialize_InvalidAspectRatio" computerName="DKSR-EFI-06" duration="00:00:00.0015763" startTime="2024-01-09T15:41:34.5132255+01:00" endTime="2024-01-09T15:41:34.5132255+01:00" testType="13cdc9d9-ddb5-4fa4-a97d-d965ccfc6d4b" outcome="Passed" testListId="8c84fa94-04c1-424b-9868-57a2d4851a1d" relativeResultsDirectory="50c7186b-5759-4ed7-aa51-fba39b60cf44" />
    <UnitTestResult executionId="18b08c98-6ee7-4278-a593-d3ed5848de81" testId="bca42966-9fbb-5c1c-b1e2-945c838a37e2" testName="RemoveControlCharsTestNull" computerName="DKSR-EFI-06" duration="00:00:00.0005962" startTime="2024-01-09T15:41:34.7163516+01:00" endTime="2024-01-09T15:41:34.7163516+01:00" testType="13cdc9d9-ddb5-4fa4-a97d-d965ccfc6d4b" outcome="Passed" testListId="8c84fa94-04c1-424b-9868-57a2d4851a1d" relativeResultsDirectory="18b08c98-6ee7-4278-a593-d3ed5848de81" />
    <UnitTestResult executionId="67975628-0dde-4ac9-b0b0-d0d92f44e5a4" testId="0c573ef2-cc3a-5c08-ff6f-cbf662d6d6f2" testName="SetPrivacyMaskMultipleCells" computerName="DKSR-EFI-06" duration="00:00:00.0035829" startTime="2024-01-09T15:41:34.4819744+01:00" endTime="2024-01-09T15:41:34.4819744+01:00" testType="13cdc9d9-ddb5-4fa4-a97d-d965ccfc6d4b" outcome="Passed" testListId="8c84fa94-04c1-424b-9868-57a2d4851a1d" relativeResultsDirectory="67975628-0dde-4ac9-b0b0-d0d92f44e5a4" />
    <UnitTestResult executionId="2ff1f22c-a353-4c2b-bb9b-bf2d3daa4be0" testId="ca3c00c7-0e2e-e11c-f4cf-d0514c13c85c" testName="SetGridSize_Grid_Increased_Success" computerName="DKSR-EFI-06" duration="00:00:00.0004774" startTime="2024-01-09T15:41:34.6538540+01:00" endTime="2024-01-09T15:41:34.6538540+01:00" testType="13cdc9d9-ddb5-4fa4-a97d-d965ccfc6d4b" outcome="Passed" testListId="8c84fa94-04c1-424b-9868-57a2d4851a1d" relativeResultsDirectory="2ff1f22c-a353-4c2b-bb9b-bf2d3daa4be0" />
    <UnitTestResult executionId="a61904f2-d8cb-411f-8d1b-a8603b59439c" testId="6ce9f66b-c97b-b76c-15d7-ec42fc5d4e16" testName="GetPrivacyMaskAsXml" computerName="DKSR-EFI-06" duration="00:00:00.2959939" startTime="2024-01-09T15:41:34.1850980+01:00" endTime="2024-01-09T15:41:34.4819744+01:00" testType="13cdc9d9-ddb5-4fa4-a97d-d965ccfc6d4b" outcome="Passed" testListId="8c84fa94-04c1-424b-9868-57a2d4851a1d" relativeResultsDirectory="a61904f2-d8cb-411f-8d1b-a8603b59439c" />
    <UnitTestResult executionId="c312be9f-ea2b-44b9-93b4-a499db9c203d" testId="2d503272-f502-3299-cb48-8f88fbfb5332" testName="EventDefinition_Modify" computerName="DKSR-EFI-06" duration="00:00:00.0239367" startTime="2024-01-09T15:41:32.2319599+01:00" endTime="2024-01-09T15:41:32.2475874+01:00" testType="13cdc9d9-ddb5-4fa4-a97d-d965ccfc6d4b" outcome="Passed" testListId="8c84fa94-04c1-424b-9868-57a2d4851a1d" relativeResultsDirectory="c312be9f-ea2b-44b9-93b4-a499db9c203d" />
    <UnitTestResult executionId="29b2abb5-5533-41ee-91fe-d848e822a766" testId="daa9a097-6fc7-a99a-2098-2eb65a6f8664" testName="MoveHardwareTaskResult_ToXml_Serialized_Correctly" computerName="DKSR-EFI-06" duration="00:00:00.0252662" startTime="2024-01-09T15:41:33.0132158+01:00" endTime="2024-01-09T15:41:33.0444674+01:00" testType="13cdc9d9-ddb5-4fa4-a97d-d965ccfc6d4b" outcome="Passed" testListId="8c84fa94-04c1-424b-9868-57a2d4851a1d" relativeResultsDirectory="29b2abb5-5533-41ee-91fe-d848e822a766" />
    <UnitTestResult executionId="b151fc20-827d-4045-af58-b42e6e68b3ef" testId="ba74e53c-cf5f-47b5-b760-36899466e286" testName="TaskWarning_ToXml_With_ResourceId_Serialized_Correctly" computerName="DKSR-EFI-06" duration="00:00:00.0006690" startTime="2024-01-09T15:41:34.6226017+01:00" endTime="2024-01-09T15:41:34.6226017+01:00" testType="13cdc9d9-ddb5-4fa4-a97d-d965ccfc6d4b" outcome="Passed" testListId="8c84fa94-04c1-424b-9868-57a2d4851a1d" relativeResultsDirectory="b151fc20-827d-4045-af58-b42e6e68b3ef" />
    <UnitTestResult executionId="979bb121-03a1-44e4-8dc2-278e5f342660" testId="12fb79ac-ca7a-d90c-70f5-ffadbf93d3cd" testName="TaskError_ToXml_With_ResourceId_Serialized_Correctly" computerName="DKSR-EFI-06" duration="00:00:00.0010029" startTime="2024-01-09T15:41:34.5913553+01:00" endTime="2024-01-09T15:41:34.5913553+01:00" testType="13cdc9d9-ddb5-4fa4-a97d-d965ccfc6d4b" outcome="Passed" testListId="8c84fa94-04c1-424b-9868-57a2d4851a1d" relativeResultsDirectory="979bb121-03a1-44e4-8dc2-278e5f342660" />
    <UnitTestResult executionId="fc1c5298-ec8c-4435-a5b3-c10fde96a978" testId="421a56de-5d17-1327-8557-9949a751924e" testName="NestedPropertyHelper_FormatNestedPropertyName_NameStartsWithDollar_ArgumentException" computerName="DKSR-EFI-06" duration="00:00:00.0017545" startTime="2024-01-09T15:41:33.1850938+01:00" endTime="2024-01-09T15:41:33.1850938+01:00" testType="13cdc9d9-ddb5-4fa4-a97d-d965ccfc6d4b" outcome="Passed" testListId="8c84fa94-04c1-424b-9868-57a2d4851a1d" relativeResultsDirectory="fc1c5298-ec8c-4435-a5b3-c10fde96a978">
      <Output>
        <StdOut>Debug Trace:&#xD;
Fail: Argument 'propertyName' cannot start with a '$'</StdOut>
      </Output>
    </UnitTestResult>
    <UnitTestResult executionId="dad6c622-5042-4ca5-9fa2-afa254c40ea0" testId="1c1975ac-6c6e-3f5a-db59-5d2d82b44a36" testName="NestedPropertyHelper_TryGetNestedPropertyName_WhiteSpaceName_ArgumentException" computerName="DKSR-EFI-06" duration="00:00:00.0007599" startTime="2024-01-09T15:41:33.2319699+01:00" endTime="2024-01-09T15:41:33.2319699+01:00" testType="13cdc9d9-ddb5-4fa4-a97d-d965ccfc6d4b" outcome="Passed" testListId="8c84fa94-04c1-424b-9868-57a2d4851a1d" relativeResultsDirectory="dad6c622-5042-4ca5-9fa2-afa254c40ea0">
      <Output>
        <StdOut>Debug Trace:&#xD;
Fail: Argument 'formattedPropertyName' cannot be empty</StdOut>
      </Output>
    </UnitTestResult>
    <UnitTestResult executionId="1ce81096-f23b-4a41-a3c1-12a5f376f52c" testId="e5a9ba03-ae4c-cec5-2077-fbc09e191aa1" testName="NestedPropertyHelper_FormatNestedPropertyName_NameStartsWithSpace_ArgumentException" computerName="DKSR-EFI-06" duration="00:00:00.0007689" startTime="2024-01-09T15:41:33.2007181+01:00" endTime="2024-01-09T15:41:33.2007181+01:00" testType="13cdc9d9-ddb5-4fa4-a97d-d965ccfc6d4b" outcome="Passed" testListId="8c84fa94-04c1-424b-9868-57a2d4851a1d" relativeResultsDirectory="1ce81096-f23b-4a41-a3c1-12a5f376f52c">
      <Output>
        <StdOut>Debug Trace:&#xD;
Fail: Argument 'propertyName' cannot is not valid</StdOut>
      </Output>
    </UnitTestResult>
    <UnitTestResult executionId="09c93698-742b-41d2-95b2-b296a3d4da81" testId="a0663979-f3fe-02fe-cfb5-57e444822a55" testName="ConvertTwoDimensionalIndexesToOneDimensional_X_Is_Larger_Than_Dimension" computerName="DKSR-EFI-06" duration="00:00:00.0005493" startTime="2024-01-09T15:41:32.2632115+01:00" endTime="2024-01-09T15:41:32.2632115+01:00" testType="13cdc9d9-ddb5-4fa4-a97d-d965ccfc6d4b" outcome="Passed" testListId="8c84fa94-04c1-424b-9868-57a2d4851a1d" relativeResultsDirectory="09c93698-742b-41d2-95b2-b296a3d4da81" />
    <UnitTestResult executionId="4f65d4c4-24a8-4f92-9265-52d1688de731" testId="c2058a08-5002-1358-bdda-d02f5f51eabf" testName="MoveHardwareTaskResult_Serialization_Two_Warnings_Success" computerName="DKSR-EFI-06" duration="00:00:00.6836837" startTime="2024-01-09T15:41:32.3100895+01:00" endTime="2024-01-09T15:41:32.9819654+01:00" testType="13cdc9d9-ddb5-4fa4-a97d-d965ccfc6d4b" outcome="Passed" testListId="8c84fa94-04c1-424b-9868-57a2d4851a1d" relativeResultsDirectory="4f65d4c4-24a8-4f92-9265-52d1688de731" />
    <UnitTestResult executionId="0ccd180f-effc-4c81-8cef-1fa54720aae4" testId="f1e1352b-23ae-c89b-d352-0c7837620f16" testName="ConvertTwoDimensionalIndexesToOneDimensional_Y_Is_Negative" computerName="DKSR-EFI-06" duration="00:00:00.0005085" startTime="2024-01-09T15:41:32.2632115+01:00" endTime="2024-01-09T15:41:32.2632115+01:00" testType="13cdc9d9-ddb5-4fa4-a97d-d965ccfc6d4b" outcome="Passed" testListId="8c84fa94-04c1-424b-9868-57a2d4851a1d" relativeResultsDirectory="0ccd180f-effc-4c81-8cef-1fa54720aae4" />
    <UnitTestResult executionId="0d17389d-5a80-4cdc-a561-65a4fe3d8728" testId="caece4eb-6f1c-24a4-7032-7e24377ac199" testName="ConvertToInt_InvalidNumber_Default_Expected_Success" computerName="DKSR-EFI-06" duration="00:00:00.0002173" startTime="2024-01-09T15:41:32.1225885+01:00" endTime="2024-01-09T15:41:32.1225885+01:00" testType="13cdc9d9-ddb5-4fa4-a97d-d965ccfc6d4b" outcome="Passed" testListId="8c84fa94-04c1-424b-9868-57a2d4851a1d" relativeResultsDirectory="0d17389d-5a80-4cdc-a561-65a4fe3d8728" />
    <UnitTestResult executionId="60fec0ba-065d-4d24-941e-2f7fc765d6b8" testId="882ea91f-28cc-5911-ff61-4a2331948ab9" testName="TaskError_ToXml_No_ResourceId_Serialized_Correctly" computerName="DKSR-EFI-06" duration="00:00:00.0032357" startTime="2024-01-09T15:41:34.5913553+01:00" endTime="2024-01-09T15:41:34.5913553+01:00" testType="13cdc9d9-ddb5-4fa4-a97d-d965ccfc6d4b" outcome="Passed" testListId="8c84fa94-04c1-424b-9868-57a2d4851a1d" relativeResultsDirectory="60fec0ba-065d-4d24-941e-2f7fc765d6b8" />
    <UnitTestResult executionId="e17bc6c4-d371-468d-8d08-ef0c76131b33" testId="4b6ad355-4290-ee92-30aa-744c6e4d08c5" testName="ConvertToProcessTime_Success" computerName="DKSR-EFI-06" duration="00:00:00.0034611" startTime="2024-01-09T15:41:32.0913345+01:00" endTime="2024-01-09T15:41:32.0913345+01:00" testType="13cdc9d9-ddb5-4fa4-a97d-d965ccfc6d4b" outcome="Passed" testListId="8c84fa94-04c1-424b-9868-57a2d4851a1d" relativeResultsDirectory="e17bc6c4-d371-468d-8d08-ef0c76131b33" />
    <UnitTestResult executionId="15b3b601-cc58-4f3d-b984-d165e830599c" testId="8b0ec7b2-5cbf-3a0c-8dd5-acc3ffb6ac9a" testName="ServerCredentialsUnitTests_GetAsXml_ServerCameraCredentials_Success" computerName="DKSR-EFI-06" duration="00:00:00.0075706" startTime="2024-01-09T15:41:34.5288490+01:00" endTime="2024-01-09T15:41:34.5288490+01:00" testType="13cdc9d9-ddb5-4fa4-a97d-d965ccfc6d4b" outcome="Passed" testListId="8c84fa94-04c1-424b-9868-57a2d4851a1d" relativeResultsDirectory="15b3b601-cc58-4f3d-b984-d165e830599c" />
    <UnitTestResult executionId="08099d48-03a5-45aa-8d27-e5c25f8a2843" testId="620c3d93-83d6-b637-a7e0-565f057234fd" testName="ConvertToProcessTime_InvalidNumber_Default_Expected_Success" computerName="DKSR-EFI-06" duration="00:00:00.0002135" startTime="2024-01-09T15:41:32.1069615+01:00" endTime="2024-01-09T15:41:32.1069615+01:00" testType="13cdc9d9-ddb5-4fa4-a97d-d965ccfc6d4b" outcome="Passed" testListId="8c84fa94-04c1-424b-9868-57a2d4851a1d" relativeResultsDirectory="08099d48-03a5-45aa-8d27-e5c25f8a2843" />
    <UnitTestResult executionId="3dcf970c-fd53-45c9-86c0-0d131207d691" testId="769e77f8-1c20-6f74-1e65-1d738cf9bb80" testName="CalculateGridLength_Success" computerName="DKSR-EFI-06" duration="00:00:00.0002966" startTime="2024-01-09T15:41:34.6538540+01:00" endTime="2024-01-09T15:41:34.6538540+01:00" testType="13cdc9d9-ddb5-4fa4-a97d-d965ccfc6d4b" outcome="Passed" testListId="8c84fa94-04c1-424b-9868-57a2d4851a1d" relativeResultsDirectory="3dcf970c-fd53-45c9-86c0-0d131207d691" />
    <UnitTestResult executionId="ed8998c1-9bd4-4af3-967b-e42da515923f" testId="c2dc194a-0c1b-ef6d-1da6-c4e929a00375" testName="GetPrivacyMaskFromXml_InvalidMethodTest" computerName="DKSR-EFI-06" duration="00:00:00.0085505" startTime="2024-01-09T15:41:34.5132255+01:00" endTime="2024-01-09T15:41:34.5132255+01:00" testType="13cdc9d9-ddb5-4fa4-a97d-d965ccfc6d4b" outcome="Passed" testListId="8c84fa94-04c1-424b-9868-57a2d4851a1d" relativeResultsDirectory="ed8998c1-9bd4-4af3-967b-e42da515923f" />
    <UnitTestResult executionId="55650da9-615b-4d89-b111-f357a0c12474" testId="b08ef59e-47a2-4249-0966-cb6c81b388af" testName="NestedPropertyHelper_FormatNestedPropertyName_NameEndsWithSpace_ArgumentException" computerName="DKSR-EFI-06" duration="00:00:00.0008741" startTime="2024-01-09T15:41:33.2007181+01:00" endTime="2024-01-09T15:41:33.2007181+01:00" testType="13cdc9d9-ddb5-4fa4-a97d-d965ccfc6d4b" outcome="Passed" testListId="8c84fa94-04c1-424b-9868-57a2d4851a1d" relativeResultsDirectory="55650da9-615b-4d89-b111-f357a0c12474">
      <Output>
        <StdOut>Debug Trace:&#xD;
Fail: Argument 'propertyName' cannot end with a white-space char</StdOut>
      </Output>
    </UnitTestResult>
    <UnitTestResult executionId="2b1ef4c7-0a50-4f66-8060-a968dbeddf52" testId="5daf3a73-fd93-3c8b-0382-76d7d7b33fc9" testName="ToGuidFailed" computerName="DKSR-EFI-06" duration="00:00:00.0023420" startTime="2024-01-09T15:41:34.7007273+01:00" endTime="2024-01-09T15:41:34.7007273+01:00" testType="13cdc9d9-ddb5-4fa4-a97d-d965ccfc6d4b" outcome="Passed" testListId="8c84fa94-04c1-424b-9868-57a2d4851a1d" relativeResultsDirectory="2b1ef4c7-0a50-4f66-8060-a968dbeddf52" />
    <UnitTestResult executionId="c64a7bfa-1a17-4e4a-9326-0c9674d2cab9" testId="7c89820e-a98d-4b51-2cef-8b3953fcebd5" testName="NestedPropertyHelper_FormatNestedPropertyName_Success" computerName="DKSR-EFI-06" duration="00:00:00.0452752" startTime="2024-01-09T15:41:33.0444674+01:00" endTime="2024-01-09T15:41:33.0913432+01:00" testType="13cdc9d9-ddb5-4fa4-a97d-d965ccfc6d4b" outcome="Passed" testListId="8c84fa94-04c1-424b-9868-57a2d4851a1d" relativeResultsDirectory="c64a7bfa-1a17-4e4a-9326-0c9674d2cab9" />
    <UnitTestResult executionId="e0c524dc-c873-428b-b528-c728c09640dc" testId="f824a3a8-59c5-2e65-7385-79c3d6df0055" testName="GetPrivacyMaskFromXml_DuplicateCellsTest" computerName="DKSR-EFI-06" duration="00:00:00.0024120" startTime="2024-01-09T15:41:34.4976016+01:00" endTime="2024-01-09T15:41:34.4976016+01:00" testType="13cdc9d9-ddb5-4fa4-a97d-d965ccfc6d4b" outcome="Passed" testListId="8c84fa94-04c1-424b-9868-57a2d4851a1d" relativeResultsDirectory="e0c524dc-c873-428b-b528-c728c09640dc" />
    <UnitTestResult executionId="f3178e95-4d79-4668-84d9-7766079c58d8" testId="14af5cfa-37a4-319b-6e36-d994dc5d5968" testName="ConvertToInt_Success" computerName="DKSR-EFI-06" duration="00:00:00.0005038" startTime="2024-01-09T15:41:32.2802957+01:00" endTime="2024-01-09T15:41:32.2802957+01:00" testType="13cdc9d9-ddb5-4fa4-a97d-d965ccfc6d4b" outcome="Passed" testListId="8c84fa94-04c1-424b-9868-57a2d4851a1d" relativeResultsDirectory="f3178e95-4d79-4668-84d9-7766079c58d8" />
    <UnitTestResult executionId="4170d7a9-5e03-410e-b1e4-5491421aeae2" testId="4ee3af75-3d32-4ea8-063b-f4bba50bf321" testName="NestedPropertyHelper_TryGetNestedPropertyName_EmptyName_ArgumentException" computerName="DKSR-EFI-06" duration="00:00:00.0008457" startTime="2024-01-09T15:41:33.2319699+01:00" endTime="2024-01-09T15:41:33.2319699+01:00" testType="13cdc9d9-ddb5-4fa4-a97d-d965ccfc6d4b" outcome="Passed" testListId="8c84fa94-04c1-424b-9868-57a2d4851a1d" relativeResultsDirectory="4170d7a9-5e03-410e-b1e4-5491421aeae2">
      <Output>
        <StdOut>Debug Trace:&#xD;
Fail: Argument 'formattedPropertyName' cannot be empty</StdOut>
      </Output>
    </UnitTestResult>
    <UnitTestResult executionId="1cae1996-cb43-4c1c-ac87-a3d02e5fde64" testId="3ad2726a-8824-88f7-1608-59e26678827a" testName="TrimAndRemoveControlCharsKeepWhitespaceCharsNull" computerName="DKSR-EFI-06" duration="00:00:00.0018312" startTime="2024-01-09T15:41:34.7319772+01:00" endTime="2024-01-09T15:41:34.7319772+01:00" testType="13cdc9d9-ddb5-4fa4-a97d-d965ccfc6d4b" outcome="Passed" testListId="8c84fa94-04c1-424b-9868-57a2d4851a1d" relativeResultsDirectory="1cae1996-cb43-4c1c-ac87-a3d02e5fde64" />
    <UnitTestResult executionId="1340d2ee-440b-4e77-8fad-cc4babab3b33" testId="55900663-5ffb-ae1b-f271-79db886ed37b" testName="ConvertToInt_InvalidNumber_Default_Expected_Success" computerName="DKSR-EFI-06" duration="00:00:00.0001627" startTime="2024-01-09T15:41:32.2944628+01:00" endTime="2024-01-09T15:41:32.2944628+01:00" testType="13cdc9d9-ddb5-4fa4-a97d-d965ccfc6d4b" outcome="Passed" testListId="8c84fa94-04c1-424b-9868-57a2d4851a1d" relativeResultsDirectory="1340d2ee-440b-4e77-8fad-cc4babab3b33" />
    <UnitTestResult executionId="38039c86-dc59-4273-80b1-2a9937666604" testId="de38ffcb-9efb-c16b-04bb-70b26e4003fa" testName="CorporateProductCodes_GetProductCodes_UnknownProductCode" computerName="DKSR-EFI-06" duration="00:00:00.0001383" startTime="2024-01-09T15:41:32.1538370+01:00" endTime="2024-01-09T15:41:32.1538370+01:00" testType="13cdc9d9-ddb5-4fa4-a97d-d965ccfc6d4b" outcome="Passed" testListId="8c84fa94-04c1-424b-9868-57a2d4851a1d" relativeResultsDirectory="38039c86-dc59-4273-80b1-2a9937666604" />
    <UnitTestResult executionId="a0590f64-f772-4dcf-af1c-74cb708f02ef" testId="fba0f473-7041-e30a-c5d2-9ca9407b0bf6" testName="IsGuidTestSuccess" computerName="DKSR-EFI-06" duration="00:00:00.0001741" startTime="2024-01-09T15:41:34.6851019+01:00" endTime="2024-01-09T15:41:34.6851019+01:00" testType="13cdc9d9-ddb5-4fa4-a97d-d965ccfc6d4b" outcome="Passed" testListId="8c84fa94-04c1-424b-9868-57a2d4851a1d" relativeResultsDirectory="a0590f64-f772-4dcf-af1c-74cb708f02ef" />
    <UnitTestResult executionId="9524f978-de50-4007-8372-a55fce2dc6ea" testId="a5c6379b-0893-b01d-18e5-f90ab7bcaeec" testName="GetPrivacyMaskFromXml_SunnyDay" computerName="DKSR-EFI-06" duration="00:00:00.9370681" startTime="2024-01-09T15:41:33.2319699+01:00" endTime="2024-01-09T15:41:34.1694759+01:00" testType="13cdc9d9-ddb5-4fa4-a97d-d965ccfc6d4b" outcome="Passed" testListId="8c84fa94-04c1-424b-9868-57a2d4851a1d" relativeResultsDirectory="9524f978-de50-4007-8372-a55fce2dc6ea" />
    <UnitTestResult executionId="828b2543-8342-446f-8730-5feacd680d85" testId="1f87df04-703b-f6b4-3a53-f81d5fc16c67" testName="SetGridSize_increaseNumberOfCells_Is_Null_Exception_Expected" computerName="DKSR-EFI-06" duration="00:00:00.0014906" startTime="2024-01-09T15:41:34.6382290+01:00" endTime="2024-01-09T15:41:34.6382290+01:00" testType="13cdc9d9-ddb5-4fa4-a97d-d965ccfc6d4b" outcome="Passed" testListId="8c84fa94-04c1-424b-9868-57a2d4851a1d" relativeResultsDirectory="828b2543-8342-446f-8730-5feacd680d85" />
    <UnitTestResult executionId="09790db1-1655-4b7b-9942-154a07ef35e6" testId="90a4be35-e2c7-5c6a-ca3a-d9a55de74d5d" testName="ConvertToInt_Success" computerName="DKSR-EFI-06" duration="00:00:00.0006076" startTime="2024-01-09T15:41:32.1069615+01:00" endTime="2024-01-09T15:41:32.1069615+01:00" testType="13cdc9d9-ddb5-4fa4-a97d-d965ccfc6d4b" outcome="Passed" testListId="8c84fa94-04c1-424b-9868-57a2d4851a1d" relativeResultsDirectory="09790db1-1655-4b7b-9942-154a07ef35e6" />
    <UnitTestResult executionId="21484061-67df-4346-a872-aa492f187812" testId="84f2c3a6-ef69-aefe-cc69-aed160157f71" testName="RemoveControlCharsKeepWhitespaceCharsTestNull" computerName="DKSR-EFI-06" duration="00:00:00.0005912" startTime="2024-01-09T15:41:34.7319772+01:00" endTime="2024-01-09T15:41:34.7319772+01:00" testType="13cdc9d9-ddb5-4fa4-a97d-d965ccfc6d4b" outcome="Passed" testListId="8c84fa94-04c1-424b-9868-57a2d4851a1d" relativeResultsDirectory="21484061-67df-4346-a872-aa492f187812" />
    <UnitTestResult executionId="34517795-dcc8-4815-8832-66fb1935a469" testId="3dab1d5a-b2e4-fb94-b594-593da7066a3a" testName="DeviceTypeInfo_IsRecordingDevice_Success" computerName="DKSR-EFI-06" duration="00:00:00.0008415" startTime="2024-01-09T15:41:32.1694621+01:00" endTime="2024-01-09T15:41:32.1694621+01:00" testType="13cdc9d9-ddb5-4fa4-a97d-d965ccfc6d4b" outcome="Passed" testListId="8c84fa94-04c1-424b-9868-57a2d4851a1d" relativeResultsDirectory="34517795-dcc8-4815-8832-66fb1935a469" />
    <UnitTestResult executionId="eb428509-ca52-4a7a-899f-803e489e656e" testId="d07b3481-696b-820c-a145-13265fb2ffe1" testName="ConvertOneDimensionalIndexToTwoDimensional_Success" computerName="DKSR-EFI-06" duration="00:00:00.0009227" startTime="2024-01-09T15:41:32.2802957+01:00" endTime="2024-01-09T15:41:32.2802957+01:00" testType="13cdc9d9-ddb5-4fa4-a97d-d965ccfc6d4b" outcome="Passed" testListId="8c84fa94-04c1-424b-9868-57a2d4851a1d" relativeResultsDirectory="eb428509-ca52-4a7a-899f-803e489e656e" />
    <UnitTestResult executionId="57b0970c-6752-4a72-8058-f40396f82c7e" testId="2d5cd7fa-cf05-f590-40f1-040770f81bef" testName="ConvertToDetectionMethod_Success" computerName="DKSR-EFI-06" duration="00:00:00.0034013" startTime="2024-01-09T15:41:32.1225885+01:00" endTime="2024-01-09T15:41:32.1225885+01:00" testType="13cdc9d9-ddb5-4fa4-a97d-d965ccfc6d4b" outcome="Passed" testListId="8c84fa94-04c1-424b-9868-57a2d4851a1d" relativeResultsDirectory="57b0970c-6752-4a72-8058-f40396f82c7e" />
    <UnitTestResult executionId="024d36bc-3347-4c84-b0da-1c5dff10e04f" testId="4c13ce60-5293-4111-36b5-e35224527878" testName="TryParseFailed" computerName="DKSR-EFI-06" duration="00:00:00.0001416" startTime="2024-01-09T15:41:34.7007273+01:00" endTime="2024-01-09T15:41:34.7007273+01:00" testType="13cdc9d9-ddb5-4fa4-a97d-d965ccfc6d4b" outcome="Passed" testListId="8c84fa94-04c1-424b-9868-57a2d4851a1d" relativeResultsDirectory="024d36bc-3347-4c84-b0da-1c5dff10e04f" />
    <UnitTestResult executionId="84beb063-0e49-4109-b606-96c85cb810b3" testId="75fc5143-fe6b-20f0-4ca6-b67370de4903" testName="ConvertTwoDimensionalIndexesToOneDimensional_X_Is_Negative" computerName="DKSR-EFI-06" duration="00:00:00.0007690" startTime="2024-01-09T15:41:32.2632115+01:00" endTime="2024-01-09T15:41:32.2632115+01:00" testType="13cdc9d9-ddb5-4fa4-a97d-d965ccfc6d4b" outcome="Passed" testListId="8c84fa94-04c1-424b-9868-57a2d4851a1d" relativeResultsDirectory="84beb063-0e49-4109-b606-96c85cb810b3" />
    <UnitTestResult executionId="83853fb6-692d-4c2e-bf66-589aad18c300" testId="069f80b7-68ce-0dbf-49a9-88037b3210bc" testName="ConvertToInt_InvalidNumber_Default_Expected_Success" computerName="DKSR-EFI-06" duration="00:00:00.0001882" startTime="2024-01-09T15:41:32.0913345+01:00" endTime="2024-01-09T15:41:32.0913345+01:00" testType="13cdc9d9-ddb5-4fa4-a97d-d965ccfc6d4b" outcome="Passed" testListId="8c84fa94-04c1-424b-9868-57a2d4851a1d" relativeResultsDirectory="83853fb6-692d-4c2e-bf66-589aad18c300" />
    <UnitTestResult executionId="ca075aad-b8ee-4606-8a2b-e87d0165babf" testId="4c800bb5-72b9-4506-9120-2410508dc69d" testName="TrimAndRemoveControlCharsTest" computerName="DKSR-EFI-06" duration="00:00:00.0003508" startTime="2024-01-09T15:41:34.7163516+01:00" endTime="2024-01-09T15:41:34.7163516+01:00" testType="13cdc9d9-ddb5-4fa4-a97d-d965ccfc6d4b" outcome="Passed" testListId="8c84fa94-04c1-424b-9868-57a2d4851a1d" relativeResultsDirectory="ca075aad-b8ee-4606-8a2b-e87d0165babf" />
    <UnitTestResult executionId="5c46ce0a-c452-49cf-bbc2-5bd4288c16d7" testId="fab0afff-c432-02b7-5bbb-f66eef7681fb" testName="RemoveControlCharsTest" computerName="DKSR-EFI-06" duration="00:00:00.0059721" startTime="2024-01-09T15:41:34.7007273+01:00" endTime="2024-01-09T15:41:34.7163516+01:00" testType="13cdc9d9-ddb5-4fa4-a97d-d965ccfc6d4b" outcome="Passed" testListId="8c84fa94-04c1-424b-9868-57a2d4851a1d" relativeResultsDirectory="5c46ce0a-c452-49cf-bbc2-5bd4288c16d7" />
    <UnitTestResult executionId="c1fa9b4b-102a-4a31-a84b-da22d3d6fa64" testId="afc090fc-9641-de7f-3866-7ea0fcff9c09" testName="RemoveControlCharsKeepWhitespaceCharsTest" computerName="DKSR-EFI-06" duration="00:00:00.0010853" startTime="2024-01-09T15:41:34.7163516+01:00" endTime="2024-01-09T15:41:34.7163516+01:00" testType="13cdc9d9-ddb5-4fa4-a97d-d965ccfc6d4b" outcome="Passed" testListId="8c84fa94-04c1-424b-9868-57a2d4851a1d" relativeResultsDirectory="c1fa9b4b-102a-4a31-a84b-da22d3d6fa64" />
    <UnitTestResult executionId="d5cee71a-9162-47f9-9c30-ebed0a053283" testId="5744899b-250c-f37f-a63c-d158648a0e52" testName="SetGridSize_initialize_Is_Null_Exception_Expected" computerName="DKSR-EFI-06" duration="00:00:00.0008981" startTime="2024-01-09T15:41:34.6382290+01:00" endTime="2024-01-09T15:41:34.6382290+01:00" testType="13cdc9d9-ddb5-4fa4-a97d-d965ccfc6d4b" outcome="Passed" testListId="8c84fa94-04c1-424b-9868-57a2d4851a1d" relativeResultsDirectory="d5cee71a-9162-47f9-9c30-ebed0a053283" />
    <UnitTestResult executionId="6450c046-b25d-451f-b3ae-c19d9728e448" testId="38778c86-8f06-c771-6326-084dcf9e7ce7" testName="TaskWarning_FromXml_Can_Read_Initial_Format" computerName="DKSR-EFI-06" duration="00:00:00.0130453" startTime="2024-01-09T15:41:34.5913553+01:00" endTime="2024-01-09T15:41:34.6069775+01:00" testType="13cdc9d9-ddb5-4fa4-a97d-d965ccfc6d4b" outcome="Passed" testListId="8c84fa94-04c1-424b-9868-57a2d4851a1d" relativeResultsDirectory="6450c046-b25d-451f-b3ae-c19d9728e448" />
    <UnitTestResult executionId="9f3b224a-b982-4486-a050-8bfd12bf44be" testId="1ad8a57f-1901-4fc6-6171-3b9a718512cd" testName="GetPrivacyMaskFromXml_DuplicateMethodIdsTest" computerName="DKSR-EFI-06" duration="00:00:00.0006964" startTime="2024-01-09T15:41:34.4976016+01:00" endTime="2024-01-09T15:41:34.4976016+01:00" testType="13cdc9d9-ddb5-4fa4-a97d-d965ccfc6d4b" outcome="Passed" testListId="8c84fa94-04c1-424b-9868-57a2d4851a1d" relativeResultsDirectory="9f3b224a-b982-4486-a050-8bfd12bf44be" />
    <UnitTestResult executionId="ecbc1796-8a3b-4544-a95c-dc606b7895f4" testId="8815b8fc-a38c-3954-d8a0-8fcab25a9731" testName="MoveHardwareTaskResult_Serialization_No_Warnings_Success" computerName="DKSR-EFI-06" duration="00:00:00.0010309" startTime="2024-01-09T15:41:33.0132158+01:00" endTime="2024-01-09T15:41:33.0132158+01:00" testType="13cdc9d9-ddb5-4fa4-a97d-d965ccfc6d4b" outcome="Passed" testListId="8c84fa94-04c1-424b-9868-57a2d4851a1d" relativeResultsDirectory="ecbc1796-8a3b-4544-a95c-dc606b7895f4" />
    <UnitTestResult executionId="a2d6d04d-df9d-4653-945f-3fb30a42624d" testId="37dcfbb4-93cd-3d47-6264-adcf2814bf97" testName="GetPrivacyMaskFromXml_UnknownMethodIdTest" computerName="DKSR-EFI-06" duration="00:00:00.0007435" startTime="2024-01-09T15:41:34.4976016+01:00" endTime="2024-01-09T15:41:34.4976016+01:00" testType="13cdc9d9-ddb5-4fa4-a97d-d965ccfc6d4b" outcome="Passed" testListId="8c84fa94-04c1-424b-9868-57a2d4851a1d" relativeResultsDirectory="a2d6d04d-df9d-4653-945f-3fb30a42624d" />
    <UnitTestResult executionId="cfcfe509-1448-47aa-8924-bc74b3aefa6b" testId="cacd61c1-c3a3-cf61-3786-7e17896ec13c" testName="ConvertTwoDimensionalIndexesToOneDimensional_Success" computerName="DKSR-EFI-06" duration="00:00:00.0004589" startTime="2024-01-09T15:41:32.2632115+01:00" endTime="2024-01-09T15:41:32.2632115+01:00" testType="13cdc9d9-ddb5-4fa4-a97d-d965ccfc6d4b" outcome="Passed" testListId="8c84fa94-04c1-424b-9868-57a2d4851a1d" relativeResultsDirectory="cfcfe509-1448-47aa-8924-bc74b3aefa6b" />
    <UnitTestResult executionId="84d2d136-a88a-4e82-bdb0-8a133021249a" testId="bc1f88ff-e2ae-2848-549f-4ddc7ff81f8d" testName="ConvertOneDimensionalIndexToTwoDimensional_Index_Is_Larger_Than_Dimension" computerName="DKSR-EFI-06" duration="00:00:00.0005280" startTime="2024-01-09T15:41:32.2802957+01:00" endTime="2024-01-09T15:41:32.2802957+01:00" testType="13cdc9d9-ddb5-4fa4-a97d-d965ccfc6d4b" outcome="Passed" testListId="8c84fa94-04c1-424b-9868-57a2d4851a1d" relativeResultsDirectory="84d2d136-a88a-4e82-bdb0-8a133021249a" />
    <UnitTestResult executionId="a44eb675-b5f5-40ed-9672-7409c359a1e3" testId="649332c7-9fa8-fdfd-3094-2331860467a3" testName="DeviceTypeInfo_IsRecordingDevice_SupportAllTypes" computerName="DKSR-EFI-06" duration="00:00:00.0009447" startTime="2024-01-09T15:41:32.1694621+01:00" endTime="2024-01-09T15:41:32.1694621+01:00" testType="13cdc9d9-ddb5-4fa4-a97d-d965ccfc6d4b" outcome="Passed" testListId="8c84fa94-04c1-424b-9868-57a2d4851a1d" relativeResultsDirectory="a44eb675-b5f5-40ed-9672-7409c359a1e3" />
    <UnitTestResult executionId="e6dbdd53-3e3f-4dbe-8e85-dd994f60fd06" testId="8914d82a-1269-4fe9-eb45-47d487b479b0" testName="CorporateProductCodes_GetProductCodes_Success" computerName="DKSR-EFI-06" duration="00:00:00.0008028" startTime="2024-01-09T15:41:32.1225885+01:00" endTime="2024-01-09T15:41:32.1382110+01:00" testType="13cdc9d9-ddb5-4fa4-a97d-d965ccfc6d4b" outcome="Passed" testListId="8c84fa94-04c1-424b-9868-57a2d4851a1d" relativeResultsDirectory="e6dbdd53-3e3f-4dbe-8e85-dd994f60fd06" />
    <UnitTestResult executionId="41e642c4-0733-42b1-82b1-c027f9760d30" testId="31993171-cd22-0249-bd8a-7a53b439402a" testName="ConvertOneDimensionalIndexToTwoDimensional_Index_Is_Negative" computerName="DKSR-EFI-06" duration="00:00:00.0005523" startTime="2024-01-09T15:41:32.2802957+01:00" endTime="2024-01-09T15:41:32.2802957+01:00" testType="13cdc9d9-ddb5-4fa4-a97d-d965ccfc6d4b" outcome="Passed" testListId="8c84fa94-04c1-424b-9868-57a2d4851a1d" relativeResultsDirectory="41e642c4-0733-42b1-82b1-c027f9760d30" />
    <UnitTestResult executionId="444ebed2-ffea-4d27-bc82-abb3db7504f8" testId="6453653b-0163-a699-39b7-69fa5bbd12b8" testName="ServerCredentialsUnitTests_GetAsXml_ServerCameraCredentialArray_ArgumentNull" computerName="DKSR-EFI-06" duration="00:00:00.0017993" startTime="2024-01-09T15:41:34.5601010+01:00" endTime="2024-01-09T15:41:34.5601010+01:00" testType="13cdc9d9-ddb5-4fa4-a97d-d965ccfc6d4b" outcome="Passed" testListId="8c84fa94-04c1-424b-9868-57a2d4851a1d" relativeResultsDirectory="444ebed2-ffea-4d27-bc82-abb3db7504f8">
      <Output>
        <StdOut>Debug Trace:&#xD;
Fail: Argument null.</StdOut>
      </Output>
    </UnitTestResult>
    <UnitTestResult executionId="24094723-bee7-4d24-8166-0dd6875105ae" testId="74b752a9-3ab1-cd08-7831-6830396588ed" testName="NestedPropertyHelper_IsNestedPropertyName_ArgumentNullException" computerName="DKSR-EFI-06" duration="00:00:00.0015728" startTime="2024-01-09T15:41:33.2163434+01:00" endTime="2024-01-09T15:41:33.2163434+01:00" testType="13cdc9d9-ddb5-4fa4-a97d-d965ccfc6d4b" outcome="Passed" testListId="8c84fa94-04c1-424b-9868-57a2d4851a1d" relativeResultsDirectory="24094723-bee7-4d24-8166-0dd6875105ae">
      <Output>
        <StdOut>Debug Trace:&#xD;
Fail: Argument 'propertyName' cannot be null</StdOut>
      </Output>
    </UnitTestResult>
    <UnitTestResult executionId="a0106081-c6f5-49df-be58-69b9b5608bb5" testId="1127995a-f652-d9c5-d666-e4480805eaa4" testName="ServerCredentialsUnitTests_GetAsXml_ServerCameraCredentialArray_Success" computerName="DKSR-EFI-06" duration="00:00:00.0003711" startTime="2024-01-09T15:41:34.5601010+01:00" endTime="2024-01-09T15:41:34.5601010+01:00" testType="13cdc9d9-ddb5-4fa4-a97d-d965ccfc6d4b" outcome="Passed" testListId="8c84fa94-04c1-424b-9868-57a2d4851a1d" relativeResultsDirectory="a0106081-c6f5-49df-be58-69b9b5608bb5" />
    <UnitTestResult executionId="1e0e1585-61b0-4382-a4b4-cd359b56dc9f" testId="8ec422b9-3ad1-d606-42b8-75e0ad25c07a" testName="TrimAndRemoveControlCharsNull" computerName="DKSR-EFI-06" duration="00:00:00.0005624" startTime="2024-01-09T15:41:34.7163516+01:00" endTime="2024-01-09T15:41:34.7163516+01:00" testType="13cdc9d9-ddb5-4fa4-a97d-d965ccfc6d4b" outcome="Passed" testListId="8c84fa94-04c1-424b-9868-57a2d4851a1d" relativeResultsDirectory="1e0e1585-61b0-4382-a4b4-cd359b56dc9f" />
    <UnitTestResult executionId="7cecd1f5-6f93-4ff2-b35d-e2ec80d94da0" testId="93278bfc-88ce-15f6-9300-6fc4994c71f7" testName="Cells_Initialize_UnsupportedSize" computerName="DKSR-EFI-06" duration="00:00:00.0008831" startTime="2024-01-09T15:41:34.5288490+01:00" endTime="2024-01-09T15:41:34.5288490+01:00" testType="13cdc9d9-ddb5-4fa4-a97d-d965ccfc6d4b" outcome="Passed" testListId="8c84fa94-04c1-424b-9868-57a2d4851a1d" relativeResultsDirectory="7cecd1f5-6f93-4ff2-b35d-e2ec80d94da0" />
    <UnitTestResult executionId="bd77965b-58fa-4596-a99d-a11b4a313427" testId="67473bc5-32ce-aabc-ce4f-fee6a8a0a8cf" testName="ConvertToDetectionMethod_InvalidNumber_Default_Expected_Success" computerName="DKSR-EFI-06" duration="00:00:00.0001804" startTime="2024-01-09T15:41:32.1225885+01:00" endTime="2024-01-09T15:41:32.1225885+01:00" testType="13cdc9d9-ddb5-4fa4-a97d-d965ccfc6d4b" outcome="Passed" testListId="8c84fa94-04c1-424b-9868-57a2d4851a1d" relativeResultsDirectory="bd77965b-58fa-4596-a99d-a11b4a313427" />
    <UnitTestResult executionId="e485ac71-7101-4d6a-ab07-49776a0254b4" testId="33b9cfba-767d-620a-5bc7-446ac3b0a75a" testName="SetGridSize_Initialize_New_Grid_Success" computerName="DKSR-EFI-06" duration="00:00:00.0006306" startTime="2024-01-09T15:41:34.6382290+01:00" endTime="2024-01-09T15:41:34.6382290+01:00" testType="13cdc9d9-ddb5-4fa4-a97d-d965ccfc6d4b" outcome="Passed" testListId="8c84fa94-04c1-424b-9868-57a2d4851a1d" relativeResultsDirectory="e485ac71-7101-4d6a-ab07-49776a0254b4" />
    <UnitTestResult executionId="5da47a1a-843d-497e-919d-82e23a07b8fb" testId="d4d350d3-c8d0-e20b-a69c-867669933688" testName="NestedPropertyHelper_IsNestedPropertyName_WhiteSpaceName_ArgumentException" computerName="DKSR-EFI-06" duration="00:00:00.0007680" startTime="2024-01-09T15:41:33.2163434+01:00" endTime="2024-01-09T15:41:33.2163434+01:00" testType="13cdc9d9-ddb5-4fa4-a97d-d965ccfc6d4b" outcome="Passed" testListId="8c84fa94-04c1-424b-9868-57a2d4851a1d" relativeResultsDirectory="5da47a1a-843d-497e-919d-82e23a07b8fb">
      <Output>
        <StdOut>Debug Trace:&#xD;
Fail: Argument 'propertyName' cannot be empty</StdOut>
      </Output>
    </UnitTestResult>
    <UnitTestResult executionId="3bd1b7cf-5ad1-4307-abf4-92d8f69169fe" testId="d0d055c1-2827-c9f5-2cea-7262b30681b5" testName="NestedPropertyHelper_IsNestedPropertyName_Success" computerName="DKSR-EFI-06" duration="00:00:00.0036153" startTime="2024-01-09T15:41:33.2007181+01:00" endTime="2024-01-09T15:41:33.2007181+01:00" testType="13cdc9d9-ddb5-4fa4-a97d-d965ccfc6d4b" outcome="Passed" testListId="8c84fa94-04c1-424b-9868-57a2d4851a1d" relativeResultsDirectory="3bd1b7cf-5ad1-4307-abf4-92d8f69169fe" />
    <UnitTestResult executionId="49016815-72b1-4595-bfe5-fc0c4c15f46d" testId="cfec4fd7-18a7-01bd-0be1-3678eda78f31" testName="NestedPropertyHelper_TryGetNestedPropertyNameTest" computerName="DKSR-EFI-06" duration="00:00:00.0009193" startTime="2024-01-09T15:41:33.2163434+01:00" endTime="2024-01-09T15:41:33.2163434+01:00" testType="13cdc9d9-ddb5-4fa4-a97d-d965ccfc6d4b" outcome="Passed" testListId="8c84fa94-04c1-424b-9868-57a2d4851a1d" relativeResultsDirectory="49016815-72b1-4595-bfe5-fc0c4c15f46d" />
    <UnitTestResult executionId="fe5ab591-0527-4132-995e-c38eb4a02810" testId="8853129e-24b6-de83-3ae4-a5c9606a62db" testName="ConvertToInt_Success" computerName="DKSR-EFI-06" duration="00:00:00.0004684" startTime="2024-01-09T15:41:34.6382290+01:00" endTime="2024-01-09T15:41:34.6382290+01:00" testType="13cdc9d9-ddb5-4fa4-a97d-d965ccfc6d4b" outcome="Passed" testListId="8c84fa94-04c1-424b-9868-57a2d4851a1d" relativeResultsDirectory="fe5ab591-0527-4132-995e-c38eb4a02810" />
    <UnitTestResult executionId="6d74945b-9f9b-4c9c-91d2-654b1cc1ad0b" testId="e81c9e38-1dec-905f-b04d-4f60f0b1c384" testName="GetPrivacyMaskFromXml_EmptyMask" computerName="DKSR-EFI-06" duration="00:00:00.0025833" startTime="2024-01-09T15:41:34.1694759+01:00" endTime="2024-01-09T15:41:34.1694759+01:00" testType="13cdc9d9-ddb5-4fa4-a97d-d965ccfc6d4b" outcome="Passed" testListId="8c84fa94-04c1-424b-9868-57a2d4851a1d" relativeResultsDirectory="6d74945b-9f9b-4c9c-91d2-654b1cc1ad0b" />
    <UnitTestResult executionId="1c3ca568-f90b-42b2-8a47-826060d77a51" testId="0090badb-9d50-b7b1-4ee4-1a42dc925e0c" testName="ConvertToGridSize_InvalidNumber_Default_Expected_Success" computerName="DKSR-EFI-06" duration="00:00:00.0001783" startTime="2024-01-09T15:41:34.6226017+01:00" endTime="2024-01-09T15:41:34.6226017+01:00" testType="13cdc9d9-ddb5-4fa4-a97d-d965ccfc6d4b" outcome="Passed" testListId="8c84fa94-04c1-424b-9868-57a2d4851a1d" relativeResultsDirectory="1c3ca568-f90b-42b2-8a47-826060d77a51" />
    <UnitTestResult executionId="c14eca46-2695-42ae-ac53-81d9aa2c2b33" testId="1655a58f-82cd-dfaa-f818-6210834795ce" testName="ConvertTwoDimensionalIndexesToOneDimensional_Y_Is_Larger_Than_Dimension" computerName="DKSR-EFI-06" duration="00:00:00.0005349" startTime="2024-01-09T15:41:32.2802957+01:00" endTime="2024-01-09T15:41:32.2802957+01:00" testType="13cdc9d9-ddb5-4fa4-a97d-d965ccfc6d4b" outcome="Passed" testListId="8c84fa94-04c1-424b-9868-57a2d4851a1d" relativeResultsDirectory="c14eca46-2695-42ae-ac53-81d9aa2c2b33" />
    <UnitTestResult executionId="98feb73b-7f14-4042-aa19-53931b6072c4" testId="80d02be0-e5b3-d805-0594-6fce0472bdd1" testName="NestedPropertyHelper_FormatNestedPropertyName_ArgumentNullException" computerName="DKSR-EFI-06" duration="00:00:00.0768382" startTime="2024-01-09T15:41:33.0913432+01:00" endTime="2024-01-09T15:41:33.1694707+01:00" testType="13cdc9d9-ddb5-4fa4-a97d-d965ccfc6d4b" outcome="Passed" testListId="8c84fa94-04c1-424b-9868-57a2d4851a1d" relativeResultsDirectory="98feb73b-7f14-4042-aa19-53931b6072c4">
      <Output>
        <StdOut>Debug Trace:&#xD;
Fail: Argument 'propertyName' cannot be null</StdOut>
      </Output>
    </UnitTestResult>
  </Results>
  <TestDefinitions>
    <UnitTest name="SetGridSize_Grid_Increased_Success" storage="d:\actions-runner\_work\xpco\xpco\corporate\commonapi\videoos.management.common.unittests\bin\debug\net472\videoos.management.common.unittests.dll" id="ca3c00c7-0e2e-e11c-f4cf-d0514c13c85c">
      <Execution id="2ff1f22c-a353-4c2b-bb9b-bf2d3daa4be0" />
      <TestMethod codeBase="D:\actions-runner\_work\XPCO\XPCO\Corporate\CommonAPI\VideoOS.Management.Common.UnitTests\bin\Debug\net472\VideoOS.Management.Common.UnitTests.dll" adapterTypeName="executor://mstestadapter/v2" className="VideoOS.Management.Common.UnitTests.BusinessObjects.DeviceMotionUtils.GridSizeUnitTests" name="SetGridSize_Grid_Increased_Success" />
    </UnitTest>
    <UnitTest name="RemoveControlCharsKeepWhitespaceCharsTest" storage="d:\actions-runner\_work\xpco\xpco\corporate\commonapi\videoos.management.common.unittests\bin\debug\net472\videoos.management.common.unittests.dll" id="afc090fc-9641-de7f-3866-7ea0fcff9c09">
      <Execution id="c1fa9b4b-102a-4a31-a84b-da22d3d6fa64" />
      <TestMethod codeBase="D:\actions-runner\_work\XPCO\XPCO\Corporate\CommonAPI\VideoOS.Management.Common.UnitTests\bin\Debug\net472\VideoOS.Management.Common.UnitTests.dll" adapterTypeName="executor://mstestadapter/v2" className="VideoOS.Management.Common.UnitTests.ExtensionMethods.StringExtensionsTests" name="RemoveControlCharsKeepWhitespaceCharsTest" />
    </UnitTest>
    <UnitTest name="MoveHardwareTaskResult_ToXml_Serialized_Correctly" storage="d:\actions-runner\_work\xpco\xpco\corporate\commonapi\videoos.management.common.unittests\bin\debug\net472\videoos.management.common.unittests.dll" id="daa9a097-6fc7-a99a-2098-2eb65a6f8664">
      <Execution id="29b2abb5-5533-41ee-91fe-d848e822a766" />
      <TestMethod codeBase="D:\actions-runner\_work\XPCO\XPCO\Corporate\CommonAPI\VideoOS.Management.Common.UnitTests\bin\Debug\net472\VideoOS.Management.Common.UnitTests.dll" adapterTypeName="executor://mstestadapter/v2" className="VideoOS.Management.Common.UnitTests.MoveHardwareTaskResultUnitTests" name="MoveHardwareTaskResult_ToXml_Serialized_Correctly" />
    </UnitTest>
    <UnitTest name="TrimAndRemoveControlCharsTest" storage="d:\actions-runner\_work\xpco\xpco\corporate\commonapi\videoos.management.common.unittests\bin\debug\net472\videoos.management.common.unittests.dll" id="4c800bb5-72b9-4506-9120-2410508dc69d">
      <Execution id="ca075aad-b8ee-4606-8a2b-e87d0165babf" />
      <TestMethod codeBase="D:\actions-runner\_work\XPCO\XPCO\Corporate\CommonAPI\VideoOS.Management.Common.UnitTests\bin\Debug\net472\VideoOS.Management.Common.UnitTests.dll" adapterTypeName="executor://mstestadapter/v2" className="VideoOS.Management.Common.UnitTests.ExtensionMethods.StringExtensionsTests" name="TrimAndRemoveControlCharsTest" />
    </UnitTest>
    <UnitTest name="TaskWarning_ToXml_With_ResourceId_Serialized_Correctly" storage="d:\actions-runner\_work\xpco\xpco\corporate\commonapi\videoos.management.common.unittests\bin\debug\net472\videoos.management.common.unittests.dll" id="ba74e53c-cf5f-47b5-b760-36899466e286">
      <Execution id="b151fc20-827d-4045-af58-b42e6e68b3ef" />
      <TestMethod codeBase="D:\actions-runner\_work\XPCO\XPCO\Corporate\CommonAPI\VideoOS.Management.Common.UnitTests\bin\Debug\net472\VideoOS.Management.Common.UnitTests.dll" adapterTypeName="executor://mstestadapter/v2" className="VideoOS.Management.Common.UnitTests.TaskWarningUnitTests" name="TaskWarning_ToXml_With_ResourceId_Serialized_Correctly" />
    </UnitTest>
    <UnitTest name="ConvertToInt_Success" storage="d:\actions-runner\_work\xpco\xpco\corporate\commonapi\videoos.management.common.unittests\bin\debug\net472\videoos.management.common.unittests.dll" id="6346fdd8-638a-e5dd-44cb-e4bceb791e3e">
      <Execution id="ec7a3712-bbf8-4366-be69-9c1b450aeb17" />
      <TestMethod codeBase="D:\actions-runner\_work\XPCO\XPCO\Corporate\CommonAPI\VideoOS.Management.Common.UnitTests\bin\Debug\net472\VideoOS.Management.Common.UnitTests.dll" adapterTypeName="executor://mstestadapter/v2" className="VideoOS.Management.Server.UnitTests.BusinessObjects.ProcessTimeUnitTests" name="ConvertToInt_Success" />
    </UnitTest>
    <UnitTest name="TaskError_ToXml_With_ResourceId_Serialized_Correctly" storage="d:\actions-runner\_work\xpco\xpco\corporate\commonapi\videoos.management.common.unittests\bin\debug\net472\videoos.management.common.unittests.dll" id="12fb79ac-ca7a-d90c-70f5-ffadbf93d3cd">
      <Execution id="979bb121-03a1-44e4-8dc2-278e5f342660" />
      <TestMethod codeBase="D:\actions-runner\_work\XPCO\XPCO\Corporate\CommonAPI\VideoOS.Management.Common.UnitTests\bin\Debug\net472\VideoOS.Management.Common.UnitTests.dll" adapterTypeName="executor://mstestadapter/v2" className="VideoOS.Management.Common.UnitTests.TaskErrorUnitTests" name="TaskError_ToXml_With_ResourceId_Serialized_Correctly" />
    </UnitTest>
    <UnitTest name="ConvertTwoDimensionalIndexesToOneDimensional_Success" storage="d:\actions-runner\_work\xpco\xpco\corporate\commonapi\videoos.management.common.unittests\bin\debug\net472\videoos.management.common.unittests.dll" id="cacd61c1-c3a3-cf61-3786-7e17896ec13c">
      <Execution id="cfcfe509-1448-47aa-8924-bc74b3aefa6b" />
      <TestMethod codeBase="D:\actions-runner\_work\XPCO\XPCO\Corporate\CommonAPI\VideoOS.Management.Common.UnitTests\bin\Debug\net472\VideoOS.Management.Common.UnitTests.dll" adapterTypeName="executor://mstestadapter/v2" className="VideoOS.Management.Common.UnitTests.GridUtilityUnitTests" name="ConvertTwoDimensionalIndexesToOneDimensional_Success" />
    </UnitTest>
    <UnitTest name="TaskWarning_ToXml_No_ResourceId_Serialized_Correctly" storage="d:\actions-runner\_work\xpco\xpco\corporate\commonapi\videoos.management.common.unittests\bin\debug\net472\videoos.management.common.unittests.dll" id="89f53efe-f8e9-e247-5d3a-a73d496c1c42">
      <Execution id="aff7fd0e-238e-42ec-b6df-0bf10a19a1e5" />
      <TestMethod codeBase="D:\actions-runner\_work\XPCO\XPCO\Corporate\CommonAPI\VideoOS.Management.Common.UnitTests\bin\Debug\net472\VideoOS.Management.Common.UnitTests.dll" adapterTypeName="executor://mstestadapter/v2" className="VideoOS.Management.Common.UnitTests.TaskWarningUnitTests" name="TaskWarning_ToXml_No_ResourceId_Serialized_Correctly" />
    </UnitTest>
    <UnitTest name="CorporateProductCodes_GetProductCodes_Success" storage="d:\actions-runner\_work\xpco\xpco\corporate\commonapi\videoos.management.common.unittests\bin\debug\net472\videoos.management.common.unittests.dll" id="8914d82a-1269-4fe9-eb45-47d487b479b0">
      <Execution id="e6dbdd53-3e3f-4dbe-8e85-dd994f60fd06" />
      <TestMethod codeBase="D:\actions-runner\_work\XPCO\XPCO\Corporate\CommonAPI\VideoOS.Management.Common.UnitTests\bin\Debug\net472\VideoOS.Management.Common.UnitTests.dll" adapterTypeName="executor://mstestadapter/v2" className="VideoOS.Management.Common.UnitTests.CorporateProductCodesTests" name="CorporateProductCodes_GetProductCodes_Success" />
    </UnitTest>
    <UnitTest name="ConvertToInt_Success" storage="d:\actions-runner\_work\xpco\xpco\corporate\commonapi\videoos.management.common.unittests\bin\debug\net472\videoos.management.common.unittests.dll" id="8853129e-24b6-de83-3ae4-a5c9606a62db">
      <Execution id="fe5ab591-0527-4132-995e-c38eb4a02810" />
      <TestMethod codeBase="D:\actions-runner\_work\XPCO\XPCO\Corporate\CommonAPI\VideoOS.Management.Common.UnitTests\bin\Debug\net472\VideoOS.Management.Common.UnitTests.dll" adapterTypeName="executor://mstestadapter/v2" className="VideoOS.Management.Common.UnitTests.BusinessObjects.DeviceMotionUtils.GridSizeUnitTests" name="ConvertToInt_Success" />
    </UnitTest>
    <UnitTest name="GetPrivacyMaskFromXml_InvalidMethodTest" storage="d:\actions-runner\_work\xpco\xpco\corporate\commonapi\videoos.management.common.unittests\bin\debug\net472\videoos.management.common.unittests.dll" id="c2dc194a-0c1b-ef6d-1da6-c4e929a00375">
      <Execution id="ed8998c1-9bd4-4af3-967b-e42da515923f" />
      <TestMethod codeBase="D:\actions-runner\_work\XPCO\XPCO\Corporate\CommonAPI\VideoOS.Management.Common.UnitTests\bin\Debug\net472\VideoOS.Management.Common.UnitTests.dll" adapterTypeName="executor://mstestadapter/v2" className="VideoOS.Management.Common.UnitTests.PrivacyMaskUnitTest" name="GetPrivacyMaskFromXml_InvalidMethodTest" />
    </UnitTest>
    <UnitTest name="ConvertTwoDimensionalIndexesToOneDimensional_Y_Is_Negative" storage="d:\actions-runner\_work\xpco\xpco\corporate\commonapi\videoos.management.common.unittests\bin\debug\net472\videoos.management.common.unittests.dll" id="f1e1352b-23ae-c89b-d352-0c7837620f16">
      <Execution id="0ccd180f-effc-4c81-8cef-1fa54720aae4" />
      <TestMethod codeBase="D:\actions-runner\_work\XPCO\XPCO\Corporate\CommonAPI\VideoOS.Management.Common.UnitTests\bin\Debug\net472\VideoOS.Management.Common.UnitTests.dll" adapterTypeName="executor://mstestadapter/v2" className="VideoOS.Management.Common.UnitTests.GridUtilityUnitTests" name="ConvertTwoDimensionalIndexesToOneDimensional_Y_Is_Negative" />
    </UnitTest>
    <UnitTest name="ConvertOneDimensionalIndexToTwoDimensional_Index_Is_Larger_Than_Dimension" storage="d:\actions-runner\_work\xpco\xpco\corporate\commonapi\videoos.management.common.unittests\bin\debug\net472\videoos.management.common.unittests.dll" id="bc1f88ff-e2ae-2848-549f-4ddc7ff81f8d">
      <Execution id="84d2d136-a88a-4e82-bdb0-8a133021249a" />
      <TestMethod codeBase="D:\actions-runner\_work\XPCO\XPCO\Corporate\CommonAPI\VideoOS.Management.Common.UnitTests\bin\Debug\net472\VideoOS.Management.Common.UnitTests.dll" adapterTypeName="executor://mstestadapter/v2" className="VideoOS.Management.Common.UnitTests.GridUtilityUnitTests" name="ConvertOneDimensionalIndexToTwoDimensional_Index_Is_Larger_Than_Dimension" />
    </UnitTest>
    <UnitTest name="RemoveControlCharsTest" storage="d:\actions-runner\_work\xpco\xpco\corporate\commonapi\videoos.management.common.unittests\bin\debug\net472\videoos.management.common.unittests.dll" id="fab0afff-c432-02b7-5bbb-f66eef7681fb">
      <Execution id="5c46ce0a-c452-49cf-bbc2-5bd4288c16d7" />
      <TestMethod codeBase="D:\actions-runner\_work\XPCO\XPCO\Corporate\CommonAPI\VideoOS.Management.Common.UnitTests\bin\Debug\net472\VideoOS.Management.Common.UnitTests.dll" adapterTypeName="executor://mstestadapter/v2" className="VideoOS.Management.Common.UnitTests.ExtensionMethods.StringExtensionsTests" name="RemoveControlCharsTest" />
    </UnitTest>
    <UnitTest name="EventDefinition_ModifyWithNoStateGroup" storage="d:\actions-runner\_work\xpco\xpco\corporate\commonapi\videoos.management.common.unittests\bin\debug\net472\videoos.management.common.unittests.dll" id="8e1edec1-7f6e-ac92-a31f-8280b3b1d3c9">
      <Execution id="5c82726a-1e89-40da-b947-e94cd72dbbb9" />
      <TestMethod codeBase="D:\actions-runner\_work\XPCO\XPCO\Corporate\CommonAPI\VideoOS.Management.Common.UnitTests\bin\Debug\net472\VideoOS.Management.Common.UnitTests.dll" adapterTypeName="executor://mstestadapter/v2" className="VideoOS.Management.Common.UnitTests.EventDefinitionTests" name="EventDefinition_ModifyWithNoStateGroup" />
    </UnitTest>
    <UnitTest name="TaskError_ToXml_No_ResourceId_Serialized_Correctly" storage="d:\actions-runner\_work\xpco\xpco\corporate\commonapi\videoos.management.common.unittests\bin\debug\net472\videoos.management.common.unittests.dll" id="882ea91f-28cc-5911-ff61-4a2331948ab9">
      <Execution id="60fec0ba-065d-4d24-941e-2f7fc765d6b8" />
      <TestMethod codeBase="D:\actions-runner\_work\XPCO\XPCO\Corporate\CommonAPI\VideoOS.Management.Common.UnitTests\bin\Debug\net472\VideoOS.Management.Common.UnitTests.dll" adapterTypeName="executor://mstestadapter/v2" className="VideoOS.Management.Common.UnitTests.TaskErrorUnitTests" name="TaskError_ToXml_No_ResourceId_Serialized_Correctly" />
    </UnitTest>
    <UnitTest name="GetPrivacyMaskFromXml_EmptyMask" storage="d:\actions-runner\_work\xpco\xpco\corporate\commonapi\videoos.management.common.unittests\bin\debug\net472\videoos.management.common.unittests.dll" id="e81c9e38-1dec-905f-b04d-4f60f0b1c384">
      <Execution id="6d74945b-9f9b-4c9c-91d2-654b1cc1ad0b" />
      <TestMethod codeBase="D:\actions-runner\_work\XPCO\XPCO\Corporate\CommonAPI\VideoOS.Management.Common.UnitTests\bin\Debug\net472\VideoOS.Management.Common.UnitTests.dll" adapterTypeName="executor://mstestadapter/v2" className="VideoOS.Management.Common.UnitTests.PrivacyMaskUnitTest" name="GetPrivacyMaskFromXml_EmptyMask" />
    </UnitTest>
    <UnitTest name="ConvertToInt_Success" storage="d:\actions-runner\_work\xpco\xpco\corporate\commonapi\videoos.management.common.unittests\bin\debug\net472\videoos.management.common.unittests.dll" id="90a4be35-e2c7-5c6a-ca3a-d9a55de74d5d">
      <Execution id="09790db1-1655-4b7b-9942-154a07ef35e6" />
      <TestMethod codeBase="D:\actions-runner\_work\XPCO\XPCO\Corporate\CommonAPI\VideoOS.Management.Common.UnitTests\bin\Debug\net472\VideoOS.Management.Common.UnitTests.dll" adapterTypeName="executor://mstestadapter/v2" className="VideoOS.Management.Server.UnitTests.BusinessObjects.DeviceMotionUtils.DetectionMethodUnitTests" name="ConvertToInt_Success" />
    </UnitTest>
    <UnitTest name="NestedPropertyHelper_TryGetNestedPropertyName_WhiteSpaceName_ArgumentException" storage="d:\actions-runner\_work\xpco\xpco\corporate\commonapi\videoos.management.common.unittests\bin\debug\net472\videoos.management.common.unittests.dll" id="1c1975ac-6c6e-3f5a-db59-5d2d82b44a36">
      <Execution id="dad6c622-5042-4ca5-9fa2-afa254c40ea0" />
      <TestMethod codeBase="D:\actions-runner\_work\XPCO\XPCO\Corporate\CommonAPI\VideoOS.Management.Common.UnitTests\bin\Debug\net472\VideoOS.Management.Common.UnitTests.dll" adapterTypeName="executor://mstestadapter/v2" className="VideoOS.Management.Common.UnitTests.NestedPropertyHelperTests" name="NestedPropertyHelper_TryGetNestedPropertyName_WhiteSpaceName_ArgumentException" />
    </UnitTest>
    <UnitTest name="ConvertToProcessTime_Success" storage="d:\actions-runner\_work\xpco\xpco\corporate\commonapi\videoos.management.common.unittests\bin\debug\net472\videoos.management.common.unittests.dll" id="4b6ad355-4290-ee92-30aa-744c6e4d08c5">
      <Execution id="e17bc6c4-d371-468d-8d08-ef0c76131b33" />
      <TestMethod codeBase="D:\actions-runner\_work\XPCO\XPCO\Corporate\CommonAPI\VideoOS.Management.Common.UnitTests\bin\Debug\net472\VideoOS.Management.Common.UnitTests.dll" adapterTypeName="executor://mstestadapter/v2" className="VideoOS.Management.Server.UnitTests.BusinessObjects.ProcessTimeUnitTests" name="ConvertToProcessTime_Success" />
    </UnitTest>
    <UnitTest name="EventDefinition_Modify" storage="d:\actions-runner\_work\xpco\xpco\corporate\commonapi\videoos.management.common.unittests\bin\debug\net472\videoos.management.common.unittests.dll" id="2d503272-f502-3299-cb48-8f88fbfb5332">
      <Execution id="c312be9f-ea2b-44b9-93b4-a499db9c203d" />
      <TestMethod codeBase="D:\actions-runner\_work\XPCO\XPCO\Corporate\CommonAPI\VideoOS.Management.Common.UnitTests\bin\Debug\net472\VideoOS.Management.Common.UnitTests.dll" adapterTypeName="executor://mstestadapter/v2" className="VideoOS.Management.Common.UnitTests.EventDefinitionTests" name="EventDefinition_Modify" />
    </UnitTest>
    <UnitTest name="NestedPropertyHelper_FormatNestedPropertyName_EmptyName_ArgumentException" storage="d:\actions-runner\_work\xpco\xpco\corporate\commonapi\videoos.management.common.unittests\bin\debug\net472\videoos.management.common.unittests.dll" id="4439bf50-4700-5306-fd95-c4df8561f625">
      <Execution id="bc557802-d360-40f5-bd7b-3f0350b1f443" />
      <TestMethod codeBase="D:\actions-runner\_work\XPCO\XPCO\Corporate\CommonAPI\VideoOS.Management.Common.UnitTests\bin\Debug\net472\VideoOS.Management.Common.UnitTests.dll" adapterTypeName="executor://mstestadapter/v2" className="VideoOS.Management.Common.UnitTests.NestedPropertyHelperTests" name="NestedPropertyHelper_FormatNestedPropertyName_EmptyName_ArgumentException" />
    </UnitTest>
    <UnitTest name="ConvertToInt_InvalidNumber_Default_Expected_Success" storage="d:\actions-runner\_work\xpco\xpco\corporate\commonapi\videoos.management.common.unittests\bin\debug\net472\videoos.management.common.unittests.dll" id="caece4eb-6f1c-24a4-7032-7e24377ac199">
      <Execution id="0d17389d-5a80-4cdc-a561-65a4fe3d8728" />
      <TestMethod codeBase="D:\actions-runner\_work\XPCO\XPCO\Corporate\CommonAPI\VideoOS.Management.Common.UnitTests\bin\Debug\net472\VideoOS.Management.Common.UnitTests.dll" adapterTypeName="executor://mstestadapter/v2" className="VideoOS.Management.Server.UnitTests.BusinessObjects.DeviceMotionUtils.DetectionMethodUnitTests" name="ConvertToInt_InvalidNumber_Default_Expected_Success" />
    </UnitTest>
    <UnitTest name="TrimAndRemoveControlCharsNull" storage="d:\actions-runner\_work\xpco\xpco\corporate\commonapi\videoos.management.common.unittests\bin\debug\net472\videoos.management.common.unittests.dll" id="8ec422b9-3ad1-d606-42b8-75e0ad25c07a">
      <Execution id="1e0e1585-61b0-4382-a4b4-cd359b56dc9f" />
      <TestMethod codeBase="D:\actions-runner\_work\XPCO\XPCO\Corporate\CommonAPI\VideoOS.Management.Common.UnitTests\bin\Debug\net472\VideoOS.Management.Common.UnitTests.dll" adapterTypeName="executor://mstestadapter/v2" className="VideoOS.Management.Common.UnitTests.ExtensionMethods.StringExtensionsTests" name="TrimAndRemoveControlCharsNull" />
    </UnitTest>
    <UnitTest name="IsGuidTestNull" storage="d:\actions-runner\_work\xpco\xpco\corporate\commonapi\videoos.management.common.unittests\bin\debug\net472\videoos.management.common.unittests.dll" id="6716d2ac-3134-42cf-ef61-ccb68c5e0d55">
      <Execution id="3e8e5f29-5d7f-4404-a560-e0bd4c8b72f8" />
      <TestMethod codeBase="D:\actions-runner\_work\XPCO\XPCO\Corporate\CommonAPI\VideoOS.Management.Common.UnitTests\bin\Debug\net472\VideoOS.Management.Common.UnitTests.dll" adapterTypeName="executor://mstestadapter/v2" className="VideoOS.Management.Common.UnitTests.ExtensionMethods.StringExtensionsTests" name="IsGuidTestNull" />
    </UnitTest>
    <UnitTest name="DeviceTypeInfo_IsRecordingDevice_Success" storage="d:\actions-runner\_work\xpco\xpco\corporate\commonapi\videoos.management.common.unittests\bin\debug\net472\videoos.management.common.unittests.dll" id="3dab1d5a-b2e4-fb94-b594-593da7066a3a">
      <Execution id="34517795-dcc8-4815-8832-66fb1935a469" />
      <TestMethod codeBase="D:\actions-runner\_work\XPCO\XPCO\Corporate\CommonAPI\VideoOS.Management.Common.UnitTests\bin\Debug\net472\VideoOS.Management.Common.UnitTests.dll" adapterTypeName="executor://mstestadapter/v2" className="VideoOS.Management.Common.UnitTests.DeviceTypeInfoUnitTests" name="DeviceTypeInfo_IsRecordingDevice_Success" />
    </UnitTest>
    <UnitTest name="ConvertToDetectionMethod_InvalidNumber_Default_Expected_Success" storage="d:\actions-runner\_work\xpco\xpco\corporate\commonapi\videoos.management.common.unittests\bin\debug\net472\videoos.management.common.unittests.dll" id="67473bc5-32ce-aabc-ce4f-fee6a8a0a8cf">
      <Execution id="bd77965b-58fa-4596-a99d-a11b4a313427" />
      <TestMethod codeBase="D:\actions-runner\_work\XPCO\XPCO\Corporate\CommonAPI\VideoOS.Management.Common.UnitTests\bin\Debug\net472\VideoOS.Management.Common.UnitTests.dll" adapterTypeName="executor://mstestadapter/v2" className="VideoOS.Management.Server.UnitTests.BusinessObjects.DeviceMotionUtils.DetectionMethodUnitTests" name="ConvertToDetectionMethod_InvalidNumber_Default_Expected_Success" />
    </UnitTest>
    <UnitTest name="CorporateProductCodes_GetProductCodes_NullInput_ThrowsException" storage="d:\actions-runner\_work\xpco\xpco\corporate\commonapi\videoos.management.common.unittests\bin\debug\net472\videoos.management.common.unittests.dll" id="76e675ce-aeb7-2988-0cf9-b0a9546b75af">
      <Execution id="053e0c88-e3f8-4065-8c89-551879fbe355" />
      <TestMethod codeBase="D:\actions-runner\_work\XPCO\XPCO\Corporate\CommonAPI\VideoOS.Management.Common.UnitTests\bin\Debug\net472\VideoOS.Management.Common.UnitTests.dll" adapterTypeName="executor://mstestadapter/v2" className="VideoOS.Management.Common.UnitTests.CorporateProductCodesTests" name="CorporateProductCodes_GetProductCodes_NullInput_ThrowsException" />
    </UnitTest>
    <UnitTest name="ServerCredentialsUnitTests_GetFromXml_Success" storage="d:\actions-runner\_work\xpco\xpco\corporate\commonapi\videoos.management.common.unittests\bin\debug\net472\videoos.management.common.unittests.dll" id="b075a10e-5ca1-f9d5-f244-1272d3fa58ee">
      <Execution id="1cb17bfa-be85-43b2-a57d-06ddf2dcd56a" />
      <TestMethod codeBase="D:\actions-runner\_work\XPCO\XPCO\Corporate\CommonAPI\VideoOS.Management.Common.UnitTests\bin\Debug\net472\VideoOS.Management.Common.UnitTests.dll" adapterTypeName="executor://mstestadapter/v2" className="VideoOS.Management.Common.UnitTests.ServerCredentialsUnitTests" name="ServerCredentialsUnitTests_GetFromXml_Success" />
    </UnitTest>
    <UnitTest name="NestedPropertyHelper_TryGetNestedPropertyName_EmptyName_ArgumentException" storage="d:\actions-runner\_work\xpco\xpco\corporate\commonapi\videoos.management.common.unittests\bin\debug\net472\videoos.management.common.unittests.dll" id="4ee3af75-3d32-4ea8-063b-f4bba50bf321">
      <Execution id="4170d7a9-5e03-410e-b1e4-5491421aeae2" />
      <TestMethod codeBase="D:\actions-runner\_work\XPCO\XPCO\Corporate\CommonAPI\VideoOS.Management.Common.UnitTests\bin\Debug\net472\VideoOS.Management.Common.UnitTests.dll" adapterTypeName="executor://mstestadapter/v2" className="VideoOS.Management.Common.UnitTests.NestedPropertyHelperTests" name="NestedPropertyHelper_TryGetNestedPropertyName_EmptyName_ArgumentException" />
    </UnitTest>
    <UnitTest name="ConvertTwoDimensionalIndexesToOneDimensional_Y_Is_Larger_Than_Dimension" storage="d:\actions-runner\_work\xpco\xpco\corporate\commonapi\videoos.management.common.unittests\bin\debug\net472\videoos.management.common.unittests.dll" id="1655a58f-82cd-dfaa-f818-6210834795ce">
      <Execution id="c14eca46-2695-42ae-ac53-81d9aa2c2b33" />
      <TestMethod codeBase="D:\actions-runner\_work\XPCO\XPCO\Corporate\CommonAPI\VideoOS.Management.Common.UnitTests\bin\Debug\net472\VideoOS.Management.Common.UnitTests.dll" adapterTypeName="executor://mstestadapter/v2" className="VideoOS.Management.Common.UnitTests.GridUtilityUnitTests" name="ConvertTwoDimensionalIndexesToOneDimensional_Y_Is_Larger_Than_Dimension" />
    </UnitTest>
    <UnitTest name="SetPrivacyMaskMultipleCells" storage="d:\actions-runner\_work\xpco\xpco\corporate\commonapi\videoos.management.common.unittests\bin\debug\net472\videoos.management.common.unittests.dll" id="0c573ef2-cc3a-5c08-ff6f-cbf662d6d6f2">
      <Execution id="67975628-0dde-4ac9-b0b0-d0d92f44e5a4" />
      <TestMethod codeBase="D:\actions-runner\_work\XPCO\XPCO\Corporate\CommonAPI\VideoOS.Management.Common.UnitTests\bin\Debug\net472\VideoOS.Management.Common.UnitTests.dll" adapterTypeName="executor://mstestadapter/v2" className="VideoOS.Management.Common.UnitTests.PrivacyMaskUnitTest" name="SetPrivacyMaskMultipleCells" />
    </UnitTest>
    <UnitTest name="ConvertTwoDimensionalIndexesToOneDimensional_X_Is_Larger_Than_Dimension" storage="d:\actions-runner\_work\xpco\xpco\corporate\commonapi\videoos.management.common.unittests\bin\debug\net472\videoos.management.common.unittests.dll" id="a0663979-f3fe-02fe-cfb5-57e444822a55">
      <Execution id="09c93698-742b-41d2-95b2-b296a3d4da81" />
      <TestMethod codeBase="D:\actions-runner\_work\XPCO\XPCO\Corporate\CommonAPI\VideoOS.Management.Common.UnitTests\bin\Debug\net472\VideoOS.Management.Common.UnitTests.dll" adapterTypeName="executor://mstestadapter/v2" className="VideoOS.Management.Common.UnitTests.GridUtilityUnitTests" name="ConvertTwoDimensionalIndexesToOneDimensional_X_Is_Larger_Than_Dimension" />
    </UnitTest>
    <UnitTest name="ConvertToInt_InvalidNumber_Default_Expected_Success" storage="d:\actions-runner\_work\xpco\xpco\corporate\commonapi\videoos.management.common.unittests\bin\debug\net472\videoos.management.common.unittests.dll" id="55900663-5ffb-ae1b-f271-79db886ed37b">
      <Execution id="1340d2ee-440b-4e77-8fad-cc4babab3b33" />
      <TestMethod codeBase="D:\actions-runner\_work\XPCO\XPCO\Corporate\CommonAPI\VideoOS.Management.Common.UnitTests\bin\Debug\net472\VideoOS.Management.Common.UnitTests.dll" adapterTypeName="executor://mstestadapter/v2" className="VideoOS.Management.Common.UnitTests.HardwareAccelerationModeUnitTests" name="ConvertToInt_InvalidNumber_Default_Expected_Success" />
    </UnitTest>
    <UnitTest name="ConvertToInt_InvalidNumber_Default_Expected_Success" storage="d:\actions-runner\_work\xpco\xpco\corporate\commonapi\videoos.management.common.unittests\bin\debug\net472\videoos.management.common.unittests.dll" id="069f80b7-68ce-0dbf-49a9-88037b3210bc">
      <Execution id="83853fb6-692d-4c2e-bf66-589aad18c300" />
      <TestMethod codeBase="D:\actions-runner\_work\XPCO\XPCO\Corporate\CommonAPI\VideoOS.Management.Common.UnitTests\bin\Debug\net472\VideoOS.Management.Common.UnitTests.dll" adapterTypeName="executor://mstestadapter/v2" className="VideoOS.Management.Server.UnitTests.BusinessObjects.ProcessTimeUnitTests" name="ConvertToInt_InvalidNumber_Default_Expected_Success" />
    </UnitTest>
    <UnitTest name="ConvertToDetectionMethod_Success" storage="d:\actions-runner\_work\xpco\xpco\corporate\commonapi\videoos.management.common.unittests\bin\debug\net472\videoos.management.common.unittests.dll" id="2d5cd7fa-cf05-f590-40f1-040770f81bef">
      <Execution id="57b0970c-6752-4a72-8058-f40396f82c7e" />
      <TestMethod codeBase="D:\actions-runner\_work\XPCO\XPCO\Corporate\CommonAPI\VideoOS.Management.Common.UnitTests\bin\Debug\net472\VideoOS.Management.Common.UnitTests.dll" adapterTypeName="executor://mstestadapter/v2" className="VideoOS.Management.Server.UnitTests.BusinessObjects.DeviceMotionUtils.DetectionMethodUnitTests" name="ConvertToDetectionMethod_Success" />
    </UnitTest>
    <UnitTest name="ServerCredentialsUnitTests_GetFromXml_Null_Success" storage="d:\actions-runner\_work\xpco\xpco\corporate\commonapi\videoos.management.common.unittests\bin\debug\net472\videoos.management.common.unittests.dll" id="8566c2b2-0527-0103-e53d-0a91dfbc88d2">
      <Execution id="1d0b584e-d5b4-41fc-a803-bda8bbb0e80f" />
      <TestMethod codeBase="D:\actions-runner\_work\XPCO\XPCO\Corporate\CommonAPI\VideoOS.Management.Common.UnitTests\bin\Debug\net472\VideoOS.Management.Common.UnitTests.dll" adapterTypeName="executor://mstestadapter/v2" className="VideoOS.Management.Common.UnitTests.ServerCredentialsUnitTests" name="ServerCredentialsUnitTests_GetFromXml_Null_Success" />
    </UnitTest>
    <UnitTest name="GetPrivacyMaskAsXml" storage="d:\actions-runner\_work\xpco\xpco\corporate\commonapi\videoos.management.common.unittests\bin\debug\net472\videoos.management.common.unittests.dll" id="6ce9f66b-c97b-b76c-15d7-ec42fc5d4e16">
      <Execution id="a61904f2-d8cb-411f-8d1b-a8603b59439c" />
      <TestMethod codeBase="D:\actions-runner\_work\XPCO\XPCO\Corporate\CommonAPI\VideoOS.Management.Common.UnitTests\bin\Debug\net472\VideoOS.Management.Common.UnitTests.dll" adapterTypeName="executor://mstestadapter/v2" className="VideoOS.Management.Common.UnitTests.PrivacyMaskUnitTest" name="GetPrivacyMaskAsXml" />
    </UnitTest>
    <UnitTest name="GetPrivacyMaskFromXml_NullXmlTest" storage="d:\actions-runner\_work\xpco\xpco\corporate\commonapi\videoos.management.common.unittests\bin\debug\net472\videoos.management.common.unittests.dll" id="03623595-5184-255e-bb44-f5ffce862897">
      <Execution id="a6d27bc1-1dad-43a7-9b93-0df4a6b6b2c7" />
      <TestMethod codeBase="D:\actions-runner\_work\XPCO\XPCO\Corporate\CommonAPI\VideoOS.Management.Common.UnitTests\bin\Debug\net472\VideoOS.Management.Common.UnitTests.dll" adapterTypeName="executor://mstestadapter/v2" className="VideoOS.Management.Common.UnitTests.PrivacyMaskUnitTest" name="GetPrivacyMaskFromXml_NullXmlTest" />
    </UnitTest>
    <UnitTest name="ConvertToGridSize_InvalidNumber_Default_Expected_Success" storage="d:\actions-runner\_work\xpco\xpco\corporate\commonapi\videoos.management.common.unittests\bin\debug\net472\videoos.management.common.unittests.dll" id="0090badb-9d50-b7b1-4ee4-1a42dc925e0c">
      <Execution id="1c3ca568-f90b-42b2-8a47-826060d77a51" />
      <TestMethod codeBase="D:\actions-runner\_work\XPCO\XPCO\Corporate\CommonAPI\VideoOS.Management.Common.UnitTests\bin\Debug\net472\VideoOS.Management.Common.UnitTests.dll" adapterTypeName="executor://mstestadapter/v2" className="VideoOS.Management.Common.UnitTests.BusinessObjects.DeviceMotionUtils.GridSizeUnitTests" name="ConvertToGridSize_InvalidNumber_Default_Expected_Success" />
    </UnitTest>
    <UnitTest name="ServerCredentialsUnitTests_GetAsXml_ServerCameraCredentialArray_ArgumentNull" storage="d:\actions-runner\_work\xpco\xpco\corporate\commonapi\videoos.management.common.unittests\bin\debug\net472\videoos.management.common.unittests.dll" id="6453653b-0163-a699-39b7-69fa5bbd12b8">
      <Execution id="444ebed2-ffea-4d27-bc82-abb3db7504f8" />
      <TestMethod codeBase="D:\actions-runner\_work\XPCO\XPCO\Corporate\CommonAPI\VideoOS.Management.Common.UnitTests\bin\Debug\net472\VideoOS.Management.Common.UnitTests.dll" adapterTypeName="executor://mstestadapter/v2" className="VideoOS.Management.Common.UnitTests.ServerCredentialsUnitTests" name="ServerCredentialsUnitTests_GetAsXml_ServerCameraCredentialArray_ArgumentNull" />
    </UnitTest>
    <UnitTest name="NestedPropertyHelper_IsNestedPropertyName_Success" storage="d:\actions-runner\_work\xpco\xpco\corporate\commonapi\videoos.management.common.unittests\bin\debug\net472\videoos.management.common.unittests.dll" id="d0d055c1-2827-c9f5-2cea-7262b30681b5">
      <Execution id="3bd1b7cf-5ad1-4307-abf4-92d8f69169fe" />
      <TestMethod codeBase="D:\actions-runner\_work\XPCO\XPCO\Corporate\CommonAPI\VideoOS.Management.Common.UnitTests\bin\Debug\net472\VideoOS.Management.Common.UnitTests.dll" adapterTypeName="executor://mstestadapter/v2" className="VideoOS.Management.Common.UnitTests.NestedPropertyHelperTests" name="NestedPropertyHelper_IsNestedPropertyName_Success" />
    </UnitTest>
    <UnitTest name="ToGuidFailed" storage="d:\actions-runner\_work\xpco\xpco\corporate\commonapi\videoos.management.common.unittests\bin\debug\net472\videoos.management.common.unittests.dll" id="5daf3a73-fd93-3c8b-0382-76d7d7b33fc9">
      <Execution id="2b1ef4c7-0a50-4f66-8060-a968dbeddf52" />
      <TestMethod codeBase="D:\actions-runner\_work\XPCO\XPCO\Corporate\CommonAPI\VideoOS.Management.Common.UnitTests\bin\Debug\net472\VideoOS.Management.Common.UnitTests.dll" adapterTypeName="executor://mstestadapter/v2" className="VideoOS.Management.Common.UnitTests.ExtensionMethods.StringExtensionsTests" name="ToGuidFailed" />
    </UnitTest>
    <UnitTest name="TryParseFailed" storage="d:\actions-runner\_work\xpco\xpco\corporate\commonapi\videoos.management.common.unittests\bin\debug\net472\videoos.management.common.unittests.dll" id="4c13ce60-5293-4111-36b5-e35224527878">
      <Execution id="024d36bc-3347-4c84-b0da-1c5dff10e04f" />
      <TestMethod codeBase="D:\actions-runner\_work\XPCO\XPCO\Corporate\CommonAPI\VideoOS.Management.Common.UnitTests\bin\Debug\net472\VideoOS.Management.Common.UnitTests.dll" adapterTypeName="executor://mstestadapter/v2" className="VideoOS.Management.Common.UnitTests.ExtensionMethods.StringExtensionsTests" name="TryParseFailed" />
    </UnitTest>
    <UnitTest name="GetPrivacyMaskFromXml_UnknownMethodIdTest" storage="d:\actions-runner\_work\xpco\xpco\corporate\commonapi\videoos.management.common.unittests\bin\debug\net472\videoos.management.common.unittests.dll" id="37dcfbb4-93cd-3d47-6264-adcf2814bf97">
      <Execution id="a2d6d04d-df9d-4653-945f-3fb30a42624d" />
      <TestMethod codeBase="D:\actions-runner\_work\XPCO\XPCO\Corporate\CommonAPI\VideoOS.Management.Common.UnitTests\bin\Debug\net472\VideoOS.Management.Common.UnitTests.dll" adapterTypeName="executor://mstestadapter/v2" className="VideoOS.Management.Common.UnitTests.PrivacyMaskUnitTest" name="GetPrivacyMaskFromXml_UnknownMethodIdTest" />
    </UnitTest>
    <UnitTest name="SetGridSize_initialize_Is_Null_Exception_Expected" storage="d:\actions-runner\_work\xpco\xpco\corporate\commonapi\videoos.management.common.unittests\bin\debug\net472\videoos.management.common.unittests.dll" id="5744899b-250c-f37f-a63c-d158648a0e52">
      <Execution id="d5cee71a-9162-47f9-9c30-ebed0a053283" />
      <TestMethod codeBase="D:\actions-runner\_work\XPCO\XPCO\Corporate\CommonAPI\VideoOS.Management.Common.UnitTests\bin\Debug\net472\VideoOS.Management.Common.UnitTests.dll" adapterTypeName="executor://mstestadapter/v2" className="VideoOS.Management.Common.UnitTests.BusinessObjects.DeviceMotionUtils.GridSizeUnitTests" name="SetGridSize_initialize_Is_Null_Exception_Expected" />
    </UnitTest>
    <UnitTest name="ToGuidTestSuccess" storage="d:\actions-runner\_work\xpco\xpco\corporate\commonapi\videoos.management.common.unittests\bin\debug\net472\videoos.management.common.unittests.dll" id="e143ad55-be30-be27-2198-bf27999b462d">
      <Execution id="1acd9f69-17ae-4849-88b3-095ce0dde2a3" />
      <TestMethod codeBase="D:\actions-runner\_work\XPCO\XPCO\Corporate\CommonAPI\VideoOS.Management.Common.UnitTests\bin\Debug\net472\VideoOS.Management.Common.UnitTests.dll" adapterTypeName="executor://mstestadapter/v2" className="VideoOS.Management.Common.UnitTests.ExtensionMethods.StringExtensionsTests" name="ToGuidTestSuccess" />
    </UnitTest>
    <UnitTest name="TaskWarning_FromXml_Can_Read_Initial_Format" storage="d:\actions-runner\_work\xpco\xpco\corporate\commonapi\videoos.management.common.unittests\bin\debug\net472\videoos.management.common.unittests.dll" id="38778c86-8f06-c771-6326-084dcf9e7ce7">
      <Execution id="6450c046-b25d-451f-b3ae-c19d9728e448" />
      <TestMethod codeBase="D:\actions-runner\_work\XPCO\XPCO\Corporate\CommonAPI\VideoOS.Management.Common.UnitTests\bin\Debug\net472\VideoOS.Management.Common.UnitTests.dll" adapterTypeName="executor://mstestadapter/v2" className="VideoOS.Management.Common.UnitTests.TaskWarningUnitTests" name="TaskWarning_FromXml_Can_Read_Initial_Format" />
    </UnitTest>
    <UnitTest name="NestedPropertyHelper_IsNestedPropertyName_WhiteSpaceName_ArgumentException" storage="d:\actions-runner\_work\xpco\xpco\corporate\commonapi\videoos.management.common.unittests\bin\debug\net472\videoos.management.common.unittests.dll" id="d4d350d3-c8d0-e20b-a69c-867669933688">
      <Execution id="5da47a1a-843d-497e-919d-82e23a07b8fb" />
      <TestMethod codeBase="D:\actions-runner\_work\XPCO\XPCO\Corporate\CommonAPI\VideoOS.Management.Common.UnitTests\bin\Debug\net472\VideoOS.Management.Common.UnitTests.dll" adapterTypeName="executor://mstestadapter/v2" className="VideoOS.Management.Common.UnitTests.NestedPropertyHelperTests" name="NestedPropertyHelper_IsNestedPropertyName_WhiteSpaceName_ArgumentException" />
    </UnitTest>
    <UnitTest name="ServerCredentialsUnitTests_GetAsXml_ServerCameraCredentials_ArgumentNull" storage="d:\actions-runner\_work\xpco\xpco\corporate\commonapi\videoos.management.common.unittests\bin\debug\net472\videoos.management.common.unittests.dll" id="793f10c3-77a8-a120-88a6-cc1dfcbad8a7">
      <Execution id="a57a9ceb-aeb2-432d-8f40-42ffdc78eae8" />
      <TestMethod codeBase="D:\actions-runner\_work\XPCO\XPCO\Corporate\CommonAPI\VideoOS.Management.Common.UnitTests\bin\Debug\net472\VideoOS.Management.Common.UnitTests.dll" adapterTypeName="executor://mstestadapter/v2" className="VideoOS.Management.Common.UnitTests.ServerCredentialsUnitTests" name="ServerCredentialsUnitTests_GetAsXml_ServerCameraCredentials_ArgumentNull" />
    </UnitTest>
    <UnitTest name="GetPrivacyMaskFromXml_DuplicateMethodIdsTest" storage="d:\actions-runner\_work\xpco\xpco\corporate\commonapi\videoos.management.common.unittests\bin\debug\net472\videoos.management.common.unittests.dll" id="1ad8a57f-1901-4fc6-6171-3b9a718512cd">
      <Execution id="9f3b224a-b982-4486-a050-8bfd12bf44be" />
      <TestMethod codeBase="D:\actions-runner\_work\XPCO\XPCO\Corporate\CommonAPI\VideoOS.Management.Common.UnitTests\bin\Debug\net472\VideoOS.Management.Common.UnitTests.dll" adapterTypeName="executor://mstestadapter/v2" className="VideoOS.Management.Common.UnitTests.PrivacyMaskUnitTest" name="GetPrivacyMaskFromXml_DuplicateMethodIdsTest" />
    </UnitTest>
    <UnitTest name="CorporateProductCodes_GetProductCodes_UnknownProductCode" storage="d:\actions-runner\_work\xpco\xpco\corporate\commonapi\videoos.management.common.unittests\bin\debug\net472\videoos.management.common.unittests.dll" id="de38ffcb-9efb-c16b-04bb-70b26e4003fa">
      <Execution id="38039c86-dc59-4273-80b1-2a9937666604" />
      <TestMethod codeBase="D:\actions-runner\_work\XPCO\XPCO\Corporate\CommonAPI\VideoOS.Management.Common.UnitTests\bin\Debug\net472\VideoOS.Management.Common.UnitTests.dll" adapterTypeName="executor://mstestadapter/v2" className="VideoOS.Management.Common.UnitTests.CorporateProductCodesTests" name="CorporateProductCodes_GetProductCodes_UnknownProductCode" />
    </UnitTest>
    <UnitTest name="CalculateGridLength_Success" storage="d:\actions-runner\_work\xpco\xpco\corporate\commonapi\videoos.management.common.unittests\bin\debug\net472\videoos.management.common.unittests.dll" id="769e77f8-1c20-6f74-1e65-1d738cf9bb80">
      <Execution id="3dcf970c-fd53-45c9-86c0-0d131207d691" />
      <TestMethod codeBase="D:\actions-runner\_work\XPCO\XPCO\Corporate\CommonAPI\VideoOS.Management.Common.UnitTests\bin\Debug\net472\VideoOS.Management.Common.UnitTests.dll" adapterTypeName="executor://mstestadapter/v2" className="VideoOS.Management.Common.UnitTests.BusinessObjects.DeviceMotionUtils.GridSizeUnitTests" name="CalculateGridLength_Success" />
    </UnitTest>
    <UnitTest name="IsGuidTestFailed" storage="d:\actions-runner\_work\xpco\xpco\corporate\commonapi\videoos.management.common.unittests\bin\debug\net472\videoos.management.common.unittests.dll" id="20ac15c7-89b3-c614-b606-49d377992b00">
      <Execution id="05231194-ff4f-4c3d-b20d-523fef2ba008" />
      <TestMethod codeBase="D:\actions-runner\_work\XPCO\XPCO\Corporate\CommonAPI\VideoOS.Management.Common.UnitTests\bin\Debug\net472\VideoOS.Management.Common.UnitTests.dll" adapterTypeName="executor://mstestadapter/v2" className="VideoOS.Management.Common.UnitTests.ExtensionMethods.StringExtensionsTests" name="IsGuidTestFailed" />
    </UnitTest>
    <UnitTest name="RemoveControlCharsTestNull" storage="d:\actions-runner\_work\xpco\xpco\corporate\commonapi\videoos.management.common.unittests\bin\debug\net472\videoos.management.common.unittests.dll" id="bca42966-9fbb-5c1c-b1e2-945c838a37e2">
      <Execution id="18b08c98-6ee7-4278-a593-d3ed5848de81" />
      <TestMethod codeBase="D:\actions-runner\_work\XPCO\XPCO\Corporate\CommonAPI\VideoOS.Management.Common.UnitTests\bin\Debug\net472\VideoOS.Management.Common.UnitTests.dll" adapterTypeName="executor://mstestadapter/v2" className="VideoOS.Management.Common.UnitTests.ExtensionMethods.StringExtensionsTests" name="RemoveControlCharsTestNull" />
    </UnitTest>
    <UnitTest name="IsGuidTestSuccess" storage="d:\actions-runner\_work\xpco\xpco\corporate\commonapi\videoos.management.common.unittests\bin\debug\net472\videoos.management.common.unittests.dll" id="fba0f473-7041-e30a-c5d2-9ca9407b0bf6">
      <Execution id="a0590f64-f772-4dcf-af1c-74cb708f02ef" />
      <TestMethod codeBase="D:\actions-runner\_work\XPCO\XPCO\Corporate\CommonAPI\VideoOS.Management.Common.UnitTests\bin\Debug\net472\VideoOS.Management.Common.UnitTests.dll" adapterTypeName="executor://mstestadapter/v2" className="VideoOS.Management.Common.UnitTests.ExtensionMethods.StringExtensionsTests" name="IsGuidTestSuccess" />
    </UnitTest>
    <UnitTest name="EventDefinition_XMLConstruct" storage="d:\actions-runner\_work\xpco\xpco\corporate\commonapi\videoos.management.common.unittests\bin\debug\net472\videoos.management.common.unittests.dll" id="1919d23e-6873-4d53-05b5-96ba71f62e0f">
      <Execution id="967d64b9-2ddb-47cc-a9d2-e5f15702b443" />
      <TestMethod codeBase="D:\actions-runner\_work\XPCO\XPCO\Corporate\CommonAPI\VideoOS.Management.Common.UnitTests\bin\Debug\net472\VideoOS.Management.Common.UnitTests.dll" adapterTypeName="executor://mstestadapter/v2" className="VideoOS.Management.Common.UnitTests.EventDefinitionTests" name="EventDefinition_XMLConstruct" />
    </UnitTest>
    <UnitTest name="SetGridSize_increaseNumberOfCells_Is_Null_Exception_Expected" storage="d:\actions-runner\_work\xpco\xpco\corporate\commonapi\videoos.management.common.unittests\bin\debug\net472\videoos.management.common.unittests.dll" id="1f87df04-703b-f6b4-3a53-f81d5fc16c67">
      <Execution id="828b2543-8342-446f-8730-5feacd680d85" />
      <TestMethod codeBase="D:\actions-runner\_work\XPCO\XPCO\Corporate\CommonAPI\VideoOS.Management.Common.UnitTests\bin\Debug\net472\VideoOS.Management.Common.UnitTests.dll" adapterTypeName="executor://mstestadapter/v2" className="VideoOS.Management.Common.UnitTests.BusinessObjects.DeviceMotionUtils.GridSizeUnitTests" name="SetGridSize_increaseNumberOfCells_Is_Null_Exception_Expected" />
    </UnitTest>
    <UnitTest name="RemovePrivacyMaskCell" storage="d:\actions-runner\_work\xpco\xpco\corporate\commonapi\videoos.management.common.unittests\bin\debug\net472\videoos.management.common.unittests.dll" id="4339f1c0-e66e-ce84-7db2-5484001bba6c">
      <Execution id="b648b03f-d2da-4d51-9955-7e4ce1702a68" />
      <TestMethod codeBase="D:\actions-runner\_work\XPCO\XPCO\Corporate\CommonAPI\VideoOS.Management.Common.UnitTests\bin\Debug\net472\VideoOS.Management.Common.UnitTests.dll" adapterTypeName="executor://mstestadapter/v2" className="VideoOS.Management.Common.UnitTests.PrivacyMaskUnitTest" name="RemovePrivacyMaskCell" />
    </UnitTest>
    <UnitTest name="TrimAndRemoveControlCharsKeepWhitespaceCharsNull" storage="d:\actions-runner\_work\xpco\xpco\corporate\commonapi\videoos.management.common.unittests\bin\debug\net472\videoos.management.common.unittests.dll" id="3ad2726a-8824-88f7-1608-59e26678827a">
      <Execution id="1cae1996-cb43-4c1c-ac87-a3d02e5fde64" />
      <TestMethod codeBase="D:\actions-runner\_work\XPCO\XPCO\Corporate\CommonAPI\VideoOS.Management.Common.UnitTests\bin\Debug\net472\VideoOS.Management.Common.UnitTests.dll" adapterTypeName="executor://mstestadapter/v2" className="VideoOS.Management.Common.UnitTests.ExtensionMethods.StringExtensionsTests" name="TrimAndRemoveControlCharsKeepWhitespaceCharsNull" />
    </UnitTest>
    <UnitTest name="ServerCredentialsUnitTests_GetAsXml_ServerCameraCredentialArray_Success" storage="d:\actions-runner\_work\xpco\xpco\corporate\commonapi\videoos.management.common.unittests\bin\debug\net472\videoos.management.common.unittests.dll" id="1127995a-f652-d9c5-d666-e4480805eaa4">
      <Execution id="a0106081-c6f5-49df-be58-69b9b5608bb5" />
      <TestMethod codeBase="D:\actions-runner\_work\XPCO\XPCO\Corporate\CommonAPI\VideoOS.Management.Common.UnitTests\bin\Debug\net472\VideoOS.Management.Common.UnitTests.dll" adapterTypeName="executor://mstestadapter/v2" className="VideoOS.Management.Common.UnitTests.ServerCredentialsUnitTests" name="ServerCredentialsUnitTests_GetAsXml_ServerCameraCredentialArray_Success" />
    </UnitTest>
    <UnitTest name="NestedPropertyHelper_FormatNestedPropertyName_NameStartsWithDollar_ArgumentException" storage="d:\actions-runner\_work\xpco\xpco\corporate\commonapi\videoos.management.common.unittests\bin\debug\net472\videoos.management.common.unittests.dll" id="421a56de-5d17-1327-8557-9949a751924e">
      <Execution id="fc1c5298-ec8c-4435-a5b3-c10fde96a978" />
      <TestMethod codeBase="D:\actions-runner\_work\XPCO\XPCO\Corporate\CommonAPI\VideoOS.Management.Common.UnitTests\bin\Debug\net472\VideoOS.Management.Common.UnitTests.dll" adapterTypeName="executor://mstestadapter/v2" className="VideoOS.Management.Common.UnitTests.NestedPropertyHelperTests" name="NestedPropertyHelper_FormatNestedPropertyName_NameStartsWithDollar_ArgumentException" />
    </UnitTest>
    <UnitTest name="MoveHardwareTaskResult_Serialization_No_Warnings_Success" storage="d:\actions-runner\_work\xpco\xpco\corporate\commonapi\videoos.management.common.unittests\bin\debug\net472\videoos.management.common.unittests.dll" id="8815b8fc-a38c-3954-d8a0-8fcab25a9731">
      <Execution id="ecbc1796-8a3b-4544-a95c-dc606b7895f4" />
      <TestMethod codeBase="D:\actions-runner\_work\XPCO\XPCO\Corporate\CommonAPI\VideoOS.Management.Common.UnitTests\bin\Debug\net472\VideoOS.Management.Common.UnitTests.dll" adapterTypeName="executor://mstestadapter/v2" className="VideoOS.Management.Common.UnitTests.MoveHardwareTaskResultUnitTests" name="MoveHardwareTaskResult_Serialization_No_Warnings_Success" />
    </UnitTest>
    <UnitTest name="SetGridSize_GridSize16x16_Same_Size_As_Original_Success" storage="d:\actions-runner\_work\xpco\xpco\corporate\commonapi\videoos.management.common.unittests\bin\debug\net472\videoos.management.common.unittests.dll" id="b4de2156-c43e-124d-28a2-1199362f1247">
      <Execution id="86eb9661-0872-4ee2-9948-dcdc7497a0ee" />
      <TestMethod codeBase="D:\actions-runner\_work\XPCO\XPCO\Corporate\CommonAPI\VideoOS.Management.Common.UnitTests\bin\Debug\net472\VideoOS.Management.Common.UnitTests.dll" adapterTypeName="executor://mstestadapter/v2" className="VideoOS.Management.Common.UnitTests.BusinessObjects.DeviceMotionUtils.GridSizeUnitTests" name="SetGridSize_GridSize16x16_Same_Size_As_Original_Success" />
    </UnitTest>
    <UnitTest name="DeviceTypeInfo_IsRecordingDevice_SupportAllTypes" storage="d:\actions-runner\_work\xpco\xpco\corporate\commonapi\videoos.management.common.unittests\bin\debug\net472\videoos.management.common.unittests.dll" id="649332c7-9fa8-fdfd-3094-2331860467a3">
      <Execution id="a44eb675-b5f5-40ed-9672-7409c359a1e3" />
      <TestMethod codeBase="D:\actions-runner\_work\XPCO\XPCO\Corporate\CommonAPI\VideoOS.Management.Common.UnitTests\bin\Debug\net472\VideoOS.Management.Common.UnitTests.dll" adapterTypeName="executor://mstestadapter/v2" className="VideoOS.Management.Common.UnitTests.DeviceTypeInfoUnitTests" name="DeviceTypeInfo_IsRecordingDevice_SupportAllTypes" />
    </UnitTest>
    <UnitTest name="ConvertFromInt_InvalidNumber_Default_Expected_Success" storage="d:\actions-runner\_work\xpco\xpco\corporate\commonapi\videoos.management.common.unittests\bin\debug\net472\videoos.management.common.unittests.dll" id="e35d706a-8fcd-efc0-bddf-81787e2532c8">
      <Execution id="f3dd37a0-78b1-4547-b365-249e3406ebd2" />
      <TestMethod codeBase="D:\actions-runner\_work\XPCO\XPCO\Corporate\CommonAPI\VideoOS.Management.Common.UnitTests\bin\Debug\net472\VideoOS.Management.Common.UnitTests.dll" adapterTypeName="executor://mstestadapter/v2" className="VideoOS.Management.Common.UnitTests.HardwareAccelerationModeUnitTests" name="ConvertFromInt_InvalidNumber_Default_Expected_Success" />
    </UnitTest>
    <UnitTest name="ConvertToInt_Success" storage="d:\actions-runner\_work\xpco\xpco\corporate\commonapi\videoos.management.common.unittests\bin\debug\net472\videoos.management.common.unittests.dll" id="14af5cfa-37a4-319b-6e36-d994dc5d5968">
      <Execution id="f3178e95-4d79-4668-84d9-7766079c58d8" />
      <TestMethod codeBase="D:\actions-runner\_work\XPCO\XPCO\Corporate\CommonAPI\VideoOS.Management.Common.UnitTests\bin\Debug\net472\VideoOS.Management.Common.UnitTests.dll" adapterTypeName="executor://mstestadapter/v2" className="VideoOS.Management.Common.UnitTests.HardwareAccelerationModeUnitTests" name="ConvertToInt_Success" />
    </UnitTest>
    <UnitTest name="NestedPropertyHelper_FormatNestedPropertyName_Success" storage="d:\actions-runner\_work\xpco\xpco\corporate\commonapi\videoos.management.common.unittests\bin\debug\net472\videoos.management.common.unittests.dll" id="7c89820e-a98d-4b51-2cef-8b3953fcebd5">
      <Execution id="c64a7bfa-1a17-4e4a-9326-0c9674d2cab9" />
      <TestMethod codeBase="D:\actions-runner\_work\XPCO\XPCO\Corporate\CommonAPI\VideoOS.Management.Common.UnitTests\bin\Debug\net472\VideoOS.Management.Common.UnitTests.dll" adapterTypeName="executor://mstestadapter/v2" className="VideoOS.Management.Common.UnitTests.NestedPropertyHelperTests" name="NestedPropertyHelper_FormatNestedPropertyName_Success" />
    </UnitTest>
    <UnitTest name="TaskError_FromXml_Can_Read_Legacy_Format" storage="d:\actions-runner\_work\xpco\xpco\corporate\commonapi\videoos.management.common.unittests\bin\debug\net472\videoos.management.common.unittests.dll" id="81a601fb-b47c-bc71-6b2a-4e7ca1a3a3e1">
      <Execution id="80985ded-b40a-454d-bc4b-57f6905b90c5" />
      <TestMethod codeBase="D:\actions-runner\_work\XPCO\XPCO\Corporate\CommonAPI\VideoOS.Management.Common.UnitTests\bin\Debug\net472\VideoOS.Management.Common.UnitTests.dll" adapterTypeName="executor://mstestadapter/v2" className="VideoOS.Management.Common.UnitTests.TaskErrorUnitTests" name="TaskError_FromXml_Can_Read_Legacy_Format" />
    </UnitTest>
    <UnitTest name="GetPrivacyMaskFromXml_DuplicateCellsTest" storage="d:\actions-runner\_work\xpco\xpco\corporate\commonapi\videoos.management.common.unittests\bin\debug\net472\videoos.management.common.unittests.dll" id="f824a3a8-59c5-2e65-7385-79c3d6df0055">
      <Execution id="e0c524dc-c873-428b-b528-c728c09640dc" />
      <TestMethod codeBase="D:\actions-runner\_work\XPCO\XPCO\Corporate\CommonAPI\VideoOS.Management.Common.UnitTests\bin\Debug\net472\VideoOS.Management.Common.UnitTests.dll" adapterTypeName="executor://mstestadapter/v2" className="VideoOS.Management.Common.UnitTests.PrivacyMaskUnitTest" name="GetPrivacyMaskFromXml_DuplicateCellsTest" />
    </UnitTest>
    <UnitTest name="ConvertOneDimensionalIndexToTwoDimensional_Index_Is_Negative" storage="d:\actions-runner\_work\xpco\xpco\corporate\commonapi\videoos.management.common.unittests\bin\debug\net472\videoos.management.common.unittests.dll" id="31993171-cd22-0249-bd8a-7a53b439402a">
      <Execution id="41e642c4-0733-42b1-82b1-c027f9760d30" />
      <TestMethod codeBase="D:\actions-runner\_work\XPCO\XPCO\Corporate\CommonAPI\VideoOS.Management.Common.UnitTests\bin\Debug\net472\VideoOS.Management.Common.UnitTests.dll" adapterTypeName="executor://mstestadapter/v2" className="VideoOS.Management.Common.UnitTests.GridUtilityUnitTests" name="ConvertOneDimensionalIndexToTwoDimensional_Index_Is_Negative" />
    </UnitTest>
    <UnitTest name="ConvertOneDimensionalIndexToTwoDimensional_Success" storage="d:\actions-runner\_work\xpco\xpco\corporate\commonapi\videoos.management.common.unittests\bin\debug\net472\videoos.management.common.unittests.dll" id="d07b3481-696b-820c-a145-13265fb2ffe1">
      <Execution id="eb428509-ca52-4a7a-899f-803e489e656e" />
      <TestMethod codeBase="D:\actions-runner\_work\XPCO\XPCO\Corporate\CommonAPI\VideoOS.Management.Common.UnitTests\bin\Debug\net472\VideoOS.Management.Common.UnitTests.dll" adapterTypeName="executor://mstestadapter/v2" className="VideoOS.Management.Common.UnitTests.GridUtilityUnitTests" name="ConvertOneDimensionalIndexToTwoDimensional_Success" />
    </UnitTest>
    <UnitTest name="NestedPropertyHelper_TryGetNestedPropertyName_ArgumentNullException" storage="d:\actions-runner\_work\xpco\xpco\corporate\commonapi\videoos.management.common.unittests\bin\debug\net472\videoos.management.common.unittests.dll" id="671b94e7-bc62-d84e-19ce-8c3bc45b716f">
      <Execution id="a13ca6af-0199-4257-a242-a2807845a25b" />
      <TestMethod codeBase="D:\actions-runner\_work\XPCO\XPCO\Corporate\CommonAPI\VideoOS.Management.Common.UnitTests\bin\Debug\net472\VideoOS.Management.Common.UnitTests.dll" adapterTypeName="executor://mstestadapter/v2" className="VideoOS.Management.Common.UnitTests.NestedPropertyHelperTests" name="NestedPropertyHelper_TryGetNestedPropertyName_ArgumentNullException" />
    </UnitTest>
    <UnitTest name="SetGridSize_Initialize_New_Grid_Success" storage="d:\actions-runner\_work\xpco\xpco\corporate\commonapi\videoos.management.common.unittests\bin\debug\net472\videoos.management.common.unittests.dll" id="33b9cfba-767d-620a-5bc7-446ac3b0a75a">
      <Execution id="e485ac71-7101-4d6a-ab07-49776a0254b4" />
      <TestMethod codeBase="D:\actions-runner\_work\XPCO\XPCO\Corporate\CommonAPI\VideoOS.Management.Common.UnitTests\bin\Debug\net472\VideoOS.Management.Common.UnitTests.dll" adapterTypeName="executor://mstestadapter/v2" className="VideoOS.Management.Common.UnitTests.BusinessObjects.DeviceMotionUtils.GridSizeUnitTests" name="SetGridSize_Initialize_New_Grid_Success" />
    </UnitTest>
    <UnitTest name="NestedPropertyHelper_FormatNestedPropertyName_ArgumentNullException" storage="d:\actions-runner\_work\xpco\xpco\corporate\commonapi\videoos.management.common.unittests\bin\debug\net472\videoos.management.common.unittests.dll" id="80d02be0-e5b3-d805-0594-6fce0472bdd1">
      <Execution id="98feb73b-7f14-4042-aa19-53931b6072c4" />
      <TestMethod codeBase="D:\actions-runner\_work\XPCO\XPCO\Corporate\CommonAPI\VideoOS.Management.Common.UnitTests\bin\Debug\net472\VideoOS.Management.Common.UnitTests.dll" adapterTypeName="executor://mstestadapter/v2" className="VideoOS.Management.Common.UnitTests.NestedPropertyHelperTests" name="NestedPropertyHelper_FormatNestedPropertyName_ArgumentNullException" />
    </UnitTest>
    <UnitTest name="NestedPropertyHelper_FormatNestedPropertyName_NameStartsWithSpace_ArgumentException" storage="d:\actions-runner\_work\xpco\xpco\corporate\commonapi\videoos.management.common.unittests\bin\debug\net472\videoos.management.common.unittests.dll" id="e5a9ba03-ae4c-cec5-2077-fbc09e191aa1">
      <Execution id="1ce81096-f23b-4a41-a3c1-12a5f376f52c" />
      <TestMethod codeBase="D:\actions-runner\_work\XPCO\XPCO\Corporate\CommonAPI\VideoOS.Management.Common.UnitTests\bin\Debug\net472\VideoOS.Management.Common.UnitTests.dll" adapterTypeName="executor://mstestadapter/v2" className="VideoOS.Management.Common.UnitTests.NestedPropertyHelperTests" name="NestedPropertyHelper_FormatNestedPropertyName_NameStartsWithSpace_ArgumentException" />
    </UnitTest>
    <UnitTest name="ConvertToProcessTime_InvalidNumber_Default_Expected_Success" storage="d:\actions-runner\_work\xpco\xpco\corporate\commonapi\videoos.management.common.unittests\bin\debug\net472\videoos.management.common.unittests.dll" id="620c3d93-83d6-b637-a7e0-565f057234fd">
      <Execution id="08099d48-03a5-45aa-8d27-e5c25f8a2843" />
      <TestMethod codeBase="D:\actions-runner\_work\XPCO\XPCO\Corporate\CommonAPI\VideoOS.Management.Common.UnitTests\bin\Debug\net472\VideoOS.Management.Common.UnitTests.dll" adapterTypeName="executor://mstestadapter/v2" className="VideoOS.Management.Server.UnitTests.BusinessObjects.ProcessTimeUnitTests" name="ConvertToProcessTime_InvalidNumber_Default_Expected_Success" />
    </UnitTest>
    <UnitTest name="NestedPropertyHelper_FormatNestedPropertyName_NameEndsWithSpace_ArgumentException" storage="d:\actions-runner\_work\xpco\xpco\corporate\commonapi\videoos.management.common.unittests\bin\debug\net472\videoos.management.common.unittests.dll" id="b08ef59e-47a2-4249-0966-cb6c81b388af">
      <Execution id="55650da9-615b-4d89-b111-f357a0c12474" />
      <TestMethod codeBase="D:\actions-runner\_work\XPCO\XPCO\Corporate\CommonAPI\VideoOS.Management.Common.UnitTests\bin\Debug\net472\VideoOS.Management.Common.UnitTests.dll" adapterTypeName="executor://mstestadapter/v2" className="VideoOS.Management.Common.UnitTests.NestedPropertyHelperTests" name="NestedPropertyHelper_FormatNestedPropertyName_NameEndsWithSpace_ArgumentException" />
    </UnitTest>
    <UnitTest name="NestedPropertyHelper_IsNestedPropertyName_ArgumentNullException" storage="d:\actions-runner\_work\xpco\xpco\corporate\commonapi\videoos.management.common.unittests\bin\debug\net472\videoos.management.common.unittests.dll" id="74b752a9-3ab1-cd08-7831-6830396588ed">
      <Execution id="24094723-bee7-4d24-8166-0dd6875105ae" />
      <TestMethod codeBase="D:\actions-runner\_work\XPCO\XPCO\Corporate\CommonAPI\VideoOS.Management.Common.UnitTests\bin\Debug\net472\VideoOS.Management.Common.UnitTests.dll" adapterTypeName="executor://mstestadapter/v2" className="VideoOS.Management.Common.UnitTests.NestedPropertyHelperTests" name="NestedPropertyHelper_IsNestedPropertyName_ArgumentNullException" />
    </UnitTest>
    <UnitTest name="TrimAndRemoveControlCharsKeepWhitespaceCharsTest" storage="d:\actions-runner\_work\xpco\xpco\corporate\commonapi\videoos.management.common.unittests\bin\debug\net472\videoos.management.common.unittests.dll" id="87157f56-f422-38c9-fd63-83a67aeda855">
      <Execution id="47aa3e7b-8853-4600-a577-45fd9da59651" />
      <TestMethod codeBase="D:\actions-runner\_work\XPCO\XPCO\Corporate\CommonAPI\VideoOS.Management.Common.UnitTests\bin\Debug\net472\VideoOS.Management.Common.UnitTests.dll" adapterTypeName="executor://mstestadapter/v2" className="VideoOS.Management.Common.UnitTests.ExtensionMethods.StringExtensionsTests" name="TrimAndRemoveControlCharsKeepWhitespaceCharsTest" />
    </UnitTest>
    <UnitTest name="RemoveControlCharsKeepWhitespaceCharsTestNull" storage="d:\actions-runner\_work\xpco\xpco\corporate\commonapi\videoos.management.common.unittests\bin\debug\net472\videoos.management.common.unittests.dll" id="84f2c3a6-ef69-aefe-cc69-aed160157f71">
      <Execution id="21484061-67df-4346-a872-aa492f187812" />
      <TestMethod codeBase="D:\actions-runner\_work\XPCO\XPCO\Corporate\CommonAPI\VideoOS.Management.Common.UnitTests\bin\Debug\net472\VideoOS.Management.Common.UnitTests.dll" adapterTypeName="executor://mstestadapter/v2" className="VideoOS.Management.Common.UnitTests.ExtensionMethods.StringExtensionsTests" name="RemoveControlCharsKeepWhitespaceCharsTestNull" />
    </UnitTest>
    <UnitTest name="TryParseTestSuccess" storage="d:\actions-runner\_work\xpco\xpco\corporate\commonapi\videoos.management.common.unittests\bin\debug\net472\videoos.management.common.unittests.dll" id="67df801a-c00e-6e83-e9a1-685ef0783664">
      <Execution id="f49d35f5-ad75-4ad8-9f41-c08843678508" />
      <TestMethod codeBase="D:\actions-runner\_work\XPCO\XPCO\Corporate\CommonAPI\VideoOS.Management.Common.UnitTests\bin\Debug\net472\VideoOS.Management.Common.UnitTests.dll" adapterTypeName="executor://mstestadapter/v2" className="VideoOS.Management.Common.UnitTests.ExtensionMethods.StringExtensionsTests" name="TryParseTestSuccess" />
    </UnitTest>
    <UnitTest name="Cells_Initialize_UnsupportedSize" storage="d:\actions-runner\_work\xpco\xpco\corporate\commonapi\videoos.management.common.unittests\bin\debug\net472\videoos.management.common.unittests.dll" id="93278bfc-88ce-15f6-9300-6fc4994c71f7">
      <Execution id="7cecd1f5-6f93-4ff2-b35d-e2ec80d94da0" />
      <TestMethod codeBase="D:\actions-runner\_work\XPCO\XPCO\Corporate\CommonAPI\VideoOS.Management.Common.UnitTests\bin\Debug\net472\VideoOS.Management.Common.UnitTests.dll" adapterTypeName="executor://mstestadapter/v2" className="VideoOS.Management.Common.UnitTests.PrivacyMaskUnitTest" name="Cells_Initialize_UnsupportedSize" />
    </UnitTest>
    <UnitTest name="NestedPropertyHelper_TryGetNestedPropertyNameTest" storage="d:\actions-runner\_work\xpco\xpco\corporate\commonapi\videoos.management.common.unittests\bin\debug\net472\videoos.management.common.unittests.dll" id="cfec4fd7-18a7-01bd-0be1-3678eda78f31">
      <Execution id="49016815-72b1-4595-bfe5-fc0c4c15f46d" />
      <TestMethod codeBase="D:\actions-runner\_work\XPCO\XPCO\Corporate\CommonAPI\VideoOS.Management.Common.UnitTests\bin\Debug\net472\VideoOS.Management.Common.UnitTests.dll" adapterTypeName="executor://mstestadapter/v2" className="VideoOS.Management.Common.UnitTests.NestedPropertyHelperTests" name="NestedPropertyHelper_TryGetNestedPropertyNameTest" />
    </UnitTest>
    <UnitTest name="MoveHardwareTaskResult_Serialization_Two_Warnings_Success" storage="d:\actions-runner\_work\xpco\xpco\corporate\commonapi\videoos.management.common.unittests\bin\debug\net472\videoos.management.common.unittests.dll" id="c2058a08-5002-1358-bdda-d02f5f51eabf">
      <Execution id="4f65d4c4-24a8-4f92-9265-52d1688de731" />
      <TestMethod codeBase="D:\actions-runner\_work\XPCO\XPCO\Corporate\CommonAPI\VideoOS.Management.Common.UnitTests\bin\Debug\net472\VideoOS.Management.Common.UnitTests.dll" adapterTypeName="executor://mstestadapter/v2" className="VideoOS.Management.Common.UnitTests.MoveHardwareTaskResultUnitTests" name="MoveHardwareTaskResult_Serialization_Two_Warnings_Success" />
    </UnitTest>
    <UnitTest name="Cells_Initialize_InvalidAspectRatio" storage="d:\actions-runner\_work\xpco\xpco\corporate\commonapi\videoos.management.common.unittests\bin\debug\net472\videoos.management.common.unittests.dll" id="67b74ffc-94eb-aab9-e344-da1184003f95">
      <Execution id="50c7186b-5759-4ed7-aa51-fba39b60cf44" />
      <TestMethod codeBase="D:\actions-runner\_work\XPCO\XPCO\Corporate\CommonAPI\VideoOS.Management.Common.UnitTests\bin\Debug\net472\VideoOS.Management.Common.UnitTests.dll" adapterTypeName="executor://mstestadapter/v2" className="VideoOS.Management.Common.UnitTests.PrivacyMaskUnitTest" name="Cells_Initialize_InvalidAspectRatio" />
    </UnitTest>
    <UnitTest name="ConvertTwoDimensionalIndexesToOneDimensional_X_Is_Negative" storage="d:\actions-runner\_work\xpco\xpco\corporate\commonapi\videoos.management.common.unittests\bin\debug\net472\videoos.management.common.unittests.dll" id="75fc5143-fe6b-20f0-4ca6-b67370de4903">
      <Execution id="84beb063-0e49-4109-b606-96c85cb810b3" />
      <TestMethod codeBase="D:\actions-runner\_work\XPCO\XPCO\Corporate\CommonAPI\VideoOS.Management.Common.UnitTests\bin\Debug\net472\VideoOS.Management.Common.UnitTests.dll" adapterTypeName="executor://mstestadapter/v2" className="VideoOS.Management.Common.UnitTests.GridUtilityUnitTests" name="ConvertTwoDimensionalIndexesToOneDimensional_X_Is_Negative" />
    </UnitTest>
    <UnitTest name="GetPrivacyMaskFromXml_SunnyDay" storage="d:\actions-runner\_work\xpco\xpco\corporate\commonapi\videoos.management.common.unittests\bin\debug\net472\videoos.management.common.unittests.dll" id="a5c6379b-0893-b01d-18e5-f90ab7bcaeec">
      <Execution id="9524f978-de50-4007-8372-a55fce2dc6ea" />
      <TestMethod codeBase="D:\actions-runner\_work\XPCO\XPCO\Corporate\CommonAPI\VideoOS.Management.Common.UnitTests\bin\Debug\net472\VideoOS.Management.Common.UnitTests.dll" adapterTypeName="executor://mstestadapter/v2" className="VideoOS.Management.Common.UnitTests.PrivacyMaskUnitTest" name="GetPrivacyMaskFromXml_SunnyDay" />
    </UnitTest>
    <UnitTest name="ConvertToGridSize_Success" storage="d:\actions-runner\_work\xpco\xpco\corporate\commonapi\videoos.management.common.unittests\bin\debug\net472\videoos.management.common.unittests.dll" id="71e3c0f5-6fe7-f804-aa6f-415cce565e0e">
      <Execution id="824b6b6c-b6f2-47fc-b411-a9aa64855100" />
      <TestMethod codeBase="D:\actions-runner\_work\XPCO\XPCO\Corporate\CommonAPI\VideoOS.Management.Common.UnitTests\bin\Debug\net472\VideoOS.Management.Common.UnitTests.dll" adapterTypeName="executor://mstestadapter/v2" className="VideoOS.Management.Common.UnitTests.BusinessObjects.DeviceMotionUtils.GridSizeUnitTests" name="ConvertToGridSize_Success" />
    </UnitTest>
    <UnitTest name="ConvertFromInt_Success" storage="d:\actions-runner\_work\xpco\xpco\corporate\commonapi\videoos.management.common.unittests\bin\debug\net472\videoos.management.common.unittests.dll" id="79ef2dd3-5eee-0301-5395-66ec4489fc4f">
      <Execution id="8711e310-e533-477d-ad2f-457046548055" />
      <TestMethod codeBase="D:\actions-runner\_work\XPCO\XPCO\Corporate\CommonAPI\VideoOS.Management.Common.UnitTests\bin\Debug\net472\VideoOS.Management.Common.UnitTests.dll" adapterTypeName="executor://mstestadapter/v2" className="VideoOS.Management.Common.UnitTests.HardwareAccelerationModeUnitTests" name="ConvertFromInt_Success" />
    </UnitTest>
    <UnitTest name="NestedPropertyHelper_IsNestedPropertyName_EmptyName_ArgumentException" storage="d:\actions-runner\_work\xpco\xpco\corporate\commonapi\videoos.management.common.unittests\bin\debug\net472\videoos.management.common.unittests.dll" id="4736f0ce-a73f-860c-f1b7-389e537a1524">
      <Execution id="1c328e51-7d32-48e5-9baa-9a963ce620ee" />
      <TestMethod codeBase="D:\actions-runner\_work\XPCO\XPCO\Corporate\CommonAPI\VideoOS.Management.Common.UnitTests\bin\Debug\net472\VideoOS.Management.Common.UnitTests.dll" adapterTypeName="executor://mstestadapter/v2" className="VideoOS.Management.Common.UnitTests.NestedPropertyHelperTests" name="NestedPropertyHelper_IsNestedPropertyName_EmptyName_ArgumentException" />
    </UnitTest>
    <UnitTest name="ServerCredentialsUnitTests_GetAsXml_ServerCameraCredentials_Success" storage="d:\actions-runner\_work\xpco\xpco\corporate\commonapi\videoos.management.common.unittests\bin\debug\net472\videoos.management.common.unittests.dll" id="8b0ec7b2-5cbf-3a0c-8dd5-acc3ffb6ac9a">
      <Execution id="15b3b601-cc58-4f3d-b984-d165e830599c" />
      <TestMethod codeBase="D:\actions-runner\_work\XPCO\XPCO\Corporate\CommonAPI\VideoOS.Management.Common.UnitTests\bin\Debug\net472\VideoOS.Management.Common.UnitTests.dll" adapterTypeName="executor://mstestadapter/v2" className="VideoOS.Management.Common.UnitTests.ServerCredentialsUnitTests" name="ServerCredentialsUnitTests_GetAsXml_ServerCameraCredentials_Success" />
    </UnitTest>
  </TestDefinitions>
  <TestEntries>
    <TestEntry testId="79ef2dd3-5eee-0301-5395-66ec4489fc4f" executionId="8711e310-e533-477d-ad2f-457046548055" testListId="8c84fa94-04c1-424b-9868-57a2d4851a1d" />
    <TestEntry testId="4339f1c0-e66e-ce84-7db2-5484001bba6c" executionId="b648b03f-d2da-4d51-9955-7e4ce1702a68" testListId="8c84fa94-04c1-424b-9868-57a2d4851a1d" />
    <TestEntry testId="4736f0ce-a73f-860c-f1b7-389e537a1524" executionId="1c328e51-7d32-48e5-9baa-9a963ce620ee" testListId="8c84fa94-04c1-424b-9868-57a2d4851a1d" />
    <TestEntry testId="67df801a-c00e-6e83-e9a1-685ef0783664" executionId="f49d35f5-ad75-4ad8-9f41-c08843678508" testListId="8c84fa94-04c1-424b-9868-57a2d4851a1d" />
    <TestEntry testId="76e675ce-aeb7-2988-0cf9-b0a9546b75af" executionId="053e0c88-e3f8-4065-8c89-551879fbe355" testListId="8c84fa94-04c1-424b-9868-57a2d4851a1d" />
    <TestEntry testId="6346fdd8-638a-e5dd-44cb-e4bceb791e3e" executionId="ec7a3712-bbf8-4366-be69-9c1b450aeb17" testListId="8c84fa94-04c1-424b-9868-57a2d4851a1d" />
    <TestEntry testId="793f10c3-77a8-a120-88a6-cc1dfcbad8a7" executionId="a57a9ceb-aeb2-432d-8f40-42ffdc78eae8" testListId="8c84fa94-04c1-424b-9868-57a2d4851a1d" />
    <TestEntry testId="e143ad55-be30-be27-2198-bf27999b462d" executionId="1acd9f69-17ae-4849-88b3-095ce0dde2a3" testListId="8c84fa94-04c1-424b-9868-57a2d4851a1d" />
    <TestEntry testId="b075a10e-5ca1-f9d5-f244-1272d3fa58ee" executionId="1cb17bfa-be85-43b2-a57d-06ddf2dcd56a" testListId="8c84fa94-04c1-424b-9868-57a2d4851a1d" />
    <TestEntry testId="b4de2156-c43e-124d-28a2-1199362f1247" executionId="86eb9661-0872-4ee2-9948-dcdc7497a0ee" testListId="8c84fa94-04c1-424b-9868-57a2d4851a1d" />
    <TestEntry testId="81a601fb-b47c-bc71-6b2a-4e7ca1a3a3e1" executionId="80985ded-b40a-454d-bc4b-57f6905b90c5" testListId="8c84fa94-04c1-424b-9868-57a2d4851a1d" />
    <TestEntry testId="1919d23e-6873-4d53-05b5-96ba71f62e0f" executionId="967d64b9-2ddb-47cc-a9d2-e5f15702b443" testListId="8c84fa94-04c1-424b-9868-57a2d4851a1d" />
    <TestEntry testId="6716d2ac-3134-42cf-ef61-ccb68c5e0d55" executionId="3e8e5f29-5d7f-4404-a560-e0bd4c8b72f8" testListId="8c84fa94-04c1-424b-9868-57a2d4851a1d" />
    <TestEntry testId="4439bf50-4700-5306-fd95-c4df8561f625" executionId="bc557802-d360-40f5-bd7b-3f0350b1f443" testListId="8c84fa94-04c1-424b-9868-57a2d4851a1d" />
    <TestEntry testId="671b94e7-bc62-d84e-19ce-8c3bc45b716f" executionId="a13ca6af-0199-4257-a242-a2807845a25b" testListId="8c84fa94-04c1-424b-9868-57a2d4851a1d" />
    <TestEntry testId="8e1edec1-7f6e-ac92-a31f-8280b3b1d3c9" executionId="5c82726a-1e89-40da-b947-e94cd72dbbb9" testListId="8c84fa94-04c1-424b-9868-57a2d4851a1d" />
    <TestEntry testId="e35d706a-8fcd-efc0-bddf-81787e2532c8" executionId="f3dd37a0-78b1-4547-b365-249e3406ebd2" testListId="8c84fa94-04c1-424b-9868-57a2d4851a1d" />
    <TestEntry testId="03623595-5184-255e-bb44-f5ffce862897" executionId="a6d27bc1-1dad-43a7-9b93-0df4a6b6b2c7" testListId="8c84fa94-04c1-424b-9868-57a2d4851a1d" />
    <TestEntry testId="87157f56-f422-38c9-fd63-83a67aeda855" executionId="47aa3e7b-8853-4600-a577-45fd9da59651" testListId="8c84fa94-04c1-424b-9868-57a2d4851a1d" />
    <TestEntry testId="20ac15c7-89b3-c614-b606-49d377992b00" executionId="05231194-ff4f-4c3d-b20d-523fef2ba008" testListId="8c84fa94-04c1-424b-9868-57a2d4851a1d" />
    <TestEntry testId="71e3c0f5-6fe7-f804-aa6f-415cce565e0e" executionId="824b6b6c-b6f2-47fc-b411-a9aa64855100" testListId="8c84fa94-04c1-424b-9868-57a2d4851a1d" />
    <TestEntry testId="89f53efe-f8e9-e247-5d3a-a73d496c1c42" executionId="aff7fd0e-238e-42ec-b6df-0bf10a19a1e5" testListId="8c84fa94-04c1-424b-9868-57a2d4851a1d" />
    <TestEntry testId="8566c2b2-0527-0103-e53d-0a91dfbc88d2" executionId="1d0b584e-d5b4-41fc-a803-bda8bbb0e80f" testListId="8c84fa94-04c1-424b-9868-57a2d4851a1d" />
    <TestEntry testId="67b74ffc-94eb-aab9-e344-da1184003f95" executionId="50c7186b-5759-4ed7-aa51-fba39b60cf44" testListId="8c84fa94-04c1-424b-9868-57a2d4851a1d" />
    <TestEntry testId="bca42966-9fbb-5c1c-b1e2-945c838a37e2" executionId="18b08c98-6ee7-4278-a593-d3ed5848de81" testListId="8c84fa94-04c1-424b-9868-57a2d4851a1d" />
    <TestEntry testId="0c573ef2-cc3a-5c08-ff6f-cbf662d6d6f2" executionId="67975628-0dde-4ac9-b0b0-d0d92f44e5a4" testListId="8c84fa94-04c1-424b-9868-57a2d4851a1d" />
    <TestEntry testId="ca3c00c7-0e2e-e11c-f4cf-d0514c13c85c" executionId="2ff1f22c-a353-4c2b-bb9b-bf2d3daa4be0" testListId="8c84fa94-04c1-424b-9868-57a2d4851a1d" />
    <TestEntry testId="6ce9f66b-c97b-b76c-15d7-ec42fc5d4e16" executionId="a61904f2-d8cb-411f-8d1b-a8603b59439c" testListId="8c84fa94-04c1-424b-9868-57a2d4851a1d" />
    <TestEntry testId="2d503272-f502-3299-cb48-8f88fbfb5332" executionId="c312be9f-ea2b-44b9-93b4-a499db9c203d" testListId="8c84fa94-04c1-424b-9868-57a2d4851a1d" />
    <TestEntry testId="daa9a097-6fc7-a99a-2098-2eb65a6f8664" executionId="29b2abb5-5533-41ee-91fe-d848e822a766" testListId="8c84fa94-04c1-424b-9868-57a2d4851a1d" />
    <TestEntry testId="ba74e53c-cf5f-47b5-b760-36899466e286" executionId="b151fc20-827d-4045-af58-b42e6e68b3ef" testListId="8c84fa94-04c1-424b-9868-57a2d4851a1d" />
    <TestEntry testId="12fb79ac-ca7a-d90c-70f5-ffadbf93d3cd" executionId="979bb121-03a1-44e4-8dc2-278e5f342660" testListId="8c84fa94-04c1-424b-9868-57a2d4851a1d" />
    <TestEntry testId="421a56de-5d17-1327-8557-9949a751924e" executionId="fc1c5298-ec8c-4435-a5b3-c10fde96a978" testListId="8c84fa94-04c1-424b-9868-57a2d4851a1d" />
    <TestEntry testId="1c1975ac-6c6e-3f5a-db59-5d2d82b44a36" executionId="dad6c622-5042-4ca5-9fa2-afa254c40ea0" testListId="8c84fa94-04c1-424b-9868-57a2d4851a1d" />
    <TestEntry testId="e5a9ba03-ae4c-cec5-2077-fbc09e191aa1" executionId="1ce81096-f23b-4a41-a3c1-12a5f376f52c" testListId="8c84fa94-04c1-424b-9868-57a2d4851a1d" />
    <TestEntry testId="a0663979-f3fe-02fe-cfb5-57e444822a55" executionId="09c93698-742b-41d2-95b2-b296a3d4da81" testListId="8c84fa94-04c1-424b-9868-57a2d4851a1d" />
    <TestEntry testId="c2058a08-5002-1358-bdda-d02f5f51eabf" executionId="4f65d4c4-24a8-4f92-9265-52d1688de731" testListId="8c84fa94-04c1-424b-9868-57a2d4851a1d" />
    <TestEntry testId="f1e1352b-23ae-c89b-d352-0c7837620f16" executionId="0ccd180f-effc-4c81-8cef-1fa54720aae4" testListId="8c84fa94-04c1-424b-9868-57a2d4851a1d" />
    <TestEntry testId="caece4eb-6f1c-24a4-7032-7e24377ac199" executionId="0d17389d-5a80-4cdc-a561-65a4fe3d8728" testListId="8c84fa94-04c1-424b-9868-57a2d4851a1d" />
    <TestEntry testId="882ea91f-28cc-5911-ff61-4a2331948ab9" executionId="60fec0ba-065d-4d24-941e-2f7fc765d6b8" testListId="8c84fa94-04c1-424b-9868-57a2d4851a1d" />
    <TestEntry testId="4b6ad355-4290-ee92-30aa-744c6e4d08c5" executionId="e17bc6c4-d371-468d-8d08-ef0c76131b33" testListId="8c84fa94-04c1-424b-9868-57a2d4851a1d" />
    <TestEntry testId="8b0ec7b2-5cbf-3a0c-8dd5-acc3ffb6ac9a" executionId="15b3b601-cc58-4f3d-b984-d165e830599c" testListId="8c84fa94-04c1-424b-9868-57a2d4851a1d" />
    <TestEntry testId="620c3d93-83d6-b637-a7e0-565f057234fd" executionId="08099d48-03a5-45aa-8d27-e5c25f8a2843" testListId="8c84fa94-04c1-424b-9868-57a2d4851a1d" />
    <TestEntry testId="769e77f8-1c20-6f74-1e65-1d738cf9bb80" executionId="3dcf970c-fd53-45c9-86c0-0d131207d691" testListId="8c84fa94-04c1-424b-9868-57a2d4851a1d" />
    <TestEntry testId="c2dc194a-0c1b-ef6d-1da6-c4e929a00375" executionId="ed8998c1-9bd4-4af3-967b-e42da515923f" testListId="8c84fa94-04c1-424b-9868-57a2d4851a1d" />
    <TestEntry testId="b08ef59e-47a2-4249-0966-cb6c81b388af" executionId="55650da9-615b-4d89-b111-f357a0c12474" testListId="8c84fa94-04c1-424b-9868-57a2d4851a1d" />
    <TestEntry testId="5daf3a73-fd93-3c8b-0382-76d7d7b33fc9" executionId="2b1ef4c7-0a50-4f66-8060-a968dbeddf52" testListId="8c84fa94-04c1-424b-9868-57a2d4851a1d" />
    <TestEntry testId="7c89820e-a98d-4b51-2cef-8b3953fcebd5" executionId="c64a7bfa-1a17-4e4a-9326-0c9674d2cab9" testListId="8c84fa94-04c1-424b-9868-57a2d4851a1d" />
    <TestEntry testId="f824a3a8-59c5-2e65-7385-79c3d6df0055" executionId="e0c524dc-c873-428b-b528-c728c09640dc" testListId="8c84fa94-04c1-424b-9868-57a2d4851a1d" />
    <TestEntry testId="14af5cfa-37a4-319b-6e36-d994dc5d5968" executionId="f3178e95-4d79-4668-84d9-7766079c58d8" testListId="8c84fa94-04c1-424b-9868-57a2d4851a1d" />
    <TestEntry testId="4ee3af75-3d32-4ea8-063b-f4bba50bf321" executionId="4170d7a9-5e03-410e-b1e4-5491421aeae2" testListId="8c84fa94-04c1-424b-9868-57a2d4851a1d" />
    <TestEntry testId="3ad2726a-8824-88f7-1608-59e26678827a" executionId="1cae1996-cb43-4c1c-ac87-a3d02e5fde64" testListId="8c84fa94-04c1-424b-9868-57a2d4851a1d" />
    <TestEntry testId="55900663-5ffb-ae1b-f271-79db886ed37b" executionId="1340d2ee-440b-4e77-8fad-cc4babab3b33" testListId="8c84fa94-04c1-424b-9868-57a2d4851a1d" />
    <TestEntry testId="de38ffcb-9efb-c16b-04bb-70b26e4003fa" executionId="38039c86-dc59-4273-80b1-2a9937666604" testListId="8c84fa94-04c1-424b-9868-57a2d4851a1d" />
    <TestEntry testId="fba0f473-7041-e30a-c5d2-9ca9407b0bf6" executionId="a0590f64-f772-4dcf-af1c-74cb708f02ef" testListId="8c84fa94-04c1-424b-9868-57a2d4851a1d" />
    <TestEntry testId="a5c6379b-0893-b01d-18e5-f90ab7bcaeec" executionId="9524f978-de50-4007-8372-a55fce2dc6ea" testListId="8c84fa94-04c1-424b-9868-57a2d4851a1d" />
    <TestEntry testId="1f87df04-703b-f6b4-3a53-f81d5fc16c67" executionId="828b2543-8342-446f-8730-5feacd680d85" testListId="8c84fa94-04c1-424b-9868-57a2d4851a1d" />
    <TestEntry testId="90a4be35-e2c7-5c6a-ca3a-d9a55de74d5d" executionId="09790db1-1655-4b7b-9942-154a07ef35e6" testListId="8c84fa94-04c1-424b-9868-57a2d4851a1d" />
    <TestEntry testId="84f2c3a6-ef69-aefe-cc69-aed160157f71" executionId="21484061-67df-4346-a872-aa492f187812" testListId="8c84fa94-04c1-424b-9868-57a2d4851a1d" />
    <TestEntry testId="3dab1d5a-b2e4-fb94-b594-593da7066a3a" executionId="34517795-dcc8-4815-8832-66fb1935a469" testListId="8c84fa94-04c1-424b-9868-57a2d4851a1d" />
    <TestEntry testId="d07b3481-696b-820c-a145-13265fb2ffe1" executionId="eb428509-ca52-4a7a-899f-803e489e656e" testListId="8c84fa94-04c1-424b-9868-57a2d4851a1d" />
    <TestEntry testId="2d5cd7fa-cf05-f590-40f1-040770f81bef" executionId="57b0970c-6752-4a72-8058-f40396f82c7e" testListId="8c84fa94-04c1-424b-9868-57a2d4851a1d" />
    <TestEntry testId="4c13ce60-5293-4111-36b5-e35224527878" executionId="024d36bc-3347-4c84-b0da-1c5dff10e04f" testListId="8c84fa94-04c1-424b-9868-57a2d4851a1d" />
    <TestEntry testId="75fc5143-fe6b-20f0-4ca6-b67370de4903" executionId="84beb063-0e49-4109-b606-96c85cb810b3" testListId="8c84fa94-04c1-424b-9868-57a2d4851a1d" />
    <TestEntry testId="069f80b7-68ce-0dbf-49a9-88037b3210bc" executionId="83853fb6-692d-4c2e-bf66-589aad18c300" testListId="8c84fa94-04c1-424b-9868-57a2d4851a1d" />
    <TestEntry testId="4c800bb5-72b9-4506-9120-2410508dc69d" executionId="ca075aad-b8ee-4606-8a2b-e87d0165babf" testListId="8c84fa94-04c1-424b-9868-57a2d4851a1d" />
    <TestEntry testId="fab0afff-c432-02b7-5bbb-f66eef7681fb" executionId="5c46ce0a-c452-49cf-bbc2-5bd4288c16d7" testListId="8c84fa94-04c1-424b-9868-57a2d4851a1d" />
    <TestEntry testId="afc090fc-9641-de7f-3866-7ea0fcff9c09" executionId="c1fa9b4b-102a-4a31-a84b-da22d3d6fa64" testListId="8c84fa94-04c1-424b-9868-57a2d4851a1d" />
    <TestEntry testId="5744899b-250c-f37f-a63c-d158648a0e52" executionId="d5cee71a-9162-47f9-9c30-ebed0a053283" testListId="8c84fa94-04c1-424b-9868-57a2d4851a1d" />
    <TestEntry testId="38778c86-8f06-c771-6326-084dcf9e7ce7" executionId="6450c046-b25d-451f-b3ae-c19d9728e448" testListId="8c84fa94-04c1-424b-9868-57a2d4851a1d" />
    <TestEntry testId="1ad8a57f-1901-4fc6-6171-3b9a718512cd" executionId="9f3b224a-b982-4486-a050-8bfd12bf44be" testListId="8c84fa94-04c1-424b-9868-57a2d4851a1d" />
    <TestEntry testId="8815b8fc-a38c-3954-d8a0-8fcab25a9731" executionId="ecbc1796-8a3b-4544-a95c-dc606b7895f4" testListId="8c84fa94-04c1-424b-9868-57a2d4851a1d" />
    <TestEntry testId="37dcfbb4-93cd-3d47-6264-adcf2814bf97" executionId="a2d6d04d-df9d-4653-945f-3fb30a42624d" testListId="8c84fa94-04c1-424b-9868-57a2d4851a1d" />
    <TestEntry testId="cacd61c1-c3a3-cf61-3786-7e17896ec13c" executionId="cfcfe509-1448-47aa-8924-bc74b3aefa6b" testListId="8c84fa94-04c1-424b-9868-57a2d4851a1d" />
    <TestEntry testId="bc1f88ff-e2ae-2848-549f-4ddc7ff81f8d" executionId="84d2d136-a88a-4e82-bdb0-8a133021249a" testListId="8c84fa94-04c1-424b-9868-57a2d4851a1d" />
    <TestEntry testId="649332c7-9fa8-fdfd-3094-2331860467a3" executionId="a44eb675-b5f5-40ed-9672-7409c359a1e3" testListId="8c84fa94-04c1-424b-9868-57a2d4851a1d" />
    <TestEntry testId="8914d82a-1269-4fe9-eb45-47d487b479b0" executionId="e6dbdd53-3e3f-4dbe-8e85-dd994f60fd06" testListId="8c84fa94-04c1-424b-9868-57a2d4851a1d" />
    <TestEntry testId="31993171-cd22-0249-bd8a-7a53b439402a" executionId="41e642c4-0733-42b1-82b1-c027f9760d30" testListId="8c84fa94-04c1-424b-9868-57a2d4851a1d" />
    <TestEntry testId="6453653b-0163-a699-39b7-69fa5bbd12b8" executionId="444ebed2-ffea-4d27-bc82-abb3db7504f8" testListId="8c84fa94-04c1-424b-9868-57a2d4851a1d" />
    <TestEntry testId="74b752a9-3ab1-cd08-7831-6830396588ed" executionId="24094723-bee7-4d24-8166-0dd6875105ae" testListId="8c84fa94-04c1-424b-9868-57a2d4851a1d" />
    <TestEntry testId="1127995a-f652-d9c5-d666-e4480805eaa4" executionId="a0106081-c6f5-49df-be58-69b9b5608bb5" testListId="8c84fa94-04c1-424b-9868-57a2d4851a1d" />
    <TestEntry testId="8ec422b9-3ad1-d606-42b8-75e0ad25c07a" executionId="1e0e1585-61b0-4382-a4b4-cd359b56dc9f" testListId="8c84fa94-04c1-424b-9868-57a2d4851a1d" />
    <TestEntry testId="93278bfc-88ce-15f6-9300-6fc4994c71f7" executionId="7cecd1f5-6f93-4ff2-b35d-e2ec80d94da0" testListId="8c84fa94-04c1-424b-9868-57a2d4851a1d" />
    <TestEntry testId="67473bc5-32ce-aabc-ce4f-fee6a8a0a8cf" executionId="bd77965b-58fa-4596-a99d-a11b4a313427" testListId="8c84fa94-04c1-424b-9868-57a2d4851a1d" />
    <TestEntry testId="33b9cfba-767d-620a-5bc7-446ac3b0a75a" executionId="e485ac71-7101-4d6a-ab07-49776a0254b4" testListId="8c84fa94-04c1-424b-9868-57a2d4851a1d" />
    <TestEntry testId="d4d350d3-c8d0-e20b-a69c-867669933688" executionId="5da47a1a-843d-497e-919d-82e23a07b8fb" testListId="8c84fa94-04c1-424b-9868-57a2d4851a1d" />
    <TestEntry testId="d0d055c1-2827-c9f5-2cea-7262b30681b5" executionId="3bd1b7cf-5ad1-4307-abf4-92d8f69169fe" testListId="8c84fa94-04c1-424b-9868-57a2d4851a1d" />
    <TestEntry testId="cfec4fd7-18a7-01bd-0be1-3678eda78f31" executionId="49016815-72b1-4595-bfe5-fc0c4c15f46d" testListId="8c84fa94-04c1-424b-9868-57a2d4851a1d" />
    <TestEntry testId="8853129e-24b6-de83-3ae4-a5c9606a62db" executionId="fe5ab591-0527-4132-995e-c38eb4a02810" testListId="8c84fa94-04c1-424b-9868-57a2d4851a1d" />
    <TestEntry testId="e81c9e38-1dec-905f-b04d-4f60f0b1c384" executionId="6d74945b-9f9b-4c9c-91d2-654b1cc1ad0b" testListId="8c84fa94-04c1-424b-9868-57a2d4851a1d" />
    <TestEntry testId="0090badb-9d50-b7b1-4ee4-1a42dc925e0c" executionId="1c3ca568-f90b-42b2-8a47-826060d77a51" testListId="8c84fa94-04c1-424b-9868-57a2d4851a1d" />
    <TestEntry testId="1655a58f-82cd-dfaa-f818-6210834795ce" executionId="c14eca46-2695-42ae-ac53-81d9aa2c2b33" testListId="8c84fa94-04c1-424b-9868-57a2d4851a1d" />
    <TestEntry testId="80d02be0-e5b3-d805-0594-6fce0472bdd1" executionId="98feb73b-7f14-4042-aa19-53931b6072c4" testListId="8c84fa94-04c1-424b-9868-57a2d4851a1d" />
  </TestEntries>
  <TestLists>
    <TestList name="Results Not in a List" id="8c84fa94-04c1-424b-9868-57a2d4851a1d" />
    <TestList name="All Loaded Results" id="19431567-8539-422a-85d7-44ee4e166bda" />
  </TestLists>
  <ResultSummary outcome="Completed">
    <Counters total="93" executed="93" passed="93" failed="0" error="0" timeout="0" aborted="0" inconclusive="0" passedButRunAborted="0" notRunnable="0" notExecuted="0" disconnected="0" warning="0" completed="0" inProgress="0" pending="0" />
  </ResultSummary>
</TestRun>