<?xml version="1.0" encoding="utf-8"?>
<TestRun id="b226f5fb-1786-4071-a81a-806ee341bce5" name="DKSR-EFI-06$@DKSR-EFI-06 2024-01-09 15:41:13" runUser="NT AUTHORITY\NETWORK SERVICE" xmlns="http://microsoft.com/schemas/VisualStudio/TeamTest/2010">
  <Times creation="2024-01-09T15:41:13.7475363+01:00" queuing="2024-01-09T15:41:13.7475363+01:00" start="2024-01-09T15:41:12.6381592+01:00" finish="2024-01-09T15:41:14.2006623+01:00" />
  <TestSettings name="default" id="d8b9e07f-9444-4c14-a3d7-21ee7187d1c9">
    <Deployment runDeploymentRoot="DKSR-EFI-06$_DKSR-EFI-06_2024-01-09_15_41_13" />
  </TestSettings>
  <Results>
    <UnitTestResult executionId="2a9eac90-d440-4377-8db8-0ceae0d5dcf4" testId="3b7040bc-fe96-1894-6926-36e0ab984d52" testName="MapToErrorData_ShouldMapToExpectedErrorData_ForAllKnownExceptionMessages (Output Trigger not allowed,40000,0)" computerName="DKSR-EFI-06" duration="00:00:00.0000214" startTime="2024-01-09T15:41:13.7787859+01:00" endTime="2024-01-09T15:41:13.7787859+01:00" testType="13cdc9d9-ddb5-4fa4-a97d-d965ccfc6d4b" outcome="Passed" testListId="8c84fa94-04c1-424b-9868-57a2d4851a1d" relativeResultsDirectory="2a9eac90-d440-4377-8db8-0ceae0d5dcf4" />
    <UnitTestResult executionId="bc9092be-ba65-4eed-9dc5-67cb3c0663e7" testId="08956cd9-0a9c-dbea-9b71-bf084dfb8a08" testName="MapToErrorData_ShouldMapToExpectedErrorData_ForAllKnownExceptionMessages (Parameter 'maxHeight' not specified.,40000,0)" computerName="DKSR-EFI-06" duration="00:00:00.0000173" startTime="2024-01-09T15:41:13.7475363+01:00" endTime="2024-01-09T15:41:13.7475363+01:00" testType="13cdc9d9-ddb5-4fa4-a97d-d965ccfc6d4b" outcome="Passed" testListId="8c84fa94-04c1-424b-9868-57a2d4851a1d" relativeResultsDirectory="bc9092be-ba65-4eed-9dc5-67cb3c0663e7" />
    <UnitTestResult executionId="d71bbe62-c084-4161-a810-16735973e6b1" testId="8af9a04f-5939-8ca3-bb96-4543c58267d1" testName="MapToErrorData_ShouldMapToExpectedErrorData_ForAllKnownExceptionMessages (SearchCriteria 'xyz' not supported,40000,0)" computerName="DKSR-EFI-06" duration="00:00:00.0000251" startTime="2024-01-09T15:41:13.7787859+01:00" endTime="2024-01-09T15:41:13.7787859+01:00" testType="13cdc9d9-ddb5-4fa4-a97d-d965ccfc6d4b" outcome="Passed" testListId="8c84fa94-04c1-424b-9868-57a2d4851a1d" relativeResultsDirectory="d71bbe62-c084-4161-a810-16735973e6b1" />
    <UnitTestResult executionId="3dfe7c24-98b1-42f6-8c32-5719106e368c" testId="6054e43f-0be0-496a-5f90-fcd88b8e0ffa" testName="MapToErrorData_ShouldMapToExpectedErrorData_ForAllKnownExceptionMessages (Preset Move To not allowed,40000,0)" computerName="DKSR-EFI-06" duration="00:00:00.0000184" startTime="2024-01-09T15:41:13.7787859+01:00" endTime="2024-01-09T15:41:13.7787859+01:00" testType="13cdc9d9-ddb5-4fa4-a97d-d965ccfc6d4b" outcome="Passed" testListId="8c84fa94-04c1-424b-9868-57a2d4851a1d" relativeResultsDirectory="3dfe7c24-98b1-42f6-8c32-5719106e368c" />
    <UnitTestResult executionId="d1cc6a3b-8be3-443c-83b9-83d49edf2241" testId="f21a1bd1-352e-7008-37e3-cc2dcc23df56" testName="MapToErrorData_ShouldMapToExpectedErrorData_ForAllKnownExceptionMessages (Cannot release other users manual patrolling session,40295,90)" computerName="DKSR-EFI-06" duration="00:00:00.0000146" startTime="2024-01-09T15:41:13.7475363+01:00" endTime="2024-01-09T15:41:13.7475363+01:00" testType="13cdc9d9-ddb5-4fa4-a97d-d965ccfc6d4b" outcome="Passed" testListId="8c84fa94-04c1-424b-9868-57a2d4851a1d" relativeResultsDirectory="d1cc6a3b-8be3-443c-83b9-83d49edf2241" />
    <UnitTestResult executionId="157a2c17-a72a-469d-9c64-f9c5119d7ab3" testId="d64221b5-22c5-e091-f454-9a2b075ad9ad" testName="MapToErrorData_ShouldMapToExpectedErrorData_ForAllKnownExceptionMessages (Parameter 'maxCountBefore' not specified.,40000,0)" computerName="DKSR-EFI-06" duration="00:00:00.0000213" startTime="2024-01-09T15:41:13.7631606+01:00" endTime="2024-01-09T15:41:13.7631606+01:00" testType="13cdc9d9-ddb5-4fa4-a97d-d965ccfc6d4b" outcome="Passed" testListId="8c84fa94-04c1-424b-9868-57a2d4851a1d" relativeResultsDirectory="157a2c17-a72a-469d-9c64-f9c5119d7ab3" />
    <UnitTestResult executionId="717caee0-49e9-48a5-b915-5beeb6695a68" testId="e52bb301-d087-6708-af07-3c2a10a87dc7" testName="MapToErrorData_ShouldMapToExpectedErrorData_ForAllKnownExceptionMessages (Sequences Get Around With Span not allowed,40000,0)" computerName="DKSR-EFI-06" duration="00:00:00.0000222" startTime="2024-01-09T15:41:13.7787859+01:00" endTime="2024-01-09T15:41:13.7787859+01:00" testType="13cdc9d9-ddb5-4fa4-a97d-d965ccfc6d4b" outcome="Passed" testListId="8c84fa94-04c1-424b-9868-57a2d4851a1d" relativeResultsDirectory="717caee0-49e9-48a5-b915-5beeb6695a68" />
    <UnitTestResult executionId="76828415-93f6-45b1-be12-2b7c8e50c645" testId="9dfe0b87-3e9a-69a8-f994-a93ddfa4437c" testName="MapToErrorData_ShouldMapToExpectedErrorData_ForAllKnownExceptionMessages (Parameter 'centerY' not specified.,40000,0)" computerName="DKSR-EFI-06" duration="00:00:00.0000185" startTime="2024-01-09T15:41:13.7631606+01:00" endTime="2024-01-09T15:41:13.7631606+01:00" testType="13cdc9d9-ddb5-4fa4-a97d-d965ccfc6d4b" outcome="Passed" testListId="8c84fa94-04c1-424b-9868-57a2d4851a1d" relativeResultsDirectory="76828415-93f6-45b1-be12-2b7c8e50c645" />
    <UnitTestResult executionId="ac10c4ec-9e2d-47f6-9e96-61e7e886ccf0" testId="2df29b19-df1c-82d5-28c9-d6fb4238135a" testName="MapToErrorData_ShouldMapToExpectedErrorData_ForAllKnownExceptionMessages (Unable to get status for session. Session id: 'AACBA580-2202-4D25-9E27-2B193F56DEE9',40000,0)" computerName="DKSR-EFI-06" duration="00:00:00.0000287" startTime="2024-01-09T15:41:13.7787859+01:00" endTime="2024-01-09T15:41:13.7787859+01:00" testType="13cdc9d9-ddb5-4fa4-a97d-d965ccfc6d4b" outcome="Passed" testListId="8c84fa94-04c1-424b-9868-57a2d4851a1d" relativeResultsDirectory="ac10c4ec-9e2d-47f6-9e96-61e7e886ccf0" />
    <UnitTestResult executionId="03ad7da9-5205-43bb-bb6e-0920743b0965" testId="187355fe-9694-1001-3a34-ad23e6d12468" testName="MapToErrorData_ShouldMapToExpectedErrorData_ForAllKnownExceptionMessages (Sequences Get Around not allowed,40000,0)" computerName="DKSR-EFI-06" duration="00:00:00.0000205" startTime="2024-01-09T15:41:13.7787859+01:00" endTime="2024-01-09T15:41:13.7787859+01:00" testType="13cdc9d9-ddb5-4fa4-a97d-d965ccfc6d4b" outcome="Passed" testListId="8c84fa94-04c1-424b-9868-57a2d4851a1d" relativeResultsDirectory="03ad7da9-5205-43bb-bb6e-0920743b0965" />
    <UnitTestResult executionId="fe575392-e66a-4128-9176-54a467beccff" testId="5f512471-2589-a6c3-ae8a-9d90857164f2" testName="MapToErrorData_ShouldMapToExpectedErrorData_ForAllKnownExceptionMessages (Insufficient permission,40295,60)" computerName="DKSR-EFI-06" duration="00:00:00.0000139" startTime="2024-01-09T15:41:13.7475363+01:00" endTime="2024-01-09T15:41:13.7475363+01:00" testType="13cdc9d9-ddb5-4fa4-a97d-d965ccfc6d4b" outcome="Passed" testListId="8c84fa94-04c1-424b-9868-57a2d4851a1d" relativeResultsDirectory="fe575392-e66a-4128-9176-54a467beccff" />
    <UnitTestResult executionId="1793076e-de7b-4578-8f75-ceb23c69b1cc" testId="920d91ee-8977-3219-1b05-172389cf2f52" testName="MapToErrorData_ShouldMapToExpectedErrorData_ForAllKnownExceptionMessages ('searchMask' parameters does not match 64x64 grid: 4, 4,40000,0)" computerName="DKSR-EFI-06" duration="00:00:00.0000226" startTime="2024-01-09T15:41:13.7787859+01:00" endTime="2024-01-09T15:41:13.7787859+01:00" testType="13cdc9d9-ddb5-4fa4-a97d-d965ccfc6d4b" outcome="Passed" testListId="8c84fa94-04c1-424b-9868-57a2d4851a1d" relativeResultsDirectory="1793076e-de7b-4578-8f75-ceb23c69b1cc" />
    <UnitTestResult executionId="410f0f65-0ccd-48b3-9fc2-3da9c91b67fa" testId="66bbd2a1-ed44-421d-d7a9-e8931a394d9d" testName="MapToErrorData_ShouldMapToExpectedErrorData_ForAllKnownExceptionMessages (Parameter 'multicastSessionIds' not specified.,40000,0)" computerName="DKSR-EFI-06" duration="00:00:00.0000252" startTime="2024-01-09T15:41:13.7787859+01:00" endTime="2024-01-09T15:41:13.7787859+01:00" testType="13cdc9d9-ddb5-4fa4-a97d-d965ccfc6d4b" outcome="Passed" testListId="8c84fa94-04c1-424b-9868-57a2d4851a1d" relativeResultsDirectory="410f0f65-0ccd-48b3-9fc2-3da9c91b67fa" />
    <UnitTestResult executionId="88e5be82-512b-414f-b097-4abe3c83de07" testId="eca58048-cf56-2e11-d62e-ebb1aa07c891" testName="MapToErrorData_ShouldMapToExpectedErrorData_ForAllKnownExceptionMessages (Export of JPEG not allowed,40000,0)" computerName="DKSR-EFI-06" duration="00:00:00.0000140" startTime="2024-01-09T15:41:13.7787859+01:00" endTime="2024-01-09T15:41:13.7787859+01:00" testType="13cdc9d9-ddb5-4fa4-a97d-d965ccfc6d4b" outcome="Passed" testListId="8c84fa94-04c1-424b-9868-57a2d4851a1d" relativeResultsDirectory="88e5be82-512b-414f-b097-4abe3c83de07" />
    <UnitTestResult executionId="aa4c977e-65b8-416b-a701-2ba0ba559728" testId="a9629622-3b35-16e8-6860-7bdb0490339f" testName="MapToErrorData_ShouldMapToExpectedErrorData_ForAllKnownExceptionMessages (Cannot release session without proper permission.,40295,60)" computerName="DKSR-EFI-06" duration="00:00:00.0000138" startTime="2024-01-09T15:41:13.7475363+01:00" endTime="2024-01-09T15:41:13.7475363+01:00" testType="13cdc9d9-ddb5-4fa4-a97d-d965ccfc6d4b" outcome="Passed" testListId="8c84fa94-04c1-424b-9868-57a2d4851a1d" relativeResultsDirectory="aa4c977e-65b8-416b-a701-2ba0ba559728" />
    <UnitTestResult executionId="5016e193-8340-4a06-b0b7-25f07e1b87c2" testId="241424a0-5b70-4f7a-46d8-9aefc41689fb" testName="MapToErrorData_ShouldMapToExpectedErrorData_ForAllKnownExceptionMessages (Cannot resume patrolling when not paused, deviceId=AACBA580-2202-4D25-9E27-2B193F56DEE9,40295,41)" computerName="DKSR-EFI-06" duration="00:00:00.0000134" startTime="2024-01-09T15:41:13.7475363+01:00" endTime="2024-01-09T15:41:13.7475363+01:00" testType="13cdc9d9-ddb5-4fa4-a97d-d965ccfc6d4b" outcome="Passed" testListId="8c84fa94-04c1-424b-9868-57a2d4851a1d" relativeResultsDirectory="5016e193-8340-4a06-b0b7-25f07e1b87c2" />
    <UnitTestResult executionId="7c6963d7-c1d4-4808-9054-f5df2eb2c619" testId="1eb3a396-5256-27b0-5742-cacc5acdfce3" testName="MapToErrorData_ShouldMapToExpectedErrorData_ForAllKnownExceptionMessages (Parameter 'minTime' not specified.,40000,0)" computerName="DKSR-EFI-06" duration="00:00:00.0000203" startTime="2024-01-09T15:41:13.7631606+01:00" endTime="2024-01-09T15:41:13.7631606+01:00" testType="13cdc9d9-ddb5-4fa4-a97d-d965ccfc6d4b" outcome="Passed" testListId="8c84fa94-04c1-424b-9868-57a2d4851a1d" relativeResultsDirectory="7c6963d7-c1d4-4808-9054-f5df2eb2c619" />
    <UnitTestResult executionId="88114d47-5e43-4649-859c-108feb0de0d4" testId="6959902c-944b-3b12-47f4-15d4969107f4" testName="MapToErrorData_ShouldMapToExpectedErrorData_ForAllKnownExceptionMessages (Device AACBA580-2202-4D25-9E27-2B193F56DEE9 does not exist,40295,1)" computerName="DKSR-EFI-06" duration="00:00:00.0000222" startTime="2024-01-09T15:41:13.7319130+01:00" endTime="2024-01-09T15:41:13.7319130+01:00" testType="13cdc9d9-ddb5-4fa4-a97d-d965ccfc6d4b" outcome="Passed" testListId="8c84fa94-04c1-424b-9868-57a2d4851a1d" relativeResultsDirectory="88114d47-5e43-4649-859c-108feb0de0d4" />
    <UnitTestResult executionId="841c56bf-6b71-49ee-bfbf-0e23a0a31757" testId="e38d3b34-cf2b-f08d-b20b-5dc47e964a0d" testName="MapToErrorData_ShouldMapToExpectedErrorData_ForAllKnownExceptionMessages (Sequences Get not allowed,40000,0)" computerName="DKSR-EFI-06" duration="00:00:00.0000212" startTime="2024-01-09T15:41:13.7787859+01:00" endTime="2024-01-09T15:41:13.7787859+01:00" testType="13cdc9d9-ddb5-4fa4-a97d-d965ccfc6d4b" outcome="Passed" testListId="8c84fa94-04c1-424b-9868-57a2d4851a1d" relativeResultsDirectory="841c56bf-6b71-49ee-bfbf-0e23a0a31757" />
    <UnitTestResult executionId="558d637b-ee7e-46ea-b3d7-b0a02899c767" testId="2cfd34c6-cbe9-d4ac-0b6d-c5ffc7143273" testName="MapToErrorData_ShouldMapToExpectedErrorData_ForAllKnownExceptionMessages (Request rejected, cannot pause a reserved session,40295,71)" computerName="DKSR-EFI-06" duration="00:00:00.0000155" startTime="2024-01-09T15:41:13.7475363+01:00" endTime="2024-01-09T15:41:13.7475363+01:00" testType="13cdc9d9-ddb5-4fa4-a97d-d965ccfc6d4b" outcome="Passed" testListId="8c84fa94-04c1-424b-9868-57a2d4851a1d" relativeResultsDirectory="558d637b-ee7e-46ea-b3d7-b0a02899c767" />
    <UnitTestResult executionId="0c42cd80-fc2a-4427-8e57-41cf935afce6" testId="b92a2ba1-e1a6-e50e-91ed-d9fb35b24c13" testName="MapToErrorData_ShouldMapToExpectedErrorData_ForAllKnownExceptionMessages (Parameter 'patrollingSchemaId' not specified.,40000,0)" computerName="DKSR-EFI-06" duration="00:00:00.0000166" startTime="2024-01-09T15:41:13.7475363+01:00" endTime="2024-01-09T15:41:13.7475363+01:00" testType="13cdc9d9-ddb5-4fa4-a97d-d965ccfc6d4b" outcome="Passed" testListId="8c84fa94-04c1-424b-9868-57a2d4851a1d" relativeResultsDirectory="0c42cd80-fc2a-4427-8e57-41cf935afce6" />
    <UnitTestResult executionId="1e0cdd58-7539-41a1-b721-d608aa012dec" testId="5b36286e-511e-b92e-c691-7507e5edcbd9" testName="MapToErrorData_ShouldMapToExpectedErrorData_ForAllKnownExceptionMessages (Device not ready, device Id =AACBA580-2202-4D25-9E27-2B193F56DEE9,40295,2)" computerName="DKSR-EFI-06" duration="00:00:00.0000113" startTime="2024-01-09T15:41:13.7319130+01:00" endTime="2024-01-09T15:41:13.7319130+01:00" testType="13cdc9d9-ddb5-4fa4-a97d-d965ccfc6d4b" outcome="Passed" testListId="8c84fa94-04c1-424b-9868-57a2d4851a1d" relativeResultsDirectory="1e0cdd58-7539-41a1-b721-d608aa012dec" />
    <UnitTestResult executionId="4e9a7065-2320-4fa7-b98d-e2aad85875a1" testId="e247e266-501e-90c6-c043-753ae0950fd1" testName="MapToErrorData_ShouldMapToExpectedErrorData_ForAllKnownExceptionMessages (Parameter 'maxCountAfter' not specified.,40000,0)" computerName="DKSR-EFI-06" duration="00:00:00.0000197" startTime="2024-01-09T15:41:13.7631606+01:00" endTime="2024-01-09T15:41:13.7631606+01:00" testType="13cdc9d9-ddb5-4fa4-a97d-d965ccfc6d4b" outcome="Passed" testListId="8c84fa94-04c1-424b-9868-57a2d4851a1d" relativeResultsDirectory="4e9a7065-2320-4fa7-b98d-e2aad85875a1" />
    <UnitTestResult executionId="dff40c97-b3e5-41b7-b9a3-c1d4fa34cba6" testId="cdd8338a-8f64-2b0d-80b8-d04a876f0ab6" testName="MapToErrorData_ShouldMapToExpectedErrorData_ForAllKnownExceptionMessages (Output Activate not allowed,40000,0)" computerName="DKSR-EFI-06" duration="00:00:00.0000145" startTime="2024-01-09T15:41:13.7787859+01:00" endTime="2024-01-09T15:41:13.7787859+01:00" testType="13cdc9d9-ddb5-4fa4-a97d-d965ccfc6d4b" outcome="Passed" testListId="8c84fa94-04c1-424b-9868-57a2d4851a1d" relativeResultsDirectory="dff40c97-b3e5-41b7-b9a3-c1d4fa34cba6" />
    <UnitTestResult executionId="01d2ffd8-4e7e-4f99-8ef2-49a659bd611b" testId="d3545af8-73c1-c374-a8ec-1d3eafe3a2a1" testName="MapToErrorData_ShouldMapToExpectedErrorData_ForAllKnownExceptionMessages (Parameter 'timeLineInformationBeginTime' not specified.,40000,0)" computerName="DKSR-EFI-06" duration="00:00:00.0000221" startTime="2024-01-09T15:41:13.7787859+01:00" endTime="2024-01-09T15:41:13.7787859+01:00" testType="13cdc9d9-ddb5-4fa4-a97d-d965ccfc6d4b" outcome="Passed" testListId="8c84fa94-04c1-424b-9868-57a2d4851a1d" relativeResultsDirectory="01d2ffd8-4e7e-4f99-8ef2-49a659bd611b" />
    <UnitTestResult executionId="82cf1089-dabf-4060-96fe-5a304b900802" testId="59a12284-4e9a-63e6-7529-f2a301ae1764" testName="MapToErrorData_ShouldMapToExpectedErrorData_ForAllKnownExceptionMessages (Version mismatch,10001,0)" computerName="DKSR-EFI-06" duration="00:00:00.0004098" startTime="2024-01-09T15:41:13.7787859+01:00" endTime="2024-01-09T15:41:13.7787859+01:00" testType="13cdc9d9-ddb5-4fa4-a97d-d965ccfc6d4b" outcome="Passed" testListId="8c84fa94-04c1-424b-9868-57a2d4851a1d" relativeResultsDirectory="82cf1089-dabf-4060-96fe-5a304b900802" />
    <UnitTestResult executionId="9a6bf84d-8b5c-4655-8b0b-8c37e5455db7" testId="9b2791c0-dcae-133d-0e0c-d44992443afd" testName="MapToErrorData_ShouldMapToExpectedErrorData_ForAllKnownExceptionMessages (Parameter 'bottom' not specified.,40000,0)" computerName="DKSR-EFI-06" duration="00:00:00.0000187" startTime="2024-01-09T15:41:13.7631606+01:00" endTime="2024-01-09T15:41:13.7631606+01:00" testType="13cdc9d9-ddb5-4fa4-a97d-d965ccfc6d4b" outcome="Passed" testListId="8c84fa94-04c1-424b-9868-57a2d4851a1d" relativeResultsDirectory="9a6bf84d-8b5c-4655-8b0b-8c37e5455db7" />
    <UnitTestResult executionId="1cd6167b-cebc-44bf-8f7b-39b6141863c8" testId="8be3d1c2-a65d-f8a9-2393-a7fd5a011e1e" testName="MapToErrorData_ShouldMapToExpectedErrorData_ForAllKnownExceptionMessages (Device AACBA580-2202-4D25-9E27-2B193F56DEE9 not found.,40000,0)" computerName="DKSR-EFI-06" duration="00:00:00.0000150" startTime="2024-01-09T15:41:13.7787859+01:00" endTime="2024-01-09T15:41:13.7787859+01:00" testType="13cdc9d9-ddb5-4fa4-a97d-d965ccfc6d4b" outcome="Passed" testListId="8c84fa94-04c1-424b-9868-57a2d4851a1d" relativeResultsDirectory="1cd6167b-cebc-44bf-8f7b-39b6141863c8" />
    <UnitTestResult executionId="c2ddb870-abd1-44cc-a70d-aa5a79386af4" testId="0059003f-fecd-45c7-015c-ea73a5f6a26d" testName="MapToErrorData_ShouldMapToExpectedErrorData_ForAllKnownExceptionMessages (Parameter 'top' not specified.,40000,0)" computerName="DKSR-EFI-06" duration="00:00:00.0000193" startTime="2024-01-09T15:41:13.7631606+01:00" endTime="2024-01-09T15:41:13.7631606+01:00" testType="13cdc9d9-ddb5-4fa4-a97d-d965ccfc6d4b" outcome="Passed" testListId="8c84fa94-04c1-424b-9868-57a2d4851a1d" relativeResultsDirectory="c2ddb870-abd1-44cc-a70d-aa5a79386af4" />
    <UnitTestResult executionId="1fed6399-c7f9-4717-b6ea-4f14f33e6f97" testId="22c6193f-fa6b-3dd2-48f8-103f19932add" testName="MapToErrorData_ShouldMapToExpectedErrorData_ForAllKnownExceptionMessages (Cannot pause a session which is not running.,40295,33)" computerName="DKSR-EFI-06" duration="00:00:00.0000120" startTime="2024-01-09T15:41:13.7475363+01:00" endTime="2024-01-09T15:41:13.7475363+01:00" testType="13cdc9d9-ddb5-4fa4-a97d-d965ccfc6d4b" outcome="Passed" testListId="8c84fa94-04c1-424b-9868-57a2d4851a1d" relativeResultsDirectory="1fed6399-c7f9-4717-b6ea-4f14f33e6f97" />
    <UnitTestResult executionId="0bda197f-131e-451a-84a7-58253b2dae9b" testId="4c1a12a7-ab57-72c7-a05f-0922e2f905a4" testName="MapToErrorData_ShouldMapToExpectedErrorData_ForAllKnownExceptionMessages (Parameter 'searchMask/Size/Width' not specified.,40000,0)" computerName="DKSR-EFI-06" duration="00:00:00.0000252" startTime="2024-01-09T15:41:13.7631606+01:00" endTime="2024-01-09T15:41:13.7631606+01:00" testType="13cdc9d9-ddb5-4fa4-a97d-d965ccfc6d4b" outcome="Passed" testListId="8c84fa94-04c1-424b-9868-57a2d4851a1d" relativeResultsDirectory="0bda197f-131e-451a-84a7-58253b2dae9b" />
    <UnitTestResult executionId="bdcc98b5-d339-4d33-b2ed-a5c79bdd006b" testId="c1aae47b-7b1c-2e0a-12be-5061709a6c0b" testName="MapToErrorData_ShouldMapToExpectedErrorData_ForAllKnownExceptionMessages (Parameter 'refWidth' not specified.,40000,0)" computerName="DKSR-EFI-06" duration="00:00:00.0000166" startTime="2024-01-09T15:41:13.7475363+01:00" endTime="2024-01-09T15:41:13.7475363+01:00" testType="13cdc9d9-ddb5-4fa4-a97d-d965ccfc6d4b" outcome="Passed" testListId="8c84fa94-04c1-424b-9868-57a2d4851a1d" relativeResultsDirectory="bdcc98b5-d339-4d33-b2ed-a5c79bdd006b" />
    <UnitTestResult executionId="5cb3575b-403f-4f8e-9312-80d64e19dbbc" testId="9c0dce28-4095-843a-0a45-1ced74896366" testName="MapToErrorData_ShouldMapToExpectedErrorData_ForAllKnownExceptionMessages (Parameter 'zoom' not specified.,40000,0)" computerName="DKSR-EFI-06" duration="00:00:00.0000175" startTime="2024-01-09T15:41:13.7631606+01:00" endTime="2024-01-09T15:41:13.7631606+01:00" testType="13cdc9d9-ddb5-4fa4-a97d-d965ccfc6d4b" outcome="Passed" testListId="8c84fa94-04c1-424b-9868-57a2d4851a1d" relativeResultsDirectory="5cb3575b-403f-4f8e-9312-80d64e19dbbc" />
    <UnitTestResult executionId="95789892-ee44-4297-90fd-e7a26b47b380" testId="3fade5f4-11ff-9f95-0f20-59ad7987491c" testName="MapToErrorData_ShouldMapToExpectedErrorData_ForAllKnownExceptionMessages (Parameter 'resultMotionMaskSize/Width' not specified.,40000,0)" computerName="DKSR-EFI-06" duration="00:00:00.0000253" startTime="2024-01-09T15:41:13.7631606+01:00" endTime="2024-01-09T15:41:13.7787859+01:00" testType="13cdc9d9-ddb5-4fa4-a97d-d965ccfc6d4b" outcome="Passed" testListId="8c84fa94-04c1-424b-9868-57a2d4851a1d" relativeResultsDirectory="95789892-ee44-4297-90fd-e7a26b47b380" />
    <UnitTestResult executionId="5bd4aba9-f9bf-45fa-b30e-46a568dbc635" testId="a4074f04-ca9c-7f3a-27dd-3f43d667f62b" testName="MapToErrorData_ShouldMapToExpectedErrorData_ForAllKnownExceptionMessages (Parameter 'searchEndTime' not specified.,40000,0)" computerName="DKSR-EFI-06" duration="00:00:00.0000230" startTime="2024-01-09T15:41:13.7631606+01:00" endTime="2024-01-09T15:41:13.7631606+01:00" testType="13cdc9d9-ddb5-4fa4-a97d-d965ccfc6d4b" outcome="Passed" testListId="8c84fa94-04c1-424b-9868-57a2d4851a1d" relativeResultsDirectory="5bd4aba9-f9bf-45fa-b30e-46a568dbc635" />
    <UnitTestResult executionId="782657a9-81e4-4a86-a79b-700490211689" testId="c58af070-d07e-9e95-d58c-4c938f189840" testName="MapToErrorData_ShouldMapToExpectedErrorData_ForAllKnownExceptionMessages (Content-Length is not valid,10000,0)" computerName="DKSR-EFI-06" duration="00:00:00.0000266" startTime="2024-01-09T15:41:13.7944100+01:00" endTime="2024-01-09T15:41:13.7944100+01:00" testType="13cdc9d9-ddb5-4fa4-a97d-d965ccfc6d4b" outcome="Passed" testListId="8c84fa94-04c1-424b-9868-57a2d4851a1d" relativeResultsDirectory="782657a9-81e4-4a86-a79b-700490211689" />
    <UnitTestResult executionId="61875a40-4de6-4bc9-9cb1-553854e1da3a" testId="4e8526a2-21e6-96c3-62dd-a123b69eb25e" testName="MapToErrorData_ShouldMapToExpectedErrorData_ForAllKnownExceptionMessages (Cannot release non existing session.,40295,33)" computerName="DKSR-EFI-06" duration="00:00:00.0000127" startTime="2024-01-09T15:41:13.7475363+01:00" endTime="2024-01-09T15:41:13.7475363+01:00" testType="13cdc9d9-ddb5-4fa4-a97d-d965ccfc6d4b" outcome="Passed" testListId="8c84fa94-04c1-424b-9868-57a2d4851a1d" relativeResultsDirectory="61875a40-4de6-4bc9-9cb1-553854e1da3a" />
    <UnitTestResult executionId="95f8501a-15d5-45d0-a82b-3170ff2fbb57" testId="da55e9b6-e338-389a-ee23-8f76fe1d70b2" testName="MapToErrorData_ShouldMapToExpectedErrorData_ForAllKnownExceptionMessages (Parameter 'maxWidth' not specified.,40000,0)" computerName="DKSR-EFI-06" duration="00:00:00.0000164" startTime="2024-01-09T15:41:13.7475363+01:00" endTime="2024-01-09T15:41:13.7475363+01:00" testType="13cdc9d9-ddb5-4fa4-a97d-d965ccfc6d4b" outcome="Passed" testListId="8c84fa94-04c1-424b-9868-57a2d4851a1d" relativeResultsDirectory="95f8501a-15d5-45d0-a82b-3170ff2fbb57" />
    <UnitTestResult executionId="bb87744d-afd6-4023-9bfa-a7dbbbfe8ae8" testId="a4061941-463c-b9c5-eab7-f048b396093b" testName="MapToErrorData_ShouldMapToExpectedErrorData_ForAllKnownExceptionMessages (Parameter 'timeLineInformationCount' not specified.,40000,0)" computerName="DKSR-EFI-06" duration="00:00:00.0000222" startTime="2024-01-09T15:41:13.7787859+01:00" endTime="2024-01-09T15:41:13.7787859+01:00" testType="13cdc9d9-ddb5-4fa4-a97d-d965ccfc6d4b" outcome="Passed" testListId="8c84fa94-04c1-424b-9868-57a2d4851a1d" relativeResultsDirectory="bb87744d-afd6-4023-9bfa-a7dbbbfe8ae8" />
    <UnitTestResult executionId="f5f244b8-b9a1-45d1-a35b-a6860003a321" testId="0a56f9d6-a112-b49c-99d2-6b5e683875e5" testName="MapToErrorData_ShouldMapToExpectedErrorData_ForAllKnownExceptionMessages (Request rejected, no active session.,40295,30)" computerName="DKSR-EFI-06" duration="00:00:00.0000129" startTime="2024-01-09T15:41:13.7475363+01:00" endTime="2024-01-09T15:41:13.7475363+01:00" testType="13cdc9d9-ddb5-4fa4-a97d-d965ccfc6d4b" outcome="Passed" testListId="8c84fa94-04c1-424b-9868-57a2d4851a1d" relativeResultsDirectory="f5f244b8-b9a1-45d1-a35b-a6860003a321" />
    <UnitTestResult executionId="54f179f3-81e9-4f55-ad09-15a181518ca3" testId="915e587d-8f0f-190e-8430-9f8b18a5f74c" testName="MapToErrorData_ShouldMapToExpectedErrorData_ForAllKnownExceptionMessages (Export of JPEG not allowed(restricted media or dataSecurityExtension),40000,0)" computerName="DKSR-EFI-06" duration="00:00:00.0000157" startTime="2024-01-09T15:41:13.7787859+01:00" endTime="2024-01-09T15:41:13.7787859+01:00" testType="13cdc9d9-ddb5-4fa4-a97d-d965ccfc6d4b" outcome="Passed" testListId="8c84fa94-04c1-424b-9868-57a2d4851a1d" relativeResultsDirectory="54f179f3-81e9-4f55-ad09-15a181518ca3" />
    <UnitTestResult executionId="be7ed77e-3308-4d4b-9e8b-934a4421e40b" testId="8b6f5710-0077-cb47-63e9-3da381f7e79a" testName="MapToErrorData_ShouldMapToExpectedErrorData_ForAllKnownExceptionMessages (Parameter 'maxCount' not specified.,40000,0)" computerName="DKSR-EFI-06" duration="00:00:00.0000236" startTime="2024-01-09T15:41:13.7631606+01:00" endTime="2024-01-09T15:41:13.7631606+01:00" testType="13cdc9d9-ddb5-4fa4-a97d-d965ccfc6d4b" outcome="Passed" testListId="8c84fa94-04c1-424b-9868-57a2d4851a1d" relativeResultsDirectory="be7ed77e-3308-4d4b-9e8b-934a4421e40b" />
    <UnitTestResult executionId="06c3492b-37a2-4f8c-b162-aa3a6ef40981" testId="0eb433f0-d269-14d0-6aaa-7c45d4c8694e" testName="MapToErrorData_ShouldMapToExpectedErrorData_ForAllKnownExceptionMessages (Parameter 'command' not specified.,40000,0)" computerName="DKSR-EFI-06" duration="00:00:00.0000196" startTime="2024-01-09T15:41:13.7631606+01:00" endTime="2024-01-09T15:41:13.7631606+01:00" testType="13cdc9d9-ddb5-4fa4-a97d-d965ccfc6d4b" outcome="Passed" testListId="8c84fa94-04c1-424b-9868-57a2d4851a1d" relativeResultsDirectory="06c3492b-37a2-4f8c-b162-aa3a6ef40981" />
    <UnitTestResult executionId="3183c30b-c523-4a86-b245-98f4d75db562" testId="1c563eee-ea87-f8a5-f58c-30288f22e43f" testName="MapToErrorData_ShouldMapToExpectedErrorData_ForAllKnownExceptionMessages (Parameter 'deviceIds' not specified.,40000,0)" computerName="DKSR-EFI-06" duration="00:00:00.0000233" startTime="2024-01-09T15:41:13.7787859+01:00" endTime="2024-01-09T15:41:13.7787859+01:00" testType="13cdc9d9-ddb5-4fa4-a97d-d965ccfc6d4b" outcome="Passed" testListId="8c84fa94-04c1-424b-9868-57a2d4851a1d" relativeResultsDirectory="3183c30b-c523-4a86-b245-98f4d75db562" />
    <UnitTestResult executionId="aa357cb6-0ca5-4b38-96bd-348b026187a6" testId="79fdae02-0bfd-e82a-33da-98d1a67c4e34" testName="MapToErrorData_ShouldMapToExpectedErrorData_ForAllKnownExceptionMessages (Cannot perform session request without an active session.,40295,30)" computerName="DKSR-EFI-06" duration="00:00:00.0000152" startTime="2024-01-09T15:41:13.7475363+01:00" endTime="2024-01-09T15:41:13.7475363+01:00" testType="13cdc9d9-ddb5-4fa4-a97d-d965ccfc6d4b" outcome="Passed" testListId="8c84fa94-04c1-424b-9868-57a2d4851a1d" relativeResultsDirectory="aa357cb6-0ca5-4b38-96bd-348b026187a6" />
    <UnitTestResult executionId="05546961-4550-403a-9f04-79db195e2caa" testId="4d0f8589-1874-0df7-6978-303c6332b26e" testName="MapToErrorData_ShouldMapToExpectedErrorData_ForAllKnownExceptionMessages ('searchMask' parameters does not match: Expected length = 50,40000,0)" computerName="DKSR-EFI-06" duration="00:00:00.0000243" startTime="2024-01-09T15:41:13.7787859+01:00" endTime="2024-01-09T15:41:13.7787859+01:00" testType="13cdc9d9-ddb5-4fa4-a97d-d965ccfc6d4b" outcome="Passed" testListId="8c84fa94-04c1-424b-9868-57a2d4851a1d" relativeResultsDirectory="05546961-4550-403a-9f04-79db195e2caa" />
    <UnitTestResult executionId="ea038e32-5691-4a7d-8df3-98a0cba4afcf" testId="ff103666-7b67-1452-076d-b772085954fa" testName="MapToErrorData_ShouldMapToExpectedErrorData_ForAllKnownExceptionMessages (Feature not licensed.,40295,100)" computerName="DKSR-EFI-06" duration="00:00:00.0000139" startTime="2024-01-09T15:41:13.7475363+01:00" endTime="2024-01-09T15:41:13.7475363+01:00" testType="13cdc9d9-ddb5-4fa4-a97d-d965ccfc6d4b" outcome="Passed" testListId="8c84fa94-04c1-424b-9868-57a2d4851a1d" relativeResultsDirectory="ea038e32-5691-4a7d-8df3-98a0cba4afcf" />
    <UnitTestResult executionId="f9b52509-2992-4b6d-813e-eb3c88c9f62c" testId="6ae2af17-6366-e6e0-2b46-d6b8a572d9bb" testName="MapToErrorData_ShouldMapToExpectedErrorData_ForAllKnownExceptionMessages (Cannot start a session which is already running.,40295,32)" computerName="DKSR-EFI-06" duration="00:00:00.0000233" startTime="2024-01-09T15:41:13.7475363+01:00" endTime="2024-01-09T15:41:13.7475363+01:00" testType="13cdc9d9-ddb5-4fa4-a97d-d965ccfc6d4b" outcome="Passed" testListId="8c84fa94-04c1-424b-9868-57a2d4851a1d" relativeResultsDirectory="f9b52509-2992-4b6d-813e-eb3c88c9f62c" />
    <UnitTestResult executionId="16998590-4826-4fc1-80d3-64fee49cccb0" testId="172200d1-41c8-c116-53fd-579deb4ba039" testName="MapToErrorData_ShouldMapToExpectedErrorData_ForAllKnownExceptionMessages (Request skipped - too many requests in queue,40295,21)" computerName="DKSR-EFI-06" duration="00:00:00.0000156" startTime="2024-01-09T15:41:13.7475363+01:00" endTime="2024-01-09T15:41:13.7475363+01:00" testType="13cdc9d9-ddb5-4fa4-a97d-d965ccfc6d4b" outcome="Passed" testListId="8c84fa94-04c1-424b-9868-57a2d4851a1d" relativeResultsDirectory="16998590-4826-4fc1-80d3-64fee49cccb0" />
    <UnitTestResult executionId="d73b59c4-685d-473e-ab28-2e45cb92bc3c" testId="ae55695f-890f-c83f-67e2-608689c65dde" testName="MapToErrorData_ShouldMapToExpectedErrorData_ForAllKnownExceptionMessages (Parameter 'statusSessionId' not specified.,40000,0)" computerName="DKSR-EFI-06" duration="00:00:00.0000253" startTime="2024-01-09T15:41:13.7787859+01:00" endTime="2024-01-09T15:41:13.7787859+01:00" testType="13cdc9d9-ddb5-4fa4-a97d-d965ccfc6d4b" outcome="Passed" testListId="8c84fa94-04c1-424b-9868-57a2d4851a1d" relativeResultsDirectory="d73b59c4-685d-473e-ab28-2e45cb92bc3c" />
    <UnitTestResult executionId="6ef74630-086f-4bda-8c0a-5b010cfa771f" testId="65e1ed65-c516-d934-ec2a-4d199e8e08f1" testName="MapToErrorData_ShouldMapToExpectedErrorData_ForAllKnownExceptionMessages (Patrolling session has not been started.,40295,40)" computerName="DKSR-EFI-06" duration="00:00:00.0000137" startTime="2024-01-09T15:41:13.7475363+01:00" endTime="2024-01-09T15:41:13.7475363+01:00" testType="13cdc9d9-ddb5-4fa4-a97d-d965ccfc6d4b" outcome="Passed" testListId="8c84fa94-04c1-424b-9868-57a2d4851a1d" relativeResultsDirectory="6ef74630-086f-4bda-8c0a-5b010cfa771f" />
    <UnitTestResult executionId="b3759171-a57b-49e4-9706-72a87a06c167" testId="bd204008-9037-1a9e-afde-169812f51ba5" testName="MapToErrorData_ShouldMapToExpectedErrorData_ForAllKnownExceptionMessages (No token supplied,20001,1)" computerName="DKSR-EFI-06" duration="00:00:00.0246867" startTime="2024-01-09T15:41:13.5602363+01:00" endTime="2024-01-09T15:41:13.7162847+01:00" testType="13cdc9d9-ddb5-4fa4-a97d-d965ccfc6d4b" outcome="Passed" testListId="8c84fa94-04c1-424b-9868-57a2d4851a1d" relativeResultsDirectory="b3759171-a57b-49e4-9706-72a87a06c167" />
    <UnitTestResult executionId="25a8de09-3aa7-4c25-8cbb-9ff8abfae29b" testId="6b4b90d8-d3e9-0094-2600-28c6df9535e2" testName="MapToErrorData_ShouldMapToExpectedErrorData_ForAllKnownExceptionMessages (Parameter 'millisecondsTimeout' not specified.,40000,0)" computerName="DKSR-EFI-06" duration="00:00:00.0000254" startTime="2024-01-09T15:41:13.7787859+01:00" endTime="2024-01-09T15:41:13.7787859+01:00" testType="13cdc9d9-ddb5-4fa4-a97d-d965ccfc6d4b" outcome="Passed" testListId="8c84fa94-04c1-424b-9868-57a2d4851a1d" relativeResultsDirectory="25a8de09-3aa7-4c25-8cbb-9ff8abfae29b" />
    <UnitTestResult executionId="a2b25003-e4e4-450a-ac3a-8014c7d1098c" testId="3de451e6-e9ff-60cf-caf1-eded2476da5e" testName="MapToErrorData_ShouldMapToExpectedErrorData_ForAllKnownExceptionMessages (Parameter 'centerX' not specified.,40000,0)" computerName="DKSR-EFI-06" duration="00:00:00.0000178" startTime="2024-01-09T15:41:13.7475363+01:00" endTime="2024-01-09T15:41:13.7631606+01:00" testType="13cdc9d9-ddb5-4fa4-a97d-d965ccfc6d4b" outcome="Passed" testListId="8c84fa94-04c1-424b-9868-57a2d4851a1d" relativeResultsDirectory="a2b25003-e4e4-450a-ac3a-8014c7d1098c" />
    <UnitTestResult executionId="6eedfeed-b6ad-46be-81c9-1113b92fa87d" testId="666fbaed-9b35-07e6-c984-97853135c78e" testName="MapToErrorData_ShouldMapToExpectedErrorData_ForAllKnownExceptionMessages (Parameter 'duration' not specified.,40000,0)" computerName="DKSR-EFI-06" duration="00:00:00.0000160" startTime="2024-01-09T15:41:13.7475363+01:00" endTime="2024-01-09T15:41:13.7475363+01:00" testType="13cdc9d9-ddb5-4fa4-a97d-d965ccfc6d4b" outcome="Passed" testListId="8c84fa94-04c1-424b-9868-57a2d4851a1d" relativeResultsDirectory="6eedfeed-b6ad-46be-81c9-1113b92fa87d" />
    <UnitTestResult executionId="47abe1b9-77f8-495e-ba5e-57bfb34e1624" testId="0e2b2cd3-de0d-7f04-6e71-b362597d24fa" testName="MapToErrorData_ShouldMapToExpectedErrorData_ForAllKnownExceptionMessages (Unknown patrolling schema, id=AACBA580-2202-4D25-9E27-2B193F56DEE9,40295,50)" computerName="DKSR-EFI-06" duration="00:00:00.0000145" startTime="2024-01-09T15:41:13.7475363+01:00" endTime="2024-01-09T15:41:13.7475363+01:00" testType="13cdc9d9-ddb5-4fa4-a97d-d965ccfc6d4b" outcome="Passed" testListId="8c84fa94-04c1-424b-9868-57a2d4851a1d" relativeResultsDirectory="47abe1b9-77f8-495e-ba5e-57bfb34e1624" />
    <UnitTestResult executionId="90f4fbc6-303e-4c39-8635-1874c32d8cf7" testId="4d848df5-18de-13ce-9dab-12001bd5ce05" testName="MapToErrorData_ShouldMapToExpectedErrorData_ForAllKnownExceptionMessages (Request rejected, request priority (2) equal to current patrolling priority (2).,40295,43)" computerName="DKSR-EFI-06" duration="00:00:00.0000148" startTime="2024-01-09T15:41:13.7475363+01:00" endTime="2024-01-09T15:41:13.7475363+01:00" testType="13cdc9d9-ddb5-4fa4-a97d-d965ccfc6d4b" outcome="Passed" testListId="8c84fa94-04c1-424b-9868-57a2d4851a1d" relativeResultsDirectory="90f4fbc6-303e-4c39-8635-1874c32d8cf7" />
    <UnitTestResult executionId="24151bd9-94b8-4be3-8f8b-1046a09f043a" testId="5ea4ae92-bea4-eca8-7349-68147908519e" testName="MapToErrorData_ShouldMapToExpectedErrorData_ForAllKnownExceptionMessages (Parameter 'searchBeginTime' not specified.,40000,0)" computerName="DKSR-EFI-06" duration="00:00:00.0000220" startTime="2024-01-09T15:41:13.7631606+01:00" endTime="2024-01-09T15:41:13.7631606+01:00" testType="13cdc9d9-ddb5-4fa4-a97d-d965ccfc6d4b" outcome="Passed" testListId="8c84fa94-04c1-424b-9868-57a2d4851a1d" relativeResultsDirectory="24151bd9-94b8-4be3-8f8b-1046a09f043a" />
    <UnitTestResult executionId="470d0041-ceac-4ab0-a9ec-a0b5980ba46b" testId="4ba9662d-e957-b78d-096a-9e6f10392a1d" testName="MapToErrorData_ShouldMapToExpectedErrorData_ForAllKnownExceptionMessages (Execute request on non-active session is not allowed,40295,31)" computerName="DKSR-EFI-06" duration="00:00:00.0000129" startTime="2024-01-09T15:41:13.7475363+01:00" endTime="2024-01-09T15:41:13.7475363+01:00" testType="13cdc9d9-ddb5-4fa4-a97d-d965ccfc6d4b" outcome="Passed" testListId="8c84fa94-04c1-424b-9868-57a2d4851a1d" relativeResultsDirectory="470d0041-ceac-4ab0-a9ec-a0b5980ba46b" />
    <UnitTestResult executionId="20ff67ef-37fb-4b21-8eed-57cb70d298f6" testId="65ab5780-4796-2c17-0494-85979a046065" testName="MapToErrorData_ShouldMapToExpectedErrorData_ForAllKnownExceptionMessages (Smart Search Start not allowed,40000,0)" computerName="DKSR-EFI-06" duration="00:00:00.0000197" startTime="2024-01-09T15:41:13.7787859+01:00" endTime="2024-01-09T15:41:13.7787859+01:00" testType="13cdc9d9-ddb5-4fa4-a97d-d965ccfc6d4b" outcome="Passed" testListId="8c84fa94-04c1-424b-9868-57a2d4851a1d" relativeResultsDirectory="20ff67ef-37fb-4b21-8eed-57cb70d298f6" />
    <UnitTestResult executionId="25da752b-3987-4286-a78a-87aaabc0fbf4" testId="0dcc6d3f-db9f-7a6a-40d2-7736ed6d4b9d" testName="MapToErrorData_ShouldMapToExpectedErrorData_ForAllKnownExceptionMessages (Parameter 'resultMotionMaskSize' not specified.,40000,0)" computerName="DKSR-EFI-06" duration="00:00:00.0000260" startTime="2024-01-09T15:41:13.7631606+01:00" endTime="2024-01-09T15:41:13.7631606+01:00" testType="13cdc9d9-ddb5-4fa4-a97d-d965ccfc6d4b" outcome="Passed" testListId="8c84fa94-04c1-424b-9868-57a2d4851a1d" relativeResultsDirectory="25da752b-3987-4286-a78a-87aaabc0fbf4" />
    <UnitTestResult executionId="5ba0c23d-2439-430a-ad99-ed295b488db8" testId="e1213634-efce-7a0c-270e-c3e7a5e2307a" testName="MapToErrorData_ShouldMapToExpectedErrorData_ForAllKnownExceptionMessages (Parameter 'time' not specified.,40000,0)" computerName="DKSR-EFI-06" duration="00:00:00.0000142" startTime="2024-01-09T15:41:13.7475363+01:00" endTime="2024-01-09T15:41:13.7475363+01:00" testType="13cdc9d9-ddb5-4fa4-a97d-d965ccfc6d4b" outcome="Passed" testListId="8c84fa94-04c1-424b-9868-57a2d4851a1d" relativeResultsDirectory="5ba0c23d-2439-430a-ad99-ed295b488db8" />
    <UnitTestResult executionId="9c56f314-45ed-4eb7-8eec-743f7249750c" testId="d73e9d51-2e88-07d2-b58d-49d142430958" testName="MapToErrorData_ShouldMapToExpectedErrorData_ForAllKnownExceptionMessages (Cannot perform session request on non-active session.,40295,31)" computerName="DKSR-EFI-06" duration="00:00:00.0000122" startTime="2024-01-09T15:41:13.7475363+01:00" endTime="2024-01-09T15:41:13.7475363+01:00" testType="13cdc9d9-ddb5-4fa4-a97d-d965ccfc6d4b" outcome="Passed" testListId="8c84fa94-04c1-424b-9868-57a2d4851a1d" relativeResultsDirectory="9c56f314-45ed-4eb7-8eec-743f7249750c" />
    <UnitTestResult executionId="88be595a-c0db-49e9-bc3b-5ab0e7638f7e" testId="47a84cb6-b4e8-aeb0-64fc-4d834f10f86d" testName="MapToErrorData_ShouldMapToExpectedErrorData_ForAllKnownExceptionMessages (Unknown session used for Multicast Continue: AACBA580-2202-4D25-9E27-2B193F56DEE9,40000,0)" computerName="DKSR-EFI-06" duration="00:00:00.0000270" startTime="2024-01-09T15:41:13.7787859+01:00" endTime="2024-01-09T15:41:13.7787859+01:00" testType="13cdc9d9-ddb5-4fa4-a97d-d965ccfc6d4b" outcome="Passed" testListId="8c84fa94-04c1-424b-9868-57a2d4851a1d" relativeResultsDirectory="88be595a-c0db-49e9-bc3b-5ab0e7638f7e" />
    <UnitTestResult executionId="d2505c5e-7c12-48e2-b218-ddb0c177485e" testId="1a74203f-edc4-8f5f-edac-50b1758e0fdc" testName="MapToErrorData_ShouldMapToExpectedErrorData_ForAllKnownExceptionMessages (Parameter 'sensitivity' not specified.,40000,0)" computerName="DKSR-EFI-06" duration="00:00:00.0000280" startTime="2024-01-09T15:41:13.7631606+01:00" endTime="2024-01-09T15:41:13.7631606+01:00" testType="13cdc9d9-ddb5-4fa4-a97d-d965ccfc6d4b" outcome="Passed" testListId="8c84fa94-04c1-424b-9868-57a2d4851a1d" relativeResultsDirectory="d2505c5e-7c12-48e2-b218-ddb0c177485e" />
    <UnitTestResult executionId="ebdbd4c5-6ca3-4739-97df-83e5ddda1a93" testId="576db89d-9e4e-f54b-0485-3e8451bbf745" testName="MapToErrorData_ShouldMapToExpectedErrorData_ForAllKnownExceptionMessages (Cannot release patrolling session.,40295,42)" computerName="DKSR-EFI-06" duration="00:00:00.0000124" startTime="2024-01-09T15:41:13.7475363+01:00" endTime="2024-01-09T15:41:13.7475363+01:00" testType="13cdc9d9-ddb5-4fa4-a97d-d965ccfc6d4b" outcome="Passed" testListId="8c84fa94-04c1-424b-9868-57a2d4851a1d" relativeResultsDirectory="ebdbd4c5-6ca3-4739-97df-83e5ddda1a93" />
    <UnitTestResult executionId="154c5990-25d2-43d8-91b7-b2d6c3223abc" testId="295b5c9c-51e7-02f9-12d0-e6e242da33d5" testName="MapToErrorData_ShouldMapToExpectedErrorData_ForAllKnownExceptionMessages (Parameter 'ptzArgs' not specified.,40000,0)" computerName="DKSR-EFI-06" duration="00:00:00.0000180" startTime="2024-01-09T15:41:13.7631606+01:00" endTime="2024-01-09T15:41:13.7631606+01:00" testType="13cdc9d9-ddb5-4fa4-a97d-d965ccfc6d4b" outcome="Passed" testListId="8c84fa94-04c1-424b-9868-57a2d4851a1d" relativeResultsDirectory="154c5990-25d2-43d8-91b7-b2d6c3223abc" />
    <UnitTestResult executionId="2391bf74-5162-4d96-a79a-4eac4f3360f2" testId="3d23044e-83d2-97dd-128c-6d7c3559b20c" testName="MapToErrorData_ShouldMapToExpectedErrorData_ForAllKnownExceptionMessages (Device is not IPreset,40295,11)" computerName="DKSR-EFI-06" duration="00:00:00.0000119" startTime="2024-01-09T15:41:13.7475363+01:00" endTime="2024-01-09T15:41:13.7475363+01:00" testType="13cdc9d9-ddb5-4fa4-a97d-d965ccfc6d4b" outcome="Passed" testListId="8c84fa94-04c1-424b-9868-57a2d4851a1d" relativeResultsDirectory="2391bf74-5162-4d96-a79a-4eac4f3360f2" />
    <UnitTestResult executionId="fd62a0a4-3232-4968-bef7-12bc06796cfe" testId="aeb4bb50-0071-ea1c-74ca-2656e55d006c" testName="MapToErrorData_ShouldMapToExpectedErrorData_ForAllKnownExceptionMessages (Get timeline information not allowed,40000,0)" computerName="DKSR-EFI-06" duration="00:00:00.0000234" startTime="2024-01-09T15:41:13.7787859+01:00" endTime="2024-01-09T15:41:13.7787859+01:00" testType="13cdc9d9-ddb5-4fa4-a97d-d965ccfc6d4b" outcome="Passed" testListId="8c84fa94-04c1-424b-9868-57a2d4851a1d" relativeResultsDirectory="fd62a0a4-3232-4968-bef7-12bc06796cfe" />
    <UnitTestResult executionId="0e1038e5-de7a-4ab3-98ec-002a2fb1d970" testId="d66c7215-8087-9322-e8b4-d3597aafd548" testName="MapToErrorData_ShouldMapToExpectedErrorData_ForAllKnownExceptionMessages (Unknown soap version,10003,0)" computerName="DKSR-EFI-06" duration="00:00:00.0000239" startTime="2024-01-09T15:41:13.7787859+01:00" endTime="2024-01-09T15:41:13.7944100+01:00" testType="13cdc9d9-ddb5-4fa4-a97d-d965ccfc6d4b" outcome="Passed" testListId="8c84fa94-04c1-424b-9868-57a2d4851a1d" relativeResultsDirectory="0e1038e5-de7a-4ab3-98ec-002a2fb1d970" />
    <UnitTestResult executionId="6ee97065-c6e5-420c-9a8b-0e5d7841babb" testId="0ea8c1f1-125e-e4fd-81c6-ba75165b327d" testName="MapToErrorData_ShouldMapToExpectedErrorData_ForAllKnownExceptionMessages (Token invalid,20001,2)" computerName="DKSR-EFI-06" duration="00:00:00.0000264" startTime="2024-01-09T15:41:13.7319130+01:00" endTime="2024-01-09T15:41:13.7319130+01:00" testType="13cdc9d9-ddb5-4fa4-a97d-d965ccfc6d4b" outcome="Passed" testListId="8c84fa94-04c1-424b-9868-57a2d4851a1d" relativeResultsDirectory="6ee97065-c6e5-420c-9a8b-0e5d7841babb" />
    <UnitTestResult executionId="828aa9f7-cd8d-426b-8575-93e6769f39b4" testId="2115e966-5903-3c7e-a670-4f7addbc58c8" testName="MapToErrorData_ShouldMapToExpectedErrorData_ForAllKnownExceptionMessages (Token expired,20001,3)" computerName="DKSR-EFI-06" duration="00:00:00.0000129" startTime="2024-01-09T15:41:13.7319130+01:00" endTime="2024-01-09T15:41:13.7319130+01:00" testType="13cdc9d9-ddb5-4fa4-a97d-d965ccfc6d4b" outcome="Passed" testListId="8c84fa94-04c1-424b-9868-57a2d4851a1d" relativeResultsDirectory="828aa9f7-cd8d-426b-8575-93e6769f39b4" />
    <UnitTestResult executionId="34266344-e6af-47f9-b3e1-a635c9728937" testId="800ee3fd-ee19-4611-91b1-740c9ef63353" testName="MapToErrorData_ShouldMapToExpectedErrorData_ForAllKnownExceptionMessages (Parameter 'centerTime' not specified.,40000,0)" computerName="DKSR-EFI-06" duration="00:00:00.0000216" startTime="2024-01-09T15:41:13.7631606+01:00" endTime="2024-01-09T15:41:13.7631606+01:00" testType="13cdc9d9-ddb5-4fa4-a97d-d965ccfc6d4b" outcome="Passed" testListId="8c84fa94-04c1-424b-9868-57a2d4851a1d" relativeResultsDirectory="34266344-e6af-47f9-b3e1-a635c9728937" />
    <UnitTestResult executionId="e5097941-6628-4c73-8276-25598baf32ad" testId="b41740fa-e9c5-c939-82ae-4974ebcd74c0" testName="MapToErrorData_ShouldMapToExpectedErrorData_ForAllKnownExceptionMessages (Device is not IPtz,40295,10)" computerName="DKSR-EFI-06" duration="00:00:00.0000198" startTime="2024-01-09T15:41:13.7319130+01:00" endTime="2024-01-09T15:41:13.7475363+01:00" testType="13cdc9d9-ddb5-4fa4-a97d-d965ccfc6d4b" outcome="Passed" testListId="8c84fa94-04c1-424b-9868-57a2d4851a1d" relativeResultsDirectory="e5097941-6628-4c73-8276-25598baf32ad" />
    <UnitTestResult executionId="3414e98e-5cb7-4b5d-9c24-e7623ec2272c" testId="3d3e7e9e-2ee9-9715-5f34-a09a9bd5bf0e" testName="MapToErrorData_ShouldMapToExpectedErrorData_ForAllKnownExceptionMessages (Request rejected, request priority (1) lower than current priority (2).,40295,20)" computerName="DKSR-EFI-06" duration="00:00:00.0000118" startTime="2024-01-09T15:41:13.7475363+01:00" endTime="2024-01-09T15:41:13.7475363+01:00" testType="13cdc9d9-ddb5-4fa4-a97d-d965ccfc6d4b" outcome="Passed" testListId="8c84fa94-04c1-424b-9868-57a2d4851a1d" relativeResultsDirectory="3414e98e-5cb7-4b5d-9c24-e7623ec2272c" />
    <UnitTestResult executionId="e07c0ee1-0736-419e-8d46-9b77773dd9e4" testId="9280b064-d4af-dea4-5a19-27bf48d3dc74" testName="MapToErrorData_ShouldMapToExpectedErrorData_ForAllKnownExceptionMessages (Request rejected, request priority (1) lower than current patrolling priority (2).,40295,43)" computerName="DKSR-EFI-06" duration="00:00:00.0000147" startTime="2024-01-09T15:41:13.7475363+01:00" endTime="2024-01-09T15:41:13.7475363+01:00" testType="13cdc9d9-ddb5-4fa4-a97d-d965ccfc6d4b" outcome="Passed" testListId="8c84fa94-04c1-424b-9868-57a2d4851a1d" relativeResultsDirectory="e07c0ee1-0736-419e-8d46-9b77773dd9e4" />
    <UnitTestResult executionId="797be8f5-52a3-4819-9b28-bfa33464364f" testId="1aba1db0-4543-154a-d1e0-6f25332f2e52" testName="MapToErrorData_ShouldMapToExpectedErrorData_ForAllKnownExceptionMessages (Parameter 'right' not a double.,40000,0)" computerName="DKSR-EFI-06" duration="00:00:00.0000186" startTime="2024-01-09T15:41:13.7631606+01:00" endTime="2024-01-09T15:41:13.7631606+01:00" testType="13cdc9d9-ddb5-4fa4-a97d-d965ccfc6d4b" outcome="Passed" testListId="8c84fa94-04c1-424b-9868-57a2d4851a1d" relativeResultsDirectory="797be8f5-52a3-4819-9b28-bfa33464364f" />
    <UnitTestResult executionId="26eedb81-dc34-424d-82cc-38231fd68b13" testId="5eab5dd7-e018-3991-2458-7b039c3933ac" testName="MapToErrorData_ShouldMapToExpectedErrorData_ForAllKnownExceptionMessages (Parameter 'top' not a double.,40000,0)" computerName="DKSR-EFI-06" duration="00:00:00.0000271" startTime="2024-01-09T15:41:13.7631606+01:00" endTime="2024-01-09T15:41:13.7631606+01:00" testType="13cdc9d9-ddb5-4fa4-a97d-d965ccfc6d4b" outcome="Passed" testListId="8c84fa94-04c1-424b-9868-57a2d4851a1d" relativeResultsDirectory="26eedb81-dc34-424d-82cc-38231fd68b13" />
    <UnitTestResult executionId="c7eb2985-44c4-4abd-ac6c-b2d62b6d439b" testId="1fdb8ac2-521d-82cf-3eb4-b6d012ffb316" testName="MapToErrorData_ShouldMapToExpectedErrorData_ForAllKnownExceptionMessages (Token could not be validated at this time,20001,4)" computerName="DKSR-EFI-06" duration="00:00:00.0000082" startTime="2024-01-09T15:41:13.7319130+01:00" endTime="2024-01-09T15:41:13.7319130+01:00" testType="13cdc9d9-ddb5-4fa4-a97d-d965ccfc6d4b" outcome="Passed" testListId="8c84fa94-04c1-424b-9868-57a2d4851a1d" relativeResultsDirectory="c7eb2985-44c4-4abd-ac6c-b2d62b6d439b" />
    <UnitTestResult executionId="dad3bfe2-1e44-41a8-be16-7bf7389bf4a0" testId="9e20e7ce-bab0-1b63-c919-5bdde55a5b34" testName="MapToErrorData_ShouldMapToExpectedErrorData_ForAllKnownExceptionMessages (Parameter 'subscribe' not specified.,40000,0)" computerName="DKSR-EFI-06" duration="00:00:00.0000239" startTime="2024-01-09T15:41:13.7787859+01:00" endTime="2024-01-09T15:41:13.7787859+01:00" testType="13cdc9d9-ddb5-4fa4-a97d-d965ccfc6d4b" outcome="Passed" testListId="8c84fa94-04c1-424b-9868-57a2d4851a1d" relativeResultsDirectory="dad3bfe2-1e44-41a8-be16-7bf7389bf4a0" />
    <UnitTestResult executionId="d5eb7afe-caf6-4f59-9fcb-4e6e45498d15" testId="35d2db73-838a-4679-31e0-b3b8a5bf158b" testName="MapToErrorData_ShouldMapToExpectedErrorData_ForAllKnownExceptionMessages (Unable to get Ptz priority,40000,0)" computerName="DKSR-EFI-06" duration="00:00:00.0000178" startTime="2024-01-09T15:41:13.7787859+01:00" endTime="2024-01-09T15:41:13.7787859+01:00" testType="13cdc9d9-ddb5-4fa4-a97d-d965ccfc6d4b" outcome="Passed" testListId="8c84fa94-04c1-424b-9868-57a2d4851a1d" relativeResultsDirectory="d5eb7afe-caf6-4f59-9fcb-4e6e45498d15" />
    <UnitTestResult executionId="c797c130-2edc-4ed1-9eeb-41b603941863" testId="1a27ff51-14a0-8c6b-edc4-a64d19bf0936" testName="MapToErrorData_ShouldMapToExpectedErrorData_ForAllKnownExceptionMessages (Parameter 'timeLineInformationCount' &lt;= 0.,40000,0)" computerName="DKSR-EFI-06" duration="00:00:00.0000234" startTime="2024-01-09T15:41:13.7787859+01:00" endTime="2024-01-09T15:41:13.7787859+01:00" testType="13cdc9d9-ddb5-4fa4-a97d-d965ccfc6d4b" outcome="Passed" testListId="8c84fa94-04c1-424b-9868-57a2d4851a1d" relativeResultsDirectory="c797c130-2edc-4ed1-9eeb-41b603941863" />
    <UnitTestResult executionId="6dde0eaf-e157-4af4-b34e-6ecf62a73a60" testId="bd82382e-5faa-9d67-ea6a-7c77cc294053" testName="MapToErrorData_ShouldMapToExpectedErrorData_ForAllKnownExceptionMessages (Send driver command not allowed,40000,0)" computerName="DKSR-EFI-06" duration="00:00:00.0000175" startTime="2024-01-09T15:41:13.7787859+01:00" endTime="2024-01-09T15:41:13.7787859+01:00" testType="13cdc9d9-ddb5-4fa4-a97d-d965ccfc6d4b" outcome="Passed" testListId="8c84fa94-04c1-424b-9868-57a2d4851a1d" relativeResultsDirectory="6dde0eaf-e157-4af4-b34e-6ecf62a73a60" />
    <UnitTestResult executionId="18238292-2fd9-4f8c-911b-5dfbb830142c" testId="64215c8b-534d-afc2-4b86-be52a4466b0c" testName="MapToErrorData_ShouldMapToExpectedErrorData_ForAllKnownExceptionMessages (Invalid format. Value 'MicroSeconds' not specified for 'duration' parameter.,40000,0)" computerName="DKSR-EFI-06" duration="00:00:00.0000156" startTime="2024-01-09T15:41:13.7787859+01:00" endTime="2024-01-09T15:41:13.7787859+01:00" testType="13cdc9d9-ddb5-4fa4-a97d-d965ccfc6d4b" outcome="Passed" testListId="8c84fa94-04c1-424b-9868-57a2d4851a1d" relativeResultsDirectory="18238292-2fd9-4f8c-911b-5dfbb830142c" />
    <UnitTestResult executionId="3ac9f657-1c59-4df9-b077-900dd3e01aa3" testId="28df4bf5-2ae5-a1b7-c1a9-2a27479c8315" testName="MapToErrorData_ShouldMapToExpectedErrorData_ForAllKnownExceptionMessages (Manual patrolling cannot be released,40295,42)" computerName="DKSR-EFI-06" duration="00:00:00.0000123" startTime="2024-01-09T15:41:13.7475363+01:00" endTime="2024-01-09T15:41:13.7475363+01:00" testType="13cdc9d9-ddb5-4fa4-a97d-d965ccfc6d4b" outcome="Passed" testListId="8c84fa94-04c1-424b-9868-57a2d4851a1d" relativeResultsDirectory="3ac9f657-1c59-4df9-b077-900dd3e01aa3" />
    <UnitTestResult executionId="435e3b75-8e31-4d5c-94e4-f5ae7e89146a" testId="957247ca-2558-dbe2-b95a-7582437a0332" testName="MapToErrorData_ShouldMapToExpectedErrorData_ForAllKnownExceptionMessages (Parameter 'continueSearch' not specified.,40000,0)" computerName="DKSR-EFI-06" duration="00:00:00.0000286" startTime="2024-01-09T15:41:13.7631606+01:00" endTime="2024-01-09T15:41:13.7631606+01:00" testType="13cdc9d9-ddb5-4fa4-a97d-d965ccfc6d4b" outcome="Passed" testListId="8c84fa94-04c1-424b-9868-57a2d4851a1d" relativeResultsDirectory="435e3b75-8e31-4d5c-94e4-f5ae7e89146a" />
    <UnitTestResult executionId="43e351ec-71a1-43ef-850d-10c2bdbf37d4" testId="1d045e11-1061-435a-e2b7-a2845f1dffd0" testName="MapToErrorData_ShouldMapToExpectedErrorData_ForAllKnownExceptionMessages (Ptz device request failed,40295,0)" computerName="DKSR-EFI-06" duration="00:00:00.0004346" startTime="2024-01-09T15:41:13.7319130+01:00" endTime="2024-01-09T15:41:13.7319130+01:00" testType="13cdc9d9-ddb5-4fa4-a97d-d965ccfc6d4b" outcome="Passed" testListId="8c84fa94-04c1-424b-9868-57a2d4851a1d" relativeResultsDirectory="43e351ec-71a1-43ef-850d-10c2bdbf37d4" />
    <UnitTestResult executionId="1bf88593-c7b2-41ef-9673-1c59c031f7e8" testId="a3bf3d94-4ed7-1750-90e5-f1546c2405da" testName="MapToErrorData_ShouldMapToExpectedErrorData_ForAllKnownExceptionMessages (Parameter 'deviceId' not specified.,40000,0)" computerName="DKSR-EFI-06" duration="00:00:00.0000197" startTime="2024-01-09T15:41:13.7475363+01:00" endTime="2024-01-09T15:41:13.7475363+01:00" testType="13cdc9d9-ddb5-4fa4-a97d-d965ccfc6d4b" outcome="Passed" testListId="8c84fa94-04c1-424b-9868-57a2d4851a1d" relativeResultsDirectory="1bf88593-c7b2-41ef-9673-1c59c031f7e8" />
    <UnitTestResult executionId="16fad012-44e6-46c7-964b-2e128b159185" testId="87550de3-4087-fd61-8938-cd0d996424d8" testName="MapToErrorData_ShouldMapToExpectedErrorData_ForAllKnownExceptionMessages (Parameter 'ignoreInitialMotion' not specified.,40000,0)" computerName="DKSR-EFI-06" duration="00:00:00.0000239" startTime="2024-01-09T15:41:13.7631606+01:00" endTime="2024-01-09T15:41:13.7631606+01:00" testType="13cdc9d9-ddb5-4fa4-a97d-d965ccfc6d4b" outcome="Passed" testListId="8c84fa94-04c1-424b-9868-57a2d4851a1d" relativeResultsDirectory="16fad012-44e6-46c7-964b-2e128b159185" />
    <UnitTestResult executionId="2042b1d1-5046-402f-a9da-53c4a4c79917" testId="0694ff2f-39c5-3307-5e47-db615407ef82" testName="MapToErrorData_ShouldMapToExpectedErrorData_ForAllKnownExceptionMessages (Parameter 'refHeight' not specified.,40000,0)" computerName="DKSR-EFI-06" duration="00:00:00.0000170" startTime="2024-01-09T15:41:13.7475363+01:00" endTime="2024-01-09T15:41:13.7475363+01:00" testType="13cdc9d9-ddb5-4fa4-a97d-d965ccfc6d4b" outcome="Passed" testListId="8c84fa94-04c1-424b-9868-57a2d4851a1d" relativeResultsDirectory="2042b1d1-5046-402f-a9da-53c4a4c79917" />
    <UnitTestResult executionId="32612d64-f693-4f3a-b3c4-334b50cbdfd8" testId="a87678ca-30fd-55a7-2add-b1645afab176" testName="MapToErrorData_ShouldMapToExpectedErrorData_ForAllKnownExceptionMessages (Parameter 'timeLineInformationInterval' not specified.,40000,0)" computerName="DKSR-EFI-06" duration="00:00:00.0000241" startTime="2024-01-09T15:41:13.7787859+01:00" endTime="2024-01-09T15:41:13.7787859+01:00" testType="13cdc9d9-ddb5-4fa4-a97d-d965ccfc6d4b" outcome="Passed" testListId="8c84fa94-04c1-424b-9868-57a2d4851a1d" relativeResultsDirectory="32612d64-f693-4f3a-b3c4-334b50cbdfd8" />
    <UnitTestResult executionId="d601f242-6c50-4e83-9f48-b6934cf6368f" testId="3599cd5f-8ab2-0653-88f8-8fb5661e829f" testName="MapToErrorData_ShouldMapToExpectedErrorData_ForAllKnownExceptionMessages (Reading input is not allowed,40000,0)" computerName="DKSR-EFI-06" duration="00:00:00.0000134" startTime="2024-01-09T15:41:13.7787859+01:00" endTime="2024-01-09T15:41:13.7787859+01:00" testType="13cdc9d9-ddb5-4fa4-a97d-d965ccfc6d4b" outcome="Passed" testListId="8c84fa94-04c1-424b-9868-57a2d4851a1d" relativeResultsDirectory="d601f242-6c50-4e83-9f48-b6934cf6368f" />
    <UnitTestResult executionId="32912d5c-e118-4a4d-a893-528cf91f5fef" testId="2c697a87-e7cf-447a-1a62-614d30deb2d6" testName="MapToErrorData_ShouldMapToExpectedErrorData_ForAllKnownExceptionMessages (Device AACBA580-2202-4D25-9E27-2B193F56DEE9 is not a Ptz device,40295,10)" computerName="DKSR-EFI-06" duration="00:00:00.0000119" startTime="2024-01-09T15:41:13.7319130+01:00" endTime="2024-01-09T15:41:13.7319130+01:00" testType="13cdc9d9-ddb5-4fa4-a97d-d965ccfc6d4b" outcome="Passed" testListId="8c84fa94-04c1-424b-9868-57a2d4851a1d" relativeResultsDirectory="32912d5c-e118-4a4d-a893-528cf91f5fef" />
    <UnitTestResult executionId="5a46003a-35bf-4ddf-9f60-98f35a5b7436" testId="bdd220b6-f97c-d729-b9b6-12fc30d59eb6" testName="MapToErrorData_ShouldMapToExpectedErrorData_ForAllKnownExceptionMessages (Parameter 'left' not specified.,40000,0)" computerName="DKSR-EFI-06" duration="00:00:00.0000191" startTime="2024-01-09T15:41:13.7631606+01:00" endTime="2024-01-09T15:41:13.7631606+01:00" testType="13cdc9d9-ddb5-4fa4-a97d-d965ccfc6d4b" outcome="Passed" testListId="8c84fa94-04c1-424b-9868-57a2d4851a1d" relativeResultsDirectory="5a46003a-35bf-4ddf-9f60-98f35a5b7436" />
    <UnitTestResult executionId="f80f1def-ada6-4758-adcb-721b562b53c8" testId="90ebc816-78b5-f1e7-e5ea-5b48261e88f5" testName="MapToErrorData_ShouldMapToExpectedErrorData_ForAllKnownExceptionMessages (PresetGetList not allowed,40000,0)" computerName="DKSR-EFI-06" duration="00:00:00.0000168" startTime="2024-01-09T15:41:13.7787859+01:00" endTime="2024-01-09T15:41:13.7787859+01:00" testType="13cdc9d9-ddb5-4fa4-a97d-d965ccfc6d4b" outcome="Passed" testListId="8c84fa94-04c1-424b-9868-57a2d4851a1d" relativeResultsDirectory="f80f1def-ada6-4758-adcb-721b562b53c8" />
    <UnitTestResult executionId="f32ca505-7823-4512-88f9-9679ac773b94" testId="22eda521-e9ad-4477-8def-79a825f52192" testName="MapToErrorData_ShouldMapToExpectedErrorData_ForAllKnownExceptionMessages (Parameter 'searchMask/Size' not specified.,40000,0)" computerName="DKSR-EFI-06" duration="00:00:00.0000250" startTime="2024-01-09T15:41:13.7631606+01:00" endTime="2024-01-09T15:41:13.7631606+01:00" testType="13cdc9d9-ddb5-4fa4-a97d-d965ccfc6d4b" outcome="Passed" testListId="8c84fa94-04c1-424b-9868-57a2d4851a1d" relativeResultsDirectory="f32ca505-7823-4512-88f9-9679ac773b94" />
    <UnitTestResult executionId="6c2b5e5e-a852-4964-b2c8-4fd860c38186" testId="424f4c69-d179-070c-3ab3-f54f84071324" testName="MapToErrorData_ShouldMapToExpectedErrorData_ForAllKnownExceptionMessages (Request rejected, current active ptz session is exclusive,40295,80)" computerName="DKSR-EFI-06" duration="00:00:00.0000146" startTime="2024-01-09T15:41:13.7475363+01:00" endTime="2024-01-09T15:41:13.7475363+01:00" testType="13cdc9d9-ddb5-4fa4-a97d-d965ccfc6d4b" outcome="Passed" testListId="8c84fa94-04c1-424b-9868-57a2d4851a1d" relativeResultsDirectory="6c2b5e5e-a852-4964-b2c8-4fd860c38186" />
    <UnitTestResult executionId="1540636c-ad28-4fc2-b449-42ee8b7569d4" testId="9a4f571c-5d90-8e64-9487-2a00abc00dcf" testName="MapToErrorData_ShouldMapToExpectedErrorData_ForAllKnownExceptionMessages (Parameter 'maxTime' not specified.,40000,0)" computerName="DKSR-EFI-06" duration="00:00:00.0000208" startTime="2024-01-09T15:41:13.7631606+01:00" endTime="2024-01-09T15:41:13.7631606+01:00" testType="13cdc9d9-ddb5-4fa4-a97d-d965ccfc6d4b" outcome="Passed" testListId="8c84fa94-04c1-424b-9868-57a2d4851a1d" relativeResultsDirectory="1540636c-ad28-4fc2-b449-42ee8b7569d4" />
    <UnitTestResult executionId="c474c02e-660d-4996-b209-4b846fa09faa" testId="4bbd5f1c-4278-16ef-90d8-37ebb05b89f5" testName="MapToErrorData_ShouldMapToExpectedErrorData_ForAllKnownExceptionMessages (Invalid soap message,10002,0)" computerName="DKSR-EFI-06" duration="00:00:00.0000289" startTime="2024-01-09T15:41:13.7787859+01:00" endTime="2024-01-09T15:41:13.7787859+01:00" testType="13cdc9d9-ddb5-4fa4-a97d-d965ccfc6d4b" outcome="Passed" testListId="8c84fa94-04c1-424b-9868-57a2d4851a1d" relativeResultsDirectory="c474c02e-660d-4996-b209-4b846fa09faa" />
    <UnitTestResult executionId="ea4839c1-3da8-4509-a797-5bf6dd284228" testId="5c98e229-8500-5ace-562c-1baf328a0f4f" testName="MapToErrorData_ShouldMapToExpectedErrorData_ForAllKnownExceptionMessages (Parameter 'left' not a double.,40000,0)" computerName="DKSR-EFI-06" duration="00:00:00.0000195" startTime="2024-01-09T15:41:13.7631606+01:00" endTime="2024-01-09T15:41:13.7631606+01:00" testType="13cdc9d9-ddb5-4fa4-a97d-d965ccfc6d4b" outcome="Passed" testListId="8c84fa94-04c1-424b-9868-57a2d4851a1d" relativeResultsDirectory="ea4839c1-3da8-4509-a797-5bf6dd284228" />
    <UnitTestResult executionId="866827b2-1b21-4e8e-911e-d550ce7d97e9" testId="da2e64d0-07af-bde3-2302-bf64cdb3a322" testName="MapToErrorData_ShouldMapToExpectedErrorData_ForAllKnownExceptionMessages (No response,40000,0)" computerName="DKSR-EFI-06" duration="00:00:00.0000162" startTime="2024-01-09T15:41:13.7787859+01:00" endTime="2024-01-09T15:41:13.7787859+01:00" testType="13cdc9d9-ddb5-4fa4-a97d-d965ccfc6d4b" outcome="Passed" testListId="8c84fa94-04c1-424b-9868-57a2d4851a1d" relativeResultsDirectory="866827b2-1b21-4e8e-911e-d550ce7d97e9" />
    <UnitTestResult executionId="ae18eea5-1696-4ebc-85fd-17773b6e7052" testId="576db89d-9e4e-f54b-0485-3e8451bbf745" testName="MapToErrorData_ShouldMapToExpectedErrorData_ForAllKnownExceptionMessages (Cannot release patrolling session.,40295,42)" computerName="DKSR-EFI-06" duration="00:00:00.0000125" startTime="2024-01-09T15:41:13.7475363+01:00" endTime="2024-01-09T15:41:13.7475363+01:00" testType="13cdc9d9-ddb5-4fa4-a97d-d965ccfc6d4b" outcome="Passed" testListId="8c84fa94-04c1-424b-9868-57a2d4851a1d" relativeResultsDirectory="ae18eea5-1696-4ebc-85fd-17773b6e7052" />
    <UnitTestResult executionId="27656a20-540a-4afc-af56-b9876cd0e36c" testId="52e71d86-781d-3b49-4d82-183580fa775c" testName="MapToErrorData_ShouldMapToExpectedErrorData_ForAllKnownExceptionMessages (Parameter 'right' not specified.,40000,0)" computerName="DKSR-EFI-06" duration="00:00:00.0000194" startTime="2024-01-09T15:41:13.7631606+01:00" endTime="2024-01-09T15:41:13.7631606+01:00" testType="13cdc9d9-ddb5-4fa4-a97d-d965ccfc6d4b" outcome="Passed" testListId="8c84fa94-04c1-424b-9868-57a2d4851a1d" relativeResultsDirectory="27656a20-540a-4afc-af56-b9876cd0e36c" />
    <UnitTestResult executionId="d8647534-859f-4413-a674-64ed1634d299" testId="0bcb192c-3422-b67d-333d-4149b944fb7f" testName="MapToErrorData_ShouldMapToExpectedErrorData_ForAllKnownExceptionMessages (Output Deactivate not allowed,40000,0)" computerName="DKSR-EFI-06" duration="00:00:00.0000125" startTime="2024-01-09T15:41:13.7787859+01:00" endTime="2024-01-09T15:41:13.7787859+01:00" testType="13cdc9d9-ddb5-4fa4-a97d-d965ccfc6d4b" outcome="Passed" testListId="8c84fa94-04c1-424b-9868-57a2d4851a1d" relativeResultsDirectory="d8647534-859f-4413-a674-64ed1634d299" />
    <UnitTestResult executionId="c5c883a8-af7f-48ed-9bf6-a6f7e8acaca8" testId="02eb1136-154c-feaf-762b-a5a207d56ffe" testName="MapToErrorData_ShouldReturnNull_WhenExceptionMessageIsUnmapped" computerName="DKSR-EFI-06" duration="00:00:00.0007789" startTime="2024-01-09T15:41:13.7944100+01:00" endTime="2024-01-09T15:41:13.7944100+01:00" testType="13cdc9d9-ddb5-4fa4-a97d-d965ccfc6d4b" outcome="Passed" testListId="8c84fa94-04c1-424b-9868-57a2d4851a1d" relativeResultsDirectory="c5c883a8-af7f-48ed-9bf6-a6f7e8acaca8" />
    <UnitTestResult executionId="a033329e-861f-4f96-80ba-2acd83d91c86" testId="7de31e4f-524d-563e-c980-d3f3b5e0c02a" testName="MapToErrorData_ShouldMapToExpectedErrorData_ForAllKnownExceptionMessages (PresetSet is not supported,40000,0)" computerName="DKSR-EFI-06" duration="00:00:00.0003709" startTime="2024-01-09T15:41:13.7475363+01:00" endTime="2024-01-09T15:41:13.7475363+01:00" testType="13cdc9d9-ddb5-4fa4-a97d-d965ccfc6d4b" outcome="Passed" testListId="8c84fa94-04c1-424b-9868-57a2d4851a1d" relativeResultsDirectory="a033329e-861f-4f96-80ba-2acd83d91c86" />
    <UnitTestResult executionId="304c2952-f7bd-45da-9331-afcb84fd0ef5" testId="51a9b75e-dd78-20ee-44b6-a81133cd511c" testName="MapToErrorData_ShouldMapToExpectedErrorData_ForAllKnownExceptionMessages (Invalid format. Value 'MicroSeconds' not as a integer for 'duration' parameter.,40000,0)" computerName="DKSR-EFI-06" duration="00:00:00.0000165" startTime="2024-01-09T15:41:13.7787859+01:00" endTime="2024-01-09T15:41:13.7787859+01:00" testType="13cdc9d9-ddb5-4fa4-a97d-d965ccfc6d4b" outcome="Passed" testListId="8c84fa94-04c1-424b-9868-57a2d4851a1d" relativeResultsDirectory="304c2952-f7bd-45da-9331-afcb84fd0ef5" />
    <UnitTestResult executionId="18c5d43e-9309-4804-be22-0049d2a8a4fd" testId="85b85558-4e86-e2e9-f199-a641f389c561" testName="MapToErrorData_ShouldMapToExpectedErrorData_ForAllKnownExceptionMessages (Parameter 'smartSearchId' not specified.,40000,0)" computerName="DKSR-EFI-06" duration="00:00:00.0000225" startTime="2024-01-09T15:41:13.7631606+01:00" endTime="2024-01-09T15:41:13.7631606+01:00" testType="13cdc9d9-ddb5-4fa4-a97d-d965ccfc6d4b" outcome="Passed" testListId="8c84fa94-04c1-424b-9868-57a2d4851a1d" relativeResultsDirectory="18c5d43e-9309-4804-be22-0049d2a8a4fd" />
    <UnitTestResult executionId="204016a9-4784-47e1-8aaa-5613dbb22608" testId="b6d59446-5868-b126-1f6f-04ae35d46aae" testName="MapToErrorData_ShouldMapToExpectedErrorData_ForAllKnownExceptionMessages (Request rejected, Current session is already reserved,40295,70)" computerName="DKSR-EFI-06" duration="00:00:00.0000144" startTime="2024-01-09T15:41:13.7475363+01:00" endTime="2024-01-09T15:41:13.7475363+01:00" testType="13cdc9d9-ddb5-4fa4-a97d-d965ccfc6d4b" outcome="Passed" testListId="8c84fa94-04c1-424b-9868-57a2d4851a1d" relativeResultsDirectory="204016a9-4784-47e1-8aaa-5613dbb22608" />
    <UnitTestResult executionId="9000e28f-43d7-4eb5-966b-5455259d8afb" testId="c9763db6-5c00-40c2-9ccd-8323321799be" testName="MapToErrorData_ShouldMapToExpectedErrorData_ForAllKnownExceptionMessages (Invalid search criteria: xyz,40000,0)" computerName="DKSR-EFI-06" duration="00:00:00.0000146" startTime="2024-01-09T15:41:13.7787859+01:00" endTime="2024-01-09T15:41:13.7787859+01:00" testType="13cdc9d9-ddb5-4fa4-a97d-d965ccfc6d4b" outcome="Passed" testListId="8c84fa94-04c1-424b-9868-57a2d4851a1d" relativeResultsDirectory="9000e28f-43d7-4eb5-966b-5455259d8afb" />
    <UnitTestResult executionId="9b8ea02c-5973-4b54-b980-12a632f6f7de" testId="f2f16517-9644-1cb8-2be5-b84966f8ed01" testName="MapToErrorData_ShouldMapToExpectedErrorData_ForAllKnownExceptionMessages (Parameter 'resultMotionMaskSize/Height' not specified.,40000,0)" computerName="DKSR-EFI-06" duration="00:00:00.0000247" startTime="2024-01-09T15:41:13.7787859+01:00" endTime="2024-01-09T15:41:13.7787859+01:00" testType="13cdc9d9-ddb5-4fa4-a97d-d965ccfc6d4b" outcome="Passed" testListId="8c84fa94-04c1-424b-9868-57a2d4851a1d" relativeResultsDirectory="9b8ea02c-5973-4b54-b980-12a632f6f7de" />
    <UnitTestResult executionId="aea01446-8247-4835-a9b7-1d03dd55ed11" testId="3cbedfad-2aac-5479-6908-c59bcbeadc60" testName="MapToErrorData_ShouldMapToExpectedErrorData_ForAllKnownExceptionMessages (Parameter 'searchInterval/MicroSeconds' not specified.,40000,0)" computerName="DKSR-EFI-06" duration="00:00:00.0000253" startTime="2024-01-09T15:41:13.7631606+01:00" endTime="2024-01-09T15:41:13.7631606+01:00" testType="13cdc9d9-ddb5-4fa4-a97d-d965ccfc6d4b" outcome="Passed" testListId="8c84fa94-04c1-424b-9868-57a2d4851a1d" relativeResultsDirectory="aea01446-8247-4835-a9b7-1d03dd55ed11" />
    <UnitTestResult executionId="edeb3db0-c1fa-4c3a-ba3c-deb52b39f86a" testId="25bff253-f84a-eeff-b6ec-74af700cd0bb" testName="MapToErrorData_ShouldMapToExpectedErrorData_ForAllKnownExceptionMessages (Parameter 'bottom' not a double.,40000,0)" computerName="DKSR-EFI-06" duration="00:00:00.0000210" startTime="2024-01-09T15:41:13.7631606+01:00" endTime="2024-01-09T15:41:13.7631606+01:00" testType="13cdc9d9-ddb5-4fa4-a97d-d965ccfc6d4b" outcome="Passed" testListId="8c84fa94-04c1-424b-9868-57a2d4851a1d" relativeResultsDirectory="edeb3db0-c1fa-4c3a-ba3c-deb52b39f86a" />
    <UnitTestResult executionId="9d6e55fc-6c03-4570-a65a-0d983864e7d5" testId="5bdb8045-eb54-b7d5-a8ab-5f996880126d" testName="MapToErrorData_ShouldMapToExpectedErrorData_ForAllKnownExceptionMessages (Error processing message,10000,0)" computerName="DKSR-EFI-06" duration="00:00:00.0002705" startTime="2024-01-09T15:41:13.7944100+01:00" endTime="2024-01-09T15:41:13.7944100+01:00" testType="13cdc9d9-ddb5-4fa4-a97d-d965ccfc6d4b" outcome="Passed" testListId="8c84fa94-04c1-424b-9868-57a2d4851a1d" relativeResultsDirectory="9d6e55fc-6c03-4570-a65a-0d983864e7d5" />
    <UnitTestResult executionId="03670f7c-0119-40cb-bb7b-4c584dfb6faa" testId="84062b4b-0351-f725-03ca-f5c5abeb6755" testName="MapToErrorData_ShouldMapToExpectedErrorData_ForAllKnownExceptionMessages (Viewing of live JPEG not allowed,40000,0)" computerName="DKSR-EFI-06" duration="00:00:00.0000125" startTime="2024-01-09T15:41:13.7787859+01:00" endTime="2024-01-09T15:41:13.7787859+01:00" testType="13cdc9d9-ddb5-4fa4-a97d-d965ccfc6d4b" outcome="Passed" testListId="8c84fa94-04c1-424b-9868-57a2d4851a1d" relativeResultsDirectory="03670f7c-0119-40cb-bb7b-4c584dfb6faa" />
    <UnitTestResult executionId="8c417086-25e1-45cf-8d8e-ff8ea0aa9cca" testId="dc975a57-f024-2cf0-d923-dd5b1ce7ed63" testName="MapToErrorData_ShouldMapToExpectedErrorData_ForAllKnownExceptionMessages (Parameter 'sequenceType' not specified.,40000,0)" computerName="DKSR-EFI-06" duration="00:00:00.0000219" startTime="2024-01-09T15:41:13.7631606+01:00" endTime="2024-01-09T15:41:13.7631606+01:00" testType="13cdc9d9-ddb5-4fa4-a97d-d965ccfc6d4b" outcome="Passed" testListId="8c84fa94-04c1-424b-9868-57a2d4851a1d" relativeResultsDirectory="8c417086-25e1-45cf-8d8e-ff8ea0aa9cca" />
    <UnitTestResult executionId="33ae111c-38a3-4a72-af9d-d96fbd3b20d8" testId="cdcd4214-dce7-7f93-0171-e10b4fb17398" testName="MapToErrorData_ShouldMapToExpectedErrorData_ForAllKnownExceptionMessages (Parameter 'timeLineInformationInterval/MicroSeconds' not specified.,40000,0)" computerName="DKSR-EFI-06" duration="00:00:00.0000246" startTime="2024-01-09T15:41:13.7787859+01:00" endTime="2024-01-09T15:41:13.7787859+01:00" testType="13cdc9d9-ddb5-4fa4-a97d-d965ccfc6d4b" outcome="Passed" testListId="8c84fa94-04c1-424b-9868-57a2d4851a1d" relativeResultsDirectory="33ae111c-38a3-4a72-af9d-d96fbd3b20d8" />
    <UnitTestResult executionId="5545e324-0284-45a5-a65a-94ef40330bcc" testId="6c105190-3398-c27f-8a28-15b7ab77605a" testName="MapToErrorData_ShouldMapToExpectedErrorData_ForAllKnownExceptionMessages (Parameter 'searchInterval' not specified.,40000,0)" computerName="DKSR-EFI-06" duration="00:00:00.0000296" startTime="2024-01-09T15:41:13.7631606+01:00" endTime="2024-01-09T15:41:13.7631606+01:00" testType="13cdc9d9-ddb5-4fa4-a97d-d965ccfc6d4b" outcome="Passed" testListId="8c84fa94-04c1-424b-9868-57a2d4851a1d" relativeResultsDirectory="5545e324-0284-45a5-a65a-94ef40330bcc" />
    <UnitTestResult executionId="96d821b7-2f93-46ef-9a0c-865789ca18f7" testId="f891573d-1f03-0588-9add-49ce9631761e" testName="MapToErrorData_ShouldMapToExpectedErrorData_ForAllKnownExceptionMessages (Request rejected, request priority (2) equal to current priority (2).,40295,20)" computerName="DKSR-EFI-06" duration="00:00:00.0000129" startTime="2024-01-09T15:41:13.7475363+01:00" endTime="2024-01-09T15:41:13.7475363+01:00" testType="13cdc9d9-ddb5-4fa4-a97d-d965ccfc6d4b" outcome="Passed" testListId="8c84fa94-04c1-424b-9868-57a2d4851a1d" relativeResultsDirectory="96d821b7-2f93-46ef-9a0c-865789ca18f7" />
    <UnitTestResult executionId="6fd24d18-3619-47f8-b221-969275e44f2b" testId="79d01b25-66f4-d649-b353-4b10ed1f4ba5" testName="MapToErrorData_ShouldMapToExpectedErrorData_ForAllKnownExceptionMessages (Parameter 'presetName' not specified.,40000,0)" computerName="DKSR-EFI-06" duration="00:00:00.0000243" startTime="2024-01-09T15:41:13.7631606+01:00" endTime="2024-01-09T15:41:13.7631606+01:00" testType="13cdc9d9-ddb5-4fa4-a97d-d965ccfc6d4b" outcome="Passed" testListId="8c84fa94-04c1-424b-9868-57a2d4851a1d" relativeResultsDirectory="6fd24d18-3619-47f8-b221-969275e44f2b" />
    <UnitTestResult executionId="e0730f6a-0423-48d7-8b8a-202a9fb155ce" testId="c8f1813f-23b4-fee2-18e1-c289bafabb7e" testName="MapToErrorData_ShouldMapToExpectedErrorData_ForAllKnownExceptionMessages (Device is not started,40295,2)" computerName="DKSR-EFI-06" duration="00:00:00.0000113" startTime="2024-01-09T15:41:13.7319130+01:00" endTime="2024-01-09T15:41:13.7319130+01:00" testType="13cdc9d9-ddb5-4fa4-a97d-d965ccfc6d4b" outcome="Passed" testListId="8c84fa94-04c1-424b-9868-57a2d4851a1d" relativeResultsDirectory="e0730f6a-0423-48d7-8b8a-202a9fb155ce" />
    <UnitTestResult executionId="5a18ec34-f2fa-4346-b42a-6bae9da4e509" testId="542ba09a-a2bc-80ea-baa1-516d7b44b960" testName="MapToErrorData_ShouldMapToExpectedErrorData_ForAllKnownExceptionMessages (Parameter 'timeLineInformationTypes' not specified.,40000,0)" computerName="DKSR-EFI-06" duration="00:00:00.0000259" startTime="2024-01-09T15:41:13.7787859+01:00" endTime="2024-01-09T15:41:13.7787859+01:00" testType="13cdc9d9-ddb5-4fa4-a97d-d965ccfc6d4b" outcome="Passed" testListId="8c84fa94-04c1-424b-9868-57a2d4851a1d" relativeResultsDirectory="5a18ec34-f2fa-4346-b42a-6bae9da4e509" />
    <UnitTestResult executionId="fdcee014-5b3a-4f65-87c3-5817c1d04711" testId="8cebbcea-e37f-ee79-2ee6-f63ab99fe3ff" testName="MapToErrorData_ShouldMapToExpectedErrorData_ForAllKnownExceptionMessages (Parameter 'searchMask' not specified.,40000,0)" computerName="DKSR-EFI-06" duration="00:00:00.0000308" startTime="2024-01-09T15:41:13.7631606+01:00" endTime="2024-01-09T15:41:13.7631606+01:00" testType="13cdc9d9-ddb5-4fa4-a97d-d965ccfc6d4b" outcome="Passed" testListId="8c84fa94-04c1-424b-9868-57a2d4851a1d" relativeResultsDirectory="fdcee014-5b3a-4f65-87c3-5817c1d04711" />
    <UnitTestResult executionId="1ad01bca-f1a1-4bbd-8e1d-3c0cc12d5f94" testId="53201f80-7db7-91a0-fd21-4f43dc4c5eaf" testName="MapToErrorData_ShouldMapToExpectedErrorData_ForAllKnownExceptionMessages (Manual Ptz control not allowed,40295,60)" computerName="DKSR-EFI-06" duration="00:00:00.0000135" startTime="2024-01-09T15:41:13.7475363+01:00" endTime="2024-01-09T15:41:13.7475363+01:00" testType="13cdc9d9-ddb5-4fa4-a97d-d965ccfc6d4b" outcome="Passed" testListId="8c84fa94-04c1-424b-9868-57a2d4851a1d" relativeResultsDirectory="1ad01bca-f1a1-4bbd-8e1d-3c0cc12d5f94" />
    <UnitTestResult executionId="edce9452-737d-425c-b5c8-5f9421f54160" testId="91dcd39d-dd7e-a978-6202-7912368d4b45" testName="MapToErrorData_ShouldMapToExpectedErrorData_ForAllKnownExceptionMessages (Insufficient user rights to access Status API,40000,0)" computerName="DKSR-EFI-06" duration="00:00:00.0000359" startTime="2024-01-09T15:41:13.7787859+01:00" endTime="2024-01-09T15:41:13.7787859+01:00" testType="13cdc9d9-ddb5-4fa4-a97d-d965ccfc6d4b" outcome="Passed" testListId="8c84fa94-04c1-424b-9868-57a2d4851a1d" relativeResultsDirectory="edce9452-737d-425c-b5c8-5f9421f54160" />
  </Results>
  <TestDefinitions>
    <UnitTest name="MapToErrorData_ShouldMapToExpectedErrorData_ForAllKnownExceptionMessages (Parameter 'centerX' not specified.,40000,0)" storage="d:\actions-runner\_work\xpco\xpco\common\videoos.universal\videoos.universal.recorder.client.unittests\bin\debug\net472\videoos.universal.recorder.client.unittests.dll" id="3de451e6-e9ff-60cf-caf1-eded2476da5e">
      <Execution id="a2b25003-e4e4-450a-ac3a-8014c7d1098c" />
      <TestMethod codeBase="D:\actions-runner\_work\XPCO\XPCO\Common\VideoOS.Universal\VideoOS.Universal.Recorder.Client.UnitTests\bin\Debug\net472\VideoOS.Universal.Recorder.Client.UnitTests.dll" adapterTypeName="executor://mstestadapter/v2" className="VideoOS.Universal.Recorder.Client.UnitTests.ErrorMappingTests" name="MapToErrorData_ShouldMapToExpectedErrorData_ForAllKnownExceptionMessages" />
    </UnitTest>
    <UnitTest name="MapToErrorData_ShouldMapToExpectedErrorData_ForAllKnownExceptionMessages (Device not ready, device Id =AACBA580-2202-4D25-9E27-2B193F56DEE9,40295,2)" storage="d:\actions-runner\_work\xpco\xpco\common\videoos.universal\videoos.universal.recorder.client.unittests\bin\debug\net472\videoos.universal.recorder.client.unittests.dll" id="5b36286e-511e-b92e-c691-7507e5edcbd9">
      <Execution id="1e0cdd58-7539-41a1-b721-d608aa012dec" />
      <TestMethod codeBase="D:\actions-runner\_work\XPCO\XPCO\Common\VideoOS.Universal\VideoOS.Universal.Recorder.Client.UnitTests\bin\Debug\net472\VideoOS.Universal.Recorder.Client.UnitTests.dll" adapterTypeName="executor://mstestadapter/v2" className="VideoOS.Universal.Recorder.Client.UnitTests.ErrorMappingTests" name="MapToErrorData_ShouldMapToExpectedErrorData_ForAllKnownExceptionMessages" />
    </UnitTest>
    <UnitTest name="MapToErrorData_ShouldMapToExpectedErrorData_ForAllKnownExceptionMessages (Parameter 'presetName' not specified.,40000,0)" storage="d:\actions-runner\_work\xpco\xpco\common\videoos.universal\videoos.universal.recorder.client.unittests\bin\debug\net472\videoos.universal.recorder.client.unittests.dll" id="79d01b25-66f4-d649-b353-4b10ed1f4ba5">
      <Execution id="6fd24d18-3619-47f8-b221-969275e44f2b" />
      <TestMethod codeBase="D:\actions-runner\_work\XPCO\XPCO\Common\VideoOS.Universal\VideoOS.Universal.Recorder.Client.UnitTests\bin\Debug\net472\VideoOS.Universal.Recorder.Client.UnitTests.dll" adapterTypeName="executor://mstestadapter/v2" className="VideoOS.Universal.Recorder.Client.UnitTests.ErrorMappingTests" name="MapToErrorData_ShouldMapToExpectedErrorData_ForAllKnownExceptionMessages" />
    </UnitTest>
    <UnitTest name="MapToErrorData_ShouldMapToExpectedErrorData_ForAllKnownExceptionMessages (Request skipped - too many requests in queue,40295,21)" storage="d:\actions-runner\_work\xpco\xpco\common\videoos.universal\videoos.universal.recorder.client.unittests\bin\debug\net472\videoos.universal.recorder.client.unittests.dll" id="172200d1-41c8-c116-53fd-579deb4ba039">
      <Execution id="16998590-4826-4fc1-80d3-64fee49cccb0" />
      <TestMethod codeBase="D:\actions-runner\_work\XPCO\XPCO\Common\VideoOS.Universal\VideoOS.Universal.Recorder.Client.UnitTests\bin\Debug\net472\VideoOS.Universal.Recorder.Client.UnitTests.dll" adapterTypeName="executor://mstestadapter/v2" className="VideoOS.Universal.Recorder.Client.UnitTests.ErrorMappingTests" name="MapToErrorData_ShouldMapToExpectedErrorData_ForAllKnownExceptionMessages" />
    </UnitTest>
    <UnitTest name="MapToErrorData_ShouldMapToExpectedErrorData_ForAllKnownExceptionMessages (Parameter 'bottom' not a double.,40000,0)" storage="d:\actions-runner\_work\xpco\xpco\common\videoos.universal\videoos.universal.recorder.client.unittests\bin\debug\net472\videoos.universal.recorder.client.unittests.dll" id="25bff253-f84a-eeff-b6ec-74af700cd0bb">
      <Execution id="edeb3db0-c1fa-4c3a-ba3c-deb52b39f86a" />
      <TestMethod codeBase="D:\actions-runner\_work\XPCO\XPCO\Common\VideoOS.Universal\VideoOS.Universal.Recorder.Client.UnitTests\bin\Debug\net472\VideoOS.Universal.Recorder.Client.UnitTests.dll" adapterTypeName="executor://mstestadapter/v2" className="VideoOS.Universal.Recorder.Client.UnitTests.ErrorMappingTests" name="MapToErrorData_ShouldMapToExpectedErrorData_ForAllKnownExceptionMessages" />
    </UnitTest>
    <UnitTest name="MapToErrorData_ShouldMapToExpectedErrorData_ForAllKnownExceptionMessages (Device AACBA580-2202-4D25-9E27-2B193F56DEE9 does not exist,40295,1)" storage="d:\actions-runner\_work\xpco\xpco\common\videoos.universal\videoos.universal.recorder.client.unittests\bin\debug\net472\videoos.universal.recorder.client.unittests.dll" id="6959902c-944b-3b12-47f4-15d4969107f4">
      <Execution id="88114d47-5e43-4649-859c-108feb0de0d4" />
      <TestMethod codeBase="D:\actions-runner\_work\XPCO\XPCO\Common\VideoOS.Universal\VideoOS.Universal.Recorder.Client.UnitTests\bin\Debug\net472\VideoOS.Universal.Recorder.Client.UnitTests.dll" adapterTypeName="executor://mstestadapter/v2" className="VideoOS.Universal.Recorder.Client.UnitTests.ErrorMappingTests" name="MapToErrorData_ShouldMapToExpectedErrorData_ForAllKnownExceptionMessages" />
    </UnitTest>
    <UnitTest name="MapToErrorData_ShouldMapToExpectedErrorData_ForAllKnownExceptionMessages (Request rejected, current active ptz session is exclusive,40295,80)" storage="d:\actions-runner\_work\xpco\xpco\common\videoos.universal\videoos.universal.recorder.client.unittests\bin\debug\net472\videoos.universal.recorder.client.unittests.dll" id="424f4c69-d179-070c-3ab3-f54f84071324">
      <Execution id="6c2b5e5e-a852-4964-b2c8-4fd860c38186" />
      <TestMethod codeBase="D:\actions-runner\_work\XPCO\XPCO\Common\VideoOS.Universal\VideoOS.Universal.Recorder.Client.UnitTests\bin\Debug\net472\VideoOS.Universal.Recorder.Client.UnitTests.dll" adapterTypeName="executor://mstestadapter/v2" className="VideoOS.Universal.Recorder.Client.UnitTests.ErrorMappingTests" name="MapToErrorData_ShouldMapToExpectedErrorData_ForAllKnownExceptionMessages" />
    </UnitTest>
    <UnitTest name="MapToErrorData_ShouldMapToExpectedErrorData_ForAllKnownExceptionMessages (Parameter 'searchBeginTime' not specified.,40000,0)" storage="d:\actions-runner\_work\xpco\xpco\common\videoos.universal\videoos.universal.recorder.client.unittests\bin\debug\net472\videoos.universal.recorder.client.unittests.dll" id="5ea4ae92-bea4-eca8-7349-68147908519e">
      <Execution id="24151bd9-94b8-4be3-8f8b-1046a09f043a" />
      <TestMethod codeBase="D:\actions-runner\_work\XPCO\XPCO\Common\VideoOS.Universal\VideoOS.Universal.Recorder.Client.UnitTests\bin\Debug\net472\VideoOS.Universal.Recorder.Client.UnitTests.dll" adapterTypeName="executor://mstestadapter/v2" className="VideoOS.Universal.Recorder.Client.UnitTests.ErrorMappingTests" name="MapToErrorData_ShouldMapToExpectedErrorData_ForAllKnownExceptionMessages" />
    </UnitTest>
    <UnitTest name="MapToErrorData_ShouldMapToExpectedErrorData_ForAllKnownExceptionMessages (Export of JPEG not allowed(restricted media or dataSecurityExtension),40000,0)" storage="d:\actions-runner\_work\xpco\xpco\common\videoos.universal\videoos.universal.recorder.client.unittests\bin\debug\net472\videoos.universal.recorder.client.unittests.dll" id="915e587d-8f0f-190e-8430-9f8b18a5f74c">
      <Execution id="54f179f3-81e9-4f55-ad09-15a181518ca3" />
      <TestMethod codeBase="D:\actions-runner\_work\XPCO\XPCO\Common\VideoOS.Universal\VideoOS.Universal.Recorder.Client.UnitTests\bin\Debug\net472\VideoOS.Universal.Recorder.Client.UnitTests.dll" adapterTypeName="executor://mstestadapter/v2" className="VideoOS.Universal.Recorder.Client.UnitTests.ErrorMappingTests" name="MapToErrorData_ShouldMapToExpectedErrorData_ForAllKnownExceptionMessages" />
    </UnitTest>
    <UnitTest name="MapToErrorData_ShouldMapToExpectedErrorData_ForAllKnownExceptionMessages (Parameter 'millisecondsTimeout' not specified.,40000,0)" storage="d:\actions-runner\_work\xpco\xpco\common\videoos.universal\videoos.universal.recorder.client.unittests\bin\debug\net472\videoos.universal.recorder.client.unittests.dll" id="6b4b90d8-d3e9-0094-2600-28c6df9535e2">
      <Execution id="25a8de09-3aa7-4c25-8cbb-9ff8abfae29b" />
      <TestMethod codeBase="D:\actions-runner\_work\XPCO\XPCO\Common\VideoOS.Universal\VideoOS.Universal.Recorder.Client.UnitTests\bin\Debug\net472\VideoOS.Universal.Recorder.Client.UnitTests.dll" adapterTypeName="executor://mstestadapter/v2" className="VideoOS.Universal.Recorder.Client.UnitTests.ErrorMappingTests" name="MapToErrorData_ShouldMapToExpectedErrorData_ForAllKnownExceptionMessages" />
    </UnitTest>
    <UnitTest name="MapToErrorData_ShouldMapToExpectedErrorData_ForAllKnownExceptionMessages (Invalid format. Value 'MicroSeconds' not specified for 'duration' parameter.,40000,0)" storage="d:\actions-runner\_work\xpco\xpco\common\videoos.universal\videoos.universal.recorder.client.unittests\bin\debug\net472\videoos.universal.recorder.client.unittests.dll" id="64215c8b-534d-afc2-4b86-be52a4466b0c">
      <Execution id="18238292-2fd9-4f8c-911b-5dfbb830142c" />
      <TestMethod codeBase="D:\actions-runner\_work\XPCO\XPCO\Common\VideoOS.Universal\VideoOS.Universal.Recorder.Client.UnitTests\bin\Debug\net472\VideoOS.Universal.Recorder.Client.UnitTests.dll" adapterTypeName="executor://mstestadapter/v2" className="VideoOS.Universal.Recorder.Client.UnitTests.ErrorMappingTests" name="MapToErrorData_ShouldMapToExpectedErrorData_ForAllKnownExceptionMessages" />
    </UnitTest>
    <UnitTest name="MapToErrorData_ShouldMapToExpectedErrorData_ForAllKnownExceptionMessages (Export of JPEG not allowed,40000,0)" storage="d:\actions-runner\_work\xpco\xpco\common\videoos.universal\videoos.universal.recorder.client.unittests\bin\debug\net472\videoos.universal.recorder.client.unittests.dll" id="eca58048-cf56-2e11-d62e-ebb1aa07c891">
      <Execution id="88e5be82-512b-414f-b097-4abe3c83de07" />
      <TestMethod codeBase="D:\actions-runner\_work\XPCO\XPCO\Common\VideoOS.Universal\VideoOS.Universal.Recorder.Client.UnitTests\bin\Debug\net472\VideoOS.Universal.Recorder.Client.UnitTests.dll" adapterTypeName="executor://mstestadapter/v2" className="VideoOS.Universal.Recorder.Client.UnitTests.ErrorMappingTests" name="MapToErrorData_ShouldMapToExpectedErrorData_ForAllKnownExceptionMessages" />
    </UnitTest>
    <UnitTest name="MapToErrorData_ShouldMapToExpectedErrorData_ForAllKnownExceptionMessages (Cannot release patrolling session.,40295,42)" storage="d:\actions-runner\_work\xpco\xpco\common\videoos.universal\videoos.universal.recorder.client.unittests\bin\debug\net472\videoos.universal.recorder.client.unittests.dll" id="576db89d-9e4e-f54b-0485-3e8451bbf745">
      <Execution id="ae18eea5-1696-4ebc-85fd-17773b6e7052" />
      <TestMethod codeBase="D:\actions-runner\_work\XPCO\XPCO\Common\VideoOS.Universal\VideoOS.Universal.Recorder.Client.UnitTests\bin\Debug\net472\VideoOS.Universal.Recorder.Client.UnitTests.dll" adapterTypeName="executor://mstestadapter/v2" className="VideoOS.Universal.Recorder.Client.UnitTests.ErrorMappingTests" name="MapToErrorData_ShouldMapToExpectedErrorData_ForAllKnownExceptionMessages" />
    </UnitTest>
    <UnitTest name="MapToErrorData_ShouldMapToExpectedErrorData_ForAllKnownExceptionMessages (Parameter 'sensitivity' not specified.,40000,0)" storage="d:\actions-runner\_work\xpco\xpco\common\videoos.universal\videoos.universal.recorder.client.unittests\bin\debug\net472\videoos.universal.recorder.client.unittests.dll" id="1a74203f-edc4-8f5f-edac-50b1758e0fdc">
      <Execution id="d2505c5e-7c12-48e2-b218-ddb0c177485e" />
      <TestMethod codeBase="D:\actions-runner\_work\XPCO\XPCO\Common\VideoOS.Universal\VideoOS.Universal.Recorder.Client.UnitTests\bin\Debug\net472\VideoOS.Universal.Recorder.Client.UnitTests.dll" adapterTypeName="executor://mstestadapter/v2" className="VideoOS.Universal.Recorder.Client.UnitTests.ErrorMappingTests" name="MapToErrorData_ShouldMapToExpectedErrorData_ForAllKnownExceptionMessages" />
    </UnitTest>
    <UnitTest name="MapToErrorData_ShouldMapToExpectedErrorData_ForAllKnownExceptionMessages (Unknown session used for Multicast Continue: AACBA580-2202-4D25-9E27-2B193F56DEE9,40000,0)" storage="d:\actions-runner\_work\xpco\xpco\common\videoos.universal\videoos.universal.recorder.client.unittests\bin\debug\net472\videoos.universal.recorder.client.unittests.dll" id="47a84cb6-b4e8-aeb0-64fc-4d834f10f86d">
      <Execution id="88be595a-c0db-49e9-bc3b-5ab0e7638f7e" />
      <TestMethod codeBase="D:\actions-runner\_work\XPCO\XPCO\Common\VideoOS.Universal\VideoOS.Universal.Recorder.Client.UnitTests\bin\Debug\net472\VideoOS.Universal.Recorder.Client.UnitTests.dll" adapterTypeName="executor://mstestadapter/v2" className="VideoOS.Universal.Recorder.Client.UnitTests.ErrorMappingTests" name="MapToErrorData_ShouldMapToExpectedErrorData_ForAllKnownExceptionMessages" />
    </UnitTest>
    <UnitTest name="MapToErrorData_ShouldMapToExpectedErrorData_ForAllKnownExceptionMessages (Parameter 'multicastSessionIds' not specified.,40000,0)" storage="d:\actions-runner\_work\xpco\xpco\common\videoos.universal\videoos.universal.recorder.client.unittests\bin\debug\net472\videoos.universal.recorder.client.unittests.dll" id="66bbd2a1-ed44-421d-d7a9-e8931a394d9d">
      <Execution id="410f0f65-0ccd-48b3-9fc2-3da9c91b67fa" />
      <TestMethod codeBase="D:\actions-runner\_work\XPCO\XPCO\Common\VideoOS.Universal\VideoOS.Universal.Recorder.Client.UnitTests\bin\Debug\net472\VideoOS.Universal.Recorder.Client.UnitTests.dll" adapterTypeName="executor://mstestadapter/v2" className="VideoOS.Universal.Recorder.Client.UnitTests.ErrorMappingTests" name="MapToErrorData_ShouldMapToExpectedErrorData_ForAllKnownExceptionMessages" />
    </UnitTest>
    <UnitTest name="MapToErrorData_ShouldMapToExpectedErrorData_ForAllKnownExceptionMessages (Output Deactivate not allowed,40000,0)" storage="d:\actions-runner\_work\xpco\xpco\common\videoos.universal\videoos.universal.recorder.client.unittests\bin\debug\net472\videoos.universal.recorder.client.unittests.dll" id="0bcb192c-3422-b67d-333d-4149b944fb7f">
      <Execution id="d8647534-859f-4413-a674-64ed1634d299" />
      <TestMethod codeBase="D:\actions-runner\_work\XPCO\XPCO\Common\VideoOS.Universal\VideoOS.Universal.Recorder.Client.UnitTests\bin\Debug\net472\VideoOS.Universal.Recorder.Client.UnitTests.dll" adapterTypeName="executor://mstestadapter/v2" className="VideoOS.Universal.Recorder.Client.UnitTests.ErrorMappingTests" name="MapToErrorData_ShouldMapToExpectedErrorData_ForAllKnownExceptionMessages" />
    </UnitTest>
    <UnitTest name="MapToErrorData_ShouldMapToExpectedErrorData_ForAllKnownExceptionMessages (Unknown patrolling schema, id=AACBA580-2202-4D25-9E27-2B193F56DEE9,40295,50)" storage="d:\actions-runner\_work\xpco\xpco\common\videoos.universal\videoos.universal.recorder.client.unittests\bin\debug\net472\videoos.universal.recorder.client.unittests.dll" id="0e2b2cd3-de0d-7f04-6e71-b362597d24fa">
      <Execution id="47abe1b9-77f8-495e-ba5e-57bfb34e1624" />
      <TestMethod codeBase="D:\actions-runner\_work\XPCO\XPCO\Common\VideoOS.Universal\VideoOS.Universal.Recorder.Client.UnitTests\bin\Debug\net472\VideoOS.Universal.Recorder.Client.UnitTests.dll" adapterTypeName="executor://mstestadapter/v2" className="VideoOS.Universal.Recorder.Client.UnitTests.ErrorMappingTests" name="MapToErrorData_ShouldMapToExpectedErrorData_ForAllKnownExceptionMessages" />
    </UnitTest>
    <UnitTest name="MapToErrorData_ShouldMapToExpectedErrorData_ForAllKnownExceptionMessages (Parameter 'searchInterval/MicroSeconds' not specified.,40000,0)" storage="d:\actions-runner\_work\xpco\xpco\common\videoos.universal\videoos.universal.recorder.client.unittests\bin\debug\net472\videoos.universal.recorder.client.unittests.dll" id="3cbedfad-2aac-5479-6908-c59bcbeadc60">
      <Execution id="aea01446-8247-4835-a9b7-1d03dd55ed11" />
      <TestMethod codeBase="D:\actions-runner\_work\XPCO\XPCO\Common\VideoOS.Universal\VideoOS.Universal.Recorder.Client.UnitTests\bin\Debug\net472\VideoOS.Universal.Recorder.Client.UnitTests.dll" adapterTypeName="executor://mstestadapter/v2" className="VideoOS.Universal.Recorder.Client.UnitTests.ErrorMappingTests" name="MapToErrorData_ShouldMapToExpectedErrorData_ForAllKnownExceptionMessages" />
    </UnitTest>
    <UnitTest name="MapToErrorData_ShouldMapToExpectedErrorData_ForAllKnownExceptionMessages (Cannot release other users manual patrolling session,40295,90)" storage="d:\actions-runner\_work\xpco\xpco\common\videoos.universal\videoos.universal.recorder.client.unittests\bin\debug\net472\videoos.universal.recorder.client.unittests.dll" id="f21a1bd1-352e-7008-37e3-cc2dcc23df56">
      <Execution id="d1cc6a3b-8be3-443c-83b9-83d49edf2241" />
      <TestMethod codeBase="D:\actions-runner\_work\XPCO\XPCO\Common\VideoOS.Universal\VideoOS.Universal.Recorder.Client.UnitTests\bin\Debug\net472\VideoOS.Universal.Recorder.Client.UnitTests.dll" adapterTypeName="executor://mstestadapter/v2" className="VideoOS.Universal.Recorder.Client.UnitTests.ErrorMappingTests" name="MapToErrorData_ShouldMapToExpectedErrorData_ForAllKnownExceptionMessages" />
    </UnitTest>
    <UnitTest name="MapToErrorData_ShouldMapToExpectedErrorData_ForAllKnownExceptionMessages (Request rejected, cannot pause a reserved session,40295,71)" storage="d:\actions-runner\_work\xpco\xpco\common\videoos.universal\videoos.universal.recorder.client.unittests\bin\debug\net472\videoos.universal.recorder.client.unittests.dll" id="2cfd34c6-cbe9-d4ac-0b6d-c5ffc7143273">
      <Execution id="558d637b-ee7e-46ea-b3d7-b0a02899c767" />
      <TestMethod codeBase="D:\actions-runner\_work\XPCO\XPCO\Common\VideoOS.Universal\VideoOS.Universal.Recorder.Client.UnitTests\bin\Debug\net472\VideoOS.Universal.Recorder.Client.UnitTests.dll" adapterTypeName="executor://mstestadapter/v2" className="VideoOS.Universal.Recorder.Client.UnitTests.ErrorMappingTests" name="MapToErrorData_ShouldMapToExpectedErrorData_ForAllKnownExceptionMessages" />
    </UnitTest>
    <UnitTest name="MapToErrorData_ShouldMapToExpectedErrorData_ForAllKnownExceptionMessages (Output Activate not allowed,40000,0)" storage="d:\actions-runner\_work\xpco\xpco\common\videoos.universal\videoos.universal.recorder.client.unittests\bin\debug\net472\videoos.universal.recorder.client.unittests.dll" id="cdd8338a-8f64-2b0d-80b8-d04a876f0ab6">
      <Execution id="dff40c97-b3e5-41b7-b9a3-c1d4fa34cba6" />
      <TestMethod codeBase="D:\actions-runner\_work\XPCO\XPCO\Common\VideoOS.Universal\VideoOS.Universal.Recorder.Client.UnitTests\bin\Debug\net472\VideoOS.Universal.Recorder.Client.UnitTests.dll" adapterTypeName="executor://mstestadapter/v2" className="VideoOS.Universal.Recorder.Client.UnitTests.ErrorMappingTests" name="MapToErrorData_ShouldMapToExpectedErrorData_ForAllKnownExceptionMessages" />
    </UnitTest>
    <UnitTest name="MapToErrorData_ShouldMapToExpectedErrorData_ForAllKnownExceptionMessages (Parameter 'maxCountBefore' not specified.,40000,0)" storage="d:\actions-runner\_work\xpco\xpco\common\videoos.universal\videoos.universal.recorder.client.unittests\bin\debug\net472\videoos.universal.recorder.client.unittests.dll" id="d64221b5-22c5-e091-f454-9a2b075ad9ad">
      <Execution id="157a2c17-a72a-469d-9c64-f9c5119d7ab3" />
      <TestMethod codeBase="D:\actions-runner\_work\XPCO\XPCO\Common\VideoOS.Universal\VideoOS.Universal.Recorder.Client.UnitTests\bin\Debug\net472\VideoOS.Universal.Recorder.Client.UnitTests.dll" adapterTypeName="executor://mstestadapter/v2" className="VideoOS.Universal.Recorder.Client.UnitTests.ErrorMappingTests" name="MapToErrorData_ShouldMapToExpectedErrorData_ForAllKnownExceptionMessages" />
    </UnitTest>
    <UnitTest name="MapToErrorData_ShouldMapToExpectedErrorData_ForAllKnownExceptionMessages (Parameter 'maxCountAfter' not specified.,40000,0)" storage="d:\actions-runner\_work\xpco\xpco\common\videoos.universal\videoos.universal.recorder.client.unittests\bin\debug\net472\videoos.universal.recorder.client.unittests.dll" id="e247e266-501e-90c6-c043-753ae0950fd1">
      <Execution id="4e9a7065-2320-4fa7-b98d-e2aad85875a1" />
      <TestMethod codeBase="D:\actions-runner\_work\XPCO\XPCO\Common\VideoOS.Universal\VideoOS.Universal.Recorder.Client.UnitTests\bin\Debug\net472\VideoOS.Universal.Recorder.Client.UnitTests.dll" adapterTypeName="executor://mstestadapter/v2" className="VideoOS.Universal.Recorder.Client.UnitTests.ErrorMappingTests" name="MapToErrorData_ShouldMapToExpectedErrorData_ForAllKnownExceptionMessages" />
    </UnitTest>
    <UnitTest name="MapToErrorData_ShouldMapToExpectedErrorData_ForAllKnownExceptionMessages (Parameter 'deviceIds' not specified.,40000,0)" storage="d:\actions-runner\_work\xpco\xpco\common\videoos.universal\videoos.universal.recorder.client.unittests\bin\debug\net472\videoos.universal.recorder.client.unittests.dll" id="1c563eee-ea87-f8a5-f58c-30288f22e43f">
      <Execution id="3183c30b-c523-4a86-b245-98f4d75db562" />
      <TestMethod codeBase="D:\actions-runner\_work\XPCO\XPCO\Common\VideoOS.Universal\VideoOS.Universal.Recorder.Client.UnitTests\bin\Debug\net472\VideoOS.Universal.Recorder.Client.UnitTests.dll" adapterTypeName="executor://mstestadapter/v2" className="VideoOS.Universal.Recorder.Client.UnitTests.ErrorMappingTests" name="MapToErrorData_ShouldMapToExpectedErrorData_ForAllKnownExceptionMessages" />
    </UnitTest>
    <UnitTest name="MapToErrorData_ShouldMapToExpectedErrorData_ForAllKnownExceptionMessages (Cannot release session without proper permission.,40295,60)" storage="d:\actions-runner\_work\xpco\xpco\common\videoos.universal\videoos.universal.recorder.client.unittests\bin\debug\net472\videoos.universal.recorder.client.unittests.dll" id="a9629622-3b35-16e8-6860-7bdb0490339f">
      <Execution id="aa4c977e-65b8-416b-a701-2ba0ba559728" />
      <TestMethod codeBase="D:\actions-runner\_work\XPCO\XPCO\Common\VideoOS.Universal\VideoOS.Universal.Recorder.Client.UnitTests\bin\Debug\net472\VideoOS.Universal.Recorder.Client.UnitTests.dll" adapterTypeName="executor://mstestadapter/v2" className="VideoOS.Universal.Recorder.Client.UnitTests.ErrorMappingTests" name="MapToErrorData_ShouldMapToExpectedErrorData_ForAllKnownExceptionMessages" />
    </UnitTest>
    <UnitTest name="MapToErrorData_ShouldMapToExpectedErrorData_ForAllKnownExceptionMessages (Parameter 'right' not specified.,40000,0)" storage="d:\actions-runner\_work\xpco\xpco\common\videoos.universal\videoos.universal.recorder.client.unittests\bin\debug\net472\videoos.universal.recorder.client.unittests.dll" id="52e71d86-781d-3b49-4d82-183580fa775c">
      <Execution id="27656a20-540a-4afc-af56-b9876cd0e36c" />
      <TestMethod codeBase="D:\actions-runner\_work\XPCO\XPCO\Common\VideoOS.Universal\VideoOS.Universal.Recorder.Client.UnitTests\bin\Debug\net472\VideoOS.Universal.Recorder.Client.UnitTests.dll" adapterTypeName="executor://mstestadapter/v2" className="VideoOS.Universal.Recorder.Client.UnitTests.ErrorMappingTests" name="MapToErrorData_ShouldMapToExpectedErrorData_ForAllKnownExceptionMessages" />
    </UnitTest>
    <UnitTest name="MapToErrorData_ShouldMapToExpectedErrorData_ForAllKnownExceptionMessages (Sequences Get Around With Span not allowed,40000,0)" storage="d:\actions-runner\_work\xpco\xpco\common\videoos.universal\videoos.universal.recorder.client.unittests\bin\debug\net472\videoos.universal.recorder.client.unittests.dll" id="e52bb301-d087-6708-af07-3c2a10a87dc7">
      <Execution id="717caee0-49e9-48a5-b915-5beeb6695a68" />
      <TestMethod codeBase="D:\actions-runner\_work\XPCO\XPCO\Common\VideoOS.Universal\VideoOS.Universal.Recorder.Client.UnitTests\bin\Debug\net472\VideoOS.Universal.Recorder.Client.UnitTests.dll" adapterTypeName="executor://mstestadapter/v2" className="VideoOS.Universal.Recorder.Client.UnitTests.ErrorMappingTests" name="MapToErrorData_ShouldMapToExpectedErrorData_ForAllKnownExceptionMessages" />
    </UnitTest>
    <UnitTest name="MapToErrorData_ShouldMapToExpectedErrorData_ForAllKnownExceptionMessages (Invalid soap message,10002,0)" storage="d:\actions-runner\_work\xpco\xpco\common\videoos.universal\videoos.universal.recorder.client.unittests\bin\debug\net472\videoos.universal.recorder.client.unittests.dll" id="4bbd5f1c-4278-16ef-90d8-37ebb05b89f5">
      <Execution id="c474c02e-660d-4996-b209-4b846fa09faa" />
      <TestMethod codeBase="D:\actions-runner\_work\XPCO\XPCO\Common\VideoOS.Universal\VideoOS.Universal.Recorder.Client.UnitTests\bin\Debug\net472\VideoOS.Universal.Recorder.Client.UnitTests.dll" adapterTypeName="executor://mstestadapter/v2" className="VideoOS.Universal.Recorder.Client.UnitTests.ErrorMappingTests" name="MapToErrorData_ShouldMapToExpectedErrorData_ForAllKnownExceptionMessages" />
    </UnitTest>
    <UnitTest name="MapToErrorData_ShouldMapToExpectedErrorData_ForAllKnownExceptionMessages (Token could not be validated at this time,20001,4)" storage="d:\actions-runner\_work\xpco\xpco\common\videoos.universal\videoos.universal.recorder.client.unittests\bin\debug\net472\videoos.universal.recorder.client.unittests.dll" id="1fdb8ac2-521d-82cf-3eb4-b6d012ffb316">
      <Execution id="c7eb2985-44c4-4abd-ac6c-b2d62b6d439b" />
      <TestMethod codeBase="D:\actions-runner\_work\XPCO\XPCO\Common\VideoOS.Universal\VideoOS.Universal.Recorder.Client.UnitTests\bin\Debug\net472\VideoOS.Universal.Recorder.Client.UnitTests.dll" adapterTypeName="executor://mstestadapter/v2" className="VideoOS.Universal.Recorder.Client.UnitTests.ErrorMappingTests" name="MapToErrorData_ShouldMapToExpectedErrorData_ForAllKnownExceptionMessages" />
    </UnitTest>
    <UnitTest name="MapToErrorData_ShouldMapToExpectedErrorData_ForAllKnownExceptionMessages (Cannot pause a session which is not running.,40295,33)" storage="d:\actions-runner\_work\xpco\xpco\common\videoos.universal\videoos.universal.recorder.client.unittests\bin\debug\net472\videoos.universal.recorder.client.unittests.dll" id="22c6193f-fa6b-3dd2-48f8-103f19932add">
      <Execution id="1fed6399-c7f9-4717-b6ea-4f14f33e6f97" />
      <TestMethod codeBase="D:\actions-runner\_work\XPCO\XPCO\Common\VideoOS.Universal\VideoOS.Universal.Recorder.Client.UnitTests\bin\Debug\net472\VideoOS.Universal.Recorder.Client.UnitTests.dll" adapterTypeName="executor://mstestadapter/v2" className="VideoOS.Universal.Recorder.Client.UnitTests.ErrorMappingTests" name="MapToErrorData_ShouldMapToExpectedErrorData_ForAllKnownExceptionMessages" />
    </UnitTest>
    <UnitTest name="MapToErrorData_ShouldMapToExpectedErrorData_ForAllKnownExceptionMessages (Request rejected, request priority (2) equal to current priority (2).,40295,20)" storage="d:\actions-runner\_work\xpco\xpco\common\videoos.universal\videoos.universal.recorder.client.unittests\bin\debug\net472\videoos.universal.recorder.client.unittests.dll" id="f891573d-1f03-0588-9add-49ce9631761e">
      <Execution id="96d821b7-2f93-46ef-9a0c-865789ca18f7" />
      <TestMethod codeBase="D:\actions-runner\_work\XPCO\XPCO\Common\VideoOS.Universal\VideoOS.Universal.Recorder.Client.UnitTests\bin\Debug\net472\VideoOS.Universal.Recorder.Client.UnitTests.dll" adapterTypeName="executor://mstestadapter/v2" className="VideoOS.Universal.Recorder.Client.UnitTests.ErrorMappingTests" name="MapToErrorData_ShouldMapToExpectedErrorData_ForAllKnownExceptionMessages" />
    </UnitTest>
    <UnitTest name="MapToErrorData_ShouldMapToExpectedErrorData_ForAllKnownExceptionMessages (Parameter 'timeLineInformationCount' not specified.,40000,0)" storage="d:\actions-runner\_work\xpco\xpco\common\videoos.universal\videoos.universal.recorder.client.unittests\bin\debug\net472\videoos.universal.recorder.client.unittests.dll" id="a4061941-463c-b9c5-eab7-f048b396093b">
      <Execution id="bb87744d-afd6-4023-9bfa-a7dbbbfe8ae8" />
      <TestMethod codeBase="D:\actions-runner\_work\XPCO\XPCO\Common\VideoOS.Universal\VideoOS.Universal.Recorder.Client.UnitTests\bin\Debug\net472\VideoOS.Universal.Recorder.Client.UnitTests.dll" adapterTypeName="executor://mstestadapter/v2" className="VideoOS.Universal.Recorder.Client.UnitTests.ErrorMappingTests" name="MapToErrorData_ShouldMapToExpectedErrorData_ForAllKnownExceptionMessages" />
    </UnitTest>
    <UnitTest name="MapToErrorData_ShouldMapToExpectedErrorData_ForAllKnownExceptionMessages (Execute request on non-active session is not allowed,40295,31)" storage="d:\actions-runner\_work\xpco\xpco\common\videoos.universal\videoos.universal.recorder.client.unittests\bin\debug\net472\videoos.universal.recorder.client.unittests.dll" id="4ba9662d-e957-b78d-096a-9e6f10392a1d">
      <Execution id="470d0041-ceac-4ab0-a9ec-a0b5980ba46b" />
      <TestMethod codeBase="D:\actions-runner\_work\XPCO\XPCO\Common\VideoOS.Universal\VideoOS.Universal.Recorder.Client.UnitTests\bin\Debug\net472\VideoOS.Universal.Recorder.Client.UnitTests.dll" adapterTypeName="executor://mstestadapter/v2" className="VideoOS.Universal.Recorder.Client.UnitTests.ErrorMappingTests" name="MapToErrorData_ShouldMapToExpectedErrorData_ForAllKnownExceptionMessages" />
    </UnitTest>
    <UnitTest name="MapToErrorData_ShouldMapToExpectedErrorData_ForAllKnownExceptionMessages (Parameter 'searchMask' not specified.,40000,0)" storage="d:\actions-runner\_work\xpco\xpco\common\videoos.universal\videoos.universal.recorder.client.unittests\bin\debug\net472\videoos.universal.recorder.client.unittests.dll" id="8cebbcea-e37f-ee79-2ee6-f63ab99fe3ff">
      <Execution id="fdcee014-5b3a-4f65-87c3-5817c1d04711" />
      <TestMethod codeBase="D:\actions-runner\_work\XPCO\XPCO\Common\VideoOS.Universal\VideoOS.Universal.Recorder.Client.UnitTests\bin\Debug\net472\VideoOS.Universal.Recorder.Client.UnitTests.dll" adapterTypeName="executor://mstestadapter/v2" className="VideoOS.Universal.Recorder.Client.UnitTests.ErrorMappingTests" name="MapToErrorData_ShouldMapToExpectedErrorData_ForAllKnownExceptionMessages" />
    </UnitTest>
    <UnitTest name="MapToErrorData_ShouldMapToExpectedErrorData_ForAllKnownExceptionMessages (Sequences Get not allowed,40000,0)" storage="d:\actions-runner\_work\xpco\xpco\common\videoos.universal\videoos.universal.recorder.client.unittests\bin\debug\net472\videoos.universal.recorder.client.unittests.dll" id="e38d3b34-cf2b-f08d-b20b-5dc47e964a0d">
      <Execution id="841c56bf-6b71-49ee-bfbf-0e23a0a31757" />
      <TestMethod codeBase="D:\actions-runner\_work\XPCO\XPCO\Common\VideoOS.Universal\VideoOS.Universal.Recorder.Client.UnitTests\bin\Debug\net472\VideoOS.Universal.Recorder.Client.UnitTests.dll" adapterTypeName="executor://mstestadapter/v2" className="VideoOS.Universal.Recorder.Client.UnitTests.ErrorMappingTests" name="MapToErrorData_ShouldMapToExpectedErrorData_ForAllKnownExceptionMessages" />
    </UnitTest>
    <UnitTest name="MapToErrorData_ShouldMapToExpectedErrorData_ForAllKnownExceptionMessages (Parameter 'resultMotionMaskSize/Height' not specified.,40000,0)" storage="d:\actions-runner\_work\xpco\xpco\common\videoos.universal\videoos.universal.recorder.client.unittests\bin\debug\net472\videoos.universal.recorder.client.unittests.dll" id="f2f16517-9644-1cb8-2be5-b84966f8ed01">
      <Execution id="9b8ea02c-5973-4b54-b980-12a632f6f7de" />
      <TestMethod codeBase="D:\actions-runner\_work\XPCO\XPCO\Common\VideoOS.Universal\VideoOS.Universal.Recorder.Client.UnitTests\bin\Debug\net472\VideoOS.Universal.Recorder.Client.UnitTests.dll" adapterTypeName="executor://mstestadapter/v2" className="VideoOS.Universal.Recorder.Client.UnitTests.ErrorMappingTests" name="MapToErrorData_ShouldMapToExpectedErrorData_ForAllKnownExceptionMessages" />
    </UnitTest>
    <UnitTest name="MapToErrorData_ShouldMapToExpectedErrorData_ForAllKnownExceptionMessages (Parameter 'left' not specified.,40000,0)" storage="d:\actions-runner\_work\xpco\xpco\common\videoos.universal\videoos.universal.recorder.client.unittests\bin\debug\net472\videoos.universal.recorder.client.unittests.dll" id="bdd220b6-f97c-d729-b9b6-12fc30d59eb6">
      <Execution id="5a46003a-35bf-4ddf-9f60-98f35a5b7436" />
      <TestMethod codeBase="D:\actions-runner\_work\XPCO\XPCO\Common\VideoOS.Universal\VideoOS.Universal.Recorder.Client.UnitTests\bin\Debug\net472\VideoOS.Universal.Recorder.Client.UnitTests.dll" adapterTypeName="executor://mstestadapter/v2" className="VideoOS.Universal.Recorder.Client.UnitTests.ErrorMappingTests" name="MapToErrorData_ShouldMapToExpectedErrorData_ForAllKnownExceptionMessages" />
    </UnitTest>
    <UnitTest name="MapToErrorData_ShouldMapToExpectedErrorData_ForAllKnownExceptionMessages (Reading input is not allowed,40000,0)" storage="d:\actions-runner\_work\xpco\xpco\common\videoos.universal\videoos.universal.recorder.client.unittests\bin\debug\net472\videoos.universal.recorder.client.unittests.dll" id="3599cd5f-8ab2-0653-88f8-8fb5661e829f">
      <Execution id="d601f242-6c50-4e83-9f48-b6934cf6368f" />
      <TestMethod codeBase="D:\actions-runner\_work\XPCO\XPCO\Common\VideoOS.Universal\VideoOS.Universal.Recorder.Client.UnitTests\bin\Debug\net472\VideoOS.Universal.Recorder.Client.UnitTests.dll" adapterTypeName="executor://mstestadapter/v2" className="VideoOS.Universal.Recorder.Client.UnitTests.ErrorMappingTests" name="MapToErrorData_ShouldMapToExpectedErrorData_ForAllKnownExceptionMessages" />
    </UnitTest>
    <UnitTest name="MapToErrorData_ShouldMapToExpectedErrorData_ForAllKnownExceptionMessages (Device AACBA580-2202-4D25-9E27-2B193F56DEE9 is not a Ptz device,40295,10)" storage="d:\actions-runner\_work\xpco\xpco\common\videoos.universal\videoos.universal.recorder.client.unittests\bin\debug\net472\videoos.universal.recorder.client.unittests.dll" id="2c697a87-e7cf-447a-1a62-614d30deb2d6">
      <Execution id="32912d5c-e118-4a4d-a893-528cf91f5fef" />
      <TestMethod codeBase="D:\actions-runner\_work\XPCO\XPCO\Common\VideoOS.Universal\VideoOS.Universal.Recorder.Client.UnitTests\bin\Debug\net472\VideoOS.Universal.Recorder.Client.UnitTests.dll" adapterTypeName="executor://mstestadapter/v2" className="VideoOS.Universal.Recorder.Client.UnitTests.ErrorMappingTests" name="MapToErrorData_ShouldMapToExpectedErrorData_ForAllKnownExceptionMessages" />
    </UnitTest>
    <UnitTest name="MapToErrorData_ShouldMapToExpectedErrorData_ForAllKnownExceptionMessages (Cannot resume patrolling when not paused, deviceId=AACBA580-2202-4D25-9E27-2B193F56DEE9,40295,41)" storage="d:\actions-runner\_work\xpco\xpco\common\videoos.universal\videoos.universal.recorder.client.unittests\bin\debug\net472\videoos.universal.recorder.client.unittests.dll" id="241424a0-5b70-4f7a-46d8-9aefc41689fb">
      <Execution id="5016e193-8340-4a06-b0b7-25f07e1b87c2" />
      <TestMethod codeBase="D:\actions-runner\_work\XPCO\XPCO\Common\VideoOS.Universal\VideoOS.Universal.Recorder.Client.UnitTests\bin\Debug\net472\VideoOS.Universal.Recorder.Client.UnitTests.dll" adapterTypeName="executor://mstestadapter/v2" className="VideoOS.Universal.Recorder.Client.UnitTests.ErrorMappingTests" name="MapToErrorData_ShouldMapToExpectedErrorData_ForAllKnownExceptionMessages" />
    </UnitTest>
    <UnitTest name="MapToErrorData_ShouldMapToExpectedErrorData_ForAllKnownExceptionMessages (Parameter 'maxHeight' not specified.,40000,0)" storage="d:\actions-runner\_work\xpco\xpco\common\videoos.universal\videoos.universal.recorder.client.unittests\bin\debug\net472\videoos.universal.recorder.client.unittests.dll" id="08956cd9-0a9c-dbea-9b71-bf084dfb8a08">
      <Execution id="bc9092be-ba65-4eed-9dc5-67cb3c0663e7" />
      <TestMethod codeBase="D:\actions-runner\_work\XPCO\XPCO\Common\VideoOS.Universal\VideoOS.Universal.Recorder.Client.UnitTests\bin\Debug\net472\VideoOS.Universal.Recorder.Client.UnitTests.dll" adapterTypeName="executor://mstestadapter/v2" className="VideoOS.Universal.Recorder.Client.UnitTests.ErrorMappingTests" name="MapToErrorData_ShouldMapToExpectedErrorData_ForAllKnownExceptionMessages" />
    </UnitTest>
    <UnitTest name="MapToErrorData_ShouldMapToExpectedErrorData_ForAllKnownExceptionMessages (Request rejected, request priority (1) lower than current patrolling priority (2).,40295,43)" storage="d:\actions-runner\_work\xpco\xpco\common\videoos.universal\videoos.universal.recorder.client.unittests\bin\debug\net472\videoos.universal.recorder.client.unittests.dll" id="9280b064-d4af-dea4-5a19-27bf48d3dc74">
      <Execution id="e07c0ee1-0736-419e-8d46-9b77773dd9e4" />
      <TestMethod codeBase="D:\actions-runner\_work\XPCO\XPCO\Common\VideoOS.Universal\VideoOS.Universal.Recorder.Client.UnitTests\bin\Debug\net472\VideoOS.Universal.Recorder.Client.UnitTests.dll" adapterTypeName="executor://mstestadapter/v2" className="VideoOS.Universal.Recorder.Client.UnitTests.ErrorMappingTests" name="MapToErrorData_ShouldMapToExpectedErrorData_ForAllKnownExceptionMessages" />
    </UnitTest>
    <UnitTest name="MapToErrorData_ShouldMapToExpectedErrorData_ForAllKnownExceptionMessages (Parameter 'maxCount' not specified.,40000,0)" storage="d:\actions-runner\_work\xpco\xpco\common\videoos.universal\videoos.universal.recorder.client.unittests\bin\debug\net472\videoos.universal.recorder.client.unittests.dll" id="8b6f5710-0077-cb47-63e9-3da381f7e79a">
      <Execution id="be7ed77e-3308-4d4b-9e8b-934a4421e40b" />
      <TestMethod codeBase="D:\actions-runner\_work\XPCO\XPCO\Common\VideoOS.Universal\VideoOS.Universal.Recorder.Client.UnitTests\bin\Debug\net472\VideoOS.Universal.Recorder.Client.UnitTests.dll" adapterTypeName="executor://mstestadapter/v2" className="VideoOS.Universal.Recorder.Client.UnitTests.ErrorMappingTests" name="MapToErrorData_ShouldMapToExpectedErrorData_ForAllKnownExceptionMessages" />
    </UnitTest>
    <UnitTest name="MapToErrorData_ShouldMapToExpectedErrorData_ForAllKnownExceptionMessages (Parameter 'command' not specified.,40000,0)" storage="d:\actions-runner\_work\xpco\xpco\common\videoos.universal\videoos.universal.recorder.client.unittests\bin\debug\net472\videoos.universal.recorder.client.unittests.dll" id="0eb433f0-d269-14d0-6aaa-7c45d4c8694e">
      <Execution id="06c3492b-37a2-4f8c-b162-aa3a6ef40981" />
      <TestMethod codeBase="D:\actions-runner\_work\XPCO\XPCO\Common\VideoOS.Universal\VideoOS.Universal.Recorder.Client.UnitTests\bin\Debug\net472\VideoOS.Universal.Recorder.Client.UnitTests.dll" adapterTypeName="executor://mstestadapter/v2" className="VideoOS.Universal.Recorder.Client.UnitTests.ErrorMappingTests" name="MapToErrorData_ShouldMapToExpectedErrorData_ForAllKnownExceptionMessages" />
    </UnitTest>
    <UnitTest name="MapToErrorData_ShouldMapToExpectedErrorData_ForAllKnownExceptionMessages (Parameter 'timeLineInformationInterval/MicroSeconds' not specified.,40000,0)" storage="d:\actions-runner\_work\xpco\xpco\common\videoos.universal\videoos.universal.recorder.client.unittests\bin\debug\net472\videoos.universal.recorder.client.unittests.dll" id="cdcd4214-dce7-7f93-0171-e10b4fb17398">
      <Execution id="33ae111c-38a3-4a72-af9d-d96fbd3b20d8" />
      <TestMethod codeBase="D:\actions-runner\_work\XPCO\XPCO\Common\VideoOS.Universal\VideoOS.Universal.Recorder.Client.UnitTests\bin\Debug\net472\VideoOS.Universal.Recorder.Client.UnitTests.dll" adapterTypeName="executor://mstestadapter/v2" className="VideoOS.Universal.Recorder.Client.UnitTests.ErrorMappingTests" name="MapToErrorData_ShouldMapToExpectedErrorData_ForAllKnownExceptionMessages" />
    </UnitTest>
    <UnitTest name="MapToErrorData_ShouldMapToExpectedErrorData_ForAllKnownExceptionMessages (Invalid search criteria: xyz,40000,0)" storage="d:\actions-runner\_work\xpco\xpco\common\videoos.universal\videoos.universal.recorder.client.unittests\bin\debug\net472\videoos.universal.recorder.client.unittests.dll" id="c9763db6-5c00-40c2-9ccd-8323321799be">
      <Execution id="9000e28f-43d7-4eb5-966b-5455259d8afb" />
      <TestMethod codeBase="D:\actions-runner\_work\XPCO\XPCO\Common\VideoOS.Universal\VideoOS.Universal.Recorder.Client.UnitTests\bin\Debug\net472\VideoOS.Universal.Recorder.Client.UnitTests.dll" adapterTypeName="executor://mstestadapter/v2" className="VideoOS.Universal.Recorder.Client.UnitTests.ErrorMappingTests" name="MapToErrorData_ShouldMapToExpectedErrorData_ForAllKnownExceptionMessages" />
    </UnitTest>
    <UnitTest name="MapToErrorData_ShouldMapToExpectedErrorData_ForAllKnownExceptionMessages (Request rejected, request priority (1) lower than current priority (2).,40295,20)" storage="d:\actions-runner\_work\xpco\xpco\common\videoos.universal\videoos.universal.recorder.client.unittests\bin\debug\net472\videoos.universal.recorder.client.unittests.dll" id="3d3e7e9e-2ee9-9715-5f34-a09a9bd5bf0e">
      <Execution id="3414e98e-5cb7-4b5d-9c24-e7623ec2272c" />
      <TestMethod codeBase="D:\actions-runner\_work\XPCO\XPCO\Common\VideoOS.Universal\VideoOS.Universal.Recorder.Client.UnitTests\bin\Debug\net472\VideoOS.Universal.Recorder.Client.UnitTests.dll" adapterTypeName="executor://mstestadapter/v2" className="VideoOS.Universal.Recorder.Client.UnitTests.ErrorMappingTests" name="MapToErrorData_ShouldMapToExpectedErrorData_ForAllKnownExceptionMessages" />
    </UnitTest>
    <UnitTest name="MapToErrorData_ShouldMapToExpectedErrorData_ForAllKnownExceptionMessages (No token supplied,20001,1)" storage="d:\actions-runner\_work\xpco\xpco\common\videoos.universal\videoos.universal.recorder.client.unittests\bin\debug\net472\videoos.universal.recorder.client.unittests.dll" id="bd204008-9037-1a9e-afde-169812f51ba5">
      <Execution id="b3759171-a57b-49e4-9706-72a87a06c167" />
      <TestMethod codeBase="D:\actions-runner\_work\XPCO\XPCO\Common\VideoOS.Universal\VideoOS.Universal.Recorder.Client.UnitTests\bin\Debug\net472\VideoOS.Universal.Recorder.Client.UnitTests.dll" adapterTypeName="executor://mstestadapter/v2" className="VideoOS.Universal.Recorder.Client.UnitTests.ErrorMappingTests" name="MapToErrorData_ShouldMapToExpectedErrorData_ForAllKnownExceptionMessages" />
    </UnitTest>
    <UnitTest name="MapToErrorData_ShouldMapToExpectedErrorData_ForAllKnownExceptionMessages (Parameter 'right' not a double.,40000,0)" storage="d:\actions-runner\_work\xpco\xpco\common\videoos.universal\videoos.universal.recorder.client.unittests\bin\debug\net472\videoos.universal.recorder.client.unittests.dll" id="1aba1db0-4543-154a-d1e0-6f25332f2e52">
      <Execution id="797be8f5-52a3-4819-9b28-bfa33464364f" />
      <TestMethod codeBase="D:\actions-runner\_work\XPCO\XPCO\Common\VideoOS.Universal\VideoOS.Universal.Recorder.Client.UnitTests\bin\Debug\net472\VideoOS.Universal.Recorder.Client.UnitTests.dll" adapterTypeName="executor://mstestadapter/v2" className="VideoOS.Universal.Recorder.Client.UnitTests.ErrorMappingTests" name="MapToErrorData_ShouldMapToExpectedErrorData_ForAllKnownExceptionMessages" />
    </UnitTest>
    <UnitTest name="MapToErrorData_ShouldMapToExpectedErrorData_ForAllKnownExceptionMessages (Parameter 'searchInterval' not specified.,40000,0)" storage="d:\actions-runner\_work\xpco\xpco\common\videoos.universal\videoos.universal.recorder.client.unittests\bin\debug\net472\videoos.universal.recorder.client.unittests.dll" id="6c105190-3398-c27f-8a28-15b7ab77605a">
      <Execution id="5545e324-0284-45a5-a65a-94ef40330bcc" />
      <TestMethod codeBase="D:\actions-runner\_work\XPCO\XPCO\Common\VideoOS.Universal\VideoOS.Universal.Recorder.Client.UnitTests\bin\Debug\net472\VideoOS.Universal.Recorder.Client.UnitTests.dll" adapterTypeName="executor://mstestadapter/v2" className="VideoOS.Universal.Recorder.Client.UnitTests.ErrorMappingTests" name="MapToErrorData_ShouldMapToExpectedErrorData_ForAllKnownExceptionMessages" />
    </UnitTest>
    <UnitTest name="MapToErrorData_ShouldMapToExpectedErrorData_ForAllKnownExceptionMessages (Request rejected, Current session is already reserved,40295,70)" storage="d:\actions-runner\_work\xpco\xpco\common\videoos.universal\videoos.universal.recorder.client.unittests\bin\debug\net472\videoos.universal.recorder.client.unittests.dll" id="b6d59446-5868-b126-1f6f-04ae35d46aae">
      <Execution id="204016a9-4784-47e1-8aaa-5613dbb22608" />
      <TestMethod codeBase="D:\actions-runner\_work\XPCO\XPCO\Common\VideoOS.Universal\VideoOS.Universal.Recorder.Client.UnitTests\bin\Debug\net472\VideoOS.Universal.Recorder.Client.UnitTests.dll" adapterTypeName="executor://mstestadapter/v2" className="VideoOS.Universal.Recorder.Client.UnitTests.ErrorMappingTests" name="MapToErrorData_ShouldMapToExpectedErrorData_ForAllKnownExceptionMessages" />
    </UnitTest>
    <UnitTest name="MapToErrorData_ShouldMapToExpectedErrorData_ForAllKnownExceptionMessages (Parameter 'searchMask/Size/Width' not specified.,40000,0)" storage="d:\actions-runner\_work\xpco\xpco\common\videoos.universal\videoos.universal.recorder.client.unittests\bin\debug\net472\videoos.universal.recorder.client.unittests.dll" id="4c1a12a7-ab57-72c7-a05f-0922e2f905a4">
      <Execution id="0bda197f-131e-451a-84a7-58253b2dae9b" />
      <TestMethod codeBase="D:\actions-runner\_work\XPCO\XPCO\Common\VideoOS.Universal\VideoOS.Universal.Recorder.Client.UnitTests\bin\Debug\net472\VideoOS.Universal.Recorder.Client.UnitTests.dll" adapterTypeName="executor://mstestadapter/v2" className="VideoOS.Universal.Recorder.Client.UnitTests.ErrorMappingTests" name="MapToErrorData_ShouldMapToExpectedErrorData_ForAllKnownExceptionMessages" />
    </UnitTest>
    <UnitTest name="MapToErrorData_ShouldMapToExpectedErrorData_ForAllKnownExceptionMessages (Smart Search Start not allowed,40000,0)" storage="d:\actions-runner\_work\xpco\xpco\common\videoos.universal\videoos.universal.recorder.client.unittests\bin\debug\net472\videoos.universal.recorder.client.unittests.dll" id="65ab5780-4796-2c17-0494-85979a046065">
      <Execution id="20ff67ef-37fb-4b21-8eed-57cb70d298f6" />
      <TestMethod codeBase="D:\actions-runner\_work\XPCO\XPCO\Common\VideoOS.Universal\VideoOS.Universal.Recorder.Client.UnitTests\bin\Debug\net472\VideoOS.Universal.Recorder.Client.UnitTests.dll" adapterTypeName="executor://mstestadapter/v2" className="VideoOS.Universal.Recorder.Client.UnitTests.ErrorMappingTests" name="MapToErrorData_ShouldMapToExpectedErrorData_ForAllKnownExceptionMessages" />
    </UnitTest>
    <UnitTest name="MapToErrorData_ShouldMapToExpectedErrorData_ForAllKnownExceptionMessages (Get timeline information not allowed,40000,0)" storage="d:\actions-runner\_work\xpco\xpco\common\videoos.universal\videoos.universal.recorder.client.unittests\bin\debug\net472\videoos.universal.recorder.client.unittests.dll" id="aeb4bb50-0071-ea1c-74ca-2656e55d006c">
      <Execution id="fd62a0a4-3232-4968-bef7-12bc06796cfe" />
      <TestMethod codeBase="D:\actions-runner\_work\XPCO\XPCO\Common\VideoOS.Universal\VideoOS.Universal.Recorder.Client.UnitTests\bin\Debug\net472\VideoOS.Universal.Recorder.Client.UnitTests.dll" adapterTypeName="executor://mstestadapter/v2" className="VideoOS.Universal.Recorder.Client.UnitTests.ErrorMappingTests" name="MapToErrorData_ShouldMapToExpectedErrorData_ForAllKnownExceptionMessages" />
    </UnitTest>
    <UnitTest name="MapToErrorData_ShouldMapToExpectedErrorData_ForAllKnownExceptionMessages (Send driver command not allowed,40000,0)" storage="d:\actions-runner\_work\xpco\xpco\common\videoos.universal\videoos.universal.recorder.client.unittests\bin\debug\net472\videoos.universal.recorder.client.unittests.dll" id="bd82382e-5faa-9d67-ea6a-7c77cc294053">
      <Execution id="6dde0eaf-e157-4af4-b34e-6ecf62a73a60" />
      <TestMethod codeBase="D:\actions-runner\_work\XPCO\XPCO\Common\VideoOS.Universal\VideoOS.Universal.Recorder.Client.UnitTests\bin\Debug\net472\VideoOS.Universal.Recorder.Client.UnitTests.dll" adapterTypeName="executor://mstestadapter/v2" className="VideoOS.Universal.Recorder.Client.UnitTests.ErrorMappingTests" name="MapToErrorData_ShouldMapToExpectedErrorData_ForAllKnownExceptionMessages" />
    </UnitTest>
    <UnitTest name="MapToErrorData_ShouldMapToExpectedErrorData_ForAllKnownExceptionMessages (Manual Ptz control not allowed,40295,60)" storage="d:\actions-runner\_work\xpco\xpco\common\videoos.universal\videoos.universal.recorder.client.unittests\bin\debug\net472\videoos.universal.recorder.client.unittests.dll" id="53201f80-7db7-91a0-fd21-4f43dc4c5eaf">
      <Execution id="1ad01bca-f1a1-4bbd-8e1d-3c0cc12d5f94" />
      <TestMethod codeBase="D:\actions-runner\_work\XPCO\XPCO\Common\VideoOS.Universal\VideoOS.Universal.Recorder.Client.UnitTests\bin\Debug\net472\VideoOS.Universal.Recorder.Client.UnitTests.dll" adapterTypeName="executor://mstestadapter/v2" className="VideoOS.Universal.Recorder.Client.UnitTests.ErrorMappingTests" name="MapToErrorData_ShouldMapToExpectedErrorData_ForAllKnownExceptionMessages" />
    </UnitTest>
    <UnitTest name="MapToErrorData_ShouldMapToExpectedErrorData_ForAllKnownExceptionMessages (Cannot perform session request on non-active session.,40295,31)" storage="d:\actions-runner\_work\xpco\xpco\common\videoos.universal\videoos.universal.recorder.client.unittests\bin\debug\net472\videoos.universal.recorder.client.unittests.dll" id="d73e9d51-2e88-07d2-b58d-49d142430958">
      <Execution id="9c56f314-45ed-4eb7-8eec-743f7249750c" />
      <TestMethod codeBase="D:\actions-runner\_work\XPCO\XPCO\Common\VideoOS.Universal\VideoOS.Universal.Recorder.Client.UnitTests\bin\Debug\net472\VideoOS.Universal.Recorder.Client.UnitTests.dll" adapterTypeName="executor://mstestadapter/v2" className="VideoOS.Universal.Recorder.Client.UnitTests.ErrorMappingTests" name="MapToErrorData_ShouldMapToExpectedErrorData_ForAllKnownExceptionMessages" />
    </UnitTest>
    <UnitTest name="MapToErrorData_ShouldMapToExpectedErrorData_ForAllKnownExceptionMessages (Viewing of live JPEG not allowed,40000,0)" storage="d:\actions-runner\_work\xpco\xpco\common\videoos.universal\videoos.universal.recorder.client.unittests\bin\debug\net472\videoos.universal.recorder.client.unittests.dll" id="84062b4b-0351-f725-03ca-f5c5abeb6755">
      <Execution id="03670f7c-0119-40cb-bb7b-4c584dfb6faa" />
      <TestMethod codeBase="D:\actions-runner\_work\XPCO\XPCO\Common\VideoOS.Universal\VideoOS.Universal.Recorder.Client.UnitTests\bin\Debug\net472\VideoOS.Universal.Recorder.Client.UnitTests.dll" adapterTypeName="executor://mstestadapter/v2" className="VideoOS.Universal.Recorder.Client.UnitTests.ErrorMappingTests" name="MapToErrorData_ShouldMapToExpectedErrorData_ForAllKnownExceptionMessages" />
    </UnitTest>
    <UnitTest name="MapToErrorData_ShouldMapToExpectedErrorData_ForAllKnownExceptionMessages (Parameter 'time' not specified.,40000,0)" storage="d:\actions-runner\_work\xpco\xpco\common\videoos.universal\videoos.universal.recorder.client.unittests\bin\debug\net472\videoos.universal.recorder.client.unittests.dll" id="e1213634-efce-7a0c-270e-c3e7a5e2307a">
      <Execution id="5ba0c23d-2439-430a-ad99-ed295b488db8" />
      <TestMethod codeBase="D:\actions-runner\_work\XPCO\XPCO\Common\VideoOS.Universal\VideoOS.Universal.Recorder.Client.UnitTests\bin\Debug\net472\VideoOS.Universal.Recorder.Client.UnitTests.dll" adapterTypeName="executor://mstestadapter/v2" className="VideoOS.Universal.Recorder.Client.UnitTests.ErrorMappingTests" name="MapToErrorData_ShouldMapToExpectedErrorData_ForAllKnownExceptionMessages" />
    </UnitTest>
    <UnitTest name="MapToErrorData_ShouldMapToExpectedErrorData_ForAllKnownExceptionMessages (Patrolling session has not been started.,40295,40)" storage="d:\actions-runner\_work\xpco\xpco\common\videoos.universal\videoos.universal.recorder.client.unittests\bin\debug\net472\videoos.universal.recorder.client.unittests.dll" id="65e1ed65-c516-d934-ec2a-4d199e8e08f1">
      <Execution id="6ef74630-086f-4bda-8c0a-5b010cfa771f" />
      <TestMethod codeBase="D:\actions-runner\_work\XPCO\XPCO\Common\VideoOS.Universal\VideoOS.Universal.Recorder.Client.UnitTests\bin\Debug\net472\VideoOS.Universal.Recorder.Client.UnitTests.dll" adapterTypeName="executor://mstestadapter/v2" className="VideoOS.Universal.Recorder.Client.UnitTests.ErrorMappingTests" name="MapToErrorData_ShouldMapToExpectedErrorData_ForAllKnownExceptionMessages" />
    </UnitTest>
    <UnitTest name="MapToErrorData_ShouldMapToExpectedErrorData_ForAllKnownExceptionMessages (Parameter 'refWidth' not specified.,40000,0)" storage="d:\actions-runner\_work\xpco\xpco\common\videoos.universal\videoos.universal.recorder.client.unittests\bin\debug\net472\videoos.universal.recorder.client.unittests.dll" id="c1aae47b-7b1c-2e0a-12be-5061709a6c0b">
      <Execution id="bdcc98b5-d339-4d33-b2ed-a5c79bdd006b" />
      <TestMethod codeBase="D:\actions-runner\_work\XPCO\XPCO\Common\VideoOS.Universal\VideoOS.Universal.Recorder.Client.UnitTests\bin\Debug\net472\VideoOS.Universal.Recorder.Client.UnitTests.dll" adapterTypeName="executor://mstestadapter/v2" className="VideoOS.Universal.Recorder.Client.UnitTests.ErrorMappingTests" name="MapToErrorData_ShouldMapToExpectedErrorData_ForAllKnownExceptionMessages" />
    </UnitTest>
    <UnitTest name="MapToErrorData_ShouldMapToExpectedErrorData_ForAllKnownExceptionMessages (Parameter 'timeLineInformationTypes' not specified.,40000,0)" storage="d:\actions-runner\_work\xpco\xpco\common\videoos.universal\videoos.universal.recorder.client.unittests\bin\debug\net472\videoos.universal.recorder.client.unittests.dll" id="542ba09a-a2bc-80ea-baa1-516d7b44b960">
      <Execution id="5a18ec34-f2fa-4346-b42a-6bae9da4e509" />
      <TestMethod codeBase="D:\actions-runner\_work\XPCO\XPCO\Common\VideoOS.Universal\VideoOS.Universal.Recorder.Client.UnitTests\bin\Debug\net472\VideoOS.Universal.Recorder.Client.UnitTests.dll" adapterTypeName="executor://mstestadapter/v2" className="VideoOS.Universal.Recorder.Client.UnitTests.ErrorMappingTests" name="MapToErrorData_ShouldMapToExpectedErrorData_ForAllKnownExceptionMessages" />
    </UnitTest>
    <UnitTest name="MapToErrorData_ShouldMapToExpectedErrorData_ForAllKnownExceptionMessages (Parameter 'statusSessionId' not specified.,40000,0)" storage="d:\actions-runner\_work\xpco\xpco\common\videoos.universal\videoos.universal.recorder.client.unittests\bin\debug\net472\videoos.universal.recorder.client.unittests.dll" id="ae55695f-890f-c83f-67e2-608689c65dde">
      <Execution id="d73b59c4-685d-473e-ab28-2e45cb92bc3c" />
      <TestMethod codeBase="D:\actions-runner\_work\XPCO\XPCO\Common\VideoOS.Universal\VideoOS.Universal.Recorder.Client.UnitTests\bin\Debug\net472\VideoOS.Universal.Recorder.Client.UnitTests.dll" adapterTypeName="executor://mstestadapter/v2" className="VideoOS.Universal.Recorder.Client.UnitTests.ErrorMappingTests" name="MapToErrorData_ShouldMapToExpectedErrorData_ForAllKnownExceptionMessages" />
    </UnitTest>
    <UnitTest name="MapToErrorData_ShouldMapToExpectedErrorData_ForAllKnownExceptionMessages (PresetGetList not allowed,40000,0)" storage="d:\actions-runner\_work\xpco\xpco\common\videoos.universal\videoos.universal.recorder.client.unittests\bin\debug\net472\videoos.universal.recorder.client.unittests.dll" id="90ebc816-78b5-f1e7-e5ea-5b48261e88f5">
      <Execution id="f80f1def-ada6-4758-adcb-721b562b53c8" />
      <TestMethod codeBase="D:\actions-runner\_work\XPCO\XPCO\Common\VideoOS.Universal\VideoOS.Universal.Recorder.Client.UnitTests\bin\Debug\net472\VideoOS.Universal.Recorder.Client.UnitTests.dll" adapterTypeName="executor://mstestadapter/v2" className="VideoOS.Universal.Recorder.Client.UnitTests.ErrorMappingTests" name="MapToErrorData_ShouldMapToExpectedErrorData_ForAllKnownExceptionMessages" />
    </UnitTest>
    <UnitTest name="MapToErrorData_ShouldMapToExpectedErrorData_ForAllKnownExceptionMessages (Parameter 'zoom' not specified.,40000,0)" storage="d:\actions-runner\_work\xpco\xpco\common\videoos.universal\videoos.universal.recorder.client.unittests\bin\debug\net472\videoos.universal.recorder.client.unittests.dll" id="9c0dce28-4095-843a-0a45-1ced74896366">
      <Execution id="5cb3575b-403f-4f8e-9312-80d64e19dbbc" />
      <TestMethod codeBase="D:\actions-runner\_work\XPCO\XPCO\Common\VideoOS.Universal\VideoOS.Universal.Recorder.Client.UnitTests\bin\Debug\net472\VideoOS.Universal.Recorder.Client.UnitTests.dll" adapterTypeName="executor://mstestadapter/v2" className="VideoOS.Universal.Recorder.Client.UnitTests.ErrorMappingTests" name="MapToErrorData_ShouldMapToExpectedErrorData_ForAllKnownExceptionMessages" />
    </UnitTest>
    <UnitTest name="MapToErrorData_ShouldMapToExpectedErrorData_ForAllKnownExceptionMessages (Parameter 'left' not a double.,40000,0)" storage="d:\actions-runner\_work\xpco\xpco\common\videoos.universal\videoos.universal.recorder.client.unittests\bin\debug\net472\videoos.universal.recorder.client.unittests.dll" id="5c98e229-8500-5ace-562c-1baf328a0f4f">
      <Execution id="ea4839c1-3da8-4509-a797-5bf6dd284228" />
      <TestMethod codeBase="D:\actions-runner\_work\XPCO\XPCO\Common\VideoOS.Universal\VideoOS.Universal.Recorder.Client.UnitTests\bin\Debug\net472\VideoOS.Universal.Recorder.Client.UnitTests.dll" adapterTypeName="executor://mstestadapter/v2" className="VideoOS.Universal.Recorder.Client.UnitTests.ErrorMappingTests" name="MapToErrorData_ShouldMapToExpectedErrorData_ForAllKnownExceptionMessages" />
    </UnitTest>
    <UnitTest name="MapToErrorData_ShouldMapToExpectedErrorData_ForAllKnownExceptionMessages (Parameter 'maxTime' not specified.,40000,0)" storage="d:\actions-runner\_work\xpco\xpco\common\videoos.universal\videoos.universal.recorder.client.unittests\bin\debug\net472\videoos.universal.recorder.client.unittests.dll" id="9a4f571c-5d90-8e64-9487-2a00abc00dcf">
      <Execution id="1540636c-ad28-4fc2-b449-42ee8b7569d4" />
      <TestMethod codeBase="D:\actions-runner\_work\XPCO\XPCO\Common\VideoOS.Universal\VideoOS.Universal.Recorder.Client.UnitTests\bin\Debug\net472\VideoOS.Universal.Recorder.Client.UnitTests.dll" adapterTypeName="executor://mstestadapter/v2" className="VideoOS.Universal.Recorder.Client.UnitTests.ErrorMappingTests" name="MapToErrorData_ShouldMapToExpectedErrorData_ForAllKnownExceptionMessages" />
    </UnitTest>
    <UnitTest name="MapToErrorData_ShouldMapToExpectedErrorData_ForAllKnownExceptionMessages (Parameter 'ignoreInitialMotion' not specified.,40000,0)" storage="d:\actions-runner\_work\xpco\xpco\common\videoos.universal\videoos.universal.recorder.client.unittests\bin\debug\net472\videoos.universal.recorder.client.unittests.dll" id="87550de3-4087-fd61-8938-cd0d996424d8">
      <Execution id="16fad012-44e6-46c7-964b-2e128b159185" />
      <TestMethod codeBase="D:\actions-runner\_work\XPCO\XPCO\Common\VideoOS.Universal\VideoOS.Universal.Recorder.Client.UnitTests\bin\Debug\net472\VideoOS.Universal.Recorder.Client.UnitTests.dll" adapterTypeName="executor://mstestadapter/v2" className="VideoOS.Universal.Recorder.Client.UnitTests.ErrorMappingTests" name="MapToErrorData_ShouldMapToExpectedErrorData_ForAllKnownExceptionMessages" />
    </UnitTest>
    <UnitTest name="MapToErrorData_ShouldMapToExpectedErrorData_ForAllKnownExceptionMessages (PresetSet is not supported,40000,0)" storage="d:\actions-runner\_work\xpco\xpco\common\videoos.universal\videoos.universal.recorder.client.unittests\bin\debug\net472\videoos.universal.recorder.client.unittests.dll" id="7de31e4f-524d-563e-c980-d3f3b5e0c02a">
      <Execution id="a033329e-861f-4f96-80ba-2acd83d91c86" />
      <TestMethod codeBase="D:\actions-runner\_work\XPCO\XPCO\Common\VideoOS.Universal\VideoOS.Universal.Recorder.Client.UnitTests\bin\Debug\net472\VideoOS.Universal.Recorder.Client.UnitTests.dll" adapterTypeName="executor://mstestadapter/v2" className="VideoOS.Universal.Recorder.Client.UnitTests.ErrorMappingTests" name="MapToErrorData_ShouldMapToExpectedErrorData_ForAllKnownExceptionMessages" />
    </UnitTest>
    <UnitTest name="MapToErrorData_ShouldMapToExpectedErrorData_ForAllKnownExceptionMessages (Parameter 'maxWidth' not specified.,40000,0)" storage="d:\actions-runner\_work\xpco\xpco\common\videoos.universal\videoos.universal.recorder.client.unittests\bin\debug\net472\videoos.universal.recorder.client.unittests.dll" id="da55e9b6-e338-389a-ee23-8f76fe1d70b2">
      <Execution id="95f8501a-15d5-45d0-a82b-3170ff2fbb57" />
      <TestMethod codeBase="D:\actions-runner\_work\XPCO\XPCO\Common\VideoOS.Universal\VideoOS.Universal.Recorder.Client.UnitTests\bin\Debug\net472\VideoOS.Universal.Recorder.Client.UnitTests.dll" adapterTypeName="executor://mstestadapter/v2" className="VideoOS.Universal.Recorder.Client.UnitTests.ErrorMappingTests" name="MapToErrorData_ShouldMapToExpectedErrorData_ForAllKnownExceptionMessages" />
    </UnitTest>
    <UnitTest name="MapToErrorData_ShouldMapToExpectedErrorData_ForAllKnownExceptionMessages (Parameter 'ptzArgs' not specified.,40000,0)" storage="d:\actions-runner\_work\xpco\xpco\common\videoos.universal\videoos.universal.recorder.client.unittests\bin\debug\net472\videoos.universal.recorder.client.unittests.dll" id="295b5c9c-51e7-02f9-12d0-e6e242da33d5">
      <Execution id="154c5990-25d2-43d8-91b7-b2d6c3223abc" />
      <TestMethod codeBase="D:\actions-runner\_work\XPCO\XPCO\Common\VideoOS.Universal\VideoOS.Universal.Recorder.Client.UnitTests\bin\Debug\net472\VideoOS.Universal.Recorder.Client.UnitTests.dll" adapterTypeName="executor://mstestadapter/v2" className="VideoOS.Universal.Recorder.Client.UnitTests.ErrorMappingTests" name="MapToErrorData_ShouldMapToExpectedErrorData_ForAllKnownExceptionMessages" />
    </UnitTest>
    <UnitTest name="MapToErrorData_ShouldMapToExpectedErrorData_ForAllKnownExceptionMessages (Parameter 'resultMotionMaskSize/Width' not specified.,40000,0)" storage="d:\actions-runner\_work\xpco\xpco\common\videoos.universal\videoos.universal.recorder.client.unittests\bin\debug\net472\videoos.universal.recorder.client.unittests.dll" id="3fade5f4-11ff-9f95-0f20-59ad7987491c">
      <Execution id="95789892-ee44-4297-90fd-e7a26b47b380" />
      <TestMethod codeBase="D:\actions-runner\_work\XPCO\XPCO\Common\VideoOS.Universal\VideoOS.Universal.Recorder.Client.UnitTests\bin\Debug\net472\VideoOS.Universal.Recorder.Client.UnitTests.dll" adapterTypeName="executor://mstestadapter/v2" className="VideoOS.Universal.Recorder.Client.UnitTests.ErrorMappingTests" name="MapToErrorData_ShouldMapToExpectedErrorData_ForAllKnownExceptionMessages" />
    </UnitTest>
    <UnitTest name="MapToErrorData_ShouldMapToExpectedErrorData_ForAllKnownExceptionMessages (Device is not IPreset,40295,11)" storage="d:\actions-runner\_work\xpco\xpco\common\videoos.universal\videoos.universal.recorder.client.unittests\bin\debug\net472\videoos.universal.recorder.client.unittests.dll" id="3d23044e-83d2-97dd-128c-6d7c3559b20c">
      <Execution id="2391bf74-5162-4d96-a79a-4eac4f3360f2" />
      <TestMethod codeBase="D:\actions-runner\_work\XPCO\XPCO\Common\VideoOS.Universal\VideoOS.Universal.Recorder.Client.UnitTests\bin\Debug\net472\VideoOS.Universal.Recorder.Client.UnitTests.dll" adapterTypeName="executor://mstestadapter/v2" className="VideoOS.Universal.Recorder.Client.UnitTests.ErrorMappingTests" name="MapToErrorData_ShouldMapToExpectedErrorData_ForAllKnownExceptionMessages" />
    </UnitTest>
    <UnitTest name="MapToErrorData_ShouldMapToExpectedErrorData_ForAllKnownExceptionMessages (Parameter 'searchMask/Size' not specified.,40000,0)" storage="d:\actions-runner\_work\xpco\xpco\common\videoos.universal\videoos.universal.recorder.client.unittests\bin\debug\net472\videoos.universal.recorder.client.unittests.dll" id="22eda521-e9ad-4477-8def-79a825f52192">
      <Execution id="f32ca505-7823-4512-88f9-9679ac773b94" />
      <TestMethod codeBase="D:\actions-runner\_work\XPCO\XPCO\Common\VideoOS.Universal\VideoOS.Universal.Recorder.Client.UnitTests\bin\Debug\net472\VideoOS.Universal.Recorder.Client.UnitTests.dll" adapterTypeName="executor://mstestadapter/v2" className="VideoOS.Universal.Recorder.Client.UnitTests.ErrorMappingTests" name="MapToErrorData_ShouldMapToExpectedErrorData_ForAllKnownExceptionMessages" />
    </UnitTest>
    <UnitTest name="MapToErrorData_ShouldMapToExpectedErrorData_ForAllKnownExceptionMessages (SearchCriteria 'xyz' not supported,40000,0)" storage="d:\actions-runner\_work\xpco\xpco\common\videoos.universal\videoos.universal.recorder.client.unittests\bin\debug\net472\videoos.universal.recorder.client.unittests.dll" id="8af9a04f-5939-8ca3-bb96-4543c58267d1">
      <Execution id="d71bbe62-c084-4161-a810-16735973e6b1" />
      <TestMethod codeBase="D:\actions-runner\_work\XPCO\XPCO\Common\VideoOS.Universal\VideoOS.Universal.Recorder.Client.UnitTests\bin\Debug\net472\VideoOS.Universal.Recorder.Client.UnitTests.dll" adapterTypeName="executor://mstestadapter/v2" className="VideoOS.Universal.Recorder.Client.UnitTests.ErrorMappingTests" name="MapToErrorData_ShouldMapToExpectedErrorData_ForAllKnownExceptionMessages" />
    </UnitTest>
    <UnitTest name="MapToErrorData_ShouldMapToExpectedErrorData_ForAllKnownExceptionMessages ('searchMask' parameters does not match 64x64 grid: 4, 4,40000,0)" storage="d:\actions-runner\_work\xpco\xpco\common\videoos.universal\videoos.universal.recorder.client.unittests\bin\debug\net472\videoos.universal.recorder.client.unittests.dll" id="920d91ee-8977-3219-1b05-172389cf2f52">
      <Execution id="1793076e-de7b-4578-8f75-ceb23c69b1cc" />
      <TestMethod codeBase="D:\actions-runner\_work\XPCO\XPCO\Common\VideoOS.Universal\VideoOS.Universal.Recorder.Client.UnitTests\bin\Debug\net472\VideoOS.Universal.Recorder.Client.UnitTests.dll" adapterTypeName="executor://mstestadapter/v2" className="VideoOS.Universal.Recorder.Client.UnitTests.ErrorMappingTests" name="MapToErrorData_ShouldMapToExpectedErrorData_ForAllKnownExceptionMessages" />
    </UnitTest>
    <UnitTest name="MapToErrorData_ShouldMapToExpectedErrorData_ForAllKnownExceptionMessages (Content-Length is not valid,10000,0)" storage="d:\actions-runner\_work\xpco\xpco\common\videoos.universal\videoos.universal.recorder.client.unittests\bin\debug\net472\videoos.universal.recorder.client.unittests.dll" id="c58af070-d07e-9e95-d58c-4c938f189840">
      <Execution id="782657a9-81e4-4a86-a79b-700490211689" />
      <TestMethod codeBase="D:\actions-runner\_work\XPCO\XPCO\Common\VideoOS.Universal\VideoOS.Universal.Recorder.Client.UnitTests\bin\Debug\net472\VideoOS.Universal.Recorder.Client.UnitTests.dll" adapterTypeName="executor://mstestadapter/v2" className="VideoOS.Universal.Recorder.Client.UnitTests.ErrorMappingTests" name="MapToErrorData_ShouldMapToExpectedErrorData_ForAllKnownExceptionMessages" />
    </UnitTest>
    <UnitTest name="MapToErrorData_ShouldMapToExpectedErrorData_ForAllKnownExceptionMessages (Parameter 'subscribe' not specified.,40000,0)" storage="d:\actions-runner\_work\xpco\xpco\common\videoos.universal\videoos.universal.recorder.client.unittests\bin\debug\net472\videoos.universal.recorder.client.unittests.dll" id="9e20e7ce-bab0-1b63-c919-5bdde55a5b34">
      <Execution id="dad3bfe2-1e44-41a8-be16-7bf7389bf4a0" />
      <TestMethod codeBase="D:\actions-runner\_work\XPCO\XPCO\Common\VideoOS.Universal\VideoOS.Universal.Recorder.Client.UnitTests\bin\Debug\net472\VideoOS.Universal.Recorder.Client.UnitTests.dll" adapterTypeName="executor://mstestadapter/v2" className="VideoOS.Universal.Recorder.Client.UnitTests.ErrorMappingTests" name="MapToErrorData_ShouldMapToExpectedErrorData_ForAllKnownExceptionMessages" />
    </UnitTest>
    <UnitTest name="MapToErrorData_ShouldMapToExpectedErrorData_ForAllKnownExceptionMessages (Request rejected, no active session.,40295,30)" storage="d:\actions-runner\_work\xpco\xpco\common\videoos.universal\videoos.universal.recorder.client.unittests\bin\debug\net472\videoos.universal.recorder.client.unittests.dll" id="0a56f9d6-a112-b49c-99d2-6b5e683875e5">
      <Execution id="f5f244b8-b9a1-45d1-a35b-a6860003a321" />
      <TestMethod codeBase="D:\actions-runner\_work\XPCO\XPCO\Common\VideoOS.Universal\VideoOS.Universal.Recorder.Client.UnitTests\bin\Debug\net472\VideoOS.Universal.Recorder.Client.UnitTests.dll" adapterTypeName="executor://mstestadapter/v2" className="VideoOS.Universal.Recorder.Client.UnitTests.ErrorMappingTests" name="MapToErrorData_ShouldMapToExpectedErrorData_ForAllKnownExceptionMessages" />
    </UnitTest>
    <UnitTest name="MapToErrorData_ShouldMapToExpectedErrorData_ForAllKnownExceptionMessages (Insufficient permission,40295,60)" storage="d:\actions-runner\_work\xpco\xpco\common\videoos.universal\videoos.universal.recorder.client.unittests\bin\debug\net472\videoos.universal.recorder.client.unittests.dll" id="5f512471-2589-a6c3-ae8a-9d90857164f2">
      <Execution id="fe575392-e66a-4128-9176-54a467beccff" />
      <TestMethod codeBase="D:\actions-runner\_work\XPCO\XPCO\Common\VideoOS.Universal\VideoOS.Universal.Recorder.Client.UnitTests\bin\Debug\net472\VideoOS.Universal.Recorder.Client.UnitTests.dll" adapterTypeName="executor://mstestadapter/v2" className="VideoOS.Universal.Recorder.Client.UnitTests.ErrorMappingTests" name="MapToErrorData_ShouldMapToExpectedErrorData_ForAllKnownExceptionMessages" />
    </UnitTest>
    <UnitTest name="MapToErrorData_ShouldMapToExpectedErrorData_ForAllKnownExceptionMessages (Invalid format. Value 'MicroSeconds' not as a integer for 'duration' parameter.,40000,0)" storage="d:\actions-runner\_work\xpco\xpco\common\videoos.universal\videoos.universal.recorder.client.unittests\bin\debug\net472\videoos.universal.recorder.client.unittests.dll" id="51a9b75e-dd78-20ee-44b6-a81133cd511c">
      <Execution id="304c2952-f7bd-45da-9331-afcb84fd0ef5" />
      <TestMethod codeBase="D:\actions-runner\_work\XPCO\XPCO\Common\VideoOS.Universal\VideoOS.Universal.Recorder.Client.UnitTests\bin\Debug\net472\VideoOS.Universal.Recorder.Client.UnitTests.dll" adapterTypeName="executor://mstestadapter/v2" className="VideoOS.Universal.Recorder.Client.UnitTests.ErrorMappingTests" name="MapToErrorData_ShouldMapToExpectedErrorData_ForAllKnownExceptionMessages" />
    </UnitTest>
    <UnitTest name="MapToErrorData_ShouldMapToExpectedErrorData_ForAllKnownExceptionMessages (Unable to get Ptz priority,40000,0)" storage="d:\actions-runner\_work\xpco\xpco\common\videoos.universal\videoos.universal.recorder.client.unittests\bin\debug\net472\videoos.universal.recorder.client.unittests.dll" id="35d2db73-838a-4679-31e0-b3b8a5bf158b">
      <Execution id="d5eb7afe-caf6-4f59-9fcb-4e6e45498d15" />
      <TestMethod codeBase="D:\actions-runner\_work\XPCO\XPCO\Common\VideoOS.Universal\VideoOS.Universal.Recorder.Client.UnitTests\bin\Debug\net472\VideoOS.Universal.Recorder.Client.UnitTests.dll" adapterTypeName="executor://mstestadapter/v2" className="VideoOS.Universal.Recorder.Client.UnitTests.ErrorMappingTests" name="MapToErrorData_ShouldMapToExpectedErrorData_ForAllKnownExceptionMessages" />
    </UnitTest>
    <UnitTest name="MapToErrorData_ShouldMapToExpectedErrorData_ForAllKnownExceptionMessages (Parameter 'timeLineInformationBeginTime' not specified.,40000,0)" storage="d:\actions-runner\_work\xpco\xpco\common\videoos.universal\videoos.universal.recorder.client.unittests\bin\debug\net472\videoos.universal.recorder.client.unittests.dll" id="d3545af8-73c1-c374-a8ec-1d3eafe3a2a1">
      <Execution id="01d2ffd8-4e7e-4f99-8ef2-49a659bd611b" />
      <TestMethod codeBase="D:\actions-runner\_work\XPCO\XPCO\Common\VideoOS.Universal\VideoOS.Universal.Recorder.Client.UnitTests\bin\Debug\net472\VideoOS.Universal.Recorder.Client.UnitTests.dll" adapterTypeName="executor://mstestadapter/v2" className="VideoOS.Universal.Recorder.Client.UnitTests.ErrorMappingTests" name="MapToErrorData_ShouldMapToExpectedErrorData_ForAllKnownExceptionMessages" />
    </UnitTest>
    <UnitTest name="MapToErrorData_ShouldMapToExpectedErrorData_ForAllKnownExceptionMessages ('searchMask' parameters does not match: Expected length = 50,40000,0)" storage="d:\actions-runner\_work\xpco\xpco\common\videoos.universal\videoos.universal.recorder.client.unittests\bin\debug\net472\videoos.universal.recorder.client.unittests.dll" id="4d0f8589-1874-0df7-6978-303c6332b26e">
      <Execution id="05546961-4550-403a-9f04-79db195e2caa" />
      <TestMethod codeBase="D:\actions-runner\_work\XPCO\XPCO\Common\VideoOS.Universal\VideoOS.Universal.Recorder.Client.UnitTests\bin\Debug\net472\VideoOS.Universal.Recorder.Client.UnitTests.dll" adapterTypeName="executor://mstestadapter/v2" className="VideoOS.Universal.Recorder.Client.UnitTests.ErrorMappingTests" name="MapToErrorData_ShouldMapToExpectedErrorData_ForAllKnownExceptionMessages" />
    </UnitTest>
    <UnitTest name="MapToErrorData_ShouldMapToExpectedErrorData_ForAllKnownExceptionMessages (Cannot perform session request without an active session.,40295,30)" storage="d:\actions-runner\_work\xpco\xpco\common\videoos.universal\videoos.universal.recorder.client.unittests\bin\debug\net472\videoos.universal.recorder.client.unittests.dll" id="79fdae02-0bfd-e82a-33da-98d1a67c4e34">
      <Execution id="aa357cb6-0ca5-4b38-96bd-348b026187a6" />
      <TestMethod codeBase="D:\actions-runner\_work\XPCO\XPCO\Common\VideoOS.Universal\VideoOS.Universal.Recorder.Client.UnitTests\bin\Debug\net472\VideoOS.Universal.Recorder.Client.UnitTests.dll" adapterTypeName="executor://mstestadapter/v2" className="VideoOS.Universal.Recorder.Client.UnitTests.ErrorMappingTests" name="MapToErrorData_ShouldMapToExpectedErrorData_ForAllKnownExceptionMessages" />
    </UnitTest>
    <UnitTest name="MapToErrorData_ShouldMapToExpectedErrorData_ForAllKnownExceptionMessages (Parameter 'deviceId' not specified.,40000,0)" storage="d:\actions-runner\_work\xpco\xpco\common\videoos.universal\videoos.universal.recorder.client.unittests\bin\debug\net472\videoos.universal.recorder.client.unittests.dll" id="a3bf3d94-4ed7-1750-90e5-f1546c2405da">
      <Execution id="1bf88593-c7b2-41ef-9673-1c59c031f7e8" />
      <TestMethod codeBase="D:\actions-runner\_work\XPCO\XPCO\Common\VideoOS.Universal\VideoOS.Universal.Recorder.Client.UnitTests\bin\Debug\net472\VideoOS.Universal.Recorder.Client.UnitTests.dll" adapterTypeName="executor://mstestadapter/v2" className="VideoOS.Universal.Recorder.Client.UnitTests.ErrorMappingTests" name="MapToErrorData_ShouldMapToExpectedErrorData_ForAllKnownExceptionMessages" />
    </UnitTest>
    <UnitTest name="MapToErrorData_ShouldMapToExpectedErrorData_ForAllKnownExceptionMessages (Cannot start a session which is already running.,40295,32)" storage="d:\actions-runner\_work\xpco\xpco\common\videoos.universal\videoos.universal.recorder.client.unittests\bin\debug\net472\videoos.universal.recorder.client.unittests.dll" id="6ae2af17-6366-e6e0-2b46-d6b8a572d9bb">
      <Execution id="f9b52509-2992-4b6d-813e-eb3c88c9f62c" />
      <TestMethod codeBase="D:\actions-runner\_work\XPCO\XPCO\Common\VideoOS.Universal\VideoOS.Universal.Recorder.Client.UnitTests\bin\Debug\net472\VideoOS.Universal.Recorder.Client.UnitTests.dll" adapterTypeName="executor://mstestadapter/v2" className="VideoOS.Universal.Recorder.Client.UnitTests.ErrorMappingTests" name="MapToErrorData_ShouldMapToExpectedErrorData_ForAllKnownExceptionMessages" />
    </UnitTest>
    <UnitTest name="MapToErrorData_ShouldMapToExpectedErrorData_ForAllKnownExceptionMessages (Device is not started,40295,2)" storage="d:\actions-runner\_work\xpco\xpco\common\videoos.universal\videoos.universal.recorder.client.unittests\bin\debug\net472\videoos.universal.recorder.client.unittests.dll" id="c8f1813f-23b4-fee2-18e1-c289bafabb7e">
      <Execution id="e0730f6a-0423-48d7-8b8a-202a9fb155ce" />
      <TestMethod codeBase="D:\actions-runner\_work\XPCO\XPCO\Common\VideoOS.Universal\VideoOS.Universal.Recorder.Client.UnitTests\bin\Debug\net472\VideoOS.Universal.Recorder.Client.UnitTests.dll" adapterTypeName="executor://mstestadapter/v2" className="VideoOS.Universal.Recorder.Client.UnitTests.ErrorMappingTests" name="MapToErrorData_ShouldMapToExpectedErrorData_ForAllKnownExceptionMessages" />
    </UnitTest>
    <UnitTest name="MapToErrorData_ShouldMapToExpectedErrorData_ForAllKnownExceptionMessages (Parameter 'sequenceType' not specified.,40000,0)" storage="d:\actions-runner\_work\xpco\xpco\common\videoos.universal\videoos.universal.recorder.client.unittests\bin\debug\net472\videoos.universal.recorder.client.unittests.dll" id="dc975a57-f024-2cf0-d923-dd5b1ce7ed63">
      <Execution id="8c417086-25e1-45cf-8d8e-ff8ea0aa9cca" />
      <TestMethod codeBase="D:\actions-runner\_work\XPCO\XPCO\Common\VideoOS.Universal\VideoOS.Universal.Recorder.Client.UnitTests\bin\Debug\net472\VideoOS.Universal.Recorder.Client.UnitTests.dll" adapterTypeName="executor://mstestadapter/v2" className="VideoOS.Universal.Recorder.Client.UnitTests.ErrorMappingTests" name="MapToErrorData_ShouldMapToExpectedErrorData_ForAllKnownExceptionMessages" />
    </UnitTest>
    <UnitTest name="MapToErrorData_ShouldMapToExpectedErrorData_ForAllKnownExceptionMessages (Sequences Get Around not allowed,40000,0)" storage="d:\actions-runner\_work\xpco\xpco\common\videoos.universal\videoos.universal.recorder.client.unittests\bin\debug\net472\videoos.universal.recorder.client.unittests.dll" id="187355fe-9694-1001-3a34-ad23e6d12468">
      <Execution id="03ad7da9-5205-43bb-bb6e-0920743b0965" />
      <TestMethod codeBase="D:\actions-runner\_work\XPCO\XPCO\Common\VideoOS.Universal\VideoOS.Universal.Recorder.Client.UnitTests\bin\Debug\net472\VideoOS.Universal.Recorder.Client.UnitTests.dll" adapterTypeName="executor://mstestadapter/v2" className="VideoOS.Universal.Recorder.Client.UnitTests.ErrorMappingTests" name="MapToErrorData_ShouldMapToExpectedErrorData_ForAllKnownExceptionMessages" />
    </UnitTest>
    <UnitTest name="MapToErrorData_ShouldReturnNull_WhenExceptionMessageIsUnmapped" storage="d:\actions-runner\_work\xpco\xpco\common\videoos.universal\videoos.universal.recorder.client.unittests\bin\debug\net472\videoos.universal.recorder.client.unittests.dll" id="02eb1136-154c-feaf-762b-a5a207d56ffe">
      <Execution id="c5c883a8-af7f-48ed-9bf6-a6f7e8acaca8" />
      <TestMethod codeBase="D:\actions-runner\_work\XPCO\XPCO\Common\VideoOS.Universal\VideoOS.Universal.Recorder.Client.UnitTests\bin\Debug\net472\VideoOS.Universal.Recorder.Client.UnitTests.dll" adapterTypeName="executor://mstestadapter/v2" className="VideoOS.Universal.Recorder.Client.UnitTests.ErrorMappingTests" name="MapToErrorData_ShouldReturnNull_WhenExceptionMessageIsUnmapped" />
    </UnitTest>
    <UnitTest name="MapToErrorData_ShouldMapToExpectedErrorData_ForAllKnownExceptionMessages (Parameter 'timeLineInformationCount' &lt;= 0.,40000,0)" storage="d:\actions-runner\_work\xpco\xpco\common\videoos.universal\videoos.universal.recorder.client.unittests\bin\debug\net472\videoos.universal.recorder.client.unittests.dll" id="1a27ff51-14a0-8c6b-edc4-a64d19bf0936">
      <Execution id="c797c130-2edc-4ed1-9eeb-41b603941863" />
      <TestMethod codeBase="D:\actions-runner\_work\XPCO\XPCO\Common\VideoOS.Universal\VideoOS.Universal.Recorder.Client.UnitTests\bin\Debug\net472\VideoOS.Universal.Recorder.Client.UnitTests.dll" adapterTypeName="executor://mstestadapter/v2" className="VideoOS.Universal.Recorder.Client.UnitTests.ErrorMappingTests" name="MapToErrorData_ShouldMapToExpectedErrorData_ForAllKnownExceptionMessages" />
    </UnitTest>
    <UnitTest name="MapToErrorData_ShouldMapToExpectedErrorData_ForAllKnownExceptionMessages (Parameter 'centerY' not specified.,40000,0)" storage="d:\actions-runner\_work\xpco\xpco\common\videoos.universal\videoos.universal.recorder.client.unittests\bin\debug\net472\videoos.universal.recorder.client.unittests.dll" id="9dfe0b87-3e9a-69a8-f994-a93ddfa4437c">
      <Execution id="76828415-93f6-45b1-be12-2b7c8e50c645" />
      <TestMethod codeBase="D:\actions-runner\_work\XPCO\XPCO\Common\VideoOS.Universal\VideoOS.Universal.Recorder.Client.UnitTests\bin\Debug\net472\VideoOS.Universal.Recorder.Client.UnitTests.dll" adapterTypeName="executor://mstestadapter/v2" className="VideoOS.Universal.Recorder.Client.UnitTests.ErrorMappingTests" name="MapToErrorData_ShouldMapToExpectedErrorData_ForAllKnownExceptionMessages" />
    </UnitTest>
    <UnitTest name="MapToErrorData_ShouldMapToExpectedErrorData_ForAllKnownExceptionMessages (Feature not licensed.,40295,100)" storage="d:\actions-runner\_work\xpco\xpco\common\videoos.universal\videoos.universal.recorder.client.unittests\bin\debug\net472\videoos.universal.recorder.client.unittests.dll" id="ff103666-7b67-1452-076d-b772085954fa">
      <Execution id="ea038e32-5691-4a7d-8df3-98a0cba4afcf" />
      <TestMethod codeBase="D:\actions-runner\_work\XPCO\XPCO\Common\VideoOS.Universal\VideoOS.Universal.Recorder.Client.UnitTests\bin\Debug\net472\VideoOS.Universal.Recorder.Client.UnitTests.dll" adapterTypeName="executor://mstestadapter/v2" className="VideoOS.Universal.Recorder.Client.UnitTests.ErrorMappingTests" name="MapToErrorData_ShouldMapToExpectedErrorData_ForAllKnownExceptionMessages" />
    </UnitTest>
    <UnitTest name="MapToErrorData_ShouldMapToExpectedErrorData_ForAllKnownExceptionMessages (Output Trigger not allowed,40000,0)" storage="d:\actions-runner\_work\xpco\xpco\common\videoos.universal\videoos.universal.recorder.client.unittests\bin\debug\net472\videoos.universal.recorder.client.unittests.dll" id="3b7040bc-fe96-1894-6926-36e0ab984d52">
      <Execution id="2a9eac90-d440-4377-8db8-0ceae0d5dcf4" />
      <TestMethod codeBase="D:\actions-runner\_work\XPCO\XPCO\Common\VideoOS.Universal\VideoOS.Universal.Recorder.Client.UnitTests\bin\Debug\net472\VideoOS.Universal.Recorder.Client.UnitTests.dll" adapterTypeName="executor://mstestadapter/v2" className="VideoOS.Universal.Recorder.Client.UnitTests.ErrorMappingTests" name="MapToErrorData_ShouldMapToExpectedErrorData_ForAllKnownExceptionMessages" />
    </UnitTest>
    <UnitTest name="MapToErrorData_ShouldMapToExpectedErrorData_ForAllKnownExceptionMessages (Device is not IPtz,40295,10)" storage="d:\actions-runner\_work\xpco\xpco\common\videoos.universal\videoos.universal.recorder.client.unittests\bin\debug\net472\videoos.universal.recorder.client.unittests.dll" id="b41740fa-e9c5-c939-82ae-4974ebcd74c0">
      <Execution id="e5097941-6628-4c73-8276-25598baf32ad" />
      <TestMethod codeBase="D:\actions-runner\_work\XPCO\XPCO\Common\VideoOS.Universal\VideoOS.Universal.Recorder.Client.UnitTests\bin\Debug\net472\VideoOS.Universal.Recorder.Client.UnitTests.dll" adapterTypeName="executor://mstestadapter/v2" className="VideoOS.Universal.Recorder.Client.UnitTests.ErrorMappingTests" name="MapToErrorData_ShouldMapToExpectedErrorData_ForAllKnownExceptionMessages" />
    </UnitTest>
    <UnitTest name="MapToErrorData_ShouldMapToExpectedErrorData_ForAllKnownExceptionMessages (Parameter 'bottom' not specified.,40000,0)" storage="d:\actions-runner\_work\xpco\xpco\common\videoos.universal\videoos.universal.recorder.client.unittests\bin\debug\net472\videoos.universal.recorder.client.unittests.dll" id="9b2791c0-dcae-133d-0e0c-d44992443afd">
      <Execution id="9a6bf84d-8b5c-4655-8b0b-8c37e5455db7" />
      <TestMethod codeBase="D:\actions-runner\_work\XPCO\XPCO\Common\VideoOS.Universal\VideoOS.Universal.Recorder.Client.UnitTests\bin\Debug\net472\VideoOS.Universal.Recorder.Client.UnitTests.dll" adapterTypeName="executor://mstestadapter/v2" className="VideoOS.Universal.Recorder.Client.UnitTests.ErrorMappingTests" name="MapToErrorData_ShouldMapToExpectedErrorData_ForAllKnownExceptionMessages" />
    </UnitTest>
    <UnitTest name="MapToErrorData_ShouldMapToExpectedErrorData_ForAllKnownExceptionMessages (Unknown soap version,10003,0)" storage="d:\actions-runner\_work\xpco\xpco\common\videoos.universal\videoos.universal.recorder.client.unittests\bin\debug\net472\videoos.universal.recorder.client.unittests.dll" id="d66c7215-8087-9322-e8b4-d3597aafd548">
      <Execution id="0e1038e5-de7a-4ab3-98ec-002a2fb1d970" />
      <TestMethod codeBase="D:\actions-runner\_work\XPCO\XPCO\Common\VideoOS.Universal\VideoOS.Universal.Recorder.Client.UnitTests\bin\Debug\net472\VideoOS.Universal.Recorder.Client.UnitTests.dll" adapterTypeName="executor://mstestadapter/v2" className="VideoOS.Universal.Recorder.Client.UnitTests.ErrorMappingTests" name="MapToErrorData_ShouldMapToExpectedErrorData_ForAllKnownExceptionMessages" />
    </UnitTest>
    <UnitTest name="MapToErrorData_ShouldMapToExpectedErrorData_ForAllKnownExceptionMessages (Unable to get status for session. Session id: 'AACBA580-2202-4D25-9E27-2B193F56DEE9',40000,0)" storage="d:\actions-runner\_work\xpco\xpco\common\videoos.universal\videoos.universal.recorder.client.unittests\bin\debug\net472\videoos.universal.recorder.client.unittests.dll" id="2df29b19-df1c-82d5-28c9-d6fb4238135a">
      <Execution id="ac10c4ec-9e2d-47f6-9e96-61e7e886ccf0" />
      <TestMethod codeBase="D:\actions-runner\_work\XPCO\XPCO\Common\VideoOS.Universal\VideoOS.Universal.Recorder.Client.UnitTests\bin\Debug\net472\VideoOS.Universal.Recorder.Client.UnitTests.dll" adapterTypeName="executor://mstestadapter/v2" className="VideoOS.Universal.Recorder.Client.UnitTests.ErrorMappingTests" name="MapToErrorData_ShouldMapToExpectedErrorData_ForAllKnownExceptionMessages" />
    </UnitTest>
    <UnitTest name="MapToErrorData_ShouldMapToExpectedErrorData_ForAllKnownExceptionMessages (Insufficient user rights to access Status API,40000,0)" storage="d:\actions-runner\_work\xpco\xpco\common\videoos.universal\videoos.universal.recorder.client.unittests\bin\debug\net472\videoos.universal.recorder.client.unittests.dll" id="91dcd39d-dd7e-a978-6202-7912368d4b45">
      <Execution id="edce9452-737d-425c-b5c8-5f9421f54160" />
      <TestMethod codeBase="D:\actions-runner\_work\XPCO\XPCO\Common\VideoOS.Universal\VideoOS.Universal.Recorder.Client.UnitTests\bin\Debug\net472\VideoOS.Universal.Recorder.Client.UnitTests.dll" adapterTypeName="executor://mstestadapter/v2" className="VideoOS.Universal.Recorder.Client.UnitTests.ErrorMappingTests" name="MapToErrorData_ShouldMapToExpectedErrorData_ForAllKnownExceptionMessages" />
    </UnitTest>
    <UnitTest name="MapToErrorData_ShouldMapToExpectedErrorData_ForAllKnownExceptionMessages (Ptz device request failed,40295,0)" storage="d:\actions-runner\_work\xpco\xpco\common\videoos.universal\videoos.universal.recorder.client.unittests\bin\debug\net472\videoos.universal.recorder.client.unittests.dll" id="1d045e11-1061-435a-e2b7-a2845f1dffd0">
      <Execution id="43e351ec-71a1-43ef-850d-10c2bdbf37d4" />
      <TestMethod codeBase="D:\actions-runner\_work\XPCO\XPCO\Common\VideoOS.Universal\VideoOS.Universal.Recorder.Client.UnitTests\bin\Debug\net472\VideoOS.Universal.Recorder.Client.UnitTests.dll" adapterTypeName="executor://mstestadapter/v2" className="VideoOS.Universal.Recorder.Client.UnitTests.ErrorMappingTests" name="MapToErrorData_ShouldMapToExpectedErrorData_ForAllKnownExceptionMessages" />
    </UnitTest>
    <UnitTest name="MapToErrorData_ShouldMapToExpectedErrorData_ForAllKnownExceptionMessages (Error processing message,10000,0)" storage="d:\actions-runner\_work\xpco\xpco\common\videoos.universal\videoos.universal.recorder.client.unittests\bin\debug\net472\videoos.universal.recorder.client.unittests.dll" id="5bdb8045-eb54-b7d5-a8ab-5f996880126d">
      <Execution id="9d6e55fc-6c03-4570-a65a-0d983864e7d5" />
      <TestMethod codeBase="D:\actions-runner\_work\XPCO\XPCO\Common\VideoOS.Universal\VideoOS.Universal.Recorder.Client.UnitTests\bin\Debug\net472\VideoOS.Universal.Recorder.Client.UnitTests.dll" adapterTypeName="executor://mstestadapter/v2" className="VideoOS.Universal.Recorder.Client.UnitTests.ErrorMappingTests" name="MapToErrorData_ShouldMapToExpectedErrorData_ForAllKnownExceptionMessages" />
    </UnitTest>
    <UnitTest name="MapToErrorData_ShouldMapToExpectedErrorData_ForAllKnownExceptionMessages (Parameter 'centerTime' not specified.,40000,0)" storage="d:\actions-runner\_work\xpco\xpco\common\videoos.universal\videoos.universal.recorder.client.unittests\bin\debug\net472\videoos.universal.recorder.client.unittests.dll" id="800ee3fd-ee19-4611-91b1-740c9ef63353">
      <Execution id="34266344-e6af-47f9-b3e1-a635c9728937" />
      <TestMethod codeBase="D:\actions-runner\_work\XPCO\XPCO\Common\VideoOS.Universal\VideoOS.Universal.Recorder.Client.UnitTests\bin\Debug\net472\VideoOS.Universal.Recorder.Client.UnitTests.dll" adapterTypeName="executor://mstestadapter/v2" className="VideoOS.Universal.Recorder.Client.UnitTests.ErrorMappingTests" name="MapToErrorData_ShouldMapToExpectedErrorData_ForAllKnownExceptionMessages" />
    </UnitTest>
    <UnitTest name="MapToErrorData_ShouldMapToExpectedErrorData_ForAllKnownExceptionMessages (Cannot release non existing session.,40295,33)" storage="d:\actions-runner\_work\xpco\xpco\common\videoos.universal\videoos.universal.recorder.client.unittests\bin\debug\net472\videoos.universal.recorder.client.unittests.dll" id="4e8526a2-21e6-96c3-62dd-a123b69eb25e">
      <Execution id="61875a40-4de6-4bc9-9cb1-553854e1da3a" />
      <TestMethod codeBase="D:\actions-runner\_work\XPCO\XPCO\Common\VideoOS.Universal\VideoOS.Universal.Recorder.Client.UnitTests\bin\Debug\net472\VideoOS.Universal.Recorder.Client.UnitTests.dll" adapterTypeName="executor://mstestadapter/v2" className="VideoOS.Universal.Recorder.Client.UnitTests.ErrorMappingTests" name="MapToErrorData_ShouldMapToExpectedErrorData_ForAllKnownExceptionMessages" />
    </UnitTest>
    <UnitTest name="MapToErrorData_ShouldMapToExpectedErrorData_ForAllKnownExceptionMessages (Token expired,20001,3)" storage="d:\actions-runner\_work\xpco\xpco\common\videoos.universal\videoos.universal.recorder.client.unittests\bin\debug\net472\videoos.universal.recorder.client.unittests.dll" id="2115e966-5903-3c7e-a670-4f7addbc58c8">
      <Execution id="828aa9f7-cd8d-426b-8575-93e6769f39b4" />
      <TestMethod codeBase="D:\actions-runner\_work\XPCO\XPCO\Common\VideoOS.Universal\VideoOS.Universal.Recorder.Client.UnitTests\bin\Debug\net472\VideoOS.Universal.Recorder.Client.UnitTests.dll" adapterTypeName="executor://mstestadapter/v2" className="VideoOS.Universal.Recorder.Client.UnitTests.ErrorMappingTests" name="MapToErrorData_ShouldMapToExpectedErrorData_ForAllKnownExceptionMessages" />
    </UnitTest>
    <UnitTest name="MapToErrorData_ShouldMapToExpectedErrorData_ForAllKnownExceptionMessages (Parameter 'resultMotionMaskSize' not specified.,40000,0)" storage="d:\actions-runner\_work\xpco\xpco\common\videoos.universal\videoos.universal.recorder.client.unittests\bin\debug\net472\videoos.universal.recorder.client.unittests.dll" id="0dcc6d3f-db9f-7a6a-40d2-7736ed6d4b9d">
      <Execution id="25da752b-3987-4286-a78a-87aaabc0fbf4" />
      <TestMethod codeBase="D:\actions-runner\_work\XPCO\XPCO\Common\VideoOS.Universal\VideoOS.Universal.Recorder.Client.UnitTests\bin\Debug\net472\VideoOS.Universal.Recorder.Client.UnitTests.dll" adapterTypeName="executor://mstestadapter/v2" className="VideoOS.Universal.Recorder.Client.UnitTests.ErrorMappingTests" name="MapToErrorData_ShouldMapToExpectedErrorData_ForAllKnownExceptionMessages" />
    </UnitTest>
    <UnitTest name="MapToErrorData_ShouldMapToExpectedErrorData_ForAllKnownExceptionMessages (Parameter 'top' not a double.,40000,0)" storage="d:\actions-runner\_work\xpco\xpco\common\videoos.universal\videoos.universal.recorder.client.unittests\bin\debug\net472\videoos.universal.recorder.client.unittests.dll" id="5eab5dd7-e018-3991-2458-7b039c3933ac">
      <Execution id="26eedb81-dc34-424d-82cc-38231fd68b13" />
      <TestMethod codeBase="D:\actions-runner\_work\XPCO\XPCO\Common\VideoOS.Universal\VideoOS.Universal.Recorder.Client.UnitTests\bin\Debug\net472\VideoOS.Universal.Recorder.Client.UnitTests.dll" adapterTypeName="executor://mstestadapter/v2" className="VideoOS.Universal.Recorder.Client.UnitTests.ErrorMappingTests" name="MapToErrorData_ShouldMapToExpectedErrorData_ForAllKnownExceptionMessages" />
    </UnitTest>
    <UnitTest name="MapToErrorData_ShouldMapToExpectedErrorData_ForAllKnownExceptionMessages (Parameter 'searchEndTime' not specified.,40000,0)" storage="d:\actions-runner\_work\xpco\xpco\common\videoos.universal\videoos.universal.recorder.client.unittests\bin\debug\net472\videoos.universal.recorder.client.unittests.dll" id="a4074f04-ca9c-7f3a-27dd-3f43d667f62b">
      <Execution id="5bd4aba9-f9bf-45fa-b30e-46a568dbc635" />
      <TestMethod codeBase="D:\actions-runner\_work\XPCO\XPCO\Common\VideoOS.Universal\VideoOS.Universal.Recorder.Client.UnitTests\bin\Debug\net472\VideoOS.Universal.Recorder.Client.UnitTests.dll" adapterTypeName="executor://mstestadapter/v2" className="VideoOS.Universal.Recorder.Client.UnitTests.ErrorMappingTests" name="MapToErrorData_ShouldMapToExpectedErrorData_ForAllKnownExceptionMessages" />
    </UnitTest>
    <UnitTest name="MapToErrorData_ShouldMapToExpectedErrorData_ForAllKnownExceptionMessages (Parameter 'smartSearchId' not specified.,40000,0)" storage="d:\actions-runner\_work\xpco\xpco\common\videoos.universal\videoos.universal.recorder.client.unittests\bin\debug\net472\videoos.universal.recorder.client.unittests.dll" id="85b85558-4e86-e2e9-f199-a641f389c561">
      <Execution id="18c5d43e-9309-4804-be22-0049d2a8a4fd" />
      <TestMethod codeBase="D:\actions-runner\_work\XPCO\XPCO\Common\VideoOS.Universal\VideoOS.Universal.Recorder.Client.UnitTests\bin\Debug\net472\VideoOS.Universal.Recorder.Client.UnitTests.dll" adapterTypeName="executor://mstestadapter/v2" className="VideoOS.Universal.Recorder.Client.UnitTests.ErrorMappingTests" name="MapToErrorData_ShouldMapToExpectedErrorData_ForAllKnownExceptionMessages" />
    </UnitTest>
    <UnitTest name="MapToErrorData_ShouldMapToExpectedErrorData_ForAllKnownExceptionMessages (No response,40000,0)" storage="d:\actions-runner\_work\xpco\xpco\common\videoos.universal\videoos.universal.recorder.client.unittests\bin\debug\net472\videoos.universal.recorder.client.unittests.dll" id="da2e64d0-07af-bde3-2302-bf64cdb3a322">
      <Execution id="866827b2-1b21-4e8e-911e-d550ce7d97e9" />
      <TestMethod codeBase="D:\actions-runner\_work\XPCO\XPCO\Common\VideoOS.Universal\VideoOS.Universal.Recorder.Client.UnitTests\bin\Debug\net472\VideoOS.Universal.Recorder.Client.UnitTests.dll" adapterTypeName="executor://mstestadapter/v2" className="VideoOS.Universal.Recorder.Client.UnitTests.ErrorMappingTests" name="MapToErrorData_ShouldMapToExpectedErrorData_ForAllKnownExceptionMessages" />
    </UnitTest>
    <UnitTest name="MapToErrorData_ShouldMapToExpectedErrorData_ForAllKnownExceptionMessages (Manual patrolling cannot be released,40295,42)" storage="d:\actions-runner\_work\xpco\xpco\common\videoos.universal\videoos.universal.recorder.client.unittests\bin\debug\net472\videoos.universal.recorder.client.unittests.dll" id="28df4bf5-2ae5-a1b7-c1a9-2a27479c8315">
      <Execution id="3ac9f657-1c59-4df9-b077-900dd3e01aa3" />
      <TestMethod codeBase="D:\actions-runner\_work\XPCO\XPCO\Common\VideoOS.Universal\VideoOS.Universal.Recorder.Client.UnitTests\bin\Debug\net472\VideoOS.Universal.Recorder.Client.UnitTests.dll" adapterTypeName="executor://mstestadapter/v2" className="VideoOS.Universal.Recorder.Client.UnitTests.ErrorMappingTests" name="MapToErrorData_ShouldMapToExpectedErrorData_ForAllKnownExceptionMessages" />
    </UnitTest>
    <UnitTest name="MapToErrorData_ShouldMapToExpectedErrorData_ForAllKnownExceptionMessages (Parameter 'patrollingSchemaId' not specified.,40000,0)" storage="d:\actions-runner\_work\xpco\xpco\common\videoos.universal\videoos.universal.recorder.client.unittests\bin\debug\net472\videoos.universal.recorder.client.unittests.dll" id="b92a2ba1-e1a6-e50e-91ed-d9fb35b24c13">
      <Execution id="0c42cd80-fc2a-4427-8e57-41cf935afce6" />
      <TestMethod codeBase="D:\actions-runner\_work\XPCO\XPCO\Common\VideoOS.Universal\VideoOS.Universal.Recorder.Client.UnitTests\bin\Debug\net472\VideoOS.Universal.Recorder.Client.UnitTests.dll" adapterTypeName="executor://mstestadapter/v2" className="VideoOS.Universal.Recorder.Client.UnitTests.ErrorMappingTests" name="MapToErrorData_ShouldMapToExpectedErrorData_ForAllKnownExceptionMessages" />
    </UnitTest>
    <UnitTest name="MapToErrorData_ShouldMapToExpectedErrorData_ForAllKnownExceptionMessages (Version mismatch,10001,0)" storage="d:\actions-runner\_work\xpco\xpco\common\videoos.universal\videoos.universal.recorder.client.unittests\bin\debug\net472\videoos.universal.recorder.client.unittests.dll" id="59a12284-4e9a-63e6-7529-f2a301ae1764">
      <Execution id="82cf1089-dabf-4060-96fe-5a304b900802" />
      <TestMethod codeBase="D:\actions-runner\_work\XPCO\XPCO\Common\VideoOS.Universal\VideoOS.Universal.Recorder.Client.UnitTests\bin\Debug\net472\VideoOS.Universal.Recorder.Client.UnitTests.dll" adapterTypeName="executor://mstestadapter/v2" className="VideoOS.Universal.Recorder.Client.UnitTests.ErrorMappingTests" name="MapToErrorData_ShouldMapToExpectedErrorData_ForAllKnownExceptionMessages" />
    </UnitTest>
    <UnitTest name="MapToErrorData_ShouldMapToExpectedErrorData_ForAllKnownExceptionMessages (Parameter 'refHeight' not specified.,40000,0)" storage="d:\actions-runner\_work\xpco\xpco\common\videoos.universal\videoos.universal.recorder.client.unittests\bin\debug\net472\videoos.universal.recorder.client.unittests.dll" id="0694ff2f-39c5-3307-5e47-db615407ef82">
      <Execution id="2042b1d1-5046-402f-a9da-53c4a4c79917" />
      <TestMethod codeBase="D:\actions-runner\_work\XPCO\XPCO\Common\VideoOS.Universal\VideoOS.Universal.Recorder.Client.UnitTests\bin\Debug\net472\VideoOS.Universal.Recorder.Client.UnitTests.dll" adapterTypeName="executor://mstestadapter/v2" className="VideoOS.Universal.Recorder.Client.UnitTests.ErrorMappingTests" name="MapToErrorData_ShouldMapToExpectedErrorData_ForAllKnownExceptionMessages" />
    </UnitTest>
    <UnitTest name="MapToErrorData_ShouldMapToExpectedErrorData_ForAllKnownExceptionMessages (Token invalid,20001,2)" storage="d:\actions-runner\_work\xpco\xpco\common\videoos.universal\videoos.universal.recorder.client.unittests\bin\debug\net472\videoos.universal.recorder.client.unittests.dll" id="0ea8c1f1-125e-e4fd-81c6-ba75165b327d">
      <Execution id="6ee97065-c6e5-420c-9a8b-0e5d7841babb" />
      <TestMethod codeBase="D:\actions-runner\_work\XPCO\XPCO\Common\VideoOS.Universal\VideoOS.Universal.Recorder.Client.UnitTests\bin\Debug\net472\VideoOS.Universal.Recorder.Client.UnitTests.dll" adapterTypeName="executor://mstestadapter/v2" className="VideoOS.Universal.Recorder.Client.UnitTests.ErrorMappingTests" name="MapToErrorData_ShouldMapToExpectedErrorData_ForAllKnownExceptionMessages" />
    </UnitTest>
    <UnitTest name="MapToErrorData_ShouldMapToExpectedErrorData_ForAllKnownExceptionMessages (Preset Move To not allowed,40000,0)" storage="d:\actions-runner\_work\xpco\xpco\common\videoos.universal\videoos.universal.recorder.client.unittests\bin\debug\net472\videoos.universal.recorder.client.unittests.dll" id="6054e43f-0be0-496a-5f90-fcd88b8e0ffa">
      <Execution id="3dfe7c24-98b1-42f6-8c32-5719106e368c" />
      <TestMethod codeBase="D:\actions-runner\_work\XPCO\XPCO\Common\VideoOS.Universal\VideoOS.Universal.Recorder.Client.UnitTests\bin\Debug\net472\VideoOS.Universal.Recorder.Client.UnitTests.dll" adapterTypeName="executor://mstestadapter/v2" className="VideoOS.Universal.Recorder.Client.UnitTests.ErrorMappingTests" name="MapToErrorData_ShouldMapToExpectedErrorData_ForAllKnownExceptionMessages" />
    </UnitTest>
    <UnitTest name="MapToErrorData_ShouldMapToExpectedErrorData_ForAllKnownExceptionMessages (Request rejected, request priority (2) equal to current patrolling priority (2).,40295,43)" storage="d:\actions-runner\_work\xpco\xpco\common\videoos.universal\videoos.universal.recorder.client.unittests\bin\debug\net472\videoos.universal.recorder.client.unittests.dll" id="4d848df5-18de-13ce-9dab-12001bd5ce05">
      <Execution id="90f4fbc6-303e-4c39-8635-1874c32d8cf7" />
      <TestMethod codeBase="D:\actions-runner\_work\XPCO\XPCO\Common\VideoOS.Universal\VideoOS.Universal.Recorder.Client.UnitTests\bin\Debug\net472\VideoOS.Universal.Recorder.Client.UnitTests.dll" adapterTypeName="executor://mstestadapter/v2" className="VideoOS.Universal.Recorder.Client.UnitTests.ErrorMappingTests" name="MapToErrorData_ShouldMapToExpectedErrorData_ForAllKnownExceptionMessages" />
    </UnitTest>
    <UnitTest name="MapToErrorData_ShouldMapToExpectedErrorData_ForAllKnownExceptionMessages (Parameter 'minTime' not specified.,40000,0)" storage="d:\actions-runner\_work\xpco\xpco\common\videoos.universal\videoos.universal.recorder.client.unittests\bin\debug\net472\videoos.universal.recorder.client.unittests.dll" id="1eb3a396-5256-27b0-5742-cacc5acdfce3">
      <Execution id="7c6963d7-c1d4-4808-9054-f5df2eb2c619" />
      <TestMethod codeBase="D:\actions-runner\_work\XPCO\XPCO\Common\VideoOS.Universal\VideoOS.Universal.Recorder.Client.UnitTests\bin\Debug\net472\VideoOS.Universal.Recorder.Client.UnitTests.dll" adapterTypeName="executor://mstestadapter/v2" className="VideoOS.Universal.Recorder.Client.UnitTests.ErrorMappingTests" name="MapToErrorData_ShouldMapToExpectedErrorData_ForAllKnownExceptionMessages" />
    </UnitTest>
    <UnitTest name="MapToErrorData_ShouldMapToExpectedErrorData_ForAllKnownExceptionMessages (Parameter 'duration' not specified.,40000,0)" storage="d:\actions-runner\_work\xpco\xpco\common\videoos.universal\videoos.universal.recorder.client.unittests\bin\debug\net472\videoos.universal.recorder.client.unittests.dll" id="666fbaed-9b35-07e6-c984-97853135c78e">
      <Execution id="6eedfeed-b6ad-46be-81c9-1113b92fa87d" />
      <TestMethod codeBase="D:\actions-runner\_work\XPCO\XPCO\Common\VideoOS.Universal\VideoOS.Universal.Recorder.Client.UnitTests\bin\Debug\net472\VideoOS.Universal.Recorder.Client.UnitTests.dll" adapterTypeName="executor://mstestadapter/v2" className="VideoOS.Universal.Recorder.Client.UnitTests.ErrorMappingTests" name="MapToErrorData_ShouldMapToExpectedErrorData_ForAllKnownExceptionMessages" />
    </UnitTest>
    <UnitTest name="MapToErrorData_ShouldMapToExpectedErrorData_ForAllKnownExceptionMessages (Device AACBA580-2202-4D25-9E27-2B193F56DEE9 not found.,40000,0)" storage="d:\actions-runner\_work\xpco\xpco\common\videoos.universal\videoos.universal.recorder.client.unittests\bin\debug\net472\videoos.universal.recorder.client.unittests.dll" id="8be3d1c2-a65d-f8a9-2393-a7fd5a011e1e">
      <Execution id="1cd6167b-cebc-44bf-8f7b-39b6141863c8" />
      <TestMethod codeBase="D:\actions-runner\_work\XPCO\XPCO\Common\VideoOS.Universal\VideoOS.Universal.Recorder.Client.UnitTests\bin\Debug\net472\VideoOS.Universal.Recorder.Client.UnitTests.dll" adapterTypeName="executor://mstestadapter/v2" className="VideoOS.Universal.Recorder.Client.UnitTests.ErrorMappingTests" name="MapToErrorData_ShouldMapToExpectedErrorData_ForAllKnownExceptionMessages" />
    </UnitTest>
    <UnitTest name="MapToErrorData_ShouldMapToExpectedErrorData_ForAllKnownExceptionMessages (Parameter 'timeLineInformationInterval' not specified.,40000,0)" storage="d:\actions-runner\_work\xpco\xpco\common\videoos.universal\videoos.universal.recorder.client.unittests\bin\debug\net472\videoos.universal.recorder.client.unittests.dll" id="a87678ca-30fd-55a7-2add-b1645afab176">
      <Execution id="32612d64-f693-4f3a-b3c4-334b50cbdfd8" />
      <TestMethod codeBase="D:\actions-runner\_work\XPCO\XPCO\Common\VideoOS.Universal\VideoOS.Universal.Recorder.Client.UnitTests\bin\Debug\net472\VideoOS.Universal.Recorder.Client.UnitTests.dll" adapterTypeName="executor://mstestadapter/v2" className="VideoOS.Universal.Recorder.Client.UnitTests.ErrorMappingTests" name="MapToErrorData_ShouldMapToExpectedErrorData_ForAllKnownExceptionMessages" />
    </UnitTest>
    <UnitTest name="MapToErrorData_ShouldMapToExpectedErrorData_ForAllKnownExceptionMessages (Parameter 'top' not specified.,40000,0)" storage="d:\actions-runner\_work\xpco\xpco\common\videoos.universal\videoos.universal.recorder.client.unittests\bin\debug\net472\videoos.universal.recorder.client.unittests.dll" id="0059003f-fecd-45c7-015c-ea73a5f6a26d">
      <Execution id="c2ddb870-abd1-44cc-a70d-aa5a79386af4" />
      <TestMethod codeBase="D:\actions-runner\_work\XPCO\XPCO\Common\VideoOS.Universal\VideoOS.Universal.Recorder.Client.UnitTests\bin\Debug\net472\VideoOS.Universal.Recorder.Client.UnitTests.dll" adapterTypeName="executor://mstestadapter/v2" className="VideoOS.Universal.Recorder.Client.UnitTests.ErrorMappingTests" name="MapToErrorData_ShouldMapToExpectedErrorData_ForAllKnownExceptionMessages" />
    </UnitTest>
    <UnitTest name="MapToErrorData_ShouldMapToExpectedErrorData_ForAllKnownExceptionMessages (Parameter 'continueSearch' not specified.,40000,0)" storage="d:\actions-runner\_work\xpco\xpco\common\videoos.universal\videoos.universal.recorder.client.unittests\bin\debug\net472\videoos.universal.recorder.client.unittests.dll" id="957247ca-2558-dbe2-b95a-7582437a0332">
      <Execution id="435e3b75-8e31-4d5c-94e4-f5ae7e89146a" />
      <TestMethod codeBase="D:\actions-runner\_work\XPCO\XPCO\Common\VideoOS.Universal\VideoOS.Universal.Recorder.Client.UnitTests\bin\Debug\net472\VideoOS.Universal.Recorder.Client.UnitTests.dll" adapterTypeName="executor://mstestadapter/v2" className="VideoOS.Universal.Recorder.Client.UnitTests.ErrorMappingTests" name="MapToErrorData_ShouldMapToExpectedErrorData_ForAllKnownExceptionMessages" />
    </UnitTest>
  </TestDefinitions>
  <TestEntries>
    <TestEntry testId="3b7040bc-fe96-1894-6926-36e0ab984d52" executionId="2a9eac90-d440-4377-8db8-0ceae0d5dcf4" testListId="8c84fa94-04c1-424b-9868-57a2d4851a1d" />
    <TestEntry testId="08956cd9-0a9c-dbea-9b71-bf084dfb8a08" executionId="bc9092be-ba65-4eed-9dc5-67cb3c0663e7" testListId="8c84fa94-04c1-424b-9868-57a2d4851a1d" />
    <TestEntry testId="8af9a04f-5939-8ca3-bb96-4543c58267d1" executionId="d71bbe62-c084-4161-a810-16735973e6b1" testListId="8c84fa94-04c1-424b-9868-57a2d4851a1d" />
    <TestEntry testId="6054e43f-0be0-496a-5f90-fcd88b8e0ffa" executionId="3dfe7c24-98b1-42f6-8c32-5719106e368c" testListId="8c84fa94-04c1-424b-9868-57a2d4851a1d" />
    <TestEntry testId="f21a1bd1-352e-7008-37e3-cc2dcc23df56" executionId="d1cc6a3b-8be3-443c-83b9-83d49edf2241" testListId="8c84fa94-04c1-424b-9868-57a2d4851a1d" />
    <TestEntry testId="d64221b5-22c5-e091-f454-9a2b075ad9ad" executionId="157a2c17-a72a-469d-9c64-f9c5119d7ab3" testListId="8c84fa94-04c1-424b-9868-57a2d4851a1d" />
    <TestEntry testId="e52bb301-d087-6708-af07-3c2a10a87dc7" executionId="717caee0-49e9-48a5-b915-5beeb6695a68" testListId="8c84fa94-04c1-424b-9868-57a2d4851a1d" />
    <TestEntry testId="9dfe0b87-3e9a-69a8-f994-a93ddfa4437c" executionId="76828415-93f6-45b1-be12-2b7c8e50c645" testListId="8c84fa94-04c1-424b-9868-57a2d4851a1d" />
    <TestEntry testId="2df29b19-df1c-82d5-28c9-d6fb4238135a" executionId="ac10c4ec-9e2d-47f6-9e96-61e7e886ccf0" testListId="8c84fa94-04c1-424b-9868-57a2d4851a1d" />
    <TestEntry testId="187355fe-9694-1001-3a34-ad23e6d12468" executionId="03ad7da9-5205-43bb-bb6e-0920743b0965" testListId="8c84fa94-04c1-424b-9868-57a2d4851a1d" />
    <TestEntry testId="5f512471-2589-a6c3-ae8a-9d90857164f2" executionId="fe575392-e66a-4128-9176-54a467beccff" testListId="8c84fa94-04c1-424b-9868-57a2d4851a1d" />
    <TestEntry testId="920d91ee-8977-3219-1b05-172389cf2f52" executionId="1793076e-de7b-4578-8f75-ceb23c69b1cc" testListId="8c84fa94-04c1-424b-9868-57a2d4851a1d" />
    <TestEntry testId="66bbd2a1-ed44-421d-d7a9-e8931a394d9d" executionId="410f0f65-0ccd-48b3-9fc2-3da9c91b67fa" testListId="8c84fa94-04c1-424b-9868-57a2d4851a1d" />
    <TestEntry testId="eca58048-cf56-2e11-d62e-ebb1aa07c891" executionId="88e5be82-512b-414f-b097-4abe3c83de07" testListId="8c84fa94-04c1-424b-9868-57a2d4851a1d" />
    <TestEntry testId="a9629622-3b35-16e8-6860-7bdb0490339f" executionId="aa4c977e-65b8-416b-a701-2ba0ba559728" testListId="8c84fa94-04c1-424b-9868-57a2d4851a1d" />
    <TestEntry testId="241424a0-5b70-4f7a-46d8-9aefc41689fb" executionId="5016e193-8340-4a06-b0b7-25f07e1b87c2" testListId="8c84fa94-04c1-424b-9868-57a2d4851a1d" />
    <TestEntry testId="1eb3a396-5256-27b0-5742-cacc5acdfce3" executionId="7c6963d7-c1d4-4808-9054-f5df2eb2c619" testListId="8c84fa94-04c1-424b-9868-57a2d4851a1d" />
    <TestEntry testId="6959902c-944b-3b12-47f4-15d4969107f4" executionId="88114d47-5e43-4649-859c-108feb0de0d4" testListId="8c84fa94-04c1-424b-9868-57a2d4851a1d" />
    <TestEntry testId="e38d3b34-cf2b-f08d-b20b-5dc47e964a0d" executionId="841c56bf-6b71-49ee-bfbf-0e23a0a31757" testListId="8c84fa94-04c1-424b-9868-57a2d4851a1d" />
    <TestEntry testId="2cfd34c6-cbe9-d4ac-0b6d-c5ffc7143273" executionId="558d637b-ee7e-46ea-b3d7-b0a02899c767" testListId="8c84fa94-04c1-424b-9868-57a2d4851a1d" />
    <TestEntry testId="b92a2ba1-e1a6-e50e-91ed-d9fb35b24c13" executionId="0c42cd80-fc2a-4427-8e57-41cf935afce6" testListId="8c84fa94-04c1-424b-9868-57a2d4851a1d" />
    <TestEntry testId="5b36286e-511e-b92e-c691-7507e5edcbd9" executionId="1e0cdd58-7539-41a1-b721-d608aa012dec" testListId="8c84fa94-04c1-424b-9868-57a2d4851a1d" />
    <TestEntry testId="e247e266-501e-90c6-c043-753ae0950fd1" executionId="4e9a7065-2320-4fa7-b98d-e2aad85875a1" testListId="8c84fa94-04c1-424b-9868-57a2d4851a1d" />
    <TestEntry testId="cdd8338a-8f64-2b0d-80b8-d04a876f0ab6" executionId="dff40c97-b3e5-41b7-b9a3-c1d4fa34cba6" testListId="8c84fa94-04c1-424b-9868-57a2d4851a1d" />
    <TestEntry testId="d3545af8-73c1-c374-a8ec-1d3eafe3a2a1" executionId="01d2ffd8-4e7e-4f99-8ef2-49a659bd611b" testListId="8c84fa94-04c1-424b-9868-57a2d4851a1d" />
    <TestEntry testId="59a12284-4e9a-63e6-7529-f2a301ae1764" executionId="82cf1089-dabf-4060-96fe-5a304b900802" testListId="8c84fa94-04c1-424b-9868-57a2d4851a1d" />
    <TestEntry testId="9b2791c0-dcae-133d-0e0c-d44992443afd" executionId="9a6bf84d-8b5c-4655-8b0b-8c37e5455db7" testListId="8c84fa94-04c1-424b-9868-57a2d4851a1d" />
    <TestEntry testId="8be3d1c2-a65d-f8a9-2393-a7fd5a011e1e" executionId="1cd6167b-cebc-44bf-8f7b-39b6141863c8" testListId="8c84fa94-04c1-424b-9868-57a2d4851a1d" />
    <TestEntry testId="0059003f-fecd-45c7-015c-ea73a5f6a26d" executionId="c2ddb870-abd1-44cc-a70d-aa5a79386af4" testListId="8c84fa94-04c1-424b-9868-57a2d4851a1d" />
    <TestEntry testId="22c6193f-fa6b-3dd2-48f8-103f19932add" executionId="1fed6399-c7f9-4717-b6ea-4f14f33e6f97" testListId="8c84fa94-04c1-424b-9868-57a2d4851a1d" />
    <TestEntry testId="4c1a12a7-ab57-72c7-a05f-0922e2f905a4" executionId="0bda197f-131e-451a-84a7-58253b2dae9b" testListId="8c84fa94-04c1-424b-9868-57a2d4851a1d" />
    <TestEntry testId="c1aae47b-7b1c-2e0a-12be-5061709a6c0b" executionId="bdcc98b5-d339-4d33-b2ed-a5c79bdd006b" testListId="8c84fa94-04c1-424b-9868-57a2d4851a1d" />
    <TestEntry testId="9c0dce28-4095-843a-0a45-1ced74896366" executionId="5cb3575b-403f-4f8e-9312-80d64e19dbbc" testListId="8c84fa94-04c1-424b-9868-57a2d4851a1d" />
    <TestEntry testId="3fade5f4-11ff-9f95-0f20-59ad7987491c" executionId="95789892-ee44-4297-90fd-e7a26b47b380" testListId="8c84fa94-04c1-424b-9868-57a2d4851a1d" />
    <TestEntry testId="a4074f04-ca9c-7f3a-27dd-3f43d667f62b" executionId="5bd4aba9-f9bf-45fa-b30e-46a568dbc635" testListId="8c84fa94-04c1-424b-9868-57a2d4851a1d" />
    <TestEntry testId="c58af070-d07e-9e95-d58c-4c938f189840" executionId="782657a9-81e4-4a86-a79b-700490211689" testListId="8c84fa94-04c1-424b-9868-57a2d4851a1d" />
    <TestEntry testId="4e8526a2-21e6-96c3-62dd-a123b69eb25e" executionId="61875a40-4de6-4bc9-9cb1-553854e1da3a" testListId="8c84fa94-04c1-424b-9868-57a2d4851a1d" />
    <TestEntry testId="da55e9b6-e338-389a-ee23-8f76fe1d70b2" executionId="95f8501a-15d5-45d0-a82b-3170ff2fbb57" testListId="8c84fa94-04c1-424b-9868-57a2d4851a1d" />
    <TestEntry testId="a4061941-463c-b9c5-eab7-f048b396093b" executionId="bb87744d-afd6-4023-9bfa-a7dbbbfe8ae8" testListId="8c84fa94-04c1-424b-9868-57a2d4851a1d" />
    <TestEntry testId="0a56f9d6-a112-b49c-99d2-6b5e683875e5" executionId="f5f244b8-b9a1-45d1-a35b-a6860003a321" testListId="8c84fa94-04c1-424b-9868-57a2d4851a1d" />
    <TestEntry testId="915e587d-8f0f-190e-8430-9f8b18a5f74c" executionId="54f179f3-81e9-4f55-ad09-15a181518ca3" testListId="8c84fa94-04c1-424b-9868-57a2d4851a1d" />
    <TestEntry testId="8b6f5710-0077-cb47-63e9-3da381f7e79a" executionId="be7ed77e-3308-4d4b-9e8b-934a4421e40b" testListId="8c84fa94-04c1-424b-9868-57a2d4851a1d" />
    <TestEntry testId="0eb433f0-d269-14d0-6aaa-7c45d4c8694e" executionId="06c3492b-37a2-4f8c-b162-aa3a6ef40981" testListId="8c84fa94-04c1-424b-9868-57a2d4851a1d" />
    <TestEntry testId="1c563eee-ea87-f8a5-f58c-30288f22e43f" executionId="3183c30b-c523-4a86-b245-98f4d75db562" testListId="8c84fa94-04c1-424b-9868-57a2d4851a1d" />
    <TestEntry testId="79fdae02-0bfd-e82a-33da-98d1a67c4e34" executionId="aa357cb6-0ca5-4b38-96bd-348b026187a6" testListId="8c84fa94-04c1-424b-9868-57a2d4851a1d" />
    <TestEntry testId="4d0f8589-1874-0df7-6978-303c6332b26e" executionId="05546961-4550-403a-9f04-79db195e2caa" testListId="8c84fa94-04c1-424b-9868-57a2d4851a1d" />
    <TestEntry testId="ff103666-7b67-1452-076d-b772085954fa" executionId="ea038e32-5691-4a7d-8df3-98a0cba4afcf" testListId="8c84fa94-04c1-424b-9868-57a2d4851a1d" />
    <TestEntry testId="6ae2af17-6366-e6e0-2b46-d6b8a572d9bb" executionId="f9b52509-2992-4b6d-813e-eb3c88c9f62c" testListId="8c84fa94-04c1-424b-9868-57a2d4851a1d" />
    <TestEntry testId="172200d1-41c8-c116-53fd-579deb4ba039" executionId="16998590-4826-4fc1-80d3-64fee49cccb0" testListId="8c84fa94-04c1-424b-9868-57a2d4851a1d" />
    <TestEntry testId="ae55695f-890f-c83f-67e2-608689c65dde" executionId="d73b59c4-685d-473e-ab28-2e45cb92bc3c" testListId="8c84fa94-04c1-424b-9868-57a2d4851a1d" />
    <TestEntry testId="65e1ed65-c516-d934-ec2a-4d199e8e08f1" executionId="6ef74630-086f-4bda-8c0a-5b010cfa771f" testListId="8c84fa94-04c1-424b-9868-57a2d4851a1d" />
    <TestEntry testId="bd204008-9037-1a9e-afde-169812f51ba5" executionId="b3759171-a57b-49e4-9706-72a87a06c167" testListId="8c84fa94-04c1-424b-9868-57a2d4851a1d" />
    <TestEntry testId="6b4b90d8-d3e9-0094-2600-28c6df9535e2" executionId="25a8de09-3aa7-4c25-8cbb-9ff8abfae29b" testListId="8c84fa94-04c1-424b-9868-57a2d4851a1d" />
    <TestEntry testId="3de451e6-e9ff-60cf-caf1-eded2476da5e" executionId="a2b25003-e4e4-450a-ac3a-8014c7d1098c" testListId="8c84fa94-04c1-424b-9868-57a2d4851a1d" />
    <TestEntry testId="666fbaed-9b35-07e6-c984-97853135c78e" executionId="6eedfeed-b6ad-46be-81c9-1113b92fa87d" testListId="8c84fa94-04c1-424b-9868-57a2d4851a1d" />
    <TestEntry testId="0e2b2cd3-de0d-7f04-6e71-b362597d24fa" executionId="47abe1b9-77f8-495e-ba5e-57bfb34e1624" testListId="8c84fa94-04c1-424b-9868-57a2d4851a1d" />
    <TestEntry testId="4d848df5-18de-13ce-9dab-12001bd5ce05" executionId="90f4fbc6-303e-4c39-8635-1874c32d8cf7" testListId="8c84fa94-04c1-424b-9868-57a2d4851a1d" />
    <TestEntry testId="5ea4ae92-bea4-eca8-7349-68147908519e" executionId="24151bd9-94b8-4be3-8f8b-1046a09f043a" testListId="8c84fa94-04c1-424b-9868-57a2d4851a1d" />
    <TestEntry testId="4ba9662d-e957-b78d-096a-9e6f10392a1d" executionId="470d0041-ceac-4ab0-a9ec-a0b5980ba46b" testListId="8c84fa94-04c1-424b-9868-57a2d4851a1d" />
    <TestEntry testId="65ab5780-4796-2c17-0494-85979a046065" executionId="20ff67ef-37fb-4b21-8eed-57cb70d298f6" testListId="8c84fa94-04c1-424b-9868-57a2d4851a1d" />
    <TestEntry testId="0dcc6d3f-db9f-7a6a-40d2-7736ed6d4b9d" executionId="25da752b-3987-4286-a78a-87aaabc0fbf4" testListId="8c84fa94-04c1-424b-9868-57a2d4851a1d" />
    <TestEntry testId="e1213634-efce-7a0c-270e-c3e7a5e2307a" executionId="5ba0c23d-2439-430a-ad99-ed295b488db8" testListId="8c84fa94-04c1-424b-9868-57a2d4851a1d" />
    <TestEntry testId="d73e9d51-2e88-07d2-b58d-49d142430958" executionId="9c56f314-45ed-4eb7-8eec-743f7249750c" testListId="8c84fa94-04c1-424b-9868-57a2d4851a1d" />
    <TestEntry testId="47a84cb6-b4e8-aeb0-64fc-4d834f10f86d" executionId="88be595a-c0db-49e9-bc3b-5ab0e7638f7e" testListId="8c84fa94-04c1-424b-9868-57a2d4851a1d" />
    <TestEntry testId="1a74203f-edc4-8f5f-edac-50b1758e0fdc" executionId="d2505c5e-7c12-48e2-b218-ddb0c177485e" testListId="8c84fa94-04c1-424b-9868-57a2d4851a1d" />
    <TestEntry testId="576db89d-9e4e-f54b-0485-3e8451bbf745" executionId="ebdbd4c5-6ca3-4739-97df-83e5ddda1a93" testListId="8c84fa94-04c1-424b-9868-57a2d4851a1d" />
    <TestEntry testId="295b5c9c-51e7-02f9-12d0-e6e242da33d5" executionId="154c5990-25d2-43d8-91b7-b2d6c3223abc" testListId="8c84fa94-04c1-424b-9868-57a2d4851a1d" />
    <TestEntry testId="3d23044e-83d2-97dd-128c-6d7c3559b20c" executionId="2391bf74-5162-4d96-a79a-4eac4f3360f2" testListId="8c84fa94-04c1-424b-9868-57a2d4851a1d" />
    <TestEntry testId="aeb4bb50-0071-ea1c-74ca-2656e55d006c" executionId="fd62a0a4-3232-4968-bef7-12bc06796cfe" testListId="8c84fa94-04c1-424b-9868-57a2d4851a1d" />
    <TestEntry testId="d66c7215-8087-9322-e8b4-d3597aafd548" executionId="0e1038e5-de7a-4ab3-98ec-002a2fb1d970" testListId="8c84fa94-04c1-424b-9868-57a2d4851a1d" />
    <TestEntry testId="0ea8c1f1-125e-e4fd-81c6-ba75165b327d" executionId="6ee97065-c6e5-420c-9a8b-0e5d7841babb" testListId="8c84fa94-04c1-424b-9868-57a2d4851a1d" />
    <TestEntry testId="2115e966-5903-3c7e-a670-4f7addbc58c8" executionId="828aa9f7-cd8d-426b-8575-93e6769f39b4" testListId="8c84fa94-04c1-424b-9868-57a2d4851a1d" />
    <TestEntry testId="800ee3fd-ee19-4611-91b1-740c9ef63353" executionId="34266344-e6af-47f9-b3e1-a635c9728937" testListId="8c84fa94-04c1-424b-9868-57a2d4851a1d" />
    <TestEntry testId="b41740fa-e9c5-c939-82ae-4974ebcd74c0" executionId="e5097941-6628-4c73-8276-25598baf32ad" testListId="8c84fa94-04c1-424b-9868-57a2d4851a1d" />
    <TestEntry testId="3d3e7e9e-2ee9-9715-5f34-a09a9bd5bf0e" executionId="3414e98e-5cb7-4b5d-9c24-e7623ec2272c" testListId="8c84fa94-04c1-424b-9868-57a2d4851a1d" />
    <TestEntry testId="9280b064-d4af-dea4-5a19-27bf48d3dc74" executionId="e07c0ee1-0736-419e-8d46-9b77773dd9e4" testListId="8c84fa94-04c1-424b-9868-57a2d4851a1d" />
    <TestEntry testId="1aba1db0-4543-154a-d1e0-6f25332f2e52" executionId="797be8f5-52a3-4819-9b28-bfa33464364f" testListId="8c84fa94-04c1-424b-9868-57a2d4851a1d" />
    <TestEntry testId="5eab5dd7-e018-3991-2458-7b039c3933ac" executionId="26eedb81-dc34-424d-82cc-38231fd68b13" testListId="8c84fa94-04c1-424b-9868-57a2d4851a1d" />
    <TestEntry testId="1fdb8ac2-521d-82cf-3eb4-b6d012ffb316" executionId="c7eb2985-44c4-4abd-ac6c-b2d62b6d439b" testListId="8c84fa94-04c1-424b-9868-57a2d4851a1d" />
    <TestEntry testId="9e20e7ce-bab0-1b63-c919-5bdde55a5b34" executionId="dad3bfe2-1e44-41a8-be16-7bf7389bf4a0" testListId="8c84fa94-04c1-424b-9868-57a2d4851a1d" />
    <TestEntry testId="35d2db73-838a-4679-31e0-b3b8a5bf158b" executionId="d5eb7afe-caf6-4f59-9fcb-4e6e45498d15" testListId="8c84fa94-04c1-424b-9868-57a2d4851a1d" />
    <TestEntry testId="1a27ff51-14a0-8c6b-edc4-a64d19bf0936" executionId="c797c130-2edc-4ed1-9eeb-41b603941863" testListId="8c84fa94-04c1-424b-9868-57a2d4851a1d" />
    <TestEntry testId="bd82382e-5faa-9d67-ea6a-7c77cc294053" executionId="6dde0eaf-e157-4af4-b34e-6ecf62a73a60" testListId="8c84fa94-04c1-424b-9868-57a2d4851a1d" />
    <TestEntry testId="64215c8b-534d-afc2-4b86-be52a4466b0c" executionId="18238292-2fd9-4f8c-911b-5dfbb830142c" testListId="8c84fa94-04c1-424b-9868-57a2d4851a1d" />
    <TestEntry testId="28df4bf5-2ae5-a1b7-c1a9-2a27479c8315" executionId="3ac9f657-1c59-4df9-b077-900dd3e01aa3" testListId="8c84fa94-04c1-424b-9868-57a2d4851a1d" />
    <TestEntry testId="957247ca-2558-dbe2-b95a-7582437a0332" executionId="435e3b75-8e31-4d5c-94e4-f5ae7e89146a" testListId="8c84fa94-04c1-424b-9868-57a2d4851a1d" />
    <TestEntry testId="1d045e11-1061-435a-e2b7-a2845f1dffd0" executionId="43e351ec-71a1-43ef-850d-10c2bdbf37d4" testListId="8c84fa94-04c1-424b-9868-57a2d4851a1d" />
    <TestEntry testId="a3bf3d94-4ed7-1750-90e5-f1546c2405da" executionId="1bf88593-c7b2-41ef-9673-1c59c031f7e8" testListId="8c84fa94-04c1-424b-9868-57a2d4851a1d" />
    <TestEntry testId="87550de3-4087-fd61-8938-cd0d996424d8" executionId="16fad012-44e6-46c7-964b-2e128b159185" testListId="8c84fa94-04c1-424b-9868-57a2d4851a1d" />
    <TestEntry testId="0694ff2f-39c5-3307-5e47-db615407ef82" executionId="2042b1d1-5046-402f-a9da-53c4a4c79917" testListId="8c84fa94-04c1-424b-9868-57a2d4851a1d" />
    <TestEntry testId="a87678ca-30fd-55a7-2add-b1645afab176" executionId="32612d64-f693-4f3a-b3c4-334b50cbdfd8" testListId="8c84fa94-04c1-424b-9868-57a2d4851a1d" />
    <TestEntry testId="3599cd5f-8ab2-0653-88f8-8fb5661e829f" executionId="d601f242-6c50-4e83-9f48-b6934cf6368f" testListId="8c84fa94-04c1-424b-9868-57a2d4851a1d" />
    <TestEntry testId="2c697a87-e7cf-447a-1a62-614d30deb2d6" executionId="32912d5c-e118-4a4d-a893-528cf91f5fef" testListId="8c84fa94-04c1-424b-9868-57a2d4851a1d" />
    <TestEntry testId="bdd220b6-f97c-d729-b9b6-12fc30d59eb6" executionId="5a46003a-35bf-4ddf-9f60-98f35a5b7436" testListId="8c84fa94-04c1-424b-9868-57a2d4851a1d" />
    <TestEntry testId="90ebc816-78b5-f1e7-e5ea-5b48261e88f5" executionId="f80f1def-ada6-4758-adcb-721b562b53c8" testListId="8c84fa94-04c1-424b-9868-57a2d4851a1d" />
    <TestEntry testId="22eda521-e9ad-4477-8def-79a825f52192" executionId="f32ca505-7823-4512-88f9-9679ac773b94" testListId="8c84fa94-04c1-424b-9868-57a2d4851a1d" />
    <TestEntry testId="424f4c69-d179-070c-3ab3-f54f84071324" executionId="6c2b5e5e-a852-4964-b2c8-4fd860c38186" testListId="8c84fa94-04c1-424b-9868-57a2d4851a1d" />
    <TestEntry testId="9a4f571c-5d90-8e64-9487-2a00abc00dcf" executionId="1540636c-ad28-4fc2-b449-42ee8b7569d4" testListId="8c84fa94-04c1-424b-9868-57a2d4851a1d" />
    <TestEntry testId="4bbd5f1c-4278-16ef-90d8-37ebb05b89f5" executionId="c474c02e-660d-4996-b209-4b846fa09faa" testListId="8c84fa94-04c1-424b-9868-57a2d4851a1d" />
    <TestEntry testId="5c98e229-8500-5ace-562c-1baf328a0f4f" executionId="ea4839c1-3da8-4509-a797-5bf6dd284228" testListId="8c84fa94-04c1-424b-9868-57a2d4851a1d" />
    <TestEntry testId="da2e64d0-07af-bde3-2302-bf64cdb3a322" executionId="866827b2-1b21-4e8e-911e-d550ce7d97e9" testListId="8c84fa94-04c1-424b-9868-57a2d4851a1d" />
    <TestEntry testId="576db89d-9e4e-f54b-0485-3e8451bbf745" executionId="ae18eea5-1696-4ebc-85fd-17773b6e7052" testListId="8c84fa94-04c1-424b-9868-57a2d4851a1d" />
    <TestEntry testId="52e71d86-781d-3b49-4d82-183580fa775c" executionId="27656a20-540a-4afc-af56-b9876cd0e36c" testListId="8c84fa94-04c1-424b-9868-57a2d4851a1d" />
    <TestEntry testId="0bcb192c-3422-b67d-333d-4149b944fb7f" executionId="d8647534-859f-4413-a674-64ed1634d299" testListId="8c84fa94-04c1-424b-9868-57a2d4851a1d" />
    <TestEntry testId="02eb1136-154c-feaf-762b-a5a207d56ffe" executionId="c5c883a8-af7f-48ed-9bf6-a6f7e8acaca8" testListId="8c84fa94-04c1-424b-9868-57a2d4851a1d" />
    <TestEntry testId="7de31e4f-524d-563e-c980-d3f3b5e0c02a" executionId="a033329e-861f-4f96-80ba-2acd83d91c86" testListId="8c84fa94-04c1-424b-9868-57a2d4851a1d" />
    <TestEntry testId="51a9b75e-dd78-20ee-44b6-a81133cd511c" executionId="304c2952-f7bd-45da-9331-afcb84fd0ef5" testListId="8c84fa94-04c1-424b-9868-57a2d4851a1d" />
    <TestEntry testId="85b85558-4e86-e2e9-f199-a641f389c561" executionId="18c5d43e-9309-4804-be22-0049d2a8a4fd" testListId="8c84fa94-04c1-424b-9868-57a2d4851a1d" />
    <TestEntry testId="b6d59446-5868-b126-1f6f-04ae35d46aae" executionId="204016a9-4784-47e1-8aaa-5613dbb22608" testListId="8c84fa94-04c1-424b-9868-57a2d4851a1d" />
    <TestEntry testId="c9763db6-5c00-40c2-9ccd-8323321799be" executionId="9000e28f-43d7-4eb5-966b-5455259d8afb" testListId="8c84fa94-04c1-424b-9868-57a2d4851a1d" />
    <TestEntry testId="f2f16517-9644-1cb8-2be5-b84966f8ed01" executionId="9b8ea02c-5973-4b54-b980-12a632f6f7de" testListId="8c84fa94-04c1-424b-9868-57a2d4851a1d" />
    <TestEntry testId="3cbedfad-2aac-5479-6908-c59bcbeadc60" executionId="aea01446-8247-4835-a9b7-1d03dd55ed11" testListId="8c84fa94-04c1-424b-9868-57a2d4851a1d" />
    <TestEntry testId="25bff253-f84a-eeff-b6ec-74af700cd0bb" executionId="edeb3db0-c1fa-4c3a-ba3c-deb52b39f86a" testListId="8c84fa94-04c1-424b-9868-57a2d4851a1d" />
    <TestEntry testId="5bdb8045-eb54-b7d5-a8ab-5f996880126d" executionId="9d6e55fc-6c03-4570-a65a-0d983864e7d5" testListId="8c84fa94-04c1-424b-9868-57a2d4851a1d" />
    <TestEntry testId="84062b4b-0351-f725-03ca-f5c5abeb6755" executionId="03670f7c-0119-40cb-bb7b-4c584dfb6faa" testListId="8c84fa94-04c1-424b-9868-57a2d4851a1d" />
    <TestEntry testId="dc975a57-f024-2cf0-d923-dd5b1ce7ed63" executionId="8c417086-25e1-45cf-8d8e-ff8ea0aa9cca" testListId="8c84fa94-04c1-424b-9868-57a2d4851a1d" />
    <TestEntry testId="cdcd4214-dce7-7f93-0171-e10b4fb17398" executionId="33ae111c-38a3-4a72-af9d-d96fbd3b20d8" testListId="8c84fa94-04c1-424b-9868-57a2d4851a1d" />
    <TestEntry testId="6c105190-3398-c27f-8a28-15b7ab77605a" executionId="5545e324-0284-45a5-a65a-94ef40330bcc" testListId="8c84fa94-04c1-424b-9868-57a2d4851a1d" />
    <TestEntry testId="f891573d-1f03-0588-9add-49ce9631761e" executionId="96d821b7-2f93-46ef-9a0c-865789ca18f7" testListId="8c84fa94-04c1-424b-9868-57a2d4851a1d" />
    <TestEntry testId="79d01b25-66f4-d649-b353-4b10ed1f4ba5" executionId="6fd24d18-3619-47f8-b221-969275e44f2b" testListId="8c84fa94-04c1-424b-9868-57a2d4851a1d" />
    <TestEntry testId="c8f1813f-23b4-fee2-18e1-c289bafabb7e" executionId="e0730f6a-0423-48d7-8b8a-202a9fb155ce" testListId="8c84fa94-04c1-424b-9868-57a2d4851a1d" />
    <TestEntry testId="542ba09a-a2bc-80ea-baa1-516d7b44b960" executionId="5a18ec34-f2fa-4346-b42a-6bae9da4e509" testListId="8c84fa94-04c1-424b-9868-57a2d4851a1d" />
    <TestEntry testId="8cebbcea-e37f-ee79-2ee6-f63ab99fe3ff" executionId="fdcee014-5b3a-4f65-87c3-5817c1d04711" testListId="8c84fa94-04c1-424b-9868-57a2d4851a1d" />
    <TestEntry testId="53201f80-7db7-91a0-fd21-4f43dc4c5eaf" executionId="1ad01bca-f1a1-4bbd-8e1d-3c0cc12d5f94" testListId="8c84fa94-04c1-424b-9868-57a2d4851a1d" />
    <TestEntry testId="91dcd39d-dd7e-a978-6202-7912368d4b45" executionId="edce9452-737d-425c-b5c8-5f9421f54160" testListId="8c84fa94-04c1-424b-9868-57a2d4851a1d" />
  </TestEntries>
  <TestLists>
    <TestList name="Results Not in a List" id="8c84fa94-04c1-424b-9868-57a2d4851a1d" />
    <TestList name="All Loaded Results" id="19431567-8539-422a-85d7-44ee4e166bda" />
  </TestLists>
  <ResultSummary outcome="Completed">
    <Counters total="125" executed="125" passed="125" failed="0" error="0" timeout="0" aborted="0" inconclusive="0" passedButRunAborted="0" notRunnable="0" notExecuted="0" disconnected="0" warning="0" completed="0" inProgress="0" pending="0" />
  </ResultSummary>
</TestRun>