<?xml version="1.0" encoding="utf-8"?>
<TestRun id="18bd4ae5-e496-4f71-97ee-59eb748eaa72" name="DKSR-EFI-06$@DKSR-EFI-06 2024-01-09 15:43:05" runUser="NT AUTHORITY\NETWORK SERVICE" xmlns="http://microsoft.com/schemas/VisualStudio/TeamTest/2010">
  <Times creation="2024-01-09T15:43:05.3103348+01:00" queuing="2024-01-09T15:43:05.3103348+01:00" start="2024-01-09T15:42:55.1384510+01:00" finish="2024-01-09T15:43:13.6228626+01:00" />
  <TestSettings name="default" id="bc338b3f-6e85-4ace-9edd-778d25fb66a7">
    <Deployment runDeploymentRoot="DKSR-EFI-06$_DKSR-EFI-06_2024-01-09_15_43_05" />
  </TestSettings>
  <Results>
    <UnitTestResult executionId="39ba1b2c-3bab-4e74-add2-df4f161cd304" testId="917360e7-b7d3-fad3-2f4b-096f42ed0ae6" testName="TestAuditLog_AuditLogLegacyLinkWithNullMapAdded_Success" computerName="DKSR-EFI-06" duration="00:00:00.0112883" startTime="2024-01-09T15:43:10.7166037+01:00" endTime="2024-01-09T15:43:10.7322278+01:00" testType="13cdc9d9-ddb5-4fa4-a97d-d965ccfc6d4b" outcome="Passed" testListId="8c84fa94-04c1-424b-9868-57a2d4851a1d" relativeResultsDirectory="39ba1b2c-3bab-4e74-add2-df4f161cd304" />
    <UnitTestResult executionId="5cd54f04-a78b-45ea-a967-73e44bc691f5" testId="a42d239d-baf4-f5a8-cf3e-7324b28cfead" testName="TestConstructor_Success" computerName="DKSR-EFI-06" duration="00:00:00.0005053" startTime="2024-01-09T15:43:09.5759744+01:00" endTime="2024-01-09T15:43:09.5759744+01:00" testType="13cdc9d9-ddb5-4fa4-a97d-d965ccfc6d4b" outcome="Passed" testListId="8c84fa94-04c1-424b-9868-57a2d4851a1d" relativeResultsDirectory="5cd54f04-a78b-45ea-a967-73e44bc691f5" />
    <UnitTestResult executionId="38dfce6a-b3e4-44ca-ab40-b924eb0ce63d" testId="c2cd3012-87b0-efa0-222a-495ea1630f00" testName="TestConstructor_ParsingWcfObjectWithNull_Success" computerName="DKSR-EFI-06" duration="00:00:00.0017069" startTime="2024-01-09T15:43:09.5134758+01:00" endTime="2024-01-09T15:43:09.5134758+01:00" testType="13cdc9d9-ddb5-4fa4-a97d-d965ccfc6d4b" outcome="Passed" testListId="8c84fa94-04c1-424b-9868-57a2d4851a1d" relativeResultsDirectory="38dfce6a-b3e4-44ca-ab40-b924eb0ce63d" />
    <UnitTestResult executionId="be197162-76f0-446e-9b73-5905a335965a" testId="1668ece2-ea78-3795-a517-8423d4532c10" testName="TestConstructor_ParsingWcfObjectWithoutPosition_Success" computerName="DKSR-EFI-06" duration="00:00:00.0003578" startTime="2024-01-09T15:43:11.1228567+01:00" endTime="2024-01-09T15:43:11.1384797+01:00" testType="13cdc9d9-ddb5-4fa4-a97d-d965ccfc6d4b" outcome="Passed" testListId="8c84fa94-04c1-424b-9868-57a2d4851a1d" relativeResultsDirectory="be197162-76f0-446e-9b73-5905a335965a" />
    <UnitTestResult executionId="59ebd10b-ad04-4b3c-9f21-a784c0502282" testId="ebd43f71-bf52-f6ae-ad03-a45fb0f7a764" testName="TestConstructor_ParsingWcfObjectWithoutOriginalExtent_Success" computerName="DKSR-EFI-06" duration="00:00:00.0007082" startTime="2024-01-09T15:43:10.4978548+01:00" endTime="2024-01-09T15:43:10.4978548+01:00" testType="13cdc9d9-ddb5-4fa4-a97d-d965ccfc6d4b" outcome="Passed" testListId="8c84fa94-04c1-424b-9868-57a2d4851a1d" relativeResultsDirectory="59ebd10b-ad04-4b3c-9f21-a784c0502282" />
    <UnitTestResult executionId="eba98963-26a0-4a2d-9b47-aaa02b3caf9b" testId="fd386a3f-a9a9-f707-af1f-7bfff4525e38" testName="TestWcfObject_GetWcfObject_Success" computerName="DKSR-EFI-06" duration="00:00:00.0010164" startTime="2024-01-09T15:43:10.1853512+01:00" endTime="2024-01-09T15:43:10.1853512+01:00" testType="13cdc9d9-ddb5-4fa4-a97d-d965ccfc6d4b" outcome="Passed" testListId="8c84fa94-04c1-424b-9868-57a2d4851a1d" relativeResultsDirectory="eba98963-26a0-4a2d-9b47-aaa02b3caf9b" />
    <UnitTestResult executionId="988d7fd4-be0b-4b17-946a-8ba7dc6078ac" testId="e5847aa1-876b-7024-6828-4efbdc1d0e5a" testName="TestWcfObject_GetWcfObject_Success" computerName="DKSR-EFI-06" duration="00:00:00.0027224" startTime="2024-01-09T15:43:09.9197267+01:00" endTime="2024-01-09T15:43:09.9353546+01:00" testType="13cdc9d9-ddb5-4fa4-a97d-d965ccfc6d4b" outcome="Passed" testListId="8c84fa94-04c1-424b-9868-57a2d4851a1d" relativeResultsDirectory="988d7fd4-be0b-4b17-946a-8ba7dc6078ac" />
    <UnitTestResult executionId="45eb3b8e-0e68-4b7a-8cee-76fc1156481f" testId="21164ddf-0ff1-4552-16fa-82b564f20ece" testName="TestConstructor_NullName_Failure" computerName="DKSR-EFI-06" duration="00:00:00.0005694" startTime="2024-01-09T15:43:06.6540895+01:00" endTime="2024-01-09T15:43:06.6540895+01:00" testType="13cdc9d9-ddb5-4fa4-a97d-d965ccfc6d4b" outcome="Passed" testListId="8c84fa94-04c1-424b-9868-57a2d4851a1d" relativeResultsDirectory="45eb3b8e-0e68-4b7a-8cee-76fc1156481f" />
    <UnitTestResult executionId="bbe7fb6a-9a9a-4061-8c5c-62a3a07f0f87" testId="0fe8c2d0-ab9d-9b21-6a79-90d5c8333662" testName="UpdateLevel_IgnoreLevelItemsThatAreNotPartOfIndexer" computerName="DKSR-EFI-06" duration="00:00:00.0028834" startTime="2024-01-09T15:43:12.4353592+01:00" endTime="2024-01-09T15:43:12.4353592+01:00" testType="13cdc9d9-ddb5-4fa4-a97d-d965ccfc6d4b" outcome="Passed" testListId="8c84fa94-04c1-424b-9868-57a2d4851a1d" relativeResultsDirectory="bbe7fb6a-9a9a-4061-8c5c-62a3a07f0f87" />
    <UnitTestResult executionId="2f5c31f8-84c0-412c-89b8-0b67f0cd18f4" testId="f282f516-d6f5-0f39-4b1d-4707b9d8b389" testName="TestAddBuilding_DatabaseException_Failure" computerName="DKSR-EFI-06" duration="00:00:00.0166103" startTime="2024-01-09T15:43:07.3572168+01:00" endTime="2024-01-09T15:43:07.3728403+01:00" testType="13cdc9d9-ddb5-4fa4-a97d-d965ccfc6d4b" outcome="Passed" testListId="8c84fa94-04c1-424b-9868-57a2d4851a1d" relativeResultsDirectory="2f5c31f8-84c0-412c-89b8-0b67f0cd18f4" />
    <UnitTestResult executionId="69ac7c58-4ad9-4097-9cf0-37518aeddbcd" testId="1c685bac-9cf9-24a9-fa5d-c79bcef4a504" testName="TestAuditLog_AuditLogLevelChanged_WithNoOldMapItems_Success" computerName="DKSR-EFI-06" duration="00:00:00.0149914" startTime="2024-01-09T15:43:12.9041574+01:00" endTime="2024-01-09T15:43:12.9197328+01:00" testType="13cdc9d9-ddb5-4fa4-a97d-d965ccfc6d4b" outcome="Passed" testListId="8c84fa94-04c1-424b-9868-57a2d4851a1d" relativeResultsDirectory="69ac7c58-4ad9-4097-9cf0-37518aeddbcd" />
    <UnitTestResult executionId="47499c81-4996-47ee-86ec-cf8249bdc28b" testId="d41c6327-ea90-b94f-1f78-624102c742e4" testName="ConstructorFromItem_WhenPositionEmpty_IsMapEnabledFalse" computerName="DKSR-EFI-06" duration="00:00:00.0002804" startTime="2024-01-09T15:43:12.0134826+01:00" endTime="2024-01-09T15:43:12.0134826+01:00" testType="13cdc9d9-ddb5-4fa4-a97d-d965ccfc6d4b" outcome="Passed" testListId="8c84fa94-04c1-424b-9868-57a2d4851a1d" relativeResultsDirectory="47499c81-4996-47ee-86ec-cf8249bdc28b" />
    <UnitTestResult executionId="7dce301e-35aa-462a-95ba-79f21fa3fcf1" testId="014aa458-d759-b18e-e76f-1c52acf08817" testName="TestConstructor_Success" computerName="DKSR-EFI-06" duration="00:00:00.0012428" startTime="2024-01-09T15:43:09.4978504+01:00" endTime="2024-01-09T15:43:09.4978504+01:00" testType="13cdc9d9-ddb5-4fa4-a97d-d965ccfc6d4b" outcome="Passed" testListId="8c84fa94-04c1-424b-9868-57a2d4851a1d" relativeResultsDirectory="7dce301e-35aa-462a-95ba-79f21fa3fcf1" />
    <UnitTestResult executionId="2eda274f-c6b3-4e0a-bf51-f9cbf0bdf90d" testId="a5eb2fee-b9b1-5717-6228-97f4dd42bf1c" testName="TestAuditLog_AuditLogLegacyLinkValidMapAdded_Success" computerName="DKSR-EFI-06" duration="00:00:00.0332447" startTime="2024-01-09T15:43:10.6541047+01:00" endTime="2024-01-09T15:43:10.6853533+01:00" testType="13cdc9d9-ddb5-4fa4-a97d-d965ccfc6d4b" outcome="Passed" testListId="8c84fa94-04c1-424b-9868-57a2d4851a1d" relativeResultsDirectory="2eda274f-c6b3-4e0a-bf51-f9cbf0bdf90d" />
    <UnitTestResult executionId="a38e5c09-9179-4df2-be6c-bb55428f16ff" testId="dc7cf344-d4a0-52e8-2492-3a1068a126d1" testName="TestConstructor_Success" computerName="DKSR-EFI-06" duration="00:00:00.0006381" startTime="2024-01-09T15:43:09.5603488+01:00" endTime="2024-01-09T15:43:09.5603488+01:00" testType="13cdc9d9-ddb5-4fa4-a97d-d965ccfc6d4b" outcome="Passed" testListId="8c84fa94-04c1-424b-9868-57a2d4851a1d" relativeResultsDirectory="a38e5c09-9179-4df2-be6c-bb55428f16ff" />
    <UnitTestResult executionId="54a81291-9244-4a87-bf89-0989415caa2c" testId="fa57984a-d9a0-35f8-c3c7-0eb647e15089" testName="TestAddBuilding_Exception_Failure" computerName="DKSR-EFI-06" duration="00:00:00.0062851" startTime="2024-01-09T15:43:07.3572168+01:00" endTime="2024-01-09T15:43:07.3572168+01:00" testType="13cdc9d9-ddb5-4fa4-a97d-d965ccfc6d4b" outcome="Passed" testListId="8c84fa94-04c1-424b-9868-57a2d4851a1d" relativeResultsDirectory="54a81291-9244-4a87-bf89-0989415caa2c" />
    <UnitTestResult executionId="d56ad4c1-8f3f-4d0d-ad52-f746617ce1f6" testId="749c19e7-aee0-159d-ac54-1cec5332e8a7" testName="TestAddBuilding_UnknownBuilding_Success" computerName="DKSR-EFI-06" duration="00:00:00.0117669" startTime="2024-01-09T15:43:07.3884666+01:00" endTime="2024-01-09T15:43:07.4040930+01:00" testType="13cdc9d9-ddb5-4fa4-a97d-d965ccfc6d4b" outcome="Passed" testListId="8c84fa94-04c1-424b-9868-57a2d4851a1d" relativeResultsDirectory="d56ad4c1-8f3f-4d0d-ad52-f746617ce1f6" />
    <UnitTestResult executionId="9cee3b5d-1aaa-438b-9058-702310a4a523" testId="a4899625-05e4-8e51-0df7-376834f8676c" testName="TestProperties_GetPropertiesFromWcfObject_Success" computerName="DKSR-EFI-06" duration="00:00:00.0021878" startTime="2024-01-09T15:43:09.7634736+01:00" endTime="2024-01-09T15:43:09.7634736+01:00" testType="13cdc9d9-ddb5-4fa4-a97d-d965ccfc6d4b" outcome="Passed" testListId="8c84fa94-04c1-424b-9868-57a2d4851a1d" relativeResultsDirectory="9cee3b5d-1aaa-438b-9058-702310a4a523" />
    <UnitTestResult executionId="a7bb73c1-42f0-46dc-aab8-8cf10f4dad68" testId="28140170-9ac9-05fa-34fa-147a1c4f6356" testName="Test_DeleteLevels_NonUniqueBuildingException_Failure" computerName="DKSR-EFI-06" duration="00:00:00.0049221" startTime="2024-01-09T15:43:08.7790988+01:00" endTime="2024-01-09T15:43:08.7790988+01:00" testType="13cdc9d9-ddb5-4fa4-a97d-d965ccfc6d4b" outcome="Passed" testListId="8c84fa94-04c1-424b-9868-57a2d4851a1d" relativeResultsDirectory="a7bb73c1-42f0-46dc-aab8-8cf10f4dad68" />
    <UnitTestResult executionId="eacace68-f541-4b09-9d82-658acdb87aa2" testId="7ed8cc4e-8f6c-78f4-f374-6a2d955b5245" testName="BrowseLayer_Generic_CreateFromData_Fail" computerName="DKSR-EFI-06" duration="00:00:00.0020420" startTime="2024-01-09T15:43:09.8416023+01:00" endTime="2024-01-09T15:43:09.8416023+01:00" testType="13cdc9d9-ddb5-4fa4-a97d-d965ccfc6d4b" outcome="Passed" testListId="8c84fa94-04c1-424b-9868-57a2d4851a1d" relativeResultsDirectory="eacace68-f541-4b09-9d82-658acdb87aa2" />
    <UnitTestResult executionId="e62dead6-09ac-48bc-84b4-41180b8e01ae" testId="2b653649-6e33-5754-da73-e11394219d94" testName="TestFactory_WithParameters_Success" computerName="DKSR-EFI-06" duration="00:00:00.0007632" startTime="2024-01-09T15:43:12.7947361+01:00" endTime="2024-01-09T15:43:12.7947361+01:00" testType="13cdc9d9-ddb5-4fa4-a97d-d965ccfc6d4b" outcome="Passed" testListId="8c84fa94-04c1-424b-9868-57a2d4851a1d" relativeResultsDirectory="e62dead6-09ac-48bc-84b4-41180b8e01ae" />
    <UnitTestResult executionId="e0ad7aab-26a7-4a64-ab0c-acc949a74ce2" testId="e8cd83a9-1255-52c8-c545-87c6b911bee8" testName="Constructor_CreatesCommands" computerName="DKSR-EFI-06" duration="00:00:00.1409149" startTime="2024-01-09T15:43:05.0759555+01:00" endTime="2024-01-09T15:43:05.2165835+01:00" testType="13cdc9d9-ddb5-4fa4-a97d-d965ccfc6d4b" outcome="Passed" testListId="8c84fa94-04c1-424b-9868-57a2d4851a1d" relativeResultsDirectory="e0ad7aab-26a7-4a64-ab0c-acc949a74ce2" />
    <UnitTestResult executionId="9e0ffffa-3422-4a3d-84b1-8a8e14a8288b" testId="44c3ebfb-f372-6e47-e9f1-df85b6126208" testName="TestConstructor_ParsingWcfObjectWithoutExtent_Success" computerName="DKSR-EFI-06" duration="00:00:00.0007380" startTime="2024-01-09T15:43:10.2166030+01:00" endTime="2024-01-09T15:43:10.2166030+01:00" testType="13cdc9d9-ddb5-4fa4-a97d-d965ccfc6d4b" outcome="Passed" testListId="8c84fa94-04c1-424b-9868-57a2d4851a1d" relativeResultsDirectory="9e0ffffa-3422-4a3d-84b1-8a8e14a8288b" />
    <UnitTestResult executionId="cb8b6c0b-4961-481c-808a-7819da3d4b4f" testId="f64710c5-45e7-9c6b-9dc4-9553befe996c" testName="TestUpdateBuilding_NullDefaultLevel_Success" computerName="DKSR-EFI-06" duration="00:00:00.0162247" startTime="2024-01-09T15:43:07.8259675+01:00" endTime="2024-01-09T15:43:07.8415942+01:00" testType="13cdc9d9-ddb5-4fa4-a97d-d965ccfc6d4b" outcome="Passed" testListId="8c84fa94-04c1-424b-9868-57a2d4851a1d" relativeResultsDirectory="cb8b6c0b-4961-481c-808a-7819da3d4b4f" />
    <UnitTestResult executionId="d6e183a1-71bc-424c-aec9-3257f4e094b4" testId="95bf7929-35e2-cfd9-e7a1-cdb3e56bc0fb" testName="TestProperties_GetProperties_Success" computerName="DKSR-EFI-06" duration="00:00:00.0007154" startTime="2024-01-09T15:43:09.5291042+01:00" endTime="2024-01-09T15:43:09.5291042+01:00" testType="13cdc9d9-ddb5-4fa4-a97d-d965ccfc6d4b" outcome="Passed" testListId="8c84fa94-04c1-424b-9868-57a2d4851a1d" relativeResultsDirectory="d6e183a1-71bc-424c-aec9-3257f4e094b4" />
    <UnitTestResult executionId="0d945faf-ebfc-4180-aa6c-affb6abe4779" testId="bbe434c3-32b3-7412-1e7a-cd1b98481aaf" testName="TestAddBuilding_NullOutline_Failure" computerName="DKSR-EFI-06" duration="00:00:00.0185872" startTime="2024-01-09T15:43:07.3259666+01:00" endTime="2024-01-09T15:43:07.3572168+01:00" testType="13cdc9d9-ddb5-4fa4-a97d-d965ccfc6d4b" outcome="Passed" testListId="8c84fa94-04c1-424b-9868-57a2d4851a1d" relativeResultsDirectory="0d945faf-ebfc-4180-aa6c-affb6abe4779" />
    <UnitTestResult executionId="bd30c7ab-d076-4a29-a62b-e219632eeff2" testId="1b0c58e8-3ac0-6e55-13a6-976f6994288a" testName="Constructor_LevelsSet_IgnoreLevelItemsThatAreNotPartOfIndexer" computerName="DKSR-EFI-06" duration="00:00:00.0020333" startTime="2024-01-09T15:43:12.3728569+01:00" endTime="2024-01-09T15:43:12.3728569+01:00" testType="13cdc9d9-ddb5-4fa4-a97d-d965ccfc6d4b" outcome="Passed" testListId="8c84fa94-04c1-424b-9868-57a2d4851a1d" relativeResultsDirectory="bd30c7ab-d076-4a29-a62b-e219632eeff2" />
    <UnitTestResult executionId="f16c6cf6-be48-4ab3-9dba-98a012ac493e" testId="c8200f57-df1a-2908-f70f-de69738ec680" testName="BuildClusters_ReturnsClusterWithAllCellItems" computerName="DKSR-EFI-06" duration="00:00:00.0018903" startTime="2024-01-09T15:43:12.3259831+01:00" endTime="2024-01-09T15:43:12.3416072+01:00" testType="13cdc9d9-ddb5-4fa4-a97d-d965ccfc6d4b" outcome="Passed" testListId="8c84fa94-04c1-424b-9868-57a2d4851a1d" relativeResultsDirectory="f16c6cf6-be48-4ab3-9dba-98a012ac493e" />
    <UnitTestResult executionId="b24953cb-26ff-4ec5-b256-b6c3dd6836b0" testId="67bc7186-2550-aee3-214e-674332dcce53" testName="TestUpdateProperties_UpdateAllProperties_Success" computerName="DKSR-EFI-06" duration="00:00:00.0007669" startTime="2024-01-09T15:43:10.1853512+01:00" endTime="2024-01-09T15:43:10.2009762+01:00" testType="13cdc9d9-ddb5-4fa4-a97d-d965ccfc6d4b" outcome="Passed" testListId="8c84fa94-04c1-424b-9868-57a2d4851a1d" relativeResultsDirectory="b24953cb-26ff-4ec5-b256-b6c3dd6836b0" />
    <UnitTestResult executionId="979df23e-36e7-422b-b781-3376d9d28f31" testId="a2064a79-24aa-c417-4d4b-8e3f5ae86d9c" testName="RemoveItem" computerName="DKSR-EFI-06" duration="00:00:00.0014014" startTime="2024-01-09T15:43:12.3886400+01:00" endTime="2024-01-09T15:43:12.3886400+01:00" testType="13cdc9d9-ddb5-4fa4-a97d-d965ccfc6d4b" outcome="Passed" testListId="8c84fa94-04c1-424b-9868-57a2d4851a1d" relativeResultsDirectory="979df23e-36e7-422b-b781-3376d9d28f31" />
    <UnitTestResult executionId="e149efd1-8887-4a85-a33a-bf6b27d98c48" testId="b1bae6dc-1810-1869-9eec-e31fd719e07b" testName="TestConstructor_ParsingWcfObject_Success" computerName="DKSR-EFI-06" duration="00:00:00.0010421" startTime="2024-01-09T15:43:09.5759744+01:00" endTime="2024-01-09T15:43:09.5916011+01:00" testType="13cdc9d9-ddb5-4fa4-a97d-d965ccfc6d4b" outcome="Passed" testListId="8c84fa94-04c1-424b-9868-57a2d4851a1d" relativeResultsDirectory="e149efd1-8887-4a85-a33a-bf6b27d98c48" />
    <UnitTestResult executionId="d07f7324-1f6e-4bf4-92c8-ec2c8b66e4ed" testId="738596c1-e9a3-ae41-b6a9-45326ce37937" testName="TestDeleteBuildings_OneRow_Success" computerName="DKSR-EFI-06" duration="00:00:00.0148151" startTime="2024-01-09T15:43:07.7009682+01:00" endTime="2024-01-09T15:43:07.7165950+01:00" testType="13cdc9d9-ddb5-4fa4-a97d-d965ccfc6d4b" outcome="Passed" testListId="8c84fa94-04c1-424b-9868-57a2d4851a1d" relativeResultsDirectory="d07f7324-1f6e-4bf4-92c8-ec2c8b66e4ed" />
    <UnitTestResult executionId="2e3bde09-f94f-4061-86f0-bdf5e5996e57" testId="fe7c42f0-2c83-dcc1-1919-949a7427bbb5" testName="TestConstructor_ParsingWcfObject_Success" computerName="DKSR-EFI-06" duration="00:00:00.0034123" startTime="2024-01-09T15:43:09.3572230+01:00" endTime="2024-01-09T15:43:09.3728512+01:00" testType="13cdc9d9-ddb5-4fa4-a97d-d965ccfc6d4b" outcome="Passed" testListId="8c84fa94-04c1-424b-9868-57a2d4851a1d" relativeResultsDirectory="2e3bde09-f94f-4061-86f0-bdf5e5996e57" />
    <UnitTestResult executionId="97896712-acac-4765-bde1-5f2fa3a19695" testId="900cf850-1dbc-b7b5-448d-c8b60857d7c5" testName="AddLevel" computerName="DKSR-EFI-06" duration="00:00:00.0042484" startTime="2024-01-09T15:43:12.4041085+01:00" endTime="2024-01-09T15:43:12.4041085+01:00" testType="13cdc9d9-ddb5-4fa4-a97d-d965ccfc6d4b" outcome="Passed" testListId="8c84fa94-04c1-424b-9868-57a2d4851a1d" relativeResultsDirectory="97896712-acac-4765-bde1-5f2fa3a19695" />
    <UnitTestResult executionId="c418a89f-c545-45ff-a5e5-1cc2c8b17826" testId="57eb827e-22de-ea5e-ac49-20767f9ce186" testName="TestUpdateLevels_NoUpdates_Success" computerName="DKSR-EFI-06" duration="00:00:00.0073650" startTime="2024-01-09T15:43:08.5290963+01:00" endTime="2024-01-09T15:43:08.5290963+01:00" testType="13cdc9d9-ddb5-4fa4-a97d-d965ccfc6d4b" outcome="Passed" testListId="8c84fa94-04c1-424b-9868-57a2d4851a1d" relativeResultsDirectory="c418a89f-c545-45ff-a5e5-1cc2c8b17826" />
    <UnitTestResult executionId="de0d6069-0c26-4f42-b539-43db565b22b5" testId="a1439d3c-8d7e-02e3-f982-9cee2961859c" testName="Send_Null_NotSent" computerName="DKSR-EFI-06" duration="00:00:00.0006018" startTime="2024-01-09T15:43:05.7322126+01:00" endTime="2024-01-09T15:43:05.7322126+01:00" testType="13cdc9d9-ddb5-4fa4-a97d-d965ccfc6d4b" outcome="Passed" testListId="8c84fa94-04c1-424b-9868-57a2d4851a1d" relativeResultsDirectory="de0d6069-0c26-4f42-b539-43db565b22b5" />
    <UnitTestResult executionId="6d7a25d8-f050-4c8a-ba6b-36c92b4c2b15" testId="e917a4a1-2ad0-15a4-edb3-95b628e78bf0" testName="TestWcfObject_GetWcfObjectWithoutExtent_Success" computerName="DKSR-EFI-06" duration="00:00:00.0006219" startTime="2024-01-09T15:43:10.4666039+01:00" endTime="2024-01-09T15:43:10.4666039+01:00" testType="13cdc9d9-ddb5-4fa4-a97d-d965ccfc6d4b" outcome="Passed" testListId="8c84fa94-04c1-424b-9868-57a2d4851a1d" relativeResultsDirectory="6d7a25d8-f050-4c8a-ba6b-36c92b4c2b15" />
    <UnitTestResult executionId="eb866481-e73c-42ee-aa66-e6a81fc45c42" testId="16372458-88c2-55a4-d00e-c4dab41c676a" testName="TestAuditLog_AuditLogLayerChanged_Success" computerName="DKSR-EFI-06" duration="00:00:00.0052518" startTime="2024-01-09T15:43:10.5603528+01:00" endTime="2024-01-09T15:43:10.5603528+01:00" testType="13cdc9d9-ddb5-4fa4-a97d-d965ccfc6d4b" outcome="Passed" testListId="8c84fa94-04c1-424b-9868-57a2d4851a1d" relativeResultsDirectory="eb866481-e73c-42ee-aa66-e6a81fc45c42" />
    <UnitTestResult executionId="63bf5220-5c4f-42a9-bf52-e14cfa5b49ab" testId="7c79b127-b34c-0eb3-b547-ce4214dcdd77" testName="RemoveItems_Rises_OnItemsExcluded" computerName="DKSR-EFI-06" duration="00:00:00.0013447" startTime="2024-01-09T15:43:11.2791093+01:00" endTime="2024-01-09T15:43:11.2791093+01:00" testType="13cdc9d9-ddb5-4fa4-a97d-d965ccfc6d4b" outcome="Passed" testListId="8c84fa94-04c1-424b-9868-57a2d4851a1d" relativeResultsDirectory="63bf5220-5c4f-42a9-bf52-e14cfa5b49ab" />
    <UnitTestResult executionId="852d6424-599e-4078-9d54-24d8729136b3" testId="5e4f2083-fb8f-922d-4062-771153ce0caf" testName="TestUpdateProperties_UpdateAllProperties_Success" computerName="DKSR-EFI-06" duration="00:00:00.0011368" startTime="2024-01-09T15:43:10.5916028+01:00" endTime="2024-01-09T15:43:10.5916028+01:00" testType="13cdc9d9-ddb5-4fa4-a97d-d965ccfc6d4b" outcome="Passed" testListId="8c84fa94-04c1-424b-9868-57a2d4851a1d" relativeResultsDirectory="852d6424-599e-4078-9d54-24d8729136b3" />
    <UnitTestResult executionId="2f661ca5-a688-40ff-9a53-eee1344a0123" testId="e3e7ed91-54d1-f895-6b06-62e2b626bdd6" testName="GetItemBuildings" computerName="DKSR-EFI-06" duration="00:00:00.0238235" startTime="2024-01-09T15:43:12.4353592+01:00" endTime="2024-01-09T15:43:12.4666098+01:00" testType="13cdc9d9-ddb5-4fa4-a97d-d965ccfc6d4b" outcome="Passed" testListId="8c84fa94-04c1-424b-9868-57a2d4851a1d" relativeResultsDirectory="2f661ca5-a688-40ff-9a53-eee1344a0123" />
    <UnitTestResult executionId="866e19c3-1247-4627-a4db-c3e74a0c6b7c" testId="249ec01b-acb8-4b7c-e110-39ed4e0dc85b" testName="TestAuditLog_AuditLogItemChanged_AddingNewLinkFromEmptyLocationId_Success" computerName="DKSR-EFI-06" duration="00:00:00.0121183" startTime="2024-01-09T15:43:11.0603544+01:00" endTime="2024-01-09T15:43:11.0603544+01:00" testType="13cdc9d9-ddb5-4fa4-a97d-d965ccfc6d4b" outcome="Passed" testListId="8c84fa94-04c1-424b-9868-57a2d4851a1d" relativeResultsDirectory="866e19c3-1247-4627-a4db-c3e74a0c6b7c" />
    <UnitTestResult executionId="777a13ba-56ea-4148-b3d8-b1520d43e2d1" testId="4cb27c6f-9918-3553-f9c8-f8aa01445295" testName="AllItems_NotExistAfterClear" computerName="DKSR-EFI-06" duration="00:00:00.0004081" startTime="2024-01-09T15:43:11.9978583+01:00" endTime="2024-01-09T15:43:11.9978583+01:00" testType="13cdc9d9-ddb5-4fa4-a97d-d965ccfc6d4b" outcome="Passed" testListId="8c84fa94-04c1-424b-9868-57a2d4851a1d" relativeResultsDirectory="777a13ba-56ea-4148-b3d8-b1520d43e2d1" />
    <UnitTestResult executionId="1c01cf0e-e2de-4170-ae43-c418a1a68ae9" testId="80526718-af9c-a000-b0c5-0f1b776e905a" testName="TestPropertyNames_GettingPropertyNames_Success" computerName="DKSR-EFI-06" duration="00:00:00.0007906" startTime="2024-01-09T15:43:10.5916028+01:00" endTime="2024-01-09T15:43:10.5916028+01:00" testType="13cdc9d9-ddb5-4fa4-a97d-d965ccfc6d4b" outcome="Passed" testListId="8c84fa94-04c1-424b-9868-57a2d4851a1d" relativeResultsDirectory="1c01cf0e-e2de-4170-ae43-c418a1a68ae9" />
    <UnitTestResult executionId="39746089-6eb0-47ad-a4e9-f38020fed6b7" testId="3b3c6885-ccd5-d3e5-6ba9-bee7593c46a6" testName="GetClusters_ReturnsCorrectClusteredItemsByScale" computerName="DKSR-EFI-06" duration="00:00:00.0165471" startTime="2024-01-09T15:43:06.0292011+01:00" endTime="2024-01-09T15:43:06.0447121+01:00" testType="13cdc9d9-ddb5-4fa4-a97d-d965ccfc6d4b" outcome="Passed" testListId="8c84fa94-04c1-424b-9868-57a2d4851a1d" relativeResultsDirectory="39746089-6eb0-47ad-a4e9-f38020fed6b7" />
    <UnitTestResult executionId="92ce06a0-1707-4db9-ae3a-c53c1e8fc432" testId="6785586f-25cc-0aad-243a-6c4cd6551188" testName="TestDeleteBuilding_MultipleRows_Failure" computerName="DKSR-EFI-06" duration="00:00:00.0162878" startTime="2024-01-09T15:43:07.5915930+01:00" endTime="2024-01-09T15:43:07.6072181+01:00" testType="13cdc9d9-ddb5-4fa4-a97d-d965ccfc6d4b" outcome="Passed" testListId="8c84fa94-04c1-424b-9868-57a2d4851a1d" relativeResultsDirectory="92ce06a0-1707-4db9-ae3a-c53c1e8fc432" />
    <UnitTestResult executionId="d772e3e0-c087-4954-82ea-afd6cb8ef079" testId="a1740249-5b73-d42d-2ee5-0bb59ecab300" testName="TestWcfObject_GetWcfObjectWithoutExtent_Success" computerName="DKSR-EFI-06" duration="00:00:00.0005778" startTime="2024-01-09T15:43:10.0291017+01:00" endTime="2024-01-09T15:43:10.0291017+01:00" testType="13cdc9d9-ddb5-4fa4-a97d-d965ccfc6d4b" outcome="Passed" testListId="8c84fa94-04c1-424b-9868-57a2d4851a1d" relativeResultsDirectory="d772e3e0-c087-4954-82ea-afd6cb8ef079" />
    <UnitTestResult executionId="472724ad-f488-4473-bbc4-1584d6a2bde8" testId="e738bdf7-ba0e-92ad-cdc0-e47401330a0b" testName="TestDeleteBuilding_ZeroRows_Success" computerName="DKSR-EFI-06" duration="00:00:00.0035183" startTime="2024-01-09T15:43:07.5759687+01:00" endTime="2024-01-09T15:43:07.5915930+01:00" testType="13cdc9d9-ddb5-4fa4-a97d-d965ccfc6d4b" outcome="Passed" testListId="8c84fa94-04c1-424b-9868-57a2d4851a1d" relativeResultsDirectory="472724ad-f488-4473-bbc4-1584d6a2bde8" />
    <UnitTestResult executionId="05d5bafb-20f6-4025-9d6a-2ddf981f3060" testId="a05c3d12-7a0d-46dc-ba10-7b66f15ce019" testName="TestAddLevels_Exception_Failure" computerName="DKSR-EFI-06" duration="00:00:00.0049404" startTime="2024-01-09T15:43:08.2634700+01:00" endTime="2024-01-09T15:43:08.2790980+01:00" testType="13cdc9d9-ddb5-4fa4-a97d-d965ccfc6d4b" outcome="Passed" testListId="8c84fa94-04c1-424b-9868-57a2d4851a1d" relativeResultsDirectory="05d5bafb-20f6-4025-9d6a-2ddf981f3060" />
    <UnitTestResult executionId="46a88307-5147-4e22-8fac-b5d88241da8f" testId="06b77a5d-4106-f7e7-80a6-61f7dcae951d" testName="TestWcfObject_ConvertToWcfObject_Success" computerName="DKSR-EFI-06" duration="00:00:00.0006521" startTime="2024-01-09T15:43:09.5916011+01:00" endTime="2024-01-09T15:43:09.5916011+01:00" testType="13cdc9d9-ddb5-4fa4-a97d-d965ccfc6d4b" outcome="Passed" testListId="8c84fa94-04c1-424b-9868-57a2d4851a1d" relativeResultsDirectory="46a88307-5147-4e22-8fac-b5d88241da8f" />
    <UnitTestResult executionId="7f044a8c-52a2-4493-ae87-bb5b384a3375" testId="338483c5-58e3-0e62-9540-d6618cc71c10" testName="TestPropertyNames_GettingPropertyNames_Success" computerName="DKSR-EFI-06" duration="00:00:00.0017451" startTime="2024-01-09T15:43:09.7947271+01:00" endTime="2024-01-09T15:43:09.8103509+01:00" testType="13cdc9d9-ddb5-4fa4-a97d-d965ccfc6d4b" outcome="Passed" testListId="8c84fa94-04c1-424b-9868-57a2d4851a1d" relativeResultsDirectory="7f044a8c-52a2-4493-ae87-bb5b384a3375" />
    <UnitTestResult executionId="9db568e8-1c3e-4fd5-a105-8cb107939b54" testId="3d0918cf-f564-1118-2b0c-d32328146c5b" testName="TestConvertToType_NullType_Success" computerName="DKSR-EFI-06" duration="00:00:00.0006595" startTime="2024-01-09T15:43:09.2791014+01:00" endTime="2024-01-09T15:43:09.2791014+01:00" testType="13cdc9d9-ddb5-4fa4-a97d-d965ccfc6d4b" outcome="Passed" testListId="8c84fa94-04c1-424b-9868-57a2d4851a1d" relativeResultsDirectory="9db568e8-1c3e-4fd5-a105-8cb107939b54" />
    <UnitTestResult executionId="e4e5acb3-2035-436e-ac2e-1385d7ef0931" testId="8ce8a134-b594-8a0e-fee7-c4fad8487f31" testName="TestUpdateProperties_UpdateAllProperties_Success" computerName="DKSR-EFI-06" duration="00:00:00.0003335" startTime="2024-01-09T15:43:10.2947754+01:00" endTime="2024-01-09T15:43:10.2947754+01:00" testType="13cdc9d9-ddb5-4fa4-a97d-d965ccfc6d4b" outcome="Passed" testListId="8c84fa94-04c1-424b-9868-57a2d4851a1d" relativeResultsDirectory="e4e5acb3-2035-436e-ac2e-1385d7ef0931" />
    <UnitTestResult executionId="00f88387-1372-47aa-9ad4-819525a6740f" testId="5e41e430-2747-105c-57b9-110b878ed3bb" testName="TestConstructor_ParsingWcfObject_Success" computerName="DKSR-EFI-06" duration="00:00:00.0011958" startTime="2024-01-09T15:43:10.2478525+01:00" endTime="2024-01-09T15:43:10.2478525+01:00" testType="13cdc9d9-ddb5-4fa4-a97d-d965ccfc6d4b" outcome="Passed" testListId="8c84fa94-04c1-424b-9868-57a2d4851a1d" relativeResultsDirectory="00f88387-1372-47aa-9ad4-819525a6740f" />
    <UnitTestResult executionId="2318825c-5f22-49d7-b375-3e028a29d7be" testId="bcd74528-5b0b-127d-c9ab-7e254f110932" testName="TestConstructor_Success" computerName="DKSR-EFI-06" duration="00:00:00.0001207" startTime="2024-01-09T15:43:12.7947361+01:00" endTime="2024-01-09T15:43:12.7947361+01:00" testType="13cdc9d9-ddb5-4fa4-a97d-d965ccfc6d4b" outcome="Passed" testListId="8c84fa94-04c1-424b-9868-57a2d4851a1d" relativeResultsDirectory="2318825c-5f22-49d7-b375-3e028a29d7be" />
    <UnitTestResult executionId="08ffa7a8-cf4d-4931-b693-6093626ac1a1" testId="da617ff0-d5a0-0b73-eeff-7ea482f164c1" testName="TestAuditLog_AuditLogMapAdded_Success" computerName="DKSR-EFI-06" duration="00:00:00.0237047" startTime="2024-01-09T15:43:09.6072263+01:00" endTime="2024-01-09T15:43:09.6228535+01:00" testType="13cdc9d9-ddb5-4fa4-a97d-d965ccfc6d4b" outcome="Passed" testListId="8c84fa94-04c1-424b-9868-57a2d4851a1d" relativeResultsDirectory="08ffa7a8-cf4d-4931-b693-6093626ac1a1" />
    <UnitTestResult executionId="4d373c10-6b44-40aa-8cef-e7129a0b87d9" testId="11d85555-65ed-241f-da81-973daee73f7e" testName="TestAuditLog_AuditLogBuildingRenamed_NullOldBuilding_Failure" computerName="DKSR-EFI-06" duration="00:00:00.0018444" startTime="2024-01-09T15:43:12.7634854+01:00" endTime="2024-01-09T15:43:12.7634854+01:00" testType="13cdc9d9-ddb5-4fa4-a97d-d965ccfc6d4b" outcome="Passed" testListId="8c84fa94-04c1-424b-9868-57a2d4851a1d" relativeResultsDirectory="4d373c10-6b44-40aa-8cef-e7129a0b87d9" />
    <UnitTestResult executionId="73828217-fc8c-4197-8939-cc78ce969972" testId="dcab0f5a-559b-645f-8113-283b97911312" testName="TestQueryBuildingsByMapId_ZeroRows_Success" computerName="DKSR-EFI-06" duration="00:00:00.0100985" startTime="2024-01-09T15:43:07.2322172+01:00" endTime="2024-01-09T15:43:07.2478419+01:00" testType="13cdc9d9-ddb5-4fa4-a97d-d965ccfc6d4b" outcome="Passed" testListId="8c84fa94-04c1-424b-9868-57a2d4851a1d" relativeResultsDirectory="73828217-fc8c-4197-8939-cc78ce969972" />
    <UnitTestResult executionId="c8208b55-9a84-456c-b9dd-db902c16a27f" testId="77a34115-e210-c108-4631-a73effb015a7" testName="TestWcfObject_GetWcfObjectWithNoPosition_Success" computerName="DKSR-EFI-06" duration="00:00:00.0012281" startTime="2024-01-09T15:43:10.6228547+01:00" endTime="2024-01-09T15:43:10.6228547+01:00" testType="13cdc9d9-ddb5-4fa4-a97d-d965ccfc6d4b" outcome="Passed" testListId="8c84fa94-04c1-424b-9868-57a2d4851a1d" relativeResultsDirectory="c8208b55-9a84-456c-b9dd-db902c16a27f" />
    <UnitTestResult executionId="1810cf35-4587-4a38-b709-62e4e55879d8" testId="c5b4a8dc-2dec-bd0d-39d6-4cd447ff172b" testName="TestUpdateProperties_UpdateAllProperties_Success" computerName="DKSR-EFI-06" duration="00:00:00.0004734" startTime="2024-01-09T15:43:10.0603512+01:00" endTime="2024-01-09T15:43:10.0603512+01:00" testType="13cdc9d9-ddb5-4fa4-a97d-d965ccfc6d4b" outcome="Passed" testListId="8c84fa94-04c1-424b-9868-57a2d4851a1d" relativeResultsDirectory="1810cf35-4587-4a38-b709-62e4e55879d8" />
    <UnitTestResult executionId="17fd5636-b63c-4f86-83fd-b9654a256fcd" testId="77e0e43e-a4af-d366-f787-2bdb74a60872" testName="TestProperties_GetProperties_Success" computerName="DKSR-EFI-06" duration="00:00:00.0013785" startTime="2024-01-09T15:43:09.3884764+01:00" endTime="2024-01-09T15:43:09.3884764+01:00" testType="13cdc9d9-ddb5-4fa4-a97d-d965ccfc6d4b" outcome="Passed" testListId="8c84fa94-04c1-424b-9868-57a2d4851a1d" relativeResultsDirectory="17fd5636-b63c-4f86-83fd-b9654a256fcd" />
    <UnitTestResult executionId="15c2870b-aa02-4b69-98d0-cf541d15c500" testId="c79d8919-0c8f-922d-ea75-de9901ebd1ee" testName="LevelEvents_Reaction" computerName="DKSR-EFI-06" duration="00:00:00.0302167" startTime="2024-01-09T15:43:06.4665878+01:00" endTime="2024-01-09T15:43:06.4978384+01:00" testType="13cdc9d9-ddb5-4fa4-a97d-d965ccfc6d4b" outcome="Passed" testListId="8c84fa94-04c1-424b-9868-57a2d4851a1d" relativeResultsDirectory="15c2870b-aa02-4b69-98d0-cf541d15c500" />
    <UnitTestResult executionId="e4e97911-52e9-4f22-8fee-174d1c91088c" testId="aefecab0-bd07-aad7-eee6-85c8245976ba" testName="TestCapabilities_Opened_Success" computerName="DKSR-EFI-06" duration="00:00:00.2115664" startTime="2024-01-09T15:43:04.8572036+01:00" endTime="2024-01-09T15:43:05.0603325+01:00" testType="13cdc9d9-ddb5-4fa4-a97d-d965ccfc6d4b" outcome="Passed" testListId="8c84fa94-04c1-424b-9868-57a2d4851a1d" relativeResultsDirectory="e4e97911-52e9-4f22-8fee-174d1c91088c" />
    <UnitTestResult executionId="bebb24be-40ee-4777-914a-ea0b812c5f12" testId="c2f6972a-54a9-8143-fe77-19a1d70be49e" testName="TestWcfObject_GetWcfObjectWithoutOriginalExtent_Success" computerName="DKSR-EFI-06" duration="00:00:00.0007831" startTime="2024-01-09T15:43:09.9353546+01:00" endTime="2024-01-09T15:43:09.9353546+01:00" testType="13cdc9d9-ddb5-4fa4-a97d-d965ccfc6d4b" outcome="Passed" testListId="8c84fa94-04c1-424b-9868-57a2d4851a1d" relativeResultsDirectory="bebb24be-40ee-4777-914a-ea0b812c5f12" />
    <UnitTestResult executionId="8ccabc26-f5ed-4f4c-89ea-d390b3902c0c" testId="020e038a-8ceb-41f3-89c9-ee68c3eb6e0a" testName="TestConstructor_ParsingWcfObject_Success" computerName="DKSR-EFI-06" duration="00:00:00.0004050" startTime="2024-01-09T15:43:12.6541109+01:00" endTime="2024-01-09T15:43:12.6541109+01:00" testType="13cdc9d9-ddb5-4fa4-a97d-d965ccfc6d4b" outcome="Passed" testListId="8c84fa94-04c1-424b-9868-57a2d4851a1d" relativeResultsDirectory="8ccabc26-f5ed-4f4c-89ea-d390b3902c0c" />
    <UnitTestResult executionId="2f3e12c8-78fc-48cc-96c8-e21c397d3518" testId="5a3cdcb1-8347-3e18-8365-a6038c2e7047" testName="TestPropertyNames_GettingPropertyNames_Success" computerName="DKSR-EFI-06" duration="00:00:00.0005879" startTime="2024-01-09T15:43:10.3728529+01:00" endTime="2024-01-09T15:43:10.3728529+01:00" testType="13cdc9d9-ddb5-4fa4-a97d-d965ccfc6d4b" outcome="Passed" testListId="8c84fa94-04c1-424b-9868-57a2d4851a1d" relativeResultsDirectory="2f3e12c8-78fc-48cc-96c8-e21c397d3518" />
    <UnitTestResult executionId="c0238dec-6542-4668-9b6a-2ab428bf1989" testId="18d0606b-a3f4-7e0d-624a-40782179ea83" testName="TestAuditLog_AuditLogBuildingRenamed_Success" computerName="DKSR-EFI-06" duration="00:00:00.0085782" startTime="2024-01-09T15:43:12.7478573+01:00" endTime="2024-01-09T15:43:12.7634854+01:00" testType="13cdc9d9-ddb5-4fa4-a97d-d965ccfc6d4b" outcome="Passed" testListId="8c84fa94-04c1-424b-9868-57a2d4851a1d" relativeResultsDirectory="c0238dec-6542-4668-9b6a-2ab428bf1989" />
    <UnitTestResult executionId="8ccca4e1-b43e-4127-83a7-7e5288ea339a" testId="9825cfbc-2da7-4392-c4fd-cb2df3e16b64" testName="TestAuditLog_AuditLogLegacyLinkChangedWithWrongOldItem_Success" computerName="DKSR-EFI-06" duration="00:00:00.0084494" startTime="2024-01-09T15:43:10.7947319+01:00" endTime="2024-01-09T15:43:10.7947319+01:00" testType="13cdc9d9-ddb5-4fa4-a97d-d965ccfc6d4b" outcome="Passed" testListId="8c84fa94-04c1-424b-9868-57a2d4851a1d" relativeResultsDirectory="8ccca4e1-b43e-4127-83a7-7e5288ea339a" />
    <UnitTestResult executionId="8fae29e4-dcd2-4d33-8c04-9b5dde249290" testId="f1425c4d-1be6-14bd-738b-4e89531d196e" testName="TestConstructor_ParsingWcfObject_Success" computerName="DKSR-EFI-06" duration="00:00:00.0011912" startTime="2024-01-09T15:43:09.4666005+01:00" endTime="2024-01-09T15:43:09.4822230+01:00" testType="13cdc9d9-ddb5-4fa4-a97d-d965ccfc6d4b" outcome="Passed" testListId="8c84fa94-04c1-424b-9868-57a2d4851a1d" relativeResultsDirectory="8fae29e4-dcd2-4d33-8c04-9b5dde249290" />
    <UnitTestResult executionId="d3c15512-b808-4778-8b37-274cf2211b84" testId="e93a7b60-e657-d859-7691-17f336a6f9b4" testName="TestUpdateLevel_UnknownLevel_Success" computerName="DKSR-EFI-06" duration="00:00:00.0017946" startTime="2024-01-09T15:43:08.4040961+01:00" endTime="2024-01-09T15:43:08.4197215+01:00" testType="13cdc9d9-ddb5-4fa4-a97d-d965ccfc6d4b" outcome="Passed" testListId="8c84fa94-04c1-424b-9868-57a2d4851a1d" relativeResultsDirectory="d3c15512-b808-4778-8b37-274cf2211b84" />
    <UnitTestResult executionId="a3440245-bd2e-42f5-a810-caf75964ca93" testId="3df1e46d-4265-9c4b-8aae-0a8052487f66" testName="TestWcfObject_GetWcfObjectWithoutExtent_Success" computerName="DKSR-EFI-06" duration="00:00:00.0011260" startTime="2024-01-09T15:43:10.4353555+01:00" endTime="2024-01-09T15:43:10.4353555+01:00" testType="13cdc9d9-ddb5-4fa4-a97d-d965ccfc6d4b" outcome="Passed" testListId="8c84fa94-04c1-424b-9868-57a2d4851a1d" relativeResultsDirectory="a3440245-bd2e-42f5-a810-caf75964ca93" />
    <UnitTestResult executionId="65573b40-0550-4cba-b34e-84d885d77c2e" testId="0b3147f4-13ce-8c2b-1ed2-91ce468d31a1" testName="GetMipItemsByKindAndArea_WhenExistBuildings_BuildingsAwareClusteringStrategy" computerName="DKSR-EFI-06" duration="00:00:00.0276474" startTime="2024-01-09T15:43:05.6384604+01:00" endTime="2024-01-09T15:43:05.6697102+01:00" testType="13cdc9d9-ddb5-4fa4-a97d-d965ccfc6d4b" outcome="Passed" testListId="8c84fa94-04c1-424b-9868-57a2d4851a1d" relativeResultsDirectory="65573b40-0550-4cba-b34e-84d885d77c2e" />
    <UnitTestResult executionId="bdbfa772-4962-41b9-a88a-b9098671c7a0" testId="660a99f8-6ec0-ed3b-6042-ca002a4fe61b" testName="TestConstructor_Success" computerName="DKSR-EFI-06" duration="00:00:00.0007369" startTime="2024-01-09T15:43:10.4509783+01:00" endTime="2024-01-09T15:43:10.4509783+01:00" testType="13cdc9d9-ddb5-4fa4-a97d-d965ccfc6d4b" outcome="Passed" testListId="8c84fa94-04c1-424b-9868-57a2d4851a1d" relativeResultsDirectory="bdbfa772-4962-41b9-a88a-b9098671c7a0" />
    <UnitTestResult executionId="87750b46-5464-4d30-a759-4bd67c9a84a6" testId="2a381028-e7d6-b17f-b4fe-2917fe968631" testName="TestUpdateProperties_UpdateAllProperties_Success" computerName="DKSR-EFI-06" duration="00:00:00.0009441" startTime="2024-01-09T15:43:10.5291057+01:00" endTime="2024-01-09T15:43:10.5291057+01:00" testType="13cdc9d9-ddb5-4fa4-a97d-d965ccfc6d4b" outcome="Passed" testListId="8c84fa94-04c1-424b-9868-57a2d4851a1d" relativeResultsDirectory="87750b46-5464-4d30-a759-4bd67c9a84a6" />
    <UnitTestResult executionId="645c9307-ed54-44f8-b11d-571d724ccf85" testId="27ff166e-b5e3-5e12-5f72-cdf5284654c4" testName="TestAuditLog_AuditLogItemChanged_WithoutChangingAnyLocations_Success" computerName="DKSR-EFI-06" duration="00:00:00.0109593" startTime="2024-01-09T15:43:11.0447307+01:00" endTime="2024-01-09T15:43:11.0447307+01:00" testType="13cdc9d9-ddb5-4fa4-a97d-d965ccfc6d4b" outcome="Passed" testListId="8c84fa94-04c1-424b-9868-57a2d4851a1d" relativeResultsDirectory="645c9307-ed54-44f8-b11d-571d724ccf85" />
    <UnitTestResult executionId="37f66209-07b5-4d6f-961b-e8c2fc1e152e" testId="1a7d046c-169c-9a92-3c61-35895eae39ce" testName="TestConstructor_ParsingWcfObjectWithoutExtent_Success" computerName="DKSR-EFI-06" duration="00:00:00.0013890" startTime="2024-01-09T15:43:10.0916024+01:00" endTime="2024-01-09T15:43:10.0916024+01:00" testType="13cdc9d9-ddb5-4fa4-a97d-d965ccfc6d4b" outcome="Passed" testListId="8c84fa94-04c1-424b-9868-57a2d4851a1d" relativeResultsDirectory="37f66209-07b5-4d6f-961b-e8c2fc1e152e" />
    <UnitTestResult executionId="58465302-ff57-40c7-ae6b-ae03a0e574f9" testId="20658f53-7fff-0724-5d84-93afea1c1f49" testName="AddItem" computerName="DKSR-EFI-06" duration="00:00:00.0031951" startTime="2024-01-09T15:43:12.3728569+01:00" endTime="2024-01-09T15:43:12.3728569+01:00" testType="13cdc9d9-ddb5-4fa4-a97d-d965ccfc6d4b" outcome="Passed" testListId="8c84fa94-04c1-424b-9868-57a2d4851a1d" relativeResultsDirectory="58465302-ff57-40c7-ae6b-ae03a0e574f9" />
    <UnitTestResult executionId="a3803523-bc95-4dd2-9576-e235639167e7" testId="2bfc6d47-8ba4-02c9-48f6-b952f3a2b68d" testName="RemoveItems_RemovesWithChangedPosition" computerName="DKSR-EFI-06" duration="00:00:00.0009805" startTime="2024-01-09T15:43:11.2791093+01:00" endTime="2024-01-09T15:43:11.2791093+01:00" testType="13cdc9d9-ddb5-4fa4-a97d-d965ccfc6d4b" outcome="Passed" testListId="8c84fa94-04c1-424b-9868-57a2d4851a1d" relativeResultsDirectory="a3803523-bc95-4dd2-9576-e235639167e7" />
    <UnitTestResult executionId="f5e29b0a-8675-4fe3-b32a-e486a5ab8def" testId="982f0da6-6119-19e9-04ac-bf5c62d4284e" testName="TestAddCapability_Success" computerName="DKSR-EFI-06" duration="00:00:00.0074672" startTime="2024-01-09T15:43:06.6228398+01:00" endTime="2024-01-09T15:43:06.6384628+01:00" testType="13cdc9d9-ddb5-4fa4-a97d-d965ccfc6d4b" outcome="Passed" testListId="8c84fa94-04c1-424b-9868-57a2d4851a1d" relativeResultsDirectory="f5e29b0a-8675-4fe3-b32a-e486a5ab8def" />
    <UnitTestResult executionId="45bf4e77-a325-42c9-aead-001202101ff1" testId="d1feca10-b072-e0a6-da9f-2f41bfdf07c2" testName="TestConstructor_Success" computerName="DKSR-EFI-06" duration="00:00:00.0004348" startTime="2024-01-09T15:43:09.9041020+01:00" endTime="2024-01-09T15:43:09.9041020+01:00" testType="13cdc9d9-ddb5-4fa4-a97d-d965ccfc6d4b" outcome="Passed" testListId="8c84fa94-04c1-424b-9868-57a2d4851a1d" relativeResultsDirectory="45bf4e77-a325-42c9-aead-001202101ff1" />
    <UnitTestResult executionId="ccc9fed5-6fa1-491f-8005-8607e1fcc681" testId="a4a444d2-a093-0e84-3156-18ce740a830e" testName="RemoveItem_Levels" computerName="DKSR-EFI-06" duration="00:00:00.0015103" startTime="2024-01-09T15:43:12.4041085+01:00" endTime="2024-01-09T15:43:12.4041085+01:00" testType="13cdc9d9-ddb5-4fa4-a97d-d965ccfc6d4b" outcome="Passed" testListId="8c84fa94-04c1-424b-9868-57a2d4851a1d" relativeResultsDirectory="ccc9fed5-6fa1-491f-8005-8607e1fcc681" />
    <UnitTestResult executionId="4b31b6d9-e93b-4592-8368-c6d3fbf75075" testId="c54eb969-a3de-aa48-d99a-d442654c6d39" testName="TestPropertyNames_GettingPropertyNames_Success" computerName="DKSR-EFI-06" duration="00:00:00.0009030" startTime="2024-01-09T15:43:10.9197320+01:00" endTime="2024-01-09T15:43:10.9197320+01:00" testType="13cdc9d9-ddb5-4fa4-a97d-d965ccfc6d4b" outcome="Passed" testListId="8c84fa94-04c1-424b-9868-57a2d4851a1d" relativeResultsDirectory="4b31b6d9-e93b-4592-8368-c6d3fbf75075" />
    <UnitTestResult executionId="cf727df2-3743-45f9-bb07-b6b265c10ca0" testId="46027892-420d-4502-59c5-18418d2a2257" testName="TestConstructor_ParsingWcfObject_Success" computerName="DKSR-EFI-06" duration="00:00:00.0029100" startTime="2024-01-09T15:43:10.9041035+01:00" endTime="2024-01-09T15:43:10.9041035+01:00" testType="13cdc9d9-ddb5-4fa4-a97d-d965ccfc6d4b" outcome="Passed" testListId="8c84fa94-04c1-424b-9868-57a2d4851a1d" relativeResultsDirectory="cf727df2-3743-45f9-bb07-b6b265c10ca0" />
    <UnitTestResult executionId="c407f007-a110-4808-8414-9048e20b1dcf" testId="1f9e80a4-fbe0-8d4f-70fb-4fbd1e9ef2bf" testName="TestWcfObject_GetWcfObjectWithoutExtent_Success" computerName="DKSR-EFI-06" duration="00:00:00.0007316" startTime="2024-01-09T15:43:09.9353546+01:00" endTime="2024-01-09T15:43:09.9353546+01:00" testType="13cdc9d9-ddb5-4fa4-a97d-d965ccfc6d4b" outcome="Passed" testListId="8c84fa94-04c1-424b-9868-57a2d4851a1d" relativeResultsDirectory="c407f007-a110-4808-8414-9048e20b1dcf" />
    <UnitTestResult executionId="25ec1032-2c1b-4f38-b863-c63962542189" testId="612916a7-ba3b-d557-9866-51fc7ebe250f" testName="TestDeleteBuildings_ZeroRows_Success" computerName="DKSR-EFI-06" duration="00:00:00.0049658" startTime="2024-01-09T15:43:07.7165950+01:00" endTime="2024-01-09T15:43:07.7165950+01:00" testType="13cdc9d9-ddb5-4fa4-a97d-d965ccfc6d4b" outcome="Passed" testListId="8c84fa94-04c1-424b-9868-57a2d4851a1d" relativeResultsDirectory="25ec1032-2c1b-4f38-b863-c63962542189" />
    <UnitTestResult executionId="e9609b5e-d154-45af-af32-1518d2237ffa" testId="2c7e5e56-c744-0a96-502d-e9f5dabd4e46" testName="TestWcfObject_GetWcfObject_Success" computerName="DKSR-EFI-06" duration="00:00:00.0016227" startTime="2024-01-09T15:43:10.0916024+01:00" endTime="2024-01-09T15:43:10.0916024+01:00" testType="13cdc9d9-ddb5-4fa4-a97d-d965ccfc6d4b" outcome="Passed" testListId="8c84fa94-04c1-424b-9868-57a2d4851a1d" relativeResultsDirectory="e9609b5e-d154-45af-af32-1518d2237ffa" />
    <UnitTestResult executionId="cebb679b-6f5c-4b18-878a-eb4f42cbee93" testId="5b8da4a5-352d-83c5-0aba-cdc2dc824c85" testName="TestConstructor_ParsingWcfObjectWithNull_Success" computerName="DKSR-EFI-06" duration="00:00:00.0005618" startTime="2024-01-09T15:43:10.4197294+01:00" endTime="2024-01-09T15:43:10.4197294+01:00" testType="13cdc9d9-ddb5-4fa4-a97d-d965ccfc6d4b" outcome="Passed" testListId="8c84fa94-04c1-424b-9868-57a2d4851a1d" relativeResultsDirectory="cebb679b-6f5c-4b18-878a-eb4f42cbee93" />
    <UnitTestResult executionId="3d45940a-09dc-4575-9689-361420ddb29c" testId="0a07b8ff-c721-e171-25a3-148cb1965270" testName="TestProperties_GetPropertiesFromWcfObjectWithNullViewport_Success" computerName="DKSR-EFI-06" duration="00:00:00.0004071" startTime="2024-01-09T15:43:09.3416023+01:00" endTime="2024-01-09T15:43:09.3416023+01:00" testType="13cdc9d9-ddb5-4fa4-a97d-d965ccfc6d4b" outcome="Passed" testListId="8c84fa94-04c1-424b-9868-57a2d4851a1d" relativeResultsDirectory="3d45940a-09dc-4575-9689-361420ddb29c" />
    <UnitTestResult executionId="0633afd8-f609-4d11-b7e6-78ca2cffea62" testId="767be23d-52dd-1b2a-9c75-39cdbd09e837" testName="ExcludeItems_ExcludesWithChangedPoisition" computerName="DKSR-EFI-06" duration="00:00:00.0012578" startTime="2024-01-09T15:43:11.2947325+01:00" endTime="2024-01-09T15:43:11.2947325+01:00" testType="13cdc9d9-ddb5-4fa4-a97d-d965ccfc6d4b" outcome="Passed" testListId="8c84fa94-04c1-424b-9868-57a2d4851a1d" relativeResultsDirectory="0633afd8-f609-4d11-b7e6-78ca2cffea62" />
    <UnitTestResult executionId="c6e9d0d6-140c-4dec-bade-2e9093d4c211" testId="4625213c-c4c6-194d-1838-c46fdcca2107" testName="TestWcfObject_ConvertToWcfObject_Success" computerName="DKSR-EFI-06" duration="00:00:00.0089149" startTime="2024-01-09T15:43:09.7166022+01:00" endTime="2024-01-09T15:43:09.7166022+01:00" testType="13cdc9d9-ddb5-4fa4-a97d-d965ccfc6d4b" outcome="Passed" testListId="8c84fa94-04c1-424b-9868-57a2d4851a1d" relativeResultsDirectory="c6e9d0d6-140c-4dec-bade-2e9093d4c211" />
    <UnitTestResult executionId="42298fa3-6c80-451c-a634-c1e2a02cc5b7" testId="02dd0347-81a6-5d2e-72bb-1e46d337ac10" testName="TestAuditLog_AuditLogLevelRenamed_Success" computerName="DKSR-EFI-06" duration="00:00:00.0103897" startTime="2024-01-09T15:43:12.9197328+01:00" endTime="2024-01-09T15:43:12.9353598+01:00" testType="13cdc9d9-ddb5-4fa4-a97d-d965ccfc6d4b" outcome="Passed" testListId="8c84fa94-04c1-424b-9868-57a2d4851a1d" relativeResultsDirectory="42298fa3-6c80-451c-a634-c1e2a02cc5b7" />
    <UnitTestResult executionId="0a8b98df-3217-419f-8d89-e78847e215b3" testId="312c4b40-7d4e-1752-8bba-9dfd52ec4390" testName="GetItem_WhenWrongId_ReturnsNull" computerName="DKSR-EFI-06" duration="00:00:00.0011363" startTime="2024-01-09T15:43:05.9509602+01:00" endTime="2024-01-09T15:43:05.9509602+01:00" testType="13cdc9d9-ddb5-4fa4-a97d-d965ccfc6d4b" outcome="Passed" testListId="8c84fa94-04c1-424b-9868-57a2d4851a1d" relativeResultsDirectory="0a8b98df-3217-419f-8d89-e78847e215b3" />
    <UnitTestResult executionId="f2b194d0-b52b-4de2-9b54-0dfbc5dc5b61" testId="ded4c552-7c82-c874-2cd1-b418656e588e" testName="TestConstructor_ParsingWcfObjectWithNull_ArgumentNullException" computerName="DKSR-EFI-06" duration="00:00:00.0005357" startTime="2024-01-09T15:43:10.0134801+01:00" endTime="2024-01-09T15:43:10.0134801+01:00" testType="13cdc9d9-ddb5-4fa4-a97d-d965ccfc6d4b" outcome="Passed" testListId="8c84fa94-04c1-424b-9868-57a2d4851a1d" relativeResultsDirectory="f2b194d0-b52b-4de2-9b54-0dfbc5dc5b61" />
    <UnitTestResult executionId="91c08214-dda4-48be-9ff4-28f8ff12cb2e" testId="463d1e96-c1d7-0e9c-2a9a-2258af1ecd4e" testName="TestConstructor_ParsingWcfObjectWithoutOriginalExtent_Success" computerName="DKSR-EFI-06" duration="00:00:00.0006380" startTime="2024-01-09T15:43:09.9197267+01:00" endTime="2024-01-09T15:43:09.9197267+01:00" testType="13cdc9d9-ddb5-4fa4-a97d-d965ccfc6d4b" outcome="Passed" testListId="8c84fa94-04c1-424b-9868-57a2d4851a1d" relativeResultsDirectory="91c08214-dda4-48be-9ff4-28f8ff12cb2e" />
    <UnitTestResult executionId="9e1b453d-fd71-464e-8cb9-d6b2405d8ab7" testId="551fbefb-00a6-8fe0-ba69-2a84cac6bae8" testName="TestUpdateLevels_NullMapItems_Success" computerName="DKSR-EFI-06" duration="00:00:00.0345195" startTime="2024-01-09T15:43:08.4822214+01:00" endTime="2024-01-09T15:43:08.5134730+01:00" testType="13cdc9d9-ddb5-4fa4-a97d-d965ccfc6d4b" outcome="Passed" testListId="8c84fa94-04c1-424b-9868-57a2d4851a1d" relativeResultsDirectory="9e1b453d-fd71-464e-8cb9-d6b2405d8ab7" />
    <UnitTestResult executionId="e5b8fc91-9a46-45c8-bbe9-c5547142e211" testId="88f1d726-ecf3-6ece-4827-0194e8137033" testName="TestProperties_GetProperties_Success" computerName="DKSR-EFI-06" duration="00:00:00.0004227" startTime="2024-01-09T15:43:10.4197294+01:00" endTime="2024-01-09T15:43:10.4197294+01:00" testType="13cdc9d9-ddb5-4fa4-a97d-d965ccfc6d4b" outcome="Passed" testListId="8c84fa94-04c1-424b-9868-57a2d4851a1d" relativeResultsDirectory="e5b8fc91-9a46-45c8-bbe9-c5547142e211" />
    <UnitTestResult executionId="7c204cc9-458f-4fcb-a48f-719028d16b77" testId="14b2ec50-6ce7-f651-9fe1-47d918ef4599" testName="TestAuditLog_NullServiceContract_Failure" computerName="DKSR-EFI-06" duration="00:00:00.0050167" startTime="2024-01-09T15:43:12.8103592+01:00" endTime="2024-01-09T15:43:12.8259848+01:00" testType="13cdc9d9-ddb5-4fa4-a97d-d965ccfc6d4b" outcome="Passed" testListId="8c84fa94-04c1-424b-9868-57a2d4851a1d" relativeResultsDirectory="7c204cc9-458f-4fcb-a48f-719028d16b77" />
    <UnitTestResult executionId="dd255ac4-4063-46e5-868e-f039c1f91d3f" testId="a4bcc8b8-30aa-0188-cf3e-b46354e70d8f" testName="AllItems_ExistAfterInitializeIndex" computerName="DKSR-EFI-06" duration="00:00:00.0004887" startTime="2024-01-09T15:43:11.9978583+01:00" endTime="2024-01-09T15:43:11.9978583+01:00" testType="13cdc9d9-ddb5-4fa4-a97d-d965ccfc6d4b" outcome="Passed" testListId="8c84fa94-04c1-424b-9868-57a2d4851a1d" relativeResultsDirectory="dd255ac4-4063-46e5-868e-f039c1f91d3f" />
    <UnitTestResult executionId="e33b751b-24f0-4842-82ce-f773c7899bf0" testId="9e39c9d5-9571-adf7-3b76-b1f4ee444803" testName="TestAuditLog_AuditLogLegacyLinkWithNullTargetMapIdRemoved_Success" computerName="DKSR-EFI-06" duration="00:00:00.0063910" startTime="2024-01-09T15:43:10.7478552+01:00" endTime="2024-01-09T15:43:10.7478552+01:00" testType="13cdc9d9-ddb5-4fa4-a97d-d965ccfc6d4b" outcome="Passed" testListId="8c84fa94-04c1-424b-9868-57a2d4851a1d" relativeResultsDirectory="e33b751b-24f0-4842-82ce-f773c7899bf0" />
    <UnitTestResult executionId="446f2468-51aa-473e-9bec-107ad753133e" testId="01beb42d-d9fc-9a36-1867-2be1b8510803" testName="TestWcfObject_GetWcfObjectWithoutExtent_Success" computerName="DKSR-EFI-06" duration="00:00:00.0011210" startTime="2024-01-09T15:43:10.2166030+01:00" endTime="2024-01-09T15:43:10.2166030+01:00" testType="13cdc9d9-ddb5-4fa4-a97d-d965ccfc6d4b" outcome="Passed" testListId="8c84fa94-04c1-424b-9868-57a2d4851a1d" relativeResultsDirectory="446f2468-51aa-473e-9bec-107ad753133e" />
    <UnitTestResult executionId="3dd1aa60-7324-4f50-a68a-c847941cb8af" testId="b7cf3514-530d-1e86-1272-e0c2103bf312" testName="ExcludeItems_Init3Items_Exclude1" computerName="DKSR-EFI-06" duration="00:00:00.0028369" startTime="2024-01-09T15:43:11.2791093+01:00" endTime="2024-01-09T15:43:11.2947325+01:00" testType="13cdc9d9-ddb5-4fa4-a97d-d965ccfc6d4b" outcome="Passed" testListId="8c84fa94-04c1-424b-9868-57a2d4851a1d" relativeResultsDirectory="3dd1aa60-7324-4f50-a68a-c847941cb8af" />
    <UnitTestResult executionId="10bd9c63-e8de-4847-89b8-1b4d9c4e7af0" testId="2cb56ad0-636d-3aa7-1245-d703cd1dcc16" testName="TestAddLevel_NullLevel_Failure" computerName="DKSR-EFI-06" duration="00:00:00.0021751" startTime="2024-01-09T15:43:08.1697194+01:00" endTime="2024-01-09T15:43:08.1697194+01:00" testType="13cdc9d9-ddb5-4fa4-a97d-d965ccfc6d4b" outcome="Passed" testListId="8c84fa94-04c1-424b-9868-57a2d4851a1d" relativeResultsDirectory="10bd9c63-e8de-4847-89b8-1b4d9c4e7af0" />
    <UnitTestResult executionId="2a642bfe-9980-4358-85d5-e9f48d6d011a" testId="e61aa0d5-60b4-ff7e-f36b-5cb01be967c9" testName="AllItems_ExistAfterAddItems" computerName="DKSR-EFI-06" duration="00:00:00.0004250" startTime="2024-01-09T15:43:11.9978583+01:00" endTime="2024-01-09T15:43:11.9978583+01:00" testType="13cdc9d9-ddb5-4fa4-a97d-d965ccfc6d4b" outcome="Passed" testListId="8c84fa94-04c1-424b-9868-57a2d4851a1d" relativeResultsDirectory="2a642bfe-9980-4358-85d5-e9f48d6d011a" />
    <UnitTestResult executionId="52351cc7-165e-4392-8cf9-f7bb896dc862" testId="a87e64c5-985f-097d-7fbf-350e3851e0ae" testName="TestConstructor_Success" computerName="DKSR-EFI-06" duration="00:00:00.0015147" startTime="2024-01-09T15:43:10.5916028+01:00" endTime="2024-01-09T15:43:10.5916028+01:00" testType="13cdc9d9-ddb5-4fa4-a97d-d965ccfc6d4b" outcome="Passed" testListId="8c84fa94-04c1-424b-9868-57a2d4851a1d" relativeResultsDirectory="52351cc7-165e-4392-8cf9-f7bb896dc862" />
    <UnitTestResult executionId="f99207e2-1783-4085-b7b6-8989a0b6d20b" testId="267ac0aa-3310-c2a4-2036-c5e9e7be48a1" testName="TestWcfObject_GetWcfObjectWithoutExtent_Success" computerName="DKSR-EFI-06" duration="00:00:00.0007992" startTime="2024-01-09T15:43:10.5134778+01:00" endTime="2024-01-09T15:43:10.5134778+01:00" testType="13cdc9d9-ddb5-4fa4-a97d-d965ccfc6d4b" outcome="Passed" testListId="8c84fa94-04c1-424b-9868-57a2d4851a1d" relativeResultsDirectory="f99207e2-1783-4085-b7b6-8989a0b6d20b" />
    <UnitTestResult executionId="f3d6078e-7cd0-4cdc-b102-4e6ac0f6f96e" testId="750aa28d-bc88-df57-e7bf-5774e0035ab5" testName="TestAuditLog_AuditLogItemChanged_AddingRemovingLinkFromEmptyLocationId_Success" computerName="DKSR-EFI-06" duration="00:00:00.0127927" startTime="2024-01-09T15:43:11.1072296+01:00" endTime="2024-01-09T15:43:11.1072296+01:00" testType="13cdc9d9-ddb5-4fa4-a97d-d965ccfc6d4b" outcome="Passed" testListId="8c84fa94-04c1-424b-9868-57a2d4851a1d" relativeResultsDirectory="f3d6078e-7cd0-4cdc-b102-4e6ac0f6f96e" />
    <UnitTestResult executionId="264f6347-b9c0-4171-9d9d-673003d017ea" testId="ebd932fc-384b-2ed8-74b5-1ae678346fad" testName="TestAddBuildings_DatabaseException_Failure" computerName="DKSR-EFI-06" duration="00:00:00.0039542" startTime="2024-01-09T15:43:07.5290934+01:00" endTime="2024-01-09T15:43:07.5290934+01:00" testType="13cdc9d9-ddb5-4fa4-a97d-d965ccfc6d4b" outcome="Passed" testListId="8c84fa94-04c1-424b-9868-57a2d4851a1d" relativeResultsDirectory="264f6347-b9c0-4171-9d9d-673003d017ea" />
    <UnitTestResult executionId="bf69455a-463b-4be8-b04c-f7bc247856a7" testId="2ce95934-9fe4-6fa4-2010-77aef0c6633d" testName="TestConstructor_Success" computerName="DKSR-EFI-06" duration="00:00:00.0002986" startTime="2024-01-09T15:43:10.0447263+01:00" endTime="2024-01-09T15:43:10.0447263+01:00" testType="13cdc9d9-ddb5-4fa4-a97d-d965ccfc6d4b" outcome="Passed" testListId="8c84fa94-04c1-424b-9868-57a2d4851a1d" relativeResultsDirectory="bf69455a-463b-4be8-b04c-f7bc247856a7" />
    <UnitTestResult executionId="c5395073-b534-412b-9bb1-8459f66878ce" testId="4f79bc1b-c633-44ca-3515-6aafcfce4559" testName="TestConstructor_Success" computerName="DKSR-EFI-06" duration="00:00:00.0002004" startTime="2024-01-09T15:43:09.4040984+01:00" endTime="2024-01-09T15:43:09.4040984+01:00" testType="13cdc9d9-ddb5-4fa4-a97d-d965ccfc6d4b" outcome="Passed" testListId="8c84fa94-04c1-424b-9868-57a2d4851a1d" relativeResultsDirectory="c5395073-b534-412b-9bb1-8459f66878ce" />
    <UnitTestResult executionId="b48954ca-2b32-4e38-bae8-fe0f6153318e" testId="ff65dad1-742e-582b-a3c8-bd26130b4be6" testName="AddItems_1Item_1Cluster" computerName="DKSR-EFI-06" duration="00:00:00.0011747" startTime="2024-01-09T15:43:11.2947325+01:00" endTime="2024-01-09T15:43:11.3103566+01:00" testType="13cdc9d9-ddb5-4fa4-a97d-d965ccfc6d4b" outcome="Passed" testListId="8c84fa94-04c1-424b-9868-57a2d4851a1d" relativeResultsDirectory="b48954ca-2b32-4e38-bae8-fe0f6153318e" />
    <UnitTestResult executionId="8c251c2b-540d-4860-8400-8a027ac4f2fd" testId="9d15926f-8e0d-e7e6-e033-9879de948c2e" testName="Closed_DeinitializesServices" computerName="DKSR-EFI-06" duration="00:00:00.0148765" startTime="2024-01-09T15:43:05.4509593+01:00" endTime="2024-01-09T15:43:05.4665828+01:00" testType="13cdc9d9-ddb5-4fa4-a97d-d965ccfc6d4b" outcome="Passed" testListId="8c84fa94-04c1-424b-9868-57a2d4851a1d" relativeResultsDirectory="8c251c2b-540d-4860-8400-8a027ac4f2fd" />
    <UnitTestResult executionId="776e3f90-9176-46fb-91b5-1bdf5197d204" testId="0d3fa6f1-907f-8319-f20a-9dc83eb7dd3f" testName="TestConstructor_ParsingWcfObjectWithNullPosition_Success" computerName="DKSR-EFI-06" duration="00:00:00.0008821" startTime="2024-01-09T15:43:10.6072305+01:00" endTime="2024-01-09T15:43:10.6072305+01:00" testType="13cdc9d9-ddb5-4fa4-a97d-d965ccfc6d4b" outcome="Passed" testListId="8c84fa94-04c1-424b-9868-57a2d4851a1d" relativeResultsDirectory="776e3f90-9176-46fb-91b5-1bdf5197d204" />
    <UnitTestResult executionId="61fa5bc1-2df2-4b69-a8cc-e43bd9335d84" testId="7bfc939c-2abf-1b06-8e36-c8a0358f00e7" testName="Test_QueryLayersByLevelId_ZeroRows_succes" computerName="DKSR-EFI-06" duration="00:00:00.0071288" startTime="2024-01-09T15:43:08.7947224+01:00" endTime="2024-01-09T15:43:08.8103470+01:00" testType="13cdc9d9-ddb5-4fa4-a97d-d965ccfc6d4b" outcome="Passed" testListId="8c84fa94-04c1-424b-9868-57a2d4851a1d" relativeResultsDirectory="61fa5bc1-2df2-4b69-a8cc-e43bd9335d84" />
    <UnitTestResult executionId="01dec408-5906-4575-9e8f-f57ea8cc0fd6" testId="a2477821-055b-9066-54fb-985208058e05" testName="TestConstructor_ParsingWcfObjectWithNull_Success" computerName="DKSR-EFI-06" duration="00:00:00.0009750" startTime="2024-01-09T15:43:09.5291042+01:00" endTime="2024-01-09T15:43:09.5291042+01:00" testType="13cdc9d9-ddb5-4fa4-a97d-d965ccfc6d4b" outcome="Passed" testListId="8c84fa94-04c1-424b-9868-57a2d4851a1d" relativeResultsDirectory="01dec408-5906-4575-9e8f-f57ea8cc0fd6" />
    <UnitTestResult executionId="283b19de-08d3-4a9e-ae65-1140a39d90b6" testId="ddac6368-76dc-846a-51e1-c9e3b8e386f6" testName="TestDeleteBuilding_DatabaseException_Failure" computerName="DKSR-EFI-06" duration="00:00:00.0055144" startTime="2024-01-09T15:43:07.6072181+01:00" endTime="2024-01-09T15:43:07.6228432+01:00" testType="13cdc9d9-ddb5-4fa4-a97d-d965ccfc6d4b" outcome="Passed" testListId="8c84fa94-04c1-424b-9868-57a2d4851a1d" relativeResultsDirectory="283b19de-08d3-4a9e-ae65-1140a39d90b6" />
    <UnitTestResult executionId="96ba0b42-d7af-4074-b0e8-7cce906f5bf7" testId="9582ffe9-d918-4b32-473f-0c994763e9b6" testName="AddItems_Init3Items_Add2" computerName="DKSR-EFI-06" duration="00:00:00.0035276" startTime="2024-01-09T15:43:11.2478569+01:00" endTime="2024-01-09T15:43:11.2634797+01:00" testType="13cdc9d9-ddb5-4fa4-a97d-d965ccfc6d4b" outcome="Passed" testListId="8c84fa94-04c1-424b-9868-57a2d4851a1d" relativeResultsDirectory="96ba0b42-d7af-4074-b0e8-7cce906f5bf7" />
    <UnitTestResult executionId="39d29174-e395-4635-aa13-cef59c36c61e" testId="630ac451-2612-b7c0-a7c3-7bc384dc7630" testName="TestWcfObject_GetWcfObject_Success" computerName="DKSR-EFI-06" duration="00:00:00.0017880" startTime="2024-01-09T15:43:09.3728512+01:00" endTime="2024-01-09T15:43:09.3728512+01:00" testType="13cdc9d9-ddb5-4fa4-a97d-d965ccfc6d4b" outcome="Passed" testListId="8c84fa94-04c1-424b-9868-57a2d4851a1d" relativeResultsDirectory="39d29174-e395-4635-aa13-cef59c36c61e" />
    <UnitTestResult executionId="f223bdbb-4e57-465c-8b21-a490f884be34" testId="36f7ffc5-4303-4f16-8cf5-72d7038c3fc9" testName="TestConstructor_ParsingWcfObjectWithNull_Success" computerName="DKSR-EFI-06" duration="00:00:00.0010213" startTime="2024-01-09T15:43:09.5759744+01:00" endTime="2024-01-09T15:43:09.5759744+01:00" testType="13cdc9d9-ddb5-4fa4-a97d-d965ccfc6d4b" outcome="Passed" testListId="8c84fa94-04c1-424b-9868-57a2d4851a1d" relativeResultsDirectory="f223bdbb-4e57-465c-8b21-a490f884be34" />
    <UnitTestResult executionId="c3610f12-8205-4cd2-ba12-d8e9826564f5" testId="bf0e4b1f-683f-dc6c-89fe-c24204c6eb29" testName="BuildClusters_3Buildings" computerName="DKSR-EFI-06" duration="00:00:00.0385635" startTime="2024-01-09T15:43:12.0291106+01:00" endTime="2024-01-09T15:43:12.0759836+01:00" testType="13cdc9d9-ddb5-4fa4-a97d-d965ccfc6d4b" outcome="Passed" testListId="8c84fa94-04c1-424b-9868-57a2d4851a1d" relativeResultsDirectory="c3610f12-8205-4cd2-ba12-d8e9826564f5" />
    <UnitTestResult executionId="a0067db9-7097-4c3b-a672-eb52b70a8a12" testId="ea205de9-6749-c7ef-14e7-22264f57c46c" testName="FilterAsync_ReturnsNoItems" computerName="DKSR-EFI-06" duration="00:00:00.0079484" startTime="2024-01-09T15:43:05.7790894+01:00" endTime="2024-01-09T15:43:05.7947122+01:00" testType="13cdc9d9-ddb5-4fa4-a97d-d965ccfc6d4b" outcome="Passed" testListId="8c84fa94-04c1-424b-9868-57a2d4851a1d" relativeResultsDirectory="a0067db9-7097-4c3b-a672-eb52b70a8a12" />
    <UnitTestResult executionId="d0c35f19-a174-41c6-beb5-aac0580b49bc" testId="d6f766be-1c50-7ddb-6fe3-b017cbd1ac3b" testName="Clear_TestClearsIndexers" computerName="DKSR-EFI-06" duration="00:00:00.0017340" startTime="2024-01-09T15:43:05.9353364+01:00" endTime="2024-01-09T15:43:05.9353364+01:00" testType="13cdc9d9-ddb5-4fa4-a97d-d965ccfc6d4b" outcome="Passed" testListId="8c84fa94-04c1-424b-9868-57a2d4851a1d" relativeResultsDirectory="d0c35f19-a174-41c6-beb5-aac0580b49bc" />
    <UnitTestResult executionId="9f3ac34c-b70a-4f09-9d3a-70e5c9954d80" testId="628acf57-7e99-e0c2-5d80-a39c1d7710ca" testName="TestConstructor_Success" computerName="DKSR-EFI-06" duration="00:00:00.0003417" startTime="2024-01-09T15:43:10.2009762+01:00" endTime="2024-01-09T15:43:10.2009762+01:00" testType="13cdc9d9-ddb5-4fa4-a97d-d965ccfc6d4b" outcome="Passed" testListId="8c84fa94-04c1-424b-9868-57a2d4851a1d" relativeResultsDirectory="9f3ac34c-b70a-4f09-9d3a-70e5c9954d80" />
    <UnitTestResult executionId="8e7cf9cf-a924-4870-ab51-57216cc2d4d4" testId="2a2d9806-dab7-0fee-a434-4d24eb4cbd83" testName="TestWcfObject_GetWcfObject_Success" computerName="DKSR-EFI-06" duration="00:00:00.0012721" startTime="2024-01-09T15:43:10.2478525+01:00" endTime="2024-01-09T15:43:10.2478525+01:00" testType="13cdc9d9-ddb5-4fa4-a97d-d965ccfc6d4b" outcome="Passed" testListId="8c84fa94-04c1-424b-9868-57a2d4851a1d" relativeResultsDirectory="8e7cf9cf-a924-4870-ab51-57216cc2d4d4" />
    <UnitTestResult executionId="0f81d456-0012-436a-8773-7b7c50be1a58" testId="a3247744-89f4-35dc-16c0-150d01903f01" testName="TestConstructor_ParsingWcfObjectWithNullUpperLeftUpperRightLowerLeftLowerRight_Success" computerName="DKSR-EFI-06" duration="00:00:00.0006544" startTime="2024-01-09T15:43:09.4666005+01:00" endTime="2024-01-09T15:43:09.4666005+01:00" testType="13cdc9d9-ddb5-4fa4-a97d-d965ccfc6d4b" outcome="Passed" testListId="8c84fa94-04c1-424b-9868-57a2d4851a1d" relativeResultsDirectory="0f81d456-0012-436a-8773-7b7c50be1a58" />
    <UnitTestResult executionId="90590825-2d41-4b86-a629-a04e5e82a135" testId="8c2fc1c3-ffae-cb92-62ae-f080b730c76a" testName="TestWcfObject_GetWcfObjectWithNullViewport_Success" computerName="DKSR-EFI-06" duration="00:00:00.0006933" startTime="2024-01-09T15:43:09.3103500+01:00" endTime="2024-01-09T15:43:09.3103500+01:00" testType="13cdc9d9-ddb5-4fa4-a97d-d965ccfc6d4b" outcome="Passed" testListId="8c84fa94-04c1-424b-9868-57a2d4851a1d" relativeResultsDirectory="90590825-2d41-4b86-a629-a04e5e82a135" />
    <UnitTestResult executionId="fe313f8a-94b6-4ca1-b7db-526aa957b6c4" testId="43ca9d34-d402-7033-279f-b43f2b43ba62" testName="TestUpdateProperties_UpdateAllProperties_Success" computerName="DKSR-EFI-06" duration="00:00:00.0005635" startTime="2024-01-09T15:43:09.5759744+01:00" endTime="2024-01-09T15:43:09.5759744+01:00" testType="13cdc9d9-ddb5-4fa4-a97d-d965ccfc6d4b" outcome="Passed" testListId="8c84fa94-04c1-424b-9868-57a2d4851a1d" relativeResultsDirectory="fe313f8a-94b6-4ca1-b7db-526aa957b6c4" />
    <UnitTestResult executionId="fb9a8002-0588-4d4e-b556-5341c449bf8b" testId="0c9aa8b6-9304-dd59-85f1-e44ef127992f" testName="UpdateItem_Disabled_Deletes" computerName="DKSR-EFI-06" duration="00:00:00.0076405" startTime="2024-01-09T15:43:06.5915869+01:00" endTime="2024-01-09T15:43:06.5915869+01:00" testType="13cdc9d9-ddb5-4fa4-a97d-d965ccfc6d4b" outcome="Passed" testListId="8c84fa94-04c1-424b-9868-57a2d4851a1d" relativeResultsDirectory="fb9a8002-0588-4d4e-b556-5341c449bf8b" />
    <UnitTestResult executionId="a6083454-2026-4a5e-a7f7-50665a7cab59" testId="f37f5b79-d351-3e25-99e3-e4e60c5d6c6d" testName="Constructor_ItemConnectionsSet" computerName="DKSR-EFI-06" duration="00:00:00.0015973" startTime="2024-01-09T15:43:12.3572780+01:00" endTime="2024-01-09T15:43:12.3572780+01:00" testType="13cdc9d9-ddb5-4fa4-a97d-d965ccfc6d4b" outcome="Passed" testListId="8c84fa94-04c1-424b-9868-57a2d4851a1d" relativeResultsDirectory="a6083454-2026-4a5e-a7f7-50665a7cab59" />
    <UnitTestResult executionId="d8587708-2f05-4001-9cef-caad87b19d8e" testId="2f23cad2-3f5b-57a6-787b-0ce6ac6f9de4" testName="TestUpdateBuildings_Exception_Failure" computerName="DKSR-EFI-06" duration="00:00:00.0049814" startTime="2024-01-09T15:43:08.0290951+01:00" endTime="2024-01-09T15:43:08.0447191+01:00" testType="13cdc9d9-ddb5-4fa4-a97d-d965ccfc6d4b" outcome="Passed" testListId="8c84fa94-04c1-424b-9868-57a2d4851a1d" relativeResultsDirectory="d8587708-2f05-4001-9cef-caad87b19d8e" />
    <UnitTestResult executionId="a1cb9d58-869d-46e1-9da1-8cfc5e5fd30e" testId="e39289e7-df4e-1a22-74d8-c48f8fdbeef7" testName="GetItem_WhenCorrectId_ReturnsItem" computerName="DKSR-EFI-06" duration="00:00:00.0020470" startTime="2024-01-09T15:43:05.9509602+01:00" endTime="2024-01-09T15:43:05.9509602+01:00" testType="13cdc9d9-ddb5-4fa4-a97d-d965ccfc6d4b" outcome="Passed" testListId="8c84fa94-04c1-424b-9868-57a2d4851a1d" relativeResultsDirectory="a1cb9d58-869d-46e1-9da1-8cfc5e5fd30e" />
    <UnitTestResult executionId="c39fc37f-ea31-432b-abf7-cee87e95df1c" testId="79b6c85e-0b7d-cb65-82e7-89f5d068ffea" testName="TestFactory_Success" computerName="DKSR-EFI-06" duration="00:00:00.0004411" startTime="2024-01-09T15:43:12.6384838+01:00" endTime="2024-01-09T15:43:12.6384838+01:00" testType="13cdc9d9-ddb5-4fa4-a97d-d965ccfc6d4b" outcome="Passed" testListId="8c84fa94-04c1-424b-9868-57a2d4851a1d" relativeResultsDirectory="c39fc37f-ea31-432b-abf7-cee87e95df1c" />
    <UnitTestResult executionId="0e12d441-ca86-4870-9022-0034d7f64dfe" testId="0d667e6c-d319-5f2a-2703-774599695c78" testName="TestProperties_GetProperties_Success" computerName="DKSR-EFI-06" duration="00:00:00.0031683" startTime="2024-01-09T15:43:09.9509768+01:00" endTime="2024-01-09T15:43:09.9509768+01:00" testType="13cdc9d9-ddb5-4fa4-a97d-d965ccfc6d4b" outcome="Passed" testListId="8c84fa94-04c1-424b-9868-57a2d4851a1d" relativeResultsDirectory="0e12d441-ca86-4870-9022-0034d7f64dfe" />
    <UnitTestResult executionId="4caa8f36-1310-424c-aa79-b508af139908" testId="e1b84cfd-ea18-1fb0-2210-40fdc3a88771" testName="TestUpdateLevel_NoUpdates_Failure" computerName="DKSR-EFI-06" duration="00:00:00.0173929" startTime="2024-01-09T15:43:08.3728472+01:00" endTime="2024-01-09T15:43:08.3884720+01:00" testType="13cdc9d9-ddb5-4fa4-a97d-d965ccfc6d4b" outcome="Passed" testListId="8c84fa94-04c1-424b-9868-57a2d4851a1d" relativeResultsDirectory="4caa8f36-1310-424c-aa79-b508af139908" />
    <UnitTestResult executionId="b74f6f47-5f2a-41c2-ac3e-a74f3ff71d98" testId="e2d2317a-47a7-3cda-ea7e-01c7d425d8a7" testName="TestPropertyNames_GettingPropertyNames_Success" computerName="DKSR-EFI-06" duration="00:00:00.0004379" startTime="2024-01-09T15:43:09.5603488+01:00" endTime="2024-01-09T15:43:09.5759744+01:00" testType="13cdc9d9-ddb5-4fa4-a97d-d965ccfc6d4b" outcome="Passed" testListId="8c84fa94-04c1-424b-9868-57a2d4851a1d" relativeResultsDirectory="b74f6f47-5f2a-41c2-ac3e-a74f3ff71d98" />
    <UnitTestResult executionId="2622482f-7143-4a40-8a75-99860cb6c89f" testId="d6e582e8-e39f-b2ee-ec4e-bf584393feaf" testName="TestConstructor_ParsingWcfObjectWithNull_Success" computerName="DKSR-EFI-06" duration="00:00:00.0015746" startTime="2024-01-09T15:43:11.1228567+01:00" endTime="2024-01-09T15:43:11.1228567+01:00" testType="13cdc9d9-ddb5-4fa4-a97d-d965ccfc6d4b" outcome="Passed" testListId="8c84fa94-04c1-424b-9868-57a2d4851a1d" relativeResultsDirectory="2622482f-7143-4a40-8a75-99860cb6c89f" />
    <UnitTestResult executionId="08db5b33-fb8f-4eb7-8703-5a65d7f1ed4d" testId="30d234e3-d8e4-6f41-9375-34f1b00cb21b" testName="TestAddLevel_SQLException_UniqueKeyViolation_Failure" computerName="DKSR-EFI-06" duration="00:00:00.0044292" startTime="2024-01-09T15:43:08.1853473+01:00" endTime="2024-01-09T15:43:08.1853473+01:00" testType="13cdc9d9-ddb5-4fa4-a97d-d965ccfc6d4b" outcome="Passed" testListId="8c84fa94-04c1-424b-9868-57a2d4851a1d" relativeResultsDirectory="08db5b33-fb8f-4eb7-8703-5a65d7f1ed4d" />
    <UnitTestResult executionId="2b02e0e4-1616-41f1-987b-3703537dfff6" testId="1391fee0-5b61-1dfa-44f2-d6df660a3b0b" testName="TestConstructor_ParsingWcfObjectWithNull_Success" computerName="DKSR-EFI-06" duration="00:00:00.0006247" startTime="2024-01-09T15:43:09.4197254+01:00" endTime="2024-01-09T15:43:09.4197254+01:00" testType="13cdc9d9-ddb5-4fa4-a97d-d965ccfc6d4b" outcome="Passed" testListId="8c84fa94-04c1-424b-9868-57a2d4851a1d" relativeResultsDirectory="2b02e0e4-1616-41f1-987b-3703537dfff6" />
    <UnitTestResult executionId="42f63dde-31ff-4f11-b4d0-5f0997c391b0" testId="71fc6305-6d45-312e-3256-a6c3d4d7310c" testName="TestWcfObject_GetWcfObjectWithNullUpperLeftAndNullLowerRight_Success" computerName="DKSR-EFI-06" duration="00:00:00.0005129" startTime="2024-01-09T15:43:09.4353486+01:00" endTime="2024-01-09T15:43:09.4353486+01:00" testType="13cdc9d9-ddb5-4fa4-a97d-d965ccfc6d4b" outcome="Passed" testListId="8c84fa94-04c1-424b-9868-57a2d4851a1d" relativeResultsDirectory="42f63dde-31ff-4f11-b4d0-5f0997c391b0" />
    <UnitTestResult executionId="d731b3e4-973a-405e-b74c-bebcc783eb41" testId="fed09793-9c3a-9343-02da-e21f2e2fd308" testName="TestConstructor_ParsingWcfObject_Success" computerName="DKSR-EFI-06" duration="00:00:00.0011856" startTime="2024-01-09T15:43:10.2166030+01:00" endTime="2024-01-09T15:43:10.2166030+01:00" testType="13cdc9d9-ddb5-4fa4-a97d-d965ccfc6d4b" outcome="Passed" testListId="8c84fa94-04c1-424b-9868-57a2d4851a1d" relativeResultsDirectory="d731b3e4-973a-405e-b74c-bebcc783eb41" />
    <UnitTestResult executionId="46b056a1-cc61-4578-87ee-bd2289f8cfab" testId="71060007-55e0-b160-6c14-41d2191d62cc" testName="TestConstructor_ParsingWcfObjectWithoutTransformInfo_Success" computerName="DKSR-EFI-06" duration="00:00:00.0006631" startTime="2024-01-09T15:43:10.4978548+01:00" endTime="2024-01-09T15:43:10.4978548+01:00" testType="13cdc9d9-ddb5-4fa4-a97d-d965ccfc6d4b" outcome="Passed" testListId="8c84fa94-04c1-424b-9868-57a2d4851a1d" relativeResultsDirectory="46b056a1-cc61-4578-87ee-bd2289f8cfab" />
    <UnitTestResult executionId="3f218bc6-a8c3-4a80-8594-901740778a54" testId="9fc058b5-5450-12d9-8d4a-ccf8735abd5f" testName="AddItem_Levels" computerName="DKSR-EFI-06" duration="00:00:00.0035743" startTime="2024-01-09T15:43:12.3728569+01:00" endTime="2024-01-09T15:43:12.3886400+01:00" testType="13cdc9d9-ddb5-4fa4-a97d-d965ccfc6d4b" outcome="Passed" testListId="8c84fa94-04c1-424b-9868-57a2d4851a1d" relativeResultsDirectory="3f218bc6-a8c3-4a80-8594-901740778a54" />
    <UnitTestResult executionId="01a12ef8-497a-4211-8336-49a1a6b06f87" testId="4efece0c-610b-ae49-3b7c-a171e539941a" testName="TestQueryBuildingByBuildingId_ZeroRows_Failure" computerName="DKSR-EFI-06" duration="00:00:00.0134703" startTime="2024-01-09T15:43:07.2009669+01:00" endTime="2024-01-09T15:43:07.2165918+01:00" testType="13cdc9d9-ddb5-4fa4-a97d-d965ccfc6d4b" outcome="Passed" testListId="8c84fa94-04c1-424b-9868-57a2d4851a1d" relativeResultsDirectory="01a12ef8-497a-4211-8336-49a1a6b06f87" />
    <UnitTestResult executionId="2bdc17e1-77d2-49ac-a79a-e9c09c92df55" testId="1e8c8fa6-6e5a-aad4-7c27-b287906ae7eb" testName="TestUpdateLevel_NullLevel_Failure" computerName="DKSR-EFI-06" duration="00:00:00.0020105" startTime="2024-01-09T15:43:08.4040961+01:00" endTime="2024-01-09T15:43:08.4040961+01:00" testType="13cdc9d9-ddb5-4fa4-a97d-d965ccfc6d4b" outcome="Passed" testListId="8c84fa94-04c1-424b-9868-57a2d4851a1d" relativeResultsDirectory="2bdc17e1-77d2-49ac-a79a-e9c09c92df55" />
    <UnitTestResult executionId="e0d93527-812c-4273-bf56-16d8a82a9fc7" testId="e750ff11-8e6d-9112-ff5b-77deeafbd511" testName="TestWcfObject_ConvertToWcfObjectWithNullPosition_Success" computerName="DKSR-EFI-06" duration="00:00:00.0051139" startTime="2024-01-09T15:43:09.7322291+01:00" endTime="2024-01-09T15:43:09.7322291+01:00" testType="13cdc9d9-ddb5-4fa4-a97d-d965ccfc6d4b" outcome="Passed" testListId="8c84fa94-04c1-424b-9868-57a2d4851a1d" relativeResultsDirectory="e0d93527-812c-4273-bf56-16d8a82a9fc7" />
    <UnitTestResult executionId="ecdcf079-2531-4f6b-b707-2f2493de684a" testId="0e546871-92ca-2379-fab8-fca184e7cd10" testName="TestConstructor_ParsingWcfObject_Success" computerName="DKSR-EFI-06" duration="00:00:00.0008061" startTime="2024-01-09T15:43:10.4978548+01:00" endTime="2024-01-09T15:43:10.4978548+01:00" testType="13cdc9d9-ddb5-4fa4-a97d-d965ccfc6d4b" outcome="Passed" testListId="8c84fa94-04c1-424b-9868-57a2d4851a1d" relativeResultsDirectory="ecdcf079-2531-4f6b-b707-2f2493de684a" />
    <UnitTestResult executionId="3c4b1653-6b89-4bb6-becc-68952fba4a88" testId="80efc0c9-dbbe-5e7f-5fb7-2414b5b4faf7" testName="TestProperties_GetProperties_Success" computerName="DKSR-EFI-06" duration="00:00:00.0011723" startTime="2024-01-09T15:43:10.9197320+01:00" endTime="2024-01-09T15:43:10.9197320+01:00" testType="13cdc9d9-ddb5-4fa4-a97d-d965ccfc6d4b" outcome="Passed" testListId="8c84fa94-04c1-424b-9868-57a2d4851a1d" relativeResultsDirectory="3c4b1653-6b89-4bb6-becc-68952fba4a88" />
    <UnitTestResult executionId="ffd83436-0133-4e59-adb0-8448eddd7af5" testId="19754d99-5a9a-8b2e-522b-5437c09b728b" testName="TestConstructor" computerName="DKSR-EFI-06" duration="00:00:00.0015792" startTime="2024-01-09T15:43:09.1228507+01:00" endTime="2024-01-09T15:43:09.1228507+01:00" testType="13cdc9d9-ddb5-4fa4-a97d-d965ccfc6d4b" outcome="Passed" testListId="8c84fa94-04c1-424b-9868-57a2d4851a1d" relativeResultsDirectory="ffd83436-0133-4e59-adb0-8448eddd7af5" />
    <UnitTestResult executionId="b7463710-876d-4d9c-b820-a47564bfadbb" testId="eecb6157-cc70-87ec-5910-c7f31d468748" testName="TestPropertyNames_GettingPropertyNames_Success" computerName="DKSR-EFI-06" duration="00:00:00.0007693" startTime="2024-01-09T15:43:10.4353555+01:00" endTime="2024-01-09T15:43:10.4353555+01:00" testType="13cdc9d9-ddb5-4fa4-a97d-d965ccfc6d4b" outcome="Passed" testListId="8c84fa94-04c1-424b-9868-57a2d4851a1d" relativeResultsDirectory="b7463710-876d-4d9c-b820-a47564bfadbb" />
    <UnitTestResult executionId="10da6b2a-d188-420a-8116-ef0f67b4d171" testId="1225bd79-d039-d362-fc23-701b362c77ef" testName="TestConstructor_ParsingWcfObjectWithNull_Success" computerName="DKSR-EFI-06" duration="00:00:00.0005571" startTime="2024-01-09T15:43:10.2322277+01:00" endTime="2024-01-09T15:43:10.2322277+01:00" testType="13cdc9d9-ddb5-4fa4-a97d-d965ccfc6d4b" outcome="Passed" testListId="8c84fa94-04c1-424b-9868-57a2d4851a1d" relativeResultsDirectory="10da6b2a-d188-420a-8116-ef0f67b4d171" />
    <UnitTestResult executionId="a34fb76c-c529-41fb-9358-d77b3b75cdd3" testId="066390a6-0c18-98b7-6f8e-ce212a91b6c9" testName="AddNewItem_Success" computerName="DKSR-EFI-06" duration="00:00:00.0161475" startTime="2024-01-09T15:43:06.4978384+01:00" endTime="2024-01-09T15:43:06.5134625+01:00" testType="13cdc9d9-ddb5-4fa4-a97d-d965ccfc6d4b" outcome="Passed" testListId="8c84fa94-04c1-424b-9868-57a2d4851a1d" relativeResultsDirectory="a34fb76c-c529-41fb-9358-d77b3b75cdd3" />
    <UnitTestResult executionId="72578aa0-5f0d-469f-af60-13fe27fc0c50" testId="61cb0c64-d1e1-e43f-2b31-f68c6eb75f82" testName="TestReorderLevels_NonUniqueBuildingId_Failure" computerName="DKSR-EFI-06" duration="00:00:00.0050688" startTime="2024-01-09T15:43:08.6228479+01:00" endTime="2024-01-09T15:43:08.6228479+01:00" testType="13cdc9d9-ddb5-4fa4-a97d-d965ccfc6d4b" outcome="Passed" testListId="8c84fa94-04c1-424b-9868-57a2d4851a1d" relativeResultsDirectory="72578aa0-5f0d-469f-af60-13fe27fc0c50" />
    <UnitTestResult executionId="7a5de48b-bc75-41e4-b76a-02c074cbdbbe" testId="83b4ca69-9612-d0a8-ed16-13285ba555a1" testName="TestProperties_GetProperties_Success" computerName="DKSR-EFI-06" duration="00:00:00.0013926" startTime="2024-01-09T15:43:09.4978504+01:00" endTime="2024-01-09T15:43:09.4978504+01:00" testType="13cdc9d9-ddb5-4fa4-a97d-d965ccfc6d4b" outcome="Passed" testListId="8c84fa94-04c1-424b-9868-57a2d4851a1d" relativeResultsDirectory="7a5de48b-bc75-41e4-b76a-02c074cbdbbe" />
    <UnitTestResult executionId="7cc80768-1f88-448d-b2c5-9906b4598f90" testId="dc5fe6b3-eebf-53e9-38d5-0e5a011c216c" testName="TestAuditLog_AuditLogWithNullItemAuditParameters_Failure" computerName="DKSR-EFI-06" duration="00:00:00.0017091" startTime="2024-01-09T15:43:09.5916011+01:00" endTime="2024-01-09T15:43:09.5916011+01:00" testType="13cdc9d9-ddb5-4fa4-a97d-d965ccfc6d4b" outcome="Passed" testListId="8c84fa94-04c1-424b-9868-57a2d4851a1d" relativeResultsDirectory="7cc80768-1f88-448d-b2c5-9906b4598f90" />
    <UnitTestResult executionId="0a1f9a0f-1734-43cc-b495-2e0250804522" testId="1fbb432e-553f-c32f-e56e-0a9a6e42ffe9" testName="TestConstructor_Success" computerName="DKSR-EFI-06" duration="00:00:00.0004867" startTime="2024-01-09T15:43:10.4822282+01:00" endTime="2024-01-09T15:43:10.4822282+01:00" testType="13cdc9d9-ddb5-4fa4-a97d-d965ccfc6d4b" outcome="Passed" testListId="8c84fa94-04c1-424b-9868-57a2d4851a1d" relativeResultsDirectory="0a1f9a0f-1734-43cc-b495-2e0250804522" />
    <UnitTestResult executionId="8ffe62e3-6258-4e19-84ee-758f3c8ef2ca" testId="d8387385-ee97-e212-c9fc-5801ffa0d666" testName="TestAuditLog_AuditLogLayerRemoved_Success" computerName="DKSR-EFI-06" duration="00:00:00.0047069" startTime="2024-01-09T15:43:10.5447289+01:00" endTime="2024-01-09T15:43:10.5603528+01:00" testType="13cdc9d9-ddb5-4fa4-a97d-d965ccfc6d4b" outcome="Passed" testListId="8c84fa94-04c1-424b-9868-57a2d4851a1d" relativeResultsDirectory="8ffe62e3-6258-4e19-84ee-758f3c8ef2ca" />
    <UnitTestResult executionId="bd155651-012e-4eff-b21b-24ca2c180899" testId="ac65f872-586a-672d-5e21-8e896a1efa14" testName="TestWcfObject_ConvertToWcfObjectSelfCrossingLines_Success" computerName="DKSR-EFI-06" duration="00:00:00.0012876" startTime="2024-01-09T15:43:12.7166100+01:00" endTime="2024-01-09T15:43:12.7166100+01:00" testType="13cdc9d9-ddb5-4fa4-a97d-d965ccfc6d4b" outcome="Passed" testListId="8c84fa94-04c1-424b-9868-57a2d4851a1d" relativeResultsDirectory="bd155651-012e-4eff-b21b-24ca2c180899" />
    <UnitTestResult executionId="d74c135f-13ce-450b-a42c-850f0fae5584" testId="52c0751c-fa17-4f18-620a-1832d6f071ad" testName="TestPropertyNames_GettingPropertyNames_Success" computerName="DKSR-EFI-06" duration="00:00:00.0005822" startTime="2024-01-09T15:43:10.0291017+01:00" endTime="2024-01-09T15:43:10.0291017+01:00" testType="13cdc9d9-ddb5-4fa4-a97d-d965ccfc6d4b" outcome="Passed" testListId="8c84fa94-04c1-424b-9868-57a2d4851a1d" relativeResultsDirectory="d74c135f-13ce-450b-a42c-850f0fae5584" />
    <UnitTestResult executionId="4223f407-49b3-414d-8dfc-81c1a520d384" testId="73d5f157-b67c-059a-2447-5c77364d7e8b" testName="Add_WhenExistingKind_NotInitializesIndex" computerName="DKSR-EFI-06" duration="00:00:00.0031631" startTime="2024-01-09T15:43:05.9978346+01:00" endTime="2024-01-09T15:43:05.9978346+01:00" testType="13cdc9d9-ddb5-4fa4-a97d-d965ccfc6d4b" outcome="Passed" testListId="8c84fa94-04c1-424b-9868-57a2d4851a1d" relativeResultsDirectory="4223f407-49b3-414d-8dfc-81c1a520d384" />
    <UnitTestResult executionId="4bc991b5-fe3f-4aa7-b1e5-33c2a2955b1c" testId="57413277-6e73-a6ec-8287-b7d3e305b5ba" testName="TestUpdateBuilding_MultipleRows_Failure" computerName="DKSR-EFI-06" duration="00:00:00.0155842" startTime="2024-01-09T15:43:07.8572202+01:00" endTime="2024-01-09T15:43:07.8728437+01:00" testType="13cdc9d9-ddb5-4fa4-a97d-d965ccfc6d4b" outcome="Passed" testListId="8c84fa94-04c1-424b-9868-57a2d4851a1d" relativeResultsDirectory="4bc991b5-fe3f-4aa7-b1e5-33c2a2955b1c" />
    <UnitTestResult executionId="603292bd-b3da-422c-be4d-09f85f472c27" testId="da6a80e7-4aab-f0eb-010a-506b0c4936a9" testName="TestUpdateBuilding_NullOutline_Success" computerName="DKSR-EFI-06" duration="00:00:00.0257386" startTime="2024-01-09T15:43:07.7947171+01:00" endTime="2024-01-09T15:43:07.8259675+01:00" testType="13cdc9d9-ddb5-4fa4-a97d-d965ccfc6d4b" outcome="Passed" testListId="8c84fa94-04c1-424b-9868-57a2d4851a1d" relativeResultsDirectory="603292bd-b3da-422c-be4d-09f85f472c27" />
    <UnitTestResult executionId="7bf26e1f-f238-410e-b7b0-6e5733df8966" testId="7b87f874-d919-2ac5-02d2-23671531fba1" testName="TestAuditLog_AuditLogWithNullAuditLogger_Failure" computerName="DKSR-EFI-06" duration="00:00:00.0028923" startTime="2024-01-09T15:43:10.5291057+01:00" endTime="2024-01-09T15:43:10.5291057+01:00" testType="13cdc9d9-ddb5-4fa4-a97d-d965ccfc6d4b" outcome="Passed" testListId="8c84fa94-04c1-424b-9868-57a2d4851a1d" relativeResultsDirectory="7bf26e1f-f238-410e-b7b0-6e5733df8966" />
    <UnitTestResult executionId="0689bc8c-42af-4ba8-b576-7667cbc1cb45" testId="def93bc1-1d00-221e-ff3a-72fa3b306e12" testName="TestAuditLog_AuditLogBuildingDefaultChanged_Success" computerName="DKSR-EFI-06" duration="00:00:00.0092541" startTime="2024-01-09T15:43:12.7634854+01:00" endTime="2024-01-09T15:43:12.7791109+01:00" testType="13cdc9d9-ddb5-4fa4-a97d-d965ccfc6d4b" outcome="Passed" testListId="8c84fa94-04c1-424b-9868-57a2d4851a1d" relativeResultsDirectory="0689bc8c-42af-4ba8-b576-7667cbc1cb45" />
    <UnitTestResult executionId="59077c40-4c82-4f43-8fb0-4af697441c47" testId="4042113f-4b83-0085-6b09-7141055d9279" testName="GetItemsWithin" computerName="DKSR-EFI-06" duration="00:00:00.2663835" startTime="2024-01-09T15:43:11.7166072+01:00" endTime="2024-01-09T15:43:11.9822326+01:00" testType="13cdc9d9-ddb5-4fa4-a97d-d965ccfc6d4b" outcome="Passed" testListId="8c84fa94-04c1-424b-9868-57a2d4851a1d" relativeResultsDirectory="59077c40-4c82-4f43-8fb0-4af697441c47" />
    <UnitTestResult executionId="b23d9bb3-60fe-446f-b272-f30c23dc9f39" testId="72a58601-6a0b-286c-f611-d0390f38d4b1" testName="TestConstructor_EmptyName_Failure" computerName="DKSR-EFI-06" duration="00:00:00.0005321" startTime="2024-01-09T15:43:06.6540895+01:00" endTime="2024-01-09T15:43:06.6540895+01:00" testType="13cdc9d9-ddb5-4fa4-a97d-d965ccfc6d4b" outcome="Passed" testListId="8c84fa94-04c1-424b-9868-57a2d4851a1d" relativeResultsDirectory="b23d9bb3-60fe-446f-b272-f30c23dc9f39" />
    <UnitTestResult executionId="c1cd9ea8-e3a4-4432-afe2-e43d84b7c5f6" testId="79cd390f-82e9-a0ad-b31f-33e0e0bcb389" testName="TestAuditLog_AuditLogWithNullItemAuditParameters_Failure" computerName="DKSR-EFI-06" duration="00:00:00.0020394" startTime="2024-01-09T15:43:10.5291057+01:00" endTime="2024-01-09T15:43:10.5447289+01:00" testType="13cdc9d9-ddb5-4fa4-a97d-d965ccfc6d4b" outcome="Passed" testListId="8c84fa94-04c1-424b-9868-57a2d4851a1d" relativeResultsDirectory="c1cd9ea8-e3a4-4432-afe2-e43d84b7c5f6" />
    <UnitTestResult executionId="63f0a32f-f066-47c9-8fb5-08fc39a97515" testId="f8b3dabf-0f19-9e05-2f20-874d753a8128" testName="TestProperties_GetProperties_Success" computerName="DKSR-EFI-06" duration="00:00:00.0009212" startTime="2024-01-09T15:43:10.4509783+01:00" endTime="2024-01-09T15:43:10.4509783+01:00" testType="13cdc9d9-ddb5-4fa4-a97d-d965ccfc6d4b" outcome="Passed" testListId="8c84fa94-04c1-424b-9868-57a2d4851a1d" relativeResultsDirectory="63f0a32f-f066-47c9-8fb5-08fc39a97515" />
    <UnitTestResult executionId="043e625c-0af0-44ce-967b-76d629306100" testId="10c9a457-cb36-9c66-57cc-73a8ab3286b0" testName="TestAuditLog_AuditLogChanged_AddingRemovingLegacyLinkChangingTargetServiceId_Success" computerName="DKSR-EFI-06" duration="00:00:00.0177008" startTime="2024-01-09T15:43:10.8728571+01:00" endTime="2024-01-09T15:43:10.8884813+01:00" testType="13cdc9d9-ddb5-4fa4-a97d-d965ccfc6d4b" outcome="Passed" testListId="8c84fa94-04c1-424b-9868-57a2d4851a1d" relativeResultsDirectory="043e625c-0af0-44ce-967b-76d629306100" />
    <UnitTestResult executionId="64734768-572c-48d9-b3f8-efb5636c2cea" testId="c6033b07-486f-3d82-e115-16884ba6fd5c" testName="TestPropertyNames_GettingPropertyNames_Success" computerName="DKSR-EFI-06" duration="00:00:00.0012784" startTime="2024-01-09T15:43:09.4822230+01:00" endTime="2024-01-09T15:43:09.4822230+01:00" testType="13cdc9d9-ddb5-4fa4-a97d-d965ccfc6d4b" outcome="Passed" testListId="8c84fa94-04c1-424b-9868-57a2d4851a1d" relativeResultsDirectory="64734768-572c-48d9-b3f8-efb5636c2cea" />
    <UnitTestResult executionId="37685158-bd6c-4aac-9f1e-d5d5235db4d8" testId="2765213b-23be-1437-a0da-b0abdf853349" testName="TestAuditLog_AuditLogLevelChanged_Success" computerName="DKSR-EFI-06" duration="00:00:00.0134175" startTime="2024-01-09T15:43:12.8572353+01:00" endTime="2024-01-09T15:43:12.8728604+01:00" testType="13cdc9d9-ddb5-4fa4-a97d-d965ccfc6d4b" outcome="Passed" testListId="8c84fa94-04c1-424b-9868-57a2d4851a1d" relativeResultsDirectory="37685158-bd6c-4aac-9f1e-d5d5235db4d8" />
    <UnitTestResult executionId="3a63ef51-9630-4583-a2ec-02506a233ffd" testId="7cee938e-4726-ecfc-427c-4cc906afc6df" testName="TestQueryKindsVisibility_OneKind_Success" computerName="DKSR-EFI-06" duration="00:00:00.0118095" startTime="2024-01-09T15:43:09.1228507+01:00" endTime="2024-01-09T15:43:09.1384759+01:00" testType="13cdc9d9-ddb5-4fa4-a97d-d965ccfc6d4b" outcome="Passed" testListId="8c84fa94-04c1-424b-9868-57a2d4851a1d" relativeResultsDirectory="3a63ef51-9630-4583-a2ec-02506a233ffd" />
    <UnitTestResult executionId="bd854601-3cae-4365-b5ff-c11b9bd61115" testId="4c18361d-692a-8703-c9f0-ec2f36e6cc36" testName="TestAuditLog_AuditLogItemAddedWithEmptyLocation_Success" computerName="DKSR-EFI-06" duration="00:00:00.0051238" startTime="2024-01-09T15:43:10.9353551+01:00" endTime="2024-01-09T15:43:10.9509794+01:00" testType="13cdc9d9-ddb5-4fa4-a97d-d965ccfc6d4b" outcome="Passed" testListId="8c84fa94-04c1-424b-9868-57a2d4851a1d" relativeResultsDirectory="bd854601-3cae-4365-b5ff-c11b9bd61115" />
    <UnitTestResult executionId="607ad63f-acdc-4a4e-8468-316e53080ffd" testId="07b80e63-7c2f-589b-2e04-4e8029babfad" testName="Send_Empty_NotSent" computerName="DKSR-EFI-06" duration="00:00:00.0003817" startTime="2024-01-09T15:43:05.7322126+01:00" endTime="2024-01-09T15:43:05.7322126+01:00" testType="13cdc9d9-ddb5-4fa4-a97d-d965ccfc6d4b" outcome="Passed" testListId="8c84fa94-04c1-424b-9868-57a2d4851a1d" relativeResultsDirectory="607ad63f-acdc-4a4e-8468-316e53080ffd" />
    <UnitTestResult executionId="a1d0be11-aa4b-4199-909a-0cb748bbe395" testId="f434da66-320a-7547-60e6-80235a87abc4" testName="TestWcfObject_GetWcfObject_Success" computerName="DKSR-EFI-06" duration="00:00:00.0009129" startTime="2024-01-09T15:43:10.2791034+01:00" endTime="2024-01-09T15:43:10.2791034+01:00" testType="13cdc9d9-ddb5-4fa4-a97d-d965ccfc6d4b" outcome="Passed" testListId="8c84fa94-04c1-424b-9868-57a2d4851a1d" relativeResultsDirectory="a1d0be11-aa4b-4199-909a-0cb748bbe395" />
    <UnitTestResult executionId="fc090b9f-fee0-449d-b3ac-d47a0d67e497" testId="b2931be2-9ec6-7ce5-6548-609b3ce1a9c8" testName="TestPropertyNames_GettingPropertyNames_Success" computerName="DKSR-EFI-06" duration="00:00:00.0005898" startTime="2024-01-09T15:43:10.4666039+01:00" endTime="2024-01-09T15:43:10.4666039+01:00" testType="13cdc9d9-ddb5-4fa4-a97d-d965ccfc6d4b" outcome="Passed" testListId="8c84fa94-04c1-424b-9868-57a2d4851a1d" relativeResultsDirectory="fc090b9f-fee0-449d-b3ac-d47a0d67e497" />
    <UnitTestResult executionId="f92cfb21-ecc0-488b-a555-7d0c153f8e86" testId="44129e22-5902-4a49-0032-210cb66ea536" testName="InitializeIndex_5Items_2Clusters" computerName="DKSR-EFI-06" duration="00:00:00.0591736" startTime="2024-01-09T15:43:11.1853563+01:00" endTime="2024-01-09T15:43:11.2478569+01:00" testType="13cdc9d9-ddb5-4fa4-a97d-d965ccfc6d4b" outcome="Passed" testListId="8c84fa94-04c1-424b-9868-57a2d4851a1d" relativeResultsDirectory="f92cfb21-ecc0-488b-a555-7d0c153f8e86" />
    <UnitTestResult executionId="4ae8f98e-7009-4815-a822-bc868c278201" testId="b247f828-c4c9-ff77-3c8b-b73d97d2769b" testName="TestConstructor_ParsingWcfObject_Success" computerName="DKSR-EFI-06" duration="00:00:00.0016162" startTime="2024-01-09T15:43:10.1697282+01:00" endTime="2024-01-09T15:43:10.1697282+01:00" testType="13cdc9d9-ddb5-4fa4-a97d-d965ccfc6d4b" outcome="Passed" testListId="8c84fa94-04c1-424b-9868-57a2d4851a1d" relativeResultsDirectory="4ae8f98e-7009-4815-a822-bc868c278201" />
    <UnitTestResult executionId="a049f252-ac51-4d85-819a-8a9a5288428d" testId="34d2567d-7bf6-dea3-25f7-4ceefb27ffbc" testName="TestAuditLog_NullLevelAuditParameters_Failure" computerName="DKSR-EFI-06" duration="00:00:00.0016812" startTime="2024-01-09T15:43:12.8259848+01:00" endTime="2024-01-09T15:43:12.8259848+01:00" testType="13cdc9d9-ddb5-4fa4-a97d-d965ccfc6d4b" outcome="Passed" testListId="8c84fa94-04c1-424b-9868-57a2d4851a1d" relativeResultsDirectory="a049f252-ac51-4d85-819a-8a9a5288428d" />
    <UnitTestResult executionId="11b07082-c1d7-42b7-99ed-276b886fe6c1" testId="2c112109-e6fe-03c3-4742-225cfb638a77" testName="TestUpdateProperties_UpdateAllProperties_Success" computerName="DKSR-EFI-06" duration="00:00:00.0004716" startTime="2024-01-09T15:43:09.8884760+01:00" endTime="2024-01-09T15:43:09.8884760+01:00" testType="13cdc9d9-ddb5-4fa4-a97d-d965ccfc6d4b" outcome="Passed" testListId="8c84fa94-04c1-424b-9868-57a2d4851a1d" relativeResultsDirectory="11b07082-c1d7-42b7-99ed-276b886fe6c1" />
    <UnitTestResult executionId="bfdfc703-2aed-4de4-98a6-36e7b7b85a5e" testId="5748818a-e4fb-d506-37f3-b1d42a9f27d4" testName="TestConstructor_ParsingWcfObjectWithoutExtent_Success" computerName="DKSR-EFI-06" duration="00:00:00.0007918" startTime="2024-01-09T15:43:10.4978548+01:00" endTime="2024-01-09T15:43:10.4978548+01:00" testType="13cdc9d9-ddb5-4fa4-a97d-d965ccfc6d4b" outcome="Passed" testListId="8c84fa94-04c1-424b-9868-57a2d4851a1d" relativeResultsDirectory="bfdfc703-2aed-4de4-98a6-36e7b7b85a5e" />
    <UnitTestResult executionId="5e9db462-12c0-4515-aab0-22d29bae15de" testId="518aa60d-70ea-c078-7267-9254ad099443" testName="TestWcfObject_GetWcfObject_Success" computerName="DKSR-EFI-06" duration="00:00:00.0021753" startTime="2024-01-09T15:43:09.3103500+01:00" endTime="2024-01-09T15:43:09.3103500+01:00" testType="13cdc9d9-ddb5-4fa4-a97d-d965ccfc6d4b" outcome="Passed" testListId="8c84fa94-04c1-424b-9868-57a2d4851a1d" relativeResultsDirectory="5e9db462-12c0-4515-aab0-22d29bae15de" />
    <UnitTestResult executionId="1eb4eccf-0bdf-4bf4-ab61-fe398c2ffb1a" testId="1109a24e-6a8a-6b7e-ba0b-d040bc00fa21" testName="TestConstructor_ParsingWcfObjectWithNull_Success" computerName="DKSR-EFI-06" duration="00:00:00.0005878" startTime="2024-01-09T15:43:10.0759811+01:00" endTime="2024-01-09T15:43:10.0759811+01:00" testType="13cdc9d9-ddb5-4fa4-a97d-d965ccfc6d4b" outcome="Passed" testListId="8c84fa94-04c1-424b-9868-57a2d4851a1d" relativeResultsDirectory="1eb4eccf-0bdf-4bf4-ab61-fe398c2ffb1a" />
    <UnitTestResult executionId="62c0eec5-9875-4a95-8a37-0279ad3941fe" testId="8181e78a-574d-c8c0-84ae-90ed41d2011e" testName="TestWcfObject_GetWcfObjectWithoutExtent_Success" computerName="DKSR-EFI-06" duration="00:00:00.0003641" startTime="2024-01-09T15:43:10.4041027+01:00" endTime="2024-01-09T15:43:10.4041027+01:00" testType="13cdc9d9-ddb5-4fa4-a97d-d965ccfc6d4b" outcome="Passed" testListId="8c84fa94-04c1-424b-9868-57a2d4851a1d" relativeResultsDirectory="62c0eec5-9875-4a95-8a37-0279ad3941fe" />
    <UnitTestResult executionId="ea7184ba-7c89-4ba3-8b15-f01286404e38" testId="7dda6913-3207-49f5-fa97-10337b5a08c7" testName="TestConstructor_Success" computerName="DKSR-EFI-06" duration="00:00:00.0007499" startTime="2024-01-09T15:43:10.3259767+01:00" endTime="2024-01-09T15:43:10.3259767+01:00" testType="13cdc9d9-ddb5-4fa4-a97d-d965ccfc6d4b" outcome="Passed" testListId="8c84fa94-04c1-424b-9868-57a2d4851a1d" relativeResultsDirectory="ea7184ba-7c89-4ba3-8b15-f01286404e38" />
    <UnitTestResult executionId="3e7f8b7e-cc36-4c24-b0b7-dbe60aebad2c" testId="37128e0d-32e5-a3ed-d148-3436bf935bb1" testName="TestAuditLog_AuditLogWithNullItemAuditParameters_Failure" computerName="DKSR-EFI-06" duration="00:00:00.0017727" startTime="2024-01-09T15:43:10.6541047+01:00" endTime="2024-01-09T15:43:10.6541047+01:00" testType="13cdc9d9-ddb5-4fa4-a97d-d965ccfc6d4b" outcome="Passed" testListId="8c84fa94-04c1-424b-9868-57a2d4851a1d" relativeResultsDirectory="3e7f8b7e-cc36-4c24-b0b7-dbe60aebad2c" />
    <UnitTestResult executionId="0bcecca7-4acd-45bc-88b8-b84fd9a7be6f" testId="dbfbfac9-0b64-ce92-36c4-cd97af6f6704" testName="Excludetems_Rises_OnItemsExcluded" computerName="DKSR-EFI-06" duration="00:00:00.0008497" startTime="2024-01-09T15:43:11.2947325+01:00" endTime="2024-01-09T15:43:11.2947325+01:00" testType="13cdc9d9-ddb5-4fa4-a97d-d965ccfc6d4b" outcome="Passed" testListId="8c84fa94-04c1-424b-9868-57a2d4851a1d" relativeResultsDirectory="0bcecca7-4acd-45bc-88b8-b84fd9a7be6f" />
    <UnitTestResult executionId="2343e495-26fb-49ad-bd5b-6aab79825211" testId="d0f479e0-3a7f-e544-6024-8f9323c792a3" testName="RemoveItem_KeepsId" computerName="DKSR-EFI-06" duration="00:00:00.0008870" startTime="2024-01-09T15:43:12.3886400+01:00" endTime="2024-01-09T15:43:12.3886400+01:00" testType="13cdc9d9-ddb5-4fa4-a97d-d965ccfc6d4b" outcome="Passed" testListId="8c84fa94-04c1-424b-9868-57a2d4851a1d" relativeResultsDirectory="2343e495-26fb-49ad-bd5b-6aab79825211" />
    <UnitTestResult executionId="eed7ec5e-fed4-4c2a-9bc4-57451bc9c1d3" testId="b4c7197a-025f-2d58-2aa6-331c80e4987a" testName="GetClusters_ReturnsCorrectClusteredItemsByArea" computerName="DKSR-EFI-06" duration="00:00:00.0232721" startTime="2024-01-09T15:43:06.0759638+01:00" endTime="2024-01-09T15:43:06.1072106+01:00" testType="13cdc9d9-ddb5-4fa4-a97d-d965ccfc6d4b" outcome="Passed" testListId="8c84fa94-04c1-424b-9868-57a2d4851a1d" relativeResultsDirectory="eed7ec5e-fed4-4c2a-9bc4-57451bc9c1d3" />
    <UnitTestResult executionId="b877fed4-4c3c-4f58-8381-56043890d15d" testId="b721be24-13b4-333b-637c-1858551e46e9" testName="BrowseLayer_UpdateProperties_Success" computerName="DKSR-EFI-06" duration="00:00:00.0023289" startTime="2024-01-09T15:43:09.8572255+01:00" endTime="2024-01-09T15:43:09.8572255+01:00" testType="13cdc9d9-ddb5-4fa4-a97d-d965ccfc6d4b" outcome="Passed" testListId="8c84fa94-04c1-424b-9868-57a2d4851a1d" relativeResultsDirectory="b877fed4-4c3c-4f58-8381-56043890d15d" />
    <UnitTestResult executionId="dd0d7d5a-07cc-4156-affa-37e63c26eb42" testId="e251eb11-f207-8308-cc17-45ef0cb83860" testName="TestUpdateProperties_UpdateAllProperties_Success" computerName="DKSR-EFI-06" duration="00:00:00.0013184" startTime="2024-01-09T15:43:09.8103509+01:00" endTime="2024-01-09T15:43:09.8103509+01:00" testType="13cdc9d9-ddb5-4fa4-a97d-d965ccfc6d4b" outcome="Passed" testListId="8c84fa94-04c1-424b-9868-57a2d4851a1d" relativeResultsDirectory="dd0d7d5a-07cc-4156-affa-37e63c26eb42" />
    <UnitTestResult executionId="4dd63e63-6a71-4dc9-a10e-1c0738365d49" testId="11b3e576-7a1b-62b2-277e-c000f57ce0f1" testName="TestProperties_GetPropertiesFromWcfObject_Success" computerName="DKSR-EFI-06" duration="00:00:00.0011709" startTime="2024-01-09T15:43:09.3416023+01:00" endTime="2024-01-09T15:43:09.3416023+01:00" testType="13cdc9d9-ddb5-4fa4-a97d-d965ccfc6d4b" outcome="Passed" testListId="8c84fa94-04c1-424b-9868-57a2d4851a1d" relativeResultsDirectory="4dd63e63-6a71-4dc9-a10e-1c0738365d49" />
    <UnitTestResult executionId="2c151d21-e292-470d-a1a4-3171a27f299f" testId="789f9308-9c8b-06ae-e9b5-9a4766a7de8d" testName="TestProperties_GetProperties_Success" computerName="DKSR-EFI-06" duration="00:00:00.0050669" startTime="2024-01-09T15:43:09.3416023+01:00" endTime="2024-01-09T15:43:09.3416023+01:00" testType="13cdc9d9-ddb5-4fa4-a97d-d965ccfc6d4b" outcome="Passed" testListId="8c84fa94-04c1-424b-9868-57a2d4851a1d" relativeResultsDirectory="2c151d21-e292-470d-a1a4-3171a27f299f" />
    <UnitTestResult executionId="d04df50e-e171-4a00-957c-63ab8c8e4e5a" testId="04850947-4df2-d516-cf72-ba8e231127f1" testName="TestWcfObject_GetWcfObjectWithoutExtent_Success" computerName="DKSR-EFI-06" duration="00:00:00.0004103" startTime="2024-01-09T15:43:10.2947754+01:00" endTime="2024-01-09T15:43:10.2947754+01:00" testType="13cdc9d9-ddb5-4fa4-a97d-d965ccfc6d4b" outcome="Passed" testListId="8c84fa94-04c1-424b-9868-57a2d4851a1d" relativeResultsDirectory="d04df50e-e171-4a00-957c-63ab8c8e4e5a" />
    <UnitTestResult executionId="e6d0756d-429a-4ce7-b067-0db038b875a2" testId="087b1e39-d1fa-3d6c-4685-64625acfa9e4" testName="TestConstructor_CreateService_Success" computerName="DKSR-EFI-06" duration="00:00:00.3434367" startTime="2024-01-09T15:43:03.9665764+01:00" endTime="2024-01-09T15:43:04.7790797+01:00" testType="13cdc9d9-ddb5-4fa4-a97d-d965ccfc6d4b" outcome="Passed" testListId="8c84fa94-04c1-424b-9868-57a2d4851a1d" relativeResultsDirectory="e6d0756d-429a-4ce7-b067-0db038b875a2" />
    <UnitTestResult executionId="7f327857-25f3-44b7-8d81-27601cf0b944" testId="552e8d70-6b85-25e5-9317-984c02304f46" testName="TestWcfObject_GetWcfObject_Success" computerName="DKSR-EFI-06" duration="00:00:00.0013151" startTime="2024-01-09T15:43:10.2166030+01:00" endTime="2024-01-09T15:43:10.2166030+01:00" testType="13cdc9d9-ddb5-4fa4-a97d-d965ccfc6d4b" outcome="Passed" testListId="8c84fa94-04c1-424b-9868-57a2d4851a1d" relativeResultsDirectory="7f327857-25f3-44b7-8d81-27601cf0b944" />
    <UnitTestResult executionId="6b9fec86-d3b6-4d5e-b955-8adf85f7aeb8" testId="6cf73013-a34f-7368-24a1-ab32cf20292a" testName="Test_QueryLayersByLevelId_OneRow_succes" computerName="DKSR-EFI-06" duration="00:00:00.1181907" startTime="2024-01-09T15:43:08.8103470+01:00" endTime="2024-01-09T15:43:08.9353486+01:00" testType="13cdc9d9-ddb5-4fa4-a97d-d965ccfc6d4b" outcome="Passed" testListId="8c84fa94-04c1-424b-9868-57a2d4851a1d" relativeResultsDirectory="6b9fec86-d3b6-4d5e-b955-8adf85f7aeb8" />
    <UnitTestResult executionId="8c90f4f5-ebd7-4355-95d0-a2baa40717c7" testId="db14eb35-236b-6292-252b-84c5d540251e" testName="TestConstructor_ParsingWcfObject_Success" computerName="DKSR-EFI-06" duration="00:00:00.0008259" startTime="2024-01-09T15:43:09.5447265+01:00" endTime="2024-01-09T15:43:09.5447265+01:00" testType="13cdc9d9-ddb5-4fa4-a97d-d965ccfc6d4b" outcome="Passed" testListId="8c84fa94-04c1-424b-9868-57a2d4851a1d" relativeResultsDirectory="8c90f4f5-ebd7-4355-95d0-a2baa40717c7" />
    <UnitTestResult executionId="daaf7b0e-0eed-4097-a12e-2372463b380e" testId="8dcff6f9-cdfd-d89f-e03d-addb66eb0a35" testName="TestFactory_WithParamters_Success" computerName="DKSR-EFI-06" duration="00:00:00.0005783" startTime="2024-01-09T15:43:12.6384838+01:00" endTime="2024-01-09T15:43:12.6384838+01:00" testType="13cdc9d9-ddb5-4fa4-a97d-d965ccfc6d4b" outcome="Passed" testListId="8c84fa94-04c1-424b-9868-57a2d4851a1d" relativeResultsDirectory="daaf7b0e-0eed-4097-a12e-2372463b380e" />
    <UnitTestResult executionId="bde6d66c-443c-477f-b184-9f255f76223f" testId="4b0cba85-e607-efc3-3f35-cb8b0c659cc4" testName="IsOnLevel_False_WhenNotInOutline" computerName="DKSR-EFI-06" duration="00:00:00.0035927" startTime="2024-01-09T15:43:12.6228591+01:00" endTime="2024-01-09T15:43:12.6228591+01:00" testType="13cdc9d9-ddb5-4fa4-a97d-d965ccfc6d4b" outcome="Passed" testListId="8c84fa94-04c1-424b-9868-57a2d4851a1d" relativeResultsDirectory="bde6d66c-443c-477f-b184-9f255f76223f" />
    <UnitTestResult executionId="6ee62bbd-8cd8-45f1-8e5e-df1e79d3a2ce" testId="02feca23-6655-5568-716b-bd0cb04d3015" testName="TestProperties_GetProperties_Success" computerName="DKSR-EFI-06" duration="00:00:00.0017268" startTime="2024-01-09T15:43:10.1072255+01:00" endTime="2024-01-09T15:43:10.1228535+01:00" testType="13cdc9d9-ddb5-4fa4-a97d-d965ccfc6d4b" outcome="Passed" testListId="8c84fa94-04c1-424b-9868-57a2d4851a1d" relativeResultsDirectory="6ee62bbd-8cd8-45f1-8e5e-df1e79d3a2ce" />
    <UnitTestResult executionId="5d23eebe-36f4-4a08-a3cd-c94ca22b9440" testId="0b1439ba-e984-e80d-2643-4fa8fa562b65" testName="FilterAsync_AddsAuthorizedItemIdsToSet" computerName="DKSR-EFI-06" duration="00:00:00.0072235" startTime="2024-01-09T15:43:05.8259611+01:00" endTime="2024-01-09T15:43:05.8259611+01:00" testType="13cdc9d9-ddb5-4fa4-a97d-d965ccfc6d4b" outcome="Passed" testListId="8c84fa94-04c1-424b-9868-57a2d4851a1d" relativeResultsDirectory="5d23eebe-36f4-4a08-a3cd-c94ca22b9440" />
    <UnitTestResult executionId="84bddd06-2db8-4e84-8a9e-76df3d3ba3de" testId="9a622f3d-bf69-0522-d0f1-bc7afea2cbf7" testName="TestConstructor_ParsingWcfObject_Success" computerName="DKSR-EFI-06" duration="00:00:00.0024413" startTime="2024-01-09T15:43:09.9041020+01:00" endTime="2024-01-09T15:43:09.9041020+01:00" testType="13cdc9d9-ddb5-4fa4-a97d-d965ccfc6d4b" outcome="Passed" testListId="8c84fa94-04c1-424b-9868-57a2d4851a1d" relativeResultsDirectory="84bddd06-2db8-4e84-8a9e-76df3d3ba3de" />
    <UnitTestResult executionId="d456180b-3837-4432-aa2c-8313a60789dc" testId="71b46026-ee57-7414-4cfe-318877eaaba4" testName="AllItems_ExistAfterAddItems_InsertExcludedItems" computerName="DKSR-EFI-06" duration="00:00:00.0004498" startTime="2024-01-09T15:43:11.9978583+01:00" endTime="2024-01-09T15:43:11.9978583+01:00" testType="13cdc9d9-ddb5-4fa4-a97d-d965ccfc6d4b" outcome="Passed" testListId="8c84fa94-04c1-424b-9868-57a2d4851a1d" relativeResultsDirectory="d456180b-3837-4432-aa2c-8313a60789dc" />
    <UnitTestResult executionId="67694a7d-c74f-4edd-9a45-639165174509" testId="c5e39ed0-0eee-e6dd-3322-30cdbf3be970" testName="TestAuditLog_AuditLogLevelAdded_Success" computerName="DKSR-EFI-06" duration="00:00:00.0096079" startTime="2024-01-09T15:43:12.8259848+01:00" endTime="2024-01-09T15:43:12.8416096+01:00" testType="13cdc9d9-ddb5-4fa4-a97d-d965ccfc6d4b" outcome="Passed" testListId="8c84fa94-04c1-424b-9868-57a2d4851a1d" relativeResultsDirectory="67694a7d-c74f-4edd-9a45-639165174509" />
    <UnitTestResult executionId="2503e13c-5386-419b-bfdd-b5e78066b53f" testId="70223117-1028-488e-1109-b9f75188c95f" testName="TestProperties_GetPropertiesFromWcfObject_Success" computerName="DKSR-EFI-06" duration="00:00:00.0012746" startTime="2024-01-09T15:43:09.3884764+01:00" endTime="2024-01-09T15:43:09.3884764+01:00" testType="13cdc9d9-ddb5-4fa4-a97d-d965ccfc6d4b" outcome="Passed" testListId="8c84fa94-04c1-424b-9868-57a2d4851a1d" relativeResultsDirectory="2503e13c-5386-419b-bfdd-b5e78066b53f" />
    <UnitTestResult executionId="00caafa0-7b08-40ea-a5f7-cf05fb0d812d" testId="2c375059-c2c0-ba34-5158-7a6baae556a6" testName="TestWcfObject_GetWcfObjectWithoutTransformInfo_Success" computerName="DKSR-EFI-06" duration="00:00:00.0014163" startTime="2024-01-09T15:43:10.0916024+01:00" endTime="2024-01-09T15:43:10.1072255+01:00" testType="13cdc9d9-ddb5-4fa4-a97d-d965ccfc6d4b" outcome="Passed" testListId="8c84fa94-04c1-424b-9868-57a2d4851a1d" relativeResultsDirectory="00caafa0-7b08-40ea-a5f7-cf05fb0d812d" />
    <UnitTestResult executionId="2f64dcc5-9f01-4417-8d0d-395729f1fe3d" testId="5801ef8b-052a-68b8-ec21-3bcee9ec2291" testName="TestAuditLog_NullServiceContract_Failure" computerName="DKSR-EFI-06" duration="00:00:00.0035611" startTime="2024-01-09T15:43:12.7166100+01:00" endTime="2024-01-09T15:43:12.7166100+01:00" testType="13cdc9d9-ddb5-4fa4-a97d-d965ccfc6d4b" outcome="Passed" testListId="8c84fa94-04c1-424b-9868-57a2d4851a1d" relativeResultsDirectory="2f64dcc5-9f01-4417-8d0d-395729f1fe3d" />
    <UnitTestResult executionId="ff467755-9d5e-4d25-9985-9034430df153" testId="3b5d0571-6664-4ff9-d876-cc7ad22dbd7b" testName="TestPropertyNames_GettingPropertyNames_Success" computerName="DKSR-EFI-06" duration="00:00:00.0006866" startTime="2024-01-09T15:43:09.4353486+01:00" endTime="2024-01-09T15:43:09.4353486+01:00" testType="13cdc9d9-ddb5-4fa4-a97d-d965ccfc6d4b" outcome="Passed" testListId="8c84fa94-04c1-424b-9868-57a2d4851a1d" relativeResultsDirectory="ff467755-9d5e-4d25-9985-9034430df153" />
    <UnitTestResult executionId="3230cee6-9cb1-4562-9d17-905df1ecabbe" testId="4b5596be-07db-8d75-a5c8-92c98ec20ff1" testName="TestPropertyNames_GettingPropertyNames_Success" computerName="DKSR-EFI-06" duration="00:00:00.0004810" startTime="2024-01-09T15:43:09.8884760+01:00" endTime="2024-01-09T15:43:09.8884760+01:00" testType="13cdc9d9-ddb5-4fa4-a97d-d965ccfc6d4b" outcome="Passed" testListId="8c84fa94-04c1-424b-9868-57a2d4851a1d" relativeResultsDirectory="3230cee6-9cb1-4562-9d17-905df1ecabbe" />
    <UnitTestResult executionId="947007d2-7d0b-4747-8769-fdba418d48e8" testId="861d2551-3797-dc3c-215c-ed23aee8dd5f" testName="TestProperties_GetPropertiesFromWcfObject_Success" computerName="DKSR-EFI-06" duration="00:00:00.0005733" startTime="2024-01-09T15:43:09.4197254+01:00" endTime="2024-01-09T15:43:09.4197254+01:00" testType="13cdc9d9-ddb5-4fa4-a97d-d965ccfc6d4b" outcome="Passed" testListId="8c84fa94-04c1-424b-9868-57a2d4851a1d" relativeResultsDirectory="947007d2-7d0b-4747-8769-fdba418d48e8" />
    <UnitTestResult executionId="1e500f0d-31c1-4105-bf27-fb11d518668c" testId="ee012e59-9eef-b52f-11ac-e344e742f309" testName="TestWcfObject_GetWcfObjectWithoutTransformInfo_Success" computerName="DKSR-EFI-06" duration="00:00:00.0007198" startTime="2024-01-09T15:43:09.9509768+01:00" endTime="2024-01-09T15:43:09.9509768+01:00" testType="13cdc9d9-ddb5-4fa4-a97d-d965ccfc6d4b" outcome="Passed" testListId="8c84fa94-04c1-424b-9868-57a2d4851a1d" relativeResultsDirectory="1e500f0d-31c1-4105-bf27-fb11d518668c" />
    <UnitTestResult executionId="5a843eeb-10dc-4a22-8478-ea5b87ea29c3" testId="127f6b6f-60eb-7684-1110-d02ee3eb235d" testName="OnBuildingsAdded" computerName="DKSR-EFI-06" duration="00:00:00.0007041" startTime="2024-01-09T15:43:05.7009626+01:00" endTime="2024-01-09T15:43:05.7009626+01:00" testType="13cdc9d9-ddb5-4fa4-a97d-d965ccfc6d4b" outcome="Passed" testListId="8c84fa94-04c1-424b-9868-57a2d4851a1d" relativeResultsDirectory="5a843eeb-10dc-4a22-8478-ea5b87ea29c3" />
    <UnitTestResult executionId="5b4f8f3d-e6ad-4f58-8517-00cd47c42aac" testId="bc906a33-27f9-6951-f669-a9b3927c0fa3" testName="TestUpdateProperties_UpdateAllProperties_Success" computerName="DKSR-EFI-06" duration="00:00:00.0016639" startTime="2024-01-09T15:43:09.3884764+01:00" endTime="2024-01-09T15:43:09.3884764+01:00" testType="13cdc9d9-ddb5-4fa4-a97d-d965ccfc6d4b" outcome="Passed" testListId="8c84fa94-04c1-424b-9868-57a2d4851a1d" relativeResultsDirectory="5b4f8f3d-e6ad-4f58-8517-00cd47c42aac" />
    <UnitTestResult executionId="1d47cb8f-ea01-4764-9781-1497522cd601" testId="66d507cc-9025-368f-6651-8c50b19c18e9" testName="TestWcfObject_GetWcfObject_Success" computerName="DKSR-EFI-06" duration="00:00:00.0019021" startTime="2024-01-09T15:43:10.6228547+01:00" endTime="2024-01-09T15:43:10.6228547+01:00" testType="13cdc9d9-ddb5-4fa4-a97d-d965ccfc6d4b" outcome="Passed" testListId="8c84fa94-04c1-424b-9868-57a2d4851a1d" relativeResultsDirectory="1d47cb8f-ea01-4764-9781-1497522cd601" />
    <UnitTestResult executionId="8b552fec-1168-49fb-bb49-c98b471421dc" testId="746bd023-03df-7114-9f0e-7c5538738f75" testName="TestConstructor_Success" computerName="DKSR-EFI-06" duration="00:00:00.0003370" startTime="2024-01-09T15:43:10.5603528+01:00" endTime="2024-01-09T15:43:10.5603528+01:00" testType="13cdc9d9-ddb5-4fa4-a97d-d965ccfc6d4b" outcome="Passed" testListId="8c84fa94-04c1-424b-9868-57a2d4851a1d" relativeResultsDirectory="8b552fec-1168-49fb-bb49-c98b471421dc" />
    <UnitTestResult executionId="f0cb2315-0f69-4379-872f-f14b1bd385d1" testId="0c4f1f0a-95e3-bfb5-a831-a21137fae764" testName="TestConstructor_ParsingWcfObjectWithNull_ArgumentNullException" computerName="DKSR-EFI-06" duration="00:00:00.0013053" startTime="2024-01-09T15:43:10.3259767+01:00" endTime="2024-01-09T15:43:10.3259767+01:00" testType="13cdc9d9-ddb5-4fa4-a97d-d965ccfc6d4b" outcome="Passed" testListId="8c84fa94-04c1-424b-9868-57a2d4851a1d" relativeResultsDirectory="f0cb2315-0f69-4379-872f-f14b1bd385d1" />
    <UnitTestResult executionId="e601f624-208e-401d-a3f1-38cfaa9551ea" testId="bfeca7aa-7f49-d61b-b07c-fa8ced01b767" testName="GettMipItemsByKindAndArea_WhenFetchingNotFinished_EmptyList" computerName="DKSR-EFI-06" duration="00:00:00.0033058" startTime="2024-01-09T15:43:05.6697102+01:00" endTime="2024-01-09T15:43:05.6697102+01:00" testType="13cdc9d9-ddb5-4fa4-a97d-d965ccfc6d4b" outcome="Passed" testListId="8c84fa94-04c1-424b-9868-57a2d4851a1d" relativeResultsDirectory="e601f624-208e-401d-a3f1-38cfaa9551ea" />
    <UnitTestResult executionId="dd6c7bd2-01e1-4819-b5c9-cf8d5e82df10" testId="f1cf8805-9f2a-3ea0-68a1-486890b5b405" testName="TestConstructor_ParsingWcfObjectWithoutExtent_Success" computerName="DKSR-EFI-06" duration="00:00:00.0004413" startTime="2024-01-09T15:43:10.0291017+01:00" endTime="2024-01-09T15:43:10.0291017+01:00" testType="13cdc9d9-ddb5-4fa4-a97d-d965ccfc6d4b" outcome="Passed" testListId="8c84fa94-04c1-424b-9868-57a2d4851a1d" relativeResultsDirectory="dd6c7bd2-01e1-4819-b5c9-cf8d5e82df10" />
    <UnitTestResult executionId="75806618-b584-4df7-9eb4-fee4f4724a52" testId="a113a89e-e992-2477-4f24-2689a2a0836d" testName="TestWcfObject_GetWcfObjectWithoutPosition_Success" computerName="DKSR-EFI-06" duration="00:00:00.0004959" startTime="2024-01-09T15:43:11.1384797+01:00" endTime="2024-01-09T15:43:11.1384797+01:00" testType="13cdc9d9-ddb5-4fa4-a97d-d965ccfc6d4b" outcome="Passed" testListId="8c84fa94-04c1-424b-9868-57a2d4851a1d" relativeResultsDirectory="75806618-b584-4df7-9eb4-fee4f4724a52" />
    <UnitTestResult executionId="e9889c5a-3131-4702-8943-74d0fbf71578" testId="8079de8f-f0df-6ac6-461b-ddb887859bfe" testName="TestReorderLevels_NoUpdates_Success" computerName="DKSR-EFI-06" duration="00:00:00.0050139" startTime="2024-01-09T15:43:08.6228479+01:00" endTime="2024-01-09T15:43:08.6228479+01:00" testType="13cdc9d9-ddb5-4fa4-a97d-d965ccfc6d4b" outcome="Passed" testListId="8c84fa94-04c1-424b-9868-57a2d4851a1d" relativeResultsDirectory="e9889c5a-3131-4702-8943-74d0fbf71578" />
    <UnitTestResult executionId="8db66822-129f-4ef8-9615-9d1ac05c8c75" testId="573ccc51-de6a-4489-8685-b9e8d56f7af4" testName="TestConstructor_ParsingWcfObjectWithoutExtent_Success" computerName="DKSR-EFI-06" duration="00:00:00.0004714" startTime="2024-01-09T15:43:10.3572281+01:00" endTime="2024-01-09T15:43:10.3572281+01:00" testType="13cdc9d9-ddb5-4fa4-a97d-d965ccfc6d4b" outcome="Passed" testListId="8c84fa94-04c1-424b-9868-57a2d4851a1d" relativeResultsDirectory="8db66822-129f-4ef8-9615-9d1ac05c8c75" />
    <UnitTestResult executionId="cf1871cf-47a7-424d-9954-5059119ca2f4" testId="e6900046-16da-c379-2c5b-a2fb993e94ea" testName="ConstructorFromData_WhenPositionEmpty_IsMapEnabledFalse" computerName="DKSR-EFI-06" duration="00:00:00.0001625" startTime="2024-01-09T15:43:12.0134826+01:00" endTime="2024-01-09T15:43:12.0134826+01:00" testType="13cdc9d9-ddb5-4fa4-a97d-d965ccfc6d4b" outcome="Passed" testListId="8c84fa94-04c1-424b-9868-57a2d4851a1d" relativeResultsDirectory="cf1871cf-47a7-424d-9954-5059119ca2f4" />
    <UnitTestResult executionId="04523bad-9117-4c3c-817b-50ce12df32bc" testId="345552b6-3ed3-703c-aa8d-185623b1498d" testName="TestConstructor_ParsingWcfObjectWithoutExtent_Success" computerName="DKSR-EFI-06" duration="00:00:00.0007892" startTime="2024-01-09T15:43:10.2478525+01:00" endTime="2024-01-09T15:43:10.2478525+01:00" testType="13cdc9d9-ddb5-4fa4-a97d-d965ccfc6d4b" outcome="Passed" testListId="8c84fa94-04c1-424b-9868-57a2d4851a1d" relativeResultsDirectory="04523bad-9117-4c3c-817b-50ce12df32bc" />
    <UnitTestResult executionId="1dfffca5-0900-4f26-9709-c9e635047031" testId="adebe84a-b2cb-66de-0691-9ff1e7eec31f" testName="TestAuditLog_AuditLogLegacyLinkToChildServerAdded_Success" computerName="DKSR-EFI-06" duration="00:00:00.0128762" startTime="2024-01-09T15:43:10.7009801+01:00" endTime="2024-01-09T15:43:10.7166037+01:00" testType="13cdc9d9-ddb5-4fa4-a97d-d965ccfc6d4b" outcome="Passed" testListId="8c84fa94-04c1-424b-9868-57a2d4851a1d" relativeResultsDirectory="1dfffca5-0900-4f26-9709-c9e635047031" />
    <UnitTestResult executionId="f054c211-31a1-4641-b79f-eac799592dff" testId="85db59f6-5920-cb36-3faa-3b40cf5c858b" testName="HasItem_False" computerName="DKSR-EFI-06" duration="00:00:00.0013600" startTime="2024-01-09T15:43:05.9509602+01:00" endTime="2024-01-09T15:43:05.9509602+01:00" testType="13cdc9d9-ddb5-4fa4-a97d-d965ccfc6d4b" outcome="Passed" testListId="8c84fa94-04c1-424b-9868-57a2d4851a1d" relativeResultsDirectory="f054c211-31a1-4641-b79f-eac799592dff" />
    <UnitTestResult executionId="70907c0a-3203-43d1-8d83-71d8ffdaee8a" testId="8e5f2ed4-bf7a-d0e0-4d73-7a0ac5ae0304" testName="Test_DeleteLevels_Succes" computerName="DKSR-EFI-06" duration="00:00:00.0328954" startTime="2024-01-09T15:43:08.7165987+01:00" endTime="2024-01-09T15:43:08.7478467+01:00" testType="13cdc9d9-ddb5-4fa4-a97d-d965ccfc6d4b" outcome="Passed" testListId="8c84fa94-04c1-424b-9868-57a2d4851a1d" relativeResultsDirectory="70907c0a-3203-43d1-8d83-71d8ffdaee8a" />
    <UnitTestResult executionId="e4514d20-dd71-45a3-b7d9-99940eadae88" testId="e44b226a-a744-9d8e-171f-87098ada8608" testName="TestConstructor_CreateService_Success" computerName="DKSR-EFI-06" duration="00:00:00.0005255" startTime="2024-01-09T15:43:05.0759555+01:00" endTime="2024-01-09T15:43:05.0759555+01:00" testType="13cdc9d9-ddb5-4fa4-a97d-d965ccfc6d4b" outcome="Passed" testListId="8c84fa94-04c1-424b-9868-57a2d4851a1d" relativeResultsDirectory="e4514d20-dd71-45a3-b7d9-99940eadae88" />
    <UnitTestResult executionId="c43b31ff-6ee4-4f35-8251-524f0c0fc259" testId="fb12a45f-e00b-ba7f-6773-a1c047514c81" testName="TestUpdateProperties_UpdateAllProperties_Success" computerName="DKSR-EFI-06" duration="00:00:00.0068678" startTime="2024-01-09T15:43:09.3103500+01:00" endTime="2024-01-09T15:43:09.3260164+01:00" testType="13cdc9d9-ddb5-4fa4-a97d-d965ccfc6d4b" outcome="Passed" testListId="8c84fa94-04c1-424b-9868-57a2d4851a1d" relativeResultsDirectory="c43b31ff-6ee4-4f35-8251-524f0c0fc259" />
    <UnitTestResult executionId="0af4a07a-4408-4930-b8ca-5ed49a8d4f7e" testId="efd5dbba-a9b7-a6ae-47b6-e9f23eff0b26" testName="OnItemsExcludedEvent_RemovesItems" computerName="DKSR-EFI-06" duration="00:00:00.0177392" startTime="2024-01-09T15:43:12.5603576+01:00" endTime="2024-01-09T15:43:12.5759834+01:00" testType="13cdc9d9-ddb5-4fa4-a97d-d965ccfc6d4b" outcome="Passed" testListId="8c84fa94-04c1-424b-9868-57a2d4851a1d" relativeResultsDirectory="0af4a07a-4408-4930-b8ca-5ed49a8d4f7e" />
    <UnitTestResult executionId="152ae3e4-591f-47e9-a68c-bc176333bbc9" testId="87851395-fcf5-2604-9c3a-1f8aa7d9888b" testName="TestConstructor_ParsingWcfObject_Success" computerName="DKSR-EFI-06" duration="00:00:00.0049261" startTime="2024-01-09T15:43:12.7947361+01:00" endTime="2024-01-09T15:43:12.8103592+01:00" testType="13cdc9d9-ddb5-4fa4-a97d-d965ccfc6d4b" outcome="Passed" testListId="8c84fa94-04c1-424b-9868-57a2d4851a1d" relativeResultsDirectory="152ae3e4-591f-47e9-a68c-bc176333bbc9" />
    <UnitTestResult executionId="904ed295-6be3-43a2-8709-d73f1b238ba2" testId="96897db5-5055-bad1-acbd-4076d2446290" testName="TestUpdateBuilding_Success" computerName="DKSR-EFI-06" duration="00:00:00.0382091" startTime="2024-01-09T15:43:07.7322164+01:00" endTime="2024-01-09T15:43:07.7790937+01:00" testType="13cdc9d9-ddb5-4fa4-a97d-d965ccfc6d4b" outcome="Passed" testListId="8c84fa94-04c1-424b-9868-57a2d4851a1d" relativeResultsDirectory="904ed295-6be3-43a2-8709-d73f1b238ba2" />
    <UnitTestResult executionId="27da559c-e82c-4a95-a670-6ea0804a77bc" testId="d8b2e962-57d6-7d23-5c24-4c7c5ef024f4" testName="TestAuditLog_AuditLogItemChanged_Success" computerName="DKSR-EFI-06" duration="00:00:00.0050592" startTime="2024-01-09T15:43:11.1697344+01:00" endTime="2024-01-09T15:43:11.1853563+01:00" testType="13cdc9d9-ddb5-4fa4-a97d-d965ccfc6d4b" outcome="Passed" testListId="8c84fa94-04c1-424b-9868-57a2d4851a1d" relativeResultsDirectory="27da559c-e82c-4a95-a670-6ea0804a77bc" />
    <UnitTestResult executionId="8346e0ce-b138-4373-8848-4e93faf0906a" testId="df23d5d9-66a0-42bc-fea4-a9b6e4e25e75" testName="ConstructorFromData_InitializesFields" computerName="DKSR-EFI-06" duration="00:00:00.0005688" startTime="2024-01-09T15:43:12.0134826+01:00" endTime="2024-01-09T15:43:12.0134826+01:00" testType="13cdc9d9-ddb5-4fa4-a97d-d965ccfc6d4b" outcome="Passed" testListId="8c84fa94-04c1-424b-9868-57a2d4851a1d" relativeResultsDirectory="8346e0ce-b138-4373-8848-4e93faf0906a" />
    <UnitTestResult executionId="9482fabf-5e9f-4129-ba3e-e799ab654c08" testId="30611e9b-0a62-6dab-5c2f-5b8c4e9b9b9f" testName="TestAuditLog_AuditLogLayerAdded_Success" computerName="DKSR-EFI-06" duration="00:00:00.0048384" startTime="2024-01-09T15:43:10.5447289+01:00" endTime="2024-01-09T15:43:10.5447289+01:00" testType="13cdc9d9-ddb5-4fa4-a97d-d965ccfc6d4b" outcome="Passed" testListId="8c84fa94-04c1-424b-9868-57a2d4851a1d" relativeResultsDirectory="9482fabf-5e9f-4129-ba3e-e799ab654c08" />
    <UnitTestResult executionId="fe03ed98-40b2-4f70-81e8-c22e5d63b134" testId="40fa7841-646c-f8cd-24bf-6fc7f4dedfa9" testName="GetClusters_ShouldWorkOnDeepLevel" computerName="DKSR-EFI-06" duration="00:00:00.3489232" startTime="2024-01-09T15:43:11.3572697+01:00" endTime="2024-01-09T15:43:11.7166072+01:00" testType="13cdc9d9-ddb5-4fa4-a97d-d965ccfc6d4b" outcome="Passed" testListId="8c84fa94-04c1-424b-9868-57a2d4851a1d" relativeResultsDirectory="fe03ed98-40b2-4f70-81e8-c22e5d63b134" />
    <UnitTestResult executionId="3fdb1e32-f50d-4d5f-b314-6639be03ff48" testId="7c611c07-a440-4519-e7e8-8b4d3c72ab3f" testName="TestAuditLog_AuditLogItemAdded_Success" computerName="DKSR-EFI-06" duration="00:00:00.0080814" startTime="2024-01-09T15:43:11.1541057+01:00" endTime="2024-01-09T15:43:11.1697344+01:00" testType="13cdc9d9-ddb5-4fa4-a97d-d965ccfc6d4b" outcome="Passed" testListId="8c84fa94-04c1-424b-9868-57a2d4851a1d" relativeResultsDirectory="3fdb1e32-f50d-4d5f-b314-6639be03ff48" />
    <UnitTestResult executionId="d584d726-4760-43f2-bd07-5328619b330c" testId="75298519-94ad-3cd1-9290-eb24793f55a6" testName="TestQueryLevelsByBuildingId_ZeroRows_Success" computerName="DKSR-EFI-06" duration="00:00:00.0170619" startTime="2024-01-09T15:43:08.0447191+01:00" endTime="2024-01-09T15:43:08.0603454+01:00" testType="13cdc9d9-ddb5-4fa4-a97d-d965ccfc6d4b" outcome="Passed" testListId="8c84fa94-04c1-424b-9868-57a2d4851a1d" relativeResultsDirectory="d584d726-4760-43f2-bd07-5328619b330c" />
    <UnitTestResult executionId="2ccff567-47ca-4ee5-8a27-90becc73674a" testId="82d5db02-e94e-3b02-ad01-51ee97ec021c" testName="Send" computerName="DKSR-EFI-06" duration="00:00:00.0006860" startTime="2024-01-09T15:43:05.7322126+01:00" endTime="2024-01-09T15:43:05.7322126+01:00" testType="13cdc9d9-ddb5-4fa4-a97d-d965ccfc6d4b" outcome="Passed" testListId="8c84fa94-04c1-424b-9868-57a2d4851a1d" relativeResultsDirectory="2ccff567-47ca-4ee5-8a27-90becc73674a" />
    <UnitTestResult executionId="65d7a5ec-6a25-4ce8-88de-4f64b7b0f5d3" testId="e305d0ec-3740-626b-6cd2-4ec9b6f5d763" testName="TestWcfObject_ConvertToWcfObject_NullMapItems_Success" computerName="DKSR-EFI-06" duration="00:00:00.0005995" startTime="2024-01-09T15:43:12.8103592+01:00" endTime="2024-01-09T15:43:12.8103592+01:00" testType="13cdc9d9-ddb5-4fa4-a97d-d965ccfc6d4b" outcome="Passed" testListId="8c84fa94-04c1-424b-9868-57a2d4851a1d" relativeResultsDirectory="65d7a5ec-6a25-4ce8-88de-4f64b7b0f5d3" />
    <UnitTestResult executionId="8e58252c-d8bc-40ca-94f0-487ceaf213b7" testId="bc98f6d6-7ca2-444f-bf52-b490e8756b7e" testName="TestProperties_GetPropertiesFromWcfObjectWithNullMapSettings_Success" computerName="DKSR-EFI-06" duration="00:00:00.0002706" startTime="2024-01-09T15:43:09.7791016+01:00" endTime="2024-01-09T15:43:09.7791016+01:00" testType="13cdc9d9-ddb5-4fa4-a97d-d965ccfc6d4b" outcome="Passed" testListId="8c84fa94-04c1-424b-9868-57a2d4851a1d" relativeResultsDirectory="8e58252c-d8bc-40ca-94f0-487ceaf213b7" />
    <UnitTestResult executionId="0874207f-1aee-4bb6-9059-e13a1dcb726c" testId="33412608-e208-2cc9-991c-3029e8717790" testName="TestFactory_NewBrowseMap_WithParameters_Success" computerName="DKSR-EFI-06" duration="00:00:00.0008330" startTime="2024-01-09T15:43:09.6541032+01:00" endTime="2024-01-09T15:43:09.6541032+01:00" testType="13cdc9d9-ddb5-4fa4-a97d-d965ccfc6d4b" outcome="Passed" testListId="8c84fa94-04c1-424b-9868-57a2d4851a1d" relativeResultsDirectory="0874207f-1aee-4bb6-9059-e13a1dcb726c" />
    <UnitTestResult executionId="4a07eaca-52c5-45ac-9d03-c09614375d7f" testId="5db8fd22-a9d2-d160-c154-7e7334ba659b" testName="InitializeIndex_3Items_Clusters_Levels" computerName="DKSR-EFI-06" duration="00:00:00.0038140" startTime="2024-01-09T15:43:11.2478569+01:00" endTime="2024-01-09T15:43:11.2478569+01:00" testType="13cdc9d9-ddb5-4fa4-a97d-d965ccfc6d4b" outcome="Passed" testListId="8c84fa94-04c1-424b-9868-57a2d4851a1d" relativeResultsDirectory="4a07eaca-52c5-45ac-9d03-c09614375d7f" />
    <UnitTestResult executionId="a6d7d4ae-4fee-4e60-8b5a-a00e0b8ddf31" testId="ff962744-44ce-857d-8cb7-730338e97029" testName="BrowseLayer_GetProperties_Success" computerName="DKSR-EFI-06" duration="00:00:00.0034650" startTime="2024-01-09T15:43:09.8572255+01:00" endTime="2024-01-09T15:43:09.8728510+01:00" testType="13cdc9d9-ddb5-4fa4-a97d-d965ccfc6d4b" outcome="Passed" testListId="8c84fa94-04c1-424b-9868-57a2d4851a1d" relativeResultsDirectory="a6d7d4ae-4fee-4e60-8b5a-a00e0b8ddf31" />
    <UnitTestResult executionId="1fb89155-a8c7-4cb5-b25d-637c25190339" testId="c3fd9cbf-6feb-180c-d830-cea33df94a10" testName="TestConstructor_ParsingWcfObjectWithNullUpperLeftAndNullLowerRight_Success" computerName="DKSR-EFI-06" duration="00:00:00.0002044" startTime="2024-01-09T15:43:09.4353486+01:00" endTime="2024-01-09T15:43:09.4353486+01:00" testType="13cdc9d9-ddb5-4fa4-a97d-d965ccfc6d4b" outcome="Passed" testListId="8c84fa94-04c1-424b-9868-57a2d4851a1d" relativeResultsDirectory="1fb89155-a8c7-4cb5-b25d-637c25190339" />
    <UnitTestResult executionId="37467ab1-59cb-46bc-aaba-b73ce871c719" testId="a0716c2f-3af0-a7aa-191d-2dd33bd2956b" testName="GetClusters_ReturnsCorrectClusteredItemsByType" computerName="DKSR-EFI-06" duration="00:00:00.0140640" startTime="2024-01-09T15:43:06.0134594+01:00" endTime="2024-01-09T15:43:06.0292011+01:00" testType="13cdc9d9-ddb5-4fa4-a97d-d965ccfc6d4b" outcome="Passed" testListId="8c84fa94-04c1-424b-9868-57a2d4851a1d" relativeResultsDirectory="37467ab1-59cb-46bc-aaba-b73ce871c719" />
    <UnitTestResult executionId="f971e13e-3849-48e4-b45b-2a1866e982f8" testId="4c4a38c8-f94a-5b87-dc20-e9e971892500" testName="TestDeleteBuilding_Success" computerName="DKSR-EFI-06" duration="00:00:00.0259172" startTime="2024-01-09T15:43:07.5603432+01:00" endTime="2024-01-09T15:43:07.5759687+01:00" testType="13cdc9d9-ddb5-4fa4-a97d-d965ccfc6d4b" outcome="Passed" testListId="8c84fa94-04c1-424b-9868-57a2d4851a1d" relativeResultsDirectory="f971e13e-3849-48e4-b45b-2a1866e982f8" />
    <UnitTestResult executionId="fe42d581-d680-48fb-98bf-b9dc4f903deb" testId="76e8e25b-7f65-8c60-0639-561ef8c308e2" testName="GetClusters_PassesZoomOffsetToIndexer" computerName="DKSR-EFI-06" duration="00:00:00.0065160" startTime="2024-01-09T15:43:06.0447121+01:00" endTime="2024-01-09T15:43:06.0603365+01:00" testType="13cdc9d9-ddb5-4fa4-a97d-d965ccfc6d4b" outcome="Passed" testListId="8c84fa94-04c1-424b-9868-57a2d4851a1d" relativeResultsDirectory="fe42d581-d680-48fb-98bf-b9dc4f903deb" />
    <UnitTestResult executionId="c8838b9c-ec01-4627-b10e-f8993d610c37" testId="947db48e-1376-6f82-4699-fabe624cbabf" testName="TestWcfObject_GetWcfObject_Success" computerName="DKSR-EFI-06" duration="00:00:00.0008255" startTime="2024-01-09T15:43:11.1384797+01:00" endTime="2024-01-09T15:43:11.1384797+01:00" testType="13cdc9d9-ddb5-4fa4-a97d-d965ccfc6d4b" outcome="Passed" testListId="8c84fa94-04c1-424b-9868-57a2d4851a1d" relativeResultsDirectory="c8838b9c-ec01-4627-b10e-f8993d610c37" />
    <UnitTestResult executionId="9d8e97bd-7358-4c70-a69b-4f8659152666" testId="73345e39-00a8-d1d5-a37b-794338aedef0" testName="TestConstructor_ParsingWcfObjectWithoutTransformInfo_Success" computerName="DKSR-EFI-06" duration="00:00:00.0005139" startTime="2024-01-09T15:43:09.9197267+01:00" endTime="2024-01-09T15:43:09.9197267+01:00" testType="13cdc9d9-ddb5-4fa4-a97d-d965ccfc6d4b" outcome="Passed" testListId="8c84fa94-04c1-424b-9868-57a2d4851a1d" relativeResultsDirectory="9d8e97bd-7358-4c70-a69b-4f8659152666" />
    <UnitTestResult executionId="c87bd230-5324-437d-b44a-6931ea202691" testId="2434dc0d-a355-9e16-f561-e23133111429" testName="Constructor_LevelsSet" computerName="DKSR-EFI-06" duration="00:00:00.0093094" startTime="2024-01-09T15:43:12.3572780+01:00" endTime="2024-01-09T15:43:12.3728569+01:00" testType="13cdc9d9-ddb5-4fa4-a97d-d965ccfc6d4b" outcome="Passed" testListId="8c84fa94-04c1-424b-9868-57a2d4851a1d" relativeResultsDirectory="c87bd230-5324-437d-b44a-6931ea202691" />
    <UnitTestResult executionId="c0501e22-cbca-4fa2-9bb2-cfff3b7ef758" testId="58fe92ec-7d5a-1c37-d4fb-7aafadcf26fa" testName="TestUpdateLevels_Success" computerName="DKSR-EFI-06" duration="00:00:00.0500370" startTime="2024-01-09T15:43:08.4197215+01:00" endTime="2024-01-09T15:43:08.4665960+01:00" testType="13cdc9d9-ddb5-4fa4-a97d-d965ccfc6d4b" outcome="Passed" testListId="8c84fa94-04c1-424b-9868-57a2d4851a1d" relativeResultsDirectory="c0501e22-cbca-4fa2-9bb2-cfff3b7ef758" />
    <UnitTestResult executionId="63d2916e-5614-4c8d-9fd9-90a7c99e533c" testId="391c2548-0365-c2f4-475a-bd969cac8e30" testName="TestProperties_GetProperties_Success" computerName="DKSR-EFI-06" duration="00:00:00.0007343" startTime="2024-01-09T15:43:10.4822282+01:00" endTime="2024-01-09T15:43:10.4822282+01:00" testType="13cdc9d9-ddb5-4fa4-a97d-d965ccfc6d4b" outcome="Passed" testListId="8c84fa94-04c1-424b-9868-57a2d4851a1d" relativeResultsDirectory="63d2916e-5614-4c8d-9fd9-90a7c99e533c" />
    <UnitTestResult executionId="81625213-617c-4bd0-a41e-0a144f0c8d75" testId="142a0250-319a-0925-fe13-f1d0b039bde1" testName="TestConstructor_ParsingWcfObject_Success" computerName="DKSR-EFI-06" duration="00:00:00.0004321" startTime="2024-01-09T15:43:09.8728510+01:00" endTime="2024-01-09T15:43:09.8728510+01:00" testType="13cdc9d9-ddb5-4fa4-a97d-d965ccfc6d4b" outcome="Passed" testListId="8c84fa94-04c1-424b-9868-57a2d4851a1d" relativeResultsDirectory="81625213-617c-4bd0-a41e-0a144f0c8d75" />
    <UnitTestResult executionId="a2b052ad-a5b2-4f33-b29c-dc4186df6db3" testId="9cf8d3db-c963-4d0a-6444-41006ff07e7e" testName="TestConstructor_ParsingWcfObjectWithNull_Success" computerName="DKSR-EFI-06" duration="00:00:00.0024202" startTime="2024-01-09T15:43:10.5916028+01:00" endTime="2024-01-09T15:43:10.6072305+01:00" testType="13cdc9d9-ddb5-4fa4-a97d-d965ccfc6d4b" outcome="Passed" testListId="8c84fa94-04c1-424b-9868-57a2d4851a1d" relativeResultsDirectory="a2b052ad-a5b2-4f33-b29c-dc4186df6db3" />
    <UnitTestResult executionId="499ba426-a99c-4c84-bd48-1168f35a494a" testId="d213c998-c49d-6852-8aff-647de77dd87a" testName="TestUpdateLevels_DatabaseException_Failure" computerName="DKSR-EFI-06" duration="00:00:00.0047090" startTime="2024-01-09T15:43:08.5290963+01:00" endTime="2024-01-09T15:43:08.5447212+01:00" testType="13cdc9d9-ddb5-4fa4-a97d-d965ccfc6d4b" outcome="Passed" testListId="8c84fa94-04c1-424b-9868-57a2d4851a1d" relativeResultsDirectory="499ba426-a99c-4c84-bd48-1168f35a494a" />
    <UnitTestResult executionId="d6ac7763-c455-4431-bf80-088dc42eed3c" testId="33ad8b92-a294-28a8-50a7-fb68567a5873" testName="TestConstructor_ParsingWcfObject_Success" computerName="DKSR-EFI-06" duration="00:00:00.0008326" startTime="2024-01-09T15:43:09.5603488+01:00" endTime="2024-01-09T15:43:09.5603488+01:00" testType="13cdc9d9-ddb5-4fa4-a97d-d965ccfc6d4b" outcome="Passed" testListId="8c84fa94-04c1-424b-9868-57a2d4851a1d" relativeResultsDirectory="d6ac7763-c455-4431-bf80-088dc42eed3c" />
    <UnitTestResult executionId="1bfae3c1-6d97-4901-bc45-2cd3ccaa50af" testId="a99a19d5-d38e-a036-6805-96140b18d0f5" testName="TestWcfObject_GetWcfObject_Success" computerName="DKSR-EFI-06" duration="00:00:00.0005556" startTime="2024-01-09T15:43:09.8884760+01:00" endTime="2024-01-09T15:43:09.8884760+01:00" testType="13cdc9d9-ddb5-4fa4-a97d-d965ccfc6d4b" outcome="Passed" testListId="8c84fa94-04c1-424b-9868-57a2d4851a1d" relativeResultsDirectory="1bfae3c1-6d97-4901-bc45-2cd3ccaa50af" />
    <UnitTestResult executionId="83ca394c-1b4d-41df-9a18-e1ab73f3589e" testId="77cba1b8-d81f-5df6-acc7-2e681367e225" testName="TestQueryKindsVisibility_MultiKind_Success" computerName="DKSR-EFI-06" duration="00:00:00.0045556" startTime="2024-01-09T15:43:09.1384759+01:00" endTime="2024-01-09T15:43:09.1384759+01:00" testType="13cdc9d9-ddb5-4fa4-a97d-d965ccfc6d4b" outcome="Passed" testListId="8c84fa94-04c1-424b-9868-57a2d4851a1d" relativeResultsDirectory="83ca394c-1b4d-41df-9a18-e1ab73f3589e" />
    <UnitTestResult executionId="36e9f29a-4a3a-4027-8321-60c0e4a626ea" testId="7c715ebf-59d3-89bc-5957-83f19fad2bcf" testName="TestProperties_GetProperties_Success" computerName="DKSR-EFI-06" duration="00:00:00.0007122" startTime="2024-01-09T15:43:10.0447263+01:00" endTime="2024-01-09T15:43:10.0447263+01:00" testType="13cdc9d9-ddb5-4fa4-a97d-d965ccfc6d4b" outcome="Passed" testListId="8c84fa94-04c1-424b-9868-57a2d4851a1d" relativeResultsDirectory="36e9f29a-4a3a-4027-8321-60c0e4a626ea" />
    <UnitTestResult executionId="d0b8a88e-5c31-43a2-8e02-6441da634ef5" testId="131c4e67-90f7-5d65-1e4c-ceccc321216d" testName="Close_UnsubscribesFromMessage" computerName="DKSR-EFI-06" duration="00:00:00.0074720" startTime="2024-01-09T15:43:06.3572130+01:00" endTime="2024-01-09T15:43:06.3572130+01:00" testType="13cdc9d9-ddb5-4fa4-a97d-d965ccfc6d4b" outcome="Passed" testListId="8c84fa94-04c1-424b-9868-57a2d4851a1d" relativeResultsDirectory="d0b8a88e-5c31-43a2-8e02-6441da634ef5" />
    <UnitTestResult executionId="608aba04-1a81-4aac-8031-c87900931db7" testId="70239cb1-bb29-2718-47f7-8af376b9afbe" testName="TestWcfObject_ConvertToWcfObjectWithNullLayers_Success" computerName="DKSR-EFI-06" duration="00:00:00.0031274" startTime="2024-01-09T15:43:09.7322291+01:00" endTime="2024-01-09T15:43:09.7322291+01:00" testType="13cdc9d9-ddb5-4fa4-a97d-d965ccfc6d4b" outcome="Passed" testListId="8c84fa94-04c1-424b-9868-57a2d4851a1d" relativeResultsDirectory="608aba04-1a81-4aac-8031-c87900931db7" />
    <UnitTestResult executionId="4f80aba2-eb3e-4fed-b091-d380413ce395" testId="7f45314b-74ac-fe0a-6d3f-b3488a713648" testName="TestProperties_GetProperties_Success" computerName="DKSR-EFI-06" duration="00:00:00.0009468" startTime="2024-01-09T15:43:10.5291057+01:00" endTime="2024-01-09T15:43:10.5291057+01:00" testType="13cdc9d9-ddb5-4fa4-a97d-d965ccfc6d4b" outcome="Passed" testListId="8c84fa94-04c1-424b-9868-57a2d4851a1d" relativeResultsDirectory="4f80aba2-eb3e-4fed-b091-d380413ce395" />
    <UnitTestResult executionId="96c56311-69da-4277-9e98-53935e2e2343" testId="0af8387f-0f3d-a472-ff6c-783b0b9abf4c" testName="GetClusters_5Items_Offset2" computerName="DKSR-EFI-06" duration="00:00:00.0018992" startTime="2024-01-09T15:43:11.3259801+01:00" endTime="2024-01-09T15:43:11.3416060+01:00" testType="13cdc9d9-ddb5-4fa4-a97d-d965ccfc6d4b" outcome="Passed" testListId="8c84fa94-04c1-424b-9868-57a2d4851a1d" relativeResultsDirectory="96c56311-69da-4277-9e98-53935e2e2343" />
    <UnitTestResult executionId="a4c6e653-04be-4e6a-a88d-ca8b640bc4b2" testId="afe8f66e-42c6-0a57-f65b-6396de58b87a" testName="TestWcfObject_GetWcfObjectWithoutExtent_Success" computerName="DKSR-EFI-06" duration="00:00:00.0012315" startTime="2024-01-09T15:43:10.1853512+01:00" endTime="2024-01-09T15:43:10.1853512+01:00" testType="13cdc9d9-ddb5-4fa4-a97d-d965ccfc6d4b" outcome="Passed" testListId="8c84fa94-04c1-424b-9868-57a2d4851a1d" relativeResultsDirectory="a4c6e653-04be-4e6a-a88d-ca8b640bc4b2" />
    <UnitTestResult executionId="94a9e2c4-7d2e-4e2a-b114-6a1d181ab954" testId="d7acaedb-eac0-4b1f-6d63-f57e9d538c04" testName="TestUpdateLevel_DatabaseException_Failure" computerName="DKSR-EFI-06" duration="00:00:00.0044265" startTime="2024-01-09T15:43:08.4197215+01:00" endTime="2024-01-09T15:43:08.4197215+01:00" testType="13cdc9d9-ddb5-4fa4-a97d-d965ccfc6d4b" outcome="Passed" testListId="8c84fa94-04c1-424b-9868-57a2d4851a1d" relativeResultsDirectory="94a9e2c4-7d2e-4e2a-b114-6a1d181ab954" />
    <UnitTestResult executionId="be3c202e-e18a-4bf4-be26-1983c5eee007" testId="26371502-1758-5e64-68b2-e0132da265a1" testName="GetClusters_ThrowsExceptionWhenNotInit" computerName="DKSR-EFI-06" duration="00:00:00.0007459" startTime="2024-01-09T15:43:11.7166072+01:00" endTime="2024-01-09T15:43:11.7166072+01:00" testType="13cdc9d9-ddb5-4fa4-a97d-d965ccfc6d4b" outcome="Passed" testListId="8c84fa94-04c1-424b-9868-57a2d4851a1d" relativeResultsDirectory="be3c202e-e18a-4bf4-be26-1983c5eee007" />
    <UnitTestResult executionId="f11d9976-e3f0-4203-9511-1a59eae6ec83" testId="5d294bba-2ebf-290a-e853-ad009704c202" testName="BuildingEvents_Reaction" computerName="DKSR-EFI-06" duration="00:00:00.0968508" startTime="2024-01-09T15:43:06.3572130+01:00" endTime="2024-01-09T15:43:06.4509624+01:00" testType="13cdc9d9-ddb5-4fa4-a97d-d965ccfc6d4b" outcome="Passed" testListId="8c84fa94-04c1-424b-9868-57a2d4851a1d" relativeResultsDirectory="f11d9976-e3f0-4203-9511-1a59eae6ec83" />
    <UnitTestResult executionId="93959cf4-0253-4c79-b9b8-c9f111aef24d" testId="d2cc6638-fdf5-bcda-78fa-c3a5a7f5d3ea" testName="TestPropertyNames_GettingPropertyNames_Success" computerName="DKSR-EFI-06" duration="00:00:00.0012575" startTime="2024-01-09T15:43:09.7478520+01:00" endTime="2024-01-09T15:43:09.7478520+01:00" testType="13cdc9d9-ddb5-4fa4-a97d-d965ccfc6d4b" outcome="Passed" testListId="8c84fa94-04c1-424b-9868-57a2d4851a1d" relativeResultsDirectory="93959cf4-0253-4c79-b9b8-c9f111aef24d" />
    <UnitTestResult executionId="7dd4e72b-ad03-489c-97d7-8a6c63639904" testId="3bf901ad-8957-ad5e-296f-dd63c0fdc478" testName="BuildClusters_Levels" computerName="DKSR-EFI-06" duration="00:00:00.0804908" startTime="2024-01-09T15:43:12.1697330+01:00" endTime="2024-01-09T15:43:12.2478591+01:00" testType="13cdc9d9-ddb5-4fa4-a97d-d965ccfc6d4b" outcome="Passed" testListId="8c84fa94-04c1-424b-9868-57a2d4851a1d" relativeResultsDirectory="7dd4e72b-ad03-489c-97d7-8a6c63639904" />
    <UnitTestResult executionId="fd015572-b3b9-4ef5-af8d-ff47856a1787" testId="fa6de487-a47b-e1b2-0660-76fc5d8d43a9" testName="TestConstructor_ParsingWcfObjectWithoutExtent_Success" computerName="DKSR-EFI-06" duration="00:00:00.0002513" startTime="2024-01-09T15:43:10.4041027+01:00" endTime="2024-01-09T15:43:10.4041027+01:00" testType="13cdc9d9-ddb5-4fa4-a97d-d965ccfc6d4b" outcome="Passed" testListId="8c84fa94-04c1-424b-9868-57a2d4851a1d" relativeResultsDirectory="fd015572-b3b9-4ef5-af8d-ff47856a1787" />
    <UnitTestResult executionId="653ec08f-a6d2-4005-a8cf-12ac2ff22745" testId="873b0ec3-8762-3e25-eb95-5c23fee39684" testName="TestQueryBuildingByBuildingId_MultipleRows_Failure" computerName="DKSR-EFI-06" duration="00:00:00.0099077" startTime="2024-01-09T15:43:07.2165918+01:00" endTime="2024-01-09T15:43:07.2322172+01:00" testType="13cdc9d9-ddb5-4fa4-a97d-d965ccfc6d4b" outcome="Passed" testListId="8c84fa94-04c1-424b-9868-57a2d4851a1d" relativeResultsDirectory="653ec08f-a6d2-4005-a8cf-12ac2ff22745" />
    <UnitTestResult executionId="ae931268-485d-464c-8bf9-b7ee1860c209" testId="97aa3fa1-18ae-4ef4-802a-81d1bbb86107" testName="TestUpdateProperties_UpdateAllProperties_Success" computerName="DKSR-EFI-06" duration="00:00:00.0008668" startTime="2024-01-09T15:43:09.4353486+01:00" endTime="2024-01-09T15:43:09.4509769+01:00" testType="13cdc9d9-ddb5-4fa4-a97d-d965ccfc6d4b" outcome="Passed" testListId="8c84fa94-04c1-424b-9868-57a2d4851a1d" relativeResultsDirectory="ae931268-485d-464c-8bf9-b7ee1860c209" />
    <UnitTestResult executionId="cf779527-ac01-4351-9545-23a3cc0a07e3" testId="e861b9e3-e4b2-69ea-5675-3905004d5ab3" testName="TestAuditLog_AuditLogLevelAdded_WithMapItems_Success" computerName="DKSR-EFI-06" duration="00:00:00.0124638" startTime="2024-01-09T15:43:12.8416096+01:00" endTime="2024-01-09T15:43:12.8572353+01:00" testType="13cdc9d9-ddb5-4fa4-a97d-d965ccfc6d4b" outcome="Passed" testListId="8c84fa94-04c1-424b-9868-57a2d4851a1d" relativeResultsDirectory="cf779527-ac01-4351-9545-23a3cc0a07e3" />
    <UnitTestResult executionId="6d0de192-f915-49f7-bdc5-8c2d61097e98" testId="dfff711d-2880-9857-f959-f5692bac9747" testName="TestConstructor_ParsingWcfObject_Success" computerName="DKSR-EFI-06" duration="00:00:00.0033804" startTime="2024-01-09T15:43:09.2947253+01:00" endTime="2024-01-09T15:43:09.2947253+01:00" testType="13cdc9d9-ddb5-4fa4-a97d-d965ccfc6d4b" outcome="Passed" testListId="8c84fa94-04c1-424b-9868-57a2d4851a1d" relativeResultsDirectory="6d0de192-f915-49f7-bdc5-8c2d61097e98" />
    <UnitTestResult executionId="576a9c15-944b-4a92-ad14-15a8f6f433f0" testId="587a0f19-ab82-2c4f-fcdb-f629754ca072" testName="TestAuditLog_AuditLogItemChanged_AddingRemovingLinkFromEmptyTargetServerId_Success" computerName="DKSR-EFI-06" duration="00:00:00.0127597" startTime="2024-01-09T15:43:11.0916073+01:00" endTime="2024-01-09T15:43:11.0916073+01:00" testType="13cdc9d9-ddb5-4fa4-a97d-d965ccfc6d4b" outcome="Passed" testListId="8c84fa94-04c1-424b-9868-57a2d4851a1d" relativeResultsDirectory="576a9c15-944b-4a92-ad14-15a8f6f433f0" />
    <UnitTestResult executionId="37bcae5b-bbc3-4de2-8671-b5d8f7d14cf9" testId="179e1ee4-3947-d241-311c-7731522f179c" testName="Init_TestInitTwice" computerName="DKSR-EFI-06" duration="00:00:00.0133077" startTime="2024-01-09T15:43:05.9040850+01:00" endTime="2024-01-09T15:43:05.9197119+01:00" testType="13cdc9d9-ddb5-4fa4-a97d-d965ccfc6d4b" outcome="Passed" testListId="8c84fa94-04c1-424b-9868-57a2d4851a1d" relativeResultsDirectory="37bcae5b-bbc3-4de2-8671-b5d8f7d14cf9" />
    <UnitTestResult executionId="dce822f7-9355-4457-80ce-ed32416823f6" testId="cf98c7bf-0c18-8bef-f9b4-06b50799a21c" testName="TestUpdateBuildingOutline_Success" computerName="DKSR-EFI-06" duration="00:00:00.0149797" startTime="2024-01-09T15:43:07.7790937+01:00" endTime="2024-01-09T15:43:07.7947171+01:00" testType="13cdc9d9-ddb5-4fa4-a97d-d965ccfc6d4b" outcome="Passed" testListId="8c84fa94-04c1-424b-9868-57a2d4851a1d" relativeResultsDirectory="dce822f7-9355-4457-80ce-ed32416823f6" />
    <UnitTestResult executionId="6e409c97-359b-459b-9c25-89083dfb02b0" testId="c943880c-92b5-0eac-bae2-657d33d02b76" testName="TestProperties_GetPropertiesFromWcfObject_Success" computerName="DKSR-EFI-06" duration="00:00:00.0010296" startTime="2024-01-09T15:43:10.6384785+01:00" endTime="2024-01-09T15:43:10.6384785+01:00" testType="13cdc9d9-ddb5-4fa4-a97d-d965ccfc6d4b" outcome="Passed" testListId="8c84fa94-04c1-424b-9868-57a2d4851a1d" relativeResultsDirectory="6e409c97-359b-459b-9c25-89083dfb02b0" />
    <UnitTestResult executionId="d557b9d3-eaf3-4fe9-87e4-2c64fd2117a2" testId="2c89b3f6-f469-5955-a32a-c0758733b827" testName="TestAuditLog_AuditLogWithNullItemAuditParameters_Failure" computerName="DKSR-EFI-06" duration="00:00:00.0031053" startTime="2024-01-09T15:43:09.9666041+01:00" endTime="2024-01-09T15:43:09.9822276+01:00" testType="13cdc9d9-ddb5-4fa4-a97d-d965ccfc6d4b" outcome="Passed" testListId="8c84fa94-04c1-424b-9868-57a2d4851a1d" relativeResultsDirectory="d557b9d3-eaf3-4fe9-87e4-2c64fd2117a2" />
    <UnitTestResult executionId="a7d852fd-d5aa-41d4-abf2-363cae264eeb" testId="6b423d08-c227-f5f8-3808-2400a4c07d70" testName="TestWcfObject_GetWcfObject_Success" computerName="DKSR-EFI-06" duration="00:00:00.0008758" startTime="2024-01-09T15:43:10.4041027+01:00" endTime="2024-01-09T15:43:10.4041027+01:00" testType="13cdc9d9-ddb5-4fa4-a97d-d965ccfc6d4b" outcome="Passed" testListId="8c84fa94-04c1-424b-9868-57a2d4851a1d" relativeResultsDirectory="a7d852fd-d5aa-41d4-abf2-363cae264eeb" />
    <UnitTestResult executionId="f04f9f41-b410-4e8d-a7d5-5116447131db" testId="ac3a7322-cc2f-ea3b-97f9-3379a3199eb7" testName="TestAuditLog_AuditLogItemAddedWithUnknownLocation_Success" computerName="DKSR-EFI-06" duration="00:00:00.0067088" startTime="2024-01-09T15:43:10.9666066+01:00" endTime="2024-01-09T15:43:10.9666066+01:00" testType="13cdc9d9-ddb5-4fa4-a97d-d965ccfc6d4b" outcome="Passed" testListId="8c84fa94-04c1-424b-9868-57a2d4851a1d" relativeResultsDirectory="f04f9f41-b410-4e8d-a7d5-5116447131db" />
    <UnitTestResult executionId="e307e9b3-6df6-4b01-88ef-75c6922d9524" testId="9ad53845-14f4-c284-f6a5-248e9e3aba27" testName="TestConstructor_ParsingWcfObjectWithNull_Success" computerName="DKSR-EFI-06" duration="00:00:00.0006007" startTime="2024-01-09T15:43:10.0447263+01:00" endTime="2024-01-09T15:43:10.0447263+01:00" testType="13cdc9d9-ddb5-4fa4-a97d-d965ccfc6d4b" outcome="Passed" testListId="8c84fa94-04c1-424b-9868-57a2d4851a1d" relativeResultsDirectory="e307e9b3-6df6-4b01-88ef-75c6922d9524" />
    <UnitTestResult executionId="af491d3f-71c3-47f3-97d0-33df39f63241" testId="8c344fd2-ca4e-27dc-cb75-8ed7a4e958eb" testName="TestConstructor_ParsingWcfObjectWithNull_Success" computerName="DKSR-EFI-06" duration="00:00:00.0010203" startTime="2024-01-09T15:43:09.8728510+01:00" endTime="2024-01-09T15:43:09.8728510+01:00" testType="13cdc9d9-ddb5-4fa4-a97d-d965ccfc6d4b" outcome="Passed" testListId="8c84fa94-04c1-424b-9868-57a2d4851a1d" relativeResultsDirectory="af491d3f-71c3-47f3-97d0-33df39f63241" />
    <UnitTestResult executionId="d2106446-58d9-48c6-8397-3bedb8d723e4" testId="4a13064a-2552-f664-e680-77edaca93e76" testName="Init_SubscribesToMessage" computerName="DKSR-EFI-06" duration="00:00:00.1022445" startTime="2024-01-09T15:43:06.2478398+01:00" endTime="2024-01-09T15:43:06.3415885+01:00" testType="13cdc9d9-ddb5-4fa4-a97d-d965ccfc6d4b" outcome="Passed" testListId="8c84fa94-04c1-424b-9868-57a2d4851a1d" relativeResultsDirectory="d2106446-58d9-48c6-8397-3bedb8d723e4" />
    <UnitTestResult executionId="87a1c706-5e46-4803-b2c3-7a947d8a126e" testId="c5a0d84f-93b6-08cd-1dd9-05e7cea29945" testName="TestConstructor_Success" computerName="DKSR-EFI-06" duration="00:00:00.0001891" startTime="2024-01-09T15:43:12.6541109+01:00" endTime="2024-01-09T15:43:12.6541109+01:00" testType="13cdc9d9-ddb5-4fa4-a97d-d965ccfc6d4b" outcome="Passed" testListId="8c84fa94-04c1-424b-9868-57a2d4851a1d" relativeResultsDirectory="87a1c706-5e46-4803-b2c3-7a947d8a126e" />
    <UnitTestResult executionId="8e745ead-097f-4ddc-a039-3f268e9a7e89" testId="e97f4669-3c86-1034-0a38-98883988da58" testName="TestConstructor_ParsingWcfObjectWithNullLayers_Success" computerName="DKSR-EFI-06" duration="00:00:00.0026359" startTime="2024-01-09T15:43:09.6853540+01:00" endTime="2024-01-09T15:43:09.6853540+01:00" testType="13cdc9d9-ddb5-4fa4-a97d-d965ccfc6d4b" outcome="Passed" testListId="8c84fa94-04c1-424b-9868-57a2d4851a1d" relativeResultsDirectory="8e745ead-097f-4ddc-a039-3f268e9a7e89" />
    <UnitTestResult executionId="8e82c814-b811-46cd-9b37-d4c6b5be475e" testId="a69e04e0-8d31-9c0a-776d-0b72ee598d47" testName="TestAuditLog_AuditLogLegacyLinkWithEmptyTargetMapId_Success" computerName="DKSR-EFI-06" duration="00:00:00.0050217" startTime="2024-01-09T15:43:10.6853533+01:00" endTime="2024-01-09T15:43:10.7009801+01:00" testType="13cdc9d9-ddb5-4fa4-a97d-d965ccfc6d4b" outcome="Passed" testListId="8c84fa94-04c1-424b-9868-57a2d4851a1d" relativeResultsDirectory="8e82c814-b811-46cd-9b37-d4c6b5be475e" />
    <UnitTestResult executionId="9077773d-3ee0-420f-a8d2-35cef86d2159" testId="d1573ce3-bd92-2600-94b7-f1c11afafb7b" testName="TestUpdateBuildings_OnlyUnknownBuildings_Success" computerName="DKSR-EFI-06" duration="00:00:00.0024767" startTime="2024-01-09T15:43:08.0447191+01:00" endTime="2024-01-09T15:43:08.0447191+01:00" testType="13cdc9d9-ddb5-4fa4-a97d-d965ccfc6d4b" outcome="Passed" testListId="8c84fa94-04c1-424b-9868-57a2d4851a1d" relativeResultsDirectory="9077773d-3ee0-420f-a8d2-35cef86d2159" />
    <UnitTestResult executionId="d58602a5-081f-4d09-8ca9-f285f3e93783" testId="47589e2e-4b76-47f2-c72b-72b4285b8c83" testName="TestAddBuildings_NullOutline_Failure" computerName="DKSR-EFI-06" duration="00:00:00.0033895" startTime="2024-01-09T15:43:07.5134688+01:00" endTime="2024-01-09T15:43:07.5290934+01:00" testType="13cdc9d9-ddb5-4fa4-a97d-d965ccfc6d4b" outcome="Passed" testListId="8c84fa94-04c1-424b-9868-57a2d4851a1d" relativeResultsDirectory="d58602a5-081f-4d09-8ca9-f285f3e93783" />
    <UnitTestResult executionId="b6d577a0-ee08-4999-a41d-a8edcfd6afab" testId="6e851fc6-093b-40f1-26c3-a3721c560c72" testName="TestConstructor_ParsingWcfObjectNullOuterRing_Success" computerName="DKSR-EFI-06" duration="00:00:00.0008169" startTime="2024-01-09T15:43:12.6697345+01:00" endTime="2024-01-09T15:43:12.6697345+01:00" testType="13cdc9d9-ddb5-4fa4-a97d-d965ccfc6d4b" outcome="Passed" testListId="8c84fa94-04c1-424b-9868-57a2d4851a1d" relativeResultsDirectory="b6d577a0-ee08-4999-a41d-a8edcfd6afab" />
    <UnitTestResult executionId="0f14d97b-3b97-47e1-b1f0-b8d736efff1c" testId="9c19758e-d9ee-78de-7800-7d27fd6f112b" testName="TestWcfObject_GetWcfObjectWithoutPosition_Success" computerName="DKSR-EFI-06" duration="00:00:00.0007263" startTime="2024-01-09T15:43:10.9041035+01:00" endTime="2024-01-09T15:43:10.9197320+01:00" testType="13cdc9d9-ddb5-4fa4-a97d-d965ccfc6d4b" outcome="Passed" testListId="8c84fa94-04c1-424b-9868-57a2d4851a1d" relativeResultsDirectory="0f14d97b-3b97-47e1-b1f0-b8d736efff1c" />
    <UnitTestResult executionId="f3feaa8e-b04f-4396-818f-2fe829080f5e" testId="9c476a3a-eb18-5698-75f9-97279492aa92" testName="OnLevelsUpdated" computerName="DKSR-EFI-06" duration="00:00:00.0103273" startTime="2024-01-09T15:43:05.7165857+01:00" endTime="2024-01-09T15:43:05.7165857+01:00" testType="13cdc9d9-ddb5-4fa4-a97d-d965ccfc6d4b" outcome="Passed" testListId="8c84fa94-04c1-424b-9868-57a2d4851a1d" relativeResultsDirectory="f3feaa8e-b04f-4396-818f-2fe829080f5e" />
    <UnitTestResult executionId="78fa475c-df21-470b-87ee-a3842e6d0c33" testId="1ae99b50-4a58-b040-2d46-172bf2055039" testName="GetEnabledItemsAsync_Success" computerName="DKSR-EFI-06" duration="00:00:00.0420329" startTime="2024-01-09T15:43:06.1384613+01:00" endTime="2024-01-09T15:43:06.1853371+01:00" testType="13cdc9d9-ddb5-4fa4-a97d-d965ccfc6d4b" outcome="Passed" testListId="8c84fa94-04c1-424b-9868-57a2d4851a1d" relativeResultsDirectory="78fa475c-df21-470b-87ee-a3842e6d0c33" />
    <UnitTestResult executionId="07d2bfec-6f8f-4a98-87b6-5195d9701bc3" testId="cb02662b-9837-a44f-4572-7ad943af279f" testName="TestAuditLog_AuditLogLevelRemoved_Success" computerName="DKSR-EFI-06" duration="00:00:00.0057197" startTime="2024-01-09T15:43:12.9353598+01:00" endTime="2024-01-09T15:43:12.9510109+01:00" testType="13cdc9d9-ddb5-4fa4-a97d-d965ccfc6d4b" outcome="Passed" testListId="8c84fa94-04c1-424b-9868-57a2d4851a1d" relativeResultsDirectory="07d2bfec-6f8f-4a98-87b6-5195d9701bc3" />
    <UnitTestResult executionId="a29011d5-ac17-4acd-8e1f-d9bf67c51d8c" testId="cb978b57-3176-52a3-77aa-39092f280071" testName="ConstructorFromItem_InitializesFields" computerName="DKSR-EFI-06" duration="00:00:00.0008295" startTime="2024-01-09T15:43:11.9978583+01:00" endTime="2024-01-09T15:43:12.0134826+01:00" testType="13cdc9d9-ddb5-4fa4-a97d-d965ccfc6d4b" outcome="Passed" testListId="8c84fa94-04c1-424b-9868-57a2d4851a1d" relativeResultsDirectory="a29011d5-ac17-4acd-8e1f-d9bf67c51d8c" />
    <UnitTestResult executionId="0fa9502b-33b9-4a6a-8e03-3f20631c82b6" testId="1b8c2d97-2fe1-5cdf-2fc9-4f78207edb1d" testName="TestConstructor_ParsingWcfObject_NullMapItems_Success" computerName="DKSR-EFI-06" duration="00:00:00.0004990" startTime="2024-01-09T15:43:12.8103592+01:00" endTime="2024-01-09T15:43:12.8103592+01:00" testType="13cdc9d9-ddb5-4fa4-a97d-d965ccfc6d4b" outcome="Passed" testListId="8c84fa94-04c1-424b-9868-57a2d4851a1d" relativeResultsDirectory="0fa9502b-33b9-4a6a-8e03-3f20631c82b6" />
    <UnitTestResult executionId="b7b712ab-3682-476e-a9f6-19016d663f46" testId="78e1ad87-4fe8-4314-4c67-aedf5c8ef7d7" testName="TestCapabilities_OnlyLatestGeneration_Success" computerName="DKSR-EFI-06" duration="00:00:00.0008962" startTime="2024-01-09T15:43:06.6384628+01:00" endTime="2024-01-09T15:43:06.6384628+01:00" testType="13cdc9d9-ddb5-4fa4-a97d-d965ccfc6d4b" outcome="Passed" testListId="8c84fa94-04c1-424b-9868-57a2d4851a1d" relativeResultsDirectory="b7b712ab-3682-476e-a9f6-19016d663f46" />
    <UnitTestResult executionId="f7076b68-ef05-482f-9519-78ed57b7a113" testId="2ad0eb64-70cf-9075-752b-cdd33ae1fb88" testName="TestUpdateProperties_UpdateAllProperties_Success" computerName="DKSR-EFI-06" duration="00:00:00.0006344" startTime="2024-01-09T15:43:11.1384797+01:00" endTime="2024-01-09T15:43:11.1541057+01:00" testType="13cdc9d9-ddb5-4fa4-a97d-d965ccfc6d4b" outcome="Passed" testListId="8c84fa94-04c1-424b-9868-57a2d4851a1d" relativeResultsDirectory="f7076b68-ef05-482f-9519-78ed57b7a113" />
    <UnitTestResult executionId="43ba4a49-17ce-4de8-bfb8-014ac63ee627" testId="c9dae091-cbd1-5009-1467-3b9be0c62c7d" testName="TestUpdateProperties_UpdateAllProperties_Success" computerName="DKSR-EFI-06" duration="00:00:00.0009809" startTime="2024-01-09T15:43:10.4509783+01:00" endTime="2024-01-09T15:43:10.4509783+01:00" testType="13cdc9d9-ddb5-4fa4-a97d-d965ccfc6d4b" outcome="Passed" testListId="8c84fa94-04c1-424b-9868-57a2d4851a1d" relativeResultsDirectory="43ba4a49-17ce-4de8-bfb8-014ac63ee627" />
    <UnitTestResult executionId="309d92ed-8804-408a-b50e-b051b7c083a2" testId="9e3edf49-5afe-389d-fbb3-b0c5ca2c8ae8" testName="BuildClusters_ItemBelongsTo2Buildings_Still1Cluster" computerName="DKSR-EFI-06" duration="00:00:00.0091520" startTime="2024-01-09T15:43:12.2791081+01:00" endTime="2024-01-09T15:43:12.2947388+01:00" testType="13cdc9d9-ddb5-4fa4-a97d-d965ccfc6d4b" outcome="Passed" testListId="8c84fa94-04c1-424b-9868-57a2d4851a1d" relativeResultsDirectory="309d92ed-8804-408a-b50e-b051b7c083a2" />
    <UnitTestResult executionId="8e9c9ede-f2ed-419a-b7a9-1fd7aaaed45d" testId="44a11249-7c43-d64e-7844-c3ead76dcdd0" testName="TestWcfObject_GetWcfObjectWithoutExtent_Success" computerName="DKSR-EFI-06" duration="00:00:00.0012094" startTime="2024-01-09T15:43:10.5759799+01:00" endTime="2024-01-09T15:43:10.5759799+01:00" testType="13cdc9d9-ddb5-4fa4-a97d-d965ccfc6d4b" outcome="Passed" testListId="8c84fa94-04c1-424b-9868-57a2d4851a1d" relativeResultsDirectory="8e9c9ede-f2ed-419a-b7a9-1fd7aaaed45d" />
    <UnitTestResult executionId="4b906cf3-3c9e-4643-a6f5-d37f70c36328" testId="3764f41b-f9cb-0885-316f-a957903d1b79" testName="TestWcfObject_GetWcfObject_Success" computerName="DKSR-EFI-06" duration="00:00:00.0014052" startTime="2024-01-09T15:43:10.4353555+01:00" endTime="2024-01-09T15:43:10.4353555+01:00" testType="13cdc9d9-ddb5-4fa4-a97d-d965ccfc6d4b" outcome="Passed" testListId="8c84fa94-04c1-424b-9868-57a2d4851a1d" relativeResultsDirectory="4b906cf3-3c9e-4643-a6f5-d37f70c36328" />
    <UnitTestResult executionId="f886892f-33fa-462d-9bf2-5b1c2d861367" testId="176216d1-7732-025a-8e79-d4f3f1aa10fd" testName="TestConstructor_ParsingWcfObject_Success" computerName="DKSR-EFI-06" duration="00:00:00.0012169" startTime="2024-01-09T15:43:10.4197294+01:00" endTime="2024-01-09T15:43:10.4197294+01:00" testType="13cdc9d9-ddb5-4fa4-a97d-d965ccfc6d4b" outcome="Passed" testListId="8c84fa94-04c1-424b-9868-57a2d4851a1d" relativeResultsDirectory="f886892f-33fa-462d-9bf2-5b1c2d861367" />
    <UnitTestResult executionId="65560648-4f9b-421d-9372-7ab9f7302cf4" testId="769ad065-b453-04e8-0c52-e6d5a58cc896" testName="TestUpdateLayer_Success" computerName="DKSR-EFI-06" duration="00:00:00.0225849" startTime="2024-01-09T15:43:09.0603482+01:00" endTime="2024-01-09T15:43:09.0915986+01:00" testType="13cdc9d9-ddb5-4fa4-a97d-d965ccfc6d4b" outcome="Passed" testListId="8c84fa94-04c1-424b-9868-57a2d4851a1d" relativeResultsDirectory="65560648-4f9b-421d-9372-7ab9f7302cf4" />
    <UnitTestResult executionId="949f7551-95cd-4aa9-934d-51308ecf1818" testId="8194709e-7083-fd62-5a37-46cd930544c2" testName="TestAddLayer_NotAutoAssign_Success" computerName="DKSR-EFI-06" duration="00:00:00.0137392" startTime="2024-01-09T15:43:09.0447244+01:00" endTime="2024-01-09T15:43:09.0603482+01:00" testType="13cdc9d9-ddb5-4fa4-a97d-d965ccfc6d4b" outcome="Passed" testListId="8c84fa94-04c1-424b-9868-57a2d4851a1d" relativeResultsDirectory="949f7551-95cd-4aa9-934d-51308ecf1818" />
    <UnitTestResult executionId="cfaa681c-08c8-4c10-b619-2b301cabba05" testId="a8b24ec3-7728-f6a5-d914-26a6e3351701" testName="TestConstructor_ParsingWcfObjectWithNull_Success" computerName="DKSR-EFI-06" duration="00:00:00.0009985" startTime="2024-01-09T15:43:10.3884755+01:00" endTime="2024-01-09T15:43:10.3884755+01:00" testType="13cdc9d9-ddb5-4fa4-a97d-d965ccfc6d4b" outcome="Passed" testListId="8c84fa94-04c1-424b-9868-57a2d4851a1d" relativeResultsDirectory="cfaa681c-08c8-4c10-b619-2b301cabba05" />
    <UnitTestResult executionId="c93f812f-b68b-4f5b-91b4-fb62b26c9e15" testId="f1a27f63-14ad-6394-e19e-207bf0a14e39" testName="TestQueryLevelsByBuildingId_MultipleRows_Success" computerName="DKSR-EFI-06" duration="00:00:00.0611137" startTime="2024-01-09T15:43:08.0759711+01:00" endTime="2024-01-09T15:43:08.1228444+01:00" testType="13cdc9d9-ddb5-4fa4-a97d-d965ccfc6d4b" outcome="Passed" testListId="8c84fa94-04c1-424b-9868-57a2d4851a1d" relativeResultsDirectory="c93f812f-b68b-4f5b-91b4-fb62b26c9e15" />
    <UnitTestResult executionId="4d42d372-dec3-457a-b0dc-835d4ec088c7" testId="5ceb6db9-46b0-6675-2a85-42305df4f4fe" testName="GetClusters_EmptyResultWhenKindUnknown" computerName="DKSR-EFI-06" duration="00:00:00.0035841" startTime="2024-01-09T15:43:06.1072106+01:00" endTime="2024-01-09T15:43:06.1072106+01:00" testType="13cdc9d9-ddb5-4fa4-a97d-d965ccfc6d4b" outcome="Passed" testListId="8c84fa94-04c1-424b-9868-57a2d4851a1d" relativeResultsDirectory="4d42d372-dec3-457a-b0dc-835d4ec088c7" />
    <UnitTestResult executionId="c52d8734-ee10-41e4-b311-b90abce0d2f1" testId="6e59caa7-d3d7-2228-d2ea-7c7e50d33d8a" testName="Move_Success" computerName="DKSR-EFI-06" duration="00:00:00.0171036" startTime="2024-01-09T15:43:05.9509602+01:00" endTime="2024-01-09T15:43:05.9822141+01:00" testType="13cdc9d9-ddb5-4fa4-a97d-d965ccfc6d4b" outcome="Passed" testListId="8c84fa94-04c1-424b-9868-57a2d4851a1d" relativeResultsDirectory="c52d8734-ee10-41e4-b311-b90abce0d2f1" />
    <UnitTestResult executionId="a81cc962-1e55-47c8-a671-15c9ddcef895" testId="494968e9-e16f-5064-9941-93749fe48f08" testName="TestConstructor_ParsingWcfObjectWithNull_ArgumentNullException" computerName="DKSR-EFI-06" duration="00:00:00.0007528" startTime="2024-01-09T15:43:10.5603528+01:00" endTime="2024-01-09T15:43:10.5603528+01:00" testType="13cdc9d9-ddb5-4fa4-a97d-d965ccfc6d4b" outcome="Passed" testListId="8c84fa94-04c1-424b-9868-57a2d4851a1d" relativeResultsDirectory="a81cc962-1e55-47c8-a671-15c9ddcef895" />
    <UnitTestResult executionId="ace98231-8f26-4079-8974-7b137eb6719b" testId="a8ee5df4-e99a-0461-e037-d49becc39127" testName="TestPropertyNames_GettingPropertyNames_Success" computerName="DKSR-EFI-06" duration="00:00:00.0004136" startTime="2024-01-09T15:43:11.1384797+01:00" endTime="2024-01-09T15:43:11.1384797+01:00" testType="13cdc9d9-ddb5-4fa4-a97d-d965ccfc6d4b" outcome="Passed" testListId="8c84fa94-04c1-424b-9868-57a2d4851a1d" relativeResultsDirectory="ace98231-8f26-4079-8974-7b137eb6719b" />
    <UnitTestResult executionId="2b04ae97-1fe1-479c-b886-db075cd1fc4e" testId="5d950d2b-db19-8586-aab7-9626ab9aaae8" testName="TestAuditLog_AuditLogChanged_AddingRemovingLegacyLinkChangingTargetMapId_Success" computerName="DKSR-EFI-06" duration="00:00:00.0177173" startTime="2024-01-09T15:43:10.8416987+01:00" endTime="2024-01-09T15:43:10.8572294+01:00" testType="13cdc9d9-ddb5-4fa4-a97d-d965ccfc6d4b" outcome="Passed" testListId="8c84fa94-04c1-424b-9868-57a2d4851a1d" relativeResultsDirectory="2b04ae97-1fe1-479c-b886-db075cd1fc4e" />
    <UnitTestResult executionId="8d4ff5f9-2bea-4911-acde-117b8a4e4bb4" testId="be8bbfdf-5cee-e570-a087-d8a3e11536eb" testName="TestUpdateLevel_Success" computerName="DKSR-EFI-06" duration="00:00:00.0361283" startTime="2024-01-09T15:43:08.3104261+01:00" endTime="2024-01-09T15:43:08.3415975+01:00" testType="13cdc9d9-ddb5-4fa4-a97d-d965ccfc6d4b" outcome="Passed" testListId="8c84fa94-04c1-424b-9868-57a2d4851a1d" relativeResultsDirectory="8d4ff5f9-2bea-4911-acde-117b8a4e4bb4" />
    <UnitTestResult executionId="0e7627c6-feac-44e2-ab46-a3ebb204a080" testId="59236ceb-c740-a9fb-456c-b7bc04607c61" testName="TestConstructor_ParsingWcfObject_Success" computerName="DKSR-EFI-06" duration="00:00:00.0012754" startTime="2024-01-09T15:43:10.3416466+01:00" endTime="2024-01-09T15:43:10.3416466+01:00" testType="13cdc9d9-ddb5-4fa4-a97d-d965ccfc6d4b" outcome="Passed" testListId="8c84fa94-04c1-424b-9868-57a2d4851a1d" relativeResultsDirectory="0e7627c6-feac-44e2-ab46-a3ebb204a080" />
    <UnitTestResult executionId="f0c692da-010f-452d-a959-85e0a718c0c9" testId="1cab35a8-b0c5-387d-68e8-13b5d64c34a9" testName="ConstructorFromItem_WhenEnabledFalse_IsMapEnabledFalse" computerName="DKSR-EFI-06" duration="00:00:00.0002420" startTime="2024-01-09T15:43:12.0134826+01:00" endTime="2024-01-09T15:43:12.0134826+01:00" testType="13cdc9d9-ddb5-4fa4-a97d-d965ccfc6d4b" outcome="Passed" testListId="8c84fa94-04c1-424b-9868-57a2d4851a1d" relativeResultsDirectory="f0c692da-010f-452d-a959-85e0a718c0c9" />
    <UnitTestResult executionId="2981c313-6ff6-4bdc-ba23-5dd6065f8a6c" testId="e07fad58-8c83-04cf-2df6-998e29b37428" testName="TestConstructor_Success" computerName="DKSR-EFI-06" duration="00:00:00.0006371" startTime="2024-01-09T15:43:09.5291042+01:00" endTime="2024-01-09T15:43:09.5291042+01:00" testType="13cdc9d9-ddb5-4fa4-a97d-d965ccfc6d4b" outcome="Passed" testListId="8c84fa94-04c1-424b-9868-57a2d4851a1d" relativeResultsDirectory="2981c313-6ff6-4bdc-ba23-5dd6065f8a6c" />
    <UnitTestResult executionId="a4b2b247-e9ac-4598-a7ef-b1c414266950" testId="d1a27594-4f18-9b17-9e55-306b1cffb20d" testName="TestConstructor_ParsingWcfObject_Success" computerName="DKSR-EFI-06" duration="00:00:00.0004124" startTime="2024-01-09T15:43:10.0447263+01:00" endTime="2024-01-09T15:43:10.0447263+01:00" testType="13cdc9d9-ddb5-4fa4-a97d-d965ccfc6d4b" outcome="Passed" testListId="8c84fa94-04c1-424b-9868-57a2d4851a1d" relativeResultsDirectory="a4b2b247-e9ac-4598-a7ef-b1c414266950" />
    <UnitTestResult executionId="97c1265e-9f87-4117-868b-48bcbb6dc4d7" testId="b9bd6d8c-3df7-0bc0-636a-207c0f6f708c" testName="OnBuildingsDeleted" computerName="DKSR-EFI-06" duration="00:00:00.0008165" startTime="2024-01-09T15:43:05.7009626+01:00" endTime="2024-01-09T15:43:05.7165857+01:00" testType="13cdc9d9-ddb5-4fa4-a97d-d965ccfc6d4b" outcome="Passed" testListId="8c84fa94-04c1-424b-9868-57a2d4851a1d" relativeResultsDirectory="97c1265e-9f87-4117-868b-48bcbb6dc4d7" />
    <UnitTestResult executionId="f7d6fa46-5b80-4520-b3a1-830689a4b686" testId="ef11c466-bb59-1011-9803-0914c21a535a" testName="Constructor_ItemsSet" computerName="DKSR-EFI-06" duration="00:00:00.0015263" startTime="2024-01-09T15:43:12.3416072+01:00" endTime="2024-01-09T15:43:12.3416072+01:00" testType="13cdc9d9-ddb5-4fa4-a97d-d965ccfc6d4b" outcome="Passed" testListId="8c84fa94-04c1-424b-9868-57a2d4851a1d" relativeResultsDirectory="f7d6fa46-5b80-4520-b3a1-830689a4b686" />
    <UnitTestResult executionId="3fa3212c-2fcd-42c5-8112-84fd26353e2d" testId="2cfb7e90-0af1-6c66-4060-07f2a94c8dee" testName="GetClusters_StrategyCalledWithIndividualItemsOnlyTrue_WhenScaleIsLessThanMinimum" computerName="DKSR-EFI-06" duration="00:00:00.0042037" startTime="2024-01-09T15:43:11.3572697+01:00" endTime="2024-01-09T15:43:11.3572697+01:00" testType="13cdc9d9-ddb5-4fa4-a97d-d965ccfc6d4b" outcome="Passed" testListId="8c84fa94-04c1-424b-9868-57a2d4851a1d" relativeResultsDirectory="3fa3212c-2fcd-42c5-8112-84fd26353e2d" />
    <UnitTestResult executionId="1998f9b4-bf36-413b-af13-5657e91cca25" testId="87b6963a-14f0-3758-db39-bb05a3ddfb74" testName="TestConstructor_ParsingWcfObject_Success" computerName="DKSR-EFI-06" duration="00:00:00.0004557" startTime="2024-01-09T15:43:10.2791034+01:00" endTime="2024-01-09T15:43:10.2791034+01:00" testType="13cdc9d9-ddb5-4fa4-a97d-d965ccfc6d4b" outcome="Passed" testListId="8c84fa94-04c1-424b-9868-57a2d4851a1d" relativeResultsDirectory="1998f9b4-bf36-413b-af13-5657e91cca25" />
    <UnitTestResult executionId="3d8a726a-158c-4bba-a692-af0bfa232775" testId="80143aa7-6703-945c-b8b2-c6dc9d604a4b" testName="TestProperties_GetProperties_Success" computerName="DKSR-EFI-06" duration="00:00:00.0009138" startTime="2024-01-09T15:43:10.5916028+01:00" endTime="2024-01-09T15:43:10.5916028+01:00" testType="13cdc9d9-ddb5-4fa4-a97d-d965ccfc6d4b" outcome="Passed" testListId="8c84fa94-04c1-424b-9868-57a2d4851a1d" relativeResultsDirectory="3d8a726a-158c-4bba-a692-af0bfa232775" />
    <UnitTestResult executionId="d146252d-b19d-4cae-92b3-53b8ff27b4d5" testId="bfd4fe82-f2d9-d173-cede-18fa0c3510b9" testName="TestProperties_GetProperties_Success" computerName="DKSR-EFI-06" duration="00:00:00.0008079" startTime="2024-01-09T15:43:10.3884755+01:00" endTime="2024-01-09T15:43:10.3884755+01:00" testType="13cdc9d9-ddb5-4fa4-a97d-d965ccfc6d4b" outcome="Passed" testListId="8c84fa94-04c1-424b-9868-57a2d4851a1d" relativeResultsDirectory="d146252d-b19d-4cae-92b3-53b8ff27b4d5" />
    <UnitTestResult executionId="dc538a60-a4e1-4816-9865-826cbf3f455b" testId="b8bd6f81-a5e9-d969-ad7d-d2c75c8084ad" testName="ReaddItem_KeepsId" computerName="DKSR-EFI-06" duration="00:00:00.0011377" startTime="2024-01-09T15:43:12.3886400+01:00" endTime="2024-01-09T15:43:12.3886400+01:00" testType="13cdc9d9-ddb5-4fa4-a97d-d965ccfc6d4b" outcome="Passed" testListId="8c84fa94-04c1-424b-9868-57a2d4851a1d" relativeResultsDirectory="dc538a60-a4e1-4816-9865-826cbf3f455b" />
    <UnitTestResult executionId="ac1df562-1e22-4f23-958d-36a9b5d6bc1a" testId="1c2a8c06-877d-88dd-3bb9-78c2306a3033" testName="TestConstructor_Success" computerName="DKSR-EFI-06" duration="00:00:00.0009330" startTime="2024-01-09T15:43:10.8884813+01:00" endTime="2024-01-09T15:43:10.8884813+01:00" testType="13cdc9d9-ddb5-4fa4-a97d-d965ccfc6d4b" outcome="Passed" testListId="8c84fa94-04c1-424b-9868-57a2d4851a1d" relativeResultsDirectory="ac1df562-1e22-4f23-958d-36a9b5d6bc1a" />
    <UnitTestResult executionId="e61878a7-06be-4c22-873a-8c52b8df77f1" testId="8391f402-d143-5964-176a-6ac406d2c593" testName="TestProperties_GetProperties_Success" computerName="DKSR-EFI-06" duration="00:00:00.0011233" startTime="2024-01-09T15:43:10.6384785+01:00" endTime="2024-01-09T15:43:10.6384785+01:00" testType="13cdc9d9-ddb5-4fa4-a97d-d965ccfc6d4b" outcome="Passed" testListId="8c84fa94-04c1-424b-9868-57a2d4851a1d" relativeResultsDirectory="e61878a7-06be-4c22-873a-8c52b8df77f1" />
    <UnitTestResult executionId="4a0011e5-d21b-472c-9e3e-a2caeac166e9" testId="644b08c7-1295-9b8c-bbb9-4b4fbedfbd93" testName="TestAuditLog_AuditLogBuildingChanged_Success" computerName="DKSR-EFI-06" duration="00:00:00.0069346" startTime="2024-01-09T15:43:12.7478573+01:00" endTime="2024-01-09T15:43:12.7478573+01:00" testType="13cdc9d9-ddb5-4fa4-a97d-d965ccfc6d4b" outcome="Passed" testListId="8c84fa94-04c1-424b-9868-57a2d4851a1d" relativeResultsDirectory="4a0011e5-d21b-472c-9e3e-a2caeac166e9" />
    <UnitTestResult executionId="0f21b87c-33c6-4889-961c-38b6051c6553" testId="5aa5f274-79e9-1207-c601-01c6998ae510" testName="TestAuditLog_AuditLogBuildingRemoved_Success" computerName="DKSR-EFI-06" duration="00:00:00.0051222" startTime="2024-01-09T15:43:12.7322333+01:00" endTime="2024-01-09T15:43:12.7322333+01:00" testType="13cdc9d9-ddb5-4fa4-a97d-d965ccfc6d4b" outcome="Passed" testListId="8c84fa94-04c1-424b-9868-57a2d4851a1d" relativeResultsDirectory="0f21b87c-33c6-4889-961c-38b6051c6553" />
    <UnitTestResult executionId="38044f72-bafd-4db4-b1c5-464928493a22" testId="5db863e2-d6e1-4b8a-5074-0b07052e3c37" testName="Test_DeleteLevels_NoFactory_Exception_Failure" computerName="DKSR-EFI-06" duration="00:00:00.0057050" startTime="2024-01-09T15:43:08.7947224+01:00" endTime="2024-01-09T15:43:08.7947224+01:00" testType="13cdc9d9-ddb5-4fa4-a97d-d965ccfc6d4b" outcome="Passed" testListId="8c84fa94-04c1-424b-9868-57a2d4851a1d" relativeResultsDirectory="38044f72-bafd-4db4-b1c5-464928493a22" />
    <UnitTestResult executionId="f6fd2387-a6c5-414b-9841-1ab29d933574" testId="519f72f5-8881-b81f-fec6-f0bb7ca646da" testName="TestProperties_GetProperties_Success" computerName="DKSR-EFI-06" duration="00:00:00.0004812" startTime="2024-01-09T15:43:09.5759744+01:00" endTime="2024-01-09T15:43:09.5759744+01:00" testType="13cdc9d9-ddb5-4fa4-a97d-d965ccfc6d4b" outcome="Passed" testListId="8c84fa94-04c1-424b-9868-57a2d4851a1d" relativeResultsDirectory="f6fd2387-a6c5-414b-9841-1ab29d933574" />
    <UnitTestResult executionId="2884a737-261a-414a-83f4-3b8919b105c5" testId="0e0f15b4-3dc8-167d-b264-ab4e889633a6" testName="TestAuditLog_AuditLogItemAddedWithLocation_Success" computerName="DKSR-EFI-06" duration="00:00:00.0156797" startTime="2024-01-09T15:43:10.9509794+01:00" endTime="2024-01-09T15:43:10.9666066+01:00" testType="13cdc9d9-ddb5-4fa4-a97d-d965ccfc6d4b" outcome="Passed" testListId="8c84fa94-04c1-424b-9868-57a2d4851a1d" relativeResultsDirectory="2884a737-261a-414a-83f4-3b8919b105c5" />
    <UnitTestResult executionId="eab58f91-0c24-4cbb-ae90-d001dff6f9b1" testId="f7c9fa49-7718-f777-d5d3-f2f97fafcc6b" testName="TestAuditLog_AuditLogItemRemovedWithEmptyLocation_Success" computerName="DKSR-EFI-06" duration="00:00:00.0049983" startTime="2024-01-09T15:43:10.9822288+01:00" endTime="2024-01-09T15:43:10.9822288+01:00" testType="13cdc9d9-ddb5-4fa4-a97d-d965ccfc6d4b" outcome="Passed" testListId="8c84fa94-04c1-424b-9868-57a2d4851a1d" relativeResultsDirectory="eab58f91-0c24-4cbb-ae90-d001dff6f9b1" />
    <UnitTestResult executionId="d6d139e7-94ab-4cec-afd5-0aa86ae87fd6" testId="fa95aeff-d0ab-a4b0-a2ba-050a0072e692" testName="TestReorderLevels_LevelOrderGapFound_Failure" computerName="DKSR-EFI-06" duration="00:00:00.0058929" startTime="2024-01-09T15:43:08.5915962+01:00" endTime="2024-01-09T15:43:08.6072257+01:00" testType="13cdc9d9-ddb5-4fa4-a97d-d965ccfc6d4b" outcome="Passed" testListId="8c84fa94-04c1-424b-9868-57a2d4851a1d" relativeResultsDirectory="d6d139e7-94ab-4cec-afd5-0aa86ae87fd6" />
    <UnitTestResult executionId="fa72607f-317c-4060-be30-69c5d0a97106" testId="78bf092d-e293-c941-de66-d713e54352cb" testName="TestAuditLog_AuditLogLayerRemoved_Success" computerName="DKSR-EFI-06" duration="00:00:00.0059382" startTime="2024-01-09T15:43:10.1541015+01:00" endTime="2024-01-09T15:43:10.1541015+01:00" testType="13cdc9d9-ddb5-4fa4-a97d-d965ccfc6d4b" outcome="Passed" testListId="8c84fa94-04c1-424b-9868-57a2d4851a1d" relativeResultsDirectory="fa72607f-317c-4060-be30-69c5d0a97106" />
    <UnitTestResult executionId="fa1a4805-5170-4894-b0f3-dd92657a9c31" testId="826f9014-332f-610b-e2c7-728e9ec50cd4" testName="TestConstructor" computerName="DKSR-EFI-06" duration="00:00:00.0016615" startTime="2024-01-09T15:43:08.9665966+01:00" endTime="2024-01-09T15:43:08.9665966+01:00" testType="13cdc9d9-ddb5-4fa4-a97d-d965ccfc6d4b" outcome="Passed" testListId="8c84fa94-04c1-424b-9868-57a2d4851a1d" relativeResultsDirectory="fa1a4805-5170-4894-b0f3-dd92657a9c31" />
    <UnitTestResult executionId="a7be854e-8f28-41d7-8efb-727522461bf0" testId="44c89347-444a-61de-1e83-8685b95b1a46" testName="GetBuildingsAsync_Success" computerName="DKSR-EFI-06" duration="00:00:00.0534499" startTime="2024-01-09T15:43:06.1853371+01:00" endTime="2024-01-09T15:43:06.2478398+01:00" testType="13cdc9d9-ddb5-4fa4-a97d-d965ccfc6d4b" outcome="Passed" testListId="8c84fa94-04c1-424b-9868-57a2d4851a1d" relativeResultsDirectory="a7be854e-8f28-41d7-8efb-727522461bf0" />
    <UnitTestResult executionId="b622b432-4d7e-4ec4-b930-3167bc1c8bcd" testId="50e46cb8-cffb-3738-1400-fe8d93a5bf36" testName="OnItemsInsertedEvent_AddsItems" computerName="DKSR-EFI-06" duration="00:00:00.0129541" startTime="2024-01-09T15:43:12.5759834+01:00" endTime="2024-01-09T15:43:12.5916090+01:00" testType="13cdc9d9-ddb5-4fa4-a97d-d965ccfc6d4b" outcome="Passed" testListId="8c84fa94-04c1-424b-9868-57a2d4851a1d" relativeResultsDirectory="b622b432-4d7e-4ec4-b930-3167bc1c8bcd" />
    <UnitTestResult executionId="7a786727-2e5b-41f8-a572-f6e450626e39" testId="f6fae18a-ad2e-2677-9848-47d8b4e8722b" testName="TestUpdateLevel_NullMapItems_Success" computerName="DKSR-EFI-06" duration="00:00:00.0198934" startTime="2024-01-09T15:43:08.3415975+01:00" endTime="2024-01-09T15:43:08.3572220+01:00" testType="13cdc9d9-ddb5-4fa4-a97d-d965ccfc6d4b" outcome="Passed" testListId="8c84fa94-04c1-424b-9868-57a2d4851a1d" relativeResultsDirectory="7a786727-2e5b-41f8-a572-f6e450626e39" />
    <UnitTestResult executionId="e66397e7-7213-4cf6-910e-025a017b1277" testId="607692ce-d9ad-913a-c01b-a726d8361c3f" testName="TestConstructor_ParsingWcfObjectWithNull_Success" computerName="DKSR-EFI-06" duration="00:00:00.0007535" startTime="2024-01-09T15:43:09.4040984+01:00" endTime="2024-01-09T15:43:09.4040984+01:00" testType="13cdc9d9-ddb5-4fa4-a97d-d965ccfc6d4b" outcome="Passed" testListId="8c84fa94-04c1-424b-9868-57a2d4851a1d" relativeResultsDirectory="e66397e7-7213-4cf6-910e-025a017b1277" />
    <UnitTestResult executionId="105ec747-3c34-4ea8-a062-214aacbf7b7c" testId="cd4a74fd-d6aa-9edc-46cf-42e0c57d2d6f" testName="AddLevel_IgnoreLevelItemsThatAreNotPartOfIndexer" computerName="DKSR-EFI-06" duration="00:00:00.0031711" startTime="2024-01-09T15:43:12.4041085+01:00" endTime="2024-01-09T15:43:12.4197338+01:00" testType="13cdc9d9-ddb5-4fa4-a97d-d965ccfc6d4b" outcome="Passed" testListId="8c84fa94-04c1-424b-9868-57a2d4851a1d" relativeResultsDirectory="105ec747-3c34-4ea8-a062-214aacbf7b7c" />
    <UnitTestResult executionId="36c38814-4982-432a-b518-3812c5db047f" testId="b5a1ec9c-efba-50d6-27f6-dccb30113c80" testName="TestWcfObject_GetWcfObject_Success" computerName="DKSR-EFI-06" duration="00:00:00.0014113" startTime="2024-01-09T15:43:09.4822230+01:00" endTime="2024-01-09T15:43:09.4822230+01:00" testType="13cdc9d9-ddb5-4fa4-a97d-d965ccfc6d4b" outcome="Passed" testListId="8c84fa94-04c1-424b-9868-57a2d4851a1d" relativeResultsDirectory="36c38814-4982-432a-b518-3812c5db047f" />
    <UnitTestResult executionId="aae97b43-9ced-4c7e-8981-71b4348e7b5b" testId="acdeebda-dc97-a730-f72b-8adad6d72a12" testName="TestAuditLog_AuditLogItemRemovedWithUnknownLocation_Success" computerName="DKSR-EFI-06" duration="00:00:00.0050508" startTime="2024-01-09T15:43:10.9978603+01:00" endTime="2024-01-09T15:43:11.0134805+01:00" testType="13cdc9d9-ddb5-4fa4-a97d-d965ccfc6d4b" outcome="Passed" testListId="8c84fa94-04c1-424b-9868-57a2d4851a1d" relativeResultsDirectory="aae97b43-9ced-4c7e-8981-71b4348e7b5b" />
    <UnitTestResult executionId="6b5bd127-b7fd-4ec8-ba50-fb67dfb8034a" testId="4c476855-320b-a089-aac0-48bc05a06daf" testName="TestConstructor_CreateService_Success" computerName="DKSR-EFI-06" duration="00:00:00.0008636" startTime="2024-01-09T15:43:05.0759555+01:00" endTime="2024-01-09T15:43:05.0759555+01:00" testType="13cdc9d9-ddb5-4fa4-a97d-d965ccfc6d4b" outcome="Passed" testListId="8c84fa94-04c1-424b-9868-57a2d4851a1d" relativeResultsDirectory="6b5bd127-b7fd-4ec8-ba50-fb67dfb8034a" />
    <UnitTestResult executionId="7f62015c-b214-46df-9bc4-f1340cb829d5" testId="c22901ef-4efe-dbaf-3e73-8ce1b3fe2392" testName="TestPropertyNames_GettingPropertyNames_Success" computerName="DKSR-EFI-06" duration="00:00:00.0004694" startTime="2024-01-09T15:43:10.4041027+01:00" endTime="2024-01-09T15:43:10.4041027+01:00" testType="13cdc9d9-ddb5-4fa4-a97d-d965ccfc6d4b" outcome="Passed" testListId="8c84fa94-04c1-424b-9868-57a2d4851a1d" relativeResultsDirectory="7f62015c-b214-46df-9bc4-f1340cb829d5" />
    <UnitTestResult executionId="30ba8986-6acd-4a5d-a9d2-92af14e56673" testId="d2915daa-2f5a-df8f-2065-a9e7a7ecfa8f" testName="TestProperties_GetPropertiesFromWcfObjectWithNullUpperLeftAndNullLowerRight_Success" computerName="DKSR-EFI-06" duration="00:00:00.0002504" startTime="2024-01-09T15:43:09.4509769+01:00" endTime="2024-01-09T15:43:09.4509769+01:00" testType="13cdc9d9-ddb5-4fa4-a97d-d965ccfc6d4b" outcome="Passed" testListId="8c84fa94-04c1-424b-9868-57a2d4851a1d" relativeResultsDirectory="30ba8986-6acd-4a5d-a9d2-92af14e56673" />
    <UnitTestResult executionId="fa1e7cfa-6362-447f-a9f5-0477176402da" testId="ee42f87e-76f9-dab0-c8e1-bdd1a6df38c5" testName="Init_ExceptionWhenNoPositionalArea" computerName="DKSR-EFI-06" duration="00:00:00.0141860" startTime="2024-01-09T15:43:05.9197119+01:00" endTime="2024-01-09T15:43:05.9353364+01:00" testType="13cdc9d9-ddb5-4fa4-a97d-d965ccfc6d4b" outcome="Passed" testListId="8c84fa94-04c1-424b-9868-57a2d4851a1d" relativeResultsDirectory="fa1e7cfa-6362-447f-a9f5-0477176402da" />
    <UnitTestResult executionId="bde7025a-8e69-4b46-b90d-c583038f5593" testId="8a96c2c9-6de7-92a2-677c-311c56f44dfb" testName="TestPropertyNames_GettingPropertyNames_Success" computerName="DKSR-EFI-06" duration="00:00:00.0004192" startTime="2024-01-09T15:43:09.5447265+01:00" endTime="2024-01-09T15:43:09.5447265+01:00" testType="13cdc9d9-ddb5-4fa4-a97d-d965ccfc6d4b" outcome="Passed" testListId="8c84fa94-04c1-424b-9868-57a2d4851a1d" relativeResultsDirectory="bde7025a-8e69-4b46-b90d-c583038f5593" />
    <UnitTestResult executionId="aa71ec2c-fdf8-4341-9880-8f208cf126ff" testId="51ddb7b9-203d-bea5-aae2-647bb1045c8d" testName="TestConstructor" computerName="DKSR-EFI-06" duration="00:00:00.3384015" startTime="2024-01-09T15:43:06.6540895+01:00" endTime="2024-01-09T15:43:06.9978422+01:00" testType="13cdc9d9-ddb5-4fa4-a97d-d965ccfc6d4b" outcome="Passed" testListId="8c84fa94-04c1-424b-9868-57a2d4851a1d" relativeResultsDirectory="aa71ec2c-fdf8-4341-9880-8f208cf126ff" />
    <UnitTestResult executionId="e9c98baa-22ab-478e-8dae-44a32552077d" testId="34196a27-ceec-877a-1534-0ad13ef02f8e" testName="TestAuditLog_AuditLogItemRemovedWithNonLocationItemType_Success" computerName="DKSR-EFI-06" duration="00:00:00.0051794" startTime="2024-01-09T15:43:11.0134805+01:00" endTime="2024-01-09T15:43:11.0134805+01:00" testType="13cdc9d9-ddb5-4fa4-a97d-d965ccfc6d4b" outcome="Passed" testListId="8c84fa94-04c1-424b-9868-57a2d4851a1d" relativeResultsDirectory="e9c98baa-22ab-478e-8dae-44a32552077d" />
    <UnitTestResult executionId="f32cc52e-ec0f-440f-a5f4-9a517233031d" testId="71713aaf-5d5f-848f-53a9-972129459e12" testName="TestProperties_GetPropertiesFromWcfObjectWithNullPosition_Success" computerName="DKSR-EFI-06" duration="00:00:00.0008238" startTime="2024-01-09T15:43:10.6384785+01:00" endTime="2024-01-09T15:43:10.6384785+01:00" testType="13cdc9d9-ddb5-4fa4-a97d-d965ccfc6d4b" outcome="Passed" testListId="8c84fa94-04c1-424b-9868-57a2d4851a1d" relativeResultsDirectory="f32cc52e-ec0f-440f-a5f4-9a517233031d" />
    <UnitTestResult executionId="f79c2b37-31a1-4475-830a-7cde6a8cd5b7" testId="a1383c1d-24c2-f298-c941-3b0bc5d65e32" testName="TestConstructor_WhiteSpaceName_Failure" computerName="DKSR-EFI-06" duration="00:00:00.0004760" startTime="2024-01-09T15:43:06.6540895+01:00" endTime="2024-01-09T15:43:06.6540895+01:00" testType="13cdc9d9-ddb5-4fa4-a97d-d965ccfc6d4b" outcome="Passed" testListId="8c84fa94-04c1-424b-9868-57a2d4851a1d" relativeResultsDirectory="f79c2b37-31a1-4475-830a-7cde6a8cd5b7" />
    <UnitTestResult executionId="1ceeaafd-dcb1-483f-8ec0-6c2286b9e815" testId="c74efa06-54fc-004a-450f-b031280dca5f" testName="TestAddLevel_MultipleRows_Failure" computerName="DKSR-EFI-06" duration="00:00:00.0120311" startTime="2024-01-09T15:43:08.2166001+01:00" endTime="2024-01-09T15:43:08.2166001+01:00" testType="13cdc9d9-ddb5-4fa4-a97d-d965ccfc6d4b" outcome="Passed" testListId="8c84fa94-04c1-424b-9868-57a2d4851a1d" relativeResultsDirectory="1ceeaafd-dcb1-483f-8ec0-6c2286b9e815" />
    <UnitTestResult executionId="6388d22c-2370-4bf3-8f18-ecb35ddafe33" testId="460657b9-140b-2240-063b-76a23862caf9" testName="Open_OpensComandsAndHostsInTheOrder" computerName="DKSR-EFI-06" duration="00:00:00.0091447" startTime="2024-01-09T15:43:05.2634578+01:00" endTime="2024-01-09T15:43:05.2634578+01:00" testType="13cdc9d9-ddb5-4fa4-a97d-d965ccfc6d4b" outcome="Passed" testListId="8c84fa94-04c1-424b-9868-57a2d4851a1d" relativeResultsDirectory="6388d22c-2370-4bf3-8f18-ecb35ddafe33" />
    <UnitTestResult executionId="84a3f878-20cd-4c72-9857-227ac52b63c5" testId="e9b54d64-f76b-4059-7709-45a7f0e7e855" testName="TestWcfObject_GetWcfObject_Success" computerName="DKSR-EFI-06" duration="00:00:00.0013015" startTime="2024-01-09T15:43:10.3728529+01:00" endTime="2024-01-09T15:43:10.3728529+01:00" testType="13cdc9d9-ddb5-4fa4-a97d-d965ccfc6d4b" outcome="Passed" testListId="8c84fa94-04c1-424b-9868-57a2d4851a1d" relativeResultsDirectory="84a3f878-20cd-4c72-9857-227ac52b63c5" />
    <UnitTestResult executionId="055ac50c-bdfe-40b1-82b0-411a71b57922" testId="21b559ad-df62-fa28-7456-d3ae515b37f4" testName="TestAuditLog_AuditLogWithNullAuditLogger_Failure" computerName="DKSR-EFI-06" duration="00:00:00.0029247" startTime="2024-01-09T15:43:10.1228535+01:00" endTime="2024-01-09T15:43:10.1384772+01:00" testType="13cdc9d9-ddb5-4fa4-a97d-d965ccfc6d4b" outcome="Passed" testListId="8c84fa94-04c1-424b-9868-57a2d4851a1d" relativeResultsDirectory="055ac50c-bdfe-40b1-82b0-411a71b57922" />
    <UnitTestResult executionId="b3da0dae-ac45-4a7f-94f0-09e3c6115465" testId="014bb991-e210-4198-a561-1ea36e6a9c13" testName="TestAuditLog_AuditLogWithNullItemAuditParameters_Failure" computerName="DKSR-EFI-06" duration="00:00:00.0021996" startTime="2024-01-09T15:43:10.1384772+01:00" endTime="2024-01-09T15:43:10.1384772+01:00" testType="13cdc9d9-ddb5-4fa4-a97d-d965ccfc6d4b" outcome="Passed" testListId="8c84fa94-04c1-424b-9868-57a2d4851a1d" relativeResultsDirectory="b3da0dae-ac45-4a7f-94f0-09e3c6115465" />
    <UnitTestResult executionId="ba3c0853-9a7c-4518-ab27-f957808ff035" testId="5d5ce1ce-dfef-b62a-1958-b2855c4d0305" testName="TestWcfObject_GetWcfObjectWithoutExtent_Success" computerName="DKSR-EFI-06" duration="00:00:00.0011184" startTime="2024-01-09T15:43:10.2478525+01:00" endTime="2024-01-09T15:43:10.2478525+01:00" testType="13cdc9d9-ddb5-4fa4-a97d-d965ccfc6d4b" outcome="Passed" testListId="8c84fa94-04c1-424b-9868-57a2d4851a1d" relativeResultsDirectory="ba3c0853-9a7c-4518-ab27-f957808ff035" />
    <UnitTestResult executionId="79a1a35c-d2ee-406f-90fa-5635e432a011" testId="9e263691-77f1-8197-8698-8c7739de3ed1" testName="TestAddLayer_Success" computerName="DKSR-EFI-06" duration="00:00:00.0521391" startTime="2024-01-09T15:43:08.9665966+01:00" endTime="2024-01-09T15:43:09.0290975+01:00" testType="13cdc9d9-ddb5-4fa4-a97d-d965ccfc6d4b" outcome="Passed" testListId="8c84fa94-04c1-424b-9868-57a2d4851a1d" relativeResultsDirectory="79a1a35c-d2ee-406f-90fa-5635e432a011" />
    <UnitTestResult executionId="a7734136-8810-485f-a09e-697696db6d10" testId="02a5c68e-a8d5-55d6-a5f0-8a99f693c236" testName="TestConstructor_ParsingWcfObjectWithNull_Success" computerName="DKSR-EFI-06" duration="00:00:00.0010059" startTime="2024-01-09T15:43:09.5603488+01:00" endTime="2024-01-09T15:43:09.5603488+01:00" testType="13cdc9d9-ddb5-4fa4-a97d-d965ccfc6d4b" outcome="Passed" testListId="8c84fa94-04c1-424b-9868-57a2d4851a1d" relativeResultsDirectory="a7734136-8810-485f-a09e-697696db6d10" />
    <UnitTestResult executionId="daea8ddd-0eab-44fb-98b4-8188930968a9" testId="9040409d-ff41-1ee4-3413-41859d6b3560" testName="TestWcfObject_GetWcfObjectWithoutExtent_Success" computerName="DKSR-EFI-06" duration="00:00:00.0003488" startTime="2024-01-09T15:43:09.8884760+01:00" endTime="2024-01-09T15:43:09.8884760+01:00" testType="13cdc9d9-ddb5-4fa4-a97d-d965ccfc6d4b" outcome="Passed" testListId="8c84fa94-04c1-424b-9868-57a2d4851a1d" relativeResultsDirectory="daea8ddd-0eab-44fb-98b4-8188930968a9" />
    <UnitTestResult executionId="1c3a976f-56e0-4a9e-8ccf-f0591a8a62f5" testId="5434a7c0-cc16-95d0-e718-da944d3bd710" testName="TestDeleteBuildings_Success" computerName="DKSR-EFI-06" duration="00:00:00.0784103" startTime="2024-01-09T15:43:07.6228432+01:00" endTime="2024-01-09T15:43:07.7009682+01:00" testType="13cdc9d9-ddb5-4fa4-a97d-d965ccfc6d4b" outcome="Passed" testListId="8c84fa94-04c1-424b-9868-57a2d4851a1d" relativeResultsDirectory="1c3a976f-56e0-4a9e-8ccf-f0591a8a62f5" />
    <UnitTestResult executionId="dfd9d5ed-2a51-43aa-b639-b24ee402f4f2" testId="b22fc2ff-d2e9-6229-af68-1fa8a128f0b2" testName="GetClusters_CheckClusterIdPersistentInSameIndexer" computerName="DKSR-EFI-06" duration="00:00:00.0011057" startTime="2024-01-09T15:43:11.3259801+01:00" endTime="2024-01-09T15:43:11.3259801+01:00" testType="13cdc9d9-ddb5-4fa4-a97d-d965ccfc6d4b" outcome="Passed" testListId="8c84fa94-04c1-424b-9868-57a2d4851a1d" relativeResultsDirectory="dfd9d5ed-2a51-43aa-b639-b24ee402f4f2" />
    <UnitTestResult executionId="c36e7595-3ba8-46eb-8679-e81ff35aa307" testId="f97c07d6-c79e-6792-aec5-40cae13baf91" testName="TestAuditLog_AuditLogItemChangedWithNoOldItem_Success" computerName="DKSR-EFI-06" duration="00:00:00.0046853" startTime="2024-01-09T15:43:11.0134805+01:00" endTime="2024-01-09T15:43:11.0291044+01:00" testType="13cdc9d9-ddb5-4fa4-a97d-d965ccfc6d4b" outcome="Passed" testListId="8c84fa94-04c1-424b-9868-57a2d4851a1d" relativeResultsDirectory="c36e7595-3ba8-46eb-8679-e81ff35aa307" />
    <UnitTestResult executionId="b99c0490-0d5b-4cef-86ba-c0a4e661900d" testId="1a5ed80b-31fa-9edf-9977-d986cb1e8e1d" testName="OnLevelsAdded" computerName="DKSR-EFI-06" duration="00:00:00.0007528" startTime="2024-01-09T15:43:05.7322126+01:00" endTime="2024-01-09T15:43:05.7322126+01:00" testType="13cdc9d9-ddb5-4fa4-a97d-d965ccfc6d4b" outcome="Passed" testListId="8c84fa94-04c1-424b-9868-57a2d4851a1d" relativeResultsDirectory="b99c0490-0d5b-4cef-86ba-c0a4e661900d" />
    <UnitTestResult executionId="23606a1c-eb5b-48eb-9b08-16cd7928bd14" testId="6513a362-7586-99fe-06c9-3880bce55ec5" testName="TestConstructor_ParsingWcfObjectWithNull_Success" computerName="DKSR-EFI-06" duration="00:00:00.0010992" startTime="2024-01-09T15:43:10.8884813+01:00" endTime="2024-01-09T15:43:10.8884813+01:00" testType="13cdc9d9-ddb5-4fa4-a97d-d965ccfc6d4b" outcome="Passed" testListId="8c84fa94-04c1-424b-9868-57a2d4851a1d" relativeResultsDirectory="23606a1c-eb5b-48eb-9b08-16cd7928bd14" />
    <UnitTestResult executionId="45bee7f7-ded2-49ee-a864-3800b68a318e" testId="35a16321-597a-cf21-e1c5-00eacefa4fe6" testName="TestFactory_WithParamters_Success" computerName="DKSR-EFI-06" duration="00:00:00.0012853" startTime="2024-01-09T15:43:12.6384838+01:00" endTime="2024-01-09T15:43:12.6384838+01:00" testType="13cdc9d9-ddb5-4fa4-a97d-d965ccfc6d4b" outcome="Passed" testListId="8c84fa94-04c1-424b-9868-57a2d4851a1d" relativeResultsDirectory="45bee7f7-ded2-49ee-a864-3800b68a318e" />
    <UnitTestResult executionId="89816d5c-6765-4122-a6bc-c6cb408ad85e" testId="d8ab00bc-0a1b-9be6-ec5b-0912cb157711" testName="TestConstructor_ParsingWcfObjectWithoutExtent_Success" computerName="DKSR-EFI-06" duration="00:00:00.0002449" startTime="2024-01-09T15:43:09.8884760+01:00" endTime="2024-01-09T15:43:09.8884760+01:00" testType="13cdc9d9-ddb5-4fa4-a97d-d965ccfc6d4b" outcome="Passed" testListId="8c84fa94-04c1-424b-9868-57a2d4851a1d" relativeResultsDirectory="89816d5c-6765-4122-a6bc-c6cb408ad85e" />
    <UnitTestResult executionId="601eed2c-3a8d-4707-a215-31f1acd5c9df" testId="ccf44089-d837-ef21-154b-8bc424400182" testName="TestWcfObject_GetWcfObject_Success" computerName="DKSR-EFI-06" duration="00:00:00.0008446" startTime="2024-01-09T15:43:10.4978548+01:00" endTime="2024-01-09T15:43:10.4978548+01:00" testType="13cdc9d9-ddb5-4fa4-a97d-d965ccfc6d4b" outcome="Passed" testListId="8c84fa94-04c1-424b-9868-57a2d4851a1d" relativeResultsDirectory="601eed2c-3a8d-4707-a215-31f1acd5c9df" />
    <UnitTestResult executionId="d38efd0b-c08c-43b5-808c-4e215d3c3092" testId="dddb05dc-f038-643f-0ca6-be77adfeb26d" testName="TestUpdateLevel_MultipleRows_Failure" computerName="DKSR-EFI-06" duration="00:00:00.0187421" startTime="2024-01-09T15:43:08.3884720+01:00" endTime="2024-01-09T15:43:08.4040961+01:00" testType="13cdc9d9-ddb5-4fa4-a97d-d965ccfc6d4b" outcome="Passed" testListId="8c84fa94-04c1-424b-9868-57a2d4851a1d" relativeResultsDirectory="d38efd0b-c08c-43b5-808c-4e215d3c3092" />
    <UnitTestResult executionId="fa3c0c71-eac3-4962-89d6-7ec1a5ed144e" testId="9e8f8325-02f5-40d6-c526-347e0cfbaf29" testName="TestConstructor_ParsingWcfObjectWithoutExtent_Success" computerName="DKSR-EFI-06" duration="00:00:00.0002595" startTime="2024-01-09T15:43:10.2791034+01:00" endTime="2024-01-09T15:43:10.2791034+01:00" testType="13cdc9d9-ddb5-4fa4-a97d-d965ccfc6d4b" outcome="Passed" testListId="8c84fa94-04c1-424b-9868-57a2d4851a1d" relativeResultsDirectory="fa3c0c71-eac3-4962-89d6-7ec1a5ed144e" />
    <UnitTestResult executionId="c993bd52-8f3f-433e-846e-da1a463c8be0" testId="4e8c6090-82a1-d6a7-276a-839ec57dd1d4" testName="TestWcfObject_GetWcfObjectWithNullViewport_Success" computerName="DKSR-EFI-06" duration="00:00:00.0012821" startTime="2024-01-09T15:43:09.3728512+01:00" endTime="2024-01-09T15:43:09.3728512+01:00" testType="13cdc9d9-ddb5-4fa4-a97d-d965ccfc6d4b" outcome="Passed" testListId="8c84fa94-04c1-424b-9868-57a2d4851a1d" relativeResultsDirectory="c993bd52-8f3f-433e-846e-da1a463c8be0" />
    <UnitTestResult executionId="5146c696-c29b-48cd-8a24-912ca8efd5db" testId="9402c974-f17c-f131-5a68-cca76bafe09d" testName="TestConstructor_ParsingWcfObjectWithoutExtent_Success" computerName="DKSR-EFI-06" duration="00:00:00.0003679" startTime="2024-01-09T15:43:09.7947271+01:00" endTime="2024-01-09T15:43:09.7947271+01:00" testType="13cdc9d9-ddb5-4fa4-a97d-d965ccfc6d4b" outcome="Passed" testListId="8c84fa94-04c1-424b-9868-57a2d4851a1d" relativeResultsDirectory="5146c696-c29b-48cd-8a24-912ca8efd5db" />
    <UnitTestResult executionId="a4bef165-b730-4301-819d-658bd885b7cb" testId="9d275ce6-7efc-3e8f-9ccf-4a0309de2e06" testName="TestAddLevels_DatabaseException_NonUniqueBuildingId_Failure" computerName="DKSR-EFI-06" duration="00:00:00.0048540" startTime="2024-01-09T15:43:08.2790980+01:00" endTime="2024-01-09T15:43:08.2947215+01:00" testType="13cdc9d9-ddb5-4fa4-a97d-d965ccfc6d4b" outcome="Passed" testListId="8c84fa94-04c1-424b-9868-57a2d4851a1d" relativeResultsDirectory="a4bef165-b730-4301-819d-658bd885b7cb" />
    <UnitTestResult executionId="eb32a955-f76a-4be2-95d9-66b3521a806a" testId="3164209d-17e5-0efd-f874-022401969ff2" testName="TestWcfObject_GetWcfObject_Success" computerName="DKSR-EFI-06" duration="00:00:00.0003773" startTime="2024-01-09T15:43:09.4040984+01:00" endTime="2024-01-09T15:43:09.4040984+01:00" testType="13cdc9d9-ddb5-4fa4-a97d-d965ccfc6d4b" outcome="Passed" testListId="8c84fa94-04c1-424b-9868-57a2d4851a1d" relativeResultsDirectory="eb32a955-f76a-4be2-95d9-66b3521a806a" />
    <UnitTestResult executionId="22fda54d-88bc-49a7-82f6-17b998abaeab" testId="d4d79da0-b2ef-366b-9228-bab94436f448" testName="DeleteItem_Success" computerName="DKSR-EFI-06" duration="00:00:00.0072198" startTime="2024-01-09T15:43:06.5290894+01:00" endTime="2024-01-09T15:43:06.5290894+01:00" testType="13cdc9d9-ddb5-4fa4-a97d-d965ccfc6d4b" outcome="Passed" testListId="8c84fa94-04c1-424b-9868-57a2d4851a1d" relativeResultsDirectory="22fda54d-88bc-49a7-82f6-17b998abaeab" />
    <UnitTestResult executionId="07132c71-749e-4790-a0a2-57329a848f30" testId="75bfc7ef-894d-f70f-7e3b-b822c5e6249f" testName="TestAuditLog_AuditLogLegacyLinkToChildServerRemoved_Success" computerName="DKSR-EFI-06" duration="00:00:00.0120605" startTime="2024-01-09T15:43:10.7478552+01:00" endTime="2024-01-09T15:43:10.7634791+01:00" testType="13cdc9d9-ddb5-4fa4-a97d-d965ccfc6d4b" outcome="Passed" testListId="8c84fa94-04c1-424b-9868-57a2d4851a1d" relativeResultsDirectory="07132c71-749e-4790-a0a2-57329a848f30" />
    <UnitTestResult executionId="5144cfae-bb77-4a2b-866b-97606e5fa753" testId="cfdacb90-642d-2b9e-da19-1905d7ba1892" testName="TestConstructor_Success" computerName="DKSR-EFI-06" duration="00:00:00.0002157" startTime="2024-01-09T15:43:06.6384628+01:00" endTime="2024-01-09T15:43:06.6384628+01:00" testType="13cdc9d9-ddb5-4fa4-a97d-d965ccfc6d4b" outcome="Passed" testListId="8c84fa94-04c1-424b-9868-57a2d4851a1d" relativeResultsDirectory="5144cfae-bb77-4a2b-866b-97606e5fa753" />
    <UnitTestResult executionId="69b9fd58-b5ba-4264-9b71-34656c94c10c" testId="2605f120-228b-701d-b7e8-650173819492" testName="TestAuditLog_AuditLogWithNullItemAuditParameters_Failure" computerName="DKSR-EFI-06" duration="00:00:00.0016556" startTime="2024-01-09T15:43:10.9353551+01:00" endTime="2024-01-09T15:43:10.9353551+01:00" testType="13cdc9d9-ddb5-4fa4-a97d-d965ccfc6d4b" outcome="Passed" testListId="8c84fa94-04c1-424b-9868-57a2d4851a1d" relativeResultsDirectory="69b9fd58-b5ba-4264-9b71-34656c94c10c" />
    <UnitTestResult executionId="147e0108-bd87-422e-bb0a-d72d075ed9ff" testId="63e3d58e-77fe-7338-b4b2-5c415ed1e848" testName="Test_DeleteLevels_EmptyArgument_Succes" computerName="DKSR-EFI-06" duration="00:00:00.0157569" startTime="2024-01-09T15:43:08.7634719+01:00" endTime="2024-01-09T15:43:08.7790988+01:00" testType="13cdc9d9-ddb5-4fa4-a97d-d965ccfc6d4b" outcome="Passed" testListId="8c84fa94-04c1-424b-9868-57a2d4851a1d" relativeResultsDirectory="147e0108-bd87-422e-bb0a-d72d075ed9ff" />
    <UnitTestResult executionId="b94626ad-0768-41b5-93f0-08b8c7be0a10" testId="3c4a8dbc-f203-f5c2-5853-8bf56a4fbb7a" testName="TestAddBuildings_NullBuildings_Failure" computerName="DKSR-EFI-06" duration="00:00:00.0024295" startTime="2024-01-09T15:43:07.5134688+01:00" endTime="2024-01-09T15:43:07.5134688+01:00" testType="13cdc9d9-ddb5-4fa4-a97d-d965ccfc6d4b" outcome="Passed" testListId="8c84fa94-04c1-424b-9868-57a2d4851a1d" relativeResultsDirectory="b94626ad-0768-41b5-93f0-08b8c7be0a10" />
    <UnitTestResult executionId="93a92ac8-840d-40b9-9ddd-67a934b21206" testId="8d8bb28b-c96b-7c96-82f9-2f5d5cd133a4" testName="TestPropertyNames_GettingPropertyNames_Success" computerName="DKSR-EFI-06" duration="00:00:00.0019189" startTime="2024-01-09T15:43:09.9509768+01:00" endTime="2024-01-09T15:43:09.9509768+01:00" testType="13cdc9d9-ddb5-4fa4-a97d-d965ccfc6d4b" outcome="Passed" testListId="8c84fa94-04c1-424b-9868-57a2d4851a1d" relativeResultsDirectory="93a92ac8-840d-40b9-9ddd-67a934b21206" />
    <UnitTestResult executionId="a2a949f8-9867-4a3b-b3fd-ec77cc2c600e" testId="a25dbc1e-9062-0ee9-d717-a8c96e681368" testName="UpdateItem_PositionNotChanged_Ignores" computerName="DKSR-EFI-06" duration="00:00:00.0075650" startTime="2024-01-09T15:43:06.5759632+01:00" endTime="2024-01-09T15:43:06.5759632+01:00" testType="13cdc9d9-ddb5-4fa4-a97d-d965ccfc6d4b" outcome="Passed" testListId="8c84fa94-04c1-424b-9868-57a2d4851a1d" relativeResultsDirectory="a2a949f8-9867-4a3b-b3fd-ec77cc2c600e" />
    <UnitTestResult executionId="9ab89c3f-d66f-4b17-9886-ca2cdbd9f332" testId="fedfa35e-6880-68f0-e203-0871803ddfef" testName="TestReorderLevels_DatabaseException_Failure" computerName="DKSR-EFI-06" duration="00:00:00.0048355" startTime="2024-01-09T15:43:08.6384715+01:00" endTime="2024-01-09T15:43:08.6384715+01:00" testType="13cdc9d9-ddb5-4fa4-a97d-d965ccfc6d4b" outcome="Passed" testListId="8c84fa94-04c1-424b-9868-57a2d4851a1d" relativeResultsDirectory="9ab89c3f-d66f-4b17-9886-ca2cdbd9f332" />
    <UnitTestResult executionId="b536360c-9c6d-4fa2-9b6f-bb8506217dca" testId="2933d78f-9b5e-7f9d-5d86-010c98506a2d" testName="TestConstructor_Success" computerName="DKSR-EFI-06" duration="00:00:00.0007462" startTime="2024-01-09T15:43:10.3884755+01:00" endTime="2024-01-09T15:43:10.3884755+01:00" testType="13cdc9d9-ddb5-4fa4-a97d-d965ccfc6d4b" outcome="Passed" testListId="8c84fa94-04c1-424b-9868-57a2d4851a1d" relativeResultsDirectory="b536360c-9c6d-4fa2-9b6f-bb8506217dca" />
    <UnitTestResult executionId="254f6812-a350-44db-8d0e-7abd5c474615" testId="abaa0fb6-9b6a-2c30-af11-e003a576c6a6" testName="TestConstructor_ParsingWcfObject_Success" computerName="DKSR-EFI-06" duration="00:00:00.0018719" startTime="2024-01-09T15:43:12.6697345+01:00" endTime="2024-01-09T15:43:12.6697345+01:00" testType="13cdc9d9-ddb5-4fa4-a97d-d965ccfc6d4b" outcome="Passed" testListId="8c84fa94-04c1-424b-9868-57a2d4851a1d" relativeResultsDirectory="254f6812-a350-44db-8d0e-7abd5c474615" />
    <UnitTestResult executionId="b101143a-65ae-4d84-bf1a-d8c307e8263d" testId="37e0a575-b1f4-8a64-66cd-841cc5096015" testName="RemoveBuilding" computerName="DKSR-EFI-06" duration="00:00:00.0084231" startTime="2024-01-09T15:43:12.4978595+01:00" endTime="2024-01-09T15:43:12.4978595+01:00" testType="13cdc9d9-ddb5-4fa4-a97d-d965ccfc6d4b" outcome="Passed" testListId="8c84fa94-04c1-424b-9868-57a2d4851a1d" relativeResultsDirectory="b101143a-65ae-4d84-bf1a-d8c307e8263d" />
    <UnitTestResult executionId="f3cf8397-d5c8-4c26-b708-ef20c5847262" testId="8344f76a-2b82-d12a-fea3-dc428798b826" testName="Add_Success" computerName="DKSR-EFI-06" duration="00:00:00.0139059" startTime="2024-01-09T15:43:05.9822141+01:00" endTime="2024-01-09T15:43:05.9978346+01:00" testType="13cdc9d9-ddb5-4fa4-a97d-d965ccfc6d4b" outcome="Passed" testListId="8c84fa94-04c1-424b-9868-57a2d4851a1d" relativeResultsDirectory="f3cf8397-d5c8-4c26-b708-ef20c5847262" />
    <UnitTestResult executionId="3f16522a-f0e7-4da9-9646-851501c34398" testId="a740fbf0-9aa2-cd52-dab0-01c20d647d43" testName="TestAuditLog_AuditLogLayerRemoved_Success" computerName="DKSR-EFI-06" duration="00:00:00.0052638" startTime="2024-01-09T15:43:09.9822276+01:00" endTime="2024-01-09T15:43:09.9978499+01:00" testType="13cdc9d9-ddb5-4fa4-a97d-d965ccfc6d4b" outcome="Passed" testListId="8c84fa94-04c1-424b-9868-57a2d4851a1d" relativeResultsDirectory="3f16522a-f0e7-4da9-9646-851501c34398" />
    <UnitTestResult executionId="770084a4-5da2-453d-9b8e-be4248b318d0" testId="2d702fc6-7b20-a656-2e48-b8bfa8dc6b8b" testName="TestConstructor_ParsingWcfObjectWithoutExtent_Success" computerName="DKSR-EFI-06" duration="00:00:00.0004840" startTime="2024-01-09T15:43:10.4666039+01:00" endTime="2024-01-09T15:43:10.4666039+01:00" testType="13cdc9d9-ddb5-4fa4-a97d-d965ccfc6d4b" outcome="Passed" testListId="8c84fa94-04c1-424b-9868-57a2d4851a1d" relativeResultsDirectory="770084a4-5da2-453d-9b8e-be4248b318d0" />
    <UnitTestResult executionId="4f1102e8-5fee-4dff-9b30-b0c286db5b4d" testId="070017ab-b10d-4a6b-6803-f0763996f7d1" testName="TestConstructor_ParsingWcfObjectWithNull_Success" computerName="DKSR-EFI-06" duration="00:00:00.0012351" startTime="2024-01-09T15:43:09.4666005+01:00" endTime="2024-01-09T15:43:09.4666005+01:00" testType="13cdc9d9-ddb5-4fa4-a97d-d965ccfc6d4b" outcome="Passed" testListId="8c84fa94-04c1-424b-9868-57a2d4851a1d" relativeResultsDirectory="4f1102e8-5fee-4dff-9b30-b0c286db5b4d" />
    <UnitTestResult executionId="9b872028-f2ed-4bca-a312-a11aa9a90e4a" testId="93a44ca8-76fe-bb9b-ae02-8cb54081d6e2" testName="TestAuditLog_AuditLogLegacyLinkChangedWithNullOldItem_Success" computerName="DKSR-EFI-06" duration="00:00:00.0052210" startTime="2024-01-09T15:43:10.7791060+01:00" endTime="2024-01-09T15:43:10.7947319+01:00" testType="13cdc9d9-ddb5-4fa4-a97d-d965ccfc6d4b" outcome="Passed" testListId="8c84fa94-04c1-424b-9868-57a2d4851a1d" relativeResultsDirectory="9b872028-f2ed-4bca-a312-a11aa9a90e4a" />
    <UnitTestResult executionId="0086bf94-9615-4e3c-959a-f572392ebb80" testId="cad1cfa7-3b93-a8d3-5efb-8a137a6eec78" testName="TestConstructor_Success" computerName="DKSR-EFI-06" duration="00:00:00.0002805" startTime="2024-01-09T15:43:10.4197294+01:00" endTime="2024-01-09T15:43:10.4197294+01:00" testType="13cdc9d9-ddb5-4fa4-a97d-d965ccfc6d4b" outcome="Passed" testListId="8c84fa94-04c1-424b-9868-57a2d4851a1d" relativeResultsDirectory="0086bf94-9615-4e3c-959a-f572392ebb80" />
    <UnitTestResult executionId="aa568586-7faa-40d8-8863-7032084b4ad2" testId="199b66d3-ae3f-aade-849f-dd6e71b6b64c" testName="GetClusters_ArgumentException_WhenTooBigArea" computerName="DKSR-EFI-06" duration="00:00:00.0014100" startTime="2024-01-09T15:43:11.7166072+01:00" endTime="2024-01-09T15:43:11.7166072+01:00" testType="13cdc9d9-ddb5-4fa4-a97d-d965ccfc6d4b" outcome="Passed" testListId="8c84fa94-04c1-424b-9868-57a2d4851a1d" relativeResultsDirectory="aa568586-7faa-40d8-8863-7032084b4ad2" />
    <UnitTestResult executionId="3ae48dfc-7c71-4ac5-8c96-fc652b43d278" testId="ae7e4216-6c43-151b-b40f-2949a789d7a6" testName="BuildClusters_NoBuildings_ReturnsCellItems" computerName="DKSR-EFI-06" duration="00:00:00.0096404" startTime="2024-01-09T15:43:12.0134826+01:00" endTime="2024-01-09T15:43:12.0291106+01:00" testType="13cdc9d9-ddb5-4fa4-a97d-d965ccfc6d4b" outcome="Passed" testListId="8c84fa94-04c1-424b-9868-57a2d4851a1d" relativeResultsDirectory="3ae48dfc-7c71-4ac5-8c96-fc652b43d278" />
    <UnitTestResult executionId="0f380712-e7e0-476c-ba34-8db5bd51e7ca" testId="47607c4c-e7ac-953f-458b-a3c0040bf011" testName="TestConstructor_ParsingWcfObjectEmptyOutline_Success" computerName="DKSR-EFI-06" duration="00:00:00.0008568" startTime="2024-01-09T15:43:12.6697345+01:00" endTime="2024-01-09T15:43:12.6697345+01:00" testType="13cdc9d9-ddb5-4fa4-a97d-d965ccfc6d4b" outcome="Passed" testListId="8c84fa94-04c1-424b-9868-57a2d4851a1d" relativeResultsDirectory="0f380712-e7e0-476c-ba34-8db5bd51e7ca" />
    <UnitTestResult executionId="8990e38f-2c30-4acf-ab6c-8456bd01050b" testId="521bdd45-0d41-c462-176b-42a5e54cc114" testName="TestReorderLevels_NegativeLevelOrder_Failure" computerName="DKSR-EFI-06" duration="00:00:00.0028812" startTime="2024-01-09T15:43:08.6072257+01:00" endTime="2024-01-09T15:43:08.6072257+01:00" testType="13cdc9d9-ddb5-4fa4-a97d-d965ccfc6d4b" outcome="Passed" testListId="8c84fa94-04c1-424b-9868-57a2d4851a1d" relativeResultsDirectory="8990e38f-2c30-4acf-ab6c-8456bd01050b" />
    <UnitTestResult executionId="15aa5dec-4634-46a1-bcbd-7170c3030446" testId="1f015b0c-07e3-2dd6-685e-bb75494d743a" testName="Open_SubscribesSerializationFaliure" computerName="DKSR-EFI-06" duration="00:00:00.0037618" startTime="2024-01-09T15:43:05.2478324+01:00" endTime="2024-01-09T15:43:05.2478324+01:00" testType="13cdc9d9-ddb5-4fa4-a97d-d965ccfc6d4b" outcome="Passed" testListId="8c84fa94-04c1-424b-9868-57a2d4851a1d" relativeResultsDirectory="15aa5dec-4634-46a1-bcbd-7170c3030446" />
    <UnitTestResult executionId="55c1bcb2-4865-4797-959e-3bc7489ce4c4" testId="50e0d0eb-7245-8173-ffb3-7f134f8650a4" testName="TestAuditLog_NullBuildingAuditParameters_Failure" computerName="DKSR-EFI-06" duration="00:00:00.0018230" startTime="2024-01-09T15:43:12.7166100+01:00" endTime="2024-01-09T15:43:12.7166100+01:00" testType="13cdc9d9-ddb5-4fa4-a97d-d965ccfc6d4b" outcome="Passed" testListId="8c84fa94-04c1-424b-9868-57a2d4851a1d" relativeResultsDirectory="55c1bcb2-4865-4797-959e-3bc7489ce4c4" />
    <UnitTestResult executionId="9fa5594d-1227-46ae-ab7a-b67048ee8fd2" testId="aaef23ea-7d4f-464a-f3c4-a3b6ae89c399" testName="BrowseLayer_Generic_CreateFromData_Success" computerName="DKSR-EFI-06" duration="00:00:00.0140661" startTime="2024-01-09T15:43:09.8103509+01:00" endTime="2024-01-09T15:43:09.8259777+01:00" testType="13cdc9d9-ddb5-4fa4-a97d-d965ccfc6d4b" outcome="Passed" testListId="8c84fa94-04c1-424b-9868-57a2d4851a1d" relativeResultsDirectory="9fa5594d-1227-46ae-ab7a-b67048ee8fd2" />
    <UnitTestResult executionId="504d9ea0-3fdd-440d-8fa2-f7617905eaec" testId="9668ec61-f6ad-c200-83ec-c575bc32c092" testName="TestAddLayer_WithLevelId_Success" computerName="DKSR-EFI-06" duration="00:00:00.0148493" startTime="2024-01-09T15:43:09.0290975+01:00" endTime="2024-01-09T15:43:09.0447244+01:00" testType="13cdc9d9-ddb5-4fa4-a97d-d965ccfc6d4b" outcome="Passed" testListId="8c84fa94-04c1-424b-9868-57a2d4851a1d" relativeResultsDirectory="504d9ea0-3fdd-440d-8fa2-f7617905eaec" />
    <UnitTestResult executionId="ffd76b3d-553b-48b8-af0b-a9b8460c49dc" testId="0b552305-9a3c-ae3d-211e-4f06f0749f1a" testName="GetMipItemContextMenu_Success" computerName="DKSR-EFI-06" duration="00:00:00.0194820" startTime="2024-01-09T15:43:05.4665828+01:00" endTime="2024-01-09T15:43:05.4822095+01:00" testType="13cdc9d9-ddb5-4fa4-a97d-d965ccfc6d4b" outcome="Passed" testListId="8c84fa94-04c1-424b-9868-57a2d4851a1d" relativeResultsDirectory="ffd76b3d-553b-48b8-af0b-a9b8460c49dc" />
    <UnitTestResult executionId="d43c1fa7-d569-4ea5-b6b2-371fafc00812" testId="e5d8a18f-07af-3300-6380-5893f036ee01" testName="UpdateBuildingLevel_WorksCorrectly_AfterAddingLevel" computerName="DKSR-EFI-06" duration="00:00:00.0094429" startTime="2024-01-09T15:43:12.5291078+01:00" endTime="2024-01-09T15:43:12.5447325+01:00" testType="13cdc9d9-ddb5-4fa4-a97d-d965ccfc6d4b" outcome="Passed" testListId="8c84fa94-04c1-424b-9868-57a2d4851a1d" relativeResultsDirectory="d43c1fa7-d569-4ea5-b6b2-371fafc00812" />
    <UnitTestResult executionId="d80a6660-a249-436a-b63f-00ad07d87113" testId="c14017f0-ad81-ccaa-1f10-437776dc6ea8" testName="TestUpdateBuildingsOutline_Success" computerName="DKSR-EFI-06" duration="00:00:00.0248822" startTime="2024-01-09T15:43:07.9353445+01:00" endTime="2024-01-09T15:43:07.9509692+01:00" testType="13cdc9d9-ddb5-4fa4-a97d-d965ccfc6d4b" outcome="Passed" testListId="8c84fa94-04c1-424b-9868-57a2d4851a1d" relativeResultsDirectory="d80a6660-a249-436a-b63f-00ad07d87113" />
    <UnitTestResult executionId="be06d554-7833-4638-9185-9801d8920845" testId="828ef787-afd5-c441-6789-6eda6598e6c8" testName="TestConstructor_ParsingWcfObjectWithNull_Success" computerName="DKSR-EFI-06" duration="00:00:00.0014980" startTime="2024-01-09T15:43:12.7947361+01:00" endTime="2024-01-09T15:43:12.7947361+01:00" testType="13cdc9d9-ddb5-4fa4-a97d-d965ccfc6d4b" outcome="Passed" testListId="8c84fa94-04c1-424b-9868-57a2d4851a1d" relativeResultsDirectory="be06d554-7833-4638-9185-9801d8920845" />
    <UnitTestResult executionId="6d95c353-fb61-4469-9652-3f3520dd7941" testId="ea7c8f3d-8a16-b2f3-b86d-92e1bbc9b9c7" testName="TestWcfObject_ConvertToWcfObject_Success" computerName="DKSR-EFI-06" duration="00:00:00.0018783" startTime="2024-01-09T15:43:12.8103592+01:00" endTime="2024-01-09T15:43:12.8103592+01:00" testType="13cdc9d9-ddb5-4fa4-a97d-d965ccfc6d4b" outcome="Passed" testListId="8c84fa94-04c1-424b-9868-57a2d4851a1d" relativeResultsDirectory="6d95c353-fb61-4469-9652-3f3520dd7941" />
    <UnitTestResult executionId="c223755d-0f6f-4e68-88a9-91fa6a47ea04" testId="ce255936-1b10-d498-bcfd-2601c485ce39" testName="GetClusters_CheckClusterIdNotPersistentInDifferentIndexers" computerName="DKSR-EFI-06" duration="00:00:00.0011744" startTime="2024-01-09T15:43:11.3259801+01:00" endTime="2024-01-09T15:43:11.3259801+01:00" testType="13cdc9d9-ddb5-4fa4-a97d-d965ccfc6d4b" outcome="Passed" testListId="8c84fa94-04c1-424b-9868-57a2d4851a1d" relativeResultsDirectory="c223755d-0f6f-4e68-88a9-91fa6a47ea04" />
    <UnitTestResult executionId="e1a08b20-3ac7-4e5f-a755-90c52cae55e2" testId="d94f0f94-5dd6-5846-2e1a-43577eb31456" testName="AddItems_3Iems_3Clusters" computerName="DKSR-EFI-06" duration="00:00:00.0025206" startTime="2024-01-09T15:43:11.3103566+01:00" endTime="2024-01-09T15:43:11.3103566+01:00" testType="13cdc9d9-ddb5-4fa4-a97d-d965ccfc6d4b" outcome="Passed" testListId="8c84fa94-04c1-424b-9868-57a2d4851a1d" relativeResultsDirectory="e1a08b20-3ac7-4e5f-a755-90c52cae55e2" />
    <UnitTestResult executionId="489a5d85-3bdc-456c-8da8-ad87ecaa3462" testId="cbac9dff-c46f-1fae-a420-d6e5e875cd44" testName="TestConstructor_Success" computerName="DKSR-EFI-06" duration="00:00:00.0004985" startTime="2024-01-09T15:43:10.0759811+01:00" endTime="2024-01-09T15:43:10.0759811+01:00" testType="13cdc9d9-ddb5-4fa4-a97d-d965ccfc6d4b" outcome="Passed" testListId="8c84fa94-04c1-424b-9868-57a2d4851a1d" relativeResultsDirectory="489a5d85-3bdc-456c-8da8-ad87ecaa3462" />
    <UnitTestResult executionId="20b2d118-64a2-43ea-86eb-c3d5b66c6078" testId="15c8ff39-d173-a012-a398-b8dcf40711af" testName="TestAuditLog_AuditLogLayerAdded_Success" computerName="DKSR-EFI-06" duration="00:00:00.0051564" startTime="2024-01-09T15:43:10.1384772+01:00" endTime="2024-01-09T15:43:10.1384772+01:00" testType="13cdc9d9-ddb5-4fa4-a97d-d965ccfc6d4b" outcome="Passed" testListId="8c84fa94-04c1-424b-9868-57a2d4851a1d" relativeResultsDirectory="20b2d118-64a2-43ea-86eb-c3d5b66c6078" />
    <UnitTestResult executionId="b8d1de3e-4dbf-4721-992f-3e6af74e364f" testId="10824584-b0ef-c30e-5e75-e9428713871e" testName="RemoveLevel" computerName="DKSR-EFI-06" duration="00:00:00.0042788" startTime="2024-01-09T15:43:12.4197338+01:00" endTime="2024-01-09T15:43:12.4197338+01:00" testType="13cdc9d9-ddb5-4fa4-a97d-d965ccfc6d4b" outcome="Passed" testListId="8c84fa94-04c1-424b-9868-57a2d4851a1d" relativeResultsDirectory="b8d1de3e-4dbf-4721-992f-3e6af74e364f" />
    <UnitTestResult executionId="053e7de4-b66e-4e8b-8def-cd2d9fad06c1" testId="8ece25b2-85c1-6c5c-6450-bff475f02b6b" testName="TestWcfObject_GetWcfObjectWithoutExtent_Success" computerName="DKSR-EFI-06" duration="00:00:00.0016300" startTime="2024-01-09T15:43:10.0916024+01:00" endTime="2024-01-09T15:43:10.0916024+01:00" testType="13cdc9d9-ddb5-4fa4-a97d-d965ccfc6d4b" outcome="Passed" testListId="8c84fa94-04c1-424b-9868-57a2d4851a1d" relativeResultsDirectory="053e7de4-b66e-4e8b-8def-cd2d9fad06c1" />
    <UnitTestResult executionId="c6d61cdf-aa66-4150-a1c6-d5b2c3247708" testId="2c92206f-910a-b4af-c919-e3a119b0a747" testName="DeleteItem_NonExistant_Ignores" computerName="DKSR-EFI-06" duration="00:00:00.0051628" startTime="2024-01-09T15:43:06.5290894+01:00" endTime="2024-01-09T15:43:06.5290894+01:00" testType="13cdc9d9-ddb5-4fa4-a97d-d965ccfc6d4b" outcome="Passed" testListId="8c84fa94-04c1-424b-9868-57a2d4851a1d" relativeResultsDirectory="c6d61cdf-aa66-4150-a1c6-d5b2c3247708" />
    <UnitTestResult executionId="658dd019-1a99-4e05-b3a5-cc9c14da48ca" testId="5fb5ca8d-2b3c-1e3c-db7a-47c6ee32b770" testName="SetMapItems_SetsPositionForItemWithMinimumId" computerName="DKSR-EFI-06" duration="00:00:00.0020571" startTime="2024-01-09T15:43:12.3259831+01:00" endTime="2024-01-09T15:43:12.3259831+01:00" testType="13cdc9d9-ddb5-4fa4-a97d-d965ccfc6d4b" outcome="Passed" testListId="8c84fa94-04c1-424b-9868-57a2d4851a1d" relativeResultsDirectory="658dd019-1a99-4e05-b3a5-cc9c14da48ca" />
    <UnitTestResult executionId="5eb9656a-227e-4b6e-9456-f9e6ac446a34" testId="02bcd648-f213-e33f-0087-08a2823f154a" testName="Test_QueryLayersByLevelId_MultipleRows_succes" computerName="DKSR-EFI-06" duration="00:00:00.0270176" startTime="2024-01-09T15:43:08.9353486+01:00" endTime="2024-01-09T15:43:08.9665966+01:00" testType="13cdc9d9-ddb5-4fa4-a97d-d965ccfc6d4b" outcome="Passed" testListId="8c84fa94-04c1-424b-9868-57a2d4851a1d" relativeResultsDirectory="5eb9656a-227e-4b6e-9456-f9e6ac446a34" />
    <UnitTestResult executionId="6fc6d9a3-d1fd-420c-8536-626e8f06cd69" testId="04e6627c-fea8-4a3b-5994-ffc3bbebad08" testName="RemoveItems_Init5Items_RemoveWholeCluster" computerName="DKSR-EFI-06" duration="00:00:00.0013353" startTime="2024-01-09T15:43:11.2791093+01:00" endTime="2024-01-09T15:43:11.2791093+01:00" testType="13cdc9d9-ddb5-4fa4-a97d-d965ccfc6d4b" outcome="Passed" testListId="8c84fa94-04c1-424b-9868-57a2d4851a1d" relativeResultsDirectory="6fc6d9a3-d1fd-420c-8536-626e8f06cd69" />
    <UnitTestResult executionId="dacff738-b9ec-41c9-ba8e-7650edda602c" testId="a24d2938-8b8c-cfc6-8442-4b8e53130137" testName="TestUpdateProperties_UpdateAllProperties_Success" computerName="DKSR-EFI-06" duration="00:00:00.0003910" startTime="2024-01-09T15:43:10.4041027+01:00" endTime="2024-01-09T15:43:10.4197294+01:00" testType="13cdc9d9-ddb5-4fa4-a97d-d965ccfc6d4b" outcome="Passed" testListId="8c84fa94-04c1-424b-9868-57a2d4851a1d" relativeResultsDirectory="dacff738-b9ec-41c9-ba8e-7650edda602c" />
    <UnitTestResult executionId="82f8c634-e2c0-4549-b0bb-27205e0e3bfa" testId="fe6f8eb7-9e45-eeda-d481-7ce0c15e65c1" testName="TestConstructor_ParsingWcfObjectWithNull_Success" computerName="DKSR-EFI-06" duration="00:00:00.0016669" startTime="2024-01-09T15:43:12.6541109+01:00" endTime="2024-01-09T15:43:12.6697345+01:00" testType="13cdc9d9-ddb5-4fa4-a97d-d965ccfc6d4b" outcome="Passed" testListId="8c84fa94-04c1-424b-9868-57a2d4851a1d" relativeResultsDirectory="82f8c634-e2c0-4549-b0bb-27205e0e3bfa" />
    <UnitTestResult executionId="7e3f4512-0245-45c0-84fd-b725550712d0" testId="b534c2a4-de2d-8897-f7e0-dddebd64f9c9" testName="TestUpdateBuilding_UnknownBuilding_Success" computerName="DKSR-EFI-06" duration="00:00:00.0017262" startTime="2024-01-09T15:43:07.8728437+01:00" endTime="2024-01-09T15:43:07.8884675+01:00" testType="13cdc9d9-ddb5-4fa4-a97d-d965ccfc6d4b" outcome="Passed" testListId="8c84fa94-04c1-424b-9868-57a2d4851a1d" relativeResultsDirectory="7e3f4512-0245-45c0-84fd-b725550712d0" />
    <UnitTestResult executionId="34016b97-7d73-4e2d-8ce6-b36588bb3e51" testId="60288a6f-cda2-3d1b-005c-ed5d7b4eab90" testName="TestConstructor_Success" computerName="DKSR-EFI-06" duration="00:00:00.0004389" startTime="2024-01-09T15:43:11.1228567+01:00" endTime="2024-01-09T15:43:11.1228567+01:00" testType="13cdc9d9-ddb5-4fa4-a97d-d965ccfc6d4b" outcome="Passed" testListId="8c84fa94-04c1-424b-9868-57a2d4851a1d" relativeResultsDirectory="34016b97-7d73-4e2d-8ce6-b36588bb3e51" />
    <UnitTestResult executionId="896ef8d7-5e03-4357-9b9b-3058bc291a94" testId="7ee73049-9fdf-3f50-ffdb-fe86cbdad9da" testName="TestAuditLog_AuditLogLayerChanged_Success" computerName="DKSR-EFI-06" duration="00:00:00.0117867" startTime="2024-01-09T15:43:09.9978499+01:00" endTime="2024-01-09T15:43:10.0134801+01:00" testType="13cdc9d9-ddb5-4fa4-a97d-d965ccfc6d4b" outcome="Passed" testListId="8c84fa94-04c1-424b-9868-57a2d4851a1d" relativeResultsDirectory="896ef8d7-5e03-4357-9b9b-3058bc291a94" />
    <UnitTestResult executionId="66b9bd22-e3a0-415e-900f-d1425c143205" testId="2988c6e9-72a8-0c7c-a354-29ca48799c77" testName="TestConstructor_Success" computerName="DKSR-EFI-06" duration="00:00:00.0010643" startTime="2024-01-09T15:43:09.3572230+01:00" endTime="2024-01-09T15:43:09.3572230+01:00" testType="13cdc9d9-ddb5-4fa4-a97d-d965ccfc6d4b" outcome="Passed" testListId="8c84fa94-04c1-424b-9868-57a2d4851a1d" relativeResultsDirectory="66b9bd22-e3a0-415e-900f-d1425c143205" />
    <UnitTestResult executionId="816501e5-6243-44b9-8134-88db46932fcc" testId="1fe02c7d-840c-85b9-a599-0d65d4be7904" testName="TestAuditLog_AuditLogWithNullAuditLogger_Failure" computerName="DKSR-EFI-06" duration="00:00:00.0042117" startTime="2024-01-09T15:43:10.6384785+01:00" endTime="2024-01-09T15:43:10.6541047+01:00" testType="13cdc9d9-ddb5-4fa4-a97d-d965ccfc6d4b" outcome="Passed" testListId="8c84fa94-04c1-424b-9868-57a2d4851a1d" relativeResultsDirectory="816501e5-6243-44b9-8134-88db46932fcc" />
    <UnitTestResult executionId="dd4a3c45-c5bd-453a-a7c0-bb2c2e44e739" testId="94902b9c-8ccb-9e95-a875-a13953f7dd4e" testName="TestConstructor_ParsingWcfObjectWithoutPosition_Success" computerName="DKSR-EFI-06" duration="00:00:00.0006549" startTime="2024-01-09T15:43:10.9041035+01:00" endTime="2024-01-09T15:43:10.9041035+01:00" testType="13cdc9d9-ddb5-4fa4-a97d-d965ccfc6d4b" outcome="Passed" testListId="8c84fa94-04c1-424b-9868-57a2d4851a1d" relativeResultsDirectory="dd4a3c45-c5bd-453a-a7c0-bb2c2e44e739" />
    <UnitTestResult executionId="8a369a90-7a82-4ab7-931c-839bd5aea1eb" testId="8ab69463-7ecf-1f86-4159-d154b370e1e0" testName="IsOnStumpLevel" computerName="DKSR-EFI-06" duration="00:00:00.0043566" startTime="2024-01-09T15:43:12.5916090+01:00" endTime="2024-01-09T15:43:12.5916090+01:00" testType="13cdc9d9-ddb5-4fa4-a97d-d965ccfc6d4b" outcome="Passed" testListId="8c84fa94-04c1-424b-9868-57a2d4851a1d" relativeResultsDirectory="8a369a90-7a82-4ab7-931c-839bd5aea1eb" />
    <UnitTestResult executionId="744853e0-c342-4141-9ef9-f514768ee5a9" testId="6e05f086-3ad3-b5e2-47c5-d7b514255409" testName="TestWcfObject_ConvertToWcfObjectEmptyOutline_Success" computerName="DKSR-EFI-06" duration="00:00:00.0007816" startTime="2024-01-09T15:43:12.7009854+01:00" endTime="2024-01-09T15:43:12.7009854+01:00" testType="13cdc9d9-ddb5-4fa4-a97d-d965ccfc6d4b" outcome="Passed" testListId="8c84fa94-04c1-424b-9868-57a2d4851a1d" relativeResultsDirectory="744853e0-c342-4141-9ef9-f514768ee5a9" />
    <UnitTestResult executionId="f0bb049d-c9e7-4b26-83c3-e54b2ddd2b88" testId="6d2326d2-1132-af41-2236-2760df0fdb19" testName="RemoveBuildingLevel" computerName="DKSR-EFI-06" duration="00:00:00.0075101" startTime="2024-01-09T15:43:12.5447325+01:00" endTime="2024-01-09T15:43:12.5603576+01:00" testType="13cdc9d9-ddb5-4fa4-a97d-d965ccfc6d4b" outcome="Passed" testListId="8c84fa94-04c1-424b-9868-57a2d4851a1d" relativeResultsDirectory="f0bb049d-c9e7-4b26-83c3-e54b2ddd2b88" />
    <UnitTestResult executionId="da972507-2a81-47ec-8273-d1d14a973507" testId="961e74af-cf3b-f482-5921-8b5ffbc3313d" testName="TestPropertyNames_GettingPropertyNames_Success" computerName="DKSR-EFI-06" duration="00:00:00.0011188" startTime="2024-01-09T15:43:10.5134778+01:00" endTime="2024-01-09T15:43:10.5134778+01:00" testType="13cdc9d9-ddb5-4fa4-a97d-d965ccfc6d4b" outcome="Passed" testListId="8c84fa94-04c1-424b-9868-57a2d4851a1d" relativeResultsDirectory="da972507-2a81-47ec-8273-d1d14a973507" />
    <UnitTestResult executionId="36d4f548-304c-4f95-95d7-2bb129c3799a" testId="4a6b21bb-5bba-4983-b68d-5e6937cebf15" testName="AddBuilding" computerName="DKSR-EFI-06" duration="00:00:00.0072401" startTime="2024-01-09T15:43:12.4822344+01:00" endTime="2024-01-09T15:43:12.4822344+01:00" testType="13cdc9d9-ddb5-4fa4-a97d-d965ccfc6d4b" outcome="Passed" testListId="8c84fa94-04c1-424b-9868-57a2d4851a1d" relativeResultsDirectory="36d4f548-304c-4f95-95d7-2bb129c3799a" />
    <UnitTestResult executionId="813c5d5c-2cb8-4f78-9979-c63dd25112a6" testId="26a11d24-5430-325a-f86e-03d3ca9c8af1" testName="UpdateItem_PositionChanged_Moves" computerName="DKSR-EFI-06" duration="00:00:00.0132437" startTime="2024-01-09T15:43:06.5603402+01:00" endTime="2024-01-09T15:43:06.5759632+01:00" testType="13cdc9d9-ddb5-4fa4-a97d-d965ccfc6d4b" outcome="Passed" testListId="8c84fa94-04c1-424b-9868-57a2d4851a1d" relativeResultsDirectory="813c5d5c-2cb8-4f78-9979-c63dd25112a6" />
    <UnitTestResult executionId="9cf35e8e-84fa-4b06-a468-d3083fe44e79" testId="e42eb884-a502-43a5-d5eb-c36e2990c151" testName="ActivatePluginAction_Success" computerName="DKSR-EFI-06" duration="00:00:00.0183871" startTime="2024-01-09T15:43:05.4822095+01:00" endTime="2024-01-09T15:43:05.4978331+01:00" testType="13cdc9d9-ddb5-4fa4-a97d-d965ccfc6d4b" outcome="Passed" testListId="8c84fa94-04c1-424b-9868-57a2d4851a1d" relativeResultsDirectory="9cf35e8e-84fa-4b06-a468-d3083fe44e79" />
    <UnitTestResult executionId="b06307f7-8b82-4361-b8b7-c637b390291f" testId="a37dfa91-edcb-1f50-e5b8-8ef48cf05477" testName="TestDeleteBuildings_DatabaseException_Failure" computerName="DKSR-EFI-06" duration="00:00:00.0036624" startTime="2024-01-09T15:43:07.7322164+01:00" endTime="2024-01-09T15:43:07.7322164+01:00" testType="13cdc9d9-ddb5-4fa4-a97d-d965ccfc6d4b" outcome="Passed" testListId="8c84fa94-04c1-424b-9868-57a2d4851a1d" relativeResultsDirectory="b06307f7-8b82-4361-b8b7-c637b390291f" />
    <UnitTestResult executionId="dd163e29-3360-4fb8-ac80-4c968bb3c238" testId="ec3dc390-40fa-2306-12dc-573ec97177fd" testName="TestAddLevels_DatabaseException_Failure" computerName="DKSR-EFI-06" duration="00:00:00.0048359" startTime="2024-01-09T15:43:08.2790980+01:00" endTime="2024-01-09T15:43:08.2790980+01:00" testType="13cdc9d9-ddb5-4fa4-a97d-d965ccfc6d4b" outcome="Passed" testListId="8c84fa94-04c1-424b-9868-57a2d4851a1d" relativeResultsDirectory="dd163e29-3360-4fb8-ac80-4c968bb3c238" />
    <UnitTestResult executionId="6bfce62c-796f-47a2-9682-99f907a09215" testId="53f8fdc8-702b-5ac8-9e59-2a1d5c6a6117" testName="GetClusters_PassesMinimumScaleToClusterToIndexer" computerName="DKSR-EFI-06" duration="00:00:00.0087271" startTime="2024-01-09T15:43:06.0603365+01:00" endTime="2024-01-09T15:43:06.0759638+01:00" testType="13cdc9d9-ddb5-4fa4-a97d-d965ccfc6d4b" outcome="Passed" testListId="8c84fa94-04c1-424b-9868-57a2d4851a1d" relativeResultsDirectory="6bfce62c-796f-47a2-9682-99f907a09215" />
    <UnitTestResult executionId="728a09df-7fac-408b-b1df-ad698accf4ae" testId="d64d5aae-2b27-1d91-cbfc-0ea8ed8f26e1" testName="TestAddLevel_UnknownLevel_Success" computerName="DKSR-EFI-06" duration="00:00:00.0105926" startTime="2024-01-09T15:43:08.1853473+01:00" endTime="2024-01-09T15:43:08.2009705+01:00" testType="13cdc9d9-ddb5-4fa4-a97d-d965ccfc6d4b" outcome="Passed" testListId="8c84fa94-04c1-424b-9868-57a2d4851a1d" relativeResultsDirectory="728a09df-7fac-408b-b1df-ad698accf4ae" />
    <UnitTestResult executionId="fb277f93-6c5a-43e5-aed1-25fe9c605396" testId="8f3b4f99-afdc-9597-8d92-9e2b1e15d907" testName="TestConstructor_ParsingWcfObject_Success" computerName="DKSR-EFI-06" duration="00:00:00.0024834" startTime="2024-01-09T15:43:09.7791016+01:00" endTime="2024-01-09T15:43:09.7947271+01:00" testType="13cdc9d9-ddb5-4fa4-a97d-d965ccfc6d4b" outcome="Passed" testListId="8c84fa94-04c1-424b-9868-57a2d4851a1d" relativeResultsDirectory="fb277f93-6c5a-43e5-aed1-25fe9c605396" />
    <UnitTestResult executionId="dd0c15bc-5210-489e-a3b2-251ecfd884a2" testId="21ece2aa-5b05-eb9f-6dfa-8fc89eabf1d3" testName="TestPropertyNames_GettingPropertyNames_Success" computerName="DKSR-EFI-06" duration="00:00:00.0012130" startTime="2024-01-09T15:43:09.3572230+01:00" endTime="2024-01-09T15:43:09.3572230+01:00" testType="13cdc9d9-ddb5-4fa4-a97d-d965ccfc6d4b" outcome="Passed" testListId="8c84fa94-04c1-424b-9868-57a2d4851a1d" relativeResultsDirectory="dd0c15bc-5210-489e-a3b2-251ecfd884a2" />
    <UnitTestResult executionId="621b2091-c9e1-4502-801a-749fd342a339" testId="85fce7c7-8cd1-075e-36ed-c440375e909a" testName="TestConstructor_ParsingWcfObject_Success" computerName="DKSR-EFI-06" duration="00:00:00.0005639" startTime="2024-01-09T15:43:10.0134801+01:00" endTime="2024-01-09T15:43:10.0134801+01:00" testType="13cdc9d9-ddb5-4fa4-a97d-d965ccfc6d4b" outcome="Passed" testListId="8c84fa94-04c1-424b-9868-57a2d4851a1d" relativeResultsDirectory="621b2091-c9e1-4502-801a-749fd342a339" />
    <UnitTestResult executionId="a998c364-1e87-407f-9e32-ec49aab4b07a" testId="20cf9a06-255a-d92d-afcd-8dfc739bd6b9" testName="InsertExcludedItems_Rises_OnItemsInserted" computerName="DKSR-EFI-06" duration="00:00:00.0014178" startTime="2024-01-09T15:43:11.3103566+01:00" endTime="2024-01-09T15:43:11.3103566+01:00" testType="13cdc9d9-ddb5-4fa4-a97d-d965ccfc6d4b" outcome="Passed" testListId="8c84fa94-04c1-424b-9868-57a2d4851a1d" relativeResultsDirectory="a998c364-1e87-407f-9e32-ec49aab4b07a" />
    <UnitTestResult executionId="0677f049-8084-49be-878f-0a1cedcaa6f3" testId="2b0ddda1-fce4-b042-1aa2-8a51e8069254" testName="TestDeleteBuildings_NullId_Failure" computerName="DKSR-EFI-06" duration="00:00:00.0028881" startTime="2024-01-09T15:43:07.7165950+01:00" endTime="2024-01-09T15:43:07.7322164+01:00" testType="13cdc9d9-ddb5-4fa4-a97d-d965ccfc6d4b" outcome="Passed" testListId="8c84fa94-04c1-424b-9868-57a2d4851a1d" relativeResultsDirectory="0677f049-8084-49be-878f-0a1cedcaa6f3" />
    <UnitTestResult executionId="3a0eb96e-0244-4634-afe0-9b2effead55a" testId="b1f41409-c3ed-2f26-8c3f-9b18c1d05f5c" testName="TestAddBuildings_OnlyUnknownBuildings_Success" computerName="DKSR-EFI-06" duration="00:00:00.0016678" startTime="2024-01-09T15:43:07.5447186+01:00" endTime="2024-01-09T15:43:07.5447186+01:00" testType="13cdc9d9-ddb5-4fa4-a97d-d965ccfc6d4b" outcome="Passed" testListId="8c84fa94-04c1-424b-9868-57a2d4851a1d" relativeResultsDirectory="3a0eb96e-0244-4634-afe0-9b2effead55a" />
    <UnitTestResult executionId="b2fbfeb0-b492-4cff-8301-63bac1657147" testId="a4ae177a-07cb-a89d-81d1-b440a5ecad36" testName="TestWcfObject_GetWcfObjectWithNullUpperLeftUpperRightLowerLeftLowerRight_Success" computerName="DKSR-EFI-06" duration="00:00:00.0014699" startTime="2024-01-09T15:43:09.4822230+01:00" endTime="2024-01-09T15:43:09.4822230+01:00" testType="13cdc9d9-ddb5-4fa4-a97d-d965ccfc6d4b" outcome="Passed" testListId="8c84fa94-04c1-424b-9868-57a2d4851a1d" relativeResultsDirectory="b2fbfeb0-b492-4cff-8301-63bac1657147" />
    <UnitTestResult executionId="d6cae2d1-f980-4b1d-a398-2ad026e2c882" testId="f61ab098-e5a8-c322-1966-eafc396e82e7" testName="TestWcfObject_GetWcfObjectWithoutExtent_Success" computerName="DKSR-EFI-06" duration="00:00:00.0004106" startTime="2024-01-09T15:43:10.0603512+01:00" endTime="2024-01-09T15:43:10.0603512+01:00" testType="13cdc9d9-ddb5-4fa4-a97d-d965ccfc6d4b" outcome="Passed" testListId="8c84fa94-04c1-424b-9868-57a2d4851a1d" relativeResultsDirectory="d6cae2d1-f980-4b1d-a398-2ad026e2c882" />
    <UnitTestResult executionId="9f5f861d-54e5-4419-b554-56be0a09bc44" testId="1ed4df3f-11ca-65e7-52ba-19aab1472d4e" testName="TestConstructor_ParsingWcfObjectWithNullViewport_Success" computerName="DKSR-EFI-06" duration="00:00:00.0009069" startTime="2024-01-09T15:43:09.3728512+01:00" endTime="2024-01-09T15:43:09.3728512+01:00" testType="13cdc9d9-ddb5-4fa4-a97d-d965ccfc6d4b" outcome="Passed" testListId="8c84fa94-04c1-424b-9868-57a2d4851a1d" relativeResultsDirectory="9f5f861d-54e5-4419-b554-56be0a09bc44" />
    <UnitTestResult executionId="ade1f24c-a3b5-4268-8bd7-0db8a7b7630b" testId="b9130c8e-9d83-6cc3-522b-ffedde30dd42" testName="TestUpdateProperties_UpdateAllProperties_Success" computerName="DKSR-EFI-06" duration="00:00:00.0020002" startTime="2024-01-09T15:43:09.5291042+01:00" endTime="2024-01-09T15:43:09.5291042+01:00" testType="13cdc9d9-ddb5-4fa4-a97d-d965ccfc6d4b" outcome="Passed" testListId="8c84fa94-04c1-424b-9868-57a2d4851a1d" relativeResultsDirectory="ade1f24c-a3b5-4268-8bd7-0db8a7b7630b" />
    <UnitTestResult executionId="588eba54-3ae1-4862-989f-9ca069d47d8a" testId="b683ad91-b12d-09a2-f3e7-de1598a6765a" testName="TestConstructor_ParsingWcfObjectWithNull_Success" computerName="DKSR-EFI-06" duration="00:00:00.0011198" startTime="2024-01-09T15:43:12.6541109+01:00" endTime="2024-01-09T15:43:12.6541109+01:00" testType="13cdc9d9-ddb5-4fa4-a97d-d965ccfc6d4b" outcome="Passed" testListId="8c84fa94-04c1-424b-9868-57a2d4851a1d" relativeResultsDirectory="588eba54-3ae1-4862-989f-9ca069d47d8a" />
    <UnitTestResult executionId="c44c236a-b705-46e9-8bb1-10adf2e346f9" testId="602dc06d-2e03-b254-bc33-ff556e01d42c" testName="TestAddBuildings_DatabaseException_NonUniqueMapId_Failure" computerName="DKSR-EFI-06" duration="00:00:00.0041848" startTime="2024-01-09T15:43:07.5447186+01:00" endTime="2024-01-09T15:43:07.5447186+01:00" testType="13cdc9d9-ddb5-4fa4-a97d-d965ccfc6d4b" outcome="Passed" testListId="8c84fa94-04c1-424b-9868-57a2d4851a1d" relativeResultsDirectory="c44c236a-b705-46e9-8bb1-10adf2e346f9" />
    <UnitTestResult executionId="7d9231bb-131f-41b8-9785-d9a08bd74782" testId="b7ec63b1-0492-6e05-fe11-6e2f7a61b929" testName="TestUpdateLevels_NullLevels_Failure" computerName="DKSR-EFI-06" duration="00:00:00.0018526" startTime="2024-01-09T15:43:08.5134730+01:00" endTime="2024-01-09T15:43:08.5134730+01:00" testType="13cdc9d9-ddb5-4fa4-a97d-d965ccfc6d4b" outcome="Passed" testListId="8c84fa94-04c1-424b-9868-57a2d4851a1d" relativeResultsDirectory="7d9231bb-131f-41b8-9785-d9a08bd74782" />
    <UnitTestResult executionId="72dd9f23-cdc6-4750-8d2e-5044b8d99504" testId="11404e7c-7edb-e531-9c6e-76c1e9d74073" testName="TestUpdateBuilding_NullBuilding_Failure" computerName="DKSR-EFI-06" duration="00:00:00.0017046" startTime="2024-01-09T15:43:07.8728437+01:00" endTime="2024-01-09T15:43:07.8728437+01:00" testType="13cdc9d9-ddb5-4fa4-a97d-d965ccfc6d4b" outcome="Passed" testListId="8c84fa94-04c1-424b-9868-57a2d4851a1d" relativeResultsDirectory="72dd9f23-cdc6-4750-8d2e-5044b8d99504" />
    <UnitTestResult executionId="11f2487d-4fd0-4a89-8be6-3a77b4b0e450" testId="bdf1081a-26c2-c8c7-9407-30b311fea481" testName="TestAuditLog_AuditLogMapDisplayed_Success" computerName="DKSR-EFI-06" duration="00:00:00.0050573" startTime="2024-01-09T15:43:09.6384777+01:00" endTime="2024-01-09T15:43:09.6541032+01:00" testType="13cdc9d9-ddb5-4fa4-a97d-d965ccfc6d4b" outcome="Passed" testListId="8c84fa94-04c1-424b-9868-57a2d4851a1d" relativeResultsDirectory="11f2487d-4fd0-4a89-8be6-3a77b4b0e450" />
    <UnitTestResult executionId="d0028167-5653-47b4-80a9-a673a5af6065" testId="bb6da51d-3cfc-e61e-30bd-82c9fa83aa16" testName="Test_DeleteLevel_ExtraRowsException_Failure" computerName="DKSR-EFI-06" duration="00:00:00.0167753" startTime="2024-01-09T15:43:08.6853468+01:00" endTime="2024-01-09T15:43:08.7009721+01:00" testType="13cdc9d9-ddb5-4fa4-a97d-d965ccfc6d4b" outcome="Passed" testListId="8c84fa94-04c1-424b-9868-57a2d4851a1d" relativeResultsDirectory="d0028167-5653-47b4-80a9-a673a5af6065" />
    <UnitTestResult executionId="d0edb8c9-407e-4fb5-b7c3-51d48a50e695" testId="6fb66f34-924f-519a-0dc3-4b14db8627a0" testName="TestConstructor_Success" computerName="DKSR-EFI-06" duration="00:00:00.0010253" startTime="2024-01-09T15:43:09.4666005+01:00" endTime="2024-01-09T15:43:09.4666005+01:00" testType="13cdc9d9-ddb5-4fa4-a97d-d965ccfc6d4b" outcome="Passed" testListId="8c84fa94-04c1-424b-9868-57a2d4851a1d" relativeResultsDirectory="d0edb8c9-407e-4fb5-b7c3-51d48a50e695" />
    <UnitTestResult executionId="5df83f3d-e73d-4d7e-9652-94e2d7856d94" testId="e9ea5347-0b8e-820b-619d-2931921f2a9d" testName="TestUpdateBuildings_NullDefaultLevel_Success" computerName="DKSR-EFI-06" duration="00:00:00.0323599" startTime="2024-01-09T15:43:07.9978438+01:00" endTime="2024-01-09T15:43:08.0290951+01:00" testType="13cdc9d9-ddb5-4fa4-a97d-d965ccfc6d4b" outcome="Passed" testListId="8c84fa94-04c1-424b-9868-57a2d4851a1d" relativeResultsDirectory="5df83f3d-e73d-4d7e-9652-94e2d7856d94" />
    <UnitTestResult executionId="46fb2093-32bc-48f3-a9a4-4eef4216c093" testId="1160c5d9-3b03-8b7c-d2ae-f7a44929d311" testName="TestUpdateProperties_UpdateAllProperties_Success" computerName="DKSR-EFI-06" duration="00:00:00.0014036" startTime="2024-01-09T15:43:10.6228547+01:00" endTime="2024-01-09T15:43:10.6228547+01:00" testType="13cdc9d9-ddb5-4fa4-a97d-d965ccfc6d4b" outcome="Passed" testListId="8c84fa94-04c1-424b-9868-57a2d4851a1d" relativeResultsDirectory="46fb2093-32bc-48f3-a9a4-4eef4216c093" />
    <UnitTestResult executionId="0edafb5d-fc93-40bc-831e-71f17834a7b0" testId="792cb16d-f91f-d7a2-bf2a-18f4a208d9a6" testName="TestProperties_GetPropertiesFromWcfObjectWithoutTransformInfo_Success" computerName="DKSR-EFI-06" duration="00:00:00.0010968" startTime="2024-01-09T15:43:10.1228535+01:00" endTime="2024-01-09T15:43:10.1228535+01:00" testType="13cdc9d9-ddb5-4fa4-a97d-d965ccfc6d4b" outcome="Passed" testListId="8c84fa94-04c1-424b-9868-57a2d4851a1d" relativeResultsDirectory="0edafb5d-fc93-40bc-831e-71f17834a7b0" />
    <UnitTestResult executionId="9b8467f6-8ade-4c3e-a024-1e3410e695ce" testId="9ae42ec2-98be-00f5-c3e2-5fe90424eff6" testName="TestWcfObject_ConvertToWcfObject_Success" computerName="DKSR-EFI-06" duration="00:00:00.0004762" startTime="2024-01-09T15:43:12.6541109+01:00" endTime="2024-01-09T15:43:12.6541109+01:00" testType="13cdc9d9-ddb5-4fa4-a97d-d965ccfc6d4b" outcome="Passed" testListId="8c84fa94-04c1-424b-9868-57a2d4851a1d" relativeResultsDirectory="9b8467f6-8ade-4c3e-a024-1e3410e695ce" />
    <UnitTestResult executionId="3f402f79-830d-40c2-bc0d-49c5ae1ecd81" testId="4783053d-2f52-f4a3-164e-3fc995b4bfc4" testName="TestConstructor_ParsingWcfObjectWithNull_ArgumentNullException" computerName="DKSR-EFI-06" duration="00:00:00.0011333" startTime="2024-01-09T15:43:10.4509783+01:00" endTime="2024-01-09T15:43:10.4509783+01:00" testType="13cdc9d9-ddb5-4fa4-a97d-d965ccfc6d4b" outcome="Passed" testListId="8c84fa94-04c1-424b-9868-57a2d4851a1d" relativeResultsDirectory="3f402f79-830d-40c2-bc0d-49c5ae1ecd81" />
    <UnitTestResult executionId="f9aa7627-4897-4479-8e76-d1fc4e0bdfe4" testId="a38e0aa9-55dd-8990-1ea8-62c9cdd5455d" testName="UpdateLevel" computerName="DKSR-EFI-06" duration="00:00:00.0056658" startTime="2024-01-09T15:43:12.4197338+01:00" endTime="2024-01-09T15:43:12.4353592+01:00" testType="13cdc9d9-ddb5-4fa4-a97d-d965ccfc6d4b" outcome="Passed" testListId="8c84fa94-04c1-424b-9868-57a2d4851a1d" relativeResultsDirectory="f9aa7627-4897-4479-8e76-d1fc4e0bdfe4" />
    <UnitTestResult executionId="d87d1107-8d68-42f2-bad1-cd9d95d3aec0" testId="f9d1dc0b-347a-174a-749b-b738a8744e4b" testName="FilterAsync_ReturnsAuthorizedItems" computerName="DKSR-EFI-06" duration="00:00:00.0438004" startTime="2024-01-09T15:43:05.7322126+01:00" endTime="2024-01-09T15:43:05.7790894+01:00" testType="13cdc9d9-ddb5-4fa4-a97d-d965ccfc6d4b" outcome="Passed" testListId="8c84fa94-04c1-424b-9868-57a2d4851a1d" relativeResultsDirectory="d87d1107-8d68-42f2-bad1-cd9d95d3aec0" />
    <UnitTestResult executionId="7efbb984-c782-45e0-8cdf-b1f39973ec47" testId="6996c8e0-08a0-bfff-fca5-a05e55543939" testName="TestAuditLog_NullLevelAuditParameters_Building_Failure" computerName="DKSR-EFI-06" duration="00:00:00.0017621" startTime="2024-01-09T15:43:12.8259848+01:00" endTime="2024-01-09T15:43:12.8259848+01:00" testType="13cdc9d9-ddb5-4fa4-a97d-d965ccfc6d4b" outcome="Passed" testListId="8c84fa94-04c1-424b-9868-57a2d4851a1d" relativeResultsDirectory="7efbb984-c782-45e0-8cdf-b1f39973ec47" />
    <UnitTestResult executionId="e6de14d9-b658-40ff-b3f6-14da2ed00936" testId="7b2097a1-e30d-1da0-745e-238447ccb557" testName="TestConstructor_ParsingWcfObjectWithNullMapSettings_Success" computerName="DKSR-EFI-06" duration="00:00:00.0025753" startTime="2024-01-09T15:43:09.7009778+01:00" endTime="2024-01-09T15:43:09.7009778+01:00" testType="13cdc9d9-ddb5-4fa4-a97d-d965ccfc6d4b" outcome="Passed" testListId="8c84fa94-04c1-424b-9868-57a2d4851a1d" relativeResultsDirectory="e6de14d9-b658-40ff-b3f6-14da2ed00936" />
    <UnitTestResult executionId="03de20ad-4cb5-440a-b276-64bbb73251ac" testId="0b427970-7f06-1e6c-dbf4-7d3298a97e17" testName="Test_DeleteLevels_DatabaseException_Failure" computerName="DKSR-EFI-06" duration="00:00:00.0044427" startTime="2024-01-09T15:43:08.7790988+01:00" endTime="2024-01-09T15:43:08.7947224+01:00" testType="13cdc9d9-ddb5-4fa4-a97d-d965ccfc6d4b" outcome="Passed" testListId="8c84fa94-04c1-424b-9868-57a2d4851a1d" relativeResultsDirectory="03de20ad-4cb5-440a-b276-64bbb73251ac" />
    <UnitTestResult executionId="a77afeaa-6f19-47d2-a71f-25d9e9932139" testId="ea4821c7-26a1-2537-47ce-e237cc6ee815" testName="TestConstructor_ParsingWcfObjectWithNull_Success" computerName="DKSR-EFI-06" duration="00:00:00.0005715" startTime="2024-01-09T15:43:10.4822282+01:00" endTime="2024-01-09T15:43:10.4822282+01:00" testType="13cdc9d9-ddb5-4fa4-a97d-d965ccfc6d4b" outcome="Passed" testListId="8c84fa94-04c1-424b-9868-57a2d4851a1d" relativeResultsDirectory="a77afeaa-6f19-47d2-a71f-25d9e9932139" />
    <UnitTestResult executionId="743abbab-c334-4878-9df1-ce983f120721" testId="3f64cf55-1663-03c1-53b4-20fe58d327f0" testName="TestConstructor_CreateService_Success" computerName="DKSR-EFI-06" duration="00:00:00.0004707" startTime="2024-01-09T15:43:05.6697102+01:00" endTime="2024-01-09T15:43:05.6697102+01:00" testType="13cdc9d9-ddb5-4fa4-a97d-d965ccfc6d4b" outcome="Passed" testListId="8c84fa94-04c1-424b-9868-57a2d4851a1d" relativeResultsDirectory="743abbab-c334-4878-9df1-ce983f120721" />
    <UnitTestResult executionId="4401696d-8ade-42a0-8c11-b7a9be1898b5" testId="7a702412-b890-3df3-5368-b92412527630" testName="TestUpdateLevels_OnlyUnknownLevels_Success" computerName="DKSR-EFI-06" duration="00:00:00.0039439" startTime="2024-01-09T15:43:08.5134730+01:00" endTime="2024-01-09T15:43:08.5290963+01:00" testType="13cdc9d9-ddb5-4fa4-a97d-d965ccfc6d4b" outcome="Passed" testListId="8c84fa94-04c1-424b-9868-57a2d4851a1d" relativeResultsDirectory="4401696d-8ade-42a0-8c11-b7a9be1898b5" />
    <UnitTestResult executionId="75cc5dfe-52f1-40a0-96dd-c381cb6a3457" testId="831a4700-4280-3ccd-21d8-f5f604ea12d2" testName="Init_PopulatesMainIndexer" computerName="DKSR-EFI-06" duration="00:00:00.0122570" startTime="2024-01-09T15:43:05.8884620+01:00" endTime="2024-01-09T15:43:05.9040850+01:00" testType="13cdc9d9-ddb5-4fa4-a97d-d965ccfc6d4b" outcome="Passed" testListId="8c84fa94-04c1-424b-9868-57a2d4851a1d" relativeResultsDirectory="75cc5dfe-52f1-40a0-96dd-c381cb6a3457" />
    <UnitTestResult executionId="1833b586-f885-4a75-9f28-646a9052a623" testId="3db0fc72-d7ad-dd65-723e-e1b395e7c54e" testName="TestAuditLog_AuditLogItemRemovedWithLocation_Success" computerName="DKSR-EFI-06" duration="00:00:00.0080989" startTime="2024-01-09T15:43:10.9978603+01:00" endTime="2024-01-09T15:43:10.9978603+01:00" testType="13cdc9d9-ddb5-4fa4-a97d-d965ccfc6d4b" outcome="Passed" testListId="8c84fa94-04c1-424b-9868-57a2d4851a1d" relativeResultsDirectory="1833b586-f885-4a75-9f28-646a9052a623" />
    <UnitTestResult executionId="000067bb-b367-4c6d-8a9e-5ec2e311810b" testId="3af7f087-b7b3-0534-145c-6c01dbaa4992" testName="TestUpdateBuilding_Exception_Failure" computerName="DKSR-EFI-06" duration="00:00:00.0042243" startTime="2024-01-09T15:43:07.8728437+01:00" endTime="2024-01-09T15:43:07.8728437+01:00" testType="13cdc9d9-ddb5-4fa4-a97d-d965ccfc6d4b" outcome="Passed" testListId="8c84fa94-04c1-424b-9868-57a2d4851a1d" relativeResultsDirectory="000067bb-b367-4c6d-8a9e-5ec2e311810b" />
    <UnitTestResult executionId="2559f603-44d4-43fe-89f8-14ec7371337b" testId="1996b3d4-502f-e720-be7d-7edc086c3d5e" testName="TestAddLevels_Success" computerName="DKSR-EFI-06" duration="00:00:00.0349133" startTime="2024-01-09T15:43:08.2322205+01:00" endTime="2024-01-09T15:43:08.2634700+01:00" testType="13cdc9d9-ddb5-4fa4-a97d-d965ccfc6d4b" outcome="Passed" testListId="8c84fa94-04c1-424b-9868-57a2d4851a1d" relativeResultsDirectory="2559f603-44d4-43fe-89f8-14ec7371337b" />
    <UnitTestResult executionId="0ff00964-3441-4901-bbbd-fbb380552a1c" testId="e1147cf7-e114-c0f6-ec05-af3a859e7d84" testName="TestConstructor_ParsingWcfObjectWithoutExtent_Success" computerName="DKSR-EFI-06" duration="00:00:00.0011470" startTime="2024-01-09T15:43:10.1853512+01:00" endTime="2024-01-09T15:43:10.1853512+01:00" testType="13cdc9d9-ddb5-4fa4-a97d-d965ccfc6d4b" outcome="Passed" testListId="8c84fa94-04c1-424b-9868-57a2d4851a1d" relativeResultsDirectory="0ff00964-3441-4901-bbbd-fbb380552a1c" />
    <UnitTestResult executionId="fc1479dc-1e29-40fa-b0e9-7d0bc91d5840" testId="37fb5746-cd94-a682-2a5a-0f0a8c0c7c60" testName="TestAdd_Levels_NullLevels_Failure" computerName="DKSR-EFI-06" duration="00:00:00.0021938" startTime="2024-01-09T15:43:08.2634700+01:00" endTime="2024-01-09T15:43:08.2634700+01:00" testType="13cdc9d9-ddb5-4fa4-a97d-d965ccfc6d4b" outcome="Passed" testListId="8c84fa94-04c1-424b-9868-57a2d4851a1d" relativeResultsDirectory="fc1479dc-1e29-40fa-b0e9-7d0bc91d5840" />
    <UnitTestResult executionId="3558dfda-485e-4c06-8855-33d99f710cff" testId="030414c7-bb4d-d636-f810-945d8c6a1e71" testName="TestUpdateProperties_UpdateAllProperties_Success" computerName="DKSR-EFI-06" duration="00:00:00.0005614" startTime="2024-01-09T15:43:09.5447265+01:00" endTime="2024-01-09T15:43:09.5447265+01:00" testType="13cdc9d9-ddb5-4fa4-a97d-d965ccfc6d4b" outcome="Passed" testListId="8c84fa94-04c1-424b-9868-57a2d4851a1d" relativeResultsDirectory="3558dfda-485e-4c06-8855-33d99f710cff" />
    <UnitTestResult executionId="41613e1f-d41c-41e2-8c1f-fba8cfe47a21" testId="5247f914-d515-1ff4-acca-c3d5e02af252" testName="TestConstructor_ParsingWcfObjectWithNull_Success" computerName="DKSR-EFI-06" duration="00:00:00.0005913" startTime="2024-01-09T15:43:10.2009762+01:00" endTime="2024-01-09T15:43:10.2009762+01:00" testType="13cdc9d9-ddb5-4fa4-a97d-d965ccfc6d4b" outcome="Passed" testListId="8c84fa94-04c1-424b-9868-57a2d4851a1d" relativeResultsDirectory="41613e1f-d41c-41e2-8c1f-fba8cfe47a21" />
    <UnitTestResult executionId="64f2504d-6114-407e-b53a-a73a0e27d97e" testId="20f48aed-1e6c-3774-d5cc-1668524098ab" testName="TestUpdateProperties_UpdateAllProperties_Success" computerName="DKSR-EFI-06" duration="00:00:00.0012819" startTime="2024-01-09T15:43:10.2634789+01:00" endTime="2024-01-09T15:43:10.2634789+01:00" testType="13cdc9d9-ddb5-4fa4-a97d-d965ccfc6d4b" outcome="Passed" testListId="8c84fa94-04c1-424b-9868-57a2d4851a1d" relativeResultsDirectory="64f2504d-6114-407e-b53a-a73a0e27d97e" />
    <UnitTestResult executionId="a22f65a3-2066-436c-8f78-40edc63b1736" testId="650d24b9-a276-9623-9991-78f255056e80" testName="BrowseLayer_Generic_CreateNew_Success" computerName="DKSR-EFI-06" duration="00:00:00.0088645" startTime="2024-01-09T15:43:09.8416023+01:00" endTime="2024-01-09T15:43:09.8416023+01:00" testType="13cdc9d9-ddb5-4fa4-a97d-d965ccfc6d4b" outcome="Passed" testListId="8c84fa94-04c1-424b-9868-57a2d4851a1d" relativeResultsDirectory="a22f65a3-2066-436c-8f78-40edc63b1736" />
    <UnitTestResult executionId="8054f1ae-ce59-4252-b7ae-024bdf0e56c3" testId="f9209f61-9c57-ae25-9c7a-160281aa2755" testName="TestConstructor_Success" computerName="DKSR-EFI-06" duration="00:00:00.0003210" startTime="2024-01-09T15:43:09.6541032+01:00" endTime="2024-01-09T15:43:09.6541032+01:00" testType="13cdc9d9-ddb5-4fa4-a97d-d965ccfc6d4b" outcome="Passed" testListId="8c84fa94-04c1-424b-9868-57a2d4851a1d" relativeResultsDirectory="8054f1ae-ce59-4252-b7ae-024bdf0e56c3" />
    <UnitTestResult executionId="fa260c71-3a25-4c64-b584-cc74a1857154" testId="b4d6d17f-df18-f9fd-dc55-d919392c93da" testName="TestAddLevel_BuildingNotFound_Failure" computerName="DKSR-EFI-06" duration="00:00:00.0043277" startTime="2024-01-09T15:43:08.2009705+01:00" endTime="2024-01-09T15:43:08.2166001+01:00" testType="13cdc9d9-ddb5-4fa4-a97d-d965ccfc6d4b" outcome="Passed" testListId="8c84fa94-04c1-424b-9868-57a2d4851a1d" relativeResultsDirectory="fa260c71-3a25-4c64-b584-cc74a1857154" />
    <UnitTestResult executionId="4e226a4c-adba-4338-b2e2-14eeaff666cb" testId="37910af0-e6f1-a5fe-7138-781f3aa9bdd2" testName="FilterAsync_ReturnsNoMoreThan2" computerName="DKSR-EFI-06" duration="00:00:00.0257370" startTime="2024-01-09T15:43:05.7947122+01:00" endTime="2024-01-09T15:43:05.8259611+01:00" testType="13cdc9d9-ddb5-4fa4-a97d-d965ccfc6d4b" outcome="Passed" testListId="8c84fa94-04c1-424b-9868-57a2d4851a1d" relativeResultsDirectory="4e226a4c-adba-4338-b2e2-14eeaff666cb" />
    <UnitTestResult executionId="ed9634c7-5bff-4946-80c7-7ba38598de1f" testId="bb207594-bb0f-fb30-170e-6bebf8c1e41d" testName="TestAuditLog_AuditLogBuildingAdded_Success" computerName="DKSR-EFI-06" duration="00:00:00.0052261" startTime="2024-01-09T15:43:12.7166100+01:00" endTime="2024-01-09T15:43:12.7322333+01:00" testType="13cdc9d9-ddb5-4fa4-a97d-d965ccfc6d4b" outcome="Passed" testListId="8c84fa94-04c1-424b-9868-57a2d4851a1d" relativeResultsDirectory="ed9634c7-5bff-4946-80c7-7ba38598de1f" />
    <UnitTestResult executionId="a4111460-968e-48dd-a9e4-651c581db146" testId="811d2d85-72f5-81dc-da5e-fa6233c93a0a" testName="TestWcfObject_GetWcfObjectWithoutExtent_Success" computerName="DKSR-EFI-06" duration="00:00:00.0005909" startTime="2024-01-09T15:43:10.3728529+01:00" endTime="2024-01-09T15:43:10.3728529+01:00" testType="13cdc9d9-ddb5-4fa4-a97d-d965ccfc6d4b" outcome="Passed" testListId="8c84fa94-04c1-424b-9868-57a2d4851a1d" relativeResultsDirectory="a4111460-968e-48dd-a9e4-651c581db146" />
    <UnitTestResult executionId="7b836715-6b11-4663-adfb-ba73953edc7b" testId="67bcce03-d474-bfa1-ea71-cde16b0abd49" testName="TestAddCapability_NullValue_Failure" computerName="DKSR-EFI-06" duration="00:00:00.0007777" startTime="2024-01-09T15:43:06.6228398+01:00" endTime="2024-01-09T15:43:06.6228398+01:00" testType="13cdc9d9-ddb5-4fa4-a97d-d965ccfc6d4b" outcome="Passed" testListId="8c84fa94-04c1-424b-9868-57a2d4851a1d" relativeResultsDirectory="7b836715-6b11-4663-adfb-ba73953edc7b" />
    <UnitTestResult executionId="0fc15dc7-0bde-42c6-9a5a-c3353e8e1802" testId="c00250a9-ac70-9935-505f-dcd62ec7e2c8" testName="TestAuditLog_AuditLogChanged_AddingNewLegacyLinkFromEmptyTargetMapId_Success" computerName="DKSR-EFI-06" duration="00:00:00.0200715" startTime="2024-01-09T15:43:10.8103549+01:00" endTime="2024-01-09T15:43:10.8259796+01:00" testType="13cdc9d9-ddb5-4fa4-a97d-d965ccfc6d4b" outcome="Passed" testListId="8c84fa94-04c1-424b-9868-57a2d4851a1d" relativeResultsDirectory="0fc15dc7-0bde-42c6-9a5a-c3353e8e1802" />
    <UnitTestResult executionId="453b06c3-a09c-4933-a3b2-6219ad37af5c" testId="e4f648f2-0672-2b28-d6c9-33370a86b335" testName="TestConstructor_ParsingWcfObjectWithNull_Success" computerName="DKSR-EFI-06" duration="00:00:00.0005469" startTime="2024-01-09T15:43:09.9041020+01:00" endTime="2024-01-09T15:43:09.9041020+01:00" testType="13cdc9d9-ddb5-4fa4-a97d-d965ccfc6d4b" outcome="Passed" testListId="8c84fa94-04c1-424b-9868-57a2d4851a1d" relativeResultsDirectory="453b06c3-a09c-4933-a3b2-6219ad37af5c" />
    <UnitTestResult executionId="5a1f5d24-857e-46ab-9a58-bf5b837f6827" testId="324d6929-56cf-f8dd-7a85-5e3044dd8b90" testName="OnLevelsDeleted" computerName="DKSR-EFI-06" duration="00:00:00.0006712" startTime="2024-01-09T15:43:05.7322126+01:00" endTime="2024-01-09T15:43:05.7322126+01:00" testType="13cdc9d9-ddb5-4fa4-a97d-d965ccfc6d4b" outcome="Passed" testListId="8c84fa94-04c1-424b-9868-57a2d4851a1d" relativeResultsDirectory="5a1f5d24-857e-46ab-9a58-bf5b837f6827" />
    <UnitTestResult executionId="01f076f8-05b2-44da-838b-ffc83c729ba1" testId="d315d4a8-7093-dfe1-f195-162981862df8" testName="TestProperties_GetProperties_Success" computerName="DKSR-EFI-06" duration="00:00:00.0004754" startTime="2024-01-09T15:43:09.5447265+01:00" endTime="2024-01-09T15:43:09.5447265+01:00" testType="13cdc9d9-ddb5-4fa4-a97d-d965ccfc6d4b" outcome="Passed" testListId="8c84fa94-04c1-424b-9868-57a2d4851a1d" relativeResultsDirectory="01f076f8-05b2-44da-838b-ffc83c729ba1" />
    <UnitTestResult executionId="0a7031d4-2cad-4dc6-8d70-e98427dcf08a" testId="5da8c5dc-8ba7-124b-a743-a3a3e93bca01" testName="TestAuditLog_AuditLogWithNullAuditLogger_Failure" computerName="DKSR-EFI-06" duration="00:00:00.0032782" startTime="2024-01-09T15:43:09.9666041+01:00" endTime="2024-01-09T15:43:09.9666041+01:00" testType="13cdc9d9-ddb5-4fa4-a97d-d965ccfc6d4b" outcome="Passed" testListId="8c84fa94-04c1-424b-9868-57a2d4851a1d" relativeResultsDirectory="0a7031d4-2cad-4dc6-8d70-e98427dcf08a" />
    <UnitTestResult executionId="7196ca1e-8f4f-40cb-8dad-c519543d8d28" testId="b201038f-d230-3fcc-a842-1395635e3b05" testName="TestQueryItemsByKindAndArea_Success" computerName="DKSR-EFI-06" duration="00:00:00.1301872" startTime="2024-01-09T15:43:09.1384759+01:00" endTime="2024-01-09T15:43:09.2791014+01:00" testType="13cdc9d9-ddb5-4fa4-a97d-d965ccfc6d4b" outcome="Passed" testListId="8c84fa94-04c1-424b-9868-57a2d4851a1d" relativeResultsDirectory="7196ca1e-8f4f-40cb-8dad-c519543d8d28" />
    <UnitTestResult executionId="cd1c027d-a824-4228-841f-9db849e74b33" testId="44301343-d884-c888-5daa-8bf33fcc30de" testName="TestProperties_GetProperties_Success" computerName="DKSR-EFI-06" duration="00:00:00.0004455" startTime="2024-01-09T15:43:09.4197254+01:00" endTime="2024-01-09T15:43:09.4197254+01:00" testType="13cdc9d9-ddb5-4fa4-a97d-d965ccfc6d4b" outcome="Passed" testListId="8c84fa94-04c1-424b-9868-57a2d4851a1d" relativeResultsDirectory="cd1c027d-a824-4228-841f-9db849e74b33" />
    <UnitTestResult executionId="210fb166-e08c-462a-95f4-a31e2ba535f0" testId="0b688f41-c47e-a7e7-8e10-e6bdbcffe353" testName="GetBuildingItemConnectionId_ReturnsUniquePersistentIds" computerName="DKSR-EFI-06" duration="00:00:00.0082555" startTime="2024-01-09T15:43:12.4666098+01:00" endTime="2024-01-09T15:43:12.4666098+01:00" testType="13cdc9d9-ddb5-4fa4-a97d-d965ccfc6d4b" outcome="Passed" testListId="8c84fa94-04c1-424b-9868-57a2d4851a1d" relativeResultsDirectory="210fb166-e08c-462a-95f4-a31e2ba535f0" />
    <UnitTestResult executionId="f5316f69-d4ab-47c8-a64e-9a3b587567ad" testId="88e33ecc-1d69-5a15-9df5-5b622ecf64fa" testName="Test_DeleteLevel_NonExistingId_Succes" computerName="DKSR-EFI-06" duration="00:00:00.0159908" startTime="2024-01-09T15:43:08.6697239+01:00" endTime="2024-01-09T15:43:08.6853468+01:00" testType="13cdc9d9-ddb5-4fa4-a97d-d965ccfc6d4b" outcome="Passed" testListId="8c84fa94-04c1-424b-9868-57a2d4851a1d" relativeResultsDirectory="f5316f69-d4ab-47c8-a64e-9a3b587567ad" />
    <UnitTestResult executionId="5def5c6a-1286-4f95-81e6-bc722db908a3" testId="c17985eb-b37f-87fe-c770-bf32daacfbfc" testName="TestWcfObject_GetWcfObject_Success" computerName="DKSR-EFI-06" duration="00:00:00.0006528" startTime="2024-01-09T15:43:10.0291017+01:00" endTime="2024-01-09T15:43:10.0291017+01:00" testType="13cdc9d9-ddb5-4fa4-a97d-d965ccfc6d4b" outcome="Passed" testListId="8c84fa94-04c1-424b-9868-57a2d4851a1d" relativeResultsDirectory="5def5c6a-1286-4f95-81e6-bc722db908a3" />
    <UnitTestResult executionId="0521d401-15c7-49ec-af42-bb528f3c7b64" testId="a48d558c-8190-a77f-a87d-a0c438140dd6" testName="TestWcfObject_ConvertToWcfObject_Success" computerName="DKSR-EFI-06" duration="00:00:00.0057827" startTime="2024-01-09T15:43:12.7009854+01:00" endTime="2024-01-09T15:43:12.7009854+01:00" testType="13cdc9d9-ddb5-4fa4-a97d-d965ccfc6d4b" outcome="Passed" testListId="8c84fa94-04c1-424b-9868-57a2d4851a1d" relativeResultsDirectory="0521d401-15c7-49ec-af42-bb528f3c7b64" />
    <UnitTestResult executionId="1dea8f76-d5c9-4547-98ff-5e2ade161f68" testId="09569d09-2516-706e-d9b6-9e01c0be7776" testName="TestAuditLog_AuditLogChanged_RemovingLegacyLinkWithValidTargetMapId_Success" computerName="DKSR-EFI-06" duration="00:00:00.0176895" startTime="2024-01-09T15:43:10.8259796+01:00" endTime="2024-01-09T15:43:10.8416987+01:00" testType="13cdc9d9-ddb5-4fa4-a97d-d965ccfc6d4b" outcome="Passed" testListId="8c84fa94-04c1-424b-9868-57a2d4851a1d" relativeResultsDirectory="1dea8f76-d5c9-4547-98ff-5e2ade161f68" />
    <UnitTestResult executionId="68784284-e93a-4053-90a1-fe5d241c2873" testId="1f5d248f-73b7-ff37-ee73-daed54890e10" testName="GetMipItemsByKindAndArea_Success" computerName="DKSR-EFI-06" duration="00:00:00.0722923" startTime="2024-01-09T15:43:05.5290839+01:00" endTime="2024-01-09T15:43:05.5915852+01:00" testType="13cdc9d9-ddb5-4fa4-a97d-d965ccfc6d4b" outcome="Passed" testListId="8c84fa94-04c1-424b-9868-57a2d4851a1d" relativeResultsDirectory="68784284-e93a-4053-90a1-fe5d241c2873" />
    <UnitTestResult executionId="1548b998-7768-4db1-be0b-af41c55d53d7" testId="0fb9c2a6-ea9b-e8a0-a382-04b6cf31ab2d" testName="Opened_ObtainsItemsInitializesServices" computerName="DKSR-EFI-06" duration="00:00:00.1403869" startTime="2024-01-09T15:43:05.2947075+01:00" endTime="2024-01-09T15:43:05.4353357+01:00" testType="13cdc9d9-ddb5-4fa4-a97d-d965ccfc6d4b" outcome="Passed" testListId="8c84fa94-04c1-424b-9868-57a2d4851a1d" relativeResultsDirectory="1548b998-7768-4db1-be0b-af41c55d53d7" />
    <UnitTestResult executionId="cfbd9505-39c2-4737-9641-9064b9997b07" testId="4258ec35-f944-5fda-746a-95233f9dcbef" testName="TestProperties_GetPropertiesFromWcfObject_Success" computerName="DKSR-EFI-06" duration="00:00:00.0007795" startTime="2024-01-09T15:43:09.4509769+01:00" endTime="2024-01-09T15:43:09.4509769+01:00" testType="13cdc9d9-ddb5-4fa4-a97d-d965ccfc6d4b" outcome="Passed" testListId="8c84fa94-04c1-424b-9868-57a2d4851a1d" relativeResultsDirectory="cfbd9505-39c2-4737-9641-9064b9997b07" />
    <UnitTestResult executionId="286eb4b1-bf4a-444c-ac6a-ac49b0fa321b" testId="c2671202-eec0-eb61-aaf8-b6ed3b317f8b" testName="TestAddBuilding_Success" computerName="DKSR-EFI-06" duration="00:00:00.0521147" startTime="2024-01-09T15:43:07.2790920+01:00" endTime="2024-01-09T15:43:07.3259666+01:00" testType="13cdc9d9-ddb5-4fa4-a97d-d965ccfc6d4b" outcome="Passed" testListId="8c84fa94-04c1-424b-9868-57a2d4851a1d" relativeResultsDirectory="286eb4b1-bf4a-444c-ac6a-ac49b0fa321b" />
    <UnitTestResult executionId="1c3bcaa8-1cb4-49f0-b476-c4d71aeffc4a" testId="4e2eb5fa-c2ba-a2ca-9cc3-2b7a38a14ebf" testName="GetMipItemsByKindAndArea_WhenNoBuildings_WholeCellClusteringStrategy" computerName="DKSR-EFI-06" duration="00:00:00.0171137" startTime="2024-01-09T15:43:05.6228355+01:00" endTime="2024-01-09T15:43:05.6384604+01:00" testType="13cdc9d9-ddb5-4fa4-a97d-d965ccfc6d4b" outcome="Passed" testListId="8c84fa94-04c1-424b-9868-57a2d4851a1d" relativeResultsDirectory="1c3bcaa8-1cb4-49f0-b476-c4d71aeffc4a" />
    <UnitTestResult executionId="be07babb-ab30-4bba-8497-5dfb24d00414" testId="ee55fce2-f1e0-e02e-131a-8b7e8d63f669" testName="TestConstructor_ParsingWcfObjectInvalidOutline_StartEndNotSame_Failure" computerName="DKSR-EFI-06" duration="00:00:00.0077757" startTime="2024-01-09T15:43:12.6853584+01:00" endTime="2024-01-09T15:43:12.6853584+01:00" testType="13cdc9d9-ddb5-4fa4-a97d-d965ccfc6d4b" outcome="Passed" testListId="8c84fa94-04c1-424b-9868-57a2d4851a1d" relativeResultsDirectory="be07babb-ab30-4bba-8497-5dfb24d00414" />
    <UnitTestResult executionId="3943ca2a-c4a5-4635-836b-e9dd2aed9cc0" testId="3edc7d70-d2cc-b78d-21c0-d53a11fde45f" testName="TestAddLevels_DatabaseException_UniqueKeyViolation_Failure" computerName="DKSR-EFI-06" duration="00:00:00.0043353" startTime="2024-01-09T15:43:08.2947215+01:00" endTime="2024-01-09T15:43:08.2947215+01:00" testType="13cdc9d9-ddb5-4fa4-a97d-d965ccfc6d4b" outcome="Passed" testListId="8c84fa94-04c1-424b-9868-57a2d4851a1d" relativeResultsDirectory="3943ca2a-c4a5-4635-836b-e9dd2aed9cc0" />
    <UnitTestResult executionId="82dcde19-be90-4c55-8a24-b8e396daa208" testId="9dd600bd-7eff-5241-1cff-fe245da5daab" testName="TestConstructor_ParsingWcfObject_Success" computerName="DKSR-EFI-06" duration="00:00:00.0003229" startTime="2024-01-09T15:43:09.4040984+01:00" endTime="2024-01-09T15:43:09.4040984+01:00" testType="13cdc9d9-ddb5-4fa4-a97d-d965ccfc6d4b" outcome="Passed" testListId="8c84fa94-04c1-424b-9868-57a2d4851a1d" relativeResultsDirectory="82dcde19-be90-4c55-8a24-b8e396daa208" />
    <UnitTestResult executionId="3bb7f848-ecf8-4a08-b2f0-18e597f89d44" testId="775bb72a-5183-39b4-039e-e0e23a1976ab" testName="TestProperties_GetPropertiesFromWcfObjectWithNullViewport_Success" computerName="DKSR-EFI-06" duration="00:00:00.0006381" startTime="2024-01-09T15:43:09.3884764+01:00" endTime="2024-01-09T15:43:09.3884764+01:00" testType="13cdc9d9-ddb5-4fa4-a97d-d965ccfc6d4b" outcome="Passed" testListId="8c84fa94-04c1-424b-9868-57a2d4851a1d" relativeResultsDirectory="3bb7f848-ecf8-4a08-b2f0-18e597f89d44" />
    <UnitTestResult executionId="b00f3455-5c09-40bc-b8c2-0590529cb8a6" testId="d131dd26-db8b-de9b-d86a-4b7b06f36702" testName="TestQueryBuildingByBuildingId_OneRow_Success" computerName="DKSR-EFI-06" duration="00:00:00.1960459" startTime="2024-01-09T15:43:07.0134654+01:00" endTime="2024-01-09T15:43:07.2009669+01:00" testType="13cdc9d9-ddb5-4fa4-a97d-d965ccfc6d4b" outcome="Passed" testListId="8c84fa94-04c1-424b-9868-57a2d4851a1d" relativeResultsDirectory="b00f3455-5c09-40bc-b8c2-0590529cb8a6" />
    <UnitTestResult executionId="a11e299f-12ff-4f71-9803-77ad368adabd" testId="74b7eab0-017c-ab67-0513-7a91e4a07ac5" testName="TestAuditLog_AuditLogLegacyLinkWithNullMapRemoved_Success" computerName="DKSR-EFI-06" duration="00:00:00.0103260" startTime="2024-01-09T15:43:10.7634791+01:00" endTime="2024-01-09T15:43:10.7791060+01:00" testType="13cdc9d9-ddb5-4fa4-a97d-d965ccfc6d4b" outcome="Passed" testListId="8c84fa94-04c1-424b-9868-57a2d4851a1d" relativeResultsDirectory="a11e299f-12ff-4f71-9803-77ad368adabd" />
    <UnitTestResult executionId="1a7cd3d4-22ef-4260-845a-9b192d24e8d7" testId="223437d7-9528-f75b-bdaa-04ae404f0ddd" testName="TestConstructor_ParsingWcfObjectWithNull_Success" computerName="DKSR-EFI-06" duration="00:00:00.0011952" startTime="2024-01-09T15:43:09.2947253+01:00" endTime="2024-01-09T15:43:09.2947253+01:00" testType="13cdc9d9-ddb5-4fa4-a97d-d965ccfc6d4b" outcome="Passed" testListId="8c84fa94-04c1-424b-9868-57a2d4851a1d" relativeResultsDirectory="1a7cd3d4-22ef-4260-845a-9b192d24e8d7" />
    <UnitTestResult executionId="aab411e0-eb17-4d7b-af59-3687011b20d1" testId="fdb790fe-0df4-f51f-fe4f-df1e95a5f558" testName="TestConstructor_ParsingWcfObject_Success" computerName="DKSR-EFI-06" duration="00:00:00.0029947" startTime="2024-01-09T15:43:10.6072305+01:00" endTime="2024-01-09T15:43:10.6072305+01:00" testType="13cdc9d9-ddb5-4fa4-a97d-d965ccfc6d4b" outcome="Passed" testListId="8c84fa94-04c1-424b-9868-57a2d4851a1d" relativeResultsDirectory="aab411e0-eb17-4d7b-af59-3687011b20d1" />
    <UnitTestResult executionId="c200e589-87f5-4f2d-a363-870012e2b30c" testId="83921641-4a25-dc4d-d456-f6312452f936" testName="TestUpdateBuildings_Success" computerName="DKSR-EFI-06" duration="00:00:00.0421730" startTime="2024-01-09T15:43:07.8884675+01:00" endTime="2024-01-09T15:43:07.9197208+01:00" testType="13cdc9d9-ddb5-4fa4-a97d-d965ccfc6d4b" outcome="Passed" testListId="8c84fa94-04c1-424b-9868-57a2d4851a1d" relativeResultsDirectory="c200e589-87f5-4f2d-a363-870012e2b30c" />
    <UnitTestResult executionId="a51638ca-0e5f-4c59-b490-2937eef55d60" testId="5cc34387-ceda-5527-6996-7e8b322a8655" testName="GetClusters_StrategyCalledWithIndividualItemsOnlyFalse_WhenScaleIsMoreThanMinimum" computerName="DKSR-EFI-06" duration="00:00:00.0091491" startTime="2024-01-09T15:43:11.3416060+01:00" endTime="2024-01-09T15:43:11.3572697+01:00" testType="13cdc9d9-ddb5-4fa4-a97d-d965ccfc6d4b" outcome="Passed" testListId="8c84fa94-04c1-424b-9868-57a2d4851a1d" relativeResultsDirectory="a51638ca-0e5f-4c59-b490-2937eef55d60" />
    <UnitTestResult executionId="aefdb98c-3191-4df2-a607-5eec586577be" testId="6ff685fd-526a-bf1d-9b26-1797b3a232bf" testName="TestConstructor_Success" computerName="DKSR-EFI-06" duration="00:00:00.0003184" startTime="2024-01-09T15:43:10.2322277+01:00" endTime="2024-01-09T15:43:10.2322277+01:00" testType="13cdc9d9-ddb5-4fa4-a97d-d965ccfc6d4b" outcome="Passed" testListId="8c84fa94-04c1-424b-9868-57a2d4851a1d" relativeResultsDirectory="aefdb98c-3191-4df2-a607-5eec586577be" />
    <UnitTestResult executionId="f3871f50-a5c9-47d3-9dd0-523ee8954742" testId="facab277-3a24-70a6-9997-48fee33f5612" testName="TestConstructor_ParsingWcfObjectWithNull_Success" computerName="DKSR-EFI-06" duration="00:00:00.0013714" startTime="2024-01-09T15:43:10.2791034+01:00" endTime="2024-01-09T15:43:10.2791034+01:00" testType="13cdc9d9-ddb5-4fa4-a97d-d965ccfc6d4b" outcome="Passed" testListId="8c84fa94-04c1-424b-9868-57a2d4851a1d" relativeResultsDirectory="f3871f50-a5c9-47d3-9dd0-523ee8954742" />
    <UnitTestResult executionId="dbf3808c-dc8c-4286-9098-961a96d043b4" testId="8e1cd980-f0bb-93ca-77d0-9148ca9c4d67" testName="Delete_Success" computerName="DKSR-EFI-06" duration="00:00:00.0072001" startTime="2024-01-09T15:43:05.9978346+01:00" endTime="2024-01-09T15:43:06.0134594+01:00" testType="13cdc9d9-ddb5-4fa4-a97d-d965ccfc6d4b" outcome="Passed" testListId="8c84fa94-04c1-424b-9868-57a2d4851a1d" relativeResultsDirectory="dbf3808c-dc8c-4286-9098-961a96d043b4" />
    <UnitTestResult executionId="22d72545-d273-4ab3-aca3-8ba1b7aae55c" testId="41f86925-900c-d030-da0d-121d966754ef" testName="TestPropertyNames_GettingPropertyNames_Success" computerName="DKSR-EFI-06" duration="00:00:00.0005913" startTime="2024-01-09T15:43:09.5134758+01:00" endTime="2024-01-09T15:43:09.5134758+01:00" testType="13cdc9d9-ddb5-4fa4-a97d-d965ccfc6d4b" outcome="Passed" testListId="8c84fa94-04c1-424b-9868-57a2d4851a1d" relativeResultsDirectory="22d72545-d273-4ab3-aca3-8ba1b7aae55c" />
    <UnitTestResult executionId="cd0065d6-e33e-4628-bf8e-fa2b47146589" testId="239476df-0f59-876f-8e57-595caa988d44" testName="TestConstructor_ParsingWcfObjectWithoutExtent_Success" computerName="DKSR-EFI-06" duration="00:00:00.0005755" startTime="2024-01-09T15:43:09.9197267+01:00" endTime="2024-01-09T15:43:09.9197267+01:00" testType="13cdc9d9-ddb5-4fa4-a97d-d965ccfc6d4b" outcome="Passed" testListId="8c84fa94-04c1-424b-9868-57a2d4851a1d" relativeResultsDirectory="cd0065d6-e33e-4628-bf8e-fa2b47146589" />
    <UnitTestResult executionId="8eaa4d8b-06ed-44ba-9ec0-7959f3df2652" testId="091530ba-fe2f-c00c-1db1-cb3e585f294c" testName="TestProperties_GetProperties_Success" computerName="DKSR-EFI-06" duration="00:00:00.0012436" startTime="2024-01-09T15:43:10.2634789+01:00" endTime="2024-01-09T15:43:10.2634789+01:00" testType="13cdc9d9-ddb5-4fa4-a97d-d965ccfc6d4b" outcome="Passed" testListId="8c84fa94-04c1-424b-9868-57a2d4851a1d" relativeResultsDirectory="8eaa4d8b-06ed-44ba-9ec0-7959f3df2652" />
    <UnitTestResult executionId="d5039eaf-d14a-4714-a10e-0ae299a8b807" testId="84324c5d-7da7-f9ce-0616-e7ba25587da8" testName="IsOnLevel" computerName="DKSR-EFI-06" duration="00:00:00.0095492" startTime="2024-01-09T15:43:12.6072389+01:00" endTime="2024-01-09T15:43:12.6228591+01:00" testType="13cdc9d9-ddb5-4fa4-a97d-d965ccfc6d4b" outcome="Passed" testListId="8c84fa94-04c1-424b-9868-57a2d4851a1d" relativeResultsDirectory="d5039eaf-d14a-4714-a10e-0ae299a8b807" />
    <UnitTestResult executionId="1bb3ab2c-0bca-4c3a-97c2-95173218fbe8" testId="62b9fc9b-83f4-c639-183f-4922d8cc804d" testName="TestConstructor_Success" computerName="DKSR-EFI-06" duration="00:00:00.0002501" startTime="2024-01-09T15:43:09.4197254+01:00" endTime="2024-01-09T15:43:09.4197254+01:00" testType="13cdc9d9-ddb5-4fa4-a97d-d965ccfc6d4b" outcome="Passed" testListId="8c84fa94-04c1-424b-9868-57a2d4851a1d" relativeResultsDirectory="1bb3ab2c-0bca-4c3a-97c2-95173218fbe8" />
    <UnitTestResult executionId="1dada1e1-bbc4-49c1-8771-113e408846eb" testId="e0a7365a-ad4d-0da4-c7ec-e8c8531859b3" testName="TestPropertyNames_GettingPropertyNames_Success" computerName="DKSR-EFI-06" duration="00:00:00.0004567" startTime="2024-01-09T15:43:09.4040984+01:00" endTime="2024-01-09T15:43:09.4040984+01:00" testType="13cdc9d9-ddb5-4fa4-a97d-d965ccfc6d4b" outcome="Passed" testListId="8c84fa94-04c1-424b-9868-57a2d4851a1d" relativeResultsDirectory="1dada1e1-bbc4-49c1-8771-113e408846eb" />
    <UnitTestResult executionId="5af3b03f-dea6-4c85-85cb-3e3a697dd841" testId="6fd438e4-dc9d-fb54-7c5c-386af97e259c" testName="AddBuilding_Silent_WhenBuildingExists" computerName="DKSR-EFI-06" duration="00:00:00.0039996" startTime="2024-01-09T15:43:12.4822344+01:00" endTime="2024-01-09T15:43:12.4822344+01:00" testType="13cdc9d9-ddb5-4fa4-a97d-d965ccfc6d4b" outcome="Passed" testListId="8c84fa94-04c1-424b-9868-57a2d4851a1d" relativeResultsDirectory="5af3b03f-dea6-4c85-85cb-3e3a697dd841" />
    <UnitTestResult executionId="9a191547-5a8f-4c17-92bd-e7848c781297" testId="e41c5fa9-9a65-735d-15f8-59b35276c506" testName="BuildClusters_CheckBuildingClusterIds" computerName="DKSR-EFI-06" duration="00:00:00.0299118" startTime="2024-01-09T15:43:12.2947388+01:00" endTime="2024-01-09T15:43:12.3259831+01:00" testType="13cdc9d9-ddb5-4fa4-a97d-d965ccfc6d4b" outcome="Passed" testListId="8c84fa94-04c1-424b-9868-57a2d4851a1d" relativeResultsDirectory="9a191547-5a8f-4c17-92bd-e7848c781297" />
    <UnitTestResult executionId="927b0f86-afcb-469b-9de2-9bf88a5a5dd8" testId="f878432b-12f0-1786-7600-b1ff9fc6794c" testName="OnBuildingOutlinesUpdated" computerName="DKSR-EFI-06" duration="00:00:00.0155249" startTime="2024-01-09T15:43:05.6853351+01:00" endTime="2024-01-09T15:43:05.7009626+01:00" testType="13cdc9d9-ddb5-4fa4-a97d-d965ccfc6d4b" outcome="Passed" testListId="8c84fa94-04c1-424b-9868-57a2d4851a1d" relativeResultsDirectory="927b0f86-afcb-469b-9de2-9bf88a5a5dd8" />
    <UnitTestResult executionId="cfe616bf-7fe3-4fcd-b173-2701e57b1639" testId="20f8962c-5092-11a0-6422-f1f46c1e62a3" testName="TestAddLevels_OnlyUnknownLevels_Success" computerName="DKSR-EFI-06" duration="00:00:00.0016687" startTime="2024-01-09T15:43:08.2947215+01:00" endTime="2024-01-09T15:43:08.2947215+01:00" testType="13cdc9d9-ddb5-4fa4-a97d-d965ccfc6d4b" outcome="Passed" testListId="8c84fa94-04c1-424b-9868-57a2d4851a1d" relativeResultsDirectory="cfe616bf-7fe3-4fcd-b173-2701e57b1639" />
    <UnitTestResult executionId="e9e2671f-b55c-4d6a-beeb-3efaf8cecd9e" testId="8bf51081-fafc-8979-8161-7893d9418115" testName="TestConstructor_Success" computerName="DKSR-EFI-06" duration="00:00:00.0001596" startTime="2024-01-09T15:43:12.6384838+01:00" endTime="2024-01-09T15:43:12.6384838+01:00" testType="13cdc9d9-ddb5-4fa4-a97d-d965ccfc6d4b" outcome="Passed" testListId="8c84fa94-04c1-424b-9868-57a2d4851a1d" relativeResultsDirectory="e9e2671f-b55c-4d6a-beeb-3efaf8cecd9e" />
    <UnitTestResult executionId="4cdd81f8-4c47-42ee-823b-c9f9a77099c6" testId="ac3dfe4b-2b70-c976-7ea4-71f60efbb0e1" testName="TestAddLevel_SQLException_Failure" computerName="DKSR-EFI-06" duration="00:00:00.0043751" startTime="2024-01-09T15:43:08.1853473+01:00" endTime="2024-01-09T15:43:08.1853473+01:00" testType="13cdc9d9-ddb5-4fa4-a97d-d965ccfc6d4b" outcome="Passed" testListId="8c84fa94-04c1-424b-9868-57a2d4851a1d" relativeResultsDirectory="4cdd81f8-4c47-42ee-823b-c9f9a77099c6" />
    <UnitTestResult executionId="f6cc760a-2f06-4be1-8e2c-f1c221b41bf5" testId="cd4672a1-22dc-345f-2c24-c937272932c6" testName="Close_UnsubscribesSerializationFaliure" computerName="DKSR-EFI-06" duration="00:00:00.0015049" startTime="2024-01-09T15:43:05.2478324+01:00" endTime="2024-01-09T15:43:05.2634578+01:00" testType="13cdc9d9-ddb5-4fa4-a97d-d965ccfc6d4b" outcome="Passed" testListId="8c84fa94-04c1-424b-9868-57a2d4851a1d" relativeResultsDirectory="f6cc760a-2f06-4be1-8e2c-f1c221b41bf5" />
    <UnitTestResult executionId="9b8e0ff2-909b-4a12-baeb-903c601e7830" testId="5cbe2fb0-0e31-b162-2ddc-c583c1192cd1" testName="Test_DeleteLevels_ArgumentException_Failure" computerName="DKSR-EFI-06" duration="00:00:00.0035709" startTime="2024-01-09T15:43:08.7478467+01:00" endTime="2024-01-09T15:43:08.7478467+01:00" testType="13cdc9d9-ddb5-4fa4-a97d-d965ccfc6d4b" outcome="Passed" testListId="8c84fa94-04c1-424b-9868-57a2d4851a1d" relativeResultsDirectory="9b8e0ff2-909b-4a12-baeb-903c601e7830" />
    <UnitTestResult executionId="9091b6d3-13f9-4555-b713-76a30d51d790" testId="55bf2929-b444-c088-260d-e1f54a53793f" testName="TestConstructor_ParsingWcfObject_Success" computerName="DKSR-EFI-06" duration="00:00:00.0024668" startTime="2024-01-09T15:43:09.5134758+01:00" endTime="2024-01-09T15:43:09.5134758+01:00" testType="13cdc9d9-ddb5-4fa4-a97d-d965ccfc6d4b" outcome="Passed" testListId="8c84fa94-04c1-424b-9868-57a2d4851a1d" relativeResultsDirectory="9091b6d3-13f9-4555-b713-76a30d51d790" />
    <UnitTestResult executionId="ddc0b1d6-c089-4d86-aa78-e1871d42dcd3" testId="dd73bd6b-a286-7dfa-e085-1f1796e3abf4" testName="Constructor_BuildingSet" computerName="DKSR-EFI-06" duration="00:00:00.0024140" startTime="2024-01-09T15:43:12.3416072+01:00" endTime="2024-01-09T15:43:12.3416072+01:00" testType="13cdc9d9-ddb5-4fa4-a97d-d965ccfc6d4b" outcome="Passed" testListId="8c84fa94-04c1-424b-9868-57a2d4851a1d" relativeResultsDirectory="ddc0b1d6-c089-4d86-aa78-e1871d42dcd3" />
    <UnitTestResult executionId="522216e7-06f5-4b14-9317-705cb3dc66f7" testId="ca1ba1e8-3744-cbcf-07b6-cf659aea1b5b" testName="Init_CreatesIndexersDependingOnType" computerName="DKSR-EFI-06" duration="00:00:00.0295575" startTime="2024-01-09T15:43:05.8572104+01:00" endTime="2024-01-09T15:43:05.8884620+01:00" testType="13cdc9d9-ddb5-4fa4-a97d-d965ccfc6d4b" outcome="Passed" testListId="8c84fa94-04c1-424b-9868-57a2d4851a1d" relativeResultsDirectory="522216e7-06f5-4b14-9317-705cb3dc66f7" />
    <UnitTestResult executionId="7c528b99-9631-48b4-b474-4d8f02ff37e7" testId="99f9fd62-ac7d-78fb-11ef-288f41ae274b" testName="TestAddBuilding_NullBuilding_Failure" computerName="DKSR-EFI-06" duration="00:00:00.0017557" startTime="2024-01-09T15:43:07.3259666+01:00" endTime="2024-01-09T15:43:07.3259666+01:00" testType="13cdc9d9-ddb5-4fa4-a97d-d965ccfc6d4b" outcome="Passed" testListId="8c84fa94-04c1-424b-9868-57a2d4851a1d" relativeResultsDirectory="7c528b99-9631-48b4-b474-4d8f02ff37e7" />
    <UnitTestResult executionId="c9ad6bda-64a9-4ce7-92ef-4b312a71eee6" testId="3b988a63-fef4-339e-a743-51559db35a54" testName="TestAuditLog_AuditLogLegacyLinkWithValidMapRemoved_Success" computerName="DKSR-EFI-06" duration="00:00:00.0129642" startTime="2024-01-09T15:43:10.7322278+01:00" endTime="2024-01-09T15:43:10.7478552+01:00" testType="13cdc9d9-ddb5-4fa4-a97d-d965ccfc6d4b" outcome="Passed" testListId="8c84fa94-04c1-424b-9868-57a2d4851a1d" relativeResultsDirectory="c9ad6bda-64a9-4ce7-92ef-4b312a71eee6" />
    <UnitTestResult executionId="e924c475-f675-435b-883d-c3f09c6fed19" testId="4ebed83d-6835-8971-b4b9-e9a7030b58d9" testName="TestProperties_GetProperties_Success" computerName="DKSR-EFI-06" duration="00:00:00.0024575" startTime="2024-01-09T15:43:09.8103509+01:00" endTime="2024-01-09T15:43:09.8103509+01:00" testType="13cdc9d9-ddb5-4fa4-a97d-d965ccfc6d4b" outcome="Passed" testListId="8c84fa94-04c1-424b-9868-57a2d4851a1d" relativeResultsDirectory="e924c475-f675-435b-883d-c3f09c6fed19" />
    <UnitTestResult executionId="fd4f0ee0-f4b6-49d8-8c7a-30d1f53f38c7" testId="54594980-824f-3671-8585-c0ee0df957ef" testName="TestAuditLog_AuditLogLevelChanged_WithMapItems_Success" computerName="DKSR-EFI-06" duration="00:00:00.0269144" startTime="2024-01-09T15:43:12.8728604+01:00" endTime="2024-01-09T15:43:12.9041574+01:00" testType="13cdc9d9-ddb5-4fa4-a97d-d965ccfc6d4b" outcome="Passed" testListId="8c84fa94-04c1-424b-9868-57a2d4851a1d" relativeResultsDirectory="fd4f0ee0-f4b6-49d8-8c7a-30d1f53f38c7" />
    <UnitTestResult executionId="e920a99c-0b75-4626-bcb6-17849bbbe246" testId="2580aeca-e356-6765-6580-fe71204d9b54" testName="TestConstructor_ParsingWcfObject_Success" computerName="DKSR-EFI-06" duration="00:00:00.0013539" startTime="2024-01-09T15:43:10.4509783+01:00" endTime="2024-01-09T15:43:10.4666039+01:00" testType="13cdc9d9-ddb5-4fa4-a97d-d965ccfc6d4b" outcome="Passed" testListId="8c84fa94-04c1-424b-9868-57a2d4851a1d" relativeResultsDirectory="e920a99c-0b75-4626-bcb6-17849bbbe246" />
    <UnitTestResult executionId="eb025490-d2ea-4fd3-8948-716c59bd7696" testId="20425a98-ac9b-d8ef-0106-f6abe6744cde" testName="TestWcfObject_GetWcfObject_Success" computerName="DKSR-EFI-06" duration="00:00:00.0006840" startTime="2024-01-09T15:43:10.0603512+01:00" endTime="2024-01-09T15:43:10.0603512+01:00" testType="13cdc9d9-ddb5-4fa4-a97d-d965ccfc6d4b" outcome="Passed" testListId="8c84fa94-04c1-424b-9868-57a2d4851a1d" relativeResultsDirectory="eb025490-d2ea-4fd3-8948-716c59bd7696" />
    <UnitTestResult executionId="4b533734-ee06-4258-bc08-c0f81cd78806" testId="3ec67fea-5dc6-222c-dc57-4a5c36836eb7" testName="TestConstructor_ParsingWcfObject_Success" computerName="DKSR-EFI-06" duration="00:00:00.0014720" startTime="2024-01-09T15:43:10.0759811+01:00" endTime="2024-01-09T15:43:10.0759811+01:00" testType="13cdc9d9-ddb5-4fa4-a97d-d965ccfc6d4b" outcome="Passed" testListId="8c84fa94-04c1-424b-9868-57a2d4851a1d" relativeResultsDirectory="4b533734-ee06-4258-bc08-c0f81cd78806" />
    <UnitTestResult executionId="79749efc-cf14-4bf9-82f6-495060c3cbe1" testId="bdbe67fc-c4b5-ffd2-9d15-29eaea468cd3" testName="TestAddBuilding_DatabaseException_UniqueKeyViolation_Failure" computerName="DKSR-EFI-06" duration="00:00:00.0085625" startTime="2024-01-09T15:43:07.3884666+01:00" endTime="2024-01-09T15:43:07.3884666+01:00" testType="13cdc9d9-ddb5-4fa4-a97d-d965ccfc6d4b" outcome="Passed" testListId="8c84fa94-04c1-424b-9868-57a2d4851a1d" relativeResultsDirectory="79749efc-cf14-4bf9-82f6-495060c3cbe1" />
    <UnitTestResult executionId="3d6540c7-6f4e-40ab-b918-1d019aceb1bd" testId="824726c2-43c6-84ce-f1b2-7be76f2ed9ef" testName="Open_WhenAddressAccessDeniedException_LogsError" computerName="DKSR-EFI-06" duration="00:00:00.0077204" startTime="2024-01-09T15:43:05.2791196+01:00" endTime="2024-01-09T15:43:05.2947075+01:00" testType="13cdc9d9-ddb5-4fa4-a97d-d965ccfc6d4b" outcome="Passed" testListId="8c84fa94-04c1-424b-9868-57a2d4851a1d" relativeResultsDirectory="3d6540c7-6f4e-40ab-b918-1d019aceb1bd" />
    <UnitTestResult executionId="7c051371-763f-491c-9282-e60a15974221" testId="54d25c6f-dc20-daf2-4e1d-b092fe675c39" testName="TestAuditLog_AuditLogItemChanged_RemovingLinkFromValidTargetMapId_Success" computerName="DKSR-EFI-06" duration="00:00:00.0122166" startTime="2024-01-09T15:43:11.0759796+01:00" endTime="2024-01-09T15:43:11.0759796+01:00" testType="13cdc9d9-ddb5-4fa4-a97d-d965ccfc6d4b" outcome="Passed" testListId="8c84fa94-04c1-424b-9868-57a2d4851a1d" relativeResultsDirectory="7c051371-763f-491c-9282-e60a15974221" />
    <UnitTestResult executionId="cba93a49-329c-4749-86f9-d027f8f6720a" testId="4dad2563-00d9-d9fe-66d8-9e23a8e0b44f" testName="TestConstructor_ParsingWcfObject_Success" computerName="DKSR-EFI-06" duration="00:00:00.0006141" startTime="2024-01-09T15:43:10.3884755+01:00" endTime="2024-01-09T15:43:10.3884755+01:00" testType="13cdc9d9-ddb5-4fa4-a97d-d965ccfc6d4b" outcome="Passed" testListId="8c84fa94-04c1-424b-9868-57a2d4851a1d" relativeResultsDirectory="cba93a49-329c-4749-86f9-d027f8f6720a" />
    <UnitTestResult executionId="3a6ee66a-3381-4924-80f5-91105dbd0f4d" testId="bccf4cb6-374e-946c-2c8b-599e30165b27" testName="GetClusters_5Iems_1Cluster_InArea" computerName="DKSR-EFI-06" duration="00:00:00.0010914" startTime="2024-01-09T15:43:11.3259801+01:00" endTime="2024-01-09T15:43:11.3259801+01:00" testType="13cdc9d9-ddb5-4fa4-a97d-d965ccfc6d4b" outcome="Passed" testListId="8c84fa94-04c1-424b-9868-57a2d4851a1d" relativeResultsDirectory="3a6ee66a-3381-4924-80f5-91105dbd0f4d" />
    <UnitTestResult executionId="fecafb22-feed-4617-a462-03cc90d7b72c" testId="30d72bb8-bb99-a497-ea48-8dc8e58a3e0d" testName="TestReorderLevels_NullLevels_Failure" computerName="DKSR-EFI-06" duration="00:00:00.0018687" startTime="2024-01-09T15:43:08.6072257+01:00" endTime="2024-01-09T15:43:08.6072257+01:00" testType="13cdc9d9-ddb5-4fa4-a97d-d965ccfc6d4b" outcome="Passed" testListId="8c84fa94-04c1-424b-9868-57a2d4851a1d" relativeResultsDirectory="fecafb22-feed-4617-a462-03cc90d7b72c" />
    <UnitTestResult executionId="90f4dde0-183b-4d25-8b45-f728fd9d3939" testId="4f75dcfb-0277-2bdc-92d3-cc3daff103b9" testName="TestConstructor_ParsingWcfObjectWithNullViewport_Success" computerName="DKSR-EFI-06" duration="00:00:00.0003419" startTime="2024-01-09T15:43:09.3103500+01:00" endTime="2024-01-09T15:43:09.3103500+01:00" testType="13cdc9d9-ddb5-4fa4-a97d-d965ccfc6d4b" outcome="Passed" testListId="8c84fa94-04c1-424b-9868-57a2d4851a1d" relativeResultsDirectory="90f4dde0-183b-4d25-8b45-f728fd9d3939" />
    <UnitTestResult executionId="18a2005b-9835-4162-bf0b-334b1f3176dc" testId="5f07c322-8294-68d5-231b-4a60daaa4c46" testName="TestUpdateProperties_UpdateAllProperties_Success" computerName="DKSR-EFI-06" duration="00:00:00.0025449" startTime="2024-01-09T15:43:10.1072255+01:00" endTime="2024-01-09T15:43:10.1072255+01:00" testType="13cdc9d9-ddb5-4fa4-a97d-d965ccfc6d4b" outcome="Passed" testListId="8c84fa94-04c1-424b-9868-57a2d4851a1d" relativeResultsDirectory="18a2005b-9835-4162-bf0b-334b1f3176dc" />
    <UnitTestResult executionId="89b7c91f-8f51-450b-b063-052b990c1e09" testId="2698abb0-970e-68a1-e045-11a57211a3c2" testName="TestAuditLog_AuditLogWithNullAuditLogger_Failure" computerName="DKSR-EFI-06" duration="00:00:00.0035409" startTime="2024-01-09T15:43:10.9353551+01:00" endTime="2024-01-09T15:43:10.9353551+01:00" testType="13cdc9d9-ddb5-4fa4-a97d-d965ccfc6d4b" outcome="Passed" testListId="8c84fa94-04c1-424b-9868-57a2d4851a1d" relativeResultsDirectory="89b7c91f-8f51-450b-b063-052b990c1e09" />
    <UnitTestResult executionId="6d5f0cc0-1df6-48db-970a-e116d76fb3ee" testId="7d27d824-0743-e376-9195-513be1f269d1" testName="TestConstructor_ParsingWcfObject_Success" computerName="DKSR-EFI-06" duration="00:00:00.0012621" startTime="2024-01-09T15:43:10.5759799+01:00" endTime="2024-01-09T15:43:10.5759799+01:00" testType="13cdc9d9-ddb5-4fa4-a97d-d965ccfc6d4b" outcome="Passed" testListId="8c84fa94-04c1-424b-9868-57a2d4851a1d" relativeResultsDirectory="6d5f0cc0-1df6-48db-970a-e116d76fb3ee" />
    <UnitTestResult executionId="abdd5634-4954-4a08-8838-7a56803803bb" testId="3cef07fc-fcc7-2fc0-892c-cfda8322bbb5" testName="TestUpdateProperties_UpdateAllProperties_Success" computerName="DKSR-EFI-06" duration="00:00:00.0009977" startTime="2024-01-09T15:43:10.2322277+01:00" endTime="2024-01-09T15:43:10.2322277+01:00" testType="13cdc9d9-ddb5-4fa4-a97d-d965ccfc6d4b" outcome="Passed" testListId="8c84fa94-04c1-424b-9868-57a2d4851a1d" relativeResultsDirectory="abdd5634-4954-4a08-8838-7a56803803bb" />
    <UnitTestResult executionId="210f1eb1-d951-4278-bfc8-bc869cbfed5f" testId="137ad688-21c5-7950-f5f5-f73ab8951791" testName="TestAddBuildings_Success" computerName="DKSR-EFI-06" duration="00:00:00.0989603" startTime="2024-01-09T15:43:07.4040930+01:00" endTime="2024-01-09T15:43:07.5134688+01:00" testType="13cdc9d9-ddb5-4fa4-a97d-d965ccfc6d4b" outcome="Passed" testListId="8c84fa94-04c1-424b-9868-57a2d4851a1d" relativeResultsDirectory="210f1eb1-d951-4278-bfc8-bc869cbfed5f" />
    <UnitTestResult executionId="be9a92ca-7d4b-4699-a6f8-48e730231778" testId="6ea25f34-c5cc-0441-bee5-06b40fda8ee3" testName="TestConstructor" computerName="DKSR-EFI-06" duration="00:00:00.0002325" startTime="2024-01-09T15:43:12.3259831+01:00" endTime="2024-01-09T15:43:12.3259831+01:00" testType="13cdc9d9-ddb5-4fa4-a97d-d965ccfc6d4b" outcome="Passed" testListId="8c84fa94-04c1-424b-9868-57a2d4851a1d" relativeResultsDirectory="be9a92ca-7d4b-4699-a6f8-48e730231778" />
    <UnitTestResult executionId="1ac6aefb-e707-4f0a-a849-1de301ccb362" testId="4842b873-c97f-c447-58e9-28fdcf7fe08e" testName="SetMapItems_AssignsItems" computerName="DKSR-EFI-06" duration="00:00:00.0004544" startTime="2024-01-09T15:43:12.3259831+01:00" endTime="2024-01-09T15:43:12.3259831+01:00" testType="13cdc9d9-ddb5-4fa4-a97d-d965ccfc6d4b" outcome="Passed" testListId="8c84fa94-04c1-424b-9868-57a2d4851a1d" relativeResultsDirectory="1ac6aefb-e707-4f0a-a849-1de301ccb362" />
    <UnitTestResult executionId="fd6f9cb6-4959-4d4b-99ed-25d3f3dc6372" testId="e6cf7354-a8a6-7200-c1dc-f1390bf8a393" testName="TestUpdateBuildings_NullOutline_Success" computerName="DKSR-EFI-06" duration="00:00:00.0364747" startTime="2024-01-09T15:43:07.9509692+01:00" endTime="2024-01-09T15:43:07.9978438+01:00" testType="13cdc9d9-ddb5-4fa4-a97d-d965ccfc6d4b" outcome="Passed" testListId="8c84fa94-04c1-424b-9868-57a2d4851a1d" relativeResultsDirectory="fd6f9cb6-4959-4d4b-99ed-25d3f3dc6372" />
    <UnitTestResult executionId="38cae2b1-9d09-40d0-bdd9-6e09ad9d134a" testId="88daf2ce-efc6-44a5-8795-43fb6f1fbf52" testName="TestWcfObject_GetWcfObject_Success" computerName="DKSR-EFI-06" duration="00:00:00.0013417" startTime="2024-01-09T15:43:10.5759799+01:00" endTime="2024-01-09T15:43:10.5759799+01:00" testType="13cdc9d9-ddb5-4fa4-a97d-d965ccfc6d4b" outcome="Passed" testListId="8c84fa94-04c1-424b-9868-57a2d4851a1d" relativeResultsDirectory="38cae2b1-9d09-40d0-bdd9-6e09ad9d134a" />
    <UnitTestResult executionId="f16d4f2b-8b19-459f-b411-f47b532a5909" testId="d34706a4-7950-d591-a268-b776543bf69d" testName="TestConstructor_ParsingWcfObject_Success" computerName="DKSR-EFI-06" duration="00:00:00.0159600" startTime="2024-01-09T15:43:09.6697259+01:00" endTime="2024-01-09T15:43:09.6853540+01:00" testType="13cdc9d9-ddb5-4fa4-a97d-d965ccfc6d4b" outcome="Passed" testListId="8c84fa94-04c1-424b-9868-57a2d4851a1d" relativeResultsDirectory="f16d4f2b-8b19-459f-b411-f47b532a5909" />
    <UnitTestResult executionId="1ff85a06-17c9-440c-b0e2-d0218bd6c07a" testId="d5120fcc-cbac-a310-957a-6519ed43b078" testName="IsOnStumpLevel_Silent_WhenBuildingUnknown" computerName="DKSR-EFI-06" duration="00:00:00.0028647" startTime="2024-01-09T15:43:12.6072389+01:00" endTime="2024-01-09T15:43:12.6072389+01:00" testType="13cdc9d9-ddb5-4fa4-a97d-d965ccfc6d4b" outcome="Passed" testListId="8c84fa94-04c1-424b-9868-57a2d4851a1d" relativeResultsDirectory="1ff85a06-17c9-440c-b0e2-d0218bd6c07a" />
    <UnitTestResult executionId="76350066-82a3-435f-9057-ff4478406acb" testId="dd3c3a60-8205-afc0-6c6b-c7fa7c584838" testName="TestWcfObject_GetWcfObjectWithoutOriginalExtent_Success" computerName="DKSR-EFI-06" duration="00:00:00.0017690" startTime="2024-01-09T15:43:10.5134778+01:00" endTime="2024-01-09T15:43:10.5134778+01:00" testType="13cdc9d9-ddb5-4fa4-a97d-d965ccfc6d4b" outcome="Passed" testListId="8c84fa94-04c1-424b-9868-57a2d4851a1d" relativeResultsDirectory="76350066-82a3-435f-9057-ff4478406acb" />
    <UnitTestResult executionId="b0d9ba18-dfe5-4917-807b-71f8b45e9972" testId="89ea8517-ba94-19d6-fc04-c6e2ee009c09" testName="UpdateItem_EnabledAndNotExistant_Adds" computerName="DKSR-EFI-06" duration="00:00:00.0066241" startTime="2024-01-09T15:43:06.5915869+01:00" endTime="2024-01-09T15:43:06.6072155+01:00" testType="13cdc9d9-ddb5-4fa4-a97d-d965ccfc6d4b" outcome="Passed" testListId="8c84fa94-04c1-424b-9868-57a2d4851a1d" relativeResultsDirectory="b0d9ba18-dfe5-4917-807b-71f8b45e9972" />
    <UnitTestResult executionId="5ce987a0-0eb6-4de0-aae7-307358fbd157" testId="560e69fa-0fa9-aa07-2de2-6ff26e5cacea" testName="TestConstructor_Success" computerName="DKSR-EFI-06" duration="00:00:00.0006738" startTime="2024-01-09T15:43:09.8728510+01:00" endTime="2024-01-09T15:43:09.8728510+01:00" testType="13cdc9d9-ddb5-4fa4-a97d-d965ccfc6d4b" outcome="Passed" testListId="8c84fa94-04c1-424b-9868-57a2d4851a1d" relativeResultsDirectory="5ce987a0-0eb6-4de0-aae7-307358fbd157" />
    <UnitTestResult executionId="21afd3a3-37ff-4251-a7ac-55c87b2b5991" testId="27498d42-7bbc-c38f-fb94-d07994a07cdc" testName="TestConstructor_ParsingWcfObjectWithNull_Success" computerName="DKSR-EFI-06" duration="00:00:00.0012154" startTime="2024-01-09T15:43:09.3572230+01:00" endTime="2024-01-09T15:43:09.3572230+01:00" testType="13cdc9d9-ddb5-4fa4-a97d-d965ccfc6d4b" outcome="Passed" testListId="8c84fa94-04c1-424b-9868-57a2d4851a1d" relativeResultsDirectory="21afd3a3-37ff-4251-a7ac-55c87b2b5991" />
    <UnitTestResult executionId="4f135a3e-1810-4160-afb9-f6f06c652f29" testId="8e608111-2482-a69f-8834-32bc755d3893" testName="TestWcfObject_GetWcfObjectWithoutExtent_Success" computerName="DKSR-EFI-06" duration="00:00:00.0004455" startTime="2024-01-09T15:43:09.7947271+01:00" endTime="2024-01-09T15:43:09.7947271+01:00" testType="13cdc9d9-ddb5-4fa4-a97d-d965ccfc6d4b" outcome="Passed" testListId="8c84fa94-04c1-424b-9868-57a2d4851a1d" relativeResultsDirectory="4f135a3e-1810-4160-afb9-f6f06c652f29" />
    <UnitTestResult executionId="29a3feee-619e-48d7-bc2b-70b0576d835f" testId="57cafb90-8600-81f7-33df-07cc1aad79dc" testName="TestAddLevel_Exception_Failure" computerName="DKSR-EFI-06" duration="00:00:00.0051439" startTime="2024-01-09T15:43:08.1697194+01:00" endTime="2024-01-09T15:43:08.1697194+01:00" testType="13cdc9d9-ddb5-4fa4-a97d-d965ccfc6d4b" outcome="Passed" testListId="8c84fa94-04c1-424b-9868-57a2d4851a1d" relativeResultsDirectory="29a3feee-619e-48d7-bc2b-70b0576d835f" />
    <UnitTestResult executionId="15505c86-2ffb-4b80-afd8-be38728d865b" testId="5e8a7617-f723-e9ed-71bb-da38cf5557d7" testName="TestProperties_GetProperties_Success" computerName="DKSR-EFI-06" duration="00:00:00.0007215" startTime="2024-01-09T15:43:09.4509769+01:00" endTime="2024-01-09T15:43:09.4509769+01:00" testType="13cdc9d9-ddb5-4fa4-a97d-d965ccfc6d4b" outcome="Passed" testListId="8c84fa94-04c1-424b-9868-57a2d4851a1d" relativeResultsDirectory="15505c86-2ffb-4b80-afd8-be38728d865b" />
    <UnitTestResult executionId="bf0d6f4c-310d-4420-b9df-0f097dd3f611" testId="246ae01f-d162-d755-db6d-d087eacbfb62" testName="InsertExcludedItems_All_Rises_OnItemsInserted" computerName="DKSR-EFI-06" duration="00:00:00.0007070" startTime="2024-01-09T15:43:11.3103566+01:00" endTime="2024-01-09T15:43:11.3103566+01:00" testType="13cdc9d9-ddb5-4fa4-a97d-d965ccfc6d4b" outcome="Passed" testListId="8c84fa94-04c1-424b-9868-57a2d4851a1d" relativeResultsDirectory="bf0d6f4c-310d-4420-b9df-0f097dd3f611" />
    <UnitTestResult executionId="d7cd14b7-7643-4733-a488-b769b5cee900" testId="268d5a21-ac9e-4e74-553d-d96f5454f6a5" testName="TestAuditLog_AuditLogLayerChanged_Success" computerName="DKSR-EFI-06" duration="00:00:00.0056900" startTime="2024-01-09T15:43:10.1541015+01:00" endTime="2024-01-09T15:43:10.1697282+01:00" testType="13cdc9d9-ddb5-4fa4-a97d-d965ccfc6d4b" outcome="Passed" testListId="8c84fa94-04c1-424b-9868-57a2d4851a1d" relativeResultsDirectory="d7cd14b7-7643-4733-a488-b769b5cee900" />
    <UnitTestResult executionId="5214c0c3-6b31-4813-962e-840d2db1af4c" testId="13c32928-d3d0-38ae-6cc6-920f38100b74" testName="TestPropertyNames_GettingPropertyNames_Success" computerName="DKSR-EFI-06" duration="00:00:00.0014438" startTime="2024-01-09T15:43:10.1072255+01:00" endTime="2024-01-09T15:43:10.1072255+01:00" testType="13cdc9d9-ddb5-4fa4-a97d-d965ccfc6d4b" outcome="Passed" testListId="8c84fa94-04c1-424b-9868-57a2d4851a1d" relativeResultsDirectory="5214c0c3-6b31-4813-962e-840d2db1af4c" />
    <UnitTestResult executionId="6d898f7e-eb7e-46ee-bdfc-ccc05a31a5f2" testId="064a40b7-4414-721c-b888-a78177031ee8" testName="TestProperties_GetProperties_Success" computerName="DKSR-EFI-06" duration="00:00:00.0007849" startTime="2024-01-09T15:43:10.2009762+01:00" endTime="2024-01-09T15:43:10.2009762+01:00" testType="13cdc9d9-ddb5-4fa4-a97d-d965ccfc6d4b" outcome="Passed" testListId="8c84fa94-04c1-424b-9868-57a2d4851a1d" relativeResultsDirectory="6d898f7e-eb7e-46ee-bdfc-ccc05a31a5f2" />
    <UnitTestResult executionId="cfa38984-bfcd-489a-83d3-77582784e99e" testId="94421dcd-1197-85ae-01f5-f60d4f7fcf6c" testName="HasItem_True" computerName="DKSR-EFI-06" duration="00:00:00.0013581" startTime="2024-01-09T15:43:05.9353364+01:00" endTime="2024-01-09T15:43:05.9353364+01:00" testType="13cdc9d9-ddb5-4fa4-a97d-d965ccfc6d4b" outcome="Passed" testListId="8c84fa94-04c1-424b-9868-57a2d4851a1d" relativeResultsDirectory="cfa38984-bfcd-489a-83d3-77582784e99e" />
    <UnitTestResult executionId="c60eda97-dde6-4bfc-87db-e8fc80abad82" testId="e7cc7186-2673-8199-a8c8-5cfc7ab4d6dd" testName="Clear_AllowsFreshUsage" computerName="DKSR-EFI-06" duration="00:00:00.0015823" startTime="2024-01-09T15:43:11.3416060+01:00" endTime="2024-01-09T15:43:11.3416060+01:00" testType="13cdc9d9-ddb5-4fa4-a97d-d965ccfc6d4b" outcome="Passed" testListId="8c84fa94-04c1-424b-9868-57a2d4851a1d" relativeResultsDirectory="c60eda97-dde6-4bfc-87db-e8fc80abad82" />
    <UnitTestResult executionId="38603ef9-96b6-4964-9b9f-dea40d3453d0" testId="b3ff4076-6744-0bb7-0212-2bb49c946c00" testName="TestAuditLog_AuditLogItemChangedWithOldItemOfWrongType_Success" computerName="DKSR-EFI-06" duration="00:00:00.0101906" startTime="2024-01-09T15:43:11.0291044+01:00" endTime="2024-01-09T15:43:11.0447307+01:00" testType="13cdc9d9-ddb5-4fa4-a97d-d965ccfc6d4b" outcome="Passed" testListId="8c84fa94-04c1-424b-9868-57a2d4851a1d" relativeResultsDirectory="38603ef9-96b6-4964-9b9f-dea40d3453d0" />
    <UnitTestResult executionId="52cfcb71-eb3e-49af-9773-35465096f36f" testId="103411f4-685a-6ac1-1878-c1276766ef48" testName="TestAuditLog_AuditLogItemAddedWithNonLocationItemType_Success" computerName="DKSR-EFI-06" duration="00:00:00.0053262" startTime="2024-01-09T15:43:10.9822288+01:00" endTime="2024-01-09T15:43:10.9822288+01:00" testType="13cdc9d9-ddb5-4fa4-a97d-d965ccfc6d4b" outcome="Passed" testListId="8c84fa94-04c1-424b-9868-57a2d4851a1d" relativeResultsDirectory="52cfcb71-eb3e-49af-9773-35465096f36f" />
    <UnitTestResult executionId="32861a76-21a8-485c-834c-f38e3f75ac6d" testId="b57b6d91-ad4c-2a37-0eea-35646e89bedd" testName="TestConstructor_Success" computerName="DKSR-EFI-06" duration="00:00:00.0007586" startTime="2024-01-09T15:43:10.2634789+01:00" endTime="2024-01-09T15:43:10.2634789+01:00" testType="13cdc9d9-ddb5-4fa4-a97d-d965ccfc6d4b" outcome="Passed" testListId="8c84fa94-04c1-424b-9868-57a2d4851a1d" relativeResultsDirectory="32861a76-21a8-485c-834c-f38e3f75ac6d" />
    <UnitTestResult executionId="3110f0b6-38d8-4e0c-a214-c0a6ac72a44d" testId="08c2e0c0-1347-5284-6bb8-16e1c89ccb18" testName="TestFactory_NewBrowseMap_Success" computerName="DKSR-EFI-06" duration="00:00:00.0005328" startTime="2024-01-09T15:43:09.6541032+01:00" endTime="2024-01-09T15:43:09.6541032+01:00" testType="13cdc9d9-ddb5-4fa4-a97d-d965ccfc6d4b" outcome="Passed" testListId="8c84fa94-04c1-424b-9868-57a2d4851a1d" relativeResultsDirectory="3110f0b6-38d8-4e0c-a214-c0a6ac72a44d" />
    <UnitTestResult executionId="4f0fa692-a8ef-481d-bc35-f9067bdb64e9" testId="a217a913-b791-95a5-866a-798f3e2995c9" testName="TestQueryBuildingsByMapId_MultipleRows_Success" computerName="DKSR-EFI-06" duration="00:00:00.0187166" startTime="2024-01-09T15:43:07.2478419+01:00" endTime="2024-01-09T15:43:07.2634667+01:00" testType="13cdc9d9-ddb5-4fa4-a97d-d965ccfc6d4b" outcome="Passed" testListId="8c84fa94-04c1-424b-9868-57a2d4851a1d" relativeResultsDirectory="4f0fa692-a8ef-481d-bc35-f9067bdb64e9" />
    <UnitTestResult executionId="2576599c-c0c8-445c-a69e-80e900cbbab9" testId="995898c9-3176-c650-4198-443359757cf6" testName="TestProperties_GetProperties_Success" computerName="DKSR-EFI-06" duration="00:00:00.0024903" startTime="2024-01-09T15:43:09.7634736+01:00" endTime="2024-01-09T15:43:09.7634736+01:00" testType="13cdc9d9-ddb5-4fa4-a97d-d965ccfc6d4b" outcome="Passed" testListId="8c84fa94-04c1-424b-9868-57a2d4851a1d" relativeResultsDirectory="2576599c-c0c8-445c-a69e-80e900cbbab9" />
    <UnitTestResult executionId="6608b323-dd38-416c-9585-643840878f48" testId="486f2d4e-862f-b7d0-0ff0-5dc28ba0a17d" testName="TestAuditLog_AuditLogBuildingDefaultChanged_NullDefaultLevel_Success" computerName="DKSR-EFI-06" duration="00:00:00.0066256" startTime="2024-01-09T15:43:12.7791109+01:00" endTime="2024-01-09T15:43:12.7791109+01:00" testType="13cdc9d9-ddb5-4fa4-a97d-d965ccfc6d4b" outcome="Passed" testListId="8c84fa94-04c1-424b-9868-57a2d4851a1d" relativeResultsDirectory="6608b323-dd38-416c-9585-643840878f48" />
    <UnitTestResult executionId="59cf0b85-e85d-4bc7-9c40-a7c3d6c76dcf" testId="aca4d5ad-1c9b-c802-daeb-95a056e1dffe" testName="TestConstructor_Success" computerName="DKSR-EFI-06" duration="00:00:00.0018643" startTime="2024-01-09T15:43:06.6228398+01:00" endTime="2024-01-09T15:43:06.6228398+01:00" testType="13cdc9d9-ddb5-4fa4-a97d-d965ccfc6d4b" outcome="Passed" testListId="8c84fa94-04c1-424b-9868-57a2d4851a1d" relativeResultsDirectory="59cf0b85-e85d-4bc7-9c40-a7c3d6c76dcf" />
    <UnitTestResult executionId="33f4e834-8a6b-4508-b13b-c60ed5966baa" testId="112610a4-4560-9baa-c234-22f91ee6fbaf" testName="TestConstructor_ParsingWcfObject_Success" computerName="DKSR-EFI-06" duration="00:00:00.0009548" startTime="2024-01-09T15:43:11.1228567+01:00" endTime="2024-01-09T15:43:11.1228567+01:00" testType="13cdc9d9-ddb5-4fa4-a97d-d965ccfc6d4b" outcome="Passed" testListId="8c84fa94-04c1-424b-9868-57a2d4851a1d" relativeResultsDirectory="33f4e834-8a6b-4508-b13b-c60ed5966baa" />
    <UnitTestResult executionId="182b23c3-dee5-4f9f-a0e0-e26dd78cb414" testId="0679e0f5-1558-0cf5-47c4-c47e9ac2abff" testName="GetGisMapKindsAsync_DistinctKinds" computerName="DKSR-EFI-06" duration="00:00:00.0026050" startTime="2024-01-09T15:43:06.1384613+01:00" endTime="2024-01-09T15:43:06.1384613+01:00" testType="13cdc9d9-ddb5-4fa4-a97d-d965ccfc6d4b" outcome="Passed" testListId="8c84fa94-04c1-424b-9868-57a2d4851a1d" relativeResultsDirectory="182b23c3-dee5-4f9f-a0e0-e26dd78cb414" />
    <UnitTestResult executionId="658c2765-db11-45fe-8054-912f0a0d2741" testId="b5ac5ac6-ee6f-2fae-da61-a14730c5b67f" testName="TestAuditLog_AuditLogWithNullAuditLogger_Failure" computerName="DKSR-EFI-06" duration="00:00:00.0038911" startTime="2024-01-09T15:43:09.5916011+01:00" endTime="2024-01-09T15:43:09.5916011+01:00" testType="13cdc9d9-ddb5-4fa4-a97d-d965ccfc6d4b" outcome="Passed" testListId="8c84fa94-04c1-424b-9868-57a2d4851a1d" relativeResultsDirectory="658c2765-db11-45fe-8054-912f0a0d2741" />
    <UnitTestResult executionId="1c23cab9-e9c4-48fa-a041-0f70af56d406" testId="61e58a8d-8776-7946-2f5a-7ade5be897fa" testName="TestWcfObject_GetWcfObject_Success" computerName="DKSR-EFI-06" duration="00:00:00.0009796" startTime="2024-01-09T15:43:10.4666039+01:00" endTime="2024-01-09T15:43:10.4666039+01:00" testType="13cdc9d9-ddb5-4fa4-a97d-d965ccfc6d4b" outcome="Passed" testListId="8c84fa94-04c1-424b-9868-57a2d4851a1d" relativeResultsDirectory="1c23cab9-e9c4-48fa-a041-0f70af56d406" />
    <UnitTestResult executionId="efa6058f-b174-4ba2-a71b-2fe1d1b931a3" testId="7f74b32f-3c4a-e7ef-d888-6778dc71ab50" testName="AllItems_NotExistAfterRemoveItems" computerName="DKSR-EFI-06" duration="00:00:00.0006643" startTime="2024-01-09T15:43:11.9978583+01:00" endTime="2024-01-09T15:43:11.9978583+01:00" testType="13cdc9d9-ddb5-4fa4-a97d-d965ccfc6d4b" outcome="Passed" testListId="8c84fa94-04c1-424b-9868-57a2d4851a1d" relativeResultsDirectory="efa6058f-b174-4ba2-a71b-2fe1d1b931a3" />
    <UnitTestResult executionId="e157c3ec-1328-4647-b144-d2c3cc41b76b" testId="2627f119-e8a5-4430-1919-8ee30c0b561d" testName="TestUpdateProperties_UpdateAllProperties_Success" computerName="DKSR-EFI-06" duration="00:00:00.0018685" startTime="2024-01-09T15:43:09.9509768+01:00" endTime="2024-01-09T15:43:09.9509768+01:00" testType="13cdc9d9-ddb5-4fa4-a97d-d965ccfc6d4b" outcome="Passed" testListId="8c84fa94-04c1-424b-9868-57a2d4851a1d" relativeResultsDirectory="e157c3ec-1328-4647-b144-d2c3cc41b76b" />
    <UnitTestResult executionId="180d8f0b-180d-484a-9080-f6d610619893" testId="976aee34-4917-6995-10e6-86b8ca5eef0f" testName="TestUpdateProperties_UpdateAllProperties_Success" computerName="DKSR-EFI-06" duration="00:00:00.0004929" startTime="2024-01-09T15:43:09.4197254+01:00" endTime="2024-01-09T15:43:09.4197254+01:00" testType="13cdc9d9-ddb5-4fa4-a97d-d965ccfc6d4b" outcome="Passed" testListId="8c84fa94-04c1-424b-9868-57a2d4851a1d" relativeResultsDirectory="180d8f0b-180d-484a-9080-f6d610619893" />
    <UnitTestResult executionId="48fc442e-668a-41a4-b9b5-72ec3900dab1" testId="1659e2e1-078f-341b-0cfb-f59dda1952ab" testName="TestConstructor_ParsingWcfObjectWithoutExtent_Success" computerName="DKSR-EFI-06" duration="00:00:00.0006677" startTime="2024-01-09T15:43:10.5759799+01:00" endTime="2024-01-09T15:43:10.5759799+01:00" testType="13cdc9d9-ddb5-4fa4-a97d-d965ccfc6d4b" outcome="Passed" testListId="8c84fa94-04c1-424b-9868-57a2d4851a1d" relativeResultsDirectory="48fc442e-668a-41a4-b9b5-72ec3900dab1" />
    <UnitTestResult executionId="c828f071-0b19-42f0-b4c4-a4fb182c122b" testId="0ffefbd3-a6e7-d608-090a-0192afaa4d82" testName="TestAddLevel_Success" computerName="DKSR-EFI-06" duration="00:00:00.0291567" startTime="2024-01-09T15:43:08.1384710+01:00" endTime="2024-01-09T15:43:08.1697194+01:00" testType="13cdc9d9-ddb5-4fa4-a97d-d965ccfc6d4b" outcome="Passed" testListId="8c84fa94-04c1-424b-9868-57a2d4851a1d" relativeResultsDirectory="c828f071-0b19-42f0-b4c4-a4fb182c122b" />
    <UnitTestResult executionId="794a5a5f-cac4-4815-ba16-e21b8ad55a0f" testId="85221abc-5b6f-d1ce-2e6b-cf874117f35e" testName="TestUpdateBuildings_NullBuildings_Failure" computerName="DKSR-EFI-06" duration="00:00:00.0019136" startTime="2024-01-09T15:43:08.0447191+01:00" endTime="2024-01-09T15:43:08.0447191+01:00" testType="13cdc9d9-ddb5-4fa4-a97d-d965ccfc6d4b" outcome="Passed" testListId="8c84fa94-04c1-424b-9868-57a2d4851a1d" relativeResultsDirectory="794a5a5f-cac4-4815-ba16-e21b8ad55a0f" />
    <UnitTestResult executionId="57e5d1aa-82b2-4c19-b4e7-0bbfbe6f001b" testId="d11e39e1-04f9-204c-9f0f-b32d163913dc" testName="TestConstructor_Success" computerName="DKSR-EFI-06" duration="00:00:00.0007197" startTime="2024-01-09T15:43:09.7791016+01:00" endTime="2024-01-09T15:43:09.7791016+01:00" testType="13cdc9d9-ddb5-4fa4-a97d-d965ccfc6d4b" outcome="Passed" testListId="8c84fa94-04c1-424b-9868-57a2d4851a1d" relativeResultsDirectory="57e5d1aa-82b2-4c19-b4e7-0bbfbe6f001b" />
    <UnitTestResult executionId="93e2ba18-8d9e-4f16-b92b-e8977a6c21cf" testId="b9e21d8c-3ddd-a1c0-4f8b-75ec7a46549b" testName="FilterAsync_TestAuthorizationFromHashSet" computerName="DKSR-EFI-06" duration="00:00:00.0172265" startTime="2024-01-09T15:43:05.8415868+01:00" endTime="2024-01-09T15:43:05.8572104+01:00" testType="13cdc9d9-ddb5-4fa4-a97d-d965ccfc6d4b" outcome="Passed" testListId="8c84fa94-04c1-424b-9868-57a2d4851a1d" relativeResultsDirectory="93e2ba18-8d9e-4f16-b92b-e8977a6c21cf" />
    <UnitTestResult executionId="95af85f7-90cf-4a1a-af08-4cc8ac5979c2" testId="342b73f6-2859-1a11-5c38-736f3244c606" testName="AddItems_Init2Items_Add1_Excluded" computerName="DKSR-EFI-06" duration="00:00:00.0012119" startTime="2024-01-09T15:43:11.2947325+01:00" endTime="2024-01-09T15:43:11.2947325+01:00" testType="13cdc9d9-ddb5-4fa4-a97d-d965ccfc6d4b" outcome="Passed" testListId="8c84fa94-04c1-424b-9868-57a2d4851a1d" relativeResultsDirectory="95af85f7-90cf-4a1a-af08-4cc8ac5979c2" />
    <UnitTestResult executionId="6f86da00-4cea-439f-a538-2e08a62ad7a3" testId="d15b7f98-3554-6b24-805b-0de6db3ececb" testName="TestWcfObject_GetWcfObject_Success" computerName="DKSR-EFI-06" duration="00:00:00.0006466" startTime="2024-01-09T15:43:09.4353486+01:00" endTime="2024-01-09T15:43:09.4353486+01:00" testType="13cdc9d9-ddb5-4fa4-a97d-d965ccfc6d4b" outcome="Passed" testListId="8c84fa94-04c1-424b-9868-57a2d4851a1d" relativeResultsDirectory="6f86da00-4cea-439f-a538-2e08a62ad7a3" />
    <UnitTestResult executionId="6d0dc849-8165-4ef3-9a3c-8589232b632d" testId="7afd44d1-6cdf-409d-7077-63d339735f4e" testName="TestConstructor_CreateService_Success" computerName="DKSR-EFI-06" duration="00:00:00.0005610" startTime="2024-01-09T15:43:05.0759555+01:00" endTime="2024-01-09T15:43:05.0759555+01:00" testType="13cdc9d9-ddb5-4fa4-a97d-d965ccfc6d4b" outcome="Passed" testListId="8c84fa94-04c1-424b-9868-57a2d4851a1d" relativeResultsDirectory="6d0dc849-8165-4ef3-9a3c-8589232b632d" />
    <UnitTestResult executionId="2055c694-9284-4ef5-915b-e63a83a27c16" testId="ba8f7378-090a-2641-181b-d47d856f1c40" testName="RemoveBuilding_Silent_WhenBuildingNotExists" computerName="DKSR-EFI-06" duration="00:00:00.0049313" startTime="2024-01-09T15:43:12.4978595+01:00" endTime="2024-01-09T15:43:12.5134820+01:00" testType="13cdc9d9-ddb5-4fa4-a97d-d965ccfc6d4b" outcome="Passed" testListId="8c84fa94-04c1-424b-9868-57a2d4851a1d" relativeResultsDirectory="2055c694-9284-4ef5-915b-e63a83a27c16" />
    <UnitTestResult executionId="9e40b3ba-8b18-47b3-9131-4d33e6cda797" testId="57665be6-41a6-a79e-fa5a-6cb5e4d12320" testName="TestAttribute_OnlyOnGuidProperties_Success" computerName="DKSR-EFI-06" duration="00:00:00.0049853" startTime="2024-01-09T15:43:09.4509769+01:00" endTime="2024-01-09T15:43:09.4666005+01:00" testType="13cdc9d9-ddb5-4fa4-a97d-d965ccfc6d4b" outcome="Passed" testListId="8c84fa94-04c1-424b-9868-57a2d4851a1d" relativeResultsDirectory="9e40b3ba-8b18-47b3-9131-4d33e6cda797" />
    <UnitTestResult executionId="df1596a3-d816-4a63-9120-c62761dd330b" testId="094c5718-da43-3007-1e10-b3d9e851d275" testName="TestConstructor_Success" computerName="DKSR-EFI-06" duration="00:00:00.0003242" startTime="2024-01-09T15:43:10.0134801+01:00" endTime="2024-01-09T15:43:10.0134801+01:00" testType="13cdc9d9-ddb5-4fa4-a97d-d965ccfc6d4b" outcome="Passed" testListId="8c84fa94-04c1-424b-9868-57a2d4851a1d" relativeResultsDirectory="df1596a3-d816-4a63-9120-c62761dd330b" />
    <UnitTestResult executionId="ce99f029-1442-44af-8e00-3ece9c02de53" testId="92cc9c71-ec15-863d-b9f8-3aa43a78bfd8" testName="TestWcfObject_GetWcfObjectWithoutTransformInfo_Success" computerName="DKSR-EFI-06" duration="00:00:00.0008353" startTime="2024-01-09T15:43:10.5134778+01:00" endTime="2024-01-09T15:43:10.5134778+01:00" testType="13cdc9d9-ddb5-4fa4-a97d-d965ccfc6d4b" outcome="Passed" testListId="8c84fa94-04c1-424b-9868-57a2d4851a1d" relativeResultsDirectory="ce99f029-1442-44af-8e00-3ece9c02de53" />
    <UnitTestResult executionId="fa12e3bb-0675-46c8-937e-1f0eeea153e6" testId="1b4f6424-00d7-80fc-397d-ca110018694f" testName="IsOnLevel_Silent_WhenBuildingUnknown" computerName="DKSR-EFI-06" duration="00:00:00.0027430" startTime="2024-01-09T15:43:12.6228591+01:00" endTime="2024-01-09T15:43:12.6384838+01:00" testType="13cdc9d9-ddb5-4fa4-a97d-d965ccfc6d4b" outcome="Passed" testListId="8c84fa94-04c1-424b-9868-57a2d4851a1d" relativeResultsDirectory="fa12e3bb-0675-46c8-937e-1f0eeea153e6" />
    <UnitTestResult executionId="6f7ca328-fcfe-4204-bb4b-18e09d65f713" testId="c75aec8a-633a-6e53-7147-bd05d2a42767" testName="TestConstructor_ParsingWcfObjectWithNull_Success" computerName="DKSR-EFI-06" duration="00:00:00.0011026" startTime="2024-01-09T15:43:09.7791016+01:00" endTime="2024-01-09T15:43:09.7791016+01:00" testType="13cdc9d9-ddb5-4fa4-a97d-d965ccfc6d4b" outcome="Passed" testListId="8c84fa94-04c1-424b-9868-57a2d4851a1d" relativeResultsDirectory="6f7ca328-fcfe-4204-bb4b-18e09d65f713" />
    <UnitTestResult executionId="32403a86-cc92-4683-a1ff-72c9347ead0d" testId="ffc2f231-3796-544f-ac40-4ff508739cbb" testName="TestConstructor_ParsingWcfObjectWithoutTransformInfo_Success" computerName="DKSR-EFI-06" duration="00:00:00.0004880" startTime="2024-01-09T15:43:10.0916024+01:00" endTime="2024-01-09T15:43:10.0916024+01:00" testType="13cdc9d9-ddb5-4fa4-a97d-d965ccfc6d4b" outcome="Passed" testListId="8c84fa94-04c1-424b-9868-57a2d4851a1d" relativeResultsDirectory="32403a86-cc92-4683-a1ff-72c9347ead0d" />
    <UnitTestResult executionId="3e2ee705-0c31-4ea0-9551-b70d5bd1738d" testId="a893537d-e6d4-68f8-c84b-dc52a5a7bdbd" testName="BuildClusters_NotActiveBuilding_ItemsFallToTheCellCluster" computerName="DKSR-EFI-06" duration="00:00:00.0169202" startTime="2024-01-09T15:43:12.2634826+01:00" endTime="2024-01-09T15:43:12.2791081+01:00" testType="13cdc9d9-ddb5-4fa4-a97d-d965ccfc6d4b" outcome="Passed" testListId="8c84fa94-04c1-424b-9868-57a2d4851a1d" relativeResultsDirectory="3e2ee705-0c31-4ea0-9551-b70d5bd1738d" />
    <UnitTestResult executionId="898abaff-401f-4678-9734-be4249de5eab" testId="fe730865-2892-db3d-7097-9bb89a0f72c6" testName="TestConstructor_CreateService_Success" computerName="DKSR-EFI-06" duration="00:00:00.0004646" startTime="2024-01-09T15:43:05.6853351+01:00" endTime="2024-01-09T15:43:05.6853351+01:00" testType="13cdc9d9-ddb5-4fa4-a97d-d965ccfc6d4b" outcome="Passed" testListId="8c84fa94-04c1-424b-9868-57a2d4851a1d" relativeResultsDirectory="898abaff-401f-4678-9734-be4249de5eab" />
    <UnitTestResult executionId="0d57b7d7-984b-4a59-8b67-c7522f1fcc11" testId="f4e400af-adaa-653c-7739-14c2956be5e1" testName="TestWcfObject_ConvertToWcfObject_Success" computerName="DKSR-EFI-06" duration="00:00:00.0010895" startTime="2024-01-09T15:43:09.5447265+01:00" endTime="2024-01-09T15:43:09.5447265+01:00" testType="13cdc9d9-ddb5-4fa4-a97d-d965ccfc6d4b" outcome="Passed" testListId="8c84fa94-04c1-424b-9868-57a2d4851a1d" relativeResultsDirectory="0d57b7d7-984b-4a59-8b67-c7522f1fcc11" />
    <UnitTestResult executionId="a24ef004-5e6f-41ec-bea5-bcb9c52c51ef" testId="a15ebbdc-1135-c3e6-aa16-da54eb3856ea" testName="UnknownAction_LogsError" computerName="DKSR-EFI-06" duration="00:00:00.0084496" startTime="2024-01-09T15:43:06.6072155+01:00" endTime="2024-01-09T15:43:06.6072155+01:00" testType="13cdc9d9-ddb5-4fa4-a97d-d965ccfc6d4b" outcome="Passed" testListId="8c84fa94-04c1-424b-9868-57a2d4851a1d" relativeResultsDirectory="a24ef004-5e6f-41ec-bea5-bcb9c52c51ef" />
    <UnitTestResult executionId="f601629f-ff33-47aa-abe2-694269560746" testId="d1c3c18f-4297-c4a6-f06b-9b0ca293dec5" testName="TestConstructor_Success" computerName="DKSR-EFI-06" duration="00:00:00.0008867" startTime="2024-01-09T15:43:09.2791014+01:00" endTime="2024-01-09T15:43:09.2791014+01:00" testType="13cdc9d9-ddb5-4fa4-a97d-d965ccfc6d4b" outcome="Passed" testListId="8c84fa94-04c1-424b-9868-57a2d4851a1d" relativeResultsDirectory="f601629f-ff33-47aa-abe2-694269560746" />
    <UnitTestResult executionId="4e68a0d3-6267-4cec-a229-57a41617ef8d" testId="f5cee685-06e6-5e74-b3df-2251547fd175" testName="BuildClusters_IndividualItemClusters_WhenIndividualItemsOnlyTrue" computerName="DKSR-EFI-06" duration="00:00:00.0023303" startTime="2024-01-09T15:43:12.3416072+01:00" endTime="2024-01-09T15:43:12.3416072+01:00" testType="13cdc9d9-ddb5-4fa4-a97d-d965ccfc6d4b" outcome="Passed" testListId="8c84fa94-04c1-424b-9868-57a2d4851a1d" relativeResultsDirectory="4e68a0d3-6267-4cec-a229-57a41617ef8d" />
    <UnitTestResult executionId="3233f165-8fcf-4165-a9c6-1a56517fb759" testId="b33228ae-5200-3eaf-6ae6-c19f5e7f8288" testName="BuildClusters_IndividualItemClusters_WhenIndividualItemsOnlyTrue" computerName="DKSR-EFI-06" duration="00:00:00.0332652" startTime="2024-01-09T15:43:12.1384858+01:00" endTime="2024-01-09T15:43:12.1697330+01:00" testType="13cdc9d9-ddb5-4fa4-a97d-d965ccfc6d4b" outcome="Passed" testListId="8c84fa94-04c1-424b-9868-57a2d4851a1d" relativeResultsDirectory="3233f165-8fcf-4165-a9c6-1a56517fb759" />
    <UnitTestResult executionId="2f1848fb-593b-481c-b092-f20c2469ae90" testId="aac946e7-c21e-0fab-5585-3a355bdc1d40" testName="RemoveItems_Init5Items_Remove2" computerName="DKSR-EFI-06" duration="00:00:00.0068563" startTime="2024-01-09T15:43:11.2634797+01:00" endTime="2024-01-09T15:43:11.2634797+01:00" testType="13cdc9d9-ddb5-4fa4-a97d-d965ccfc6d4b" outcome="Passed" testListId="8c84fa94-04c1-424b-9868-57a2d4851a1d" relativeResultsDirectory="2f1848fb-593b-481c-b092-f20c2469ae90" />
    <UnitTestResult executionId="19f0e3ec-336b-4f33-afde-6f27872950a1" testId="dca76539-28aa-3685-bd41-315f80308950" testName="TestConstructor_ParsingWcfObjectWithNullMapViewPoints_Success" computerName="DKSR-EFI-06" duration="00:00:00.0021379" startTime="2024-01-09T15:43:09.7009778+01:00" endTime="2024-01-09T15:43:09.7166022+01:00" testType="13cdc9d9-ddb5-4fa4-a97d-d965ccfc6d4b" outcome="Passed" testListId="8c84fa94-04c1-424b-9868-57a2d4851a1d" relativeResultsDirectory="19f0e3ec-336b-4f33-afde-6f27872950a1" />
    <UnitTestResult executionId="1a1cdf91-ccf8-4626-80f7-9f0eb3feab50" testId="c334bc67-8ff9-4161-02ad-25619016df5f" testName="TestFactory_Success" computerName="DKSR-EFI-06" duration="00:00:00.0006686" startTime="2024-01-09T15:43:12.6384838+01:00" endTime="2024-01-09T15:43:12.6384838+01:00" testType="13cdc9d9-ddb5-4fa4-a97d-d965ccfc6d4b" outcome="Passed" testListId="8c84fa94-04c1-424b-9868-57a2d4851a1d" relativeResultsDirectory="1a1cdf91-ccf8-4626-80f7-9f0eb3feab50" />
    <UnitTestResult executionId="47dad841-5efe-46e6-99aa-dfcd968fb8db" testId="fbdd6967-4ef8-9ce7-9005-2f3c653c2ea2" testName="TestConstructor_ParsingWcfObject_Success" computerName="DKSR-EFI-06" duration="00:00:00.0007422" startTime="2024-01-09T15:43:09.4353486+01:00" endTime="2024-01-09T15:43:09.4353486+01:00" testType="13cdc9d9-ddb5-4fa4-a97d-d965ccfc6d4b" outcome="Passed" testListId="8c84fa94-04c1-424b-9868-57a2d4851a1d" relativeResultsDirectory="47dad841-5efe-46e6-99aa-dfcd968fb8db" />
    <UnitTestResult executionId="c569dd53-a1d3-4d4f-b080-6a2031c150d1" testId="881aee88-0885-86de-0d65-0a933a92e7c3" testName="TestConstructor_ParsingWcfObjectNullOutline_Success" computerName="DKSR-EFI-06" duration="00:00:00.0005808" startTime="2024-01-09T15:43:12.6697345+01:00" endTime="2024-01-09T15:43:12.6697345+01:00" testType="13cdc9d9-ddb5-4fa4-a97d-d965ccfc6d4b" outcome="Passed" testListId="8c84fa94-04c1-424b-9868-57a2d4851a1d" relativeResultsDirectory="c569dd53-a1d3-4d4f-b080-6a2031c150d1" />
    <UnitTestResult executionId="1cbe117f-c714-4353-9a63-fc0a90d53bcb" testId="2e2ba133-dfa3-73a4-19a6-a0369a18ebcc" testName="ChangeBuildingGeography" computerName="DKSR-EFI-06" duration="00:00:00.0116163" startTime="2024-01-09T15:43:12.5134820+01:00" endTime="2024-01-09T15:43:12.5291078+01:00" testType="13cdc9d9-ddb5-4fa4-a97d-d965ccfc6d4b" outcome="Passed" testListId="8c84fa94-04c1-424b-9868-57a2d4851a1d" relativeResultsDirectory="1cbe117f-c714-4353-9a63-fc0a90d53bcb" />
    <UnitTestResult executionId="ac3b6fb6-903c-451c-8379-6bbb8373366b" testId="30c0fe40-dbaf-084d-fb6c-0bc34dcf7606" testName="TestPropertyNames_GettingPropertyNames_Success" computerName="DKSR-EFI-06" duration="00:00:00.0008336" startTime="2024-01-09T15:43:10.2634789+01:00" endTime="2024-01-09T15:43:10.2634789+01:00" testType="13cdc9d9-ddb5-4fa4-a97d-d965ccfc6d4b" outcome="Passed" testListId="8c84fa94-04c1-424b-9868-57a2d4851a1d" relativeResultsDirectory="ac3b6fb6-903c-451c-8379-6bbb8373366b" />
    <UnitTestResult executionId="1353701d-5224-4c74-ae41-d3b4d6ca62cb" testId="1ac7044b-d9a1-7803-0a4f-ce737c5e24f1" testName="TestConstructor_ParsingWcfObjectWithoutExtent_Success" computerName="DKSR-EFI-06" duration="00:00:00.0006202" startTime="2024-01-09T15:43:10.4353555+01:00" endTime="2024-01-09T15:43:10.4353555+01:00" testType="13cdc9d9-ddb5-4fa4-a97d-d965ccfc6d4b" outcome="Passed" testListId="8c84fa94-04c1-424b-9868-57a2d4851a1d" relativeResultsDirectory="1353701d-5224-4c74-ae41-d3b4d6ca62cb" />
    <UnitTestResult executionId="ecaca1d4-28d2-4018-ba02-6dfc3736d49c" testId="898e1435-3690-2fd5-8ce0-e6d73cc3d59c" testName="TestAddBuildings_Exception_Failure" computerName="DKSR-EFI-06" duration="00:00:00.0038569" startTime="2024-01-09T15:43:07.5290934+01:00" endTime="2024-01-09T15:43:07.5290934+01:00" testType="13cdc9d9-ddb5-4fa4-a97d-d965ccfc6d4b" outcome="Passed" testListId="8c84fa94-04c1-424b-9868-57a2d4851a1d" relativeResultsDirectory="ecaca1d4-28d2-4018-ba02-6dfc3736d49c" />
    <UnitTestResult executionId="d55729b2-6589-4187-9990-9e2d0b8591ac" testId="4fadf45a-56f2-c010-4098-8fe90cd2a5e3" testName="TestConvertToType_UnknownType_Success" computerName="DKSR-EFI-06" duration="00:00:00.0001327" startTime="2024-01-09T15:43:09.2791014+01:00" endTime="2024-01-09T15:43:09.2791014+01:00" testType="13cdc9d9-ddb5-4fa4-a97d-d965ccfc6d4b" outcome="Passed" testListId="8c84fa94-04c1-424b-9868-57a2d4851a1d" relativeResultsDirectory="d55729b2-6589-4187-9990-9e2d0b8591ac" />
    <UnitTestResult executionId="62e07d32-8900-4d42-88c1-154693c6762b" testId="9a55c708-d962-076a-f8e4-d8ec5dc295cc" testName="TestAddBuildings_DatabaseException_UniqueKeyViolation_Failure" computerName="DKSR-EFI-06" duration="00:00:00.0037464" startTime="2024-01-09T15:43:07.5290934+01:00" endTime="2024-01-09T15:43:07.5447186+01:00" testType="13cdc9d9-ddb5-4fa4-a97d-d965ccfc6d4b" outcome="Passed" testListId="8c84fa94-04c1-424b-9868-57a2d4851a1d" relativeResultsDirectory="62e07d32-8900-4d42-88c1-154693c6762b" />
    <UnitTestResult executionId="2655cee4-5ae2-410b-9947-61780cac59ff" testId="f8d3c84c-0871-1507-fccd-0fe0f76809c0" testName="TestConstructor_ParsingWcfObjectInvalidOutline_NotEnoughPoints_Failure" computerName="DKSR-EFI-06" duration="00:00:00.0013641" startTime="2024-01-09T15:43:12.7009854+01:00" endTime="2024-01-09T15:43:12.7009854+01:00" testType="13cdc9d9-ddb5-4fa4-a97d-d965ccfc6d4b" outcome="Passed" testListId="8c84fa94-04c1-424b-9868-57a2d4851a1d" relativeResultsDirectory="2655cee4-5ae2-410b-9947-61780cac59ff" />
    <UnitTestResult executionId="e9c918df-33d9-4d76-b651-313d90be57ca" testId="7fe8dd67-f18b-0b92-ac3b-d19aad03b760" testName="TestUpdateProperties_UpdateAllProperties_Success" computerName="DKSR-EFI-06" duration="00:00:00.0013591" startTime="2024-01-09T15:43:10.9197320+01:00" endTime="2024-01-09T15:43:10.9197320+01:00" testType="13cdc9d9-ddb5-4fa4-a97d-d965ccfc6d4b" outcome="Passed" testListId="8c84fa94-04c1-424b-9868-57a2d4851a1d" relativeResultsDirectory="e9c918df-33d9-4d76-b651-313d90be57ca" />
    <UnitTestResult executionId="6f1a9778-ef78-4257-8fa9-ebbd4ff342f9" testId="80e59a76-986a-dbc8-dce4-bff838813140" testName="TestProperties_GetPropertiesFromWcfObjectWithoutExtent_Success" computerName="DKSR-EFI-06" duration="00:00:00.0020086" startTime="2024-01-09T15:43:10.1228535+01:00" endTime="2024-01-09T15:43:10.1228535+01:00" testType="13cdc9d9-ddb5-4fa4-a97d-d965ccfc6d4b" outcome="Passed" testListId="8c84fa94-04c1-424b-9868-57a2d4851a1d" relativeResultsDirectory="6f1a9778-ef78-4257-8fa9-ebbd4ff342f9" />
    <UnitTestResult executionId="8202f638-e5cd-4b23-a949-0018659b0b59" testId="564c14ba-d484-d5d9-1f0e-86cced11558c" testName="AddNewItem_Disabled_Ignores" computerName="DKSR-EFI-06" duration="00:00:00.0040206" startTime="2024-01-09T15:43:06.5134625+01:00" endTime="2024-01-09T15:43:06.5134625+01:00" testType="13cdc9d9-ddb5-4fa4-a97d-d965ccfc6d4b" outcome="Passed" testListId="8c84fa94-04c1-424b-9868-57a2d4851a1d" relativeResultsDirectory="8202f638-e5cd-4b23-a949-0018659b0b59" />
    <UnitTestResult executionId="5f527e17-70a4-48fe-994c-5f9d4c388f7d" testId="e0c30c38-4acf-7edb-0311-7e2ff9a258c6" testName="TestConstructor_ParsingWcfObjectWithNull_Success" computerName="DKSR-EFI-06" duration="00:00:00.0023114" startTime="2024-01-09T15:43:09.6697259+01:00" endTime="2024-01-09T15:43:09.6697259+01:00" testType="13cdc9d9-ddb5-4fa4-a97d-d965ccfc6d4b" outcome="Passed" testListId="8c84fa94-04c1-424b-9868-57a2d4851a1d" relativeResultsDirectory="5f527e17-70a4-48fe-994c-5f9d4c388f7d" />
    <UnitTestResult executionId="feebde93-d8b4-4753-987b-4b5de7544c35" testId="b9bae4db-82da-0419-5a25-0bc7c49962ce" testName="UpdateItem_UpdatesName" computerName="DKSR-EFI-06" duration="00:00:00.0177515" startTime="2024-01-09T15:43:06.5447132+01:00" endTime="2024-01-09T15:43:06.5603402+01:00" testType="13cdc9d9-ddb5-4fa4-a97d-d965ccfc6d4b" outcome="Passed" testListId="8c84fa94-04c1-424b-9868-57a2d4851a1d" relativeResultsDirectory="feebde93-d8b4-4753-987b-4b5de7544c35" />
    <UnitTestResult executionId="617a4f1c-381a-4396-81c6-5eb3640a1f88" testId="70ceb465-3a7f-7a9e-f78b-a3e5795571d2" testName="TestProperties_GetProperties_Success" computerName="DKSR-EFI-06" duration="00:00:00.0005094" startTime="2024-01-09T15:43:11.1541057+01:00" endTime="2024-01-09T15:43:11.1541057+01:00" testType="13cdc9d9-ddb5-4fa4-a97d-d965ccfc6d4b" outcome="Passed" testListId="8c84fa94-04c1-424b-9868-57a2d4851a1d" relativeResultsDirectory="617a4f1c-381a-4396-81c6-5eb3640a1f88" />
    <UnitTestResult executionId="2a6c4f89-050b-4f54-8785-e31b63b0cc5b" testId="db7de401-b646-d928-1a5f-89bb54cdcee8" testName="GetMipPlugins_Success" computerName="DKSR-EFI-06" duration="00:00:00.0171735" startTime="2024-01-09T15:43:05.4978331+01:00" endTime="2024-01-09T15:43:05.5290839+01:00" testType="13cdc9d9-ddb5-4fa4-a97d-d965ccfc6d4b" outcome="Passed" testListId="8c84fa94-04c1-424b-9868-57a2d4851a1d" relativeResultsDirectory="2a6c4f89-050b-4f54-8785-e31b63b0cc5b" />
    <UnitTestResult executionId="9c8e5bae-da7e-4f0f-b14a-9d4ce5846600" testId="9b3f1de6-5ced-afd7-143c-4ccc2375e488" testName="TestPropertyNames_GettingPropertyNames_Success" computerName="DKSR-EFI-06" duration="00:00:00.0004354" startTime="2024-01-09T15:43:10.2947754+01:00" endTime="2024-01-09T15:43:10.2947754+01:00" testType="13cdc9d9-ddb5-4fa4-a97d-d965ccfc6d4b" outcome="Passed" testListId="8c84fa94-04c1-424b-9868-57a2d4851a1d" relativeResultsDirectory="9c8e5bae-da7e-4f0f-b14a-9d4ce5846600" />
    <UnitTestResult executionId="bd1174b1-9430-47ac-868a-6c14d010fcaa" testId="04d32b04-a6b3-be0c-303a-92162a097429" testName="TestProperties_GetProperties_Success" computerName="DKSR-EFI-06" duration="00:00:00.0009096" startTime="2024-01-09T15:43:10.2322277+01:00" endTime="2024-01-09T15:43:10.2322277+01:00" testType="13cdc9d9-ddb5-4fa4-a97d-d965ccfc6d4b" outcome="Passed" testListId="8c84fa94-04c1-424b-9868-57a2d4851a1d" relativeResultsDirectory="bd1174b1-9430-47ac-868a-6c14d010fcaa" />
    <UnitTestResult executionId="70b8bc58-f0b6-4d00-9c01-5d0fd0e3be7e" testId="3593faca-3b71-6a5c-b854-16983be47203" testName="TestAuditLog_AuditLogMapRemoved_Success" computerName="DKSR-EFI-06" duration="00:00:00.0051765" startTime="2024-01-09T15:43:09.6228535+01:00" endTime="2024-01-09T15:43:09.6384777+01:00" testType="13cdc9d9-ddb5-4fa4-a97d-d965ccfc6d4b" outcome="Passed" testListId="8c84fa94-04c1-424b-9868-57a2d4851a1d" relativeResultsDirectory="70b8bc58-f0b6-4d00-9c01-5d0fd0e3be7e" />
    <UnitTestResult executionId="da99cd70-81ce-4faf-8762-1e669921988b" testId="a1b6542a-b65b-8d00-567a-da1f4995f2ec" testName="TestAuditLog_AuditLogMapChanged_Success" computerName="DKSR-EFI-06" duration="00:00:00.0051013" startTime="2024-01-09T15:43:09.6384777+01:00" endTime="2024-01-09T15:43:09.6384777+01:00" testType="13cdc9d9-ddb5-4fa4-a97d-d965ccfc6d4b" outcome="Passed" testListId="8c84fa94-04c1-424b-9868-57a2d4851a1d" relativeResultsDirectory="da99cd70-81ce-4faf-8762-1e669921988b" />
    <UnitTestResult executionId="93a60b24-7301-4209-b02b-068b2680a476" testId="f98068f9-99f7-ff5b-d168-ef651dd264ce" testName="Close_ClosesCommandsAndHostsInTheOrder" computerName="DKSR-EFI-06" duration="00:00:00.0019682" startTime="2024-01-09T15:43:05.2947075+01:00" endTime="2024-01-09T15:43:05.2947075+01:00" testType="13cdc9d9-ddb5-4fa4-a97d-d965ccfc6d4b" outcome="Passed" testListId="8c84fa94-04c1-424b-9868-57a2d4851a1d" relativeResultsDirectory="93a60b24-7301-4209-b02b-068b2680a476" />
    <UnitTestResult executionId="c99cc032-6c4a-483f-9ac6-6d61f28cb8dd" testId="25894435-1855-c2d6-e621-cd9632fe96ea" testName="TestAddMultipleCapabilities_Success" computerName="DKSR-EFI-06" duration="00:00:00.0010797" startTime="2024-01-09T15:43:06.6384628+01:00" endTime="2024-01-09T15:43:06.6384628+01:00" testType="13cdc9d9-ddb5-4fa4-a97d-d965ccfc6d4b" outcome="Passed" testListId="8c84fa94-04c1-424b-9868-57a2d4851a1d" relativeResultsDirectory="c99cc032-6c4a-483f-9ac6-6d61f28cb8dd" />
    <UnitTestResult executionId="e3bb9c96-246b-47e8-bd5e-49d69ddf2667" testId="4c25d9c4-7195-e009-f47f-314745602d75" testName="TestProperties_GetProperties_Success" computerName="DKSR-EFI-06" duration="00:00:00.0003926" startTime="2024-01-09T15:43:10.3103525+01:00" endTime="2024-01-09T15:43:10.3103525+01:00" testType="13cdc9d9-ddb5-4fa4-a97d-d965ccfc6d4b" outcome="Passed" testListId="8c84fa94-04c1-424b-9868-57a2d4851a1d" relativeResultsDirectory="e3bb9c96-246b-47e8-bd5e-49d69ddf2667" />
    <UnitTestResult executionId="ef13d612-b046-48a1-bb4a-8596d4e3f969" testId="e355f905-ea73-21e7-9afa-7777ac3e2710" testName="TestPropertyNames_GettingPropertyNames_Success" computerName="DKSR-EFI-06" duration="00:00:00.0009106" startTime="2024-01-09T15:43:10.1853512+01:00" endTime="2024-01-09T15:43:10.1853512+01:00" testType="13cdc9d9-ddb5-4fa4-a97d-d965ccfc6d4b" outcome="Passed" testListId="8c84fa94-04c1-424b-9868-57a2d4851a1d" relativeResultsDirectory="ef13d612-b046-48a1-bb4a-8596d4e3f969" />
    <UnitTestResult executionId="dd7230f4-c1bd-442d-83a8-f0ea7aa9cd92" testId="e06aa9c2-2f66-b89a-8e9f-e1f5d3b102d6" testName="TestWcfObject_GetWcfObject_Success" computerName="DKSR-EFI-06" duration="00:00:00.0028470" startTime="2024-01-09T15:43:09.7947271+01:00" endTime="2024-01-09T15:43:09.7947271+01:00" testType="13cdc9d9-ddb5-4fa4-a97d-d965ccfc6d4b" outcome="Passed" testListId="8c84fa94-04c1-424b-9868-57a2d4851a1d" relativeResultsDirectory="dd7230f4-c1bd-442d-83a8-f0ea7aa9cd92" />
    <UnitTestResult executionId="a5c23c08-56c7-406d-9aa8-07f1e0c94769" testId="743b9db0-6a0f-7501-ff12-756b83ece87a" testName="TestQueryLayerByLayerId_Success" computerName="DKSR-EFI-06" duration="00:00:00.0230044" startTime="2024-01-09T15:43:09.0915986+01:00" endTime="2024-01-09T15:43:09.1228507+01:00" testType="13cdc9d9-ddb5-4fa4-a97d-d965ccfc6d4b" outcome="Passed" testListId="8c84fa94-04c1-424b-9868-57a2d4851a1d" relativeResultsDirectory="a5c23c08-56c7-406d-9aa8-07f1e0c94769" />
    <UnitTestResult executionId="283c7168-325f-4d9b-9a3a-4b0be6e620b3" testId="be8a5657-5dbf-cc26-1424-1f563209b9bd" testName="TestConstructor_ParsingWcfObjectWithoutExtent_Success" computerName="DKSR-EFI-06" duration="00:00:00.0002801" startTime="2024-01-09T15:43:10.0603512+01:00" endTime="2024-01-09T15:43:10.0603512+01:00" testType="13cdc9d9-ddb5-4fa4-a97d-d965ccfc6d4b" outcome="Passed" testListId="8c84fa94-04c1-424b-9868-57a2d4851a1d" relativeResultsDirectory="283c7168-325f-4d9b-9a3a-4b0be6e620b3" />
    <UnitTestResult executionId="4ff45b75-e962-4859-88ed-a0a394a19190" testId="13601ec6-61f0-b258-ec6f-80d29fd448e1" testName="TestReorderLevels_LevelOrderDuplicateFound_Failure" computerName="DKSR-EFI-06" duration="00:00:00.0058880" startTime="2024-01-09T15:43:08.5915962+01:00" endTime="2024-01-09T15:43:08.5915962+01:00" testType="13cdc9d9-ddb5-4fa4-a97d-d965ccfc6d4b" outcome="Passed" testListId="8c84fa94-04c1-424b-9868-57a2d4851a1d" relativeResultsDirectory="4ff45b75-e962-4859-88ed-a0a394a19190" />
    <UnitTestResult executionId="cbba7456-bb6b-4411-80cf-6cc07affefe0" testId="72caf7c5-5a44-3398-6059-60ed1b0451dd" testName="TestAuditLog_AuditLogItemRemoved_Success" computerName="DKSR-EFI-06" duration="00:00:00.0062942" startTime="2024-01-09T15:43:11.1697344+01:00" endTime="2024-01-09T15:43:11.1697344+01:00" testType="13cdc9d9-ddb5-4fa4-a97d-d965ccfc6d4b" outcome="Passed" testListId="8c84fa94-04c1-424b-9868-57a2d4851a1d" relativeResultsDirectory="cbba7456-bb6b-4411-80cf-6cc07affefe0" />
    <UnitTestResult executionId="8345a81f-1a6a-4523-b66d-189daf6f7b7a" testId="73c684e6-c886-4823-96f9-b9a8feb5cb2f" testName="TestWcfObject_ConvertToWcfObject_Success" computerName="DKSR-EFI-06" duration="00:00:00.0012186" startTime="2024-01-09T15:43:09.5134758+01:00" endTime="2024-01-09T15:43:09.5134758+01:00" testType="13cdc9d9-ddb5-4fa4-a97d-d965ccfc6d4b" outcome="Passed" testListId="8c84fa94-04c1-424b-9868-57a2d4851a1d" relativeResultsDirectory="8345a81f-1a6a-4523-b66d-189daf6f7b7a" />
    <UnitTestResult executionId="8471f740-4aec-4a03-a83d-7f8eb6e78f6b" testId="49f414c6-759e-10c7-56c6-a3de5733e99b" testName="TestUpdateBuilding_BuildingNotFound_Failure" computerName="DKSR-EFI-06" duration="00:00:00.0043418" startTime="2024-01-09T15:43:07.8415942+01:00" endTime="2024-01-09T15:43:07.8415942+01:00" testType="13cdc9d9-ddb5-4fa4-a97d-d965ccfc6d4b" outcome="Passed" testListId="8c84fa94-04c1-424b-9868-57a2d4851a1d" relativeResultsDirectory="8471f740-4aec-4a03-a83d-7f8eb6e78f6b" />
    <UnitTestResult executionId="7e482262-2cbd-4a82-87b9-06bb22ecfa10" testId="a30fc66d-627a-89ef-95f1-4ebe1ee9d820" testName="GetMipItemsByKindAndArea_CallsFilter" computerName="DKSR-EFI-06" duration="00:00:00.0144736" startTime="2024-01-09T15:43:05.5915852+01:00" endTime="2024-01-09T15:43:05.6072106+01:00" testType="13cdc9d9-ddb5-4fa4-a97d-d965ccfc6d4b" outcome="Passed" testListId="8c84fa94-04c1-424b-9868-57a2d4851a1d" relativeResultsDirectory="7e482262-2cbd-4a82-87b9-06bb22ecfa10" />
    <UnitTestResult executionId="9b3aa376-7022-4c24-9bf1-00232fb196fc" testId="0e5e57e7-156f-1afb-4215-734dfc901d81" testName="TestPropertyNames_GettingPropertyNames_Success" computerName="DKSR-EFI-06" duration="00:00:00.0030381" startTime="2024-01-09T15:43:09.2947253+01:00" endTime="2024-01-09T15:43:09.2947253+01:00" testType="13cdc9d9-ddb5-4fa4-a97d-d965ccfc6d4b" outcome="Passed" testListId="8c84fa94-04c1-424b-9868-57a2d4851a1d" relativeResultsDirectory="9b3aa376-7022-4c24-9bf1-00232fb196fc" />
    <UnitTestResult executionId="f9e4b6c5-6f04-4431-9d8d-0fccabf4d087" testId="972f9fed-3d68-00b6-f92a-5aba0bc45ad4" testName="TestUpdateProperties_UpdateAllProperties_Success" computerName="DKSR-EFI-06" duration="00:00:00.0006998" startTime="2024-01-09T15:43:10.0291017+01:00" endTime="2024-01-09T15:43:10.0291017+01:00" testType="13cdc9d9-ddb5-4fa4-a97d-d965ccfc6d4b" outcome="Passed" testListId="8c84fa94-04c1-424b-9868-57a2d4851a1d" relativeResultsDirectory="f9e4b6c5-6f04-4431-9d8d-0fccabf4d087" />
    <UnitTestResult executionId="0d1269ea-354c-4b7e-86b5-9ea4fa08b5d9" testId="4fd63e89-7a7b-2905-6d68-24d99fb54d1a" testName="TestUpdateProperties_UpdateAllProperties_Success" computerName="DKSR-EFI-06" duration="00:00:00.0015079" startTime="2024-01-09T15:43:09.7634736+01:00" endTime="2024-01-09T15:43:09.7634736+01:00" testType="13cdc9d9-ddb5-4fa4-a97d-d965ccfc6d4b" outcome="Passed" testListId="8c84fa94-04c1-424b-9868-57a2d4851a1d" relativeResultsDirectory="0d1269ea-354c-4b7e-86b5-9ea4fa08b5d9" />
    <UnitTestResult executionId="d6340685-5252-4e3d-8b9d-7f50c895884b" testId="da0185d2-8ac7-fc8e-ec2a-ef10f8179250" testName="TestPropertyNames_GettingPropertyNames_Success" computerName="DKSR-EFI-06" duration="00:00:00.0009052" startTime="2024-01-09T15:43:10.6072305+01:00" endTime="2024-01-09T15:43:10.6072305+01:00" testType="13cdc9d9-ddb5-4fa4-a97d-d965ccfc6d4b" outcome="Passed" testListId="8c84fa94-04c1-424b-9868-57a2d4851a1d" relativeResultsDirectory="d6340685-5252-4e3d-8b9d-7f50c895884b" />
    <UnitTestResult executionId="ec8a27f1-10b6-44b9-89f4-3dd50a7678a0" testId="06894ed5-2df1-e54f-2874-93dd297ad943" testName="TestProperties_GetProperties_Success" computerName="DKSR-EFI-06" duration="00:00:00.0004383" startTime="2024-01-09T15:43:09.9041020+01:00" endTime="2024-01-09T15:43:09.9041020+01:00" testType="13cdc9d9-ddb5-4fa4-a97d-d965ccfc6d4b" outcome="Passed" testListId="8c84fa94-04c1-424b-9868-57a2d4851a1d" relativeResultsDirectory="ec8a27f1-10b6-44b9-89f4-3dd50a7678a0" />
    <UnitTestResult executionId="fe2c6545-8927-43f3-b27d-8bab15bc676c" testId="06111c50-7e5d-ae8d-e57b-4555dcb06eea" testName="GetGisMapKindsAsync_Success" computerName="DKSR-EFI-06" duration="00:00:00.0176899" startTime="2024-01-09T15:43:06.1228356+01:00" endTime="2024-01-09T15:43:06.1384613+01:00" testType="13cdc9d9-ddb5-4fa4-a97d-d965ccfc6d4b" outcome="Passed" testListId="8c84fa94-04c1-424b-9868-57a2d4851a1d" relativeResultsDirectory="fe2c6545-8927-43f3-b27d-8bab15bc676c" />
    <UnitTestResult executionId="13b47e6a-7e70-46ad-b75a-513558eceb7a" testId="47858b52-dec3-79cc-8ffc-6f311ff9916e" testName="ChangeBuildingGeography_Silent_WhenBuildingNotExists" computerName="DKSR-EFI-06" duration="00:00:00.0066417" startTime="2024-01-09T15:43:12.5291078+01:00" endTime="2024-01-09T15:43:12.5291078+01:00" testType="13cdc9d9-ddb5-4fa4-a97d-d965ccfc6d4b" outcome="Passed" testListId="8c84fa94-04c1-424b-9868-57a2d4851a1d" relativeResultsDirectory="13b47e6a-7e70-46ad-b75a-513558eceb7a" />
    <UnitTestResult executionId="8a529054-037e-4e36-bb86-f39720d0be71" testId="a6d51157-180c-99fc-79ca-7f2ea244e7e9" testName="Test_DeleteLevel_Succes" computerName="DKSR-EFI-06" duration="00:00:00.0302524" startTime="2024-01-09T15:43:08.6384715+01:00" endTime="2024-01-09T15:43:08.6697239+01:00" testType="13cdc9d9-ddb5-4fa4-a97d-d965ccfc6d4b" outcome="Passed" testListId="8c84fa94-04c1-424b-9868-57a2d4851a1d" relativeResultsDirectory="8a529054-037e-4e36-bb86-f39720d0be71" />
    <UnitTestResult executionId="bc8e4714-f2f3-4ac1-bf47-bd2352cc289f" testId="a4e7e6b0-f47f-77cc-78fc-8bb726fd1e88" testName="TestProperties_GetProperties_Success" computerName="DKSR-EFI-06" duration="00:00:00.0004420" startTime="2024-01-09T15:43:10.0759811+01:00" endTime="2024-01-09T15:43:10.0759811+01:00" testType="13cdc9d9-ddb5-4fa4-a97d-d965ccfc6d4b" outcome="Passed" testListId="8c84fa94-04c1-424b-9868-57a2d4851a1d" relativeResultsDirectory="bc8e4714-f2f3-4ac1-bf47-bd2352cc289f" />
    <UnitTestResult executionId="aa9c286f-2918-495d-ba47-89b43a2a8311" testId="0c3b74ae-390f-47dd-e7b2-211ff8e28a83" testName="TestFactory_Success" computerName="DKSR-EFI-06" duration="00:00:00.0004519" startTime="2024-01-09T15:43:12.7791109+01:00" endTime="2024-01-09T15:43:12.7791109+01:00" testType="13cdc9d9-ddb5-4fa4-a97d-d965ccfc6d4b" outcome="Passed" testListId="8c84fa94-04c1-424b-9868-57a2d4851a1d" relativeResultsDirectory="aa9c286f-2918-495d-ba47-89b43a2a8311" />
    <UnitTestResult executionId="9ee4ebaf-81eb-475c-a771-d66fde41a704" testId="8d3ecfb5-4f4c-425b-4ea5-1bf251a4964d" testName="TestConstructor_ParsingWcfObjectWithNullPosition_Success" computerName="DKSR-EFI-06" duration="00:00:00.0034859" startTime="2024-01-09T15:43:09.6853540+01:00" endTime="2024-01-09T15:43:09.7009778+01:00" testType="13cdc9d9-ddb5-4fa4-a97d-d965ccfc6d4b" outcome="Passed" testListId="8c84fa94-04c1-424b-9868-57a2d4851a1d" relativeResultsDirectory="9ee4ebaf-81eb-475c-a771-d66fde41a704" />
    <UnitTestResult executionId="e6d80143-cbe6-46e5-9bba-fe26e144e6bd" testId="de68b978-331f-70de-d76a-a01f3e3bf43a" testName="TestConstructor_Success" computerName="DKSR-EFI-06" duration="00:00:00.0013385" startTime="2024-01-09T15:43:10.1697282+01:00" endTime="2024-01-09T15:43:10.1697282+01:00" testType="13cdc9d9-ddb5-4fa4-a97d-d965ccfc6d4b" outcome="Passed" testListId="8c84fa94-04c1-424b-9868-57a2d4851a1d" relativeResultsDirectory="e6d80143-cbe6-46e5-9bba-fe26e144e6bd" />
    <UnitTestResult executionId="c51a2add-7981-4d81-8b0d-92d20d6f898c" testId="9662224f-b457-65d9-c99b-6097f83310c7" testName="TestWcfObject_ConvertToWcfObject_Success" computerName="DKSR-EFI-06" duration="00:00:00.0010356" startTime="2024-01-09T15:43:09.5603488+01:00" endTime="2024-01-09T15:43:09.5603488+01:00" testType="13cdc9d9-ddb5-4fa4-a97d-d965ccfc6d4b" outcome="Passed" testListId="8c84fa94-04c1-424b-9868-57a2d4851a1d" relativeResultsDirectory="c51a2add-7981-4d81-8b0d-92d20d6f898c" />
    <UnitTestResult executionId="59f3afd5-8417-4642-9483-142bcb8bf283" testId="26fa2272-a607-859c-73fa-9a3b57cf6e18" testName="ConstructorFromData_WhenEnabledFalse_IsMapEnabledFalse" computerName="DKSR-EFI-06" duration="00:00:00.0001996" startTime="2024-01-09T15:43:12.0134826+01:00" endTime="2024-01-09T15:43:12.0134826+01:00" testType="13cdc9d9-ddb5-4fa4-a97d-d965ccfc6d4b" outcome="Passed" testListId="8c84fa94-04c1-424b-9868-57a2d4851a1d" relativeResultsDirectory="59f3afd5-8417-4642-9483-142bcb8bf283" />
    <UnitTestResult executionId="28adf26a-d95c-4fa2-acef-86a12e2a868e" testId="4ad3d293-a459-4607-b5a6-c41dabb71206" testName="TestWcfObject_GetWcfObject_Success" computerName="DKSR-EFI-06" duration="00:00:00.0021011" startTime="2024-01-09T15:43:10.9041035+01:00" endTime="2024-01-09T15:43:10.9041035+01:00" testType="13cdc9d9-ddb5-4fa4-a97d-d965ccfc6d4b" outcome="Passed" testListId="8c84fa94-04c1-424b-9868-57a2d4851a1d" relativeResultsDirectory="28adf26a-d95c-4fa2-acef-86a12e2a868e" />
    <UnitTestResult executionId="7b621c32-0212-4493-abe1-4bb8bb505c2c" testId="26283692-6ea5-ef23-5227-803d8498a28b" testName="TestUpdateProperties_UpdateAllProperties_Success" computerName="DKSR-EFI-06" duration="00:00:00.0007620" startTime="2024-01-09T15:43:10.4822282+01:00" endTime="2024-01-09T15:43:10.4822282+01:00" testType="13cdc9d9-ddb5-4fa4-a97d-d965ccfc6d4b" outcome="Passed" testListId="8c84fa94-04c1-424b-9868-57a2d4851a1d" relativeResultsDirectory="7b621c32-0212-4493-abe1-4bb8bb505c2c" />
    <UnitTestResult executionId="7a0373e6-b864-4cf5-bafb-54b3338dbb40" testId="b1429e09-1d3a-6942-4336-fea0cfeb2f67" testName="TestAddDuplicateCapability_Success" computerName="DKSR-EFI-06" duration="00:00:00.0007654" startTime="2024-01-09T15:43:06.6384628+01:00" endTime="2024-01-09T15:43:06.6384628+01:00" testType="13cdc9d9-ddb5-4fa4-a97d-d965ccfc6d4b" outcome="Passed" testListId="8c84fa94-04c1-424b-9868-57a2d4851a1d" relativeResultsDirectory="7a0373e6-b864-4cf5-bafb-54b3338dbb40" />
    <UnitTestResult executionId="d5eef905-7da0-4e4d-9743-98ab79e1f369" testId="e8c563f6-2a49-d4ae-5b78-4cd29410569d" testName="TestUpdateProperties_UpdateAllProperties_Success" computerName="DKSR-EFI-06" duration="00:00:00.0016981" startTime="2024-01-09T15:43:09.4978504+01:00" endTime="2024-01-09T15:43:09.4978504+01:00" testType="13cdc9d9-ddb5-4fa4-a97d-d965ccfc6d4b" outcome="Passed" testListId="8c84fa94-04c1-424b-9868-57a2d4851a1d" relativeResultsDirectory="d5eef905-7da0-4e4d-9743-98ab79e1f369" />
    <UnitTestResult executionId="595b2bfa-2095-41a9-9abd-187d1ce1feac" testId="50c7a51c-2a6b-67d6-f233-f5a26a2ef5b0" testName="TestPropertyNames_GettingPropertyNames_Success" computerName="DKSR-EFI-06" duration="00:00:00.0004346" startTime="2024-01-09T15:43:10.0603512+01:00" endTime="2024-01-09T15:43:10.0603512+01:00" testType="13cdc9d9-ddb5-4fa4-a97d-d965ccfc6d4b" outcome="Passed" testListId="8c84fa94-04c1-424b-9868-57a2d4851a1d" relativeResultsDirectory="595b2bfa-2095-41a9-9abd-187d1ce1feac" />
    <UnitTestResult executionId="1b995f1f-f0f9-4aaf-a183-8d50df2bd001" testId="ed207763-465e-ee16-6e7a-77de3bd2081f" testName="TestWcfObject_ConvertToWcfObjectWithNullMapSettings_Success" computerName="DKSR-EFI-06" duration="00:00:00.0033266" startTime="2024-01-09T15:43:09.7322291+01:00" endTime="2024-01-09T15:43:09.7478520+01:00" testType="13cdc9d9-ddb5-4fa4-a97d-d965ccfc6d4b" outcome="Passed" testListId="8c84fa94-04c1-424b-9868-57a2d4851a1d" relativeResultsDirectory="1b995f1f-f0f9-4aaf-a183-8d50df2bd001" />
    <UnitTestResult executionId="cb32f472-05b3-4e96-8306-a55411e67b97" testId="508081dd-dca9-3012-b00b-9eb9373a2d4d" testName="TestReorderLevels_Success" computerName="DKSR-EFI-06" duration="00:00:00.0413814" startTime="2024-01-09T15:43:08.5447212+01:00" endTime="2024-01-09T15:43:08.5759725+01:00" testType="13cdc9d9-ddb5-4fa4-a97d-d965ccfc6d4b" outcome="Passed" testListId="8c84fa94-04c1-424b-9868-57a2d4851a1d" relativeResultsDirectory="cb32f472-05b3-4e96-8306-a55411e67b97" />
    <UnitTestResult executionId="ff478224-67be-4ed2-9a30-296df52bb078" testId="f8fed124-5949-da98-15a4-9b82c6c49818" testName="TestConstructor_ParsingWcfObjectWithNull_ArgumentNullException" computerName="DKSR-EFI-06" duration="00:00:00.0013161" startTime="2024-01-09T15:43:10.1697282+01:00" endTime="2024-01-09T15:43:10.1697282+01:00" testType="13cdc9d9-ddb5-4fa4-a97d-d965ccfc6d4b" outcome="Passed" testListId="8c84fa94-04c1-424b-9868-57a2d4851a1d" relativeResultsDirectory="ff478224-67be-4ed2-9a30-296df52bb078" />
    <UnitTestResult executionId="be4f2421-435e-4514-8b3e-0de5d36e6fa8" testId="bbc0d264-8ce0-2864-98f6-f8803cb7a31f" testName="TestAuditLog_AuditLogLayerAdded_Success" computerName="DKSR-EFI-06" duration="00:00:00.0055695" startTime="2024-01-09T15:43:09.9822276+01:00" endTime="2024-01-09T15:43:09.9822276+01:00" testType="13cdc9d9-ddb5-4fa4-a97d-d965ccfc6d4b" outcome="Passed" testListId="8c84fa94-04c1-424b-9868-57a2d4851a1d" relativeResultsDirectory="be4f2421-435e-4514-8b3e-0de5d36e6fa8" />
    <UnitTestResult executionId="b57622a0-71a7-427b-98cf-44d698a8bd57" testId="274c137f-2a4d-ebfe-99a3-10f166ce5eef" testName="TestPropertyNames_GettingPropertyNames_Success" computerName="DKSR-EFI-06" duration="00:00:00.0008421" startTime="2024-01-09T15:43:10.2166030+01:00" endTime="2024-01-09T15:43:10.2322277+01:00" testType="13cdc9d9-ddb5-4fa4-a97d-d965ccfc6d4b" outcome="Passed" testListId="8c84fa94-04c1-424b-9868-57a2d4851a1d" relativeResultsDirectory="b57622a0-71a7-427b-98cf-44d698a8bd57" />
    <UnitTestResult executionId="3547e61f-9a00-4dcc-9520-63914c952492" testId="2dcffbb8-8fa5-47a6-b32e-a51aa99ef28f" testName="TestUpdateProperties_UpdateAllProperties_Success" computerName="DKSR-EFI-06" duration="00:00:00.0007732" startTime="2024-01-09T15:43:10.3728529+01:00" endTime="2024-01-09T15:43:10.3728529+01:00" testType="13cdc9d9-ddb5-4fa4-a97d-d965ccfc6d4b" outcome="Passed" testListId="8c84fa94-04c1-424b-9868-57a2d4851a1d" relativeResultsDirectory="3547e61f-9a00-4dcc-9520-63914c952492" />
    <UnitTestResult executionId="3e6162c9-0a1e-46b0-ab0d-22098cd49142" testId="4f4538ec-4913-9bf7-26f1-4b9cf7115972" testName="TestWcfObject_ConvertToWcfObjectWithNullMapViewPoint_Success" computerName="DKSR-EFI-06" duration="00:00:00.0027898" startTime="2024-01-09T15:43:09.7478520+01:00" endTime="2024-01-09T15:43:09.7478520+01:00" testType="13cdc9d9-ddb5-4fa4-a97d-d965ccfc6d4b" outcome="Passed" testListId="8c84fa94-04c1-424b-9868-57a2d4851a1d" relativeResultsDirectory="3e6162c9-0a1e-46b0-ab0d-22098cd49142" />
  </Results>
  <TestDefinitions>
    <UnitTest name="Init_ExceptionWhenNoPositionalArea" storage="d:\actions-runner\_work\xpco\xpco\eventserver\server\components\central\gismap.unittest\bin\debug\net472\videoos.eventserver.gismap.unittest.dll" id="ee42f87e-76f9-dab0-c8e1-bdd1a6df38c5">
      <TestCategory>
        <TestCategoryItem TestCategory="GisMapServices" />
      </TestCategory>
      <Execution id="fa1e7cfa-6362-447f-a9f5-0477176402da" />
      <TestMethod codeBase="D:\actions-runner\_work\XPCO\XPCO\EventServer\Server\Components\Central\GisMap.UnitTest\bin\Debug\net472\VideoOS.EventServer.GisMap.UnitTest.dll" adapterTypeName="executor://mstestadapter/v2" className="VideoOS.EventServer.GisMap.UnitTest.Services.Clustering.ItemClusteringServiceTest" name="Init_ExceptionWhenNoPositionalArea" />
    </UnitTest>
    <UnitTest name="TestConstructor_ParsingWcfObjectWithNull_ArgumentNullException" storage="d:\actions-runner\_work\xpco\xpco\eventserver\server\components\central\gismap.unittest\bin\debug\net472\videoos.eventserver.gismap.unittest.dll" id="ded4c552-7c82-c874-2cd1-b418656e588e">
      <TestCategory>
        <TestCategoryItem TestCategory="BusinessObjects" />
      </TestCategory>
      <Execution id="f2b194d0-b52b-4de2-9b54-0dfbc5dc5b61" />
      <TestMethod codeBase="D:\actions-runner\_work\XPCO\XPCO\EventServer\Server\Components\Central\GisMap.UnitTest\bin\Debug\net472\VideoOS.EventServer.GisMap.UnitTest.dll" adapterTypeName="executor://mstestadapter/v2" className="VideoOS.EventServer.GisMap.UnitTest.BusinessObjects.Layers.CameraLayerTest" name="TestConstructor_ParsingWcfObjectWithNull_ArgumentNullException" />
    </UnitTest>
    <UnitTest name="TestAuditLog_AuditLogLegacyLinkWithEmptyTargetMapId_Success" storage="d:\actions-runner\_work\xpco\xpco\eventserver\server\components\central\gismap.unittest\bin\debug\net472\videoos.eventserver.gismap.unittest.dll" id="a69e04e0-8d31-9c0a-776d-0b72ee598d47">
      <TestCategory>
        <TestCategoryItem TestCategory="BusinessObjects" />
      </TestCategory>
      <Execution id="8e82c814-b811-46cd-9b37-d4c6b5be475e" />
      <TestMethod codeBase="D:\actions-runner\_work\XPCO\XPCO\EventServer\Server\Components\Central\GisMap.UnitTest\bin\Debug\net472\VideoOS.EventServer.GisMap.UnitTest.dll" adapterTypeName="executor://mstestadapter/v2" className="VideoOS.EventServer.GisMap.UnitTest.BusinessObjects.Items.LegacyLinkItemTest" name="TestAuditLog_AuditLogLegacyLinkWithEmptyTargetMapId_Success" />
    </UnitTest>
    <UnitTest name="TestConstructor_ParsingWcfObjectWithoutTransformInfo_Success" storage="d:\actions-runner\_work\xpco\xpco\eventserver\server\components\central\gismap.unittest\bin\debug\net472\videoos.eventserver.gismap.unittest.dll" id="73345e39-00a8-d1d5-a37b-794338aedef0">
      <TestCategory>
        <TestCategoryItem TestCategory="BusinessObjects" />
      </TestCategory>
      <Execution id="9d8e97bd-7358-4c70-a69b-4f8659152666" />
      <TestMethod codeBase="D:\actions-runner\_work\XPCO\XPCO\EventServer\Server\Components\Central\GisMap.UnitTest\bin\Debug\net472\VideoOS.EventServer.GisMap.UnitTest.dll" adapterTypeName="executor://mstestadapter/v2" className="VideoOS.EventServer.GisMap.UnitTest.BusinessObjects.Layers.CADLayerTest" name="TestConstructor_ParsingWcfObjectWithoutTransformInfo_Success" />
    </UnitTest>
    <UnitTest name="TestPropertyNames_GettingPropertyNames_Success" storage="d:\actions-runner\_work\xpco\xpco\eventserver\server\components\central\gismap.unittest\bin\debug\net472\videoos.eventserver.gismap.unittest.dll" id="da0185d2-8ac7-fc8e-ec2a-ef10f8179250">
      <TestCategory>
        <TestCategoryItem TestCategory="BusinessObjects" />
      </TestCategory>
      <Execution id="d6340685-5252-4e3d-8b9d-7f50c895884b" />
      <TestMethod codeBase="D:\actions-runner\_work\XPCO\XPCO\EventServer\Server\Components\Central\GisMap.UnitTest\bin\Debug\net472\VideoOS.EventServer.GisMap.UnitTest.dll" adapterTypeName="executor://mstestadapter/v2" className="VideoOS.EventServer.GisMap.UnitTest.BusinessObjects.Items.LegacyLinkItemTest" name="TestPropertyNames_GettingPropertyNames_Success" />
    </UnitTest>
    <UnitTest name="TestProperties_GetProperties_Success" storage="d:\actions-runner\_work\xpco\xpco\eventserver\server\components\central\gismap.unittest\bin\debug\net472\videoos.eventserver.gismap.unittest.dll" id="bfd4fe82-f2d9-d173-cede-18fa0c3510b9">
      <TestCategory>
        <TestCategoryItem TestCategory="BusinessObjects" />
      </TestCategory>
      <Execution id="d146252d-b19d-4cae-92b3-53b8ff27b4d5" />
      <TestMethod codeBase="D:\actions-runner\_work\XPCO\XPCO\EventServer\Server\Components\Central\GisMap.UnitTest\bin\Debug\net472\VideoOS.EventServer.GisMap.UnitTest.dll" adapterTypeName="executor://mstestadapter/v2" className="VideoOS.EventServer.GisMap.UnitTest.BusinessObjects.Layers.MicrophoneLayerTest" name="TestProperties_GetProperties_Success" />
    </UnitTest>
    <UnitTest name="TestConstructor_ParsingWcfObjectWithNullPosition_Success" storage="d:\actions-runner\_work\xpco\xpco\eventserver\server\components\central\gismap.unittest\bin\debug\net472\videoos.eventserver.gismap.unittest.dll" id="0d3fa6f1-907f-8319-f20a-9dc83eb7dd3f">
      <TestCategory>
        <TestCategoryItem TestCategory="BusinessObjects" />
      </TestCategory>
      <Execution id="776e3f90-9176-46fb-91b5-1bdf5197d204" />
      <TestMethod codeBase="D:\actions-runner\_work\XPCO\XPCO\EventServer\Server\Components\Central\GisMap.UnitTest\bin\Debug\net472\VideoOS.EventServer.GisMap.UnitTest.dll" adapterTypeName="executor://mstestadapter/v2" className="VideoOS.EventServer.GisMap.UnitTest.BusinessObjects.Items.LegacyLinkItemTest" name="TestConstructor_ParsingWcfObjectWithNullPosition_Success" />
    </UnitTest>
    <UnitTest name="GetClusters_EmptyResultWhenKindUnknown" storage="d:\actions-runner\_work\xpco\xpco\eventserver\server\components\central\gismap.unittest\bin\debug\net472\videoos.eventserver.gismap.unittest.dll" id="5ceb6db9-46b0-6675-2a85-42305df4f4fe">
      <TestCategory>
        <TestCategoryItem TestCategory="GisMapServices" />
      </TestCategory>
      <Execution id="4d42d372-dec3-457a-b0dc-835d4ec088c7" />
      <TestMethod codeBase="D:\actions-runner\_work\XPCO\XPCO\EventServer\Server\Components\Central\GisMap.UnitTest\bin\Debug\net472\VideoOS.EventServer.GisMap.UnitTest.dll" adapterTypeName="executor://mstestadapter/v2" className="VideoOS.EventServer.GisMap.UnitTest.Services.Clustering.ItemClusteringServiceTest" name="GetClusters_EmptyResultWhenKindUnknown" />
    </UnitTest>
    <UnitTest name="TestAuditLog_AuditLogBuildingChanged_Success" storage="d:\actions-runner\_work\xpco\xpco\eventserver\server\components\central\gismap.unittest\bin\debug\net472\videoos.eventserver.gismap.unittest.dll" id="644b08c7-1295-9b8c-bbb9-4b4fbedfbd93">
      <TestCategory>
        <TestCategoryItem TestCategory="BusinessObjects" />
      </TestCategory>
      <Execution id="4a0011e5-d21b-472c-9e3e-a2caeac166e9" />
      <TestMethod codeBase="D:\actions-runner\_work\XPCO\XPCO\EventServer\Server\Components\Central\GisMap.UnitTest\bin\Debug\net472\VideoOS.EventServer.GisMap.UnitTest.dll" adapterTypeName="executor://mstestadapter/v2" className="VideoOS.EventServer.GisMap.UnitTest.BusinessObjects.Buildings.BuildingTest" name="TestAuditLog_AuditLogBuildingChanged_Success" />
    </UnitTest>
    <UnitTest name="TestProperties_GetProperties_Success" storage="d:\actions-runner\_work\xpco\xpco\eventserver\server\components\central\gismap.unittest\bin\debug\net472\videoos.eventserver.gismap.unittest.dll" id="83b4ca69-9612-d0a8-ed16-13285ba555a1">
      <TestCategory>
        <TestCategoryItem TestCategory="BusinessObjects" />
      </TestCategory>
      <Execution id="7a5de48b-bc75-41e4-b76a-02c074cbdbbe" />
      <TestMethod codeBase="D:\actions-runner\_work\XPCO\XPCO\EventServer\Server\Components\Central\GisMap.UnitTest\bin\Debug\net472\VideoOS.EventServer.GisMap.UnitTest.dll" adapterTypeName="executor://mstestadapter/v2" className="VideoOS.EventServer.GisMap.UnitTest.BusinessObjects.TransformInfoTest" name="TestProperties_GetProperties_Success" />
    </UnitTest>
    <UnitTest name="TestProperties_GetPropertiesFromWcfObject_Success" storage="d:\actions-runner\_work\xpco\xpco\eventserver\server\components\central\gismap.unittest\bin\debug\net472\videoos.eventserver.gismap.unittest.dll" id="c943880c-92b5-0eac-bae2-657d33d02b76">
      <TestCategory>
        <TestCategoryItem TestCategory="BusinessObjects" />
      </TestCategory>
      <Execution id="6e409c97-359b-459b-9c25-89083dfb02b0" />
      <TestMethod codeBase="D:\actions-runner\_work\XPCO\XPCO\EventServer\Server\Components\Central\GisMap.UnitTest\bin\Debug\net472\VideoOS.EventServer.GisMap.UnitTest.dll" adapterTypeName="executor://mstestadapter/v2" className="VideoOS.EventServer.GisMap.UnitTest.BusinessObjects.Items.LegacyLinkItemTest" name="TestProperties_GetPropertiesFromWcfObject_Success" />
    </UnitTest>
    <UnitTest name="TestConstructor_ParsingWcfObjectWithoutExtent_Success" storage="d:\actions-runner\_work\xpco\xpco\eventserver\server\components\central\gismap.unittest\bin\debug\net472\videoos.eventserver.gismap.unittest.dll" id="573ccc51-de6a-4489-8685-b9e8d56f7af4">
      <TestCategory>
        <TestCategoryItem TestCategory="BusinessObjects" />
      </TestCategory>
      <Execution id="8db66822-129f-4ef8-9615-9d1ac05c8c75" />
      <TestMethod codeBase="D:\actions-runner\_work\XPCO\XPCO\EventServer\Server\Components\Central\GisMap.UnitTest\bin\Debug\net472\VideoOS.EventServer.GisMap.UnitTest.dll" adapterTypeName="executor://mstestadapter/v2" className="VideoOS.EventServer.GisMap.UnitTest.BusinessObjects.Layers.MicrophoneLayerTest" name="TestConstructor_ParsingWcfObjectWithoutExtent_Success" />
    </UnitTest>
    <UnitTest name="ExcludeItems_Init3Items_Exclude1" storage="d:\actions-runner\_work\xpco\xpco\eventserver\server\components\central\gismap.unittest\bin\debug\net472\videoos.eventserver.gismap.unittest.dll" id="b7cf3514-530d-1e86-1272-e0c2103bf312">
      <TestCategory>
        <TestCategoryItem TestCategory="BusinessObjects" />
      </TestCategory>
      <Execution id="3dd1aa60-7324-4f50-a68a-c847941cb8af" />
      <TestMethod codeBase="D:\actions-runner\_work\XPCO\XPCO\EventServer\Server\Components\Central\GisMap.UnitTest\bin\Debug\net472\VideoOS.EventServer.GisMap.UnitTest.dll" adapterTypeName="executor://mstestadapter/v2" className="VideoOS.EventServer.GisMap.UnitTest.BusinessObjects.Indexer.MapItemIndexerTest" name="ExcludeItems_Init3Items_Exclude1" />
    </UnitTest>
    <UnitTest name="TestAuditLog_AuditLogLegacyLinkValidMapAdded_Success" storage="d:\actions-runner\_work\xpco\xpco\eventserver\server\components\central\gismap.unittest\bin\debug\net472\videoos.eventserver.gismap.unittest.dll" id="a5eb2fee-b9b1-5717-6228-97f4dd42bf1c">
      <TestCategory>
        <TestCategoryItem TestCategory="BusinessObjects" />
      </TestCategory>
      <Execution id="2eda274f-c6b3-4e0a-bf51-f9cbf0bdf90d" />
      <TestMethod codeBase="D:\actions-runner\_work\XPCO\XPCO\EventServer\Server\Components\Central\GisMap.UnitTest\bin\Debug\net472\VideoOS.EventServer.GisMap.UnitTest.dll" adapterTypeName="executor://mstestadapter/v2" className="VideoOS.EventServer.GisMap.UnitTest.BusinessObjects.Items.LegacyLinkItemTest" name="TestAuditLog_AuditLogLegacyLinkValidMapAdded_Success" />
    </UnitTest>
    <UnitTest name="TestConstructor_ParsingWcfObjectWithoutExtent_Success" storage="d:\actions-runner\_work\xpco\xpco\eventserver\server\components\central\gismap.unittest\bin\debug\net472\videoos.eventserver.gismap.unittest.dll" id="9e8f8325-02f5-40d6-c526-347e0cfbaf29">
      <TestCategory>
        <TestCategoryItem TestCategory="BusinessObjects" />
      </TestCategory>
      <Execution id="fa3c0c71-eac3-4962-89d6-7ec1a5ed144e" />
      <TestMethod codeBase="D:\actions-runner\_work\XPCO\XPCO\EventServer\Server\Components\Central\GisMap.UnitTest\bin\Debug\net472\VideoOS.EventServer.GisMap.UnitTest.dll" adapterTypeName="executor://mstestadapter/v2" className="VideoOS.EventServer.GisMap.UnitTest.BusinessObjects.Layers.LocationLayerTest" name="TestConstructor_ParsingWcfObjectWithoutExtent_Success" />
    </UnitTest>
    <UnitTest name="TestAuditLog_AuditLogLayerChanged_Success" storage="d:\actions-runner\_work\xpco\xpco\eventserver\server\components\central\gismap.unittest\bin\debug\net472\videoos.eventserver.gismap.unittest.dll" id="16372458-88c2-55a4-d00e-c4dab41c676a">
      <TestCategory>
        <TestCategoryItem TestCategory="BusinessObjects" />
      </TestCategory>
      <Execution id="eb866481-e73c-42ee-aa66-e6a81fc45c42" />
      <TestMethod codeBase="D:\actions-runner\_work\XPCO\XPCO\EventServer\Server\Components\Central\GisMap.UnitTest\bin\Debug\net472\VideoOS.EventServer.GisMap.UnitTest.dll" adapterTypeName="executor://mstestadapter/v2" className="VideoOS.EventServer.GisMap.UnitTest.BusinessObjects.Layers.ShapeFileLayerTest" name="TestAuditLog_AuditLogLayerChanged_Success" />
    </UnitTest>
    <UnitTest name="TestAuditLog_AuditLogWithNullItemAuditParameters_Failure" storage="d:\actions-runner\_work\xpco\xpco\eventserver\server\components\central\gismap.unittest\bin\debug\net472\videoos.eventserver.gismap.unittest.dll" id="37128e0d-32e5-a3ed-d148-3436bf935bb1">
      <TestCategory>
        <TestCategoryItem TestCategory="BusinessObjects" />
      </TestCategory>
      <Execution id="3e7f8b7e-cc36-4c24-b0b7-dbe60aebad2c" />
      <TestMethod codeBase="D:\actions-runner\_work\XPCO\XPCO\EventServer\Server\Components\Central\GisMap.UnitTest\bin\Debug\net472\VideoOS.EventServer.GisMap.UnitTest.dll" adapterTypeName="executor://mstestadapter/v2" className="VideoOS.EventServer.GisMap.UnitTest.BusinessObjects.Items.LegacyLinkItemTest" name="TestAuditLog_AuditLogWithNullItemAuditParameters_Failure" />
    </UnitTest>
    <UnitTest name="TestConstructor_Success" storage="d:\actions-runner\_work\xpco\xpco\eventserver\server\components\central\gismap.unittest\bin\debug\net472\videoos.eventserver.gismap.unittest.dll" id="bcd74528-5b0b-127d-c9ab-7e254f110932">
      <TestCategory>
        <TestCategoryItem TestCategory="BusinessObjects" />
      </TestCategory>
      <Execution id="2318825c-5f22-49d7-b375-3e028a29d7be" />
      <TestMethod codeBase="D:\actions-runner\_work\XPCO\XPCO\EventServer\Server\Components\Central\GisMap.UnitTest\bin\Debug\net472\VideoOS.EventServer.GisMap.UnitTest.dll" adapterTypeName="executor://mstestadapter/v2" className="VideoOS.EventServer.GisMap.UnitTest.BusinessObjects.Buildings.LevelTest" name="TestConstructor_Success" />
    </UnitTest>
    <UnitTest name="GetClusters_StrategyCalledWithIndividualItemsOnlyFalse_WhenScaleIsMoreThanMinimum" storage="d:\actions-runner\_work\xpco\xpco\eventserver\server\components\central\gismap.unittest\bin\debug\net472\videoos.eventserver.gismap.unittest.dll" id="5cc34387-ceda-5527-6996-7e8b322a8655">
      <TestCategory>
        <TestCategoryItem TestCategory="BusinessObjects" />
      </TestCategory>
      <Execution id="a51638ca-0e5f-4c59-b490-2937eef55d60" />
      <TestMethod codeBase="D:\actions-runner\_work\XPCO\XPCO\EventServer\Server\Components\Central\GisMap.UnitTest\bin\Debug\net472\VideoOS.EventServer.GisMap.UnitTest.dll" adapterTypeName="executor://mstestadapter/v2" className="VideoOS.EventServer.GisMap.UnitTest.BusinessObjects.Indexer.MapItemIndexerTest" name="GetClusters_StrategyCalledWithIndividualItemsOnlyFalse_WhenScaleIsMoreThanMinimum" />
    </UnitTest>
    <UnitTest name="TestAuditLog_AuditLogLegacyLinkWithValidMapRemoved_Success" storage="d:\actions-runner\_work\xpco\xpco\eventserver\server\components\central\gismap.unittest\bin\debug\net472\videoos.eventserver.gismap.unittest.dll" id="3b988a63-fef4-339e-a743-51559db35a54">
      <TestCategory>
        <TestCategoryItem TestCategory="BusinessObjects" />
      </TestCategory>
      <Execution id="c9ad6bda-64a9-4ce7-92ef-4b312a71eee6" />
      <TestMethod codeBase="D:\actions-runner\_work\XPCO\XPCO\EventServer\Server\Components\Central\GisMap.UnitTest\bin\Debug\net472\VideoOS.EventServer.GisMap.UnitTest.dll" adapterTypeName="executor://mstestadapter/v2" className="VideoOS.EventServer.GisMap.UnitTest.BusinessObjects.Items.LegacyLinkItemTest" name="TestAuditLog_AuditLogLegacyLinkWithValidMapRemoved_Success" />
    </UnitTest>
    <UnitTest name="TestPropertyNames_GettingPropertyNames_Success" storage="d:\actions-runner\_work\xpco\xpco\eventserver\server\components\central\gismap.unittest\bin\debug\net472\videoos.eventserver.gismap.unittest.dll" id="4b5596be-07db-8d75-a5c8-92c98ec20ff1">
      <TestCategory>
        <TestCategoryItem TestCategory="BusinessObjects" />
      </TestCategory>
      <Execution id="3230cee6-9cb1-4562-9d17-905df1ecabbe" />
      <TestMethod codeBase="D:\actions-runner\_work\XPCO\XPCO\EventServer\Server\Components\Central\GisMap.UnitTest\bin\Debug\net472\VideoOS.EventServer.GisMap.UnitTest.dll" adapterTypeName="executor://mstestadapter/v2" className="VideoOS.EventServer.GisMap.UnitTest.BusinessObjects.Layers.BuildingLayerTest" name="TestPropertyNames_GettingPropertyNames_Success" />
    </UnitTest>
    <UnitTest name="TestAddBuilding_NullOutline_Failure" storage="d:\actions-runner\_work\xpco\xpco\eventserver\server\components\central\gismap.unittest\bin\debug\net472\videoos.eventserver.gismap.unittest.dll" id="bbe434c3-32b3-7412-1e7a-cd1b98481aaf">
      <TestCategory>
        <TestCategoryItem TestCategory="DataComponent" />
      </TestCategory>
      <Execution id="0d945faf-ebfc-4180-aa6c-affb6abe4779" />
      <TestMethod codeBase="D:\actions-runner\_work\XPCO\XPCO\EventServer\Server\Components\Central\GisMap.UnitTest\bin\Debug\net472\VideoOS.EventServer.GisMap.UnitTest.dll" adapterTypeName="executor://mstestadapter/v2" className="VideoOS.EventServer.GisMap.UnitTest.DB.DataComponent.BuildingComponentTest" name="TestAddBuilding_NullOutline_Failure" />
    </UnitTest>
    <UnitTest name="TestWcfObject_GetWcfObject_Success" storage="d:\actions-runner\_work\xpco\xpco\eventserver\server\components\central\gismap.unittest\bin\debug\net472\videoos.eventserver.gismap.unittest.dll" id="e9b54d64-f76b-4059-7709-45a7f0e7e855">
      <TestCategory>
        <TestCategoryItem TestCategory="BusinessObjects" />
      </TestCategory>
      <Execution id="84a3f878-20cd-4c72-9857-227ac52b63c5" />
      <TestMethod codeBase="D:\actions-runner\_work\XPCO\XPCO\EventServer\Server\Components\Central\GisMap.UnitTest\bin\Debug\net472\VideoOS.EventServer.GisMap.UnitTest.dll" adapterTypeName="executor://mstestadapter/v2" className="VideoOS.EventServer.GisMap.UnitTest.BusinessObjects.Layers.MicrophoneLayerTest" name="TestWcfObject_GetWcfObject_Success" />
    </UnitTest>
    <UnitTest name="ConstructorFromData_InitializesFields" storage="d:\actions-runner\_work\xpco\xpco\eventserver\server\components\central\gismap.unittest\bin\debug\net472\videoos.eventserver.gismap.unittest.dll" id="df23d5d9-66a0-42bc-fea4-a9b6e4e25e75">
      <TestCategory>
        <TestCategoryItem TestCategory="BusinessObjects" />
      </TestCategory>
      <Execution id="8346e0ce-b138-4373-8848-4e93faf0906a" />
      <TestMethod codeBase="D:\actions-runner\_work\XPCO\XPCO\EventServer\Server\Components\Central\GisMap.UnitTest\bin\Debug\net472\VideoOS.EventServer.GisMap.UnitTest.dll" adapterTypeName="executor://mstestadapter/v2" className="VideoOS.EventServer.GisMap.UnitTest.BusinessObjects.Indexer.MapItemTest" name="ConstructorFromData_InitializesFields" />
    </UnitTest>
    <UnitTest name="OnLevelsAdded" storage="d:\actions-runner\_work\xpco\xpco\eventserver\server\components\central\gismap.unittest\bin\debug\net472\videoos.eventserver.gismap.unittest.dll" id="1a5ed80b-31fa-9edf-9977-d986cb1e8e1d">
      <TestCategory>
        <TestCategoryItem TestCategory="GisMapServices" />
      </TestCategory>
      <Execution id="b99c0490-0d5b-4cef-86ba-c0a4e661900d" />
      <TestMethod codeBase="D:\actions-runner\_work\XPCO\XPCO\EventServer\Server\Components\Central\GisMap.UnitTest\bin\Debug\net472\VideoOS.EventServer.GisMap.UnitTest.dll" adapterTypeName="executor://mstestadapter/v2" className="VideoOS.EventServer.GisMap.UnitTest.Services.Events.EventBusTest" name="OnLevelsAdded" />
    </UnitTest>
    <UnitTest name="TestAuditLog_NullLevelAuditParameters_Failure" storage="d:\actions-runner\_work\xpco\xpco\eventserver\server\components\central\gismap.unittest\bin\debug\net472\videoos.eventserver.gismap.unittest.dll" id="34d2567d-7bf6-dea3-25f7-4ceefb27ffbc">
      <TestCategory>
        <TestCategoryItem TestCategory="BusinessObjects" />
      </TestCategory>
      <Execution id="a049f252-ac51-4d85-819a-8a9a5288428d" />
      <TestMethod codeBase="D:\actions-runner\_work\XPCO\XPCO\EventServer\Server\Components\Central\GisMap.UnitTest\bin\Debug\net472\VideoOS.EventServer.GisMap.UnitTest.dll" adapterTypeName="executor://mstestadapter/v2" className="VideoOS.EventServer.GisMap.UnitTest.BusinessObjects.Buildings.LevelTest" name="TestAuditLog_NullLevelAuditParameters_Failure" />
    </UnitTest>
    <UnitTest name="TestPropertyNames_GettingPropertyNames_Success" storage="d:\actions-runner\_work\xpco\xpco\eventserver\server\components\central\gismap.unittest\bin\debug\net472\videoos.eventserver.gismap.unittest.dll" id="e355f905-ea73-21e7-9afa-7777ac3e2710">
      <TestCategory>
        <TestCategoryItem TestCategory="BusinessObjects" />
      </TestCategory>
      <Execution id="ef13d612-b046-48a1-bb4a-8596d4e3f969" />
      <TestMethod codeBase="D:\actions-runner\_work\XPCO\XPCO\EventServer\Server\Components\Central\GisMap.UnitTest\bin\Debug\net472\VideoOS.EventServer.GisMap.UnitTest.dll" adapterTypeName="executor://mstestadapter/v2" className="VideoOS.EventServer.GisMap.UnitTest.BusinessObjects.Layers.InputLayerTest" name="TestPropertyNames_GettingPropertyNames_Success" />
    </UnitTest>
    <UnitTest name="TestConstructor_ParsingWcfObjectWithoutExtent_Success" storage="d:\actions-runner\_work\xpco\xpco\eventserver\server\components\central\gismap.unittest\bin\debug\net472\videoos.eventserver.gismap.unittest.dll" id="9402c974-f17c-f131-5a68-cca76bafe09d">
      <TestCategory>
        <TestCategoryItem TestCategory="BusinessObjects" />
      </TestCategory>
      <Execution id="5146c696-c29b-48cd-8a24-912ca8efd5db" />
      <TestMethod codeBase="D:\actions-runner\_work\XPCO\XPCO\EventServer\Server\Components\Central\GisMap.UnitTest\bin\Debug\net472\VideoOS.EventServer.GisMap.UnitTest.dll" adapterTypeName="executor://mstestadapter/v2" className="VideoOS.EventServer.GisMap.UnitTest.BusinessObjects.Layers.BingMapLayerTest" name="TestConstructor_ParsingWcfObjectWithoutExtent_Success" />
    </UnitTest>
    <UnitTest name="TestProperties_GetPropertiesFromWcfObject_Success" storage="d:\actions-runner\_work\xpco\xpco\eventserver\server\components\central\gismap.unittest\bin\debug\net472\videoos.eventserver.gismap.unittest.dll" id="70223117-1028-488e-1109-b9f75188c95f">
      <TestCategory>
        <TestCategoryItem TestCategory="BusinessObjects" />
      </TestCategory>
      <Execution id="2503e13c-5386-419b-bfdd-b5e78066b53f" />
      <TestMethod codeBase="D:\actions-runner\_work\XPCO\XPCO\EventServer\Server\Components\Central\GisMap.UnitTest\bin\Debug\net472\VideoOS.EventServer.GisMap.UnitTest.dll" adapterTypeName="executor://mstestadapter/v2" className="VideoOS.EventServer.GisMap.UnitTest.BusinessObjects.MapViewPointTest" name="TestProperties_GetPropertiesFromWcfObject_Success" />
    </UnitTest>
    <UnitTest name="TestAddLayer_NotAutoAssign_Success" storage="d:\actions-runner\_work\xpco\xpco\eventserver\server\components\central\gismap.unittest\bin\debug\net472\videoos.eventserver.gismap.unittest.dll" id="8194709e-7083-fd62-5a37-46cd930544c2">
      <TestCategory>
        <TestCategoryItem TestCategory="DataComponent" />
      </TestCategory>
      <Execution id="949f7551-95cd-4aa9-934d-51308ecf1818" />
      <TestMethod codeBase="D:\actions-runner\_work\XPCO\XPCO\EventServer\Server\Components\Central\GisMap.UnitTest\bin\Debug\net472\VideoOS.EventServer.GisMap.UnitTest.dll" adapterTypeName="executor://mstestadapter/v2" className="VideoOS.EventServer.GisMap.UnitTest.DB.DataComponent.LayerComponentTest" name="TestAddLayer_NotAutoAssign_Success" />
    </UnitTest>
    <UnitTest name="TestConstructor_ParsingWcfObjectWithNull_ArgumentNullException" storage="d:\actions-runner\_work\xpco\xpco\eventserver\server\components\central\gismap.unittest\bin\debug\net472\videoos.eventserver.gismap.unittest.dll" id="f8fed124-5949-da98-15a4-9b82c6c49818">
      <TestCategory>
        <TestCategoryItem TestCategory="BusinessObjects" />
      </TestCategory>
      <Execution id="ff478224-67be-4ed2-9a30-296df52bb078" />
      <TestMethod codeBase="D:\actions-runner\_work\XPCO\XPCO\EventServer\Server\Components\Central\GisMap.UnitTest\bin\Debug\net472\VideoOS.EventServer.GisMap.UnitTest.dll" adapterTypeName="executor://mstestadapter/v2" className="VideoOS.EventServer.GisMap.UnitTest.BusinessObjects.Layers.InputLayerTest" name="TestConstructor_ParsingWcfObjectWithNull_ArgumentNullException" />
    </UnitTest>
    <UnitTest name="GetClusters_PassesMinimumScaleToClusterToIndexer" storage="d:\actions-runner\_work\xpco\xpco\eventserver\server\components\central\gismap.unittest\bin\debug\net472\videoos.eventserver.gismap.unittest.dll" id="53f8fdc8-702b-5ac8-9e59-2a1d5c6a6117">
      <TestCategory>
        <TestCategoryItem TestCategory="GisMapServices" />
      </TestCategory>
      <Execution id="6bfce62c-796f-47a2-9682-99f907a09215" />
      <TestMethod codeBase="D:\actions-runner\_work\XPCO\XPCO\EventServer\Server\Components\Central\GisMap.UnitTest\bin\Debug\net472\VideoOS.EventServer.GisMap.UnitTest.dll" adapterTypeName="executor://mstestadapter/v2" className="VideoOS.EventServer.GisMap.UnitTest.Services.Clustering.ItemClusteringServiceTest" name="GetClusters_PassesMinimumScaleToClusterToIndexer" />
    </UnitTest>
    <UnitTest name="TestUpdateBuilding_BuildingNotFound_Failure" storage="d:\actions-runner\_work\xpco\xpco\eventserver\server\components\central\gismap.unittest\bin\debug\net472\videoos.eventserver.gismap.unittest.dll" id="49f414c6-759e-10c7-56c6-a3de5733e99b">
      <TestCategory>
        <TestCategoryItem TestCategory="DataComponent" />
      </TestCategory>
      <Execution id="8471f740-4aec-4a03-a83d-7f8eb6e78f6b" />
      <TestMethod codeBase="D:\actions-runner\_work\XPCO\XPCO\EventServer\Server\Components\Central\GisMap.UnitTest\bin\Debug\net472\VideoOS.EventServer.GisMap.UnitTest.dll" adapterTypeName="executor://mstestadapter/v2" className="VideoOS.EventServer.GisMap.UnitTest.DB.DataComponent.BuildingComponentTest" name="TestUpdateBuilding_BuildingNotFound_Failure" />
    </UnitTest>
    <UnitTest name="Test_DeleteLevels_ArgumentException_Failure" storage="d:\actions-runner\_work\xpco\xpco\eventserver\server\components\central\gismap.unittest\bin\debug\net472\videoos.eventserver.gismap.unittest.dll" id="5cbe2fb0-0e31-b162-2ddc-c583c1192cd1">
      <TestCategory>
        <TestCategoryItem TestCategory="DataComponent" />
      </TestCategory>
      <Execution id="9b8e0ff2-909b-4a12-baeb-903c601e7830" />
      <TestMethod codeBase="D:\actions-runner\_work\XPCO\XPCO\EventServer\Server\Components\Central\GisMap.UnitTest\bin\Debug\net472\VideoOS.EventServer.GisMap.UnitTest.dll" adapterTypeName="executor://mstestadapter/v2" className="VideoOS.EventServer.GisMap.UnitTest.DB.DataComponent.BuildingComponent_LevelTest" name="Test_DeleteLevels_ArgumentException_Failure" />
    </UnitTest>
    <UnitTest name="TestConstructor_ParsingWcfObject_Success" storage="d:\actions-runner\_work\xpco\xpco\eventserver\server\components\central\gismap.unittest\bin\debug\net472\videoos.eventserver.gismap.unittest.dll" id="9a622f3d-bf69-0522-d0f1-bc7afea2cbf7">
      <TestCategory>
        <TestCategoryItem TestCategory="BusinessObjects" />
      </TestCategory>
      <Execution id="84bddd06-2db8-4e84-8a9e-76df3d3ba3de" />
      <TestMethod codeBase="D:\actions-runner\_work\XPCO\XPCO\EventServer\Server\Components\Central\GisMap.UnitTest\bin\Debug\net472\VideoOS.EventServer.GisMap.UnitTest.dll" adapterTypeName="executor://mstestadapter/v2" className="VideoOS.EventServer.GisMap.UnitTest.BusinessObjects.Layers.CADLayerTest" name="TestConstructor_ParsingWcfObject_Success" />
    </UnitTest>
    <UnitTest name="TestConstructor" storage="d:\actions-runner\_work\xpco\xpco\eventserver\server\components\central\gismap.unittest\bin\debug\net472\videoos.eventserver.gismap.unittest.dll" id="826f9014-332f-610b-e2c7-728e9ec50cd4">
      <TestCategory>
        <TestCategoryItem TestCategory="DataComponent" />
      </TestCategory>
      <Execution id="fa1a4805-5170-4894-b0f3-dd92657a9c31" />
      <TestMethod codeBase="D:\actions-runner\_work\XPCO\XPCO\EventServer\Server\Components\Central\GisMap.UnitTest\bin\Debug\net472\VideoOS.EventServer.GisMap.UnitTest.dll" adapterTypeName="executor://mstestadapter/v2" className="VideoOS.EventServer.GisMap.UnitTest.DB.DataComponent.LayerComponentTest" name="TestConstructor" />
    </UnitTest>
    <UnitTest name="TestAuditLog_AuditLogLegacyLinkToChildServerRemoved_Success" storage="d:\actions-runner\_work\xpco\xpco\eventserver\server\components\central\gismap.unittest\bin\debug\net472\videoos.eventserver.gismap.unittest.dll" id="75bfc7ef-894d-f70f-7e3b-b822c5e6249f">
      <TestCategory>
        <TestCategoryItem TestCategory="BusinessObjects" />
      </TestCategory>
      <Execution id="07132c71-749e-4790-a0a2-57329a848f30" />
      <TestMethod codeBase="D:\actions-runner\_work\XPCO\XPCO\EventServer\Server\Components\Central\GisMap.UnitTest\bin\Debug\net472\VideoOS.EventServer.GisMap.UnitTest.dll" adapterTypeName="executor://mstestadapter/v2" className="VideoOS.EventServer.GisMap.UnitTest.BusinessObjects.Items.LegacyLinkItemTest" name="TestAuditLog_AuditLogLegacyLinkToChildServerRemoved_Success" />
    </UnitTest>
    <UnitTest name="TestConstructor_ParsingWcfObject_Success" storage="d:\actions-runner\_work\xpco\xpco\eventserver\server\components\central\gismap.unittest\bin\debug\net472\videoos.eventserver.gismap.unittest.dll" id="d34706a4-7950-d591-a268-b776543bf69d">
      <TestCategory>
        <TestCategoryItem TestCategory="BusinessObjects" />
      </TestCategory>
      <Execution id="f16d4f2b-8b19-459f-b411-f47b532a5909" />
      <TestMethod codeBase="D:\actions-runner\_work\XPCO\XPCO\EventServer\Server\Components\Central\GisMap.UnitTest\bin\Debug\net472\VideoOS.EventServer.GisMap.UnitTest.dll" adapterTypeName="executor://mstestadapter/v2" className="VideoOS.EventServer.GisMap.UnitTest.BusinessObjects.Maps.MapTest" name="TestConstructor_ParsingWcfObject_Success" />
    </UnitTest>
    <UnitTest name="TestUpdateLevels_Success" storage="d:\actions-runner\_work\xpco\xpco\eventserver\server\components\central\gismap.unittest\bin\debug\net472\videoos.eventserver.gismap.unittest.dll" id="58fe92ec-7d5a-1c37-d4fb-7aafadcf26fa">
      <TestCategory>
        <TestCategoryItem TestCategory="DataComponent" />
      </TestCategory>
      <Execution id="c0501e22-cbca-4fa2-9bb2-cfff3b7ef758" />
      <TestMethod codeBase="D:\actions-runner\_work\XPCO\XPCO\EventServer\Server\Components\Central\GisMap.UnitTest\bin\Debug\net472\VideoOS.EventServer.GisMap.UnitTest.dll" adapterTypeName="executor://mstestadapter/v2" className="VideoOS.EventServer.GisMap.UnitTest.DB.DataComponent.BuildingComponent_LevelTest" name="TestUpdateLevels_Success" />
    </UnitTest>
    <UnitTest name="TestPropertyNames_GettingPropertyNames_Success" storage="d:\actions-runner\_work\xpco\xpco\eventserver\server\components\central\gismap.unittest\bin\debug\net472\videoos.eventserver.gismap.unittest.dll" id="a8ee5df4-e99a-0461-e037-d49becc39127">
      <TestCategory>
        <TestCategoryItem TestCategory="BusinessObjects" />
      </TestCategory>
      <Execution id="ace98231-8f26-4079-8974-7b137eb6719b" />
      <TestMethod codeBase="D:\actions-runner\_work\XPCO\XPCO\EventServer\Server\Components\Central\GisMap.UnitTest\bin\Debug\net472\VideoOS.EventServer.GisMap.UnitTest.dll" adapterTypeName="executor://mstestadapter/v2" className="VideoOS.EventServer.GisMap.UnitTest.BusinessObjects.Items.LocationItemTest" name="TestPropertyNames_GettingPropertyNames_Success" />
    </UnitTest>
    <UnitTest name="TestUpdateProperties_UpdateAllProperties_Success" storage="d:\actions-runner\_work\xpco\xpco\eventserver\server\components\central\gismap.unittest\bin\debug\net472\videoos.eventserver.gismap.unittest.dll" id="43ca9d34-d402-7033-279f-b43f2b43ba62">
      <TestCategory>
        <TestCategoryItem TestCategory="BusinessObjects" />
      </TestCategory>
      <Execution id="fe313f8a-94b6-4ca1-b7db-526aa957b6c4" />
      <TestMethod codeBase="D:\actions-runner\_work\XPCO\XPCO\EventServer\Server\Components\Central\GisMap.UnitTest\bin\Debug\net472\VideoOS.EventServer.GisMap.UnitTest.dll" adapterTypeName="executor://mstestadapter/v2" className="VideoOS.EventServer.GisMap.UnitTest.BusinessObjects.Repositories.ShapeFileRepositoryTest" name="TestUpdateProperties_UpdateAllProperties_Success" />
    </UnitTest>
    <UnitTest name="BrowseLayer_Generic_CreateFromData_Success" storage="d:\actions-runner\_work\xpco\xpco\eventserver\server\components\central\gismap.unittest\bin\debug\net472\videoos.eventserver.gismap.unittest.dll" id="aaef23ea-7d4f-464a-f3c4-a3b6ae89c399">
      <Execution id="9fa5594d-1227-46ae-ab7a-b67048ee8fd2" />
      <TestMethod codeBase="D:\actions-runner\_work\XPCO\XPCO\EventServer\Server\Components\Central\GisMap.UnitTest\bin\Debug\net472\VideoOS.EventServer.GisMap.UnitTest.dll" adapterTypeName="executor://mstestadapter/v2" className="VideoOS.EventServer.GisMap.UnitTest.BusinessObjects.Layers.BrowseLayerTest" name="BrowseLayer_Generic_CreateFromData_Success" />
    </UnitTest>
    <UnitTest name="Constructor_BuildingSet" storage="d:\actions-runner\_work\xpco\xpco\eventserver\server\components\central\gismap.unittest\bin\debug\net472\videoos.eventserver.gismap.unittest.dll" id="dd73bd6b-a286-7dfa-e085-1f1796e3abf4">
      <TestCategory>
        <TestCategoryItem TestCategory="BusinessObjects" />
      </TestCategory>
      <Execution id="ddc0b1d6-c089-4d86-aa78-e1871d42dcd3" />
      <TestMethod codeBase="D:\actions-runner\_work\XPCO\XPCO\EventServer\Server\Components\Central\GisMap.UnitTest\bin\Debug\net472\VideoOS.EventServer.GisMap.UnitTest.dll" adapterTypeName="executor://mstestadapter/v2" className="VideoOS.EventServer.GisMap.UnitTest.BusinessObjects.Indexer.Buildings.BuildingIndexTest" name="Constructor_BuildingSet" />
    </UnitTest>
    <UnitTest name="TestUpdateBuildings_Success" storage="d:\actions-runner\_work\xpco\xpco\eventserver\server\components\central\gismap.unittest\bin\debug\net472\videoos.eventserver.gismap.unittest.dll" id="83921641-4a25-dc4d-d456-f6312452f936">
      <TestCategory>
        <TestCategoryItem TestCategory="DataComponent" />
      </TestCategory>
      <Execution id="c200e589-87f5-4f2d-a363-870012e2b30c" />
      <TestMethod codeBase="D:\actions-runner\_work\XPCO\XPCO\EventServer\Server\Components\Central\GisMap.UnitTest\bin\Debug\net472\VideoOS.EventServer.GisMap.UnitTest.dll" adapterTypeName="executor://mstestadapter/v2" className="VideoOS.EventServer.GisMap.UnitTest.DB.DataComponent.BuildingComponentTest" name="TestUpdateBuildings_Success" />
    </UnitTest>
    <UnitTest name="TestAuditLog_AuditLogItemRemovedWithLocation_Success" storage="d:\actions-runner\_work\xpco\xpco\eventserver\server\components\central\gismap.unittest\bin\debug\net472\videoos.eventserver.gismap.unittest.dll" id="3db0fc72-d7ad-dd65-723e-e1b395e7c54e">
      <TestCategory>
        <TestCategoryItem TestCategory="BusinessObjects" />
      </TestCategory>
      <Execution id="1833b586-f885-4a75-9f28-646a9052a623" />
      <TestMethod codeBase="D:\actions-runner\_work\XPCO\XPCO\EventServer\Server\Components\Central\GisMap.UnitTest\bin\Debug\net472\VideoOS.EventServer.GisMap.UnitTest.dll" adapterTypeName="executor://mstestadapter/v2" className="VideoOS.EventServer.GisMap.UnitTest.BusinessObjects.Items.LinkItemTest" name="TestAuditLog_AuditLogItemRemovedWithLocation_Success" />
    </UnitTest>
    <UnitTest name="TestConstructor_ParsingWcfObjectWithNull_ArgumentNullException" storage="d:\actions-runner\_work\xpco\xpco\eventserver\server\components\central\gismap.unittest\bin\debug\net472\videoos.eventserver.gismap.unittest.dll" id="4783053d-2f52-f4a3-164e-3fc995b4bfc4">
      <TestCategory>
        <TestCategoryItem TestCategory="BusinessObjects" />
      </TestCategory>
      <Execution id="3f402f79-830d-40c2-bc0d-49c5ae1ecd81" />
      <TestMethod codeBase="D:\actions-runner\_work\XPCO\XPCO\EventServer\Server\Components\Central\GisMap.UnitTest\bin\Debug\net472\VideoOS.EventServer.GisMap.UnitTest.dll" adapterTypeName="executor://mstestadapter/v2" className="VideoOS.EventServer.GisMap.UnitTest.BusinessObjects.Layers.OutputLayerTest" name="TestConstructor_ParsingWcfObjectWithNull_ArgumentNullException" />
    </UnitTest>
    <UnitTest name="TestProperties_GetProperties_Success" storage="d:\actions-runner\_work\xpco\xpco\eventserver\server\components\central\gismap.unittest\bin\debug\net472\videoos.eventserver.gismap.unittest.dll" id="519f72f5-8881-b81f-fec6-f0bb7ca646da">
      <TestCategory>
        <TestCategoryItem TestCategory="BusinessObjects" />
      </TestCategory>
      <Execution id="f6fd2387-a6c5-414b-9841-1ab29d933574" />
      <TestMethod codeBase="D:\actions-runner\_work\XPCO\XPCO\EventServer\Server\Components\Central\GisMap.UnitTest\bin\Debug\net472\VideoOS.EventServer.GisMap.UnitTest.dll" adapterTypeName="executor://mstestadapter/v2" className="VideoOS.EventServer.GisMap.UnitTest.BusinessObjects.Repositories.ShapeFileRepositoryTest" name="TestProperties_GetProperties_Success" />
    </UnitTest>
    <UnitTest name="TestAuditLog_AuditLogLevelAdded_WithMapItems_Success" storage="d:\actions-runner\_work\xpco\xpco\eventserver\server\components\central\gismap.unittest\bin\debug\net472\videoos.eventserver.gismap.unittest.dll" id="e861b9e3-e4b2-69ea-5675-3905004d5ab3">
      <TestCategory>
        <TestCategoryItem TestCategory="BusinessObjects" />
      </TestCategory>
      <Execution id="cf779527-ac01-4351-9545-23a3cc0a07e3" />
      <TestMethod codeBase="D:\actions-runner\_work\XPCO\XPCO\EventServer\Server\Components\Central\GisMap.UnitTest\bin\Debug\net472\VideoOS.EventServer.GisMap.UnitTest.dll" adapterTypeName="executor://mstestadapter/v2" className="VideoOS.EventServer.GisMap.UnitTest.BusinessObjects.Buildings.LevelTest" name="TestAuditLog_AuditLogLevelAdded_WithMapItems_Success" />
    </UnitTest>
    <UnitTest name="TestReorderLevels_LevelOrderDuplicateFound_Failure" storage="d:\actions-runner\_work\xpco\xpco\eventserver\server\components\central\gismap.unittest\bin\debug\net472\videoos.eventserver.gismap.unittest.dll" id="13601ec6-61f0-b258-ec6f-80d29fd448e1">
      <TestCategory>
        <TestCategoryItem TestCategory="DataComponent" />
      </TestCategory>
      <Execution id="4ff45b75-e962-4859-88ed-a0a394a19190" />
      <TestMethod codeBase="D:\actions-runner\_work\XPCO\XPCO\EventServer\Server\Components\Central\GisMap.UnitTest\bin\Debug\net472\VideoOS.EventServer.GisMap.UnitTest.dll" adapterTypeName="executor://mstestadapter/v2" className="VideoOS.EventServer.GisMap.UnitTest.DB.DataComponent.BuildingComponent_LevelTest" name="TestReorderLevels_LevelOrderDuplicateFound_Failure" />
    </UnitTest>
    <UnitTest name="TestUpdateProperties_UpdateAllProperties_Success" storage="d:\actions-runner\_work\xpco\xpco\eventserver\server\components\central\gismap.unittest\bin\debug\net472\videoos.eventserver.gismap.unittest.dll" id="67bc7186-2550-aee3-214e-674332dcce53">
      <TestCategory>
        <TestCategoryItem TestCategory="BusinessObjects" />
      </TestCategory>
      <Execution id="b24953cb-26ff-4ec5-b256-b6c3dd6836b0" />
      <TestMethod codeBase="D:\actions-runner\_work\XPCO\XPCO\EventServer\Server\Components\Central\GisMap.UnitTest\bin\Debug\net472\VideoOS.EventServer.GisMap.UnitTest.dll" adapterTypeName="executor://mstestadapter/v2" className="VideoOS.EventServer.GisMap.UnitTest.BusinessObjects.Layers.InputLayerTest" name="TestUpdateProperties_UpdateAllProperties_Success" />
    </UnitTest>
    <UnitTest name="TestConstructor_ParsingWcfObject_Success" storage="d:\actions-runner\_work\xpco\xpco\eventserver\server\components\central\gismap.unittest\bin\debug\net472\videoos.eventserver.gismap.unittest.dll" id="f1425c4d-1be6-14bd-738b-4e89531d196e">
      <TestCategory>
        <TestCategoryItem TestCategory="BusinessObjects" />
      </TestCategory>
      <Execution id="8fae29e4-dcd2-4d33-8c04-9b5dde249290" />
      <TestMethod codeBase="D:\actions-runner\_work\XPCO\XPCO\EventServer\Server\Components\Central\GisMap.UnitTest\bin\Debug\net472\VideoOS.EventServer.GisMap.UnitTest.dll" adapterTypeName="executor://mstestadapter/v2" className="VideoOS.EventServer.GisMap.UnitTest.BusinessObjects.TransformInfoTest" name="TestConstructor_ParsingWcfObject_Success" />
    </UnitTest>
    <UnitTest name="TestUpdateLevel_UnknownLevel_Success" storage="d:\actions-runner\_work\xpco\xpco\eventserver\server\components\central\gismap.unittest\bin\debug\net472\videoos.eventserver.gismap.unittest.dll" id="e93a7b60-e657-d859-7691-17f336a6f9b4">
      <TestCategory>
        <TestCategoryItem TestCategory="DataComponent" />
      </TestCategory>
      <Execution id="d3c15512-b808-4778-8b37-274cf2211b84" />
      <TestMethod codeBase="D:\actions-runner\_work\XPCO\XPCO\EventServer\Server\Components\Central\GisMap.UnitTest\bin\Debug\net472\VideoOS.EventServer.GisMap.UnitTest.dll" adapterTypeName="executor://mstestadapter/v2" className="VideoOS.EventServer.GisMap.UnitTest.DB.DataComponent.BuildingComponent_LevelTest" name="TestUpdateLevel_UnknownLevel_Success" />
    </UnitTest>
    <UnitTest name="AddLevel_IgnoreLevelItemsThatAreNotPartOfIndexer" storage="d:\actions-runner\_work\xpco\xpco\eventserver\server\components\central\gismap.unittest\bin\debug\net472\videoos.eventserver.gismap.unittest.dll" id="cd4a74fd-d6aa-9edc-46cf-42e0c57d2d6f">
      <TestCategory>
        <TestCategoryItem TestCategory="BusinessObjects" />
      </TestCategory>
      <Execution id="105ec747-3c34-4ea8-a062-214aacbf7b7c" />
      <TestMethod codeBase="D:\actions-runner\_work\XPCO\XPCO\EventServer\Server\Components\Central\GisMap.UnitTest\bin\Debug\net472\VideoOS.EventServer.GisMap.UnitTest.dll" adapterTypeName="executor://mstestadapter/v2" className="VideoOS.EventServer.GisMap.UnitTest.BusinessObjects.Indexer.Buildings.BuildingIndexTest" name="AddLevel_IgnoreLevelItemsThatAreNotPartOfIndexer" />
    </UnitTest>
    <UnitTest name="TestUpdateProperties_UpdateAllProperties_Success" storage="d:\actions-runner\_work\xpco\xpco\eventserver\server\components\central\gismap.unittest\bin\debug\net472\videoos.eventserver.gismap.unittest.dll" id="1160c5d9-3b03-8b7c-d2ae-f7a44929d311">
      <TestCategory>
        <TestCategoryItem TestCategory="BusinessObjects" />
      </TestCategory>
      <Execution id="46fb2093-32bc-48f3-a9a4-4eef4216c093" />
      <TestMethod codeBase="D:\actions-runner\_work\XPCO\XPCO\EventServer\Server\Components\Central\GisMap.UnitTest\bin\Debug\net472\VideoOS.EventServer.GisMap.UnitTest.dll" adapterTypeName="executor://mstestadapter/v2" className="VideoOS.EventServer.GisMap.UnitTest.BusinessObjects.Items.LegacyLinkItemTest" name="TestUpdateProperties_UpdateAllProperties_Success" />
    </UnitTest>
    <UnitTest name="TestQueryLevelsByBuildingId_ZeroRows_Success" storage="d:\actions-runner\_work\xpco\xpco\eventserver\server\components\central\gismap.unittest\bin\debug\net472\videoos.eventserver.gismap.unittest.dll" id="75298519-94ad-3cd1-9290-eb24793f55a6">
      <TestCategory>
        <TestCategoryItem TestCategory="DataComponent" />
      </TestCategory>
      <Execution id="d584d726-4760-43f2-bd07-5328619b330c" />
      <TestMethod codeBase="D:\actions-runner\_work\XPCO\XPCO\EventServer\Server\Components\Central\GisMap.UnitTest\bin\Debug\net472\VideoOS.EventServer.GisMap.UnitTest.dll" adapterTypeName="executor://mstestadapter/v2" className="VideoOS.EventServer.GisMap.UnitTest.DB.DataComponent.BuildingComponent_LevelTest" name="TestQueryLevelsByBuildingId_ZeroRows_Success" />
    </UnitTest>
    <UnitTest name="TestWcfObject_GetWcfObjectWithoutOriginalExtent_Success" storage="d:\actions-runner\_work\xpco\xpco\eventserver\server\components\central\gismap.unittest\bin\debug\net472\videoos.eventserver.gismap.unittest.dll" id="dd3c3a60-8205-afc0-6c6b-c7fa7c584838">
      <TestCategory>
        <TestCategoryItem TestCategory="BusinessObjects" />
      </TestCategory>
      <Execution id="76350066-82a3-435f-9057-ff4478406acb" />
      <TestMethod codeBase="D:\actions-runner\_work\XPCO\XPCO\EventServer\Server\Components\Central\GisMap.UnitTest\bin\Debug\net472\VideoOS.EventServer.GisMap.UnitTest.dll" adapterTypeName="executor://mstestadapter/v2" className="VideoOS.EventServer.GisMap.UnitTest.BusinessObjects.Layers.ShapeFileLayerTest" name="TestWcfObject_GetWcfObjectWithoutOriginalExtent_Success" />
    </UnitTest>
    <UnitTest name="TestWcfObject_GetWcfObject_Success" storage="d:\actions-runner\_work\xpco\xpco\eventserver\server\components\central\gismap.unittest\bin\debug\net472\videoos.eventserver.gismap.unittest.dll" id="a99a19d5-d38e-a036-6805-96140b18d0f5">
      <TestCategory>
        <TestCategoryItem TestCategory="BusinessObjects" />
      </TestCategory>
      <Execution id="1bfae3c1-6d97-4901-bc45-2cd3ccaa50af" />
      <TestMethod codeBase="D:\actions-runner\_work\XPCO\XPCO\EventServer\Server\Components\Central\GisMap.UnitTest\bin\Debug\net472\VideoOS.EventServer.GisMap.UnitTest.dll" adapterTypeName="executor://mstestadapter/v2" className="VideoOS.EventServer.GisMap.UnitTest.BusinessObjects.Layers.BuildingLayerTest" name="TestWcfObject_GetWcfObject_Success" />
    </UnitTest>
    <UnitTest name="TestAuditLog_AuditLogLegacyLinkChangedWithNullOldItem_Success" storage="d:\actions-runner\_work\xpco\xpco\eventserver\server\components\central\gismap.unittest\bin\debug\net472\videoos.eventserver.gismap.unittest.dll" id="93a44ca8-76fe-bb9b-ae02-8cb54081d6e2">
      <TestCategory>
        <TestCategoryItem TestCategory="BusinessObjects" />
      </TestCategory>
      <Execution id="9b872028-f2ed-4bca-a312-a11aa9a90e4a" />
      <TestMethod codeBase="D:\actions-runner\_work\XPCO\XPCO\EventServer\Server\Components\Central\GisMap.UnitTest\bin\Debug\net472\VideoOS.EventServer.GisMap.UnitTest.dll" adapterTypeName="executor://mstestadapter/v2" className="VideoOS.EventServer.GisMap.UnitTest.BusinessObjects.Items.LegacyLinkItemTest" name="TestAuditLog_AuditLogLegacyLinkChangedWithNullOldItem_Success" />
    </UnitTest>
    <UnitTest name="TestConstructor_ParsingWcfObjectWithoutExtent_Success" storage="d:\actions-runner\_work\xpco\xpco\eventserver\server\components\central\gismap.unittest\bin\debug\net472\videoos.eventserver.gismap.unittest.dll" id="345552b6-3ed3-703c-aa8d-185623b1498d">
      <TestCategory>
        <TestCategoryItem TestCategory="BusinessObjects" />
      </TestCategory>
      <Execution id="04523bad-9117-4c3c-817b-50ce12df32bc" />
      <TestMethod codeBase="D:\actions-runner\_work\XPCO\XPCO\EventServer\Server\Components\Central\GisMap.UnitTest\bin\Debug\net472\VideoOS.EventServer.GisMap.UnitTest.dll" adapterTypeName="executor://mstestadapter/v2" className="VideoOS.EventServer.GisMap.UnitTest.BusinessObjects.Layers.LinkLayerTest" name="TestConstructor_ParsingWcfObjectWithoutExtent_Success" />
    </UnitTest>
    <UnitTest name="Test_DeleteLevels_DatabaseException_Failure" storage="d:\actions-runner\_work\xpco\xpco\eventserver\server\components\central\gismap.unittest\bin\debug\net472\videoos.eventserver.gismap.unittest.dll" id="0b427970-7f06-1e6c-dbf4-7d3298a97e17">
      <TestCategory>
        <TestCategoryItem TestCategory="DataComponent" />
      </TestCategory>
      <Execution id="03de20ad-4cb5-440a-b276-64bbb73251ac" />
      <TestMethod codeBase="D:\actions-runner\_work\XPCO\XPCO\EventServer\Server\Components\Central\GisMap.UnitTest\bin\Debug\net472\VideoOS.EventServer.GisMap.UnitTest.dll" adapterTypeName="executor://mstestadapter/v2" className="VideoOS.EventServer.GisMap.UnitTest.DB.DataComponent.BuildingComponent_LevelTest" name="Test_DeleteLevels_DatabaseException_Failure" />
    </UnitTest>
    <UnitTest name="AddLevel" storage="d:\actions-runner\_work\xpco\xpco\eventserver\server\components\central\gismap.unittest\bin\debug\net472\videoos.eventserver.gismap.unittest.dll" id="900cf850-1dbc-b7b5-448d-c8b60857d7c5">
      <TestCategory>
        <TestCategoryItem TestCategory="BusinessObjects" />
      </TestCategory>
      <Execution id="97896712-acac-4765-bde1-5f2fa3a19695" />
      <TestMethod codeBase="D:\actions-runner\_work\XPCO\XPCO\EventServer\Server\Components\Central\GisMap.UnitTest\bin\Debug\net472\VideoOS.EventServer.GisMap.UnitTest.dll" adapterTypeName="executor://mstestadapter/v2" className="VideoOS.EventServer.GisMap.UnitTest.BusinessObjects.Indexer.Buildings.BuildingIndexTest" name="AddLevel" />
    </UnitTest>
    <UnitTest name="TestReorderLevels_LevelOrderGapFound_Failure" storage="d:\actions-runner\_work\xpco\xpco\eventserver\server\components\central\gismap.unittest\bin\debug\net472\videoos.eventserver.gismap.unittest.dll" id="fa95aeff-d0ab-a4b0-a2ba-050a0072e692">
      <TestCategory>
        <TestCategoryItem TestCategory="DataComponent" />
      </TestCategory>
      <Execution id="d6d139e7-94ab-4cec-afd5-0aa86ae87fd6" />
      <TestMethod codeBase="D:\actions-runner\_work\XPCO\XPCO\EventServer\Server\Components\Central\GisMap.UnitTest\bin\Debug\net472\VideoOS.EventServer.GisMap.UnitTest.dll" adapterTypeName="executor://mstestadapter/v2" className="VideoOS.EventServer.GisMap.UnitTest.DB.DataComponent.BuildingComponent_LevelTest" name="TestReorderLevels_LevelOrderGapFound_Failure" />
    </UnitTest>
    <UnitTest name="TestProperties_GetPropertiesFromWcfObjectWithNullViewport_Success" storage="d:\actions-runner\_work\xpco\xpco\eventserver\server\components\central\gismap.unittest\bin\debug\net472\videoos.eventserver.gismap.unittest.dll" id="0a07b8ff-c721-e171-25a3-148cb1965270">
      <TestCategory>
        <TestCategoryItem TestCategory="BusinessObjects" />
      </TestCategory>
      <Execution id="3d45940a-09dc-4575-9689-361420ddb29c" />
      <TestMethod codeBase="D:\actions-runner\_work\XPCO\XPCO\EventServer\Server\Components\Central\GisMap.UnitTest\bin\Debug\net472\VideoOS.EventServer.GisMap.UnitTest.dll" adapterTypeName="executor://mstestadapter/v2" className="VideoOS.EventServer.GisMap.UnitTest.BusinessObjects.MapSettingsTest" name="TestProperties_GetPropertiesFromWcfObjectWithNullViewport_Success" />
    </UnitTest>
    <UnitTest name="RemoveItems_RemovesWithChangedPosition" storage="d:\actions-runner\_work\xpco\xpco\eventserver\server\components\central\gismap.unittest\bin\debug\net472\videoos.eventserver.gismap.unittest.dll" id="2bfc6d47-8ba4-02c9-48f6-b952f3a2b68d">
      <TestCategory>
        <TestCategoryItem TestCategory="BusinessObjects" />
      </TestCategory>
      <Execution id="a3803523-bc95-4dd2-9576-e235639167e7" />
      <TestMethod codeBase="D:\actions-runner\_work\XPCO\XPCO\EventServer\Server\Components\Central\GisMap.UnitTest\bin\Debug\net472\VideoOS.EventServer.GisMap.UnitTest.dll" adapterTypeName="executor://mstestadapter/v2" className="VideoOS.EventServer.GisMap.UnitTest.BusinessObjects.Indexer.MapItemIndexerTest" name="RemoveItems_RemovesWithChangedPosition" />
    </UnitTest>
    <UnitTest name="TestConstructor_Success" storage="d:\actions-runner\_work\xpco\xpco\eventserver\server\components\central\gismap.unittest\bin\debug\net472\videoos.eventserver.gismap.unittest.dll" id="de68b978-331f-70de-d76a-a01f3e3bf43a">
      <TestCategory>
        <TestCategoryItem TestCategory="BusinessObjects" />
      </TestCategory>
      <Execution id="e6d80143-cbe6-46e5-9bba-fe26e144e6bd" />
      <TestMethod codeBase="D:\actions-runner\_work\XPCO\XPCO\EventServer\Server\Components\Central\GisMap.UnitTest\bin\Debug\net472\VideoOS.EventServer.GisMap.UnitTest.dll" adapterTypeName="executor://mstestadapter/v2" className="VideoOS.EventServer.GisMap.UnitTest.BusinessObjects.Layers.InputLayerTest" name="TestConstructor_Success" />
    </UnitTest>
    <UnitTest name="TestAddLayer_WithLevelId_Success" storage="d:\actions-runner\_work\xpco\xpco\eventserver\server\components\central\gismap.unittest\bin\debug\net472\videoos.eventserver.gismap.unittest.dll" id="9668ec61-f6ad-c200-83ec-c575bc32c092">
      <TestCategory>
        <TestCategoryItem TestCategory="DataComponent" />
      </TestCategory>
      <Execution id="504d9ea0-3fdd-440d-8fa2-f7617905eaec" />
      <TestMethod codeBase="D:\actions-runner\_work\XPCO\XPCO\EventServer\Server\Components\Central\GisMap.UnitTest\bin\Debug\net472\VideoOS.EventServer.GisMap.UnitTest.dll" adapterTypeName="executor://mstestadapter/v2" className="VideoOS.EventServer.GisMap.UnitTest.DB.DataComponent.LayerComponentTest" name="TestAddLayer_WithLevelId_Success" />
    </UnitTest>
    <UnitTest name="Test_DeleteLevels_NoFactory_Exception_Failure" storage="d:\actions-runner\_work\xpco\xpco\eventserver\server\components\central\gismap.unittest\bin\debug\net472\videoos.eventserver.gismap.unittest.dll" id="5db863e2-d6e1-4b8a-5074-0b07052e3c37">
      <TestCategory>
        <TestCategoryItem TestCategory="DataComponent" />
      </TestCategory>
      <Execution id="38044f72-bafd-4db4-b1c5-464928493a22" />
      <TestMethod codeBase="D:\actions-runner\_work\XPCO\XPCO\EventServer\Server\Components\Central\GisMap.UnitTest\bin\Debug\net472\VideoOS.EventServer.GisMap.UnitTest.dll" adapterTypeName="executor://mstestadapter/v2" className="VideoOS.EventServer.GisMap.UnitTest.DB.DataComponent.BuildingComponent_LevelTest" name="Test_DeleteLevels_NoFactory_Exception_Failure" />
    </UnitTest>
    <UnitTest name="TestConstructor_ParsingWcfObjectWithNull_Success" storage="d:\actions-runner\_work\xpco\xpco\eventserver\server\components\central\gismap.unittest\bin\debug\net472\videoos.eventserver.gismap.unittest.dll" id="a8b24ec3-7728-f6a5-d914-26a6e3351701">
      <TestCategory>
        <TestCategoryItem TestCategory="BusinessObjects" />
      </TestCategory>
      <Execution id="cfaa681c-08c8-4c10-b619-2b301cabba05" />
      <TestMethod codeBase="D:\actions-runner\_work\XPCO\XPCO\EventServer\Server\Components\Central\GisMap.UnitTest\bin\Debug\net472\VideoOS.EventServer.GisMap.UnitTest.dll" adapterTypeName="executor://mstestadapter/v2" className="VideoOS.EventServer.GisMap.UnitTest.BusinessObjects.Layers.MipLayerTest" name="TestConstructor_ParsingWcfObjectWithNull_Success" />
    </UnitTest>
    <UnitTest name="TestConstructor_ParsingWcfObjectWithoutTransformInfo_Success" storage="d:\actions-runner\_work\xpco\xpco\eventserver\server\components\central\gismap.unittest\bin\debug\net472\videoos.eventserver.gismap.unittest.dll" id="ffc2f231-3796-544f-ac40-4ff508739cbb">
      <TestCategory>
        <TestCategoryItem TestCategory="BusinessObjects" />
      </TestCategory>
      <Execution id="32403a86-cc92-4683-a1ff-72c9347ead0d" />
      <TestMethod codeBase="D:\actions-runner\_work\XPCO\XPCO\EventServer\Server\Components\Central\GisMap.UnitTest\bin\Debug\net472\VideoOS.EventServer.GisMap.UnitTest.dll" adapterTypeName="executor://mstestadapter/v2" className="VideoOS.EventServer.GisMap.UnitTest.BusinessObjects.Layers.ImageLayerTest" name="TestConstructor_ParsingWcfObjectWithoutTransformInfo_Success" />
    </UnitTest>
    <UnitTest name="TestUpdateBuilding_UnknownBuilding_Success" storage="d:\actions-runner\_work\xpco\xpco\eventserver\server\components\central\gismap.unittest\bin\debug\net472\videoos.eventserver.gismap.unittest.dll" id="b534c2a4-de2d-8897-f7e0-dddebd64f9c9">
      <TestCategory>
        <TestCategoryItem TestCategory="DataComponent" />
      </TestCategory>
      <Execution id="7e3f4512-0245-45c0-84fd-b725550712d0" />
      <TestMethod codeBase="D:\actions-runner\_work\XPCO\XPCO\EventServer\Server\Components\Central\GisMap.UnitTest\bin\Debug\net472\VideoOS.EventServer.GisMap.UnitTest.dll" adapterTypeName="executor://mstestadapter/v2" className="VideoOS.EventServer.GisMap.UnitTest.DB.DataComponent.BuildingComponentTest" name="TestUpdateBuilding_UnknownBuilding_Success" />
    </UnitTest>
    <UnitTest name="UnknownAction_LogsError" storage="d:\actions-runner\_work\xpco\xpco\eventserver\server\components\central\gismap.unittest\bin\debug\net472\videoos.eventserver.gismap.unittest.dll" id="a15ebbdc-1135-c3e6-aa16-da54eb3856ea">
      <TestCategory>
        <TestCategoryItem TestCategory="GisMapServices" />
      </TestCategory>
      <Execution id="a24ef004-5e6f-41ec-bea5-bcb9c52c51ef" />
      <TestMethod codeBase="D:\actions-runner\_work\XPCO\XPCO\EventServer\Server\Components\Central\GisMap.UnitTest\bin\Debug\net472\VideoOS.EventServer.GisMap.UnitTest.dll" adapterTypeName="executor://mstestadapter/v2" className="VideoOS.EventServer.GisMap.UnitTest.Services.Clustering.MapDataUpdaterTest" name="UnknownAction_LogsError" />
    </UnitTest>
    <UnitTest name="ConstructorFromData_WhenEnabledFalse_IsMapEnabledFalse" storage="d:\actions-runner\_work\xpco\xpco\eventserver\server\components\central\gismap.unittest\bin\debug\net472\videoos.eventserver.gismap.unittest.dll" id="26fa2272-a607-859c-73fa-9a3b57cf6e18">
      <TestCategory>
        <TestCategoryItem TestCategory="BusinessObjects" />
      </TestCategory>
      <Execution id="59f3afd5-8417-4642-9483-142bcb8bf283" />
      <TestMethod codeBase="D:\actions-runner\_work\XPCO\XPCO\EventServer\Server\Components\Central\GisMap.UnitTest\bin\Debug\net472\VideoOS.EventServer.GisMap.UnitTest.dll" adapterTypeName="executor://mstestadapter/v2" className="VideoOS.EventServer.GisMap.UnitTest.BusinessObjects.Indexer.MapItemTest" name="ConstructorFromData_WhenEnabledFalse_IsMapEnabledFalse" />
    </UnitTest>
    <UnitTest name="IsOnLevel_False_WhenNotInOutline" storage="d:\actions-runner\_work\xpco\xpco\eventserver\server\components\central\gismap.unittest\bin\debug\net472\videoos.eventserver.gismap.unittest.dll" id="4b0cba85-e607-efc3-3f35-cb8b0c659cc4">
      <TestCategory>
        <TestCategoryItem TestCategory="BusinessObjects" />
      </TestCategory>
      <Execution id="bde6d66c-443c-477f-b184-9f255f76223f" />
      <TestMethod codeBase="D:\actions-runner\_work\XPCO\XPCO\EventServer\Server\Components\Central\GisMap.UnitTest\bin\Debug\net472\VideoOS.EventServer.GisMap.UnitTest.dll" adapterTypeName="executor://mstestadapter/v2" className="VideoOS.EventServer.GisMap.UnitTest.BusinessObjects.Indexer.Buildings.BuildingItemsIndexerTest" name="IsOnLevel_False_WhenNotInOutline" />
    </UnitTest>
    <UnitTest name="TestPropertyNames_GettingPropertyNames_Success" storage="d:\actions-runner\_work\xpco\xpco\eventserver\server\components\central\gismap.unittest\bin\debug\net472\videoos.eventserver.gismap.unittest.dll" id="274c137f-2a4d-ebfe-99a3-10f166ce5eef">
      <TestCategory>
        <TestCategoryItem TestCategory="BusinessObjects" />
      </TestCategory>
      <Execution id="b57622a0-71a7-427b-98cf-44d698a8bd57" />
      <TestMethod codeBase="D:\actions-runner\_work\XPCO\XPCO\EventServer\Server\Components\Central\GisMap.UnitTest\bin\Debug\net472\VideoOS.EventServer.GisMap.UnitTest.dll" adapterTypeName="executor://mstestadapter/v2" className="VideoOS.EventServer.GisMap.UnitTest.BusinessObjects.Layers.LegacyLinkLayerTest" name="TestPropertyNames_GettingPropertyNames_Success" />
    </UnitTest>
    <UnitTest name="OnItemsInsertedEvent_AddsItems" storage="d:\actions-runner\_work\xpco\xpco\eventserver\server\components\central\gismap.unittest\bin\debug\net472\videoos.eventserver.gismap.unittest.dll" id="50e46cb8-cffb-3738-1400-fe8d93a5bf36">
      <TestCategory>
        <TestCategoryItem TestCategory="BusinessObjects" />
      </TestCategory>
      <Execution id="b622b432-4d7e-4ec4-b930-3167bc1c8bcd" />
      <TestMethod codeBase="D:\actions-runner\_work\XPCO\XPCO\EventServer\Server\Components\Central\GisMap.UnitTest\bin\Debug\net472\VideoOS.EventServer.GisMap.UnitTest.dll" adapterTypeName="executor://mstestadapter/v2" className="VideoOS.EventServer.GisMap.UnitTest.BusinessObjects.Indexer.Buildings.BuildingItemsIndexerTest" name="OnItemsInsertedEvent_AddsItems" />
    </UnitTest>
    <UnitTest name="AddItem_Levels" storage="d:\actions-runner\_work\xpco\xpco\eventserver\server\components\central\gismap.unittest\bin\debug\net472\videoos.eventserver.gismap.unittest.dll" id="9fc058b5-5450-12d9-8d4a-ccf8735abd5f">
      <TestCategory>
        <TestCategoryItem TestCategory="BusinessObjects" />
      </TestCategory>
      <Execution id="3f218bc6-a8c3-4a80-8594-901740778a54" />
      <TestMethod codeBase="D:\actions-runner\_work\XPCO\XPCO\EventServer\Server\Components\Central\GisMap.UnitTest\bin\Debug\net472\VideoOS.EventServer.GisMap.UnitTest.dll" adapterTypeName="executor://mstestadapter/v2" className="VideoOS.EventServer.GisMap.UnitTest.BusinessObjects.Indexer.Buildings.BuildingIndexTest" name="AddItem_Levels" />
    </UnitTest>
    <UnitTest name="TestConstructor_Success" storage="d:\actions-runner\_work\xpco\xpco\eventserver\server\components\central\gismap.unittest\bin\debug\net472\videoos.eventserver.gismap.unittest.dll" id="d11e39e1-04f9-204c-9f0f-b32d163913dc">
      <TestCategory>
        <TestCategoryItem TestCategory="BusinessObjects" />
      </TestCategory>
      <Execution id="57e5d1aa-82b2-4c19-b4e7-0bbfbe6f001b" />
      <TestMethod codeBase="D:\actions-runner\_work\XPCO\XPCO\EventServer\Server\Components\Central\GisMap.UnitTest\bin\Debug\net472\VideoOS.EventServer.GisMap.UnitTest.dll" adapterTypeName="executor://mstestadapter/v2" className="VideoOS.EventServer.GisMap.UnitTest.BusinessObjects.Layers.BingMapLayerTest" name="TestConstructor_Success" />
    </UnitTest>
    <UnitTest name="AllItems_ExistAfterInitializeIndex" storage="d:\actions-runner\_work\xpco\xpco\eventserver\server\components\central\gismap.unittest\bin\debug\net472\videoos.eventserver.gismap.unittest.dll" id="a4bcc8b8-30aa-0188-cf3e-b46354e70d8f">
      <TestCategory>
        <TestCategoryItem TestCategory="BusinessObjects" />
      </TestCategory>
      <Execution id="dd255ac4-4063-46e5-868e-f039c1f91d3f" />
      <TestMethod codeBase="D:\actions-runner\_work\XPCO\XPCO\EventServer\Server\Components\Central\GisMap.UnitTest\bin\Debug\net472\VideoOS.EventServer.GisMap.UnitTest.dll" adapterTypeName="executor://mstestadapter/v2" className="VideoOS.EventServer.GisMap.UnitTest.BusinessObjects.Indexer.MapItemIndexerTest" name="AllItems_ExistAfterInitializeIndex" />
    </UnitTest>
    <UnitTest name="TestConstructor_ParsingWcfObjectWithNullViewport_Success" storage="d:\actions-runner\_work\xpco\xpco\eventserver\server\components\central\gismap.unittest\bin\debug\net472\videoos.eventserver.gismap.unittest.dll" id="1ed4df3f-11ca-65e7-52ba-19aab1472d4e">
      <TestCategory>
        <TestCategoryItem TestCategory="BusinessObjects" />
      </TestCategory>
      <Execution id="9f5f861d-54e5-4419-b554-56be0a09bc44" />
      <TestMethod codeBase="D:\actions-runner\_work\XPCO\XPCO\EventServer\Server\Components\Central\GisMap.UnitTest\bin\Debug\net472\VideoOS.EventServer.GisMap.UnitTest.dll" adapterTypeName="executor://mstestadapter/v2" className="VideoOS.EventServer.GisMap.UnitTest.BusinessObjects.MapViewPointTest" name="TestConstructor_ParsingWcfObjectWithNullViewport_Success" />
    </UnitTest>
    <UnitTest name="TestConstructor_Success" storage="d:\actions-runner\_work\xpco\xpco\eventserver\server\components\central\gismap.unittest\bin\debug\net472\videoos.eventserver.gismap.unittest.dll" id="cad1cfa7-3b93-a8d3-5efb-8a137a6eec78">
      <TestCategory>
        <TestCategoryItem TestCategory="BusinessObjects" />
      </TestCategory>
      <Execution id="0086bf94-9615-4e3c-959a-f572392ebb80" />
      <TestMethod codeBase="D:\actions-runner\_work\XPCO\XPCO\EventServer\Server\Components\Central\GisMap.UnitTest\bin\Debug\net472\VideoOS.EventServer.GisMap.UnitTest.dll" adapterTypeName="executor://mstestadapter/v2" className="VideoOS.EventServer.GisMap.UnitTest.BusinessObjects.Layers.OpenStreetMapLayerTest" name="TestConstructor_Success" />
    </UnitTest>
    <UnitTest name="GetClusters_ReturnsCorrectClusteredItemsByArea" storage="d:\actions-runner\_work\xpco\xpco\eventserver\server\components\central\gismap.unittest\bin\debug\net472\videoos.eventserver.gismap.unittest.dll" id="b4c7197a-025f-2d58-2aa6-331c80e4987a">
      <TestCategory>
        <TestCategoryItem TestCategory="GisMapServices" />
      </TestCategory>
      <Execution id="eed7ec5e-fed4-4c2a-9bc4-57451bc9c1d3" />
      <TestMethod codeBase="D:\actions-runner\_work\XPCO\XPCO\EventServer\Server\Components\Central\GisMap.UnitTest\bin\Debug\net472\VideoOS.EventServer.GisMap.UnitTest.dll" adapterTypeName="executor://mstestadapter/v2" className="VideoOS.EventServer.GisMap.UnitTest.Services.Clustering.ItemClusteringServiceTest" name="GetClusters_ReturnsCorrectClusteredItemsByArea" />
    </UnitTest>
    <UnitTest name="TestProperties_GetProperties_Success" storage="d:\actions-runner\_work\xpco\xpco\eventserver\server\components\central\gismap.unittest\bin\debug\net472\videoos.eventserver.gismap.unittest.dll" id="04d32b04-a6b3-be0c-303a-92162a097429">
      <TestCategory>
        <TestCategoryItem TestCategory="BusinessObjects" />
      </TestCategory>
      <Execution id="bd1174b1-9430-47ac-868a-6c14d010fcaa" />
      <TestMethod codeBase="D:\actions-runner\_work\XPCO\XPCO\EventServer\Server\Components\Central\GisMap.UnitTest\bin\Debug\net472\VideoOS.EventServer.GisMap.UnitTest.dll" adapterTypeName="executor://mstestadapter/v2" className="VideoOS.EventServer.GisMap.UnitTest.BusinessObjects.Layers.LegacyLinkLayerTest" name="TestProperties_GetProperties_Success" />
    </UnitTest>
    <UnitTest name="TestConstructor_Success" storage="d:\actions-runner\_work\xpco\xpco\eventserver\server\components\central\gismap.unittest\bin\debug\net472\videoos.eventserver.gismap.unittest.dll" id="c5a0d84f-93b6-08cd-1dd9-05e7cea29945">
      <TestCategory>
        <TestCategoryItem TestCategory="BusinessObjects" />
      </TestCategory>
      <Execution id="87a1c706-5e46-4803-b2c3-7a947d8a126e" />
      <TestMethod codeBase="D:\actions-runner\_work\XPCO\XPCO\EventServer\Server\Components\Central\GisMap.UnitTest\bin\Debug\net472\VideoOS.EventServer.GisMap.UnitTest.dll" adapterTypeName="executor://mstestadapter/v2" className="VideoOS.EventServer.GisMap.UnitTest.BusinessObjects.Buildings.BuildingTest" name="TestConstructor_Success" />
    </UnitTest>
    <UnitTest name="TestConstructor_Success" storage="d:\actions-runner\_work\xpco\xpco\eventserver\server\components\central\gismap.unittest\bin\debug\net472\videoos.eventserver.gismap.unittest.dll" id="e07fad58-8c83-04cf-2df6-998e29b37428">
      <TestCategory>
        <TestCategoryItem TestCategory="BusinessObjects" />
      </TestCategory>
      <Execution id="2981c313-6ff6-4bdc-ba23-5dd6065f8a6c" />
      <TestMethod codeBase="D:\actions-runner\_work\XPCO\XPCO\EventServer\Server\Components\Central\GisMap.UnitTest\bin\Debug\net472\VideoOS.EventServer.GisMap.UnitTest.dll" adapterTypeName="executor://mstestadapter/v2" className="VideoOS.EventServer.GisMap.UnitTest.BusinessObjects.Repositories.ImageRepositoryTest" name="TestConstructor_Success" />
    </UnitTest>
    <UnitTest name="TestConstructor_ParsingWcfObjectWithNullUpperLeftAndNullLowerRight_Success" storage="d:\actions-runner\_work\xpco\xpco\eventserver\server\components\central\gismap.unittest\bin\debug\net472\videoos.eventserver.gismap.unittest.dll" id="c3fd9cbf-6feb-180c-d830-cea33df94a10">
      <TestCategory>
        <TestCategoryItem TestCategory="BusinessObjects" />
      </TestCategory>
      <Execution id="1fb89155-a8c7-4cb5-b25d-637c25190339" />
      <TestMethod codeBase="D:\actions-runner\_work\XPCO\XPCO\EventServer\Server\Components\Central\GisMap.UnitTest\bin\Debug\net472\VideoOS.EventServer.GisMap.UnitTest.dll" adapterTypeName="executor://mstestadapter/v2" className="VideoOS.EventServer.GisMap.UnitTest.BusinessObjects.RectangleTest" name="TestConstructor_ParsingWcfObjectWithNullUpperLeftAndNullLowerRight_Success" />
    </UnitTest>
    <UnitTest name="TestPropertyNames_GettingPropertyNames_Success" storage="d:\actions-runner\_work\xpco\xpco\eventserver\server\components\central\gismap.unittest\bin\debug\net472\videoos.eventserver.gismap.unittest.dll" id="8d8bb28b-c96b-7c96-82f9-2f5d5cd133a4">
      <TestCategory>
        <TestCategoryItem TestCategory="BusinessObjects" />
      </TestCategory>
      <Execution id="93a92ac8-840d-40b9-9ddd-67a934b21206" />
      <TestMethod codeBase="D:\actions-runner\_work\XPCO\XPCO\EventServer\Server\Components\Central\GisMap.UnitTest\bin\Debug\net472\VideoOS.EventServer.GisMap.UnitTest.dll" adapterTypeName="executor://mstestadapter/v2" className="VideoOS.EventServer.GisMap.UnitTest.BusinessObjects.Layers.CADLayerTest" name="TestPropertyNames_GettingPropertyNames_Success" />
    </UnitTest>
    <UnitTest name="TestWcfObject_GetWcfObject_Success" storage="d:\actions-runner\_work\xpco\xpco\eventserver\server\components\central\gismap.unittest\bin\debug\net472\videoos.eventserver.gismap.unittest.dll" id="e06aa9c2-2f66-b89a-8e9f-e1f5d3b102d6">
      <TestCategory>
        <TestCategoryItem TestCategory="BusinessObjects" />
      </TestCategory>
      <Execution id="dd7230f4-c1bd-442d-83a8-f0ea7aa9cd92" />
      <TestMethod codeBase="D:\actions-runner\_work\XPCO\XPCO\EventServer\Server\Components\Central\GisMap.UnitTest\bin\Debug\net472\VideoOS.EventServer.GisMap.UnitTest.dll" adapterTypeName="executor://mstestadapter/v2" className="VideoOS.EventServer.GisMap.UnitTest.BusinessObjects.Layers.BingMapLayerTest" name="TestWcfObject_GetWcfObject_Success" />
    </UnitTest>
    <UnitTest name="TestProperties_GetProperties_Success" storage="d:\actions-runner\_work\xpco\xpco\eventserver\server\components\central\gismap.unittest\bin\debug\net472\videoos.eventserver.gismap.unittest.dll" id="06894ed5-2df1-e54f-2874-93dd297ad943">
      <TestCategory>
        <TestCategoryItem TestCategory="BusinessObjects" />
      </TestCategory>
      <Execution id="ec8a27f1-10b6-44b9-89f4-3dd50a7678a0" />
      <TestMethod codeBase="D:\actions-runner\_work\XPCO\XPCO\EventServer\Server\Components\Central\GisMap.UnitTest\bin\Debug\net472\VideoOS.EventServer.GisMap.UnitTest.dll" adapterTypeName="executor://mstestadapter/v2" className="VideoOS.EventServer.GisMap.UnitTest.BusinessObjects.Layers.BuildingLayerTest" name="TestProperties_GetProperties_Success" />
    </UnitTest>
    <UnitTest name="TestConstructor_ParsingWcfObject_Success" storage="d:\actions-runner\_work\xpco\xpco\eventserver\server\components\central\gismap.unittest\bin\debug\net472\videoos.eventserver.gismap.unittest.dll" id="85fce7c7-8cd1-075e-36ed-c440375e909a">
      <TestCategory>
        <TestCategoryItem TestCategory="BusinessObjects" />
      </TestCategory>
      <Execution id="621b2091-c9e1-4502-801a-749fd342a339" />
      <TestMethod codeBase="D:\actions-runner\_work\XPCO\XPCO\EventServer\Server\Components\Central\GisMap.UnitTest\bin\Debug\net472\VideoOS.EventServer.GisMap.UnitTest.dll" adapterTypeName="executor://mstestadapter/v2" className="VideoOS.EventServer.GisMap.UnitTest.BusinessObjects.Layers.CameraLayerTest" name="TestConstructor_ParsingWcfObject_Success" />
    </UnitTest>
    <UnitTest name="UpdateItem_PositionChanged_Moves" storage="d:\actions-runner\_work\xpco\xpco\eventserver\server\components\central\gismap.unittest\bin\debug\net472\videoos.eventserver.gismap.unittest.dll" id="26a11d24-5430-325a-f86e-03d3ca9c8af1">
      <TestCategory>
        <TestCategoryItem TestCategory="GisMapServices" />
      </TestCategory>
      <Execution id="813c5d5c-2cb8-4f78-9979-c63dd25112a6" />
      <TestMethod codeBase="D:\actions-runner\_work\XPCO\XPCO\EventServer\Server\Components\Central\GisMap.UnitTest\bin\Debug\net472\VideoOS.EventServer.GisMap.UnitTest.dll" adapterTypeName="executor://mstestadapter/v2" className="VideoOS.EventServer.GisMap.UnitTest.Services.Clustering.MapDataUpdaterTest" name="UpdateItem_PositionChanged_Moves" />
    </UnitTest>
    <UnitTest name="TestAuditLog_AuditLogWithNullItemAuditParameters_Failure" storage="d:\actions-runner\_work\xpco\xpco\eventserver\server\components\central\gismap.unittest\bin\debug\net472\videoos.eventserver.gismap.unittest.dll" id="2605f120-228b-701d-b7e8-650173819492">
      <TestCategory>
        <TestCategoryItem TestCategory="BusinessObjects" />
      </TestCategory>
      <Execution id="69b9fd58-b5ba-4264-9b71-34656c94c10c" />
      <TestMethod codeBase="D:\actions-runner\_work\XPCO\XPCO\EventServer\Server\Components\Central\GisMap.UnitTest\bin\Debug\net472\VideoOS.EventServer.GisMap.UnitTest.dll" adapterTypeName="executor://mstestadapter/v2" className="VideoOS.EventServer.GisMap.UnitTest.BusinessObjects.Items.LinkItemTest" name="TestAuditLog_AuditLogWithNullItemAuditParameters_Failure" />
    </UnitTest>
    <UnitTest name="TestConstructor_Success" storage="d:\actions-runner\_work\xpco\xpco\eventserver\server\components\central\gismap.unittest\bin\debug\net472\videoos.eventserver.gismap.unittest.dll" id="094c5718-da43-3007-1e10-b3d9e851d275">
      <TestCategory>
        <TestCategoryItem TestCategory="BusinessObjects" />
      </TestCategory>
      <Execution id="df1596a3-d816-4a63-9120-c62761dd330b" />
      <TestMethod codeBase="D:\actions-runner\_work\XPCO\XPCO\EventServer\Server\Components\Central\GisMap.UnitTest\bin\Debug\net472\VideoOS.EventServer.GisMap.UnitTest.dll" adapterTypeName="executor://mstestadapter/v2" className="VideoOS.EventServer.GisMap.UnitTest.BusinessObjects.Layers.CameraLayerTest" name="TestConstructor_Success" />
    </UnitTest>
    <UnitTest name="Test_QueryLayersByLevelId_ZeroRows_succes" storage="d:\actions-runner\_work\xpco\xpco\eventserver\server\components\central\gismap.unittest\bin\debug\net472\videoos.eventserver.gismap.unittest.dll" id="7bfc939c-2abf-1b06-8e36-c8a0358f00e7">
      <TestCategory>
        <TestCategoryItem TestCategory="DataComponent" />
      </TestCategory>
      <Execution id="61fa5bc1-2df2-4b69-a8cc-e43bd9335d84" />
      <TestMethod codeBase="D:\actions-runner\_work\XPCO\XPCO\EventServer\Server\Components\Central\GisMap.UnitTest\bin\Debug\net472\VideoOS.EventServer.GisMap.UnitTest.dll" adapterTypeName="executor://mstestadapter/v2" className="VideoOS.EventServer.GisMap.UnitTest.DB.DataComponent.BuildingComponent_LevelTest" name="Test_QueryLayersByLevelId_ZeroRows_succes" />
    </UnitTest>
    <UnitTest name="ChangeBuildingGeography" storage="d:\actions-runner\_work\xpco\xpco\eventserver\server\components\central\gismap.unittest\bin\debug\net472\videoos.eventserver.gismap.unittest.dll" id="2e2ba133-dfa3-73a4-19a6-a0369a18ebcc">
      <TestCategory>
        <TestCategoryItem TestCategory="BusinessObjects" />
      </TestCategory>
      <Execution id="1cbe117f-c714-4353-9a63-fc0a90d53bcb" />
      <TestMethod codeBase="D:\actions-runner\_work\XPCO\XPCO\EventServer\Server\Components\Central\GisMap.UnitTest\bin\Debug\net472\VideoOS.EventServer.GisMap.UnitTest.dll" adapterTypeName="executor://mstestadapter/v2" className="VideoOS.EventServer.GisMap.UnitTest.BusinessObjects.Indexer.Buildings.BuildingItemsIndexerTest" name="ChangeBuildingGeography" />
    </UnitTest>
    <UnitTest name="TestConstructor_ParsingWcfObject_Success" storage="d:\actions-runner\_work\xpco\xpco\eventserver\server\components\central\gismap.unittest\bin\debug\net472\videoos.eventserver.gismap.unittest.dll" id="9dd600bd-7eff-5241-1cff-fe245da5daab">
      <TestCategory>
        <TestCategoryItem TestCategory="BusinessObjects" />
      </TestCategory>
      <Execution id="82dcde19-be90-4c55-8a24-b8e396daa208" />
      <TestMethod codeBase="D:\actions-runner\_work\XPCO\XPCO\EventServer\Server\Components\Central\GisMap.UnitTest\bin\Debug\net472\VideoOS.EventServer.GisMap.UnitTest.dll" adapterTypeName="executor://mstestadapter/v2" className="VideoOS.EventServer.GisMap.UnitTest.BusinessObjects.PositionTest" name="TestConstructor_ParsingWcfObject_Success" />
    </UnitTest>
    <UnitTest name="TestConstructor_Success" storage="d:\actions-runner\_work\xpco\xpco\eventserver\server\components\central\gismap.unittest\bin\debug\net472\videoos.eventserver.gismap.unittest.dll" id="7dda6913-3207-49f5-fa97-10337b5a08c7">
      <TestCategory>
        <TestCategoryItem TestCategory="BusinessObjects" />
      </TestCategory>
      <Execution id="ea7184ba-7c89-4ba3-8b15-f01286404e38" />
      <TestMethod codeBase="D:\actions-runner\_work\XPCO\XPCO\EventServer\Server\Components\Central\GisMap.UnitTest\bin\Debug\net472\VideoOS.EventServer.GisMap.UnitTest.dll" adapterTypeName="executor://mstestadapter/v2" className="VideoOS.EventServer.GisMap.UnitTest.BusinessObjects.Layers.MicrophoneLayerTest" name="TestConstructor_Success" />
    </UnitTest>
    <UnitTest name="GetItem_WhenWrongId_ReturnsNull" storage="d:\actions-runner\_work\xpco\xpco\eventserver\server\components\central\gismap.unittest\bin\debug\net472\videoos.eventserver.gismap.unittest.dll" id="312c4b40-7d4e-1752-8bba-9dfd52ec4390">
      <TestCategory>
        <TestCategoryItem TestCategory="GisMapServices" />
      </TestCategory>
      <Execution id="0a8b98df-3217-419f-8d89-e78847e215b3" />
      <TestMethod codeBase="D:\actions-runner\_work\XPCO\XPCO\EventServer\Server\Components\Central\GisMap.UnitTest\bin\Debug\net472\VideoOS.EventServer.GisMap.UnitTest.dll" adapterTypeName="executor://mstestadapter/v2" className="VideoOS.EventServer.GisMap.UnitTest.Services.Clustering.ItemClusteringServiceTest" name="GetItem_WhenWrongId_ReturnsNull" />
    </UnitTest>
    <UnitTest name="RemoveItems_Init5Items_Remove2" storage="d:\actions-runner\_work\xpco\xpco\eventserver\server\components\central\gismap.unittest\bin\debug\net472\videoos.eventserver.gismap.unittest.dll" id="aac946e7-c21e-0fab-5585-3a355bdc1d40">
      <TestCategory>
        <TestCategoryItem TestCategory="BusinessObjects" />
      </TestCategory>
      <Execution id="2f1848fb-593b-481c-b092-f20c2469ae90" />
      <TestMethod codeBase="D:\actions-runner\_work\XPCO\XPCO\EventServer\Server\Components\Central\GisMap.UnitTest\bin\Debug\net472\VideoOS.EventServer.GisMap.UnitTest.dll" adapterTypeName="executor://mstestadapter/v2" className="VideoOS.EventServer.GisMap.UnitTest.BusinessObjects.Indexer.MapItemIndexerTest" name="RemoveItems_Init5Items_Remove2" />
    </UnitTest>
    <UnitTest name="TestWcfObject_GetWcfObjectWithoutPosition_Success" storage="d:\actions-runner\_work\xpco\xpco\eventserver\server\components\central\gismap.unittest\bin\debug\net472\videoos.eventserver.gismap.unittest.dll" id="9c19758e-d9ee-78de-7800-7d27fd6f112b">
      <TestCategory>
        <TestCategoryItem TestCategory="BusinessObjects" />
      </TestCategory>
      <Execution id="0f14d97b-3b97-47e1-b1f0-b8d736efff1c" />
      <TestMethod codeBase="D:\actions-runner\_work\XPCO\XPCO\EventServer\Server\Components\Central\GisMap.UnitTest\bin\Debug\net472\VideoOS.EventServer.GisMap.UnitTest.dll" adapterTypeName="executor://mstestadapter/v2" className="VideoOS.EventServer.GisMap.UnitTest.BusinessObjects.Items.LinkItemTest" name="TestWcfObject_GetWcfObjectWithoutPosition_Success" />
    </UnitTest>
    <UnitTest name="BuildClusters_ReturnsClusterWithAllCellItems" storage="d:\actions-runner\_work\xpco\xpco\eventserver\server\components\central\gismap.unittest\bin\debug\net472\videoos.eventserver.gismap.unittest.dll" id="c8200f57-df1a-2908-f70f-de69738ec680">
      <TestCategory>
        <TestCategoryItem TestCategory="BusinessObjects" />
      </TestCategory>
      <Execution id="f16c6cf6-be48-4ab3-9dba-98a012ac493e" />
      <TestMethod codeBase="D:\actions-runner\_work\XPCO\XPCO\EventServer\Server\Components\Central\GisMap.UnitTest\bin\Debug\net472\VideoOS.EventServer.GisMap.UnitTest.dll" adapterTypeName="executor://mstestadapter/v2" className="VideoOS.EventServer.GisMap.UnitTest.BusinessObjects.Indexer.Clustering.WholeCellClusterStrategyTest" name="BuildClusters_ReturnsClusterWithAllCellItems" />
    </UnitTest>
    <UnitTest name="TestProperties_GetProperties_Success" storage="d:\actions-runner\_work\xpco\xpco\eventserver\server\components\central\gismap.unittest\bin\debug\net472\videoos.eventserver.gismap.unittest.dll" id="44301343-d884-c888-5daa-8bf33fcc30de">
      <TestCategory>
        <TestCategoryItem TestCategory="BusinessObjects" />
      </TestCategory>
      <Execution id="cd1c027d-a824-4228-841f-9db849e74b33" />
      <TestMethod codeBase="D:\actions-runner\_work\XPCO\XPCO\EventServer\Server\Components\Central\GisMap.UnitTest\bin\Debug\net472\VideoOS.EventServer.GisMap.UnitTest.dll" adapterTypeName="executor://mstestadapter/v2" className="VideoOS.EventServer.GisMap.UnitTest.BusinessObjects.PositionTest" name="TestProperties_GetProperties_Success" />
    </UnitTest>
    <UnitTest name="TestConstructor_ParsingWcfObject_NullMapItems_Success" storage="d:\actions-runner\_work\xpco\xpco\eventserver\server\components\central\gismap.unittest\bin\debug\net472\videoos.eventserver.gismap.unittest.dll" id="1b8c2d97-2fe1-5cdf-2fc9-4f78207edb1d">
      <TestCategory>
        <TestCategoryItem TestCategory="BusinessObjects" />
      </TestCategory>
      <Execution id="0fa9502b-33b9-4a6a-8e03-3f20631c82b6" />
      <TestMethod codeBase="D:\actions-runner\_work\XPCO\XPCO\EventServer\Server\Components\Central\GisMap.UnitTest\bin\Debug\net472\VideoOS.EventServer.GisMap.UnitTest.dll" adapterTypeName="executor://mstestadapter/v2" className="VideoOS.EventServer.GisMap.UnitTest.BusinessObjects.Buildings.LevelTest" name="TestConstructor_ParsingWcfObject_NullMapItems_Success" />
    </UnitTest>
    <UnitTest name="TestReorderLevels_NegativeLevelOrder_Failure" storage="d:\actions-runner\_work\xpco\xpco\eventserver\server\components\central\gismap.unittest\bin\debug\net472\videoos.eventserver.gismap.unittest.dll" id="521bdd45-0d41-c462-176b-42a5e54cc114">
      <TestCategory>
        <TestCategoryItem TestCategory="DataComponent" />
      </TestCategory>
      <Execution id="8990e38f-2c30-4acf-ab6c-8456bd01050b" />
      <TestMethod codeBase="D:\actions-runner\_work\XPCO\XPCO\EventServer\Server\Components\Central\GisMap.UnitTest\bin\Debug\net472\VideoOS.EventServer.GisMap.UnitTest.dll" adapterTypeName="executor://mstestadapter/v2" className="VideoOS.EventServer.GisMap.UnitTest.DB.DataComponent.BuildingComponent_LevelTest" name="TestReorderLevels_NegativeLevelOrder_Failure" />
    </UnitTest>
    <UnitTest name="ConstructorFromData_WhenPositionEmpty_IsMapEnabledFalse" storage="d:\actions-runner\_work\xpco\xpco\eventserver\server\components\central\gismap.unittest\bin\debug\net472\videoos.eventserver.gismap.unittest.dll" id="e6900046-16da-c379-2c5b-a2fb993e94ea">
      <TestCategory>
        <TestCategoryItem TestCategory="BusinessObjects" />
      </TestCategory>
      <Execution id="cf1871cf-47a7-424d-9954-5059119ca2f4" />
      <TestMethod codeBase="D:\actions-runner\_work\XPCO\XPCO\EventServer\Server\Components\Central\GisMap.UnitTest\bin\Debug\net472\VideoOS.EventServer.GisMap.UnitTest.dll" adapterTypeName="executor://mstestadapter/v2" className="VideoOS.EventServer.GisMap.UnitTest.BusinessObjects.Indexer.MapItemTest" name="ConstructorFromData_WhenPositionEmpty_IsMapEnabledFalse" />
    </UnitTest>
    <UnitTest name="TestPropertyNames_GettingPropertyNames_Success" storage="d:\actions-runner\_work\xpco\xpco\eventserver\server\components\central\gismap.unittest\bin\debug\net472\videoos.eventserver.gismap.unittest.dll" id="8a96c2c9-6de7-92a2-677c-311c56f44dfb">
      <TestCategory>
        <TestCategoryItem TestCategory="BusinessObjects" />
      </TestCategory>
      <Execution id="bde7025a-8e69-4b46-b90d-c583038f5593" />
      <TestMethod codeBase="D:\actions-runner\_work\XPCO\XPCO\EventServer\Server\Components\Central\GisMap.UnitTest\bin\Debug\net472\VideoOS.EventServer.GisMap.UnitTest.dll" adapterTypeName="executor://mstestadapter/v2" className="VideoOS.EventServer.GisMap.UnitTest.BusinessObjects.Repositories.ImageRepositoryTest" name="TestPropertyNames_GettingPropertyNames_Success" />
    </UnitTest>
    <UnitTest name="TestAddBuildings_NullOutline_Failure" storage="d:\actions-runner\_work\xpco\xpco\eventserver\server\components\central\gismap.unittest\bin\debug\net472\videoos.eventserver.gismap.unittest.dll" id="47589e2e-4b76-47f2-c72b-72b4285b8c83">
      <TestCategory>
        <TestCategoryItem TestCategory="DataComponent" />
      </TestCategory>
      <Execution id="d58602a5-081f-4d09-8ca9-f285f3e93783" />
      <TestMethod codeBase="D:\actions-runner\_work\XPCO\XPCO\EventServer\Server\Components\Central\GisMap.UnitTest\bin\Debug\net472\VideoOS.EventServer.GisMap.UnitTest.dll" adapterTypeName="executor://mstestadapter/v2" className="VideoOS.EventServer.GisMap.UnitTest.DB.DataComponent.BuildingComponentTest" name="TestAddBuildings_NullOutline_Failure" />
    </UnitTest>
    <UnitTest name="TestAddBuildings_Success" storage="d:\actions-runner\_work\xpco\xpco\eventserver\server\components\central\gismap.unittest\bin\debug\net472\videoos.eventserver.gismap.unittest.dll" id="137ad688-21c5-7950-f5f5-f73ab8951791">
      <TestCategory>
        <TestCategoryItem TestCategory="DataComponent" />
      </TestCategory>
      <Execution id="210f1eb1-d951-4278-bfc8-bc869cbfed5f" />
      <TestMethod codeBase="D:\actions-runner\_work\XPCO\XPCO\EventServer\Server\Components\Central\GisMap.UnitTest\bin\Debug\net472\VideoOS.EventServer.GisMap.UnitTest.dll" adapterTypeName="executor://mstestadapter/v2" className="VideoOS.EventServer.GisMap.UnitTest.DB.DataComponent.BuildingComponentTest" name="TestAddBuildings_Success" />
    </UnitTest>
    <UnitTest name="TestConstructor_ParsingWcfObjectWithNull_Success" storage="d:\actions-runner\_work\xpco\xpco\eventserver\server\components\central\gismap.unittest\bin\debug\net472\videoos.eventserver.gismap.unittest.dll" id="b683ad91-b12d-09a2-f3e7-de1598a6765a">
      <TestCategory>
        <TestCategoryItem TestCategory="BusinessObjects" />
      </TestCategory>
      <Execution id="588eba54-3ae1-4862-989f-9ca069d47d8a" />
      <TestMethod codeBase="D:\actions-runner\_work\XPCO\XPCO\EventServer\Server\Components\Central\GisMap.UnitTest\bin\Debug\net472\VideoOS.EventServer.GisMap.UnitTest.dll" adapterTypeName="executor://mstestadapter/v2" className="VideoOS.EventServer.GisMap.UnitTest.BusinessObjects.Buildings.BuildingMapItemTest" name="TestConstructor_ParsingWcfObjectWithNull_Success" />
    </UnitTest>
    <UnitTest name="TestWcfObject_GetWcfObjectWithNullUpperLeftUpperRightLowerLeftLowerRight_Success" storage="d:\actions-runner\_work\xpco\xpco\eventserver\server\components\central\gismap.unittest\bin\debug\net472\videoos.eventserver.gismap.unittest.dll" id="a4ae177a-07cb-a89d-81d1-b440a5ecad36">
      <TestCategory>
        <TestCategoryItem TestCategory="BusinessObjects" />
      </TestCategory>
      <Execution id="b2fbfeb0-b492-4cff-8301-63bac1657147" />
      <TestMethod codeBase="D:\actions-runner\_work\XPCO\XPCO\EventServer\Server\Components\Central\GisMap.UnitTest\bin\Debug\net472\VideoOS.EventServer.GisMap.UnitTest.dll" adapterTypeName="executor://mstestadapter/v2" className="VideoOS.EventServer.GisMap.UnitTest.BusinessObjects.TransformInfoTest" name="TestWcfObject_GetWcfObjectWithNullUpperLeftUpperRightLowerLeftLowerRight_Success" />
    </UnitTest>
    <UnitTest name="TestWcfObject_ConvertToWcfObjectWithNullMapSettings_Success" storage="d:\actions-runner\_work\xpco\xpco\eventserver\server\components\central\gismap.unittest\bin\debug\net472\videoos.eventserver.gismap.unittest.dll" id="ed207763-465e-ee16-6e7a-77de3bd2081f">
      <TestCategory>
        <TestCategoryItem TestCategory="BusinessObjects" />
      </TestCategory>
      <Execution id="1b995f1f-f0f9-4aaf-a183-8d50df2bd001" />
      <TestMethod codeBase="D:\actions-runner\_work\XPCO\XPCO\EventServer\Server\Components\Central\GisMap.UnitTest\bin\Debug\net472\VideoOS.EventServer.GisMap.UnitTest.dll" adapterTypeName="executor://mstestadapter/v2" className="VideoOS.EventServer.GisMap.UnitTest.BusinessObjects.Maps.MapTest" name="TestWcfObject_ConvertToWcfObjectWithNullMapSettings_Success" />
    </UnitTest>
    <UnitTest name="IsOnLevel" storage="d:\actions-runner\_work\xpco\xpco\eventserver\server\components\central\gismap.unittest\bin\debug\net472\videoos.eventserver.gismap.unittest.dll" id="84324c5d-7da7-f9ce-0616-e7ba25587da8">
      <TestCategory>
        <TestCategoryItem TestCategory="BusinessObjects" />
      </TestCategory>
      <Execution id="d5039eaf-d14a-4714-a10e-0ae299a8b807" />
      <TestMethod codeBase="D:\actions-runner\_work\XPCO\XPCO\EventServer\Server\Components\Central\GisMap.UnitTest\bin\Debug\net472\VideoOS.EventServer.GisMap.UnitTest.dll" adapterTypeName="executor://mstestadapter/v2" className="VideoOS.EventServer.GisMap.UnitTest.BusinessObjects.Indexer.Buildings.BuildingItemsIndexerTest" name="IsOnLevel" />
    </UnitTest>
    <UnitTest name="TestQueryKindsVisibility_MultiKind_Success" storage="d:\actions-runner\_work\xpco\xpco\eventserver\server\components\central\gismap.unittest\bin\debug\net472\videoos.eventserver.gismap.unittest.dll" id="77cba1b8-d81f-5df6-acc7-2e681367e225">
      <TestCategory>
        <TestCategoryItem TestCategory="DataComponent" />
      </TestCategory>
      <Execution id="83ca394c-1b4d-41df-9a18-e1ab73f3589e" />
      <TestMethod codeBase="D:\actions-runner\_work\XPCO\XPCO\EventServer\Server\Components\Central\GisMap.UnitTest\bin\Debug\net472\VideoOS.EventServer.GisMap.UnitTest.dll" adapterTypeName="executor://mstestadapter/v2" className="VideoOS.EventServer.GisMap.UnitTest.DB.DataComponent.MipItemComponentTest" name="TestQueryKindsVisibility_MultiKind_Success" />
    </UnitTest>
    <UnitTest name="TestAuditLog_AuditLogBuildingDefaultChanged_Success" storage="d:\actions-runner\_work\xpco\xpco\eventserver\server\components\central\gismap.unittest\bin\debug\net472\videoos.eventserver.gismap.unittest.dll" id="def93bc1-1d00-221e-ff3a-72fa3b306e12">
      <TestCategory>
        <TestCategoryItem TestCategory="BusinessObjects" />
      </TestCategory>
      <Execution id="0689bc8c-42af-4ba8-b576-7667cbc1cb45" />
      <TestMethod codeBase="D:\actions-runner\_work\XPCO\XPCO\EventServer\Server\Components\Central\GisMap.UnitTest\bin\Debug\net472\VideoOS.EventServer.GisMap.UnitTest.dll" adapterTypeName="executor://mstestadapter/v2" className="VideoOS.EventServer.GisMap.UnitTest.BusinessObjects.Buildings.BuildingTest" name="TestAuditLog_AuditLogBuildingDefaultChanged_Success" />
    </UnitTest>
    <UnitTest name="TestWcfObject_ConvertToWcfObject_Success" storage="d:\actions-runner\_work\xpco\xpco\eventserver\server\components\central\gismap.unittest\bin\debug\net472\videoos.eventserver.gismap.unittest.dll" id="06b77a5d-4106-f7e7-80a6-61f7dcae951d">
      <TestCategory>
        <TestCategoryItem TestCategory="BusinessObjects" />
      </TestCategory>
      <Execution id="46a88307-5147-4e22-8fac-b5d88241da8f" />
      <TestMethod codeBase="D:\actions-runner\_work\XPCO\XPCO\EventServer\Server\Components\Central\GisMap.UnitTest\bin\Debug\net472\VideoOS.EventServer.GisMap.UnitTest.dll" adapterTypeName="executor://mstestadapter/v2" className="VideoOS.EventServer.GisMap.UnitTest.BusinessObjects.Maps.BrowseMapTest" name="TestWcfObject_ConvertToWcfObject_Success" />
    </UnitTest>
    <UnitTest name="TestProperties_GetPropertiesFromWcfObject_Success" storage="d:\actions-runner\_work\xpco\xpco\eventserver\server\components\central\gismap.unittest\bin\debug\net472\videoos.eventserver.gismap.unittest.dll" id="11b3e576-7a1b-62b2-277e-c000f57ce0f1">
      <TestCategory>
        <TestCategoryItem TestCategory="BusinessObjects" />
      </TestCategory>
      <Execution id="4dd63e63-6a71-4dc9-a10e-1c0738365d49" />
      <TestMethod codeBase="D:\actions-runner\_work\XPCO\XPCO\EventServer\Server\Components\Central\GisMap.UnitTest\bin\Debug\net472\VideoOS.EventServer.GisMap.UnitTest.dll" adapterTypeName="executor://mstestadapter/v2" className="VideoOS.EventServer.GisMap.UnitTest.BusinessObjects.MapSettingsTest" name="TestProperties_GetPropertiesFromWcfObject_Success" />
    </UnitTest>
    <UnitTest name="TestAuditLog_AuditLogItemChangedWithNoOldItem_Success" storage="d:\actions-runner\_work\xpco\xpco\eventserver\server\components\central\gismap.unittest\bin\debug\net472\videoos.eventserver.gismap.unittest.dll" id="f97c07d6-c79e-6792-aec5-40cae13baf91">
      <TestCategory>
        <TestCategoryItem TestCategory="BusinessObjects" />
      </TestCategory>
      <Execution id="c36e7595-3ba8-46eb-8679-e81ff35aa307" />
      <TestMethod codeBase="D:\actions-runner\_work\XPCO\XPCO\EventServer\Server\Components\Central\GisMap.UnitTest\bin\Debug\net472\VideoOS.EventServer.GisMap.UnitTest.dll" adapterTypeName="executor://mstestadapter/v2" className="VideoOS.EventServer.GisMap.UnitTest.BusinessObjects.Items.LinkItemTest" name="TestAuditLog_AuditLogItemChangedWithNoOldItem_Success" />
    </UnitTest>
    <UnitTest name="AddItems_1Item_1Cluster" storage="d:\actions-runner\_work\xpco\xpco\eventserver\server\components\central\gismap.unittest\bin\debug\net472\videoos.eventserver.gismap.unittest.dll" id="ff65dad1-742e-582b-a3c8-bd26130b4be6">
      <TestCategory>
        <TestCategoryItem TestCategory="BusinessObjects" />
      </TestCategory>
      <Execution id="b48954ca-2b32-4e38-bae8-fe0f6153318e" />
      <TestMethod codeBase="D:\actions-runner\_work\XPCO\XPCO\EventServer\Server\Components\Central\GisMap.UnitTest\bin\Debug\net472\VideoOS.EventServer.GisMap.UnitTest.dll" adapterTypeName="executor://mstestadapter/v2" className="VideoOS.EventServer.GisMap.UnitTest.BusinessObjects.Indexer.MapItemIndexerTest" name="AddItems_1Item_1Cluster" />
    </UnitTest>
    <UnitTest name="TestUpdateLevels_DatabaseException_Failure" storage="d:\actions-runner\_work\xpco\xpco\eventserver\server\components\central\gismap.unittest\bin\debug\net472\videoos.eventserver.gismap.unittest.dll" id="d213c998-c49d-6852-8aff-647de77dd87a">
      <TestCategory>
        <TestCategoryItem TestCategory="DataComponent" />
      </TestCategory>
      <Execution id="499ba426-a99c-4c84-bd48-1168f35a494a" />
      <TestMethod codeBase="D:\actions-runner\_work\XPCO\XPCO\EventServer\Server\Components\Central\GisMap.UnitTest\bin\Debug\net472\VideoOS.EventServer.GisMap.UnitTest.dll" adapterTypeName="executor://mstestadapter/v2" className="VideoOS.EventServer.GisMap.UnitTest.DB.DataComponent.BuildingComponent_LevelTest" name="TestUpdateLevels_DatabaseException_Failure" />
    </UnitTest>
    <UnitTest name="TestConstructor_ParsingWcfObject_Success" storage="d:\actions-runner\_work\xpco\xpco\eventserver\server\components\central\gismap.unittest\bin\debug\net472\videoos.eventserver.gismap.unittest.dll" id="8f3b4f99-afdc-9597-8d92-9e2b1e15d907">
      <TestCategory>
        <TestCategoryItem TestCategory="BusinessObjects" />
      </TestCategory>
      <Execution id="fb277f93-6c5a-43e5-aed1-25fe9c605396" />
      <TestMethod codeBase="D:\actions-runner\_work\XPCO\XPCO\EventServer\Server\Components\Central\GisMap.UnitTest\bin\Debug\net472\VideoOS.EventServer.GisMap.UnitTest.dll" adapterTypeName="executor://mstestadapter/v2" className="VideoOS.EventServer.GisMap.UnitTest.BusinessObjects.Layers.BingMapLayerTest" name="TestConstructor_ParsingWcfObject_Success" />
    </UnitTest>
    <UnitTest name="TestWcfObject_GetWcfObject_Success" storage="d:\actions-runner\_work\xpco\xpco\eventserver\server\components\central\gismap.unittest\bin\debug\net472\videoos.eventserver.gismap.unittest.dll" id="630ac451-2612-b7c0-a7c3-7bc384dc7630">
      <TestCategory>
        <TestCategoryItem TestCategory="BusinessObjects" />
      </TestCategory>
      <Execution id="39d29174-e395-4635-aa13-cef59c36c61e" />
      <TestMethod codeBase="D:\actions-runner\_work\XPCO\XPCO\EventServer\Server\Components\Central\GisMap.UnitTest\bin\Debug\net472\VideoOS.EventServer.GisMap.UnitTest.dll" adapterTypeName="executor://mstestadapter/v2" className="VideoOS.EventServer.GisMap.UnitTest.BusinessObjects.MapViewPointTest" name="TestWcfObject_GetWcfObject_Success" />
    </UnitTest>
    <UnitTest name="TestConstructor_ParsingWcfObjectWithNull_Success" storage="d:\actions-runner\_work\xpco\xpco\eventserver\server\components\central\gismap.unittest\bin\debug\net472\videoos.eventserver.gismap.unittest.dll" id="fe6f8eb7-9e45-eeda-d481-7ce0c15e65c1">
      <TestCategory>
        <TestCategoryItem TestCategory="BusinessObjects" />
      </TestCategory>
      <Execution id="82f8c634-e2c0-4549-b0bb-27205e0e3bfa" />
      <TestMethod codeBase="D:\actions-runner\_work\XPCO\XPCO\EventServer\Server\Components\Central\GisMap.UnitTest\bin\Debug\net472\VideoOS.EventServer.GisMap.UnitTest.dll" adapterTypeName="executor://mstestadapter/v2" className="VideoOS.EventServer.GisMap.UnitTest.BusinessObjects.Buildings.BuildingTest" name="TestConstructor_ParsingWcfObjectWithNull_Success" />
    </UnitTest>
    <UnitTest name="TestPropertyNames_GettingPropertyNames_Success" storage="d:\actions-runner\_work\xpco\xpco\eventserver\server\components\central\gismap.unittest\bin\debug\net472\videoos.eventserver.gismap.unittest.dll" id="c54eb969-a3de-aa48-d99a-d442654c6d39">
      <TestCategory>
        <TestCategoryItem TestCategory="BusinessObjects" />
      </TestCategory>
      <Execution id="4b31b6d9-e93b-4592-8368-c6d3fbf75075" />
      <TestMethod codeBase="D:\actions-runner\_work\XPCO\XPCO\EventServer\Server\Components\Central\GisMap.UnitTest\bin\Debug\net472\VideoOS.EventServer.GisMap.UnitTest.dll" adapterTypeName="executor://mstestadapter/v2" className="VideoOS.EventServer.GisMap.UnitTest.BusinessObjects.Items.LinkItemTest" name="TestPropertyNames_GettingPropertyNames_Success" />
    </UnitTest>
    <UnitTest name="TestAuditLog_AuditLogLayerAdded_Success" storage="d:\actions-runner\_work\xpco\xpco\eventserver\server\components\central\gismap.unittest\bin\debug\net472\videoos.eventserver.gismap.unittest.dll" id="bbc0d264-8ce0-2864-98f6-f8803cb7a31f">
      <TestCategory>
        <TestCategoryItem TestCategory="BusinessObjects" />
      </TestCategory>
      <Execution id="be4f2421-435e-4514-8b3e-0de5d36e6fa8" />
      <TestMethod codeBase="D:\actions-runner\_work\XPCO\XPCO\EventServer\Server\Components\Central\GisMap.UnitTest\bin\Debug\net472\VideoOS.EventServer.GisMap.UnitTest.dll" adapterTypeName="executor://mstestadapter/v2" className="VideoOS.EventServer.GisMap.UnitTest.BusinessObjects.Layers.CADLayerTest" name="TestAuditLog_AuditLogLayerAdded_Success" />
    </UnitTest>
    <UnitTest name="TestAddBuilding_NullBuilding_Failure" storage="d:\actions-runner\_work\xpco\xpco\eventserver\server\components\central\gismap.unittest\bin\debug\net472\videoos.eventserver.gismap.unittest.dll" id="99f9fd62-ac7d-78fb-11ef-288f41ae274b">
      <TestCategory>
        <TestCategoryItem TestCategory="DataComponent" />
      </TestCategory>
      <Execution id="7c528b99-9631-48b4-b474-4d8f02ff37e7" />
      <TestMethod codeBase="D:\actions-runner\_work\XPCO\XPCO\EventServer\Server\Components\Central\GisMap.UnitTest\bin\Debug\net472\VideoOS.EventServer.GisMap.UnitTest.dll" adapterTypeName="executor://mstestadapter/v2" className="VideoOS.EventServer.GisMap.UnitTest.DB.DataComponent.BuildingComponentTest" name="TestAddBuilding_NullBuilding_Failure" />
    </UnitTest>
    <UnitTest name="TestWcfObject_GetWcfObjectWithNullViewport_Success" storage="d:\actions-runner\_work\xpco\xpco\eventserver\server\components\central\gismap.unittest\bin\debug\net472\videoos.eventserver.gismap.unittest.dll" id="8c2fc1c3-ffae-cb92-62ae-f080b730c76a">
      <TestCategory>
        <TestCategoryItem TestCategory="BusinessObjects" />
      </TestCategory>
      <Execution id="90590825-2d41-4b86-a629-a04e5e82a135" />
      <TestMethod codeBase="D:\actions-runner\_work\XPCO\XPCO\EventServer\Server\Components\Central\GisMap.UnitTest\bin\Debug\net472\VideoOS.EventServer.GisMap.UnitTest.dll" adapterTypeName="executor://mstestadapter/v2" className="VideoOS.EventServer.GisMap.UnitTest.BusinessObjects.MapSettingsTest" name="TestWcfObject_GetWcfObjectWithNullViewport_Success" />
    </UnitTest>
    <UnitTest name="TestUpdateProperties_UpdateAllProperties_Success" storage="d:\actions-runner\_work\xpco\xpco\eventserver\server\components\central\gismap.unittest\bin\debug\net472\videoos.eventserver.gismap.unittest.dll" id="3cef07fc-fcc7-2fc0-892c-cfda8322bbb5">
      <TestCategory>
        <TestCategoryItem TestCategory="BusinessObjects" />
      </TestCategory>
      <Execution id="abdd5634-4954-4a08-8838-7a56803803bb" />
      <TestMethod codeBase="D:\actions-runner\_work\XPCO\XPCO\EventServer\Server\Components\Central\GisMap.UnitTest\bin\Debug\net472\VideoOS.EventServer.GisMap.UnitTest.dll" adapterTypeName="executor://mstestadapter/v2" className="VideoOS.EventServer.GisMap.UnitTest.BusinessObjects.Layers.LegacyLinkLayerTest" name="TestUpdateProperties_UpdateAllProperties_Success" />
    </UnitTest>
    <UnitTest name="Constructor_LevelsSet_IgnoreLevelItemsThatAreNotPartOfIndexer" storage="d:\actions-runner\_work\xpco\xpco\eventserver\server\components\central\gismap.unittest\bin\debug\net472\videoos.eventserver.gismap.unittest.dll" id="1b0c58e8-3ac0-6e55-13a6-976f6994288a">
      <TestCategory>
        <TestCategoryItem TestCategory="BusinessObjects" />
      </TestCategory>
      <Execution id="bd30c7ab-d076-4a29-a62b-e219632eeff2" />
      <TestMethod codeBase="D:\actions-runner\_work\XPCO\XPCO\EventServer\Server\Components\Central\GisMap.UnitTest\bin\Debug\net472\VideoOS.EventServer.GisMap.UnitTest.dll" adapterTypeName="executor://mstestadapter/v2" className="VideoOS.EventServer.GisMap.UnitTest.BusinessObjects.Indexer.Buildings.BuildingIndexTest" name="Constructor_LevelsSet_IgnoreLevelItemsThatAreNotPartOfIndexer" />
    </UnitTest>
    <UnitTest name="TestConstructor_ParsingWcfObjectWithNull_Success" storage="d:\actions-runner\_work\xpco\xpco\eventserver\server\components\central\gismap.unittest\bin\debug\net472\videoos.eventserver.gismap.unittest.dll" id="9ad53845-14f4-c284-f6a5-248e9e3aba27">
      <TestCategory>
        <TestCategoryItem TestCategory="BusinessObjects" />
      </TestCategory>
      <Execution id="e307e9b3-6df6-4b01-88ef-75c6922d9524" />
      <TestMethod codeBase="D:\actions-runner\_work\XPCO\XPCO\EventServer\Server\Components\Central\GisMap.UnitTest\bin\Debug\net472\VideoOS.EventServer.GisMap.UnitTest.dll" adapterTypeName="executor://mstestadapter/v2" className="VideoOS.EventServer.GisMap.UnitTest.BusinessObjects.Layers.GoogleMapLayerTest" name="TestConstructor_ParsingWcfObjectWithNull_Success" />
    </UnitTest>
    <UnitTest name="RemoveLevel" storage="d:\actions-runner\_work\xpco\xpco\eventserver\server\components\central\gismap.unittest\bin\debug\net472\videoos.eventserver.gismap.unittest.dll" id="10824584-b0ef-c30e-5e75-e9428713871e">
      <TestCategory>
        <TestCategoryItem TestCategory="BusinessObjects" />
      </TestCategory>
      <Execution id="b8d1de3e-4dbf-4721-992f-3e6af74e364f" />
      <TestMethod codeBase="D:\actions-runner\_work\XPCO\XPCO\EventServer\Server\Components\Central\GisMap.UnitTest\bin\Debug\net472\VideoOS.EventServer.GisMap.UnitTest.dll" adapterTypeName="executor://mstestadapter/v2" className="VideoOS.EventServer.GisMap.UnitTest.BusinessObjects.Indexer.Buildings.BuildingIndexTest" name="RemoveLevel" />
    </UnitTest>
    <UnitTest name="TestAuditLog_AuditLogLevelRenamed_Success" storage="d:\actions-runner\_work\xpco\xpco\eventserver\server\components\central\gismap.unittest\bin\debug\net472\videoos.eventserver.gismap.unittest.dll" id="02dd0347-81a6-5d2e-72bb-1e46d337ac10">
      <TestCategory>
        <TestCategoryItem TestCategory="BusinessObjects" />
      </TestCategory>
      <Execution id="42298fa3-6c80-451c-a634-c1e2a02cc5b7" />
      <TestMethod codeBase="D:\actions-runner\_work\XPCO\XPCO\EventServer\Server\Components\Central\GisMap.UnitTest\bin\Debug\net472\VideoOS.EventServer.GisMap.UnitTest.dll" adapterTypeName="executor://mstestadapter/v2" className="VideoOS.EventServer.GisMap.UnitTest.BusinessObjects.Buildings.LevelTest" name="TestAuditLog_AuditLogLevelRenamed_Success" />
    </UnitTest>
    <UnitTest name="TestUpdateLevel_Success" storage="d:\actions-runner\_work\xpco\xpco\eventserver\server\components\central\gismap.unittest\bin\debug\net472\videoos.eventserver.gismap.unittest.dll" id="be8bbfdf-5cee-e570-a087-d8a3e11536eb">
      <TestCategory>
        <TestCategoryItem TestCategory="DataComponent" />
      </TestCategory>
      <Execution id="8d4ff5f9-2bea-4911-acde-117b8a4e4bb4" />
      <TestMethod codeBase="D:\actions-runner\_work\XPCO\XPCO\EventServer\Server\Components\Central\GisMap.UnitTest\bin\Debug\net472\VideoOS.EventServer.GisMap.UnitTest.dll" adapterTypeName="executor://mstestadapter/v2" className="VideoOS.EventServer.GisMap.UnitTest.DB.DataComponent.BuildingComponent_LevelTest" name="TestUpdateLevel_Success" />
    </UnitTest>
    <UnitTest name="RemoveItems_Init5Items_RemoveWholeCluster" storage="d:\actions-runner\_work\xpco\xpco\eventserver\server\components\central\gismap.unittest\bin\debug\net472\videoos.eventserver.gismap.unittest.dll" id="04e6627c-fea8-4a3b-5994-ffc3bbebad08">
      <TestCategory>
        <TestCategoryItem TestCategory="BusinessObjects" />
      </TestCategory>
      <Execution id="6fc6d9a3-d1fd-420c-8536-626e8f06cd69" />
      <TestMethod codeBase="D:\actions-runner\_work\XPCO\XPCO\EventServer\Server\Components\Central\GisMap.UnitTest\bin\Debug\net472\VideoOS.EventServer.GisMap.UnitTest.dll" adapterTypeName="executor://mstestadapter/v2" className="VideoOS.EventServer.GisMap.UnitTest.BusinessObjects.Indexer.MapItemIndexerTest" name="RemoveItems_Init5Items_RemoveWholeCluster" />
    </UnitTest>
    <UnitTest name="Opened_ObtainsItemsInitializesServices" storage="d:\actions-runner\_work\xpco\xpco\eventserver\server\components\central\gismap.unittest\bin\debug\net472\videoos.eventserver.gismap.unittest.dll" id="0fb9c2a6-ea9b-e8a0-a382-04b6cf31ab2d">
      <TestCategory>
        <TestCategoryItem TestCategory="GisMapMipItems" />
      </TestCategory>
      <Execution id="1548b998-7768-4db1-be0b-af41c55d53d7" />
      <TestMethod codeBase="D:\actions-runner\_work\XPCO\XPCO\EventServer\Server\Components\Central\GisMap.UnitTest\bin\Debug\net472\VideoOS.EventServer.GisMap.UnitTest.dll" adapterTypeName="executor://mstestadapter/v2" className="VideoOS.EventServer.GisMap.UnitTest.WebService.GisMipItemCommandTest" name="Opened_ObtainsItemsInitializesServices" />
    </UnitTest>
    <UnitTest name="TestWcfObject_ConvertToWcfObject_Success" storage="d:\actions-runner\_work\xpco\xpco\eventserver\server\components\central\gismap.unittest\bin\debug\net472\videoos.eventserver.gismap.unittest.dll" id="f4e400af-adaa-653c-7739-14c2956be5e1">
      <TestCategory>
        <TestCategoryItem TestCategory="BusinessObjects" />
      </TestCategory>
      <Execution id="0d57b7d7-984b-4a59-8b67-c7522f1fcc11" />
      <TestMethod codeBase="D:\actions-runner\_work\XPCO\XPCO\EventServer\Server\Components\Central\GisMap.UnitTest\bin\Debug\net472\VideoOS.EventServer.GisMap.UnitTest.dll" adapterTypeName="executor://mstestadapter/v2" className="VideoOS.EventServer.GisMap.UnitTest.BusinessObjects.Repositories.ImageRepositoryTest" name="TestWcfObject_ConvertToWcfObject_Success" />
    </UnitTest>
    <UnitTest name="RemoveItem_Levels" storage="d:\actions-runner\_work\xpco\xpco\eventserver\server\components\central\gismap.unittest\bin\debug\net472\videoos.eventserver.gismap.unittest.dll" id="a4a444d2-a093-0e84-3156-18ce740a830e">
      <TestCategory>
        <TestCategoryItem TestCategory="BusinessObjects" />
      </TestCategory>
      <Execution id="ccc9fed5-6fa1-491f-8005-8607e1fcc681" />
      <TestMethod codeBase="D:\actions-runner\_work\XPCO\XPCO\EventServer\Server\Components\Central\GisMap.UnitTest\bin\Debug\net472\VideoOS.EventServer.GisMap.UnitTest.dll" adapterTypeName="executor://mstestadapter/v2" className="VideoOS.EventServer.GisMap.UnitTest.BusinessObjects.Indexer.Buildings.BuildingIndexTest" name="RemoveItem_Levels" />
    </UnitTest>
    <UnitTest name="TestConstructor_ParsingWcfObjectWithoutExtent_Success" storage="d:\actions-runner\_work\xpco\xpco\eventserver\server\components\central\gismap.unittest\bin\debug\net472\videoos.eventserver.gismap.unittest.dll" id="be8a5657-5dbf-cc26-1424-1f563209b9bd">
      <TestCategory>
        <TestCategoryItem TestCategory="BusinessObjects" />
      </TestCategory>
      <Execution id="283c7168-325f-4d9b-9a3a-4b0be6e620b3" />
      <TestMethod codeBase="D:\actions-runner\_work\XPCO\XPCO\EventServer\Server\Components\Central\GisMap.UnitTest\bin\Debug\net472\VideoOS.EventServer.GisMap.UnitTest.dll" adapterTypeName="executor://mstestadapter/v2" className="VideoOS.EventServer.GisMap.UnitTest.BusinessObjects.Layers.GoogleMapLayerTest" name="TestConstructor_ParsingWcfObjectWithoutExtent_Success" />
    </UnitTest>
    <UnitTest name="TestProperties_GetProperties_Success" storage="d:\actions-runner\_work\xpco\xpco\eventserver\server\components\central\gismap.unittest\bin\debug\net472\videoos.eventserver.gismap.unittest.dll" id="091530ba-fe2f-c00c-1db1-cb3e585f294c">
      <TestCategory>
        <TestCategoryItem TestCategory="BusinessObjects" />
      </TestCategory>
      <Execution id="8eaa4d8b-06ed-44ba-9ec0-7959f3df2652" />
      <TestMethod codeBase="D:\actions-runner\_work\XPCO\XPCO\EventServer\Server\Components\Central\GisMap.UnitTest\bin\Debug\net472\VideoOS.EventServer.GisMap.UnitTest.dll" adapterTypeName="executor://mstestadapter/v2" className="VideoOS.EventServer.GisMap.UnitTest.BusinessObjects.Layers.LinkLayerTest" name="TestProperties_GetProperties_Success" />
    </UnitTest>
    <UnitTest name="BuildingEvents_Reaction" storage="d:\actions-runner\_work\xpco\xpco\eventserver\server\components\central\gismap.unittest\bin\debug\net472\videoos.eventserver.gismap.unittest.dll" id="5d294bba-2ebf-290a-e853-ad009704c202">
      <TestCategory>
        <TestCategoryItem TestCategory="GisMapServices" />
      </TestCategory>
      <Execution id="f11d9976-e3f0-4203-9511-1a59eae6ec83" />
      <TestMethod codeBase="D:\actions-runner\_work\XPCO\XPCO\EventServer\Server\Components\Central\GisMap.UnitTest\bin\Debug\net472\VideoOS.EventServer.GisMap.UnitTest.dll" adapterTypeName="executor://mstestadapter/v2" className="VideoOS.EventServer.GisMap.UnitTest.Services.Clustering.MapDataUpdaterTest" name="BuildingEvents_Reaction" />
    </UnitTest>
    <UnitTest name="RemoveItems_Rises_OnItemsExcluded" storage="d:\actions-runner\_work\xpco\xpco\eventserver\server\components\central\gismap.unittest\bin\debug\net472\videoos.eventserver.gismap.unittest.dll" id="7c79b127-b34c-0eb3-b547-ce4214dcdd77">
      <TestCategory>
        <TestCategoryItem TestCategory="BusinessObjects" />
      </TestCategory>
      <Execution id="63bf5220-5c4f-42a9-bf52-e14cfa5b49ab" />
      <TestMethod codeBase="D:\actions-runner\_work\XPCO\XPCO\EventServer\Server\Components\Central\GisMap.UnitTest\bin\Debug\net472\VideoOS.EventServer.GisMap.UnitTest.dll" adapterTypeName="executor://mstestadapter/v2" className="VideoOS.EventServer.GisMap.UnitTest.BusinessObjects.Indexer.MapItemIndexerTest" name="RemoveItems_Rises_OnItemsExcluded" />
    </UnitTest>
    <UnitTest name="OnBuildingOutlinesUpdated" storage="d:\actions-runner\_work\xpco\xpco\eventserver\server\components\central\gismap.unittest\bin\debug\net472\videoos.eventserver.gismap.unittest.dll" id="f878432b-12f0-1786-7600-b1ff9fc6794c">
      <TestCategory>
        <TestCategoryItem TestCategory="GisMapServices" />
      </TestCategory>
      <Execution id="927b0f86-afcb-469b-9de2-9bf88a5a5dd8" />
      <TestMethod codeBase="D:\actions-runner\_work\XPCO\XPCO\EventServer\Server\Components\Central\GisMap.UnitTest\bin\Debug\net472\VideoOS.EventServer.GisMap.UnitTest.dll" adapterTypeName="executor://mstestadapter/v2" className="VideoOS.EventServer.GisMap.UnitTest.Services.Events.EventBusTest" name="OnBuildingOutlinesUpdated" />
    </UnitTest>
    <UnitTest name="SetMapItems_SetsPositionForItemWithMinimumId" storage="d:\actions-runner\_work\xpco\xpco\eventserver\server\components\central\gismap.unittest\bin\debug\net472\videoos.eventserver.gismap.unittest.dll" id="5fb5ca8d-2b3c-1e3c-db7a-47c6ee32b770">
      <TestCategory>
        <TestCategoryItem TestCategory="BusinessObjects" />
      </TestCategory>
      <Execution id="658dd019-1a99-4e05-b3a5-cc9c14da48ca" />
      <TestMethod codeBase="D:\actions-runner\_work\XPCO\XPCO\EventServer\Server\Components\Central\GisMap.UnitTest\bin\Debug\net472\VideoOS.EventServer.GisMap.UnitTest.dll" adapterTypeName="executor://mstestadapter/v2" className="VideoOS.EventServer.GisMap.UnitTest.BusinessObjects.Indexer.Clustering.MapItemClusterTest" name="SetMapItems_SetsPositionForItemWithMinimumId" />
    </UnitTest>
    <UnitTest name="GetMipItemsByKindAndArea_WhenExistBuildings_BuildingsAwareClusteringStrategy" storage="d:\actions-runner\_work\xpco\xpco\eventserver\server\components\central\gismap.unittest\bin\debug\net472\videoos.eventserver.gismap.unittest.dll" id="0b3147f4-13ce-8c2b-1ed2-91ce468d31a1">
      <TestCategory>
        <TestCategoryItem TestCategory="GisMapMipItems" />
      </TestCategory>
      <Execution id="65573b40-0550-4cba-b34e-84d885d77c2e" />
      <TestMethod codeBase="D:\actions-runner\_work\XPCO\XPCO\EventServer\Server\Components\Central\GisMap.UnitTest\bin\Debug\net472\VideoOS.EventServer.GisMap.UnitTest.dll" adapterTypeName="executor://mstestadapter/v2" className="VideoOS.EventServer.GisMap.UnitTest.WebService.GisMipItemCommandTest" name="GetMipItemsByKindAndArea_WhenExistBuildings_BuildingsAwareClusteringStrategy" />
    </UnitTest>
    <UnitTest name="TestWcfObject_GetWcfObject_Success" storage="d:\actions-runner\_work\xpco\xpco\eventserver\server\components\central\gismap.unittest\bin\debug\net472\videoos.eventserver.gismap.unittest.dll" id="d15b7f98-3554-6b24-805b-0de6db3ececb">
      <TestCategory>
        <TestCategoryItem TestCategory="BusinessObjects" />
      </TestCategory>
      <Execution id="6f86da00-4cea-439f-a538-2e08a62ad7a3" />
      <TestMethod codeBase="D:\actions-runner\_work\XPCO\XPCO\EventServer\Server\Components\Central\GisMap.UnitTest\bin\Debug\net472\VideoOS.EventServer.GisMap.UnitTest.dll" adapterTypeName="executor://mstestadapter/v2" className="VideoOS.EventServer.GisMap.UnitTest.BusinessObjects.RectangleTest" name="TestWcfObject_GetWcfObject_Success" />
    </UnitTest>
    <UnitTest name="TestConstructor_CreateService_Success" storage="d:\actions-runner\_work\xpco\xpco\eventserver\server\components\central\gismap.unittest\bin\debug\net472\videoos.eventserver.gismap.unittest.dll" id="087b1e39-d1fa-3d6c-4685-64625acfa9e4">
      <TestCategory>
        <TestCategoryItem TestCategory="GisCommand" />
      </TestCategory>
      <Execution id="e6d0756d-429a-4ce7-b067-0db038b875a2" />
      <TestMethod codeBase="D:\actions-runner\_work\XPCO\XPCO\EventServer\Server\Components\Central\GisMap.UnitTest\bin\Debug\net472\VideoOS.EventServer.GisMap.UnitTest.dll" adapterTypeName="executor://mstestadapter/v2" className="VideoOS.EventServer.GisMap.UnitTest.WebService.GisBuildingCommandTest" name="TestConstructor_CreateService_Success" />
    </UnitTest>
    <UnitTest name="TestConstructor_Success" storage="d:\actions-runner\_work\xpco\xpco\eventserver\server\components\central\gismap.unittest\bin\debug\net472\videoos.eventserver.gismap.unittest.dll" id="2ce95934-9fe4-6fa4-2010-77aef0c6633d">
      <TestCategory>
        <TestCategoryItem TestCategory="BusinessObjects" />
      </TestCategory>
      <Execution id="bf69455a-463b-4be8-b04c-f7bc247856a7" />
      <TestMethod codeBase="D:\actions-runner\_work\XPCO\XPCO\EventServer\Server\Components\Central\GisMap.UnitTest\bin\Debug\net472\VideoOS.EventServer.GisMap.UnitTest.dll" adapterTypeName="executor://mstestadapter/v2" className="VideoOS.EventServer.GisMap.UnitTest.BusinessObjects.Layers.GoogleMapLayerTest" name="TestConstructor_Success" />
    </UnitTest>
    <UnitTest name="TestConstructor_ParsingWcfObjectWithoutExtent_Success" storage="d:\actions-runner\_work\xpco\xpco\eventserver\server\components\central\gismap.unittest\bin\debug\net472\videoos.eventserver.gismap.unittest.dll" id="1659e2e1-078f-341b-0cfb-f59dda1952ab">
      <TestCategory>
        <TestCategoryItem TestCategory="BusinessObjects" />
      </TestCategory>
      <Execution id="48fc442e-668a-41a4-b9b5-72ec3900dab1" />
      <TestMethod codeBase="D:\actions-runner\_work\XPCO\XPCO\EventServer\Server\Components\Central\GisMap.UnitTest\bin\Debug\net472\VideoOS.EventServer.GisMap.UnitTest.dll" adapterTypeName="executor://mstestadapter/v2" className="VideoOS.EventServer.GisMap.UnitTest.BusinessObjects.Layers.ViewZoneLayerTest" name="TestConstructor_ParsingWcfObjectWithoutExtent_Success" />
    </UnitTest>
    <UnitTest name="Open_WhenAddressAccessDeniedException_LogsError" storage="d:\actions-runner\_work\xpco\xpco\eventserver\server\components\central\gismap.unittest\bin\debug\net472\videoos.eventserver.gismap.unittest.dll" id="824726c2-43c6-84ce-f1b2-7be76f2ed9ef">
      <TestCategory>
        <TestCategoryItem TestCategory="GisMap" />
      </TestCategory>
      <Execution id="3d6540c7-6f4e-40ab-b918-1d019aceb1bd" />
      <TestMethod codeBase="D:\actions-runner\_work\XPCO\XPCO\EventServer\Server\Components\Central\GisMap.UnitTest\bin\Debug\net472\VideoOS.EventServer.GisMap.UnitTest.dll" adapterTypeName="executor://mstestadapter/v2" className="VideoOS.EventServer.GisMap.UnitTest.WebService.GisMapWebServiceTest" name="Open_WhenAddressAccessDeniedException_LogsError" />
    </UnitTest>
    <UnitTest name="TestProperties_GetPropertiesFromWcfObjectWithNullPosition_Success" storage="d:\actions-runner\_work\xpco\xpco\eventserver\server\components\central\gismap.unittest\bin\debug\net472\videoos.eventserver.gismap.unittest.dll" id="71713aaf-5d5f-848f-53a9-972129459e12">
      <TestCategory>
        <TestCategoryItem TestCategory="BusinessObjects" />
      </TestCategory>
      <Execution id="f32cc52e-ec0f-440f-a5f4-9a517233031d" />
      <TestMethod codeBase="D:\actions-runner\_work\XPCO\XPCO\EventServer\Server\Components\Central\GisMap.UnitTest\bin\Debug\net472\VideoOS.EventServer.GisMap.UnitTest.dll" adapterTypeName="executor://mstestadapter/v2" className="VideoOS.EventServer.GisMap.UnitTest.BusinessObjects.Items.LegacyLinkItemTest" name="TestProperties_GetPropertiesFromWcfObjectWithNullPosition_Success" />
    </UnitTest>
    <UnitTest name="HasItem_False" storage="d:\actions-runner\_work\xpco\xpco\eventserver\server\components\central\gismap.unittest\bin\debug\net472\videoos.eventserver.gismap.unittest.dll" id="85db59f6-5920-cb36-3faa-3b40cf5c858b">
      <TestCategory>
        <TestCategoryItem TestCategory="GisMapServices" />
      </TestCategory>
      <Execution id="f054c211-31a1-4641-b79f-eac799592dff" />
      <TestMethod codeBase="D:\actions-runner\_work\XPCO\XPCO\EventServer\Server\Components\Central\GisMap.UnitTest\bin\Debug\net472\VideoOS.EventServer.GisMap.UnitTest.dll" adapterTypeName="executor://mstestadapter/v2" className="VideoOS.EventServer.GisMap.UnitTest.Services.Clustering.ItemClusteringServiceTest" name="HasItem_False" />
    </UnitTest>
    <UnitTest name="Open_OpensComandsAndHostsInTheOrder" storage="d:\actions-runner\_work\xpco\xpco\eventserver\server\components\central\gismap.unittest\bin\debug\net472\videoos.eventserver.gismap.unittest.dll" id="460657b9-140b-2240-063b-76a23862caf9">
      <TestCategory>
        <TestCategoryItem TestCategory="GisMap" />
      </TestCategory>
      <Execution id="6388d22c-2370-4bf3-8f18-ecb35ddafe33" />
      <TestMethod codeBase="D:\actions-runner\_work\XPCO\XPCO\EventServer\Server\Components\Central\GisMap.UnitTest\bin\Debug\net472\VideoOS.EventServer.GisMap.UnitTest.dll" adapterTypeName="executor://mstestadapter/v2" className="VideoOS.EventServer.GisMap.UnitTest.WebService.GisMapWebServiceTest" name="Open_OpensComandsAndHostsInTheOrder" />
    </UnitTest>
    <UnitTest name="TestAuditLog_AuditLogWithNullItemAuditParameters_Failure" storage="d:\actions-runner\_work\xpco\xpco\eventserver\server\components\central\gismap.unittest\bin\debug\net472\videoos.eventserver.gismap.unittest.dll" id="014bb991-e210-4198-a561-1ea36e6a9c13">
      <TestCategory>
        <TestCategoryItem TestCategory="BusinessObjects" />
      </TestCategory>
      <Execution id="b3da0dae-ac45-4a7f-94f0-09e3c6115465" />
      <TestMethod codeBase="D:\actions-runner\_work\XPCO\XPCO\EventServer\Server\Components\Central\GisMap.UnitTest\bin\Debug\net472\VideoOS.EventServer.GisMap.UnitTest.dll" adapterTypeName="executor://mstestadapter/v2" className="VideoOS.EventServer.GisMap.UnitTest.BusinessObjects.Layers.ImageLayerTest" name="TestAuditLog_AuditLogWithNullItemAuditParameters_Failure" />
    </UnitTest>
    <UnitTest name="TestAddLevels_Success" storage="d:\actions-runner\_work\xpco\xpco\eventserver\server\components\central\gismap.unittest\bin\debug\net472\videoos.eventserver.gismap.unittest.dll" id="1996b3d4-502f-e720-be7d-7edc086c3d5e">
      <TestCategory>
        <TestCategoryItem TestCategory="DataComponent" />
      </TestCategory>
      <Execution id="2559f603-44d4-43fe-89f8-14ec7371337b" />
      <TestMethod codeBase="D:\actions-runner\_work\XPCO\XPCO\EventServer\Server\Components\Central\GisMap.UnitTest\bin\Debug\net472\VideoOS.EventServer.GisMap.UnitTest.dll" adapterTypeName="executor://mstestadapter/v2" className="VideoOS.EventServer.GisMap.UnitTest.DB.DataComponent.BuildingComponent_LevelTest" name="TestAddLevels_Success" />
    </UnitTest>
    <UnitTest name="TestConstructor_ParsingWcfObject_Success" storage="d:\actions-runner\_work\xpco\xpco\eventserver\server\components\central\gismap.unittest\bin\debug\net472\videoos.eventserver.gismap.unittest.dll" id="dfff711d-2880-9857-f959-f5692bac9747">
      <TestCategory>
        <TestCategoryItem TestCategory="BusinessObjects" />
      </TestCategory>
      <Execution id="6d0de192-f915-49f7-bdc5-8c2d61097e98" />
      <TestMethod codeBase="D:\actions-runner\_work\XPCO\XPCO\EventServer\Server\Components\Central\GisMap.UnitTest\bin\Debug\net472\VideoOS.EventServer.GisMap.UnitTest.dll" adapterTypeName="executor://mstestadapter/v2" className="VideoOS.EventServer.GisMap.UnitTest.BusinessObjects.MapSettingsTest" name="TestConstructor_ParsingWcfObject_Success" />
    </UnitTest>
    <UnitTest name="TestAddBuilding_DatabaseException_Failure" storage="d:\actions-runner\_work\xpco\xpco\eventserver\server\components\central\gismap.unittest\bin\debug\net472\videoos.eventserver.gismap.unittest.dll" id="f282f516-d6f5-0f39-4b1d-4707b9d8b389">
      <TestCategory>
        <TestCategoryItem TestCategory="DataComponent" />
      </TestCategory>
      <Execution id="2f5c31f8-84c0-412c-89b8-0b67f0cd18f4" />
      <TestMethod codeBase="D:\actions-runner\_work\XPCO\XPCO\EventServer\Server\Components\Central\GisMap.UnitTest\bin\Debug\net472\VideoOS.EventServer.GisMap.UnitTest.dll" adapterTypeName="executor://mstestadapter/v2" className="VideoOS.EventServer.GisMap.UnitTest.DB.DataComponent.BuildingComponentTest" name="TestAddBuilding_DatabaseException_Failure" />
    </UnitTest>
    <UnitTest name="TestAuditLog_AuditLogWithNullItemAuditParameters_Failure" storage="d:\actions-runner\_work\xpco\xpco\eventserver\server\components\central\gismap.unittest\bin\debug\net472\videoos.eventserver.gismap.unittest.dll" id="79cd390f-82e9-a0ad-b31f-33e0e0bcb389">
      <TestCategory>
        <TestCategoryItem TestCategory="BusinessObjects" />
      </TestCategory>
      <Execution id="c1cd9ea8-e3a4-4432-afe2-e43d84b7c5f6" />
      <TestMethod codeBase="D:\actions-runner\_work\XPCO\XPCO\EventServer\Server\Components\Central\GisMap.UnitTest\bin\Debug\net472\VideoOS.EventServer.GisMap.UnitTest.dll" adapterTypeName="executor://mstestadapter/v2" className="VideoOS.EventServer.GisMap.UnitTest.BusinessObjects.Layers.ShapeFileLayerTest" name="TestAuditLog_AuditLogWithNullItemAuditParameters_Failure" />
    </UnitTest>
    <UnitTest name="TestConstructor_ParsingWcfObjectWithNull_Success" storage="d:\actions-runner\_work\xpco\xpco\eventserver\server\components\central\gismap.unittest\bin\debug\net472\videoos.eventserver.gismap.unittest.dll" id="5b8da4a5-352d-83c5-0aba-cdc2dc824c85">
      <TestCategory>
        <TestCategoryItem TestCategory="BusinessObjects" />
      </TestCategory>
      <Execution id="cebb679b-6f5c-4b18-878a-eb4f42cbee93" />
      <TestMethod codeBase="D:\actions-runner\_work\XPCO\XPCO\EventServer\Server\Components\Central\GisMap.UnitTest\bin\Debug\net472\VideoOS.EventServer.GisMap.UnitTest.dll" adapterTypeName="executor://mstestadapter/v2" className="VideoOS.EventServer.GisMap.UnitTest.BusinessObjects.Layers.OpenStreetMapLayerTest" name="TestConstructor_ParsingWcfObjectWithNull_Success" />
    </UnitTest>
    <UnitTest name="TestAdd_Levels_NullLevels_Failure" storage="d:\actions-runner\_work\xpco\xpco\eventserver\server\components\central\gismap.unittest\bin\debug\net472\videoos.eventserver.gismap.unittest.dll" id="37fb5746-cd94-a682-2a5a-0f0a8c0c7c60">
      <TestCategory>
        <TestCategoryItem TestCategory="DataComponent" />
      </TestCategory>
      <Execution id="fc1479dc-1e29-40fa-b0e9-7d0bc91d5840" />
      <TestMethod codeBase="D:\actions-runner\_work\XPCO\XPCO\EventServer\Server\Components\Central\GisMap.UnitTest\bin\Debug\net472\VideoOS.EventServer.GisMap.UnitTest.dll" adapterTypeName="executor://mstestadapter/v2" className="VideoOS.EventServer.GisMap.UnitTest.DB.DataComponent.BuildingComponent_LevelTest" name="TestAdd_Levels_NullLevels_Failure" />
    </UnitTest>
    <UnitTest name="TestAuditLog_AuditLogBuildingRenamed_NullOldBuilding_Failure" storage="d:\actions-runner\_work\xpco\xpco\eventserver\server\components\central\gismap.unittest\bin\debug\net472\videoos.eventserver.gismap.unittest.dll" id="11d85555-65ed-241f-da81-973daee73f7e">
      <TestCategory>
        <TestCategoryItem TestCategory="BusinessObjects" />
      </TestCategory>
      <Execution id="4d373c10-6b44-40aa-8cef-e7129a0b87d9" />
      <TestMethod codeBase="D:\actions-runner\_work\XPCO\XPCO\EventServer\Server\Components\Central\GisMap.UnitTest\bin\Debug\net472\VideoOS.EventServer.GisMap.UnitTest.dll" adapterTypeName="executor://mstestadapter/v2" className="VideoOS.EventServer.GisMap.UnitTest.BusinessObjects.Buildings.BuildingTest" name="TestAuditLog_AuditLogBuildingRenamed_NullOldBuilding_Failure" />
    </UnitTest>
    <UnitTest name="TestAddBuildings_Exception_Failure" storage="d:\actions-runner\_work\xpco\xpco\eventserver\server\components\central\gismap.unittest\bin\debug\net472\videoos.eventserver.gismap.unittest.dll" id="898e1435-3690-2fd5-8ce0-e6d73cc3d59c">
      <TestCategory>
        <TestCategoryItem TestCategory="DataComponent" />
      </TestCategory>
      <Execution id="ecaca1d4-28d2-4018-ba02-6dfc3736d49c" />
      <TestMethod codeBase="D:\actions-runner\_work\XPCO\XPCO\EventServer\Server\Components\Central\GisMap.UnitTest\bin\Debug\net472\VideoOS.EventServer.GisMap.UnitTest.dll" adapterTypeName="executor://mstestadapter/v2" className="VideoOS.EventServer.GisMap.UnitTest.DB.DataComponent.BuildingComponentTest" name="TestAddBuildings_Exception_Failure" />
    </UnitTest>
    <UnitTest name="TestAuditLog_AuditLogLegacyLinkWithNullTargetMapIdRemoved_Success" storage="d:\actions-runner\_work\xpco\xpco\eventserver\server\components\central\gismap.unittest\bin\debug\net472\videoos.eventserver.gismap.unittest.dll" id="9e39c9d5-9571-adf7-3b76-b1f4ee444803">
      <TestCategory>
        <TestCategoryItem TestCategory="BusinessObjects" />
      </TestCategory>
      <Execution id="e33b751b-24f0-4842-82ce-f773c7899bf0" />
      <TestMethod codeBase="D:\actions-runner\_work\XPCO\XPCO\EventServer\Server\Components\Central\GisMap.UnitTest\bin\Debug\net472\VideoOS.EventServer.GisMap.UnitTest.dll" adapterTypeName="executor://mstestadapter/v2" className="VideoOS.EventServer.GisMap.UnitTest.BusinessObjects.Items.LegacyLinkItemTest" name="TestAuditLog_AuditLogLegacyLinkWithNullTargetMapIdRemoved_Success" />
    </UnitTest>
    <UnitTest name="TestConstructor_Success" storage="d:\actions-runner\_work\xpco\xpco\eventserver\server\components\central\gismap.unittest\bin\debug\net472\videoos.eventserver.gismap.unittest.dll" id="b57b6d91-ad4c-2a37-0eea-35646e89bedd">
      <TestCategory>
        <TestCategoryItem TestCategory="BusinessObjects" />
      </TestCategory>
      <Execution id="32861a76-21a8-485c-834c-f38e3f75ac6d" />
      <TestMethod codeBase="D:\actions-runner\_work\XPCO\XPCO\EventServer\Server\Components\Central\GisMap.UnitTest\bin\Debug\net472\VideoOS.EventServer.GisMap.UnitTest.dll" adapterTypeName="executor://mstestadapter/v2" className="VideoOS.EventServer.GisMap.UnitTest.BusinessObjects.Layers.LocationLayerTest" name="TestConstructor_Success" />
    </UnitTest>
    <UnitTest name="TestWcfObject_GetWcfObject_Success" storage="d:\actions-runner\_work\xpco\xpco\eventserver\server\components\central\gismap.unittest\bin\debug\net472\videoos.eventserver.gismap.unittest.dll" id="3164209d-17e5-0efd-f874-022401969ff2">
      <TestCategory>
        <TestCategoryItem TestCategory="BusinessObjects" />
      </TestCategory>
      <Execution id="eb32a955-f76a-4be2-95d9-66b3521a806a" />
      <TestMethod codeBase="D:\actions-runner\_work\XPCO\XPCO\EventServer\Server\Components\Central\GisMap.UnitTest\bin\Debug\net472\VideoOS.EventServer.GisMap.UnitTest.dll" adapterTypeName="executor://mstestadapter/v2" className="VideoOS.EventServer.GisMap.UnitTest.BusinessObjects.PositionTest" name="TestWcfObject_GetWcfObject_Success" />
    </UnitTest>
    <UnitTest name="TestProperties_GetProperties_Success" storage="d:\actions-runner\_work\xpco\xpco\eventserver\server\components\central\gismap.unittest\bin\debug\net472\videoos.eventserver.gismap.unittest.dll" id="70ceb465-3a7f-7a9e-f78b-a3e5795571d2">
      <TestCategory>
        <TestCategoryItem TestCategory="BusinessObjects" />
      </TestCategory>
      <Execution id="617a4f1c-381a-4396-81c6-5eb3640a1f88" />
      <TestMethod codeBase="D:\actions-runner\_work\XPCO\XPCO\EventServer\Server\Components\Central\GisMap.UnitTest\bin\Debug\net472\VideoOS.EventServer.GisMap.UnitTest.dll" adapterTypeName="executor://mstestadapter/v2" className="VideoOS.EventServer.GisMap.UnitTest.BusinessObjects.Items.LocationItemTest" name="TestProperties_GetProperties_Success" />
    </UnitTest>
    <UnitTest name="TestConstructor_ParsingWcfObject_Success" storage="d:\actions-runner\_work\xpco\xpco\eventserver\server\components\central\gismap.unittest\bin\debug\net472\videoos.eventserver.gismap.unittest.dll" id="176216d1-7732-025a-8e79-d4f3f1aa10fd">
      <TestCategory>
        <TestCategoryItem TestCategory="BusinessObjects" />
      </TestCategory>
      <Execution id="f886892f-33fa-462d-9bf2-5b1c2d861367" />
      <TestMethod codeBase="D:\actions-runner\_work\XPCO\XPCO\EventServer\Server\Components\Central\GisMap.UnitTest\bin\Debug\net472\VideoOS.EventServer.GisMap.UnitTest.dll" adapterTypeName="executor://mstestadapter/v2" className="VideoOS.EventServer.GisMap.UnitTest.BusinessObjects.Layers.OpenStreetMapLayerTest" name="TestConstructor_ParsingWcfObject_Success" />
    </UnitTest>
    <UnitTest name="RemoveBuildingLevel" storage="d:\actions-runner\_work\xpco\xpco\eventserver\server\components\central\gismap.unittest\bin\debug\net472\videoos.eventserver.gismap.unittest.dll" id="6d2326d2-1132-af41-2236-2760df0fdb19">
      <TestCategory>
        <TestCategoryItem TestCategory="BusinessObjects" />
      </TestCategory>
      <Execution id="f0bb049d-c9e7-4b26-83c3-e54b2ddd2b88" />
      <TestMethod codeBase="D:\actions-runner\_work\XPCO\XPCO\EventServer\Server\Components\Central\GisMap.UnitTest\bin\Debug\net472\VideoOS.EventServer.GisMap.UnitTest.dll" adapterTypeName="executor://mstestadapter/v2" className="VideoOS.EventServer.GisMap.UnitTest.BusinessObjects.Indexer.Buildings.BuildingItemsIndexerTest" name="RemoveBuildingLevel" />
    </UnitTest>
    <UnitTest name="TestAddCapability_Success" storage="d:\actions-runner\_work\xpco\xpco\eventserver\server\components\central\gismap.unittest\bin\debug\net472\videoos.eventserver.gismap.unittest.dll" id="982f0da6-6119-19e9-04ac-bf5c62d4284e">
      <Execution id="f5e29b0a-8675-4fe3-b32a-e486a5ab8def" />
      <TestMethod codeBase="D:\actions-runner\_work\XPCO\XPCO\EventServer\Server\Components\Central\GisMap.UnitTest\bin\Debug\net472\VideoOS.EventServer.GisMap.UnitTest.dll" adapterTypeName="executor://mstestadapter/v2" className="VideoOS.EventServer.GisMap.UnitTest.Services.Capabilities.ServerCapabilitiesTest" name="TestAddCapability_Success" />
    </UnitTest>
    <UnitTest name="TestPropertyNames_GettingPropertyNames_Success" storage="d:\actions-runner\_work\xpco\xpco\eventserver\server\components\central\gismap.unittest\bin\debug\net472\videoos.eventserver.gismap.unittest.dll" id="50c7a51c-2a6b-67d6-f233-f5a26a2ef5b0">
      <TestCategory>
        <TestCategoryItem TestCategory="BusinessObjects" />
      </TestCategory>
      <Execution id="595b2bfa-2095-41a9-9abd-187d1ce1feac" />
      <TestMethod codeBase="D:\actions-runner\_work\XPCO\XPCO\EventServer\Server\Components\Central\GisMap.UnitTest\bin\Debug\net472\VideoOS.EventServer.GisMap.UnitTest.dll" adapterTypeName="executor://mstestadapter/v2" className="VideoOS.EventServer.GisMap.UnitTest.BusinessObjects.Layers.GoogleMapLayerTest" name="TestPropertyNames_GettingPropertyNames_Success" />
    </UnitTest>
    <UnitTest name="TestConstructor_ParsingWcfObjectWithoutExtent_Success" storage="d:\actions-runner\_work\xpco\xpco\eventserver\server\components\central\gismap.unittest\bin\debug\net472\videoos.eventserver.gismap.unittest.dll" id="239476df-0f59-876f-8e57-595caa988d44">
      <TestCategory>
        <TestCategoryItem TestCategory="BusinessObjects" />
      </TestCategory>
      <Execution id="cd0065d6-e33e-4628-bf8e-fa2b47146589" />
      <TestMethod codeBase="D:\actions-runner\_work\XPCO\XPCO\EventServer\Server\Components\Central\GisMap.UnitTest\bin\Debug\net472\VideoOS.EventServer.GisMap.UnitTest.dll" adapterTypeName="executor://mstestadapter/v2" className="VideoOS.EventServer.GisMap.UnitTest.BusinessObjects.Layers.CADLayerTest" name="TestConstructor_ParsingWcfObjectWithoutExtent_Success" />
    </UnitTest>
    <UnitTest name="IsOnStumpLevel_Silent_WhenBuildingUnknown" storage="d:\actions-runner\_work\xpco\xpco\eventserver\server\components\central\gismap.unittest\bin\debug\net472\videoos.eventserver.gismap.unittest.dll" id="d5120fcc-cbac-a310-957a-6519ed43b078">
      <TestCategory>
        <TestCategoryItem TestCategory="BusinessObjects" />
      </TestCategory>
      <Execution id="1ff85a06-17c9-440c-b0e2-d0218bd6c07a" />
      <TestMethod codeBase="D:\actions-runner\_work\XPCO\XPCO\EventServer\Server\Components\Central\GisMap.UnitTest\bin\Debug\net472\VideoOS.EventServer.GisMap.UnitTest.dll" adapterTypeName="executor://mstestadapter/v2" className="VideoOS.EventServer.GisMap.UnitTest.BusinessObjects.Indexer.Buildings.BuildingItemsIndexerTest" name="IsOnStumpLevel_Silent_WhenBuildingUnknown" />
    </UnitTest>
    <UnitTest name="TestConstructor_ParsingWcfObjectWithNull_Success" storage="d:\actions-runner\_work\xpco\xpco\eventserver\server\components\central\gismap.unittest\bin\debug\net472\videoos.eventserver.gismap.unittest.dll" id="070017ab-b10d-4a6b-6803-f0763996f7d1">
      <TestCategory>
        <TestCategoryItem TestCategory="BusinessObjects" />
      </TestCategory>
      <Execution id="4f1102e8-5fee-4dff-9b30-b0c286db5b4d" />
      <TestMethod codeBase="D:\actions-runner\_work\XPCO\XPCO\EventServer\Server\Components\Central\GisMap.UnitTest\bin\Debug\net472\VideoOS.EventServer.GisMap.UnitTest.dll" adapterTypeName="executor://mstestadapter/v2" className="VideoOS.EventServer.GisMap.UnitTest.BusinessObjects.TransformInfoTest" name="TestConstructor_ParsingWcfObjectWithNull_Success" />
    </UnitTest>
    <UnitTest name="TestProperties_GetPropertiesFromWcfObject_Success" storage="d:\actions-runner\_work\xpco\xpco\eventserver\server\components\central\gismap.unittest\bin\debug\net472\videoos.eventserver.gismap.unittest.dll" id="a4899625-05e4-8e51-0df7-376834f8676c">
      <TestCategory>
        <TestCategoryItem TestCategory="BusinessObjects" />
      </TestCategory>
      <Execution id="9cee3b5d-1aaa-438b-9058-702310a4a523" />
      <TestMethod codeBase="D:\actions-runner\_work\XPCO\XPCO\EventServer\Server\Components\Central\GisMap.UnitTest\bin\Debug\net472\VideoOS.EventServer.GisMap.UnitTest.dll" adapterTypeName="executor://mstestadapter/v2" className="VideoOS.EventServer.GisMap.UnitTest.BusinessObjects.Maps.MapTest" name="TestProperties_GetPropertiesFromWcfObject_Success" />
    </UnitTest>
    <UnitTest name="TestConstructor_ParsingWcfObjectWithNullUpperLeftUpperRightLowerLeftLowerRight_Success" storage="d:\actions-runner\_work\xpco\xpco\eventserver\server\components\central\gismap.unittest\bin\debug\net472\videoos.eventserver.gismap.unittest.dll" id="a3247744-89f4-35dc-16c0-150d01903f01">
      <TestCategory>
        <TestCategoryItem TestCategory="BusinessObjects" />
      </TestCategory>
      <Execution id="0f81d456-0012-436a-8773-7b7c50be1a58" />
      <TestMethod codeBase="D:\actions-runner\_work\XPCO\XPCO\EventServer\Server\Components\Central\GisMap.UnitTest\bin\Debug\net472\VideoOS.EventServer.GisMap.UnitTest.dll" adapterTypeName="executor://mstestadapter/v2" className="VideoOS.EventServer.GisMap.UnitTest.BusinessObjects.TransformInfoTest" name="TestConstructor_ParsingWcfObjectWithNullUpperLeftUpperRightLowerLeftLowerRight_Success" />
    </UnitTest>
    <UnitTest name="TestDeleteBuilding_DatabaseException_Failure" storage="d:\actions-runner\_work\xpco\xpco\eventserver\server\components\central\gismap.unittest\bin\debug\net472\videoos.eventserver.gismap.unittest.dll" id="ddac6368-76dc-846a-51e1-c9e3b8e386f6">
      <TestCategory>
        <TestCategoryItem TestCategory="DataComponent" />
      </TestCategory>
      <Execution id="283b19de-08d3-4a9e-ae65-1140a39d90b6" />
      <TestMethod codeBase="D:\actions-runner\_work\XPCO\XPCO\EventServer\Server\Components\Central\GisMap.UnitTest\bin\Debug\net472\VideoOS.EventServer.GisMap.UnitTest.dll" adapterTypeName="executor://mstestadapter/v2" className="VideoOS.EventServer.GisMap.UnitTest.DB.DataComponent.BuildingComponentTest" name="TestDeleteBuilding_DatabaseException_Failure" />
    </UnitTest>
    <UnitTest name="TestAuditLog_AuditLogItemChanged_WithoutChangingAnyLocations_Success" storage="d:\actions-runner\_work\xpco\xpco\eventserver\server\components\central\gismap.unittest\bin\debug\net472\videoos.eventserver.gismap.unittest.dll" id="27ff166e-b5e3-5e12-5f72-cdf5284654c4">
      <TestCategory>
        <TestCategoryItem TestCategory="BusinessObjects" />
      </TestCategory>
      <Execution id="645c9307-ed54-44f8-b11d-571d724ccf85" />
      <TestMethod codeBase="D:\actions-runner\_work\XPCO\XPCO\EventServer\Server\Components\Central\GisMap.UnitTest\bin\Debug\net472\VideoOS.EventServer.GisMap.UnitTest.dll" adapterTypeName="executor://mstestadapter/v2" className="VideoOS.EventServer.GisMap.UnitTest.BusinessObjects.Items.LinkItemTest" name="TestAuditLog_AuditLogItemChanged_WithoutChangingAnyLocations_Success" />
    </UnitTest>
    <UnitTest name="TestUpdateProperties_UpdateAllProperties_Success" storage="d:\actions-runner\_work\xpco\xpco\eventserver\server\components\central\gismap.unittest\bin\debug\net472\videoos.eventserver.gismap.unittest.dll" id="fb12a45f-e00b-ba7f-6773-a1c047514c81">
      <TestCategory>
        <TestCategoryItem TestCategory="BusinessObjects" />
      </TestCategory>
      <Execution id="c43b31ff-6ee4-4f35-8251-524f0c0fc259" />
      <TestMethod codeBase="D:\actions-runner\_work\XPCO\XPCO\EventServer\Server\Components\Central\GisMap.UnitTest\bin\Debug\net472\VideoOS.EventServer.GisMap.UnitTest.dll" adapterTypeName="executor://mstestadapter/v2" className="VideoOS.EventServer.GisMap.UnitTest.BusinessObjects.MapSettingsTest" name="TestUpdateProperties_UpdateAllProperties_Success" />
    </UnitTest>
    <UnitTest name="GetClusters_ArgumentException_WhenTooBigArea" storage="d:\actions-runner\_work\xpco\xpco\eventserver\server\components\central\gismap.unittest\bin\debug\net472\videoos.eventserver.gismap.unittest.dll" id="199b66d3-ae3f-aade-849f-dd6e71b6b64c">
      <TestCategory>
        <TestCategoryItem TestCategory="BusinessObjects" />
      </TestCategory>
      <Execution id="aa568586-7faa-40d8-8863-7032084b4ad2" />
      <TestMethod codeBase="D:\actions-runner\_work\XPCO\XPCO\EventServer\Server\Components\Central\GisMap.UnitTest\bin\Debug\net472\VideoOS.EventServer.GisMap.UnitTest.dll" adapterTypeName="executor://mstestadapter/v2" className="VideoOS.EventServer.GisMap.UnitTest.BusinessObjects.Indexer.MapItemIndexerTest" name="GetClusters_ArgumentException_WhenTooBigArea" />
    </UnitTest>
    <UnitTest name="TestUpdateProperties_UpdateAllProperties_Success" storage="d:\actions-runner\_work\xpco\xpco\eventserver\server\components\central\gismap.unittest\bin\debug\net472\videoos.eventserver.gismap.unittest.dll" id="c9dae091-cbd1-5009-1467-3b9be0c62c7d">
      <TestCategory>
        <TestCategoryItem TestCategory="BusinessObjects" />
      </TestCategory>
      <Execution id="43ba4a49-17ce-4de8-bfb8-014ac63ee627" />
      <TestMethod codeBase="D:\actions-runner\_work\XPCO\XPCO\EventServer\Server\Components\Central\GisMap.UnitTest\bin\Debug\net472\VideoOS.EventServer.GisMap.UnitTest.dll" adapterTypeName="executor://mstestadapter/v2" className="VideoOS.EventServer.GisMap.UnitTest.BusinessObjects.Layers.OpenStreetMapLayerTest" name="TestUpdateProperties_UpdateAllProperties_Success" />
    </UnitTest>
    <UnitTest name="TestUpdateBuilding_NullDefaultLevel_Success" storage="d:\actions-runner\_work\xpco\xpco\eventserver\server\components\central\gismap.unittest\bin\debug\net472\videoos.eventserver.gismap.unittest.dll" id="f64710c5-45e7-9c6b-9dc4-9553befe996c">
      <TestCategory>
        <TestCategoryItem TestCategory="DataComponent" />
      </TestCategory>
      <Execution id="cb8b6c0b-4961-481c-808a-7819da3d4b4f" />
      <TestMethod codeBase="D:\actions-runner\_work\XPCO\XPCO\EventServer\Server\Components\Central\GisMap.UnitTest\bin\Debug\net472\VideoOS.EventServer.GisMap.UnitTest.dll" adapterTypeName="executor://mstestadapter/v2" className="VideoOS.EventServer.GisMap.UnitTest.DB.DataComponent.BuildingComponentTest" name="TestUpdateBuilding_NullDefaultLevel_Success" />
    </UnitTest>
    <UnitTest name="BuildClusters_NoBuildings_ReturnsCellItems" storage="d:\actions-runner\_work\xpco\xpco\eventserver\server\components\central\gismap.unittest\bin\debug\net472\videoos.eventserver.gismap.unittest.dll" id="ae7e4216-6c43-151b-b40f-2949a789d7a6">
      <TestCategory>
        <TestCategoryItem TestCategory="BusinessObjects" />
      </TestCategory>
      <Execution id="3ae48dfc-7c71-4ac5-8c96-fc652b43d278" />
      <TestMethod codeBase="D:\actions-runner\_work\XPCO\XPCO\EventServer\Server\Components\Central\GisMap.UnitTest\bin\Debug\net472\VideoOS.EventServer.GisMap.UnitTest.dll" adapterTypeName="executor://mstestadapter/v2" className="VideoOS.EventServer.GisMap.UnitTest.BusinessObjects.Indexer.Clustering.BuildingsAwareClusterStrategyTest" name="BuildClusters_NoBuildings_ReturnsCellItems" />
    </UnitTest>
    <UnitTest name="TestFactory_NewBrowseMap_WithParameters_Success" storage="d:\actions-runner\_work\xpco\xpco\eventserver\server\components\central\gismap.unittest\bin\debug\net472\videoos.eventserver.gismap.unittest.dll" id="33412608-e208-2cc9-991c-3029e8717790">
      <Execution id="0874207f-1aee-4bb6-9059-e13a1dcb726c" />
      <TestMethod codeBase="D:\actions-runner\_work\XPCO\XPCO\EventServer\Server\Components\Central\GisMap.UnitTest\bin\Debug\net472\VideoOS.EventServer.GisMap.UnitTest.dll" adapterTypeName="executor://mstestadapter/v2" className="VideoOS.EventServer.GisMap.UnitTest.BusinessObjects.Maps.MapFactoryTest" name="TestFactory_NewBrowseMap_WithParameters_Success" />
    </UnitTest>
    <UnitTest name="TestWcfObject_ConvertToWcfObject_NullMapItems_Success" storage="d:\actions-runner\_work\xpco\xpco\eventserver\server\components\central\gismap.unittest\bin\debug\net472\videoos.eventserver.gismap.unittest.dll" id="e305d0ec-3740-626b-6cd2-4ec9b6f5d763">
      <TestCategory>
        <TestCategoryItem TestCategory="BusinessObjects" />
      </TestCategory>
      <Execution id="65d7a5ec-6a25-4ce8-88de-4f64b7b0f5d3" />
      <TestMethod codeBase="D:\actions-runner\_work\XPCO\XPCO\EventServer\Server\Components\Central\GisMap.UnitTest\bin\Debug\net472\VideoOS.EventServer.GisMap.UnitTest.dll" adapterTypeName="executor://mstestadapter/v2" className="VideoOS.EventServer.GisMap.UnitTest.BusinessObjects.Buildings.LevelTest" name="TestWcfObject_ConvertToWcfObject_NullMapItems_Success" />
    </UnitTest>
    <UnitTest name="TestWcfObject_GetWcfObject_Success" storage="d:\actions-runner\_work\xpco\xpco\eventserver\server\components\central\gismap.unittest\bin\debug\net472\videoos.eventserver.gismap.unittest.dll" id="f434da66-320a-7547-60e6-80235a87abc4">
      <TestCategory>
        <TestCategoryItem TestCategory="BusinessObjects" />
      </TestCategory>
      <Execution id="a1d0be11-aa4b-4199-909a-0cb748bbe395" />
      <TestMethod codeBase="D:\actions-runner\_work\XPCO\XPCO\EventServer\Server\Components\Central\GisMap.UnitTest\bin\Debug\net472\VideoOS.EventServer.GisMap.UnitTest.dll" adapterTypeName="executor://mstestadapter/v2" className="VideoOS.EventServer.GisMap.UnitTest.BusinessObjects.Layers.LocationLayerTest" name="TestWcfObject_GetWcfObject_Success" />
    </UnitTest>
    <UnitTest name="TestAuditLog_AuditLogWithNullAuditLogger_Failure" storage="d:\actions-runner\_work\xpco\xpco\eventserver\server\components\central\gismap.unittest\bin\debug\net472\videoos.eventserver.gismap.unittest.dll" id="7b87f874-d919-2ac5-02d2-23671531fba1">
      <TestCategory>
        <TestCategoryItem TestCategory="BusinessObjects" />
      </TestCategory>
      <Execution id="7bf26e1f-f238-410e-b7b0-6e5733df8966" />
      <TestMethod codeBase="D:\actions-runner\_work\XPCO\XPCO\EventServer\Server\Components\Central\GisMap.UnitTest\bin\Debug\net472\VideoOS.EventServer.GisMap.UnitTest.dll" adapterTypeName="executor://mstestadapter/v2" className="VideoOS.EventServer.GisMap.UnitTest.BusinessObjects.Layers.ShapeFileLayerTest" name="TestAuditLog_AuditLogWithNullAuditLogger_Failure" />
    </UnitTest>
    <UnitTest name="TestConstructor_ParsingWcfObjectWithNull_Success" storage="d:\actions-runner\_work\xpco\xpco\eventserver\server\components\central\gismap.unittest\bin\debug\net472\videoos.eventserver.gismap.unittest.dll" id="e4f648f2-0672-2b28-d6c9-33370a86b335">
      <TestCategory>
        <TestCategoryItem TestCategory="BusinessObjects" />
      </TestCategory>
      <Execution id="453b06c3-a09c-4933-a3b2-6219ad37af5c" />
      <TestMethod codeBase="D:\actions-runner\_work\XPCO\XPCO\EventServer\Server\Components\Central\GisMap.UnitTest\bin\Debug\net472\VideoOS.EventServer.GisMap.UnitTest.dll" adapterTypeName="executor://mstestadapter/v2" className="VideoOS.EventServer.GisMap.UnitTest.BusinessObjects.Layers.CADLayerTest" name="TestConstructor_ParsingWcfObjectWithNull_Success" />
    </UnitTest>
    <UnitTest name="AddItem" storage="d:\actions-runner\_work\xpco\xpco\eventserver\server\components\central\gismap.unittest\bin\debug\net472\videoos.eventserver.gismap.unittest.dll" id="20658f53-7fff-0724-5d84-93afea1c1f49">
      <TestCategory>
        <TestCategoryItem TestCategory="BusinessObjects" />
      </TestCategory>
      <Execution id="58465302-ff57-40c7-ae6b-ae03a0e574f9" />
      <TestMethod codeBase="D:\actions-runner\_work\XPCO\XPCO\EventServer\Server\Components\Central\GisMap.UnitTest\bin\Debug\net472\VideoOS.EventServer.GisMap.UnitTest.dll" adapterTypeName="executor://mstestadapter/v2" className="VideoOS.EventServer.GisMap.UnitTest.BusinessObjects.Indexer.Buildings.BuildingIndexTest" name="AddItem" />
    </UnitTest>
    <UnitTest name="RemoveBuilding" storage="d:\actions-runner\_work\xpco\xpco\eventserver\server\components\central\gismap.unittest\bin\debug\net472\videoos.eventserver.gismap.unittest.dll" id="37e0a575-b1f4-8a64-66cd-841cc5096015">
      <TestCategory>
        <TestCategoryItem TestCategory="BusinessObjects" />
      </TestCategory>
      <Execution id="b101143a-65ae-4d84-bf1a-d8c307e8263d" />
      <TestMethod codeBase="D:\actions-runner\_work\XPCO\XPCO\EventServer\Server\Components\Central\GisMap.UnitTest\bin\Debug\net472\VideoOS.EventServer.GisMap.UnitTest.dll" adapterTypeName="executor://mstestadapter/v2" className="VideoOS.EventServer.GisMap.UnitTest.BusinessObjects.Indexer.Buildings.BuildingItemsIndexerTest" name="RemoveBuilding" />
    </UnitTest>
    <UnitTest name="TestAuditLog_AuditLogLevelAdded_Success" storage="d:\actions-runner\_work\xpco\xpco\eventserver\server\components\central\gismap.unittest\bin\debug\net472\videoos.eventserver.gismap.unittest.dll" id="c5e39ed0-0eee-e6dd-3322-30cdbf3be970">
      <TestCategory>
        <TestCategoryItem TestCategory="BusinessObjects" />
      </TestCategory>
      <Execution id="67694a7d-c74f-4edd-9a45-639165174509" />
      <TestMethod codeBase="D:\actions-runner\_work\XPCO\XPCO\EventServer\Server\Components\Central\GisMap.UnitTest\bin\Debug\net472\VideoOS.EventServer.GisMap.UnitTest.dll" adapterTypeName="executor://mstestadapter/v2" className="VideoOS.EventServer.GisMap.UnitTest.BusinessObjects.Buildings.LevelTest" name="TestAuditLog_AuditLogLevelAdded_Success" />
    </UnitTest>
    <UnitTest name="TestProperties_GetProperties_Success" storage="d:\actions-runner\_work\xpco\xpco\eventserver\server\components\central\gismap.unittest\bin\debug\net472\videoos.eventserver.gismap.unittest.dll" id="7f45314b-74ac-fe0a-6d3f-b3488a713648">
      <TestCategory>
        <TestCategoryItem TestCategory="BusinessObjects" />
      </TestCategory>
      <Execution id="4f80aba2-eb3e-4fed-b091-d380413ce395" />
      <TestMethod codeBase="D:\actions-runner\_work\XPCO\XPCO\EventServer\Server\Components\Central\GisMap.UnitTest\bin\Debug\net472\VideoOS.EventServer.GisMap.UnitTest.dll" adapterTypeName="executor://mstestadapter/v2" className="VideoOS.EventServer.GisMap.UnitTest.BusinessObjects.Layers.ShapeFileLayerTest" name="TestProperties_GetProperties_Success" />
    </UnitTest>
    <UnitTest name="TestPropertyNames_GettingPropertyNames_Success" storage="d:\actions-runner\_work\xpco\xpco\eventserver\server\components\central\gismap.unittest\bin\debug\net472\videoos.eventserver.gismap.unittest.dll" id="5a3cdcb1-8347-3e18-8365-a6038c2e7047">
      <TestCategory>
        <TestCategoryItem TestCategory="BusinessObjects" />
      </TestCategory>
      <Execution id="2f3e12c8-78fc-48cc-96c8-e21c397d3518" />
      <TestMethod codeBase="D:\actions-runner\_work\XPCO\XPCO\EventServer\Server\Components\Central\GisMap.UnitTest\bin\Debug\net472\VideoOS.EventServer.GisMap.UnitTest.dll" adapterTypeName="executor://mstestadapter/v2" className="VideoOS.EventServer.GisMap.UnitTest.BusinessObjects.Layers.MicrophoneLayerTest" name="TestPropertyNames_GettingPropertyNames_Success" />
    </UnitTest>
    <UnitTest name="TestWcfObject_GetWcfObjectWithoutExtent_Success" storage="d:\actions-runner\_work\xpco\xpco\eventserver\server\components\central\gismap.unittest\bin\debug\net472\videoos.eventserver.gismap.unittest.dll" id="04850947-4df2-d516-cf72-ba8e231127f1">
      <TestCategory>
        <TestCategoryItem TestCategory="BusinessObjects" />
      </TestCategory>
      <Execution id="d04df50e-e171-4a00-957c-63ab8c8e4e5a" />
      <TestMethod codeBase="D:\actions-runner\_work\XPCO\XPCO\EventServer\Server\Components\Central\GisMap.UnitTest\bin\Debug\net472\VideoOS.EventServer.GisMap.UnitTest.dll" adapterTypeName="executor://mstestadapter/v2" className="VideoOS.EventServer.GisMap.UnitTest.BusinessObjects.Layers.LocationLayerTest" name="TestWcfObject_GetWcfObjectWithoutExtent_Success" />
    </UnitTest>
    <UnitTest name="TestUpdateBuildingOutline_Success" storage="d:\actions-runner\_work\xpco\xpco\eventserver\server\components\central\gismap.unittest\bin\debug\net472\videoos.eventserver.gismap.unittest.dll" id="cf98c7bf-0c18-8bef-f9b4-06b50799a21c">
      <TestCategory>
        <TestCategoryItem TestCategory="DataComponent" />
      </TestCategory>
      <Execution id="dce822f7-9355-4457-80ce-ed32416823f6" />
      <TestMethod codeBase="D:\actions-runner\_work\XPCO\XPCO\EventServer\Server\Components\Central\GisMap.UnitTest\bin\Debug\net472\VideoOS.EventServer.GisMap.UnitTest.dll" adapterTypeName="executor://mstestadapter/v2" className="VideoOS.EventServer.GisMap.UnitTest.DB.DataComponent.BuildingComponentTest" name="TestUpdateBuildingOutline_Success" />
    </UnitTest>
    <UnitTest name="ActivatePluginAction_Success" storage="d:\actions-runner\_work\xpco\xpco\eventserver\server\components\central\gismap.unittest\bin\debug\net472\videoos.eventserver.gismap.unittest.dll" id="e42eb884-a502-43a5-d5eb-c36e2990c151">
      <TestCategory>
        <TestCategoryItem TestCategory="GisMapMipItems" />
      </TestCategory>
      <Execution id="9cf35e8e-84fa-4b06-a468-d3083fe44e79" />
      <TestMethod codeBase="D:\actions-runner\_work\XPCO\XPCO\EventServer\Server\Components\Central\GisMap.UnitTest\bin\Debug\net472\VideoOS.EventServer.GisMap.UnitTest.dll" adapterTypeName="executor://mstestadapter/v2" className="VideoOS.EventServer.GisMap.UnitTest.WebService.GisMipItemCommandTest" name="ActivatePluginAction_Success" />
    </UnitTest>
    <UnitTest name="TestConstructor_ParsingWcfObjectWithoutExtent_Success" storage="d:\actions-runner\_work\xpco\xpco\eventserver\server\components\central\gismap.unittest\bin\debug\net472\videoos.eventserver.gismap.unittest.dll" id="fa6de487-a47b-e1b2-0660-76fc5d8d43a9">
      <TestCategory>
        <TestCategoryItem TestCategory="BusinessObjects" />
      </TestCategory>
      <Execution id="fd015572-b3b9-4ef5-af8d-ff47856a1787" />
      <TestMethod codeBase="D:\actions-runner\_work\XPCO\XPCO\EventServer\Server\Components\Central\GisMap.UnitTest\bin\Debug\net472\VideoOS.EventServer.GisMap.UnitTest.dll" adapterTypeName="executor://mstestadapter/v2" className="VideoOS.EventServer.GisMap.UnitTest.BusinessObjects.Layers.MipLayerTest" name="TestConstructor_ParsingWcfObjectWithoutExtent_Success" />
    </UnitTest>
    <UnitTest name="TestWcfObject_GetWcfObjectWithoutOriginalExtent_Success" storage="d:\actions-runner\_work\xpco\xpco\eventserver\server\components\central\gismap.unittest\bin\debug\net472\videoos.eventserver.gismap.unittest.dll" id="c2f6972a-54a9-8143-fe77-19a1d70be49e">
      <TestCategory>
        <TestCategoryItem TestCategory="BusinessObjects" />
      </TestCategory>
      <Execution id="bebb24be-40ee-4777-914a-ea0b812c5f12" />
      <TestMethod codeBase="D:\actions-runner\_work\XPCO\XPCO\EventServer\Server\Components\Central\GisMap.UnitTest\bin\Debug\net472\VideoOS.EventServer.GisMap.UnitTest.dll" adapterTypeName="executor://mstestadapter/v2" className="VideoOS.EventServer.GisMap.UnitTest.BusinessObjects.Layers.CADLayerTest" name="TestWcfObject_GetWcfObjectWithoutOriginalExtent_Success" />
    </UnitTest>
    <UnitTest name="GetClusters_ReturnsCorrectClusteredItemsByType" storage="d:\actions-runner\_work\xpco\xpco\eventserver\server\components\central\gismap.unittest\bin\debug\net472\videoos.eventserver.gismap.unittest.dll" id="a0716c2f-3af0-a7aa-191d-2dd33bd2956b">
      <TestCategory>
        <TestCategoryItem TestCategory="GisMapServices" />
      </TestCategory>
      <Execution id="37467ab1-59cb-46bc-aaba-b73ce871c719" />
      <TestMethod codeBase="D:\actions-runner\_work\XPCO\XPCO\EventServer\Server\Components\Central\GisMap.UnitTest\bin\Debug\net472\VideoOS.EventServer.GisMap.UnitTest.dll" adapterTypeName="executor://mstestadapter/v2" className="VideoOS.EventServer.GisMap.UnitTest.Services.Clustering.ItemClusteringServiceTest" name="GetClusters_ReturnsCorrectClusteredItemsByType" />
    </UnitTest>
    <UnitTest name="TestUpdateBuilding_MultipleRows_Failure" storage="d:\actions-runner\_work\xpco\xpco\eventserver\server\components\central\gismap.unittest\bin\debug\net472\videoos.eventserver.gismap.unittest.dll" id="57413277-6e73-a6ec-8287-b7d3e305b5ba">
      <TestCategory>
        <TestCategoryItem TestCategory="DataComponent" />
      </TestCategory>
      <Execution id="4bc991b5-fe3f-4aa7-b1e5-33c2a2955b1c" />
      <TestMethod codeBase="D:\actions-runner\_work\XPCO\XPCO\EventServer\Server\Components\Central\GisMap.UnitTest\bin\Debug\net472\VideoOS.EventServer.GisMap.UnitTest.dll" adapterTypeName="executor://mstestadapter/v2" className="VideoOS.EventServer.GisMap.UnitTest.DB.DataComponent.BuildingComponentTest" name="TestUpdateBuilding_MultipleRows_Failure" />
    </UnitTest>
    <UnitTest name="TestProperties_GetPropertiesFromWcfObject_Success" storage="d:\actions-runner\_work\xpco\xpco\eventserver\server\components\central\gismap.unittest\bin\debug\net472\videoos.eventserver.gismap.unittest.dll" id="861d2551-3797-dc3c-215c-ed23aee8dd5f">
      <TestCategory>
        <TestCategoryItem TestCategory="BusinessObjects" />
      </TestCategory>
      <Execution id="947007d2-7d0b-4747-8769-fdba418d48e8" />
      <TestMethod codeBase="D:\actions-runner\_work\XPCO\XPCO\EventServer\Server\Components\Central\GisMap.UnitTest\bin\Debug\net472\VideoOS.EventServer.GisMap.UnitTest.dll" adapterTypeName="executor://mstestadapter/v2" className="VideoOS.EventServer.GisMap.UnitTest.BusinessObjects.PositionTest" name="TestProperties_GetPropertiesFromWcfObject_Success" />
    </UnitTest>
    <UnitTest name="TestDeleteBuilding_ZeroRows_Success" storage="d:\actions-runner\_work\xpco\xpco\eventserver\server\components\central\gismap.unittest\bin\debug\net472\videoos.eventserver.gismap.unittest.dll" id="e738bdf7-ba0e-92ad-cdc0-e47401330a0b">
      <TestCategory>
        <TestCategoryItem TestCategory="DataComponent" />
      </TestCategory>
      <Execution id="472724ad-f488-4473-bbc4-1584d6a2bde8" />
      <TestMethod codeBase="D:\actions-runner\_work\XPCO\XPCO\EventServer\Server\Components\Central\GisMap.UnitTest\bin\Debug\net472\VideoOS.EventServer.GisMap.UnitTest.dll" adapterTypeName="executor://mstestadapter/v2" className="VideoOS.EventServer.GisMap.UnitTest.DB.DataComponent.BuildingComponentTest" name="TestDeleteBuilding_ZeroRows_Success" />
    </UnitTest>
    <UnitTest name="TestAuditLog_AuditLogItemAdded_Success" storage="d:\actions-runner\_work\xpco\xpco\eventserver\server\components\central\gismap.unittest\bin\debug\net472\videoos.eventserver.gismap.unittest.dll" id="7c611c07-a440-4519-e7e8-8b4d3c72ab3f">
      <TestCategory>
        <TestCategoryItem TestCategory="BusinessObjects" />
      </TestCategory>
      <Execution id="3fdb1e32-f50d-4d5f-b314-6639be03ff48" />
      <TestMethod codeBase="D:\actions-runner\_work\XPCO\XPCO\EventServer\Server\Components\Central\GisMap.UnitTest\bin\Debug\net472\VideoOS.EventServer.GisMap.UnitTest.dll" adapterTypeName="executor://mstestadapter/v2" className="VideoOS.EventServer.GisMap.UnitTest.BusinessObjects.Items.LocationItemTest" name="TestAuditLog_AuditLogItemAdded_Success" />
    </UnitTest>
    <UnitTest name="TestUpdateBuilding_NullBuilding_Failure" storage="d:\actions-runner\_work\xpco\xpco\eventserver\server\components\central\gismap.unittest\bin\debug\net472\videoos.eventserver.gismap.unittest.dll" id="11404e7c-7edb-e531-9c6e-76c1e9d74073">
      <TestCategory>
        <TestCategoryItem TestCategory="DataComponent" />
      </TestCategory>
      <Execution id="72dd9f23-cdc6-4750-8d2e-5044b8d99504" />
      <TestMethod codeBase="D:\actions-runner\_work\XPCO\XPCO\EventServer\Server\Components\Central\GisMap.UnitTest\bin\Debug\net472\VideoOS.EventServer.GisMap.UnitTest.dll" adapterTypeName="executor://mstestadapter/v2" className="VideoOS.EventServer.GisMap.UnitTest.DB.DataComponent.BuildingComponentTest" name="TestUpdateBuilding_NullBuilding_Failure" />
    </UnitTest>
    <UnitTest name="TestConstructor_Success" storage="d:\actions-runner\_work\xpco\xpco\eventserver\server\components\central\gismap.unittest\bin\debug\net472\videoos.eventserver.gismap.unittest.dll" id="2988c6e9-72a8-0c7c-a354-29ca48799c77">
      <TestCategory>
        <TestCategoryItem TestCategory="BusinessObjects" />
      </TestCategory>
      <Execution id="66b9bd22-e3a0-415e-900f-d1425c143205" />
      <TestMethod codeBase="D:\actions-runner\_work\XPCO\XPCO\EventServer\Server\Components\Central\GisMap.UnitTest\bin\Debug\net472\VideoOS.EventServer.GisMap.UnitTest.dll" adapterTypeName="executor://mstestadapter/v2" className="VideoOS.EventServer.GisMap.UnitTest.BusinessObjects.MapViewPointTest" name="TestConstructor_Success" />
    </UnitTest>
    <UnitTest name="TestConstructor_ParsingWcfObjectWithNullMapViewPoints_Success" storage="d:\actions-runner\_work\xpco\xpco\eventserver\server\components\central\gismap.unittest\bin\debug\net472\videoos.eventserver.gismap.unittest.dll" id="dca76539-28aa-3685-bd41-315f80308950">
      <TestCategory>
        <TestCategoryItem TestCategory="BusinessObjects" />
      </TestCategory>
      <Execution id="19f0e3ec-336b-4f33-afde-6f27872950a1" />
      <TestMethod codeBase="D:\actions-runner\_work\XPCO\XPCO\EventServer\Server\Components\Central\GisMap.UnitTest\bin\Debug\net472\VideoOS.EventServer.GisMap.UnitTest.dll" adapterTypeName="executor://mstestadapter/v2" className="VideoOS.EventServer.GisMap.UnitTest.BusinessObjects.Maps.MapTest" name="TestConstructor_ParsingWcfObjectWithNullMapViewPoints_Success" />
    </UnitTest>
    <UnitTest name="BuildClusters_NotActiveBuilding_ItemsFallToTheCellCluster" storage="d:\actions-runner\_work\xpco\xpco\eventserver\server\components\central\gismap.unittest\bin\debug\net472\videoos.eventserver.gismap.unittest.dll" id="a893537d-e6d4-68f8-c84b-dc52a5a7bdbd">
      <TestCategory>
        <TestCategoryItem TestCategory="BusinessObjects" />
      </TestCategory>
      <Execution id="3e2ee705-0c31-4ea0-9551-b70d5bd1738d" />
      <TestMethod codeBase="D:\actions-runner\_work\XPCO\XPCO\EventServer\Server\Components\Central\GisMap.UnitTest\bin\Debug\net472\VideoOS.EventServer.GisMap.UnitTest.dll" adapterTypeName="executor://mstestadapter/v2" className="VideoOS.EventServer.GisMap.UnitTest.BusinessObjects.Indexer.Clustering.BuildingsAwareClusterStrategyTest" name="BuildClusters_NotActiveBuilding_ItemsFallToTheCellCluster" />
    </UnitTest>
    <UnitTest name="BuildClusters_CheckBuildingClusterIds" storage="d:\actions-runner\_work\xpco\xpco\eventserver\server\components\central\gismap.unittest\bin\debug\net472\videoos.eventserver.gismap.unittest.dll" id="e41c5fa9-9a65-735d-15f8-59b35276c506">
      <TestCategory>
        <TestCategoryItem TestCategory="BusinessObjects" />
      </TestCategory>
      <Execution id="9a191547-5a8f-4c17-92bd-e7848c781297" />
      <TestMethod codeBase="D:\actions-runner\_work\XPCO\XPCO\EventServer\Server\Components\Central\GisMap.UnitTest\bin\Debug\net472\VideoOS.EventServer.GisMap.UnitTest.dll" adapterTypeName="executor://mstestadapter/v2" className="VideoOS.EventServer.GisMap.UnitTest.BusinessObjects.Indexer.Clustering.BuildingsAwareClusterStrategyTest" name="BuildClusters_CheckBuildingClusterIds" />
    </UnitTest>
    <UnitTest name="Send" storage="d:\actions-runner\_work\xpco\xpco\eventserver\server\components\central\gismap.unittest\bin\debug\net472\videoos.eventserver.gismap.unittest.dll" id="82d5db02-e94e-3b02-ad01-51ee97ec021c">
      <TestCategory>
        <TestCategoryItem TestCategory="GisMapServices" />
      </TestCategory>
      <Execution id="2ccff567-47ca-4ee5-8a27-90becc73674a" />
      <TestMethod codeBase="D:\actions-runner\_work\XPCO\XPCO\EventServer\Server\Components\Central\GisMap.UnitTest\bin\Debug\net472\VideoOS.EventServer.GisMap.UnitTest.dll" adapterTypeName="executor://mstestadapter/v2" className="VideoOS.EventServer.GisMap.UnitTest.Services.Events.EventBusTest" name="Send" />
    </UnitTest>
    <UnitTest name="TestConstructor_ParsingWcfObjectWithNull_Success" storage="d:\actions-runner\_work\xpco\xpco\eventserver\server\components\central\gismap.unittest\bin\debug\net472\videoos.eventserver.gismap.unittest.dll" id="1109a24e-6a8a-6b7e-ba0b-d040bc00fa21">
      <TestCategory>
        <TestCategoryItem TestCategory="BusinessObjects" />
      </TestCategory>
      <Execution id="1eb4eccf-0bdf-4bf4-ab61-fe398c2ffb1a" />
      <TestMethod codeBase="D:\actions-runner\_work\XPCO\XPCO\EventServer\Server\Components\Central\GisMap.UnitTest\bin\Debug\net472\VideoOS.EventServer.GisMap.UnitTest.dll" adapterTypeName="executor://mstestadapter/v2" className="VideoOS.EventServer.GisMap.UnitTest.BusinessObjects.Layers.ImageLayerTest" name="TestConstructor_ParsingWcfObjectWithNull_Success" />
    </UnitTest>
    <UnitTest name="TestProperties_GetProperties_Success" storage="d:\actions-runner\_work\xpco\xpco\eventserver\server\components\central\gismap.unittest\bin\debug\net472\videoos.eventserver.gismap.unittest.dll" id="0d667e6c-d319-5f2a-2703-774599695c78">
      <TestCategory>
        <TestCategoryItem TestCategory="BusinessObjects" />
      </TestCategory>
      <Execution id="0e12d441-ca86-4870-9022-0034d7f64dfe" />
      <TestMethod codeBase="D:\actions-runner\_work\XPCO\XPCO\EventServer\Server\Components\Central\GisMap.UnitTest\bin\Debug\net472\VideoOS.EventServer.GisMap.UnitTest.dll" adapterTypeName="executor://mstestadapter/v2" className="VideoOS.EventServer.GisMap.UnitTest.BusinessObjects.Layers.CADLayerTest" name="TestProperties_GetProperties_Success" />
    </UnitTest>
    <UnitTest name="TestAddLevel_SQLException_Failure" storage="d:\actions-runner\_work\xpco\xpco\eventserver\server\components\central\gismap.unittest\bin\debug\net472\videoos.eventserver.gismap.unittest.dll" id="ac3dfe4b-2b70-c976-7ea4-71f60efbb0e1">
      <TestCategory>
        <TestCategoryItem TestCategory="DataComponent" />
      </TestCategory>
      <Execution id="4cdd81f8-4c47-42ee-823b-c9f9a77099c6" />
      <TestMethod codeBase="D:\actions-runner\_work\XPCO\XPCO\EventServer\Server\Components\Central\GisMap.UnitTest\bin\Debug\net472\VideoOS.EventServer.GisMap.UnitTest.dll" adapterTypeName="executor://mstestadapter/v2" className="VideoOS.EventServer.GisMap.UnitTest.DB.DataComponent.BuildingComponent_LevelTest" name="TestAddLevel_SQLException_Failure" />
    </UnitTest>
    <UnitTest name="TestConstructor_ParsingWcfObjectWithNull_Success" storage="d:\actions-runner\_work\xpco\xpco\eventserver\server\components\central\gismap.unittest\bin\debug\net472\videoos.eventserver.gismap.unittest.dll" id="5247f914-d515-1ff4-acca-c3d5e02af252">
      <TestCategory>
        <TestCategoryItem TestCategory="BusinessObjects" />
      </TestCategory>
      <Execution id="41613e1f-d41c-41e2-8c1f-fba8cfe47a21" />
      <TestMethod codeBase="D:\actions-runner\_work\XPCO\XPCO\EventServer\Server\Components\Central\GisMap.UnitTest\bin\Debug\net472\VideoOS.EventServer.GisMap.UnitTest.dll" adapterTypeName="executor://mstestadapter/v2" className="VideoOS.EventServer.GisMap.UnitTest.BusinessObjects.Layers.LegacyLinkLayerTest" name="TestConstructor_ParsingWcfObjectWithNull_Success" />
    </UnitTest>
    <UnitTest name="GetMipItemsByKindAndArea_WhenNoBuildings_WholeCellClusteringStrategy" storage="d:\actions-runner\_work\xpco\xpco\eventserver\server\components\central\gismap.unittest\bin\debug\net472\videoos.eventserver.gismap.unittest.dll" id="4e2eb5fa-c2ba-a2ca-9cc3-2b7a38a14ebf">
      <TestCategory>
        <TestCategoryItem TestCategory="GisMapMipItems" />
      </TestCategory>
      <Execution id="1c3bcaa8-1cb4-49f0-b476-c4d71aeffc4a" />
      <TestMethod codeBase="D:\actions-runner\_work\XPCO\XPCO\EventServer\Server\Components\Central\GisMap.UnitTest\bin\Debug\net472\VideoOS.EventServer.GisMap.UnitTest.dll" adapterTypeName="executor://mstestadapter/v2" className="VideoOS.EventServer.GisMap.UnitTest.WebService.GisMipItemCommandTest" name="GetMipItemsByKindAndArea_WhenNoBuildings_WholeCellClusteringStrategy" />
    </UnitTest>
    <UnitTest name="TestConstructor_Success" storage="d:\actions-runner\_work\xpco\xpco\eventserver\server\components\central\gismap.unittest\bin\debug\net472\videoos.eventserver.gismap.unittest.dll" id="d1c3c18f-4297-c4a6-f06b-9b0ca293dec5">
      <TestCategory>
        <TestCategoryItem TestCategory="BusinessObjects" />
      </TestCategory>
      <Execution id="f601629f-ff33-47aa-abe2-694269560746" />
      <TestMethod codeBase="D:\actions-runner\_work\XPCO\XPCO\EventServer\Server\Components\Central\GisMap.UnitTest\bin\Debug\net472\VideoOS.EventServer.GisMap.UnitTest.dll" adapterTypeName="executor://mstestadapter/v2" className="VideoOS.EventServer.GisMap.UnitTest.BusinessObjects.MapSettingsTest" name="TestConstructor_Success" />
    </UnitTest>
    <UnitTest name="TestConstructor_ParsingWcfObjectWithNull_Success" storage="d:\actions-runner\_work\xpco\xpco\eventserver\server\components\central\gismap.unittest\bin\debug\net472\videoos.eventserver.gismap.unittest.dll" id="c75aec8a-633a-6e53-7147-bd05d2a42767">
      <TestCategory>
        <TestCategoryItem TestCategory="BusinessObjects" />
      </TestCategory>
      <Execution id="6f7ca328-fcfe-4204-bb4b-18e09d65f713" />
      <TestMethod codeBase="D:\actions-runner\_work\XPCO\XPCO\EventServer\Server\Components\Central\GisMap.UnitTest\bin\Debug\net472\VideoOS.EventServer.GisMap.UnitTest.dll" adapterTypeName="executor://mstestadapter/v2" className="VideoOS.EventServer.GisMap.UnitTest.BusinessObjects.Layers.BingMapLayerTest" name="TestConstructor_ParsingWcfObjectWithNull_Success" />
    </UnitTest>
    <UnitTest name="TestAuditLog_AuditLogLevelRemoved_Success" storage="d:\actions-runner\_work\xpco\xpco\eventserver\server\components\central\gismap.unittest\bin\debug\net472\videoos.eventserver.gismap.unittest.dll" id="cb02662b-9837-a44f-4572-7ad943af279f">
      <TestCategory>
        <TestCategoryItem TestCategory="BusinessObjects" />
      </TestCategory>
      <Execution id="07d2bfec-6f8f-4a98-87b6-5195d9701bc3" />
      <TestMethod codeBase="D:\actions-runner\_work\XPCO\XPCO\EventServer\Server\Components\Central\GisMap.UnitTest\bin\Debug\net472\VideoOS.EventServer.GisMap.UnitTest.dll" adapterTypeName="executor://mstestadapter/v2" className="VideoOS.EventServer.GisMap.UnitTest.BusinessObjects.Buildings.LevelTest" name="TestAuditLog_AuditLogLevelRemoved_Success" />
    </UnitTest>
    <UnitTest name="DeleteItem_NonExistant_Ignores" storage="d:\actions-runner\_work\xpco\xpco\eventserver\server\components\central\gismap.unittest\bin\debug\net472\videoos.eventserver.gismap.unittest.dll" id="2c92206f-910a-b4af-c919-e3a119b0a747">
      <TestCategory>
        <TestCategoryItem TestCategory="GisMapServices" />
      </TestCategory>
      <Execution id="c6d61cdf-aa66-4150-a1c6-d5b2c3247708" />
      <TestMethod codeBase="D:\actions-runner\_work\XPCO\XPCO\EventServer\Server\Components\Central\GisMap.UnitTest\bin\Debug\net472\VideoOS.EventServer.GisMap.UnitTest.dll" adapterTypeName="executor://mstestadapter/v2" className="VideoOS.EventServer.GisMap.UnitTest.Services.Clustering.MapDataUpdaterTest" name="DeleteItem_NonExistant_Ignores" />
    </UnitTest>
    <UnitTest name="TestConstructor_Success" storage="d:\actions-runner\_work\xpco\xpco\eventserver\server\components\central\gismap.unittest\bin\debug\net472\videoos.eventserver.gismap.unittest.dll" id="8bf51081-fafc-8979-8161-7893d9418115">
      <TestCategory>
        <TestCategoryItem TestCategory="BusinessObjects" />
      </TestCategory>
      <Execution id="e9e2671f-b55c-4d6a-beeb-3efaf8cecd9e" />
      <TestMethod codeBase="D:\actions-runner\_work\XPCO\XPCO\EventServer\Server\Components\Central\GisMap.UnitTest\bin\Debug\net472\VideoOS.EventServer.GisMap.UnitTest.dll" adapterTypeName="executor://mstestadapter/v2" className="VideoOS.EventServer.GisMap.UnitTest.BusinessObjects.Buildings.BuildingMapItemTest" name="TestConstructor_Success" />
    </UnitTest>
    <UnitTest name="TestConstructor_CreateService_Success" storage="d:\actions-runner\_work\xpco\xpco\eventserver\server\components\central\gismap.unittest\bin\debug\net472\videoos.eventserver.gismap.unittest.dll" id="fe730865-2892-db3d-7097-9bb89a0f72c6">
      <TestCategory>
        <TestCategoryItem TestCategory="GisMap" />
      </TestCategory>
      <Execution id="898abaff-401f-4678-9734-be4249de5eab" />
      <TestMethod codeBase="D:\actions-runner\_work\XPCO\XPCO\EventServer\Server\Components\Central\GisMap.UnitTest\bin\Debug\net472\VideoOS.EventServer.GisMap.UnitTest.dll" adapterTypeName="executor://mstestadapter/v2" className="VideoOS.EventServer.GisMap.UnitTest.WebService.GisRepositoryCommandTest" name="TestConstructor_CreateService_Success" />
    </UnitTest>
    <UnitTest name="TestAuditLog_AuditLogItemAddedWithUnknownLocation_Success" storage="d:\actions-runner\_work\xpco\xpco\eventserver\server\components\central\gismap.unittest\bin\debug\net472\videoos.eventserver.gismap.unittest.dll" id="ac3a7322-cc2f-ea3b-97f9-3379a3199eb7">
      <TestCategory>
        <TestCategoryItem TestCategory="BusinessObjects" />
      </TestCategory>
      <Execution id="f04f9f41-b410-4e8d-a7d5-5116447131db" />
      <TestMethod codeBase="D:\actions-runner\_work\XPCO\XPCO\EventServer\Server\Components\Central\GisMap.UnitTest\bin\Debug\net472\VideoOS.EventServer.GisMap.UnitTest.dll" adapterTypeName="executor://mstestadapter/v2" className="VideoOS.EventServer.GisMap.UnitTest.BusinessObjects.Items.LinkItemTest" name="TestAuditLog_AuditLogItemAddedWithUnknownLocation_Success" />
    </UnitTest>
    <UnitTest name="TestConstructor_CreateService_Success" storage="d:\actions-runner\_work\xpco\xpco\eventserver\server\components\central\gismap.unittest\bin\debug\net472\videoos.eventserver.gismap.unittest.dll" id="e44b226a-a744-9d8e-171f-87098ada8608">
      <TestCategory>
        <TestCategoryItem TestCategory="GisMap" />
      </TestCategory>
      <Execution id="e4514d20-dd71-45a3-b7d9-99940eadae88" />
      <TestMethod codeBase="D:\actions-runner\_work\XPCO\XPCO\EventServer\Server\Components\Central\GisMap.UnitTest\bin\Debug\net472\VideoOS.EventServer.GisMap.UnitTest.dll" adapterTypeName="executor://mstestadapter/v2" className="VideoOS.EventServer.GisMap.UnitTest.WebService.GisMapCommandTest" name="TestConstructor_CreateService_Success" />
    </UnitTest>
    <UnitTest name="RemoveItem" storage="d:\actions-runner\_work\xpco\xpco\eventserver\server\components\central\gismap.unittest\bin\debug\net472\videoos.eventserver.gismap.unittest.dll" id="a2064a79-24aa-c417-4d4b-8e3f5ae86d9c">
      <TestCategory>
        <TestCategoryItem TestCategory="BusinessObjects" />
      </TestCategory>
      <Execution id="979df23e-36e7-422b-b781-3376d9d28f31" />
      <TestMethod codeBase="D:\actions-runner\_work\XPCO\XPCO\EventServer\Server\Components\Central\GisMap.UnitTest\bin\Debug\net472\VideoOS.EventServer.GisMap.UnitTest.dll" adapterTypeName="executor://mstestadapter/v2" className="VideoOS.EventServer.GisMap.UnitTest.BusinessObjects.Indexer.Buildings.BuildingIndexTest" name="RemoveItem" />
    </UnitTest>
    <UnitTest name="TestUpdateProperties_UpdateAllProperties_Success" storage="d:\actions-runner\_work\xpco\xpco\eventserver\server\components\central\gismap.unittest\bin\debug\net472\videoos.eventserver.gismap.unittest.dll" id="030414c7-bb4d-d636-f810-945d8c6a1e71">
      <TestCategory>
        <TestCategoryItem TestCategory="BusinessObjects" />
      </TestCategory>
      <Execution id="3558dfda-485e-4c06-8855-33d99f710cff" />
      <TestMethod codeBase="D:\actions-runner\_work\XPCO\XPCO\EventServer\Server\Components\Central\GisMap.UnitTest\bin\Debug\net472\VideoOS.EventServer.GisMap.UnitTest.dll" adapterTypeName="executor://mstestadapter/v2" className="VideoOS.EventServer.GisMap.UnitTest.BusinessObjects.Repositories.ImageRepositoryTest" name="TestUpdateProperties_UpdateAllProperties_Success" />
    </UnitTest>
    <UnitTest name="OnBuildingsDeleted" storage="d:\actions-runner\_work\xpco\xpco\eventserver\server\components\central\gismap.unittest\bin\debug\net472\videoos.eventserver.gismap.unittest.dll" id="b9bd6d8c-3df7-0bc0-636a-207c0f6f708c">
      <TestCategory>
        <TestCategoryItem TestCategory="GisMapServices" />
      </TestCategory>
      <Execution id="97c1265e-9f87-4117-868b-48bcbb6dc4d7" />
      <TestMethod codeBase="D:\actions-runner\_work\XPCO\XPCO\EventServer\Server\Components\Central\GisMap.UnitTest\bin\Debug\net472\VideoOS.EventServer.GisMap.UnitTest.dll" adapterTypeName="executor://mstestadapter/v2" className="VideoOS.EventServer.GisMap.UnitTest.Services.Events.EventBusTest" name="OnBuildingsDeleted" />
    </UnitTest>
    <UnitTest name="TestReorderLevels_NoUpdates_Success" storage="d:\actions-runner\_work\xpco\xpco\eventserver\server\components\central\gismap.unittest\bin\debug\net472\videoos.eventserver.gismap.unittest.dll" id="8079de8f-f0df-6ac6-461b-ddb887859bfe">
      <TestCategory>
        <TestCategoryItem TestCategory="DataComponent" />
      </TestCategory>
      <Execution id="e9889c5a-3131-4702-8943-74d0fbf71578" />
      <TestMethod codeBase="D:\actions-runner\_work\XPCO\XPCO\EventServer\Server\Components\Central\GisMap.UnitTest\bin\Debug\net472\VideoOS.EventServer.GisMap.UnitTest.dll" adapterTypeName="executor://mstestadapter/v2" className="VideoOS.EventServer.GisMap.UnitTest.DB.DataComponent.BuildingComponent_LevelTest" name="TestReorderLevels_NoUpdates_Success" />
    </UnitTest>
    <UnitTest name="InsertExcludedItems_Rises_OnItemsInserted" storage="d:\actions-runner\_work\xpco\xpco\eventserver\server\components\central\gismap.unittest\bin\debug\net472\videoos.eventserver.gismap.unittest.dll" id="20cf9a06-255a-d92d-afcd-8dfc739bd6b9">
      <TestCategory>
        <TestCategoryItem TestCategory="BusinessObjects" />
      </TestCategory>
      <Execution id="a998c364-1e87-407f-9e32-ec49aab4b07a" />
      <TestMethod codeBase="D:\actions-runner\_work\XPCO\XPCO\EventServer\Server\Components\Central\GisMap.UnitTest\bin\Debug\net472\VideoOS.EventServer.GisMap.UnitTest.dll" adapterTypeName="executor://mstestadapter/v2" className="VideoOS.EventServer.GisMap.UnitTest.BusinessObjects.Indexer.MapItemIndexerTest" name="InsertExcludedItems_Rises_OnItemsInserted" />
    </UnitTest>
    <UnitTest name="TestWcfObject_GetWcfObjectWithNullUpperLeftAndNullLowerRight_Success" storage="d:\actions-runner\_work\xpco\xpco\eventserver\server\components\central\gismap.unittest\bin\debug\net472\videoos.eventserver.gismap.unittest.dll" id="71fc6305-6d45-312e-3256-a6c3d4d7310c">
      <TestCategory>
        <TestCategoryItem TestCategory="BusinessObjects" />
      </TestCategory>
      <Execution id="42f63dde-31ff-4f11-b4d0-5f0997c391b0" />
      <TestMethod codeBase="D:\actions-runner\_work\XPCO\XPCO\EventServer\Server\Components\Central\GisMap.UnitTest\bin\Debug\net472\VideoOS.EventServer.GisMap.UnitTest.dll" adapterTypeName="executor://mstestadapter/v2" className="VideoOS.EventServer.GisMap.UnitTest.BusinessObjects.RectangleTest" name="TestWcfObject_GetWcfObjectWithNullUpperLeftAndNullLowerRight_Success" />
    </UnitTest>
    <UnitTest name="TestAuditLog_AuditLogMapChanged_Success" storage="d:\actions-runner\_work\xpco\xpco\eventserver\server\components\central\gismap.unittest\bin\debug\net472\videoos.eventserver.gismap.unittest.dll" id="a1b6542a-b65b-8d00-567a-da1f4995f2ec">
      <TestCategory>
        <TestCategoryItem TestCategory="BusinessObjects" />
      </TestCategory>
      <Execution id="da99cd70-81ce-4faf-8762-1e669921988b" />
      <TestMethod codeBase="D:\actions-runner\_work\XPCO\XPCO\EventServer\Server\Components\Central\GisMap.UnitTest\bin\Debug\net472\VideoOS.EventServer.GisMap.UnitTest.dll" adapterTypeName="executor://mstestadapter/v2" className="VideoOS.EventServer.GisMap.UnitTest.BusinessObjects.Maps.BrowseMapTest" name="TestAuditLog_AuditLogMapChanged_Success" />
    </UnitTest>
    <UnitTest name="TestPropertyNames_GettingPropertyNames_Success" storage="d:\actions-runner\_work\xpco\xpco\eventserver\server\components\central\gismap.unittest\bin\debug\net472\videoos.eventserver.gismap.unittest.dll" id="eecb6157-cc70-87ec-5910-c7f31d468748">
      <TestCategory>
        <TestCategoryItem TestCategory="BusinessObjects" />
      </TestCategory>
      <Execution id="b7463710-876d-4d9c-b820-a47564bfadbb" />
      <TestMethod codeBase="D:\actions-runner\_work\XPCO\XPCO\EventServer\Server\Components\Central\GisMap.UnitTest\bin\Debug\net472\VideoOS.EventServer.GisMap.UnitTest.dll" adapterTypeName="executor://mstestadapter/v2" className="VideoOS.EventServer.GisMap.UnitTest.BusinessObjects.Layers.OpenStreetMapLayerTest" name="TestPropertyNames_GettingPropertyNames_Success" />
    </UnitTest>
    <UnitTest name="TestWcfObject_ConvertToWcfObjectSelfCrossingLines_Success" storage="d:\actions-runner\_work\xpco\xpco\eventserver\server\components\central\gismap.unittest\bin\debug\net472\videoos.eventserver.gismap.unittest.dll" id="ac65f872-586a-672d-5e21-8e896a1efa14">
      <TestCategory>
        <TestCategoryItem TestCategory="BusinessObjects" />
      </TestCategory>
      <Execution id="bd155651-012e-4eff-b21b-24ca2c180899" />
      <TestMethod codeBase="D:\actions-runner\_work\XPCO\XPCO\EventServer\Server\Components\Central\GisMap.UnitTest\bin\Debug\net472\VideoOS.EventServer.GisMap.UnitTest.dll" adapterTypeName="executor://mstestadapter/v2" className="VideoOS.EventServer.GisMap.UnitTest.BusinessObjects.Buildings.BuildingTest" name="TestWcfObject_ConvertToWcfObjectSelfCrossingLines_Success" />
    </UnitTest>
    <UnitTest name="TestAuditLog_AuditLogLayerAdded_Success" storage="d:\actions-runner\_work\xpco\xpco\eventserver\server\components\central\gismap.unittest\bin\debug\net472\videoos.eventserver.gismap.unittest.dll" id="15c8ff39-d173-a012-a398-b8dcf40711af">
      <TestCategory>
        <TestCategoryItem TestCategory="BusinessObjects" />
      </TestCategory>
      <Execution id="20b2d118-64a2-43ea-86eb-c3d5b66c6078" />
      <TestMethod codeBase="D:\actions-runner\_work\XPCO\XPCO\EventServer\Server\Components\Central\GisMap.UnitTest\bin\Debug\net472\VideoOS.EventServer.GisMap.UnitTest.dll" adapterTypeName="executor://mstestadapter/v2" className="VideoOS.EventServer.GisMap.UnitTest.BusinessObjects.Layers.ImageLayerTest" name="TestAuditLog_AuditLogLayerAdded_Success" />
    </UnitTest>
    <UnitTest name="GetClusters_CheckClusterIdPersistentInSameIndexer" storage="d:\actions-runner\_work\xpco\xpco\eventserver\server\components\central\gismap.unittest\bin\debug\net472\videoos.eventserver.gismap.unittest.dll" id="b22fc2ff-d2e9-6229-af68-1fa8a128f0b2">
      <TestCategory>
        <TestCategoryItem TestCategory="BusinessObjects" />
      </TestCategory>
      <Execution id="dfd9d5ed-2a51-43aa-b639-b24ee402f4f2" />
      <TestMethod codeBase="D:\actions-runner\_work\XPCO\XPCO\EventServer\Server\Components\Central\GisMap.UnitTest\bin\Debug\net472\VideoOS.EventServer.GisMap.UnitTest.dll" adapterTypeName="executor://mstestadapter/v2" className="VideoOS.EventServer.GisMap.UnitTest.BusinessObjects.Indexer.MapItemIndexerTest" name="GetClusters_CheckClusterIdPersistentInSameIndexer" />
    </UnitTest>
    <UnitTest name="TestAuditLog_NullBuildingAuditParameters_Failure" storage="d:\actions-runner\_work\xpco\xpco\eventserver\server\components\central\gismap.unittest\bin\debug\net472\videoos.eventserver.gismap.unittest.dll" id="50e0d0eb-7245-8173-ffb3-7f134f8650a4">
      <TestCategory>
        <TestCategoryItem TestCategory="BusinessObjects" />
      </TestCategory>
      <Execution id="55c1bcb2-4865-4797-959e-3bc7489ce4c4" />
      <TestMethod codeBase="D:\actions-runner\_work\XPCO\XPCO\EventServer\Server\Components\Central\GisMap.UnitTest\bin\Debug\net472\VideoOS.EventServer.GisMap.UnitTest.dll" adapterTypeName="executor://mstestadapter/v2" className="VideoOS.EventServer.GisMap.UnitTest.BusinessObjects.Buildings.BuildingTest" name="TestAuditLog_NullBuildingAuditParameters_Failure" />
    </UnitTest>
    <UnitTest name="Init_PopulatesMainIndexer" storage="d:\actions-runner\_work\xpco\xpco\eventserver\server\components\central\gismap.unittest\bin\debug\net472\videoos.eventserver.gismap.unittest.dll" id="831a4700-4280-3ccd-21d8-f5f604ea12d2">
      <TestCategory>
        <TestCategoryItem TestCategory="GisMapServices" />
      </TestCategory>
      <Execution id="75cc5dfe-52f1-40a0-96dd-c381cb6a3457" />
      <TestMethod codeBase="D:\actions-runner\_work\XPCO\XPCO\EventServer\Server\Components\Central\GisMap.UnitTest\bin\Debug\net472\VideoOS.EventServer.GisMap.UnitTest.dll" adapterTypeName="executor://mstestadapter/v2" className="VideoOS.EventServer.GisMap.UnitTest.Services.Clustering.ItemClusteringServiceTest" name="Init_PopulatesMainIndexer" />
    </UnitTest>
    <UnitTest name="TestConstructor_Success" storage="d:\actions-runner\_work\xpco\xpco\eventserver\server\components\central\gismap.unittest\bin\debug\net472\videoos.eventserver.gismap.unittest.dll" id="6fb66f34-924f-519a-0dc3-4b14db8627a0">
      <TestCategory>
        <TestCategoryItem TestCategory="BusinessObjects" />
      </TestCategory>
      <Execution id="d0edb8c9-407e-4fb5-b7c3-51d48a50e695" />
      <TestMethod codeBase="D:\actions-runner\_work\XPCO\XPCO\EventServer\Server\Components\Central\GisMap.UnitTest\bin\Debug\net472\VideoOS.EventServer.GisMap.UnitTest.dll" adapterTypeName="executor://mstestadapter/v2" className="VideoOS.EventServer.GisMap.UnitTest.BusinessObjects.TransformInfoTest" name="TestConstructor_Success" />
    </UnitTest>
    <UnitTest name="Send_Null_NotSent" storage="d:\actions-runner\_work\xpco\xpco\eventserver\server\components\central\gismap.unittest\bin\debug\net472\videoos.eventserver.gismap.unittest.dll" id="a1439d3c-8d7e-02e3-f982-9cee2961859c">
      <TestCategory>
        <TestCategoryItem TestCategory="GisMapServices" />
      </TestCategory>
      <Execution id="de0d6069-0c26-4f42-b539-43db565b22b5" />
      <TestMethod codeBase="D:\actions-runner\_work\XPCO\XPCO\EventServer\Server\Components\Central\GisMap.UnitTest\bin\Debug\net472\VideoOS.EventServer.GisMap.UnitTest.dll" adapterTypeName="executor://mstestadapter/v2" className="VideoOS.EventServer.GisMap.UnitTest.Services.Events.EventBusTest" name="Send_Null_NotSent" />
    </UnitTest>
    <UnitTest name="TestWcfObject_GetWcfObject_Success" storage="d:\actions-runner\_work\xpco\xpco\eventserver\server\components\central\gismap.unittest\bin\debug\net472\videoos.eventserver.gismap.unittest.dll" id="4ad3d293-a459-4607-b5a6-c41dabb71206">
      <TestCategory>
        <TestCategoryItem TestCategory="BusinessObjects" />
      </TestCategory>
      <Execution id="28adf26a-d95c-4fa2-acef-86a12e2a868e" />
      <TestMethod codeBase="D:\actions-runner\_work\XPCO\XPCO\EventServer\Server\Components\Central\GisMap.UnitTest\bin\Debug\net472\VideoOS.EventServer.GisMap.UnitTest.dll" adapterTypeName="executor://mstestadapter/v2" className="VideoOS.EventServer.GisMap.UnitTest.BusinessObjects.Items.LinkItemTest" name="TestWcfObject_GetWcfObject_Success" />
    </UnitTest>
    <UnitTest name="TestConstructor_ParsingWcfObjectWithNull_Success" storage="d:\actions-runner\_work\xpco\xpco\eventserver\server\components\central\gismap.unittest\bin\debug\net472\videoos.eventserver.gismap.unittest.dll" id="8c344fd2-ca4e-27dc-cb75-8ed7a4e958eb">
      <TestCategory>
        <TestCategoryItem TestCategory="BusinessObjects" />
      </TestCategory>
      <Execution id="af491d3f-71c3-47f3-97d0-33df39f63241" />
      <TestMethod codeBase="D:\actions-runner\_work\XPCO\XPCO\EventServer\Server\Components\Central\GisMap.UnitTest\bin\Debug\net472\VideoOS.EventServer.GisMap.UnitTest.dll" adapterTypeName="executor://mstestadapter/v2" className="VideoOS.EventServer.GisMap.UnitTest.BusinessObjects.Layers.BuildingLayerTest" name="TestConstructor_ParsingWcfObjectWithNull_Success" />
    </UnitTest>
    <UnitTest name="TestAuditLog_AuditLogItemRemoved_Success" storage="d:\actions-runner\_work\xpco\xpco\eventserver\server\components\central\gismap.unittest\bin\debug\net472\videoos.eventserver.gismap.unittest.dll" id="72caf7c5-5a44-3398-6059-60ed1b0451dd">
      <TestCategory>
        <TestCategoryItem TestCategory="BusinessObjects" />
      </TestCategory>
      <Execution id="cbba7456-bb6b-4411-80cf-6cc07affefe0" />
      <TestMethod codeBase="D:\actions-runner\_work\XPCO\XPCO\EventServer\Server\Components\Central\GisMap.UnitTest\bin\Debug\net472\VideoOS.EventServer.GisMap.UnitTest.dll" adapterTypeName="executor://mstestadapter/v2" className="VideoOS.EventServer.GisMap.UnitTest.BusinessObjects.Items.LocationItemTest" name="TestAuditLog_AuditLogItemRemoved_Success" />
    </UnitTest>
    <UnitTest name="HasItem_True" storage="d:\actions-runner\_work\xpco\xpco\eventserver\server\components\central\gismap.unittest\bin\debug\net472\videoos.eventserver.gismap.unittest.dll" id="94421dcd-1197-85ae-01f5-f60d4f7fcf6c">
      <TestCategory>
        <TestCategoryItem TestCategory="GisMapServices" />
      </TestCategory>
      <Execution id="cfa38984-bfcd-489a-83d3-77582784e99e" />
      <TestMethod codeBase="D:\actions-runner\_work\XPCO\XPCO\EventServer\Server\Components\Central\GisMap.UnitTest\bin\Debug\net472\VideoOS.EventServer.GisMap.UnitTest.dll" adapterTypeName="executor://mstestadapter/v2" className="VideoOS.EventServer.GisMap.UnitTest.Services.Clustering.ItemClusteringServiceTest" name="HasItem_True" />
    </UnitTest>
    <UnitTest name="TestQueryKindsVisibility_OneKind_Success" storage="d:\actions-runner\_work\xpco\xpco\eventserver\server\components\central\gismap.unittest\bin\debug\net472\videoos.eventserver.gismap.unittest.dll" id="7cee938e-4726-ecfc-427c-4cc906afc6df">
      <TestCategory>
        <TestCategoryItem TestCategory="DataComponent" />
      </TestCategory>
      <Execution id="3a63ef51-9630-4583-a2ec-02506a233ffd" />
      <TestMethod codeBase="D:\actions-runner\_work\XPCO\XPCO\EventServer\Server\Components\Central\GisMap.UnitTest\bin\Debug\net472\VideoOS.EventServer.GisMap.UnitTest.dll" adapterTypeName="executor://mstestadapter/v2" className="VideoOS.EventServer.GisMap.UnitTest.DB.DataComponent.MipItemComponentTest" name="TestQueryKindsVisibility_OneKind_Success" />
    </UnitTest>
    <UnitTest name="BrowseLayer_Generic_CreateNew_Success" storage="d:\actions-runner\_work\xpco\xpco\eventserver\server\components\central\gismap.unittest\bin\debug\net472\videoos.eventserver.gismap.unittest.dll" id="650d24b9-a276-9623-9991-78f255056e80">
      <Execution id="a22f65a3-2066-436c-8f78-40edc63b1736" />
      <TestMethod codeBase="D:\actions-runner\_work\XPCO\XPCO\EventServer\Server\Components\Central\GisMap.UnitTest\bin\Debug\net472\VideoOS.EventServer.GisMap.UnitTest.dll" adapterTypeName="executor://mstestadapter/v2" className="VideoOS.EventServer.GisMap.UnitTest.BusinessObjects.Layers.BrowseLayerTest" name="BrowseLayer_Generic_CreateNew_Success" />
    </UnitTest>
    <UnitTest name="TestConstructor_Success" storage="d:\actions-runner\_work\xpco\xpco\eventserver\server\components\central\gismap.unittest\bin\debug\net472\videoos.eventserver.gismap.unittest.dll" id="4f79bc1b-c633-44ca-3515-6aafcfce4559">
      <TestCategory>
        <TestCategoryItem TestCategory="BusinessObjects" />
      </TestCategory>
      <Execution id="c5395073-b534-412b-9bb1-8459f66878ce" />
      <TestMethod codeBase="D:\actions-runner\_work\XPCO\XPCO\EventServer\Server\Components\Central\GisMap.UnitTest\bin\Debug\net472\VideoOS.EventServer.GisMap.UnitTest.dll" adapterTypeName="executor://mstestadapter/v2" className="VideoOS.EventServer.GisMap.UnitTest.BusinessObjects.PositionTest" name="TestConstructor_Success" />
    </UnitTest>
    <UnitTest name="TestAuditLog_AuditLogLegacyLinkChangedWithWrongOldItem_Success" storage="d:\actions-runner\_work\xpco\xpco\eventserver\server\components\central\gismap.unittest\bin\debug\net472\videoos.eventserver.gismap.unittest.dll" id="9825cfbc-2da7-4392-c4fd-cb2df3e16b64">
      <TestCategory>
        <TestCategoryItem TestCategory="BusinessObjects" />
      </TestCategory>
      <Execution id="8ccca4e1-b43e-4127-83a7-7e5288ea339a" />
      <TestMethod codeBase="D:\actions-runner\_work\XPCO\XPCO\EventServer\Server\Components\Central\GisMap.UnitTest\bin\Debug\net472\VideoOS.EventServer.GisMap.UnitTest.dll" adapterTypeName="executor://mstestadapter/v2" className="VideoOS.EventServer.GisMap.UnitTest.BusinessObjects.Items.LegacyLinkItemTest" name="TestAuditLog_AuditLogLegacyLinkChangedWithWrongOldItem_Success" />
    </UnitTest>
    <UnitTest name="TestPropertyNames_GettingPropertyNames_Success" storage="d:\actions-runner\_work\xpco\xpco\eventserver\server\components\central\gismap.unittest\bin\debug\net472\videoos.eventserver.gismap.unittest.dll" id="b2931be2-9ec6-7ce5-6548-609b3ce1a9c8">
      <TestCategory>
        <TestCategoryItem TestCategory="BusinessObjects" />
      </TestCategory>
      <Execution id="fc090b9f-fee0-449d-b3ac-d47a0d67e497" />
      <TestMethod codeBase="D:\actions-runner\_work\XPCO\XPCO\EventServer\Server\Components\Central\GisMap.UnitTest\bin\Debug\net472\VideoOS.EventServer.GisMap.UnitTest.dll" adapterTypeName="executor://mstestadapter/v2" className="VideoOS.EventServer.GisMap.UnitTest.BusinessObjects.Layers.OutputLayerTest" name="TestPropertyNames_GettingPropertyNames_Success" />
    </UnitTest>
    <UnitTest name="TestConstructor_ParsingWcfObjectWithNull_Success" storage="d:\actions-runner\_work\xpco\xpco\eventserver\server\components\central\gismap.unittest\bin\debug\net472\videoos.eventserver.gismap.unittest.dll" id="828ef787-afd5-c441-6789-6eda6598e6c8">
      <TestCategory>
        <TestCategoryItem TestCategory="BusinessObjects" />
      </TestCategory>
      <Execution id="be06d554-7833-4638-9185-9801d8920845" />
      <TestMethod codeBase="D:\actions-runner\_work\XPCO\XPCO\EventServer\Server\Components\Central\GisMap.UnitTest\bin\Debug\net472\VideoOS.EventServer.GisMap.UnitTest.dll" adapterTypeName="executor://mstestadapter/v2" className="VideoOS.EventServer.GisMap.UnitTest.BusinessObjects.Buildings.LevelTest" name="TestConstructor_ParsingWcfObjectWithNull_Success" />
    </UnitTest>
    <UnitTest name="GetClusters_StrategyCalledWithIndividualItemsOnlyTrue_WhenScaleIsLessThanMinimum" storage="d:\actions-runner\_work\xpco\xpco\eventserver\server\components\central\gismap.unittest\bin\debug\net472\videoos.eventserver.gismap.unittest.dll" id="2cfb7e90-0af1-6c66-4060-07f2a94c8dee">
      <TestCategory>
        <TestCategoryItem TestCategory="BusinessObjects" />
      </TestCategory>
      <Execution id="3fa3212c-2fcd-42c5-8112-84fd26353e2d" />
      <TestMethod codeBase="D:\actions-runner\_work\XPCO\XPCO\EventServer\Server\Components\Central\GisMap.UnitTest\bin\Debug\net472\VideoOS.EventServer.GisMap.UnitTest.dll" adapterTypeName="executor://mstestadapter/v2" className="VideoOS.EventServer.GisMap.UnitTest.BusinessObjects.Indexer.MapItemIndexerTest" name="GetClusters_StrategyCalledWithIndividualItemsOnlyTrue_WhenScaleIsLessThanMinimum" />
    </UnitTest>
    <UnitTest name="TestAuditLog_AuditLogItemAddedWithLocation_Success" storage="d:\actions-runner\_work\xpco\xpco\eventserver\server\components\central\gismap.unittest\bin\debug\net472\videoos.eventserver.gismap.unittest.dll" id="0e0f15b4-3dc8-167d-b264-ab4e889633a6">
      <TestCategory>
        <TestCategoryItem TestCategory="BusinessObjects" />
      </TestCategory>
      <Execution id="2884a737-261a-414a-83f4-3b8919b105c5" />
      <TestMethod codeBase="D:\actions-runner\_work\XPCO\XPCO\EventServer\Server\Components\Central\GisMap.UnitTest\bin\Debug\net472\VideoOS.EventServer.GisMap.UnitTest.dll" adapterTypeName="executor://mstestadapter/v2" className="VideoOS.EventServer.GisMap.UnitTest.BusinessObjects.Items.LinkItemTest" name="TestAuditLog_AuditLogItemAddedWithLocation_Success" />
    </UnitTest>
    <UnitTest name="TestConstructor_ParsingWcfObjectWithNull_Success" storage="d:\actions-runner\_work\xpco\xpco\eventserver\server\components\central\gismap.unittest\bin\debug\net472\videoos.eventserver.gismap.unittest.dll" id="6513a362-7586-99fe-06c9-3880bce55ec5">
      <TestCategory>
        <TestCategoryItem TestCategory="BusinessObjects" />
      </TestCategory>
      <Execution id="23606a1c-eb5b-48eb-9b08-16cd7928bd14" />
      <TestMethod codeBase="D:\actions-runner\_work\XPCO\XPCO\EventServer\Server\Components\Central\GisMap.UnitTest\bin\Debug\net472\VideoOS.EventServer.GisMap.UnitTest.dll" adapterTypeName="executor://mstestadapter/v2" className="VideoOS.EventServer.GisMap.UnitTest.BusinessObjects.Items.LinkItemTest" name="TestConstructor_ParsingWcfObjectWithNull_Success" />
    </UnitTest>
    <UnitTest name="TestUpdateProperties_UpdateAllProperties_Success" storage="d:\actions-runner\_work\xpco\xpco\eventserver\server\components\central\gismap.unittest\bin\debug\net472\videoos.eventserver.gismap.unittest.dll" id="5f07c322-8294-68d5-231b-4a60daaa4c46">
      <TestCategory>
        <TestCategoryItem TestCategory="BusinessObjects" />
      </TestCategory>
      <Execution id="18a2005b-9835-4162-bf0b-334b1f3176dc" />
      <TestMethod codeBase="D:\actions-runner\_work\XPCO\XPCO\EventServer\Server\Components\Central\GisMap.UnitTest\bin\Debug\net472\VideoOS.EventServer.GisMap.UnitTest.dll" adapterTypeName="executor://mstestadapter/v2" className="VideoOS.EventServer.GisMap.UnitTest.BusinessObjects.Layers.ImageLayerTest" name="TestUpdateProperties_UpdateAllProperties_Success" />
    </UnitTest>
    <UnitTest name="TestConstructor_ParsingWcfObjectWithNull_Success" storage="d:\actions-runner\_work\xpco\xpco\eventserver\server\components\central\gismap.unittest\bin\debug\net472\videoos.eventserver.gismap.unittest.dll" id="1225bd79-d039-d362-fc23-701b362c77ef">
      <TestCategory>
        <TestCategoryItem TestCategory="BusinessObjects" />
      </TestCategory>
      <Execution id="10da6b2a-d188-420a-8116-ef0f67b4d171" />
      <TestMethod codeBase="D:\actions-runner\_work\XPCO\XPCO\EventServer\Server\Components\Central\GisMap.UnitTest\bin\Debug\net472\VideoOS.EventServer.GisMap.UnitTest.dll" adapterTypeName="executor://mstestadapter/v2" className="VideoOS.EventServer.GisMap.UnitTest.BusinessObjects.Layers.LinkLayerTest" name="TestConstructor_ParsingWcfObjectWithNull_Success" />
    </UnitTest>
    <UnitTest name="Init_SubscribesToMessage" storage="d:\actions-runner\_work\xpco\xpco\eventserver\server\components\central\gismap.unittest\bin\debug\net472\videoos.eventserver.gismap.unittest.dll" id="4a13064a-2552-f664-e680-77edaca93e76">
      <TestCategory>
        <TestCategoryItem TestCategory="GisMapServices" />
      </TestCategory>
      <Execution id="d2106446-58d9-48c6-8397-3bedb8d723e4" />
      <TestMethod codeBase="D:\actions-runner\_work\XPCO\XPCO\EventServer\Server\Components\Central\GisMap.UnitTest\bin\Debug\net472\VideoOS.EventServer.GisMap.UnitTest.dll" adapterTypeName="executor://mstestadapter/v2" className="VideoOS.EventServer.GisMap.UnitTest.Services.Clustering.MapDataUpdaterTest" name="Init_SubscribesToMessage" />
    </UnitTest>
    <UnitTest name="TestProperties_GetPropertiesFromWcfObjectWithNullMapSettings_Success" storage="d:\actions-runner\_work\xpco\xpco\eventserver\server\components\central\gismap.unittest\bin\debug\net472\videoos.eventserver.gismap.unittest.dll" id="bc98f6d6-7ca2-444f-bf52-b490e8756b7e">
      <TestCategory>
        <TestCategoryItem TestCategory="BusinessObjects" />
      </TestCategory>
      <Execution id="8e58252c-d8bc-40ca-94f0-487ceaf213b7" />
      <TestMethod codeBase="D:\actions-runner\_work\XPCO\XPCO\EventServer\Server\Components\Central\GisMap.UnitTest\bin\Debug\net472\VideoOS.EventServer.GisMap.UnitTest.dll" adapterTypeName="executor://mstestadapter/v2" className="VideoOS.EventServer.GisMap.UnitTest.BusinessObjects.Maps.MapTest" name="TestProperties_GetPropertiesFromWcfObjectWithNullMapSettings_Success" />
    </UnitTest>
    <UnitTest name="BuildClusters_IndividualItemClusters_WhenIndividualItemsOnlyTrue" storage="d:\actions-runner\_work\xpco\xpco\eventserver\server\components\central\gismap.unittest\bin\debug\net472\videoos.eventserver.gismap.unittest.dll" id="f5cee685-06e6-5e74-b3df-2251547fd175">
      <TestCategory>
        <TestCategoryItem TestCategory="BusinessObjects" />
      </TestCategory>
      <Execution id="4e68a0d3-6267-4cec-a229-57a41617ef8d" />
      <TestMethod codeBase="D:\actions-runner\_work\XPCO\XPCO\EventServer\Server\Components\Central\GisMap.UnitTest\bin\Debug\net472\VideoOS.EventServer.GisMap.UnitTest.dll" adapterTypeName="executor://mstestadapter/v2" className="VideoOS.EventServer.GisMap.UnitTest.BusinessObjects.Indexer.Clustering.WholeCellClusterStrategyTest" name="BuildClusters_IndividualItemClusters_WhenIndividualItemsOnlyTrue" />
    </UnitTest>
    <UnitTest name="TestAddLevel_Exception_Failure" storage="d:\actions-runner\_work\xpco\xpco\eventserver\server\components\central\gismap.unittest\bin\debug\net472\videoos.eventserver.gismap.unittest.dll" id="57cafb90-8600-81f7-33df-07cc1aad79dc">
      <TestCategory>
        <TestCategoryItem TestCategory="DataComponent" />
      </TestCategory>
      <Execution id="29a3feee-619e-48d7-bc2b-70b0576d835f" />
      <TestMethod codeBase="D:\actions-runner\_work\XPCO\XPCO\EventServer\Server\Components\Central\GisMap.UnitTest\bin\Debug\net472\VideoOS.EventServer.GisMap.UnitTest.dll" adapterTypeName="executor://mstestadapter/v2" className="VideoOS.EventServer.GisMap.UnitTest.DB.DataComponent.BuildingComponent_LevelTest" name="TestAddLevel_Exception_Failure" />
    </UnitTest>
    <UnitTest name="GetClusters_ReturnsCorrectClusteredItemsByScale" storage="d:\actions-runner\_work\xpco\xpco\eventserver\server\components\central\gismap.unittest\bin\debug\net472\videoos.eventserver.gismap.unittest.dll" id="3b3c6885-ccd5-d3e5-6ba9-bee7593c46a6">
      <TestCategory>
        <TestCategoryItem TestCategory="GisMapServices" />
      </TestCategory>
      <Execution id="39746089-6eb0-47ad-a4e9-f38020fed6b7" />
      <TestMethod codeBase="D:\actions-runner\_work\XPCO\XPCO\EventServer\Server\Components\Central\GisMap.UnitTest\bin\Debug\net472\VideoOS.EventServer.GisMap.UnitTest.dll" adapterTypeName="executor://mstestadapter/v2" className="VideoOS.EventServer.GisMap.UnitTest.Services.Clustering.ItemClusteringServiceTest" name="GetClusters_ReturnsCorrectClusteredItemsByScale" />
    </UnitTest>
    <UnitTest name="TestUpdateProperties_UpdateAllProperties_Success" storage="d:\actions-runner\_work\xpco\xpco\eventserver\server\components\central\gismap.unittest\bin\debug\net472\videoos.eventserver.gismap.unittest.dll" id="2dcffbb8-8fa5-47a6-b32e-a51aa99ef28f">
      <TestCategory>
        <TestCategoryItem TestCategory="BusinessObjects" />
      </TestCategory>
      <Execution id="3547e61f-9a00-4dcc-9520-63914c952492" />
      <TestMethod codeBase="D:\actions-runner\_work\XPCO\XPCO\EventServer\Server\Components\Central\GisMap.UnitTest\bin\Debug\net472\VideoOS.EventServer.GisMap.UnitTest.dll" adapterTypeName="executor://mstestadapter/v2" className="VideoOS.EventServer.GisMap.UnitTest.BusinessObjects.Layers.MicrophoneLayerTest" name="TestUpdateProperties_UpdateAllProperties_Success" />
    </UnitTest>
    <UnitTest name="GettMipItemsByKindAndArea_WhenFetchingNotFinished_EmptyList" storage="d:\actions-runner\_work\xpco\xpco\eventserver\server\components\central\gismap.unittest\bin\debug\net472\videoos.eventserver.gismap.unittest.dll" id="bfeca7aa-7f49-d61b-b07c-fa8ced01b767">
      <TestCategory>
        <TestCategoryItem TestCategory="GisMapMipItems" />
      </TestCategory>
      <Execution id="e601f624-208e-401d-a3f1-38cfaa9551ea" />
      <TestMethod codeBase="D:\actions-runner\_work\XPCO\XPCO\EventServer\Server\Components\Central\GisMap.UnitTest\bin\Debug\net472\VideoOS.EventServer.GisMap.UnitTest.dll" adapterTypeName="executor://mstestadapter/v2" className="VideoOS.EventServer.GisMap.UnitTest.WebService.GisMipItemCommandTest" name="GettMipItemsByKindAndArea_WhenFetchingNotFinished_EmptyList" />
    </UnitTest>
    <UnitTest name="TestWcfObject_GetWcfObjectWithoutExtent_Success" storage="d:\actions-runner\_work\xpco\xpco\eventserver\server\components\central\gismap.unittest\bin\debug\net472\videoos.eventserver.gismap.unittest.dll" id="1f9e80a4-fbe0-8d4f-70fb-4fbd1e9ef2bf">
      <TestCategory>
        <TestCategoryItem TestCategory="BusinessObjects" />
      </TestCategory>
      <Execution id="c407f007-a110-4808-8414-9048e20b1dcf" />
      <TestMethod codeBase="D:\actions-runner\_work\XPCO\XPCO\EventServer\Server\Components\Central\GisMap.UnitTest\bin\Debug\net472\VideoOS.EventServer.GisMap.UnitTest.dll" adapterTypeName="executor://mstestadapter/v2" className="VideoOS.EventServer.GisMap.UnitTest.BusinessObjects.Layers.CADLayerTest" name="TestWcfObject_GetWcfObjectWithoutExtent_Success" />
    </UnitTest>
    <UnitTest name="TestUpdateBuilding_Success" storage="d:\actions-runner\_work\xpco\xpco\eventserver\server\components\central\gismap.unittest\bin\debug\net472\videoos.eventserver.gismap.unittest.dll" id="96897db5-5055-bad1-acbd-4076d2446290">
      <TestCategory>
        <TestCategoryItem TestCategory="DataComponent" />
      </TestCategory>
      <Execution id="904ed295-6be3-43a2-8709-d73f1b238ba2" />
      <TestMethod codeBase="D:\actions-runner\_work\XPCO\XPCO\EventServer\Server\Components\Central\GisMap.UnitTest\bin\Debug\net472\VideoOS.EventServer.GisMap.UnitTest.dll" adapterTypeName="executor://mstestadapter/v2" className="VideoOS.EventServer.GisMap.UnitTest.DB.DataComponent.BuildingComponentTest" name="TestUpdateBuilding_Success" />
    </UnitTest>
    <UnitTest name="GetBuildingsAsync_Success" storage="d:\actions-runner\_work\xpco\xpco\eventserver\server\components\central\gismap.unittest\bin\debug\net472\videoos.eventserver.gismap.unittest.dll" id="44c89347-444a-61de-1e83-8685b95b1a46">
      <TestCategory>
        <TestCategoryItem TestCategory="GisMapServices" />
      </TestCategory>
      <Execution id="a7be854e-8f28-41d7-8efb-727522461bf0" />
      <TestMethod codeBase="D:\actions-runner\_work\XPCO\XPCO\EventServer\Server\Components\Central\GisMap.UnitTest\bin\Debug\net472\VideoOS.EventServer.GisMap.UnitTest.dll" adapterTypeName="executor://mstestadapter/v2" className="VideoOS.EventServer.GisMap.UnitTest.Services.Clustering.MapDataObtainerTest" name="GetBuildingsAsync_Success" />
    </UnitTest>
    <UnitTest name="TestWcfObject_ConvertToWcfObject_Success" storage="d:\actions-runner\_work\xpco\xpco\eventserver\server\components\central\gismap.unittest\bin\debug\net472\videoos.eventserver.gismap.unittest.dll" id="73c684e6-c886-4823-96f9-b9a8feb5cb2f">
      <TestCategory>
        <TestCategoryItem TestCategory="BusinessObjects" />
      </TestCategory>
      <Execution id="8345a81f-1a6a-4523-b66d-189daf6f7b7a" />
      <TestMethod codeBase="D:\actions-runner\_work\XPCO\XPCO\EventServer\Server\Components\Central\GisMap.UnitTest\bin\Debug\net472\VideoOS.EventServer.GisMap.UnitTest.dll" adapterTypeName="executor://mstestadapter/v2" className="VideoOS.EventServer.GisMap.UnitTest.BusinessObjects.Repositories.CADRepositoryTest" name="TestWcfObject_ConvertToWcfObject_Success" />
    </UnitTest>
    <UnitTest name="TestDeleteBuildings_NullId_Failure" storage="d:\actions-runner\_work\xpco\xpco\eventserver\server\components\central\gismap.unittest\bin\debug\net472\videoos.eventserver.gismap.unittest.dll" id="2b0ddda1-fce4-b042-1aa2-8a51e8069254">
      <TestCategory>
        <TestCategoryItem TestCategory="DataComponent" />
      </TestCategory>
      <Execution id="0677f049-8084-49be-878f-0a1cedcaa6f3" />
      <TestMethod codeBase="D:\actions-runner\_work\XPCO\XPCO\EventServer\Server\Components\Central\GisMap.UnitTest\bin\Debug\net472\VideoOS.EventServer.GisMap.UnitTest.dll" adapterTypeName="executor://mstestadapter/v2" className="VideoOS.EventServer.GisMap.UnitTest.DB.DataComponent.BuildingComponentTest" name="TestDeleteBuildings_NullId_Failure" />
    </UnitTest>
    <UnitTest name="AddBuilding_Silent_WhenBuildingExists" storage="d:\actions-runner\_work\xpco\xpco\eventserver\server\components\central\gismap.unittest\bin\debug\net472\videoos.eventserver.gismap.unittest.dll" id="6fd438e4-dc9d-fb54-7c5c-386af97e259c">
      <TestCategory>
        <TestCategoryItem TestCategory="BusinessObjects" />
      </TestCategory>
      <Execution id="5af3b03f-dea6-4c85-85cb-3e3a697dd841" />
      <TestMethod codeBase="D:\actions-runner\_work\XPCO\XPCO\EventServer\Server\Components\Central\GisMap.UnitTest\bin\Debug\net472\VideoOS.EventServer.GisMap.UnitTest.dll" adapterTypeName="executor://mstestadapter/v2" className="VideoOS.EventServer.GisMap.UnitTest.BusinessObjects.Indexer.Buildings.BuildingItemsIndexerTest" name="AddBuilding_Silent_WhenBuildingExists" />
    </UnitTest>
    <UnitTest name="TestConstructor_Success" storage="d:\actions-runner\_work\xpco\xpco\eventserver\server\components\central\gismap.unittest\bin\debug\net472\videoos.eventserver.gismap.unittest.dll" id="a87e64c5-985f-097d-7fbf-350e3851e0ae">
      <TestCategory>
        <TestCategoryItem TestCategory="BusinessObjects" />
      </TestCategory>
      <Execution id="52351cc7-165e-4392-8cf9-f7bb896dc862" />
      <TestMethod codeBase="D:\actions-runner\_work\XPCO\XPCO\EventServer\Server\Components\Central\GisMap.UnitTest\bin\Debug\net472\VideoOS.EventServer.GisMap.UnitTest.dll" adapterTypeName="executor://mstestadapter/v2" className="VideoOS.EventServer.GisMap.UnitTest.BusinessObjects.Items.LegacyLinkItemTest" name="TestConstructor_Success" />
    </UnitTest>
    <UnitTest name="TestAuditLog_NullServiceContract_Failure" storage="d:\actions-runner\_work\xpco\xpco\eventserver\server\components\central\gismap.unittest\bin\debug\net472\videoos.eventserver.gismap.unittest.dll" id="5801ef8b-052a-68b8-ec21-3bcee9ec2291">
      <TestCategory>
        <TestCategoryItem TestCategory="BusinessObjects" />
      </TestCategory>
      <Execution id="2f64dcc5-9f01-4417-8d0d-395729f1fe3d" />
      <TestMethod codeBase="D:\actions-runner\_work\XPCO\XPCO\EventServer\Server\Components\Central\GisMap.UnitTest\bin\Debug\net472\VideoOS.EventServer.GisMap.UnitTest.dll" adapterTypeName="executor://mstestadapter/v2" className="VideoOS.EventServer.GisMap.UnitTest.BusinessObjects.Buildings.BuildingTest" name="TestAuditLog_NullServiceContract_Failure" />
    </UnitTest>
    <UnitTest name="IsOnLevel_Silent_WhenBuildingUnknown" storage="d:\actions-runner\_work\xpco\xpco\eventserver\server\components\central\gismap.unittest\bin\debug\net472\videoos.eventserver.gismap.unittest.dll" id="1b4f6424-00d7-80fc-397d-ca110018694f">
      <TestCategory>
        <TestCategoryItem TestCategory="BusinessObjects" />
      </TestCategory>
      <Execution id="fa12e3bb-0675-46c8-937e-1f0eeea153e6" />
      <TestMethod codeBase="D:\actions-runner\_work\XPCO\XPCO\EventServer\Server\Components\Central\GisMap.UnitTest\bin\Debug\net472\VideoOS.EventServer.GisMap.UnitTest.dll" adapterTypeName="executor://mstestadapter/v2" className="VideoOS.EventServer.GisMap.UnitTest.BusinessObjects.Indexer.Buildings.BuildingItemsIndexerTest" name="IsOnLevel_Silent_WhenBuildingUnknown" />
    </UnitTest>
    <UnitTest name="Close_UnsubscribesSerializationFaliure" storage="d:\actions-runner\_work\xpco\xpco\eventserver\server\components\central\gismap.unittest\bin\debug\net472\videoos.eventserver.gismap.unittest.dll" id="cd4672a1-22dc-345f-2c24-c937272932c6">
      <TestCategory>
        <TestCategoryItem TestCategory="GisMap" />
      </TestCategory>
      <Execution id="f6cc760a-2f06-4be1-8e2c-f1c221b41bf5" />
      <TestMethod codeBase="D:\actions-runner\_work\XPCO\XPCO\EventServer\Server\Components\Central\GisMap.UnitTest\bin\Debug\net472\VideoOS.EventServer.GisMap.UnitTest.dll" adapterTypeName="executor://mstestadapter/v2" className="VideoOS.EventServer.GisMap.UnitTest.WebService.GisMapWebServiceTest" name="Close_UnsubscribesSerializationFaliure" />
    </UnitTest>
    <UnitTest name="TestUpdateProperties_UpdateAllProperties_Success" storage="d:\actions-runner\_work\xpco\xpco\eventserver\server\components\central\gismap.unittest\bin\debug\net472\videoos.eventserver.gismap.unittest.dll" id="bc906a33-27f9-6951-f669-a9b3927c0fa3">
      <TestCategory>
        <TestCategoryItem TestCategory="BusinessObjects" />
      </TestCategory>
      <Execution id="5b4f8f3d-e6ad-4f58-8517-00cd47c42aac" />
      <TestMethod codeBase="D:\actions-runner\_work\XPCO\XPCO\EventServer\Server\Components\Central\GisMap.UnitTest\bin\Debug\net472\VideoOS.EventServer.GisMap.UnitTest.dll" adapterTypeName="executor://mstestadapter/v2" className="VideoOS.EventServer.GisMap.UnitTest.BusinessObjects.MapViewPointTest" name="TestUpdateProperties_UpdateAllProperties_Success" />
    </UnitTest>
    <UnitTest name="TestProperties_GetProperties_Success" storage="d:\actions-runner\_work\xpco\xpco\eventserver\server\components\central\gismap.unittest\bin\debug\net472\videoos.eventserver.gismap.unittest.dll" id="77e0e43e-a4af-d366-f787-2bdb74a60872">
      <TestCategory>
        <TestCategoryItem TestCategory="BusinessObjects" />
      </TestCategory>
      <Execution id="17fd5636-b63c-4f86-83fd-b9654a256fcd" />
      <TestMethod codeBase="D:\actions-runner\_work\XPCO\XPCO\EventServer\Server\Components\Central\GisMap.UnitTest\bin\Debug\net472\VideoOS.EventServer.GisMap.UnitTest.dll" adapterTypeName="executor://mstestadapter/v2" className="VideoOS.EventServer.GisMap.UnitTest.BusinessObjects.MapViewPointTest" name="TestProperties_GetProperties_Success" />
    </UnitTest>
    <UnitTest name="UpdateItem_UpdatesName" storage="d:\actions-runner\_work\xpco\xpco\eventserver\server\components\central\gismap.unittest\bin\debug\net472\videoos.eventserver.gismap.unittest.dll" id="b9bae4db-82da-0419-5a25-0bc7c49962ce">
      <TestCategory>
        <TestCategoryItem TestCategory="GisMapServices" />
      </TestCategory>
      <Execution id="feebde93-d8b4-4753-987b-4b5de7544c35" />
      <TestMethod codeBase="D:\actions-runner\_work\XPCO\XPCO\EventServer\Server\Components\Central\GisMap.UnitTest\bin\Debug\net472\VideoOS.EventServer.GisMap.UnitTest.dll" adapterTypeName="executor://mstestadapter/v2" className="VideoOS.EventServer.GisMap.UnitTest.Services.Clustering.MapDataUpdaterTest" name="UpdateItem_UpdatesName" />
    </UnitTest>
    <UnitTest name="TestAuditLog_AuditLogItemAddedWithNonLocationItemType_Success" storage="d:\actions-runner\_work\xpco\xpco\eventserver\server\components\central\gismap.unittest\bin\debug\net472\videoos.eventserver.gismap.unittest.dll" id="103411f4-685a-6ac1-1878-c1276766ef48">
      <TestCategory>
        <TestCategoryItem TestCategory="BusinessObjects" />
      </TestCategory>
      <Execution id="52cfcb71-eb3e-49af-9773-35465096f36f" />
      <TestMethod codeBase="D:\actions-runner\_work\XPCO\XPCO\EventServer\Server\Components\Central\GisMap.UnitTest\bin\Debug\net472\VideoOS.EventServer.GisMap.UnitTest.dll" adapterTypeName="executor://mstestadapter/v2" className="VideoOS.EventServer.GisMap.UnitTest.BusinessObjects.Items.LinkItemTest" name="TestAuditLog_AuditLogItemAddedWithNonLocationItemType_Success" />
    </UnitTest>
    <UnitTest name="RemoveBuilding_Silent_WhenBuildingNotExists" storage="d:\actions-runner\_work\xpco\xpco\eventserver\server\components\central\gismap.unittest\bin\debug\net472\videoos.eventserver.gismap.unittest.dll" id="ba8f7378-090a-2641-181b-d47d856f1c40">
      <TestCategory>
        <TestCategoryItem TestCategory="BusinessObjects" />
      </TestCategory>
      <Execution id="2055c694-9284-4ef5-915b-e63a83a27c16" />
      <TestMethod codeBase="D:\actions-runner\_work\XPCO\XPCO\EventServer\Server\Components\Central\GisMap.UnitTest\bin\Debug\net472\VideoOS.EventServer.GisMap.UnitTest.dll" adapterTypeName="executor://mstestadapter/v2" className="VideoOS.EventServer.GisMap.UnitTest.BusinessObjects.Indexer.Buildings.BuildingItemsIndexerTest" name="RemoveBuilding_Silent_WhenBuildingNotExists" />
    </UnitTest>
    <UnitTest name="TestDeleteBuildings_DatabaseException_Failure" storage="d:\actions-runner\_work\xpco\xpco\eventserver\server\components\central\gismap.unittest\bin\debug\net472\videoos.eventserver.gismap.unittest.dll" id="a37dfa91-edcb-1f50-e5b8-8ef48cf05477">
      <TestCategory>
        <TestCategoryItem TestCategory="DataComponent" />
      </TestCategory>
      <Execution id="b06307f7-8b82-4361-b8b7-c637b390291f" />
      <TestMethod codeBase="D:\actions-runner\_work\XPCO\XPCO\EventServer\Server\Components\Central\GisMap.UnitTest\bin\Debug\net472\VideoOS.EventServer.GisMap.UnitTest.dll" adapterTypeName="executor://mstestadapter/v2" className="VideoOS.EventServer.GisMap.UnitTest.DB.DataComponent.BuildingComponentTest" name="TestDeleteBuildings_DatabaseException_Failure" />
    </UnitTest>
    <UnitTest name="TestConstructor" storage="d:\actions-runner\_work\xpco\xpco\eventserver\server\components\central\gismap.unittest\bin\debug\net472\videoos.eventserver.gismap.unittest.dll" id="51ddb7b9-203d-bea5-aae2-647bb1045c8d">
      <TestCategory>
        <TestCategoryItem TestCategory="DataComponent" />
      </TestCategory>
      <Execution id="aa71ec2c-fdf8-4341-9880-8f208cf126ff" />
      <TestMethod codeBase="D:\actions-runner\_work\XPCO\XPCO\EventServer\Server\Components\Central\GisMap.UnitTest\bin\Debug\net472\VideoOS.EventServer.GisMap.UnitTest.dll" adapterTypeName="executor://mstestadapter/v2" className="VideoOS.EventServer.GisMap.UnitTest.DB.DataComponent.BuildingComponentTest" name="TestConstructor" />
    </UnitTest>
    <UnitTest name="TestAuditLog_AuditLogItemChanged_AddingRemovingLinkFromEmptyTargetServerId_Success" storage="d:\actions-runner\_work\xpco\xpco\eventserver\server\components\central\gismap.unittest\bin\debug\net472\videoos.eventserver.gismap.unittest.dll" id="587a0f19-ab82-2c4f-fcdb-f629754ca072">
      <TestCategory>
        <TestCategoryItem TestCategory="BusinessObjects" />
      </TestCategory>
      <Execution id="576a9c15-944b-4a92-ad14-15a8f6f433f0" />
      <TestMethod codeBase="D:\actions-runner\_work\XPCO\XPCO\EventServer\Server\Components\Central\GisMap.UnitTest\bin\Debug\net472\VideoOS.EventServer.GisMap.UnitTest.dll" adapterTypeName="executor://mstestadapter/v2" className="VideoOS.EventServer.GisMap.UnitTest.BusinessObjects.Items.LinkItemTest" name="TestAuditLog_AuditLogItemChanged_AddingRemovingLinkFromEmptyTargetServerId_Success" />
    </UnitTest>
    <UnitTest name="SetMapItems_AssignsItems" storage="d:\actions-runner\_work\xpco\xpco\eventserver\server\components\central\gismap.unittest\bin\debug\net472\videoos.eventserver.gismap.unittest.dll" id="4842b873-c97f-c447-58e9-28fdcf7fe08e">
      <TestCategory>
        <TestCategoryItem TestCategory="BusinessObjects" />
      </TestCategory>
      <Execution id="1ac6aefb-e707-4f0a-a849-1de301ccb362" />
      <TestMethod codeBase="D:\actions-runner\_work\XPCO\XPCO\EventServer\Server\Components\Central\GisMap.UnitTest\bin\Debug\net472\VideoOS.EventServer.GisMap.UnitTest.dll" adapterTypeName="executor://mstestadapter/v2" className="VideoOS.EventServer.GisMap.UnitTest.BusinessObjects.Indexer.Clustering.MapItemClusterTest" name="SetMapItems_AssignsItems" />
    </UnitTest>
    <UnitTest name="Add_WhenExistingKind_NotInitializesIndex" storage="d:\actions-runner\_work\xpco\xpco\eventserver\server\components\central\gismap.unittest\bin\debug\net472\videoos.eventserver.gismap.unittest.dll" id="73d5f157-b67c-059a-2447-5c77364d7e8b">
      <TestCategory>
        <TestCategoryItem TestCategory="GisMapServices" />
      </TestCategory>
      <Execution id="4223f407-49b3-414d-8dfc-81c1a520d384" />
      <TestMethod codeBase="D:\actions-runner\_work\XPCO\XPCO\EventServer\Server\Components\Central\GisMap.UnitTest\bin\Debug\net472\VideoOS.EventServer.GisMap.UnitTest.dll" adapterTypeName="executor://mstestadapter/v2" className="VideoOS.EventServer.GisMap.UnitTest.Services.Clustering.ItemClusteringServiceTest" name="Add_WhenExistingKind_NotInitializesIndex" />
    </UnitTest>
    <UnitTest name="UpdateItem_PositionNotChanged_Ignores" storage="d:\actions-runner\_work\xpco\xpco\eventserver\server\components\central\gismap.unittest\bin\debug\net472\videoos.eventserver.gismap.unittest.dll" id="a25dbc1e-9062-0ee9-d717-a8c96e681368">
      <TestCategory>
        <TestCategoryItem TestCategory="GisMapServices" />
      </TestCategory>
      <Execution id="a2a949f8-9867-4a3b-b3fd-ec77cc2c600e" />
      <TestMethod codeBase="D:\actions-runner\_work\XPCO\XPCO\EventServer\Server\Components\Central\GisMap.UnitTest\bin\Debug\net472\VideoOS.EventServer.GisMap.UnitTest.dll" adapterTypeName="executor://mstestadapter/v2" className="VideoOS.EventServer.GisMap.UnitTest.Services.Clustering.MapDataUpdaterTest" name="UpdateItem_PositionNotChanged_Ignores" />
    </UnitTest>
    <UnitTest name="TestPropertyNames_GettingPropertyNames_Success" storage="d:\actions-runner\_work\xpco\xpco\eventserver\server\components\central\gismap.unittest\bin\debug\net472\videoos.eventserver.gismap.unittest.dll" id="e0a7365a-ad4d-0da4-c7ec-e8c8531859b3">
      <TestCategory>
        <TestCategoryItem TestCategory="BusinessObjects" />
      </TestCategory>
      <Execution id="1dada1e1-bbc4-49c1-8771-113e408846eb" />
      <TestMethod codeBase="D:\actions-runner\_work\XPCO\XPCO\EventServer\Server\Components\Central\GisMap.UnitTest\bin\Debug\net472\VideoOS.EventServer.GisMap.UnitTest.dll" adapterTypeName="executor://mstestadapter/v2" className="VideoOS.EventServer.GisMap.UnitTest.BusinessObjects.PositionTest" name="TestPropertyNames_GettingPropertyNames_Success" />
    </UnitTest>
    <UnitTest name="TestWcfObject_GetWcfObject_Success" storage="d:\actions-runner\_work\xpco\xpco\eventserver\server\components\central\gismap.unittest\bin\debug\net472\videoos.eventserver.gismap.unittest.dll" id="6b423d08-c227-f5f8-3808-2400a4c07d70">
      <TestCategory>
        <TestCategoryItem TestCategory="BusinessObjects" />
      </TestCategory>
      <Execution id="a7d852fd-d5aa-41d4-abf2-363cae264eeb" />
      <TestMethod codeBase="D:\actions-runner\_work\XPCO\XPCO\EventServer\Server\Components\Central\GisMap.UnitTest\bin\Debug\net472\VideoOS.EventServer.GisMap.UnitTest.dll" adapterTypeName="executor://mstestadapter/v2" className="VideoOS.EventServer.GisMap.UnitTest.BusinessObjects.Layers.MipLayerTest" name="TestWcfObject_GetWcfObject_Success" />
    </UnitTest>
    <UnitTest name="TestConstructor_ParsingWcfObject_Success" storage="d:\actions-runner\_work\xpco\xpco\eventserver\server\components\central\gismap.unittest\bin\debug\net472\videoos.eventserver.gismap.unittest.dll" id="b1bae6dc-1810-1869-9eec-e31fd719e07b">
      <TestCategory>
        <TestCategoryItem TestCategory="BusinessObjects" />
      </TestCategory>
      <Execution id="e149efd1-8887-4a85-a33a-bf6b27d98c48" />
      <TestMethod codeBase="D:\actions-runner\_work\XPCO\XPCO\EventServer\Server\Components\Central\GisMap.UnitTest\bin\Debug\net472\VideoOS.EventServer.GisMap.UnitTest.dll" adapterTypeName="executor://mstestadapter/v2" className="VideoOS.EventServer.GisMap.UnitTest.BusinessObjects.Maps.BrowseMapTest" name="TestConstructor_ParsingWcfObject_Success" />
    </UnitTest>
    <UnitTest name="TestProperties_GetProperties_Success" storage="d:\actions-runner\_work\xpco\xpco\eventserver\server\components\central\gismap.unittest\bin\debug\net472\videoos.eventserver.gismap.unittest.dll" id="391c2548-0365-c2f4-475a-bd969cac8e30">
      <TestCategory>
        <TestCategoryItem TestCategory="BusinessObjects" />
      </TestCategory>
      <Execution id="63d2916e-5614-4c8d-9fd9-90a7c99e533c" />
      <TestMethod codeBase="D:\actions-runner\_work\XPCO\XPCO\EventServer\Server\Components\Central\GisMap.UnitTest\bin\Debug\net472\VideoOS.EventServer.GisMap.UnitTest.dll" adapterTypeName="executor://mstestadapter/v2" className="VideoOS.EventServer.GisMap.UnitTest.BusinessObjects.Layers.OutputLayerTest" name="TestProperties_GetProperties_Success" />
    </UnitTest>
    <UnitTest name="RemoveItem_KeepsId" storage="d:\actions-runner\_work\xpco\xpco\eventserver\server\components\central\gismap.unittest\bin\debug\net472\videoos.eventserver.gismap.unittest.dll" id="d0f479e0-3a7f-e544-6024-8f9323c792a3">
      <TestCategory>
        <TestCategoryItem TestCategory="BusinessObjects" />
      </TestCategory>
      <Execution id="2343e495-26fb-49ad-bd5b-6aab79825211" />
      <TestMethod codeBase="D:\actions-runner\_work\XPCO\XPCO\EventServer\Server\Components\Central\GisMap.UnitTest\bin\Debug\net472\VideoOS.EventServer.GisMap.UnitTest.dll" adapterTypeName="executor://mstestadapter/v2" className="VideoOS.EventServer.GisMap.UnitTest.BusinessObjects.Indexer.Buildings.BuildingIndexTest" name="RemoveItem_KeepsId" />
    </UnitTest>
    <UnitTest name="TestFactory_WithParamters_Success" storage="d:\actions-runner\_work\xpco\xpco\eventserver\server\components\central\gismap.unittest\bin\debug\net472\videoos.eventserver.gismap.unittest.dll" id="35a16321-597a-cf21-e1c5-00eacefa4fe6">
      <Execution id="45bee7f7-ded2-49ee-a864-3800b68a318e" />
      <TestMethod codeBase="D:\actions-runner\_work\XPCO\XPCO\EventServer\Server\Components\Central\GisMap.UnitTest\bin\Debug\net472\VideoOS.EventServer.GisMap.UnitTest.dll" adapterTypeName="executor://mstestadapter/v2" className="VideoOS.EventServer.GisMap.UnitTest.BusinessObjects.Buildings.BuildingFactoryTest" name="TestFactory_WithParamters_Success" />
    </UnitTest>
    <UnitTest name="TestQueryItemsByKindAndArea_Success" storage="d:\actions-runner\_work\xpco\xpco\eventserver\server\components\central\gismap.unittest\bin\debug\net472\videoos.eventserver.gismap.unittest.dll" id="b201038f-d230-3fcc-a842-1395635e3b05">
      <TestCategory>
        <TestCategoryItem TestCategory="DataComponent" />
      </TestCategory>
      <Execution id="7196ca1e-8f4f-40cb-8dad-c519543d8d28" />
      <TestMethod codeBase="D:\actions-runner\_work\XPCO\XPCO\EventServer\Server\Components\Central\GisMap.UnitTest\bin\Debug\net472\VideoOS.EventServer.GisMap.UnitTest.dll" adapterTypeName="executor://mstestadapter/v2" className="VideoOS.EventServer.GisMap.UnitTest.DB.DataComponent.MipItemComponentTest" name="TestQueryItemsByKindAndArea_Success" />
    </UnitTest>
    <UnitTest name="TestWcfObject_GetWcfObject_Success" storage="d:\actions-runner\_work\xpco\xpco\eventserver\server\components\central\gismap.unittest\bin\debug\net472\videoos.eventserver.gismap.unittest.dll" id="fd386a3f-a9a9-f707-af1f-7bfff4525e38">
      <TestCategory>
        <TestCategoryItem TestCategory="BusinessObjects" />
      </TestCategory>
      <Execution id="eba98963-26a0-4a2d-9b47-aaa02b3caf9b" />
      <TestMethod codeBase="D:\actions-runner\_work\XPCO\XPCO\EventServer\Server\Components\Central\GisMap.UnitTest\bin\Debug\net472\VideoOS.EventServer.GisMap.UnitTest.dll" adapterTypeName="executor://mstestadapter/v2" className="VideoOS.EventServer.GisMap.UnitTest.BusinessObjects.Layers.InputLayerTest" name="TestWcfObject_GetWcfObject_Success" />
    </UnitTest>
    <UnitTest name="TestAuditLog_AuditLogItemRemovedWithNonLocationItemType_Success" storage="d:\actions-runner\_work\xpco\xpco\eventserver\server\components\central\gismap.unittest\bin\debug\net472\videoos.eventserver.gismap.unittest.dll" id="34196a27-ceec-877a-1534-0ad13ef02f8e">
      <TestCategory>
        <TestCategoryItem TestCategory="BusinessObjects" />
      </TestCategory>
      <Execution id="e9c98baa-22ab-478e-8dae-44a32552077d" />
      <TestMethod codeBase="D:\actions-runner\_work\XPCO\XPCO\EventServer\Server\Components\Central\GisMap.UnitTest\bin\Debug\net472\VideoOS.EventServer.GisMap.UnitTest.dll" adapterTypeName="executor://mstestadapter/v2" className="VideoOS.EventServer.GisMap.UnitTest.BusinessObjects.Items.LinkItemTest" name="TestAuditLog_AuditLogItemRemovedWithNonLocationItemType_Success" />
    </UnitTest>
    <UnitTest name="TestPropertyNames_GettingPropertyNames_Success" storage="d:\actions-runner\_work\xpco\xpco\eventserver\server\components\central\gismap.unittest\bin\debug\net472\videoos.eventserver.gismap.unittest.dll" id="80526718-af9c-a000-b0c5-0f1b776e905a">
      <TestCategory>
        <TestCategoryItem TestCategory="BusinessObjects" />
      </TestCategory>
      <Execution id="1c01cf0e-e2de-4170-ae43-c418a1a68ae9" />
      <TestMethod codeBase="D:\actions-runner\_work\XPCO\XPCO\EventServer\Server\Components\Central\GisMap.UnitTest\bin\Debug\net472\VideoOS.EventServer.GisMap.UnitTest.dll" adapterTypeName="executor://mstestadapter/v2" className="VideoOS.EventServer.GisMap.UnitTest.BusinessObjects.Layers.ViewZoneLayerTest" name="TestPropertyNames_GettingPropertyNames_Success" />
    </UnitTest>
    <UnitTest name="Move_Success" storage="d:\actions-runner\_work\xpco\xpco\eventserver\server\components\central\gismap.unittest\bin\debug\net472\videoos.eventserver.gismap.unittest.dll" id="6e59caa7-d3d7-2228-d2ea-7c7e50d33d8a">
      <TestCategory>
        <TestCategoryItem TestCategory="GisMapServices" />
      </TestCategory>
      <Execution id="c52d8734-ee10-41e4-b311-b90abce0d2f1" />
      <TestMethod codeBase="D:\actions-runner\_work\XPCO\XPCO\EventServer\Server\Components\Central\GisMap.UnitTest\bin\Debug\net472\VideoOS.EventServer.GisMap.UnitTest.dll" adapterTypeName="executor://mstestadapter/v2" className="VideoOS.EventServer.GisMap.UnitTest.Services.Clustering.ItemClusteringServiceTest" name="Move_Success" />
    </UnitTest>
    <UnitTest name="AddNewItem_Disabled_Ignores" storage="d:\actions-runner\_work\xpco\xpco\eventserver\server\components\central\gismap.unittest\bin\debug\net472\videoos.eventserver.gismap.unittest.dll" id="564c14ba-d484-d5d9-1f0e-86cced11558c">
      <TestCategory>
        <TestCategoryItem TestCategory="GisMapServices" />
      </TestCategory>
      <Execution id="8202f638-e5cd-4b23-a949-0018659b0b59" />
      <TestMethod codeBase="D:\actions-runner\_work\XPCO\XPCO\EventServer\Server\Components\Central\GisMap.UnitTest\bin\Debug\net472\VideoOS.EventServer.GisMap.UnitTest.dll" adapterTypeName="executor://mstestadapter/v2" className="VideoOS.EventServer.GisMap.UnitTest.Services.Clustering.MapDataUpdaterTest" name="AddNewItem_Disabled_Ignores" />
    </UnitTest>
    <UnitTest name="TestQueryLevelsByBuildingId_MultipleRows_Success" storage="d:\actions-runner\_work\xpco\xpco\eventserver\server\components\central\gismap.unittest\bin\debug\net472\videoos.eventserver.gismap.unittest.dll" id="f1a27f63-14ad-6394-e19e-207bf0a14e39">
      <TestCategory>
        <TestCategoryItem TestCategory="DataComponent" />
      </TestCategory>
      <Execution id="c93f812f-b68b-4f5b-91b4-fb62b26c9e15" />
      <TestMethod codeBase="D:\actions-runner\_work\XPCO\XPCO\EventServer\Server\Components\Central\GisMap.UnitTest\bin\Debug\net472\VideoOS.EventServer.GisMap.UnitTest.dll" adapterTypeName="executor://mstestadapter/v2" className="VideoOS.EventServer.GisMap.UnitTest.DB.DataComponent.BuildingComponent_LevelTest" name="TestQueryLevelsByBuildingId_MultipleRows_Success" />
    </UnitTest>
    <UnitTest name="TestConstructor_ParsingWcfObjectWithNull_Success" storage="d:\actions-runner\_work\xpco\xpco\eventserver\server\components\central\gismap.unittest\bin\debug\net472\videoos.eventserver.gismap.unittest.dll" id="facab277-3a24-70a6-9997-48fee33f5612">
      <TestCategory>
        <TestCategoryItem TestCategory="BusinessObjects" />
      </TestCategory>
      <Execution id="f3871f50-a5c9-47d3-9dd0-523ee8954742" />
      <TestMethod codeBase="D:\actions-runner\_work\XPCO\XPCO\EventServer\Server\Components\Central\GisMap.UnitTest\bin\Debug\net472\VideoOS.EventServer.GisMap.UnitTest.dll" adapterTypeName="executor://mstestadapter/v2" className="VideoOS.EventServer.GisMap.UnitTest.BusinessObjects.Layers.LocationLayerTest" name="TestConstructor_ParsingWcfObjectWithNull_Success" />
    </UnitTest>
    <UnitTest name="Test_DeleteLevels_NonUniqueBuildingException_Failure" storage="d:\actions-runner\_work\xpco\xpco\eventserver\server\components\central\gismap.unittest\bin\debug\net472\videoos.eventserver.gismap.unittest.dll" id="28140170-9ac9-05fa-34fa-147a1c4f6356">
      <TestCategory>
        <TestCategoryItem TestCategory="DataComponent" />
      </TestCategory>
      <Execution id="a7bb73c1-42f0-46dc-aab8-8cf10f4dad68" />
      <TestMethod codeBase="D:\actions-runner\_work\XPCO\XPCO\EventServer\Server\Components\Central\GisMap.UnitTest\bin\Debug\net472\VideoOS.EventServer.GisMap.UnitTest.dll" adapterTypeName="executor://mstestadapter/v2" className="VideoOS.EventServer.GisMap.UnitTest.DB.DataComponent.BuildingComponent_LevelTest" name="Test_DeleteLevels_NonUniqueBuildingException_Failure" />
    </UnitTest>
    <UnitTest name="TestConstructor_ParsingWcfObject_Success" storage="d:\actions-runner\_work\xpco\xpco\eventserver\server\components\central\gismap.unittest\bin\debug\net472\videoos.eventserver.gismap.unittest.dll" id="7d27d824-0743-e376-9195-513be1f269d1">
      <TestCategory>
        <TestCategoryItem TestCategory="BusinessObjects" />
      </TestCategory>
      <Execution id="6d5f0cc0-1df6-48db-970a-e116d76fb3ee" />
      <TestMethod codeBase="D:\actions-runner\_work\XPCO\XPCO\EventServer\Server\Components\Central\GisMap.UnitTest\bin\Debug\net472\VideoOS.EventServer.GisMap.UnitTest.dll" adapterTypeName="executor://mstestadapter/v2" className="VideoOS.EventServer.GisMap.UnitTest.BusinessObjects.Layers.ViewZoneLayerTest" name="TestConstructor_ParsingWcfObject_Success" />
    </UnitTest>
    <UnitTest name="ConstructorFromItem_InitializesFields" storage="d:\actions-runner\_work\xpco\xpco\eventserver\server\components\central\gismap.unittest\bin\debug\net472\videoos.eventserver.gismap.unittest.dll" id="cb978b57-3176-52a3-77aa-39092f280071">
      <TestCategory>
        <TestCategoryItem TestCategory="BusinessObjects" />
      </TestCategory>
      <Execution id="a29011d5-ac17-4acd-8e1f-d9bf67c51d8c" />
      <TestMethod codeBase="D:\actions-runner\_work\XPCO\XPCO\EventServer\Server\Components\Central\GisMap.UnitTest\bin\Debug\net472\VideoOS.EventServer.GisMap.UnitTest.dll" adapterTypeName="executor://mstestadapter/v2" className="VideoOS.EventServer.GisMap.UnitTest.BusinessObjects.Indexer.MapItemTest" name="ConstructorFromItem_InitializesFields" />
    </UnitTest>
    <UnitTest name="TestWcfObject_ConvertToWcfObject_Success" storage="d:\actions-runner\_work\xpco\xpco\eventserver\server\components\central\gismap.unittest\bin\debug\net472\videoos.eventserver.gismap.unittest.dll" id="ea7c8f3d-8a16-b2f3-b86d-92e1bbc9b9c7">
      <TestCategory>
        <TestCategoryItem TestCategory="BusinessObjects" />
      </TestCategory>
      <Execution id="6d95c353-fb61-4469-9652-3f3520dd7941" />
      <TestMethod codeBase="D:\actions-runner\_work\XPCO\XPCO\EventServer\Server\Components\Central\GisMap.UnitTest\bin\Debug\net472\VideoOS.EventServer.GisMap.UnitTest.dll" adapterTypeName="executor://mstestadapter/v2" className="VideoOS.EventServer.GisMap.UnitTest.BusinessObjects.Buildings.LevelTest" name="TestWcfObject_ConvertToWcfObject_Success" />
    </UnitTest>
    <UnitTest name="FilterAsync_ReturnsAuthorizedItems" storage="d:\actions-runner\_work\xpco\xpco\eventserver\server\components\central\gismap.unittest\bin\debug\net472\videoos.eventserver.gismap.unittest.dll" id="f9d1dc0b-347a-174a-749b-b738a8744e4b">
      <TestCategory>
        <TestCategoryItem TestCategory="GisMapServices" />
      </TestCategory>
      <Execution id="d87d1107-8d68-42f2-bad1-cd9d95d3aec0" />
      <TestMethod codeBase="D:\actions-runner\_work\XPCO\XPCO\EventServer\Server\Components\Central\GisMap.UnitTest\bin\Debug\net472\VideoOS.EventServer.GisMap.UnitTest.dll" adapterTypeName="executor://mstestadapter/v2" className="VideoOS.EventServer.GisMap.UnitTest.Services.Clustering.ClusteredItemsAuthorizationWithCountFilterTest" name="FilterAsync_ReturnsAuthorizedItems" />
    </UnitTest>
    <UnitTest name="TestUpdateProperties_UpdateAllProperties_Success" storage="d:\actions-runner\_work\xpco\xpco\eventserver\server\components\central\gismap.unittest\bin\debug\net472\videoos.eventserver.gismap.unittest.dll" id="2627f119-e8a5-4430-1919-8ee30c0b561d">
      <TestCategory>
        <TestCategoryItem TestCategory="BusinessObjects" />
      </TestCategory>
      <Execution id="e157c3ec-1328-4647-b144-d2c3cc41b76b" />
      <TestMethod codeBase="D:\actions-runner\_work\XPCO\XPCO\EventServer\Server\Components\Central\GisMap.UnitTest\bin\Debug\net472\VideoOS.EventServer.GisMap.UnitTest.dll" adapterTypeName="executor://mstestadapter/v2" className="VideoOS.EventServer.GisMap.UnitTest.BusinessObjects.Layers.CADLayerTest" name="TestUpdateProperties_UpdateAllProperties_Success" />
    </UnitTest>
    <UnitTest name="InitializeIndex_3Items_Clusters_Levels" storage="d:\actions-runner\_work\xpco\xpco\eventserver\server\components\central\gismap.unittest\bin\debug\net472\videoos.eventserver.gismap.unittest.dll" id="5db8fd22-a9d2-d160-c154-7e7334ba659b">
      <TestCategory>
        <TestCategoryItem TestCategory="BusinessObjects" />
      </TestCategory>
      <Execution id="4a07eaca-52c5-45ac-9d03-c09614375d7f" />
      <TestMethod codeBase="D:\actions-runner\_work\XPCO\XPCO\EventServer\Server\Components\Central\GisMap.UnitTest\bin\Debug\net472\VideoOS.EventServer.GisMap.UnitTest.dll" adapterTypeName="executor://mstestadapter/v2" className="VideoOS.EventServer.GisMap.UnitTest.BusinessObjects.Indexer.MapItemIndexerTest" name="InitializeIndex_3Items_Clusters_Levels" />
    </UnitTest>
    <UnitTest name="TestConstructor_Success" storage="d:\actions-runner\_work\xpco\xpco\eventserver\server\components\central\gismap.unittest\bin\debug\net472\videoos.eventserver.gismap.unittest.dll" id="62b9fc9b-83f4-c639-183f-4922d8cc804d">
      <TestCategory>
        <TestCategoryItem TestCategory="BusinessObjects" />
      </TestCategory>
      <Execution id="1bb3ab2c-0bca-4c3a-97c2-95173218fbe8" />
      <TestMethod codeBase="D:\actions-runner\_work\XPCO\XPCO\EventServer\Server\Components\Central\GisMap.UnitTest\bin\Debug\net472\VideoOS.EventServer.GisMap.UnitTest.dll" adapterTypeName="executor://mstestadapter/v2" className="VideoOS.EventServer.GisMap.UnitTest.BusinessObjects.RectangleTest" name="TestConstructor_Success" />
    </UnitTest>
    <UnitTest name="TestConstructor_ParsingWcfObject_Success" storage="d:\actions-runner\_work\xpco\xpco\eventserver\server\components\central\gismap.unittest\bin\debug\net472\videoos.eventserver.gismap.unittest.dll" id="abaa0fb6-9b6a-2c30-af11-e003a576c6a6">
      <TestCategory>
        <TestCategoryItem TestCategory="BusinessObjects" />
      </TestCategory>
      <Execution id="254f6812-a350-44db-8d0e-7abd5c474615" />
      <TestMethod codeBase="D:\actions-runner\_work\XPCO\XPCO\EventServer\Server\Components\Central\GisMap.UnitTest\bin\Debug\net472\VideoOS.EventServer.GisMap.UnitTest.dll" adapterTypeName="executor://mstestadapter/v2" className="VideoOS.EventServer.GisMap.UnitTest.BusinessObjects.Buildings.BuildingTest" name="TestConstructor_ParsingWcfObject_Success" />
    </UnitTest>
    <UnitTest name="TestAuditLog_NullServiceContract_Failure" storage="d:\actions-runner\_work\xpco\xpco\eventserver\server\components\central\gismap.unittest\bin\debug\net472\videoos.eventserver.gismap.unittest.dll" id="14b2ec50-6ce7-f651-9fe1-47d918ef4599">
      <TestCategory>
        <TestCategoryItem TestCategory="BusinessObjects" />
      </TestCategory>
      <Execution id="7c204cc9-458f-4fcb-a48f-719028d16b77" />
      <TestMethod codeBase="D:\actions-runner\_work\XPCO\XPCO\EventServer\Server\Components\Central\GisMap.UnitTest\bin\Debug\net472\VideoOS.EventServer.GisMap.UnitTest.dll" adapterTypeName="executor://mstestadapter/v2" className="VideoOS.EventServer.GisMap.UnitTest.BusinessObjects.Buildings.LevelTest" name="TestAuditLog_NullServiceContract_Failure" />
    </UnitTest>
    <UnitTest name="TestWcfObject_ConvertToWcfObject_Success" storage="d:\actions-runner\_work\xpco\xpco\eventserver\server\components\central\gismap.unittest\bin\debug\net472\videoos.eventserver.gismap.unittest.dll" id="a48d558c-8190-a77f-a87d-a0c438140dd6">
      <TestCategory>
        <TestCategoryItem TestCategory="BusinessObjects" />
      </TestCategory>
      <Execution id="0521d401-15c7-49ec-af42-bb528f3c7b64" />
      <TestMethod codeBase="D:\actions-runner\_work\XPCO\XPCO\EventServer\Server\Components\Central\GisMap.UnitTest\bin\Debug\net472\VideoOS.EventServer.GisMap.UnitTest.dll" adapterTypeName="executor://mstestadapter/v2" className="VideoOS.EventServer.GisMap.UnitTest.BusinessObjects.Buildings.BuildingTest" name="TestWcfObject_ConvertToWcfObject_Success" />
    </UnitTest>
    <UnitTest name="TestAuditLog_AuditLogWithNullAuditLogger_Failure" storage="d:\actions-runner\_work\xpco\xpco\eventserver\server\components\central\gismap.unittest\bin\debug\net472\videoos.eventserver.gismap.unittest.dll" id="5da8c5dc-8ba7-124b-a743-a3a3e93bca01">
      <TestCategory>
        <TestCategoryItem TestCategory="BusinessObjects" />
      </TestCategory>
      <Execution id="0a7031d4-2cad-4dc6-8d70-e98427dcf08a" />
      <TestMethod codeBase="D:\actions-runner\_work\XPCO\XPCO\EventServer\Server\Components\Central\GisMap.UnitTest\bin\Debug\net472\VideoOS.EventServer.GisMap.UnitTest.dll" adapterTypeName="executor://mstestadapter/v2" className="VideoOS.EventServer.GisMap.UnitTest.BusinessObjects.Layers.CADLayerTest" name="TestAuditLog_AuditLogWithNullAuditLogger_Failure" />
    </UnitTest>
    <UnitTest name="TestUpdateBuildings_Exception_Failure" storage="d:\actions-runner\_work\xpco\xpco\eventserver\server\components\central\gismap.unittest\bin\debug\net472\videoos.eventserver.gismap.unittest.dll" id="2f23cad2-3f5b-57a6-787b-0ce6ac6f9de4">
      <TestCategory>
        <TestCategoryItem TestCategory="DataComponent" />
      </TestCategory>
      <Execution id="d8587708-2f05-4001-9cef-caad87b19d8e" />
      <TestMethod codeBase="D:\actions-runner\_work\XPCO\XPCO\EventServer\Server\Components\Central\GisMap.UnitTest\bin\Debug\net472\VideoOS.EventServer.GisMap.UnitTest.dll" adapterTypeName="executor://mstestadapter/v2" className="VideoOS.EventServer.GisMap.UnitTest.DB.DataComponent.BuildingComponentTest" name="TestUpdateBuildings_Exception_Failure" />
    </UnitTest>
    <UnitTest name="TestConstructor_ParsingWcfObjectWithNull_Success" storage="d:\actions-runner\_work\xpco\xpco\eventserver\server\components\central\gismap.unittest\bin\debug\net472\videoos.eventserver.gismap.unittest.dll" id="223437d7-9528-f75b-bdaa-04ae404f0ddd">
      <TestCategory>
        <TestCategoryItem TestCategory="BusinessObjects" />
      </TestCategory>
      <Execution id="1a7cd3d4-22ef-4260-845a-9b192d24e8d7" />
      <TestMethod codeBase="D:\actions-runner\_work\XPCO\XPCO\EventServer\Server\Components\Central\GisMap.UnitTest\bin\Debug\net472\VideoOS.EventServer.GisMap.UnitTest.dll" adapterTypeName="executor://mstestadapter/v2" className="VideoOS.EventServer.GisMap.UnitTest.BusinessObjects.MapSettingsTest" name="TestConstructor_ParsingWcfObjectWithNull_Success" />
    </UnitTest>
    <UnitTest name="GetGisMapKindsAsync_DistinctKinds" storage="d:\actions-runner\_work\xpco\xpco\eventserver\server\components\central\gismap.unittest\bin\debug\net472\videoos.eventserver.gismap.unittest.dll" id="0679e0f5-1558-0cf5-47c4-c47e9ac2abff">
      <TestCategory>
        <TestCategoryItem TestCategory="GisMapServices" />
      </TestCategory>
      <Execution id="182b23c3-dee5-4f9f-a0e0-e26dd78cb414" />
      <TestMethod codeBase="D:\actions-runner\_work\XPCO\XPCO\EventServer\Server\Components\Central\GisMap.UnitTest\bin\Debug\net472\VideoOS.EventServer.GisMap.UnitTest.dll" adapterTypeName="executor://mstestadapter/v2" className="VideoOS.EventServer.GisMap.UnitTest.Services.Clustering.MapDataObtainerTest" name="GetGisMapKindsAsync_DistinctKinds" />
    </UnitTest>
    <UnitTest name="TestAddDuplicateCapability_Success" storage="d:\actions-runner\_work\xpco\xpco\eventserver\server\components\central\gismap.unittest\bin\debug\net472\videoos.eventserver.gismap.unittest.dll" id="b1429e09-1d3a-6942-4336-fea0cfeb2f67">
      <Execution id="7a0373e6-b864-4cf5-bafb-54b3338dbb40" />
      <TestMethod codeBase="D:\actions-runner\_work\XPCO\XPCO\EventServer\Server\Components\Central\GisMap.UnitTest\bin\Debug\net472\VideoOS.EventServer.GisMap.UnitTest.dll" adapterTypeName="executor://mstestadapter/v2" className="VideoOS.EventServer.GisMap.UnitTest.Services.Capabilities.ServerCapabilitiesTest" name="TestAddDuplicateCapability_Success" />
    </UnitTest>
    <UnitTest name="TestAuditLog_AuditLogItemRemovedWithEmptyLocation_Success" storage="d:\actions-runner\_work\xpco\xpco\eventserver\server\components\central\gismap.unittest\bin\debug\net472\videoos.eventserver.gismap.unittest.dll" id="f7c9fa49-7718-f777-d5d3-f2f97fafcc6b">
      <TestCategory>
        <TestCategoryItem TestCategory="BusinessObjects" />
      </TestCategory>
      <Execution id="eab58f91-0c24-4cbb-ae90-d001dff6f9b1" />
      <TestMethod codeBase="D:\actions-runner\_work\XPCO\XPCO\EventServer\Server\Components\Central\GisMap.UnitTest\bin\Debug\net472\VideoOS.EventServer.GisMap.UnitTest.dll" adapterTypeName="executor://mstestadapter/v2" className="VideoOS.EventServer.GisMap.UnitTest.BusinessObjects.Items.LinkItemTest" name="TestAuditLog_AuditLogItemRemovedWithEmptyLocation_Success" />
    </UnitTest>
    <UnitTest name="TestConstructor_ParsingWcfObjectWithNull_Success" storage="d:\actions-runner\_work\xpco\xpco\eventserver\server\components\central\gismap.unittest\bin\debug\net472\videoos.eventserver.gismap.unittest.dll" id="02a5c68e-a8d5-55d6-a5f0-8a99f693c236">
      <TestCategory>
        <TestCategoryItem TestCategory="BusinessObjects" />
      </TestCategory>
      <Execution id="a7734136-8810-485f-a09e-697696db6d10" />
      <TestMethod codeBase="D:\actions-runner\_work\XPCO\XPCO\EventServer\Server\Components\Central\GisMap.UnitTest\bin\Debug\net472\VideoOS.EventServer.GisMap.UnitTest.dll" adapterTypeName="executor://mstestadapter/v2" className="VideoOS.EventServer.GisMap.UnitTest.BusinessObjects.Repositories.ShapeFileRepositoryTest" name="TestConstructor_ParsingWcfObjectWithNull_Success" />
    </UnitTest>
    <UnitTest name="TestConstructor_ParsingWcfObjectWithNull_ArgumentNullException" storage="d:\actions-runner\_work\xpco\xpco\eventserver\server\components\central\gismap.unittest\bin\debug\net472\videoos.eventserver.gismap.unittest.dll" id="494968e9-e16f-5064-9941-93749fe48f08">
      <TestCategory>
        <TestCategoryItem TestCategory="BusinessObjects" />
      </TestCategory>
      <Execution id="a81cc962-1e55-47c8-a671-15c9ddcef895" />
      <TestMethod codeBase="D:\actions-runner\_work\XPCO\XPCO\EventServer\Server\Components\Central\GisMap.UnitTest\bin\Debug\net472\VideoOS.EventServer.GisMap.UnitTest.dll" adapterTypeName="executor://mstestadapter/v2" className="VideoOS.EventServer.GisMap.UnitTest.BusinessObjects.Layers.ViewZoneLayerTest" name="TestConstructor_ParsingWcfObjectWithNull_ArgumentNullException" />
    </UnitTest>
    <UnitTest name="TestConstructor_ParsingWcfObject_Success" storage="d:\actions-runner\_work\xpco\xpco\eventserver\server\components\central\gismap.unittest\bin\debug\net472\videoos.eventserver.gismap.unittest.dll" id="db14eb35-236b-6292-252b-84c5d540251e">
      <TestCategory>
        <TestCategoryItem TestCategory="BusinessObjects" />
      </TestCategory>
      <Execution id="8c90f4f5-ebd7-4355-95d0-a2baa40717c7" />
      <TestMethod codeBase="D:\actions-runner\_work\XPCO\XPCO\EventServer\Server\Components\Central\GisMap.UnitTest\bin\Debug\net472\VideoOS.EventServer.GisMap.UnitTest.dll" adapterTypeName="executor://mstestadapter/v2" className="VideoOS.EventServer.GisMap.UnitTest.BusinessObjects.Repositories.ImageRepositoryTest" name="TestConstructor_ParsingWcfObject_Success" />
    </UnitTest>
    <UnitTest name="TestUpdateProperties_UpdateAllProperties_Success" storage="d:\actions-runner\_work\xpco\xpco\eventserver\server\components\central\gismap.unittest\bin\debug\net472\videoos.eventserver.gismap.unittest.dll" id="5e4f2083-fb8f-922d-4062-771153ce0caf">
      <TestCategory>
        <TestCategoryItem TestCategory="BusinessObjects" />
      </TestCategory>
      <Execution id="852d6424-599e-4078-9d54-24d8729136b3" />
      <TestMethod codeBase="D:\actions-runner\_work\XPCO\XPCO\EventServer\Server\Components\Central\GisMap.UnitTest\bin\Debug\net472\VideoOS.EventServer.GisMap.UnitTest.dll" adapterTypeName="executor://mstestadapter/v2" className="VideoOS.EventServer.GisMap.UnitTest.BusinessObjects.Layers.ViewZoneLayerTest" name="TestUpdateProperties_UpdateAllProperties_Success" />
    </UnitTest>
    <UnitTest name="TestQueryBuildingByBuildingId_OneRow_Success" storage="d:\actions-runner\_work\xpco\xpco\eventserver\server\components\central\gismap.unittest\bin\debug\net472\videoos.eventserver.gismap.unittest.dll" id="d131dd26-db8b-de9b-d86a-4b7b06f36702">
      <TestCategory>
        <TestCategoryItem TestCategory="DataComponent" />
      </TestCategory>
      <Execution id="b00f3455-5c09-40bc-b8c2-0590529cb8a6" />
      <TestMethod codeBase="D:\actions-runner\_work\XPCO\XPCO\EventServer\Server\Components\Central\GisMap.UnitTest\bin\Debug\net472\VideoOS.EventServer.GisMap.UnitTest.dll" adapterTypeName="executor://mstestadapter/v2" className="VideoOS.EventServer.GisMap.UnitTest.DB.DataComponent.BuildingComponentTest" name="TestQueryBuildingByBuildingId_OneRow_Success" />
    </UnitTest>
    <UnitTest name="TestAuditLog_AuditLogLayerChanged_Success" storage="d:\actions-runner\_work\xpco\xpco\eventserver\server\components\central\gismap.unittest\bin\debug\net472\videoos.eventserver.gismap.unittest.dll" id="268d5a21-ac9e-4e74-553d-d96f5454f6a5">
      <TestCategory>
        <TestCategoryItem TestCategory="BusinessObjects" />
      </TestCategory>
      <Execution id="d7cd14b7-7643-4733-a488-b769b5cee900" />
      <TestMethod codeBase="D:\actions-runner\_work\XPCO\XPCO\EventServer\Server\Components\Central\GisMap.UnitTest\bin\Debug\net472\VideoOS.EventServer.GisMap.UnitTest.dll" adapterTypeName="executor://mstestadapter/v2" className="VideoOS.EventServer.GisMap.UnitTest.BusinessObjects.Layers.ImageLayerTest" name="TestAuditLog_AuditLogLayerChanged_Success" />
    </UnitTest>
    <UnitTest name="TestConstructor_ParsingWcfObjectWithNull_Success" storage="d:\actions-runner\_work\xpco\xpco\eventserver\server\components\central\gismap.unittest\bin\debug\net472\videoos.eventserver.gismap.unittest.dll" id="9cf8d3db-c963-4d0a-6444-41006ff07e7e">
      <TestCategory>
        <TestCategoryItem TestCategory="BusinessObjects" />
      </TestCategory>
      <Execution id="a2b052ad-a5b2-4f33-b29c-dc4186df6db3" />
      <TestMethod codeBase="D:\actions-runner\_work\XPCO\XPCO\EventServer\Server\Components\Central\GisMap.UnitTest\bin\Debug\net472\VideoOS.EventServer.GisMap.UnitTest.dll" adapterTypeName="executor://mstestadapter/v2" className="VideoOS.EventServer.GisMap.UnitTest.BusinessObjects.Items.LegacyLinkItemTest" name="TestConstructor_ParsingWcfObjectWithNull_Success" />
    </UnitTest>
    <UnitTest name="TestWcfObject_GetWcfObjectWithoutExtent_Success" storage="d:\actions-runner\_work\xpco\xpco\eventserver\server\components\central\gismap.unittest\bin\debug\net472\videoos.eventserver.gismap.unittest.dll" id="01beb42d-d9fc-9a36-1867-2be1b8510803">
      <TestCategory>
        <TestCategoryItem TestCategory="BusinessObjects" />
      </TestCategory>
      <Execution id="446f2468-51aa-473e-9bec-107ad753133e" />
      <TestMethod codeBase="D:\actions-runner\_work\XPCO\XPCO\EventServer\Server\Components\Central\GisMap.UnitTest\bin\Debug\net472\VideoOS.EventServer.GisMap.UnitTest.dll" adapterTypeName="executor://mstestadapter/v2" className="VideoOS.EventServer.GisMap.UnitTest.BusinessObjects.Layers.LegacyLinkLayerTest" name="TestWcfObject_GetWcfObjectWithoutExtent_Success" />
    </UnitTest>
    <UnitTest name="TestWcfObject_GetWcfObjectWithoutExtent_Success" storage="d:\actions-runner\_work\xpco\xpco\eventserver\server\components\central\gismap.unittest\bin\debug\net472\videoos.eventserver.gismap.unittest.dll" id="f61ab098-e5a8-c322-1966-eafc396e82e7">
      <TestCategory>
        <TestCategoryItem TestCategory="BusinessObjects" />
      </TestCategory>
      <Execution id="d6cae2d1-f980-4b1d-a398-2ad026e2c882" />
      <TestMethod codeBase="D:\actions-runner\_work\XPCO\XPCO\EventServer\Server\Components\Central\GisMap.UnitTest\bin\Debug\net472\VideoOS.EventServer.GisMap.UnitTest.dll" adapterTypeName="executor://mstestadapter/v2" className="VideoOS.EventServer.GisMap.UnitTest.BusinessObjects.Layers.GoogleMapLayerTest" name="TestWcfObject_GetWcfObjectWithoutExtent_Success" />
    </UnitTest>
    <UnitTest name="TestConstructor_Success" storage="d:\actions-runner\_work\xpco\xpco\eventserver\server\components\central\gismap.unittest\bin\debug\net472\videoos.eventserver.gismap.unittest.dll" id="f9209f61-9c57-ae25-9c7a-160281aa2755">
      <TestCategory>
        <TestCategoryItem TestCategory="BusinessObjects" />
      </TestCategory>
      <Execution id="8054f1ae-ce59-4252-b7ae-024bdf0e56c3" />
      <TestMethod codeBase="D:\actions-runner\_work\XPCO\XPCO\EventServer\Server\Components\Central\GisMap.UnitTest\bin\Debug\net472\VideoOS.EventServer.GisMap.UnitTest.dll" adapterTypeName="executor://mstestadapter/v2" className="VideoOS.EventServer.GisMap.UnitTest.BusinessObjects.Maps.MapTest" name="TestConstructor_Success" />
    </UnitTest>
    <UnitTest name="TestConstructor_ParsingWcfObjectWithNullLayers_Success" storage="d:\actions-runner\_work\xpco\xpco\eventserver\server\components\central\gismap.unittest\bin\debug\net472\videoos.eventserver.gismap.unittest.dll" id="e97f4669-3c86-1034-0a38-98883988da58">
      <TestCategory>
        <TestCategoryItem TestCategory="BusinessObjects" />
      </TestCategory>
      <Execution id="8e745ead-097f-4ddc-a039-3f268e9a7e89" />
      <TestMethod codeBase="D:\actions-runner\_work\XPCO\XPCO\EventServer\Server\Components\Central\GisMap.UnitTest\bin\Debug\net472\VideoOS.EventServer.GisMap.UnitTest.dll" adapterTypeName="executor://mstestadapter/v2" className="VideoOS.EventServer.GisMap.UnitTest.BusinessObjects.Maps.MapTest" name="TestConstructor_ParsingWcfObjectWithNullLayers_Success" />
    </UnitTest>
    <UnitTest name="TestAddLevel_Success" storage="d:\actions-runner\_work\xpco\xpco\eventserver\server\components\central\gismap.unittest\bin\debug\net472\videoos.eventserver.gismap.unittest.dll" id="0ffefbd3-a6e7-d608-090a-0192afaa4d82">
      <TestCategory>
        <TestCategoryItem TestCategory="DataComponent" />
      </TestCategory>
      <Execution id="c828f071-0b19-42f0-b4c4-a4fb182c122b" />
      <TestMethod codeBase="D:\actions-runner\_work\XPCO\XPCO\EventServer\Server\Components\Central\GisMap.UnitTest\bin\Debug\net472\VideoOS.EventServer.GisMap.UnitTest.dll" adapterTypeName="executor://mstestadapter/v2" className="VideoOS.EventServer.GisMap.UnitTest.DB.DataComponent.BuildingComponent_LevelTest" name="TestAddLevel_Success" />
    </UnitTest>
    <UnitTest name="Constructor_ItemsSet" storage="d:\actions-runner\_work\xpco\xpco\eventserver\server\components\central\gismap.unittest\bin\debug\net472\videoos.eventserver.gismap.unittest.dll" id="ef11c466-bb59-1011-9803-0914c21a535a">
      <TestCategory>
        <TestCategoryItem TestCategory="BusinessObjects" />
      </TestCategory>
      <Execution id="f7d6fa46-5b80-4520-b3a1-830689a4b686" />
      <TestMethod codeBase="D:\actions-runner\_work\XPCO\XPCO\EventServer\Server\Components\Central\GisMap.UnitTest\bin\Debug\net472\VideoOS.EventServer.GisMap.UnitTest.dll" adapterTypeName="executor://mstestadapter/v2" className="VideoOS.EventServer.GisMap.UnitTest.BusinessObjects.Indexer.Buildings.BuildingIndexTest" name="Constructor_ItemsSet" />
    </UnitTest>
    <UnitTest name="TestConstructor_ParsingWcfObject_Success" storage="d:\actions-runner\_work\xpco\xpco\eventserver\server\components\central\gismap.unittest\bin\debug\net472\videoos.eventserver.gismap.unittest.dll" id="fdb790fe-0df4-f51f-fe4f-df1e95a5f558">
      <TestCategory>
        <TestCategoryItem TestCategory="BusinessObjects" />
      </TestCategory>
      <Execution id="aab411e0-eb17-4d7b-af59-3687011b20d1" />
      <TestMethod codeBase="D:\actions-runner\_work\XPCO\XPCO\EventServer\Server\Components\Central\GisMap.UnitTest\bin\Debug\net472\VideoOS.EventServer.GisMap.UnitTest.dll" adapterTypeName="executor://mstestadapter/v2" className="VideoOS.EventServer.GisMap.UnitTest.BusinessObjects.Items.LegacyLinkItemTest" name="TestConstructor_ParsingWcfObject_Success" />
    </UnitTest>
    <UnitTest name="TestAuditLog_AuditLogBuildingAdded_Success" storage="d:\actions-runner\_work\xpco\xpco\eventserver\server\components\central\gismap.unittest\bin\debug\net472\videoos.eventserver.gismap.unittest.dll" id="bb207594-bb0f-fb30-170e-6bebf8c1e41d">
      <TestCategory>
        <TestCategoryItem TestCategory="BusinessObjects" />
      </TestCategory>
      <Execution id="ed9634c7-5bff-4946-80c7-7ba38598de1f" />
      <TestMethod codeBase="D:\actions-runner\_work\XPCO\XPCO\EventServer\Server\Components\Central\GisMap.UnitTest\bin\Debug\net472\VideoOS.EventServer.GisMap.UnitTest.dll" adapterTypeName="executor://mstestadapter/v2" className="VideoOS.EventServer.GisMap.UnitTest.BusinessObjects.Buildings.BuildingTest" name="TestAuditLog_AuditLogBuildingAdded_Success" />
    </UnitTest>
    <UnitTest name="GetClusters_5Iems_1Cluster_InArea" storage="d:\actions-runner\_work\xpco\xpco\eventserver\server\components\central\gismap.unittest\bin\debug\net472\videoos.eventserver.gismap.unittest.dll" id="bccf4cb6-374e-946c-2c8b-599e30165b27">
      <TestCategory>
        <TestCategoryItem TestCategory="BusinessObjects" />
      </TestCategory>
      <Execution id="3a6ee66a-3381-4924-80f5-91105dbd0f4d" />
      <TestMethod codeBase="D:\actions-runner\_work\XPCO\XPCO\EventServer\Server\Components\Central\GisMap.UnitTest\bin\Debug\net472\VideoOS.EventServer.GisMap.UnitTest.dll" adapterTypeName="executor://mstestadapter/v2" className="VideoOS.EventServer.GisMap.UnitTest.BusinessObjects.Indexer.MapItemIndexerTest" name="GetClusters_5Iems_1Cluster_InArea" />
    </UnitTest>
    <UnitTest name="Constructor_LevelsSet" storage="d:\actions-runner\_work\xpco\xpco\eventserver\server\components\central\gismap.unittest\bin\debug\net472\videoos.eventserver.gismap.unittest.dll" id="2434dc0d-a355-9e16-f561-e23133111429">
      <TestCategory>
        <TestCategoryItem TestCategory="BusinessObjects" />
      </TestCategory>
      <Execution id="c87bd230-5324-437d-b44a-6931ea202691" />
      <TestMethod codeBase="D:\actions-runner\_work\XPCO\XPCO\EventServer\Server\Components\Central\GisMap.UnitTest\bin\Debug\net472\VideoOS.EventServer.GisMap.UnitTest.dll" adapterTypeName="executor://mstestadapter/v2" className="VideoOS.EventServer.GisMap.UnitTest.BusinessObjects.Indexer.Buildings.BuildingIndexTest" name="Constructor_LevelsSet" />
    </UnitTest>
    <UnitTest name="ExcludeItems_ExcludesWithChangedPoisition" storage="d:\actions-runner\_work\xpco\xpco\eventserver\server\components\central\gismap.unittest\bin\debug\net472\videoos.eventserver.gismap.unittest.dll" id="767be23d-52dd-1b2a-9c75-39cdbd09e837">
      <TestCategory>
        <TestCategoryItem TestCategory="BusinessObjects" />
      </TestCategory>
      <Execution id="0633afd8-f609-4d11-b7e6-78ca2cffea62" />
      <TestMethod codeBase="D:\actions-runner\_work\XPCO\XPCO\EventServer\Server\Components\Central\GisMap.UnitTest\bin\Debug\net472\VideoOS.EventServer.GisMap.UnitTest.dll" adapterTypeName="executor://mstestadapter/v2" className="VideoOS.EventServer.GisMap.UnitTest.BusinessObjects.Indexer.MapItemIndexerTest" name="ExcludeItems_ExcludesWithChangedPoisition" />
    </UnitTest>
    <UnitTest name="TestAddLevel_UnknownLevel_Success" storage="d:\actions-runner\_work\xpco\xpco\eventserver\server\components\central\gismap.unittest\bin\debug\net472\videoos.eventserver.gismap.unittest.dll" id="d64d5aae-2b27-1d91-cbfc-0ea8ed8f26e1">
      <TestCategory>
        <TestCategoryItem TestCategory="DataComponent" />
      </TestCategory>
      <Execution id="728a09df-7fac-408b-b1df-ad698accf4ae" />
      <TestMethod codeBase="D:\actions-runner\_work\XPCO\XPCO\EventServer\Server\Components\Central\GisMap.UnitTest\bin\Debug\net472\VideoOS.EventServer.GisMap.UnitTest.dll" adapterTypeName="executor://mstestadapter/v2" className="VideoOS.EventServer.GisMap.UnitTest.DB.DataComponent.BuildingComponent_LevelTest" name="TestAddLevel_UnknownLevel_Success" />
    </UnitTest>
    <UnitTest name="TestPropertyNames_GettingPropertyNames_Success" storage="d:\actions-runner\_work\xpco\xpco\eventserver\server\components\central\gismap.unittest\bin\debug\net472\videoos.eventserver.gismap.unittest.dll" id="c6033b07-486f-3d82-e115-16884ba6fd5c">
      <TestCategory>
        <TestCategoryItem TestCategory="BusinessObjects" />
      </TestCategory>
      <Execution id="64734768-572c-48d9-b3f8-efb5636c2cea" />
      <TestMethod codeBase="D:\actions-runner\_work\XPCO\XPCO\EventServer\Server\Components\Central\GisMap.UnitTest\bin\Debug\net472\VideoOS.EventServer.GisMap.UnitTest.dll" adapterTypeName="executor://mstestadapter/v2" className="VideoOS.EventServer.GisMap.UnitTest.BusinessObjects.TransformInfoTest" name="TestPropertyNames_GettingPropertyNames_Success" />
    </UnitTest>
    <UnitTest name="TestConstructor_CreateService_Success" storage="d:\actions-runner\_work\xpco\xpco\eventserver\server\components\central\gismap.unittest\bin\debug\net472\videoos.eventserver.gismap.unittest.dll" id="7afd44d1-6cdf-409d-7077-63d339735f4e">
      <TestCategory>
        <TestCategoryItem TestCategory="GisMap" />
      </TestCategory>
      <Execution id="6d0dc849-8165-4ef3-9a3c-8589232b632d" />
      <TestMethod codeBase="D:\actions-runner\_work\XPCO\XPCO\EventServer\Server\Components\Central\GisMap.UnitTest\bin\Debug\net472\VideoOS.EventServer.GisMap.UnitTest.dll" adapterTypeName="executor://mstestadapter/v2" className="VideoOS.EventServer.GisMap.UnitTest.WebService.GisLayerCommandTest" name="TestConstructor_CreateService_Success" />
    </UnitTest>
    <UnitTest name="TestConstructor_ParsingWcfObject_Success" storage="d:\actions-runner\_work\xpco\xpco\eventserver\server\components\central\gismap.unittest\bin\debug\net472\videoos.eventserver.gismap.unittest.dll" id="fe7c42f0-2c83-dcc1-1919-949a7427bbb5">
      <TestCategory>
        <TestCategoryItem TestCategory="BusinessObjects" />
      </TestCategory>
      <Execution id="2e3bde09-f94f-4061-86f0-bdf5e5996e57" />
      <TestMethod codeBase="D:\actions-runner\_work\XPCO\XPCO\EventServer\Server\Components\Central\GisMap.UnitTest\bin\Debug\net472\VideoOS.EventServer.GisMap.UnitTest.dll" adapterTypeName="executor://mstestadapter/v2" className="VideoOS.EventServer.GisMap.UnitTest.BusinessObjects.MapViewPointTest" name="TestConstructor_ParsingWcfObject_Success" />
    </UnitTest>
    <UnitTest name="TestWcfObject_GetWcfObjectWithoutExtent_Success" storage="d:\actions-runner\_work\xpco\xpco\eventserver\server\components\central\gismap.unittest\bin\debug\net472\videoos.eventserver.gismap.unittest.dll" id="9040409d-ff41-1ee4-3413-41859d6b3560">
      <TestCategory>
        <TestCategoryItem TestCategory="BusinessObjects" />
      </TestCategory>
      <Execution id="daea8ddd-0eab-44fb-98b4-8188930968a9" />
      <TestMethod codeBase="D:\actions-runner\_work\XPCO\XPCO\EventServer\Server\Components\Central\GisMap.UnitTest\bin\Debug\net472\VideoOS.EventServer.GisMap.UnitTest.dll" adapterTypeName="executor://mstestadapter/v2" className="VideoOS.EventServer.GisMap.UnitTest.BusinessObjects.Layers.BuildingLayerTest" name="TestWcfObject_GetWcfObjectWithoutExtent_Success" />
    </UnitTest>
    <UnitTest name="TestConstructor_ParsingWcfObjectWithNull_Success" storage="d:\actions-runner\_work\xpco\xpco\eventserver\server\components\central\gismap.unittest\bin\debug\net472\videoos.eventserver.gismap.unittest.dll" id="ea4821c7-26a1-2537-47ce-e237cc6ee815">
      <TestCategory>
        <TestCategoryItem TestCategory="BusinessObjects" />
      </TestCategory>
      <Execution id="a77afeaa-6f19-47d2-a71f-25d9e9932139" />
      <TestMethod codeBase="D:\actions-runner\_work\XPCO\XPCO\EventServer\Server\Components\Central\GisMap.UnitTest\bin\Debug\net472\VideoOS.EventServer.GisMap.UnitTest.dll" adapterTypeName="executor://mstestadapter/v2" className="VideoOS.EventServer.GisMap.UnitTest.BusinessObjects.Layers.ShapeFileLayerTest" name="TestConstructor_ParsingWcfObjectWithNull_Success" />
    </UnitTest>
    <UnitTest name="TestAuditLog_AuditLogWithNullAuditLogger_Failure" storage="d:\actions-runner\_work\xpco\xpco\eventserver\server\components\central\gismap.unittest\bin\debug\net472\videoos.eventserver.gismap.unittest.dll" id="2698abb0-970e-68a1-e045-11a57211a3c2">
      <TestCategory>
        <TestCategoryItem TestCategory="BusinessObjects" />
      </TestCategory>
      <Execution id="89b7c91f-8f51-450b-b063-052b990c1e09" />
      <TestMethod codeBase="D:\actions-runner\_work\XPCO\XPCO\EventServer\Server\Components\Central\GisMap.UnitTest\bin\Debug\net472\VideoOS.EventServer.GisMap.UnitTest.dll" adapterTypeName="executor://mstestadapter/v2" className="VideoOS.EventServer.GisMap.UnitTest.BusinessObjects.Items.LinkItemTest" name="TestAuditLog_AuditLogWithNullAuditLogger_Failure" />
    </UnitTest>
    <UnitTest name="GetClusters_ThrowsExceptionWhenNotInit" storage="d:\actions-runner\_work\xpco\xpco\eventserver\server\components\central\gismap.unittest\bin\debug\net472\videoos.eventserver.gismap.unittest.dll" id="26371502-1758-5e64-68b2-e0132da265a1">
      <TestCategory>
        <TestCategoryItem TestCategory="BusinessObjects" />
      </TestCategory>
      <Execution id="be3c202e-e18a-4bf4-be26-1983c5eee007" />
      <TestMethod codeBase="D:\actions-runner\_work\XPCO\XPCO\EventServer\Server\Components\Central\GisMap.UnitTest\bin\Debug\net472\VideoOS.EventServer.GisMap.UnitTest.dll" adapterTypeName="executor://mstestadapter/v2" className="VideoOS.EventServer.GisMap.UnitTest.BusinessObjects.Indexer.MapItemIndexerTest" name="GetClusters_ThrowsExceptionWhenNotInit" />
    </UnitTest>
    <UnitTest name="Test_DeleteLevel_ExtraRowsException_Failure" storage="d:\actions-runner\_work\xpco\xpco\eventserver\server\components\central\gismap.unittest\bin\debug\net472\videoos.eventserver.gismap.unittest.dll" id="bb6da51d-3cfc-e61e-30bd-82c9fa83aa16">
      <TestCategory>
        <TestCategoryItem TestCategory="DataComponent" />
      </TestCategory>
      <Execution id="d0028167-5653-47b4-80a9-a673a5af6065" />
      <TestMethod codeBase="D:\actions-runner\_work\XPCO\XPCO\EventServer\Server\Components\Central\GisMap.UnitTest\bin\Debug\net472\VideoOS.EventServer.GisMap.UnitTest.dll" adapterTypeName="executor://mstestadapter/v2" className="VideoOS.EventServer.GisMap.UnitTest.DB.DataComponent.BuildingComponent_LevelTest" name="Test_DeleteLevel_ExtraRowsException_Failure" />
    </UnitTest>
    <UnitTest name="TestConstructor_ParsingWcfObjectWithoutExtent_Success" storage="d:\actions-runner\_work\xpco\xpco\eventserver\server\components\central\gismap.unittest\bin\debug\net472\videoos.eventserver.gismap.unittest.dll" id="2d702fc6-7b20-a656-2e48-b8bfa8dc6b8b">
      <TestCategory>
        <TestCategoryItem TestCategory="BusinessObjects" />
      </TestCategory>
      <Execution id="770084a4-5da2-453d-9b8e-be4248b318d0" />
      <TestMethod codeBase="D:\actions-runner\_work\XPCO\XPCO\EventServer\Server\Components\Central\GisMap.UnitTest\bin\Debug\net472\VideoOS.EventServer.GisMap.UnitTest.dll" adapterTypeName="executor://mstestadapter/v2" className="VideoOS.EventServer.GisMap.UnitTest.BusinessObjects.Layers.OutputLayerTest" name="TestConstructor_ParsingWcfObjectWithoutExtent_Success" />
    </UnitTest>
    <UnitTest name="ReaddItem_KeepsId" storage="d:\actions-runner\_work\xpco\xpco\eventserver\server\components\central\gismap.unittest\bin\debug\net472\videoos.eventserver.gismap.unittest.dll" id="b8bd6f81-a5e9-d969-ad7d-d2c75c8084ad">
      <TestCategory>
        <TestCategoryItem TestCategory="BusinessObjects" />
      </TestCategory>
      <Execution id="dc538a60-a4e1-4816-9865-826cbf3f455b" />
      <TestMethod codeBase="D:\actions-runner\_work\XPCO\XPCO\EventServer\Server\Components\Central\GisMap.UnitTest\bin\Debug\net472\VideoOS.EventServer.GisMap.UnitTest.dll" adapterTypeName="executor://mstestadapter/v2" className="VideoOS.EventServer.GisMap.UnitTest.BusinessObjects.Indexer.Buildings.BuildingIndexTest" name="ReaddItem_KeepsId" />
    </UnitTest>
    <UnitTest name="TestReorderLevels_NullLevels_Failure" storage="d:\actions-runner\_work\xpco\xpco\eventserver\server\components\central\gismap.unittest\bin\debug\net472\videoos.eventserver.gismap.unittest.dll" id="30d72bb8-bb99-a497-ea48-8dc8e58a3e0d">
      <TestCategory>
        <TestCategoryItem TestCategory="DataComponent" />
      </TestCategory>
      <Execution id="fecafb22-feed-4617-a462-03cc90d7b72c" />
      <TestMethod codeBase="D:\actions-runner\_work\XPCO\XPCO\EventServer\Server\Components\Central\GisMap.UnitTest\bin\Debug\net472\VideoOS.EventServer.GisMap.UnitTest.dll" adapterTypeName="executor://mstestadapter/v2" className="VideoOS.EventServer.GisMap.UnitTest.DB.DataComponent.BuildingComponent_LevelTest" name="TestReorderLevels_NullLevels_Failure" />
    </UnitTest>
    <UnitTest name="TestAuditLog_AuditLogItemChangedWithOldItemOfWrongType_Success" storage="d:\actions-runner\_work\xpco\xpco\eventserver\server\components\central\gismap.unittest\bin\debug\net472\videoos.eventserver.gismap.unittest.dll" id="b3ff4076-6744-0bb7-0212-2bb49c946c00">
      <TestCategory>
        <TestCategoryItem TestCategory="BusinessObjects" />
      </TestCategory>
      <Execution id="38603ef9-96b6-4964-9b9f-dea40d3453d0" />
      <TestMethod codeBase="D:\actions-runner\_work\XPCO\XPCO\EventServer\Server\Components\Central\GisMap.UnitTest\bin\Debug\net472\VideoOS.EventServer.GisMap.UnitTest.dll" adapterTypeName="executor://mstestadapter/v2" className="VideoOS.EventServer.GisMap.UnitTest.BusinessObjects.Items.LinkItemTest" name="TestAuditLog_AuditLogItemChangedWithOldItemOfWrongType_Success" />
    </UnitTest>
    <UnitTest name="TestConstructor" storage="d:\actions-runner\_work\xpco\xpco\eventserver\server\components\central\gismap.unittest\bin\debug\net472\videoos.eventserver.gismap.unittest.dll" id="6ea25f34-c5cc-0441-bee5-06b40fda8ee3">
      <TestCategory>
        <TestCategoryItem TestCategory="BusinessObjects" />
      </TestCategory>
      <Execution id="be9a92ca-7d4b-4699-a6f8-48e730231778" />
      <TestMethod codeBase="D:\actions-runner\_work\XPCO\XPCO\EventServer\Server\Components\Central\GisMap.UnitTest\bin\Debug\net472\VideoOS.EventServer.GisMap.UnitTest.dll" adapterTypeName="executor://mstestadapter/v2" className="VideoOS.EventServer.GisMap.UnitTest.BusinessObjects.Indexer.Clustering.MapItemClusterTest" name="TestConstructor" />
    </UnitTest>
    <UnitTest name="TestProperties_GetProperties_Success" storage="d:\actions-runner\_work\xpco\xpco\eventserver\server\components\central\gismap.unittest\bin\debug\net472\videoos.eventserver.gismap.unittest.dll" id="995898c9-3176-c650-4198-443359757cf6">
      <TestCategory>
        <TestCategoryItem TestCategory="BusinessObjects" />
      </TestCategory>
      <Execution id="2576599c-c0c8-445c-a69e-80e900cbbab9" />
      <TestMethod codeBase="D:\actions-runner\_work\XPCO\XPCO\EventServer\Server\Components\Central\GisMap.UnitTest\bin\Debug\net472\VideoOS.EventServer.GisMap.UnitTest.dll" adapterTypeName="executor://mstestadapter/v2" className="VideoOS.EventServer.GisMap.UnitTest.BusinessObjects.Maps.MapTest" name="TestProperties_GetProperties_Success" />
    </UnitTest>
    <UnitTest name="TestUpdateBuilding_Exception_Failure" storage="d:\actions-runner\_work\xpco\xpco\eventserver\server\components\central\gismap.unittest\bin\debug\net472\videoos.eventserver.gismap.unittest.dll" id="3af7f087-b7b3-0534-145c-6c01dbaa4992">
      <TestCategory>
        <TestCategoryItem TestCategory="DataComponent" />
      </TestCategory>
      <Execution id="000067bb-b367-4c6d-8a9e-5ec2e311810b" />
      <TestMethod codeBase="D:\actions-runner\_work\XPCO\XPCO\EventServer\Server\Components\Central\GisMap.UnitTest\bin\Debug\net472\VideoOS.EventServer.GisMap.UnitTest.dll" adapterTypeName="executor://mstestadapter/v2" className="VideoOS.EventServer.GisMap.UnitTest.DB.DataComponent.BuildingComponentTest" name="TestUpdateBuilding_Exception_Failure" />
    </UnitTest>
    <UnitTest name="TestDeleteBuildings_Success" storage="d:\actions-runner\_work\xpco\xpco\eventserver\server\components\central\gismap.unittest\bin\debug\net472\videoos.eventserver.gismap.unittest.dll" id="5434a7c0-cc16-95d0-e718-da944d3bd710">
      <TestCategory>
        <TestCategoryItem TestCategory="DataComponent" />
      </TestCategory>
      <Execution id="1c3a976f-56e0-4a9e-8ccf-f0591a8a62f5" />
      <TestMethod codeBase="D:\actions-runner\_work\XPCO\XPCO\EventServer\Server\Components\Central\GisMap.UnitTest\bin\Debug\net472\VideoOS.EventServer.GisMap.UnitTest.dll" adapterTypeName="executor://mstestadapter/v2" className="VideoOS.EventServer.GisMap.UnitTest.DB.DataComponent.BuildingComponentTest" name="TestDeleteBuildings_Success" />
    </UnitTest>
    <UnitTest name="TestConstructor_Success" storage="d:\actions-runner\_work\xpco\xpco\eventserver\server\components\central\gismap.unittest\bin\debug\net472\videoos.eventserver.gismap.unittest.dll" id="628acf57-7e99-e0c2-5d80-a39c1d7710ca">
      <TestCategory>
        <TestCategoryItem TestCategory="BusinessObjects" />
      </TestCategory>
      <Execution id="9f3ac34c-b70a-4f09-9d3a-70e5c9954d80" />
      <TestMethod codeBase="D:\actions-runner\_work\XPCO\XPCO\EventServer\Server\Components\Central\GisMap.UnitTest\bin\Debug\net472\VideoOS.EventServer.GisMap.UnitTest.dll" adapterTypeName="executor://mstestadapter/v2" className="VideoOS.EventServer.GisMap.UnitTest.BusinessObjects.Layers.LegacyLinkLayerTest" name="TestConstructor_Success" />
    </UnitTest>
    <UnitTest name="TestWcfObject_ConvertToWcfObject_Success" storage="d:\actions-runner\_work\xpco\xpco\eventserver\server\components\central\gismap.unittest\bin\debug\net472\videoos.eventserver.gismap.unittest.dll" id="9ae42ec2-98be-00f5-c3e2-5fe90424eff6">
      <TestCategory>
        <TestCategoryItem TestCategory="BusinessObjects" />
      </TestCategory>
      <Execution id="9b8467f6-8ade-4c3e-a024-1e3410e695ce" />
      <TestMethod codeBase="D:\actions-runner\_work\XPCO\XPCO\EventServer\Server\Components\Central\GisMap.UnitTest\bin\Debug\net472\VideoOS.EventServer.GisMap.UnitTest.dll" adapterTypeName="executor://mstestadapter/v2" className="VideoOS.EventServer.GisMap.UnitTest.BusinessObjects.Buildings.BuildingMapItemTest" name="TestWcfObject_ConvertToWcfObject_Success" />
    </UnitTest>
    <UnitTest name="TestConstructor_ParsingWcfObjectWithoutOriginalExtent_Success" storage="d:\actions-runner\_work\xpco\xpco\eventserver\server\components\central\gismap.unittest\bin\debug\net472\videoos.eventserver.gismap.unittest.dll" id="ebd43f71-bf52-f6ae-ad03-a45fb0f7a764">
      <TestCategory>
        <TestCategoryItem TestCategory="BusinessObjects" />
      </TestCategory>
      <Execution id="59ebd10b-ad04-4b3c-9f21-a784c0502282" />
      <TestMethod codeBase="D:\actions-runner\_work\XPCO\XPCO\EventServer\Server\Components\Central\GisMap.UnitTest\bin\Debug\net472\VideoOS.EventServer.GisMap.UnitTest.dll" adapterTypeName="executor://mstestadapter/v2" className="VideoOS.EventServer.GisMap.UnitTest.BusinessObjects.Layers.ShapeFileLayerTest" name="TestConstructor_ParsingWcfObjectWithoutOriginalExtent_Success" />
    </UnitTest>
    <UnitTest name="TestUpdateProperties_UpdateAllProperties_Success" storage="d:\actions-runner\_work\xpco\xpco\eventserver\server\components\central\gismap.unittest\bin\debug\net472\videoos.eventserver.gismap.unittest.dll" id="2a381028-e7d6-b17f-b4fe-2917fe968631">
      <TestCategory>
        <TestCategoryItem TestCategory="BusinessObjects" />
      </TestCategory>
      <Execution id="87750b46-5464-4d30-a759-4bd67c9a84a6" />
      <TestMethod codeBase="D:\actions-runner\_work\XPCO\XPCO\EventServer\Server\Components\Central\GisMap.UnitTest\bin\Debug\net472\VideoOS.EventServer.GisMap.UnitTest.dll" adapterTypeName="executor://mstestadapter/v2" className="VideoOS.EventServer.GisMap.UnitTest.BusinessObjects.Layers.ShapeFileLayerTest" name="TestUpdateProperties_UpdateAllProperties_Success" />
    </UnitTest>
    <UnitTest name="DeleteItem_Success" storage="d:\actions-runner\_work\xpco\xpco\eventserver\server\components\central\gismap.unittest\bin\debug\net472\videoos.eventserver.gismap.unittest.dll" id="d4d79da0-b2ef-366b-9228-bab94436f448">
      <TestCategory>
        <TestCategoryItem TestCategory="GisMapServices" />
      </TestCategory>
      <Execution id="22fda54d-88bc-49a7-82f6-17b998abaeab" />
      <TestMethod codeBase="D:\actions-runner\_work\XPCO\XPCO\EventServer\Server\Components\Central\GisMap.UnitTest\bin\Debug\net472\VideoOS.EventServer.GisMap.UnitTest.dll" adapterTypeName="executor://mstestadapter/v2" className="VideoOS.EventServer.GisMap.UnitTest.Services.Clustering.MapDataUpdaterTest" name="DeleteItem_Success" />
    </UnitTest>
    <UnitTest name="TestUpdateLevel_MultipleRows_Failure" storage="d:\actions-runner\_work\xpco\xpco\eventserver\server\components\central\gismap.unittest\bin\debug\net472\videoos.eventserver.gismap.unittest.dll" id="dddb05dc-f038-643f-0ca6-be77adfeb26d">
      <TestCategory>
        <TestCategoryItem TestCategory="DataComponent" />
      </TestCategory>
      <Execution id="d38efd0b-c08c-43b5-808c-4e215d3c3092" />
      <TestMethod codeBase="D:\actions-runner\_work\XPCO\XPCO\EventServer\Server\Components\Central\GisMap.UnitTest\bin\Debug\net472\VideoOS.EventServer.GisMap.UnitTest.dll" adapterTypeName="executor://mstestadapter/v2" className="VideoOS.EventServer.GisMap.UnitTest.DB.DataComponent.BuildingComponent_LevelTest" name="TestUpdateLevel_MultipleRows_Failure" />
    </UnitTest>
    <UnitTest name="GetEnabledItemsAsync_Success" storage="d:\actions-runner\_work\xpco\xpco\eventserver\server\components\central\gismap.unittest\bin\debug\net472\videoos.eventserver.gismap.unittest.dll" id="1ae99b50-4a58-b040-2d46-172bf2055039">
      <TestCategory>
        <TestCategoryItem TestCategory="GisMapServices" />
      </TestCategory>
      <Execution id="78fa475c-df21-470b-87ee-a3842e6d0c33" />
      <TestMethod codeBase="D:\actions-runner\_work\XPCO\XPCO\EventServer\Server\Components\Central\GisMap.UnitTest\bin\Debug\net472\VideoOS.EventServer.GisMap.UnitTest.dll" adapterTypeName="executor://mstestadapter/v2" className="VideoOS.EventServer.GisMap.UnitTest.Services.Clustering.MapDataObtainerTest" name="GetEnabledItemsAsync_Success" />
    </UnitTest>
    <UnitTest name="TestWcfObject_GetWcfObject_Success" storage="d:\actions-runner\_work\xpco\xpco\eventserver\server\components\central\gismap.unittest\bin\debug\net472\videoos.eventserver.gismap.unittest.dll" id="88daf2ce-efc6-44a5-8795-43fb6f1fbf52">
      <TestCategory>
        <TestCategoryItem TestCategory="BusinessObjects" />
      </TestCategory>
      <Execution id="38cae2b1-9d09-40d0-bdd9-6e09ad9d134a" />
      <TestMethod codeBase="D:\actions-runner\_work\XPCO\XPCO\EventServer\Server\Components\Central\GisMap.UnitTest\bin\Debug\net472\VideoOS.EventServer.GisMap.UnitTest.dll" adapterTypeName="executor://mstestadapter/v2" className="VideoOS.EventServer.GisMap.UnitTest.BusinessObjects.Layers.ViewZoneLayerTest" name="TestWcfObject_GetWcfObject_Success" />
    </UnitTest>
    <UnitTest name="TestWcfObject_GetWcfObject_Success" storage="d:\actions-runner\_work\xpco\xpco\eventserver\server\components\central\gismap.unittest\bin\debug\net472\videoos.eventserver.gismap.unittest.dll" id="947db48e-1376-6f82-4699-fabe624cbabf">
      <TestCategory>
        <TestCategoryItem TestCategory="BusinessObjects" />
      </TestCategory>
      <Execution id="c8838b9c-ec01-4627-b10e-f8993d610c37" />
      <TestMethod codeBase="D:\actions-runner\_work\XPCO\XPCO\EventServer\Server\Components\Central\GisMap.UnitTest\bin\Debug\net472\VideoOS.EventServer.GisMap.UnitTest.dll" adapterTypeName="executor://mstestadapter/v2" className="VideoOS.EventServer.GisMap.UnitTest.BusinessObjects.Items.LocationItemTest" name="TestWcfObject_GetWcfObject_Success" />
    </UnitTest>
    <UnitTest name="TestConstructor_ParsingWcfObjectNullOuterRing_Success" storage="d:\actions-runner\_work\xpco\xpco\eventserver\server\components\central\gismap.unittest\bin\debug\net472\videoos.eventserver.gismap.unittest.dll" id="6e851fc6-093b-40f1-26c3-a3721c560c72">
      <TestCategory>
        <TestCategoryItem TestCategory="BusinessObjects" />
      </TestCategory>
      <Execution id="b6d577a0-ee08-4999-a41d-a8edcfd6afab" />
      <TestMethod codeBase="D:\actions-runner\_work\XPCO\XPCO\EventServer\Server\Components\Central\GisMap.UnitTest\bin\Debug\net472\VideoOS.EventServer.GisMap.UnitTest.dll" adapterTypeName="executor://mstestadapter/v2" className="VideoOS.EventServer.GisMap.UnitTest.BusinessObjects.Buildings.BuildingTest" name="TestConstructor_ParsingWcfObjectNullOuterRing_Success" />
    </UnitTest>
    <UnitTest name="GetGisMapKindsAsync_Success" storage="d:\actions-runner\_work\xpco\xpco\eventserver\server\components\central\gismap.unittest\bin\debug\net472\videoos.eventserver.gismap.unittest.dll" id="06111c50-7e5d-ae8d-e57b-4555dcb06eea">
      <TestCategory>
        <TestCategoryItem TestCategory="GisMapServices" />
      </TestCategory>
      <Execution id="fe2c6545-8927-43f3-b27d-8bab15bc676c" />
      <TestMethod codeBase="D:\actions-runner\_work\XPCO\XPCO\EventServer\Server\Components\Central\GisMap.UnitTest\bin\Debug\net472\VideoOS.EventServer.GisMap.UnitTest.dll" adapterTypeName="executor://mstestadapter/v2" className="VideoOS.EventServer.GisMap.UnitTest.Services.Clustering.MapDataObtainerTest" name="GetGisMapKindsAsync_Success" />
    </UnitTest>
    <UnitTest name="TestAddBuilding_UnknownBuilding_Success" storage="d:\actions-runner\_work\xpco\xpco\eventserver\server\components\central\gismap.unittest\bin\debug\net472\videoos.eventserver.gismap.unittest.dll" id="749c19e7-aee0-159d-ac54-1cec5332e8a7">
      <TestCategory>
        <TestCategoryItem TestCategory="DataComponent" />
      </TestCategory>
      <Execution id="d56ad4c1-8f3f-4d0d-ad52-f746617ce1f6" />
      <TestMethod codeBase="D:\actions-runner\_work\XPCO\XPCO\EventServer\Server\Components\Central\GisMap.UnitTest\bin\Debug\net472\VideoOS.EventServer.GisMap.UnitTest.dll" adapterTypeName="executor://mstestadapter/v2" className="VideoOS.EventServer.GisMap.UnitTest.DB.DataComponent.BuildingComponentTest" name="TestAddBuilding_UnknownBuilding_Success" />
    </UnitTest>
    <UnitTest name="TestAddLayer_Success" storage="d:\actions-runner\_work\xpco\xpco\eventserver\server\components\central\gismap.unittest\bin\debug\net472\videoos.eventserver.gismap.unittest.dll" id="9e263691-77f1-8197-8698-8c7739de3ed1">
      <TestCategory>
        <TestCategoryItem TestCategory="DataComponent" />
      </TestCategory>
      <Execution id="79a1a35c-d2ee-406f-90fa-5635e432a011" />
      <TestMethod codeBase="D:\actions-runner\_work\XPCO\XPCO\EventServer\Server\Components\Central\GisMap.UnitTest\bin\Debug\net472\VideoOS.EventServer.GisMap.UnitTest.dll" adapterTypeName="executor://mstestadapter/v2" className="VideoOS.EventServer.GisMap.UnitTest.DB.DataComponent.LayerComponentTest" name="TestAddLayer_Success" />
    </UnitTest>
    <UnitTest name="TestAddMultipleCapabilities_Success" storage="d:\actions-runner\_work\xpco\xpco\eventserver\server\components\central\gismap.unittest\bin\debug\net472\videoos.eventserver.gismap.unittest.dll" id="25894435-1855-c2d6-e621-cd9632fe96ea">
      <Execution id="c99cc032-6c4a-483f-9ac6-6d61f28cb8dd" />
      <TestMethod codeBase="D:\actions-runner\_work\XPCO\XPCO\EventServer\Server\Components\Central\GisMap.UnitTest\bin\Debug\net472\VideoOS.EventServer.GisMap.UnitTest.dll" adapterTypeName="executor://mstestadapter/v2" className="VideoOS.EventServer.GisMap.UnitTest.Services.Capabilities.ServerCapabilitiesTest" name="TestAddMultipleCapabilities_Success" />
    </UnitTest>
    <UnitTest name="TestQueryBuildingByBuildingId_MultipleRows_Failure" storage="d:\actions-runner\_work\xpco\xpco\eventserver\server\components\central\gismap.unittest\bin\debug\net472\videoos.eventserver.gismap.unittest.dll" id="873b0ec3-8762-3e25-eb95-5c23fee39684">
      <TestCategory>
        <TestCategoryItem TestCategory="DataComponent" />
      </TestCategory>
      <Execution id="653ec08f-a6d2-4005-a8cf-12ac2ff22745" />
      <TestMethod codeBase="D:\actions-runner\_work\XPCO\XPCO\EventServer\Server\Components\Central\GisMap.UnitTest\bin\Debug\net472\VideoOS.EventServer.GisMap.UnitTest.dll" adapterTypeName="executor://mstestadapter/v2" className="VideoOS.EventServer.GisMap.UnitTest.DB.DataComponent.BuildingComponentTest" name="TestQueryBuildingByBuildingId_MultipleRows_Failure" />
    </UnitTest>
    <UnitTest name="GetMipPlugins_Success" storage="d:\actions-runner\_work\xpco\xpco\eventserver\server\components\central\gismap.unittest\bin\debug\net472\videoos.eventserver.gismap.unittest.dll" id="db7de401-b646-d928-1a5f-89bb54cdcee8">
      <TestCategory>
        <TestCategoryItem TestCategory="GisMapMipItems" />
      </TestCategory>
      <Execution id="2a6c4f89-050b-4f54-8785-e31b63b0cc5b" />
      <TestMethod codeBase="D:\actions-runner\_work\XPCO\XPCO\EventServer\Server\Components\Central\GisMap.UnitTest\bin\Debug\net472\VideoOS.EventServer.GisMap.UnitTest.dll" adapterTypeName="executor://mstestadapter/v2" className="VideoOS.EventServer.GisMap.UnitTest.WebService.GisMipItemCommandTest" name="GetMipPlugins_Success" />
    </UnitTest>
    <UnitTest name="TestUpdateBuildings_OnlyUnknownBuildings_Success" storage="d:\actions-runner\_work\xpco\xpco\eventserver\server\components\central\gismap.unittest\bin\debug\net472\videoos.eventserver.gismap.unittest.dll" id="d1573ce3-bd92-2600-94b7-f1c11afafb7b">
      <TestCategory>
        <TestCategoryItem TestCategory="DataComponent" />
      </TestCategory>
      <Execution id="9077773d-3ee0-420f-a8d2-35cef86d2159" />
      <TestMethod codeBase="D:\actions-runner\_work\XPCO\XPCO\EventServer\Server\Components\Central\GisMap.UnitTest\bin\Debug\net472\VideoOS.EventServer.GisMap.UnitTest.dll" adapterTypeName="executor://mstestadapter/v2" className="VideoOS.EventServer.GisMap.UnitTest.DB.DataComponent.BuildingComponentTest" name="TestUpdateBuildings_OnlyUnknownBuildings_Success" />
    </UnitTest>
    <UnitTest name="TestAddBuildings_DatabaseException_UniqueKeyViolation_Failure" storage="d:\actions-runner\_work\xpco\xpco\eventserver\server\components\central\gismap.unittest\bin\debug\net472\videoos.eventserver.gismap.unittest.dll" id="9a55c708-d962-076a-f8e4-d8ec5dc295cc">
      <TestCategory>
        <TestCategoryItem TestCategory="DataComponent" />
      </TestCategory>
      <Execution id="62e07d32-8900-4d42-88c1-154693c6762b" />
      <TestMethod codeBase="D:\actions-runner\_work\XPCO\XPCO\EventServer\Server\Components\Central\GisMap.UnitTest\bin\Debug\net472\VideoOS.EventServer.GisMap.UnitTest.dll" adapterTypeName="executor://mstestadapter/v2" className="VideoOS.EventServer.GisMap.UnitTest.DB.DataComponent.BuildingComponentTest" name="TestAddBuildings_DatabaseException_UniqueKeyViolation_Failure" />
    </UnitTest>
    <UnitTest name="TestConvertToType_NullType_Success" storage="d:\actions-runner\_work\xpco\xpco\eventserver\server\components\central\gismap.unittest\bin\debug\net472\videoos.eventserver.gismap.unittest.dll" id="3d0918cf-f564-1118-2b0c-d32328146c5b">
      <Execution id="9db568e8-1c3e-4fd5-a105-8cb107939b54" />
      <TestMethod codeBase="D:\actions-runner\_work\XPCO\XPCO\EventServer\Server\Components\Central\GisMap.UnitTest\bin\Debug\net472\VideoOS.EventServer.GisMap.UnitTest.dll" adapterTypeName="executor://mstestadapter/v2" className="VideoOS.EventServer.GisMap.UnitTest.DB.Converters.DatabaseTypeNameConverterTest" name="TestConvertToType_NullType_Success" />
    </UnitTest>
    <UnitTest name="Test_DeleteLevels_EmptyArgument_Succes" storage="d:\actions-runner\_work\xpco\xpco\eventserver\server\components\central\gismap.unittest\bin\debug\net472\videoos.eventserver.gismap.unittest.dll" id="63e3d58e-77fe-7338-b4b2-5c415ed1e848">
      <TestCategory>
        <TestCategoryItem TestCategory="DataComponent" />
      </TestCategory>
      <Execution id="147e0108-bd87-422e-bb0a-d72d075ed9ff" />
      <TestMethod codeBase="D:\actions-runner\_work\XPCO\XPCO\EventServer\Server\Components\Central\GisMap.UnitTest\bin\Debug\net472\VideoOS.EventServer.GisMap.UnitTest.dll" adapterTypeName="executor://mstestadapter/v2" className="VideoOS.EventServer.GisMap.UnitTest.DB.DataComponent.BuildingComponent_LevelTest" name="Test_DeleteLevels_EmptyArgument_Succes" />
    </UnitTest>
    <UnitTest name="TestProperties_GetProperties_Success" storage="d:\actions-runner\_work\xpco\xpco\eventserver\server\components\central\gismap.unittest\bin\debug\net472\videoos.eventserver.gismap.unittest.dll" id="80efc0c9-dbbe-5e7f-5fb7-2414b5b4faf7">
      <TestCategory>
        <TestCategoryItem TestCategory="BusinessObjects" />
      </TestCategory>
      <Execution id="3c4b1653-6b89-4bb6-becc-68952fba4a88" />
      <TestMethod codeBase="D:\actions-runner\_work\XPCO\XPCO\EventServer\Server\Components\Central\GisMap.UnitTest\bin\Debug\net472\VideoOS.EventServer.GisMap.UnitTest.dll" adapterTypeName="executor://mstestadapter/v2" className="VideoOS.EventServer.GisMap.UnitTest.BusinessObjects.Items.LinkItemTest" name="TestProperties_GetProperties_Success" />
    </UnitTest>
    <UnitTest name="TestConstructor_Success" storage="d:\actions-runner\_work\xpco\xpco\eventserver\server\components\central\gismap.unittest\bin\debug\net472\videoos.eventserver.gismap.unittest.dll" id="aca4d5ad-1c9b-c802-daeb-95a056e1dffe">
      <Execution id="59cf0b85-e85d-4bc7-9c40-a7c3d6c76dcf" />
      <TestMethod codeBase="D:\actions-runner\_work\XPCO\XPCO\EventServer\Server\Components\Central\GisMap.UnitTest\bin\Debug\net472\VideoOS.EventServer.GisMap.UnitTest.dll" adapterTypeName="executor://mstestadapter/v2" className="VideoOS.EventServer.GisMap.UnitTest.Services.Capabilities.ServerCapabilitiesTest" name="TestConstructor_Success" />
    </UnitTest>
    <UnitTest name="TestWcfObject_GetWcfObject_Success" storage="d:\actions-runner\_work\xpco\xpco\eventserver\server\components\central\gismap.unittest\bin\debug\net472\videoos.eventserver.gismap.unittest.dll" id="b5a1ec9c-efba-50d6-27f6-dccb30113c80">
      <TestCategory>
        <TestCategoryItem TestCategory="BusinessObjects" />
      </TestCategory>
      <Execution id="36c38814-4982-432a-b518-3812c5db047f" />
      <TestMethod codeBase="D:\actions-runner\_work\XPCO\XPCO\EventServer\Server\Components\Central\GisMap.UnitTest\bin\Debug\net472\VideoOS.EventServer.GisMap.UnitTest.dll" adapterTypeName="executor://mstestadapter/v2" className="VideoOS.EventServer.GisMap.UnitTest.BusinessObjects.TransformInfoTest" name="TestWcfObject_GetWcfObject_Success" />
    </UnitTest>
    <UnitTest name="TestAuditLog_AuditLogWithNullItemAuditParameters_Failure" storage="d:\actions-runner\_work\xpco\xpco\eventserver\server\components\central\gismap.unittest\bin\debug\net472\videoos.eventserver.gismap.unittest.dll" id="2c89b3f6-f469-5955-a32a-c0758733b827">
      <TestCategory>
        <TestCategoryItem TestCategory="BusinessObjects" />
      </TestCategory>
      <Execution id="d557b9d3-eaf3-4fe9-87e4-2c64fd2117a2" />
      <TestMethod codeBase="D:\actions-runner\_work\XPCO\XPCO\EventServer\Server\Components\Central\GisMap.UnitTest\bin\Debug\net472\VideoOS.EventServer.GisMap.UnitTest.dll" adapterTypeName="executor://mstestadapter/v2" className="VideoOS.EventServer.GisMap.UnitTest.BusinessObjects.Layers.CADLayerTest" name="TestAuditLog_AuditLogWithNullItemAuditParameters_Failure" />
    </UnitTest>
    <UnitTest name="ChangeBuildingGeography_Silent_WhenBuildingNotExists" storage="d:\actions-runner\_work\xpco\xpco\eventserver\server\components\central\gismap.unittest\bin\debug\net472\videoos.eventserver.gismap.unittest.dll" id="47858b52-dec3-79cc-8ffc-6f311ff9916e">
      <TestCategory>
        <TestCategoryItem TestCategory="BusinessObjects" />
      </TestCategory>
      <Execution id="13b47e6a-7e70-46ad-b75a-513558eceb7a" />
      <TestMethod codeBase="D:\actions-runner\_work\XPCO\XPCO\EventServer\Server\Components\Central\GisMap.UnitTest\bin\Debug\net472\VideoOS.EventServer.GisMap.UnitTest.dll" adapterTypeName="executor://mstestadapter/v2" className="VideoOS.EventServer.GisMap.UnitTest.BusinessObjects.Indexer.Buildings.BuildingItemsIndexerTest" name="ChangeBuildingGeography_Silent_WhenBuildingNotExists" />
    </UnitTest>
    <UnitTest name="TestAddCapability_NullValue_Failure" storage="d:\actions-runner\_work\xpco\xpco\eventserver\server\components\central\gismap.unittest\bin\debug\net472\videoos.eventserver.gismap.unittest.dll" id="67bcce03-d474-bfa1-ea71-cde16b0abd49">
      <Execution id="7b836715-6b11-4663-adfb-ba73953edc7b" />
      <TestMethod codeBase="D:\actions-runner\_work\XPCO\XPCO\EventServer\Server\Components\Central\GisMap.UnitTest\bin\Debug\net472\VideoOS.EventServer.GisMap.UnitTest.dll" adapterTypeName="executor://mstestadapter/v2" className="VideoOS.EventServer.GisMap.UnitTest.Services.Capabilities.ServerCapabilitiesTest" name="TestAddCapability_NullValue_Failure" />
    </UnitTest>
    <UnitTest name="TestWcfObject_GetWcfObjectWithoutTransformInfo_Success" storage="d:\actions-runner\_work\xpco\xpco\eventserver\server\components\central\gismap.unittest\bin\debug\net472\videoos.eventserver.gismap.unittest.dll" id="2c375059-c2c0-ba34-5158-7a6baae556a6">
      <TestCategory>
        <TestCategoryItem TestCategory="BusinessObjects" />
      </TestCategory>
      <Execution id="00caafa0-7b08-40ea-a5f7-cf05fb0d812d" />
      <TestMethod codeBase="D:\actions-runner\_work\XPCO\XPCO\EventServer\Server\Components\Central\GisMap.UnitTest\bin\Debug\net472\VideoOS.EventServer.GisMap.UnitTest.dll" adapterTypeName="executor://mstestadapter/v2" className="VideoOS.EventServer.GisMap.UnitTest.BusinessObjects.Layers.ImageLayerTest" name="TestWcfObject_GetWcfObjectWithoutTransformInfo_Success" />
    </UnitTest>
    <UnitTest name="TestAuditLog_AuditLogLegacyLinkToChildServerAdded_Success" storage="d:\actions-runner\_work\xpco\xpco\eventserver\server\components\central\gismap.unittest\bin\debug\net472\videoos.eventserver.gismap.unittest.dll" id="adebe84a-b2cb-66de-0691-9ff1e7eec31f">
      <TestCategory>
        <TestCategoryItem TestCategory="BusinessObjects" />
      </TestCategory>
      <Execution id="1dfffca5-0900-4f26-9709-c9e635047031" />
      <TestMethod codeBase="D:\actions-runner\_work\XPCO\XPCO\EventServer\Server\Components\Central\GisMap.UnitTest\bin\Debug\net472\VideoOS.EventServer.GisMap.UnitTest.dll" adapterTypeName="executor://mstestadapter/v2" className="VideoOS.EventServer.GisMap.UnitTest.BusinessObjects.Items.LegacyLinkItemTest" name="TestAuditLog_AuditLogLegacyLinkToChildServerAdded_Success" />
    </UnitTest>
    <UnitTest name="AllItems_ExistAfterAddItems_InsertExcludedItems" storage="d:\actions-runner\_work\xpco\xpco\eventserver\server\components\central\gismap.unittest\bin\debug\net472\videoos.eventserver.gismap.unittest.dll" id="71b46026-ee57-7414-4cfe-318877eaaba4">
      <TestCategory>
        <TestCategoryItem TestCategory="BusinessObjects" />
      </TestCategory>
      <Execution id="d456180b-3837-4432-aa2c-8313a60789dc" />
      <TestMethod codeBase="D:\actions-runner\_work\XPCO\XPCO\EventServer\Server\Components\Central\GisMap.UnitTest\bin\Debug\net472\VideoOS.EventServer.GisMap.UnitTest.dll" adapterTypeName="executor://mstestadapter/v2" className="VideoOS.EventServer.GisMap.UnitTest.BusinessObjects.Indexer.MapItemIndexerTest" name="AllItems_ExistAfterAddItems_InsertExcludedItems" />
    </UnitTest>
    <UnitTest name="TestConstructor_NullName_Failure" storage="d:\actions-runner\_work\xpco\xpco\eventserver\server\components\central\gismap.unittest\bin\debug\net472\videoos.eventserver.gismap.unittest.dll" id="21164ddf-0ff1-4552-16fa-82b564f20ece">
      <Execution id="45eb3b8e-0e68-4b7a-8cee-76fc1156481f" />
      <TestMethod codeBase="D:\actions-runner\_work\XPCO\XPCO\EventServer\Server\Components\Central\GisMap.UnitTest\bin\Debug\net472\VideoOS.EventServer.GisMap.UnitTest.dll" adapterTypeName="executor://mstestadapter/v2" className="VideoOS.EventServer.GisMap.UnitTest.Services.Capabilities.ServerCapabilityTest" name="TestConstructor_NullName_Failure" />
    </UnitTest>
    <UnitTest name="TestProperties_GetPropertiesFromWcfObjectWithoutTransformInfo_Success" storage="d:\actions-runner\_work\xpco\xpco\eventserver\server\components\central\gismap.unittest\bin\debug\net472\videoos.eventserver.gismap.unittest.dll" id="792cb16d-f91f-d7a2-bf2a-18f4a208d9a6">
      <TestCategory>
        <TestCategoryItem TestCategory="BusinessObjects" />
      </TestCategory>
      <Execution id="0edafb5d-fc93-40bc-831e-71f17834a7b0" />
      <TestMethod codeBase="D:\actions-runner\_work\XPCO\XPCO\EventServer\Server\Components\Central\GisMap.UnitTest\bin\Debug\net472\VideoOS.EventServer.GisMap.UnitTest.dll" adapterTypeName="executor://mstestadapter/v2" className="VideoOS.EventServer.GisMap.UnitTest.BusinessObjects.Layers.ImageLayerTest" name="TestProperties_GetPropertiesFromWcfObjectWithoutTransformInfo_Success" />
    </UnitTest>
    <UnitTest name="TestConstructor_EmptyName_Failure" storage="d:\actions-runner\_work\xpco\xpco\eventserver\server\components\central\gismap.unittest\bin\debug\net472\videoos.eventserver.gismap.unittest.dll" id="72a58601-6a0b-286c-f611-d0390f38d4b1">
      <Execution id="b23d9bb3-60fe-446f-b272-f30c23dc9f39" />
      <TestMethod codeBase="D:\actions-runner\_work\XPCO\XPCO\EventServer\Server\Components\Central\GisMap.UnitTest\bin\Debug\net472\VideoOS.EventServer.GisMap.UnitTest.dll" adapterTypeName="executor://mstestadapter/v2" className="VideoOS.EventServer.GisMap.UnitTest.Services.Capabilities.ServerCapabilityTest" name="TestConstructor_EmptyName_Failure" />
    </UnitTest>
    <UnitTest name="OnBuildingsAdded" storage="d:\actions-runner\_work\xpco\xpco\eventserver\server\components\central\gismap.unittest\bin\debug\net472\videoos.eventserver.gismap.unittest.dll" id="127f6b6f-60eb-7684-1110-d02ee3eb235d">
      <TestCategory>
        <TestCategoryItem TestCategory="GisMapServices" />
      </TestCategory>
      <Execution id="5a843eeb-10dc-4a22-8478-ea5b87ea29c3" />
      <TestMethod codeBase="D:\actions-runner\_work\XPCO\XPCO\EventServer\Server\Components\Central\GisMap.UnitTest\bin\Debug\net472\VideoOS.EventServer.GisMap.UnitTest.dll" adapterTypeName="executor://mstestadapter/v2" className="VideoOS.EventServer.GisMap.UnitTest.Services.Events.EventBusTest" name="OnBuildingsAdded" />
    </UnitTest>
    <UnitTest name="TestUpdateProperties_UpdateAllProperties_Success" storage="d:\actions-runner\_work\xpco\xpco\eventserver\server\components\central\gismap.unittest\bin\debug\net472\videoos.eventserver.gismap.unittest.dll" id="8ce8a134-b594-8a0e-fee7-c4fad8487f31">
      <TestCategory>
        <TestCategoryItem TestCategory="BusinessObjects" />
      </TestCategory>
      <Execution id="e4e5acb3-2035-436e-ac2e-1385d7ef0931" />
      <TestMethod codeBase="D:\actions-runner\_work\XPCO\XPCO\EventServer\Server\Components\Central\GisMap.UnitTest\bin\Debug\net472\VideoOS.EventServer.GisMap.UnitTest.dll" adapterTypeName="executor://mstestadapter/v2" className="VideoOS.EventServer.GisMap.UnitTest.BusinessObjects.Layers.LocationLayerTest" name="TestUpdateProperties_UpdateAllProperties_Success" />
    </UnitTest>
    <UnitTest name="TestConstructor_ParsingWcfObjectWithNullPosition_Success" storage="d:\actions-runner\_work\xpco\xpco\eventserver\server\components\central\gismap.unittest\bin\debug\net472\videoos.eventserver.gismap.unittest.dll" id="8d3ecfb5-4f4c-425b-4ea5-1bf251a4964d">
      <TestCategory>
        <TestCategoryItem TestCategory="BusinessObjects" />
      </TestCategory>
      <Execution id="9ee4ebaf-81eb-475c-a771-d66fde41a704" />
      <TestMethod codeBase="D:\actions-runner\_work\XPCO\XPCO\EventServer\Server\Components\Central\GisMap.UnitTest\bin\Debug\net472\VideoOS.EventServer.GisMap.UnitTest.dll" adapterTypeName="executor://mstestadapter/v2" className="VideoOS.EventServer.GisMap.UnitTest.BusinessObjects.Maps.MapTest" name="TestConstructor_ParsingWcfObjectWithNullPosition_Success" />
    </UnitTest>
    <UnitTest name="TestProperties_GetPropertiesFromWcfObjectWithoutExtent_Success" storage="d:\actions-runner\_work\xpco\xpco\eventserver\server\components\central\gismap.unittest\bin\debug\net472\videoos.eventserver.gismap.unittest.dll" id="80e59a76-986a-dbc8-dce4-bff838813140">
      <TestCategory>
        <TestCategoryItem TestCategory="BusinessObjects" />
      </TestCategory>
      <Execution id="6f1a9778-ef78-4257-8fa9-ebbd4ff342f9" />
      <TestMethod codeBase="D:\actions-runner\_work\XPCO\XPCO\EventServer\Server\Components\Central\GisMap.UnitTest\bin\Debug\net472\VideoOS.EventServer.GisMap.UnitTest.dll" adapterTypeName="executor://mstestadapter/v2" className="VideoOS.EventServer.GisMap.UnitTest.BusinessObjects.Layers.ImageLayerTest" name="TestProperties_GetPropertiesFromWcfObjectWithoutExtent_Success" />
    </UnitTest>
    <UnitTest name="TestUpdateLevels_OnlyUnknownLevels_Success" storage="d:\actions-runner\_work\xpco\xpco\eventserver\server\components\central\gismap.unittest\bin\debug\net472\videoos.eventserver.gismap.unittest.dll" id="7a702412-b890-3df3-5368-b92412527630">
      <TestCategory>
        <TestCategoryItem TestCategory="DataComponent" />
      </TestCategory>
      <Execution id="4401696d-8ade-42a0-8c11-b7a9be1898b5" />
      <TestMethod codeBase="D:\actions-runner\_work\XPCO\XPCO\EventServer\Server\Components\Central\GisMap.UnitTest\bin\Debug\net472\VideoOS.EventServer.GisMap.UnitTest.dll" adapterTypeName="executor://mstestadapter/v2" className="VideoOS.EventServer.GisMap.UnitTest.DB.DataComponent.BuildingComponent_LevelTest" name="TestUpdateLevels_OnlyUnknownLevels_Success" />
    </UnitTest>
    <UnitTest name="TestUpdateLevel_DatabaseException_Failure" storage="d:\actions-runner\_work\xpco\xpco\eventserver\server\components\central\gismap.unittest\bin\debug\net472\videoos.eventserver.gismap.unittest.dll" id="d7acaedb-eac0-4b1f-6d63-f57e9d538c04">
      <TestCategory>
        <TestCategoryItem TestCategory="DataComponent" />
      </TestCategory>
      <Execution id="94a9e2c4-7d2e-4e2a-b114-6a1d181ab954" />
      <TestMethod codeBase="D:\actions-runner\_work\XPCO\XPCO\EventServer\Server\Components\Central\GisMap.UnitTest\bin\Debug\net472\VideoOS.EventServer.GisMap.UnitTest.dll" adapterTypeName="executor://mstestadapter/v2" className="VideoOS.EventServer.GisMap.UnitTest.DB.DataComponent.BuildingComponent_LevelTest" name="TestUpdateLevel_DatabaseException_Failure" />
    </UnitTest>
    <UnitTest name="TestConstructor_ParsingWcfObject_Success" storage="d:\actions-runner\_work\xpco\xpco\eventserver\server\components\central\gismap.unittest\bin\debug\net472\videoos.eventserver.gismap.unittest.dll" id="55bf2929-b444-c088-260d-e1f54a53793f">
      <TestCategory>
        <TestCategoryItem TestCategory="BusinessObjects" />
      </TestCategory>
      <Execution id="9091b6d3-13f9-4555-b713-76a30d51d790" />
      <TestMethod codeBase="D:\actions-runner\_work\XPCO\XPCO\EventServer\Server\Components\Central\GisMap.UnitTest\bin\Debug\net472\VideoOS.EventServer.GisMap.UnitTest.dll" adapterTypeName="executor://mstestadapter/v2" className="VideoOS.EventServer.GisMap.UnitTest.BusinessObjects.Repositories.CADRepositoryTest" name="TestConstructor_ParsingWcfObject_Success" />
    </UnitTest>
    <UnitTest name="TestWcfObject_GetWcfObjectWithoutExtent_Success" storage="d:\actions-runner\_work\xpco\xpco\eventserver\server\components\central\gismap.unittest\bin\debug\net472\videoos.eventserver.gismap.unittest.dll" id="8181e78a-574d-c8c0-84ae-90ed41d2011e">
      <TestCategory>
        <TestCategoryItem TestCategory="BusinessObjects" />
      </TestCategory>
      <Execution id="62c0eec5-9875-4a95-8a37-0279ad3941fe" />
      <TestMethod codeBase="D:\actions-runner\_work\XPCO\XPCO\EventServer\Server\Components\Central\GisMap.UnitTest\bin\Debug\net472\VideoOS.EventServer.GisMap.UnitTest.dll" adapterTypeName="executor://mstestadapter/v2" className="VideoOS.EventServer.GisMap.UnitTest.BusinessObjects.Layers.MipLayerTest" name="TestWcfObject_GetWcfObjectWithoutExtent_Success" />
    </UnitTest>
    <UnitTest name="TestAuditLog_AuditLogChanged_RemovingLegacyLinkWithValidTargetMapId_Success" storage="d:\actions-runner\_work\xpco\xpco\eventserver\server\components\central\gismap.unittest\bin\debug\net472\videoos.eventserver.gismap.unittest.dll" id="09569d09-2516-706e-d9b6-9e01c0be7776">
      <TestCategory>
        <TestCategoryItem TestCategory="BusinessObjects" />
      </TestCategory>
      <Execution id="1dea8f76-d5c9-4547-98ff-5e2ade161f68" />
      <TestMethod codeBase="D:\actions-runner\_work\XPCO\XPCO\EventServer\Server\Components\Central\GisMap.UnitTest\bin\Debug\net472\VideoOS.EventServer.GisMap.UnitTest.dll" adapterTypeName="executor://mstestadapter/v2" className="VideoOS.EventServer.GisMap.UnitTest.BusinessObjects.Items.LegacyLinkItemTest" name="TestAuditLog_AuditLogChanged_RemovingLegacyLinkWithValidTargetMapId_Success" />
    </UnitTest>
    <UnitTest name="TestConstructor_Success" storage="d:\actions-runner\_work\xpco\xpco\eventserver\server\components\central\gismap.unittest\bin\debug\net472\videoos.eventserver.gismap.unittest.dll" id="660a99f8-6ec0-ed3b-6042-ca002a4fe61b">
      <TestCategory>
        <TestCategoryItem TestCategory="BusinessObjects" />
      </TestCategory>
      <Execution id="bdbfa772-4962-41b9-a88a-b9098671c7a0" />
      <TestMethod codeBase="D:\actions-runner\_work\XPCO\XPCO\EventServer\Server\Components\Central\GisMap.UnitTest\bin\Debug\net472\VideoOS.EventServer.GisMap.UnitTest.dll" adapterTypeName="executor://mstestadapter/v2" className="VideoOS.EventServer.GisMap.UnitTest.BusinessObjects.Layers.OutputLayerTest" name="TestConstructor_Success" />
    </UnitTest>
    <UnitTest name="GetMipItemsByKindAndArea_CallsFilter" storage="d:\actions-runner\_work\xpco\xpco\eventserver\server\components\central\gismap.unittest\bin\debug\net472\videoos.eventserver.gismap.unittest.dll" id="a30fc66d-627a-89ef-95f1-4ebe1ee9d820">
      <TestCategory>
        <TestCategoryItem TestCategory="GisMapMipItems" />
      </TestCategory>
      <Execution id="7e482262-2cbd-4a82-87b9-06bb22ecfa10" />
      <TestMethod codeBase="D:\actions-runner\_work\XPCO\XPCO\EventServer\Server\Components\Central\GisMap.UnitTest\bin\Debug\net472\VideoOS.EventServer.GisMap.UnitTest.dll" adapterTypeName="executor://mstestadapter/v2" className="VideoOS.EventServer.GisMap.UnitTest.WebService.GisMipItemCommandTest" name="GetMipItemsByKindAndArea_CallsFilter" />
    </UnitTest>
    <UnitTest name="TestProperties_GetPropertiesFromWcfObject_Success" storage="d:\actions-runner\_work\xpco\xpco\eventserver\server\components\central\gismap.unittest\bin\debug\net472\videoos.eventserver.gismap.unittest.dll" id="4258ec35-f944-5fda-746a-95233f9dcbef">
      <TestCategory>
        <TestCategoryItem TestCategory="BusinessObjects" />
      </TestCategory>
      <Execution id="cfbd9505-39c2-4737-9641-9064b9997b07" />
      <TestMethod codeBase="D:\actions-runner\_work\XPCO\XPCO\EventServer\Server\Components\Central\GisMap.UnitTest\bin\Debug\net472\VideoOS.EventServer.GisMap.UnitTest.dll" adapterTypeName="executor://mstestadapter/v2" className="VideoOS.EventServer.GisMap.UnitTest.BusinessObjects.RectangleTest" name="TestProperties_GetPropertiesFromWcfObject_Success" />
    </UnitTest>
    <UnitTest name="GetClusters_PassesZoomOffsetToIndexer" storage="d:\actions-runner\_work\xpco\xpco\eventserver\server\components\central\gismap.unittest\bin\debug\net472\videoos.eventserver.gismap.unittest.dll" id="76e8e25b-7f65-8c60-0639-561ef8c308e2">
      <TestCategory>
        <TestCategoryItem TestCategory="GisMapServices" />
      </TestCategory>
      <Execution id="fe42d581-d680-48fb-98bf-b9dc4f903deb" />
      <TestMethod codeBase="D:\actions-runner\_work\XPCO\XPCO\EventServer\Server\Components\Central\GisMap.UnitTest\bin\Debug\net472\VideoOS.EventServer.GisMap.UnitTest.dll" adapterTypeName="executor://mstestadapter/v2" className="VideoOS.EventServer.GisMap.UnitTest.Services.Clustering.ItemClusteringServiceTest" name="GetClusters_PassesZoomOffsetToIndexer" />
    </UnitTest>
    <UnitTest name="TestUpdateProperties_UpdateAllProperties_Success" storage="d:\actions-runner\_work\xpco\xpco\eventserver\server\components\central\gismap.unittest\bin\debug\net472\videoos.eventserver.gismap.unittest.dll" id="2ad0eb64-70cf-9075-752b-cdd33ae1fb88">
      <TestCategory>
        <TestCategoryItem TestCategory="BusinessObjects" />
      </TestCategory>
      <Execution id="f7076b68-ef05-482f-9519-78ed57b7a113" />
      <TestMethod codeBase="D:\actions-runner\_work\XPCO\XPCO\EventServer\Server\Components\Central\GisMap.UnitTest\bin\Debug\net472\VideoOS.EventServer.GisMap.UnitTest.dll" adapterTypeName="executor://mstestadapter/v2" className="VideoOS.EventServer.GisMap.UnitTest.BusinessObjects.Items.LocationItemTest" name="TestUpdateProperties_UpdateAllProperties_Success" />
    </UnitTest>
    <UnitTest name="TestPropertyNames_GettingPropertyNames_Success" storage="d:\actions-runner\_work\xpco\xpco\eventserver\server\components\central\gismap.unittest\bin\debug\net472\videoos.eventserver.gismap.unittest.dll" id="30c0fe40-dbaf-084d-fb6c-0bc34dcf7606">
      <TestCategory>
        <TestCategoryItem TestCategory="BusinessObjects" />
      </TestCategory>
      <Execution id="ac3b6fb6-903c-451c-8379-6bbb8373366b" />
      <TestMethod codeBase="D:\actions-runner\_work\XPCO\XPCO\EventServer\Server\Components\Central\GisMap.UnitTest\bin\Debug\net472\VideoOS.EventServer.GisMap.UnitTest.dll" adapterTypeName="executor://mstestadapter/v2" className="VideoOS.EventServer.GisMap.UnitTest.BusinessObjects.Layers.LinkLayerTest" name="TestPropertyNames_GettingPropertyNames_Success" />
    </UnitTest>
    <UnitTest name="Test_QueryLayersByLevelId_MultipleRows_succes" storage="d:\actions-runner\_work\xpco\xpco\eventserver\server\components\central\gismap.unittest\bin\debug\net472\videoos.eventserver.gismap.unittest.dll" id="02bcd648-f213-e33f-0087-08a2823f154a">
      <TestCategory>
        <TestCategoryItem TestCategory="DataComponent" />
      </TestCategory>
      <Execution id="5eb9656a-227e-4b6e-9456-f9e6ac446a34" />
      <TestMethod codeBase="D:\actions-runner\_work\XPCO\XPCO\EventServer\Server\Components\Central\GisMap.UnitTest\bin\Debug\net472\VideoOS.EventServer.GisMap.UnitTest.dll" adapterTypeName="executor://mstestadapter/v2" className="VideoOS.EventServer.GisMap.UnitTest.DB.DataComponent.BuildingComponent_LevelTest" name="Test_QueryLayersByLevelId_MultipleRows_succes" />
    </UnitTest>
    <UnitTest name="TestConstructor_ParsingWcfObjectWithoutPosition_Success" storage="d:\actions-runner\_work\xpco\xpco\eventserver\server\components\central\gismap.unittest\bin\debug\net472\videoos.eventserver.gismap.unittest.dll" id="1668ece2-ea78-3795-a517-8423d4532c10">
      <TestCategory>
        <TestCategoryItem TestCategory="BusinessObjects" />
      </TestCategory>
      <Execution id="be197162-76f0-446e-9b73-5905a335965a" />
      <TestMethod codeBase="D:\actions-runner\_work\XPCO\XPCO\EventServer\Server\Components\Central\GisMap.UnitTest\bin\Debug\net472\VideoOS.EventServer.GisMap.UnitTest.dll" adapterTypeName="executor://mstestadapter/v2" className="VideoOS.EventServer.GisMap.UnitTest.BusinessObjects.Items.LocationItemTest" name="TestConstructor_ParsingWcfObjectWithoutPosition_Success" />
    </UnitTest>
    <UnitTest name="TestWcfObject_GetWcfObjectWithoutExtent_Success" storage="d:\actions-runner\_work\xpco\xpco\eventserver\server\components\central\gismap.unittest\bin\debug\net472\videoos.eventserver.gismap.unittest.dll" id="a1740249-5b73-d42d-2ee5-0bb59ecab300">
      <TestCategory>
        <TestCategoryItem TestCategory="BusinessObjects" />
      </TestCategory>
      <Execution id="d772e3e0-c087-4954-82ea-afd6cb8ef079" />
      <TestMethod codeBase="D:\actions-runner\_work\XPCO\XPCO\EventServer\Server\Components\Central\GisMap.UnitTest\bin\Debug\net472\VideoOS.EventServer.GisMap.UnitTest.dll" adapterTypeName="executor://mstestadapter/v2" className="VideoOS.EventServer.GisMap.UnitTest.BusinessObjects.Layers.CameraLayerTest" name="TestWcfObject_GetWcfObjectWithoutExtent_Success" />
    </UnitTest>
    <UnitTest name="TestConstructor_ParsingWcfObject_Success" storage="d:\actions-runner\_work\xpco\xpco\eventserver\server\components\central\gismap.unittest\bin\debug\net472\videoos.eventserver.gismap.unittest.dll" id="142a0250-319a-0925-fe13-f1d0b039bde1">
      <TestCategory>
        <TestCategoryItem TestCategory="BusinessObjects" />
      </TestCategory>
      <Execution id="81625213-617c-4bd0-a41e-0a144f0c8d75" />
      <TestMethod codeBase="D:\actions-runner\_work\XPCO\XPCO\EventServer\Server\Components\Central\GisMap.UnitTest\bin\Debug\net472\VideoOS.EventServer.GisMap.UnitTest.dll" adapterTypeName="executor://mstestadapter/v2" className="VideoOS.EventServer.GisMap.UnitTest.BusinessObjects.Layers.BuildingLayerTest" name="TestConstructor_ParsingWcfObject_Success" />
    </UnitTest>
    <UnitTest name="TestConstructor_ParsingWcfObjectWithoutPosition_Success" storage="d:\actions-runner\_work\xpco\xpco\eventserver\server\components\central\gismap.unittest\bin\debug\net472\videoos.eventserver.gismap.unittest.dll" id="94902b9c-8ccb-9e95-a875-a13953f7dd4e">
      <TestCategory>
        <TestCategoryItem TestCategory="BusinessObjects" />
      </TestCategory>
      <Execution id="dd4a3c45-c5bd-453a-a7c0-bb2c2e44e739" />
      <TestMethod codeBase="D:\actions-runner\_work\XPCO\XPCO\EventServer\Server\Components\Central\GisMap.UnitTest\bin\Debug\net472\VideoOS.EventServer.GisMap.UnitTest.dll" adapterTypeName="executor://mstestadapter/v2" className="VideoOS.EventServer.GisMap.UnitTest.BusinessObjects.Items.LinkItemTest" name="TestConstructor_ParsingWcfObjectWithoutPosition_Success" />
    </UnitTest>
    <UnitTest name="TestFactory_NewBrowseMap_Success" storage="d:\actions-runner\_work\xpco\xpco\eventserver\server\components\central\gismap.unittest\bin\debug\net472\videoos.eventserver.gismap.unittest.dll" id="08c2e0c0-1347-5284-6bb8-16e1c89ccb18">
      <Execution id="3110f0b6-38d8-4e0c-a214-c0a6ac72a44d" />
      <TestMethod codeBase="D:\actions-runner\_work\XPCO\XPCO\EventServer\Server\Components\Central\GisMap.UnitTest\bin\Debug\net472\VideoOS.EventServer.GisMap.UnitTest.dll" adapterTypeName="executor://mstestadapter/v2" className="VideoOS.EventServer.GisMap.UnitTest.BusinessObjects.Maps.MapFactoryTest" name="TestFactory_NewBrowseMap_Success" />
    </UnitTest>
    <UnitTest name="TestWcfObject_GetWcfObject_Success" storage="d:\actions-runner\_work\xpco\xpco\eventserver\server\components\central\gismap.unittest\bin\debug\net472\videoos.eventserver.gismap.unittest.dll" id="61e58a8d-8776-7946-2f5a-7ade5be897fa">
      <TestCategory>
        <TestCategoryItem TestCategory="BusinessObjects" />
      </TestCategory>
      <Execution id="1c23cab9-e9c4-48fa-a041-0f70af56d406" />
      <TestMethod codeBase="D:\actions-runner\_work\XPCO\XPCO\EventServer\Server\Components\Central\GisMap.UnitTest\bin\Debug\net472\VideoOS.EventServer.GisMap.UnitTest.dll" adapterTypeName="executor://mstestadapter/v2" className="VideoOS.EventServer.GisMap.UnitTest.BusinessObjects.Layers.OutputLayerTest" name="TestWcfObject_GetWcfObject_Success" />
    </UnitTest>
    <UnitTest name="TestUpdateBuildings_NullDefaultLevel_Success" storage="d:\actions-runner\_work\xpco\xpco\eventserver\server\components\central\gismap.unittest\bin\debug\net472\videoos.eventserver.gismap.unittest.dll" id="e9ea5347-0b8e-820b-619d-2931921f2a9d">
      <TestCategory>
        <TestCategoryItem TestCategory="DataComponent" />
      </TestCategory>
      <Execution id="5df83f3d-e73d-4d7e-9652-94e2d7856d94" />
      <TestMethod codeBase="D:\actions-runner\_work\XPCO\XPCO\EventServer\Server\Components\Central\GisMap.UnitTest\bin\Debug\net472\VideoOS.EventServer.GisMap.UnitTest.dll" adapterTypeName="executor://mstestadapter/v2" className="VideoOS.EventServer.GisMap.UnitTest.DB.DataComponent.BuildingComponentTest" name="TestUpdateBuildings_NullDefaultLevel_Success" />
    </UnitTest>
    <UnitTest name="TestPropertyNames_GettingPropertyNames_Success" storage="d:\actions-runner\_work\xpco\xpco\eventserver\server\components\central\gismap.unittest\bin\debug\net472\videoos.eventserver.gismap.unittest.dll" id="d2cc6638-fdf5-bcda-78fa-c3a5a7f5d3ea">
      <TestCategory>
        <TestCategoryItem TestCategory="BusinessObjects" />
      </TestCategory>
      <Execution id="93959cf4-0253-4c79-b9b8-c9f111aef24d" />
      <TestMethod codeBase="D:\actions-runner\_work\XPCO\XPCO\EventServer\Server\Components\Central\GisMap.UnitTest\bin\Debug\net472\VideoOS.EventServer.GisMap.UnitTest.dll" adapterTypeName="executor://mstestadapter/v2" className="VideoOS.EventServer.GisMap.UnitTest.BusinessObjects.Maps.MapTest" name="TestPropertyNames_GettingPropertyNames_Success" />
    </UnitTest>
    <UnitTest name="TestUpdateLevels_NullLevels_Failure" storage="d:\actions-runner\_work\xpco\xpco\eventserver\server\components\central\gismap.unittest\bin\debug\net472\videoos.eventserver.gismap.unittest.dll" id="b7ec63b1-0492-6e05-fe11-6e2f7a61b929">
      <TestCategory>
        <TestCategoryItem TestCategory="DataComponent" />
      </TestCategory>
      <Execution id="7d9231bb-131f-41b8-9785-d9a08bd74782" />
      <TestMethod codeBase="D:\actions-runner\_work\XPCO\XPCO\EventServer\Server\Components\Central\GisMap.UnitTest\bin\Debug\net472\VideoOS.EventServer.GisMap.UnitTest.dll" adapterTypeName="executor://mstestadapter/v2" className="VideoOS.EventServer.GisMap.UnitTest.DB.DataComponent.BuildingComponent_LevelTest" name="TestUpdateLevels_NullLevels_Failure" />
    </UnitTest>
    <UnitTest name="TestWcfObject_GetWcfObject_Success" storage="d:\actions-runner\_work\xpco\xpco\eventserver\server\components\central\gismap.unittest\bin\debug\net472\videoos.eventserver.gismap.unittest.dll" id="c17985eb-b37f-87fe-c770-bf32daacfbfc">
      <TestCategory>
        <TestCategoryItem TestCategory="BusinessObjects" />
      </TestCategory>
      <Execution id="5def5c6a-1286-4f95-81e6-bc722db908a3" />
      <TestMethod codeBase="D:\actions-runner\_work\XPCO\XPCO\EventServer\Server\Components\Central\GisMap.UnitTest\bin\Debug\net472\VideoOS.EventServer.GisMap.UnitTest.dll" adapterTypeName="executor://mstestadapter/v2" className="VideoOS.EventServer.GisMap.UnitTest.BusinessObjects.Layers.CameraLayerTest" name="TestWcfObject_GetWcfObject_Success" />
    </UnitTest>
    <UnitTest name="TestWcfObject_ConvertToWcfObjectWithNullLayers_Success" storage="d:\actions-runner\_work\xpco\xpco\eventserver\server\components\central\gismap.unittest\bin\debug\net472\videoos.eventserver.gismap.unittest.dll" id="70239cb1-bb29-2718-47f7-8af376b9afbe">
      <TestCategory>
        <TestCategoryItem TestCategory="BusinessObjects" />
      </TestCategory>
      <Execution id="608aba04-1a81-4aac-8031-c87900931db7" />
      <TestMethod codeBase="D:\actions-runner\_work\XPCO\XPCO\EventServer\Server\Components\Central\GisMap.UnitTest\bin\Debug\net472\VideoOS.EventServer.GisMap.UnitTest.dll" adapterTypeName="executor://mstestadapter/v2" className="VideoOS.EventServer.GisMap.UnitTest.BusinessObjects.Maps.MapTest" name="TestWcfObject_ConvertToWcfObjectWithNullLayers_Success" />
    </UnitTest>
    <UnitTest name="TestUpdateProperties_UpdateAllProperties_Success" storage="d:\actions-runner\_work\xpco\xpco\eventserver\server\components\central\gismap.unittest\bin\debug\net472\videoos.eventserver.gismap.unittest.dll" id="2c112109-e6fe-03c3-4742-225cfb638a77">
      <TestCategory>
        <TestCategoryItem TestCategory="BusinessObjects" />
      </TestCategory>
      <Execution id="11b07082-c1d7-42b7-99ed-276b886fe6c1" />
      <TestMethod codeBase="D:\actions-runner\_work\XPCO\XPCO\EventServer\Server\Components\Central\GisMap.UnitTest\bin\Debug\net472\VideoOS.EventServer.GisMap.UnitTest.dll" adapterTypeName="executor://mstestadapter/v2" className="VideoOS.EventServer.GisMap.UnitTest.BusinessObjects.Layers.BuildingLayerTest" name="TestUpdateProperties_UpdateAllProperties_Success" />
    </UnitTest>
    <UnitTest name="TestAuditLog_AuditLogChanged_AddingNewLegacyLinkFromEmptyTargetMapId_Success" storage="d:\actions-runner\_work\xpco\xpco\eventserver\server\components\central\gismap.unittest\bin\debug\net472\videoos.eventserver.gismap.unittest.dll" id="c00250a9-ac70-9935-505f-dcd62ec7e2c8">
      <TestCategory>
        <TestCategoryItem TestCategory="BusinessObjects" />
      </TestCategory>
      <Execution id="0fc15dc7-0bde-42c6-9a5a-c3353e8e1802" />
      <TestMethod codeBase="D:\actions-runner\_work\XPCO\XPCO\EventServer\Server\Components\Central\GisMap.UnitTest\bin\Debug\net472\VideoOS.EventServer.GisMap.UnitTest.dll" adapterTypeName="executor://mstestadapter/v2" className="VideoOS.EventServer.GisMap.UnitTest.BusinessObjects.Items.LegacyLinkItemTest" name="TestAuditLog_AuditLogChanged_AddingNewLegacyLinkFromEmptyTargetMapId_Success" />
    </UnitTest>
    <UnitTest name="TestUpdateLevel_NullMapItems_Success" storage="d:\actions-runner\_work\xpco\xpco\eventserver\server\components\central\gismap.unittest\bin\debug\net472\videoos.eventserver.gismap.unittest.dll" id="f6fae18a-ad2e-2677-9848-47d8b4e8722b">
      <TestCategory>
        <TestCategoryItem TestCategory="DataComponent" />
      </TestCategory>
      <Execution id="7a786727-2e5b-41f8-a572-f6e450626e39" />
      <TestMethod codeBase="D:\actions-runner\_work\XPCO\XPCO\EventServer\Server\Components\Central\GisMap.UnitTest\bin\Debug\net472\VideoOS.EventServer.GisMap.UnitTest.dll" adapterTypeName="executor://mstestadapter/v2" className="VideoOS.EventServer.GisMap.UnitTest.DB.DataComponent.BuildingComponent_LevelTest" name="TestUpdateLevel_NullMapItems_Success" />
    </UnitTest>
    <UnitTest name="TestAuditLog_AuditLogLayerAdded_Success" storage="d:\actions-runner\_work\xpco\xpco\eventserver\server\components\central\gismap.unittest\bin\debug\net472\videoos.eventserver.gismap.unittest.dll" id="30611e9b-0a62-6dab-5c2f-5b8c4e9b9b9f">
      <TestCategory>
        <TestCategoryItem TestCategory="BusinessObjects" />
      </TestCategory>
      <Execution id="9482fabf-5e9f-4129-ba3e-e799ab654c08" />
      <TestMethod codeBase="D:\actions-runner\_work\XPCO\XPCO\EventServer\Server\Components\Central\GisMap.UnitTest\bin\Debug\net472\VideoOS.EventServer.GisMap.UnitTest.dll" adapterTypeName="executor://mstestadapter/v2" className="VideoOS.EventServer.GisMap.UnitTest.BusinessObjects.Layers.ShapeFileLayerTest" name="TestAuditLog_AuditLogLayerAdded_Success" />
    </UnitTest>
    <UnitTest name="TestConstructor_Success" storage="d:\actions-runner\_work\xpco\xpco\eventserver\server\components\central\gismap.unittest\bin\debug\net472\videoos.eventserver.gismap.unittest.dll" id="cbac9dff-c46f-1fae-a420-d6e5e875cd44">
      <TestCategory>
        <TestCategoryItem TestCategory="BusinessObjects" />
      </TestCategory>
      <Execution id="489a5d85-3bdc-456c-8da8-ad87ecaa3462" />
      <TestMethod codeBase="D:\actions-runner\_work\XPCO\XPCO\EventServer\Server\Components\Central\GisMap.UnitTest\bin\Debug\net472\VideoOS.EventServer.GisMap.UnitTest.dll" adapterTypeName="executor://mstestadapter/v2" className="VideoOS.EventServer.GisMap.UnitTest.BusinessObjects.Layers.ImageLayerTest" name="TestConstructor_Success" />
    </UnitTest>
    <UnitTest name="TestWcfObject_GetWcfObjectWithoutExtent_Success" storage="d:\actions-runner\_work\xpco\xpco\eventserver\server\components\central\gismap.unittest\bin\debug\net472\videoos.eventserver.gismap.unittest.dll" id="5d5ce1ce-dfef-b62a-1958-b2855c4d0305">
      <TestCategory>
        <TestCategoryItem TestCategory="BusinessObjects" />
      </TestCategory>
      <Execution id="ba3c0853-9a7c-4518-ab27-f957808ff035" />
      <TestMethod codeBase="D:\actions-runner\_work\XPCO\XPCO\EventServer\Server\Components\Central\GisMap.UnitTest\bin\Debug\net472\VideoOS.EventServer.GisMap.UnitTest.dll" adapterTypeName="executor://mstestadapter/v2" className="VideoOS.EventServer.GisMap.UnitTest.BusinessObjects.Layers.LinkLayerTest" name="TestWcfObject_GetWcfObjectWithoutExtent_Success" />
    </UnitTest>
    <UnitTest name="TestWcfObject_GetWcfObject_Success" storage="d:\actions-runner\_work\xpco\xpco\eventserver\server\components\central\gismap.unittest\bin\debug\net472\videoos.eventserver.gismap.unittest.dll" id="ccf44089-d837-ef21-154b-8bc424400182">
      <TestCategory>
        <TestCategoryItem TestCategory="BusinessObjects" />
      </TestCategory>
      <Execution id="601eed2c-3a8d-4707-a215-31f1acd5c9df" />
      <TestMethod codeBase="D:\actions-runner\_work\XPCO\XPCO\EventServer\Server\Components\Central\GisMap.UnitTest\bin\Debug\net472\VideoOS.EventServer.GisMap.UnitTest.dll" adapterTypeName="executor://mstestadapter/v2" className="VideoOS.EventServer.GisMap.UnitTest.BusinessObjects.Layers.ShapeFileLayerTest" name="TestWcfObject_GetWcfObject_Success" />
    </UnitTest>
    <UnitTest name="OnItemsExcludedEvent_RemovesItems" storage="d:\actions-runner\_work\xpco\xpco\eventserver\server\components\central\gismap.unittest\bin\debug\net472\videoos.eventserver.gismap.unittest.dll" id="efd5dbba-a9b7-a6ae-47b6-e9f23eff0b26">
      <TestCategory>
        <TestCategoryItem TestCategory="BusinessObjects" />
      </TestCategory>
      <Execution id="0af4a07a-4408-4930-b8ca-5ed49a8d4f7e" />
      <TestMethod codeBase="D:\actions-runner\_work\XPCO\XPCO\EventServer\Server\Components\Central\GisMap.UnitTest\bin\Debug\net472\VideoOS.EventServer.GisMap.UnitTest.dll" adapterTypeName="executor://mstestadapter/v2" className="VideoOS.EventServer.GisMap.UnitTest.BusinessObjects.Indexer.Buildings.BuildingItemsIndexerTest" name="OnItemsExcludedEvent_RemovesItems" />
    </UnitTest>
    <UnitTest name="TestAuditLog_AuditLogLevelChanged_WithMapItems_Success" storage="d:\actions-runner\_work\xpco\xpco\eventserver\server\components\central\gismap.unittest\bin\debug\net472\videoos.eventserver.gismap.unittest.dll" id="54594980-824f-3671-8585-c0ee0df957ef">
      <TestCategory>
        <TestCategoryItem TestCategory="BusinessObjects" />
      </TestCategory>
      <Execution id="fd4f0ee0-f4b6-49d8-8c7a-30d1f53f38c7" />
      <TestMethod codeBase="D:\actions-runner\_work\XPCO\XPCO\EventServer\Server\Components\Central\GisMap.UnitTest\bin\Debug\net472\VideoOS.EventServer.GisMap.UnitTest.dll" adapterTypeName="executor://mstestadapter/v2" className="VideoOS.EventServer.GisMap.UnitTest.BusinessObjects.Buildings.LevelTest" name="TestAuditLog_AuditLogLevelChanged_WithMapItems_Success" />
    </UnitTest>
    <UnitTest name="TestConstructor_ParsingWcfObject_Success" storage="d:\actions-runner\_work\xpco\xpco\eventserver\server\components\central\gismap.unittest\bin\debug\net472\videoos.eventserver.gismap.unittest.dll" id="b247f828-c4c9-ff77-3c8b-b73d97d2769b">
      <TestCategory>
        <TestCategoryItem TestCategory="BusinessObjects" />
      </TestCategory>
      <Execution id="4ae8f98e-7009-4815-a822-bc868c278201" />
      <TestMethod codeBase="D:\actions-runner\_work\XPCO\XPCO\EventServer\Server\Components\Central\GisMap.UnitTest\bin\Debug\net472\VideoOS.EventServer.GisMap.UnitTest.dll" adapterTypeName="executor://mstestadapter/v2" className="VideoOS.EventServer.GisMap.UnitTest.BusinessObjects.Layers.InputLayerTest" name="TestConstructor_ParsingWcfObject_Success" />
    </UnitTest>
    <UnitTest name="TestConstructor_ParsingWcfObjectWithNullMapSettings_Success" storage="d:\actions-runner\_work\xpco\xpco\eventserver\server\components\central\gismap.unittest\bin\debug\net472\videoos.eventserver.gismap.unittest.dll" id="7b2097a1-e30d-1da0-745e-238447ccb557">
      <TestCategory>
        <TestCategoryItem TestCategory="BusinessObjects" />
      </TestCategory>
      <Execution id="e6de14d9-b658-40ff-b3f6-14da2ed00936" />
      <TestMethod codeBase="D:\actions-runner\_work\XPCO\XPCO\EventServer\Server\Components\Central\GisMap.UnitTest\bin\Debug\net472\VideoOS.EventServer.GisMap.UnitTest.dll" adapterTypeName="executor://mstestadapter/v2" className="VideoOS.EventServer.GisMap.UnitTest.BusinessObjects.Maps.MapTest" name="TestConstructor_ParsingWcfObjectWithNullMapSettings_Success" />
    </UnitTest>
    <UnitTest name="TestConstructor_ParsingWcfObject_Success" storage="d:\actions-runner\_work\xpco\xpco\eventserver\server\components\central\gismap.unittest\bin\debug\net472\videoos.eventserver.gismap.unittest.dll" id="33ad8b92-a294-28a8-50a7-fb68567a5873">
      <TestCategory>
        <TestCategoryItem TestCategory="BusinessObjects" />
      </TestCategory>
      <Execution id="d6ac7763-c455-4431-bf80-088dc42eed3c" />
      <TestMethod codeBase="D:\actions-runner\_work\XPCO\XPCO\EventServer\Server\Components\Central\GisMap.UnitTest\bin\Debug\net472\VideoOS.EventServer.GisMap.UnitTest.dll" adapterTypeName="executor://mstestadapter/v2" className="VideoOS.EventServer.GisMap.UnitTest.BusinessObjects.Repositories.ShapeFileRepositoryTest" name="TestConstructor_ParsingWcfObject_Success" />
    </UnitTest>
    <UnitTest name="TestFactory_Success" storage="d:\actions-runner\_work\xpco\xpco\eventserver\server\components\central\gismap.unittest\bin\debug\net472\videoos.eventserver.gismap.unittest.dll" id="0c3b74ae-390f-47dd-e7b2-211ff8e28a83">
      <Execution id="aa9c286f-2918-495d-ba47-89b43a2a8311" />
      <TestMethod codeBase="D:\actions-runner\_work\XPCO\XPCO\EventServer\Server\Components\Central\GisMap.UnitTest\bin\Debug\net472\VideoOS.EventServer.GisMap.UnitTest.dll" adapterTypeName="executor://mstestadapter/v2" className="VideoOS.EventServer.GisMap.UnitTest.BusinessObjects.Buildings.LevelFactoryTest" name="TestFactory_Success" />
    </UnitTest>
    <UnitTest name="TestConstructor_Success" storage="d:\actions-runner\_work\xpco\xpco\eventserver\server\components\central\gismap.unittest\bin\debug\net472\videoos.eventserver.gismap.unittest.dll" id="560e69fa-0fa9-aa07-2de2-6ff26e5cacea">
      <TestCategory>
        <TestCategoryItem TestCategory="BusinessObjects" />
      </TestCategory>
      <Execution id="5ce987a0-0eb6-4de0-aae7-307358fbd157" />
      <TestMethod codeBase="D:\actions-runner\_work\XPCO\XPCO\EventServer\Server\Components\Central\GisMap.UnitTest\bin\Debug\net472\VideoOS.EventServer.GisMap.UnitTest.dll" adapterTypeName="executor://mstestadapter/v2" className="VideoOS.EventServer.GisMap.UnitTest.BusinessObjects.Layers.BuildingLayerTest" name="TestConstructor_Success" />
    </UnitTest>
    <UnitTest name="TestWcfObject_GetWcfObjectWithoutExtent_Success" storage="d:\actions-runner\_work\xpco\xpco\eventserver\server\components\central\gismap.unittest\bin\debug\net472\videoos.eventserver.gismap.unittest.dll" id="44a11249-7c43-d64e-7844-c3ead76dcdd0">
      <TestCategory>
        <TestCategoryItem TestCategory="BusinessObjects" />
      </TestCategory>
      <Execution id="8e9c9ede-f2ed-419a-b7a9-1fd7aaaed45d" />
      <TestMethod codeBase="D:\actions-runner\_work\XPCO\XPCO\EventServer\Server\Components\Central\GisMap.UnitTest\bin\Debug\net472\VideoOS.EventServer.GisMap.UnitTest.dll" adapterTypeName="executor://mstestadapter/v2" className="VideoOS.EventServer.GisMap.UnitTest.BusinessObjects.Layers.ViewZoneLayerTest" name="TestWcfObject_GetWcfObjectWithoutExtent_Success" />
    </UnitTest>
    <UnitTest name="TestAddBuildings_DatabaseException_NonUniqueMapId_Failure" storage="d:\actions-runner\_work\xpco\xpco\eventserver\server\components\central\gismap.unittest\bin\debug\net472\videoos.eventserver.gismap.unittest.dll" id="602dc06d-2e03-b254-bc33-ff556e01d42c">
      <TestCategory>
        <TestCategoryItem TestCategory="DataComponent" />
      </TestCategory>
      <Execution id="c44c236a-b705-46e9-8bb1-10adf2e346f9" />
      <TestMethod codeBase="D:\actions-runner\_work\XPCO\XPCO\EventServer\Server\Components\Central\GisMap.UnitTest\bin\Debug\net472\VideoOS.EventServer.GisMap.UnitTest.dll" adapterTypeName="executor://mstestadapter/v2" className="VideoOS.EventServer.GisMap.UnitTest.DB.DataComponent.BuildingComponentTest" name="TestAddBuildings_DatabaseException_NonUniqueMapId_Failure" />
    </UnitTest>
    <UnitTest name="TestAddBuilding_Exception_Failure" storage="d:\actions-runner\_work\xpco\xpco\eventserver\server\components\central\gismap.unittest\bin\debug\net472\videoos.eventserver.gismap.unittest.dll" id="fa57984a-d9a0-35f8-c3c7-0eb647e15089">
      <TestCategory>
        <TestCategoryItem TestCategory="DataComponent" />
      </TestCategory>
      <Execution id="54a81291-9244-4a87-bf89-0989415caa2c" />
      <TestMethod codeBase="D:\actions-runner\_work\XPCO\XPCO\EventServer\Server\Components\Central\GisMap.UnitTest\bin\Debug\net472\VideoOS.EventServer.GisMap.UnitTest.dll" adapterTypeName="executor://mstestadapter/v2" className="VideoOS.EventServer.GisMap.UnitTest.DB.DataComponent.BuildingComponentTest" name="TestAddBuilding_Exception_Failure" />
    </UnitTest>
    <UnitTest name="TestConstructor" storage="d:\actions-runner\_work\xpco\xpco\eventserver\server\components\central\gismap.unittest\bin\debug\net472\videoos.eventserver.gismap.unittest.dll" id="19754d99-5a9a-8b2e-522b-5437c09b728b">
      <TestCategory>
        <TestCategoryItem TestCategory="DataComponent" />
      </TestCategory>
      <Execution id="ffd83436-0133-4e59-adb0-8448eddd7af5" />
      <TestMethod codeBase="D:\actions-runner\_work\XPCO\XPCO\EventServer\Server\Components\Central\GisMap.UnitTest\bin\Debug\net472\VideoOS.EventServer.GisMap.UnitTest.dll" adapterTypeName="executor://mstestadapter/v2" className="VideoOS.EventServer.GisMap.UnitTest.DB.DataComponent.MipItemComponentTest" name="TestConstructor" />
    </UnitTest>
    <UnitTest name="TestWcfObject_GetWcfObjectWithoutExtent_Success" storage="d:\actions-runner\_work\xpco\xpco\eventserver\server\components\central\gismap.unittest\bin\debug\net472\videoos.eventserver.gismap.unittest.dll" id="e917a4a1-2ad0-15a4-edb3-95b628e78bf0">
      <TestCategory>
        <TestCategoryItem TestCategory="BusinessObjects" />
      </TestCategory>
      <Execution id="6d7a25d8-f050-4c8a-ba6b-36c92b4c2b15" />
      <TestMethod codeBase="D:\actions-runner\_work\XPCO\XPCO\EventServer\Server\Components\Central\GisMap.UnitTest\bin\Debug\net472\VideoOS.EventServer.GisMap.UnitTest.dll" adapterTypeName="executor://mstestadapter/v2" className="VideoOS.EventServer.GisMap.UnitTest.BusinessObjects.Layers.OutputLayerTest" name="TestWcfObject_GetWcfObjectWithoutExtent_Success" />
    </UnitTest>
    <UnitTest name="TestConstructor_ParsingWcfObject_Success" storage="d:\actions-runner\_work\xpco\xpco\eventserver\server\components\central\gismap.unittest\bin\debug\net472\videoos.eventserver.gismap.unittest.dll" id="fbdd6967-4ef8-9ce7-9005-2f3c653c2ea2">
      <TestCategory>
        <TestCategoryItem TestCategory="BusinessObjects" />
      </TestCategory>
      <Execution id="47dad841-5efe-46e6-99aa-dfcd968fb8db" />
      <TestMethod codeBase="D:\actions-runner\_work\XPCO\XPCO\EventServer\Server\Components\Central\GisMap.UnitTest\bin\Debug\net472\VideoOS.EventServer.GisMap.UnitTest.dll" adapterTypeName="executor://mstestadapter/v2" className="VideoOS.EventServer.GisMap.UnitTest.BusinessObjects.RectangleTest" name="TestConstructor_ParsingWcfObject_Success" />
    </UnitTest>
    <UnitTest name="TestProperties_GetPropertiesFromWcfObjectWithNullUpperLeftAndNullLowerRight_Success" storage="d:\actions-runner\_work\xpco\xpco\eventserver\server\components\central\gismap.unittest\bin\debug\net472\videoos.eventserver.gismap.unittest.dll" id="d2915daa-2f5a-df8f-2065-a9e7a7ecfa8f">
      <TestCategory>
        <TestCategoryItem TestCategory="BusinessObjects" />
      </TestCategory>
      <Execution id="30ba8986-6acd-4a5d-a9d2-92af14e56673" />
      <TestMethod codeBase="D:\actions-runner\_work\XPCO\XPCO\EventServer\Server\Components\Central\GisMap.UnitTest\bin\Debug\net472\VideoOS.EventServer.GisMap.UnitTest.dll" adapterTypeName="executor://mstestadapter/v2" className="VideoOS.EventServer.GisMap.UnitTest.BusinessObjects.RectangleTest" name="TestProperties_GetPropertiesFromWcfObjectWithNullUpperLeftAndNullLowerRight_Success" />
    </UnitTest>
    <UnitTest name="TestProperties_GetProperties_Success" storage="d:\actions-runner\_work\xpco\xpco\eventserver\server\components\central\gismap.unittest\bin\debug\net472\videoos.eventserver.gismap.unittest.dll" id="80143aa7-6703-945c-b8b2-c6dc9d604a4b">
      <TestCategory>
        <TestCategoryItem TestCategory="BusinessObjects" />
      </TestCategory>
      <Execution id="3d8a726a-158c-4bba-a692-af0bfa232775" />
      <TestMethod codeBase="D:\actions-runner\_work\XPCO\XPCO\EventServer\Server\Components\Central\GisMap.UnitTest\bin\Debug\net472\VideoOS.EventServer.GisMap.UnitTest.dll" adapterTypeName="executor://mstestadapter/v2" className="VideoOS.EventServer.GisMap.UnitTest.BusinessObjects.Layers.ViewZoneLayerTest" name="TestProperties_GetProperties_Success" />
    </UnitTest>
    <UnitTest name="TestAddLevel_NullLevel_Failure" storage="d:\actions-runner\_work\xpco\xpco\eventserver\server\components\central\gismap.unittest\bin\debug\net472\videoos.eventserver.gismap.unittest.dll" id="2cb56ad0-636d-3aa7-1245-d703cd1dcc16">
      <TestCategory>
        <TestCategoryItem TestCategory="DataComponent" />
      </TestCategory>
      <Execution id="10bd9c63-e8de-4847-89b8-1b4d9c4e7af0" />
      <TestMethod codeBase="D:\actions-runner\_work\XPCO\XPCO\EventServer\Server\Components\Central\GisMap.UnitTest\bin\Debug\net472\VideoOS.EventServer.GisMap.UnitTest.dll" adapterTypeName="executor://mstestadapter/v2" className="VideoOS.EventServer.GisMap.UnitTest.DB.DataComponent.BuildingComponent_LevelTest" name="TestAddLevel_NullLevel_Failure" />
    </UnitTest>
    <UnitTest name="TestConstructor_ParsingWcfObject_Success" storage="d:\actions-runner\_work\xpco\xpco\eventserver\server\components\central\gismap.unittest\bin\debug\net472\videoos.eventserver.gismap.unittest.dll" id="fed09793-9c3a-9343-02da-e21f2e2fd308">
      <TestCategory>
        <TestCategoryItem TestCategory="BusinessObjects" />
      </TestCategory>
      <Execution id="d731b3e4-973a-405e-b74c-bebcc783eb41" />
      <TestMethod codeBase="D:\actions-runner\_work\XPCO\XPCO\EventServer\Server\Components\Central\GisMap.UnitTest\bin\Debug\net472\VideoOS.EventServer.GisMap.UnitTest.dll" adapterTypeName="executor://mstestadapter/v2" className="VideoOS.EventServer.GisMap.UnitTest.BusinessObjects.Layers.LegacyLinkLayerTest" name="TestConstructor_ParsingWcfObject_Success" />
    </UnitTest>
    <UnitTest name="TestConstructor_ParsingWcfObjectInvalidOutline_StartEndNotSame_Failure" storage="d:\actions-runner\_work\xpco\xpco\eventserver\server\components\central\gismap.unittest\bin\debug\net472\videoos.eventserver.gismap.unittest.dll" id="ee55fce2-f1e0-e02e-131a-8b7e8d63f669">
      <TestCategory>
        <TestCategoryItem TestCategory="BusinessObjects" />
      </TestCategory>
      <Execution id="be07babb-ab30-4bba-8497-5dfb24d00414" />
      <TestMethod codeBase="D:\actions-runner\_work\XPCO\XPCO\EventServer\Server\Components\Central\GisMap.UnitTest\bin\Debug\net472\VideoOS.EventServer.GisMap.UnitTest.dll" adapterTypeName="executor://mstestadapter/v2" className="VideoOS.EventServer.GisMap.UnitTest.BusinessObjects.Buildings.BuildingTest" name="TestConstructor_ParsingWcfObjectInvalidOutline_StartEndNotSame_Failure" />
    </UnitTest>
    <UnitTest name="GetClusters_CheckClusterIdNotPersistentInDifferentIndexers" storage="d:\actions-runner\_work\xpco\xpco\eventserver\server\components\central\gismap.unittest\bin\debug\net472\videoos.eventserver.gismap.unittest.dll" id="ce255936-1b10-d498-bcfd-2601c485ce39">
      <TestCategory>
        <TestCategoryItem TestCategory="BusinessObjects" />
      </TestCategory>
      <Execution id="c223755d-0f6f-4e68-88a9-91fa6a47ea04" />
      <TestMethod codeBase="D:\actions-runner\_work\XPCO\XPCO\EventServer\Server\Components\Central\GisMap.UnitTest\bin\Debug\net472\VideoOS.EventServer.GisMap.UnitTest.dll" adapterTypeName="executor://mstestadapter/v2" className="VideoOS.EventServer.GisMap.UnitTest.BusinessObjects.Indexer.MapItemIndexerTest" name="GetClusters_CheckClusterIdNotPersistentInDifferentIndexers" />
    </UnitTest>
    <UnitTest name="BrowseLayer_UpdateProperties_Success" storage="d:\actions-runner\_work\xpco\xpco\eventserver\server\components\central\gismap.unittest\bin\debug\net472\videoos.eventserver.gismap.unittest.dll" id="b721be24-13b4-333b-637c-1858551e46e9">
      <Execution id="b877fed4-4c3c-4f58-8381-56043890d15d" />
      <TestMethod codeBase="D:\actions-runner\_work\XPCO\XPCO\EventServer\Server\Components\Central\GisMap.UnitTest\bin\Debug\net472\VideoOS.EventServer.GisMap.UnitTest.dll" adapterTypeName="executor://mstestadapter/v2" className="VideoOS.EventServer.GisMap.UnitTest.BusinessObjects.Layers.BrowseLayerTest" name="BrowseLayer_UpdateProperties_Success" />
    </UnitTest>
    <UnitTest name="TestWcfObject_GetWcfObjectWithNullViewport_Success" storage="d:\actions-runner\_work\xpco\xpco\eventserver\server\components\central\gismap.unittest\bin\debug\net472\videoos.eventserver.gismap.unittest.dll" id="4e8c6090-82a1-d6a7-276a-839ec57dd1d4">
      <TestCategory>
        <TestCategoryItem TestCategory="BusinessObjects" />
      </TestCategory>
      <Execution id="c993bd52-8f3f-433e-846e-da1a463c8be0" />
      <TestMethod codeBase="D:\actions-runner\_work\XPCO\XPCO\EventServer\Server\Components\Central\GisMap.UnitTest\bin\Debug\net472\VideoOS.EventServer.GisMap.UnitTest.dll" adapterTypeName="executor://mstestadapter/v2" className="VideoOS.EventServer.GisMap.UnitTest.BusinessObjects.MapViewPointTest" name="TestWcfObject_GetWcfObjectWithNullViewport_Success" />
    </UnitTest>
    <UnitTest name="GetClusters_5Items_Offset2" storage="d:\actions-runner\_work\xpco\xpco\eventserver\server\components\central\gismap.unittest\bin\debug\net472\videoos.eventserver.gismap.unittest.dll" id="0af8387f-0f3d-a472-ff6c-783b0b9abf4c">
      <TestCategory>
        <TestCategoryItem TestCategory="BusinessObjects" />
      </TestCategory>
      <Execution id="96c56311-69da-4277-9e98-53935e2e2343" />
      <TestMethod codeBase="D:\actions-runner\_work\XPCO\XPCO\EventServer\Server\Components\Central\GisMap.UnitTest\bin\Debug\net472\VideoOS.EventServer.GisMap.UnitTest.dll" adapterTypeName="executor://mstestadapter/v2" className="VideoOS.EventServer.GisMap.UnitTest.BusinessObjects.Indexer.MapItemIndexerTest" name="GetClusters_5Items_Offset2" />
    </UnitTest>
    <UnitTest name="TestDeleteBuilding_Success" storage="d:\actions-runner\_work\xpco\xpco\eventserver\server\components\central\gismap.unittest\bin\debug\net472\videoos.eventserver.gismap.unittest.dll" id="4c4a38c8-f94a-5b87-dc20-e9e971892500">
      <TestCategory>
        <TestCategoryItem TestCategory="DataComponent" />
      </TestCategory>
      <Execution id="f971e13e-3849-48e4-b45b-2a1866e982f8" />
      <TestMethod codeBase="D:\actions-runner\_work\XPCO\XPCO\EventServer\Server\Components\Central\GisMap.UnitTest\bin\Debug\net472\VideoOS.EventServer.GisMap.UnitTest.dll" adapterTypeName="executor://mstestadapter/v2" className="VideoOS.EventServer.GisMap.UnitTest.DB.DataComponent.BuildingComponentTest" name="TestDeleteBuilding_Success" />
    </UnitTest>
    <UnitTest name="TestAuditLog_AuditLogWithNullAuditLogger_Failure" storage="d:\actions-runner\_work\xpco\xpco\eventserver\server\components\central\gismap.unittest\bin\debug\net472\videoos.eventserver.gismap.unittest.dll" id="21b559ad-df62-fa28-7456-d3ae515b37f4">
      <TestCategory>
        <TestCategoryItem TestCategory="BusinessObjects" />
      </TestCategory>
      <Execution id="055ac50c-bdfe-40b1-82b0-411a71b57922" />
      <TestMethod codeBase="D:\actions-runner\_work\XPCO\XPCO\EventServer\Server\Components\Central\GisMap.UnitTest\bin\Debug\net472\VideoOS.EventServer.GisMap.UnitTest.dll" adapterTypeName="executor://mstestadapter/v2" className="VideoOS.EventServer.GisMap.UnitTest.BusinessObjects.Layers.ImageLayerTest" name="TestAuditLog_AuditLogWithNullAuditLogger_Failure" />
    </UnitTest>
    <UnitTest name="TestConstructor_ParsingWcfObject_Success" storage="d:\actions-runner\_work\xpco\xpco\eventserver\server\components\central\gismap.unittest\bin\debug\net472\videoos.eventserver.gismap.unittest.dll" id="020e038a-8ceb-41f3-89c9-ee68c3eb6e0a">
      <TestCategory>
        <TestCategoryItem TestCategory="BusinessObjects" />
      </TestCategory>
      <Execution id="8ccabc26-f5ed-4f4c-89ea-d390b3902c0c" />
      <TestMethod codeBase="D:\actions-runner\_work\XPCO\XPCO\EventServer\Server\Components\Central\GisMap.UnitTest\bin\Debug\net472\VideoOS.EventServer.GisMap.UnitTest.dll" adapterTypeName="executor://mstestadapter/v2" className="VideoOS.EventServer.GisMap.UnitTest.BusinessObjects.Buildings.BuildingMapItemTest" name="TestConstructor_ParsingWcfObject_Success" />
    </UnitTest>
    <UnitTest name="AllItems_ExistAfterAddItems" storage="d:\actions-runner\_work\xpco\xpco\eventserver\server\components\central\gismap.unittest\bin\debug\net472\videoos.eventserver.gismap.unittest.dll" id="e61aa0d5-60b4-ff7e-f36b-5cb01be967c9">
      <TestCategory>
        <TestCategoryItem TestCategory="BusinessObjects" />
      </TestCategory>
      <Execution id="2a642bfe-9980-4358-85d5-e9f48d6d011a" />
      <TestMethod codeBase="D:\actions-runner\_work\XPCO\XPCO\EventServer\Server\Components\Central\GisMap.UnitTest\bin\Debug\net472\VideoOS.EventServer.GisMap.UnitTest.dll" adapterTypeName="executor://mstestadapter/v2" className="VideoOS.EventServer.GisMap.UnitTest.BusinessObjects.Indexer.MapItemIndexerTest" name="AllItems_ExistAfterAddItems" />
    </UnitTest>
    <UnitTest name="TestAuditLog_AuditLogLegacyLinkWithNullMapRemoved_Success" storage="d:\actions-runner\_work\xpco\xpco\eventserver\server\components\central\gismap.unittest\bin\debug\net472\videoos.eventserver.gismap.unittest.dll" id="74b7eab0-017c-ab67-0513-7a91e4a07ac5">
      <TestCategory>
        <TestCategoryItem TestCategory="BusinessObjects" />
      </TestCategory>
      <Execution id="a11e299f-12ff-4f71-9803-77ad368adabd" />
      <TestMethod codeBase="D:\actions-runner\_work\XPCO\XPCO\EventServer\Server\Components\Central\GisMap.UnitTest\bin\Debug\net472\VideoOS.EventServer.GisMap.UnitTest.dll" adapterTypeName="executor://mstestadapter/v2" className="VideoOS.EventServer.GisMap.UnitTest.BusinessObjects.Items.LegacyLinkItemTest" name="TestAuditLog_AuditLogLegacyLinkWithNullMapRemoved_Success" />
    </UnitTest>
    <UnitTest name="TestAddBuilding_DatabaseException_UniqueKeyViolation_Failure" storage="d:\actions-runner\_work\xpco\xpco\eventserver\server\components\central\gismap.unittest\bin\debug\net472\videoos.eventserver.gismap.unittest.dll" id="bdbe67fc-c4b5-ffd2-9d15-29eaea468cd3">
      <TestCategory>
        <TestCategoryItem TestCategory="DataComponent" />
      </TestCategory>
      <Execution id="79749efc-cf14-4bf9-82f6-495060c3cbe1" />
      <TestMethod codeBase="D:\actions-runner\_work\XPCO\XPCO\EventServer\Server\Components\Central\GisMap.UnitTest\bin\Debug\net472\VideoOS.EventServer.GisMap.UnitTest.dll" adapterTypeName="executor://mstestadapter/v2" className="VideoOS.EventServer.GisMap.UnitTest.DB.DataComponent.BuildingComponentTest" name="TestAddBuilding_DatabaseException_UniqueKeyViolation_Failure" />
    </UnitTest>
    <UnitTest name="TestProperties_GetProperties_Success" storage="d:\actions-runner\_work\xpco\xpco\eventserver\server\components\central\gismap.unittest\bin\debug\net472\videoos.eventserver.gismap.unittest.dll" id="d315d4a8-7093-dfe1-f195-162981862df8">
      <TestCategory>
        <TestCategoryItem TestCategory="BusinessObjects" />
      </TestCategory>
      <Execution id="01f076f8-05b2-44da-838b-ffc83c729ba1" />
      <TestMethod codeBase="D:\actions-runner\_work\XPCO\XPCO\EventServer\Server\Components\Central\GisMap.UnitTest\bin\Debug\net472\VideoOS.EventServer.GisMap.UnitTest.dll" adapterTypeName="executor://mstestadapter/v2" className="VideoOS.EventServer.GisMap.UnitTest.BusinessObjects.Repositories.ImageRepositoryTest" name="TestProperties_GetProperties_Success" />
    </UnitTest>
    <UnitTest name="AllItems_NotExistAfterRemoveItems" storage="d:\actions-runner\_work\xpco\xpco\eventserver\server\components\central\gismap.unittest\bin\debug\net472\videoos.eventserver.gismap.unittest.dll" id="7f74b32f-3c4a-e7ef-d888-6778dc71ab50">
      <TestCategory>
        <TestCategoryItem TestCategory="BusinessObjects" />
      </TestCategory>
      <Execution id="efa6058f-b174-4ba2-a71b-2fe1d1b931a3" />
      <TestMethod codeBase="D:\actions-runner\_work\XPCO\XPCO\EventServer\Server\Components\Central\GisMap.UnitTest\bin\Debug\net472\VideoOS.EventServer.GisMap.UnitTest.dll" adapterTypeName="executor://mstestadapter/v2" className="VideoOS.EventServer.GisMap.UnitTest.BusinessObjects.Indexer.MapItemIndexerTest" name="AllItems_NotExistAfterRemoveItems" />
    </UnitTest>
    <UnitTest name="TestConstructor_ParsingWcfObject_Success" storage="d:\actions-runner\_work\xpco\xpco\eventserver\server\components\central\gismap.unittest\bin\debug\net472\videoos.eventserver.gismap.unittest.dll" id="112610a4-4560-9baa-c234-22f91ee6fbaf">
      <TestCategory>
        <TestCategoryItem TestCategory="BusinessObjects" />
      </TestCategory>
      <Execution id="33f4e834-8a6b-4508-b13b-c60ed5966baa" />
      <TestMethod codeBase="D:\actions-runner\_work\XPCO\XPCO\EventServer\Server\Components\Central\GisMap.UnitTest\bin\Debug\net472\VideoOS.EventServer.GisMap.UnitTest.dll" adapterTypeName="executor://mstestadapter/v2" className="VideoOS.EventServer.GisMap.UnitTest.BusinessObjects.Items.LocationItemTest" name="TestConstructor_ParsingWcfObject_Success" />
    </UnitTest>
    <UnitTest name="TestAuditLog_AuditLogLayerRemoved_Success" storage="d:\actions-runner\_work\xpco\xpco\eventserver\server\components\central\gismap.unittest\bin\debug\net472\videoos.eventserver.gismap.unittest.dll" id="d8387385-ee97-e212-c9fc-5801ffa0d666">
      <TestCategory>
        <TestCategoryItem TestCategory="BusinessObjects" />
      </TestCategory>
      <Execution id="8ffe62e3-6258-4e19-84ee-758f3c8ef2ca" />
      <TestMethod codeBase="D:\actions-runner\_work\XPCO\XPCO\EventServer\Server\Components\Central\GisMap.UnitTest\bin\Debug\net472\VideoOS.EventServer.GisMap.UnitTest.dll" adapterTypeName="executor://mstestadapter/v2" className="VideoOS.EventServer.GisMap.UnitTest.BusinessObjects.Layers.ShapeFileLayerTest" name="TestAuditLog_AuditLogLayerRemoved_Success" />
    </UnitTest>
    <UnitTest name="TestConstructor_ParsingWcfObjectWithNull_Success" storage="d:\actions-runner\_work\xpco\xpco\eventserver\server\components\central\gismap.unittest\bin\debug\net472\videoos.eventserver.gismap.unittest.dll" id="c2cd3012-87b0-efa0-222a-495ea1630f00">
      <TestCategory>
        <TestCategoryItem TestCategory="BusinessObjects" />
      </TestCategory>
      <Execution id="38dfce6a-b3e4-44ca-ab40-b924eb0ce63d" />
      <TestMethod codeBase="D:\actions-runner\_work\XPCO\XPCO\EventServer\Server\Components\Central\GisMap.UnitTest\bin\Debug\net472\VideoOS.EventServer.GisMap.UnitTest.dll" adapterTypeName="executor://mstestadapter/v2" className="VideoOS.EventServer.GisMap.UnitTest.BusinessObjects.Repositories.CADRepositoryTest" name="TestConstructor_ParsingWcfObjectWithNull_Success" />
    </UnitTest>
    <UnitTest name="TestConstructor_ParsingWcfObject_Success" storage="d:\actions-runner\_work\xpco\xpco\eventserver\server\components\central\gismap.unittest\bin\debug\net472\videoos.eventserver.gismap.unittest.dll" id="4dad2563-00d9-d9fe-66d8-9e23a8e0b44f">
      <TestCategory>
        <TestCategoryItem TestCategory="BusinessObjects" />
      </TestCategory>
      <Execution id="cba93a49-329c-4749-86f9-d027f8f6720a" />
      <TestMethod codeBase="D:\actions-runner\_work\XPCO\XPCO\EventServer\Server\Components\Central\GisMap.UnitTest\bin\Debug\net472\VideoOS.EventServer.GisMap.UnitTest.dll" adapterTypeName="executor://mstestadapter/v2" className="VideoOS.EventServer.GisMap.UnitTest.BusinessObjects.Layers.MipLayerTest" name="TestConstructor_ParsingWcfObject_Success" />
    </UnitTest>
    <UnitTest name="TestProperties_GetProperties_Success" storage="d:\actions-runner\_work\xpco\xpco\eventserver\server\components\central\gismap.unittest\bin\debug\net472\videoos.eventserver.gismap.unittest.dll" id="064a40b7-4414-721c-b888-a78177031ee8">
      <TestCategory>
        <TestCategoryItem TestCategory="BusinessObjects" />
      </TestCategory>
      <Execution id="6d898f7e-eb7e-46ee-bdfc-ccc05a31a5f2" />
      <TestMethod codeBase="D:\actions-runner\_work\XPCO\XPCO\EventServer\Server\Components\Central\GisMap.UnitTest\bin\Debug\net472\VideoOS.EventServer.GisMap.UnitTest.dll" adapterTypeName="executor://mstestadapter/v2" className="VideoOS.EventServer.GisMap.UnitTest.BusinessObjects.Layers.InputLayerTest" name="TestProperties_GetProperties_Success" />
    </UnitTest>
    <UnitTest name="TestUpdateLevel_NoUpdates_Failure" storage="d:\actions-runner\_work\xpco\xpco\eventserver\server\components\central\gismap.unittest\bin\debug\net472\videoos.eventserver.gismap.unittest.dll" id="e1b84cfd-ea18-1fb0-2210-40fdc3a88771">
      <TestCategory>
        <TestCategoryItem TestCategory="DataComponent" />
      </TestCategory>
      <Execution id="4caa8f36-1310-424c-aa79-b508af139908" />
      <TestMethod codeBase="D:\actions-runner\_work\XPCO\XPCO\EventServer\Server\Components\Central\GisMap.UnitTest\bin\Debug\net472\VideoOS.EventServer.GisMap.UnitTest.dll" adapterTypeName="executor://mstestadapter/v2" className="VideoOS.EventServer.GisMap.UnitTest.DB.DataComponent.BuildingComponent_LevelTest" name="TestUpdateLevel_NoUpdates_Failure" />
    </UnitTest>
    <UnitTest name="TestWcfObject_GetWcfObjectWithoutExtent_Success" storage="d:\actions-runner\_work\xpco\xpco\eventserver\server\components\central\gismap.unittest\bin\debug\net472\videoos.eventserver.gismap.unittest.dll" id="8e608111-2482-a69f-8834-32bc755d3893">
      <TestCategory>
        <TestCategoryItem TestCategory="BusinessObjects" />
      </TestCategory>
      <Execution id="4f135a3e-1810-4160-afb9-f6f06c652f29" />
      <TestMethod codeBase="D:\actions-runner\_work\XPCO\XPCO\EventServer\Server\Components\Central\GisMap.UnitTest\bin\Debug\net472\VideoOS.EventServer.GisMap.UnitTest.dll" adapterTypeName="executor://mstestadapter/v2" className="VideoOS.EventServer.GisMap.UnitTest.BusinessObjects.Layers.BingMapLayerTest" name="TestWcfObject_GetWcfObjectWithoutExtent_Success" />
    </UnitTest>
    <UnitTest name="TestProperties_GetPropertiesFromWcfObjectWithNullViewport_Success" storage="d:\actions-runner\_work\xpco\xpco\eventserver\server\components\central\gismap.unittest\bin\debug\net472\videoos.eventserver.gismap.unittest.dll" id="775bb72a-5183-39b4-039e-e0e23a1976ab">
      <TestCategory>
        <TestCategoryItem TestCategory="BusinessObjects" />
      </TestCategory>
      <Execution id="3bb7f848-ecf8-4a08-b2f0-18e597f89d44" />
      <TestMethod codeBase="D:\actions-runner\_work\XPCO\XPCO\EventServer\Server\Components\Central\GisMap.UnitTest\bin\Debug\net472\VideoOS.EventServer.GisMap.UnitTest.dll" adapterTypeName="executor://mstestadapter/v2" className="VideoOS.EventServer.GisMap.UnitTest.BusinessObjects.MapViewPointTest" name="TestProperties_GetPropertiesFromWcfObjectWithNullViewport_Success" />
    </UnitTest>
    <UnitTest name="Test_QueryLayersByLevelId_OneRow_succes" storage="d:\actions-runner\_work\xpco\xpco\eventserver\server\components\central\gismap.unittest\bin\debug\net472\videoos.eventserver.gismap.unittest.dll" id="6cf73013-a34f-7368-24a1-ab32cf20292a">
      <TestCategory>
        <TestCategoryItem TestCategory="DataComponent" />
      </TestCategory>
      <Execution id="6b9fec86-d3b6-4d5e-b955-8adf85f7aeb8" />
      <TestMethod codeBase="D:\actions-runner\_work\XPCO\XPCO\EventServer\Server\Components\Central\GisMap.UnitTest\bin\Debug\net472\VideoOS.EventServer.GisMap.UnitTest.dll" adapterTypeName="executor://mstestadapter/v2" className="VideoOS.EventServer.GisMap.UnitTest.DB.DataComponent.BuildingComponent_LevelTest" name="Test_QueryLayersByLevelId_OneRow_succes" />
    </UnitTest>
    <UnitTest name="TestConstructor_WhiteSpaceName_Failure" storage="d:\actions-runner\_work\xpco\xpco\eventserver\server\components\central\gismap.unittest\bin\debug\net472\videoos.eventserver.gismap.unittest.dll" id="a1383c1d-24c2-f298-c941-3b0bc5d65e32">
      <Execution id="f79c2b37-31a1-4475-830a-7cde6a8cd5b7" />
      <TestMethod codeBase="D:\actions-runner\_work\XPCO\XPCO\EventServer\Server\Components\Central\GisMap.UnitTest\bin\Debug\net472\VideoOS.EventServer.GisMap.UnitTest.dll" adapterTypeName="executor://mstestadapter/v2" className="VideoOS.EventServer.GisMap.UnitTest.Services.Capabilities.ServerCapabilityTest" name="TestConstructor_WhiteSpaceName_Failure" />
    </UnitTest>
    <UnitTest name="TestAuditLog_AuditLogWithNullAuditLogger_Failure" storage="d:\actions-runner\_work\xpco\xpco\eventserver\server\components\central\gismap.unittest\bin\debug\net472\videoos.eventserver.gismap.unittest.dll" id="1fe02c7d-840c-85b9-a599-0d65d4be7904">
      <TestCategory>
        <TestCategoryItem TestCategory="BusinessObjects" />
      </TestCategory>
      <Execution id="816501e5-6243-44b9-8134-88db46932fcc" />
      <TestMethod codeBase="D:\actions-runner\_work\XPCO\XPCO\EventServer\Server\Components\Central\GisMap.UnitTest\bin\Debug\net472\VideoOS.EventServer.GisMap.UnitTest.dll" adapterTypeName="executor://mstestadapter/v2" className="VideoOS.EventServer.GisMap.UnitTest.BusinessObjects.Items.LegacyLinkItemTest" name="TestAuditLog_AuditLogWithNullAuditLogger_Failure" />
    </UnitTest>
    <UnitTest name="TestProperties_GetProperties_Success" storage="d:\actions-runner\_work\xpco\xpco\eventserver\server\components\central\gismap.unittest\bin\debug\net472\videoos.eventserver.gismap.unittest.dll" id="789f9308-9c8b-06ae-e9b5-9a4766a7de8d">
      <TestCategory>
        <TestCategoryItem TestCategory="BusinessObjects" />
      </TestCategory>
      <Execution id="2c151d21-e292-470d-a1a4-3171a27f299f" />
      <TestMethod codeBase="D:\actions-runner\_work\XPCO\XPCO\EventServer\Server\Components\Central\GisMap.UnitTest\bin\Debug\net472\VideoOS.EventServer.GisMap.UnitTest.dll" adapterTypeName="executor://mstestadapter/v2" className="VideoOS.EventServer.GisMap.UnitTest.BusinessObjects.MapSettingsTest" name="TestProperties_GetProperties_Success" />
    </UnitTest>
    <UnitTest name="ConstructorFromItem_WhenEnabledFalse_IsMapEnabledFalse" storage="d:\actions-runner\_work\xpco\xpco\eventserver\server\components\central\gismap.unittest\bin\debug\net472\videoos.eventserver.gismap.unittest.dll" id="1cab35a8-b0c5-387d-68e8-13b5d64c34a9">
      <TestCategory>
        <TestCategoryItem TestCategory="BusinessObjects" />
      </TestCategory>
      <Execution id="f0c692da-010f-452d-a959-85e0a718c0c9" />
      <TestMethod codeBase="D:\actions-runner\_work\XPCO\XPCO\EventServer\Server\Components\Central\GisMap.UnitTest\bin\Debug\net472\VideoOS.EventServer.GisMap.UnitTest.dll" adapterTypeName="executor://mstestadapter/v2" className="VideoOS.EventServer.GisMap.UnitTest.BusinessObjects.Indexer.MapItemTest" name="ConstructorFromItem_WhenEnabledFalse_IsMapEnabledFalse" />
    </UnitTest>
    <UnitTest name="TestUpdateProperties_UpdateAllProperties_Success" storage="d:\actions-runner\_work\xpco\xpco\eventserver\server\components\central\gismap.unittest\bin\debug\net472\videoos.eventserver.gismap.unittest.dll" id="c5b4a8dc-2dec-bd0d-39d6-4cd447ff172b">
      <TestCategory>
        <TestCategoryItem TestCategory="BusinessObjects" />
      </TestCategory>
      <Execution id="1810cf35-4587-4a38-b709-62e4e55879d8" />
      <TestMethod codeBase="D:\actions-runner\_work\XPCO\XPCO\EventServer\Server\Components\Central\GisMap.UnitTest\bin\Debug\net472\VideoOS.EventServer.GisMap.UnitTest.dll" adapterTypeName="executor://mstestadapter/v2" className="VideoOS.EventServer.GisMap.UnitTest.BusinessObjects.Layers.GoogleMapLayerTest" name="TestUpdateProperties_UpdateAllProperties_Success" />
    </UnitTest>
    <UnitTest name="TestPropertyNames_GettingPropertyNames_Success" storage="d:\actions-runner\_work\xpco\xpco\eventserver\server\components\central\gismap.unittest\bin\debug\net472\videoos.eventserver.gismap.unittest.dll" id="961e74af-cf3b-f482-5921-8b5ffbc3313d">
      <TestCategory>
        <TestCategoryItem TestCategory="BusinessObjects" />
      </TestCategory>
      <Execution id="da972507-2a81-47ec-8273-d1d14a973507" />
      <TestMethod codeBase="D:\actions-runner\_work\XPCO\XPCO\EventServer\Server\Components\Central\GisMap.UnitTest\bin\Debug\net472\VideoOS.EventServer.GisMap.UnitTest.dll" adapterTypeName="executor://mstestadapter/v2" className="VideoOS.EventServer.GisMap.UnitTest.BusinessObjects.Layers.ShapeFileLayerTest" name="TestPropertyNames_GettingPropertyNames_Success" />
    </UnitTest>
    <UnitTest name="TestPropertyNames_GettingPropertyNames_Success" storage="d:\actions-runner\_work\xpco\xpco\eventserver\server\components\central\gismap.unittest\bin\debug\net472\videoos.eventserver.gismap.unittest.dll" id="e2d2317a-47a7-3cda-ea7e-01c7d425d8a7">
      <TestCategory>
        <TestCategoryItem TestCategory="BusinessObjects" />
      </TestCategory>
      <Execution id="b74f6f47-5f2a-41c2-ac3e-a74f3ff71d98" />
      <TestMethod codeBase="D:\actions-runner\_work\XPCO\XPCO\EventServer\Server\Components\Central\GisMap.UnitTest\bin\Debug\net472\VideoOS.EventServer.GisMap.UnitTest.dll" adapterTypeName="executor://mstestadapter/v2" className="VideoOS.EventServer.GisMap.UnitTest.BusinessObjects.Repositories.ShapeFileRepositoryTest" name="TestPropertyNames_GettingPropertyNames_Success" />
    </UnitTest>
    <UnitTest name="TestAttribute_OnlyOnGuidProperties_Success" storage="d:\actions-runner\_work\xpco\xpco\eventserver\server\components\central\gismap.unittest\bin\debug\net472\videoos.eventserver.gismap.unittest.dll" id="57665be6-41a6-a79e-fa5a-6cb5e4d12320">
      <TestCategory>
        <TestCategoryItem TestCategory="BusinessObjects" />
      </TestCategory>
      <Execution id="9e40b3ba-8b18-47b3-9131-4d33e6cda797" />
      <TestMethod codeBase="D:\actions-runner\_work\XPCO\XPCO\EventServer\Server\Components\Central\GisMap.UnitTest\bin\Debug\net472\VideoOS.EventServer.GisMap.UnitTest.dll" adapterTypeName="executor://mstestadapter/v2" className="VideoOS.EventServer.GisMap.UnitTest.BusinessObjects.RepositoryPropertyAttributeTest" name="TestAttribute_OnlyOnGuidProperties_Success" />
    </UnitTest>
    <UnitTest name="TestWcfObject_GetWcfObject_Success" storage="d:\actions-runner\_work\xpco\xpco\eventserver\server\components\central\gismap.unittest\bin\debug\net472\videoos.eventserver.gismap.unittest.dll" id="20425a98-ac9b-d8ef-0106-f6abe6744cde">
      <TestCategory>
        <TestCategoryItem TestCategory="BusinessObjects" />
      </TestCategory>
      <Execution id="eb025490-d2ea-4fd3-8948-716c59bd7696" />
      <TestMethod codeBase="D:\actions-runner\_work\XPCO\XPCO\EventServer\Server\Components\Central\GisMap.UnitTest\bin\Debug\net472\VideoOS.EventServer.GisMap.UnitTest.dll" adapterTypeName="executor://mstestadapter/v2" className="VideoOS.EventServer.GisMap.UnitTest.BusinessObjects.Layers.GoogleMapLayerTest" name="TestWcfObject_GetWcfObject_Success" />
    </UnitTest>
    <UnitTest name="TestConstructor_ParsingWcfObjectWithoutExtent_Success" storage="d:\actions-runner\_work\xpco\xpco\eventserver\server\components\central\gismap.unittest\bin\debug\net472\videoos.eventserver.gismap.unittest.dll" id="e1147cf7-e114-c0f6-ec05-af3a859e7d84">
      <TestCategory>
        <TestCategoryItem TestCategory="BusinessObjects" />
      </TestCategory>
      <Execution id="0ff00964-3441-4901-bbbd-fbb380552a1c" />
      <TestMethod codeBase="D:\actions-runner\_work\XPCO\XPCO\EventServer\Server\Components\Central\GisMap.UnitTest\bin\Debug\net472\VideoOS.EventServer.GisMap.UnitTest.dll" adapterTypeName="executor://mstestadapter/v2" className="VideoOS.EventServer.GisMap.UnitTest.BusinessObjects.Layers.InputLayerTest" name="TestConstructor_ParsingWcfObjectWithoutExtent_Success" />
    </UnitTest>
    <UnitTest name="TestUpdateLayer_Success" storage="d:\actions-runner\_work\xpco\xpco\eventserver\server\components\central\gismap.unittest\bin\debug\net472\videoos.eventserver.gismap.unittest.dll" id="769ad065-b453-04e8-0c52-e6d5a58cc896">
      <TestCategory>
        <TestCategoryItem TestCategory="DataComponent" />
      </TestCategory>
      <Execution id="65560648-4f9b-421d-9372-7ab9f7302cf4" />
      <TestMethod codeBase="D:\actions-runner\_work\XPCO\XPCO\EventServer\Server\Components\Central\GisMap.UnitTest\bin\Debug\net472\VideoOS.EventServer.GisMap.UnitTest.dll" adapterTypeName="executor://mstestadapter/v2" className="VideoOS.EventServer.GisMap.UnitTest.DB.DataComponent.LayerComponentTest" name="TestUpdateLayer_Success" />
    </UnitTest>
    <UnitTest name="TestAuditLog_AuditLogItemRemovedWithUnknownLocation_Success" storage="d:\actions-runner\_work\xpco\xpco\eventserver\server\components\central\gismap.unittest\bin\debug\net472\videoos.eventserver.gismap.unittest.dll" id="acdeebda-dc97-a730-f72b-8adad6d72a12">
      <TestCategory>
        <TestCategoryItem TestCategory="BusinessObjects" />
      </TestCategory>
      <Execution id="aae97b43-9ced-4c7e-8981-71b4348e7b5b" />
      <TestMethod codeBase="D:\actions-runner\_work\XPCO\XPCO\EventServer\Server\Components\Central\GisMap.UnitTest\bin\Debug\net472\VideoOS.EventServer.GisMap.UnitTest.dll" adapterTypeName="executor://mstestadapter/v2" className="VideoOS.EventServer.GisMap.UnitTest.BusinessObjects.Items.LinkItemTest" name="TestAuditLog_AuditLogItemRemovedWithUnknownLocation_Success" />
    </UnitTest>
    <UnitTest name="BrowseLayer_Generic_CreateFromData_Fail" storage="d:\actions-runner\_work\xpco\xpco\eventserver\server\components\central\gismap.unittest\bin\debug\net472\videoos.eventserver.gismap.unittest.dll" id="7ed8cc4e-8f6c-78f4-f374-6a2d955b5245">
      <Execution id="eacace68-f541-4b09-9d82-658acdb87aa2" />
      <TestMethod codeBase="D:\actions-runner\_work\XPCO\XPCO\EventServer\Server\Components\Central\GisMap.UnitTest\bin\Debug\net472\VideoOS.EventServer.GisMap.UnitTest.dll" adapterTypeName="executor://mstestadapter/v2" className="VideoOS.EventServer.GisMap.UnitTest.BusinessObjects.Layers.BrowseLayerTest" name="BrowseLayer_Generic_CreateFromData_Fail" />
    </UnitTest>
    <UnitTest name="TestUpdateBuildingsOutline_Success" storage="d:\actions-runner\_work\xpco\xpco\eventserver\server\components\central\gismap.unittest\bin\debug\net472\videoos.eventserver.gismap.unittest.dll" id="c14017f0-ad81-ccaa-1f10-437776dc6ea8">
      <TestCategory>
        <TestCategoryItem TestCategory="DataComponent" />
      </TestCategory>
      <Execution id="d80a6660-a249-436a-b63f-00ad07d87113" />
      <TestMethod codeBase="D:\actions-runner\_work\XPCO\XPCO\EventServer\Server\Components\Central\GisMap.UnitTest\bin\Debug\net472\VideoOS.EventServer.GisMap.UnitTest.dll" adapterTypeName="executor://mstestadapter/v2" className="VideoOS.EventServer.GisMap.UnitTest.DB.DataComponent.BuildingComponentTest" name="TestUpdateBuildingsOutline_Success" />
    </UnitTest>
    <UnitTest name="TestAddLevel_SQLException_UniqueKeyViolation_Failure" storage="d:\actions-runner\_work\xpco\xpco\eventserver\server\components\central\gismap.unittest\bin\debug\net472\videoos.eventserver.gismap.unittest.dll" id="30d234e3-d8e4-6f41-9375-34f1b00cb21b">
      <TestCategory>
        <TestCategoryItem TestCategory="DataComponent" />
      </TestCategory>
      <Execution id="08db5b33-fb8f-4eb7-8703-5a65d7f1ed4d" />
      <TestMethod codeBase="D:\actions-runner\_work\XPCO\XPCO\EventServer\Server\Components\Central\GisMap.UnitTest\bin\Debug\net472\VideoOS.EventServer.GisMap.UnitTest.dll" adapterTypeName="executor://mstestadapter/v2" className="VideoOS.EventServer.GisMap.UnitTest.DB.DataComponent.BuildingComponent_LevelTest" name="TestAddLevel_SQLException_UniqueKeyViolation_Failure" />
    </UnitTest>
    <UnitTest name="TestProperties_GetProperties_Success" storage="d:\actions-runner\_work\xpco\xpco\eventserver\server\components\central\gismap.unittest\bin\debug\net472\videoos.eventserver.gismap.unittest.dll" id="88f1d726-ecf3-6ece-4827-0194e8137033">
      <TestCategory>
        <TestCategoryItem TestCategory="BusinessObjects" />
      </TestCategory>
      <Execution id="e5b8fc91-9a46-45c8-bbe9-c5547142e211" />
      <TestMethod codeBase="D:\actions-runner\_work\XPCO\XPCO\EventServer\Server\Components\Central\GisMap.UnitTest\bin\Debug\net472\VideoOS.EventServer.GisMap.UnitTest.dll" adapterTypeName="executor://mstestadapter/v2" className="VideoOS.EventServer.GisMap.UnitTest.BusinessObjects.Layers.MipLayerTest" name="TestProperties_GetProperties_Success" />
    </UnitTest>
    <UnitTest name="TestAddBuildings_NullBuildings_Failure" storage="d:\actions-runner\_work\xpco\xpco\eventserver\server\components\central\gismap.unittest\bin\debug\net472\videoos.eventserver.gismap.unittest.dll" id="3c4a8dbc-f203-f5c2-5853-8bf56a4fbb7a">
      <TestCategory>
        <TestCategoryItem TestCategory="DataComponent" />
      </TestCategory>
      <Execution id="b94626ad-0768-41b5-93f0-08b8c7be0a10" />
      <TestMethod codeBase="D:\actions-runner\_work\XPCO\XPCO\EventServer\Server\Components\Central\GisMap.UnitTest\bin\Debug\net472\VideoOS.EventServer.GisMap.UnitTest.dll" adapterTypeName="executor://mstestadapter/v2" className="VideoOS.EventServer.GisMap.UnitTest.DB.DataComponent.BuildingComponentTest" name="TestAddBuildings_NullBuildings_Failure" />
    </UnitTest>
    <UnitTest name="TestPropertyNames_GettingPropertyNames_Success" storage="d:\actions-runner\_work\xpco\xpco\eventserver\server\components\central\gismap.unittest\bin\debug\net472\videoos.eventserver.gismap.unittest.dll" id="338483c5-58e3-0e62-9540-d6618cc71c10">
      <TestCategory>
        <TestCategoryItem TestCategory="BusinessObjects" />
      </TestCategory>
      <Execution id="7f044a8c-52a2-4493-ae87-bb5b384a3375" />
      <TestMethod codeBase="D:\actions-runner\_work\XPCO\XPCO\EventServer\Server\Components\Central\GisMap.UnitTest\bin\Debug\net472\VideoOS.EventServer.GisMap.UnitTest.dll" adapterTypeName="executor://mstestadapter/v2" className="VideoOS.EventServer.GisMap.UnitTest.BusinessObjects.Layers.BingMapLayerTest" name="TestPropertyNames_GettingPropertyNames_Success" />
    </UnitTest>
    <UnitTest name="TestConstructor_ParsingWcfObjectWithoutExtent_Success" storage="d:\actions-runner\_work\xpco\xpco\eventserver\server\components\central\gismap.unittest\bin\debug\net472\videoos.eventserver.gismap.unittest.dll" id="44c3ebfb-f372-6e47-e9f1-df85b6126208">
      <TestCategory>
        <TestCategoryItem TestCategory="BusinessObjects" />
      </TestCategory>
      <Execution id="9e0ffffa-3422-4a3d-84b1-8a8e14a8288b" />
      <TestMethod codeBase="D:\actions-runner\_work\XPCO\XPCO\EventServer\Server\Components\Central\GisMap.UnitTest\bin\Debug\net472\VideoOS.EventServer.GisMap.UnitTest.dll" adapterTypeName="executor://mstestadapter/v2" className="VideoOS.EventServer.GisMap.UnitTest.BusinessObjects.Layers.LegacyLinkLayerTest" name="TestConstructor_ParsingWcfObjectWithoutExtent_Success" />
    </UnitTest>
    <UnitTest name="GetItem_WhenCorrectId_ReturnsItem" storage="d:\actions-runner\_work\xpco\xpco\eventserver\server\components\central\gismap.unittest\bin\debug\net472\videoos.eventserver.gismap.unittest.dll" id="e39289e7-df4e-1a22-74d8-c48f8fdbeef7">
      <TestCategory>
        <TestCategoryItem TestCategory="GisMapServices" />
      </TestCategory>
      <Execution id="a1cb9d58-869d-46e1-9da1-8cfc5e5fd30e" />
      <TestMethod codeBase="D:\actions-runner\_work\XPCO\XPCO\EventServer\Server\Components\Central\GisMap.UnitTest\bin\Debug\net472\VideoOS.EventServer.GisMap.UnitTest.dll" adapterTypeName="executor://mstestadapter/v2" className="VideoOS.EventServer.GisMap.UnitTest.Services.Clustering.ItemClusteringServiceTest" name="GetItem_WhenCorrectId_ReturnsItem" />
    </UnitTest>
    <UnitTest name="TestWcfObject_GetWcfObject_Success" storage="d:\actions-runner\_work\xpco\xpco\eventserver\server\components\central\gismap.unittest\bin\debug\net472\videoos.eventserver.gismap.unittest.dll" id="2c7e5e56-c744-0a96-502d-e9f5dabd4e46">
      <TestCategory>
        <TestCategoryItem TestCategory="BusinessObjects" />
      </TestCategory>
      <Execution id="e9609b5e-d154-45af-af32-1518d2237ffa" />
      <TestMethod codeBase="D:\actions-runner\_work\XPCO\XPCO\EventServer\Server\Components\Central\GisMap.UnitTest\bin\Debug\net472\VideoOS.EventServer.GisMap.UnitTest.dll" adapterTypeName="executor://mstestadapter/v2" className="VideoOS.EventServer.GisMap.UnitTest.BusinessObjects.Layers.ImageLayerTest" name="TestWcfObject_GetWcfObject_Success" />
    </UnitTest>
    <UnitTest name="TestConstructor_Success" storage="d:\actions-runner\_work\xpco\xpco\eventserver\server\components\central\gismap.unittest\bin\debug\net472\videoos.eventserver.gismap.unittest.dll" id="cfdacb90-642d-2b9e-da19-1905d7ba1892">
      <Execution id="5144cfae-bb77-4a2b-866b-97606e5fa753" />
      <TestMethod codeBase="D:\actions-runner\_work\XPCO\XPCO\EventServer\Server\Components\Central\GisMap.UnitTest\bin\Debug\net472\VideoOS.EventServer.GisMap.UnitTest.dll" adapterTypeName="executor://mstestadapter/v2" className="VideoOS.EventServer.GisMap.UnitTest.Services.Capabilities.ServerCapabilityTest" name="TestConstructor_Success" />
    </UnitTest>
    <UnitTest name="TestAuditLog_AuditLogMapRemoved_Success" storage="d:\actions-runner\_work\xpco\xpco\eventserver\server\components\central\gismap.unittest\bin\debug\net472\videoos.eventserver.gismap.unittest.dll" id="3593faca-3b71-6a5c-b854-16983be47203">
      <TestCategory>
        <TestCategoryItem TestCategory="BusinessObjects" />
      </TestCategory>
      <Execution id="70b8bc58-f0b6-4d00-9c01-5d0fd0e3be7e" />
      <TestMethod codeBase="D:\actions-runner\_work\XPCO\XPCO\EventServer\Server\Components\Central\GisMap.UnitTest\bin\Debug\net472\VideoOS.EventServer.GisMap.UnitTest.dll" adapterTypeName="executor://mstestadapter/v2" className="VideoOS.EventServer.GisMap.UnitTest.BusinessObjects.Maps.BrowseMapTest" name="TestAuditLog_AuditLogMapRemoved_Success" />
    </UnitTest>
    <UnitTest name="Closed_DeinitializesServices" storage="d:\actions-runner\_work\xpco\xpco\eventserver\server\components\central\gismap.unittest\bin\debug\net472\videoos.eventserver.gismap.unittest.dll" id="9d15926f-8e0d-e7e6-e033-9879de948c2e">
      <TestCategory>
        <TestCategoryItem TestCategory="GisMapMipItems" />
      </TestCategory>
      <Execution id="8c251c2b-540d-4860-8400-8a027ac4f2fd" />
      <TestMethod codeBase="D:\actions-runner\_work\XPCO\XPCO\EventServer\Server\Components\Central\GisMap.UnitTest\bin\Debug\net472\VideoOS.EventServer.GisMap.UnitTest.dll" adapterTypeName="executor://mstestadapter/v2" className="VideoOS.EventServer.GisMap.UnitTest.WebService.GisMipItemCommandTest" name="Closed_DeinitializesServices" />
    </UnitTest>
    <UnitTest name="FilterAsync_ReturnsNoMoreThan2" storage="d:\actions-runner\_work\xpco\xpco\eventserver\server\components\central\gismap.unittest\bin\debug\net472\videoos.eventserver.gismap.unittest.dll" id="37910af0-e6f1-a5fe-7138-781f3aa9bdd2">
      <TestCategory>
        <TestCategoryItem TestCategory="GisMapServices" />
      </TestCategory>
      <Execution id="4e226a4c-adba-4338-b2e2-14eeaff666cb" />
      <TestMethod codeBase="D:\actions-runner\_work\XPCO\XPCO\EventServer\Server\Components\Central\GisMap.UnitTest\bin\Debug\net472\VideoOS.EventServer.GisMap.UnitTest.dll" adapterTypeName="executor://mstestadapter/v2" className="VideoOS.EventServer.GisMap.UnitTest.Services.Clustering.ClusteredItemsAuthorizationWithCountFilterTest" name="FilterAsync_ReturnsNoMoreThan2" />
    </UnitTest>
    <UnitTest name="UpdateItem_Disabled_Deletes" storage="d:\actions-runner\_work\xpco\xpco\eventserver\server\components\central\gismap.unittest\bin\debug\net472\videoos.eventserver.gismap.unittest.dll" id="0c9aa8b6-9304-dd59-85f1-e44ef127992f">
      <TestCategory>
        <TestCategoryItem TestCategory="GisMapServices" />
      </TestCategory>
      <Execution id="fb9a8002-0588-4d4e-b556-5341c449bf8b" />
      <TestMethod codeBase="D:\actions-runner\_work\XPCO\XPCO\EventServer\Server\Components\Central\GisMap.UnitTest\bin\Debug\net472\VideoOS.EventServer.GisMap.UnitTest.dll" adapterTypeName="executor://mstestadapter/v2" className="VideoOS.EventServer.GisMap.UnitTest.Services.Clustering.MapDataUpdaterTest" name="UpdateItem_Disabled_Deletes" />
    </UnitTest>
    <UnitTest name="TestProperties_GetProperties_Success" storage="d:\actions-runner\_work\xpco\xpco\eventserver\server\components\central\gismap.unittest\bin\debug\net472\videoos.eventserver.gismap.unittest.dll" id="5e8a7617-f723-e9ed-71bb-da38cf5557d7">
      <TestCategory>
        <TestCategoryItem TestCategory="BusinessObjects" />
      </TestCategory>
      <Execution id="15505c86-2ffb-4b80-afd8-be38728d865b" />
      <TestMethod codeBase="D:\actions-runner\_work\XPCO\XPCO\EventServer\Server\Components\Central\GisMap.UnitTest\bin\Debug\net472\VideoOS.EventServer.GisMap.UnitTest.dll" adapterTypeName="executor://mstestadapter/v2" className="VideoOS.EventServer.GisMap.UnitTest.BusinessObjects.RectangleTest" name="TestProperties_GetProperties_Success" />
    </UnitTest>
    <UnitTest name="TestConstructor_ParsingWcfObject_Success" storage="d:\actions-runner\_work\xpco\xpco\eventserver\server\components\central\gismap.unittest\bin\debug\net472\videoos.eventserver.gismap.unittest.dll" id="3ec67fea-5dc6-222c-dc57-4a5c36836eb7">
      <TestCategory>
        <TestCategoryItem TestCategory="BusinessObjects" />
      </TestCategory>
      <Execution id="4b533734-ee06-4258-bc08-c0f81cd78806" />
      <TestMethod codeBase="D:\actions-runner\_work\XPCO\XPCO\EventServer\Server\Components\Central\GisMap.UnitTest\bin\Debug\net472\VideoOS.EventServer.GisMap.UnitTest.dll" adapterTypeName="executor://mstestadapter/v2" className="VideoOS.EventServer.GisMap.UnitTest.BusinessObjects.Layers.ImageLayerTest" name="TestConstructor_ParsingWcfObject_Success" />
    </UnitTest>
    <UnitTest name="TestConstructor_ParsingWcfObjectNullOutline_Success" storage="d:\actions-runner\_work\xpco\xpco\eventserver\server\components\central\gismap.unittest\bin\debug\net472\videoos.eventserver.gismap.unittest.dll" id="881aee88-0885-86de-0d65-0a933a92e7c3">
      <TestCategory>
        <TestCategoryItem TestCategory="BusinessObjects" />
      </TestCategory>
      <Execution id="c569dd53-a1d3-4d4f-b080-6a2031c150d1" />
      <TestMethod codeBase="D:\actions-runner\_work\XPCO\XPCO\EventServer\Server\Components\Central\GisMap.UnitTest\bin\Debug\net472\VideoOS.EventServer.GisMap.UnitTest.dll" adapterTypeName="executor://mstestadapter/v2" className="VideoOS.EventServer.GisMap.UnitTest.BusinessObjects.Buildings.BuildingTest" name="TestConstructor_ParsingWcfObjectNullOutline_Success" />
    </UnitTest>
    <UnitTest name="TestWcfObject_GetWcfObjectWithoutExtent_Success" storage="d:\actions-runner\_work\xpco\xpco\eventserver\server\components\central\gismap.unittest\bin\debug\net472\videoos.eventserver.gismap.unittest.dll" id="267ac0aa-3310-c2a4-2036-c5e9e7be48a1">
      <TestCategory>
        <TestCategoryItem TestCategory="BusinessObjects" />
      </TestCategory>
      <Execution id="f99207e2-1783-4085-b7b6-8989a0b6d20b" />
      <TestMethod codeBase="D:\actions-runner\_work\XPCO\XPCO\EventServer\Server\Components\Central\GisMap.UnitTest\bin\Debug\net472\VideoOS.EventServer.GisMap.UnitTest.dll" adapterTypeName="executor://mstestadapter/v2" className="VideoOS.EventServer.GisMap.UnitTest.BusinessObjects.Layers.ShapeFileLayerTest" name="TestWcfObject_GetWcfObjectWithoutExtent_Success" />
    </UnitTest>
    <UnitTest name="TestConstructor_Success" storage="d:\actions-runner\_work\xpco\xpco\eventserver\server\components\central\gismap.unittest\bin\debug\net472\videoos.eventserver.gismap.unittest.dll" id="6ff685fd-526a-bf1d-9b26-1797b3a232bf">
      <TestCategory>
        <TestCategoryItem TestCategory="BusinessObjects" />
      </TestCategory>
      <Execution id="aefdb98c-3191-4df2-a607-5eec586577be" />
      <TestMethod codeBase="D:\actions-runner\_work\XPCO\XPCO\EventServer\Server\Components\Central\GisMap.UnitTest\bin\Debug\net472\VideoOS.EventServer.GisMap.UnitTest.dll" adapterTypeName="executor://mstestadapter/v2" className="VideoOS.EventServer.GisMap.UnitTest.BusinessObjects.Layers.LinkLayerTest" name="TestConstructor_Success" />
    </UnitTest>
    <UnitTest name="TestWcfObject_GetWcfObjectWithoutExtent_Success" storage="d:\actions-runner\_work\xpco\xpco\eventserver\server\components\central\gismap.unittest\bin\debug\net472\videoos.eventserver.gismap.unittest.dll" id="afe8f66e-42c6-0a57-f65b-6396de58b87a">
      <TestCategory>
        <TestCategoryItem TestCategory="BusinessObjects" />
      </TestCategory>
      <Execution id="a4c6e653-04be-4e6a-a88d-ca8b640bc4b2" />
      <TestMethod codeBase="D:\actions-runner\_work\XPCO\XPCO\EventServer\Server\Components\Central\GisMap.UnitTest\bin\Debug\net472\VideoOS.EventServer.GisMap.UnitTest.dll" adapterTypeName="executor://mstestadapter/v2" className="VideoOS.EventServer.GisMap.UnitTest.BusinessObjects.Layers.InputLayerTest" name="TestWcfObject_GetWcfObjectWithoutExtent_Success" />
    </UnitTest>
    <UnitTest name="TestUpdateProperties_UpdateAllProperties_Success" storage="d:\actions-runner\_work\xpco\xpco\eventserver\server\components\central\gismap.unittest\bin\debug\net472\videoos.eventserver.gismap.unittest.dll" id="7fe8dd67-f18b-0b92-ac3b-d19aad03b760">
      <TestCategory>
        <TestCategoryItem TestCategory="BusinessObjects" />
      </TestCategory>
      <Execution id="e9c918df-33d9-4d76-b651-313d90be57ca" />
      <TestMethod codeBase="D:\actions-runner\_work\XPCO\XPCO\EventServer\Server\Components\Central\GisMap.UnitTest\bin\Debug\net472\VideoOS.EventServer.GisMap.UnitTest.dll" adapterTypeName="executor://mstestadapter/v2" className="VideoOS.EventServer.GisMap.UnitTest.BusinessObjects.Items.LinkItemTest" name="TestUpdateProperties_UpdateAllProperties_Success" />
    </UnitTest>
    <UnitTest name="TestUpdateLevel_NullLevel_Failure" storage="d:\actions-runner\_work\xpco\xpco\eventserver\server\components\central\gismap.unittest\bin\debug\net472\videoos.eventserver.gismap.unittest.dll" id="1e8c8fa6-6e5a-aad4-7c27-b287906ae7eb">
      <TestCategory>
        <TestCategoryItem TestCategory="DataComponent" />
      </TestCategory>
      <Execution id="2bdc17e1-77d2-49ac-a79a-e9c09c92df55" />
      <TestMethod codeBase="D:\actions-runner\_work\XPCO\XPCO\EventServer\Server\Components\Central\GisMap.UnitTest\bin\Debug\net472\VideoOS.EventServer.GisMap.UnitTest.dll" adapterTypeName="executor://mstestadapter/v2" className="VideoOS.EventServer.GisMap.UnitTest.DB.DataComponent.BuildingComponent_LevelTest" name="TestUpdateLevel_NullLevel_Failure" />
    </UnitTest>
    <UnitTest name="TestConstructor_Success" storage="d:\actions-runner\_work\xpco\xpco\eventserver\server\components\central\gismap.unittest\bin\debug\net472\videoos.eventserver.gismap.unittest.dll" id="014aa458-d759-b18e-e76f-1c52acf08817">
      <TestCategory>
        <TestCategoryItem TestCategory="BusinessObjects" />
      </TestCategory>
      <Execution id="7dce301e-35aa-462a-95ba-79f21fa3fcf1" />
      <TestMethod codeBase="D:\actions-runner\_work\XPCO\XPCO\EventServer\Server\Components\Central\GisMap.UnitTest\bin\Debug\net472\VideoOS.EventServer.GisMap.UnitTest.dll" adapterTypeName="executor://mstestadapter/v2" className="VideoOS.EventServer.GisMap.UnitTest.BusinessObjects.Repositories.CADRepositoryTest" name="TestConstructor_Success" />
    </UnitTest>
    <UnitTest name="TestConstructor_Success" storage="d:\actions-runner\_work\xpco\xpco\eventserver\server\components\central\gismap.unittest\bin\debug\net472\videoos.eventserver.gismap.unittest.dll" id="60288a6f-cda2-3d1b-005c-ed5d7b4eab90">
      <TestCategory>
        <TestCategoryItem TestCategory="BusinessObjects" />
      </TestCategory>
      <Execution id="34016b97-7d73-4e2d-8ce6-b36588bb3e51" />
      <TestMethod codeBase="D:\actions-runner\_work\XPCO\XPCO\EventServer\Server\Components\Central\GisMap.UnitTest\bin\Debug\net472\VideoOS.EventServer.GisMap.UnitTest.dll" adapterTypeName="executor://mstestadapter/v2" className="VideoOS.EventServer.GisMap.UnitTest.BusinessObjects.Items.LocationItemTest" name="TestConstructor_Success" />
    </UnitTest>
    <UnitTest name="TestAuditLog_AuditLogItemChanged_Success" storage="d:\actions-runner\_work\xpco\xpco\eventserver\server\components\central\gismap.unittest\bin\debug\net472\videoos.eventserver.gismap.unittest.dll" id="d8b2e962-57d6-7d23-5c24-4c7c5ef024f4">
      <TestCategory>
        <TestCategoryItem TestCategory="BusinessObjects" />
      </TestCategory>
      <Execution id="27da559c-e82c-4a95-a670-6ea0804a77bc" />
      <TestMethod codeBase="D:\actions-runner\_work\XPCO\XPCO\EventServer\Server\Components\Central\GisMap.UnitTest\bin\Debug\net472\VideoOS.EventServer.GisMap.UnitTest.dll" adapterTypeName="executor://mstestadapter/v2" className="VideoOS.EventServer.GisMap.UnitTest.BusinessObjects.Items.LocationItemTest" name="TestAuditLog_AuditLogItemChanged_Success" />
    </UnitTest>
    <UnitTest name="TestAuditLog_AuditLogLayerRemoved_Success" storage="d:\actions-runner\_work\xpco\xpco\eventserver\server\components\central\gismap.unittest\bin\debug\net472\videoos.eventserver.gismap.unittest.dll" id="78bf092d-e293-c941-de66-d713e54352cb">
      <TestCategory>
        <TestCategoryItem TestCategory="BusinessObjects" />
      </TestCategory>
      <Execution id="fa72607f-317c-4060-be30-69c5d0a97106" />
      <TestMethod codeBase="D:\actions-runner\_work\XPCO\XPCO\EventServer\Server\Components\Central\GisMap.UnitTest\bin\Debug\net472\VideoOS.EventServer.GisMap.UnitTest.dll" adapterTypeName="executor://mstestadapter/v2" className="VideoOS.EventServer.GisMap.UnitTest.BusinessObjects.Layers.ImageLayerTest" name="TestAuditLog_AuditLogLayerRemoved_Success" />
    </UnitTest>
    <UnitTest name="TestFactory_WithParameters_Success" storage="d:\actions-runner\_work\xpco\xpco\eventserver\server\components\central\gismap.unittest\bin\debug\net472\videoos.eventserver.gismap.unittest.dll" id="2b653649-6e33-5754-da73-e11394219d94">
      <Execution id="e62dead6-09ac-48bc-84b4-41180b8e01ae" />
      <TestMethod codeBase="D:\actions-runner\_work\XPCO\XPCO\EventServer\Server\Components\Central\GisMap.UnitTest\bin\Debug\net472\VideoOS.EventServer.GisMap.UnitTest.dll" adapterTypeName="executor://mstestadapter/v2" className="VideoOS.EventServer.GisMap.UnitTest.BusinessObjects.Buildings.LevelFactoryTest" name="TestFactory_WithParameters_Success" />
    </UnitTest>
    <UnitTest name="TestConstructor_ParsingWcfObjectWithoutExtent_Success" storage="d:\actions-runner\_work\xpco\xpco\eventserver\server\components\central\gismap.unittest\bin\debug\net472\videoos.eventserver.gismap.unittest.dll" id="f1cf8805-9f2a-3ea0-68a1-486890b5b405">
      <TestCategory>
        <TestCategoryItem TestCategory="BusinessObjects" />
      </TestCategory>
      <Execution id="dd6c7bd2-01e1-4819-b5c9-cf8d5e82df10" />
      <TestMethod codeBase="D:\actions-runner\_work\XPCO\XPCO\EventServer\Server\Components\Central\GisMap.UnitTest\bin\Debug\net472\VideoOS.EventServer.GisMap.UnitTest.dll" adapterTypeName="executor://mstestadapter/v2" className="VideoOS.EventServer.GisMap.UnitTest.BusinessObjects.Layers.CameraLayerTest" name="TestConstructor_ParsingWcfObjectWithoutExtent_Success" />
    </UnitTest>
    <UnitTest name="TestConstructor_ParsingWcfObjectWithNull_Success" storage="d:\actions-runner\_work\xpco\xpco\eventserver\server\components\central\gismap.unittest\bin\debug\net472\videoos.eventserver.gismap.unittest.dll" id="607692ce-d9ad-913a-c01b-a726d8361c3f">
      <TestCategory>
        <TestCategoryItem TestCategory="BusinessObjects" />
      </TestCategory>
      <Execution id="e66397e7-7213-4cf6-910e-025a017b1277" />
      <TestMethod codeBase="D:\actions-runner\_work\XPCO\XPCO\EventServer\Server\Components\Central\GisMap.UnitTest\bin\Debug\net472\VideoOS.EventServer.GisMap.UnitTest.dll" adapterTypeName="executor://mstestadapter/v2" className="VideoOS.EventServer.GisMap.UnitTest.BusinessObjects.PositionTest" name="TestConstructor_ParsingWcfObjectWithNull_Success" />
    </UnitTest>
    <UnitTest name="TestProperties_GetProperties_Success" storage="d:\actions-runner\_work\xpco\xpco\eventserver\server\components\central\gismap.unittest\bin\debug\net472\videoos.eventserver.gismap.unittest.dll" id="8391f402-d143-5964-176a-6ac406d2c593">
      <TestCategory>
        <TestCategoryItem TestCategory="BusinessObjects" />
      </TestCategory>
      <Execution id="e61878a7-06be-4c22-873a-8c52b8df77f1" />
      <TestMethod codeBase="D:\actions-runner\_work\XPCO\XPCO\EventServer\Server\Components\Central\GisMap.UnitTest\bin\Debug\net472\VideoOS.EventServer.GisMap.UnitTest.dll" adapterTypeName="executor://mstestadapter/v2" className="VideoOS.EventServer.GisMap.UnitTest.BusinessObjects.Items.LegacyLinkItemTest" name="TestProperties_GetProperties_Success" />
    </UnitTest>
    <UnitTest name="TestAuditLog_AuditLogMapAdded_Success" storage="d:\actions-runner\_work\xpco\xpco\eventserver\server\components\central\gismap.unittest\bin\debug\net472\videoos.eventserver.gismap.unittest.dll" id="da617ff0-d5a0-0b73-eeff-7ea482f164c1">
      <TestCategory>
        <TestCategoryItem TestCategory="BusinessObjects" />
      </TestCategory>
      <Execution id="08ffa7a8-cf4d-4931-b693-6093626ac1a1" />
      <TestMethod codeBase="D:\actions-runner\_work\XPCO\XPCO\EventServer\Server\Components\Central\GisMap.UnitTest\bin\Debug\net472\VideoOS.EventServer.GisMap.UnitTest.dll" adapterTypeName="executor://mstestadapter/v2" className="VideoOS.EventServer.GisMap.UnitTest.BusinessObjects.Maps.BrowseMapTest" name="TestAuditLog_AuditLogMapAdded_Success" />
    </UnitTest>
    <UnitTest name="GetItemBuildings" storage="d:\actions-runner\_work\xpco\xpco\eventserver\server\components\central\gismap.unittest\bin\debug\net472\videoos.eventserver.gismap.unittest.dll" id="e3e7ed91-54d1-f895-6b06-62e2b626bdd6">
      <TestCategory>
        <TestCategoryItem TestCategory="BusinessObjects" />
      </TestCategory>
      <Execution id="2f661ca5-a688-40ff-9a53-eee1344a0123" />
      <TestMethod codeBase="D:\actions-runner\_work\XPCO\XPCO\EventServer\Server\Components\Central\GisMap.UnitTest\bin\Debug\net472\VideoOS.EventServer.GisMap.UnitTest.dll" adapterTypeName="executor://mstestadapter/v2" className="VideoOS.EventServer.GisMap.UnitTest.BusinessObjects.Indexer.Buildings.BuildingItemsIndexerTest" name="GetItemBuildings" />
    </UnitTest>
    <UnitTest name="TestWcfObject_GetWcfObject_Success" storage="d:\actions-runner\_work\xpco\xpco\eventserver\server\components\central\gismap.unittest\bin\debug\net472\videoos.eventserver.gismap.unittest.dll" id="518aa60d-70ea-c078-7267-9254ad099443">
      <TestCategory>
        <TestCategoryItem TestCategory="BusinessObjects" />
      </TestCategory>
      <Execution id="5e9db462-12c0-4515-aab0-22d29bae15de" />
      <TestMethod codeBase="D:\actions-runner\_work\XPCO\XPCO\EventServer\Server\Components\Central\GisMap.UnitTest\bin\Debug\net472\VideoOS.EventServer.GisMap.UnitTest.dll" adapterTypeName="executor://mstestadapter/v2" className="VideoOS.EventServer.GisMap.UnitTest.BusinessObjects.MapSettingsTest" name="TestWcfObject_GetWcfObject_Success" />
    </UnitTest>
    <UnitTest name="TestProperties_GetProperties_Success" storage="d:\actions-runner\_work\xpco\xpco\eventserver\server\components\central\gismap.unittest\bin\debug\net472\videoos.eventserver.gismap.unittest.dll" id="4c25d9c4-7195-e009-f47f-314745602d75">
      <TestCategory>
        <TestCategoryItem TestCategory="BusinessObjects" />
      </TestCategory>
      <Execution id="e3bb9c96-246b-47e8-bd5e-49d69ddf2667" />
      <TestMethod codeBase="D:\actions-runner\_work\XPCO\XPCO\EventServer\Server\Components\Central\GisMap.UnitTest\bin\Debug\net472\VideoOS.EventServer.GisMap.UnitTest.dll" adapterTypeName="executor://mstestadapter/v2" className="VideoOS.EventServer.GisMap.UnitTest.BusinessObjects.Layers.LocationLayerTest" name="TestProperties_GetProperties_Success" />
    </UnitTest>
    <UnitTest name="TestWcfObject_GetWcfObject_Success" storage="d:\actions-runner\_work\xpco\xpco\eventserver\server\components\central\gismap.unittest\bin\debug\net472\videoos.eventserver.gismap.unittest.dll" id="66d507cc-9025-368f-6651-8c50b19c18e9">
      <TestCategory>
        <TestCategoryItem TestCategory="BusinessObjects" />
      </TestCategory>
      <Execution id="1d47cb8f-ea01-4764-9781-1497522cd601" />
      <TestMethod codeBase="D:\actions-runner\_work\XPCO\XPCO\EventServer\Server\Components\Central\GisMap.UnitTest\bin\Debug\net472\VideoOS.EventServer.GisMap.UnitTest.dll" adapterTypeName="executor://mstestadapter/v2" className="VideoOS.EventServer.GisMap.UnitTest.BusinessObjects.Items.LegacyLinkItemTest" name="TestWcfObject_GetWcfObject_Success" />
    </UnitTest>
    <UnitTest name="AddItems_Init3Items_Add2" storage="d:\actions-runner\_work\xpco\xpco\eventserver\server\components\central\gismap.unittest\bin\debug\net472\videoos.eventserver.gismap.unittest.dll" id="9582ffe9-d918-4b32-473f-0c994763e9b6">
      <TestCategory>
        <TestCategoryItem TestCategory="BusinessObjects" />
      </TestCategory>
      <Execution id="96ba0b42-d7af-4074-b0e8-7cce906f5bf7" />
      <TestMethod codeBase="D:\actions-runner\_work\XPCO\XPCO\EventServer\Server\Components\Central\GisMap.UnitTest\bin\Debug\net472\VideoOS.EventServer.GisMap.UnitTest.dll" adapterTypeName="executor://mstestadapter/v2" className="VideoOS.EventServer.GisMap.UnitTest.BusinessObjects.Indexer.MapItemIndexerTest" name="AddItems_Init3Items_Add2" />
    </UnitTest>
    <UnitTest name="Add_Success" storage="d:\actions-runner\_work\xpco\xpco\eventserver\server\components\central\gismap.unittest\bin\debug\net472\videoos.eventserver.gismap.unittest.dll" id="8344f76a-2b82-d12a-fea3-dc428798b826">
      <TestCategory>
        <TestCategoryItem TestCategory="GisMapServices" />
      </TestCategory>
      <Execution id="f3cf8397-d5c8-4c26-b708-ef20c5847262" />
      <TestMethod codeBase="D:\actions-runner\_work\XPCO\XPCO\EventServer\Server\Components\Central\GisMap.UnitTest\bin\Debug\net472\VideoOS.EventServer.GisMap.UnitTest.dll" adapterTypeName="executor://mstestadapter/v2" className="VideoOS.EventServer.GisMap.UnitTest.Services.Clustering.ItemClusteringServiceTest" name="Add_Success" />
    </UnitTest>
    <UnitTest name="TestQueryBuildingsByMapId_ZeroRows_Success" storage="d:\actions-runner\_work\xpco\xpco\eventserver\server\components\central\gismap.unittest\bin\debug\net472\videoos.eventserver.gismap.unittest.dll" id="dcab0f5a-559b-645f-8113-283b97911312">
      <TestCategory>
        <TestCategoryItem TestCategory="DataComponent" />
      </TestCategory>
      <Execution id="73828217-fc8c-4197-8939-cc78ce969972" />
      <TestMethod codeBase="D:\actions-runner\_work\XPCO\XPCO\EventServer\Server\Components\Central\GisMap.UnitTest\bin\Debug\net472\VideoOS.EventServer.GisMap.UnitTest.dll" adapterTypeName="executor://mstestadapter/v2" className="VideoOS.EventServer.GisMap.UnitTest.DB.DataComponent.BuildingComponentTest" name="TestQueryBuildingsByMapId_ZeroRows_Success" />
    </UnitTest>
    <UnitTest name="TestFactory_WithParamters_Success" storage="d:\actions-runner\_work\xpco\xpco\eventserver\server\components\central\gismap.unittest\bin\debug\net472\videoos.eventserver.gismap.unittest.dll" id="8dcff6f9-cdfd-d89f-e03d-addb66eb0a35">
      <Execution id="daaf7b0e-0eed-4097-a12e-2372463b380e" />
      <TestMethod codeBase="D:\actions-runner\_work\XPCO\XPCO\EventServer\Server\Components\Central\GisMap.UnitTest\bin\Debug\net472\VideoOS.EventServer.GisMap.UnitTest.dll" adapterTypeName="executor://mstestadapter/v2" className="VideoOS.EventServer.GisMap.UnitTest.BusinessObjects.Buildings.BuildingMapItemFactoryTest" name="TestFactory_WithParamters_Success" />
    </UnitTest>
    <UnitTest name="TestAuditLog_AuditLogBuildingRemoved_Success" storage="d:\actions-runner\_work\xpco\xpco\eventserver\server\components\central\gismap.unittest\bin\debug\net472\videoos.eventserver.gismap.unittest.dll" id="5aa5f274-79e9-1207-c601-01c6998ae510">
      <TestCategory>
        <TestCategoryItem TestCategory="BusinessObjects" />
      </TestCategory>
      <Execution id="0f21b87c-33c6-4889-961c-38b6051c6553" />
      <TestMethod codeBase="D:\actions-runner\_work\XPCO\XPCO\EventServer\Server\Components\Central\GisMap.UnitTest\bin\Debug\net472\VideoOS.EventServer.GisMap.UnitTest.dll" adapterTypeName="executor://mstestadapter/v2" className="VideoOS.EventServer.GisMap.UnitTest.BusinessObjects.Buildings.BuildingTest" name="TestAuditLog_AuditLogBuildingRemoved_Success" />
    </UnitTest>
    <UnitTest name="TestConstructor_ParsingWcfObjectWithoutExtent_Success" storage="d:\actions-runner\_work\xpco\xpco\eventserver\server\components\central\gismap.unittest\bin\debug\net472\videoos.eventserver.gismap.unittest.dll" id="1ac7044b-d9a1-7803-0a4f-ce737c5e24f1">
      <TestCategory>
        <TestCategoryItem TestCategory="BusinessObjects" />
      </TestCategory>
      <Execution id="1353701d-5224-4c74-ae41-d3b4d6ca62cb" />
      <TestMethod codeBase="D:\actions-runner\_work\XPCO\XPCO\EventServer\Server\Components\Central\GisMap.UnitTest\bin\Debug\net472\VideoOS.EventServer.GisMap.UnitTest.dll" adapterTypeName="executor://mstestadapter/v2" className="VideoOS.EventServer.GisMap.UnitTest.BusinessObjects.Layers.OpenStreetMapLayerTest" name="TestConstructor_ParsingWcfObjectWithoutExtent_Success" />
    </UnitTest>
    <UnitTest name="TestConstructor_Success" storage="d:\actions-runner\_work\xpco\xpco\eventserver\server\components\central\gismap.unittest\bin\debug\net472\videoos.eventserver.gismap.unittest.dll" id="1fbb432e-553f-c32f-e56e-0a9a6e42ffe9">
      <TestCategory>
        <TestCategoryItem TestCategory="BusinessObjects" />
      </TestCategory>
      <Execution id="0a1f9a0f-1734-43cc-b495-2e0250804522" />
      <TestMethod codeBase="D:\actions-runner\_work\XPCO\XPCO\EventServer\Server\Components\Central\GisMap.UnitTest\bin\Debug\net472\VideoOS.EventServer.GisMap.UnitTest.dll" adapterTypeName="executor://mstestadapter/v2" className="VideoOS.EventServer.GisMap.UnitTest.BusinessObjects.Layers.ShapeFileLayerTest" name="TestConstructor_Success" />
    </UnitTest>
    <UnitTest name="TestDeleteBuildings_OneRow_Success" storage="d:\actions-runner\_work\xpco\xpco\eventserver\server\components\central\gismap.unittest\bin\debug\net472\videoos.eventserver.gismap.unittest.dll" id="738596c1-e9a3-ae41-b6a9-45326ce37937">
      <TestCategory>
        <TestCategoryItem TestCategory="DataComponent" />
      </TestCategory>
      <Execution id="d07f7324-1f6e-4bf4-92c8-ec2c8b66e4ed" />
      <TestMethod codeBase="D:\actions-runner\_work\XPCO\XPCO\EventServer\Server\Components\Central\GisMap.UnitTest\bin\Debug\net472\VideoOS.EventServer.GisMap.UnitTest.dll" adapterTypeName="executor://mstestadapter/v2" className="VideoOS.EventServer.GisMap.UnitTest.DB.DataComponent.BuildingComponentTest" name="TestDeleteBuildings_OneRow_Success" />
    </UnitTest>
    <UnitTest name="Close_UnsubscribesFromMessage" storage="d:\actions-runner\_work\xpco\xpco\eventserver\server\components\central\gismap.unittest\bin\debug\net472\videoos.eventserver.gismap.unittest.dll" id="131c4e67-90f7-5d65-1e4c-ceccc321216d">
      <TestCategory>
        <TestCategoryItem TestCategory="GisMapServices" />
      </TestCategory>
      <Execution id="d0b8a88e-5c31-43a2-8e02-6441da634ef5" />
      <TestMethod codeBase="D:\actions-runner\_work\XPCO\XPCO\EventServer\Server\Components\Central\GisMap.UnitTest\bin\Debug\net472\VideoOS.EventServer.GisMap.UnitTest.dll" adapterTypeName="executor://mstestadapter/v2" className="VideoOS.EventServer.GisMap.UnitTest.Services.Clustering.MapDataUpdaterTest" name="Close_UnsubscribesFromMessage" />
    </UnitTest>
    <UnitTest name="GetBuildingItemConnectionId_ReturnsUniquePersistentIds" storage="d:\actions-runner\_work\xpco\xpco\eventserver\server\components\central\gismap.unittest\bin\debug\net472\videoos.eventserver.gismap.unittest.dll" id="0b688f41-c47e-a7e7-8e10-e6bdbcffe353">
      <TestCategory>
        <TestCategoryItem TestCategory="BusinessObjects" />
      </TestCategory>
      <Execution id="210fb166-e08c-462a-95f4-a31e2ba535f0" />
      <TestMethod codeBase="D:\actions-runner\_work\XPCO\XPCO\EventServer\Server\Components\Central\GisMap.UnitTest\bin\Debug\net472\VideoOS.EventServer.GisMap.UnitTest.dll" adapterTypeName="executor://mstestadapter/v2" className="VideoOS.EventServer.GisMap.UnitTest.BusinessObjects.Indexer.Buildings.BuildingItemsIndexerTest" name="GetBuildingItemConnectionId_ReturnsUniquePersistentIds" />
    </UnitTest>
    <UnitTest name="AddItems_3Iems_3Clusters" storage="d:\actions-runner\_work\xpco\xpco\eventserver\server\components\central\gismap.unittest\bin\debug\net472\videoos.eventserver.gismap.unittest.dll" id="d94f0f94-5dd6-5846-2e1a-43577eb31456">
      <TestCategory>
        <TestCategoryItem TestCategory="BusinessObjects" />
      </TestCategory>
      <Execution id="e1a08b20-3ac7-4e5f-a755-90c52cae55e2" />
      <TestMethod codeBase="D:\actions-runner\_work\XPCO\XPCO\EventServer\Server\Components\Central\GisMap.UnitTest\bin\Debug\net472\VideoOS.EventServer.GisMap.UnitTest.dll" adapterTypeName="executor://mstestadapter/v2" className="VideoOS.EventServer.GisMap.UnitTest.BusinessObjects.Indexer.MapItemIndexerTest" name="AddItems_3Iems_3Clusters" />
    </UnitTest>
    <UnitTest name="TestAddLevel_MultipleRows_Failure" storage="d:\actions-runner\_work\xpco\xpco\eventserver\server\components\central\gismap.unittest\bin\debug\net472\videoos.eventserver.gismap.unittest.dll" id="c74efa06-54fc-004a-450f-b031280dca5f">
      <TestCategory>
        <TestCategoryItem TestCategory="DataComponent" />
      </TestCategory>
      <Execution id="1ceeaafd-dcb1-483f-8ec0-6c2286b9e815" />
      <TestMethod codeBase="D:\actions-runner\_work\XPCO\XPCO\EventServer\Server\Components\Central\GisMap.UnitTest\bin\Debug\net472\VideoOS.EventServer.GisMap.UnitTest.dll" adapterTypeName="executor://mstestadapter/v2" className="VideoOS.EventServer.GisMap.UnitTest.DB.DataComponent.BuildingComponent_LevelTest" name="TestAddLevel_MultipleRows_Failure" />
    </UnitTest>
    <UnitTest name="TestPropertyNames_GettingPropertyNames_Success" storage="d:\actions-runner\_work\xpco\xpco\eventserver\server\components\central\gismap.unittest\bin\debug\net472\videoos.eventserver.gismap.unittest.dll" id="c22901ef-4efe-dbaf-3e73-8ce1b3fe2392">
      <TestCategory>
        <TestCategoryItem TestCategory="BusinessObjects" />
      </TestCategory>
      <Execution id="7f62015c-b214-46df-9bc4-f1340cb829d5" />
      <TestMethod codeBase="D:\actions-runner\_work\XPCO\XPCO\EventServer\Server\Components\Central\GisMap.UnitTest\bin\Debug\net472\VideoOS.EventServer.GisMap.UnitTest.dll" adapterTypeName="executor://mstestadapter/v2" className="VideoOS.EventServer.GisMap.UnitTest.BusinessObjects.Layers.MipLayerTest" name="TestPropertyNames_GettingPropertyNames_Success" />
    </UnitTest>
    <UnitTest name="TestAuditLog_AuditLogBuildingDefaultChanged_NullDefaultLevel_Success" storage="d:\actions-runner\_work\xpco\xpco\eventserver\server\components\central\gismap.unittest\bin\debug\net472\videoos.eventserver.gismap.unittest.dll" id="486f2d4e-862f-b7d0-0ff0-5dc28ba0a17d">
      <TestCategory>
        <TestCategoryItem TestCategory="BusinessObjects" />
      </TestCategory>
      <Execution id="6608b323-dd38-416c-9585-643840878f48" />
      <TestMethod codeBase="D:\actions-runner\_work\XPCO\XPCO\EventServer\Server\Components\Central\GisMap.UnitTest\bin\Debug\net472\VideoOS.EventServer.GisMap.UnitTest.dll" adapterTypeName="executor://mstestadapter/v2" className="VideoOS.EventServer.GisMap.UnitTest.BusinessObjects.Buildings.BuildingTest" name="TestAuditLog_AuditLogBuildingDefaultChanged_NullDefaultLevel_Success" />
    </UnitTest>
    <UnitTest name="TestQueryBuildingsByMapId_MultipleRows_Success" storage="d:\actions-runner\_work\xpco\xpco\eventserver\server\components\central\gismap.unittest\bin\debug\net472\videoos.eventserver.gismap.unittest.dll" id="a217a913-b791-95a5-866a-798f3e2995c9">
      <TestCategory>
        <TestCategoryItem TestCategory="DataComponent" />
      </TestCategory>
      <Execution id="4f0fa692-a8ef-481d-bc35-f9067bdb64e9" />
      <TestMethod codeBase="D:\actions-runner\_work\XPCO\XPCO\EventServer\Server\Components\Central\GisMap.UnitTest\bin\Debug\net472\VideoOS.EventServer.GisMap.UnitTest.dll" adapterTypeName="executor://mstestadapter/v2" className="VideoOS.EventServer.GisMap.UnitTest.DB.DataComponent.BuildingComponentTest" name="TestQueryBuildingsByMapId_MultipleRows_Success" />
    </UnitTest>
    <UnitTest name="OnLevelsUpdated" storage="d:\actions-runner\_work\xpco\xpco\eventserver\server\components\central\gismap.unittest\bin\debug\net472\videoos.eventserver.gismap.unittest.dll" id="9c476a3a-eb18-5698-75f9-97279492aa92">
      <TestCategory>
        <TestCategoryItem TestCategory="GisMapServices" />
      </TestCategory>
      <Execution id="f3feaa8e-b04f-4396-818f-2fe829080f5e" />
      <TestMethod codeBase="D:\actions-runner\_work\XPCO\XPCO\EventServer\Server\Components\Central\GisMap.UnitTest\bin\Debug\net472\VideoOS.EventServer.GisMap.UnitTest.dll" adapterTypeName="executor://mstestadapter/v2" className="VideoOS.EventServer.GisMap.UnitTest.Services.Events.EventBusTest" name="OnLevelsUpdated" />
    </UnitTest>
    <UnitTest name="TestUpdateBuilding_NullOutline_Success" storage="d:\actions-runner\_work\xpco\xpco\eventserver\server\components\central\gismap.unittest\bin\debug\net472\videoos.eventserver.gismap.unittest.dll" id="da6a80e7-4aab-f0eb-010a-506b0c4936a9">
      <TestCategory>
        <TestCategoryItem TestCategory="DataComponent" />
      </TestCategory>
      <Execution id="603292bd-b3da-422c-be4d-09f85f472c27" />
      <TestMethod codeBase="D:\actions-runner\_work\XPCO\XPCO\EventServer\Server\Components\Central\GisMap.UnitTest\bin\Debug\net472\VideoOS.EventServer.GisMap.UnitTest.dll" adapterTypeName="executor://mstestadapter/v2" className="VideoOS.EventServer.GisMap.UnitTest.DB.DataComponent.BuildingComponentTest" name="TestUpdateBuilding_NullOutline_Success" />
    </UnitTest>
    <UnitTest name="TestAddBuildings_DatabaseException_Failure" storage="d:\actions-runner\_work\xpco\xpco\eventserver\server\components\central\gismap.unittest\bin\debug\net472\videoos.eventserver.gismap.unittest.dll" id="ebd932fc-384b-2ed8-74b5-1ae678346fad">
      <TestCategory>
        <TestCategoryItem TestCategory="DataComponent" />
      </TestCategory>
      <Execution id="264f6347-b9c0-4171-9d9d-673003d017ea" />
      <TestMethod codeBase="D:\actions-runner\_work\XPCO\XPCO\EventServer\Server\Components\Central\GisMap.UnitTest\bin\Debug\net472\VideoOS.EventServer.GisMap.UnitTest.dll" adapterTypeName="executor://mstestadapter/v2" className="VideoOS.EventServer.GisMap.UnitTest.DB.DataComponent.BuildingComponentTest" name="TestAddBuildings_DatabaseException_Failure" />
    </UnitTest>
    <UnitTest name="BuildClusters_IndividualItemClusters_WhenIndividualItemsOnlyTrue" storage="d:\actions-runner\_work\xpco\xpco\eventserver\server\components\central\gismap.unittest\bin\debug\net472\videoos.eventserver.gismap.unittest.dll" id="b33228ae-5200-3eaf-6ae6-c19f5e7f8288">
      <TestCategory>
        <TestCategoryItem TestCategory="BusinessObjects" />
      </TestCategory>
      <Execution id="3233f165-8fcf-4165-a9c6-1a56517fb759" />
      <TestMethod codeBase="D:\actions-runner\_work\XPCO\XPCO\EventServer\Server\Components\Central\GisMap.UnitTest\bin\Debug\net472\VideoOS.EventServer.GisMap.UnitTest.dll" adapterTypeName="executor://mstestadapter/v2" className="VideoOS.EventServer.GisMap.UnitTest.BusinessObjects.Indexer.Clustering.BuildingsAwareClusterStrategyTest" name="BuildClusters_IndividualItemClusters_WhenIndividualItemsOnlyTrue" />
    </UnitTest>
    <UnitTest name="TestConstructor_Success" storage="d:\actions-runner\_work\xpco\xpco\eventserver\server\components\central\gismap.unittest\bin\debug\net472\videoos.eventserver.gismap.unittest.dll" id="1c2a8c06-877d-88dd-3bb9-78c2306a3033">
      <TestCategory>
        <TestCategoryItem TestCategory="BusinessObjects" />
      </TestCategory>
      <Execution id="ac1df562-1e22-4f23-958d-36a9b5d6bc1a" />
      <TestMethod codeBase="D:\actions-runner\_work\XPCO\XPCO\EventServer\Server\Components\Central\GisMap.UnitTest\bin\Debug\net472\VideoOS.EventServer.GisMap.UnitTest.dll" adapterTypeName="executor://mstestadapter/v2" className="VideoOS.EventServer.GisMap.UnitTest.BusinessObjects.Items.LinkItemTest" name="TestConstructor_Success" />
    </UnitTest>
    <UnitTest name="TestUpdateLevels_NullMapItems_Success" storage="d:\actions-runner\_work\xpco\xpco\eventserver\server\components\central\gismap.unittest\bin\debug\net472\videoos.eventserver.gismap.unittest.dll" id="551fbefb-00a6-8fe0-ba69-2a84cac6bae8">
      <TestCategory>
        <TestCategoryItem TestCategory="DataComponent" />
      </TestCategory>
      <Execution id="9e1b453d-fd71-464e-8cb9-d6b2405d8ab7" />
      <TestMethod codeBase="D:\actions-runner\_work\XPCO\XPCO\EventServer\Server\Components\Central\GisMap.UnitTest\bin\Debug\net472\VideoOS.EventServer.GisMap.UnitTest.dll" adapterTypeName="executor://mstestadapter/v2" className="VideoOS.EventServer.GisMap.UnitTest.DB.DataComponent.BuildingComponent_LevelTest" name="TestUpdateLevels_NullMapItems_Success" />
    </UnitTest>
    <UnitTest name="TestWcfObject_GetWcfObjectWithoutExtent_Success" storage="d:\actions-runner\_work\xpco\xpco\eventserver\server\components\central\gismap.unittest\bin\debug\net472\videoos.eventserver.gismap.unittest.dll" id="811d2d85-72f5-81dc-da5e-fa6233c93a0a">
      <TestCategory>
        <TestCategoryItem TestCategory="BusinessObjects" />
      </TestCategory>
      <Execution id="a4111460-968e-48dd-a9e4-651c581db146" />
      <TestMethod codeBase="D:\actions-runner\_work\XPCO\XPCO\EventServer\Server\Components\Central\GisMap.UnitTest\bin\Debug\net472\VideoOS.EventServer.GisMap.UnitTest.dll" adapterTypeName="executor://mstestadapter/v2" className="VideoOS.EventServer.GisMap.UnitTest.BusinessObjects.Layers.MicrophoneLayerTest" name="TestWcfObject_GetWcfObjectWithoutExtent_Success" />
    </UnitTest>
    <UnitTest name="TestAddLevels_Exception_Failure" storage="d:\actions-runner\_work\xpco\xpco\eventserver\server\components\central\gismap.unittest\bin\debug\net472\videoos.eventserver.gismap.unittest.dll" id="a05c3d12-7a0d-46dc-ba10-7b66f15ce019">
      <TestCategory>
        <TestCategoryItem TestCategory="DataComponent" />
      </TestCategory>
      <Execution id="05d5bafb-20f6-4025-9d6a-2ddf981f3060" />
      <TestMethod codeBase="D:\actions-runner\_work\XPCO\XPCO\EventServer\Server\Components\Central\GisMap.UnitTest\bin\Debug\net472\VideoOS.EventServer.GisMap.UnitTest.dll" adapterTypeName="executor://mstestadapter/v2" className="VideoOS.EventServer.GisMap.UnitTest.DB.DataComponent.BuildingComponent_LevelTest" name="TestAddLevels_Exception_Failure" />
    </UnitTest>
    <UnitTest name="FilterAsync_ReturnsNoItems" storage="d:\actions-runner\_work\xpco\xpco\eventserver\server\components\central\gismap.unittest\bin\debug\net472\videoos.eventserver.gismap.unittest.dll" id="ea205de9-6749-c7ef-14e7-22264f57c46c">
      <TestCategory>
        <TestCategoryItem TestCategory="GisMapServices" />
      </TestCategory>
      <Execution id="a0067db9-7097-4c3b-a672-eb52b70a8a12" />
      <TestMethod codeBase="D:\actions-runner\_work\XPCO\XPCO\EventServer\Server\Components\Central\GisMap.UnitTest\bin\Debug\net472\VideoOS.EventServer.GisMap.UnitTest.dll" adapterTypeName="executor://mstestadapter/v2" className="VideoOS.EventServer.GisMap.UnitTest.Services.Clustering.ClusteredItemsAuthorizationWithCountFilterTest" name="FilterAsync_ReturnsNoItems" />
    </UnitTest>
    <UnitTest name="TestAuditLog_AuditLogMapDisplayed_Success" storage="d:\actions-runner\_work\xpco\xpco\eventserver\server\components\central\gismap.unittest\bin\debug\net472\videoos.eventserver.gismap.unittest.dll" id="bdf1081a-26c2-c8c7-9407-30b311fea481">
      <TestCategory>
        <TestCategoryItem TestCategory="BusinessObjects" />
      </TestCategory>
      <Execution id="11f2487d-4fd0-4a89-8be6-3a77b4b0e450" />
      <TestMethod codeBase="D:\actions-runner\_work\XPCO\XPCO\EventServer\Server\Components\Central\GisMap.UnitTest\bin\Debug\net472\VideoOS.EventServer.GisMap.UnitTest.dll" adapterTypeName="executor://mstestadapter/v2" className="VideoOS.EventServer.GisMap.UnitTest.BusinessObjects.Maps.BrowseMapTest" name="TestAuditLog_AuditLogMapDisplayed_Success" />
    </UnitTest>
    <UnitTest name="TestConstructor_ParsingWcfObjectWithNull_Success" storage="d:\actions-runner\_work\xpco\xpco\eventserver\server\components\central\gismap.unittest\bin\debug\net472\videoos.eventserver.gismap.unittest.dll" id="e0c30c38-4acf-7edb-0311-7e2ff9a258c6">
      <TestCategory>
        <TestCategoryItem TestCategory="BusinessObjects" />
      </TestCategory>
      <Execution id="5f527e17-70a4-48fe-994c-5f9d4c388f7d" />
      <TestMethod codeBase="D:\actions-runner\_work\XPCO\XPCO\EventServer\Server\Components\Central\GisMap.UnitTest\bin\Debug\net472\VideoOS.EventServer.GisMap.UnitTest.dll" adapterTypeName="executor://mstestadapter/v2" className="VideoOS.EventServer.GisMap.UnitTest.BusinessObjects.Maps.MapTest" name="TestConstructor_ParsingWcfObjectWithNull_Success" />
    </UnitTest>
    <UnitTest name="InitializeIndex_5Items_2Clusters" storage="d:\actions-runner\_work\xpco\xpco\eventserver\server\components\central\gismap.unittest\bin\debug\net472\videoos.eventserver.gismap.unittest.dll" id="44129e22-5902-4a49-0032-210cb66ea536">
      <TestCategory>
        <TestCategoryItem TestCategory="BusinessObjects" />
      </TestCategory>
      <Execution id="f92cfb21-ecc0-488b-a555-7d0c153f8e86" />
      <TestMethod codeBase="D:\actions-runner\_work\XPCO\XPCO\EventServer\Server\Components\Central\GisMap.UnitTest\bin\Debug\net472\VideoOS.EventServer.GisMap.UnitTest.dll" adapterTypeName="executor://mstestadapter/v2" className="VideoOS.EventServer.GisMap.UnitTest.BusinessObjects.Indexer.MapItemIndexerTest" name="InitializeIndex_5Items_2Clusters" />
    </UnitTest>
    <UnitTest name="TestAuditLog_AuditLogWithNullItemAuditParameters_Failure" storage="d:\actions-runner\_work\xpco\xpco\eventserver\server\components\central\gismap.unittest\bin\debug\net472\videoos.eventserver.gismap.unittest.dll" id="dc5fe6b3-eebf-53e9-38d5-0e5a011c216c">
      <TestCategory>
        <TestCategoryItem TestCategory="BusinessObjects" />
      </TestCategory>
      <Execution id="7cc80768-1f88-448d-b2c5-9906b4598f90" />
      <TestMethod codeBase="D:\actions-runner\_work\XPCO\XPCO\EventServer\Server\Components\Central\GisMap.UnitTest\bin\Debug\net472\VideoOS.EventServer.GisMap.UnitTest.dll" adapterTypeName="executor://mstestadapter/v2" className="VideoOS.EventServer.GisMap.UnitTest.BusinessObjects.Maps.BrowseMapTest" name="TestAuditLog_AuditLogWithNullItemAuditParameters_Failure" />
    </UnitTest>
    <UnitTest name="TestConstructor_ParsingWcfObjectWithoutTransformInfo_Success" storage="d:\actions-runner\_work\xpco\xpco\eventserver\server\components\central\gismap.unittest\bin\debug\net472\videoos.eventserver.gismap.unittest.dll" id="71060007-55e0-b160-6c14-41d2191d62cc">
      <TestCategory>
        <TestCategoryItem TestCategory="BusinessObjects" />
      </TestCategory>
      <Execution id="46b056a1-cc61-4578-87ee-bd2289f8cfab" />
      <TestMethod codeBase="D:\actions-runner\_work\XPCO\XPCO\EventServer\Server\Components\Central\GisMap.UnitTest\bin\Debug\net472\VideoOS.EventServer.GisMap.UnitTest.dll" adapterTypeName="executor://mstestadapter/v2" className="VideoOS.EventServer.GisMap.UnitTest.BusinessObjects.Layers.ShapeFileLayerTest" name="TestConstructor_ParsingWcfObjectWithoutTransformInfo_Success" />
    </UnitTest>
    <UnitTest name="Excludetems_Rises_OnItemsExcluded" storage="d:\actions-runner\_work\xpco\xpco\eventserver\server\components\central\gismap.unittest\bin\debug\net472\videoos.eventserver.gismap.unittest.dll" id="dbfbfac9-0b64-ce92-36c4-cd97af6f6704">
      <TestCategory>
        <TestCategoryItem TestCategory="BusinessObjects" />
      </TestCategory>
      <Execution id="0bcecca7-4acd-45bc-88b8-b84fd9a7be6f" />
      <TestMethod codeBase="D:\actions-runner\_work\XPCO\XPCO\EventServer\Server\Components\Central\GisMap.UnitTest\bin\Debug\net472\VideoOS.EventServer.GisMap.UnitTest.dll" adapterTypeName="executor://mstestadapter/v2" className="VideoOS.EventServer.GisMap.UnitTest.BusinessObjects.Indexer.MapItemIndexerTest" name="Excludetems_Rises_OnItemsExcluded" />
    </UnitTest>
    <UnitTest name="TestPropertyNames_GettingPropertyNames_Success" storage="d:\actions-runner\_work\xpco\xpco\eventserver\server\components\central\gismap.unittest\bin\debug\net472\videoos.eventserver.gismap.unittest.dll" id="0e5e57e7-156f-1afb-4215-734dfc901d81">
      <TestCategory>
        <TestCategoryItem TestCategory="BusinessObjects" />
      </TestCategory>
      <Execution id="9b3aa376-7022-4c24-9bf1-00232fb196fc" />
      <TestMethod codeBase="D:\actions-runner\_work\XPCO\XPCO\EventServer\Server\Components\Central\GisMap.UnitTest\bin\Debug\net472\VideoOS.EventServer.GisMap.UnitTest.dll" adapterTypeName="executor://mstestadapter/v2" className="VideoOS.EventServer.GisMap.UnitTest.BusinessObjects.MapSettingsTest" name="TestPropertyNames_GettingPropertyNames_Success" />
    </UnitTest>
    <UnitTest name="TestAuditLog_AuditLogLayerChanged_Success" storage="d:\actions-runner\_work\xpco\xpco\eventserver\server\components\central\gismap.unittest\bin\debug\net472\videoos.eventserver.gismap.unittest.dll" id="7ee73049-9fdf-3f50-ffdb-fe86cbdad9da">
      <TestCategory>
        <TestCategoryItem TestCategory="BusinessObjects" />
      </TestCategory>
      <Execution id="896ef8d7-5e03-4357-9b9b-3058bc291a94" />
      <TestMethod codeBase="D:\actions-runner\_work\XPCO\XPCO\EventServer\Server\Components\Central\GisMap.UnitTest\bin\Debug\net472\VideoOS.EventServer.GisMap.UnitTest.dll" adapterTypeName="executor://mstestadapter/v2" className="VideoOS.EventServer.GisMap.UnitTest.BusinessObjects.Layers.CADLayerTest" name="TestAuditLog_AuditLogLayerChanged_Success" />
    </UnitTest>
    <UnitTest name="TestReorderLevels_NonUniqueBuildingId_Failure" storage="d:\actions-runner\_work\xpco\xpco\eventserver\server\components\central\gismap.unittest\bin\debug\net472\videoos.eventserver.gismap.unittest.dll" id="61cb0c64-d1e1-e43f-2b31-f68c6eb75f82">
      <TestCategory>
        <TestCategoryItem TestCategory="DataComponent" />
      </TestCategory>
      <Execution id="72578aa0-5f0d-469f-af60-13fe27fc0c50" />
      <TestMethod codeBase="D:\actions-runner\_work\XPCO\XPCO\EventServer\Server\Components\Central\GisMap.UnitTest\bin\Debug\net472\VideoOS.EventServer.GisMap.UnitTest.dll" adapterTypeName="executor://mstestadapter/v2" className="VideoOS.EventServer.GisMap.UnitTest.DB.DataComponent.BuildingComponent_LevelTest" name="TestReorderLevels_NonUniqueBuildingId_Failure" />
    </UnitTest>
    <UnitTest name="TestPropertyNames_GettingPropertyNames_Success" storage="d:\actions-runner\_work\xpco\xpco\eventserver\server\components\central\gismap.unittest\bin\debug\net472\videoos.eventserver.gismap.unittest.dll" id="41f86925-900c-d030-da0d-121d966754ef">
      <TestCategory>
        <TestCategoryItem TestCategory="BusinessObjects" />
      </TestCategory>
      <Execution id="22d72545-d273-4ab3-aca3-8ba1b7aae55c" />
      <TestMethod codeBase="D:\actions-runner\_work\XPCO\XPCO\EventServer\Server\Components\Central\GisMap.UnitTest\bin\Debug\net472\VideoOS.EventServer.GisMap.UnitTest.dll" adapterTypeName="executor://mstestadapter/v2" className="VideoOS.EventServer.GisMap.UnitTest.BusinessObjects.Repositories.CADRepositoryTest" name="TestPropertyNames_GettingPropertyNames_Success" />
    </UnitTest>
    <UnitTest name="Send_Empty_NotSent" storage="d:\actions-runner\_work\xpco\xpco\eventserver\server\components\central\gismap.unittest\bin\debug\net472\videoos.eventserver.gismap.unittest.dll" id="07b80e63-7c2f-589b-2e04-4e8029babfad">
      <TestCategory>
        <TestCategoryItem TestCategory="GisMapServices" />
      </TestCategory>
      <Execution id="607ad63f-acdc-4a4e-8468-316e53080ffd" />
      <TestMethod codeBase="D:\actions-runner\_work\XPCO\XPCO\EventServer\Server\Components\Central\GisMap.UnitTest\bin\Debug\net472\VideoOS.EventServer.GisMap.UnitTest.dll" adapterTypeName="executor://mstestadapter/v2" className="VideoOS.EventServer.GisMap.UnitTest.Services.Events.EventBusTest" name="Send_Empty_NotSent" />
    </UnitTest>
    <UnitTest name="TestConstructor_Success" storage="d:\actions-runner\_work\xpco\xpco\eventserver\server\components\central\gismap.unittest\bin\debug\net472\videoos.eventserver.gismap.unittest.dll" id="746bd023-03df-7114-9f0e-7c5538738f75">
      <TestCategory>
        <TestCategoryItem TestCategory="BusinessObjects" />
      </TestCategory>
      <Execution id="8b552fec-1168-49fb-bb49-c98b471421dc" />
      <TestMethod codeBase="D:\actions-runner\_work\XPCO\XPCO\EventServer\Server\Components\Central\GisMap.UnitTest\bin\Debug\net472\VideoOS.EventServer.GisMap.UnitTest.dll" adapterTypeName="executor://mstestadapter/v2" className="VideoOS.EventServer.GisMap.UnitTest.BusinessObjects.Layers.ViewZoneLayerTest" name="TestConstructor_Success" />
    </UnitTest>
    <UnitTest name="TestConstructor_ParsingWcfObjectWithoutExtent_Success" storage="d:\actions-runner\_work\xpco\xpco\eventserver\server\components\central\gismap.unittest\bin\debug\net472\videoos.eventserver.gismap.unittest.dll" id="d8ab00bc-0a1b-9be6-ec5b-0912cb157711">
      <TestCategory>
        <TestCategoryItem TestCategory="BusinessObjects" />
      </TestCategory>
      <Execution id="89816d5c-6765-4122-a6bc-c6cb408ad85e" />
      <TestMethod codeBase="D:\actions-runner\_work\XPCO\XPCO\EventServer\Server\Components\Central\GisMap.UnitTest\bin\Debug\net472\VideoOS.EventServer.GisMap.UnitTest.dll" adapterTypeName="executor://mstestadapter/v2" className="VideoOS.EventServer.GisMap.UnitTest.BusinessObjects.Layers.BuildingLayerTest" name="TestConstructor_ParsingWcfObjectWithoutExtent_Success" />
    </UnitTest>
    <UnitTest name="TestDeleteBuilding_MultipleRows_Failure" storage="d:\actions-runner\_work\xpco\xpco\eventserver\server\components\central\gismap.unittest\bin\debug\net472\videoos.eventserver.gismap.unittest.dll" id="6785586f-25cc-0aad-243a-6c4cd6551188">
      <TestCategory>
        <TestCategoryItem TestCategory="DataComponent" />
      </TestCategory>
      <Execution id="92ce06a0-1707-4db9-ae3a-c53c1e8fc432" />
      <TestMethod codeBase="D:\actions-runner\_work\XPCO\XPCO\EventServer\Server\Components\Central\GisMap.UnitTest\bin\Debug\net472\VideoOS.EventServer.GisMap.UnitTest.dll" adapterTypeName="executor://mstestadapter/v2" className="VideoOS.EventServer.GisMap.UnitTest.DB.DataComponent.BuildingComponentTest" name="TestDeleteBuilding_MultipleRows_Failure" />
    </UnitTest>
    <UnitTest name="TestConstructor_ParsingWcfObjectWithNull_Success" storage="d:\actions-runner\_work\xpco\xpco\eventserver\server\components\central\gismap.unittest\bin\debug\net472\videoos.eventserver.gismap.unittest.dll" id="36f7ffc5-4303-4f16-8cf5-72d7038c3fc9">
      <TestCategory>
        <TestCategoryItem TestCategory="BusinessObjects" />
      </TestCategory>
      <Execution id="f223bdbb-4e57-465c-8b21-a490f884be34" />
      <TestMethod codeBase="D:\actions-runner\_work\XPCO\XPCO\EventServer\Server\Components\Central\GisMap.UnitTest\bin\Debug\net472\VideoOS.EventServer.GisMap.UnitTest.dll" adapterTypeName="executor://mstestadapter/v2" className="VideoOS.EventServer.GisMap.UnitTest.BusinessObjects.Maps.BrowseMapTest" name="TestConstructor_ParsingWcfObjectWithNull_Success" />
    </UnitTest>
    <UnitTest name="TestWcfObject_ConvertToWcfObject_Success" storage="d:\actions-runner\_work\xpco\xpco\eventserver\server\components\central\gismap.unittest\bin\debug\net472\videoos.eventserver.gismap.unittest.dll" id="4625213c-c4c6-194d-1838-c46fdcca2107">
      <TestCategory>
        <TestCategoryItem TestCategory="BusinessObjects" />
      </TestCategory>
      <Execution id="c6e9d0d6-140c-4dec-bade-2e9093d4c211" />
      <TestMethod codeBase="D:\actions-runner\_work\XPCO\XPCO\EventServer\Server\Components\Central\GisMap.UnitTest\bin\Debug\net472\VideoOS.EventServer.GisMap.UnitTest.dll" adapterTypeName="executor://mstestadapter/v2" className="VideoOS.EventServer.GisMap.UnitTest.BusinessObjects.Maps.MapTest" name="TestWcfObject_ConvertToWcfObject_Success" />
    </UnitTest>
    <UnitTest name="TestUpdateProperties_UpdateAllProperties_Success" storage="d:\actions-runner\_work\xpco\xpco\eventserver\server\components\central\gismap.unittest\bin\debug\net472\videoos.eventserver.gismap.unittest.dll" id="20f48aed-1e6c-3774-d5cc-1668524098ab">
      <TestCategory>
        <TestCategoryItem TestCategory="BusinessObjects" />
      </TestCategory>
      <Execution id="64f2504d-6114-407e-b53a-a73a0e27d97e" />
      <TestMethod codeBase="D:\actions-runner\_work\XPCO\XPCO\EventServer\Server\Components\Central\GisMap.UnitTest\bin\Debug\net472\VideoOS.EventServer.GisMap.UnitTest.dll" adapterTypeName="executor://mstestadapter/v2" className="VideoOS.EventServer.GisMap.UnitTest.BusinessObjects.Layers.LinkLayerTest" name="TestUpdateProperties_UpdateAllProperties_Success" />
    </UnitTest>
    <UnitTest name="AllItems_NotExistAfterClear" storage="d:\actions-runner\_work\xpco\xpco\eventserver\server\components\central\gismap.unittest\bin\debug\net472\videoos.eventserver.gismap.unittest.dll" id="4cb27c6f-9918-3553-f9c8-f8aa01445295">
      <TestCategory>
        <TestCategoryItem TestCategory="BusinessObjects" />
      </TestCategory>
      <Execution id="777a13ba-56ea-4148-b3d8-b1520d43e2d1" />
      <TestMethod codeBase="D:\actions-runner\_work\XPCO\XPCO\EventServer\Server\Components\Central\GisMap.UnitTest\bin\Debug\net472\VideoOS.EventServer.GisMap.UnitTest.dll" adapterTypeName="executor://mstestadapter/v2" className="VideoOS.EventServer.GisMap.UnitTest.BusinessObjects.Indexer.MapItemIndexerTest" name="AllItems_NotExistAfterClear" />
    </UnitTest>
    <UnitTest name="TestAddLevels_DatabaseException_NonUniqueBuildingId_Failure" storage="d:\actions-runner\_work\xpco\xpco\eventserver\server\components\central\gismap.unittest\bin\debug\net472\videoos.eventserver.gismap.unittest.dll" id="9d275ce6-7efc-3e8f-9ccf-4a0309de2e06">
      <TestCategory>
        <TestCategoryItem TestCategory="DataComponent" />
      </TestCategory>
      <Execution id="a4bef165-b730-4301-819d-658bd885b7cb" />
      <TestMethod codeBase="D:\actions-runner\_work\XPCO\XPCO\EventServer\Server\Components\Central\GisMap.UnitTest\bin\Debug\net472\VideoOS.EventServer.GisMap.UnitTest.dll" adapterTypeName="executor://mstestadapter/v2" className="VideoOS.EventServer.GisMap.UnitTest.DB.DataComponent.BuildingComponent_LevelTest" name="TestAddLevels_DatabaseException_NonUniqueBuildingId_Failure" />
    </UnitTest>
    <UnitTest name="TestUpdateProperties_UpdateAllProperties_Success" storage="d:\actions-runner\_work\xpco\xpco\eventserver\server\components\central\gismap.unittest\bin\debug\net472\videoos.eventserver.gismap.unittest.dll" id="e8c563f6-2a49-d4ae-5b78-4cd29410569d">
      <TestCategory>
        <TestCategoryItem TestCategory="BusinessObjects" />
      </TestCategory>
      <Execution id="d5eef905-7da0-4e4d-9743-98ab79e1f369" />
      <TestMethod codeBase="D:\actions-runner\_work\XPCO\XPCO\EventServer\Server\Components\Central\GisMap.UnitTest\bin\Debug\net472\VideoOS.EventServer.GisMap.UnitTest.dll" adapterTypeName="executor://mstestadapter/v2" className="VideoOS.EventServer.GisMap.UnitTest.BusinessObjects.TransformInfoTest" name="TestUpdateProperties_UpdateAllProperties_Success" />
    </UnitTest>
    <UnitTest name="TestWcfObject_GetWcfObjectWithoutExtent_Success" storage="d:\actions-runner\_work\xpco\xpco\eventserver\server\components\central\gismap.unittest\bin\debug\net472\videoos.eventserver.gismap.unittest.dll" id="8ece25b2-85c1-6c5c-6450-bff475f02b6b">
      <TestCategory>
        <TestCategoryItem TestCategory="BusinessObjects" />
      </TestCategory>
      <Execution id="053e7de4-b66e-4e8b-8def-cd2d9fad06c1" />
      <TestMethod codeBase="D:\actions-runner\_work\XPCO\XPCO\EventServer\Server\Components\Central\GisMap.UnitTest\bin\Debug\net472\VideoOS.EventServer.GisMap.UnitTest.dll" adapterTypeName="executor://mstestadapter/v2" className="VideoOS.EventServer.GisMap.UnitTest.BusinessObjects.Layers.ImageLayerTest" name="TestWcfObject_GetWcfObjectWithoutExtent_Success" />
    </UnitTest>
    <UnitTest name="TestConstructor_Success" storage="d:\actions-runner\_work\xpco\xpco\eventserver\server\components\central\gismap.unittest\bin\debug\net472\videoos.eventserver.gismap.unittest.dll" id="2933d78f-9b5e-7f9d-5d86-010c98506a2d">
      <TestCategory>
        <TestCategoryItem TestCategory="BusinessObjects" />
      </TestCategory>
      <Execution id="b536360c-9c6d-4fa2-9b6f-bb8506217dca" />
      <TestMethod codeBase="D:\actions-runner\_work\XPCO\XPCO\EventServer\Server\Components\Central\GisMap.UnitTest\bin\Debug\net472\VideoOS.EventServer.GisMap.UnitTest.dll" adapterTypeName="executor://mstestadapter/v2" className="VideoOS.EventServer.GisMap.UnitTest.BusinessObjects.Layers.MipLayerTest" name="TestConstructor_Success" />
    </UnitTest>
    <UnitTest name="TestWcfObject_GetWcfObject_Success" storage="d:\actions-runner\_work\xpco\xpco\eventserver\server\components\central\gismap.unittest\bin\debug\net472\videoos.eventserver.gismap.unittest.dll" id="2a2d9806-dab7-0fee-a434-4d24eb4cbd83">
      <TestCategory>
        <TestCategoryItem TestCategory="BusinessObjects" />
      </TestCategory>
      <Execution id="8e7cf9cf-a924-4870-ab51-57216cc2d4d4" />
      <TestMethod codeBase="D:\actions-runner\_work\XPCO\XPCO\EventServer\Server\Components\Central\GisMap.UnitTest\bin\Debug\net472\VideoOS.EventServer.GisMap.UnitTest.dll" adapterTypeName="executor://mstestadapter/v2" className="VideoOS.EventServer.GisMap.UnitTest.BusinessObjects.Layers.LinkLayerTest" name="TestWcfObject_GetWcfObject_Success" />
    </UnitTest>
    <UnitTest name="TestWcfObject_GetWcfObjectWithNoPosition_Success" storage="d:\actions-runner\_work\xpco\xpco\eventserver\server\components\central\gismap.unittest\bin\debug\net472\videoos.eventserver.gismap.unittest.dll" id="77a34115-e210-c108-4631-a73effb015a7">
      <TestCategory>
        <TestCategoryItem TestCategory="BusinessObjects" />
      </TestCategory>
      <Execution id="c8208b55-9a84-456c-b9dd-db902c16a27f" />
      <TestMethod codeBase="D:\actions-runner\_work\XPCO\XPCO\EventServer\Server\Components\Central\GisMap.UnitTest\bin\Debug\net472\VideoOS.EventServer.GisMap.UnitTest.dll" adapterTypeName="executor://mstestadapter/v2" className="VideoOS.EventServer.GisMap.UnitTest.BusinessObjects.Items.LegacyLinkItemTest" name="TestWcfObject_GetWcfObjectWithNoPosition_Success" />
    </UnitTest>
    <UnitTest name="TestCapabilities_Opened_Success" storage="d:\actions-runner\_work\xpco\xpco\eventserver\server\components\central\gismap.unittest\bin\debug\net472\videoos.eventserver.gismap.unittest.dll" id="aefecab0-bd07-aad7-eee6-85c8245976ba">
      <TestCategory>
        <TestCategoryItem TestCategory="GisCommand" />
      </TestCategory>
      <Execution id="e4e97911-52e9-4f22-8fee-174d1c91088c" />
      <TestMethod codeBase="D:\actions-runner\_work\XPCO\XPCO\EventServer\Server\Components\Central\GisMap.UnitTest\bin\Debug\net472\VideoOS.EventServer.GisMap.UnitTest.dll" adapterTypeName="executor://mstestadapter/v2" className="VideoOS.EventServer.GisMap.UnitTest.WebService.GisBuildingCommandTest" name="TestCapabilities_Opened_Success" />
    </UnitTest>
    <UnitTest name="TestWcfObject_GetWcfObject_Success" storage="d:\actions-runner\_work\xpco\xpco\eventserver\server\components\central\gismap.unittest\bin\debug\net472\videoos.eventserver.gismap.unittest.dll" id="3764f41b-f9cb-0885-316f-a957903d1b79">
      <TestCategory>
        <TestCategoryItem TestCategory="BusinessObjects" />
      </TestCategory>
      <Execution id="4b906cf3-3c9e-4643-a6f5-d37f70c36328" />
      <TestMethod codeBase="D:\actions-runner\_work\XPCO\XPCO\EventServer\Server\Components\Central\GisMap.UnitTest\bin\Debug\net472\VideoOS.EventServer.GisMap.UnitTest.dll" adapterTypeName="executor://mstestadapter/v2" className="VideoOS.EventServer.GisMap.UnitTest.BusinessObjects.Layers.OpenStreetMapLayerTest" name="TestWcfObject_GetWcfObject_Success" />
    </UnitTest>
    <UnitTest name="GetMipItemsByKindAndArea_Success" storage="d:\actions-runner\_work\xpco\xpco\eventserver\server\components\central\gismap.unittest\bin\debug\net472\videoos.eventserver.gismap.unittest.dll" id="1f5d248f-73b7-ff37-ee73-daed54890e10">
      <TestCategory>
        <TestCategoryItem TestCategory="GisMapMipItems" />
      </TestCategory>
      <Execution id="68784284-e93a-4053-90a1-fe5d241c2873" />
      <TestMethod codeBase="D:\actions-runner\_work\XPCO\XPCO\EventServer\Server\Components\Central\GisMap.UnitTest\bin\Debug\net472\VideoOS.EventServer.GisMap.UnitTest.dll" adapterTypeName="executor://mstestadapter/v2" className="VideoOS.EventServer.GisMap.UnitTest.WebService.GisMipItemCommandTest" name="GetMipItemsByKindAndArea_Success" />
    </UnitTest>
    <UnitTest name="TestAddLevels_OnlyUnknownLevels_Success" storage="d:\actions-runner\_work\xpco\xpco\eventserver\server\components\central\gismap.unittest\bin\debug\net472\videoos.eventserver.gismap.unittest.dll" id="20f8962c-5092-11a0-6422-f1f46c1e62a3">
      <TestCategory>
        <TestCategoryItem TestCategory="DataComponent" />
      </TestCategory>
      <Execution id="cfe616bf-7fe3-4fcd-b173-2701e57b1639" />
      <TestMethod codeBase="D:\actions-runner\_work\XPCO\XPCO\EventServer\Server\Components\Central\GisMap.UnitTest\bin\Debug\net472\VideoOS.EventServer.GisMap.UnitTest.dll" adapterTypeName="executor://mstestadapter/v2" className="VideoOS.EventServer.GisMap.UnitTest.DB.DataComponent.BuildingComponent_LevelTest" name="TestAddLevels_OnlyUnknownLevels_Success" />
    </UnitTest>
    <UnitTest name="TestUpdateBuildings_NullOutline_Success" storage="d:\actions-runner\_work\xpco\xpco\eventserver\server\components\central\gismap.unittest\bin\debug\net472\videoos.eventserver.gismap.unittest.dll" id="e6cf7354-a8a6-7200-c1dc-f1390bf8a393">
      <TestCategory>
        <TestCategoryItem TestCategory="DataComponent" />
      </TestCategory>
      <Execution id="fd6f9cb6-4959-4d4b-99ed-25d3f3dc6372" />
      <TestMethod codeBase="D:\actions-runner\_work\XPCO\XPCO\EventServer\Server\Components\Central\GisMap.UnitTest\bin\Debug\net472\VideoOS.EventServer.GisMap.UnitTest.dll" adapterTypeName="executor://mstestadapter/v2" className="VideoOS.EventServer.GisMap.UnitTest.DB.DataComponent.BuildingComponentTest" name="TestUpdateBuildings_NullOutline_Success" />
    </UnitTest>
    <UnitTest name="TestAuditLog_NullLevelAuditParameters_Building_Failure" storage="d:\actions-runner\_work\xpco\xpco\eventserver\server\components\central\gismap.unittest\bin\debug\net472\videoos.eventserver.gismap.unittest.dll" id="6996c8e0-08a0-bfff-fca5-a05e55543939">
      <TestCategory>
        <TestCategoryItem TestCategory="BusinessObjects" />
      </TestCategory>
      <Execution id="7efbb984-c782-45e0-8cdf-b1f39973ec47" />
      <TestMethod codeBase="D:\actions-runner\_work\XPCO\XPCO\EventServer\Server\Components\Central\GisMap.UnitTest\bin\Debug\net472\VideoOS.EventServer.GisMap.UnitTest.dll" adapterTypeName="executor://mstestadapter/v2" className="VideoOS.EventServer.GisMap.UnitTest.BusinessObjects.Buildings.LevelTest" name="TestAuditLog_NullLevelAuditParameters_Building_Failure" />
    </UnitTest>
    <UnitTest name="TestConstructor_ParsingWcfObjectWithoutExtent_Success" storage="d:\actions-runner\_work\xpco\xpco\eventserver\server\components\central\gismap.unittest\bin\debug\net472\videoos.eventserver.gismap.unittest.dll" id="1a7d046c-169c-9a92-3c61-35895eae39ce">
      <TestCategory>
        <TestCategoryItem TestCategory="BusinessObjects" />
      </TestCategory>
      <Execution id="37f66209-07b5-4d6f-961b-e8c2fc1e152e" />
      <TestMethod codeBase="D:\actions-runner\_work\XPCO\XPCO\EventServer\Server\Components\Central\GisMap.UnitTest\bin\Debug\net472\VideoOS.EventServer.GisMap.UnitTest.dll" adapterTypeName="executor://mstestadapter/v2" className="VideoOS.EventServer.GisMap.UnitTest.BusinessObjects.Layers.ImageLayerTest" name="TestConstructor_ParsingWcfObjectWithoutExtent_Success" />
    </UnitTest>
    <UnitTest name="BuildClusters_3Buildings" storage="d:\actions-runner\_work\xpco\xpco\eventserver\server\components\central\gismap.unittest\bin\debug\net472\videoos.eventserver.gismap.unittest.dll" id="bf0e4b1f-683f-dc6c-89fe-c24204c6eb29">
      <TestCategory>
        <TestCategoryItem TestCategory="BusinessObjects" />
      </TestCategory>
      <Execution id="c3610f12-8205-4cd2-ba12-d8e9826564f5" />
      <TestMethod codeBase="D:\actions-runner\_work\XPCO\XPCO\EventServer\Server\Components\Central\GisMap.UnitTest\bin\Debug\net472\VideoOS.EventServer.GisMap.UnitTest.dll" adapterTypeName="executor://mstestadapter/v2" className="VideoOS.EventServer.GisMap.UnitTest.BusinessObjects.Indexer.Clustering.BuildingsAwareClusterStrategyTest" name="BuildClusters_3Buildings" />
    </UnitTest>
    <UnitTest name="TestAuditLog_AuditLogLayerRemoved_Success" storage="d:\actions-runner\_work\xpco\xpco\eventserver\server\components\central\gismap.unittest\bin\debug\net472\videoos.eventserver.gismap.unittest.dll" id="a740fbf0-9aa2-cd52-dab0-01c20d647d43">
      <TestCategory>
        <TestCategoryItem TestCategory="BusinessObjects" />
      </TestCategory>
      <Execution id="3f16522a-f0e7-4da9-9646-851501c34398" />
      <TestMethod codeBase="D:\actions-runner\_work\XPCO\XPCO\EventServer\Server\Components\Central\GisMap.UnitTest\bin\Debug\net472\VideoOS.EventServer.GisMap.UnitTest.dll" adapterTypeName="executor://mstestadapter/v2" className="VideoOS.EventServer.GisMap.UnitTest.BusinessObjects.Layers.CADLayerTest" name="TestAuditLog_AuditLogLayerRemoved_Success" />
    </UnitTest>
    <UnitTest name="TestUpdateLevels_NoUpdates_Success" storage="d:\actions-runner\_work\xpco\xpco\eventserver\server\components\central\gismap.unittest\bin\debug\net472\videoos.eventserver.gismap.unittest.dll" id="57eb827e-22de-ea5e-ac49-20767f9ce186">
      <TestCategory>
        <TestCategoryItem TestCategory="DataComponent" />
      </TestCategory>
      <Execution id="c418a89f-c545-45ff-a5e5-1cc2c8b17826" />
      <TestMethod codeBase="D:\actions-runner\_work\XPCO\XPCO\EventServer\Server\Components\Central\GisMap.UnitTest\bin\Debug\net472\VideoOS.EventServer.GisMap.UnitTest.dll" adapterTypeName="executor://mstestadapter/v2" className="VideoOS.EventServer.GisMap.UnitTest.DB.DataComponent.BuildingComponent_LevelTest" name="TestUpdateLevels_NoUpdates_Success" />
    </UnitTest>
    <UnitTest name="TestConstructor_ParsingWcfObject_Success" storage="d:\actions-runner\_work\xpco\xpco\eventserver\server\components\central\gismap.unittest\bin\debug\net472\videoos.eventserver.gismap.unittest.dll" id="0e546871-92ca-2379-fab8-fca184e7cd10">
      <TestCategory>
        <TestCategoryItem TestCategory="BusinessObjects" />
      </TestCategory>
      <Execution id="ecdcf079-2531-4f6b-b707-2f2493de684a" />
      <TestMethod codeBase="D:\actions-runner\_work\XPCO\XPCO\EventServer\Server\Components\Central\GisMap.UnitTest\bin\Debug\net472\VideoOS.EventServer.GisMap.UnitTest.dll" adapterTypeName="executor://mstestadapter/v2" className="VideoOS.EventServer.GisMap.UnitTest.BusinessObjects.Layers.ShapeFileLayerTest" name="TestConstructor_ParsingWcfObject_Success" />
    </UnitTest>
    <UnitTest name="TestWcfObject_GetWcfObject_Success" storage="d:\actions-runner\_work\xpco\xpco\eventserver\server\components\central\gismap.unittest\bin\debug\net472\videoos.eventserver.gismap.unittest.dll" id="e5847aa1-876b-7024-6828-4efbdc1d0e5a">
      <TestCategory>
        <TestCategoryItem TestCategory="BusinessObjects" />
      </TestCategory>
      <Execution id="988d7fd4-be0b-4b17-946a-8ba7dc6078ac" />
      <TestMethod codeBase="D:\actions-runner\_work\XPCO\XPCO\EventServer\Server\Components\Central\GisMap.UnitTest\bin\Debug\net472\VideoOS.EventServer.GisMap.UnitTest.dll" adapterTypeName="executor://mstestadapter/v2" className="VideoOS.EventServer.GisMap.UnitTest.BusinessObjects.Layers.CADLayerTest" name="TestWcfObject_GetWcfObject_Success" />
    </UnitTest>
    <UnitTest name="AddNewItem_Success" storage="d:\actions-runner\_work\xpco\xpco\eventserver\server\components\central\gismap.unittest\bin\debug\net472\videoos.eventserver.gismap.unittest.dll" id="066390a6-0c18-98b7-6f8e-ce212a91b6c9">
      <TestCategory>
        <TestCategoryItem TestCategory="GisMapServices" />
      </TestCategory>
      <Execution id="a34fb76c-c529-41fb-9358-d77b3b75cdd3" />
      <TestMethod codeBase="D:\actions-runner\_work\XPCO\XPCO\EventServer\Server\Components\Central\GisMap.UnitTest\bin\Debug\net472\VideoOS.EventServer.GisMap.UnitTest.dll" adapterTypeName="executor://mstestadapter/v2" className="VideoOS.EventServer.GisMap.UnitTest.Services.Clustering.MapDataUpdaterTest" name="AddNewItem_Success" />
    </UnitTest>
    <UnitTest name="TestUpdateProperties_UpdateAllProperties_Success" storage="d:\actions-runner\_work\xpco\xpco\eventserver\server\components\central\gismap.unittest\bin\debug\net472\videoos.eventserver.gismap.unittest.dll" id="976aee34-4917-6995-10e6-86b8ca5eef0f">
      <TestCategory>
        <TestCategoryItem TestCategory="BusinessObjects" />
      </TestCategory>
      <Execution id="180d8f0b-180d-484a-9080-f6d610619893" />
      <TestMethod codeBase="D:\actions-runner\_work\XPCO\XPCO\EventServer\Server\Components\Central\GisMap.UnitTest\bin\Debug\net472\VideoOS.EventServer.GisMap.UnitTest.dll" adapterTypeName="executor://mstestadapter/v2" className="VideoOS.EventServer.GisMap.UnitTest.BusinessObjects.PositionTest" name="TestUpdateProperties_UpdateAllProperties_Success" />
    </UnitTest>
    <UnitTest name="TestFactory_Success" storage="d:\actions-runner\_work\xpco\xpco\eventserver\server\components\central\gismap.unittest\bin\debug\net472\videoos.eventserver.gismap.unittest.dll" id="c334bc67-8ff9-4161-02ad-25619016df5f">
      <Execution id="1a1cdf91-ccf8-4626-80f7-9f0eb3feab50" />
      <TestMethod codeBase="D:\actions-runner\_work\XPCO\XPCO\EventServer\Server\Components\Central\GisMap.UnitTest\bin\Debug\net472\VideoOS.EventServer.GisMap.UnitTest.dll" adapterTypeName="executor://mstestadapter/v2" className="VideoOS.EventServer.GisMap.UnitTest.BusinessObjects.Buildings.BuildingMapItemFactoryTest" name="TestFactory_Success" />
    </UnitTest>
    <UnitTest name="TestQueryBuildingByBuildingId_ZeroRows_Failure" storage="d:\actions-runner\_work\xpco\xpco\eventserver\server\components\central\gismap.unittest\bin\debug\net472\videoos.eventserver.gismap.unittest.dll" id="4efece0c-610b-ae49-3b7c-a171e539941a">
      <TestCategory>
        <TestCategoryItem TestCategory="DataComponent" />
      </TestCategory>
      <Execution id="01a12ef8-497a-4211-8336-49a1a6b06f87" />
      <TestMethod codeBase="D:\actions-runner\_work\XPCO\XPCO\EventServer\Server\Components\Central\GisMap.UnitTest\bin\Debug\net472\VideoOS.EventServer.GisMap.UnitTest.dll" adapterTypeName="executor://mstestadapter/v2" className="VideoOS.EventServer.GisMap.UnitTest.DB.DataComponent.BuildingComponentTest" name="TestQueryBuildingByBuildingId_ZeroRows_Failure" />
    </UnitTest>
    <UnitTest name="TestConstructor_ParsingWcfObjectEmptyOutline_Success" storage="d:\actions-runner\_work\xpco\xpco\eventserver\server\components\central\gismap.unittest\bin\debug\net472\videoos.eventserver.gismap.unittest.dll" id="47607c4c-e7ac-953f-458b-a3c0040bf011">
      <TestCategory>
        <TestCategoryItem TestCategory="BusinessObjects" />
      </TestCategory>
      <Execution id="0f380712-e7e0-476c-ba34-8db5bd51e7ca" />
      <TestMethod codeBase="D:\actions-runner\_work\XPCO\XPCO\EventServer\Server\Components\Central\GisMap.UnitTest\bin\Debug\net472\VideoOS.EventServer.GisMap.UnitTest.dll" adapterTypeName="executor://mstestadapter/v2" className="VideoOS.EventServer.GisMap.UnitTest.BusinessObjects.Buildings.BuildingTest" name="TestConstructor_ParsingWcfObjectEmptyOutline_Success" />
    </UnitTest>
    <UnitTest name="TestQueryLayerByLayerId_Success" storage="d:\actions-runner\_work\xpco\xpco\eventserver\server\components\central\gismap.unittest\bin\debug\net472\videoos.eventserver.gismap.unittest.dll" id="743b9db0-6a0f-7501-ff12-756b83ece87a">
      <TestCategory>
        <TestCategoryItem TestCategory="DataComponent" />
      </TestCategory>
      <Execution id="a5c23c08-56c7-406d-9aa8-07f1e0c94769" />
      <TestMethod codeBase="D:\actions-runner\_work\XPCO\XPCO\EventServer\Server\Components\Central\GisMap.UnitTest\bin\Debug\net472\VideoOS.EventServer.GisMap.UnitTest.dll" adapterTypeName="executor://mstestadapter/v2" className="VideoOS.EventServer.GisMap.UnitTest.DB.DataComponent.LayerComponentTest" name="TestQueryLayerByLayerId_Success" />
    </UnitTest>
    <UnitTest name="UpdateLevel_IgnoreLevelItemsThatAreNotPartOfIndexer" storage="d:\actions-runner\_work\xpco\xpco\eventserver\server\components\central\gismap.unittest\bin\debug\net472\videoos.eventserver.gismap.unittest.dll" id="0fe8c2d0-ab9d-9b21-6a79-90d5c8333662">
      <TestCategory>
        <TestCategoryItem TestCategory="BusinessObjects" />
      </TestCategory>
      <Execution id="bbe7fb6a-9a9a-4061-8c5c-62a3a07f0f87" />
      <TestMethod codeBase="D:\actions-runner\_work\XPCO\XPCO\EventServer\Server\Components\Central\GisMap.UnitTest\bin\Debug\net472\VideoOS.EventServer.GisMap.UnitTest.dll" adapterTypeName="executor://mstestadapter/v2" className="VideoOS.EventServer.GisMap.UnitTest.BusinessObjects.Indexer.Buildings.BuildingIndexTest" name="UpdateLevel_IgnoreLevelItemsThatAreNotPartOfIndexer" />
    </UnitTest>
    <UnitTest name="TestConstructor_ParsingWcfObject_Success" storage="d:\actions-runner\_work\xpco\xpco\eventserver\server\components\central\gismap.unittest\bin\debug\net472\videoos.eventserver.gismap.unittest.dll" id="87b6963a-14f0-3758-db39-bb05a3ddfb74">
      <TestCategory>
        <TestCategoryItem TestCategory="BusinessObjects" />
      </TestCategory>
      <Execution id="1998f9b4-bf36-413b-af13-5657e91cca25" />
      <TestMethod codeBase="D:\actions-runner\_work\XPCO\XPCO\EventServer\Server\Components\Central\GisMap.UnitTest\bin\Debug\net472\VideoOS.EventServer.GisMap.UnitTest.dll" adapterTypeName="executor://mstestadapter/v2" className="VideoOS.EventServer.GisMap.UnitTest.BusinessObjects.Layers.LocationLayerTest" name="TestConstructor_ParsingWcfObject_Success" />
    </UnitTest>
    <UnitTest name="TestAddBuildings_OnlyUnknownBuildings_Success" storage="d:\actions-runner\_work\xpco\xpco\eventserver\server\components\central\gismap.unittest\bin\debug\net472\videoos.eventserver.gismap.unittest.dll" id="b1f41409-c3ed-2f26-8c3f-9b18c1d05f5c">
      <TestCategory>
        <TestCategoryItem TestCategory="DataComponent" />
      </TestCategory>
      <Execution id="3a0eb96e-0244-4634-afe0-9b2effead55a" />
      <TestMethod codeBase="D:\actions-runner\_work\XPCO\XPCO\EventServer\Server\Components\Central\GisMap.UnitTest\bin\Debug\net472\VideoOS.EventServer.GisMap.UnitTest.dll" adapterTypeName="executor://mstestadapter/v2" className="VideoOS.EventServer.GisMap.UnitTest.DB.DataComponent.BuildingComponentTest" name="TestAddBuildings_OnlyUnknownBuildings_Success" />
    </UnitTest>
    <UnitTest name="TestConstructor_ParsingWcfObjectWithNull_Success" storage="d:\actions-runner\_work\xpco\xpco\eventserver\server\components\central\gismap.unittest\bin\debug\net472\videoos.eventserver.gismap.unittest.dll" id="a2477821-055b-9066-54fb-985208058e05">
      <TestCategory>
        <TestCategoryItem TestCategory="BusinessObjects" />
      </TestCategory>
      <Execution id="01dec408-5906-4575-9e8f-f57ea8cc0fd6" />
      <TestMethod codeBase="D:\actions-runner\_work\XPCO\XPCO\EventServer\Server\Components\Central\GisMap.UnitTest\bin\Debug\net472\VideoOS.EventServer.GisMap.UnitTest.dll" adapterTypeName="executor://mstestadapter/v2" className="VideoOS.EventServer.GisMap.UnitTest.BusinessObjects.Repositories.ImageRepositoryTest" name="TestConstructor_ParsingWcfObjectWithNull_Success" />
    </UnitTest>
    <UnitTest name="TestConstructor_Success" storage="d:\actions-runner\_work\xpco\xpco\eventserver\server\components\central\gismap.unittest\bin\debug\net472\videoos.eventserver.gismap.unittest.dll" id="d1feca10-b072-e0a6-da9f-2f41bfdf07c2">
      <TestCategory>
        <TestCategoryItem TestCategory="BusinessObjects" />
      </TestCategory>
      <Execution id="45bf4e77-a325-42c9-aead-001202101ff1" />
      <TestMethod codeBase="D:\actions-runner\_work\XPCO\XPCO\EventServer\Server\Components\Central\GisMap.UnitTest\bin\Debug\net472\VideoOS.EventServer.GisMap.UnitTest.dll" adapterTypeName="executor://mstestadapter/v2" className="VideoOS.EventServer.GisMap.UnitTest.BusinessObjects.Layers.CADLayerTest" name="TestConstructor_Success" />
    </UnitTest>
    <UnitTest name="AddBuilding" storage="d:\actions-runner\_work\xpco\xpco\eventserver\server\components\central\gismap.unittest\bin\debug\net472\videoos.eventserver.gismap.unittest.dll" id="4a6b21bb-5bba-4983-b68d-5e6937cebf15">
      <TestCategory>
        <TestCategoryItem TestCategory="BusinessObjects" />
      </TestCategory>
      <Execution id="36d4f548-304c-4f95-95d7-2bb129c3799a" />
      <TestMethod codeBase="D:\actions-runner\_work\XPCO\XPCO\EventServer\Server\Components\Central\GisMap.UnitTest\bin\Debug\net472\VideoOS.EventServer.GisMap.UnitTest.dll" adapterTypeName="executor://mstestadapter/v2" className="VideoOS.EventServer.GisMap.UnitTest.BusinessObjects.Indexer.Buildings.BuildingItemsIndexerTest" name="AddBuilding" />
    </UnitTest>
    <UnitTest name="ConstructorFromItem_WhenPositionEmpty_IsMapEnabledFalse" storage="d:\actions-runner\_work\xpco\xpco\eventserver\server\components\central\gismap.unittest\bin\debug\net472\videoos.eventserver.gismap.unittest.dll" id="d41c6327-ea90-b94f-1f78-624102c742e4">
      <TestCategory>
        <TestCategoryItem TestCategory="BusinessObjects" />
      </TestCategory>
      <Execution id="47499c81-4996-47ee-86ec-cf8249bdc28b" />
      <TestMethod codeBase="D:\actions-runner\_work\XPCO\XPCO\EventServer\Server\Components\Central\GisMap.UnitTest\bin\Debug\net472\VideoOS.EventServer.GisMap.UnitTest.dll" adapterTypeName="executor://mstestadapter/v2" className="VideoOS.EventServer.GisMap.UnitTest.BusinessObjects.Indexer.MapItemTest" name="ConstructorFromItem_WhenPositionEmpty_IsMapEnabledFalse" />
    </UnitTest>
    <UnitTest name="TestWcfObject_ConvertToWcfObjectEmptyOutline_Success" storage="d:\actions-runner\_work\xpco\xpco\eventserver\server\components\central\gismap.unittest\bin\debug\net472\videoos.eventserver.gismap.unittest.dll" id="6e05f086-3ad3-b5e2-47c5-d7b514255409">
      <TestCategory>
        <TestCategoryItem TestCategory="BusinessObjects" />
      </TestCategory>
      <Execution id="744853e0-c342-4141-9ef9-f514768ee5a9" />
      <TestMethod codeBase="D:\actions-runner\_work\XPCO\XPCO\EventServer\Server\Components\Central\GisMap.UnitTest\bin\Debug\net472\VideoOS.EventServer.GisMap.UnitTest.dll" adapterTypeName="executor://mstestadapter/v2" className="VideoOS.EventServer.GisMap.UnitTest.BusinessObjects.Buildings.BuildingTest" name="TestWcfObject_ConvertToWcfObjectEmptyOutline_Success" />
    </UnitTest>
    <UnitTest name="TestProperties_GetProperties_Success" storage="d:\actions-runner\_work\xpco\xpco\eventserver\server\components\central\gismap.unittest\bin\debug\net472\videoos.eventserver.gismap.unittest.dll" id="7c715ebf-59d3-89bc-5957-83f19fad2bcf">
      <TestCategory>
        <TestCategoryItem TestCategory="BusinessObjects" />
      </TestCategory>
      <Execution id="36e9f29a-4a3a-4027-8321-60c0e4a626ea" />
      <TestMethod codeBase="D:\actions-runner\_work\XPCO\XPCO\EventServer\Server\Components\Central\GisMap.UnitTest\bin\Debug\net472\VideoOS.EventServer.GisMap.UnitTest.dll" adapterTypeName="executor://mstestadapter/v2" className="VideoOS.EventServer.GisMap.UnitTest.BusinessObjects.Layers.CameraLayerTest" name="TestProperties_GetProperties_Success" />
    </UnitTest>
    <UnitTest name="TestConstructor_CreateService_Success" storage="d:\actions-runner\_work\xpco\xpco\eventserver\server\components\central\gismap.unittest\bin\debug\net472\videoos.eventserver.gismap.unittest.dll" id="4c476855-320b-a089-aac0-48bc05a06daf">
      <TestCategory>
        <TestCategoryItem TestCategory="GisMap" />
      </TestCategory>
      <Execution id="6b5bd127-b7fd-4ec8-ba50-fb67dfb8034a" />
      <TestMethod codeBase="D:\actions-runner\_work\XPCO\XPCO\EventServer\Server\Components\Central\GisMap.UnitTest\bin\Debug\net472\VideoOS.EventServer.GisMap.UnitTest.dll" adapterTypeName="executor://mstestadapter/v2" className="VideoOS.EventServer.GisMap.UnitTest.WebService.GisItemCommandTest" name="TestConstructor_CreateService_Success" />
    </UnitTest>
    <UnitTest name="TestConstructor_ParsingWcfObjectWithNullViewport_Success" storage="d:\actions-runner\_work\xpco\xpco\eventserver\server\components\central\gismap.unittest\bin\debug\net472\videoos.eventserver.gismap.unittest.dll" id="4f75dcfb-0277-2bdc-92d3-cc3daff103b9">
      <TestCategory>
        <TestCategoryItem TestCategory="BusinessObjects" />
      </TestCategory>
      <Execution id="90f4dde0-183b-4d25-8b45-f728fd9d3939" />
      <TestMethod codeBase="D:\actions-runner\_work\XPCO\XPCO\EventServer\Server\Components\Central\GisMap.UnitTest\bin\Debug\net472\VideoOS.EventServer.GisMap.UnitTest.dll" adapterTypeName="executor://mstestadapter/v2" className="VideoOS.EventServer.GisMap.UnitTest.BusinessObjects.MapSettingsTest" name="TestConstructor_ParsingWcfObjectWithNullViewport_Success" />
    </UnitTest>
    <UnitTest name="TestWcfObject_GetWcfObjectWithoutTransformInfo_Success" storage="d:\actions-runner\_work\xpco\xpco\eventserver\server\components\central\gismap.unittest\bin\debug\net472\videoos.eventserver.gismap.unittest.dll" id="92cc9c71-ec15-863d-b9f8-3aa43a78bfd8">
      <TestCategory>
        <TestCategoryItem TestCategory="BusinessObjects" />
      </TestCategory>
      <Execution id="ce99f029-1442-44af-8e00-3ece9c02de53" />
      <TestMethod codeBase="D:\actions-runner\_work\XPCO\XPCO\EventServer\Server\Components\Central\GisMap.UnitTest\bin\Debug\net472\VideoOS.EventServer.GisMap.UnitTest.dll" adapterTypeName="executor://mstestadapter/v2" className="VideoOS.EventServer.GisMap.UnitTest.BusinessObjects.Layers.ShapeFileLayerTest" name="TestWcfObject_GetWcfObjectWithoutTransformInfo_Success" />
    </UnitTest>
    <UnitTest name="Test_DeleteLevel_Succes" storage="d:\actions-runner\_work\xpco\xpco\eventserver\server\components\central\gismap.unittest\bin\debug\net472\videoos.eventserver.gismap.unittest.dll" id="a6d51157-180c-99fc-79ca-7f2ea244e7e9">
      <TestCategory>
        <TestCategoryItem TestCategory="DataComponent" />
      </TestCategory>
      <Execution id="8a529054-037e-4e36-bb86-f39720d0be71" />
      <TestMethod codeBase="D:\actions-runner\_work\XPCO\XPCO\EventServer\Server\Components\Central\GisMap.UnitTest\bin\Debug\net472\VideoOS.EventServer.GisMap.UnitTest.dll" adapterTypeName="executor://mstestadapter/v2" className="VideoOS.EventServer.GisMap.UnitTest.DB.DataComponent.BuildingComponent_LevelTest" name="Test_DeleteLevel_Succes" />
    </UnitTest>
    <UnitTest name="TestConstructor_ParsingWcfObject_Success" storage="d:\actions-runner\_work\xpco\xpco\eventserver\server\components\central\gismap.unittest\bin\debug\net472\videoos.eventserver.gismap.unittest.dll" id="59236ceb-c740-a9fb-456c-b7bc04607c61">
      <TestCategory>
        <TestCategoryItem TestCategory="BusinessObjects" />
      </TestCategory>
      <Execution id="0e7627c6-feac-44e2-ab46-a3ebb204a080" />
      <TestMethod codeBase="D:\actions-runner\_work\XPCO\XPCO\EventServer\Server\Components\Central\GisMap.UnitTest\bin\Debug\net472\VideoOS.EventServer.GisMap.UnitTest.dll" adapterTypeName="executor://mstestadapter/v2" className="VideoOS.EventServer.GisMap.UnitTest.BusinessObjects.Layers.MicrophoneLayerTest" name="TestConstructor_ParsingWcfObject_Success" />
    </UnitTest>
    <UnitTest name="AddItems_Init2Items_Add1_Excluded" storage="d:\actions-runner\_work\xpco\xpco\eventserver\server\components\central\gismap.unittest\bin\debug\net472\videoos.eventserver.gismap.unittest.dll" id="342b73f6-2859-1a11-5c38-736f3244c606">
      <TestCategory>
        <TestCategoryItem TestCategory="BusinessObjects" />
      </TestCategory>
      <Execution id="95af85f7-90cf-4a1a-af08-4cc8ac5979c2" />
      <TestMethod codeBase="D:\actions-runner\_work\XPCO\XPCO\EventServer\Server\Components\Central\GisMap.UnitTest\bin\Debug\net472\VideoOS.EventServer.GisMap.UnitTest.dll" adapterTypeName="executor://mstestadapter/v2" className="VideoOS.EventServer.GisMap.UnitTest.BusinessObjects.Indexer.MapItemIndexerTest" name="AddItems_Init2Items_Add1_Excluded" />
    </UnitTest>
    <UnitTest name="TestConstructor_Success" storage="d:\actions-runner\_work\xpco\xpco\eventserver\server\components\central\gismap.unittest\bin\debug\net472\videoos.eventserver.gismap.unittest.dll" id="dc7cf344-d4a0-52e8-2492-3a1068a126d1">
      <TestCategory>
        <TestCategoryItem TestCategory="BusinessObjects" />
      </TestCategory>
      <Execution id="a38e5c09-9179-4df2-be6c-bb55428f16ff" />
      <TestMethod codeBase="D:\actions-runner\_work\XPCO\XPCO\EventServer\Server\Components\Central\GisMap.UnitTest\bin\Debug\net472\VideoOS.EventServer.GisMap.UnitTest.dll" adapterTypeName="executor://mstestadapter/v2" className="VideoOS.EventServer.GisMap.UnitTest.BusinessObjects.Repositories.ShapeFileRepositoryTest" name="TestConstructor_Success" />
    </UnitTest>
    <UnitTest name="GetClusters_ShouldWorkOnDeepLevel" storage="d:\actions-runner\_work\xpco\xpco\eventserver\server\components\central\gismap.unittest\bin\debug\net472\videoos.eventserver.gismap.unittest.dll" id="40fa7841-646c-f8cd-24bf-6fc7f4dedfa9">
      <TestCategory>
        <TestCategoryItem TestCategory="BusinessObjects" />
      </TestCategory>
      <Execution id="fe03ed98-40b2-4f70-81e8-c22e5d63b134" />
      <TestMethod codeBase="D:\actions-runner\_work\XPCO\XPCO\EventServer\Server\Components\Central\GisMap.UnitTest\bin\Debug\net472\VideoOS.EventServer.GisMap.UnitTest.dll" adapterTypeName="executor://mstestadapter/v2" className="VideoOS.EventServer.GisMap.UnitTest.BusinessObjects.Indexer.MapItemIndexerTest" name="GetClusters_ShouldWorkOnDeepLevel" />
    </UnitTest>
    <UnitTest name="TestAuditLog_AuditLogBuildingRenamed_Success" storage="d:\actions-runner\_work\xpco\xpco\eventserver\server\components\central\gismap.unittest\bin\debug\net472\videoos.eventserver.gismap.unittest.dll" id="18d0606b-a3f4-7e0d-624a-40782179ea83">
      <TestCategory>
        <TestCategoryItem TestCategory="BusinessObjects" />
      </TestCategory>
      <Execution id="c0238dec-6542-4668-9b6a-2ab428bf1989" />
      <TestMethod codeBase="D:\actions-runner\_work\XPCO\XPCO\EventServer\Server\Components\Central\GisMap.UnitTest\bin\Debug\net472\VideoOS.EventServer.GisMap.UnitTest.dll" adapterTypeName="executor://mstestadapter/v2" className="VideoOS.EventServer.GisMap.UnitTest.BusinessObjects.Buildings.BuildingTest" name="TestAuditLog_AuditLogBuildingRenamed_Success" />
    </UnitTest>
    <UnitTest name="Clear_TestClearsIndexers" storage="d:\actions-runner\_work\xpco\xpco\eventserver\server\components\central\gismap.unittest\bin\debug\net472\videoos.eventserver.gismap.unittest.dll" id="d6f766be-1c50-7ddb-6fe3-b017cbd1ac3b">
      <TestCategory>
        <TestCategoryItem TestCategory="GisMapServices" />
      </TestCategory>
      <Execution id="d0c35f19-a174-41c6-beb5-aac0580b49bc" />
      <TestMethod codeBase="D:\actions-runner\_work\XPCO\XPCO\EventServer\Server\Components\Central\GisMap.UnitTest\bin\Debug\net472\VideoOS.EventServer.GisMap.UnitTest.dll" adapterTypeName="executor://mstestadapter/v2" className="VideoOS.EventServer.GisMap.UnitTest.Services.Clustering.ItemClusteringServiceTest" name="Clear_TestClearsIndexers" />
    </UnitTest>
    <UnitTest name="TestConstructor_ParsingWcfObject_Success" storage="d:\actions-runner\_work\xpco\xpco\eventserver\server\components\central\gismap.unittest\bin\debug\net472\videoos.eventserver.gismap.unittest.dll" id="d1a27594-4f18-9b17-9e55-306b1cffb20d">
      <TestCategory>
        <TestCategoryItem TestCategory="BusinessObjects" />
      </TestCategory>
      <Execution id="a4b2b247-e9ac-4598-a7ef-b1c414266950" />
      <TestMethod codeBase="D:\actions-runner\_work\XPCO\XPCO\EventServer\Server\Components\Central\GisMap.UnitTest\bin\Debug\net472\VideoOS.EventServer.GisMap.UnitTest.dll" adapterTypeName="executor://mstestadapter/v2" className="VideoOS.EventServer.GisMap.UnitTest.BusinessObjects.Layers.GoogleMapLayerTest" name="TestConstructor_ParsingWcfObject_Success" />
    </UnitTest>
    <UnitTest name="IsOnStumpLevel" storage="d:\actions-runner\_work\xpco\xpco\eventserver\server\components\central\gismap.unittest\bin\debug\net472\videoos.eventserver.gismap.unittest.dll" id="8ab69463-7ecf-1f86-4159-d154b370e1e0">
      <TestCategory>
        <TestCategoryItem TestCategory="BusinessObjects" />
      </TestCategory>
      <Execution id="8a369a90-7a82-4ab7-931c-839bd5aea1eb" />
      <TestMethod codeBase="D:\actions-runner\_work\XPCO\XPCO\EventServer\Server\Components\Central\GisMap.UnitTest\bin\Debug\net472\VideoOS.EventServer.GisMap.UnitTest.dll" adapterTypeName="executor://mstestadapter/v2" className="VideoOS.EventServer.GisMap.UnitTest.BusinessObjects.Indexer.Buildings.BuildingItemsIndexerTest" name="IsOnStumpLevel" />
    </UnitTest>
    <UnitTest name="TestWcfObject_ConvertToWcfObjectWithNullMapViewPoint_Success" storage="d:\actions-runner\_work\xpco\xpco\eventserver\server\components\central\gismap.unittest\bin\debug\net472\videoos.eventserver.gismap.unittest.dll" id="4f4538ec-4913-9bf7-26f1-4b9cf7115972">
      <TestCategory>
        <TestCategoryItem TestCategory="BusinessObjects" />
      </TestCategory>
      <Execution id="3e6162c9-0a1e-46b0-ab0d-22098cd49142" />
      <TestMethod codeBase="D:\actions-runner\_work\XPCO\XPCO\EventServer\Server\Components\Central\GisMap.UnitTest\bin\Debug\net472\VideoOS.EventServer.GisMap.UnitTest.dll" adapterTypeName="executor://mstestadapter/v2" className="VideoOS.EventServer.GisMap.UnitTest.BusinessObjects.Maps.MapTest" name="TestWcfObject_ConvertToWcfObjectWithNullMapViewPoint_Success" />
    </UnitTest>
    <UnitTest name="Test_DeleteLevel_NonExistingId_Succes" storage="d:\actions-runner\_work\xpco\xpco\eventserver\server\components\central\gismap.unittest\bin\debug\net472\videoos.eventserver.gismap.unittest.dll" id="88e33ecc-1d69-5a15-9df5-5b622ecf64fa">
      <TestCategory>
        <TestCategoryItem TestCategory="DataComponent" />
      </TestCategory>
      <Execution id="f5316f69-d4ab-47c8-a64e-9a3b587567ad" />
      <TestMethod codeBase="D:\actions-runner\_work\XPCO\XPCO\EventServer\Server\Components\Central\GisMap.UnitTest\bin\Debug\net472\VideoOS.EventServer.GisMap.UnitTest.dll" adapterTypeName="executor://mstestadapter/v2" className="VideoOS.EventServer.GisMap.UnitTest.DB.DataComponent.BuildingComponent_LevelTest" name="Test_DeleteLevel_NonExistingId_Succes" />
    </UnitTest>
    <UnitTest name="TestAuditLog_AuditLogWithNullAuditLogger_Failure" storage="d:\actions-runner\_work\xpco\xpco\eventserver\server\components\central\gismap.unittest\bin\debug\net472\videoos.eventserver.gismap.unittest.dll" id="b5ac5ac6-ee6f-2fae-da61-a14730c5b67f">
      <TestCategory>
        <TestCategoryItem TestCategory="BusinessObjects" />
      </TestCategory>
      <Execution id="658c2765-db11-45fe-8054-912f0a0d2741" />
      <TestMethod codeBase="D:\actions-runner\_work\XPCO\XPCO\EventServer\Server\Components\Central\GisMap.UnitTest\bin\Debug\net472\VideoOS.EventServer.GisMap.UnitTest.dll" adapterTypeName="executor://mstestadapter/v2" className="VideoOS.EventServer.GisMap.UnitTest.BusinessObjects.Maps.BrowseMapTest" name="TestAuditLog_AuditLogWithNullAuditLogger_Failure" />
    </UnitTest>
    <UnitTest name="TestAuditLog_AuditLogItemChanged_AddingRemovingLinkFromEmptyLocationId_Success" storage="d:\actions-runner\_work\xpco\xpco\eventserver\server\components\central\gismap.unittest\bin\debug\net472\videoos.eventserver.gismap.unittest.dll" id="750aa28d-bc88-df57-e7bf-5774e0035ab5">
      <TestCategory>
        <TestCategoryItem TestCategory="BusinessObjects" />
      </TestCategory>
      <Execution id="f3d6078e-7cd0-4cdc-b102-4e6ac0f6f96e" />
      <TestMethod codeBase="D:\actions-runner\_work\XPCO\XPCO\EventServer\Server\Components\Central\GisMap.UnitTest\bin\Debug\net472\VideoOS.EventServer.GisMap.UnitTest.dll" adapterTypeName="executor://mstestadapter/v2" className="VideoOS.EventServer.GisMap.UnitTest.BusinessObjects.Items.LinkItemTest" name="TestAuditLog_AuditLogItemChanged_AddingRemovingLinkFromEmptyLocationId_Success" />
    </UnitTest>
    <UnitTest name="TestProperties_GetProperties_Success" storage="d:\actions-runner\_work\xpco\xpco\eventserver\server\components\central\gismap.unittest\bin\debug\net472\videoos.eventserver.gismap.unittest.dll" id="4ebed83d-6835-8971-b4b9-e9a7030b58d9">
      <TestCategory>
        <TestCategoryItem TestCategory="BusinessObjects" />
      </TestCategory>
      <Execution id="e924c475-f675-435b-883d-c3f09c6fed19" />
      <TestMethod codeBase="D:\actions-runner\_work\XPCO\XPCO\EventServer\Server\Components\Central\GisMap.UnitTest\bin\Debug\net472\VideoOS.EventServer.GisMap.UnitTest.dll" adapterTypeName="executor://mstestadapter/v2" className="VideoOS.EventServer.GisMap.UnitTest.BusinessObjects.Layers.BingMapLayerTest" name="TestProperties_GetProperties_Success" />
    </UnitTest>
    <UnitTest name="TestWcfObject_GetWcfObjectWithoutTransformInfo_Success" storage="d:\actions-runner\_work\xpco\xpco\eventserver\server\components\central\gismap.unittest\bin\debug\net472\videoos.eventserver.gismap.unittest.dll" id="ee012e59-9eef-b52f-11ac-e344e742f309">
      <TestCategory>
        <TestCategoryItem TestCategory="BusinessObjects" />
      </TestCategory>
      <Execution id="1e500f0d-31c1-4105-bf27-fb11d518668c" />
      <TestMethod codeBase="D:\actions-runner\_work\XPCO\XPCO\EventServer\Server\Components\Central\GisMap.UnitTest\bin\Debug\net472\VideoOS.EventServer.GisMap.UnitTest.dll" adapterTypeName="executor://mstestadapter/v2" className="VideoOS.EventServer.GisMap.UnitTest.BusinessObjects.Layers.CADLayerTest" name="TestWcfObject_GetWcfObjectWithoutTransformInfo_Success" />
    </UnitTest>
    <UnitTest name="TestPropertyNames_GettingPropertyNames_Success" storage="d:\actions-runner\_work\xpco\xpco\eventserver\server\components\central\gismap.unittest\bin\debug\net472\videoos.eventserver.gismap.unittest.dll" id="3b5d0571-6664-4ff9-d876-cc7ad22dbd7b">
      <TestCategory>
        <TestCategoryItem TestCategory="BusinessObjects" />
      </TestCategory>
      <Execution id="ff467755-9d5e-4d25-9985-9034430df153" />
      <TestMethod codeBase="D:\actions-runner\_work\XPCO\XPCO\EventServer\Server\Components\Central\GisMap.UnitTest\bin\Debug\net472\VideoOS.EventServer.GisMap.UnitTest.dll" adapterTypeName="executor://mstestadapter/v2" className="VideoOS.EventServer.GisMap.UnitTest.BusinessObjects.RectangleTest" name="TestPropertyNames_GettingPropertyNames_Success" />
    </UnitTest>
    <UnitTest name="TestWcfObject_ConvertToWcfObject_Success" storage="d:\actions-runner\_work\xpco\xpco\eventserver\server\components\central\gismap.unittest\bin\debug\net472\videoos.eventserver.gismap.unittest.dll" id="9662224f-b457-65d9-c99b-6097f83310c7">
      <TestCategory>
        <TestCategoryItem TestCategory="BusinessObjects" />
      </TestCategory>
      <Execution id="c51a2add-7981-4d81-8b0d-92d20d6f898c" />
      <TestMethod codeBase="D:\actions-runner\_work\XPCO\XPCO\EventServer\Server\Components\Central\GisMap.UnitTest\bin\Debug\net472\VideoOS.EventServer.GisMap.UnitTest.dll" adapterTypeName="executor://mstestadapter/v2" className="VideoOS.EventServer.GisMap.UnitTest.BusinessObjects.Repositories.ShapeFileRepositoryTest" name="TestWcfObject_ConvertToWcfObject_Success" />
    </UnitTest>
    <UnitTest name="OnLevelsDeleted" storage="d:\actions-runner\_work\xpco\xpco\eventserver\server\components\central\gismap.unittest\bin\debug\net472\videoos.eventserver.gismap.unittest.dll" id="324d6929-56cf-f8dd-7a85-5e3044dd8b90">
      <TestCategory>
        <TestCategoryItem TestCategory="GisMapServices" />
      </TestCategory>
      <Execution id="5a1f5d24-857e-46ab-9a58-bf5b837f6827" />
      <TestMethod codeBase="D:\actions-runner\_work\XPCO\XPCO\EventServer\Server\Components\Central\GisMap.UnitTest\bin\Debug\net472\VideoOS.EventServer.GisMap.UnitTest.dll" adapterTypeName="executor://mstestadapter/v2" className="VideoOS.EventServer.GisMap.UnitTest.Services.Events.EventBusTest" name="OnLevelsDeleted" />
    </UnitTest>
    <UnitTest name="TestPropertyNames_GettingPropertyNames_Success" storage="d:\actions-runner\_work\xpco\xpco\eventserver\server\components\central\gismap.unittest\bin\debug\net472\videoos.eventserver.gismap.unittest.dll" id="21ece2aa-5b05-eb9f-6dfa-8fc89eabf1d3">
      <TestCategory>
        <TestCategoryItem TestCategory="BusinessObjects" />
      </TestCategory>
      <Execution id="dd0c15bc-5210-489e-a3b2-251ecfd884a2" />
      <TestMethod codeBase="D:\actions-runner\_work\XPCO\XPCO\EventServer\Server\Components\Central\GisMap.UnitTest\bin\Debug\net472\VideoOS.EventServer.GisMap.UnitTest.dll" adapterTypeName="executor://mstestadapter/v2" className="VideoOS.EventServer.GisMap.UnitTest.BusinessObjects.MapViewPointTest" name="TestPropertyNames_GettingPropertyNames_Success" />
    </UnitTest>
    <UnitTest name="Delete_Success" storage="d:\actions-runner\_work\xpco\xpco\eventserver\server\components\central\gismap.unittest\bin\debug\net472\videoos.eventserver.gismap.unittest.dll" id="8e1cd980-f0bb-93ca-77d0-9148ca9c4d67">
      <TestCategory>
        <TestCategoryItem TestCategory="GisMapServices" />
      </TestCategory>
      <Execution id="dbf3808c-dc8c-4286-9098-961a96d043b4" />
      <TestMethod codeBase="D:\actions-runner\_work\XPCO\XPCO\EventServer\Server\Components\Central\GisMap.UnitTest\bin\Debug\net472\VideoOS.EventServer.GisMap.UnitTest.dll" adapterTypeName="executor://mstestadapter/v2" className="VideoOS.EventServer.GisMap.UnitTest.Services.Clustering.ItemClusteringServiceTest" name="Delete_Success" />
    </UnitTest>
    <UnitTest name="TestAuditLog_AuditLogLevelChanged_Success" storage="d:\actions-runner\_work\xpco\xpco\eventserver\server\components\central\gismap.unittest\bin\debug\net472\videoos.eventserver.gismap.unittest.dll" id="2765213b-23be-1437-a0da-b0abdf853349">
      <TestCategory>
        <TestCategoryItem TestCategory="BusinessObjects" />
      </TestCategory>
      <Execution id="37685158-bd6c-4aac-9f1e-d5d5235db4d8" />
      <TestMethod codeBase="D:\actions-runner\_work\XPCO\XPCO\EventServer\Server\Components\Central\GisMap.UnitTest\bin\Debug\net472\VideoOS.EventServer.GisMap.UnitTest.dll" adapterTypeName="executor://mstestadapter/v2" className="VideoOS.EventServer.GisMap.UnitTest.BusinessObjects.Buildings.LevelTest" name="TestAuditLog_AuditLogLevelChanged_Success" />
    </UnitTest>
    <UnitTest name="TestConstructor_ParsingWcfObject_Success" storage="d:\actions-runner\_work\xpco\xpco\eventserver\server\components\central\gismap.unittest\bin\debug\net472\videoos.eventserver.gismap.unittest.dll" id="2580aeca-e356-6765-6580-fe71204d9b54">
      <TestCategory>
        <TestCategoryItem TestCategory="BusinessObjects" />
      </TestCategory>
      <Execution id="e920a99c-0b75-4626-bcb6-17849bbbe246" />
      <TestMethod codeBase="D:\actions-runner\_work\XPCO\XPCO\EventServer\Server\Components\Central\GisMap.UnitTest\bin\Debug\net472\VideoOS.EventServer.GisMap.UnitTest.dll" adapterTypeName="executor://mstestadapter/v2" className="VideoOS.EventServer.GisMap.UnitTest.BusinessObjects.Layers.OutputLayerTest" name="TestConstructor_ParsingWcfObject_Success" />
    </UnitTest>
    <UnitTest name="TestUpdateProperties_UpdateAllProperties_Success" storage="d:\actions-runner\_work\xpco\xpco\eventserver\server\components\central\gismap.unittest\bin\debug\net472\videoos.eventserver.gismap.unittest.dll" id="e251eb11-f207-8308-cc17-45ef0cb83860">
      <TestCategory>
        <TestCategoryItem TestCategory="BusinessObjects" />
      </TestCategory>
      <Execution id="dd0d7d5a-07cc-4156-affa-37e63c26eb42" />
      <TestMethod codeBase="D:\actions-runner\_work\XPCO\XPCO\EventServer\Server\Components\Central\GisMap.UnitTest\bin\Debug\net472\VideoOS.EventServer.GisMap.UnitTest.dll" adapterTypeName="executor://mstestadapter/v2" className="VideoOS.EventServer.GisMap.UnitTest.BusinessObjects.Layers.BingMapLayerTest" name="TestUpdateProperties_UpdateAllProperties_Success" />
    </UnitTest>
    <UnitTest name="FilterAsync_TestAuthorizationFromHashSet" storage="d:\actions-runner\_work\xpco\xpco\eventserver\server\components\central\gismap.unittest\bin\debug\net472\videoos.eventserver.gismap.unittest.dll" id="b9e21d8c-3ddd-a1c0-4f8b-75ec7a46549b">
      <TestCategory>
        <TestCategoryItem TestCategory="GisMapServices" />
      </TestCategory>
      <Execution id="93e2ba18-8d9e-4f16-b92b-e8977a6c21cf" />
      <TestMethod codeBase="D:\actions-runner\_work\XPCO\XPCO\EventServer\Server\Components\Central\GisMap.UnitTest\bin\Debug\net472\VideoOS.EventServer.GisMap.UnitTest.dll" adapterTypeName="executor://mstestadapter/v2" className="VideoOS.EventServer.GisMap.UnitTest.Services.Clustering.ClusteredItemsAuthorizationWithCountFilterTest" name="FilterAsync_TestAuthorizationFromHashSet" />
    </UnitTest>
    <UnitTest name="TestConstructor_ParsingWcfObjectInvalidOutline_NotEnoughPoints_Failure" storage="d:\actions-runner\_work\xpco\xpco\eventserver\server\components\central\gismap.unittest\bin\debug\net472\videoos.eventserver.gismap.unittest.dll" id="f8d3c84c-0871-1507-fccd-0fe0f76809c0">
      <TestCategory>
        <TestCategoryItem TestCategory="BusinessObjects" />
      </TestCategory>
      <Execution id="2655cee4-5ae2-410b-9947-61780cac59ff" />
      <TestMethod codeBase="D:\actions-runner\_work\XPCO\XPCO\EventServer\Server\Components\Central\GisMap.UnitTest\bin\Debug\net472\VideoOS.EventServer.GisMap.UnitTest.dll" adapterTypeName="executor://mstestadapter/v2" className="VideoOS.EventServer.GisMap.UnitTest.BusinessObjects.Buildings.BuildingTest" name="TestConstructor_ParsingWcfObjectInvalidOutline_NotEnoughPoints_Failure" />
    </UnitTest>
    <UnitTest name="TestConstructor_ParsingWcfObject_Success" storage="d:\actions-runner\_work\xpco\xpco\eventserver\server\components\central\gismap.unittest\bin\debug\net472\videoos.eventserver.gismap.unittest.dll" id="5e41e430-2747-105c-57b9-110b878ed3bb">
      <TestCategory>
        <TestCategoryItem TestCategory="BusinessObjects" />
      </TestCategory>
      <Execution id="00f88387-1372-47aa-9ad4-819525a6740f" />
      <TestMethod codeBase="D:\actions-runner\_work\XPCO\XPCO\EventServer\Server\Components\Central\GisMap.UnitTest\bin\Debug\net472\VideoOS.EventServer.GisMap.UnitTest.dll" adapterTypeName="executor://mstestadapter/v2" className="VideoOS.EventServer.GisMap.UnitTest.BusinessObjects.Layers.LinkLayerTest" name="TestConstructor_ParsingWcfObject_Success" />
    </UnitTest>
    <UnitTest name="Open_SubscribesSerializationFaliure" storage="d:\actions-runner\_work\xpco\xpco\eventserver\server\components\central\gismap.unittest\bin\debug\net472\videoos.eventserver.gismap.unittest.dll" id="1f015b0c-07e3-2dd6-685e-bb75494d743a">
      <TestCategory>
        <TestCategoryItem TestCategory="GisMap" />
      </TestCategory>
      <Execution id="15aa5dec-4634-46a1-bcbd-7170c3030446" />
      <TestMethod codeBase="D:\actions-runner\_work\XPCO\XPCO\EventServer\Server\Components\Central\GisMap.UnitTest\bin\Debug\net472\VideoOS.EventServer.GisMap.UnitTest.dll" adapterTypeName="executor://mstestadapter/v2" className="VideoOS.EventServer.GisMap.UnitTest.WebService.GisMapWebServiceTest" name="Open_SubscribesSerializationFaliure" />
    </UnitTest>
    <UnitTest name="TestPropertyNames_GettingPropertyNames_Success" storage="d:\actions-runner\_work\xpco\xpco\eventserver\server\components\central\gismap.unittest\bin\debug\net472\videoos.eventserver.gismap.unittest.dll" id="13c32928-d3d0-38ae-6cc6-920f38100b74">
      <TestCategory>
        <TestCategoryItem TestCategory="BusinessObjects" />
      </TestCategory>
      <Execution id="5214c0c3-6b31-4813-962e-840d2db1af4c" />
      <TestMethod codeBase="D:\actions-runner\_work\XPCO\XPCO\EventServer\Server\Components\Central\GisMap.UnitTest\bin\Debug\net472\VideoOS.EventServer.GisMap.UnitTest.dll" adapterTypeName="executor://mstestadapter/v2" className="VideoOS.EventServer.GisMap.UnitTest.BusinessObjects.Layers.ImageLayerTest" name="TestPropertyNames_GettingPropertyNames_Success" />
    </UnitTest>
    <UnitTest name="TestConstructor_ParsingWcfObjectWithNull_Success" storage="d:\actions-runner\_work\xpco\xpco\eventserver\server\components\central\gismap.unittest\bin\debug\net472\videoos.eventserver.gismap.unittest.dll" id="d6e582e8-e39f-b2ee-ec4e-bf584393feaf">
      <TestCategory>
        <TestCategoryItem TestCategory="BusinessObjects" />
      </TestCategory>
      <Execution id="2622482f-7143-4a40-8a75-99860cb6c89f" />
      <TestMethod codeBase="D:\actions-runner\_work\XPCO\XPCO\EventServer\Server\Components\Central\GisMap.UnitTest\bin\Debug\net472\VideoOS.EventServer.GisMap.UnitTest.dll" adapterTypeName="executor://mstestadapter/v2" className="VideoOS.EventServer.GisMap.UnitTest.BusinessObjects.Items.LocationItemTest" name="TestConstructor_ParsingWcfObjectWithNull_Success" />
    </UnitTest>
    <UnitTest name="TestProperties_GetProperties_Success" storage="d:\actions-runner\_work\xpco\xpco\eventserver\server\components\central\gismap.unittest\bin\debug\net472\videoos.eventserver.gismap.unittest.dll" id="f8b3dabf-0f19-9e05-2f20-874d753a8128">
      <TestCategory>
        <TestCategoryItem TestCategory="BusinessObjects" />
      </TestCategory>
      <Execution id="63f0a32f-f066-47c9-8fb5-08fc39a97515" />
      <TestMethod codeBase="D:\actions-runner\_work\XPCO\XPCO\EventServer\Server\Components\Central\GisMap.UnitTest\bin\Debug\net472\VideoOS.EventServer.GisMap.UnitTest.dll" adapterTypeName="executor://mstestadapter/v2" className="VideoOS.EventServer.GisMap.UnitTest.BusinessObjects.Layers.OpenStreetMapLayerTest" name="TestProperties_GetProperties_Success" />
    </UnitTest>
    <UnitTest name="TestUpdateProperties_UpdateAllProperties_Success" storage="d:\actions-runner\_work\xpco\xpco\eventserver\server\components\central\gismap.unittest\bin\debug\net472\videoos.eventserver.gismap.unittest.dll" id="972f9fed-3d68-00b6-f92a-5aba0bc45ad4">
      <TestCategory>
        <TestCategoryItem TestCategory="BusinessObjects" />
      </TestCategory>
      <Execution id="f9e4b6c5-6f04-4431-9d8d-0fccabf4d087" />
      <TestMethod codeBase="D:\actions-runner\_work\XPCO\XPCO\EventServer\Server\Components\Central\GisMap.UnitTest\bin\Debug\net472\VideoOS.EventServer.GisMap.UnitTest.dll" adapterTypeName="executor://mstestadapter/v2" className="VideoOS.EventServer.GisMap.UnitTest.BusinessObjects.Layers.CameraLayerTest" name="TestUpdateProperties_UpdateAllProperties_Success" />
    </UnitTest>
    <UnitTest name="TestConstructor_ParsingWcfObjectWithNull_Success" storage="d:\actions-runner\_work\xpco\xpco\eventserver\server\components\central\gismap.unittest\bin\debug\net472\videoos.eventserver.gismap.unittest.dll" id="1391fee0-5b61-1dfa-44f2-d6df660a3b0b">
      <TestCategory>
        <TestCategoryItem TestCategory="BusinessObjects" />
      </TestCategory>
      <Execution id="2b02e0e4-1616-41f1-987b-3703537dfff6" />
      <TestMethod codeBase="D:\actions-runner\_work\XPCO\XPCO\EventServer\Server\Components\Central\GisMap.UnitTest\bin\Debug\net472\VideoOS.EventServer.GisMap.UnitTest.dll" adapterTypeName="executor://mstestadapter/v2" className="VideoOS.EventServer.GisMap.UnitTest.BusinessObjects.RectangleTest" name="TestConstructor_ParsingWcfObjectWithNull_Success" />
    </UnitTest>
    <UnitTest name="TestConstructor_ParsingWcfObject_Success" storage="d:\actions-runner\_work\xpco\xpco\eventserver\server\components\central\gismap.unittest\bin\debug\net472\videoos.eventserver.gismap.unittest.dll" id="87851395-fcf5-2604-9c3a-1f8aa7d9888b">
      <TestCategory>
        <TestCategoryItem TestCategory="BusinessObjects" />
      </TestCategory>
      <Execution id="152ae3e4-591f-47e9-a68c-bc176333bbc9" />
      <TestMethod codeBase="D:\actions-runner\_work\XPCO\XPCO\EventServer\Server\Components\Central\GisMap.UnitTest\bin\Debug\net472\VideoOS.EventServer.GisMap.UnitTest.dll" adapterTypeName="executor://mstestadapter/v2" className="VideoOS.EventServer.GisMap.UnitTest.BusinessObjects.Buildings.LevelTest" name="TestConstructor_ParsingWcfObject_Success" />
    </UnitTest>
    <UnitTest name="TestAuditLog_AuditLogLegacyLinkWithNullMapAdded_Success" storage="d:\actions-runner\_work\xpco\xpco\eventserver\server\components\central\gismap.unittest\bin\debug\net472\videoos.eventserver.gismap.unittest.dll" id="917360e7-b7d3-fad3-2f4b-096f42ed0ae6">
      <TestCategory>
        <TestCategoryItem TestCategory="BusinessObjects" />
      </TestCategory>
      <Execution id="39ba1b2c-3bab-4e74-add2-df4f161cd304" />
      <TestMethod codeBase="D:\actions-runner\_work\XPCO\XPCO\EventServer\Server\Components\Central\GisMap.UnitTest\bin\Debug\net472\VideoOS.EventServer.GisMap.UnitTest.dll" adapterTypeName="executor://mstestadapter/v2" className="VideoOS.EventServer.GisMap.UnitTest.BusinessObjects.Items.LegacyLinkItemTest" name="TestAuditLog_AuditLogLegacyLinkWithNullMapAdded_Success" />
    </UnitTest>
    <UnitTest name="TestAuditLog_AuditLogLevelChanged_WithNoOldMapItems_Success" storage="d:\actions-runner\_work\xpco\xpco\eventserver\server\components\central\gismap.unittest\bin\debug\net472\videoos.eventserver.gismap.unittest.dll" id="1c685bac-9cf9-24a9-fa5d-c79bcef4a504">
      <TestCategory>
        <TestCategoryItem TestCategory="BusinessObjects" />
      </TestCategory>
      <Execution id="69ac7c58-4ad9-4097-9cf0-37518aeddbcd" />
      <TestMethod codeBase="D:\actions-runner\_work\XPCO\XPCO\EventServer\Server\Components\Central\GisMap.UnitTest\bin\Debug\net472\VideoOS.EventServer.GisMap.UnitTest.dll" adapterTypeName="executor://mstestadapter/v2" className="VideoOS.EventServer.GisMap.UnitTest.BusinessObjects.Buildings.LevelTest" name="TestAuditLog_AuditLogLevelChanged_WithNoOldMapItems_Success" />
    </UnitTest>
    <UnitTest name="TestAuditLog_AuditLogItemChanged_RemovingLinkFromValidTargetMapId_Success" storage="d:\actions-runner\_work\xpco\xpco\eventserver\server\components\central\gismap.unittest\bin\debug\net472\videoos.eventserver.gismap.unittest.dll" id="54d25c6f-dc20-daf2-4e1d-b092fe675c39">
      <TestCategory>
        <TestCategoryItem TestCategory="BusinessObjects" />
      </TestCategory>
      <Execution id="7c051371-763f-491c-9282-e60a15974221" />
      <TestMethod codeBase="D:\actions-runner\_work\XPCO\XPCO\EventServer\Server\Components\Central\GisMap.UnitTest\bin\Debug\net472\VideoOS.EventServer.GisMap.UnitTest.dll" adapterTypeName="executor://mstestadapter/v2" className="VideoOS.EventServer.GisMap.UnitTest.BusinessObjects.Items.LinkItemTest" name="TestAuditLog_AuditLogItemChanged_RemovingLinkFromValidTargetMapId_Success" />
    </UnitTest>
    <UnitTest name="TestAddBuilding_Success" storage="d:\actions-runner\_work\xpco\xpco\eventserver\server\components\central\gismap.unittest\bin\debug\net472\videoos.eventserver.gismap.unittest.dll" id="c2671202-eec0-eb61-aaf8-b6ed3b317f8b">
      <TestCategory>
        <TestCategoryItem TestCategory="DataComponent" />
      </TestCategory>
      <Execution id="286eb4b1-bf4a-444c-ac6a-ac49b0fa321b" />
      <TestMethod codeBase="D:\actions-runner\_work\XPCO\XPCO\EventServer\Server\Components\Central\GisMap.UnitTest\bin\Debug\net472\VideoOS.EventServer.GisMap.UnitTest.dll" adapterTypeName="executor://mstestadapter/v2" className="VideoOS.EventServer.GisMap.UnitTest.DB.DataComponent.BuildingComponentTest" name="TestAddBuilding_Success" />
    </UnitTest>
    <UnitTest name="GetItemsWithin" storage="d:\actions-runner\_work\xpco\xpco\eventserver\server\components\central\gismap.unittest\bin\debug\net472\videoos.eventserver.gismap.unittest.dll" id="4042113f-4b83-0085-6b09-7141055d9279">
      <TestCategory>
        <TestCategoryItem TestCategory="BusinessObjects" />
      </TestCategory>
      <Execution id="59077c40-4c82-4f43-8fb0-4af697441c47" />
      <TestMethod codeBase="D:\actions-runner\_work\XPCO\XPCO\EventServer\Server\Components\Central\GisMap.UnitTest\bin\Debug\net472\VideoOS.EventServer.GisMap.UnitTest.dll" adapterTypeName="executor://mstestadapter/v2" className="VideoOS.EventServer.GisMap.UnitTest.BusinessObjects.Indexer.MapItemIndexerTest" name="GetItemsWithin" />
    </UnitTest>
    <UnitTest name="Init_TestInitTwice" storage="d:\actions-runner\_work\xpco\xpco\eventserver\server\components\central\gismap.unittest\bin\debug\net472\videoos.eventserver.gismap.unittest.dll" id="179e1ee4-3947-d241-311c-7731522f179c">
      <TestCategory>
        <TestCategoryItem TestCategory="GisMapServices" />
      </TestCategory>
      <Execution id="37bcae5b-bbc3-4de2-8671-b5d8f7d14cf9" />
      <TestMethod codeBase="D:\actions-runner\_work\XPCO\XPCO\EventServer\Server\Components\Central\GisMap.UnitTest\bin\Debug\net472\VideoOS.EventServer.GisMap.UnitTest.dll" adapterTypeName="executor://mstestadapter/v2" className="VideoOS.EventServer.GisMap.UnitTest.Services.Clustering.ItemClusteringServiceTest" name="Init_TestInitTwice" />
    </UnitTest>
    <UnitTest name="TestWcfObject_GetWcfObject_Success" storage="d:\actions-runner\_work\xpco\xpco\eventserver\server\components\central\gismap.unittest\bin\debug\net472\videoos.eventserver.gismap.unittest.dll" id="552e8d70-6b85-25e5-9317-984c02304f46">
      <TestCategory>
        <TestCategoryItem TestCategory="BusinessObjects" />
      </TestCategory>
      <Execution id="7f327857-25f3-44b7-8d81-27601cf0b944" />
      <TestMethod codeBase="D:\actions-runner\_work\XPCO\XPCO\EventServer\Server\Components\Central\GisMap.UnitTest\bin\Debug\net472\VideoOS.EventServer.GisMap.UnitTest.dll" adapterTypeName="executor://mstestadapter/v2" className="VideoOS.EventServer.GisMap.UnitTest.BusinessObjects.Layers.LegacyLinkLayerTest" name="TestWcfObject_GetWcfObject_Success" />
    </UnitTest>
    <UnitTest name="Init_CreatesIndexersDependingOnType" storage="d:\actions-runner\_work\xpco\xpco\eventserver\server\components\central\gismap.unittest\bin\debug\net472\videoos.eventserver.gismap.unittest.dll" id="ca1ba1e8-3744-cbcf-07b6-cf659aea1b5b">
      <TestCategory>
        <TestCategoryItem TestCategory="GisMapServices" />
      </TestCategory>
      <Execution id="522216e7-06f5-4b14-9317-705cb3dc66f7" />
      <TestMethod codeBase="D:\actions-runner\_work\XPCO\XPCO\EventServer\Server\Components\Central\GisMap.UnitTest\bin\Debug\net472\VideoOS.EventServer.GisMap.UnitTest.dll" adapterTypeName="executor://mstestadapter/v2" className="VideoOS.EventServer.GisMap.UnitTest.Services.Clustering.ItemClusteringServiceTest" name="Init_CreatesIndexersDependingOnType" />
    </UnitTest>
    <UnitTest name="UpdateBuildingLevel_WorksCorrectly_AfterAddingLevel" storage="d:\actions-runner\_work\xpco\xpco\eventserver\server\components\central\gismap.unittest\bin\debug\net472\videoos.eventserver.gismap.unittest.dll" id="e5d8a18f-07af-3300-6380-5893f036ee01">
      <TestCategory>
        <TestCategoryItem TestCategory="BusinessObjects" />
      </TestCategory>
      <Execution id="d43c1fa7-d569-4ea5-b6b2-371fafc00812" />
      <TestMethod codeBase="D:\actions-runner\_work\XPCO\XPCO\EventServer\Server\Components\Central\GisMap.UnitTest\bin\Debug\net472\VideoOS.EventServer.GisMap.UnitTest.dll" adapterTypeName="executor://mstestadapter/v2" className="VideoOS.EventServer.GisMap.UnitTest.BusinessObjects.Indexer.Buildings.BuildingItemsIndexerTest" name="UpdateBuildingLevel_WorksCorrectly_AfterAddingLevel" />
    </UnitTest>
    <UnitTest name="TestFactory_Success" storage="d:\actions-runner\_work\xpco\xpco\eventserver\server\components\central\gismap.unittest\bin\debug\net472\videoos.eventserver.gismap.unittest.dll" id="79b6c85e-0b7d-cb65-82e7-89f5d068ffea">
      <Execution id="c39fc37f-ea31-432b-abf7-cee87e95df1c" />
      <TestMethod codeBase="D:\actions-runner\_work\XPCO\XPCO\EventServer\Server\Components\Central\GisMap.UnitTest\bin\Debug\net472\VideoOS.EventServer.GisMap.UnitTest.dll" adapterTypeName="executor://mstestadapter/v2" className="VideoOS.EventServer.GisMap.UnitTest.BusinessObjects.Buildings.BuildingFactoryTest" name="TestFactory_Success" />
    </UnitTest>
    <UnitTest name="TestUpdateProperties_UpdateAllProperties_Success" storage="d:\actions-runner\_work\xpco\xpco\eventserver\server\components\central\gismap.unittest\bin\debug\net472\videoos.eventserver.gismap.unittest.dll" id="a24d2938-8b8c-cfc6-8442-4b8e53130137">
      <TestCategory>
        <TestCategoryItem TestCategory="BusinessObjects" />
      </TestCategory>
      <Execution id="dacff738-b9ec-41c9-ba8e-7650edda602c" />
      <TestMethod codeBase="D:\actions-runner\_work\XPCO\XPCO\EventServer\Server\Components\Central\GisMap.UnitTest\bin\Debug\net472\VideoOS.EventServer.GisMap.UnitTest.dll" adapterTypeName="executor://mstestadapter/v2" className="VideoOS.EventServer.GisMap.UnitTest.BusinessObjects.Layers.MipLayerTest" name="TestUpdateProperties_UpdateAllProperties_Success" />
    </UnitTest>
    <UnitTest name="GetMipItemContextMenu_Success" storage="d:\actions-runner\_work\xpco\xpco\eventserver\server\components\central\gismap.unittest\bin\debug\net472\videoos.eventserver.gismap.unittest.dll" id="0b552305-9a3c-ae3d-211e-4f06f0749f1a">
      <TestCategory>
        <TestCategoryItem TestCategory="GisMapMipItems" />
      </TestCategory>
      <Execution id="ffd76b3d-553b-48b8-af0b-a9b8460c49dc" />
      <TestMethod codeBase="D:\actions-runner\_work\XPCO\XPCO\EventServer\Server\Components\Central\GisMap.UnitTest\bin\Debug\net472\VideoOS.EventServer.GisMap.UnitTest.dll" adapterTypeName="executor://mstestadapter/v2" className="VideoOS.EventServer.GisMap.UnitTest.WebService.GisMipItemCommandTest" name="GetMipItemContextMenu_Success" />
    </UnitTest>
    <UnitTest name="TestWcfObject_GetWcfObjectWithoutExtent_Success" storage="d:\actions-runner\_work\xpco\xpco\eventserver\server\components\central\gismap.unittest\bin\debug\net472\videoos.eventserver.gismap.unittest.dll" id="3df1e46d-4265-9c4b-8aae-0a8052487f66">
      <TestCategory>
        <TestCategoryItem TestCategory="BusinessObjects" />
      </TestCategory>
      <Execution id="a3440245-bd2e-42f5-a810-caf75964ca93" />
      <TestMethod codeBase="D:\actions-runner\_work\XPCO\XPCO\EventServer\Server\Components\Central\GisMap.UnitTest\bin\Debug\net472\VideoOS.EventServer.GisMap.UnitTest.dll" adapterTypeName="executor://mstestadapter/v2" className="VideoOS.EventServer.GisMap.UnitTest.BusinessObjects.Layers.OpenStreetMapLayerTest" name="TestWcfObject_GetWcfObjectWithoutExtent_Success" />
    </UnitTest>
    <UnitTest name="Test_DeleteLevels_Succes" storage="d:\actions-runner\_work\xpco\xpco\eventserver\server\components\central\gismap.unittest\bin\debug\net472\videoos.eventserver.gismap.unittest.dll" id="8e5f2ed4-bf7a-d0e0-4d73-7a0ac5ae0304">
      <TestCategory>
        <TestCategoryItem TestCategory="DataComponent" />
      </TestCategory>
      <Execution id="70907c0a-3203-43d1-8d83-71d8ffdaee8a" />
      <TestMethod codeBase="D:\actions-runner\_work\XPCO\XPCO\EventServer\Server\Components\Central\GisMap.UnitTest\bin\Debug\net472\VideoOS.EventServer.GisMap.UnitTest.dll" adapterTypeName="executor://mstestadapter/v2" className="VideoOS.EventServer.GisMap.UnitTest.DB.DataComponent.BuildingComponent_LevelTest" name="Test_DeleteLevels_Succes" />
    </UnitTest>
    <UnitTest name="TestDeleteBuildings_ZeroRows_Success" storage="d:\actions-runner\_work\xpco\xpco\eventserver\server\components\central\gismap.unittest\bin\debug\net472\videoos.eventserver.gismap.unittest.dll" id="612916a7-ba3b-d557-9866-51fc7ebe250f">
      <TestCategory>
        <TestCategoryItem TestCategory="DataComponent" />
      </TestCategory>
      <Execution id="25ec1032-2c1b-4f38-b863-c63962542189" />
      <TestMethod codeBase="D:\actions-runner\_work\XPCO\XPCO\EventServer\Server\Components\Central\GisMap.UnitTest\bin\Debug\net472\VideoOS.EventServer.GisMap.UnitTest.dll" adapterTypeName="executor://mstestadapter/v2" className="VideoOS.EventServer.GisMap.UnitTest.DB.DataComponent.BuildingComponentTest" name="TestDeleteBuildings_ZeroRows_Success" />
    </UnitTest>
    <UnitTest name="TestProperties_GetProperties_Success" storage="d:\actions-runner\_work\xpco\xpco\eventserver\server\components\central\gismap.unittest\bin\debug\net472\videoos.eventserver.gismap.unittest.dll" id="a4e7e6b0-f47f-77cc-78fc-8bb726fd1e88">
      <TestCategory>
        <TestCategoryItem TestCategory="BusinessObjects" />
      </TestCategory>
      <Execution id="bc8e4714-f2f3-4ac1-bf47-bd2352cc289f" />
      <TestMethod codeBase="D:\actions-runner\_work\XPCO\XPCO\EventServer\Server\Components\Central\GisMap.UnitTest\bin\Debug\net472\VideoOS.EventServer.GisMap.UnitTest.dll" adapterTypeName="executor://mstestadapter/v2" className="VideoOS.EventServer.GisMap.UnitTest.BusinessObjects.Layers.GoogleMapLayerTest" name="TestProperties_GetProperties_Success" />
    </UnitTest>
    <UnitTest name="InsertExcludedItems_All_Rises_OnItemsInserted" storage="d:\actions-runner\_work\xpco\xpco\eventserver\server\components\central\gismap.unittest\bin\debug\net472\videoos.eventserver.gismap.unittest.dll" id="246ae01f-d162-d755-db6d-d087eacbfb62">
      <TestCategory>
        <TestCategoryItem TestCategory="BusinessObjects" />
      </TestCategory>
      <Execution id="bf0d6f4c-310d-4420-b9df-0f097dd3f611" />
      <TestMethod codeBase="D:\actions-runner\_work\XPCO\XPCO\EventServer\Server\Components\Central\GisMap.UnitTest\bin\Debug\net472\VideoOS.EventServer.GisMap.UnitTest.dll" adapterTypeName="executor://mstestadapter/v2" className="VideoOS.EventServer.GisMap.UnitTest.BusinessObjects.Indexer.MapItemIndexerTest" name="InsertExcludedItems_All_Rises_OnItemsInserted" />
    </UnitTest>
    <UnitTest name="TestPropertyNames_GettingPropertyNames_Success" storage="d:\actions-runner\_work\xpco\xpco\eventserver\server\components\central\gismap.unittest\bin\debug\net472\videoos.eventserver.gismap.unittest.dll" id="9b3f1de6-5ced-afd7-143c-4ccc2375e488">
      <TestCategory>
        <TestCategoryItem TestCategory="BusinessObjects" />
      </TestCategory>
      <Execution id="9c8e5bae-da7e-4f0f-b14a-9d4ce5846600" />
      <TestMethod codeBase="D:\actions-runner\_work\XPCO\XPCO\EventServer\Server\Components\Central\GisMap.UnitTest\bin\Debug\net472\VideoOS.EventServer.GisMap.UnitTest.dll" adapterTypeName="executor://mstestadapter/v2" className="VideoOS.EventServer.GisMap.UnitTest.BusinessObjects.Layers.LocationLayerTest" name="TestPropertyNames_GettingPropertyNames_Success" />
    </UnitTest>
    <UnitTest name="TestConstructor_ParsingWcfObjectWithoutExtent_Success" storage="d:\actions-runner\_work\xpco\xpco\eventserver\server\components\central\gismap.unittest\bin\debug\net472\videoos.eventserver.gismap.unittest.dll" id="5748818a-e4fb-d506-37f3-b1d42a9f27d4">
      <TestCategory>
        <TestCategoryItem TestCategory="BusinessObjects" />
      </TestCategory>
      <Execution id="bfdfc703-2aed-4de4-98a6-36e7b7b85a5e" />
      <TestMethod codeBase="D:\actions-runner\_work\XPCO\XPCO\EventServer\Server\Components\Central\GisMap.UnitTest\bin\Debug\net472\VideoOS.EventServer.GisMap.UnitTest.dll" adapterTypeName="executor://mstestadapter/v2" className="VideoOS.EventServer.GisMap.UnitTest.BusinessObjects.Layers.ShapeFileLayerTest" name="TestConstructor_ParsingWcfObjectWithoutExtent_Success" />
    </UnitTest>
    <UnitTest name="TestUpdateProperties_UpdateAllProperties_Success" storage="d:\actions-runner\_work\xpco\xpco\eventserver\server\components\central\gismap.unittest\bin\debug\net472\videoos.eventserver.gismap.unittest.dll" id="26283692-6ea5-ef23-5227-803d8498a28b">
      <TestCategory>
        <TestCategoryItem TestCategory="BusinessObjects" />
      </TestCategory>
      <Execution id="7b621c32-0212-4493-abe1-4bb8bb505c2c" />
      <TestMethod codeBase="D:\actions-runner\_work\XPCO\XPCO\EventServer\Server\Components\Central\GisMap.UnitTest\bin\Debug\net472\VideoOS.EventServer.GisMap.UnitTest.dll" adapterTypeName="executor://mstestadapter/v2" className="VideoOS.EventServer.GisMap.UnitTest.BusinessObjects.Layers.OutputLayerTest" name="TestUpdateProperties_UpdateAllProperties_Success" />
    </UnitTest>
    <UnitTest name="BuildClusters_ItemBelongsTo2Buildings_Still1Cluster" storage="d:\actions-runner\_work\xpco\xpco\eventserver\server\components\central\gismap.unittest\bin\debug\net472\videoos.eventserver.gismap.unittest.dll" id="9e3edf49-5afe-389d-fbb3-b0c5ca2c8ae8">
      <TestCategory>
        <TestCategoryItem TestCategory="BusinessObjects" />
      </TestCategory>
      <Execution id="309d92ed-8804-408a-b50e-b051b7c083a2" />
      <TestMethod codeBase="D:\actions-runner\_work\XPCO\XPCO\EventServer\Server\Components\Central\GisMap.UnitTest\bin\Debug\net472\VideoOS.EventServer.GisMap.UnitTest.dll" adapterTypeName="executor://mstestadapter/v2" className="VideoOS.EventServer.GisMap.UnitTest.BusinessObjects.Indexer.Clustering.BuildingsAwareClusterStrategyTest" name="BuildClusters_ItemBelongsTo2Buildings_Still1Cluster" />
    </UnitTest>
    <UnitTest name="TestPropertyNames_GettingPropertyNames_Success" storage="d:\actions-runner\_work\xpco\xpco\eventserver\server\components\central\gismap.unittest\bin\debug\net472\videoos.eventserver.gismap.unittest.dll" id="52c0751c-fa17-4f18-620a-1832d6f071ad">
      <TestCategory>
        <TestCategoryItem TestCategory="BusinessObjects" />
      </TestCategory>
      <Execution id="d74c135f-13ce-450b-a42c-850f0fae5584" />
      <TestMethod codeBase="D:\actions-runner\_work\XPCO\XPCO\EventServer\Server\Components\Central\GisMap.UnitTest\bin\Debug\net472\VideoOS.EventServer.GisMap.UnitTest.dll" adapterTypeName="executor://mstestadapter/v2" className="VideoOS.EventServer.GisMap.UnitTest.BusinessObjects.Layers.CameraLayerTest" name="TestPropertyNames_GettingPropertyNames_Success" />
    </UnitTest>
    <UnitTest name="TestAuditLog_AuditLogChanged_AddingRemovingLegacyLinkChangingTargetMapId_Success" storage="d:\actions-runner\_work\xpco\xpco\eventserver\server\components\central\gismap.unittest\bin\debug\net472\videoos.eventserver.gismap.unittest.dll" id="5d950d2b-db19-8586-aab7-9626ab9aaae8">
      <TestCategory>
        <TestCategoryItem TestCategory="BusinessObjects" />
      </TestCategory>
      <Execution id="2b04ae97-1fe1-479c-b886-db075cd1fc4e" />
      <TestMethod codeBase="D:\actions-runner\_work\XPCO\XPCO\EventServer\Server\Components\Central\GisMap.UnitTest\bin\Debug\net472\VideoOS.EventServer.GisMap.UnitTest.dll" adapterTypeName="executor://mstestadapter/v2" className="VideoOS.EventServer.GisMap.UnitTest.BusinessObjects.Items.LegacyLinkItemTest" name="TestAuditLog_AuditLogChanged_AddingRemovingLegacyLinkChangingTargetMapId_Success" />
    </UnitTest>
    <UnitTest name="TestWcfObject_ConvertToWcfObjectWithNullPosition_Success" storage="d:\actions-runner\_work\xpco\xpco\eventserver\server\components\central\gismap.unittest\bin\debug\net472\videoos.eventserver.gismap.unittest.dll" id="e750ff11-8e6d-9112-ff5b-77deeafbd511">
      <TestCategory>
        <TestCategoryItem TestCategory="BusinessObjects" />
      </TestCategory>
      <Execution id="e0d93527-812c-4273-bf56-16d8a82a9fc7" />
      <TestMethod codeBase="D:\actions-runner\_work\XPCO\XPCO\EventServer\Server\Components\Central\GisMap.UnitTest\bin\Debug\net472\VideoOS.EventServer.GisMap.UnitTest.dll" adapterTypeName="executor://mstestadapter/v2" className="VideoOS.EventServer.GisMap.UnitTest.BusinessObjects.Maps.MapTest" name="TestWcfObject_ConvertToWcfObjectWithNullPosition_Success" />
    </UnitTest>
    <UnitTest name="TestConstructor_ParsingWcfObjectWithNull_Success" storage="d:\actions-runner\_work\xpco\xpco\eventserver\server\components\central\gismap.unittest\bin\debug\net472\videoos.eventserver.gismap.unittest.dll" id="27498d42-7bbc-c38f-fb94-d07994a07cdc">
      <TestCategory>
        <TestCategoryItem TestCategory="BusinessObjects" />
      </TestCategory>
      <Execution id="21afd3a3-37ff-4251-a7ac-55c87b2b5991" />
      <TestMethod codeBase="D:\actions-runner\_work\XPCO\XPCO\EventServer\Server\Components\Central\GisMap.UnitTest\bin\Debug\net472\VideoOS.EventServer.GisMap.UnitTest.dll" adapterTypeName="executor://mstestadapter/v2" className="VideoOS.EventServer.GisMap.UnitTest.BusinessObjects.MapViewPointTest" name="TestConstructor_ParsingWcfObjectWithNull_Success" />
    </UnitTest>
    <UnitTest name="TestReorderLevels_Success" storage="d:\actions-runner\_work\xpco\xpco\eventserver\server\components\central\gismap.unittest\bin\debug\net472\videoos.eventserver.gismap.unittest.dll" id="508081dd-dca9-3012-b00b-9eb9373a2d4d">
      <TestCategory>
        <TestCategoryItem TestCategory="DataComponent" />
      </TestCategory>
      <Execution id="cb32f472-05b3-4e96-8306-a55411e67b97" />
      <TestMethod codeBase="D:\actions-runner\_work\XPCO\XPCO\EventServer\Server\Components\Central\GisMap.UnitTest\bin\Debug\net472\VideoOS.EventServer.GisMap.UnitTest.dll" adapterTypeName="executor://mstestadapter/v2" className="VideoOS.EventServer.GisMap.UnitTest.DB.DataComponent.BuildingComponent_LevelTest" name="TestReorderLevels_Success" />
    </UnitTest>
    <UnitTest name="BrowseLayer_GetProperties_Success" storage="d:\actions-runner\_work\xpco\xpco\eventserver\server\components\central\gismap.unittest\bin\debug\net472\videoos.eventserver.gismap.unittest.dll" id="ff962744-44ce-857d-8cb7-730338e97029">
      <Execution id="a6d7d4ae-4fee-4e60-8b5a-a00e0b8ddf31" />
      <TestMethod codeBase="D:\actions-runner\_work\XPCO\XPCO\EventServer\Server\Components\Central\GisMap.UnitTest\bin\Debug\net472\VideoOS.EventServer.GisMap.UnitTest.dll" adapterTypeName="executor://mstestadapter/v2" className="VideoOS.EventServer.GisMap.UnitTest.BusinessObjects.Layers.BrowseLayerTest" name="BrowseLayer_GetProperties_Success" />
    </UnitTest>
    <UnitTest name="TestAddLevels_DatabaseException_UniqueKeyViolation_Failure" storage="d:\actions-runner\_work\xpco\xpco\eventserver\server\components\central\gismap.unittest\bin\debug\net472\videoos.eventserver.gismap.unittest.dll" id="3edc7d70-d2cc-b78d-21c0-d53a11fde45f">
      <TestCategory>
        <TestCategoryItem TestCategory="DataComponent" />
      </TestCategory>
      <Execution id="3943ca2a-c4a5-4635-836b-e9dd2aed9cc0" />
      <TestMethod codeBase="D:\actions-runner\_work\XPCO\XPCO\EventServer\Server\Components\Central\GisMap.UnitTest\bin\Debug\net472\VideoOS.EventServer.GisMap.UnitTest.dll" adapterTypeName="executor://mstestadapter/v2" className="VideoOS.EventServer.GisMap.UnitTest.DB.DataComponent.BuildingComponent_LevelTest" name="TestAddLevels_DatabaseException_UniqueKeyViolation_Failure" />
    </UnitTest>
    <UnitTest name="TestCapabilities_OnlyLatestGeneration_Success" storage="d:\actions-runner\_work\xpco\xpco\eventserver\server\components\central\gismap.unittest\bin\debug\net472\videoos.eventserver.gismap.unittest.dll" id="78e1ad87-4fe8-4314-4c67-aedf5c8ef7d7">
      <Execution id="b7b712ab-3682-476e-a9f6-19016d663f46" />
      <TestMethod codeBase="D:\actions-runner\_work\XPCO\XPCO\EventServer\Server\Components\Central\GisMap.UnitTest\bin\Debug\net472\VideoOS.EventServer.GisMap.UnitTest.dll" adapterTypeName="executor://mstestadapter/v2" className="VideoOS.EventServer.GisMap.UnitTest.Services.Capabilities.ServerCapabilitiesTest" name="TestCapabilities_OnlyLatestGeneration_Success" />
    </UnitTest>
    <UnitTest name="TestProperties_GetProperties_Success" storage="d:\actions-runner\_work\xpco\xpco\eventserver\server\components\central\gismap.unittest\bin\debug\net472\videoos.eventserver.gismap.unittest.dll" id="95bf7929-35e2-cfd9-e7a1-cdb3e56bc0fb">
      <TestCategory>
        <TestCategoryItem TestCategory="BusinessObjects" />
      </TestCategory>
      <Execution id="d6e183a1-71bc-424c-aec9-3257f4e094b4" />
      <TestMethod codeBase="D:\actions-runner\_work\XPCO\XPCO\EventServer\Server\Components\Central\GisMap.UnitTest\bin\Debug\net472\VideoOS.EventServer.GisMap.UnitTest.dll" adapterTypeName="executor://mstestadapter/v2" className="VideoOS.EventServer.GisMap.UnitTest.BusinessObjects.Repositories.CADRepositoryTest" name="TestProperties_GetProperties_Success" />
    </UnitTest>
    <UnitTest name="Constructor_ItemConnectionsSet" storage="d:\actions-runner\_work\xpco\xpco\eventserver\server\components\central\gismap.unittest\bin\debug\net472\videoos.eventserver.gismap.unittest.dll" id="f37f5b79-d351-3e25-99e3-e4e60c5d6c6d">
      <TestCategory>
        <TestCategoryItem TestCategory="BusinessObjects" />
      </TestCategory>
      <Execution id="a6083454-2026-4a5e-a7f7-50665a7cab59" />
      <TestMethod codeBase="D:\actions-runner\_work\XPCO\XPCO\EventServer\Server\Components\Central\GisMap.UnitTest\bin\Debug\net472\VideoOS.EventServer.GisMap.UnitTest.dll" adapterTypeName="executor://mstestadapter/v2" className="VideoOS.EventServer.GisMap.UnitTest.BusinessObjects.Indexer.Buildings.BuildingIndexTest" name="Constructor_ItemConnectionsSet" />
    </UnitTest>
    <UnitTest name="TestAuditLog_AuditLogChanged_AddingRemovingLegacyLinkChangingTargetServiceId_Success" storage="d:\actions-runner\_work\xpco\xpco\eventserver\server\components\central\gismap.unittest\bin\debug\net472\videoos.eventserver.gismap.unittest.dll" id="10c9a457-cb36-9c66-57cc-73a8ab3286b0">
      <TestCategory>
        <TestCategoryItem TestCategory="BusinessObjects" />
      </TestCategory>
      <Execution id="043e625c-0af0-44ce-967b-76d629306100" />
      <TestMethod codeBase="D:\actions-runner\_work\XPCO\XPCO\EventServer\Server\Components\Central\GisMap.UnitTest\bin\Debug\net472\VideoOS.EventServer.GisMap.UnitTest.dll" adapterTypeName="executor://mstestadapter/v2" className="VideoOS.EventServer.GisMap.UnitTest.BusinessObjects.Items.LegacyLinkItemTest" name="TestAuditLog_AuditLogChanged_AddingRemovingLegacyLinkChangingTargetServiceId_Success" />
    </UnitTest>
    <UnitTest name="TestUpdateProperties_UpdateAllProperties_Success" storage="d:\actions-runner\_work\xpco\xpco\eventserver\server\components\central\gismap.unittest\bin\debug\net472\videoos.eventserver.gismap.unittest.dll" id="97aa3fa1-18ae-4ef4-802a-81d1bbb86107">
      <TestCategory>
        <TestCategoryItem TestCategory="BusinessObjects" />
      </TestCategory>
      <Execution id="ae931268-485d-464c-8bf9-b7ee1860c209" />
      <TestMethod codeBase="D:\actions-runner\_work\XPCO\XPCO\EventServer\Server\Components\Central\GisMap.UnitTest\bin\Debug\net472\VideoOS.EventServer.GisMap.UnitTest.dll" adapterTypeName="executor://mstestadapter/v2" className="VideoOS.EventServer.GisMap.UnitTest.BusinessObjects.RectangleTest" name="TestUpdateProperties_UpdateAllProperties_Success" />
    </UnitTest>
    <UnitTest name="TestConstructor_CreateService_Success" storage="d:\actions-runner\_work\xpco\xpco\eventserver\server\components\central\gismap.unittest\bin\debug\net472\videoos.eventserver.gismap.unittest.dll" id="3f64cf55-1663-03c1-53b4-20fe58d327f0">
      <TestCategory>
        <TestCategoryItem TestCategory="GisMap" />
      </TestCategory>
      <Execution id="743abbab-c334-4878-9df1-ce983f120721" />
      <TestMethod codeBase="D:\actions-runner\_work\XPCO\XPCO\EventServer\Server\Components\Central\GisMap.UnitTest\bin\Debug\net472\VideoOS.EventServer.GisMap.UnitTest.dll" adapterTypeName="executor://mstestadapter/v2" className="VideoOS.EventServer.GisMap.UnitTest.WebService.GisNotificationCommandTest" name="TestConstructor_CreateService_Success" />
    </UnitTest>
    <UnitTest name="TestConstructor_ParsingWcfObject_Success" storage="d:\actions-runner\_work\xpco\xpco\eventserver\server\components\central\gismap.unittest\bin\debug\net472\videoos.eventserver.gismap.unittest.dll" id="46027892-420d-4502-59c5-18418d2a2257">
      <TestCategory>
        <TestCategoryItem TestCategory="BusinessObjects" />
      </TestCategory>
      <Execution id="cf727df2-3743-45f9-bb07-b6b265c10ca0" />
      <TestMethod codeBase="D:\actions-runner\_work\XPCO\XPCO\EventServer\Server\Components\Central\GisMap.UnitTest\bin\Debug\net472\VideoOS.EventServer.GisMap.UnitTest.dll" adapterTypeName="executor://mstestadapter/v2" className="VideoOS.EventServer.GisMap.UnitTest.BusinessObjects.Items.LinkItemTest" name="TestConstructor_ParsingWcfObject_Success" />
    </UnitTest>
    <UnitTest name="UpdateLevel" storage="d:\actions-runner\_work\xpco\xpco\eventserver\server\components\central\gismap.unittest\bin\debug\net472\videoos.eventserver.gismap.unittest.dll" id="a38e0aa9-55dd-8990-1ea8-62c9cdd5455d">
      <TestCategory>
        <TestCategoryItem TestCategory="BusinessObjects" />
      </TestCategory>
      <Execution id="f9aa7627-4897-4479-8e76-d1fc4e0bdfe4" />
      <TestMethod codeBase="D:\actions-runner\_work\XPCO\XPCO\EventServer\Server\Components\Central\GisMap.UnitTest\bin\Debug\net472\VideoOS.EventServer.GisMap.UnitTest.dll" adapterTypeName="executor://mstestadapter/v2" className="VideoOS.EventServer.GisMap.UnitTest.BusinessObjects.Indexer.Buildings.BuildingIndexTest" name="UpdateLevel" />
    </UnitTest>
    <UnitTest name="UpdateItem_EnabledAndNotExistant_Adds" storage="d:\actions-runner\_work\xpco\xpco\eventserver\server\components\central\gismap.unittest\bin\debug\net472\videoos.eventserver.gismap.unittest.dll" id="89ea8517-ba94-19d6-fc04-c6e2ee009c09">
      <TestCategory>
        <TestCategoryItem TestCategory="GisMapServices" />
      </TestCategory>
      <Execution id="b0d9ba18-dfe5-4917-807b-71f8b45e9972" />
      <TestMethod codeBase="D:\actions-runner\_work\XPCO\XPCO\EventServer\Server\Components\Central\GisMap.UnitTest\bin\Debug\net472\VideoOS.EventServer.GisMap.UnitTest.dll" adapterTypeName="executor://mstestadapter/v2" className="VideoOS.EventServer.GisMap.UnitTest.Services.Clustering.MapDataUpdaterTest" name="UpdateItem_EnabledAndNotExistant_Adds" />
    </UnitTest>
    <UnitTest name="TestUpdateBuildings_NullBuildings_Failure" storage="d:\actions-runner\_work\xpco\xpco\eventserver\server\components\central\gismap.unittest\bin\debug\net472\videoos.eventserver.gismap.unittest.dll" id="85221abc-5b6f-d1ce-2e6b-cf874117f35e">
      <TestCategory>
        <TestCategoryItem TestCategory="DataComponent" />
      </TestCategory>
      <Execution id="794a5a5f-cac4-4815-ba16-e21b8ad55a0f" />
      <TestMethod codeBase="D:\actions-runner\_work\XPCO\XPCO\EventServer\Server\Components\Central\GisMap.UnitTest\bin\Debug\net472\VideoOS.EventServer.GisMap.UnitTest.dll" adapterTypeName="executor://mstestadapter/v2" className="VideoOS.EventServer.GisMap.UnitTest.DB.DataComponent.BuildingComponentTest" name="TestUpdateBuildings_NullBuildings_Failure" />
    </UnitTest>
    <UnitTest name="BuildClusters_Levels" storage="d:\actions-runner\_work\xpco\xpco\eventserver\server\components\central\gismap.unittest\bin\debug\net472\videoos.eventserver.gismap.unittest.dll" id="3bf901ad-8957-ad5e-296f-dd63c0fdc478">
      <TestCategory>
        <TestCategoryItem TestCategory="BusinessObjects" />
      </TestCategory>
      <Execution id="7dd4e72b-ad03-489c-97d7-8a6c63639904" />
      <TestMethod codeBase="D:\actions-runner\_work\XPCO\XPCO\EventServer\Server\Components\Central\GisMap.UnitTest\bin\Debug\net472\VideoOS.EventServer.GisMap.UnitTest.dll" adapterTypeName="executor://mstestadapter/v2" className="VideoOS.EventServer.GisMap.UnitTest.BusinessObjects.Indexer.Clustering.BuildingsAwareClusterStrategyTest" name="BuildClusters_Levels" />
    </UnitTest>
    <UnitTest name="TestUpdateProperties_UpdateAllProperties_Success" storage="d:\actions-runner\_work\xpco\xpco\eventserver\server\components\central\gismap.unittest\bin\debug\net472\videoos.eventserver.gismap.unittest.dll" id="b9130c8e-9d83-6cc3-522b-ffedde30dd42">
      <TestCategory>
        <TestCategoryItem TestCategory="BusinessObjects" />
      </TestCategory>
      <Execution id="ade1f24c-a3b5-4268-8bd7-0db8a7b7630b" />
      <TestMethod codeBase="D:\actions-runner\_work\XPCO\XPCO\EventServer\Server\Components\Central\GisMap.UnitTest\bin\Debug\net472\VideoOS.EventServer.GisMap.UnitTest.dll" adapterTypeName="executor://mstestadapter/v2" className="VideoOS.EventServer.GisMap.UnitTest.BusinessObjects.Repositories.CADRepositoryTest" name="TestUpdateProperties_UpdateAllProperties_Success" />
    </UnitTest>
    <UnitTest name="TestConvertToType_UnknownType_Success" storage="d:\actions-runner\_work\xpco\xpco\eventserver\server\components\central\gismap.unittest\bin\debug\net472\videoos.eventserver.gismap.unittest.dll" id="4fadf45a-56f2-c010-4098-8fe90cd2a5e3">
      <Execution id="d55729b2-6589-4187-9990-9e2d0b8591ac" />
      <TestMethod codeBase="D:\actions-runner\_work\XPCO\XPCO\EventServer\Server\Components\Central\GisMap.UnitTest\bin\Debug\net472\VideoOS.EventServer.GisMap.UnitTest.dll" adapterTypeName="executor://mstestadapter/v2" className="VideoOS.EventServer.GisMap.UnitTest.DB.Converters.DatabaseTypeNameConverterTest" name="TestConvertToType_UnknownType_Success" />
    </UnitTest>
    <UnitTest name="TestReorderLevels_DatabaseException_Failure" storage="d:\actions-runner\_work\xpco\xpco\eventserver\server\components\central\gismap.unittest\bin\debug\net472\videoos.eventserver.gismap.unittest.dll" id="fedfa35e-6880-68f0-e203-0871803ddfef">
      <TestCategory>
        <TestCategoryItem TestCategory="DataComponent" />
      </TestCategory>
      <Execution id="9ab89c3f-d66f-4b17-9886-ca2cdbd9f332" />
      <TestMethod codeBase="D:\actions-runner\_work\XPCO\XPCO\EventServer\Server\Components\Central\GisMap.UnitTest\bin\Debug\net472\VideoOS.EventServer.GisMap.UnitTest.dll" adapterTypeName="executor://mstestadapter/v2" className="VideoOS.EventServer.GisMap.UnitTest.DB.DataComponent.BuildingComponent_LevelTest" name="TestReorderLevels_DatabaseException_Failure" />
    </UnitTest>
    <UnitTest name="Constructor_CreatesCommands" storage="d:\actions-runner\_work\xpco\xpco\eventserver\server\components\central\gismap.unittest\bin\debug\net472\videoos.eventserver.gismap.unittest.dll" id="e8cd83a9-1255-52c8-c545-87c6b911bee8">
      <TestCategory>
        <TestCategoryItem TestCategory="GisMap" />
      </TestCategory>
      <Execution id="e0ad7aab-26a7-4a64-ab0c-acc949a74ce2" />
      <TestMethod codeBase="D:\actions-runner\_work\XPCO\XPCO\EventServer\Server\Components\Central\GisMap.UnitTest\bin\Debug\net472\VideoOS.EventServer.GisMap.UnitTest.dll" adapterTypeName="executor://mstestadapter/v2" className="VideoOS.EventServer.GisMap.UnitTest.WebService.GisMapWebServiceTest" name="Constructor_CreatesCommands" />
    </UnitTest>
    <UnitTest name="TestAuditLog_AuditLogItemAddedWithEmptyLocation_Success" storage="d:\actions-runner\_work\xpco\xpco\eventserver\server\components\central\gismap.unittest\bin\debug\net472\videoos.eventserver.gismap.unittest.dll" id="4c18361d-692a-8703-c9f0-ec2f36e6cc36">
      <TestCategory>
        <TestCategoryItem TestCategory="BusinessObjects" />
      </TestCategory>
      <Execution id="bd854601-3cae-4365-b5ff-c11b9bd61115" />
      <TestMethod codeBase="D:\actions-runner\_work\XPCO\XPCO\EventServer\Server\Components\Central\GisMap.UnitTest\bin\Debug\net472\VideoOS.EventServer.GisMap.UnitTest.dll" adapterTypeName="executor://mstestadapter/v2" className="VideoOS.EventServer.GisMap.UnitTest.BusinessObjects.Items.LinkItemTest" name="TestAuditLog_AuditLogItemAddedWithEmptyLocation_Success" />
    </UnitTest>
    <UnitTest name="Close_ClosesCommandsAndHostsInTheOrder" storage="d:\actions-runner\_work\xpco\xpco\eventserver\server\components\central\gismap.unittest\bin\debug\net472\videoos.eventserver.gismap.unittest.dll" id="f98068f9-99f7-ff5b-d168-ef651dd264ce">
      <TestCategory>
        <TestCategoryItem TestCategory="GisMap" />
      </TestCategory>
      <Execution id="93a60b24-7301-4209-b02b-068b2680a476" />
      <TestMethod codeBase="D:\actions-runner\_work\XPCO\XPCO\EventServer\Server\Components\Central\GisMap.UnitTest\bin\Debug\net472\VideoOS.EventServer.GisMap.UnitTest.dll" adapterTypeName="executor://mstestadapter/v2" className="VideoOS.EventServer.GisMap.UnitTest.WebService.GisMapWebServiceTest" name="Close_ClosesCommandsAndHostsInTheOrder" />
    </UnitTest>
    <UnitTest name="LevelEvents_Reaction" storage="d:\actions-runner\_work\xpco\xpco\eventserver\server\components\central\gismap.unittest\bin\debug\net472\videoos.eventserver.gismap.unittest.dll" id="c79d8919-0c8f-922d-ea75-de9901ebd1ee">
      <TestCategory>
        <TestCategoryItem TestCategory="GisMapServices" />
      </TestCategory>
      <Execution id="15c2870b-aa02-4b69-98d0-cf541d15c500" />
      <TestMethod codeBase="D:\actions-runner\_work\XPCO\XPCO\EventServer\Server\Components\Central\GisMap.UnitTest\bin\Debug\net472\VideoOS.EventServer.GisMap.UnitTest.dll" adapterTypeName="executor://mstestadapter/v2" className="VideoOS.EventServer.GisMap.UnitTest.Services.Clustering.MapDataUpdaterTest" name="LevelEvents_Reaction" />
    </UnitTest>
    <UnitTest name="TestAuditLog_AuditLogItemChanged_AddingNewLinkFromEmptyLocationId_Success" storage="d:\actions-runner\_work\xpco\xpco\eventserver\server\components\central\gismap.unittest\bin\debug\net472\videoos.eventserver.gismap.unittest.dll" id="249ec01b-acb8-4b7c-e110-39ed4e0dc85b">
      <TestCategory>
        <TestCategoryItem TestCategory="BusinessObjects" />
      </TestCategory>
      <Execution id="866e19c3-1247-4627-a4db-c3e74a0c6b7c" />
      <TestMethod codeBase="D:\actions-runner\_work\XPCO\XPCO\EventServer\Server\Components\Central\GisMap.UnitTest\bin\Debug\net472\VideoOS.EventServer.GisMap.UnitTest.dll" adapterTypeName="executor://mstestadapter/v2" className="VideoOS.EventServer.GisMap.UnitTest.BusinessObjects.Items.LinkItemTest" name="TestAuditLog_AuditLogItemChanged_AddingNewLinkFromEmptyLocationId_Success" />
    </UnitTest>
    <UnitTest name="TestConstructor_Success" storage="d:\actions-runner\_work\xpco\xpco\eventserver\server\components\central\gismap.unittest\bin\debug\net472\videoos.eventserver.gismap.unittest.dll" id="a42d239d-baf4-f5a8-cf3e-7324b28cfead">
      <TestCategory>
        <TestCategoryItem TestCategory="BusinessObjects" />
      </TestCategory>
      <Execution id="5cd54f04-a78b-45ea-a967-73e44bc691f5" />
      <TestMethod codeBase="D:\actions-runner\_work\XPCO\XPCO\EventServer\Server\Components\Central\GisMap.UnitTest\bin\Debug\net472\VideoOS.EventServer.GisMap.UnitTest.dll" adapterTypeName="executor://mstestadapter/v2" className="VideoOS.EventServer.GisMap.UnitTest.BusinessObjects.Maps.BrowseMapTest" name="TestConstructor_Success" />
    </UnitTest>
    <UnitTest name="Clear_AllowsFreshUsage" storage="d:\actions-runner\_work\xpco\xpco\eventserver\server\components\central\gismap.unittest\bin\debug\net472\videoos.eventserver.gismap.unittest.dll" id="e7cc7186-2673-8199-a8c8-5cfc7ab4d6dd">
      <TestCategory>
        <TestCategoryItem TestCategory="BusinessObjects" />
      </TestCategory>
      <Execution id="c60eda97-dde6-4bfc-87db-e8fc80abad82" />
      <TestMethod codeBase="D:\actions-runner\_work\XPCO\XPCO\EventServer\Server\Components\Central\GisMap.UnitTest\bin\Debug\net472\VideoOS.EventServer.GisMap.UnitTest.dll" adapterTypeName="executor://mstestadapter/v2" className="VideoOS.EventServer.GisMap.UnitTest.BusinessObjects.Indexer.MapItemIndexerTest" name="Clear_AllowsFreshUsage" />
    </UnitTest>
    <UnitTest name="TestProperties_GetProperties_Success" storage="d:\actions-runner\_work\xpco\xpco\eventserver\server\components\central\gismap.unittest\bin\debug\net472\videoos.eventserver.gismap.unittest.dll" id="02feca23-6655-5568-716b-bd0cb04d3015">
      <TestCategory>
        <TestCategoryItem TestCategory="BusinessObjects" />
      </TestCategory>
      <Execution id="6ee62bbd-8cd8-45f1-8e5e-df1e79d3a2ce" />
      <TestMethod codeBase="D:\actions-runner\_work\XPCO\XPCO\EventServer\Server\Components\Central\GisMap.UnitTest\bin\Debug\net472\VideoOS.EventServer.GisMap.UnitTest.dll" adapterTypeName="executor://mstestadapter/v2" className="VideoOS.EventServer.GisMap.UnitTest.BusinessObjects.Layers.ImageLayerTest" name="TestProperties_GetProperties_Success" />
    </UnitTest>
    <UnitTest name="TestAddLevels_DatabaseException_Failure" storage="d:\actions-runner\_work\xpco\xpco\eventserver\server\components\central\gismap.unittest\bin\debug\net472\videoos.eventserver.gismap.unittest.dll" id="ec3dc390-40fa-2306-12dc-573ec97177fd">
      <TestCategory>
        <TestCategoryItem TestCategory="DataComponent" />
      </TestCategory>
      <Execution id="dd163e29-3360-4fb8-ac80-4c968bb3c238" />
      <TestMethod codeBase="D:\actions-runner\_work\XPCO\XPCO\EventServer\Server\Components\Central\GisMap.UnitTest\bin\Debug\net472\VideoOS.EventServer.GisMap.UnitTest.dll" adapterTypeName="executor://mstestadapter/v2" className="VideoOS.EventServer.GisMap.UnitTest.DB.DataComponent.BuildingComponent_LevelTest" name="TestAddLevels_DatabaseException_Failure" />
    </UnitTest>
    <UnitTest name="TestConstructor_ParsingWcfObjectWithoutOriginalExtent_Success" storage="d:\actions-runner\_work\xpco\xpco\eventserver\server\components\central\gismap.unittest\bin\debug\net472\videoos.eventserver.gismap.unittest.dll" id="463d1e96-c1d7-0e9c-2a9a-2258af1ecd4e">
      <TestCategory>
        <TestCategoryItem TestCategory="BusinessObjects" />
      </TestCategory>
      <Execution id="91c08214-dda4-48be-9ff4-28f8ff12cb2e" />
      <TestMethod codeBase="D:\actions-runner\_work\XPCO\XPCO\EventServer\Server\Components\Central\GisMap.UnitTest\bin\Debug\net472\VideoOS.EventServer.GisMap.UnitTest.dll" adapterTypeName="executor://mstestadapter/v2" className="VideoOS.EventServer.GisMap.UnitTest.BusinessObjects.Layers.CADLayerTest" name="TestConstructor_ParsingWcfObjectWithoutOriginalExtent_Success" />
    </UnitTest>
    <UnitTest name="TestUpdateProperties_UpdateAllProperties_Success" storage="d:\actions-runner\_work\xpco\xpco\eventserver\server\components\central\gismap.unittest\bin\debug\net472\videoos.eventserver.gismap.unittest.dll" id="4fd63e89-7a7b-2905-6d68-24d99fb54d1a">
      <TestCategory>
        <TestCategoryItem TestCategory="BusinessObjects" />
      </TestCategory>
      <Execution id="0d1269ea-354c-4b7e-86b5-9ea4fa08b5d9" />
      <TestMethod codeBase="D:\actions-runner\_work\XPCO\XPCO\EventServer\Server\Components\Central\GisMap.UnitTest\bin\Debug\net472\VideoOS.EventServer.GisMap.UnitTest.dll" adapterTypeName="executor://mstestadapter/v2" className="VideoOS.EventServer.GisMap.UnitTest.BusinessObjects.Maps.MapTest" name="TestUpdateProperties_UpdateAllProperties_Success" />
    </UnitTest>
    <UnitTest name="FilterAsync_AddsAuthorizedItemIdsToSet" storage="d:\actions-runner\_work\xpco\xpco\eventserver\server\components\central\gismap.unittest\bin\debug\net472\videoos.eventserver.gismap.unittest.dll" id="0b1439ba-e984-e80d-2643-4fa8fa562b65">
      <TestCategory>
        <TestCategoryItem TestCategory="GisMapServices" />
      </TestCategory>
      <Execution id="5d23eebe-36f4-4a08-a3cd-c94ca22b9440" />
      <TestMethod codeBase="D:\actions-runner\_work\XPCO\XPCO\EventServer\Server\Components\Central\GisMap.UnitTest\bin\Debug\net472\VideoOS.EventServer.GisMap.UnitTest.dll" adapterTypeName="executor://mstestadapter/v2" className="VideoOS.EventServer.GisMap.UnitTest.Services.Clustering.ClusteredItemsAuthorizationWithCountFilterTest" name="FilterAsync_AddsAuthorizedItemIdsToSet" />
    </UnitTest>
    <UnitTest name="TestWcfObject_GetWcfObjectWithoutPosition_Success" storage="d:\actions-runner\_work\xpco\xpco\eventserver\server\components\central\gismap.unittest\bin\debug\net472\videoos.eventserver.gismap.unittest.dll" id="a113a89e-e992-2477-4f24-2689a2a0836d">
      <TestCategory>
        <TestCategoryItem TestCategory="BusinessObjects" />
      </TestCategory>
      <Execution id="75806618-b584-4df7-9eb4-fee4f4724a52" />
      <TestMethod codeBase="D:\actions-runner\_work\XPCO\XPCO\EventServer\Server\Components\Central\GisMap.UnitTest\bin\Debug\net472\VideoOS.EventServer.GisMap.UnitTest.dll" adapterTypeName="executor://mstestadapter/v2" className="VideoOS.EventServer.GisMap.UnitTest.BusinessObjects.Items.LocationItemTest" name="TestWcfObject_GetWcfObjectWithoutPosition_Success" />
    </UnitTest>
    <UnitTest name="TestConstructor_ParsingWcfObjectWithNull_ArgumentNullException" storage="d:\actions-runner\_work\xpco\xpco\eventserver\server\components\central\gismap.unittest\bin\debug\net472\videoos.eventserver.gismap.unittest.dll" id="0c4f1f0a-95e3-bfb5-a831-a21137fae764">
      <TestCategory>
        <TestCategoryItem TestCategory="BusinessObjects" />
      </TestCategory>
      <Execution id="f0cb2315-0f69-4379-872f-f14b1bd385d1" />
      <TestMethod codeBase="D:\actions-runner\_work\XPCO\XPCO\EventServer\Server\Components\Central\GisMap.UnitTest\bin\Debug\net472\VideoOS.EventServer.GisMap.UnitTest.dll" adapterTypeName="executor://mstestadapter/v2" className="VideoOS.EventServer.GisMap.UnitTest.BusinessObjects.Layers.MicrophoneLayerTest" name="TestConstructor_ParsingWcfObjectWithNull_ArgumentNullException" />
    </UnitTest>
    <UnitTest name="TestAddLevel_BuildingNotFound_Failure" storage="d:\actions-runner\_work\xpco\xpco\eventserver\server\components\central\gismap.unittest\bin\debug\net472\videoos.eventserver.gismap.unittest.dll" id="b4d6d17f-df18-f9fd-dc55-d919392c93da">
      <TestCategory>
        <TestCategoryItem TestCategory="DataComponent" />
      </TestCategory>
      <Execution id="fa260c71-3a25-4c64-b584-cc74a1857154" />
      <TestMethod codeBase="D:\actions-runner\_work\XPCO\XPCO\EventServer\Server\Components\Central\GisMap.UnitTest\bin\Debug\net472\VideoOS.EventServer.GisMap.UnitTest.dll" adapterTypeName="executor://mstestadapter/v2" className="VideoOS.EventServer.GisMap.UnitTest.DB.DataComponent.BuildingComponent_LevelTest" name="TestAddLevel_BuildingNotFound_Failure" />
    </UnitTest>
  </TestDefinitions>
  <TestEntries>
    <TestEntry testId="917360e7-b7d3-fad3-2f4b-096f42ed0ae6" executionId="39ba1b2c-3bab-4e74-add2-df4f161cd304" testListId="8c84fa94-04c1-424b-9868-57a2d4851a1d" />
    <TestEntry testId="a42d239d-baf4-f5a8-cf3e-7324b28cfead" executionId="5cd54f04-a78b-45ea-a967-73e44bc691f5" testListId="8c84fa94-04c1-424b-9868-57a2d4851a1d" />
    <TestEntry testId="c2cd3012-87b0-efa0-222a-495ea1630f00" executionId="38dfce6a-b3e4-44ca-ab40-b924eb0ce63d" testListId="8c84fa94-04c1-424b-9868-57a2d4851a1d" />
    <TestEntry testId="1668ece2-ea78-3795-a517-8423d4532c10" executionId="be197162-76f0-446e-9b73-5905a335965a" testListId="8c84fa94-04c1-424b-9868-57a2d4851a1d" />
    <TestEntry testId="ebd43f71-bf52-f6ae-ad03-a45fb0f7a764" executionId="59ebd10b-ad04-4b3c-9f21-a784c0502282" testListId="8c84fa94-04c1-424b-9868-57a2d4851a1d" />
    <TestEntry testId="fd386a3f-a9a9-f707-af1f-7bfff4525e38" executionId="eba98963-26a0-4a2d-9b47-aaa02b3caf9b" testListId="8c84fa94-04c1-424b-9868-57a2d4851a1d" />
    <TestEntry testId="e5847aa1-876b-7024-6828-4efbdc1d0e5a" executionId="988d7fd4-be0b-4b17-946a-8ba7dc6078ac" testListId="8c84fa94-04c1-424b-9868-57a2d4851a1d" />
    <TestEntry testId="21164ddf-0ff1-4552-16fa-82b564f20ece" executionId="45eb3b8e-0e68-4b7a-8cee-76fc1156481f" testListId="8c84fa94-04c1-424b-9868-57a2d4851a1d" />
    <TestEntry testId="0fe8c2d0-ab9d-9b21-6a79-90d5c8333662" executionId="bbe7fb6a-9a9a-4061-8c5c-62a3a07f0f87" testListId="8c84fa94-04c1-424b-9868-57a2d4851a1d" />
    <TestEntry testId="f282f516-d6f5-0f39-4b1d-4707b9d8b389" executionId="2f5c31f8-84c0-412c-89b8-0b67f0cd18f4" testListId="8c84fa94-04c1-424b-9868-57a2d4851a1d" />
    <TestEntry testId="1c685bac-9cf9-24a9-fa5d-c79bcef4a504" executionId="69ac7c58-4ad9-4097-9cf0-37518aeddbcd" testListId="8c84fa94-04c1-424b-9868-57a2d4851a1d" />
    <TestEntry testId="d41c6327-ea90-b94f-1f78-624102c742e4" executionId="47499c81-4996-47ee-86ec-cf8249bdc28b" testListId="8c84fa94-04c1-424b-9868-57a2d4851a1d" />
    <TestEntry testId="014aa458-d759-b18e-e76f-1c52acf08817" executionId="7dce301e-35aa-462a-95ba-79f21fa3fcf1" testListId="8c84fa94-04c1-424b-9868-57a2d4851a1d" />
    <TestEntry testId="a5eb2fee-b9b1-5717-6228-97f4dd42bf1c" executionId="2eda274f-c6b3-4e0a-bf51-f9cbf0bdf90d" testListId="8c84fa94-04c1-424b-9868-57a2d4851a1d" />
    <TestEntry testId="dc7cf344-d4a0-52e8-2492-3a1068a126d1" executionId="a38e5c09-9179-4df2-be6c-bb55428f16ff" testListId="8c84fa94-04c1-424b-9868-57a2d4851a1d" />
    <TestEntry testId="fa57984a-d9a0-35f8-c3c7-0eb647e15089" executionId="54a81291-9244-4a87-bf89-0989415caa2c" testListId="8c84fa94-04c1-424b-9868-57a2d4851a1d" />
    <TestEntry testId="749c19e7-aee0-159d-ac54-1cec5332e8a7" executionId="d56ad4c1-8f3f-4d0d-ad52-f746617ce1f6" testListId="8c84fa94-04c1-424b-9868-57a2d4851a1d" />
    <TestEntry testId="a4899625-05e4-8e51-0df7-376834f8676c" executionId="9cee3b5d-1aaa-438b-9058-702310a4a523" testListId="8c84fa94-04c1-424b-9868-57a2d4851a1d" />
    <TestEntry testId="28140170-9ac9-05fa-34fa-147a1c4f6356" executionId="a7bb73c1-42f0-46dc-aab8-8cf10f4dad68" testListId="8c84fa94-04c1-424b-9868-57a2d4851a1d" />
    <TestEntry testId="7ed8cc4e-8f6c-78f4-f374-6a2d955b5245" executionId="eacace68-f541-4b09-9d82-658acdb87aa2" testListId="8c84fa94-04c1-424b-9868-57a2d4851a1d" />
    <TestEntry testId="2b653649-6e33-5754-da73-e11394219d94" executionId="e62dead6-09ac-48bc-84b4-41180b8e01ae" testListId="8c84fa94-04c1-424b-9868-57a2d4851a1d" />
    <TestEntry testId="e8cd83a9-1255-52c8-c545-87c6b911bee8" executionId="e0ad7aab-26a7-4a64-ab0c-acc949a74ce2" testListId="8c84fa94-04c1-424b-9868-57a2d4851a1d" />
    <TestEntry testId="44c3ebfb-f372-6e47-e9f1-df85b6126208" executionId="9e0ffffa-3422-4a3d-84b1-8a8e14a8288b" testListId="8c84fa94-04c1-424b-9868-57a2d4851a1d" />
    <TestEntry testId="f64710c5-45e7-9c6b-9dc4-9553befe996c" executionId="cb8b6c0b-4961-481c-808a-7819da3d4b4f" testListId="8c84fa94-04c1-424b-9868-57a2d4851a1d" />
    <TestEntry testId="95bf7929-35e2-cfd9-e7a1-cdb3e56bc0fb" executionId="d6e183a1-71bc-424c-aec9-3257f4e094b4" testListId="8c84fa94-04c1-424b-9868-57a2d4851a1d" />
    <TestEntry testId="bbe434c3-32b3-7412-1e7a-cd1b98481aaf" executionId="0d945faf-ebfc-4180-aa6c-affb6abe4779" testListId="8c84fa94-04c1-424b-9868-57a2d4851a1d" />
    <TestEntry testId="1b0c58e8-3ac0-6e55-13a6-976f6994288a" executionId="bd30c7ab-d076-4a29-a62b-e219632eeff2" testListId="8c84fa94-04c1-424b-9868-57a2d4851a1d" />
    <TestEntry testId="c8200f57-df1a-2908-f70f-de69738ec680" executionId="f16c6cf6-be48-4ab3-9dba-98a012ac493e" testListId="8c84fa94-04c1-424b-9868-57a2d4851a1d" />
    <TestEntry testId="67bc7186-2550-aee3-214e-674332dcce53" executionId="b24953cb-26ff-4ec5-b256-b6c3dd6836b0" testListId="8c84fa94-04c1-424b-9868-57a2d4851a1d" />
    <TestEntry testId="a2064a79-24aa-c417-4d4b-8e3f5ae86d9c" executionId="979df23e-36e7-422b-b781-3376d9d28f31" testListId="8c84fa94-04c1-424b-9868-57a2d4851a1d" />
    <TestEntry testId="b1bae6dc-1810-1869-9eec-e31fd719e07b" executionId="e149efd1-8887-4a85-a33a-bf6b27d98c48" testListId="8c84fa94-04c1-424b-9868-57a2d4851a1d" />
    <TestEntry testId="738596c1-e9a3-ae41-b6a9-45326ce37937" executionId="d07f7324-1f6e-4bf4-92c8-ec2c8b66e4ed" testListId="8c84fa94-04c1-424b-9868-57a2d4851a1d" />
    <TestEntry testId="fe7c42f0-2c83-dcc1-1919-949a7427bbb5" executionId="2e3bde09-f94f-4061-86f0-bdf5e5996e57" testListId="8c84fa94-04c1-424b-9868-57a2d4851a1d" />
    <TestEntry testId="900cf850-1dbc-b7b5-448d-c8b60857d7c5" executionId="97896712-acac-4765-bde1-5f2fa3a19695" testListId="8c84fa94-04c1-424b-9868-57a2d4851a1d" />
    <TestEntry testId="57eb827e-22de-ea5e-ac49-20767f9ce186" executionId="c418a89f-c545-45ff-a5e5-1cc2c8b17826" testListId="8c84fa94-04c1-424b-9868-57a2d4851a1d" />
    <TestEntry testId="a1439d3c-8d7e-02e3-f982-9cee2961859c" executionId="de0d6069-0c26-4f42-b539-43db565b22b5" testListId="8c84fa94-04c1-424b-9868-57a2d4851a1d" />
    <TestEntry testId="e917a4a1-2ad0-15a4-edb3-95b628e78bf0" executionId="6d7a25d8-f050-4c8a-ba6b-36c92b4c2b15" testListId="8c84fa94-04c1-424b-9868-57a2d4851a1d" />
    <TestEntry testId="16372458-88c2-55a4-d00e-c4dab41c676a" executionId="eb866481-e73c-42ee-aa66-e6a81fc45c42" testListId="8c84fa94-04c1-424b-9868-57a2d4851a1d" />
    <TestEntry testId="7c79b127-b34c-0eb3-b547-ce4214dcdd77" executionId="63bf5220-5c4f-42a9-bf52-e14cfa5b49ab" testListId="8c84fa94-04c1-424b-9868-57a2d4851a1d" />
    <TestEntry testId="5e4f2083-fb8f-922d-4062-771153ce0caf" executionId="852d6424-599e-4078-9d54-24d8729136b3" testListId="8c84fa94-04c1-424b-9868-57a2d4851a1d" />
    <TestEntry testId="e3e7ed91-54d1-f895-6b06-62e2b626bdd6" executionId="2f661ca5-a688-40ff-9a53-eee1344a0123" testListId="8c84fa94-04c1-424b-9868-57a2d4851a1d" />
    <TestEntry testId="249ec01b-acb8-4b7c-e110-39ed4e0dc85b" executionId="866e19c3-1247-4627-a4db-c3e74a0c6b7c" testListId="8c84fa94-04c1-424b-9868-57a2d4851a1d" />
    <TestEntry testId="4cb27c6f-9918-3553-f9c8-f8aa01445295" executionId="777a13ba-56ea-4148-b3d8-b1520d43e2d1" testListId="8c84fa94-04c1-424b-9868-57a2d4851a1d" />
    <TestEntry testId="80526718-af9c-a000-b0c5-0f1b776e905a" executionId="1c01cf0e-e2de-4170-ae43-c418a1a68ae9" testListId="8c84fa94-04c1-424b-9868-57a2d4851a1d" />
    <TestEntry testId="3b3c6885-ccd5-d3e5-6ba9-bee7593c46a6" executionId="39746089-6eb0-47ad-a4e9-f38020fed6b7" testListId="8c84fa94-04c1-424b-9868-57a2d4851a1d" />
    <TestEntry testId="6785586f-25cc-0aad-243a-6c4cd6551188" executionId="92ce06a0-1707-4db9-ae3a-c53c1e8fc432" testListId="8c84fa94-04c1-424b-9868-57a2d4851a1d" />
    <TestEntry testId="a1740249-5b73-d42d-2ee5-0bb59ecab300" executionId="d772e3e0-c087-4954-82ea-afd6cb8ef079" testListId="8c84fa94-04c1-424b-9868-57a2d4851a1d" />
    <TestEntry testId="e738bdf7-ba0e-92ad-cdc0-e47401330a0b" executionId="472724ad-f488-4473-bbc4-1584d6a2bde8" testListId="8c84fa94-04c1-424b-9868-57a2d4851a1d" />
    <TestEntry testId="a05c3d12-7a0d-46dc-ba10-7b66f15ce019" executionId="05d5bafb-20f6-4025-9d6a-2ddf981f3060" testListId="8c84fa94-04c1-424b-9868-57a2d4851a1d" />
    <TestEntry testId="06b77a5d-4106-f7e7-80a6-61f7dcae951d" executionId="46a88307-5147-4e22-8fac-b5d88241da8f" testListId="8c84fa94-04c1-424b-9868-57a2d4851a1d" />
    <TestEntry testId="338483c5-58e3-0e62-9540-d6618cc71c10" executionId="7f044a8c-52a2-4493-ae87-bb5b384a3375" testListId="8c84fa94-04c1-424b-9868-57a2d4851a1d" />
    <TestEntry testId="3d0918cf-f564-1118-2b0c-d32328146c5b" executionId="9db568e8-1c3e-4fd5-a105-8cb107939b54" testListId="8c84fa94-04c1-424b-9868-57a2d4851a1d" />
    <TestEntry testId="8ce8a134-b594-8a0e-fee7-c4fad8487f31" executionId="e4e5acb3-2035-436e-ac2e-1385d7ef0931" testListId="8c84fa94-04c1-424b-9868-57a2d4851a1d" />
    <TestEntry testId="5e41e430-2747-105c-57b9-110b878ed3bb" executionId="00f88387-1372-47aa-9ad4-819525a6740f" testListId="8c84fa94-04c1-424b-9868-57a2d4851a1d" />
    <TestEntry testId="bcd74528-5b0b-127d-c9ab-7e254f110932" executionId="2318825c-5f22-49d7-b375-3e028a29d7be" testListId="8c84fa94-04c1-424b-9868-57a2d4851a1d" />
    <TestEntry testId="da617ff0-d5a0-0b73-eeff-7ea482f164c1" executionId="08ffa7a8-cf4d-4931-b693-6093626ac1a1" testListId="8c84fa94-04c1-424b-9868-57a2d4851a1d" />
    <TestEntry testId="11d85555-65ed-241f-da81-973daee73f7e" executionId="4d373c10-6b44-40aa-8cef-e7129a0b87d9" testListId="8c84fa94-04c1-424b-9868-57a2d4851a1d" />
    <TestEntry testId="dcab0f5a-559b-645f-8113-283b97911312" executionId="73828217-fc8c-4197-8939-cc78ce969972" testListId="8c84fa94-04c1-424b-9868-57a2d4851a1d" />
    <TestEntry testId="77a34115-e210-c108-4631-a73effb015a7" executionId="c8208b55-9a84-456c-b9dd-db902c16a27f" testListId="8c84fa94-04c1-424b-9868-57a2d4851a1d" />
    <TestEntry testId="c5b4a8dc-2dec-bd0d-39d6-4cd447ff172b" executionId="1810cf35-4587-4a38-b709-62e4e55879d8" testListId="8c84fa94-04c1-424b-9868-57a2d4851a1d" />
    <TestEntry testId="77e0e43e-a4af-d366-f787-2bdb74a60872" executionId="17fd5636-b63c-4f86-83fd-b9654a256fcd" testListId="8c84fa94-04c1-424b-9868-57a2d4851a1d" />
    <TestEntry testId="c79d8919-0c8f-922d-ea75-de9901ebd1ee" executionId="15c2870b-aa02-4b69-98d0-cf541d15c500" testListId="8c84fa94-04c1-424b-9868-57a2d4851a1d" />
    <TestEntry testId="aefecab0-bd07-aad7-eee6-85c8245976ba" executionId="e4e97911-52e9-4f22-8fee-174d1c91088c" testListId="8c84fa94-04c1-424b-9868-57a2d4851a1d" />
    <TestEntry testId="c2f6972a-54a9-8143-fe77-19a1d70be49e" executionId="bebb24be-40ee-4777-914a-ea0b812c5f12" testListId="8c84fa94-04c1-424b-9868-57a2d4851a1d" />
    <TestEntry testId="020e038a-8ceb-41f3-89c9-ee68c3eb6e0a" executionId="8ccabc26-f5ed-4f4c-89ea-d390b3902c0c" testListId="8c84fa94-04c1-424b-9868-57a2d4851a1d" />
    <TestEntry testId="5a3cdcb1-8347-3e18-8365-a6038c2e7047" executionId="2f3e12c8-78fc-48cc-96c8-e21c397d3518" testListId="8c84fa94-04c1-424b-9868-57a2d4851a1d" />
    <TestEntry testId="18d0606b-a3f4-7e0d-624a-40782179ea83" executionId="c0238dec-6542-4668-9b6a-2ab428bf1989" testListId="8c84fa94-04c1-424b-9868-57a2d4851a1d" />
    <TestEntry testId="9825cfbc-2da7-4392-c4fd-cb2df3e16b64" executionId="8ccca4e1-b43e-4127-83a7-7e5288ea339a" testListId="8c84fa94-04c1-424b-9868-57a2d4851a1d" />
    <TestEntry testId="f1425c4d-1be6-14bd-738b-4e89531d196e" executionId="8fae29e4-dcd2-4d33-8c04-9b5dde249290" testListId="8c84fa94-04c1-424b-9868-57a2d4851a1d" />
    <TestEntry testId="e93a7b60-e657-d859-7691-17f336a6f9b4" executionId="d3c15512-b808-4778-8b37-274cf2211b84" testListId="8c84fa94-04c1-424b-9868-57a2d4851a1d" />
    <TestEntry testId="3df1e46d-4265-9c4b-8aae-0a8052487f66" executionId="a3440245-bd2e-42f5-a810-caf75964ca93" testListId="8c84fa94-04c1-424b-9868-57a2d4851a1d" />
    <TestEntry testId="0b3147f4-13ce-8c2b-1ed2-91ce468d31a1" executionId="65573b40-0550-4cba-b34e-84d885d77c2e" testListId="8c84fa94-04c1-424b-9868-57a2d4851a1d" />
    <TestEntry testId="660a99f8-6ec0-ed3b-6042-ca002a4fe61b" executionId="bdbfa772-4962-41b9-a88a-b9098671c7a0" testListId="8c84fa94-04c1-424b-9868-57a2d4851a1d" />
    <TestEntry testId="2a381028-e7d6-b17f-b4fe-2917fe968631" executionId="87750b46-5464-4d30-a759-4bd67c9a84a6" testListId="8c84fa94-04c1-424b-9868-57a2d4851a1d" />
    <TestEntry testId="27ff166e-b5e3-5e12-5f72-cdf5284654c4" executionId="645c9307-ed54-44f8-b11d-571d724ccf85" testListId="8c84fa94-04c1-424b-9868-57a2d4851a1d" />
    <TestEntry testId="1a7d046c-169c-9a92-3c61-35895eae39ce" executionId="37f66209-07b5-4d6f-961b-e8c2fc1e152e" testListId="8c84fa94-04c1-424b-9868-57a2d4851a1d" />
    <TestEntry testId="20658f53-7fff-0724-5d84-93afea1c1f49" executionId="58465302-ff57-40c7-ae6b-ae03a0e574f9" testListId="8c84fa94-04c1-424b-9868-57a2d4851a1d" />
    <TestEntry testId="2bfc6d47-8ba4-02c9-48f6-b952f3a2b68d" executionId="a3803523-bc95-4dd2-9576-e235639167e7" testListId="8c84fa94-04c1-424b-9868-57a2d4851a1d" />
    <TestEntry testId="982f0da6-6119-19e9-04ac-bf5c62d4284e" executionId="f5e29b0a-8675-4fe3-b32a-e486a5ab8def" testListId="8c84fa94-04c1-424b-9868-57a2d4851a1d" />
    <TestEntry testId="d1feca10-b072-e0a6-da9f-2f41bfdf07c2" executionId="45bf4e77-a325-42c9-aead-001202101ff1" testListId="8c84fa94-04c1-424b-9868-57a2d4851a1d" />
    <TestEntry testId="a4a444d2-a093-0e84-3156-18ce740a830e" executionId="ccc9fed5-6fa1-491f-8005-8607e1fcc681" testListId="8c84fa94-04c1-424b-9868-57a2d4851a1d" />
    <TestEntry testId="c54eb969-a3de-aa48-d99a-d442654c6d39" executionId="4b31b6d9-e93b-4592-8368-c6d3fbf75075" testListId="8c84fa94-04c1-424b-9868-57a2d4851a1d" />
    <TestEntry testId="46027892-420d-4502-59c5-18418d2a2257" executionId="cf727df2-3743-45f9-bb07-b6b265c10ca0" testListId="8c84fa94-04c1-424b-9868-57a2d4851a1d" />
    <TestEntry testId="1f9e80a4-fbe0-8d4f-70fb-4fbd1e9ef2bf" executionId="c407f007-a110-4808-8414-9048e20b1dcf" testListId="8c84fa94-04c1-424b-9868-57a2d4851a1d" />
    <TestEntry testId="612916a7-ba3b-d557-9866-51fc7ebe250f" executionId="25ec1032-2c1b-4f38-b863-c63962542189" testListId="8c84fa94-04c1-424b-9868-57a2d4851a1d" />
    <TestEntry testId="2c7e5e56-c744-0a96-502d-e9f5dabd4e46" executionId="e9609b5e-d154-45af-af32-1518d2237ffa" testListId="8c84fa94-04c1-424b-9868-57a2d4851a1d" />
    <TestEntry testId="5b8da4a5-352d-83c5-0aba-cdc2dc824c85" executionId="cebb679b-6f5c-4b18-878a-eb4f42cbee93" testListId="8c84fa94-04c1-424b-9868-57a2d4851a1d" />
    <TestEntry testId="0a07b8ff-c721-e171-25a3-148cb1965270" executionId="3d45940a-09dc-4575-9689-361420ddb29c" testListId="8c84fa94-04c1-424b-9868-57a2d4851a1d" />
    <TestEntry testId="767be23d-52dd-1b2a-9c75-39cdbd09e837" executionId="0633afd8-f609-4d11-b7e6-78ca2cffea62" testListId="8c84fa94-04c1-424b-9868-57a2d4851a1d" />
    <TestEntry testId="4625213c-c4c6-194d-1838-c46fdcca2107" executionId="c6e9d0d6-140c-4dec-bade-2e9093d4c211" testListId="8c84fa94-04c1-424b-9868-57a2d4851a1d" />
    <TestEntry testId="02dd0347-81a6-5d2e-72bb-1e46d337ac10" executionId="42298fa3-6c80-451c-a634-c1e2a02cc5b7" testListId="8c84fa94-04c1-424b-9868-57a2d4851a1d" />
    <TestEntry testId="312c4b40-7d4e-1752-8bba-9dfd52ec4390" executionId="0a8b98df-3217-419f-8d89-e78847e215b3" testListId="8c84fa94-04c1-424b-9868-57a2d4851a1d" />
    <TestEntry testId="ded4c552-7c82-c874-2cd1-b418656e588e" executionId="f2b194d0-b52b-4de2-9b54-0dfbc5dc5b61" testListId="8c84fa94-04c1-424b-9868-57a2d4851a1d" />
    <TestEntry testId="463d1e96-c1d7-0e9c-2a9a-2258af1ecd4e" executionId="91c08214-dda4-48be-9ff4-28f8ff12cb2e" testListId="8c84fa94-04c1-424b-9868-57a2d4851a1d" />
    <TestEntry testId="551fbefb-00a6-8fe0-ba69-2a84cac6bae8" executionId="9e1b453d-fd71-464e-8cb9-d6b2405d8ab7" testListId="8c84fa94-04c1-424b-9868-57a2d4851a1d" />
    <TestEntry testId="88f1d726-ecf3-6ece-4827-0194e8137033" executionId="e5b8fc91-9a46-45c8-bbe9-c5547142e211" testListId="8c84fa94-04c1-424b-9868-57a2d4851a1d" />
    <TestEntry testId="14b2ec50-6ce7-f651-9fe1-47d918ef4599" executionId="7c204cc9-458f-4fcb-a48f-719028d16b77" testListId="8c84fa94-04c1-424b-9868-57a2d4851a1d" />
    <TestEntry testId="a4bcc8b8-30aa-0188-cf3e-b46354e70d8f" executionId="dd255ac4-4063-46e5-868e-f039c1f91d3f" testListId="8c84fa94-04c1-424b-9868-57a2d4851a1d" />
    <TestEntry testId="9e39c9d5-9571-adf7-3b76-b1f4ee444803" executionId="e33b751b-24f0-4842-82ce-f773c7899bf0" testListId="8c84fa94-04c1-424b-9868-57a2d4851a1d" />
    <TestEntry testId="01beb42d-d9fc-9a36-1867-2be1b8510803" executionId="446f2468-51aa-473e-9bec-107ad753133e" testListId="8c84fa94-04c1-424b-9868-57a2d4851a1d" />
    <TestEntry testId="b7cf3514-530d-1e86-1272-e0c2103bf312" executionId="3dd1aa60-7324-4f50-a68a-c847941cb8af" testListId="8c84fa94-04c1-424b-9868-57a2d4851a1d" />
    <TestEntry testId="2cb56ad0-636d-3aa7-1245-d703cd1dcc16" executionId="10bd9c63-e8de-4847-89b8-1b4d9c4e7af0" testListId="8c84fa94-04c1-424b-9868-57a2d4851a1d" />
    <TestEntry testId="e61aa0d5-60b4-ff7e-f36b-5cb01be967c9" executionId="2a642bfe-9980-4358-85d5-e9f48d6d011a" testListId="8c84fa94-04c1-424b-9868-57a2d4851a1d" />
    <TestEntry testId="a87e64c5-985f-097d-7fbf-350e3851e0ae" executionId="52351cc7-165e-4392-8cf9-f7bb896dc862" testListId="8c84fa94-04c1-424b-9868-57a2d4851a1d" />
    <TestEntry testId="267ac0aa-3310-c2a4-2036-c5e9e7be48a1" executionId="f99207e2-1783-4085-b7b6-8989a0b6d20b" testListId="8c84fa94-04c1-424b-9868-57a2d4851a1d" />
    <TestEntry testId="750aa28d-bc88-df57-e7bf-5774e0035ab5" executionId="f3d6078e-7cd0-4cdc-b102-4e6ac0f6f96e" testListId="8c84fa94-04c1-424b-9868-57a2d4851a1d" />
    <TestEntry testId="ebd932fc-384b-2ed8-74b5-1ae678346fad" executionId="264f6347-b9c0-4171-9d9d-673003d017ea" testListId="8c84fa94-04c1-424b-9868-57a2d4851a1d" />
    <TestEntry testId="2ce95934-9fe4-6fa4-2010-77aef0c6633d" executionId="bf69455a-463b-4be8-b04c-f7bc247856a7" testListId="8c84fa94-04c1-424b-9868-57a2d4851a1d" />
    <TestEntry testId="4f79bc1b-c633-44ca-3515-6aafcfce4559" executionId="c5395073-b534-412b-9bb1-8459f66878ce" testListId="8c84fa94-04c1-424b-9868-57a2d4851a1d" />
    <TestEntry testId="ff65dad1-742e-582b-a3c8-bd26130b4be6" executionId="b48954ca-2b32-4e38-bae8-fe0f6153318e" testListId="8c84fa94-04c1-424b-9868-57a2d4851a1d" />
    <TestEntry testId="9d15926f-8e0d-e7e6-e033-9879de948c2e" executionId="8c251c2b-540d-4860-8400-8a027ac4f2fd" testListId="8c84fa94-04c1-424b-9868-57a2d4851a1d" />
    <TestEntry testId="0d3fa6f1-907f-8319-f20a-9dc83eb7dd3f" executionId="776e3f90-9176-46fb-91b5-1bdf5197d204" testListId="8c84fa94-04c1-424b-9868-57a2d4851a1d" />
    <TestEntry testId="7bfc939c-2abf-1b06-8e36-c8a0358f00e7" executionId="61fa5bc1-2df2-4b69-a8cc-e43bd9335d84" testListId="8c84fa94-04c1-424b-9868-57a2d4851a1d" />
    <TestEntry testId="a2477821-055b-9066-54fb-985208058e05" executionId="01dec408-5906-4575-9e8f-f57ea8cc0fd6" testListId="8c84fa94-04c1-424b-9868-57a2d4851a1d" />
    <TestEntry testId="ddac6368-76dc-846a-51e1-c9e3b8e386f6" executionId="283b19de-08d3-4a9e-ae65-1140a39d90b6" testListId="8c84fa94-04c1-424b-9868-57a2d4851a1d" />
    <TestEntry testId="9582ffe9-d918-4b32-473f-0c994763e9b6" executionId="96ba0b42-d7af-4074-b0e8-7cce906f5bf7" testListId="8c84fa94-04c1-424b-9868-57a2d4851a1d" />
    <TestEntry testId="630ac451-2612-b7c0-a7c3-7bc384dc7630" executionId="39d29174-e395-4635-aa13-cef59c36c61e" testListId="8c84fa94-04c1-424b-9868-57a2d4851a1d" />
    <TestEntry testId="36f7ffc5-4303-4f16-8cf5-72d7038c3fc9" executionId="f223bdbb-4e57-465c-8b21-a490f884be34" testListId="8c84fa94-04c1-424b-9868-57a2d4851a1d" />
    <TestEntry testId="bf0e4b1f-683f-dc6c-89fe-c24204c6eb29" executionId="c3610f12-8205-4cd2-ba12-d8e9826564f5" testListId="8c84fa94-04c1-424b-9868-57a2d4851a1d" />
    <TestEntry testId="ea205de9-6749-c7ef-14e7-22264f57c46c" executionId="a0067db9-7097-4c3b-a672-eb52b70a8a12" testListId="8c84fa94-04c1-424b-9868-57a2d4851a1d" />
    <TestEntry testId="d6f766be-1c50-7ddb-6fe3-b017cbd1ac3b" executionId="d0c35f19-a174-41c6-beb5-aac0580b49bc" testListId="8c84fa94-04c1-424b-9868-57a2d4851a1d" />
    <TestEntry testId="628acf57-7e99-e0c2-5d80-a39c1d7710ca" executionId="9f3ac34c-b70a-4f09-9d3a-70e5c9954d80" testListId="8c84fa94-04c1-424b-9868-57a2d4851a1d" />
    <TestEntry testId="2a2d9806-dab7-0fee-a434-4d24eb4cbd83" executionId="8e7cf9cf-a924-4870-ab51-57216cc2d4d4" testListId="8c84fa94-04c1-424b-9868-57a2d4851a1d" />
    <TestEntry testId="a3247744-89f4-35dc-16c0-150d01903f01" executionId="0f81d456-0012-436a-8773-7b7c50be1a58" testListId="8c84fa94-04c1-424b-9868-57a2d4851a1d" />
    <TestEntry testId="8c2fc1c3-ffae-cb92-62ae-f080b730c76a" executionId="90590825-2d41-4b86-a629-a04e5e82a135" testListId="8c84fa94-04c1-424b-9868-57a2d4851a1d" />
    <TestEntry testId="43ca9d34-d402-7033-279f-b43f2b43ba62" executionId="fe313f8a-94b6-4ca1-b7db-526aa957b6c4" testListId="8c84fa94-04c1-424b-9868-57a2d4851a1d" />
    <TestEntry testId="0c9aa8b6-9304-dd59-85f1-e44ef127992f" executionId="fb9a8002-0588-4d4e-b556-5341c449bf8b" testListId="8c84fa94-04c1-424b-9868-57a2d4851a1d" />
    <TestEntry testId="f37f5b79-d351-3e25-99e3-e4e60c5d6c6d" executionId="a6083454-2026-4a5e-a7f7-50665a7cab59" testListId="8c84fa94-04c1-424b-9868-57a2d4851a1d" />
    <TestEntry testId="2f23cad2-3f5b-57a6-787b-0ce6ac6f9de4" executionId="d8587708-2f05-4001-9cef-caad87b19d8e" testListId="8c84fa94-04c1-424b-9868-57a2d4851a1d" />
    <TestEntry testId="e39289e7-df4e-1a22-74d8-c48f8fdbeef7" executionId="a1cb9d58-869d-46e1-9da1-8cfc5e5fd30e" testListId="8c84fa94-04c1-424b-9868-57a2d4851a1d" />
    <TestEntry testId="79b6c85e-0b7d-cb65-82e7-89f5d068ffea" executionId="c39fc37f-ea31-432b-abf7-cee87e95df1c" testListId="8c84fa94-04c1-424b-9868-57a2d4851a1d" />
    <TestEntry testId="0d667e6c-d319-5f2a-2703-774599695c78" executionId="0e12d441-ca86-4870-9022-0034d7f64dfe" testListId="8c84fa94-04c1-424b-9868-57a2d4851a1d" />
    <TestEntry testId="e1b84cfd-ea18-1fb0-2210-40fdc3a88771" executionId="4caa8f36-1310-424c-aa79-b508af139908" testListId="8c84fa94-04c1-424b-9868-57a2d4851a1d" />
    <TestEntry testId="e2d2317a-47a7-3cda-ea7e-01c7d425d8a7" executionId="b74f6f47-5f2a-41c2-ac3e-a74f3ff71d98" testListId="8c84fa94-04c1-424b-9868-57a2d4851a1d" />
    <TestEntry testId="d6e582e8-e39f-b2ee-ec4e-bf584393feaf" executionId="2622482f-7143-4a40-8a75-99860cb6c89f" testListId="8c84fa94-04c1-424b-9868-57a2d4851a1d" />
    <TestEntry testId="30d234e3-d8e4-6f41-9375-34f1b00cb21b" executionId="08db5b33-fb8f-4eb7-8703-5a65d7f1ed4d" testListId="8c84fa94-04c1-424b-9868-57a2d4851a1d" />
    <TestEntry testId="1391fee0-5b61-1dfa-44f2-d6df660a3b0b" executionId="2b02e0e4-1616-41f1-987b-3703537dfff6" testListId="8c84fa94-04c1-424b-9868-57a2d4851a1d" />
    <TestEntry testId="71fc6305-6d45-312e-3256-a6c3d4d7310c" executionId="42f63dde-31ff-4f11-b4d0-5f0997c391b0" testListId="8c84fa94-04c1-424b-9868-57a2d4851a1d" />
    <TestEntry testId="fed09793-9c3a-9343-02da-e21f2e2fd308" executionId="d731b3e4-973a-405e-b74c-bebcc783eb41" testListId="8c84fa94-04c1-424b-9868-57a2d4851a1d" />
    <TestEntry testId="71060007-55e0-b160-6c14-41d2191d62cc" executionId="46b056a1-cc61-4578-87ee-bd2289f8cfab" testListId="8c84fa94-04c1-424b-9868-57a2d4851a1d" />
    <TestEntry testId="9fc058b5-5450-12d9-8d4a-ccf8735abd5f" executionId="3f218bc6-a8c3-4a80-8594-901740778a54" testListId="8c84fa94-04c1-424b-9868-57a2d4851a1d" />
    <TestEntry testId="4efece0c-610b-ae49-3b7c-a171e539941a" executionId="01a12ef8-497a-4211-8336-49a1a6b06f87" testListId="8c84fa94-04c1-424b-9868-57a2d4851a1d" />
    <TestEntry testId="1e8c8fa6-6e5a-aad4-7c27-b287906ae7eb" executionId="2bdc17e1-77d2-49ac-a79a-e9c09c92df55" testListId="8c84fa94-04c1-424b-9868-57a2d4851a1d" />
    <TestEntry testId="e750ff11-8e6d-9112-ff5b-77deeafbd511" executionId="e0d93527-812c-4273-bf56-16d8a82a9fc7" testListId="8c84fa94-04c1-424b-9868-57a2d4851a1d" />
    <TestEntry testId="0e546871-92ca-2379-fab8-fca184e7cd10" executionId="ecdcf079-2531-4f6b-b707-2f2493de684a" testListId="8c84fa94-04c1-424b-9868-57a2d4851a1d" />
    <TestEntry testId="80efc0c9-dbbe-5e7f-5fb7-2414b5b4faf7" executionId="3c4b1653-6b89-4bb6-becc-68952fba4a88" testListId="8c84fa94-04c1-424b-9868-57a2d4851a1d" />
    <TestEntry testId="19754d99-5a9a-8b2e-522b-5437c09b728b" executionId="ffd83436-0133-4e59-adb0-8448eddd7af5" testListId="8c84fa94-04c1-424b-9868-57a2d4851a1d" />
    <TestEntry testId="eecb6157-cc70-87ec-5910-c7f31d468748" executionId="b7463710-876d-4d9c-b820-a47564bfadbb" testListId="8c84fa94-04c1-424b-9868-57a2d4851a1d" />
    <TestEntry testId="1225bd79-d039-d362-fc23-701b362c77ef" executionId="10da6b2a-d188-420a-8116-ef0f67b4d171" testListId="8c84fa94-04c1-424b-9868-57a2d4851a1d" />
    <TestEntry testId="066390a6-0c18-98b7-6f8e-ce212a91b6c9" executionId="a34fb76c-c529-41fb-9358-d77b3b75cdd3" testListId="8c84fa94-04c1-424b-9868-57a2d4851a1d" />
    <TestEntry testId="61cb0c64-d1e1-e43f-2b31-f68c6eb75f82" executionId="72578aa0-5f0d-469f-af60-13fe27fc0c50" testListId="8c84fa94-04c1-424b-9868-57a2d4851a1d" />
    <TestEntry testId="83b4ca69-9612-d0a8-ed16-13285ba555a1" executionId="7a5de48b-bc75-41e4-b76a-02c074cbdbbe" testListId="8c84fa94-04c1-424b-9868-57a2d4851a1d" />
    <TestEntry testId="dc5fe6b3-eebf-53e9-38d5-0e5a011c216c" executionId="7cc80768-1f88-448d-b2c5-9906b4598f90" testListId="8c84fa94-04c1-424b-9868-57a2d4851a1d" />
    <TestEntry testId="1fbb432e-553f-c32f-e56e-0a9a6e42ffe9" executionId="0a1f9a0f-1734-43cc-b495-2e0250804522" testListId="8c84fa94-04c1-424b-9868-57a2d4851a1d" />
    <TestEntry testId="d8387385-ee97-e212-c9fc-5801ffa0d666" executionId="8ffe62e3-6258-4e19-84ee-758f3c8ef2ca" testListId="8c84fa94-04c1-424b-9868-57a2d4851a1d" />
    <TestEntry testId="ac65f872-586a-672d-5e21-8e896a1efa14" executionId="bd155651-012e-4eff-b21b-24ca2c180899" testListId="8c84fa94-04c1-424b-9868-57a2d4851a1d" />
    <TestEntry testId="52c0751c-fa17-4f18-620a-1832d6f071ad" executionId="d74c135f-13ce-450b-a42c-850f0fae5584" testListId="8c84fa94-04c1-424b-9868-57a2d4851a1d" />
    <TestEntry testId="73d5f157-b67c-059a-2447-5c77364d7e8b" executionId="4223f407-49b3-414d-8dfc-81c1a520d384" testListId="8c84fa94-04c1-424b-9868-57a2d4851a1d" />
    <TestEntry testId="57413277-6e73-a6ec-8287-b7d3e305b5ba" executionId="4bc991b5-fe3f-4aa7-b1e5-33c2a2955b1c" testListId="8c84fa94-04c1-424b-9868-57a2d4851a1d" />
    <TestEntry testId="da6a80e7-4aab-f0eb-010a-506b0c4936a9" executionId="603292bd-b3da-422c-be4d-09f85f472c27" testListId="8c84fa94-04c1-424b-9868-57a2d4851a1d" />
    <TestEntry testId="7b87f874-d919-2ac5-02d2-23671531fba1" executionId="7bf26e1f-f238-410e-b7b0-6e5733df8966" testListId="8c84fa94-04c1-424b-9868-57a2d4851a1d" />
    <TestEntry testId="def93bc1-1d00-221e-ff3a-72fa3b306e12" executionId="0689bc8c-42af-4ba8-b576-7667cbc1cb45" testListId="8c84fa94-04c1-424b-9868-57a2d4851a1d" />
    <TestEntry testId="4042113f-4b83-0085-6b09-7141055d9279" executionId="59077c40-4c82-4f43-8fb0-4af697441c47" testListId="8c84fa94-04c1-424b-9868-57a2d4851a1d" />
    <TestEntry testId="72a58601-6a0b-286c-f611-d0390f38d4b1" executionId="b23d9bb3-60fe-446f-b272-f30c23dc9f39" testListId="8c84fa94-04c1-424b-9868-57a2d4851a1d" />
    <TestEntry testId="79cd390f-82e9-a0ad-b31f-33e0e0bcb389" executionId="c1cd9ea8-e3a4-4432-afe2-e43d84b7c5f6" testListId="8c84fa94-04c1-424b-9868-57a2d4851a1d" />
    <TestEntry testId="f8b3dabf-0f19-9e05-2f20-874d753a8128" executionId="63f0a32f-f066-47c9-8fb5-08fc39a97515" testListId="8c84fa94-04c1-424b-9868-57a2d4851a1d" />
    <TestEntry testId="10c9a457-cb36-9c66-57cc-73a8ab3286b0" executionId="043e625c-0af0-44ce-967b-76d629306100" testListId="8c84fa94-04c1-424b-9868-57a2d4851a1d" />
    <TestEntry testId="c6033b07-486f-3d82-e115-16884ba6fd5c" executionId="64734768-572c-48d9-b3f8-efb5636c2cea" testListId="8c84fa94-04c1-424b-9868-57a2d4851a1d" />
    <TestEntry testId="2765213b-23be-1437-a0da-b0abdf853349" executionId="37685158-bd6c-4aac-9f1e-d5d5235db4d8" testListId="8c84fa94-04c1-424b-9868-57a2d4851a1d" />
    <TestEntry testId="7cee938e-4726-ecfc-427c-4cc906afc6df" executionId="3a63ef51-9630-4583-a2ec-02506a233ffd" testListId="8c84fa94-04c1-424b-9868-57a2d4851a1d" />
    <TestEntry testId="4c18361d-692a-8703-c9f0-ec2f36e6cc36" executionId="bd854601-3cae-4365-b5ff-c11b9bd61115" testListId="8c84fa94-04c1-424b-9868-57a2d4851a1d" />
    <TestEntry testId="07b80e63-7c2f-589b-2e04-4e8029babfad" executionId="607ad63f-acdc-4a4e-8468-316e53080ffd" testListId="8c84fa94-04c1-424b-9868-57a2d4851a1d" />
    <TestEntry testId="f434da66-320a-7547-60e6-80235a87abc4" executionId="a1d0be11-aa4b-4199-909a-0cb748bbe395" testListId="8c84fa94-04c1-424b-9868-57a2d4851a1d" />
    <TestEntry testId="b2931be2-9ec6-7ce5-6548-609b3ce1a9c8" executionId="fc090b9f-fee0-449d-b3ac-d47a0d67e497" testListId="8c84fa94-04c1-424b-9868-57a2d4851a1d" />
    <TestEntry testId="44129e22-5902-4a49-0032-210cb66ea536" executionId="f92cfb21-ecc0-488b-a555-7d0c153f8e86" testListId="8c84fa94-04c1-424b-9868-57a2d4851a1d" />
    <TestEntry testId="b247f828-c4c9-ff77-3c8b-b73d97d2769b" executionId="4ae8f98e-7009-4815-a822-bc868c278201" testListId="8c84fa94-04c1-424b-9868-57a2d4851a1d" />
    <TestEntry testId="34d2567d-7bf6-dea3-25f7-4ceefb27ffbc" executionId="a049f252-ac51-4d85-819a-8a9a5288428d" testListId="8c84fa94-04c1-424b-9868-57a2d4851a1d" />
    <TestEntry testId="2c112109-e6fe-03c3-4742-225cfb638a77" executionId="11b07082-c1d7-42b7-99ed-276b886fe6c1" testListId="8c84fa94-04c1-424b-9868-57a2d4851a1d" />
    <TestEntry testId="5748818a-e4fb-d506-37f3-b1d42a9f27d4" executionId="bfdfc703-2aed-4de4-98a6-36e7b7b85a5e" testListId="8c84fa94-04c1-424b-9868-57a2d4851a1d" />
    <TestEntry testId="518aa60d-70ea-c078-7267-9254ad099443" executionId="5e9db462-12c0-4515-aab0-22d29bae15de" testListId="8c84fa94-04c1-424b-9868-57a2d4851a1d" />
    <TestEntry testId="1109a24e-6a8a-6b7e-ba0b-d040bc00fa21" executionId="1eb4eccf-0bdf-4bf4-ab61-fe398c2ffb1a" testListId="8c84fa94-04c1-424b-9868-57a2d4851a1d" />
    <TestEntry testId="8181e78a-574d-c8c0-84ae-90ed41d2011e" executionId="62c0eec5-9875-4a95-8a37-0279ad3941fe" testListId="8c84fa94-04c1-424b-9868-57a2d4851a1d" />
    <TestEntry testId="7dda6913-3207-49f5-fa97-10337b5a08c7" executionId="ea7184ba-7c89-4ba3-8b15-f01286404e38" testListId="8c84fa94-04c1-424b-9868-57a2d4851a1d" />
    <TestEntry testId="37128e0d-32e5-a3ed-d148-3436bf935bb1" executionId="3e7f8b7e-cc36-4c24-b0b7-dbe60aebad2c" testListId="8c84fa94-04c1-424b-9868-57a2d4851a1d" />
    <TestEntry testId="dbfbfac9-0b64-ce92-36c4-cd97af6f6704" executionId="0bcecca7-4acd-45bc-88b8-b84fd9a7be6f" testListId="8c84fa94-04c1-424b-9868-57a2d4851a1d" />
    <TestEntry testId="d0f479e0-3a7f-e544-6024-8f9323c792a3" executionId="2343e495-26fb-49ad-bd5b-6aab79825211" testListId="8c84fa94-04c1-424b-9868-57a2d4851a1d" />
    <TestEntry testId="b4c7197a-025f-2d58-2aa6-331c80e4987a" executionId="eed7ec5e-fed4-4c2a-9bc4-57451bc9c1d3" testListId="8c84fa94-04c1-424b-9868-57a2d4851a1d" />
    <TestEntry testId="b721be24-13b4-333b-637c-1858551e46e9" executionId="b877fed4-4c3c-4f58-8381-56043890d15d" testListId="8c84fa94-04c1-424b-9868-57a2d4851a1d" />
    <TestEntry testId="e251eb11-f207-8308-cc17-45ef0cb83860" executionId="dd0d7d5a-07cc-4156-affa-37e63c26eb42" testListId="8c84fa94-04c1-424b-9868-57a2d4851a1d" />
    <TestEntry testId="11b3e576-7a1b-62b2-277e-c000f57ce0f1" executionId="4dd63e63-6a71-4dc9-a10e-1c0738365d49" testListId="8c84fa94-04c1-424b-9868-57a2d4851a1d" />
    <TestEntry testId="789f9308-9c8b-06ae-e9b5-9a4766a7de8d" executionId="2c151d21-e292-470d-a1a4-3171a27f299f" testListId="8c84fa94-04c1-424b-9868-57a2d4851a1d" />
    <TestEntry testId="04850947-4df2-d516-cf72-ba8e231127f1" executionId="d04df50e-e171-4a00-957c-63ab8c8e4e5a" testListId="8c84fa94-04c1-424b-9868-57a2d4851a1d" />
    <TestEntry testId="087b1e39-d1fa-3d6c-4685-64625acfa9e4" executionId="e6d0756d-429a-4ce7-b067-0db038b875a2" testListId="8c84fa94-04c1-424b-9868-57a2d4851a1d" />
    <TestEntry testId="552e8d70-6b85-25e5-9317-984c02304f46" executionId="7f327857-25f3-44b7-8d81-27601cf0b944" testListId="8c84fa94-04c1-424b-9868-57a2d4851a1d" />
    <TestEntry testId="6cf73013-a34f-7368-24a1-ab32cf20292a" executionId="6b9fec86-d3b6-4d5e-b955-8adf85f7aeb8" testListId="8c84fa94-04c1-424b-9868-57a2d4851a1d" />
    <TestEntry testId="db14eb35-236b-6292-252b-84c5d540251e" executionId="8c90f4f5-ebd7-4355-95d0-a2baa40717c7" testListId="8c84fa94-04c1-424b-9868-57a2d4851a1d" />
    <TestEntry testId="8dcff6f9-cdfd-d89f-e03d-addb66eb0a35" executionId="daaf7b0e-0eed-4097-a12e-2372463b380e" testListId="8c84fa94-04c1-424b-9868-57a2d4851a1d" />
    <TestEntry testId="4b0cba85-e607-efc3-3f35-cb8b0c659cc4" executionId="bde6d66c-443c-477f-b184-9f255f76223f" testListId="8c84fa94-04c1-424b-9868-57a2d4851a1d" />
    <TestEntry testId="02feca23-6655-5568-716b-bd0cb04d3015" executionId="6ee62bbd-8cd8-45f1-8e5e-df1e79d3a2ce" testListId="8c84fa94-04c1-424b-9868-57a2d4851a1d" />
    <TestEntry testId="0b1439ba-e984-e80d-2643-4fa8fa562b65" executionId="5d23eebe-36f4-4a08-a3cd-c94ca22b9440" testListId="8c84fa94-04c1-424b-9868-57a2d4851a1d" />
    <TestEntry testId="9a622f3d-bf69-0522-d0f1-bc7afea2cbf7" executionId="84bddd06-2db8-4e84-8a9e-76df3d3ba3de" testListId="8c84fa94-04c1-424b-9868-57a2d4851a1d" />
    <TestEntry testId="71b46026-ee57-7414-4cfe-318877eaaba4" executionId="d456180b-3837-4432-aa2c-8313a60789dc" testListId="8c84fa94-04c1-424b-9868-57a2d4851a1d" />
    <TestEntry testId="c5e39ed0-0eee-e6dd-3322-30cdbf3be970" executionId="67694a7d-c74f-4edd-9a45-639165174509" testListId="8c84fa94-04c1-424b-9868-57a2d4851a1d" />
    <TestEntry testId="70223117-1028-488e-1109-b9f75188c95f" executionId="2503e13c-5386-419b-bfdd-b5e78066b53f" testListId="8c84fa94-04c1-424b-9868-57a2d4851a1d" />
    <TestEntry testId="2c375059-c2c0-ba34-5158-7a6baae556a6" executionId="00caafa0-7b08-40ea-a5f7-cf05fb0d812d" testListId="8c84fa94-04c1-424b-9868-57a2d4851a1d" />
    <TestEntry testId="5801ef8b-052a-68b8-ec21-3bcee9ec2291" executionId="2f64dcc5-9f01-4417-8d0d-395729f1fe3d" testListId="8c84fa94-04c1-424b-9868-57a2d4851a1d" />
    <TestEntry testId="3b5d0571-6664-4ff9-d876-cc7ad22dbd7b" executionId="ff467755-9d5e-4d25-9985-9034430df153" testListId="8c84fa94-04c1-424b-9868-57a2d4851a1d" />
    <TestEntry testId="4b5596be-07db-8d75-a5c8-92c98ec20ff1" executionId="3230cee6-9cb1-4562-9d17-905df1ecabbe" testListId="8c84fa94-04c1-424b-9868-57a2d4851a1d" />
    <TestEntry testId="861d2551-3797-dc3c-215c-ed23aee8dd5f" executionId="947007d2-7d0b-4747-8769-fdba418d48e8" testListId="8c84fa94-04c1-424b-9868-57a2d4851a1d" />
    <TestEntry testId="ee012e59-9eef-b52f-11ac-e344e742f309" executionId="1e500f0d-31c1-4105-bf27-fb11d518668c" testListId="8c84fa94-04c1-424b-9868-57a2d4851a1d" />
    <TestEntry testId="127f6b6f-60eb-7684-1110-d02ee3eb235d" executionId="5a843eeb-10dc-4a22-8478-ea5b87ea29c3" testListId="8c84fa94-04c1-424b-9868-57a2d4851a1d" />
    <TestEntry testId="bc906a33-27f9-6951-f669-a9b3927c0fa3" executionId="5b4f8f3d-e6ad-4f58-8517-00cd47c42aac" testListId="8c84fa94-04c1-424b-9868-57a2d4851a1d" />
    <TestEntry testId="66d507cc-9025-368f-6651-8c50b19c18e9" executionId="1d47cb8f-ea01-4764-9781-1497522cd601" testListId="8c84fa94-04c1-424b-9868-57a2d4851a1d" />
    <TestEntry testId="746bd023-03df-7114-9f0e-7c5538738f75" executionId="8b552fec-1168-49fb-bb49-c98b471421dc" testListId="8c84fa94-04c1-424b-9868-57a2d4851a1d" />
    <TestEntry testId="0c4f1f0a-95e3-bfb5-a831-a21137fae764" executionId="f0cb2315-0f69-4379-872f-f14b1bd385d1" testListId="8c84fa94-04c1-424b-9868-57a2d4851a1d" />
    <TestEntry testId="bfeca7aa-7f49-d61b-b07c-fa8ced01b767" executionId="e601f624-208e-401d-a3f1-38cfaa9551ea" testListId="8c84fa94-04c1-424b-9868-57a2d4851a1d" />
    <TestEntry testId="f1cf8805-9f2a-3ea0-68a1-486890b5b405" executionId="dd6c7bd2-01e1-4819-b5c9-cf8d5e82df10" testListId="8c84fa94-04c1-424b-9868-57a2d4851a1d" />
    <TestEntry testId="a113a89e-e992-2477-4f24-2689a2a0836d" executionId="75806618-b584-4df7-9eb4-fee4f4724a52" testListId="8c84fa94-04c1-424b-9868-57a2d4851a1d" />
    <TestEntry testId="8079de8f-f0df-6ac6-461b-ddb887859bfe" executionId="e9889c5a-3131-4702-8943-74d0fbf71578" testListId="8c84fa94-04c1-424b-9868-57a2d4851a1d" />
    <TestEntry testId="573ccc51-de6a-4489-8685-b9e8d56f7af4" executionId="8db66822-129f-4ef8-9615-9d1ac05c8c75" testListId="8c84fa94-04c1-424b-9868-57a2d4851a1d" />
    <TestEntry testId="e6900046-16da-c379-2c5b-a2fb993e94ea" executionId="cf1871cf-47a7-424d-9954-5059119ca2f4" testListId="8c84fa94-04c1-424b-9868-57a2d4851a1d" />
    <TestEntry testId="345552b6-3ed3-703c-aa8d-185623b1498d" executionId="04523bad-9117-4c3c-817b-50ce12df32bc" testListId="8c84fa94-04c1-424b-9868-57a2d4851a1d" />
    <TestEntry testId="adebe84a-b2cb-66de-0691-9ff1e7eec31f" executionId="1dfffca5-0900-4f26-9709-c9e635047031" testListId="8c84fa94-04c1-424b-9868-57a2d4851a1d" />
    <TestEntry testId="85db59f6-5920-cb36-3faa-3b40cf5c858b" executionId="f054c211-31a1-4641-b79f-eac799592dff" testListId="8c84fa94-04c1-424b-9868-57a2d4851a1d" />
    <TestEntry testId="8e5f2ed4-bf7a-d0e0-4d73-7a0ac5ae0304" executionId="70907c0a-3203-43d1-8d83-71d8ffdaee8a" testListId="8c84fa94-04c1-424b-9868-57a2d4851a1d" />
    <TestEntry testId="e44b226a-a744-9d8e-171f-87098ada8608" executionId="e4514d20-dd71-45a3-b7d9-99940eadae88" testListId="8c84fa94-04c1-424b-9868-57a2d4851a1d" />
    <TestEntry testId="fb12a45f-e00b-ba7f-6773-a1c047514c81" executionId="c43b31ff-6ee4-4f35-8251-524f0c0fc259" testListId="8c84fa94-04c1-424b-9868-57a2d4851a1d" />
    <TestEntry testId="efd5dbba-a9b7-a6ae-47b6-e9f23eff0b26" executionId="0af4a07a-4408-4930-b8ca-5ed49a8d4f7e" testListId="8c84fa94-04c1-424b-9868-57a2d4851a1d" />
    <TestEntry testId="87851395-fcf5-2604-9c3a-1f8aa7d9888b" executionId="152ae3e4-591f-47e9-a68c-bc176333bbc9" testListId="8c84fa94-04c1-424b-9868-57a2d4851a1d" />
    <TestEntry testId="96897db5-5055-bad1-acbd-4076d2446290" executionId="904ed295-6be3-43a2-8709-d73f1b238ba2" testListId="8c84fa94-04c1-424b-9868-57a2d4851a1d" />
    <TestEntry testId="d8b2e962-57d6-7d23-5c24-4c7c5ef024f4" executionId="27da559c-e82c-4a95-a670-6ea0804a77bc" testListId="8c84fa94-04c1-424b-9868-57a2d4851a1d" />
    <TestEntry testId="df23d5d9-66a0-42bc-fea4-a9b6e4e25e75" executionId="8346e0ce-b138-4373-8848-4e93faf0906a" testListId="8c84fa94-04c1-424b-9868-57a2d4851a1d" />
    <TestEntry testId="30611e9b-0a62-6dab-5c2f-5b8c4e9b9b9f" executionId="9482fabf-5e9f-4129-ba3e-e799ab654c08" testListId="8c84fa94-04c1-424b-9868-57a2d4851a1d" />
    <TestEntry testId="40fa7841-646c-f8cd-24bf-6fc7f4dedfa9" executionId="fe03ed98-40b2-4f70-81e8-c22e5d63b134" testListId="8c84fa94-04c1-424b-9868-57a2d4851a1d" />
    <TestEntry testId="7c611c07-a440-4519-e7e8-8b4d3c72ab3f" executionId="3fdb1e32-f50d-4d5f-b314-6639be03ff48" testListId="8c84fa94-04c1-424b-9868-57a2d4851a1d" />
    <TestEntry testId="75298519-94ad-3cd1-9290-eb24793f55a6" executionId="d584d726-4760-43f2-bd07-5328619b330c" testListId="8c84fa94-04c1-424b-9868-57a2d4851a1d" />
    <TestEntry testId="82d5db02-e94e-3b02-ad01-51ee97ec021c" executionId="2ccff567-47ca-4ee5-8a27-90becc73674a" testListId="8c84fa94-04c1-424b-9868-57a2d4851a1d" />
    <TestEntry testId="e305d0ec-3740-626b-6cd2-4ec9b6f5d763" executionId="65d7a5ec-6a25-4ce8-88de-4f64b7b0f5d3" testListId="8c84fa94-04c1-424b-9868-57a2d4851a1d" />
    <TestEntry testId="bc98f6d6-7ca2-444f-bf52-b490e8756b7e" executionId="8e58252c-d8bc-40ca-94f0-487ceaf213b7" testListId="8c84fa94-04c1-424b-9868-57a2d4851a1d" />
    <TestEntry testId="33412608-e208-2cc9-991c-3029e8717790" executionId="0874207f-1aee-4bb6-9059-e13a1dcb726c" testListId="8c84fa94-04c1-424b-9868-57a2d4851a1d" />
    <TestEntry testId="5db8fd22-a9d2-d160-c154-7e7334ba659b" executionId="4a07eaca-52c5-45ac-9d03-c09614375d7f" testListId="8c84fa94-04c1-424b-9868-57a2d4851a1d" />
    <TestEntry testId="ff962744-44ce-857d-8cb7-730338e97029" executionId="a6d7d4ae-4fee-4e60-8b5a-a00e0b8ddf31" testListId="8c84fa94-04c1-424b-9868-57a2d4851a1d" />
    <TestEntry testId="c3fd9cbf-6feb-180c-d830-cea33df94a10" executionId="1fb89155-a8c7-4cb5-b25d-637c25190339" testListId="8c84fa94-04c1-424b-9868-57a2d4851a1d" />
    <TestEntry testId="a0716c2f-3af0-a7aa-191d-2dd33bd2956b" executionId="37467ab1-59cb-46bc-aaba-b73ce871c719" testListId="8c84fa94-04c1-424b-9868-57a2d4851a1d" />
    <TestEntry testId="4c4a38c8-f94a-5b87-dc20-e9e971892500" executionId="f971e13e-3849-48e4-b45b-2a1866e982f8" testListId="8c84fa94-04c1-424b-9868-57a2d4851a1d" />
    <TestEntry testId="76e8e25b-7f65-8c60-0639-561ef8c308e2" executionId="fe42d581-d680-48fb-98bf-b9dc4f903deb" testListId="8c84fa94-04c1-424b-9868-57a2d4851a1d" />
    <TestEntry testId="947db48e-1376-6f82-4699-fabe624cbabf" executionId="c8838b9c-ec01-4627-b10e-f8993d610c37" testListId="8c84fa94-04c1-424b-9868-57a2d4851a1d" />
    <TestEntry testId="73345e39-00a8-d1d5-a37b-794338aedef0" executionId="9d8e97bd-7358-4c70-a69b-4f8659152666" testListId="8c84fa94-04c1-424b-9868-57a2d4851a1d" />
    <TestEntry testId="2434dc0d-a355-9e16-f561-e23133111429" executionId="c87bd230-5324-437d-b44a-6931ea202691" testListId="8c84fa94-04c1-424b-9868-57a2d4851a1d" />
    <TestEntry testId="58fe92ec-7d5a-1c37-d4fb-7aafadcf26fa" executionId="c0501e22-cbca-4fa2-9bb2-cfff3b7ef758" testListId="8c84fa94-04c1-424b-9868-57a2d4851a1d" />
    <TestEntry testId="391c2548-0365-c2f4-475a-bd969cac8e30" executionId="63d2916e-5614-4c8d-9fd9-90a7c99e533c" testListId="8c84fa94-04c1-424b-9868-57a2d4851a1d" />
    <TestEntry testId="142a0250-319a-0925-fe13-f1d0b039bde1" executionId="81625213-617c-4bd0-a41e-0a144f0c8d75" testListId="8c84fa94-04c1-424b-9868-57a2d4851a1d" />
    <TestEntry testId="9cf8d3db-c963-4d0a-6444-41006ff07e7e" executionId="a2b052ad-a5b2-4f33-b29c-dc4186df6db3" testListId="8c84fa94-04c1-424b-9868-57a2d4851a1d" />
    <TestEntry testId="d213c998-c49d-6852-8aff-647de77dd87a" executionId="499ba426-a99c-4c84-bd48-1168f35a494a" testListId="8c84fa94-04c1-424b-9868-57a2d4851a1d" />
    <TestEntry testId="33ad8b92-a294-28a8-50a7-fb68567a5873" executionId="d6ac7763-c455-4431-bf80-088dc42eed3c" testListId="8c84fa94-04c1-424b-9868-57a2d4851a1d" />
    <TestEntry testId="a99a19d5-d38e-a036-6805-96140b18d0f5" executionId="1bfae3c1-6d97-4901-bc45-2cd3ccaa50af" testListId="8c84fa94-04c1-424b-9868-57a2d4851a1d" />
    <TestEntry testId="77cba1b8-d81f-5df6-acc7-2e681367e225" executionId="83ca394c-1b4d-41df-9a18-e1ab73f3589e" testListId="8c84fa94-04c1-424b-9868-57a2d4851a1d" />
    <TestEntry testId="7c715ebf-59d3-89bc-5957-83f19fad2bcf" executionId="36e9f29a-4a3a-4027-8321-60c0e4a626ea" testListId="8c84fa94-04c1-424b-9868-57a2d4851a1d" />
    <TestEntry testId="131c4e67-90f7-5d65-1e4c-ceccc321216d" executionId="d0b8a88e-5c31-43a2-8e02-6441da634ef5" testListId="8c84fa94-04c1-424b-9868-57a2d4851a1d" />
    <TestEntry testId="70239cb1-bb29-2718-47f7-8af376b9afbe" executionId="608aba04-1a81-4aac-8031-c87900931db7" testListId="8c84fa94-04c1-424b-9868-57a2d4851a1d" />
    <TestEntry testId="7f45314b-74ac-fe0a-6d3f-b3488a713648" executionId="4f80aba2-eb3e-4fed-b091-d380413ce395" testListId="8c84fa94-04c1-424b-9868-57a2d4851a1d" />
    <TestEntry testId="0af8387f-0f3d-a472-ff6c-783b0b9abf4c" executionId="96c56311-69da-4277-9e98-53935e2e2343" testListId="8c84fa94-04c1-424b-9868-57a2d4851a1d" />
    <TestEntry testId="afe8f66e-42c6-0a57-f65b-6396de58b87a" executionId="a4c6e653-04be-4e6a-a88d-ca8b640bc4b2" testListId="8c84fa94-04c1-424b-9868-57a2d4851a1d" />
    <TestEntry testId="d7acaedb-eac0-4b1f-6d63-f57e9d538c04" executionId="94a9e2c4-7d2e-4e2a-b114-6a1d181ab954" testListId="8c84fa94-04c1-424b-9868-57a2d4851a1d" />
    <TestEntry testId="26371502-1758-5e64-68b2-e0132da265a1" executionId="be3c202e-e18a-4bf4-be26-1983c5eee007" testListId="8c84fa94-04c1-424b-9868-57a2d4851a1d" />
    <TestEntry testId="5d294bba-2ebf-290a-e853-ad009704c202" executionId="f11d9976-e3f0-4203-9511-1a59eae6ec83" testListId="8c84fa94-04c1-424b-9868-57a2d4851a1d" />
    <TestEntry testId="d2cc6638-fdf5-bcda-78fa-c3a5a7f5d3ea" executionId="93959cf4-0253-4c79-b9b8-c9f111aef24d" testListId="8c84fa94-04c1-424b-9868-57a2d4851a1d" />
    <TestEntry testId="3bf901ad-8957-ad5e-296f-dd63c0fdc478" executionId="7dd4e72b-ad03-489c-97d7-8a6c63639904" testListId="8c84fa94-04c1-424b-9868-57a2d4851a1d" />
    <TestEntry testId="fa6de487-a47b-e1b2-0660-76fc5d8d43a9" executionId="fd015572-b3b9-4ef5-af8d-ff47856a1787" testListId="8c84fa94-04c1-424b-9868-57a2d4851a1d" />
    <TestEntry testId="873b0ec3-8762-3e25-eb95-5c23fee39684" executionId="653ec08f-a6d2-4005-a8cf-12ac2ff22745" testListId="8c84fa94-04c1-424b-9868-57a2d4851a1d" />
    <TestEntry testId="97aa3fa1-18ae-4ef4-802a-81d1bbb86107" executionId="ae931268-485d-464c-8bf9-b7ee1860c209" testListId="8c84fa94-04c1-424b-9868-57a2d4851a1d" />
    <TestEntry testId="e861b9e3-e4b2-69ea-5675-3905004d5ab3" executionId="cf779527-ac01-4351-9545-23a3cc0a07e3" testListId="8c84fa94-04c1-424b-9868-57a2d4851a1d" />
    <TestEntry testId="dfff711d-2880-9857-f959-f5692bac9747" executionId="6d0de192-f915-49f7-bdc5-8c2d61097e98" testListId="8c84fa94-04c1-424b-9868-57a2d4851a1d" />
    <TestEntry testId="587a0f19-ab82-2c4f-fcdb-f629754ca072" executionId="576a9c15-944b-4a92-ad14-15a8f6f433f0" testListId="8c84fa94-04c1-424b-9868-57a2d4851a1d" />
    <TestEntry testId="179e1ee4-3947-d241-311c-7731522f179c" executionId="37bcae5b-bbc3-4de2-8671-b5d8f7d14cf9" testListId="8c84fa94-04c1-424b-9868-57a2d4851a1d" />
    <TestEntry testId="cf98c7bf-0c18-8bef-f9b4-06b50799a21c" executionId="dce822f7-9355-4457-80ce-ed32416823f6" testListId="8c84fa94-04c1-424b-9868-57a2d4851a1d" />
    <TestEntry testId="c943880c-92b5-0eac-bae2-657d33d02b76" executionId="6e409c97-359b-459b-9c25-89083dfb02b0" testListId="8c84fa94-04c1-424b-9868-57a2d4851a1d" />
    <TestEntry testId="2c89b3f6-f469-5955-a32a-c0758733b827" executionId="d557b9d3-eaf3-4fe9-87e4-2c64fd2117a2" testListId="8c84fa94-04c1-424b-9868-57a2d4851a1d" />
    <TestEntry testId="6b423d08-c227-f5f8-3808-2400a4c07d70" executionId="a7d852fd-d5aa-41d4-abf2-363cae264eeb" testListId="8c84fa94-04c1-424b-9868-57a2d4851a1d" />
    <TestEntry testId="ac3a7322-cc2f-ea3b-97f9-3379a3199eb7" executionId="f04f9f41-b410-4e8d-a7d5-5116447131db" testListId="8c84fa94-04c1-424b-9868-57a2d4851a1d" />
    <TestEntry testId="9ad53845-14f4-c284-f6a5-248e9e3aba27" executionId="e307e9b3-6df6-4b01-88ef-75c6922d9524" testListId="8c84fa94-04c1-424b-9868-57a2d4851a1d" />
    <TestEntry testId="8c344fd2-ca4e-27dc-cb75-8ed7a4e958eb" executionId="af491d3f-71c3-47f3-97d0-33df39f63241" testListId="8c84fa94-04c1-424b-9868-57a2d4851a1d" />
    <TestEntry testId="4a13064a-2552-f664-e680-77edaca93e76" executionId="d2106446-58d9-48c6-8397-3bedb8d723e4" testListId="8c84fa94-04c1-424b-9868-57a2d4851a1d" />
    <TestEntry testId="c5a0d84f-93b6-08cd-1dd9-05e7cea29945" executionId="87a1c706-5e46-4803-b2c3-7a947d8a126e" testListId="8c84fa94-04c1-424b-9868-57a2d4851a1d" />
    <TestEntry testId="e97f4669-3c86-1034-0a38-98883988da58" executionId="8e745ead-097f-4ddc-a039-3f268e9a7e89" testListId="8c84fa94-04c1-424b-9868-57a2d4851a1d" />
    <TestEntry testId="a69e04e0-8d31-9c0a-776d-0b72ee598d47" executionId="8e82c814-b811-46cd-9b37-d4c6b5be475e" testListId="8c84fa94-04c1-424b-9868-57a2d4851a1d" />
    <TestEntry testId="d1573ce3-bd92-2600-94b7-f1c11afafb7b" executionId="9077773d-3ee0-420f-a8d2-35cef86d2159" testListId="8c84fa94-04c1-424b-9868-57a2d4851a1d" />
    <TestEntry testId="47589e2e-4b76-47f2-c72b-72b4285b8c83" executionId="d58602a5-081f-4d09-8ca9-f285f3e93783" testListId="8c84fa94-04c1-424b-9868-57a2d4851a1d" />
    <TestEntry testId="6e851fc6-093b-40f1-26c3-a3721c560c72" executionId="b6d577a0-ee08-4999-a41d-a8edcfd6afab" testListId="8c84fa94-04c1-424b-9868-57a2d4851a1d" />
    <TestEntry testId="9c19758e-d9ee-78de-7800-7d27fd6f112b" executionId="0f14d97b-3b97-47e1-b1f0-b8d736efff1c" testListId="8c84fa94-04c1-424b-9868-57a2d4851a1d" />
    <TestEntry testId="9c476a3a-eb18-5698-75f9-97279492aa92" executionId="f3feaa8e-b04f-4396-818f-2fe829080f5e" testListId="8c84fa94-04c1-424b-9868-57a2d4851a1d" />
    <TestEntry testId="1ae99b50-4a58-b040-2d46-172bf2055039" executionId="78fa475c-df21-470b-87ee-a3842e6d0c33" testListId="8c84fa94-04c1-424b-9868-57a2d4851a1d" />
    <TestEntry testId="cb02662b-9837-a44f-4572-7ad943af279f" executionId="07d2bfec-6f8f-4a98-87b6-5195d9701bc3" testListId="8c84fa94-04c1-424b-9868-57a2d4851a1d" />
    <TestEntry testId="cb978b57-3176-52a3-77aa-39092f280071" executionId="a29011d5-ac17-4acd-8e1f-d9bf67c51d8c" testListId="8c84fa94-04c1-424b-9868-57a2d4851a1d" />
    <TestEntry testId="1b8c2d97-2fe1-5cdf-2fc9-4f78207edb1d" executionId="0fa9502b-33b9-4a6a-8e03-3f20631c82b6" testListId="8c84fa94-04c1-424b-9868-57a2d4851a1d" />
    <TestEntry testId="78e1ad87-4fe8-4314-4c67-aedf5c8ef7d7" executionId="b7b712ab-3682-476e-a9f6-19016d663f46" testListId="8c84fa94-04c1-424b-9868-57a2d4851a1d" />
    <TestEntry testId="2ad0eb64-70cf-9075-752b-cdd33ae1fb88" executionId="f7076b68-ef05-482f-9519-78ed57b7a113" testListId="8c84fa94-04c1-424b-9868-57a2d4851a1d" />
    <TestEntry testId="c9dae091-cbd1-5009-1467-3b9be0c62c7d" executionId="43ba4a49-17ce-4de8-bfb8-014ac63ee627" testListId="8c84fa94-04c1-424b-9868-57a2d4851a1d" />
    <TestEntry testId="9e3edf49-5afe-389d-fbb3-b0c5ca2c8ae8" executionId="309d92ed-8804-408a-b50e-b051b7c083a2" testListId="8c84fa94-04c1-424b-9868-57a2d4851a1d" />
    <TestEntry testId="44a11249-7c43-d64e-7844-c3ead76dcdd0" executionId="8e9c9ede-f2ed-419a-b7a9-1fd7aaaed45d" testListId="8c84fa94-04c1-424b-9868-57a2d4851a1d" />
    <TestEntry testId="3764f41b-f9cb-0885-316f-a957903d1b79" executionId="4b906cf3-3c9e-4643-a6f5-d37f70c36328" testListId="8c84fa94-04c1-424b-9868-57a2d4851a1d" />
    <TestEntry testId="176216d1-7732-025a-8e79-d4f3f1aa10fd" executionId="f886892f-33fa-462d-9bf2-5b1c2d861367" testListId="8c84fa94-04c1-424b-9868-57a2d4851a1d" />
    <TestEntry testId="769ad065-b453-04e8-0c52-e6d5a58cc896" executionId="65560648-4f9b-421d-9372-7ab9f7302cf4" testListId="8c84fa94-04c1-424b-9868-57a2d4851a1d" />
    <TestEntry testId="8194709e-7083-fd62-5a37-46cd930544c2" executionId="949f7551-95cd-4aa9-934d-51308ecf1818" testListId="8c84fa94-04c1-424b-9868-57a2d4851a1d" />
    <TestEntry testId="a8b24ec3-7728-f6a5-d914-26a6e3351701" executionId="cfaa681c-08c8-4c10-b619-2b301cabba05" testListId="8c84fa94-04c1-424b-9868-57a2d4851a1d" />
    <TestEntry testId="f1a27f63-14ad-6394-e19e-207bf0a14e39" executionId="c93f812f-b68b-4f5b-91b4-fb62b26c9e15" testListId="8c84fa94-04c1-424b-9868-57a2d4851a1d" />
    <TestEntry testId="5ceb6db9-46b0-6675-2a85-42305df4f4fe" executionId="4d42d372-dec3-457a-b0dc-835d4ec088c7" testListId="8c84fa94-04c1-424b-9868-57a2d4851a1d" />
    <TestEntry testId="6e59caa7-d3d7-2228-d2ea-7c7e50d33d8a" executionId="c52d8734-ee10-41e4-b311-b90abce0d2f1" testListId="8c84fa94-04c1-424b-9868-57a2d4851a1d" />
    <TestEntry testId="494968e9-e16f-5064-9941-93749fe48f08" executionId="a81cc962-1e55-47c8-a671-15c9ddcef895" testListId="8c84fa94-04c1-424b-9868-57a2d4851a1d" />
    <TestEntry testId="a8ee5df4-e99a-0461-e037-d49becc39127" executionId="ace98231-8f26-4079-8974-7b137eb6719b" testListId="8c84fa94-04c1-424b-9868-57a2d4851a1d" />
    <TestEntry testId="5d950d2b-db19-8586-aab7-9626ab9aaae8" executionId="2b04ae97-1fe1-479c-b886-db075cd1fc4e" testListId="8c84fa94-04c1-424b-9868-57a2d4851a1d" />
    <TestEntry testId="be8bbfdf-5cee-e570-a087-d8a3e11536eb" executionId="8d4ff5f9-2bea-4911-acde-117b8a4e4bb4" testListId="8c84fa94-04c1-424b-9868-57a2d4851a1d" />
    <TestEntry testId="59236ceb-c740-a9fb-456c-b7bc04607c61" executionId="0e7627c6-feac-44e2-ab46-a3ebb204a080" testListId="8c84fa94-04c1-424b-9868-57a2d4851a1d" />
    <TestEntry testId="1cab35a8-b0c5-387d-68e8-13b5d64c34a9" executionId="f0c692da-010f-452d-a959-85e0a718c0c9" testListId="8c84fa94-04c1-424b-9868-57a2d4851a1d" />
    <TestEntry testId="e07fad58-8c83-04cf-2df6-998e29b37428" executionId="2981c313-6ff6-4bdc-ba23-5dd6065f8a6c" testListId="8c84fa94-04c1-424b-9868-57a2d4851a1d" />
    <TestEntry testId="d1a27594-4f18-9b17-9e55-306b1cffb20d" executionId="a4b2b247-e9ac-4598-a7ef-b1c414266950" testListId="8c84fa94-04c1-424b-9868-57a2d4851a1d" />
    <TestEntry testId="b9bd6d8c-3df7-0bc0-636a-207c0f6f708c" executionId="97c1265e-9f87-4117-868b-48bcbb6dc4d7" testListId="8c84fa94-04c1-424b-9868-57a2d4851a1d" />
    <TestEntry testId="ef11c466-bb59-1011-9803-0914c21a535a" executionId="f7d6fa46-5b80-4520-b3a1-830689a4b686" testListId="8c84fa94-04c1-424b-9868-57a2d4851a1d" />
    <TestEntry testId="2cfb7e90-0af1-6c66-4060-07f2a94c8dee" executionId="3fa3212c-2fcd-42c5-8112-84fd26353e2d" testListId="8c84fa94-04c1-424b-9868-57a2d4851a1d" />
    <TestEntry testId="87b6963a-14f0-3758-db39-bb05a3ddfb74" executionId="1998f9b4-bf36-413b-af13-5657e91cca25" testListId="8c84fa94-04c1-424b-9868-57a2d4851a1d" />
    <TestEntry testId="80143aa7-6703-945c-b8b2-c6dc9d604a4b" executionId="3d8a726a-158c-4bba-a692-af0bfa232775" testListId="8c84fa94-04c1-424b-9868-57a2d4851a1d" />
    <TestEntry testId="bfd4fe82-f2d9-d173-cede-18fa0c3510b9" executionId="d146252d-b19d-4cae-92b3-53b8ff27b4d5" testListId="8c84fa94-04c1-424b-9868-57a2d4851a1d" />
    <TestEntry testId="b8bd6f81-a5e9-d969-ad7d-d2c75c8084ad" executionId="dc538a60-a4e1-4816-9865-826cbf3f455b" testListId="8c84fa94-04c1-424b-9868-57a2d4851a1d" />
    <TestEntry testId="1c2a8c06-877d-88dd-3bb9-78c2306a3033" executionId="ac1df562-1e22-4f23-958d-36a9b5d6bc1a" testListId="8c84fa94-04c1-424b-9868-57a2d4851a1d" />
    <TestEntry testId="8391f402-d143-5964-176a-6ac406d2c593" executionId="e61878a7-06be-4c22-873a-8c52b8df77f1" testListId="8c84fa94-04c1-424b-9868-57a2d4851a1d" />
    <TestEntry testId="644b08c7-1295-9b8c-bbb9-4b4fbedfbd93" executionId="4a0011e5-d21b-472c-9e3e-a2caeac166e9" testListId="8c84fa94-04c1-424b-9868-57a2d4851a1d" />
    <TestEntry testId="5aa5f274-79e9-1207-c601-01c6998ae510" executionId="0f21b87c-33c6-4889-961c-38b6051c6553" testListId="8c84fa94-04c1-424b-9868-57a2d4851a1d" />
    <TestEntry testId="5db863e2-d6e1-4b8a-5074-0b07052e3c37" executionId="38044f72-bafd-4db4-b1c5-464928493a22" testListId="8c84fa94-04c1-424b-9868-57a2d4851a1d" />
    <TestEntry testId="519f72f5-8881-b81f-fec6-f0bb7ca646da" executionId="f6fd2387-a6c5-414b-9841-1ab29d933574" testListId="8c84fa94-04c1-424b-9868-57a2d4851a1d" />
    <TestEntry testId="0e0f15b4-3dc8-167d-b264-ab4e889633a6" executionId="2884a737-261a-414a-83f4-3b8919b105c5" testListId="8c84fa94-04c1-424b-9868-57a2d4851a1d" />
    <TestEntry testId="f7c9fa49-7718-f777-d5d3-f2f97fafcc6b" executionId="eab58f91-0c24-4cbb-ae90-d001dff6f9b1" testListId="8c84fa94-04c1-424b-9868-57a2d4851a1d" />
    <TestEntry testId="fa95aeff-d0ab-a4b0-a2ba-050a0072e692" executionId="d6d139e7-94ab-4cec-afd5-0aa86ae87fd6" testListId="8c84fa94-04c1-424b-9868-57a2d4851a1d" />
    <TestEntry testId="78bf092d-e293-c941-de66-d713e54352cb" executionId="fa72607f-317c-4060-be30-69c5d0a97106" testListId="8c84fa94-04c1-424b-9868-57a2d4851a1d" />
    <TestEntry testId="826f9014-332f-610b-e2c7-728e9ec50cd4" executionId="fa1a4805-5170-4894-b0f3-dd92657a9c31" testListId="8c84fa94-04c1-424b-9868-57a2d4851a1d" />
    <TestEntry testId="44c89347-444a-61de-1e83-8685b95b1a46" executionId="a7be854e-8f28-41d7-8efb-727522461bf0" testListId="8c84fa94-04c1-424b-9868-57a2d4851a1d" />
    <TestEntry testId="50e46cb8-cffb-3738-1400-fe8d93a5bf36" executionId="b622b432-4d7e-4ec4-b930-3167bc1c8bcd" testListId="8c84fa94-04c1-424b-9868-57a2d4851a1d" />
    <TestEntry testId="f6fae18a-ad2e-2677-9848-47d8b4e8722b" executionId="7a786727-2e5b-41f8-a572-f6e450626e39" testListId="8c84fa94-04c1-424b-9868-57a2d4851a1d" />
    <TestEntry testId="607692ce-d9ad-913a-c01b-a726d8361c3f" executionId="e66397e7-7213-4cf6-910e-025a017b1277" testListId="8c84fa94-04c1-424b-9868-57a2d4851a1d" />
    <TestEntry testId="cd4a74fd-d6aa-9edc-46cf-42e0c57d2d6f" executionId="105ec747-3c34-4ea8-a062-214aacbf7b7c" testListId="8c84fa94-04c1-424b-9868-57a2d4851a1d" />
    <TestEntry testId="b5a1ec9c-efba-50d6-27f6-dccb30113c80" executionId="36c38814-4982-432a-b518-3812c5db047f" testListId="8c84fa94-04c1-424b-9868-57a2d4851a1d" />
    <TestEntry testId="acdeebda-dc97-a730-f72b-8adad6d72a12" executionId="aae97b43-9ced-4c7e-8981-71b4348e7b5b" testListId="8c84fa94-04c1-424b-9868-57a2d4851a1d" />
    <TestEntry testId="4c476855-320b-a089-aac0-48bc05a06daf" executionId="6b5bd127-b7fd-4ec8-ba50-fb67dfb8034a" testListId="8c84fa94-04c1-424b-9868-57a2d4851a1d" />
    <TestEntry testId="c22901ef-4efe-dbaf-3e73-8ce1b3fe2392" executionId="7f62015c-b214-46df-9bc4-f1340cb829d5" testListId="8c84fa94-04c1-424b-9868-57a2d4851a1d" />
    <TestEntry testId="d2915daa-2f5a-df8f-2065-a9e7a7ecfa8f" executionId="30ba8986-6acd-4a5d-a9d2-92af14e56673" testListId="8c84fa94-04c1-424b-9868-57a2d4851a1d" />
    <TestEntry testId="ee42f87e-76f9-dab0-c8e1-bdd1a6df38c5" executionId="fa1e7cfa-6362-447f-a9f5-0477176402da" testListId="8c84fa94-04c1-424b-9868-57a2d4851a1d" />
    <TestEntry testId="8a96c2c9-6de7-92a2-677c-311c56f44dfb" executionId="bde7025a-8e69-4b46-b90d-c583038f5593" testListId="8c84fa94-04c1-424b-9868-57a2d4851a1d" />
    <TestEntry testId="51ddb7b9-203d-bea5-aae2-647bb1045c8d" executionId="aa71ec2c-fdf8-4341-9880-8f208cf126ff" testListId="8c84fa94-04c1-424b-9868-57a2d4851a1d" />
    <TestEntry testId="34196a27-ceec-877a-1534-0ad13ef02f8e" executionId="e9c98baa-22ab-478e-8dae-44a32552077d" testListId="8c84fa94-04c1-424b-9868-57a2d4851a1d" />
    <TestEntry testId="71713aaf-5d5f-848f-53a9-972129459e12" executionId="f32cc52e-ec0f-440f-a5f4-9a517233031d" testListId="8c84fa94-04c1-424b-9868-57a2d4851a1d" />
    <TestEntry testId="a1383c1d-24c2-f298-c941-3b0bc5d65e32" executionId="f79c2b37-31a1-4475-830a-7cde6a8cd5b7" testListId="8c84fa94-04c1-424b-9868-57a2d4851a1d" />
    <TestEntry testId="c74efa06-54fc-004a-450f-b031280dca5f" executionId="1ceeaafd-dcb1-483f-8ec0-6c2286b9e815" testListId="8c84fa94-04c1-424b-9868-57a2d4851a1d" />
    <TestEntry testId="460657b9-140b-2240-063b-76a23862caf9" executionId="6388d22c-2370-4bf3-8f18-ecb35ddafe33" testListId="8c84fa94-04c1-424b-9868-57a2d4851a1d" />
    <TestEntry testId="e9b54d64-f76b-4059-7709-45a7f0e7e855" executionId="84a3f878-20cd-4c72-9857-227ac52b63c5" testListId="8c84fa94-04c1-424b-9868-57a2d4851a1d" />
    <TestEntry testId="21b559ad-df62-fa28-7456-d3ae515b37f4" executionId="055ac50c-bdfe-40b1-82b0-411a71b57922" testListId="8c84fa94-04c1-424b-9868-57a2d4851a1d" />
    <TestEntry testId="014bb991-e210-4198-a561-1ea36e6a9c13" executionId="b3da0dae-ac45-4a7f-94f0-09e3c6115465" testListId="8c84fa94-04c1-424b-9868-57a2d4851a1d" />
    <TestEntry testId="5d5ce1ce-dfef-b62a-1958-b2855c4d0305" executionId="ba3c0853-9a7c-4518-ab27-f957808ff035" testListId="8c84fa94-04c1-424b-9868-57a2d4851a1d" />
    <TestEntry testId="9e263691-77f1-8197-8698-8c7739de3ed1" executionId="79a1a35c-d2ee-406f-90fa-5635e432a011" testListId="8c84fa94-04c1-424b-9868-57a2d4851a1d" />
    <TestEntry testId="02a5c68e-a8d5-55d6-a5f0-8a99f693c236" executionId="a7734136-8810-485f-a09e-697696db6d10" testListId="8c84fa94-04c1-424b-9868-57a2d4851a1d" />
    <TestEntry testId="9040409d-ff41-1ee4-3413-41859d6b3560" executionId="daea8ddd-0eab-44fb-98b4-8188930968a9" testListId="8c84fa94-04c1-424b-9868-57a2d4851a1d" />
    <TestEntry testId="5434a7c0-cc16-95d0-e718-da944d3bd710" executionId="1c3a976f-56e0-4a9e-8ccf-f0591a8a62f5" testListId="8c84fa94-04c1-424b-9868-57a2d4851a1d" />
    <TestEntry testId="b22fc2ff-d2e9-6229-af68-1fa8a128f0b2" executionId="dfd9d5ed-2a51-43aa-b639-b24ee402f4f2" testListId="8c84fa94-04c1-424b-9868-57a2d4851a1d" />
    <TestEntry testId="f97c07d6-c79e-6792-aec5-40cae13baf91" executionId="c36e7595-3ba8-46eb-8679-e81ff35aa307" testListId="8c84fa94-04c1-424b-9868-57a2d4851a1d" />
    <TestEntry testId="1a5ed80b-31fa-9edf-9977-d986cb1e8e1d" executionId="b99c0490-0d5b-4cef-86ba-c0a4e661900d" testListId="8c84fa94-04c1-424b-9868-57a2d4851a1d" />
    <TestEntry testId="6513a362-7586-99fe-06c9-3880bce55ec5" executionId="23606a1c-eb5b-48eb-9b08-16cd7928bd14" testListId="8c84fa94-04c1-424b-9868-57a2d4851a1d" />
    <TestEntry testId="35a16321-597a-cf21-e1c5-00eacefa4fe6" executionId="45bee7f7-ded2-49ee-a864-3800b68a318e" testListId="8c84fa94-04c1-424b-9868-57a2d4851a1d" />
    <TestEntry testId="d8ab00bc-0a1b-9be6-ec5b-0912cb157711" executionId="89816d5c-6765-4122-a6bc-c6cb408ad85e" testListId="8c84fa94-04c1-424b-9868-57a2d4851a1d" />
    <TestEntry testId="ccf44089-d837-ef21-154b-8bc424400182" executionId="601eed2c-3a8d-4707-a215-31f1acd5c9df" testListId="8c84fa94-04c1-424b-9868-57a2d4851a1d" />
    <TestEntry testId="dddb05dc-f038-643f-0ca6-be77adfeb26d" executionId="d38efd0b-c08c-43b5-808c-4e215d3c3092" testListId="8c84fa94-04c1-424b-9868-57a2d4851a1d" />
    <TestEntry testId="9e8f8325-02f5-40d6-c526-347e0cfbaf29" executionId="fa3c0c71-eac3-4962-89d6-7ec1a5ed144e" testListId="8c84fa94-04c1-424b-9868-57a2d4851a1d" />
    <TestEntry testId="4e8c6090-82a1-d6a7-276a-839ec57dd1d4" executionId="c993bd52-8f3f-433e-846e-da1a463c8be0" testListId="8c84fa94-04c1-424b-9868-57a2d4851a1d" />
    <TestEntry testId="9402c974-f17c-f131-5a68-cca76bafe09d" executionId="5146c696-c29b-48cd-8a24-912ca8efd5db" testListId="8c84fa94-04c1-424b-9868-57a2d4851a1d" />
    <TestEntry testId="9d275ce6-7efc-3e8f-9ccf-4a0309de2e06" executionId="a4bef165-b730-4301-819d-658bd885b7cb" testListId="8c84fa94-04c1-424b-9868-57a2d4851a1d" />
    <TestEntry testId="3164209d-17e5-0efd-f874-022401969ff2" executionId="eb32a955-f76a-4be2-95d9-66b3521a806a" testListId="8c84fa94-04c1-424b-9868-57a2d4851a1d" />
    <TestEntry testId="d4d79da0-b2ef-366b-9228-bab94436f448" executionId="22fda54d-88bc-49a7-82f6-17b998abaeab" testListId="8c84fa94-04c1-424b-9868-57a2d4851a1d" />
    <TestEntry testId="75bfc7ef-894d-f70f-7e3b-b822c5e6249f" executionId="07132c71-749e-4790-a0a2-57329a848f30" testListId="8c84fa94-04c1-424b-9868-57a2d4851a1d" />
    <TestEntry testId="cfdacb90-642d-2b9e-da19-1905d7ba1892" executionId="5144cfae-bb77-4a2b-866b-97606e5fa753" testListId="8c84fa94-04c1-424b-9868-57a2d4851a1d" />
    <TestEntry testId="2605f120-228b-701d-b7e8-650173819492" executionId="69b9fd58-b5ba-4264-9b71-34656c94c10c" testListId="8c84fa94-04c1-424b-9868-57a2d4851a1d" />
    <TestEntry testId="63e3d58e-77fe-7338-b4b2-5c415ed1e848" executionId="147e0108-bd87-422e-bb0a-d72d075ed9ff" testListId="8c84fa94-04c1-424b-9868-57a2d4851a1d" />
    <TestEntry testId="3c4a8dbc-f203-f5c2-5853-8bf56a4fbb7a" executionId="b94626ad-0768-41b5-93f0-08b8c7be0a10" testListId="8c84fa94-04c1-424b-9868-57a2d4851a1d" />
    <TestEntry testId="8d8bb28b-c96b-7c96-82f9-2f5d5cd133a4" executionId="93a92ac8-840d-40b9-9ddd-67a934b21206" testListId="8c84fa94-04c1-424b-9868-57a2d4851a1d" />
    <TestEntry testId="a25dbc1e-9062-0ee9-d717-a8c96e681368" executionId="a2a949f8-9867-4a3b-b3fd-ec77cc2c600e" testListId="8c84fa94-04c1-424b-9868-57a2d4851a1d" />
    <TestEntry testId="fedfa35e-6880-68f0-e203-0871803ddfef" executionId="9ab89c3f-d66f-4b17-9886-ca2cdbd9f332" testListId="8c84fa94-04c1-424b-9868-57a2d4851a1d" />
    <TestEntry testId="2933d78f-9b5e-7f9d-5d86-010c98506a2d" executionId="b536360c-9c6d-4fa2-9b6f-bb8506217dca" testListId="8c84fa94-04c1-424b-9868-57a2d4851a1d" />
    <TestEntry testId="abaa0fb6-9b6a-2c30-af11-e003a576c6a6" executionId="254f6812-a350-44db-8d0e-7abd5c474615" testListId="8c84fa94-04c1-424b-9868-57a2d4851a1d" />
    <TestEntry testId="37e0a575-b1f4-8a64-66cd-841cc5096015" executionId="b101143a-65ae-4d84-bf1a-d8c307e8263d" testListId="8c84fa94-04c1-424b-9868-57a2d4851a1d" />
    <TestEntry testId="8344f76a-2b82-d12a-fea3-dc428798b826" executionId="f3cf8397-d5c8-4c26-b708-ef20c5847262" testListId="8c84fa94-04c1-424b-9868-57a2d4851a1d" />
    <TestEntry testId="a740fbf0-9aa2-cd52-dab0-01c20d647d43" executionId="3f16522a-f0e7-4da9-9646-851501c34398" testListId="8c84fa94-04c1-424b-9868-57a2d4851a1d" />
    <TestEntry testId="2d702fc6-7b20-a656-2e48-b8bfa8dc6b8b" executionId="770084a4-5da2-453d-9b8e-be4248b318d0" testListId="8c84fa94-04c1-424b-9868-57a2d4851a1d" />
    <TestEntry testId="070017ab-b10d-4a6b-6803-f0763996f7d1" executionId="4f1102e8-5fee-4dff-9b30-b0c286db5b4d" testListId="8c84fa94-04c1-424b-9868-57a2d4851a1d" />
    <TestEntry testId="93a44ca8-76fe-bb9b-ae02-8cb54081d6e2" executionId="9b872028-f2ed-4bca-a312-a11aa9a90e4a" testListId="8c84fa94-04c1-424b-9868-57a2d4851a1d" />
    <TestEntry testId="cad1cfa7-3b93-a8d3-5efb-8a137a6eec78" executionId="0086bf94-9615-4e3c-959a-f572392ebb80" testListId="8c84fa94-04c1-424b-9868-57a2d4851a1d" />
    <TestEntry testId="199b66d3-ae3f-aade-849f-dd6e71b6b64c" executionId="aa568586-7faa-40d8-8863-7032084b4ad2" testListId="8c84fa94-04c1-424b-9868-57a2d4851a1d" />
    <TestEntry testId="ae7e4216-6c43-151b-b40f-2949a789d7a6" executionId="3ae48dfc-7c71-4ac5-8c96-fc652b43d278" testListId="8c84fa94-04c1-424b-9868-57a2d4851a1d" />
    <TestEntry testId="47607c4c-e7ac-953f-458b-a3c0040bf011" executionId="0f380712-e7e0-476c-ba34-8db5bd51e7ca" testListId="8c84fa94-04c1-424b-9868-57a2d4851a1d" />
    <TestEntry testId="521bdd45-0d41-c462-176b-42a5e54cc114" executionId="8990e38f-2c30-4acf-ab6c-8456bd01050b" testListId="8c84fa94-04c1-424b-9868-57a2d4851a1d" />
    <TestEntry testId="1f015b0c-07e3-2dd6-685e-bb75494d743a" executionId="15aa5dec-4634-46a1-bcbd-7170c3030446" testListId="8c84fa94-04c1-424b-9868-57a2d4851a1d" />
    <TestEntry testId="50e0d0eb-7245-8173-ffb3-7f134f8650a4" executionId="55c1bcb2-4865-4797-959e-3bc7489ce4c4" testListId="8c84fa94-04c1-424b-9868-57a2d4851a1d" />
    <TestEntry testId="aaef23ea-7d4f-464a-f3c4-a3b6ae89c399" executionId="9fa5594d-1227-46ae-ab7a-b67048ee8fd2" testListId="8c84fa94-04c1-424b-9868-57a2d4851a1d" />
    <TestEntry testId="9668ec61-f6ad-c200-83ec-c575bc32c092" executionId="504d9ea0-3fdd-440d-8fa2-f7617905eaec" testListId="8c84fa94-04c1-424b-9868-57a2d4851a1d" />
    <TestEntry testId="0b552305-9a3c-ae3d-211e-4f06f0749f1a" executionId="ffd76b3d-553b-48b8-af0b-a9b8460c49dc" testListId="8c84fa94-04c1-424b-9868-57a2d4851a1d" />
    <TestEntry testId="e5d8a18f-07af-3300-6380-5893f036ee01" executionId="d43c1fa7-d569-4ea5-b6b2-371fafc00812" testListId="8c84fa94-04c1-424b-9868-57a2d4851a1d" />
    <TestEntry testId="c14017f0-ad81-ccaa-1f10-437776dc6ea8" executionId="d80a6660-a249-436a-b63f-00ad07d87113" testListId="8c84fa94-04c1-424b-9868-57a2d4851a1d" />
    <TestEntry testId="828ef787-afd5-c441-6789-6eda6598e6c8" executionId="be06d554-7833-4638-9185-9801d8920845" testListId="8c84fa94-04c1-424b-9868-57a2d4851a1d" />
    <TestEntry testId="ea7c8f3d-8a16-b2f3-b86d-92e1bbc9b9c7" executionId="6d95c353-fb61-4469-9652-3f3520dd7941" testListId="8c84fa94-04c1-424b-9868-57a2d4851a1d" />
    <TestEntry testId="ce255936-1b10-d498-bcfd-2601c485ce39" executionId="c223755d-0f6f-4e68-88a9-91fa6a47ea04" testListId="8c84fa94-04c1-424b-9868-57a2d4851a1d" />
    <TestEntry testId="d94f0f94-5dd6-5846-2e1a-43577eb31456" executionId="e1a08b20-3ac7-4e5f-a755-90c52cae55e2" testListId="8c84fa94-04c1-424b-9868-57a2d4851a1d" />
    <TestEntry testId="cbac9dff-c46f-1fae-a420-d6e5e875cd44" executionId="489a5d85-3bdc-456c-8da8-ad87ecaa3462" testListId="8c84fa94-04c1-424b-9868-57a2d4851a1d" />
    <TestEntry testId="15c8ff39-d173-a012-a398-b8dcf40711af" executionId="20b2d118-64a2-43ea-86eb-c3d5b66c6078" testListId="8c84fa94-04c1-424b-9868-57a2d4851a1d" />
    <TestEntry testId="10824584-b0ef-c30e-5e75-e9428713871e" executionId="b8d1de3e-4dbf-4721-992f-3e6af74e364f" testListId="8c84fa94-04c1-424b-9868-57a2d4851a1d" />
    <TestEntry testId="8ece25b2-85c1-6c5c-6450-bff475f02b6b" executionId="053e7de4-b66e-4e8b-8def-cd2d9fad06c1" testListId="8c84fa94-04c1-424b-9868-57a2d4851a1d" />
    <TestEntry testId="2c92206f-910a-b4af-c919-e3a119b0a747" executionId="c6d61cdf-aa66-4150-a1c6-d5b2c3247708" testListId="8c84fa94-04c1-424b-9868-57a2d4851a1d" />
    <TestEntry testId="5fb5ca8d-2b3c-1e3c-db7a-47c6ee32b770" executionId="658dd019-1a99-4e05-b3a5-cc9c14da48ca" testListId="8c84fa94-04c1-424b-9868-57a2d4851a1d" />
    <TestEntry testId="02bcd648-f213-e33f-0087-08a2823f154a" executionId="5eb9656a-227e-4b6e-9456-f9e6ac446a34" testListId="8c84fa94-04c1-424b-9868-57a2d4851a1d" />
    <TestEntry testId="04e6627c-fea8-4a3b-5994-ffc3bbebad08" executionId="6fc6d9a3-d1fd-420c-8536-626e8f06cd69" testListId="8c84fa94-04c1-424b-9868-57a2d4851a1d" />
    <TestEntry testId="a24d2938-8b8c-cfc6-8442-4b8e53130137" executionId="dacff738-b9ec-41c9-ba8e-7650edda602c" testListId="8c84fa94-04c1-424b-9868-57a2d4851a1d" />
    <TestEntry testId="fe6f8eb7-9e45-eeda-d481-7ce0c15e65c1" executionId="82f8c634-e2c0-4549-b0bb-27205e0e3bfa" testListId="8c84fa94-04c1-424b-9868-57a2d4851a1d" />
    <TestEntry testId="b534c2a4-de2d-8897-f7e0-dddebd64f9c9" executionId="7e3f4512-0245-45c0-84fd-b725550712d0" testListId="8c84fa94-04c1-424b-9868-57a2d4851a1d" />
    <TestEntry testId="60288a6f-cda2-3d1b-005c-ed5d7b4eab90" executionId="34016b97-7d73-4e2d-8ce6-b36588bb3e51" testListId="8c84fa94-04c1-424b-9868-57a2d4851a1d" />
    <TestEntry testId="7ee73049-9fdf-3f50-ffdb-fe86cbdad9da" executionId="896ef8d7-5e03-4357-9b9b-3058bc291a94" testListId="8c84fa94-04c1-424b-9868-57a2d4851a1d" />
    <TestEntry testId="2988c6e9-72a8-0c7c-a354-29ca48799c77" executionId="66b9bd22-e3a0-415e-900f-d1425c143205" testListId="8c84fa94-04c1-424b-9868-57a2d4851a1d" />
    <TestEntry testId="1fe02c7d-840c-85b9-a599-0d65d4be7904" executionId="816501e5-6243-44b9-8134-88db46932fcc" testListId="8c84fa94-04c1-424b-9868-57a2d4851a1d" />
    <TestEntry testId="94902b9c-8ccb-9e95-a875-a13953f7dd4e" executionId="dd4a3c45-c5bd-453a-a7c0-bb2c2e44e739" testListId="8c84fa94-04c1-424b-9868-57a2d4851a1d" />
    <TestEntry testId="8ab69463-7ecf-1f86-4159-d154b370e1e0" executionId="8a369a90-7a82-4ab7-931c-839bd5aea1eb" testListId="8c84fa94-04c1-424b-9868-57a2d4851a1d" />
    <TestEntry testId="6e05f086-3ad3-b5e2-47c5-d7b514255409" executionId="744853e0-c342-4141-9ef9-f514768ee5a9" testListId="8c84fa94-04c1-424b-9868-57a2d4851a1d" />
    <TestEntry testId="6d2326d2-1132-af41-2236-2760df0fdb19" executionId="f0bb049d-c9e7-4b26-83c3-e54b2ddd2b88" testListId="8c84fa94-04c1-424b-9868-57a2d4851a1d" />
    <TestEntry testId="961e74af-cf3b-f482-5921-8b5ffbc3313d" executionId="da972507-2a81-47ec-8273-d1d14a973507" testListId="8c84fa94-04c1-424b-9868-57a2d4851a1d" />
    <TestEntry testId="4a6b21bb-5bba-4983-b68d-5e6937cebf15" executionId="36d4f548-304c-4f95-95d7-2bb129c3799a" testListId="8c84fa94-04c1-424b-9868-57a2d4851a1d" />
    <TestEntry testId="26a11d24-5430-325a-f86e-03d3ca9c8af1" executionId="813c5d5c-2cb8-4f78-9979-c63dd25112a6" testListId="8c84fa94-04c1-424b-9868-57a2d4851a1d" />
    <TestEntry testId="e42eb884-a502-43a5-d5eb-c36e2990c151" executionId="9cf35e8e-84fa-4b06-a468-d3083fe44e79" testListId="8c84fa94-04c1-424b-9868-57a2d4851a1d" />
    <TestEntry testId="a37dfa91-edcb-1f50-e5b8-8ef48cf05477" executionId="b06307f7-8b82-4361-b8b7-c637b390291f" testListId="8c84fa94-04c1-424b-9868-57a2d4851a1d" />
    <TestEntry testId="ec3dc390-40fa-2306-12dc-573ec97177fd" executionId="dd163e29-3360-4fb8-ac80-4c968bb3c238" testListId="8c84fa94-04c1-424b-9868-57a2d4851a1d" />
    <TestEntry testId="53f8fdc8-702b-5ac8-9e59-2a1d5c6a6117" executionId="6bfce62c-796f-47a2-9682-99f907a09215" testListId="8c84fa94-04c1-424b-9868-57a2d4851a1d" />
    <TestEntry testId="d64d5aae-2b27-1d91-cbfc-0ea8ed8f26e1" executionId="728a09df-7fac-408b-b1df-ad698accf4ae" testListId="8c84fa94-04c1-424b-9868-57a2d4851a1d" />
    <TestEntry testId="8f3b4f99-afdc-9597-8d92-9e2b1e15d907" executionId="fb277f93-6c5a-43e5-aed1-25fe9c605396" testListId="8c84fa94-04c1-424b-9868-57a2d4851a1d" />
    <TestEntry testId="21ece2aa-5b05-eb9f-6dfa-8fc89eabf1d3" executionId="dd0c15bc-5210-489e-a3b2-251ecfd884a2" testListId="8c84fa94-04c1-424b-9868-57a2d4851a1d" />
    <TestEntry testId="85fce7c7-8cd1-075e-36ed-c440375e909a" executionId="621b2091-c9e1-4502-801a-749fd342a339" testListId="8c84fa94-04c1-424b-9868-57a2d4851a1d" />
    <TestEntry testId="20cf9a06-255a-d92d-afcd-8dfc739bd6b9" executionId="a998c364-1e87-407f-9e32-ec49aab4b07a" testListId="8c84fa94-04c1-424b-9868-57a2d4851a1d" />
    <TestEntry testId="2b0ddda1-fce4-b042-1aa2-8a51e8069254" executionId="0677f049-8084-49be-878f-0a1cedcaa6f3" testListId="8c84fa94-04c1-424b-9868-57a2d4851a1d" />
    <TestEntry testId="b1f41409-c3ed-2f26-8c3f-9b18c1d05f5c" executionId="3a0eb96e-0244-4634-afe0-9b2effead55a" testListId="8c84fa94-04c1-424b-9868-57a2d4851a1d" />
    <TestEntry testId="a4ae177a-07cb-a89d-81d1-b440a5ecad36" executionId="b2fbfeb0-b492-4cff-8301-63bac1657147" testListId="8c84fa94-04c1-424b-9868-57a2d4851a1d" />
    <TestEntry testId="f61ab098-e5a8-c322-1966-eafc396e82e7" executionId="d6cae2d1-f980-4b1d-a398-2ad026e2c882" testListId="8c84fa94-04c1-424b-9868-57a2d4851a1d" />
    <TestEntry testId="1ed4df3f-11ca-65e7-52ba-19aab1472d4e" executionId="9f5f861d-54e5-4419-b554-56be0a09bc44" testListId="8c84fa94-04c1-424b-9868-57a2d4851a1d" />
    <TestEntry testId="b9130c8e-9d83-6cc3-522b-ffedde30dd42" executionId="ade1f24c-a3b5-4268-8bd7-0db8a7b7630b" testListId="8c84fa94-04c1-424b-9868-57a2d4851a1d" />
    <TestEntry testId="b683ad91-b12d-09a2-f3e7-de1598a6765a" executionId="588eba54-3ae1-4862-989f-9ca069d47d8a" testListId="8c84fa94-04c1-424b-9868-57a2d4851a1d" />
    <TestEntry testId="602dc06d-2e03-b254-bc33-ff556e01d42c" executionId="c44c236a-b705-46e9-8bb1-10adf2e346f9" testListId="8c84fa94-04c1-424b-9868-57a2d4851a1d" />
    <TestEntry testId="b7ec63b1-0492-6e05-fe11-6e2f7a61b929" executionId="7d9231bb-131f-41b8-9785-d9a08bd74782" testListId="8c84fa94-04c1-424b-9868-57a2d4851a1d" />
    <TestEntry testId="11404e7c-7edb-e531-9c6e-76c1e9d74073" executionId="72dd9f23-cdc6-4750-8d2e-5044b8d99504" testListId="8c84fa94-04c1-424b-9868-57a2d4851a1d" />
    <TestEntry testId="bdf1081a-26c2-c8c7-9407-30b311fea481" executionId="11f2487d-4fd0-4a89-8be6-3a77b4b0e450" testListId="8c84fa94-04c1-424b-9868-57a2d4851a1d" />
    <TestEntry testId="bb6da51d-3cfc-e61e-30bd-82c9fa83aa16" executionId="d0028167-5653-47b4-80a9-a673a5af6065" testListId="8c84fa94-04c1-424b-9868-57a2d4851a1d" />
    <TestEntry testId="6fb66f34-924f-519a-0dc3-4b14db8627a0" executionId="d0edb8c9-407e-4fb5-b7c3-51d48a50e695" testListId="8c84fa94-04c1-424b-9868-57a2d4851a1d" />
    <TestEntry testId="e9ea5347-0b8e-820b-619d-2931921f2a9d" executionId="5df83f3d-e73d-4d7e-9652-94e2d7856d94" testListId="8c84fa94-04c1-424b-9868-57a2d4851a1d" />
    <TestEntry testId="1160c5d9-3b03-8b7c-d2ae-f7a44929d311" executionId="46fb2093-32bc-48f3-a9a4-4eef4216c093" testListId="8c84fa94-04c1-424b-9868-57a2d4851a1d" />
    <TestEntry testId="792cb16d-f91f-d7a2-bf2a-18f4a208d9a6" executionId="0edafb5d-fc93-40bc-831e-71f17834a7b0" testListId="8c84fa94-04c1-424b-9868-57a2d4851a1d" />
    <TestEntry testId="9ae42ec2-98be-00f5-c3e2-5fe90424eff6" executionId="9b8467f6-8ade-4c3e-a024-1e3410e695ce" testListId="8c84fa94-04c1-424b-9868-57a2d4851a1d" />
    <TestEntry testId="4783053d-2f52-f4a3-164e-3fc995b4bfc4" executionId="3f402f79-830d-40c2-bc0d-49c5ae1ecd81" testListId="8c84fa94-04c1-424b-9868-57a2d4851a1d" />
    <TestEntry testId="a38e0aa9-55dd-8990-1ea8-62c9cdd5455d" executionId="f9aa7627-4897-4479-8e76-d1fc4e0bdfe4" testListId="8c84fa94-04c1-424b-9868-57a2d4851a1d" />
    <TestEntry testId="f9d1dc0b-347a-174a-749b-b738a8744e4b" executionId="d87d1107-8d68-42f2-bad1-cd9d95d3aec0" testListId="8c84fa94-04c1-424b-9868-57a2d4851a1d" />
    <TestEntry testId="6996c8e0-08a0-bfff-fca5-a05e55543939" executionId="7efbb984-c782-45e0-8cdf-b1f39973ec47" testListId="8c84fa94-04c1-424b-9868-57a2d4851a1d" />
    <TestEntry testId="7b2097a1-e30d-1da0-745e-238447ccb557" executionId="e6de14d9-b658-40ff-b3f6-14da2ed00936" testListId="8c84fa94-04c1-424b-9868-57a2d4851a1d" />
    <TestEntry testId="0b427970-7f06-1e6c-dbf4-7d3298a97e17" executionId="03de20ad-4cb5-440a-b276-64bbb73251ac" testListId="8c84fa94-04c1-424b-9868-57a2d4851a1d" />
    <TestEntry testId="ea4821c7-26a1-2537-47ce-e237cc6ee815" executionId="a77afeaa-6f19-47d2-a71f-25d9e9932139" testListId="8c84fa94-04c1-424b-9868-57a2d4851a1d" />
    <TestEntry testId="3f64cf55-1663-03c1-53b4-20fe58d327f0" executionId="743abbab-c334-4878-9df1-ce983f120721" testListId="8c84fa94-04c1-424b-9868-57a2d4851a1d" />
    <TestEntry testId="7a702412-b890-3df3-5368-b92412527630" executionId="4401696d-8ade-42a0-8c11-b7a9be1898b5" testListId="8c84fa94-04c1-424b-9868-57a2d4851a1d" />
    <TestEntry testId="831a4700-4280-3ccd-21d8-f5f604ea12d2" executionId="75cc5dfe-52f1-40a0-96dd-c381cb6a3457" testListId="8c84fa94-04c1-424b-9868-57a2d4851a1d" />
    <TestEntry testId="3db0fc72-d7ad-dd65-723e-e1b395e7c54e" executionId="1833b586-f885-4a75-9f28-646a9052a623" testListId="8c84fa94-04c1-424b-9868-57a2d4851a1d" />
    <TestEntry testId="3af7f087-b7b3-0534-145c-6c01dbaa4992" executionId="000067bb-b367-4c6d-8a9e-5ec2e311810b" testListId="8c84fa94-04c1-424b-9868-57a2d4851a1d" />
    <TestEntry testId="1996b3d4-502f-e720-be7d-7edc086c3d5e" executionId="2559f603-44d4-43fe-89f8-14ec7371337b" testListId="8c84fa94-04c1-424b-9868-57a2d4851a1d" />
    <TestEntry testId="e1147cf7-e114-c0f6-ec05-af3a859e7d84" executionId="0ff00964-3441-4901-bbbd-fbb380552a1c" testListId="8c84fa94-04c1-424b-9868-57a2d4851a1d" />
    <TestEntry testId="37fb5746-cd94-a682-2a5a-0f0a8c0c7c60" executionId="fc1479dc-1e29-40fa-b0e9-7d0bc91d5840" testListId="8c84fa94-04c1-424b-9868-57a2d4851a1d" />
    <TestEntry testId="030414c7-bb4d-d636-f810-945d8c6a1e71" executionId="3558dfda-485e-4c06-8855-33d99f710cff" testListId="8c84fa94-04c1-424b-9868-57a2d4851a1d" />
    <TestEntry testId="5247f914-d515-1ff4-acca-c3d5e02af252" executionId="41613e1f-d41c-41e2-8c1f-fba8cfe47a21" testListId="8c84fa94-04c1-424b-9868-57a2d4851a1d" />
    <TestEntry testId="20f48aed-1e6c-3774-d5cc-1668524098ab" executionId="64f2504d-6114-407e-b53a-a73a0e27d97e" testListId="8c84fa94-04c1-424b-9868-57a2d4851a1d" />
    <TestEntry testId="650d24b9-a276-9623-9991-78f255056e80" executionId="a22f65a3-2066-436c-8f78-40edc63b1736" testListId="8c84fa94-04c1-424b-9868-57a2d4851a1d" />
    <TestEntry testId="f9209f61-9c57-ae25-9c7a-160281aa2755" executionId="8054f1ae-ce59-4252-b7ae-024bdf0e56c3" testListId="8c84fa94-04c1-424b-9868-57a2d4851a1d" />
    <TestEntry testId="b4d6d17f-df18-f9fd-dc55-d919392c93da" executionId="fa260c71-3a25-4c64-b584-cc74a1857154" testListId="8c84fa94-04c1-424b-9868-57a2d4851a1d" />
    <TestEntry testId="37910af0-e6f1-a5fe-7138-781f3aa9bdd2" executionId="4e226a4c-adba-4338-b2e2-14eeaff666cb" testListId="8c84fa94-04c1-424b-9868-57a2d4851a1d" />
    <TestEntry testId="bb207594-bb0f-fb30-170e-6bebf8c1e41d" executionId="ed9634c7-5bff-4946-80c7-7ba38598de1f" testListId="8c84fa94-04c1-424b-9868-57a2d4851a1d" />
    <TestEntry testId="811d2d85-72f5-81dc-da5e-fa6233c93a0a" executionId="a4111460-968e-48dd-a9e4-651c581db146" testListId="8c84fa94-04c1-424b-9868-57a2d4851a1d" />
    <TestEntry testId="67bcce03-d474-bfa1-ea71-cde16b0abd49" executionId="7b836715-6b11-4663-adfb-ba73953edc7b" testListId="8c84fa94-04c1-424b-9868-57a2d4851a1d" />
    <TestEntry testId="c00250a9-ac70-9935-505f-dcd62ec7e2c8" executionId="0fc15dc7-0bde-42c6-9a5a-c3353e8e1802" testListId="8c84fa94-04c1-424b-9868-57a2d4851a1d" />
    <TestEntry testId="e4f648f2-0672-2b28-d6c9-33370a86b335" executionId="453b06c3-a09c-4933-a3b2-6219ad37af5c" testListId="8c84fa94-04c1-424b-9868-57a2d4851a1d" />
    <TestEntry testId="324d6929-56cf-f8dd-7a85-5e3044dd8b90" executionId="5a1f5d24-857e-46ab-9a58-bf5b837f6827" testListId="8c84fa94-04c1-424b-9868-57a2d4851a1d" />
    <TestEntry testId="d315d4a8-7093-dfe1-f195-162981862df8" executionId="01f076f8-05b2-44da-838b-ffc83c729ba1" testListId="8c84fa94-04c1-424b-9868-57a2d4851a1d" />
    <TestEntry testId="5da8c5dc-8ba7-124b-a743-a3a3e93bca01" executionId="0a7031d4-2cad-4dc6-8d70-e98427dcf08a" testListId="8c84fa94-04c1-424b-9868-57a2d4851a1d" />
    <TestEntry testId="b201038f-d230-3fcc-a842-1395635e3b05" executionId="7196ca1e-8f4f-40cb-8dad-c519543d8d28" testListId="8c84fa94-04c1-424b-9868-57a2d4851a1d" />
    <TestEntry testId="44301343-d884-c888-5daa-8bf33fcc30de" executionId="cd1c027d-a824-4228-841f-9db849e74b33" testListId="8c84fa94-04c1-424b-9868-57a2d4851a1d" />
    <TestEntry testId="0b688f41-c47e-a7e7-8e10-e6bdbcffe353" executionId="210fb166-e08c-462a-95f4-a31e2ba535f0" testListId="8c84fa94-04c1-424b-9868-57a2d4851a1d" />
    <TestEntry testId="88e33ecc-1d69-5a15-9df5-5b622ecf64fa" executionId="f5316f69-d4ab-47c8-a64e-9a3b587567ad" testListId="8c84fa94-04c1-424b-9868-57a2d4851a1d" />
    <TestEntry testId="c17985eb-b37f-87fe-c770-bf32daacfbfc" executionId="5def5c6a-1286-4f95-81e6-bc722db908a3" testListId="8c84fa94-04c1-424b-9868-57a2d4851a1d" />
    <TestEntry testId="a48d558c-8190-a77f-a87d-a0c438140dd6" executionId="0521d401-15c7-49ec-af42-bb528f3c7b64" testListId="8c84fa94-04c1-424b-9868-57a2d4851a1d" />
    <TestEntry testId="09569d09-2516-706e-d9b6-9e01c0be7776" executionId="1dea8f76-d5c9-4547-98ff-5e2ade161f68" testListId="8c84fa94-04c1-424b-9868-57a2d4851a1d" />
    <TestEntry testId="1f5d248f-73b7-ff37-ee73-daed54890e10" executionId="68784284-e93a-4053-90a1-fe5d241c2873" testListId="8c84fa94-04c1-424b-9868-57a2d4851a1d" />
    <TestEntry testId="0fb9c2a6-ea9b-e8a0-a382-04b6cf31ab2d" executionId="1548b998-7768-4db1-be0b-af41c55d53d7" testListId="8c84fa94-04c1-424b-9868-57a2d4851a1d" />
    <TestEntry testId="4258ec35-f944-5fda-746a-95233f9dcbef" executionId="cfbd9505-39c2-4737-9641-9064b9997b07" testListId="8c84fa94-04c1-424b-9868-57a2d4851a1d" />
    <TestEntry testId="c2671202-eec0-eb61-aaf8-b6ed3b317f8b" executionId="286eb4b1-bf4a-444c-ac6a-ac49b0fa321b" testListId="8c84fa94-04c1-424b-9868-57a2d4851a1d" />
    <TestEntry testId="4e2eb5fa-c2ba-a2ca-9cc3-2b7a38a14ebf" executionId="1c3bcaa8-1cb4-49f0-b476-c4d71aeffc4a" testListId="8c84fa94-04c1-424b-9868-57a2d4851a1d" />
    <TestEntry testId="ee55fce2-f1e0-e02e-131a-8b7e8d63f669" executionId="be07babb-ab30-4bba-8497-5dfb24d00414" testListId="8c84fa94-04c1-424b-9868-57a2d4851a1d" />
    <TestEntry testId="3edc7d70-d2cc-b78d-21c0-d53a11fde45f" executionId="3943ca2a-c4a5-4635-836b-e9dd2aed9cc0" testListId="8c84fa94-04c1-424b-9868-57a2d4851a1d" />
    <TestEntry testId="9dd600bd-7eff-5241-1cff-fe245da5daab" executionId="82dcde19-be90-4c55-8a24-b8e396daa208" testListId="8c84fa94-04c1-424b-9868-57a2d4851a1d" />
    <TestEntry testId="775bb72a-5183-39b4-039e-e0e23a1976ab" executionId="3bb7f848-ecf8-4a08-b2f0-18e597f89d44" testListId="8c84fa94-04c1-424b-9868-57a2d4851a1d" />
    <TestEntry testId="d131dd26-db8b-de9b-d86a-4b7b06f36702" executionId="b00f3455-5c09-40bc-b8c2-0590529cb8a6" testListId="8c84fa94-04c1-424b-9868-57a2d4851a1d" />
    <TestEntry testId="74b7eab0-017c-ab67-0513-7a91e4a07ac5" executionId="a11e299f-12ff-4f71-9803-77ad368adabd" testListId="8c84fa94-04c1-424b-9868-57a2d4851a1d" />
    <TestEntry testId="223437d7-9528-f75b-bdaa-04ae404f0ddd" executionId="1a7cd3d4-22ef-4260-845a-9b192d24e8d7" testListId="8c84fa94-04c1-424b-9868-57a2d4851a1d" />
    <TestEntry testId="fdb790fe-0df4-f51f-fe4f-df1e95a5f558" executionId="aab411e0-eb17-4d7b-af59-3687011b20d1" testListId="8c84fa94-04c1-424b-9868-57a2d4851a1d" />
    <TestEntry testId="83921641-4a25-dc4d-d456-f6312452f936" executionId="c200e589-87f5-4f2d-a363-870012e2b30c" testListId="8c84fa94-04c1-424b-9868-57a2d4851a1d" />
    <TestEntry testId="5cc34387-ceda-5527-6996-7e8b322a8655" executionId="a51638ca-0e5f-4c59-b490-2937eef55d60" testListId="8c84fa94-04c1-424b-9868-57a2d4851a1d" />
    <TestEntry testId="6ff685fd-526a-bf1d-9b26-1797b3a232bf" executionId="aefdb98c-3191-4df2-a607-5eec586577be" testListId="8c84fa94-04c1-424b-9868-57a2d4851a1d" />
    <TestEntry testId="facab277-3a24-70a6-9997-48fee33f5612" executionId="f3871f50-a5c9-47d3-9dd0-523ee8954742" testListId="8c84fa94-04c1-424b-9868-57a2d4851a1d" />
    <TestEntry testId="8e1cd980-f0bb-93ca-77d0-9148ca9c4d67" executionId="dbf3808c-dc8c-4286-9098-961a96d043b4" testListId="8c84fa94-04c1-424b-9868-57a2d4851a1d" />
    <TestEntry testId="41f86925-900c-d030-da0d-121d966754ef" executionId="22d72545-d273-4ab3-aca3-8ba1b7aae55c" testListId="8c84fa94-04c1-424b-9868-57a2d4851a1d" />
    <TestEntry testId="239476df-0f59-876f-8e57-595caa988d44" executionId="cd0065d6-e33e-4628-bf8e-fa2b47146589" testListId="8c84fa94-04c1-424b-9868-57a2d4851a1d" />
    <TestEntry testId="091530ba-fe2f-c00c-1db1-cb3e585f294c" executionId="8eaa4d8b-06ed-44ba-9ec0-7959f3df2652" testListId="8c84fa94-04c1-424b-9868-57a2d4851a1d" />
    <TestEntry testId="84324c5d-7da7-f9ce-0616-e7ba25587da8" executionId="d5039eaf-d14a-4714-a10e-0ae299a8b807" testListId="8c84fa94-04c1-424b-9868-57a2d4851a1d" />
    <TestEntry testId="62b9fc9b-83f4-c639-183f-4922d8cc804d" executionId="1bb3ab2c-0bca-4c3a-97c2-95173218fbe8" testListId="8c84fa94-04c1-424b-9868-57a2d4851a1d" />
    <TestEntry testId="e0a7365a-ad4d-0da4-c7ec-e8c8531859b3" executionId="1dada1e1-bbc4-49c1-8771-113e408846eb" testListId="8c84fa94-04c1-424b-9868-57a2d4851a1d" />
    <TestEntry testId="6fd438e4-dc9d-fb54-7c5c-386af97e259c" executionId="5af3b03f-dea6-4c85-85cb-3e3a697dd841" testListId="8c84fa94-04c1-424b-9868-57a2d4851a1d" />
    <TestEntry testId="e41c5fa9-9a65-735d-15f8-59b35276c506" executionId="9a191547-5a8f-4c17-92bd-e7848c781297" testListId="8c84fa94-04c1-424b-9868-57a2d4851a1d" />
    <TestEntry testId="f878432b-12f0-1786-7600-b1ff9fc6794c" executionId="927b0f86-afcb-469b-9de2-9bf88a5a5dd8" testListId="8c84fa94-04c1-424b-9868-57a2d4851a1d" />
    <TestEntry testId="20f8962c-5092-11a0-6422-f1f46c1e62a3" executionId="cfe616bf-7fe3-4fcd-b173-2701e57b1639" testListId="8c84fa94-04c1-424b-9868-57a2d4851a1d" />
    <TestEntry testId="8bf51081-fafc-8979-8161-7893d9418115" executionId="e9e2671f-b55c-4d6a-beeb-3efaf8cecd9e" testListId="8c84fa94-04c1-424b-9868-57a2d4851a1d" />
    <TestEntry testId="ac3dfe4b-2b70-c976-7ea4-71f60efbb0e1" executionId="4cdd81f8-4c47-42ee-823b-c9f9a77099c6" testListId="8c84fa94-04c1-424b-9868-57a2d4851a1d" />
    <TestEntry testId="cd4672a1-22dc-345f-2c24-c937272932c6" executionId="f6cc760a-2f06-4be1-8e2c-f1c221b41bf5" testListId="8c84fa94-04c1-424b-9868-57a2d4851a1d" />
    <TestEntry testId="5cbe2fb0-0e31-b162-2ddc-c583c1192cd1" executionId="9b8e0ff2-909b-4a12-baeb-903c601e7830" testListId="8c84fa94-04c1-424b-9868-57a2d4851a1d" />
    <TestEntry testId="55bf2929-b444-c088-260d-e1f54a53793f" executionId="9091b6d3-13f9-4555-b713-76a30d51d790" testListId="8c84fa94-04c1-424b-9868-57a2d4851a1d" />
    <TestEntry testId="dd73bd6b-a286-7dfa-e085-1f1796e3abf4" executionId="ddc0b1d6-c089-4d86-aa78-e1871d42dcd3" testListId="8c84fa94-04c1-424b-9868-57a2d4851a1d" />
    <TestEntry testId="ca1ba1e8-3744-cbcf-07b6-cf659aea1b5b" executionId="522216e7-06f5-4b14-9317-705cb3dc66f7" testListId="8c84fa94-04c1-424b-9868-57a2d4851a1d" />
    <TestEntry testId="99f9fd62-ac7d-78fb-11ef-288f41ae274b" executionId="7c528b99-9631-48b4-b474-4d8f02ff37e7" testListId="8c84fa94-04c1-424b-9868-57a2d4851a1d" />
    <TestEntry testId="3b988a63-fef4-339e-a743-51559db35a54" executionId="c9ad6bda-64a9-4ce7-92ef-4b312a71eee6" testListId="8c84fa94-04c1-424b-9868-57a2d4851a1d" />
    <TestEntry testId="4ebed83d-6835-8971-b4b9-e9a7030b58d9" executionId="e924c475-f675-435b-883d-c3f09c6fed19" testListId="8c84fa94-04c1-424b-9868-57a2d4851a1d" />
    <TestEntry testId="54594980-824f-3671-8585-c0ee0df957ef" executionId="fd4f0ee0-f4b6-49d8-8c7a-30d1f53f38c7" testListId="8c84fa94-04c1-424b-9868-57a2d4851a1d" />
    <TestEntry testId="2580aeca-e356-6765-6580-fe71204d9b54" executionId="e920a99c-0b75-4626-bcb6-17849bbbe246" testListId="8c84fa94-04c1-424b-9868-57a2d4851a1d" />
    <TestEntry testId="20425a98-ac9b-d8ef-0106-f6abe6744cde" executionId="eb025490-d2ea-4fd3-8948-716c59bd7696" testListId="8c84fa94-04c1-424b-9868-57a2d4851a1d" />
    <TestEntry testId="3ec67fea-5dc6-222c-dc57-4a5c36836eb7" executionId="4b533734-ee06-4258-bc08-c0f81cd78806" testListId="8c84fa94-04c1-424b-9868-57a2d4851a1d" />
    <TestEntry testId="bdbe67fc-c4b5-ffd2-9d15-29eaea468cd3" executionId="79749efc-cf14-4bf9-82f6-495060c3cbe1" testListId="8c84fa94-04c1-424b-9868-57a2d4851a1d" />
    <TestEntry testId="824726c2-43c6-84ce-f1b2-7be76f2ed9ef" executionId="3d6540c7-6f4e-40ab-b918-1d019aceb1bd" testListId="8c84fa94-04c1-424b-9868-57a2d4851a1d" />
    <TestEntry testId="54d25c6f-dc20-daf2-4e1d-b092fe675c39" executionId="7c051371-763f-491c-9282-e60a15974221" testListId="8c84fa94-04c1-424b-9868-57a2d4851a1d" />
    <TestEntry testId="4dad2563-00d9-d9fe-66d8-9e23a8e0b44f" executionId="cba93a49-329c-4749-86f9-d027f8f6720a" testListId="8c84fa94-04c1-424b-9868-57a2d4851a1d" />
    <TestEntry testId="bccf4cb6-374e-946c-2c8b-599e30165b27" executionId="3a6ee66a-3381-4924-80f5-91105dbd0f4d" testListId="8c84fa94-04c1-424b-9868-57a2d4851a1d" />
    <TestEntry testId="30d72bb8-bb99-a497-ea48-8dc8e58a3e0d" executionId="fecafb22-feed-4617-a462-03cc90d7b72c" testListId="8c84fa94-04c1-424b-9868-57a2d4851a1d" />
    <TestEntry testId="4f75dcfb-0277-2bdc-92d3-cc3daff103b9" executionId="90f4dde0-183b-4d25-8b45-f728fd9d3939" testListId="8c84fa94-04c1-424b-9868-57a2d4851a1d" />
    <TestEntry testId="5f07c322-8294-68d5-231b-4a60daaa4c46" executionId="18a2005b-9835-4162-bf0b-334b1f3176dc" testListId="8c84fa94-04c1-424b-9868-57a2d4851a1d" />
    <TestEntry testId="2698abb0-970e-68a1-e045-11a57211a3c2" executionId="89b7c91f-8f51-450b-b063-052b990c1e09" testListId="8c84fa94-04c1-424b-9868-57a2d4851a1d" />
    <TestEntry testId="7d27d824-0743-e376-9195-513be1f269d1" executionId="6d5f0cc0-1df6-48db-970a-e116d76fb3ee" testListId="8c84fa94-04c1-424b-9868-57a2d4851a1d" />
    <TestEntry testId="3cef07fc-fcc7-2fc0-892c-cfda8322bbb5" executionId="abdd5634-4954-4a08-8838-7a56803803bb" testListId="8c84fa94-04c1-424b-9868-57a2d4851a1d" />
    <TestEntry testId="137ad688-21c5-7950-f5f5-f73ab8951791" executionId="210f1eb1-d951-4278-bfc8-bc869cbfed5f" testListId="8c84fa94-04c1-424b-9868-57a2d4851a1d" />
    <TestEntry testId="6ea25f34-c5cc-0441-bee5-06b40fda8ee3" executionId="be9a92ca-7d4b-4699-a6f8-48e730231778" testListId="8c84fa94-04c1-424b-9868-57a2d4851a1d" />
    <TestEntry testId="4842b873-c97f-c447-58e9-28fdcf7fe08e" executionId="1ac6aefb-e707-4f0a-a849-1de301ccb362" testListId="8c84fa94-04c1-424b-9868-57a2d4851a1d" />
    <TestEntry testId="e6cf7354-a8a6-7200-c1dc-f1390bf8a393" executionId="fd6f9cb6-4959-4d4b-99ed-25d3f3dc6372" testListId="8c84fa94-04c1-424b-9868-57a2d4851a1d" />
    <TestEntry testId="88daf2ce-efc6-44a5-8795-43fb6f1fbf52" executionId="38cae2b1-9d09-40d0-bdd9-6e09ad9d134a" testListId="8c84fa94-04c1-424b-9868-57a2d4851a1d" />
    <TestEntry testId="d34706a4-7950-d591-a268-b776543bf69d" executionId="f16d4f2b-8b19-459f-b411-f47b532a5909" testListId="8c84fa94-04c1-424b-9868-57a2d4851a1d" />
    <TestEntry testId="d5120fcc-cbac-a310-957a-6519ed43b078" executionId="1ff85a06-17c9-440c-b0e2-d0218bd6c07a" testListId="8c84fa94-04c1-424b-9868-57a2d4851a1d" />
    <TestEntry testId="dd3c3a60-8205-afc0-6c6b-c7fa7c584838" executionId="76350066-82a3-435f-9057-ff4478406acb" testListId="8c84fa94-04c1-424b-9868-57a2d4851a1d" />
    <TestEntry testId="89ea8517-ba94-19d6-fc04-c6e2ee009c09" executionId="b0d9ba18-dfe5-4917-807b-71f8b45e9972" testListId="8c84fa94-04c1-424b-9868-57a2d4851a1d" />
    <TestEntry testId="560e69fa-0fa9-aa07-2de2-6ff26e5cacea" executionId="5ce987a0-0eb6-4de0-aae7-307358fbd157" testListId="8c84fa94-04c1-424b-9868-57a2d4851a1d" />
    <TestEntry testId="27498d42-7bbc-c38f-fb94-d07994a07cdc" executionId="21afd3a3-37ff-4251-a7ac-55c87b2b5991" testListId="8c84fa94-04c1-424b-9868-57a2d4851a1d" />
    <TestEntry testId="8e608111-2482-a69f-8834-32bc755d3893" executionId="4f135a3e-1810-4160-afb9-f6f06c652f29" testListId="8c84fa94-04c1-424b-9868-57a2d4851a1d" />
    <TestEntry testId="57cafb90-8600-81f7-33df-07cc1aad79dc" executionId="29a3feee-619e-48d7-bc2b-70b0576d835f" testListId="8c84fa94-04c1-424b-9868-57a2d4851a1d" />
    <TestEntry testId="5e8a7617-f723-e9ed-71bb-da38cf5557d7" executionId="15505c86-2ffb-4b80-afd8-be38728d865b" testListId="8c84fa94-04c1-424b-9868-57a2d4851a1d" />
    <TestEntry testId="246ae01f-d162-d755-db6d-d087eacbfb62" executionId="bf0d6f4c-310d-4420-b9df-0f097dd3f611" testListId="8c84fa94-04c1-424b-9868-57a2d4851a1d" />
    <TestEntry testId="268d5a21-ac9e-4e74-553d-d96f5454f6a5" executionId="d7cd14b7-7643-4733-a488-b769b5cee900" testListId="8c84fa94-04c1-424b-9868-57a2d4851a1d" />
    <TestEntry testId="13c32928-d3d0-38ae-6cc6-920f38100b74" executionId="5214c0c3-6b31-4813-962e-840d2db1af4c" testListId="8c84fa94-04c1-424b-9868-57a2d4851a1d" />
    <TestEntry testId="064a40b7-4414-721c-b888-a78177031ee8" executionId="6d898f7e-eb7e-46ee-bdfc-ccc05a31a5f2" testListId="8c84fa94-04c1-424b-9868-57a2d4851a1d" />
    <TestEntry testId="94421dcd-1197-85ae-01f5-f60d4f7fcf6c" executionId="cfa38984-bfcd-489a-83d3-77582784e99e" testListId="8c84fa94-04c1-424b-9868-57a2d4851a1d" />
    <TestEntry testId="e7cc7186-2673-8199-a8c8-5cfc7ab4d6dd" executionId="c60eda97-dde6-4bfc-87db-e8fc80abad82" testListId="8c84fa94-04c1-424b-9868-57a2d4851a1d" />
    <TestEntry testId="b3ff4076-6744-0bb7-0212-2bb49c946c00" executionId="38603ef9-96b6-4964-9b9f-dea40d3453d0" testListId="8c84fa94-04c1-424b-9868-57a2d4851a1d" />
    <TestEntry testId="103411f4-685a-6ac1-1878-c1276766ef48" executionId="52cfcb71-eb3e-49af-9773-35465096f36f" testListId="8c84fa94-04c1-424b-9868-57a2d4851a1d" />
    <TestEntry testId="b57b6d91-ad4c-2a37-0eea-35646e89bedd" executionId="32861a76-21a8-485c-834c-f38e3f75ac6d" testListId="8c84fa94-04c1-424b-9868-57a2d4851a1d" />
    <TestEntry testId="08c2e0c0-1347-5284-6bb8-16e1c89ccb18" executionId="3110f0b6-38d8-4e0c-a214-c0a6ac72a44d" testListId="8c84fa94-04c1-424b-9868-57a2d4851a1d" />
    <TestEntry testId="a217a913-b791-95a5-866a-798f3e2995c9" executionId="4f0fa692-a8ef-481d-bc35-f9067bdb64e9" testListId="8c84fa94-04c1-424b-9868-57a2d4851a1d" />
    <TestEntry testId="995898c9-3176-c650-4198-443359757cf6" executionId="2576599c-c0c8-445c-a69e-80e900cbbab9" testListId="8c84fa94-04c1-424b-9868-57a2d4851a1d" />
    <TestEntry testId="486f2d4e-862f-b7d0-0ff0-5dc28ba0a17d" executionId="6608b323-dd38-416c-9585-643840878f48" testListId="8c84fa94-04c1-424b-9868-57a2d4851a1d" />
    <TestEntry testId="aca4d5ad-1c9b-c802-daeb-95a056e1dffe" executionId="59cf0b85-e85d-4bc7-9c40-a7c3d6c76dcf" testListId="8c84fa94-04c1-424b-9868-57a2d4851a1d" />
    <TestEntry testId="112610a4-4560-9baa-c234-22f91ee6fbaf" executionId="33f4e834-8a6b-4508-b13b-c60ed5966baa" testListId="8c84fa94-04c1-424b-9868-57a2d4851a1d" />
    <TestEntry testId="0679e0f5-1558-0cf5-47c4-c47e9ac2abff" executionId="182b23c3-dee5-4f9f-a0e0-e26dd78cb414" testListId="8c84fa94-04c1-424b-9868-57a2d4851a1d" />
    <TestEntry testId="b5ac5ac6-ee6f-2fae-da61-a14730c5b67f" executionId="658c2765-db11-45fe-8054-912f0a0d2741" testListId="8c84fa94-04c1-424b-9868-57a2d4851a1d" />
    <TestEntry testId="61e58a8d-8776-7946-2f5a-7ade5be897fa" executionId="1c23cab9-e9c4-48fa-a041-0f70af56d406" testListId="8c84fa94-04c1-424b-9868-57a2d4851a1d" />
    <TestEntry testId="7f74b32f-3c4a-e7ef-d888-6778dc71ab50" executionId="efa6058f-b174-4ba2-a71b-2fe1d1b931a3" testListId="8c84fa94-04c1-424b-9868-57a2d4851a1d" />
    <TestEntry testId="2627f119-e8a5-4430-1919-8ee30c0b561d" executionId="e157c3ec-1328-4647-b144-d2c3cc41b76b" testListId="8c84fa94-04c1-424b-9868-57a2d4851a1d" />
    <TestEntry testId="976aee34-4917-6995-10e6-86b8ca5eef0f" executionId="180d8f0b-180d-484a-9080-f6d610619893" testListId="8c84fa94-04c1-424b-9868-57a2d4851a1d" />
    <TestEntry testId="1659e2e1-078f-341b-0cfb-f59dda1952ab" executionId="48fc442e-668a-41a4-b9b5-72ec3900dab1" testListId="8c84fa94-04c1-424b-9868-57a2d4851a1d" />
    <TestEntry testId="0ffefbd3-a6e7-d608-090a-0192afaa4d82" executionId="c828f071-0b19-42f0-b4c4-a4fb182c122b" testListId="8c84fa94-04c1-424b-9868-57a2d4851a1d" />
    <TestEntry testId="85221abc-5b6f-d1ce-2e6b-cf874117f35e" executionId="794a5a5f-cac4-4815-ba16-e21b8ad55a0f" testListId="8c84fa94-04c1-424b-9868-57a2d4851a1d" />
    <TestEntry testId="d11e39e1-04f9-204c-9f0f-b32d163913dc" executionId="57e5d1aa-82b2-4c19-b4e7-0bbfbe6f001b" testListId="8c84fa94-04c1-424b-9868-57a2d4851a1d" />
    <TestEntry testId="b9e21d8c-3ddd-a1c0-4f8b-75ec7a46549b" executionId="93e2ba18-8d9e-4f16-b92b-e8977a6c21cf" testListId="8c84fa94-04c1-424b-9868-57a2d4851a1d" />
    <TestEntry testId="342b73f6-2859-1a11-5c38-736f3244c606" executionId="95af85f7-90cf-4a1a-af08-4cc8ac5979c2" testListId="8c84fa94-04c1-424b-9868-57a2d4851a1d" />
    <TestEntry testId="d15b7f98-3554-6b24-805b-0de6db3ececb" executionId="6f86da00-4cea-439f-a538-2e08a62ad7a3" testListId="8c84fa94-04c1-424b-9868-57a2d4851a1d" />
    <TestEntry testId="7afd44d1-6cdf-409d-7077-63d339735f4e" executionId="6d0dc849-8165-4ef3-9a3c-8589232b632d" testListId="8c84fa94-04c1-424b-9868-57a2d4851a1d" />
    <TestEntry testId="ba8f7378-090a-2641-181b-d47d856f1c40" executionId="2055c694-9284-4ef5-915b-e63a83a27c16" testListId="8c84fa94-04c1-424b-9868-57a2d4851a1d" />
    <TestEntry testId="57665be6-41a6-a79e-fa5a-6cb5e4d12320" executionId="9e40b3ba-8b18-47b3-9131-4d33e6cda797" testListId="8c84fa94-04c1-424b-9868-57a2d4851a1d" />
    <TestEntry testId="094c5718-da43-3007-1e10-b3d9e851d275" executionId="df1596a3-d816-4a63-9120-c62761dd330b" testListId="8c84fa94-04c1-424b-9868-57a2d4851a1d" />
    <TestEntry testId="92cc9c71-ec15-863d-b9f8-3aa43a78bfd8" executionId="ce99f029-1442-44af-8e00-3ece9c02de53" testListId="8c84fa94-04c1-424b-9868-57a2d4851a1d" />
    <TestEntry testId="1b4f6424-00d7-80fc-397d-ca110018694f" executionId="fa12e3bb-0675-46c8-937e-1f0eeea153e6" testListId="8c84fa94-04c1-424b-9868-57a2d4851a1d" />
    <TestEntry testId="c75aec8a-633a-6e53-7147-bd05d2a42767" executionId="6f7ca328-fcfe-4204-bb4b-18e09d65f713" testListId="8c84fa94-04c1-424b-9868-57a2d4851a1d" />
    <TestEntry testId="ffc2f231-3796-544f-ac40-4ff508739cbb" executionId="32403a86-cc92-4683-a1ff-72c9347ead0d" testListId="8c84fa94-04c1-424b-9868-57a2d4851a1d" />
    <TestEntry testId="a893537d-e6d4-68f8-c84b-dc52a5a7bdbd" executionId="3e2ee705-0c31-4ea0-9551-b70d5bd1738d" testListId="8c84fa94-04c1-424b-9868-57a2d4851a1d" />
    <TestEntry testId="fe730865-2892-db3d-7097-9bb89a0f72c6" executionId="898abaff-401f-4678-9734-be4249de5eab" testListId="8c84fa94-04c1-424b-9868-57a2d4851a1d" />
    <TestEntry testId="f4e400af-adaa-653c-7739-14c2956be5e1" executionId="0d57b7d7-984b-4a59-8b67-c7522f1fcc11" testListId="8c84fa94-04c1-424b-9868-57a2d4851a1d" />
    <TestEntry testId="a15ebbdc-1135-c3e6-aa16-da54eb3856ea" executionId="a24ef004-5e6f-41ec-bea5-bcb9c52c51ef" testListId="8c84fa94-04c1-424b-9868-57a2d4851a1d" />
    <TestEntry testId="d1c3c18f-4297-c4a6-f06b-9b0ca293dec5" executionId="f601629f-ff33-47aa-abe2-694269560746" testListId="8c84fa94-04c1-424b-9868-57a2d4851a1d" />
    <TestEntry testId="f5cee685-06e6-5e74-b3df-2251547fd175" executionId="4e68a0d3-6267-4cec-a229-57a41617ef8d" testListId="8c84fa94-04c1-424b-9868-57a2d4851a1d" />
    <TestEntry testId="b33228ae-5200-3eaf-6ae6-c19f5e7f8288" executionId="3233f165-8fcf-4165-a9c6-1a56517fb759" testListId="8c84fa94-04c1-424b-9868-57a2d4851a1d" />
    <TestEntry testId="aac946e7-c21e-0fab-5585-3a355bdc1d40" executionId="2f1848fb-593b-481c-b092-f20c2469ae90" testListId="8c84fa94-04c1-424b-9868-57a2d4851a1d" />
    <TestEntry testId="dca76539-28aa-3685-bd41-315f80308950" executionId="19f0e3ec-336b-4f33-afde-6f27872950a1" testListId="8c84fa94-04c1-424b-9868-57a2d4851a1d" />
    <TestEntry testId="c334bc67-8ff9-4161-02ad-25619016df5f" executionId="1a1cdf91-ccf8-4626-80f7-9f0eb3feab50" testListId="8c84fa94-04c1-424b-9868-57a2d4851a1d" />
    <TestEntry testId="fbdd6967-4ef8-9ce7-9005-2f3c653c2ea2" executionId="47dad841-5efe-46e6-99aa-dfcd968fb8db" testListId="8c84fa94-04c1-424b-9868-57a2d4851a1d" />
    <TestEntry testId="881aee88-0885-86de-0d65-0a933a92e7c3" executionId="c569dd53-a1d3-4d4f-b080-6a2031c150d1" testListId="8c84fa94-04c1-424b-9868-57a2d4851a1d" />
    <TestEntry testId="2e2ba133-dfa3-73a4-19a6-a0369a18ebcc" executionId="1cbe117f-c714-4353-9a63-fc0a90d53bcb" testListId="8c84fa94-04c1-424b-9868-57a2d4851a1d" />
    <TestEntry testId="30c0fe40-dbaf-084d-fb6c-0bc34dcf7606" executionId="ac3b6fb6-903c-451c-8379-6bbb8373366b" testListId="8c84fa94-04c1-424b-9868-57a2d4851a1d" />
    <TestEntry testId="1ac7044b-d9a1-7803-0a4f-ce737c5e24f1" executionId="1353701d-5224-4c74-ae41-d3b4d6ca62cb" testListId="8c84fa94-04c1-424b-9868-57a2d4851a1d" />
    <TestEntry testId="898e1435-3690-2fd5-8ce0-e6d73cc3d59c" executionId="ecaca1d4-28d2-4018-ba02-6dfc3736d49c" testListId="8c84fa94-04c1-424b-9868-57a2d4851a1d" />
    <TestEntry testId="4fadf45a-56f2-c010-4098-8fe90cd2a5e3" executionId="d55729b2-6589-4187-9990-9e2d0b8591ac" testListId="8c84fa94-04c1-424b-9868-57a2d4851a1d" />
    <TestEntry testId="9a55c708-d962-076a-f8e4-d8ec5dc295cc" executionId="62e07d32-8900-4d42-88c1-154693c6762b" testListId="8c84fa94-04c1-424b-9868-57a2d4851a1d" />
    <TestEntry testId="f8d3c84c-0871-1507-fccd-0fe0f76809c0" executionId="2655cee4-5ae2-410b-9947-61780cac59ff" testListId="8c84fa94-04c1-424b-9868-57a2d4851a1d" />
    <TestEntry testId="7fe8dd67-f18b-0b92-ac3b-d19aad03b760" executionId="e9c918df-33d9-4d76-b651-313d90be57ca" testListId="8c84fa94-04c1-424b-9868-57a2d4851a1d" />
    <TestEntry testId="80e59a76-986a-dbc8-dce4-bff838813140" executionId="6f1a9778-ef78-4257-8fa9-ebbd4ff342f9" testListId="8c84fa94-04c1-424b-9868-57a2d4851a1d" />
    <TestEntry testId="564c14ba-d484-d5d9-1f0e-86cced11558c" executionId="8202f638-e5cd-4b23-a949-0018659b0b59" testListId="8c84fa94-04c1-424b-9868-57a2d4851a1d" />
    <TestEntry testId="e0c30c38-4acf-7edb-0311-7e2ff9a258c6" executionId="5f527e17-70a4-48fe-994c-5f9d4c388f7d" testListId="8c84fa94-04c1-424b-9868-57a2d4851a1d" />
    <TestEntry testId="b9bae4db-82da-0419-5a25-0bc7c49962ce" executionId="feebde93-d8b4-4753-987b-4b5de7544c35" testListId="8c84fa94-04c1-424b-9868-57a2d4851a1d" />
    <TestEntry testId="70ceb465-3a7f-7a9e-f78b-a3e5795571d2" executionId="617a4f1c-381a-4396-81c6-5eb3640a1f88" testListId="8c84fa94-04c1-424b-9868-57a2d4851a1d" />
    <TestEntry testId="db7de401-b646-d928-1a5f-89bb54cdcee8" executionId="2a6c4f89-050b-4f54-8785-e31b63b0cc5b" testListId="8c84fa94-04c1-424b-9868-57a2d4851a1d" />
    <TestEntry testId="9b3f1de6-5ced-afd7-143c-4ccc2375e488" executionId="9c8e5bae-da7e-4f0f-b14a-9d4ce5846600" testListId="8c84fa94-04c1-424b-9868-57a2d4851a1d" />
    <TestEntry testId="04d32b04-a6b3-be0c-303a-92162a097429" executionId="bd1174b1-9430-47ac-868a-6c14d010fcaa" testListId="8c84fa94-04c1-424b-9868-57a2d4851a1d" />
    <TestEntry testId="3593faca-3b71-6a5c-b854-16983be47203" executionId="70b8bc58-f0b6-4d00-9c01-5d0fd0e3be7e" testListId="8c84fa94-04c1-424b-9868-57a2d4851a1d" />
    <TestEntry testId="a1b6542a-b65b-8d00-567a-da1f4995f2ec" executionId="da99cd70-81ce-4faf-8762-1e669921988b" testListId="8c84fa94-04c1-424b-9868-57a2d4851a1d" />
    <TestEntry testId="f98068f9-99f7-ff5b-d168-ef651dd264ce" executionId="93a60b24-7301-4209-b02b-068b2680a476" testListId="8c84fa94-04c1-424b-9868-57a2d4851a1d" />
    <TestEntry testId="25894435-1855-c2d6-e621-cd9632fe96ea" executionId="c99cc032-6c4a-483f-9ac6-6d61f28cb8dd" testListId="8c84fa94-04c1-424b-9868-57a2d4851a1d" />
    <TestEntry testId="4c25d9c4-7195-e009-f47f-314745602d75" executionId="e3bb9c96-246b-47e8-bd5e-49d69ddf2667" testListId="8c84fa94-04c1-424b-9868-57a2d4851a1d" />
    <TestEntry testId="e355f905-ea73-21e7-9afa-7777ac3e2710" executionId="ef13d612-b046-48a1-bb4a-8596d4e3f969" testListId="8c84fa94-04c1-424b-9868-57a2d4851a1d" />
    <TestEntry testId="e06aa9c2-2f66-b89a-8e9f-e1f5d3b102d6" executionId="dd7230f4-c1bd-442d-83a8-f0ea7aa9cd92" testListId="8c84fa94-04c1-424b-9868-57a2d4851a1d" />
    <TestEntry testId="743b9db0-6a0f-7501-ff12-756b83ece87a" executionId="a5c23c08-56c7-406d-9aa8-07f1e0c94769" testListId="8c84fa94-04c1-424b-9868-57a2d4851a1d" />
    <TestEntry testId="be8a5657-5dbf-cc26-1424-1f563209b9bd" executionId="283c7168-325f-4d9b-9a3a-4b0be6e620b3" testListId="8c84fa94-04c1-424b-9868-57a2d4851a1d" />
    <TestEntry testId="13601ec6-61f0-b258-ec6f-80d29fd448e1" executionId="4ff45b75-e962-4859-88ed-a0a394a19190" testListId="8c84fa94-04c1-424b-9868-57a2d4851a1d" />
    <TestEntry testId="72caf7c5-5a44-3398-6059-60ed1b0451dd" executionId="cbba7456-bb6b-4411-80cf-6cc07affefe0" testListId="8c84fa94-04c1-424b-9868-57a2d4851a1d" />
    <TestEntry testId="73c684e6-c886-4823-96f9-b9a8feb5cb2f" executionId="8345a81f-1a6a-4523-b66d-189daf6f7b7a" testListId="8c84fa94-04c1-424b-9868-57a2d4851a1d" />
    <TestEntry testId="49f414c6-759e-10c7-56c6-a3de5733e99b" executionId="8471f740-4aec-4a03-a83d-7f8eb6e78f6b" testListId="8c84fa94-04c1-424b-9868-57a2d4851a1d" />
    <TestEntry testId="a30fc66d-627a-89ef-95f1-4ebe1ee9d820" executionId="7e482262-2cbd-4a82-87b9-06bb22ecfa10" testListId="8c84fa94-04c1-424b-9868-57a2d4851a1d" />
    <TestEntry testId="0e5e57e7-156f-1afb-4215-734dfc901d81" executionId="9b3aa376-7022-4c24-9bf1-00232fb196fc" testListId="8c84fa94-04c1-424b-9868-57a2d4851a1d" />
    <TestEntry testId="972f9fed-3d68-00b6-f92a-5aba0bc45ad4" executionId="f9e4b6c5-6f04-4431-9d8d-0fccabf4d087" testListId="8c84fa94-04c1-424b-9868-57a2d4851a1d" />
    <TestEntry testId="4fd63e89-7a7b-2905-6d68-24d99fb54d1a" executionId="0d1269ea-354c-4b7e-86b5-9ea4fa08b5d9" testListId="8c84fa94-04c1-424b-9868-57a2d4851a1d" />
    <TestEntry testId="da0185d2-8ac7-fc8e-ec2a-ef10f8179250" executionId="d6340685-5252-4e3d-8b9d-7f50c895884b" testListId="8c84fa94-04c1-424b-9868-57a2d4851a1d" />
    <TestEntry testId="06894ed5-2df1-e54f-2874-93dd297ad943" executionId="ec8a27f1-10b6-44b9-89f4-3dd50a7678a0" testListId="8c84fa94-04c1-424b-9868-57a2d4851a1d" />
    <TestEntry testId="06111c50-7e5d-ae8d-e57b-4555dcb06eea" executionId="fe2c6545-8927-43f3-b27d-8bab15bc676c" testListId="8c84fa94-04c1-424b-9868-57a2d4851a1d" />
    <TestEntry testId="47858b52-dec3-79cc-8ffc-6f311ff9916e" executionId="13b47e6a-7e70-46ad-b75a-513558eceb7a" testListId="8c84fa94-04c1-424b-9868-57a2d4851a1d" />
    <TestEntry testId="a6d51157-180c-99fc-79ca-7f2ea244e7e9" executionId="8a529054-037e-4e36-bb86-f39720d0be71" testListId="8c84fa94-04c1-424b-9868-57a2d4851a1d" />
    <TestEntry testId="a4e7e6b0-f47f-77cc-78fc-8bb726fd1e88" executionId="bc8e4714-f2f3-4ac1-bf47-bd2352cc289f" testListId="8c84fa94-04c1-424b-9868-57a2d4851a1d" />
    <TestEntry testId="0c3b74ae-390f-47dd-e7b2-211ff8e28a83" executionId="aa9c286f-2918-495d-ba47-89b43a2a8311" testListId="8c84fa94-04c1-424b-9868-57a2d4851a1d" />
    <TestEntry testId="8d3ecfb5-4f4c-425b-4ea5-1bf251a4964d" executionId="9ee4ebaf-81eb-475c-a771-d66fde41a704" testListId="8c84fa94-04c1-424b-9868-57a2d4851a1d" />
    <TestEntry testId="de68b978-331f-70de-d76a-a01f3e3bf43a" executionId="e6d80143-cbe6-46e5-9bba-fe26e144e6bd" testListId="8c84fa94-04c1-424b-9868-57a2d4851a1d" />
    <TestEntry testId="9662224f-b457-65d9-c99b-6097f83310c7" executionId="c51a2add-7981-4d81-8b0d-92d20d6f898c" testListId="8c84fa94-04c1-424b-9868-57a2d4851a1d" />
    <TestEntry testId="26fa2272-a607-859c-73fa-9a3b57cf6e18" executionId="59f3afd5-8417-4642-9483-142bcb8bf283" testListId="8c84fa94-04c1-424b-9868-57a2d4851a1d" />
    <TestEntry testId="4ad3d293-a459-4607-b5a6-c41dabb71206" executionId="28adf26a-d95c-4fa2-acef-86a12e2a868e" testListId="8c84fa94-04c1-424b-9868-57a2d4851a1d" />
    <TestEntry testId="26283692-6ea5-ef23-5227-803d8498a28b" executionId="7b621c32-0212-4493-abe1-4bb8bb505c2c" testListId="8c84fa94-04c1-424b-9868-57a2d4851a1d" />
    <TestEntry testId="b1429e09-1d3a-6942-4336-fea0cfeb2f67" executionId="7a0373e6-b864-4cf5-bafb-54b3338dbb40" testListId="8c84fa94-04c1-424b-9868-57a2d4851a1d" />
    <TestEntry testId="e8c563f6-2a49-d4ae-5b78-4cd29410569d" executionId="d5eef905-7da0-4e4d-9743-98ab79e1f369" testListId="8c84fa94-04c1-424b-9868-57a2d4851a1d" />
    <TestEntry testId="50c7a51c-2a6b-67d6-f233-f5a26a2ef5b0" executionId="595b2bfa-2095-41a9-9abd-187d1ce1feac" testListId="8c84fa94-04c1-424b-9868-57a2d4851a1d" />
    <TestEntry testId="ed207763-465e-ee16-6e7a-77de3bd2081f" executionId="1b995f1f-f0f9-4aaf-a183-8d50df2bd001" testListId="8c84fa94-04c1-424b-9868-57a2d4851a1d" />
    <TestEntry testId="508081dd-dca9-3012-b00b-9eb9373a2d4d" executionId="cb32f472-05b3-4e96-8306-a55411e67b97" testListId="8c84fa94-04c1-424b-9868-57a2d4851a1d" />
    <TestEntry testId="f8fed124-5949-da98-15a4-9b82c6c49818" executionId="ff478224-67be-4ed2-9a30-296df52bb078" testListId="8c84fa94-04c1-424b-9868-57a2d4851a1d" />
    <TestEntry testId="bbc0d264-8ce0-2864-98f6-f8803cb7a31f" executionId="be4f2421-435e-4514-8b3e-0de5d36e6fa8" testListId="8c84fa94-04c1-424b-9868-57a2d4851a1d" />
    <TestEntry testId="274c137f-2a4d-ebfe-99a3-10f166ce5eef" executionId="b57622a0-71a7-427b-98cf-44d698a8bd57" testListId="8c84fa94-04c1-424b-9868-57a2d4851a1d" />
    <TestEntry testId="2dcffbb8-8fa5-47a6-b32e-a51aa99ef28f" executionId="3547e61f-9a00-4dcc-9520-63914c952492" testListId="8c84fa94-04c1-424b-9868-57a2d4851a1d" />
    <TestEntry testId="4f4538ec-4913-9bf7-26f1-4b9cf7115972" executionId="3e6162c9-0a1e-46b0-ab0d-22098cd49142" testListId="8c84fa94-04c1-424b-9868-57a2d4851a1d" />
  </TestEntries>
  <TestLists>
    <TestList name="Results Not in a List" id="8c84fa94-04c1-424b-9868-57a2d4851a1d" />
    <TestList name="All Loaded Results" id="19431567-8539-422a-85d7-44ee4e166bda" />
  </TestLists>
  <ResultSummary outcome="Completed">
    <Counters total="662" executed="662" passed="662" failed="0" error="0" timeout="0" aborted="0" inconclusive="0" passedButRunAborted="0" notRunnable="0" notExecuted="0" disconnected="0" warning="0" completed="0" inProgress="0" pending="0" />
  </ResultSummary>
</TestRun>