<?xml version="1.0" encoding="utf-8"?>
<TestRun id="d218ce31-9d06-43f5-bcb4-3511e3dc5523" name="DKSR-EFI-06$@DKSR-EFI-06 2024-01-09 15:44:27" runUser="NT AUTHORITY\NETWORK SERVICE" xmlns="http://microsoft.com/schemas/VisualStudio/TeamTest/2010">
  <Times creation="2024-01-09T15:44:27.0605588+01:00" queuing="2024-01-09T15:44:27.0605588+01:00" start="2024-01-09T15:44:15.5917951+01:00" finish="2024-01-09T15:45:58.4702452+01:00" />
  <TestSettings name="default" id="60c63765-6c18-463f-8458-3a28018789e8">
    <Deployment runDeploymentRoot="DKSR-EFI-06$_DKSR-EFI-06_2024-01-09_15_44_27" />
  </TestSettings>
  <Results>
    <UnitTestResult executionId="c3f7042c-fb0f-44da-a159-fadbb4c10c68" testId="c9e3fbeb-75b1-7c7b-7b60-e4644d8dd577" testName="Given_ReceivedMessageContainsSuccessStatus_When_IsSuccessStatusCode_ThenResultFollowingStatusIsReturned" computerName="DKSR-EFI-06" duration="00:00:00.0020182" startTime="2024-01-09T15:45:23.2325369+01:00" endTime="2024-01-09T15:45:23.2325369+01:00" testType="13cdc9d9-ddb5-4fa4-a97d-d965ccfc6d4b" outcome="Passed" testListId="8c84fa94-04c1-424b-9868-57a2d4851a1d" relativeResultsDirectory="c3f7042c-fb0f-44da-a159-fadbb4c10c68" />
    <UnitTestResult executionId="965b56f5-96a2-4987-9234-5dd49f905257" testId="c46fb142-69b0-d140-f581-d0b790df6efa" testName="DomainCompareFail" computerName="DKSR-EFI-06" duration="00:00:00.0011664" startTime="2024-01-09T15:45:21.8887875+01:00" endTime="2024-01-09T15:45:21.9044131+01:00" testType="13cdc9d9-ddb5-4fa4-a97d-d965ccfc6d4b" outcome="Passed" testListId="8c84fa94-04c1-424b-9868-57a2d4851a1d" relativeResultsDirectory="965b56f5-96a2-4987-9234-5dd49f905257" />
    <UnitTestResult executionId="8af6ce01-b0d2-4dec-8066-9512da9908cc" testId="da0d6c3d-ad33-93ae-336e-57f6ca95658e" testName="LiveStop_ConnectedAndNotPlayingPlayback_AvoidsToolkitReentry" computerName="DKSR-EFI-06" duration="00:00:00.0048646" startTime="2024-01-09T15:45:56.9075294+01:00" endTime="2024-01-09T15:45:56.9075294+01:00" testType="13cdc9d9-ddb5-4fa4-a97d-d965ccfc6d4b" outcome="Passed" testListId="8c84fa94-04c1-424b-9868-57a2d4851a1d" relativeResultsDirectory="8af6ce01-b0d2-4dec-8066-9512da9908cc" />
    <UnitTestResult executionId="cc32682e-0185-4278-a921-b7b4dc67dd68" testId="704ef10a-b575-fe4f-2673-b021ecba942f" testName="StripXmlHeader_WhenEmptyString_ReturnsEmpty" computerName="DKSR-EFI-06" duration="00:00:00.0001454" startTime="2024-01-09T15:45:18.7481553+01:00" endTime="2024-01-09T15:45:18.7481553+01:00" testType="13cdc9d9-ddb5-4fa4-a97d-d965ccfc6d4b" outcome="Passed" testListId="8c84fa94-04c1-424b-9868-57a2d4851a1d" relativeResultsDirectory="cc32682e-0185-4278-a921-b7b4dc67dd68" />
    <UnitTestResult executionId="a6ce754c-ba99-405a-82d4-197d77387d13" testId="1e673d72-09b3-76fe-7a9c-ca4edce9473e" testName="LogoutByUri_WhenSystemInfoNotNull_AlsoCallsEnvironmentManagerLogout" computerName="DKSR-EFI-06" duration="00:00:00.0400482" startTime="2024-01-09T15:44:27.2949352+01:00" endTime="2024-01-09T15:44:27.3456993+01:00" testType="13cdc9d9-ddb5-4fa4-a97d-d965ccfc6d4b" outcome="Passed" testListId="8c84fa94-04c1-424b-9868-57a2d4851a1d" relativeResultsDirectory="a6ce754c-ba99-405a-82d4-197d77387d13" />
    <UnitTestResult executionId="499dd1cd-e87f-4050-b984-5edb6d31dc07" testId="2103768b-e3ae-bb7b-a558-43eb22b0beac" testName="GetBitmapFirst" computerName="DKSR-EFI-06" duration="00:00:02.0211367" startTime="2024-01-09T15:44:44.0918322+01:00" endTime="2024-01-09T15:44:46.1230885+01:00" testType="13cdc9d9-ddb5-4fa4-a97d-d965ccfc6d4b" outcome="Passed" testListId="8c84fa94-04c1-424b-9868-57a2d4851a1d" relativeResultsDirectory="499dd1cd-e87f-4050-b984-5edb6d31dc07">
      <Output>
        <StdOut>Debug Trace:&#xD;
MIP: Error: GetConfiguration (): CustomSetting not found for the given platformDefinitionId: e145597a-ecaf-40a1-99e6-14bb9d45a09e&#xD;
MIP: Error: GetConfiguration (): CustomSetting not found for the given platformDefinitionId: e145597a-ecaf-40a1-99e6-14bb9d45a09e&#xD;
MIP: Error: GetConfiguration (): CustomSetting not found for the given platformDefinitionId: e145597a-ecaf-40a1-99e6-14bb9d45a09e&#xD;
---- Stream count=0, thread=2</StdOut>
      </Output>
    </UnitTestResult>
    <UnitTestResult executionId="a282d05e-2aab-4c68-9908-71a161ab5388" testId="0762669f-0ef8-d6fa-dd94-0659f0ba0a43" testName="IgnoreDomainCompareOk" computerName="DKSR-EFI-06" duration="00:00:00.0011629" startTime="2024-01-09T15:45:21.8731612+01:00" endTime="2024-01-09T15:45:21.8887875+01:00" testType="13cdc9d9-ddb5-4fa4-a97d-d965ccfc6d4b" outcome="Passed" testListId="8c84fa94-04c1-424b-9868-57a2d4851a1d" relativeResultsDirectory="a282d05e-2aab-4c68-9908-71a161ab5388" />
    <UnitTestResult executionId="fb51340b-853c-4324-9b05-7af79bbee63a" testId="4dfbe4c0-1bce-f685-302b-c39ffaaec33c" testName="RemoveServer_WithUriWhenLoginSettingsNull_Correct" computerName="DKSR-EFI-06" duration="00:00:00.0158060" startTime="2024-01-09T15:44:27.5293600+01:00" endTime="2024-01-09T15:44:27.5449365+01:00" testType="13cdc9d9-ddb5-4fa4-a97d-d965ccfc6d4b" outcome="Passed" testListId="8c84fa94-04c1-424b-9868-57a2d4851a1d" relativeResultsDirectory="fb51340b-853c-4324-9b05-7af79bbee63a" />
    <UnitTestResult executionId="b403bcb1-95c2-4a38-a8c5-846aba60b759" testId="8c87c707-72c3-2fe1-cc37-40bdc36a6ffa" testName="HandleAudioData_NotMuted_SamplesAdded" computerName="DKSR-EFI-06" duration="00:00:00.0028285" startTime="2024-01-09T15:45:56.9544092+01:00" endTime="2024-01-09T15:45:56.9544092+01:00" testType="13cdc9d9-ddb5-4fa4-a97d-d965ccfc6d4b" outcome="Passed" testListId="8c84fa94-04c1-424b-9868-57a2d4851a1d" relativeResultsDirectory="b403bcb1-95c2-4a38-a8c5-846aba60b759" />
    <UnitTestResult executionId="ca0b9737-418a-4688-bdd9-e2db9864c76d" testId="12830b4f-7828-9fc9-0289-1b8030e1633a" testName="CreateSession_ShouldStartSession_AndDispose_ShouldStopSession" computerName="DKSR-EFI-06" duration="00:00:00.0660938" startTime="2024-01-09T15:45:22.7481632+01:00" endTime="2024-01-09T15:45:22.8106632+01:00" testType="13cdc9d9-ddb5-4fa4-a97d-d965ccfc6d4b" outcome="Passed" testListId="8c84fa94-04c1-424b-9868-57a2d4851a1d" relativeResultsDirectory="ca0b9737-418a-4688-bdd9-e2db9864c76d" />
    <UnitTestResult executionId="14c908e0-df35-4ed3-b2f7-0906e44936a1" testId="10274018-72a2-7e54-f67f-3e3dab8a3913" testName="Unitialize_ShouldResetInstances" computerName="DKSR-EFI-06" duration="00:00:00.0011040" startTime="2024-01-09T15:44:28.1230613+01:00" endTime="2024-01-09T15:44:28.1230613+01:00" testType="13cdc9d9-ddb5-4fa4-a97d-d965ccfc6d4b" outcome="Passed" testListId="8c84fa94-04c1-424b-9868-57a2d4851a1d" relativeResultsDirectory="14c908e0-df35-4ed3-b2f7-0906e44936a1" />
    <UnitTestResult executionId="530474ea-d7b2-4e9f-a36f-c9e349295401" testId="729fea51-614b-2ba9-1dd4-6b49891d7c46" testName="GetBitmapFirstNetworkDb" computerName="DKSR-EFI-06" duration="00:00:07.9504538" startTime="2024-01-09T15:44:55.5293613+01:00" endTime="2024-01-09T15:45:03.4668723+01:00" testType="13cdc9d9-ddb5-4fa4-a97d-d965ccfc6d4b" outcome="Passed" testListId="8c84fa94-04c1-424b-9868-57a2d4851a1d" relativeResultsDirectory="530474ea-d7b2-4e9f-a36f-c9e349295401">
      <Output>
        <StdOut>Debug Trace:&#xD;
MIP: Error: GetConfiguration (): CustomSetting not found for the given platformDefinitionId: e145597a-ecaf-40a1-99e6-14bb9d45a09e&#xD;
MIP: Error: GetConfiguration (): CustomSetting not found for the given platformDefinitionId: e145597a-ecaf-40a1-99e6-14bb9d45a09e&#xD;
MIP: Error: GetConfiguration (): CustomSetting not found for the given platformDefinitionId: e145597a-ecaf-40a1-99e6-14bb9d45a09e&#xD;
---- Stream count=0, thread=2</StdOut>
      </Output>
    </UnitTestResult>
    <UnitTestResult executionId="2c58402c-f679-4b7e-bf1c-4304b4680dff" testId="9a32c8de-c721-c8df-01b2-8fdff9dd18ca" testName="Given_EventHandlerIsCreated_When_ReceivingEventMessage_Then_EventsAreSentToAllReceivers" computerName="DKSR-EFI-06" duration="00:00:00.0484791" startTime="2024-01-09T15:45:22.5381421+01:00" endTime="2024-01-09T15:45:22.5762873+01:00" testType="13cdc9d9-ddb5-4fa4-a97d-d965ccfc6d4b" outcome="Passed" testListId="8c84fa94-04c1-424b-9868-57a2d4851a1d" relativeResultsDirectory="2c58402c-f679-4b7e-bf1c-4304b4680dff" />
    <UnitTestResult executionId="a2b07b39-e4c0-41b2-9648-efeedf2b4a0d" testId="5456b4a7-0c13-564f-de65-ea8a9df057cb" testName="CloseCheckForStandalone_Success" computerName="DKSR-EFI-06" duration="00:00:00.0008087" startTime="2024-01-09T15:45:22.0137854+01:00" endTime="2024-01-09T15:45:22.0137854+01:00" testType="13cdc9d9-ddb5-4fa4-a97d-d965ccfc6d4b" outcome="Passed" testListId="8c84fa94-04c1-424b-9868-57a2d4851a1d" relativeResultsDirectory="a2b07b39-e4c0-41b2-9648-efeedf2b4a0d" />
    <UnitTestResult executionId="02648623-0a4e-408f-bf72-fae9ee4cbb0b" testId="0bbb508b-fd28-af7a-61a4-81cd8ad41d08" testName="Login_WhenNotLoggedIn_NoLastException_ThrowDefaultException" computerName="DKSR-EFI-06" duration="00:00:00.0061675" startTime="2024-01-09T15:44:27.2480618+01:00" endTime="2024-01-09T15:44:27.2480618+01:00" testType="13cdc9d9-ddb5-4fa4-a97d-d965ccfc6d4b" outcome="Passed" testListId="8c84fa94-04c1-424b-9868-57a2d4851a1d" relativeResultsDirectory="02648623-0a4e-408f-bf72-fae9ee4cbb0b" />
    <UnitTestResult executionId="9312bd07-60a8-459e-a24a-b5bd34e34b08" testId="d19447d6-1286-80a0-b9eb-927576af8553" testName="XpcoCameraConfigTests" computerName="DKSR-EFI-06" duration="00:00:01.5362577" startTime="2024-01-09T15:45:53.4538506+01:00" endTime="2024-01-09T15:45:54.9853621+01:00" testType="13cdc9d9-ddb5-4fa4-a97d-d965ccfc6d4b" outcome="Passed" testListId="8c84fa94-04c1-424b-9868-57a2d4851a1d" relativeResultsDirectory="9312bd07-60a8-459e-a24a-b5bd34e34b08">
      <Output>
        <StdOut>Debug Trace:&#xD;
TopLevelControl returns null. PostMessage may have problems&#xD;
MIP: Error: ConfigurationApiItemWrapper (): ConfigAPI GetItem(): System.NotImplementedException, The method or operation is not implemented.&#xD;
MIP: Error: Factory.IsItemTypeSupported (): Exception source:      VideoOS.Platform.SDK.UnitTests&#xD;
Exception type:        System.NotImplementedException&#xD;
Exception message:     The method or operation is not implemented.&#xD;
Exception target site: GetItem&#xD;
   at VideoOS.Platform.SDKUnittest.EnvironmentTests.TestConfigurationClientService.GetItem(String path) in D:\actions-runner\_work\XPCO\XPCO\MIP\MIPSDK\tst\VideoOS.Platform.SDK.UnitTests\EnvironmentTests\TestsWithCorporateShimsBase.cs:line 227&#xD;
   at VideoOS.Platform.Proxy.ConfigApi.ConfigurationApiItemWrapper..ctor(ServerId serverId, String path) in D:\actions-runner\_work\XPCO\XPCO\MIP\PlatformPlugin\VideoOS.Platform\src\Proxy\ConfigApi\ConfigurationApiItemWrapper.cs:line 110&#xD;
   at VideoOS.Platform.ConfigurationItems.Factory.IsItemTypeSupported(ServerId serverId, String itemType) in D:\actions-runner\_work\XPCO\XPCO\MIP\PlatformPlugin\VideoOS.Platform\src\ConfigurationItems\Factory.cs:line 464&#xD;
&#xD;
Factory.IsItemTypeSupportedFactory.IsItemTypeSupported ()The method or operation is not implemented.   at VideoOS.Platform.SDKUnittest.EnvironmentTests.TestConfigurationClientService.GetItem(String path) in D:\actions-runner\_work\XPCO\XPCO\MIP\MIPSDK\tst\VideoOS.Platform.SDK.UnitTests\EnvironmentTests\TestsWithCorporateShimsBase.cs:line 227&#xD;
   at VideoOS.Platform.Proxy.ConfigApi.ConfigurationApiItemWrapper..ctor(ServerId serverId, String path) in D:\actions-runner\_work\XPCO\XPCO\MIP\PlatformPlugin\VideoOS.Platform\src\Proxy\ConfigApi\ConfigurationApiItemWrapper.cs:line 110&#xD;
   at VideoOS.Platform.ConfigurationItems.Factory.IsItemTypeSupported(ServerId serverId, String itemType) in D:\actions-runner\_work\XPCO\XPCO\MIP\PlatformPlugin\VideoOS.Platform\src\ConfigurationItems\Factory.cs:line 464&#xD;
MIP: Error: GetConfiguration (): CustomSetting not found for the given platformDefinitionId: e145597a-ecaf-40a1-99e6-14bb9d45a09e&#xD;
MIP: Error: ConfigurationApiItemWrapper (): ConfigAPI GetItem(): System.NotImplementedException, The method or operation is not implemented.&#xD;
MIP: Error: Factory.IsItemTypeSupported (): Exception source:      VideoOS.Platform.SDK.UnitTests&#xD;
Exception type:        System.NotImplementedException&#xD;
Exception message:     The method or operation is not implemented.&#xD;
Exception target site: GetItem&#xD;
   at VideoOS.Platform.SDKUnittest.EnvironmentTests.TestConfigurationClientService.GetItem(String path) in D:\actions-runner\_work\XPCO\XPCO\MIP\MIPSDK\tst\VideoOS.Platform.SDK.UnitTests\EnvironmentTests\TestsWithCorporateShimsBase.cs:line 227&#xD;
   at VideoOS.Platform.Proxy.ConfigApi.ConfigurationApiItemWrapper..ctor(ServerId serverId, String path) in D:\actions-runner\_work\XPCO\XPCO\MIP\PlatformPlugin\VideoOS.Platform\src\Proxy\ConfigApi\ConfigurationApiItemWrapper.cs:line 110&#xD;
   at VideoOS.Platform.ConfigurationItems.Factory.IsItemTypeSupported(ServerId serverId, String itemType) in D:\actions-runner\_work\XPCO\XPCO\MIP\PlatformPlugin\VideoOS.Platform\src\ConfigurationItems\Factory.cs:line 464&#xD;
&#xD;
Factory.IsItemTypeSupportedFactory.IsItemTypeSupported ()The method or operation is not implemented.   at VideoOS.Platform.SDKUnittest.EnvironmentTests.TestConfigurationClientService.GetItem(String path) in D:\actions-runner\_work\XPCO\XPCO\MIP\MIPSDK\tst\VideoOS.Platform.SDK.UnitTests\EnvironmentTests\TestsWithCorporateShimsBase.cs:line 227&#xD;
   at VideoOS.Platform.Proxy.ConfigApi.ConfigurationApiItemWrapper..ctor(ServerId serverId, String path) in D:\actions-runner\_work\XPCO\XPCO\MIP\PlatformPlugin\VideoOS.Platform\src\Proxy\ConfigApi\ConfigurationApiItemWrapper.cs:line 110&#xD;
   at VideoOS.Platform.ConfigurationItems.Factory.IsItemTypeSupported(ServerId serverId, String itemType) in D:\actions-runner\_work\XPCO\XPCO\MIP\PlatformPlugin\VideoOS.Platform\src\ConfigurationItems\Factory.cs:line 464&#xD;
MIP: Error: LoginServerOauth (): https://1.2.3.5:55/ManagementServer/ServerCommandServiceOAuth.svc The method or operation is not implemented.&#xD;
MIP: Error: ConfigurationApiItemWrapper (): ConfigAPI GetItem(): System.NotImplementedException, The method or operation is not implemented.&#xD;
MIP: Error: Factory.IsItemTypeSupported (): Exception source:      VideoOS.Platform.SDK.UnitTests&#xD;
Exception type:        System.NotImplementedException&#xD;
Exception message:     The method or operation is not implemented.&#xD;
Exception target site: GetItem&#xD;
   at VideoOS.Platform.SDKUnittest.EnvironmentTests.TestConfigurationClientService.GetItem(String path) in D:\actions-runner\_work\XPCO\XPCO\MIP\MIPSDK\tst\VideoOS.Platform.SDK.UnitTests\EnvironmentTests\TestsWithCorporateShimsBase.cs:line 227&#xD;
   at VideoOS.Platform.Proxy.ConfigApi.ConfigurationApiItemWrapper..ctor(ServerId serverId, String path) in D:\actions-runner\_work\XPCO\XPCO\MIP\PlatformPlugin\VideoOS.Platform\src\Proxy\ConfigApi\ConfigurationApiItemWrapper.cs:line 110&#xD;
   at VideoOS.Platform.ConfigurationItems.Factory.IsItemTypeSupported(ServerId serverId, String itemType) in D:\actions-runner\_work\XPCO\XPCO\MIP\PlatformPlugin\VideoOS.Platform\src\ConfigurationItems\Factory.cs:line 464&#xD;
&#xD;
Factory.IsItemTypeSupportedFactory.IsItemTypeSupported ()The method or operation is not implemented.   at VideoOS.Platform.SDKUnittest.EnvironmentTests.TestConfigurationClientService.GetItem(String path) in D:\actions-runner\_work\XPCO\XPCO\MIP\MIPSDK\tst\VideoOS.Platform.SDK.UnitTests\EnvironmentTests\TestsWithCorporateShimsBase.cs:line 227&#xD;
   at VideoOS.Platform.Proxy.ConfigApi.ConfigurationApiItemWrapper..ctor(ServerId serverId, String path) in D:\actions-runner\_work\XPCO\XPCO\MIP\PlatformPlugin\VideoOS.Platform\src\Proxy\ConfigApi\ConfigurationApiItemWrapper.cs:line 110&#xD;
   at VideoOS.Platform.ConfigurationItems.Factory.IsItemTypeSupported(ServerId serverId, String itemType) in D:\actions-runner\_work\XPCO\XPCO\MIP\PlatformPlugin\VideoOS.Platform\src\ConfigurationItems\Factory.cs:line 464&#xD;
MIP: Error: GetConfiguration (): CustomSetting not found for the given platformDefinitionId: e145597a-ecaf-40a1-99e6-14bb9d45a09e&#xD;
MIP: Error: ConfigurationApiItemWrapper (): ConfigAPI GetItem(): System.NotImplementedException, The method or operation is not implemented.&#xD;
MIP: Error: Factory.IsItemTypeSupported (): Exception source:      VideoOS.Platform.SDK.UnitTests&#xD;
Exception type:        System.NotImplementedException&#xD;
Exception message:     The method or operation is not implemented.&#xD;
Exception target site: GetItem&#xD;
   at VideoOS.Platform.SDKUnittest.EnvironmentTests.TestConfigurationClientService.GetItem(String path) in D:\actions-runner\_work\XPCO\XPCO\MIP\MIPSDK\tst\VideoOS.Platform.SDK.UnitTests\EnvironmentTests\TestsWithCorporateShimsBase.cs:line 227&#xD;
   at VideoOS.Platform.Proxy.ConfigApi.ConfigurationApiItemWrapper..ctor(ServerId serverId, String path) in D:\actions-runner\_work\XPCO\XPCO\MIP\PlatformPlugin\VideoOS.Platform\src\Proxy\ConfigApi\ConfigurationApiItemWrapper.cs:line 110&#xD;
   at VideoOS.Platform.ConfigurationItems.Factory.IsItemTypeSupported(ServerId serverId, String itemType) in D:\actions-runner\_work\XPCO\XPCO\MIP\PlatformPlugin\VideoOS.Platform\src\ConfigurationItems\Factory.cs:line 464&#xD;
&#xD;
Factory.IsItemTypeSupportedFactory.IsItemTypeSupported ()The method or operation is not implemented.   at VideoOS.Platform.SDKUnittest.EnvironmentTests.TestConfigurationClientService.GetItem(String path) in D:\actions-runner\_work\XPCO\XPCO\MIP\MIPSDK\tst\VideoOS.Platform.SDK.UnitTests\EnvironmentTests\TestsWithCorporateShimsBase.cs:line 227&#xD;
   at VideoOS.Platform.Proxy.ConfigApi.ConfigurationApiItemWrapper..ctor(ServerId serverId, String path) in D:\actions-runner\_work\XPCO\XPCO\MIP\PlatformPlugin\VideoOS.Platform\src\Proxy\ConfigApi\ConfigurationApiItemWrapper.cs:line 110&#xD;
   at VideoOS.Platform.ConfigurationItems.Factory.IsItemTypeSupported(ServerId serverId, String itemType) in D:\actions-runner\_work\XPCO\XPCO\MIP\PlatformPlugin\VideoOS.Platform\src\ConfigurationItems\Factory.cs:line 464&#xD;
MIP: Error: LoginServerOauth (): https://1.2.3.5:55/ManagementServer/ServerCommandServiceOAuth.svc The method or operation is not implemented.&#xD;
MIP: Error: ConfigurationApiItemWrapper (): ConfigAPI GetItem(): System.NotImplementedException, The method or operation is not implemented.&#xD;
MIP: Error: Factory.IsItemTypeSupported (): Exception source:      VideoOS.Platform.SDK.UnitTests&#xD;
Exception type:        System.NotImplementedException&#xD;
Exception message:     The method or operation is not implemented.&#xD;
Exception target site: GetItem&#xD;
   at VideoOS.Platform.SDKUnittest.EnvironmentTests.TestConfigurationClientService.GetItem(String path) in D:\actions-runner\_work\XPCO\XPCO\MIP\MIPSDK\tst\VideoOS.Platform.SDK.UnitTests\EnvironmentTests\TestsWithCorporateShimsBase.cs:line 227&#xD;
   at VideoOS.Platform.Proxy.ConfigApi.ConfigurationApiItemWrapper..ctor(ServerId serverId, String path) in D:\actions-runner\_work\XPCO\XPCO\MIP\PlatformPlugin\VideoOS.Platform\src\Proxy\ConfigApi\ConfigurationApiItemWrapper.cs:line 110&#xD;
   at VideoOS.Platform.ConfigurationItems.Factory.IsItemTypeSupported(ServerId serverId, String itemType) in D:\actions-runner\_work\XPCO\XPCO\MIP\PlatformPlugin\VideoOS.Platform\src\ConfigurationItems\Factory.cs:line 464&#xD;
&#xD;
Factory.IsItemTypeSupportedFactory.IsItemTypeSupported ()The method or operation is not implemented.   at VideoOS.Platform.SDKUnittest.EnvironmentTests.TestConfigurationClientService.GetItem(String path) in D:\actions-runner\_work\XPCO\XPCO\MIP\MIPSDK\tst\VideoOS.Platform.SDK.UnitTests\EnvironmentTests\TestsWithCorporateShimsBase.cs:line 227&#xD;
   at VideoOS.Platform.Proxy.ConfigApi.ConfigurationApiItemWrapper..ctor(ServerId serverId, String path) in D:\actions-runner\_work\XPCO\XPCO\MIP\PlatformPlugin\VideoOS.Platform\src\Proxy\ConfigApi\ConfigurationApiItemWrapper.cs:line 110&#xD;
   at VideoOS.Platform.ConfigurationItems.Factory.IsItemTypeSupported(ServerId serverId, String itemType) in D:\actions-runner\_work\XPCO\XPCO\MIP\PlatformPlugin\VideoOS.Platform\src\ConfigurationItems\Factory.cs:line 464&#xD;
MIP: Error: ConfigurationApiItemWrapper (): ConfigAPI GetItem(): System.NotImplementedException, The method or operation is not implemented.&#xD;
MIP: Error: Factory.IsItemTypeSupported (): Exception source:      VideoOS.Platform.SDK.UnitTests&#xD;
Exception type:        System.NotImplementedException&#xD;
Exception message:     The method or operation is not implemented.&#xD;
Exception target site: GetItem&#xD;
   at VideoOS.Platform.SDKUnittest.EnvironmentTests.TestConfigurationClientService.GetItem(String path) in D:\actions-runner\_work\XPCO\XPCO\MIP\MIPSDK\tst\VideoOS.Platform.SDK.UnitTests\EnvironmentTests\TestsWithCorporateShimsBase.cs:line 227&#xD;
   at VideoOS.Platform.Proxy.ConfigApi.ConfigurationApiItemWrapper..ctor(ServerId serverId, String path) in D:\actions-runner\_work\XPCO\XPCO\MIP\PlatformPlugin\VideoOS.Platform\src\Proxy\ConfigApi\ConfigurationApiItemWrapper.cs:line 110&#xD;
   at VideoOS.Platform.ConfigurationItems.Factory.IsItemTypeSupported(ServerId serverId, String itemType) in D:\actions-runner\_work\XPCO\XPCO\MIP\PlatformPlugin\VideoOS.Platform\src\ConfigurationItems\Factory.cs:line 464&#xD;
&#xD;
Factory.IsItemTypeSupportedFactory.IsItemTypeSupported ()The method or operation is not implemented.   at VideoOS.Platform.SDKUnittest.EnvironmentTests.TestConfigurationClientService.GetItem(String path) in D:\actions-runner\_work\XPCO\XPCO\MIP\MIPSDK\tst\VideoOS.Platform.SDK.UnitTests\EnvironmentTests\TestsWithCorporateShimsBase.cs:line 227&#xD;
   at VideoOS.Platform.Proxy.ConfigApi.ConfigurationApiItemWrapper..ctor(ServerId serverId, String path) in D:\actions-runner\_work\XPCO\XPCO\MIP\PlatformPlugin\VideoOS.Platform\src\Proxy\ConfigApi\ConfigurationApiItemWrapper.cs:line 110&#xD;
   at VideoOS.Platform.ConfigurationItems.Factory.IsItemTypeSupported(ServerId serverId, String itemType) in D:\actions-runner\_work\XPCO\XPCO\MIP\PlatformPlugin\VideoOS.Platform\src\ConfigurationItems\Factory.cs:line 464&#xD;
MIP: Error: LoginServerOauth (): https://1.2.3.5:55/ManagementServer/ServerCommandServiceOAuth.svc The method or operation is not implemented.&#xD;
MIP: Error: ConfigurationApiItemWrapper (): ConfigAPI GetItem(): System.NotImplementedException, The method or operation is not implemented.&#xD;
MIP: Error: Factory.IsItemTypeSupported (): Exception source:      VideoOS.Platform.SDK.UnitTests&#xD;
Exception type:        System.NotImplementedException&#xD;
Exception message:     The method or operation is not implemented.&#xD;
Exception target site: GetItem&#xD;
   at VideoOS.Platform.SDKUnittest.EnvironmentTests.TestConfigurationClientService.GetItem(String path) in D:\actions-runner\_work\XPCO\XPCO\MIP\MIPSDK\tst\VideoOS.Platform.SDK.UnitTests\EnvironmentTests\TestsWithCorporateShimsBase.cs:line 227&#xD;
   at VideoOS.Platform.Proxy.ConfigApi.ConfigurationApiItemWrapper..ctor(ServerId serverId, String path) in D:\actions-runner\_work\XPCO\XPCO\MIP\PlatformPlugin\VideoOS.Platform\src\Proxy\ConfigApi\ConfigurationApiItemWrapper.cs:line 110&#xD;
   at VideoOS.Platform.ConfigurationItems.Factory.IsItemTypeSupported(ServerId serverId, String itemType) in D:\actions-runner\_work\XPCO\XPCO\MIP\PlatformPlugin\VideoOS.Platform\src\ConfigurationItems\Factory.cs:line 464&#xD;
&#xD;
Factory.IsItemTypeSupportedFactory.IsItemTypeSupported ()The method or operation is not implemented.   at VideoOS.Platform.SDKUnittest.EnvironmentTests.TestConfigurationClientService.GetItem(String path) in D:\actions-runner\_work\XPCO\XPCO\MIP\MIPSDK\tst\VideoOS.Platform.SDK.UnitTests\EnvironmentTests\TestsWithCorporateShimsBase.cs:line 227&#xD;
   at VideoOS.Platform.Proxy.ConfigApi.ConfigurationApiItemWrapper..ctor(ServerId serverId, String path) in D:\actions-runner\_work\XPCO\XPCO\MIP\PlatformPlugin\VideoOS.Platform\src\Proxy\ConfigApi\ConfigurationApiItemWrapper.cs:line 110&#xD;
   at VideoOS.Platform.ConfigurationItems.Factory.IsItemTypeSupported(ServerId serverId, String itemType) in D:\actions-runner\_work\XPCO\XPCO\MIP\PlatformPlugin\VideoOS.Platform\src\ConfigurationItems\Factory.cs:line 464&#xD;
MIP: Error: GetConfiguration (): CustomSetting not found for the given platformDefinitionId: e145597a-ecaf-40a1-99e6-14bb9d45a09e&#xD;
MIP: Error: ConfigurationApiItemWrapper (): ConfigAPI GetItem(): System.NotImplementedException, The method or operation is not implemented.&#xD;
MIP: Error: Factory.IsItemTypeSupported (): Exception source:      VideoOS.Platform.SDK.UnitTests&#xD;
Exception type:        System.NotImplementedException&#xD;
Exception message:     The method or operation is not implemented.&#xD;
Exception target site: GetItem&#xD;
   at VideoOS.Platform.SDKUnittest.EnvironmentTests.TestConfigurationClientService.GetItem(String path) in D:\actions-runner\_work\XPCO\XPCO\MIP\MIPSDK\tst\VideoOS.Platform.SDK.UnitTests\EnvironmentTests\TestsWithCorporateShimsBase.cs:line 227&#xD;
   at VideoOS.Platform.Proxy.ConfigApi.ConfigurationApiItemWrapper..ctor(ServerId serverId, String path) in D:\actions-runner\_work\XPCO\XPCO\MIP\PlatformPlugin\VideoOS.Platform\src\Proxy\ConfigApi\ConfigurationApiItemWrapper.cs:line 110&#xD;
   at VideoOS.Platform.ConfigurationItems.Factory.IsItemTypeSupported(ServerId serverId, String itemType) in D:\actions-runner\_work\XPCO\XPCO\MIP\PlatformPlugin\VideoOS.Platform\src\ConfigurationItems\Factory.cs:line 464&#xD;
&#xD;
Factory.IsItemTypeSupportedFactory.IsItemTypeSupported ()The method or operation is not implemented.   at VideoOS.Platform.SDKUnittest.EnvironmentTests.TestConfigurationClientService.GetItem(String path) in D:\actions-runner\_work\XPCO\XPCO\MIP\MIPSDK\tst\VideoOS.Platform.SDK.UnitTests\EnvironmentTests\TestsWithCorporateShimsBase.cs:line 227&#xD;
   at VideoOS.Platform.Proxy.ConfigApi.ConfigurationApiItemWrapper..ctor(ServerId serverId, String path) in D:\actions-runner\_work\XPCO\XPCO\MIP\PlatformPlugin\VideoOS.Platform\src\Proxy\ConfigApi\ConfigurationApiItemWrapper.cs:line 110&#xD;
   at VideoOS.Platform.ConfigurationItems.Factory.IsItemTypeSupported(ServerId serverId, String itemType) in D:\actions-runner\_work\XPCO\XPCO\MIP\PlatformPlugin\VideoOS.Platform\src\ConfigurationItems\Factory.cs:line 464&#xD;
MIP: Error: LoginServerOauth (): https://1.2.3.5:55/ManagementServer/ServerCommandServiceOAuth.svc The method or operation is not implemented.&#xD;
MIP: Error: ConfigurationApiItemWrapper (): ConfigAPI GetItem(): System.NotImplementedException, The method or operation is not implemented.&#xD;
MIP: Error: Factory.IsItemTypeSupported (): Exception source:      VideoOS.Platform.SDK.UnitTests&#xD;
Exception type:        System.NotImplementedException&#xD;
Exception message:     The method or operation is not implemented.&#xD;
Exception target site: GetItem&#xD;
   at VideoOS.Platform.SDKUnittest.EnvironmentTests.TestConfigurationClientService.GetItem(String path) in D:\actions-runner\_work\XPCO\XPCO\MIP\MIPSDK\tst\VideoOS.Platform.SDK.UnitTests\EnvironmentTests\TestsWithCorporateShimsBase.cs:line 227&#xD;
   at VideoOS.Platform.Proxy.ConfigApi.ConfigurationApiItemWrapper..ctor(ServerId serverId, String path) in D:\actions-runner\_work\XPCO\XPCO\MIP\PlatformPlugin\VideoOS.Platform\src\Proxy\ConfigApi\ConfigurationApiItemWrapper.cs:line 110&#xD;
   at VideoOS.Platform.ConfigurationItems.Factory.IsItemTypeSupported(ServerId serverId, String itemType) in D:\actions-runner\_work\XPCO\XPCO\MIP\PlatformPlugin\VideoOS.Platform\src\ConfigurationItems\Factory.cs:line 464&#xD;
&#xD;
Factory.IsItemTypeSupportedFactory.IsItemTypeSupported ()The method or operation is not implemented.   at VideoOS.Platform.SDKUnittest.EnvironmentTests.TestConfigurationClientService.GetItem(String path) in D:\actions-runner\_work\XPCO\XPCO\MIP\MIPSDK\tst\VideoOS.Platform.SDK.UnitTests\EnvironmentTests\TestsWithCorporateShimsBase.cs:line 227&#xD;
   at VideoOS.Platform.Proxy.ConfigApi.ConfigurationApiItemWrapper..ctor(ServerId serverId, String path) in D:\actions-runner\_work\XPCO\XPCO\MIP\PlatformPlugin\VideoOS.Platform\src\Proxy\ConfigApi\ConfigurationApiItemWrapper.cs:line 110&#xD;
   at VideoOS.Platform.ConfigurationItems.Factory.IsItemTypeSupported(ServerId serverId, String itemType) in D:\actions-runner\_work\XPCO\XPCO\MIP\PlatformPlugin\VideoOS.Platform\src\ConfigurationItems\Factory.cs:line 464&#xD;
MIP: Error: ConfigurationApiItemWrapper (): ConfigAPI GetItem(): System.NotImplementedException, The method or operation is not implemented.&#xD;
MIP: Error: Factory.IsItemTypeSupported (): Exception source:      VideoOS.Platform.SDK.UnitTests&#xD;
Exception type:        System.NotImplementedException&#xD;
Exception message:     The method or operation is not implemented.&#xD;
Exception target site: GetItem&#xD;
   at VideoOS.Platform.SDKUnittest.EnvironmentTests.TestConfigurationClientService.GetItem(String path) in D:\actions-runner\_work\XPCO\XPCO\MIP\MIPSDK\tst\VideoOS.Platform.SDK.UnitTests\EnvironmentTests\TestsWithCorporateShimsBase.cs:line 227&#xD;
   at VideoOS.Platform.Proxy.ConfigApi.ConfigurationApiItemWrapper..ctor(ServerId serverId, String path) in D:\actions-runner\_work\XPCO\XPCO\MIP\PlatformPlugin\VideoOS.Platform\src\Proxy\ConfigApi\ConfigurationApiItemWrapper.cs:line 110&#xD;
   at VideoOS.Platform.ConfigurationItems.Factory.IsItemTypeSupported(ServerId serverId, String itemType) in D:\actions-runner\_work\XPCO\XPCO\MIP\PlatformPlugin\VideoOS.Platform\src\ConfigurationItems\Factory.cs:line 464&#xD;
&#xD;
Factory.IsItemTypeSupportedFactory.IsItemTypeSupported ()The method or operation is not implemented.   at VideoOS.Platform.SDKUnittest.EnvironmentTests.TestConfigurationClientService.GetItem(String path) in D:\actions-runner\_work\XPCO\XPCO\MIP\MIPSDK\tst\VideoOS.Platform.SDK.UnitTests\EnvironmentTests\TestsWithCorporateShimsBase.cs:line 227&#xD;
   at VideoOS.Platform.Proxy.ConfigApi.ConfigurationApiItemWrapper..ctor(ServerId serverId, String path) in D:\actions-runner\_work\XPCO\XPCO\MIP\PlatformPlugin\VideoOS.Platform\src\Proxy\ConfigApi\ConfigurationApiItemWrapper.cs:line 110&#xD;
   at VideoOS.Platform.ConfigurationItems.Factory.IsItemTypeSupported(ServerId serverId, String itemType) in D:\actions-runner\_work\XPCO\XPCO\MIP\PlatformPlugin\VideoOS.Platform\src\ConfigurationItems\Factory.cs:line 464&#xD;
MIP: Error: LoginServerOauth (): https://1.2.3.5:55/ManagementServer/ServerCommandServiceOAuth.svc The method or operation is not implemented.&#xD;
MIP: Error: ConfigurationApiItemWrapper (): ConfigAPI GetItem(): System.NotImplementedException, The method or operation is not implemented.&#xD;
MIP: Error: Factory.IsItemTypeSupported (): Exception source:      VideoOS.Platform.SDK.UnitTests&#xD;
Exception type:        System.NotImplementedException&#xD;
Exception message:     The method or operation is not implemented.&#xD;
Exception target site: GetItem&#xD;
   at VideoOS.Platform.SDKUnittest.EnvironmentTests.TestConfigurationClientService.GetItem(String path) in D:\actions-runner\_work\XPCO\XPCO\MIP\MIPSDK\tst\VideoOS.Platform.SDK.UnitTests\EnvironmentTests\TestsWithCorporateShimsBase.cs:line 227&#xD;
   at VideoOS.Platform.Proxy.ConfigApi.ConfigurationApiItemWrapper..ctor(ServerId serverId, String path) in D:\actions-runner\_work\XPCO\XPCO\MIP\PlatformPlugin\VideoOS.Platform\src\Proxy\ConfigApi\ConfigurationApiItemWrapper.cs:line 110&#xD;
   at VideoOS.Platform.ConfigurationItems.Factory.IsItemTypeSupported(ServerId serverId, String itemType) in D:\actions-runner\_work\XPCO\XPCO\MIP\PlatformPlugin\VideoOS.Platform\src\ConfigurationItems\Factory.cs:line 464&#xD;
&#xD;
Factory.IsItemTypeSupportedFactory.IsItemTypeSupported ()The method or operation is not implemented.   at VideoOS.Platform.SDKUnittest.EnvironmentTests.TestConfigurationClientService.GetItem(String path) in D:\actions-runner\_work\XPCO\XPCO\MIP\MIPSDK\tst\VideoOS.Platform.SDK.UnitTests\EnvironmentTests\TestsWithCorporateShimsBase.cs:line 227&#xD;
   at VideoOS.Platform.Proxy.ConfigApi.ConfigurationApiItemWrapper..ctor(ServerId serverId, String path) in D:\actions-runner\_work\XPCO\XPCO\MIP\PlatformPlugin\VideoOS.Platform\src\Proxy\ConfigApi\ConfigurationApiItemWrapper.cs:line 110&#xD;
   at VideoOS.Platform.ConfigurationItems.Factory.IsItemTypeSupported(ServerId serverId, String itemType) in D:\actions-runner\_work\XPCO\XPCO\MIP\PlatformPlugin\VideoOS.Platform\src\ConfigurationItems\Factory.cs:line 464&#xD;
MIP: Error: GetConfiguration (): CustomSetting not found for the given platformDefinitionId: e145597a-ecaf-40a1-99e6-14bb9d45a09e&#xD;
MIP: Error: ConfigurationApiItemWrapper (): ConfigAPI GetItem(): System.NotImplementedException, The method or operation is not implemented.&#xD;
MIP: Error: Factory.IsItemTypeSupported (): Exception source:      VideoOS.Platform.SDK.UnitTests&#xD;
Exception type:        System.NotImplementedException&#xD;
Exception message:     The method or operation is not implemented.&#xD;
Exception target site: GetItem&#xD;
   at VideoOS.Platform.SDKUnittest.EnvironmentTests.TestConfigurationClientService.GetItem(String path) in D:\actions-runner\_work\XPCO\XPCO\MIP\MIPSDK\tst\VideoOS.Platform.SDK.UnitTests\EnvironmentTests\TestsWithCorporateShimsBase.cs:line 227&#xD;
   at VideoOS.Platform.Proxy.ConfigApi.ConfigurationApiItemWrapper..ctor(ServerId serverId, String path) in D:\actions-runner\_work\XPCO\XPCO\MIP\PlatformPlugin\VideoOS.Platform\src\Proxy\ConfigApi\ConfigurationApiItemWrapper.cs:line 110&#xD;
   at VideoOS.Platform.ConfigurationItems.Factory.IsItemTypeSupported(ServerId serverId, String itemType) in D:\actions-runner\_work\XPCO\XPCO\MIP\PlatformPlugin\VideoOS.Platform\src\ConfigurationItems\Factory.cs:line 464&#xD;
&#xD;
Factory.IsItemTypeSupportedFactory.IsItemTypeSupported ()The method or operation is not implemented.   at VideoOS.Platform.SDKUnittest.EnvironmentTests.TestConfigurationClientService.GetItem(String path) in D:\actions-runner\_work\XPCO\XPCO\MIP\MIPSDK\tst\VideoOS.Platform.SDK.UnitTests\EnvironmentTests\TestsWithCorporateShimsBase.cs:line 227&#xD;
   at VideoOS.Platform.Proxy.ConfigApi.ConfigurationApiItemWrapper..ctor(ServerId serverId, String path) in D:\actions-runner\_work\XPCO\XPCO\MIP\PlatformPlugin\VideoOS.Platform\src\Proxy\ConfigApi\ConfigurationApiItemWrapper.cs:line 110&#xD;
   at VideoOS.Platform.ConfigurationItems.Factory.IsItemTypeSupported(ServerId serverId, String itemType) in D:\actions-runner\_work\XPCO\XPCO\MIP\PlatformPlugin\VideoOS.Platform\src\ConfigurationItems\Factory.cs:line 464&#xD;
MIP: Error: LoginServerOauth (): https://1.2.3.5:55/ManagementServer/ServerCommandServiceOAuth.svc The method or operation is not implemented.&#xD;
MIP: Error: ConfigurationApiItemWrapper (): ConfigAPI GetItem(): System.NotImplementedException, The method or operation is not implemented.&#xD;
MIP: Error: Factory.IsItemTypeSupported (): Exception source:      VideoOS.Platform.SDK.UnitTests&#xD;
Exception type:        System.NotImplementedException&#xD;
Exception message:     The method or operation is not implemented.&#xD;
Exception target site: GetItem&#xD;
   at VideoOS.Platform.SDKUnittest.EnvironmentTests.TestConfigurationClientService.GetItem(String path) in D:\actions-runner\_work\XPCO\XPCO\MIP\MIPSDK\tst\VideoOS.Platform.SDK.UnitTests\EnvironmentTests\TestsWithCorporateShimsBase.cs:line 227&#xD;
   at VideoOS.Platform.Proxy.ConfigApi.ConfigurationApiItemWrapper..ctor(ServerId serverId, String path) in D:\actions-runner\_work\XPCO\XPCO\MIP\PlatformPlugin\VideoOS.Platform\src\Proxy\ConfigApi\ConfigurationApiItemWrapper.cs:line 110&#xD;
   at VideoOS.Platform.ConfigurationItems.Factory.IsItemTypeSupported(ServerId serverId, String itemType) in D:\actions-runner\_work\XPCO\XPCO\MIP\PlatformPlugin\VideoOS.Platform\src\ConfigurationItems\Factory.cs:line 464&#xD;
&#xD;
Factory.IsItemTypeSupportedFactory.IsItemTypeSupported ()The method or operation is not implemented.   at VideoOS.Platform.SDKUnittest.EnvironmentTests.TestConfigurationClientService.GetItem(String path) in D:\actions-runner\_work\XPCO\XPCO\MIP\MIPSDK\tst\VideoOS.Platform.SDK.UnitTests\EnvironmentTests\TestsWithCorporateShimsBase.cs:line 227&#xD;
   at VideoOS.Platform.Proxy.ConfigApi.ConfigurationApiItemWrapper..ctor(ServerId serverId, String path) in D:\actions-runner\_work\XPCO\XPCO\MIP\PlatformPlugin\VideoOS.Platform\src\Proxy\ConfigApi\ConfigurationApiItemWrapper.cs:line 110&#xD;
   at VideoOS.Platform.ConfigurationItems.Factory.IsItemTypeSupported(ServerId serverId, String itemType) in D:\actions-runner\_work\XPCO\XPCO\MIP\PlatformPlugin\VideoOS.Platform\src\ConfigurationItems\Factory.cs:line 464&#xD;
MIP: Error: ConfigurationApiItemWrapper (): ConfigAPI GetItem(): System.NotImplementedException, The method or operation is not implemented.&#xD;
MIP: Error: Factory.IsItemTypeSupported (): Exception source:      VideoOS.Platform.SDK.UnitTests&#xD;
Exception type:        System.NotImplementedException&#xD;
Exception message:     The method or operation is not implemented.&#xD;
Exception target site: GetItem&#xD;
   at VideoOS.Platform.SDKUnittest.EnvironmentTests.TestConfigurationClientService.GetItem(String path) in D:\actions-runner\_work\XPCO\XPCO\MIP\MIPSDK\tst\VideoOS.Platform.SDK.UnitTests\EnvironmentTests\TestsWithCorporateShimsBase.cs:line 227&#xD;
   at VideoOS.Platform.Proxy.ConfigApi.ConfigurationApiItemWrapper..ctor(ServerId serverId, String path) in D:\actions-runner\_work\XPCO\XPCO\MIP\PlatformPlugin\VideoOS.Platform\src\Proxy\ConfigApi\ConfigurationApiItemWrapper.cs:line 110&#xD;
   at VideoOS.Platform.ConfigurationItems.Factory.IsItemTypeSupported(ServerId serverId, String itemType) in D:\actions-runner\_work\XPCO\XPCO\MIP\PlatformPlugin\VideoOS.Platform\src\ConfigurationItems\Factory.cs:line 464&#xD;
&#xD;
Factory.IsItemTypeSupportedFactory.IsItemTypeSupported ()The method or operation is not implemented.   at VideoOS.Platform.SDKUnittest.EnvironmentTests.TestConfigurationClientService.GetItem(String path) in D:\actions-runner\_work\XPCO\XPCO\MIP\MIPSDK\tst\VideoOS.Platform.SDK.UnitTests\EnvironmentTests\TestsWithCorporateShimsBase.cs:line 227&#xD;
   at VideoOS.Platform.Proxy.ConfigApi.ConfigurationApiItemWrapper..ctor(ServerId serverId, String path) in D:\actions-runner\_work\XPCO\XPCO\MIP\PlatformPlugin\VideoOS.Platform\src\Proxy\ConfigApi\ConfigurationApiItemWrapper.cs:line 110&#xD;
   at VideoOS.Platform.ConfigurationItems.Factory.IsItemTypeSupported(ServerId serverId, String itemType) in D:\actions-runner\_work\XPCO\XPCO\MIP\PlatformPlugin\VideoOS.Platform\src\ConfigurationItems\Factory.cs:line 464&#xD;
MIP: Error: LoginServerOauth (): https://1.2.3.5:55/ManagementServer/ServerCommandServiceOAuth.svc The method or operation is not implemented.&#xD;
MIP: Error: ConfigurationApiItemWrapper (): ConfigAPI GetItem(): System.NotImplementedException, The method or operation is not implemented.&#xD;
MIP: Error: Factory.IsItemTypeSupported (): Exception source:      VideoOS.Platform.SDK.UnitTests&#xD;
Exception type:        System.NotImplementedException&#xD;
Exception message:     The method or operation is not implemented.&#xD;
Exception target site: GetItem&#xD;
   at VideoOS.Platform.SDKUnittest.EnvironmentTests.TestConfigurationClientService.GetItem(String path) in D:\actions-runner\_work\XPCO\XPCO\MIP\MIPSDK\tst\VideoOS.Platform.SDK.UnitTests\EnvironmentTests\TestsWithCorporateShimsBase.cs:line 227&#xD;
   at VideoOS.Platform.Proxy.ConfigApi.ConfigurationApiItemWrapper..ctor(ServerId serverId, String path) in D:\actions-runner\_work\XPCO\XPCO\MIP\PlatformPlugin\VideoOS.Platform\src\Proxy\ConfigApi\ConfigurationApiItemWrapper.cs:line 110&#xD;
   at VideoOS.Platform.ConfigurationItems.Factory.IsItemTypeSupported(ServerId serverId, String itemType) in D:\actions-runner\_work\XPCO\XPCO\MIP\PlatformPlugin\VideoOS.Platform\src\ConfigurationItems\Factory.cs:line 464&#xD;
&#xD;
Factory.IsItemTypeSupportedFactory.IsItemTypeSupported ()The method or operation is not implemented.   at VideoOS.Platform.SDKUnittest.EnvironmentTests.TestConfigurationClientService.GetItem(String path) in D:\actions-runner\_work\XPCO\XPCO\MIP\MIPSDK\tst\VideoOS.Platform.SDK.UnitTests\EnvironmentTests\TestsWithCorporateShimsBase.cs:line 227&#xD;
   at VideoOS.Platform.Proxy.ConfigApi.ConfigurationApiItemWrapper..ctor(ServerId serverId, String path) in D:\actions-runner\_work\XPCO\XPCO\MIP\PlatformPlugin\VideoOS.Platform\src\Proxy\ConfigApi\ConfigurationApiItemWrapper.cs:line 110&#xD;
   at VideoOS.Platform.ConfigurationItems.Factory.IsItemTypeSupported(ServerId serverId, String itemType) in D:\actions-runner\_work\XPCO\XPCO\MIP\PlatformPlugin\VideoOS.Platform\src\ConfigurationItems\Factory.cs:line 464&#xD;
MIP: Error: GetConfiguration (): CustomSetting not found for the given platformDefinitionId: e145597a-ecaf-40a1-99e6-14bb9d45a09e&#xD;
MIP: Error: ConfigurationApiItemWrapper (): ConfigAPI GetItem(): System.NotImplementedException, The method or operation is not implemented.&#xD;
MIP: Error: Factory.IsItemTypeSupported (): Exception source:      VideoOS.Platform.SDK.UnitTests&#xD;
Exception type:        System.NotImplementedException&#xD;
Exception message:     The method or operation is not implemented.&#xD;
Exception target site: GetItem&#xD;
   at VideoOS.Platform.SDKUnittest.EnvironmentTests.TestConfigurationClientService.GetItem(String path) in D:\actions-runner\_work\XPCO\XPCO\MIP\MIPSDK\tst\VideoOS.Platform.SDK.UnitTests\EnvironmentTests\TestsWithCorporateShimsBase.cs:line 227&#xD;
   at VideoOS.Platform.Proxy.ConfigApi.ConfigurationApiItemWrapper..ctor(ServerId serverId, String path) in D:\actions-runner\_work\XPCO\XPCO\MIP\PlatformPlugin\VideoOS.Platform\src\Proxy\ConfigApi\ConfigurationApiItemWrapper.cs:line 110&#xD;
   at VideoOS.Platform.ConfigurationItems.Factory.IsItemTypeSupported(ServerId serverId, String itemType) in D:\actions-runner\_work\XPCO\XPCO\MIP\PlatformPlugin\VideoOS.Platform\src\ConfigurationItems\Factory.cs:line 464&#xD;
&#xD;
Factory.IsItemTypeSupportedFactory.IsItemTypeSupported ()The method or operation is not implemented.   at VideoOS.Platform.SDKUnittest.EnvironmentTests.TestConfigurationClientService.GetItem(String path) in D:\actions-runner\_work\XPCO\XPCO\MIP\MIPSDK\tst\VideoOS.Platform.SDK.UnitTests\EnvironmentTests\TestsWithCorporateShimsBase.cs:line 227&#xD;
   at VideoOS.Platform.Proxy.ConfigApi.ConfigurationApiItemWrapper..ctor(ServerId serverId, String path) in D:\actions-runner\_work\XPCO\XPCO\MIP\PlatformPlugin\VideoOS.Platform\src\Proxy\ConfigApi\ConfigurationApiItemWrapper.cs:line 110&#xD;
   at VideoOS.Platform.ConfigurationItems.Factory.IsItemTypeSupported(ServerId serverId, String itemType) in D:\actions-runner\_work\XPCO\XPCO\MIP\PlatformPlugin\VideoOS.Platform\src\ConfigurationItems\Factory.cs:line 464&#xD;
MIP: Error: LoginServerOauth (): https://1.2.3.5:55/ManagementServer/ServerCommandServiceOAuth.svc The method or operation is not implemented.&#xD;
MIP: Error: ConfigurationApiItemWrapper (): ConfigAPI GetItem(): System.NotImplementedException, The method or operation is not implemented.&#xD;
MIP: Error: Factory.IsItemTypeSupported (): Exception source:      VideoOS.Platform.SDK.UnitTests&#xD;
Exception type:        System.NotImplementedException&#xD;
Exception message:     The method or operation is not implemented.&#xD;
Exception target site: GetItem&#xD;
   at VideoOS.Platform.SDKUnittest.EnvironmentTests.TestConfigurationClientService.GetItem(String path) in D:\actions-runner\_work\XPCO\XPCO\MIP\MIPSDK\tst\VideoOS.Platform.SDK.UnitTests\EnvironmentTests\TestsWithCorporateShimsBase.cs:line 227&#xD;
   at VideoOS.Platform.Proxy.ConfigApi.ConfigurationApiItemWrapper..ctor(ServerId serverId, String path) in D:\actions-runner\_work\XPCO\XPCO\MIP\PlatformPlugin\VideoOS.Platform\src\Proxy\ConfigApi\ConfigurationApiItemWrapper.cs:line 110&#xD;
   at VideoOS.Platform.ConfigurationItems.Factory.IsItemTypeSupported(ServerId serverId, String itemType) in D:\actions-runner\_work\XPCO\XPCO\MIP\PlatformPlugin\VideoOS.Platform\src\ConfigurationItems\Factory.cs:line 464&#xD;
&#xD;
Factory.IsItemTypeSupportedFactory.IsItemTypeSupported ()The method or operation is not implemented.   at VideoOS.Platform.SDKUnittest.EnvironmentTests.TestConfigurationClientService.GetItem(String path) in D:\actions-runner\_work\XPCO\XPCO\MIP\MIPSDK\tst\VideoOS.Platform.SDK.UnitTests\EnvironmentTests\TestsWithCorporateShimsBase.cs:line 227&#xD;
   at VideoOS.Platform.Proxy.ConfigApi.ConfigurationApiItemWrapper..ctor(ServerId serverId, String path) in D:\actions-runner\_work\XPCO\XPCO\MIP\PlatformPlugin\VideoOS.Platform\src\Proxy\ConfigApi\ConfigurationApiItemWrapper.cs:line 110&#xD;
   at VideoOS.Platform.ConfigurationItems.Factory.IsItemTypeSupported(ServerId serverId, String itemType) in D:\actions-runner\_work\XPCO\XPCO\MIP\PlatformPlugin\VideoOS.Platform\src\ConfigurationItems\Factory.cs:line 464&#xD;
MIP: Error: ConfigurationApiItemWrapper (): ConfigAPI GetItem(): System.NotImplementedException, The method or operation is not implemented.&#xD;
MIP: Error: Factory.IsItemTypeSupported (): Exception source:      VideoOS.Platform.SDK.UnitTests&#xD;
Exception type:        System.NotImplementedException&#xD;
Exception message:     The method or operation is not implemented.&#xD;
Exception target site: GetItem&#xD;
   at VideoOS.Platform.SDKUnittest.EnvironmentTests.TestConfigurationClientService.GetItem(String path) in D:\actions-runner\_work\XPCO\XPCO\MIP\MIPSDK\tst\VideoOS.Platform.SDK.UnitTests\EnvironmentTests\TestsWithCorporateShimsBase.cs:line 227&#xD;
   at VideoOS.Platform.Proxy.ConfigApi.ConfigurationApiItemWrapper..ctor(ServerId serverId, String path) in D:\actions-runner\_work\XPCO\XPCO\MIP\PlatformPlugin\VideoOS.Platform\src\Proxy\ConfigApi\ConfigurationApiItemWrapper.cs:line 110&#xD;
   at VideoOS.Platform.ConfigurationItems.Factory.IsItemTypeSupported(ServerId serverId, String itemType) in D:\actions-runner\_work\XPCO\XPCO\MIP\PlatformPlugin\VideoOS.Platform\src\ConfigurationItems\Factory.cs:line 464&#xD;
&#xD;
Factory.IsItemTypeSupportedFactory.IsItemTypeSupported ()The method or operation is not implemented.   at VideoOS.Platform.SDKUnittest.EnvironmentTests.TestConfigurationClientService.GetItem(String path) in D:\actions-runner\_work\XPCO\XPCO\MIP\MIPSDK\tst\VideoOS.Platform.SDK.UnitTests\EnvironmentTests\TestsWithCorporateShimsBase.cs:line 227&#xD;
   at VideoOS.Platform.Proxy.ConfigApi.ConfigurationApiItemWrapper..ctor(ServerId serverId, String path) in D:\actions-runner\_work\XPCO\XPCO\MIP\PlatformPlugin\VideoOS.Platform\src\Proxy\ConfigApi\ConfigurationApiItemWrapper.cs:line 110&#xD;
   at VideoOS.Platform.ConfigurationItems.Factory.IsItemTypeSupported(ServerId serverId, String itemType) in D:\actions-runner\_work\XPCO\XPCO\MIP\PlatformPlugin\VideoOS.Platform\src\ConfigurationItems\Factory.cs:line 464&#xD;
MIP: Error: LoginServerOauth (): https://1.2.3.5:55/ManagementServer/ServerCommandServiceOAuth.svc The method or operation is not implemented.&#xD;
MIP: Error: ConfigurationApiItemWrapper (): ConfigAPI GetItem(): System.NotImplementedException, The method or operation is not implemented.&#xD;
MIP: Error: Factory.IsItemTypeSupported (): Exception source:      VideoOS.Platform.SDK.UnitTests&#xD;
Exception type:        System.NotImplementedException&#xD;
Exception message:     The method or operation is not implemented.&#xD;
Exception target site: GetItem&#xD;
   at VideoOS.Platform.SDKUnittest.EnvironmentTests.TestConfigurationClientService.GetItem(String path) in D:\actions-runner\_work\XPCO\XPCO\MIP\MIPSDK\tst\VideoOS.Platform.SDK.UnitTests\EnvironmentTests\TestsWithCorporateShimsBase.cs:line 227&#xD;
   at VideoOS.Platform.Proxy.ConfigApi.ConfigurationApiItemWrapper..ctor(ServerId serverId, String path) in D:\actions-runner\_work\XPCO\XPCO\MIP\PlatformPlugin\VideoOS.Platform\src\Proxy\ConfigApi\ConfigurationApiItemWrapper.cs:line 110&#xD;
   at VideoOS.Platform.ConfigurationItems.Factory.IsItemTypeSupported(ServerId serverId, String itemType) in D:\actions-runner\_work\XPCO\XPCO\MIP\PlatformPlugin\VideoOS.Platform\src\ConfigurationItems\Factory.cs:line 464&#xD;
&#xD;
Factory.IsItemTypeSupportedFactory.IsItemTypeSupported ()The method or operation is not implemented.   at VideoOS.Platform.SDKUnittest.EnvironmentTests.TestConfigurationClientService.GetItem(String path) in D:\actions-runner\_work\XPCO\XPCO\MIP\MIPSDK\tst\VideoOS.Platform.SDK.UnitTests\EnvironmentTests\TestsWithCorporateShimsBase.cs:line 227&#xD;
   at VideoOS.Platform.Proxy.ConfigApi.ConfigurationApiItemWrapper..ctor(ServerId serverId, String path) in D:\actions-runner\_work\XPCO\XPCO\MIP\PlatformPlugin\VideoOS.Platform\src\Proxy\ConfigApi\ConfigurationApiItemWrapper.cs:line 110&#xD;
   at VideoOS.Platform.ConfigurationItems.Factory.IsItemTypeSupported(ServerId serverId, String itemType) in D:\actions-runner\_work\XPCO\XPCO\MIP\PlatformPlugin\VideoOS.Platform\src\ConfigurationItems\Factory.cs:line 464&#xD;
MIP: Error: GetConfiguration (): CustomSetting not found for the given platformDefinitionId: e145597a-ecaf-40a1-99e6-14bb9d45a09e&#xD;
MIP: Error: ConfigurationApiItemWrapper (): ConfigAPI GetItem(): System.NotImplementedException, The method or operation is not implemented.&#xD;
MIP: Error: Factory.IsItemTypeSupported (): Exception source:      VideoOS.Platform.SDK.UnitTests&#xD;
Exception type:        System.NotImplementedException&#xD;
Exception message:     The method or operation is not implemented.&#xD;
Exception target site: GetItem&#xD;
   at VideoOS.Platform.SDKUnittest.EnvironmentTests.TestConfigurationClientService.GetItem(String path) in D:\actions-runner\_work\XPCO\XPCO\MIP\MIPSDK\tst\VideoOS.Platform.SDK.UnitTests\EnvironmentTests\TestsWithCorporateShimsBase.cs:line 227&#xD;
   at VideoOS.Platform.Proxy.ConfigApi.ConfigurationApiItemWrapper..ctor(ServerId serverId, String path) in D:\actions-runner\_work\XPCO\XPCO\MIP\PlatformPlugin\VideoOS.Platform\src\Proxy\ConfigApi\ConfigurationApiItemWrapper.cs:line 110&#xD;
   at VideoOS.Platform.ConfigurationItems.Factory.IsItemTypeSupported(ServerId serverId, String itemType) in D:\actions-runner\_work\XPCO\XPCO\MIP\PlatformPlugin\VideoOS.Platform\src\ConfigurationItems\Factory.cs:line 464&#xD;
&#xD;
Factory.IsItemTypeSupportedFactory.IsItemTypeSupported ()The method or operation is not implemented.   at VideoOS.Platform.SDKUnittest.EnvironmentTests.TestConfigurationClientService.GetItem(String path) in D:\actions-runner\_work\XPCO\XPCO\MIP\MIPSDK\tst\VideoOS.Platform.SDK.UnitTests\EnvironmentTests\TestsWithCorporateShimsBase.cs:line 227&#xD;
   at VideoOS.Platform.Proxy.ConfigApi.ConfigurationApiItemWrapper..ctor(ServerId serverId, String path) in D:\actions-runner\_work\XPCO\XPCO\MIP\PlatformPlugin\VideoOS.Platform\src\Proxy\ConfigApi\ConfigurationApiItemWrapper.cs:line 110&#xD;
   at VideoOS.Platform.ConfigurationItems.Factory.IsItemTypeSupported(ServerId serverId, String itemType) in D:\actions-runner\_work\XPCO\XPCO\MIP\PlatformPlugin\VideoOS.Platform\src\ConfigurationItems\Factory.cs:line 464&#xD;
MIP: Error: LoginServerOauth (): https://1.2.3.5:55/ManagementServer/ServerCommandServiceOAuth.svc The method or operation is not implemented.</StdOut>
      </Output>
    </UnitTestResult>
    <UnitTestResult executionId="3b33bbf4-bb06-4aa2-8bf9-072f37c6d464" testId="578ff933-7ee9-6ffc-c871-a9d0960055b8" testName="XpcoLoginAndGetConfguration" computerName="DKSR-EFI-06" duration="00:00:01.6831222" startTime="2024-01-09T15:45:43.9202355+01:00" endTime="2024-01-09T15:45:45.5926360+01:00" testType="13cdc9d9-ddb5-4fa4-a97d-d965ccfc6d4b" outcome="Passed" testListId="8c84fa94-04c1-424b-9868-57a2d4851a1d" relativeResultsDirectory="3b33bbf4-bb06-4aa2-8bf9-072f37c6d464">
      <Output>
        <StdOut>Debug Trace:&#xD;
TopLevelControl returns null. PostMessage may have problems&#xD;
MIP: Error: ConfigurationApiItemWrapper (): ConfigAPI GetItem(): System.NotImplementedException, The method or operation is not implemented.&#xD;
MIP: Error: Factory.IsItemTypeSupported (): Exception source:      VideoOS.Platform.SDK.UnitTests&#xD;
Exception type:        System.NotImplementedException&#xD;
Exception message:     The method or operation is not implemented.&#xD;
Exception target site: GetItem&#xD;
   at VideoOS.Platform.SDKUnittest.EnvironmentTests.TestConfigurationClientService.GetItem(String path) in D:\actions-runner\_work\XPCO\XPCO\MIP\MIPSDK\tst\VideoOS.Platform.SDK.UnitTests\EnvironmentTests\TestsWithCorporateShimsBase.cs:line 227&#xD;
   at VideoOS.Platform.Proxy.ConfigApi.ConfigurationApiItemWrapper..ctor(ServerId serverId, String path) in D:\actions-runner\_work\XPCO\XPCO\MIP\PlatformPlugin\VideoOS.Platform\src\Proxy\ConfigApi\ConfigurationApiItemWrapper.cs:line 110&#xD;
   at VideoOS.Platform.ConfigurationItems.Factory.IsItemTypeSupported(ServerId serverId, String itemType) in D:\actions-runner\_work\XPCO\XPCO\MIP\PlatformPlugin\VideoOS.Platform\src\ConfigurationItems\Factory.cs:line 464&#xD;
&#xD;
Factory.IsItemTypeSupportedFactory.IsItemTypeSupported ()The method or operation is not implemented.   at VideoOS.Platform.SDKUnittest.EnvironmentTests.TestConfigurationClientService.GetItem(String path) in D:\actions-runner\_work\XPCO\XPCO\MIP\MIPSDK\tst\VideoOS.Platform.SDK.UnitTests\EnvironmentTests\TestsWithCorporateShimsBase.cs:line 227&#xD;
   at VideoOS.Platform.Proxy.ConfigApi.ConfigurationApiItemWrapper..ctor(ServerId serverId, String path) in D:\actions-runner\_work\XPCO\XPCO\MIP\PlatformPlugin\VideoOS.Platform\src\Proxy\ConfigApi\ConfigurationApiItemWrapper.cs:line 110&#xD;
   at VideoOS.Platform.ConfigurationItems.Factory.IsItemTypeSupported(ServerId serverId, String itemType) in D:\actions-runner\_work\XPCO\XPCO\MIP\PlatformPlugin\VideoOS.Platform\src\ConfigurationItems\Factory.cs:line 464&#xD;
MIP: Error: GetConfiguration (): CustomSetting not found for the given platformDefinitionId: e145597a-ecaf-40a1-99e6-14bb9d45a09e&#xD;
MIP: Error: ConfigurationApiItemWrapper (): ConfigAPI GetItem(): System.NotImplementedException, The method or operation is not implemented.&#xD;
MIP: Error: Factory.IsItemTypeSupported (): Exception source:      VideoOS.Platform.SDK.UnitTests&#xD;
Exception type:        System.NotImplementedException&#xD;
Exception message:     The method or operation is not implemented.&#xD;
Exception target site: GetItem&#xD;
   at VideoOS.Platform.SDKUnittest.EnvironmentTests.TestConfigurationClientService.GetItem(String path) in D:\actions-runner\_work\XPCO\XPCO\MIP\MIPSDK\tst\VideoOS.Platform.SDK.UnitTests\EnvironmentTests\TestsWithCorporateShimsBase.cs:line 227&#xD;
   at VideoOS.Platform.Proxy.ConfigApi.ConfigurationApiItemWrapper..ctor(ServerId serverId, String path) in D:\actions-runner\_work\XPCO\XPCO\MIP\PlatformPlugin\VideoOS.Platform\src\Proxy\ConfigApi\ConfigurationApiItemWrapper.cs:line 110&#xD;
   at VideoOS.Platform.ConfigurationItems.Factory.IsItemTypeSupported(ServerId serverId, String itemType) in D:\actions-runner\_work\XPCO\XPCO\MIP\PlatformPlugin\VideoOS.Platform\src\ConfigurationItems\Factory.cs:line 464&#xD;
&#xD;
Factory.IsItemTypeSupportedFactory.IsItemTypeSupported ()The method or operation is not implemented.   at VideoOS.Platform.SDKUnittest.EnvironmentTests.TestConfigurationClientService.GetItem(String path) in D:\actions-runner\_work\XPCO\XPCO\MIP\MIPSDK\tst\VideoOS.Platform.SDK.UnitTests\EnvironmentTests\TestsWithCorporateShimsBase.cs:line 227&#xD;
   at VideoOS.Platform.Proxy.ConfigApi.ConfigurationApiItemWrapper..ctor(ServerId serverId, String path) in D:\actions-runner\_work\XPCO\XPCO\MIP\PlatformPlugin\VideoOS.Platform\src\Proxy\ConfigApi\ConfigurationApiItemWrapper.cs:line 110&#xD;
   at VideoOS.Platform.ConfigurationItems.Factory.IsItemTypeSupported(ServerId serverId, String itemType) in D:\actions-runner\_work\XPCO\XPCO\MIP\PlatformPlugin\VideoOS.Platform\src\ConfigurationItems\Factory.cs:line 464&#xD;
MIP: Error: LoginServerOauth (): https://1.2.3.5:55/ManagementServer/ServerCommandServiceOAuth.svc The method or operation is not implemented.&#xD;
MIP: Error: ConfigurationApiItemWrapper (): ConfigAPI GetItem(): System.NotImplementedException, The method or operation is not implemented.&#xD;
MIP: Error: Factory.IsItemTypeSupported (): Exception source:      VideoOS.Platform.SDK.UnitTests&#xD;
Exception type:        System.NotImplementedException&#xD;
Exception message:     The method or operation is not implemented.&#xD;
Exception target site: GetItem&#xD;
   at VideoOS.Platform.SDKUnittest.EnvironmentTests.TestConfigurationClientService.GetItem(String path) in D:\actions-runner\_work\XPCO\XPCO\MIP\MIPSDK\tst\VideoOS.Platform.SDK.UnitTests\EnvironmentTests\TestsWithCorporateShimsBase.cs:line 227&#xD;
   at VideoOS.Platform.Proxy.ConfigApi.ConfigurationApiItemWrapper..ctor(ServerId serverId, String path) in D:\actions-runner\_work\XPCO\XPCO\MIP\PlatformPlugin\VideoOS.Platform\src\Proxy\ConfigApi\ConfigurationApiItemWrapper.cs:line 110&#xD;
   at VideoOS.Platform.ConfigurationItems.Factory.IsItemTypeSupported(ServerId serverId, String itemType) in D:\actions-runner\_work\XPCO\XPCO\MIP\PlatformPlugin\VideoOS.Platform\src\ConfigurationItems\Factory.cs:line 464&#xD;
&#xD;
Factory.IsItemTypeSupportedFactory.IsItemTypeSupported ()The method or operation is not implemented.   at VideoOS.Platform.SDKUnittest.EnvironmentTests.TestConfigurationClientService.GetItem(String path) in D:\actions-runner\_work\XPCO\XPCO\MIP\MIPSDK\tst\VideoOS.Platform.SDK.UnitTests\EnvironmentTests\TestsWithCorporateShimsBase.cs:line 227&#xD;
   at VideoOS.Platform.Proxy.ConfigApi.ConfigurationApiItemWrapper..ctor(ServerId serverId, String path) in D:\actions-runner\_work\XPCO\XPCO\MIP\PlatformPlugin\VideoOS.Platform\src\Proxy\ConfigApi\ConfigurationApiItemWrapper.cs:line 110&#xD;
   at VideoOS.Platform.ConfigurationItems.Factory.IsItemTypeSupported(ServerId serverId, String itemType) in D:\actions-runner\_work\XPCO\XPCO\MIP\PlatformPlugin\VideoOS.Platform\src\ConfigurationItems\Factory.cs:line 464&#xD;
MIP: Error: GetConfiguration (): CustomSetting not found for the given platformDefinitionId: e145597a-ecaf-40a1-99e6-14bb9d45a09e&#xD;
MIP: Error: ConfigurationApiItemWrapper (): ConfigAPI GetItem(): System.NotImplementedException, The method or operation is not implemented.&#xD;
MIP: Error: Factory.IsItemTypeSupported (): Exception source:      VideoOS.Platform.SDK.UnitTests&#xD;
Exception type:        System.NotImplementedException&#xD;
Exception message:     The method or operation is not implemented.&#xD;
Exception target site: GetItem&#xD;
   at VideoOS.Platform.SDKUnittest.EnvironmentTests.TestConfigurationClientService.GetItem(String path) in D:\actions-runner\_work\XPCO\XPCO\MIP\MIPSDK\tst\VideoOS.Platform.SDK.UnitTests\EnvironmentTests\TestsWithCorporateShimsBase.cs:line 227&#xD;
   at VideoOS.Platform.Proxy.ConfigApi.ConfigurationApiItemWrapper..ctor(ServerId serverId, String path) in D:\actions-runner\_work\XPCO\XPCO\MIP\PlatformPlugin\VideoOS.Platform\src\Proxy\ConfigApi\ConfigurationApiItemWrapper.cs:line 110&#xD;
   at VideoOS.Platform.ConfigurationItems.Factory.IsItemTypeSupported(ServerId serverId, String itemType) in D:\actions-runner\_work\XPCO\XPCO\MIP\PlatformPlugin\VideoOS.Platform\src\ConfigurationItems\Factory.cs:line 464&#xD;
&#xD;
Factory.IsItemTypeSupportedFactory.IsItemTypeSupported ()The method or operation is not implemented.   at VideoOS.Platform.SDKUnittest.EnvironmentTests.TestConfigurationClientService.GetItem(String path) in D:\actions-runner\_work\XPCO\XPCO\MIP\MIPSDK\tst\VideoOS.Platform.SDK.UnitTests\EnvironmentTests\TestsWithCorporateShimsBase.cs:line 227&#xD;
   at VideoOS.Platform.Proxy.ConfigApi.ConfigurationApiItemWrapper..ctor(ServerId serverId, String path) in D:\actions-runner\_work\XPCO\XPCO\MIP\PlatformPlugin\VideoOS.Platform\src\Proxy\ConfigApi\ConfigurationApiItemWrapper.cs:line 110&#xD;
   at VideoOS.Platform.ConfigurationItems.Factory.IsItemTypeSupported(ServerId serverId, String itemType) in D:\actions-runner\_work\XPCO\XPCO\MIP\PlatformPlugin\VideoOS.Platform\src\ConfigurationItems\Factory.cs:line 464&#xD;
MIP: Error: LoginServerOauth (): https://1.2.3.5:55/ManagementServer/ServerCommandServiceOAuth.svc The method or operation is not implemented.&#xD;
MIP: Error: ConfigurationApiItemWrapper (): ConfigAPI GetItem(): System.NotImplementedException, The method or operation is not implemented.&#xD;
MIP: Error: Factory.IsItemTypeSupported (): Exception source:      VideoOS.Platform.SDK.UnitTests&#xD;
Exception type:        System.NotImplementedException&#xD;
Exception message:     The method or operation is not implemented.&#xD;
Exception target site: GetItem&#xD;
   at VideoOS.Platform.SDKUnittest.EnvironmentTests.TestConfigurationClientService.GetItem(String path) in D:\actions-runner\_work\XPCO\XPCO\MIP\MIPSDK\tst\VideoOS.Platform.SDK.UnitTests\EnvironmentTests\TestsWithCorporateShimsBase.cs:line 227&#xD;
   at VideoOS.Platform.Proxy.ConfigApi.ConfigurationApiItemWrapper..ctor(ServerId serverId, String path) in D:\actions-runner\_work\XPCO\XPCO\MIP\PlatformPlugin\VideoOS.Platform\src\Proxy\ConfigApi\ConfigurationApiItemWrapper.cs:line 110&#xD;
   at VideoOS.Platform.ConfigurationItems.Factory.IsItemTypeSupported(ServerId serverId, String itemType) in D:\actions-runner\_work\XPCO\XPCO\MIP\PlatformPlugin\VideoOS.Platform\src\ConfigurationItems\Factory.cs:line 464&#xD;
&#xD;
Factory.IsItemTypeSupportedFactory.IsItemTypeSupported ()The method or operation is not implemented.   at VideoOS.Platform.SDKUnittest.EnvironmentTests.TestConfigurationClientService.GetItem(String path) in D:\actions-runner\_work\XPCO\XPCO\MIP\MIPSDK\tst\VideoOS.Platform.SDK.UnitTests\EnvironmentTests\TestsWithCorporateShimsBase.cs:line 227&#xD;
   at VideoOS.Platform.Proxy.ConfigApi.ConfigurationApiItemWrapper..ctor(ServerId serverId, String path) in D:\actions-runner\_work\XPCO\XPCO\MIP\PlatformPlugin\VideoOS.Platform\src\Proxy\ConfigApi\ConfigurationApiItemWrapper.cs:line 110&#xD;
   at VideoOS.Platform.ConfigurationItems.Factory.IsItemTypeSupported(ServerId serverId, String itemType) in D:\actions-runner\_work\XPCO\XPCO\MIP\PlatformPlugin\VideoOS.Platform\src\ConfigurationItems\Factory.cs:line 464&#xD;
MIP: Error: ConfigurationApiItemWrapper (): ConfigAPI GetItem(): System.NotImplementedException, The method or operation is not implemented.&#xD;
MIP: Error: Factory.IsItemTypeSupported (): Exception source:      VideoOS.Platform.SDK.UnitTests&#xD;
Exception type:        System.NotImplementedException&#xD;
Exception message:     The method or operation is not implemented.&#xD;
Exception target site: GetItem&#xD;
   at VideoOS.Platform.SDKUnittest.EnvironmentTests.TestConfigurationClientService.GetItem(String path) in D:\actions-runner\_work\XPCO\XPCO\MIP\MIPSDK\tst\VideoOS.Platform.SDK.UnitTests\EnvironmentTests\TestsWithCorporateShimsBase.cs:line 227&#xD;
   at VideoOS.Platform.Proxy.ConfigApi.ConfigurationApiItemWrapper..ctor(ServerId serverId, String path) in D:\actions-runner\_work\XPCO\XPCO\MIP\PlatformPlugin\VideoOS.Platform\src\Proxy\ConfigApi\ConfigurationApiItemWrapper.cs:line 110&#xD;
   at VideoOS.Platform.ConfigurationItems.Factory.IsItemTypeSupported(ServerId serverId, String itemType) in D:\actions-runner\_work\XPCO\XPCO\MIP\PlatformPlugin\VideoOS.Platform\src\ConfigurationItems\Factory.cs:line 464&#xD;
&#xD;
Factory.IsItemTypeSupportedFactory.IsItemTypeSupported ()The method or operation is not implemented.   at VideoOS.Platform.SDKUnittest.EnvironmentTests.TestConfigurationClientService.GetItem(String path) in D:\actions-runner\_work\XPCO\XPCO\MIP\MIPSDK\tst\VideoOS.Platform.SDK.UnitTests\EnvironmentTests\TestsWithCorporateShimsBase.cs:line 227&#xD;
   at VideoOS.Platform.Proxy.ConfigApi.ConfigurationApiItemWrapper..ctor(ServerId serverId, String path) in D:\actions-runner\_work\XPCO\XPCO\MIP\PlatformPlugin\VideoOS.Platform\src\Proxy\ConfigApi\ConfigurationApiItemWrapper.cs:line 110&#xD;
   at VideoOS.Platform.ConfigurationItems.Factory.IsItemTypeSupported(ServerId serverId, String itemType) in D:\actions-runner\_work\XPCO\XPCO\MIP\PlatformPlugin\VideoOS.Platform\src\ConfigurationItems\Factory.cs:line 464&#xD;
MIP: Error: LoginServerOauth (): https://1.2.3.5:55/ManagementServer/ServerCommandServiceOAuth.svc The method or operation is not implemented.&#xD;
MIP: Error: ConfigurationApiItemWrapper (): ConfigAPI GetItem(): System.NotImplementedException, The method or operation is not implemented.&#xD;
MIP: Error: Factory.IsItemTypeSupported (): Exception source:      VideoOS.Platform.SDK.UnitTests&#xD;
Exception type:        System.NotImplementedException&#xD;
Exception message:     The method or operation is not implemented.&#xD;
Exception target site: GetItem&#xD;
   at VideoOS.Platform.SDKUnittest.EnvironmentTests.TestConfigurationClientService.GetItem(String path) in D:\actions-runner\_work\XPCO\XPCO\MIP\MIPSDK\tst\VideoOS.Platform.SDK.UnitTests\EnvironmentTests\TestsWithCorporateShimsBase.cs:line 227&#xD;
   at VideoOS.Platform.Proxy.ConfigApi.ConfigurationApiItemWrapper..ctor(ServerId serverId, String path) in D:\actions-runner\_work\XPCO\XPCO\MIP\PlatformPlugin\VideoOS.Platform\src\Proxy\ConfigApi\ConfigurationApiItemWrapper.cs:line 110&#xD;
   at VideoOS.Platform.ConfigurationItems.Factory.IsItemTypeSupported(ServerId serverId, String itemType) in D:\actions-runner\_work\XPCO\XPCO\MIP\PlatformPlugin\VideoOS.Platform\src\ConfigurationItems\Factory.cs:line 464&#xD;
&#xD;
Factory.IsItemTypeSupportedFactory.IsItemTypeSupported ()The method or operation is not implemented.   at VideoOS.Platform.SDKUnittest.EnvironmentTests.TestConfigurationClientService.GetItem(String path) in D:\actions-runner\_work\XPCO\XPCO\MIP\MIPSDK\tst\VideoOS.Platform.SDK.UnitTests\EnvironmentTests\TestsWithCorporateShimsBase.cs:line 227&#xD;
   at VideoOS.Platform.Proxy.ConfigApi.ConfigurationApiItemWrapper..ctor(ServerId serverId, String path) in D:\actions-runner\_work\XPCO\XPCO\MIP\PlatformPlugin\VideoOS.Platform\src\Proxy\ConfigApi\ConfigurationApiItemWrapper.cs:line 110&#xD;
   at VideoOS.Platform.ConfigurationItems.Factory.IsItemTypeSupported(ServerId serverId, String itemType) in D:\actions-runner\_work\XPCO\XPCO\MIP\PlatformPlugin\VideoOS.Platform\src\ConfigurationItems\Factory.cs:line 464&#xD;
MIP: Error: GetConfiguration (): CustomSetting not found for the given platformDefinitionId: e145597a-ecaf-40a1-99e6-14bb9d45a09e&#xD;
MIP: Error: ConfigurationApiItemWrapper (): ConfigAPI GetItem(): System.NotImplementedException, The method or operation is not implemented.&#xD;
MIP: Error: Factory.IsItemTypeSupported (): Exception source:      VideoOS.Platform.SDK.UnitTests&#xD;
Exception type:        System.NotImplementedException&#xD;
Exception message:     The method or operation is not implemented.&#xD;
Exception target site: GetItem&#xD;
   at VideoOS.Platform.SDKUnittest.EnvironmentTests.TestConfigurationClientService.GetItem(String path) in D:\actions-runner\_work\XPCO\XPCO\MIP\MIPSDK\tst\VideoOS.Platform.SDK.UnitTests\EnvironmentTests\TestsWithCorporateShimsBase.cs:line 227&#xD;
   at VideoOS.Platform.Proxy.ConfigApi.ConfigurationApiItemWrapper..ctor(ServerId serverId, String path) in D:\actions-runner\_work\XPCO\XPCO\MIP\PlatformPlugin\VideoOS.Platform\src\Proxy\ConfigApi\ConfigurationApiItemWrapper.cs:line 110&#xD;
   at VideoOS.Platform.ConfigurationItems.Factory.IsItemTypeSupported(ServerId serverId, String itemType) in D:\actions-runner\_work\XPCO\XPCO\MIP\PlatformPlugin\VideoOS.Platform\src\ConfigurationItems\Factory.cs:line 464&#xD;
&#xD;
Factory.IsItemTypeSupportedFactory.IsItemTypeSupported ()The method or operation is not implemented.   at VideoOS.Platform.SDKUnittest.EnvironmentTests.TestConfigurationClientService.GetItem(String path) in D:\actions-runner\_work\XPCO\XPCO\MIP\MIPSDK\tst\VideoOS.Platform.SDK.UnitTests\EnvironmentTests\TestsWithCorporateShimsBase.cs:line 227&#xD;
   at VideoOS.Platform.Proxy.ConfigApi.ConfigurationApiItemWrapper..ctor(ServerId serverId, String path) in D:\actions-runner\_work\XPCO\XPCO\MIP\PlatformPlugin\VideoOS.Platform\src\Proxy\ConfigApi\ConfigurationApiItemWrapper.cs:line 110&#xD;
   at VideoOS.Platform.ConfigurationItems.Factory.IsItemTypeSupported(ServerId serverId, String itemType) in D:\actions-runner\_work\XPCO\XPCO\MIP\PlatformPlugin\VideoOS.Platform\src\ConfigurationItems\Factory.cs:line 464&#xD;
MIP: Error: LoginServerOauth (): https://1.2.3.5:55/ManagementServer/ServerCommandServiceOAuth.svc The method or operation is not implemented.&#xD;
MIP: Error: ConfigurationApiItemWrapper (): ConfigAPI GetItem(): System.NotImplementedException, The method or operation is not implemented.&#xD;
MIP: Error: Factory.IsItemTypeSupported (): Exception source:      VideoOS.Platform.SDK.UnitTests&#xD;
Exception type:        System.NotImplementedException&#xD;
Exception message:     The method or operation is not implemented.&#xD;
Exception target site: GetItem&#xD;
   at VideoOS.Platform.SDKUnittest.EnvironmentTests.TestConfigurationClientService.GetItem(String path) in D:\actions-runner\_work\XPCO\XPCO\MIP\MIPSDK\tst\VideoOS.Platform.SDK.UnitTests\EnvironmentTests\TestsWithCorporateShimsBase.cs:line 227&#xD;
   at VideoOS.Platform.Proxy.ConfigApi.ConfigurationApiItemWrapper..ctor(ServerId serverId, String path) in D:\actions-runner\_work\XPCO\XPCO\MIP\PlatformPlugin\VideoOS.Platform\src\Proxy\ConfigApi\ConfigurationApiItemWrapper.cs:line 110&#xD;
   at VideoOS.Platform.ConfigurationItems.Factory.IsItemTypeSupported(ServerId serverId, String itemType) in D:\actions-runner\_work\XPCO\XPCO\MIP\PlatformPlugin\VideoOS.Platform\src\ConfigurationItems\Factory.cs:line 464&#xD;
&#xD;
Factory.IsItemTypeSupportedFactory.IsItemTypeSupported ()The method or operation is not implemented.   at VideoOS.Platform.SDKUnittest.EnvironmentTests.TestConfigurationClientService.GetItem(String path) in D:\actions-runner\_work\XPCO\XPCO\MIP\MIPSDK\tst\VideoOS.Platform.SDK.UnitTests\EnvironmentTests\TestsWithCorporateShimsBase.cs:line 227&#xD;
   at VideoOS.Platform.Proxy.ConfigApi.ConfigurationApiItemWrapper..ctor(ServerId serverId, String path) in D:\actions-runner\_work\XPCO\XPCO\MIP\PlatformPlugin\VideoOS.Platform\src\Proxy\ConfigApi\ConfigurationApiItemWrapper.cs:line 110&#xD;
   at VideoOS.Platform.ConfigurationItems.Factory.IsItemTypeSupported(ServerId serverId, String itemType) in D:\actions-runner\_work\XPCO\XPCO\MIP\PlatformPlugin\VideoOS.Platform\src\ConfigurationItems\Factory.cs:line 464&#xD;
MIP: Error: ConfigurationApiItemWrapper (): ConfigAPI GetItem(): System.NotImplementedException, The method or operation is not implemented.&#xD;
MIP: Error: Factory.IsItemTypeSupported (): Exception source:      VideoOS.Platform.SDK.UnitTests&#xD;
Exception type:        System.NotImplementedException&#xD;
Exception message:     The method or operation is not implemented.&#xD;
Exception target site: GetItem&#xD;
   at VideoOS.Platform.SDKUnittest.EnvironmentTests.TestConfigurationClientService.GetItem(String path) in D:\actions-runner\_work\XPCO\XPCO\MIP\MIPSDK\tst\VideoOS.Platform.SDK.UnitTests\EnvironmentTests\TestsWithCorporateShimsBase.cs:line 227&#xD;
   at VideoOS.Platform.Proxy.ConfigApi.ConfigurationApiItemWrapper..ctor(ServerId serverId, String path) in D:\actions-runner\_work\XPCO\XPCO\MIP\PlatformPlugin\VideoOS.Platform\src\Proxy\ConfigApi\ConfigurationApiItemWrapper.cs:line 110&#xD;
   at VideoOS.Platform.ConfigurationItems.Factory.IsItemTypeSupported(ServerId serverId, String itemType) in D:\actions-runner\_work\XPCO\XPCO\MIP\PlatformPlugin\VideoOS.Platform\src\ConfigurationItems\Factory.cs:line 464&#xD;
&#xD;
Factory.IsItemTypeSupportedFactory.IsItemTypeSupported ()The method or operation is not implemented.   at VideoOS.Platform.SDKUnittest.EnvironmentTests.TestConfigurationClientService.GetItem(String path) in D:\actions-runner\_work\XPCO\XPCO\MIP\MIPSDK\tst\VideoOS.Platform.SDK.UnitTests\EnvironmentTests\TestsWithCorporateShimsBase.cs:line 227&#xD;
   at VideoOS.Platform.Proxy.ConfigApi.ConfigurationApiItemWrapper..ctor(ServerId serverId, String path) in D:\actions-runner\_work\XPCO\XPCO\MIP\PlatformPlugin\VideoOS.Platform\src\Proxy\ConfigApi\ConfigurationApiItemWrapper.cs:line 110&#xD;
   at VideoOS.Platform.ConfigurationItems.Factory.IsItemTypeSupported(ServerId serverId, String itemType) in D:\actions-runner\_work\XPCO\XPCO\MIP\PlatformPlugin\VideoOS.Platform\src\ConfigurationItems\Factory.cs:line 464&#xD;
MIP: Error: LoginServerOauth (): https://1.2.3.5:55/ManagementServer/ServerCommandServiceOAuth.svc The method or operation is not implemented.&#xD;
MIP: Error: ConfigurationApiItemWrapper (): ConfigAPI GetItem(): System.NotImplementedException, The method or operation is not implemented.&#xD;
MIP: Error: Factory.IsItemTypeSupported (): Exception source:      VideoOS.Platform.SDK.UnitTests&#xD;
Exception type:        System.NotImplementedException&#xD;
Exception message:     The method or operation is not implemented.&#xD;
Exception target site: GetItem&#xD;
   at VideoOS.Platform.SDKUnittest.EnvironmentTests.TestConfigurationClientService.GetItem(String path) in D:\actions-runner\_work\XPCO\XPCO\MIP\MIPSDK\tst\VideoOS.Platform.SDK.UnitTests\EnvironmentTests\TestsWithCorporateShimsBase.cs:line 227&#xD;
   at VideoOS.Platform.Proxy.ConfigApi.ConfigurationApiItemWrapper..ctor(ServerId serverId, String path) in D:\actions-runner\_work\XPCO\XPCO\MIP\PlatformPlugin\VideoOS.Platform\src\Proxy\ConfigApi\ConfigurationApiItemWrapper.cs:line 110&#xD;
   at VideoOS.Platform.ConfigurationItems.Factory.IsItemTypeSupported(ServerId serverId, String itemType) in D:\actions-runner\_work\XPCO\XPCO\MIP\PlatformPlugin\VideoOS.Platform\src\ConfigurationItems\Factory.cs:line 464&#xD;
&#xD;
Factory.IsItemTypeSupportedFactory.IsItemTypeSupported ()The method or operation is not implemented.   at VideoOS.Platform.SDKUnittest.EnvironmentTests.TestConfigurationClientService.GetItem(String path) in D:\actions-runner\_work\XPCO\XPCO\MIP\MIPSDK\tst\VideoOS.Platform.SDK.UnitTests\EnvironmentTests\TestsWithCorporateShimsBase.cs:line 227&#xD;
   at VideoOS.Platform.Proxy.ConfigApi.ConfigurationApiItemWrapper..ctor(ServerId serverId, String path) in D:\actions-runner\_work\XPCO\XPCO\MIP\PlatformPlugin\VideoOS.Platform\src\Proxy\ConfigApi\ConfigurationApiItemWrapper.cs:line 110&#xD;
   at VideoOS.Platform.ConfigurationItems.Factory.IsItemTypeSupported(ServerId serverId, String itemType) in D:\actions-runner\_work\XPCO\XPCO\MIP\PlatformPlugin\VideoOS.Platform\src\ConfigurationItems\Factory.cs:line 464&#xD;
MIP: Error: GetConfiguration (): CustomSetting not found for the given platformDefinitionId: e145597a-ecaf-40a1-99e6-14bb9d45a09e&#xD;
MIP: Error: ConfigurationApiItemWrapper (): ConfigAPI GetItem(): System.NotImplementedException, The method or operation is not implemented.&#xD;
MIP: Error: Factory.IsItemTypeSupported (): Exception source:      VideoOS.Platform.SDK.UnitTests&#xD;
Exception type:        System.NotImplementedException&#xD;
Exception message:     The method or operation is not implemented.&#xD;
Exception target site: GetItem&#xD;
   at VideoOS.Platform.SDKUnittest.EnvironmentTests.TestConfigurationClientService.GetItem(String path) in D:\actions-runner\_work\XPCO\XPCO\MIP\MIPSDK\tst\VideoOS.Platform.SDK.UnitTests\EnvironmentTests\TestsWithCorporateShimsBase.cs:line 227&#xD;
   at VideoOS.Platform.Proxy.ConfigApi.ConfigurationApiItemWrapper..ctor(ServerId serverId, String path) in D:\actions-runner\_work\XPCO\XPCO\MIP\PlatformPlugin\VideoOS.Platform\src\Proxy\ConfigApi\ConfigurationApiItemWrapper.cs:line 110&#xD;
   at VideoOS.Platform.ConfigurationItems.Factory.IsItemTypeSupported(ServerId serverId, String itemType) in D:\actions-runner\_work\XPCO\XPCO\MIP\PlatformPlugin\VideoOS.Platform\src\ConfigurationItems\Factory.cs:line 464&#xD;
&#xD;
Factory.IsItemTypeSupportedFactory.IsItemTypeSupported ()The method or operation is not implemented.   at VideoOS.Platform.SDKUnittest.EnvironmentTests.TestConfigurationClientService.GetItem(String path) in D:\actions-runner\_work\XPCO\XPCO\MIP\MIPSDK\tst\VideoOS.Platform.SDK.UnitTests\EnvironmentTests\TestsWithCorporateShimsBase.cs:line 227&#xD;
   at VideoOS.Platform.Proxy.ConfigApi.ConfigurationApiItemWrapper..ctor(ServerId serverId, String path) in D:\actions-runner\_work\XPCO\XPCO\MIP\PlatformPlugin\VideoOS.Platform\src\Proxy\ConfigApi\ConfigurationApiItemWrapper.cs:line 110&#xD;
   at VideoOS.Platform.ConfigurationItems.Factory.IsItemTypeSupported(ServerId serverId, String itemType) in D:\actions-runner\_work\XPCO\XPCO\MIP\PlatformPlugin\VideoOS.Platform\src\ConfigurationItems\Factory.cs:line 464&#xD;
MIP: Error: LoginServerOauth (): https://1.2.3.5:55/ManagementServer/ServerCommandServiceOAuth.svc The method or operation is not implemented.&#xD;
MIP: Error: ConfigurationApiItemWrapper (): ConfigAPI GetItem(): System.NotImplementedException, The method or operation is not implemented.&#xD;
MIP: Error: Factory.IsItemTypeSupported (): Exception source:      VideoOS.Platform.SDK.UnitTests&#xD;
Exception type:        System.NotImplementedException&#xD;
Exception message:     The method or operation is not implemented.&#xD;
Exception target site: GetItem&#xD;
   at VideoOS.Platform.SDKUnittest.EnvironmentTests.TestConfigurationClientService.GetItem(String path) in D:\actions-runner\_work\XPCO\XPCO\MIP\MIPSDK\tst\VideoOS.Platform.SDK.UnitTests\EnvironmentTests\TestsWithCorporateShimsBase.cs:line 227&#xD;
   at VideoOS.Platform.Proxy.ConfigApi.ConfigurationApiItemWrapper..ctor(ServerId serverId, String path) in D:\actions-runner\_work\XPCO\XPCO\MIP\PlatformPlugin\VideoOS.Platform\src\Proxy\ConfigApi\ConfigurationApiItemWrapper.cs:line 110&#xD;
   at VideoOS.Platform.ConfigurationItems.Factory.IsItemTypeSupported(ServerId serverId, String itemType) in D:\actions-runner\_work\XPCO\XPCO\MIP\PlatformPlugin\VideoOS.Platform\src\ConfigurationItems\Factory.cs:line 464&#xD;
&#xD;
Factory.IsItemTypeSupportedFactory.IsItemTypeSupported ()The method or operation is not implemented.   at VideoOS.Platform.SDKUnittest.EnvironmentTests.TestConfigurationClientService.GetItem(String path) in D:\actions-runner\_work\XPCO\XPCO\MIP\MIPSDK\tst\VideoOS.Platform.SDK.UnitTests\EnvironmentTests\TestsWithCorporateShimsBase.cs:line 227&#xD;
   at VideoOS.Platform.Proxy.ConfigApi.ConfigurationApiItemWrapper..ctor(ServerId serverId, String path) in D:\actions-runner\_work\XPCO\XPCO\MIP\PlatformPlugin\VideoOS.Platform\src\Proxy\ConfigApi\ConfigurationApiItemWrapper.cs:line 110&#xD;
   at VideoOS.Platform.ConfigurationItems.Factory.IsItemTypeSupported(ServerId serverId, String itemType) in D:\actions-runner\_work\XPCO\XPCO\MIP\PlatformPlugin\VideoOS.Platform\src\ConfigurationItems\Factory.cs:line 464&#xD;
MIP: Error: ConfigurationApiItemWrapper (): ConfigAPI GetItem(): System.NotImplementedException, The method or operation is not implemented.&#xD;
MIP: Error: Factory.IsItemTypeSupported (): Exception source:      VideoOS.Platform.SDK.UnitTests&#xD;
Exception type:        System.NotImplementedException&#xD;
Exception message:     The method or operation is not implemented.&#xD;
Exception target site: GetItem&#xD;
   at VideoOS.Platform.SDKUnittest.EnvironmentTests.TestConfigurationClientService.GetItem(String path) in D:\actions-runner\_work\XPCO\XPCO\MIP\MIPSDK\tst\VideoOS.Platform.SDK.UnitTests\EnvironmentTests\TestsWithCorporateShimsBase.cs:line 227&#xD;
   at VideoOS.Platform.Proxy.ConfigApi.ConfigurationApiItemWrapper..ctor(ServerId serverId, String path) in D:\actions-runner\_work\XPCO\XPCO\MIP\PlatformPlugin\VideoOS.Platform\src\Proxy\ConfigApi\ConfigurationApiItemWrapper.cs:line 110&#xD;
   at VideoOS.Platform.ConfigurationItems.Factory.IsItemTypeSupported(ServerId serverId, String itemType) in D:\actions-runner\_work\XPCO\XPCO\MIP\PlatformPlugin\VideoOS.Platform\src\ConfigurationItems\Factory.cs:line 464&#xD;
&#xD;
Factory.IsItemTypeSupportedFactory.IsItemTypeSupported ()The method or operation is not implemented.   at VideoOS.Platform.SDKUnittest.EnvironmentTests.TestConfigurationClientService.GetItem(String path) in D:\actions-runner\_work\XPCO\XPCO\MIP\MIPSDK\tst\VideoOS.Platform.SDK.UnitTests\EnvironmentTests\TestsWithCorporateShimsBase.cs:line 227&#xD;
   at VideoOS.Platform.Proxy.ConfigApi.ConfigurationApiItemWrapper..ctor(ServerId serverId, String path) in D:\actions-runner\_work\XPCO\XPCO\MIP\PlatformPlugin\VideoOS.Platform\src\Proxy\ConfigApi\ConfigurationApiItemWrapper.cs:line 110&#xD;
   at VideoOS.Platform.ConfigurationItems.Factory.IsItemTypeSupported(ServerId serverId, String itemType) in D:\actions-runner\_work\XPCO\XPCO\MIP\PlatformPlugin\VideoOS.Platform\src\ConfigurationItems\Factory.cs:line 464&#xD;
MIP: Error: LoginServerOauth (): https://1.2.3.5:55/ManagementServer/ServerCommandServiceOAuth.svc The method or operation is not implemented.&#xD;
MIP: Error: ConfigurationApiItemWrapper (): ConfigAPI GetItem(): System.NotImplementedException, The method or operation is not implemented.&#xD;
MIP: Error: Factory.IsItemTypeSupported (): Exception source:      VideoOS.Platform.SDK.UnitTests&#xD;
Exception type:        System.NotImplementedException&#xD;
Exception message:     The method or operation is not implemented.&#xD;
Exception target site: GetItem&#xD;
   at VideoOS.Platform.SDKUnittest.EnvironmentTests.TestConfigurationClientService.GetItem(String path) in D:\actions-runner\_work\XPCO\XPCO\MIP\MIPSDK\tst\VideoOS.Platform.SDK.UnitTests\EnvironmentTests\TestsWithCorporateShimsBase.cs:line 227&#xD;
   at VideoOS.Platform.Proxy.ConfigApi.ConfigurationApiItemWrapper..ctor(ServerId serverId, String path) in D:\actions-runner\_work\XPCO\XPCO\MIP\PlatformPlugin\VideoOS.Platform\src\Proxy\ConfigApi\ConfigurationApiItemWrapper.cs:line 110&#xD;
   at VideoOS.Platform.ConfigurationItems.Factory.IsItemTypeSupported(ServerId serverId, String itemType) in D:\actions-runner\_work\XPCO\XPCO\MIP\PlatformPlugin\VideoOS.Platform\src\ConfigurationItems\Factory.cs:line 464&#xD;
&#xD;
Factory.IsItemTypeSupportedFactory.IsItemTypeSupported ()The method or operation is not implemented.   at VideoOS.Platform.SDKUnittest.EnvironmentTests.TestConfigurationClientService.GetItem(String path) in D:\actions-runner\_work\XPCO\XPCO\MIP\MIPSDK\tst\VideoOS.Platform.SDK.UnitTests\EnvironmentTests\TestsWithCorporateShimsBase.cs:line 227&#xD;
   at VideoOS.Platform.Proxy.ConfigApi.ConfigurationApiItemWrapper..ctor(ServerId serverId, String path) in D:\actions-runner\_work\XPCO\XPCO\MIP\PlatformPlugin\VideoOS.Platform\src\Proxy\ConfigApi\ConfigurationApiItemWrapper.cs:line 110&#xD;
   at VideoOS.Platform.ConfigurationItems.Factory.IsItemTypeSupported(ServerId serverId, String itemType) in D:\actions-runner\_work\XPCO\XPCO\MIP\PlatformPlugin\VideoOS.Platform\src\ConfigurationItems\Factory.cs:line 464&#xD;
MIP: Error: GetConfiguration (): CustomSetting not found for the given platformDefinitionId: e145597a-ecaf-40a1-99e6-14bb9d45a09e&#xD;
MIP: Error: ConfigurationApiItemWrapper (): ConfigAPI GetItem(): System.NotImplementedException, The method or operation is not implemented.&#xD;
MIP: Error: Factory.IsItemTypeSupported (): Exception source:      VideoOS.Platform.SDK.UnitTests&#xD;
Exception type:        System.NotImplementedException&#xD;
Exception message:     The method or operation is not implemented.&#xD;
Exception target site: GetItem&#xD;
   at VideoOS.Platform.SDKUnittest.EnvironmentTests.TestConfigurationClientService.GetItem(String path) in D:\actions-runner\_work\XPCO\XPCO\MIP\MIPSDK\tst\VideoOS.Platform.SDK.UnitTests\EnvironmentTests\TestsWithCorporateShimsBase.cs:line 227&#xD;
   at VideoOS.Platform.Proxy.ConfigApi.ConfigurationApiItemWrapper..ctor(ServerId serverId, String path) in D:\actions-runner\_work\XPCO\XPCO\MIP\PlatformPlugin\VideoOS.Platform\src\Proxy\ConfigApi\ConfigurationApiItemWrapper.cs:line 110&#xD;
   at VideoOS.Platform.ConfigurationItems.Factory.IsItemTypeSupported(ServerId serverId, String itemType) in D:\actions-runner\_work\XPCO\XPCO\MIP\PlatformPlugin\VideoOS.Platform\src\ConfigurationItems\Factory.cs:line 464&#xD;
&#xD;
Factory.IsItemTypeSupportedFactory.IsItemTypeSupported ()The method or operation is not implemented.   at VideoOS.Platform.SDKUnittest.EnvironmentTests.TestConfigurationClientService.GetItem(String path) in D:\actions-runner\_work\XPCO\XPCO\MIP\MIPSDK\tst\VideoOS.Platform.SDK.UnitTests\EnvironmentTests\TestsWithCorporateShimsBase.cs:line 227&#xD;
   at VideoOS.Platform.Proxy.ConfigApi.ConfigurationApiItemWrapper..ctor(ServerId serverId, String path) in D:\actions-runner\_work\XPCO\XPCO\MIP\PlatformPlugin\VideoOS.Platform\src\Proxy\ConfigApi\ConfigurationApiItemWrapper.cs:line 110&#xD;
   at VideoOS.Platform.ConfigurationItems.Factory.IsItemTypeSupported(ServerId serverId, String itemType) in D:\actions-runner\_work\XPCO\XPCO\MIP\PlatformPlugin\VideoOS.Platform\src\ConfigurationItems\Factory.cs:line 464&#xD;
MIP: Error: LoginServerOauth (): https://1.2.3.5:55/ManagementServer/ServerCommandServiceOAuth.svc The method or operation is not implemented.&#xD;
MIP: Error: ConfigurationApiItemWrapper (): ConfigAPI GetItem(): System.NotImplementedException, The method or operation is not implemented.&#xD;
MIP: Error: ConfigurationAsync::BuildTopLevelItems LoadPlugin Loop (): Exception source:      VideoOS.Platform.SDK.UnitTests&#xD;
Exception type:        System.NotImplementedException&#xD;
Exception message:     The method or operation is not implemented.&#xD;
Exception target site: GetItem&#xD;
   at VideoOS.Platform.SDKUnittest.EnvironmentTests.TestConfigurationClientService.GetItem(String path) in D:\actions-runner\_work\XPCO\XPCO\MIP\MIPSDK\tst\VideoOS.Platform.SDK.UnitTests\EnvironmentTests\TestsWithCorporateShimsBase.cs:line 227&#xD;
   at VideoOS.Platform.Proxy.ConfigApi.ConfigurationApiItemWrapper..ctor(ServerId serverId, String path) in D:\actions-runner\_work\XPCO\XPCO\MIP\PlatformPlugin\VideoOS.Platform\src\Proxy\ConfigApi\ConfigurationApiItemWrapper.cs:line 110&#xD;
   at VideoOS.Platform.Util.VideoWall.LayoutGroupItemManager.GetItem(FQID fqid) in D:\actions-runner\_work\XPCO\XPCO\MIP\PlatformPlugin\VideoOS.Platform\src\Util\VideoWall\LayoutGroupItemManager.cs:line 57&#xD;
   at VideoOS.Platform.SDK.Platform.ConfigurationAsync.GetItems(Guid kind, ItemHierarchy itemHierarchy) in D:\actions-runner\_work\XPCO\XPCO\MIP\MIPSDK\prod\VideoOS.Platform.SDK\Platform\ConfigurationAsync.cs:line 163&#xD;
&#xD;
ConfigurationAsync::BuildTopLevelItems LoadPlugin LoopConfigurationAsync::BuildTopLevelItems LoadPlugin Loop ()The method or operation is not implemented.   at VideoOS.Platform.SDKUnittest.EnvironmentTests.TestConfigurationClientService.GetItem(String path) in D:\actions-runner\_work\XPCO\XPCO\MIP\MIPSDK\tst\VideoOS.Platform.SDK.UnitTests\EnvironmentTests\TestsWithCorporateShimsBase.cs:line 227&#xD;
   at VideoOS.Platform.Proxy.ConfigApi.ConfigurationApiItemWrapper..ctor(ServerId serverId, String path) in D:\actions-runner\_work\XPCO\XPCO\MIP\PlatformPlugin\VideoOS.Platform\src\Proxy\ConfigApi\ConfigurationApiItemWrapper.cs:line 110&#xD;
   at VideoOS.Platform.Util.VideoWall.LayoutGroupItemManager.GetItem(FQID fqid) in D:\actions-runner\_work\XPCO\XPCO\MIP\PlatformPlugin\VideoOS.Platform\src\Util\VideoWall\LayoutGroupItemManager.cs:line 57&#xD;
   at VideoOS.Platform.SDK.Platform.ConfigurationAsync.GetItems(Guid kind, ItemHierarchy itemHierarchy) in D:\actions-runner\_work\XPCO\XPCO\MIP\MIPSDK\prod\VideoOS.Platform.SDK\Platform\ConfigurationAsync.cs:line 163&#xD;
MIP: Error: ConfigurationApiItemWrapper (): ConfigAPI GetItem(): System.NotImplementedException, The method or operation is not implemented.&#xD;
MIP: Error: ConfigurationAsync::BuildTopLevelItems LoadPlugin Loop (): Exception source:      VideoOS.Platform.SDK.UnitTests&#xD;
Exception type:        System.NotImplementedException&#xD;
Exception message:     The method or operation is not implemented.&#xD;
Exception target site: GetItem&#xD;
   at VideoOS.Platform.SDKUnittest.EnvironmentTests.TestConfigurationClientService.GetItem(String path) in D:\actions-runner\_work\XPCO\XPCO\MIP\MIPSDK\tst\VideoOS.Platform.SDK.UnitTests\EnvironmentTests\TestsWithCorporateShimsBase.cs:line 227&#xD;
   at VideoOS.Platform.Proxy.ConfigApi.ConfigurationApiItemWrapper..ctor(ServerId serverId, String path) in D:\actions-runner\_work\XPCO\XPCO\MIP\PlatformPlugin\VideoOS.Platform\src\Proxy\ConfigApi\ConfigurationApiItemWrapper.cs:line 110&#xD;
   at VideoOS.Platform.Util.VideoWall.LayoutGroupItemManager.GetItem(FQID fqid) in D:\actions-runner\_work\XPCO\XPCO\MIP\PlatformPlugin\VideoOS.Platform\src\Util\VideoWall\LayoutGroupItemManager.cs:line 57&#xD;
   at VideoOS.Platform.SDK.Platform.ConfigurationAsync.GetItems(Guid kind, ItemHierarchy itemHierarchy) in D:\actions-runner\_work\XPCO\XPCO\MIP\MIPSDK\prod\VideoOS.Platform.SDK\Platform\ConfigurationAsync.cs:line 163&#xD;
&#xD;
ConfigurationAsync::BuildTopLevelItems LoadPlugin LoopConfigurationAsync::BuildTopLevelItems LoadPlugin Loop ()The method or operation is not implemented.   at VideoOS.Platform.SDKUnittest.EnvironmentTests.TestConfigurationClientService.GetItem(String path) in D:\actions-runner\_work\XPCO\XPCO\MIP\MIPSDK\tst\VideoOS.Platform.SDK.UnitTests\EnvironmentTests\TestsWithCorporateShimsBase.cs:line 227&#xD;
   at VideoOS.Platform.Proxy.ConfigApi.ConfigurationApiItemWrapper..ctor(ServerId serverId, String path) in D:\actions-runner\_work\XPCO\XPCO\MIP\PlatformPlugin\VideoOS.Platform\src\Proxy\ConfigApi\ConfigurationApiItemWrapper.cs:line 110&#xD;
   at VideoOS.Platform.Util.VideoWall.LayoutGroupItemManager.GetItem(FQID fqid) in D:\actions-runner\_work\XPCO\XPCO\MIP\PlatformPlugin\VideoOS.Platform\src\Util\VideoWall\LayoutGroupItemManager.cs:line 57&#xD;
   at VideoOS.Platform.SDK.Platform.ConfigurationAsync.GetItems(Guid kind, ItemHierarchy itemHierarchy) in D:\actions-runner\_work\XPCO\XPCO\MIP\MIPSDK\prod\VideoOS.Platform.SDK\Platform\ConfigurationAsync.cs:line 163&#xD;
MIP: Error: ConfigurationApiItemWrapper (): ConfigAPI GetItem(): System.NotImplementedException, The method or operation is not implemented.&#xD;
MIP: Error: Factory.IsItemTypeSupported (): Exception source:      VideoOS.Platform.SDK.UnitTests&#xD;
Exception type:        System.NotImplementedException&#xD;
Exception message:     The method or operation is not implemented.&#xD;
Exception target site: GetItem&#xD;
   at VideoOS.Platform.SDKUnittest.EnvironmentTests.TestConfigurationClientService.GetItem(String path) in D:\actions-runner\_work\XPCO\XPCO\MIP\MIPSDK\tst\VideoOS.Platform.SDK.UnitTests\EnvironmentTests\TestsWithCorporateShimsBase.cs:line 227&#xD;
   at VideoOS.Platform.Proxy.ConfigApi.ConfigurationApiItemWrapper..ctor(ServerId serverId, String path) in D:\actions-runner\_work\XPCO\XPCO\MIP\PlatformPlugin\VideoOS.Platform\src\Proxy\ConfigApi\ConfigurationApiItemWrapper.cs:line 110&#xD;
   at VideoOS.Platform.ConfigurationItems.Factory.IsItemTypeSupported(ServerId serverId, String itemType) in D:\actions-runner\_work\XPCO\XPCO\MIP\PlatformPlugin\VideoOS.Platform\src\ConfigurationItems\Factory.cs:line 464&#xD;
&#xD;
Factory.IsItemTypeSupportedFactory.IsItemTypeSupported ()The method or operation is not implemented.   at VideoOS.Platform.SDKUnittest.EnvironmentTests.TestConfigurationClientService.GetItem(String path) in D:\actions-runner\_work\XPCO\XPCO\MIP\MIPSDK\tst\VideoOS.Platform.SDK.UnitTests\EnvironmentTests\TestsWithCorporateShimsBase.cs:line 227&#xD;
   at VideoOS.Platform.Proxy.ConfigApi.ConfigurationApiItemWrapper..ctor(ServerId serverId, String path) in D:\actions-runner\_work\XPCO\XPCO\MIP\PlatformPlugin\VideoOS.Platform\src\Proxy\ConfigApi\ConfigurationApiItemWrapper.cs:line 110&#xD;
   at VideoOS.Platform.ConfigurationItems.Factory.IsItemTypeSupported(ServerId serverId, String itemType) in D:\actions-runner\_work\XPCO\XPCO\MIP\PlatformPlugin\VideoOS.Platform\src\ConfigurationItems\Factory.cs:line 464&#xD;
MIP: Error: ConfigurationApiItemWrapper (): ConfigAPI GetItem(): System.NotImplementedException, The method or operation is not implemented.&#xD;
MIP: Error: Factory.IsItemTypeSupported (): Exception source:      VideoOS.Platform.SDK.UnitTests&#xD;
Exception type:        System.NotImplementedException&#xD;
Exception message:     The method or operation is not implemented.&#xD;
Exception target site: GetItem&#xD;
   at VideoOS.Platform.SDKUnittest.EnvironmentTests.TestConfigurationClientService.GetItem(String path) in D:\actions-runner\_work\XPCO\XPCO\MIP\MIPSDK\tst\VideoOS.Platform.SDK.UnitTests\EnvironmentTests\TestsWithCorporateShimsBase.cs:line 227&#xD;
   at VideoOS.Platform.Proxy.ConfigApi.ConfigurationApiItemWrapper..ctor(ServerId serverId, String path) in D:\actions-runner\_work\XPCO\XPCO\MIP\PlatformPlugin\VideoOS.Platform\src\Proxy\ConfigApi\ConfigurationApiItemWrapper.cs:line 110&#xD;
   at VideoOS.Platform.ConfigurationItems.Factory.IsItemTypeSupported(ServerId serverId, String itemType) in D:\actions-runner\_work\XPCO\XPCO\MIP\PlatformPlugin\VideoOS.Platform\src\ConfigurationItems\Factory.cs:line 464&#xD;
&#xD;
Factory.IsItemTypeSupportedFactory.IsItemTypeSupported ()The method or operation is not implemented.   at VideoOS.Platform.SDKUnittest.EnvironmentTests.TestConfigurationClientService.GetItem(String path) in D:\actions-runner\_work\XPCO\XPCO\MIP\MIPSDK\tst\VideoOS.Platform.SDK.UnitTests\EnvironmentTests\TestsWithCorporateShimsBase.cs:line 227&#xD;
   at VideoOS.Platform.Proxy.ConfigApi.ConfigurationApiItemWrapper..ctor(ServerId serverId, String path) in D:\actions-runner\_work\XPCO\XPCO\MIP\PlatformPlugin\VideoOS.Platform\src\Proxy\ConfigApi\ConfigurationApiItemWrapper.cs:line 110&#xD;
   at VideoOS.Platform.ConfigurationItems.Factory.IsItemTypeSupported(ServerId serverId, String itemType) in D:\actions-runner\_work\XPCO\XPCO\MIP\PlatformPlugin\VideoOS.Platform\src\ConfigurationItems\Factory.cs:line 464&#xD;
MIP: Error: ConfigurationApiItemWrapper (): ConfigAPI GetItem(): System.NotImplementedException, The method or operation is not implemented.&#xD;
MIP: Error: Factory.IsItemTypeSupported (): Exception source:      VideoOS.Platform.SDK.UnitTests&#xD;
Exception type:        System.NotImplementedException&#xD;
Exception message:     The method or operation is not implemented.&#xD;
Exception target site: GetItem&#xD;
   at VideoOS.Platform.SDKUnittest.EnvironmentTests.TestConfigurationClientService.GetItem(String path) in D:\actions-runner\_work\XPCO\XPCO\MIP\MIPSDK\tst\VideoOS.Platform.SDK.UnitTests\EnvironmentTests\TestsWithCorporateShimsBase.cs:line 227&#xD;
   at VideoOS.Platform.Proxy.ConfigApi.ConfigurationApiItemWrapper..ctor(ServerId serverId, String path) in D:\actions-runner\_work\XPCO\XPCO\MIP\PlatformPlugin\VideoOS.Platform\src\Proxy\ConfigApi\ConfigurationApiItemWrapper.cs:line 110&#xD;
   at VideoOS.Platform.ConfigurationItems.Factory.IsItemTypeSupported(ServerId serverId, String itemType) in D:\actions-runner\_work\XPCO\XPCO\MIP\PlatformPlugin\VideoOS.Platform\src\ConfigurationItems\Factory.cs:line 464&#xD;
&#xD;
Factory.IsItemTypeSupportedFactory.IsItemTypeSupported ()The method or operation is not implemented.   at VideoOS.Platform.SDKUnittest.EnvironmentTests.TestConfigurationClientService.GetItem(String path) in D:\actions-runner\_work\XPCO\XPCO\MIP\MIPSDK\tst\VideoOS.Platform.SDK.UnitTests\EnvironmentTests\TestsWithCorporateShimsBase.cs:line 227&#xD;
   at VideoOS.Platform.Proxy.ConfigApi.ConfigurationApiItemWrapper..ctor(ServerId serverId, String path) in D:\actions-runner\_work\XPCO\XPCO\MIP\PlatformPlugin\VideoOS.Platform\src\Proxy\ConfigApi\ConfigurationApiItemWrapper.cs:line 110&#xD;
   at VideoOS.Platform.ConfigurationItems.Factory.IsItemTypeSupported(ServerId serverId, String itemType) in D:\actions-runner\_work\XPCO\XPCO\MIP\PlatformPlugin\VideoOS.Platform\src\ConfigurationItems\Factory.cs:line 464&#xD;
MIP: Error: ConfigurationApiItemWrapper (): ConfigAPI GetItem(): System.NotImplementedException, The method or operation is not implemented.&#xD;
MIP: Error: Factory.IsItemTypeSupported (): Exception source:      VideoOS.Platform.SDK.UnitTests&#xD;
Exception type:        System.NotImplementedException&#xD;
Exception message:     The method or operation is not implemented.&#xD;
Exception target site: GetItem&#xD;
   at VideoOS.Platform.SDKUnittest.EnvironmentTests.TestConfigurationClientService.GetItem(String path) in D:\actions-runner\_work\XPCO\XPCO\MIP\MIPSDK\tst\VideoOS.Platform.SDK.UnitTests\EnvironmentTests\TestsWithCorporateShimsBase.cs:line 227&#xD;
   at VideoOS.Platform.Proxy.ConfigApi.ConfigurationApiItemWrapper..ctor(ServerId serverId, String path) in D:\actions-runner\_work\XPCO\XPCO\MIP\PlatformPlugin\VideoOS.Platform\src\Proxy\ConfigApi\ConfigurationApiItemWrapper.cs:line 110&#xD;
   at VideoOS.Platform.ConfigurationItems.Factory.IsItemTypeSupported(ServerId serverId, String itemType) in D:\actions-runner\_work\XPCO\XPCO\MIP\PlatformPlugin\VideoOS.Platform\src\ConfigurationItems\Factory.cs:line 464&#xD;
&#xD;
Factory.IsItemTypeSupportedFactory.IsItemTypeSupported ()The method or operation is not implemented.   at VideoOS.Platform.SDKUnittest.EnvironmentTests.TestConfigurationClientService.GetItem(String path) in D:\actions-runner\_work\XPCO\XPCO\MIP\MIPSDK\tst\VideoOS.Platform.SDK.UnitTests\EnvironmentTests\TestsWithCorporateShimsBase.cs:line 227&#xD;
   at VideoOS.Platform.Proxy.ConfigApi.ConfigurationApiItemWrapper..ctor(ServerId serverId, String path) in D:\actions-runner\_work\XPCO\XPCO\MIP\PlatformPlugin\VideoOS.Platform\src\Proxy\ConfigApi\ConfigurationApiItemWrapper.cs:line 110&#xD;
   at VideoOS.Platform.ConfigurationItems.Factory.IsItemTypeSupported(ServerId serverId, String itemType) in D:\actions-runner\_work\XPCO\XPCO\MIP\PlatformPlugin\VideoOS.Platform\src\ConfigurationItems\Factory.cs:line 464&#xD;
MIP: Error: ConfigurationApiItemWrapper (): ConfigAPI GetItem(): System.NotImplementedException, The method or operation is not implemented.&#xD;
MIP: Error: Factory.IsItemTypeSupported (): Exception source:      VideoOS.Platform.SDK.UnitTests&#xD;
Exception type:        System.NotImplementedException&#xD;
Exception message:     The method or operation is not implemented.&#xD;
Exception target site: GetItem&#xD;
   at VideoOS.Platform.SDKUnittest.EnvironmentTests.TestConfigurationClientService.GetItem(String path) in D:\actions-runner\_work\XPCO\XPCO\MIP\MIPSDK\tst\VideoOS.Platform.SDK.UnitTests\EnvironmentTests\TestsWithCorporateShimsBase.cs:line 227&#xD;
   at VideoOS.Platform.Proxy.ConfigApi.ConfigurationApiItemWrapper..ctor(ServerId serverId, String path) in D:\actions-runner\_work\XPCO\XPCO\MIP\PlatformPlugin\VideoOS.Platform\src\Proxy\ConfigApi\ConfigurationApiItemWrapper.cs:line 110&#xD;
   at VideoOS.Platform.ConfigurationItems.Factory.IsItemTypeSupported(ServerId serverId, String itemType) in D:\actions-runner\_work\XPCO\XPCO\MIP\PlatformPlugin\VideoOS.Platform\src\ConfigurationItems\Factory.cs:line 464&#xD;
&#xD;
Factory.IsItemTypeSupportedFactory.IsItemTypeSupported ()The method or operation is not implemented.   at VideoOS.Platform.SDKUnittest.EnvironmentTests.TestConfigurationClientService.GetItem(String path) in D:\actions-runner\_work\XPCO\XPCO\MIP\MIPSDK\tst\VideoOS.Platform.SDK.UnitTests\EnvironmentTests\TestsWithCorporateShimsBase.cs:line 227&#xD;
   at VideoOS.Platform.Proxy.ConfigApi.ConfigurationApiItemWrapper..ctor(ServerId serverId, String path) in D:\actions-runner\_work\XPCO\XPCO\MIP\PlatformPlugin\VideoOS.Platform\src\Proxy\ConfigApi\ConfigurationApiItemWrapper.cs:line 110&#xD;
   at VideoOS.Platform.ConfigurationItems.Factory.IsItemTypeSupported(ServerId serverId, String itemType) in D:\actions-runner\_work\XPCO\XPCO\MIP\PlatformPlugin\VideoOS.Platform\src\ConfigurationItems\Factory.cs:line 464&#xD;
MIP: Error: ConfigurationApiItemWrapper (): ConfigAPI GetItem(): System.NotImplementedException, The method or operation is not implemented.&#xD;
MIP: Error: ConfigurationAsync::BuildTopLevelItems LoadPlugin Loop (): Exception source:      VideoOS.Platform.SDK.UnitTests&#xD;
Exception type:        System.NotImplementedException&#xD;
Exception message:     The method or operation is not implemented.&#xD;
Exception target site: GetItem&#xD;
   at VideoOS.Platform.SDKUnittest.EnvironmentTests.TestConfigurationClientService.GetItem(String path) in D:\actions-runner\_work\XPCO\XPCO\MIP\MIPSDK\tst\VideoOS.Platform.SDK.UnitTests\EnvironmentTests\TestsWithCorporateShimsBase.cs:line 227&#xD;
   at VideoOS.Platform.Proxy.ConfigApi.ConfigurationApiItemWrapper..ctor(ServerId serverId, String path) in D:\actions-runner\_work\XPCO\XPCO\MIP\PlatformPlugin\VideoOS.Platform\src\Proxy\ConfigApi\ConfigurationApiItemWrapper.cs:line 110&#xD;
   at VideoOS.Platform.Util.VideoWall.LayoutGroupItemManager.GetItem(FQID fqid) in D:\actions-runner\_work\XPCO\XPCO\MIP\PlatformPlugin\VideoOS.Platform\src\Util\VideoWall\LayoutGroupItemManager.cs:line 57&#xD;
   at VideoOS.Platform.SDK.Platform.ConfigurationAsync.GetItems(Guid kind, ItemHierarchy itemHierarchy) in D:\actions-runner\_work\XPCO\XPCO\MIP\MIPSDK\prod\VideoOS.Platform.SDK\Platform\ConfigurationAsync.cs:line 163&#xD;
&#xD;
ConfigurationAsync::BuildTopLevelItems LoadPlugin LoopConfigurationAsync::BuildTopLevelItems LoadPlugin Loop ()The method or operation is not implemented.   at VideoOS.Platform.SDKUnittest.EnvironmentTests.TestConfigurationClientService.GetItem(String path) in D:\actions-runner\_work\XPCO\XPCO\MIP\MIPSDK\tst\VideoOS.Platform.SDK.UnitTests\EnvironmentTests\TestsWithCorporateShimsBase.cs:line 227&#xD;
   at VideoOS.Platform.Proxy.ConfigApi.ConfigurationApiItemWrapper..ctor(ServerId serverId, String path) in D:\actions-runner\_work\XPCO\XPCO\MIP\PlatformPlugin\VideoOS.Platform\src\Proxy\ConfigApi\ConfigurationApiItemWrapper.cs:line 110&#xD;
   at VideoOS.Platform.Util.VideoWall.LayoutGroupItemManager.GetItem(FQID fqid) in D:\actions-runner\_work\XPCO\XPCO\MIP\PlatformPlugin\VideoOS.Platform\src\Util\VideoWall\LayoutGroupItemManager.cs:line 57&#xD;
   at VideoOS.Platform.SDK.Platform.ConfigurationAsync.GetItems(Guid kind, ItemHierarchy itemHierarchy) in D:\actions-runner\_work\XPCO\XPCO\MIP\MIPSDK\prod\VideoOS.Platform.SDK\Platform\ConfigurationAsync.cs:line 163</StdOut>
      </Output>
    </UnitTestResult>
    <UnitTestResult executionId="beff9868-d9c4-40bf-a390-732bda432702" testId="23cb9265-dcc3-9671-caf3-1996fff5aba1" testName="LoginWithRegistration_Success" computerName="DKSR-EFI-06" duration="00:00:00.0197059" startTime="2024-01-09T15:44:27.2636844+01:00" endTime="2024-01-09T15:44:27.2793101+01:00" testType="13cdc9d9-ddb5-4fa4-a97d-d965ccfc6d4b" outcome="Passed" testListId="8c84fa94-04c1-424b-9868-57a2d4851a1d" relativeResultsDirectory="beff9868-d9c4-40bf-a390-732bda432702" />
    <UnitTestResult executionId="68fdc29e-5c23-47b9-90a9-5462e33283cd" testId="f71a8f3c-6ec8-1514-8d34-be3746728018" testName="XpcoCameraChecks" computerName="DKSR-EFI-06" duration="00:00:01.7876327" startTime="2024-01-09T15:45:51.6566377+01:00" endTime="2024-01-09T15:45:53.4538506+01:00" testType="13cdc9d9-ddb5-4fa4-a97d-d965ccfc6d4b" outcome="Passed" testListId="8c84fa94-04c1-424b-9868-57a2d4851a1d" relativeResultsDirectory="68fdc29e-5c23-47b9-90a9-5462e33283cd">
      <Output>
        <StdOut>Debug Trace:&#xD;
TopLevelControl returns null. PostMessage may have problems&#xD;
MIP: Error: ConfigurationApiItemWrapper (): ConfigAPI GetItem(): System.NotImplementedException, The method or operation is not implemented.&#xD;
MIP: Error: Factory.IsItemTypeSupported (): Exception source:      VideoOS.Platform.SDK.UnitTests&#xD;
Exception type:        System.NotImplementedException&#xD;
Exception message:     The method or operation is not implemented.&#xD;
Exception target site: GetItem&#xD;
   at VideoOS.Platform.SDKUnittest.EnvironmentTests.TestConfigurationClientService.GetItem(String path) in D:\actions-runner\_work\XPCO\XPCO\MIP\MIPSDK\tst\VideoOS.Platform.SDK.UnitTests\EnvironmentTests\TestsWithCorporateShimsBase.cs:line 227&#xD;
   at VideoOS.Platform.Proxy.ConfigApi.ConfigurationApiItemWrapper..ctor(ServerId serverId, String path) in D:\actions-runner\_work\XPCO\XPCO\MIP\PlatformPlugin\VideoOS.Platform\src\Proxy\ConfigApi\ConfigurationApiItemWrapper.cs:line 110&#xD;
   at VideoOS.Platform.ConfigurationItems.Factory.IsItemTypeSupported(ServerId serverId, String itemType) in D:\actions-runner\_work\XPCO\XPCO\MIP\PlatformPlugin\VideoOS.Platform\src\ConfigurationItems\Factory.cs:line 464&#xD;
&#xD;
Factory.IsItemTypeSupportedFactory.IsItemTypeSupported ()The method or operation is not implemented.   at VideoOS.Platform.SDKUnittest.EnvironmentTests.TestConfigurationClientService.GetItem(String path) in D:\actions-runner\_work\XPCO\XPCO\MIP\MIPSDK\tst\VideoOS.Platform.SDK.UnitTests\EnvironmentTests\TestsWithCorporateShimsBase.cs:line 227&#xD;
   at VideoOS.Platform.Proxy.ConfigApi.ConfigurationApiItemWrapper..ctor(ServerId serverId, String path) in D:\actions-runner\_work\XPCO\XPCO\MIP\PlatformPlugin\VideoOS.Platform\src\Proxy\ConfigApi\ConfigurationApiItemWrapper.cs:line 110&#xD;
   at VideoOS.Platform.ConfigurationItems.Factory.IsItemTypeSupported(ServerId serverId, String itemType) in D:\actions-runner\_work\XPCO\XPCO\MIP\PlatformPlugin\VideoOS.Platform\src\ConfigurationItems\Factory.cs:line 464&#xD;
MIP: Error: GetConfiguration (): CustomSetting not found for the given platformDefinitionId: e145597a-ecaf-40a1-99e6-14bb9d45a09e&#xD;
MIP: Error: ConfigurationApiItemWrapper (): ConfigAPI GetItem(): System.NotImplementedException, The method or operation is not implemented.&#xD;
MIP: Error: Factory.IsItemTypeSupported (): Exception source:      VideoOS.Platform.SDK.UnitTests&#xD;
Exception type:        System.NotImplementedException&#xD;
Exception message:     The method or operation is not implemented.&#xD;
Exception target site: GetItem&#xD;
   at VideoOS.Platform.SDKUnittest.EnvironmentTests.TestConfigurationClientService.GetItem(String path) in D:\actions-runner\_work\XPCO\XPCO\MIP\MIPSDK\tst\VideoOS.Platform.SDK.UnitTests\EnvironmentTests\TestsWithCorporateShimsBase.cs:line 227&#xD;
   at VideoOS.Platform.Proxy.ConfigApi.ConfigurationApiItemWrapper..ctor(ServerId serverId, String path) in D:\actions-runner\_work\XPCO\XPCO\MIP\PlatformPlugin\VideoOS.Platform\src\Proxy\ConfigApi\ConfigurationApiItemWrapper.cs:line 110&#xD;
   at VideoOS.Platform.ConfigurationItems.Factory.IsItemTypeSupported(ServerId serverId, String itemType) in D:\actions-runner\_work\XPCO\XPCO\MIP\PlatformPlugin\VideoOS.Platform\src\ConfigurationItems\Factory.cs:line 464&#xD;
&#xD;
Factory.IsItemTypeSupportedFactory.IsItemTypeSupported ()The method or operation is not implemented.   at VideoOS.Platform.SDKUnittest.EnvironmentTests.TestConfigurationClientService.GetItem(String path) in D:\actions-runner\_work\XPCO\XPCO\MIP\MIPSDK\tst\VideoOS.Platform.SDK.UnitTests\EnvironmentTests\TestsWithCorporateShimsBase.cs:line 227&#xD;
   at VideoOS.Platform.Proxy.ConfigApi.ConfigurationApiItemWrapper..ctor(ServerId serverId, String path) in D:\actions-runner\_work\XPCO\XPCO\MIP\PlatformPlugin\VideoOS.Platform\src\Proxy\ConfigApi\ConfigurationApiItemWrapper.cs:line 110&#xD;
   at VideoOS.Platform.ConfigurationItems.Factory.IsItemTypeSupported(ServerId serverId, String itemType) in D:\actions-runner\_work\XPCO\XPCO\MIP\PlatformPlugin\VideoOS.Platform\src\ConfigurationItems\Factory.cs:line 464&#xD;
MIP: Error: LoginServerOauth (): https://1.2.3.5:55/ManagementServer/ServerCommandServiceOAuth.svc The method or operation is not implemented.&#xD;
MIP: Error: ConfigurationApiItemWrapper (): ConfigAPI GetItem(): System.NotImplementedException, The method or operation is not implemented.&#xD;
MIP: Error: Factory.IsItemTypeSupported (): Exception source:      VideoOS.Platform.SDK.UnitTests&#xD;
Exception type:        System.NotImplementedException&#xD;
Exception message:     The method or operation is not implemented.&#xD;
Exception target site: GetItem&#xD;
   at VideoOS.Platform.SDKUnittest.EnvironmentTests.TestConfigurationClientService.GetItem(String path) in D:\actions-runner\_work\XPCO\XPCO\MIP\MIPSDK\tst\VideoOS.Platform.SDK.UnitTests\EnvironmentTests\TestsWithCorporateShimsBase.cs:line 227&#xD;
   at VideoOS.Platform.Proxy.ConfigApi.ConfigurationApiItemWrapper..ctor(ServerId serverId, String path) in D:\actions-runner\_work\XPCO\XPCO\MIP\PlatformPlugin\VideoOS.Platform\src\Proxy\ConfigApi\ConfigurationApiItemWrapper.cs:line 110&#xD;
   at VideoOS.Platform.ConfigurationItems.Factory.IsItemTypeSupported(ServerId serverId, String itemType) in D:\actions-runner\_work\XPCO\XPCO\MIP\PlatformPlugin\VideoOS.Platform\src\ConfigurationItems\Factory.cs:line 464&#xD;
&#xD;
Factory.IsItemTypeSupportedFactory.IsItemTypeSupported ()The method or operation is not implemented.   at VideoOS.Platform.SDKUnittest.EnvironmentTests.TestConfigurationClientService.GetItem(String path) in D:\actions-runner\_work\XPCO\XPCO\MIP\MIPSDK\tst\VideoOS.Platform.SDK.UnitTests\EnvironmentTests\TestsWithCorporateShimsBase.cs:line 227&#xD;
   at VideoOS.Platform.Proxy.ConfigApi.ConfigurationApiItemWrapper..ctor(ServerId serverId, String path) in D:\actions-runner\_work\XPCO\XPCO\MIP\PlatformPlugin\VideoOS.Platform\src\Proxy\ConfigApi\ConfigurationApiItemWrapper.cs:line 110&#xD;
   at VideoOS.Platform.ConfigurationItems.Factory.IsItemTypeSupported(ServerId serverId, String itemType) in D:\actions-runner\_work\XPCO\XPCO\MIP\PlatformPlugin\VideoOS.Platform\src\ConfigurationItems\Factory.cs:line 464&#xD;
MIP: Error: GetConfiguration (): CustomSetting not found for the given platformDefinitionId: e145597a-ecaf-40a1-99e6-14bb9d45a09e&#xD;
MIP: Error: ConfigurationApiItemWrapper (): ConfigAPI GetItem(): System.NotImplementedException, The method or operation is not implemented.&#xD;
MIP: Error: Factory.IsItemTypeSupported (): Exception source:      VideoOS.Platform.SDK.UnitTests&#xD;
Exception type:        System.NotImplementedException&#xD;
Exception message:     The method or operation is not implemented.&#xD;
Exception target site: GetItem&#xD;
   at VideoOS.Platform.SDKUnittest.EnvironmentTests.TestConfigurationClientService.GetItem(String path) in D:\actions-runner\_work\XPCO\XPCO\MIP\MIPSDK\tst\VideoOS.Platform.SDK.UnitTests\EnvironmentTests\TestsWithCorporateShimsBase.cs:line 227&#xD;
   at VideoOS.Platform.Proxy.ConfigApi.ConfigurationApiItemWrapper..ctor(ServerId serverId, String path) in D:\actions-runner\_work\XPCO\XPCO\MIP\PlatformPlugin\VideoOS.Platform\src\Proxy\ConfigApi\ConfigurationApiItemWrapper.cs:line 110&#xD;
   at VideoOS.Platform.ConfigurationItems.Factory.IsItemTypeSupported(ServerId serverId, String itemType) in D:\actions-runner\_work\XPCO\XPCO\MIP\PlatformPlugin\VideoOS.Platform\src\ConfigurationItems\Factory.cs:line 464&#xD;
&#xD;
Factory.IsItemTypeSupportedFactory.IsItemTypeSupported ()The method or operation is not implemented.   at VideoOS.Platform.SDKUnittest.EnvironmentTests.TestConfigurationClientService.GetItem(String path) in D:\actions-runner\_work\XPCO\XPCO\MIP\MIPSDK\tst\VideoOS.Platform.SDK.UnitTests\EnvironmentTests\TestsWithCorporateShimsBase.cs:line 227&#xD;
   at VideoOS.Platform.Proxy.ConfigApi.ConfigurationApiItemWrapper..ctor(ServerId serverId, String path) in D:\actions-runner\_work\XPCO\XPCO\MIP\PlatformPlugin\VideoOS.Platform\src\Proxy\ConfigApi\ConfigurationApiItemWrapper.cs:line 110&#xD;
   at VideoOS.Platform.ConfigurationItems.Factory.IsItemTypeSupported(ServerId serverId, String itemType) in D:\actions-runner\_work\XPCO\XPCO\MIP\PlatformPlugin\VideoOS.Platform\src\ConfigurationItems\Factory.cs:line 464&#xD;
MIP: Error: LoginServerOauth (): https://1.2.3.5:55/ManagementServer/ServerCommandServiceOAuth.svc The method or operation is not implemented.&#xD;
MIP: Error: ConfigurationApiItemWrapper (): ConfigAPI GetItem(): System.NotImplementedException, The method or operation is not implemented.&#xD;
MIP: Error: Factory.IsItemTypeSupported (): Exception source:      VideoOS.Platform.SDK.UnitTests&#xD;
Exception type:        System.NotImplementedException&#xD;
Exception message:     The method or operation is not implemented.&#xD;
Exception target site: GetItem&#xD;
   at VideoOS.Platform.SDKUnittest.EnvironmentTests.TestConfigurationClientService.GetItem(String path) in D:\actions-runner\_work\XPCO\XPCO\MIP\MIPSDK\tst\VideoOS.Platform.SDK.UnitTests\EnvironmentTests\TestsWithCorporateShimsBase.cs:line 227&#xD;
   at VideoOS.Platform.Proxy.ConfigApi.ConfigurationApiItemWrapper..ctor(ServerId serverId, String path) in D:\actions-runner\_work\XPCO\XPCO\MIP\PlatformPlugin\VideoOS.Platform\src\Proxy\ConfigApi\ConfigurationApiItemWrapper.cs:line 110&#xD;
   at VideoOS.Platform.ConfigurationItems.Factory.IsItemTypeSupported(ServerId serverId, String itemType) in D:\actions-runner\_work\XPCO\XPCO\MIP\PlatformPlugin\VideoOS.Platform\src\ConfigurationItems\Factory.cs:line 464&#xD;
&#xD;
Factory.IsItemTypeSupportedFactory.IsItemTypeSupported ()The method or operation is not implemented.   at VideoOS.Platform.SDKUnittest.EnvironmentTests.TestConfigurationClientService.GetItem(String path) in D:\actions-runner\_work\XPCO\XPCO\MIP\MIPSDK\tst\VideoOS.Platform.SDK.UnitTests\EnvironmentTests\TestsWithCorporateShimsBase.cs:line 227&#xD;
   at VideoOS.Platform.Proxy.ConfigApi.ConfigurationApiItemWrapper..ctor(ServerId serverId, String path) in D:\actions-runner\_work\XPCO\XPCO\MIP\PlatformPlugin\VideoOS.Platform\src\Proxy\ConfigApi\ConfigurationApiItemWrapper.cs:line 110&#xD;
   at VideoOS.Platform.ConfigurationItems.Factory.IsItemTypeSupported(ServerId serverId, String itemType) in D:\actions-runner\_work\XPCO\XPCO\MIP\PlatformPlugin\VideoOS.Platform\src\ConfigurationItems\Factory.cs:line 464&#xD;
MIP: Error: ConfigurationApiItemWrapper (): ConfigAPI GetItem(): System.NotImplementedException, The method or operation is not implemented.&#xD;
MIP: Error: Factory.IsItemTypeSupported (): Exception source:      VideoOS.Platform.SDK.UnitTests&#xD;
Exception type:        System.NotImplementedException&#xD;
Exception message:     The method or operation is not implemented.&#xD;
Exception target site: GetItem&#xD;
   at VideoOS.Platform.SDKUnittest.EnvironmentTests.TestConfigurationClientService.GetItem(String path) in D:\actions-runner\_work\XPCO\XPCO\MIP\MIPSDK\tst\VideoOS.Platform.SDK.UnitTests\EnvironmentTests\TestsWithCorporateShimsBase.cs:line 227&#xD;
   at VideoOS.Platform.Proxy.ConfigApi.ConfigurationApiItemWrapper..ctor(ServerId serverId, String path) in D:\actions-runner\_work\XPCO\XPCO\MIP\PlatformPlugin\VideoOS.Platform\src\Proxy\ConfigApi\ConfigurationApiItemWrapper.cs:line 110&#xD;
   at VideoOS.Platform.ConfigurationItems.Factory.IsItemTypeSupported(ServerId serverId, String itemType) in D:\actions-runner\_work\XPCO\XPCO\MIP\PlatformPlugin\VideoOS.Platform\src\ConfigurationItems\Factory.cs:line 464&#xD;
&#xD;
Factory.IsItemTypeSupportedFactory.IsItemTypeSupported ()The method or operation is not implemented.   at VideoOS.Platform.SDKUnittest.EnvironmentTests.TestConfigurationClientService.GetItem(String path) in D:\actions-runner\_work\XPCO\XPCO\MIP\MIPSDK\tst\VideoOS.Platform.SDK.UnitTests\EnvironmentTests\TestsWithCorporateShimsBase.cs:line 227&#xD;
   at VideoOS.Platform.Proxy.ConfigApi.ConfigurationApiItemWrapper..ctor(ServerId serverId, String path) in D:\actions-runner\_work\XPCO\XPCO\MIP\PlatformPlugin\VideoOS.Platform\src\Proxy\ConfigApi\ConfigurationApiItemWrapper.cs:line 110&#xD;
   at VideoOS.Platform.ConfigurationItems.Factory.IsItemTypeSupported(ServerId serverId, String itemType) in D:\actions-runner\_work\XPCO\XPCO\MIP\PlatformPlugin\VideoOS.Platform\src\ConfigurationItems\Factory.cs:line 464&#xD;
MIP: Error: LoginServerOauth (): https://1.2.3.5:55/ManagementServer/ServerCommandServiceOAuth.svc The method or operation is not implemented.&#xD;
MIP: Error: ConfigurationApiItemWrapper (): ConfigAPI GetItem(): System.NotImplementedException, The method or operation is not implemented.&#xD;
MIP: Error: Factory.IsItemTypeSupported (): Exception source:      VideoOS.Platform.SDK.UnitTests&#xD;
Exception type:        System.NotImplementedException&#xD;
Exception message:     The method or operation is not implemented.&#xD;
Exception target site: GetItem&#xD;
   at VideoOS.Platform.SDKUnittest.EnvironmentTests.TestConfigurationClientService.GetItem(String path) in D:\actions-runner\_work\XPCO\XPCO\MIP\MIPSDK\tst\VideoOS.Platform.SDK.UnitTests\EnvironmentTests\TestsWithCorporateShimsBase.cs:line 227&#xD;
   at VideoOS.Platform.Proxy.ConfigApi.ConfigurationApiItemWrapper..ctor(ServerId serverId, String path) in D:\actions-runner\_work\XPCO\XPCO\MIP\PlatformPlugin\VideoOS.Platform\src\Proxy\ConfigApi\ConfigurationApiItemWrapper.cs:line 110&#xD;
   at VideoOS.Platform.ConfigurationItems.Factory.IsItemTypeSupported(ServerId serverId, String itemType) in D:\actions-runner\_work\XPCO\XPCO\MIP\PlatformPlugin\VideoOS.Platform\src\ConfigurationItems\Factory.cs:line 464&#xD;
&#xD;
Factory.IsItemTypeSupportedFactory.IsItemTypeSupported ()The method or operation is not implemented.   at VideoOS.Platform.SDKUnittest.EnvironmentTests.TestConfigurationClientService.GetItem(String path) in D:\actions-runner\_work\XPCO\XPCO\MIP\MIPSDK\tst\VideoOS.Platform.SDK.UnitTests\EnvironmentTests\TestsWithCorporateShimsBase.cs:line 227&#xD;
   at VideoOS.Platform.Proxy.ConfigApi.ConfigurationApiItemWrapper..ctor(ServerId serverId, String path) in D:\actions-runner\_work\XPCO\XPCO\MIP\PlatformPlugin\VideoOS.Platform\src\Proxy\ConfigApi\ConfigurationApiItemWrapper.cs:line 110&#xD;
   at VideoOS.Platform.ConfigurationItems.Factory.IsItemTypeSupported(ServerId serverId, String itemType) in D:\actions-runner\_work\XPCO\XPCO\MIP\PlatformPlugin\VideoOS.Platform\src\ConfigurationItems\Factory.cs:line 464&#xD;
MIP: Error: GetConfiguration (): CustomSetting not found for the given platformDefinitionId: e145597a-ecaf-40a1-99e6-14bb9d45a09e&#xD;
MIP: Error: ConfigurationApiItemWrapper (): ConfigAPI GetItem(): System.NotImplementedException, The method or operation is not implemented.&#xD;
MIP: Error: Factory.IsItemTypeSupported (): Exception source:      VideoOS.Platform.SDK.UnitTests&#xD;
Exception type:        System.NotImplementedException&#xD;
Exception message:     The method or operation is not implemented.&#xD;
Exception target site: GetItem&#xD;
   at VideoOS.Platform.SDKUnittest.EnvironmentTests.TestConfigurationClientService.GetItem(String path) in D:\actions-runner\_work\XPCO\XPCO\MIP\MIPSDK\tst\VideoOS.Platform.SDK.UnitTests\EnvironmentTests\TestsWithCorporateShimsBase.cs:line 227&#xD;
   at VideoOS.Platform.Proxy.ConfigApi.ConfigurationApiItemWrapper..ctor(ServerId serverId, String path) in D:\actions-runner\_work\XPCO\XPCO\MIP\PlatformPlugin\VideoOS.Platform\src\Proxy\ConfigApi\ConfigurationApiItemWrapper.cs:line 110&#xD;
   at VideoOS.Platform.ConfigurationItems.Factory.IsItemTypeSupported(ServerId serverId, String itemType) in D:\actions-runner\_work\XPCO\XPCO\MIP\PlatformPlugin\VideoOS.Platform\src\ConfigurationItems\Factory.cs:line 464&#xD;
&#xD;
Factory.IsItemTypeSupportedFactory.IsItemTypeSupported ()The method or operation is not implemented.   at VideoOS.Platform.SDKUnittest.EnvironmentTests.TestConfigurationClientService.GetItem(String path) in D:\actions-runner\_work\XPCO\XPCO\MIP\MIPSDK\tst\VideoOS.Platform.SDK.UnitTests\EnvironmentTests\TestsWithCorporateShimsBase.cs:line 227&#xD;
   at VideoOS.Platform.Proxy.ConfigApi.ConfigurationApiItemWrapper..ctor(ServerId serverId, String path) in D:\actions-runner\_work\XPCO\XPCO\MIP\PlatformPlugin\VideoOS.Platform\src\Proxy\ConfigApi\ConfigurationApiItemWrapper.cs:line 110&#xD;
   at VideoOS.Platform.ConfigurationItems.Factory.IsItemTypeSupported(ServerId serverId, String itemType) in D:\actions-runner\_work\XPCO\XPCO\MIP\PlatformPlugin\VideoOS.Platform\src\ConfigurationItems\Factory.cs:line 464&#xD;
MIP: Error: LoginServerOauth (): https://1.2.3.5:55/ManagementServer/ServerCommandServiceOAuth.svc The method or operation is not implemented.&#xD;
MIP: Error: ConfigurationApiItemWrapper (): ConfigAPI GetItem(): System.NotImplementedException, The method or operation is not implemented.&#xD;
MIP: Error: Factory.IsItemTypeSupported (): Exception source:      VideoOS.Platform.SDK.UnitTests&#xD;
Exception type:        System.NotImplementedException&#xD;
Exception message:     The method or operation is not implemented.&#xD;
Exception target site: GetItem&#xD;
   at VideoOS.Platform.SDKUnittest.EnvironmentTests.TestConfigurationClientService.GetItem(String path) in D:\actions-runner\_work\XPCO\XPCO\MIP\MIPSDK\tst\VideoOS.Platform.SDK.UnitTests\EnvironmentTests\TestsWithCorporateShimsBase.cs:line 227&#xD;
   at VideoOS.Platform.Proxy.ConfigApi.ConfigurationApiItemWrapper..ctor(ServerId serverId, String path) in D:\actions-runner\_work\XPCO\XPCO\MIP\PlatformPlugin\VideoOS.Platform\src\Proxy\ConfigApi\ConfigurationApiItemWrapper.cs:line 110&#xD;
   at VideoOS.Platform.ConfigurationItems.Factory.IsItemTypeSupported(ServerId serverId, String itemType) in D:\actions-runner\_work\XPCO\XPCO\MIP\PlatformPlugin\VideoOS.Platform\src\ConfigurationItems\Factory.cs:line 464&#xD;
&#xD;
Factory.IsItemTypeSupportedFactory.IsItemTypeSupported ()The method or operation is not implemented.   at VideoOS.Platform.SDKUnittest.EnvironmentTests.TestConfigurationClientService.GetItem(String path) in D:\actions-runner\_work\XPCO\XPCO\MIP\MIPSDK\tst\VideoOS.Platform.SDK.UnitTests\EnvironmentTests\TestsWithCorporateShimsBase.cs:line 227&#xD;
   at VideoOS.Platform.Proxy.ConfigApi.ConfigurationApiItemWrapper..ctor(ServerId serverId, String path) in D:\actions-runner\_work\XPCO\XPCO\MIP\PlatformPlugin\VideoOS.Platform\src\Proxy\ConfigApi\ConfigurationApiItemWrapper.cs:line 110&#xD;
   at VideoOS.Platform.ConfigurationItems.Factory.IsItemTypeSupported(ServerId serverId, String itemType) in D:\actions-runner\_work\XPCO\XPCO\MIP\PlatformPlugin\VideoOS.Platform\src\ConfigurationItems\Factory.cs:line 464&#xD;
MIP: Error: ConfigurationApiItemWrapper (): ConfigAPI GetItem(): System.NotImplementedException, The method or operation is not implemented.&#xD;
MIP: Error: Factory.IsItemTypeSupported (): Exception source:      VideoOS.Platform.SDK.UnitTests&#xD;
Exception type:        System.NotImplementedException&#xD;
Exception message:     The method or operation is not implemented.&#xD;
Exception target site: GetItem&#xD;
   at VideoOS.Platform.SDKUnittest.EnvironmentTests.TestConfigurationClientService.GetItem(String path) in D:\actions-runner\_work\XPCO\XPCO\MIP\MIPSDK\tst\VideoOS.Platform.SDK.UnitTests\EnvironmentTests\TestsWithCorporateShimsBase.cs:line 227&#xD;
   at VideoOS.Platform.Proxy.ConfigApi.ConfigurationApiItemWrapper..ctor(ServerId serverId, String path) in D:\actions-runner\_work\XPCO\XPCO\MIP\PlatformPlugin\VideoOS.Platform\src\Proxy\ConfigApi\ConfigurationApiItemWrapper.cs:line 110&#xD;
   at VideoOS.Platform.ConfigurationItems.Factory.IsItemTypeSupported(ServerId serverId, String itemType) in D:\actions-runner\_work\XPCO\XPCO\MIP\PlatformPlugin\VideoOS.Platform\src\ConfigurationItems\Factory.cs:line 464&#xD;
&#xD;
Factory.IsItemTypeSupportedFactory.IsItemTypeSupported ()The method or operation is not implemented.   at VideoOS.Platform.SDKUnittest.EnvironmentTests.TestConfigurationClientService.GetItem(String path) in D:\actions-runner\_work\XPCO\XPCO\MIP\MIPSDK\tst\VideoOS.Platform.SDK.UnitTests\EnvironmentTests\TestsWithCorporateShimsBase.cs:line 227&#xD;
   at VideoOS.Platform.Proxy.ConfigApi.ConfigurationApiItemWrapper..ctor(ServerId serverId, String path) in D:\actions-runner\_work\XPCO\XPCO\MIP\PlatformPlugin\VideoOS.Platform\src\Proxy\ConfigApi\ConfigurationApiItemWrapper.cs:line 110&#xD;
   at VideoOS.Platform.ConfigurationItems.Factory.IsItemTypeSupported(ServerId serverId, String itemType) in D:\actions-runner\_work\XPCO\XPCO\MIP\PlatformPlugin\VideoOS.Platform\src\ConfigurationItems\Factory.cs:line 464&#xD;
MIP: Error: LoginServerOauth (): https://1.2.3.5:55/ManagementServer/ServerCommandServiceOAuth.svc The method or operation is not implemented.&#xD;
MIP: Error: ConfigurationApiItemWrapper (): ConfigAPI GetItem(): System.NotImplementedException, The method or operation is not implemented.&#xD;
MIP: Error: Factory.IsItemTypeSupported (): Exception source:      VideoOS.Platform.SDK.UnitTests&#xD;
Exception type:        System.NotImplementedException&#xD;
Exception message:     The method or operation is not implemented.&#xD;
Exception target site: GetItem&#xD;
   at VideoOS.Platform.SDKUnittest.EnvironmentTests.TestConfigurationClientService.GetItem(String path) in D:\actions-runner\_work\XPCO\XPCO\MIP\MIPSDK\tst\VideoOS.Platform.SDK.UnitTests\EnvironmentTests\TestsWithCorporateShimsBase.cs:line 227&#xD;
   at VideoOS.Platform.Proxy.ConfigApi.ConfigurationApiItemWrapper..ctor(ServerId serverId, String path) in D:\actions-runner\_work\XPCO\XPCO\MIP\PlatformPlugin\VideoOS.Platform\src\Proxy\ConfigApi\ConfigurationApiItemWrapper.cs:line 110&#xD;
   at VideoOS.Platform.ConfigurationItems.Factory.IsItemTypeSupported(ServerId serverId, String itemType) in D:\actions-runner\_work\XPCO\XPCO\MIP\PlatformPlugin\VideoOS.Platform\src\ConfigurationItems\Factory.cs:line 464&#xD;
&#xD;
Factory.IsItemTypeSupportedFactory.IsItemTypeSupported ()The method or operation is not implemented.   at VideoOS.Platform.SDKUnittest.EnvironmentTests.TestConfigurationClientService.GetItem(String path) in D:\actions-runner\_work\XPCO\XPCO\MIP\MIPSDK\tst\VideoOS.Platform.SDK.UnitTests\EnvironmentTests\TestsWithCorporateShimsBase.cs:line 227&#xD;
   at VideoOS.Platform.Proxy.ConfigApi.ConfigurationApiItemWrapper..ctor(ServerId serverId, String path) in D:\actions-runner\_work\XPCO\XPCO\MIP\PlatformPlugin\VideoOS.Platform\src\Proxy\ConfigApi\ConfigurationApiItemWrapper.cs:line 110&#xD;
   at VideoOS.Platform.ConfigurationItems.Factory.IsItemTypeSupported(ServerId serverId, String itemType) in D:\actions-runner\_work\XPCO\XPCO\MIP\PlatformPlugin\VideoOS.Platform\src\ConfigurationItems\Factory.cs:line 464&#xD;
MIP: Error: GetConfiguration (): CustomSetting not found for the given platformDefinitionId: e145597a-ecaf-40a1-99e6-14bb9d45a09e&#xD;
MIP: Error: ConfigurationApiItemWrapper (): ConfigAPI GetItem(): System.NotImplementedException, The method or operation is not implemented.&#xD;
MIP: Error: Factory.IsItemTypeSupported (): Exception source:      VideoOS.Platform.SDK.UnitTests&#xD;
Exception type:        System.NotImplementedException&#xD;
Exception message:     The method or operation is not implemented.&#xD;
Exception target site: GetItem&#xD;
   at VideoOS.Platform.SDKUnittest.EnvironmentTests.TestConfigurationClientService.GetItem(String path) in D:\actions-runner\_work\XPCO\XPCO\MIP\MIPSDK\tst\VideoOS.Platform.SDK.UnitTests\EnvironmentTests\TestsWithCorporateShimsBase.cs:line 227&#xD;
   at VideoOS.Platform.Proxy.ConfigApi.ConfigurationApiItemWrapper..ctor(ServerId serverId, String path) in D:\actions-runner\_work\XPCO\XPCO\MIP\PlatformPlugin\VideoOS.Platform\src\Proxy\ConfigApi\ConfigurationApiItemWrapper.cs:line 110&#xD;
   at VideoOS.Platform.ConfigurationItems.Factory.IsItemTypeSupported(ServerId serverId, String itemType) in D:\actions-runner\_work\XPCO\XPCO\MIP\PlatformPlugin\VideoOS.Platform\src\ConfigurationItems\Factory.cs:line 464&#xD;
&#xD;
Factory.IsItemTypeSupportedFactory.IsItemTypeSupported ()The method or operation is not implemented.   at VideoOS.Platform.SDKUnittest.EnvironmentTests.TestConfigurationClientService.GetItem(String path) in D:\actions-runner\_work\XPCO\XPCO\MIP\MIPSDK\tst\VideoOS.Platform.SDK.UnitTests\EnvironmentTests\TestsWithCorporateShimsBase.cs:line 227&#xD;
   at VideoOS.Platform.Proxy.ConfigApi.ConfigurationApiItemWrapper..ctor(ServerId serverId, String path) in D:\actions-runner\_work\XPCO\XPCO\MIP\PlatformPlugin\VideoOS.Platform\src\Proxy\ConfigApi\ConfigurationApiItemWrapper.cs:line 110&#xD;
   at VideoOS.Platform.ConfigurationItems.Factory.IsItemTypeSupported(ServerId serverId, String itemType) in D:\actions-runner\_work\XPCO\XPCO\MIP\PlatformPlugin\VideoOS.Platform\src\ConfigurationItems\Factory.cs:line 464&#xD;
MIP: Error: LoginServerOauth (): https://1.2.3.5:55/ManagementServer/ServerCommandServiceOAuth.svc The method or operation is not implemented.&#xD;
MIP: Error: ConfigurationApiItemWrapper (): ConfigAPI GetItem(): System.NotImplementedException, The method or operation is not implemented.&#xD;
MIP: Error: Factory.IsItemTypeSupported (): Exception source:      VideoOS.Platform.SDK.UnitTests&#xD;
Exception type:        System.NotImplementedException&#xD;
Exception message:     The method or operation is not implemented.&#xD;
Exception target site: GetItem&#xD;
   at VideoOS.Platform.SDKUnittest.EnvironmentTests.TestConfigurationClientService.GetItem(String path) in D:\actions-runner\_work\XPCO\XPCO\MIP\MIPSDK\tst\VideoOS.Platform.SDK.UnitTests\EnvironmentTests\TestsWithCorporateShimsBase.cs:line 227&#xD;
   at VideoOS.Platform.Proxy.ConfigApi.ConfigurationApiItemWrapper..ctor(ServerId serverId, String path) in D:\actions-runner\_work\XPCO\XPCO\MIP\PlatformPlugin\VideoOS.Platform\src\Proxy\ConfigApi\ConfigurationApiItemWrapper.cs:line 110&#xD;
   at VideoOS.Platform.ConfigurationItems.Factory.IsItemTypeSupported(ServerId serverId, String itemType) in D:\actions-runner\_work\XPCO\XPCO\MIP\PlatformPlugin\VideoOS.Platform\src\ConfigurationItems\Factory.cs:line 464&#xD;
&#xD;
Factory.IsItemTypeSupportedFactory.IsItemTypeSupported ()The method or operation is not implemented.   at VideoOS.Platform.SDKUnittest.EnvironmentTests.TestConfigurationClientService.GetItem(String path) in D:\actions-runner\_work\XPCO\XPCO\MIP\MIPSDK\tst\VideoOS.Platform.SDK.UnitTests\EnvironmentTests\TestsWithCorporateShimsBase.cs:line 227&#xD;
   at VideoOS.Platform.Proxy.ConfigApi.ConfigurationApiItemWrapper..ctor(ServerId serverId, String path) in D:\actions-runner\_work\XPCO\XPCO\MIP\PlatformPlugin\VideoOS.Platform\src\Proxy\ConfigApi\ConfigurationApiItemWrapper.cs:line 110&#xD;
   at VideoOS.Platform.ConfigurationItems.Factory.IsItemTypeSupported(ServerId serverId, String itemType) in D:\actions-runner\_work\XPCO\XPCO\MIP\PlatformPlugin\VideoOS.Platform\src\ConfigurationItems\Factory.cs:line 464&#xD;
MIP: Error: ConfigurationApiItemWrapper (): ConfigAPI GetItem(): System.NotImplementedException, The method or operation is not implemented.&#xD;
MIP: Error: Factory.IsItemTypeSupported (): Exception source:      VideoOS.Platform.SDK.UnitTests&#xD;
Exception type:        System.NotImplementedException&#xD;
Exception message:     The method or operation is not implemented.&#xD;
Exception target site: GetItem&#xD;
   at VideoOS.Platform.SDKUnittest.EnvironmentTests.TestConfigurationClientService.GetItem(String path) in D:\actions-runner\_work\XPCO\XPCO\MIP\MIPSDK\tst\VideoOS.Platform.SDK.UnitTests\EnvironmentTests\TestsWithCorporateShimsBase.cs:line 227&#xD;
   at VideoOS.Platform.Proxy.ConfigApi.ConfigurationApiItemWrapper..ctor(ServerId serverId, String path) in D:\actions-runner\_work\XPCO\XPCO\MIP\PlatformPlugin\VideoOS.Platform\src\Proxy\ConfigApi\ConfigurationApiItemWrapper.cs:line 110&#xD;
   at VideoOS.Platform.ConfigurationItems.Factory.IsItemTypeSupported(ServerId serverId, String itemType) in D:\actions-runner\_work\XPCO\XPCO\MIP\PlatformPlugin\VideoOS.Platform\src\ConfigurationItems\Factory.cs:line 464&#xD;
&#xD;
Factory.IsItemTypeSupportedFactory.IsItemTypeSupported ()The method or operation is not implemented.   at VideoOS.Platform.SDKUnittest.EnvironmentTests.TestConfigurationClientService.GetItem(String path) in D:\actions-runner\_work\XPCO\XPCO\MIP\MIPSDK\tst\VideoOS.Platform.SDK.UnitTests\EnvironmentTests\TestsWithCorporateShimsBase.cs:line 227&#xD;
   at VideoOS.Platform.Proxy.ConfigApi.ConfigurationApiItemWrapper..ctor(ServerId serverId, String path) in D:\actions-runner\_work\XPCO\XPCO\MIP\PlatformPlugin\VideoOS.Platform\src\Proxy\ConfigApi\ConfigurationApiItemWrapper.cs:line 110&#xD;
   at VideoOS.Platform.ConfigurationItems.Factory.IsItemTypeSupported(ServerId serverId, String itemType) in D:\actions-runner\_work\XPCO\XPCO\MIP\PlatformPlugin\VideoOS.Platform\src\ConfigurationItems\Factory.cs:line 464&#xD;
MIP: Error: LoginServerOauth (): https://1.2.3.5:55/ManagementServer/ServerCommandServiceOAuth.svc The method or operation is not implemented.&#xD;
MIP: Error: ConfigurationApiItemWrapper (): ConfigAPI GetItem(): System.NotImplementedException, The method or operation is not implemented.&#xD;
MIP: Error: Factory.IsItemTypeSupported (): Exception source:      VideoOS.Platform.SDK.UnitTests&#xD;
Exception type:        System.NotImplementedException&#xD;
Exception message:     The method or operation is not implemented.&#xD;
Exception target site: GetItem&#xD;
   at VideoOS.Platform.SDKUnittest.EnvironmentTests.TestConfigurationClientService.GetItem(String path) in D:\actions-runner\_work\XPCO\XPCO\MIP\MIPSDK\tst\VideoOS.Platform.SDK.UnitTests\EnvironmentTests\TestsWithCorporateShimsBase.cs:line 227&#xD;
   at VideoOS.Platform.Proxy.ConfigApi.ConfigurationApiItemWrapper..ctor(ServerId serverId, String path) in D:\actions-runner\_work\XPCO\XPCO\MIP\PlatformPlugin\VideoOS.Platform\src\Proxy\ConfigApi\ConfigurationApiItemWrapper.cs:line 110&#xD;
   at VideoOS.Platform.ConfigurationItems.Factory.IsItemTypeSupported(ServerId serverId, String itemType) in D:\actions-runner\_work\XPCO\XPCO\MIP\PlatformPlugin\VideoOS.Platform\src\ConfigurationItems\Factory.cs:line 464&#xD;
&#xD;
Factory.IsItemTypeSupportedFactory.IsItemTypeSupported ()The method or operation is not implemented.   at VideoOS.Platform.SDKUnittest.EnvironmentTests.TestConfigurationClientService.GetItem(String path) in D:\actions-runner\_work\XPCO\XPCO\MIP\MIPSDK\tst\VideoOS.Platform.SDK.UnitTests\EnvironmentTests\TestsWithCorporateShimsBase.cs:line 227&#xD;
   at VideoOS.Platform.Proxy.ConfigApi.ConfigurationApiItemWrapper..ctor(ServerId serverId, String path) in D:\actions-runner\_work\XPCO\XPCO\MIP\PlatformPlugin\VideoOS.Platform\src\Proxy\ConfigApi\ConfigurationApiItemWrapper.cs:line 110&#xD;
   at VideoOS.Platform.ConfigurationItems.Factory.IsItemTypeSupported(ServerId serverId, String itemType) in D:\actions-runner\_work\XPCO\XPCO\MIP\PlatformPlugin\VideoOS.Platform\src\ConfigurationItems\Factory.cs:line 464&#xD;
MIP: Error: GetConfiguration (): CustomSetting not found for the given platformDefinitionId: e145597a-ecaf-40a1-99e6-14bb9d45a09e&#xD;
MIP: Error: ConfigurationApiItemWrapper (): ConfigAPI GetItem(): System.NotImplementedException, The method or operation is not implemented.&#xD;
MIP: Error: Factory.IsItemTypeSupported (): Exception source:      VideoOS.Platform.SDK.UnitTests&#xD;
Exception type:        System.NotImplementedException&#xD;
Exception message:     The method or operation is not implemented.&#xD;
Exception target site: GetItem&#xD;
   at VideoOS.Platform.SDKUnittest.EnvironmentTests.TestConfigurationClientService.GetItem(String path) in D:\actions-runner\_work\XPCO\XPCO\MIP\MIPSDK\tst\VideoOS.Platform.SDK.UnitTests\EnvironmentTests\TestsWithCorporateShimsBase.cs:line 227&#xD;
   at VideoOS.Platform.Proxy.ConfigApi.ConfigurationApiItemWrapper..ctor(ServerId serverId, String path) in D:\actions-runner\_work\XPCO\XPCO\MIP\PlatformPlugin\VideoOS.Platform\src\Proxy\ConfigApi\ConfigurationApiItemWrapper.cs:line 110&#xD;
   at VideoOS.Platform.ConfigurationItems.Factory.IsItemTypeSupported(ServerId serverId, String itemType) in D:\actions-runner\_work\XPCO\XPCO\MIP\PlatformPlugin\VideoOS.Platform\src\ConfigurationItems\Factory.cs:line 464&#xD;
&#xD;
Factory.IsItemTypeSupportedFactory.IsItemTypeSupported ()The method or operation is not implemented.   at VideoOS.Platform.SDKUnittest.EnvironmentTests.TestConfigurationClientService.GetItem(String path) in D:\actions-runner\_work\XPCO\XPCO\MIP\MIPSDK\tst\VideoOS.Platform.SDK.UnitTests\EnvironmentTests\TestsWithCorporateShimsBase.cs:line 227&#xD;
   at VideoOS.Platform.Proxy.ConfigApi.ConfigurationApiItemWrapper..ctor(ServerId serverId, String path) in D:\actions-runner\_work\XPCO\XPCO\MIP\PlatformPlugin\VideoOS.Platform\src\Proxy\ConfigApi\ConfigurationApiItemWrapper.cs:line 110&#xD;
   at VideoOS.Platform.ConfigurationItems.Factory.IsItemTypeSupported(ServerId serverId, String itemType) in D:\actions-runner\_work\XPCO\XPCO\MIP\PlatformPlugin\VideoOS.Platform\src\ConfigurationItems\Factory.cs:line 464&#xD;
MIP: Error: LoginServerOauth (): https://1.2.3.5:55/ManagementServer/ServerCommandServiceOAuth.svc The method or operation is not implemented.&#xD;
MIP: Error: ConfigurationApiItemWrapper (): ConfigAPI GetItem(): System.NotImplementedException, The method or operation is not implemented.&#xD;
MIP: Error: Factory.IsItemTypeSupported (): Exception source:      VideoOS.Platform.SDK.UnitTests&#xD;
Exception type:        System.NotImplementedException&#xD;
Exception message:     The method or operation is not implemented.&#xD;
Exception target site: GetItem&#xD;
   at VideoOS.Platform.SDKUnittest.EnvironmentTests.TestConfigurationClientService.GetItem(String path) in D:\actions-runner\_work\XPCO\XPCO\MIP\MIPSDK\tst\VideoOS.Platform.SDK.UnitTests\EnvironmentTests\TestsWithCorporateShimsBase.cs:line 227&#xD;
   at VideoOS.Platform.Proxy.ConfigApi.ConfigurationApiItemWrapper..ctor(ServerId serverId, String path) in D:\actions-runner\_work\XPCO\XPCO\MIP\PlatformPlugin\VideoOS.Platform\src\Proxy\ConfigApi\ConfigurationApiItemWrapper.cs:line 110&#xD;
   at VideoOS.Platform.ConfigurationItems.Factory.IsItemTypeSupported(ServerId serverId, String itemType) in D:\actions-runner\_work\XPCO\XPCO\MIP\PlatformPlugin\VideoOS.Platform\src\ConfigurationItems\Factory.cs:line 464&#xD;
&#xD;
Factory.IsItemTypeSupportedFactory.IsItemTypeSupported ()The method or operation is not implemented.   at VideoOS.Platform.SDKUnittest.EnvironmentTests.TestConfigurationClientService.GetItem(String path) in D:\actions-runner\_work\XPCO\XPCO\MIP\MIPSDK\tst\VideoOS.Platform.SDK.UnitTests\EnvironmentTests\TestsWithCorporateShimsBase.cs:line 227&#xD;
   at VideoOS.Platform.Proxy.ConfigApi.ConfigurationApiItemWrapper..ctor(ServerId serverId, String path) in D:\actions-runner\_work\XPCO\XPCO\MIP\PlatformPlugin\VideoOS.Platform\src\Proxy\ConfigApi\ConfigurationApiItemWrapper.cs:line 110&#xD;
   at VideoOS.Platform.ConfigurationItems.Factory.IsItemTypeSupported(ServerId serverId, String itemType) in D:\actions-runner\_work\XPCO\XPCO\MIP\PlatformPlugin\VideoOS.Platform\src\ConfigurationItems\Factory.cs:line 464&#xD;
MIP: Error: ConfigurationApiItemWrapper (): ConfigAPI GetItem(): System.NotImplementedException, The method or operation is not implemented.&#xD;
MIP: Error: Factory.IsItemTypeSupported (): Exception source:      VideoOS.Platform.SDK.UnitTests&#xD;
Exception type:        System.NotImplementedException&#xD;
Exception message:     The method or operation is not implemented.&#xD;
Exception target site: GetItem&#xD;
   at VideoOS.Platform.SDKUnittest.EnvironmentTests.TestConfigurationClientService.GetItem(String path) in D:\actions-runner\_work\XPCO\XPCO\MIP\MIPSDK\tst\VideoOS.Platform.SDK.UnitTests\EnvironmentTests\TestsWithCorporateShimsBase.cs:line 227&#xD;
   at VideoOS.Platform.Proxy.ConfigApi.ConfigurationApiItemWrapper..ctor(ServerId serverId, String path) in D:\actions-runner\_work\XPCO\XPCO\MIP\PlatformPlugin\VideoOS.Platform\src\Proxy\ConfigApi\ConfigurationApiItemWrapper.cs:line 110&#xD;
   at VideoOS.Platform.ConfigurationItems.Factory.IsItemTypeSupported(ServerId serverId, String itemType) in D:\actions-runner\_work\XPCO\XPCO\MIP\PlatformPlugin\VideoOS.Platform\src\ConfigurationItems\Factory.cs:line 464&#xD;
&#xD;
Factory.IsItemTypeSupportedFactory.IsItemTypeSupported ()The method or operation is not implemented.   at VideoOS.Platform.SDKUnittest.EnvironmentTests.TestConfigurationClientService.GetItem(String path) in D:\actions-runner\_work\XPCO\XPCO\MIP\MIPSDK\tst\VideoOS.Platform.SDK.UnitTests\EnvironmentTests\TestsWithCorporateShimsBase.cs:line 227&#xD;
   at VideoOS.Platform.Proxy.ConfigApi.ConfigurationApiItemWrapper..ctor(ServerId serverId, String path) in D:\actions-runner\_work\XPCO\XPCO\MIP\PlatformPlugin\VideoOS.Platform\src\Proxy\ConfigApi\ConfigurationApiItemWrapper.cs:line 110&#xD;
   at VideoOS.Platform.ConfigurationItems.Factory.IsItemTypeSupported(ServerId serverId, String itemType) in D:\actions-runner\_work\XPCO\XPCO\MIP\PlatformPlugin\VideoOS.Platform\src\ConfigurationItems\Factory.cs:line 464&#xD;
MIP: Error: LoginServerOauth (): https://1.2.3.5:55/ManagementServer/ServerCommandServiceOAuth.svc The method or operation is not implemented.&#xD;
MIP: Error: ConfigurationApiItemWrapper (): ConfigAPI GetItem(): System.NotImplementedException, The method or operation is not implemented.&#xD;
MIP: Error: Factory.IsItemTypeSupported (): Exception source:      VideoOS.Platform.SDK.UnitTests&#xD;
Exception type:        System.NotImplementedException&#xD;
Exception message:     The method or operation is not implemented.&#xD;
Exception target site: GetItem&#xD;
   at VideoOS.Platform.SDKUnittest.EnvironmentTests.TestConfigurationClientService.GetItem(String path) in D:\actions-runner\_work\XPCO\XPCO\MIP\MIPSDK\tst\VideoOS.Platform.SDK.UnitTests\EnvironmentTests\TestsWithCorporateShimsBase.cs:line 227&#xD;
   at VideoOS.Platform.Proxy.ConfigApi.ConfigurationApiItemWrapper..ctor(ServerId serverId, String path) in D:\actions-runner\_work\XPCO\XPCO\MIP\PlatformPlugin\VideoOS.Platform\src\Proxy\ConfigApi\ConfigurationApiItemWrapper.cs:line 110&#xD;
   at VideoOS.Platform.ConfigurationItems.Factory.IsItemTypeSupported(ServerId serverId, String itemType) in D:\actions-runner\_work\XPCO\XPCO\MIP\PlatformPlugin\VideoOS.Platform\src\ConfigurationItems\Factory.cs:line 464&#xD;
&#xD;
Factory.IsItemTypeSupportedFactory.IsItemTypeSupported ()The method or operation is not implemented.   at VideoOS.Platform.SDKUnittest.EnvironmentTests.TestConfigurationClientService.GetItem(String path) in D:\actions-runner\_work\XPCO\XPCO\MIP\MIPSDK\tst\VideoOS.Platform.SDK.UnitTests\EnvironmentTests\TestsWithCorporateShimsBase.cs:line 227&#xD;
   at VideoOS.Platform.Proxy.ConfigApi.ConfigurationApiItemWrapper..ctor(ServerId serverId, String path) in D:\actions-runner\_work\XPCO\XPCO\MIP\PlatformPlugin\VideoOS.Platform\src\Proxy\ConfigApi\ConfigurationApiItemWrapper.cs:line 110&#xD;
   at VideoOS.Platform.ConfigurationItems.Factory.IsItemTypeSupported(ServerId serverId, String itemType) in D:\actions-runner\_work\XPCO\XPCO\MIP\PlatformPlugin\VideoOS.Platform\src\ConfigurationItems\Factory.cs:line 464&#xD;
MIP: Error: GetConfiguration (): CustomSetting not found for the given platformDefinitionId: e145597a-ecaf-40a1-99e6-14bb9d45a09e&#xD;
MIP: Error: ConfigurationApiItemWrapper (): ConfigAPI GetItem(): System.NotImplementedException, The method or operation is not implemented.&#xD;
MIP: Error: Factory.IsItemTypeSupported (): Exception source:      VideoOS.Platform.SDK.UnitTests&#xD;
Exception type:        System.NotImplementedException&#xD;
Exception message:     The method or operation is not implemented.&#xD;
Exception target site: GetItem&#xD;
   at VideoOS.Platform.SDKUnittest.EnvironmentTests.TestConfigurationClientService.GetItem(String path) in D:\actions-runner\_work\XPCO\XPCO\MIP\MIPSDK\tst\VideoOS.Platform.SDK.UnitTests\EnvironmentTests\TestsWithCorporateShimsBase.cs:line 227&#xD;
   at VideoOS.Platform.Proxy.ConfigApi.ConfigurationApiItemWrapper..ctor(ServerId serverId, String path) in D:\actions-runner\_work\XPCO\XPCO\MIP\PlatformPlugin\VideoOS.Platform\src\Proxy\ConfigApi\ConfigurationApiItemWrapper.cs:line 110&#xD;
   at VideoOS.Platform.ConfigurationItems.Factory.IsItemTypeSupported(ServerId serverId, String itemType) in D:\actions-runner\_work\XPCO\XPCO\MIP\PlatformPlugin\VideoOS.Platform\src\ConfigurationItems\Factory.cs:line 464&#xD;
&#xD;
Factory.IsItemTypeSupportedFactory.IsItemTypeSupported ()The method or operation is not implemented.   at VideoOS.Platform.SDKUnittest.EnvironmentTests.TestConfigurationClientService.GetItem(String path) in D:\actions-runner\_work\XPCO\XPCO\MIP\MIPSDK\tst\VideoOS.Platform.SDK.UnitTests\EnvironmentTests\TestsWithCorporateShimsBase.cs:line 227&#xD;
   at VideoOS.Platform.Proxy.ConfigApi.ConfigurationApiItemWrapper..ctor(ServerId serverId, String path) in D:\actions-runner\_work\XPCO\XPCO\MIP\PlatformPlugin\VideoOS.Platform\src\Proxy\ConfigApi\ConfigurationApiItemWrapper.cs:line 110&#xD;
   at VideoOS.Platform.ConfigurationItems.Factory.IsItemTypeSupported(ServerId serverId, String itemType) in D:\actions-runner\_work\XPCO\XPCO\MIP\PlatformPlugin\VideoOS.Platform\src\ConfigurationItems\Factory.cs:line 464&#xD;
MIP: Error: LoginServerOauth (): https://1.2.3.5:55/ManagementServer/ServerCommandServiceOAuth.svc The method or operation is not implemented.</StdOut>
      </Output>
    </UnitTestResult>
    <UnitTestResult executionId="911e933c-3353-43de-b44a-bd83201a985f" testId="385258c3-bf69-84a9-6b96-32d51034c910" testName="CheckToStringWithTandZ" computerName="DKSR-EFI-06" duration="00:00:00.0017840" startTime="2024-01-09T15:45:21.8575389+01:00" endTime="2024-01-09T15:45:21.8575389+01:00" testType="13cdc9d9-ddb5-4fa4-a97d-d965ccfc6d4b" outcome="Passed" testListId="8c84fa94-04c1-424b-9868-57a2d4851a1d" relativeResultsDirectory="911e933c-3353-43de-b44a-bd83201a985f" />
    <UnitTestResult executionId="f05bd91f-0c6f-45b5-8ccf-808c73fe2e77" testId="6e531b1c-7ba0-4ec7-9a5b-ff77c5daf1ae" testName="XpcoSiteInfoUri" computerName="DKSR-EFI-06" duration="00:00:00.1830679" startTime="2024-01-09T15:45:43.3575501+01:00" endTime="2024-01-09T15:45:43.5294775+01:00" testType="13cdc9d9-ddb5-4fa4-a97d-d965ccfc6d4b" outcome="Passed" testListId="8c84fa94-04c1-424b-9868-57a2d4851a1d" relativeResultsDirectory="f05bd91f-0c6f-45b5-8ccf-808c73fe2e77">
      <Output>
        <StdOut>Debug Trace:&#xD;
TopLevelControl returns null. PostMessage may have problems</StdOut>
      </Output>
    </UnitTestResult>
    <UnitTestResult executionId="784775cf-1449-40a7-b85a-3a2d0f9fb211" testId="21868baf-ff05-ff85-7303-76deb1e29922" testName="StopRecording_ShouldDoNothing_WhenRecordingIsNotStarted" computerName="DKSR-EFI-06" duration="00:00:00.0008858" startTime="2024-01-09T15:45:56.7043741+01:00" endTime="2024-01-09T15:45:56.7043741+01:00" testType="13cdc9d9-ddb5-4fa4-a97d-d965ccfc6d4b" outcome="Passed" testListId="8c84fa94-04c1-424b-9868-57a2d4851a1d" relativeResultsDirectory="784775cf-1449-40a7-b85a-3a2d0f9fb211" />
    <UnitTestResult executionId="8b59e75f-2f08-4e4a-9efc-c9a58314067a" testId="27438331-c0fe-4d15-65b5-fb3f4b12375a" testName="Given_Nothing_When_SendingTheSessionThroughAllStates_Then_ConnectionStatesAreSendAndPropertyUpdated2" computerName="DKSR-EFI-06" duration="00:00:00.2945897" startTime="2024-01-09T15:45:22.8887886+01:00" endTime="2024-01-09T15:45:23.1856627+01:00" testType="13cdc9d9-ddb5-4fa4-a97d-d965ccfc6d4b" outcome="Passed" testListId="8c84fa94-04c1-424b-9868-57a2d4851a1d" relativeResultsDirectory="8b59e75f-2f08-4e4a-9efc-c9a58314067a" />
    <UnitTestResult executionId="509bd56a-cbd5-4324-b0c7-1df1a4f7fd62" testId="1444c9ca-e73b-a5e6-f01f-53b0839e824f" testName="Given_Eventreceirveradded_When_EventReceiverRemoved_Then_EventsAreSentnoLongerSent" computerName="DKSR-EFI-06" duration="00:00:00.0056970" startTime="2024-01-09T15:45:22.5762873+01:00" endTime="2024-01-09T15:45:22.5919130+01:00" testType="13cdc9d9-ddb5-4fa4-a97d-d965ccfc6d4b" outcome="Passed" testListId="8c84fa94-04c1-424b-9868-57a2d4851a1d" relativeResultsDirectory="509bd56a-cbd5-4324-b0c7-1df1a4f7fd62" />
    <UnitTestResult executionId="9939fd25-f05f-4449-a364-5ce6f828dfe0" testId="7fe1ef40-9ce0-1e32-d490-dcfb0a7df207" testName="XpcoMultiLoginLoadConfiguration" computerName="DKSR-EFI-06" duration="00:00:00.5997741" startTime="2024-01-09T15:45:28.5606684+01:00" endTime="2024-01-09T15:45:29.1700450+01:00" testType="13cdc9d9-ddb5-4fa4-a97d-d965ccfc6d4b" outcome="Passed" testListId="8c84fa94-04c1-424b-9868-57a2d4851a1d" relativeResultsDirectory="9939fd25-f05f-4449-a364-5ce6f828dfe0">
      <Output>
        <StdOut>Debug Trace:&#xD;
TopLevelControl returns null. PostMessage may have problems&#xD;
MIP: Error: LicenseManager (): Login settings not found. EnvironmentType: Standalone&#xD;
MIP: Error: License Load (): Exception source:      VideoOS.Platform&#xD;
Exception type:        VideoOS.Platform.MIPException&#xD;
Exception message:     Login settings not found.&#xD;
Exception target site: GetCompatibilityHandler&#xD;
   at VideoOS.Platform.License.LicenseManager.GetCompatibilityHandler() in D:\actions-runner\_work\XPCO\XPCO\MIP\PlatformPlugin\VideoOS.Platform\src\License\LicenseManager.Internal.cs:line 568&#xD;
   at VideoOS.Platform.License.LicenseManager.LoadLicenseInformation() in D:\actions-runner\_work\XPCO\XPCO\MIP\PlatformPlugin\VideoOS.Platform\src\License\LicenseManager.Internal.cs:line 75&#xD;
&#xD;
License LoadLicense Load ()Login settings not found.   at VideoOS.Platform.License.LicenseManager.GetCompatibilityHandler() in D:\actions-runner\_work\XPCO\XPCO\MIP\PlatformPlugin\VideoOS.Platform\src\License\LicenseManager.Internal.cs:line 568&#xD;
   at VideoOS.Platform.License.LicenseManager.LoadLicenseInformation() in D:\actions-runner\_work\XPCO\XPCO\MIP\PlatformPlugin\VideoOS.Platform\src\License\LicenseManager.Internal.cs:line 75</StdOut>
      </Output>
    </UnitTestResult>
    <UnitTestResult executionId="af006079-afec-4ecd-acac-fdd07f682abc" testId="92a0043a-eb95-e604-ef36-165e1d731356" testName="AddServer_WithCredentialCache_MasterOnlyTrue_CorrectlyPassed" computerName="DKSR-EFI-06" duration="00:00:00.0024853" startTime="2024-01-09T15:44:27.4824369+01:00" endTime="2024-01-09T15:44:27.4824369+01:00" testType="13cdc9d9-ddb5-4fa4-a97d-d965ccfc6d4b" outcome="Passed" testListId="8c84fa94-04c1-424b-9868-57a2d4851a1d" relativeResultsDirectory="af006079-afec-4ecd-acac-fdd07f682abc" />
    <UnitTestResult executionId="ae217538-d748-4f12-892f-ae6d249daa23" testId="2282d201-fae3-68ca-fb9b-da7ba770e221" testName="OAuthServerIsOnline" computerName="DKSR-EFI-06" duration="00:00:01.5328345" startTime="2024-01-09T15:45:18.7637808+01:00" endTime="2024-01-09T15:45:20.2950371+01:00" testType="13cdc9d9-ddb5-4fa4-a97d-d965ccfc6d4b" outcome="Passed" testListId="8c84fa94-04c1-424b-9868-57a2d4851a1d" relativeResultsDirectory="ae217538-d748-4f12-892f-ae6d249daa23" />
    <UnitTestResult executionId="d30afa3c-fa00-4730-8604-df1b227d04e2" testId="7ab3ecbd-68d0-4cbf-9bde-72fb304bcae6" testName="Remove_WhenCacheHasNoCredential_DoesNothing" computerName="DKSR-EFI-06" duration="00:00:00.0477370" startTime="2024-01-09T15:45:21.7169122+01:00" endTime="2024-01-09T15:45:21.7637871+01:00" testType="13cdc9d9-ddb5-4fa4-a97d-d965ccfc6d4b" outcome="Passed" testListId="8c84fa94-04c1-424b-9868-57a2d4851a1d" relativeResultsDirectory="d30afa3c-fa00-4730-8604-df1b227d04e2" />
    <UnitTestResult executionId="e377f20d-a486-4de6-bba9-500620c17092" testId="3512c4ea-c42c-dc19-86d1-3085820f9234" testName="Given_Nothing_When_EventHandlerIsCreated_Then_ItRegistersItselfToTheMessageDispatcher" computerName="DKSR-EFI-06" duration="00:00:00.0087822" startTime="2024-01-09T15:45:22.4981640+01:00" endTime="2024-01-09T15:45:22.5137883+01:00" testType="13cdc9d9-ddb5-4fa4-a97d-d965ccfc6d4b" outcome="Passed" testListId="8c84fa94-04c1-424b-9868-57a2d4851a1d" relativeResultsDirectory="e377f20d-a486-4de6-bba9-500620c17092" />
    <UnitTestResult executionId="e2ccd35f-11bb-4b35-a50e-d15ba7b104b9" testId="5519d1bd-8158-0fd7-095a-0bdee9a3940c" testName="ConnectUsingConfiguration_NotCurrentlyPlaying_Success" computerName="DKSR-EFI-06" duration="00:00:00.0034394" startTime="2024-01-09T15:45:56.8137647+01:00" endTime="2024-01-09T15:45:56.8137647+01:00" testType="13cdc9d9-ddb5-4fa4-a97d-d965ccfc6d4b" outcome="Passed" testListId="8c84fa94-04c1-424b-9868-57a2d4851a1d" relativeResultsDirectory="e2ccd35f-11bb-4b35-a50e-d15ba7b104b9" />
    <UnitTestResult executionId="e44e1075-5f60-47ab-bef1-ecf44d68fadc" testId="e7459368-bf71-df4a-32b1-79ab60633652" testName="TryCreateParentUri_WhenFirstUrlKeyPresent_ReturnsIt" computerName="DKSR-EFI-06" duration="00:00:00.0321732" startTime="2024-01-09T15:45:21.6231600+01:00" endTime="2024-01-09T15:45:21.6544105+01:00" testType="13cdc9d9-ddb5-4fa4-a97d-d965ccfc6d4b" outcome="Passed" testListId="8c84fa94-04c1-424b-9868-57a2d4851a1d" relativeResultsDirectory="e44e1075-5f60-47ab-bef1-ecf44d68fadc" />
    <UnitTestResult executionId="0339bff7-30cd-45b1-bab2-69da10fd1d74" testId="4775d5be-0ebd-4836-7626-4829a69cf7bb" testName="Given_Nothing_When_ConnectSuccessful_Then_NoException" computerName="DKSR-EFI-06" duration="00:00:00.0208172" startTime="2024-01-09T15:45:22.7169151+01:00" endTime="2024-01-09T15:45:22.7325397+01:00" testType="13cdc9d9-ddb5-4fa4-a97d-d965ccfc6d4b" outcome="Passed" testListId="8c84fa94-04c1-424b-9868-57a2d4851a1d" relativeResultsDirectory="0339bff7-30cd-45b1-bab2-69da10fd1d74" />
    <UnitTestResult executionId="cff8c21f-1ceb-4051-9a28-62560147881f" testId="c3573399-21f3-d171-85a6-ea212493cb14" testName="ConnectionTask_ShouldResubscribe_WhenConnectionIsBroken_AndResumeFails" computerName="DKSR-EFI-06" duration="00:00:00.0113633" startTime="2024-01-09T15:45:22.8419108+01:00" endTime="2024-01-09T15:45:22.8575377+01:00" testType="13cdc9d9-ddb5-4fa4-a97d-d965ccfc6d4b" outcome="Passed" testListId="8c84fa94-04c1-424b-9868-57a2d4851a1d" relativeResultsDirectory="cff8c21f-1ceb-4051-9a28-62560147881f" />
    <UnitTestResult executionId="5b62c187-a31f-4118-86ef-5d6f60588780" testId="3fc2f323-2eb1-98df-4545-bd5563c5cdc9" testName="When_MipTokenCacheIsNotSet_BearerTokenBehaviourNotAdded" computerName="DKSR-EFI-06" duration="00:00:00.0097331" startTime="2024-01-09T15:45:21.6075377+01:00" endTime="2024-01-09T15:45:21.6231600+01:00" testType="13cdc9d9-ddb5-4fa4-a97d-d965ccfc6d4b" outcome="Passed" testListId="8c84fa94-04c1-424b-9868-57a2d4851a1d" relativeResultsDirectory="5b62c187-a31f-4118-86ef-5d6f60588780" />
    <UnitTestResult executionId="a06172fa-3fad-44a3-bb8e-7ac432db5765" testId="05f781d9-9be7-1af3-c443-40faaa2345fc" testName="CheckToMilisecString" computerName="DKSR-EFI-06" duration="00:00:00.0020751" startTime="2024-01-09T15:45:21.8575389+01:00" endTime="2024-01-09T15:45:21.8575389+01:00" testType="13cdc9d9-ddb5-4fa4-a97d-d965ccfc6d4b" outcome="Passed" testListId="8c84fa94-04c1-424b-9868-57a2d4851a1d" relativeResultsDirectory="a06172fa-3fad-44a3-bb8e-7ac432db5765" />
    <UnitTestResult executionId="9b724ea5-9463-4d51-8169-d4a0c89fcc16" testId="da1dce8b-3a10-e5c9-618b-cbfea5058c69" testName="TestSubscription" computerName="DKSR-EFI-06" duration="00:00:00.0700118" startTime="2024-01-09T15:45:23.2481627+01:00" endTime="2024-01-09T15:45:23.3262913+01:00" testType="13cdc9d9-ddb5-4fa4-a97d-d965ccfc6d4b" outcome="Passed" testListId="8c84fa94-04c1-424b-9868-57a2d4851a1d" relativeResultsDirectory="9b724ea5-9463-4d51-8169-d4a0c89fcc16" />
    <UnitTestResult executionId="d3a6d84d-654f-4b46-bdc9-e7825e1f154e" testId="6921a09d-04ff-2013-2cd1-d68e7b47c780" testName="LoadSiteItem_Success" computerName="DKSR-EFI-06" duration="00:00:00.0437292" startTime="2024-01-09T15:44:27.0605588+01:00" endTime="2024-01-09T15:44:27.1076795+01:00" testType="13cdc9d9-ddb5-4fa4-a97d-d965ccfc6d4b" outcome="Passed" testListId="8c84fa94-04c1-424b-9868-57a2d4851a1d" relativeResultsDirectory="d3a6d84d-654f-4b46-bdc9-e7825e1f154e" />
    <UnitTestResult executionId="c9ca2030-0098-4339-a737-682b5dddc885" testId="3ef0c418-2089-c3e6-4e94-e0341e36e810" testName="Contains_Correct" computerName="DKSR-EFI-06" duration="00:00:00.0021765" startTime="2024-01-09T15:45:21.9981629+01:00" endTime="2024-01-09T15:45:22.0137854+01:00" testType="13cdc9d9-ddb5-4fa4-a97d-d965ccfc6d4b" outcome="Passed" testListId="8c84fa94-04c1-424b-9868-57a2d4851a1d" relativeResultsDirectory="c9ca2030-0098-4339-a737-682b5dddc885" />
    <UnitTestResult executionId="3dca9554-0087-4e4d-9369-d67fb12d8cc4" testId="7c7003ad-ad8b-027f-7da8-4c4339185c93" testName="GetSequences" computerName="DKSR-EFI-06" duration="00:00:03.2243671" startTime="2024-01-09T15:45:12.9981406+01:00" endTime="2024-01-09T15:45:16.2169027+01:00" testType="13cdc9d9-ddb5-4fa4-a97d-d965ccfc6d4b" outcome="Passed" testListId="8c84fa94-04c1-424b-9868-57a2d4851a1d" relativeResultsDirectory="3dca9554-0087-4e4d-9369-d67fb12d8cc4">
      <Output>
        <StdOut>Debug Trace:&#xD;
MIP: Error: GetConfiguration (): CustomSetting not found for the given platformDefinitionId: e145597a-ecaf-40a1-99e6-14bb9d45a09e&#xD;
MIP: Error: GetConfiguration (): CustomSetting not found for the given platformDefinitionId: e145597a-ecaf-40a1-99e6-14bb9d45a09e&#xD;
MIP: Error: GetConfiguration (): CustomSetting not found for the given platformDefinitionId: e145597a-ecaf-40a1-99e6-14bb9d45a09e</StdOut>
      </Output>
    </UnitTestResult>
    <UnitTestResult executionId="99627a07-7341-4a47-baa6-d0fb8b6dd9f7" testId="a3bd6fcc-4145-24ec-1080-3545ed86b8b7" testName="RemoveServer_WithIdWhenLoginSettingsNull_Correct" computerName="DKSR-EFI-06" duration="00:00:00.0122751" startTime="2024-01-09T15:44:27.5761845+01:00" endTime="2024-01-09T15:44:27.5918079+01:00" testType="13cdc9d9-ddb5-4fa4-a97d-d965ccfc6d4b" outcome="Passed" testListId="8c84fa94-04c1-424b-9868-57a2d4851a1d" relativeResultsDirectory="99627a07-7341-4a47-baa6-d0fb8b6dd9f7" />
    <UnitTestResult executionId="0fbdfe94-9bb4-4f99-a793-99210eaab448" testId="6e75c7b2-82c6-9596-e538-6098a4826ccc" testName="Initialize_ShouldSetInstances" computerName="DKSR-EFI-06" duration="00:00:00.2634847" startTime="2024-01-09T15:44:27.6074325+01:00" endTime="2024-01-09T15:44:27.8730616+01:00" testType="13cdc9d9-ddb5-4fa4-a97d-d965ccfc6d4b" outcome="Passed" testListId="8c84fa94-04c1-424b-9868-57a2d4851a1d" relativeResultsDirectory="0fbdfe94-9bb4-4f99-a793-99210eaab448" />
    <UnitTestResult executionId="f715ec8b-c37d-4841-bab3-84cbee6c1757" testId="f1181353-771a-42f2-9df1-c384eac48176" testName="OAuthServerIsOffline" computerName="DKSR-EFI-06" duration="00:00:00.0039853" startTime="2024-01-09T15:45:20.2950371+01:00" endTime="2024-01-09T15:45:20.3106593+01:00" testType="13cdc9d9-ddb5-4fa4-a97d-d965ccfc6d4b" outcome="Passed" testListId="8c84fa94-04c1-424b-9868-57a2d4851a1d" relativeResultsDirectory="f715ec8b-c37d-4841-bab3-84cbee6c1757" />
    <UnitTestResult executionId="85e45213-7be8-400c-a3f5-9d50b0c68734" testId="abb380df-0143-5b3d-b581-a7e745551e8c" testName="Disconnect_NotConnected_DoesNothing" computerName="DKSR-EFI-06" duration="00:00:00.0009016" startTime="2024-01-09T15:45:56.8293934+01:00" endTime="2024-01-09T15:45:56.8293934+01:00" testType="13cdc9d9-ddb5-4fa4-a97d-d965ccfc6d4b" outcome="Passed" testListId="8c84fa94-04c1-424b-9868-57a2d4851a1d" relativeResultsDirectory="85e45213-7be8-400c-a3f5-9d50b0c68734" />
    <UnitTestResult executionId="46e2b100-8e27-41ff-bb70-88e3e38906be" testId="14ccb560-6f46-d233-ecde-9735c641af80" testName="GetRawVideo" computerName="DKSR-EFI-06" duration="00:00:03.0525065" startTime="2024-01-09T15:44:46.1230885+01:00" endTime="2024-01-09T15:44:49.1699765+01:00" testType="13cdc9d9-ddb5-4fa4-a97d-d965ccfc6d4b" outcome="Passed" testListId="8c84fa94-04c1-424b-9868-57a2d4851a1d" relativeResultsDirectory="46e2b100-8e27-41ff-bb70-88e3e38906be">
      <Output>
        <StdOut>Debug Trace:&#xD;
MIP: Error: GetConfiguration (): CustomSetting not found for the given platformDefinitionId: e145597a-ecaf-40a1-99e6-14bb9d45a09e&#xD;
MIP: Error: GetConfiguration (): CustomSetting not found for the given platformDefinitionId: e145597a-ecaf-40a1-99e6-14bb9d45a09e&#xD;
MIP: Error: GetConfiguration (): CustomSetting not found for the given platformDefinitionId: e145597a-ecaf-40a1-99e6-14bb9d45a09e</StdOut>
      </Output>
    </UnitTestResult>
    <UnitTestResult executionId="29a11825-08af-4ca1-9fa7-09b5b3091f99" testId="00962e3e-83d9-46ce-082c-5ce3071a9a13" testName="StartRecording_ShouldStartRecording_WhenRecordingIsStopped" computerName="DKSR-EFI-06" duration="00:00:00.0018701" startTime="2024-01-09T15:45:56.6887482+01:00" endTime="2024-01-09T15:45:56.6887482+01:00" testType="13cdc9d9-ddb5-4fa4-a97d-d965ccfc6d4b" outcome="Passed" testListId="8c84fa94-04c1-424b-9868-57a2d4851a1d" relativeResultsDirectory="29a11825-08af-4ca1-9fa7-09b5b3091f99" />
    <UnitTestResult executionId="89bbcb47-816c-4a89-b182-3c4b6ca83cb5" testId="b0b9d0a0-9158-c0ad-cbda-c08da553577d" testName="XpcoMultiUserLoginSuccess" computerName="DKSR-EFI-06" duration="00:00:02.9375870" startTime="2024-01-09T15:45:30.5606674+01:00" endTime="2024-01-09T15:45:33.4981725+01:00" testType="13cdc9d9-ddb5-4fa4-a97d-d965ccfc6d4b" outcome="Passed" testListId="8c84fa94-04c1-424b-9868-57a2d4851a1d" relativeResultsDirectory="89bbcb47-816c-4a89-b182-3c4b6ca83cb5">
      <Output>
        <StdOut>Debug Trace:&#xD;
TopLevelControl returns null. PostMessage may have problems&#xD;
MIP: Error: ConfigurationApiItemWrapper (): ConfigAPI GetItem(): System.NotImplementedException, The method or operation is not implemented.&#xD;
MIP: Error: Factory.IsItemTypeSupported (): Exception source:      VideoOS.Platform.SDK.UnitTests&#xD;
Exception type:        System.NotImplementedException&#xD;
Exception message:     The method or operation is not implemented.&#xD;
Exception target site: GetItem&#xD;
   at VideoOS.Platform.SDKUnittest.EnvironmentTests.TestConfigurationClientService.GetItem(String path) in D:\actions-runner\_work\XPCO\XPCO\MIP\MIPSDK\tst\VideoOS.Platform.SDK.UnitTests\EnvironmentTests\TestsWithCorporateShimsBase.cs:line 227&#xD;
   at VideoOS.Platform.Proxy.ConfigApi.ConfigurationApiItemWrapper..ctor(ServerId serverId, String path) in D:\actions-runner\_work\XPCO\XPCO\MIP\PlatformPlugin\VideoOS.Platform\src\Proxy\ConfigApi\ConfigurationApiItemWrapper.cs:line 110&#xD;
   at VideoOS.Platform.ConfigurationItems.Factory.IsItemTypeSupported(ServerId serverId, String itemType) in D:\actions-runner\_work\XPCO\XPCO\MIP\PlatformPlugin\VideoOS.Platform\src\ConfigurationItems\Factory.cs:line 464&#xD;
&#xD;
Factory.IsItemTypeSupportedFactory.IsItemTypeSupported ()The method or operation is not implemented.   at VideoOS.Platform.SDKUnittest.EnvironmentTests.TestConfigurationClientService.GetItem(String path) in D:\actions-runner\_work\XPCO\XPCO\MIP\MIPSDK\tst\VideoOS.Platform.SDK.UnitTests\EnvironmentTests\TestsWithCorporateShimsBase.cs:line 227&#xD;
   at VideoOS.Platform.Proxy.ConfigApi.ConfigurationApiItemWrapper..ctor(ServerId serverId, String path) in D:\actions-runner\_work\XPCO\XPCO\MIP\PlatformPlugin\VideoOS.Platform\src\Proxy\ConfigApi\ConfigurationApiItemWrapper.cs:line 110&#xD;
   at VideoOS.Platform.ConfigurationItems.Factory.IsItemTypeSupported(ServerId serverId, String itemType) in D:\actions-runner\_work\XPCO\XPCO\MIP\PlatformPlugin\VideoOS.Platform\src\ConfigurationItems\Factory.cs:line 464&#xD;
MIP: Error: GetConfiguration (): CustomSetting not found for the given platformDefinitionId: e145597a-ecaf-40a1-99e6-14bb9d45a09e&#xD;
MIP: Error: ConfigurationApiItemWrapper (): ConfigAPI GetItem(): System.NotImplementedException, The method or operation is not implemented.&#xD;
MIP: Error: Factory.IsItemTypeSupported (): Exception source:      VideoOS.Platform.SDK.UnitTests&#xD;
Exception type:        System.NotImplementedException&#xD;
Exception message:     The method or operation is not implemented.&#xD;
Exception target site: GetItem&#xD;
   at VideoOS.Platform.SDKUnittest.EnvironmentTests.TestConfigurationClientService.GetItem(String path) in D:\actions-runner\_work\XPCO\XPCO\MIP\MIPSDK\tst\VideoOS.Platform.SDK.UnitTests\EnvironmentTests\TestsWithCorporateShimsBase.cs:line 227&#xD;
   at VideoOS.Platform.Proxy.ConfigApi.ConfigurationApiItemWrapper..ctor(ServerId serverId, String path) in D:\actions-runner\_work\XPCO\XPCO\MIP\PlatformPlugin\VideoOS.Platform\src\Proxy\ConfigApi\ConfigurationApiItemWrapper.cs:line 110&#xD;
   at VideoOS.Platform.ConfigurationItems.Factory.IsItemTypeSupported(ServerId serverId, String itemType) in D:\actions-runner\_work\XPCO\XPCO\MIP\PlatformPlugin\VideoOS.Platform\src\ConfigurationItems\Factory.cs:line 464&#xD;
&#xD;
Factory.IsItemTypeSupportedFactory.IsItemTypeSupported ()The method or operation is not implemented.   at VideoOS.Platform.SDKUnittest.EnvironmentTests.TestConfigurationClientService.GetItem(String path) in D:\actions-runner\_work\XPCO\XPCO\MIP\MIPSDK\tst\VideoOS.Platform.SDK.UnitTests\EnvironmentTests\TestsWithCorporateShimsBase.cs:line 227&#xD;
   at VideoOS.Platform.Proxy.ConfigApi.ConfigurationApiItemWrapper..ctor(ServerId serverId, String path) in D:\actions-runner\_work\XPCO\XPCO\MIP\PlatformPlugin\VideoOS.Platform\src\Proxy\ConfigApi\ConfigurationApiItemWrapper.cs:line 110&#xD;
   at VideoOS.Platform.ConfigurationItems.Factory.IsItemTypeSupported(ServerId serverId, String itemType) in D:\actions-runner\_work\XPCO\XPCO\MIP\PlatformPlugin\VideoOS.Platform\src\ConfigurationItems\Factory.cs:line 464&#xD;
MIP: Error: LoginServerOauth (): https://1.2.3.5:55/ManagementServer/ServerCommandServiceOAuth.svc The method or operation is not implemented.&#xD;
MIP: Error: ConfigurationApiItemWrapper (): ConfigAPI GetItem(): System.NotImplementedException, The method or operation is not implemented.&#xD;
MIP: Error: Factory.IsItemTypeSupported (): Exception source:      VideoOS.Platform.SDK.UnitTests&#xD;
Exception type:        System.NotImplementedException&#xD;
Exception message:     The method or operation is not implemented.&#xD;
Exception target site: GetItem&#xD;
   at VideoOS.Platform.SDKUnittest.EnvironmentTests.TestConfigurationClientService.GetItem(String path) in D:\actions-runner\_work\XPCO\XPCO\MIP\MIPSDK\tst\VideoOS.Platform.SDK.UnitTests\EnvironmentTests\TestsWithCorporateShimsBase.cs:line 227&#xD;
   at VideoOS.Platform.Proxy.ConfigApi.ConfigurationApiItemWrapper..ctor(ServerId serverId, String path) in D:\actions-runner\_work\XPCO\XPCO\MIP\PlatformPlugin\VideoOS.Platform\src\Proxy\ConfigApi\ConfigurationApiItemWrapper.cs:line 110&#xD;
   at VideoOS.Platform.ConfigurationItems.Factory.IsItemTypeSupported(ServerId serverId, String itemType) in D:\actions-runner\_work\XPCO\XPCO\MIP\PlatformPlugin\VideoOS.Platform\src\ConfigurationItems\Factory.cs:line 464&#xD;
&#xD;
Factory.IsItemTypeSupportedFactory.IsItemTypeSupported ()The method or operation is not implemented.   at VideoOS.Platform.SDKUnittest.EnvironmentTests.TestConfigurationClientService.GetItem(String path) in D:\actions-runner\_work\XPCO\XPCO\MIP\MIPSDK\tst\VideoOS.Platform.SDK.UnitTests\EnvironmentTests\TestsWithCorporateShimsBase.cs:line 227&#xD;
   at VideoOS.Platform.Proxy.ConfigApi.ConfigurationApiItemWrapper..ctor(ServerId serverId, String path) in D:\actions-runner\_work\XPCO\XPCO\MIP\PlatformPlugin\VideoOS.Platform\src\Proxy\ConfigApi\ConfigurationApiItemWrapper.cs:line 110&#xD;
   at VideoOS.Platform.ConfigurationItems.Factory.IsItemTypeSupported(ServerId serverId, String itemType) in D:\actions-runner\_work\XPCO\XPCO\MIP\PlatformPlugin\VideoOS.Platform\src\ConfigurationItems\Factory.cs:line 464&#xD;
MIP: Error: GetConfiguration (): CustomSetting not found for the given platformDefinitionId: e145597a-ecaf-40a1-99e6-14bb9d45a09e&#xD;
MIP: Error: ConfigurationApiItemWrapper (): ConfigAPI GetItem(): System.NotImplementedException, The method or operation is not implemented.&#xD;
MIP: Error: Factory.IsItemTypeSupported (): Exception source:      VideoOS.Platform.SDK.UnitTests&#xD;
Exception type:        System.NotImplementedException&#xD;
Exception message:     The method or operation is not implemented.&#xD;
Exception target site: GetItem&#xD;
   at VideoOS.Platform.SDKUnittest.EnvironmentTests.TestConfigurationClientService.GetItem(String path) in D:\actions-runner\_work\XPCO\XPCO\MIP\MIPSDK\tst\VideoOS.Platform.SDK.UnitTests\EnvironmentTests\TestsWithCorporateShimsBase.cs:line 227&#xD;
   at VideoOS.Platform.Proxy.ConfigApi.ConfigurationApiItemWrapper..ctor(ServerId serverId, String path) in D:\actions-runner\_work\XPCO\XPCO\MIP\PlatformPlugin\VideoOS.Platform\src\Proxy\ConfigApi\ConfigurationApiItemWrapper.cs:line 110&#xD;
   at VideoOS.Platform.ConfigurationItems.Factory.IsItemTypeSupported(ServerId serverId, String itemType) in D:\actions-runner\_work\XPCO\XPCO\MIP\PlatformPlugin\VideoOS.Platform\src\ConfigurationItems\Factory.cs:line 464&#xD;
&#xD;
Factory.IsItemTypeSupportedFactory.IsItemTypeSupported ()The method or operation is not implemented.   at VideoOS.Platform.SDKUnittest.EnvironmentTests.TestConfigurationClientService.GetItem(String path) in D:\actions-runner\_work\XPCO\XPCO\MIP\MIPSDK\tst\VideoOS.Platform.SDK.UnitTests\EnvironmentTests\TestsWithCorporateShimsBase.cs:line 227&#xD;
   at VideoOS.Platform.Proxy.ConfigApi.ConfigurationApiItemWrapper..ctor(ServerId serverId, String path) in D:\actions-runner\_work\XPCO\XPCO\MIP\PlatformPlugin\VideoOS.Platform\src\Proxy\ConfigApi\ConfigurationApiItemWrapper.cs:line 110&#xD;
   at VideoOS.Platform.ConfigurationItems.Factory.IsItemTypeSupported(ServerId serverId, String itemType) in D:\actions-runner\_work\XPCO\XPCO\MIP\PlatformPlugin\VideoOS.Platform\src\ConfigurationItems\Factory.cs:line 464&#xD;
MIP: Error: LoginServerOauth (): https://1.2.3.5:55/ManagementServer/ServerCommandServiceOAuth.svc The method or operation is not implemented.&#xD;
MIP: Error: ConfigurationApiItemWrapper (): ConfigAPI GetItem(): System.NotImplementedException, The method or operation is not implemented.&#xD;
MIP: Error: Factory.IsItemTypeSupported (): Exception source:      VideoOS.Platform.SDK.UnitTests&#xD;
Exception type:        System.NotImplementedException&#xD;
Exception message:     The method or operation is not implemented.&#xD;
Exception target site: GetItem&#xD;
   at VideoOS.Platform.SDKUnittest.EnvironmentTests.TestConfigurationClientService.GetItem(String path) in D:\actions-runner\_work\XPCO\XPCO\MIP\MIPSDK\tst\VideoOS.Platform.SDK.UnitTests\EnvironmentTests\TestsWithCorporateShimsBase.cs:line 227&#xD;
   at VideoOS.Platform.Proxy.ConfigApi.ConfigurationApiItemWrapper..ctor(ServerId serverId, String path) in D:\actions-runner\_work\XPCO\XPCO\MIP\PlatformPlugin\VideoOS.Platform\src\Proxy\ConfigApi\ConfigurationApiItemWrapper.cs:line 110&#xD;
   at VideoOS.Platform.ConfigurationItems.Factory.IsItemTypeSupported(ServerId serverId, String itemType) in D:\actions-runner\_work\XPCO\XPCO\MIP\PlatformPlugin\VideoOS.Platform\src\ConfigurationItems\Factory.cs:line 464&#xD;
&#xD;
Factory.IsItemTypeSupportedFactory.IsItemTypeSupported ()The method or operation is not implemented.   at VideoOS.Platform.SDKUnittest.EnvironmentTests.TestConfigurationClientService.GetItem(String path) in D:\actions-runner\_work\XPCO\XPCO\MIP\MIPSDK\tst\VideoOS.Platform.SDK.UnitTests\EnvironmentTests\TestsWithCorporateShimsBase.cs:line 227&#xD;
   at VideoOS.Platform.Proxy.ConfigApi.ConfigurationApiItemWrapper..ctor(ServerId serverId, String path) in D:\actions-runner\_work\XPCO\XPCO\MIP\PlatformPlugin\VideoOS.Platform\src\Proxy\ConfigApi\ConfigurationApiItemWrapper.cs:line 110&#xD;
   at VideoOS.Platform.ConfigurationItems.Factory.IsItemTypeSupported(ServerId serverId, String itemType) in D:\actions-runner\_work\XPCO\XPCO\MIP\PlatformPlugin\VideoOS.Platform\src\ConfigurationItems\Factory.cs:line 464&#xD;
MIP: Error: ConfigurationApiItemWrapper (): ConfigAPI GetItem(): System.NotImplementedException, The method or operation is not implemented.&#xD;
MIP: Error: Factory.IsItemTypeSupported (): Exception source:      VideoOS.Platform.SDK.UnitTests&#xD;
Exception type:        System.NotImplementedException&#xD;
Exception message:     The method or operation is not implemented.&#xD;
Exception target site: GetItem&#xD;
   at VideoOS.Platform.SDKUnittest.EnvironmentTests.TestConfigurationClientService.GetItem(String path) in D:\actions-runner\_work\XPCO\XPCO\MIP\MIPSDK\tst\VideoOS.Platform.SDK.UnitTests\EnvironmentTests\TestsWithCorporateShimsBase.cs:line 227&#xD;
   at VideoOS.Platform.Proxy.ConfigApi.ConfigurationApiItemWrapper..ctor(ServerId serverId, String path) in D:\actions-runner\_work\XPCO\XPCO\MIP\PlatformPlugin\VideoOS.Platform\src\Proxy\ConfigApi\ConfigurationApiItemWrapper.cs:line 110&#xD;
   at VideoOS.Platform.ConfigurationItems.Factory.IsItemTypeSupported(ServerId serverId, String itemType) in D:\actions-runner\_work\XPCO\XPCO\MIP\PlatformPlugin\VideoOS.Platform\src\ConfigurationItems\Factory.cs:line 464&#xD;
&#xD;
Factory.IsItemTypeSupportedFactory.IsItemTypeSupported ()The method or operation is not implemented.   at VideoOS.Platform.SDKUnittest.EnvironmentTests.TestConfigurationClientService.GetItem(String path) in D:\actions-runner\_work\XPCO\XPCO\MIP\MIPSDK\tst\VideoOS.Platform.SDK.UnitTests\EnvironmentTests\TestsWithCorporateShimsBase.cs:line 227&#xD;
   at VideoOS.Platform.Proxy.ConfigApi.ConfigurationApiItemWrapper..ctor(ServerId serverId, String path) in D:\actions-runner\_work\XPCO\XPCO\MIP\PlatformPlugin\VideoOS.Platform\src\Proxy\ConfigApi\ConfigurationApiItemWrapper.cs:line 110&#xD;
   at VideoOS.Platform.ConfigurationItems.Factory.IsItemTypeSupported(ServerId serverId, String itemType) in D:\actions-runner\_work\XPCO\XPCO\MIP\PlatformPlugin\VideoOS.Platform\src\ConfigurationItems\Factory.cs:line 464&#xD;
MIP: Error: LoginServerOauth (): https://1.2.3.5:55/ManagementServer/ServerCommandServiceOAuth.svc The method or operation is not implemented.&#xD;
MIP: Error: ConfigurationApiItemWrapper (): ConfigAPI GetItem(): System.NotImplementedException, The method or operation is not implemented.&#xD;
MIP: Error: Factory.IsItemTypeSupported (): Exception source:      VideoOS.Platform.SDK.UnitTests&#xD;
Exception type:        System.NotImplementedException&#xD;
Exception message:     The method or operation is not implemented.&#xD;
Exception target site: GetItem&#xD;
   at VideoOS.Platform.SDKUnittest.EnvironmentTests.TestConfigurationClientService.GetItem(String path) in D:\actions-runner\_work\XPCO\XPCO\MIP\MIPSDK\tst\VideoOS.Platform.SDK.UnitTests\EnvironmentTests\TestsWithCorporateShimsBase.cs:line 227&#xD;
   at VideoOS.Platform.Proxy.ConfigApi.ConfigurationApiItemWrapper..ctor(ServerId serverId, String path) in D:\actions-runner\_work\XPCO\XPCO\MIP\PlatformPlugin\VideoOS.Platform\src\Proxy\ConfigApi\ConfigurationApiItemWrapper.cs:line 110&#xD;
   at VideoOS.Platform.ConfigurationItems.Factory.IsItemTypeSupported(ServerId serverId, String itemType) in D:\actions-runner\_work\XPCO\XPCO\MIP\PlatformPlugin\VideoOS.Platform\src\ConfigurationItems\Factory.cs:line 464&#xD;
&#xD;
Factory.IsItemTypeSupportedFactory.IsItemTypeSupported ()The method or operation is not implemented.   at VideoOS.Platform.SDKUnittest.EnvironmentTests.TestConfigurationClientService.GetItem(String path) in D:\actions-runner\_work\XPCO\XPCO\MIP\MIPSDK\tst\VideoOS.Platform.SDK.UnitTests\EnvironmentTests\TestsWithCorporateShimsBase.cs:line 227&#xD;
   at VideoOS.Platform.Proxy.ConfigApi.ConfigurationApiItemWrapper..ctor(ServerId serverId, String path) in D:\actions-runner\_work\XPCO\XPCO\MIP\PlatformPlugin\VideoOS.Platform\src\Proxy\ConfigApi\ConfigurationApiItemWrapper.cs:line 110&#xD;
   at VideoOS.Platform.ConfigurationItems.Factory.IsItemTypeSupported(ServerId serverId, String itemType) in D:\actions-runner\_work\XPCO\XPCO\MIP\PlatformPlugin\VideoOS.Platform\src\ConfigurationItems\Factory.cs:line 464&#xD;
MIP: Error: GetConfiguration (): CustomSetting not found for the given platformDefinitionId: e145597a-ecaf-40a1-99e6-14bb9d45a09e&#xD;
MIP: Error: ConfigurationApiItemWrapper (): ConfigAPI GetItem(): System.NotImplementedException, The method or operation is not implemented.&#xD;
MIP: Error: Factory.IsItemTypeSupported (): Exception source:      VideoOS.Platform.SDK.UnitTests&#xD;
Exception type:        System.NotImplementedException&#xD;
Exception message:     The method or operation is not implemented.&#xD;
Exception target site: GetItem&#xD;
   at VideoOS.Platform.SDKUnittest.EnvironmentTests.TestConfigurationClientService.GetItem(String path) in D:\actions-runner\_work\XPCO\XPCO\MIP\MIPSDK\tst\VideoOS.Platform.SDK.UnitTests\EnvironmentTests\TestsWithCorporateShimsBase.cs:line 227&#xD;
   at VideoOS.Platform.Proxy.ConfigApi.ConfigurationApiItemWrapper..ctor(ServerId serverId, String path) in D:\actions-runner\_work\XPCO\XPCO\MIP\PlatformPlugin\VideoOS.Platform\src\Proxy\ConfigApi\ConfigurationApiItemWrapper.cs:line 110&#xD;
   at VideoOS.Platform.ConfigurationItems.Factory.IsItemTypeSupported(ServerId serverId, String itemType) in D:\actions-runner\_work\XPCO\XPCO\MIP\PlatformPlugin\VideoOS.Platform\src\ConfigurationItems\Factory.cs:line 464&#xD;
&#xD;
Factory.IsItemTypeSupportedFactory.IsItemTypeSupported ()The method or operation is not implemented.   at VideoOS.Platform.SDKUnittest.EnvironmentTests.TestConfigurationClientService.GetItem(String path) in D:\actions-runner\_work\XPCO\XPCO\MIP\MIPSDK\tst\VideoOS.Platform.SDK.UnitTests\EnvironmentTests\TestsWithCorporateShimsBase.cs:line 227&#xD;
   at VideoOS.Platform.Proxy.ConfigApi.ConfigurationApiItemWrapper..ctor(ServerId serverId, String path) in D:\actions-runner\_work\XPCO\XPCO\MIP\PlatformPlugin\VideoOS.Platform\src\Proxy\ConfigApi\ConfigurationApiItemWrapper.cs:line 110&#xD;
   at VideoOS.Platform.ConfigurationItems.Factory.IsItemTypeSupported(ServerId serverId, String itemType) in D:\actions-runner\_work\XPCO\XPCO\MIP\PlatformPlugin\VideoOS.Platform\src\ConfigurationItems\Factory.cs:line 464&#xD;
MIP: Error: LoginServerOauth (): https://1.2.3.5:55/ManagementServer/ServerCommandServiceOAuth.svc The method or operation is not implemented.&#xD;
MIP: Error: ConfigurationApiItemWrapper (): ConfigAPI GetItem(): System.NotImplementedException, The method or operation is not implemented.&#xD;
MIP: Error: Factory.IsItemTypeSupported (): Exception source:      VideoOS.Platform.SDK.UnitTests&#xD;
Exception type:        System.NotImplementedException&#xD;
Exception message:     The method or operation is not implemented.&#xD;
Exception target site: GetItem&#xD;
   at VideoOS.Platform.SDKUnittest.EnvironmentTests.TestConfigurationClientService.GetItem(String path) in D:\actions-runner\_work\XPCO\XPCO\MIP\MIPSDK\tst\VideoOS.Platform.SDK.UnitTests\EnvironmentTests\TestsWithCorporateShimsBase.cs:line 227&#xD;
   at VideoOS.Platform.Proxy.ConfigApi.ConfigurationApiItemWrapper..ctor(ServerId serverId, String path) in D:\actions-runner\_work\XPCO\XPCO\MIP\PlatformPlugin\VideoOS.Platform\src\Proxy\ConfigApi\ConfigurationApiItemWrapper.cs:line 110&#xD;
   at VideoOS.Platform.ConfigurationItems.Factory.IsItemTypeSupported(ServerId serverId, String itemType) in D:\actions-runner\_work\XPCO\XPCO\MIP\PlatformPlugin\VideoOS.Platform\src\ConfigurationItems\Factory.cs:line 464&#xD;
&#xD;
Factory.IsItemTypeSupportedFactory.IsItemTypeSupported ()The method or operation is not implemented.   at VideoOS.Platform.SDKUnittest.EnvironmentTests.TestConfigurationClientService.GetItem(String path) in D:\actions-runner\_work\XPCO\XPCO\MIP\MIPSDK\tst\VideoOS.Platform.SDK.UnitTests\EnvironmentTests\TestsWithCorporateShimsBase.cs:line 227&#xD;
   at VideoOS.Platform.Proxy.ConfigApi.ConfigurationApiItemWrapper..ctor(ServerId serverId, String path) in D:\actions-runner\_work\XPCO\XPCO\MIP\PlatformPlugin\VideoOS.Platform\src\Proxy\ConfigApi\ConfigurationApiItemWrapper.cs:line 110&#xD;
   at VideoOS.Platform.ConfigurationItems.Factory.IsItemTypeSupported(ServerId serverId, String itemType) in D:\actions-runner\_work\XPCO\XPCO\MIP\PlatformPlugin\VideoOS.Platform\src\ConfigurationItems\Factory.cs:line 464&#xD;
MIP: Error: GetConfiguration (): CustomSetting not found for the given platformDefinitionId: e145597a-ecaf-40a1-99e6-14bb9d45a09e&#xD;
MIP: Error: ConfigurationApiItemWrapper (): ConfigAPI GetItem(): System.NotImplementedException, The method or operation is not implemented.&#xD;
MIP: Error: Factory.IsItemTypeSupported (): Exception source:      VideoOS.Platform.SDK.UnitTests&#xD;
Exception type:        System.NotImplementedException&#xD;
Exception message:     The method or operation is not implemented.&#xD;
Exception target site: GetItem&#xD;
   at VideoOS.Platform.SDKUnittest.EnvironmentTests.TestConfigurationClientService.GetItem(String path) in D:\actions-runner\_work\XPCO\XPCO\MIP\MIPSDK\tst\VideoOS.Platform.SDK.UnitTests\EnvironmentTests\TestsWithCorporateShimsBase.cs:line 227&#xD;
   at VideoOS.Platform.Proxy.ConfigApi.ConfigurationApiItemWrapper..ctor(ServerId serverId, String path) in D:\actions-runner\_work\XPCO\XPCO\MIP\PlatformPlugin\VideoOS.Platform\src\Proxy\ConfigApi\ConfigurationApiItemWrapper.cs:line 110&#xD;
   at VideoOS.Platform.ConfigurationItems.Factory.IsItemTypeSupported(ServerId serverId, String itemType) in D:\actions-runner\_work\XPCO\XPCO\MIP\PlatformPlugin\VideoOS.Platform\src\ConfigurationItems\Factory.cs:line 464&#xD;
&#xD;
Factory.IsItemTypeSupportedFactory.IsItemTypeSupported ()The method or operation is not implemented.   at VideoOS.Platform.SDKUnittest.EnvironmentTests.TestConfigurationClientService.GetItem(String path) in D:\actions-runner\_work\XPCO\XPCO\MIP\MIPSDK\tst\VideoOS.Platform.SDK.UnitTests\EnvironmentTests\TestsWithCorporateShimsBase.cs:line 227&#xD;
   at VideoOS.Platform.Proxy.ConfigApi.ConfigurationApiItemWrapper..ctor(ServerId serverId, String path) in D:\actions-runner\_work\XPCO\XPCO\MIP\PlatformPlugin\VideoOS.Platform\src\Proxy\ConfigApi\ConfigurationApiItemWrapper.cs:line 110&#xD;
   at VideoOS.Platform.ConfigurationItems.Factory.IsItemTypeSupported(ServerId serverId, String itemType) in D:\actions-runner\_work\XPCO\XPCO\MIP\PlatformPlugin\VideoOS.Platform\src\ConfigurationItems\Factory.cs:line 464&#xD;
MIP: Error: LoginServerOauth (): https://1.2.3.5:55/ManagementServer/ServerCommandServiceOAuth.svc The method or operation is not implemented.&#xD;
MIP: Error: ConfigurationApiItemWrapper (): ConfigAPI GetItem(): System.NotImplementedException, The method or operation is not implemented.&#xD;
MIP: Error: Factory.IsItemTypeSupported (): Exception source:      VideoOS.Platform.SDK.UnitTests&#xD;
Exception type:        System.NotImplementedException&#xD;
Exception message:     The method or operation is not implemented.&#xD;
Exception target site: GetItem&#xD;
   at VideoOS.Platform.SDKUnittest.EnvironmentTests.TestConfigurationClientService.GetItem(String path) in D:\actions-runner\_work\XPCO\XPCO\MIP\MIPSDK\tst\VideoOS.Platform.SDK.UnitTests\EnvironmentTests\TestsWithCorporateShimsBase.cs:line 227&#xD;
   at VideoOS.Platform.Proxy.ConfigApi.ConfigurationApiItemWrapper..ctor(ServerId serverId, String path) in D:\actions-runner\_work\XPCO\XPCO\MIP\PlatformPlugin\VideoOS.Platform\src\Proxy\ConfigApi\ConfigurationApiItemWrapper.cs:line 110&#xD;
   at VideoOS.Platform.ConfigurationItems.Factory.IsItemTypeSupported(ServerId serverId, String itemType) in D:\actions-runner\_work\XPCO\XPCO\MIP\PlatformPlugin\VideoOS.Platform\src\ConfigurationItems\Factory.cs:line 464&#xD;
&#xD;
Factory.IsItemTypeSupportedFactory.IsItemTypeSupported ()The method or operation is not implemented.   at VideoOS.Platform.SDKUnittest.EnvironmentTests.TestConfigurationClientService.GetItem(String path) in D:\actions-runner\_work\XPCO\XPCO\MIP\MIPSDK\tst\VideoOS.Platform.SDK.UnitTests\EnvironmentTests\TestsWithCorporateShimsBase.cs:line 227&#xD;
   at VideoOS.Platform.Proxy.ConfigApi.ConfigurationApiItemWrapper..ctor(ServerId serverId, String path) in D:\actions-runner\_work\XPCO\XPCO\MIP\PlatformPlugin\VideoOS.Platform\src\Proxy\ConfigApi\ConfigurationApiItemWrapper.cs:line 110&#xD;
   at VideoOS.Platform.ConfigurationItems.Factory.IsItemTypeSupported(ServerId serverId, String itemType) in D:\actions-runner\_work\XPCO\XPCO\MIP\PlatformPlugin\VideoOS.Platform\src\ConfigurationItems\Factory.cs:line 464&#xD;
MIP: Error: GetConfiguration (): CustomSetting not found for the given platformDefinitionId: e145597a-ecaf-40a1-99e6-14bb9d45a09e&#xD;
MIP: Error: ConfigurationApiItemWrapper (): ConfigAPI GetItem(): System.NotImplementedException, The method or operation is not implemented.&#xD;
MIP: Error: Factory.IsItemTypeSupported (): Exception source:      VideoOS.Platform.SDK.UnitTests&#xD;
Exception type:        System.NotImplementedException&#xD;
Exception message:     The method or operation is not implemented.&#xD;
Exception target site: GetItem&#xD;
   at VideoOS.Platform.SDKUnittest.EnvironmentTests.TestConfigurationClientService.GetItem(String path) in D:\actions-runner\_work\XPCO\XPCO\MIP\MIPSDK\tst\VideoOS.Platform.SDK.UnitTests\EnvironmentTests\TestsWithCorporateShimsBase.cs:line 227&#xD;
   at VideoOS.Platform.Proxy.ConfigApi.ConfigurationApiItemWrapper..ctor(ServerId serverId, String path) in D:\actions-runner\_work\XPCO\XPCO\MIP\PlatformPlugin\VideoOS.Platform\src\Proxy\ConfigApi\ConfigurationApiItemWrapper.cs:line 110&#xD;
   at VideoOS.Platform.ConfigurationItems.Factory.IsItemTypeSupported(ServerId serverId, String itemType) in D:\actions-runner\_work\XPCO\XPCO\MIP\PlatformPlugin\VideoOS.Platform\src\ConfigurationItems\Factory.cs:line 464&#xD;
&#xD;
Factory.IsItemTypeSupportedFactory.IsItemTypeSupported ()The method or operation is not implemented.   at VideoOS.Platform.SDKUnittest.EnvironmentTests.TestConfigurationClientService.GetItem(String path) in D:\actions-runner\_work\XPCO\XPCO\MIP\MIPSDK\tst\VideoOS.Platform.SDK.UnitTests\EnvironmentTests\TestsWithCorporateShimsBase.cs:line 227&#xD;
   at VideoOS.Platform.Proxy.ConfigApi.ConfigurationApiItemWrapper..ctor(ServerId serverId, String path) in D:\actions-runner\_work\XPCO\XPCO\MIP\PlatformPlugin\VideoOS.Platform\src\Proxy\ConfigApi\ConfigurationApiItemWrapper.cs:line 110&#xD;
   at VideoOS.Platform.ConfigurationItems.Factory.IsItemTypeSupported(ServerId serverId, String itemType) in D:\actions-runner\_work\XPCO\XPCO\MIP\PlatformPlugin\VideoOS.Platform\src\ConfigurationItems\Factory.cs:line 464&#xD;
MIP: Error: LoginServerOauth (): https://1.2.3.5:55/ManagementServer/ServerCommandServiceOAuth.svc The method or operation is not implemented.&#xD;
MIP: Error: ConfigurationApiItemWrapper (): ConfigAPI GetItem(): System.NotImplementedException, The method or operation is not implemented.&#xD;
MIP: Error: Factory.IsItemTypeSupported (): Exception source:      VideoOS.Platform.SDK.UnitTests&#xD;
Exception type:        System.NotImplementedException&#xD;
Exception message:     The method or operation is not implemented.&#xD;
Exception target site: GetItem&#xD;
   at VideoOS.Platform.SDKUnittest.EnvironmentTests.TestConfigurationClientService.GetItem(String path) in D:\actions-runner\_work\XPCO\XPCO\MIP\MIPSDK\tst\VideoOS.Platform.SDK.UnitTests\EnvironmentTests\TestsWithCorporateShimsBase.cs:line 227&#xD;
   at VideoOS.Platform.Proxy.ConfigApi.ConfigurationApiItemWrapper..ctor(ServerId serverId, String path) in D:\actions-runner\_work\XPCO\XPCO\MIP\PlatformPlugin\VideoOS.Platform\src\Proxy\ConfigApi\ConfigurationApiItemWrapper.cs:line 110&#xD;
   at VideoOS.Platform.ConfigurationItems.Factory.IsItemTypeSupported(ServerId serverId, String itemType) in D:\actions-runner\_work\XPCO\XPCO\MIP\PlatformPlugin\VideoOS.Platform\src\ConfigurationItems\Factory.cs:line 464&#xD;
&#xD;
Factory.IsItemTypeSupportedFactory.IsItemTypeSupported ()The method or operation is not implemented.   at VideoOS.Platform.SDKUnittest.EnvironmentTests.TestConfigurationClientService.GetItem(String path) in D:\actions-runner\_work\XPCO\XPCO\MIP\MIPSDK\tst\VideoOS.Platform.SDK.UnitTests\EnvironmentTests\TestsWithCorporateShimsBase.cs:line 227&#xD;
   at VideoOS.Platform.Proxy.ConfigApi.ConfigurationApiItemWrapper..ctor(ServerId serverId, String path) in D:\actions-runner\_work\XPCO\XPCO\MIP\PlatformPlugin\VideoOS.Platform\src\Proxy\ConfigApi\ConfigurationApiItemWrapper.cs:line 110&#xD;
   at VideoOS.Platform.ConfigurationItems.Factory.IsItemTypeSupported(ServerId serverId, String itemType) in D:\actions-runner\_work\XPCO\XPCO\MIP\PlatformPlugin\VideoOS.Platform\src\ConfigurationItems\Factory.cs:line 464&#xD;
MIP: Error: ConfigurationApiItemWrapper (): ConfigAPI GetItem(): System.NotImplementedException, The method or operation is not implemented.&#xD;
MIP: Error: Factory.IsItemTypeSupported (): Exception source:      VideoOS.Platform.SDK.UnitTests&#xD;
Exception type:        System.NotImplementedException&#xD;
Exception message:     The method or operation is not implemented.&#xD;
Exception target site: GetItem&#xD;
   at VideoOS.Platform.SDKUnittest.EnvironmentTests.TestConfigurationClientService.GetItem(String path) in D:\actions-runner\_work\XPCO\XPCO\MIP\MIPSDK\tst\VideoOS.Platform.SDK.UnitTests\EnvironmentTests\TestsWithCorporateShimsBase.cs:line 227&#xD;
   at VideoOS.Platform.Proxy.ConfigApi.ConfigurationApiItemWrapper..ctor(ServerId serverId, String path) in D:\actions-runner\_work\XPCO\XPCO\MIP\PlatformPlugin\VideoOS.Platform\src\Proxy\ConfigApi\ConfigurationApiItemWrapper.cs:line 110&#xD;
   at VideoOS.Platform.ConfigurationItems.Factory.IsItemTypeSupported(ServerId serverId, String itemType) in D:\actions-runner\_work\XPCO\XPCO\MIP\PlatformPlugin\VideoOS.Platform\src\ConfigurationItems\Factory.cs:line 464&#xD;
&#xD;
Factory.IsItemTypeSupportedFactory.IsItemTypeSupported ()The method or operation is not implemented.   at VideoOS.Platform.SDKUnittest.EnvironmentTests.TestConfigurationClientService.GetItem(String path) in D:\actions-runner\_work\XPCO\XPCO\MIP\MIPSDK\tst\VideoOS.Platform.SDK.UnitTests\EnvironmentTests\TestsWithCorporateShimsBase.cs:line 227&#xD;
   at VideoOS.Platform.Proxy.ConfigApi.ConfigurationApiItemWrapper..ctor(ServerId serverId, String path) in D:\actions-runner\_work\XPCO\XPCO\MIP\PlatformPlugin\VideoOS.Platform\src\Proxy\ConfigApi\ConfigurationApiItemWrapper.cs:line 110&#xD;
   at VideoOS.Platform.ConfigurationItems.Factory.IsItemTypeSupported(ServerId serverId, String itemType) in D:\actions-runner\_work\XPCO\XPCO\MIP\PlatformPlugin\VideoOS.Platform\src\ConfigurationItems\Factory.cs:line 464&#xD;
MIP: Error: LoginServerOauth (): https://1.2.3.5:55/ManagementServer/ServerCommandServiceOAuth.svc The method or operation is not implemented.&#xD;
MIP: Error: ConfigurationApiItemWrapper (): ConfigAPI GetItem(): System.NotImplementedException, The method or operation is not implemented.&#xD;
MIP: Error: Factory.IsItemTypeSupported (): Exception source:      VideoOS.Platform.SDK.UnitTests&#xD;
Exception type:        System.NotImplementedException&#xD;
Exception message:     The method or operation is not implemented.&#xD;
Exception target site: GetItem&#xD;
   at VideoOS.Platform.SDKUnittest.EnvironmentTests.TestConfigurationClientService.GetItem(String path) in D:\actions-runner\_work\XPCO\XPCO\MIP\MIPSDK\tst\VideoOS.Platform.SDK.UnitTests\EnvironmentTests\TestsWithCorporateShimsBase.cs:line 227&#xD;
   at VideoOS.Platform.Proxy.ConfigApi.ConfigurationApiItemWrapper..ctor(ServerId serverId, String path) in D:\actions-runner\_work\XPCO\XPCO\MIP\PlatformPlugin\VideoOS.Platform\src\Proxy\ConfigApi\ConfigurationApiItemWrapper.cs:line 110&#xD;
   at VideoOS.Platform.ConfigurationItems.Factory.IsItemTypeSupported(ServerId serverId, String itemType) in D:\actions-runner\_work\XPCO\XPCO\MIP\PlatformPlugin\VideoOS.Platform\src\ConfigurationItems\Factory.cs:line 464&#xD;
&#xD;
Factory.IsItemTypeSupportedFactory.IsItemTypeSupported ()The method or operation is not implemented.   at VideoOS.Platform.SDKUnittest.EnvironmentTests.TestConfigurationClientService.GetItem(String path) in D:\actions-runner\_work\XPCO\XPCO\MIP\MIPSDK\tst\VideoOS.Platform.SDK.UnitTests\EnvironmentTests\TestsWithCorporateShimsBase.cs:line 227&#xD;
   at VideoOS.Platform.Proxy.ConfigApi.ConfigurationApiItemWrapper..ctor(ServerId serverId, String path) in D:\actions-runner\_work\XPCO\XPCO\MIP\PlatformPlugin\VideoOS.Platform\src\Proxy\ConfigApi\ConfigurationApiItemWrapper.cs:line 110&#xD;
   at VideoOS.Platform.ConfigurationItems.Factory.IsItemTypeSupported(ServerId serverId, String itemType) in D:\actions-runner\_work\XPCO\XPCO\MIP\PlatformPlugin\VideoOS.Platform\src\ConfigurationItems\Factory.cs:line 464&#xD;
MIP: Error: GetConfiguration (): CustomSetting not found for the given platformDefinitionId: e145597a-ecaf-40a1-99e6-14bb9d45a09e&#xD;
MIP: Error: ConfigurationApiItemWrapper (): ConfigAPI GetItem(): System.NotImplementedException, The method or operation is not implemented.&#xD;
MIP: Error: Factory.IsItemTypeSupported (): Exception source:      VideoOS.Platform.SDK.UnitTests&#xD;
Exception type:        System.NotImplementedException&#xD;
Exception message:     The method or operation is not implemented.&#xD;
Exception target site: GetItem&#xD;
   at VideoOS.Platform.SDKUnittest.EnvironmentTests.TestConfigurationClientService.GetItem(String path) in D:\actions-runner\_work\XPCO\XPCO\MIP\MIPSDK\tst\VideoOS.Platform.SDK.UnitTests\EnvironmentTests\TestsWithCorporateShimsBase.cs:line 227&#xD;
   at VideoOS.Platform.Proxy.ConfigApi.ConfigurationApiItemWrapper..ctor(ServerId serverId, String path) in D:\actions-runner\_work\XPCO\XPCO\MIP\PlatformPlugin\VideoOS.Platform\src\Proxy\ConfigApi\ConfigurationApiItemWrapper.cs:line 110&#xD;
   at VideoOS.Platform.ConfigurationItems.Factory.IsItemTypeSupported(ServerId serverId, String itemType) in D:\actions-runner\_work\XPCO\XPCO\MIP\PlatformPlugin\VideoOS.Platform\src\ConfigurationItems\Factory.cs:line 464&#xD;
&#xD;
Factory.IsItemTypeSupportedFactory.IsItemTypeSupported ()The method or operation is not implemented.   at VideoOS.Platform.SDKUnittest.EnvironmentTests.TestConfigurationClientService.GetItem(String path) in D:\actions-runner\_work\XPCO\XPCO\MIP\MIPSDK\tst\VideoOS.Platform.SDK.UnitTests\EnvironmentTests\TestsWithCorporateShimsBase.cs:line 227&#xD;
   at VideoOS.Platform.Proxy.ConfigApi.ConfigurationApiItemWrapper..ctor(ServerId serverId, String path) in D:\actions-runner\_work\XPCO\XPCO\MIP\PlatformPlugin\VideoOS.Platform\src\Proxy\ConfigApi\ConfigurationApiItemWrapper.cs:line 110&#xD;
   at VideoOS.Platform.ConfigurationItems.Factory.IsItemTypeSupported(ServerId serverId, String itemType) in D:\actions-runner\_work\XPCO\XPCO\MIP\PlatformPlugin\VideoOS.Platform\src\ConfigurationItems\Factory.cs:line 464&#xD;
MIP: Error: LoginServerOauth (): https://1.2.3.5:55/ManagementServer/ServerCommandServiceOAuth.svc The method or operation is not implemented.&#xD;
MIP: Error: ConfigurationApiItemWrapper (): ConfigAPI GetItem(): System.NotImplementedException, The method or operation is not implemented.&#xD;
MIP: Error: Factory.IsItemTypeSupported (): Exception source:      VideoOS.Platform.SDK.UnitTests&#xD;
Exception type:        System.NotImplementedException&#xD;
Exception message:     The method or operation is not implemented.&#xD;
Exception target site: GetItem&#xD;
   at VideoOS.Platform.SDKUnittest.EnvironmentTests.TestConfigurationClientService.GetItem(String path) in D:\actions-runner\_work\XPCO\XPCO\MIP\MIPSDK\tst\VideoOS.Platform.SDK.UnitTests\EnvironmentTests\TestsWithCorporateShimsBase.cs:line 227&#xD;
   at VideoOS.Platform.Proxy.ConfigApi.ConfigurationApiItemWrapper..ctor(ServerId serverId, String path) in D:\actions-runner\_work\XPCO\XPCO\MIP\PlatformPlugin\VideoOS.Platform\src\Proxy\ConfigApi\ConfigurationApiItemWrapper.cs:line 110&#xD;
   at VideoOS.Platform.ConfigurationItems.Factory.IsItemTypeSupported(ServerId serverId, String itemType) in D:\actions-runner\_work\XPCO\XPCO\MIP\PlatformPlugin\VideoOS.Platform\src\ConfigurationItems\Factory.cs:line 464&#xD;
&#xD;
Factory.IsItemTypeSupportedFactory.IsItemTypeSupported ()The method or operation is not implemented.   at VideoOS.Platform.SDKUnittest.EnvironmentTests.TestConfigurationClientService.GetItem(String path) in D:\actions-runner\_work\XPCO\XPCO\MIP\MIPSDK\tst\VideoOS.Platform.SDK.UnitTests\EnvironmentTests\TestsWithCorporateShimsBase.cs:line 227&#xD;
   at VideoOS.Platform.Proxy.ConfigApi.ConfigurationApiItemWrapper..ctor(ServerId serverId, String path) in D:\actions-runner\_work\XPCO\XPCO\MIP\PlatformPlugin\VideoOS.Platform\src\Proxy\ConfigApi\ConfigurationApiItemWrapper.cs:line 110&#xD;
   at VideoOS.Platform.ConfigurationItems.Factory.IsItemTypeSupported(ServerId serverId, String itemType) in D:\actions-runner\_work\XPCO\XPCO\MIP\PlatformPlugin\VideoOS.Platform\src\ConfigurationItems\Factory.cs:line 464&#xD;
MIP: Error: ConfigurationApiItemWrapper (): ConfigAPI GetItem(): System.NotImplementedException, The method or operation is not implemented.&#xD;
MIP: Error: Factory.IsItemTypeSupported (): Exception source:      VideoOS.Platform.SDK.UnitTests&#xD;
Exception type:        System.NotImplementedException&#xD;
Exception message:     The method or operation is not implemented.&#xD;
Exception target site: GetItem&#xD;
   at VideoOS.Platform.SDKUnittest.EnvironmentTests.TestConfigurationClientService.GetItem(String path) in D:\actions-runner\_work\XPCO\XPCO\MIP\MIPSDK\tst\VideoOS.Platform.SDK.UnitTests\EnvironmentTests\TestsWithCorporateShimsBase.cs:line 227&#xD;
   at VideoOS.Platform.Proxy.ConfigApi.ConfigurationApiItemWrapper..ctor(ServerId serverId, String path) in D:\actions-runner\_work\XPCO\XPCO\MIP\PlatformPlugin\VideoOS.Platform\src\Proxy\ConfigApi\ConfigurationApiItemWrapper.cs:line 110&#xD;
   at VideoOS.Platform.ConfigurationItems.Factory.IsItemTypeSupported(ServerId serverId, String itemType) in D:\actions-runner\_work\XPCO\XPCO\MIP\PlatformPlugin\VideoOS.Platform\src\ConfigurationItems\Factory.cs:line 464&#xD;
&#xD;
Factory.IsItemTypeSupportedFactory.IsItemTypeSupported ()The method or operation is not implemented.   at VideoOS.Platform.SDKUnittest.EnvironmentTests.TestConfigurationClientService.GetItem(String path) in D:\actions-runner\_work\XPCO\XPCO\MIP\MIPSDK\tst\VideoOS.Platform.SDK.UnitTests\EnvironmentTests\TestsWithCorporateShimsBase.cs:line 227&#xD;
   at VideoOS.Platform.Proxy.ConfigApi.ConfigurationApiItemWrapper..ctor(ServerId serverId, String path) in D:\actions-runner\_work\XPCO\XPCO\MIP\PlatformPlugin\VideoOS.Platform\src\Proxy\ConfigApi\ConfigurationApiItemWrapper.cs:line 110&#xD;
   at VideoOS.Platform.ConfigurationItems.Factory.IsItemTypeSupported(ServerId serverId, String itemType) in D:\actions-runner\_work\XPCO\XPCO\MIP\PlatformPlugin\VideoOS.Platform\src\ConfigurationItems\Factory.cs:line 464&#xD;
MIP: Error: ConfigurationApiItemWrapper (): ConfigAPI GetItem(): System.NotImplementedException, The method or operation is not implemented.&#xD;
MIP: Error: Factory.IsItemTypeSupported (): Exception source:      VideoOS.Platform.SDK.UnitTests&#xD;
Exception type:        System.NotImplementedException&#xD;
Exception message:     The method or operation is not implemented.&#xD;
Exception target site: GetItem&#xD;
   at VideoOS.Platform.SDKUnittest.EnvironmentTests.TestConfigurationClientService.GetItem(String path) in D:\actions-runner\_work\XPCO\XPCO\MIP\MIPSDK\tst\VideoOS.Platform.SDK.UnitTests\EnvironmentTests\TestsWithCorporateShimsBase.cs:line 227&#xD;
   at VideoOS.Platform.Proxy.ConfigApi.ConfigurationApiItemWrapper..ctor(ServerId serverId, String path) in D:\actions-runner\_work\XPCO\XPCO\MIP\PlatformPlugin\VideoOS.Platform\src\Proxy\ConfigApi\ConfigurationApiItemWrapper.cs:line 110&#xD;
   at VideoOS.Platform.ConfigurationItems.Factory.IsItemTypeSupported(ServerId serverId, String itemType) in D:\actions-runner\_work\XPCO\XPCO\MIP\PlatformPlugin\VideoOS.Platform\src\ConfigurationItems\Factory.cs:line 464&#xD;
&#xD;
Factory.IsItemTypeSupportedFactory.IsItemTypeSupported ()The method or operation is not implemented.   at VideoOS.Platform.SDKUnittest.EnvironmentTests.TestConfigurationClientService.GetItem(String path) in D:\actions-runner\_work\XPCO\XPCO\MIP\MIPSDK\tst\VideoOS.Platform.SDK.UnitTests\EnvironmentTests\TestsWithCorporateShimsBase.cs:line 227&#xD;
   at VideoOS.Platform.Proxy.ConfigApi.ConfigurationApiItemWrapper..ctor(ServerId serverId, String path) in D:\actions-runner\_work\XPCO\XPCO\MIP\PlatformPlugin\VideoOS.Platform\src\Proxy\ConfigApi\ConfigurationApiItemWrapper.cs:line 110&#xD;
   at VideoOS.Platform.ConfigurationItems.Factory.IsItemTypeSupported(ServerId serverId, String itemType) in D:\actions-runner\_work\XPCO\XPCO\MIP\PlatformPlugin\VideoOS.Platform\src\ConfigurationItems\Factory.cs:line 464&#xD;
MIP: Error: ConfigurationApiItemWrapper (): ConfigAPI GetItem(): System.NotImplementedException, The method or operation is not implemented.&#xD;
MIP: Error: Factory.IsItemTypeSupported (): Exception source:      VideoOS.Platform.SDK.UnitTests&#xD;
Exception type:        System.NotImplementedException&#xD;
Exception message:     The method or operation is not implemented.&#xD;
Exception target site: GetItem&#xD;
   at VideoOS.Platform.SDKUnittest.EnvironmentTests.TestConfigurationClientService.GetItem(String path) in D:\actions-runner\_work\XPCO\XPCO\MIP\MIPSDK\tst\VideoOS.Platform.SDK.UnitTests\EnvironmentTests\TestsWithCorporateShimsBase.cs:line 227&#xD;
   at VideoOS.Platform.Proxy.ConfigApi.ConfigurationApiItemWrapper..ctor(ServerId serverId, String path) in D:\actions-runner\_work\XPCO\XPCO\MIP\PlatformPlugin\VideoOS.Platform\src\Proxy\ConfigApi\ConfigurationApiItemWrapper.cs:line 110&#xD;
   at VideoOS.Platform.ConfigurationItems.Factory.IsItemTypeSupported(ServerId serverId, String itemType) in D:\actions-runner\_work\XPCO\XPCO\MIP\PlatformPlugin\VideoOS.Platform\src\ConfigurationItems\Factory.cs:line 464&#xD;
&#xD;
Factory.IsItemTypeSupportedFactory.IsItemTypeSupported ()The method or operation is not implemented.   at VideoOS.Platform.SDKUnittest.EnvironmentTests.TestConfigurationClientService.GetItem(String path) in D:\actions-runner\_work\XPCO\XPCO\MIP\MIPSDK\tst\VideoOS.Platform.SDK.UnitTests\EnvironmentTests\TestsWithCorporateShimsBase.cs:line 227&#xD;
   at VideoOS.Platform.Proxy.ConfigApi.ConfigurationApiItemWrapper..ctor(ServerId serverId, String path) in D:\actions-runner\_work\XPCO\XPCO\MIP\PlatformPlugin\VideoOS.Platform\src\Proxy\ConfigApi\ConfigurationApiItemWrapper.cs:line 110&#xD;
   at VideoOS.Platform.ConfigurationItems.Factory.IsItemTypeSupported(ServerId serverId, String itemType) in D:\actions-runner\_work\XPCO\XPCO\MIP\PlatformPlugin\VideoOS.Platform\src\ConfigurationItems\Factory.cs:line 464&#xD;
MIP: Error: ConfigurationApiItemWrapper (): ConfigAPI GetItem(): System.NotImplementedException, The method or operation is not implemented.&#xD;
MIP: Error: Factory.IsItemTypeSupported (): Exception source:      VideoOS.Platform.SDK.UnitTests&#xD;
Exception type:        System.NotImplementedException&#xD;
Exception message:     The method or operation is not implemented.&#xD;
Exception target site: GetItem&#xD;
   at VideoOS.Platform.SDKUnittest.EnvironmentTests.TestConfigurationClientService.GetItem(String path) in D:\actions-runner\_work\XPCO\XPCO\MIP\MIPSDK\tst\VideoOS.Platform.SDK.UnitTests\EnvironmentTests\TestsWithCorporateShimsBase.cs:line 227&#xD;
   at VideoOS.Platform.Proxy.ConfigApi.ConfigurationApiItemWrapper..ctor(ServerId serverId, String path) in D:\actions-runner\_work\XPCO\XPCO\MIP\PlatformPlugin\VideoOS.Platform\src\Proxy\ConfigApi\ConfigurationApiItemWrapper.cs:line 110&#xD;
   at VideoOS.Platform.ConfigurationItems.Factory.IsItemTypeSupported(ServerId serverId, String itemType) in D:\actions-runner\_work\XPCO\XPCO\MIP\PlatformPlugin\VideoOS.Platform\src\ConfigurationItems\Factory.cs:line 464&#xD;
&#xD;
Factory.IsItemTypeSupportedFactory.IsItemTypeSupported ()The method or operation is not implemented.   at VideoOS.Platform.SDKUnittest.EnvironmentTests.TestConfigurationClientService.GetItem(String path) in D:\actions-runner\_work\XPCO\XPCO\MIP\MIPSDK\tst\VideoOS.Platform.SDK.UnitTests\EnvironmentTests\TestsWithCorporateShimsBase.cs:line 227&#xD;
   at VideoOS.Platform.Proxy.ConfigApi.ConfigurationApiItemWrapper..ctor(ServerId serverId, String path) in D:\actions-runner\_work\XPCO\XPCO\MIP\PlatformPlugin\VideoOS.Platform\src\Proxy\ConfigApi\ConfigurationApiItemWrapper.cs:line 110&#xD;
   at VideoOS.Platform.ConfigurationItems.Factory.IsItemTypeSupported(ServerId serverId, String itemType) in D:\actions-runner\_work\XPCO\XPCO\MIP\PlatformPlugin\VideoOS.Platform\src\ConfigurationItems\Factory.cs:line 464</StdOut>
      </Output>
    </UnitTestResult>
    <UnitTestResult executionId="9b4ccf81-0021-4c22-97dd-924fcf6ec2e4" testId="e0a5e776-29a3-f806-618e-c50f5461dfdb" testName="Given_ReceivedMessageIsProperJson_When_Parsing_Then_JObjectIsReturned" computerName="DKSR-EFI-06" duration="00:00:00.0058832" startTime="2024-01-09T15:45:23.2325369+01:00" endTime="2024-01-09T15:45:23.2481627+01:00" testType="13cdc9d9-ddb5-4fa4-a97d-d965ccfc6d4b" outcome="Passed" testListId="8c84fa94-04c1-424b-9868-57a2d4851a1d" relativeResultsDirectory="9b4ccf81-0021-4c22-97dd-924fcf6ec2e4" />
    <UnitTestResult executionId="791cb6d4-7248-4464-a4af-f873f7ad1477" testId="d389fe94-fff2-4d0c-61e3-1873fab89725" testName="ReloadConfiguration_WhenServerIdNull_NotCallRefreshServer" computerName="DKSR-EFI-06" duration="00:00:00.0022430" startTime="2024-01-09T15:44:27.1855586+01:00" endTime="2024-01-09T15:44:27.1855586+01:00" testType="13cdc9d9-ddb5-4fa4-a97d-d965ccfc6d4b" outcome="Passed" testListId="8c84fa94-04c1-424b-9868-57a2d4851a1d" relativeResultsDirectory="791cb6d4-7248-4464-a4af-f873f7ad1477" />
    <UnitTestResult executionId="c3d014af-a710-4e54-8743-d57d8941eb3b" testId="15ad8216-9c14-c256-63f8-389788086f93" testName="When_MipTokenCacheIsSet_BearerTokenBehaviourIsAdded" computerName="DKSR-EFI-06" duration="00:00:01.2997813" startTime="2024-01-09T15:45:20.3106593+01:00" endTime="2024-01-09T15:45:21.6075377+01:00" testType="13cdc9d9-ddb5-4fa4-a97d-d965ccfc6d4b" outcome="Passed" testListId="8c84fa94-04c1-424b-9868-57a2d4851a1d" relativeResultsDirectory="c3d014af-a710-4e54-8743-d57d8941eb3b" />
    <UnitTestResult executionId="ae372fed-f327-4b38-a342-6f775a867f15" testId="23b8a97d-73db-ca9d-ee8d-e27bad17d5d3" testName="Given_Nothing_When_AMessageCannotBeParsed_Then_ItIsLoggedAsWarning" computerName="DKSR-EFI-06" duration="00:00:00.0047443" startTime="2024-01-09T15:45:22.3419138+01:00" endTime="2024-01-09T15:45:22.3419138+01:00" testType="13cdc9d9-ddb5-4fa4-a97d-d965ccfc6d4b" outcome="Passed" testListId="8c84fa94-04c1-424b-9868-57a2d4851a1d" relativeResultsDirectory="ae372fed-f327-4b38-a342-6f775a867f15" />
    <UnitTestResult executionId="24f05b06-0bba-458b-a963-d7d85ce7e5bd" testId="ffdb0d83-235f-7713-020c-369ea19b66a1" testName="RemoveServer_WithUriWhenLoginSettingsNotNull_Correct" computerName="DKSR-EFI-06" duration="00:00:00.0181486" startTime="2024-01-09T15:44:27.5605600+01:00" endTime="2024-01-09T15:44:27.5761845+01:00" testType="13cdc9d9-ddb5-4fa4-a97d-d965ccfc6d4b" outcome="Passed" testListId="8c84fa94-04c1-424b-9868-57a2d4851a1d" relativeResultsDirectory="24f05b06-0bba-458b-a963-d7d85ce7e5bd" />
    <UnitTestResult executionId="52e0d9fe-eeb3-4b80-b355-1990b6887a9c" testId="8bf87499-b2a7-b230-9a08-9f844ded294c" testName="HandleStateChanged_StateReconnectedWhilePlayingLive_ConnectedIsTrueAndEventFiredAndLiveAudioRestarted" computerName="DKSR-EFI-06" duration="00:00:00.0152959" startTime="2024-01-09T15:45:56.7825120+01:00" endTime="2024-01-09T15:45:56.7981395+01:00" testType="13cdc9d9-ddb5-4fa4-a97d-d965ccfc6d4b" outcome="Passed" testListId="8c84fa94-04c1-424b-9868-57a2d4851a1d" relativeResultsDirectory="52e0d9fe-eeb3-4b80-b355-1990b6887a9c" />
    <UnitTestResult executionId="ec4d656e-68fb-429e-99cc-95b1686663d6" testId="dd33ce32-62c4-dfb3-4f9b-fce87ba0013c" testName="Given_Connected_When_CreateSessionSuccesful_Then_ASessionIdAndDefaultInactiveTimeoutIsReturned" computerName="DKSR-EFI-06" duration="00:00:00.0363116" startTime="2024-01-09T15:45:22.5919130+01:00" endTime="2024-01-09T15:45:22.6231644+01:00" testType="13cdc9d9-ddb5-4fa4-a97d-d965ccfc6d4b" outcome="Passed" testListId="8c84fa94-04c1-424b-9868-57a2d4851a1d" relativeResultsDirectory="ec4d656e-68fb-429e-99cc-95b1686663d6" />
    <UnitTestResult executionId="884fb7ba-5dd6-46a9-87f7-920fa26dafe3" testId="5ca6c285-b0f8-2ebf-22ac-22244ebbf44b" testName="Given_AcommandIsSent_When_ReceivingAResponseForAnotherCommandding_Then_TheSentCommandTimesOut" computerName="DKSR-EFI-06" duration="00:00:00.0841591" startTime="2024-01-09T15:45:22.1700395+01:00" endTime="2024-01-09T15:45:22.2481611+01:00" testType="13cdc9d9-ddb5-4fa4-a97d-d965ccfc6d4b" outcome="Passed" testListId="8c84fa94-04c1-424b-9868-57a2d4851a1d" relativeResultsDirectory="884fb7ba-5dd6-46a9-87f7-920fa26dafe3" />
    <UnitTestResult executionId="6385106f-5d34-47e5-bb3c-3879066af041" testId="00438590-3f13-5776-381f-1df4bd82c07f" testName="StartRecording_ShouldDoNothing_WhenRecordingIsAlreadyStarted" computerName="DKSR-EFI-06" duration="00:00:00.0010558" startTime="2024-01-09T15:45:56.6887482+01:00" endTime="2024-01-09T15:45:56.6887482+01:00" testType="13cdc9d9-ddb5-4fa4-a97d-d965ccfc6d4b" outcome="Passed" testListId="8c84fa94-04c1-424b-9868-57a2d4851a1d" relativeResultsDirectory="6385106f-5d34-47e5-bb3c-3879066af041" />
    <UnitTestResult executionId="abd8d211-db87-42d2-b8c4-68e66b5f5b06" testId="ae1a8ec4-a4d5-6c99-ef64-cbab96674e4c" testName="MergeCredentialCache_WhenNegotiateAuth_Merges" computerName="DKSR-EFI-06" duration="00:00:00.0040490" startTime="2024-01-09T15:45:21.6856626+01:00" endTime="2024-01-09T15:45:21.6856626+01:00" testType="13cdc9d9-ddb5-4fa4-a97d-d965ccfc6d4b" outcome="Passed" testListId="8c84fa94-04c1-424b-9868-57a2d4851a1d" relativeResultsDirectory="abd8d211-db87-42d2-b8c4-68e66b5f5b06" />
    <UnitTestResult executionId="511eb291-9e2e-4e83-aed0-ed30baa34b78" testId="08174d10-eed4-6921-ad50-4948b695fb55" testName="Givent_MessageContainingEventWithData_When_ConvertingToEvents_Then_NoElementsAreOfNewtonSoftJsonType" computerName="DKSR-EFI-06" duration="00:00:00.0317981" startTime="2024-01-09T15:45:23.3262913+01:00" endTime="2024-01-09T15:45:23.3575406+01:00" testType="13cdc9d9-ddb5-4fa4-a97d-d965ccfc6d4b" outcome="Passed" testListId="8c84fa94-04c1-424b-9868-57a2d4851a1d" relativeResultsDirectory="511eb291-9e2e-4e83-aed0-ed30baa34b78" />
    <UnitTestResult executionId="fdb763ea-cbb5-4d2e-a348-94609486c71d" testId="2509f740-7111-f1e6-910d-8d9558b1e027" testName="Given_ReceivedMessageIsBadlyFormedJson_When_Parsing_Then_ErrorDescriptionIsReturned" computerName="DKSR-EFI-06" duration="00:00:00.0051264" startTime="2024-01-09T15:45:23.2481627+01:00" endTime="2024-01-09T15:45:23.2481627+01:00" testType="13cdc9d9-ddb5-4fa4-a97d-d965ccfc6d4b" outcome="Passed" testListId="8c84fa94-04c1-424b-9868-57a2d4851a1d" relativeResultsDirectory="fdb763ea-cbb5-4d2e-a348-94609486c71d" />
    <UnitTestResult executionId="8358a1c7-5cb7-4f5f-91bc-2b3cf8496220" testId="5db9cdb8-0fa4-0c5c-b336-2c08e8318f3a" testName="RemoveServer_WithUriWhenSystemInfoListNotEmpty_NotSettingApploggedStateToFalse" computerName="DKSR-EFI-06" duration="00:00:00.0032409" startTime="2024-01-09T15:44:27.5449365+01:00" endTime="2024-01-09T15:44:27.5449365+01:00" testType="13cdc9d9-ddb5-4fa4-a97d-d965ccfc6d4b" outcome="Passed" testListId="8c84fa94-04c1-424b-9868-57a2d4851a1d" relativeResultsDirectory="8358a1c7-5cb7-4f5f-91bc-2b3cf8496220" />
    <UnitTestResult executionId="e5177652-9adf-4417-ba3b-2ad28aba7f45" testId="83cbf933-84bf-7103-92a3-8f3ecb1d233c" testName="PlaybackStart_Connected_DelegatesCallsToToolkit" computerName="DKSR-EFI-06" duration="00:00:00.0052150" startTime="2024-01-09T15:45:56.8762752+01:00" endTime="2024-01-09T15:45:56.8762752+01:00" testType="13cdc9d9-ddb5-4fa4-a97d-d965ccfc6d4b" outcome="Passed" testListId="8c84fa94-04c1-424b-9868-57a2d4851a1d" relativeResultsDirectory="e5177652-9adf-4417-ba3b-2ad28aba7f45" />
    <UnitTestResult executionId="8d47572c-6f12-440b-8f50-07cc810bab49" testId="ee90d5bb-7cd0-4c31-23ba-b62d71f38c15" testName="CheckToLong" computerName="DKSR-EFI-06" duration="00:00:00.0056499" startTime="2024-01-09T15:45:21.8419110+01:00" endTime="2024-01-09T15:45:21.8419110+01:00" testType="13cdc9d9-ddb5-4fa4-a97d-d965ccfc6d4b" outcome="Passed" testListId="8c84fa94-04c1-424b-9868-57a2d4851a1d" relativeResultsDirectory="8d47572c-6f12-440b-8f50-07cc810bab49" />
    <UnitTestResult executionId="56d20a38-7061-43cb-86c7-601163739a49" testId="f830c93a-4e43-13d6-c3ab-367476959177" testName="Close_WhenNotNull_Success" computerName="DKSR-EFI-06" duration="00:00:00.0960218" startTime="2024-01-09T15:45:21.9044131+01:00" endTime="2024-01-09T15:45:21.9981629+01:00" testType="13cdc9d9-ddb5-4fa4-a97d-d965ccfc6d4b" outcome="Passed" testListId="8c84fa94-04c1-424b-9868-57a2d4851a1d" relativeResultsDirectory="56d20a38-7061-43cb-86c7-601163739a49" />
    <UnitTestResult executionId="1082efa3-466e-4466-8d18-9291e2d7d037" testId="4592a7b7-193a-d11d-ddb3-2a2e9e4e2370" testName="IgnorePortCompareOk" computerName="DKSR-EFI-06" duration="00:00:00.0012279" startTime="2024-01-09T15:45:21.8887875+01:00" endTime="2024-01-09T15:45:21.8887875+01:00" testType="13cdc9d9-ddb5-4fa4-a97d-d965ccfc6d4b" outcome="Passed" testListId="8c84fa94-04c1-424b-9868-57a2d4851a1d" relativeResultsDirectory="1082efa3-466e-4466-8d18-9291e2d7d037" />
    <UnitTestResult executionId="c7010e68-d298-410f-80f4-2e72fc7ce940" testId="ca527ff0-e8d3-ed62-5f44-c8e5eb7d34bb" testName="Free_ShouldDoNothing_WhenAudioRecorderIsNotInitialized" computerName="DKSR-EFI-06" duration="00:00:00.0007242" startTime="2024-01-09T15:45:56.7043741+01:00" endTime="2024-01-09T15:45:56.7043741+01:00" testType="13cdc9d9-ddb5-4fa4-a97d-d965ccfc6d4b" outcome="Passed" testListId="8c84fa94-04c1-424b-9868-57a2d4851a1d" relativeResultsDirectory="c7010e68-d298-410f-80f4-2e72fc7ce940" />
    <UnitTestResult executionId="c6577a04-aa74-4f79-9ccf-e17331181cf9" testId="9af294cd-fee0-58b0-3d1f-b496c687f868" testName="Remove_WhenBasicUser_RemovesWithBasicAuth" computerName="DKSR-EFI-06" duration="00:00:00.0069525" startTime="2024-01-09T15:45:21.7012858+01:00" endTime="2024-01-09T15:45:21.7012858+01:00" testType="13cdc9d9-ddb5-4fa4-a97d-d965ccfc6d4b" outcome="Passed" testListId="8c84fa94-04c1-424b-9868-57a2d4851a1d" relativeResultsDirectory="c6577a04-aa74-4f79-9ccf-e17331181cf9" />
    <UnitTestResult executionId="3adbd361-6f8b-4d80-87fe-278b9fe0eadf" testId="e2220ea1-70c7-777c-8e0a-b82f127b0354" testName="Initialize_ShouldReturnTrue_WhenMoreThanOneRecordingDeviceIsAvailable" computerName="DKSR-EFI-06" duration="00:00:00.0006150" startTime="2024-01-09T15:45:56.6731189+01:00" endTime="2024-01-09T15:45:56.6731189+01:00" testType="13cdc9d9-ddb5-4fa4-a97d-d965ccfc6d4b" outcome="Passed" testListId="8c84fa94-04c1-424b-9868-57a2d4851a1d" relativeResultsDirectory="3adbd361-6f8b-4d80-87fe-278b9fe0eadf" />
    <UnitTestResult executionId="809c991d-cd0b-4f8b-a9fd-06b707735d6e" testId="f232c283-5c67-bba8-153c-a9bb7624a0ae" testName="XpcoSiteInfoUriNoSuccessActiveDirectory" computerName="DKSR-EFI-06" duration="00:00:00.5301343" startTime="2024-01-09T15:45:29.3575432+01:00" endTime="2024-01-09T15:45:29.8887954+01:00" testType="13cdc9d9-ddb5-4fa4-a97d-d965ccfc6d4b" outcome="Passed" testListId="8c84fa94-04c1-424b-9868-57a2d4851a1d" relativeResultsDirectory="809c991d-cd0b-4f8b-a9fd-06b707735d6e">
      <Output>
        <StdOut>Debug Trace:&#xD;
1/9/2024 3:45:29 PMFindBestAddress - Start for: https://4.4.4.4:55/, type=XPCO&#xD;
1/9/2024 3:45:29 PMFindBestAddress - Start for: http://4.4.4.4:55/, type=XPCO&#xD;
ConnectionCheck:https://4.4.4.4:55/  :The method or operation is not implemented.&#xD;
ConnectionCheck for:https://4.4.4.4:55/, Took:296ms&#xD;
1/9/2024 3:45:29 PMFindBestAddress - End for: https://4.4.4.4:55/, type=XPCO&#xD;
ConnectionCheck:http://4.4.4.4:55/  :The method or operation is not implemented.&#xD;
ConnectionCheck for:http://4.4.4.4:55/, Took:249ms&#xD;
1/9/2024 3:45:29 PMFindBestAddress - End for: http://4.4.4.4:55/, type=XPCO&#xD;
MIP: Error: FindBestAddress (): No server found on address: http://4.4.4.4:55/&#xD;
ConstructLoginServer: Unable to identify server type:4.4.4.4</StdOut>
      </Output>
    </UnitTestResult>
    <UnitTestResult executionId="af68ec11-0adc-4272-9ee2-8ce9ada9acc1" testId="fb5100d5-9a8d-d95c-0716-79d1d251b3ac" testName="Given_Connected_When_AResponseIsUnSuccesful_Then_AnExceptionIsThrown" computerName="DKSR-EFI-06" duration="00:00:00.1450597" startTime="2024-01-09T15:45:22.3419138+01:00" endTime="2024-01-09T15:45:22.4825941+01:00" testType="13cdc9d9-ddb5-4fa4-a97d-d965ccfc6d4b" outcome="Passed" testListId="8c84fa94-04c1-424b-9868-57a2d4851a1d" relativeResultsDirectory="af68ec11-0adc-4272-9ee2-8ce9ada9acc1" />
    <UnitTestResult executionId="1c1fd226-3e2a-466d-858d-7185d48fb166" testId="17db813c-1206-cc8b-2aec-429272188567" testName="Givent_MessageContainingEventWithData_When_CallingGetDataOfInCorrectType_Then_APartialOrEmptyObjectIsReturned2" computerName="DKSR-EFI-06" duration="00:00:00.0105475" startTime="2024-01-09T15:45:23.4044140+01:00" endTime="2024-01-09T15:45:23.4200408+01:00" testType="13cdc9d9-ddb5-4fa4-a97d-d965ccfc6d4b" outcome="Passed" testListId="8c84fa94-04c1-424b-9868-57a2d4851a1d" relativeResultsDirectory="1c1fd226-3e2a-466d-858d-7185d48fb166" />
    <UnitTestResult executionId="1ae76225-0e32-4f70-adac-8711aa019f2b" testId="29d47194-990a-053d-d2b1-814ca76f50ce" testName="HandleAudioData_DoNot_CalculateAudioMeterValue_When_Subscribed_And_Muted" computerName="DKSR-EFI-06" duration="00:00:00.0018581" startTime="2024-01-09T15:45:56.9700376+01:00" endTime="2024-01-09T15:45:56.9700376+01:00" testType="13cdc9d9-ddb5-4fa4-a97d-d965ccfc6d4b" outcome="Passed" testListId="8c84fa94-04c1-424b-9868-57a2d4851a1d" relativeResultsDirectory="1ae76225-0e32-4f70-adac-8711aa019f2b" />
    <UnitTestResult executionId="049bb398-cd77-4ce7-8acb-9e8a7f304519" testId="f9063bff-e7ba-c028-46f9-189d14a707c0" testName="Logout_Success" computerName="DKSR-EFI-06" duration="00:00:00.0259063" startTime="2024-01-09T15:44:27.3456993+01:00" endTime="2024-01-09T15:44:27.3730607+01:00" testType="13cdc9d9-ddb5-4fa4-a97d-d965ccfc6d4b" outcome="Passed" testListId="8c84fa94-04c1-424b-9868-57a2d4851a1d" relativeResultsDirectory="049bb398-cd77-4ce7-8acb-9e8a7f304519" />
    <UnitTestResult executionId="5fab11a1-d349-4530-81e0-c38553357def" testId="99f228e6-630e-dc8e-e51f-6fbc781ddda8" testName="ConnectUsingConfiguration_SecondCallClosesPreviousToolkit_Success" computerName="DKSR-EFI-06" duration="00:00:00.0026892" startTime="2024-01-09T15:45:56.8137647+01:00" endTime="2024-01-09T15:45:56.8293934+01:00" testType="13cdc9d9-ddb5-4fa4-a97d-d965ccfc6d4b" outcome="Passed" testListId="8c84fa94-04c1-424b-9868-57a2d4851a1d" relativeResultsDirectory="5fab11a1-d349-4530-81e0-c38553357def" />
    <UnitTestResult executionId="ad6eef00-abc0-40ce-aefa-48e233db5f8a" testId="4c36fbe1-f8de-13b2-bcb1-e7ce9596a021" testName="Given_Nothing_When_SendingACommand_Then_CommandReturnsWhenResponseIsReceived" computerName="DKSR-EFI-06" duration="00:00:00.1421717" startTime="2024-01-09T15:45:22.0294110+01:00" endTime="2024-01-09T15:45:22.1700395+01:00" testType="13cdc9d9-ddb5-4fa4-a97d-d965ccfc6d4b" outcome="Passed" testListId="8c84fa94-04c1-424b-9868-57a2d4851a1d" relativeResultsDirectory="ad6eef00-abc0-40ce-aefa-48e233db5f8a" />
    <UnitTestResult executionId="3b63e5aa-34d2-45c1-83ee-53c79a294246" testId="9e508b96-cfd4-c55d-5eaa-c8158310f114" testName="HandleStateChanged_StateDisconnected_ConnectedIsFalseAndEventFired" computerName="DKSR-EFI-06" duration="00:00:00.0015745" startTime="2024-01-09T15:45:56.7981395+01:00" endTime="2024-01-09T15:45:56.7981395+01:00" testType="13cdc9d9-ddb5-4fa4-a97d-d965ccfc6d4b" outcome="Passed" testListId="8c84fa94-04c1-424b-9868-57a2d4851a1d" relativeResultsDirectory="3b63e5aa-34d2-45c1-83ee-53c79a294246" />
    <UnitTestResult executionId="d9f5d873-70c9-403f-b443-05d10433733b" testId="4c636ed3-7a97-56f4-5f09-90e82a59bb70" testName="XpcoMultiUserLoginTwoServersBasic" computerName="DKSR-EFI-06" duration="00:00:01.8897020" startTime="2024-01-09T15:45:38.1231707+01:00" endTime="2024-01-09T15:45:39.9981703+01:00" testType="13cdc9d9-ddb5-4fa4-a97d-d965ccfc6d4b" outcome="Passed" testListId="8c84fa94-04c1-424b-9868-57a2d4851a1d" relativeResultsDirectory="d9f5d873-70c9-403f-b443-05d10433733b">
      <Output>
        <StdOut>Debug Trace:&#xD;
TopLevelControl returns null. PostMessage may have problems&#xD;
MIP: Error: ConfigurationApiItemWrapper (): ConfigAPI GetItem(): System.NotImplementedException, The method or operation is not implemented.&#xD;
MIP: Error: Factory.IsItemTypeSupported (): Exception source:      VideoOS.Platform.SDK.UnitTests&#xD;
Exception type:        System.NotImplementedException&#xD;
Exception message:     The method or operation is not implemented.&#xD;
Exception target site: GetItem&#xD;
   at VideoOS.Platform.SDKUnittest.EnvironmentTests.TestConfigurationClientService.GetItem(String path) in D:\actions-runner\_work\XPCO\XPCO\MIP\MIPSDK\tst\VideoOS.Platform.SDK.UnitTests\EnvironmentTests\TestsWithCorporateShimsBase.cs:line 227&#xD;
   at VideoOS.Platform.Proxy.ConfigApi.ConfigurationApiItemWrapper..ctor(ServerId serverId, String path) in D:\actions-runner\_work\XPCO\XPCO\MIP\PlatformPlugin\VideoOS.Platform\src\Proxy\ConfigApi\ConfigurationApiItemWrapper.cs:line 110&#xD;
   at VideoOS.Platform.ConfigurationItems.Factory.IsItemTypeSupported(ServerId serverId, String itemType) in D:\actions-runner\_work\XPCO\XPCO\MIP\PlatformPlugin\VideoOS.Platform\src\ConfigurationItems\Factory.cs:line 464&#xD;
&#xD;
Factory.IsItemTypeSupportedFactory.IsItemTypeSupported ()The method or operation is not implemented.   at VideoOS.Platform.SDKUnittest.EnvironmentTests.TestConfigurationClientService.GetItem(String path) in D:\actions-runner\_work\XPCO\XPCO\MIP\MIPSDK\tst\VideoOS.Platform.SDK.UnitTests\EnvironmentTests\TestsWithCorporateShimsBase.cs:line 227&#xD;
   at VideoOS.Platform.Proxy.ConfigApi.ConfigurationApiItemWrapper..ctor(ServerId serverId, String path) in D:\actions-runner\_work\XPCO\XPCO\MIP\PlatformPlugin\VideoOS.Platform\src\Proxy\ConfigApi\ConfigurationApiItemWrapper.cs:line 110&#xD;
   at VideoOS.Platform.ConfigurationItems.Factory.IsItemTypeSupported(ServerId serverId, String itemType) in D:\actions-runner\_work\XPCO\XPCO\MIP\PlatformPlugin\VideoOS.Platform\src\ConfigurationItems\Factory.cs:line 464&#xD;
MIP: Error: GetConfiguration (): CustomSetting not found for the given platformDefinitionId: e145597a-ecaf-40a1-99e6-14bb9d45a09e&#xD;
MIP: Error: ConfigurationApiItemWrapper (): ConfigAPI GetItem(): System.NotImplementedException, The method or operation is not implemented.&#xD;
MIP: Error: Factory.IsItemTypeSupported (): Exception source:      VideoOS.Platform.SDK.UnitTests&#xD;
Exception type:        System.NotImplementedException&#xD;
Exception message:     The method or operation is not implemented.&#xD;
Exception target site: GetItem&#xD;
   at VideoOS.Platform.SDKUnittest.EnvironmentTests.TestConfigurationClientService.GetItem(String path) in D:\actions-runner\_work\XPCO\XPCO\MIP\MIPSDK\tst\VideoOS.Platform.SDK.UnitTests\EnvironmentTests\TestsWithCorporateShimsBase.cs:line 227&#xD;
   at VideoOS.Platform.Proxy.ConfigApi.ConfigurationApiItemWrapper..ctor(ServerId serverId, String path) in D:\actions-runner\_work\XPCO\XPCO\MIP\PlatformPlugin\VideoOS.Platform\src\Proxy\ConfigApi\ConfigurationApiItemWrapper.cs:line 110&#xD;
   at VideoOS.Platform.ConfigurationItems.Factory.IsItemTypeSupported(ServerId serverId, String itemType) in D:\actions-runner\_work\XPCO\XPCO\MIP\PlatformPlugin\VideoOS.Platform\src\ConfigurationItems\Factory.cs:line 464&#xD;
&#xD;
Factory.IsItemTypeSupportedFactory.IsItemTypeSupported ()The method or operation is not implemented.   at VideoOS.Platform.SDKUnittest.EnvironmentTests.TestConfigurationClientService.GetItem(String path) in D:\actions-runner\_work\XPCO\XPCO\MIP\MIPSDK\tst\VideoOS.Platform.SDK.UnitTests\EnvironmentTests\TestsWithCorporateShimsBase.cs:line 227&#xD;
   at VideoOS.Platform.Proxy.ConfigApi.ConfigurationApiItemWrapper..ctor(ServerId serverId, String path) in D:\actions-runner\_work\XPCO\XPCO\MIP\PlatformPlugin\VideoOS.Platform\src\Proxy\ConfigApi\ConfigurationApiItemWrapper.cs:line 110&#xD;
   at VideoOS.Platform.ConfigurationItems.Factory.IsItemTypeSupported(ServerId serverId, String itemType) in D:\actions-runner\_work\XPCO\XPCO\MIP\PlatformPlugin\VideoOS.Platform\src\ConfigurationItems\Factory.cs:line 464&#xD;
MIP: Error: LoginServerOauth (): https://1.2.3.5:55/ManagementServer/ServerCommandServiceOAuth.svc The method or operation is not implemented.&#xD;
MIP: Error: ConfigurationApiItemWrapper (): ConfigAPI GetItem(): System.NotImplementedException, The method or operation is not implemented.&#xD;
MIP: Error: Factory.IsItemTypeSupported (): Exception source:      VideoOS.Platform.SDK.UnitTests&#xD;
Exception type:        System.NotImplementedException&#xD;
Exception message:     The method or operation is not implemented.&#xD;
Exception target site: GetItem&#xD;
   at VideoOS.Platform.SDKUnittest.EnvironmentTests.TestConfigurationClientService.GetItem(String path) in D:\actions-runner\_work\XPCO\XPCO\MIP\MIPSDK\tst\VideoOS.Platform.SDK.UnitTests\EnvironmentTests\TestsWithCorporateShimsBase.cs:line 227&#xD;
   at VideoOS.Platform.Proxy.ConfigApi.ConfigurationApiItemWrapper..ctor(ServerId serverId, String path) in D:\actions-runner\_work\XPCO\XPCO\MIP\PlatformPlugin\VideoOS.Platform\src\Proxy\ConfigApi\ConfigurationApiItemWrapper.cs:line 110&#xD;
   at VideoOS.Platform.ConfigurationItems.Factory.IsItemTypeSupported(ServerId serverId, String itemType) in D:\actions-runner\_work\XPCO\XPCO\MIP\PlatformPlugin\VideoOS.Platform\src\ConfigurationItems\Factory.cs:line 464&#xD;
&#xD;
Factory.IsItemTypeSupportedFactory.IsItemTypeSupported ()The method or operation is not implemented.   at VideoOS.Platform.SDKUnittest.EnvironmentTests.TestConfigurationClientService.GetItem(String path) in D:\actions-runner\_work\XPCO\XPCO\MIP\MIPSDK\tst\VideoOS.Platform.SDK.UnitTests\EnvironmentTests\TestsWithCorporateShimsBase.cs:line 227&#xD;
   at VideoOS.Platform.Proxy.ConfigApi.ConfigurationApiItemWrapper..ctor(ServerId serverId, String path) in D:\actions-runner\_work\XPCO\XPCO\MIP\PlatformPlugin\VideoOS.Platform\src\Proxy\ConfigApi\ConfigurationApiItemWrapper.cs:line 110&#xD;
   at VideoOS.Platform.ConfigurationItems.Factory.IsItemTypeSupported(ServerId serverId, String itemType) in D:\actions-runner\_work\XPCO\XPCO\MIP\PlatformPlugin\VideoOS.Platform\src\ConfigurationItems\Factory.cs:line 464&#xD;
MIP: Error: GetConfiguration (): CustomSetting not found for the given platformDefinitionId: e145597a-ecaf-40a1-99e6-14bb9d45a09e&#xD;
MIP: Error: ConfigurationApiItemWrapper (): ConfigAPI GetItem(): System.NotImplementedException, The method or operation is not implemented.&#xD;
MIP: Error: ConfigurationApiItemWrapper (): ConfigAPI GetItem(): System.NotImplementedException, The method or operation is not implemented.&#xD;
MIP: Error: Factory.IsItemTypeSupported (): Exception source:      VideoOS.Platform.SDK.UnitTests&#xD;
Exception type:        System.NotImplementedException&#xD;
Exception message:     The method or operation is not implemented.&#xD;
Exception target site: GetItem&#xD;
   at VideoOS.Platform.SDKUnittest.EnvironmentTests.TestConfigurationClientService.GetItem(String path) in D:\actions-runner\_work\XPCO\XPCO\MIP\MIPSDK\tst\VideoOS.Platform.SDK.UnitTests\EnvironmentTests\TestsWithCorporateShimsBase.cs:line 227&#xD;
   at VideoOS.Platform.Proxy.ConfigApi.ConfigurationApiItemWrapper..ctor(ServerId serverId, String path) in D:\actions-runner\_work\XPCO\XPCO\MIP\PlatformPlugin\VideoOS.Platform\src\Proxy\ConfigApi\ConfigurationApiItemWrapper.cs:line 110&#xD;
   at VideoOS.Platform.ConfigurationItems.Factory.IsItemTypeSupported(ServerId serverId, String itemType) in D:\actions-runner\_work\XPCO\XPCO\MIP\PlatformPlugin\VideoOS.Platform\src\ConfigurationItems\Factory.cs:line 464&#xD;
&#xD;
Factory.IsItemTypeSupportedFactory.IsItemTypeSupported ()The method or operation is not implemented.   at VideoOS.Platform.SDKUnittest.EnvironmentTests.TestConfigurationClientService.GetItem(String path) in D:\actions-runner\_work\XPCO\XPCO\MIP\MIPSDK\tst\VideoOS.Platform.SDK.UnitTests\EnvironmentTests\TestsWithCorporateShimsBase.cs:line 227&#xD;
   at VideoOS.Platform.Proxy.ConfigApi.ConfigurationApiItemWrapper..ctor(ServerId serverId, String path) in D:\actions-runner\_work\XPCO\XPCO\MIP\PlatformPlugin\VideoOS.Platform\src\Proxy\ConfigApi\ConfigurationApiItemWrapper.cs:line 110&#xD;
   at VideoOS.Platform.ConfigurationItems.Factory.IsItemTypeSupported(ServerId serverId, String itemType) in D:\actions-runner\_work\XPCO\XPCO\MIP\PlatformPlugin\VideoOS.Platform\src\ConfigurationItems\Factory.cs:line 464&#xD;
MIP: Error: Factory.IsItemTypeSupported (): Exception source:      VideoOS.Platform.SDK.UnitTests&#xD;
Exception type:        System.NotImplementedException&#xD;
Exception message:     The method or operation is not implemented.&#xD;
Exception target site: GetItem&#xD;
   at VideoOS.Platform.SDKUnittest.EnvironmentTests.TestConfigurationClientService.GetItem(String path) in D:\actions-runner\_work\XPCO\XPCO\MIP\MIPSDK\tst\VideoOS.Platform.SDK.UnitTests\EnvironmentTests\TestsWithCorporateShimsBase.cs:line 227&#xD;
   at VideoOS.Platform.Proxy.ConfigApi.ConfigurationApiItemWrapper..ctor(ServerId serverId, String path) in D:\actions-runner\_work\XPCO\XPCO\MIP\PlatformPlugin\VideoOS.Platform\src\Proxy\ConfigApi\ConfigurationApiItemWrapper.cs:line 110&#xD;
   at VideoOS.Platform.ConfigurationItems.Factory.IsItemTypeSupported(ServerId serverId, String itemType) in D:\actions-runner\_work\XPCO\XPCO\MIP\PlatformPlugin\VideoOS.Platform\src\ConfigurationItems\Factory.cs:line 464&#xD;
&#xD;
Factory.IsItemTypeSupportedFactory.IsItemTypeSupported ()The method or operation is not implemented.   at VideoOS.Platform.SDKUnittest.EnvironmentTests.TestConfigurationClientService.GetItem(String path) in D:\actions-runner\_work\XPCO\XPCO\MIP\MIPSDK\tst\VideoOS.Platform.SDK.UnitTests\EnvironmentTests\TestsWithCorporateShimsBase.cs:line 227&#xD;
   at VideoOS.Platform.Proxy.ConfigApi.ConfigurationApiItemWrapper..ctor(ServerId serverId, String path) in D:\actions-runner\_work\XPCO\XPCO\MIP\PlatformPlugin\VideoOS.Platform\src\Proxy\ConfigApi\ConfigurationApiItemWrapper.cs:line 110&#xD;
   at VideoOS.Platform.ConfigurationItems.Factory.IsItemTypeSupported(ServerId serverId, String itemType) in D:\actions-runner\_work\XPCO\XPCO\MIP\PlatformPlugin\VideoOS.Platform\src\ConfigurationItems\Factory.cs:line 464&#xD;
MIP: Error: ConfigurationApiItemWrapper (): ConfigAPI GetItem(): System.NotImplementedException, The method or operation is not implemented.&#xD;
MIP: Error: Factory.IsItemTypeSupported (): Exception source:      VideoOS.Platform.SDK.UnitTests&#xD;
Exception type:        System.NotImplementedException&#xD;
Exception message:     The method or operation is not implemented.&#xD;
Exception target site: GetItem&#xD;
   at VideoOS.Platform.SDKUnittest.EnvironmentTests.TestConfigurationClientService.GetItem(String path) in D:\actions-runner\_work\XPCO\XPCO\MIP\MIPSDK\tst\VideoOS.Platform.SDK.UnitTests\EnvironmentTests\TestsWithCorporateShimsBase.cs:line 227&#xD;
   at VideoOS.Platform.Proxy.ConfigApi.ConfigurationApiItemWrapper..ctor(ServerId serverId, String path) in D:\actions-runner\_work\XPCO\XPCO\MIP\PlatformPlugin\VideoOS.Platform\src\Proxy\ConfigApi\ConfigurationApiItemWrapper.cs:line 110&#xD;
   at VideoOS.Platform.ConfigurationItems.Factory.IsItemTypeSupported(ServerId serverId, String itemType) in D:\actions-runner\_work\XPCO\XPCO\MIP\PlatformPlugin\VideoOS.Platform\src\ConfigurationItems\Factory.cs:line 464&#xD;
&#xD;
Factory.IsItemTypeSupportedFactory.IsItemTypeSupported ()The method or operation is not implemented.   at VideoOS.Platform.SDKUnittest.EnvironmentTests.TestConfigurationClientService.GetItem(String path) in D:\actions-runner\_work\XPCO\XPCO\MIP\MIPSDK\tst\VideoOS.Platform.SDK.UnitTests\EnvironmentTests\TestsWithCorporateShimsBase.cs:line 227&#xD;
   at VideoOS.Platform.Proxy.ConfigApi.ConfigurationApiItemWrapper..ctor(ServerId serverId, String path) in D:\actions-runner\_work\XPCO\XPCO\MIP\PlatformPlugin\VideoOS.Platform\src\Proxy\ConfigApi\ConfigurationApiItemWrapper.cs:line 110&#xD;
   at VideoOS.Platform.ConfigurationItems.Factory.IsItemTypeSupported(ServerId serverId, String itemType) in D:\actions-runner\_work\XPCO\XPCO\MIP\PlatformPlugin\VideoOS.Platform\src\ConfigurationItems\Factory.cs:line 464&#xD;
MIP: Error: LoginServerOauth (): https://1.2.3.5:55/ManagementServer/ServerCommandServiceOAuth.svc The method or operation is not implemented.&#xD;
MIP: Error: ConfigurationApiItemWrapper (): ConfigAPI GetItem(): System.NotImplementedException, The method or operation is not implemented.&#xD;
MIP: Error: Factory.IsItemTypeSupported (): Exception source:      VideoOS.Platform.SDK.UnitTests&#xD;
Exception type:        System.NotImplementedException&#xD;
Exception message:     The method or operation is not implemented.&#xD;
Exception target site: GetItem&#xD;
   at VideoOS.Platform.SDKUnittest.EnvironmentTests.TestConfigurationClientService.GetItem(String path) in D:\actions-runner\_work\XPCO\XPCO\MIP\MIPSDK\tst\VideoOS.Platform.SDK.UnitTests\EnvironmentTests\TestsWithCorporateShimsBase.cs:line 227&#xD;
   at VideoOS.Platform.Proxy.ConfigApi.ConfigurationApiItemWrapper..ctor(ServerId serverId, String path) in D:\actions-runner\_work\XPCO\XPCO\MIP\PlatformPlugin\VideoOS.Platform\src\Proxy\ConfigApi\ConfigurationApiItemWrapper.cs:line 110&#xD;
   at VideoOS.Platform.ConfigurationItems.Factory.IsItemTypeSupported(ServerId serverId, String itemType) in D:\actions-runner\_work\XPCO\XPCO\MIP\PlatformPlugin\VideoOS.Platform\src\ConfigurationItems\Factory.cs:line 464&#xD;
&#xD;
Factory.IsItemTypeSupportedFactory.IsItemTypeSupported ()The method or operation is not implemented.   at VideoOS.Platform.SDKUnittest.EnvironmentTests.TestConfigurationClientService.GetItem(String path) in D:\actions-runner\_work\XPCO\XPCO\MIP\MIPSDK\tst\VideoOS.Platform.SDK.UnitTests\EnvironmentTests\TestsWithCorporateShimsBase.cs:line 227&#xD;
   at VideoOS.Platform.Proxy.ConfigApi.ConfigurationApiItemWrapper..ctor(ServerId serverId, String path) in D:\actions-runner\_work\XPCO\XPCO\MIP\PlatformPlugin\VideoOS.Platform\src\Proxy\ConfigApi\ConfigurationApiItemWrapper.cs:line 110&#xD;
   at VideoOS.Platform.ConfigurationItems.Factory.IsItemTypeSupported(ServerId serverId, String itemType) in D:\actions-runner\_work\XPCO\XPCO\MIP\PlatformPlugin\VideoOS.Platform\src\ConfigurationItems\Factory.cs:line 464&#xD;
MIP: Error: ConfigurationApiItemWrapper (): ConfigAPI GetItem(): System.NotImplementedException, The method or operation is not implemented.&#xD;
MIP: Error: Factory.IsItemTypeSupported (): Exception source:      VideoOS.Platform.SDK.UnitTests&#xD;
Exception type:        System.NotImplementedException&#xD;
Exception message:     The method or operation is not implemented.&#xD;
Exception target site: GetItem&#xD;
   at VideoOS.Platform.SDKUnittest.EnvironmentTests.TestConfigurationClientService.GetItem(String path) in D:\actions-runner\_work\XPCO\XPCO\MIP\MIPSDK\tst\VideoOS.Platform.SDK.UnitTests\EnvironmentTests\TestsWithCorporateShimsBase.cs:line 227&#xD;
   at VideoOS.Platform.Proxy.ConfigApi.ConfigurationApiItemWrapper..ctor(ServerId serverId, String path) in D:\actions-runner\_work\XPCO\XPCO\MIP\PlatformPlugin\VideoOS.Platform\src\Proxy\ConfigApi\ConfigurationApiItemWrapper.cs:line 110&#xD;
   at VideoOS.Platform.ConfigurationItems.Factory.IsItemTypeSupported(ServerId serverId, String itemType) in D:\actions-runner\_work\XPCO\XPCO\MIP\PlatformPlugin\VideoOS.Platform\src\ConfigurationItems\Factory.cs:line 464&#xD;
&#xD;
Factory.IsItemTypeSupportedFactory.IsItemTypeSupported ()The method or operation is not implemented.   at VideoOS.Platform.SDKUnittest.EnvironmentTests.TestConfigurationClientService.GetItem(String path) in D:\actions-runner\_work\XPCO\XPCO\MIP\MIPSDK\tst\VideoOS.Platform.SDK.UnitTests\EnvironmentTests\TestsWithCorporateShimsBase.cs:line 227&#xD;
   at VideoOS.Platform.Proxy.ConfigApi.ConfigurationApiItemWrapper..ctor(ServerId serverId, String path) in D:\actions-runner\_work\XPCO\XPCO\MIP\PlatformPlugin\VideoOS.Platform\src\Proxy\ConfigApi\ConfigurationApiItemWrapper.cs:line 110&#xD;
   at VideoOS.Platform.ConfigurationItems.Factory.IsItemTypeSupported(ServerId serverId, String itemType) in D:\actions-runner\_work\XPCO\XPCO\MIP\PlatformPlugin\VideoOS.Platform\src\ConfigurationItems\Factory.cs:line 464&#xD;
MIP: Error: LoginServerOauth (): https://1.2.3.5:55/ManagementServer/ServerCommandServiceOAuth.svc The method or operation is not implemented.&#xD;
MIP: Error: ConfigurationApiItemWrapper (): ConfigAPI GetItem(): System.NotImplementedException, The method or operation is not implemented.&#xD;
MIP: Error: Factory.IsItemTypeSupported (): Exception source:      VideoOS.Platform.SDK.UnitTests&#xD;
Exception type:        System.NotImplementedException&#xD;
Exception message:     The method or operation is not implemented.&#xD;
Exception target site: GetItem&#xD;
   at VideoOS.Platform.SDKUnittest.EnvironmentTests.TestConfigurationClientService.GetItem(String path) in D:\actions-runner\_work\XPCO\XPCO\MIP\MIPSDK\tst\VideoOS.Platform.SDK.UnitTests\EnvironmentTests\TestsWithCorporateShimsBase.cs:line 227&#xD;
   at VideoOS.Platform.Proxy.ConfigApi.ConfigurationApiItemWrapper..ctor(ServerId serverId, String path) in D:\actions-runner\_work\XPCO\XPCO\MIP\PlatformPlugin\VideoOS.Platform\src\Proxy\ConfigApi\ConfigurationApiItemWrapper.cs:line 110&#xD;
   at VideoOS.Platform.ConfigurationItems.Factory.IsItemTypeSupported(ServerId serverId, String itemType) in D:\actions-runner\_work\XPCO\XPCO\MIP\PlatformPlugin\VideoOS.Platform\src\ConfigurationItems\Factory.cs:line 464&#xD;
&#xD;
Factory.IsItemTypeSupportedFactory.IsItemTypeSupported ()The method or operation is not implemented.   at VideoOS.Platform.SDKUnittest.EnvironmentTests.TestConfigurationClientService.GetItem(String path) in D:\actions-runner\_work\XPCO\XPCO\MIP\MIPSDK\tst\VideoOS.Platform.SDK.UnitTests\EnvironmentTests\TestsWithCorporateShimsBase.cs:line 227&#xD;
   at VideoOS.Platform.Proxy.ConfigApi.ConfigurationApiItemWrapper..ctor(ServerId serverId, String path) in D:\actions-runner\_work\XPCO\XPCO\MIP\PlatformPlugin\VideoOS.Platform\src\Proxy\ConfigApi\ConfigurationApiItemWrapper.cs:line 110&#xD;
   at VideoOS.Platform.ConfigurationItems.Factory.IsItemTypeSupported(ServerId serverId, String itemType) in D:\actions-runner\_work\XPCO\XPCO\MIP\PlatformPlugin\VideoOS.Platform\src\ConfigurationItems\Factory.cs:line 464&#xD;
MIP: Error: LoginServerOauth (): https://1.2.3.5:55/ManagementServer/ServerCommandServiceOAuth.svc The method or operation is not implemented.&#xD;
MIP: Error: GetConfiguration (): CustomSetting not found for the given platformDefinitionId: e145597a-ecaf-40a1-99e6-14bb9d45a09e&#xD;
MIP: Error: ConfigurationApiItemWrapper (): ConfigAPI GetItem(): System.NotImplementedException, The method or operation is not implemented.&#xD;
MIP: Error: ConfigurationApiItemWrapper (): ConfigAPI GetItem(): System.NotImplementedException, The method or operation is not implemented.&#xD;
MIP: Error: Factory.IsItemTypeSupported (): Exception source:      VideoOS.Platform.SDK.UnitTests&#xD;
Exception type:        System.NotImplementedException&#xD;
Exception message:     The method or operation is not implemented.&#xD;
Exception target site: GetItem&#xD;
   at VideoOS.Platform.SDKUnittest.EnvironmentTests.TestConfigurationClientService.GetItem(String path) in D:\actions-runner\_work\XPCO\XPCO\MIP\MIPSDK\tst\VideoOS.Platform.SDK.UnitTests\EnvironmentTests\TestsWithCorporateShimsBase.cs:line 227&#xD;
   at VideoOS.Platform.Proxy.ConfigApi.ConfigurationApiItemWrapper..ctor(ServerId serverId, String path) in D:\actions-runner\_work\XPCO\XPCO\MIP\PlatformPlugin\VideoOS.Platform\src\Proxy\ConfigApi\ConfigurationApiItemWrapper.cs:line 110&#xD;
   at VideoOS.Platform.ConfigurationItems.Factory.IsItemTypeSupported(ServerId serverId, String itemType) in D:\actions-runner\_work\XPCO\XPCO\MIP\PlatformPlugin\VideoOS.Platform\src\ConfigurationItems\Factory.cs:line 464&#xD;
&#xD;
Factory.IsItemTypeSupportedFactory.IsItemTypeSupported ()The method or operation is not implemented.   at VideoOS.Platform.SDKUnittest.EnvironmentTests.TestConfigurationClientService.GetItem(String path) in D:\actions-runner\_work\XPCO\XPCO\MIP\MIPSDK\tst\VideoOS.Platform.SDK.UnitTests\EnvironmentTests\TestsWithCorporateShimsBase.cs:line 227&#xD;
   at VideoOS.Platform.Proxy.ConfigApi.ConfigurationApiItemWrapper..ctor(ServerId serverId, String path) in D:\actions-runner\_work\XPCO\XPCO\MIP\PlatformPlugin\VideoOS.Platform\src\Proxy\ConfigApi\ConfigurationApiItemWrapper.cs:line 110&#xD;
   at VideoOS.Platform.ConfigurationItems.Factory.IsItemTypeSupported(ServerId serverId, String itemType) in D:\actions-runner\_work\XPCO\XPCO\MIP\PlatformPlugin\VideoOS.Platform\src\ConfigurationItems\Factory.cs:line 464&#xD;
MIP: Error: Factory.IsItemTypeSupported (): Exception source:      VideoOS.Platform.SDK.UnitTests&#xD;
Exception type:        System.NotImplementedException&#xD;
Exception message:     The method or operation is not implemented.&#xD;
Exception target site: GetItem&#xD;
   at VideoOS.Platform.SDKUnittest.EnvironmentTests.TestConfigurationClientService.GetItem(String path) in D:\actions-runner\_work\XPCO\XPCO\MIP\MIPSDK\tst\VideoOS.Platform.SDK.UnitTests\EnvironmentTests\TestsWithCorporateShimsBase.cs:line 227&#xD;
   at VideoOS.Platform.Proxy.ConfigApi.ConfigurationApiItemWrapper..ctor(ServerId serverId, String path) in D:\actions-runner\_work\XPCO\XPCO\MIP\PlatformPlugin\VideoOS.Platform\src\Proxy\ConfigApi\ConfigurationApiItemWrapper.cs:line 110&#xD;
   at VideoOS.Platform.ConfigurationItems.Factory.IsItemTypeSupported(ServerId serverId, String itemType) in D:\actions-runner\_work\XPCO\XPCO\MIP\PlatformPlugin\VideoOS.Platform\src\ConfigurationItems\Factory.cs:line 464&#xD;
&#xD;
Factory.IsItemTypeSupportedFactory.IsItemTypeSupported ()The method or operation is not implemented.   at VideoOS.Platform.SDKUnittest.EnvironmentTests.TestConfigurationClientService.GetItem(String path) in D:\actions-runner\_work\XPCO\XPCO\MIP\MIPSDK\tst\VideoOS.Platform.SDK.UnitTests\EnvironmentTests\TestsWithCorporateShimsBase.cs:line 227&#xD;
   at VideoOS.Platform.Proxy.ConfigApi.ConfigurationApiItemWrapper..ctor(ServerId serverId, String path) in D:\actions-runner\_work\XPCO\XPCO\MIP\PlatformPlugin\VideoOS.Platform\src\Proxy\ConfigApi\ConfigurationApiItemWrapper.cs:line 110&#xD;
   at VideoOS.Platform.ConfigurationItems.Factory.IsItemTypeSupported(ServerId serverId, String itemType) in D:\actions-runner\_work\XPCO\XPCO\MIP\PlatformPlugin\VideoOS.Platform\src\ConfigurationItems\Factory.cs:line 464&#xD;
MIP: Error: ConfigurationApiItemWrapper (): ConfigAPI GetItem(): System.NotImplementedException, The method or operation is not implemented.&#xD;
MIP: Error: Factory.IsItemTypeSupported (): Exception source:      VideoOS.Platform.SDK.UnitTests&#xD;
Exception type:        System.NotImplementedException&#xD;
Exception message:     The method or operation is not implemented.&#xD;
Exception target site: GetItem&#xD;
   at VideoOS.Platform.SDKUnittest.EnvironmentTests.TestConfigurationClientService.GetItem(String path) in D:\actions-runner\_work\XPCO\XPCO\MIP\MIPSDK\tst\VideoOS.Platform.SDK.UnitTests\EnvironmentTests\TestsWithCorporateShimsBase.cs:line 227&#xD;
   at VideoOS.Platform.Proxy.ConfigApi.ConfigurationApiItemWrapper..ctor(ServerId serverId, String path) in D:\actions-runner\_work\XPCO\XPCO\MIP\PlatformPlugin\VideoOS.Platform\src\Proxy\ConfigApi\ConfigurationApiItemWrapper.cs:line 110&#xD;
   at VideoOS.Platform.ConfigurationItems.Factory.IsItemTypeSupported(ServerId serverId, String itemType) in D:\actions-runner\_work\XPCO\XPCO\MIP\PlatformPlugin\VideoOS.Platform\src\ConfigurationItems\Factory.cs:line 464&#xD;
&#xD;
Factory.IsItemTypeSupportedFactory.IsItemTypeSupported ()The method or operation is not implemented.   at VideoOS.Platform.SDKUnittest.EnvironmentTests.TestConfigurationClientService.GetItem(String path) in D:\actions-runner\_work\XPCO\XPCO\MIP\MIPSDK\tst\VideoOS.Platform.SDK.UnitTests\EnvironmentTests\TestsWithCorporateShimsBase.cs:line 227&#xD;
   at VideoOS.Platform.Proxy.ConfigApi.ConfigurationApiItemWrapper..ctor(ServerId serverId, String path) in D:\actions-runner\_work\XPCO\XPCO\MIP\PlatformPlugin\VideoOS.Platform\src\Proxy\ConfigApi\ConfigurationApiItemWrapper.cs:line 110&#xD;
   at VideoOS.Platform.ConfigurationItems.Factory.IsItemTypeSupported(ServerId serverId, String itemType) in D:\actions-runner\_work\XPCO\XPCO\MIP\PlatformPlugin\VideoOS.Platform\src\ConfigurationItems\Factory.cs:line 464&#xD;
MIP: Error: LoginServerOauth (): https://1.2.3.5:55/ManagementServer/ServerCommandServiceOAuth.svc The method or operation is not implemented.&#xD;
MIP: Error: ConfigurationApiItemWrapper (): ConfigAPI GetItem(): System.NotImplementedException, The method or operation is not implemented.&#xD;
MIP: Error: Factory.IsItemTypeSupported (): Exception source:      VideoOS.Platform.SDK.UnitTests&#xD;
Exception type:        System.NotImplementedException&#xD;
Exception message:     The method or operation is not implemented.&#xD;
Exception target site: GetItem&#xD;
   at VideoOS.Platform.SDKUnittest.EnvironmentTests.TestConfigurationClientService.GetItem(String path) in D:\actions-runner\_work\XPCO\XPCO\MIP\MIPSDK\tst\VideoOS.Platform.SDK.UnitTests\EnvironmentTests\TestsWithCorporateShimsBase.cs:line 227&#xD;
   at VideoOS.Platform.Proxy.ConfigApi.ConfigurationApiItemWrapper..ctor(ServerId serverId, String path) in D:\actions-runner\_work\XPCO\XPCO\MIP\PlatformPlugin\VideoOS.Platform\src\Proxy\ConfigApi\ConfigurationApiItemWrapper.cs:line 110&#xD;
   at VideoOS.Platform.ConfigurationItems.Factory.IsItemTypeSupported(ServerId serverId, String itemType) in D:\actions-runner\_work\XPCO\XPCO\MIP\PlatformPlugin\VideoOS.Platform\src\ConfigurationItems\Factory.cs:line 464&#xD;
&#xD;
Factory.IsItemTypeSupportedFactory.IsItemTypeSupported ()The method or operation is not implemented.   at VideoOS.Platform.SDKUnittest.EnvironmentTests.TestConfigurationClientService.GetItem(String path) in D:\actions-runner\_work\XPCO\XPCO\MIP\MIPSDK\tst\VideoOS.Platform.SDK.UnitTests\EnvironmentTests\TestsWithCorporateShimsBase.cs:line 227&#xD;
   at VideoOS.Platform.Proxy.ConfigApi.ConfigurationApiItemWrapper..ctor(ServerId serverId, String path) in D:\actions-runner\_work\XPCO\XPCO\MIP\PlatformPlugin\VideoOS.Platform\src\Proxy\ConfigApi\ConfigurationApiItemWrapper.cs:line 110&#xD;
   at VideoOS.Platform.ConfigurationItems.Factory.IsItemTypeSupported(ServerId serverId, String itemType) in D:\actions-runner\_work\XPCO\XPCO\MIP\PlatformPlugin\VideoOS.Platform\src\ConfigurationItems\Factory.cs:line 464&#xD;
MIP: Error: ConfigurationApiItemWrapper (): ConfigAPI GetItem(): System.NotImplementedException, The method or operation is not implemented.&#xD;
MIP: Error: Factory.IsItemTypeSupported (): Exception source:      VideoOS.Platform.SDK.UnitTests&#xD;
Exception type:        System.NotImplementedException&#xD;
Exception message:     The method or operation is not implemented.&#xD;
Exception target site: GetItem&#xD;
   at VideoOS.Platform.SDKUnittest.EnvironmentTests.TestConfigurationClientService.GetItem(String path) in D:\actions-runner\_work\XPCO\XPCO\MIP\MIPSDK\tst\VideoOS.Platform.SDK.UnitTests\EnvironmentTests\TestsWithCorporateShimsBase.cs:line 227&#xD;
   at VideoOS.Platform.Proxy.ConfigApi.ConfigurationApiItemWrapper..ctor(ServerId serverId, String path) in D:\actions-runner\_work\XPCO\XPCO\MIP\PlatformPlugin\VideoOS.Platform\src\Proxy\ConfigApi\ConfigurationApiItemWrapper.cs:line 110&#xD;
   at VideoOS.Platform.ConfigurationItems.Factory.IsItemTypeSupported(ServerId serverId, String itemType) in D:\actions-runner\_work\XPCO\XPCO\MIP\PlatformPlugin\VideoOS.Platform\src\ConfigurationItems\Factory.cs:line 464&#xD;
&#xD;
Factory.IsItemTypeSupportedFactory.IsItemTypeSupported ()The method or operation is not implemented.   at VideoOS.Platform.SDKUnittest.EnvironmentTests.TestConfigurationClientService.GetItem(String path) in D:\actions-runner\_work\XPCO\XPCO\MIP\MIPSDK\tst\VideoOS.Platform.SDK.UnitTests\EnvironmentTests\TestsWithCorporateShimsBase.cs:line 227&#xD;
   at VideoOS.Platform.Proxy.ConfigApi.ConfigurationApiItemWrapper..ctor(ServerId serverId, String path) in D:\actions-runner\_work\XPCO\XPCO\MIP\PlatformPlugin\VideoOS.Platform\src\Proxy\ConfigApi\ConfigurationApiItemWrapper.cs:line 110&#xD;
   at VideoOS.Platform.ConfigurationItems.Factory.IsItemTypeSupported(ServerId serverId, String itemType) in D:\actions-runner\_work\XPCO\XPCO\MIP\PlatformPlugin\VideoOS.Platform\src\ConfigurationItems\Factory.cs:line 464&#xD;
MIP: Error: LoginServerOauth (): https://1.2.3.5:55/ManagementServer/ServerCommandServiceOAuth.svc The method or operation is not implemented.&#xD;
MIP: Error: LoginServerOauth (): https://1.2.3.5:55/ManagementServer/ServerCommandServiceOAuth.svc The method or operation is not implemented.&#xD;
MIP: Error: ConfigurationApiItemWrapper (): ConfigAPI GetItem(): System.NotImplementedException, The method or operation is not implemented.&#xD;
MIP: Error: Factory.IsItemTypeSupported (): Exception source:      VideoOS.Platform.SDK.UnitTests&#xD;
Exception type:        System.NotImplementedException&#xD;
Exception message:     The method or operation is not implemented.&#xD;
Exception target site: GetItem&#xD;
   at VideoOS.Platform.SDKUnittest.EnvironmentTests.TestConfigurationClientService.GetItem(String path) in D:\actions-runner\_work\XPCO\XPCO\MIP\MIPSDK\tst\VideoOS.Platform.SDK.UnitTests\EnvironmentTests\TestsWithCorporateShimsBase.cs:line 227&#xD;
   at VideoOS.Platform.Proxy.ConfigApi.ConfigurationApiItemWrapper..ctor(ServerId serverId, String path) in D:\actions-runner\_work\XPCO\XPCO\MIP\PlatformPlugin\VideoOS.Platform\src\Proxy\ConfigApi\ConfigurationApiItemWrapper.cs:line 110&#xD;
   at VideoOS.Platform.ConfigurationItems.Factory.IsItemTypeSupported(ServerId serverId, String itemType) in D:\actions-runner\_work\XPCO\XPCO\MIP\PlatformPlugin\VideoOS.Platform\src\ConfigurationItems\Factory.cs:line 464&#xD;
&#xD;
Factory.IsItemTypeSupportedFactory.IsItemTypeSupported ()The method or operation is not implemented.   at VideoOS.Platform.SDKUnittest.EnvironmentTests.TestConfigurationClientService.GetItem(String path) in D:\actions-runner\_work\XPCO\XPCO\MIP\MIPSDK\tst\VideoOS.Platform.SDK.UnitTests\EnvironmentTests\TestsWithCorporateShimsBase.cs:line 227&#xD;
   at VideoOS.Platform.Proxy.ConfigApi.ConfigurationApiItemWrapper..ctor(ServerId serverId, String path) in D:\actions-runner\_work\XPCO\XPCO\MIP\PlatformPlugin\VideoOS.Platform\src\Proxy\ConfigApi\ConfigurationApiItemWrapper.cs:line 110&#xD;
   at VideoOS.Platform.ConfigurationItems.Factory.IsItemTypeSupported(ServerId serverId, String itemType) in D:\actions-runner\_work\XPCO\XPCO\MIP\PlatformPlugin\VideoOS.Platform\src\ConfigurationItems\Factory.cs:line 464&#xD;
MIP: Error: GetConfiguration (): CustomSetting not found for the given platformDefinitionId: e145597a-ecaf-40a1-99e6-14bb9d45a09e&#xD;
MIP: Error: ConfigurationApiItemWrapper (): ConfigAPI GetItem(): System.NotImplementedException, The method or operation is not implemented.&#xD;
MIP: Error: Factory.IsItemTypeSupported (): Exception source:      VideoOS.Platform.SDK.UnitTests&#xD;
Exception type:        System.NotImplementedException&#xD;
Exception message:     The method or operation is not implemented.&#xD;
Exception target site: GetItem&#xD;
   at VideoOS.Platform.SDKUnittest.EnvironmentTests.TestConfigurationClientService.GetItem(String path) in D:\actions-runner\_work\XPCO\XPCO\MIP\MIPSDK\tst\VideoOS.Platform.SDK.UnitTests\EnvironmentTests\TestsWithCorporateShimsBase.cs:line 227&#xD;
   at VideoOS.Platform.Proxy.ConfigApi.ConfigurationApiItemWrapper..ctor(ServerId serverId, String path) in D:\actions-runner\_work\XPCO\XPCO\MIP\PlatformPlugin\VideoOS.Platform\src\Proxy\ConfigApi\ConfigurationApiItemWrapper.cs:line 110&#xD;
   at VideoOS.Platform.ConfigurationItems.Factory.IsItemTypeSupported(ServerId serverId, String itemType) in D:\actions-runner\_work\XPCO\XPCO\MIP\PlatformPlugin\VideoOS.Platform\src\ConfigurationItems\Factory.cs:line 464&#xD;
&#xD;
Factory.IsItemTypeSupportedFactory.IsItemTypeSupported ()The method or operation is not implemented.   at VideoOS.Platform.SDKUnittest.EnvironmentTests.TestConfigurationClientService.GetItem(String path) in D:\actions-runner\_work\XPCO\XPCO\MIP\MIPSDK\tst\VideoOS.Platform.SDK.UnitTests\EnvironmentTests\TestsWithCorporateShimsBase.cs:line 227&#xD;
   at VideoOS.Platform.Proxy.ConfigApi.ConfigurationApiItemWrapper..ctor(ServerId serverId, String path) in D:\actions-runner\_work\XPCO\XPCO\MIP\PlatformPlugin\VideoOS.Platform\src\Proxy\ConfigApi\ConfigurationApiItemWrapper.cs:line 110&#xD;
   at VideoOS.Platform.ConfigurationItems.Factory.IsItemTypeSupported(ServerId serverId, String itemType) in D:\actions-runner\_work\XPCO\XPCO\MIP\PlatformPlugin\VideoOS.Platform\src\ConfigurationItems\Factory.cs:line 464&#xD;
MIP: Error: LoginServerOauth (): https://1.2.3.5:55/ManagementServer/ServerCommandServiceOAuth.svc The method or operation is not implemented.</StdOut>
      </Output>
    </UnitTestResult>
    <UnitTestResult executionId="4362b4fb-bad6-47cf-8f18-4047b5fa24a6" testId="6afb3563-c986-73d9-429e-d345f8912c2c" testName="XpcoGroupCheck" computerName="DKSR-EFI-06" duration="00:00:01.5874628" startTime="2024-01-09T15:45:54.9853621+01:00" endTime="2024-01-09T15:45:56.5793559+01:00" testType="13cdc9d9-ddb5-4fa4-a97d-d965ccfc6d4b" outcome="Passed" testListId="8c84fa94-04c1-424b-9868-57a2d4851a1d" relativeResultsDirectory="4362b4fb-bad6-47cf-8f18-4047b5fa24a6">
      <Output>
        <StdOut>Debug Trace:&#xD;
TopLevelControl returns null. PostMessage may have problems&#xD;
MIP: Error: ConfigurationApiItemWrapper (): ConfigAPI GetItem(): System.NotImplementedException, The method or operation is not implemented.&#xD;
MIP: Error: Factory.IsItemTypeSupported (): Exception source:      VideoOS.Platform.SDK.UnitTests&#xD;
Exception type:        System.NotImplementedException&#xD;
Exception message:     The method or operation is not implemented.&#xD;
Exception target site: GetItem&#xD;
   at VideoOS.Platform.SDKUnittest.EnvironmentTests.TestConfigurationClientService.GetItem(String path) in D:\actions-runner\_work\XPCO\XPCO\MIP\MIPSDK\tst\VideoOS.Platform.SDK.UnitTests\EnvironmentTests\TestsWithCorporateShimsBase.cs:line 227&#xD;
   at VideoOS.Platform.Proxy.ConfigApi.ConfigurationApiItemWrapper..ctor(ServerId serverId, String path) in D:\actions-runner\_work\XPCO\XPCO\MIP\PlatformPlugin\VideoOS.Platform\src\Proxy\ConfigApi\ConfigurationApiItemWrapper.cs:line 110&#xD;
   at VideoOS.Platform.ConfigurationItems.Factory.IsItemTypeSupported(ServerId serverId, String itemType) in D:\actions-runner\_work\XPCO\XPCO\MIP\PlatformPlugin\VideoOS.Platform\src\ConfigurationItems\Factory.cs:line 464&#xD;
&#xD;
Factory.IsItemTypeSupportedFactory.IsItemTypeSupported ()The method or operation is not implemented.   at VideoOS.Platform.SDKUnittest.EnvironmentTests.TestConfigurationClientService.GetItem(String path) in D:\actions-runner\_work\XPCO\XPCO\MIP\MIPSDK\tst\VideoOS.Platform.SDK.UnitTests\EnvironmentTests\TestsWithCorporateShimsBase.cs:line 227&#xD;
   at VideoOS.Platform.Proxy.ConfigApi.ConfigurationApiItemWrapper..ctor(ServerId serverId, String path) in D:\actions-runner\_work\XPCO\XPCO\MIP\PlatformPlugin\VideoOS.Platform\src\Proxy\ConfigApi\ConfigurationApiItemWrapper.cs:line 110&#xD;
   at VideoOS.Platform.ConfigurationItems.Factory.IsItemTypeSupported(ServerId serverId, String itemType) in D:\actions-runner\_work\XPCO\XPCO\MIP\PlatformPlugin\VideoOS.Platform\src\ConfigurationItems\Factory.cs:line 464&#xD;
MIP: Error: GetConfiguration (): CustomSetting not found for the given platformDefinitionId: e145597a-ecaf-40a1-99e6-14bb9d45a09e&#xD;
MIP: Error: ConfigurationApiItemWrapper (): ConfigAPI GetItem(): System.NotImplementedException, The method or operation is not implemented.&#xD;
MIP: Error: Factory.IsItemTypeSupported (): Exception source:      VideoOS.Platform.SDK.UnitTests&#xD;
Exception type:        System.NotImplementedException&#xD;
Exception message:     The method or operation is not implemented.&#xD;
Exception target site: GetItem&#xD;
   at VideoOS.Platform.SDKUnittest.EnvironmentTests.TestConfigurationClientService.GetItem(String path) in D:\actions-runner\_work\XPCO\XPCO\MIP\MIPSDK\tst\VideoOS.Platform.SDK.UnitTests\EnvironmentTests\TestsWithCorporateShimsBase.cs:line 227&#xD;
   at VideoOS.Platform.Proxy.ConfigApi.ConfigurationApiItemWrapper..ctor(ServerId serverId, String path) in D:\actions-runner\_work\XPCO\XPCO\MIP\PlatformPlugin\VideoOS.Platform\src\Proxy\ConfigApi\ConfigurationApiItemWrapper.cs:line 110&#xD;
   at VideoOS.Platform.ConfigurationItems.Factory.IsItemTypeSupported(ServerId serverId, String itemType) in D:\actions-runner\_work\XPCO\XPCO\MIP\PlatformPlugin\VideoOS.Platform\src\ConfigurationItems\Factory.cs:line 464&#xD;
&#xD;
Factory.IsItemTypeSupportedFactory.IsItemTypeSupported ()The method or operation is not implemented.   at VideoOS.Platform.SDKUnittest.EnvironmentTests.TestConfigurationClientService.GetItem(String path) in D:\actions-runner\_work\XPCO\XPCO\MIP\MIPSDK\tst\VideoOS.Platform.SDK.UnitTests\EnvironmentTests\TestsWithCorporateShimsBase.cs:line 227&#xD;
   at VideoOS.Platform.Proxy.ConfigApi.ConfigurationApiItemWrapper..ctor(ServerId serverId, String path) in D:\actions-runner\_work\XPCO\XPCO\MIP\PlatformPlugin\VideoOS.Platform\src\Proxy\ConfigApi\ConfigurationApiItemWrapper.cs:line 110&#xD;
   at VideoOS.Platform.ConfigurationItems.Factory.IsItemTypeSupported(ServerId serverId, String itemType) in D:\actions-runner\_work\XPCO\XPCO\MIP\PlatformPlugin\VideoOS.Platform\src\ConfigurationItems\Factory.cs:line 464&#xD;
MIP: Error: LoginServerOauth (): https://1.2.3.5:55/ManagementServer/ServerCommandServiceOAuth.svc The method or operation is not implemented.&#xD;
MIP: Error: ConfigurationApiItemWrapper (): ConfigAPI GetItem(): System.NotImplementedException, The method or operation is not implemented.&#xD;
MIP: Error: Factory.IsItemTypeSupported (): Exception source:      VideoOS.Platform.SDK.UnitTests&#xD;
Exception type:        System.NotImplementedException&#xD;
Exception message:     The method or operation is not implemented.&#xD;
Exception target site: GetItem&#xD;
   at VideoOS.Platform.SDKUnittest.EnvironmentTests.TestConfigurationClientService.GetItem(String path) in D:\actions-runner\_work\XPCO\XPCO\MIP\MIPSDK\tst\VideoOS.Platform.SDK.UnitTests\EnvironmentTests\TestsWithCorporateShimsBase.cs:line 227&#xD;
   at VideoOS.Platform.Proxy.ConfigApi.ConfigurationApiItemWrapper..ctor(ServerId serverId, String path) in D:\actions-runner\_work\XPCO\XPCO\MIP\PlatformPlugin\VideoOS.Platform\src\Proxy\ConfigApi\ConfigurationApiItemWrapper.cs:line 110&#xD;
   at VideoOS.Platform.ConfigurationItems.Factory.IsItemTypeSupported(ServerId serverId, String itemType) in D:\actions-runner\_work\XPCO\XPCO\MIP\PlatformPlugin\VideoOS.Platform\src\ConfigurationItems\Factory.cs:line 464&#xD;
&#xD;
Factory.IsItemTypeSupportedFactory.IsItemTypeSupported ()The method or operation is not implemented.   at VideoOS.Platform.SDKUnittest.EnvironmentTests.TestConfigurationClientService.GetItem(String path) in D:\actions-runner\_work\XPCO\XPCO\MIP\MIPSDK\tst\VideoOS.Platform.SDK.UnitTests\EnvironmentTests\TestsWithCorporateShimsBase.cs:line 227&#xD;
   at VideoOS.Platform.Proxy.ConfigApi.ConfigurationApiItemWrapper..ctor(ServerId serverId, String path) in D:\actions-runner\_work\XPCO\XPCO\MIP\PlatformPlugin\VideoOS.Platform\src\Proxy\ConfigApi\ConfigurationApiItemWrapper.cs:line 110&#xD;
   at VideoOS.Platform.ConfigurationItems.Factory.IsItemTypeSupported(ServerId serverId, String itemType) in D:\actions-runner\_work\XPCO\XPCO\MIP\PlatformPlugin\VideoOS.Platform\src\ConfigurationItems\Factory.cs:line 464&#xD;
MIP: Error: GetConfiguration (): CustomSetting not found for the given platformDefinitionId: e145597a-ecaf-40a1-99e6-14bb9d45a09e&#xD;
MIP: Error: ConfigurationApiItemWrapper (): ConfigAPI GetItem(): System.NotImplementedException, The method or operation is not implemented.&#xD;
MIP: Error: Factory.IsItemTypeSupported (): Exception source:      VideoOS.Platform.SDK.UnitTests&#xD;
Exception type:        System.NotImplementedException&#xD;
Exception message:     The method or operation is not implemented.&#xD;
Exception target site: GetItem&#xD;
   at VideoOS.Platform.SDKUnittest.EnvironmentTests.TestConfigurationClientService.GetItem(String path) in D:\actions-runner\_work\XPCO\XPCO\MIP\MIPSDK\tst\VideoOS.Platform.SDK.UnitTests\EnvironmentTests\TestsWithCorporateShimsBase.cs:line 227&#xD;
   at VideoOS.Platform.Proxy.ConfigApi.ConfigurationApiItemWrapper..ctor(ServerId serverId, String path) in D:\actions-runner\_work\XPCO\XPCO\MIP\PlatformPlugin\VideoOS.Platform\src\Proxy\ConfigApi\ConfigurationApiItemWrapper.cs:line 110&#xD;
   at VideoOS.Platform.ConfigurationItems.Factory.IsItemTypeSupported(ServerId serverId, String itemType) in D:\actions-runner\_work\XPCO\XPCO\MIP\PlatformPlugin\VideoOS.Platform\src\ConfigurationItems\Factory.cs:line 464&#xD;
&#xD;
Factory.IsItemTypeSupportedFactory.IsItemTypeSupported ()The method or operation is not implemented.   at VideoOS.Platform.SDKUnittest.EnvironmentTests.TestConfigurationClientService.GetItem(String path) in D:\actions-runner\_work\XPCO\XPCO\MIP\MIPSDK\tst\VideoOS.Platform.SDK.UnitTests\EnvironmentTests\TestsWithCorporateShimsBase.cs:line 227&#xD;
   at VideoOS.Platform.Proxy.ConfigApi.ConfigurationApiItemWrapper..ctor(ServerId serverId, String path) in D:\actions-runner\_work\XPCO\XPCO\MIP\PlatformPlugin\VideoOS.Platform\src\Proxy\ConfigApi\ConfigurationApiItemWrapper.cs:line 110&#xD;
   at VideoOS.Platform.ConfigurationItems.Factory.IsItemTypeSupported(ServerId serverId, String itemType) in D:\actions-runner\_work\XPCO\XPCO\MIP\PlatformPlugin\VideoOS.Platform\src\ConfigurationItems\Factory.cs:line 464&#xD;
MIP: Error: LoginServerOauth (): https://1.2.3.5:55/ManagementServer/ServerCommandServiceOAuth.svc The method or operation is not implemented.&#xD;
MIP: Error: ConfigurationApiItemWrapper (): ConfigAPI GetItem(): System.NotImplementedException, The method or operation is not implemented.&#xD;
MIP: Error: Factory.IsItemTypeSupported (): Exception source:      VideoOS.Platform.SDK.UnitTests&#xD;
Exception type:        System.NotImplementedException&#xD;
Exception message:     The method or operation is not implemented.&#xD;
Exception target site: GetItem&#xD;
   at VideoOS.Platform.SDKUnittest.EnvironmentTests.TestConfigurationClientService.GetItem(String path) in D:\actions-runner\_work\XPCO\XPCO\MIP\MIPSDK\tst\VideoOS.Platform.SDK.UnitTests\EnvironmentTests\TestsWithCorporateShimsBase.cs:line 227&#xD;
   at VideoOS.Platform.Proxy.ConfigApi.ConfigurationApiItemWrapper..ctor(ServerId serverId, String path) in D:\actions-runner\_work\XPCO\XPCO\MIP\PlatformPlugin\VideoOS.Platform\src\Proxy\ConfigApi\ConfigurationApiItemWrapper.cs:line 110&#xD;
   at VideoOS.Platform.ConfigurationItems.Factory.IsItemTypeSupported(ServerId serverId, String itemType) in D:\actions-runner\_work\XPCO\XPCO\MIP\PlatformPlugin\VideoOS.Platform\src\ConfigurationItems\Factory.cs:line 464&#xD;
&#xD;
Factory.IsItemTypeSupportedFactory.IsItemTypeSupported ()The method or operation is not implemented.   at VideoOS.Platform.SDKUnittest.EnvironmentTests.TestConfigurationClientService.GetItem(String path) in D:\actions-runner\_work\XPCO\XPCO\MIP\MIPSDK\tst\VideoOS.Platform.SDK.UnitTests\EnvironmentTests\TestsWithCorporateShimsBase.cs:line 227&#xD;
   at VideoOS.Platform.Proxy.ConfigApi.ConfigurationApiItemWrapper..ctor(ServerId serverId, String path) in D:\actions-runner\_work\XPCO\XPCO\MIP\PlatformPlugin\VideoOS.Platform\src\Proxy\ConfigApi\ConfigurationApiItemWrapper.cs:line 110&#xD;
   at VideoOS.Platform.ConfigurationItems.Factory.IsItemTypeSupported(ServerId serverId, String itemType) in D:\actions-runner\_work\XPCO\XPCO\MIP\PlatformPlugin\VideoOS.Platform\src\ConfigurationItems\Factory.cs:line 464&#xD;
MIP: Error: ConfigurationApiItemWrapper (): ConfigAPI GetItem(): System.NotImplementedException, The method or operation is not implemented.&#xD;
MIP: Error: Factory.IsItemTypeSupported (): Exception source:      VideoOS.Platform.SDK.UnitTests&#xD;
Exception type:        System.NotImplementedException&#xD;
Exception message:     The method or operation is not implemented.&#xD;
Exception target site: GetItem&#xD;
   at VideoOS.Platform.SDKUnittest.EnvironmentTests.TestConfigurationClientService.GetItem(String path) in D:\actions-runner\_work\XPCO\XPCO\MIP\MIPSDK\tst\VideoOS.Platform.SDK.UnitTests\EnvironmentTests\TestsWithCorporateShimsBase.cs:line 227&#xD;
   at VideoOS.Platform.Proxy.ConfigApi.ConfigurationApiItemWrapper..ctor(ServerId serverId, String path) in D:\actions-runner\_work\XPCO\XPCO\MIP\PlatformPlugin\VideoOS.Platform\src\Proxy\ConfigApi\ConfigurationApiItemWrapper.cs:line 110&#xD;
   at VideoOS.Platform.ConfigurationItems.Factory.IsItemTypeSupported(ServerId serverId, String itemType) in D:\actions-runner\_work\XPCO\XPCO\MIP\PlatformPlugin\VideoOS.Platform\src\ConfigurationItems\Factory.cs:line 464&#xD;
&#xD;
Factory.IsItemTypeSupportedFactory.IsItemTypeSupported ()The method or operation is not implemented.   at VideoOS.Platform.SDKUnittest.EnvironmentTests.TestConfigurationClientService.GetItem(String path) in D:\actions-runner\_work\XPCO\XPCO\MIP\MIPSDK\tst\VideoOS.Platform.SDK.UnitTests\EnvironmentTests\TestsWithCorporateShimsBase.cs:line 227&#xD;
   at VideoOS.Platform.Proxy.ConfigApi.ConfigurationApiItemWrapper..ctor(ServerId serverId, String path) in D:\actions-runner\_work\XPCO\XPCO\MIP\PlatformPlugin\VideoOS.Platform\src\Proxy\ConfigApi\ConfigurationApiItemWrapper.cs:line 110&#xD;
   at VideoOS.Platform.ConfigurationItems.Factory.IsItemTypeSupported(ServerId serverId, String itemType) in D:\actions-runner\_work\XPCO\XPCO\MIP\PlatformPlugin\VideoOS.Platform\src\ConfigurationItems\Factory.cs:line 464&#xD;
MIP: Error: LoginServerOauth (): https://1.2.3.5:55/ManagementServer/ServerCommandServiceOAuth.svc The method or operation is not implemented.&#xD;
MIP: Error: ConfigurationApiItemWrapper (): ConfigAPI GetItem(): System.NotImplementedException, The method or operation is not implemented.&#xD;
MIP: Error: Factory.IsItemTypeSupported (): Exception source:      VideoOS.Platform.SDK.UnitTests&#xD;
Exception type:        System.NotImplementedException&#xD;
Exception message:     The method or operation is not implemented.&#xD;
Exception target site: GetItem&#xD;
   at VideoOS.Platform.SDKUnittest.EnvironmentTests.TestConfigurationClientService.GetItem(String path) in D:\actions-runner\_work\XPCO\XPCO\MIP\MIPSDK\tst\VideoOS.Platform.SDK.UnitTests\EnvironmentTests\TestsWithCorporateShimsBase.cs:line 227&#xD;
   at VideoOS.Platform.Proxy.ConfigApi.ConfigurationApiItemWrapper..ctor(ServerId serverId, String path) in D:\actions-runner\_work\XPCO\XPCO\MIP\PlatformPlugin\VideoOS.Platform\src\Proxy\ConfigApi\ConfigurationApiItemWrapper.cs:line 110&#xD;
   at VideoOS.Platform.ConfigurationItems.Factory.IsItemTypeSupported(ServerId serverId, String itemType) in D:\actions-runner\_work\XPCO\XPCO\MIP\PlatformPlugin\VideoOS.Platform\src\ConfigurationItems\Factory.cs:line 464&#xD;
&#xD;
Factory.IsItemTypeSupportedFactory.IsItemTypeSupported ()The method or operation is not implemented.   at VideoOS.Platform.SDKUnittest.EnvironmentTests.TestConfigurationClientService.GetItem(String path) in D:\actions-runner\_work\XPCO\XPCO\MIP\MIPSDK\tst\VideoOS.Platform.SDK.UnitTests\EnvironmentTests\TestsWithCorporateShimsBase.cs:line 227&#xD;
   at VideoOS.Platform.Proxy.ConfigApi.ConfigurationApiItemWrapper..ctor(ServerId serverId, String path) in D:\actions-runner\_work\XPCO\XPCO\MIP\PlatformPlugin\VideoOS.Platform\src\Proxy\ConfigApi\ConfigurationApiItemWrapper.cs:line 110&#xD;
   at VideoOS.Platform.ConfigurationItems.Factory.IsItemTypeSupported(ServerId serverId, String itemType) in D:\actions-runner\_work\XPCO\XPCO\MIP\PlatformPlugin\VideoOS.Platform\src\ConfigurationItems\Factory.cs:line 464&#xD;
MIP: Error: GetConfiguration (): CustomSetting not found for the given platformDefinitionId: e145597a-ecaf-40a1-99e6-14bb9d45a09e&#xD;
MIP: Error: ConfigurationApiItemWrapper (): ConfigAPI GetItem(): System.NotImplementedException, The method or operation is not implemented.&#xD;
MIP: Error: Factory.IsItemTypeSupported (): Exception source:      VideoOS.Platform.SDK.UnitTests&#xD;
Exception type:        System.NotImplementedException&#xD;
Exception message:     The method or operation is not implemented.&#xD;
Exception target site: GetItem&#xD;
   at VideoOS.Platform.SDKUnittest.EnvironmentTests.TestConfigurationClientService.GetItem(String path) in D:\actions-runner\_work\XPCO\XPCO\MIP\MIPSDK\tst\VideoOS.Platform.SDK.UnitTests\EnvironmentTests\TestsWithCorporateShimsBase.cs:line 227&#xD;
   at VideoOS.Platform.Proxy.ConfigApi.ConfigurationApiItemWrapper..ctor(ServerId serverId, String path) in D:\actions-runner\_work\XPCO\XPCO\MIP\PlatformPlugin\VideoOS.Platform\src\Proxy\ConfigApi\ConfigurationApiItemWrapper.cs:line 110&#xD;
   at VideoOS.Platform.ConfigurationItems.Factory.IsItemTypeSupported(ServerId serverId, String itemType) in D:\actions-runner\_work\XPCO\XPCO\MIP\PlatformPlugin\VideoOS.Platform\src\ConfigurationItems\Factory.cs:line 464&#xD;
&#xD;
Factory.IsItemTypeSupportedFactory.IsItemTypeSupported ()The method or operation is not implemented.   at VideoOS.Platform.SDKUnittest.EnvironmentTests.TestConfigurationClientService.GetItem(String path) in D:\actions-runner\_work\XPCO\XPCO\MIP\MIPSDK\tst\VideoOS.Platform.SDK.UnitTests\EnvironmentTests\TestsWithCorporateShimsBase.cs:line 227&#xD;
   at VideoOS.Platform.Proxy.ConfigApi.ConfigurationApiItemWrapper..ctor(ServerId serverId, String path) in D:\actions-runner\_work\XPCO\XPCO\MIP\PlatformPlugin\VideoOS.Platform\src\Proxy\ConfigApi\ConfigurationApiItemWrapper.cs:line 110&#xD;
   at VideoOS.Platform.ConfigurationItems.Factory.IsItemTypeSupported(ServerId serverId, String itemType) in D:\actions-runner\_work\XPCO\XPCO\MIP\PlatformPlugin\VideoOS.Platform\src\ConfigurationItems\Factory.cs:line 464&#xD;
MIP: Error: LoginServerOauth (): https://1.2.3.5:55/ManagementServer/ServerCommandServiceOAuth.svc The method or operation is not implemented.&#xD;
MIP: Error: ConfigurationApiItemWrapper (): ConfigAPI GetItem(): System.NotImplementedException, The method or operation is not implemented.&#xD;
MIP: Error: Factory.IsItemTypeSupported (): Exception source:      VideoOS.Platform.SDK.UnitTests&#xD;
Exception type:        System.NotImplementedException&#xD;
Exception message:     The method or operation is not implemented.&#xD;
Exception target site: GetItem&#xD;
   at VideoOS.Platform.SDKUnittest.EnvironmentTests.TestConfigurationClientService.GetItem(String path) in D:\actions-runner\_work\XPCO\XPCO\MIP\MIPSDK\tst\VideoOS.Platform.SDK.UnitTests\EnvironmentTests\TestsWithCorporateShimsBase.cs:line 227&#xD;
   at VideoOS.Platform.Proxy.ConfigApi.ConfigurationApiItemWrapper..ctor(ServerId serverId, String path) in D:\actions-runner\_work\XPCO\XPCO\MIP\PlatformPlugin\VideoOS.Platform\src\Proxy\ConfigApi\ConfigurationApiItemWrapper.cs:line 110&#xD;
   at VideoOS.Platform.ConfigurationItems.Factory.IsItemTypeSupported(ServerId serverId, String itemType) in D:\actions-runner\_work\XPCO\XPCO\MIP\PlatformPlugin\VideoOS.Platform\src\ConfigurationItems\Factory.cs:line 464&#xD;
&#xD;
Factory.IsItemTypeSupportedFactory.IsItemTypeSupported ()The method or operation is not implemented.   at VideoOS.Platform.SDKUnittest.EnvironmentTests.TestConfigurationClientService.GetItem(String path) in D:\actions-runner\_work\XPCO\XPCO\MIP\MIPSDK\tst\VideoOS.Platform.SDK.UnitTests\EnvironmentTests\TestsWithCorporateShimsBase.cs:line 227&#xD;
   at VideoOS.Platform.Proxy.ConfigApi.ConfigurationApiItemWrapper..ctor(ServerId serverId, String path) in D:\actions-runner\_work\XPCO\XPCO\MIP\PlatformPlugin\VideoOS.Platform\src\Proxy\ConfigApi\ConfigurationApiItemWrapper.cs:line 110&#xD;
   at VideoOS.Platform.ConfigurationItems.Factory.IsItemTypeSupported(ServerId serverId, String itemType) in D:\actions-runner\_work\XPCO\XPCO\MIP\PlatformPlugin\VideoOS.Platform\src\ConfigurationItems\Factory.cs:line 464&#xD;
MIP: Error: ConfigurationApiItemWrapper (): ConfigAPI GetItem(): System.NotImplementedException, The method or operation is not implemented.&#xD;
MIP: Error: Factory.IsItemTypeSupported (): Exception source:      VideoOS.Platform.SDK.UnitTests&#xD;
Exception type:        System.NotImplementedException&#xD;
Exception message:     The method or operation is not implemented.&#xD;
Exception target site: GetItem&#xD;
   at VideoOS.Platform.SDKUnittest.EnvironmentTests.TestConfigurationClientService.GetItem(String path) in D:\actions-runner\_work\XPCO\XPCO\MIP\MIPSDK\tst\VideoOS.Platform.SDK.UnitTests\EnvironmentTests\TestsWithCorporateShimsBase.cs:line 227&#xD;
   at VideoOS.Platform.Proxy.ConfigApi.ConfigurationApiItemWrapper..ctor(ServerId serverId, String path) in D:\actions-runner\_work\XPCO\XPCO\MIP\PlatformPlugin\VideoOS.Platform\src\Proxy\ConfigApi\ConfigurationApiItemWrapper.cs:line 110&#xD;
   at VideoOS.Platform.ConfigurationItems.Factory.IsItemTypeSupported(ServerId serverId, String itemType) in D:\actions-runner\_work\XPCO\XPCO\MIP\PlatformPlugin\VideoOS.Platform\src\ConfigurationItems\Factory.cs:line 464&#xD;
&#xD;
Factory.IsItemTypeSupportedFactory.IsItemTypeSupported ()The method or operation is not implemented.   at VideoOS.Platform.SDKUnittest.EnvironmentTests.TestConfigurationClientService.GetItem(String path) in D:\actions-runner\_work\XPCO\XPCO\MIP\MIPSDK\tst\VideoOS.Platform.SDK.UnitTests\EnvironmentTests\TestsWithCorporateShimsBase.cs:line 227&#xD;
   at VideoOS.Platform.Proxy.ConfigApi.ConfigurationApiItemWrapper..ctor(ServerId serverId, String path) in D:\actions-runner\_work\XPCO\XPCO\MIP\PlatformPlugin\VideoOS.Platform\src\Proxy\ConfigApi\ConfigurationApiItemWrapper.cs:line 110&#xD;
   at VideoOS.Platform.ConfigurationItems.Factory.IsItemTypeSupported(ServerId serverId, String itemType) in D:\actions-runner\_work\XPCO\XPCO\MIP\PlatformPlugin\VideoOS.Platform\src\ConfigurationItems\Factory.cs:line 464&#xD;
MIP: Error: LoginServerOauth (): https://1.2.3.5:55/ManagementServer/ServerCommandServiceOAuth.svc The method or operation is not implemented.&#xD;
MIP: Error: ConfigurationApiItemWrapper (): ConfigAPI GetItem(): System.NotImplementedException, The method or operation is not implemented.&#xD;
MIP: Error: Factory.IsItemTypeSupported (): Exception source:      VideoOS.Platform.SDK.UnitTests&#xD;
Exception type:        System.NotImplementedException&#xD;
Exception message:     The method or operation is not implemented.&#xD;
Exception target site: GetItem&#xD;
   at VideoOS.Platform.SDKUnittest.EnvironmentTests.TestConfigurationClientService.GetItem(String path) in D:\actions-runner\_work\XPCO\XPCO\MIP\MIPSDK\tst\VideoOS.Platform.SDK.UnitTests\EnvironmentTests\TestsWithCorporateShimsBase.cs:line 227&#xD;
   at VideoOS.Platform.Proxy.ConfigApi.ConfigurationApiItemWrapper..ctor(ServerId serverId, String path) in D:\actions-runner\_work\XPCO\XPCO\MIP\PlatformPlugin\VideoOS.Platform\src\Proxy\ConfigApi\ConfigurationApiItemWrapper.cs:line 110&#xD;
   at VideoOS.Platform.ConfigurationItems.Factory.IsItemTypeSupported(ServerId serverId, String itemType) in D:\actions-runner\_work\XPCO\XPCO\MIP\PlatformPlugin\VideoOS.Platform\src\ConfigurationItems\Factory.cs:line 464&#xD;
&#xD;
Factory.IsItemTypeSupportedFactory.IsItemTypeSupported ()The method or operation is not implemented.   at VideoOS.Platform.SDKUnittest.EnvironmentTests.TestConfigurationClientService.GetItem(String path) in D:\actions-runner\_work\XPCO\XPCO\MIP\MIPSDK\tst\VideoOS.Platform.SDK.UnitTests\EnvironmentTests\TestsWithCorporateShimsBase.cs:line 227&#xD;
   at VideoOS.Platform.Proxy.ConfigApi.ConfigurationApiItemWrapper..ctor(ServerId serverId, String path) in D:\actions-runner\_work\XPCO\XPCO\MIP\PlatformPlugin\VideoOS.Platform\src\Proxy\ConfigApi\ConfigurationApiItemWrapper.cs:line 110&#xD;
   at VideoOS.Platform.ConfigurationItems.Factory.IsItemTypeSupported(ServerId serverId, String itemType) in D:\actions-runner\_work\XPCO\XPCO\MIP\PlatformPlugin\VideoOS.Platform\src\ConfigurationItems\Factory.cs:line 464&#xD;
MIP: Error: GetConfiguration (): CustomSetting not found for the given platformDefinitionId: e145597a-ecaf-40a1-99e6-14bb9d45a09e&#xD;
MIP: Error: ConfigurationApiItemWrapper (): ConfigAPI GetItem(): System.NotImplementedException, The method or operation is not implemented.&#xD;
MIP: Error: Factory.IsItemTypeSupported (): Exception source:      VideoOS.Platform.SDK.UnitTests&#xD;
Exception type:        System.NotImplementedException&#xD;
Exception message:     The method or operation is not implemented.&#xD;
Exception target site: GetItem&#xD;
   at VideoOS.Platform.SDKUnittest.EnvironmentTests.TestConfigurationClientService.GetItem(String path) in D:\actions-runner\_work\XPCO\XPCO\MIP\MIPSDK\tst\VideoOS.Platform.SDK.UnitTests\EnvironmentTests\TestsWithCorporateShimsBase.cs:line 227&#xD;
   at VideoOS.Platform.Proxy.ConfigApi.ConfigurationApiItemWrapper..ctor(ServerId serverId, String path) in D:\actions-runner\_work\XPCO\XPCO\MIP\PlatformPlugin\VideoOS.Platform\src\Proxy\ConfigApi\ConfigurationApiItemWrapper.cs:line 110&#xD;
   at VideoOS.Platform.ConfigurationItems.Factory.IsItemTypeSupported(ServerId serverId, String itemType) in D:\actions-runner\_work\XPCO\XPCO\MIP\PlatformPlugin\VideoOS.Platform\src\ConfigurationItems\Factory.cs:line 464&#xD;
&#xD;
Factory.IsItemTypeSupportedFactory.IsItemTypeSupported ()The method or operation is not implemented.   at VideoOS.Platform.SDKUnittest.EnvironmentTests.TestConfigurationClientService.GetItem(String path) in D:\actions-runner\_work\XPCO\XPCO\MIP\MIPSDK\tst\VideoOS.Platform.SDK.UnitTests\EnvironmentTests\TestsWithCorporateShimsBase.cs:line 227&#xD;
   at VideoOS.Platform.Proxy.ConfigApi.ConfigurationApiItemWrapper..ctor(ServerId serverId, String path) in D:\actions-runner\_work\XPCO\XPCO\MIP\PlatformPlugin\VideoOS.Platform\src\Proxy\ConfigApi\ConfigurationApiItemWrapper.cs:line 110&#xD;
   at VideoOS.Platform.ConfigurationItems.Factory.IsItemTypeSupported(ServerId serverId, String itemType) in D:\actions-runner\_work\XPCO\XPCO\MIP\PlatformPlugin\VideoOS.Platform\src\ConfigurationItems\Factory.cs:line 464&#xD;
MIP: Error: LoginServerOauth (): https://1.2.3.5:55/ManagementServer/ServerCommandServiceOAuth.svc The method or operation is not implemented.&#xD;
MIP: Error: ConfigurationApiItemWrapper (): ConfigAPI GetItem(): System.NotImplementedException, The method or operation is not implemented.&#xD;
MIP: Error: Factory.IsItemTypeSupported (): Exception source:      VideoOS.Platform.SDK.UnitTests&#xD;
Exception type:        System.NotImplementedException&#xD;
Exception message:     The method or operation is not implemented.&#xD;
Exception target site: GetItem&#xD;
   at VideoOS.Platform.SDKUnittest.EnvironmentTests.TestConfigurationClientService.GetItem(String path) in D:\actions-runner\_work\XPCO\XPCO\MIP\MIPSDK\tst\VideoOS.Platform.SDK.UnitTests\EnvironmentTests\TestsWithCorporateShimsBase.cs:line 227&#xD;
   at VideoOS.Platform.Proxy.ConfigApi.ConfigurationApiItemWrapper..ctor(ServerId serverId, String path) in D:\actions-runner\_work\XPCO\XPCO\MIP\PlatformPlugin\VideoOS.Platform\src\Proxy\ConfigApi\ConfigurationApiItemWrapper.cs:line 110&#xD;
   at VideoOS.Platform.ConfigurationItems.Factory.IsItemTypeSupported(ServerId serverId, String itemType) in D:\actions-runner\_work\XPCO\XPCO\MIP\PlatformPlugin\VideoOS.Platform\src\ConfigurationItems\Factory.cs:line 464&#xD;
&#xD;
Factory.IsItemTypeSupportedFactory.IsItemTypeSupported ()The method or operation is not implemented.   at VideoOS.Platform.SDKUnittest.EnvironmentTests.TestConfigurationClientService.GetItem(String path) in D:\actions-runner\_work\XPCO\XPCO\MIP\MIPSDK\tst\VideoOS.Platform.SDK.UnitTests\EnvironmentTests\TestsWithCorporateShimsBase.cs:line 227&#xD;
   at VideoOS.Platform.Proxy.ConfigApi.ConfigurationApiItemWrapper..ctor(ServerId serverId, String path) in D:\actions-runner\_work\XPCO\XPCO\MIP\PlatformPlugin\VideoOS.Platform\src\Proxy\ConfigApi\ConfigurationApiItemWrapper.cs:line 110&#xD;
   at VideoOS.Platform.ConfigurationItems.Factory.IsItemTypeSupported(ServerId serverId, String itemType) in D:\actions-runner\_work\XPCO\XPCO\MIP\PlatformPlugin\VideoOS.Platform\src\ConfigurationItems\Factory.cs:line 464&#xD;
MIP: Error: ConfigurationApiItemWrapper (): ConfigAPI GetItem(): System.NotImplementedException, The method or operation is not implemented.&#xD;
MIP: Error: Factory.IsItemTypeSupported (): Exception source:      VideoOS.Platform.SDK.UnitTests&#xD;
Exception type:        System.NotImplementedException&#xD;
Exception message:     The method or operation is not implemented.&#xD;
Exception target site: GetItem&#xD;
   at VideoOS.Platform.SDKUnittest.EnvironmentTests.TestConfigurationClientService.GetItem(String path) in D:\actions-runner\_work\XPCO\XPCO\MIP\MIPSDK\tst\VideoOS.Platform.SDK.UnitTests\EnvironmentTests\TestsWithCorporateShimsBase.cs:line 227&#xD;
   at VideoOS.Platform.Proxy.ConfigApi.ConfigurationApiItemWrapper..ctor(ServerId serverId, String path) in D:\actions-runner\_work\XPCO\XPCO\MIP\PlatformPlugin\VideoOS.Platform\src\Proxy\ConfigApi\ConfigurationApiItemWrapper.cs:line 110&#xD;
   at VideoOS.Platform.ConfigurationItems.Factory.IsItemTypeSupported(ServerId serverId, String itemType) in D:\actions-runner\_work\XPCO\XPCO\MIP\PlatformPlugin\VideoOS.Platform\src\ConfigurationItems\Factory.cs:line 464&#xD;
&#xD;
Factory.IsItemTypeSupportedFactory.IsItemTypeSupported ()The method or operation is not implemented.   at VideoOS.Platform.SDKUnittest.EnvironmentTests.TestConfigurationClientService.GetItem(String path) in D:\actions-runner\_work\XPCO\XPCO\MIP\MIPSDK\tst\VideoOS.Platform.SDK.UnitTests\EnvironmentTests\TestsWithCorporateShimsBase.cs:line 227&#xD;
   at VideoOS.Platform.Proxy.ConfigApi.ConfigurationApiItemWrapper..ctor(ServerId serverId, String path) in D:\actions-runner\_work\XPCO\XPCO\MIP\PlatformPlugin\VideoOS.Platform\src\Proxy\ConfigApi\ConfigurationApiItemWrapper.cs:line 110&#xD;
   at VideoOS.Platform.ConfigurationItems.Factory.IsItemTypeSupported(ServerId serverId, String itemType) in D:\actions-runner\_work\XPCO\XPCO\MIP\PlatformPlugin\VideoOS.Platform\src\ConfigurationItems\Factory.cs:line 464&#xD;
MIP: Error: LoginServerOauth (): https://1.2.3.5:55/ManagementServer/ServerCommandServiceOAuth.svc The method or operation is not implemented.&#xD;
MIP: Error: ConfigurationApiItemWrapper (): ConfigAPI GetItem(): System.NotImplementedException, The method or operation is not implemented.&#xD;
MIP: Error: Factory.IsItemTypeSupported (): Exception source:      VideoOS.Platform.SDK.UnitTests&#xD;
Exception type:        System.NotImplementedException&#xD;
Exception message:     The method or operation is not implemented.&#xD;
Exception target site: GetItem&#xD;
   at VideoOS.Platform.SDKUnittest.EnvironmentTests.TestConfigurationClientService.GetItem(String path) in D:\actions-runner\_work\XPCO\XPCO\MIP\MIPSDK\tst\VideoOS.Platform.SDK.UnitTests\EnvironmentTests\TestsWithCorporateShimsBase.cs:line 227&#xD;
   at VideoOS.Platform.Proxy.ConfigApi.ConfigurationApiItemWrapper..ctor(ServerId serverId, String path) in D:\actions-runner\_work\XPCO\XPCO\MIP\PlatformPlugin\VideoOS.Platform\src\Proxy\ConfigApi\ConfigurationApiItemWrapper.cs:line 110&#xD;
   at VideoOS.Platform.ConfigurationItems.Factory.IsItemTypeSupported(ServerId serverId, String itemType) in D:\actions-runner\_work\XPCO\XPCO\MIP\PlatformPlugin\VideoOS.Platform\src\ConfigurationItems\Factory.cs:line 464&#xD;
&#xD;
Factory.IsItemTypeSupportedFactory.IsItemTypeSupported ()The method or operation is not implemented.   at VideoOS.Platform.SDKUnittest.EnvironmentTests.TestConfigurationClientService.GetItem(String path) in D:\actions-runner\_work\XPCO\XPCO\MIP\MIPSDK\tst\VideoOS.Platform.SDK.UnitTests\EnvironmentTests\TestsWithCorporateShimsBase.cs:line 227&#xD;
   at VideoOS.Platform.Proxy.ConfigApi.ConfigurationApiItemWrapper..ctor(ServerId serverId, String path) in D:\actions-runner\_work\XPCO\XPCO\MIP\PlatformPlugin\VideoOS.Platform\src\Proxy\ConfigApi\ConfigurationApiItemWrapper.cs:line 110&#xD;
   at VideoOS.Platform.ConfigurationItems.Factory.IsItemTypeSupported(ServerId serverId, String itemType) in D:\actions-runner\_work\XPCO\XPCO\MIP\PlatformPlugin\VideoOS.Platform\src\ConfigurationItems\Factory.cs:line 464&#xD;
MIP: Error: GetConfiguration (): CustomSetting not found for the given platformDefinitionId: e145597a-ecaf-40a1-99e6-14bb9d45a09e&#xD;
MIP: Error: ConfigurationApiItemWrapper (): ConfigAPI GetItem(): System.NotImplementedException, The method or operation is not implemented.&#xD;
MIP: Error: Factory.IsItemTypeSupported (): Exception source:      VideoOS.Platform.SDK.UnitTests&#xD;
Exception type:        System.NotImplementedException&#xD;
Exception message:     The method or operation is not implemented.&#xD;
Exception target site: GetItem&#xD;
   at VideoOS.Platform.SDKUnittest.EnvironmentTests.TestConfigurationClientService.GetItem(String path) in D:\actions-runner\_work\XPCO\XPCO\MIP\MIPSDK\tst\VideoOS.Platform.SDK.UnitTests\EnvironmentTests\TestsWithCorporateShimsBase.cs:line 227&#xD;
   at VideoOS.Platform.Proxy.ConfigApi.ConfigurationApiItemWrapper..ctor(ServerId serverId, String path) in D:\actions-runner\_work\XPCO\XPCO\MIP\PlatformPlugin\VideoOS.Platform\src\Proxy\ConfigApi\ConfigurationApiItemWrapper.cs:line 110&#xD;
   at VideoOS.Platform.ConfigurationItems.Factory.IsItemTypeSupported(ServerId serverId, String itemType) in D:\actions-runner\_work\XPCO\XPCO\MIP\PlatformPlugin\VideoOS.Platform\src\ConfigurationItems\Factory.cs:line 464&#xD;
&#xD;
Factory.IsItemTypeSupportedFactory.IsItemTypeSupported ()The method or operation is not implemented.   at VideoOS.Platform.SDKUnittest.EnvironmentTests.TestConfigurationClientService.GetItem(String path) in D:\actions-runner\_work\XPCO\XPCO\MIP\MIPSDK\tst\VideoOS.Platform.SDK.UnitTests\EnvironmentTests\TestsWithCorporateShimsBase.cs:line 227&#xD;
   at VideoOS.Platform.Proxy.ConfigApi.ConfigurationApiItemWrapper..ctor(ServerId serverId, String path) in D:\actions-runner\_work\XPCO\XPCO\MIP\PlatformPlugin\VideoOS.Platform\src\Proxy\ConfigApi\ConfigurationApiItemWrapper.cs:line 110&#xD;
   at VideoOS.Platform.ConfigurationItems.Factory.IsItemTypeSupported(ServerId serverId, String itemType) in D:\actions-runner\_work\XPCO\XPCO\MIP\PlatformPlugin\VideoOS.Platform\src\ConfigurationItems\Factory.cs:line 464&#xD;
MIP: Error: LoginServerOauth (): https://1.2.3.5:55/ManagementServer/ServerCommandServiceOAuth.svc The method or operation is not implemented.&#xD;
MIP: Error: ConfigurationApiItemWrapper (): ConfigAPI GetItem(): System.NotImplementedException, The method or operation is not implemented.&#xD;
MIP: Error: Factory.IsItemTypeSupported (): Exception source:      VideoOS.Platform.SDK.UnitTests&#xD;
Exception type:        System.NotImplementedException&#xD;
Exception message:     The method or operation is not implemented.&#xD;
Exception target site: GetItem&#xD;
   at VideoOS.Platform.SDKUnittest.EnvironmentTests.TestConfigurationClientService.GetItem(String path) in D:\actions-runner\_work\XPCO\XPCO\MIP\MIPSDK\tst\VideoOS.Platform.SDK.UnitTests\EnvironmentTests\TestsWithCorporateShimsBase.cs:line 227&#xD;
   at VideoOS.Platform.Proxy.ConfigApi.ConfigurationApiItemWrapper..ctor(ServerId serverId, String path) in D:\actions-runner\_work\XPCO\XPCO\MIP\PlatformPlugin\VideoOS.Platform\src\Proxy\ConfigApi\ConfigurationApiItemWrapper.cs:line 110&#xD;
   at VideoOS.Platform.ConfigurationItems.Factory.IsItemTypeSupported(ServerId serverId, String itemType) in D:\actions-runner\_work\XPCO\XPCO\MIP\PlatformPlugin\VideoOS.Platform\src\ConfigurationItems\Factory.cs:line 464&#xD;
&#xD;
Factory.IsItemTypeSupportedFactory.IsItemTypeSupported ()The method or operation is not implemented.   at VideoOS.Platform.SDKUnittest.EnvironmentTests.TestConfigurationClientService.GetItem(String path) in D:\actions-runner\_work\XPCO\XPCO\MIP\MIPSDK\tst\VideoOS.Platform.SDK.UnitTests\EnvironmentTests\TestsWithCorporateShimsBase.cs:line 227&#xD;
   at VideoOS.Platform.Proxy.ConfigApi.ConfigurationApiItemWrapper..ctor(ServerId serverId, String path) in D:\actions-runner\_work\XPCO\XPCO\MIP\PlatformPlugin\VideoOS.Platform\src\Proxy\ConfigApi\ConfigurationApiItemWrapper.cs:line 110&#xD;
   at VideoOS.Platform.ConfigurationItems.Factory.IsItemTypeSupported(ServerId serverId, String itemType) in D:\actions-runner\_work\XPCO\XPCO\MIP\PlatformPlugin\VideoOS.Platform\src\ConfigurationItems\Factory.cs:line 464&#xD;
MIP: Error: ConfigurationApiItemWrapper (): ConfigAPI GetItem(): System.NotImplementedException, The method or operation is not implemented.&#xD;
MIP: Error: Factory.IsItemTypeSupported (): Exception source:      VideoOS.Platform.SDK.UnitTests&#xD;
Exception type:        System.NotImplementedException&#xD;
Exception message:     The method or operation is not implemented.&#xD;
Exception target site: GetItem&#xD;
   at VideoOS.Platform.SDKUnittest.EnvironmentTests.TestConfigurationClientService.GetItem(String path) in D:\actions-runner\_work\XPCO\XPCO\MIP\MIPSDK\tst\VideoOS.Platform.SDK.UnitTests\EnvironmentTests\TestsWithCorporateShimsBase.cs:line 227&#xD;
   at VideoOS.Platform.Proxy.ConfigApi.ConfigurationApiItemWrapper..ctor(ServerId serverId, String path) in D:\actions-runner\_work\XPCO\XPCO\MIP\PlatformPlugin\VideoOS.Platform\src\Proxy\ConfigApi\ConfigurationApiItemWrapper.cs:line 110&#xD;
   at VideoOS.Platform.ConfigurationItems.Factory.IsItemTypeSupported(ServerId serverId, String itemType) in D:\actions-runner\_work\XPCO\XPCO\MIP\PlatformPlugin\VideoOS.Platform\src\ConfigurationItems\Factory.cs:line 464&#xD;
&#xD;
Factory.IsItemTypeSupportedFactory.IsItemTypeSupported ()The method or operation is not implemented.   at VideoOS.Platform.SDKUnittest.EnvironmentTests.TestConfigurationClientService.GetItem(String path) in D:\actions-runner\_work\XPCO\XPCO\MIP\MIPSDK\tst\VideoOS.Platform.SDK.UnitTests\EnvironmentTests\TestsWithCorporateShimsBase.cs:line 227&#xD;
   at VideoOS.Platform.Proxy.ConfigApi.ConfigurationApiItemWrapper..ctor(ServerId serverId, String path) in D:\actions-runner\_work\XPCO\XPCO\MIP\PlatformPlugin\VideoOS.Platform\src\Proxy\ConfigApi\ConfigurationApiItemWrapper.cs:line 110&#xD;
   at VideoOS.Platform.ConfigurationItems.Factory.IsItemTypeSupported(ServerId serverId, String itemType) in D:\actions-runner\_work\XPCO\XPCO\MIP\PlatformPlugin\VideoOS.Platform\src\ConfigurationItems\Factory.cs:line 464&#xD;
MIP: Error: LoginServerOauth (): https://1.2.3.5:55/ManagementServer/ServerCommandServiceOAuth.svc The method or operation is not implemented.&#xD;
MIP: Error: ConfigurationApiItemWrapper (): ConfigAPI GetItem(): System.NotImplementedException, The method or operation is not implemented.&#xD;
MIP: Error: Factory.IsItemTypeSupported (): Exception source:      VideoOS.Platform.SDK.UnitTests&#xD;
Exception type:        System.NotImplementedException&#xD;
Exception message:     The method or operation is not implemented.&#xD;
Exception target site: GetItem&#xD;
   at VideoOS.Platform.SDKUnittest.EnvironmentTests.TestConfigurationClientService.GetItem(String path) in D:\actions-runner\_work\XPCO\XPCO\MIP\MIPSDK\tst\VideoOS.Platform.SDK.UnitTests\EnvironmentTests\TestsWithCorporateShimsBase.cs:line 227&#xD;
   at VideoOS.Platform.Proxy.ConfigApi.ConfigurationApiItemWrapper..ctor(ServerId serverId, String path) in D:\actions-runner\_work\XPCO\XPCO\MIP\PlatformPlugin\VideoOS.Platform\src\Proxy\ConfigApi\ConfigurationApiItemWrapper.cs:line 110&#xD;
   at VideoOS.Platform.ConfigurationItems.Factory.IsItemTypeSupported(ServerId serverId, String itemType) in D:\actions-runner\_work\XPCO\XPCO\MIP\PlatformPlugin\VideoOS.Platform\src\ConfigurationItems\Factory.cs:line 464&#xD;
&#xD;
Factory.IsItemTypeSupportedFactory.IsItemTypeSupported ()The method or operation is not implemented.   at VideoOS.Platform.SDKUnittest.EnvironmentTests.TestConfigurationClientService.GetItem(String path) in D:\actions-runner\_work\XPCO\XPCO\MIP\MIPSDK\tst\VideoOS.Platform.SDK.UnitTests\EnvironmentTests\TestsWithCorporateShimsBase.cs:line 227&#xD;
   at VideoOS.Platform.Proxy.ConfigApi.ConfigurationApiItemWrapper..ctor(ServerId serverId, String path) in D:\actions-runner\_work\XPCO\XPCO\MIP\PlatformPlugin\VideoOS.Platform\src\Proxy\ConfigApi\ConfigurationApiItemWrapper.cs:line 110&#xD;
   at VideoOS.Platform.ConfigurationItems.Factory.IsItemTypeSupported(ServerId serverId, String itemType) in D:\actions-runner\_work\XPCO\XPCO\MIP\PlatformPlugin\VideoOS.Platform\src\ConfigurationItems\Factory.cs:line 464&#xD;
MIP: Error: GetConfiguration (): CustomSetting not found for the given platformDefinitionId: e145597a-ecaf-40a1-99e6-14bb9d45a09e&#xD;
MIP: Error: ConfigurationApiItemWrapper (): ConfigAPI GetItem(): System.NotImplementedException, The method or operation is not implemented.&#xD;
MIP: Error: Factory.IsItemTypeSupported (): Exception source:      VideoOS.Platform.SDK.UnitTests&#xD;
Exception type:        System.NotImplementedException&#xD;
Exception message:     The method or operation is not implemented.&#xD;
Exception target site: GetItem&#xD;
   at VideoOS.Platform.SDKUnittest.EnvironmentTests.TestConfigurationClientService.GetItem(String path) in D:\actions-runner\_work\XPCO\XPCO\MIP\MIPSDK\tst\VideoOS.Platform.SDK.UnitTests\EnvironmentTests\TestsWithCorporateShimsBase.cs:line 227&#xD;
   at VideoOS.Platform.Proxy.ConfigApi.ConfigurationApiItemWrapper..ctor(ServerId serverId, String path) in D:\actions-runner\_work\XPCO\XPCO\MIP\PlatformPlugin\VideoOS.Platform\src\Proxy\ConfigApi\ConfigurationApiItemWrapper.cs:line 110&#xD;
   at VideoOS.Platform.ConfigurationItems.Factory.IsItemTypeSupported(ServerId serverId, String itemType) in D:\actions-runner\_work\XPCO\XPCO\MIP\PlatformPlugin\VideoOS.Platform\src\ConfigurationItems\Factory.cs:line 464&#xD;
&#xD;
Factory.IsItemTypeSupportedFactory.IsItemTypeSupported ()The method or operation is not implemented.   at VideoOS.Platform.SDKUnittest.EnvironmentTests.TestConfigurationClientService.GetItem(String path) in D:\actions-runner\_work\XPCO\XPCO\MIP\MIPSDK\tst\VideoOS.Platform.SDK.UnitTests\EnvironmentTests\TestsWithCorporateShimsBase.cs:line 227&#xD;
   at VideoOS.Platform.Proxy.ConfigApi.ConfigurationApiItemWrapper..ctor(ServerId serverId, String path) in D:\actions-runner\_work\XPCO\XPCO\MIP\PlatformPlugin\VideoOS.Platform\src\Proxy\ConfigApi\ConfigurationApiItemWrapper.cs:line 110&#xD;
   at VideoOS.Platform.ConfigurationItems.Factory.IsItemTypeSupported(ServerId serverId, String itemType) in D:\actions-runner\_work\XPCO\XPCO\MIP\PlatformPlugin\VideoOS.Platform\src\ConfigurationItems\Factory.cs:line 464&#xD;
MIP: Error: LoginServerOauth (): https://1.2.3.5:55/ManagementServer/ServerCommandServiceOAuth.svc The method or operation is not implemented.&#xD;
MIP: Error: ConfigurationApiItemWrapper (): ConfigAPI GetItem(): System.NotImplementedException, The method or operation is not implemented.&#xD;
MIP: Error: Factory.IsItemTypeSupported (): Exception source:      VideoOS.Platform.SDK.UnitTests&#xD;
Exception type:        System.NotImplementedException&#xD;
Exception message:     The method or operation is not implemented.&#xD;
Exception target site: GetItem&#xD;
   at VideoOS.Platform.SDKUnittest.EnvironmentTests.TestConfigurationClientService.GetItem(String path) in D:\actions-runner\_work\XPCO\XPCO\MIP\MIPSDK\tst\VideoOS.Platform.SDK.UnitTests\EnvironmentTests\TestsWithCorporateShimsBase.cs:line 227&#xD;
   at VideoOS.Platform.Proxy.ConfigApi.ConfigurationApiItemWrapper..ctor(ServerId serverId, String path) in D:\actions-runner\_work\XPCO\XPCO\MIP\PlatformPlugin\VideoOS.Platform\src\Proxy\ConfigApi\ConfigurationApiItemWrapper.cs:line 110&#xD;
   at VideoOS.Platform.ConfigurationItems.Factory.IsItemTypeSupported(ServerId serverId, String itemType) in D:\actions-runner\_work\XPCO\XPCO\MIP\PlatformPlugin\VideoOS.Platform\src\ConfigurationItems\Factory.cs:line 464&#xD;
&#xD;
Factory.IsItemTypeSupportedFactory.IsItemTypeSupported ()The method or operation is not implemented.   at VideoOS.Platform.SDKUnittest.EnvironmentTests.TestConfigurationClientService.GetItem(String path) in D:\actions-runner\_work\XPCO\XPCO\MIP\MIPSDK\tst\VideoOS.Platform.SDK.UnitTests\EnvironmentTests\TestsWithCorporateShimsBase.cs:line 227&#xD;
   at VideoOS.Platform.Proxy.ConfigApi.ConfigurationApiItemWrapper..ctor(ServerId serverId, String path) in D:\actions-runner\_work\XPCO\XPCO\MIP\PlatformPlugin\VideoOS.Platform\src\Proxy\ConfigApi\ConfigurationApiItemWrapper.cs:line 110&#xD;
   at VideoOS.Platform.ConfigurationItems.Factory.IsItemTypeSupported(ServerId serverId, String itemType) in D:\actions-runner\_work\XPCO\XPCO\MIP\PlatformPlugin\VideoOS.Platform\src\ConfigurationItems\Factory.cs:line 464&#xD;
MIP: Error: ConfigurationApiItemWrapper (): ConfigAPI GetItem(): System.NotImplementedException, The method or operation is not implemented.&#xD;
MIP: Error: Factory.IsItemTypeSupported (): Exception source:      VideoOS.Platform.SDK.UnitTests&#xD;
Exception type:        System.NotImplementedException&#xD;
Exception message:     The method or operation is not implemented.&#xD;
Exception target site: GetItem&#xD;
   at VideoOS.Platform.SDKUnittest.EnvironmentTests.TestConfigurationClientService.GetItem(String path) in D:\actions-runner\_work\XPCO\XPCO\MIP\MIPSDK\tst\VideoOS.Platform.SDK.UnitTests\EnvironmentTests\TestsWithCorporateShimsBase.cs:line 227&#xD;
   at VideoOS.Platform.Proxy.ConfigApi.ConfigurationApiItemWrapper..ctor(ServerId serverId, String path) in D:\actions-runner\_work\XPCO\XPCO\MIP\PlatformPlugin\VideoOS.Platform\src\Proxy\ConfigApi\ConfigurationApiItemWrapper.cs:line 110&#xD;
   at VideoOS.Platform.ConfigurationItems.Factory.IsItemTypeSupported(ServerId serverId, String itemType) in D:\actions-runner\_work\XPCO\XPCO\MIP\PlatformPlugin\VideoOS.Platform\src\ConfigurationItems\Factory.cs:line 464&#xD;
&#xD;
Factory.IsItemTypeSupportedFactory.IsItemTypeSupported ()The method or operation is not implemented.   at VideoOS.Platform.SDKUnittest.EnvironmentTests.TestConfigurationClientService.GetItem(String path) in D:\actions-runner\_work\XPCO\XPCO\MIP\MIPSDK\tst\VideoOS.Platform.SDK.UnitTests\EnvironmentTests\TestsWithCorporateShimsBase.cs:line 227&#xD;
   at VideoOS.Platform.Proxy.ConfigApi.ConfigurationApiItemWrapper..ctor(ServerId serverId, String path) in D:\actions-runner\_work\XPCO\XPCO\MIP\PlatformPlugin\VideoOS.Platform\src\Proxy\ConfigApi\ConfigurationApiItemWrapper.cs:line 110&#xD;
   at VideoOS.Platform.ConfigurationItems.Factory.IsItemTypeSupported(ServerId serverId, String itemType) in D:\actions-runner\_work\XPCO\XPCO\MIP\PlatformPlugin\VideoOS.Platform\src\ConfigurationItems\Factory.cs:line 464&#xD;
MIP: Error: ConfigurationApiItemWrapper (): ConfigAPI GetItem(): System.NotImplementedException, The method or operation is not implemented.&#xD;
MIP: Error: Factory.IsItemTypeSupported (): Exception source:      VideoOS.Platform.SDK.UnitTests&#xD;
Exception type:        System.NotImplementedException&#xD;
Exception message:     The method or operation is not implemented.&#xD;
Exception target site: GetItem&#xD;
   at VideoOS.Platform.SDKUnittest.EnvironmentTests.TestConfigurationClientService.GetItem(String path) in D:\actions-runner\_work\XPCO\XPCO\MIP\MIPSDK\tst\VideoOS.Platform.SDK.UnitTests\EnvironmentTests\TestsWithCorporateShimsBase.cs:line 227&#xD;
   at VideoOS.Platform.Proxy.ConfigApi.ConfigurationApiItemWrapper..ctor(ServerId serverId, String path) in D:\actions-runner\_work\XPCO\XPCO\MIP\PlatformPlugin\VideoOS.Platform\src\Proxy\ConfigApi\ConfigurationApiItemWrapper.cs:line 110&#xD;
   at VideoOS.Platform.ConfigurationItems.Factory.IsItemTypeSupported(ServerId serverId, String itemType) in D:\actions-runner\_work\XPCO\XPCO\MIP\PlatformPlugin\VideoOS.Platform\src\ConfigurationItems\Factory.cs:line 464&#xD;
&#xD;
Factory.IsItemTypeSupportedFactory.IsItemTypeSupported ()The method or operation is not implemented.   at VideoOS.Platform.SDKUnittest.EnvironmentTests.TestConfigurationClientService.GetItem(String path) in D:\actions-runner\_work\XPCO\XPCO\MIP\MIPSDK\tst\VideoOS.Platform.SDK.UnitTests\EnvironmentTests\TestsWithCorporateShimsBase.cs:line 227&#xD;
   at VideoOS.Platform.Proxy.ConfigApi.ConfigurationApiItemWrapper..ctor(ServerId serverId, String path) in D:\actions-runner\_work\XPCO\XPCO\MIP\PlatformPlugin\VideoOS.Platform\src\Proxy\ConfigApi\ConfigurationApiItemWrapper.cs:line 110&#xD;
   at VideoOS.Platform.ConfigurationItems.Factory.IsItemTypeSupported(ServerId serverId, String itemType) in D:\actions-runner\_work\XPCO\XPCO\MIP\PlatformPlugin\VideoOS.Platform\src\ConfigurationItems\Factory.cs:line 464&#xD;
MIP: Error: ConfigurationApiItemWrapper (): ConfigAPI GetItem(): System.NotImplementedException, The method or operation is not implemented.&#xD;
MIP: Error: Factory.IsItemTypeSupported (): Exception source:      VideoOS.Platform.SDK.UnitTests&#xD;
Exception type:        System.NotImplementedException&#xD;
Exception message:     The method or operation is not implemented.&#xD;
Exception target site: GetItem&#xD;
   at VideoOS.Platform.SDKUnittest.EnvironmentTests.TestConfigurationClientService.GetItem(String path) in D:\actions-runner\_work\XPCO\XPCO\MIP\MIPSDK\tst\VideoOS.Platform.SDK.UnitTests\EnvironmentTests\TestsWithCorporateShimsBase.cs:line 227&#xD;
   at VideoOS.Platform.Proxy.ConfigApi.ConfigurationApiItemWrapper..ctor(ServerId serverId, String path) in D:\actions-runner\_work\XPCO\XPCO\MIP\PlatformPlugin\VideoOS.Platform\src\Proxy\ConfigApi\ConfigurationApiItemWrapper.cs:line 110&#xD;
   at VideoOS.Platform.ConfigurationItems.Factory.IsItemTypeSupported(ServerId serverId, String itemType) in D:\actions-runner\_work\XPCO\XPCO\MIP\PlatformPlugin\VideoOS.Platform\src\ConfigurationItems\Factory.cs:line 464&#xD;
&#xD;
Factory.IsItemTypeSupportedFactory.IsItemTypeSupported ()The method or operation is not implemented.   at VideoOS.Platform.SDKUnittest.EnvironmentTests.TestConfigurationClientService.GetItem(String path) in D:\actions-runner\_work\XPCO\XPCO\MIP\MIPSDK\tst\VideoOS.Platform.SDK.UnitTests\EnvironmentTests\TestsWithCorporateShimsBase.cs:line 227&#xD;
   at VideoOS.Platform.Proxy.ConfigApi.ConfigurationApiItemWrapper..ctor(ServerId serverId, String path) in D:\actions-runner\_work\XPCO\XPCO\MIP\PlatformPlugin\VideoOS.Platform\src\Proxy\ConfigApi\ConfigurationApiItemWrapper.cs:line 110&#xD;
   at VideoOS.Platform.ConfigurationItems.Factory.IsItemTypeSupported(ServerId serverId, String itemType) in D:\actions-runner\_work\XPCO\XPCO\MIP\PlatformPlugin\VideoOS.Platform\src\ConfigurationItems\Factory.cs:line 464&#xD;
MIP: Error: ConfigurationApiItemWrapper (): ConfigAPI GetItem(): System.NotImplementedException, The method or operation is not implemented.&#xD;
MIP: Error: Factory.IsItemTypeSupported (): Exception source:      VideoOS.Platform.SDK.UnitTests&#xD;
Exception type:        System.NotImplementedException&#xD;
Exception message:     The method or operation is not implemented.&#xD;
Exception target site: GetItem&#xD;
   at VideoOS.Platform.SDKUnittest.EnvironmentTests.TestConfigurationClientService.GetItem(String path) in D:\actions-runner\_work\XPCO\XPCO\MIP\MIPSDK\tst\VideoOS.Platform.SDK.UnitTests\EnvironmentTests\TestsWithCorporateShimsBase.cs:line 227&#xD;
   at VideoOS.Platform.Proxy.ConfigApi.ConfigurationApiItemWrapper..ctor(ServerId serverId, String path) in D:\actions-runner\_work\XPCO\XPCO\MIP\PlatformPlugin\VideoOS.Platform\src\Proxy\ConfigApi\ConfigurationApiItemWrapper.cs:line 110&#xD;
   at VideoOS.Platform.ConfigurationItems.Factory.IsItemTypeSupported(ServerId serverId, String itemType) in D:\actions-runner\_work\XPCO\XPCO\MIP\PlatformPlugin\VideoOS.Platform\src\ConfigurationItems\Factory.cs:line 464&#xD;
&#xD;
Factory.IsItemTypeSupportedFactory.IsItemTypeSupported ()The method or operation is not implemented.   at VideoOS.Platform.SDKUnittest.EnvironmentTests.TestConfigurationClientService.GetItem(String path) in D:\actions-runner\_work\XPCO\XPCO\MIP\MIPSDK\tst\VideoOS.Platform.SDK.UnitTests\EnvironmentTests\TestsWithCorporateShimsBase.cs:line 227&#xD;
   at VideoOS.Platform.Proxy.ConfigApi.ConfigurationApiItemWrapper..ctor(ServerId serverId, String path) in D:\actions-runner\_work\XPCO\XPCO\MIP\PlatformPlugin\VideoOS.Platform\src\Proxy\ConfigApi\ConfigurationApiItemWrapper.cs:line 110&#xD;
   at VideoOS.Platform.ConfigurationItems.Factory.IsItemTypeSupported(ServerId serverId, String itemType) in D:\actions-runner\_work\XPCO\XPCO\MIP\PlatformPlugin\VideoOS.Platform\src\ConfigurationItems\Factory.cs:line 464&#xD;
MIP: Error: ConfigurationApiItemWrapper (): ConfigAPI GetItem(): System.NotImplementedException, The method or operation is not implemented.&#xD;
MIP: Error: Factory.IsItemTypeSupported (): Exception source:      VideoOS.Platform.SDK.UnitTests&#xD;
Exception type:        System.NotImplementedException&#xD;
Exception message:     The method or operation is not implemented.&#xD;
Exception target site: GetItem&#xD;
   at VideoOS.Platform.SDKUnittest.EnvironmentTests.TestConfigurationClientService.GetItem(String path) in D:\actions-runner\_work\XPCO\XPCO\MIP\MIPSDK\tst\VideoOS.Platform.SDK.UnitTests\EnvironmentTests\TestsWithCorporateShimsBase.cs:line 227&#xD;
   at VideoOS.Platform.Proxy.ConfigApi.ConfigurationApiItemWrapper..ctor(ServerId serverId, String path) in D:\actions-runner\_work\XPCO\XPCO\MIP\PlatformPlugin\VideoOS.Platform\src\Proxy\ConfigApi\ConfigurationApiItemWrapper.cs:line 110&#xD;
   at VideoOS.Platform.ConfigurationItems.Factory.IsItemTypeSupported(ServerId serverId, String itemType) in D:\actions-runner\_work\XPCO\XPCO\MIP\PlatformPlugin\VideoOS.Platform\src\ConfigurationItems\Factory.cs:line 464&#xD;
&#xD;
Factory.IsItemTypeSupportedFactory.IsItemTypeSupported ()The method or operation is not implemented.   at VideoOS.Platform.SDKUnittest.EnvironmentTests.TestConfigurationClientService.GetItem(String path) in D:\actions-runner\_work\XPCO\XPCO\MIP\MIPSDK\tst\VideoOS.Platform.SDK.UnitTests\EnvironmentTests\TestsWithCorporateShimsBase.cs:line 227&#xD;
   at VideoOS.Platform.Proxy.ConfigApi.ConfigurationApiItemWrapper..ctor(ServerId serverId, String path) in D:\actions-runner\_work\XPCO\XPCO\MIP\PlatformPlugin\VideoOS.Platform\src\Proxy\ConfigApi\ConfigurationApiItemWrapper.cs:line 110&#xD;
   at VideoOS.Platform.ConfigurationItems.Factory.IsItemTypeSupported(ServerId serverId, String itemType) in D:\actions-runner\_work\XPCO\XPCO\MIP\PlatformPlugin\VideoOS.Platform\src\ConfigurationItems\Factory.cs:line 464&#xD;
MIP: Error: ConfigurationApiItemWrapper (): ConfigAPI GetItem(): System.NotImplementedException, The method or operation is not implemented.&#xD;
MIP: Error: Factory.IsItemTypeSupported (): Exception source:      VideoOS.Platform.SDK.UnitTests&#xD;
Exception type:        System.NotImplementedException&#xD;
Exception message:     The method or operation is not implemented.&#xD;
Exception target site: GetItem&#xD;
   at VideoOS.Platform.SDKUnittest.EnvironmentTests.TestConfigurationClientService.GetItem(String path) in D:\actions-runner\_work\XPCO\XPCO\MIP\MIPSDK\tst\VideoOS.Platform.SDK.UnitTests\EnvironmentTests\TestsWithCorporateShimsBase.cs:line 227&#xD;
   at VideoOS.Platform.Proxy.ConfigApi.ConfigurationApiItemWrapper..ctor(ServerId serverId, String path) in D:\actions-runner\_work\XPCO\XPCO\MIP\PlatformPlugin\VideoOS.Platform\src\Proxy\ConfigApi\ConfigurationApiItemWrapper.cs:line 110&#xD;
   at VideoOS.Platform.ConfigurationItems.Factory.IsItemTypeSupported(ServerId serverId, String itemType) in D:\actions-runner\_work\XPCO\XPCO\MIP\PlatformPlugin\VideoOS.Platform\src\ConfigurationItems\Factory.cs:line 464&#xD;
&#xD;
Factory.IsItemTypeSupportedFactory.IsItemTypeSupported ()The method or operation is not implemented.   at VideoOS.Platform.SDKUnittest.EnvironmentTests.TestConfigurationClientService.GetItem(String path) in D:\actions-runner\_work\XPCO\XPCO\MIP\MIPSDK\tst\VideoOS.Platform.SDK.UnitTests\EnvironmentTests\TestsWithCorporateShimsBase.cs:line 227&#xD;
   at VideoOS.Platform.Proxy.ConfigApi.ConfigurationApiItemWrapper..ctor(ServerId serverId, String path) in D:\actions-runner\_work\XPCO\XPCO\MIP\PlatformPlugin\VideoOS.Platform\src\Proxy\ConfigApi\ConfigurationApiItemWrapper.cs:line 110&#xD;
   at VideoOS.Platform.ConfigurationItems.Factory.IsItemTypeSupported(ServerId serverId, String itemType) in D:\actions-runner\_work\XPCO\XPCO\MIP\PlatformPlugin\VideoOS.Platform\src\ConfigurationItems\Factory.cs:line 464&#xD;
MIP: Error: ConfigurationApiItemWrapper (): ConfigAPI GetItem(): System.NotImplementedException, The method or operation is not implemented.&#xD;
MIP: Error: Factory.IsItemTypeSupported (): Exception source:      VideoOS.Platform.SDK.UnitTests&#xD;
Exception type:        System.NotImplementedException&#xD;
Exception message:     The method or operation is not implemented.&#xD;
Exception target site: GetItem&#xD;
   at VideoOS.Platform.SDKUnittest.EnvironmentTests.TestConfigurationClientService.GetItem(String path) in D:\actions-runner\_work\XPCO\XPCO\MIP\MIPSDK\tst\VideoOS.Platform.SDK.UnitTests\EnvironmentTests\TestsWithCorporateShimsBase.cs:line 227&#xD;
   at VideoOS.Platform.Proxy.ConfigApi.ConfigurationApiItemWrapper..ctor(ServerId serverId, String path) in D:\actions-runner\_work\XPCO\XPCO\MIP\PlatformPlugin\VideoOS.Platform\src\Proxy\ConfigApi\ConfigurationApiItemWrapper.cs:line 110&#xD;
   at VideoOS.Platform.ConfigurationItems.Factory.IsItemTypeSupported(ServerId serverId, String itemType) in D:\actions-runner\_work\XPCO\XPCO\MIP\PlatformPlugin\VideoOS.Platform\src\ConfigurationItems\Factory.cs:line 464&#xD;
&#xD;
Factory.IsItemTypeSupportedFactory.IsItemTypeSupported ()The method or operation is not implemented.   at VideoOS.Platform.SDKUnittest.EnvironmentTests.TestConfigurationClientService.GetItem(String path) in D:\actions-runner\_work\XPCO\XPCO\MIP\MIPSDK\tst\VideoOS.Platform.SDK.UnitTests\EnvironmentTests\TestsWithCorporateShimsBase.cs:line 227&#xD;
   at VideoOS.Platform.Proxy.ConfigApi.ConfigurationApiItemWrapper..ctor(ServerId serverId, String path) in D:\actions-runner\_work\XPCO\XPCO\MIP\PlatformPlugin\VideoOS.Platform\src\Proxy\ConfigApi\ConfigurationApiItemWrapper.cs:line 110&#xD;
   at VideoOS.Platform.ConfigurationItems.Factory.IsItemTypeSupported(ServerId serverId, String itemType) in D:\actions-runner\_work\XPCO\XPCO\MIP\PlatformPlugin\VideoOS.Platform\src\ConfigurationItems\Factory.cs:line 464</StdOut>
      </Output>
    </UnitTestResult>
    <UnitTestResult executionId="6f0f7f9d-d6df-42b3-8dbc-807f3300181f" testId="55eddf56-140c-fc12-8881-b40e3de6fdf2" testName="HandleStateChanged_StateConnected_ConnectedIsTrueAndEventFired" computerName="DKSR-EFI-06" duration="00:00:00.0061877" startTime="2024-01-09T15:45:56.7668899+01:00" endTime="2024-01-09T15:45:56.7825120+01:00" testType="13cdc9d9-ddb5-4fa4-a97d-d965ccfc6d4b" outcome="Passed" testListId="8c84fa94-04c1-424b-9868-57a2d4851a1d" relativeResultsDirectory="6f0f7f9d-d6df-42b3-8dbc-807f3300181f" />
    <UnitTestResult executionId="001cdabb-41e5-409c-ad49-3913111b2bfe" testId="2cd289e6-be4f-74c1-cee0-00532b6125f7" testName="OutgoingAudioWaveFormatSamplesPerSecond_ShouldNotBeSet_WhenValueIsNotAllowed" computerName="DKSR-EFI-06" duration="00:00:00.0010295" startTime="2024-01-09T15:45:56.6731189+01:00" endTime="2024-01-09T15:45:56.6731189+01:00" testType="13cdc9d9-ddb5-4fa4-a97d-d965ccfc6d4b" outcome="Passed" testListId="8c84fa94-04c1-424b-9868-57a2d4851a1d" relativeResultsDirectory="001cdabb-41e5-409c-ad49-3913111b2bfe" />
    <UnitTestResult executionId="f8042861-34b5-4158-8b1a-5490f9f9d2b1" testId="3b02602f-f204-4a9f-ecbf-a1d700af8e33" testName="Disconnect_ConnectedAndInvokedTwice_DisconnectsAudioToolkitOnceAndAvoidsToolkitReentry" computerName="DKSR-EFI-06" duration="00:00:00.0018047" startTime="2024-01-09T15:45:56.8450445+01:00" endTime="2024-01-09T15:45:56.8450445+01:00" testType="13cdc9d9-ddb5-4fa4-a97d-d965ccfc6d4b" outcome="Passed" testListId="8c84fa94-04c1-424b-9868-57a2d4851a1d" relativeResultsDirectory="f8042861-34b5-4158-8b1a-5490f9f9d2b1" />
    <UnitTestResult executionId="0fdd7b01-418d-41a7-a2f3-6f730a2436bf" testId="e5fc20b5-92e7-3e56-1ed6-e269e15a74db" testName="Clear_Correct" computerName="DKSR-EFI-06" duration="00:00:00.0006747" startTime="2024-01-09T15:45:22.0137854+01:00" endTime="2024-01-09T15:45:22.0137854+01:00" testType="13cdc9d9-ddb5-4fa4-a97d-d965ccfc6d4b" outcome="Passed" testListId="8c84fa94-04c1-424b-9868-57a2d4851a1d" relativeResultsDirectory="0fdd7b01-418d-41a7-a2f3-6f730a2436bf" />
    <UnitTestResult executionId="925c5a9e-0392-44e3-918e-a46494746f3b" testId="517e0e3b-7634-80b0-69a7-bd9c7f21e593" testName="RemoveAllServers_Success" computerName="DKSR-EFI-06" duration="00:00:00.0059048" startTime="2024-01-09T15:44:27.3730607+01:00" endTime="2024-01-09T15:44:27.3730607+01:00" testType="13cdc9d9-ddb5-4fa4-a97d-d965ccfc6d4b" outcome="Passed" testListId="8c84fa94-04c1-424b-9868-57a2d4851a1d" relativeResultsDirectory="925c5a9e-0392-44e3-918e-a46494746f3b" />
    <UnitTestResult executionId="f7554434-53f3-4d40-acab-6e3cb4f3343f" testId="892ffa70-f349-35d4-9ae8-df9e08b6a0a5" testName="MergeCredentialCache_WhenException_Logs" computerName="DKSR-EFI-06" duration="00:00:00.0045113" startTime="2024-01-09T15:45:21.7012858+01:00" endTime="2024-01-09T15:45:21.7012858+01:00" testType="13cdc9d9-ddb5-4fa4-a97d-d965ccfc6d4b" outcome="Passed" testListId="8c84fa94-04c1-424b-9868-57a2d4851a1d" relativeResultsDirectory="f7554434-53f3-4d40-acab-6e3cb4f3343f" />
    <UnitTestResult executionId="30deb2b5-9245-480b-b47e-783910bb25ba" testId="638fe5d5-83ae-859e-df2b-f9eef240ca6f" testName="LogoutByUri_WhenSystemInfoNull_CallsOnlyConfigurationLogout" computerName="DKSR-EFI-06" duration="00:00:00.0082649" startTime="2024-01-09T15:44:27.2949352+01:00" endTime="2024-01-09T15:44:27.2949352+01:00" testType="13cdc9d9-ddb5-4fa4-a97d-d965ccfc6d4b" outcome="Passed" testListId="8c84fa94-04c1-424b-9868-57a2d4851a1d" relativeResultsDirectory="30deb2b5-9245-480b-b47e-783910bb25ba" />
    <UnitTestResult executionId="4580bf89-3bfc-4b7a-9689-4b61ee663d9d" testId="eee97d95-67c8-3d03-776d-c5c6f362f535" testName="ConnectionTask_ShouldNotResumeNewSession_WhenConnectionIsBroken_AndResumeFails_AndResubscribeFails" computerName="DKSR-EFI-06" duration="00:00:00.0187077" startTime="2024-01-09T15:45:22.8575377+01:00" endTime="2024-01-09T15:45:22.8887886+01:00" testType="13cdc9d9-ddb5-4fa4-a97d-d965ccfc6d4b" outcome="Passed" testListId="8c84fa94-04c1-424b-9868-57a2d4851a1d" relativeResultsDirectory="4580bf89-3bfc-4b7a-9689-4b61ee663d9d" />
    <UnitTestResult executionId="708b3105-e936-4d12-89b9-13b4d4e471d9" testId="52b4d95e-92b1-ab9e-b0b4-d924fa19acdb" testName="TryCreateParentUri_WhenNogotiateAuthHasCredential_ReturnsUrl" computerName="DKSR-EFI-06" duration="00:00:00.0009761" startTime="2024-01-09T15:45:21.6700388+01:00" endTime="2024-01-09T15:45:21.6700388+01:00" testType="13cdc9d9-ddb5-4fa4-a97d-d965ccfc6d4b" outcome="Passed" testListId="8c84fa94-04c1-424b-9868-57a2d4851a1d" relativeResultsDirectory="708b3105-e936-4d12-89b9-13b4d4e471d9" />
    <UnitTestResult executionId="760d93ed-ee0f-4c44-843a-f6ba43d7a11d" testId="c99c839d-4d5b-c45c-4faf-632197d463b3" testName="Initialize_ShouldSetInstancesFromContainer" computerName="DKSR-EFI-06" duration="00:00:00.2059289" startTime="2024-01-09T15:44:27.8886849+01:00" endTime="2024-01-09T15:44:28.0918131+01:00" testType="13cdc9d9-ddb5-4fa4-a97d-d965ccfc6d4b" outcome="Passed" testListId="8c84fa94-04c1-424b-9868-57a2d4851a1d" relativeResultsDirectory="760d93ed-ee0f-4c44-843a-f6ba43d7a11d" />
    <UnitTestResult executionId="f29b0340-9161-46ba-8e5d-be262cd426c7" testId="b42b975b-0563-7dc6-8812-756fcc2bafe7" testName="Given_ReceivedMessageContainsCommandId_When_GetCommandId_ThenCommandIdIsReturned" computerName="DKSR-EFI-06" duration="00:00:00.0035547" startTime="2024-01-09T15:45:23.2325369+01:00" endTime="2024-01-09T15:45:23.2325369+01:00" testType="13cdc9d9-ddb5-4fa4-a97d-d965ccfc6d4b" outcome="Passed" testListId="8c84fa94-04c1-424b-9868-57a2d4851a1d" relativeResultsDirectory="f29b0340-9161-46ba-8e5d-be262cd426c7" />
    <UnitTestResult executionId="d3f41c00-c6ce-43b8-b5ee-1837b5b7a514" testId="b83b8ad4-ac25-cb04-0854-f08db09e6b81" testName="HandleAudioData_Muted_SamplesAdded" computerName="DKSR-EFI-06" duration="00:00:00.0016512" startTime="2024-01-09T15:45:56.9700376+01:00" endTime="2024-01-09T15:45:56.9700376+01:00" testType="13cdc9d9-ddb5-4fa4-a97d-d965ccfc6d4b" outcome="Passed" testListId="8c84fa94-04c1-424b-9868-57a2d4851a1d" relativeResultsDirectory="d3f41c00-c6ce-43b8-b5ee-1837b5b7a514" />
    <UnitTestResult executionId="75144f11-17ad-46c3-87a2-f08dbae7cf77" testId="09fc8d6b-6a94-4ed4-f299-82508673b16a" testName="PlaybackStop_NotConnected_DoesNotCrash" computerName="DKSR-EFI-06" duration="00:00:00.0008563" startTime="2024-01-09T15:45:56.8919024+01:00" endTime="2024-01-09T15:45:56.8919024+01:00" testType="13cdc9d9-ddb5-4fa4-a97d-d965ccfc6d4b" outcome="Passed" testListId="8c84fa94-04c1-424b-9868-57a2d4851a1d" relativeResultsDirectory="75144f11-17ad-46c3-87a2-f08dbae7cf77" />
    <UnitTestResult executionId="dbc4e3bf-9d45-4309-934c-eb45f04cc12d" testId="b2e4eadd-d448-b487-733b-d5563cb70924" testName="XpcoMultiUserLoginCurrentCredentialsSuccess" computerName="DKSR-EFI-06" duration="00:00:02.2692991" startTime="2024-01-09T15:45:33.4981725+01:00" endTime="2024-01-09T15:45:35.7794212+01:00" testType="13cdc9d9-ddb5-4fa4-a97d-d965ccfc6d4b" outcome="Passed" testListId="8c84fa94-04c1-424b-9868-57a2d4851a1d" relativeResultsDirectory="dbc4e3bf-9d45-4309-934c-eb45f04cc12d">
      <Output>
        <StdOut>Debug Trace:&#xD;
TopLevelControl returns null. PostMessage may have problems&#xD;
MIP: Error: ConfigurationApiItemWrapper (): ConfigAPI GetItem(): System.NotImplementedException, The method or operation is not implemented.&#xD;
MIP: Error: Factory.IsItemTypeSupported (): Exception source:      VideoOS.Platform.SDK.UnitTests&#xD;
Exception type:        System.NotImplementedException&#xD;
Exception message:     The method or operation is not implemented.&#xD;
Exception target site: GetItem&#xD;
   at VideoOS.Platform.SDKUnittest.EnvironmentTests.TestConfigurationClientService.GetItem(String path) in D:\actions-runner\_work\XPCO\XPCO\MIP\MIPSDK\tst\VideoOS.Platform.SDK.UnitTests\EnvironmentTests\TestsWithCorporateShimsBase.cs:line 227&#xD;
   at VideoOS.Platform.Proxy.ConfigApi.ConfigurationApiItemWrapper..ctor(ServerId serverId, String path) in D:\actions-runner\_work\XPCO\XPCO\MIP\PlatformPlugin\VideoOS.Platform\src\Proxy\ConfigApi\ConfigurationApiItemWrapper.cs:line 110&#xD;
   at VideoOS.Platform.ConfigurationItems.Factory.IsItemTypeSupported(ServerId serverId, String itemType) in D:\actions-runner\_work\XPCO\XPCO\MIP\PlatformPlugin\VideoOS.Platform\src\ConfigurationItems\Factory.cs:line 464&#xD;
&#xD;
Factory.IsItemTypeSupportedFactory.IsItemTypeSupported ()The method or operation is not implemented.   at VideoOS.Platform.SDKUnittest.EnvironmentTests.TestConfigurationClientService.GetItem(String path) in D:\actions-runner\_work\XPCO\XPCO\MIP\MIPSDK\tst\VideoOS.Platform.SDK.UnitTests\EnvironmentTests\TestsWithCorporateShimsBase.cs:line 227&#xD;
   at VideoOS.Platform.Proxy.ConfigApi.ConfigurationApiItemWrapper..ctor(ServerId serverId, String path) in D:\actions-runner\_work\XPCO\XPCO\MIP\PlatformPlugin\VideoOS.Platform\src\Proxy\ConfigApi\ConfigurationApiItemWrapper.cs:line 110&#xD;
   at VideoOS.Platform.ConfigurationItems.Factory.IsItemTypeSupported(ServerId serverId, String itemType) in D:\actions-runner\_work\XPCO\XPCO\MIP\PlatformPlugin\VideoOS.Platform\src\ConfigurationItems\Factory.cs:line 464&#xD;
MIP: Error: GetConfiguration (): CustomSetting not found for the given platformDefinitionId: e145597a-ecaf-40a1-99e6-14bb9d45a09e&#xD;
MIP: Error: ConfigurationApiItemWrapper (): ConfigAPI GetItem(): System.NotImplementedException, The method or operation is not implemented.&#xD;
MIP: Error: Factory.IsItemTypeSupported (): Exception source:      VideoOS.Platform.SDK.UnitTests&#xD;
Exception type:        System.NotImplementedException&#xD;
Exception message:     The method or operation is not implemented.&#xD;
Exception target site: GetItem&#xD;
   at VideoOS.Platform.SDKUnittest.EnvironmentTests.TestConfigurationClientService.GetItem(String path) in D:\actions-runner\_work\XPCO\XPCO\MIP\MIPSDK\tst\VideoOS.Platform.SDK.UnitTests\EnvironmentTests\TestsWithCorporateShimsBase.cs:line 227&#xD;
   at VideoOS.Platform.Proxy.ConfigApi.ConfigurationApiItemWrapper..ctor(ServerId serverId, String path) in D:\actions-runner\_work\XPCO\XPCO\MIP\PlatformPlugin\VideoOS.Platform\src\Proxy\ConfigApi\ConfigurationApiItemWrapper.cs:line 110&#xD;
   at VideoOS.Platform.ConfigurationItems.Factory.IsItemTypeSupported(ServerId serverId, String itemType) in D:\actions-runner\_work\XPCO\XPCO\MIP\PlatformPlugin\VideoOS.Platform\src\ConfigurationItems\Factory.cs:line 464&#xD;
&#xD;
Factory.IsItemTypeSupportedFactory.IsItemTypeSupported ()The method or operation is not implemented.   at VideoOS.Platform.SDKUnittest.EnvironmentTests.TestConfigurationClientService.GetItem(String path) in D:\actions-runner\_work\XPCO\XPCO\MIP\MIPSDK\tst\VideoOS.Platform.SDK.UnitTests\EnvironmentTests\TestsWithCorporateShimsBase.cs:line 227&#xD;
   at VideoOS.Platform.Proxy.ConfigApi.ConfigurationApiItemWrapper..ctor(ServerId serverId, String path) in D:\actions-runner\_work\XPCO\XPCO\MIP\PlatformPlugin\VideoOS.Platform\src\Proxy\ConfigApi\ConfigurationApiItemWrapper.cs:line 110&#xD;
   at VideoOS.Platform.ConfigurationItems.Factory.IsItemTypeSupported(ServerId serverId, String itemType) in D:\actions-runner\_work\XPCO\XPCO\MIP\PlatformPlugin\VideoOS.Platform\src\ConfigurationItems\Factory.cs:line 464&#xD;
MIP: Error: LoginServerOauth (): https://1.2.3.5:55/ManagementServer/ServerCommandServiceOAuth.svc The method or operation is not implemented.&#xD;
MIP: Error: ConfigurationApiItemWrapper (): ConfigAPI GetItem(): System.NotImplementedException, The method or operation is not implemented.&#xD;
MIP: Error: Factory.IsItemTypeSupported (): Exception source:      VideoOS.Platform.SDK.UnitTests&#xD;
Exception type:        System.NotImplementedException&#xD;
Exception message:     The method or operation is not implemented.&#xD;
Exception target site: GetItem&#xD;
   at VideoOS.Platform.SDKUnittest.EnvironmentTests.TestConfigurationClientService.GetItem(String path) in D:\actions-runner\_work\XPCO\XPCO\MIP\MIPSDK\tst\VideoOS.Platform.SDK.UnitTests\EnvironmentTests\TestsWithCorporateShimsBase.cs:line 227&#xD;
   at VideoOS.Platform.Proxy.ConfigApi.ConfigurationApiItemWrapper..ctor(ServerId serverId, String path) in D:\actions-runner\_work\XPCO\XPCO\MIP\PlatformPlugin\VideoOS.Platform\src\Proxy\ConfigApi\ConfigurationApiItemWrapper.cs:line 110&#xD;
   at VideoOS.Platform.ConfigurationItems.Factory.IsItemTypeSupported(ServerId serverId, String itemType) in D:\actions-runner\_work\XPCO\XPCO\MIP\PlatformPlugin\VideoOS.Platform\src\ConfigurationItems\Factory.cs:line 464&#xD;
&#xD;
Factory.IsItemTypeSupportedFactory.IsItemTypeSupported ()The method or operation is not implemented.   at VideoOS.Platform.SDKUnittest.EnvironmentTests.TestConfigurationClientService.GetItem(String path) in D:\actions-runner\_work\XPCO\XPCO\MIP\MIPSDK\tst\VideoOS.Platform.SDK.UnitTests\EnvironmentTests\TestsWithCorporateShimsBase.cs:line 227&#xD;
   at VideoOS.Platform.Proxy.ConfigApi.ConfigurationApiItemWrapper..ctor(ServerId serverId, String path) in D:\actions-runner\_work\XPCO\XPCO\MIP\PlatformPlugin\VideoOS.Platform\src\Proxy\ConfigApi\ConfigurationApiItemWrapper.cs:line 110&#xD;
   at VideoOS.Platform.ConfigurationItems.Factory.IsItemTypeSupported(ServerId serverId, String itemType) in D:\actions-runner\_work\XPCO\XPCO\MIP\PlatformPlugin\VideoOS.Platform\src\ConfigurationItems\Factory.cs:line 464&#xD;
MIP: Error: GetConfiguration (): CustomSetting not found for the given platformDefinitionId: e145597a-ecaf-40a1-99e6-14bb9d45a09e&#xD;
MIP: Error: ConfigurationApiItemWrapper (): ConfigAPI GetItem(): System.NotImplementedException, The method or operation is not implemented.&#xD;
MIP: Error: Factory.IsItemTypeSupported (): Exception source:      VideoOS.Platform.SDK.UnitTests&#xD;
Exception type:        System.NotImplementedException&#xD;
Exception message:     The method or operation is not implemented.&#xD;
Exception target site: GetItem&#xD;
   at VideoOS.Platform.SDKUnittest.EnvironmentTests.TestConfigurationClientService.GetItem(String path) in D:\actions-runner\_work\XPCO\XPCO\MIP\MIPSDK\tst\VideoOS.Platform.SDK.UnitTests\EnvironmentTests\TestsWithCorporateShimsBase.cs:line 227&#xD;
   at VideoOS.Platform.Proxy.ConfigApi.ConfigurationApiItemWrapper..ctor(ServerId serverId, String path) in D:\actions-runner\_work\XPCO\XPCO\MIP\PlatformPlugin\VideoOS.Platform\src\Proxy\ConfigApi\ConfigurationApiItemWrapper.cs:line 110&#xD;
   at VideoOS.Platform.ConfigurationItems.Factory.IsItemTypeSupported(ServerId serverId, String itemType) in D:\actions-runner\_work\XPCO\XPCO\MIP\PlatformPlugin\VideoOS.Platform\src\ConfigurationItems\Factory.cs:line 464&#xD;
&#xD;
Factory.IsItemTypeSupportedFactory.IsItemTypeSupported ()The method or operation is not implemented.   at VideoOS.Platform.SDKUnittest.EnvironmentTests.TestConfigurationClientService.GetItem(String path) in D:\actions-runner\_work\XPCO\XPCO\MIP\MIPSDK\tst\VideoOS.Platform.SDK.UnitTests\EnvironmentTests\TestsWithCorporateShimsBase.cs:line 227&#xD;
   at VideoOS.Platform.Proxy.ConfigApi.ConfigurationApiItemWrapper..ctor(ServerId serverId, String path) in D:\actions-runner\_work\XPCO\XPCO\MIP\PlatformPlugin\VideoOS.Platform\src\Proxy\ConfigApi\ConfigurationApiItemWrapper.cs:line 110&#xD;
   at VideoOS.Platform.ConfigurationItems.Factory.IsItemTypeSupported(ServerId serverId, String itemType) in D:\actions-runner\_work\XPCO\XPCO\MIP\PlatformPlugin\VideoOS.Platform\src\ConfigurationItems\Factory.cs:line 464&#xD;
MIP: Error: LoginServerOauth (): https://1.2.3.5:55/ManagementServer/ServerCommandServiceOAuth.svc The method or operation is not implemented.&#xD;
MIP: Error: ConfigurationApiItemWrapper (): ConfigAPI GetItem(): System.NotImplementedException, The method or operation is not implemented.&#xD;
MIP: Error: Factory.IsItemTypeSupported (): Exception source:      VideoOS.Platform.SDK.UnitTests&#xD;
Exception type:        System.NotImplementedException&#xD;
Exception message:     The method or operation is not implemented.&#xD;
Exception target site: GetItem&#xD;
   at VideoOS.Platform.SDKUnittest.EnvironmentTests.TestConfigurationClientService.GetItem(String path) in D:\actions-runner\_work\XPCO\XPCO\MIP\MIPSDK\tst\VideoOS.Platform.SDK.UnitTests\EnvironmentTests\TestsWithCorporateShimsBase.cs:line 227&#xD;
   at VideoOS.Platform.Proxy.ConfigApi.ConfigurationApiItemWrapper..ctor(ServerId serverId, String path) in D:\actions-runner\_work\XPCO\XPCO\MIP\PlatformPlugin\VideoOS.Platform\src\Proxy\ConfigApi\ConfigurationApiItemWrapper.cs:line 110&#xD;
   at VideoOS.Platform.ConfigurationItems.Factory.IsItemTypeSupported(ServerId serverId, String itemType) in D:\actions-runner\_work\XPCO\XPCO\MIP\PlatformPlugin\VideoOS.Platform\src\ConfigurationItems\Factory.cs:line 464&#xD;
&#xD;
Factory.IsItemTypeSupportedFactory.IsItemTypeSupported ()The method or operation is not implemented.   at VideoOS.Platform.SDKUnittest.EnvironmentTests.TestConfigurationClientService.GetItem(String path) in D:\actions-runner\_work\XPCO\XPCO\MIP\MIPSDK\tst\VideoOS.Platform.SDK.UnitTests\EnvironmentTests\TestsWithCorporateShimsBase.cs:line 227&#xD;
   at VideoOS.Platform.Proxy.ConfigApi.ConfigurationApiItemWrapper..ctor(ServerId serverId, String path) in D:\actions-runner\_work\XPCO\XPCO\MIP\PlatformPlugin\VideoOS.Platform\src\Proxy\ConfigApi\ConfigurationApiItemWrapper.cs:line 110&#xD;
   at VideoOS.Platform.ConfigurationItems.Factory.IsItemTypeSupported(ServerId serverId, String itemType) in D:\actions-runner\_work\XPCO\XPCO\MIP\PlatformPlugin\VideoOS.Platform\src\ConfigurationItems\Factory.cs:line 464&#xD;
MIP: Error: ConfigurationApiItemWrapper (): ConfigAPI GetItem(): System.NotImplementedException, The method or operation is not implemented.&#xD;
MIP: Error: Factory.IsItemTypeSupported (): Exception source:      VideoOS.Platform.SDK.UnitTests&#xD;
Exception type:        System.NotImplementedException&#xD;
Exception message:     The method or operation is not implemented.&#xD;
Exception target site: GetItem&#xD;
   at VideoOS.Platform.SDKUnittest.EnvironmentTests.TestConfigurationClientService.GetItem(String path) in D:\actions-runner\_work\XPCO\XPCO\MIP\MIPSDK\tst\VideoOS.Platform.SDK.UnitTests\EnvironmentTests\TestsWithCorporateShimsBase.cs:line 227&#xD;
   at VideoOS.Platform.Proxy.ConfigApi.ConfigurationApiItemWrapper..ctor(ServerId serverId, String path) in D:\actions-runner\_work\XPCO\XPCO\MIP\PlatformPlugin\VideoOS.Platform\src\Proxy\ConfigApi\ConfigurationApiItemWrapper.cs:line 110&#xD;
   at VideoOS.Platform.ConfigurationItems.Factory.IsItemTypeSupported(ServerId serverId, String itemType) in D:\actions-runner\_work\XPCO\XPCO\MIP\PlatformPlugin\VideoOS.Platform\src\ConfigurationItems\Factory.cs:line 464&#xD;
&#xD;
Factory.IsItemTypeSupportedFactory.IsItemTypeSupported ()The method or operation is not implemented.   at VideoOS.Platform.SDKUnittest.EnvironmentTests.TestConfigurationClientService.GetItem(String path) in D:\actions-runner\_work\XPCO\XPCO\MIP\MIPSDK\tst\VideoOS.Platform.SDK.UnitTests\EnvironmentTests\TestsWithCorporateShimsBase.cs:line 227&#xD;
   at VideoOS.Platform.Proxy.ConfigApi.ConfigurationApiItemWrapper..ctor(ServerId serverId, String path) in D:\actions-runner\_work\XPCO\XPCO\MIP\PlatformPlugin\VideoOS.Platform\src\Proxy\ConfigApi\ConfigurationApiItemWrapper.cs:line 110&#xD;
   at VideoOS.Platform.ConfigurationItems.Factory.IsItemTypeSupported(ServerId serverId, String itemType) in D:\actions-runner\_work\XPCO\XPCO\MIP\PlatformPlugin\VideoOS.Platform\src\ConfigurationItems\Factory.cs:line 464&#xD;
MIP: Error: LoginServerOauth (): https://1.2.3.5:55/ManagementServer/ServerCommandServiceOAuth.svc The method or operation is not implemented.&#xD;
MIP: Error: ConfigurationApiItemWrapper (): ConfigAPI GetItem(): System.NotImplementedException, The method or operation is not implemented.&#xD;
MIP: Error: Factory.IsItemTypeSupported (): Exception source:      VideoOS.Platform.SDK.UnitTests&#xD;
Exception type:        System.NotImplementedException&#xD;
Exception message:     The method or operation is not implemented.&#xD;
Exception target site: GetItem&#xD;
   at VideoOS.Platform.SDKUnittest.EnvironmentTests.TestConfigurationClientService.GetItem(String path) in D:\actions-runner\_work\XPCO\XPCO\MIP\MIPSDK\tst\VideoOS.Platform.SDK.UnitTests\EnvironmentTests\TestsWithCorporateShimsBase.cs:line 227&#xD;
   at VideoOS.Platform.Proxy.ConfigApi.ConfigurationApiItemWrapper..ctor(ServerId serverId, String path) in D:\actions-runner\_work\XPCO\XPCO\MIP\PlatformPlugin\VideoOS.Platform\src\Proxy\ConfigApi\ConfigurationApiItemWrapper.cs:line 110&#xD;
   at VideoOS.Platform.ConfigurationItems.Factory.IsItemTypeSupported(ServerId serverId, String itemType) in D:\actions-runner\_work\XPCO\XPCO\MIP\PlatformPlugin\VideoOS.Platform\src\ConfigurationItems\Factory.cs:line 464&#xD;
&#xD;
Factory.IsItemTypeSupportedFactory.IsItemTypeSupported ()The method or operation is not implemented.   at VideoOS.Platform.SDKUnittest.EnvironmentTests.TestConfigurationClientService.GetItem(String path) in D:\actions-runner\_work\XPCO\XPCO\MIP\MIPSDK\tst\VideoOS.Platform.SDK.UnitTests\EnvironmentTests\TestsWithCorporateShimsBase.cs:line 227&#xD;
   at VideoOS.Platform.Proxy.ConfigApi.ConfigurationApiItemWrapper..ctor(ServerId serverId, String path) in D:\actions-runner\_work\XPCO\XPCO\MIP\PlatformPlugin\VideoOS.Platform\src\Proxy\ConfigApi\ConfigurationApiItemWrapper.cs:line 110&#xD;
   at VideoOS.Platform.ConfigurationItems.Factory.IsItemTypeSupported(ServerId serverId, String itemType) in D:\actions-runner\_work\XPCO\XPCO\MIP\PlatformPlugin\VideoOS.Platform\src\ConfigurationItems\Factory.cs:line 464&#xD;
MIP: Error: GetConfiguration (): CustomSetting not found for the given platformDefinitionId: e145597a-ecaf-40a1-99e6-14bb9d45a09e&#xD;
MIP: Error: ConfigurationApiItemWrapper (): ConfigAPI GetItem(): System.NotImplementedException, The method or operation is not implemented.&#xD;
MIP: Error: Factory.IsItemTypeSupported (): Exception source:      VideoOS.Platform.SDK.UnitTests&#xD;
Exception type:        System.NotImplementedException&#xD;
Exception message:     The method or operation is not implemented.&#xD;
Exception target site: GetItem&#xD;
   at VideoOS.Platform.SDKUnittest.EnvironmentTests.TestConfigurationClientService.GetItem(String path) in D:\actions-runner\_work\XPCO\XPCO\MIP\MIPSDK\tst\VideoOS.Platform.SDK.UnitTests\EnvironmentTests\TestsWithCorporateShimsBase.cs:line 227&#xD;
   at VideoOS.Platform.Proxy.ConfigApi.ConfigurationApiItemWrapper..ctor(ServerId serverId, String path) in D:\actions-runner\_work\XPCO\XPCO\MIP\PlatformPlugin\VideoOS.Platform\src\Proxy\ConfigApi\ConfigurationApiItemWrapper.cs:line 110&#xD;
   at VideoOS.Platform.ConfigurationItems.Factory.IsItemTypeSupported(ServerId serverId, String itemType) in D:\actions-runner\_work\XPCO\XPCO\MIP\PlatformPlugin\VideoOS.Platform\src\ConfigurationItems\Factory.cs:line 464&#xD;
&#xD;
Factory.IsItemTypeSupportedFactory.IsItemTypeSupported ()The method or operation is not implemented.   at VideoOS.Platform.SDKUnittest.EnvironmentTests.TestConfigurationClientService.GetItem(String path) in D:\actions-runner\_work\XPCO\XPCO\MIP\MIPSDK\tst\VideoOS.Platform.SDK.UnitTests\EnvironmentTests\TestsWithCorporateShimsBase.cs:line 227&#xD;
   at VideoOS.Platform.Proxy.ConfigApi.ConfigurationApiItemWrapper..ctor(ServerId serverId, String path) in D:\actions-runner\_work\XPCO\XPCO\MIP\PlatformPlugin\VideoOS.Platform\src\Proxy\ConfigApi\ConfigurationApiItemWrapper.cs:line 110&#xD;
   at VideoOS.Platform.ConfigurationItems.Factory.IsItemTypeSupported(ServerId serverId, String itemType) in D:\actions-runner\_work\XPCO\XPCO\MIP\PlatformPlugin\VideoOS.Platform\src\ConfigurationItems\Factory.cs:line 464&#xD;
MIP: Error: LoginServerOauth (): https://1.2.3.5:55/ManagementServer/ServerCommandServiceOAuth.svc The method or operation is not implemented.&#xD;
MIP: Error: ConfigurationApiItemWrapper (): ConfigAPI GetItem(): System.NotImplementedException, The method or operation is not implemented.&#xD;
MIP: Error: Factory.IsItemTypeSupported (): Exception source:      VideoOS.Platform.SDK.UnitTests&#xD;
Exception type:        System.NotImplementedException&#xD;
Exception message:     The method or operation is not implemented.&#xD;
Exception target site: GetItem&#xD;
   at VideoOS.Platform.SDKUnittest.EnvironmentTests.TestConfigurationClientService.GetItem(String path) in D:\actions-runner\_work\XPCO\XPCO\MIP\MIPSDK\tst\VideoOS.Platform.SDK.UnitTests\EnvironmentTests\TestsWithCorporateShimsBase.cs:line 227&#xD;
   at VideoOS.Platform.Proxy.ConfigApi.ConfigurationApiItemWrapper..ctor(ServerId serverId, String path) in D:\actions-runner\_work\XPCO\XPCO\MIP\PlatformPlugin\VideoOS.Platform\src\Proxy\ConfigApi\ConfigurationApiItemWrapper.cs:line 110&#xD;
   at VideoOS.Platform.ConfigurationItems.Factory.IsItemTypeSupported(ServerId serverId, String itemType) in D:\actions-runner\_work\XPCO\XPCO\MIP\PlatformPlugin\VideoOS.Platform\src\ConfigurationItems\Factory.cs:line 464&#xD;
&#xD;
Factory.IsItemTypeSupportedFactory.IsItemTypeSupported ()The method or operation is not implemented.   at VideoOS.Platform.SDKUnittest.EnvironmentTests.TestConfigurationClientService.GetItem(String path) in D:\actions-runner\_work\XPCO\XPCO\MIP\MIPSDK\tst\VideoOS.Platform.SDK.UnitTests\EnvironmentTests\TestsWithCorporateShimsBase.cs:line 227&#xD;
   at VideoOS.Platform.Proxy.ConfigApi.ConfigurationApiItemWrapper..ctor(ServerId serverId, String path) in D:\actions-runner\_work\XPCO\XPCO\MIP\PlatformPlugin\VideoOS.Platform\src\Proxy\ConfigApi\ConfigurationApiItemWrapper.cs:line 110&#xD;
   at VideoOS.Platform.ConfigurationItems.Factory.IsItemTypeSupported(ServerId serverId, String itemType) in D:\actions-runner\_work\XPCO\XPCO\MIP\PlatformPlugin\VideoOS.Platform\src\ConfigurationItems\Factory.cs:line 464&#xD;
MIP: Error: GetConfiguration (): CustomSetting not found for the given platformDefinitionId: e145597a-ecaf-40a1-99e6-14bb9d45a09e&#xD;
MIP: Error: ConfigurationApiItemWrapper (): ConfigAPI GetItem(): System.NotImplementedException, The method or operation is not implemented.&#xD;
MIP: Error: Factory.IsItemTypeSupported (): Exception source:      VideoOS.Platform.SDK.UnitTests&#xD;
Exception type:        System.NotImplementedException&#xD;
Exception message:     The method or operation is not implemented.&#xD;
Exception target site: GetItem&#xD;
   at VideoOS.Platform.SDKUnittest.EnvironmentTests.TestConfigurationClientService.GetItem(String path) in D:\actions-runner\_work\XPCO\XPCO\MIP\MIPSDK\tst\VideoOS.Platform.SDK.UnitTests\EnvironmentTests\TestsWithCorporateShimsBase.cs:line 227&#xD;
   at VideoOS.Platform.Proxy.ConfigApi.ConfigurationApiItemWrapper..ctor(ServerId serverId, String path) in D:\actions-runner\_work\XPCO\XPCO\MIP\PlatformPlugin\VideoOS.Platform\src\Proxy\ConfigApi\ConfigurationApiItemWrapper.cs:line 110&#xD;
   at VideoOS.Platform.ConfigurationItems.Factory.IsItemTypeSupported(ServerId serverId, String itemType) in D:\actions-runner\_work\XPCO\XPCO\MIP\PlatformPlugin\VideoOS.Platform\src\ConfigurationItems\Factory.cs:line 464&#xD;
&#xD;
Factory.IsItemTypeSupportedFactory.IsItemTypeSupported ()The method or operation is not implemented.   at VideoOS.Platform.SDKUnittest.EnvironmentTests.TestConfigurationClientService.GetItem(String path) in D:\actions-runner\_work\XPCO\XPCO\MIP\MIPSDK\tst\VideoOS.Platform.SDK.UnitTests\EnvironmentTests\TestsWithCorporateShimsBase.cs:line 227&#xD;
   at VideoOS.Platform.Proxy.ConfigApi.ConfigurationApiItemWrapper..ctor(ServerId serverId, String path) in D:\actions-runner\_work\XPCO\XPCO\MIP\PlatformPlugin\VideoOS.Platform\src\Proxy\ConfigApi\ConfigurationApiItemWrapper.cs:line 110&#xD;
   at VideoOS.Platform.ConfigurationItems.Factory.IsItemTypeSupported(ServerId serverId, String itemType) in D:\actions-runner\_work\XPCO\XPCO\MIP\PlatformPlugin\VideoOS.Platform\src\ConfigurationItems\Factory.cs:line 464&#xD;
MIP: Error: LoginServerOauth (): https://1.2.3.5:55/ManagementServer/ServerCommandServiceOAuth.svc The method or operation is not implemented.&#xD;
MIP: Error: ConfigurationApiItemWrapper (): ConfigAPI GetItem(): System.NotImplementedException, The method or operation is not implemented.&#xD;
MIP: Error: Factory.IsItemTypeSupported (): Exception source:      VideoOS.Platform.SDK.UnitTests&#xD;
Exception type:        System.NotImplementedException&#xD;
Exception message:     The method or operation is not implemented.&#xD;
Exception target site: GetItem&#xD;
   at VideoOS.Platform.SDKUnittest.EnvironmentTests.TestConfigurationClientService.GetItem(String path) in D:\actions-runner\_work\XPCO\XPCO\MIP\MIPSDK\tst\VideoOS.Platform.SDK.UnitTests\EnvironmentTests\TestsWithCorporateShimsBase.cs:line 227&#xD;
   at VideoOS.Platform.Proxy.ConfigApi.ConfigurationApiItemWrapper..ctor(ServerId serverId, String path) in D:\actions-runner\_work\XPCO\XPCO\MIP\PlatformPlugin\VideoOS.Platform\src\Proxy\ConfigApi\ConfigurationApiItemWrapper.cs:line 110&#xD;
   at VideoOS.Platform.ConfigurationItems.Factory.IsItemTypeSupported(ServerId serverId, String itemType) in D:\actions-runner\_work\XPCO\XPCO\MIP\PlatformPlugin\VideoOS.Platform\src\ConfigurationItems\Factory.cs:line 464&#xD;
&#xD;
Factory.IsItemTypeSupportedFactory.IsItemTypeSupported ()The method or operation is not implemented.   at VideoOS.Platform.SDKUnittest.EnvironmentTests.TestConfigurationClientService.GetItem(String path) in D:\actions-runner\_work\XPCO\XPCO\MIP\MIPSDK\tst\VideoOS.Platform.SDK.UnitTests\EnvironmentTests\TestsWithCorporateShimsBase.cs:line 227&#xD;
   at VideoOS.Platform.Proxy.ConfigApi.ConfigurationApiItemWrapper..ctor(ServerId serverId, String path) in D:\actions-runner\_work\XPCO\XPCO\MIP\PlatformPlugin\VideoOS.Platform\src\Proxy\ConfigApi\ConfigurationApiItemWrapper.cs:line 110&#xD;
   at VideoOS.Platform.ConfigurationItems.Factory.IsItemTypeSupported(ServerId serverId, String itemType) in D:\actions-runner\_work\XPCO\XPCO\MIP\PlatformPlugin\VideoOS.Platform\src\ConfigurationItems\Factory.cs:line 464&#xD;
MIP: Error: GetConfiguration (): CustomSetting not found for the given platformDefinitionId: e145597a-ecaf-40a1-99e6-14bb9d45a09e&#xD;
MIP: Error: ConfigurationApiItemWrapper (): ConfigAPI GetItem(): System.NotImplementedException, The method or operation is not implemented.&#xD;
MIP: Error: Factory.IsItemTypeSupported (): Exception source:      VideoOS.Platform.SDK.UnitTests&#xD;
Exception type:        System.NotImplementedException&#xD;
Exception message:     The method or operation is not implemented.&#xD;
Exception target site: GetItem&#xD;
   at VideoOS.Platform.SDKUnittest.EnvironmentTests.TestConfigurationClientService.GetItem(String path) in D:\actions-runner\_work\XPCO\XPCO\MIP\MIPSDK\tst\VideoOS.Platform.SDK.UnitTests\EnvironmentTests\TestsWithCorporateShimsBase.cs:line 227&#xD;
   at VideoOS.Platform.Proxy.ConfigApi.ConfigurationApiItemWrapper..ctor(ServerId serverId, String path) in D:\actions-runner\_work\XPCO\XPCO\MIP\PlatformPlugin\VideoOS.Platform\src\Proxy\ConfigApi\ConfigurationApiItemWrapper.cs:line 110&#xD;
   at VideoOS.Platform.ConfigurationItems.Factory.IsItemTypeSupported(ServerId serverId, String itemType) in D:\actions-runner\_work\XPCO\XPCO\MIP\PlatformPlugin\VideoOS.Platform\src\ConfigurationItems\Factory.cs:line 464&#xD;
&#xD;
Factory.IsItemTypeSupportedFactory.IsItemTypeSupported ()The method or operation is not implemented.   at VideoOS.Platform.SDKUnittest.EnvironmentTests.TestConfigurationClientService.GetItem(String path) in D:\actions-runner\_work\XPCO\XPCO\MIP\MIPSDK\tst\VideoOS.Platform.SDK.UnitTests\EnvironmentTests\TestsWithCorporateShimsBase.cs:line 227&#xD;
   at VideoOS.Platform.Proxy.ConfigApi.ConfigurationApiItemWrapper..ctor(ServerId serverId, String path) in D:\actions-runner\_work\XPCO\XPCO\MIP\PlatformPlugin\VideoOS.Platform\src\Proxy\ConfigApi\ConfigurationApiItemWrapper.cs:line 110&#xD;
   at VideoOS.Platform.ConfigurationItems.Factory.IsItemTypeSupported(ServerId serverId, String itemType) in D:\actions-runner\_work\XPCO\XPCO\MIP\PlatformPlugin\VideoOS.Platform\src\ConfigurationItems\Factory.cs:line 464&#xD;
MIP: Error: LoginServerOauth (): https://1.2.3.5:55/ManagementServer/ServerCommandServiceOAuth.svc The method or operation is not implemented.&#xD;
MIP: Error: ConfigurationApiItemWrapper (): ConfigAPI GetItem(): System.NotImplementedException, The method or operation is not implemented.&#xD;
MIP: Error: Factory.IsItemTypeSupported (): Exception source:      VideoOS.Platform.SDK.UnitTests&#xD;
Exception type:        System.NotImplementedException&#xD;
Exception message:     The method or operation is not implemented.&#xD;
Exception target site: GetItem&#xD;
   at VideoOS.Platform.SDKUnittest.EnvironmentTests.TestConfigurationClientService.GetItem(String path) in D:\actions-runner\_work\XPCO\XPCO\MIP\MIPSDK\tst\VideoOS.Platform.SDK.UnitTests\EnvironmentTests\TestsWithCorporateShimsBase.cs:line 227&#xD;
   at VideoOS.Platform.Proxy.ConfigApi.ConfigurationApiItemWrapper..ctor(ServerId serverId, String path) in D:\actions-runner\_work\XPCO\XPCO\MIP\PlatformPlugin\VideoOS.Platform\src\Proxy\ConfigApi\ConfigurationApiItemWrapper.cs:line 110&#xD;
   at VideoOS.Platform.ConfigurationItems.Factory.IsItemTypeSupported(ServerId serverId, String itemType) in D:\actions-runner\_work\XPCO\XPCO\MIP\PlatformPlugin\VideoOS.Platform\src\ConfigurationItems\Factory.cs:line 464&#xD;
&#xD;
Factory.IsItemTypeSupportedFactory.IsItemTypeSupported ()The method or operation is not implemented.   at VideoOS.Platform.SDKUnittest.EnvironmentTests.TestConfigurationClientService.GetItem(String path) in D:\actions-runner\_work\XPCO\XPCO\MIP\MIPSDK\tst\VideoOS.Platform.SDK.UnitTests\EnvironmentTests\TestsWithCorporateShimsBase.cs:line 227&#xD;
   at VideoOS.Platform.Proxy.ConfigApi.ConfigurationApiItemWrapper..ctor(ServerId serverId, String path) in D:\actions-runner\_work\XPCO\XPCO\MIP\PlatformPlugin\VideoOS.Platform\src\Proxy\ConfigApi\ConfigurationApiItemWrapper.cs:line 110&#xD;
   at VideoOS.Platform.ConfigurationItems.Factory.IsItemTypeSupported(ServerId serverId, String itemType) in D:\actions-runner\_work\XPCO\XPCO\MIP\PlatformPlugin\VideoOS.Platform\src\ConfigurationItems\Factory.cs:line 464&#xD;
MIP: Error: ConfigurationApiItemWrapper (): ConfigAPI GetItem(): System.NotImplementedException, The method or operation is not implemented.&#xD;
MIP: Error: Factory.IsItemTypeSupported (): Exception source:      VideoOS.Platform.SDK.UnitTests&#xD;
Exception type:        System.NotImplementedException&#xD;
Exception message:     The method or operation is not implemented.&#xD;
Exception target site: GetItem&#xD;
   at VideoOS.Platform.SDKUnittest.EnvironmentTests.TestConfigurationClientService.GetItem(String path) in D:\actions-runner\_work\XPCO\XPCO\MIP\MIPSDK\tst\VideoOS.Platform.SDK.UnitTests\EnvironmentTests\TestsWithCorporateShimsBase.cs:line 227&#xD;
   at VideoOS.Platform.Proxy.ConfigApi.ConfigurationApiItemWrapper..ctor(ServerId serverId, String path) in D:\actions-runner\_work\XPCO\XPCO\MIP\PlatformPlugin\VideoOS.Platform\src\Proxy\ConfigApi\ConfigurationApiItemWrapper.cs:line 110&#xD;
   at VideoOS.Platform.ConfigurationItems.Factory.IsItemTypeSupported(ServerId serverId, String itemType) in D:\actions-runner\_work\XPCO\XPCO\MIP\PlatformPlugin\VideoOS.Platform\src\ConfigurationItems\Factory.cs:line 464&#xD;
&#xD;
Factory.IsItemTypeSupportedFactory.IsItemTypeSupported ()The method or operation is not implemented.   at VideoOS.Platform.SDKUnittest.EnvironmentTests.TestConfigurationClientService.GetItem(String path) in D:\actions-runner\_work\XPCO\XPCO\MIP\MIPSDK\tst\VideoOS.Platform.SDK.UnitTests\EnvironmentTests\TestsWithCorporateShimsBase.cs:line 227&#xD;
   at VideoOS.Platform.Proxy.ConfigApi.ConfigurationApiItemWrapper..ctor(ServerId serverId, String path) in D:\actions-runner\_work\XPCO\XPCO\MIP\PlatformPlugin\VideoOS.Platform\src\Proxy\ConfigApi\ConfigurationApiItemWrapper.cs:line 110&#xD;
   at VideoOS.Platform.ConfigurationItems.Factory.IsItemTypeSupported(ServerId serverId, String itemType) in D:\actions-runner\_work\XPCO\XPCO\MIP\PlatformPlugin\VideoOS.Platform\src\ConfigurationItems\Factory.cs:line 464&#xD;
MIP: Error: LoginServerOauth (): https://1.2.3.5:55/ManagementServer/ServerCommandServiceOAuth.svc The method or operation is not implemented.&#xD;
MIP: Error: ConfigurationApiItemWrapper (): ConfigAPI GetItem(): System.NotImplementedException, The method or operation is not implemented.&#xD;
MIP: Error: Factory.IsItemTypeSupported (): Exception source:      VideoOS.Platform.SDK.UnitTests&#xD;
Exception type:        System.NotImplementedException&#xD;
Exception message:     The method or operation is not implemented.&#xD;
Exception target site: GetItem&#xD;
   at VideoOS.Platform.SDKUnittest.EnvironmentTests.TestConfigurationClientService.GetItem(String path) in D:\actions-runner\_work\XPCO\XPCO\MIP\MIPSDK\tst\VideoOS.Platform.SDK.UnitTests\EnvironmentTests\TestsWithCorporateShimsBase.cs:line 227&#xD;
   at VideoOS.Platform.Proxy.ConfigApi.ConfigurationApiItemWrapper..ctor(ServerId serverId, String path) in D:\actions-runner\_work\XPCO\XPCO\MIP\PlatformPlugin\VideoOS.Platform\src\Proxy\ConfigApi\ConfigurationApiItemWrapper.cs:line 110&#xD;
   at VideoOS.Platform.ConfigurationItems.Factory.IsItemTypeSupported(ServerId serverId, String itemType) in D:\actions-runner\_work\XPCO\XPCO\MIP\PlatformPlugin\VideoOS.Platform\src\ConfigurationItems\Factory.cs:line 464&#xD;
&#xD;
Factory.IsItemTypeSupportedFactory.IsItemTypeSupported ()The method or operation is not implemented.   at VideoOS.Platform.SDKUnittest.EnvironmentTests.TestConfigurationClientService.GetItem(String path) in D:\actions-runner\_work\XPCO\XPCO\MIP\MIPSDK\tst\VideoOS.Platform.SDK.UnitTests\EnvironmentTests\TestsWithCorporateShimsBase.cs:line 227&#xD;
   at VideoOS.Platform.Proxy.ConfigApi.ConfigurationApiItemWrapper..ctor(ServerId serverId, String path) in D:\actions-runner\_work\XPCO\XPCO\MIP\PlatformPlugin\VideoOS.Platform\src\Proxy\ConfigApi\ConfigurationApiItemWrapper.cs:line 110&#xD;
   at VideoOS.Platform.ConfigurationItems.Factory.IsItemTypeSupported(ServerId serverId, String itemType) in D:\actions-runner\_work\XPCO\XPCO\MIP\PlatformPlugin\VideoOS.Platform\src\ConfigurationItems\Factory.cs:line 464&#xD;
MIP: Error: GetConfiguration (): CustomSetting not found for the given platformDefinitionId: e145597a-ecaf-40a1-99e6-14bb9d45a09e&#xD;
MIP: Error: ConfigurationApiItemWrapper (): ConfigAPI GetItem(): System.NotImplementedException, The method or operation is not implemented.&#xD;
MIP: Error: Factory.IsItemTypeSupported (): Exception source:      VideoOS.Platform.SDK.UnitTests&#xD;
Exception type:        System.NotImplementedException&#xD;
Exception message:     The method or operation is not implemented.&#xD;
Exception target site: GetItem&#xD;
   at VideoOS.Platform.SDKUnittest.EnvironmentTests.TestConfigurationClientService.GetItem(String path) in D:\actions-runner\_work\XPCO\XPCO\MIP\MIPSDK\tst\VideoOS.Platform.SDK.UnitTests\EnvironmentTests\TestsWithCorporateShimsBase.cs:line 227&#xD;
   at VideoOS.Platform.Proxy.ConfigApi.ConfigurationApiItemWrapper..ctor(ServerId serverId, String path) in D:\actions-runner\_work\XPCO\XPCO\MIP\PlatformPlugin\VideoOS.Platform\src\Proxy\ConfigApi\ConfigurationApiItemWrapper.cs:line 110&#xD;
   at VideoOS.Platform.ConfigurationItems.Factory.IsItemTypeSupported(ServerId serverId, String itemType) in D:\actions-runner\_work\XPCO\XPCO\MIP\PlatformPlugin\VideoOS.Platform\src\ConfigurationItems\Factory.cs:line 464&#xD;
&#xD;
Factory.IsItemTypeSupportedFactory.IsItemTypeSupported ()The method or operation is not implemented.   at VideoOS.Platform.SDKUnittest.EnvironmentTests.TestConfigurationClientService.GetItem(String path) in D:\actions-runner\_work\XPCO\XPCO\MIP\MIPSDK\tst\VideoOS.Platform.SDK.UnitTests\EnvironmentTests\TestsWithCorporateShimsBase.cs:line 227&#xD;
   at VideoOS.Platform.Proxy.ConfigApi.ConfigurationApiItemWrapper..ctor(ServerId serverId, String path) in D:\actions-runner\_work\XPCO\XPCO\MIP\PlatformPlugin\VideoOS.Platform\src\Proxy\ConfigApi\ConfigurationApiItemWrapper.cs:line 110&#xD;
   at VideoOS.Platform.ConfigurationItems.Factory.IsItemTypeSupported(ServerId serverId, String itemType) in D:\actions-runner\_work\XPCO\XPCO\MIP\PlatformPlugin\VideoOS.Platform\src\ConfigurationItems\Factory.cs:line 464&#xD;
MIP: Error: LoginServerOauth (): https://1.2.3.5:55/ManagementServer/ServerCommandServiceOAuth.svc The method or operation is not implemented.&#xD;
MIP: Error: ConfigurationApiItemWrapper (): ConfigAPI GetItem(): System.NotImplementedException, The method or operation is not implemented.&#xD;
MIP: Error: Factory.IsItemTypeSupported (): Exception source:      VideoOS.Platform.SDK.UnitTests&#xD;
Exception type:        System.NotImplementedException&#xD;
Exception message:     The method or operation is not implemented.&#xD;
Exception target site: GetItem&#xD;
   at VideoOS.Platform.SDKUnittest.EnvironmentTests.TestConfigurationClientService.GetItem(String path) in D:\actions-runner\_work\XPCO\XPCO\MIP\MIPSDK\tst\VideoOS.Platform.SDK.UnitTests\EnvironmentTests\TestsWithCorporateShimsBase.cs:line 227&#xD;
   at VideoOS.Platform.Proxy.ConfigApi.ConfigurationApiItemWrapper..ctor(ServerId serverId, String path) in D:\actions-runner\_work\XPCO\XPCO\MIP\PlatformPlugin\VideoOS.Platform\src\Proxy\ConfigApi\ConfigurationApiItemWrapper.cs:line 110&#xD;
   at VideoOS.Platform.ConfigurationItems.Factory.IsItemTypeSupported(ServerId serverId, String itemType) in D:\actions-runner\_work\XPCO\XPCO\MIP\PlatformPlugin\VideoOS.Platform\src\ConfigurationItems\Factory.cs:line 464&#xD;
&#xD;
Factory.IsItemTypeSupportedFactory.IsItemTypeSupported ()The method or operation is not implemented.   at VideoOS.Platform.SDKUnittest.EnvironmentTests.TestConfigurationClientService.GetItem(String path) in D:\actions-runner\_work\XPCO\XPCO\MIP\MIPSDK\tst\VideoOS.Platform.SDK.UnitTests\EnvironmentTests\TestsWithCorporateShimsBase.cs:line 227&#xD;
   at VideoOS.Platform.Proxy.ConfigApi.ConfigurationApiItemWrapper..ctor(ServerId serverId, String path) in D:\actions-runner\_work\XPCO\XPCO\MIP\PlatformPlugin\VideoOS.Platform\src\Proxy\ConfigApi\ConfigurationApiItemWrapper.cs:line 110&#xD;
   at VideoOS.Platform.ConfigurationItems.Factory.IsItemTypeSupported(ServerId serverId, String itemType) in D:\actions-runner\_work\XPCO\XPCO\MIP\PlatformPlugin\VideoOS.Platform\src\ConfigurationItems\Factory.cs:line 464&#xD;
MIP: Error: ConfigurationApiItemWrapper (): ConfigAPI GetItem(): System.NotImplementedException, The method or operation is not implemented.&#xD;
MIP: Error: Factory.IsItemTypeSupported (): Exception source:      VideoOS.Platform.SDK.UnitTests&#xD;
Exception type:        System.NotImplementedException&#xD;
Exception message:     The method or operation is not implemented.&#xD;
Exception target site: GetItem&#xD;
   at VideoOS.Platform.SDKUnittest.EnvironmentTests.TestConfigurationClientService.GetItem(String path) in D:\actions-runner\_work\XPCO\XPCO\MIP\MIPSDK\tst\VideoOS.Platform.SDK.UnitTests\EnvironmentTests\TestsWithCorporateShimsBase.cs:line 227&#xD;
   at VideoOS.Platform.Proxy.ConfigApi.ConfigurationApiItemWrapper..ctor(ServerId serverId, String path) in D:\actions-runner\_work\XPCO\XPCO\MIP\PlatformPlugin\VideoOS.Platform\src\Proxy\ConfigApi\ConfigurationApiItemWrapper.cs:line 110&#xD;
   at VideoOS.Platform.ConfigurationItems.Factory.IsItemTypeSupported(ServerId serverId, String itemType) in D:\actions-runner\_work\XPCO\XPCO\MIP\PlatformPlugin\VideoOS.Platform\src\ConfigurationItems\Factory.cs:line 464&#xD;
&#xD;
Factory.IsItemTypeSupportedFactory.IsItemTypeSupported ()The method or operation is not implemented.   at VideoOS.Platform.SDKUnittest.EnvironmentTests.TestConfigurationClientService.GetItem(String path) in D:\actions-runner\_work\XPCO\XPCO\MIP\MIPSDK\tst\VideoOS.Platform.SDK.UnitTests\EnvironmentTests\TestsWithCorporateShimsBase.cs:line 227&#xD;
   at VideoOS.Platform.Proxy.ConfigApi.ConfigurationApiItemWrapper..ctor(ServerId serverId, String path) in D:\actions-runner\_work\XPCO\XPCO\MIP\PlatformPlugin\VideoOS.Platform\src\Proxy\ConfigApi\ConfigurationApiItemWrapper.cs:line 110&#xD;
   at VideoOS.Platform.ConfigurationItems.Factory.IsItemTypeSupported(ServerId serverId, String itemType) in D:\actions-runner\_work\XPCO\XPCO\MIP\PlatformPlugin\VideoOS.Platform\src\ConfigurationItems\Factory.cs:line 464&#xD;
MIP: Error: ConfigurationApiItemWrapper (): ConfigAPI GetItem(): System.NotImplementedException, The method or operation is not implemented.&#xD;
MIP: Error: Factory.IsItemTypeSupported (): Exception source:      VideoOS.Platform.SDK.UnitTests&#xD;
Exception type:        System.NotImplementedException&#xD;
Exception message:     The method or operation is not implemented.&#xD;
Exception target site: GetItem&#xD;
   at VideoOS.Platform.SDKUnittest.EnvironmentTests.TestConfigurationClientService.GetItem(String path) in D:\actions-runner\_work\XPCO\XPCO\MIP\MIPSDK\tst\VideoOS.Platform.SDK.UnitTests\EnvironmentTests\TestsWithCorporateShimsBase.cs:line 227&#xD;
   at VideoOS.Platform.Proxy.ConfigApi.ConfigurationApiItemWrapper..ctor(ServerId serverId, String path) in D:\actions-runner\_work\XPCO\XPCO\MIP\PlatformPlugin\VideoOS.Platform\src\Proxy\ConfigApi\ConfigurationApiItemWrapper.cs:line 110&#xD;
   at VideoOS.Platform.ConfigurationItems.Factory.IsItemTypeSupported(ServerId serverId, String itemType) in D:\actions-runner\_work\XPCO\XPCO\MIP\PlatformPlugin\VideoOS.Platform\src\ConfigurationItems\Factory.cs:line 464&#xD;
&#xD;
Factory.IsItemTypeSupportedFactory.IsItemTypeSupported ()The method or operation is not implemented.   at VideoOS.Platform.SDKUnittest.EnvironmentTests.TestConfigurationClientService.GetItem(String path) in D:\actions-runner\_work\XPCO\XPCO\MIP\MIPSDK\tst\VideoOS.Platform.SDK.UnitTests\EnvironmentTests\TestsWithCorporateShimsBase.cs:line 227&#xD;
   at VideoOS.Platform.Proxy.ConfigApi.ConfigurationApiItemWrapper..ctor(ServerId serverId, String path) in D:\actions-runner\_work\XPCO\XPCO\MIP\PlatformPlugin\VideoOS.Platform\src\Proxy\ConfigApi\ConfigurationApiItemWrapper.cs:line 110&#xD;
   at VideoOS.Platform.ConfigurationItems.Factory.IsItemTypeSupported(ServerId serverId, String itemType) in D:\actions-runner\_work\XPCO\XPCO\MIP\PlatformPlugin\VideoOS.Platform\src\ConfigurationItems\Factory.cs:line 464&#xD;
MIP: Error: ConfigurationApiItemWrapper (): ConfigAPI GetItem(): System.NotImplementedException, The method or operation is not implemented.&#xD;
MIP: Error: Factory.IsItemTypeSupported (): Exception source:      VideoOS.Platform.SDK.UnitTests&#xD;
Exception type:        System.NotImplementedException&#xD;
Exception message:     The method or operation is not implemented.&#xD;
Exception target site: GetItem&#xD;
   at VideoOS.Platform.SDKUnittest.EnvironmentTests.TestConfigurationClientService.GetItem(String path) in D:\actions-runner\_work\XPCO\XPCO\MIP\MIPSDK\tst\VideoOS.Platform.SDK.UnitTests\EnvironmentTests\TestsWithCorporateShimsBase.cs:line 227&#xD;
   at VideoOS.Platform.Proxy.ConfigApi.ConfigurationApiItemWrapper..ctor(ServerId serverId, String path) in D:\actions-runner\_work\XPCO\XPCO\MIP\PlatformPlugin\VideoOS.Platform\src\Proxy\ConfigApi\ConfigurationApiItemWrapper.cs:line 110&#xD;
   at VideoOS.Platform.ConfigurationItems.Factory.IsItemTypeSupported(ServerId serverId, String itemType) in D:\actions-runner\_work\XPCO\XPCO\MIP\PlatformPlugin\VideoOS.Platform\src\ConfigurationItems\Factory.cs:line 464&#xD;
&#xD;
Factory.IsItemTypeSupportedFactory.IsItemTypeSupported ()The method or operation is not implemented.   at VideoOS.Platform.SDKUnittest.EnvironmentTests.TestConfigurationClientService.GetItem(String path) in D:\actions-runner\_work\XPCO\XPCO\MIP\MIPSDK\tst\VideoOS.Platform.SDK.UnitTests\EnvironmentTests\TestsWithCorporateShimsBase.cs:line 227&#xD;
   at VideoOS.Platform.Proxy.ConfigApi.ConfigurationApiItemWrapper..ctor(ServerId serverId, String path) in D:\actions-runner\_work\XPCO\XPCO\MIP\PlatformPlugin\VideoOS.Platform\src\Proxy\ConfigApi\ConfigurationApiItemWrapper.cs:line 110&#xD;
   at VideoOS.Platform.ConfigurationItems.Factory.IsItemTypeSupported(ServerId serverId, String itemType) in D:\actions-runner\_work\XPCO\XPCO\MIP\PlatformPlugin\VideoOS.Platform\src\ConfigurationItems\Factory.cs:line 464&#xD;
MIP: Error: ConfigurationApiItemWrapper (): ConfigAPI GetItem(): System.NotImplementedException, The method or operation is not implemented.&#xD;
MIP: Error: Factory.IsItemTypeSupported (): Exception source:      VideoOS.Platform.SDK.UnitTests&#xD;
Exception type:        System.NotImplementedException&#xD;
Exception message:     The method or operation is not implemented.&#xD;
Exception target site: GetItem&#xD;
   at VideoOS.Platform.SDKUnittest.EnvironmentTests.TestConfigurationClientService.GetItem(String path) in D:\actions-runner\_work\XPCO\XPCO\MIP\MIPSDK\tst\VideoOS.Platform.SDK.UnitTests\EnvironmentTests\TestsWithCorporateShimsBase.cs:line 227&#xD;
   at VideoOS.Platform.Proxy.ConfigApi.ConfigurationApiItemWrapper..ctor(ServerId serverId, String path) in D:\actions-runner\_work\XPCO\XPCO\MIP\PlatformPlugin\VideoOS.Platform\src\Proxy\ConfigApi\ConfigurationApiItemWrapper.cs:line 110&#xD;
   at VideoOS.Platform.ConfigurationItems.Factory.IsItemTypeSupported(ServerId serverId, String itemType) in D:\actions-runner\_work\XPCO\XPCO\MIP\PlatformPlugin\VideoOS.Platform\src\ConfigurationItems\Factory.cs:line 464&#xD;
&#xD;
Factory.IsItemTypeSupportedFactory.IsItemTypeSupported ()The method or operation is not implemented.   at VideoOS.Platform.SDKUnittest.EnvironmentTests.TestConfigurationClientService.GetItem(String path) in D:\actions-runner\_work\XPCO\XPCO\MIP\MIPSDK\tst\VideoOS.Platform.SDK.UnitTests\EnvironmentTests\TestsWithCorporateShimsBase.cs:line 227&#xD;
   at VideoOS.Platform.Proxy.ConfigApi.ConfigurationApiItemWrapper..ctor(ServerId serverId, String path) in D:\actions-runner\_work\XPCO\XPCO\MIP\PlatformPlugin\VideoOS.Platform\src\Proxy\ConfigApi\ConfigurationApiItemWrapper.cs:line 110&#xD;
   at VideoOS.Platform.ConfigurationItems.Factory.IsItemTypeSupported(ServerId serverId, String itemType) in D:\actions-runner\_work\XPCO\XPCO\MIP\PlatformPlugin\VideoOS.Platform\src\ConfigurationItems\Factory.cs:line 464</StdOut>
      </Output>
    </UnitTestResult>
    <UnitTestResult executionId="1d418c77-297e-4a83-8a4d-04d2c7bd27a3" testId="56cbaa9d-4f02-3ab9-a0f7-ef1ee9ad216c" testName="XpcoSiteInfoUriWithType" computerName="DKSR-EFI-06" duration="00:00:00.1663174" startTime="2024-01-09T15:45:43.5294775+01:00" endTime="2024-01-09T15:45:43.7014120+01:00" testType="13cdc9d9-ddb5-4fa4-a97d-d965ccfc6d4b" outcome="Passed" testListId="8c84fa94-04c1-424b-9868-57a2d4851a1d" relativeResultsDirectory="1d418c77-297e-4a83-8a4d-04d2c7bd27a3">
      <Output>
        <StdOut>Debug Trace:&#xD;
TopLevelControl returns null. PostMessage may have problems</StdOut>
      </Output>
    </UnitTestResult>
    <UnitTestResult executionId="58e88658-664a-4606-b157-fa97a603cdbf" testId="1898017e-0a0a-9fff-c891-5b794811d9ca" testName="IsServerConnected_Correct" computerName="DKSR-EFI-06" duration="00:00:00.0122977" startTime="2024-01-09T15:44:27.1386819+01:00" endTime="2024-01-09T15:44:27.1543082+01:00" testType="13cdc9d9-ddb5-4fa4-a97d-d965ccfc6d4b" outcome="Passed" testListId="8c84fa94-04c1-424b-9868-57a2d4851a1d" relativeResultsDirectory="58e88658-664a-4606-b157-fa97a603cdbf" />
    <UnitTestResult executionId="1e70f415-adc6-46b3-914d-4f8cbd084346" testId="0692d415-cb51-e036-3177-b14298f4c3a2" testName="StopRecording_ShouldDoNothing_WhenRecordingIsAlreadyStopped" computerName="DKSR-EFI-06" duration="00:00:00.0009385" startTime="2024-01-09T15:45:56.7043741+01:00" endTime="2024-01-09T15:45:56.7043741+01:00" testType="13cdc9d9-ddb5-4fa4-a97d-d965ccfc6d4b" outcome="Passed" testListId="8c84fa94-04c1-424b-9868-57a2d4851a1d" relativeResultsDirectory="1e70f415-adc6-46b3-914d-4f8cbd084346" />
    <UnitTestResult executionId="77540ba8-d785-4a4b-9a55-e750144ece83" testId="3795da59-268b-cf4c-19da-1cfedc7c684a" testName="IgnoreCaseCompareOk" computerName="DKSR-EFI-06" duration="00:00:00.0017367" startTime="2024-01-09T15:45:21.8731612+01:00" endTime="2024-01-09T15:45:21.8731612+01:00" testType="13cdc9d9-ddb5-4fa4-a97d-d965ccfc6d4b" outcome="Passed" testListId="8c84fa94-04c1-424b-9868-57a2d4851a1d" relativeResultsDirectory="77540ba8-d785-4a4b-9a55-e750144ece83" />
    <UnitTestResult executionId="27cda969-cca3-478d-8788-228af7088672" testId="207a3d78-df6f-77e7-ea7b-416c6af70bf7" testName="LiveStop_NotConnected_DoesNotCrash" computerName="DKSR-EFI-06" duration="00:00:00.0007584" startTime="2024-01-09T15:45:56.8606460+01:00" endTime="2024-01-09T15:45:56.8606460+01:00" testType="13cdc9d9-ddb5-4fa4-a97d-d965ccfc6d4b" outcome="Passed" testListId="8c84fa94-04c1-424b-9868-57a2d4851a1d" relativeResultsDirectory="27cda969-cca3-478d-8788-228af7088672" />
    <UnitTestResult executionId="63844395-2cc2-40c7-ac8b-4b01a1156a87" testId="1731feec-b95b-cd41-dc58-17e0973fdc80" testName="XpcoMultiUserLoginSingleServerIsOnline" computerName="DKSR-EFI-06" duration="00:00:01.1764777" startTime="2024-01-09T15:45:42.1700425+01:00" endTime="2024-01-09T15:45:43.3439769+01:00" testType="13cdc9d9-ddb5-4fa4-a97d-d965ccfc6d4b" outcome="Passed" testListId="8c84fa94-04c1-424b-9868-57a2d4851a1d" relativeResultsDirectory="63844395-2cc2-40c7-ac8b-4b01a1156a87">
      <Output>
        <StdOut>Debug Trace:&#xD;
TopLevelControl returns null. PostMessage may have problems&#xD;
MIP: Error: ConfigurationApiItemWrapper (): ConfigAPI GetItem(): System.NotImplementedException, The method or operation is not implemented.&#xD;
MIP: Error: Factory.IsItemTypeSupported (): Exception source:      VideoOS.Platform.SDK.UnitTests&#xD;
Exception type:        System.NotImplementedException&#xD;
Exception message:     The method or operation is not implemented.&#xD;
Exception target site: GetItem&#xD;
   at VideoOS.Platform.SDKUnittest.EnvironmentTests.TestConfigurationClientService.GetItem(String path) in D:\actions-runner\_work\XPCO\XPCO\MIP\MIPSDK\tst\VideoOS.Platform.SDK.UnitTests\EnvironmentTests\TestsWithCorporateShimsBase.cs:line 227&#xD;
   at VideoOS.Platform.Proxy.ConfigApi.ConfigurationApiItemWrapper..ctor(ServerId serverId, String path) in D:\actions-runner\_work\XPCO\XPCO\MIP\PlatformPlugin\VideoOS.Platform\src\Proxy\ConfigApi\ConfigurationApiItemWrapper.cs:line 110&#xD;
   at VideoOS.Platform.ConfigurationItems.Factory.IsItemTypeSupported(ServerId serverId, String itemType) in D:\actions-runner\_work\XPCO\XPCO\MIP\PlatformPlugin\VideoOS.Platform\src\ConfigurationItems\Factory.cs:line 464&#xD;
&#xD;
Factory.IsItemTypeSupportedFactory.IsItemTypeSupported ()The method or operation is not implemented.   at VideoOS.Platform.SDKUnittest.EnvironmentTests.TestConfigurationClientService.GetItem(String path) in D:\actions-runner\_work\XPCO\XPCO\MIP\MIPSDK\tst\VideoOS.Platform.SDK.UnitTests\EnvironmentTests\TestsWithCorporateShimsBase.cs:line 227&#xD;
   at VideoOS.Platform.Proxy.ConfigApi.ConfigurationApiItemWrapper..ctor(ServerId serverId, String path) in D:\actions-runner\_work\XPCO\XPCO\MIP\PlatformPlugin\VideoOS.Platform\src\Proxy\ConfigApi\ConfigurationApiItemWrapper.cs:line 110&#xD;
   at VideoOS.Platform.ConfigurationItems.Factory.IsItemTypeSupported(ServerId serverId, String itemType) in D:\actions-runner\_work\XPCO\XPCO\MIP\PlatformPlugin\VideoOS.Platform\src\ConfigurationItems\Factory.cs:line 464&#xD;
MIP: Error: GetConfiguration (): CustomSetting not found for the given platformDefinitionId: e145597a-ecaf-40a1-99e6-14bb9d45a09e&#xD;
MIP: Error: ConfigurationApiItemWrapper (): ConfigAPI GetItem(): System.NotImplementedException, The method or operation is not implemented.&#xD;
MIP: Error: Factory.IsItemTypeSupported (): Exception source:      VideoOS.Platform.SDK.UnitTests&#xD;
Exception type:        System.NotImplementedException&#xD;
Exception message:     The method or operation is not implemented.&#xD;
Exception target site: GetItem&#xD;
   at VideoOS.Platform.SDKUnittest.EnvironmentTests.TestConfigurationClientService.GetItem(String path) in D:\actions-runner\_work\XPCO\XPCO\MIP\MIPSDK\tst\VideoOS.Platform.SDK.UnitTests\EnvironmentTests\TestsWithCorporateShimsBase.cs:line 227&#xD;
   at VideoOS.Platform.Proxy.ConfigApi.ConfigurationApiItemWrapper..ctor(ServerId serverId, String path) in D:\actions-runner\_work\XPCO\XPCO\MIP\PlatformPlugin\VideoOS.Platform\src\Proxy\ConfigApi\ConfigurationApiItemWrapper.cs:line 110&#xD;
   at VideoOS.Platform.ConfigurationItems.Factory.IsItemTypeSupported(ServerId serverId, String itemType) in D:\actions-runner\_work\XPCO\XPCO\MIP\PlatformPlugin\VideoOS.Platform\src\ConfigurationItems\Factory.cs:line 464&#xD;
&#xD;
Factory.IsItemTypeSupportedFactory.IsItemTypeSupported ()The method or operation is not implemented.   at VideoOS.Platform.SDKUnittest.EnvironmentTests.TestConfigurationClientService.GetItem(String path) in D:\actions-runner\_work\XPCO\XPCO\MIP\MIPSDK\tst\VideoOS.Platform.SDK.UnitTests\EnvironmentTests\TestsWithCorporateShimsBase.cs:line 227&#xD;
   at VideoOS.Platform.Proxy.ConfigApi.ConfigurationApiItemWrapper..ctor(ServerId serverId, String path) in D:\actions-runner\_work\XPCO\XPCO\MIP\PlatformPlugin\VideoOS.Platform\src\Proxy\ConfigApi\ConfigurationApiItemWrapper.cs:line 110&#xD;
   at VideoOS.Platform.ConfigurationItems.Factory.IsItemTypeSupported(ServerId serverId, String itemType) in D:\actions-runner\_work\XPCO\XPCO\MIP\PlatformPlugin\VideoOS.Platform\src\ConfigurationItems\Factory.cs:line 464&#xD;
MIP: Error: LoginServerOauth (): https://1.2.3.5:55/ManagementServer/ServerCommandServiceOAuth.svc The method or operation is not implemented.&#xD;
MIP: Error: ConfigurationApiItemWrapper (): ConfigAPI GetItem(): System.NotImplementedException, The method or operation is not implemented.&#xD;
MIP: Error: Factory.IsItemTypeSupported (): Exception source:      VideoOS.Platform.SDK.UnitTests&#xD;
Exception type:        System.NotImplementedException&#xD;
Exception message:     The method or operation is not implemented.&#xD;
Exception target site: GetItem&#xD;
   at VideoOS.Platform.SDKUnittest.EnvironmentTests.TestConfigurationClientService.GetItem(String path) in D:\actions-runner\_work\XPCO\XPCO\MIP\MIPSDK\tst\VideoOS.Platform.SDK.UnitTests\EnvironmentTests\TestsWithCorporateShimsBase.cs:line 227&#xD;
   at VideoOS.Platform.Proxy.ConfigApi.ConfigurationApiItemWrapper..ctor(ServerId serverId, String path) in D:\actions-runner\_work\XPCO\XPCO\MIP\PlatformPlugin\VideoOS.Platform\src\Proxy\ConfigApi\ConfigurationApiItemWrapper.cs:line 110&#xD;
   at VideoOS.Platform.ConfigurationItems.Factory.IsItemTypeSupported(ServerId serverId, String itemType) in D:\actions-runner\_work\XPCO\XPCO\MIP\PlatformPlugin\VideoOS.Platform\src\ConfigurationItems\Factory.cs:line 464&#xD;
&#xD;
Factory.IsItemTypeSupportedFactory.IsItemTypeSupported ()The method or operation is not implemented.   at VideoOS.Platform.SDKUnittest.EnvironmentTests.TestConfigurationClientService.GetItem(String path) in D:\actions-runner\_work\XPCO\XPCO\MIP\MIPSDK\tst\VideoOS.Platform.SDK.UnitTests\EnvironmentTests\TestsWithCorporateShimsBase.cs:line 227&#xD;
   at VideoOS.Platform.Proxy.ConfigApi.ConfigurationApiItemWrapper..ctor(ServerId serverId, String path) in D:\actions-runner\_work\XPCO\XPCO\MIP\PlatformPlugin\VideoOS.Platform\src\Proxy\ConfigApi\ConfigurationApiItemWrapper.cs:line 110&#xD;
   at VideoOS.Platform.ConfigurationItems.Factory.IsItemTypeSupported(ServerId serverId, String itemType) in D:\actions-runner\_work\XPCO\XPCO\MIP\PlatformPlugin\VideoOS.Platform\src\ConfigurationItems\Factory.cs:line 464&#xD;
MIP: Error: GetConfiguration (): CustomSetting not found for the given platformDefinitionId: e145597a-ecaf-40a1-99e6-14bb9d45a09e&#xD;
MIP: Error: ConfigurationApiItemWrapper (): ConfigAPI GetItem(): System.NotImplementedException, The method or operation is not implemented.&#xD;
MIP: Error: Factory.IsItemTypeSupported (): Exception source:      VideoOS.Platform.SDK.UnitTests&#xD;
Exception type:        System.NotImplementedException&#xD;
Exception message:     The method or operation is not implemented.&#xD;
Exception target site: GetItem&#xD;
   at VideoOS.Platform.SDKUnittest.EnvironmentTests.TestConfigurationClientService.GetItem(String path) in D:\actions-runner\_work\XPCO\XPCO\MIP\MIPSDK\tst\VideoOS.Platform.SDK.UnitTests\EnvironmentTests\TestsWithCorporateShimsBase.cs:line 227&#xD;
   at VideoOS.Platform.Proxy.ConfigApi.ConfigurationApiItemWrapper..ctor(ServerId serverId, String path) in D:\actions-runner\_work\XPCO\XPCO\MIP\PlatformPlugin\VideoOS.Platform\src\Proxy\ConfigApi\ConfigurationApiItemWrapper.cs:line 110&#xD;
   at VideoOS.Platform.ConfigurationItems.Factory.IsItemTypeSupported(ServerId serverId, String itemType) in D:\actions-runner\_work\XPCO\XPCO\MIP\PlatformPlugin\VideoOS.Platform\src\ConfigurationItems\Factory.cs:line 464&#xD;
&#xD;
Factory.IsItemTypeSupportedFactory.IsItemTypeSupported ()The method or operation is not implemented.   at VideoOS.Platform.SDKUnittest.EnvironmentTests.TestConfigurationClientService.GetItem(String path) in D:\actions-runner\_work\XPCO\XPCO\MIP\MIPSDK\tst\VideoOS.Platform.SDK.UnitTests\EnvironmentTests\TestsWithCorporateShimsBase.cs:line 227&#xD;
   at VideoOS.Platform.Proxy.ConfigApi.ConfigurationApiItemWrapper..ctor(ServerId serverId, String path) in D:\actions-runner\_work\XPCO\XPCO\MIP\PlatformPlugin\VideoOS.Platform\src\Proxy\ConfigApi\ConfigurationApiItemWrapper.cs:line 110&#xD;
   at VideoOS.Platform.ConfigurationItems.Factory.IsItemTypeSupported(ServerId serverId, String itemType) in D:\actions-runner\_work\XPCO\XPCO\MIP\PlatformPlugin\VideoOS.Platform\src\ConfigurationItems\Factory.cs:line 464&#xD;
MIP: Error: LoginServerOauth (): https://1.2.3.5:55/ManagementServer/ServerCommandServiceOAuth.svc The method or operation is not implemented.&#xD;
MIP: Error: ConfigurationApiItemWrapper (): ConfigAPI GetItem(): System.NotImplementedException, The method or operation is not implemented.&#xD;
MIP: Error: Factory.IsItemTypeSupported (): Exception source:      VideoOS.Platform.SDK.UnitTests&#xD;
Exception type:        System.NotImplementedException&#xD;
Exception message:     The method or operation is not implemented.&#xD;
Exception target site: GetItem&#xD;
   at VideoOS.Platform.SDKUnittest.EnvironmentTests.TestConfigurationClientService.GetItem(String path) in D:\actions-runner\_work\XPCO\XPCO\MIP\MIPSDK\tst\VideoOS.Platform.SDK.UnitTests\EnvironmentTests\TestsWithCorporateShimsBase.cs:line 227&#xD;
   at VideoOS.Platform.Proxy.ConfigApi.ConfigurationApiItemWrapper..ctor(ServerId serverId, String path) in D:\actions-runner\_work\XPCO\XPCO\MIP\PlatformPlugin\VideoOS.Platform\src\Proxy\ConfigApi\ConfigurationApiItemWrapper.cs:line 110&#xD;
   at VideoOS.Platform.ConfigurationItems.Factory.IsItemTypeSupported(ServerId serverId, String itemType) in D:\actions-runner\_work\XPCO\XPCO\MIP\PlatformPlugin\VideoOS.Platform\src\ConfigurationItems\Factory.cs:line 464&#xD;
&#xD;
Factory.IsItemTypeSupportedFactory.IsItemTypeSupported ()The method or operation is not implemented.   at VideoOS.Platform.SDKUnittest.EnvironmentTests.TestConfigurationClientService.GetItem(String path) in D:\actions-runner\_work\XPCO\XPCO\MIP\MIPSDK\tst\VideoOS.Platform.SDK.UnitTests\EnvironmentTests\TestsWithCorporateShimsBase.cs:line 227&#xD;
   at VideoOS.Platform.Proxy.ConfigApi.ConfigurationApiItemWrapper..ctor(ServerId serverId, String path) in D:\actions-runner\_work\XPCO\XPCO\MIP\PlatformPlugin\VideoOS.Platform\src\Proxy\ConfigApi\ConfigurationApiItemWrapper.cs:line 110&#xD;
   at VideoOS.Platform.ConfigurationItems.Factory.IsItemTypeSupported(ServerId serverId, String itemType) in D:\actions-runner\_work\XPCO\XPCO\MIP\PlatformPlugin\VideoOS.Platform\src\ConfigurationItems\Factory.cs:line 464&#xD;
MIP: Error: ConfigurationApiItemWrapper (): ConfigAPI GetItem(): System.NotImplementedException, The method or operation is not implemented.&#xD;
MIP: Error: Factory.IsItemTypeSupported (): Exception source:      VideoOS.Platform.SDK.UnitTests&#xD;
Exception type:        System.NotImplementedException&#xD;
Exception message:     The method or operation is not implemented.&#xD;
Exception target site: GetItem&#xD;
   at VideoOS.Platform.SDKUnittest.EnvironmentTests.TestConfigurationClientService.GetItem(String path) in D:\actions-runner\_work\XPCO\XPCO\MIP\MIPSDK\tst\VideoOS.Platform.SDK.UnitTests\EnvironmentTests\TestsWithCorporateShimsBase.cs:line 227&#xD;
   at VideoOS.Platform.Proxy.ConfigApi.ConfigurationApiItemWrapper..ctor(ServerId serverId, String path) in D:\actions-runner\_work\XPCO\XPCO\MIP\PlatformPlugin\VideoOS.Platform\src\Proxy\ConfigApi\ConfigurationApiItemWrapper.cs:line 110&#xD;
   at VideoOS.Platform.ConfigurationItems.Factory.IsItemTypeSupported(ServerId serverId, String itemType) in D:\actions-runner\_work\XPCO\XPCO\MIP\PlatformPlugin\VideoOS.Platform\src\ConfigurationItems\Factory.cs:line 464&#xD;
&#xD;
Factory.IsItemTypeSupportedFactory.IsItemTypeSupported ()The method or operation is not implemented.   at VideoOS.Platform.SDKUnittest.EnvironmentTests.TestConfigurationClientService.GetItem(String path) in D:\actions-runner\_work\XPCO\XPCO\MIP\MIPSDK\tst\VideoOS.Platform.SDK.UnitTests\EnvironmentTests\TestsWithCorporateShimsBase.cs:line 227&#xD;
   at VideoOS.Platform.Proxy.ConfigApi.ConfigurationApiItemWrapper..ctor(ServerId serverId, String path) in D:\actions-runner\_work\XPCO\XPCO\MIP\PlatformPlugin\VideoOS.Platform\src\Proxy\ConfigApi\ConfigurationApiItemWrapper.cs:line 110&#xD;
   at VideoOS.Platform.ConfigurationItems.Factory.IsItemTypeSupported(ServerId serverId, String itemType) in D:\actions-runner\_work\XPCO\XPCO\MIP\PlatformPlugin\VideoOS.Platform\src\ConfigurationItems\Factory.cs:line 464&#xD;
MIP: Error: LoginServerOauth (): https://1.2.3.5:55/ManagementServer/ServerCommandServiceOAuth.svc The method or operation is not implemented.&#xD;
MIP: Error: ConfigurationApiItemWrapper (): ConfigAPI GetItem(): System.NotImplementedException, The method or operation is not implemented.&#xD;
MIP: Error: Factory.IsItemTypeSupported (): Exception source:      VideoOS.Platform.SDK.UnitTests&#xD;
Exception type:        System.NotImplementedException&#xD;
Exception message:     The method or operation is not implemented.&#xD;
Exception target site: GetItem&#xD;
   at VideoOS.Platform.SDKUnittest.EnvironmentTests.TestConfigurationClientService.GetItem(String path) in D:\actions-runner\_work\XPCO\XPCO\MIP\MIPSDK\tst\VideoOS.Platform.SDK.UnitTests\EnvironmentTests\TestsWithCorporateShimsBase.cs:line 227&#xD;
   at VideoOS.Platform.Proxy.ConfigApi.ConfigurationApiItemWrapper..ctor(ServerId serverId, String path) in D:\actions-runner\_work\XPCO\XPCO\MIP\PlatformPlugin\VideoOS.Platform\src\Proxy\ConfigApi\ConfigurationApiItemWrapper.cs:line 110&#xD;
   at VideoOS.Platform.ConfigurationItems.Factory.IsItemTypeSupported(ServerId serverId, String itemType) in D:\actions-runner\_work\XPCO\XPCO\MIP\PlatformPlugin\VideoOS.Platform\src\ConfigurationItems\Factory.cs:line 464&#xD;
&#xD;
Factory.IsItemTypeSupportedFactory.IsItemTypeSupported ()The method or operation is not implemented.   at VideoOS.Platform.SDKUnittest.EnvironmentTests.TestConfigurationClientService.GetItem(String path) in D:\actions-runner\_work\XPCO\XPCO\MIP\MIPSDK\tst\VideoOS.Platform.SDK.UnitTests\EnvironmentTests\TestsWithCorporateShimsBase.cs:line 227&#xD;
   at VideoOS.Platform.Proxy.ConfigApi.ConfigurationApiItemWrapper..ctor(ServerId serverId, String path) in D:\actions-runner\_work\XPCO\XPCO\MIP\PlatformPlugin\VideoOS.Platform\src\Proxy\ConfigApi\ConfigurationApiItemWrapper.cs:line 110&#xD;
   at VideoOS.Platform.ConfigurationItems.Factory.IsItemTypeSupported(ServerId serverId, String itemType) in D:\actions-runner\_work\XPCO\XPCO\MIP\PlatformPlugin\VideoOS.Platform\src\ConfigurationItems\Factory.cs:line 464&#xD;
MIP: Error: GetConfiguration (): CustomSetting not found for the given platformDefinitionId: e145597a-ecaf-40a1-99e6-14bb9d45a09e&#xD;
MIP: Error: ConfigurationApiItemWrapper (): ConfigAPI GetItem(): System.NotImplementedException, The method or operation is not implemented.&#xD;
MIP: Error: Factory.IsItemTypeSupported (): Exception source:      VideoOS.Platform.SDK.UnitTests&#xD;
Exception type:        System.NotImplementedException&#xD;
Exception message:     The method or operation is not implemented.&#xD;
Exception target site: GetItem&#xD;
   at VideoOS.Platform.SDKUnittest.EnvironmentTests.TestConfigurationClientService.GetItem(String path) in D:\actions-runner\_work\XPCO\XPCO\MIP\MIPSDK\tst\VideoOS.Platform.SDK.UnitTests\EnvironmentTests\TestsWithCorporateShimsBase.cs:line 227&#xD;
   at VideoOS.Platform.Proxy.ConfigApi.ConfigurationApiItemWrapper..ctor(ServerId serverId, String path) in D:\actions-runner\_work\XPCO\XPCO\MIP\PlatformPlugin\VideoOS.Platform\src\Proxy\ConfigApi\ConfigurationApiItemWrapper.cs:line 110&#xD;
   at VideoOS.Platform.ConfigurationItems.Factory.IsItemTypeSupported(ServerId serverId, String itemType) in D:\actions-runner\_work\XPCO\XPCO\MIP\PlatformPlugin\VideoOS.Platform\src\ConfigurationItems\Factory.cs:line 464&#xD;
&#xD;
Factory.IsItemTypeSupportedFactory.IsItemTypeSupported ()The method or operation is not implemented.   at VideoOS.Platform.SDKUnittest.EnvironmentTests.TestConfigurationClientService.GetItem(String path) in D:\actions-runner\_work\XPCO\XPCO\MIP\MIPSDK\tst\VideoOS.Platform.SDK.UnitTests\EnvironmentTests\TestsWithCorporateShimsBase.cs:line 227&#xD;
   at VideoOS.Platform.Proxy.ConfigApi.ConfigurationApiItemWrapper..ctor(ServerId serverId, String path) in D:\actions-runner\_work\XPCO\XPCO\MIP\PlatformPlugin\VideoOS.Platform\src\Proxy\ConfigApi\ConfigurationApiItemWrapper.cs:line 110&#xD;
   at VideoOS.Platform.ConfigurationItems.Factory.IsItemTypeSupported(ServerId serverId, String itemType) in D:\actions-runner\_work\XPCO\XPCO\MIP\PlatformPlugin\VideoOS.Platform\src\ConfigurationItems\Factory.cs:line 464&#xD;
MIP: Error: LoginServerOauth (): https://1.2.3.5:55/ManagementServer/ServerCommandServiceOAuth.svc The method or operation is not implemented.</StdOut>
      </Output>
    </UnitTestResult>
    <UnitTestResult executionId="2ff6d651-337f-4849-bb41-db9183da9790" testId="fc1cab11-50e0-2822-11d6-8684a843d351" testName="LiveStop_ConnectedAndNotPlayingLive_AvoidsToolkitReentry" computerName="DKSR-EFI-06" duration="00:00:00.0023964" startTime="2024-01-09T15:45:56.8606460+01:00" endTime="2024-01-09T15:45:56.8606460+01:00" testType="13cdc9d9-ddb5-4fa4-a97d-d965ccfc6d4b" outcome="Passed" testListId="8c84fa94-04c1-424b-9868-57a2d4851a1d" relativeResultsDirectory="2ff6d651-337f-4849-bb41-db9183da9790" />
    <UnitTestResult executionId="39cc9c44-1b8a-428f-ad4e-139398e614cd" testId="25427a6e-425e-4512-33a3-c00f4877572d" testName="Disconnect_Connected_DisconnectsAudioToolkit" computerName="DKSR-EFI-06" duration="00:00:00.0021279" startTime="2024-01-09T15:45:56.8450445+01:00" endTime="2024-01-09T15:45:56.8450445+01:00" testType="13cdc9d9-ddb5-4fa4-a97d-d965ccfc6d4b" outcome="Passed" testListId="8c84fa94-04c1-424b-9868-57a2d4851a1d" relativeResultsDirectory="39cc9c44-1b8a-428f-ad4e-139398e614cd" />
    <UnitTestResult executionId="147cec04-2949-4ee5-b85d-22f0cb0d3128" testId="e630de82-fafd-ad10-afe7-e93e9dd1df87" testName="CheckBaseTime1970FromDouble" computerName="DKSR-EFI-06" duration="00:00:00.0122766" startTime="2024-01-09T15:45:21.7637871+01:00" endTime="2024-01-09T15:45:21.7794119+01:00" testType="13cdc9d9-ddb5-4fa4-a97d-d965ccfc6d4b" outcome="Passed" testListId="8c84fa94-04c1-424b-9868-57a2d4851a1d" relativeResultsDirectory="147cec04-2949-4ee5-b85d-22f0cb0d3128" />
    <UnitTestResult executionId="5b383e72-2515-463a-9854-e15bf7ab5c81" testId="a251cec6-75d2-c3ac-bfd1-10289d5753e0" testName="XpcoAddServerViaSiteItem" computerName="DKSR-EFI-06" duration="00:00:01.6694853" startTime="2024-01-09T15:45:48.3277607+01:00" endTime="2024-01-09T15:45:50.0000258+01:00" testType="13cdc9d9-ddb5-4fa4-a97d-d965ccfc6d4b" outcome="Passed" testListId="8c84fa94-04c1-424b-9868-57a2d4851a1d" relativeResultsDirectory="5b383e72-2515-463a-9854-e15bf7ab5c81">
      <Output>
        <StdOut>Debug Trace:&#xD;
TopLevelControl returns null. PostMessage may have problems&#xD;
MIP: Error: ConfigurationApiItemWrapper (): ConfigAPI GetItem(): System.NotImplementedException, The method or operation is not implemented.&#xD;
MIP: Error: Factory.IsItemTypeSupported (): Exception source:      VideoOS.Platform.SDK.UnitTests&#xD;
Exception type:        System.NotImplementedException&#xD;
Exception message:     The method or operation is not implemented.&#xD;
Exception target site: GetItem&#xD;
   at VideoOS.Platform.SDKUnittest.EnvironmentTests.TestConfigurationClientService.GetItem(String path) in D:\actions-runner\_work\XPCO\XPCO\MIP\MIPSDK\tst\VideoOS.Platform.SDK.UnitTests\EnvironmentTests\TestsWithCorporateShimsBase.cs:line 227&#xD;
   at VideoOS.Platform.Proxy.ConfigApi.ConfigurationApiItemWrapper..ctor(ServerId serverId, String path) in D:\actions-runner\_work\XPCO\XPCO\MIP\PlatformPlugin\VideoOS.Platform\src\Proxy\ConfigApi\ConfigurationApiItemWrapper.cs:line 110&#xD;
   at VideoOS.Platform.ConfigurationItems.Factory.IsItemTypeSupported(ServerId serverId, String itemType) in D:\actions-runner\_work\XPCO\XPCO\MIP\PlatformPlugin\VideoOS.Platform\src\ConfigurationItems\Factory.cs:line 464&#xD;
&#xD;
Factory.IsItemTypeSupportedFactory.IsItemTypeSupported ()The method or operation is not implemented.   at VideoOS.Platform.SDKUnittest.EnvironmentTests.TestConfigurationClientService.GetItem(String path) in D:\actions-runner\_work\XPCO\XPCO\MIP\MIPSDK\tst\VideoOS.Platform.SDK.UnitTests\EnvironmentTests\TestsWithCorporateShimsBase.cs:line 227&#xD;
   at VideoOS.Platform.Proxy.ConfigApi.ConfigurationApiItemWrapper..ctor(ServerId serverId, String path) in D:\actions-runner\_work\XPCO\XPCO\MIP\PlatformPlugin\VideoOS.Platform\src\Proxy\ConfigApi\ConfigurationApiItemWrapper.cs:line 110&#xD;
   at VideoOS.Platform.ConfigurationItems.Factory.IsItemTypeSupported(ServerId serverId, String itemType) in D:\actions-runner\_work\XPCO\XPCO\MIP\PlatformPlugin\VideoOS.Platform\src\ConfigurationItems\Factory.cs:line 464&#xD;
MIP: Error: GetConfiguration (): CustomSetting not found for the given platformDefinitionId: e145597a-ecaf-40a1-99e6-14bb9d45a09e&#xD;
MIP: Error: ConfigurationApiItemWrapper (): ConfigAPI GetItem(): System.NotImplementedException, The method or operation is not implemented.&#xD;
MIP: Error: Factory.IsItemTypeSupported (): Exception source:      VideoOS.Platform.SDK.UnitTests&#xD;
Exception type:        System.NotImplementedException&#xD;
Exception message:     The method or operation is not implemented.&#xD;
Exception target site: GetItem&#xD;
   at VideoOS.Platform.SDKUnittest.EnvironmentTests.TestConfigurationClientService.GetItem(String path) in D:\actions-runner\_work\XPCO\XPCO\MIP\MIPSDK\tst\VideoOS.Platform.SDK.UnitTests\EnvironmentTests\TestsWithCorporateShimsBase.cs:line 227&#xD;
   at VideoOS.Platform.Proxy.ConfigApi.ConfigurationApiItemWrapper..ctor(ServerId serverId, String path) in D:\actions-runner\_work\XPCO\XPCO\MIP\PlatformPlugin\VideoOS.Platform\src\Proxy\ConfigApi\ConfigurationApiItemWrapper.cs:line 110&#xD;
   at VideoOS.Platform.ConfigurationItems.Factory.IsItemTypeSupported(ServerId serverId, String itemType) in D:\actions-runner\_work\XPCO\XPCO\MIP\PlatformPlugin\VideoOS.Platform\src\ConfigurationItems\Factory.cs:line 464&#xD;
&#xD;
Factory.IsItemTypeSupportedFactory.IsItemTypeSupported ()The method or operation is not implemented.   at VideoOS.Platform.SDKUnittest.EnvironmentTests.TestConfigurationClientService.GetItem(String path) in D:\actions-runner\_work\XPCO\XPCO\MIP\MIPSDK\tst\VideoOS.Platform.SDK.UnitTests\EnvironmentTests\TestsWithCorporateShimsBase.cs:line 227&#xD;
   at VideoOS.Platform.Proxy.ConfigApi.ConfigurationApiItemWrapper..ctor(ServerId serverId, String path) in D:\actions-runner\_work\XPCO\XPCO\MIP\PlatformPlugin\VideoOS.Platform\src\Proxy\ConfigApi\ConfigurationApiItemWrapper.cs:line 110&#xD;
   at VideoOS.Platform.ConfigurationItems.Factory.IsItemTypeSupported(ServerId serverId, String itemType) in D:\actions-runner\_work\XPCO\XPCO\MIP\PlatformPlugin\VideoOS.Platform\src\ConfigurationItems\Factory.cs:line 464&#xD;
MIP: Error: LoginServerOauth (): https://1.2.3.5:55/ManagementServer/ServerCommandServiceOAuth.svc The method or operation is not implemented.&#xD;
MIP: Error: ConfigurationApiItemWrapper (): ConfigAPI GetItem(): System.NotImplementedException, The method or operation is not implemented.&#xD;
MIP: Error: Factory.IsItemTypeSupported (): Exception source:      VideoOS.Platform.SDK.UnitTests&#xD;
Exception type:        System.NotImplementedException&#xD;
Exception message:     The method or operation is not implemented.&#xD;
Exception target site: GetItem&#xD;
   at VideoOS.Platform.SDKUnittest.EnvironmentTests.TestConfigurationClientService.GetItem(String path) in D:\actions-runner\_work\XPCO\XPCO\MIP\MIPSDK\tst\VideoOS.Platform.SDK.UnitTests\EnvironmentTests\TestsWithCorporateShimsBase.cs:line 227&#xD;
   at VideoOS.Platform.Proxy.ConfigApi.ConfigurationApiItemWrapper..ctor(ServerId serverId, String path) in D:\actions-runner\_work\XPCO\XPCO\MIP\PlatformPlugin\VideoOS.Platform\src\Proxy\ConfigApi\ConfigurationApiItemWrapper.cs:line 110&#xD;
   at VideoOS.Platform.ConfigurationItems.Factory.IsItemTypeSupported(ServerId serverId, String itemType) in D:\actions-runner\_work\XPCO\XPCO\MIP\PlatformPlugin\VideoOS.Platform\src\ConfigurationItems\Factory.cs:line 464&#xD;
&#xD;
Factory.IsItemTypeSupportedFactory.IsItemTypeSupported ()The method or operation is not implemented.   at VideoOS.Platform.SDKUnittest.EnvironmentTests.TestConfigurationClientService.GetItem(String path) in D:\actions-runner\_work\XPCO\XPCO\MIP\MIPSDK\tst\VideoOS.Platform.SDK.UnitTests\EnvironmentTests\TestsWithCorporateShimsBase.cs:line 227&#xD;
   at VideoOS.Platform.Proxy.ConfigApi.ConfigurationApiItemWrapper..ctor(ServerId serverId, String path) in D:\actions-runner\_work\XPCO\XPCO\MIP\PlatformPlugin\VideoOS.Platform\src\Proxy\ConfigApi\ConfigurationApiItemWrapper.cs:line 110&#xD;
   at VideoOS.Platform.ConfigurationItems.Factory.IsItemTypeSupported(ServerId serverId, String itemType) in D:\actions-runner\_work\XPCO\XPCO\MIP\PlatformPlugin\VideoOS.Platform\src\ConfigurationItems\Factory.cs:line 464&#xD;
MIP: Error: GetConfiguration (): CustomSetting not found for the given platformDefinitionId: e145597a-ecaf-40a1-99e6-14bb9d45a09e&#xD;
MIP: Error: ConfigurationApiItemWrapper (): ConfigAPI GetItem(): System.NotImplementedException, The method or operation is not implemented.&#xD;
MIP: Error: Factory.IsItemTypeSupported (): Exception source:      VideoOS.Platform.SDK.UnitTests&#xD;
Exception type:        System.NotImplementedException&#xD;
Exception message:     The method or operation is not implemented.&#xD;
Exception target site: GetItem&#xD;
   at VideoOS.Platform.SDKUnittest.EnvironmentTests.TestConfigurationClientService.GetItem(String path) in D:\actions-runner\_work\XPCO\XPCO\MIP\MIPSDK\tst\VideoOS.Platform.SDK.UnitTests\EnvironmentTests\TestsWithCorporateShimsBase.cs:line 227&#xD;
   at VideoOS.Platform.Proxy.ConfigApi.ConfigurationApiItemWrapper..ctor(ServerId serverId, String path) in D:\actions-runner\_work\XPCO\XPCO\MIP\PlatformPlugin\VideoOS.Platform\src\Proxy\ConfigApi\ConfigurationApiItemWrapper.cs:line 110&#xD;
   at VideoOS.Platform.ConfigurationItems.Factory.IsItemTypeSupported(ServerId serverId, String itemType) in D:\actions-runner\_work\XPCO\XPCO\MIP\PlatformPlugin\VideoOS.Platform\src\ConfigurationItems\Factory.cs:line 464&#xD;
&#xD;
Factory.IsItemTypeSupportedFactory.IsItemTypeSupported ()The method or operation is not implemented.   at VideoOS.Platform.SDKUnittest.EnvironmentTests.TestConfigurationClientService.GetItem(String path) in D:\actions-runner\_work\XPCO\XPCO\MIP\MIPSDK\tst\VideoOS.Platform.SDK.UnitTests\EnvironmentTests\TestsWithCorporateShimsBase.cs:line 227&#xD;
   at VideoOS.Platform.Proxy.ConfigApi.ConfigurationApiItemWrapper..ctor(ServerId serverId, String path) in D:\actions-runner\_work\XPCO\XPCO\MIP\PlatformPlugin\VideoOS.Platform\src\Proxy\ConfigApi\ConfigurationApiItemWrapper.cs:line 110&#xD;
   at VideoOS.Platform.ConfigurationItems.Factory.IsItemTypeSupported(ServerId serverId, String itemType) in D:\actions-runner\_work\XPCO\XPCO\MIP\PlatformPlugin\VideoOS.Platform\src\ConfigurationItems\Factory.cs:line 464&#xD;
MIP: Error: LoginServerOauth (): https://1.2.3.5:55/ManagementServer/ServerCommandServiceOAuth.svc The method or operation is not implemented.&#xD;
MIP: Error: ConfigurationApiItemWrapper (): ConfigAPI GetItem(): System.NotImplementedException, The method or operation is not implemented.&#xD;
MIP: Error: Factory.IsItemTypeSupported (): Exception source:      VideoOS.Platform.SDK.UnitTests&#xD;
Exception type:        System.NotImplementedException&#xD;
Exception message:     The method or operation is not implemented.&#xD;
Exception target site: GetItem&#xD;
   at VideoOS.Platform.SDKUnittest.EnvironmentTests.TestConfigurationClientService.GetItem(String path) in D:\actions-runner\_work\XPCO\XPCO\MIP\MIPSDK\tst\VideoOS.Platform.SDK.UnitTests\EnvironmentTests\TestsWithCorporateShimsBase.cs:line 227&#xD;
   at VideoOS.Platform.Proxy.ConfigApi.ConfigurationApiItemWrapper..ctor(ServerId serverId, String path) in D:\actions-runner\_work\XPCO\XPCO\MIP\PlatformPlugin\VideoOS.Platform\src\Proxy\ConfigApi\ConfigurationApiItemWrapper.cs:line 110&#xD;
   at VideoOS.Platform.ConfigurationItems.Factory.IsItemTypeSupported(ServerId serverId, String itemType) in D:\actions-runner\_work\XPCO\XPCO\MIP\PlatformPlugin\VideoOS.Platform\src\ConfigurationItems\Factory.cs:line 464&#xD;
&#xD;
Factory.IsItemTypeSupportedFactory.IsItemTypeSupported ()The method or operation is not implemented.   at VideoOS.Platform.SDKUnittest.EnvironmentTests.TestConfigurationClientService.GetItem(String path) in D:\actions-runner\_work\XPCO\XPCO\MIP\MIPSDK\tst\VideoOS.Platform.SDK.UnitTests\EnvironmentTests\TestsWithCorporateShimsBase.cs:line 227&#xD;
   at VideoOS.Platform.Proxy.ConfigApi.ConfigurationApiItemWrapper..ctor(ServerId serverId, String path) in D:\actions-runner\_work\XPCO\XPCO\MIP\PlatformPlugin\VideoOS.Platform\src\Proxy\ConfigApi\ConfigurationApiItemWrapper.cs:line 110&#xD;
   at VideoOS.Platform.ConfigurationItems.Factory.IsItemTypeSupported(ServerId serverId, String itemType) in D:\actions-runner\_work\XPCO\XPCO\MIP\PlatformPlugin\VideoOS.Platform\src\ConfigurationItems\Factory.cs:line 464&#xD;
MIP: Error: ConfigurationApiItemWrapper (): ConfigAPI GetItem(): System.NotImplementedException, The method or operation is not implemented.&#xD;
MIP: Error: Factory.IsItemTypeSupported (): Exception source:      VideoOS.Platform.SDK.UnitTests&#xD;
Exception type:        System.NotImplementedException&#xD;
Exception message:     The method or operation is not implemented.&#xD;
Exception target site: GetItem&#xD;
   at VideoOS.Platform.SDKUnittest.EnvironmentTests.TestConfigurationClientService.GetItem(String path) in D:\actions-runner\_work\XPCO\XPCO\MIP\MIPSDK\tst\VideoOS.Platform.SDK.UnitTests\EnvironmentTests\TestsWithCorporateShimsBase.cs:line 227&#xD;
   at VideoOS.Platform.Proxy.ConfigApi.ConfigurationApiItemWrapper..ctor(ServerId serverId, String path) in D:\actions-runner\_work\XPCO\XPCO\MIP\PlatformPlugin\VideoOS.Platform\src\Proxy\ConfigApi\ConfigurationApiItemWrapper.cs:line 110&#xD;
   at VideoOS.Platform.ConfigurationItems.Factory.IsItemTypeSupported(ServerId serverId, String itemType) in D:\actions-runner\_work\XPCO\XPCO\MIP\PlatformPlugin\VideoOS.Platform\src\ConfigurationItems\Factory.cs:line 464&#xD;
&#xD;
Factory.IsItemTypeSupportedFactory.IsItemTypeSupported ()The method or operation is not implemented.   at VideoOS.Platform.SDKUnittest.EnvironmentTests.TestConfigurationClientService.GetItem(String path) in D:\actions-runner\_work\XPCO\XPCO\MIP\MIPSDK\tst\VideoOS.Platform.SDK.UnitTests\EnvironmentTests\TestsWithCorporateShimsBase.cs:line 227&#xD;
   at VideoOS.Platform.Proxy.ConfigApi.ConfigurationApiItemWrapper..ctor(ServerId serverId, String path) in D:\actions-runner\_work\XPCO\XPCO\MIP\PlatformPlugin\VideoOS.Platform\src\Proxy\ConfigApi\ConfigurationApiItemWrapper.cs:line 110&#xD;
   at VideoOS.Platform.ConfigurationItems.Factory.IsItemTypeSupported(ServerId serverId, String itemType) in D:\actions-runner\_work\XPCO\XPCO\MIP\PlatformPlugin\VideoOS.Platform\src\ConfigurationItems\Factory.cs:line 464&#xD;
MIP: Error: LoginServerOauth (): https://1.2.3.5:55/ManagementServer/ServerCommandServiceOAuth.svc The method or operation is not implemented.&#xD;
MIP: Error: ConfigurationApiItemWrapper (): ConfigAPI GetItem(): System.NotImplementedException, The method or operation is not implemented.&#xD;
MIP: Error: Factory.IsItemTypeSupported (): Exception source:      VideoOS.Platform.SDK.UnitTests&#xD;
Exception type:        System.NotImplementedException&#xD;
Exception message:     The method or operation is not implemented.&#xD;
Exception target site: GetItem&#xD;
   at VideoOS.Platform.SDKUnittest.EnvironmentTests.TestConfigurationClientService.GetItem(String path) in D:\actions-runner\_work\XPCO\XPCO\MIP\MIPSDK\tst\VideoOS.Platform.SDK.UnitTests\EnvironmentTests\TestsWithCorporateShimsBase.cs:line 227&#xD;
   at VideoOS.Platform.Proxy.ConfigApi.ConfigurationApiItemWrapper..ctor(ServerId serverId, String path) in D:\actions-runner\_work\XPCO\XPCO\MIP\PlatformPlugin\VideoOS.Platform\src\Proxy\ConfigApi\ConfigurationApiItemWrapper.cs:line 110&#xD;
   at VideoOS.Platform.ConfigurationItems.Factory.IsItemTypeSupported(ServerId serverId, String itemType) in D:\actions-runner\_work\XPCO\XPCO\MIP\PlatformPlugin\VideoOS.Platform\src\ConfigurationItems\Factory.cs:line 464&#xD;
&#xD;
Factory.IsItemTypeSupportedFactory.IsItemTypeSupported ()The method or operation is not implemented.   at VideoOS.Platform.SDKUnittest.EnvironmentTests.TestConfigurationClientService.GetItem(String path) in D:\actions-runner\_work\XPCO\XPCO\MIP\MIPSDK\tst\VideoOS.Platform.SDK.UnitTests\EnvironmentTests\TestsWithCorporateShimsBase.cs:line 227&#xD;
   at VideoOS.Platform.Proxy.ConfigApi.ConfigurationApiItemWrapper..ctor(ServerId serverId, String path) in D:\actions-runner\_work\XPCO\XPCO\MIP\PlatformPlugin\VideoOS.Platform\src\Proxy\ConfigApi\ConfigurationApiItemWrapper.cs:line 110&#xD;
   at VideoOS.Platform.ConfigurationItems.Factory.IsItemTypeSupported(ServerId serverId, String itemType) in D:\actions-runner\_work\XPCO\XPCO\MIP\PlatformPlugin\VideoOS.Platform\src\ConfigurationItems\Factory.cs:line 464&#xD;
MIP: Error: GetConfiguration (): CustomSetting not found for the given platformDefinitionId: e145597a-ecaf-40a1-99e6-14bb9d45a09e&#xD;
MIP: Error: ConfigurationApiItemWrapper (): ConfigAPI GetItem(): System.NotImplementedException, The method or operation is not implemented.&#xD;
MIP: Error: Factory.IsItemTypeSupported (): Exception source:      VideoOS.Platform.SDK.UnitTests&#xD;
Exception type:        System.NotImplementedException&#xD;
Exception message:     The method or operation is not implemented.&#xD;
Exception target site: GetItem&#xD;
   at VideoOS.Platform.SDKUnittest.EnvironmentTests.TestConfigurationClientService.GetItem(String path) in D:\actions-runner\_work\XPCO\XPCO\MIP\MIPSDK\tst\VideoOS.Platform.SDK.UnitTests\EnvironmentTests\TestsWithCorporateShimsBase.cs:line 227&#xD;
   at VideoOS.Platform.Proxy.ConfigApi.ConfigurationApiItemWrapper..ctor(ServerId serverId, String path) in D:\actions-runner\_work\XPCO\XPCO\MIP\PlatformPlugin\VideoOS.Platform\src\Proxy\ConfigApi\ConfigurationApiItemWrapper.cs:line 110&#xD;
   at VideoOS.Platform.ConfigurationItems.Factory.IsItemTypeSupported(ServerId serverId, String itemType) in D:\actions-runner\_work\XPCO\XPCO\MIP\PlatformPlugin\VideoOS.Platform\src\ConfigurationItems\Factory.cs:line 464&#xD;
&#xD;
Factory.IsItemTypeSupportedFactory.IsItemTypeSupported ()The method or operation is not implemented.   at VideoOS.Platform.SDKUnittest.EnvironmentTests.TestConfigurationClientService.GetItem(String path) in D:\actions-runner\_work\XPCO\XPCO\MIP\MIPSDK\tst\VideoOS.Platform.SDK.UnitTests\EnvironmentTests\TestsWithCorporateShimsBase.cs:line 227&#xD;
   at VideoOS.Platform.Proxy.ConfigApi.ConfigurationApiItemWrapper..ctor(ServerId serverId, String path) in D:\actions-runner\_work\XPCO\XPCO\MIP\PlatformPlugin\VideoOS.Platform\src\Proxy\ConfigApi\ConfigurationApiItemWrapper.cs:line 110&#xD;
   at VideoOS.Platform.ConfigurationItems.Factory.IsItemTypeSupported(ServerId serverId, String itemType) in D:\actions-runner\_work\XPCO\XPCO\MIP\PlatformPlugin\VideoOS.Platform\src\ConfigurationItems\Factory.cs:line 464&#xD;
MIP: Error: LoginServerOauth (): https://1.2.3.5:55/ManagementServer/ServerCommandServiceOAuth.svc The method or operation is not implemented.&#xD;
MIP: Error: ConfigurationApiItemWrapper (): ConfigAPI GetItem(): System.NotImplementedException, The method or operation is not implemented.&#xD;
MIP: Error: Factory.IsItemTypeSupported (): Exception source:      VideoOS.Platform.SDK.UnitTests&#xD;
Exception type:        System.NotImplementedException&#xD;
Exception message:     The method or operation is not implemented.&#xD;
Exception target site: GetItem&#xD;
   at VideoOS.Platform.SDKUnittest.EnvironmentTests.TestConfigurationClientService.GetItem(String path) in D:\actions-runner\_work\XPCO\XPCO\MIP\MIPSDK\tst\VideoOS.Platform.SDK.UnitTests\EnvironmentTests\TestsWithCorporateShimsBase.cs:line 227&#xD;
   at VideoOS.Platform.Proxy.ConfigApi.ConfigurationApiItemWrapper..ctor(ServerId serverId, String path) in D:\actions-runner\_work\XPCO\XPCO\MIP\PlatformPlugin\VideoOS.Platform\src\Proxy\ConfigApi\ConfigurationApiItemWrapper.cs:line 110&#xD;
   at VideoOS.Platform.ConfigurationItems.Factory.IsItemTypeSupported(ServerId serverId, String itemType) in D:\actions-runner\_work\XPCO\XPCO\MIP\PlatformPlugin\VideoOS.Platform\src\ConfigurationItems\Factory.cs:line 464&#xD;
&#xD;
Factory.IsItemTypeSupportedFactory.IsItemTypeSupported ()The method or operation is not implemented.   at VideoOS.Platform.SDKUnittest.EnvironmentTests.TestConfigurationClientService.GetItem(String path) in D:\actions-runner\_work\XPCO\XPCO\MIP\MIPSDK\tst\VideoOS.Platform.SDK.UnitTests\EnvironmentTests\TestsWithCorporateShimsBase.cs:line 227&#xD;
   at VideoOS.Platform.Proxy.ConfigApi.ConfigurationApiItemWrapper..ctor(ServerId serverId, String path) in D:\actions-runner\_work\XPCO\XPCO\MIP\PlatformPlugin\VideoOS.Platform\src\Proxy\ConfigApi\ConfigurationApiItemWrapper.cs:line 110&#xD;
   at VideoOS.Platform.ConfigurationItems.Factory.IsItemTypeSupported(ServerId serverId, String itemType) in D:\actions-runner\_work\XPCO\XPCO\MIP\PlatformPlugin\VideoOS.Platform\src\ConfigurationItems\Factory.cs:line 464&#xD;
MIP: Error: ConfigurationApiItemWrapper (): ConfigAPI GetItem(): System.NotImplementedException, The method or operation is not implemented.&#xD;
MIP: Error: Factory.IsItemTypeSupported (): Exception source:      VideoOS.Platform.SDK.UnitTests&#xD;
Exception type:        System.NotImplementedException&#xD;
Exception message:     The method or operation is not implemented.&#xD;
Exception target site: GetItem&#xD;
   at VideoOS.Platform.SDKUnittest.EnvironmentTests.TestConfigurationClientService.GetItem(String path) in D:\actions-runner\_work\XPCO\XPCO\MIP\MIPSDK\tst\VideoOS.Platform.SDK.UnitTests\EnvironmentTests\TestsWithCorporateShimsBase.cs:line 227&#xD;
   at VideoOS.Platform.Proxy.ConfigApi.ConfigurationApiItemWrapper..ctor(ServerId serverId, String path) in D:\actions-runner\_work\XPCO\XPCO\MIP\PlatformPlugin\VideoOS.Platform\src\Proxy\ConfigApi\ConfigurationApiItemWrapper.cs:line 110&#xD;
   at VideoOS.Platform.ConfigurationItems.Factory.IsItemTypeSupported(ServerId serverId, String itemType) in D:\actions-runner\_work\XPCO\XPCO\MIP\PlatformPlugin\VideoOS.Platform\src\ConfigurationItems\Factory.cs:line 464&#xD;
&#xD;
Factory.IsItemTypeSupportedFactory.IsItemTypeSupported ()The method or operation is not implemented.   at VideoOS.Platform.SDKUnittest.EnvironmentTests.TestConfigurationClientService.GetItem(String path) in D:\actions-runner\_work\XPCO\XPCO\MIP\MIPSDK\tst\VideoOS.Platform.SDK.UnitTests\EnvironmentTests\TestsWithCorporateShimsBase.cs:line 227&#xD;
   at VideoOS.Platform.Proxy.ConfigApi.ConfigurationApiItemWrapper..ctor(ServerId serverId, String path) in D:\actions-runner\_work\XPCO\XPCO\MIP\PlatformPlugin\VideoOS.Platform\src\Proxy\ConfigApi\ConfigurationApiItemWrapper.cs:line 110&#xD;
   at VideoOS.Platform.ConfigurationItems.Factory.IsItemTypeSupported(ServerId serverId, String itemType) in D:\actions-runner\_work\XPCO\XPCO\MIP\PlatformPlugin\VideoOS.Platform\src\ConfigurationItems\Factory.cs:line 464&#xD;
MIP: Error: LoginServerOauth (): https://1.2.3.5:55/ManagementServer/ServerCommandServiceOAuth.svc The method or operation is not implemented.&#xD;
MIP: Error: ConfigurationApiItemWrapper (): ConfigAPI GetItem(): System.NotImplementedException, The method or operation is not implemented.&#xD;
MIP: Error: Factory.IsItemTypeSupported (): Exception source:      VideoOS.Platform.SDK.UnitTests&#xD;
Exception type:        System.NotImplementedException&#xD;
Exception message:     The method or operation is not implemented.&#xD;
Exception target site: GetItem&#xD;
   at VideoOS.Platform.SDKUnittest.EnvironmentTests.TestConfigurationClientService.GetItem(String path) in D:\actions-runner\_work\XPCO\XPCO\MIP\MIPSDK\tst\VideoOS.Platform.SDK.UnitTests\EnvironmentTests\TestsWithCorporateShimsBase.cs:line 227&#xD;
   at VideoOS.Platform.Proxy.ConfigApi.ConfigurationApiItemWrapper..ctor(ServerId serverId, String path) in D:\actions-runner\_work\XPCO\XPCO\MIP\PlatformPlugin\VideoOS.Platform\src\Proxy\ConfigApi\ConfigurationApiItemWrapper.cs:line 110&#xD;
   at VideoOS.Platform.ConfigurationItems.Factory.IsItemTypeSupported(ServerId serverId, String itemType) in D:\actions-runner\_work\XPCO\XPCO\MIP\PlatformPlugin\VideoOS.Platform\src\ConfigurationItems\Factory.cs:line 464&#xD;
&#xD;
Factory.IsItemTypeSupportedFactory.IsItemTypeSupported ()The method or operation is not implemented.   at VideoOS.Platform.SDKUnittest.EnvironmentTests.TestConfigurationClientService.GetItem(String path) in D:\actions-runner\_work\XPCO\XPCO\MIP\MIPSDK\tst\VideoOS.Platform.SDK.UnitTests\EnvironmentTests\TestsWithCorporateShimsBase.cs:line 227&#xD;
   at VideoOS.Platform.Proxy.ConfigApi.ConfigurationApiItemWrapper..ctor(ServerId serverId, String path) in D:\actions-runner\_work\XPCO\XPCO\MIP\PlatformPlugin\VideoOS.Platform\src\Proxy\ConfigApi\ConfigurationApiItemWrapper.cs:line 110&#xD;
   at VideoOS.Platform.ConfigurationItems.Factory.IsItemTypeSupported(ServerId serverId, String itemType) in D:\actions-runner\_work\XPCO\XPCO\MIP\PlatformPlugin\VideoOS.Platform\src\ConfigurationItems\Factory.cs:line 464&#xD;
MIP: Error: GetConfiguration (): CustomSetting not found for the given platformDefinitionId: e145597a-ecaf-40a1-99e6-14bb9d45a09e&#xD;
MIP: Error: ConfigurationApiItemWrapper (): ConfigAPI GetItem(): System.NotImplementedException, The method or operation is not implemented.&#xD;
MIP: Error: Factory.IsItemTypeSupported (): Exception source:      VideoOS.Platform.SDK.UnitTests&#xD;
Exception type:        System.NotImplementedException&#xD;
Exception message:     The method or operation is not implemented.&#xD;
Exception target site: GetItem&#xD;
   at VideoOS.Platform.SDKUnittest.EnvironmentTests.TestConfigurationClientService.GetItem(String path) in D:\actions-runner\_work\XPCO\XPCO\MIP\MIPSDK\tst\VideoOS.Platform.SDK.UnitTests\EnvironmentTests\TestsWithCorporateShimsBase.cs:line 227&#xD;
   at VideoOS.Platform.Proxy.ConfigApi.ConfigurationApiItemWrapper..ctor(ServerId serverId, String path) in D:\actions-runner\_work\XPCO\XPCO\MIP\PlatformPlugin\VideoOS.Platform\src\Proxy\ConfigApi\ConfigurationApiItemWrapper.cs:line 110&#xD;
   at VideoOS.Platform.ConfigurationItems.Factory.IsItemTypeSupported(ServerId serverId, String itemType) in D:\actions-runner\_work\XPCO\XPCO\MIP\PlatformPlugin\VideoOS.Platform\src\ConfigurationItems\Factory.cs:line 464&#xD;
&#xD;
Factory.IsItemTypeSupportedFactory.IsItemTypeSupported ()The method or operation is not implemented.   at VideoOS.Platform.SDKUnittest.EnvironmentTests.TestConfigurationClientService.GetItem(String path) in D:\actions-runner\_work\XPCO\XPCO\MIP\MIPSDK\tst\VideoOS.Platform.SDK.UnitTests\EnvironmentTests\TestsWithCorporateShimsBase.cs:line 227&#xD;
   at VideoOS.Platform.Proxy.ConfigApi.ConfigurationApiItemWrapper..ctor(ServerId serverId, String path) in D:\actions-runner\_work\XPCO\XPCO\MIP\PlatformPlugin\VideoOS.Platform\src\Proxy\ConfigApi\ConfigurationApiItemWrapper.cs:line 110&#xD;
   at VideoOS.Platform.ConfigurationItems.Factory.IsItemTypeSupported(ServerId serverId, String itemType) in D:\actions-runner\_work\XPCO\XPCO\MIP\PlatformPlugin\VideoOS.Platform\src\ConfigurationItems\Factory.cs:line 464&#xD;
MIP: Error: LoginServerOauth (): https://1.2.3.5:55/ManagementServer/ServerCommandServiceOAuth.svc The method or operation is not implemented.&#xD;
MIP: Error: ConfigurationApiItemWrapper (): ConfigAPI GetItem(): System.NotImplementedException, The method or operation is not implemented.&#xD;
MIP: Error: Factory.IsItemTypeSupported (): Exception source:      VideoOS.Platform.SDK.UnitTests&#xD;
Exception type:        System.NotImplementedException&#xD;
Exception message:     The method or operation is not implemented.&#xD;
Exception target site: GetItem&#xD;
   at VideoOS.Platform.SDKUnittest.EnvironmentTests.TestConfigurationClientService.GetItem(String path) in D:\actions-runner\_work\XPCO\XPCO\MIP\MIPSDK\tst\VideoOS.Platform.SDK.UnitTests\EnvironmentTests\TestsWithCorporateShimsBase.cs:line 227&#xD;
   at VideoOS.Platform.Proxy.ConfigApi.ConfigurationApiItemWrapper..ctor(ServerId serverId, String path) in D:\actions-runner\_work\XPCO\XPCO\MIP\PlatformPlugin\VideoOS.Platform\src\Proxy\ConfigApi\ConfigurationApiItemWrapper.cs:line 110&#xD;
   at VideoOS.Platform.ConfigurationItems.Factory.IsItemTypeSupported(ServerId serverId, String itemType) in D:\actions-runner\_work\XPCO\XPCO\MIP\PlatformPlugin\VideoOS.Platform\src\ConfigurationItems\Factory.cs:line 464&#xD;
&#xD;
Factory.IsItemTypeSupportedFactory.IsItemTypeSupported ()The method or operation is not implemented.   at VideoOS.Platform.SDKUnittest.EnvironmentTests.TestConfigurationClientService.GetItem(String path) in D:\actions-runner\_work\XPCO\XPCO\MIP\MIPSDK\tst\VideoOS.Platform.SDK.UnitTests\EnvironmentTests\TestsWithCorporateShimsBase.cs:line 227&#xD;
   at VideoOS.Platform.Proxy.ConfigApi.ConfigurationApiItemWrapper..ctor(ServerId serverId, String path) in D:\actions-runner\_work\XPCO\XPCO\MIP\PlatformPlugin\VideoOS.Platform\src\Proxy\ConfigApi\ConfigurationApiItemWrapper.cs:line 110&#xD;
   at VideoOS.Platform.ConfigurationItems.Factory.IsItemTypeSupported(ServerId serverId, String itemType) in D:\actions-runner\_work\XPCO\XPCO\MIP\PlatformPlugin\VideoOS.Platform\src\ConfigurationItems\Factory.cs:line 464&#xD;
MIP: Error: ConfigurationApiItemWrapper (): ConfigAPI GetItem(): System.NotImplementedException, The method or operation is not implemented.&#xD;
MIP: Error: Factory.IsItemTypeSupported (): Exception source:      VideoOS.Platform.SDK.UnitTests&#xD;
Exception type:        System.NotImplementedException&#xD;
Exception message:     The method or operation is not implemented.&#xD;
Exception target site: GetItem&#xD;
   at VideoOS.Platform.SDKUnittest.EnvironmentTests.TestConfigurationClientService.GetItem(String path) in D:\actions-runner\_work\XPCO\XPCO\MIP\MIPSDK\tst\VideoOS.Platform.SDK.UnitTests\EnvironmentTests\TestsWithCorporateShimsBase.cs:line 227&#xD;
   at VideoOS.Platform.Proxy.ConfigApi.ConfigurationApiItemWrapper..ctor(ServerId serverId, String path) in D:\actions-runner\_work\XPCO\XPCO\MIP\PlatformPlugin\VideoOS.Platform\src\Proxy\ConfigApi\ConfigurationApiItemWrapper.cs:line 110&#xD;
   at VideoOS.Platform.ConfigurationItems.Factory.IsItemTypeSupported(ServerId serverId, String itemType) in D:\actions-runner\_work\XPCO\XPCO\MIP\PlatformPlugin\VideoOS.Platform\src\ConfigurationItems\Factory.cs:line 464&#xD;
&#xD;
Factory.IsItemTypeSupportedFactory.IsItemTypeSupported ()The method or operation is not implemented.   at VideoOS.Platform.SDKUnittest.EnvironmentTests.TestConfigurationClientService.GetItem(String path) in D:\actions-runner\_work\XPCO\XPCO\MIP\MIPSDK\tst\VideoOS.Platform.SDK.UnitTests\EnvironmentTests\TestsWithCorporateShimsBase.cs:line 227&#xD;
   at VideoOS.Platform.Proxy.ConfigApi.ConfigurationApiItemWrapper..ctor(ServerId serverId, String path) in D:\actions-runner\_work\XPCO\XPCO\MIP\PlatformPlugin\VideoOS.Platform\src\Proxy\ConfigApi\ConfigurationApiItemWrapper.cs:line 110&#xD;
   at VideoOS.Platform.ConfigurationItems.Factory.IsItemTypeSupported(ServerId serverId, String itemType) in D:\actions-runner\_work\XPCO\XPCO\MIP\PlatformPlugin\VideoOS.Platform\src\ConfigurationItems\Factory.cs:line 464&#xD;
MIP: Error: LoginServerOauth (): https://1.2.3.5:55/ManagementServer/ServerCommandServiceOAuth.svc The method or operation is not implemented.&#xD;
MIP: Error: ConfigurationApiItemWrapper (): ConfigAPI GetItem(): System.NotImplementedException, The method or operation is not implemented.&#xD;
MIP: Error: Factory.IsItemTypeSupported (): Exception source:      VideoOS.Platform.SDK.UnitTests&#xD;
Exception type:        System.NotImplementedException&#xD;
Exception message:     The method or operation is not implemented.&#xD;
Exception target site: GetItem&#xD;
   at VideoOS.Platform.SDKUnittest.EnvironmentTests.TestConfigurationClientService.GetItem(String path) in D:\actions-runner\_work\XPCO\XPCO\MIP\MIPSDK\tst\VideoOS.Platform.SDK.UnitTests\EnvironmentTests\TestsWithCorporateShimsBase.cs:line 227&#xD;
   at VideoOS.Platform.Proxy.ConfigApi.ConfigurationApiItemWrapper..ctor(ServerId serverId, String path) in D:\actions-runner\_work\XPCO\XPCO\MIP\PlatformPlugin\VideoOS.Platform\src\Proxy\ConfigApi\ConfigurationApiItemWrapper.cs:line 110&#xD;
   at VideoOS.Platform.ConfigurationItems.Factory.IsItemTypeSupported(ServerId serverId, String itemType) in D:\actions-runner\_work\XPCO\XPCO\MIP\PlatformPlugin\VideoOS.Platform\src\ConfigurationItems\Factory.cs:line 464&#xD;
&#xD;
Factory.IsItemTypeSupportedFactory.IsItemTypeSupported ()The method or operation is not implemented.   at VideoOS.Platform.SDKUnittest.EnvironmentTests.TestConfigurationClientService.GetItem(String path) in D:\actions-runner\_work\XPCO\XPCO\MIP\MIPSDK\tst\VideoOS.Platform.SDK.UnitTests\EnvironmentTests\TestsWithCorporateShimsBase.cs:line 227&#xD;
   at VideoOS.Platform.Proxy.ConfigApi.ConfigurationApiItemWrapper..ctor(ServerId serverId, String path) in D:\actions-runner\_work\XPCO\XPCO\MIP\PlatformPlugin\VideoOS.Platform\src\Proxy\ConfigApi\ConfigurationApiItemWrapper.cs:line 110&#xD;
   at VideoOS.Platform.ConfigurationItems.Factory.IsItemTypeSupported(ServerId serverId, String itemType) in D:\actions-runner\_work\XPCO\XPCO\MIP\PlatformPlugin\VideoOS.Platform\src\ConfigurationItems\Factory.cs:line 464&#xD;
MIP: Error: GetConfiguration (): CustomSetting not found for the given platformDefinitionId: e145597a-ecaf-40a1-99e6-14bb9d45a09e&#xD;
MIP: Error: ConfigurationApiItemWrapper (): ConfigAPI GetItem(): System.NotImplementedException, The method or operation is not implemented.&#xD;
MIP: Error: Factory.IsItemTypeSupported (): Exception source:      VideoOS.Platform.SDK.UnitTests&#xD;
Exception type:        System.NotImplementedException&#xD;
Exception message:     The method or operation is not implemented.&#xD;
Exception target site: GetItem&#xD;
   at VideoOS.Platform.SDKUnittest.EnvironmentTests.TestConfigurationClientService.GetItem(String path) in D:\actions-runner\_work\XPCO\XPCO\MIP\MIPSDK\tst\VideoOS.Platform.SDK.UnitTests\EnvironmentTests\TestsWithCorporateShimsBase.cs:line 227&#xD;
   at VideoOS.Platform.Proxy.ConfigApi.ConfigurationApiItemWrapper..ctor(ServerId serverId, String path) in D:\actions-runner\_work\XPCO\XPCO\MIP\PlatformPlugin\VideoOS.Platform\src\Proxy\ConfigApi\ConfigurationApiItemWrapper.cs:line 110&#xD;
   at VideoOS.Platform.ConfigurationItems.Factory.IsItemTypeSupported(ServerId serverId, String itemType) in D:\actions-runner\_work\XPCO\XPCO\MIP\PlatformPlugin\VideoOS.Platform\src\ConfigurationItems\Factory.cs:line 464&#xD;
&#xD;
Factory.IsItemTypeSupportedFactory.IsItemTypeSupported ()The method or operation is not implemented.   at VideoOS.Platform.SDKUnittest.EnvironmentTests.TestConfigurationClientService.GetItem(String path) in D:\actions-runner\_work\XPCO\XPCO\MIP\MIPSDK\tst\VideoOS.Platform.SDK.UnitTests\EnvironmentTests\TestsWithCorporateShimsBase.cs:line 227&#xD;
   at VideoOS.Platform.Proxy.ConfigApi.ConfigurationApiItemWrapper..ctor(ServerId serverId, String path) in D:\actions-runner\_work\XPCO\XPCO\MIP\PlatformPlugin\VideoOS.Platform\src\Proxy\ConfigApi\ConfigurationApiItemWrapper.cs:line 110&#xD;
   at VideoOS.Platform.ConfigurationItems.Factory.IsItemTypeSupported(ServerId serverId, String itemType) in D:\actions-runner\_work\XPCO\XPCO\MIP\PlatformPlugin\VideoOS.Platform\src\ConfigurationItems\Factory.cs:line 464&#xD;
MIP: Error: LoginServerOauth (): https://1.2.3.5:55/ManagementServer/ServerCommandServiceOAuth.svc The method or operation is not implemented.&#xD;
MIP: Error: ConfigurationApiItemWrapper (): ConfigAPI GetItem(): System.NotImplementedException, The method or operation is not implemented.&#xD;
MIP: Error: Factory.IsItemTypeSupported (): Exception source:      VideoOS.Platform.SDK.UnitTests&#xD;
Exception type:        System.NotImplementedException&#xD;
Exception message:     The method or operation is not implemented.&#xD;
Exception target site: GetItem&#xD;
   at VideoOS.Platform.SDKUnittest.EnvironmentTests.TestConfigurationClientService.GetItem(String path) in D:\actions-runner\_work\XPCO\XPCO\MIP\MIPSDK\tst\VideoOS.Platform.SDK.UnitTests\EnvironmentTests\TestsWithCorporateShimsBase.cs:line 227&#xD;
   at VideoOS.Platform.Proxy.ConfigApi.ConfigurationApiItemWrapper..ctor(ServerId serverId, String path) in D:\actions-runner\_work\XPCO\XPCO\MIP\PlatformPlugin\VideoOS.Platform\src\Proxy\ConfigApi\ConfigurationApiItemWrapper.cs:line 110&#xD;
   at VideoOS.Platform.ConfigurationItems.Factory.IsItemTypeSupported(ServerId serverId, String itemType) in D:\actions-runner\_work\XPCO\XPCO\MIP\PlatformPlugin\VideoOS.Platform\src\ConfigurationItems\Factory.cs:line 464&#xD;
&#xD;
Factory.IsItemTypeSupportedFactory.IsItemTypeSupported ()The method or operation is not implemented.   at VideoOS.Platform.SDKUnittest.EnvironmentTests.TestConfigurationClientService.GetItem(String path) in D:\actions-runner\_work\XPCO\XPCO\MIP\MIPSDK\tst\VideoOS.Platform.SDK.UnitTests\EnvironmentTests\TestsWithCorporateShimsBase.cs:line 227&#xD;
   at VideoOS.Platform.Proxy.ConfigApi.ConfigurationApiItemWrapper..ctor(ServerId serverId, String path) in D:\actions-runner\_work\XPCO\XPCO\MIP\PlatformPlugin\VideoOS.Platform\src\Proxy\ConfigApi\ConfigurationApiItemWrapper.cs:line 110&#xD;
   at VideoOS.Platform.ConfigurationItems.Factory.IsItemTypeSupported(ServerId serverId, String itemType) in D:\actions-runner\_work\XPCO\XPCO\MIP\PlatformPlugin\VideoOS.Platform\src\ConfigurationItems\Factory.cs:line 464&#xD;
MIP: Error: ConfigurationApiItemWrapper (): ConfigAPI GetItem(): System.NotImplementedException, The method or operation is not implemented.&#xD;
MIP: Error: Factory.IsItemTypeSupported (): Exception source:      VideoOS.Platform.SDK.UnitTests&#xD;
Exception type:        System.NotImplementedException&#xD;
Exception message:     The method or operation is not implemented.&#xD;
Exception target site: GetItem&#xD;
   at VideoOS.Platform.SDKUnittest.EnvironmentTests.TestConfigurationClientService.GetItem(String path) in D:\actions-runner\_work\XPCO\XPCO\MIP\MIPSDK\tst\VideoOS.Platform.SDK.UnitTests\EnvironmentTests\TestsWithCorporateShimsBase.cs:line 227&#xD;
   at VideoOS.Platform.Proxy.ConfigApi.ConfigurationApiItemWrapper..ctor(ServerId serverId, String path) in D:\actions-runner\_work\XPCO\XPCO\MIP\PlatformPlugin\VideoOS.Platform\src\Proxy\ConfigApi\ConfigurationApiItemWrapper.cs:line 110&#xD;
   at VideoOS.Platform.ConfigurationItems.Factory.IsItemTypeSupported(ServerId serverId, String itemType) in D:\actions-runner\_work\XPCO\XPCO\MIP\PlatformPlugin\VideoOS.Platform\src\ConfigurationItems\Factory.cs:line 464&#xD;
&#xD;
Factory.IsItemTypeSupportedFactory.IsItemTypeSupported ()The method or operation is not implemented.   at VideoOS.Platform.SDKUnittest.EnvironmentTests.TestConfigurationClientService.GetItem(String path) in D:\actions-runner\_work\XPCO\XPCO\MIP\MIPSDK\tst\VideoOS.Platform.SDK.UnitTests\EnvironmentTests\TestsWithCorporateShimsBase.cs:line 227&#xD;
   at VideoOS.Platform.Proxy.ConfigApi.ConfigurationApiItemWrapper..ctor(ServerId serverId, String path) in D:\actions-runner\_work\XPCO\XPCO\MIP\PlatformPlugin\VideoOS.Platform\src\Proxy\ConfigApi\ConfigurationApiItemWrapper.cs:line 110&#xD;
   at VideoOS.Platform.ConfigurationItems.Factory.IsItemTypeSupported(ServerId serverId, String itemType) in D:\actions-runner\_work\XPCO\XPCO\MIP\PlatformPlugin\VideoOS.Platform\src\ConfigurationItems\Factory.cs:line 464&#xD;
MIP: Error: LoginServerOauth (): https://1.2.3.5:55/ManagementServer/ServerCommandServiceOAuth.svc The method or operation is not implemented.&#xD;
MIP: Error: ConfigurationApiItemWrapper (): ConfigAPI GetItem(): System.NotImplementedException, The method or operation is not implemented.&#xD;
MIP: Error: Factory.IsItemTypeSupported (): Exception source:      VideoOS.Platform.SDK.UnitTests&#xD;
Exception type:        System.NotImplementedException&#xD;
Exception message:     The method or operation is not implemented.&#xD;
Exception target site: GetItem&#xD;
   at VideoOS.Platform.SDKUnittest.EnvironmentTests.TestConfigurationClientService.GetItem(String path) in D:\actions-runner\_work\XPCO\XPCO\MIP\MIPSDK\tst\VideoOS.Platform.SDK.UnitTests\EnvironmentTests\TestsWithCorporateShimsBase.cs:line 227&#xD;
   at VideoOS.Platform.Proxy.ConfigApi.ConfigurationApiItemWrapper..ctor(ServerId serverId, String path) in D:\actions-runner\_work\XPCO\XPCO\MIP\PlatformPlugin\VideoOS.Platform\src\Proxy\ConfigApi\ConfigurationApiItemWrapper.cs:line 110&#xD;
   at VideoOS.Platform.ConfigurationItems.Factory.IsItemTypeSupported(ServerId serverId, String itemType) in D:\actions-runner\_work\XPCO\XPCO\MIP\PlatformPlugin\VideoOS.Platform\src\ConfigurationItems\Factory.cs:line 464&#xD;
&#xD;
Factory.IsItemTypeSupportedFactory.IsItemTypeSupported ()The method or operation is not implemented.   at VideoOS.Platform.SDKUnittest.EnvironmentTests.TestConfigurationClientService.GetItem(String path) in D:\actions-runner\_work\XPCO\XPCO\MIP\MIPSDK\tst\VideoOS.Platform.SDK.UnitTests\EnvironmentTests\TestsWithCorporateShimsBase.cs:line 227&#xD;
   at VideoOS.Platform.Proxy.ConfigApi.ConfigurationApiItemWrapper..ctor(ServerId serverId, String path) in D:\actions-runner\_work\XPCO\XPCO\MIP\PlatformPlugin\VideoOS.Platform\src\Proxy\ConfigApi\ConfigurationApiItemWrapper.cs:line 110&#xD;
   at VideoOS.Platform.ConfigurationItems.Factory.IsItemTypeSupported(ServerId serverId, String itemType) in D:\actions-runner\_work\XPCO\XPCO\MIP\PlatformPlugin\VideoOS.Platform\src\ConfigurationItems\Factory.cs:line 464&#xD;
MIP: Error: GetConfiguration (): CustomSetting not found for the given platformDefinitionId: e145597a-ecaf-40a1-99e6-14bb9d45a09e&#xD;
MIP: Error: ConfigurationApiItemWrapper (): ConfigAPI GetItem(): System.NotImplementedException, The method or operation is not implemented.&#xD;
MIP: Error: Factory.IsItemTypeSupported (): Exception source:      VideoOS.Platform.SDK.UnitTests&#xD;
Exception type:        System.NotImplementedException&#xD;
Exception message:     The method or operation is not implemented.&#xD;
Exception target site: GetItem&#xD;
   at VideoOS.Platform.SDKUnittest.EnvironmentTests.TestConfigurationClientService.GetItem(String path) in D:\actions-runner\_work\XPCO\XPCO\MIP\MIPSDK\tst\VideoOS.Platform.SDK.UnitTests\EnvironmentTests\TestsWithCorporateShimsBase.cs:line 227&#xD;
   at VideoOS.Platform.Proxy.ConfigApi.ConfigurationApiItemWrapper..ctor(ServerId serverId, String path) in D:\actions-runner\_work\XPCO\XPCO\MIP\PlatformPlugin\VideoOS.Platform\src\Proxy\ConfigApi\ConfigurationApiItemWrapper.cs:line 110&#xD;
   at VideoOS.Platform.ConfigurationItems.Factory.IsItemTypeSupported(ServerId serverId, String itemType) in D:\actions-runner\_work\XPCO\XPCO\MIP\PlatformPlugin\VideoOS.Platform\src\ConfigurationItems\Factory.cs:line 464&#xD;
&#xD;
Factory.IsItemTypeSupportedFactory.IsItemTypeSupported ()The method or operation is not implemented.   at VideoOS.Platform.SDKUnittest.EnvironmentTests.TestConfigurationClientService.GetItem(String path) in D:\actions-runner\_work\XPCO\XPCO\MIP\MIPSDK\tst\VideoOS.Platform.SDK.UnitTests\EnvironmentTests\TestsWithCorporateShimsBase.cs:line 227&#xD;
   at VideoOS.Platform.Proxy.ConfigApi.ConfigurationApiItemWrapper..ctor(ServerId serverId, String path) in D:\actions-runner\_work\XPCO\XPCO\MIP\PlatformPlugin\VideoOS.Platform\src\Proxy\ConfigApi\ConfigurationApiItemWrapper.cs:line 110&#xD;
   at VideoOS.Platform.ConfigurationItems.Factory.IsItemTypeSupported(ServerId serverId, String itemType) in D:\actions-runner\_work\XPCO\XPCO\MIP\PlatformPlugin\VideoOS.Platform\src\ConfigurationItems\Factory.cs:line 464&#xD;
MIP: Error: LoginServerOauth (): https://1.2.3.5:55/ManagementServer/ServerCommandServiceOAuth.svc The method or operation is not implemented.&#xD;
MIP: Error: ConfigurationApiItemWrapper (): ConfigAPI GetItem(): System.NotImplementedException, The method or operation is not implemented.&#xD;
MIP: Error: ConfigurationAsync::BuildTopLevelItems LoadPlugin Loop (): Exception source:      VideoOS.Platform.SDK.UnitTests&#xD;
Exception type:        System.NotImplementedException&#xD;
Exception message:     The method or operation is not implemented.&#xD;
Exception target site: GetItem&#xD;
   at VideoOS.Platform.SDKUnittest.EnvironmentTests.TestConfigurationClientService.GetItem(String path) in D:\actions-runner\_work\XPCO\XPCO\MIP\MIPSDK\tst\VideoOS.Platform.SDK.UnitTests\EnvironmentTests\TestsWithCorporateShimsBase.cs:line 227&#xD;
   at VideoOS.Platform.Proxy.ConfigApi.ConfigurationApiItemWrapper..ctor(ServerId serverId, String path) in D:\actions-runner\_work\XPCO\XPCO\MIP\PlatformPlugin\VideoOS.Platform\src\Proxy\ConfigApi\ConfigurationApiItemWrapper.cs:line 110&#xD;
   at VideoOS.Platform.Util.VideoWall.LayoutGroupItemManager.GetItem(FQID fqid) in D:\actions-runner\_work\XPCO\XPCO\MIP\PlatformPlugin\VideoOS.Platform\src\Util\VideoWall\LayoutGroupItemManager.cs:line 57&#xD;
   at VideoOS.Platform.SDK.Platform.ConfigurationAsync.GetItems(Guid kind, ItemHierarchy itemHierarchy) in D:\actions-runner\_work\XPCO\XPCO\MIP\MIPSDK\prod\VideoOS.Platform.SDK\Platform\ConfigurationAsync.cs:line 163&#xD;
&#xD;
ConfigurationAsync::BuildTopLevelItems LoadPlugin LoopConfigurationAsync::BuildTopLevelItems LoadPlugin Loop ()The method or operation is not implemented.   at VideoOS.Platform.SDKUnittest.EnvironmentTests.TestConfigurationClientService.GetItem(String path) in D:\actions-runner\_work\XPCO\XPCO\MIP\MIPSDK\tst\VideoOS.Platform.SDK.UnitTests\EnvironmentTests\TestsWithCorporateShimsBase.cs:line 227&#xD;
   at VideoOS.Platform.Proxy.ConfigApi.ConfigurationApiItemWrapper..ctor(ServerId serverId, String path) in D:\actions-runner\_work\XPCO\XPCO\MIP\PlatformPlugin\VideoOS.Platform\src\Proxy\ConfigApi\ConfigurationApiItemWrapper.cs:line 110&#xD;
   at VideoOS.Platform.Util.VideoWall.LayoutGroupItemManager.GetItem(FQID fqid) in D:\actions-runner\_work\XPCO\XPCO\MIP\PlatformPlugin\VideoOS.Platform\src\Util\VideoWall\LayoutGroupItemManager.cs:line 57&#xD;
   at VideoOS.Platform.SDK.Platform.ConfigurationAsync.GetItems(Guid kind, ItemHierarchy itemHierarchy) in D:\actions-runner\_work\XPCO\XPCO\MIP\MIPSDK\prod\VideoOS.Platform.SDK\Platform\ConfigurationAsync.cs:line 163</StdOut>
      </Output>
    </UnitTestResult>
    <UnitTestResult executionId="93bdc552-4279-4eee-bc6a-a6f72251d155" testId="f4f1f3cd-b04f-c623-3d30-8c01b6f83066" testName="AddServer_WithLoginSettings_MasterOnlyTrue_CorrectlyPassed" computerName="DKSR-EFI-06" duration="00:00:00.0030263" startTime="2024-01-09T15:44:27.4043128+01:00" endTime="2024-01-09T15:44:27.4199367+01:00" testType="13cdc9d9-ddb5-4fa4-a97d-d965ccfc6d4b" outcome="Passed" testListId="8c84fa94-04c1-424b-9868-57a2d4851a1d" relativeResultsDirectory="93bdc552-4279-4eee-bc6a-a6f72251d155" />
    <UnitTestResult executionId="247d3104-ba62-4c4f-9d8c-b0111b31d032" testId="96c1c139-ef84-2793-7b75-ec53f5430e80" testName="CompareFail" computerName="DKSR-EFI-06" duration="00:00:00.0016998" startTime="2024-01-09T15:45:21.8887875+01:00" endTime="2024-01-09T15:45:21.8887875+01:00" testType="13cdc9d9-ddb5-4fa4-a97d-d965ccfc6d4b" outcome="Passed" testListId="8c84fa94-04c1-424b-9868-57a2d4851a1d" relativeResultsDirectory="247d3104-ba62-4c4f-9d8c-b0111b31d032" />
    <UnitTestResult executionId="5c2284a1-b660-4b0d-806c-7c852c2fc401" testId="48cf9cec-86cd-b055-9df4-4490d5d29676" testName="XpcoSiteInfoUriNoSuccessBasic" computerName="DKSR-EFI-06" duration="00:00:00.5605020" startTime="2024-01-09T15:45:29.8887954+01:00" endTime="2024-01-09T15:45:30.4512916+01:00" testType="13cdc9d9-ddb5-4fa4-a97d-d965ccfc6d4b" outcome="Passed" testListId="8c84fa94-04c1-424b-9868-57a2d4851a1d" relativeResultsDirectory="5c2284a1-b660-4b0d-806c-7c852c2fc401">
      <Output>
        <StdOut>Debug Trace:&#xD;
1/9/2024 3:45:29 PMFindBestAddress - Start for: https://4.4.4.4:55/, type=XPCO&#xD;
1/9/2024 3:45:30 PMFindBestAddress - Start for: http://4.4.4.4:55/, type=XPCO&#xD;
ConnectionCheck:https://4.4.4.4:55/  :The method or operation is not implemented.&#xD;
ConnectionCheck for:https://4.4.4.4:55/, Took:234ms&#xD;
1/9/2024 3:45:30 PMFindBestAddress - End for: https://4.4.4.4:55/, type=XPCO&#xD;
ConnectionCheck:http://4.4.4.4:55/  :The method or operation is not implemented.&#xD;
ConnectionCheck for:http://4.4.4.4:55/, Took:234ms&#xD;
1/9/2024 3:45:30 PMFindBestAddress - End for: http://4.4.4.4:55/, type=XPCO&#xD;
MIP: Error: FindBestAddress (): No server found on address: http://4.4.4.4:55/&#xD;
ConstructLoginServer: Unable to identify server type:4.4.4.4</StdOut>
      </Output>
    </UnitTestResult>
    <UnitTestResult executionId="4214edf6-6c26-48ca-8edf-cdbc645ee764" testId="c6c8e4f0-4405-665a-2542-a321d8677d46" testName="TryCreateParentUri_WhenSecondUrlKeyPresent_ReturnsIt" computerName="DKSR-EFI-06" duration="00:00:00.0010411" startTime="2024-01-09T15:45:21.6544105+01:00" endTime="2024-01-09T15:45:21.6700388+01:00" testType="13cdc9d9-ddb5-4fa4-a97d-d965ccfc6d4b" outcome="Passed" testListId="8c84fa94-04c1-424b-9868-57a2d4851a1d" relativeResultsDirectory="4214edf6-6c26-48ca-8edf-cdbc645ee764" />
    <UnitTestResult executionId="c2fc4383-be94-41a1-9436-dff9eacaba7a" testId="4bb35674-bcae-db3f-8d79-6da9552ffd66" testName="CheckBaseTime1970FromInt" computerName="DKSR-EFI-06" duration="00:00:00.0020828" startTime="2024-01-09T15:45:21.7794119+01:00" endTime="2024-01-09T15:45:21.7794119+01:00" testType="13cdc9d9-ddb5-4fa4-a97d-d965ccfc6d4b" outcome="Passed" testListId="8c84fa94-04c1-424b-9868-57a2d4851a1d" relativeResultsDirectory="c2fc4383-be94-41a1-9436-dff9eacaba7a" />
    <UnitTestResult executionId="097c6a08-fbc6-4305-a726-e8722a4dce61" testId="c7cfb557-b7c6-e2f2-6240-c10413062e2b" testName="Given_Connected_When_CreateSessionSuccesful_Then_ASessionIdIsReturned" computerName="DKSR-EFI-06" duration="00:00:00.0024763" startTime="2024-01-09T15:45:22.6231644+01:00" endTime="2024-01-09T15:45:22.6387878+01:00" testType="13cdc9d9-ddb5-4fa4-a97d-d965ccfc6d4b" outcome="Passed" testListId="8c84fa94-04c1-424b-9868-57a2d4851a1d" relativeResultsDirectory="097c6a08-fbc6-4305-a726-e8722a4dce61" />
    <UnitTestResult executionId="4eaa4a46-b255-44b7-b67b-09eb227bf1a7" testId="8dfedf8d-5ced-b051-67b1-f21d8190aa73" testName="VerifyServerFoundThroughOriginalUri_throughLoginSettings" computerName="DKSR-EFI-06" duration="00:00:00.0013375" startTime="2024-01-09T15:45:18.7637808+01:00" endTime="2024-01-09T15:45:18.7637808+01:00" testType="13cdc9d9-ddb5-4fa4-a97d-d965ccfc6d4b" outcome="Passed" testListId="8c84fa94-04c1-424b-9868-57a2d4851a1d" relativeResultsDirectory="4eaa4a46-b255-44b7-b67b-09eb227bf1a7" />
    <UnitTestResult executionId="e125aa0f-dba8-4ae4-a339-3459d7f475a9" testId="346fbfa0-3649-8251-d8d1-a07b030b1578" testName="Given_Connected_When_CreateSessionTimesOut_Then_AnExceptionIsThrown" computerName="DKSR-EFI-06" duration="00:00:00.0037414" startTime="2024-01-09T15:45:22.6544131+01:00" endTime="2024-01-09T15:45:22.6544131+01:00" testType="13cdc9d9-ddb5-4fa4-a97d-d965ccfc6d4b" outcome="Passed" testListId="8c84fa94-04c1-424b-9868-57a2d4851a1d" relativeResultsDirectory="e125aa0f-dba8-4ae4-a339-3459d7f475a9" />
    <UnitTestResult executionId="5f3c7645-e6e8-4491-bfc6-fa92e2764679" testId="b302fa2d-031c-4f71-4afe-c81ca1b4659c" testName="HandleAudioData_CalculateAudioMeterValue_When_Subscribed_And_Unmuted" computerName="DKSR-EFI-06" duration="00:00:00.0056193" startTime="2024-01-09T15:45:56.9700376+01:00" endTime="2024-01-09T15:45:56.9700376+01:00" testType="13cdc9d9-ddb5-4fa4-a97d-d965ccfc6d4b" outcome="Passed" testListId="8c84fa94-04c1-424b-9868-57a2d4851a1d" relativeResultsDirectory="5f3c7645-e6e8-4491-bfc6-fa92e2764679" />
    <UnitTestResult executionId="0258f67e-14cb-46d5-8a93-9022593b3802" testId="ed60ffe8-498e-b9e0-cb5e-701cf0899e33" testName="AddServer_WithCredentialCache_Correct" computerName="DKSR-EFI-06" duration="00:00:00.0609418" startTime="2024-01-09T15:44:27.4199367+01:00" endTime="2024-01-09T15:44:27.4824369+01:00" testType="13cdc9d9-ddb5-4fa4-a97d-d965ccfc6d4b" outcome="Passed" testListId="8c84fa94-04c1-424b-9868-57a2d4851a1d" relativeResultsDirectory="0258f67e-14cb-46d5-8a93-9022593b3802" />
    <UnitTestResult executionId="2e93d871-ab7d-40b5-9db0-561c8f2b8bb8" testId="c903125e-f7c2-67eb-8a1a-5d7644a51082" testName="HandleStateChanged_StateLostConnection_ConnectedIsFalseAndEventFired" computerName="DKSR-EFI-06" duration="00:00:00.0007091" startTime="2024-01-09T15:45:56.7981395+01:00" endTime="2024-01-09T15:45:56.7981395+01:00" testType="13cdc9d9-ddb5-4fa4-a97d-d965ccfc6d4b" outcome="Passed" testListId="8c84fa94-04c1-424b-9868-57a2d4851a1d" relativeResultsDirectory="2e93d871-ab7d-40b5-9db0-561c8f2b8bb8" />
    <UnitTestResult executionId="3700334e-c044-45e8-8d23-11feda2f0c14" testId="5c75fd4c-e523-4c4d-59cb-37282a3e3596" testName="XpcoServerConnectedSuccess" computerName="DKSR-EFI-06" duration="00:00:00.1473734" startTime="2024-01-09T15:45:48.0308081+01:00" endTime="2024-01-09T15:45:48.1870974+01:00" testType="13cdc9d9-ddb5-4fa4-a97d-d965ccfc6d4b" outcome="Passed" testListId="8c84fa94-04c1-424b-9868-57a2d4851a1d" relativeResultsDirectory="3700334e-c044-45e8-8d23-11feda2f0c14" />
    <UnitTestResult executionId="8147e255-9a01-448d-b3e8-83b4b0055c6b" testId="a8f489fb-4bcd-8cf4-eb18-2db2a9c9dea0" testName="PlaybackStart_NotConnected_DoesNotCrash" computerName="DKSR-EFI-06" duration="00:00:00.0015238" startTime="2024-01-09T15:45:56.8762752+01:00" endTime="2024-01-09T15:45:56.8762752+01:00" testType="13cdc9d9-ddb5-4fa4-a97d-d965ccfc6d4b" outcome="Passed" testListId="8c84fa94-04c1-424b-9868-57a2d4851a1d" relativeResultsDirectory="8147e255-9a01-448d-b3e8-83b4b0055c6b" />
    <UnitTestResult executionId="084efe03-5da7-4616-886d-2ac70ddc3a35" testId="c0865429-3866-2dd1-bc73-a54af982297e" testName="DisposingBeforeConnectIsDone_ShouldNotThrowException" computerName="DKSR-EFI-06" duration="00:00:00.0067779" startTime="2024-01-09T15:45:22.8106632+01:00" endTime="2024-01-09T15:45:22.8262873+01:00" testType="13cdc9d9-ddb5-4fa4-a97d-d965ccfc6d4b" outcome="Passed" testListId="8c84fa94-04c1-424b-9868-57a2d4851a1d" relativeResultsDirectory="084efe03-5da7-4616-886d-2ac70ddc3a35" />
    <UnitTestResult executionId="4f834a60-6b8d-47c2-a75e-a4b1dd50ac18" testId="bc335d91-1297-3bd7-e46e-c0c3ae74878f" testName="LoadSiteItem_WithServerType_Success" computerName="DKSR-EFI-06" duration="00:00:00.0084629" startTime="2024-01-09T15:44:27.1386819+01:00" endTime="2024-01-09T15:44:27.1386819+01:00" testType="13cdc9d9-ddb5-4fa4-a97d-d965ccfc6d4b" outcome="Passed" testListId="8c84fa94-04c1-424b-9868-57a2d4851a1d" relativeResultsDirectory="4f834a60-6b8d-47c2-a75e-a4b1dd50ac18" />
    <UnitTestResult executionId="b83c2f8d-e21e-4e12-8baf-85c71354b5b5" testId="2f9fe530-9f9a-4708-4a26-7c6564c4fadd" testName="XpcoNotLoggedinDueToInvalidUri" computerName="DKSR-EFI-06" duration="00:00:00.0159641" startTime="2024-01-09T15:45:48.0151804+01:00" endTime="2024-01-09T15:45:48.0308081+01:00" testType="13cdc9d9-ddb5-4fa4-a97d-d965ccfc6d4b" outcome="Passed" testListId="8c84fa94-04c1-424b-9868-57a2d4851a1d" relativeResultsDirectory="b83c2f8d-e21e-4e12-8baf-85c71354b5b5">
      <Output>
        <StdOut>Debug Trace:&#xD;
MIP: Error: SDKConfiguration.Login(Uri) (): Unable to login on server URI=http://9.8.7.6:88/</StdOut>
      </Output>
    </UnitTestResult>
    <UnitTestResult executionId="1bf1a2a0-1e61-4969-b886-9eab207d66ce" testId="9855177d-3c89-e00d-59db-a565da891164" testName="HandleAudioData_VolumeSetPrematurely_LocalVolumeAndAppliedDuringConstruction" computerName="DKSR-EFI-06" duration="00:00:00.0052139" startTime="2024-01-09T15:45:56.9856651+01:00" endTime="2024-01-09T15:45:56.9856651+01:00" testType="13cdc9d9-ddb5-4fa4-a97d-d965ccfc6d4b" outcome="Passed" testListId="8c84fa94-04c1-424b-9868-57a2d4851a1d" relativeResultsDirectory="1bf1a2a0-1e61-4969-b886-9eab207d66ce" />
    <UnitTestResult executionId="2afd99ca-1c10-4c44-b284-8c28fd5faebd" testId="e0c41eb4-ca64-4ddf-9983-492652c1f0d6" testName="Given_SubScriptionAdded_When_RemoveSubscriptionSuccesful_Then_MethodSucceeds" computerName="DKSR-EFI-06" duration="00:00:00.0036410" startTime="2024-01-09T15:45:22.6700392+01:00" endTime="2024-01-09T15:45:22.6856621+01:00" testType="13cdc9d9-ddb5-4fa4-a97d-d965ccfc6d4b" outcome="Passed" testListId="8c84fa94-04c1-424b-9868-57a2d4851a1d" relativeResultsDirectory="2afd99ca-1c10-4c44-b284-8c28fd5faebd" />
    <UnitTestResult executionId="02bceffb-72e4-4826-8045-4e0de51fb381" testId="2c92124b-c5f5-19a5-8432-332f4bcae799" testName="CheckToDouble" computerName="DKSR-EFI-06" duration="00:00:00.0045452" startTime="2024-01-09T15:45:21.8262872+01:00" endTime="2024-01-09T15:45:21.8419110+01:00" testType="13cdc9d9-ddb5-4fa4-a97d-d965ccfc6d4b" outcome="Passed" testListId="8c84fa94-04c1-424b-9868-57a2d4851a1d" relativeResultsDirectory="02bceffb-72e4-4826-8045-4e0de51fb381" />
    <UnitTestResult executionId="bc618a3f-33f1-446c-bff9-82b61be5f724" testId="0adf935d-caf6-29b9-4c8c-8321341fd342" testName="GetSequencesForMicrophone" computerName="DKSR-EFI-06" duration="00:00:02.5092636" startTime="2024-01-09T15:45:16.2169027+01:00" endTime="2024-01-09T15:45:18.7325304+01:00" testType="13cdc9d9-ddb5-4fa4-a97d-d965ccfc6d4b" outcome="Passed" testListId="8c84fa94-04c1-424b-9868-57a2d4851a1d" relativeResultsDirectory="bc618a3f-33f1-446c-bff9-82b61be5f724">
      <Output>
        <StdOut>Debug Trace:&#xD;
MIP: Error: GetConfiguration (): CustomSetting not found for the given platformDefinitionId: e145597a-ecaf-40a1-99e6-14bb9d45a09e&#xD;
MIP: Error: GetConfiguration (): CustomSetting not found for the given platformDefinitionId: e145597a-ecaf-40a1-99e6-14bb9d45a09e&#xD;
MIP: Error: GetConfiguration (): CustomSetting not found for the given platformDefinitionId: e145597a-ecaf-40a1-99e6-14bb9d45a09e</StdOut>
      </Output>
    </UnitTestResult>
    <UnitTestResult executionId="9a4a37d1-a862-4d07-8cc6-bf5f30fdad02" testId="40843798-41bf-fb8a-959c-ba732aa831ed" testName="Reset_Success" computerName="DKSR-EFI-06" duration="00:00:00.0076933" startTime="2024-01-09T15:44:27.0605588+01:00" endTime="2024-01-09T15:44:27.0605588+01:00" testType="13cdc9d9-ddb5-4fa4-a97d-d965ccfc6d4b" outcome="Passed" testListId="8c84fa94-04c1-424b-9868-57a2d4851a1d" relativeResultsDirectory="9a4a37d1-a862-4d07-8cc6-bf5f30fdad02" />
    <UnitTestResult executionId="1931041b-b53e-4a25-a832-f27239d1b605" testId="eeca07d2-7091-cff0-76b8-61f9e4981fb9" testName="PlaybackStop_ConnectedAndPlayingPlayback_DelegatesCallsToToolkit" computerName="DKSR-EFI-06" duration="00:00:00.0094984" startTime="2024-01-09T15:45:56.8919024+01:00" endTime="2024-01-09T15:45:56.9075294+01:00" testType="13cdc9d9-ddb5-4fa4-a97d-d965ccfc6d4b" outcome="Passed" testListId="8c84fa94-04c1-424b-9868-57a2d4851a1d" relativeResultsDirectory="1931041b-b53e-4a25-a832-f27239d1b605" />
    <UnitTestResult executionId="d848ea63-fec1-4162-ba9c-8785ba0b0b3b" testId="dd88292e-70c4-42bd-a16e-4296bf8609a3" testName="CheckBaseTime1970FromString" computerName="DKSR-EFI-06" duration="00:00:00.0060479" startTime="2024-01-09T15:45:21.7794119+01:00" endTime="2024-01-09T15:45:21.7950365+01:00" testType="13cdc9d9-ddb5-4fa4-a97d-d965ccfc6d4b" outcome="Passed" testListId="8c84fa94-04c1-424b-9868-57a2d4851a1d" relativeResultsDirectory="d848ea63-fec1-4162-ba9c-8785ba0b0b3b" />
    <UnitTestResult executionId="2c00e7f2-c8b3-43e9-97a7-cb16d4215216" testId="48cb99ba-5270-df3c-8533-76671ff09a4c" testName="Free_ShouldNotChangeRecordingStatus_WhenRecordingIsNotStarted" computerName="DKSR-EFI-06" duration="00:00:00.0011864" startTime="2024-01-09T15:45:56.7043741+01:00" endTime="2024-01-09T15:45:56.7200006+01:00" testType="13cdc9d9-ddb5-4fa4-a97d-d965ccfc6d4b" outcome="Passed" testListId="8c84fa94-04c1-424b-9868-57a2d4851a1d" relativeResultsDirectory="2c00e7f2-c8b3-43e9-97a7-cb16d4215216" />
    <UnitTestResult executionId="bda11c4d-36c8-4f11-b982-e6c817810efb" testId="ccb2b6db-3973-b90d-56a9-3d38c12b2b8f" testName="Given_Nothing_When_ConnectUnSuccessful_Then_AnExceptionIsThrown" computerName="DKSR-EFI-06" duration="00:00:00.0030054" startTime="2024-01-09T15:45:22.7325397+01:00" endTime="2024-01-09T15:45:22.7325397+01:00" testType="13cdc9d9-ddb5-4fa4-a97d-d965ccfc6d4b" outcome="Passed" testListId="8c84fa94-04c1-424b-9868-57a2d4851a1d" relativeResultsDirectory="bda11c4d-36c8-4f11-b982-e6c817810efb" />
    <UnitTestResult executionId="c55c27de-5824-4626-bd61-722fc169c095" testId="b4915057-6c4f-8190-48c2-5491b3a35473" testName="HandleStateChanged_StateConnectionFailed_ConnectedIsFalseAndEventFired" computerName="DKSR-EFI-06" duration="00:00:00.0008083" startTime="2024-01-09T15:45:56.7981395+01:00" endTime="2024-01-09T15:45:56.7981395+01:00" testType="13cdc9d9-ddb5-4fa4-a97d-d965ccfc6d4b" outcome="Passed" testListId="8c84fa94-04c1-424b-9868-57a2d4851a1d" relativeResultsDirectory="c55c27de-5824-4626-bd61-722fc169c095" />
    <UnitTestResult executionId="52cc1a0b-63a0-48f2-9308-c5bdde5d9f55" testId="56d2e303-9191-fd62-30a9-ea9298b86cd6" testName="Initialize_ShouldNotSetApplicationStateOn" computerName="DKSR-EFI-06" duration="00:00:00.0018710" startTime="2024-01-09T15:44:27.8730616+01:00" endTime="2024-01-09T15:44:27.8730616+01:00" testType="13cdc9d9-ddb5-4fa4-a97d-d965ccfc6d4b" outcome="Passed" testListId="8c84fa94-04c1-424b-9868-57a2d4851a1d" relativeResultsDirectory="52cc1a0b-63a0-48f2-9308-c5bdde5d9f55" />
    <UnitTestResult executionId="6d813c22-fdd4-44dc-909d-91b89f2d2973" testId="486bf095-ef80-8760-1ed9-25c366babe7b" testName="Given_Connected_When_ResumeSessionUnsuccessful_Then_NoSuccessAndNewSessionIdIsReturned" computerName="DKSR-EFI-06" duration="00:00:00.0031147" startTime="2024-01-09T15:45:22.6387878+01:00" endTime="2024-01-09T15:45:22.6544131+01:00" testType="13cdc9d9-ddb5-4fa4-a97d-d965ccfc6d4b" outcome="Passed" testListId="8c84fa94-04c1-424b-9868-57a2d4851a1d" relativeResultsDirectory="6d813c22-fdd4-44dc-909d-91b89f2d2973" />
    <UnitTestResult executionId="9256bbe6-b837-43d0-8f53-27754672dc7c" testId="9e96d681-4077-c58a-c79c-4c329c7488ff" testName="Initialize_ShouldReturnFalse_WhenNoRecordingDeviceIsAvailable" computerName="DKSR-EFI-06" duration="00:00:00.0393845" startTime="2024-01-09T15:45:56.5793559+01:00" endTime="2024-01-09T15:45:56.6262371+01:00" testType="13cdc9d9-ddb5-4fa4-a97d-d965ccfc6d4b" outcome="Passed" testListId="8c84fa94-04c1-424b-9868-57a2d4851a1d" relativeResultsDirectory="9256bbe6-b837-43d0-8f53-27754672dc7c" />
    <UnitTestResult executionId="7e4f8538-ca8b-4e3f-9ba7-4647f276e98f" testId="6d93dbe9-2cce-d9d5-7c9f-910853d500ab" testName="XpcoLoadSiteItemWithServerAdded" computerName="DKSR-EFI-06" duration="00:00:00.7327659" startTime="2024-01-09T15:45:47.2024661+01:00" endTime="2024-01-09T15:45:47.9370319+01:00" testType="13cdc9d9-ddb5-4fa4-a97d-d965ccfc6d4b" outcome="Passed" testListId="8c84fa94-04c1-424b-9868-57a2d4851a1d" relativeResultsDirectory="7e4f8538-ca8b-4e3f-9ba7-4647f276e98f">
      <Output>
        <StdOut>Debug Trace:&#xD;
TopLevelControl returns null. PostMessage may have problems&#xD;
MIP: Error: ConfigurationApiItemWrapper (): ConfigAPI GetItem(): System.NotImplementedException, The method or operation is not implemented.&#xD;
MIP: Error: Factory.IsItemTypeSupported (): Exception source:      VideoOS.Platform.SDK.UnitTests&#xD;
Exception type:        System.NotImplementedException&#xD;
Exception message:     The method or operation is not implemented.&#xD;
Exception target site: GetItem&#xD;
   at VideoOS.Platform.SDKUnittest.EnvironmentTests.TestConfigurationClientService.GetItem(String path) in D:\actions-runner\_work\XPCO\XPCO\MIP\MIPSDK\tst\VideoOS.Platform.SDK.UnitTests\EnvironmentTests\TestsWithCorporateShimsBase.cs:line 227&#xD;
   at VideoOS.Platform.Proxy.ConfigApi.ConfigurationApiItemWrapper..ctor(ServerId serverId, String path) in D:\actions-runner\_work\XPCO\XPCO\MIP\PlatformPlugin\VideoOS.Platform\src\Proxy\ConfigApi\ConfigurationApiItemWrapper.cs:line 110&#xD;
   at VideoOS.Platform.ConfigurationItems.Factory.IsItemTypeSupported(ServerId serverId, String itemType) in D:\actions-runner\_work\XPCO\XPCO\MIP\PlatformPlugin\VideoOS.Platform\src\ConfigurationItems\Factory.cs:line 464&#xD;
&#xD;
Factory.IsItemTypeSupportedFactory.IsItemTypeSupported ()The method or operation is not implemented.   at VideoOS.Platform.SDKUnittest.EnvironmentTests.TestConfigurationClientService.GetItem(String path) in D:\actions-runner\_work\XPCO\XPCO\MIP\MIPSDK\tst\VideoOS.Platform.SDK.UnitTests\EnvironmentTests\TestsWithCorporateShimsBase.cs:line 227&#xD;
   at VideoOS.Platform.Proxy.ConfigApi.ConfigurationApiItemWrapper..ctor(ServerId serverId, String path) in D:\actions-runner\_work\XPCO\XPCO\MIP\PlatformPlugin\VideoOS.Platform\src\Proxy\ConfigApi\ConfigurationApiItemWrapper.cs:line 110&#xD;
   at VideoOS.Platform.ConfigurationItems.Factory.IsItemTypeSupported(ServerId serverId, String itemType) in D:\actions-runner\_work\XPCO\XPCO\MIP\PlatformPlugin\VideoOS.Platform\src\ConfigurationItems\Factory.cs:line 464&#xD;
MIP: Error: GetConfiguration (): CustomSetting not found for the given platformDefinitionId: e145597a-ecaf-40a1-99e6-14bb9d45a09e&#xD;
MIP: Error: ConfigurationApiItemWrapper (): ConfigAPI GetItem(): System.NotImplementedException, The method or operation is not implemented.&#xD;
MIP: Error: Factory.IsItemTypeSupported (): Exception source:      VideoOS.Platform.SDK.UnitTests&#xD;
Exception type:        System.NotImplementedException&#xD;
Exception message:     The method or operation is not implemented.&#xD;
Exception target site: GetItem&#xD;
   at VideoOS.Platform.SDKUnittest.EnvironmentTests.TestConfigurationClientService.GetItem(String path) in D:\actions-runner\_work\XPCO\XPCO\MIP\MIPSDK\tst\VideoOS.Platform.SDK.UnitTests\EnvironmentTests\TestsWithCorporateShimsBase.cs:line 227&#xD;
   at VideoOS.Platform.Proxy.ConfigApi.ConfigurationApiItemWrapper..ctor(ServerId serverId, String path) in D:\actions-runner\_work\XPCO\XPCO\MIP\PlatformPlugin\VideoOS.Platform\src\Proxy\ConfigApi\ConfigurationApiItemWrapper.cs:line 110&#xD;
   at VideoOS.Platform.ConfigurationItems.Factory.IsItemTypeSupported(ServerId serverId, String itemType) in D:\actions-runner\_work\XPCO\XPCO\MIP\PlatformPlugin\VideoOS.Platform\src\ConfigurationItems\Factory.cs:line 464&#xD;
&#xD;
Factory.IsItemTypeSupportedFactory.IsItemTypeSupported ()The method or operation is not implemented.   at VideoOS.Platform.SDKUnittest.EnvironmentTests.TestConfigurationClientService.GetItem(String path) in D:\actions-runner\_work\XPCO\XPCO\MIP\MIPSDK\tst\VideoOS.Platform.SDK.UnitTests\EnvironmentTests\TestsWithCorporateShimsBase.cs:line 227&#xD;
   at VideoOS.Platform.Proxy.ConfigApi.ConfigurationApiItemWrapper..ctor(ServerId serverId, String path) in D:\actions-runner\_work\XPCO\XPCO\MIP\PlatformPlugin\VideoOS.Platform\src\Proxy\ConfigApi\ConfigurationApiItemWrapper.cs:line 110&#xD;
   at VideoOS.Platform.ConfigurationItems.Factory.IsItemTypeSupported(ServerId serverId, String itemType) in D:\actions-runner\_work\XPCO\XPCO\MIP\PlatformPlugin\VideoOS.Platform\src\ConfigurationItems\Factory.cs:line 464&#xD;
MIP: Error: LoginServerOauth (): https://1.2.3.5:55/ManagementServer/ServerCommandServiceOAuth.svc The method or operation is not implemented.&#xD;
MIP: Error: ConfigurationApiItemWrapper (): ConfigAPI GetItem(): System.NotImplementedException, The method or operation is not implemented.&#xD;
MIP: Error: Factory.IsItemTypeSupported (): Exception source:      VideoOS.Platform.SDK.UnitTests&#xD;
Exception type:        System.NotImplementedException&#xD;
Exception message:     The method or operation is not implemented.&#xD;
Exception target site: GetItem&#xD;
   at VideoOS.Platform.SDKUnittest.EnvironmentTests.TestConfigurationClientService.GetItem(String path) in D:\actions-runner\_work\XPCO\XPCO\MIP\MIPSDK\tst\VideoOS.Platform.SDK.UnitTests\EnvironmentTests\TestsWithCorporateShimsBase.cs:line 227&#xD;
   at VideoOS.Platform.Proxy.ConfigApi.ConfigurationApiItemWrapper..ctor(ServerId serverId, String path) in D:\actions-runner\_work\XPCO\XPCO\MIP\PlatformPlugin\VideoOS.Platform\src\Proxy\ConfigApi\ConfigurationApiItemWrapper.cs:line 110&#xD;
   at VideoOS.Platform.ConfigurationItems.Factory.IsItemTypeSupported(ServerId serverId, String itemType) in D:\actions-runner\_work\XPCO\XPCO\MIP\PlatformPlugin\VideoOS.Platform\src\ConfigurationItems\Factory.cs:line 464&#xD;
&#xD;
Factory.IsItemTypeSupportedFactory.IsItemTypeSupported ()The method or operation is not implemented.   at VideoOS.Platform.SDKUnittest.EnvironmentTests.TestConfigurationClientService.GetItem(String path) in D:\actions-runner\_work\XPCO\XPCO\MIP\MIPSDK\tst\VideoOS.Platform.SDK.UnitTests\EnvironmentTests\TestsWithCorporateShimsBase.cs:line 227&#xD;
   at VideoOS.Platform.Proxy.ConfigApi.ConfigurationApiItemWrapper..ctor(ServerId serverId, String path) in D:\actions-runner\_work\XPCO\XPCO\MIP\PlatformPlugin\VideoOS.Platform\src\Proxy\ConfigApi\ConfigurationApiItemWrapper.cs:line 110&#xD;
   at VideoOS.Platform.ConfigurationItems.Factory.IsItemTypeSupported(ServerId serverId, String itemType) in D:\actions-runner\_work\XPCO\XPCO\MIP\PlatformPlugin\VideoOS.Platform\src\ConfigurationItems\Factory.cs:line 464&#xD;
MIP: Error: GetConfiguration (): CustomSetting not found for the given platformDefinitionId: e145597a-ecaf-40a1-99e6-14bb9d45a09e&#xD;
MIP: Error: ConfigurationApiItemWrapper (): ConfigAPI GetItem(): System.NotImplementedException, The method or operation is not implemented.&#xD;
MIP: Error: Factory.IsItemTypeSupported (): Exception source:      VideoOS.Platform.SDK.UnitTests&#xD;
Exception type:        System.NotImplementedException&#xD;
Exception message:     The method or operation is not implemented.&#xD;
Exception target site: GetItem&#xD;
   at VideoOS.Platform.SDKUnittest.EnvironmentTests.TestConfigurationClientService.GetItem(String path) in D:\actions-runner\_work\XPCO\XPCO\MIP\MIPSDK\tst\VideoOS.Platform.SDK.UnitTests\EnvironmentTests\TestsWithCorporateShimsBase.cs:line 227&#xD;
   at VideoOS.Platform.Proxy.ConfigApi.ConfigurationApiItemWrapper..ctor(ServerId serverId, String path) in D:\actions-runner\_work\XPCO\XPCO\MIP\PlatformPlugin\VideoOS.Platform\src\Proxy\ConfigApi\ConfigurationApiItemWrapper.cs:line 110&#xD;
   at VideoOS.Platform.ConfigurationItems.Factory.IsItemTypeSupported(ServerId serverId, String itemType) in D:\actions-runner\_work\XPCO\XPCO\MIP\PlatformPlugin\VideoOS.Platform\src\ConfigurationItems\Factory.cs:line 464&#xD;
&#xD;
Factory.IsItemTypeSupportedFactory.IsItemTypeSupported ()The method or operation is not implemented.   at VideoOS.Platform.SDKUnittest.EnvironmentTests.TestConfigurationClientService.GetItem(String path) in D:\actions-runner\_work\XPCO\XPCO\MIP\MIPSDK\tst\VideoOS.Platform.SDK.UnitTests\EnvironmentTests\TestsWithCorporateShimsBase.cs:line 227&#xD;
   at VideoOS.Platform.Proxy.ConfigApi.ConfigurationApiItemWrapper..ctor(ServerId serverId, String path) in D:\actions-runner\_work\XPCO\XPCO\MIP\PlatformPlugin\VideoOS.Platform\src\Proxy\ConfigApi\ConfigurationApiItemWrapper.cs:line 110&#xD;
   at VideoOS.Platform.ConfigurationItems.Factory.IsItemTypeSupported(ServerId serverId, String itemType) in D:\actions-runner\_work\XPCO\XPCO\MIP\PlatformPlugin\VideoOS.Platform\src\ConfigurationItems\Factory.cs:line 464&#xD;
MIP: Error: LoginServerOauth (): https://1.2.3.5:55/ManagementServer/ServerCommandServiceOAuth.svc The method or operation is not implemented.&#xD;
MIP: Error: ConfigurationApiItemWrapper (): ConfigAPI GetItem(): System.NotImplementedException, The method or operation is not implemented.&#xD;
MIP: Error: Factory.IsItemTypeSupported (): Exception source:      VideoOS.Platform.SDK.UnitTests&#xD;
Exception type:        System.NotImplementedException&#xD;
Exception message:     The method or operation is not implemented.&#xD;
Exception target site: GetItem&#xD;
   at VideoOS.Platform.SDKUnittest.EnvironmentTests.TestConfigurationClientService.GetItem(String path) in D:\actions-runner\_work\XPCO\XPCO\MIP\MIPSDK\tst\VideoOS.Platform.SDK.UnitTests\EnvironmentTests\TestsWithCorporateShimsBase.cs:line 227&#xD;
   at VideoOS.Platform.Proxy.ConfigApi.ConfigurationApiItemWrapper..ctor(ServerId serverId, String path) in D:\actions-runner\_work\XPCO\XPCO\MIP\PlatformPlugin\VideoOS.Platform\src\Proxy\ConfigApi\ConfigurationApiItemWrapper.cs:line 110&#xD;
   at VideoOS.Platform.ConfigurationItems.Factory.IsItemTypeSupported(ServerId serverId, String itemType) in D:\actions-runner\_work\XPCO\XPCO\MIP\PlatformPlugin\VideoOS.Platform\src\ConfigurationItems\Factory.cs:line 464&#xD;
&#xD;
Factory.IsItemTypeSupportedFactory.IsItemTypeSupported ()The method or operation is not implemented.   at VideoOS.Platform.SDKUnittest.EnvironmentTests.TestConfigurationClientService.GetItem(String path) in D:\actions-runner\_work\XPCO\XPCO\MIP\MIPSDK\tst\VideoOS.Platform.SDK.UnitTests\EnvironmentTests\TestsWithCorporateShimsBase.cs:line 227&#xD;
   at VideoOS.Platform.Proxy.ConfigApi.ConfigurationApiItemWrapper..ctor(ServerId serverId, String path) in D:\actions-runner\_work\XPCO\XPCO\MIP\PlatformPlugin\VideoOS.Platform\src\Proxy\ConfigApi\ConfigurationApiItemWrapper.cs:line 110&#xD;
   at VideoOS.Platform.ConfigurationItems.Factory.IsItemTypeSupported(ServerId serverId, String itemType) in D:\actions-runner\_work\XPCO\XPCO\MIP\PlatformPlugin\VideoOS.Platform\src\ConfigurationItems\Factory.cs:line 464&#xD;
MIP: Error: ConfigurationApiItemWrapper (): ConfigAPI GetItem(): System.NotImplementedException, The method or operation is not implemented.&#xD;
MIP: Error: Factory.IsItemTypeSupported (): Exception source:      VideoOS.Platform.SDK.UnitTests&#xD;
Exception type:        System.NotImplementedException&#xD;
Exception message:     The method or operation is not implemented.&#xD;
Exception target site: GetItem&#xD;
   at VideoOS.Platform.SDKUnittest.EnvironmentTests.TestConfigurationClientService.GetItem(String path) in D:\actions-runner\_work\XPCO\XPCO\MIP\MIPSDK\tst\VideoOS.Platform.SDK.UnitTests\EnvironmentTests\TestsWithCorporateShimsBase.cs:line 227&#xD;
   at VideoOS.Platform.Proxy.ConfigApi.ConfigurationApiItemWrapper..ctor(ServerId serverId, String path) in D:\actions-runner\_work\XPCO\XPCO\MIP\PlatformPlugin\VideoOS.Platform\src\Proxy\ConfigApi\ConfigurationApiItemWrapper.cs:line 110&#xD;
   at VideoOS.Platform.ConfigurationItems.Factory.IsItemTypeSupported(ServerId serverId, String itemType) in D:\actions-runner\_work\XPCO\XPCO\MIP\PlatformPlugin\VideoOS.Platform\src\ConfigurationItems\Factory.cs:line 464&#xD;
&#xD;
Factory.IsItemTypeSupportedFactory.IsItemTypeSupported ()The method or operation is not implemented.   at VideoOS.Platform.SDKUnittest.EnvironmentTests.TestConfigurationClientService.GetItem(String path) in D:\actions-runner\_work\XPCO\XPCO\MIP\MIPSDK\tst\VideoOS.Platform.SDK.UnitTests\EnvironmentTests\TestsWithCorporateShimsBase.cs:line 227&#xD;
   at VideoOS.Platform.Proxy.ConfigApi.ConfigurationApiItemWrapper..ctor(ServerId serverId, String path) in D:\actions-runner\_work\XPCO\XPCO\MIP\PlatformPlugin\VideoOS.Platform\src\Proxy\ConfigApi\ConfigurationApiItemWrapper.cs:line 110&#xD;
   at VideoOS.Platform.ConfigurationItems.Factory.IsItemTypeSupported(ServerId serverId, String itemType) in D:\actions-runner\_work\XPCO\XPCO\MIP\PlatformPlugin\VideoOS.Platform\src\ConfigurationItems\Factory.cs:line 464&#xD;
MIP: Error: LoginServerOauth (): https://1.2.3.5:55/ManagementServer/ServerCommandServiceOAuth.svc The method or operation is not implemented.&#xD;
MIP: Error: ConfigurationApiItemWrapper (): ConfigAPI GetItem(): System.NotImplementedException, The method or operation is not implemented.&#xD;
MIP: Error: Factory.IsItemTypeSupported (): Exception source:      VideoOS.Platform.SDK.UnitTests&#xD;
Exception type:        System.NotImplementedException&#xD;
Exception message:     The method or operation is not implemented.&#xD;
Exception target site: GetItem&#xD;
   at VideoOS.Platform.SDKUnittest.EnvironmentTests.TestConfigurationClientService.GetItem(String path) in D:\actions-runner\_work\XPCO\XPCO\MIP\MIPSDK\tst\VideoOS.Platform.SDK.UnitTests\EnvironmentTests\TestsWithCorporateShimsBase.cs:line 227&#xD;
   at VideoOS.Platform.Proxy.ConfigApi.ConfigurationApiItemWrapper..ctor(ServerId serverId, String path) in D:\actions-runner\_work\XPCO\XPCO\MIP\PlatformPlugin\VideoOS.Platform\src\Proxy\ConfigApi\ConfigurationApiItemWrapper.cs:line 110&#xD;
   at VideoOS.Platform.ConfigurationItems.Factory.IsItemTypeSupported(ServerId serverId, String itemType) in D:\actions-runner\_work\XPCO\XPCO\MIP\PlatformPlugin\VideoOS.Platform\src\ConfigurationItems\Factory.cs:line 464&#xD;
&#xD;
Factory.IsItemTypeSupportedFactory.IsItemTypeSupported ()The method or operation is not implemented.   at VideoOS.Platform.SDKUnittest.EnvironmentTests.TestConfigurationClientService.GetItem(String path) in D:\actions-runner\_work\XPCO\XPCO\MIP\MIPSDK\tst\VideoOS.Platform.SDK.UnitTests\EnvironmentTests\TestsWithCorporateShimsBase.cs:line 227&#xD;
   at VideoOS.Platform.Proxy.ConfigApi.ConfigurationApiItemWrapper..ctor(ServerId serverId, String path) in D:\actions-runner\_work\XPCO\XPCO\MIP\PlatformPlugin\VideoOS.Platform\src\Proxy\ConfigApi\ConfigurationApiItemWrapper.cs:line 110&#xD;
   at VideoOS.Platform.ConfigurationItems.Factory.IsItemTypeSupported(ServerId serverId, String itemType) in D:\actions-runner\_work\XPCO\XPCO\MIP\PlatformPlugin\VideoOS.Platform\src\ConfigurationItems\Factory.cs:line 464&#xD;
MIP: Error: GetConfiguration (): CustomSetting not found for the given platformDefinitionId: e145597a-ecaf-40a1-99e6-14bb9d45a09e&#xD;
MIP: Error: ConfigurationApiItemWrapper (): ConfigAPI GetItem(): System.NotImplementedException, The method or operation is not implemented.&#xD;
MIP: Error: Factory.IsItemTypeSupported (): Exception source:      VideoOS.Platform.SDK.UnitTests&#xD;
Exception type:        System.NotImplementedException&#xD;
Exception message:     The method or operation is not implemented.&#xD;
Exception target site: GetItem&#xD;
   at VideoOS.Platform.SDKUnittest.EnvironmentTests.TestConfigurationClientService.GetItem(String path) in D:\actions-runner\_work\XPCO\XPCO\MIP\MIPSDK\tst\VideoOS.Platform.SDK.UnitTests\EnvironmentTests\TestsWithCorporateShimsBase.cs:line 227&#xD;
   at VideoOS.Platform.Proxy.ConfigApi.ConfigurationApiItemWrapper..ctor(ServerId serverId, String path) in D:\actions-runner\_work\XPCO\XPCO\MIP\PlatformPlugin\VideoOS.Platform\src\Proxy\ConfigApi\ConfigurationApiItemWrapper.cs:line 110&#xD;
   at VideoOS.Platform.ConfigurationItems.Factory.IsItemTypeSupported(ServerId serverId, String itemType) in D:\actions-runner\_work\XPCO\XPCO\MIP\PlatformPlugin\VideoOS.Platform\src\ConfigurationItems\Factory.cs:line 464&#xD;
&#xD;
Factory.IsItemTypeSupportedFactory.IsItemTypeSupported ()The method or operation is not implemented.   at VideoOS.Platform.SDKUnittest.EnvironmentTests.TestConfigurationClientService.GetItem(String path) in D:\actions-runner\_work\XPCO\XPCO\MIP\MIPSDK\tst\VideoOS.Platform.SDK.UnitTests\EnvironmentTests\TestsWithCorporateShimsBase.cs:line 227&#xD;
   at VideoOS.Platform.Proxy.ConfigApi.ConfigurationApiItemWrapper..ctor(ServerId serverId, String path) in D:\actions-runner\_work\XPCO\XPCO\MIP\PlatformPlugin\VideoOS.Platform\src\Proxy\ConfigApi\ConfigurationApiItemWrapper.cs:line 110&#xD;
   at VideoOS.Platform.ConfigurationItems.Factory.IsItemTypeSupported(ServerId serverId, String itemType) in D:\actions-runner\_work\XPCO\XPCO\MIP\PlatformPlugin\VideoOS.Platform\src\ConfigurationItems\Factory.cs:line 464&#xD;
MIP: Error: LoginServerOauth (): https://1.2.3.5:55/ManagementServer/ServerCommandServiceOAuth.svc The method or operation is not implemented.</StdOut>
      </Output>
    </UnitTestResult>
    <UnitTestResult executionId="1486c568-76b5-4450-abbb-a8852983213a" testId="fbaf1dda-566e-cc79-d509-7e9e6a1689d9" testName="PlaybackStart_AlreadyPlayingPlayback_AvoidsToolkitReentry" computerName="DKSR-EFI-06" duration="00:00:00.0036926" startTime="2024-01-09T15:45:56.8762752+01:00" endTime="2024-01-09T15:45:56.8919024+01:00" testType="13cdc9d9-ddb5-4fa4-a97d-d965ccfc6d4b" outcome="Passed" testListId="8c84fa94-04c1-424b-9868-57a2d4851a1d" relativeResultsDirectory="1486c568-76b5-4450-abbb-a8852983213a" />
    <UnitTestResult executionId="58e0c2bc-7c60-48f5-bdef-92921a315057" testId="85afdadd-d6c2-2083-0346-abf07f63d82d" testName="XpcoMultiLoginSuccess" computerName="DKSR-EFI-06" duration="00:00:00.7140452" startTime="2024-01-09T15:45:27.8419184+01:00" endTime="2024-01-09T15:45:28.5606684+01:00" testType="13cdc9d9-ddb5-4fa4-a97d-d965ccfc6d4b" outcome="Passed" testListId="8c84fa94-04c1-424b-9868-57a2d4851a1d" relativeResultsDirectory="58e0c2bc-7c60-48f5-bdef-92921a315057">
      <Output>
        <StdOut>Debug Trace:&#xD;
TopLevelControl returns null. PostMessage may have problems</StdOut>
      </Output>
    </UnitTestResult>
    <UnitTestResult executionId="ef42faa5-8e5f-4e23-8074-e255809b8173" testId="a48a4aa2-5c0d-5259-9846-1ccc3607484c" testName="Given_Nothing_When_ReceivingAnUnknownMessage_Then_FirstPartOfTheMessgeIsLoggedInAWarning" computerName="DKSR-EFI-06" duration="00:00:00.0080035" startTime="2024-01-09T15:45:23.2169120+01:00" endTime="2024-01-09T15:45:23.2169120+01:00" testType="13cdc9d9-ddb5-4fa4-a97d-d965ccfc6d4b" outcome="Passed" testListId="8c84fa94-04c1-424b-9868-57a2d4851a1d" relativeResultsDirectory="ef42faa5-8e5f-4e23-8074-e255809b8173" />
    <UnitTestResult executionId="1a7339fc-654d-4db1-92fb-04b74e30f40c" testId="8cf85ff1-edc7-caee-ed6c-a1ccfa277329" testName="Given_Nothing_When_ReceivingACommandResponse_Then_ItIsDispatchedToTheCommandHandler" computerName="DKSR-EFI-06" duration="00:00:00.0306415" startTime="2024-01-09T15:45:23.1856627+01:00" endTime="2024-01-09T15:45:23.2169120+01:00" testType="13cdc9d9-ddb5-4fa4-a97d-d965ccfc6d4b" outcome="Passed" testListId="8c84fa94-04c1-424b-9868-57a2d4851a1d" relativeResultsDirectory="1a7339fc-654d-4db1-92fb-04b74e30f40c" />
    <UnitTestResult executionId="1f5a37f8-def8-4429-8a63-1e6306aaf7eb" testId="d9ca8b92-f19f-e9c9-3fff-9ecc10403148" testName="VerifyServerFoundThroughOriginalUri_throughUri" computerName="DKSR-EFI-06" duration="00:00:00.0069237" startTime="2024-01-09T15:45:18.7481553+01:00" endTime="2024-01-09T15:45:18.7637808+01:00" testType="13cdc9d9-ddb5-4fa4-a97d-d965ccfc6d4b" outcome="Passed" testListId="8c84fa94-04c1-424b-9868-57a2d4851a1d" relativeResultsDirectory="1f5a37f8-def8-4429-8a63-1e6306aaf7eb" />
    <UnitTestResult executionId="34af6b15-09b7-4ff0-9b35-9e7c96720357" testId="e480450b-9f62-5e54-a1f5-cc1228ba5cde" testName="Free_ShouldStopRecording_WhenRecordingIsStarted" computerName="DKSR-EFI-06" duration="00:00:00.0013239" startTime="2024-01-09T15:45:56.7200006+01:00" endTime="2024-01-09T15:45:56.7200006+01:00" testType="13cdc9d9-ddb5-4fa4-a97d-d965ccfc6d4b" outcome="Passed" testListId="8c84fa94-04c1-424b-9868-57a2d4851a1d" relativeResultsDirectory="34af6b15-09b7-4ff0-9b35-9e7c96720357" />
    <UnitTestResult executionId="2f936bed-936b-4e23-975c-ff83963da597" testId="28d03c63-4b7f-6f07-1925-95fd992db754" testName="ReloadConfiguration_CallsRefreshServer" computerName="DKSR-EFI-06" duration="00:00:00.0043996" startTime="2024-01-09T15:44:27.1855586+01:00" endTime="2024-01-09T15:44:27.1855586+01:00" testType="13cdc9d9-ddb5-4fa4-a97d-d965ccfc6d4b" outcome="Passed" testListId="8c84fa94-04c1-424b-9868-57a2d4851a1d" relativeResultsDirectory="2f936bed-936b-4e23-975c-ff83963da597" />
    <UnitTestResult executionId="c0fe07d7-0bb5-4079-89d7-014312577c52" testId="7c979667-6bd9-aaa8-412d-d36319ef5eef" testName="Initialize_ShouldCallServiceInit" computerName="DKSR-EFI-06" duration="00:00:00.0017198" startTime="2024-01-09T15:44:28.0918131+01:00" endTime="2024-01-09T15:44:28.0918131+01:00" testType="13cdc9d9-ddb5-4fa4-a97d-d965ccfc6d4b" outcome="Passed" testListId="8c84fa94-04c1-424b-9868-57a2d4851a1d" relativeResultsDirectory="c0fe07d7-0bb5-4079-89d7-014312577c52" />
    <UnitTestResult executionId="75e0b172-a70d-4178-b55d-23d71e4b4c32" testId="373252f1-976f-baf6-24a1-d0fc41da5a58" testName="LiveStart_NotConnected_DoesNotCrash" computerName="DKSR-EFI-06" duration="00:00:00.0001995" startTime="2024-01-09T15:45:56.8450445+01:00" endTime="2024-01-09T15:45:56.8450445+01:00" testType="13cdc9d9-ddb5-4fa4-a97d-d965ccfc6d4b" outcome="Passed" testListId="8c84fa94-04c1-424b-9868-57a2d4851a1d" relativeResultsDirectory="75e0b172-a70d-4178-b55d-23d71e4b4c32" />
    <UnitTestResult executionId="bf1dd181-029c-43a6-bd3b-aa2fc44ef1a8" testId="ffbbaaff-f4f0-e891-e766-d016df06c7aa" testName="LiveStop_ConnectedAndPlayingLive_DelegatesCallsToToolkit" computerName="DKSR-EFI-06" duration="00:00:00.0021130" startTime="2024-01-09T15:45:56.8606460+01:00" endTime="2024-01-09T15:45:56.8606460+01:00" testType="13cdc9d9-ddb5-4fa4-a97d-d965ccfc6d4b" outcome="Passed" testListId="8c84fa94-04c1-424b-9868-57a2d4851a1d" relativeResultsDirectory="bf1dd181-029c-43a6-bd3b-aa2fc44ef1a8" />
    <UnitTestResult executionId="4bbd39d7-cd4b-4bbb-9b29-f265e7eb2193" testId="d0433bb2-5994-e95a-66cb-00cffc215684" testName="TryCreateParentUri_WhenNoUrlKeyPresent_ReturnsNull" computerName="DKSR-EFI-06" duration="00:00:00.0007014" startTime="2024-01-09T15:45:21.6700388+01:00" endTime="2024-01-09T15:45:21.6700388+01:00" testType="13cdc9d9-ddb5-4fa4-a97d-d965ccfc6d4b" outcome="Passed" testListId="8c84fa94-04c1-424b-9868-57a2d4851a1d" relativeResultsDirectory="4bbd39d7-cd4b-4bbb-9b29-f265e7eb2193" />
    <UnitTestResult executionId="c37df81b-9a99-4f9c-949f-31ec39067b47" testId="a4c6d443-fa01-dcc3-6d3b-7e396f5ee185" testName="Initialize_ShouldSetUserContextConfiguration" computerName="DKSR-EFI-06" duration="00:00:00.0018580" startTime="2024-01-09T15:44:28.0918131+01:00" endTime="2024-01-09T15:44:28.0918131+01:00" testType="13cdc9d9-ddb5-4fa4-a97d-d965ccfc6d4b" outcome="Passed" testListId="8c84fa94-04c1-424b-9868-57a2d4851a1d" relativeResultsDirectory="c37df81b-9a99-4f9c-949f-31ec39067b47" />
    <UnitTestResult executionId="068c3493-87be-4bc1-b1e1-2f83cdaf5a31" testId="24f8123c-e826-303b-a65a-9364447f6890" testName="XpcoMultiUserLoginSingleServer" computerName="DKSR-EFI-06" duration="00:00:02.1581775" startTime="2024-01-09T15:45:40.0137941+01:00" endTime="2024-01-09T15:45:42.1700425+01:00" testType="13cdc9d9-ddb5-4fa4-a97d-d965ccfc6d4b" outcome="Passed" testListId="8c84fa94-04c1-424b-9868-57a2d4851a1d" relativeResultsDirectory="068c3493-87be-4bc1-b1e1-2f83cdaf5a31">
      <Output>
        <StdOut>Debug Trace:&#xD;
TopLevelControl returns null. PostMessage may have problems&#xD;
MIP: Error: ConfigurationApiItemWrapper (): ConfigAPI GetItem(): System.NotImplementedException, The method or operation is not implemented.&#xD;
MIP: Error: Factory.IsItemTypeSupported (): Exception source:      VideoOS.Platform.SDK.UnitTests&#xD;
Exception type:        System.NotImplementedException&#xD;
Exception message:     The method or operation is not implemented.&#xD;
Exception target site: GetItem&#xD;
   at VideoOS.Platform.SDKUnittest.EnvironmentTests.TestConfigurationClientService.GetItem(String path) in D:\actions-runner\_work\XPCO\XPCO\MIP\MIPSDK\tst\VideoOS.Platform.SDK.UnitTests\EnvironmentTests\TestsWithCorporateShimsBase.cs:line 227&#xD;
   at VideoOS.Platform.Proxy.ConfigApi.ConfigurationApiItemWrapper..ctor(ServerId serverId, String path) in D:\actions-runner\_work\XPCO\XPCO\MIP\PlatformPlugin\VideoOS.Platform\src\Proxy\ConfigApi\ConfigurationApiItemWrapper.cs:line 110&#xD;
   at VideoOS.Platform.ConfigurationItems.Factory.IsItemTypeSupported(ServerId serverId, String itemType) in D:\actions-runner\_work\XPCO\XPCO\MIP\PlatformPlugin\VideoOS.Platform\src\ConfigurationItems\Factory.cs:line 464&#xD;
&#xD;
Factory.IsItemTypeSupportedFactory.IsItemTypeSupported ()The method or operation is not implemented.   at VideoOS.Platform.SDKUnittest.EnvironmentTests.TestConfigurationClientService.GetItem(String path) in D:\actions-runner\_work\XPCO\XPCO\MIP\MIPSDK\tst\VideoOS.Platform.SDK.UnitTests\EnvironmentTests\TestsWithCorporateShimsBase.cs:line 227&#xD;
   at VideoOS.Platform.Proxy.ConfigApi.ConfigurationApiItemWrapper..ctor(ServerId serverId, String path) in D:\actions-runner\_work\XPCO\XPCO\MIP\PlatformPlugin\VideoOS.Platform\src\Proxy\ConfigApi\ConfigurationApiItemWrapper.cs:line 110&#xD;
   at VideoOS.Platform.ConfigurationItems.Factory.IsItemTypeSupported(ServerId serverId, String itemType) in D:\actions-runner\_work\XPCO\XPCO\MIP\PlatformPlugin\VideoOS.Platform\src\ConfigurationItems\Factory.cs:line 464&#xD;
MIP: Error: GetConfiguration (): CustomSetting not found for the given platformDefinitionId: e145597a-ecaf-40a1-99e6-14bb9d45a09e&#xD;
MIP: Error: ConfigurationApiItemWrapper (): ConfigAPI GetItem(): System.NotImplementedException, The method or operation is not implemented.&#xD;
MIP: Error: Factory.IsItemTypeSupported (): Exception source:      VideoOS.Platform.SDK.UnitTests&#xD;
Exception type:        System.NotImplementedException&#xD;
Exception message:     The method or operation is not implemented.&#xD;
Exception target site: GetItem&#xD;
   at VideoOS.Platform.SDKUnittest.EnvironmentTests.TestConfigurationClientService.GetItem(String path) in D:\actions-runner\_work\XPCO\XPCO\MIP\MIPSDK\tst\VideoOS.Platform.SDK.UnitTests\EnvironmentTests\TestsWithCorporateShimsBase.cs:line 227&#xD;
   at VideoOS.Platform.Proxy.ConfigApi.ConfigurationApiItemWrapper..ctor(ServerId serverId, String path) in D:\actions-runner\_work\XPCO\XPCO\MIP\PlatformPlugin\VideoOS.Platform\src\Proxy\ConfigApi\ConfigurationApiItemWrapper.cs:line 110&#xD;
   at VideoOS.Platform.ConfigurationItems.Factory.IsItemTypeSupported(ServerId serverId, String itemType) in D:\actions-runner\_work\XPCO\XPCO\MIP\PlatformPlugin\VideoOS.Platform\src\ConfigurationItems\Factory.cs:line 464&#xD;
&#xD;
Factory.IsItemTypeSupportedFactory.IsItemTypeSupported ()The method or operation is not implemented.   at VideoOS.Platform.SDKUnittest.EnvironmentTests.TestConfigurationClientService.GetItem(String path) in D:\actions-runner\_work\XPCO\XPCO\MIP\MIPSDK\tst\VideoOS.Platform.SDK.UnitTests\EnvironmentTests\TestsWithCorporateShimsBase.cs:line 227&#xD;
   at VideoOS.Platform.Proxy.ConfigApi.ConfigurationApiItemWrapper..ctor(ServerId serverId, String path) in D:\actions-runner\_work\XPCO\XPCO\MIP\PlatformPlugin\VideoOS.Platform\src\Proxy\ConfigApi\ConfigurationApiItemWrapper.cs:line 110&#xD;
   at VideoOS.Platform.ConfigurationItems.Factory.IsItemTypeSupported(ServerId serverId, String itemType) in D:\actions-runner\_work\XPCO\XPCO\MIP\PlatformPlugin\VideoOS.Platform\src\ConfigurationItems\Factory.cs:line 464&#xD;
MIP: Error: LoginServerOauth (): https://1.2.3.5:55/ManagementServer/ServerCommandServiceOAuth.svc The method or operation is not implemented.&#xD;
MIP: Error: ConfigurationApiItemWrapper (): ConfigAPI GetItem(): System.NotImplementedException, The method or operation is not implemented.&#xD;
MIP: Error: Factory.IsItemTypeSupported (): Exception source:      VideoOS.Platform.SDK.UnitTests&#xD;
Exception type:        System.NotImplementedException&#xD;
Exception message:     The method or operation is not implemented.&#xD;
Exception target site: GetItem&#xD;
   at VideoOS.Platform.SDKUnittest.EnvironmentTests.TestConfigurationClientService.GetItem(String path) in D:\actions-runner\_work\XPCO\XPCO\MIP\MIPSDK\tst\VideoOS.Platform.SDK.UnitTests\EnvironmentTests\TestsWithCorporateShimsBase.cs:line 227&#xD;
   at VideoOS.Platform.Proxy.ConfigApi.ConfigurationApiItemWrapper..ctor(ServerId serverId, String path) in D:\actions-runner\_work\XPCO\XPCO\MIP\PlatformPlugin\VideoOS.Platform\src\Proxy\ConfigApi\ConfigurationApiItemWrapper.cs:line 110&#xD;
   at VideoOS.Platform.ConfigurationItems.Factory.IsItemTypeSupported(ServerId serverId, String itemType) in D:\actions-runner\_work\XPCO\XPCO\MIP\PlatformPlugin\VideoOS.Platform\src\ConfigurationItems\Factory.cs:line 464&#xD;
&#xD;
Factory.IsItemTypeSupportedFactory.IsItemTypeSupported ()The method or operation is not implemented.   at VideoOS.Platform.SDKUnittest.EnvironmentTests.TestConfigurationClientService.GetItem(String path) in D:\actions-runner\_work\XPCO\XPCO\MIP\MIPSDK\tst\VideoOS.Platform.SDK.UnitTests\EnvironmentTests\TestsWithCorporateShimsBase.cs:line 227&#xD;
   at VideoOS.Platform.Proxy.ConfigApi.ConfigurationApiItemWrapper..ctor(ServerId serverId, String path) in D:\actions-runner\_work\XPCO\XPCO\MIP\PlatformPlugin\VideoOS.Platform\src\Proxy\ConfigApi\ConfigurationApiItemWrapper.cs:line 110&#xD;
   at VideoOS.Platform.ConfigurationItems.Factory.IsItemTypeSupported(ServerId serverId, String itemType) in D:\actions-runner\_work\XPCO\XPCO\MIP\PlatformPlugin\VideoOS.Platform\src\ConfigurationItems\Factory.cs:line 464&#xD;
MIP: Error: GetConfiguration (): CustomSetting not found for the given platformDefinitionId: e145597a-ecaf-40a1-99e6-14bb9d45a09e&#xD;
MIP: Error: ConfigurationApiItemWrapper (): ConfigAPI GetItem(): System.NotImplementedException, The method or operation is not implemented.&#xD;
MIP: Error: Factory.IsItemTypeSupported (): Exception source:      VideoOS.Platform.SDK.UnitTests&#xD;
Exception type:        System.NotImplementedException&#xD;
Exception message:     The method or operation is not implemented.&#xD;
Exception target site: GetItem&#xD;
   at VideoOS.Platform.SDKUnittest.EnvironmentTests.TestConfigurationClientService.GetItem(String path) in D:\actions-runner\_work\XPCO\XPCO\MIP\MIPSDK\tst\VideoOS.Platform.SDK.UnitTests\EnvironmentTests\TestsWithCorporateShimsBase.cs:line 227&#xD;
   at VideoOS.Platform.Proxy.ConfigApi.ConfigurationApiItemWrapper..ctor(ServerId serverId, String path) in D:\actions-runner\_work\XPCO\XPCO\MIP\PlatformPlugin\VideoOS.Platform\src\Proxy\ConfigApi\ConfigurationApiItemWrapper.cs:line 110&#xD;
   at VideoOS.Platform.ConfigurationItems.Factory.IsItemTypeSupported(ServerId serverId, String itemType) in D:\actions-runner\_work\XPCO\XPCO\MIP\PlatformPlugin\VideoOS.Platform\src\ConfigurationItems\Factory.cs:line 464&#xD;
&#xD;
Factory.IsItemTypeSupportedFactory.IsItemTypeSupported ()The method or operation is not implemented.   at VideoOS.Platform.SDKUnittest.EnvironmentTests.TestConfigurationClientService.GetItem(String path) in D:\actions-runner\_work\XPCO\XPCO\MIP\MIPSDK\tst\VideoOS.Platform.SDK.UnitTests\EnvironmentTests\TestsWithCorporateShimsBase.cs:line 227&#xD;
   at VideoOS.Platform.Proxy.ConfigApi.ConfigurationApiItemWrapper..ctor(ServerId serverId, String path) in D:\actions-runner\_work\XPCO\XPCO\MIP\PlatformPlugin\VideoOS.Platform\src\Proxy\ConfigApi\ConfigurationApiItemWrapper.cs:line 110&#xD;
   at VideoOS.Platform.ConfigurationItems.Factory.IsItemTypeSupported(ServerId serverId, String itemType) in D:\actions-runner\_work\XPCO\XPCO\MIP\PlatformPlugin\VideoOS.Platform\src\ConfigurationItems\Factory.cs:line 464&#xD;
MIP: Error: LoginServerOauth (): https://1.2.3.5:55/ManagementServer/ServerCommandServiceOAuth.svc The method or operation is not implemented.&#xD;
MIP: Error: ConfigurationApiItemWrapper (): ConfigAPI GetItem(): System.NotImplementedException, The method or operation is not implemented.&#xD;
MIP: Error: Factory.IsItemTypeSupported (): Exception source:      VideoOS.Platform.SDK.UnitTests&#xD;
Exception type:        System.NotImplementedException&#xD;
Exception message:     The method or operation is not implemented.&#xD;
Exception target site: GetItem&#xD;
   at VideoOS.Platform.SDKUnittest.EnvironmentTests.TestConfigurationClientService.GetItem(String path) in D:\actions-runner\_work\XPCO\XPCO\MIP\MIPSDK\tst\VideoOS.Platform.SDK.UnitTests\EnvironmentTests\TestsWithCorporateShimsBase.cs:line 227&#xD;
   at VideoOS.Platform.Proxy.ConfigApi.ConfigurationApiItemWrapper..ctor(ServerId serverId, String path) in D:\actions-runner\_work\XPCO\XPCO\MIP\PlatformPlugin\VideoOS.Platform\src\Proxy\ConfigApi\ConfigurationApiItemWrapper.cs:line 110&#xD;
   at VideoOS.Platform.ConfigurationItems.Factory.IsItemTypeSupported(ServerId serverId, String itemType) in D:\actions-runner\_work\XPCO\XPCO\MIP\PlatformPlugin\VideoOS.Platform\src\ConfigurationItems\Factory.cs:line 464&#xD;
&#xD;
Factory.IsItemTypeSupportedFactory.IsItemTypeSupported ()The method or operation is not implemented.   at VideoOS.Platform.SDKUnittest.EnvironmentTests.TestConfigurationClientService.GetItem(String path) in D:\actions-runner\_work\XPCO\XPCO\MIP\MIPSDK\tst\VideoOS.Platform.SDK.UnitTests\EnvironmentTests\TestsWithCorporateShimsBase.cs:line 227&#xD;
   at VideoOS.Platform.Proxy.ConfigApi.ConfigurationApiItemWrapper..ctor(ServerId serverId, String path) in D:\actions-runner\_work\XPCO\XPCO\MIP\PlatformPlugin\VideoOS.Platform\src\Proxy\ConfigApi\ConfigurationApiItemWrapper.cs:line 110&#xD;
   at VideoOS.Platform.ConfigurationItems.Factory.IsItemTypeSupported(ServerId serverId, String itemType) in D:\actions-runner\_work\XPCO\XPCO\MIP\PlatformPlugin\VideoOS.Platform\src\ConfigurationItems\Factory.cs:line 464&#xD;
MIP: Error: ConfigurationApiItemWrapper (): ConfigAPI GetItem(): System.NotImplementedException, The method or operation is not implemented.&#xD;
MIP: Error: Factory.IsItemTypeSupported (): Exception source:      VideoOS.Platform.SDK.UnitTests&#xD;
Exception type:        System.NotImplementedException&#xD;
Exception message:     The method or operation is not implemented.&#xD;
Exception target site: GetItem&#xD;
   at VideoOS.Platform.SDKUnittest.EnvironmentTests.TestConfigurationClientService.GetItem(String path) in D:\actions-runner\_work\XPCO\XPCO\MIP\MIPSDK\tst\VideoOS.Platform.SDK.UnitTests\EnvironmentTests\TestsWithCorporateShimsBase.cs:line 227&#xD;
   at VideoOS.Platform.Proxy.ConfigApi.ConfigurationApiItemWrapper..ctor(ServerId serverId, String path) in D:\actions-runner\_work\XPCO\XPCO\MIP\PlatformPlugin\VideoOS.Platform\src\Proxy\ConfigApi\ConfigurationApiItemWrapper.cs:line 110&#xD;
   at VideoOS.Platform.ConfigurationItems.Factory.IsItemTypeSupported(ServerId serverId, String itemType) in D:\actions-runner\_work\XPCO\XPCO\MIP\PlatformPlugin\VideoOS.Platform\src\ConfigurationItems\Factory.cs:line 464&#xD;
&#xD;
Factory.IsItemTypeSupportedFactory.IsItemTypeSupported ()The method or operation is not implemented.   at VideoOS.Platform.SDKUnittest.EnvironmentTests.TestConfigurationClientService.GetItem(String path) in D:\actions-runner\_work\XPCO\XPCO\MIP\MIPSDK\tst\VideoOS.Platform.SDK.UnitTests\EnvironmentTests\TestsWithCorporateShimsBase.cs:line 227&#xD;
   at VideoOS.Platform.Proxy.ConfigApi.ConfigurationApiItemWrapper..ctor(ServerId serverId, String path) in D:\actions-runner\_work\XPCO\XPCO\MIP\PlatformPlugin\VideoOS.Platform\src\Proxy\ConfigApi\ConfigurationApiItemWrapper.cs:line 110&#xD;
   at VideoOS.Platform.ConfigurationItems.Factory.IsItemTypeSupported(ServerId serverId, String itemType) in D:\actions-runner\_work\XPCO\XPCO\MIP\PlatformPlugin\VideoOS.Platform\src\ConfigurationItems\Factory.cs:line 464&#xD;
MIP: Error: LoginServerOauth (): https://1.2.3.5:55/ManagementServer/ServerCommandServiceOAuth.svc The method or operation is not implemented.&#xD;
MIP: Error: ConfigurationApiItemWrapper (): ConfigAPI GetItem(): System.NotImplementedException, The method or operation is not implemented.&#xD;
MIP: Error: Factory.IsItemTypeSupported (): Exception source:      VideoOS.Platform.SDK.UnitTests&#xD;
Exception type:        System.NotImplementedException&#xD;
Exception message:     The method or operation is not implemented.&#xD;
Exception target site: GetItem&#xD;
   at VideoOS.Platform.SDKUnittest.EnvironmentTests.TestConfigurationClientService.GetItem(String path) in D:\actions-runner\_work\XPCO\XPCO\MIP\MIPSDK\tst\VideoOS.Platform.SDK.UnitTests\EnvironmentTests\TestsWithCorporateShimsBase.cs:line 227&#xD;
   at VideoOS.Platform.Proxy.ConfigApi.ConfigurationApiItemWrapper..ctor(ServerId serverId, String path) in D:\actions-runner\_work\XPCO\XPCO\MIP\PlatformPlugin\VideoOS.Platform\src\Proxy\ConfigApi\ConfigurationApiItemWrapper.cs:line 110&#xD;
   at VideoOS.Platform.ConfigurationItems.Factory.IsItemTypeSupported(ServerId serverId, String itemType) in D:\actions-runner\_work\XPCO\XPCO\MIP\PlatformPlugin\VideoOS.Platform\src\ConfigurationItems\Factory.cs:line 464&#xD;
&#xD;
Factory.IsItemTypeSupportedFactory.IsItemTypeSupported ()The method or operation is not implemented.   at VideoOS.Platform.SDKUnittest.EnvironmentTests.TestConfigurationClientService.GetItem(String path) in D:\actions-runner\_work\XPCO\XPCO\MIP\MIPSDK\tst\VideoOS.Platform.SDK.UnitTests\EnvironmentTests\TestsWithCorporateShimsBase.cs:line 227&#xD;
   at VideoOS.Platform.Proxy.ConfigApi.ConfigurationApiItemWrapper..ctor(ServerId serverId, String path) in D:\actions-runner\_work\XPCO\XPCO\MIP\PlatformPlugin\VideoOS.Platform\src\Proxy\ConfigApi\ConfigurationApiItemWrapper.cs:line 110&#xD;
   at VideoOS.Platform.ConfigurationItems.Factory.IsItemTypeSupported(ServerId serverId, String itemType) in D:\actions-runner\_work\XPCO\XPCO\MIP\PlatformPlugin\VideoOS.Platform\src\ConfigurationItems\Factory.cs:line 464&#xD;
MIP: Error: GetConfiguration (): CustomSetting not found for the given platformDefinitionId: e145597a-ecaf-40a1-99e6-14bb9d45a09e&#xD;
MIP: Error: ConfigurationApiItemWrapper (): ConfigAPI GetItem(): System.NotImplementedException, The method or operation is not implemented.&#xD;
MIP: Error: Factory.IsItemTypeSupported (): Exception source:      VideoOS.Platform.SDK.UnitTests&#xD;
Exception type:        System.NotImplementedException&#xD;
Exception message:     The method or operation is not implemented.&#xD;
Exception target site: GetItem&#xD;
   at VideoOS.Platform.SDKUnittest.EnvironmentTests.TestConfigurationClientService.GetItem(String path) in D:\actions-runner\_work\XPCO\XPCO\MIP\MIPSDK\tst\VideoOS.Platform.SDK.UnitTests\EnvironmentTests\TestsWithCorporateShimsBase.cs:line 227&#xD;
   at VideoOS.Platform.Proxy.ConfigApi.ConfigurationApiItemWrapper..ctor(ServerId serverId, String path) in D:\actions-runner\_work\XPCO\XPCO\MIP\PlatformPlugin\VideoOS.Platform\src\Proxy\ConfigApi\ConfigurationApiItemWrapper.cs:line 110&#xD;
   at VideoOS.Platform.ConfigurationItems.Factory.IsItemTypeSupported(ServerId serverId, String itemType) in D:\actions-runner\_work\XPCO\XPCO\MIP\PlatformPlugin\VideoOS.Platform\src\ConfigurationItems\Factory.cs:line 464&#xD;
&#xD;
Factory.IsItemTypeSupportedFactory.IsItemTypeSupported ()The method or operation is not implemented.   at VideoOS.Platform.SDKUnittest.EnvironmentTests.TestConfigurationClientService.GetItem(String path) in D:\actions-runner\_work\XPCO\XPCO\MIP\MIPSDK\tst\VideoOS.Platform.SDK.UnitTests\EnvironmentTests\TestsWithCorporateShimsBase.cs:line 227&#xD;
   at VideoOS.Platform.Proxy.ConfigApi.ConfigurationApiItemWrapper..ctor(ServerId serverId, String path) in D:\actions-runner\_work\XPCO\XPCO\MIP\PlatformPlugin\VideoOS.Platform\src\Proxy\ConfigApi\ConfigurationApiItemWrapper.cs:line 110&#xD;
   at VideoOS.Platform.ConfigurationItems.Factory.IsItemTypeSupported(ServerId serverId, String itemType) in D:\actions-runner\_work\XPCO\XPCO\MIP\PlatformPlugin\VideoOS.Platform\src\ConfigurationItems\Factory.cs:line 464&#xD;
MIP: Error: LoginServerOauth (): https://1.2.3.5:55/ManagementServer/ServerCommandServiceOAuth.svc The method or operation is not implemented.&#xD;
MIP: Error: ConfigurationApiItemWrapper (): ConfigAPI GetItem(): System.NotImplementedException, The method or operation is not implemented.&#xD;
MIP: Error: Factory.IsItemTypeSupported (): Exception source:      VideoOS.Platform.SDK.UnitTests&#xD;
Exception type:        System.NotImplementedException&#xD;
Exception message:     The method or operation is not implemented.&#xD;
Exception target site: GetItem&#xD;
   at VideoOS.Platform.SDKUnittest.EnvironmentTests.TestConfigurationClientService.GetItem(String path) in D:\actions-runner\_work\XPCO\XPCO\MIP\MIPSDK\tst\VideoOS.Platform.SDK.UnitTests\EnvironmentTests\TestsWithCorporateShimsBase.cs:line 227&#xD;
   at VideoOS.Platform.Proxy.ConfigApi.ConfigurationApiItemWrapper..ctor(ServerId serverId, String path) in D:\actions-runner\_work\XPCO\XPCO\MIP\PlatformPlugin\VideoOS.Platform\src\Proxy\ConfigApi\ConfigurationApiItemWrapper.cs:line 110&#xD;
   at VideoOS.Platform.ConfigurationItems.Factory.IsItemTypeSupported(ServerId serverId, String itemType) in D:\actions-runner\_work\XPCO\XPCO\MIP\PlatformPlugin\VideoOS.Platform\src\ConfigurationItems\Factory.cs:line 464&#xD;
&#xD;
Factory.IsItemTypeSupportedFactory.IsItemTypeSupported ()The method or operation is not implemented.   at VideoOS.Platform.SDKUnittest.EnvironmentTests.TestConfigurationClientService.GetItem(String path) in D:\actions-runner\_work\XPCO\XPCO\MIP\MIPSDK\tst\VideoOS.Platform.SDK.UnitTests\EnvironmentTests\TestsWithCorporateShimsBase.cs:line 227&#xD;
   at VideoOS.Platform.Proxy.ConfigApi.ConfigurationApiItemWrapper..ctor(ServerId serverId, String path) in D:\actions-runner\_work\XPCO\XPCO\MIP\PlatformPlugin\VideoOS.Platform\src\Proxy\ConfigApi\ConfigurationApiItemWrapper.cs:line 110&#xD;
   at VideoOS.Platform.ConfigurationItems.Factory.IsItemTypeSupported(ServerId serverId, String itemType) in D:\actions-runner\_work\XPCO\XPCO\MIP\PlatformPlugin\VideoOS.Platform\src\ConfigurationItems\Factory.cs:line 464&#xD;
MIP: Error: GetConfiguration (): CustomSetting not found for the given platformDefinitionId: e145597a-ecaf-40a1-99e6-14bb9d45a09e&#xD;
MIP: Error: ConfigurationApiItemWrapper (): ConfigAPI GetItem(): System.NotImplementedException, The method or operation is not implemented.&#xD;
MIP: Error: Factory.IsItemTypeSupported (): Exception source:      VideoOS.Platform.SDK.UnitTests&#xD;
Exception type:        System.NotImplementedException&#xD;
Exception message:     The method or operation is not implemented.&#xD;
Exception target site: GetItem&#xD;
   at VideoOS.Platform.SDKUnittest.EnvironmentTests.TestConfigurationClientService.GetItem(String path) in D:\actions-runner\_work\XPCO\XPCO\MIP\MIPSDK\tst\VideoOS.Platform.SDK.UnitTests\EnvironmentTests\TestsWithCorporateShimsBase.cs:line 227&#xD;
   at VideoOS.Platform.Proxy.ConfigApi.ConfigurationApiItemWrapper..ctor(ServerId serverId, String path) in D:\actions-runner\_work\XPCO\XPCO\MIP\PlatformPlugin\VideoOS.Platform\src\Proxy\ConfigApi\ConfigurationApiItemWrapper.cs:line 110&#xD;
   at VideoOS.Platform.ConfigurationItems.Factory.IsItemTypeSupported(ServerId serverId, String itemType) in D:\actions-runner\_work\XPCO\XPCO\MIP\PlatformPlugin\VideoOS.Platform\src\ConfigurationItems\Factory.cs:line 464&#xD;
&#xD;
Factory.IsItemTypeSupportedFactory.IsItemTypeSupported ()The method or operation is not implemented.   at VideoOS.Platform.SDKUnittest.EnvironmentTests.TestConfigurationClientService.GetItem(String path) in D:\actions-runner\_work\XPCO\XPCO\MIP\MIPSDK\tst\VideoOS.Platform.SDK.UnitTests\EnvironmentTests\TestsWithCorporateShimsBase.cs:line 227&#xD;
   at VideoOS.Platform.Proxy.ConfigApi.ConfigurationApiItemWrapper..ctor(ServerId serverId, String path) in D:\actions-runner\_work\XPCO\XPCO\MIP\PlatformPlugin\VideoOS.Platform\src\Proxy\ConfigApi\ConfigurationApiItemWrapper.cs:line 110&#xD;
   at VideoOS.Platform.ConfigurationItems.Factory.IsItemTypeSupported(ServerId serverId, String itemType) in D:\actions-runner\_work\XPCO\XPCO\MIP\PlatformPlugin\VideoOS.Platform\src\ConfigurationItems\Factory.cs:line 464&#xD;
MIP: Error: LoginServerOauth (): https://1.2.3.5:55/ManagementServer/ServerCommandServiceOAuth.svc The method or operation is not implemented.&#xD;
MIP: Error: ConfigurationApiItemWrapper (): ConfigAPI GetItem(): System.NotImplementedException, The method or operation is not implemented.&#xD;
MIP: Error: Factory.IsItemTypeSupported (): Exception source:      VideoOS.Platform.SDK.UnitTests&#xD;
Exception type:        System.NotImplementedException&#xD;
Exception message:     The method or operation is not implemented.&#xD;
Exception target site: GetItem&#xD;
   at VideoOS.Platform.SDKUnittest.EnvironmentTests.TestConfigurationClientService.GetItem(String path) in D:\actions-runner\_work\XPCO\XPCO\MIP\MIPSDK\tst\VideoOS.Platform.SDK.UnitTests\EnvironmentTests\TestsWithCorporateShimsBase.cs:line 227&#xD;
   at VideoOS.Platform.Proxy.ConfigApi.ConfigurationApiItemWrapper..ctor(ServerId serverId, String path) in D:\actions-runner\_work\XPCO\XPCO\MIP\PlatformPlugin\VideoOS.Platform\src\Proxy\ConfigApi\ConfigurationApiItemWrapper.cs:line 110&#xD;
   at VideoOS.Platform.ConfigurationItems.Factory.IsItemTypeSupported(ServerId serverId, String itemType) in D:\actions-runner\_work\XPCO\XPCO\MIP\PlatformPlugin\VideoOS.Platform\src\ConfigurationItems\Factory.cs:line 464&#xD;
&#xD;
Factory.IsItemTypeSupportedFactory.IsItemTypeSupported ()The method or operation is not implemented.   at VideoOS.Platform.SDKUnittest.EnvironmentTests.TestConfigurationClientService.GetItem(String path) in D:\actions-runner\_work\XPCO\XPCO\MIP\MIPSDK\tst\VideoOS.Platform.SDK.UnitTests\EnvironmentTests\TestsWithCorporateShimsBase.cs:line 227&#xD;
   at VideoOS.Platform.Proxy.ConfigApi.ConfigurationApiItemWrapper..ctor(ServerId serverId, String path) in D:\actions-runner\_work\XPCO\XPCO\MIP\PlatformPlugin\VideoOS.Platform\src\Proxy\ConfigApi\ConfigurationApiItemWrapper.cs:line 110&#xD;
   at VideoOS.Platform.ConfigurationItems.Factory.IsItemTypeSupported(ServerId serverId, String itemType) in D:\actions-runner\_work\XPCO\XPCO\MIP\PlatformPlugin\VideoOS.Platform\src\ConfigurationItems\Factory.cs:line 464&#xD;
MIP: Error: GetConfiguration (): CustomSetting not found for the given platformDefinitionId: e145597a-ecaf-40a1-99e6-14bb9d45a09e&#xD;
MIP: Error: ConfigurationApiItemWrapper (): ConfigAPI GetItem(): System.NotImplementedException, The method or operation is not implemented.&#xD;
MIP: Error: Factory.IsItemTypeSupported (): Exception source:      VideoOS.Platform.SDK.UnitTests&#xD;
Exception type:        System.NotImplementedException&#xD;
Exception message:     The method or operation is not implemented.&#xD;
Exception target site: GetItem&#xD;
   at VideoOS.Platform.SDKUnittest.EnvironmentTests.TestConfigurationClientService.GetItem(String path) in D:\actions-runner\_work\XPCO\XPCO\MIP\MIPSDK\tst\VideoOS.Platform.SDK.UnitTests\EnvironmentTests\TestsWithCorporateShimsBase.cs:line 227&#xD;
   at VideoOS.Platform.Proxy.ConfigApi.ConfigurationApiItemWrapper..ctor(ServerId serverId, String path) in D:\actions-runner\_work\XPCO\XPCO\MIP\PlatformPlugin\VideoOS.Platform\src\Proxy\ConfigApi\ConfigurationApiItemWrapper.cs:line 110&#xD;
   at VideoOS.Platform.ConfigurationItems.Factory.IsItemTypeSupported(ServerId serverId, String itemType) in D:\actions-runner\_work\XPCO\XPCO\MIP\PlatformPlugin\VideoOS.Platform\src\ConfigurationItems\Factory.cs:line 464&#xD;
&#xD;
Factory.IsItemTypeSupportedFactory.IsItemTypeSupported ()The method or operation is not implemented.   at VideoOS.Platform.SDKUnittest.EnvironmentTests.TestConfigurationClientService.GetItem(String path) in D:\actions-runner\_work\XPCO\XPCO\MIP\MIPSDK\tst\VideoOS.Platform.SDK.UnitTests\EnvironmentTests\TestsWithCorporateShimsBase.cs:line 227&#xD;
   at VideoOS.Platform.Proxy.ConfigApi.ConfigurationApiItemWrapper..ctor(ServerId serverId, String path) in D:\actions-runner\_work\XPCO\XPCO\MIP\PlatformPlugin\VideoOS.Platform\src\Proxy\ConfigApi\ConfigurationApiItemWrapper.cs:line 110&#xD;
   at VideoOS.Platform.ConfigurationItems.Factory.IsItemTypeSupported(ServerId serverId, String itemType) in D:\actions-runner\_work\XPCO\XPCO\MIP\PlatformPlugin\VideoOS.Platform\src\ConfigurationItems\Factory.cs:line 464&#xD;
MIP: Error: LoginServerOauth (): https://1.2.3.5:55/ManagementServer/ServerCommandServiceOAuth.svc The method or operation is not implemented.&#xD;
MIP: Error: ConfigurationApiItemWrapper (): ConfigAPI GetItem(): System.NotImplementedException, The method or operation is not implemented.&#xD;
MIP: Error: Factory.IsItemTypeSupported (): Exception source:      VideoOS.Platform.SDK.UnitTests&#xD;
Exception type:        System.NotImplementedException&#xD;
Exception message:     The method or operation is not implemented.&#xD;
Exception target site: GetItem&#xD;
   at VideoOS.Platform.SDKUnittest.EnvironmentTests.TestConfigurationClientService.GetItem(String path) in D:\actions-runner\_work\XPCO\XPCO\MIP\MIPSDK\tst\VideoOS.Platform.SDK.UnitTests\EnvironmentTests\TestsWithCorporateShimsBase.cs:line 227&#xD;
   at VideoOS.Platform.Proxy.ConfigApi.ConfigurationApiItemWrapper..ctor(ServerId serverId, String path) in D:\actions-runner\_work\XPCO\XPCO\MIP\PlatformPlugin\VideoOS.Platform\src\Proxy\ConfigApi\ConfigurationApiItemWrapper.cs:line 110&#xD;
   at VideoOS.Platform.ConfigurationItems.Factory.IsItemTypeSupported(ServerId serverId, String itemType) in D:\actions-runner\_work\XPCO\XPCO\MIP\PlatformPlugin\VideoOS.Platform\src\ConfigurationItems\Factory.cs:line 464&#xD;
&#xD;
Factory.IsItemTypeSupportedFactory.IsItemTypeSupported ()The method or operation is not implemented.   at VideoOS.Platform.SDKUnittest.EnvironmentTests.TestConfigurationClientService.GetItem(String path) in D:\actions-runner\_work\XPCO\XPCO\MIP\MIPSDK\tst\VideoOS.Platform.SDK.UnitTests\EnvironmentTests\TestsWithCorporateShimsBase.cs:line 227&#xD;
   at VideoOS.Platform.Proxy.ConfigApi.ConfigurationApiItemWrapper..ctor(ServerId serverId, String path) in D:\actions-runner\_work\XPCO\XPCO\MIP\PlatformPlugin\VideoOS.Platform\src\Proxy\ConfigApi\ConfigurationApiItemWrapper.cs:line 110&#xD;
   at VideoOS.Platform.ConfigurationItems.Factory.IsItemTypeSupported(ServerId serverId, String itemType) in D:\actions-runner\_work\XPCO\XPCO\MIP\PlatformPlugin\VideoOS.Platform\src\ConfigurationItems\Factory.cs:line 464&#xD;
MIP: Error: ConfigurationApiItemWrapper (): ConfigAPI GetItem(): System.NotImplementedException, The method or operation is not implemented.&#xD;
MIP: Error: Factory.IsItemTypeSupported (): Exception source:      VideoOS.Platform.SDK.UnitTests&#xD;
Exception type:        System.NotImplementedException&#xD;
Exception message:     The method or operation is not implemented.&#xD;
Exception target site: GetItem&#xD;
   at VideoOS.Platform.SDKUnittest.EnvironmentTests.TestConfigurationClientService.GetItem(String path) in D:\actions-runner\_work\XPCO\XPCO\MIP\MIPSDK\tst\VideoOS.Platform.SDK.UnitTests\EnvironmentTests\TestsWithCorporateShimsBase.cs:line 227&#xD;
   at VideoOS.Platform.Proxy.ConfigApi.ConfigurationApiItemWrapper..ctor(ServerId serverId, String path) in D:\actions-runner\_work\XPCO\XPCO\MIP\PlatformPlugin\VideoOS.Platform\src\Proxy\ConfigApi\ConfigurationApiItemWrapper.cs:line 110&#xD;
   at VideoOS.Platform.ConfigurationItems.Factory.IsItemTypeSupported(ServerId serverId, String itemType) in D:\actions-runner\_work\XPCO\XPCO\MIP\PlatformPlugin\VideoOS.Platform\src\ConfigurationItems\Factory.cs:line 464&#xD;
&#xD;
Factory.IsItemTypeSupportedFactory.IsItemTypeSupported ()The method or operation is not implemented.   at VideoOS.Platform.SDKUnittest.EnvironmentTests.TestConfigurationClientService.GetItem(String path) in D:\actions-runner\_work\XPCO\XPCO\MIP\MIPSDK\tst\VideoOS.Platform.SDK.UnitTests\EnvironmentTests\TestsWithCorporateShimsBase.cs:line 227&#xD;
   at VideoOS.Platform.Proxy.ConfigApi.ConfigurationApiItemWrapper..ctor(ServerId serverId, String path) in D:\actions-runner\_work\XPCO\XPCO\MIP\PlatformPlugin\VideoOS.Platform\src\Proxy\ConfigApi\ConfigurationApiItemWrapper.cs:line 110&#xD;
   at VideoOS.Platform.ConfigurationItems.Factory.IsItemTypeSupported(ServerId serverId, String itemType) in D:\actions-runner\_work\XPCO\XPCO\MIP\PlatformPlugin\VideoOS.Platform\src\ConfigurationItems\Factory.cs:line 464&#xD;
MIP: Error: LoginServerOauth (): https://1.2.3.5:55/ManagementServer/ServerCommandServiceOAuth.svc The method or operation is not implemented.&#xD;
MIP: Error: ConfigurationApiItemWrapper (): ConfigAPI GetItem(): System.NotImplementedException, The method or operation is not implemented.&#xD;
MIP: Error: Factory.IsItemTypeSupported (): Exception source:      VideoOS.Platform.SDK.UnitTests&#xD;
Exception type:        System.NotImplementedException&#xD;
Exception message:     The method or operation is not implemented.&#xD;
Exception target site: GetItem&#xD;
   at VideoOS.Platform.SDKUnittest.EnvironmentTests.TestConfigurationClientService.GetItem(String path) in D:\actions-runner\_work\XPCO\XPCO\MIP\MIPSDK\tst\VideoOS.Platform.SDK.UnitTests\EnvironmentTests\TestsWithCorporateShimsBase.cs:line 227&#xD;
   at VideoOS.Platform.Proxy.ConfigApi.ConfigurationApiItemWrapper..ctor(ServerId serverId, String path) in D:\actions-runner\_work\XPCO\XPCO\MIP\PlatformPlugin\VideoOS.Platform\src\Proxy\ConfigApi\ConfigurationApiItemWrapper.cs:line 110&#xD;
   at VideoOS.Platform.ConfigurationItems.Factory.IsItemTypeSupported(ServerId serverId, String itemType) in D:\actions-runner\_work\XPCO\XPCO\MIP\PlatformPlugin\VideoOS.Platform\src\ConfigurationItems\Factory.cs:line 464&#xD;
&#xD;
Factory.IsItemTypeSupportedFactory.IsItemTypeSupported ()The method or operation is not implemented.   at VideoOS.Platform.SDKUnittest.EnvironmentTests.TestConfigurationClientService.GetItem(String path) in D:\actions-runner\_work\XPCO\XPCO\MIP\MIPSDK\tst\VideoOS.Platform.SDK.UnitTests\EnvironmentTests\TestsWithCorporateShimsBase.cs:line 227&#xD;
   at VideoOS.Platform.Proxy.ConfigApi.ConfigurationApiItemWrapper..ctor(ServerId serverId, String path) in D:\actions-runner\_work\XPCO\XPCO\MIP\PlatformPlugin\VideoOS.Platform\src\Proxy\ConfigApi\ConfigurationApiItemWrapper.cs:line 110&#xD;
   at VideoOS.Platform.ConfigurationItems.Factory.IsItemTypeSupported(ServerId serverId, String itemType) in D:\actions-runner\_work\XPCO\XPCO\MIP\PlatformPlugin\VideoOS.Platform\src\ConfigurationItems\Factory.cs:line 464&#xD;
MIP: Error: GetConfiguration (): CustomSetting not found for the given platformDefinitionId: e145597a-ecaf-40a1-99e6-14bb9d45a09e&#xD;
MIP: Error: ConfigurationApiItemWrapper (): ConfigAPI GetItem(): System.NotImplementedException, The method or operation is not implemented.&#xD;
MIP: Error: Factory.IsItemTypeSupported (): Exception source:      VideoOS.Platform.SDK.UnitTests&#xD;
Exception type:        System.NotImplementedException&#xD;
Exception message:     The method or operation is not implemented.&#xD;
Exception target site: GetItem&#xD;
   at VideoOS.Platform.SDKUnittest.EnvironmentTests.TestConfigurationClientService.GetItem(String path) in D:\actions-runner\_work\XPCO\XPCO\MIP\MIPSDK\tst\VideoOS.Platform.SDK.UnitTests\EnvironmentTests\TestsWithCorporateShimsBase.cs:line 227&#xD;
   at VideoOS.Platform.Proxy.ConfigApi.ConfigurationApiItemWrapper..ctor(ServerId serverId, String path) in D:\actions-runner\_work\XPCO\XPCO\MIP\PlatformPlugin\VideoOS.Platform\src\Proxy\ConfigApi\ConfigurationApiItemWrapper.cs:line 110&#xD;
   at VideoOS.Platform.ConfigurationItems.Factory.IsItemTypeSupported(ServerId serverId, String itemType) in D:\actions-runner\_work\XPCO\XPCO\MIP\PlatformPlugin\VideoOS.Platform\src\ConfigurationItems\Factory.cs:line 464&#xD;
&#xD;
Factory.IsItemTypeSupportedFactory.IsItemTypeSupported ()The method or operation is not implemented.   at VideoOS.Platform.SDKUnittest.EnvironmentTests.TestConfigurationClientService.GetItem(String path) in D:\actions-runner\_work\XPCO\XPCO\MIP\MIPSDK\tst\VideoOS.Platform.SDK.UnitTests\EnvironmentTests\TestsWithCorporateShimsBase.cs:line 227&#xD;
   at VideoOS.Platform.Proxy.ConfigApi.ConfigurationApiItemWrapper..ctor(ServerId serverId, String path) in D:\actions-runner\_work\XPCO\XPCO\MIP\PlatformPlugin\VideoOS.Platform\src\Proxy\ConfigApi\ConfigurationApiItemWrapper.cs:line 110&#xD;
   at VideoOS.Platform.ConfigurationItems.Factory.IsItemTypeSupported(ServerId serverId, String itemType) in D:\actions-runner\_work\XPCO\XPCO\MIP\PlatformPlugin\VideoOS.Platform\src\ConfigurationItems\Factory.cs:line 464&#xD;
MIP: Error: LoginServerOauth (): https://1.2.3.5:55/ManagementServer/ServerCommandServiceOAuth.svc The method or operation is not implemented.&#xD;
MIP: Error: ConfigurationApiItemWrapper (): ConfigAPI GetItem(): System.NotImplementedException, The method or operation is not implemented.&#xD;
MIP: Error: Factory.IsItemTypeSupported (): Exception source:      VideoOS.Platform.SDK.UnitTests&#xD;
Exception type:        System.NotImplementedException&#xD;
Exception message:     The method or operation is not implemented.&#xD;
Exception target site: GetItem&#xD;
   at VideoOS.Platform.SDKUnittest.EnvironmentTests.TestConfigurationClientService.GetItem(String path) in D:\actions-runner\_work\XPCO\XPCO\MIP\MIPSDK\tst\VideoOS.Platform.SDK.UnitTests\EnvironmentTests\TestsWithCorporateShimsBase.cs:line 227&#xD;
   at VideoOS.Platform.Proxy.ConfigApi.ConfigurationApiItemWrapper..ctor(ServerId serverId, String path) in D:\actions-runner\_work\XPCO\XPCO\MIP\PlatformPlugin\VideoOS.Platform\src\Proxy\ConfigApi\ConfigurationApiItemWrapper.cs:line 110&#xD;
   at VideoOS.Platform.ConfigurationItems.Factory.IsItemTypeSupported(ServerId serverId, String itemType) in D:\actions-runner\_work\XPCO\XPCO\MIP\PlatformPlugin\VideoOS.Platform\src\ConfigurationItems\Factory.cs:line 464&#xD;
&#xD;
Factory.IsItemTypeSupportedFactory.IsItemTypeSupported ()The method or operation is not implemented.   at VideoOS.Platform.SDKUnittest.EnvironmentTests.TestConfigurationClientService.GetItem(String path) in D:\actions-runner\_work\XPCO\XPCO\MIP\MIPSDK\tst\VideoOS.Platform.SDK.UnitTests\EnvironmentTests\TestsWithCorporateShimsBase.cs:line 227&#xD;
   at VideoOS.Platform.Proxy.ConfigApi.ConfigurationApiItemWrapper..ctor(ServerId serverId, String path) in D:\actions-runner\_work\XPCO\XPCO\MIP\PlatformPlugin\VideoOS.Platform\src\Proxy\ConfigApi\ConfigurationApiItemWrapper.cs:line 110&#xD;
   at VideoOS.Platform.ConfigurationItems.Factory.IsItemTypeSupported(ServerId serverId, String itemType) in D:\actions-runner\_work\XPCO\XPCO\MIP\PlatformPlugin\VideoOS.Platform\src\ConfigurationItems\Factory.cs:line 464&#xD;
MIP: Error: ConfigurationApiItemWrapper (): ConfigAPI GetItem(): System.NotImplementedException, The method or operation is not implemented.&#xD;
MIP: Error: Factory.IsItemTypeSupported (): Exception source:      VideoOS.Platform.SDK.UnitTests&#xD;
Exception type:        System.NotImplementedException&#xD;
Exception message:     The method or operation is not implemented.&#xD;
Exception target site: GetItem&#xD;
   at VideoOS.Platform.SDKUnittest.EnvironmentTests.TestConfigurationClientService.GetItem(String path) in D:\actions-runner\_work\XPCO\XPCO\MIP\MIPSDK\tst\VideoOS.Platform.SDK.UnitTests\EnvironmentTests\TestsWithCorporateShimsBase.cs:line 227&#xD;
   at VideoOS.Platform.Proxy.ConfigApi.ConfigurationApiItemWrapper..ctor(ServerId serverId, String path) in D:\actions-runner\_work\XPCO\XPCO\MIP\PlatformPlugin\VideoOS.Platform\src\Proxy\ConfigApi\ConfigurationApiItemWrapper.cs:line 110&#xD;
   at VideoOS.Platform.ConfigurationItems.Factory.IsItemTypeSupported(ServerId serverId, String itemType) in D:\actions-runner\_work\XPCO\XPCO\MIP\PlatformPlugin\VideoOS.Platform\src\ConfigurationItems\Factory.cs:line 464&#xD;
&#xD;
Factory.IsItemTypeSupportedFactory.IsItemTypeSupported ()The method or operation is not implemented.   at VideoOS.Platform.SDKUnittest.EnvironmentTests.TestConfigurationClientService.GetItem(String path) in D:\actions-runner\_work\XPCO\XPCO\MIP\MIPSDK\tst\VideoOS.Platform.SDK.UnitTests\EnvironmentTests\TestsWithCorporateShimsBase.cs:line 227&#xD;
   at VideoOS.Platform.Proxy.ConfigApi.ConfigurationApiItemWrapper..ctor(ServerId serverId, String path) in D:\actions-runner\_work\XPCO\XPCO\MIP\PlatformPlugin\VideoOS.Platform\src\Proxy\ConfigApi\ConfigurationApiItemWrapper.cs:line 110&#xD;
   at VideoOS.Platform.ConfigurationItems.Factory.IsItemTypeSupported(ServerId serverId, String itemType) in D:\actions-runner\_work\XPCO\XPCO\MIP\PlatformPlugin\VideoOS.Platform\src\ConfigurationItems\Factory.cs:line 464&#xD;
MIP: Error: ConfigurationApiItemWrapper (): ConfigAPI GetItem(): System.NotImplementedException, The method or operation is not implemented.&#xD;
MIP: Error: Factory.IsItemTypeSupported (): Exception source:      VideoOS.Platform.SDK.UnitTests&#xD;
Exception type:        System.NotImplementedException&#xD;
Exception message:     The method or operation is not implemented.&#xD;
Exception target site: GetItem&#xD;
   at VideoOS.Platform.SDKUnittest.EnvironmentTests.TestConfigurationClientService.GetItem(String path) in D:\actions-runner\_work\XPCO\XPCO\MIP\MIPSDK\tst\VideoOS.Platform.SDK.UnitTests\EnvironmentTests\TestsWithCorporateShimsBase.cs:line 227&#xD;
   at VideoOS.Platform.Proxy.ConfigApi.ConfigurationApiItemWrapper..ctor(ServerId serverId, String path) in D:\actions-runner\_work\XPCO\XPCO\MIP\PlatformPlugin\VideoOS.Platform\src\Proxy\ConfigApi\ConfigurationApiItemWrapper.cs:line 110&#xD;
   at VideoOS.Platform.ConfigurationItems.Factory.IsItemTypeSupported(ServerId serverId, String itemType) in D:\actions-runner\_work\XPCO\XPCO\MIP\PlatformPlugin\VideoOS.Platform\src\ConfigurationItems\Factory.cs:line 464&#xD;
&#xD;
Factory.IsItemTypeSupportedFactory.IsItemTypeSupported ()The method or operation is not implemented.   at VideoOS.Platform.SDKUnittest.EnvironmentTests.TestConfigurationClientService.GetItem(String path) in D:\actions-runner\_work\XPCO\XPCO\MIP\MIPSDK\tst\VideoOS.Platform.SDK.UnitTests\EnvironmentTests\TestsWithCorporateShimsBase.cs:line 227&#xD;
   at VideoOS.Platform.Proxy.ConfigApi.ConfigurationApiItemWrapper..ctor(ServerId serverId, String path) in D:\actions-runner\_work\XPCO\XPCO\MIP\PlatformPlugin\VideoOS.Platform\src\Proxy\ConfigApi\ConfigurationApiItemWrapper.cs:line 110&#xD;
   at VideoOS.Platform.ConfigurationItems.Factory.IsItemTypeSupported(ServerId serverId, String itemType) in D:\actions-runner\_work\XPCO\XPCO\MIP\PlatformPlugin\VideoOS.Platform\src\ConfigurationItems\Factory.cs:line 464&#xD;
MIP: Error: ConfigurationApiItemWrapper (): ConfigAPI GetItem(): System.NotImplementedException, The method or operation is not implemented.&#xD;
MIP: Error: Factory.IsItemTypeSupported (): Exception source:      VideoOS.Platform.SDK.UnitTests&#xD;
Exception type:        System.NotImplementedException&#xD;
Exception message:     The method or operation is not implemented.&#xD;
Exception target site: GetItem&#xD;
   at VideoOS.Platform.SDKUnittest.EnvironmentTests.TestConfigurationClientService.GetItem(String path) in D:\actions-runner\_work\XPCO\XPCO\MIP\MIPSDK\tst\VideoOS.Platform.SDK.UnitTests\EnvironmentTests\TestsWithCorporateShimsBase.cs:line 227&#xD;
   at VideoOS.Platform.Proxy.ConfigApi.ConfigurationApiItemWrapper..ctor(ServerId serverId, String path) in D:\actions-runner\_work\XPCO\XPCO\MIP\PlatformPlugin\VideoOS.Platform\src\Proxy\ConfigApi\ConfigurationApiItemWrapper.cs:line 110&#xD;
   at VideoOS.Platform.ConfigurationItems.Factory.IsItemTypeSupported(ServerId serverId, String itemType) in D:\actions-runner\_work\XPCO\XPCO\MIP\PlatformPlugin\VideoOS.Platform\src\ConfigurationItems\Factory.cs:line 464&#xD;
&#xD;
Factory.IsItemTypeSupportedFactory.IsItemTypeSupported ()The method or operation is not implemented.   at VideoOS.Platform.SDKUnittest.EnvironmentTests.TestConfigurationClientService.GetItem(String path) in D:\actions-runner\_work\XPCO\XPCO\MIP\MIPSDK\tst\VideoOS.Platform.SDK.UnitTests\EnvironmentTests\TestsWithCorporateShimsBase.cs:line 227&#xD;
   at VideoOS.Platform.Proxy.ConfigApi.ConfigurationApiItemWrapper..ctor(ServerId serverId, String path) in D:\actions-runner\_work\XPCO\XPCO\MIP\PlatformPlugin\VideoOS.Platform\src\Proxy\ConfigApi\ConfigurationApiItemWrapper.cs:line 110&#xD;
   at VideoOS.Platform.ConfigurationItems.Factory.IsItemTypeSupported(ServerId serverId, String itemType) in D:\actions-runner\_work\XPCO\XPCO\MIP\PlatformPlugin\VideoOS.Platform\src\ConfigurationItems\Factory.cs:line 464&#xD;
MIP: Error: ConfigurationApiItemWrapper (): ConfigAPI GetItem(): System.NotImplementedException, The method or operation is not implemented.&#xD;
MIP: Error: Factory.IsItemTypeSupported (): Exception source:      VideoOS.Platform.SDK.UnitTests&#xD;
Exception type:        System.NotImplementedException&#xD;
Exception message:     The method or operation is not implemented.&#xD;
Exception target site: GetItem&#xD;
   at VideoOS.Platform.SDKUnittest.EnvironmentTests.TestConfigurationClientService.GetItem(String path) in D:\actions-runner\_work\XPCO\XPCO\MIP\MIPSDK\tst\VideoOS.Platform.SDK.UnitTests\EnvironmentTests\TestsWithCorporateShimsBase.cs:line 227&#xD;
   at VideoOS.Platform.Proxy.ConfigApi.ConfigurationApiItemWrapper..ctor(ServerId serverId, String path) in D:\actions-runner\_work\XPCO\XPCO\MIP\PlatformPlugin\VideoOS.Platform\src\Proxy\ConfigApi\ConfigurationApiItemWrapper.cs:line 110&#xD;
   at VideoOS.Platform.ConfigurationItems.Factory.IsItemTypeSupported(ServerId serverId, String itemType) in D:\actions-runner\_work\XPCO\XPCO\MIP\PlatformPlugin\VideoOS.Platform\src\ConfigurationItems\Factory.cs:line 464&#xD;
&#xD;
Factory.IsItemTypeSupportedFactory.IsItemTypeSupported ()The method or operation is not implemented.   at VideoOS.Platform.SDKUnittest.EnvironmentTests.TestConfigurationClientService.GetItem(String path) in D:\actions-runner\_work\XPCO\XPCO\MIP\MIPSDK\tst\VideoOS.Platform.SDK.UnitTests\EnvironmentTests\TestsWithCorporateShimsBase.cs:line 227&#xD;
   at VideoOS.Platform.Proxy.ConfigApi.ConfigurationApiItemWrapper..ctor(ServerId serverId, String path) in D:\actions-runner\_work\XPCO\XPCO\MIP\PlatformPlugin\VideoOS.Platform\src\Proxy\ConfigApi\ConfigurationApiItemWrapper.cs:line 110&#xD;
   at VideoOS.Platform.ConfigurationItems.Factory.IsItemTypeSupported(ServerId serverId, String itemType) in D:\actions-runner\_work\XPCO\XPCO\MIP\PlatformPlugin\VideoOS.Platform\src\ConfigurationItems\Factory.cs:line 464</StdOut>
      </Output>
    </UnitTestResult>
    <UnitTestResult executionId="f1055bcb-0c70-4a9f-9e66-895031c32d0a" testId="4268d692-ba59-3896-72d4-485c21f3df3f" testName="GetJpegFirstNetworkDb" computerName="DKSR-EFI-06" duration="00:00:06.3186416" startTime="2024-01-09T15:44:49.2012275+01:00" endTime="2024-01-09T15:44:55.5137375+01:00" testType="13cdc9d9-ddb5-4fa4-a97d-d965ccfc6d4b" outcome="Passed" testListId="8c84fa94-04c1-424b-9868-57a2d4851a1d" relativeResultsDirectory="f1055bcb-0c70-4a9f-9e66-895031c32d0a">
      <Output>
        <StdOut>Debug Trace:&#xD;
MIP: Error: GetConfiguration (): CustomSetting not found for the given platformDefinitionId: e145597a-ecaf-40a1-99e6-14bb9d45a09e&#xD;
MIP: Error: GetConfiguration (): CustomSetting not found for the given platformDefinitionId: e145597a-ecaf-40a1-99e6-14bb9d45a09e&#xD;
MIP: Error: GetConfiguration (): CustomSetting not found for the given platformDefinitionId: e145597a-ecaf-40a1-99e6-14bb9d45a09e&#xD;
---- Stream count=0, thread=2</StdOut>
      </Output>
    </UnitTestResult>
    <UnitTestResult executionId="6d44ae2a-fe8f-4d39-b6c8-f9557103d664" testId="42bdc251-86a2-3f22-7f1a-f6d4ae2e2647" testName="XpcoLoadSiteItemWithNoServerAdded" computerName="DKSR-EFI-06" duration="00:00:00.0800088" startTime="2024-01-09T15:45:47.9370319+01:00" endTime="2024-01-09T15:45:48.0151804+01:00" testType="13cdc9d9-ddb5-4fa4-a97d-d965ccfc6d4b" outcome="Passed" testListId="8c84fa94-04c1-424b-9868-57a2d4851a1d" relativeResultsDirectory="6d44ae2a-fe8f-4d39-b6c8-f9557103d664" />
    <UnitTestResult executionId="485d4361-be2f-4dec-a57e-7758cfbfd890" testId="6906b320-58cc-fbbb-8560-616a393b863e" testName="Initialize_ShouldReturnTrue_WhenARecordingDeviceIsAvailable" computerName="DKSR-EFI-06" duration="00:00:00.0437848" startTime="2024-01-09T15:45:56.6262371+01:00" endTime="2024-01-09T15:45:56.6731189+01:00" testType="13cdc9d9-ddb5-4fa4-a97d-d965ccfc6d4b" outcome="Passed" testListId="8c84fa94-04c1-424b-9868-57a2d4851a1d" relativeResultsDirectory="485d4361-be2f-4dec-a57e-7758cfbfd890" />
    <UnitTestResult executionId="d032e28b-2dd0-478e-a3da-fc663eab6cf8" testId="ae70990e-978a-6321-3b73-faa00506386d" testName="StartRecording_ShouldThrowException_WhenAudioRecorderIsNotInitialized" computerName="DKSR-EFI-06" duration="00:00:00.0007670" startTime="2024-01-09T15:45:56.6731189+01:00" endTime="2024-01-09T15:45:56.6731189+01:00" testType="13cdc9d9-ddb5-4fa4-a97d-d965ccfc6d4b" outcome="Passed" testListId="8c84fa94-04c1-424b-9868-57a2d4851a1d" relativeResultsDirectory="d032e28b-2dd0-478e-a3da-fc663eab6cf8" />
    <UnitTestResult executionId="a5d1fabb-351e-4aa4-95a2-1717c3d86b8e" testId="c7a3417f-3205-4b9e-be6a-d435c0a3e965" testName="CheckInvalidFromString" computerName="DKSR-EFI-06" duration="00:00:00.0333283" startTime="2024-01-09T15:45:21.7950365+01:00" endTime="2024-01-09T15:45:21.8262872+01:00" testType="13cdc9d9-ddb5-4fa4-a97d-d965ccfc6d4b" outcome="Passed" testListId="8c84fa94-04c1-424b-9868-57a2d4851a1d" relativeResultsDirectory="a5d1fabb-351e-4aa4-95a2-1717c3d86b8e" />
    <UnitTestResult executionId="37f7c9bd-d026-49ce-aafc-3d79277e1d63" testId="77eef133-6232-6ffd-513d-bce5ef28eb6d" testName="GetDisabledDevices_Success" computerName="DKSR-EFI-06" duration="00:00:00.0045476" startTime="2024-01-09T15:44:27.6074325+01:00" endTime="2024-01-09T15:44:27.6074325+01:00" testType="13cdc9d9-ddb5-4fa4-a97d-d965ccfc6d4b" outcome="Passed" testListId="8c84fa94-04c1-424b-9868-57a2d4851a1d" relativeResultsDirectory="37f7c9bd-d026-49ce-aafc-3d79277e1d63" />
    <UnitTestResult executionId="c2276091-4a4e-4399-9300-d2150f7896c9" testId="507edd3e-d589-f46c-9a31-6fd66195d4a0" testName="StartRecording_ShouldThrowException_WhenFreeIsCalled" computerName="DKSR-EFI-06" duration="00:00:00.0019155" startTime="2024-01-09T15:45:56.6887482+01:00" endTime="2024-01-09T15:45:56.7043741+01:00" testType="13cdc9d9-ddb5-4fa4-a97d-d965ccfc6d4b" outcome="Passed" testListId="8c84fa94-04c1-424b-9868-57a2d4851a1d" relativeResultsDirectory="c2276091-4a4e-4399-9300-d2150f7896c9" />
    <UnitTestResult executionId="b873bd7c-1799-4661-9986-6f065f8c3ea7" testId="6c2774fd-5517-8aea-be70-fd37a3cf85af" testName="Given_Connected_When_GetCurrentStateSuccesful_Then_StatesAreReturned" computerName="DKSR-EFI-06" duration="00:00:00.0260065" startTime="2024-01-09T15:45:22.6856621+01:00" endTime="2024-01-09T15:45:22.7169151+01:00" testType="13cdc9d9-ddb5-4fa4-a97d-d965ccfc6d4b" outcome="Passed" testListId="8c84fa94-04c1-424b-9868-57a2d4851a1d" relativeResultsDirectory="b873bd7c-1799-4661-9986-6f065f8c3ea7" />
    <UnitTestResult executionId="ac1b5ba9-8bea-4d43-893d-80d3c8f6912e" testId="3b3bc144-1799-7620-fe3c-04bad5ec1510" testName="XpcoGroupCheckInvalidParameters" computerName="DKSR-EFI-06" duration="00:00:01.6519182" startTime="2024-01-09T15:45:50.0000258+01:00" endTime="2024-01-09T15:45:51.6566377+01:00" testType="13cdc9d9-ddb5-4fa4-a97d-d965ccfc6d4b" outcome="Passed" testListId="8c84fa94-04c1-424b-9868-57a2d4851a1d" relativeResultsDirectory="ac1b5ba9-8bea-4d43-893d-80d3c8f6912e">
      <Output>
        <StdOut>Debug Trace:&#xD;
TopLevelControl returns null. PostMessage may have problems&#xD;
MIP: Error: ConfigurationApiItemWrapper (): ConfigAPI GetItem(): System.NotImplementedException, The method or operation is not implemented.&#xD;
MIP: Error: Factory.IsItemTypeSupported (): Exception source:      VideoOS.Platform.SDK.UnitTests&#xD;
Exception type:        System.NotImplementedException&#xD;
Exception message:     The method or operation is not implemented.&#xD;
Exception target site: GetItem&#xD;
   at VideoOS.Platform.SDKUnittest.EnvironmentTests.TestConfigurationClientService.GetItem(String path) in D:\actions-runner\_work\XPCO\XPCO\MIP\MIPSDK\tst\VideoOS.Platform.SDK.UnitTests\EnvironmentTests\TestsWithCorporateShimsBase.cs:line 227&#xD;
   at VideoOS.Platform.Proxy.ConfigApi.ConfigurationApiItemWrapper..ctor(ServerId serverId, String path) in D:\actions-runner\_work\XPCO\XPCO\MIP\PlatformPlugin\VideoOS.Platform\src\Proxy\ConfigApi\ConfigurationApiItemWrapper.cs:line 110&#xD;
   at VideoOS.Platform.ConfigurationItems.Factory.IsItemTypeSupported(ServerId serverId, String itemType) in D:\actions-runner\_work\XPCO\XPCO\MIP\PlatformPlugin\VideoOS.Platform\src\ConfigurationItems\Factory.cs:line 464&#xD;
&#xD;
Factory.IsItemTypeSupportedFactory.IsItemTypeSupported ()The method or operation is not implemented.   at VideoOS.Platform.SDKUnittest.EnvironmentTests.TestConfigurationClientService.GetItem(String path) in D:\actions-runner\_work\XPCO\XPCO\MIP\MIPSDK\tst\VideoOS.Platform.SDK.UnitTests\EnvironmentTests\TestsWithCorporateShimsBase.cs:line 227&#xD;
   at VideoOS.Platform.Proxy.ConfigApi.ConfigurationApiItemWrapper..ctor(ServerId serverId, String path) in D:\actions-runner\_work\XPCO\XPCO\MIP\PlatformPlugin\VideoOS.Platform\src\Proxy\ConfigApi\ConfigurationApiItemWrapper.cs:line 110&#xD;
   at VideoOS.Platform.ConfigurationItems.Factory.IsItemTypeSupported(ServerId serverId, String itemType) in D:\actions-runner\_work\XPCO\XPCO\MIP\PlatformPlugin\VideoOS.Platform\src\ConfigurationItems\Factory.cs:line 464&#xD;
MIP: Error: GetConfiguration (): CustomSetting not found for the given platformDefinitionId: e145597a-ecaf-40a1-99e6-14bb9d45a09e&#xD;
MIP: Error: ConfigurationApiItemWrapper (): ConfigAPI GetItem(): System.NotImplementedException, The method or operation is not implemented.&#xD;
MIP: Error: Factory.IsItemTypeSupported (): Exception source:      VideoOS.Platform.SDK.UnitTests&#xD;
Exception type:        System.NotImplementedException&#xD;
Exception message:     The method or operation is not implemented.&#xD;
Exception target site: GetItem&#xD;
   at VideoOS.Platform.SDKUnittest.EnvironmentTests.TestConfigurationClientService.GetItem(String path) in D:\actions-runner\_work\XPCO\XPCO\MIP\MIPSDK\tst\VideoOS.Platform.SDK.UnitTests\EnvironmentTests\TestsWithCorporateShimsBase.cs:line 227&#xD;
   at VideoOS.Platform.Proxy.ConfigApi.ConfigurationApiItemWrapper..ctor(ServerId serverId, String path) in D:\actions-runner\_work\XPCO\XPCO\MIP\PlatformPlugin\VideoOS.Platform\src\Proxy\ConfigApi\ConfigurationApiItemWrapper.cs:line 110&#xD;
   at VideoOS.Platform.ConfigurationItems.Factory.IsItemTypeSupported(ServerId serverId, String itemType) in D:\actions-runner\_work\XPCO\XPCO\MIP\PlatformPlugin\VideoOS.Platform\src\ConfigurationItems\Factory.cs:line 464&#xD;
&#xD;
Factory.IsItemTypeSupportedFactory.IsItemTypeSupported ()The method or operation is not implemented.   at VideoOS.Platform.SDKUnittest.EnvironmentTests.TestConfigurationClientService.GetItem(String path) in D:\actions-runner\_work\XPCO\XPCO\MIP\MIPSDK\tst\VideoOS.Platform.SDK.UnitTests\EnvironmentTests\TestsWithCorporateShimsBase.cs:line 227&#xD;
   at VideoOS.Platform.Proxy.ConfigApi.ConfigurationApiItemWrapper..ctor(ServerId serverId, String path) in D:\actions-runner\_work\XPCO\XPCO\MIP\PlatformPlugin\VideoOS.Platform\src\Proxy\ConfigApi\ConfigurationApiItemWrapper.cs:line 110&#xD;
   at VideoOS.Platform.ConfigurationItems.Factory.IsItemTypeSupported(ServerId serverId, String itemType) in D:\actions-runner\_work\XPCO\XPCO\MIP\PlatformPlugin\VideoOS.Platform\src\ConfigurationItems\Factory.cs:line 464&#xD;
MIP: Error: LoginServerOauth (): https://1.2.3.5:55/ManagementServer/ServerCommandServiceOAuth.svc The method or operation is not implemented.&#xD;
MIP: Error: ConfigurationApiItemWrapper (): ConfigAPI GetItem(): System.NotImplementedException, The method or operation is not implemented.&#xD;
MIP: Error: Factory.IsItemTypeSupported (): Exception source:      VideoOS.Platform.SDK.UnitTests&#xD;
Exception type:        System.NotImplementedException&#xD;
Exception message:     The method or operation is not implemented.&#xD;
Exception target site: GetItem&#xD;
   at VideoOS.Platform.SDKUnittest.EnvironmentTests.TestConfigurationClientService.GetItem(String path) in D:\actions-runner\_work\XPCO\XPCO\MIP\MIPSDK\tst\VideoOS.Platform.SDK.UnitTests\EnvironmentTests\TestsWithCorporateShimsBase.cs:line 227&#xD;
   at VideoOS.Platform.Proxy.ConfigApi.ConfigurationApiItemWrapper..ctor(ServerId serverId, String path) in D:\actions-runner\_work\XPCO\XPCO\MIP\PlatformPlugin\VideoOS.Platform\src\Proxy\ConfigApi\ConfigurationApiItemWrapper.cs:line 110&#xD;
   at VideoOS.Platform.ConfigurationItems.Factory.IsItemTypeSupported(ServerId serverId, String itemType) in D:\actions-runner\_work\XPCO\XPCO\MIP\PlatformPlugin\VideoOS.Platform\src\ConfigurationItems\Factory.cs:line 464&#xD;
&#xD;
Factory.IsItemTypeSupportedFactory.IsItemTypeSupported ()The method or operation is not implemented.   at VideoOS.Platform.SDKUnittest.EnvironmentTests.TestConfigurationClientService.GetItem(String path) in D:\actions-runner\_work\XPCO\XPCO\MIP\MIPSDK\tst\VideoOS.Platform.SDK.UnitTests\EnvironmentTests\TestsWithCorporateShimsBase.cs:line 227&#xD;
   at VideoOS.Platform.Proxy.ConfigApi.ConfigurationApiItemWrapper..ctor(ServerId serverId, String path) in D:\actions-runner\_work\XPCO\XPCO\MIP\PlatformPlugin\VideoOS.Platform\src\Proxy\ConfigApi\ConfigurationApiItemWrapper.cs:line 110&#xD;
   at VideoOS.Platform.ConfigurationItems.Factory.IsItemTypeSupported(ServerId serverId, String itemType) in D:\actions-runner\_work\XPCO\XPCO\MIP\PlatformPlugin\VideoOS.Platform\src\ConfigurationItems\Factory.cs:line 464&#xD;
MIP: Error: GetConfiguration (): CustomSetting not found for the given platformDefinitionId: e145597a-ecaf-40a1-99e6-14bb9d45a09e&#xD;
MIP: Error: ConfigurationApiItemWrapper (): ConfigAPI GetItem(): System.NotImplementedException, The method or operation is not implemented.&#xD;
MIP: Error: Factory.IsItemTypeSupported (): Exception source:      VideoOS.Platform.SDK.UnitTests&#xD;
Exception type:        System.NotImplementedException&#xD;
Exception message:     The method or operation is not implemented.&#xD;
Exception target site: GetItem&#xD;
   at VideoOS.Platform.SDKUnittest.EnvironmentTests.TestConfigurationClientService.GetItem(String path) in D:\actions-runner\_work\XPCO\XPCO\MIP\MIPSDK\tst\VideoOS.Platform.SDK.UnitTests\EnvironmentTests\TestsWithCorporateShimsBase.cs:line 227&#xD;
   at VideoOS.Platform.Proxy.ConfigApi.ConfigurationApiItemWrapper..ctor(ServerId serverId, String path) in D:\actions-runner\_work\XPCO\XPCO\MIP\PlatformPlugin\VideoOS.Platform\src\Proxy\ConfigApi\ConfigurationApiItemWrapper.cs:line 110&#xD;
   at VideoOS.Platform.ConfigurationItems.Factory.IsItemTypeSupported(ServerId serverId, String itemType) in D:\actions-runner\_work\XPCO\XPCO\MIP\PlatformPlugin\VideoOS.Platform\src\ConfigurationItems\Factory.cs:line 464&#xD;
&#xD;
Factory.IsItemTypeSupportedFactory.IsItemTypeSupported ()The method or operation is not implemented.   at VideoOS.Platform.SDKUnittest.EnvironmentTests.TestConfigurationClientService.GetItem(String path) in D:\actions-runner\_work\XPCO\XPCO\MIP\MIPSDK\tst\VideoOS.Platform.SDK.UnitTests\EnvironmentTests\TestsWithCorporateShimsBase.cs:line 227&#xD;
   at VideoOS.Platform.Proxy.ConfigApi.ConfigurationApiItemWrapper..ctor(ServerId serverId, String path) in D:\actions-runner\_work\XPCO\XPCO\MIP\PlatformPlugin\VideoOS.Platform\src\Proxy\ConfigApi\ConfigurationApiItemWrapper.cs:line 110&#xD;
   at VideoOS.Platform.ConfigurationItems.Factory.IsItemTypeSupported(ServerId serverId, String itemType) in D:\actions-runner\_work\XPCO\XPCO\MIP\PlatformPlugin\VideoOS.Platform\src\ConfigurationItems\Factory.cs:line 464&#xD;
MIP: Error: LoginServerOauth (): https://1.2.3.5:55/ManagementServer/ServerCommandServiceOAuth.svc The method or operation is not implemented.&#xD;
MIP: Error: ConfigurationApiItemWrapper (): ConfigAPI GetItem(): System.NotImplementedException, The method or operation is not implemented.&#xD;
MIP: Error: Factory.IsItemTypeSupported (): Exception source:      VideoOS.Platform.SDK.UnitTests&#xD;
Exception type:        System.NotImplementedException&#xD;
Exception message:     The method or operation is not implemented.&#xD;
Exception target site: GetItem&#xD;
   at VideoOS.Platform.SDKUnittest.EnvironmentTests.TestConfigurationClientService.GetItem(String path) in D:\actions-runner\_work\XPCO\XPCO\MIP\MIPSDK\tst\VideoOS.Platform.SDK.UnitTests\EnvironmentTests\TestsWithCorporateShimsBase.cs:line 227&#xD;
   at VideoOS.Platform.Proxy.ConfigApi.ConfigurationApiItemWrapper..ctor(ServerId serverId, String path) in D:\actions-runner\_work\XPCO\XPCO\MIP\PlatformPlugin\VideoOS.Platform\src\Proxy\ConfigApi\ConfigurationApiItemWrapper.cs:line 110&#xD;
   at VideoOS.Platform.ConfigurationItems.Factory.IsItemTypeSupported(ServerId serverId, String itemType) in D:\actions-runner\_work\XPCO\XPCO\MIP\PlatformPlugin\VideoOS.Platform\src\ConfigurationItems\Factory.cs:line 464&#xD;
&#xD;
Factory.IsItemTypeSupportedFactory.IsItemTypeSupported ()The method or operation is not implemented.   at VideoOS.Platform.SDKUnittest.EnvironmentTests.TestConfigurationClientService.GetItem(String path) in D:\actions-runner\_work\XPCO\XPCO\MIP\MIPSDK\tst\VideoOS.Platform.SDK.UnitTests\EnvironmentTests\TestsWithCorporateShimsBase.cs:line 227&#xD;
   at VideoOS.Platform.Proxy.ConfigApi.ConfigurationApiItemWrapper..ctor(ServerId serverId, String path) in D:\actions-runner\_work\XPCO\XPCO\MIP\PlatformPlugin\VideoOS.Platform\src\Proxy\ConfigApi\ConfigurationApiItemWrapper.cs:line 110&#xD;
   at VideoOS.Platform.ConfigurationItems.Factory.IsItemTypeSupported(ServerId serverId, String itemType) in D:\actions-runner\_work\XPCO\XPCO\MIP\PlatformPlugin\VideoOS.Platform\src\ConfigurationItems\Factory.cs:line 464&#xD;
MIP: Error: ConfigurationApiItemWrapper (): ConfigAPI GetItem(): System.NotImplementedException, The method or operation is not implemented.&#xD;
MIP: Error: Factory.IsItemTypeSupported (): Exception source:      VideoOS.Platform.SDK.UnitTests&#xD;
Exception type:        System.NotImplementedException&#xD;
Exception message:     The method or operation is not implemented.&#xD;
Exception target site: GetItem&#xD;
   at VideoOS.Platform.SDKUnittest.EnvironmentTests.TestConfigurationClientService.GetItem(String path) in D:\actions-runner\_work\XPCO\XPCO\MIP\MIPSDK\tst\VideoOS.Platform.SDK.UnitTests\EnvironmentTests\TestsWithCorporateShimsBase.cs:line 227&#xD;
   at VideoOS.Platform.Proxy.ConfigApi.ConfigurationApiItemWrapper..ctor(ServerId serverId, String path) in D:\actions-runner\_work\XPCO\XPCO\MIP\PlatformPlugin\VideoOS.Platform\src\Proxy\ConfigApi\ConfigurationApiItemWrapper.cs:line 110&#xD;
   at VideoOS.Platform.ConfigurationItems.Factory.IsItemTypeSupported(ServerId serverId, String itemType) in D:\actions-runner\_work\XPCO\XPCO\MIP\PlatformPlugin\VideoOS.Platform\src\ConfigurationItems\Factory.cs:line 464&#xD;
&#xD;
Factory.IsItemTypeSupportedFactory.IsItemTypeSupported ()The method or operation is not implemented.   at VideoOS.Platform.SDKUnittest.EnvironmentTests.TestConfigurationClientService.GetItem(String path) in D:\actions-runner\_work\XPCO\XPCO\MIP\MIPSDK\tst\VideoOS.Platform.SDK.UnitTests\EnvironmentTests\TestsWithCorporateShimsBase.cs:line 227&#xD;
   at VideoOS.Platform.Proxy.ConfigApi.ConfigurationApiItemWrapper..ctor(ServerId serverId, String path) in D:\actions-runner\_work\XPCO\XPCO\MIP\PlatformPlugin\VideoOS.Platform\src\Proxy\ConfigApi\ConfigurationApiItemWrapper.cs:line 110&#xD;
   at VideoOS.Platform.ConfigurationItems.Factory.IsItemTypeSupported(ServerId serverId, String itemType) in D:\actions-runner\_work\XPCO\XPCO\MIP\PlatformPlugin\VideoOS.Platform\src\ConfigurationItems\Factory.cs:line 464&#xD;
MIP: Error: LoginServerOauth (): https://1.2.3.5:55/ManagementServer/ServerCommandServiceOAuth.svc The method or operation is not implemented.&#xD;
MIP: Error: ConfigurationApiItemWrapper (): ConfigAPI GetItem(): System.NotImplementedException, The method or operation is not implemented.&#xD;
MIP: Error: Factory.IsItemTypeSupported (): Exception source:      VideoOS.Platform.SDK.UnitTests&#xD;
Exception type:        System.NotImplementedException&#xD;
Exception message:     The method or operation is not implemented.&#xD;
Exception target site: GetItem&#xD;
   at VideoOS.Platform.SDKUnittest.EnvironmentTests.TestConfigurationClientService.GetItem(String path) in D:\actions-runner\_work\XPCO\XPCO\MIP\MIPSDK\tst\VideoOS.Platform.SDK.UnitTests\EnvironmentTests\TestsWithCorporateShimsBase.cs:line 227&#xD;
   at VideoOS.Platform.Proxy.ConfigApi.ConfigurationApiItemWrapper..ctor(ServerId serverId, String path) in D:\actions-runner\_work\XPCO\XPCO\MIP\PlatformPlugin\VideoOS.Platform\src\Proxy\ConfigApi\ConfigurationApiItemWrapper.cs:line 110&#xD;
   at VideoOS.Platform.ConfigurationItems.Factory.IsItemTypeSupported(ServerId serverId, String itemType) in D:\actions-runner\_work\XPCO\XPCO\MIP\PlatformPlugin\VideoOS.Platform\src\ConfigurationItems\Factory.cs:line 464&#xD;
&#xD;
Factory.IsItemTypeSupportedFactory.IsItemTypeSupported ()The method or operation is not implemented.   at VideoOS.Platform.SDKUnittest.EnvironmentTests.TestConfigurationClientService.GetItem(String path) in D:\actions-runner\_work\XPCO\XPCO\MIP\MIPSDK\tst\VideoOS.Platform.SDK.UnitTests\EnvironmentTests\TestsWithCorporateShimsBase.cs:line 227&#xD;
   at VideoOS.Platform.Proxy.ConfigApi.ConfigurationApiItemWrapper..ctor(ServerId serverId, String path) in D:\actions-runner\_work\XPCO\XPCO\MIP\PlatformPlugin\VideoOS.Platform\src\Proxy\ConfigApi\ConfigurationApiItemWrapper.cs:line 110&#xD;
   at VideoOS.Platform.ConfigurationItems.Factory.IsItemTypeSupported(ServerId serverId, String itemType) in D:\actions-runner\_work\XPCO\XPCO\MIP\PlatformPlugin\VideoOS.Platform\src\ConfigurationItems\Factory.cs:line 464&#xD;
MIP: Error: GetConfiguration (): CustomSetting not found for the given platformDefinitionId: e145597a-ecaf-40a1-99e6-14bb9d45a09e&#xD;
MIP: Error: ConfigurationApiItemWrapper (): ConfigAPI GetItem(): System.NotImplementedException, The method or operation is not implemented.&#xD;
MIP: Error: Factory.IsItemTypeSupported (): Exception source:      VideoOS.Platform.SDK.UnitTests&#xD;
Exception type:        System.NotImplementedException&#xD;
Exception message:     The method or operation is not implemented.&#xD;
Exception target site: GetItem&#xD;
   at VideoOS.Platform.SDKUnittest.EnvironmentTests.TestConfigurationClientService.GetItem(String path) in D:\actions-runner\_work\XPCO\XPCO\MIP\MIPSDK\tst\VideoOS.Platform.SDK.UnitTests\EnvironmentTests\TestsWithCorporateShimsBase.cs:line 227&#xD;
   at VideoOS.Platform.Proxy.ConfigApi.ConfigurationApiItemWrapper..ctor(ServerId serverId, String path) in D:\actions-runner\_work\XPCO\XPCO\MIP\PlatformPlugin\VideoOS.Platform\src\Proxy\ConfigApi\ConfigurationApiItemWrapper.cs:line 110&#xD;
   at VideoOS.Platform.ConfigurationItems.Factory.IsItemTypeSupported(ServerId serverId, String itemType) in D:\actions-runner\_work\XPCO\XPCO\MIP\PlatformPlugin\VideoOS.Platform\src\ConfigurationItems\Factory.cs:line 464&#xD;
&#xD;
Factory.IsItemTypeSupportedFactory.IsItemTypeSupported ()The method or operation is not implemented.   at VideoOS.Platform.SDKUnittest.EnvironmentTests.TestConfigurationClientService.GetItem(String path) in D:\actions-runner\_work\XPCO\XPCO\MIP\MIPSDK\tst\VideoOS.Platform.SDK.UnitTests\EnvironmentTests\TestsWithCorporateShimsBase.cs:line 227&#xD;
   at VideoOS.Platform.Proxy.ConfigApi.ConfigurationApiItemWrapper..ctor(ServerId serverId, String path) in D:\actions-runner\_work\XPCO\XPCO\MIP\PlatformPlugin\VideoOS.Platform\src\Proxy\ConfigApi\ConfigurationApiItemWrapper.cs:line 110&#xD;
   at VideoOS.Platform.ConfigurationItems.Factory.IsItemTypeSupported(ServerId serverId, String itemType) in D:\actions-runner\_work\XPCO\XPCO\MIP\PlatformPlugin\VideoOS.Platform\src\ConfigurationItems\Factory.cs:line 464&#xD;
MIP: Error: LoginServerOauth (): https://1.2.3.5:55/ManagementServer/ServerCommandServiceOAuth.svc The method or operation is not implemented.&#xD;
MIP: Error: ConfigurationApiItemWrapper (): ConfigAPI GetItem(): System.NotImplementedException, The method or operation is not implemented.&#xD;
MIP: Error: Factory.IsItemTypeSupported (): Exception source:      VideoOS.Platform.SDK.UnitTests&#xD;
Exception type:        System.NotImplementedException&#xD;
Exception message:     The method or operation is not implemented.&#xD;
Exception target site: GetItem&#xD;
   at VideoOS.Platform.SDKUnittest.EnvironmentTests.TestConfigurationClientService.GetItem(String path) in D:\actions-runner\_work\XPCO\XPCO\MIP\MIPSDK\tst\VideoOS.Platform.SDK.UnitTests\EnvironmentTests\TestsWithCorporateShimsBase.cs:line 227&#xD;
   at VideoOS.Platform.Proxy.ConfigApi.ConfigurationApiItemWrapper..ctor(ServerId serverId, String path) in D:\actions-runner\_work\XPCO\XPCO\MIP\PlatformPlugin\VideoOS.Platform\src\Proxy\ConfigApi\ConfigurationApiItemWrapper.cs:line 110&#xD;
   at VideoOS.Platform.ConfigurationItems.Factory.IsItemTypeSupported(ServerId serverId, String itemType) in D:\actions-runner\_work\XPCO\XPCO\MIP\PlatformPlugin\VideoOS.Platform\src\ConfigurationItems\Factory.cs:line 464&#xD;
&#xD;
Factory.IsItemTypeSupportedFactory.IsItemTypeSupported ()The method or operation is not implemented.   at VideoOS.Platform.SDKUnittest.EnvironmentTests.TestConfigurationClientService.GetItem(String path) in D:\actions-runner\_work\XPCO\XPCO\MIP\MIPSDK\tst\VideoOS.Platform.SDK.UnitTests\EnvironmentTests\TestsWithCorporateShimsBase.cs:line 227&#xD;
   at VideoOS.Platform.Proxy.ConfigApi.ConfigurationApiItemWrapper..ctor(ServerId serverId, String path) in D:\actions-runner\_work\XPCO\XPCO\MIP\PlatformPlugin\VideoOS.Platform\src\Proxy\ConfigApi\ConfigurationApiItemWrapper.cs:line 110&#xD;
   at VideoOS.Platform.ConfigurationItems.Factory.IsItemTypeSupported(ServerId serverId, String itemType) in D:\actions-runner\_work\XPCO\XPCO\MIP\PlatformPlugin\VideoOS.Platform\src\ConfigurationItems\Factory.cs:line 464&#xD;
MIP: Error: ConfigurationApiItemWrapper (): ConfigAPI GetItem(): System.NotImplementedException, The method or operation is not implemented.&#xD;
MIP: Error: Factory.IsItemTypeSupported (): Exception source:      VideoOS.Platform.SDK.UnitTests&#xD;
Exception type:        System.NotImplementedException&#xD;
Exception message:     The method or operation is not implemented.&#xD;
Exception target site: GetItem&#xD;
   at VideoOS.Platform.SDKUnittest.EnvironmentTests.TestConfigurationClientService.GetItem(String path) in D:\actions-runner\_work\XPCO\XPCO\MIP\MIPSDK\tst\VideoOS.Platform.SDK.UnitTests\EnvironmentTests\TestsWithCorporateShimsBase.cs:line 227&#xD;
   at VideoOS.Platform.Proxy.ConfigApi.ConfigurationApiItemWrapper..ctor(ServerId serverId, String path) in D:\actions-runner\_work\XPCO\XPCO\MIP\PlatformPlugin\VideoOS.Platform\src\Proxy\ConfigApi\ConfigurationApiItemWrapper.cs:line 110&#xD;
   at VideoOS.Platform.ConfigurationItems.Factory.IsItemTypeSupported(ServerId serverId, String itemType) in D:\actions-runner\_work\XPCO\XPCO\MIP\PlatformPlugin\VideoOS.Platform\src\ConfigurationItems\Factory.cs:line 464&#xD;
&#xD;
Factory.IsItemTypeSupportedFactory.IsItemTypeSupported ()The method or operation is not implemented.   at VideoOS.Platform.SDKUnittest.EnvironmentTests.TestConfigurationClientService.GetItem(String path) in D:\actions-runner\_work\XPCO\XPCO\MIP\MIPSDK\tst\VideoOS.Platform.SDK.UnitTests\EnvironmentTests\TestsWithCorporateShimsBase.cs:line 227&#xD;
   at VideoOS.Platform.Proxy.ConfigApi.ConfigurationApiItemWrapper..ctor(ServerId serverId, String path) in D:\actions-runner\_work\XPCO\XPCO\MIP\PlatformPlugin\VideoOS.Platform\src\Proxy\ConfigApi\ConfigurationApiItemWrapper.cs:line 110&#xD;
   at VideoOS.Platform.ConfigurationItems.Factory.IsItemTypeSupported(ServerId serverId, String itemType) in D:\actions-runner\_work\XPCO\XPCO\MIP\PlatformPlugin\VideoOS.Platform\src\ConfigurationItems\Factory.cs:line 464&#xD;
MIP: Error: LoginServerOauth (): https://1.2.3.5:55/ManagementServer/ServerCommandServiceOAuth.svc The method or operation is not implemented.&#xD;
MIP: Error: ConfigurationApiItemWrapper (): ConfigAPI GetItem(): System.NotImplementedException, The method or operation is not implemented.&#xD;
MIP: Error: Factory.IsItemTypeSupported (): Exception source:      VideoOS.Platform.SDK.UnitTests&#xD;
Exception type:        System.NotImplementedException&#xD;
Exception message:     The method or operation is not implemented.&#xD;
Exception target site: GetItem&#xD;
   at VideoOS.Platform.SDKUnittest.EnvironmentTests.TestConfigurationClientService.GetItem(String path) in D:\actions-runner\_work\XPCO\XPCO\MIP\MIPSDK\tst\VideoOS.Platform.SDK.UnitTests\EnvironmentTests\TestsWithCorporateShimsBase.cs:line 227&#xD;
   at VideoOS.Platform.Proxy.ConfigApi.ConfigurationApiItemWrapper..ctor(ServerId serverId, String path) in D:\actions-runner\_work\XPCO\XPCO\MIP\PlatformPlugin\VideoOS.Platform\src\Proxy\ConfigApi\ConfigurationApiItemWrapper.cs:line 110&#xD;
   at VideoOS.Platform.ConfigurationItems.Factory.IsItemTypeSupported(ServerId serverId, String itemType) in D:\actions-runner\_work\XPCO\XPCO\MIP\PlatformPlugin\VideoOS.Platform\src\ConfigurationItems\Factory.cs:line 464&#xD;
&#xD;
Factory.IsItemTypeSupportedFactory.IsItemTypeSupported ()The method or operation is not implemented.   at VideoOS.Platform.SDKUnittest.EnvironmentTests.TestConfigurationClientService.GetItem(String path) in D:\actions-runner\_work\XPCO\XPCO\MIP\MIPSDK\tst\VideoOS.Platform.SDK.UnitTests\EnvironmentTests\TestsWithCorporateShimsBase.cs:line 227&#xD;
   at VideoOS.Platform.Proxy.ConfigApi.ConfigurationApiItemWrapper..ctor(ServerId serverId, String path) in D:\actions-runner\_work\XPCO\XPCO\MIP\PlatformPlugin\VideoOS.Platform\src\Proxy\ConfigApi\ConfigurationApiItemWrapper.cs:line 110&#xD;
   at VideoOS.Platform.ConfigurationItems.Factory.IsItemTypeSupported(ServerId serverId, String itemType) in D:\actions-runner\_work\XPCO\XPCO\MIP\PlatformPlugin\VideoOS.Platform\src\ConfigurationItems\Factory.cs:line 464&#xD;
MIP: Error: GetConfiguration (): CustomSetting not found for the given platformDefinitionId: e145597a-ecaf-40a1-99e6-14bb9d45a09e&#xD;
MIP: Error: ConfigurationApiItemWrapper (): ConfigAPI GetItem(): System.NotImplementedException, The method or operation is not implemented.&#xD;
MIP: Error: Factory.IsItemTypeSupported (): Exception source:      VideoOS.Platform.SDK.UnitTests&#xD;
Exception type:        System.NotImplementedException&#xD;
Exception message:     The method or operation is not implemented.&#xD;
Exception target site: GetItem&#xD;
   at VideoOS.Platform.SDKUnittest.EnvironmentTests.TestConfigurationClientService.GetItem(String path) in D:\actions-runner\_work\XPCO\XPCO\MIP\MIPSDK\tst\VideoOS.Platform.SDK.UnitTests\EnvironmentTests\TestsWithCorporateShimsBase.cs:line 227&#xD;
   at VideoOS.Platform.Proxy.ConfigApi.ConfigurationApiItemWrapper..ctor(ServerId serverId, String path) in D:\actions-runner\_work\XPCO\XPCO\MIP\PlatformPlugin\VideoOS.Platform\src\Proxy\ConfigApi\ConfigurationApiItemWrapper.cs:line 110&#xD;
   at VideoOS.Platform.ConfigurationItems.Factory.IsItemTypeSupported(ServerId serverId, String itemType) in D:\actions-runner\_work\XPCO\XPCO\MIP\PlatformPlugin\VideoOS.Platform\src\ConfigurationItems\Factory.cs:line 464&#xD;
&#xD;
Factory.IsItemTypeSupportedFactory.IsItemTypeSupported ()The method or operation is not implemented.   at VideoOS.Platform.SDKUnittest.EnvironmentTests.TestConfigurationClientService.GetItem(String path) in D:\actions-runner\_work\XPCO\XPCO\MIP\MIPSDK\tst\VideoOS.Platform.SDK.UnitTests\EnvironmentTests\TestsWithCorporateShimsBase.cs:line 227&#xD;
   at VideoOS.Platform.Proxy.ConfigApi.ConfigurationApiItemWrapper..ctor(ServerId serverId, String path) in D:\actions-runner\_work\XPCO\XPCO\MIP\PlatformPlugin\VideoOS.Platform\src\Proxy\ConfigApi\ConfigurationApiItemWrapper.cs:line 110&#xD;
   at VideoOS.Platform.ConfigurationItems.Factory.IsItemTypeSupported(ServerId serverId, String itemType) in D:\actions-runner\_work\XPCO\XPCO\MIP\PlatformPlugin\VideoOS.Platform\src\ConfigurationItems\Factory.cs:line 464&#xD;
MIP: Error: LoginServerOauth (): https://1.2.3.5:55/ManagementServer/ServerCommandServiceOAuth.svc The method or operation is not implemented.&#xD;
MIP: Error: ConfigurationApiItemWrapper (): ConfigAPI GetItem(): System.NotImplementedException, The method or operation is not implemented.&#xD;
MIP: Error: Factory.IsItemTypeSupported (): Exception source:      VideoOS.Platform.SDK.UnitTests&#xD;
Exception type:        System.NotImplementedException&#xD;
Exception message:     The method or operation is not implemented.&#xD;
Exception target site: GetItem&#xD;
   at VideoOS.Platform.SDKUnittest.EnvironmentTests.TestConfigurationClientService.GetItem(String path) in D:\actions-runner\_work\XPCO\XPCO\MIP\MIPSDK\tst\VideoOS.Platform.SDK.UnitTests\EnvironmentTests\TestsWithCorporateShimsBase.cs:line 227&#xD;
   at VideoOS.Platform.Proxy.ConfigApi.ConfigurationApiItemWrapper..ctor(ServerId serverId, String path) in D:\actions-runner\_work\XPCO\XPCO\MIP\PlatformPlugin\VideoOS.Platform\src\Proxy\ConfigApi\ConfigurationApiItemWrapper.cs:line 110&#xD;
   at VideoOS.Platform.ConfigurationItems.Factory.IsItemTypeSupported(ServerId serverId, String itemType) in D:\actions-runner\_work\XPCO\XPCO\MIP\PlatformPlugin\VideoOS.Platform\src\ConfigurationItems\Factory.cs:line 464&#xD;
&#xD;
Factory.IsItemTypeSupportedFactory.IsItemTypeSupported ()The method or operation is not implemented.   at VideoOS.Platform.SDKUnittest.EnvironmentTests.TestConfigurationClientService.GetItem(String path) in D:\actions-runner\_work\XPCO\XPCO\MIP\MIPSDK\tst\VideoOS.Platform.SDK.UnitTests\EnvironmentTests\TestsWithCorporateShimsBase.cs:line 227&#xD;
   at VideoOS.Platform.Proxy.ConfigApi.ConfigurationApiItemWrapper..ctor(ServerId serverId, String path) in D:\actions-runner\_work\XPCO\XPCO\MIP\PlatformPlugin\VideoOS.Platform\src\Proxy\ConfigApi\ConfigurationApiItemWrapper.cs:line 110&#xD;
   at VideoOS.Platform.ConfigurationItems.Factory.IsItemTypeSupported(ServerId serverId, String itemType) in D:\actions-runner\_work\XPCO\XPCO\MIP\PlatformPlugin\VideoOS.Platform\src\ConfigurationItems\Factory.cs:line 464&#xD;
MIP: Error: ConfigurationApiItemWrapper (): ConfigAPI GetItem(): System.NotImplementedException, The method or operation is not implemented.&#xD;
MIP: Error: Factory.IsItemTypeSupported (): Exception source:      VideoOS.Platform.SDK.UnitTests&#xD;
Exception type:        System.NotImplementedException&#xD;
Exception message:     The method or operation is not implemented.&#xD;
Exception target site: GetItem&#xD;
   at VideoOS.Platform.SDKUnittest.EnvironmentTests.TestConfigurationClientService.GetItem(String path) in D:\actions-runner\_work\XPCO\XPCO\MIP\MIPSDK\tst\VideoOS.Platform.SDK.UnitTests\EnvironmentTests\TestsWithCorporateShimsBase.cs:line 227&#xD;
   at VideoOS.Platform.Proxy.ConfigApi.ConfigurationApiItemWrapper..ctor(ServerId serverId, String path) in D:\actions-runner\_work\XPCO\XPCO\MIP\PlatformPlugin\VideoOS.Platform\src\Proxy\ConfigApi\ConfigurationApiItemWrapper.cs:line 110&#xD;
   at VideoOS.Platform.ConfigurationItems.Factory.IsItemTypeSupported(ServerId serverId, String itemType) in D:\actions-runner\_work\XPCO\XPCO\MIP\PlatformPlugin\VideoOS.Platform\src\ConfigurationItems\Factory.cs:line 464&#xD;
&#xD;
Factory.IsItemTypeSupportedFactory.IsItemTypeSupported ()The method or operation is not implemented.   at VideoOS.Platform.SDKUnittest.EnvironmentTests.TestConfigurationClientService.GetItem(String path) in D:\actions-runner\_work\XPCO\XPCO\MIP\MIPSDK\tst\VideoOS.Platform.SDK.UnitTests\EnvironmentTests\TestsWithCorporateShimsBase.cs:line 227&#xD;
   at VideoOS.Platform.Proxy.ConfigApi.ConfigurationApiItemWrapper..ctor(ServerId serverId, String path) in D:\actions-runner\_work\XPCO\XPCO\MIP\PlatformPlugin\VideoOS.Platform\src\Proxy\ConfigApi\ConfigurationApiItemWrapper.cs:line 110&#xD;
   at VideoOS.Platform.ConfigurationItems.Factory.IsItemTypeSupported(ServerId serverId, String itemType) in D:\actions-runner\_work\XPCO\XPCO\MIP\PlatformPlugin\VideoOS.Platform\src\ConfigurationItems\Factory.cs:line 464&#xD;
MIP: Error: LoginServerOauth (): https://1.2.3.5:55/ManagementServer/ServerCommandServiceOAuth.svc The method or operation is not implemented.&#xD;
MIP: Error: ConfigurationApiItemWrapper (): ConfigAPI GetItem(): System.NotImplementedException, The method or operation is not implemented.&#xD;
MIP: Error: Factory.IsItemTypeSupported (): Exception source:      VideoOS.Platform.SDK.UnitTests&#xD;
Exception type:        System.NotImplementedException&#xD;
Exception message:     The method or operation is not implemented.&#xD;
Exception target site: GetItem&#xD;
   at VideoOS.Platform.SDKUnittest.EnvironmentTests.TestConfigurationClientService.GetItem(String path) in D:\actions-runner\_work\XPCO\XPCO\MIP\MIPSDK\tst\VideoOS.Platform.SDK.UnitTests\EnvironmentTests\TestsWithCorporateShimsBase.cs:line 227&#xD;
   at VideoOS.Platform.Proxy.ConfigApi.ConfigurationApiItemWrapper..ctor(ServerId serverId, String path) in D:\actions-runner\_work\XPCO\XPCO\MIP\PlatformPlugin\VideoOS.Platform\src\Proxy\ConfigApi\ConfigurationApiItemWrapper.cs:line 110&#xD;
   at VideoOS.Platform.ConfigurationItems.Factory.IsItemTypeSupported(ServerId serverId, String itemType) in D:\actions-runner\_work\XPCO\XPCO\MIP\PlatformPlugin\VideoOS.Platform\src\ConfigurationItems\Factory.cs:line 464&#xD;
&#xD;
Factory.IsItemTypeSupportedFactory.IsItemTypeSupported ()The method or operation is not implemented.   at VideoOS.Platform.SDKUnittest.EnvironmentTests.TestConfigurationClientService.GetItem(String path) in D:\actions-runner\_work\XPCO\XPCO\MIP\MIPSDK\tst\VideoOS.Platform.SDK.UnitTests\EnvironmentTests\TestsWithCorporateShimsBase.cs:line 227&#xD;
   at VideoOS.Platform.Proxy.ConfigApi.ConfigurationApiItemWrapper..ctor(ServerId serverId, String path) in D:\actions-runner\_work\XPCO\XPCO\MIP\PlatformPlugin\VideoOS.Platform\src\Proxy\ConfigApi\ConfigurationApiItemWrapper.cs:line 110&#xD;
   at VideoOS.Platform.ConfigurationItems.Factory.IsItemTypeSupported(ServerId serverId, String itemType) in D:\actions-runner\_work\XPCO\XPCO\MIP\PlatformPlugin\VideoOS.Platform\src\ConfigurationItems\Factory.cs:line 464&#xD;
MIP: Error: GetConfiguration (): CustomSetting not found for the given platformDefinitionId: e145597a-ecaf-40a1-99e6-14bb9d45a09e&#xD;
MIP: Error: ConfigurationApiItemWrapper (): ConfigAPI GetItem(): System.NotImplementedException, The method or operation is not implemented.&#xD;
MIP: Error: Factory.IsItemTypeSupported (): Exception source:      VideoOS.Platform.SDK.UnitTests&#xD;
Exception type:        System.NotImplementedException&#xD;
Exception message:     The method or operation is not implemented.&#xD;
Exception target site: GetItem&#xD;
   at VideoOS.Platform.SDKUnittest.EnvironmentTests.TestConfigurationClientService.GetItem(String path) in D:\actions-runner\_work\XPCO\XPCO\MIP\MIPSDK\tst\VideoOS.Platform.SDK.UnitTests\EnvironmentTests\TestsWithCorporateShimsBase.cs:line 227&#xD;
   at VideoOS.Platform.Proxy.ConfigApi.ConfigurationApiItemWrapper..ctor(ServerId serverId, String path) in D:\actions-runner\_work\XPCO\XPCO\MIP\PlatformPlugin\VideoOS.Platform\src\Proxy\ConfigApi\ConfigurationApiItemWrapper.cs:line 110&#xD;
   at VideoOS.Platform.ConfigurationItems.Factory.IsItemTypeSupported(ServerId serverId, String itemType) in D:\actions-runner\_work\XPCO\XPCO\MIP\PlatformPlugin\VideoOS.Platform\src\ConfigurationItems\Factory.cs:line 464&#xD;
&#xD;
Factory.IsItemTypeSupportedFactory.IsItemTypeSupported ()The method or operation is not implemented.   at VideoOS.Platform.SDKUnittest.EnvironmentTests.TestConfigurationClientService.GetItem(String path) in D:\actions-runner\_work\XPCO\XPCO\MIP\MIPSDK\tst\VideoOS.Platform.SDK.UnitTests\EnvironmentTests\TestsWithCorporateShimsBase.cs:line 227&#xD;
   at VideoOS.Platform.Proxy.ConfigApi.ConfigurationApiItemWrapper..ctor(ServerId serverId, String path) in D:\actions-runner\_work\XPCO\XPCO\MIP\PlatformPlugin\VideoOS.Platform\src\Proxy\ConfigApi\ConfigurationApiItemWrapper.cs:line 110&#xD;
   at VideoOS.Platform.ConfigurationItems.Factory.IsItemTypeSupported(ServerId serverId, String itemType) in D:\actions-runner\_work\XPCO\XPCO\MIP\PlatformPlugin\VideoOS.Platform\src\ConfigurationItems\Factory.cs:line 464&#xD;
MIP: Error: LoginServerOauth (): https://1.2.3.5:55/ManagementServer/ServerCommandServiceOAuth.svc The method or operation is not implemented.&#xD;
MIP: Error: ConfigurationApiItemWrapper (): ConfigAPI GetItem(): System.NotImplementedException, The method or operation is not implemented.&#xD;
MIP: Error: Factory.IsItemTypeSupported (): Exception source:      VideoOS.Platform.SDK.UnitTests&#xD;
Exception type:        System.NotImplementedException&#xD;
Exception message:     The method or operation is not implemented.&#xD;
Exception target site: GetItem&#xD;
   at VideoOS.Platform.SDKUnittest.EnvironmentTests.TestConfigurationClientService.GetItem(String path) in D:\actions-runner\_work\XPCO\XPCO\MIP\MIPSDK\tst\VideoOS.Platform.SDK.UnitTests\EnvironmentTests\TestsWithCorporateShimsBase.cs:line 227&#xD;
   at VideoOS.Platform.Proxy.ConfigApi.ConfigurationApiItemWrapper..ctor(ServerId serverId, String path) in D:\actions-runner\_work\XPCO\XPCO\MIP\PlatformPlugin\VideoOS.Platform\src\Proxy\ConfigApi\ConfigurationApiItemWrapper.cs:line 110&#xD;
   at VideoOS.Platform.ConfigurationItems.Factory.IsItemTypeSupported(ServerId serverId, String itemType) in D:\actions-runner\_work\XPCO\XPCO\MIP\PlatformPlugin\VideoOS.Platform\src\ConfigurationItems\Factory.cs:line 464&#xD;
&#xD;
Factory.IsItemTypeSupportedFactory.IsItemTypeSupported ()The method or operation is not implemented.   at VideoOS.Platform.SDKUnittest.EnvironmentTests.TestConfigurationClientService.GetItem(String path) in D:\actions-runner\_work\XPCO\XPCO\MIP\MIPSDK\tst\VideoOS.Platform.SDK.UnitTests\EnvironmentTests\TestsWithCorporateShimsBase.cs:line 227&#xD;
   at VideoOS.Platform.Proxy.ConfigApi.ConfigurationApiItemWrapper..ctor(ServerId serverId, String path) in D:\actions-runner\_work\XPCO\XPCO\MIP\PlatformPlugin\VideoOS.Platform\src\Proxy\ConfigApi\ConfigurationApiItemWrapper.cs:line 110&#xD;
   at VideoOS.Platform.ConfigurationItems.Factory.IsItemTypeSupported(ServerId serverId, String itemType) in D:\actions-runner\_work\XPCO\XPCO\MIP\PlatformPlugin\VideoOS.Platform\src\ConfigurationItems\Factory.cs:line 464&#xD;
MIP: Error: ConfigurationApiItemWrapper (): ConfigAPI GetItem(): System.NotImplementedException, The method or operation is not implemented.&#xD;
MIP: Error: Factory.IsItemTypeSupported (): Exception source:      VideoOS.Platform.SDK.UnitTests&#xD;
Exception type:        System.NotImplementedException&#xD;
Exception message:     The method or operation is not implemented.&#xD;
Exception target site: GetItem&#xD;
   at VideoOS.Platform.SDKUnittest.EnvironmentTests.TestConfigurationClientService.GetItem(String path) in D:\actions-runner\_work\XPCO\XPCO\MIP\MIPSDK\tst\VideoOS.Platform.SDK.UnitTests\EnvironmentTests\TestsWithCorporateShimsBase.cs:line 227&#xD;
   at VideoOS.Platform.Proxy.ConfigApi.ConfigurationApiItemWrapper..ctor(ServerId serverId, String path) in D:\actions-runner\_work\XPCO\XPCO\MIP\PlatformPlugin\VideoOS.Platform\src\Proxy\ConfigApi\ConfigurationApiItemWrapper.cs:line 110&#xD;
   at VideoOS.Platform.ConfigurationItems.Factory.IsItemTypeSupported(ServerId serverId, String itemType) in D:\actions-runner\_work\XPCO\XPCO\MIP\PlatformPlugin\VideoOS.Platform\src\ConfigurationItems\Factory.cs:line 464&#xD;
&#xD;
Factory.IsItemTypeSupportedFactory.IsItemTypeSupported ()The method or operation is not implemented.   at VideoOS.Platform.SDKUnittest.EnvironmentTests.TestConfigurationClientService.GetItem(String path) in D:\actions-runner\_work\XPCO\XPCO\MIP\MIPSDK\tst\VideoOS.Platform.SDK.UnitTests\EnvironmentTests\TestsWithCorporateShimsBase.cs:line 227&#xD;
   at VideoOS.Platform.Proxy.ConfigApi.ConfigurationApiItemWrapper..ctor(ServerId serverId, String path) in D:\actions-runner\_work\XPCO\XPCO\MIP\PlatformPlugin\VideoOS.Platform\src\Proxy\ConfigApi\ConfigurationApiItemWrapper.cs:line 110&#xD;
   at VideoOS.Platform.ConfigurationItems.Factory.IsItemTypeSupported(ServerId serverId, String itemType) in D:\actions-runner\_work\XPCO\XPCO\MIP\PlatformPlugin\VideoOS.Platform\src\ConfigurationItems\Factory.cs:line 464&#xD;
MIP: Error: LoginServerOauth (): https://1.2.3.5:55/ManagementServer/ServerCommandServiceOAuth.svc The method or operation is not implemented.&#xD;
MIP: Error: ConfigurationApiItemWrapper (): ConfigAPI GetItem(): System.NotImplementedException, The method or operation is not implemented.&#xD;
MIP: Error: Factory.IsItemTypeSupported (): Exception source:      VideoOS.Platform.SDK.UnitTests&#xD;
Exception type:        System.NotImplementedException&#xD;
Exception message:     The method or operation is not implemented.&#xD;
Exception target site: GetItem&#xD;
   at VideoOS.Platform.SDKUnittest.EnvironmentTests.TestConfigurationClientService.GetItem(String path) in D:\actions-runner\_work\XPCO\XPCO\MIP\MIPSDK\tst\VideoOS.Platform.SDK.UnitTests\EnvironmentTests\TestsWithCorporateShimsBase.cs:line 227&#xD;
   at VideoOS.Platform.Proxy.ConfigApi.ConfigurationApiItemWrapper..ctor(ServerId serverId, String path) in D:\actions-runner\_work\XPCO\XPCO\MIP\PlatformPlugin\VideoOS.Platform\src\Proxy\ConfigApi\ConfigurationApiItemWrapper.cs:line 110&#xD;
   at VideoOS.Platform.ConfigurationItems.Factory.IsItemTypeSupported(ServerId serverId, String itemType) in D:\actions-runner\_work\XPCO\XPCO\MIP\PlatformPlugin\VideoOS.Platform\src\ConfigurationItems\Factory.cs:line 464&#xD;
&#xD;
Factory.IsItemTypeSupportedFactory.IsItemTypeSupported ()The method or operation is not implemented.   at VideoOS.Platform.SDKUnittest.EnvironmentTests.TestConfigurationClientService.GetItem(String path) in D:\actions-runner\_work\XPCO\XPCO\MIP\MIPSDK\tst\VideoOS.Platform.SDK.UnitTests\EnvironmentTests\TestsWithCorporateShimsBase.cs:line 227&#xD;
   at VideoOS.Platform.Proxy.ConfigApi.ConfigurationApiItemWrapper..ctor(ServerId serverId, String path) in D:\actions-runner\_work\XPCO\XPCO\MIP\PlatformPlugin\VideoOS.Platform\src\Proxy\ConfigApi\ConfigurationApiItemWrapper.cs:line 110&#xD;
   at VideoOS.Platform.ConfigurationItems.Factory.IsItemTypeSupported(ServerId serverId, String itemType) in D:\actions-runner\_work\XPCO\XPCO\MIP\PlatformPlugin\VideoOS.Platform\src\ConfigurationItems\Factory.cs:line 464&#xD;
MIP: Error: GetConfiguration (): CustomSetting not found for the given platformDefinitionId: e145597a-ecaf-40a1-99e6-14bb9d45a09e&#xD;
MIP: Error: ConfigurationApiItemWrapper (): ConfigAPI GetItem(): System.NotImplementedException, The method or operation is not implemented.&#xD;
MIP: Error: Factory.IsItemTypeSupported (): Exception source:      VideoOS.Platform.SDK.UnitTests&#xD;
Exception type:        System.NotImplementedException&#xD;
Exception message:     The method or operation is not implemented.&#xD;
Exception target site: GetItem&#xD;
   at VideoOS.Platform.SDKUnittest.EnvironmentTests.TestConfigurationClientService.GetItem(String path) in D:\actions-runner\_work\XPCO\XPCO\MIP\MIPSDK\tst\VideoOS.Platform.SDK.UnitTests\EnvironmentTests\TestsWithCorporateShimsBase.cs:line 227&#xD;
   at VideoOS.Platform.Proxy.ConfigApi.ConfigurationApiItemWrapper..ctor(ServerId serverId, String path) in D:\actions-runner\_work\XPCO\XPCO\MIP\PlatformPlugin\VideoOS.Platform\src\Proxy\ConfigApi\ConfigurationApiItemWrapper.cs:line 110&#xD;
   at VideoOS.Platform.ConfigurationItems.Factory.IsItemTypeSupported(ServerId serverId, String itemType) in D:\actions-runner\_work\XPCO\XPCO\MIP\PlatformPlugin\VideoOS.Platform\src\ConfigurationItems\Factory.cs:line 464&#xD;
&#xD;
Factory.IsItemTypeSupportedFactory.IsItemTypeSupported ()The method or operation is not implemented.   at VideoOS.Platform.SDKUnittest.EnvironmentTests.TestConfigurationClientService.GetItem(String path) in D:\actions-runner\_work\XPCO\XPCO\MIP\MIPSDK\tst\VideoOS.Platform.SDK.UnitTests\EnvironmentTests\TestsWithCorporateShimsBase.cs:line 227&#xD;
   at VideoOS.Platform.Proxy.ConfigApi.ConfigurationApiItemWrapper..ctor(ServerId serverId, String path) in D:\actions-runner\_work\XPCO\XPCO\MIP\PlatformPlugin\VideoOS.Platform\src\Proxy\ConfigApi\ConfigurationApiItemWrapper.cs:line 110&#xD;
   at VideoOS.Platform.ConfigurationItems.Factory.IsItemTypeSupported(ServerId serverId, String itemType) in D:\actions-runner\_work\XPCO\XPCO\MIP\PlatformPlugin\VideoOS.Platform\src\ConfigurationItems\Factory.cs:line 464&#xD;
MIP: Error: LoginServerOauth (): https://1.2.3.5:55/ManagementServer/ServerCommandServiceOAuth.svc The method or operation is not implemented.</StdOut>
      </Output>
    </UnitTestResult>
    <UnitTestResult executionId="2743a1c9-8a15-4b16-9e1f-0fc9510e9ea4" testId="9af23bea-fd93-7994-bffe-1ae6f1f880df" testName="Login_MasterOnly_Passed" computerName="DKSR-EFI-06" duration="00:00:00.0040331" startTime="2024-01-09T15:44:27.2324348+01:00" endTime="2024-01-09T15:44:27.2324348+01:00" testType="13cdc9d9-ddb5-4fa4-a97d-d965ccfc6d4b" outcome="Passed" testListId="8c84fa94-04c1-424b-9868-57a2d4851a1d" relativeResultsDirectory="2743a1c9-8a15-4b16-9e1f-0fc9510e9ea4" />
    <UnitTestResult executionId="16840bdb-ab46-4aa2-978d-8ce4c981927b" testId="cba02d2f-4f19-49c0-1575-9037f596fa95" testName="XpcoServerConnectedFail" computerName="DKSR-EFI-06" duration="00:00:00.1468623" startTime="2024-01-09T15:45:48.1870974+01:00" endTime="2024-01-09T15:45:48.3277607+01:00" testType="13cdc9d9-ddb5-4fa4-a97d-d965ccfc6d4b" outcome="Passed" testListId="8c84fa94-04c1-424b-9868-57a2d4851a1d" relativeResultsDirectory="16840bdb-ab46-4aa2-978d-8ce4c981927b" />
    <UnitTestResult executionId="b7599ada-b37c-4ff0-905d-3bbbdf86ea14" testId="7a5a60cf-65df-425a-ef34-31b7542d0324" testName="Given_TwoPendingCommands_When_ReceivingResponsesForBothCommans_Then_ResponsesArePairedWithCorrectCommand" computerName="DKSR-EFI-06" duration="00:00:00.0766539" startTime="2024-01-09T15:45:22.2481611+01:00" endTime="2024-01-09T15:45:22.3262870+01:00" testType="13cdc9d9-ddb5-4fa4-a97d-d965ccfc6d4b" outcome="Passed" testListId="8c84fa94-04c1-424b-9868-57a2d4851a1d" relativeResultsDirectory="b7599ada-b37c-4ff0-905d-3bbbdf86ea14" />
    <UnitTestResult executionId="bfd863c5-c3a1-46a2-947a-8b3337ebea8e" testId="6eb5e2ab-2e52-184d-9e36-3b40855937d4" testName="ScheduleDeletionOfToolkit_FactoryDeletesToolkitInstance" computerName="DKSR-EFI-06" duration="00:00:00.0066537" startTime="2024-01-09T15:45:56.8293934+01:00" endTime="2024-01-09T15:45:56.8293934+01:00" testType="13cdc9d9-ddb5-4fa4-a97d-d965ccfc6d4b" outcome="Passed" testListId="8c84fa94-04c1-424b-9868-57a2d4851a1d" relativeResultsDirectory="bfd863c5-c3a1-46a2-947a-8b3337ebea8e" />
    <UnitTestResult executionId="4233437c-38b8-44a4-83c7-b98758cbe127" testId="b4cef04e-2d44-bef8-05c3-d2ca96c4a23e" testName="Givent_MessageContainingEventWithData_When_ConvertingToEvents_Then_DataIsOfType_JsonHandling_JSonObject" computerName="DKSR-EFI-06" duration="00:00:00.0006949" startTime="2024-01-09T15:45:23.3575406+01:00" endTime="2024-01-09T15:45:23.3731659+01:00" testType="13cdc9d9-ddb5-4fa4-a97d-d965ccfc6d4b" outcome="Passed" testListId="8c84fa94-04c1-424b-9868-57a2d4851a1d" relativeResultsDirectory="4233437c-38b8-44a4-83c7-b98758cbe127" />
    <UnitTestResult executionId="53b79017-6e9d-47bc-a536-dfd2d6203b3f" testId="b65005d3-1361-e0b7-9c4d-43d19b2fd72f" testName="Free_ShouldNotChangeRecordingStatus_WhenRecordingIsStopped" computerName="DKSR-EFI-06" duration="00:00:00.0011170" startTime="2024-01-09T15:45:56.7200006+01:00" endTime="2024-01-09T15:45:56.7200006+01:00" testType="13cdc9d9-ddb5-4fa4-a97d-d965ccfc6d4b" outcome="Passed" testListId="8c84fa94-04c1-424b-9868-57a2d4851a1d" relativeResultsDirectory="53b79017-6e9d-47bc-a536-dfd2d6203b3f" />
    <UnitTestResult executionId="c4a31983-086a-44a0-ab85-b75ef3efce58" testId="b814b31f-9b44-c1f8-a1b3-268a53a57d26" testName="SetVolume_Muted_UnMutedAndVolumeChanged" computerName="DKSR-EFI-06" duration="00:00:00.0053202" startTime="2024-01-09T15:45:56.9544092+01:00" endTime="2024-01-09T15:45:56.9544092+01:00" testType="13cdc9d9-ddb5-4fa4-a97d-d965ccfc6d4b" outcome="Passed" testListId="8c84fa94-04c1-424b-9868-57a2d4851a1d" relativeResultsDirectory="c4a31983-086a-44a0-ab85-b75ef3efce58" />
    <UnitTestResult executionId="18392abc-4c06-4574-8a82-ab135be34eab" testId="1558a173-bd2e-9fca-670c-2c3987fbd631" testName="AddServer_WhenParentUriNull_UseCredentialCache" computerName="DKSR-EFI-06" duration="00:00:00.0081918" startTime="2024-01-09T15:44:27.5138441+01:00" endTime="2024-01-09T15:44:27.5293600+01:00" testType="13cdc9d9-ddb5-4fa4-a97d-d965ccfc6d4b" outcome="Passed" testListId="8c84fa94-04c1-424b-9868-57a2d4851a1d" relativeResultsDirectory="18392abc-4c06-4574-8a82-ab135be34eab" />
    <UnitTestResult executionId="b7d3696d-623e-42ee-8bda-58e24af75352" testId="1d9f532a-78eb-f4e1-0dd2-c5f03d1be90f" testName="StripXmlHeader_WhenHeaderPresent_StripsItOut" computerName="DKSR-EFI-06" duration="00:00:00.0095048" startTime="2024-01-09T15:45:18.7325304+01:00" endTime="2024-01-09T15:45:18.7481553+01:00" testType="13cdc9d9-ddb5-4fa4-a97d-d965ccfc6d4b" outcome="Passed" testListId="8c84fa94-04c1-424b-9868-57a2d4851a1d" relativeResultsDirectory="b7d3696d-623e-42ee-8bda-58e24af75352" />
    <UnitTestResult executionId="ec50869e-b7d9-4f0f-aab1-8e2765f8f419" testId="ef02471d-d90f-d7cc-ccc2-806bfb1ff8c0" testName="LoadConfiguration_Correct" computerName="DKSR-EFI-06" duration="00:00:00.0068663" startTime="2024-01-09T15:44:27.1543082+01:00" endTime="2024-01-09T15:44:27.1699337+01:00" testType="13cdc9d9-ddb5-4fa4-a97d-d965ccfc6d4b" outcome="Passed" testListId="8c84fa94-04c1-424b-9868-57a2d4851a1d" relativeResultsDirectory="ec50869e-b7d9-4f0f-aab1-8e2765f8f419" />
    <UnitTestResult executionId="255f3ebf-fd7d-48ad-ace0-925e419f9b76" testId="853f6915-20e9-72f8-b144-6b6c2f45bce5" testName="ConnectionTask_ShouldNotResubscribe_WhenConnectionIsBroken_AndResumeSucceeds" computerName="DKSR-EFI-06" duration="00:00:00.0196223" startTime="2024-01-09T15:45:22.8262873+01:00" endTime="2024-01-09T15:45:22.8419108+01:00" testType="13cdc9d9-ddb5-4fa4-a97d-d965ccfc6d4b" outcome="Passed" testListId="8c84fa94-04c1-424b-9868-57a2d4851a1d" relativeResultsDirectory="255f3ebf-fd7d-48ad-ace0-925e419f9b76" />
    <UnitTestResult executionId="4f24623e-0a32-46ba-8d5d-535b9555d240" testId="8504aea4-e8b5-8e2d-e4a6-d01e2cfbb43b" testName="ImplementsIDisposable_Success" computerName="DKSR-EFI-06" duration="00:00:00.0422181" startTime="2024-01-09T15:45:56.7200006+01:00" endTime="2024-01-09T15:45:56.7668899+01:00" testType="13cdc9d9-ddb5-4fa4-a97d-d965ccfc6d4b" outcome="Passed" testListId="8c84fa94-04c1-424b-9868-57a2d4851a1d" relativeResultsDirectory="4f24623e-0a32-46ba-8d5d-535b9555d240" />
    <UnitTestResult executionId="8b8c9c64-b6bd-40f1-a054-979d018bf1e3" testId="fb9222b4-352e-53d2-a6a0-c25767f137de" testName="AddServer_WithLoginSettings_Correct" computerName="DKSR-EFI-06" duration="00:00:00.0222969" startTime="2024-01-09T15:44:27.3886892+01:00" endTime="2024-01-09T15:44:27.4043128+01:00" testType="13cdc9d9-ddb5-4fa4-a97d-d965ccfc6d4b" outcome="Passed" testListId="8c84fa94-04c1-424b-9868-57a2d4851a1d" relativeResultsDirectory="8b8c9c64-b6bd-40f1-a054-979d018bf1e3" />
    <UnitTestResult executionId="b9b70816-a191-4301-a4a6-049a5edab4a8" testId="4cc2af54-3704-7ced-d419-f08afbf26159" testName="StartRecording_ShouldStartRecording_WhenAudioRecorderIsInitialized" computerName="DKSR-EFI-06" duration="00:00:00.0015694" startTime="2024-01-09T15:45:56.6887482+01:00" endTime="2024-01-09T15:45:56.6887482+01:00" testType="13cdc9d9-ddb5-4fa4-a97d-d965ccfc6d4b" outcome="Passed" testListId="8c84fa94-04c1-424b-9868-57a2d4851a1d" relativeResultsDirectory="b9b70816-a191-4301-a4a6-049a5edab4a8" />
    <UnitTestResult executionId="9a2e48bd-66dc-4eca-bb4d-92a2deacb3f7" testId="ab93ee62-5f81-8ef5-1c0d-f4b76290680a" testName="LiveStart_Connected_DelegatesCallsToToolkit" computerName="DKSR-EFI-06" duration="00:00:00.0020874" startTime="2024-01-09T15:45:56.8450445+01:00" endTime="2024-01-09T15:45:56.8450445+01:00" testType="13cdc9d9-ddb5-4fa4-a97d-d965ccfc6d4b" outcome="Passed" testListId="8c84fa94-04c1-424b-9868-57a2d4851a1d" relativeResultsDirectory="9a2e48bd-66dc-4eca-bb4d-92a2deacb3f7" />
    <UnitTestResult executionId="68328a7c-2654-4b04-ba3c-ddbe348283ba" testId="01728557-d0ee-3bd0-5338-38b6c6daa989" testName="Close_WhenNull_NoException" computerName="DKSR-EFI-06" duration="00:00:00.0001779" startTime="2024-01-09T15:45:21.9981629+01:00" endTime="2024-01-09T15:45:21.9981629+01:00" testType="13cdc9d9-ddb5-4fa4-a97d-d965ccfc6d4b" outcome="Passed" testListId="8c84fa94-04c1-424b-9868-57a2d4851a1d" relativeResultsDirectory="68328a7c-2654-4b04-ba3c-ddbe348283ba" />
    <UnitTestResult executionId="b1054135-d9d2-4ac5-80b1-05fe73eaebea" testId="8539d4fd-7e67-da82-911e-4911873c1bd9" testName="GetJpegFirstSpacePath" computerName="DKSR-EFI-06" duration="00:00:08.5998847" startTime="2024-01-09T15:44:35.4980643+01:00" endTime="2024-01-09T15:44:44.0918322+01:00" testType="13cdc9d9-ddb5-4fa4-a97d-d965ccfc6d4b" outcome="Passed" testListId="8c84fa94-04c1-424b-9868-57a2d4851a1d" relativeResultsDirectory="b1054135-d9d2-4ac5-80b1-05fe73eaebea">
      <Output>
        <StdOut>Debug Trace:&#xD;
MIP: Error: GetConfiguration (): CustomSetting not found for the given platformDefinitionId: e145597a-ecaf-40a1-99e6-14bb9d45a09e&#xD;
MIP: Error: GetConfiguration (): CustomSetting not found for the given platformDefinitionId: e145597a-ecaf-40a1-99e6-14bb9d45a09e&#xD;
MIP: Error: GetConfiguration (): CustomSetting not found for the given platformDefinitionId: e145597a-ecaf-40a1-99e6-14bb9d45a09e&#xD;
---- Stream count=0, thread=2</StdOut>
      </Output>
    </UnitTestResult>
    <UnitTestResult executionId="ce42ec3e-23b7-4b00-b33c-7e79936dd2a3" testId="d1e2ee3a-5497-84fa-1720-32c96fcd92e7" testName="MergeCredentialCache_WhenAlreadyHasCredential_DoesntMerge" computerName="DKSR-EFI-06" duration="00:00:00.0010513" startTime="2024-01-09T15:45:21.6856626+01:00" endTime="2024-01-09T15:45:21.6856626+01:00" testType="13cdc9d9-ddb5-4fa4-a97d-d965ccfc6d4b" outcome="Passed" testListId="8c84fa94-04c1-424b-9868-57a2d4851a1d" relativeResultsDirectory="ce42ec3e-23b7-4b00-b33c-7e79936dd2a3" />
    <UnitTestResult executionId="ceededb2-473d-4372-942d-68071f6ea2f0" testId="56497288-6a33-5a75-f21c-09bd940b969b" testName="XpcoSiteInfoUriCorrectServerType" computerName="DKSR-EFI-06" duration="00:00:00.1078111" startTime="2024-01-09T15:45:30.4512916+01:00" endTime="2024-01-09T15:45:30.5606674+01:00" testType="13cdc9d9-ddb5-4fa4-a97d-d965ccfc6d4b" outcome="Passed" testListId="8c84fa94-04c1-424b-9868-57a2d4851a1d" relativeResultsDirectory="ceededb2-473d-4372-942d-68071f6ea2f0" />
    <UnitTestResult executionId="e8db95d5-58cb-42a8-8a68-24252a63e467" testId="58703ce4-1c67-ed97-f1a4-1af1a3003de0" testName="Givent_MessageContainingEventWithData_When_CallingGetDataOfCorrectType_Then_ACompleteObjectIsReturned" computerName="DKSR-EFI-06" duration="00:00:00.0216788" startTime="2024-01-09T15:45:23.3731659+01:00" endTime="2024-01-09T15:45:23.3887881+01:00" testType="13cdc9d9-ddb5-4fa4-a97d-d965ccfc6d4b" outcome="Passed" testListId="8c84fa94-04c1-424b-9868-57a2d4851a1d" relativeResultsDirectory="e8db95d5-58cb-42a8-8a68-24252a63e467" />
    <UnitTestResult executionId="94efe729-9186-491e-a049-c36d7c3a05d9" testId="425d7606-d05b-43b7-5f3e-aef51500fc4a" testName="Init_Success" computerName="DKSR-EFI-06" duration="00:00:00.9671970" startTime="2024-01-09T15:44:25.5449333+01:00" endTime="2024-01-09T15:44:26.9511817+01:00" testType="13cdc9d9-ddb5-4fa4-a97d-d965ccfc6d4b" outcome="Passed" testListId="8c84fa94-04c1-424b-9868-57a2d4851a1d" relativeResultsDirectory="94efe729-9186-491e-a049-c36d7c3a05d9" />
    <UnitTestResult executionId="c8190f8c-9601-4d4c-b263-6f65fa2a53d8" testId="8ffc533e-dbe2-a04a-622a-b6eb34e0e1a2" testName="XpcoSiteInfoUri" computerName="DKSR-EFI-06" duration="00:00:00.1833905" startTime="2024-01-09T15:45:29.1700450+01:00" endTime="2024-01-09T15:45:29.3575432+01:00" testType="13cdc9d9-ddb5-4fa4-a97d-d965ccfc6d4b" outcome="Passed" testListId="8c84fa94-04c1-424b-9868-57a2d4851a1d" relativeResultsDirectory="c8190f8c-9601-4d4c-b263-6f65fa2a53d8" />
    <UnitTestResult executionId="20ba0931-f40e-4e9a-867d-8a48add9553a" testId="3d0614d6-566e-2a0b-aa48-d33230f47a0b" testName="AddServer_WhenParentUriNotNull_UseUserCredentialCache" computerName="DKSR-EFI-06" duration="00:00:00.0283276" startTime="2024-01-09T15:44:27.4824369+01:00" endTime="2024-01-09T15:44:27.5138441+01:00" testType="13cdc9d9-ddb5-4fa4-a97d-d965ccfc6d4b" outcome="Passed" testListId="8c84fa94-04c1-424b-9868-57a2d4851a1d" relativeResultsDirectory="20ba0931-f40e-4e9a-867d-8a48add9553a" />
    <UnitTestResult executionId="8f3c154a-88bc-4d2b-8935-18eaa06991d1" testId="e02a3aff-4b0e-8be7-4f14-51de7ab4670f" testName="TryCreateParentUri_WhenBasicAuthHasCredential_ReturnsUrl" computerName="DKSR-EFI-06" duration="00:00:00.0010314" startTime="2024-01-09T15:45:21.6700388+01:00" endTime="2024-01-09T15:45:21.6700388+01:00" testType="13cdc9d9-ddb5-4fa4-a97d-d965ccfc6d4b" outcome="Passed" testListId="8c84fa94-04c1-424b-9868-57a2d4851a1d" relativeResultsDirectory="8f3c154a-88bc-4d2b-8935-18eaa06991d1" />
    <UnitTestResult executionId="abdf6ba6-56bd-4202-b39d-f36088723b76" testId="0d04ce70-8f8e-5be6-d205-e559df63652c" testName="Given_Connected_When_AddSubscriptionSuccesful_Then_ASubscriptionIdIsReturned" computerName="DKSR-EFI-06" duration="00:00:00.0161021" startTime="2024-01-09T15:45:22.6544131+01:00" endTime="2024-01-09T15:45:22.6700392+01:00" testType="13cdc9d9-ddb5-4fa4-a97d-d965ccfc6d4b" outcome="Passed" testListId="8c84fa94-04c1-424b-9868-57a2d4851a1d" relativeResultsDirectory="abdf6ba6-56bd-4202-b39d-f36088723b76" />
    <UnitTestResult executionId="7a086505-7ba8-492d-beec-4ea3633aa658" testId="ba5b86d5-401c-4e0a-f138-2c19e1e02c7f" testName="Unitialize_ShouldCallServiceReset" computerName="DKSR-EFI-06" duration="00:00:00.0015553" startTime="2024-01-09T15:44:28.1074351+01:00" endTime="2024-01-09T15:44:28.1074351+01:00" testType="13cdc9d9-ddb5-4fa4-a97d-d965ccfc6d4b" outcome="Passed" testListId="8c84fa94-04c1-424b-9868-57a2d4851a1d" relativeResultsDirectory="7a086505-7ba8-492d-beec-4ea3633aa658" />
    <UnitTestResult executionId="8f7d8818-d211-468d-a3df-eac24e954b6a" testId="ee8aafb9-8c92-aa71-b2c5-a50c80f89ffa" testName="GetRawVideoNetworkDb" computerName="DKSR-EFI-06" duration="00:00:06.8739536" startTime="2024-01-09T15:45:03.4824964+01:00" endTime="2024-01-09T15:45:10.3575070+01:00" testType="13cdc9d9-ddb5-4fa4-a97d-d965ccfc6d4b" outcome="Passed" testListId="8c84fa94-04c1-424b-9868-57a2d4851a1d" relativeResultsDirectory="8f7d8818-d211-468d-a3df-eac24e954b6a">
      <Output>
        <StdOut>Debug Trace:&#xD;
MIP: Error: GetConfiguration (): CustomSetting not found for the given platformDefinitionId: e145597a-ecaf-40a1-99e6-14bb9d45a09e&#xD;
MIP: Error: GetConfiguration (): CustomSetting not found for the given platformDefinitionId: e145597a-ecaf-40a1-99e6-14bb9d45a09e&#xD;
MIP: Error: GetConfiguration (): CustomSetting not found for the given platformDefinitionId: e145597a-ecaf-40a1-99e6-14bb9d45a09e</StdOut>
      </Output>
    </UnitTestResult>
    <UnitTestResult executionId="c27146a9-007f-40a5-a00a-bd6bc7ada1d9" testId="4df6750c-aff6-44b1-13dd-4de227a8986b" testName="InitializeUnitializeInitialize_ShouldCallServiceInitTwice" computerName="DKSR-EFI-06" duration="00:00:00.0025617" startTime="2024-01-09T15:44:28.1074351+01:00" endTime="2024-01-09T15:44:28.1074351+01:00" testType="13cdc9d9-ddb5-4fa4-a97d-d965ccfc6d4b" outcome="Passed" testListId="8c84fa94-04c1-424b-9868-57a2d4851a1d" relativeResultsDirectory="c27146a9-007f-40a5-a00a-bd6bc7ada1d9" />
    <UnitTestResult executionId="79436753-d65e-429d-9292-80ba99a68250" testId="9303c8a3-4457-dd53-a1ee-73373e6854b4" testName="Login_Success" computerName="DKSR-EFI-06" duration="00:00:00.0263571" startTime="2024-01-09T15:44:27.1855586+01:00" endTime="2024-01-09T15:44:27.2168083+01:00" testType="13cdc9d9-ddb5-4fa4-a97d-d965ccfc6d4b" outcome="Passed" testListId="8c84fa94-04c1-424b-9868-57a2d4851a1d" relativeResultsDirectory="79436753-d65e-429d-9292-80ba99a68250" />
    <UnitTestResult executionId="6a885acb-610c-4693-b6c5-56666b900eeb" testId="cb92a75a-3d75-fb02-ff9b-54b25c8156f2" testName="CheckBaseTime1970ToInt" computerName="DKSR-EFI-06" duration="00:00:00.0035703" startTime="2024-01-09T15:45:21.8731612+01:00" endTime="2024-01-09T15:45:21.8731612+01:00" testType="13cdc9d9-ddb5-4fa4-a97d-d965ccfc6d4b" outcome="Passed" testListId="8c84fa94-04c1-424b-9868-57a2d4851a1d" relativeResultsDirectory="6a885acb-610c-4693-b6c5-56666b900eeb">
      <Output>
        <StdOut>Debug Trace:&#xD;
MIP: Error: TimeConverter (): ToInt() loosing significant value: Consider to use ToLong()</StdOut>
      </Output>
    </UnitTestResult>
    <UnitTestResult executionId="65b5c99b-d963-4d2d-abce-12f3f686f2f2" testId="d3ce4a46-9062-5855-70fd-ebbcc2b0eafc" testName="TryCreateParentUri_WhenNoAuthHasCredential_ReturnsNull" computerName="DKSR-EFI-06" duration="00:00:00.0011079" startTime="2024-01-09T15:45:21.6700388+01:00" endTime="2024-01-09T15:45:21.6700388+01:00" testType="13cdc9d9-ddb5-4fa4-a97d-d965ccfc6d4b" outcome="Passed" testListId="8c84fa94-04c1-424b-9868-57a2d4851a1d" relativeResultsDirectory="65b5c99b-d963-4d2d-abce-12f3f686f2f2" />
    <UnitTestResult executionId="8e90a808-7684-4350-98a3-82ea058fb6f1" testId="e7650ef8-614d-7abe-3813-4e9e0ee43d28" testName="Regression_AfterUnInitialize_InstancesNotSame" computerName="DKSR-EFI-06" duration="00:00:00.0018401" startTime="2024-01-09T15:44:28.1230613+01:00" endTime="2024-01-09T15:44:28.1230613+01:00" testType="13cdc9d9-ddb5-4fa4-a97d-d965ccfc6d4b" outcome="Passed" testListId="8c84fa94-04c1-424b-9868-57a2d4851a1d" relativeResultsDirectory="8e90a808-7684-4350-98a3-82ea058fb6f1" />
    <UnitTestResult executionId="5d28ef17-6b8a-475c-b54f-0da110b532f4" testId="2bc0ce96-c350-d094-ddf7-a0dcbcc01a25" testName="StopRecording_ShouldStopRecording_WhenRecordingIsStarted" computerName="DKSR-EFI-06" duration="00:00:00.0010518" startTime="2024-01-09T15:45:56.7043741+01:00" endTime="2024-01-09T15:45:56.7043741+01:00" testType="13cdc9d9-ddb5-4fa4-a97d-d965ccfc6d4b" outcome="Passed" testListId="8c84fa94-04c1-424b-9868-57a2d4851a1d" relativeResultsDirectory="5d28ef17-6b8a-475c-b54f-0da110b532f4" />
    <UnitTestResult executionId="42040ce6-b5f4-4dbc-8eb1-627a65c4b7ba" testId="170c026e-6a95-4bb2-d08c-c04ad61f24e2" testName="CheckToMillisecString" computerName="DKSR-EFI-06" duration="00:00:00.0112626" startTime="2024-01-09T15:45:21.8419110+01:00" endTime="2024-01-09T15:45:21.8575389+01:00" testType="13cdc9d9-ddb5-4fa4-a97d-d965ccfc6d4b" outcome="Passed" testListId="8c84fa94-04c1-424b-9868-57a2d4851a1d" relativeResultsDirectory="42040ce6-b5f4-4dbc-8eb1-627a65c4b7ba" />
    <UnitTestResult executionId="d0ad6944-d6a1-4cff-9ea3-c9cc9133d01e" testId="c49e78b9-66ce-7f33-7d97-f70d020ce9e7" testName="XpcoLoginAndGetConfguration" computerName="DKSR-EFI-06" duration="00:00:04.3818142" startTime="2024-01-09T15:45:23.4512875+01:00" endTime="2024-01-09T15:45:27.8262914+01:00" testType="13cdc9d9-ddb5-4fa4-a97d-d965ccfc6d4b" outcome="Passed" testListId="8c84fa94-04c1-424b-9868-57a2d4851a1d" relativeResultsDirectory="d0ad6944-d6a1-4cff-9ea3-c9cc9133d01e">
      <Output>
        <StdOut>Debug Trace:&#xD;
TopLevelControl returns null. PostMessage may have problems&#xD;
MIP: Error: ConfigurationApiItemWrapper (): ConfigAPI GetItem(): System.NotImplementedException, The method or operation is not implemented.&#xD;
MIP: Error: Factory.IsItemTypeSupported (): Exception source:      VideoOS.Platform.SDK.UnitTests&#xD;
Exception type:        System.NotImplementedException&#xD;
Exception message:     The method or operation is not implemented.&#xD;
Exception target site: GetItem&#xD;
   at VideoOS.Platform.SDKUnittest.EnvironmentTests.TestConfigurationClientService.GetItem(String path) in D:\actions-runner\_work\XPCO\XPCO\MIP\MIPSDK\tst\VideoOS.Platform.SDK.UnitTests\EnvironmentTests\TestsWithCorporateShimsBase.cs:line 227&#xD;
   at VideoOS.Platform.Proxy.ConfigApi.ConfigurationApiItemWrapper..ctor(ServerId serverId, String path) in D:\actions-runner\_work\XPCO\XPCO\MIP\PlatformPlugin\VideoOS.Platform\src\Proxy\ConfigApi\ConfigurationApiItemWrapper.cs:line 110&#xD;
   at VideoOS.Platform.ConfigurationItems.Factory.IsItemTypeSupported(ServerId serverId, String itemType) in D:\actions-runner\_work\XPCO\XPCO\MIP\PlatformPlugin\VideoOS.Platform\src\ConfigurationItems\Factory.cs:line 464&#xD;
&#xD;
Factory.IsItemTypeSupportedFactory.IsItemTypeSupported ()The method or operation is not implemented.   at VideoOS.Platform.SDKUnittest.EnvironmentTests.TestConfigurationClientService.GetItem(String path) in D:\actions-runner\_work\XPCO\XPCO\MIP\MIPSDK\tst\VideoOS.Platform.SDK.UnitTests\EnvironmentTests\TestsWithCorporateShimsBase.cs:line 227&#xD;
   at VideoOS.Platform.Proxy.ConfigApi.ConfigurationApiItemWrapper..ctor(ServerId serverId, String path) in D:\actions-runner\_work\XPCO\XPCO\MIP\PlatformPlugin\VideoOS.Platform\src\Proxy\ConfigApi\ConfigurationApiItemWrapper.cs:line 110&#xD;
   at VideoOS.Platform.ConfigurationItems.Factory.IsItemTypeSupported(ServerId serverId, String itemType) in D:\actions-runner\_work\XPCO\XPCO\MIP\PlatformPlugin\VideoOS.Platform\src\ConfigurationItems\Factory.cs:line 464&#xD;
MIP: Error: GetConfiguration (): CustomSetting not found for the given platformDefinitionId: e145597a-ecaf-40a1-99e6-14bb9d45a09e&#xD;
MIP: Error: ConfigurationApiItemWrapper (): ConfigAPI GetItem(): System.NotImplementedException, The method or operation is not implemented.&#xD;
MIP: Error: Factory.IsItemTypeSupported (): Exception source:      VideoOS.Platform.SDK.UnitTests&#xD;
Exception type:        System.NotImplementedException&#xD;
Exception message:     The method or operation is not implemented.&#xD;
Exception target site: GetItem&#xD;
   at VideoOS.Platform.SDKUnittest.EnvironmentTests.TestConfigurationClientService.GetItem(String path) in D:\actions-runner\_work\XPCO\XPCO\MIP\MIPSDK\tst\VideoOS.Platform.SDK.UnitTests\EnvironmentTests\TestsWithCorporateShimsBase.cs:line 227&#xD;
   at VideoOS.Platform.Proxy.ConfigApi.ConfigurationApiItemWrapper..ctor(ServerId serverId, String path) in D:\actions-runner\_work\XPCO\XPCO\MIP\PlatformPlugin\VideoOS.Platform\src\Proxy\ConfigApi\ConfigurationApiItemWrapper.cs:line 110&#xD;
   at VideoOS.Platform.ConfigurationItems.Factory.IsItemTypeSupported(ServerId serverId, String itemType) in D:\actions-runner\_work\XPCO\XPCO\MIP\PlatformPlugin\VideoOS.Platform\src\ConfigurationItems\Factory.cs:line 464&#xD;
&#xD;
Factory.IsItemTypeSupportedFactory.IsItemTypeSupported ()The method or operation is not implemented.   at VideoOS.Platform.SDKUnittest.EnvironmentTests.TestConfigurationClientService.GetItem(String path) in D:\actions-runner\_work\XPCO\XPCO\MIP\MIPSDK\tst\VideoOS.Platform.SDK.UnitTests\EnvironmentTests\TestsWithCorporateShimsBase.cs:line 227&#xD;
   at VideoOS.Platform.Proxy.ConfigApi.ConfigurationApiItemWrapper..ctor(ServerId serverId, String path) in D:\actions-runner\_work\XPCO\XPCO\MIP\PlatformPlugin\VideoOS.Platform\src\Proxy\ConfigApi\ConfigurationApiItemWrapper.cs:line 110&#xD;
   at VideoOS.Platform.ConfigurationItems.Factory.IsItemTypeSupported(ServerId serverId, String itemType) in D:\actions-runner\_work\XPCO\XPCO\MIP\PlatformPlugin\VideoOS.Platform\src\ConfigurationItems\Factory.cs:line 464&#xD;
MIP: Error: LoginServerOauth (): https://1.2.3.5:55/ManagementServer/ServerCommandServiceOAuth.svc The method or operation is not implemented.&#xD;
MIP: Error: ConfigurationApiItemWrapper (): ConfigAPI GetItem(): System.NotImplementedException, The method or operation is not implemented.&#xD;
MIP: Error: Factory.IsItemTypeSupported (): Exception source:      VideoOS.Platform.SDK.UnitTests&#xD;
Exception type:        System.NotImplementedException&#xD;
Exception message:     The method or operation is not implemented.&#xD;
Exception target site: GetItem&#xD;
   at VideoOS.Platform.SDKUnittest.EnvironmentTests.TestConfigurationClientService.GetItem(String path) in D:\actions-runner\_work\XPCO\XPCO\MIP\MIPSDK\tst\VideoOS.Platform.SDK.UnitTests\EnvironmentTests\TestsWithCorporateShimsBase.cs:line 227&#xD;
   at VideoOS.Platform.Proxy.ConfigApi.ConfigurationApiItemWrapper..ctor(ServerId serverId, String path) in D:\actions-runner\_work\XPCO\XPCO\MIP\PlatformPlugin\VideoOS.Platform\src\Proxy\ConfigApi\ConfigurationApiItemWrapper.cs:line 110&#xD;
   at VideoOS.Platform.ConfigurationItems.Factory.IsItemTypeSupported(ServerId serverId, String itemType) in D:\actions-runner\_work\XPCO\XPCO\MIP\PlatformPlugin\VideoOS.Platform\src\ConfigurationItems\Factory.cs:line 464&#xD;
&#xD;
Factory.IsItemTypeSupportedFactory.IsItemTypeSupported ()The method or operation is not implemented.   at VideoOS.Platform.SDKUnittest.EnvironmentTests.TestConfigurationClientService.GetItem(String path) in D:\actions-runner\_work\XPCO\XPCO\MIP\MIPSDK\tst\VideoOS.Platform.SDK.UnitTests\EnvironmentTests\TestsWithCorporateShimsBase.cs:line 227&#xD;
   at VideoOS.Platform.Proxy.ConfigApi.ConfigurationApiItemWrapper..ctor(ServerId serverId, String path) in D:\actions-runner\_work\XPCO\XPCO\MIP\PlatformPlugin\VideoOS.Platform\src\Proxy\ConfigApi\ConfigurationApiItemWrapper.cs:line 110&#xD;
   at VideoOS.Platform.ConfigurationItems.Factory.IsItemTypeSupported(ServerId serverId, String itemType) in D:\actions-runner\_work\XPCO\XPCO\MIP\PlatformPlugin\VideoOS.Platform\src\ConfigurationItems\Factory.cs:line 464&#xD;
MIP: Error: GetConfiguration (): CustomSetting not found for the given platformDefinitionId: e145597a-ecaf-40a1-99e6-14bb9d45a09e&#xD;
MIP: Error: ConfigurationApiItemWrapper (): ConfigAPI GetItem(): System.NotImplementedException, The method or operation is not implemented.&#xD;
MIP: Error: Factory.IsItemTypeSupported (): Exception source:      VideoOS.Platform.SDK.UnitTests&#xD;
Exception type:        System.NotImplementedException&#xD;
Exception message:     The method or operation is not implemented.&#xD;
Exception target site: GetItem&#xD;
   at VideoOS.Platform.SDKUnittest.EnvironmentTests.TestConfigurationClientService.GetItem(String path) in D:\actions-runner\_work\XPCO\XPCO\MIP\MIPSDK\tst\VideoOS.Platform.SDK.UnitTests\EnvironmentTests\TestsWithCorporateShimsBase.cs:line 227&#xD;
   at VideoOS.Platform.Proxy.ConfigApi.ConfigurationApiItemWrapper..ctor(ServerId serverId, String path) in D:\actions-runner\_work\XPCO\XPCO\MIP\PlatformPlugin\VideoOS.Platform\src\Proxy\ConfigApi\ConfigurationApiItemWrapper.cs:line 110&#xD;
   at VideoOS.Platform.ConfigurationItems.Factory.IsItemTypeSupported(ServerId serverId, String itemType) in D:\actions-runner\_work\XPCO\XPCO\MIP\PlatformPlugin\VideoOS.Platform\src\ConfigurationItems\Factory.cs:line 464&#xD;
&#xD;
Factory.IsItemTypeSupportedFactory.IsItemTypeSupported ()The method or operation is not implemented.   at VideoOS.Platform.SDKUnittest.EnvironmentTests.TestConfigurationClientService.GetItem(String path) in D:\actions-runner\_work\XPCO\XPCO\MIP\MIPSDK\tst\VideoOS.Platform.SDK.UnitTests\EnvironmentTests\TestsWithCorporateShimsBase.cs:line 227&#xD;
   at VideoOS.Platform.Proxy.ConfigApi.ConfigurationApiItemWrapper..ctor(ServerId serverId, String path) in D:\actions-runner\_work\XPCO\XPCO\MIP\PlatformPlugin\VideoOS.Platform\src\Proxy\ConfigApi\ConfigurationApiItemWrapper.cs:line 110&#xD;
   at VideoOS.Platform.ConfigurationItems.Factory.IsItemTypeSupported(ServerId serverId, String itemType) in D:\actions-runner\_work\XPCO\XPCO\MIP\PlatformPlugin\VideoOS.Platform\src\ConfigurationItems\Factory.cs:line 464&#xD;
MIP: Error: LoginServerOauth (): https://1.2.3.5:55/ManagementServer/ServerCommandServiceOAuth.svc The method or operation is not implemented.&#xD;
MIP: Error: ConfigurationApiItemWrapper (): ConfigAPI GetItem(): System.NotImplementedException, The method or operation is not implemented.&#xD;
MIP: Error: Factory.IsItemTypeSupported (): Exception source:      VideoOS.Platform.SDK.UnitTests&#xD;
Exception type:        System.NotImplementedException&#xD;
Exception message:     The method or operation is not implemented.&#xD;
Exception target site: GetItem&#xD;
   at VideoOS.Platform.SDKUnittest.EnvironmentTests.TestConfigurationClientService.GetItem(String path) in D:\actions-runner\_work\XPCO\XPCO\MIP\MIPSDK\tst\VideoOS.Platform.SDK.UnitTests\EnvironmentTests\TestsWithCorporateShimsBase.cs:line 227&#xD;
   at VideoOS.Platform.Proxy.ConfigApi.ConfigurationApiItemWrapper..ctor(ServerId serverId, String path) in D:\actions-runner\_work\XPCO\XPCO\MIP\PlatformPlugin\VideoOS.Platform\src\Proxy\ConfigApi\ConfigurationApiItemWrapper.cs:line 110&#xD;
   at VideoOS.Platform.ConfigurationItems.Factory.IsItemTypeSupported(ServerId serverId, String itemType) in D:\actions-runner\_work\XPCO\XPCO\MIP\PlatformPlugin\VideoOS.Platform\src\ConfigurationItems\Factory.cs:line 464&#xD;
&#xD;
Factory.IsItemTypeSupportedFactory.IsItemTypeSupported ()The method or operation is not implemented.   at VideoOS.Platform.SDKUnittest.EnvironmentTests.TestConfigurationClientService.GetItem(String path) in D:\actions-runner\_work\XPCO\XPCO\MIP\MIPSDK\tst\VideoOS.Platform.SDK.UnitTests\EnvironmentTests\TestsWithCorporateShimsBase.cs:line 227&#xD;
   at VideoOS.Platform.Proxy.ConfigApi.ConfigurationApiItemWrapper..ctor(ServerId serverId, String path) in D:\actions-runner\_work\XPCO\XPCO\MIP\PlatformPlugin\VideoOS.Platform\src\Proxy\ConfigApi\ConfigurationApiItemWrapper.cs:line 110&#xD;
   at VideoOS.Platform.ConfigurationItems.Factory.IsItemTypeSupported(ServerId serverId, String itemType) in D:\actions-runner\_work\XPCO\XPCO\MIP\PlatformPlugin\VideoOS.Platform\src\ConfigurationItems\Factory.cs:line 464&#xD;
MIP: Error: ConfigurationApiItemWrapper (): ConfigAPI GetItem(): System.NotImplementedException, The method or operation is not implemented.&#xD;
MIP: Error: Factory.IsItemTypeSupported (): Exception source:      VideoOS.Platform.SDK.UnitTests&#xD;
Exception type:        System.NotImplementedException&#xD;
Exception message:     The method or operation is not implemented.&#xD;
Exception target site: GetItem&#xD;
   at VideoOS.Platform.SDKUnittest.EnvironmentTests.TestConfigurationClientService.GetItem(String path) in D:\actions-runner\_work\XPCO\XPCO\MIP\MIPSDK\tst\VideoOS.Platform.SDK.UnitTests\EnvironmentTests\TestsWithCorporateShimsBase.cs:line 227&#xD;
   at VideoOS.Platform.Proxy.ConfigApi.ConfigurationApiItemWrapper..ctor(ServerId serverId, String path) in D:\actions-runner\_work\XPCO\XPCO\MIP\PlatformPlugin\VideoOS.Platform\src\Proxy\ConfigApi\ConfigurationApiItemWrapper.cs:line 110&#xD;
   at VideoOS.Platform.ConfigurationItems.Factory.IsItemTypeSupported(ServerId serverId, String itemType) in D:\actions-runner\_work\XPCO\XPCO\MIP\PlatformPlugin\VideoOS.Platform\src\ConfigurationItems\Factory.cs:line 464&#xD;
&#xD;
Factory.IsItemTypeSupportedFactory.IsItemTypeSupported ()The method or operation is not implemented.   at VideoOS.Platform.SDKUnittest.EnvironmentTests.TestConfigurationClientService.GetItem(String path) in D:\actions-runner\_work\XPCO\XPCO\MIP\MIPSDK\tst\VideoOS.Platform.SDK.UnitTests\EnvironmentTests\TestsWithCorporateShimsBase.cs:line 227&#xD;
   at VideoOS.Platform.Proxy.ConfigApi.ConfigurationApiItemWrapper..ctor(ServerId serverId, String path) in D:\actions-runner\_work\XPCO\XPCO\MIP\PlatformPlugin\VideoOS.Platform\src\Proxy\ConfigApi\ConfigurationApiItemWrapper.cs:line 110&#xD;
   at VideoOS.Platform.ConfigurationItems.Factory.IsItemTypeSupported(ServerId serverId, String itemType) in D:\actions-runner\_work\XPCO\XPCO\MIP\PlatformPlugin\VideoOS.Platform\src\ConfigurationItems\Factory.cs:line 464&#xD;
MIP: Error: LoginServerOauth (): https://1.2.3.5:55/ManagementServer/ServerCommandServiceOAuth.svc The method or operation is not implemented.&#xD;
MIP: Error: ConfigurationApiItemWrapper (): ConfigAPI GetItem(): System.NotImplementedException, The method or operation is not implemented.&#xD;
MIP: Error: Factory.IsItemTypeSupported (): Exception source:      VideoOS.Platform.SDK.UnitTests&#xD;
Exception type:        System.NotImplementedException&#xD;
Exception message:     The method or operation is not implemented.&#xD;
Exception target site: GetItem&#xD;
   at VideoOS.Platform.SDKUnittest.EnvironmentTests.TestConfigurationClientService.GetItem(String path) in D:\actions-runner\_work\XPCO\XPCO\MIP\MIPSDK\tst\VideoOS.Platform.SDK.UnitTests\EnvironmentTests\TestsWithCorporateShimsBase.cs:line 227&#xD;
   at VideoOS.Platform.Proxy.ConfigApi.ConfigurationApiItemWrapper..ctor(ServerId serverId, String path) in D:\actions-runner\_work\XPCO\XPCO\MIP\PlatformPlugin\VideoOS.Platform\src\Proxy\ConfigApi\ConfigurationApiItemWrapper.cs:line 110&#xD;
   at VideoOS.Platform.ConfigurationItems.Factory.IsItemTypeSupported(ServerId serverId, String itemType) in D:\actions-runner\_work\XPCO\XPCO\MIP\PlatformPlugin\VideoOS.Platform\src\ConfigurationItems\Factory.cs:line 464&#xD;
&#xD;
Factory.IsItemTypeSupportedFactory.IsItemTypeSupported ()The method or operation is not implemented.   at VideoOS.Platform.SDKUnittest.EnvironmentTests.TestConfigurationClientService.GetItem(String path) in D:\actions-runner\_work\XPCO\XPCO\MIP\MIPSDK\tst\VideoOS.Platform.SDK.UnitTests\EnvironmentTests\TestsWithCorporateShimsBase.cs:line 227&#xD;
   at VideoOS.Platform.Proxy.ConfigApi.ConfigurationApiItemWrapper..ctor(ServerId serverId, String path) in D:\actions-runner\_work\XPCO\XPCO\MIP\PlatformPlugin\VideoOS.Platform\src\Proxy\ConfigApi\ConfigurationApiItemWrapper.cs:line 110&#xD;
   at VideoOS.Platform.ConfigurationItems.Factory.IsItemTypeSupported(ServerId serverId, String itemType) in D:\actions-runner\_work\XPCO\XPCO\MIP\PlatformPlugin\VideoOS.Platform\src\ConfigurationItems\Factory.cs:line 464&#xD;
MIP: Error: GetConfiguration (): CustomSetting not found for the given platformDefinitionId: e145597a-ecaf-40a1-99e6-14bb9d45a09e&#xD;
MIP: Error: ConfigurationApiItemWrapper (): ConfigAPI GetItem(): System.NotImplementedException, The method or operation is not implemented.&#xD;
MIP: Error: Factory.IsItemTypeSupported (): Exception source:      VideoOS.Platform.SDK.UnitTests&#xD;
Exception type:        System.NotImplementedException&#xD;
Exception message:     The method or operation is not implemented.&#xD;
Exception target site: GetItem&#xD;
   at VideoOS.Platform.SDKUnittest.EnvironmentTests.TestConfigurationClientService.GetItem(String path) in D:\actions-runner\_work\XPCO\XPCO\MIP\MIPSDK\tst\VideoOS.Platform.SDK.UnitTests\EnvironmentTests\TestsWithCorporateShimsBase.cs:line 227&#xD;
   at VideoOS.Platform.Proxy.ConfigApi.ConfigurationApiItemWrapper..ctor(ServerId serverId, String path) in D:\actions-runner\_work\XPCO\XPCO\MIP\PlatformPlugin\VideoOS.Platform\src\Proxy\ConfigApi\ConfigurationApiItemWrapper.cs:line 110&#xD;
   at VideoOS.Platform.ConfigurationItems.Factory.IsItemTypeSupported(ServerId serverId, String itemType) in D:\actions-runner\_work\XPCO\XPCO\MIP\PlatformPlugin\VideoOS.Platform\src\ConfigurationItems\Factory.cs:line 464&#xD;
&#xD;
Factory.IsItemTypeSupportedFactory.IsItemTypeSupported ()The method or operation is not implemented.   at VideoOS.Platform.SDKUnittest.EnvironmentTests.TestConfigurationClientService.GetItem(String path) in D:\actions-runner\_work\XPCO\XPCO\MIP\MIPSDK\tst\VideoOS.Platform.SDK.UnitTests\EnvironmentTests\TestsWithCorporateShimsBase.cs:line 227&#xD;
   at VideoOS.Platform.Proxy.ConfigApi.ConfigurationApiItemWrapper..ctor(ServerId serverId, String path) in D:\actions-runner\_work\XPCO\XPCO\MIP\PlatformPlugin\VideoOS.Platform\src\Proxy\ConfigApi\ConfigurationApiItemWrapper.cs:line 110&#xD;
   at VideoOS.Platform.ConfigurationItems.Factory.IsItemTypeSupported(ServerId serverId, String itemType) in D:\actions-runner\_work\XPCO\XPCO\MIP\PlatformPlugin\VideoOS.Platform\src\ConfigurationItems\Factory.cs:line 464&#xD;
MIP: Error: LoginServerOauth (): https://1.2.3.5:55/ManagementServer/ServerCommandServiceOAuth.svc The method or operation is not implemented.&#xD;
MIP: Error: ConfigurationApiItemWrapper (): ConfigAPI GetItem(): System.NotImplementedException, The method or operation is not implemented.&#xD;
MIP: Error: Factory.IsItemTypeSupported (): Exception source:      VideoOS.Platform.SDK.UnitTests&#xD;
Exception type:        System.NotImplementedException&#xD;
Exception message:     The method or operation is not implemented.&#xD;
Exception target site: GetItem&#xD;
   at VideoOS.Platform.SDKUnittest.EnvironmentTests.TestConfigurationClientService.GetItem(String path) in D:\actions-runner\_work\XPCO\XPCO\MIP\MIPSDK\tst\VideoOS.Platform.SDK.UnitTests\EnvironmentTests\TestsWithCorporateShimsBase.cs:line 227&#xD;
   at VideoOS.Platform.Proxy.ConfigApi.ConfigurationApiItemWrapper..ctor(ServerId serverId, String path) in D:\actions-runner\_work\XPCO\XPCO\MIP\PlatformPlugin\VideoOS.Platform\src\Proxy\ConfigApi\ConfigurationApiItemWrapper.cs:line 110&#xD;
   at VideoOS.Platform.ConfigurationItems.Factory.IsItemTypeSupported(ServerId serverId, String itemType) in D:\actions-runner\_work\XPCO\XPCO\MIP\PlatformPlugin\VideoOS.Platform\src\ConfigurationItems\Factory.cs:line 464&#xD;
&#xD;
Factory.IsItemTypeSupportedFactory.IsItemTypeSupported ()The method or operation is not implemented.   at VideoOS.Platform.SDKUnittest.EnvironmentTests.TestConfigurationClientService.GetItem(String path) in D:\actions-runner\_work\XPCO\XPCO\MIP\MIPSDK\tst\VideoOS.Platform.SDK.UnitTests\EnvironmentTests\TestsWithCorporateShimsBase.cs:line 227&#xD;
   at VideoOS.Platform.Proxy.ConfigApi.ConfigurationApiItemWrapper..ctor(ServerId serverId, String path) in D:\actions-runner\_work\XPCO\XPCO\MIP\PlatformPlugin\VideoOS.Platform\src\Proxy\ConfigApi\ConfigurationApiItemWrapper.cs:line 110&#xD;
   at VideoOS.Platform.ConfigurationItems.Factory.IsItemTypeSupported(ServerId serverId, String itemType) in D:\actions-runner\_work\XPCO\XPCO\MIP\PlatformPlugin\VideoOS.Platform\src\ConfigurationItems\Factory.cs:line 464&#xD;
MIP: Error: ConfigurationApiItemWrapper (): ConfigAPI GetItem(): System.NotImplementedException, The method or operation is not implemented.&#xD;
MIP: Error: Factory.IsItemTypeSupported (): Exception source:      VideoOS.Platform.SDK.UnitTests&#xD;
Exception type:        System.NotImplementedException&#xD;
Exception message:     The method or operation is not implemented.&#xD;
Exception target site: GetItem&#xD;
   at VideoOS.Platform.SDKUnittest.EnvironmentTests.TestConfigurationClientService.GetItem(String path) in D:\actions-runner\_work\XPCO\XPCO\MIP\MIPSDK\tst\VideoOS.Platform.SDK.UnitTests\EnvironmentTests\TestsWithCorporateShimsBase.cs:line 227&#xD;
   at VideoOS.Platform.Proxy.ConfigApi.ConfigurationApiItemWrapper..ctor(ServerId serverId, String path) in D:\actions-runner\_work\XPCO\XPCO\MIP\PlatformPlugin\VideoOS.Platform\src\Proxy\ConfigApi\ConfigurationApiItemWrapper.cs:line 110&#xD;
   at VideoOS.Platform.ConfigurationItems.Factory.IsItemTypeSupported(ServerId serverId, String itemType) in D:\actions-runner\_work\XPCO\XPCO\MIP\PlatformPlugin\VideoOS.Platform\src\ConfigurationItems\Factory.cs:line 464&#xD;
&#xD;
Factory.IsItemTypeSupportedFactory.IsItemTypeSupported ()The method or operation is not implemented.   at VideoOS.Platform.SDKUnittest.EnvironmentTests.TestConfigurationClientService.GetItem(String path) in D:\actions-runner\_work\XPCO\XPCO\MIP\MIPSDK\tst\VideoOS.Platform.SDK.UnitTests\EnvironmentTests\TestsWithCorporateShimsBase.cs:line 227&#xD;
   at VideoOS.Platform.Proxy.ConfigApi.ConfigurationApiItemWrapper..ctor(ServerId serverId, String path) in D:\actions-runner\_work\XPCO\XPCO\MIP\PlatformPlugin\VideoOS.Platform\src\Proxy\ConfigApi\ConfigurationApiItemWrapper.cs:line 110&#xD;
   at VideoOS.Platform.ConfigurationItems.Factory.IsItemTypeSupported(ServerId serverId, String itemType) in D:\actions-runner\_work\XPCO\XPCO\MIP\PlatformPlugin\VideoOS.Platform\src\ConfigurationItems\Factory.cs:line 464&#xD;
MIP: Error: LoginServerOauth (): https://1.2.3.5:55/ManagementServer/ServerCommandServiceOAuth.svc The method or operation is not implemented.&#xD;
MIP: Error: ConfigurationApiItemWrapper (): ConfigAPI GetItem(): System.NotImplementedException, The method or operation is not implemented.&#xD;
MIP: Error: Factory.IsItemTypeSupported (): Exception source:      VideoOS.Platform.SDK.UnitTests&#xD;
Exception type:        System.NotImplementedException&#xD;
Exception message:     The method or operation is not implemented.&#xD;
Exception target site: GetItem&#xD;
   at VideoOS.Platform.SDKUnittest.EnvironmentTests.TestConfigurationClientService.GetItem(String path) in D:\actions-runner\_work\XPCO\XPCO\MIP\MIPSDK\tst\VideoOS.Platform.SDK.UnitTests\EnvironmentTests\TestsWithCorporateShimsBase.cs:line 227&#xD;
   at VideoOS.Platform.Proxy.ConfigApi.ConfigurationApiItemWrapper..ctor(ServerId serverId, String path) in D:\actions-runner\_work\XPCO\XPCO\MIP\PlatformPlugin\VideoOS.Platform\src\Proxy\ConfigApi\ConfigurationApiItemWrapper.cs:line 110&#xD;
   at VideoOS.Platform.ConfigurationItems.Factory.IsItemTypeSupported(ServerId serverId, String itemType) in D:\actions-runner\_work\XPCO\XPCO\MIP\PlatformPlugin\VideoOS.Platform\src\ConfigurationItems\Factory.cs:line 464&#xD;
&#xD;
Factory.IsItemTypeSupportedFactory.IsItemTypeSupported ()The method or operation is not implemented.   at VideoOS.Platform.SDKUnittest.EnvironmentTests.TestConfigurationClientService.GetItem(String path) in D:\actions-runner\_work\XPCO\XPCO\MIP\MIPSDK\tst\VideoOS.Platform.SDK.UnitTests\EnvironmentTests\TestsWithCorporateShimsBase.cs:line 227&#xD;
   at VideoOS.Platform.Proxy.ConfigApi.ConfigurationApiItemWrapper..ctor(ServerId serverId, String path) in D:\actions-runner\_work\XPCO\XPCO\MIP\PlatformPlugin\VideoOS.Platform\src\Proxy\ConfigApi\ConfigurationApiItemWrapper.cs:line 110&#xD;
   at VideoOS.Platform.ConfigurationItems.Factory.IsItemTypeSupported(ServerId serverId, String itemType) in D:\actions-runner\_work\XPCO\XPCO\MIP\PlatformPlugin\VideoOS.Platform\src\ConfigurationItems\Factory.cs:line 464&#xD;
MIP: Error: GetConfiguration (): CustomSetting not found for the given platformDefinitionId: e145597a-ecaf-40a1-99e6-14bb9d45a09e&#xD;
MIP: Error: ConfigurationApiItemWrapper (): ConfigAPI GetItem(): System.NotImplementedException, The method or operation is not implemented.&#xD;
MIP: Error: Factory.IsItemTypeSupported (): Exception source:      VideoOS.Platform.SDK.UnitTests&#xD;
Exception type:        System.NotImplementedException&#xD;
Exception message:     The method or operation is not implemented.&#xD;
Exception target site: GetItem&#xD;
   at VideoOS.Platform.SDKUnittest.EnvironmentTests.TestConfigurationClientService.GetItem(String path) in D:\actions-runner\_work\XPCO\XPCO\MIP\MIPSDK\tst\VideoOS.Platform.SDK.UnitTests\EnvironmentTests\TestsWithCorporateShimsBase.cs:line 227&#xD;
   at VideoOS.Platform.Proxy.ConfigApi.ConfigurationApiItemWrapper..ctor(ServerId serverId, String path) in D:\actions-runner\_work\XPCO\XPCO\MIP\PlatformPlugin\VideoOS.Platform\src\Proxy\ConfigApi\ConfigurationApiItemWrapper.cs:line 110&#xD;
   at VideoOS.Platform.ConfigurationItems.Factory.IsItemTypeSupported(ServerId serverId, String itemType) in D:\actions-runner\_work\XPCO\XPCO\MIP\PlatformPlugin\VideoOS.Platform\src\ConfigurationItems\Factory.cs:line 464&#xD;
&#xD;
Factory.IsItemTypeSupportedFactory.IsItemTypeSupported ()The method or operation is not implemented.   at VideoOS.Platform.SDKUnittest.EnvironmentTests.TestConfigurationClientService.GetItem(String path) in D:\actions-runner\_work\XPCO\XPCO\MIP\MIPSDK\tst\VideoOS.Platform.SDK.UnitTests\EnvironmentTests\TestsWithCorporateShimsBase.cs:line 227&#xD;
   at VideoOS.Platform.Proxy.ConfigApi.ConfigurationApiItemWrapper..ctor(ServerId serverId, String path) in D:\actions-runner\_work\XPCO\XPCO\MIP\PlatformPlugin\VideoOS.Platform\src\Proxy\ConfigApi\ConfigurationApiItemWrapper.cs:line 110&#xD;
   at VideoOS.Platform.ConfigurationItems.Factory.IsItemTypeSupported(ServerId serverId, String itemType) in D:\actions-runner\_work\XPCO\XPCO\MIP\PlatformPlugin\VideoOS.Platform\src\ConfigurationItems\Factory.cs:line 464&#xD;
MIP: Error: LoginServerOauth (): https://1.2.3.5:55/ManagementServer/ServerCommandServiceOAuth.svc The method or operation is not implemented.&#xD;
MIP: Error: ConfigurationApiItemWrapper (): ConfigAPI GetItem(): System.NotImplementedException, The method or operation is not implemented.&#xD;
MIP: Error: Factory.IsItemTypeSupported (): Exception source:      VideoOS.Platform.SDK.UnitTests&#xD;
Exception type:        System.NotImplementedException&#xD;
Exception message:     The method or operation is not implemented.&#xD;
Exception target site: GetItem&#xD;
   at VideoOS.Platform.SDKUnittest.EnvironmentTests.TestConfigurationClientService.GetItem(String path) in D:\actions-runner\_work\XPCO\XPCO\MIP\MIPSDK\tst\VideoOS.Platform.SDK.UnitTests\EnvironmentTests\TestsWithCorporateShimsBase.cs:line 227&#xD;
   at VideoOS.Platform.Proxy.ConfigApi.ConfigurationApiItemWrapper..ctor(ServerId serverId, String path) in D:\actions-runner\_work\XPCO\XPCO\MIP\PlatformPlugin\VideoOS.Platform\src\Proxy\ConfigApi\ConfigurationApiItemWrapper.cs:line 110&#xD;
   at VideoOS.Platform.ConfigurationItems.Factory.IsItemTypeSupported(ServerId serverId, String itemType) in D:\actions-runner\_work\XPCO\XPCO\MIP\PlatformPlugin\VideoOS.Platform\src\ConfigurationItems\Factory.cs:line 464&#xD;
&#xD;
Factory.IsItemTypeSupportedFactory.IsItemTypeSupported ()The method or operation is not implemented.   at VideoOS.Platform.SDKUnittest.EnvironmentTests.TestConfigurationClientService.GetItem(String path) in D:\actions-runner\_work\XPCO\XPCO\MIP\MIPSDK\tst\VideoOS.Platform.SDK.UnitTests\EnvironmentTests\TestsWithCorporateShimsBase.cs:line 227&#xD;
   at VideoOS.Platform.Proxy.ConfigApi.ConfigurationApiItemWrapper..ctor(ServerId serverId, String path) in D:\actions-runner\_work\XPCO\XPCO\MIP\PlatformPlugin\VideoOS.Platform\src\Proxy\ConfigApi\ConfigurationApiItemWrapper.cs:line 110&#xD;
   at VideoOS.Platform.ConfigurationItems.Factory.IsItemTypeSupported(ServerId serverId, String itemType) in D:\actions-runner\_work\XPCO\XPCO\MIP\PlatformPlugin\VideoOS.Platform\src\ConfigurationItems\Factory.cs:line 464&#xD;
MIP: Error: ConfigurationApiItemWrapper (): ConfigAPI GetItem(): System.NotImplementedException, The method or operation is not implemented.&#xD;
MIP: Error: Factory.IsItemTypeSupported (): Exception source:      VideoOS.Platform.SDK.UnitTests&#xD;
Exception type:        System.NotImplementedException&#xD;
Exception message:     The method or operation is not implemented.&#xD;
Exception target site: GetItem&#xD;
   at VideoOS.Platform.SDKUnittest.EnvironmentTests.TestConfigurationClientService.GetItem(String path) in D:\actions-runner\_work\XPCO\XPCO\MIP\MIPSDK\tst\VideoOS.Platform.SDK.UnitTests\EnvironmentTests\TestsWithCorporateShimsBase.cs:line 227&#xD;
   at VideoOS.Platform.Proxy.ConfigApi.ConfigurationApiItemWrapper..ctor(ServerId serverId, String path) in D:\actions-runner\_work\XPCO\XPCO\MIP\PlatformPlugin\VideoOS.Platform\src\Proxy\ConfigApi\ConfigurationApiItemWrapper.cs:line 110&#xD;
   at VideoOS.Platform.ConfigurationItems.Factory.IsItemTypeSupported(ServerId serverId, String itemType) in D:\actions-runner\_work\XPCO\XPCO\MIP\PlatformPlugin\VideoOS.Platform\src\ConfigurationItems\Factory.cs:line 464&#xD;
&#xD;
Factory.IsItemTypeSupportedFactory.IsItemTypeSupported ()The method or operation is not implemented.   at VideoOS.Platform.SDKUnittest.EnvironmentTests.TestConfigurationClientService.GetItem(String path) in D:\actions-runner\_work\XPCO\XPCO\MIP\MIPSDK\tst\VideoOS.Platform.SDK.UnitTests\EnvironmentTests\TestsWithCorporateShimsBase.cs:line 227&#xD;
   at VideoOS.Platform.Proxy.ConfigApi.ConfigurationApiItemWrapper..ctor(ServerId serverId, String path) in D:\actions-runner\_work\XPCO\XPCO\MIP\PlatformPlugin\VideoOS.Platform\src\Proxy\ConfigApi\ConfigurationApiItemWrapper.cs:line 110&#xD;
   at VideoOS.Platform.ConfigurationItems.Factory.IsItemTypeSupported(ServerId serverId, String itemType) in D:\actions-runner\_work\XPCO\XPCO\MIP\PlatformPlugin\VideoOS.Platform\src\ConfigurationItems\Factory.cs:line 464&#xD;
MIP: Error: LoginServerOauth (): https://1.2.3.5:55/ManagementServer/ServerCommandServiceOAuth.svc The method or operation is not implemented.&#xD;
MIP: Error: ConfigurationApiItemWrapper (): ConfigAPI GetItem(): System.NotImplementedException, The method or operation is not implemented.&#xD;
MIP: Error: Factory.IsItemTypeSupported (): Exception source:      VideoOS.Platform.SDK.UnitTests&#xD;
Exception type:        System.NotImplementedException&#xD;
Exception message:     The method or operation is not implemented.&#xD;
Exception target site: GetItem&#xD;
   at VideoOS.Platform.SDKUnittest.EnvironmentTests.TestConfigurationClientService.GetItem(String path) in D:\actions-runner\_work\XPCO\XPCO\MIP\MIPSDK\tst\VideoOS.Platform.SDK.UnitTests\EnvironmentTests\TestsWithCorporateShimsBase.cs:line 227&#xD;
   at VideoOS.Platform.Proxy.ConfigApi.ConfigurationApiItemWrapper..ctor(ServerId serverId, String path) in D:\actions-runner\_work\XPCO\XPCO\MIP\PlatformPlugin\VideoOS.Platform\src\Proxy\ConfigApi\ConfigurationApiItemWrapper.cs:line 110&#xD;
   at VideoOS.Platform.ConfigurationItems.Factory.IsItemTypeSupported(ServerId serverId, String itemType) in D:\actions-runner\_work\XPCO\XPCO\MIP\PlatformPlugin\VideoOS.Platform\src\ConfigurationItems\Factory.cs:line 464&#xD;
&#xD;
Factory.IsItemTypeSupportedFactory.IsItemTypeSupported ()The method or operation is not implemented.   at VideoOS.Platform.SDKUnittest.EnvironmentTests.TestConfigurationClientService.GetItem(String path) in D:\actions-runner\_work\XPCO\XPCO\MIP\MIPSDK\tst\VideoOS.Platform.SDK.UnitTests\EnvironmentTests\TestsWithCorporateShimsBase.cs:line 227&#xD;
   at VideoOS.Platform.Proxy.ConfigApi.ConfigurationApiItemWrapper..ctor(ServerId serverId, String path) in D:\actions-runner\_work\XPCO\XPCO\MIP\PlatformPlugin\VideoOS.Platform\src\Proxy\ConfigApi\ConfigurationApiItemWrapper.cs:line 110&#xD;
   at VideoOS.Platform.ConfigurationItems.Factory.IsItemTypeSupported(ServerId serverId, String itemType) in D:\actions-runner\_work\XPCO\XPCO\MIP\PlatformPlugin\VideoOS.Platform\src\ConfigurationItems\Factory.cs:line 464&#xD;
MIP: Error: GetConfiguration (): CustomSetting not found for the given platformDefinitionId: e145597a-ecaf-40a1-99e6-14bb9d45a09e&#xD;
MIP: Error: ConfigurationApiItemWrapper (): ConfigAPI GetItem(): System.NotImplementedException, The method or operation is not implemented.&#xD;
MIP: Error: Factory.IsItemTypeSupported (): Exception source:      VideoOS.Platform.SDK.UnitTests&#xD;
Exception type:        System.NotImplementedException&#xD;
Exception message:     The method or operation is not implemented.&#xD;
Exception target site: GetItem&#xD;
   at VideoOS.Platform.SDKUnittest.EnvironmentTests.TestConfigurationClientService.GetItem(String path) in D:\actions-runner\_work\XPCO\XPCO\MIP\MIPSDK\tst\VideoOS.Platform.SDK.UnitTests\EnvironmentTests\TestsWithCorporateShimsBase.cs:line 227&#xD;
   at VideoOS.Platform.Proxy.ConfigApi.ConfigurationApiItemWrapper..ctor(ServerId serverId, String path) in D:\actions-runner\_work\XPCO\XPCO\MIP\PlatformPlugin\VideoOS.Platform\src\Proxy\ConfigApi\ConfigurationApiItemWrapper.cs:line 110&#xD;
   at VideoOS.Platform.ConfigurationItems.Factory.IsItemTypeSupported(ServerId serverId, String itemType) in D:\actions-runner\_work\XPCO\XPCO\MIP\PlatformPlugin\VideoOS.Platform\src\ConfigurationItems\Factory.cs:line 464&#xD;
&#xD;
Factory.IsItemTypeSupportedFactory.IsItemTypeSupported ()The method or operation is not implemented.   at VideoOS.Platform.SDKUnittest.EnvironmentTests.TestConfigurationClientService.GetItem(String path) in D:\actions-runner\_work\XPCO\XPCO\MIP\MIPSDK\tst\VideoOS.Platform.SDK.UnitTests\EnvironmentTests\TestsWithCorporateShimsBase.cs:line 227&#xD;
   at VideoOS.Platform.Proxy.ConfigApi.ConfigurationApiItemWrapper..ctor(ServerId serverId, String path) in D:\actions-runner\_work\XPCO\XPCO\MIP\PlatformPlugin\VideoOS.Platform\src\Proxy\ConfigApi\ConfigurationApiItemWrapper.cs:line 110&#xD;
   at VideoOS.Platform.ConfigurationItems.Factory.IsItemTypeSupported(ServerId serverId, String itemType) in D:\actions-runner\_work\XPCO\XPCO\MIP\PlatformPlugin\VideoOS.Platform\src\ConfigurationItems\Factory.cs:line 464&#xD;
MIP: Error: LoginServerOauth (): https://1.2.3.5:55/ManagementServer/ServerCommandServiceOAuth.svc The method or operation is not implemented.</StdOut>
      </Output>
    </UnitTestResult>
    <UnitTestResult executionId="a223b45b-d987-452c-b970-49d53ec5a9ff" testId="b4e531fb-82d4-9ed8-d68f-599b17f00f1b" testName="Remove_WhenNotBasicUser_RemovesWithNegotiateAuth" computerName="DKSR-EFI-06" duration="00:00:00.0014283" startTime="2024-01-09T15:45:21.7169122+01:00" endTime="2024-01-09T15:45:21.7169122+01:00" testType="13cdc9d9-ddb5-4fa4-a97d-d965ccfc6d4b" outcome="Passed" testListId="8c84fa94-04c1-424b-9868-57a2d4851a1d" relativeResultsDirectory="a223b45b-d987-452c-b970-49d53ec5a9ff" />
    <UnitTestResult executionId="f15ff24e-0183-4ab8-85d7-cf28f72d39d7" testId="6326290f-8e50-bc28-9f9e-5ff9f9bd3c53" testName="Given_Connected_When_ResumeSessionSuccesful_Then_ASuccessAndSessionIdIsReturned" computerName="DKSR-EFI-06" duration="00:00:00.0063555" startTime="2024-01-09T15:45:22.6387878+01:00" endTime="2024-01-09T15:45:22.6387878+01:00" testType="13cdc9d9-ddb5-4fa4-a97d-d965ccfc6d4b" outcome="Passed" testListId="8c84fa94-04c1-424b-9868-57a2d4851a1d" relativeResultsDirectory="f15ff24e-0183-4ab8-85d7-cf28f72d39d7" />
    <UnitTestResult executionId="d9606919-b50d-4dff-a236-a2b040ecbc40" testId="0793f3e7-1a84-232a-72f7-77f9de3f59e4" testName="StripXmlHeader_WhenNull_ReturnsNull" computerName="DKSR-EFI-06" duration="00:00:00.0001051" startTime="2024-01-09T15:45:18.7481553+01:00" endTime="2024-01-09T15:45:18.7481553+01:00" testType="13cdc9d9-ddb5-4fa4-a97d-d965ccfc6d4b" outcome="Passed" testListId="8c84fa94-04c1-424b-9868-57a2d4851a1d" relativeResultsDirectory="d9606919-b50d-4dff-a236-a2b040ecbc40" />
    <UnitTestResult executionId="fed50ee3-3f8f-41cc-be65-286686ee2013" testId="efb5b669-69b9-a95a-d1ac-b0ef16a5052e" testName="LiveStart_AlreadyPlayingLive_AvoidsToolkitReentry" computerName="DKSR-EFI-06" duration="00:00:00.0025941" startTime="2024-01-09T15:45:56.8450445+01:00" endTime="2024-01-09T15:45:56.8606460+01:00" testType="13cdc9d9-ddb5-4fa4-a97d-d965ccfc6d4b" outcome="Passed" testListId="8c84fa94-04c1-424b-9868-57a2d4851a1d" relativeResultsDirectory="fed50ee3-3f8f-41cc-be65-286686ee2013" />
    <UnitTestResult executionId="2203ac7f-5bd3-4e7b-aa4c-4a215b60289f" testId="3298a0bb-4507-4949-b804-b0b1ba735235" testName="XpcoLoginAndGetConfgurationBasic" computerName="DKSR-EFI-06" duration="00:00:01.5967484" startTime="2024-01-09T15:45:45.5926360+01:00" endTime="2024-01-09T15:45:47.2024661+01:00" testType="13cdc9d9-ddb5-4fa4-a97d-d965ccfc6d4b" outcome="Passed" testListId="8c84fa94-04c1-424b-9868-57a2d4851a1d" relativeResultsDirectory="2203ac7f-5bd3-4e7b-aa4c-4a215b60289f">
      <Output>
        <StdOut>Debug Trace:&#xD;
TopLevelControl returns null. PostMessage may have problems&#xD;
MIP: Error: ConfigurationApiItemWrapper (): ConfigAPI GetItem(): System.NotImplementedException, The method or operation is not implemented.&#xD;
MIP: Error: Factory.IsItemTypeSupported (): Exception source:      VideoOS.Platform.SDK.UnitTests&#xD;
Exception type:        System.NotImplementedException&#xD;
Exception message:     The method or operation is not implemented.&#xD;
Exception target site: GetItem&#xD;
   at VideoOS.Platform.SDKUnittest.EnvironmentTests.TestConfigurationClientService.GetItem(String path) in D:\actions-runner\_work\XPCO\XPCO\MIP\MIPSDK\tst\VideoOS.Platform.SDK.UnitTests\EnvironmentTests\TestsWithCorporateShimsBase.cs:line 227&#xD;
   at VideoOS.Platform.Proxy.ConfigApi.ConfigurationApiItemWrapper..ctor(ServerId serverId, String path) in D:\actions-runner\_work\XPCO\XPCO\MIP\PlatformPlugin\VideoOS.Platform\src\Proxy\ConfigApi\ConfigurationApiItemWrapper.cs:line 110&#xD;
   at VideoOS.Platform.ConfigurationItems.Factory.IsItemTypeSupported(ServerId serverId, String itemType) in D:\actions-runner\_work\XPCO\XPCO\MIP\PlatformPlugin\VideoOS.Platform\src\ConfigurationItems\Factory.cs:line 464&#xD;
&#xD;
Factory.IsItemTypeSupportedFactory.IsItemTypeSupported ()The method or operation is not implemented.   at VideoOS.Platform.SDKUnittest.EnvironmentTests.TestConfigurationClientService.GetItem(String path) in D:\actions-runner\_work\XPCO\XPCO\MIP\MIPSDK\tst\VideoOS.Platform.SDK.UnitTests\EnvironmentTests\TestsWithCorporateShimsBase.cs:line 227&#xD;
   at VideoOS.Platform.Proxy.ConfigApi.ConfigurationApiItemWrapper..ctor(ServerId serverId, String path) in D:\actions-runner\_work\XPCO\XPCO\MIP\PlatformPlugin\VideoOS.Platform\src\Proxy\ConfigApi\ConfigurationApiItemWrapper.cs:line 110&#xD;
   at VideoOS.Platform.ConfigurationItems.Factory.IsItemTypeSupported(ServerId serverId, String itemType) in D:\actions-runner\_work\XPCO\XPCO\MIP\PlatformPlugin\VideoOS.Platform\src\ConfigurationItems\Factory.cs:line 464&#xD;
MIP: Error: GetConfiguration (): CustomSetting not found for the given platformDefinitionId: e145597a-ecaf-40a1-99e6-14bb9d45a09e&#xD;
MIP: Error: ConfigurationApiItemWrapper (): ConfigAPI GetItem(): System.NotImplementedException, The method or operation is not implemented.&#xD;
MIP: Error: Factory.IsItemTypeSupported (): Exception source:      VideoOS.Platform.SDK.UnitTests&#xD;
Exception type:        System.NotImplementedException&#xD;
Exception message:     The method or operation is not implemented.&#xD;
Exception target site: GetItem&#xD;
   at VideoOS.Platform.SDKUnittest.EnvironmentTests.TestConfigurationClientService.GetItem(String path) in D:\actions-runner\_work\XPCO\XPCO\MIP\MIPSDK\tst\VideoOS.Platform.SDK.UnitTests\EnvironmentTests\TestsWithCorporateShimsBase.cs:line 227&#xD;
   at VideoOS.Platform.Proxy.ConfigApi.ConfigurationApiItemWrapper..ctor(ServerId serverId, String path) in D:\actions-runner\_work\XPCO\XPCO\MIP\PlatformPlugin\VideoOS.Platform\src\Proxy\ConfigApi\ConfigurationApiItemWrapper.cs:line 110&#xD;
   at VideoOS.Platform.ConfigurationItems.Factory.IsItemTypeSupported(ServerId serverId, String itemType) in D:\actions-runner\_work\XPCO\XPCO\MIP\PlatformPlugin\VideoOS.Platform\src\ConfigurationItems\Factory.cs:line 464&#xD;
&#xD;
Factory.IsItemTypeSupportedFactory.IsItemTypeSupported ()The method or operation is not implemented.   at VideoOS.Platform.SDKUnittest.EnvironmentTests.TestConfigurationClientService.GetItem(String path) in D:\actions-runner\_work\XPCO\XPCO\MIP\MIPSDK\tst\VideoOS.Platform.SDK.UnitTests\EnvironmentTests\TestsWithCorporateShimsBase.cs:line 227&#xD;
   at VideoOS.Platform.Proxy.ConfigApi.ConfigurationApiItemWrapper..ctor(ServerId serverId, String path) in D:\actions-runner\_work\XPCO\XPCO\MIP\PlatformPlugin\VideoOS.Platform\src\Proxy\ConfigApi\ConfigurationApiItemWrapper.cs:line 110&#xD;
   at VideoOS.Platform.ConfigurationItems.Factory.IsItemTypeSupported(ServerId serverId, String itemType) in D:\actions-runner\_work\XPCO\XPCO\MIP\PlatformPlugin\VideoOS.Platform\src\ConfigurationItems\Factory.cs:line 464&#xD;
MIP: Error: LoginServerOauth (): https://1.2.3.5:55/ManagementServer/ServerCommandServiceOAuth.svc The method or operation is not implemented.&#xD;
MIP: Error: ConfigurationApiItemWrapper (): ConfigAPI GetItem(): System.NotImplementedException, The method or operation is not implemented.&#xD;
MIP: Error: Factory.IsItemTypeSupported (): Exception source:      VideoOS.Platform.SDK.UnitTests&#xD;
Exception type:        System.NotImplementedException&#xD;
Exception message:     The method or operation is not implemented.&#xD;
Exception target site: GetItem&#xD;
   at VideoOS.Platform.SDKUnittest.EnvironmentTests.TestConfigurationClientService.GetItem(String path) in D:\actions-runner\_work\XPCO\XPCO\MIP\MIPSDK\tst\VideoOS.Platform.SDK.UnitTests\EnvironmentTests\TestsWithCorporateShimsBase.cs:line 227&#xD;
   at VideoOS.Platform.Proxy.ConfigApi.ConfigurationApiItemWrapper..ctor(ServerId serverId, String path) in D:\actions-runner\_work\XPCO\XPCO\MIP\PlatformPlugin\VideoOS.Platform\src\Proxy\ConfigApi\ConfigurationApiItemWrapper.cs:line 110&#xD;
   at VideoOS.Platform.ConfigurationItems.Factory.IsItemTypeSupported(ServerId serverId, String itemType) in D:\actions-runner\_work\XPCO\XPCO\MIP\PlatformPlugin\VideoOS.Platform\src\ConfigurationItems\Factory.cs:line 464&#xD;
&#xD;
Factory.IsItemTypeSupportedFactory.IsItemTypeSupported ()The method or operation is not implemented.   at VideoOS.Platform.SDKUnittest.EnvironmentTests.TestConfigurationClientService.GetItem(String path) in D:\actions-runner\_work\XPCO\XPCO\MIP\MIPSDK\tst\VideoOS.Platform.SDK.UnitTests\EnvironmentTests\TestsWithCorporateShimsBase.cs:line 227&#xD;
   at VideoOS.Platform.Proxy.ConfigApi.ConfigurationApiItemWrapper..ctor(ServerId serverId, String path) in D:\actions-runner\_work\XPCO\XPCO\MIP\PlatformPlugin\VideoOS.Platform\src\Proxy\ConfigApi\ConfigurationApiItemWrapper.cs:line 110&#xD;
   at VideoOS.Platform.ConfigurationItems.Factory.IsItemTypeSupported(ServerId serverId, String itemType) in D:\actions-runner\_work\XPCO\XPCO\MIP\PlatformPlugin\VideoOS.Platform\src\ConfigurationItems\Factory.cs:line 464&#xD;
MIP: Error: GetConfiguration (): CustomSetting not found for the given platformDefinitionId: e145597a-ecaf-40a1-99e6-14bb9d45a09e&#xD;
MIP: Error: ConfigurationApiItemWrapper (): ConfigAPI GetItem(): System.NotImplementedException, The method or operation is not implemented.&#xD;
MIP: Error: Factory.IsItemTypeSupported (): Exception source:      VideoOS.Platform.SDK.UnitTests&#xD;
Exception type:        System.NotImplementedException&#xD;
Exception message:     The method or operation is not implemented.&#xD;
Exception target site: GetItem&#xD;
   at VideoOS.Platform.SDKUnittest.EnvironmentTests.TestConfigurationClientService.GetItem(String path) in D:\actions-runner\_work\XPCO\XPCO\MIP\MIPSDK\tst\VideoOS.Platform.SDK.UnitTests\EnvironmentTests\TestsWithCorporateShimsBase.cs:line 227&#xD;
   at VideoOS.Platform.Proxy.ConfigApi.ConfigurationApiItemWrapper..ctor(ServerId serverId, String path) in D:\actions-runner\_work\XPCO\XPCO\MIP\PlatformPlugin\VideoOS.Platform\src\Proxy\ConfigApi\ConfigurationApiItemWrapper.cs:line 110&#xD;
   at VideoOS.Platform.ConfigurationItems.Factory.IsItemTypeSupported(ServerId serverId, String itemType) in D:\actions-runner\_work\XPCO\XPCO\MIP\PlatformPlugin\VideoOS.Platform\src\ConfigurationItems\Factory.cs:line 464&#xD;
&#xD;
Factory.IsItemTypeSupportedFactory.IsItemTypeSupported ()The method or operation is not implemented.   at VideoOS.Platform.SDKUnittest.EnvironmentTests.TestConfigurationClientService.GetItem(String path) in D:\actions-runner\_work\XPCO\XPCO\MIP\MIPSDK\tst\VideoOS.Platform.SDK.UnitTests\EnvironmentTests\TestsWithCorporateShimsBase.cs:line 227&#xD;
   at VideoOS.Platform.Proxy.ConfigApi.ConfigurationApiItemWrapper..ctor(ServerId serverId, String path) in D:\actions-runner\_work\XPCO\XPCO\MIP\PlatformPlugin\VideoOS.Platform\src\Proxy\ConfigApi\ConfigurationApiItemWrapper.cs:line 110&#xD;
   at VideoOS.Platform.ConfigurationItems.Factory.IsItemTypeSupported(ServerId serverId, String itemType) in D:\actions-runner\_work\XPCO\XPCO\MIP\PlatformPlugin\VideoOS.Platform\src\ConfigurationItems\Factory.cs:line 464&#xD;
MIP: Error: LoginServerOauth (): https://1.2.3.5:55/ManagementServer/ServerCommandServiceOAuth.svc The method or operation is not implemented.&#xD;
MIP: Error: ConfigurationApiItemWrapper (): ConfigAPI GetItem(): System.NotImplementedException, The method or operation is not implemented.&#xD;
MIP: Error: Factory.IsItemTypeSupported (): Exception source:      VideoOS.Platform.SDK.UnitTests&#xD;
Exception type:        System.NotImplementedException&#xD;
Exception message:     The method or operation is not implemented.&#xD;
Exception target site: GetItem&#xD;
   at VideoOS.Platform.SDKUnittest.EnvironmentTests.TestConfigurationClientService.GetItem(String path) in D:\actions-runner\_work\XPCO\XPCO\MIP\MIPSDK\tst\VideoOS.Platform.SDK.UnitTests\EnvironmentTests\TestsWithCorporateShimsBase.cs:line 227&#xD;
   at VideoOS.Platform.Proxy.ConfigApi.ConfigurationApiItemWrapper..ctor(ServerId serverId, String path) in D:\actions-runner\_work\XPCO\XPCO\MIP\PlatformPlugin\VideoOS.Platform\src\Proxy\ConfigApi\ConfigurationApiItemWrapper.cs:line 110&#xD;
   at VideoOS.Platform.ConfigurationItems.Factory.IsItemTypeSupported(ServerId serverId, String itemType) in D:\actions-runner\_work\XPCO\XPCO\MIP\PlatformPlugin\VideoOS.Platform\src\ConfigurationItems\Factory.cs:line 464&#xD;
&#xD;
Factory.IsItemTypeSupportedFactory.IsItemTypeSupported ()The method or operation is not implemented.   at VideoOS.Platform.SDKUnittest.EnvironmentTests.TestConfigurationClientService.GetItem(String path) in D:\actions-runner\_work\XPCO\XPCO\MIP\MIPSDK\tst\VideoOS.Platform.SDK.UnitTests\EnvironmentTests\TestsWithCorporateShimsBase.cs:line 227&#xD;
   at VideoOS.Platform.Proxy.ConfigApi.ConfigurationApiItemWrapper..ctor(ServerId serverId, String path) in D:\actions-runner\_work\XPCO\XPCO\MIP\PlatformPlugin\VideoOS.Platform\src\Proxy\ConfigApi\ConfigurationApiItemWrapper.cs:line 110&#xD;
   at VideoOS.Platform.ConfigurationItems.Factory.IsItemTypeSupported(ServerId serverId, String itemType) in D:\actions-runner\_work\XPCO\XPCO\MIP\PlatformPlugin\VideoOS.Platform\src\ConfigurationItems\Factory.cs:line 464&#xD;
MIP: Error: ConfigurationApiItemWrapper (): ConfigAPI GetItem(): System.NotImplementedException, The method or operation is not implemented.&#xD;
MIP: Error: Factory.IsItemTypeSupported (): Exception source:      VideoOS.Platform.SDK.UnitTests&#xD;
Exception type:        System.NotImplementedException&#xD;
Exception message:     The method or operation is not implemented.&#xD;
Exception target site: GetItem&#xD;
   at VideoOS.Platform.SDKUnittest.EnvironmentTests.TestConfigurationClientService.GetItem(String path) in D:\actions-runner\_work\XPCO\XPCO\MIP\MIPSDK\tst\VideoOS.Platform.SDK.UnitTests\EnvironmentTests\TestsWithCorporateShimsBase.cs:line 227&#xD;
   at VideoOS.Platform.Proxy.ConfigApi.ConfigurationApiItemWrapper..ctor(ServerId serverId, String path) in D:\actions-runner\_work\XPCO\XPCO\MIP\PlatformPlugin\VideoOS.Platform\src\Proxy\ConfigApi\ConfigurationApiItemWrapper.cs:line 110&#xD;
   at VideoOS.Platform.ConfigurationItems.Factory.IsItemTypeSupported(ServerId serverId, String itemType) in D:\actions-runner\_work\XPCO\XPCO\MIP\PlatformPlugin\VideoOS.Platform\src\ConfigurationItems\Factory.cs:line 464&#xD;
&#xD;
Factory.IsItemTypeSupportedFactory.IsItemTypeSupported ()The method or operation is not implemented.   at VideoOS.Platform.SDKUnittest.EnvironmentTests.TestConfigurationClientService.GetItem(String path) in D:\actions-runner\_work\XPCO\XPCO\MIP\MIPSDK\tst\VideoOS.Platform.SDK.UnitTests\EnvironmentTests\TestsWithCorporateShimsBase.cs:line 227&#xD;
   at VideoOS.Platform.Proxy.ConfigApi.ConfigurationApiItemWrapper..ctor(ServerId serverId, String path) in D:\actions-runner\_work\XPCO\XPCO\MIP\PlatformPlugin\VideoOS.Platform\src\Proxy\ConfigApi\ConfigurationApiItemWrapper.cs:line 110&#xD;
   at VideoOS.Platform.ConfigurationItems.Factory.IsItemTypeSupported(ServerId serverId, String itemType) in D:\actions-runner\_work\XPCO\XPCO\MIP\PlatformPlugin\VideoOS.Platform\src\ConfigurationItems\Factory.cs:line 464&#xD;
MIP: Error: LoginServerOauth (): https://1.2.3.5:55/ManagementServer/ServerCommandServiceOAuth.svc The method or operation is not implemented.&#xD;
MIP: Error: ConfigurationApiItemWrapper (): ConfigAPI GetItem(): System.NotImplementedException, The method or operation is not implemented.&#xD;
MIP: Error: Factory.IsItemTypeSupported (): Exception source:      VideoOS.Platform.SDK.UnitTests&#xD;
Exception type:        System.NotImplementedException&#xD;
Exception message:     The method or operation is not implemented.&#xD;
Exception target site: GetItem&#xD;
   at VideoOS.Platform.SDKUnittest.EnvironmentTests.TestConfigurationClientService.GetItem(String path) in D:\actions-runner\_work\XPCO\XPCO\MIP\MIPSDK\tst\VideoOS.Platform.SDK.UnitTests\EnvironmentTests\TestsWithCorporateShimsBase.cs:line 227&#xD;
   at VideoOS.Platform.Proxy.ConfigApi.ConfigurationApiItemWrapper..ctor(ServerId serverId, String path) in D:\actions-runner\_work\XPCO\XPCO\MIP\PlatformPlugin\VideoOS.Platform\src\Proxy\ConfigApi\ConfigurationApiItemWrapper.cs:line 110&#xD;
   at VideoOS.Platform.ConfigurationItems.Factory.IsItemTypeSupported(ServerId serverId, String itemType) in D:\actions-runner\_work\XPCO\XPCO\MIP\PlatformPlugin\VideoOS.Platform\src\ConfigurationItems\Factory.cs:line 464&#xD;
&#xD;
Factory.IsItemTypeSupportedFactory.IsItemTypeSupported ()The method or operation is not implemented.   at VideoOS.Platform.SDKUnittest.EnvironmentTests.TestConfigurationClientService.GetItem(String path) in D:\actions-runner\_work\XPCO\XPCO\MIP\MIPSDK\tst\VideoOS.Platform.SDK.UnitTests\EnvironmentTests\TestsWithCorporateShimsBase.cs:line 227&#xD;
   at VideoOS.Platform.Proxy.ConfigApi.ConfigurationApiItemWrapper..ctor(ServerId serverId, String path) in D:\actions-runner\_work\XPCO\XPCO\MIP\PlatformPlugin\VideoOS.Platform\src\Proxy\ConfigApi\ConfigurationApiItemWrapper.cs:line 110&#xD;
   at VideoOS.Platform.ConfigurationItems.Factory.IsItemTypeSupported(ServerId serverId, String itemType) in D:\actions-runner\_work\XPCO\XPCO\MIP\PlatformPlugin\VideoOS.Platform\src\ConfigurationItems\Factory.cs:line 464&#xD;
MIP: Error: GetConfiguration (): CustomSetting not found for the given platformDefinitionId: e145597a-ecaf-40a1-99e6-14bb9d45a09e&#xD;
MIP: Error: ConfigurationApiItemWrapper (): ConfigAPI GetItem(): System.NotImplementedException, The method or operation is not implemented.&#xD;
MIP: Error: Factory.IsItemTypeSupported (): Exception source:      VideoOS.Platform.SDK.UnitTests&#xD;
Exception type:        System.NotImplementedException&#xD;
Exception message:     The method or operation is not implemented.&#xD;
Exception target site: GetItem&#xD;
   at VideoOS.Platform.SDKUnittest.EnvironmentTests.TestConfigurationClientService.GetItem(String path) in D:\actions-runner\_work\XPCO\XPCO\MIP\MIPSDK\tst\VideoOS.Platform.SDK.UnitTests\EnvironmentTests\TestsWithCorporateShimsBase.cs:line 227&#xD;
   at VideoOS.Platform.Proxy.ConfigApi.ConfigurationApiItemWrapper..ctor(ServerId serverId, String path) in D:\actions-runner\_work\XPCO\XPCO\MIP\PlatformPlugin\VideoOS.Platform\src\Proxy\ConfigApi\ConfigurationApiItemWrapper.cs:line 110&#xD;
   at VideoOS.Platform.ConfigurationItems.Factory.IsItemTypeSupported(ServerId serverId, String itemType) in D:\actions-runner\_work\XPCO\XPCO\MIP\PlatformPlugin\VideoOS.Platform\src\ConfigurationItems\Factory.cs:line 464&#xD;
&#xD;
Factory.IsItemTypeSupportedFactory.IsItemTypeSupported ()The method or operation is not implemented.   at VideoOS.Platform.SDKUnittest.EnvironmentTests.TestConfigurationClientService.GetItem(String path) in D:\actions-runner\_work\XPCO\XPCO\MIP\MIPSDK\tst\VideoOS.Platform.SDK.UnitTests\EnvironmentTests\TestsWithCorporateShimsBase.cs:line 227&#xD;
   at VideoOS.Platform.Proxy.ConfigApi.ConfigurationApiItemWrapper..ctor(ServerId serverId, String path) in D:\actions-runner\_work\XPCO\XPCO\MIP\PlatformPlugin\VideoOS.Platform\src\Proxy\ConfigApi\ConfigurationApiItemWrapper.cs:line 110&#xD;
   at VideoOS.Platform.ConfigurationItems.Factory.IsItemTypeSupported(ServerId serverId, String itemType) in D:\actions-runner\_work\XPCO\XPCO\MIP\PlatformPlugin\VideoOS.Platform\src\ConfigurationItems\Factory.cs:line 464&#xD;
MIP: Error: LoginServerOauth (): https://1.2.3.5:55/ManagementServer/ServerCommandServiceOAuth.svc The method or operation is not implemented.&#xD;
MIP: Error: ConfigurationApiItemWrapper (): ConfigAPI GetItem(): System.NotImplementedException, The method or operation is not implemented.&#xD;
MIP: Error: Factory.IsItemTypeSupported (): Exception source:      VideoOS.Platform.SDK.UnitTests&#xD;
Exception type:        System.NotImplementedException&#xD;
Exception message:     The method or operation is not implemented.&#xD;
Exception target site: GetItem&#xD;
   at VideoOS.Platform.SDKUnittest.EnvironmentTests.TestConfigurationClientService.GetItem(String path) in D:\actions-runner\_work\XPCO\XPCO\MIP\MIPSDK\tst\VideoOS.Platform.SDK.UnitTests\EnvironmentTests\TestsWithCorporateShimsBase.cs:line 227&#xD;
   at VideoOS.Platform.Proxy.ConfigApi.ConfigurationApiItemWrapper..ctor(ServerId serverId, String path) in D:\actions-runner\_work\XPCO\XPCO\MIP\PlatformPlugin\VideoOS.Platform\src\Proxy\ConfigApi\ConfigurationApiItemWrapper.cs:line 110&#xD;
   at VideoOS.Platform.ConfigurationItems.Factory.IsItemTypeSupported(ServerId serverId, String itemType) in D:\actions-runner\_work\XPCO\XPCO\MIP\PlatformPlugin\VideoOS.Platform\src\ConfigurationItems\Factory.cs:line 464&#xD;
&#xD;
Factory.IsItemTypeSupportedFactory.IsItemTypeSupported ()The method or operation is not implemented.   at VideoOS.Platform.SDKUnittest.EnvironmentTests.TestConfigurationClientService.GetItem(String path) in D:\actions-runner\_work\XPCO\XPCO\MIP\MIPSDK\tst\VideoOS.Platform.SDK.UnitTests\EnvironmentTests\TestsWithCorporateShimsBase.cs:line 227&#xD;
   at VideoOS.Platform.Proxy.ConfigApi.ConfigurationApiItemWrapper..ctor(ServerId serverId, String path) in D:\actions-runner\_work\XPCO\XPCO\MIP\PlatformPlugin\VideoOS.Platform\src\Proxy\ConfigApi\ConfigurationApiItemWrapper.cs:line 110&#xD;
   at VideoOS.Platform.ConfigurationItems.Factory.IsItemTypeSupported(ServerId serverId, String itemType) in D:\actions-runner\_work\XPCO\XPCO\MIP\PlatformPlugin\VideoOS.Platform\src\ConfigurationItems\Factory.cs:line 464&#xD;
MIP: Error: ConfigurationApiItemWrapper (): ConfigAPI GetItem(): System.NotImplementedException, The method or operation is not implemented.&#xD;
MIP: Error: Factory.IsItemTypeSupported (): Exception source:      VideoOS.Platform.SDK.UnitTests&#xD;
Exception type:        System.NotImplementedException&#xD;
Exception message:     The method or operation is not implemented.&#xD;
Exception target site: GetItem&#xD;
   at VideoOS.Platform.SDKUnittest.EnvironmentTests.TestConfigurationClientService.GetItem(String path) in D:\actions-runner\_work\XPCO\XPCO\MIP\MIPSDK\tst\VideoOS.Platform.SDK.UnitTests\EnvironmentTests\TestsWithCorporateShimsBase.cs:line 227&#xD;
   at VideoOS.Platform.Proxy.ConfigApi.ConfigurationApiItemWrapper..ctor(ServerId serverId, String path) in D:\actions-runner\_work\XPCO\XPCO\MIP\PlatformPlugin\VideoOS.Platform\src\Proxy\ConfigApi\ConfigurationApiItemWrapper.cs:line 110&#xD;
   at VideoOS.Platform.ConfigurationItems.Factory.IsItemTypeSupported(ServerId serverId, String itemType) in D:\actions-runner\_work\XPCO\XPCO\MIP\PlatformPlugin\VideoOS.Platform\src\ConfigurationItems\Factory.cs:line 464&#xD;
&#xD;
Factory.IsItemTypeSupportedFactory.IsItemTypeSupported ()The method or operation is not implemented.   at VideoOS.Platform.SDKUnittest.EnvironmentTests.TestConfigurationClientService.GetItem(String path) in D:\actions-runner\_work\XPCO\XPCO\MIP\MIPSDK\tst\VideoOS.Platform.SDK.UnitTests\EnvironmentTests\TestsWithCorporateShimsBase.cs:line 227&#xD;
   at VideoOS.Platform.Proxy.ConfigApi.ConfigurationApiItemWrapper..ctor(ServerId serverId, String path) in D:\actions-runner\_work\XPCO\XPCO\MIP\PlatformPlugin\VideoOS.Platform\src\Proxy\ConfigApi\ConfigurationApiItemWrapper.cs:line 110&#xD;
   at VideoOS.Platform.ConfigurationItems.Factory.IsItemTypeSupported(ServerId serverId, String itemType) in D:\actions-runner\_work\XPCO\XPCO\MIP\PlatformPlugin\VideoOS.Platform\src\ConfigurationItems\Factory.cs:line 464&#xD;
MIP: Error: LoginServerOauth (): https://1.2.3.5:55/ManagementServer/ServerCommandServiceOAuth.svc The method or operation is not implemented.&#xD;
MIP: Error: ConfigurationApiItemWrapper (): ConfigAPI GetItem(): System.NotImplementedException, The method or operation is not implemented.&#xD;
MIP: Error: Factory.IsItemTypeSupported (): Exception source:      VideoOS.Platform.SDK.UnitTests&#xD;
Exception type:        System.NotImplementedException&#xD;
Exception message:     The method or operation is not implemented.&#xD;
Exception target site: GetItem&#xD;
   at VideoOS.Platform.SDKUnittest.EnvironmentTests.TestConfigurationClientService.GetItem(String path) in D:\actions-runner\_work\XPCO\XPCO\MIP\MIPSDK\tst\VideoOS.Platform.SDK.UnitTests\EnvironmentTests\TestsWithCorporateShimsBase.cs:line 227&#xD;
   at VideoOS.Platform.Proxy.ConfigApi.ConfigurationApiItemWrapper..ctor(ServerId serverId, String path) in D:\actions-runner\_work\XPCO\XPCO\MIP\PlatformPlugin\VideoOS.Platform\src\Proxy\ConfigApi\ConfigurationApiItemWrapper.cs:line 110&#xD;
   at VideoOS.Platform.ConfigurationItems.Factory.IsItemTypeSupported(ServerId serverId, String itemType) in D:\actions-runner\_work\XPCO\XPCO\MIP\PlatformPlugin\VideoOS.Platform\src\ConfigurationItems\Factory.cs:line 464&#xD;
&#xD;
Factory.IsItemTypeSupportedFactory.IsItemTypeSupported ()The method or operation is not implemented.   at VideoOS.Platform.SDKUnittest.EnvironmentTests.TestConfigurationClientService.GetItem(String path) in D:\actions-runner\_work\XPCO\XPCO\MIP\MIPSDK\tst\VideoOS.Platform.SDK.UnitTests\EnvironmentTests\TestsWithCorporateShimsBase.cs:line 227&#xD;
   at VideoOS.Platform.Proxy.ConfigApi.ConfigurationApiItemWrapper..ctor(ServerId serverId, String path) in D:\actions-runner\_work\XPCO\XPCO\MIP\PlatformPlugin\VideoOS.Platform\src\Proxy\ConfigApi\ConfigurationApiItemWrapper.cs:line 110&#xD;
   at VideoOS.Platform.ConfigurationItems.Factory.IsItemTypeSupported(ServerId serverId, String itemType) in D:\actions-runner\_work\XPCO\XPCO\MIP\PlatformPlugin\VideoOS.Platform\src\ConfigurationItems\Factory.cs:line 464&#xD;
MIP: Error: GetConfiguration (): CustomSetting not found for the given platformDefinitionId: e145597a-ecaf-40a1-99e6-14bb9d45a09e&#xD;
MIP: Error: ConfigurationApiItemWrapper (): ConfigAPI GetItem(): System.NotImplementedException, The method or operation is not implemented.&#xD;
MIP: Error: Factory.IsItemTypeSupported (): Exception source:      VideoOS.Platform.SDK.UnitTests&#xD;
Exception type:        System.NotImplementedException&#xD;
Exception message:     The method or operation is not implemented.&#xD;
Exception target site: GetItem&#xD;
   at VideoOS.Platform.SDKUnittest.EnvironmentTests.TestConfigurationClientService.GetItem(String path) in D:\actions-runner\_work\XPCO\XPCO\MIP\MIPSDK\tst\VideoOS.Platform.SDK.UnitTests\EnvironmentTests\TestsWithCorporateShimsBase.cs:line 227&#xD;
   at VideoOS.Platform.Proxy.ConfigApi.ConfigurationApiItemWrapper..ctor(ServerId serverId, String path) in D:\actions-runner\_work\XPCO\XPCO\MIP\PlatformPlugin\VideoOS.Platform\src\Proxy\ConfigApi\ConfigurationApiItemWrapper.cs:line 110&#xD;
   at VideoOS.Platform.ConfigurationItems.Factory.IsItemTypeSupported(ServerId serverId, String itemType) in D:\actions-runner\_work\XPCO\XPCO\MIP\PlatformPlugin\VideoOS.Platform\src\ConfigurationItems\Factory.cs:line 464&#xD;
&#xD;
Factory.IsItemTypeSupportedFactory.IsItemTypeSupported ()The method or operation is not implemented.   at VideoOS.Platform.SDKUnittest.EnvironmentTests.TestConfigurationClientService.GetItem(String path) in D:\actions-runner\_work\XPCO\XPCO\MIP\MIPSDK\tst\VideoOS.Platform.SDK.UnitTests\EnvironmentTests\TestsWithCorporateShimsBase.cs:line 227&#xD;
   at VideoOS.Platform.Proxy.ConfigApi.ConfigurationApiItemWrapper..ctor(ServerId serverId, String path) in D:\actions-runner\_work\XPCO\XPCO\MIP\PlatformPlugin\VideoOS.Platform\src\Proxy\ConfigApi\ConfigurationApiItemWrapper.cs:line 110&#xD;
   at VideoOS.Platform.ConfigurationItems.Factory.IsItemTypeSupported(ServerId serverId, String itemType) in D:\actions-runner\_work\XPCO\XPCO\MIP\PlatformPlugin\VideoOS.Platform\src\ConfigurationItems\Factory.cs:line 464&#xD;
MIP: Error: LoginServerOauth (): https://1.2.3.5:55/ManagementServer/ServerCommandServiceOAuth.svc The method or operation is not implemented.&#xD;
MIP: Error: ConfigurationApiItemWrapper (): ConfigAPI GetItem(): System.NotImplementedException, The method or operation is not implemented.&#xD;
MIP: Error: Factory.IsItemTypeSupported (): Exception source:      VideoOS.Platform.SDK.UnitTests&#xD;
Exception type:        System.NotImplementedException&#xD;
Exception message:     The method or operation is not implemented.&#xD;
Exception target site: GetItem&#xD;
   at VideoOS.Platform.SDKUnittest.EnvironmentTests.TestConfigurationClientService.GetItem(String path) in D:\actions-runner\_work\XPCO\XPCO\MIP\MIPSDK\tst\VideoOS.Platform.SDK.UnitTests\EnvironmentTests\TestsWithCorporateShimsBase.cs:line 227&#xD;
   at VideoOS.Platform.Proxy.ConfigApi.ConfigurationApiItemWrapper..ctor(ServerId serverId, String path) in D:\actions-runner\_work\XPCO\XPCO\MIP\PlatformPlugin\VideoOS.Platform\src\Proxy\ConfigApi\ConfigurationApiItemWrapper.cs:line 110&#xD;
   at VideoOS.Platform.ConfigurationItems.Factory.IsItemTypeSupported(ServerId serverId, String itemType) in D:\actions-runner\_work\XPCO\XPCO\MIP\PlatformPlugin\VideoOS.Platform\src\ConfigurationItems\Factory.cs:line 464&#xD;
&#xD;
Factory.IsItemTypeSupportedFactory.IsItemTypeSupported ()The method or operation is not implemented.   at VideoOS.Platform.SDKUnittest.EnvironmentTests.TestConfigurationClientService.GetItem(String path) in D:\actions-runner\_work\XPCO\XPCO\MIP\MIPSDK\tst\VideoOS.Platform.SDK.UnitTests\EnvironmentTests\TestsWithCorporateShimsBase.cs:line 227&#xD;
   at VideoOS.Platform.Proxy.ConfigApi.ConfigurationApiItemWrapper..ctor(ServerId serverId, String path) in D:\actions-runner\_work\XPCO\XPCO\MIP\PlatformPlugin\VideoOS.Platform\src\Proxy\ConfigApi\ConfigurationApiItemWrapper.cs:line 110&#xD;
   at VideoOS.Platform.ConfigurationItems.Factory.IsItemTypeSupported(ServerId serverId, String itemType) in D:\actions-runner\_work\XPCO\XPCO\MIP\PlatformPlugin\VideoOS.Platform\src\ConfigurationItems\Factory.cs:line 464&#xD;
MIP: Error: ConfigurationApiItemWrapper (): ConfigAPI GetItem(): System.NotImplementedException, The method or operation is not implemented.&#xD;
MIP: Error: Factory.IsItemTypeSupported (): Exception source:      VideoOS.Platform.SDK.UnitTests&#xD;
Exception type:        System.NotImplementedException&#xD;
Exception message:     The method or operation is not implemented.&#xD;
Exception target site: GetItem&#xD;
   at VideoOS.Platform.SDKUnittest.EnvironmentTests.TestConfigurationClientService.GetItem(String path) in D:\actions-runner\_work\XPCO\XPCO\MIP\MIPSDK\tst\VideoOS.Platform.SDK.UnitTests\EnvironmentTests\TestsWithCorporateShimsBase.cs:line 227&#xD;
   at VideoOS.Platform.Proxy.ConfigApi.ConfigurationApiItemWrapper..ctor(ServerId serverId, String path) in D:\actions-runner\_work\XPCO\XPCO\MIP\PlatformPlugin\VideoOS.Platform\src\Proxy\ConfigApi\ConfigurationApiItemWrapper.cs:line 110&#xD;
   at VideoOS.Platform.ConfigurationItems.Factory.IsItemTypeSupported(ServerId serverId, String itemType) in D:\actions-runner\_work\XPCO\XPCO\MIP\PlatformPlugin\VideoOS.Platform\src\ConfigurationItems\Factory.cs:line 464&#xD;
&#xD;
Factory.IsItemTypeSupportedFactory.IsItemTypeSupported ()The method or operation is not implemented.   at VideoOS.Platform.SDKUnittest.EnvironmentTests.TestConfigurationClientService.GetItem(String path) in D:\actions-runner\_work\XPCO\XPCO\MIP\MIPSDK\tst\VideoOS.Platform.SDK.UnitTests\EnvironmentTests\TestsWithCorporateShimsBase.cs:line 227&#xD;
   at VideoOS.Platform.Proxy.ConfigApi.ConfigurationApiItemWrapper..ctor(ServerId serverId, String path) in D:\actions-runner\_work\XPCO\XPCO\MIP\PlatformPlugin\VideoOS.Platform\src\Proxy\ConfigApi\ConfigurationApiItemWrapper.cs:line 110&#xD;
   at VideoOS.Platform.ConfigurationItems.Factory.IsItemTypeSupported(ServerId serverId, String itemType) in D:\actions-runner\_work\XPCO\XPCO\MIP\PlatformPlugin\VideoOS.Platform\src\ConfigurationItems\Factory.cs:line 464&#xD;
MIP: Error: LoginServerOauth (): https://1.2.3.5:55/ManagementServer/ServerCommandServiceOAuth.svc The method or operation is not implemented.&#xD;
MIP: Error: ConfigurationApiItemWrapper (): ConfigAPI GetItem(): System.NotImplementedException, The method or operation is not implemented.&#xD;
MIP: Error: Factory.IsItemTypeSupported (): Exception source:      VideoOS.Platform.SDK.UnitTests&#xD;
Exception type:        System.NotImplementedException&#xD;
Exception message:     The method or operation is not implemented.&#xD;
Exception target site: GetItem&#xD;
   at VideoOS.Platform.SDKUnittest.EnvironmentTests.TestConfigurationClientService.GetItem(String path) in D:\actions-runner\_work\XPCO\XPCO\MIP\MIPSDK\tst\VideoOS.Platform.SDK.UnitTests\EnvironmentTests\TestsWithCorporateShimsBase.cs:line 227&#xD;
   at VideoOS.Platform.Proxy.ConfigApi.ConfigurationApiItemWrapper..ctor(ServerId serverId, String path) in D:\actions-runner\_work\XPCO\XPCO\MIP\PlatformPlugin\VideoOS.Platform\src\Proxy\ConfigApi\ConfigurationApiItemWrapper.cs:line 110&#xD;
   at VideoOS.Platform.ConfigurationItems.Factory.IsItemTypeSupported(ServerId serverId, String itemType) in D:\actions-runner\_work\XPCO\XPCO\MIP\PlatformPlugin\VideoOS.Platform\src\ConfigurationItems\Factory.cs:line 464&#xD;
&#xD;
Factory.IsItemTypeSupportedFactory.IsItemTypeSupported ()The method or operation is not implemented.   at VideoOS.Platform.SDKUnittest.EnvironmentTests.TestConfigurationClientService.GetItem(String path) in D:\actions-runner\_work\XPCO\XPCO\MIP\MIPSDK\tst\VideoOS.Platform.SDK.UnitTests\EnvironmentTests\TestsWithCorporateShimsBase.cs:line 227&#xD;
   at VideoOS.Platform.Proxy.ConfigApi.ConfigurationApiItemWrapper..ctor(ServerId serverId, String path) in D:\actions-runner\_work\XPCO\XPCO\MIP\PlatformPlugin\VideoOS.Platform\src\Proxy\ConfigApi\ConfigurationApiItemWrapper.cs:line 110&#xD;
   at VideoOS.Platform.ConfigurationItems.Factory.IsItemTypeSupported(ServerId serverId, String itemType) in D:\actions-runner\_work\XPCO\XPCO\MIP\PlatformPlugin\VideoOS.Platform\src\ConfigurationItems\Factory.cs:line 464&#xD;
MIP: Error: GetConfiguration (): CustomSetting not found for the given platformDefinitionId: e145597a-ecaf-40a1-99e6-14bb9d45a09e&#xD;
MIP: Error: ConfigurationApiItemWrapper (): ConfigAPI GetItem(): System.NotImplementedException, The method or operation is not implemented.&#xD;
MIP: Error: Factory.IsItemTypeSupported (): Exception source:      VideoOS.Platform.SDK.UnitTests&#xD;
Exception type:        System.NotImplementedException&#xD;
Exception message:     The method or operation is not implemented.&#xD;
Exception target site: GetItem&#xD;
   at VideoOS.Platform.SDKUnittest.EnvironmentTests.TestConfigurationClientService.GetItem(String path) in D:\actions-runner\_work\XPCO\XPCO\MIP\MIPSDK\tst\VideoOS.Platform.SDK.UnitTests\EnvironmentTests\TestsWithCorporateShimsBase.cs:line 227&#xD;
   at VideoOS.Platform.Proxy.ConfigApi.ConfigurationApiItemWrapper..ctor(ServerId serverId, String path) in D:\actions-runner\_work\XPCO\XPCO\MIP\PlatformPlugin\VideoOS.Platform\src\Proxy\ConfigApi\ConfigurationApiItemWrapper.cs:line 110&#xD;
   at VideoOS.Platform.ConfigurationItems.Factory.IsItemTypeSupported(ServerId serverId, String itemType) in D:\actions-runner\_work\XPCO\XPCO\MIP\PlatformPlugin\VideoOS.Platform\src\ConfigurationItems\Factory.cs:line 464&#xD;
&#xD;
Factory.IsItemTypeSupportedFactory.IsItemTypeSupported ()The method or operation is not implemented.   at VideoOS.Platform.SDKUnittest.EnvironmentTests.TestConfigurationClientService.GetItem(String path) in D:\actions-runner\_work\XPCO\XPCO\MIP\MIPSDK\tst\VideoOS.Platform.SDK.UnitTests\EnvironmentTests\TestsWithCorporateShimsBase.cs:line 227&#xD;
   at VideoOS.Platform.Proxy.ConfigApi.ConfigurationApiItemWrapper..ctor(ServerId serverId, String path) in D:\actions-runner\_work\XPCO\XPCO\MIP\PlatformPlugin\VideoOS.Platform\src\Proxy\ConfigApi\ConfigurationApiItemWrapper.cs:line 110&#xD;
   at VideoOS.Platform.ConfigurationItems.Factory.IsItemTypeSupported(ServerId serverId, String itemType) in D:\actions-runner\_work\XPCO\XPCO\MIP\PlatformPlugin\VideoOS.Platform\src\ConfigurationItems\Factory.cs:line 464&#xD;
MIP: Error: LoginServerOauth (): https://1.2.3.5:55/ManagementServer/ServerCommandServiceOAuth.svc The method or operation is not implemented.&#xD;
MIP: Error: ConfigurationApiItemWrapper (): ConfigAPI GetItem(): System.NotImplementedException, The method or operation is not implemented.&#xD;
MIP: Error: ConfigurationAsync::BuildTopLevelItems LoadPlugin Loop (): Exception source:      VideoOS.Platform.SDK.UnitTests&#xD;
Exception type:        System.NotImplementedException&#xD;
Exception message:     The method or operation is not implemented.&#xD;
Exception target site: GetItem&#xD;
   at VideoOS.Platform.SDKUnittest.EnvironmentTests.TestConfigurationClientService.GetItem(String path) in D:\actions-runner\_work\XPCO\XPCO\MIP\MIPSDK\tst\VideoOS.Platform.SDK.UnitTests\EnvironmentTests\TestsWithCorporateShimsBase.cs:line 227&#xD;
   at VideoOS.Platform.Proxy.ConfigApi.ConfigurationApiItemWrapper..ctor(ServerId serverId, String path) in D:\actions-runner\_work\XPCO\XPCO\MIP\PlatformPlugin\VideoOS.Platform\src\Proxy\ConfigApi\ConfigurationApiItemWrapper.cs:line 110&#xD;
   at VideoOS.Platform.Util.VideoWall.LayoutGroupItemManager.GetItem(FQID fqid) in D:\actions-runner\_work\XPCO\XPCO\MIP\PlatformPlugin\VideoOS.Platform\src\Util\VideoWall\LayoutGroupItemManager.cs:line 57&#xD;
   at VideoOS.Platform.SDK.Platform.ConfigurationAsync.GetItems(Guid kind, ItemHierarchy itemHierarchy) in D:\actions-runner\_work\XPCO\XPCO\MIP\MIPSDK\prod\VideoOS.Platform.SDK\Platform\ConfigurationAsync.cs:line 163&#xD;
&#xD;
ConfigurationAsync::BuildTopLevelItems LoadPlugin LoopConfigurationAsync::BuildTopLevelItems LoadPlugin Loop ()The method or operation is not implemented.   at VideoOS.Platform.SDKUnittest.EnvironmentTests.TestConfigurationClientService.GetItem(String path) in D:\actions-runner\_work\XPCO\XPCO\MIP\MIPSDK\tst\VideoOS.Platform.SDK.UnitTests\EnvironmentTests\TestsWithCorporateShimsBase.cs:line 227&#xD;
   at VideoOS.Platform.Proxy.ConfigApi.ConfigurationApiItemWrapper..ctor(ServerId serverId, String path) in D:\actions-runner\_work\XPCO\XPCO\MIP\PlatformPlugin\VideoOS.Platform\src\Proxy\ConfigApi\ConfigurationApiItemWrapper.cs:line 110&#xD;
   at VideoOS.Platform.Util.VideoWall.LayoutGroupItemManager.GetItem(FQID fqid) in D:\actions-runner\_work\XPCO\XPCO\MIP\PlatformPlugin\VideoOS.Platform\src\Util\VideoWall\LayoutGroupItemManager.cs:line 57&#xD;
   at VideoOS.Platform.SDK.Platform.ConfigurationAsync.GetItems(Guid kind, ItemHierarchy itemHierarchy) in D:\actions-runner\_work\XPCO\XPCO\MIP\MIPSDK\prod\VideoOS.Platform.SDK\Platform\ConfigurationAsync.cs:line 163&#xD;
MIP: Error: ConfigurationApiItemWrapper (): ConfigAPI GetItem(): System.NotImplementedException, The method or operation is not implemented.&#xD;
MIP: Error: ConfigurationAsync::BuildTopLevelItems LoadPlugin Loop (): Exception source:      VideoOS.Platform.SDK.UnitTests&#xD;
Exception type:        System.NotImplementedException&#xD;
Exception message:     The method or operation is not implemented.&#xD;
Exception target site: GetItem&#xD;
   at VideoOS.Platform.SDKUnittest.EnvironmentTests.TestConfigurationClientService.GetItem(String path) in D:\actions-runner\_work\XPCO\XPCO\MIP\MIPSDK\tst\VideoOS.Platform.SDK.UnitTests\EnvironmentTests\TestsWithCorporateShimsBase.cs:line 227&#xD;
   at VideoOS.Platform.Proxy.ConfigApi.ConfigurationApiItemWrapper..ctor(ServerId serverId, String path) in D:\actions-runner\_work\XPCO\XPCO\MIP\PlatformPlugin\VideoOS.Platform\src\Proxy\ConfigApi\ConfigurationApiItemWrapper.cs:line 110&#xD;
   at VideoOS.Platform.Util.VideoWall.LayoutGroupItemManager.GetItem(FQID fqid) in D:\actions-runner\_work\XPCO\XPCO\MIP\PlatformPlugin\VideoOS.Platform\src\Util\VideoWall\LayoutGroupItemManager.cs:line 57&#xD;
   at VideoOS.Platform.SDK.Platform.ConfigurationAsync.GetItems(Guid kind, ItemHierarchy itemHierarchy) in D:\actions-runner\_work\XPCO\XPCO\MIP\MIPSDK\prod\VideoOS.Platform.SDK\Platform\ConfigurationAsync.cs:line 163&#xD;
&#xD;
ConfigurationAsync::BuildTopLevelItems LoadPlugin LoopConfigurationAsync::BuildTopLevelItems LoadPlugin Loop ()The method or operation is not implemented.   at VideoOS.Platform.SDKUnittest.EnvironmentTests.TestConfigurationClientService.GetItem(String path) in D:\actions-runner\_work\XPCO\XPCO\MIP\MIPSDK\tst\VideoOS.Platform.SDK.UnitTests\EnvironmentTests\TestsWithCorporateShimsBase.cs:line 227&#xD;
   at VideoOS.Platform.Proxy.ConfigApi.ConfigurationApiItemWrapper..ctor(ServerId serverId, String path) in D:\actions-runner\_work\XPCO\XPCO\MIP\PlatformPlugin\VideoOS.Platform\src\Proxy\ConfigApi\ConfigurationApiItemWrapper.cs:line 110&#xD;
   at VideoOS.Platform.Util.VideoWall.LayoutGroupItemManager.GetItem(FQID fqid) in D:\actions-runner\_work\XPCO\XPCO\MIP\PlatformPlugin\VideoOS.Platform\src\Util\VideoWall\LayoutGroupItemManager.cs:line 57&#xD;
   at VideoOS.Platform.SDK.Platform.ConfigurationAsync.GetItems(Guid kind, ItemHierarchy itemHierarchy) in D:\actions-runner\_work\XPCO\XPCO\MIP\MIPSDK\prod\VideoOS.Platform.SDK\Platform\ConfigurationAsync.cs:line 163&#xD;
MIP: Error: ConfigurationApiItemWrapper (): ConfigAPI GetItem(): System.NotImplementedException, The method or operation is not implemented.&#xD;
MIP: Error: Factory.IsItemTypeSupported (): Exception source:      VideoOS.Platform.SDK.UnitTests&#xD;
Exception type:        System.NotImplementedException&#xD;
Exception message:     The method or operation is not implemented.&#xD;
Exception target site: GetItem&#xD;
   at VideoOS.Platform.SDKUnittest.EnvironmentTests.TestConfigurationClientService.GetItem(String path) in D:\actions-runner\_work\XPCO\XPCO\MIP\MIPSDK\tst\VideoOS.Platform.SDK.UnitTests\EnvironmentTests\TestsWithCorporateShimsBase.cs:line 227&#xD;
   at VideoOS.Platform.Proxy.ConfigApi.ConfigurationApiItemWrapper..ctor(ServerId serverId, String path) in D:\actions-runner\_work\XPCO\XPCO\MIP\PlatformPlugin\VideoOS.Platform\src\Proxy\ConfigApi\ConfigurationApiItemWrapper.cs:line 110&#xD;
   at VideoOS.Platform.ConfigurationItems.Factory.IsItemTypeSupported(ServerId serverId, String itemType) in D:\actions-runner\_work\XPCO\XPCO\MIP\PlatformPlugin\VideoOS.Platform\src\ConfigurationItems\Factory.cs:line 464&#xD;
&#xD;
Factory.IsItemTypeSupportedFactory.IsItemTypeSupported ()The method or operation is not implemented.   at VideoOS.Platform.SDKUnittest.EnvironmentTests.TestConfigurationClientService.GetItem(String path) in D:\actions-runner\_work\XPCO\XPCO\MIP\MIPSDK\tst\VideoOS.Platform.SDK.UnitTests\EnvironmentTests\TestsWithCorporateShimsBase.cs:line 227&#xD;
   at VideoOS.Platform.Proxy.ConfigApi.ConfigurationApiItemWrapper..ctor(ServerId serverId, String path) in D:\actions-runner\_work\XPCO\XPCO\MIP\PlatformPlugin\VideoOS.Platform\src\Proxy\ConfigApi\ConfigurationApiItemWrapper.cs:line 110&#xD;
   at VideoOS.Platform.ConfigurationItems.Factory.IsItemTypeSupported(ServerId serverId, String itemType) in D:\actions-runner\_work\XPCO\XPCO\MIP\PlatformPlugin\VideoOS.Platform\src\ConfigurationItems\Factory.cs:line 464&#xD;
MIP: Error: ConfigurationApiItemWrapper (): ConfigAPI GetItem(): System.NotImplementedException, The method or operation is not implemented.&#xD;
MIP: Error: Factory.IsItemTypeSupported (): Exception source:      VideoOS.Platform.SDK.UnitTests&#xD;
Exception type:        System.NotImplementedException&#xD;
Exception message:     The method or operation is not implemented.&#xD;
Exception target site: GetItem&#xD;
   at VideoOS.Platform.SDKUnittest.EnvironmentTests.TestConfigurationClientService.GetItem(String path) in D:\actions-runner\_work\XPCO\XPCO\MIP\MIPSDK\tst\VideoOS.Platform.SDK.UnitTests\EnvironmentTests\TestsWithCorporateShimsBase.cs:line 227&#xD;
   at VideoOS.Platform.Proxy.ConfigApi.ConfigurationApiItemWrapper..ctor(ServerId serverId, String path) in D:\actions-runner\_work\XPCO\XPCO\MIP\PlatformPlugin\VideoOS.Platform\src\Proxy\ConfigApi\ConfigurationApiItemWrapper.cs:line 110&#xD;
   at VideoOS.Platform.ConfigurationItems.Factory.IsItemTypeSupported(ServerId serverId, String itemType) in D:\actions-runner\_work\XPCO\XPCO\MIP\PlatformPlugin\VideoOS.Platform\src\ConfigurationItems\Factory.cs:line 464&#xD;
&#xD;
Factory.IsItemTypeSupportedFactory.IsItemTypeSupported ()The method or operation is not implemented.   at VideoOS.Platform.SDKUnittest.EnvironmentTests.TestConfigurationClientService.GetItem(String path) in D:\actions-runner\_work\XPCO\XPCO\MIP\MIPSDK\tst\VideoOS.Platform.SDK.UnitTests\EnvironmentTests\TestsWithCorporateShimsBase.cs:line 227&#xD;
   at VideoOS.Platform.Proxy.ConfigApi.ConfigurationApiItemWrapper..ctor(ServerId serverId, String path) in D:\actions-runner\_work\XPCO\XPCO\MIP\PlatformPlugin\VideoOS.Platform\src\Proxy\ConfigApi\ConfigurationApiItemWrapper.cs:line 110&#xD;
   at VideoOS.Platform.ConfigurationItems.Factory.IsItemTypeSupported(ServerId serverId, String itemType) in D:\actions-runner\_work\XPCO\XPCO\MIP\PlatformPlugin\VideoOS.Platform\src\ConfigurationItems\Factory.cs:line 464&#xD;
MIP: Error: ConfigurationApiItemWrapper (): ConfigAPI GetItem(): System.NotImplementedException, The method or operation is not implemented.&#xD;
MIP: Error: Factory.IsItemTypeSupported (): Exception source:      VideoOS.Platform.SDK.UnitTests&#xD;
Exception type:        System.NotImplementedException&#xD;
Exception message:     The method or operation is not implemented.&#xD;
Exception target site: GetItem&#xD;
   at VideoOS.Platform.SDKUnittest.EnvironmentTests.TestConfigurationClientService.GetItem(String path) in D:\actions-runner\_work\XPCO\XPCO\MIP\MIPSDK\tst\VideoOS.Platform.SDK.UnitTests\EnvironmentTests\TestsWithCorporateShimsBase.cs:line 227&#xD;
   at VideoOS.Platform.Proxy.ConfigApi.ConfigurationApiItemWrapper..ctor(ServerId serverId, String path) in D:\actions-runner\_work\XPCO\XPCO\MIP\PlatformPlugin\VideoOS.Platform\src\Proxy\ConfigApi\ConfigurationApiItemWrapper.cs:line 110&#xD;
   at VideoOS.Platform.ConfigurationItems.Factory.IsItemTypeSupported(ServerId serverId, String itemType) in D:\actions-runner\_work\XPCO\XPCO\MIP\PlatformPlugin\VideoOS.Platform\src\ConfigurationItems\Factory.cs:line 464&#xD;
&#xD;
Factory.IsItemTypeSupportedFactory.IsItemTypeSupported ()The method or operation is not implemented.   at VideoOS.Platform.SDKUnittest.EnvironmentTests.TestConfigurationClientService.GetItem(String path) in D:\actions-runner\_work\XPCO\XPCO\MIP\MIPSDK\tst\VideoOS.Platform.SDK.UnitTests\EnvironmentTests\TestsWithCorporateShimsBase.cs:line 227&#xD;
   at VideoOS.Platform.Proxy.ConfigApi.ConfigurationApiItemWrapper..ctor(ServerId serverId, String path) in D:\actions-runner\_work\XPCO\XPCO\MIP\PlatformPlugin\VideoOS.Platform\src\Proxy\ConfigApi\ConfigurationApiItemWrapper.cs:line 110&#xD;
   at VideoOS.Platform.ConfigurationItems.Factory.IsItemTypeSupported(ServerId serverId, String itemType) in D:\actions-runner\_work\XPCO\XPCO\MIP\PlatformPlugin\VideoOS.Platform\src\ConfigurationItems\Factory.cs:line 464&#xD;
MIP: Error: ConfigurationApiItemWrapper (): ConfigAPI GetItem(): System.NotImplementedException, The method or operation is not implemented.&#xD;
MIP: Error: Factory.IsItemTypeSupported (): Exception source:      VideoOS.Platform.SDK.UnitTests&#xD;
Exception type:        System.NotImplementedException&#xD;
Exception message:     The method or operation is not implemented.&#xD;
Exception target site: GetItem&#xD;
   at VideoOS.Platform.SDKUnittest.EnvironmentTests.TestConfigurationClientService.GetItem(String path) in D:\actions-runner\_work\XPCO\XPCO\MIP\MIPSDK\tst\VideoOS.Platform.SDK.UnitTests\EnvironmentTests\TestsWithCorporateShimsBase.cs:line 227&#xD;
   at VideoOS.Platform.Proxy.ConfigApi.ConfigurationApiItemWrapper..ctor(ServerId serverId, String path) in D:\actions-runner\_work\XPCO\XPCO\MIP\PlatformPlugin\VideoOS.Platform\src\Proxy\ConfigApi\ConfigurationApiItemWrapper.cs:line 110&#xD;
   at VideoOS.Platform.ConfigurationItems.Factory.IsItemTypeSupported(ServerId serverId, String itemType) in D:\actions-runner\_work\XPCO\XPCO\MIP\PlatformPlugin\VideoOS.Platform\src\ConfigurationItems\Factory.cs:line 464&#xD;
&#xD;
Factory.IsItemTypeSupportedFactory.IsItemTypeSupported ()The method or operation is not implemented.   at VideoOS.Platform.SDKUnittest.EnvironmentTests.TestConfigurationClientService.GetItem(String path) in D:\actions-runner\_work\XPCO\XPCO\MIP\MIPSDK\tst\VideoOS.Platform.SDK.UnitTests\EnvironmentTests\TestsWithCorporateShimsBase.cs:line 227&#xD;
   at VideoOS.Platform.Proxy.ConfigApi.ConfigurationApiItemWrapper..ctor(ServerId serverId, String path) in D:\actions-runner\_work\XPCO\XPCO\MIP\PlatformPlugin\VideoOS.Platform\src\Proxy\ConfigApi\ConfigurationApiItemWrapper.cs:line 110&#xD;
   at VideoOS.Platform.ConfigurationItems.Factory.IsItemTypeSupported(ServerId serverId, String itemType) in D:\actions-runner\_work\XPCO\XPCO\MIP\PlatformPlugin\VideoOS.Platform\src\ConfigurationItems\Factory.cs:line 464&#xD;
MIP: Error: ConfigurationApiItemWrapper (): ConfigAPI GetItem(): System.NotImplementedException, The method or operation is not implemented.&#xD;
MIP: Error: Factory.IsItemTypeSupported (): Exception source:      VideoOS.Platform.SDK.UnitTests&#xD;
Exception type:        System.NotImplementedException&#xD;
Exception message:     The method or operation is not implemented.&#xD;
Exception target site: GetItem&#xD;
   at VideoOS.Platform.SDKUnittest.EnvironmentTests.TestConfigurationClientService.GetItem(String path) in D:\actions-runner\_work\XPCO\XPCO\MIP\MIPSDK\tst\VideoOS.Platform.SDK.UnitTests\EnvironmentTests\TestsWithCorporateShimsBase.cs:line 227&#xD;
   at VideoOS.Platform.Proxy.ConfigApi.ConfigurationApiItemWrapper..ctor(ServerId serverId, String path) in D:\actions-runner\_work\XPCO\XPCO\MIP\PlatformPlugin\VideoOS.Platform\src\Proxy\ConfigApi\ConfigurationApiItemWrapper.cs:line 110&#xD;
   at VideoOS.Platform.ConfigurationItems.Factory.IsItemTypeSupported(ServerId serverId, String itemType) in D:\actions-runner\_work\XPCO\XPCO\MIP\PlatformPlugin\VideoOS.Platform\src\ConfigurationItems\Factory.cs:line 464&#xD;
&#xD;
Factory.IsItemTypeSupportedFactory.IsItemTypeSupported ()The method or operation is not implemented.   at VideoOS.Platform.SDKUnittest.EnvironmentTests.TestConfigurationClientService.GetItem(String path) in D:\actions-runner\_work\XPCO\XPCO\MIP\MIPSDK\tst\VideoOS.Platform.SDK.UnitTests\EnvironmentTests\TestsWithCorporateShimsBase.cs:line 227&#xD;
   at VideoOS.Platform.Proxy.ConfigApi.ConfigurationApiItemWrapper..ctor(ServerId serverId, String path) in D:\actions-runner\_work\XPCO\XPCO\MIP\PlatformPlugin\VideoOS.Platform\src\Proxy\ConfigApi\ConfigurationApiItemWrapper.cs:line 110&#xD;
   at VideoOS.Platform.ConfigurationItems.Factory.IsItemTypeSupported(ServerId serverId, String itemType) in D:\actions-runner\_work\XPCO\XPCO\MIP\PlatformPlugin\VideoOS.Platform\src\ConfigurationItems\Factory.cs:line 464&#xD;
MIP: Error: ConfigurationApiItemWrapper (): ConfigAPI GetItem(): System.NotImplementedException, The method or operation is not implemented.&#xD;
MIP: Error: ConfigurationAsync::BuildTopLevelItems LoadPlugin Loop (): Exception source:      VideoOS.Platform.SDK.UnitTests&#xD;
Exception type:        System.NotImplementedException&#xD;
Exception message:     The method or operation is not implemented.&#xD;
Exception target site: GetItem&#xD;
   at VideoOS.Platform.SDKUnittest.EnvironmentTests.TestConfigurationClientService.GetItem(String path) in D:\actions-runner\_work\XPCO\XPCO\MIP\MIPSDK\tst\VideoOS.Platform.SDK.UnitTests\EnvironmentTests\TestsWithCorporateShimsBase.cs:line 227&#xD;
   at VideoOS.Platform.Proxy.ConfigApi.ConfigurationApiItemWrapper..ctor(ServerId serverId, String path) in D:\actions-runner\_work\XPCO\XPCO\MIP\PlatformPlugin\VideoOS.Platform\src\Proxy\ConfigApi\ConfigurationApiItemWrapper.cs:line 110&#xD;
   at VideoOS.Platform.Util.VideoWall.LayoutGroupItemManager.GetItem(FQID fqid) in D:\actions-runner\_work\XPCO\XPCO\MIP\PlatformPlugin\VideoOS.Platform\src\Util\VideoWall\LayoutGroupItemManager.cs:line 57&#xD;
   at VideoOS.Platform.SDK.Platform.ConfigurationAsync.GetItems(Guid kind, ItemHierarchy itemHierarchy) in D:\actions-runner\_work\XPCO\XPCO\MIP\MIPSDK\prod\VideoOS.Platform.SDK\Platform\ConfigurationAsync.cs:line 163&#xD;
&#xD;
ConfigurationAsync::BuildTopLevelItems LoadPlugin LoopConfigurationAsync::BuildTopLevelItems LoadPlugin Loop ()The method or operation is not implemented.   at VideoOS.Platform.SDKUnittest.EnvironmentTests.TestConfigurationClientService.GetItem(String path) in D:\actions-runner\_work\XPCO\XPCO\MIP\MIPSDK\tst\VideoOS.Platform.SDK.UnitTests\EnvironmentTests\TestsWithCorporateShimsBase.cs:line 227&#xD;
   at VideoOS.Platform.Proxy.ConfigApi.ConfigurationApiItemWrapper..ctor(ServerId serverId, String path) in D:\actions-runner\_work\XPCO\XPCO\MIP\PlatformPlugin\VideoOS.Platform\src\Proxy\ConfigApi\ConfigurationApiItemWrapper.cs:line 110&#xD;
   at VideoOS.Platform.Util.VideoWall.LayoutGroupItemManager.GetItem(FQID fqid) in D:\actions-runner\_work\XPCO\XPCO\MIP\PlatformPlugin\VideoOS.Platform\src\Util\VideoWall\LayoutGroupItemManager.cs:line 57&#xD;
   at VideoOS.Platform.SDK.Platform.ConfigurationAsync.GetItems(Guid kind, ItemHierarchy itemHierarchy) in D:\actions-runner\_work\XPCO\XPCO\MIP\MIPSDK\prod\VideoOS.Platform.SDK\Platform\ConfigurationAsync.cs:line 163</StdOut>
      </Output>
    </UnitTestResult>
    <UnitTestResult executionId="2a4921c1-4b14-49a0-b6db-e4d0a1374c8d" testId="0f702e68-d31d-e48d-5cda-ae2e55caa68e" testName="Login_WhenNotLoggedIn_ThrowConfigurationLastException" computerName="DKSR-EFI-06" duration="00:00:00.0110666" startTime="2024-01-09T15:44:27.2324348+01:00" endTime="2024-01-09T15:44:27.2480618+01:00" testType="13cdc9d9-ddb5-4fa4-a97d-d965ccfc6d4b" outcome="Passed" testListId="8c84fa94-04c1-424b-9868-57a2d4851a1d" relativeResultsDirectory="2a4921c1-4b14-49a0-b6db-e4d0a1374c8d" />
    <UnitTestResult executionId="15e4ecd9-4760-4f0f-b444-539ddd644490" testId="e8d9f86f-c2bc-d844-07f3-5ecc6e65044b" testName="GetLoginSettings_Correct" computerName="DKSR-EFI-06" duration="00:00:00.0018111" startTime="2024-01-09T15:45:21.9981629+01:00" endTime="2024-01-09T15:45:21.9981629+01:00" testType="13cdc9d9-ddb5-4fa4-a97d-d965ccfc6d4b" outcome="Passed" testListId="8c84fa94-04c1-424b-9868-57a2d4851a1d" relativeResultsDirectory="15e4ecd9-4760-4f0f-b444-539ddd644490" />
    <UnitTestResult executionId="2130360c-ec1f-4e2e-9fb4-531a5bcb65d2" testId="60409c99-de38-bfcd-7919-8dbdd2d23a16" testName="XpcoIdentificationAndLoginSuccess" computerName="DKSR-EFI-06" duration="00:00:00.2039001" startTime="2024-01-09T15:45:43.7014120+01:00" endTime="2024-01-09T15:45:43.9046036+01:00" testType="13cdc9d9-ddb5-4fa4-a97d-d965ccfc6d4b" outcome="Passed" testListId="8c84fa94-04c1-424b-9868-57a2d4851a1d" relativeResultsDirectory="2130360c-ec1f-4e2e-9fb4-531a5bcb65d2">
      <Output>
        <StdOut>Debug Trace:&#xD;
TopLevelControl returns null. PostMessage may have problems</StdOut>
      </Output>
    </UnitTestResult>
    <UnitTestResult executionId="681d177e-f143-4f77-b19e-e3777ede0ae0" testId="b6dd1d7b-fa80-5930-3fa2-3201c6345ce9" testName="GetJpegFirst" computerName="DKSR-EFI-06" duration="00:00:07.3550765" startTime="2024-01-09T15:44:28.1230613+01:00" endTime="2024-01-09T15:44:35.4824373+01:00" testType="13cdc9d9-ddb5-4fa4-a97d-d965ccfc6d4b" outcome="Passed" testListId="8c84fa94-04c1-424b-9868-57a2d4851a1d" relativeResultsDirectory="681d177e-f143-4f77-b19e-e3777ede0ae0">
      <Output>
        <StdOut>Debug Trace:&#xD;
MIP: Error: GetConfiguration (): CustomSetting not found for the given platformDefinitionId: e145597a-ecaf-40a1-99e6-14bb9d45a09e&#xD;
MIP: Error: GetConfiguration (): CustomSetting not found for the given platformDefinitionId: e145597a-ecaf-40a1-99e6-14bb9d45a09e&#xD;
MIP: Error: GetConfiguration (): CustomSetting not found for the given platformDefinitionId: e145597a-ecaf-40a1-99e6-14bb9d45a09e&#xD;
---- Stream count=0, thread=2</StdOut>
      </Output>
    </UnitTestResult>
    <UnitTestResult executionId="5ff84d0a-4965-4571-b171-acce170b86db" testId="bb377a2c-95c3-9aad-404f-5afa18de69c7" testName="LoginWithRegistration_LoginFail_ThrowDefaultException" computerName="DKSR-EFI-06" duration="00:00:00.0041381" startTime="2024-01-09T15:44:27.2793101+01:00" endTime="2024-01-09T15:44:27.2949352+01:00" testType="13cdc9d9-ddb5-4fa4-a97d-d965ccfc6d4b" outcome="Passed" testListId="8c84fa94-04c1-424b-9868-57a2d4851a1d" relativeResultsDirectory="5ff84d0a-4965-4571-b171-acce170b86db" />
    <UnitTestResult executionId="2a6afc28-f8ed-426b-9765-d1698e1ce02d" testId="30a8f6e6-2142-3d73-ed24-70819eedb975" testName="GetRawAudioFromMicrophone" computerName="DKSR-EFI-06" duration="00:00:02.6348734" startTime="2024-01-09T15:45:10.3575070+01:00" endTime="2024-01-09T15:45:12.9825148+01:00" testType="13cdc9d9-ddb5-4fa4-a97d-d965ccfc6d4b" outcome="Passed" testListId="8c84fa94-04c1-424b-9868-57a2d4851a1d" relativeResultsDirectory="2a6afc28-f8ed-426b-9765-d1698e1ce02d">
      <Output>
        <StdOut>Debug Trace:&#xD;
MIP: Error: GetConfiguration (): CustomSetting not found for the given platformDefinitionId: e145597a-ecaf-40a1-99e6-14bb9d45a09e&#xD;
MIP: Error: GetConfiguration (): CustomSetting not found for the given platformDefinitionId: e145597a-ecaf-40a1-99e6-14bb9d45a09e&#xD;
MIP: Error: GetConfiguration (): CustomSetting not found for the given platformDefinitionId: e145597a-ecaf-40a1-99e6-14bb9d45a09e</StdOut>
      </Output>
    </UnitTestResult>
    <UnitTestResult executionId="244602d5-9092-4a4f-b970-6f1531bbe263" testId="853af3f4-f013-afe1-e51f-9f0386bea5b2" testName="Givent_MessageContainingEventWithData_When_CallingGetDataOfInCorrectTypeThatIsNotSeserializable_Then_MipExceptionIsThrown" computerName="DKSR-EFI-06" duration="00:00:00.0248048" startTime="2024-01-09T15:45:23.4200408+01:00" endTime="2024-01-09T15:45:23.4512875+01:00" testType="13cdc9d9-ddb5-4fa4-a97d-d965ccfc6d4b" outcome="Passed" testListId="8c84fa94-04c1-424b-9868-57a2d4851a1d" relativeResultsDirectory="244602d5-9092-4a4f-b970-6f1531bbe263" />
    <UnitTestResult executionId="95b7ba25-9be6-4d00-a7f7-9375a70f07f2" testId="170542a8-dc94-1eae-8e61-7f4921b86749" testName="Remove_Correct" computerName="DKSR-EFI-06" duration="00:00:00.0013850" startTime="2024-01-09T15:45:22.0137854+01:00" endTime="2024-01-09T15:45:22.0137854+01:00" testType="13cdc9d9-ddb5-4fa4-a97d-d965ccfc6d4b" outcome="Passed" testListId="8c84fa94-04c1-424b-9868-57a2d4851a1d" relativeResultsDirectory="95b7ba25-9be6-4d00-a7f7-9375a70f07f2" />
    <UnitTestResult executionId="c40a250d-db74-44e0-9f8b-c605cce6cefe" testId="26f9b70e-5804-b406-9eb3-8ec45170e496" testName="ConnectUsingConfiguration_EmptyConfiguration_Throws" computerName="DKSR-EFI-06" duration="00:00:00.0006793" startTime="2024-01-09T15:45:56.8137647+01:00" endTime="2024-01-09T15:45:56.8137647+01:00" testType="13cdc9d9-ddb5-4fa4-a97d-d965ccfc6d4b" outcome="Passed" testListId="8c84fa94-04c1-424b-9868-57a2d4851a1d" relativeResultsDirectory="c40a250d-db74-44e0-9f8b-c605cce6cefe" />
    <UnitTestResult executionId="ce238353-8936-437f-a596-8c48df51daf5" testId="a8963d66-96b1-b26d-9572-0832732d3cea" testName="MergeCredentialCache_WhenBasicAuth_Merges" computerName="DKSR-EFI-06" duration="00:00:00.0012990" startTime="2024-01-09T15:45:21.6856626+01:00" endTime="2024-01-09T15:45:21.6856626+01:00" testType="13cdc9d9-ddb5-4fa4-a97d-d965ccfc6d4b" outcome="Passed" testListId="8c84fa94-04c1-424b-9868-57a2d4851a1d" relativeResultsDirectory="ce238353-8936-437f-a596-8c48df51daf5" />
    <UnitTestResult executionId="a06a5400-5662-421d-a5ab-ee597b72eae7" testId="09ad567a-bf9b-551a-1680-c5ab6247ecc6" testName="SchemeCompareOk" computerName="DKSR-EFI-06" duration="00:00:00.0012667" startTime="2024-01-09T15:45:21.8887875+01:00" endTime="2024-01-09T15:45:21.8887875+01:00" testType="13cdc9d9-ddb5-4fa4-a97d-d965ccfc6d4b" outcome="Passed" testListId="8c84fa94-04c1-424b-9868-57a2d4851a1d" relativeResultsDirectory="a06a5400-5662-421d-a5ab-ee597b72eae7" />
    <UnitTestResult executionId="071b600b-3ae5-43db-b5e5-bb54f1c7a087" testId="7f6a3e30-0edb-cef4-24b2-03a61d04ff8b" testName="Givent_MessageContainingEventWithData_When_CallingGetDataOfInCorrectType_Then_NOTE_NOTE_NOTE_ACompleteObjectIsReturned" computerName="DKSR-EFI-06" duration="00:00:00.0090353" startTime="2024-01-09T15:45:23.3887881+01:00" endTime="2024-01-09T15:45:23.4044140+01:00" testType="13cdc9d9-ddb5-4fa4-a97d-d965ccfc6d4b" outcome="Passed" testListId="8c84fa94-04c1-424b-9868-57a2d4851a1d" relativeResultsDirectory="071b600b-3ae5-43db-b5e5-bb54f1c7a087" />
    <UnitTestResult executionId="c9cc87ce-2ccf-4adb-901a-2cb38017c177" testId="88488b59-2cdb-e146-c42b-5fca1493d9a4" testName="SetVolume_NotMuted_VolumeChanged" computerName="DKSR-EFI-06" duration="00:00:00.0346329" startTime="2024-01-09T15:45:56.9075294+01:00" endTime="2024-01-09T15:45:56.9387829+01:00" testType="13cdc9d9-ddb5-4fa4-a97d-d965ccfc6d4b" outcome="Passed" testListId="8c84fa94-04c1-424b-9868-57a2d4851a1d" relativeResultsDirectory="c9cc87ce-2ccf-4adb-901a-2cb38017c177" />
    <UnitTestResult executionId="95a7d842-c403-4852-959e-bf5b67a63846" testId="d2f3bae5-4b87-92ba-8e82-de1dd6dbd488" testName="XpcoMultiUserLoginServerList" computerName="DKSR-EFI-06" duration="00:00:02.3361741" startTime="2024-01-09T15:45:35.7794212+01:00" endTime="2024-01-09T15:45:38.1075478+01:00" testType="13cdc9d9-ddb5-4fa4-a97d-d965ccfc6d4b" outcome="Passed" testListId="8c84fa94-04c1-424b-9868-57a2d4851a1d" relativeResultsDirectory="95a7d842-c403-4852-959e-bf5b67a63846">
      <Output>
        <StdOut>Debug Trace:&#xD;
TopLevelControl returns null. PostMessage may have problems&#xD;
1/9/2024 3:45:35 PMFindBestAddress - Start for: http://4.4.4.4:55/, type=XPCO&#xD;
ConnectionCheck for:http://4.4.4.4:55/, Took:0ms&#xD;
1/9/2024 3:45:35 PMFindBestAddress - End for: http://4.4.4.4:55/, type=XPCO&#xD;
MIP: Error: ConfigurationApiItemWrapper (): ConfigAPI GetItem(): System.NotImplementedException, The method or operation is not implemented.&#xD;
MIP: Error: Factory.IsItemTypeSupported (): Exception source:      VideoOS.Platform.SDK.UnitTests&#xD;
Exception type:        System.NotImplementedException&#xD;
Exception message:     The method or operation is not implemented.&#xD;
Exception target site: GetItem&#xD;
   at VideoOS.Platform.SDKUnittest.EnvironmentTests.TestConfigurationClientService.GetItem(String path) in D:\actions-runner\_work\XPCO\XPCO\MIP\MIPSDK\tst\VideoOS.Platform.SDK.UnitTests\EnvironmentTests\TestsWithCorporateShimsBase.cs:line 227&#xD;
   at VideoOS.Platform.Proxy.ConfigApi.ConfigurationApiItemWrapper..ctor(ServerId serverId, String path) in D:\actions-runner\_work\XPCO\XPCO\MIP\PlatformPlugin\VideoOS.Platform\src\Proxy\ConfigApi\ConfigurationApiItemWrapper.cs:line 110&#xD;
   at VideoOS.Platform.ConfigurationItems.Factory.IsItemTypeSupported(ServerId serverId, String itemType) in D:\actions-runner\_work\XPCO\XPCO\MIP\PlatformPlugin\VideoOS.Platform\src\ConfigurationItems\Factory.cs:line 464&#xD;
&#xD;
Factory.IsItemTypeSupportedFactory.IsItemTypeSupported ()The method or operation is not implemented.   at VideoOS.Platform.SDKUnittest.EnvironmentTests.TestConfigurationClientService.GetItem(String path) in D:\actions-runner\_work\XPCO\XPCO\MIP\MIPSDK\tst\VideoOS.Platform.SDK.UnitTests\EnvironmentTests\TestsWithCorporateShimsBase.cs:line 227&#xD;
   at VideoOS.Platform.Proxy.ConfigApi.ConfigurationApiItemWrapper..ctor(ServerId serverId, String path) in D:\actions-runner\_work\XPCO\XPCO\MIP\PlatformPlugin\VideoOS.Platform\src\Proxy\ConfigApi\ConfigurationApiItemWrapper.cs:line 110&#xD;
   at VideoOS.Platform.ConfigurationItems.Factory.IsItemTypeSupported(ServerId serverId, String itemType) in D:\actions-runner\_work\XPCO\XPCO\MIP\PlatformPlugin\VideoOS.Platform\src\ConfigurationItems\Factory.cs:line 464&#xD;
MIP: Error: GetConfiguration (): CustomSetting not found for the given platformDefinitionId: e145597a-ecaf-40a1-99e6-14bb9d45a09e&#xD;
MIP: Error: ConfigurationApiItemWrapper (): ConfigAPI GetItem(): System.NotImplementedException, The method or operation is not implemented.&#xD;
MIP: Error: Factory.IsItemTypeSupported (): Exception source:      VideoOS.Platform.SDK.UnitTests&#xD;
Exception type:        System.NotImplementedException&#xD;
Exception message:     The method or operation is not implemented.&#xD;
Exception target site: GetItem&#xD;
   at VideoOS.Platform.SDKUnittest.EnvironmentTests.TestConfigurationClientService.GetItem(String path) in D:\actions-runner\_work\XPCO\XPCO\MIP\MIPSDK\tst\VideoOS.Platform.SDK.UnitTests\EnvironmentTests\TestsWithCorporateShimsBase.cs:line 227&#xD;
   at VideoOS.Platform.Proxy.ConfigApi.ConfigurationApiItemWrapper..ctor(ServerId serverId, String path) in D:\actions-runner\_work\XPCO\XPCO\MIP\PlatformPlugin\VideoOS.Platform\src\Proxy\ConfigApi\ConfigurationApiItemWrapper.cs:line 110&#xD;
   at VideoOS.Platform.ConfigurationItems.Factory.IsItemTypeSupported(ServerId serverId, String itemType) in D:\actions-runner\_work\XPCO\XPCO\MIP\PlatformPlugin\VideoOS.Platform\src\ConfigurationItems\Factory.cs:line 464&#xD;
&#xD;
Factory.IsItemTypeSupportedFactory.IsItemTypeSupported ()The method or operation is not implemented.   at VideoOS.Platform.SDKUnittest.EnvironmentTests.TestConfigurationClientService.GetItem(String path) in D:\actions-runner\_work\XPCO\XPCO\MIP\MIPSDK\tst\VideoOS.Platform.SDK.UnitTests\EnvironmentTests\TestsWithCorporateShimsBase.cs:line 227&#xD;
   at VideoOS.Platform.Proxy.ConfigApi.ConfigurationApiItemWrapper..ctor(ServerId serverId, String path) in D:\actions-runner\_work\XPCO\XPCO\MIP\PlatformPlugin\VideoOS.Platform\src\Proxy\ConfigApi\ConfigurationApiItemWrapper.cs:line 110&#xD;
   at VideoOS.Platform.ConfigurationItems.Factory.IsItemTypeSupported(ServerId serverId, String itemType) in D:\actions-runner\_work\XPCO\XPCO\MIP\PlatformPlugin\VideoOS.Platform\src\ConfigurationItems\Factory.cs:line 464&#xD;
MIP: Error: LoginServerOauth (): https://1.2.3.5:55/ManagementServer/ServerCommandServiceOAuth.svc The method or operation is not implemented.&#xD;
MIP: Error: ConfigurationApiItemWrapper (): ConfigAPI GetItem(): System.NotImplementedException, The method or operation is not implemented.&#xD;
MIP: Error: Factory.IsItemTypeSupported (): Exception source:      VideoOS.Platform.SDK.UnitTests&#xD;
Exception type:        System.NotImplementedException&#xD;
Exception message:     The method or operation is not implemented.&#xD;
Exception target site: GetItem&#xD;
   at VideoOS.Platform.SDKUnittest.EnvironmentTests.TestConfigurationClientService.GetItem(String path) in D:\actions-runner\_work\XPCO\XPCO\MIP\MIPSDK\tst\VideoOS.Platform.SDK.UnitTests\EnvironmentTests\TestsWithCorporateShimsBase.cs:line 227&#xD;
   at VideoOS.Platform.Proxy.ConfigApi.ConfigurationApiItemWrapper..ctor(ServerId serverId, String path) in D:\actions-runner\_work\XPCO\XPCO\MIP\PlatformPlugin\VideoOS.Platform\src\Proxy\ConfigApi\ConfigurationApiItemWrapper.cs:line 110&#xD;
   at VideoOS.Platform.ConfigurationItems.Factory.IsItemTypeSupported(ServerId serverId, String itemType) in D:\actions-runner\_work\XPCO\XPCO\MIP\PlatformPlugin\VideoOS.Platform\src\ConfigurationItems\Factory.cs:line 464&#xD;
&#xD;
Factory.IsItemTypeSupportedFactory.IsItemTypeSupported ()The method or operation is not implemented.   at VideoOS.Platform.SDKUnittest.EnvironmentTests.TestConfigurationClientService.GetItem(String path) in D:\actions-runner\_work\XPCO\XPCO\MIP\MIPSDK\tst\VideoOS.Platform.SDK.UnitTests\EnvironmentTests\TestsWithCorporateShimsBase.cs:line 227&#xD;
   at VideoOS.Platform.Proxy.ConfigApi.ConfigurationApiItemWrapper..ctor(ServerId serverId, String path) in D:\actions-runner\_work\XPCO\XPCO\MIP\PlatformPlugin\VideoOS.Platform\src\Proxy\ConfigApi\ConfigurationApiItemWrapper.cs:line 110&#xD;
   at VideoOS.Platform.ConfigurationItems.Factory.IsItemTypeSupported(ServerId serverId, String itemType) in D:\actions-runner\_work\XPCO\XPCO\MIP\PlatformPlugin\VideoOS.Platform\src\ConfigurationItems\Factory.cs:line 464&#xD;
MIP: Error: GetConfiguration (): CustomSetting not found for the given platformDefinitionId: e145597a-ecaf-40a1-99e6-14bb9d45a09e&#xD;
MIP: Error: ConfigurationApiItemWrapper (): ConfigAPI GetItem(): System.NotImplementedException, The method or operation is not implemented.&#xD;
MIP: Error: Factory.IsItemTypeSupported (): Exception source:      VideoOS.Platform.SDK.UnitTests&#xD;
Exception type:        System.NotImplementedException&#xD;
Exception message:     The method or operation is not implemented.&#xD;
Exception target site: GetItem&#xD;
   at VideoOS.Platform.SDKUnittest.EnvironmentTests.TestConfigurationClientService.GetItem(String path) in D:\actions-runner\_work\XPCO\XPCO\MIP\MIPSDK\tst\VideoOS.Platform.SDK.UnitTests\EnvironmentTests\TestsWithCorporateShimsBase.cs:line 227&#xD;
   at VideoOS.Platform.Proxy.ConfigApi.ConfigurationApiItemWrapper..ctor(ServerId serverId, String path) in D:\actions-runner\_work\XPCO\XPCO\MIP\PlatformPlugin\VideoOS.Platform\src\Proxy\ConfigApi\ConfigurationApiItemWrapper.cs:line 110&#xD;
   at VideoOS.Platform.ConfigurationItems.Factory.IsItemTypeSupported(ServerId serverId, String itemType) in D:\actions-runner\_work\XPCO\XPCO\MIP\PlatformPlugin\VideoOS.Platform\src\ConfigurationItems\Factory.cs:line 464&#xD;
&#xD;
Factory.IsItemTypeSupportedFactory.IsItemTypeSupported ()The method or operation is not implemented.   at VideoOS.Platform.SDKUnittest.EnvironmentTests.TestConfigurationClientService.GetItem(String path) in D:\actions-runner\_work\XPCO\XPCO\MIP\MIPSDK\tst\VideoOS.Platform.SDK.UnitTests\EnvironmentTests\TestsWithCorporateShimsBase.cs:line 227&#xD;
   at VideoOS.Platform.Proxy.ConfigApi.ConfigurationApiItemWrapper..ctor(ServerId serverId, String path) in D:\actions-runner\_work\XPCO\XPCO\MIP\PlatformPlugin\VideoOS.Platform\src\Proxy\ConfigApi\ConfigurationApiItemWrapper.cs:line 110&#xD;
   at VideoOS.Platform.ConfigurationItems.Factory.IsItemTypeSupported(ServerId serverId, String itemType) in D:\actions-runner\_work\XPCO\XPCO\MIP\PlatformPlugin\VideoOS.Platform\src\ConfigurationItems\Factory.cs:line 464&#xD;
MIP: Error: LoginServerOauth (): https://1.2.3.5:55/ManagementServer/ServerCommandServiceOAuth.svc The method or operation is not implemented.&#xD;
MIP: Error: ConfigurationApiItemWrapper (): ConfigAPI GetItem(): System.NotImplementedException, The method or operation is not implemented.&#xD;
MIP: Error: Factory.IsItemTypeSupported (): Exception source:      VideoOS.Platform.SDK.UnitTests&#xD;
Exception type:        System.NotImplementedException&#xD;
Exception message:     The method or operation is not implemented.&#xD;
Exception target site: GetItem&#xD;
   at VideoOS.Platform.SDKUnittest.EnvironmentTests.TestConfigurationClientService.GetItem(String path) in D:\actions-runner\_work\XPCO\XPCO\MIP\MIPSDK\tst\VideoOS.Platform.SDK.UnitTests\EnvironmentTests\TestsWithCorporateShimsBase.cs:line 227&#xD;
   at VideoOS.Platform.Proxy.ConfigApi.ConfigurationApiItemWrapper..ctor(ServerId serverId, String path) in D:\actions-runner\_work\XPCO\XPCO\MIP\PlatformPlugin\VideoOS.Platform\src\Proxy\ConfigApi\ConfigurationApiItemWrapper.cs:line 110&#xD;
   at VideoOS.Platform.ConfigurationItems.Factory.IsItemTypeSupported(ServerId serverId, String itemType) in D:\actions-runner\_work\XPCO\XPCO\MIP\PlatformPlugin\VideoOS.Platform\src\ConfigurationItems\Factory.cs:line 464&#xD;
&#xD;
Factory.IsItemTypeSupportedFactory.IsItemTypeSupported ()The method or operation is not implemented.   at VideoOS.Platform.SDKUnittest.EnvironmentTests.TestConfigurationClientService.GetItem(String path) in D:\actions-runner\_work\XPCO\XPCO\MIP\MIPSDK\tst\VideoOS.Platform.SDK.UnitTests\EnvironmentTests\TestsWithCorporateShimsBase.cs:line 227&#xD;
   at VideoOS.Platform.Proxy.ConfigApi.ConfigurationApiItemWrapper..ctor(ServerId serverId, String path) in D:\actions-runner\_work\XPCO\XPCO\MIP\PlatformPlugin\VideoOS.Platform\src\Proxy\ConfigApi\ConfigurationApiItemWrapper.cs:line 110&#xD;
   at VideoOS.Platform.ConfigurationItems.Factory.IsItemTypeSupported(ServerId serverId, String itemType) in D:\actions-runner\_work\XPCO\XPCO\MIP\PlatformPlugin\VideoOS.Platform\src\ConfigurationItems\Factory.cs:line 464&#xD;
MIP: Error: ConfigurationApiItemWrapper (): ConfigAPI GetItem(): System.NotImplementedException, The method or operation is not implemented.&#xD;
MIP: Error: Factory.IsItemTypeSupported (): Exception source:      VideoOS.Platform.SDK.UnitTests&#xD;
Exception type:        System.NotImplementedException&#xD;
Exception message:     The method or operation is not implemented.&#xD;
Exception target site: GetItem&#xD;
   at VideoOS.Platform.SDKUnittest.EnvironmentTests.TestConfigurationClientService.GetItem(String path) in D:\actions-runner\_work\XPCO\XPCO\MIP\MIPSDK\tst\VideoOS.Platform.SDK.UnitTests\EnvironmentTests\TestsWithCorporateShimsBase.cs:line 227&#xD;
   at VideoOS.Platform.Proxy.ConfigApi.ConfigurationApiItemWrapper..ctor(ServerId serverId, String path) in D:\actions-runner\_work\XPCO\XPCO\MIP\PlatformPlugin\VideoOS.Platform\src\Proxy\ConfigApi\ConfigurationApiItemWrapper.cs:line 110&#xD;
   at VideoOS.Platform.ConfigurationItems.Factory.IsItemTypeSupported(ServerId serverId, String itemType) in D:\actions-runner\_work\XPCO\XPCO\MIP\PlatformPlugin\VideoOS.Platform\src\ConfigurationItems\Factory.cs:line 464&#xD;
&#xD;
Factory.IsItemTypeSupportedFactory.IsItemTypeSupported ()The method or operation is not implemented.   at VideoOS.Platform.SDKUnittest.EnvironmentTests.TestConfigurationClientService.GetItem(String path) in D:\actions-runner\_work\XPCO\XPCO\MIP\MIPSDK\tst\VideoOS.Platform.SDK.UnitTests\EnvironmentTests\TestsWithCorporateShimsBase.cs:line 227&#xD;
   at VideoOS.Platform.Proxy.ConfigApi.ConfigurationApiItemWrapper..ctor(ServerId serverId, String path) in D:\actions-runner\_work\XPCO\XPCO\MIP\PlatformPlugin\VideoOS.Platform\src\Proxy\ConfigApi\ConfigurationApiItemWrapper.cs:line 110&#xD;
   at VideoOS.Platform.ConfigurationItems.Factory.IsItemTypeSupported(ServerId serverId, String itemType) in D:\actions-runner\_work\XPCO\XPCO\MIP\PlatformPlugin\VideoOS.Platform\src\ConfigurationItems\Factory.cs:line 464&#xD;
MIP: Error: LoginServerOauth (): https://1.2.3.5:55/ManagementServer/ServerCommandServiceOAuth.svc The method or operation is not implemented.&#xD;
MIP: Error: ConfigurationApiItemWrapper (): ConfigAPI GetItem(): System.NotImplementedException, The method or operation is not implemented.&#xD;
MIP: Error: Factory.IsItemTypeSupported (): Exception source:      VideoOS.Platform.SDK.UnitTests&#xD;
Exception type:        System.NotImplementedException&#xD;
Exception message:     The method or operation is not implemented.&#xD;
Exception target site: GetItem&#xD;
   at VideoOS.Platform.SDKUnittest.EnvironmentTests.TestConfigurationClientService.GetItem(String path) in D:\actions-runner\_work\XPCO\XPCO\MIP\MIPSDK\tst\VideoOS.Platform.SDK.UnitTests\EnvironmentTests\TestsWithCorporateShimsBase.cs:line 227&#xD;
   at VideoOS.Platform.Proxy.ConfigApi.ConfigurationApiItemWrapper..ctor(ServerId serverId, String path) in D:\actions-runner\_work\XPCO\XPCO\MIP\PlatformPlugin\VideoOS.Platform\src\Proxy\ConfigApi\ConfigurationApiItemWrapper.cs:line 110&#xD;
   at VideoOS.Platform.ConfigurationItems.Factory.IsItemTypeSupported(ServerId serverId, String itemType) in D:\actions-runner\_work\XPCO\XPCO\MIP\PlatformPlugin\VideoOS.Platform\src\ConfigurationItems\Factory.cs:line 464&#xD;
&#xD;
Factory.IsItemTypeSupportedFactory.IsItemTypeSupported ()The method or operation is not implemented.   at VideoOS.Platform.SDKUnittest.EnvironmentTests.TestConfigurationClientService.GetItem(String path) in D:\actions-runner\_work\XPCO\XPCO\MIP\MIPSDK\tst\VideoOS.Platform.SDK.UnitTests\EnvironmentTests\TestsWithCorporateShimsBase.cs:line 227&#xD;
   at VideoOS.Platform.Proxy.ConfigApi.ConfigurationApiItemWrapper..ctor(ServerId serverId, String path) in D:\actions-runner\_work\XPCO\XPCO\MIP\PlatformPlugin\VideoOS.Platform\src\Proxy\ConfigApi\ConfigurationApiItemWrapper.cs:line 110&#xD;
   at VideoOS.Platform.ConfigurationItems.Factory.IsItemTypeSupported(ServerId serverId, String itemType) in D:\actions-runner\_work\XPCO\XPCO\MIP\PlatformPlugin\VideoOS.Platform\src\ConfigurationItems\Factory.cs:line 464&#xD;
MIP: Error: GetConfiguration (): CustomSetting not found for the given platformDefinitionId: e145597a-ecaf-40a1-99e6-14bb9d45a09e&#xD;
MIP: Error: ConfigurationApiItemWrapper (): ConfigAPI GetItem(): System.NotImplementedException, The method or operation is not implemented.&#xD;
MIP: Error: Factory.IsItemTypeSupported (): Exception source:      VideoOS.Platform.SDK.UnitTests&#xD;
Exception type:        System.NotImplementedException&#xD;
Exception message:     The method or operation is not implemented.&#xD;
Exception target site: GetItem&#xD;
   at VideoOS.Platform.SDKUnittest.EnvironmentTests.TestConfigurationClientService.GetItem(String path) in D:\actions-runner\_work\XPCO\XPCO\MIP\MIPSDK\tst\VideoOS.Platform.SDK.UnitTests\EnvironmentTests\TestsWithCorporateShimsBase.cs:line 227&#xD;
   at VideoOS.Platform.Proxy.ConfigApi.ConfigurationApiItemWrapper..ctor(ServerId serverId, String path) in D:\actions-runner\_work\XPCO\XPCO\MIP\PlatformPlugin\VideoOS.Platform\src\Proxy\ConfigApi\ConfigurationApiItemWrapper.cs:line 110&#xD;
   at VideoOS.Platform.ConfigurationItems.Factory.IsItemTypeSupported(ServerId serverId, String itemType) in D:\actions-runner\_work\XPCO\XPCO\MIP\PlatformPlugin\VideoOS.Platform\src\ConfigurationItems\Factory.cs:line 464&#xD;
&#xD;
Factory.IsItemTypeSupportedFactory.IsItemTypeSupported ()The method or operation is not implemented.   at VideoOS.Platform.SDKUnittest.EnvironmentTests.TestConfigurationClientService.GetItem(String path) in D:\actions-runner\_work\XPCO\XPCO\MIP\MIPSDK\tst\VideoOS.Platform.SDK.UnitTests\EnvironmentTests\TestsWithCorporateShimsBase.cs:line 227&#xD;
   at VideoOS.Platform.Proxy.ConfigApi.ConfigurationApiItemWrapper..ctor(ServerId serverId, String path) in D:\actions-runner\_work\XPCO\XPCO\MIP\PlatformPlugin\VideoOS.Platform\src\Proxy\ConfigApi\ConfigurationApiItemWrapper.cs:line 110&#xD;
   at VideoOS.Platform.ConfigurationItems.Factory.IsItemTypeSupported(ServerId serverId, String itemType) in D:\actions-runner\_work\XPCO\XPCO\MIP\PlatformPlugin\VideoOS.Platform\src\ConfigurationItems\Factory.cs:line 464&#xD;
MIP: Error: LoginServerOauth (): https://1.2.3.5:55/ManagementServer/ServerCommandServiceOAuth.svc The method or operation is not implemented.&#xD;
MIP: Error: ConfigurationApiItemWrapper (): ConfigAPI GetItem(): System.NotImplementedException, The method or operation is not implemented.&#xD;
MIP: Error: Factory.IsItemTypeSupported (): Exception source:      VideoOS.Platform.SDK.UnitTests&#xD;
Exception type:        System.NotImplementedException&#xD;
Exception message:     The method or operation is not implemented.&#xD;
Exception target site: GetItem&#xD;
   at VideoOS.Platform.SDKUnittest.EnvironmentTests.TestConfigurationClientService.GetItem(String path) in D:\actions-runner\_work\XPCO\XPCO\MIP\MIPSDK\tst\VideoOS.Platform.SDK.UnitTests\EnvironmentTests\TestsWithCorporateShimsBase.cs:line 227&#xD;
   at VideoOS.Platform.Proxy.ConfigApi.ConfigurationApiItemWrapper..ctor(ServerId serverId, String path) in D:\actions-runner\_work\XPCO\XPCO\MIP\PlatformPlugin\VideoOS.Platform\src\Proxy\ConfigApi\ConfigurationApiItemWrapper.cs:line 110&#xD;
   at VideoOS.Platform.ConfigurationItems.Factory.IsItemTypeSupported(ServerId serverId, String itemType) in D:\actions-runner\_work\XPCO\XPCO\MIP\PlatformPlugin\VideoOS.Platform\src\ConfigurationItems\Factory.cs:line 464&#xD;
&#xD;
Factory.IsItemTypeSupportedFactory.IsItemTypeSupported ()The method or operation is not implemented.   at VideoOS.Platform.SDKUnittest.EnvironmentTests.TestConfigurationClientService.GetItem(String path) in D:\actions-runner\_work\XPCO\XPCO\MIP\MIPSDK\tst\VideoOS.Platform.SDK.UnitTests\EnvironmentTests\TestsWithCorporateShimsBase.cs:line 227&#xD;
   at VideoOS.Platform.Proxy.ConfigApi.ConfigurationApiItemWrapper..ctor(ServerId serverId, String path) in D:\actions-runner\_work\XPCO\XPCO\MIP\PlatformPlugin\VideoOS.Platform\src\Proxy\ConfigApi\ConfigurationApiItemWrapper.cs:line 110&#xD;
   at VideoOS.Platform.ConfigurationItems.Factory.IsItemTypeSupported(ServerId serverId, String itemType) in D:\actions-runner\_work\XPCO\XPCO\MIP\PlatformPlugin\VideoOS.Platform\src\ConfigurationItems\Factory.cs:line 464&#xD;
MIP: Error: GetConfiguration (): CustomSetting not found for the given platformDefinitionId: e145597a-ecaf-40a1-99e6-14bb9d45a09e&#xD;
MIP: Error: ConfigurationApiItemWrapper (): ConfigAPI GetItem(): System.NotImplementedException, The method or operation is not implemented.&#xD;
MIP: Error: Factory.IsItemTypeSupported (): Exception source:      VideoOS.Platform.SDK.UnitTests&#xD;
Exception type:        System.NotImplementedException&#xD;
Exception message:     The method or operation is not implemented.&#xD;
Exception target site: GetItem&#xD;
   at VideoOS.Platform.SDKUnittest.EnvironmentTests.TestConfigurationClientService.GetItem(String path) in D:\actions-runner\_work\XPCO\XPCO\MIP\MIPSDK\tst\VideoOS.Platform.SDK.UnitTests\EnvironmentTests\TestsWithCorporateShimsBase.cs:line 227&#xD;
   at VideoOS.Platform.Proxy.ConfigApi.ConfigurationApiItemWrapper..ctor(ServerId serverId, String path) in D:\actions-runner\_work\XPCO\XPCO\MIP\PlatformPlugin\VideoOS.Platform\src\Proxy\ConfigApi\ConfigurationApiItemWrapper.cs:line 110&#xD;
   at VideoOS.Platform.ConfigurationItems.Factory.IsItemTypeSupported(ServerId serverId, String itemType) in D:\actions-runner\_work\XPCO\XPCO\MIP\PlatformPlugin\VideoOS.Platform\src\ConfigurationItems\Factory.cs:line 464&#xD;
&#xD;
Factory.IsItemTypeSupportedFactory.IsItemTypeSupported ()The method or operation is not implemented.   at VideoOS.Platform.SDKUnittest.EnvironmentTests.TestConfigurationClientService.GetItem(String path) in D:\actions-runner\_work\XPCO\XPCO\MIP\MIPSDK\tst\VideoOS.Platform.SDK.UnitTests\EnvironmentTests\TestsWithCorporateShimsBase.cs:line 227&#xD;
   at VideoOS.Platform.Proxy.ConfigApi.ConfigurationApiItemWrapper..ctor(ServerId serverId, String path) in D:\actions-runner\_work\XPCO\XPCO\MIP\PlatformPlugin\VideoOS.Platform\src\Proxy\ConfigApi\ConfigurationApiItemWrapper.cs:line 110&#xD;
   at VideoOS.Platform.ConfigurationItems.Factory.IsItemTypeSupported(ServerId serverId, String itemType) in D:\actions-runner\_work\XPCO\XPCO\MIP\PlatformPlugin\VideoOS.Platform\src\ConfigurationItems\Factory.cs:line 464&#xD;
MIP: Error: LoginServerOauth (): https://1.2.3.5:55/ManagementServer/ServerCommandServiceOAuth.svc The method or operation is not implemented.&#xD;
MIP: Error: ConfigurationApiItemWrapper (): ConfigAPI GetItem(): System.NotImplementedException, The method or operation is not implemented.&#xD;
MIP: Error: Factory.IsItemTypeSupported (): Exception source:      VideoOS.Platform.SDK.UnitTests&#xD;
Exception type:        System.NotImplementedException&#xD;
Exception message:     The method or operation is not implemented.&#xD;
Exception target site: GetItem&#xD;
   at VideoOS.Platform.SDKUnittest.EnvironmentTests.TestConfigurationClientService.GetItem(String path) in D:\actions-runner\_work\XPCO\XPCO\MIP\MIPSDK\tst\VideoOS.Platform.SDK.UnitTests\EnvironmentTests\TestsWithCorporateShimsBase.cs:line 227&#xD;
   at VideoOS.Platform.Proxy.ConfigApi.ConfigurationApiItemWrapper..ctor(ServerId serverId, String path) in D:\actions-runner\_work\XPCO\XPCO\MIP\PlatformPlugin\VideoOS.Platform\src\Proxy\ConfigApi\ConfigurationApiItemWrapper.cs:line 110&#xD;
   at VideoOS.Platform.ConfigurationItems.Factory.IsItemTypeSupported(ServerId serverId, String itemType) in D:\actions-runner\_work\XPCO\XPCO\MIP\PlatformPlugin\VideoOS.Platform\src\ConfigurationItems\Factory.cs:line 464&#xD;
&#xD;
Factory.IsItemTypeSupportedFactory.IsItemTypeSupported ()The method or operation is not implemented.   at VideoOS.Platform.SDKUnittest.EnvironmentTests.TestConfigurationClientService.GetItem(String path) in D:\actions-runner\_work\XPCO\XPCO\MIP\MIPSDK\tst\VideoOS.Platform.SDK.UnitTests\EnvironmentTests\TestsWithCorporateShimsBase.cs:line 227&#xD;
   at VideoOS.Platform.Proxy.ConfigApi.ConfigurationApiItemWrapper..ctor(ServerId serverId, String path) in D:\actions-runner\_work\XPCO\XPCO\MIP\PlatformPlugin\VideoOS.Platform\src\Proxy\ConfigApi\ConfigurationApiItemWrapper.cs:line 110&#xD;
   at VideoOS.Platform.ConfigurationItems.Factory.IsItemTypeSupported(ServerId serverId, String itemType) in D:\actions-runner\_work\XPCO\XPCO\MIP\PlatformPlugin\VideoOS.Platform\src\ConfigurationItems\Factory.cs:line 464&#xD;
MIP: Error: GetConfiguration (): CustomSetting not found for the given platformDefinitionId: e145597a-ecaf-40a1-99e6-14bb9d45a09e&#xD;
MIP: Error: ConfigurationApiItemWrapper (): ConfigAPI GetItem(): System.NotImplementedException, The method or operation is not implemented.&#xD;
MIP: Error: Factory.IsItemTypeSupported (): Exception source:      VideoOS.Platform.SDK.UnitTests&#xD;
Exception type:        System.NotImplementedException&#xD;
Exception message:     The method or operation is not implemented.&#xD;
Exception target site: GetItem&#xD;
   at VideoOS.Platform.SDKUnittest.EnvironmentTests.TestConfigurationClientService.GetItem(String path) in D:\actions-runner\_work\XPCO\XPCO\MIP\MIPSDK\tst\VideoOS.Platform.SDK.UnitTests\EnvironmentTests\TestsWithCorporateShimsBase.cs:line 227&#xD;
   at VideoOS.Platform.Proxy.ConfigApi.ConfigurationApiItemWrapper..ctor(ServerId serverId, String path) in D:\actions-runner\_work\XPCO\XPCO\MIP\PlatformPlugin\VideoOS.Platform\src\Proxy\ConfigApi\ConfigurationApiItemWrapper.cs:line 110&#xD;
   at VideoOS.Platform.ConfigurationItems.Factory.IsItemTypeSupported(ServerId serverId, String itemType) in D:\actions-runner\_work\XPCO\XPCO\MIP\PlatformPlugin\VideoOS.Platform\src\ConfigurationItems\Factory.cs:line 464&#xD;
&#xD;
Factory.IsItemTypeSupportedFactory.IsItemTypeSupported ()The method or operation is not implemented.   at VideoOS.Platform.SDKUnittest.EnvironmentTests.TestConfigurationClientService.GetItem(String path) in D:\actions-runner\_work\XPCO\XPCO\MIP\MIPSDK\tst\VideoOS.Platform.SDK.UnitTests\EnvironmentTests\TestsWithCorporateShimsBase.cs:line 227&#xD;
   at VideoOS.Platform.Proxy.ConfigApi.ConfigurationApiItemWrapper..ctor(ServerId serverId, String path) in D:\actions-runner\_work\XPCO\XPCO\MIP\PlatformPlugin\VideoOS.Platform\src\Proxy\ConfigApi\ConfigurationApiItemWrapper.cs:line 110&#xD;
   at VideoOS.Platform.ConfigurationItems.Factory.IsItemTypeSupported(ServerId serverId, String itemType) in D:\actions-runner\_work\XPCO\XPCO\MIP\PlatformPlugin\VideoOS.Platform\src\ConfigurationItems\Factory.cs:line 464&#xD;
MIP: Error: LoginServerOauth (): https://1.2.3.5:55/ManagementServer/ServerCommandServiceOAuth.svc The method or operation is not implemented.&#xD;
MIP: Error: ConfigurationApiItemWrapper (): ConfigAPI GetItem(): System.NotImplementedException, The method or operation is not implemented.&#xD;
MIP: Error: Factory.IsItemTypeSupported (): Exception source:      VideoOS.Platform.SDK.UnitTests&#xD;
Exception type:        System.NotImplementedException&#xD;
Exception message:     The method or operation is not implemented.&#xD;
Exception target site: GetItem&#xD;
   at VideoOS.Platform.SDKUnittest.EnvironmentTests.TestConfigurationClientService.GetItem(String path) in D:\actions-runner\_work\XPCO\XPCO\MIP\MIPSDK\tst\VideoOS.Platform.SDK.UnitTests\EnvironmentTests\TestsWithCorporateShimsBase.cs:line 227&#xD;
   at VideoOS.Platform.Proxy.ConfigApi.ConfigurationApiItemWrapper..ctor(ServerId serverId, String path) in D:\actions-runner\_work\XPCO\XPCO\MIP\PlatformPlugin\VideoOS.Platform\src\Proxy\ConfigApi\ConfigurationApiItemWrapper.cs:line 110&#xD;
   at VideoOS.Platform.ConfigurationItems.Factory.IsItemTypeSupported(ServerId serverId, String itemType) in D:\actions-runner\_work\XPCO\XPCO\MIP\PlatformPlugin\VideoOS.Platform\src\ConfigurationItems\Factory.cs:line 464&#xD;
&#xD;
Factory.IsItemTypeSupportedFactory.IsItemTypeSupported ()The method or operation is not implemented.   at VideoOS.Platform.SDKUnittest.EnvironmentTests.TestConfigurationClientService.GetItem(String path) in D:\actions-runner\_work\XPCO\XPCO\MIP\MIPSDK\tst\VideoOS.Platform.SDK.UnitTests\EnvironmentTests\TestsWithCorporateShimsBase.cs:line 227&#xD;
   at VideoOS.Platform.Proxy.ConfigApi.ConfigurationApiItemWrapper..ctor(ServerId serverId, String path) in D:\actions-runner\_work\XPCO\XPCO\MIP\PlatformPlugin\VideoOS.Platform\src\Proxy\ConfigApi\ConfigurationApiItemWrapper.cs:line 110&#xD;
   at VideoOS.Platform.ConfigurationItems.Factory.IsItemTypeSupported(ServerId serverId, String itemType) in D:\actions-runner\_work\XPCO\XPCO\MIP\PlatformPlugin\VideoOS.Platform\src\ConfigurationItems\Factory.cs:line 464&#xD;
MIP: Error: ConfigurationApiItemWrapper (): ConfigAPI GetItem(): System.NotImplementedException, The method or operation is not implemented.&#xD;
MIP: Error: Factory.IsItemTypeSupported (): Exception source:      VideoOS.Platform.SDK.UnitTests&#xD;
Exception type:        System.NotImplementedException&#xD;
Exception message:     The method or operation is not implemented.&#xD;
Exception target site: GetItem&#xD;
   at VideoOS.Platform.SDKUnittest.EnvironmentTests.TestConfigurationClientService.GetItem(String path) in D:\actions-runner\_work\XPCO\XPCO\MIP\MIPSDK\tst\VideoOS.Platform.SDK.UnitTests\EnvironmentTests\TestsWithCorporateShimsBase.cs:line 227&#xD;
   at VideoOS.Platform.Proxy.ConfigApi.ConfigurationApiItemWrapper..ctor(ServerId serverId, String path) in D:\actions-runner\_work\XPCO\XPCO\MIP\PlatformPlugin\VideoOS.Platform\src\Proxy\ConfigApi\ConfigurationApiItemWrapper.cs:line 110&#xD;
   at VideoOS.Platform.ConfigurationItems.Factory.IsItemTypeSupported(ServerId serverId, String itemType) in D:\actions-runner\_work\XPCO\XPCO\MIP\PlatformPlugin\VideoOS.Platform\src\ConfigurationItems\Factory.cs:line 464&#xD;
&#xD;
Factory.IsItemTypeSupportedFactory.IsItemTypeSupported ()The method or operation is not implemented.   at VideoOS.Platform.SDKUnittest.EnvironmentTests.TestConfigurationClientService.GetItem(String path) in D:\actions-runner\_work\XPCO\XPCO\MIP\MIPSDK\tst\VideoOS.Platform.SDK.UnitTests\EnvironmentTests\TestsWithCorporateShimsBase.cs:line 227&#xD;
   at VideoOS.Platform.Proxy.ConfigApi.ConfigurationApiItemWrapper..ctor(ServerId serverId, String path) in D:\actions-runner\_work\XPCO\XPCO\MIP\PlatformPlugin\VideoOS.Platform\src\Proxy\ConfigApi\ConfigurationApiItemWrapper.cs:line 110&#xD;
   at VideoOS.Platform.ConfigurationItems.Factory.IsItemTypeSupported(ServerId serverId, String itemType) in D:\actions-runner\_work\XPCO\XPCO\MIP\PlatformPlugin\VideoOS.Platform\src\ConfigurationItems\Factory.cs:line 464&#xD;
MIP: Error: LoginServerOauth (): https://1.2.3.5:55/ManagementServer/ServerCommandServiceOAuth.svc The method or operation is not implemented.&#xD;
MIP: Error: ConfigurationApiItemWrapper (): ConfigAPI GetItem(): System.NotImplementedException, The method or operation is not implemented.&#xD;
MIP: Error: Factory.IsItemTypeSupported (): Exception source:      VideoOS.Platform.SDK.UnitTests&#xD;
Exception type:        System.NotImplementedException&#xD;
Exception message:     The method or operation is not implemented.&#xD;
Exception target site: GetItem&#xD;
   at VideoOS.Platform.SDKUnittest.EnvironmentTests.TestConfigurationClientService.GetItem(String path) in D:\actions-runner\_work\XPCO\XPCO\MIP\MIPSDK\tst\VideoOS.Platform.SDK.UnitTests\EnvironmentTests\TestsWithCorporateShimsBase.cs:line 227&#xD;
   at VideoOS.Platform.Proxy.ConfigApi.ConfigurationApiItemWrapper..ctor(ServerId serverId, String path) in D:\actions-runner\_work\XPCO\XPCO\MIP\PlatformPlugin\VideoOS.Platform\src\Proxy\ConfigApi\ConfigurationApiItemWrapper.cs:line 110&#xD;
   at VideoOS.Platform.ConfigurationItems.Factory.IsItemTypeSupported(ServerId serverId, String itemType) in D:\actions-runner\_work\XPCO\XPCO\MIP\PlatformPlugin\VideoOS.Platform\src\ConfigurationItems\Factory.cs:line 464&#xD;
&#xD;
Factory.IsItemTypeSupportedFactory.IsItemTypeSupported ()The method or operation is not implemented.   at VideoOS.Platform.SDKUnittest.EnvironmentTests.TestConfigurationClientService.GetItem(String path) in D:\actions-runner\_work\XPCO\XPCO\MIP\MIPSDK\tst\VideoOS.Platform.SDK.UnitTests\EnvironmentTests\TestsWithCorporateShimsBase.cs:line 227&#xD;
   at VideoOS.Platform.Proxy.ConfigApi.ConfigurationApiItemWrapper..ctor(ServerId serverId, String path) in D:\actions-runner\_work\XPCO\XPCO\MIP\PlatformPlugin\VideoOS.Platform\src\Proxy\ConfigApi\ConfigurationApiItemWrapper.cs:line 110&#xD;
   at VideoOS.Platform.ConfigurationItems.Factory.IsItemTypeSupported(ServerId serverId, String itemType) in D:\actions-runner\_work\XPCO\XPCO\MIP\PlatformPlugin\VideoOS.Platform\src\ConfigurationItems\Factory.cs:line 464&#xD;
MIP: Error: GetConfiguration (): CustomSetting not found for the given platformDefinitionId: e145597a-ecaf-40a1-99e6-14bb9d45a09e&#xD;
MIP: Error: ConfigurationApiItemWrapper (): ConfigAPI GetItem(): System.NotImplementedException, The method or operation is not implemented.&#xD;
MIP: Error: Factory.IsItemTypeSupported (): Exception source:      VideoOS.Platform.SDK.UnitTests&#xD;
Exception type:        System.NotImplementedException&#xD;
Exception message:     The method or operation is not implemented.&#xD;
Exception target site: GetItem&#xD;
   at VideoOS.Platform.SDKUnittest.EnvironmentTests.TestConfigurationClientService.GetItem(String path) in D:\actions-runner\_work\XPCO\XPCO\MIP\MIPSDK\tst\VideoOS.Platform.SDK.UnitTests\EnvironmentTests\TestsWithCorporateShimsBase.cs:line 227&#xD;
   at VideoOS.Platform.Proxy.ConfigApi.ConfigurationApiItemWrapper..ctor(ServerId serverId, String path) in D:\actions-runner\_work\XPCO\XPCO\MIP\PlatformPlugin\VideoOS.Platform\src\Proxy\ConfigApi\ConfigurationApiItemWrapper.cs:line 110&#xD;
   at VideoOS.Platform.ConfigurationItems.Factory.IsItemTypeSupported(ServerId serverId, String itemType) in D:\actions-runner\_work\XPCO\XPCO\MIP\PlatformPlugin\VideoOS.Platform\src\ConfigurationItems\Factory.cs:line 464&#xD;
&#xD;
Factory.IsItemTypeSupportedFactory.IsItemTypeSupported ()The method or operation is not implemented.   at VideoOS.Platform.SDKUnittest.EnvironmentTests.TestConfigurationClientService.GetItem(String path) in D:\actions-runner\_work\XPCO\XPCO\MIP\MIPSDK\tst\VideoOS.Platform.SDK.UnitTests\EnvironmentTests\TestsWithCorporateShimsBase.cs:line 227&#xD;
   at VideoOS.Platform.Proxy.ConfigApi.ConfigurationApiItemWrapper..ctor(ServerId serverId, String path) in D:\actions-runner\_work\XPCO\XPCO\MIP\PlatformPlugin\VideoOS.Platform\src\Proxy\ConfigApi\ConfigurationApiItemWrapper.cs:line 110&#xD;
   at VideoOS.Platform.ConfigurationItems.Factory.IsItemTypeSupported(ServerId serverId, String itemType) in D:\actions-runner\_work\XPCO\XPCO\MIP\PlatformPlugin\VideoOS.Platform\src\ConfigurationItems\Factory.cs:line 464&#xD;
MIP: Error: LoginServerOauth (): https://1.2.3.5:55/ManagementServer/ServerCommandServiceOAuth.svc The method or operation is not implemented.&#xD;
MIP: Error: ConfigurationApiItemWrapper (): ConfigAPI GetItem(): System.NotImplementedException, The method or operation is not implemented.&#xD;
MIP: Error: Factory.IsItemTypeSupported (): Exception source:      VideoOS.Platform.SDK.UnitTests&#xD;
Exception type:        System.NotImplementedException&#xD;
Exception message:     The method or operation is not implemented.&#xD;
Exception target site: GetItem&#xD;
   at VideoOS.Platform.SDKUnittest.EnvironmentTests.TestConfigurationClientService.GetItem(String path) in D:\actions-runner\_work\XPCO\XPCO\MIP\MIPSDK\tst\VideoOS.Platform.SDK.UnitTests\EnvironmentTests\TestsWithCorporateShimsBase.cs:line 227&#xD;
   at VideoOS.Platform.Proxy.ConfigApi.ConfigurationApiItemWrapper..ctor(ServerId serverId, String path) in D:\actions-runner\_work\XPCO\XPCO\MIP\PlatformPlugin\VideoOS.Platform\src\Proxy\ConfigApi\ConfigurationApiItemWrapper.cs:line 110&#xD;
   at VideoOS.Platform.ConfigurationItems.Factory.IsItemTypeSupported(ServerId serverId, String itemType) in D:\actions-runner\_work\XPCO\XPCO\MIP\PlatformPlugin\VideoOS.Platform\src\ConfigurationItems\Factory.cs:line 464&#xD;
&#xD;
Factory.IsItemTypeSupportedFactory.IsItemTypeSupported ()The method or operation is not implemented.   at VideoOS.Platform.SDKUnittest.EnvironmentTests.TestConfigurationClientService.GetItem(String path) in D:\actions-runner\_work\XPCO\XPCO\MIP\MIPSDK\tst\VideoOS.Platform.SDK.UnitTests\EnvironmentTests\TestsWithCorporateShimsBase.cs:line 227&#xD;
   at VideoOS.Platform.Proxy.ConfigApi.ConfigurationApiItemWrapper..ctor(ServerId serverId, String path) in D:\actions-runner\_work\XPCO\XPCO\MIP\PlatformPlugin\VideoOS.Platform\src\Proxy\ConfigApi\ConfigurationApiItemWrapper.cs:line 110&#xD;
   at VideoOS.Platform.ConfigurationItems.Factory.IsItemTypeSupported(ServerId serverId, String itemType) in D:\actions-runner\_work\XPCO\XPCO\MIP\PlatformPlugin\VideoOS.Platform\src\ConfigurationItems\Factory.cs:line 464&#xD;
MIP: Error: ConfigurationApiItemWrapper (): ConfigAPI GetItem(): System.NotImplementedException, The method or operation is not implemented.&#xD;
MIP: Error: Factory.IsItemTypeSupported (): Exception source:      VideoOS.Platform.SDK.UnitTests&#xD;
Exception type:        System.NotImplementedException&#xD;
Exception message:     The method or operation is not implemented.&#xD;
Exception target site: GetItem&#xD;
   at VideoOS.Platform.SDKUnittest.EnvironmentTests.TestConfigurationClientService.GetItem(String path) in D:\actions-runner\_work\XPCO\XPCO\MIP\MIPSDK\tst\VideoOS.Platform.SDK.UnitTests\EnvironmentTests\TestsWithCorporateShimsBase.cs:line 227&#xD;
   at VideoOS.Platform.Proxy.ConfigApi.ConfigurationApiItemWrapper..ctor(ServerId serverId, String path) in D:\actions-runner\_work\XPCO\XPCO\MIP\PlatformPlugin\VideoOS.Platform\src\Proxy\ConfigApi\ConfigurationApiItemWrapper.cs:line 110&#xD;
   at VideoOS.Platform.ConfigurationItems.Factory.IsItemTypeSupported(ServerId serverId, String itemType) in D:\actions-runner\_work\XPCO\XPCO\MIP\PlatformPlugin\VideoOS.Platform\src\ConfigurationItems\Factory.cs:line 464&#xD;
&#xD;
Factory.IsItemTypeSupportedFactory.IsItemTypeSupported ()The method or operation is not implemented.   at VideoOS.Platform.SDKUnittest.EnvironmentTests.TestConfigurationClientService.GetItem(String path) in D:\actions-runner\_work\XPCO\XPCO\MIP\MIPSDK\tst\VideoOS.Platform.SDK.UnitTests\EnvironmentTests\TestsWithCorporateShimsBase.cs:line 227&#xD;
   at VideoOS.Platform.Proxy.ConfigApi.ConfigurationApiItemWrapper..ctor(ServerId serverId, String path) in D:\actions-runner\_work\XPCO\XPCO\MIP\PlatformPlugin\VideoOS.Platform\src\Proxy\ConfigApi\ConfigurationApiItemWrapper.cs:line 110&#xD;
   at VideoOS.Platform.ConfigurationItems.Factory.IsItemTypeSupported(ServerId serverId, String itemType) in D:\actions-runner\_work\XPCO\XPCO\MIP\PlatformPlugin\VideoOS.Platform\src\ConfigurationItems\Factory.cs:line 464&#xD;
MIP: Error: ConfigurationApiItemWrapper (): ConfigAPI GetItem(): System.NotImplementedException, The method or operation is not implemented.&#xD;
MIP: Error: Factory.IsItemTypeSupported (): Exception source:      VideoOS.Platform.SDK.UnitTests&#xD;
Exception type:        System.NotImplementedException&#xD;
Exception message:     The method or operation is not implemented.&#xD;
Exception target site: GetItem&#xD;
   at VideoOS.Platform.SDKUnittest.EnvironmentTests.TestConfigurationClientService.GetItem(String path) in D:\actions-runner\_work\XPCO\XPCO\MIP\MIPSDK\tst\VideoOS.Platform.SDK.UnitTests\EnvironmentTests\TestsWithCorporateShimsBase.cs:line 227&#xD;
   at VideoOS.Platform.Proxy.ConfigApi.ConfigurationApiItemWrapper..ctor(ServerId serverId, String path) in D:\actions-runner\_work\XPCO\XPCO\MIP\PlatformPlugin\VideoOS.Platform\src\Proxy\ConfigApi\ConfigurationApiItemWrapper.cs:line 110&#xD;
   at VideoOS.Platform.ConfigurationItems.Factory.IsItemTypeSupported(ServerId serverId, String itemType) in D:\actions-runner\_work\XPCO\XPCO\MIP\PlatformPlugin\VideoOS.Platform\src\ConfigurationItems\Factory.cs:line 464&#xD;
&#xD;
Factory.IsItemTypeSupportedFactory.IsItemTypeSupported ()The method or operation is not implemented.   at VideoOS.Platform.SDKUnittest.EnvironmentTests.TestConfigurationClientService.GetItem(String path) in D:\actions-runner\_work\XPCO\XPCO\MIP\MIPSDK\tst\VideoOS.Platform.SDK.UnitTests\EnvironmentTests\TestsWithCorporateShimsBase.cs:line 227&#xD;
   at VideoOS.Platform.Proxy.ConfigApi.ConfigurationApiItemWrapper..ctor(ServerId serverId, String path) in D:\actions-runner\_work\XPCO\XPCO\MIP\PlatformPlugin\VideoOS.Platform\src\Proxy\ConfigApi\ConfigurationApiItemWrapper.cs:line 110&#xD;
   at VideoOS.Platform.ConfigurationItems.Factory.IsItemTypeSupported(ServerId serverId, String itemType) in D:\actions-runner\_work\XPCO\XPCO\MIP\PlatformPlugin\VideoOS.Platform\src\ConfigurationItems\Factory.cs:line 464&#xD;
MIP: Error: ConfigurationApiItemWrapper (): ConfigAPI GetItem(): System.NotImplementedException, The method or operation is not implemented.&#xD;
MIP: Error: Factory.IsItemTypeSupported (): Exception source:      VideoOS.Platform.SDK.UnitTests&#xD;
Exception type:        System.NotImplementedException&#xD;
Exception message:     The method or operation is not implemented.&#xD;
Exception target site: GetItem&#xD;
   at VideoOS.Platform.SDKUnittest.EnvironmentTests.TestConfigurationClientService.GetItem(String path) in D:\actions-runner\_work\XPCO\XPCO\MIP\MIPSDK\tst\VideoOS.Platform.SDK.UnitTests\EnvironmentTests\TestsWithCorporateShimsBase.cs:line 227&#xD;
   at VideoOS.Platform.Proxy.ConfigApi.ConfigurationApiItemWrapper..ctor(ServerId serverId, String path) in D:\actions-runner\_work\XPCO\XPCO\MIP\PlatformPlugin\VideoOS.Platform\src\Proxy\ConfigApi\ConfigurationApiItemWrapper.cs:line 110&#xD;
   at VideoOS.Platform.ConfigurationItems.Factory.IsItemTypeSupported(ServerId serverId, String itemType) in D:\actions-runner\_work\XPCO\XPCO\MIP\PlatformPlugin\VideoOS.Platform\src\ConfigurationItems\Factory.cs:line 464&#xD;
&#xD;
Factory.IsItemTypeSupportedFactory.IsItemTypeSupported ()The method or operation is not implemented.   at VideoOS.Platform.SDKUnittest.EnvironmentTests.TestConfigurationClientService.GetItem(String path) in D:\actions-runner\_work\XPCO\XPCO\MIP\MIPSDK\tst\VideoOS.Platform.SDK.UnitTests\EnvironmentTests\TestsWithCorporateShimsBase.cs:line 227&#xD;
   at VideoOS.Platform.Proxy.ConfigApi.ConfigurationApiItemWrapper..ctor(ServerId serverId, String path) in D:\actions-runner\_work\XPCO\XPCO\MIP\PlatformPlugin\VideoOS.Platform\src\Proxy\ConfigApi\ConfigurationApiItemWrapper.cs:line 110&#xD;
   at VideoOS.Platform.ConfigurationItems.Factory.IsItemTypeSupported(ServerId serverId, String itemType) in D:\actions-runner\_work\XPCO\XPCO\MIP\PlatformPlugin\VideoOS.Platform\src\ConfigurationItems\Factory.cs:line 464&#xD;
MIP: Error: ConfigurationApiItemWrapper (): ConfigAPI GetItem(): System.NotImplementedException, The method or operation is not implemented.&#xD;
MIP: Error: Factory.IsItemTypeSupported (): Exception source:      VideoOS.Platform.SDK.UnitTests&#xD;
Exception type:        System.NotImplementedException&#xD;
Exception message:     The method or operation is not implemented.&#xD;
Exception target site: GetItem&#xD;
   at VideoOS.Platform.SDKUnittest.EnvironmentTests.TestConfigurationClientService.GetItem(String path) in D:\actions-runner\_work\XPCO\XPCO\MIP\MIPSDK\tst\VideoOS.Platform.SDK.UnitTests\EnvironmentTests\TestsWithCorporateShimsBase.cs:line 227&#xD;
   at VideoOS.Platform.Proxy.ConfigApi.ConfigurationApiItemWrapper..ctor(ServerId serverId, String path) in D:\actions-runner\_work\XPCO\XPCO\MIP\PlatformPlugin\VideoOS.Platform\src\Proxy\ConfigApi\ConfigurationApiItemWrapper.cs:line 110&#xD;
   at VideoOS.Platform.ConfigurationItems.Factory.IsItemTypeSupported(ServerId serverId, String itemType) in D:\actions-runner\_work\XPCO\XPCO\MIP\PlatformPlugin\VideoOS.Platform\src\ConfigurationItems\Factory.cs:line 464&#xD;
&#xD;
Factory.IsItemTypeSupportedFactory.IsItemTypeSupported ()The method or operation is not implemented.   at VideoOS.Platform.SDKUnittest.EnvironmentTests.TestConfigurationClientService.GetItem(String path) in D:\actions-runner\_work\XPCO\XPCO\MIP\MIPSDK\tst\VideoOS.Platform.SDK.UnitTests\EnvironmentTests\TestsWithCorporateShimsBase.cs:line 227&#xD;
   at VideoOS.Platform.Proxy.ConfigApi.ConfigurationApiItemWrapper..ctor(ServerId serverId, String path) in D:\actions-runner\_work\XPCO\XPCO\MIP\PlatformPlugin\VideoOS.Platform\src\Proxy\ConfigApi\ConfigurationApiItemWrapper.cs:line 110&#xD;
   at VideoOS.Platform.ConfigurationItems.Factory.IsItemTypeSupported(ServerId serverId, String itemType) in D:\actions-runner\_work\XPCO\XPCO\MIP\PlatformPlugin\VideoOS.Platform\src\ConfigurationItems\Factory.cs:line 464</StdOut>
      </Output>
    </UnitTestResult>
    <UnitTestResult executionId="54a4b15c-c0f5-48c5-b27b-efa07c50dc4b" testId="13db86b8-d705-e0c0-8e48-91f126870b66" testName="InitializeTwice_ShouldCallServiceInitOnce" computerName="DKSR-EFI-06" duration="00:00:00.0016053" startTime="2024-01-09T15:44:28.1074351+01:00" endTime="2024-01-09T15:44:28.1074351+01:00" testType="13cdc9d9-ddb5-4fa4-a97d-d965ccfc6d4b" outcome="Passed" testListId="8c84fa94-04c1-424b-9868-57a2d4851a1d" relativeResultsDirectory="54a4b15c-c0f5-48c5-b27b-efa07c50dc4b" />
    <UnitTestResult executionId="a5aa5a18-9ccf-458b-a178-304f9da739c3" testId="60cda89b-764e-8c9e-bc30-1e3457534948" testName="ConnectUsingConfiguration_NullConfiguration_Throws" computerName="DKSR-EFI-06" duration="00:00:00.0009077" startTime="2024-01-09T15:45:56.8137647+01:00" endTime="2024-01-09T15:45:56.8137647+01:00" testType="13cdc9d9-ddb5-4fa4-a97d-d965ccfc6d4b" outcome="Passed" testListId="8c84fa94-04c1-424b-9868-57a2d4851a1d" relativeResultsDirectory="a5aa5a18-9ccf-458b-a178-304f9da739c3" />
    <UnitTestResult executionId="20a50069-bf39-49c9-a447-f6feca45ff65" testId="ec1b8724-7d12-203f-4036-aea2a965aaa8" testName="OutgoingAudioWaveFormatSamplesPerSecond_ShouldBeSet_WhenValueIsAllowed" computerName="DKSR-EFI-06" duration="00:00:00.0004212" startTime="2024-01-09T15:45:56.6731189+01:00" endTime="2024-01-09T15:45:56.6731189+01:00" testType="13cdc9d9-ddb5-4fa4-a97d-d965ccfc6d4b" outcome="Passed" testListId="8c84fa94-04c1-424b-9868-57a2d4851a1d" relativeResultsDirectory="20a50069-bf39-49c9-a447-f6feca45ff65" />
    <UnitTestResult executionId="4aff2b4c-d2dc-4144-8d03-117ae7daf6e8" testId="1c378be1-6602-2c62-b3de-426ce05f22b8" testName="RemoveServer_WithIdWhenLoginSettingsNotNull_Correct" computerName="DKSR-EFI-06" duration="00:00:00.0078477" startTime="2024-01-09T15:44:27.5918079+01:00" endTime="2024-01-09T15:44:27.5918079+01:00" testType="13cdc9d9-ddb5-4fa4-a97d-d965ccfc6d4b" outcome="Passed" testListId="8c84fa94-04c1-424b-9868-57a2d4851a1d" relativeResultsDirectory="4aff2b4c-d2dc-4144-8d03-117ae7daf6e8" />
    <UnitTestResult executionId="8d7615b6-b1df-40ed-98ff-8aabf9dcac72" testId="15bcd984-07b3-3ad0-b259-4c4f5e06c1bd" testName="IsLoggedIn_Correct" computerName="DKSR-EFI-06" duration="00:00:00.0070963" startTime="2024-01-09T15:44:27.1699337+01:00" endTime="2024-01-09T15:44:27.1699337+01:00" testType="13cdc9d9-ddb5-4fa4-a97d-d965ccfc6d4b" outcome="Passed" testListId="8c84fa94-04c1-424b-9868-57a2d4851a1d" relativeResultsDirectory="8d7615b6-b1df-40ed-98ff-8aabf9dcac72" />
  </Results>
  <TestDefinitions>
    <UnitTest name="ReloadConfiguration_WhenServerIdNull_NotCallRefreshServer" storage="d:\actions-runner\_work\xpco\xpco\mip\mipsdk\tst\videoos.platform.sdk.unittests\bin\x64\debug\net472\videoos.platform.sdk.unittests.dll" id="d389fe94-fff2-4d0c-61e3-1873fab89725">
      <Execution id="791cb6d4-7248-4464-a4af-f873f7ad1477" />
      <TestMethod codeBase="D:\actions-runner\_work\XPCO\XPCO\MIP\MIPSDK\tst\VideoOS.Platform.SDK.UnitTests\bin\x64\Debug\net472\VideoOS.Platform.SDK.UnitTests.dll" adapterTypeName="executor://mstestadapter/v2" className="VideoOS.Platform.SDKUnittest.EnvironmentServiceTest" name="ReloadConfiguration_WhenServerIdNull_NotCallRefreshServer" />
    </UnitTest>
    <UnitTest name="XpcoCameraChecks" storage="d:\actions-runner\_work\xpco\xpco\mip\mipsdk\tst\videoos.platform.sdk.unittests\bin\x64\debug\net472\videoos.platform.sdk.unittests.dll" id="f71a8f3c-6ec8-1514-8d34-be3746728018">
      <Execution id="68fdc29e-5c23-47b9-90a9-5462e33283cd" />
      <TestMethod codeBase="D:\actions-runner\_work\XPCO\XPCO\MIP\MIPSDK\tst\VideoOS.Platform.SDK.UnitTests\bin\x64\Debug\net472\VideoOS.Platform.SDK.UnitTests.dll" adapterTypeName="executor://mstestadapter/v2" className="VideoOS.Platform.SDKUnittest.Configuration.XpcoConfigurationTest" name="XpcoCameraChecks" />
    </UnitTest>
    <UnitTest name="HandleAudioData_Muted_SamplesAdded" storage="d:\actions-runner\_work\xpco\xpco\mip\mipsdk\tst\videoos.platform.sdk.unittests\bin\x64\debug\net472\videoos.platform.sdk.unittests.dll" id="b83b8ad4-ac25-cb04-0854-f08db09e6b81">
      <TestCategory>
        <TestCategoryItem TestCategory="NAudioPlayerComponent" />
      </TestCategory>
      <Execution id="d3f41c00-c6ce-43b8-b5ee-1837b5b7a514" />
      <TestMethod codeBase="D:\actions-runner\_work\XPCO\XPCO\MIP\MIPSDK\tst\VideoOS.Platform.SDK.UnitTests\bin\x64\Debug\net472\VideoOS.Platform.SDK.UnitTests.dll" adapterTypeName="executor://mstestadapter/v2" className="VideoOS.Platform.SDKUnittest.Audio.NAudioPlayerComponentTest" name="HandleAudioData_Muted_SamplesAdded" />
    </UnitTest>
    <UnitTest name="AddServer_WhenParentUriNotNull_UseUserCredentialCache" storage="d:\actions-runner\_work\xpco\xpco\mip\mipsdk\tst\videoos.platform.sdk.unittests\bin\x64\debug\net472\videoos.platform.sdk.unittests.dll" id="3d0614d6-566e-2a0b-aa48-d33230f47a0b">
      <Execution id="20ba0931-f40e-4e9a-867d-8a48add9553a" />
      <TestMethod codeBase="D:\actions-runner\_work\XPCO\XPCO\MIP\MIPSDK\tst\VideoOS.Platform.SDK.UnitTests\bin\x64\Debug\net472\VideoOS.Platform.SDK.UnitTests.dll" adapterTypeName="executor://mstestadapter/v2" className="VideoOS.Platform.SDKUnittest.EnvironmentServiceTest" name="AddServer_WhenParentUriNotNull_UseUserCredentialCache" />
    </UnitTest>
    <UnitTest name="XpcoMultiLoginLoadConfiguration" storage="d:\actions-runner\_work\xpco\xpco\mip\mipsdk\tst\videoos.platform.sdk.unittests\bin\x64\debug\net472\videoos.platform.sdk.unittests.dll" id="7fe1ef40-9ce0-1e32-d490-dcfb0a7df207">
      <Execution id="9939fd25-f05f-4449-a364-5ce6f828dfe0" />
      <TestMethod codeBase="D:\actions-runner\_work\XPCO\XPCO\MIP\MIPSDK\tst\VideoOS.Platform.SDK.UnitTests\bin\x64\Debug\net472\VideoOS.Platform.SDK.UnitTests.dll" adapterTypeName="executor://mstestadapter/v2" className="VideoOS.Platform.SDKUnittest.EnvironmentTests.MultiEnvironmentTests" name="XpcoMultiLoginLoadConfiguration" />
    </UnitTest>
    <UnitTest name="CheckToMilisecString" storage="d:\actions-runner\_work\xpco\xpco\mip\mipsdk\tst\videoos.platform.sdk.unittests\bin\x64\debug\net472\videoos.platform.sdk.unittests.dll" id="05f781d9-9be7-1af3-c443-40faaa2345fc">
      <Execution id="a06172fa-3fad-44a3-bb8e-7ac432db5765" />
      <TestMethod codeBase="D:\actions-runner\_work\XPCO\XPCO\MIP\MIPSDK\tst\VideoOS.Platform.SDK.UnitTests\bin\x64\Debug\net472\VideoOS.Platform.SDK.UnitTests.dll" adapterTypeName="executor://mstestadapter/v2" className="VideoOS.Platform.SDKUnittest.FeatureTests.TimeConverterTests" name="CheckToMilisecString" />
    </UnitTest>
    <UnitTest name="XpcoServerConnectedFail" storage="d:\actions-runner\_work\xpco\xpco\mip\mipsdk\tst\videoos.platform.sdk.unittests\bin\x64\debug\net472\videoos.platform.sdk.unittests.dll" id="cba02d2f-4f19-49c0-1575-9037f596fa95">
      <Execution id="16840bdb-ab46-4aa2-978d-8ce4c981927b" />
      <TestMethod codeBase="D:\actions-runner\_work\XPCO\XPCO\MIP\MIPSDK\tst\VideoOS.Platform.SDK.UnitTests\bin\x64\Debug\net472\VideoOS.Platform.SDK.UnitTests.dll" adapterTypeName="executor://mstestadapter/v2" className="VideoOS.Platform.SDKUnittest.Configuration.XpcoConfigurationTest" name="XpcoServerConnectedFail" />
    </UnitTest>
    <UnitTest name="InitializeTwice_ShouldCallServiceInitOnce" storage="d:\actions-runner\_work\xpco\xpco\mip\mipsdk\tst\videoos.platform.sdk.unittests\bin\x64\debug\net472\videoos.platform.sdk.unittests.dll" id="13db86b8-d705-e0c0-8e48-91f126870b66">
      <Execution id="54a4b15c-c0f5-48c5-b27b-efa07c50dc4b" />
      <TestMethod codeBase="D:\actions-runner\_work\XPCO\XPCO\MIP\MIPSDK\tst\VideoOS.Platform.SDK.UnitTests\bin\x64\Debug\net472\VideoOS.Platform.SDK.UnitTests.dll" adapterTypeName="executor://mstestadapter/v2" className="VideoOS.Platform.SDKUnittest.EnvironmentTest" name="InitializeTwice_ShouldCallServiceInitOnce" />
    </UnitTest>
    <UnitTest name="Initialize_ShouldNotSetApplicationStateOn" storage="d:\actions-runner\_work\xpco\xpco\mip\mipsdk\tst\videoos.platform.sdk.unittests\bin\x64\debug\net472\videoos.platform.sdk.unittests.dll" id="56d2e303-9191-fd62-30a9-ea9298b86cd6">
      <Execution id="52cc1a0b-63a0-48f2-9308-c5bdde5d9f55" />
      <TestMethod codeBase="D:\actions-runner\_work\XPCO\XPCO\MIP\MIPSDK\tst\VideoOS.Platform.SDK.UnitTests\bin\x64\Debug\net472\VideoOS.Platform.SDK.UnitTests.dll" adapterTypeName="executor://mstestadapter/v2" className="VideoOS.Platform.SDKUnittest.EnvironmentTest" name="Initialize_ShouldNotSetApplicationStateOn" />
    </UnitTest>
    <UnitTest name="CheckBaseTime1970FromDouble" storage="d:\actions-runner\_work\xpco\xpco\mip\mipsdk\tst\videoos.platform.sdk.unittests\bin\x64\debug\net472\videoos.platform.sdk.unittests.dll" id="e630de82-fafd-ad10-afe7-e93e9dd1df87">
      <Execution id="147cec04-2949-4ee5-b85d-22f0cb0d3128" />
      <TestMethod codeBase="D:\actions-runner\_work\XPCO\XPCO\MIP\MIPSDK\tst\VideoOS.Platform.SDK.UnitTests\bin\x64\Debug\net472\VideoOS.Platform.SDK.UnitTests.dll" adapterTypeName="executor://mstestadapter/v2" className="VideoOS.Platform.SDKUnittest.FeatureTests.TimeConverterTests" name="CheckBaseTime1970FromDouble" />
    </UnitTest>
    <UnitTest name="Givent_MessageContainingEventWithData_When_CallingGetDataOfCorrectType_Then_ACompleteObjectIsReturned" storage="d:\actions-runner\_work\xpco\xpco\mip\mipsdk\tst\videoos.platform.sdk.unittests\bin\x64\debug\net472\videoos.platform.sdk.unittests.dll" id="58703ce4-1c67-ed97-f1a4-1af1a3003de0">
      <Execution id="e8db95d5-58cb-42a8-8a68-24252a63e467" />
      <TestMethod codeBase="D:\actions-runner\_work\XPCO\XPCO\MIP\MIPSDK\tst\VideoOS.Platform.SDK.UnitTests\bin\x64\Debug\net472\VideoOS.Platform.SDK.UnitTests.dll" adapterTypeName="executor://mstestadapter/v2" className="VideoOS.Platform.SDKUnittest.EventsAndState.SerializationTests" name="Givent_MessageContainingEventWithData_When_CallingGetDataOfCorrectType_Then_ACompleteObjectIsReturned" />
    </UnitTest>
    <UnitTest name="Reset_Success" storage="d:\actions-runner\_work\xpco\xpco\mip\mipsdk\tst\videoos.platform.sdk.unittests\bin\x64\debug\net472\videoos.platform.sdk.unittests.dll" id="40843798-41bf-fb8a-959c-ba732aa831ed">
      <Execution id="9a4a37d1-a862-4d07-8cc6-bf5f30fdad02" />
      <TestMethod codeBase="D:\actions-runner\_work\XPCO\XPCO\MIP\MIPSDK\tst\VideoOS.Platform.SDK.UnitTests\bin\x64\Debug\net472\VideoOS.Platform.SDK.UnitTests.dll" adapterTypeName="executor://mstestadapter/v2" className="VideoOS.Platform.SDKUnittest.EnvironmentServiceTest" name="Reset_Success" />
    </UnitTest>
    <UnitTest name="Givent_MessageContainingEventWithData_When_ConvertingToEvents_Then_NoElementsAreOfNewtonSoftJsonType" storage="d:\actions-runner\_work\xpco\xpco\mip\mipsdk\tst\videoos.platform.sdk.unittests\bin\x64\debug\net472\videoos.platform.sdk.unittests.dll" id="08174d10-eed4-6921-ad50-4948b695fb55">
      <Execution id="511eb291-9e2e-4e83-aed0-ed30baa34b78" />
      <TestMethod codeBase="D:\actions-runner\_work\XPCO\XPCO\MIP\MIPSDK\tst\VideoOS.Platform.SDK.UnitTests\bin\x64\Debug\net472\VideoOS.Platform.SDK.UnitTests.dll" adapterTypeName="executor://mstestadapter/v2" className="VideoOS.Platform.SDKUnittest.EventsAndState.SerializationTests" name="Givent_MessageContainingEventWithData_When_ConvertingToEvents_Then_NoElementsAreOfNewtonSoftJsonType" />
    </UnitTest>
    <UnitTest name="Given_Connected_When_GetCurrentStateSuccesful_Then_StatesAreReturned" storage="d:\actions-runner\_work\xpco\xpco\mip\mipsdk\tst\videoos.platform.sdk.unittests\bin\x64\debug\net472\videoos.platform.sdk.unittests.dll" id="6c2774fd-5517-8aea-be70-fd37a3cf85af">
      <Execution id="b873bd7c-1799-4661-9986-6f065f8c3ea7" />
      <TestMethod codeBase="D:\actions-runner\_work\XPCO\XPCO\MIP\MIPSDK\tst\VideoOS.Platform.SDK.UnitTests\bin\x64\Debug\net472\VideoOS.Platform.SDK.UnitTests.dll" adapterTypeName="executor://mstestadapter/v2" className="VideoOS.Platform.SDKUnittest.EventsAndState.EventsAndStateClientTest" name="Given_Connected_When_GetCurrentStateSuccesful_Then_StatesAreReturned" />
    </UnitTest>
    <UnitTest name="ConnectUsingConfiguration_NotCurrentlyPlaying_Success" storage="d:\actions-runner\_work\xpco\xpco\mip\mipsdk\tst\videoos.platform.sdk.unittests\bin\x64\debug\net472\videoos.platform.sdk.unittests.dll" id="5519d1bd-8158-0fd7-095a-0bdee9a3940c">
      <TestCategory>
        <TestCategoryItem TestCategory="NAudioPlayerComponent" />
      </TestCategory>
      <Execution id="e2ccd35f-11bb-4b35-a50e-d15ba7b104b9" />
      <TestMethod codeBase="D:\actions-runner\_work\XPCO\XPCO\MIP\MIPSDK\tst\VideoOS.Platform.SDK.UnitTests\bin\x64\Debug\net472\VideoOS.Platform.SDK.UnitTests.dll" adapterTypeName="executor://mstestadapter/v2" className="VideoOS.Platform.SDKUnittest.Audio.NAudioPlayerComponentTest" name="ConnectUsingConfiguration_NotCurrentlyPlaying_Success" />
    </UnitTest>
    <UnitTest name="XpcoMultiUserLoginSuccess" storage="d:\actions-runner\_work\xpco\xpco\mip\mipsdk\tst\videoos.platform.sdk.unittests\bin\x64\debug\net472\videoos.platform.sdk.unittests.dll" id="b0b9d0a0-9158-c0ad-cbda-c08da553577d">
      <Execution id="89bbcb47-816c-4a89-b182-3c4b6ca83cb5" />
      <TestMethod codeBase="D:\actions-runner\_work\XPCO\XPCO\MIP\MIPSDK\tst\VideoOS.Platform.SDK.UnitTests\bin\x64\Debug\net472\VideoOS.Platform.SDK.UnitTests.dll" adapterTypeName="executor://mstestadapter/v2" className="VideoOS.Platform.SDKUnittest.EnvironmentTests.MultiUserEnvironmentTests" name="XpcoMultiUserLoginSuccess" />
    </UnitTest>
    <UnitTest name="Contains_Correct" storage="d:\actions-runner\_work\xpco\xpco\mip\mipsdk\tst\videoos.platform.sdk.unittests\bin\x64\debug\net472\videoos.platform.sdk.unittests.dll" id="3ef0c418-2089-c3e6-4e94-e0341e36e810">
      <Execution id="c9ca2030-0098-4339-a737-682b5dddc885" />
      <TestMethod codeBase="D:\actions-runner\_work\XPCO\XPCO\MIP\MIPSDK\tst\VideoOS.Platform.SDK.UnitTests\bin\x64\Debug\net472\VideoOS.Platform.SDK.UnitTests.dll" adapterTypeName="executor://mstestadapter/v2" className="VideoOS.Platform.SDKUnittest.Facades.LoginSettingsCacheFacadeTest" name="Contains_Correct" />
    </UnitTest>
    <UnitTest name="GetRawAudioFromMicrophone" storage="d:\actions-runner\_work\xpco\xpco\mip\mipsdk\tst\videoos.platform.sdk.unittests\bin\x64\debug\net472\videoos.platform.sdk.unittests.dll" id="30a8f6e6-2142-3d73-ed24-70819eedb975">
      <Execution id="2a6afc28-f8ed-426b-9765-d1698e1ce02d" />
      <TestMethod codeBase="D:\actions-runner\_work\XPCO\XPCO\MIP\MIPSDK\tst\VideoOS.Platform.SDK.UnitTests\bin\x64\Debug\net472\VideoOS.Platform.SDK.UnitTests.dll" adapterTypeName="executor://mstestadapter/v2" className="VideoOS.Platform.SDKUnittest.VideoTest.MediaTests" name="GetRawAudioFromMicrophone" />
    </UnitTest>
    <UnitTest name="DomainCompareFail" storage="d:\actions-runner\_work\xpco\xpco\mip\mipsdk\tst\videoos.platform.sdk.unittests\bin\x64\debug\net472\videoos.platform.sdk.unittests.dll" id="c46fb142-69b0-d140-f581-d0b790df6efa">
      <Execution id="965b56f5-96a2-4987-9234-5dd49f905257" />
      <TestMethod codeBase="D:\actions-runner\_work\XPCO\XPCO\MIP\MIPSDK\tst\VideoOS.Platform.SDK.UnitTests\bin\x64\Debug\net472\VideoOS.Platform.SDK.UnitTests.dll" adapterTypeName="executor://mstestadapter/v2" className="VideoOS.Platform.SDKUnittest.FeatureTests.UriUtilTest" name="DomainCompareFail" />
    </UnitTest>
    <UnitTest name="Given_Nothing_When_EventHandlerIsCreated_Then_ItRegistersItselfToTheMessageDispatcher" storage="d:\actions-runner\_work\xpco\xpco\mip\mipsdk\tst\videoos.platform.sdk.unittests\bin\x64\debug\net472\videoos.platform.sdk.unittests.dll" id="3512c4ea-c42c-dc19-86d1-3085820f9234">
      <Execution id="e377f20d-a486-4de6-bba9-500620c17092" />
      <TestMethod codeBase="D:\actions-runner\_work\XPCO\XPCO\MIP\MIPSDK\tst\VideoOS.Platform.SDK.UnitTests\bin\x64\Debug\net472\VideoOS.Platform.SDK.UnitTests.dll" adapterTypeName="executor://mstestadapter/v2" className="VideoOS.Platform.SDKUnittest.EventsAndState.EventHandlerTest" name="Given_Nothing_When_EventHandlerIsCreated_Then_ItRegistersItselfToTheMessageDispatcher" />
    </UnitTest>
    <UnitTest name="Unitialize_ShouldCallServiceReset" storage="d:\actions-runner\_work\xpco\xpco\mip\mipsdk\tst\videoos.platform.sdk.unittests\bin\x64\debug\net472\videoos.platform.sdk.unittests.dll" id="ba5b86d5-401c-4e0a-f138-2c19e1e02c7f">
      <Execution id="7a086505-7ba8-492d-beec-4ea3633aa658" />
      <TestMethod codeBase="D:\actions-runner\_work\XPCO\XPCO\MIP\MIPSDK\tst\VideoOS.Platform.SDK.UnitTests\bin\x64\Debug\net472\VideoOS.Platform.SDK.UnitTests.dll" adapterTypeName="executor://mstestadapter/v2" className="VideoOS.Platform.SDKUnittest.EnvironmentTest" name="Unitialize_ShouldCallServiceReset" />
    </UnitTest>
    <UnitTest name="IgnoreDomainCompareOk" storage="d:\actions-runner\_work\xpco\xpco\mip\mipsdk\tst\videoos.platform.sdk.unittests\bin\x64\debug\net472\videoos.platform.sdk.unittests.dll" id="0762669f-0ef8-d6fa-dd94-0659f0ba0a43">
      <Execution id="a282d05e-2aab-4c68-9908-71a161ab5388" />
      <TestMethod codeBase="D:\actions-runner\_work\XPCO\XPCO\MIP\MIPSDK\tst\VideoOS.Platform.SDK.UnitTests\bin\x64\Debug\net472\VideoOS.Platform.SDK.UnitTests.dll" adapterTypeName="executor://mstestadapter/v2" className="VideoOS.Platform.SDKUnittest.FeatureTests.UriUtilTest" name="IgnoreDomainCompareOk" />
    </UnitTest>
    <UnitTest name="StopRecording_ShouldDoNothing_WhenRecordingIsNotStarted" storage="d:\actions-runner\_work\xpco\xpco\mip\mipsdk\tst\videoos.platform.sdk.unittests\bin\x64\debug\net472\videoos.platform.sdk.unittests.dll" id="21868baf-ff05-ff85-7303-76deb1e29922">
      <TestCategory>
        <TestCategoryItem TestCategory="AudioRecorder" />
      </TestCategory>
      <Execution id="784775cf-1449-40a7-b85a-3a2d0f9fb211" />
      <TestMethod codeBase="D:\actions-runner\_work\XPCO\XPCO\MIP\MIPSDK\tst\VideoOS.Platform.SDK.UnitTests\bin\x64\Debug\net472\VideoOS.Platform.SDK.UnitTests.dll" adapterTypeName="executor://mstestadapter/v2" className="VideoOS.Platform.SDKUnittest.Audio.AudioRecorderTests" name="StopRecording_ShouldDoNothing_WhenRecordingIsNotStarted" />
    </UnitTest>
    <UnitTest name="Logout_Success" storage="d:\actions-runner\_work\xpco\xpco\mip\mipsdk\tst\videoos.platform.sdk.unittests\bin\x64\debug\net472\videoos.platform.sdk.unittests.dll" id="f9063bff-e7ba-c028-46f9-189d14a707c0">
      <Execution id="049bb398-cd77-4ce7-8acb-9e8a7f304519" />
      <TestMethod codeBase="D:\actions-runner\_work\XPCO\XPCO\MIP\MIPSDK\tst\VideoOS.Platform.SDK.UnitTests\bin\x64\Debug\net472\VideoOS.Platform.SDK.UnitTests.dll" adapterTypeName="executor://mstestadapter/v2" className="VideoOS.Platform.SDKUnittest.EnvironmentServiceTest" name="Logout_Success" />
    </UnitTest>
    <UnitTest name="Given_Nothing_When_ConnectUnSuccessful_Then_AnExceptionIsThrown" storage="d:\actions-runner\_work\xpco\xpco\mip\mipsdk\tst\videoos.platform.sdk.unittests\bin\x64\debug\net472\videoos.platform.sdk.unittests.dll" id="ccb2b6db-3973-b90d-56a9-3d38c12b2b8f">
      <Execution id="bda11c4d-36c8-4f11-b982-e6c817810efb" />
      <TestMethod codeBase="D:\actions-runner\_work\XPCO\XPCO\MIP\MIPSDK\tst\VideoOS.Platform.SDK.UnitTests\bin\x64\Debug\net472\VideoOS.Platform.SDK.UnitTests.dll" adapterTypeName="executor://mstestadapter/v2" className="VideoOS.Platform.SDKUnittest.EventsAndState.EventsAndStateClientTest" name="Given_Nothing_When_ConnectUnSuccessful_Then_AnExceptionIsThrown" />
    </UnitTest>
    <UnitTest name="GetBitmapFirst" storage="d:\actions-runner\_work\xpco\xpco\mip\mipsdk\tst\videoos.platform.sdk.unittests\bin\x64\debug\net472\videoos.platform.sdk.unittests.dll" id="2103768b-e3ae-bb7b-a558-43eb22b0beac">
      <Execution id="499dd1cd-e87f-4050-b984-5edb6d31dc07" />
      <TestMethod codeBase="D:\actions-runner\_work\XPCO\XPCO\MIP\MIPSDK\tst\VideoOS.Platform.SDK.UnitTests\bin\x64\Debug\net472\VideoOS.Platform.SDK.UnitTests.dll" adapterTypeName="executor://mstestadapter/v2" className="VideoOS.Platform.SDKUnittest.VideoTest.MediaTests" name="GetBitmapFirst" />
    </UnitTest>
    <UnitTest name="AddServer_WhenParentUriNull_UseCredentialCache" storage="d:\actions-runner\_work\xpco\xpco\mip\mipsdk\tst\videoos.platform.sdk.unittests\bin\x64\debug\net472\videoos.platform.sdk.unittests.dll" id="1558a173-bd2e-9fca-670c-2c3987fbd631">
      <Execution id="18392abc-4c06-4574-8a82-ab135be34eab" />
      <TestMethod codeBase="D:\actions-runner\_work\XPCO\XPCO\MIP\MIPSDK\tst\VideoOS.Platform.SDK.UnitTests\bin\x64\Debug\net472\VideoOS.Platform.SDK.UnitTests.dll" adapterTypeName="executor://mstestadapter/v2" className="VideoOS.Platform.SDKUnittest.EnvironmentServiceTest" name="AddServer_WhenParentUriNull_UseCredentialCache" />
    </UnitTest>
    <UnitTest name="Given_Nothing_When_SendingTheSessionThroughAllStates_Then_ConnectionStatesAreSendAndPropertyUpdated2" storage="d:\actions-runner\_work\xpco\xpco\mip\mipsdk\tst\videoos.platform.sdk.unittests\bin\x64\debug\net472\videoos.platform.sdk.unittests.dll" id="27438331-c0fe-4d15-65b5-fb3f4b12375a">
      <Execution id="8b59e75f-2f08-4e4a-9efc-c9a58314067a" />
      <TestMethod codeBase="D:\actions-runner\_work\XPCO\XPCO\MIP\MIPSDK\tst\VideoOS.Platform.SDK.UnitTests\bin\x64\Debug\net472\VideoOS.Platform.SDK.UnitTests.dll" adapterTypeName="executor://mstestadapter/v2" className="VideoOS.Platform.SDKUnittest.EventsAndState.EventsAndStateSessionTest" name="Given_Nothing_When_SendingTheSessionThroughAllStates_Then_ConnectionStatesAreSendAndPropertyUpdated2" />
    </UnitTest>
    <UnitTest name="LoginWithRegistration_Success" storage="d:\actions-runner\_work\xpco\xpco\mip\mipsdk\tst\videoos.platform.sdk.unittests\bin\x64\debug\net472\videoos.platform.sdk.unittests.dll" id="23cb9265-dcc3-9671-caf3-1996fff5aba1">
      <Execution id="beff9868-d9c4-40bf-a390-732bda432702" />
      <TestMethod codeBase="D:\actions-runner\_work\XPCO\XPCO\MIP\MIPSDK\tst\VideoOS.Platform.SDK.UnitTests\bin\x64\Debug\net472\VideoOS.Platform.SDK.UnitTests.dll" adapterTypeName="executor://mstestadapter/v2" className="VideoOS.Platform.SDKUnittest.EnvironmentServiceTest" name="LoginWithRegistration_Success" />
    </UnitTest>
    <UnitTest name="Free_ShouldNotChangeRecordingStatus_WhenRecordingIsStopped" storage="d:\actions-runner\_work\xpco\xpco\mip\mipsdk\tst\videoos.platform.sdk.unittests\bin\x64\debug\net472\videoos.platform.sdk.unittests.dll" id="b65005d3-1361-e0b7-9c4d-43d19b2fd72f">
      <TestCategory>
        <TestCategoryItem TestCategory="AudioRecorder" />
      </TestCategory>
      <Execution id="53b79017-6e9d-47bc-a536-dfd2d6203b3f" />
      <TestMethod codeBase="D:\actions-runner\_work\XPCO\XPCO\MIP\MIPSDK\tst\VideoOS.Platform.SDK.UnitTests\bin\x64\Debug\net472\VideoOS.Platform.SDK.UnitTests.dll" adapterTypeName="executor://mstestadapter/v2" className="VideoOS.Platform.SDKUnittest.Audio.AudioRecorderTests" name="Free_ShouldNotChangeRecordingStatus_WhenRecordingIsStopped" />
    </UnitTest>
    <UnitTest name="Given_TwoPendingCommands_When_ReceivingResponsesForBothCommans_Then_ResponsesArePairedWithCorrectCommand" storage="d:\actions-runner\_work\xpco\xpco\mip\mipsdk\tst\videoos.platform.sdk.unittests\bin\x64\debug\net472\videoos.platform.sdk.unittests.dll" id="7a5a60cf-65df-425a-ef34-31b7542d0324">
      <Execution id="b7599ada-b37c-4ff0-905d-3bbbdf86ea14" />
      <TestMethod codeBase="D:\actions-runner\_work\XPCO\XPCO\MIP\MIPSDK\tst\VideoOS.Platform.SDK.UnitTests\bin\x64\Debug\net472\VideoOS.Platform.SDK.UnitTests.dll" adapterTypeName="executor://mstestadapter/v2" className="VideoOS.Platform.SDKUnittest.EventsAndState.CommandHandlerTest" name="Given_TwoPendingCommands_When_ReceivingResponsesForBothCommans_Then_ResponsesArePairedWithCorrectCommand" />
    </UnitTest>
    <UnitTest name="XpcoSiteInfoUriNoSuccessActiveDirectory" storage="d:\actions-runner\_work\xpco\xpco\mip\mipsdk\tst\videoos.platform.sdk.unittests\bin\x64\debug\net472\videoos.platform.sdk.unittests.dll" id="f232c283-5c67-bba8-153c-a9bb7624a0ae">
      <Execution id="809c991d-cd0b-4f8b-a9fd-06b707735d6e" />
      <TestMethod codeBase="D:\actions-runner\_work\XPCO\XPCO\MIP\MIPSDK\tst\VideoOS.Platform.SDK.UnitTests\bin\x64\Debug\net472\VideoOS.Platform.SDK.UnitTests.dll" adapterTypeName="executor://mstestadapter/v2" className="VideoOS.Platform.SDKUnittest.EnvironmentTests.MultiEnvironmentTests" name="XpcoSiteInfoUriNoSuccessActiveDirectory" />
    </UnitTest>
    <UnitTest name="XpcoSiteInfoUri" storage="d:\actions-runner\_work\xpco\xpco\mip\mipsdk\tst\videoos.platform.sdk.unittests\bin\x64\debug\net472\videoos.platform.sdk.unittests.dll" id="8ffc533e-dbe2-a04a-622a-b6eb34e0e1a2">
      <Execution id="c8190f8c-9601-4d4c-b263-6f65fa2a53d8" />
      <TestMethod codeBase="D:\actions-runner\_work\XPCO\XPCO\MIP\MIPSDK\tst\VideoOS.Platform.SDK.UnitTests\bin\x64\Debug\net472\VideoOS.Platform.SDK.UnitTests.dll" adapterTypeName="executor://mstestadapter/v2" className="VideoOS.Platform.SDKUnittest.EnvironmentTests.MultiEnvironmentTests" name="XpcoSiteInfoUri" />
    </UnitTest>
    <UnitTest name="HandleStateChanged_StateReconnectedWhilePlayingLive_ConnectedIsTrueAndEventFiredAndLiveAudioRestarted" storage="d:\actions-runner\_work\xpco\xpco\mip\mipsdk\tst\videoos.platform.sdk.unittests\bin\x64\debug\net472\videoos.platform.sdk.unittests.dll" id="8bf87499-b2a7-b230-9a08-9f844ded294c">
      <TestCategory>
        <TestCategoryItem TestCategory="NAudioPlayerComponent" />
      </TestCategory>
      <Execution id="52e0d9fe-eeb3-4b80-b355-1990b6887a9c" />
      <TestMethod codeBase="D:\actions-runner\_work\XPCO\XPCO\MIP\MIPSDK\tst\VideoOS.Platform.SDK.UnitTests\bin\x64\Debug\net472\VideoOS.Platform.SDK.UnitTests.dll" adapterTypeName="executor://mstestadapter/v2" className="VideoOS.Platform.SDKUnittest.Audio.NAudioPlayerComponentTest" name="HandleStateChanged_StateReconnectedWhilePlayingLive_ConnectedIsTrueAndEventFiredAndLiveAudioRestarted" />
    </UnitTest>
    <UnitTest name="AddServer_WithCredentialCache_MasterOnlyTrue_CorrectlyPassed" storage="d:\actions-runner\_work\xpco\xpco\mip\mipsdk\tst\videoos.platform.sdk.unittests\bin\x64\debug\net472\videoos.platform.sdk.unittests.dll" id="92a0043a-eb95-e604-ef36-165e1d731356">
      <Execution id="af006079-afec-4ecd-acac-fdd07f682abc" />
      <TestMethod codeBase="D:\actions-runner\_work\XPCO\XPCO\MIP\MIPSDK\tst\VideoOS.Platform.SDK.UnitTests\bin\x64\Debug\net472\VideoOS.Platform.SDK.UnitTests.dll" adapterTypeName="executor://mstestadapter/v2" className="VideoOS.Platform.SDKUnittest.EnvironmentServiceTest" name="AddServer_WithCredentialCache_MasterOnlyTrue_CorrectlyPassed" />
    </UnitTest>
    <UnitTest name="Login_WhenNotLoggedIn_NoLastException_ThrowDefaultException" storage="d:\actions-runner\_work\xpco\xpco\mip\mipsdk\tst\videoos.platform.sdk.unittests\bin\x64\debug\net472\videoos.platform.sdk.unittests.dll" id="0bbb508b-fd28-af7a-61a4-81cd8ad41d08">
      <Execution id="02648623-0a4e-408f-bf72-fae9ee4cbb0b" />
      <TestMethod codeBase="D:\actions-runner\_work\XPCO\XPCO\MIP\MIPSDK\tst\VideoOS.Platform.SDK.UnitTests\bin\x64\Debug\net472\VideoOS.Platform.SDK.UnitTests.dll" adapterTypeName="executor://mstestadapter/v2" className="VideoOS.Platform.SDKUnittest.EnvironmentServiceTest" name="Login_WhenNotLoggedIn_NoLastException_ThrowDefaultException" />
    </UnitTest>
    <UnitTest name="XpcoLoadSiteItemWithServerAdded" storage="d:\actions-runner\_work\xpco\xpco\mip\mipsdk\tst\videoos.platform.sdk.unittests\bin\x64\debug\net472\videoos.platform.sdk.unittests.dll" id="6d93dbe9-2cce-d9d5-7c9f-910853d500ab">
      <Execution id="7e4f8538-ca8b-4e3f-9ba7-4647f276e98f" />
      <TestMethod codeBase="D:\actions-runner\_work\XPCO\XPCO\MIP\MIPSDK\tst\VideoOS.Platform.SDK.UnitTests\bin\x64\Debug\net472\VideoOS.Platform.SDK.UnitTests.dll" adapterTypeName="executor://mstestadapter/v2" className="VideoOS.Platform.SDKUnittest.Configuration.XpcoConfigurationTest" name="XpcoLoadSiteItemWithServerAdded" />
    </UnitTest>
    <UnitTest name="StripXmlHeader_WhenEmptyString_ReturnsEmpty" storage="d:\actions-runner\_work\xpco\xpco\mip\mipsdk\tst\videoos.platform.sdk.unittests\bin\x64\debug\net472\videoos.platform.sdk.unittests.dll" id="704ef10a-b575-fe4f-2673-b021ecba942f">
      <Execution id="cc32682e-0185-4278-a921-b7b4dc67dd68" />
      <TestMethod codeBase="D:\actions-runner\_work\XPCO\XPCO\MIP\MIPSDK\tst\VideoOS.Platform.SDK.UnitTests\bin\x64\Debug\net472\VideoOS.Platform.SDK.UnitTests.dll" adapterTypeName="executor://mstestadapter/v2" className="VideoOS.Platform.SDKUnittest.Util.ConfigUtilTest" name="StripXmlHeader_WhenEmptyString_ReturnsEmpty" />
    </UnitTest>
    <UnitTest name="MergeCredentialCache_WhenBasicAuth_Merges" storage="d:\actions-runner\_work\xpco\xpco\mip\mipsdk\tst\videoos.platform.sdk.unittests\bin\x64\debug\net472\videoos.platform.sdk.unittests.dll" id="a8963d66-96b1-b26d-9572-0832732d3cea">
      <Execution id="ce238353-8936-437f-a596-8c48df51daf5" />
      <TestMethod codeBase="D:\actions-runner\_work\XPCO\XPCO\MIP\MIPSDK\tst\VideoOS.Platform.SDK.UnitTests\bin\x64\Debug\net472\VideoOS.Platform.SDK.UnitTests.dll" adapterTypeName="executor://mstestadapter/v2" className="VideoOS.Platform.SDKUnittest.PlatformTests.CredentialCacheServiceTest" name="MergeCredentialCache_WhenBasicAuth_Merges" />
    </UnitTest>
    <UnitTest name="GetJpegFirstNetworkDb" storage="d:\actions-runner\_work\xpco\xpco\mip\mipsdk\tst\videoos.platform.sdk.unittests\bin\x64\debug\net472\videoos.platform.sdk.unittests.dll" id="4268d692-ba59-3896-72d4-485c21f3df3f">
      <Execution id="f1055bcb-0c70-4a9f-9e66-895031c32d0a" />
      <TestMethod codeBase="D:\actions-runner\_work\XPCO\XPCO\MIP\MIPSDK\tst\VideoOS.Platform.SDK.UnitTests\bin\x64\Debug\net472\VideoOS.Platform.SDK.UnitTests.dll" adapterTypeName="executor://mstestadapter/v2" className="VideoOS.Platform.SDKUnittest.VideoTest.MediaTests" name="GetJpegFirstNetworkDb" />
    </UnitTest>
    <UnitTest name="PlaybackStart_Connected_DelegatesCallsToToolkit" storage="d:\actions-runner\_work\xpco\xpco\mip\mipsdk\tst\videoos.platform.sdk.unittests\bin\x64\debug\net472\videoos.platform.sdk.unittests.dll" id="83cbf933-84bf-7103-92a3-8f3ecb1d233c">
      <TestCategory>
        <TestCategoryItem TestCategory="NAudioPlayerComponent" />
      </TestCategory>
      <Execution id="e5177652-9adf-4417-ba3b-2ad28aba7f45" />
      <TestMethod codeBase="D:\actions-runner\_work\XPCO\XPCO\MIP\MIPSDK\tst\VideoOS.Platform.SDK.UnitTests\bin\x64\Debug\net472\VideoOS.Platform.SDK.UnitTests.dll" adapterTypeName="executor://mstestadapter/v2" className="VideoOS.Platform.SDKUnittest.Audio.NAudioPlayerComponentTest" name="PlaybackStart_Connected_DelegatesCallsToToolkit" />
    </UnitTest>
    <UnitTest name="XpcoAddServerViaSiteItem" storage="d:\actions-runner\_work\xpco\xpco\mip\mipsdk\tst\videoos.platform.sdk.unittests\bin\x64\debug\net472\videoos.platform.sdk.unittests.dll" id="a251cec6-75d2-c3ac-bfd1-10289d5753e0">
      <Execution id="5b383e72-2515-463a-9854-e15bf7ab5c81" />
      <TestMethod codeBase="D:\actions-runner\_work\XPCO\XPCO\MIP\MIPSDK\tst\VideoOS.Platform.SDK.UnitTests\bin\x64\Debug\net472\VideoOS.Platform.SDK.UnitTests.dll" adapterTypeName="executor://mstestadapter/v2" className="VideoOS.Platform.SDKUnittest.Configuration.XpcoConfigurationTest" name="XpcoAddServerViaSiteItem" />
    </UnitTest>
    <UnitTest name="RemoveServer_WithIdWhenLoginSettingsNull_Correct" storage="d:\actions-runner\_work\xpco\xpco\mip\mipsdk\tst\videoos.platform.sdk.unittests\bin\x64\debug\net472\videoos.platform.sdk.unittests.dll" id="a3bd6fcc-4145-24ec-1080-3545ed86b8b7">
      <Execution id="99627a07-7341-4a47-baa6-d0fb8b6dd9f7" />
      <TestMethod codeBase="D:\actions-runner\_work\XPCO\XPCO\MIP\MIPSDK\tst\VideoOS.Platform.SDK.UnitTests\bin\x64\Debug\net472\VideoOS.Platform.SDK.UnitTests.dll" adapterTypeName="executor://mstestadapter/v2" className="VideoOS.Platform.SDKUnittest.EnvironmentServiceTest" name="RemoveServer_WithIdWhenLoginSettingsNull_Correct" />
    </UnitTest>
    <UnitTest name="CheckToLong" storage="d:\actions-runner\_work\xpco\xpco\mip\mipsdk\tst\videoos.platform.sdk.unittests\bin\x64\debug\net472\videoos.platform.sdk.unittests.dll" id="ee90d5bb-7cd0-4c31-23ba-b62d71f38c15">
      <Execution id="8d47572c-6f12-440b-8f50-07cc810bab49" />
      <TestMethod codeBase="D:\actions-runner\_work\XPCO\XPCO\MIP\MIPSDK\tst\VideoOS.Platform.SDK.UnitTests\bin\x64\Debug\net472\VideoOS.Platform.SDK.UnitTests.dll" adapterTypeName="executor://mstestadapter/v2" className="VideoOS.Platform.SDKUnittest.FeatureTests.TimeConverterTests" name="CheckToLong" />
    </UnitTest>
    <UnitTest name="GetJpegFirst" storage="d:\actions-runner\_work\xpco\xpco\mip\mipsdk\tst\videoos.platform.sdk.unittests\bin\x64\debug\net472\videoos.platform.sdk.unittests.dll" id="b6dd1d7b-fa80-5930-3fa2-3201c6345ce9">
      <Execution id="681d177e-f143-4f77-b19e-e3777ede0ae0" />
      <TestMethod codeBase="D:\actions-runner\_work\XPCO\XPCO\MIP\MIPSDK\tst\VideoOS.Platform.SDK.UnitTests\bin\x64\Debug\net472\VideoOS.Platform.SDK.UnitTests.dll" adapterTypeName="executor://mstestadapter/v2" className="VideoOS.Platform.SDKUnittest.VideoTest.MediaTests" name="GetJpegFirst" />
    </UnitTest>
    <UnitTest name="LiveStart_AlreadyPlayingLive_AvoidsToolkitReentry" storage="d:\actions-runner\_work\xpco\xpco\mip\mipsdk\tst\videoos.platform.sdk.unittests\bin\x64\debug\net472\videoos.platform.sdk.unittests.dll" id="efb5b669-69b9-a95a-d1ac-b0ef16a5052e">
      <TestCategory>
        <TestCategoryItem TestCategory="NAudioPlayerComponent" />
      </TestCategory>
      <Execution id="fed50ee3-3f8f-41cc-be65-286686ee2013" />
      <TestMethod codeBase="D:\actions-runner\_work\XPCO\XPCO\MIP\MIPSDK\tst\VideoOS.Platform.SDK.UnitTests\bin\x64\Debug\net472\VideoOS.Platform.SDK.UnitTests.dll" adapterTypeName="executor://mstestadapter/v2" className="VideoOS.Platform.SDKUnittest.Audio.NAudioPlayerComponentTest" name="LiveStart_AlreadyPlayingLive_AvoidsToolkitReentry" />
    </UnitTest>
    <UnitTest name="StopRecording_ShouldDoNothing_WhenRecordingIsAlreadyStopped" storage="d:\actions-runner\_work\xpco\xpco\mip\mipsdk\tst\videoos.platform.sdk.unittests\bin\x64\debug\net472\videoos.platform.sdk.unittests.dll" id="0692d415-cb51-e036-3177-b14298f4c3a2">
      <TestCategory>
        <TestCategoryItem TestCategory="AudioRecorder" />
      </TestCategory>
      <Execution id="1e70f415-adc6-46b3-914d-4f8cbd084346" />
      <TestMethod codeBase="D:\actions-runner\_work\XPCO\XPCO\MIP\MIPSDK\tst\VideoOS.Platform.SDK.UnitTests\bin\x64\Debug\net472\VideoOS.Platform.SDK.UnitTests.dll" adapterTypeName="executor://mstestadapter/v2" className="VideoOS.Platform.SDKUnittest.Audio.AudioRecorderTests" name="StopRecording_ShouldDoNothing_WhenRecordingIsAlreadyStopped" />
    </UnitTest>
    <UnitTest name="InitializeUnitializeInitialize_ShouldCallServiceInitTwice" storage="d:\actions-runner\_work\xpco\xpco\mip\mipsdk\tst\videoos.platform.sdk.unittests\bin\x64\debug\net472\videoos.platform.sdk.unittests.dll" id="4df6750c-aff6-44b1-13dd-4de227a8986b">
      <Execution id="c27146a9-007f-40a5-a00a-bd6bc7ada1d9" />
      <TestMethod codeBase="D:\actions-runner\_work\XPCO\XPCO\MIP\MIPSDK\tst\VideoOS.Platform.SDK.UnitTests\bin\x64\Debug\net472\VideoOS.Platform.SDK.UnitTests.dll" adapterTypeName="executor://mstestadapter/v2" className="VideoOS.Platform.SDKUnittest.EnvironmentTest" name="InitializeUnitializeInitialize_ShouldCallServiceInitTwice" />
    </UnitTest>
    <UnitTest name="Given_Nothing_When_ConnectSuccessful_Then_NoException" storage="d:\actions-runner\_work\xpco\xpco\mip\mipsdk\tst\videoos.platform.sdk.unittests\bin\x64\debug\net472\videoos.platform.sdk.unittests.dll" id="4775d5be-0ebd-4836-7626-4829a69cf7bb">
      <Execution id="0339bff7-30cd-45b1-bab2-69da10fd1d74" />
      <TestMethod codeBase="D:\actions-runner\_work\XPCO\XPCO\MIP\MIPSDK\tst\VideoOS.Platform.SDK.UnitTests\bin\x64\Debug\net472\VideoOS.Platform.SDK.UnitTests.dll" adapterTypeName="executor://mstestadapter/v2" className="VideoOS.Platform.SDKUnittest.EventsAndState.EventsAndStateClientTest" name="Given_Nothing_When_ConnectSuccessful_Then_NoException" />
    </UnitTest>
    <UnitTest name="IsServerConnected_Correct" storage="d:\actions-runner\_work\xpco\xpco\mip\mipsdk\tst\videoos.platform.sdk.unittests\bin\x64\debug\net472\videoos.platform.sdk.unittests.dll" id="1898017e-0a0a-9fff-c891-5b794811d9ca">
      <Execution id="58e88658-664a-4606-b157-fa97a603cdbf" />
      <TestMethod codeBase="D:\actions-runner\_work\XPCO\XPCO\MIP\MIPSDK\tst\VideoOS.Platform.SDK.UnitTests\bin\x64\Debug\net472\VideoOS.Platform.SDK.UnitTests.dll" adapterTypeName="executor://mstestadapter/v2" className="VideoOS.Platform.SDKUnittest.EnvironmentServiceTest" name="IsServerConnected_Correct" />
    </UnitTest>
    <UnitTest name="CheckInvalidFromString" storage="d:\actions-runner\_work\xpco\xpco\mip\mipsdk\tst\videoos.platform.sdk.unittests\bin\x64\debug\net472\videoos.platform.sdk.unittests.dll" id="c7a3417f-3205-4b9e-be6a-d435c0a3e965">
      <Execution id="a5d1fabb-351e-4aa4-95a2-1717c3d86b8e" />
      <TestMethod codeBase="D:\actions-runner\_work\XPCO\XPCO\MIP\MIPSDK\tst\VideoOS.Platform.SDK.UnitTests\bin\x64\Debug\net472\VideoOS.Platform.SDK.UnitTests.dll" adapterTypeName="executor://mstestadapter/v2" className="VideoOS.Platform.SDKUnittest.FeatureTests.TimeConverterTests" name="CheckInvalidFromString" />
    </UnitTest>
    <UnitTest name="StartRecording_ShouldDoNothing_WhenRecordingIsAlreadyStarted" storage="d:\actions-runner\_work\xpco\xpco\mip\mipsdk\tst\videoos.platform.sdk.unittests\bin\x64\debug\net472\videoos.platform.sdk.unittests.dll" id="00438590-3f13-5776-381f-1df4bd82c07f">
      <TestCategory>
        <TestCategoryItem TestCategory="AudioRecorder" />
      </TestCategory>
      <Execution id="6385106f-5d34-47e5-bb3c-3879066af041" />
      <TestMethod codeBase="D:\actions-runner\_work\XPCO\XPCO\MIP\MIPSDK\tst\VideoOS.Platform.SDK.UnitTests\bin\x64\Debug\net472\VideoOS.Platform.SDK.UnitTests.dll" adapterTypeName="executor://mstestadapter/v2" className="VideoOS.Platform.SDKUnittest.Audio.AudioRecorderTests" name="StartRecording_ShouldDoNothing_WhenRecordingIsAlreadyStarted" />
    </UnitTest>
    <UnitTest name="Given_Nothing_When_ReceivingAnUnknownMessage_Then_FirstPartOfTheMessgeIsLoggedInAWarning" storage="d:\actions-runner\_work\xpco\xpco\mip\mipsdk\tst\videoos.platform.sdk.unittests\bin\x64\debug\net472\videoos.platform.sdk.unittests.dll" id="a48a4aa2-5c0d-5259-9846-1ccc3607484c">
      <Execution id="ef42faa5-8e5f-4e23-8074-e255809b8173" />
      <TestMethod codeBase="D:\actions-runner\_work\XPCO\XPCO\MIP\MIPSDK\tst\VideoOS.Platform.SDK.UnitTests\bin\x64\Debug\net472\VideoOS.Platform.SDK.UnitTests.dll" adapterTypeName="executor://mstestadapter/v2" className="VideoOS.Platform.SDKUnittest.EventsAndState.MessageDispatcherTest" name="Given_Nothing_When_ReceivingAnUnknownMessage_Then_FirstPartOfTheMessgeIsLoggedInAWarning" />
    </UnitTest>
    <UnitTest name="TryCreateParentUri_WhenBasicAuthHasCredential_ReturnsUrl" storage="d:\actions-runner\_work\xpco\xpco\mip\mipsdk\tst\videoos.platform.sdk.unittests\bin\x64\debug\net472\videoos.platform.sdk.unittests.dll" id="e02a3aff-4b0e-8be7-4f14-51de7ab4670f">
      <Execution id="8f3c154a-88bc-4d2b-8935-18eaa06991d1" />
      <TestMethod codeBase="D:\actions-runner\_work\XPCO\XPCO\MIP\MIPSDK\tst\VideoOS.Platform.SDK.UnitTests\bin\x64\Debug\net472\VideoOS.Platform.SDK.UnitTests.dll" adapterTypeName="executor://mstestadapter/v2" className="VideoOS.Platform.SDKUnittest.PlatformTests.CredentialCacheServiceTest" name="TryCreateParentUri_WhenBasicAuthHasCredential_ReturnsUrl" />
    </UnitTest>
    <UnitTest name="ConnectionTask_ShouldNotResubscribe_WhenConnectionIsBroken_AndResumeSucceeds" storage="d:\actions-runner\_work\xpco\xpco\mip\mipsdk\tst\videoos.platform.sdk.unittests\bin\x64\debug\net472\videoos.platform.sdk.unittests.dll" id="853f6915-20e9-72f8-b144-6b6c2f45bce5">
      <Execution id="255f3ebf-fd7d-48ad-ace0-925e419f9b76" />
      <TestMethod codeBase="D:\actions-runner\_work\XPCO\XPCO\MIP\MIPSDK\tst\VideoOS.Platform.SDK.UnitTests\bin\x64\Debug\net472\VideoOS.Platform.SDK.UnitTests.dll" adapterTypeName="executor://mstestadapter/v2" className="VideoOS.Platform.SDKUnittest.EventsAndState.EventsAndStateSessionTest" name="ConnectionTask_ShouldNotResubscribe_WhenConnectionIsBroken_AndResumeSucceeds" />
    </UnitTest>
    <UnitTest name="Disconnect_ConnectedAndInvokedTwice_DisconnectsAudioToolkitOnceAndAvoidsToolkitReentry" storage="d:\actions-runner\_work\xpco\xpco\mip\mipsdk\tst\videoos.platform.sdk.unittests\bin\x64\debug\net472\videoos.platform.sdk.unittests.dll" id="3b02602f-f204-4a9f-ecbf-a1d700af8e33">
      <TestCategory>
        <TestCategoryItem TestCategory="NAudioPlayerComponent" />
      </TestCategory>
      <Execution id="f8042861-34b5-4158-8b1a-5490f9f9d2b1" />
      <TestMethod codeBase="D:\actions-runner\_work\XPCO\XPCO\MIP\MIPSDK\tst\VideoOS.Platform.SDK.UnitTests\bin\x64\Debug\net472\VideoOS.Platform.SDK.UnitTests.dll" adapterTypeName="executor://mstestadapter/v2" className="VideoOS.Platform.SDKUnittest.Audio.NAudioPlayerComponentTest" name="Disconnect_ConnectedAndInvokedTwice_DisconnectsAudioToolkitOnceAndAvoidsToolkitReentry" />
    </UnitTest>
    <UnitTest name="LiveStart_Connected_DelegatesCallsToToolkit" storage="d:\actions-runner\_work\xpco\xpco\mip\mipsdk\tst\videoos.platform.sdk.unittests\bin\x64\debug\net472\videoos.platform.sdk.unittests.dll" id="ab93ee62-5f81-8ef5-1c0d-f4b76290680a">
      <TestCategory>
        <TestCategoryItem TestCategory="NAudioPlayerComponent" />
      </TestCategory>
      <Execution id="9a2e48bd-66dc-4eca-bb4d-92a2deacb3f7" />
      <TestMethod codeBase="D:\actions-runner\_work\XPCO\XPCO\MIP\MIPSDK\tst\VideoOS.Platform.SDK.UnitTests\bin\x64\Debug\net472\VideoOS.Platform.SDK.UnitTests.dll" adapterTypeName="executor://mstestadapter/v2" className="VideoOS.Platform.SDKUnittest.Audio.NAudioPlayerComponentTest" name="LiveStart_Connected_DelegatesCallsToToolkit" />
    </UnitTest>
    <UnitTest name="HandleAudioData_VolumeSetPrematurely_LocalVolumeAndAppliedDuringConstruction" storage="d:\actions-runner\_work\xpco\xpco\mip\mipsdk\tst\videoos.platform.sdk.unittests\bin\x64\debug\net472\videoos.platform.sdk.unittests.dll" id="9855177d-3c89-e00d-59db-a565da891164">
      <TestCategory>
        <TestCategoryItem TestCategory="NAudioPlayerComponent" />
      </TestCategory>
      <Execution id="1bf1a2a0-1e61-4969-b886-9eab207d66ce" />
      <TestMethod codeBase="D:\actions-runner\_work\XPCO\XPCO\MIP\MIPSDK\tst\VideoOS.Platform.SDK.UnitTests\bin\x64\Debug\net472\VideoOS.Platform.SDK.UnitTests.dll" adapterTypeName="executor://mstestadapter/v2" className="VideoOS.Platform.SDKUnittest.Audio.NAudioPlayerComponentTest" name="HandleAudioData_VolumeSetPrematurely_LocalVolumeAndAppliedDuringConstruction" />
    </UnitTest>
    <UnitTest name="ConnectionTask_ShouldResubscribe_WhenConnectionIsBroken_AndResumeFails" storage="d:\actions-runner\_work\xpco\xpco\mip\mipsdk\tst\videoos.platform.sdk.unittests\bin\x64\debug\net472\videoos.platform.sdk.unittests.dll" id="c3573399-21f3-d171-85a6-ea212493cb14">
      <Execution id="cff8c21f-1ceb-4051-9a28-62560147881f" />
      <TestMethod codeBase="D:\actions-runner\_work\XPCO\XPCO\MIP\MIPSDK\tst\VideoOS.Platform.SDK.UnitTests\bin\x64\Debug\net472\VideoOS.Platform.SDK.UnitTests.dll" adapterTypeName="executor://mstestadapter/v2" className="VideoOS.Platform.SDKUnittest.EventsAndState.EventsAndStateSessionTest" name="ConnectionTask_ShouldResubscribe_WhenConnectionIsBroken_AndResumeFails" />
    </UnitTest>
    <UnitTest name="XpcoNotLoggedinDueToInvalidUri" storage="d:\actions-runner\_work\xpco\xpco\mip\mipsdk\tst\videoos.platform.sdk.unittests\bin\x64\debug\net472\videoos.platform.sdk.unittests.dll" id="2f9fe530-9f9a-4708-4a26-7c6564c4fadd">
      <Execution id="b83c2f8d-e21e-4e12-8baf-85c71354b5b5" />
      <TestMethod codeBase="D:\actions-runner\_work\XPCO\XPCO\MIP\MIPSDK\tst\VideoOS.Platform.SDK.UnitTests\bin\x64\Debug\net472\VideoOS.Platform.SDK.UnitTests.dll" adapterTypeName="executor://mstestadapter/v2" className="VideoOS.Platform.SDKUnittest.Configuration.XpcoConfigurationTest" name="XpcoNotLoggedinDueToInvalidUri" />
    </UnitTest>
    <UnitTest name="CheckToStringWithTandZ" storage="d:\actions-runner\_work\xpco\xpco\mip\mipsdk\tst\videoos.platform.sdk.unittests\bin\x64\debug\net472\videoos.platform.sdk.unittests.dll" id="385258c3-bf69-84a9-6b96-32d51034c910">
      <Execution id="911e933c-3353-43de-b44a-bd83201a985f" />
      <TestMethod codeBase="D:\actions-runner\_work\XPCO\XPCO\MIP\MIPSDK\tst\VideoOS.Platform.SDK.UnitTests\bin\x64\Debug\net472\VideoOS.Platform.SDK.UnitTests.dll" adapterTypeName="executor://mstestadapter/v2" className="VideoOS.Platform.SDKUnittest.FeatureTests.TimeConverterTests" name="CheckToStringWithTandZ" />
    </UnitTest>
    <UnitTest name="XpcoMultiLoginSuccess" storage="d:\actions-runner\_work\xpco\xpco\mip\mipsdk\tst\videoos.platform.sdk.unittests\bin\x64\debug\net472\videoos.platform.sdk.unittests.dll" id="85afdadd-d6c2-2083-0346-abf07f63d82d">
      <Execution id="58e0c2bc-7c60-48f5-bdef-92921a315057" />
      <TestMethod codeBase="D:\actions-runner\_work\XPCO\XPCO\MIP\MIPSDK\tst\VideoOS.Platform.SDK.UnitTests\bin\x64\Debug\net472\VideoOS.Platform.SDK.UnitTests.dll" adapterTypeName="executor://mstestadapter/v2" className="VideoOS.Platform.SDKUnittest.EnvironmentTests.MultiEnvironmentTests" name="XpcoMultiLoginSuccess" />
    </UnitTest>
    <UnitTest name="Givent_MessageContainingEventWithData_When_CallingGetDataOfInCorrectType_Then_NOTE_NOTE_NOTE_ACompleteObjectIsReturned" storage="d:\actions-runner\_work\xpco\xpco\mip\mipsdk\tst\videoos.platform.sdk.unittests\bin\x64\debug\net472\videoos.platform.sdk.unittests.dll" id="7f6a3e30-0edb-cef4-24b2-03a61d04ff8b">
      <Execution id="071b600b-3ae5-43db-b5e5-bb54f1c7a087" />
      <TestMethod codeBase="D:\actions-runner\_work\XPCO\XPCO\MIP\MIPSDK\tst\VideoOS.Platform.SDK.UnitTests\bin\x64\Debug\net472\VideoOS.Platform.SDK.UnitTests.dll" adapterTypeName="executor://mstestadapter/v2" className="VideoOS.Platform.SDKUnittest.EventsAndState.SerializationTests" name="Givent_MessageContainingEventWithData_When_CallingGetDataOfInCorrectType_Then_NOTE_NOTE_NOTE_ACompleteObjectIsReturned" />
    </UnitTest>
    <UnitTest name="LiveStart_NotConnected_DoesNotCrash" storage="d:\actions-runner\_work\xpco\xpco\mip\mipsdk\tst\videoos.platform.sdk.unittests\bin\x64\debug\net472\videoos.platform.sdk.unittests.dll" id="373252f1-976f-baf6-24a1-d0fc41da5a58">
      <TestCategory>
        <TestCategoryItem TestCategory="NAudioPlayerComponent" />
      </TestCategory>
      <Execution id="75e0b172-a70d-4178-b55d-23d71e4b4c32" />
      <TestMethod codeBase="D:\actions-runner\_work\XPCO\XPCO\MIP\MIPSDK\tst\VideoOS.Platform.SDK.UnitTests\bin\x64\Debug\net472\VideoOS.Platform.SDK.UnitTests.dll" adapterTypeName="executor://mstestadapter/v2" className="VideoOS.Platform.SDKUnittest.Audio.NAudioPlayerComponentTest" name="LiveStart_NotConnected_DoesNotCrash" />
    </UnitTest>
    <UnitTest name="LiveStop_NotConnected_DoesNotCrash" storage="d:\actions-runner\_work\xpco\xpco\mip\mipsdk\tst\videoos.platform.sdk.unittests\bin\x64\debug\net472\videoos.platform.sdk.unittests.dll" id="207a3d78-df6f-77e7-ea7b-416c6af70bf7">
      <TestCategory>
        <TestCategoryItem TestCategory="NAudioPlayerComponent" />
      </TestCategory>
      <Execution id="27cda969-cca3-478d-8788-228af7088672" />
      <TestMethod codeBase="D:\actions-runner\_work\XPCO\XPCO\MIP\MIPSDK\tst\VideoOS.Platform.SDK.UnitTests\bin\x64\Debug\net472\VideoOS.Platform.SDK.UnitTests.dll" adapterTypeName="executor://mstestadapter/v2" className="VideoOS.Platform.SDKUnittest.Audio.NAudioPlayerComponentTest" name="LiveStop_NotConnected_DoesNotCrash" />
    </UnitTest>
    <UnitTest name="ConnectUsingConfiguration_EmptyConfiguration_Throws" storage="d:\actions-runner\_work\xpco\xpco\mip\mipsdk\tst\videoos.platform.sdk.unittests\bin\x64\debug\net472\videoos.platform.sdk.unittests.dll" id="26f9b70e-5804-b406-9eb3-8ec45170e496">
      <TestCategory>
        <TestCategoryItem TestCategory="NAudioPlayerComponent" />
      </TestCategory>
      <Execution id="c40a250d-db74-44e0-9f8b-c605cce6cefe" />
      <TestMethod codeBase="D:\actions-runner\_work\XPCO\XPCO\MIP\MIPSDK\tst\VideoOS.Platform.SDK.UnitTests\bin\x64\Debug\net472\VideoOS.Platform.SDK.UnitTests.dll" adapterTypeName="executor://mstestadapter/v2" className="VideoOS.Platform.SDKUnittest.Audio.NAudioPlayerComponentTest" name="ConnectUsingConfiguration_EmptyConfiguration_Throws" />
    </UnitTest>
    <UnitTest name="HandleStateChanged_StateConnected_ConnectedIsTrueAndEventFired" storage="d:\actions-runner\_work\xpco\xpco\mip\mipsdk\tst\videoos.platform.sdk.unittests\bin\x64\debug\net472\videoos.platform.sdk.unittests.dll" id="55eddf56-140c-fc12-8881-b40e3de6fdf2">
      <TestCategory>
        <TestCategoryItem TestCategory="NAudioPlayerComponent" />
      </TestCategory>
      <Execution id="6f0f7f9d-d6df-42b3-8dbc-807f3300181f" />
      <TestMethod codeBase="D:\actions-runner\_work\XPCO\XPCO\MIP\MIPSDK\tst\VideoOS.Platform.SDK.UnitTests\bin\x64\Debug\net472\VideoOS.Platform.SDK.UnitTests.dll" adapterTypeName="executor://mstestadapter/v2" className="VideoOS.Platform.SDKUnittest.Audio.NAudioPlayerComponentTest" name="HandleStateChanged_StateConnected_ConnectedIsTrueAndEventFired" />
    </UnitTest>
    <UnitTest name="CheckBaseTime1970FromString" storage="d:\actions-runner\_work\xpco\xpco\mip\mipsdk\tst\videoos.platform.sdk.unittests\bin\x64\debug\net472\videoos.platform.sdk.unittests.dll" id="dd88292e-70c4-42bd-a16e-4296bf8609a3">
      <Execution id="d848ea63-fec1-4162-ba9c-8785ba0b0b3b" />
      <TestMethod codeBase="D:\actions-runner\_work\XPCO\XPCO\MIP\MIPSDK\tst\VideoOS.Platform.SDK.UnitTests\bin\x64\Debug\net472\VideoOS.Platform.SDK.UnitTests.dll" adapterTypeName="executor://mstestadapter/v2" className="VideoOS.Platform.SDKUnittest.FeatureTests.TimeConverterTests" name="CheckBaseTime1970FromString" />
    </UnitTest>
    <UnitTest name="Login_Success" storage="d:\actions-runner\_work\xpco\xpco\mip\mipsdk\tst\videoos.platform.sdk.unittests\bin\x64\debug\net472\videoos.platform.sdk.unittests.dll" id="9303c8a3-4457-dd53-a1ee-73373e6854b4">
      <Execution id="79436753-d65e-429d-9292-80ba99a68250" />
      <TestMethod codeBase="D:\actions-runner\_work\XPCO\XPCO\MIP\MIPSDK\tst\VideoOS.Platform.SDK.UnitTests\bin\x64\Debug\net472\VideoOS.Platform.SDK.UnitTests.dll" adapterTypeName="executor://mstestadapter/v2" className="VideoOS.Platform.SDKUnittest.EnvironmentServiceTest" name="Login_Success" />
    </UnitTest>
    <UnitTest name="StartRecording_ShouldStartRecording_WhenAudioRecorderIsInitialized" storage="d:\actions-runner\_work\xpco\xpco\mip\mipsdk\tst\videoos.platform.sdk.unittests\bin\x64\debug\net472\videoos.platform.sdk.unittests.dll" id="4cc2af54-3704-7ced-d419-f08afbf26159">
      <TestCategory>
        <TestCategoryItem TestCategory="AudioRecorder" />
      </TestCategory>
      <Execution id="b9b70816-a191-4301-a4a6-049a5edab4a8" />
      <TestMethod codeBase="D:\actions-runner\_work\XPCO\XPCO\MIP\MIPSDK\tst\VideoOS.Platform.SDK.UnitTests\bin\x64\Debug\net472\VideoOS.Platform.SDK.UnitTests.dll" adapterTypeName="executor://mstestadapter/v2" className="VideoOS.Platform.SDKUnittest.Audio.AudioRecorderTests" name="StartRecording_ShouldStartRecording_WhenAudioRecorderIsInitialized" />
    </UnitTest>
    <UnitTest name="XpcoSiteInfoUriCorrectServerType" storage="d:\actions-runner\_work\xpco\xpco\mip\mipsdk\tst\videoos.platform.sdk.unittests\bin\x64\debug\net472\videoos.platform.sdk.unittests.dll" id="56497288-6a33-5a75-f21c-09bd940b969b">
      <Execution id="ceededb2-473d-4372-942d-68071f6ea2f0" />
      <TestMethod codeBase="D:\actions-runner\_work\XPCO\XPCO\MIP\MIPSDK\tst\VideoOS.Platform.SDK.UnitTests\bin\x64\Debug\net472\VideoOS.Platform.SDK.UnitTests.dll" adapterTypeName="executor://mstestadapter/v2" className="VideoOS.Platform.SDKUnittest.EnvironmentTests.MultiEnvironmentTests" name="XpcoSiteInfoUriCorrectServerType" />
    </UnitTest>
    <UnitTest name="XpcoLoadSiteItemWithNoServerAdded" storage="d:\actions-runner\_work\xpco\xpco\mip\mipsdk\tst\videoos.platform.sdk.unittests\bin\x64\debug\net472\videoos.platform.sdk.unittests.dll" id="42bdc251-86a2-3f22-7f1a-f6d4ae2e2647">
      <Execution id="6d44ae2a-fe8f-4d39-b6c8-f9557103d664" />
      <TestMethod codeBase="D:\actions-runner\_work\XPCO\XPCO\MIP\MIPSDK\tst\VideoOS.Platform.SDK.UnitTests\bin\x64\Debug\net472\VideoOS.Platform.SDK.UnitTests.dll" adapterTypeName="executor://mstestadapter/v2" className="VideoOS.Platform.SDKUnittest.Configuration.XpcoConfigurationTest" name="XpcoLoadSiteItemWithNoServerAdded" />
    </UnitTest>
    <UnitTest name="HandleAudioData_DoNot_CalculateAudioMeterValue_When_Subscribed_And_Muted" storage="d:\actions-runner\_work\xpco\xpco\mip\mipsdk\tst\videoos.platform.sdk.unittests\bin\x64\debug\net472\videoos.platform.sdk.unittests.dll" id="29d47194-990a-053d-d2b1-814ca76f50ce">
      <TestCategory>
        <TestCategoryItem TestCategory="NAudioPlayerComponent" />
      </TestCategory>
      <Execution id="1ae76225-0e32-4f70-adac-8711aa019f2b" />
      <TestMethod codeBase="D:\actions-runner\_work\XPCO\XPCO\MIP\MIPSDK\tst\VideoOS.Platform.SDK.UnitTests\bin\x64\Debug\net472\VideoOS.Platform.SDK.UnitTests.dll" adapterTypeName="executor://mstestadapter/v2" className="VideoOS.Platform.SDKUnittest.Audio.NAudioPlayerComponentTest" name="HandleAudioData_DoNot_CalculateAudioMeterValue_When_Subscribed_And_Muted" />
    </UnitTest>
    <UnitTest name="Close_WhenNotNull_Success" storage="d:\actions-runner\_work\xpco\xpco\mip\mipsdk\tst\videoos.platform.sdk.unittests\bin\x64\debug\net472\videoos.platform.sdk.unittests.dll" id="f830c93a-4e43-13d6-c3ab-367476959177">
      <Execution id="56d20a38-7061-43cb-86c7-601163739a49" />
      <TestMethod codeBase="D:\actions-runner\_work\XPCO\XPCO\MIP\MIPSDK\tst\VideoOS.Platform.SDK.UnitTests\bin\x64\Debug\net472\VideoOS.Platform.SDK.UnitTests.dll" adapterTypeName="executor://mstestadapter/v2" className="VideoOS.Platform.SDKUnittest.Facades.ClientControlFacadeTest" name="Close_WhenNotNull_Success" />
    </UnitTest>
    <UnitTest name="SchemeCompareOk" storage="d:\actions-runner\_work\xpco\xpco\mip\mipsdk\tst\videoos.platform.sdk.unittests\bin\x64\debug\net472\videoos.platform.sdk.unittests.dll" id="09ad567a-bf9b-551a-1680-c5ab6247ecc6">
      <Execution id="a06a5400-5662-421d-a5ab-ee597b72eae7" />
      <TestMethod codeBase="D:\actions-runner\_work\XPCO\XPCO\MIP\MIPSDK\tst\VideoOS.Platform.SDK.UnitTests\bin\x64\Debug\net472\VideoOS.Platform.SDK.UnitTests.dll" adapterTypeName="executor://mstestadapter/v2" className="VideoOS.Platform.SDKUnittest.FeatureTests.UriUtilTest" name="SchemeCompareOk" />
    </UnitTest>
    <UnitTest name="Givent_MessageContainingEventWithData_When_ConvertingToEvents_Then_DataIsOfType_JsonHandling_JSonObject" storage="d:\actions-runner\_work\xpco\xpco\mip\mipsdk\tst\videoos.platform.sdk.unittests\bin\x64\debug\net472\videoos.platform.sdk.unittests.dll" id="b4cef04e-2d44-bef8-05c3-d2ca96c4a23e">
      <Execution id="4233437c-38b8-44a4-83c7-b98758cbe127" />
      <TestMethod codeBase="D:\actions-runner\_work\XPCO\XPCO\MIP\MIPSDK\tst\VideoOS.Platform.SDK.UnitTests\bin\x64\Debug\net472\VideoOS.Platform.SDK.UnitTests.dll" adapterTypeName="executor://mstestadapter/v2" className="VideoOS.Platform.SDKUnittest.EventsAndState.SerializationTests" name="Givent_MessageContainingEventWithData_When_ConvertingToEvents_Then_DataIsOfType_JsonHandling_JSonObject" />
    </UnitTest>
    <UnitTest name="Givent_MessageContainingEventWithData_When_CallingGetDataOfInCorrectType_Then_APartialOrEmptyObjectIsReturned2" storage="d:\actions-runner\_work\xpco\xpco\mip\mipsdk\tst\videoos.platform.sdk.unittests\bin\x64\debug\net472\videoos.platform.sdk.unittests.dll" id="17db813c-1206-cc8b-2aec-429272188567">
      <Execution id="1c1fd226-3e2a-466d-858d-7185d48fb166" />
      <TestMethod codeBase="D:\actions-runner\_work\XPCO\XPCO\MIP\MIPSDK\tst\VideoOS.Platform.SDK.UnitTests\bin\x64\Debug\net472\VideoOS.Platform.SDK.UnitTests.dll" adapterTypeName="executor://mstestadapter/v2" className="VideoOS.Platform.SDKUnittest.EventsAndState.SerializationTests" name="Givent_MessageContainingEventWithData_When_CallingGetDataOfInCorrectType_Then_APartialOrEmptyObjectIsReturned2" />
    </UnitTest>
    <UnitTest name="Free_ShouldDoNothing_WhenAudioRecorderIsNotInitialized" storage="d:\actions-runner\_work\xpco\xpco\mip\mipsdk\tst\videoos.platform.sdk.unittests\bin\x64\debug\net472\videoos.platform.sdk.unittests.dll" id="ca527ff0-e8d3-ed62-5f44-c8e5eb7d34bb">
      <TestCategory>
        <TestCategoryItem TestCategory="AudioRecorder" />
      </TestCategory>
      <Execution id="c7010e68-d298-410f-80f4-2e72fc7ce940" />
      <TestMethod codeBase="D:\actions-runner\_work\XPCO\XPCO\MIP\MIPSDK\tst\VideoOS.Platform.SDK.UnitTests\bin\x64\Debug\net472\VideoOS.Platform.SDK.UnitTests.dll" adapterTypeName="executor://mstestadapter/v2" className="VideoOS.Platform.SDKUnittest.Audio.AudioRecorderTests" name="Free_ShouldDoNothing_WhenAudioRecorderIsNotInitialized" />
    </UnitTest>
    <UnitTest name="LoginWithRegistration_LoginFail_ThrowDefaultException" storage="d:\actions-runner\_work\xpco\xpco\mip\mipsdk\tst\videoos.platform.sdk.unittests\bin\x64\debug\net472\videoos.platform.sdk.unittests.dll" id="bb377a2c-95c3-9aad-404f-5afa18de69c7">
      <Execution id="5ff84d0a-4965-4571-b171-acce170b86db" />
      <TestMethod codeBase="D:\actions-runner\_work\XPCO\XPCO\MIP\MIPSDK\tst\VideoOS.Platform.SDK.UnitTests\bin\x64\Debug\net472\VideoOS.Platform.SDK.UnitTests.dll" adapterTypeName="executor://mstestadapter/v2" className="VideoOS.Platform.SDKUnittest.EnvironmentServiceTest" name="LoginWithRegistration_LoginFail_ThrowDefaultException" />
    </UnitTest>
    <UnitTest name="GetLoginSettings_Correct" storage="d:\actions-runner\_work\xpco\xpco\mip\mipsdk\tst\videoos.platform.sdk.unittests\bin\x64\debug\net472\videoos.platform.sdk.unittests.dll" id="e8d9f86f-c2bc-d844-07f3-5ecc6e65044b">
      <Execution id="15e4ecd9-4760-4f0f-b444-539ddd644490" />
      <TestMethod codeBase="D:\actions-runner\_work\XPCO\XPCO\MIP\MIPSDK\tst\VideoOS.Platform.SDK.UnitTests\bin\x64\Debug\net472\VideoOS.Platform.SDK.UnitTests.dll" adapterTypeName="executor://mstestadapter/v2" className="VideoOS.Platform.SDKUnittest.Facades.LoginSettingsCacheFacadeTest" name="GetLoginSettings_Correct" />
    </UnitTest>
    <UnitTest name="CreateSession_ShouldStartSession_AndDispose_ShouldStopSession" storage="d:\actions-runner\_work\xpco\xpco\mip\mipsdk\tst\videoos.platform.sdk.unittests\bin\x64\debug\net472\videoos.platform.sdk.unittests.dll" id="12830b4f-7828-9fc9-0289-1b8030e1633a">
      <Execution id="ca0b9737-418a-4688-bdd9-e2db9864c76d" />
      <TestMethod codeBase="D:\actions-runner\_work\XPCO\XPCO\MIP\MIPSDK\tst\VideoOS.Platform.SDK.UnitTests\bin\x64\Debug\net472\VideoOS.Platform.SDK.UnitTests.dll" adapterTypeName="executor://mstestadapter/v2" className="VideoOS.Platform.SDKUnittest.EventsAndState.EventsAndStateSessionTest" name="CreateSession_ShouldStartSession_AndDispose_ShouldStopSession" />
    </UnitTest>
    <UnitTest name="XpcoMultiUserLoginServerList" storage="d:\actions-runner\_work\xpco\xpco\mip\mipsdk\tst\videoos.platform.sdk.unittests\bin\x64\debug\net472\videoos.platform.sdk.unittests.dll" id="d2f3bae5-4b87-92ba-8e82-de1dd6dbd488">
      <Execution id="95a7d842-c403-4852-959e-bf5b67a63846" />
      <TestMethod codeBase="D:\actions-runner\_work\XPCO\XPCO\MIP\MIPSDK\tst\VideoOS.Platform.SDK.UnitTests\bin\x64\Debug\net472\VideoOS.Platform.SDK.UnitTests.dll" adapterTypeName="executor://mstestadapter/v2" className="VideoOS.Platform.SDKUnittest.EnvironmentTests.MultiUserEnvironmentTests" name="XpcoMultiUserLoginServerList" />
    </UnitTest>
    <UnitTest name="RemoveAllServers_Success" storage="d:\actions-runner\_work\xpco\xpco\mip\mipsdk\tst\videoos.platform.sdk.unittests\bin\x64\debug\net472\videoos.platform.sdk.unittests.dll" id="517e0e3b-7634-80b0-69a7-bd9c7f21e593">
      <Execution id="925c5a9e-0392-44e3-918e-a46494746f3b" />
      <TestMethod codeBase="D:\actions-runner\_work\XPCO\XPCO\MIP\MIPSDK\tst\VideoOS.Platform.SDK.UnitTests\bin\x64\Debug\net472\VideoOS.Platform.SDK.UnitTests.dll" adapterTypeName="executor://mstestadapter/v2" className="VideoOS.Platform.SDKUnittest.EnvironmentServiceTest" name="RemoveAllServers_Success" />
    </UnitTest>
    <UnitTest name="LogoutByUri_WhenSystemInfoNotNull_AlsoCallsEnvironmentManagerLogout" storage="d:\actions-runner\_work\xpco\xpco\mip\mipsdk\tst\videoos.platform.sdk.unittests\bin\x64\debug\net472\videoos.platform.sdk.unittests.dll" id="1e673d72-09b3-76fe-7a9c-ca4edce9473e">
      <Execution id="a6ce754c-ba99-405a-82d4-197d77387d13" />
      <TestMethod codeBase="D:\actions-runner\_work\XPCO\XPCO\MIP\MIPSDK\tst\VideoOS.Platform.SDK.UnitTests\bin\x64\Debug\net472\VideoOS.Platform.SDK.UnitTests.dll" adapterTypeName="executor://mstestadapter/v2" className="VideoOS.Platform.SDKUnittest.EnvironmentServiceTest" name="LogoutByUri_WhenSystemInfoNotNull_AlsoCallsEnvironmentManagerLogout" />
    </UnitTest>
    <UnitTest name="XpcoGroupCheckInvalidParameters" storage="d:\actions-runner\_work\xpco\xpco\mip\mipsdk\tst\videoos.platform.sdk.unittests\bin\x64\debug\net472\videoos.platform.sdk.unittests.dll" id="3b3bc144-1799-7620-fe3c-04bad5ec1510">
      <Execution id="ac1b5ba9-8bea-4d43-893d-80d3c8f6912e" />
      <TestMethod codeBase="D:\actions-runner\_work\XPCO\XPCO\MIP\MIPSDK\tst\VideoOS.Platform.SDK.UnitTests\bin\x64\Debug\net472\VideoOS.Platform.SDK.UnitTests.dll" adapterTypeName="executor://mstestadapter/v2" className="VideoOS.Platform.SDKUnittest.Configuration.XpcoConfigurationTest" name="XpcoGroupCheckInvalidParameters" />
    </UnitTest>
    <UnitTest name="PlaybackStart_AlreadyPlayingPlayback_AvoidsToolkitReentry" storage="d:\actions-runner\_work\xpco\xpco\mip\mipsdk\tst\videoos.platform.sdk.unittests\bin\x64\debug\net472\videoos.platform.sdk.unittests.dll" id="fbaf1dda-566e-cc79-d509-7e9e6a1689d9">
      <TestCategory>
        <TestCategoryItem TestCategory="NAudioPlayerComponent" />
      </TestCategory>
      <Execution id="1486c568-76b5-4450-abbb-a8852983213a" />
      <TestMethod codeBase="D:\actions-runner\_work\XPCO\XPCO\MIP\MIPSDK\tst\VideoOS.Platform.SDK.UnitTests\bin\x64\Debug\net472\VideoOS.Platform.SDK.UnitTests.dll" adapterTypeName="executor://mstestadapter/v2" className="VideoOS.Platform.SDKUnittest.Audio.NAudioPlayerComponentTest" name="PlaybackStart_AlreadyPlayingPlayback_AvoidsToolkitReentry" />
    </UnitTest>
    <UnitTest name="Unitialize_ShouldResetInstances" storage="d:\actions-runner\_work\xpco\xpco\mip\mipsdk\tst\videoos.platform.sdk.unittests\bin\x64\debug\net472\videoos.platform.sdk.unittests.dll" id="10274018-72a2-7e54-f67f-3e3dab8a3913">
      <Execution id="14c908e0-df35-4ed3-b2f7-0906e44936a1" />
      <TestMethod codeBase="D:\actions-runner\_work\XPCO\XPCO\MIP\MIPSDK\tst\VideoOS.Platform.SDK.UnitTests\bin\x64\Debug\net472\VideoOS.Platform.SDK.UnitTests.dll" adapterTypeName="executor://mstestadapter/v2" className="VideoOS.Platform.SDKUnittest.EnvironmentTest" name="Unitialize_ShouldResetInstances" />
    </UnitTest>
    <UnitTest name="StripXmlHeader_WhenNull_ReturnsNull" storage="d:\actions-runner\_work\xpco\xpco\mip\mipsdk\tst\videoos.platform.sdk.unittests\bin\x64\debug\net472\videoos.platform.sdk.unittests.dll" id="0793f3e7-1a84-232a-72f7-77f9de3f59e4">
      <Execution id="d9606919-b50d-4dff-a236-a2b040ecbc40" />
      <TestMethod codeBase="D:\actions-runner\_work\XPCO\XPCO\MIP\MIPSDK\tst\VideoOS.Platform.SDK.UnitTests\bin\x64\Debug\net472\VideoOS.Platform.SDK.UnitTests.dll" adapterTypeName="executor://mstestadapter/v2" className="VideoOS.Platform.SDKUnittest.Util.ConfigUtilTest" name="StripXmlHeader_WhenNull_ReturnsNull" />
    </UnitTest>
    <UnitTest name="TryCreateParentUri_WhenNoAuthHasCredential_ReturnsNull" storage="d:\actions-runner\_work\xpco\xpco\mip\mipsdk\tst\videoos.platform.sdk.unittests\bin\x64\debug\net472\videoos.platform.sdk.unittests.dll" id="d3ce4a46-9062-5855-70fd-ebbcc2b0eafc">
      <Execution id="65b5c99b-d963-4d2d-abce-12f3f686f2f2" />
      <TestMethod codeBase="D:\actions-runner\_work\XPCO\XPCO\MIP\MIPSDK\tst\VideoOS.Platform.SDK.UnitTests\bin\x64\Debug\net472\VideoOS.Platform.SDK.UnitTests.dll" adapterTypeName="executor://mstestadapter/v2" className="VideoOS.Platform.SDKUnittest.PlatformTests.CredentialCacheServiceTest" name="TryCreateParentUri_WhenNoAuthHasCredential_ReturnsNull" />
    </UnitTest>
    <UnitTest name="ConnectUsingConfiguration_NullConfiguration_Throws" storage="d:\actions-runner\_work\xpco\xpco\mip\mipsdk\tst\videoos.platform.sdk.unittests\bin\x64\debug\net472\videoos.platform.sdk.unittests.dll" id="60cda89b-764e-8c9e-bc30-1e3457534948">
      <TestCategory>
        <TestCategoryItem TestCategory="NAudioPlayerComponent" />
      </TestCategory>
      <Execution id="a5aa5a18-9ccf-458b-a178-304f9da739c3" />
      <TestMethod codeBase="D:\actions-runner\_work\XPCO\XPCO\MIP\MIPSDK\tst\VideoOS.Platform.SDK.UnitTests\bin\x64\Debug\net472\VideoOS.Platform.SDK.UnitTests.dll" adapterTypeName="executor://mstestadapter/v2" className="VideoOS.Platform.SDKUnittest.Audio.NAudioPlayerComponentTest" name="ConnectUsingConfiguration_NullConfiguration_Throws" />
    </UnitTest>
    <UnitTest name="Given_Nothing_When_ReceivingACommandResponse_Then_ItIsDispatchedToTheCommandHandler" storage="d:\actions-runner\_work\xpco\xpco\mip\mipsdk\tst\videoos.platform.sdk.unittests\bin\x64\debug\net472\videoos.platform.sdk.unittests.dll" id="8cf85ff1-edc7-caee-ed6c-a1ccfa277329">
      <Execution id="1a7339fc-654d-4db1-92fb-04b74e30f40c" />
      <TestMethod codeBase="D:\actions-runner\_work\XPCO\XPCO\MIP\MIPSDK\tst\VideoOS.Platform.SDK.UnitTests\bin\x64\Debug\net472\VideoOS.Platform.SDK.UnitTests.dll" adapterTypeName="executor://mstestadapter/v2" className="VideoOS.Platform.SDKUnittest.EventsAndState.MessageDispatcherTest" name="Given_Nothing_When_ReceivingACommandResponse_Then_ItIsDispatchedToTheCommandHandler" />
    </UnitTest>
    <UnitTest name="Initialize_ShouldReturnTrue_WhenARecordingDeviceIsAvailable" storage="d:\actions-runner\_work\xpco\xpco\mip\mipsdk\tst\videoos.platform.sdk.unittests\bin\x64\debug\net472\videoos.platform.sdk.unittests.dll" id="6906b320-58cc-fbbb-8560-616a393b863e">
      <TestCategory>
        <TestCategoryItem TestCategory="AudioRecorder" />
      </TestCategory>
      <Execution id="485d4361-be2f-4dec-a57e-7758cfbfd890" />
      <TestMethod codeBase="D:\actions-runner\_work\XPCO\XPCO\MIP\MIPSDK\tst\VideoOS.Platform.SDK.UnitTests\bin\x64\Debug\net472\VideoOS.Platform.SDK.UnitTests.dll" adapterTypeName="executor://mstestadapter/v2" className="VideoOS.Platform.SDKUnittest.Audio.AudioRecorderTests" name="Initialize_ShouldReturnTrue_WhenARecordingDeviceIsAvailable" />
    </UnitTest>
    <UnitTest name="LogoutByUri_WhenSystemInfoNull_CallsOnlyConfigurationLogout" storage="d:\actions-runner\_work\xpco\xpco\mip\mipsdk\tst\videoos.platform.sdk.unittests\bin\x64\debug\net472\videoos.platform.sdk.unittests.dll" id="638fe5d5-83ae-859e-df2b-f9eef240ca6f">
      <Execution id="30deb2b5-9245-480b-b47e-783910bb25ba" />
      <TestMethod codeBase="D:\actions-runner\_work\XPCO\XPCO\MIP\MIPSDK\tst\VideoOS.Platform.SDK.UnitTests\bin\x64\Debug\net472\VideoOS.Platform.SDK.UnitTests.dll" adapterTypeName="executor://mstestadapter/v2" className="VideoOS.Platform.SDKUnittest.EnvironmentServiceTest" name="LogoutByUri_WhenSystemInfoNull_CallsOnlyConfigurationLogout" />
    </UnitTest>
    <UnitTest name="GetRawVideoNetworkDb" storage="d:\actions-runner\_work\xpco\xpco\mip\mipsdk\tst\videoos.platform.sdk.unittests\bin\x64\debug\net472\videoos.platform.sdk.unittests.dll" id="ee8aafb9-8c92-aa71-b2c5-a50c80f89ffa">
      <Execution id="8f7d8818-d211-468d-a3df-eac24e954b6a" />
      <TestMethod codeBase="D:\actions-runner\_work\XPCO\XPCO\MIP\MIPSDK\tst\VideoOS.Platform.SDK.UnitTests\bin\x64\Debug\net472\VideoOS.Platform.SDK.UnitTests.dll" adapterTypeName="executor://mstestadapter/v2" className="VideoOS.Platform.SDKUnittest.VideoTest.MediaTests" name="GetRawVideoNetworkDb" />
    </UnitTest>
    <UnitTest name="GetBitmapFirstNetworkDb" storage="d:\actions-runner\_work\xpco\xpco\mip\mipsdk\tst\videoos.platform.sdk.unittests\bin\x64\debug\net472\videoos.platform.sdk.unittests.dll" id="729fea51-614b-2ba9-1dd4-6b49891d7c46">
      <Execution id="530474ea-d7b2-4e9f-a36f-c9e349295401" />
      <TestMethod codeBase="D:\actions-runner\_work\XPCO\XPCO\MIP\MIPSDK\tst\VideoOS.Platform.SDK.UnitTests\bin\x64\Debug\net472\VideoOS.Platform.SDK.UnitTests.dll" adapterTypeName="executor://mstestadapter/v2" className="VideoOS.Platform.SDKUnittest.VideoTest.MediaTests" name="GetBitmapFirstNetworkDb" />
    </UnitTest>
    <UnitTest name="Given_ReceivedMessageContainsSuccessStatus_When_IsSuccessStatusCode_ThenResultFollowingStatusIsReturned" storage="d:\actions-runner\_work\xpco\xpco\mip\mipsdk\tst\videoos.platform.sdk.unittests\bin\x64\debug\net472\videoos.platform.sdk.unittests.dll" id="c9e3fbeb-75b1-7c7b-7b60-e4644d8dd577">
      <Execution id="c3f7042c-fb0f-44da-a159-fadbb4c10c68" />
      <TestMethod codeBase="D:\actions-runner\_work\XPCO\XPCO\MIP\MIPSDK\tst\VideoOS.Platform.SDK.UnitTests\bin\x64\Debug\net472\VideoOS.Platform.SDK.UnitTests.dll" adapterTypeName="executor://mstestadapter/v2" className="VideoOS.Platform.SDKUnittest.EventsAndState.MessageParserTests" name="Given_ReceivedMessageContainsSuccessStatus_When_IsSuccessStatusCode_ThenResultFollowingStatusIsReturned" />
    </UnitTest>
    <UnitTest name="OAuthServerIsOffline" storage="d:\actions-runner\_work\xpco\xpco\mip\mipsdk\tst\videoos.platform.sdk.unittests\bin\x64\debug\net472\videoos.platform.sdk.unittests.dll" id="f1181353-771a-42f2-9df1-c384eac48176">
      <Execution id="f715ec8b-c37d-4841-bab3-84cbee6c1757" />
      <TestMethod codeBase="D:\actions-runner\_work\XPCO\XPCO\MIP\MIPSDK\tst\VideoOS.Platform.SDK.UnitTests\bin\x64\Debug\net472\VideoOS.Platform.SDK.UnitTests.dll" adapterTypeName="executor://mstestadapter/v2" className="VideoOS.Platform.SDKUnittest.Server.ConnectTest" name="OAuthServerIsOffline" />
    </UnitTest>
    <UnitTest name="XpcoMultiUserLoginSingleServer" storage="d:\actions-runner\_work\xpco\xpco\mip\mipsdk\tst\videoos.platform.sdk.unittests\bin\x64\debug\net472\videoos.platform.sdk.unittests.dll" id="24f8123c-e826-303b-a65a-9364447f6890">
      <Execution id="068c3493-87be-4bc1-b1e1-2f83cdaf5a31" />
      <TestMethod codeBase="D:\actions-runner\_work\XPCO\XPCO\MIP\MIPSDK\tst\VideoOS.Platform.SDK.UnitTests\bin\x64\Debug\net472\VideoOS.Platform.SDK.UnitTests.dll" adapterTypeName="executor://mstestadapter/v2" className="VideoOS.Platform.SDKUnittest.EnvironmentTests.MultiUserEnvironmentTests" name="XpcoMultiUserLoginSingleServer" />
    </UnitTest>
    <UnitTest name="XpcoLoginAndGetConfgurationBasic" storage="d:\actions-runner\_work\xpco\xpco\mip\mipsdk\tst\videoos.platform.sdk.unittests\bin\x64\debug\net472\videoos.platform.sdk.unittests.dll" id="3298a0bb-4507-4949-b804-b0b1ba735235">
      <Execution id="2203ac7f-5bd3-4e7b-aa4c-4a215b60289f" />
      <TestMethod codeBase="D:\actions-runner\_work\XPCO\XPCO\MIP\MIPSDK\tst\VideoOS.Platform.SDK.UnitTests\bin\x64\Debug\net472\VideoOS.Platform.SDK.UnitTests.dll" adapterTypeName="executor://mstestadapter/v2" className="VideoOS.Platform.SDKUnittest.Configuration.XpcoConfigurationTest" name="XpcoLoginAndGetConfgurationBasic" />
    </UnitTest>
    <UnitTest name="SetVolume_Muted_UnMutedAndVolumeChanged" storage="d:\actions-runner\_work\xpco\xpco\mip\mipsdk\tst\videoos.platform.sdk.unittests\bin\x64\debug\net472\videoos.platform.sdk.unittests.dll" id="b814b31f-9b44-c1f8-a1b3-268a53a57d26">
      <TestCategory>
        <TestCategoryItem TestCategory="NAudioPlayerComponent" />
      </TestCategory>
      <Execution id="c4a31983-086a-44a0-ab85-b75ef3efce58" />
      <TestMethod codeBase="D:\actions-runner\_work\XPCO\XPCO\MIP\MIPSDK\tst\VideoOS.Platform.SDK.UnitTests\bin\x64\Debug\net472\VideoOS.Platform.SDK.UnitTests.dll" adapterTypeName="executor://mstestadapter/v2" className="VideoOS.Platform.SDKUnittest.Audio.NAudioPlayerComponentTest" name="SetVolume_Muted_UnMutedAndVolumeChanged" />
    </UnitTest>
    <UnitTest name="HandleStateChanged_StateLostConnection_ConnectedIsFalseAndEventFired" storage="d:\actions-runner\_work\xpco\xpco\mip\mipsdk\tst\videoos.platform.sdk.unittests\bin\x64\debug\net472\videoos.platform.sdk.unittests.dll" id="c903125e-f7c2-67eb-8a1a-5d7644a51082">
      <TestCategory>
        <TestCategoryItem TestCategory="NAudioPlayerComponent" />
      </TestCategory>
      <Execution id="2e93d871-ab7d-40b5-9db0-561c8f2b8bb8" />
      <TestMethod codeBase="D:\actions-runner\_work\XPCO\XPCO\MIP\MIPSDK\tst\VideoOS.Platform.SDK.UnitTests\bin\x64\Debug\net472\VideoOS.Platform.SDK.UnitTests.dll" adapterTypeName="executor://mstestadapter/v2" className="VideoOS.Platform.SDKUnittest.Audio.NAudioPlayerComponentTest" name="HandleStateChanged_StateLostConnection_ConnectedIsFalseAndEventFired" />
    </UnitTest>
    <UnitTest name="LoadSiteItem_WithServerType_Success" storage="d:\actions-runner\_work\xpco\xpco\mip\mipsdk\tst\videoos.platform.sdk.unittests\bin\x64\debug\net472\videoos.platform.sdk.unittests.dll" id="bc335d91-1297-3bd7-e46e-c0c3ae74878f">
      <Execution id="4f834a60-6b8d-47c2-a75e-a4b1dd50ac18" />
      <TestMethod codeBase="D:\actions-runner\_work\XPCO\XPCO\MIP\MIPSDK\tst\VideoOS.Platform.SDK.UnitTests\bin\x64\Debug\net472\VideoOS.Platform.SDK.UnitTests.dll" adapterTypeName="executor://mstestadapter/v2" className="VideoOS.Platform.SDKUnittest.EnvironmentServiceTest" name="LoadSiteItem_WithServerType_Success" />
    </UnitTest>
    <UnitTest name="GetRawVideo" storage="d:\actions-runner\_work\xpco\xpco\mip\mipsdk\tst\videoos.platform.sdk.unittests\bin\x64\debug\net472\videoos.platform.sdk.unittests.dll" id="14ccb560-6f46-d233-ecde-9735c641af80">
      <Execution id="46e2b100-8e27-41ff-bb70-88e3e38906be" />
      <TestMethod codeBase="D:\actions-runner\_work\XPCO\XPCO\MIP\MIPSDK\tst\VideoOS.Platform.SDK.UnitTests\bin\x64\Debug\net472\VideoOS.Platform.SDK.UnitTests.dll" adapterTypeName="executor://mstestadapter/v2" className="VideoOS.Platform.SDKUnittest.VideoTest.MediaTests" name="GetRawVideo" />
    </UnitTest>
    <UnitTest name="VerifyServerFoundThroughOriginalUri_throughLoginSettings" storage="d:\actions-runner\_work\xpco\xpco\mip\mipsdk\tst\videoos.platform.sdk.unittests\bin\x64\debug\net472\videoos.platform.sdk.unittests.dll" id="8dfedf8d-5ced-b051-67b1-f21d8190aa73">
      <Execution id="4eaa4a46-b255-44b7-b67b-09eb227bf1a7" />
      <TestMethod codeBase="D:\actions-runner\_work\XPCO\XPCO\MIP\MIPSDK\tst\VideoOS.Platform.SDK.UnitTests\bin\x64\Debug\net472\VideoOS.Platform.SDK.UnitTests.dll" adapterTypeName="executor://mstestadapter/v2" className="VideoOS.Platform.SDKUnittest.Util.ServerTypeCacheTest" name="VerifyServerFoundThroughOriginalUri_throughLoginSettings" />
    </UnitTest>
    <UnitTest name="ReloadConfiguration_CallsRefreshServer" storage="d:\actions-runner\_work\xpco\xpco\mip\mipsdk\tst\videoos.platform.sdk.unittests\bin\x64\debug\net472\videoos.platform.sdk.unittests.dll" id="28d03c63-4b7f-6f07-1925-95fd992db754">
      <Execution id="2f936bed-936b-4e23-975c-ff83963da597" />
      <TestMethod codeBase="D:\actions-runner\_work\XPCO\XPCO\MIP\MIPSDK\tst\VideoOS.Platform.SDK.UnitTests\bin\x64\Debug\net472\VideoOS.Platform.SDK.UnitTests.dll" adapterTypeName="executor://mstestadapter/v2" className="VideoOS.Platform.SDKUnittest.EnvironmentServiceTest" name="ReloadConfiguration_CallsRefreshServer" />
    </UnitTest>
    <UnitTest name="Given_Connected_When_CreateSessionSuccesful_Then_ASessionIdAndDefaultInactiveTimeoutIsReturned" storage="d:\actions-runner\_work\xpco\xpco\mip\mipsdk\tst\videoos.platform.sdk.unittests\bin\x64\debug\net472\videoos.platform.sdk.unittests.dll" id="dd33ce32-62c4-dfb3-4f9b-fce87ba0013c">
      <Execution id="ec4d656e-68fb-429e-99cc-95b1686663d6" />
      <TestMethod codeBase="D:\actions-runner\_work\XPCO\XPCO\MIP\MIPSDK\tst\VideoOS.Platform.SDK.UnitTests\bin\x64\Debug\net472\VideoOS.Platform.SDK.UnitTests.dll" adapterTypeName="executor://mstestadapter/v2" className="VideoOS.Platform.SDKUnittest.EventsAndState.EventsAndStateClientTest" name="Given_Connected_When_CreateSessionSuccesful_Then_ASessionIdAndDefaultInactiveTimeoutIsReturned" />
    </UnitTest>
    <UnitTest name="HandleAudioData_CalculateAudioMeterValue_When_Subscribed_And_Unmuted" storage="d:\actions-runner\_work\xpco\xpco\mip\mipsdk\tst\videoos.platform.sdk.unittests\bin\x64\debug\net472\videoos.platform.sdk.unittests.dll" id="b302fa2d-031c-4f71-4afe-c81ca1b4659c">
      <TestCategory>
        <TestCategoryItem TestCategory="NAudioPlayerComponent" />
      </TestCategory>
      <Execution id="5f3c7645-e6e8-4491-bfc6-fa92e2764679" />
      <TestMethod codeBase="D:\actions-runner\_work\XPCO\XPCO\MIP\MIPSDK\tst\VideoOS.Platform.SDK.UnitTests\bin\x64\Debug\net472\VideoOS.Platform.SDK.UnitTests.dll" adapterTypeName="executor://mstestadapter/v2" className="VideoOS.Platform.SDKUnittest.Audio.NAudioPlayerComponentTest" name="HandleAudioData_CalculateAudioMeterValue_When_Subscribed_And_Unmuted" />
    </UnitTest>
    <UnitTest name="XpcoMultiUserLoginCurrentCredentialsSuccess" storage="d:\actions-runner\_work\xpco\xpco\mip\mipsdk\tst\videoos.platform.sdk.unittests\bin\x64\debug\net472\videoos.platform.sdk.unittests.dll" id="b2e4eadd-d448-b487-733b-d5563cb70924">
      <Execution id="dbc4e3bf-9d45-4309-934c-eb45f04cc12d" />
      <TestMethod codeBase="D:\actions-runner\_work\XPCO\XPCO\MIP\MIPSDK\tst\VideoOS.Platform.SDK.UnitTests\bin\x64\Debug\net472\VideoOS.Platform.SDK.UnitTests.dll" adapterTypeName="executor://mstestadapter/v2" className="VideoOS.Platform.SDKUnittest.EnvironmentTests.MultiUserEnvironmentTests" name="XpcoMultiUserLoginCurrentCredentialsSuccess" />
    </UnitTest>
    <UnitTest name="OutgoingAudioWaveFormatSamplesPerSecond_ShouldBeSet_WhenValueIsAllowed" storage="d:\actions-runner\_work\xpco\xpco\mip\mipsdk\tst\videoos.platform.sdk.unittests\bin\x64\debug\net472\videoos.platform.sdk.unittests.dll" id="ec1b8724-7d12-203f-4036-aea2a965aaa8">
      <TestCategory>
        <TestCategoryItem TestCategory="AudioRecorder" />
      </TestCategory>
      <Execution id="20a50069-bf39-49c9-a447-f6feca45ff65" />
      <TestMethod codeBase="D:\actions-runner\_work\XPCO\XPCO\MIP\MIPSDK\tst\VideoOS.Platform.SDK.UnitTests\bin\x64\Debug\net472\VideoOS.Platform.SDK.UnitTests.dll" adapterTypeName="executor://mstestadapter/v2" className="VideoOS.Platform.SDKUnittest.Audio.AudioRecorderTests" name="OutgoingAudioWaveFormatSamplesPerSecond_ShouldBeSet_WhenValueIsAllowed" />
    </UnitTest>
    <UnitTest name="RemoveServer_WithUriWhenLoginSettingsNull_Correct" storage="d:\actions-runner\_work\xpco\xpco\mip\mipsdk\tst\videoos.platform.sdk.unittests\bin\x64\debug\net472\videoos.platform.sdk.unittests.dll" id="4dfbe4c0-1bce-f685-302b-c39ffaaec33c">
      <Execution id="fb51340b-853c-4324-9b05-7af79bbee63a" />
      <TestMethod codeBase="D:\actions-runner\_work\XPCO\XPCO\MIP\MIPSDK\tst\VideoOS.Platform.SDK.UnitTests\bin\x64\Debug\net472\VideoOS.Platform.SDK.UnitTests.dll" adapterTypeName="executor://mstestadapter/v2" className="VideoOS.Platform.SDKUnittest.EnvironmentServiceTest" name="RemoveServer_WithUriWhenLoginSettingsNull_Correct" />
    </UnitTest>
    <UnitTest name="XpcoSiteInfoUriNoSuccessBasic" storage="d:\actions-runner\_work\xpco\xpco\mip\mipsdk\tst\videoos.platform.sdk.unittests\bin\x64\debug\net472\videoos.platform.sdk.unittests.dll" id="48cf9cec-86cd-b055-9df4-4490d5d29676">
      <Execution id="5c2284a1-b660-4b0d-806c-7c852c2fc401" />
      <TestMethod codeBase="D:\actions-runner\_work\XPCO\XPCO\MIP\MIPSDK\tst\VideoOS.Platform.SDK.UnitTests\bin\x64\Debug\net472\VideoOS.Platform.SDK.UnitTests.dll" adapterTypeName="executor://mstestadapter/v2" className="VideoOS.Platform.SDKUnittest.EnvironmentTests.MultiEnvironmentTests" name="XpcoSiteInfoUriNoSuccessBasic" />
    </UnitTest>
    <UnitTest name="SetVolume_NotMuted_VolumeChanged" storage="d:\actions-runner\_work\xpco\xpco\mip\mipsdk\tst\videoos.platform.sdk.unittests\bin\x64\debug\net472\videoos.platform.sdk.unittests.dll" id="88488b59-2cdb-e146-c42b-5fca1493d9a4">
      <TestCategory>
        <TestCategoryItem TestCategory="NAudioPlayerComponent" />
      </TestCategory>
      <Execution id="c9cc87ce-2ccf-4adb-901a-2cb38017c177" />
      <TestMethod codeBase="D:\actions-runner\_work\XPCO\XPCO\MIP\MIPSDK\tst\VideoOS.Platform.SDK.UnitTests\bin\x64\Debug\net472\VideoOS.Platform.SDK.UnitTests.dll" adapterTypeName="executor://mstestadapter/v2" className="VideoOS.Platform.SDKUnittest.Audio.NAudioPlayerComponentTest" name="SetVolume_NotMuted_VolumeChanged" />
    </UnitTest>
    <UnitTest name="GetDisabledDevices_Success" storage="d:\actions-runner\_work\xpco\xpco\mip\mipsdk\tst\videoos.platform.sdk.unittests\bin\x64\debug\net472\videoos.platform.sdk.unittests.dll" id="77eef133-6232-6ffd-513d-bce5ef28eb6d">
      <Execution id="37f7c9bd-d026-49ce-aafc-3d79277e1d63" />
      <TestMethod codeBase="D:\actions-runner\_work\XPCO\XPCO\MIP\MIPSDK\tst\VideoOS.Platform.SDK.UnitTests\bin\x64\Debug\net472\VideoOS.Platform.SDK.UnitTests.dll" adapterTypeName="executor://mstestadapter/v2" className="VideoOS.Platform.SDKUnittest.EnvironmentServiceTest" name="GetDisabledDevices_Success" />
    </UnitTest>
    <UnitTest name="Login_MasterOnly_Passed" storage="d:\actions-runner\_work\xpco\xpco\mip\mipsdk\tst\videoos.platform.sdk.unittests\bin\x64\debug\net472\videoos.platform.sdk.unittests.dll" id="9af23bea-fd93-7994-bffe-1ae6f1f880df">
      <Execution id="2743a1c9-8a15-4b16-9e1f-0fc9510e9ea4" />
      <TestMethod codeBase="D:\actions-runner\_work\XPCO\XPCO\MIP\MIPSDK\tst\VideoOS.Platform.SDK.UnitTests\bin\x64\Debug\net472\VideoOS.Platform.SDK.UnitTests.dll" adapterTypeName="executor://mstestadapter/v2" className="VideoOS.Platform.SDKUnittest.EnvironmentServiceTest" name="Login_MasterOnly_Passed" />
    </UnitTest>
    <UnitTest name="XpcoMultiUserLoginTwoServersBasic" storage="d:\actions-runner\_work\xpco\xpco\mip\mipsdk\tst\videoos.platform.sdk.unittests\bin\x64\debug\net472\videoos.platform.sdk.unittests.dll" id="4c636ed3-7a97-56f4-5f09-90e82a59bb70">
      <Execution id="d9f5d873-70c9-403f-b443-05d10433733b" />
      <TestMethod codeBase="D:\actions-runner\_work\XPCO\XPCO\MIP\MIPSDK\tst\VideoOS.Platform.SDK.UnitTests\bin\x64\Debug\net472\VideoOS.Platform.SDK.UnitTests.dll" adapterTypeName="executor://mstestadapter/v2" className="VideoOS.Platform.SDKUnittest.EnvironmentTests.MultiUserEnvironmentTests" name="XpcoMultiUserLoginTwoServersBasic" />
    </UnitTest>
    <UnitTest name="Given_ReceivedMessageContainsCommandId_When_GetCommandId_ThenCommandIdIsReturned" storage="d:\actions-runner\_work\xpco\xpco\mip\mipsdk\tst\videoos.platform.sdk.unittests\bin\x64\debug\net472\videoos.platform.sdk.unittests.dll" id="b42b975b-0563-7dc6-8812-756fcc2bafe7">
      <Execution id="f29b0340-9161-46ba-8e5d-be262cd426c7" />
      <TestMethod codeBase="D:\actions-runner\_work\XPCO\XPCO\MIP\MIPSDK\tst\VideoOS.Platform.SDK.UnitTests\bin\x64\Debug\net472\VideoOS.Platform.SDK.UnitTests.dll" adapterTypeName="executor://mstestadapter/v2" className="VideoOS.Platform.SDKUnittest.EventsAndState.MessageParserTests" name="Given_ReceivedMessageContainsCommandId_When_GetCommandId_ThenCommandIdIsReturned" />
    </UnitTest>
    <UnitTest name="ConnectionTask_ShouldNotResumeNewSession_WhenConnectionIsBroken_AndResumeFails_AndResubscribeFails" storage="d:\actions-runner\_work\xpco\xpco\mip\mipsdk\tst\videoos.platform.sdk.unittests\bin\x64\debug\net472\videoos.platform.sdk.unittests.dll" id="eee97d95-67c8-3d03-776d-c5c6f362f535">
      <Execution id="4580bf89-3bfc-4b7a-9689-4b61ee663d9d" />
      <TestMethod codeBase="D:\actions-runner\_work\XPCO\XPCO\MIP\MIPSDK\tst\VideoOS.Platform.SDK.UnitTests\bin\x64\Debug\net472\VideoOS.Platform.SDK.UnitTests.dll" adapterTypeName="executor://mstestadapter/v2" className="VideoOS.Platform.SDKUnittest.EventsAndState.EventsAndStateSessionTest" name="ConnectionTask_ShouldNotResumeNewSession_WhenConnectionIsBroken_AndResumeFails_AndResubscribeFails" />
    </UnitTest>
    <UnitTest name="StartRecording_ShouldStartRecording_WhenRecordingIsStopped" storage="d:\actions-runner\_work\xpco\xpco\mip\mipsdk\tst\videoos.platform.sdk.unittests\bin\x64\debug\net472\videoos.platform.sdk.unittests.dll" id="00962e3e-83d9-46ce-082c-5ce3071a9a13">
      <TestCategory>
        <TestCategoryItem TestCategory="AudioRecorder" />
      </TestCategory>
      <Execution id="29a11825-08af-4ca1-9fa7-09b5b3091f99" />
      <TestMethod codeBase="D:\actions-runner\_work\XPCO\XPCO\MIP\MIPSDK\tst\VideoOS.Platform.SDK.UnitTests\bin\x64\Debug\net472\VideoOS.Platform.SDK.UnitTests.dll" adapterTypeName="executor://mstestadapter/v2" className="VideoOS.Platform.SDKUnittest.Audio.AudioRecorderTests" name="StartRecording_ShouldStartRecording_WhenRecordingIsStopped" />
    </UnitTest>
    <UnitTest name="Given_Connected_When_AddSubscriptionSuccesful_Then_ASubscriptionIdIsReturned" storage="d:\actions-runner\_work\xpco\xpco\mip\mipsdk\tst\videoos.platform.sdk.unittests\bin\x64\debug\net472\videoos.platform.sdk.unittests.dll" id="0d04ce70-8f8e-5be6-d205-e559df63652c">
      <Execution id="abdf6ba6-56bd-4202-b39d-f36088723b76" />
      <TestMethod codeBase="D:\actions-runner\_work\XPCO\XPCO\MIP\MIPSDK\tst\VideoOS.Platform.SDK.UnitTests\bin\x64\Debug\net472\VideoOS.Platform.SDK.UnitTests.dll" adapterTypeName="executor://mstestadapter/v2" className="VideoOS.Platform.SDKUnittest.EventsAndState.EventsAndStateClientTest" name="Given_Connected_When_AddSubscriptionSuccesful_Then_ASubscriptionIdIsReturned" />
    </UnitTest>
    <UnitTest name="LiveStop_ConnectedAndNotPlayingPlayback_AvoidsToolkitReentry" storage="d:\actions-runner\_work\xpco\xpco\mip\mipsdk\tst\videoos.platform.sdk.unittests\bin\x64\debug\net472\videoos.platform.sdk.unittests.dll" id="da0d6c3d-ad33-93ae-336e-57f6ca95658e">
      <TestCategory>
        <TestCategoryItem TestCategory="NAudioPlayerComponent" />
      </TestCategory>
      <Execution id="8af6ce01-b0d2-4dec-8066-9512da9908cc" />
      <TestMethod codeBase="D:\actions-runner\_work\XPCO\XPCO\MIP\MIPSDK\tst\VideoOS.Platform.SDK.UnitTests\bin\x64\Debug\net472\VideoOS.Platform.SDK.UnitTests.dll" adapterTypeName="executor://mstestadapter/v2" className="VideoOS.Platform.SDKUnittest.Audio.NAudioPlayerComponentTest" name="LiveStop_ConnectedAndNotPlayingPlayback_AvoidsToolkitReentry" />
    </UnitTest>
    <UnitTest name="Regression_AfterUnInitialize_InstancesNotSame" storage="d:\actions-runner\_work\xpco\xpco\mip\mipsdk\tst\videoos.platform.sdk.unittests\bin\x64\debug\net472\videoos.platform.sdk.unittests.dll" id="e7650ef8-614d-7abe-3813-4e9e0ee43d28">
      <Execution id="8e90a808-7684-4350-98a3-82ea058fb6f1" />
      <TestMethod codeBase="D:\actions-runner\_work\XPCO\XPCO\MIP\MIPSDK\tst\VideoOS.Platform.SDK.UnitTests\bin\x64\Debug\net472\VideoOS.Platform.SDK.UnitTests.dll" adapterTypeName="executor://mstestadapter/v2" className="VideoOS.Platform.SDKUnittest.EnvironmentTest" name="Regression_AfterUnInitialize_InstancesNotSame" />
    </UnitTest>
    <UnitTest name="VerifyServerFoundThroughOriginalUri_throughUri" storage="d:\actions-runner\_work\xpco\xpco\mip\mipsdk\tst\videoos.platform.sdk.unittests\bin\x64\debug\net472\videoos.platform.sdk.unittests.dll" id="d9ca8b92-f19f-e9c9-3fff-9ecc10403148">
      <Execution id="1f5a37f8-def8-4429-8a63-1e6306aaf7eb" />
      <TestMethod codeBase="D:\actions-runner\_work\XPCO\XPCO\MIP\MIPSDK\tst\VideoOS.Platform.SDK.UnitTests\bin\x64\Debug\net472\VideoOS.Platform.SDK.UnitTests.dll" adapterTypeName="executor://mstestadapter/v2" className="VideoOS.Platform.SDKUnittest.Util.ServerTypeCacheTest" name="VerifyServerFoundThroughOriginalUri_throughUri" />
    </UnitTest>
    <UnitTest name="Initialize_ShouldSetInstancesFromContainer" storage="d:\actions-runner\_work\xpco\xpco\mip\mipsdk\tst\videoos.platform.sdk.unittests\bin\x64\debug\net472\videoos.platform.sdk.unittests.dll" id="c99c839d-4d5b-c45c-4faf-632197d463b3">
      <Execution id="760d93ed-ee0f-4c44-843a-f6ba43d7a11d" />
      <TestMethod codeBase="D:\actions-runner\_work\XPCO\XPCO\MIP\MIPSDK\tst\VideoOS.Platform.SDK.UnitTests\bin\x64\Debug\net472\VideoOS.Platform.SDK.UnitTests.dll" adapterTypeName="executor://mstestadapter/v2" className="VideoOS.Platform.SDKUnittest.EnvironmentTest" name="Initialize_ShouldSetInstancesFromContainer" />
    </UnitTest>
    <UnitTest name="LiveStop_ConnectedAndPlayingLive_DelegatesCallsToToolkit" storage="d:\actions-runner\_work\xpco\xpco\mip\mipsdk\tst\videoos.platform.sdk.unittests\bin\x64\debug\net472\videoos.platform.sdk.unittests.dll" id="ffbbaaff-f4f0-e891-e766-d016df06c7aa">
      <TestCategory>
        <TestCategoryItem TestCategory="NAudioPlayerComponent" />
      </TestCategory>
      <Execution id="bf1dd181-029c-43a6-bd3b-aa2fc44ef1a8" />
      <TestMethod codeBase="D:\actions-runner\_work\XPCO\XPCO\MIP\MIPSDK\tst\VideoOS.Platform.SDK.UnitTests\bin\x64\Debug\net472\VideoOS.Platform.SDK.UnitTests.dll" adapterTypeName="executor://mstestadapter/v2" className="VideoOS.Platform.SDKUnittest.Audio.NAudioPlayerComponentTest" name="LiveStop_ConnectedAndPlayingLive_DelegatesCallsToToolkit" />
    </UnitTest>
    <UnitTest name="Given_Eventreceirveradded_When_EventReceiverRemoved_Then_EventsAreSentnoLongerSent" storage="d:\actions-runner\_work\xpco\xpco\mip\mipsdk\tst\videoos.platform.sdk.unittests\bin\x64\debug\net472\videoos.platform.sdk.unittests.dll" id="1444c9ca-e73b-a5e6-f01f-53b0839e824f">
      <Execution id="509bd56a-cbd5-4324-b0c7-1df1a4f7fd62" />
      <TestMethod codeBase="D:\actions-runner\_work\XPCO\XPCO\MIP\MIPSDK\tst\VideoOS.Platform.SDK.UnitTests\bin\x64\Debug\net472\VideoOS.Platform.SDK.UnitTests.dll" adapterTypeName="executor://mstestadapter/v2" className="VideoOS.Platform.SDKUnittest.EventsAndState.EventHandlerTest" name="Given_Eventreceirveradded_When_EventReceiverRemoved_Then_EventsAreSentnoLongerSent" />
    </UnitTest>
    <UnitTest name="CheckBaseTime1970ToInt" storage="d:\actions-runner\_work\xpco\xpco\mip\mipsdk\tst\videoos.platform.sdk.unittests\bin\x64\debug\net472\videoos.platform.sdk.unittests.dll" id="cb92a75a-3d75-fb02-ff9b-54b25c8156f2">
      <Execution id="6a885acb-610c-4693-b6c5-56666b900eeb" />
      <TestMethod codeBase="D:\actions-runner\_work\XPCO\XPCO\MIP\MIPSDK\tst\VideoOS.Platform.SDK.UnitTests\bin\x64\Debug\net472\VideoOS.Platform.SDK.UnitTests.dll" adapterTypeName="executor://mstestadapter/v2" className="VideoOS.Platform.SDKUnittest.FeatureTests.TimeConverterTests" name="CheckBaseTime1970ToInt" />
    </UnitTest>
    <UnitTest name="ImplementsIDisposable_Success" storage="d:\actions-runner\_work\xpco\xpco\mip\mipsdk\tst\videoos.platform.sdk.unittests\bin\x64\debug\net472\videoos.platform.sdk.unittests.dll" id="8504aea4-e8b5-8e2d-e4a6-d01e2cfbb43b">
      <TestCategory>
        <TestCategoryItem TestCategory="NAudioPlayerComponent" />
      </TestCategory>
      <Execution id="4f24623e-0a32-46ba-8d5d-535b9555d240" />
      <TestMethod codeBase="D:\actions-runner\_work\XPCO\XPCO\MIP\MIPSDK\tst\VideoOS.Platform.SDK.UnitTests\bin\x64\Debug\net472\VideoOS.Platform.SDK.UnitTests.dll" adapterTypeName="executor://mstestadapter/v2" className="VideoOS.Platform.SDKUnittest.Audio.NAudioPlayerComponentTest" name="ImplementsIDisposable_Success" />
    </UnitTest>
    <UnitTest name="XpcoMultiUserLoginSingleServerIsOnline" storage="d:\actions-runner\_work\xpco\xpco\mip\mipsdk\tst\videoos.platform.sdk.unittests\bin\x64\debug\net472\videoos.platform.sdk.unittests.dll" id="1731feec-b95b-cd41-dc58-17e0973fdc80">
      <Execution id="63844395-2cc2-40c7-ac8b-4b01a1156a87" />
      <TestMethod codeBase="D:\actions-runner\_work\XPCO\XPCO\MIP\MIPSDK\tst\VideoOS.Platform.SDK.UnitTests\bin\x64\Debug\net472\VideoOS.Platform.SDK.UnitTests.dll" adapterTypeName="executor://mstestadapter/v2" className="VideoOS.Platform.SDKUnittest.EnvironmentTests.MultiUserEnvironmentTests" name="XpcoMultiUserLoginSingleServerIsOnline" />
    </UnitTest>
    <UnitTest name="AddServer_WithCredentialCache_Correct" storage="d:\actions-runner\_work\xpco\xpco\mip\mipsdk\tst\videoos.platform.sdk.unittests\bin\x64\debug\net472\videoos.platform.sdk.unittests.dll" id="ed60ffe8-498e-b9e0-cb5e-701cf0899e33">
      <Execution id="0258f67e-14cb-46d5-8a93-9022593b3802" />
      <TestMethod codeBase="D:\actions-runner\_work\XPCO\XPCO\MIP\MIPSDK\tst\VideoOS.Platform.SDK.UnitTests\bin\x64\Debug\net472\VideoOS.Platform.SDK.UnitTests.dll" adapterTypeName="executor://mstestadapter/v2" className="VideoOS.Platform.SDKUnittest.EnvironmentServiceTest" name="AddServer_WithCredentialCache_Correct" />
    </UnitTest>
    <UnitTest name="MergeCredentialCache_WhenNegotiateAuth_Merges" storage="d:\actions-runner\_work\xpco\xpco\mip\mipsdk\tst\videoos.platform.sdk.unittests\bin\x64\debug\net472\videoos.platform.sdk.unittests.dll" id="ae1a8ec4-a4d5-6c99-ef64-cbab96674e4c">
      <Execution id="abd8d211-db87-42d2-b8c4-68e66b5f5b06" />
      <TestMethod codeBase="D:\actions-runner\_work\XPCO\XPCO\MIP\MIPSDK\tst\VideoOS.Platform.SDK.UnitTests\bin\x64\Debug\net472\VideoOS.Platform.SDK.UnitTests.dll" adapterTypeName="executor://mstestadapter/v2" className="VideoOS.Platform.SDKUnittest.PlatformTests.CredentialCacheServiceTest" name="MergeCredentialCache_WhenNegotiateAuth_Merges" />
    </UnitTest>
    <UnitTest name="TryCreateParentUri_WhenNoUrlKeyPresent_ReturnsNull" storage="d:\actions-runner\_work\xpco\xpco\mip\mipsdk\tst\videoos.platform.sdk.unittests\bin\x64\debug\net472\videoos.platform.sdk.unittests.dll" id="d0433bb2-5994-e95a-66cb-00cffc215684">
      <Execution id="4bbd39d7-cd4b-4bbb-9b29-f265e7eb2193" />
      <TestMethod codeBase="D:\actions-runner\_work\XPCO\XPCO\MIP\MIPSDK\tst\VideoOS.Platform.SDK.UnitTests\bin\x64\Debug\net472\VideoOS.Platform.SDK.UnitTests.dll" adapterTypeName="executor://mstestadapter/v2" className="VideoOS.Platform.SDKUnittest.PlatformTests.CredentialCacheServiceTest" name="TryCreateParentUri_WhenNoUrlKeyPresent_ReturnsNull" />
    </UnitTest>
    <UnitTest name="OutgoingAudioWaveFormatSamplesPerSecond_ShouldNotBeSet_WhenValueIsNotAllowed" storage="d:\actions-runner\_work\xpco\xpco\mip\mipsdk\tst\videoos.platform.sdk.unittests\bin\x64\debug\net472\videoos.platform.sdk.unittests.dll" id="2cd289e6-be4f-74c1-cee0-00532b6125f7">
      <TestCategory>
        <TestCategoryItem TestCategory="AudioRecorder" />
      </TestCategory>
      <Execution id="001cdabb-41e5-409c-ad49-3913111b2bfe" />
      <TestMethod codeBase="D:\actions-runner\_work\XPCO\XPCO\MIP\MIPSDK\tst\VideoOS.Platform.SDK.UnitTests\bin\x64\Debug\net472\VideoOS.Platform.SDK.UnitTests.dll" adapterTypeName="executor://mstestadapter/v2" className="VideoOS.Platform.SDKUnittest.Audio.AudioRecorderTests" name="OutgoingAudioWaveFormatSamplesPerSecond_ShouldNotBeSet_WhenValueIsNotAllowed" />
    </UnitTest>
    <UnitTest name="IgnoreCaseCompareOk" storage="d:\actions-runner\_work\xpco\xpco\mip\mipsdk\tst\videoos.platform.sdk.unittests\bin\x64\debug\net472\videoos.platform.sdk.unittests.dll" id="3795da59-268b-cf4c-19da-1cfedc7c684a">
      <Execution id="77540ba8-d785-4a4b-9a55-e750144ece83" />
      <TestMethod codeBase="D:\actions-runner\_work\XPCO\XPCO\MIP\MIPSDK\tst\VideoOS.Platform.SDK.UnitTests\bin\x64\Debug\net472\VideoOS.Platform.SDK.UnitTests.dll" adapterTypeName="executor://mstestadapter/v2" className="VideoOS.Platform.SDKUnittest.FeatureTests.UriUtilTest" name="IgnoreCaseCompareOk" />
    </UnitTest>
    <UnitTest name="GetSequences" storage="d:\actions-runner\_work\xpco\xpco\mip\mipsdk\tst\videoos.platform.sdk.unittests\bin\x64\debug\net472\videoos.platform.sdk.unittests.dll" id="7c7003ad-ad8b-027f-7da8-4c4339185c93">
      <Execution id="3dca9554-0087-4e4d-9369-d67fb12d8cc4" />
      <TestMethod codeBase="D:\actions-runner\_work\XPCO\XPCO\MIP\MIPSDK\tst\VideoOS.Platform.SDK.UnitTests\bin\x64\Debug\net472\VideoOS.Platform.SDK.UnitTests.dll" adapterTypeName="executor://mstestadapter/v2" className="VideoOS.Platform.SDKUnittest.VideoTest.MediaTests" name="GetSequences" />
    </UnitTest>
    <UnitTest name="Initialize_ShouldCallServiceInit" storage="d:\actions-runner\_work\xpco\xpco\mip\mipsdk\tst\videoos.platform.sdk.unittests\bin\x64\debug\net472\videoos.platform.sdk.unittests.dll" id="7c979667-6bd9-aaa8-412d-d36319ef5eef">
      <Execution id="c0fe07d7-0bb5-4079-89d7-014312577c52" />
      <TestMethod codeBase="D:\actions-runner\_work\XPCO\XPCO\MIP\MIPSDK\tst\VideoOS.Platform.SDK.UnitTests\bin\x64\Debug\net472\VideoOS.Platform.SDK.UnitTests.dll" adapterTypeName="executor://mstestadapter/v2" className="VideoOS.Platform.SDKUnittest.EnvironmentTest" name="Initialize_ShouldCallServiceInit" />
    </UnitTest>
    <UnitTest name="StopRecording_ShouldStopRecording_WhenRecordingIsStarted" storage="d:\actions-runner\_work\xpco\xpco\mip\mipsdk\tst\videoos.platform.sdk.unittests\bin\x64\debug\net472\videoos.platform.sdk.unittests.dll" id="2bc0ce96-c350-d094-ddf7-a0dcbcc01a25">
      <TestCategory>
        <TestCategoryItem TestCategory="AudioRecorder" />
      </TestCategory>
      <Execution id="5d28ef17-6b8a-475c-b54f-0da110b532f4" />
      <TestMethod codeBase="D:\actions-runner\_work\XPCO\XPCO\MIP\MIPSDK\tst\VideoOS.Platform.SDK.UnitTests\bin\x64\Debug\net472\VideoOS.Platform.SDK.UnitTests.dll" adapterTypeName="executor://mstestadapter/v2" className="VideoOS.Platform.SDKUnittest.Audio.AudioRecorderTests" name="StopRecording_ShouldStopRecording_WhenRecordingIsStarted" />
    </UnitTest>
    <UnitTest name="CloseCheckForStandalone_Success" storage="d:\actions-runner\_work\xpco\xpco\mip\mipsdk\tst\videoos.platform.sdk.unittests\bin\x64\debug\net472\videoos.platform.sdk.unittests.dll" id="5456b4a7-0c13-564f-de65-ea8a9df057cb">
      <Execution id="a2b07b39-e4c0-41b2-9648-efeedf2b4a0d" />
      <TestMethod codeBase="D:\actions-runner\_work\XPCO\XPCO\MIP\MIPSDK\tst\VideoOS.Platform.SDK.UnitTests\bin\x64\Debug\net472\VideoOS.Platform.SDK.UnitTests.dll" adapterTypeName="executor://mstestadapter/v2" className="VideoOS.Platform.SDKUnittest.Facades.PluginManagerFacadeTest" name="CloseCheckForStandalone_Success" />
    </UnitTest>
    <UnitTest name="Given_SubScriptionAdded_When_RemoveSubscriptionSuccesful_Then_MethodSucceeds" storage="d:\actions-runner\_work\xpco\xpco\mip\mipsdk\tst\videoos.platform.sdk.unittests\bin\x64\debug\net472\videoos.platform.sdk.unittests.dll" id="e0c41eb4-ca64-4ddf-9983-492652c1f0d6">
      <Execution id="2afd99ca-1c10-4c44-b284-8c28fd5faebd" />
      <TestMethod codeBase="D:\actions-runner\_work\XPCO\XPCO\MIP\MIPSDK\tst\VideoOS.Platform.SDK.UnitTests\bin\x64\Debug\net472\VideoOS.Platform.SDK.UnitTests.dll" adapterTypeName="executor://mstestadapter/v2" className="VideoOS.Platform.SDKUnittest.EventsAndState.EventsAndStateClientTest" name="Given_SubScriptionAdded_When_RemoveSubscriptionSuccesful_Then_MethodSucceeds" />
    </UnitTest>
    <UnitTest name="When_MipTokenCacheIsSet_BearerTokenBehaviourIsAdded" storage="d:\actions-runner\_work\xpco\xpco\mip\mipsdk\tst\videoos.platform.sdk.unittests\bin\x64\debug\net472\videoos.platform.sdk.unittests.dll" id="15ad8216-9c14-c256-63f8-389788086f93">
      <Execution id="c3d014af-a710-4e54-8743-d57d8941eb3b" />
      <TestMethod codeBase="D:\actions-runner\_work\XPCO\XPCO\MIP\MIPSDK\tst\VideoOS.Platform.SDK.UnitTests\bin\x64\Debug\net472\VideoOS.Platform.SDK.UnitTests.dll" adapterTypeName="executor://mstestadapter/v2" className="VideoOS.Platform.SDKUnittest.Server.ServerClientTest" name="When_MipTokenCacheIsSet_BearerTokenBehaviourIsAdded" />
    </UnitTest>
    <UnitTest name="Given_AcommandIsSent_When_ReceivingAResponseForAnotherCommandding_Then_TheSentCommandTimesOut" storage="d:\actions-runner\_work\xpco\xpco\mip\mipsdk\tst\videoos.platform.sdk.unittests\bin\x64\debug\net472\videoos.platform.sdk.unittests.dll" id="5ca6c285-b0f8-2ebf-22ac-22244ebbf44b">
      <Execution id="884fb7ba-5dd6-46a9-87f7-920fa26dafe3" />
      <TestMethod codeBase="D:\actions-runner\_work\XPCO\XPCO\MIP\MIPSDK\tst\VideoOS.Platform.SDK.UnitTests\bin\x64\Debug\net472\VideoOS.Platform.SDK.UnitTests.dll" adapterTypeName="executor://mstestadapter/v2" className="VideoOS.Platform.SDKUnittest.EventsAndState.CommandHandlerTest" name="Given_AcommandIsSent_When_ReceivingAResponseForAnotherCommandding_Then_TheSentCommandTimesOut" />
    </UnitTest>
    <UnitTest name="Close_WhenNull_NoException" storage="d:\actions-runner\_work\xpco\xpco\mip\mipsdk\tst\videoos.platform.sdk.unittests\bin\x64\debug\net472\videoos.platform.sdk.unittests.dll" id="01728557-d0ee-3bd0-5338-38b6c6daa989">
      <Execution id="68328a7c-2654-4b04-ba3c-ddbe348283ba" />
      <TestMethod codeBase="D:\actions-runner\_work\XPCO\XPCO\MIP\MIPSDK\tst\VideoOS.Platform.SDK.UnitTests\bin\x64\Debug\net472\VideoOS.Platform.SDK.UnitTests.dll" adapterTypeName="executor://mstestadapter/v2" className="VideoOS.Platform.SDKUnittest.Facades.ClientControlFacadeTest" name="Close_WhenNull_NoException" />
    </UnitTest>
    <UnitTest name="Initialize_ShouldReturnFalse_WhenNoRecordingDeviceIsAvailable" storage="d:\actions-runner\_work\xpco\xpco\mip\mipsdk\tst\videoos.platform.sdk.unittests\bin\x64\debug\net472\videoos.platform.sdk.unittests.dll" id="9e96d681-4077-c58a-c79c-4c329c7488ff">
      <TestCategory>
        <TestCategoryItem TestCategory="AudioRecorder" />
      </TestCategory>
      <Execution id="9256bbe6-b837-43d0-8f53-27754672dc7c" />
      <TestMethod codeBase="D:\actions-runner\_work\XPCO\XPCO\MIP\MIPSDK\tst\VideoOS.Platform.SDK.UnitTests\bin\x64\Debug\net472\VideoOS.Platform.SDK.UnitTests.dll" adapterTypeName="executor://mstestadapter/v2" className="VideoOS.Platform.SDKUnittest.Audio.AudioRecorderTests" name="Initialize_ShouldReturnFalse_WhenNoRecordingDeviceIsAvailable" />
    </UnitTest>
    <UnitTest name="LiveStop_ConnectedAndNotPlayingLive_AvoidsToolkitReentry" storage="d:\actions-runner\_work\xpco\xpco\mip\mipsdk\tst\videoos.platform.sdk.unittests\bin\x64\debug\net472\videoos.platform.sdk.unittests.dll" id="fc1cab11-50e0-2822-11d6-8684a843d351">
      <TestCategory>
        <TestCategoryItem TestCategory="NAudioPlayerComponent" />
      </TestCategory>
      <Execution id="2ff6d651-337f-4849-bb41-db9183da9790" />
      <TestMethod codeBase="D:\actions-runner\_work\XPCO\XPCO\MIP\MIPSDK\tst\VideoOS.Platform.SDK.UnitTests\bin\x64\Debug\net472\VideoOS.Platform.SDK.UnitTests.dll" adapterTypeName="executor://mstestadapter/v2" className="VideoOS.Platform.SDKUnittest.Audio.NAudioPlayerComponentTest" name="LiveStop_ConnectedAndNotPlayingLive_AvoidsToolkitReentry" />
    </UnitTest>
    <UnitTest name="Given_Nothing_When_AMessageCannotBeParsed_Then_ItIsLoggedAsWarning" storage="d:\actions-runner\_work\xpco\xpco\mip\mipsdk\tst\videoos.platform.sdk.unittests\bin\x64\debug\net472\videoos.platform.sdk.unittests.dll" id="23b8a97d-73db-ca9d-ee8d-e27bad17d5d3">
      <Execution id="ae372fed-f327-4b38-a342-6f775a867f15" />
      <TestMethod codeBase="D:\actions-runner\_work\XPCO\XPCO\MIP\MIPSDK\tst\VideoOS.Platform.SDK.UnitTests\bin\x64\Debug\net472\VideoOS.Platform.SDK.UnitTests.dll" adapterTypeName="executor://mstestadapter/v2" className="VideoOS.Platform.SDKUnittest.EventsAndState.CommandHandlerTest" name="Given_Nothing_When_AMessageCannotBeParsed_Then_ItIsLoggedAsWarning" />
    </UnitTest>
    <UnitTest name="Given_Connected_When_CreateSessionSuccesful_Then_ASessionIdIsReturned" storage="d:\actions-runner\_work\xpco\xpco\mip\mipsdk\tst\videoos.platform.sdk.unittests\bin\x64\debug\net472\videoos.platform.sdk.unittests.dll" id="c7cfb557-b7c6-e2f2-6240-c10413062e2b">
      <Execution id="097c6a08-fbc6-4305-a726-e8722a4dce61" />
      <TestMethod codeBase="D:\actions-runner\_work\XPCO\XPCO\MIP\MIPSDK\tst\VideoOS.Platform.SDK.UnitTests\bin\x64\Debug\net472\VideoOS.Platform.SDK.UnitTests.dll" adapterTypeName="executor://mstestadapter/v2" className="VideoOS.Platform.SDKUnittest.EventsAndState.EventsAndStateClientTest" name="Given_Connected_When_CreateSessionSuccesful_Then_ASessionIdIsReturned" />
    </UnitTest>
    <UnitTest name="XpcoGroupCheck" storage="d:\actions-runner\_work\xpco\xpco\mip\mipsdk\tst\videoos.platform.sdk.unittests\bin\x64\debug\net472\videoos.platform.sdk.unittests.dll" id="6afb3563-c986-73d9-429e-d345f8912c2c">
      <Execution id="4362b4fb-bad6-47cf-8f18-4047b5fa24a6" />
      <TestMethod codeBase="D:\actions-runner\_work\XPCO\XPCO\MIP\MIPSDK\tst\VideoOS.Platform.SDK.UnitTests\bin\x64\Debug\net472\VideoOS.Platform.SDK.UnitTests.dll" adapterTypeName="executor://mstestadapter/v2" className="VideoOS.Platform.SDKUnittest.Configuration.XpcoConfigurationTest" name="XpcoGroupCheck" />
    </UnitTest>
    <UnitTest name="Remove_WhenCacheHasNoCredential_DoesNothing" storage="d:\actions-runner\_work\xpco\xpco\mip\mipsdk\tst\videoos.platform.sdk.unittests\bin\x64\debug\net472\videoos.platform.sdk.unittests.dll" id="7ab3ecbd-68d0-4cbf-9bde-72fb304bcae6">
      <Execution id="d30afa3c-fa00-4730-8604-df1b227d04e2" />
      <TestMethod codeBase="D:\actions-runner\_work\XPCO\XPCO\MIP\MIPSDK\tst\VideoOS.Platform.SDK.UnitTests\bin\x64\Debug\net472\VideoOS.Platform.SDK.UnitTests.dll" adapterTypeName="executor://mstestadapter/v2" className="VideoOS.Platform.SDKUnittest.PlatformTests.CredentialCacheServiceTest" name="Remove_WhenCacheHasNoCredential_DoesNothing" />
    </UnitTest>
    <UnitTest name="StartRecording_ShouldThrowException_WhenFreeIsCalled" storage="d:\actions-runner\_work\xpco\xpco\mip\mipsdk\tst\videoos.platform.sdk.unittests\bin\x64\debug\net472\videoos.platform.sdk.unittests.dll" id="507edd3e-d589-f46c-9a31-6fd66195d4a0">
      <TestCategory>
        <TestCategoryItem TestCategory="AudioRecorder" />
      </TestCategory>
      <Execution id="c2276091-4a4e-4399-9300-d2150f7896c9" />
      <TestMethod codeBase="D:\actions-runner\_work\XPCO\XPCO\MIP\MIPSDK\tst\VideoOS.Platform.SDK.UnitTests\bin\x64\Debug\net472\VideoOS.Platform.SDK.UnitTests.dll" adapterTypeName="executor://mstestadapter/v2" className="VideoOS.Platform.SDKUnittest.Audio.AudioRecorderTests" name="StartRecording_ShouldThrowException_WhenFreeIsCalled" />
    </UnitTest>
    <UnitTest name="RemoveServer_WithIdWhenLoginSettingsNotNull_Correct" storage="d:\actions-runner\_work\xpco\xpco\mip\mipsdk\tst\videoos.platform.sdk.unittests\bin\x64\debug\net472\videoos.platform.sdk.unittests.dll" id="1c378be1-6602-2c62-b3de-426ce05f22b8">
      <Execution id="4aff2b4c-d2dc-4144-8d03-117ae7daf6e8" />
      <TestMethod codeBase="D:\actions-runner\_work\XPCO\XPCO\MIP\MIPSDK\tst\VideoOS.Platform.SDK.UnitTests\bin\x64\Debug\net472\VideoOS.Platform.SDK.UnitTests.dll" adapterTypeName="executor://mstestadapter/v2" className="VideoOS.Platform.SDKUnittest.EnvironmentServiceTest" name="RemoveServer_WithIdWhenLoginSettingsNotNull_Correct" />
    </UnitTest>
    <UnitTest name="Clear_Correct" storage="d:\actions-runner\_work\xpco\xpco\mip\mipsdk\tst\videoos.platform.sdk.unittests\bin\x64\debug\net472\videoos.platform.sdk.unittests.dll" id="e5fc20b5-92e7-3e56-1ed6-e269e15a74db">
      <Execution id="0fdd7b01-418d-41a7-a2f3-6f730a2436bf" />
      <TestMethod codeBase="D:\actions-runner\_work\XPCO\XPCO\MIP\MIPSDK\tst\VideoOS.Platform.SDK.UnitTests\bin\x64\Debug\net472\VideoOS.Platform.SDK.UnitTests.dll" adapterTypeName="executor://mstestadapter/v2" className="VideoOS.Platform.SDKUnittest.Facades.LoginSettingsCacheFacadeTest" name="Clear_Correct" />
    </UnitTest>
    <UnitTest name="Given_ReceivedMessageIsBadlyFormedJson_When_Parsing_Then_ErrorDescriptionIsReturned" storage="d:\actions-runner\_work\xpco\xpco\mip\mipsdk\tst\videoos.platform.sdk.unittests\bin\x64\debug\net472\videoos.platform.sdk.unittests.dll" id="2509f740-7111-f1e6-910d-8d9558b1e027">
      <Execution id="fdb763ea-cbb5-4d2e-a348-94609486c71d" />
      <TestMethod codeBase="D:\actions-runner\_work\XPCO\XPCO\MIP\MIPSDK\tst\VideoOS.Platform.SDK.UnitTests\bin\x64\Debug\net472\VideoOS.Platform.SDK.UnitTests.dll" adapterTypeName="executor://mstestadapter/v2" className="VideoOS.Platform.SDKUnittest.EventsAndState.MessageParserTests" name="Given_ReceivedMessageIsBadlyFormedJson_When_Parsing_Then_ErrorDescriptionIsReturned" />
    </UnitTest>
    <UnitTest name="TryCreateParentUri_WhenNogotiateAuthHasCredential_ReturnsUrl" storage="d:\actions-runner\_work\xpco\xpco\mip\mipsdk\tst\videoos.platform.sdk.unittests\bin\x64\debug\net472\videoos.platform.sdk.unittests.dll" id="52b4d95e-92b1-ab9e-b0b4-d924fa19acdb">
      <Execution id="708b3105-e936-4d12-89b9-13b4d4e471d9" />
      <TestMethod codeBase="D:\actions-runner\_work\XPCO\XPCO\MIP\MIPSDK\tst\VideoOS.Platform.SDK.UnitTests\bin\x64\Debug\net472\VideoOS.Platform.SDK.UnitTests.dll" adapterTypeName="executor://mstestadapter/v2" className="VideoOS.Platform.SDKUnittest.PlatformTests.CredentialCacheServiceTest" name="TryCreateParentUri_WhenNogotiateAuthHasCredential_ReturnsUrl" />
    </UnitTest>
    <UnitTest name="XpcoCameraConfigTests" storage="d:\actions-runner\_work\xpco\xpco\mip\mipsdk\tst\videoos.platform.sdk.unittests\bin\x64\debug\net472\videoos.platform.sdk.unittests.dll" id="d19447d6-1286-80a0-b9eb-927576af8553">
      <Execution id="9312bd07-60a8-459e-a24a-b5bd34e34b08" />
      <TestMethod codeBase="D:\actions-runner\_work\XPCO\XPCO\MIP\MIPSDK\tst\VideoOS.Platform.SDK.UnitTests\bin\x64\Debug\net472\VideoOS.Platform.SDK.UnitTests.dll" adapterTypeName="executor://mstestadapter/v2" className="VideoOS.Platform.SDKUnittest.Configuration.XpcoConfigurationTest" name="XpcoCameraConfigTests" />
    </UnitTest>
    <UnitTest name="Remove_WhenNotBasicUser_RemovesWithNegotiateAuth" storage="d:\actions-runner\_work\xpco\xpco\mip\mipsdk\tst\videoos.platform.sdk.unittests\bin\x64\debug\net472\videoos.platform.sdk.unittests.dll" id="b4e531fb-82d4-9ed8-d68f-599b17f00f1b">
      <Execution id="a223b45b-d987-452c-b970-49d53ec5a9ff" />
      <TestMethod codeBase="D:\actions-runner\_work\XPCO\XPCO\MIP\MIPSDK\tst\VideoOS.Platform.SDK.UnitTests\bin\x64\Debug\net472\VideoOS.Platform.SDK.UnitTests.dll" adapterTypeName="executor://mstestadapter/v2" className="VideoOS.Platform.SDKUnittest.PlatformTests.CredentialCacheServiceTest" name="Remove_WhenNotBasicUser_RemovesWithNegotiateAuth" />
    </UnitTest>
    <UnitTest name="Init_Success" storage="d:\actions-runner\_work\xpco\xpco\mip\mipsdk\tst\videoos.platform.sdk.unittests\bin\x64\debug\net472\videoos.platform.sdk.unittests.dll" id="425d7606-d05b-43b7-5f3e-aef51500fc4a">
      <Execution id="94efe729-9186-491e-a049-c36d7c3a05d9" />
      <TestMethod codeBase="D:\actions-runner\_work\XPCO\XPCO\MIP\MIPSDK\tst\VideoOS.Platform.SDK.UnitTests\bin\x64\Debug\net472\VideoOS.Platform.SDK.UnitTests.dll" adapterTypeName="executor://mstestadapter/v2" className="VideoOS.Platform.SDKUnittest.EnvironmentServiceTest" name="Init_Success" />
    </UnitTest>
    <UnitTest name="Remove_Correct" storage="d:\actions-runner\_work\xpco\xpco\mip\mipsdk\tst\videoos.platform.sdk.unittests\bin\x64\debug\net472\videoos.platform.sdk.unittests.dll" id="170542a8-dc94-1eae-8e61-7f4921b86749">
      <Execution id="95b7ba25-9be6-4d00-a7f7-9375a70f07f2" />
      <TestMethod codeBase="D:\actions-runner\_work\XPCO\XPCO\MIP\MIPSDK\tst\VideoOS.Platform.SDK.UnitTests\bin\x64\Debug\net472\VideoOS.Platform.SDK.UnitTests.dll" adapterTypeName="executor://mstestadapter/v2" className="VideoOS.Platform.SDKUnittest.Facades.LoginSettingsCacheFacadeTest" name="Remove_Correct" />
    </UnitTest>
    <UnitTest name="CheckToMillisecString" storage="d:\actions-runner\_work\xpco\xpco\mip\mipsdk\tst\videoos.platform.sdk.unittests\bin\x64\debug\net472\videoos.platform.sdk.unittests.dll" id="170c026e-6a95-4bb2-d08c-c04ad61f24e2">
      <Execution id="42040ce6-b5f4-4dbc-8eb1-627a65c4b7ba" />
      <TestMethod codeBase="D:\actions-runner\_work\XPCO\XPCO\MIP\MIPSDK\tst\VideoOS.Platform.SDK.UnitTests\bin\x64\Debug\net472\VideoOS.Platform.SDK.UnitTests.dll" adapterTypeName="executor://mstestadapter/v2" className="VideoOS.Platform.SDKUnittest.FeatureTests.TimeConverterTests" name="CheckToMillisecString" />
    </UnitTest>
    <UnitTest name="OAuthServerIsOnline" storage="d:\actions-runner\_work\xpco\xpco\mip\mipsdk\tst\videoos.platform.sdk.unittests\bin\x64\debug\net472\videoos.platform.sdk.unittests.dll" id="2282d201-fae3-68ca-fb9b-da7ba770e221">
      <Execution id="ae217538-d748-4f12-892f-ae6d249daa23" />
      <TestMethod codeBase="D:\actions-runner\_work\XPCO\XPCO\MIP\MIPSDK\tst\VideoOS.Platform.SDK.UnitTests\bin\x64\Debug\net472\VideoOS.Platform.SDK.UnitTests.dll" adapterTypeName="executor://mstestadapter/v2" className="VideoOS.Platform.SDKUnittest.Server.ConnectTest" name="OAuthServerIsOnline" />
    </UnitTest>
    <UnitTest name="CompareFail" storage="d:\actions-runner\_work\xpco\xpco\mip\mipsdk\tst\videoos.platform.sdk.unittests\bin\x64\debug\net472\videoos.platform.sdk.unittests.dll" id="96c1c139-ef84-2793-7b75-ec53f5430e80">
      <Execution id="247d3104-ba62-4c4f-9d8c-b0111b31d032" />
      <TestMethod codeBase="D:\actions-runner\_work\XPCO\XPCO\MIP\MIPSDK\tst\VideoOS.Platform.SDK.UnitTests\bin\x64\Debug\net472\VideoOS.Platform.SDK.UnitTests.dll" adapterTypeName="executor://mstestadapter/v2" className="VideoOS.Platform.SDKUnittest.FeatureTests.UriUtilTest" name="CompareFail" />
    </UnitTest>
    <UnitTest name="LoadConfiguration_Correct" storage="d:\actions-runner\_work\xpco\xpco\mip\mipsdk\tst\videoos.platform.sdk.unittests\bin\x64\debug\net472\videoos.platform.sdk.unittests.dll" id="ef02471d-d90f-d7cc-ccc2-806bfb1ff8c0">
      <Execution id="ec50869e-b7d9-4f0f-aab1-8e2765f8f419" />
      <TestMethod codeBase="D:\actions-runner\_work\XPCO\XPCO\MIP\MIPSDK\tst\VideoOS.Platform.SDK.UnitTests\bin\x64\Debug\net472\VideoOS.Platform.SDK.UnitTests.dll" adapterTypeName="executor://mstestadapter/v2" className="VideoOS.Platform.SDKUnittest.EnvironmentServiceTest" name="LoadConfiguration_Correct" />
    </UnitTest>
    <UnitTest name="TryCreateParentUri_WhenFirstUrlKeyPresent_ReturnsIt" storage="d:\actions-runner\_work\xpco\xpco\mip\mipsdk\tst\videoos.platform.sdk.unittests\bin\x64\debug\net472\videoos.platform.sdk.unittests.dll" id="e7459368-bf71-df4a-32b1-79ab60633652">
      <Execution id="e44e1075-5f60-47ab-bef1-ecf44d68fadc" />
      <TestMethod codeBase="D:\actions-runner\_work\XPCO\XPCO\MIP\MIPSDK\tst\VideoOS.Platform.SDK.UnitTests\bin\x64\Debug\net472\VideoOS.Platform.SDK.UnitTests.dll" adapterTypeName="executor://mstestadapter/v2" className="VideoOS.Platform.SDKUnittest.PlatformTests.CredentialCacheServiceTest" name="TryCreateParentUri_WhenFirstUrlKeyPresent_ReturnsIt" />
    </UnitTest>
    <UnitTest name="StartRecording_ShouldThrowException_WhenAudioRecorderIsNotInitialized" storage="d:\actions-runner\_work\xpco\xpco\mip\mipsdk\tst\videoos.platform.sdk.unittests\bin\x64\debug\net472\videoos.platform.sdk.unittests.dll" id="ae70990e-978a-6321-3b73-faa00506386d">
      <TestCategory>
        <TestCategoryItem TestCategory="AudioRecorder" />
      </TestCategory>
      <Execution id="d032e28b-2dd0-478e-a3da-fc663eab6cf8" />
      <TestMethod codeBase="D:\actions-runner\_work\XPCO\XPCO\MIP\MIPSDK\tst\VideoOS.Platform.SDK.UnitTests\bin\x64\Debug\net472\VideoOS.Platform.SDK.UnitTests.dll" adapterTypeName="executor://mstestadapter/v2" className="VideoOS.Platform.SDKUnittest.Audio.AudioRecorderTests" name="StartRecording_ShouldThrowException_WhenAudioRecorderIsNotInitialized" />
    </UnitTest>
    <UnitTest name="MergeCredentialCache_WhenAlreadyHasCredential_DoesntMerge" storage="d:\actions-runner\_work\xpco\xpco\mip\mipsdk\tst\videoos.platform.sdk.unittests\bin\x64\debug\net472\videoos.platform.sdk.unittests.dll" id="d1e2ee3a-5497-84fa-1720-32c96fcd92e7">
      <Execution id="ce42ec3e-23b7-4b00-b33c-7e79936dd2a3" />
      <TestMethod codeBase="D:\actions-runner\_work\XPCO\XPCO\MIP\MIPSDK\tst\VideoOS.Platform.SDK.UnitTests\bin\x64\Debug\net472\VideoOS.Platform.SDK.UnitTests.dll" adapterTypeName="executor://mstestadapter/v2" className="VideoOS.Platform.SDKUnittest.PlatformTests.CredentialCacheServiceTest" name="MergeCredentialCache_WhenAlreadyHasCredential_DoesntMerge" />
    </UnitTest>
    <UnitTest name="StripXmlHeader_WhenHeaderPresent_StripsItOut" storage="d:\actions-runner\_work\xpco\xpco\mip\mipsdk\tst\videoos.platform.sdk.unittests\bin\x64\debug\net472\videoos.platform.sdk.unittests.dll" id="1d9f532a-78eb-f4e1-0dd2-c5f03d1be90f">
      <Execution id="b7d3696d-623e-42ee-8bda-58e24af75352" />
      <TestMethod codeBase="D:\actions-runner\_work\XPCO\XPCO\MIP\MIPSDK\tst\VideoOS.Platform.SDK.UnitTests\bin\x64\Debug\net472\VideoOS.Platform.SDK.UnitTests.dll" adapterTypeName="executor://mstestadapter/v2" className="VideoOS.Platform.SDKUnittest.Util.ConfigUtilTest" name="StripXmlHeader_WhenHeaderPresent_StripsItOut" />
    </UnitTest>
    <UnitTest name="HandleStateChanged_StateConnectionFailed_ConnectedIsFalseAndEventFired" storage="d:\actions-runner\_work\xpco\xpco\mip\mipsdk\tst\videoos.platform.sdk.unittests\bin\x64\debug\net472\videoos.platform.sdk.unittests.dll" id="b4915057-6c4f-8190-48c2-5491b3a35473">
      <TestCategory>
        <TestCategoryItem TestCategory="NAudioPlayerComponent" />
      </TestCategory>
      <Execution id="c55c27de-5824-4626-bd61-722fc169c095" />
      <TestMethod codeBase="D:\actions-runner\_work\XPCO\XPCO\MIP\MIPSDK\tst\VideoOS.Platform.SDK.UnitTests\bin\x64\Debug\net472\VideoOS.Platform.SDK.UnitTests.dll" adapterTypeName="executor://mstestadapter/v2" className="VideoOS.Platform.SDKUnittest.Audio.NAudioPlayerComponentTest" name="HandleStateChanged_StateConnectionFailed_ConnectedIsFalseAndEventFired" />
    </UnitTest>
    <UnitTest name="ScheduleDeletionOfToolkit_FactoryDeletesToolkitInstance" storage="d:\actions-runner\_work\xpco\xpco\mip\mipsdk\tst\videoos.platform.sdk.unittests\bin\x64\debug\net472\videoos.platform.sdk.unittests.dll" id="6eb5e2ab-2e52-184d-9e36-3b40855937d4">
      <TestCategory>
        <TestCategoryItem TestCategory="NAudioPlayerComponent" />
      </TestCategory>
      <Execution id="bfd863c5-c3a1-46a2-947a-8b3337ebea8e" />
      <TestMethod codeBase="D:\actions-runner\_work\XPCO\XPCO\MIP\MIPSDK\tst\VideoOS.Platform.SDK.UnitTests\bin\x64\Debug\net472\VideoOS.Platform.SDK.UnitTests.dll" adapterTypeName="executor://mstestadapter/v2" className="VideoOS.Platform.SDKUnittest.Audio.NAudioPlayerComponentTest" name="ScheduleDeletionOfToolkit_FactoryDeletesToolkitInstance" />
    </UnitTest>
    <UnitTest name="Free_ShouldNotChangeRecordingStatus_WhenRecordingIsNotStarted" storage="d:\actions-runner\_work\xpco\xpco\mip\mipsdk\tst\videoos.platform.sdk.unittests\bin\x64\debug\net472\videoos.platform.sdk.unittests.dll" id="48cb99ba-5270-df3c-8533-76671ff09a4c">
      <TestCategory>
        <TestCategoryItem TestCategory="AudioRecorder" />
      </TestCategory>
      <Execution id="2c00e7f2-c8b3-43e9-97a7-cb16d4215216" />
      <TestMethod codeBase="D:\actions-runner\_work\XPCO\XPCO\MIP\MIPSDK\tst\VideoOS.Platform.SDK.UnitTests\bin\x64\Debug\net472\VideoOS.Platform.SDK.UnitTests.dll" adapterTypeName="executor://mstestadapter/v2" className="VideoOS.Platform.SDKUnittest.Audio.AudioRecorderTests" name="Free_ShouldNotChangeRecordingStatus_WhenRecordingIsNotStarted" />
    </UnitTest>
    <UnitTest name="CheckToDouble" storage="d:\actions-runner\_work\xpco\xpco\mip\mipsdk\tst\videoos.platform.sdk.unittests\bin\x64\debug\net472\videoos.platform.sdk.unittests.dll" id="2c92124b-c5f5-19a5-8432-332f4bcae799">
      <Execution id="02bceffb-72e4-4826-8045-4e0de51fb381" />
      <TestMethod codeBase="D:\actions-runner\_work\XPCO\XPCO\MIP\MIPSDK\tst\VideoOS.Platform.SDK.UnitTests\bin\x64\Debug\net472\VideoOS.Platform.SDK.UnitTests.dll" adapterTypeName="executor://mstestadapter/v2" className="VideoOS.Platform.SDKUnittest.FeatureTests.TimeConverterTests" name="CheckToDouble" />
    </UnitTest>
    <UnitTest name="Given_Connected_When_AResponseIsUnSuccesful_Then_AnExceptionIsThrown" storage="d:\actions-runner\_work\xpco\xpco\mip\mipsdk\tst\videoos.platform.sdk.unittests\bin\x64\debug\net472\videoos.platform.sdk.unittests.dll" id="fb5100d5-9a8d-d95c-0716-79d1d251b3ac">
      <Execution id="af68ec11-0adc-4272-9ee2-8ce9ada9acc1" />
      <TestMethod codeBase="D:\actions-runner\_work\XPCO\XPCO\MIP\MIPSDK\tst\VideoOS.Platform.SDK.UnitTests\bin\x64\Debug\net472\VideoOS.Platform.SDK.UnitTests.dll" adapterTypeName="executor://mstestadapter/v2" className="VideoOS.Platform.SDKUnittest.EventsAndState.CommandHandlerTest" name="Given_Connected_When_AResponseIsUnSuccesful_Then_AnExceptionIsThrown" />
    </UnitTest>
    <UnitTest name="MergeCredentialCache_WhenException_Logs" storage="d:\actions-runner\_work\xpco\xpco\mip\mipsdk\tst\videoos.platform.sdk.unittests\bin\x64\debug\net472\videoos.platform.sdk.unittests.dll" id="892ffa70-f349-35d4-9ae8-df9e08b6a0a5">
      <Execution id="f7554434-53f3-4d40-acab-6e3cb4f3343f" />
      <TestMethod codeBase="D:\actions-runner\_work\XPCO\XPCO\MIP\MIPSDK\tst\VideoOS.Platform.SDK.UnitTests\bin\x64\Debug\net472\VideoOS.Platform.SDK.UnitTests.dll" adapterTypeName="executor://mstestadapter/v2" className="VideoOS.Platform.SDKUnittest.PlatformTests.CredentialCacheServiceTest" name="MergeCredentialCache_WhenException_Logs" />
    </UnitTest>
    <UnitTest name="Given_Nothing_When_SendingACommand_Then_CommandReturnsWhenResponseIsReceived" storage="d:\actions-runner\_work\xpco\xpco\mip\mipsdk\tst\videoos.platform.sdk.unittests\bin\x64\debug\net472\videoos.platform.sdk.unittests.dll" id="4c36fbe1-f8de-13b2-bcb1-e7ce9596a021">
      <Execution id="ad6eef00-abc0-40ce-aefa-48e233db5f8a" />
      <TestMethod codeBase="D:\actions-runner\_work\XPCO\XPCO\MIP\MIPSDK\tst\VideoOS.Platform.SDK.UnitTests\bin\x64\Debug\net472\VideoOS.Platform.SDK.UnitTests.dll" adapterTypeName="executor://mstestadapter/v2" className="VideoOS.Platform.SDKUnittest.EventsAndState.CommandHandlerTest" name="Given_Nothing_When_SendingACommand_Then_CommandReturnsWhenResponseIsReceived" />
    </UnitTest>
    <UnitTest name="Given_EventHandlerIsCreated_When_ReceivingEventMessage_Then_EventsAreSentToAllReceivers" storage="d:\actions-runner\_work\xpco\xpco\mip\mipsdk\tst\videoos.platform.sdk.unittests\bin\x64\debug\net472\videoos.platform.sdk.unittests.dll" id="9a32c8de-c721-c8df-01b2-8fdff9dd18ca">
      <Execution id="2c58402c-f679-4b7e-bf1c-4304b4680dff" />
      <TestMethod codeBase="D:\actions-runner\_work\XPCO\XPCO\MIP\MIPSDK\tst\VideoOS.Platform.SDK.UnitTests\bin\x64\Debug\net472\VideoOS.Platform.SDK.UnitTests.dll" adapterTypeName="executor://mstestadapter/v2" className="VideoOS.Platform.SDKUnittest.EventsAndState.EventHandlerTest" name="Given_EventHandlerIsCreated_When_ReceivingEventMessage_Then_EventsAreSentToAllReceivers" />
    </UnitTest>
    <UnitTest name="Given_Connected_When_CreateSessionTimesOut_Then_AnExceptionIsThrown" storage="d:\actions-runner\_work\xpco\xpco\mip\mipsdk\tst\videoos.platform.sdk.unittests\bin\x64\debug\net472\videoos.platform.sdk.unittests.dll" id="346fbfa0-3649-8251-d8d1-a07b030b1578">
      <Execution id="e125aa0f-dba8-4ae4-a339-3459d7f475a9" />
      <TestMethod codeBase="D:\actions-runner\_work\XPCO\XPCO\MIP\MIPSDK\tst\VideoOS.Platform.SDK.UnitTests\bin\x64\Debug\net472\VideoOS.Platform.SDK.UnitTests.dll" adapterTypeName="executor://mstestadapter/v2" className="VideoOS.Platform.SDKUnittest.EventsAndState.EventsAndStateClientTest" name="Given_Connected_When_CreateSessionTimesOut_Then_AnExceptionIsThrown" />
    </UnitTest>
    <UnitTest name="TestSubscription" storage="d:\actions-runner\_work\xpco\xpco\mip\mipsdk\tst\videoos.platform.sdk.unittests\bin\x64\debug\net472\videoos.platform.sdk.unittests.dll" id="da1dce8b-3a10-e5c9-618b-cbfea5058c69">
      <Execution id="9b724ea5-9463-4d51-8169-d4a0c89fcc16" />
      <TestMethod codeBase="D:\actions-runner\_work\XPCO\XPCO\MIP\MIPSDK\tst\VideoOS.Platform.SDK.UnitTests\bin\x64\Debug\net472\VideoOS.Platform.SDK.UnitTests.dll" adapterTypeName="executor://mstestadapter/v2" className="VideoOS.Platform.SDKUnittest.EventsAndState.SerializationTests" name="TestSubscription" />
    </UnitTest>
    <UnitTest name="AddServer_WithLoginSettings_MasterOnlyTrue_CorrectlyPassed" storage="d:\actions-runner\_work\xpco\xpco\mip\mipsdk\tst\videoos.platform.sdk.unittests\bin\x64\debug\net472\videoos.platform.sdk.unittests.dll" id="f4f1f3cd-b04f-c623-3d30-8c01b6f83066">
      <Execution id="93bdc552-4279-4eee-bc6a-a6f72251d155" />
      <TestMethod codeBase="D:\actions-runner\_work\XPCO\XPCO\MIP\MIPSDK\tst\VideoOS.Platform.SDK.UnitTests\bin\x64\Debug\net472\VideoOS.Platform.SDK.UnitTests.dll" adapterTypeName="executor://mstestadapter/v2" className="VideoOS.Platform.SDKUnittest.EnvironmentServiceTest" name="AddServer_WithLoginSettings_MasterOnlyTrue_CorrectlyPassed" />
    </UnitTest>
    <UnitTest name="Initialize_ShouldSetInstances" storage="d:\actions-runner\_work\xpco\xpco\mip\mipsdk\tst\videoos.platform.sdk.unittests\bin\x64\debug\net472\videoos.platform.sdk.unittests.dll" id="6e75c7b2-82c6-9596-e538-6098a4826ccc">
      <Execution id="0fbdfe94-9bb4-4f99-a793-99210eaab448" />
      <TestMethod codeBase="D:\actions-runner\_work\XPCO\XPCO\MIP\MIPSDK\tst\VideoOS.Platform.SDK.UnitTests\bin\x64\Debug\net472\VideoOS.Platform.SDK.UnitTests.dll" adapterTypeName="executor://mstestadapter/v2" className="VideoOS.Platform.SDKUnittest.EnvironmentTest" name="Initialize_ShouldSetInstances" />
    </UnitTest>
    <UnitTest name="LoadSiteItem_Success" storage="d:\actions-runner\_work\xpco\xpco\mip\mipsdk\tst\videoos.platform.sdk.unittests\bin\x64\debug\net472\videoos.platform.sdk.unittests.dll" id="6921a09d-04ff-2013-2cd1-d68e7b47c780">
      <Execution id="d3a6d84d-654f-4b46-bdc9-e7825e1f154e" />
      <TestMethod codeBase="D:\actions-runner\_work\XPCO\XPCO\MIP\MIPSDK\tst\VideoOS.Platform.SDK.UnitTests\bin\x64\Debug\net472\VideoOS.Platform.SDK.UnitTests.dll" adapterTypeName="executor://mstestadapter/v2" className="VideoOS.Platform.SDKUnittest.EnvironmentServiceTest" name="LoadSiteItem_Success" />
    </UnitTest>
    <UnitTest name="RemoveServer_WithUriWhenLoginSettingsNotNull_Correct" storage="d:\actions-runner\_work\xpco\xpco\mip\mipsdk\tst\videoos.platform.sdk.unittests\bin\x64\debug\net472\videoos.platform.sdk.unittests.dll" id="ffdb0d83-235f-7713-020c-369ea19b66a1">
      <Execution id="24f05b06-0bba-458b-a963-d7d85ce7e5bd" />
      <TestMethod codeBase="D:\actions-runner\_work\XPCO\XPCO\MIP\MIPSDK\tst\VideoOS.Platform.SDK.UnitTests\bin\x64\Debug\net472\VideoOS.Platform.SDK.UnitTests.dll" adapterTypeName="executor://mstestadapter/v2" className="VideoOS.Platform.SDKUnittest.EnvironmentServiceTest" name="RemoveServer_WithUriWhenLoginSettingsNotNull_Correct" />
    </UnitTest>
    <UnitTest name="GetSequencesForMicrophone" storage="d:\actions-runner\_work\xpco\xpco\mip\mipsdk\tst\videoos.platform.sdk.unittests\bin\x64\debug\net472\videoos.platform.sdk.unittests.dll" id="0adf935d-caf6-29b9-4c8c-8321341fd342">
      <Execution id="bc618a3f-33f1-446c-bff9-82b61be5f724" />
      <TestMethod codeBase="D:\actions-runner\_work\XPCO\XPCO\MIP\MIPSDK\tst\VideoOS.Platform.SDK.UnitTests\bin\x64\Debug\net472\VideoOS.Platform.SDK.UnitTests.dll" adapterTypeName="executor://mstestadapter/v2" className="VideoOS.Platform.SDKUnittest.VideoTest.MediaTests" name="GetSequencesForMicrophone" />
    </UnitTest>
    <UnitTest name="IsLoggedIn_Correct" storage="d:\actions-runner\_work\xpco\xpco\mip\mipsdk\tst\videoos.platform.sdk.unittests\bin\x64\debug\net472\videoos.platform.sdk.unittests.dll" id="15bcd984-07b3-3ad0-b259-4c4f5e06c1bd">
      <Execution id="8d7615b6-b1df-40ed-98ff-8aabf9dcac72" />
      <TestMethod codeBase="D:\actions-runner\_work\XPCO\XPCO\MIP\MIPSDK\tst\VideoOS.Platform.SDK.UnitTests\bin\x64\Debug\net472\VideoOS.Platform.SDK.UnitTests.dll" adapterTypeName="executor://mstestadapter/v2" className="VideoOS.Platform.SDKUnittest.EnvironmentServiceTest" name="IsLoggedIn_Correct" />
    </UnitTest>
    <UnitTest name="XpcoServerConnectedSuccess" storage="d:\actions-runner\_work\xpco\xpco\mip\mipsdk\tst\videoos.platform.sdk.unittests\bin\x64\debug\net472\videoos.platform.sdk.unittests.dll" id="5c75fd4c-e523-4c4d-59cb-37282a3e3596">
      <Execution id="3700334e-c044-45e8-8d23-11feda2f0c14" />
      <TestMethod codeBase="D:\actions-runner\_work\XPCO\XPCO\MIP\MIPSDK\tst\VideoOS.Platform.SDK.UnitTests\bin\x64\Debug\net472\VideoOS.Platform.SDK.UnitTests.dll" adapterTypeName="executor://mstestadapter/v2" className="VideoOS.Platform.SDKUnittest.Configuration.XpcoConfigurationTest" name="XpcoServerConnectedSuccess" />
    </UnitTest>
    <UnitTest name="When_MipTokenCacheIsNotSet_BearerTokenBehaviourNotAdded" storage="d:\actions-runner\_work\xpco\xpco\mip\mipsdk\tst\videoos.platform.sdk.unittests\bin\x64\debug\net472\videoos.platform.sdk.unittests.dll" id="3fc2f323-2eb1-98df-4545-bd5563c5cdc9">
      <Execution id="5b62c187-a31f-4118-86ef-5d6f60588780" />
      <TestMethod codeBase="D:\actions-runner\_work\XPCO\XPCO\MIP\MIPSDK\tst\VideoOS.Platform.SDK.UnitTests\bin\x64\Debug\net472\VideoOS.Platform.SDK.UnitTests.dll" adapterTypeName="executor://mstestadapter/v2" className="VideoOS.Platform.SDKUnittest.Server.ServerClientTest" name="When_MipTokenCacheIsNotSet_BearerTokenBehaviourNotAdded" />
    </UnitTest>
    <UnitTest name="Initialize_ShouldSetUserContextConfiguration" storage="d:\actions-runner\_work\xpco\xpco\mip\mipsdk\tst\videoos.platform.sdk.unittests\bin\x64\debug\net472\videoos.platform.sdk.unittests.dll" id="a4c6d443-fa01-dcc3-6d3b-7e396f5ee185">
      <Execution id="c37df81b-9a99-4f9c-949f-31ec39067b47" />
      <TestMethod codeBase="D:\actions-runner\_work\XPCO\XPCO\MIP\MIPSDK\tst\VideoOS.Platform.SDK.UnitTests\bin\x64\Debug\net472\VideoOS.Platform.SDK.UnitTests.dll" adapterTypeName="executor://mstestadapter/v2" className="VideoOS.Platform.SDKUnittest.EnvironmentTest" name="Initialize_ShouldSetUserContextConfiguration" />
    </UnitTest>
    <UnitTest name="PlaybackStart_NotConnected_DoesNotCrash" storage="d:\actions-runner\_work\xpco\xpco\mip\mipsdk\tst\videoos.platform.sdk.unittests\bin\x64\debug\net472\videoos.platform.sdk.unittests.dll" id="a8f489fb-4bcd-8cf4-eb18-2db2a9c9dea0">
      <TestCategory>
        <TestCategoryItem TestCategory="NAudioPlayerComponent" />
      </TestCategory>
      <Execution id="8147e255-9a01-448d-b3e8-83b4b0055c6b" />
      <TestMethod codeBase="D:\actions-runner\_work\XPCO\XPCO\MIP\MIPSDK\tst\VideoOS.Platform.SDK.UnitTests\bin\x64\Debug\net472\VideoOS.Platform.SDK.UnitTests.dll" adapterTypeName="executor://mstestadapter/v2" className="VideoOS.Platform.SDKUnittest.Audio.NAudioPlayerComponentTest" name="PlaybackStart_NotConnected_DoesNotCrash" />
    </UnitTest>
    <UnitTest name="RemoveServer_WithUriWhenSystemInfoListNotEmpty_NotSettingApploggedStateToFalse" storage="d:\actions-runner\_work\xpco\xpco\mip\mipsdk\tst\videoos.platform.sdk.unittests\bin\x64\debug\net472\videoos.platform.sdk.unittests.dll" id="5db9cdb8-0fa4-0c5c-b336-2c08e8318f3a">
      <Execution id="8358a1c7-5cb7-4f5f-91bc-2b3cf8496220" />
      <TestMethod codeBase="D:\actions-runner\_work\XPCO\XPCO\MIP\MIPSDK\tst\VideoOS.Platform.SDK.UnitTests\bin\x64\Debug\net472\VideoOS.Platform.SDK.UnitTests.dll" adapterTypeName="executor://mstestadapter/v2" className="VideoOS.Platform.SDKUnittest.EnvironmentServiceTest" name="RemoveServer_WithUriWhenSystemInfoListNotEmpty_NotSettingApploggedStateToFalse" />
    </UnitTest>
    <UnitTest name="GetJpegFirstSpacePath" storage="d:\actions-runner\_work\xpco\xpco\mip\mipsdk\tst\videoos.platform.sdk.unittests\bin\x64\debug\net472\videoos.platform.sdk.unittests.dll" id="8539d4fd-7e67-da82-911e-4911873c1bd9">
      <Execution id="b1054135-d9d2-4ac5-80b1-05fe73eaebea" />
      <TestMethod codeBase="D:\actions-runner\_work\XPCO\XPCO\MIP\MIPSDK\tst\VideoOS.Platform.SDK.UnitTests\bin\x64\Debug\net472\VideoOS.Platform.SDK.UnitTests.dll" adapterTypeName="executor://mstestadapter/v2" className="VideoOS.Platform.SDKUnittest.VideoTest.MediaTests" name="GetJpegFirstSpacePath" />
    </UnitTest>
    <UnitTest name="Login_WhenNotLoggedIn_ThrowConfigurationLastException" storage="d:\actions-runner\_work\xpco\xpco\mip\mipsdk\tst\videoos.platform.sdk.unittests\bin\x64\debug\net472\videoos.platform.sdk.unittests.dll" id="0f702e68-d31d-e48d-5cda-ae2e55caa68e">
      <Execution id="2a4921c1-4b14-49a0-b6db-e4d0a1374c8d" />
      <TestMethod codeBase="D:\actions-runner\_work\XPCO\XPCO\MIP\MIPSDK\tst\VideoOS.Platform.SDK.UnitTests\bin\x64\Debug\net472\VideoOS.Platform.SDK.UnitTests.dll" adapterTypeName="executor://mstestadapter/v2" className="VideoOS.Platform.SDKUnittest.EnvironmentServiceTest" name="Login_WhenNotLoggedIn_ThrowConfigurationLastException" />
    </UnitTest>
    <UnitTest name="XpcoSiteInfoUriWithType" storage="d:\actions-runner\_work\xpco\xpco\mip\mipsdk\tst\videoos.platform.sdk.unittests\bin\x64\debug\net472\videoos.platform.sdk.unittests.dll" id="56cbaa9d-4f02-3ab9-a0f7-ef1ee9ad216c">
      <Execution id="1d418c77-297e-4a83-8a4d-04d2c7bd27a3" />
      <TestMethod codeBase="D:\actions-runner\_work\XPCO\XPCO\MIP\MIPSDK\tst\VideoOS.Platform.SDK.UnitTests\bin\x64\Debug\net472\VideoOS.Platform.SDK.UnitTests.dll" adapterTypeName="executor://mstestadapter/v2" className="VideoOS.Platform.SDKUnittest.EnvironmentTests.MultiUserEnvironmentTests" name="XpcoSiteInfoUriWithType" />
    </UnitTest>
    <UnitTest name="DisposingBeforeConnectIsDone_ShouldNotThrowException" storage="d:\actions-runner\_work\xpco\xpco\mip\mipsdk\tst\videoos.platform.sdk.unittests\bin\x64\debug\net472\videoos.platform.sdk.unittests.dll" id="c0865429-3866-2dd1-bc73-a54af982297e">
      <Execution id="084efe03-5da7-4616-886d-2ac70ddc3a35" />
      <TestMethod codeBase="D:\actions-runner\_work\XPCO\XPCO\MIP\MIPSDK\tst\VideoOS.Platform.SDK.UnitTests\bin\x64\Debug\net472\VideoOS.Platform.SDK.UnitTests.dll" adapterTypeName="executor://mstestadapter/v2" className="VideoOS.Platform.SDKUnittest.EventsAndState.EventsAndStateSessionTest" name="DisposingBeforeConnectIsDone_ShouldNotThrowException" />
    </UnitTest>
    <UnitTest name="HandleStateChanged_StateDisconnected_ConnectedIsFalseAndEventFired" storage="d:\actions-runner\_work\xpco\xpco\mip\mipsdk\tst\videoos.platform.sdk.unittests\bin\x64\debug\net472\videoos.platform.sdk.unittests.dll" id="9e508b96-cfd4-c55d-5eaa-c8158310f114">
      <TestCategory>
        <TestCategoryItem TestCategory="NAudioPlayerComponent" />
      </TestCategory>
      <Execution id="3b63e5aa-34d2-45c1-83ee-53c79a294246" />
      <TestMethod codeBase="D:\actions-runner\_work\XPCO\XPCO\MIP\MIPSDK\tst\VideoOS.Platform.SDK.UnitTests\bin\x64\Debug\net472\VideoOS.Platform.SDK.UnitTests.dll" adapterTypeName="executor://mstestadapter/v2" className="VideoOS.Platform.SDKUnittest.Audio.NAudioPlayerComponentTest" name="HandleStateChanged_StateDisconnected_ConnectedIsFalseAndEventFired" />
    </UnitTest>
    <UnitTest name="Given_Connected_When_ResumeSessionSuccesful_Then_ASuccessAndSessionIdIsReturned" storage="d:\actions-runner\_work\xpco\xpco\mip\mipsdk\tst\videoos.platform.sdk.unittests\bin\x64\debug\net472\videoos.platform.sdk.unittests.dll" id="6326290f-8e50-bc28-9f9e-5ff9f9bd3c53">
      <Execution id="f15ff24e-0183-4ab8-85d7-cf28f72d39d7" />
      <TestMethod codeBase="D:\actions-runner\_work\XPCO\XPCO\MIP\MIPSDK\tst\VideoOS.Platform.SDK.UnitTests\bin\x64\Debug\net472\VideoOS.Platform.SDK.UnitTests.dll" adapterTypeName="executor://mstestadapter/v2" className="VideoOS.Platform.SDKUnittest.EventsAndState.EventsAndStateClientTest" name="Given_Connected_When_ResumeSessionSuccesful_Then_ASuccessAndSessionIdIsReturned" />
    </UnitTest>
    <UnitTest name="CheckBaseTime1970FromInt" storage="d:\actions-runner\_work\xpco\xpco\mip\mipsdk\tst\videoos.platform.sdk.unittests\bin\x64\debug\net472\videoos.platform.sdk.unittests.dll" id="4bb35674-bcae-db3f-8d79-6da9552ffd66">
      <Execution id="c2fc4383-be94-41a1-9436-dff9eacaba7a" />
      <TestMethod codeBase="D:\actions-runner\_work\XPCO\XPCO\MIP\MIPSDK\tst\VideoOS.Platform.SDK.UnitTests\bin\x64\Debug\net472\VideoOS.Platform.SDK.UnitTests.dll" adapterTypeName="executor://mstestadapter/v2" className="VideoOS.Platform.SDKUnittest.FeatureTests.TimeConverterTests" name="CheckBaseTime1970FromInt" />
    </UnitTest>
    <UnitTest name="IgnorePortCompareOk" storage="d:\actions-runner\_work\xpco\xpco\mip\mipsdk\tst\videoos.platform.sdk.unittests\bin\x64\debug\net472\videoos.platform.sdk.unittests.dll" id="4592a7b7-193a-d11d-ddb3-2a2e9e4e2370">
      <Execution id="1082efa3-466e-4466-8d18-9291e2d7d037" />
      <TestMethod codeBase="D:\actions-runner\_work\XPCO\XPCO\MIP\MIPSDK\tst\VideoOS.Platform.SDK.UnitTests\bin\x64\Debug\net472\VideoOS.Platform.SDK.UnitTests.dll" adapterTypeName="executor://mstestadapter/v2" className="VideoOS.Platform.SDKUnittest.FeatureTests.UriUtilTest" name="IgnorePortCompareOk" />
    </UnitTest>
    <UnitTest name="PlaybackStop_NotConnected_DoesNotCrash" storage="d:\actions-runner\_work\xpco\xpco\mip\mipsdk\tst\videoos.platform.sdk.unittests\bin\x64\debug\net472\videoos.platform.sdk.unittests.dll" id="09fc8d6b-6a94-4ed4-f299-82508673b16a">
      <TestCategory>
        <TestCategoryItem TestCategory="NAudioPlayerComponent" />
      </TestCategory>
      <Execution id="75144f11-17ad-46c3-87a2-f08dbae7cf77" />
      <TestMethod codeBase="D:\actions-runner\_work\XPCO\XPCO\MIP\MIPSDK\tst\VideoOS.Platform.SDK.UnitTests\bin\x64\Debug\net472\VideoOS.Platform.SDK.UnitTests.dll" adapterTypeName="executor://mstestadapter/v2" className="VideoOS.Platform.SDKUnittest.Audio.NAudioPlayerComponentTest" name="PlaybackStop_NotConnected_DoesNotCrash" />
    </UnitTest>
    <UnitTest name="Free_ShouldStopRecording_WhenRecordingIsStarted" storage="d:\actions-runner\_work\xpco\xpco\mip\mipsdk\tst\videoos.platform.sdk.unittests\bin\x64\debug\net472\videoos.platform.sdk.unittests.dll" id="e480450b-9f62-5e54-a1f5-cc1228ba5cde">
      <TestCategory>
        <TestCategoryItem TestCategory="AudioRecorder" />
      </TestCategory>
      <Execution id="34af6b15-09b7-4ff0-9b35-9e7c96720357" />
      <TestMethod codeBase="D:\actions-runner\_work\XPCO\XPCO\MIP\MIPSDK\tst\VideoOS.Platform.SDK.UnitTests\bin\x64\Debug\net472\VideoOS.Platform.SDK.UnitTests.dll" adapterTypeName="executor://mstestadapter/v2" className="VideoOS.Platform.SDKUnittest.Audio.AudioRecorderTests" name="Free_ShouldStopRecording_WhenRecordingIsStarted" />
    </UnitTest>
    <UnitTest name="Initialize_ShouldReturnTrue_WhenMoreThanOneRecordingDeviceIsAvailable" storage="d:\actions-runner\_work\xpco\xpco\mip\mipsdk\tst\videoos.platform.sdk.unittests\bin\x64\debug\net472\videoos.platform.sdk.unittests.dll" id="e2220ea1-70c7-777c-8e0a-b82f127b0354">
      <TestCategory>
        <TestCategoryItem TestCategory="AudioRecorder" />
      </TestCategory>
      <Execution id="3adbd361-6f8b-4d80-87fe-278b9fe0eadf" />
      <TestMethod codeBase="D:\actions-runner\_work\XPCO\XPCO\MIP\MIPSDK\tst\VideoOS.Platform.SDK.UnitTests\bin\x64\Debug\net472\VideoOS.Platform.SDK.UnitTests.dll" adapterTypeName="executor://mstestadapter/v2" className="VideoOS.Platform.SDKUnittest.Audio.AudioRecorderTests" name="Initialize_ShouldReturnTrue_WhenMoreThanOneRecordingDeviceIsAvailable" />
    </UnitTest>
    <UnitTest name="Given_ReceivedMessageIsProperJson_When_Parsing_Then_JObjectIsReturned" storage="d:\actions-runner\_work\xpco\xpco\mip\mipsdk\tst\videoos.platform.sdk.unittests\bin\x64\debug\net472\videoos.platform.sdk.unittests.dll" id="e0a5e776-29a3-f806-618e-c50f5461dfdb">
      <Execution id="9b4ccf81-0021-4c22-97dd-924fcf6ec2e4" />
      <TestMethod codeBase="D:\actions-runner\_work\XPCO\XPCO\MIP\MIPSDK\tst\VideoOS.Platform.SDK.UnitTests\bin\x64\Debug\net472\VideoOS.Platform.SDK.UnitTests.dll" adapterTypeName="executor://mstestadapter/v2" className="VideoOS.Platform.SDKUnittest.EventsAndState.MessageParserTests" name="Given_ReceivedMessageIsProperJson_When_Parsing_Then_JObjectIsReturned" />
    </UnitTest>
    <UnitTest name="AddServer_WithLoginSettings_Correct" storage="d:\actions-runner\_work\xpco\xpco\mip\mipsdk\tst\videoos.platform.sdk.unittests\bin\x64\debug\net472\videoos.platform.sdk.unittests.dll" id="fb9222b4-352e-53d2-a6a0-c25767f137de">
      <Execution id="8b8c9c64-b6bd-40f1-a054-979d018bf1e3" />
      <TestMethod codeBase="D:\actions-runner\_work\XPCO\XPCO\MIP\MIPSDK\tst\VideoOS.Platform.SDK.UnitTests\bin\x64\Debug\net472\VideoOS.Platform.SDK.UnitTests.dll" adapterTypeName="executor://mstestadapter/v2" className="VideoOS.Platform.SDKUnittest.EnvironmentServiceTest" name="AddServer_WithLoginSettings_Correct" />
    </UnitTest>
    <UnitTest name="ConnectUsingConfiguration_SecondCallClosesPreviousToolkit_Success" storage="d:\actions-runner\_work\xpco\xpco\mip\mipsdk\tst\videoos.platform.sdk.unittests\bin\x64\debug\net472\videoos.platform.sdk.unittests.dll" id="99f228e6-630e-dc8e-e51f-6fbc781ddda8">
      <TestCategory>
        <TestCategoryItem TestCategory="NAudioPlayerComponent" />
      </TestCategory>
      <Execution id="5fab11a1-d349-4530-81e0-c38553357def" />
      <TestMethod codeBase="D:\actions-runner\_work\XPCO\XPCO\MIP\MIPSDK\tst\VideoOS.Platform.SDK.UnitTests\bin\x64\Debug\net472\VideoOS.Platform.SDK.UnitTests.dll" adapterTypeName="executor://mstestadapter/v2" className="VideoOS.Platform.SDKUnittest.Audio.NAudioPlayerComponentTest" name="ConnectUsingConfiguration_SecondCallClosesPreviousToolkit_Success" />
    </UnitTest>
    <UnitTest name="Given_Connected_When_ResumeSessionUnsuccessful_Then_NoSuccessAndNewSessionIdIsReturned" storage="d:\actions-runner\_work\xpco\xpco\mip\mipsdk\tst\videoos.platform.sdk.unittests\bin\x64\debug\net472\videoos.platform.sdk.unittests.dll" id="486bf095-ef80-8760-1ed9-25c366babe7b">
      <Execution id="6d813c22-fdd4-44dc-909d-91b89f2d2973" />
      <TestMethod codeBase="D:\actions-runner\_work\XPCO\XPCO\MIP\MIPSDK\tst\VideoOS.Platform.SDK.UnitTests\bin\x64\Debug\net472\VideoOS.Platform.SDK.UnitTests.dll" adapterTypeName="executor://mstestadapter/v2" className="VideoOS.Platform.SDKUnittest.EventsAndState.EventsAndStateClientTest" name="Given_Connected_When_ResumeSessionUnsuccessful_Then_NoSuccessAndNewSessionIdIsReturned" />
    </UnitTest>
    <UnitTest name="HandleAudioData_NotMuted_SamplesAdded" storage="d:\actions-runner\_work\xpco\xpco\mip\mipsdk\tst\videoos.platform.sdk.unittests\bin\x64\debug\net472\videoos.platform.sdk.unittests.dll" id="8c87c707-72c3-2fe1-cc37-40bdc36a6ffa">
      <TestCategory>
        <TestCategoryItem TestCategory="NAudioPlayerComponent" />
      </TestCategory>
      <Execution id="b403bcb1-95c2-4a38-a8c5-846aba60b759" />
      <TestMethod codeBase="D:\actions-runner\_work\XPCO\XPCO\MIP\MIPSDK\tst\VideoOS.Platform.SDK.UnitTests\bin\x64\Debug\net472\VideoOS.Platform.SDK.UnitTests.dll" adapterTypeName="executor://mstestadapter/v2" className="VideoOS.Platform.SDKUnittest.Audio.NAudioPlayerComponentTest" name="HandleAudioData_NotMuted_SamplesAdded" />
    </UnitTest>
    <UnitTest name="XpcoLoginAndGetConfguration" storage="d:\actions-runner\_work\xpco\xpco\mip\mipsdk\tst\videoos.platform.sdk.unittests\bin\x64\debug\net472\videoos.platform.sdk.unittests.dll" id="578ff933-7ee9-6ffc-c871-a9d0960055b8">
      <Execution id="3b33bbf4-bb06-4aa2-8bf9-072f37c6d464" />
      <TestMethod codeBase="D:\actions-runner\_work\XPCO\XPCO\MIP\MIPSDK\tst\VideoOS.Platform.SDK.UnitTests\bin\x64\Debug\net472\VideoOS.Platform.SDK.UnitTests.dll" adapterTypeName="executor://mstestadapter/v2" className="VideoOS.Platform.SDKUnittest.Configuration.XpcoConfigurationTest" name="XpcoLoginAndGetConfguration" />
    </UnitTest>
    <UnitTest name="Remove_WhenBasicUser_RemovesWithBasicAuth" storage="d:\actions-runner\_work\xpco\xpco\mip\mipsdk\tst\videoos.platform.sdk.unittests\bin\x64\debug\net472\videoos.platform.sdk.unittests.dll" id="9af294cd-fee0-58b0-3d1f-b496c687f868">
      <Execution id="c6577a04-aa74-4f79-9ccf-e17331181cf9" />
      <TestMethod codeBase="D:\actions-runner\_work\XPCO\XPCO\MIP\MIPSDK\tst\VideoOS.Platform.SDK.UnitTests\bin\x64\Debug\net472\VideoOS.Platform.SDK.UnitTests.dll" adapterTypeName="executor://mstestadapter/v2" className="VideoOS.Platform.SDKUnittest.PlatformTests.CredentialCacheServiceTest" name="Remove_WhenBasicUser_RemovesWithBasicAuth" />
    </UnitTest>
    <UnitTest name="PlaybackStop_ConnectedAndPlayingPlayback_DelegatesCallsToToolkit" storage="d:\actions-runner\_work\xpco\xpco\mip\mipsdk\tst\videoos.platform.sdk.unittests\bin\x64\debug\net472\videoos.platform.sdk.unittests.dll" id="eeca07d2-7091-cff0-76b8-61f9e4981fb9">
      <TestCategory>
        <TestCategoryItem TestCategory="NAudioPlayerComponent" />
      </TestCategory>
      <Execution id="1931041b-b53e-4a25-a832-f27239d1b605" />
      <TestMethod codeBase="D:\actions-runner\_work\XPCO\XPCO\MIP\MIPSDK\tst\VideoOS.Platform.SDK.UnitTests\bin\x64\Debug\net472\VideoOS.Platform.SDK.UnitTests.dll" adapterTypeName="executor://mstestadapter/v2" className="VideoOS.Platform.SDKUnittest.Audio.NAudioPlayerComponentTest" name="PlaybackStop_ConnectedAndPlayingPlayback_DelegatesCallsToToolkit" />
    </UnitTest>
    <UnitTest name="XpcoSiteInfoUri" storage="d:\actions-runner\_work\xpco\xpco\mip\mipsdk\tst\videoos.platform.sdk.unittests\bin\x64\debug\net472\videoos.platform.sdk.unittests.dll" id="6e531b1c-7ba0-4ec7-9a5b-ff77c5daf1ae">
      <Execution id="f05bd91f-0c6f-45b5-8ccf-808c73fe2e77" />
      <TestMethod codeBase="D:\actions-runner\_work\XPCO\XPCO\MIP\MIPSDK\tst\VideoOS.Platform.SDK.UnitTests\bin\x64\Debug\net472\VideoOS.Platform.SDK.UnitTests.dll" adapterTypeName="executor://mstestadapter/v2" className="VideoOS.Platform.SDKUnittest.EnvironmentTests.MultiUserEnvironmentTests" name="XpcoSiteInfoUri" />
    </UnitTest>
    <UnitTest name="XpcoLoginAndGetConfguration" storage="d:\actions-runner\_work\xpco\xpco\mip\mipsdk\tst\videoos.platform.sdk.unittests\bin\x64\debug\net472\videoos.platform.sdk.unittests.dll" id="c49e78b9-66ce-7f33-7d97-f70d020ce9e7">
      <Execution id="d0ad6944-d6a1-4cff-9ea3-c9cc9133d01e" />
      <TestMethod codeBase="D:\actions-runner\_work\XPCO\XPCO\MIP\MIPSDK\tst\VideoOS.Platform.SDK.UnitTests\bin\x64\Debug\net472\VideoOS.Platform.SDK.UnitTests.dll" adapterTypeName="executor://mstestadapter/v2" className="VideoOS.Platform.SDKUnittest.EnvironmentTests.MessageTests" name="XpcoLoginAndGetConfguration" />
    </UnitTest>
    <UnitTest name="Disconnect_Connected_DisconnectsAudioToolkit" storage="d:\actions-runner\_work\xpco\xpco\mip\mipsdk\tst\videoos.platform.sdk.unittests\bin\x64\debug\net472\videoos.platform.sdk.unittests.dll" id="25427a6e-425e-4512-33a3-c00f4877572d">
      <TestCategory>
        <TestCategoryItem TestCategory="NAudioPlayerComponent" />
      </TestCategory>
      <Execution id="39cc9c44-1b8a-428f-ad4e-139398e614cd" />
      <TestMethod codeBase="D:\actions-runner\_work\XPCO\XPCO\MIP\MIPSDK\tst\VideoOS.Platform.SDK.UnitTests\bin\x64\Debug\net472\VideoOS.Platform.SDK.UnitTests.dll" adapterTypeName="executor://mstestadapter/v2" className="VideoOS.Platform.SDKUnittest.Audio.NAudioPlayerComponentTest" name="Disconnect_Connected_DisconnectsAudioToolkit" />
    </UnitTest>
    <UnitTest name="TryCreateParentUri_WhenSecondUrlKeyPresent_ReturnsIt" storage="d:\actions-runner\_work\xpco\xpco\mip\mipsdk\tst\videoos.platform.sdk.unittests\bin\x64\debug\net472\videoos.platform.sdk.unittests.dll" id="c6c8e4f0-4405-665a-2542-a321d8677d46">
      <Execution id="4214edf6-6c26-48ca-8edf-cdbc645ee764" />
      <TestMethod codeBase="D:\actions-runner\_work\XPCO\XPCO\MIP\MIPSDK\tst\VideoOS.Platform.SDK.UnitTests\bin\x64\Debug\net472\VideoOS.Platform.SDK.UnitTests.dll" adapterTypeName="executor://mstestadapter/v2" className="VideoOS.Platform.SDKUnittest.PlatformTests.CredentialCacheServiceTest" name="TryCreateParentUri_WhenSecondUrlKeyPresent_ReturnsIt" />
    </UnitTest>
    <UnitTest name="XpcoIdentificationAndLoginSuccess" storage="d:\actions-runner\_work\xpco\xpco\mip\mipsdk\tst\videoos.platform.sdk.unittests\bin\x64\debug\net472\videoos.platform.sdk.unittests.dll" id="60409c99-de38-bfcd-7919-8dbdd2d23a16">
      <Execution id="2130360c-ec1f-4e2e-9fb4-531a5bcb65d2" />
      <TestMethod codeBase="D:\actions-runner\_work\XPCO\XPCO\MIP\MIPSDK\tst\VideoOS.Platform.SDK.UnitTests\bin\x64\Debug\net472\VideoOS.Platform.SDK.UnitTests.dll" adapterTypeName="executor://mstestadapter/v2" className="VideoOS.Platform.SDKUnittest.Configuration.XpcoConfigurationTest" name="XpcoIdentificationAndLoginSuccess" />
    </UnitTest>
    <UnitTest name="Disconnect_NotConnected_DoesNothing" storage="d:\actions-runner\_work\xpco\xpco\mip\mipsdk\tst\videoos.platform.sdk.unittests\bin\x64\debug\net472\videoos.platform.sdk.unittests.dll" id="abb380df-0143-5b3d-b581-a7e745551e8c">
      <TestCategory>
        <TestCategoryItem TestCategory="NAudioPlayerComponent" />
      </TestCategory>
      <Execution id="85e45213-7be8-400c-a3f5-9d50b0c68734" />
      <TestMethod codeBase="D:\actions-runner\_work\XPCO\XPCO\MIP\MIPSDK\tst\VideoOS.Platform.SDK.UnitTests\bin\x64\Debug\net472\VideoOS.Platform.SDK.UnitTests.dll" adapterTypeName="executor://mstestadapter/v2" className="VideoOS.Platform.SDKUnittest.Audio.NAudioPlayerComponentTest" name="Disconnect_NotConnected_DoesNothing" />
    </UnitTest>
    <UnitTest name="Givent_MessageContainingEventWithData_When_CallingGetDataOfInCorrectTypeThatIsNotSeserializable_Then_MipExceptionIsThrown" storage="d:\actions-runner\_work\xpco\xpco\mip\mipsdk\tst\videoos.platform.sdk.unittests\bin\x64\debug\net472\videoos.platform.sdk.unittests.dll" id="853af3f4-f013-afe1-e51f-9f0386bea5b2">
      <Execution id="244602d5-9092-4a4f-b970-6f1531bbe263" />
      <TestMethod codeBase="D:\actions-runner\_work\XPCO\XPCO\MIP\MIPSDK\tst\VideoOS.Platform.SDK.UnitTests\bin\x64\Debug\net472\VideoOS.Platform.SDK.UnitTests.dll" adapterTypeName="executor://mstestadapter/v2" className="VideoOS.Platform.SDKUnittest.EventsAndState.SerializationTests" name="Givent_MessageContainingEventWithData_When_CallingGetDataOfInCorrectTypeThatIsNotSeserializable_Then_MipExceptionIsThrown" />
    </UnitTest>
  </TestDefinitions>
  <TestEntries>
    <TestEntry testId="c9e3fbeb-75b1-7c7b-7b60-e4644d8dd577" executionId="c3f7042c-fb0f-44da-a159-fadbb4c10c68" testListId="8c84fa94-04c1-424b-9868-57a2d4851a1d" />
    <TestEntry testId="c46fb142-69b0-d140-f581-d0b790df6efa" executionId="965b56f5-96a2-4987-9234-5dd49f905257" testListId="8c84fa94-04c1-424b-9868-57a2d4851a1d" />
    <TestEntry testId="da0d6c3d-ad33-93ae-336e-57f6ca95658e" executionId="8af6ce01-b0d2-4dec-8066-9512da9908cc" testListId="8c84fa94-04c1-424b-9868-57a2d4851a1d" />
    <TestEntry testId="704ef10a-b575-fe4f-2673-b021ecba942f" executionId="cc32682e-0185-4278-a921-b7b4dc67dd68" testListId="8c84fa94-04c1-424b-9868-57a2d4851a1d" />
    <TestEntry testId="1e673d72-09b3-76fe-7a9c-ca4edce9473e" executionId="a6ce754c-ba99-405a-82d4-197d77387d13" testListId="8c84fa94-04c1-424b-9868-57a2d4851a1d" />
    <TestEntry testId="2103768b-e3ae-bb7b-a558-43eb22b0beac" executionId="499dd1cd-e87f-4050-b984-5edb6d31dc07" testListId="8c84fa94-04c1-424b-9868-57a2d4851a1d" />
    <TestEntry testId="0762669f-0ef8-d6fa-dd94-0659f0ba0a43" executionId="a282d05e-2aab-4c68-9908-71a161ab5388" testListId="8c84fa94-04c1-424b-9868-57a2d4851a1d" />
    <TestEntry testId="4dfbe4c0-1bce-f685-302b-c39ffaaec33c" executionId="fb51340b-853c-4324-9b05-7af79bbee63a" testListId="8c84fa94-04c1-424b-9868-57a2d4851a1d" />
    <TestEntry testId="8c87c707-72c3-2fe1-cc37-40bdc36a6ffa" executionId="b403bcb1-95c2-4a38-a8c5-846aba60b759" testListId="8c84fa94-04c1-424b-9868-57a2d4851a1d" />
    <TestEntry testId="12830b4f-7828-9fc9-0289-1b8030e1633a" executionId="ca0b9737-418a-4688-bdd9-e2db9864c76d" testListId="8c84fa94-04c1-424b-9868-57a2d4851a1d" />
    <TestEntry testId="10274018-72a2-7e54-f67f-3e3dab8a3913" executionId="14c908e0-df35-4ed3-b2f7-0906e44936a1" testListId="8c84fa94-04c1-424b-9868-57a2d4851a1d" />
    <TestEntry testId="729fea51-614b-2ba9-1dd4-6b49891d7c46" executionId="530474ea-d7b2-4e9f-a36f-c9e349295401" testListId="8c84fa94-04c1-424b-9868-57a2d4851a1d" />
    <TestEntry testId="9a32c8de-c721-c8df-01b2-8fdff9dd18ca" executionId="2c58402c-f679-4b7e-bf1c-4304b4680dff" testListId="8c84fa94-04c1-424b-9868-57a2d4851a1d" />
    <TestEntry testId="5456b4a7-0c13-564f-de65-ea8a9df057cb" executionId="a2b07b39-e4c0-41b2-9648-efeedf2b4a0d" testListId="8c84fa94-04c1-424b-9868-57a2d4851a1d" />
    <TestEntry testId="0bbb508b-fd28-af7a-61a4-81cd8ad41d08" executionId="02648623-0a4e-408f-bf72-fae9ee4cbb0b" testListId="8c84fa94-04c1-424b-9868-57a2d4851a1d" />
    <TestEntry testId="d19447d6-1286-80a0-b9eb-927576af8553" executionId="9312bd07-60a8-459e-a24a-b5bd34e34b08" testListId="8c84fa94-04c1-424b-9868-57a2d4851a1d" />
    <TestEntry testId="578ff933-7ee9-6ffc-c871-a9d0960055b8" executionId="3b33bbf4-bb06-4aa2-8bf9-072f37c6d464" testListId="8c84fa94-04c1-424b-9868-57a2d4851a1d" />
    <TestEntry testId="23cb9265-dcc3-9671-caf3-1996fff5aba1" executionId="beff9868-d9c4-40bf-a390-732bda432702" testListId="8c84fa94-04c1-424b-9868-57a2d4851a1d" />
    <TestEntry testId="f71a8f3c-6ec8-1514-8d34-be3746728018" executionId="68fdc29e-5c23-47b9-90a9-5462e33283cd" testListId="8c84fa94-04c1-424b-9868-57a2d4851a1d" />
    <TestEntry testId="385258c3-bf69-84a9-6b96-32d51034c910" executionId="911e933c-3353-43de-b44a-bd83201a985f" testListId="8c84fa94-04c1-424b-9868-57a2d4851a1d" />
    <TestEntry testId="6e531b1c-7ba0-4ec7-9a5b-ff77c5daf1ae" executionId="f05bd91f-0c6f-45b5-8ccf-808c73fe2e77" testListId="8c84fa94-04c1-424b-9868-57a2d4851a1d" />
    <TestEntry testId="21868baf-ff05-ff85-7303-76deb1e29922" executionId="784775cf-1449-40a7-b85a-3a2d0f9fb211" testListId="8c84fa94-04c1-424b-9868-57a2d4851a1d" />
    <TestEntry testId="27438331-c0fe-4d15-65b5-fb3f4b12375a" executionId="8b59e75f-2f08-4e4a-9efc-c9a58314067a" testListId="8c84fa94-04c1-424b-9868-57a2d4851a1d" />
    <TestEntry testId="1444c9ca-e73b-a5e6-f01f-53b0839e824f" executionId="509bd56a-cbd5-4324-b0c7-1df1a4f7fd62" testListId="8c84fa94-04c1-424b-9868-57a2d4851a1d" />
    <TestEntry testId="7fe1ef40-9ce0-1e32-d490-dcfb0a7df207" executionId="9939fd25-f05f-4449-a364-5ce6f828dfe0" testListId="8c84fa94-04c1-424b-9868-57a2d4851a1d" />
    <TestEntry testId="92a0043a-eb95-e604-ef36-165e1d731356" executionId="af006079-afec-4ecd-acac-fdd07f682abc" testListId="8c84fa94-04c1-424b-9868-57a2d4851a1d" />
    <TestEntry testId="2282d201-fae3-68ca-fb9b-da7ba770e221" executionId="ae217538-d748-4f12-892f-ae6d249daa23" testListId="8c84fa94-04c1-424b-9868-57a2d4851a1d" />
    <TestEntry testId="7ab3ecbd-68d0-4cbf-9bde-72fb304bcae6" executionId="d30afa3c-fa00-4730-8604-df1b227d04e2" testListId="8c84fa94-04c1-424b-9868-57a2d4851a1d" />
    <TestEntry testId="3512c4ea-c42c-dc19-86d1-3085820f9234" executionId="e377f20d-a486-4de6-bba9-500620c17092" testListId="8c84fa94-04c1-424b-9868-57a2d4851a1d" />
    <TestEntry testId="5519d1bd-8158-0fd7-095a-0bdee9a3940c" executionId="e2ccd35f-11bb-4b35-a50e-d15ba7b104b9" testListId="8c84fa94-04c1-424b-9868-57a2d4851a1d" />
    <TestEntry testId="e7459368-bf71-df4a-32b1-79ab60633652" executionId="e44e1075-5f60-47ab-bef1-ecf44d68fadc" testListId="8c84fa94-04c1-424b-9868-57a2d4851a1d" />
    <TestEntry testId="4775d5be-0ebd-4836-7626-4829a69cf7bb" executionId="0339bff7-30cd-45b1-bab2-69da10fd1d74" testListId="8c84fa94-04c1-424b-9868-57a2d4851a1d" />
    <TestEntry testId="c3573399-21f3-d171-85a6-ea212493cb14" executionId="cff8c21f-1ceb-4051-9a28-62560147881f" testListId="8c84fa94-04c1-424b-9868-57a2d4851a1d" />
    <TestEntry testId="3fc2f323-2eb1-98df-4545-bd5563c5cdc9" executionId="5b62c187-a31f-4118-86ef-5d6f60588780" testListId="8c84fa94-04c1-424b-9868-57a2d4851a1d" />
    <TestEntry testId="05f781d9-9be7-1af3-c443-40faaa2345fc" executionId="a06172fa-3fad-44a3-bb8e-7ac432db5765" testListId="8c84fa94-04c1-424b-9868-57a2d4851a1d" />
    <TestEntry testId="da1dce8b-3a10-e5c9-618b-cbfea5058c69" executionId="9b724ea5-9463-4d51-8169-d4a0c89fcc16" testListId="8c84fa94-04c1-424b-9868-57a2d4851a1d" />
    <TestEntry testId="6921a09d-04ff-2013-2cd1-d68e7b47c780" executionId="d3a6d84d-654f-4b46-bdc9-e7825e1f154e" testListId="8c84fa94-04c1-424b-9868-57a2d4851a1d" />
    <TestEntry testId="3ef0c418-2089-c3e6-4e94-e0341e36e810" executionId="c9ca2030-0098-4339-a737-682b5dddc885" testListId="8c84fa94-04c1-424b-9868-57a2d4851a1d" />
    <TestEntry testId="7c7003ad-ad8b-027f-7da8-4c4339185c93" executionId="3dca9554-0087-4e4d-9369-d67fb12d8cc4" testListId="8c84fa94-04c1-424b-9868-57a2d4851a1d" />
    <TestEntry testId="a3bd6fcc-4145-24ec-1080-3545ed86b8b7" executionId="99627a07-7341-4a47-baa6-d0fb8b6dd9f7" testListId="8c84fa94-04c1-424b-9868-57a2d4851a1d" />
    <TestEntry testId="6e75c7b2-82c6-9596-e538-6098a4826ccc" executionId="0fbdfe94-9bb4-4f99-a793-99210eaab448" testListId="8c84fa94-04c1-424b-9868-57a2d4851a1d" />
    <TestEntry testId="f1181353-771a-42f2-9df1-c384eac48176" executionId="f715ec8b-c37d-4841-bab3-84cbee6c1757" testListId="8c84fa94-04c1-424b-9868-57a2d4851a1d" />
    <TestEntry testId="abb380df-0143-5b3d-b581-a7e745551e8c" executionId="85e45213-7be8-400c-a3f5-9d50b0c68734" testListId="8c84fa94-04c1-424b-9868-57a2d4851a1d" />
    <TestEntry testId="14ccb560-6f46-d233-ecde-9735c641af80" executionId="46e2b100-8e27-41ff-bb70-88e3e38906be" testListId="8c84fa94-04c1-424b-9868-57a2d4851a1d" />
    <TestEntry testId="00962e3e-83d9-46ce-082c-5ce3071a9a13" executionId="29a11825-08af-4ca1-9fa7-09b5b3091f99" testListId="8c84fa94-04c1-424b-9868-57a2d4851a1d" />
    <TestEntry testId="b0b9d0a0-9158-c0ad-cbda-c08da553577d" executionId="89bbcb47-816c-4a89-b182-3c4b6ca83cb5" testListId="8c84fa94-04c1-424b-9868-57a2d4851a1d" />
    <TestEntry testId="e0a5e776-29a3-f806-618e-c50f5461dfdb" executionId="9b4ccf81-0021-4c22-97dd-924fcf6ec2e4" testListId="8c84fa94-04c1-424b-9868-57a2d4851a1d" />
    <TestEntry testId="d389fe94-fff2-4d0c-61e3-1873fab89725" executionId="791cb6d4-7248-4464-a4af-f873f7ad1477" testListId="8c84fa94-04c1-424b-9868-57a2d4851a1d" />
    <TestEntry testId="15ad8216-9c14-c256-63f8-389788086f93" executionId="c3d014af-a710-4e54-8743-d57d8941eb3b" testListId="8c84fa94-04c1-424b-9868-57a2d4851a1d" />
    <TestEntry testId="23b8a97d-73db-ca9d-ee8d-e27bad17d5d3" executionId="ae372fed-f327-4b38-a342-6f775a867f15" testListId="8c84fa94-04c1-424b-9868-57a2d4851a1d" />
    <TestEntry testId="ffdb0d83-235f-7713-020c-369ea19b66a1" executionId="24f05b06-0bba-458b-a963-d7d85ce7e5bd" testListId="8c84fa94-04c1-424b-9868-57a2d4851a1d" />
    <TestEntry testId="8bf87499-b2a7-b230-9a08-9f844ded294c" executionId="52e0d9fe-eeb3-4b80-b355-1990b6887a9c" testListId="8c84fa94-04c1-424b-9868-57a2d4851a1d" />
    <TestEntry testId="dd33ce32-62c4-dfb3-4f9b-fce87ba0013c" executionId="ec4d656e-68fb-429e-99cc-95b1686663d6" testListId="8c84fa94-04c1-424b-9868-57a2d4851a1d" />
    <TestEntry testId="5ca6c285-b0f8-2ebf-22ac-22244ebbf44b" executionId="884fb7ba-5dd6-46a9-87f7-920fa26dafe3" testListId="8c84fa94-04c1-424b-9868-57a2d4851a1d" />
    <TestEntry testId="00438590-3f13-5776-381f-1df4bd82c07f" executionId="6385106f-5d34-47e5-bb3c-3879066af041" testListId="8c84fa94-04c1-424b-9868-57a2d4851a1d" />
    <TestEntry testId="ae1a8ec4-a4d5-6c99-ef64-cbab96674e4c" executionId="abd8d211-db87-42d2-b8c4-68e66b5f5b06" testListId="8c84fa94-04c1-424b-9868-57a2d4851a1d" />
    <TestEntry testId="08174d10-eed4-6921-ad50-4948b695fb55" executionId="511eb291-9e2e-4e83-aed0-ed30baa34b78" testListId="8c84fa94-04c1-424b-9868-57a2d4851a1d" />
    <TestEntry testId="2509f740-7111-f1e6-910d-8d9558b1e027" executionId="fdb763ea-cbb5-4d2e-a348-94609486c71d" testListId="8c84fa94-04c1-424b-9868-57a2d4851a1d" />
    <TestEntry testId="5db9cdb8-0fa4-0c5c-b336-2c08e8318f3a" executionId="8358a1c7-5cb7-4f5f-91bc-2b3cf8496220" testListId="8c84fa94-04c1-424b-9868-57a2d4851a1d" />
    <TestEntry testId="83cbf933-84bf-7103-92a3-8f3ecb1d233c" executionId="e5177652-9adf-4417-ba3b-2ad28aba7f45" testListId="8c84fa94-04c1-424b-9868-57a2d4851a1d" />
    <TestEntry testId="ee90d5bb-7cd0-4c31-23ba-b62d71f38c15" executionId="8d47572c-6f12-440b-8f50-07cc810bab49" testListId="8c84fa94-04c1-424b-9868-57a2d4851a1d" />
    <TestEntry testId="f830c93a-4e43-13d6-c3ab-367476959177" executionId="56d20a38-7061-43cb-86c7-601163739a49" testListId="8c84fa94-04c1-424b-9868-57a2d4851a1d" />
    <TestEntry testId="4592a7b7-193a-d11d-ddb3-2a2e9e4e2370" executionId="1082efa3-466e-4466-8d18-9291e2d7d037" testListId="8c84fa94-04c1-424b-9868-57a2d4851a1d" />
    <TestEntry testId="ca527ff0-e8d3-ed62-5f44-c8e5eb7d34bb" executionId="c7010e68-d298-410f-80f4-2e72fc7ce940" testListId="8c84fa94-04c1-424b-9868-57a2d4851a1d" />
    <TestEntry testId="9af294cd-fee0-58b0-3d1f-b496c687f868" executionId="c6577a04-aa74-4f79-9ccf-e17331181cf9" testListId="8c84fa94-04c1-424b-9868-57a2d4851a1d" />
    <TestEntry testId="e2220ea1-70c7-777c-8e0a-b82f127b0354" executionId="3adbd361-6f8b-4d80-87fe-278b9fe0eadf" testListId="8c84fa94-04c1-424b-9868-57a2d4851a1d" />
    <TestEntry testId="f232c283-5c67-bba8-153c-a9bb7624a0ae" executionId="809c991d-cd0b-4f8b-a9fd-06b707735d6e" testListId="8c84fa94-04c1-424b-9868-57a2d4851a1d" />
    <TestEntry testId="fb5100d5-9a8d-d95c-0716-79d1d251b3ac" executionId="af68ec11-0adc-4272-9ee2-8ce9ada9acc1" testListId="8c84fa94-04c1-424b-9868-57a2d4851a1d" />
    <TestEntry testId="17db813c-1206-cc8b-2aec-429272188567" executionId="1c1fd226-3e2a-466d-858d-7185d48fb166" testListId="8c84fa94-04c1-424b-9868-57a2d4851a1d" />
    <TestEntry testId="29d47194-990a-053d-d2b1-814ca76f50ce" executionId="1ae76225-0e32-4f70-adac-8711aa019f2b" testListId="8c84fa94-04c1-424b-9868-57a2d4851a1d" />
    <TestEntry testId="f9063bff-e7ba-c028-46f9-189d14a707c0" executionId="049bb398-cd77-4ce7-8acb-9e8a7f304519" testListId="8c84fa94-04c1-424b-9868-57a2d4851a1d" />
    <TestEntry testId="99f228e6-630e-dc8e-e51f-6fbc781ddda8" executionId="5fab11a1-d349-4530-81e0-c38553357def" testListId="8c84fa94-04c1-424b-9868-57a2d4851a1d" />
    <TestEntry testId="4c36fbe1-f8de-13b2-bcb1-e7ce9596a021" executionId="ad6eef00-abc0-40ce-aefa-48e233db5f8a" testListId="8c84fa94-04c1-424b-9868-57a2d4851a1d" />
    <TestEntry testId="9e508b96-cfd4-c55d-5eaa-c8158310f114" executionId="3b63e5aa-34d2-45c1-83ee-53c79a294246" testListId="8c84fa94-04c1-424b-9868-57a2d4851a1d" />
    <TestEntry testId="4c636ed3-7a97-56f4-5f09-90e82a59bb70" executionId="d9f5d873-70c9-403f-b443-05d10433733b" testListId="8c84fa94-04c1-424b-9868-57a2d4851a1d" />
    <TestEntry testId="6afb3563-c986-73d9-429e-d345f8912c2c" executionId="4362b4fb-bad6-47cf-8f18-4047b5fa24a6" testListId="8c84fa94-04c1-424b-9868-57a2d4851a1d" />
    <TestEntry testId="55eddf56-140c-fc12-8881-b40e3de6fdf2" executionId="6f0f7f9d-d6df-42b3-8dbc-807f3300181f" testListId="8c84fa94-04c1-424b-9868-57a2d4851a1d" />
    <TestEntry testId="2cd289e6-be4f-74c1-cee0-00532b6125f7" executionId="001cdabb-41e5-409c-ad49-3913111b2bfe" testListId="8c84fa94-04c1-424b-9868-57a2d4851a1d" />
    <TestEntry testId="3b02602f-f204-4a9f-ecbf-a1d700af8e33" executionId="f8042861-34b5-4158-8b1a-5490f9f9d2b1" testListId="8c84fa94-04c1-424b-9868-57a2d4851a1d" />
    <TestEntry testId="e5fc20b5-92e7-3e56-1ed6-e269e15a74db" executionId="0fdd7b01-418d-41a7-a2f3-6f730a2436bf" testListId="8c84fa94-04c1-424b-9868-57a2d4851a1d" />
    <TestEntry testId="517e0e3b-7634-80b0-69a7-bd9c7f21e593" executionId="925c5a9e-0392-44e3-918e-a46494746f3b" testListId="8c84fa94-04c1-424b-9868-57a2d4851a1d" />
    <TestEntry testId="892ffa70-f349-35d4-9ae8-df9e08b6a0a5" executionId="f7554434-53f3-4d40-acab-6e3cb4f3343f" testListId="8c84fa94-04c1-424b-9868-57a2d4851a1d" />
    <TestEntry testId="638fe5d5-83ae-859e-df2b-f9eef240ca6f" executionId="30deb2b5-9245-480b-b47e-783910bb25ba" testListId="8c84fa94-04c1-424b-9868-57a2d4851a1d" />
    <TestEntry testId="eee97d95-67c8-3d03-776d-c5c6f362f535" executionId="4580bf89-3bfc-4b7a-9689-4b61ee663d9d" testListId="8c84fa94-04c1-424b-9868-57a2d4851a1d" />
    <TestEntry testId="52b4d95e-92b1-ab9e-b0b4-d924fa19acdb" executionId="708b3105-e936-4d12-89b9-13b4d4e471d9" testListId="8c84fa94-04c1-424b-9868-57a2d4851a1d" />
    <TestEntry testId="c99c839d-4d5b-c45c-4faf-632197d463b3" executionId="760d93ed-ee0f-4c44-843a-f6ba43d7a11d" testListId="8c84fa94-04c1-424b-9868-57a2d4851a1d" />
    <TestEntry testId="b42b975b-0563-7dc6-8812-756fcc2bafe7" executionId="f29b0340-9161-46ba-8e5d-be262cd426c7" testListId="8c84fa94-04c1-424b-9868-57a2d4851a1d" />
    <TestEntry testId="b83b8ad4-ac25-cb04-0854-f08db09e6b81" executionId="d3f41c00-c6ce-43b8-b5ee-1837b5b7a514" testListId="8c84fa94-04c1-424b-9868-57a2d4851a1d" />
    <TestEntry testId="09fc8d6b-6a94-4ed4-f299-82508673b16a" executionId="75144f11-17ad-46c3-87a2-f08dbae7cf77" testListId="8c84fa94-04c1-424b-9868-57a2d4851a1d" />
    <TestEntry testId="b2e4eadd-d448-b487-733b-d5563cb70924" executionId="dbc4e3bf-9d45-4309-934c-eb45f04cc12d" testListId="8c84fa94-04c1-424b-9868-57a2d4851a1d" />
    <TestEntry testId="56cbaa9d-4f02-3ab9-a0f7-ef1ee9ad216c" executionId="1d418c77-297e-4a83-8a4d-04d2c7bd27a3" testListId="8c84fa94-04c1-424b-9868-57a2d4851a1d" />
    <TestEntry testId="1898017e-0a0a-9fff-c891-5b794811d9ca" executionId="58e88658-664a-4606-b157-fa97a603cdbf" testListId="8c84fa94-04c1-424b-9868-57a2d4851a1d" />
    <TestEntry testId="0692d415-cb51-e036-3177-b14298f4c3a2" executionId="1e70f415-adc6-46b3-914d-4f8cbd084346" testListId="8c84fa94-04c1-424b-9868-57a2d4851a1d" />
    <TestEntry testId="3795da59-268b-cf4c-19da-1cfedc7c684a" executionId="77540ba8-d785-4a4b-9a55-e750144ece83" testListId="8c84fa94-04c1-424b-9868-57a2d4851a1d" />
    <TestEntry testId="207a3d78-df6f-77e7-ea7b-416c6af70bf7" executionId="27cda969-cca3-478d-8788-228af7088672" testListId="8c84fa94-04c1-424b-9868-57a2d4851a1d" />
    <TestEntry testId="1731feec-b95b-cd41-dc58-17e0973fdc80" executionId="63844395-2cc2-40c7-ac8b-4b01a1156a87" testListId="8c84fa94-04c1-424b-9868-57a2d4851a1d" />
    <TestEntry testId="fc1cab11-50e0-2822-11d6-8684a843d351" executionId="2ff6d651-337f-4849-bb41-db9183da9790" testListId="8c84fa94-04c1-424b-9868-57a2d4851a1d" />
    <TestEntry testId="25427a6e-425e-4512-33a3-c00f4877572d" executionId="39cc9c44-1b8a-428f-ad4e-139398e614cd" testListId="8c84fa94-04c1-424b-9868-57a2d4851a1d" />
    <TestEntry testId="e630de82-fafd-ad10-afe7-e93e9dd1df87" executionId="147cec04-2949-4ee5-b85d-22f0cb0d3128" testListId="8c84fa94-04c1-424b-9868-57a2d4851a1d" />
    <TestEntry testId="a251cec6-75d2-c3ac-bfd1-10289d5753e0" executionId="5b383e72-2515-463a-9854-e15bf7ab5c81" testListId="8c84fa94-04c1-424b-9868-57a2d4851a1d" />
    <TestEntry testId="f4f1f3cd-b04f-c623-3d30-8c01b6f83066" executionId="93bdc552-4279-4eee-bc6a-a6f72251d155" testListId="8c84fa94-04c1-424b-9868-57a2d4851a1d" />
    <TestEntry testId="96c1c139-ef84-2793-7b75-ec53f5430e80" executionId="247d3104-ba62-4c4f-9d8c-b0111b31d032" testListId="8c84fa94-04c1-424b-9868-57a2d4851a1d" />
    <TestEntry testId="48cf9cec-86cd-b055-9df4-4490d5d29676" executionId="5c2284a1-b660-4b0d-806c-7c852c2fc401" testListId="8c84fa94-04c1-424b-9868-57a2d4851a1d" />
    <TestEntry testId="c6c8e4f0-4405-665a-2542-a321d8677d46" executionId="4214edf6-6c26-48ca-8edf-cdbc645ee764" testListId="8c84fa94-04c1-424b-9868-57a2d4851a1d" />
    <TestEntry testId="4bb35674-bcae-db3f-8d79-6da9552ffd66" executionId="c2fc4383-be94-41a1-9436-dff9eacaba7a" testListId="8c84fa94-04c1-424b-9868-57a2d4851a1d" />
    <TestEntry testId="c7cfb557-b7c6-e2f2-6240-c10413062e2b" executionId="097c6a08-fbc6-4305-a726-e8722a4dce61" testListId="8c84fa94-04c1-424b-9868-57a2d4851a1d" />
    <TestEntry testId="8dfedf8d-5ced-b051-67b1-f21d8190aa73" executionId="4eaa4a46-b255-44b7-b67b-09eb227bf1a7" testListId="8c84fa94-04c1-424b-9868-57a2d4851a1d" />
    <TestEntry testId="346fbfa0-3649-8251-d8d1-a07b030b1578" executionId="e125aa0f-dba8-4ae4-a339-3459d7f475a9" testListId="8c84fa94-04c1-424b-9868-57a2d4851a1d" />
    <TestEntry testId="b302fa2d-031c-4f71-4afe-c81ca1b4659c" executionId="5f3c7645-e6e8-4491-bfc6-fa92e2764679" testListId="8c84fa94-04c1-424b-9868-57a2d4851a1d" />
    <TestEntry testId="ed60ffe8-498e-b9e0-cb5e-701cf0899e33" executionId="0258f67e-14cb-46d5-8a93-9022593b3802" testListId="8c84fa94-04c1-424b-9868-57a2d4851a1d" />
    <TestEntry testId="c903125e-f7c2-67eb-8a1a-5d7644a51082" executionId="2e93d871-ab7d-40b5-9db0-561c8f2b8bb8" testListId="8c84fa94-04c1-424b-9868-57a2d4851a1d" />
    <TestEntry testId="5c75fd4c-e523-4c4d-59cb-37282a3e3596" executionId="3700334e-c044-45e8-8d23-11feda2f0c14" testListId="8c84fa94-04c1-424b-9868-57a2d4851a1d" />
    <TestEntry testId="a8f489fb-4bcd-8cf4-eb18-2db2a9c9dea0" executionId="8147e255-9a01-448d-b3e8-83b4b0055c6b" testListId="8c84fa94-04c1-424b-9868-57a2d4851a1d" />
    <TestEntry testId="c0865429-3866-2dd1-bc73-a54af982297e" executionId="084efe03-5da7-4616-886d-2ac70ddc3a35" testListId="8c84fa94-04c1-424b-9868-57a2d4851a1d" />
    <TestEntry testId="bc335d91-1297-3bd7-e46e-c0c3ae74878f" executionId="4f834a60-6b8d-47c2-a75e-a4b1dd50ac18" testListId="8c84fa94-04c1-424b-9868-57a2d4851a1d" />
    <TestEntry testId="2f9fe530-9f9a-4708-4a26-7c6564c4fadd" executionId="b83c2f8d-e21e-4e12-8baf-85c71354b5b5" testListId="8c84fa94-04c1-424b-9868-57a2d4851a1d" />
    <TestEntry testId="9855177d-3c89-e00d-59db-a565da891164" executionId="1bf1a2a0-1e61-4969-b886-9eab207d66ce" testListId="8c84fa94-04c1-424b-9868-57a2d4851a1d" />
    <TestEntry testId="e0c41eb4-ca64-4ddf-9983-492652c1f0d6" executionId="2afd99ca-1c10-4c44-b284-8c28fd5faebd" testListId="8c84fa94-04c1-424b-9868-57a2d4851a1d" />
    <TestEntry testId="2c92124b-c5f5-19a5-8432-332f4bcae799" executionId="02bceffb-72e4-4826-8045-4e0de51fb381" testListId="8c84fa94-04c1-424b-9868-57a2d4851a1d" />
    <TestEntry testId="0adf935d-caf6-29b9-4c8c-8321341fd342" executionId="bc618a3f-33f1-446c-bff9-82b61be5f724" testListId="8c84fa94-04c1-424b-9868-57a2d4851a1d" />
    <TestEntry testId="40843798-41bf-fb8a-959c-ba732aa831ed" executionId="9a4a37d1-a862-4d07-8cc6-bf5f30fdad02" testListId="8c84fa94-04c1-424b-9868-57a2d4851a1d" />
    <TestEntry testId="eeca07d2-7091-cff0-76b8-61f9e4981fb9" executionId="1931041b-b53e-4a25-a832-f27239d1b605" testListId="8c84fa94-04c1-424b-9868-57a2d4851a1d" />
    <TestEntry testId="dd88292e-70c4-42bd-a16e-4296bf8609a3" executionId="d848ea63-fec1-4162-ba9c-8785ba0b0b3b" testListId="8c84fa94-04c1-424b-9868-57a2d4851a1d" />
    <TestEntry testId="48cb99ba-5270-df3c-8533-76671ff09a4c" executionId="2c00e7f2-c8b3-43e9-97a7-cb16d4215216" testListId="8c84fa94-04c1-424b-9868-57a2d4851a1d" />
    <TestEntry testId="ccb2b6db-3973-b90d-56a9-3d38c12b2b8f" executionId="bda11c4d-36c8-4f11-b982-e6c817810efb" testListId="8c84fa94-04c1-424b-9868-57a2d4851a1d" />
    <TestEntry testId="b4915057-6c4f-8190-48c2-5491b3a35473" executionId="c55c27de-5824-4626-bd61-722fc169c095" testListId="8c84fa94-04c1-424b-9868-57a2d4851a1d" />
    <TestEntry testId="56d2e303-9191-fd62-30a9-ea9298b86cd6" executionId="52cc1a0b-63a0-48f2-9308-c5bdde5d9f55" testListId="8c84fa94-04c1-424b-9868-57a2d4851a1d" />
    <TestEntry testId="486bf095-ef80-8760-1ed9-25c366babe7b" executionId="6d813c22-fdd4-44dc-909d-91b89f2d2973" testListId="8c84fa94-04c1-424b-9868-57a2d4851a1d" />
    <TestEntry testId="9e96d681-4077-c58a-c79c-4c329c7488ff" executionId="9256bbe6-b837-43d0-8f53-27754672dc7c" testListId="8c84fa94-04c1-424b-9868-57a2d4851a1d" />
    <TestEntry testId="6d93dbe9-2cce-d9d5-7c9f-910853d500ab" executionId="7e4f8538-ca8b-4e3f-9ba7-4647f276e98f" testListId="8c84fa94-04c1-424b-9868-57a2d4851a1d" />
    <TestEntry testId="fbaf1dda-566e-cc79-d509-7e9e6a1689d9" executionId="1486c568-76b5-4450-abbb-a8852983213a" testListId="8c84fa94-04c1-424b-9868-57a2d4851a1d" />
    <TestEntry testId="85afdadd-d6c2-2083-0346-abf07f63d82d" executionId="58e0c2bc-7c60-48f5-bdef-92921a315057" testListId="8c84fa94-04c1-424b-9868-57a2d4851a1d" />
    <TestEntry testId="a48a4aa2-5c0d-5259-9846-1ccc3607484c" executionId="ef42faa5-8e5f-4e23-8074-e255809b8173" testListId="8c84fa94-04c1-424b-9868-57a2d4851a1d" />
    <TestEntry testId="8cf85ff1-edc7-caee-ed6c-a1ccfa277329" executionId="1a7339fc-654d-4db1-92fb-04b74e30f40c" testListId="8c84fa94-04c1-424b-9868-57a2d4851a1d" />
    <TestEntry testId="d9ca8b92-f19f-e9c9-3fff-9ecc10403148" executionId="1f5a37f8-def8-4429-8a63-1e6306aaf7eb" testListId="8c84fa94-04c1-424b-9868-57a2d4851a1d" />
    <TestEntry testId="e480450b-9f62-5e54-a1f5-cc1228ba5cde" executionId="34af6b15-09b7-4ff0-9b35-9e7c96720357" testListId="8c84fa94-04c1-424b-9868-57a2d4851a1d" />
    <TestEntry testId="28d03c63-4b7f-6f07-1925-95fd992db754" executionId="2f936bed-936b-4e23-975c-ff83963da597" testListId="8c84fa94-04c1-424b-9868-57a2d4851a1d" />
    <TestEntry testId="7c979667-6bd9-aaa8-412d-d36319ef5eef" executionId="c0fe07d7-0bb5-4079-89d7-014312577c52" testListId="8c84fa94-04c1-424b-9868-57a2d4851a1d" />
    <TestEntry testId="373252f1-976f-baf6-24a1-d0fc41da5a58" executionId="75e0b172-a70d-4178-b55d-23d71e4b4c32" testListId="8c84fa94-04c1-424b-9868-57a2d4851a1d" />
    <TestEntry testId="ffbbaaff-f4f0-e891-e766-d016df06c7aa" executionId="bf1dd181-029c-43a6-bd3b-aa2fc44ef1a8" testListId="8c84fa94-04c1-424b-9868-57a2d4851a1d" />
    <TestEntry testId="d0433bb2-5994-e95a-66cb-00cffc215684" executionId="4bbd39d7-cd4b-4bbb-9b29-f265e7eb2193" testListId="8c84fa94-04c1-424b-9868-57a2d4851a1d" />
    <TestEntry testId="a4c6d443-fa01-dcc3-6d3b-7e396f5ee185" executionId="c37df81b-9a99-4f9c-949f-31ec39067b47" testListId="8c84fa94-04c1-424b-9868-57a2d4851a1d" />
    <TestEntry testId="24f8123c-e826-303b-a65a-9364447f6890" executionId="068c3493-87be-4bc1-b1e1-2f83cdaf5a31" testListId="8c84fa94-04c1-424b-9868-57a2d4851a1d" />
    <TestEntry testId="4268d692-ba59-3896-72d4-485c21f3df3f" executionId="f1055bcb-0c70-4a9f-9e66-895031c32d0a" testListId="8c84fa94-04c1-424b-9868-57a2d4851a1d" />
    <TestEntry testId="42bdc251-86a2-3f22-7f1a-f6d4ae2e2647" executionId="6d44ae2a-fe8f-4d39-b6c8-f9557103d664" testListId="8c84fa94-04c1-424b-9868-57a2d4851a1d" />
    <TestEntry testId="6906b320-58cc-fbbb-8560-616a393b863e" executionId="485d4361-be2f-4dec-a57e-7758cfbfd890" testListId="8c84fa94-04c1-424b-9868-57a2d4851a1d" />
    <TestEntry testId="ae70990e-978a-6321-3b73-faa00506386d" executionId="d032e28b-2dd0-478e-a3da-fc663eab6cf8" testListId="8c84fa94-04c1-424b-9868-57a2d4851a1d" />
    <TestEntry testId="c7a3417f-3205-4b9e-be6a-d435c0a3e965" executionId="a5d1fabb-351e-4aa4-95a2-1717c3d86b8e" testListId="8c84fa94-04c1-424b-9868-57a2d4851a1d" />
    <TestEntry testId="77eef133-6232-6ffd-513d-bce5ef28eb6d" executionId="37f7c9bd-d026-49ce-aafc-3d79277e1d63" testListId="8c84fa94-04c1-424b-9868-57a2d4851a1d" />
    <TestEntry testId="507edd3e-d589-f46c-9a31-6fd66195d4a0" executionId="c2276091-4a4e-4399-9300-d2150f7896c9" testListId="8c84fa94-04c1-424b-9868-57a2d4851a1d" />
    <TestEntry testId="6c2774fd-5517-8aea-be70-fd37a3cf85af" executionId="b873bd7c-1799-4661-9986-6f065f8c3ea7" testListId="8c84fa94-04c1-424b-9868-57a2d4851a1d" />
    <TestEntry testId="3b3bc144-1799-7620-fe3c-04bad5ec1510" executionId="ac1b5ba9-8bea-4d43-893d-80d3c8f6912e" testListId="8c84fa94-04c1-424b-9868-57a2d4851a1d" />
    <TestEntry testId="9af23bea-fd93-7994-bffe-1ae6f1f880df" executionId="2743a1c9-8a15-4b16-9e1f-0fc9510e9ea4" testListId="8c84fa94-04c1-424b-9868-57a2d4851a1d" />
    <TestEntry testId="cba02d2f-4f19-49c0-1575-9037f596fa95" executionId="16840bdb-ab46-4aa2-978d-8ce4c981927b" testListId="8c84fa94-04c1-424b-9868-57a2d4851a1d" />
    <TestEntry testId="7a5a60cf-65df-425a-ef34-31b7542d0324" executionId="b7599ada-b37c-4ff0-905d-3bbbdf86ea14" testListId="8c84fa94-04c1-424b-9868-57a2d4851a1d" />
    <TestEntry testId="6eb5e2ab-2e52-184d-9e36-3b40855937d4" executionId="bfd863c5-c3a1-46a2-947a-8b3337ebea8e" testListId="8c84fa94-04c1-424b-9868-57a2d4851a1d" />
    <TestEntry testId="b4cef04e-2d44-bef8-05c3-d2ca96c4a23e" executionId="4233437c-38b8-44a4-83c7-b98758cbe127" testListId="8c84fa94-04c1-424b-9868-57a2d4851a1d" />
    <TestEntry testId="b65005d3-1361-e0b7-9c4d-43d19b2fd72f" executionId="53b79017-6e9d-47bc-a536-dfd2d6203b3f" testListId="8c84fa94-04c1-424b-9868-57a2d4851a1d" />
    <TestEntry testId="b814b31f-9b44-c1f8-a1b3-268a53a57d26" executionId="c4a31983-086a-44a0-ab85-b75ef3efce58" testListId="8c84fa94-04c1-424b-9868-57a2d4851a1d" />
    <TestEntry testId="1558a173-bd2e-9fca-670c-2c3987fbd631" executionId="18392abc-4c06-4574-8a82-ab135be34eab" testListId="8c84fa94-04c1-424b-9868-57a2d4851a1d" />
    <TestEntry testId="1d9f532a-78eb-f4e1-0dd2-c5f03d1be90f" executionId="b7d3696d-623e-42ee-8bda-58e24af75352" testListId="8c84fa94-04c1-424b-9868-57a2d4851a1d" />
    <TestEntry testId="ef02471d-d90f-d7cc-ccc2-806bfb1ff8c0" executionId="ec50869e-b7d9-4f0f-aab1-8e2765f8f419" testListId="8c84fa94-04c1-424b-9868-57a2d4851a1d" />
    <TestEntry testId="853f6915-20e9-72f8-b144-6b6c2f45bce5" executionId="255f3ebf-fd7d-48ad-ace0-925e419f9b76" testListId="8c84fa94-04c1-424b-9868-57a2d4851a1d" />
    <TestEntry testId="8504aea4-e8b5-8e2d-e4a6-d01e2cfbb43b" executionId="4f24623e-0a32-46ba-8d5d-535b9555d240" testListId="8c84fa94-04c1-424b-9868-57a2d4851a1d" />
    <TestEntry testId="fb9222b4-352e-53d2-a6a0-c25767f137de" executionId="8b8c9c64-b6bd-40f1-a054-979d018bf1e3" testListId="8c84fa94-04c1-424b-9868-57a2d4851a1d" />
    <TestEntry testId="4cc2af54-3704-7ced-d419-f08afbf26159" executionId="b9b70816-a191-4301-a4a6-049a5edab4a8" testListId="8c84fa94-04c1-424b-9868-57a2d4851a1d" />
    <TestEntry testId="ab93ee62-5f81-8ef5-1c0d-f4b76290680a" executionId="9a2e48bd-66dc-4eca-bb4d-92a2deacb3f7" testListId="8c84fa94-04c1-424b-9868-57a2d4851a1d" />
    <TestEntry testId="01728557-d0ee-3bd0-5338-38b6c6daa989" executionId="68328a7c-2654-4b04-ba3c-ddbe348283ba" testListId="8c84fa94-04c1-424b-9868-57a2d4851a1d" />
    <TestEntry testId="8539d4fd-7e67-da82-911e-4911873c1bd9" executionId="b1054135-d9d2-4ac5-80b1-05fe73eaebea" testListId="8c84fa94-04c1-424b-9868-57a2d4851a1d" />
    <TestEntry testId="d1e2ee3a-5497-84fa-1720-32c96fcd92e7" executionId="ce42ec3e-23b7-4b00-b33c-7e79936dd2a3" testListId="8c84fa94-04c1-424b-9868-57a2d4851a1d" />
    <TestEntry testId="56497288-6a33-5a75-f21c-09bd940b969b" executionId="ceededb2-473d-4372-942d-68071f6ea2f0" testListId="8c84fa94-04c1-424b-9868-57a2d4851a1d" />
    <TestEntry testId="58703ce4-1c67-ed97-f1a4-1af1a3003de0" executionId="e8db95d5-58cb-42a8-8a68-24252a63e467" testListId="8c84fa94-04c1-424b-9868-57a2d4851a1d" />
    <TestEntry testId="425d7606-d05b-43b7-5f3e-aef51500fc4a" executionId="94efe729-9186-491e-a049-c36d7c3a05d9" testListId="8c84fa94-04c1-424b-9868-57a2d4851a1d" />
    <TestEntry testId="8ffc533e-dbe2-a04a-622a-b6eb34e0e1a2" executionId="c8190f8c-9601-4d4c-b263-6f65fa2a53d8" testListId="8c84fa94-04c1-424b-9868-57a2d4851a1d" />
    <TestEntry testId="3d0614d6-566e-2a0b-aa48-d33230f47a0b" executionId="20ba0931-f40e-4e9a-867d-8a48add9553a" testListId="8c84fa94-04c1-424b-9868-57a2d4851a1d" />
    <TestEntry testId="e02a3aff-4b0e-8be7-4f14-51de7ab4670f" executionId="8f3c154a-88bc-4d2b-8935-18eaa06991d1" testListId="8c84fa94-04c1-424b-9868-57a2d4851a1d" />
    <TestEntry testId="0d04ce70-8f8e-5be6-d205-e559df63652c" executionId="abdf6ba6-56bd-4202-b39d-f36088723b76" testListId="8c84fa94-04c1-424b-9868-57a2d4851a1d" />
    <TestEntry testId="ba5b86d5-401c-4e0a-f138-2c19e1e02c7f" executionId="7a086505-7ba8-492d-beec-4ea3633aa658" testListId="8c84fa94-04c1-424b-9868-57a2d4851a1d" />
    <TestEntry testId="ee8aafb9-8c92-aa71-b2c5-a50c80f89ffa" executionId="8f7d8818-d211-468d-a3df-eac24e954b6a" testListId="8c84fa94-04c1-424b-9868-57a2d4851a1d" />
    <TestEntry testId="4df6750c-aff6-44b1-13dd-4de227a8986b" executionId="c27146a9-007f-40a5-a00a-bd6bc7ada1d9" testListId="8c84fa94-04c1-424b-9868-57a2d4851a1d" />
    <TestEntry testId="9303c8a3-4457-dd53-a1ee-73373e6854b4" executionId="79436753-d65e-429d-9292-80ba99a68250" testListId="8c84fa94-04c1-424b-9868-57a2d4851a1d" />
    <TestEntry testId="cb92a75a-3d75-fb02-ff9b-54b25c8156f2" executionId="6a885acb-610c-4693-b6c5-56666b900eeb" testListId="8c84fa94-04c1-424b-9868-57a2d4851a1d" />
    <TestEntry testId="d3ce4a46-9062-5855-70fd-ebbcc2b0eafc" executionId="65b5c99b-d963-4d2d-abce-12f3f686f2f2" testListId="8c84fa94-04c1-424b-9868-57a2d4851a1d" />
    <TestEntry testId="e7650ef8-614d-7abe-3813-4e9e0ee43d28" executionId="8e90a808-7684-4350-98a3-82ea058fb6f1" testListId="8c84fa94-04c1-424b-9868-57a2d4851a1d" />
    <TestEntry testId="2bc0ce96-c350-d094-ddf7-a0dcbcc01a25" executionId="5d28ef17-6b8a-475c-b54f-0da110b532f4" testListId="8c84fa94-04c1-424b-9868-57a2d4851a1d" />
    <TestEntry testId="170c026e-6a95-4bb2-d08c-c04ad61f24e2" executionId="42040ce6-b5f4-4dbc-8eb1-627a65c4b7ba" testListId="8c84fa94-04c1-424b-9868-57a2d4851a1d" />
    <TestEntry testId="c49e78b9-66ce-7f33-7d97-f70d020ce9e7" executionId="d0ad6944-d6a1-4cff-9ea3-c9cc9133d01e" testListId="8c84fa94-04c1-424b-9868-57a2d4851a1d" />
    <TestEntry testId="b4e531fb-82d4-9ed8-d68f-599b17f00f1b" executionId="a223b45b-d987-452c-b970-49d53ec5a9ff" testListId="8c84fa94-04c1-424b-9868-57a2d4851a1d" />
    <TestEntry testId="6326290f-8e50-bc28-9f9e-5ff9f9bd3c53" executionId="f15ff24e-0183-4ab8-85d7-cf28f72d39d7" testListId="8c84fa94-04c1-424b-9868-57a2d4851a1d" />
    <TestEntry testId="0793f3e7-1a84-232a-72f7-77f9de3f59e4" executionId="d9606919-b50d-4dff-a236-a2b040ecbc40" testListId="8c84fa94-04c1-424b-9868-57a2d4851a1d" />
    <TestEntry testId="efb5b669-69b9-a95a-d1ac-b0ef16a5052e" executionId="fed50ee3-3f8f-41cc-be65-286686ee2013" testListId="8c84fa94-04c1-424b-9868-57a2d4851a1d" />
    <TestEntry testId="3298a0bb-4507-4949-b804-b0b1ba735235" executionId="2203ac7f-5bd3-4e7b-aa4c-4a215b60289f" testListId="8c84fa94-04c1-424b-9868-57a2d4851a1d" />
    <TestEntry testId="0f702e68-d31d-e48d-5cda-ae2e55caa68e" executionId="2a4921c1-4b14-49a0-b6db-e4d0a1374c8d" testListId="8c84fa94-04c1-424b-9868-57a2d4851a1d" />
    <TestEntry testId="e8d9f86f-c2bc-d844-07f3-5ecc6e65044b" executionId="15e4ecd9-4760-4f0f-b444-539ddd644490" testListId="8c84fa94-04c1-424b-9868-57a2d4851a1d" />
    <TestEntry testId="60409c99-de38-bfcd-7919-8dbdd2d23a16" executionId="2130360c-ec1f-4e2e-9fb4-531a5bcb65d2" testListId="8c84fa94-04c1-424b-9868-57a2d4851a1d" />
    <TestEntry testId="b6dd1d7b-fa80-5930-3fa2-3201c6345ce9" executionId="681d177e-f143-4f77-b19e-e3777ede0ae0" testListId="8c84fa94-04c1-424b-9868-57a2d4851a1d" />
    <TestEntry testId="bb377a2c-95c3-9aad-404f-5afa18de69c7" executionId="5ff84d0a-4965-4571-b171-acce170b86db" testListId="8c84fa94-04c1-424b-9868-57a2d4851a1d" />
    <TestEntry testId="30a8f6e6-2142-3d73-ed24-70819eedb975" executionId="2a6afc28-f8ed-426b-9765-d1698e1ce02d" testListId="8c84fa94-04c1-424b-9868-57a2d4851a1d" />
    <TestEntry testId="853af3f4-f013-afe1-e51f-9f0386bea5b2" executionId="244602d5-9092-4a4f-b970-6f1531bbe263" testListId="8c84fa94-04c1-424b-9868-57a2d4851a1d" />
    <TestEntry testId="170542a8-dc94-1eae-8e61-7f4921b86749" executionId="95b7ba25-9be6-4d00-a7f7-9375a70f07f2" testListId="8c84fa94-04c1-424b-9868-57a2d4851a1d" />
    <TestEntry testId="26f9b70e-5804-b406-9eb3-8ec45170e496" executionId="c40a250d-db74-44e0-9f8b-c605cce6cefe" testListId="8c84fa94-04c1-424b-9868-57a2d4851a1d" />
    <TestEntry testId="a8963d66-96b1-b26d-9572-0832732d3cea" executionId="ce238353-8936-437f-a596-8c48df51daf5" testListId="8c84fa94-04c1-424b-9868-57a2d4851a1d" />
    <TestEntry testId="09ad567a-bf9b-551a-1680-c5ab6247ecc6" executionId="a06a5400-5662-421d-a5ab-ee597b72eae7" testListId="8c84fa94-04c1-424b-9868-57a2d4851a1d" />
    <TestEntry testId="7f6a3e30-0edb-cef4-24b2-03a61d04ff8b" executionId="071b600b-3ae5-43db-b5e5-bb54f1c7a087" testListId="8c84fa94-04c1-424b-9868-57a2d4851a1d" />
    <TestEntry testId="88488b59-2cdb-e146-c42b-5fca1493d9a4" executionId="c9cc87ce-2ccf-4adb-901a-2cb38017c177" testListId="8c84fa94-04c1-424b-9868-57a2d4851a1d" />
    <TestEntry testId="d2f3bae5-4b87-92ba-8e82-de1dd6dbd488" executionId="95a7d842-c403-4852-959e-bf5b67a63846" testListId="8c84fa94-04c1-424b-9868-57a2d4851a1d" />
    <TestEntry testId="13db86b8-d705-e0c0-8e48-91f126870b66" executionId="54a4b15c-c0f5-48c5-b27b-efa07c50dc4b" testListId="8c84fa94-04c1-424b-9868-57a2d4851a1d" />
    <TestEntry testId="60cda89b-764e-8c9e-bc30-1e3457534948" executionId="a5aa5a18-9ccf-458b-a178-304f9da739c3" testListId="8c84fa94-04c1-424b-9868-57a2d4851a1d" />
    <TestEntry testId="ec1b8724-7d12-203f-4036-aea2a965aaa8" executionId="20a50069-bf39-49c9-a447-f6feca45ff65" testListId="8c84fa94-04c1-424b-9868-57a2d4851a1d" />
    <TestEntry testId="1c378be1-6602-2c62-b3de-426ce05f22b8" executionId="4aff2b4c-d2dc-4144-8d03-117ae7daf6e8" testListId="8c84fa94-04c1-424b-9868-57a2d4851a1d" />
    <TestEntry testId="15bcd984-07b3-3ad0-b259-4c4f5e06c1bd" executionId="8d7615b6-b1df-40ed-98ff-8aabf9dcac72" testListId="8c84fa94-04c1-424b-9868-57a2d4851a1d" />
  </TestEntries>
  <TestLists>
    <TestList name="Results Not in a List" id="8c84fa94-04c1-424b-9868-57a2d4851a1d" />
    <TestList name="All Loaded Results" id="19431567-8539-422a-85d7-44ee4e166bda" />
  </TestLists>
  <ResultSummary outcome="Completed">
    <Counters total="211" executed="211" passed="211" failed="0" error="0" timeout="0" aborted="0" inconclusive="0" passedButRunAborted="0" notRunnable="0" notExecuted="0" disconnected="0" warning="0" completed="0" inProgress="0" pending="0" />
  </ResultSummary>
</TestRun>