<?xml version="1.0" encoding="utf-8"?>
<TestRun id="5ed9e9eb-f313-408d-9335-2d5830db6ee8" name="DKSR-EFI-06$@DKSR-EFI-06 2024-01-09 15:44:33" runUser="NT AUTHORITY\NETWORK SERVICE" xmlns="http://microsoft.com/schemas/VisualStudio/TeamTest/2010">
  <Times creation="2024-01-09T15:44:33.9043116+01:00" queuing="2024-01-09T15:44:33.9043116+01:00" start="2024-01-09T15:44:32.2011856+01:00" finish="2024-01-09T15:44:34.7011855+01:00" />
  <TestSettings name="default" id="334ca93c-9003-42b9-9371-ba9d6c5b9255">
    <Deployment runDeploymentRoot="DKSR-EFI-06$_DKSR-EFI-06_2024-01-09_15_44_33" />
  </TestSettings>
  <Results>
    <UnitTestResult executionId="df5ce4d7-c71c-465d-804a-dc063374ea7e" testId="0d5255c6-f0e9-f182-470a-70a84931b495" testName="TestSampleFlagsPositions" computerName="DKSR-EFI-06" duration="00:00:00.0036444" startTime="2024-01-09T15:44:34.1543155+01:00" endTime="2024-01-09T15:44:34.1543155+01:00" testType="13cdc9d9-ddb5-4fa4-a97d-d965ccfc6d4b" outcome="Passed" testListId="8c84fa94-04c1-424b-9868-57a2d4851a1d" relativeResultsDirectory="df5ce4d7-c71c-465d-804a-dc063374ea7e" />
    <UnitTestResult executionId="8f6d74d7-ba0a-4727-89d4-fd35f5db37d6" testId="4d65d79a-b320-f65e-80c3-2c604c542370" testName="TestStszFromDataNoEntry" computerName="DKSR-EFI-06" duration="00:00:00.0005232" startTime="2024-01-09T15:44:33.9980597+01:00" endTime="2024-01-09T15:44:33.9980597+01:00" testType="13cdc9d9-ddb5-4fa4-a97d-d965ccfc6d4b" outcome="Passed" testListId="8c84fa94-04c1-424b-9868-57a2d4851a1d" relativeResultsDirectory="8f6d74d7-ba0a-4727-89d4-fd35f5db37d6" />
    <UnitTestResult executionId="2451446f-90f1-4bd5-bfd6-30094e00df83" testId="5d233ee7-2ba2-afb8-5b4d-09d376910e4f" testName="TestTrackFragmentDecodeTimeBox" computerName="DKSR-EFI-06" duration="00:00:00.0008461" startTime="2024-01-09T15:44:34.0136867+01:00" endTime="2024-01-09T15:44:34.0136867+01:00" testType="13cdc9d9-ddb5-4fa4-a97d-d965ccfc6d4b" outcome="Passed" testListId="8c84fa94-04c1-424b-9868-57a2d4851a1d" relativeResultsDirectory="2451446f-90f1-4bd5-bfd6-30094e00df83" />
    <UnitTestResult executionId="a5992b99-7f36-4ed5-86b9-6985e6185977" testId="4549f72f-ae13-305a-2ebd-270434f773f2" testName="TestAvcDecoderConfigurationBoxFromData" computerName="DKSR-EFI-06" duration="00:00:00.0005888" startTime="2024-01-09T15:44:34.1074372+01:00" endTime="2024-01-09T15:44:34.1074372+01:00" testType="13cdc9d9-ddb5-4fa4-a97d-d965ccfc6d4b" outcome="Passed" testListId="8c84fa94-04c1-424b-9868-57a2d4851a1d" relativeResultsDirectory="a5992b99-7f36-4ed5-86b9-6985e6185977" />
    <UnitTestResult executionId="7d8fc6b9-9315-440f-a2a0-3b0f48d45829" testId="fe3ee906-a9a2-133c-e8ab-109607737a9e" testName="TestH264ParamSetParserFromData" computerName="DKSR-EFI-06" duration="00:00:00.0039048" startTime="2024-01-09T15:44:33.8886881+01:00" endTime="2024-01-09T15:44:33.8886881+01:00" testType="13cdc9d9-ddb5-4fa4-a97d-d965ccfc6d4b" outcome="Passed" testListId="8c84fa94-04c1-424b-9868-57a2d4851a1d" relativeResultsDirectory="7d8fc6b9-9315-440f-a2a0-3b0f48d45829" />
    <UnitTestResult executionId="f9d5a0a8-31a7-460b-9954-8359f970a239" testId="93cd52bc-f4fb-b2c0-7c06-27d461defcf5" testName="TestDataReferenceBox" computerName="DKSR-EFI-06" duration="00:00:00.0011948" startTime="2024-01-09T15:44:33.9668119+01:00" endTime="2024-01-09T15:44:33.9668119+01:00" testType="13cdc9d9-ddb5-4fa4-a97d-d965ccfc6d4b" outcome="Passed" testListId="8c84fa94-04c1-424b-9868-57a2d4851a1d" relativeResultsDirectory="f9d5a0a8-31a7-460b-9954-8359f970a239" />
    <UnitTestResult executionId="ea7e5c39-b6e7-4088-afc1-132d1bee2d48" testId="cffc6fa6-b42f-a666-61d3-bbd34bff5acf" testName="TestFtypFromData" computerName="DKSR-EFI-06" duration="00:00:00.0004626" startTime="2024-01-09T15:44:33.9668119+01:00" endTime="2024-01-09T15:44:33.9668119+01:00" testType="13cdc9d9-ddb5-4fa4-a97d-d965ccfc6d4b" outcome="Passed" testListId="8c84fa94-04c1-424b-9868-57a2d4851a1d" relativeResultsDirectory="ea7e5c39-b6e7-4088-afc1-132d1bee2d48" />
    <UnitTestResult executionId="f786add9-552b-43ad-b4c0-86ca7571b111" testId="2838a4c8-471f-94dd-ddfb-47a20e8a6c67" testName="TestH265ParamSetParserFromData" computerName="DKSR-EFI-06" duration="00:00:00.1675192" startTime="2024-01-09T15:44:33.7011918+01:00" endTime="2024-01-09T15:44:33.8730607+01:00" testType="13cdc9d9-ddb5-4fa4-a97d-d965ccfc6d4b" outcome="Passed" testListId="8c84fa94-04c1-424b-9868-57a2d4851a1d" relativeResultsDirectory="f786add9-552b-43ad-b4c0-86ca7571b111" />
    <UnitTestResult executionId="5e57a9bc-dd07-493c-8ca2-e3a30dd8bef6" testId="28d548d0-9fb0-0784-e14e-40893b744ecd" testName="TestSttsFromDataNoEntry" computerName="DKSR-EFI-06" duration="00:00:00.0003116" startTime="2024-01-09T15:44:34.0136867+01:00" endTime="2024-01-09T15:44:34.0136867+01:00" testType="13cdc9d9-ddb5-4fa4-a97d-d965ccfc6d4b" outcome="Passed" testListId="8c84fa94-04c1-424b-9868-57a2d4851a1d" relativeResultsDirectory="5e57a9bc-dd07-493c-8ca2-e3a30dd8bef6" />
    <UnitTestResult executionId="b94f68f4-6a19-4a4f-b5de-e4e68713e871" testId="b74cf043-c9be-0cbf-0bdd-4b9b9422d233" testName="TestAvc1Entry" computerName="DKSR-EFI-06" duration="00:00:00.0373440" startTime="2024-01-09T15:44:34.0605608+01:00" endTime="2024-01-09T15:44:34.1074372+01:00" testType="13cdc9d9-ddb5-4fa4-a97d-d965ccfc6d4b" outcome="Passed" testListId="8c84fa94-04c1-424b-9868-57a2d4851a1d" relativeResultsDirectory="b94f68f4-6a19-4a4f-b5de-e4e68713e871" />
    <UnitTestResult executionId="a25539cb-8baf-43bc-be45-201c2004151b" testId="b4bb8fc7-7c57-a01a-5f66-67a72450790a" testName="TestSpsRbspFromData2" computerName="DKSR-EFI-06" duration="00:00:00.0002177" startTime="2024-01-09T15:44:33.8886881+01:00" endTime="2024-01-09T15:44:33.8886881+01:00" testType="13cdc9d9-ddb5-4fa4-a97d-d965ccfc6d4b" outcome="Passed" testListId="8c84fa94-04c1-424b-9868-57a2d4851a1d" relativeResultsDirectory="a25539cb-8baf-43bc-be45-201c2004151b" />
    <UnitTestResult executionId="39d3bff9-74cb-4708-b863-4f0339445538" testId="8001a15a-820f-81dd-d506-843569a1f6b6" testName="TestTfhdFromData2" computerName="DKSR-EFI-06" duration="00:00:00.0005931" startTime="2024-01-09T15:44:34.0293124+01:00" endTime="2024-01-09T15:44:34.0293124+01:00" testType="13cdc9d9-ddb5-4fa4-a97d-d965ccfc6d4b" outcome="Passed" testListId="8c84fa94-04c1-424b-9868-57a2d4851a1d" relativeResultsDirectory="39d3bff9-74cb-4708-b863-4f0339445538" />
    <UnitTestResult executionId="16407a92-8c02-41bf-a3e9-e3c9ad20fa37" testId="3de94b8e-9212-2a8f-d2be-70caa9b7ee73" testName="TestHdlrFromData" computerName="DKSR-EFI-06" duration="00:00:00.0032727" startTime="2024-01-09T15:44:33.9668119+01:00" endTime="2024-01-09T15:44:33.9824374+01:00" testType="13cdc9d9-ddb5-4fa4-a97d-d965ccfc6d4b" outcome="Passed" testListId="8c84fa94-04c1-424b-9868-57a2d4851a1d" relativeResultsDirectory="16407a92-8c02-41bf-a3e9-e3c9ad20fa37" />
    <UnitTestResult executionId="9bcc08b3-523a-4dd3-bc31-280d980f5895" testId="ad3499af-9d7b-70f3-034a-c8d1d2ea8381" testName="TestTkhdFromData" computerName="DKSR-EFI-06" duration="00:00:00.0006745" startTime="2024-01-09T15:44:34.0605608+01:00" endTime="2024-01-09T15:44:34.0605608+01:00" testType="13cdc9d9-ddb5-4fa4-a97d-d965ccfc6d4b" outcome="Passed" testListId="8c84fa94-04c1-424b-9868-57a2d4851a1d" relativeResultsDirectory="9bcc08b3-523a-4dd3-bc31-280d980f5895" />
    <UnitTestResult executionId="41b13550-5f68-4f22-a288-d05c4bf0bb9c" testId="8d4f5a14-b4cc-7388-2ce2-805160489936" testName="TestGetStartOffsetTillDataIterationSpsPpsFrame" computerName="DKSR-EFI-06" duration="00:00:00.0028116" startTime="2024-01-09T15:44:33.9199353+01:00" endTime="2024-01-09T15:44:33.9199353+01:00" testType="13cdc9d9-ddb5-4fa4-a97d-d965ccfc6d4b" outcome="Passed" testListId="8c84fa94-04c1-424b-9868-57a2d4851a1d" relativeResultsDirectory="41b13550-5f68-4f22-a288-d05c4bf0bb9c" />
    <UnitTestResult executionId="529a6bdd-2f71-4315-94d6-1b757a7b4ab8" testId="93c58bd5-ed5f-3c0c-5424-d1fa24ab28a1" testName="TestTrackHeaderBox" computerName="DKSR-EFI-06" duration="00:00:00.0054454" startTime="2024-01-09T15:44:34.0605608+01:00" endTime="2024-01-09T15:44:34.0605608+01:00" testType="13cdc9d9-ddb5-4fa4-a97d-d965ccfc6d4b" outcome="Passed" testListId="8c84fa94-04c1-424b-9868-57a2d4851a1d" relativeResultsDirectory="529a6bdd-2f71-4315-94d6-1b757a7b4ab8" />
    <UnitTestResult executionId="8d43f109-f030-4897-88f1-1bf7d8e6cde0" testId="3b7446bf-8ea7-da7b-7aa6-659c431dc10d" testName="TestSpsRbspFromData" computerName="DKSR-EFI-06" duration="00:00:00.0112717" startTime="2024-01-09T15:44:33.8730607+01:00" endTime="2024-01-09T15:44:33.8886881+01:00" testType="13cdc9d9-ddb5-4fa4-a97d-d965ccfc6d4b" outcome="Passed" testListId="8c84fa94-04c1-424b-9868-57a2d4851a1d" relativeResultsDirectory="8d43f109-f030-4897-88f1-1bf7d8e6cde0" />
    <UnitTestResult executionId="3b2ab66c-0e98-497c-9b1f-bb526c001d4e" testId="3366f3d8-1381-8310-4199-f585ac7f8670" testName="TestStcoFromDataNoEntry" computerName="DKSR-EFI-06" duration="00:00:00.0006022" startTime="2024-01-09T15:44:33.9668119+01:00" endTime="2024-01-09T15:44:33.9668119+01:00" testType="13cdc9d9-ddb5-4fa4-a97d-d965ccfc6d4b" outcome="Passed" testListId="8c84fa94-04c1-424b-9868-57a2d4851a1d" relativeResultsDirectory="3b2ab66c-0e98-497c-9b1f-bb526c001d4e" />
    <UnitTestResult executionId="d11ea8c4-f174-4f3c-a79b-1a5ee3a15bc4" testId="88315b65-80a1-2ca6-f1a4-780a0156556d" testName="TestVisualSampleEntryFromData" computerName="DKSR-EFI-06" duration="00:00:00.0006653" startTime="2024-01-09T15:44:34.1230612+01:00" endTime="2024-01-09T15:44:34.1230612+01:00" testType="13cdc9d9-ddb5-4fa4-a97d-d965ccfc6d4b" outcome="Passed" testListId="8c84fa94-04c1-424b-9868-57a2d4851a1d" relativeResultsDirectory="d11ea8c4-f174-4f3c-a79b-1a5ee3a15bc4" />
    <UnitTestResult executionId="3f9272fa-a45f-475f-a480-18e9094779f7" testId="dc578b7c-9370-8bf9-ed97-1fea67f166d2" testName="TestMovieFragmentHeaderBox" computerName="DKSR-EFI-06" duration="00:00:00.0010372" startTime="2024-01-09T15:44:33.9824374+01:00" endTime="2024-01-09T15:44:33.9980597+01:00" testType="13cdc9d9-ddb5-4fa4-a97d-d965ccfc6d4b" outcome="Passed" testListId="8c84fa94-04c1-424b-9868-57a2d4851a1d" relativeResultsDirectory="3f9272fa-a45f-475f-a480-18e9094779f7" />
    <UnitTestResult executionId="fa125b6a-6867-4ebe-b0ff-3b973e26daad" testId="61ca97f7-be04-3443-491a-fb725cbef115" testName="TestStscFromDataWithEntries" computerName="DKSR-EFI-06" duration="00:00:00.0005807" startTime="2024-01-09T15:44:33.9980597+01:00" endTime="2024-01-09T15:44:34.0136867+01:00" testType="13cdc9d9-ddb5-4fa4-a97d-d965ccfc6d4b" outcome="Passed" testListId="8c84fa94-04c1-424b-9868-57a2d4851a1d" relativeResultsDirectory="fa125b6a-6867-4ebe-b0ff-3b973e26daad" />
    <UnitTestResult executionId="064d7c71-f82d-4e2e-b77f-3021c92a4a44" testId="18e1293f-acff-99ff-d357-301b4f48ab4f" testName="TestMovieHeaderBox" computerName="DKSR-EFI-06" duration="00:00:00.0037881" startTime="2024-01-09T15:44:33.9980597+01:00" endTime="2024-01-09T15:44:33.9980597+01:00" testType="13cdc9d9-ddb5-4fa4-a97d-d965ccfc6d4b" outcome="Passed" testListId="8c84fa94-04c1-424b-9868-57a2d4851a1d" relativeResultsDirectory="064d7c71-f82d-4e2e-b77f-3021c92a4a44" />
    <UnitTestResult executionId="af060d17-0d84-46e3-9fad-2342eb7b6679" testId="a5cc4c8f-2da6-4fe7-1496-730b009f2561" testName="TestMdhdFromData" computerName="DKSR-EFI-06" duration="00:00:00.0029016" startTime="2024-01-09T15:44:33.9824374+01:00" endTime="2024-01-09T15:44:33.9824374+01:00" testType="13cdc9d9-ddb5-4fa4-a97d-d965ccfc6d4b" outcome="Passed" testListId="8c84fa94-04c1-424b-9868-57a2d4851a1d" relativeResultsDirectory="af060d17-0d84-46e3-9fad-2342eb7b6679" />
    <UnitTestResult executionId="127471da-2e2f-4b96-bdbf-d84b5cfcfe70" testId="de65d88e-83ee-497e-500c-a66b6795aa89" testName="TestVisualSampleEntry" computerName="DKSR-EFI-06" duration="00:00:00.0014944" startTime="2024-01-09T15:44:34.1230612+01:00" endTime="2024-01-09T15:44:34.1230612+01:00" testType="13cdc9d9-ddb5-4fa4-a97d-d965ccfc6d4b" outcome="Passed" testListId="8c84fa94-04c1-424b-9868-57a2d4851a1d" relativeResultsDirectory="127471da-2e2f-4b96-bdbf-d84b5cfcfe70" />
    <UnitTestResult executionId="b45320c1-7246-4d45-aec1-07d93d75a8f3" testId="e49c7aac-00ef-4767-a559-081cab16f1af" testName="TestTfhdFromData" computerName="DKSR-EFI-06" duration="00:00:00.0006954" startTime="2024-01-09T15:44:34.0293124+01:00" endTime="2024-01-09T15:44:34.0293124+01:00" testType="13cdc9d9-ddb5-4fa4-a97d-d965ccfc6d4b" outcome="Passed" testListId="8c84fa94-04c1-424b-9868-57a2d4851a1d" relativeResultsDirectory="b45320c1-7246-4d45-aec1-07d93d75a8f3" />
    <UnitTestResult executionId="2d4ced3b-5264-4dde-8015-79f45a2e756d" testId="afbbc307-9296-31b8-8ad8-58f298c1b858" testName="TestTrexFromData" computerName="DKSR-EFI-06" duration="00:00:00.0003821" startTime="2024-01-09T15:44:34.0136867+01:00" endTime="2024-01-09T15:44:34.0136867+01:00" testType="13cdc9d9-ddb5-4fa4-a97d-d965ccfc6d4b" outcome="Passed" testListId="8c84fa94-04c1-424b-9868-57a2d4851a1d" relativeResultsDirectory="2d4ced3b-5264-4dde-8015-79f45a2e756d" />
    <UnitTestResult executionId="ae40cf24-f0d5-4682-8ea9-ef382a2d194a" testId="8a5c955e-6d1f-7db0-27bd-028a259150ad" testName="TestStscFromDataNoEntry" computerName="DKSR-EFI-06" duration="00:00:00.0006053" startTime="2024-01-09T15:44:33.9980597+01:00" endTime="2024-01-09T15:44:33.9980597+01:00" testType="13cdc9d9-ddb5-4fa4-a97d-d965ccfc6d4b" outcome="Passed" testListId="8c84fa94-04c1-424b-9868-57a2d4851a1d" relativeResultsDirectory="ae40cf24-f0d5-4682-8ea9-ef382a2d194a" />
    <UnitTestResult executionId="ae19bd16-bd03-42fd-8248-7b098ac8ef6a" testId="fe2c4d90-3795-10b7-98e4-4d6315c32f79" testName="TestMp4Frame" computerName="DKSR-EFI-06" duration="00:00:00.0111880" startTime="2024-01-09T15:44:33.9043116+01:00" endTime="2024-01-09T15:44:33.9043116+01:00" testType="13cdc9d9-ddb5-4fa4-a97d-d965ccfc6d4b" outcome="Passed" testListId="8c84fa94-04c1-424b-9868-57a2d4851a1d" relativeResultsDirectory="ae19bd16-bd03-42fd-8248-7b098ac8ef6a" />
    <UnitTestResult executionId="695867ad-67cb-42a0-bfbd-34ecd9c66e65" testId="70e8428e-3307-4e28-1ea9-e9c75d781d45" testName="TestSampleToChunkBox" computerName="DKSR-EFI-06" duration="00:00:00.0023601" startTime="2024-01-09T15:44:33.9980597+01:00" endTime="2024-01-09T15:44:33.9980597+01:00" testType="13cdc9d9-ddb5-4fa4-a97d-d965ccfc6d4b" outcome="Passed" testListId="8c84fa94-04c1-424b-9868-57a2d4851a1d" relativeResultsDirectory="695867ad-67cb-42a0-bfbd-34ecd9c66e65" />
    <UnitTestResult executionId="06d48438-ab13-42e0-b490-76ff8c0385c2" testId="7b5d5a92-0761-5868-e46f-6a56ee959a49" testName="TestMvhdFromData" computerName="DKSR-EFI-06" duration="00:00:00.0020238" startTime="2024-01-09T15:44:33.9980597+01:00" endTime="2024-01-09T15:44:33.9980597+01:00" testType="13cdc9d9-ddb5-4fa4-a97d-d965ccfc6d4b" outcome="Passed" testListId="8c84fa94-04c1-424b-9868-57a2d4851a1d" relativeResultsDirectory="06d48438-ab13-42e0-b490-76ff8c0385c2" />
    <UnitTestResult executionId="2abf7dc8-906e-4e35-b4c6-185ba1b58e9d" testId="810691b2-387b-dba3-af58-9f0cf46c2bff" testName="TestFileTypeBox" computerName="DKSR-EFI-06" duration="00:00:00.0038577" startTime="2024-01-09T15:44:33.9668119+01:00" endTime="2024-01-09T15:44:33.9668119+01:00" testType="13cdc9d9-ddb5-4fa4-a97d-d965ccfc6d4b" outcome="Passed" testListId="8c84fa94-04c1-424b-9868-57a2d4851a1d" relativeResultsDirectory="2abf7dc8-906e-4e35-b4c6-185ba1b58e9d" />
    <UnitTestResult executionId="fd32879c-1119-4f62-b9bb-0701836b9965" testId="f614f41d-973f-fee2-5584-df8787bd8d35" testName="TestStszFromDataWithEntries" computerName="DKSR-EFI-06" duration="00:00:00.0010046" startTime="2024-01-09T15:44:33.9980597+01:00" endTime="2024-01-09T15:44:33.9980597+01:00" testType="13cdc9d9-ddb5-4fa4-a97d-d965ccfc6d4b" outcome="Passed" testListId="8c84fa94-04c1-424b-9868-57a2d4851a1d" relativeResultsDirectory="fd32879c-1119-4f62-b9bb-0701836b9965" />
    <UnitTestResult executionId="bb8b2b7c-f827-4a7e-9ef6-1845902c6187" testId="0f306217-30ae-f891-baf7-93471f2cd766" testName="TestSampleFlags" computerName="DKSR-EFI-06" duration="00:00:00.0211980" startTime="2024-01-09T15:44:34.1230612+01:00" endTime="2024-01-09T15:44:34.1543155+01:00" testType="13cdc9d9-ddb5-4fa4-a97d-d965ccfc6d4b" outcome="Passed" testListId="8c84fa94-04c1-424b-9868-57a2d4851a1d" relativeResultsDirectory="bb8b2b7c-f827-4a7e-9ef6-1845902c6187" />
    <UnitTestResult executionId="89bac947-8691-49f6-b4c5-6c22da06a80f" testId="be813ed9-c50f-a66a-d465-4ead6ff074ae" testName="TestVmhdFromData" computerName="DKSR-EFI-06" duration="00:00:00.0004481" startTime="2024-01-09T15:44:34.0605608+01:00" endTime="2024-01-09T15:44:34.0605608+01:00" testType="13cdc9d9-ddb5-4fa4-a97d-d965ccfc6d4b" outcome="Passed" testListId="8c84fa94-04c1-424b-9868-57a2d4851a1d" relativeResultsDirectory="89bac947-8691-49f6-b4c5-6c22da06a80f" />
    <UnitTestResult executionId="8e685cbb-e681-4365-844e-8e7febb7ebf2" testId="29f8a31a-a9bf-8120-612e-56a2664527cb" testName="TestH265SpsFromDataWithEmulationPrevention" computerName="DKSR-EFI-06" duration="00:00:00.0015932" startTime="2024-01-09T15:44:33.8730607+01:00" endTime="2024-01-09T15:44:33.8730607+01:00" testType="13cdc9d9-ddb5-4fa4-a97d-d965ccfc6d4b" outcome="Passed" testListId="8c84fa94-04c1-424b-9868-57a2d4851a1d" relativeResultsDirectory="8e685cbb-e681-4365-844e-8e7febb7ebf2" />
    <UnitTestResult executionId="8bbb3b2f-5d6d-4805-b15f-688ab307d857" testId="33a9e29a-913b-3a0d-8046-16f1810d593a" testName="TestHevcDecoderConfigurationBoxFromData" computerName="DKSR-EFI-06" duration="00:00:00.0018552" startTime="2024-01-09T15:44:34.1230612+01:00" endTime="2024-01-09T15:44:34.1230612+01:00" testType="13cdc9d9-ddb5-4fa4-a97d-d965ccfc6d4b" outcome="Passed" testListId="8c84fa94-04c1-424b-9868-57a2d4851a1d" relativeResultsDirectory="8bbb3b2f-5d6d-4805-b15f-688ab307d857" />
    <UnitTestResult executionId="75edc0e4-9e4f-4f58-8c52-d54c8f1ccfd9" testId="7a44c677-8dea-707a-183d-11ebfc544d9f" testName="TestSpsRbspFromData" computerName="DKSR-EFI-06" duration="00:00:00.0004048" startTime="2024-01-09T15:44:33.8886881+01:00" endTime="2024-01-09T15:44:33.8886881+01:00" testType="13cdc9d9-ddb5-4fa4-a97d-d965ccfc6d4b" outcome="Passed" testListId="8c84fa94-04c1-424b-9868-57a2d4851a1d" relativeResultsDirectory="75edc0e4-9e4f-4f58-8c52-d54c8f1ccfd9" />
    <UnitTestResult executionId="80f47baa-e040-4eb5-bd3b-01684280aa10" testId="ac79dddb-9bb9-d296-7221-42a7b5ee7164" testName="TestH265SpsFromDataWithoutEmulationPrevention" computerName="DKSR-EFI-06" duration="00:00:00.0001509" startTime="2024-01-09T15:44:33.8730607+01:00" endTime="2024-01-09T15:44:33.8730607+01:00" testType="13cdc9d9-ddb5-4fa4-a97d-d965ccfc6d4b" outcome="Passed" testListId="8c84fa94-04c1-424b-9868-57a2d4851a1d" relativeResultsDirectory="80f47baa-e040-4eb5-bd3b-01684280aa10" />
    <UnitTestResult executionId="b86ba516-ca5f-4185-9e2c-c9ca043dcc29" testId="0084c2d0-8c94-759d-c0d2-ce76a64e5cf6" testName="TestDecodingTimeToSampleBox" computerName="DKSR-EFI-06" duration="00:00:00.0020908" startTime="2024-01-09T15:44:34.0136867+01:00" endTime="2024-01-09T15:44:34.0136867+01:00" testType="13cdc9d9-ddb5-4fa4-a97d-d965ccfc6d4b" outcome="Passed" testListId="8c84fa94-04c1-424b-9868-57a2d4851a1d" relativeResultsDirectory="b86ba516-ca5f-4185-9e2c-c9ca043dcc29" />
    <UnitTestResult executionId="916911ca-29a6-442f-a63a-caf5e090ed1f" testId="f8e6d726-54aa-65a8-74bb-1918c27fdaa7" testName="TestDataEntryUrlBox" computerName="DKSR-EFI-06" duration="00:00:00.0019084" startTime="2024-01-09T15:44:33.9668119+01:00" endTime="2024-01-09T15:44:33.9668119+01:00" testType="13cdc9d9-ddb5-4fa4-a97d-d965ccfc6d4b" outcome="Passed" testListId="8c84fa94-04c1-424b-9868-57a2d4851a1d" relativeResultsDirectory="916911ca-29a6-442f-a63a-caf5e090ed1f" />
    <UnitTestResult executionId="1c0f845d-b284-4339-a486-e3b52bb12eb9" testId="9588a3b4-c9cc-cee7-3d3e-64be4fdfaa01" testName="TestMoofAndChildren" computerName="DKSR-EFI-06" duration="00:00:00.0228482" startTime="2024-01-09T15:44:33.9355619+01:00" endTime="2024-01-09T15:44:33.9511853+01:00" testType="13cdc9d9-ddb5-4fa4-a97d-d965ccfc6d4b" outcome="Passed" testListId="8c84fa94-04c1-424b-9868-57a2d4851a1d" relativeResultsDirectory="1c0f845d-b284-4339-a486-e3b52bb12eb9" />
    <UnitTestResult executionId="c8b55157-1e64-4c3f-b3bc-dd0f38212592" testId="125b49af-5959-23c3-e0a5-7f54cd2d345e" testName="TestSttsFromDataWithEntries" computerName="DKSR-EFI-06" duration="00:00:00.0009063" startTime="2024-01-09T15:44:34.0136867+01:00" endTime="2024-01-09T15:44:34.0136867+01:00" testType="13cdc9d9-ddb5-4fa4-a97d-d965ccfc6d4b" outcome="Passed" testListId="8c84fa94-04c1-424b-9868-57a2d4851a1d" relativeResultsDirectory="c8b55157-1e64-4c3f-b3bc-dd0f38212592" />
    <UnitTestResult executionId="eb568ec9-979e-482e-8d6a-761a4a28d055" testId="6dc94b43-faab-4414-3f14-ddb5d4204cbb" testName="TestUrlFromData" computerName="DKSR-EFI-06" duration="00:00:00.0003607" startTime="2024-01-09T15:44:33.9668119+01:00" endTime="2024-01-09T15:44:33.9668119+01:00" testType="13cdc9d9-ddb5-4fa4-a97d-d965ccfc6d4b" outcome="Passed" testListId="8c84fa94-04c1-424b-9868-57a2d4851a1d" relativeResultsDirectory="eb568ec9-979e-482e-8d6a-761a4a28d055" />
    <UnitTestResult executionId="c8cbf857-dc48-4fe6-9ac6-c4fb61e36e71" testId="cd58a7f2-9e26-77e2-12b5-93b8e1f0a94e" testName="TestMfhdFromData" computerName="DKSR-EFI-06" duration="00:00:00.0003827" startTime="2024-01-09T15:44:33.9980597+01:00" endTime="2024-01-09T15:44:33.9980597+01:00" testType="13cdc9d9-ddb5-4fa4-a97d-d965ccfc6d4b" outcome="Passed" testListId="8c84fa94-04c1-424b-9868-57a2d4851a1d" relativeResultsDirectory="c8cbf857-dc48-4fe6-9ac6-c4fb61e36e71" />
    <UnitTestResult executionId="74a2f4f6-52a2-4479-8e95-e2d00b8db61b" testId="acfbc6c0-9868-f569-1fbc-39df28668389" testName="TestSampleSizeBox" computerName="DKSR-EFI-06" duration="00:00:00.0017866" startTime="2024-01-09T15:44:33.9980597+01:00" endTime="2024-01-09T15:44:33.9980597+01:00" testType="13cdc9d9-ddb5-4fa4-a97d-d965ccfc6d4b" outcome="Passed" testListId="8c84fa94-04c1-424b-9868-57a2d4851a1d" relativeResultsDirectory="74a2f4f6-52a2-4479-8e95-e2d00b8db61b" />
    <UnitTestResult executionId="11a5e5b3-9c9a-46bd-bb23-5c74d6e4e2f8" testId="b63eb6f6-ad89-8fd4-5f2e-80fd4e6c9b5d" testName="TestDrefFromData" computerName="DKSR-EFI-06" duration="00:00:00.0004191" startTime="2024-01-09T15:44:33.9668119+01:00" endTime="2024-01-09T15:44:33.9668119+01:00" testType="13cdc9d9-ddb5-4fa4-a97d-d965ccfc6d4b" outcome="Passed" testListId="8c84fa94-04c1-424b-9868-57a2d4851a1d" relativeResultsDirectory="11a5e5b3-9c9a-46bd-bb23-5c74d6e4e2f8" />
    <UnitTestResult executionId="030dbee3-cd25-4511-bfc6-c916600debd0" testId="e779255f-92d6-17a6-359a-db8b5c8847fe" testName="TestSampleEntryFromData" computerName="DKSR-EFI-06" duration="00:00:00.0006307" startTime="2024-01-09T15:44:34.1230612+01:00" endTime="2024-01-09T15:44:34.1230612+01:00" testType="13cdc9d9-ddb5-4fa4-a97d-d965ccfc6d4b" outcome="Passed" testListId="8c84fa94-04c1-424b-9868-57a2d4851a1d" relativeResultsDirectory="030dbee3-cd25-4511-bfc6-c916600debd0" />
    <UnitTestResult executionId="bfde82f2-a7a6-49c9-b76c-dea4629c6e49" testId="650f456a-bc6a-c3f6-2dc1-94b750ad48bd" testName="TestHandlerReferenceBox" computerName="DKSR-EFI-06" duration="00:00:00.0020771" startTime="2024-01-09T15:44:33.9668119+01:00" endTime="2024-01-09T15:44:33.9668119+01:00" testType="13cdc9d9-ddb5-4fa4-a97d-d965ccfc6d4b" outcome="Passed" testListId="8c84fa94-04c1-424b-9868-57a2d4851a1d" relativeResultsDirectory="bfde82f2-a7a6-49c9-b76c-dea4629c6e49" />
    <UnitTestResult executionId="7ec6d8f3-984b-4c14-befd-fdeff9e4bbd4" testId="47027e6a-9f9f-751f-10b6-8050611a4b29" testName="TestChunkOffsetBox" computerName="DKSR-EFI-06" duration="00:00:00.0071104" startTime="2024-01-09T15:44:33.9511853+01:00" endTime="2024-01-09T15:44:33.9668119+01:00" testType="13cdc9d9-ddb5-4fa4-a97d-d965ccfc6d4b" outcome="Passed" testListId="8c84fa94-04c1-424b-9868-57a2d4851a1d" relativeResultsDirectory="7ec6d8f3-984b-4c14-befd-fdeff9e4bbd4" />
    <UnitTestResult executionId="c4f60abb-38c0-407e-b69d-9b35f88de8cf" testId="ff857958-b5e6-841a-3e90-b683d75a84b5" testName="TestTrackFragmentRunBox" computerName="DKSR-EFI-06" duration="00:00:00.0251696" startTime="2024-01-09T15:44:34.0293124+01:00" endTime="2024-01-09T15:44:34.0449354+01:00" testType="13cdc9d9-ddb5-4fa4-a97d-d965ccfc6d4b" outcome="Passed" testListId="8c84fa94-04c1-424b-9868-57a2d4851a1d" relativeResultsDirectory="c4f60abb-38c0-407e-b69d-9b35f88de8cf" />
    <UnitTestResult executionId="f1354636-5c75-4743-9eef-613a648b2488" testId="594b84b3-cf27-5878-453c-66bd78f05ad3" testName="TestMfraWithTfraAndMfro" computerName="DKSR-EFI-06" duration="00:00:00.0098834" startTime="2024-01-09T15:44:33.9199353+01:00" endTime="2024-01-09T15:44:33.9355619+01:00" testType="13cdc9d9-ddb5-4fa4-a97d-d965ccfc6d4b" outcome="Passed" testListId="8c84fa94-04c1-424b-9868-57a2d4851a1d" relativeResultsDirectory="f1354636-5c75-4743-9eef-613a648b2488" />
    <UnitTestResult executionId="1d62a3eb-2588-476b-807e-288a660cc007" testId="e53d0b00-27d1-cd2f-7ed0-66877a6f66af" testName="TestMp4FrameGroup" computerName="DKSR-EFI-06" duration="00:00:00.0042493" startTime="2024-01-09T15:44:33.9043116+01:00" endTime="2024-01-09T15:44:33.9199353+01:00" testType="13cdc9d9-ddb5-4fa4-a97d-d965ccfc6d4b" outcome="Passed" testListId="8c84fa94-04c1-424b-9868-57a2d4851a1d" relativeResultsDirectory="1d62a3eb-2588-476b-807e-288a660cc007" />
    <UnitTestResult executionId="2d38d96e-afb5-4ee5-a979-cfd5401dc5ad" testId="63e0b709-2451-e247-2be8-3dc2bf765780" testName="TestTrunFromData" computerName="DKSR-EFI-06" duration="00:00:00.0011717" startTime="2024-01-09T15:44:34.0449354+01:00" endTime="2024-01-09T15:44:34.0605608+01:00" testType="13cdc9d9-ddb5-4fa4-a97d-d965ccfc6d4b" outcome="Passed" testListId="8c84fa94-04c1-424b-9868-57a2d4851a1d" relativeResultsDirectory="2d38d96e-afb5-4ee5-a979-cfd5401dc5ad" />
    <UnitTestResult executionId="1fa5231b-a335-4567-a659-d1c459253cf2" testId="5456d9ae-aea3-ffe4-54e5-1302580aa70a" testName="TestStcoFromDataWithEntries" computerName="DKSR-EFI-06" duration="00:00:00.0004075" startTime="2024-01-09T15:44:33.9668119+01:00" endTime="2024-01-09T15:44:33.9668119+01:00" testType="13cdc9d9-ddb5-4fa4-a97d-d965ccfc6d4b" outcome="Passed" testListId="8c84fa94-04c1-424b-9868-57a2d4851a1d" relativeResultsDirectory="1fa5231b-a335-4567-a659-d1c459253cf2" />
    <UnitTestResult executionId="6af54405-ec1b-4cec-b15c-a5de24c8f956" testId="8c821a5c-085a-0f81-ca22-bc98d78b6612" testName="TestMediaDataBox" computerName="DKSR-EFI-06" duration="00:00:00.0021567" startTime="2024-01-09T15:44:33.9824374+01:00" endTime="2024-01-09T15:44:33.9824374+01:00" testType="13cdc9d9-ddb5-4fa4-a97d-d965ccfc6d4b" outcome="Passed" testListId="8c84fa94-04c1-424b-9868-57a2d4851a1d" relativeResultsDirectory="6af54405-ec1b-4cec-b15c-a5de24c8f956" />
    <UnitTestResult executionId="401ac9b8-02fe-4501-8d51-290032ca1f5a" testId="b5fa75f5-4ed7-368a-70e4-fc5c32225b43" testName="TestHevcDecoderConfigurationBox" computerName="DKSR-EFI-06" duration="00:00:00.0100029" startTime="2024-01-09T15:44:34.1074372+01:00" endTime="2024-01-09T15:44:34.1230612+01:00" testType="13cdc9d9-ddb5-4fa4-a97d-d965ccfc6d4b" outcome="Passed" testListId="8c84fa94-04c1-424b-9868-57a2d4851a1d" relativeResultsDirectory="401ac9b8-02fe-4501-8d51-290032ca1f5a" />
    <UnitTestResult executionId="43019434-6de5-4f0f-808a-f0ccff2ee90a" testId="21e68e3e-ffe1-163d-88d4-f1caa4190b40" testName="TestVideoMediaHeaderBox" computerName="DKSR-EFI-06" duration="00:00:00.0016932" startTime="2024-01-09T15:44:34.0605608+01:00" endTime="2024-01-09T15:44:34.0605608+01:00" testType="13cdc9d9-ddb5-4fa4-a97d-d965ccfc6d4b" outcome="Passed" testListId="8c84fa94-04c1-424b-9868-57a2d4851a1d" relativeResultsDirectory="43019434-6de5-4f0f-808a-f0ccff2ee90a" />
    <UnitTestResult executionId="c2d25abe-3766-4ba6-a9d8-8046ca1fd548" testId="efdceac6-7d6d-e10d-c1e5-b796a799d01f" testName="TestGetStartOffset" computerName="DKSR-EFI-06" duration="00:00:00.0008602" startTime="2024-01-09T15:44:33.9199353+01:00" endTime="2024-01-09T15:44:33.9199353+01:00" testType="13cdc9d9-ddb5-4fa4-a97d-d965ccfc6d4b" outcome="Passed" testListId="8c84fa94-04c1-424b-9868-57a2d4851a1d" relativeResultsDirectory="c2d25abe-3766-4ba6-a9d8-8046ca1fd548" />
    <UnitTestResult executionId="75f67f1e-b17a-49a3-81fd-0cb7e3f633ee" testId="1128ee4e-0642-4c72-84a0-c0f57591b6ac" testName="TestTrackExtendsBox" computerName="DKSR-EFI-06" duration="00:00:00.0016122" startTime="2024-01-09T15:44:34.0136867+01:00" endTime="2024-01-09T15:44:34.0136867+01:00" testType="13cdc9d9-ddb5-4fa4-a97d-d965ccfc6d4b" outcome="Passed" testListId="8c84fa94-04c1-424b-9868-57a2d4851a1d" relativeResultsDirectory="75f67f1e-b17a-49a3-81fd-0cb7e3f633ee" />
    <UnitTestResult executionId="296ba1db-29d4-42fc-9a5f-2a95ec112619" testId="f5627138-ae89-65bc-fc1a-67bb51f67d75" testName="TestTfdtFromData" computerName="DKSR-EFI-06" duration="00:00:00.0003190" startTime="2024-01-09T15:44:34.0136867+01:00" endTime="2024-01-09T15:44:34.0136867+01:00" testType="13cdc9d9-ddb5-4fa4-a97d-d965ccfc6d4b" outcome="Passed" testListId="8c84fa94-04c1-424b-9868-57a2d4851a1d" relativeResultsDirectory="296ba1db-29d4-42fc-9a5f-2a95ec112619" />
    <UnitTestResult executionId="2b2023c3-ad5e-49dc-ae0d-64ae90abd5c1" testId="3650644e-0de5-48c9-1e2f-f95983c94aa0" testName="TestEmulationPreventionSpsH265" computerName="DKSR-EFI-06" duration="00:00:00.0002386" startTime="2024-01-09T15:44:33.7011918+01:00" endTime="2024-01-09T15:44:33.7011918+01:00" testType="13cdc9d9-ddb5-4fa4-a97d-d965ccfc6d4b" outcome="Passed" testListId="8c84fa94-04c1-424b-9868-57a2d4851a1d" relativeResultsDirectory="2b2023c3-ad5e-49dc-ae0d-64ae90abd5c1" />
    <UnitTestResult executionId="04e32d49-702b-496d-ac0a-039b58bc1195" testId="391cb106-f24c-f83c-1330-82a45160a050" testName="TestTrackFragmentHeaderBox" computerName="DKSR-EFI-06" duration="00:00:00.0078784" startTime="2024-01-09T15:44:34.0136867+01:00" endTime="2024-01-09T15:44:34.0293124+01:00" testType="13cdc9d9-ddb5-4fa4-a97d-d965ccfc6d4b" outcome="Passed" testListId="8c84fa94-04c1-424b-9868-57a2d4851a1d" relativeResultsDirectory="04e32d49-702b-496d-ac0a-039b58bc1195" />
    <UnitTestResult executionId="d17a6b88-e9a8-4b64-a368-38ba810db8e5" testId="aeeb62b1-211b-ac2c-278c-5ad7be97e2d5" testName="TestMediaHeaderBox" computerName="DKSR-EFI-06" duration="00:00:00.0050092" startTime="2024-01-09T15:44:33.9824374+01:00" endTime="2024-01-09T15:44:33.9824374+01:00" testType="13cdc9d9-ddb5-4fa4-a97d-d965ccfc6d4b" outcome="Passed" testListId="8c84fa94-04c1-424b-9868-57a2d4851a1d" relativeResultsDirectory="d17a6b88-e9a8-4b64-a368-38ba810db8e5" />
    <UnitTestResult executionId="32d967db-838a-47d7-a442-11babbb06e10" testId="fc6d935f-6f8c-ba48-63c4-1332d2e06895" testName="TestVisualSampleEntryFromData" computerName="DKSR-EFI-06" duration="00:00:00.0025061" startTime="2024-01-09T15:44:34.1074372+01:00" endTime="2024-01-09T15:44:34.1074372+01:00" testType="13cdc9d9-ddb5-4fa4-a97d-d965ccfc6d4b" outcome="Passed" testListId="8c84fa94-04c1-424b-9868-57a2d4851a1d" relativeResultsDirectory="32d967db-838a-47d7-a442-11babbb06e10" />
    <UnitTestResult executionId="35c8c00a-4927-4a60-a7bd-43c2a8da7b54" testId="f3e0c3a1-c4ca-62a4-1173-18b1bc615219" testName="TestSampleEntry" computerName="DKSR-EFI-06" duration="00:00:00.0012339" startTime="2024-01-09T15:44:34.1230612+01:00" endTime="2024-01-09T15:44:34.1230612+01:00" testType="13cdc9d9-ddb5-4fa4-a97d-d965ccfc6d4b" outcome="Passed" testListId="8c84fa94-04c1-424b-9868-57a2d4851a1d" relativeResultsDirectory="35c8c00a-4927-4a60-a7bd-43c2a8da7b54" />
    <UnitTestResult executionId="3e28c7ec-dfb9-4b00-8479-ca952c2d1f8a" testId="3ee2b4ab-d534-1d65-e8d9-ab0bf4dbda8a" testName="TestEmulationPreventionSpsH264" computerName="DKSR-EFI-06" duration="00:00:00.0153326" startTime="2024-01-09T15:44:33.4980618+01:00" endTime="2024-01-09T15:44:33.6855615+01:00" testType="13cdc9d9-ddb5-4fa4-a97d-d965ccfc6d4b" outcome="Passed" testListId="8c84fa94-04c1-424b-9868-57a2d4851a1d" relativeResultsDirectory="3e28c7ec-dfb9-4b00-8479-ca952c2d1f8a" />
    <UnitTestResult executionId="d8e10103-17c9-421a-b040-e9cde44a62f1" testId="7e845399-30bb-8a04-da30-5245a41270f0" testName="TestAvcDecoderConfigurationBox" computerName="DKSR-EFI-06" duration="00:00:00.0021265" startTime="2024-01-09T15:44:34.1074372+01:00" endTime="2024-01-09T15:44:34.1074372+01:00" testType="13cdc9d9-ddb5-4fa4-a97d-d965ccfc6d4b" outcome="Passed" testListId="8c84fa94-04c1-424b-9868-57a2d4851a1d" relativeResultsDirectory="d8e10103-17c9-421a-b040-e9cde44a62f1" />
  </Results>
  <TestDefinitions>
    <UnitTest name="TestH265SpsFromDataWithoutEmulationPrevention" storage="d:\actions-runner\_work\xpco\xpco\mobile\mobileserver\mobileserverbinaries\videoos.mobile.mp4muxing.test\bin\debug\net472\videoos.mobile.mp4muxing.test.dll" id="ac79dddb-9bb9-d296-7221-42a7b5ee7164">
      <TestCategory>
        <TestCategoryItem TestCategory="Fast" />
      </TestCategory>
      <Execution id="80f47baa-e040-4eb5-bd3b-01684280aa10" />
      <TestMethod codeBase="D:\actions-runner\_work\XPCO\XPCO\Mobile\MobileServer\MobileServerBinaries\VideoOS.Mobile.MP4Muxing.Test\bin\Debug\net472\VideoOS.Mobile.MP4Muxing.Test.dll" adapterTypeName="executor://mstestadapter/v2" className="VideoOS.Mobile.MP4Muxing.Test.VideoParser.H265.H265SpsTest" name="TestH265SpsFromDataWithoutEmulationPrevention" />
    </UnitTest>
    <UnitTest name="TestFtypFromData" storage="d:\actions-runner\_work\xpco\xpco\mobile\mobileserver\mobileserverbinaries\videoos.mobile.mp4muxing.test\bin\debug\net472\videoos.mobile.mp4muxing.test.dll" id="cffc6fa6-b42f-a666-61d3-bbd34bff5acf">
      <TestCategory>
        <TestCategoryItem TestCategory="Fast" />
      </TestCategory>
      <Execution id="ea7e5c39-b6e7-4088-afc1-132d1bee2d48" />
      <TestMethod codeBase="D:\actions-runner\_work\XPCO\XPCO\Mobile\MobileServer\MobileServerBinaries\VideoOS.Mobile.MP4Muxing.Test\bin\Debug\net472\VideoOS.Mobile.MP4Muxing.Test.dll" adapterTypeName="executor://mstestadapter/v2" className="VideoOS.Mobile.MP4Muxing.Test.FMP4Parser.Boxes.Implementations.FileTypeBoxTest" name="TestFtypFromData" />
    </UnitTest>
    <UnitTest name="TestMoofAndChildren" storage="d:\actions-runner\_work\xpco\xpco\mobile\mobileserver\mobileserverbinaries\videoos.mobile.mp4muxing.test\bin\debug\net472\videoos.mobile.mp4muxing.test.dll" id="9588a3b4-c9cc-cee7-3d3e-64be4fdfaa01">
      <TestCategory>
        <TestCategoryItem TestCategory="Fast" />
      </TestCategory>
      <Execution id="1c0f845d-b284-4339-a486-e3b52bb12eb9" />
      <TestMethod codeBase="D:\actions-runner\_work\XPCO\XPCO\Mobile\MobileServer\MobileServerBinaries\VideoOS.Mobile.MP4Muxing.Test\bin\Debug\net472\VideoOS.Mobile.MP4Muxing.Test.dll" adapterTypeName="executor://mstestadapter/v2" className="VideoOS.Mobile.MP4Muxing.Test.FMP4Parser.Boxes.BoxTests" name="TestMoofAndChildren" />
    </UnitTest>
    <UnitTest name="TestTfhdFromData" storage="d:\actions-runner\_work\xpco\xpco\mobile\mobileserver\mobileserverbinaries\videoos.mobile.mp4muxing.test\bin\debug\net472\videoos.mobile.mp4muxing.test.dll" id="e49c7aac-00ef-4767-a559-081cab16f1af">
      <TestCategory>
        <TestCategoryItem TestCategory="Fast" />
      </TestCategory>
      <Execution id="b45320c1-7246-4d45-aec1-07d93d75a8f3" />
      <TestMethod codeBase="D:\actions-runner\_work\XPCO\XPCO\Mobile\MobileServer\MobileServerBinaries\VideoOS.Mobile.MP4Muxing.Test\bin\Debug\net472\VideoOS.Mobile.MP4Muxing.Test.dll" adapterTypeName="executor://mstestadapter/v2" className="VideoOS.Mobile.MP4Muxing.Test.FMP4Parser.Boxes.Implementations.TrackFragmentHeaderBoxTests" name="TestTfhdFromData" />
    </UnitTest>
    <UnitTest name="TestH265SpsFromDataWithEmulationPrevention" storage="d:\actions-runner\_work\xpco\xpco\mobile\mobileserver\mobileserverbinaries\videoos.mobile.mp4muxing.test\bin\debug\net472\videoos.mobile.mp4muxing.test.dll" id="29f8a31a-a9bf-8120-612e-56a2664527cb">
      <TestCategory>
        <TestCategoryItem TestCategory="Fast" />
      </TestCategory>
      <Execution id="8e685cbb-e681-4365-844e-8e7febb7ebf2" />
      <TestMethod codeBase="D:\actions-runner\_work\XPCO\XPCO\Mobile\MobileServer\MobileServerBinaries\VideoOS.Mobile.MP4Muxing.Test\bin\Debug\net472\VideoOS.Mobile.MP4Muxing.Test.dll" adapterTypeName="executor://mstestadapter/v2" className="VideoOS.Mobile.MP4Muxing.Test.VideoParser.H265.H265SpsTest" name="TestH265SpsFromDataWithEmulationPrevention" />
    </UnitTest>
    <UnitTest name="TestMp4Frame" storage="d:\actions-runner\_work\xpco\xpco\mobile\mobileserver\mobileserverbinaries\videoos.mobile.mp4muxing.test\bin\debug\net472\videoos.mobile.mp4muxing.test.dll" id="fe2c4d90-3795-10b7-98e4-4d6315c32f79">
      <TestCategory>
        <TestCategoryItem TestCategory="Fast" />
      </TestCategory>
      <Execution id="ae19bd16-bd03-42fd-8248-7b098ac8ef6a" />
      <TestMethod codeBase="D:\actions-runner\_work\XPCO\XPCO\Mobile\MobileServer\MobileServerBinaries\VideoOS.Mobile.MP4Muxing.Test\bin\Debug\net472\VideoOS.Mobile.MP4Muxing.Test.dll" adapterTypeName="executor://mstestadapter/v2" className="VideoOS.Mobile.MP4Muxing.Test.FMP4Parser.Mp4FrameTest" name="TestMp4Frame" />
    </UnitTest>
    <UnitTest name="TestAvcDecoderConfigurationBox" storage="d:\actions-runner\_work\xpco\xpco\mobile\mobileserver\mobileserverbinaries\videoos.mobile.mp4muxing.test\bin\debug\net472\videoos.mobile.mp4muxing.test.dll" id="7e845399-30bb-8a04-da30-5245a41270f0">
      <TestCategory>
        <TestCategoryItem TestCategory="Fast" />
      </TestCategory>
      <Execution id="d8e10103-17c9-421a-b040-e9cde44a62f1" />
      <TestMethod codeBase="D:\actions-runner\_work\XPCO\XPCO\Mobile\MobileServer\MobileServerBinaries\VideoOS.Mobile.MP4Muxing.Test\bin\Debug\net472\VideoOS.Mobile.MP4Muxing.Test.dll" adapterTypeName="executor://mstestadapter/v2" className="VideoOS.Mobile.MP4Muxing.Test.FMP4Parser.Boxes.Implementations.SampleEntries.AvcDecoderConfigurationBoxTest" name="TestAvcDecoderConfigurationBox" />
    </UnitTest>
    <UnitTest name="TestStcoFromDataNoEntry" storage="d:\actions-runner\_work\xpco\xpco\mobile\mobileserver\mobileserverbinaries\videoos.mobile.mp4muxing.test\bin\debug\net472\videoos.mobile.mp4muxing.test.dll" id="3366f3d8-1381-8310-4199-f585ac7f8670">
      <TestCategory>
        <TestCategoryItem TestCategory="Fast" />
      </TestCategory>
      <Execution id="3b2ab66c-0e98-497c-9b1f-bb526c001d4e" />
      <TestMethod codeBase="D:\actions-runner\_work\XPCO\XPCO\Mobile\MobileServer\MobileServerBinaries\VideoOS.Mobile.MP4Muxing.Test\bin\Debug\net472\VideoOS.Mobile.MP4Muxing.Test.dll" adapterTypeName="executor://mstestadapter/v2" className="VideoOS.Mobile.MP4Muxing.Test.FMP4Parser.Boxes.Implementations.ChunkOffsetBoxTest" name="TestStcoFromDataNoEntry" />
    </UnitTest>
    <UnitTest name="TestHevcDecoderConfigurationBoxFromData" storage="d:\actions-runner\_work\xpco\xpco\mobile\mobileserver\mobileserverbinaries\videoos.mobile.mp4muxing.test\bin\debug\net472\videoos.mobile.mp4muxing.test.dll" id="33a9e29a-913b-3a0d-8046-16f1810d593a">
      <TestCategory>
        <TestCategoryItem TestCategory="Fast" />
      </TestCategory>
      <Execution id="8bbb3b2f-5d6d-4805-b15f-688ab307d857" />
      <TestMethod codeBase="D:\actions-runner\_work\XPCO\XPCO\Mobile\MobileServer\MobileServerBinaries\VideoOS.Mobile.MP4Muxing.Test\bin\Debug\net472\VideoOS.Mobile.MP4Muxing.Test.dll" adapterTypeName="executor://mstestadapter/v2" className="VideoOS.Mobile.MP4Muxing.Test.FMP4Parser.Boxes.Implementations.SampleEntries.HevcDecoderConfigurationBoxTest" name="TestHevcDecoderConfigurationBoxFromData" />
    </UnitTest>
    <UnitTest name="TestSpsRbspFromData" storage="d:\actions-runner\_work\xpco\xpco\mobile\mobileserver\mobileserverbinaries\videoos.mobile.mp4muxing.test\bin\debug\net472\videoos.mobile.mp4muxing.test.dll" id="3b7446bf-8ea7-da7b-7aa6-659c431dc10d">
      <TestCategory>
        <TestCategoryItem TestCategory="Fast" />
      </TestCategory>
      <Execution id="8d43f109-f030-4897-88f1-1bf7d8e6cde0" />
      <TestMethod codeBase="D:\actions-runner\_work\XPCO\XPCO\Mobile\MobileServer\MobileServerBinaries\VideoOS.Mobile.MP4Muxing.Test\bin\Debug\net472\VideoOS.Mobile.MP4Muxing.Test.dll" adapterTypeName="executor://mstestadapter/v2" className="VideoOS.Mobile.MP4Muxing.Test.VideoParser.H264.H264FrameTypeRbspParserTest" name="TestSpsRbspFromData" />
    </UnitTest>
    <UnitTest name="TestMovieHeaderBox" storage="d:\actions-runner\_work\xpco\xpco\mobile\mobileserver\mobileserverbinaries\videoos.mobile.mp4muxing.test\bin\debug\net472\videoos.mobile.mp4muxing.test.dll" id="18e1293f-acff-99ff-d357-301b4f48ab4f">
      <Execution id="064d7c71-f82d-4e2e-b77f-3021c92a4a44" />
      <TestMethod codeBase="D:\actions-runner\_work\XPCO\XPCO\Mobile\MobileServer\MobileServerBinaries\VideoOS.Mobile.MP4Muxing.Test\bin\Debug\net472\VideoOS.Mobile.MP4Muxing.Test.dll" adapterTypeName="executor://mstestadapter/v2" className="VideoOS.Mobile.MP4Muxing.Test.FMP4Parser.Boxes.Implementations.MovieHeaderBoxTest" name="TestMovieHeaderBox" />
    </UnitTest>
    <UnitTest name="TestSampleToChunkBox" storage="d:\actions-runner\_work\xpco\xpco\mobile\mobileserver\mobileserverbinaries\videoos.mobile.mp4muxing.test\bin\debug\net472\videoos.mobile.mp4muxing.test.dll" id="70e8428e-3307-4e28-1ea9-e9c75d781d45">
      <TestCategory>
        <TestCategoryItem TestCategory="Fast" />
      </TestCategory>
      <Execution id="695867ad-67cb-42a0-bfbd-34ecd9c66e65" />
      <TestMethod codeBase="D:\actions-runner\_work\XPCO\XPCO\Mobile\MobileServer\MobileServerBinaries\VideoOS.Mobile.MP4Muxing.Test\bin\Debug\net472\VideoOS.Mobile.MP4Muxing.Test.dll" adapterTypeName="executor://mstestadapter/v2" className="VideoOS.Mobile.MP4Muxing.Test.FMP4Parser.Boxes.Implementations.SampleToChunkBoxTest" name="TestSampleToChunkBox" />
    </UnitTest>
    <UnitTest name="TestH264ParamSetParserFromData" storage="d:\actions-runner\_work\xpco\xpco\mobile\mobileserver\mobileserverbinaries\videoos.mobile.mp4muxing.test\bin\debug\net472\videoos.mobile.mp4muxing.test.dll" id="fe3ee906-a9a2-133c-e8ab-109607737a9e">
      <TestCategory>
        <TestCategoryItem TestCategory="Fast" />
      </TestCategory>
      <Execution id="7d8fc6b9-9315-440f-a2a0-3b0f48d45829" />
      <TestMethod codeBase="D:\actions-runner\_work\XPCO\XPCO\Mobile\MobileServer\MobileServerBinaries\VideoOS.Mobile.MP4Muxing.Test\bin\Debug\net472\VideoOS.Mobile.MP4Muxing.Test.dll" adapterTypeName="executor://mstestadapter/v2" className="VideoOS.Mobile.MP4Muxing.Test.VideoParser.H264.H264ParamSetParserTest" name="TestH264ParamSetParserFromData" />
    </UnitTest>
    <UnitTest name="TestTrunFromData" storage="d:\actions-runner\_work\xpco\xpco\mobile\mobileserver\mobileserverbinaries\videoos.mobile.mp4muxing.test\bin\debug\net472\videoos.mobile.mp4muxing.test.dll" id="63e0b709-2451-e247-2be8-3dc2bf765780">
      <TestCategory>
        <TestCategoryItem TestCategory="Fast" />
      </TestCategory>
      <Execution id="2d38d96e-afb5-4ee5-a979-cfd5401dc5ad" />
      <TestMethod codeBase="D:\actions-runner\_work\XPCO\XPCO\Mobile\MobileServer\MobileServerBinaries\VideoOS.Mobile.MP4Muxing.Test\bin\Debug\net472\VideoOS.Mobile.MP4Muxing.Test.dll" adapterTypeName="executor://mstestadapter/v2" className="VideoOS.Mobile.MP4Muxing.Test.FMP4Parser.Boxes.Implementations.TrackFragmentRunBoxTests" name="TestTrunFromData" />
    </UnitTest>
    <UnitTest name="TestMdhdFromData" storage="d:\actions-runner\_work\xpco\xpco\mobile\mobileserver\mobileserverbinaries\videoos.mobile.mp4muxing.test\bin\debug\net472\videoos.mobile.mp4muxing.test.dll" id="a5cc4c8f-2da6-4fe7-1496-730b009f2561">
      <TestCategory>
        <TestCategoryItem TestCategory="Fast" />
      </TestCategory>
      <Execution id="af060d17-0d84-46e3-9fad-2342eb7b6679" />
      <TestMethod codeBase="D:\actions-runner\_work\XPCO\XPCO\Mobile\MobileServer\MobileServerBinaries\VideoOS.Mobile.MP4Muxing.Test\bin\Debug\net472\VideoOS.Mobile.MP4Muxing.Test.dll" adapterTypeName="executor://mstestadapter/v2" className="VideoOS.Mobile.MP4Muxing.Test.FMP4Parser.Boxes.Implementations.MediaHeaderBoxTest" name="TestMdhdFromData" />
    </UnitTest>
    <UnitTest name="TestTrackExtendsBox" storage="d:\actions-runner\_work\xpco\xpco\mobile\mobileserver\mobileserverbinaries\videoos.mobile.mp4muxing.test\bin\debug\net472\videoos.mobile.mp4muxing.test.dll" id="1128ee4e-0642-4c72-84a0-c0f57591b6ac">
      <TestCategory>
        <TestCategoryItem TestCategory="Fast" />
      </TestCategory>
      <Execution id="75f67f1e-b17a-49a3-81fd-0cb7e3f633ee" />
      <TestMethod codeBase="D:\actions-runner\_work\XPCO\XPCO\Mobile\MobileServer\MobileServerBinaries\VideoOS.Mobile.MP4Muxing.Test\bin\Debug\net472\VideoOS.Mobile.MP4Muxing.Test.dll" adapterTypeName="executor://mstestadapter/v2" className="VideoOS.Mobile.MP4Muxing.Test.FMP4Parser.Boxes.Implementations.TrackExtendsBoxTest" name="TestTrackExtendsBox" />
    </UnitTest>
    <UnitTest name="TestChunkOffsetBox" storage="d:\actions-runner\_work\xpco\xpco\mobile\mobileserver\mobileserverbinaries\videoos.mobile.mp4muxing.test\bin\debug\net472\videoos.mobile.mp4muxing.test.dll" id="47027e6a-9f9f-751f-10b6-8050611a4b29">
      <TestCategory>
        <TestCategoryItem TestCategory="Fast" />
      </TestCategory>
      <Execution id="7ec6d8f3-984b-4c14-befd-fdeff9e4bbd4" />
      <TestMethod codeBase="D:\actions-runner\_work\XPCO\XPCO\Mobile\MobileServer\MobileServerBinaries\VideoOS.Mobile.MP4Muxing.Test\bin\Debug\net472\VideoOS.Mobile.MP4Muxing.Test.dll" adapterTypeName="executor://mstestadapter/v2" className="VideoOS.Mobile.MP4Muxing.Test.FMP4Parser.Boxes.Implementations.ChunkOffsetBoxTest" name="TestChunkOffsetBox" />
    </UnitTest>
    <UnitTest name="TestVisualSampleEntryFromData" storage="d:\actions-runner\_work\xpco\xpco\mobile\mobileserver\mobileserverbinaries\videoos.mobile.mp4muxing.test\bin\debug\net472\videoos.mobile.mp4muxing.test.dll" id="88315b65-80a1-2ca6-f1a4-780a0156556d">
      <TestCategory>
        <TestCategoryItem TestCategory="Fast" />
      </TestCategory>
      <Execution id="d11ea8c4-f174-4f3c-a79b-1a5ee3a15bc4" />
      <TestMethod codeBase="D:\actions-runner\_work\XPCO\XPCO\Mobile\MobileServer\MobileServerBinaries\VideoOS.Mobile.MP4Muxing.Test\bin\Debug\net472\VideoOS.Mobile.MP4Muxing.Test.dll" adapterTypeName="executor://mstestadapter/v2" className="VideoOS.Mobile.MP4Muxing.Test.FMP4Parser.Boxes.Implementations.SampleEntries.VisualSampleEntryTest" name="TestVisualSampleEntryFromData" />
    </UnitTest>
    <UnitTest name="TestGetStartOffsetTillDataIterationSpsPpsFrame" storage="d:\actions-runner\_work\xpco\xpco\mobile\mobileserver\mobileserverbinaries\videoos.mobile.mp4muxing.test\bin\debug\net472\videoos.mobile.mp4muxing.test.dll" id="8d4f5a14-b4cc-7388-2ce2-805160489936">
      <TestCategory>
        <TestCategoryItem TestCategory="Fast" />
      </TestCategory>
      <Execution id="41b13550-5f68-4f22-a288-d05c4bf0bb9c" />
      <TestMethod codeBase="D:\actions-runner\_work\XPCO\XPCO\Mobile\MobileServer\MobileServerBinaries\VideoOS.Mobile.MP4Muxing.Test\bin\Debug\net472\VideoOS.Mobile.MP4Muxing.Test.dll" adapterTypeName="executor://mstestadapter/v2" className="VideoOS.Mobile.MP4Muxing.Test.FMP4Parser.Mp4FrameHelperTest" name="TestGetStartOffsetTillDataIterationSpsPpsFrame" />
    </UnitTest>
    <UnitTest name="TestTrackHeaderBox" storage="d:\actions-runner\_work\xpco\xpco\mobile\mobileserver\mobileserverbinaries\videoos.mobile.mp4muxing.test\bin\debug\net472\videoos.mobile.mp4muxing.test.dll" id="93c58bd5-ed5f-3c0c-5424-d1fa24ab28a1">
      <TestCategory>
        <TestCategoryItem TestCategory="Fast" />
      </TestCategory>
      <Execution id="529a6bdd-2f71-4315-94d6-1b757a7b4ab8" />
      <TestMethod codeBase="D:\actions-runner\_work\XPCO\XPCO\Mobile\MobileServer\MobileServerBinaries\VideoOS.Mobile.MP4Muxing.Test\bin\Debug\net472\VideoOS.Mobile.MP4Muxing.Test.dll" adapterTypeName="executor://mstestadapter/v2" className="VideoOS.Mobile.MP4Muxing.Test.FMP4Parser.Boxes.Implementations.TrackHeaderBoxTest" name="TestTrackHeaderBox" />
    </UnitTest>
    <UnitTest name="TestEmulationPreventionSpsH265" storage="d:\actions-runner\_work\xpco\xpco\mobile\mobileserver\mobileserverbinaries\videoos.mobile.mp4muxing.test\bin\debug\net472\videoos.mobile.mp4muxing.test.dll" id="3650644e-0de5-48c9-1e2f-f95983c94aa0">
      <TestCategory>
        <TestCategoryItem TestCategory="Fast" />
      </TestCategory>
      <Execution id="2b2023c3-ad5e-49dc-ae0d-64ae90abd5c1" />
      <TestMethod codeBase="D:\actions-runner\_work\XPCO\XPCO\Mobile\MobileServer\MobileServerBinaries\VideoOS.Mobile.MP4Muxing.Test\bin\Debug\net472\VideoOS.Mobile.MP4Muxing.Test.dll" adapterTypeName="executor://mstestadapter/v2" className="VideoOS.Mobile.MP4Muxing.Test.VideoParser.EmulationPreventionTest" name="TestEmulationPreventionSpsH265" />
    </UnitTest>
    <UnitTest name="TestTrexFromData" storage="d:\actions-runner\_work\xpco\xpco\mobile\mobileserver\mobileserverbinaries\videoos.mobile.mp4muxing.test\bin\debug\net472\videoos.mobile.mp4muxing.test.dll" id="afbbc307-9296-31b8-8ad8-58f298c1b858">
      <TestCategory>
        <TestCategoryItem TestCategory="Fast" />
      </TestCategory>
      <Execution id="2d4ced3b-5264-4dde-8015-79f45a2e756d" />
      <TestMethod codeBase="D:\actions-runner\_work\XPCO\XPCO\Mobile\MobileServer\MobileServerBinaries\VideoOS.Mobile.MP4Muxing.Test\bin\Debug\net472\VideoOS.Mobile.MP4Muxing.Test.dll" adapterTypeName="executor://mstestadapter/v2" className="VideoOS.Mobile.MP4Muxing.Test.FMP4Parser.Boxes.Implementations.TrackExtendsBoxTest" name="TestTrexFromData" />
    </UnitTest>
    <UnitTest name="TestSampleEntry" storage="d:\actions-runner\_work\xpco\xpco\mobile\mobileserver\mobileserverbinaries\videoos.mobile.mp4muxing.test\bin\debug\net472\videoos.mobile.mp4muxing.test.dll" id="f3e0c3a1-c4ca-62a4-1173-18b1bc615219">
      <TestCategory>
        <TestCategoryItem TestCategory="Fast" />
      </TestCategory>
      <Execution id="35c8c00a-4927-4a60-a7bd-43c2a8da7b54" />
      <TestMethod codeBase="D:\actions-runner\_work\XPCO\XPCO\Mobile\MobileServer\MobileServerBinaries\VideoOS.Mobile.MP4Muxing.Test\bin\Debug\net472\VideoOS.Mobile.MP4Muxing.Test.dll" adapterTypeName="executor://mstestadapter/v2" className="VideoOS.Mobile.MP4Muxing.Test.FMP4Parser.Boxes.Implementations.SampleEntries.SampleEntryTest" name="TestSampleEntry" />
    </UnitTest>
    <UnitTest name="TestHandlerReferenceBox" storage="d:\actions-runner\_work\xpco\xpco\mobile\mobileserver\mobileserverbinaries\videoos.mobile.mp4muxing.test\bin\debug\net472\videoos.mobile.mp4muxing.test.dll" id="650f456a-bc6a-c3f6-2dc1-94b750ad48bd">
      <TestCategory>
        <TestCategoryItem TestCategory="Fast" />
      </TestCategory>
      <Execution id="bfde82f2-a7a6-49c9-b76c-dea4629c6e49" />
      <TestMethod codeBase="D:\actions-runner\_work\XPCO\XPCO\Mobile\MobileServer\MobileServerBinaries\VideoOS.Mobile.MP4Muxing.Test\bin\Debug\net472\VideoOS.Mobile.MP4Muxing.Test.dll" adapterTypeName="executor://mstestadapter/v2" className="VideoOS.Mobile.MP4Muxing.Test.FMP4Parser.Boxes.Implementations.HandlerReferenceBoxTest" name="TestHandlerReferenceBox" />
    </UnitTest>
    <UnitTest name="TestSampleFlagsPositions" storage="d:\actions-runner\_work\xpco\xpco\mobile\mobileserver\mobileserverbinaries\videoos.mobile.mp4muxing.test\bin\debug\net472\videoos.mobile.mp4muxing.test.dll" id="0d5255c6-f0e9-f182-470a-70a84931b495">
      <TestCategory>
        <TestCategoryItem TestCategory="Fast" />
      </TestCategory>
      <Execution id="df5ce4d7-c71c-465d-804a-dc063374ea7e" />
      <TestMethod codeBase="D:\actions-runner\_work\XPCO\XPCO\Mobile\MobileServer\MobileServerBinaries\VideoOS.Mobile.MP4Muxing.Test\bin\Debug\net472\VideoOS.Mobile.MP4Muxing.Test.dll" adapterTypeName="executor://mstestadapter/v2" className="VideoOS.Mobile.MP4Muxing.Test.FMP4Parser.Boxes.DataTypes.SampleFlagsTest" name="TestSampleFlagsPositions" />
    </UnitTest>
    <UnitTest name="TestEmulationPreventionSpsH264" storage="d:\actions-runner\_work\xpco\xpco\mobile\mobileserver\mobileserverbinaries\videoos.mobile.mp4muxing.test\bin\debug\net472\videoos.mobile.mp4muxing.test.dll" id="3ee2b4ab-d534-1d65-e8d9-ab0bf4dbda8a">
      <TestCategory>
        <TestCategoryItem TestCategory="Fast" />
      </TestCategory>
      <Execution id="3e28c7ec-dfb9-4b00-8479-ca952c2d1f8a" />
      <TestMethod codeBase="D:\actions-runner\_work\XPCO\XPCO\Mobile\MobileServer\MobileServerBinaries\VideoOS.Mobile.MP4Muxing.Test\bin\Debug\net472\VideoOS.Mobile.MP4Muxing.Test.dll" adapterTypeName="executor://mstestadapter/v2" className="VideoOS.Mobile.MP4Muxing.Test.VideoParser.EmulationPreventionTest" name="TestEmulationPreventionSpsH264" />
    </UnitTest>
    <UnitTest name="TestTrackFragmentDecodeTimeBox" storage="d:\actions-runner\_work\xpco\xpco\mobile\mobileserver\mobileserverbinaries\videoos.mobile.mp4muxing.test\bin\debug\net472\videoos.mobile.mp4muxing.test.dll" id="5d233ee7-2ba2-afb8-5b4d-09d376910e4f">
      <TestCategory>
        <TestCategoryItem TestCategory="Fast" />
      </TestCategory>
      <Execution id="2451446f-90f1-4bd5-bfd6-30094e00df83" />
      <TestMethod codeBase="D:\actions-runner\_work\XPCO\XPCO\Mobile\MobileServer\MobileServerBinaries\VideoOS.Mobile.MP4Muxing.Test\bin\Debug\net472\VideoOS.Mobile.MP4Muxing.Test.dll" adapterTypeName="executor://mstestadapter/v2" className="VideoOS.Mobile.MP4Muxing.Test.FMP4Parser.Boxes.Implementations.TrackFragmentDecodeTimeBoxTests" name="TestTrackFragmentDecodeTimeBox" />
    </UnitTest>
    <UnitTest name="TestTfhdFromData2" storage="d:\actions-runner\_work\xpco\xpco\mobile\mobileserver\mobileserverbinaries\videoos.mobile.mp4muxing.test\bin\debug\net472\videoos.mobile.mp4muxing.test.dll" id="8001a15a-820f-81dd-d506-843569a1f6b6">
      <TestCategory>
        <TestCategoryItem TestCategory="Fast" />
      </TestCategory>
      <Execution id="39d3bff9-74cb-4708-b863-4f0339445538" />
      <TestMethod codeBase="D:\actions-runner\_work\XPCO\XPCO\Mobile\MobileServer\MobileServerBinaries\VideoOS.Mobile.MP4Muxing.Test\bin\Debug\net472\VideoOS.Mobile.MP4Muxing.Test.dll" adapterTypeName="executor://mstestadapter/v2" className="VideoOS.Mobile.MP4Muxing.Test.FMP4Parser.Boxes.Implementations.TrackFragmentHeaderBoxTests" name="TestTfhdFromData2" />
    </UnitTest>
    <UnitTest name="TestMfhdFromData" storage="d:\actions-runner\_work\xpco\xpco\mobile\mobileserver\mobileserverbinaries\videoos.mobile.mp4muxing.test\bin\debug\net472\videoos.mobile.mp4muxing.test.dll" id="cd58a7f2-9e26-77e2-12b5-93b8e1f0a94e">
      <TestCategory>
        <TestCategoryItem TestCategory="Fast" />
      </TestCategory>
      <Execution id="c8cbf857-dc48-4fe6-9ac6-c4fb61e36e71" />
      <TestMethod codeBase="D:\actions-runner\_work\XPCO\XPCO\Mobile\MobileServer\MobileServerBinaries\VideoOS.Mobile.MP4Muxing.Test\bin\Debug\net472\VideoOS.Mobile.MP4Muxing.Test.dll" adapterTypeName="executor://mstestadapter/v2" className="VideoOS.Mobile.MP4Muxing.Test.FMP4Parser.Boxes.Implementations.MovieFragmentHeaderBoxTest" name="TestMfhdFromData" />
    </UnitTest>
    <UnitTest name="TestVisualSampleEntry" storage="d:\actions-runner\_work\xpco\xpco\mobile\mobileserver\mobileserverbinaries\videoos.mobile.mp4muxing.test\bin\debug\net472\videoos.mobile.mp4muxing.test.dll" id="de65d88e-83ee-497e-500c-a66b6795aa89">
      <TestCategory>
        <TestCategoryItem TestCategory="Fast" />
      </TestCategory>
      <Execution id="127471da-2e2f-4b96-bdbf-d84b5cfcfe70" />
      <TestMethod codeBase="D:\actions-runner\_work\XPCO\XPCO\Mobile\MobileServer\MobileServerBinaries\VideoOS.Mobile.MP4Muxing.Test\bin\Debug\net472\VideoOS.Mobile.MP4Muxing.Test.dll" adapterTypeName="executor://mstestadapter/v2" className="VideoOS.Mobile.MP4Muxing.Test.FMP4Parser.Boxes.Implementations.SampleEntries.VisualSampleEntryTest" name="TestVisualSampleEntry" />
    </UnitTest>
    <UnitTest name="TestStszFromDataNoEntry" storage="d:\actions-runner\_work\xpco\xpco\mobile\mobileserver\mobileserverbinaries\videoos.mobile.mp4muxing.test\bin\debug\net472\videoos.mobile.mp4muxing.test.dll" id="4d65d79a-b320-f65e-80c3-2c604c542370">
      <TestCategory>
        <TestCategoryItem TestCategory="Fast" />
      </TestCategory>
      <Execution id="8f6d74d7-ba0a-4727-89d4-fd35f5db37d6" />
      <TestMethod codeBase="D:\actions-runner\_work\XPCO\XPCO\Mobile\MobileServer\MobileServerBinaries\VideoOS.Mobile.MP4Muxing.Test\bin\Debug\net472\VideoOS.Mobile.MP4Muxing.Test.dll" adapterTypeName="executor://mstestadapter/v2" className="VideoOS.Mobile.MP4Muxing.Test.FMP4Parser.Boxes.Implementations.SampleSizeBoxTest" name="TestStszFromDataNoEntry" />
    </UnitTest>
    <UnitTest name="TestMvhdFromData" storage="d:\actions-runner\_work\xpco\xpco\mobile\mobileserver\mobileserverbinaries\videoos.mobile.mp4muxing.test\bin\debug\net472\videoos.mobile.mp4muxing.test.dll" id="7b5d5a92-0761-5868-e46f-6a56ee959a49">
      <TestCategory>
        <TestCategoryItem TestCategory="Fast" />
      </TestCategory>
      <Execution id="06d48438-ab13-42e0-b490-76ff8c0385c2" />
      <TestMethod codeBase="D:\actions-runner\_work\XPCO\XPCO\Mobile\MobileServer\MobileServerBinaries\VideoOS.Mobile.MP4Muxing.Test\bin\Debug\net472\VideoOS.Mobile.MP4Muxing.Test.dll" adapterTypeName="executor://mstestadapter/v2" className="VideoOS.Mobile.MP4Muxing.Test.FMP4Parser.Boxes.Implementations.MovieHeaderBoxTest" name="TestMvhdFromData" />
    </UnitTest>
    <UnitTest name="TestTfdtFromData" storage="d:\actions-runner\_work\xpco\xpco\mobile\mobileserver\mobileserverbinaries\videoos.mobile.mp4muxing.test\bin\debug\net472\videoos.mobile.mp4muxing.test.dll" id="f5627138-ae89-65bc-fc1a-67bb51f67d75">
      <TestCategory>
        <TestCategoryItem TestCategory="Fast" />
      </TestCategory>
      <Execution id="296ba1db-29d4-42fc-9a5f-2a95ec112619" />
      <TestMethod codeBase="D:\actions-runner\_work\XPCO\XPCO\Mobile\MobileServer\MobileServerBinaries\VideoOS.Mobile.MP4Muxing.Test\bin\Debug\net472\VideoOS.Mobile.MP4Muxing.Test.dll" adapterTypeName="executor://mstestadapter/v2" className="VideoOS.Mobile.MP4Muxing.Test.FMP4Parser.Boxes.Implementations.TrackFragmentDecodeTimeBoxTests" name="TestTfdtFromData" />
    </UnitTest>
    <UnitTest name="TestVideoMediaHeaderBox" storage="d:\actions-runner\_work\xpco\xpco\mobile\mobileserver\mobileserverbinaries\videoos.mobile.mp4muxing.test\bin\debug\net472\videoos.mobile.mp4muxing.test.dll" id="21e68e3e-ffe1-163d-88d4-f1caa4190b40">
      <TestCategory>
        <TestCategoryItem TestCategory="Fast" />
      </TestCategory>
      <Execution id="43019434-6de5-4f0f-808a-f0ccff2ee90a" />
      <TestMethod codeBase="D:\actions-runner\_work\XPCO\XPCO\Mobile\MobileServer\MobileServerBinaries\VideoOS.Mobile.MP4Muxing.Test\bin\Debug\net472\VideoOS.Mobile.MP4Muxing.Test.dll" adapterTypeName="executor://mstestadapter/v2" className="VideoOS.Mobile.MP4Muxing.Test.FMP4Parser.Boxes.Implementations.VideoMediaHeaderBoxTest" name="TestVideoMediaHeaderBox" />
    </UnitTest>
    <UnitTest name="TestHdlrFromData" storage="d:\actions-runner\_work\xpco\xpco\mobile\mobileserver\mobileserverbinaries\videoos.mobile.mp4muxing.test\bin\debug\net472\videoos.mobile.mp4muxing.test.dll" id="3de94b8e-9212-2a8f-d2be-70caa9b7ee73">
      <TestCategory>
        <TestCategoryItem TestCategory="Fast" />
      </TestCategory>
      <Execution id="16407a92-8c02-41bf-a3e9-e3c9ad20fa37" />
      <TestMethod codeBase="D:\actions-runner\_work\XPCO\XPCO\Mobile\MobileServer\MobileServerBinaries\VideoOS.Mobile.MP4Muxing.Test\bin\Debug\net472\VideoOS.Mobile.MP4Muxing.Test.dll" adapterTypeName="executor://mstestadapter/v2" className="VideoOS.Mobile.MP4Muxing.Test.FMP4Parser.Boxes.Implementations.HandlerReferenceBoxTest" name="TestHdlrFromData" />
    </UnitTest>
    <UnitTest name="TestH265ParamSetParserFromData" storage="d:\actions-runner\_work\xpco\xpco\mobile\mobileserver\mobileserverbinaries\videoos.mobile.mp4muxing.test\bin\debug\net472\videoos.mobile.mp4muxing.test.dll" id="2838a4c8-471f-94dd-ddfb-47a20e8a6c67">
      <TestCategory>
        <TestCategoryItem TestCategory="Fast" />
      </TestCategory>
      <Execution id="f786add9-552b-43ad-b4c0-86ca7571b111" />
      <TestMethod codeBase="D:\actions-runner\_work\XPCO\XPCO\Mobile\MobileServer\MobileServerBinaries\VideoOS.Mobile.MP4Muxing.Test\bin\Debug\net472\VideoOS.Mobile.MP4Muxing.Test.dll" adapterTypeName="executor://mstestadapter/v2" className="VideoOS.Mobile.MP4Muxing.Test.VideoParser.H265.H265ParamSetParserTest" name="TestH265ParamSetParserFromData" />
    </UnitTest>
    <UnitTest name="TestSpsRbspFromData" storage="d:\actions-runner\_work\xpco\xpco\mobile\mobileserver\mobileserverbinaries\videoos.mobile.mp4muxing.test\bin\debug\net472\videoos.mobile.mp4muxing.test.dll" id="7a44c677-8dea-707a-183d-11ebfc544d9f">
      <TestCategory>
        <TestCategoryItem TestCategory="Fast" />
      </TestCategory>
      <Execution id="75edc0e4-9e4f-4f58-8c52-d54c8f1ccfd9" />
      <TestMethod codeBase="D:\actions-runner\_work\XPCO\XPCO\Mobile\MobileServer\MobileServerBinaries\VideoOS.Mobile.MP4Muxing.Test\bin\Debug\net472\VideoOS.Mobile.MP4Muxing.Test.dll" adapterTypeName="executor://mstestadapter/v2" className="VideoOS.Mobile.MP4Muxing.Test.VideoParser.H264.H264SpsRbspTest" name="TestSpsRbspFromData" />
    </UnitTest>
    <UnitTest name="TestStscFromDataNoEntry" storage="d:\actions-runner\_work\xpco\xpco\mobile\mobileserver\mobileserverbinaries\videoos.mobile.mp4muxing.test\bin\debug\net472\videoos.mobile.mp4muxing.test.dll" id="8a5c955e-6d1f-7db0-27bd-028a259150ad">
      <TestCategory>
        <TestCategoryItem TestCategory="Fast" />
      </TestCategory>
      <Execution id="ae40cf24-f0d5-4682-8ea9-ef382a2d194a" />
      <TestMethod codeBase="D:\actions-runner\_work\XPCO\XPCO\Mobile\MobileServer\MobileServerBinaries\VideoOS.Mobile.MP4Muxing.Test\bin\Debug\net472\VideoOS.Mobile.MP4Muxing.Test.dll" adapterTypeName="executor://mstestadapter/v2" className="VideoOS.Mobile.MP4Muxing.Test.FMP4Parser.Boxes.Implementations.SampleToChunkBoxTest" name="TestStscFromDataNoEntry" />
    </UnitTest>
    <UnitTest name="TestStszFromDataWithEntries" storage="d:\actions-runner\_work\xpco\xpco\mobile\mobileserver\mobileserverbinaries\videoos.mobile.mp4muxing.test\bin\debug\net472\videoos.mobile.mp4muxing.test.dll" id="f614f41d-973f-fee2-5584-df8787bd8d35">
      <TestCategory>
        <TestCategoryItem TestCategory="Fast" />
      </TestCategory>
      <Execution id="fd32879c-1119-4f62-b9bb-0701836b9965" />
      <TestMethod codeBase="D:\actions-runner\_work\XPCO\XPCO\Mobile\MobileServer\MobileServerBinaries\VideoOS.Mobile.MP4Muxing.Test\bin\Debug\net472\VideoOS.Mobile.MP4Muxing.Test.dll" adapterTypeName="executor://mstestadapter/v2" className="VideoOS.Mobile.MP4Muxing.Test.FMP4Parser.Boxes.Implementations.SampleSizeBoxTest" name="TestStszFromDataWithEntries" />
    </UnitTest>
    <UnitTest name="TestVisualSampleEntryFromData" storage="d:\actions-runner\_work\xpco\xpco\mobile\mobileserver\mobileserverbinaries\videoos.mobile.mp4muxing.test\bin\debug\net472\videoos.mobile.mp4muxing.test.dll" id="fc6d935f-6f8c-ba48-63c4-1332d2e06895">
      <TestCategory>
        <TestCategoryItem TestCategory="Fast" />
      </TestCategory>
      <Execution id="32d967db-838a-47d7-a442-11babbb06e10" />
      <TestMethod codeBase="D:\actions-runner\_work\XPCO\XPCO\Mobile\MobileServer\MobileServerBinaries\VideoOS.Mobile.MP4Muxing.Test\bin\Debug\net472\VideoOS.Mobile.MP4Muxing.Test.dll" adapterTypeName="executor://mstestadapter/v2" className="VideoOS.Mobile.MP4Muxing.Test.FMP4Parser.Boxes.Implementations.SampleEntries.Avc1EntryTest" name="TestVisualSampleEntryFromData" />
    </UnitTest>
    <UnitTest name="TestSpsRbspFromData2" storage="d:\actions-runner\_work\xpco\xpco\mobile\mobileserver\mobileserverbinaries\videoos.mobile.mp4muxing.test\bin\debug\net472\videoos.mobile.mp4muxing.test.dll" id="b4bb8fc7-7c57-a01a-5f66-67a72450790a">
      <TestCategory>
        <TestCategoryItem TestCategory="Fast" />
      </TestCategory>
      <Execution id="a25539cb-8baf-43bc-be45-201c2004151b" />
      <TestMethod codeBase="D:\actions-runner\_work\XPCO\XPCO\Mobile\MobileServer\MobileServerBinaries\VideoOS.Mobile.MP4Muxing.Test\bin\Debug\net472\VideoOS.Mobile.MP4Muxing.Test.dll" adapterTypeName="executor://mstestadapter/v2" className="VideoOS.Mobile.MP4Muxing.Test.VideoParser.H264.H264SpsRbspTest" name="TestSpsRbspFromData2" />
    </UnitTest>
    <UnitTest name="TestMp4FrameGroup" storage="d:\actions-runner\_work\xpco\xpco\mobile\mobileserver\mobileserverbinaries\videoos.mobile.mp4muxing.test\bin\debug\net472\videoos.mobile.mp4muxing.test.dll" id="e53d0b00-27d1-cd2f-7ed0-66877a6f66af">
      <TestCategory>
        <TestCategoryItem TestCategory="Fast" />
      </TestCategory>
      <Execution id="1d62a3eb-2588-476b-807e-288a660cc007" />
      <TestMethod codeBase="D:\actions-runner\_work\XPCO\XPCO\Mobile\MobileServer\MobileServerBinaries\VideoOS.Mobile.MP4Muxing.Test\bin\Debug\net472\VideoOS.Mobile.MP4Muxing.Test.dll" adapterTypeName="executor://mstestadapter/v2" className="VideoOS.Mobile.MP4Muxing.Test.FMP4Parser.Mp4FrameGroupTest" name="TestMp4FrameGroup" />
    </UnitTest>
    <UnitTest name="TestTrackFragmentHeaderBox" storage="d:\actions-runner\_work\xpco\xpco\mobile\mobileserver\mobileserverbinaries\videoos.mobile.mp4muxing.test\bin\debug\net472\videoos.mobile.mp4muxing.test.dll" id="391cb106-f24c-f83c-1330-82a45160a050">
      <TestCategory>
        <TestCategoryItem TestCategory="Fast" />
      </TestCategory>
      <Execution id="04e32d49-702b-496d-ac0a-039b58bc1195" />
      <TestMethod codeBase="D:\actions-runner\_work\XPCO\XPCO\Mobile\MobileServer\MobileServerBinaries\VideoOS.Mobile.MP4Muxing.Test\bin\Debug\net472\VideoOS.Mobile.MP4Muxing.Test.dll" adapterTypeName="executor://mstestadapter/v2" className="VideoOS.Mobile.MP4Muxing.Test.FMP4Parser.Boxes.Implementations.TrackFragmentHeaderBoxTests" name="TestTrackFragmentHeaderBox" />
    </UnitTest>
    <UnitTest name="TestStscFromDataWithEntries" storage="d:\actions-runner\_work\xpco\xpco\mobile\mobileserver\mobileserverbinaries\videoos.mobile.mp4muxing.test\bin\debug\net472\videoos.mobile.mp4muxing.test.dll" id="61ca97f7-be04-3443-491a-fb725cbef115">
      <TestCategory>
        <TestCategoryItem TestCategory="Fast" />
      </TestCategory>
      <Execution id="fa125b6a-6867-4ebe-b0ff-3b973e26daad" />
      <TestMethod codeBase="D:\actions-runner\_work\XPCO\XPCO\Mobile\MobileServer\MobileServerBinaries\VideoOS.Mobile.MP4Muxing.Test\bin\Debug\net472\VideoOS.Mobile.MP4Muxing.Test.dll" adapterTypeName="executor://mstestadapter/v2" className="VideoOS.Mobile.MP4Muxing.Test.FMP4Parser.Boxes.Implementations.SampleToChunkBoxTest" name="TestStscFromDataWithEntries" />
    </UnitTest>
    <UnitTest name="TestTrackFragmentRunBox" storage="d:\actions-runner\_work\xpco\xpco\mobile\mobileserver\mobileserverbinaries\videoos.mobile.mp4muxing.test\bin\debug\net472\videoos.mobile.mp4muxing.test.dll" id="ff857958-b5e6-841a-3e90-b683d75a84b5">
      <TestCategory>
        <TestCategoryItem TestCategory="Fast" />
      </TestCategory>
      <Execution id="c4f60abb-38c0-407e-b69d-9b35f88de8cf" />
      <TestMethod codeBase="D:\actions-runner\_work\XPCO\XPCO\Mobile\MobileServer\MobileServerBinaries\VideoOS.Mobile.MP4Muxing.Test\bin\Debug\net472\VideoOS.Mobile.MP4Muxing.Test.dll" adapterTypeName="executor://mstestadapter/v2" className="VideoOS.Mobile.MP4Muxing.Test.FMP4Parser.Boxes.Implementations.TrackFragmentRunBoxTests" name="TestTrackFragmentRunBox" />
    </UnitTest>
    <UnitTest name="TestSampleFlags" storage="d:\actions-runner\_work\xpco\xpco\mobile\mobileserver\mobileserverbinaries\videoos.mobile.mp4muxing.test\bin\debug\net472\videoos.mobile.mp4muxing.test.dll" id="0f306217-30ae-f891-baf7-93471f2cd766">
      <TestCategory>
        <TestCategoryItem TestCategory="Fast" />
      </TestCategory>
      <Execution id="bb8b2b7c-f827-4a7e-9ef6-1845902c6187" />
      <TestMethod codeBase="D:\actions-runner\_work\XPCO\XPCO\Mobile\MobileServer\MobileServerBinaries\VideoOS.Mobile.MP4Muxing.Test\bin\Debug\net472\VideoOS.Mobile.MP4Muxing.Test.dll" adapterTypeName="executor://mstestadapter/v2" className="VideoOS.Mobile.MP4Muxing.Test.FMP4Parser.Boxes.DataTypes.SampleFlagsTest" name="TestSampleFlags" />
    </UnitTest>
    <UnitTest name="TestSampleSizeBox" storage="d:\actions-runner\_work\xpco\xpco\mobile\mobileserver\mobileserverbinaries\videoos.mobile.mp4muxing.test\bin\debug\net472\videoos.mobile.mp4muxing.test.dll" id="acfbc6c0-9868-f569-1fbc-39df28668389">
      <TestCategory>
        <TestCategoryItem TestCategory="Fast" />
      </TestCategory>
      <Execution id="74a2f4f6-52a2-4479-8e95-e2d00b8db61b" />
      <TestMethod codeBase="D:\actions-runner\_work\XPCO\XPCO\Mobile\MobileServer\MobileServerBinaries\VideoOS.Mobile.MP4Muxing.Test\bin\Debug\net472\VideoOS.Mobile.MP4Muxing.Test.dll" adapterTypeName="executor://mstestadapter/v2" className="VideoOS.Mobile.MP4Muxing.Test.FMP4Parser.Boxes.Implementations.SampleSizeBoxTest" name="TestSampleSizeBox" />
    </UnitTest>
    <UnitTest name="TestUrlFromData" storage="d:\actions-runner\_work\xpco\xpco\mobile\mobileserver\mobileserverbinaries\videoos.mobile.mp4muxing.test\bin\debug\net472\videoos.mobile.mp4muxing.test.dll" id="6dc94b43-faab-4414-3f14-ddb5d4204cbb">
      <TestCategory>
        <TestCategoryItem TestCategory="Fast" />
      </TestCategory>
      <Execution id="eb568ec9-979e-482e-8d6a-761a4a28d055" />
      <TestMethod codeBase="D:\actions-runner\_work\XPCO\XPCO\Mobile\MobileServer\MobileServerBinaries\VideoOS.Mobile.MP4Muxing.Test\bin\Debug\net472\VideoOS.Mobile.MP4Muxing.Test.dll" adapterTypeName="executor://mstestadapter/v2" className="VideoOS.Mobile.MP4Muxing.Test.FMP4Parser.Boxes.Implementations.DataEntryUrlBoxTest" name="TestUrlFromData" />
    </UnitTest>
    <UnitTest name="TestDecodingTimeToSampleBox" storage="d:\actions-runner\_work\xpco\xpco\mobile\mobileserver\mobileserverbinaries\videoos.mobile.mp4muxing.test\bin\debug\net472\videoos.mobile.mp4muxing.test.dll" id="0084c2d0-8c94-759d-c0d2-ce76a64e5cf6">
      <TestCategory>
        <TestCategoryItem TestCategory="Fast" />
      </TestCategory>
      <Execution id="b86ba516-ca5f-4185-9e2c-c9ca043dcc29" />
      <TestMethod codeBase="D:\actions-runner\_work\XPCO\XPCO\Mobile\MobileServer\MobileServerBinaries\VideoOS.Mobile.MP4Muxing.Test\bin\Debug\net472\VideoOS.Mobile.MP4Muxing.Test.dll" adapterTypeName="executor://mstestadapter/v2" className="VideoOS.Mobile.MP4Muxing.Test.FMP4Parser.Boxes.Implementations.TimeToSampleBoxTest" name="TestDecodingTimeToSampleBox" />
    </UnitTest>
    <UnitTest name="TestDataEntryUrlBox" storage="d:\actions-runner\_work\xpco\xpco\mobile\mobileserver\mobileserverbinaries\videoos.mobile.mp4muxing.test\bin\debug\net472\videoos.mobile.mp4muxing.test.dll" id="f8e6d726-54aa-65a8-74bb-1918c27fdaa7">
      <TestCategory>
        <TestCategoryItem TestCategory="Fast" />
      </TestCategory>
      <Execution id="916911ca-29a6-442f-a63a-caf5e090ed1f" />
      <TestMethod codeBase="D:\actions-runner\_work\XPCO\XPCO\Mobile\MobileServer\MobileServerBinaries\VideoOS.Mobile.MP4Muxing.Test\bin\Debug\net472\VideoOS.Mobile.MP4Muxing.Test.dll" adapterTypeName="executor://mstestadapter/v2" className="VideoOS.Mobile.MP4Muxing.Test.FMP4Parser.Boxes.Implementations.DataEntryUrlBoxTest" name="TestDataEntryUrlBox" />
    </UnitTest>
    <UnitTest name="TestVmhdFromData" storage="d:\actions-runner\_work\xpco\xpco\mobile\mobileserver\mobileserverbinaries\videoos.mobile.mp4muxing.test\bin\debug\net472\videoos.mobile.mp4muxing.test.dll" id="be813ed9-c50f-a66a-d465-4ead6ff074ae">
      <TestCategory>
        <TestCategoryItem TestCategory="Fast" />
      </TestCategory>
      <Execution id="89bac947-8691-49f6-b4c5-6c22da06a80f" />
      <TestMethod codeBase="D:\actions-runner\_work\XPCO\XPCO\Mobile\MobileServer\MobileServerBinaries\VideoOS.Mobile.MP4Muxing.Test\bin\Debug\net472\VideoOS.Mobile.MP4Muxing.Test.dll" adapterTypeName="executor://mstestadapter/v2" className="VideoOS.Mobile.MP4Muxing.Test.FMP4Parser.Boxes.Implementations.VideoMediaHeaderBoxTest" name="TestVmhdFromData" />
    </UnitTest>
    <UnitTest name="TestGetStartOffset" storage="d:\actions-runner\_work\xpco\xpco\mobile\mobileserver\mobileserverbinaries\videoos.mobile.mp4muxing.test\bin\debug\net472\videoos.mobile.mp4muxing.test.dll" id="efdceac6-7d6d-e10d-c1e5-b796a799d01f">
      <TestCategory>
        <TestCategoryItem TestCategory="Fast" />
      </TestCategory>
      <Execution id="c2d25abe-3766-4ba6-a9d8-8046ca1fd548" />
      <TestMethod codeBase="D:\actions-runner\_work\XPCO\XPCO\Mobile\MobileServer\MobileServerBinaries\VideoOS.Mobile.MP4Muxing.Test\bin\Debug\net472\VideoOS.Mobile.MP4Muxing.Test.dll" adapterTypeName="executor://mstestadapter/v2" className="VideoOS.Mobile.MP4Muxing.Test.FMP4Parser.Mp4FrameHelperTest" name="TestGetStartOffset" />
    </UnitTest>
    <UnitTest name="TestHevcDecoderConfigurationBox" storage="d:\actions-runner\_work\xpco\xpco\mobile\mobileserver\mobileserverbinaries\videoos.mobile.mp4muxing.test\bin\debug\net472\videoos.mobile.mp4muxing.test.dll" id="b5fa75f5-4ed7-368a-70e4-fc5c32225b43">
      <TestCategory>
        <TestCategoryItem TestCategory="Fast" />
      </TestCategory>
      <Execution id="401ac9b8-02fe-4501-8d51-290032ca1f5a" />
      <TestMethod codeBase="D:\actions-runner\_work\XPCO\XPCO\Mobile\MobileServer\MobileServerBinaries\VideoOS.Mobile.MP4Muxing.Test\bin\Debug\net472\VideoOS.Mobile.MP4Muxing.Test.dll" adapterTypeName="executor://mstestadapter/v2" className="VideoOS.Mobile.MP4Muxing.Test.FMP4Parser.Boxes.Implementations.SampleEntries.HevcDecoderConfigurationBoxTest" name="TestHevcDecoderConfigurationBox" />
    </UnitTest>
    <UnitTest name="TestMovieFragmentHeaderBox" storage="d:\actions-runner\_work\xpco\xpco\mobile\mobileserver\mobileserverbinaries\videoos.mobile.mp4muxing.test\bin\debug\net472\videoos.mobile.mp4muxing.test.dll" id="dc578b7c-9370-8bf9-ed97-1fea67f166d2">
      <TestCategory>
        <TestCategoryItem TestCategory="Fast" />
      </TestCategory>
      <Execution id="3f9272fa-a45f-475f-a480-18e9094779f7" />
      <TestMethod codeBase="D:\actions-runner\_work\XPCO\XPCO\Mobile\MobileServer\MobileServerBinaries\VideoOS.Mobile.MP4Muxing.Test\bin\Debug\net472\VideoOS.Mobile.MP4Muxing.Test.dll" adapterTypeName="executor://mstestadapter/v2" className="VideoOS.Mobile.MP4Muxing.Test.FMP4Parser.Boxes.Implementations.MovieFragmentHeaderBoxTest" name="TestMovieFragmentHeaderBox" />
    </UnitTest>
    <UnitTest name="TestDataReferenceBox" storage="d:\actions-runner\_work\xpco\xpco\mobile\mobileserver\mobileserverbinaries\videoos.mobile.mp4muxing.test\bin\debug\net472\videoos.mobile.mp4muxing.test.dll" id="93cd52bc-f4fb-b2c0-7c06-27d461defcf5">
      <TestCategory>
        <TestCategoryItem TestCategory="Fast" />
      </TestCategory>
      <Execution id="f9d5a0a8-31a7-460b-9954-8359f970a239" />
      <TestMethod codeBase="D:\actions-runner\_work\XPCO\XPCO\Mobile\MobileServer\MobileServerBinaries\VideoOS.Mobile.MP4Muxing.Test\bin\Debug\net472\VideoOS.Mobile.MP4Muxing.Test.dll" adapterTypeName="executor://mstestadapter/v2" className="VideoOS.Mobile.MP4Muxing.Test.FMP4Parser.Boxes.Implementations.DataReferenceBoxTest" name="TestDataReferenceBox" />
    </UnitTest>
    <UnitTest name="TestAvcDecoderConfigurationBoxFromData" storage="d:\actions-runner\_work\xpco\xpco\mobile\mobileserver\mobileserverbinaries\videoos.mobile.mp4muxing.test\bin\debug\net472\videoos.mobile.mp4muxing.test.dll" id="4549f72f-ae13-305a-2ebd-270434f773f2">
      <TestCategory>
        <TestCategoryItem TestCategory="Fast" />
      </TestCategory>
      <Execution id="a5992b99-7f36-4ed5-86b9-6985e6185977" />
      <TestMethod codeBase="D:\actions-runner\_work\XPCO\XPCO\Mobile\MobileServer\MobileServerBinaries\VideoOS.Mobile.MP4Muxing.Test\bin\Debug\net472\VideoOS.Mobile.MP4Muxing.Test.dll" adapterTypeName="executor://mstestadapter/v2" className="VideoOS.Mobile.MP4Muxing.Test.FMP4Parser.Boxes.Implementations.SampleEntries.AvcDecoderConfigurationBoxTest" name="TestAvcDecoderConfigurationBoxFromData" />
    </UnitTest>
    <UnitTest name="TestMediaDataBox" storage="d:\actions-runner\_work\xpco\xpco\mobile\mobileserver\mobileserverbinaries\videoos.mobile.mp4muxing.test\bin\debug\net472\videoos.mobile.mp4muxing.test.dll" id="8c821a5c-085a-0f81-ca22-bc98d78b6612">
      <TestCategory>
        <TestCategoryItem TestCategory="Fast" />
      </TestCategory>
      <Execution id="6af54405-ec1b-4cec-b15c-a5de24c8f956" />
      <TestMethod codeBase="D:\actions-runner\_work\XPCO\XPCO\Mobile\MobileServer\MobileServerBinaries\VideoOS.Mobile.MP4Muxing.Test\bin\Debug\net472\VideoOS.Mobile.MP4Muxing.Test.dll" adapterTypeName="executor://mstestadapter/v2" className="VideoOS.Mobile.MP4Muxing.Test.FMP4Parser.Boxes.Implementations.MediaDataBoxTests" name="TestMediaDataBox" />
    </UnitTest>
    <UnitTest name="TestDrefFromData" storage="d:\actions-runner\_work\xpco\xpco\mobile\mobileserver\mobileserverbinaries\videoos.mobile.mp4muxing.test\bin\debug\net472\videoos.mobile.mp4muxing.test.dll" id="b63eb6f6-ad89-8fd4-5f2e-80fd4e6c9b5d">
      <TestCategory>
        <TestCategoryItem TestCategory="Fast" />
      </TestCategory>
      <Execution id="11a5e5b3-9c9a-46bd-bb23-5c74d6e4e2f8" />
      <TestMethod codeBase="D:\actions-runner\_work\XPCO\XPCO\Mobile\MobileServer\MobileServerBinaries\VideoOS.Mobile.MP4Muxing.Test\bin\Debug\net472\VideoOS.Mobile.MP4Muxing.Test.dll" adapterTypeName="executor://mstestadapter/v2" className="VideoOS.Mobile.MP4Muxing.Test.FMP4Parser.Boxes.Implementations.DataReferenceBoxTest" name="TestDrefFromData" />
    </UnitTest>
    <UnitTest name="TestFileTypeBox" storage="d:\actions-runner\_work\xpco\xpco\mobile\mobileserver\mobileserverbinaries\videoos.mobile.mp4muxing.test\bin\debug\net472\videoos.mobile.mp4muxing.test.dll" id="810691b2-387b-dba3-af58-9f0cf46c2bff">
      <TestCategory>
        <TestCategoryItem TestCategory="Fast" />
      </TestCategory>
      <Execution id="2abf7dc8-906e-4e35-b4c6-185ba1b58e9d" />
      <TestMethod codeBase="D:\actions-runner\_work\XPCO\XPCO\Mobile\MobileServer\MobileServerBinaries\VideoOS.Mobile.MP4Muxing.Test\bin\Debug\net472\VideoOS.Mobile.MP4Muxing.Test.dll" adapterTypeName="executor://mstestadapter/v2" className="VideoOS.Mobile.MP4Muxing.Test.FMP4Parser.Boxes.Implementations.FileTypeBoxTest" name="TestFileTypeBox" />
    </UnitTest>
    <UnitTest name="TestSttsFromDataWithEntries" storage="d:\actions-runner\_work\xpco\xpco\mobile\mobileserver\mobileserverbinaries\videoos.mobile.mp4muxing.test\bin\debug\net472\videoos.mobile.mp4muxing.test.dll" id="125b49af-5959-23c3-e0a5-7f54cd2d345e">
      <TestCategory>
        <TestCategoryItem TestCategory="Fast" />
      </TestCategory>
      <Execution id="c8b55157-1e64-4c3f-b3bc-dd0f38212592" />
      <TestMethod codeBase="D:\actions-runner\_work\XPCO\XPCO\Mobile\MobileServer\MobileServerBinaries\VideoOS.Mobile.MP4Muxing.Test\bin\Debug\net472\VideoOS.Mobile.MP4Muxing.Test.dll" adapterTypeName="executor://mstestadapter/v2" className="VideoOS.Mobile.MP4Muxing.Test.FMP4Parser.Boxes.Implementations.TimeToSampleBoxTest" name="TestSttsFromDataWithEntries" />
    </UnitTest>
    <UnitTest name="TestSttsFromDataNoEntry" storage="d:\actions-runner\_work\xpco\xpco\mobile\mobileserver\mobileserverbinaries\videoos.mobile.mp4muxing.test\bin\debug\net472\videoos.mobile.mp4muxing.test.dll" id="28d548d0-9fb0-0784-e14e-40893b744ecd">
      <TestCategory>
        <TestCategoryItem TestCategory="Fast" />
      </TestCategory>
      <Execution id="5e57a9bc-dd07-493c-8ca2-e3a30dd8bef6" />
      <TestMethod codeBase="D:\actions-runner\_work\XPCO\XPCO\Mobile\MobileServer\MobileServerBinaries\VideoOS.Mobile.MP4Muxing.Test\bin\Debug\net472\VideoOS.Mobile.MP4Muxing.Test.dll" adapterTypeName="executor://mstestadapter/v2" className="VideoOS.Mobile.MP4Muxing.Test.FMP4Parser.Boxes.Implementations.TimeToSampleBoxTest" name="TestSttsFromDataNoEntry" />
    </UnitTest>
    <UnitTest name="TestMfraWithTfraAndMfro" storage="d:\actions-runner\_work\xpco\xpco\mobile\mobileserver\mobileserverbinaries\videoos.mobile.mp4muxing.test\bin\debug\net472\videoos.mobile.mp4muxing.test.dll" id="594b84b3-cf27-5878-453c-66bd78f05ad3">
      <TestCategory>
        <TestCategoryItem TestCategory="Fast" />
      </TestCategory>
      <Execution id="f1354636-5c75-4743-9eef-613a648b2488" />
      <TestMethod codeBase="D:\actions-runner\_work\XPCO\XPCO\Mobile\MobileServer\MobileServerBinaries\VideoOS.Mobile.MP4Muxing.Test\bin\Debug\net472\VideoOS.Mobile.MP4Muxing.Test.dll" adapterTypeName="executor://mstestadapter/v2" className="VideoOS.Mobile.MP4Muxing.Test.FMP4Parser.Boxes.BoxTests" name="TestMfraWithTfraAndMfro" />
    </UnitTest>
    <UnitTest name="TestMediaHeaderBox" storage="d:\actions-runner\_work\xpco\xpco\mobile\mobileserver\mobileserverbinaries\videoos.mobile.mp4muxing.test\bin\debug\net472\videoos.mobile.mp4muxing.test.dll" id="aeeb62b1-211b-ac2c-278c-5ad7be97e2d5">
      <TestCategory>
        <TestCategoryItem TestCategory="Fast" />
      </TestCategory>
      <Execution id="d17a6b88-e9a8-4b64-a368-38ba810db8e5" />
      <TestMethod codeBase="D:\actions-runner\_work\XPCO\XPCO\Mobile\MobileServer\MobileServerBinaries\VideoOS.Mobile.MP4Muxing.Test\bin\Debug\net472\VideoOS.Mobile.MP4Muxing.Test.dll" adapterTypeName="executor://mstestadapter/v2" className="VideoOS.Mobile.MP4Muxing.Test.FMP4Parser.Boxes.Implementations.MediaHeaderBoxTest" name="TestMediaHeaderBox" />
    </UnitTest>
    <UnitTest name="TestSampleEntryFromData" storage="d:\actions-runner\_work\xpco\xpco\mobile\mobileserver\mobileserverbinaries\videoos.mobile.mp4muxing.test\bin\debug\net472\videoos.mobile.mp4muxing.test.dll" id="e779255f-92d6-17a6-359a-db8b5c8847fe">
      <TestCategory>
        <TestCategoryItem TestCategory="Fast" />
      </TestCategory>
      <Execution id="030dbee3-cd25-4511-bfc6-c916600debd0" />
      <TestMethod codeBase="D:\actions-runner\_work\XPCO\XPCO\Mobile\MobileServer\MobileServerBinaries\VideoOS.Mobile.MP4Muxing.Test\bin\Debug\net472\VideoOS.Mobile.MP4Muxing.Test.dll" adapterTypeName="executor://mstestadapter/v2" className="VideoOS.Mobile.MP4Muxing.Test.FMP4Parser.Boxes.Implementations.SampleEntries.SampleEntryTest" name="TestSampleEntryFromData" />
    </UnitTest>
    <UnitTest name="TestStcoFromDataWithEntries" storage="d:\actions-runner\_work\xpco\xpco\mobile\mobileserver\mobileserverbinaries\videoos.mobile.mp4muxing.test\bin\debug\net472\videoos.mobile.mp4muxing.test.dll" id="5456d9ae-aea3-ffe4-54e5-1302580aa70a">
      <TestCategory>
        <TestCategoryItem TestCategory="Fast" />
      </TestCategory>
      <Execution id="1fa5231b-a335-4567-a659-d1c459253cf2" />
      <TestMethod codeBase="D:\actions-runner\_work\XPCO\XPCO\Mobile\MobileServer\MobileServerBinaries\VideoOS.Mobile.MP4Muxing.Test\bin\Debug\net472\VideoOS.Mobile.MP4Muxing.Test.dll" adapterTypeName="executor://mstestadapter/v2" className="VideoOS.Mobile.MP4Muxing.Test.FMP4Parser.Boxes.Implementations.ChunkOffsetBoxTest" name="TestStcoFromDataWithEntries" />
    </UnitTest>
    <UnitTest name="TestTkhdFromData" storage="d:\actions-runner\_work\xpco\xpco\mobile\mobileserver\mobileserverbinaries\videoos.mobile.mp4muxing.test\bin\debug\net472\videoos.mobile.mp4muxing.test.dll" id="ad3499af-9d7b-70f3-034a-c8d1d2ea8381">
      <TestCategory>
        <TestCategoryItem TestCategory="Fast" />
      </TestCategory>
      <Execution id="9bcc08b3-523a-4dd3-bc31-280d980f5895" />
      <TestMethod codeBase="D:\actions-runner\_work\XPCO\XPCO\Mobile\MobileServer\MobileServerBinaries\VideoOS.Mobile.MP4Muxing.Test\bin\Debug\net472\VideoOS.Mobile.MP4Muxing.Test.dll" adapterTypeName="executor://mstestadapter/v2" className="VideoOS.Mobile.MP4Muxing.Test.FMP4Parser.Boxes.Implementations.TrackHeaderBoxTest" name="TestTkhdFromData" />
    </UnitTest>
    <UnitTest name="TestAvc1Entry" storage="d:\actions-runner\_work\xpco\xpco\mobile\mobileserver\mobileserverbinaries\videoos.mobile.mp4muxing.test\bin\debug\net472\videoos.mobile.mp4muxing.test.dll" id="b74cf043-c9be-0cbf-0bdd-4b9b9422d233">
      <TestCategory>
        <TestCategoryItem TestCategory="Fast" />
      </TestCategory>
      <Execution id="b94f68f4-6a19-4a4f-b5de-e4e68713e871" />
      <TestMethod codeBase="D:\actions-runner\_work\XPCO\XPCO\Mobile\MobileServer\MobileServerBinaries\VideoOS.Mobile.MP4Muxing.Test\bin\Debug\net472\VideoOS.Mobile.MP4Muxing.Test.dll" adapterTypeName="executor://mstestadapter/v2" className="VideoOS.Mobile.MP4Muxing.Test.FMP4Parser.Boxes.Implementations.SampleEntries.Avc1EntryTest" name="TestAvc1Entry" />
    </UnitTest>
  </TestDefinitions>
  <TestEntries>
    <TestEntry testId="0d5255c6-f0e9-f182-470a-70a84931b495" executionId="df5ce4d7-c71c-465d-804a-dc063374ea7e" testListId="8c84fa94-04c1-424b-9868-57a2d4851a1d" />
    <TestEntry testId="4d65d79a-b320-f65e-80c3-2c604c542370" executionId="8f6d74d7-ba0a-4727-89d4-fd35f5db37d6" testListId="8c84fa94-04c1-424b-9868-57a2d4851a1d" />
    <TestEntry testId="5d233ee7-2ba2-afb8-5b4d-09d376910e4f" executionId="2451446f-90f1-4bd5-bfd6-30094e00df83" testListId="8c84fa94-04c1-424b-9868-57a2d4851a1d" />
    <TestEntry testId="4549f72f-ae13-305a-2ebd-270434f773f2" executionId="a5992b99-7f36-4ed5-86b9-6985e6185977" testListId="8c84fa94-04c1-424b-9868-57a2d4851a1d" />
    <TestEntry testId="fe3ee906-a9a2-133c-e8ab-109607737a9e" executionId="7d8fc6b9-9315-440f-a2a0-3b0f48d45829" testListId="8c84fa94-04c1-424b-9868-57a2d4851a1d" />
    <TestEntry testId="93cd52bc-f4fb-b2c0-7c06-27d461defcf5" executionId="f9d5a0a8-31a7-460b-9954-8359f970a239" testListId="8c84fa94-04c1-424b-9868-57a2d4851a1d" />
    <TestEntry testId="cffc6fa6-b42f-a666-61d3-bbd34bff5acf" executionId="ea7e5c39-b6e7-4088-afc1-132d1bee2d48" testListId="8c84fa94-04c1-424b-9868-57a2d4851a1d" />
    <TestEntry testId="2838a4c8-471f-94dd-ddfb-47a20e8a6c67" executionId="f786add9-552b-43ad-b4c0-86ca7571b111" testListId="8c84fa94-04c1-424b-9868-57a2d4851a1d" />
    <TestEntry testId="28d548d0-9fb0-0784-e14e-40893b744ecd" executionId="5e57a9bc-dd07-493c-8ca2-e3a30dd8bef6" testListId="8c84fa94-04c1-424b-9868-57a2d4851a1d" />
    <TestEntry testId="b74cf043-c9be-0cbf-0bdd-4b9b9422d233" executionId="b94f68f4-6a19-4a4f-b5de-e4e68713e871" testListId="8c84fa94-04c1-424b-9868-57a2d4851a1d" />
    <TestEntry testId="b4bb8fc7-7c57-a01a-5f66-67a72450790a" executionId="a25539cb-8baf-43bc-be45-201c2004151b" testListId="8c84fa94-04c1-424b-9868-57a2d4851a1d" />
    <TestEntry testId="8001a15a-820f-81dd-d506-843569a1f6b6" executionId="39d3bff9-74cb-4708-b863-4f0339445538" testListId="8c84fa94-04c1-424b-9868-57a2d4851a1d" />
    <TestEntry testId="3de94b8e-9212-2a8f-d2be-70caa9b7ee73" executionId="16407a92-8c02-41bf-a3e9-e3c9ad20fa37" testListId="8c84fa94-04c1-424b-9868-57a2d4851a1d" />
    <TestEntry testId="ad3499af-9d7b-70f3-034a-c8d1d2ea8381" executionId="9bcc08b3-523a-4dd3-bc31-280d980f5895" testListId="8c84fa94-04c1-424b-9868-57a2d4851a1d" />
    <TestEntry testId="8d4f5a14-b4cc-7388-2ce2-805160489936" executionId="41b13550-5f68-4f22-a288-d05c4bf0bb9c" testListId="8c84fa94-04c1-424b-9868-57a2d4851a1d" />
    <TestEntry testId="93c58bd5-ed5f-3c0c-5424-d1fa24ab28a1" executionId="529a6bdd-2f71-4315-94d6-1b757a7b4ab8" testListId="8c84fa94-04c1-424b-9868-57a2d4851a1d" />
    <TestEntry testId="3b7446bf-8ea7-da7b-7aa6-659c431dc10d" executionId="8d43f109-f030-4897-88f1-1bf7d8e6cde0" testListId="8c84fa94-04c1-424b-9868-57a2d4851a1d" />
    <TestEntry testId="3366f3d8-1381-8310-4199-f585ac7f8670" executionId="3b2ab66c-0e98-497c-9b1f-bb526c001d4e" testListId="8c84fa94-04c1-424b-9868-57a2d4851a1d" />
    <TestEntry testId="88315b65-80a1-2ca6-f1a4-780a0156556d" executionId="d11ea8c4-f174-4f3c-a79b-1a5ee3a15bc4" testListId="8c84fa94-04c1-424b-9868-57a2d4851a1d" />
    <TestEntry testId="dc578b7c-9370-8bf9-ed97-1fea67f166d2" executionId="3f9272fa-a45f-475f-a480-18e9094779f7" testListId="8c84fa94-04c1-424b-9868-57a2d4851a1d" />
    <TestEntry testId="61ca97f7-be04-3443-491a-fb725cbef115" executionId="fa125b6a-6867-4ebe-b0ff-3b973e26daad" testListId="8c84fa94-04c1-424b-9868-57a2d4851a1d" />
    <TestEntry testId="18e1293f-acff-99ff-d357-301b4f48ab4f" executionId="064d7c71-f82d-4e2e-b77f-3021c92a4a44" testListId="8c84fa94-04c1-424b-9868-57a2d4851a1d" />
    <TestEntry testId="a5cc4c8f-2da6-4fe7-1496-730b009f2561" executionId="af060d17-0d84-46e3-9fad-2342eb7b6679" testListId="8c84fa94-04c1-424b-9868-57a2d4851a1d" />
    <TestEntry testId="de65d88e-83ee-497e-500c-a66b6795aa89" executionId="127471da-2e2f-4b96-bdbf-d84b5cfcfe70" testListId="8c84fa94-04c1-424b-9868-57a2d4851a1d" />
    <TestEntry testId="e49c7aac-00ef-4767-a559-081cab16f1af" executionId="b45320c1-7246-4d45-aec1-07d93d75a8f3" testListId="8c84fa94-04c1-424b-9868-57a2d4851a1d" />
    <TestEntry testId="afbbc307-9296-31b8-8ad8-58f298c1b858" executionId="2d4ced3b-5264-4dde-8015-79f45a2e756d" testListId="8c84fa94-04c1-424b-9868-57a2d4851a1d" />
    <TestEntry testId="8a5c955e-6d1f-7db0-27bd-028a259150ad" executionId="ae40cf24-f0d5-4682-8ea9-ef382a2d194a" testListId="8c84fa94-04c1-424b-9868-57a2d4851a1d" />
    <TestEntry testId="fe2c4d90-3795-10b7-98e4-4d6315c32f79" executionId="ae19bd16-bd03-42fd-8248-7b098ac8ef6a" testListId="8c84fa94-04c1-424b-9868-57a2d4851a1d" />
    <TestEntry testId="70e8428e-3307-4e28-1ea9-e9c75d781d45" executionId="695867ad-67cb-42a0-bfbd-34ecd9c66e65" testListId="8c84fa94-04c1-424b-9868-57a2d4851a1d" />
    <TestEntry testId="7b5d5a92-0761-5868-e46f-6a56ee959a49" executionId="06d48438-ab13-42e0-b490-76ff8c0385c2" testListId="8c84fa94-04c1-424b-9868-57a2d4851a1d" />
    <TestEntry testId="810691b2-387b-dba3-af58-9f0cf46c2bff" executionId="2abf7dc8-906e-4e35-b4c6-185ba1b58e9d" testListId="8c84fa94-04c1-424b-9868-57a2d4851a1d" />
    <TestEntry testId="f614f41d-973f-fee2-5584-df8787bd8d35" executionId="fd32879c-1119-4f62-b9bb-0701836b9965" testListId="8c84fa94-04c1-424b-9868-57a2d4851a1d" />
    <TestEntry testId="0f306217-30ae-f891-baf7-93471f2cd766" executionId="bb8b2b7c-f827-4a7e-9ef6-1845902c6187" testListId="8c84fa94-04c1-424b-9868-57a2d4851a1d" />
    <TestEntry testId="be813ed9-c50f-a66a-d465-4ead6ff074ae" executionId="89bac947-8691-49f6-b4c5-6c22da06a80f" testListId="8c84fa94-04c1-424b-9868-57a2d4851a1d" />
    <TestEntry testId="29f8a31a-a9bf-8120-612e-56a2664527cb" executionId="8e685cbb-e681-4365-844e-8e7febb7ebf2" testListId="8c84fa94-04c1-424b-9868-57a2d4851a1d" />
    <TestEntry testId="33a9e29a-913b-3a0d-8046-16f1810d593a" executionId="8bbb3b2f-5d6d-4805-b15f-688ab307d857" testListId="8c84fa94-04c1-424b-9868-57a2d4851a1d" />
    <TestEntry testId="7a44c677-8dea-707a-183d-11ebfc544d9f" executionId="75edc0e4-9e4f-4f58-8c52-d54c8f1ccfd9" testListId="8c84fa94-04c1-424b-9868-57a2d4851a1d" />
    <TestEntry testId="ac79dddb-9bb9-d296-7221-42a7b5ee7164" executionId="80f47baa-e040-4eb5-bd3b-01684280aa10" testListId="8c84fa94-04c1-424b-9868-57a2d4851a1d" />
    <TestEntry testId="0084c2d0-8c94-759d-c0d2-ce76a64e5cf6" executionId="b86ba516-ca5f-4185-9e2c-c9ca043dcc29" testListId="8c84fa94-04c1-424b-9868-57a2d4851a1d" />
    <TestEntry testId="f8e6d726-54aa-65a8-74bb-1918c27fdaa7" executionId="916911ca-29a6-442f-a63a-caf5e090ed1f" testListId="8c84fa94-04c1-424b-9868-57a2d4851a1d" />
    <TestEntry testId="9588a3b4-c9cc-cee7-3d3e-64be4fdfaa01" executionId="1c0f845d-b284-4339-a486-e3b52bb12eb9" testListId="8c84fa94-04c1-424b-9868-57a2d4851a1d" />
    <TestEntry testId="125b49af-5959-23c3-e0a5-7f54cd2d345e" executionId="c8b55157-1e64-4c3f-b3bc-dd0f38212592" testListId="8c84fa94-04c1-424b-9868-57a2d4851a1d" />
    <TestEntry testId="6dc94b43-faab-4414-3f14-ddb5d4204cbb" executionId="eb568ec9-979e-482e-8d6a-761a4a28d055" testListId="8c84fa94-04c1-424b-9868-57a2d4851a1d" />
    <TestEntry testId="cd58a7f2-9e26-77e2-12b5-93b8e1f0a94e" executionId="c8cbf857-dc48-4fe6-9ac6-c4fb61e36e71" testListId="8c84fa94-04c1-424b-9868-57a2d4851a1d" />
    <TestEntry testId="acfbc6c0-9868-f569-1fbc-39df28668389" executionId="74a2f4f6-52a2-4479-8e95-e2d00b8db61b" testListId="8c84fa94-04c1-424b-9868-57a2d4851a1d" />
    <TestEntry testId="b63eb6f6-ad89-8fd4-5f2e-80fd4e6c9b5d" executionId="11a5e5b3-9c9a-46bd-bb23-5c74d6e4e2f8" testListId="8c84fa94-04c1-424b-9868-57a2d4851a1d" />
    <TestEntry testId="e779255f-92d6-17a6-359a-db8b5c8847fe" executionId="030dbee3-cd25-4511-bfc6-c916600debd0" testListId="8c84fa94-04c1-424b-9868-57a2d4851a1d" />
    <TestEntry testId="650f456a-bc6a-c3f6-2dc1-94b750ad48bd" executionId="bfde82f2-a7a6-49c9-b76c-dea4629c6e49" testListId="8c84fa94-04c1-424b-9868-57a2d4851a1d" />
    <TestEntry testId="47027e6a-9f9f-751f-10b6-8050611a4b29" executionId="7ec6d8f3-984b-4c14-befd-fdeff9e4bbd4" testListId="8c84fa94-04c1-424b-9868-57a2d4851a1d" />
    <TestEntry testId="ff857958-b5e6-841a-3e90-b683d75a84b5" executionId="c4f60abb-38c0-407e-b69d-9b35f88de8cf" testListId="8c84fa94-04c1-424b-9868-57a2d4851a1d" />
    <TestEntry testId="594b84b3-cf27-5878-453c-66bd78f05ad3" executionId="f1354636-5c75-4743-9eef-613a648b2488" testListId="8c84fa94-04c1-424b-9868-57a2d4851a1d" />
    <TestEntry testId="e53d0b00-27d1-cd2f-7ed0-66877a6f66af" executionId="1d62a3eb-2588-476b-807e-288a660cc007" testListId="8c84fa94-04c1-424b-9868-57a2d4851a1d" />
    <TestEntry testId="63e0b709-2451-e247-2be8-3dc2bf765780" executionId="2d38d96e-afb5-4ee5-a979-cfd5401dc5ad" testListId="8c84fa94-04c1-424b-9868-57a2d4851a1d" />
    <TestEntry testId="5456d9ae-aea3-ffe4-54e5-1302580aa70a" executionId="1fa5231b-a335-4567-a659-d1c459253cf2" testListId="8c84fa94-04c1-424b-9868-57a2d4851a1d" />
    <TestEntry testId="8c821a5c-085a-0f81-ca22-bc98d78b6612" executionId="6af54405-ec1b-4cec-b15c-a5de24c8f956" testListId="8c84fa94-04c1-424b-9868-57a2d4851a1d" />
    <TestEntry testId="b5fa75f5-4ed7-368a-70e4-fc5c32225b43" executionId="401ac9b8-02fe-4501-8d51-290032ca1f5a" testListId="8c84fa94-04c1-424b-9868-57a2d4851a1d" />
    <TestEntry testId="21e68e3e-ffe1-163d-88d4-f1caa4190b40" executionId="43019434-6de5-4f0f-808a-f0ccff2ee90a" testListId="8c84fa94-04c1-424b-9868-57a2d4851a1d" />
    <TestEntry testId="efdceac6-7d6d-e10d-c1e5-b796a799d01f" executionId="c2d25abe-3766-4ba6-a9d8-8046ca1fd548" testListId="8c84fa94-04c1-424b-9868-57a2d4851a1d" />
    <TestEntry testId="1128ee4e-0642-4c72-84a0-c0f57591b6ac" executionId="75f67f1e-b17a-49a3-81fd-0cb7e3f633ee" testListId="8c84fa94-04c1-424b-9868-57a2d4851a1d" />
    <TestEntry testId="f5627138-ae89-65bc-fc1a-67bb51f67d75" executionId="296ba1db-29d4-42fc-9a5f-2a95ec112619" testListId="8c84fa94-04c1-424b-9868-57a2d4851a1d" />
    <TestEntry testId="3650644e-0de5-48c9-1e2f-f95983c94aa0" executionId="2b2023c3-ad5e-49dc-ae0d-64ae90abd5c1" testListId="8c84fa94-04c1-424b-9868-57a2d4851a1d" />
    <TestEntry testId="391cb106-f24c-f83c-1330-82a45160a050" executionId="04e32d49-702b-496d-ac0a-039b58bc1195" testListId="8c84fa94-04c1-424b-9868-57a2d4851a1d" />
    <TestEntry testId="aeeb62b1-211b-ac2c-278c-5ad7be97e2d5" executionId="d17a6b88-e9a8-4b64-a368-38ba810db8e5" testListId="8c84fa94-04c1-424b-9868-57a2d4851a1d" />
    <TestEntry testId="fc6d935f-6f8c-ba48-63c4-1332d2e06895" executionId="32d967db-838a-47d7-a442-11babbb06e10" testListId="8c84fa94-04c1-424b-9868-57a2d4851a1d" />
    <TestEntry testId="f3e0c3a1-c4ca-62a4-1173-18b1bc615219" executionId="35c8c00a-4927-4a60-a7bd-43c2a8da7b54" testListId="8c84fa94-04c1-424b-9868-57a2d4851a1d" />
    <TestEntry testId="3ee2b4ab-d534-1d65-e8d9-ab0bf4dbda8a" executionId="3e28c7ec-dfb9-4b00-8479-ca952c2d1f8a" testListId="8c84fa94-04c1-424b-9868-57a2d4851a1d" />
    <TestEntry testId="7e845399-30bb-8a04-da30-5245a41270f0" executionId="d8e10103-17c9-421a-b040-e9cde44a62f1" testListId="8c84fa94-04c1-424b-9868-57a2d4851a1d" />
  </TestEntries>
  <TestLists>
    <TestList name="Results Not in a List" id="8c84fa94-04c1-424b-9868-57a2d4851a1d" />
    <TestList name="All Loaded Results" id="19431567-8539-422a-85d7-44ee4e166bda" />
  </TestLists>
  <ResultSummary outcome="Completed">
    <Counters total="67" executed="67" passed="67" failed="0" error="0" timeout="0" aborted="0" inconclusive="0" passedButRunAborted="0" notRunnable="0" notExecuted="0" disconnected="0" warning="0" completed="0" inProgress="0" pending="0" />
  </ResultSummary>
</TestRun>