<?xml version="1.0" encoding="utf-8"?>
<TestRun id="cae22189-8417-40f8-a552-1ffd75c862e6" name="DKSR-EFI-06$@DKSR-EFI-06 2024-01-09 15:41:41" runUser="NT AUTHORITY\NETWORK SERVICE" xmlns="http://microsoft.com/schemas/VisualStudio/TeamTest/2010">
  <Times creation="2024-01-09T15:41:41.4038830+01:00" queuing="2024-01-09T15:41:41.4038830+01:00" start="2024-01-09T15:41:40.3257553+01:00" finish="2024-01-09T15:41:41.4351326+01:00" />
  <TestSettings name="default" id="46a6f474-a47c-4214-b102-fe8148d617a6">
    <Deployment runDeploymentRoot="DKSR-EFI-06$_DKSR-EFI-06_2024-01-09_15_41_41" />
  </TestSettings>
  <Results>
    <UnitTestResult executionId="3926acf8-7a09-4d86-9cfb-a61be02842d5" testId="687a89f0-843b-2f4f-4b2c-2ec547606d1c" testName="TestForAssemblyCoverage" computerName="DKSR-EFI-06" duration="00:00:00.0245788" startTime="2024-01-09T15:41:41.0601355+01:00" endTime="2024-01-09T15:41:41.1695098+01:00" testType="13cdc9d9-ddb5-4fa4-a97d-d965ccfc6d4b" outcome="Passed" testListId="8c84fa94-04c1-424b-9868-57a2d4851a1d" relativeResultsDirectory="3926acf8-7a09-4d86-9cfb-a61be02842d5" />
  </Results>
  <TestDefinitions>
    <UnitTest name="TestForAssemblyCoverage" storage="d:\actions-runner\_work\xpco\xpco\corporate\recordingserver\recorderservice\tst\videoos.io.drivers.icpdriver.unittests\bin\x64\debug\net472\videoos.io.drivers.icpdriver.unittests.dll" id="687a89f0-843b-2f4f-4b2c-2ec547606d1c">
      <Execution id="3926acf8-7a09-4d86-9cfb-a61be02842d5" />
      <TestMethod codeBase="D:\actions-runner\_work\XPCO\XPCO\Corporate\RecordingServer\RecorderService\tst\VideoOS.IO.Drivers.ICPDriver.UnitTests\bin\x64\Debug\net472\VideoOS.IO.Drivers.ICPDriver.UnitTests.dll" adapterTypeName="executor://mstestadapter/v2" className="VideoOS.IO.Drivers.ICPDriver.UnitTests.UnitTest1" name="TestForAssemblyCoverage" />
    </UnitTest>
  </TestDefinitions>
  <TestEntries>
    <TestEntry testId="687a89f0-843b-2f4f-4b2c-2ec547606d1c" executionId="3926acf8-7a09-4d86-9cfb-a61be02842d5" testListId="8c84fa94-04c1-424b-9868-57a2d4851a1d" />
  </TestEntries>
  <TestLists>
    <TestList name="Results Not in a List" id="8c84fa94-04c1-424b-9868-57a2d4851a1d" />
    <TestList name="All Loaded Results" id="19431567-8539-422a-85d7-44ee4e166bda" />
  </TestLists>
  <ResultSummary outcome="Completed">
    <Counters total="1" executed="1" passed="1" failed="0" error="0" timeout="0" aborted="0" inconclusive="0" passedButRunAborted="0" notRunnable="0" notExecuted="0" disconnected="0" warning="0" completed="0" inProgress="0" pending="0" />
  </ResultSummary>
</TestRun>