<?xml version="1.0" encoding="utf-8"?>
<TestRun id="67d9e8ee-47f7-4914-86f5-f8dec6d59eda" name="DKSR-EFI-06$@DKSR-EFI-06 2024-01-09 15:41:45" runUser="NT AUTHORITY\NETWORK SERVICE" xmlns="http://microsoft.com/schemas/VisualStudio/TeamTest/2010">
  <Times creation="2024-01-09T15:41:45.0757785+01:00" queuing="2024-01-09T15:41:45.0757785+01:00" start="2024-01-09T15:41:34.1382235+01:00" finish="2024-01-09T15:41:45.9976593+01:00" />
  <TestSettings name="default" id="7e9272b8-0ed3-45d7-840b-ccba84d5ab8d">
    <Deployment runDeploymentRoot="DKSR-EFI-06$_DKSR-EFI-06_2024-01-09_15_41_45" />
  </TestSettings>
  <Results>
    <UnitTestResult executionId="12ea461f-96e4-4414-a7ad-9322c4f162a0" testId="0588a584-8596-9a1e-b3c6-43c99f6f9d8d" testName="LogMessage_WhenSynchronizerPassed_Logs" computerName="DKSR-EFI-06" duration="00:00:00.1038132" startTime="2024-01-09T15:41:44.7632749+01:00" endTime="2024-01-09T15:41:44.8726514+01:00" testType="13cdc9d9-ddb5-4fa4-a97d-d965ccfc6d4b" outcome="Passed" testListId="8c84fa94-04c1-424b-9868-57a2d4851a1d" relativeResultsDirectory="12ea461f-96e4-4414-a7ad-9322c4f162a0" />
    <UnitTestResult executionId="b569608a-fe2a-436c-8f33-0cd43df28a3e" testId="cd014c38-42d4-217f-006c-b5959d6d6d0a" testName="SendMessage_Levels_Work" computerName="DKSR-EFI-06" duration="00:00:00.0604718" startTime="2024-01-09T15:41:45.0601544+01:00" endTime="2024-01-09T15:41:45.1226541+01:00" testType="13cdc9d9-ddb5-4fa4-a97d-d965ccfc6d4b" outcome="Passed" testListId="8c84fa94-04c1-424b-9868-57a2d4851a1d" relativeResultsDirectory="b569608a-fe2a-436c-8f33-0cd43df28a3e" />
    <UnitTestResult executionId="a2bfcde7-b671-412f-84ed-4ee391831b8a" testId="7f5c6bf5-c744-7281-1c8c-99657a1b488e" testName="LoadFromFolder_WhenDirectoryHasMultiplePlugins_ReturnsMultiplePluginInfo" computerName="DKSR-EFI-06" duration="00:00:00.0637979" startTime="2024-01-09T15:41:45.1382783+01:00" endTime="2024-01-09T15:41:45.2164025+01:00" testType="13cdc9d9-ddb5-4fa4-a97d-d965ccfc6d4b" outcome="Passed" testListId="8c84fa94-04c1-424b-9868-57a2d4851a1d" relativeResultsDirectory="a2bfcde7-b671-412f-84ed-4ee391831b8a" />
    <UnitTestResult executionId="b77743b1-9526-40a8-878f-73711fe4ba18" testId="2ea8ebaf-82c4-d918-b522-cd214722e56a" testName="Ctor_When1stArgumentIsNull_Exception" computerName="DKSR-EFI-06" duration="00:00:00.0078463" startTime="2024-01-09T15:41:45.1226541+01:00" endTime="2024-01-09T15:41:45.1382783+01:00" testType="13cdc9d9-ddb5-4fa4-a97d-d965ccfc6d4b" outcome="Passed" testListId="8c84fa94-04c1-424b-9868-57a2d4851a1d" relativeResultsDirectory="b77743b1-9526-40a8-878f-73711fe4ba18" />
    <UnitTestResult executionId="c3241a21-44fa-4dd2-a69b-6864e83cdca8" testId="578bd8e6-7554-c896-99ea-1c63017fbc6e" testName="Ctor_When2ndArgumentIsNull_Exception" computerName="DKSR-EFI-06" duration="00:00:00.0046443" startTime="2024-01-09T15:41:45.1382783+01:00" endTime="2024-01-09T15:41:45.1382783+01:00" testType="13cdc9d9-ddb5-4fa4-a97d-d965ccfc6d4b" outcome="Passed" testListId="8c84fa94-04c1-424b-9868-57a2d4851a1d" relativeResultsDirectory="c3241a21-44fa-4dd2-a69b-6864e83cdca8" />
    <UnitTestResult executionId="b0958c92-84e5-46fa-ac91-c80c28528ca6" testId="0a2c5ad4-658c-7c32-eaaf-b34a73fc7daa" testName="IsAlive_WhenProxyOpen_ReturnsTrue" computerName="DKSR-EFI-06" duration="00:00:00.0268052" startTime="2024-01-09T15:41:44.6851489+01:00" endTime="2024-01-09T15:41:44.7163991+01:00" testType="13cdc9d9-ddb5-4fa4-a97d-d965ccfc6d4b" outcome="Passed" testListId="8c84fa94-04c1-424b-9868-57a2d4851a1d" relativeResultsDirectory="b0958c92-84e5-46fa-ac91-c80c28528ca6">
      <Output>
        <StdOut>DriverProcessService ...&#xD;
DriverProcessService.Stop called</StdOut>
      </Output>
    </UnitTestResult>
    <UnitTestResult executionId="235a03d7-243e-4df5-b365-50aa48fb0c6b" testId="f3705504-187d-5e65-45a9-66ef1349f94b" testName="LoadFromFolder_WhenDefDirectoryIsEmpty_ReturnsEmptyArray" computerName="DKSR-EFI-06" duration="00:00:00.0050739" startTime="2024-01-09T15:41:45.2164025+01:00" endTime="2024-01-09T15:41:45.2164025+01:00" testType="13cdc9d9-ddb5-4fa4-a97d-d965ccfc6d4b" outcome="Passed" testListId="8c84fa94-04c1-424b-9868-57a2d4851a1d" relativeResultsDirectory="235a03d7-243e-4df5-b365-50aa48fb0c6b" />
    <UnitTestResult executionId="ce719623-1fc0-4196-a5bf-d540173de991" testId="f81790d3-db4e-3c87-01dd-ffbee53eaec8" testName="WriteEntry_WhenFileIsLargerThanArchivingSize_FileIsMovedToArchive" computerName="DKSR-EFI-06" duration="00:00:00.0908702" startTime="2024-01-09T15:41:45.2945759+01:00" endTime="2024-01-09T15:41:45.3882813+01:00" testType="13cdc9d9-ddb5-4fa4-a97d-d965ccfc6d4b" outcome="Passed" testListId="8c84fa94-04c1-424b-9868-57a2d4851a1d" relativeResultsDirectory="ce719623-1fc0-4196-a5bf-d540173de991" />
    <UnitTestResult executionId="f813248c-3eaa-4fee-80df-a8e1ec80d6ad" testId="ccf5d4b4-c1a8-f083-bcf6-aa510d512f2f" testName="FindPlugins_WhenReadPluginReturnsNull_ReturnsEmtyArray" computerName="DKSR-EFI-06" duration="00:00:00.0046315" startTime="2024-01-09T15:41:45.2632809+01:00" endTime="2024-01-09T15:41:45.2789065+01:00" testType="13cdc9d9-ddb5-4fa4-a97d-d965ccfc6d4b" outcome="Passed" testListId="8c84fa94-04c1-424b-9868-57a2d4851a1d" relativeResultsDirectory="f813248c-3eaa-4fee-80df-a8e1ec80d6ad" />
    <UnitTestResult executionId="25b20b90-d9f9-4ae5-97c6-8d88d5e2db8b" testId="b3752cb1-1ed0-8ee8-9829-6f2df69043ba" testName="LogMessage_WhenSynchronizerRejected_NoLog" computerName="DKSR-EFI-06" duration="00:00:00.1444956" startTime="2024-01-09T15:41:44.8726514+01:00" endTime="2024-01-09T15:41:45.0132759+01:00" testType="13cdc9d9-ddb5-4fa4-a97d-d965ccfc6d4b" outcome="Passed" testListId="8c84fa94-04c1-424b-9868-57a2d4851a1d" relativeResultsDirectory="25b20b90-d9f9-4ae5-97c6-8d88d5e2db8b" />
    <UnitTestResult executionId="2fae79e4-a2cc-4bdc-88f2-38d294436c16" testId="dae95f5b-8cf8-86c1-762b-dff7fd1e7c89" testName="Ctor_WhenFirstArgumentIsNull_Exception" computerName="DKSR-EFI-06" duration="00:00:00.4408103" startTime="2024-01-09T15:41:43.5913902+01:00" endTime="2024-01-09T15:41:44.4663974+01:00" testType="13cdc9d9-ddb5-4fa4-a97d-d965ccfc6d4b" outcome="Passed" testListId="8c84fa94-04c1-424b-9868-57a2d4851a1d" relativeResultsDirectory="2fae79e4-a2cc-4bdc-88f2-38d294436c16" />
    <UnitTestResult executionId="f6b94609-e31b-4532-9525-53c154963074" testId="831d2676-6512-f108-1cf3-7d8e9cdaa287" testName="Ctor_When3rdArgumentIsNull_Exception" computerName="DKSR-EFI-06" duration="00:00:00.0006522" startTime="2024-01-09T15:41:45.1382783+01:00" endTime="2024-01-09T15:41:45.1382783+01:00" testType="13cdc9d9-ddb5-4fa4-a97d-d965ccfc6d4b" outcome="Passed" testListId="8c84fa94-04c1-424b-9868-57a2d4851a1d" relativeResultsDirectory="f6b94609-e31b-4532-9525-53c154963074" />
    <UnitTestResult executionId="99597f7c-d057-41d8-ab69-6fc29ccf3eb6" testId="c3182316-cf65-841f-5cfc-e766b99e3800" testName="WriteEntry_WhenArchiveFolderDoesNotExist_ArchiveFolderIsCreated" computerName="DKSR-EFI-06" duration="00:00:00.0029238" startTime="2024-01-09T15:41:45.3882813+01:00" endTime="2024-01-09T15:41:45.3882813+01:00" testType="13cdc9d9-ddb5-4fa4-a97d-d965ccfc6d4b" outcome="Passed" testListId="8c84fa94-04c1-424b-9868-57a2d4851a1d" relativeResultsDirectory="99597f7c-d057-41d8-ab69-6fc29ccf3eb6" />
    <UnitTestResult executionId="81d350be-b22d-4a53-8ea4-c29b19635734" testId="e6c75f8e-28ad-f89e-6ebf-e5fb33a0a98e" testName="FindPlugins_ByDefFile_ReturnPluginInfo" computerName="DKSR-EFI-06" duration="00:00:00.0075752" startTime="2024-01-09T15:41:45.2320289+01:00" endTime="2024-01-09T15:41:45.2476552+01:00" testType="13cdc9d9-ddb5-4fa4-a97d-d965ccfc6d4b" outcome="Passed" testListId="8c84fa94-04c1-424b-9868-57a2d4851a1d" relativeResultsDirectory="81d350be-b22d-4a53-8ea4-c29b19635734" />
    <UnitTestResult executionId="e34746e9-ed15-4591-b762-02f3e906c00d" testId="9e25bd4e-bfaf-5411-fbe8-5b319a7b38b8" testName="LogMessage_FormatsString_Correct" computerName="DKSR-EFI-06" duration="00:00:00.0037973" startTime="2024-01-09T15:41:45.0601544+01:00" endTime="2024-01-09T15:41:45.0601544+01:00" testType="13cdc9d9-ddb5-4fa4-a97d-d965ccfc6d4b" outcome="Passed" testListId="8c84fa94-04c1-424b-9868-57a2d4851a1d" relativeResultsDirectory="e34746e9-ed15-4591-b762-02f3e906c00d" />
    <UnitTestResult executionId="d64be8b4-efee-4ee4-a8bc-2114170e77ab" testId="77b36c3a-cb52-a25b-db3f-acb9986844cc" testName="LoadFromFolder_WhenDirectoryHasNoFiles_ReturnsZeroPlugin" computerName="DKSR-EFI-06" duration="00:00:00.0021537" startTime="2024-01-09T15:41:45.2164025+01:00" endTime="2024-01-09T15:41:45.2320289+01:00" testType="13cdc9d9-ddb5-4fa4-a97d-d965ccfc6d4b" outcome="Passed" testListId="8c84fa94-04c1-424b-9868-57a2d4851a1d" relativeResultsDirectory="d64be8b4-efee-4ee4-a8bc-2114170e77ab" />
    <UnitTestResult executionId="7c4363b9-5c3c-4965-b26a-beda1b546627" testId="7f6dfd42-690d-e5e0-0fb8-93a3a525ee22" testName="Start_WhenCalled_ServiceHostIsOpened" computerName="DKSR-EFI-06" duration="00:00:00.0563806" startTime="2024-01-09T15:41:44.5913994+01:00" endTime="2024-01-09T15:41:44.6538993+01:00" testType="13cdc9d9-ddb5-4fa4-a97d-d965ccfc6d4b" outcome="Passed" testListId="8c84fa94-04c1-424b-9868-57a2d4851a1d" relativeResultsDirectory="7c4363b9-5c3c-4965-b26a-beda1b546627">
      <Output>
        <StdOut>DriverProcessService ...&#xD;
DriverProcessService.Start called&#xD;
DriverProcessService.Stop called</StdOut>
      </Output>
    </UnitTestResult>
    <UnitTestResult executionId="da8c16f1-06f9-4d13-9bbb-2c4277a569b5" testId="2b28b594-3851-6047-73e1-5280ad8a2b9c" testName="WriteEntry_WhenTextPassed_WritesTextToFile" computerName="DKSR-EFI-06" duration="00:00:00.0074799" startTime="2024-01-09T15:41:45.2789065+01:00" endTime="2024-01-09T15:41:45.2789065+01:00" testType="13cdc9d9-ddb5-4fa4-a97d-d965ccfc6d4b" outcome="Passed" testListId="8c84fa94-04c1-424b-9868-57a2d4851a1d" relativeResultsDirectory="da8c16f1-06f9-4d13-9bbb-2c4277a569b5" />
    <UnitTestResult executionId="1d589159-3c2c-44fa-a2e4-dec52520ab7d" testId="4d0bda90-d919-116c-a318-f9bb2da8b7ee" testName="IsAlive_WhenProxyNotOpen_ReturnsFalse" computerName="DKSR-EFI-06" duration="00:00:00.0010381" startTime="2024-01-09T15:41:44.7476516+01:00" endTime="2024-01-09T15:41:44.7476516+01:00" testType="13cdc9d9-ddb5-4fa4-a97d-d965ccfc6d4b" outcome="Passed" testListId="8c84fa94-04c1-424b-9868-57a2d4851a1d" relativeResultsDirectory="1d589159-3c2c-44fa-a2e4-dec52520ab7d">
      <Output>
        <StdOut>DriverProcessService ...&#xD;
DriverProcessService.Stop called</StdOut>
      </Output>
    </UnitTestResult>
    <UnitTestResult executionId="1b096b6b-e2d8-4702-b1ab-10cb984af7ea" testId="ca6c86e6-380d-2dc7-7e55-392818bcb78e" testName="FindPlugins_WhenReadPluginNamesThrowsException_ReturnsEmtyArray" computerName="DKSR-EFI-06" duration="00:00:00.0026908" startTime="2024-01-09T15:41:45.2476552+01:00" endTime="2024-01-09T15:41:45.2632809+01:00" testType="13cdc9d9-ddb5-4fa4-a97d-d965ccfc6d4b" outcome="Passed" testListId="8c84fa94-04c1-424b-9868-57a2d4851a1d" relativeResultsDirectory="1b096b6b-e2d8-4702-b1ab-10cb984af7ea" />
    <UnitTestResult executionId="4d474ac7-9ad5-4d57-b66c-79da60431bdc" testId="aa053123-a9c8-d1ff-99c6-6468433e6241" testName="FindPlugins_WhenReadPluginNamesReturnsNull_ReturnsEmtyArray" computerName="DKSR-EFI-06" duration="00:00:00.0026604" startTime="2024-01-09T15:41:45.2632809+01:00" endTime="2024-01-09T15:41:45.2632809+01:00" testType="13cdc9d9-ddb5-4fa4-a97d-d965ccfc6d4b" outcome="Passed" testListId="8c84fa94-04c1-424b-9868-57a2d4851a1d" relativeResultsDirectory="4d474ac7-9ad5-4d57-b66c-79da60431bdc" />
    <UnitTestResult executionId="a87623d6-90b3-4ce3-a003-c624a0365296" testId="25cb1cea-54db-3010-015f-e2b198a4ea9a" testName="LogMessage_SetsCurrentTimestamp_Correct" computerName="DKSR-EFI-06" duration="00:00:00.0089365" startTime="2024-01-09T15:41:45.0445283+01:00" endTime="2024-01-09T15:41:45.0445283+01:00" testType="13cdc9d9-ddb5-4fa4-a97d-d965ccfc6d4b" outcome="Passed" testListId="8c84fa94-04c1-424b-9868-57a2d4851a1d" relativeResultsDirectory="a87623d6-90b3-4ce3-a003-c624a0365296" />
    <UnitTestResult executionId="029351b0-1b20-42bb-ba7f-2f552ff15955" testId="dcd090ac-9f7a-f384-b0e6-84829886abaf" testName="LogMessage_FormatsLog_Correct" computerName="DKSR-EFI-06" duration="00:00:00.0038020" startTime="2024-01-09T15:41:45.0289037+01:00" endTime="2024-01-09T15:41:45.0445283+01:00" testType="13cdc9d9-ddb5-4fa4-a97d-d965ccfc6d4b" outcome="Passed" testListId="8c84fa94-04c1-424b-9868-57a2d4851a1d" relativeResultsDirectory="029351b0-1b20-42bb-ba7f-2f552ff15955" />
    <UnitTestResult executionId="d5fe8c05-f258-4662-a086-93a3b835b5a3" testId="93add095-1bbd-16a0-d9f9-e6b7ff5e1a28" testName="Stop_WhenCalled_ServiceHostIsClosed" computerName="DKSR-EFI-06" duration="00:00:00.0009966" startTime="2024-01-09T15:41:44.6695257+01:00" endTime="2024-01-09T15:41:44.6695257+01:00" testType="13cdc9d9-ddb5-4fa4-a97d-d965ccfc6d4b" outcome="Passed" testListId="8c84fa94-04c1-424b-9868-57a2d4851a1d" relativeResultsDirectory="d5fe8c05-f258-4662-a086-93a3b835b5a3">
      <Output>
        <StdOut>DriverProcessService ...&#xD;
DriverProcessService.Stop called&#xD;
DriverProcessService.Stop called</StdOut>
      </Output>
    </UnitTestResult>
    <UnitTestResult executionId="ebd85c69-251e-48b8-a6e1-90948bbb60bf" testId="32950cc1-1b30-7479-b42b-d0f76cf41c3b" testName="FindPlugins_WhenReadPluginThrowsException_ReturnsEmtyArray" computerName="DKSR-EFI-06" duration="00:00:00.0055894" startTime="2024-01-09T15:41:45.2476552+01:00" endTime="2024-01-09T15:41:45.2476552+01:00" testType="13cdc9d9-ddb5-4fa4-a97d-d965ccfc6d4b" outcome="Passed" testListId="8c84fa94-04c1-424b-9868-57a2d4851a1d" relativeResultsDirectory="ebd85c69-251e-48b8-a6e1-90948bbb60bf" />
    <UnitTestResult executionId="7760734a-a79f-4bef-8d4f-97c5cf9d3444" testId="9e630efb-7229-53bd-478a-a9a26f91eff3" testName="Ctor_SetsDriverContextInDriverProcessServiceImplementation" computerName="DKSR-EFI-06" duration="00:00:00.0711323" startTime="2024-01-09T15:41:44.5289001+01:00" endTime="2024-01-09T15:41:44.5913994+01:00" testType="13cdc9d9-ddb5-4fa4-a97d-d965ccfc6d4b" outcome="Passed" testListId="8c84fa94-04c1-424b-9868-57a2d4851a1d" relativeResultsDirectory="7760734a-a79f-4bef-8d4f-97c5cf9d3444">
      <Output>
        <StdOut>DriverProcessService ...&#xD;
DriverProcessService.Stop called</StdOut>
      </Output>
    </UnitTestResult>
    <UnitTestResult executionId="496421e9-5352-4d8c-bc0f-ee2f97bc3dad" testId="c950f5a9-e9fd-e8a8-78b2-4e120ef1d493" testName="FindPlugins_ByDllFile_ReturnPluginInfo" computerName="DKSR-EFI-06" duration="00:00:00.0064432" startTime="2024-01-09T15:41:45.2320289+01:00" endTime="2024-01-09T15:41:45.2320289+01:00" testType="13cdc9d9-ddb5-4fa4-a97d-d965ccfc6d4b" outcome="Passed" testListId="8c84fa94-04c1-424b-9868-57a2d4851a1d" relativeResultsDirectory="496421e9-5352-4d8c-bc0f-ee2f97bc3dad" />
    <UnitTestResult executionId="cc1c417e-642f-46aa-b3fc-162b26a6d20c" testId="72094a50-e003-2e77-8579-30bb5a2abd73" testName="Dispose_WhenCalled_ServiceHostIsClosed" computerName="DKSR-EFI-06" duration="00:00:00.0009299" startTime="2024-01-09T15:41:44.7632749+01:00" endTime="2024-01-09T15:41:44.7632749+01:00" testType="13cdc9d9-ddb5-4fa4-a97d-d965ccfc6d4b" outcome="Passed" testListId="8c84fa94-04c1-424b-9868-57a2d4851a1d" relativeResultsDirectory="cc1c417e-642f-46aa-b3fc-162b26a6d20c">
      <Output>
        <StdOut>DriverProcessService ...&#xD;
DriverProcessService.Stop called</StdOut>
      </Output>
    </UnitTestResult>
  </Results>
  <TestDefinitions>
    <UnitTest name="WriteEntry_WhenFileIsLargerThanArchivingSize_FileIsMovedToArchive" storage="d:\actions-runner\_work\xpco\xpco\corporate\recordingserver\recorderservice\tst\videoos.io.drivers.driverframeworkprocess.unittests\bin\x64\debug\net472\videoos.io.drivers.driverframeworkprocess.unittests.dll" id="f81790d3-db4e-3c87-01dd-ffbee53eaec8">
      <Execution id="ce719623-1fc0-4196-a5bf-d540173de991" />
      <TestMethod codeBase="D:\actions-runner\_work\XPCO\XPCO\Corporate\RecordingServer\RecorderService\tst\VideoOS.IO.Drivers.DriverFrameworkProcess.UnitTests\bin\x64\Debug\net472\VideoOS.IO.Drivers.DriverFrameworkProcess.UnitTests.dll" adapterTypeName="executor://mstestadapter/v2" className="VideoOS.IO.Drivers.DriverFrameworkProcess.UnitTests.Util.Log.ArchivingEnabledFileWriterTest" name="WriteEntry_WhenFileIsLargerThanArchivingSize_FileIsMovedToArchive" />
    </UnitTest>
    <UnitTest name="Ctor_When3rdArgumentIsNull_Exception" storage="d:\actions-runner\_work\xpco\xpco\corporate\recordingserver\recorderservice\tst\videoos.io.drivers.driverframeworkprocess.unittests\bin\x64\debug\net472\videoos.io.drivers.driverframeworkprocess.unittests.dll" id="831d2676-6512-f108-1cf3-7d8e9cdaa287">
      <Execution id="f6b94609-e31b-4532-9525-53c154963074" />
      <TestMethod codeBase="D:\actions-runner\_work\XPCO\XPCO\Corporate\RecordingServer\RecorderService\tst\VideoOS.IO.Drivers.DriverFrameworkProcess.UnitTests\bin\x64\Debug\net472\VideoOS.IO.Drivers.DriverFrameworkProcess.UnitTests.dll" adapterTypeName="executor://mstestadapter/v2" className="VideoOS.IO.Drivers.DriverFrameworkProcess.UnitTests.Util.PluginLoaderTest" name="Ctor_When3rdArgumentIsNull_Exception" />
    </UnitTest>
    <UnitTest name="FindPlugins_WhenReadPluginNamesThrowsException_ReturnsEmtyArray" storage="d:\actions-runner\_work\xpco\xpco\corporate\recordingserver\recorderservice\tst\videoos.io.drivers.driverframeworkprocess.unittests\bin\x64\debug\net472\videoos.io.drivers.driverframeworkprocess.unittests.dll" id="ca6c86e6-380d-2dc7-7e55-392818bcb78e">
      <Execution id="1b096b6b-e2d8-4702-b1ab-10cb984af7ea" />
      <TestMethod codeBase="D:\actions-runner\_work\XPCO\XPCO\Corporate\RecordingServer\RecorderService\tst\VideoOS.IO.Drivers.DriverFrameworkProcess.UnitTests\bin\x64\Debug\net472\VideoOS.IO.Drivers.DriverFrameworkProcess.UnitTests.dll" adapterTypeName="executor://mstestadapter/v2" className="VideoOS.IO.Drivers.DriverFrameworkProcess.UnitTests.Util.PluginLoaderTest" name="FindPlugins_WhenReadPluginNamesThrowsException_ReturnsEmtyArray" />
    </UnitTest>
    <UnitTest name="WriteEntry_WhenArchiveFolderDoesNotExist_ArchiveFolderIsCreated" storage="d:\actions-runner\_work\xpco\xpco\corporate\recordingserver\recorderservice\tst\videoos.io.drivers.driverframeworkprocess.unittests\bin\x64\debug\net472\videoos.io.drivers.driverframeworkprocess.unittests.dll" id="c3182316-cf65-841f-5cfc-e766b99e3800">
      <Execution id="99597f7c-d057-41d8-ab69-6fc29ccf3eb6" />
      <TestMethod codeBase="D:\actions-runner\_work\XPCO\XPCO\Corporate\RecordingServer\RecorderService\tst\VideoOS.IO.Drivers.DriverFrameworkProcess.UnitTests\bin\x64\Debug\net472\VideoOS.IO.Drivers.DriverFrameworkProcess.UnitTests.dll" adapterTypeName="executor://mstestadapter/v2" className="VideoOS.IO.Drivers.DriverFrameworkProcess.UnitTests.Util.Log.ArchivingEnabledFileWriterTest" name="WriteEntry_WhenArchiveFolderDoesNotExist_ArchiveFolderIsCreated" />
    </UnitTest>
    <UnitTest name="FindPlugins_ByDefFile_ReturnPluginInfo" storage="d:\actions-runner\_work\xpco\xpco\corporate\recordingserver\recorderservice\tst\videoos.io.drivers.driverframeworkprocess.unittests\bin\x64\debug\net472\videoos.io.drivers.driverframeworkprocess.unittests.dll" id="e6c75f8e-28ad-f89e-6ebf-e5fb33a0a98e">
      <Execution id="81d350be-b22d-4a53-8ea4-c29b19635734" />
      <TestMethod codeBase="D:\actions-runner\_work\XPCO\XPCO\Corporate\RecordingServer\RecorderService\tst\VideoOS.IO.Drivers.DriverFrameworkProcess.UnitTests\bin\x64\Debug\net472\VideoOS.IO.Drivers.DriverFrameworkProcess.UnitTests.dll" adapterTypeName="executor://mstestadapter/v2" className="VideoOS.IO.Drivers.DriverFrameworkProcess.UnitTests.Util.PluginLoaderTest" name="FindPlugins_ByDefFile_ReturnPluginInfo" />
    </UnitTest>
    <UnitTest name="LoadFromFolder_WhenDefDirectoryIsEmpty_ReturnsEmptyArray" storage="d:\actions-runner\_work\xpco\xpco\corporate\recordingserver\recorderservice\tst\videoos.io.drivers.driverframeworkprocess.unittests\bin\x64\debug\net472\videoos.io.drivers.driverframeworkprocess.unittests.dll" id="f3705504-187d-5e65-45a9-66ef1349f94b">
      <Execution id="235a03d7-243e-4df5-b365-50aa48fb0c6b" />
      <TestMethod codeBase="D:\actions-runner\_work\XPCO\XPCO\Corporate\RecordingServer\RecorderService\tst\VideoOS.IO.Drivers.DriverFrameworkProcess.UnitTests\bin\x64\Debug\net472\VideoOS.IO.Drivers.DriverFrameworkProcess.UnitTests.dll" adapterTypeName="executor://mstestadapter/v2" className="VideoOS.IO.Drivers.DriverFrameworkProcess.UnitTests.Util.PluginLoaderTest" name="LoadFromFolder_WhenDefDirectoryIsEmpty_ReturnsEmptyArray" />
    </UnitTest>
    <UnitTest name="FindPlugins_WhenReadPluginNamesReturnsNull_ReturnsEmtyArray" storage="d:\actions-runner\_work\xpco\xpco\corporate\recordingserver\recorderservice\tst\videoos.io.drivers.driverframeworkprocess.unittests\bin\x64\debug\net472\videoos.io.drivers.driverframeworkprocess.unittests.dll" id="aa053123-a9c8-d1ff-99c6-6468433e6241">
      <Execution id="4d474ac7-9ad5-4d57-b66c-79da60431bdc" />
      <TestMethod codeBase="D:\actions-runner\_work\XPCO\XPCO\Corporate\RecordingServer\RecorderService\tst\VideoOS.IO.Drivers.DriverFrameworkProcess.UnitTests\bin\x64\Debug\net472\VideoOS.IO.Drivers.DriverFrameworkProcess.UnitTests.dll" adapterTypeName="executor://mstestadapter/v2" className="VideoOS.IO.Drivers.DriverFrameworkProcess.UnitTests.Util.PluginLoaderTest" name="FindPlugins_WhenReadPluginNamesReturnsNull_ReturnsEmtyArray" />
    </UnitTest>
    <UnitTest name="Stop_WhenCalled_ServiceHostIsClosed" storage="d:\actions-runner\_work\xpco\xpco\corporate\recordingserver\recorderservice\tst\videoos.io.drivers.driverframeworkprocess.unittests\bin\x64\debug\net472\videoos.io.drivers.driverframeworkprocess.unittests.dll" id="93add095-1bbd-16a0-d9f9-e6b7ff5e1a28">
      <Execution id="d5fe8c05-f258-4662-a086-93a3b835b5a3" />
      <TestMethod codeBase="D:\actions-runner\_work\XPCO\XPCO\Corporate\RecordingServer\RecorderService\tst\VideoOS.IO.Drivers.DriverFrameworkProcess.UnitTests\bin\x64\Debug\net472\VideoOS.IO.Drivers.DriverFrameworkProcess.UnitTests.dll" adapterTypeName="executor://mstestadapter/v2" className="VideoOS.IO.Drivers.DriverFrameworkProcess.UnitTests.DriverProcessServiceTest" name="Stop_WhenCalled_ServiceHostIsClosed" />
    </UnitTest>
    <UnitTest name="FindPlugins_WhenReadPluginThrowsException_ReturnsEmtyArray" storage="d:\actions-runner\_work\xpco\xpco\corporate\recordingserver\recorderservice\tst\videoos.io.drivers.driverframeworkprocess.unittests\bin\x64\debug\net472\videoos.io.drivers.driverframeworkprocess.unittests.dll" id="32950cc1-1b30-7479-b42b-d0f76cf41c3b">
      <Execution id="ebd85c69-251e-48b8-a6e1-90948bbb60bf" />
      <TestMethod codeBase="D:\actions-runner\_work\XPCO\XPCO\Corporate\RecordingServer\RecorderService\tst\VideoOS.IO.Drivers.DriverFrameworkProcess.UnitTests\bin\x64\Debug\net472\VideoOS.IO.Drivers.DriverFrameworkProcess.UnitTests.dll" adapterTypeName="executor://mstestadapter/v2" className="VideoOS.IO.Drivers.DriverFrameworkProcess.UnitTests.Util.PluginLoaderTest" name="FindPlugins_WhenReadPluginThrowsException_ReturnsEmtyArray" />
    </UnitTest>
    <UnitTest name="IsAlive_WhenProxyNotOpen_ReturnsFalse" storage="d:\actions-runner\_work\xpco\xpco\corporate\recordingserver\recorderservice\tst\videoos.io.drivers.driverframeworkprocess.unittests\bin\x64\debug\net472\videoos.io.drivers.driverframeworkprocess.unittests.dll" id="4d0bda90-d919-116c-a318-f9bb2da8b7ee">
      <Execution id="1d589159-3c2c-44fa-a2e4-dec52520ab7d" />
      <TestMethod codeBase="D:\actions-runner\_work\XPCO\XPCO\Corporate\RecordingServer\RecorderService\tst\VideoOS.IO.Drivers.DriverFrameworkProcess.UnitTests\bin\x64\Debug\net472\VideoOS.IO.Drivers.DriverFrameworkProcess.UnitTests.dll" adapterTypeName="executor://mstestadapter/v2" className="VideoOS.IO.Drivers.DriverFrameworkProcess.UnitTests.DriverProcessServiceTest" name="IsAlive_WhenProxyNotOpen_ReturnsFalse" />
    </UnitTest>
    <UnitTest name="IsAlive_WhenProxyOpen_ReturnsTrue" storage="d:\actions-runner\_work\xpco\xpco\corporate\recordingserver\recorderservice\tst\videoos.io.drivers.driverframeworkprocess.unittests\bin\x64\debug\net472\videoos.io.drivers.driverframeworkprocess.unittests.dll" id="0a2c5ad4-658c-7c32-eaaf-b34a73fc7daa">
      <Execution id="b0958c92-84e5-46fa-ac91-c80c28528ca6" />
      <TestMethod codeBase="D:\actions-runner\_work\XPCO\XPCO\Corporate\RecordingServer\RecorderService\tst\VideoOS.IO.Drivers.DriverFrameworkProcess.UnitTests\bin\x64\Debug\net472\VideoOS.IO.Drivers.DriverFrameworkProcess.UnitTests.dll" adapterTypeName="executor://mstestadapter/v2" className="VideoOS.IO.Drivers.DriverFrameworkProcess.UnitTests.DriverProcessServiceTest" name="IsAlive_WhenProxyOpen_ReturnsTrue" />
    </UnitTest>
    <UnitTest name="LogMessage_FormatsLog_Correct" storage="d:\actions-runner\_work\xpco\xpco\corporate\recordingserver\recorderservice\tst\videoos.io.drivers.driverframeworkprocess.unittests\bin\x64\debug\net472\videoos.io.drivers.driverframeworkprocess.unittests.dll" id="dcd090ac-9f7a-f384-b0e6-84829886abaf">
      <Execution id="029351b0-1b20-42bb-ba7f-2f552ff15955" />
      <TestMethod codeBase="D:\actions-runner\_work\XPCO\XPCO\Corporate\RecordingServer\RecorderService\tst\VideoOS.IO.Drivers.DriverFrameworkProcess.UnitTests\bin\x64\Debug\net472\VideoOS.IO.Drivers.DriverFrameworkProcess.UnitTests.dll" adapterTypeName="executor://mstestadapter/v2" className="VideoOS.IO.Drivers.DriverFrameworkProcess.UnitTests.Util.SynchronizedLoggerTests" name="LogMessage_FormatsLog_Correct" />
    </UnitTest>
    <UnitTest name="Ctor_SetsDriverContextInDriverProcessServiceImplementation" storage="d:\actions-runner\_work\xpco\xpco\corporate\recordingserver\recorderservice\tst\videoos.io.drivers.driverframeworkprocess.unittests\bin\x64\debug\net472\videoos.io.drivers.driverframeworkprocess.unittests.dll" id="9e630efb-7229-53bd-478a-a9a26f91eff3">
      <Execution id="7760734a-a79f-4bef-8d4f-97c5cf9d3444" />
      <TestMethod codeBase="D:\actions-runner\_work\XPCO\XPCO\Corporate\RecordingServer\RecorderService\tst\VideoOS.IO.Drivers.DriverFrameworkProcess.UnitTests\bin\x64\Debug\net472\VideoOS.IO.Drivers.DriverFrameworkProcess.UnitTests.dll" adapterTypeName="executor://mstestadapter/v2" className="VideoOS.IO.Drivers.DriverFrameworkProcess.UnitTests.DriverProcessServiceTest" name="Ctor_SetsDriverContextInDriverProcessServiceImplementation" />
    </UnitTest>
    <UnitTest name="LogMessage_WhenSynchronizerPassed_Logs" storage="d:\actions-runner\_work\xpco\xpco\corporate\recordingserver\recorderservice\tst\videoos.io.drivers.driverframeworkprocess.unittests\bin\x64\debug\net472\videoos.io.drivers.driverframeworkprocess.unittests.dll" id="0588a584-8596-9a1e-b3c6-43c99f6f9d8d">
      <Execution id="12ea461f-96e4-4414-a7ad-9322c4f162a0" />
      <TestMethod codeBase="D:\actions-runner\_work\XPCO\XPCO\Corporate\RecordingServer\RecorderService\tst\VideoOS.IO.Drivers.DriverFrameworkProcess.UnitTests\bin\x64\Debug\net472\VideoOS.IO.Drivers.DriverFrameworkProcess.UnitTests.dll" adapterTypeName="executor://mstestadapter/v2" className="VideoOS.IO.Drivers.DriverFrameworkProcess.UnitTests.Util.SynchronizedLoggerTests" name="LogMessage_WhenSynchronizerPassed_Logs" />
    </UnitTest>
    <UnitTest name="SendMessage_Levels_Work" storage="d:\actions-runner\_work\xpco\xpco\corporate\recordingserver\recorderservice\tst\videoos.io.drivers.driverframeworkprocess.unittests\bin\x64\debug\net472\videoos.io.drivers.driverframeworkprocess.unittests.dll" id="cd014c38-42d4-217f-006c-b5959d6d6d0a">
      <Execution id="b569608a-fe2a-436c-8f33-0cd43df28a3e" />
      <TestMethod codeBase="D:\actions-runner\_work\XPCO\XPCO\Corporate\RecordingServer\RecorderService\tst\VideoOS.IO.Drivers.DriverFrameworkProcess.UnitTests\bin\x64\Debug\net472\VideoOS.IO.Drivers.DriverFrameworkProcess.UnitTests.dll" adapterTypeName="executor://mstestadapter/v2" className="VideoOS.IO.Drivers.DriverFrameworkProcess.UnitTests.Util.SynchronizedLoggerTests" name="SendMessage_Levels_Work" />
    </UnitTest>
    <UnitTest name="LoadFromFolder_WhenDirectoryHasNoFiles_ReturnsZeroPlugin" storage="d:\actions-runner\_work\xpco\xpco\corporate\recordingserver\recorderservice\tst\videoos.io.drivers.driverframeworkprocess.unittests\bin\x64\debug\net472\videoos.io.drivers.driverframeworkprocess.unittests.dll" id="77b36c3a-cb52-a25b-db3f-acb9986844cc">
      <Execution id="d64be8b4-efee-4ee4-a8bc-2114170e77ab" />
      <TestMethod codeBase="D:\actions-runner\_work\XPCO\XPCO\Corporate\RecordingServer\RecorderService\tst\VideoOS.IO.Drivers.DriverFrameworkProcess.UnitTests\bin\x64\Debug\net472\VideoOS.IO.Drivers.DriverFrameworkProcess.UnitTests.dll" adapterTypeName="executor://mstestadapter/v2" className="VideoOS.IO.Drivers.DriverFrameworkProcess.UnitTests.Util.PluginLoaderTest" name="LoadFromFolder_WhenDirectoryHasNoFiles_ReturnsZeroPlugin" />
    </UnitTest>
    <UnitTest name="WriteEntry_WhenTextPassed_WritesTextToFile" storage="d:\actions-runner\_work\xpco\xpco\corporate\recordingserver\recorderservice\tst\videoos.io.drivers.driverframeworkprocess.unittests\bin\x64\debug\net472\videoos.io.drivers.driverframeworkprocess.unittests.dll" id="2b28b594-3851-6047-73e1-5280ad8a2b9c">
      <Execution id="da8c16f1-06f9-4d13-9bbb-2c4277a569b5" />
      <TestMethod codeBase="D:\actions-runner\_work\XPCO\XPCO\Corporate\RecordingServer\RecorderService\tst\VideoOS.IO.Drivers.DriverFrameworkProcess.UnitTests\bin\x64\Debug\net472\VideoOS.IO.Drivers.DriverFrameworkProcess.UnitTests.dll" adapterTypeName="executor://mstestadapter/v2" className="VideoOS.IO.Drivers.DriverFrameworkProcess.UnitTests.Util.Log.ArchivingEnabledFileWriterTest" name="WriteEntry_WhenTextPassed_WritesTextToFile" />
    </UnitTest>
    <UnitTest name="LoadFromFolder_WhenDirectoryHasMultiplePlugins_ReturnsMultiplePluginInfo" storage="d:\actions-runner\_work\xpco\xpco\corporate\recordingserver\recorderservice\tst\videoos.io.drivers.driverframeworkprocess.unittests\bin\x64\debug\net472\videoos.io.drivers.driverframeworkprocess.unittests.dll" id="7f5c6bf5-c744-7281-1c8c-99657a1b488e">
      <Execution id="a2bfcde7-b671-412f-84ed-4ee391831b8a" />
      <TestMethod codeBase="D:\actions-runner\_work\XPCO\XPCO\Corporate\RecordingServer\RecorderService\tst\VideoOS.IO.Drivers.DriverFrameworkProcess.UnitTests\bin\x64\Debug\net472\VideoOS.IO.Drivers.DriverFrameworkProcess.UnitTests.dll" adapterTypeName="executor://mstestadapter/v2" className="VideoOS.IO.Drivers.DriverFrameworkProcess.UnitTests.Util.PluginLoaderTest" name="LoadFromFolder_WhenDirectoryHasMultiplePlugins_ReturnsMultiplePluginInfo" />
    </UnitTest>
    <UnitTest name="Ctor_When1stArgumentIsNull_Exception" storage="d:\actions-runner\_work\xpco\xpco\corporate\recordingserver\recorderservice\tst\videoos.io.drivers.driverframeworkprocess.unittests\bin\x64\debug\net472\videoos.io.drivers.driverframeworkprocess.unittests.dll" id="2ea8ebaf-82c4-d918-b522-cd214722e56a">
      <Execution id="b77743b1-9526-40a8-878f-73711fe4ba18" />
      <TestMethod codeBase="D:\actions-runner\_work\XPCO\XPCO\Corporate\RecordingServer\RecorderService\tst\VideoOS.IO.Drivers.DriverFrameworkProcess.UnitTests\bin\x64\Debug\net472\VideoOS.IO.Drivers.DriverFrameworkProcess.UnitTests.dll" adapterTypeName="executor://mstestadapter/v2" className="VideoOS.IO.Drivers.DriverFrameworkProcess.UnitTests.Util.PluginLoaderTest" name="Ctor_When1stArgumentIsNull_Exception" />
    </UnitTest>
    <UnitTest name="FindPlugins_ByDllFile_ReturnPluginInfo" storage="d:\actions-runner\_work\xpco\xpco\corporate\recordingserver\recorderservice\tst\videoos.io.drivers.driverframeworkprocess.unittests\bin\x64\debug\net472\videoos.io.drivers.driverframeworkprocess.unittests.dll" id="c950f5a9-e9fd-e8a8-78b2-4e120ef1d493">
      <Execution id="496421e9-5352-4d8c-bc0f-ee2f97bc3dad" />
      <TestMethod codeBase="D:\actions-runner\_work\XPCO\XPCO\Corporate\RecordingServer\RecorderService\tst\VideoOS.IO.Drivers.DriverFrameworkProcess.UnitTests\bin\x64\Debug\net472\VideoOS.IO.Drivers.DriverFrameworkProcess.UnitTests.dll" adapterTypeName="executor://mstestadapter/v2" className="VideoOS.IO.Drivers.DriverFrameworkProcess.UnitTests.Util.PluginLoaderTest" name="FindPlugins_ByDllFile_ReturnPluginInfo" />
    </UnitTest>
    <UnitTest name="LogMessage_WhenSynchronizerRejected_NoLog" storage="d:\actions-runner\_work\xpco\xpco\corporate\recordingserver\recorderservice\tst\videoos.io.drivers.driverframeworkprocess.unittests\bin\x64\debug\net472\videoos.io.drivers.driverframeworkprocess.unittests.dll" id="b3752cb1-1ed0-8ee8-9829-6f2df69043ba">
      <Execution id="25b20b90-d9f9-4ae5-97c6-8d88d5e2db8b" />
      <TestMethod codeBase="D:\actions-runner\_work\XPCO\XPCO\Corporate\RecordingServer\RecorderService\tst\VideoOS.IO.Drivers.DriverFrameworkProcess.UnitTests\bin\x64\Debug\net472\VideoOS.IO.Drivers.DriverFrameworkProcess.UnitTests.dll" adapterTypeName="executor://mstestadapter/v2" className="VideoOS.IO.Drivers.DriverFrameworkProcess.UnitTests.Util.SynchronizedLoggerTests" name="LogMessage_WhenSynchronizerRejected_NoLog" />
    </UnitTest>
    <UnitTest name="LogMessage_FormatsString_Correct" storage="d:\actions-runner\_work\xpco\xpco\corporate\recordingserver\recorderservice\tst\videoos.io.drivers.driverframeworkprocess.unittests\bin\x64\debug\net472\videoos.io.drivers.driverframeworkprocess.unittests.dll" id="9e25bd4e-bfaf-5411-fbe8-5b319a7b38b8">
      <Execution id="e34746e9-ed15-4591-b762-02f3e906c00d" />
      <TestMethod codeBase="D:\actions-runner\_work\XPCO\XPCO\Corporate\RecordingServer\RecorderService\tst\VideoOS.IO.Drivers.DriverFrameworkProcess.UnitTests\bin\x64\Debug\net472\VideoOS.IO.Drivers.DriverFrameworkProcess.UnitTests.dll" adapterTypeName="executor://mstestadapter/v2" className="VideoOS.IO.Drivers.DriverFrameworkProcess.UnitTests.Util.SynchronizedLoggerTests" name="LogMessage_FormatsString_Correct" />
    </UnitTest>
    <UnitTest name="Ctor_When2ndArgumentIsNull_Exception" storage="d:\actions-runner\_work\xpco\xpco\corporate\recordingserver\recorderservice\tst\videoos.io.drivers.driverframeworkprocess.unittests\bin\x64\debug\net472\videoos.io.drivers.driverframeworkprocess.unittests.dll" id="578bd8e6-7554-c896-99ea-1c63017fbc6e">
      <Execution id="c3241a21-44fa-4dd2-a69b-6864e83cdca8" />
      <TestMethod codeBase="D:\actions-runner\_work\XPCO\XPCO\Corporate\RecordingServer\RecorderService\tst\VideoOS.IO.Drivers.DriverFrameworkProcess.UnitTests\bin\x64\Debug\net472\VideoOS.IO.Drivers.DriverFrameworkProcess.UnitTests.dll" adapterTypeName="executor://mstestadapter/v2" className="VideoOS.IO.Drivers.DriverFrameworkProcess.UnitTests.Util.PluginLoaderTest" name="Ctor_When2ndArgumentIsNull_Exception" />
    </UnitTest>
    <UnitTest name="Ctor_WhenFirstArgumentIsNull_Exception" storage="d:\actions-runner\_work\xpco\xpco\corporate\recordingserver\recorderservice\tst\videoos.io.drivers.driverframeworkprocess.unittests\bin\x64\debug\net472\videoos.io.drivers.driverframeworkprocess.unittests.dll" id="dae95f5b-8cf8-86c1-762b-dff7fd1e7c89">
      <Execution id="2fae79e4-a2cc-4bdc-88f2-38d294436c16" />
      <TestMethod codeBase="D:\actions-runner\_work\XPCO\XPCO\Corporate\RecordingServer\RecorderService\tst\VideoOS.IO.Drivers.DriverFrameworkProcess.UnitTests\bin\x64\Debug\net472\VideoOS.IO.Drivers.DriverFrameworkProcess.UnitTests.dll" adapterTypeName="executor://mstestadapter/v2" className="VideoOS.IO.Drivers.DriverFrameworkProcess.UnitTests.DriverProcessServiceTest" name="Ctor_WhenFirstArgumentIsNull_Exception" />
    </UnitTest>
    <UnitTest name="LogMessage_SetsCurrentTimestamp_Correct" storage="d:\actions-runner\_work\xpco\xpco\corporate\recordingserver\recorderservice\tst\videoos.io.drivers.driverframeworkprocess.unittests\bin\x64\debug\net472\videoos.io.drivers.driverframeworkprocess.unittests.dll" id="25cb1cea-54db-3010-015f-e2b198a4ea9a">
      <Execution id="a87623d6-90b3-4ce3-a003-c624a0365296" />
      <TestMethod codeBase="D:\actions-runner\_work\XPCO\XPCO\Corporate\RecordingServer\RecorderService\tst\VideoOS.IO.Drivers.DriverFrameworkProcess.UnitTests\bin\x64\Debug\net472\VideoOS.IO.Drivers.DriverFrameworkProcess.UnitTests.dll" adapterTypeName="executor://mstestadapter/v2" className="VideoOS.IO.Drivers.DriverFrameworkProcess.UnitTests.Util.SynchronizedLoggerTests" name="LogMessage_SetsCurrentTimestamp_Correct" />
    </UnitTest>
    <UnitTest name="FindPlugins_WhenReadPluginReturnsNull_ReturnsEmtyArray" storage="d:\actions-runner\_work\xpco\xpco\corporate\recordingserver\recorderservice\tst\videoos.io.drivers.driverframeworkprocess.unittests\bin\x64\debug\net472\videoos.io.drivers.driverframeworkprocess.unittests.dll" id="ccf5d4b4-c1a8-f083-bcf6-aa510d512f2f">
      <Execution id="f813248c-3eaa-4fee-80df-a8e1ec80d6ad" />
      <TestMethod codeBase="D:\actions-runner\_work\XPCO\XPCO\Corporate\RecordingServer\RecorderService\tst\VideoOS.IO.Drivers.DriverFrameworkProcess.UnitTests\bin\x64\Debug\net472\VideoOS.IO.Drivers.DriverFrameworkProcess.UnitTests.dll" adapterTypeName="executor://mstestadapter/v2" className="VideoOS.IO.Drivers.DriverFrameworkProcess.UnitTests.Util.PluginLoaderTest" name="FindPlugins_WhenReadPluginReturnsNull_ReturnsEmtyArray" />
    </UnitTest>
    <UnitTest name="Dispose_WhenCalled_ServiceHostIsClosed" storage="d:\actions-runner\_work\xpco\xpco\corporate\recordingserver\recorderservice\tst\videoos.io.drivers.driverframeworkprocess.unittests\bin\x64\debug\net472\videoos.io.drivers.driverframeworkprocess.unittests.dll" id="72094a50-e003-2e77-8579-30bb5a2abd73">
      <Execution id="cc1c417e-642f-46aa-b3fc-162b26a6d20c" />
      <TestMethod codeBase="D:\actions-runner\_work\XPCO\XPCO\Corporate\RecordingServer\RecorderService\tst\VideoOS.IO.Drivers.DriverFrameworkProcess.UnitTests\bin\x64\Debug\net472\VideoOS.IO.Drivers.DriverFrameworkProcess.UnitTests.dll" adapterTypeName="executor://mstestadapter/v2" className="VideoOS.IO.Drivers.DriverFrameworkProcess.UnitTests.DriverProcessServiceTest" name="Dispose_WhenCalled_ServiceHostIsClosed" />
    </UnitTest>
    <UnitTest name="Start_WhenCalled_ServiceHostIsOpened" storage="d:\actions-runner\_work\xpco\xpco\corporate\recordingserver\recorderservice\tst\videoos.io.drivers.driverframeworkprocess.unittests\bin\x64\debug\net472\videoos.io.drivers.driverframeworkprocess.unittests.dll" id="7f6dfd42-690d-e5e0-0fb8-93a3a525ee22">
      <Execution id="7c4363b9-5c3c-4965-b26a-beda1b546627" />
      <TestMethod codeBase="D:\actions-runner\_work\XPCO\XPCO\Corporate\RecordingServer\RecorderService\tst\VideoOS.IO.Drivers.DriverFrameworkProcess.UnitTests\bin\x64\Debug\net472\VideoOS.IO.Drivers.DriverFrameworkProcess.UnitTests.dll" adapterTypeName="executor://mstestadapter/v2" className="VideoOS.IO.Drivers.DriverFrameworkProcess.UnitTests.DriverProcessServiceTest" name="Start_WhenCalled_ServiceHostIsOpened" />
    </UnitTest>
  </TestDefinitions>
  <TestEntries>
    <TestEntry testId="0588a584-8596-9a1e-b3c6-43c99f6f9d8d" executionId="12ea461f-96e4-4414-a7ad-9322c4f162a0" testListId="8c84fa94-04c1-424b-9868-57a2d4851a1d" />
    <TestEntry testId="cd014c38-42d4-217f-006c-b5959d6d6d0a" executionId="b569608a-fe2a-436c-8f33-0cd43df28a3e" testListId="8c84fa94-04c1-424b-9868-57a2d4851a1d" />
    <TestEntry testId="7f5c6bf5-c744-7281-1c8c-99657a1b488e" executionId="a2bfcde7-b671-412f-84ed-4ee391831b8a" testListId="8c84fa94-04c1-424b-9868-57a2d4851a1d" />
    <TestEntry testId="2ea8ebaf-82c4-d918-b522-cd214722e56a" executionId="b77743b1-9526-40a8-878f-73711fe4ba18" testListId="8c84fa94-04c1-424b-9868-57a2d4851a1d" />
    <TestEntry testId="578bd8e6-7554-c896-99ea-1c63017fbc6e" executionId="c3241a21-44fa-4dd2-a69b-6864e83cdca8" testListId="8c84fa94-04c1-424b-9868-57a2d4851a1d" />
    <TestEntry testId="0a2c5ad4-658c-7c32-eaaf-b34a73fc7daa" executionId="b0958c92-84e5-46fa-ac91-c80c28528ca6" testListId="8c84fa94-04c1-424b-9868-57a2d4851a1d" />
    <TestEntry testId="f3705504-187d-5e65-45a9-66ef1349f94b" executionId="235a03d7-243e-4df5-b365-50aa48fb0c6b" testListId="8c84fa94-04c1-424b-9868-57a2d4851a1d" />
    <TestEntry testId="f81790d3-db4e-3c87-01dd-ffbee53eaec8" executionId="ce719623-1fc0-4196-a5bf-d540173de991" testListId="8c84fa94-04c1-424b-9868-57a2d4851a1d" />
    <TestEntry testId="ccf5d4b4-c1a8-f083-bcf6-aa510d512f2f" executionId="f813248c-3eaa-4fee-80df-a8e1ec80d6ad" testListId="8c84fa94-04c1-424b-9868-57a2d4851a1d" />
    <TestEntry testId="b3752cb1-1ed0-8ee8-9829-6f2df69043ba" executionId="25b20b90-d9f9-4ae5-97c6-8d88d5e2db8b" testListId="8c84fa94-04c1-424b-9868-57a2d4851a1d" />
    <TestEntry testId="dae95f5b-8cf8-86c1-762b-dff7fd1e7c89" executionId="2fae79e4-a2cc-4bdc-88f2-38d294436c16" testListId="8c84fa94-04c1-424b-9868-57a2d4851a1d" />
    <TestEntry testId="831d2676-6512-f108-1cf3-7d8e9cdaa287" executionId="f6b94609-e31b-4532-9525-53c154963074" testListId="8c84fa94-04c1-424b-9868-57a2d4851a1d" />
    <TestEntry testId="c3182316-cf65-841f-5cfc-e766b99e3800" executionId="99597f7c-d057-41d8-ab69-6fc29ccf3eb6" testListId="8c84fa94-04c1-424b-9868-57a2d4851a1d" />
    <TestEntry testId="e6c75f8e-28ad-f89e-6ebf-e5fb33a0a98e" executionId="81d350be-b22d-4a53-8ea4-c29b19635734" testListId="8c84fa94-04c1-424b-9868-57a2d4851a1d" />
    <TestEntry testId="9e25bd4e-bfaf-5411-fbe8-5b319a7b38b8" executionId="e34746e9-ed15-4591-b762-02f3e906c00d" testListId="8c84fa94-04c1-424b-9868-57a2d4851a1d" />
    <TestEntry testId="77b36c3a-cb52-a25b-db3f-acb9986844cc" executionId="d64be8b4-efee-4ee4-a8bc-2114170e77ab" testListId="8c84fa94-04c1-424b-9868-57a2d4851a1d" />
    <TestEntry testId="7f6dfd42-690d-e5e0-0fb8-93a3a525ee22" executionId="7c4363b9-5c3c-4965-b26a-beda1b546627" testListId="8c84fa94-04c1-424b-9868-57a2d4851a1d" />
    <TestEntry testId="2b28b594-3851-6047-73e1-5280ad8a2b9c" executionId="da8c16f1-06f9-4d13-9bbb-2c4277a569b5" testListId="8c84fa94-04c1-424b-9868-57a2d4851a1d" />
    <TestEntry testId="4d0bda90-d919-116c-a318-f9bb2da8b7ee" executionId="1d589159-3c2c-44fa-a2e4-dec52520ab7d" testListId="8c84fa94-04c1-424b-9868-57a2d4851a1d" />
    <TestEntry testId="ca6c86e6-380d-2dc7-7e55-392818bcb78e" executionId="1b096b6b-e2d8-4702-b1ab-10cb984af7ea" testListId="8c84fa94-04c1-424b-9868-57a2d4851a1d" />
    <TestEntry testId="aa053123-a9c8-d1ff-99c6-6468433e6241" executionId="4d474ac7-9ad5-4d57-b66c-79da60431bdc" testListId="8c84fa94-04c1-424b-9868-57a2d4851a1d" />
    <TestEntry testId="25cb1cea-54db-3010-015f-e2b198a4ea9a" executionId="a87623d6-90b3-4ce3-a003-c624a0365296" testListId="8c84fa94-04c1-424b-9868-57a2d4851a1d" />
    <TestEntry testId="dcd090ac-9f7a-f384-b0e6-84829886abaf" executionId="029351b0-1b20-42bb-ba7f-2f552ff15955" testListId="8c84fa94-04c1-424b-9868-57a2d4851a1d" />
    <TestEntry testId="93add095-1bbd-16a0-d9f9-e6b7ff5e1a28" executionId="d5fe8c05-f258-4662-a086-93a3b835b5a3" testListId="8c84fa94-04c1-424b-9868-57a2d4851a1d" />
    <TestEntry testId="32950cc1-1b30-7479-b42b-d0f76cf41c3b" executionId="ebd85c69-251e-48b8-a6e1-90948bbb60bf" testListId="8c84fa94-04c1-424b-9868-57a2d4851a1d" />
    <TestEntry testId="9e630efb-7229-53bd-478a-a9a26f91eff3" executionId="7760734a-a79f-4bef-8d4f-97c5cf9d3444" testListId="8c84fa94-04c1-424b-9868-57a2d4851a1d" />
    <TestEntry testId="c950f5a9-e9fd-e8a8-78b2-4e120ef1d493" executionId="496421e9-5352-4d8c-bc0f-ee2f97bc3dad" testListId="8c84fa94-04c1-424b-9868-57a2d4851a1d" />
    <TestEntry testId="72094a50-e003-2e77-8579-30bb5a2abd73" executionId="cc1c417e-642f-46aa-b3fc-162b26a6d20c" testListId="8c84fa94-04c1-424b-9868-57a2d4851a1d" />
  </TestEntries>
  <TestLists>
    <TestList name="Results Not in a List" id="8c84fa94-04c1-424b-9868-57a2d4851a1d" />
    <TestList name="All Loaded Results" id="19431567-8539-422a-85d7-44ee4e166bda" />
  </TestLists>
  <ResultSummary outcome="Completed">
    <Counters total="28" executed="28" passed="28" failed="0" error="0" timeout="0" aborted="0" inconclusive="0" passedButRunAborted="0" notRunnable="0" notExecuted="0" disconnected="0" warning="0" completed="0" inProgress="0" pending="0" />
  </ResultSummary>
</TestRun>