<?xml version="1.0" encoding="utf-8"?>
<TestRun id="d6a34f84-3e21-4216-91d5-8023983e0be2" name="DKSR-EFI-06$@DKSR-EFI-06 2024-01-09 15:42:58" runUser="NT AUTHORITY\NETWORK SERVICE" xmlns="http://microsoft.com/schemas/VisualStudio/TeamTest/2010">
  <Times creation="2024-01-09T15:42:58.2947121+01:00" queuing="2024-01-09T15:42:58.2947121+01:00" start="2024-01-09T15:42:56.6540825+01:00" finish="2024-01-09T15:42:58.3415892+01:00" />
  <TestSettings name="default" id="33148849-6d49-43e4-a856-6f36b0473fc1">
    <Deployment runDeploymentRoot="DKSR-EFI-06$_DKSR-EFI-06_2024-01-09_15_42_58" />
  </TestSettings>
  <Results>
    <UnitTestResult executionId="5d81bad6-69d6-4e96-96a7-abeea7a271ca" testId="b50740e4-e43e-e26e-5ae3-be5f004022b1" testName="Full_Ctor_SetServerAddress_AddressToSetIsNull_ThrowsArgumentNullException" computerName="DKSR-EFI-06" duration="00:00:00.2773321" startTime="2024-01-09T15:42:57.6228343+01:00" endTime="2024-01-09T15:42:57.9040850+01:00" testType="13cdc9d9-ddb5-4fa4-a97d-d965ccfc6d4b" outcome="Passed" testListId="8c84fa94-04c1-424b-9868-57a2d4851a1d" relativeResultsDirectory="5d81bad6-69d6-4e96-96a7-abeea7a271ca" />
    <UnitTestResult executionId="00a4ec86-d25e-4b4f-95af-6857d403931f" testId="59000c81-d81b-c5d2-2522-2bf0d12ae8b1" testName="Empty_Ctor_SetServerAddress_AddressToSetIsNull_ThrowsArgumentNullException" computerName="DKSR-EFI-06" duration="00:00:00.1082448" startTime="2024-01-09T15:42:57.4197077+01:00" endTime="2024-01-09T15:42:57.6072100+01:00" testType="13cdc9d9-ddb5-4fa4-a97d-d965ccfc6d4b" outcome="Passed" testListId="8c84fa94-04c1-424b-9868-57a2d4851a1d" relativeResultsDirectory="00a4ec86-d25e-4b4f-95af-6857d403931f" />
    <UnitTestResult executionId="e7a889cf-0114-497a-8a16-2b28f65f2405" testId="9ea8f298-518a-c370-0aaa-deaf279e8138" testName="SecureEnabledFalseOnSettingsFileWhenNoCertificateSet" computerName="DKSR-EFI-06" duration="00:00:00.0051589" startTime="2024-01-09T15:42:58.0134622+01:00" endTime="2024-01-09T15:42:58.0134622+01:00" testType="13cdc9d9-ddb5-4fa4-a97d-d965ccfc6d4b" outcome="Passed" testListId="8c84fa94-04c1-424b-9868-57a2d4851a1d" relativeResultsDirectory="e7a889cf-0114-497a-8a16-2b28f65f2405" />
    <UnitTestResult executionId="98cbec4c-1931-402e-a051-f1d509128c2a" testId="1e3cd871-7a5e-3ed2-cf70-a8c3d9715ab9" testName="Empty_Ctor_SetServerAddress" computerName="DKSR-EFI-06" duration="00:00:00.0451487" startTime="2024-01-09T15:42:57.9040850+01:00" endTime="2024-01-09T15:42:57.9509624+01:00" testType="13cdc9d9-ddb5-4fa4-a97d-d965ccfc6d4b" outcome="Passed" testListId="8c84fa94-04c1-424b-9868-57a2d4851a1d" relativeResultsDirectory="98cbec4c-1931-402e-a051-f1d509128c2a" />
    <UnitTestResult executionId="6dcebf49-dd8f-465f-a334-06e6266a5a3a" testId="c2514dfa-8632-5973-0605-841c137cb321" testName="UpdateSettingsFieldsChecksAndCreatesFileWhenFileIsMissing" computerName="DKSR-EFI-06" duration="00:00:00.0574714" startTime="2024-01-09T15:42:57.9509624+01:00" endTime="2024-01-09T15:42:58.0134622+01:00" testType="13cdc9d9-ddb5-4fa4-a97d-d965ccfc6d4b" outcome="Passed" testListId="8c84fa94-04c1-424b-9868-57a2d4851a1d" relativeResultsDirectory="6dcebf49-dd8f-465f-a334-06e6266a5a3a" />
    <UnitTestResult executionId="88eaa5e1-784a-4a59-b7cd-0d0efa2bfd3d" testId="492413c3-1451-a889-ac06-0ec205d02f5c" testName="SecureEnableTrueOnSettingsFileWWhenCertificateSet" computerName="DKSR-EFI-06" duration="00:00:00.0057109" startTime="2024-01-09T15:42:58.0134622+01:00" endTime="2024-01-09T15:42:58.0134622+01:00" testType="13cdc9d9-ddb5-4fa4-a97d-d965ccfc6d4b" outcome="Passed" testListId="8c84fa94-04c1-424b-9868-57a2d4851a1d" relativeResultsDirectory="88eaa5e1-784a-4a59-b7cd-0d0efa2bfd3d" />
    <UnitTestResult executionId="c82bddaf-4ef4-405d-b348-aba58a9e5101" testId="3029a148-fe01-5032-36a9-03ec91964a4e" testName="UpgradingFromAConfigFileWithoutWebSocketEntry_Then_ANewWebSocketEntryIsCreated" computerName="DKSR-EFI-06" duration="00:00:00.0051667" startTime="2024-01-09T15:42:58.0290865+01:00" endTime="2024-01-09T15:42:58.0290865+01:00" testType="13cdc9d9-ddb5-4fa4-a97d-d965ccfc6d4b" outcome="Passed" testListId="8c84fa94-04c1-424b-9868-57a2d4851a1d" relativeResultsDirectory="c82bddaf-4ef4-405d-b348-aba58a9e5101" />
  </Results>
  <TestDefinitions>
    <UnitTest name="UpdateSettingsFieldsChecksAndCreatesFileWhenFileIsMissing" storage="d:\actions-runner\_work\xpco\xpco\eventserver\server\components\central\registrars.unittest\bin\debug\net472\videoos.eventserver.registrars.unittest.dll" id="c2514dfa-8632-5973-0605-841c137cb321">
      <Execution id="6dcebf49-dd8f-465f-a334-06e6266a5a3a" />
      <TestMethod codeBase="D:\actions-runner\_work\XPCO\XPCO\EventServer\Server\Components\Central\Registrars.UnitTest\bin\Debug\net472\VideoOS.EventServer.Registrars.UnitTest.dll" adapterTypeName="executor://mstestadapter/v2" className="VideoOS.EventServer.Registrars.UnitTest.ServerEndpointRegistrarTest" name="UpdateSettingsFieldsChecksAndCreatesFileWhenFileIsMissing" />
    </UnitTest>
    <UnitTest name="UpgradingFromAConfigFileWithoutWebSocketEntry_Then_ANewWebSocketEntryIsCreated" storage="d:\actions-runner\_work\xpco\xpco\eventserver\server\components\central\registrars.unittest\bin\debug\net472\videoos.eventserver.registrars.unittest.dll" id="3029a148-fe01-5032-36a9-03ec91964a4e">
      <Execution id="c82bddaf-4ef4-405d-b348-aba58a9e5101" />
      <TestMethod codeBase="D:\actions-runner\_work\XPCO\XPCO\EventServer\Server\Components\Central\Registrars.UnitTest\bin\Debug\net472\VideoOS.EventServer.Registrars.UnitTest.dll" adapterTypeName="executor://mstestadapter/v2" className="VideoOS.EventServer.Registrars.UnitTest.ServiceConfigSettingsUnitTest" name="UpgradingFromAConfigFileWithoutWebSocketEntry_Then_ANewWebSocketEntryIsCreated" />
    </UnitTest>
    <UnitTest name="SecureEnabledFalseOnSettingsFileWhenNoCertificateSet" storage="d:\actions-runner\_work\xpco\xpco\eventserver\server\components\central\registrars.unittest\bin\debug\net472\videoos.eventserver.registrars.unittest.dll" id="9ea8f298-518a-c370-0aaa-deaf279e8138">
      <Execution id="e7a889cf-0114-497a-8a16-2b28f65f2405" />
      <TestMethod codeBase="D:\actions-runner\_work\XPCO\XPCO\EventServer\Server\Components\Central\Registrars.UnitTest\bin\Debug\net472\VideoOS.EventServer.Registrars.UnitTest.dll" adapterTypeName="executor://mstestadapter/v2" className="VideoOS.EventServer.Registrars.UnitTest.ServerEndpointRegistrarTest" name="SecureEnabledFalseOnSettingsFileWhenNoCertificateSet" />
    </UnitTest>
    <UnitTest name="SecureEnableTrueOnSettingsFileWWhenCertificateSet" storage="d:\actions-runner\_work\xpco\xpco\eventserver\server\components\central\registrars.unittest\bin\debug\net472\videoos.eventserver.registrars.unittest.dll" id="492413c3-1451-a889-ac06-0ec205d02f5c">
      <Execution id="88eaa5e1-784a-4a59-b7cd-0d0efa2bfd3d" />
      <TestMethod codeBase="D:\actions-runner\_work\XPCO\XPCO\EventServer\Server\Components\Central\Registrars.UnitTest\bin\Debug\net472\VideoOS.EventServer.Registrars.UnitTest.dll" adapterTypeName="executor://mstestadapter/v2" className="VideoOS.EventServer.Registrars.UnitTest.ServerEndpointRegistrarTest" name="SecureEnableTrueOnSettingsFileWWhenCertificateSet" />
    </UnitTest>
    <UnitTest name="Empty_Ctor_SetServerAddress_AddressToSetIsNull_ThrowsArgumentNullException" storage="d:\actions-runner\_work\xpco\xpco\eventserver\server\components\central\registrars.unittest\bin\debug\net472\videoos.eventserver.registrars.unittest.dll" id="59000c81-d81b-c5d2-2522-2bf0d12ae8b1">
      <Execution id="00a4ec86-d25e-4b4f-95af-6857d403931f" />
      <TestMethod codeBase="D:\actions-runner\_work\XPCO\XPCO\EventServer\Server\Components\Central\Registrars.UnitTest\bin\Debug\net472\VideoOS.EventServer.Registrars.UnitTest.dll" adapterTypeName="executor://mstestadapter/v2" className="VideoOS.EventServer.Registrars.UnitTest.EventServerSetManagementServerRegistrarUnitTest" name="Empty_Ctor_SetServerAddress_AddressToSetIsNull_ThrowsArgumentNullException" />
    </UnitTest>
    <UnitTest name="Full_Ctor_SetServerAddress_AddressToSetIsNull_ThrowsArgumentNullException" storage="d:\actions-runner\_work\xpco\xpco\eventserver\server\components\central\registrars.unittest\bin\debug\net472\videoos.eventserver.registrars.unittest.dll" id="b50740e4-e43e-e26e-5ae3-be5f004022b1">
      <Execution id="5d81bad6-69d6-4e96-96a7-abeea7a271ca" />
      <TestMethod codeBase="D:\actions-runner\_work\XPCO\XPCO\EventServer\Server\Components\Central\Registrars.UnitTest\bin\Debug\net472\VideoOS.EventServer.Registrars.UnitTest.dll" adapterTypeName="executor://mstestadapter/v2" className="VideoOS.EventServer.Registrars.UnitTest.EventServerSetManagementServerRegistrarUnitTest" name="Full_Ctor_SetServerAddress_AddressToSetIsNull_ThrowsArgumentNullException" />
    </UnitTest>
    <UnitTest name="Empty_Ctor_SetServerAddress" storage="d:\actions-runner\_work\xpco\xpco\eventserver\server\components\central\registrars.unittest\bin\debug\net472\videoos.eventserver.registrars.unittest.dll" id="1e3cd871-7a5e-3ed2-cf70-a8c3d9715ab9">
      <Execution id="98cbec4c-1931-402e-a051-f1d509128c2a" />
      <TestMethod codeBase="D:\actions-runner\_work\XPCO\XPCO\EventServer\Server\Components\Central\Registrars.UnitTest\bin\Debug\net472\VideoOS.EventServer.Registrars.UnitTest.dll" adapterTypeName="executor://mstestadapter/v2" className="VideoOS.EventServer.Registrars.UnitTest.EventServerSetManagementServerRegistrarUnitTest" name="Empty_Ctor_SetServerAddress" />
    </UnitTest>
  </TestDefinitions>
  <TestEntries>
    <TestEntry testId="b50740e4-e43e-e26e-5ae3-be5f004022b1" executionId="5d81bad6-69d6-4e96-96a7-abeea7a271ca" testListId="8c84fa94-04c1-424b-9868-57a2d4851a1d" />
    <TestEntry testId="59000c81-d81b-c5d2-2522-2bf0d12ae8b1" executionId="00a4ec86-d25e-4b4f-95af-6857d403931f" testListId="8c84fa94-04c1-424b-9868-57a2d4851a1d" />
    <TestEntry testId="9ea8f298-518a-c370-0aaa-deaf279e8138" executionId="e7a889cf-0114-497a-8a16-2b28f65f2405" testListId="8c84fa94-04c1-424b-9868-57a2d4851a1d" />
    <TestEntry testId="1e3cd871-7a5e-3ed2-cf70-a8c3d9715ab9" executionId="98cbec4c-1931-402e-a051-f1d509128c2a" testListId="8c84fa94-04c1-424b-9868-57a2d4851a1d" />
    <TestEntry testId="c2514dfa-8632-5973-0605-841c137cb321" executionId="6dcebf49-dd8f-465f-a334-06e6266a5a3a" testListId="8c84fa94-04c1-424b-9868-57a2d4851a1d" />
    <TestEntry testId="492413c3-1451-a889-ac06-0ec205d02f5c" executionId="88eaa5e1-784a-4a59-b7cd-0d0efa2bfd3d" testListId="8c84fa94-04c1-424b-9868-57a2d4851a1d" />
    <TestEntry testId="3029a148-fe01-5032-36a9-03ec91964a4e" executionId="c82bddaf-4ef4-405d-b348-aba58a9e5101" testListId="8c84fa94-04c1-424b-9868-57a2d4851a1d" />
  </TestEntries>
  <TestLists>
    <TestList name="Results Not in a List" id="8c84fa94-04c1-424b-9868-57a2d4851a1d" />
    <TestList name="All Loaded Results" id="19431567-8539-422a-85d7-44ee4e166bda" />
  </TestLists>
  <ResultSummary outcome="Completed">
    <Counters total="7" executed="7" passed="7" failed="0" error="0" timeout="0" aborted="0" inconclusive="0" passedButRunAborted="0" notRunnable="0" notExecuted="0" disconnected="0" warning="0" completed="0" inProgress="0" pending="0" />
  </ResultSummary>
</TestRun>