<?xml version="1.0" encoding="utf-8"?>
<TestRun id="9bda329a-e394-4af7-8430-6c81b5ca64ea" name="DKSR-EFI-06$@DKSR-EFI-06 2024-01-09 15:43:08" runUser="NT AUTHORITY\NETWORK SERVICE" xmlns="http://microsoft.com/schemas/VisualStudio/TeamTest/2010">
  <Times creation="2024-01-09T15:43:08.6228479+01:00" queuing="2024-01-09T15:43:08.6228479+01:00" start="2024-01-09T15:43:06.8572167+01:00" finish="2024-01-09T15:43:09.1541001+01:00" />
  <TestSettings name="default" id="385e545b-e4da-4bb3-a765-dba596330db5">
    <Deployment runDeploymentRoot="DKSR-EFI-06$_DKSR-EFI-06_2024-01-09_15_43_08" />
  </TestSettings>
  <Results>
    <UnitTestResult executionId="caf46bd7-7cfa-4c84-9f72-5887fe7b1cb2" testId="b4bd1df9-f838-333b-ceb6-4e36ba67adc8" testName="FiltersBy_ReturnsOperatorAndValue_WhenValid (VideoOS.EventServer.Common.RestApi.Helpers.FiltersByString,contains:'abcdefg',Contains,abcdefg)" computerName="DKSR-EFI-06" duration="00:00:00.0000862" startTime="2024-01-09T15:43:08.6228479+01:00" endTime="2024-01-09T15:43:08.6384715+01:00" testType="13cdc9d9-ddb5-4fa4-a97d-d965ccfc6d4b" outcome="Passed" testListId="8c84fa94-04c1-424b-9868-57a2d4851a1d" relativeResultsDirectory="caf46bd7-7cfa-4c84-9f72-5887fe7b1cb2" />
    <UnitTestResult executionId="462f5be3-c649-4e77-b2c8-326a66c94a90" testId="7cccab50-51d2-ac52-9e37-0ce7ae6a5d89" testName="FilterBy_ThrowsException_WhenParsingBadFilterStrings (VideoOS.EventServer.Common.RestApi.Helpers.FiltersByInt,'2',System.FormatException)" computerName="DKSR-EFI-06" duration="00:00:00.0000530" startTime="2024-01-09T15:43:08.6228479+01:00" endTime="2024-01-09T15:43:08.6228479+01:00" testType="13cdc9d9-ddb5-4fa4-a97d-d965ccfc6d4b" outcome="Passed" testListId="8c84fa94-04c1-424b-9868-57a2d4851a1d" relativeResultsDirectory="462f5be3-c649-4e77-b2c8-326a66c94a90" />
    <UnitTestResult executionId="e81d0a72-0b13-451e-b097-972fce692bd4" testId="decb0d49-c1a5-deaf-c47f-d8b604e513ff" testName="FilterBy_ParsesAndUnparsesCorrectly_WhenParsingGoodFilterStrings (VideoOS.EventServer.Common.RestApi.Helpers.FiltersByDateTime, '1970-01-01T12:59:59.999Z',equals:'1970-01-01T12:59:59.9990000Z')" computerName="DKSR-EFI-06" duration="00:00:00.0055087" startTime="2024-01-09T15:43:08.3728472+01:00" endTime="2024-01-09T15:43:08.5915962+01:00" testType="13cdc9d9-ddb5-4fa4-a97d-d965ccfc6d4b" outcome="Passed" testListId="8c84fa94-04c1-424b-9868-57a2d4851a1d" relativeResultsDirectory="e81d0a72-0b13-451e-b097-972fce692bd4" />
    <UnitTestResult executionId="730e01f5-c334-40e2-aebd-cb3aa48368d2" testId="7cccab50-51d2-ac52-9e37-0ce7ae6a5d89" testName="FilterBy_ThrowsException_WhenParsingBadFilterStrings (VideoOS.EventServer.Common.RestApi.Helpers.FiltersByInt,lt:1,gt:'2',System.FormatException)" computerName="DKSR-EFI-06" duration="00:00:00.0000709" startTime="2024-01-09T15:43:08.6228479+01:00" endTime="2024-01-09T15:43:08.6228479+01:00" testType="13cdc9d9-ddb5-4fa4-a97d-d965ccfc6d4b" outcome="Passed" testListId="8c84fa94-04c1-424b-9868-57a2d4851a1d" relativeResultsDirectory="730e01f5-c334-40e2-aebd-cb3aa48368d2" />
    <UnitTestResult executionId="0c6b4b61-58de-4764-9bb5-ced5b99549b8" testId="b4bd1df9-f838-333b-ceb6-4e36ba67adc8" testName="FiltersBy_ReturnsOperatorAndValue_WhenValid (VideoOS.EventServer.Common.RestApi.Helpers.FiltersByString,lt:'Scarlett O''Hara',LessThan,Scarlett O'Hara)" computerName="DKSR-EFI-06" duration="00:00:00.0002088" startTime="2024-01-09T15:43:08.6228479+01:00" endTime="2024-01-09T15:43:08.6384715+01:00" testType="13cdc9d9-ddb5-4fa4-a97d-d965ccfc6d4b" outcome="Passed" testListId="8c84fa94-04c1-424b-9868-57a2d4851a1d" relativeResultsDirectory="0c6b4b61-58de-4764-9bb5-ced5b99549b8" />
    <UnitTestResult executionId="2c0c94ef-42af-47a2-8d52-4d640a712252" testId="b4bd1df9-f838-333b-ceb6-4e36ba67adc8" testName="FiltersBy_ReturnsOperatorAndValue_WhenValid (VideoOS.EventServer.Common.RestApi.Helpers.FiltersByString,equals:'abc',Equals,abc)" computerName="DKSR-EFI-06" duration="00:00:00.0001028" startTime="2024-01-09T15:43:08.6228479+01:00" endTime="2024-01-09T15:43:08.6384715+01:00" testType="13cdc9d9-ddb5-4fa4-a97d-d965ccfc6d4b" outcome="Passed" testListId="8c84fa94-04c1-424b-9868-57a2d4851a1d" relativeResultsDirectory="2c0c94ef-42af-47a2-8d52-4d640a712252" />
    <UnitTestResult executionId="bdd55b95-b782-4cef-bc3e-107038d1f8e7" testId="7cccab50-51d2-ac52-9e37-0ce7ae6a5d89" testName="FilterBy_ThrowsException_WhenParsingBadFilterStrings (VideoOS.EventServer.Common.RestApi.Helpers.FiltersByDateTime,lt:'2023-01-01T00:00:00.000Z',gt:'bad datetime format',System.FormatException)" computerName="DKSR-EFI-06" duration="00:00:00.0008049" startTime="2024-01-09T15:43:08.6228479+01:00" endTime="2024-01-09T15:43:08.6228479+01:00" testType="13cdc9d9-ddb5-4fa4-a97d-d965ccfc6d4b" outcome="Passed" testListId="8c84fa94-04c1-424b-9868-57a2d4851a1d" relativeResultsDirectory="bdd55b95-b782-4cef-bc3e-107038d1f8e7" />
    <UnitTestResult executionId="f3a924b9-a8a9-4db7-8676-e222a6b761b5" testId="decb0d49-c1a5-deaf-c47f-d8b604e513ff" testName="FilterBy_ParsesAndUnparsesCorrectly_WhenParsingGoodFilterStrings (VideoOS.EventServer.Common.RestApi.Helpers.FiltersByInt, 123 ,equals:123)" computerName="DKSR-EFI-06" duration="00:00:00.0509686" startTime="2024-01-09T15:43:08.3728472+01:00" endTime="2024-01-09T15:43:08.5915962+01:00" testType="13cdc9d9-ddb5-4fa4-a97d-d965ccfc6d4b" outcome="Passed" testListId="8c84fa94-04c1-424b-9868-57a2d4851a1d" relativeResultsDirectory="f3a924b9-a8a9-4db7-8676-e222a6b761b5" />
    <UnitTestResult executionId="a8e08c6a-4730-4bd7-9b40-97a92a6cc7e2" testId="decb0d49-c1a5-deaf-c47f-d8b604e513ff" testName="FilterBy_ParsesAndUnparsesCorrectly_WhenParsingGoodFilterStrings (VideoOS.EventServer.Common.RestApi.Helpers.FiltersByString,contains:'more quotes ''in'' the middle', lt:'and ''more''', startsWith:'quotes ''in'' the middle',contains:'more quotes ''in'' the middle',lt:'and ''more''',startsWith:'quotes ''in'' the middle')" computerName="DKSR-EFI-06" duration="00:00:00.0118935" startTime="2024-01-09T15:43:08.3728472+01:00" endTime="2024-01-09T15:43:08.5915962+01:00" testType="13cdc9d9-ddb5-4fa4-a97d-d965ccfc6d4b" outcome="Passed" testListId="8c84fa94-04c1-424b-9868-57a2d4851a1d" relativeResultsDirectory="a8e08c6a-4730-4bd7-9b40-97a92a6cc7e2" />
    <UnitTestResult executionId="94bcf779-0b44-44e5-8ab8-e0faa72524a3" testId="b4bd1df9-f838-333b-ceb6-4e36ba67adc8" testName="FiltersBy_ReturnsOperatorAndValue_WhenValid (VideoOS.EventServer.Common.RestApi.Helpers.FiltersByInt,oneOf:(8,9,10),OneOf,System.Int32[])" computerName="DKSR-EFI-06" duration="00:00:00.0029633" startTime="2024-01-09T15:43:08.6228479+01:00" endTime="2024-01-09T15:43:08.6384715+01:00" testType="13cdc9d9-ddb5-4fa4-a97d-d965ccfc6d4b" outcome="Passed" testListId="8c84fa94-04c1-424b-9868-57a2d4851a1d" relativeResultsDirectory="94bcf779-0b44-44e5-8ab8-e0faa72524a3" />
    <UnitTestResult executionId="c73838f1-a148-4a63-924a-957dd98a9d7c" testId="b4bd1df9-f838-333b-ceb6-4e36ba67adc8" testName="FiltersBy_ReturnsOperatorAndValue_WhenValid (VideoOS.EventServer.Common.RestApi.Helpers.FiltersByInt,notEquals:5,NotEquals,5)" computerName="DKSR-EFI-06" duration="00:00:00.0000606" startTime="2024-01-09T15:43:08.6228479+01:00" endTime="2024-01-09T15:43:08.6384715+01:00" testType="13cdc9d9-ddb5-4fa4-a97d-d965ccfc6d4b" outcome="Passed" testListId="8c84fa94-04c1-424b-9868-57a2d4851a1d" relativeResultsDirectory="c73838f1-a148-4a63-924a-957dd98a9d7c" />
    <UnitTestResult executionId="8ded3e12-60d2-4506-9bde-3005c826b33e" testId="b4bd1df9-f838-333b-ceb6-4e36ba67adc8" testName="FiltersBy_ReturnsOperatorAndValue_WhenValid (VideoOS.EventServer.Common.RestApi.Helpers.FiltersByDateTime,lt:'1970-01-02T03:04:05.678Z',LessThan,1/2/1970 4:04:05 AM)" computerName="DKSR-EFI-06" duration="00:00:00.0001786" startTime="2024-01-09T15:43:08.6228479+01:00" endTime="2024-01-09T15:43:08.6384715+01:00" testType="13cdc9d9-ddb5-4fa4-a97d-d965ccfc6d4b" outcome="Passed" testListId="8c84fa94-04c1-424b-9868-57a2d4851a1d" relativeResultsDirectory="8ded3e12-60d2-4506-9bde-3005c826b33e" />
    <UnitTestResult executionId="57bc1ca4-0e5b-4bd0-b704-d2aa6254c4aa" testId="b4bd1df9-f838-333b-ceb6-4e36ba67adc8" testName="FiltersBy_ReturnsOperatorAndValue_WhenValid (VideoOS.EventServer.Common.RestApi.Helpers.FiltersByInt,equals:3,Equals,3)" computerName="DKSR-EFI-06" duration="00:00:00.0000817" startTime="2024-01-09T15:43:08.6228479+01:00" endTime="2024-01-09T15:43:08.6384715+01:00" testType="13cdc9d9-ddb5-4fa4-a97d-d965ccfc6d4b" outcome="Passed" testListId="8c84fa94-04c1-424b-9868-57a2d4851a1d" relativeResultsDirectory="57bc1ca4-0e5b-4bd0-b704-d2aa6254c4aa" />
    <UnitTestResult executionId="27b9a2f7-a86f-47d2-9fb0-113ec391b490" testId="b0d5cf61-9d67-afc1-7580-11cd9f87fcbc" testName="OrderBy_ReturnsOperatorAndValue_WhenValid (desc:'2',Descending,2)" computerName="DKSR-EFI-06" duration="00:00:00.0000560" startTime="2024-01-09T15:43:08.7478467+01:00" endTime="2024-01-09T15:43:08.7478467+01:00" testType="13cdc9d9-ddb5-4fa4-a97d-d965ccfc6d4b" outcome="Passed" testListId="8c84fa94-04c1-424b-9868-57a2d4851a1d" relativeResultsDirectory="27b9a2f7-a86f-47d2-9fb0-113ec391b490" />
    <UnitTestResult executionId="595d7f2f-92c6-44b4-81f6-f4f16517c92e" testId="7cccab50-51d2-ac52-9e37-0ce7ae6a5d89" testName="FilterBy_ThrowsException_WhenParsingBadFilterStrings (VideoOS.EventServer.Common.RestApi.Helpers.FiltersByString,startsWith:'quotes 'in' the middle',contains:'more quotes 'in' the middle',System.FormatException)" computerName="DKSR-EFI-06" duration="00:00:00.0000703" startTime="2024-01-09T15:43:08.6228479+01:00" endTime="2024-01-09T15:43:08.6228479+01:00" testType="13cdc9d9-ddb5-4fa4-a97d-d965ccfc6d4b" outcome="Passed" testListId="8c84fa94-04c1-424b-9868-57a2d4851a1d" relativeResultsDirectory="595d7f2f-92c6-44b4-81f6-f4f16517c92e" />
    <UnitTestResult executionId="e71a053e-8b20-42aa-8b90-9595e6247a28" testId="b4bd1df9-f838-333b-ceb6-4e36ba67adc8" testName="FiltersBy_ReturnsOperatorAndValue_WhenValid (VideoOS.EventServer.Common.RestApi.Helpers.FiltersByInt,gt:2,GreaterThan,2)" computerName="DKSR-EFI-06" duration="00:00:00.0001903" startTime="2024-01-09T15:43:08.6228479+01:00" endTime="2024-01-09T15:43:08.6384715+01:00" testType="13cdc9d9-ddb5-4fa4-a97d-d965ccfc6d4b" outcome="Passed" testListId="8c84fa94-04c1-424b-9868-57a2d4851a1d" relativeResultsDirectory="e71a053e-8b20-42aa-8b90-9595e6247a28" />
    <UnitTestResult executionId="da764a0e-b07a-40f2-9c6f-1d3cd2785cfa" testId="b4bd1df9-f838-333b-ceb6-4e36ba67adc8" testName="FiltersBy_ReturnsOperatorAndValue_WhenValid (VideoOS.EventServer.Common.RestApi.Helpers.FiltersByString,notEquals:'abcde',NotEquals,abcde)" computerName="DKSR-EFI-06" duration="00:00:00.0000907" startTime="2024-01-09T15:43:08.6228479+01:00" endTime="2024-01-09T15:43:08.6384715+01:00" testType="13cdc9d9-ddb5-4fa4-a97d-d965ccfc6d4b" outcome="Passed" testListId="8c84fa94-04c1-424b-9868-57a2d4851a1d" relativeResultsDirectory="da764a0e-b07a-40f2-9c6f-1d3cd2785cfa" />
    <UnitTestResult executionId="ea008a45-6e3b-40f2-b5fa-27d48ca06d9c" testId="42915373-00f8-dc44-b01f-ebc687455343" testName="OrderBy_ReturnsTheNumberOfFilters_WhenValid" computerName="DKSR-EFI-06" duration="00:00:00.0008523" startTime="2024-01-09T15:43:08.7324262+01:00" endTime="2024-01-09T15:43:08.7324262+01:00" testType="13cdc9d9-ddb5-4fa4-a97d-d965ccfc6d4b" outcome="Passed" testListId="8c84fa94-04c1-424b-9868-57a2d4851a1d" relativeResultsDirectory="ea008a45-6e3b-40f2-b5fa-27d48ca06d9c" />
    <UnitTestResult executionId="21a9dd97-3b9d-4476-ae9a-996c9cc598c1" testId="6e30856c-2d9e-138f-7906-123d83939ea2" testName="Iso8601Datetime_Accepts_ValidTimestamps (2023-02-28T21:44:31Z,True)" computerName="DKSR-EFI-06" duration="00:00:00.0029366" startTime="2024-01-09T15:43:08.6540977+01:00" endTime="2024-01-09T15:43:08.7165987+01:00" testType="13cdc9d9-ddb5-4fa4-a97d-d965ccfc6d4b" outcome="Passed" testListId="8c84fa94-04c1-424b-9868-57a2d4851a1d" relativeResultsDirectory="21a9dd97-3b9d-4476-ae9a-996c9cc598c1" />
    <UnitTestResult executionId="1d0886bd-ca13-42f1-8514-c923c8b1ff8e" testId="b4bd1df9-f838-333b-ceb6-4e36ba67adc8" testName="FiltersBy_ReturnsOperatorAndValue_WhenValid (VideoOS.EventServer.Common.RestApi.Helpers.FiltersByString,oneOf:('Scarlett O''Hara', 'John ''doe''', ''),OneOf,System.String[])" computerName="DKSR-EFI-06" duration="00:00:00.0001023" startTime="2024-01-09T15:43:08.6228479+01:00" endTime="2024-01-09T15:43:08.6384715+01:00" testType="13cdc9d9-ddb5-4fa4-a97d-d965ccfc6d4b" outcome="Passed" testListId="8c84fa94-04c1-424b-9868-57a2d4851a1d" relativeResultsDirectory="1d0886bd-ca13-42f1-8514-c923c8b1ff8e" />
    <UnitTestResult executionId="4885dc8b-7ea3-4ec8-a285-9ecd5d25910a" testId="b4bd1df9-f838-333b-ceb6-4e36ba67adc8" testName="FiltersBy_ReturnsOperatorAndValue_WhenValid (VideoOS.EventServer.Common.RestApi.Helpers.FiltersByString,gt:'ab',GreaterThan,ab)" computerName="DKSR-EFI-06" duration="00:00:00.0001198" startTime="2024-01-09T15:43:08.6228479+01:00" endTime="2024-01-09T15:43:08.6384715+01:00" testType="13cdc9d9-ddb5-4fa4-a97d-d965ccfc6d4b" outcome="Passed" testListId="8c84fa94-04c1-424b-9868-57a2d4851a1d" relativeResultsDirectory="4885dc8b-7ea3-4ec8-a285-9ecd5d25910a" />
    <UnitTestResult executionId="f485cf05-cf2b-4323-a8bc-43ccc6d2c97d" testId="b4bd1df9-f838-333b-ceb6-4e36ba67adc8" testName="FiltersBy_ReturnsOperatorAndValue_WhenValid (VideoOS.EventServer.Common.RestApi.Helpers.FiltersByDateTime,gt:'1970-12-21T13:14:15.876Z',GreaterThan,12/21/1970 2:14:15 PM)" computerName="DKSR-EFI-06" duration="00:00:00.0001329" startTime="2024-01-09T15:43:08.6228479+01:00" endTime="2024-01-09T15:43:08.6384715+01:00" testType="13cdc9d9-ddb5-4fa4-a97d-d965ccfc6d4b" outcome="Passed" testListId="8c84fa94-04c1-424b-9868-57a2d4851a1d" relativeResultsDirectory="f485cf05-cf2b-4323-a8bc-43ccc6d2c97d" />
    <UnitTestResult executionId="03309522-4f1f-4dc8-9332-d74a597f8ae7" testId="457c5a90-315c-5aca-98fc-f5d3d7f53a75" testName="OrderBy_ReturnsOperatorAndValue_WhenValid (asc:'asdfdf',Ascending,asdfdf)" computerName="DKSR-EFI-06" duration="00:00:00.0000130" startTime="2024-01-09T15:43:08.7478467+01:00" endTime="2024-01-09T15:43:08.7478467+01:00" testType="13cdc9d9-ddb5-4fa4-a97d-d965ccfc6d4b" outcome="Passed" testListId="8c84fa94-04c1-424b-9868-57a2d4851a1d" relativeResultsDirectory="03309522-4f1f-4dc8-9332-d74a597f8ae7" />
    <UnitTestResult executionId="924b5691-4706-4964-bdc4-5fe1f959ba55" testId="9c8fb289-d9d8-c023-b014-1810d6f1fd3d" testName="Iso8601Datetime_Accepts_ValidTimestamps (123,False)" computerName="DKSR-EFI-06" duration="00:00:00.0000061" startTime="2024-01-09T15:43:08.7165987+01:00" endTime="2024-01-09T15:43:08.7165987+01:00" testType="13cdc9d9-ddb5-4fa4-a97d-d965ccfc6d4b" outcome="Passed" testListId="8c84fa94-04c1-424b-9868-57a2d4851a1d" relativeResultsDirectory="924b5691-4706-4964-bdc4-5fe1f959ba55" />
    <UnitTestResult executionId="c5ed28e7-5d5c-4fbf-ae4c-af7628bdeb30" testId="ca3c6706-474d-cdda-4365-82da14b65e2b" testName="OrderBy_IgnoresOperators_WhenUnknown" computerName="DKSR-EFI-06" duration="00:00:00.0198852" startTime="2024-01-09T15:43:08.7165987+01:00" endTime="2024-01-09T15:43:08.7324262+01:00" testType="13cdc9d9-ddb5-4fa4-a97d-d965ccfc6d4b" outcome="Passed" testListId="8c84fa94-04c1-424b-9868-57a2d4851a1d" relativeResultsDirectory="c5ed28e7-5d5c-4fbf-ae4c-af7628bdeb30" />
    <UnitTestResult executionId="472f6665-8afb-42ae-ad44-ec189b41e222" testId="b0b6730b-f4b4-acab-8b74-5729f2f9d1bb" testName="OrderBy_ReturnsOperatorAndValue_WhenValid (desc:'asdfdf',Descending,asdfdf)" computerName="DKSR-EFI-06" duration="00:00:00.0000105" startTime="2024-01-09T15:43:08.7478467+01:00" endTime="2024-01-09T15:43:08.7478467+01:00" testType="13cdc9d9-ddb5-4fa4-a97d-d965ccfc6d4b" outcome="Passed" testListId="8c84fa94-04c1-424b-9868-57a2d4851a1d" relativeResultsDirectory="472f6665-8afb-42ae-ad44-ec189b41e222" />
    <UnitTestResult executionId="e0e38c6d-a701-4a65-8f86-6c9ce7ad6f47" testId="797a4298-07fd-73ee-e51f-69458c3e52e2" testName="Iso8601Datetime_Accepts_ValidTimestamps (2023-02-28T21:44,True)" computerName="DKSR-EFI-06" duration="00:00:00.0000091" startTime="2024-01-09T15:43:08.7165987+01:00" endTime="2024-01-09T15:43:08.7165987+01:00" testType="13cdc9d9-ddb5-4fa4-a97d-d965ccfc6d4b" outcome="Passed" testListId="8c84fa94-04c1-424b-9868-57a2d4851a1d" relativeResultsDirectory="e0e38c6d-a701-4a65-8f86-6c9ce7ad6f47" />
    <UnitTestResult executionId="ab140c85-2e87-4ecf-821e-d7f59ec688e5" testId="7cccab50-51d2-ac52-9e37-0ce7ae6a5d89" testName="FilterBy_ThrowsException_WhenParsingBadFilterStrings (VideoOS.EventServer.Common.RestApi.Helpers.FiltersByString,startsWith:whatever,System.FormatException)" computerName="DKSR-EFI-06" duration="00:00:00.0000483" startTime="2024-01-09T15:43:08.6228479+01:00" endTime="2024-01-09T15:43:08.6228479+01:00" testType="13cdc9d9-ddb5-4fa4-a97d-d965ccfc6d4b" outcome="Passed" testListId="8c84fa94-04c1-424b-9868-57a2d4851a1d" relativeResultsDirectory="ab140c85-2e87-4ecf-821e-d7f59ec688e5" />
    <UnitTestResult executionId="5683da78-decc-4a22-9c69-24995767d6b0" testId="b4bd1df9-f838-333b-ceb6-4e36ba67adc8" testName="FiltersBy_ReturnsOperatorAndValue_WhenValid (VideoOS.EventServer.Common.RestApi.Helpers.FiltersByString,startsWith:'abcdef',BeginsWith,abcdef)" computerName="DKSR-EFI-06" duration="00:00:00.0001219" startTime="2024-01-09T15:43:08.6228479+01:00" endTime="2024-01-09T15:43:08.6384715+01:00" testType="13cdc9d9-ddb5-4fa4-a97d-d965ccfc6d4b" outcome="Passed" testListId="8c84fa94-04c1-424b-9868-57a2d4851a1d" relativeResultsDirectory="5683da78-decc-4a22-9c69-24995767d6b0" />
    <UnitTestResult executionId="cad623af-216e-4441-99dc-ea198a68b0a0" testId="decb0d49-c1a5-deaf-c47f-d8b604e513ff" testName="FilterBy_ParsesAndUnparsesCorrectly_WhenParsingGoodFilterStrings (VideoOS.EventServer.Common.RestApi.Helpers.FiltersByString, '''single'' ''value'' ''with'' ''quotes''' ,equals:'''single'' ''value'' ''with'' ''quotes''')" computerName="DKSR-EFI-06" duration="00:00:00.0038493" startTime="2024-01-09T15:43:08.3728472+01:00" endTime="2024-01-09T15:43:08.5915962+01:00" testType="13cdc9d9-ddb5-4fa4-a97d-d965ccfc6d4b" outcome="Passed" testListId="8c84fa94-04c1-424b-9868-57a2d4851a1d" relativeResultsDirectory="cad623af-216e-4441-99dc-ea198a68b0a0" />
    <UnitTestResult executionId="7b92ca08-83b6-4655-8720-aba9744438c0" testId="d8aa7ea8-147e-3cd6-79ba-854fd1a7e76f" testName="OrderBy_IgnoresOperators_WhenNoQuotes" computerName="DKSR-EFI-06" duration="00:00:00.0002295" startTime="2024-01-09T15:43:08.7324262+01:00" endTime="2024-01-09T15:43:08.7324262+01:00" testType="13cdc9d9-ddb5-4fa4-a97d-d965ccfc6d4b" outcome="Passed" testListId="8c84fa94-04c1-424b-9868-57a2d4851a1d" relativeResultsDirectory="7b92ca08-83b6-4655-8720-aba9744438c0" />
    <UnitTestResult executionId="f47a0593-4904-44be-a4d7-ef667781e854" testId="0b190f7d-5f76-6ca9-7713-2e5514ae8c20" testName="Pagination_ReturnsPrevAndNextLinks_WhenPaginationNeededAndNoAdditionalQueryParameters" computerName="DKSR-EFI-06" duration="00:00:00.0003573" startTime="2024-01-09T15:43:08.8415972+01:00" endTime="2024-01-09T15:43:08.8415972+01:00" testType="13cdc9d9-ddb5-4fa4-a97d-d965ccfc6d4b" outcome="Passed" testListId="8c84fa94-04c1-424b-9868-57a2d4851a1d" relativeResultsDirectory="f47a0593-4904-44be-a4d7-ef667781e854" />
    <UnitTestResult executionId="d8d98058-06b0-46d6-ba86-aa10816a1533" testId="b4bd1df9-f838-333b-ceb6-4e36ba67adc8" testName="FiltersBy_ReturnsOperatorAndValue_WhenValid (VideoOS.EventServer.Common.RestApi.Helpers.FiltersByString,'Scarlett O''Hara',Equals,Scarlett O'Hara)" computerName="DKSR-EFI-06" duration="00:00:00.0000620" startTime="2024-01-09T15:43:08.6228479+01:00" endTime="2024-01-09T15:43:08.6384715+01:00" testType="13cdc9d9-ddb5-4fa4-a97d-d965ccfc6d4b" outcome="Passed" testListId="8c84fa94-04c1-424b-9868-57a2d4851a1d" relativeResultsDirectory="d8d98058-06b0-46d6-ba86-aa10816a1533" />
    <UnitTestResult executionId="95c0466e-d2e3-4ce7-9327-9a5a03b81e96" testId="7cccab50-51d2-ac52-9e37-0ce7ae6a5d89" testName="FilterBy_ThrowsException_WhenParsingBadFilterStrings (VideoOS.EventServer.Common.RestApi.Helpers.FiltersByInt,lt:1,gt:2,unknownOperator:3,equals:4,System.ArgumentException)" computerName="DKSR-EFI-06" duration="00:00:00.0012289" startTime="2024-01-09T15:43:08.6228479+01:00" endTime="2024-01-09T15:43:08.6228479+01:00" testType="13cdc9d9-ddb5-4fa4-a97d-d965ccfc6d4b" outcome="Passed" testListId="8c84fa94-04c1-424b-9868-57a2d4851a1d" relativeResultsDirectory="95c0466e-d2e3-4ce7-9327-9a5a03b81e96" />
    <UnitTestResult executionId="f5e6d999-6828-4e17-b36a-db876050793d" testId="7cccab50-51d2-ac52-9e37-0ce7ae6a5d89" testName="FilterBy_ThrowsException_WhenParsingBadFilterStrings (VideoOS.EventServer.Common.RestApi.Helpers.FiltersByInt,oneOf:(1, 'str2'),System.FormatException)" computerName="DKSR-EFI-06" duration="00:00:00.0006885" startTime="2024-01-09T15:43:08.6228479+01:00" endTime="2024-01-09T15:43:08.6228479+01:00" testType="13cdc9d9-ddb5-4fa4-a97d-d965ccfc6d4b" outcome="Passed" testListId="8c84fa94-04c1-424b-9868-57a2d4851a1d" relativeResultsDirectory="f5e6d999-6828-4e17-b36a-db876050793d" />
    <UnitTestResult executionId="561b3e38-9931-4798-b589-0a7cdc19f7fb" testId="ede3a1ec-fbf5-3b53-6f08-daba88a4daa5" testName="OrderBy_ReturnsOperatorAndValue_WhenValid (asc:'1',Ascending,1)" computerName="DKSR-EFI-06" duration="00:00:00.0015629" startTime="2024-01-09T15:43:08.7324262+01:00" endTime="2024-01-09T15:43:08.7478467+01:00" testType="13cdc9d9-ddb5-4fa4-a97d-d965ccfc6d4b" outcome="Passed" testListId="8c84fa94-04c1-424b-9868-57a2d4851a1d" relativeResultsDirectory="561b3e38-9931-4798-b589-0a7cdc19f7fb" />
    <UnitTestResult executionId="482d64a6-f22a-4a70-8c27-9b5dfdc6174f" testId="cc5a1e3d-784a-ff32-5688-0f4b7ca76895" testName="OrderBy_ReturnsOperatorsInOrder_WhenValid" computerName="DKSR-EFI-06" duration="00:00:00.0006017" startTime="2024-01-09T15:43:08.7478467+01:00" endTime="2024-01-09T15:43:08.7478467+01:00" testType="13cdc9d9-ddb5-4fa4-a97d-d965ccfc6d4b" outcome="Passed" testListId="8c84fa94-04c1-424b-9868-57a2d4851a1d" relativeResultsDirectory="482d64a6-f22a-4a70-8c27-9b5dfdc6174f" />
    <UnitTestResult executionId="5d7a6f86-23e6-4f1d-b30b-9f70dc42a9b4" testId="b4bd1df9-f838-333b-ceb6-4e36ba67adc8" testName="FiltersBy_ReturnsOperatorAndValue_WhenValid (VideoOS.EventServer.Common.RestApi.Helpers.FiltersByInt,4,Equals,4)" computerName="DKSR-EFI-06" duration="00:00:00.0000254" startTime="2024-01-09T15:43:08.6228479+01:00" endTime="2024-01-09T15:43:08.6384715+01:00" testType="13cdc9d9-ddb5-4fa4-a97d-d965ccfc6d4b" outcome="Passed" testListId="8c84fa94-04c1-424b-9868-57a2d4851a1d" relativeResultsDirectory="5d7a6f86-23e6-4f1d-b30b-9f70dc42a9b4" />
    <UnitTestResult executionId="8c66942e-2212-4cec-85c2-cb5c42d056fa" testId="944103d6-5479-39fe-21cf-eb00e927e907" testName="Pagination_ReturnsPrevAndNextLinks_WhenPaginationNeededAndAdditionalQueryParameters" computerName="DKSR-EFI-06" duration="00:00:00.0242120" startTime="2024-01-09T15:43:08.8415972+01:00" endTime="2024-01-09T15:43:08.8728497+01:00" testType="13cdc9d9-ddb5-4fa4-a97d-d965ccfc6d4b" outcome="Passed" testListId="8c84fa94-04c1-424b-9868-57a2d4851a1d" relativeResultsDirectory="8c66942e-2212-4cec-85c2-cb5c42d056fa" />
    <UnitTestResult executionId="b2d4bb6a-32c6-44ea-976c-884c19145db0" testId="b4bd1df9-f838-333b-ceb6-4e36ba67adc8" testName="FiltersBy_ReturnsOperatorAndValue_WhenValid (VideoOS.EventServer.Common.RestApi.Helpers.FiltersByInt,lt:1,LessThan,1)" computerName="DKSR-EFI-06" duration="00:00:00.0101260" startTime="2024-01-09T15:43:08.6228479+01:00" endTime="2024-01-09T15:43:08.6384715+01:00" testType="13cdc9d9-ddb5-4fa4-a97d-d965ccfc6d4b" outcome="Passed" testListId="8c84fa94-04c1-424b-9868-57a2d4851a1d" relativeResultsDirectory="b2d4bb6a-32c6-44ea-976c-884c19145db0" />
    <UnitTestResult executionId="f96b1813-d0a0-4e27-81e8-d5eb7aabf2d2" testId="decb0d49-c1a5-deaf-c47f-d8b604e513ff" testName="FilterBy_ParsesAndUnparsesCorrectly_WhenParsingGoodFilterStrings (VideoOS.EventServer.Common.RestApi.Helpers.FiltersByString,contains:'Scarlett O''Hara', oneOf: ('str1', 'str2' ,  'str3' )  , lt: '',contains:'Scarlett O''Hara',oneOf:('str1','str2','str3'),lt:'')" computerName="DKSR-EFI-06" duration="00:00:00.0034447" startTime="2024-01-09T15:43:08.3728472+01:00" endTime="2024-01-09T15:43:08.5915962+01:00" testType="13cdc9d9-ddb5-4fa4-a97d-d965ccfc6d4b" outcome="Passed" testListId="8c84fa94-04c1-424b-9868-57a2d4851a1d" relativeResultsDirectory="f96b1813-d0a0-4e27-81e8-d5eb7aabf2d2" />
    <UnitTestResult executionId="9d066d5b-20b0-45d1-9cdc-6cf58cf72977" testId="865fc926-db19-adf5-0ed5-ebb64cd1b099" testName="IncludeQueryParameter_InitializesCorrecltyDataMember_OnDifferentInput" computerName="DKSR-EFI-06" duration="00:00:00.0033604" startTime="2024-01-09T15:43:08.6384715+01:00" endTime="2024-01-09T15:43:08.6540977+01:00" testType="13cdc9d9-ddb5-4fa4-a97d-d965ccfc6d4b" outcome="Passed" testListId="8c84fa94-04c1-424b-9868-57a2d4851a1d" relativeResultsDirectory="9d066d5b-20b0-45d1-9cdc-6cf58cf72977" />
    <UnitTestResult executionId="ded72b6d-1e68-463f-a65d-8a0e1d119408" testId="989d114a-2675-0d03-c3da-aba0b0b24967" testName="Pagination_ReturnsNullNextLink_WhenNoFurtherItems" computerName="DKSR-EFI-06" duration="00:00:00.0904928" startTime="2024-01-09T15:43:08.7478467+01:00" endTime="2024-01-09T15:43:08.8415972+01:00" testType="13cdc9d9-ddb5-4fa4-a97d-d965ccfc6d4b" outcome="Passed" testListId="8c84fa94-04c1-424b-9868-57a2d4851a1d" relativeResultsDirectory="ded72b6d-1e68-463f-a65d-8a0e1d119408" />
    <UnitTestResult executionId="719a30fe-05df-43ea-af2d-9ff57ec7c878" testId="1f6f174a-444d-4b09-1141-5dabefe4d045" testName="Iso8601Datetime_Accepts_ValidTimestamps (2023-02-28T21:44:31.3806759Z,True)" computerName="DKSR-EFI-06" duration="00:00:00.0000165" startTime="2024-01-09T15:43:08.7165987+01:00" endTime="2024-01-09T15:43:08.7165987+01:00" testType="13cdc9d9-ddb5-4fa4-a97d-d965ccfc6d4b" outcome="Passed" testListId="8c84fa94-04c1-424b-9868-57a2d4851a1d" relativeResultsDirectory="719a30fe-05df-43ea-af2d-9ff57ec7c878" />
    <UnitTestResult executionId="164278f4-a1ef-464a-b541-0be919ec7625" testId="026b51b5-e2e9-2204-dac5-2099a7e66106" testName="Pagination_ReturnsNullPrevLink_WhenFirstPage" computerName="DKSR-EFI-06" duration="00:00:00.0002558" startTime="2024-01-09T15:43:08.8415972+01:00" endTime="2024-01-09T15:43:08.8415972+01:00" testType="13cdc9d9-ddb5-4fa4-a97d-d965ccfc6d4b" outcome="Passed" testListId="8c84fa94-04c1-424b-9868-57a2d4851a1d" relativeResultsDirectory="164278f4-a1ef-464a-b541-0be919ec7625" />
  </Results>
  <TestDefinitions>
    <UnitTest name="Iso8601Datetime_Accepts_ValidTimestamps (2023-02-28T21:44:31Z,True)" storage="d:\actions-runner\_work\xpco\xpco\eventserver\server\components\central\videoos.eventserver.common.restapi.unittest\bin\debug\net472\videoos.eventserver.common.restapi.unittest.dll" id="6e30856c-2d9e-138f-7906-123d83939ea2">
      <Execution id="21a9dd97-3b9d-4476-ae9a-996c9cc598c1" />
      <TestMethod codeBase="D:\actions-runner\_work\XPCO\XPCO\EventServer\Server\Components\Central\VideoOS.EventServer.Common.RestApi.UnitTest\bin\Debug\net472\VideoOS.EventServer.Common.RestApi.UnitTest.dll" adapterTypeName="executor://mstestadapter/v2" className="VideoOS.EventServer.Common.RestApi.UnitTest.Helpers.Iso8601DatetimeTest" name="Iso8601Datetime_Accepts_ValidTimestamps" />
    </UnitTest>
    <UnitTest name="FiltersBy_ReturnsOperatorAndValue_WhenValid" storage="d:\actions-runner\_work\xpco\xpco\eventserver\server\components\central\videoos.eventserver.common.restapi.unittest\bin\debug\net472\videoos.eventserver.common.restapi.unittest.dll" id="b4bd1df9-f838-333b-ceb6-4e36ba67adc8">
      <Execution id="b2d4bb6a-32c6-44ea-976c-884c19145db0" />
      <TestMethod codeBase="D:\actions-runner\_work\XPCO\XPCO\EventServer\Server\Components\Central\VideoOS.EventServer.Common.RestApi.UnitTest\bin\Debug\net472\VideoOS.EventServer.Common.RestApi.UnitTest.dll" adapterTypeName="executor://mstestadapter/v2" className="VideoOS.EventServer.Common.RestApi.UnitTest.Helpers.FiltersByTest" name="FiltersBy_ReturnsOperatorAndValue_WhenValid" />
    </UnitTest>
    <UnitTest name="FilterBy_ThrowsException_WhenParsingBadFilterStrings" storage="d:\actions-runner\_work\xpco\xpco\eventserver\server\components\central\videoos.eventserver.common.restapi.unittest\bin\debug\net472\videoos.eventserver.common.restapi.unittest.dll" id="7cccab50-51d2-ac52-9e37-0ce7ae6a5d89">
      <Execution id="95c0466e-d2e3-4ce7-9327-9a5a03b81e96" />
      <TestMethod codeBase="D:\actions-runner\_work\XPCO\XPCO\EventServer\Server\Components\Central\VideoOS.EventServer.Common.RestApi.UnitTest\bin\Debug\net472\VideoOS.EventServer.Common.RestApi.UnitTest.dll" adapterTypeName="executor://mstestadapter/v2" className="VideoOS.EventServer.Common.RestApi.UnitTest.Helpers.FiltersByTest" name="FilterBy_ThrowsException_WhenParsingBadFilterStrings" />
    </UnitTest>
    <UnitTest name="OrderBy_IgnoresOperators_WhenUnknown" storage="d:\actions-runner\_work\xpco\xpco\eventserver\server\components\central\videoos.eventserver.common.restapi.unittest\bin\debug\net472\videoos.eventserver.common.restapi.unittest.dll" id="ca3c6706-474d-cdda-4365-82da14b65e2b">
      <Execution id="c5ed28e7-5d5c-4fbf-ae4c-af7628bdeb30" />
      <TestMethod codeBase="D:\actions-runner\_work\XPCO\XPCO\EventServer\Server\Components\Central\VideoOS.EventServer.Common.RestApi.UnitTest\bin\Debug\net472\VideoOS.EventServer.Common.RestApi.UnitTest.dll" adapterTypeName="executor://mstestadapter/v2" className="VideoOS.EventServer.Common.RestApi.UnitTest.Helpers.OrderByTest" name="OrderBy_IgnoresOperators_WhenUnknown" />
    </UnitTest>
    <UnitTest name="Iso8601Datetime_Accepts_ValidTimestamps (123,False)" storage="d:\actions-runner\_work\xpco\xpco\eventserver\server\components\central\videoos.eventserver.common.restapi.unittest\bin\debug\net472\videoos.eventserver.common.restapi.unittest.dll" id="9c8fb289-d9d8-c023-b014-1810d6f1fd3d">
      <Execution id="924b5691-4706-4964-bdc4-5fe1f959ba55" />
      <TestMethod codeBase="D:\actions-runner\_work\XPCO\XPCO\EventServer\Server\Components\Central\VideoOS.EventServer.Common.RestApi.UnitTest\bin\Debug\net472\VideoOS.EventServer.Common.RestApi.UnitTest.dll" adapterTypeName="executor://mstestadapter/v2" className="VideoOS.EventServer.Common.RestApi.UnitTest.Helpers.Iso8601DatetimeTest" name="Iso8601Datetime_Accepts_ValidTimestamps" />
    </UnitTest>
    <UnitTest name="OrderBy_IgnoresOperators_WhenNoQuotes" storage="d:\actions-runner\_work\xpco\xpco\eventserver\server\components\central\videoos.eventserver.common.restapi.unittest\bin\debug\net472\videoos.eventserver.common.restapi.unittest.dll" id="d8aa7ea8-147e-3cd6-79ba-854fd1a7e76f">
      <Execution id="7b92ca08-83b6-4655-8720-aba9744438c0" />
      <TestMethod codeBase="D:\actions-runner\_work\XPCO\XPCO\EventServer\Server\Components\Central\VideoOS.EventServer.Common.RestApi.UnitTest\bin\Debug\net472\VideoOS.EventServer.Common.RestApi.UnitTest.dll" adapterTypeName="executor://mstestadapter/v2" className="VideoOS.EventServer.Common.RestApi.UnitTest.Helpers.OrderByTest" name="OrderBy_IgnoresOperators_WhenNoQuotes" />
    </UnitTest>
    <UnitTest name="OrderBy_ReturnsOperatorAndValue_WhenValid (desc:'2',Descending,2)" storage="d:\actions-runner\_work\xpco\xpco\eventserver\server\components\central\videoos.eventserver.common.restapi.unittest\bin\debug\net472\videoos.eventserver.common.restapi.unittest.dll" id="b0d5cf61-9d67-afc1-7580-11cd9f87fcbc">
      <Execution id="27b9a2f7-a86f-47d2-9fb0-113ec391b490" />
      <TestMethod codeBase="D:\actions-runner\_work\XPCO\XPCO\EventServer\Server\Components\Central\VideoOS.EventServer.Common.RestApi.UnitTest\bin\Debug\net472\VideoOS.EventServer.Common.RestApi.UnitTest.dll" adapterTypeName="executor://mstestadapter/v2" className="VideoOS.EventServer.Common.RestApi.UnitTest.Helpers.OrderByTest" name="OrderBy_ReturnsOperatorAndValue_WhenValid" />
    </UnitTest>
    <UnitTest name="OrderBy_ReturnsTheNumberOfFilters_WhenValid" storage="d:\actions-runner\_work\xpco\xpco\eventserver\server\components\central\videoos.eventserver.common.restapi.unittest\bin\debug\net472\videoos.eventserver.common.restapi.unittest.dll" id="42915373-00f8-dc44-b01f-ebc687455343">
      <Execution id="ea008a45-6e3b-40f2-b5fa-27d48ca06d9c" />
      <TestMethod codeBase="D:\actions-runner\_work\XPCO\XPCO\EventServer\Server\Components\Central\VideoOS.EventServer.Common.RestApi.UnitTest\bin\Debug\net472\VideoOS.EventServer.Common.RestApi.UnitTest.dll" adapterTypeName="executor://mstestadapter/v2" className="VideoOS.EventServer.Common.RestApi.UnitTest.Helpers.OrderByTest" name="OrderBy_ReturnsTheNumberOfFilters_WhenValid" />
    </UnitTest>
    <UnitTest name="Iso8601Datetime_Accepts_ValidTimestamps (2023-02-28T21:44,True)" storage="d:\actions-runner\_work\xpco\xpco\eventserver\server\components\central\videoos.eventserver.common.restapi.unittest\bin\debug\net472\videoos.eventserver.common.restapi.unittest.dll" id="797a4298-07fd-73ee-e51f-69458c3e52e2">
      <Execution id="e0e38c6d-a701-4a65-8f86-6c9ce7ad6f47" />
      <TestMethod codeBase="D:\actions-runner\_work\XPCO\XPCO\EventServer\Server\Components\Central\VideoOS.EventServer.Common.RestApi.UnitTest\bin\Debug\net472\VideoOS.EventServer.Common.RestApi.UnitTest.dll" adapterTypeName="executor://mstestadapter/v2" className="VideoOS.EventServer.Common.RestApi.UnitTest.Helpers.Iso8601DatetimeTest" name="Iso8601Datetime_Accepts_ValidTimestamps" />
    </UnitTest>
    <UnitTest name="Pagination_ReturnsPrevAndNextLinks_WhenPaginationNeededAndAdditionalQueryParameters" storage="d:\actions-runner\_work\xpco\xpco\eventserver\server\components\central\videoos.eventserver.common.restapi.unittest\bin\debug\net472\videoos.eventserver.common.restapi.unittest.dll" id="944103d6-5479-39fe-21cf-eb00e927e907">
      <Execution id="8c66942e-2212-4cec-85c2-cb5c42d056fa" />
      <TestMethod codeBase="D:\actions-runner\_work\XPCO\XPCO\EventServer\Server\Components\Central\VideoOS.EventServer.Common.RestApi.UnitTest\bin\Debug\net472\VideoOS.EventServer.Common.RestApi.UnitTest.dll" adapterTypeName="executor://mstestadapter/v2" className="VideoOS.EventServer.Common.RestApi.UnitTest.Helpers.PaginationTest" name="Pagination_ReturnsPrevAndNextLinks_WhenPaginationNeededAndAdditionalQueryParameters" />
    </UnitTest>
    <UnitTest name="Pagination_ReturnsNullNextLink_WhenNoFurtherItems" storage="d:\actions-runner\_work\xpco\xpco\eventserver\server\components\central\videoos.eventserver.common.restapi.unittest\bin\debug\net472\videoos.eventserver.common.restapi.unittest.dll" id="989d114a-2675-0d03-c3da-aba0b0b24967">
      <Execution id="ded72b6d-1e68-463f-a65d-8a0e1d119408" />
      <TestMethod codeBase="D:\actions-runner\_work\XPCO\XPCO\EventServer\Server\Components\Central\VideoOS.EventServer.Common.RestApi.UnitTest\bin\Debug\net472\VideoOS.EventServer.Common.RestApi.UnitTest.dll" adapterTypeName="executor://mstestadapter/v2" className="VideoOS.EventServer.Common.RestApi.UnitTest.Helpers.PaginationTest" name="Pagination_ReturnsNullNextLink_WhenNoFurtherItems" />
    </UnitTest>
    <UnitTest name="OrderBy_ReturnsOperatorAndValue_WhenValid (asc:'asdfdf',Ascending,asdfdf)" storage="d:\actions-runner\_work\xpco\xpco\eventserver\server\components\central\videoos.eventserver.common.restapi.unittest\bin\debug\net472\videoos.eventserver.common.restapi.unittest.dll" id="457c5a90-315c-5aca-98fc-f5d3d7f53a75">
      <Execution id="03309522-4f1f-4dc8-9332-d74a597f8ae7" />
      <TestMethod codeBase="D:\actions-runner\_work\XPCO\XPCO\EventServer\Server\Components\Central\VideoOS.EventServer.Common.RestApi.UnitTest\bin\Debug\net472\VideoOS.EventServer.Common.RestApi.UnitTest.dll" adapterTypeName="executor://mstestadapter/v2" className="VideoOS.EventServer.Common.RestApi.UnitTest.Helpers.OrderByTest" name="OrderBy_ReturnsOperatorAndValue_WhenValid" />
    </UnitTest>
    <UnitTest name="OrderBy_ReturnsOperatorsInOrder_WhenValid" storage="d:\actions-runner\_work\xpco\xpco\eventserver\server\components\central\videoos.eventserver.common.restapi.unittest\bin\debug\net472\videoos.eventserver.common.restapi.unittest.dll" id="cc5a1e3d-784a-ff32-5688-0f4b7ca76895">
      <Execution id="482d64a6-f22a-4a70-8c27-9b5dfdc6174f" />
      <TestMethod codeBase="D:\actions-runner\_work\XPCO\XPCO\EventServer\Server\Components\Central\VideoOS.EventServer.Common.RestApi.UnitTest\bin\Debug\net472\VideoOS.EventServer.Common.RestApi.UnitTest.dll" adapterTypeName="executor://mstestadapter/v2" className="VideoOS.EventServer.Common.RestApi.UnitTest.Helpers.OrderByTest" name="OrderBy_ReturnsOperatorsInOrder_WhenValid" />
    </UnitTest>
    <UnitTest name="OrderBy_ReturnsOperatorAndValue_WhenValid (desc:'asdfdf',Descending,asdfdf)" storage="d:\actions-runner\_work\xpco\xpco\eventserver\server\components\central\videoos.eventserver.common.restapi.unittest\bin\debug\net472\videoos.eventserver.common.restapi.unittest.dll" id="b0b6730b-f4b4-acab-8b74-5729f2f9d1bb">
      <Execution id="472f6665-8afb-42ae-ad44-ec189b41e222" />
      <TestMethod codeBase="D:\actions-runner\_work\XPCO\XPCO\EventServer\Server\Components\Central\VideoOS.EventServer.Common.RestApi.UnitTest\bin\Debug\net472\VideoOS.EventServer.Common.RestApi.UnitTest.dll" adapterTypeName="executor://mstestadapter/v2" className="VideoOS.EventServer.Common.RestApi.UnitTest.Helpers.OrderByTest" name="OrderBy_ReturnsOperatorAndValue_WhenValid" />
    </UnitTest>
    <UnitTest name="FilterBy_ParsesAndUnparsesCorrectly_WhenParsingGoodFilterStrings" storage="d:\actions-runner\_work\xpco\xpco\eventserver\server\components\central\videoos.eventserver.common.restapi.unittest\bin\debug\net472\videoos.eventserver.common.restapi.unittest.dll" id="decb0d49-c1a5-deaf-c47f-d8b604e513ff">
      <Execution id="f3a924b9-a8a9-4db7-8676-e222a6b761b5" />
      <TestMethod codeBase="D:\actions-runner\_work\XPCO\XPCO\EventServer\Server\Components\Central\VideoOS.EventServer.Common.RestApi.UnitTest\bin\Debug\net472\VideoOS.EventServer.Common.RestApi.UnitTest.dll" adapterTypeName="executor://mstestadapter/v2" className="VideoOS.EventServer.Common.RestApi.UnitTest.Helpers.FiltersByTest" name="FilterBy_ParsesAndUnparsesCorrectly_WhenParsingGoodFilterStrings" />
    </UnitTest>
    <UnitTest name="Pagination_ReturnsNullPrevLink_WhenFirstPage" storage="d:\actions-runner\_work\xpco\xpco\eventserver\server\components\central\videoos.eventserver.common.restapi.unittest\bin\debug\net472\videoos.eventserver.common.restapi.unittest.dll" id="026b51b5-e2e9-2204-dac5-2099a7e66106">
      <Execution id="164278f4-a1ef-464a-b541-0be919ec7625" />
      <TestMethod codeBase="D:\actions-runner\_work\XPCO\XPCO\EventServer\Server\Components\Central\VideoOS.EventServer.Common.RestApi.UnitTest\bin\Debug\net472\VideoOS.EventServer.Common.RestApi.UnitTest.dll" adapterTypeName="executor://mstestadapter/v2" className="VideoOS.EventServer.Common.RestApi.UnitTest.Helpers.PaginationTest" name="Pagination_ReturnsNullPrevLink_WhenFirstPage" />
    </UnitTest>
    <UnitTest name="IncludeQueryParameter_InitializesCorrecltyDataMember_OnDifferentInput" storage="d:\actions-runner\_work\xpco\xpco\eventserver\server\components\central\videoos.eventserver.common.restapi.unittest\bin\debug\net472\videoos.eventserver.common.restapi.unittest.dll" id="865fc926-db19-adf5-0ed5-ebb64cd1b099">
      <Execution id="9d066d5b-20b0-45d1-9cdc-6cf58cf72977" />
      <TestMethod codeBase="D:\actions-runner\_work\XPCO\XPCO\EventServer\Server\Components\Central\VideoOS.EventServer.Common.RestApi.UnitTest\bin\Debug\net472\VideoOS.EventServer.Common.RestApi.UnitTest.dll" adapterTypeName="executor://mstestadapter/v2" className="VideoOS.EventServer.Common.RestApi.UnitTest.Helpers.IncludeQueryParameterTest" name="IncludeQueryParameter_InitializesCorrecltyDataMember_OnDifferentInput" />
    </UnitTest>
    <UnitTest name="Iso8601Datetime_Accepts_ValidTimestamps (2023-02-28T21:44:31.3806759Z,True)" storage="d:\actions-runner\_work\xpco\xpco\eventserver\server\components\central\videoos.eventserver.common.restapi.unittest\bin\debug\net472\videoos.eventserver.common.restapi.unittest.dll" id="1f6f174a-444d-4b09-1141-5dabefe4d045">
      <Execution id="719a30fe-05df-43ea-af2d-9ff57ec7c878" />
      <TestMethod codeBase="D:\actions-runner\_work\XPCO\XPCO\EventServer\Server\Components\Central\VideoOS.EventServer.Common.RestApi.UnitTest\bin\Debug\net472\VideoOS.EventServer.Common.RestApi.UnitTest.dll" adapterTypeName="executor://mstestadapter/v2" className="VideoOS.EventServer.Common.RestApi.UnitTest.Helpers.Iso8601DatetimeTest" name="Iso8601Datetime_Accepts_ValidTimestamps" />
    </UnitTest>
    <UnitTest name="Pagination_ReturnsPrevAndNextLinks_WhenPaginationNeededAndNoAdditionalQueryParameters" storage="d:\actions-runner\_work\xpco\xpco\eventserver\server\components\central\videoos.eventserver.common.restapi.unittest\bin\debug\net472\videoos.eventserver.common.restapi.unittest.dll" id="0b190f7d-5f76-6ca9-7713-2e5514ae8c20">
      <Execution id="f47a0593-4904-44be-a4d7-ef667781e854" />
      <TestMethod codeBase="D:\actions-runner\_work\XPCO\XPCO\EventServer\Server\Components\Central\VideoOS.EventServer.Common.RestApi.UnitTest\bin\Debug\net472\VideoOS.EventServer.Common.RestApi.UnitTest.dll" adapterTypeName="executor://mstestadapter/v2" className="VideoOS.EventServer.Common.RestApi.UnitTest.Helpers.PaginationTest" name="Pagination_ReturnsPrevAndNextLinks_WhenPaginationNeededAndNoAdditionalQueryParameters" />
    </UnitTest>
    <UnitTest name="OrderBy_ReturnsOperatorAndValue_WhenValid (asc:'1',Ascending,1)" storage="d:\actions-runner\_work\xpco\xpco\eventserver\server\components\central\videoos.eventserver.common.restapi.unittest\bin\debug\net472\videoos.eventserver.common.restapi.unittest.dll" id="ede3a1ec-fbf5-3b53-6f08-daba88a4daa5">
      <Execution id="561b3e38-9931-4798-b589-0a7cdc19f7fb" />
      <TestMethod codeBase="D:\actions-runner\_work\XPCO\XPCO\EventServer\Server\Components\Central\VideoOS.EventServer.Common.RestApi.UnitTest\bin\Debug\net472\VideoOS.EventServer.Common.RestApi.UnitTest.dll" adapterTypeName="executor://mstestadapter/v2" className="VideoOS.EventServer.Common.RestApi.UnitTest.Helpers.OrderByTest" name="OrderBy_ReturnsOperatorAndValue_WhenValid" />
    </UnitTest>
  </TestDefinitions>
  <TestEntries>
    <TestEntry testId="b4bd1df9-f838-333b-ceb6-4e36ba67adc8" executionId="caf46bd7-7cfa-4c84-9f72-5887fe7b1cb2" testListId="8c84fa94-04c1-424b-9868-57a2d4851a1d" />
    <TestEntry testId="7cccab50-51d2-ac52-9e37-0ce7ae6a5d89" executionId="462f5be3-c649-4e77-b2c8-326a66c94a90" testListId="8c84fa94-04c1-424b-9868-57a2d4851a1d" />
    <TestEntry testId="decb0d49-c1a5-deaf-c47f-d8b604e513ff" executionId="e81d0a72-0b13-451e-b097-972fce692bd4" testListId="8c84fa94-04c1-424b-9868-57a2d4851a1d" />
    <TestEntry testId="7cccab50-51d2-ac52-9e37-0ce7ae6a5d89" executionId="730e01f5-c334-40e2-aebd-cb3aa48368d2" testListId="8c84fa94-04c1-424b-9868-57a2d4851a1d" />
    <TestEntry testId="b4bd1df9-f838-333b-ceb6-4e36ba67adc8" executionId="0c6b4b61-58de-4764-9bb5-ced5b99549b8" testListId="8c84fa94-04c1-424b-9868-57a2d4851a1d" />
    <TestEntry testId="b4bd1df9-f838-333b-ceb6-4e36ba67adc8" executionId="2c0c94ef-42af-47a2-8d52-4d640a712252" testListId="8c84fa94-04c1-424b-9868-57a2d4851a1d" />
    <TestEntry testId="7cccab50-51d2-ac52-9e37-0ce7ae6a5d89" executionId="bdd55b95-b782-4cef-bc3e-107038d1f8e7" testListId="8c84fa94-04c1-424b-9868-57a2d4851a1d" />
    <TestEntry testId="decb0d49-c1a5-deaf-c47f-d8b604e513ff" executionId="f3a924b9-a8a9-4db7-8676-e222a6b761b5" testListId="8c84fa94-04c1-424b-9868-57a2d4851a1d" />
    <TestEntry testId="decb0d49-c1a5-deaf-c47f-d8b604e513ff" executionId="a8e08c6a-4730-4bd7-9b40-97a92a6cc7e2" testListId="8c84fa94-04c1-424b-9868-57a2d4851a1d" />
    <TestEntry testId="b4bd1df9-f838-333b-ceb6-4e36ba67adc8" executionId="94bcf779-0b44-44e5-8ab8-e0faa72524a3" testListId="8c84fa94-04c1-424b-9868-57a2d4851a1d" />
    <TestEntry testId="b4bd1df9-f838-333b-ceb6-4e36ba67adc8" executionId="c73838f1-a148-4a63-924a-957dd98a9d7c" testListId="8c84fa94-04c1-424b-9868-57a2d4851a1d" />
    <TestEntry testId="b4bd1df9-f838-333b-ceb6-4e36ba67adc8" executionId="8ded3e12-60d2-4506-9bde-3005c826b33e" testListId="8c84fa94-04c1-424b-9868-57a2d4851a1d" />
    <TestEntry testId="b4bd1df9-f838-333b-ceb6-4e36ba67adc8" executionId="57bc1ca4-0e5b-4bd0-b704-d2aa6254c4aa" testListId="8c84fa94-04c1-424b-9868-57a2d4851a1d" />
    <TestEntry testId="b0d5cf61-9d67-afc1-7580-11cd9f87fcbc" executionId="27b9a2f7-a86f-47d2-9fb0-113ec391b490" testListId="8c84fa94-04c1-424b-9868-57a2d4851a1d" />
    <TestEntry testId="7cccab50-51d2-ac52-9e37-0ce7ae6a5d89" executionId="595d7f2f-92c6-44b4-81f6-f4f16517c92e" testListId="8c84fa94-04c1-424b-9868-57a2d4851a1d" />
    <TestEntry testId="b4bd1df9-f838-333b-ceb6-4e36ba67adc8" executionId="e71a053e-8b20-42aa-8b90-9595e6247a28" testListId="8c84fa94-04c1-424b-9868-57a2d4851a1d" />
    <TestEntry testId="b4bd1df9-f838-333b-ceb6-4e36ba67adc8" executionId="da764a0e-b07a-40f2-9c6f-1d3cd2785cfa" testListId="8c84fa94-04c1-424b-9868-57a2d4851a1d" />
    <TestEntry testId="42915373-00f8-dc44-b01f-ebc687455343" executionId="ea008a45-6e3b-40f2-b5fa-27d48ca06d9c" testListId="8c84fa94-04c1-424b-9868-57a2d4851a1d" />
    <TestEntry testId="6e30856c-2d9e-138f-7906-123d83939ea2" executionId="21a9dd97-3b9d-4476-ae9a-996c9cc598c1" testListId="8c84fa94-04c1-424b-9868-57a2d4851a1d" />
    <TestEntry testId="b4bd1df9-f838-333b-ceb6-4e36ba67adc8" executionId="1d0886bd-ca13-42f1-8514-c923c8b1ff8e" testListId="8c84fa94-04c1-424b-9868-57a2d4851a1d" />
    <TestEntry testId="b4bd1df9-f838-333b-ceb6-4e36ba67adc8" executionId="4885dc8b-7ea3-4ec8-a285-9ecd5d25910a" testListId="8c84fa94-04c1-424b-9868-57a2d4851a1d" />
    <TestEntry testId="b4bd1df9-f838-333b-ceb6-4e36ba67adc8" executionId="f485cf05-cf2b-4323-a8bc-43ccc6d2c97d" testListId="8c84fa94-04c1-424b-9868-57a2d4851a1d" />
    <TestEntry testId="457c5a90-315c-5aca-98fc-f5d3d7f53a75" executionId="03309522-4f1f-4dc8-9332-d74a597f8ae7" testListId="8c84fa94-04c1-424b-9868-57a2d4851a1d" />
    <TestEntry testId="9c8fb289-d9d8-c023-b014-1810d6f1fd3d" executionId="924b5691-4706-4964-bdc4-5fe1f959ba55" testListId="8c84fa94-04c1-424b-9868-57a2d4851a1d" />
    <TestEntry testId="ca3c6706-474d-cdda-4365-82da14b65e2b" executionId="c5ed28e7-5d5c-4fbf-ae4c-af7628bdeb30" testListId="8c84fa94-04c1-424b-9868-57a2d4851a1d" />
    <TestEntry testId="b0b6730b-f4b4-acab-8b74-5729f2f9d1bb" executionId="472f6665-8afb-42ae-ad44-ec189b41e222" testListId="8c84fa94-04c1-424b-9868-57a2d4851a1d" />
    <TestEntry testId="797a4298-07fd-73ee-e51f-69458c3e52e2" executionId="e0e38c6d-a701-4a65-8f86-6c9ce7ad6f47" testListId="8c84fa94-04c1-424b-9868-57a2d4851a1d" />
    <TestEntry testId="7cccab50-51d2-ac52-9e37-0ce7ae6a5d89" executionId="ab140c85-2e87-4ecf-821e-d7f59ec688e5" testListId="8c84fa94-04c1-424b-9868-57a2d4851a1d" />
    <TestEntry testId="b4bd1df9-f838-333b-ceb6-4e36ba67adc8" executionId="5683da78-decc-4a22-9c69-24995767d6b0" testListId="8c84fa94-04c1-424b-9868-57a2d4851a1d" />
    <TestEntry testId="decb0d49-c1a5-deaf-c47f-d8b604e513ff" executionId="cad623af-216e-4441-99dc-ea198a68b0a0" testListId="8c84fa94-04c1-424b-9868-57a2d4851a1d" />
    <TestEntry testId="d8aa7ea8-147e-3cd6-79ba-854fd1a7e76f" executionId="7b92ca08-83b6-4655-8720-aba9744438c0" testListId="8c84fa94-04c1-424b-9868-57a2d4851a1d" />
    <TestEntry testId="0b190f7d-5f76-6ca9-7713-2e5514ae8c20" executionId="f47a0593-4904-44be-a4d7-ef667781e854" testListId="8c84fa94-04c1-424b-9868-57a2d4851a1d" />
    <TestEntry testId="b4bd1df9-f838-333b-ceb6-4e36ba67adc8" executionId="d8d98058-06b0-46d6-ba86-aa10816a1533" testListId="8c84fa94-04c1-424b-9868-57a2d4851a1d" />
    <TestEntry testId="7cccab50-51d2-ac52-9e37-0ce7ae6a5d89" executionId="95c0466e-d2e3-4ce7-9327-9a5a03b81e96" testListId="8c84fa94-04c1-424b-9868-57a2d4851a1d" />
    <TestEntry testId="7cccab50-51d2-ac52-9e37-0ce7ae6a5d89" executionId="f5e6d999-6828-4e17-b36a-db876050793d" testListId="8c84fa94-04c1-424b-9868-57a2d4851a1d" />
    <TestEntry testId="ede3a1ec-fbf5-3b53-6f08-daba88a4daa5" executionId="561b3e38-9931-4798-b589-0a7cdc19f7fb" testListId="8c84fa94-04c1-424b-9868-57a2d4851a1d" />
    <TestEntry testId="cc5a1e3d-784a-ff32-5688-0f4b7ca76895" executionId="482d64a6-f22a-4a70-8c27-9b5dfdc6174f" testListId="8c84fa94-04c1-424b-9868-57a2d4851a1d" />
    <TestEntry testId="b4bd1df9-f838-333b-ceb6-4e36ba67adc8" executionId="5d7a6f86-23e6-4f1d-b30b-9f70dc42a9b4" testListId="8c84fa94-04c1-424b-9868-57a2d4851a1d" />
    <TestEntry testId="944103d6-5479-39fe-21cf-eb00e927e907" executionId="8c66942e-2212-4cec-85c2-cb5c42d056fa" testListId="8c84fa94-04c1-424b-9868-57a2d4851a1d" />
    <TestEntry testId="b4bd1df9-f838-333b-ceb6-4e36ba67adc8" executionId="b2d4bb6a-32c6-44ea-976c-884c19145db0" testListId="8c84fa94-04c1-424b-9868-57a2d4851a1d" />
    <TestEntry testId="decb0d49-c1a5-deaf-c47f-d8b604e513ff" executionId="f96b1813-d0a0-4e27-81e8-d5eb7aabf2d2" testListId="8c84fa94-04c1-424b-9868-57a2d4851a1d" />
    <TestEntry testId="865fc926-db19-adf5-0ed5-ebb64cd1b099" executionId="9d066d5b-20b0-45d1-9cdc-6cf58cf72977" testListId="8c84fa94-04c1-424b-9868-57a2d4851a1d" />
    <TestEntry testId="989d114a-2675-0d03-c3da-aba0b0b24967" executionId="ded72b6d-1e68-463f-a65d-8a0e1d119408" testListId="8c84fa94-04c1-424b-9868-57a2d4851a1d" />
    <TestEntry testId="1f6f174a-444d-4b09-1141-5dabefe4d045" executionId="719a30fe-05df-43ea-af2d-9ff57ec7c878" testListId="8c84fa94-04c1-424b-9868-57a2d4851a1d" />
    <TestEntry testId="026b51b5-e2e9-2204-dac5-2099a7e66106" executionId="164278f4-a1ef-464a-b541-0be919ec7625" testListId="8c84fa94-04c1-424b-9868-57a2d4851a1d" />
  </TestEntries>
  <TestLists>
    <TestList name="Results Not in a List" id="8c84fa94-04c1-424b-9868-57a2d4851a1d" />
    <TestList name="All Loaded Results" id="19431567-8539-422a-85d7-44ee4e166bda" />
  </TestLists>
  <ResultSummary outcome="Completed">
    <Counters total="45" executed="45" passed="45" failed="0" error="0" timeout="0" aborted="0" inconclusive="0" passedButRunAborted="0" notRunnable="0" notExecuted="0" disconnected="0" warning="0" completed="0" inProgress="0" pending="0" />
  </ResultSummary>
</TestRun>