<?xml version="1.0" encoding="utf-8"?>
<TestRun id="87542bb9-bde9-4372-9ac2-b96fb94e4400" name="DKSR-EFI-06$@DKSR-EFI-06 2024-01-09 15:40:53" runUser="NT AUTHORITY\NETWORK SERVICE" xmlns="http://microsoft.com/schemas/VisualStudio/TeamTest/2010">
  <Times creation="2024-01-09T15:40:53.4765475+01:00" queuing="2024-01-09T15:40:53.4765475+01:00" start="2024-01-09T15:40:51.6327907+01:00" finish="2024-01-09T15:40:54.2421739+01:00" />
  <TestSettings name="default" id="7e8bbe8b-f372-482d-900f-93cceba05e3d">
    <Deployment runDeploymentRoot="DKSR-EFI-06$_DKSR-EFI-06_2024-01-09_15_40_53" />
  </TestSettings>
  <Results>
    <UnitTestResult executionId="88c9fe5a-7c34-41f4-8a91-ddfba0271b4c" testId="24a17996-d1d5-8f91-ab1a-2c3dfd2bf020" testName="SaveLicensedDevicesShouldSaveInAllPlugins" computerName="DKSR-EFI-06" duration="00:00:00.1476691" startTime="2024-01-09T15:40:53.8984235+01:00" endTime="2024-01-09T15:40:54.0390478+01:00" testType="13cdc9d9-ddb5-4fa4-a97d-d965ccfc6d4b" outcome="Passed" testListId="8c84fa94-04c1-424b-9868-57a2d4851a1d" relativeResultsDirectory="88c9fe5a-7c34-41f4-8a91-ddfba0271b4c" />
    <UnitTestResult executionId="62a4ffe0-67d6-4e03-acc2-d2d868948505" testId="6c15e3d6-92d8-ccf9-8121-29bc5a0670d4" testName="IsBundleLicensedShouldReturnFalseWhenNoPluginsAreLicensed" computerName="DKSR-EFI-06" duration="00:00:00.0043066" startTime="2024-01-09T15:40:53.8984235+01:00" endTime="2024-01-09T15:40:53.8984235+01:00" testType="13cdc9d9-ddb5-4fa4-a97d-d965ccfc6d4b" outcome="Passed" testListId="8c84fa94-04c1-424b-9868-57a2d4851a1d" relativeResultsDirectory="62a4ffe0-67d6-4e03-acc2-d2d868948505" />
    <UnitTestResult executionId="c4a2990d-69f4-4210-be04-88fa6312031a" testId="585f47f7-cebb-b438-f6d0-f20856186fe6" testName="IsBundleLicensedShouldReturnTrueWhenSomePluginsAreLicensed" computerName="DKSR-EFI-06" duration="00:00:00.0016591" startTime="2024-01-09T15:40:53.8827978+01:00" endTime="2024-01-09T15:40:53.8984235+01:00" testType="13cdc9d9-ddb5-4fa4-a97d-d965ccfc6d4b" outcome="Passed" testListId="8c84fa94-04c1-424b-9868-57a2d4851a1d" relativeResultsDirectory="c4a2990d-69f4-4210-be04-88fa6312031a" />
    <UnitTestResult executionId="9955174b-4e5c-4994-ac3f-5759579a3d30" testId="a08ca1ea-f3ab-a2a4-541e-2f8e670a8462" testName="Test" computerName="DKSR-EFI-06" duration="00:00:00.1842394" startTime="2024-01-09T15:40:53.0859181+01:00" endTime="2024-01-09T15:40:53.4140948+01:00" testType="13cdc9d9-ddb5-4fa4-a97d-d965ccfc6d4b" outcome="Passed" testListId="8c84fa94-04c1-424b-9868-57a2d4851a1d" relativeResultsDirectory="9955174b-4e5c-4994-ac3f-5759579a3d30" />
    <UnitTestResult executionId="348251cc-2c73-4ec2-83ae-f9266cfe8db3" testId="9e7febf6-a31f-36ff-4b74-5af342a5e996" testName="IsBundleLicensedShouldReturnTrueWhenAllPluginsAreLicensed" computerName="DKSR-EFI-06" duration="00:00:00.4586705" startTime="2024-01-09T15:40:53.4296713+01:00" endTime="2024-01-09T15:40:53.8827978+01:00" testType="13cdc9d9-ddb5-4fa4-a97d-d965ccfc6d4b" outcome="Passed" testListId="8c84fa94-04c1-424b-9868-57a2d4851a1d" relativeResultsDirectory="348251cc-2c73-4ec2-83ae-f9266cfe8db3" />
  </Results>
  <TestDefinitions>
    <UnitTest name="SaveLicensedDevicesShouldSaveInAllPlugins" storage="d:\actions-runner\_work\xpco\xpco\addons\verticals\common\tst\videoos.verticals.common.mc.unittests\bin\x64\debug\net472\videoos.verticals.common.mc.unittests.dll" id="24a17996-d1d5-8f91-ab1a-2c3dfd2bf020">
      <Execution id="88c9fe5a-7c34-41f4-8a91-ddfba0271b4c" />
      <TestMethod codeBase="D:\actions-runner\_work\XPCO\XPCO\AddOns\Verticals\Common\tst\VideoOs.Verticals.Common.MC.UnitTests\bin\x64\Debug\net472\VideoOS.Verticals.Common.MC.UnitTests.dll" adapterTypeName="executor://mstestadapter/v2" className="VideoOS.Verticals.Common.MC.UnitTests.PluginLicenseReaderTests" name="SaveLicensedDevicesShouldSaveInAllPlugins" />
    </UnitTest>
    <UnitTest name="IsBundleLicensedShouldReturnFalseWhenNoPluginsAreLicensed" storage="d:\actions-runner\_work\xpco\xpco\addons\verticals\common\tst\videoos.verticals.common.mc.unittests\bin\x64\debug\net472\videoos.verticals.common.mc.unittests.dll" id="6c15e3d6-92d8-ccf9-8121-29bc5a0670d4">
      <Execution id="62a4ffe0-67d6-4e03-acc2-d2d868948505" />
      <TestMethod codeBase="D:\actions-runner\_work\XPCO\XPCO\AddOns\Verticals\Common\tst\VideoOs.Verticals.Common.MC.UnitTests\bin\x64\Debug\net472\VideoOS.Verticals.Common.MC.UnitTests.dll" adapterTypeName="executor://mstestadapter/v2" className="VideoOS.Verticals.Common.MC.UnitTests.PluginLicenseReaderTests" name="IsBundleLicensedShouldReturnFalseWhenNoPluginsAreLicensed" />
    </UnitTest>
    <UnitTest name="IsBundleLicensedShouldReturnTrueWhenSomePluginsAreLicensed" storage="d:\actions-runner\_work\xpco\xpco\addons\verticals\common\tst\videoos.verticals.common.mc.unittests\bin\x64\debug\net472\videoos.verticals.common.mc.unittests.dll" id="585f47f7-cebb-b438-f6d0-f20856186fe6">
      <Execution id="c4a2990d-69f4-4210-be04-88fa6312031a" />
      <TestMethod codeBase="D:\actions-runner\_work\XPCO\XPCO\AddOns\Verticals\Common\tst\VideoOs.Verticals.Common.MC.UnitTests\bin\x64\Debug\net472\VideoOS.Verticals.Common.MC.UnitTests.dll" adapterTypeName="executor://mstestadapter/v2" className="VideoOS.Verticals.Common.MC.UnitTests.PluginLicenseReaderTests" name="IsBundleLicensedShouldReturnTrueWhenSomePluginsAreLicensed" />
    </UnitTest>
    <UnitTest name="IsBundleLicensedShouldReturnTrueWhenAllPluginsAreLicensed" storage="d:\actions-runner\_work\xpco\xpco\addons\verticals\common\tst\videoos.verticals.common.mc.unittests\bin\x64\debug\net472\videoos.verticals.common.mc.unittests.dll" id="9e7febf6-a31f-36ff-4b74-5af342a5e996">
      <Execution id="348251cc-2c73-4ec2-83ae-f9266cfe8db3" />
      <TestMethod codeBase="D:\actions-runner\_work\XPCO\XPCO\AddOns\Verticals\Common\tst\VideoOs.Verticals.Common.MC.UnitTests\bin\x64\Debug\net472\VideoOS.Verticals.Common.MC.UnitTests.dll" adapterTypeName="executor://mstestadapter/v2" className="VideoOS.Verticals.Common.MC.UnitTests.PluginLicenseReaderTests" name="IsBundleLicensedShouldReturnTrueWhenAllPluginsAreLicensed" />
    </UnitTest>
    <UnitTest name="Test" storage="d:\actions-runner\_work\xpco\xpco\addons\verticals\common\tst\videoos.verticals.common.mc.unittests\bin\x64\debug\net472\videoos.verticals.common.mc.unittests.dll" id="a08ca1ea-f3ab-a2a4-541e-2f8e670a8462">
      <Execution id="9955174b-4e5c-4994-ac3f-5759579a3d30" />
      <TestMethod codeBase="D:\actions-runner\_work\XPCO\XPCO\AddOns\Verticals\Common\tst\VideoOs.Verticals.Common.MC.UnitTests\bin\x64\Debug\net472\VideoOS.Verticals.Common.MC.UnitTests.dll" adapterTypeName="executor://mstestadapter/v2" className="VideoOS.Verticals.Common.MC.Test.VerticalsCommonMCTests" name="Test" />
    </UnitTest>
  </TestDefinitions>
  <TestEntries>
    <TestEntry testId="24a17996-d1d5-8f91-ab1a-2c3dfd2bf020" executionId="88c9fe5a-7c34-41f4-8a91-ddfba0271b4c" testListId="8c84fa94-04c1-424b-9868-57a2d4851a1d" />
    <TestEntry testId="6c15e3d6-92d8-ccf9-8121-29bc5a0670d4" executionId="62a4ffe0-67d6-4e03-acc2-d2d868948505" testListId="8c84fa94-04c1-424b-9868-57a2d4851a1d" />
    <TestEntry testId="585f47f7-cebb-b438-f6d0-f20856186fe6" executionId="c4a2990d-69f4-4210-be04-88fa6312031a" testListId="8c84fa94-04c1-424b-9868-57a2d4851a1d" />
    <TestEntry testId="a08ca1ea-f3ab-a2a4-541e-2f8e670a8462" executionId="9955174b-4e5c-4994-ac3f-5759579a3d30" testListId="8c84fa94-04c1-424b-9868-57a2d4851a1d" />
    <TestEntry testId="9e7febf6-a31f-36ff-4b74-5af342a5e996" executionId="348251cc-2c73-4ec2-83ae-f9266cfe8db3" testListId="8c84fa94-04c1-424b-9868-57a2d4851a1d" />
  </TestEntries>
  <TestLists>
    <TestList name="Results Not in a List" id="8c84fa94-04c1-424b-9868-57a2d4851a1d" />
    <TestList name="All Loaded Results" id="19431567-8539-422a-85d7-44ee4e166bda" />
  </TestLists>
  <ResultSummary outcome="Completed">
    <Counters total="5" executed="5" passed="5" failed="0" error="0" timeout="0" aborted="0" inconclusive="0" passedButRunAborted="0" notRunnable="0" notExecuted="0" disconnected="0" warning="0" completed="0" inProgress="0" pending="0" />
  </ResultSummary>
</TestRun>