<?xml version="1.0" encoding="utf-8"?>
<TestRun id="f4f29347-31fd-40e7-97e0-c71656734c16" name="DKSR-EFI-06$@DKSR-EFI-06 2024-01-09 15:43:02" runUser="NT AUTHORITY\NETWORK SERVICE" xmlns="http://microsoft.com/schemas/VisualStudio/TeamTest/2010">
  <Times creation="2024-01-09T15:43:02.6071966+01:00" queuing="2024-01-09T15:43:02.6071966+01:00" start="2024-01-09T15:43:00.8415909+01:00" finish="2024-01-09T15:43:02.9978220+01:00" />
  <TestSettings name="default" id="74244d85-11f8-4a86-99ab-fd21d203df0b">
    <Deployment runDeploymentRoot="DKSR-EFI-06$_DKSR-EFI-06_2024-01-09_15_43_02" />
  </TestSettings>
  <Results>
    <UnitTestResult executionId="28c4a292-b204-44c7-8e41-d41f9b5f9eb5" testId="f92ac7e0-af28-d48a-71df-ea24b0a6d6f3" testName="SecurityHandler_Called_WithNonAdminUser_AttachSnapshot" computerName="DKSR-EFI-06" duration="00:00:00.0015146" startTime="2024-01-09T15:43:02.7165725+01:00" endTime="2024-01-09T15:43:02.7165725+01:00" testType="13cdc9d9-ddb5-4fa4-a97d-d965ccfc6d4b" outcome="Passed" testListId="8c84fa94-04c1-424b-9868-57a2d4851a1d" relativeResultsDirectory="28c4a292-b204-44c7-8e41-d41f9b5f9eb5" />
    <UnitTestResult executionId="be8b2822-ff59-42cc-af30-f4bcc46947d1" testId="1e623a32-213e-3e6f-618a-f64ebd046eec" testName="GetStatistics_OnAdmin_ReturnsAllStatistics" computerName="DKSR-EFI-06" duration="00:00:00.0046067" startTime="2024-01-09T15:43:02.6853202+01:00" endTime="2024-01-09T15:43:02.7009467+01:00" testType="13cdc9d9-ddb5-4fa4-a97d-d965ccfc6d4b" outcome="Passed" testListId="8c84fa94-04c1-424b-9868-57a2d4851a1d" relativeResultsDirectory="be8b2822-ff59-42cc-af30-f4bcc46947d1" />
    <UnitTestResult executionId="28e642e4-b426-44b8-9e25-4d20924c1fb3" testId="434baac6-a68f-7ede-d002-21dd7770fcf1" testName="AttachSnapshot_CallsSnapshotsHandler" computerName="DKSR-EFI-06" duration="00:00:00.0057460" startTime="2024-01-09T15:43:02.7321949+01:00" endTime="2024-01-09T15:43:02.7321949+01:00" testType="13cdc9d9-ddb5-4fa4-a97d-d965ccfc6d4b" outcome="Passed" testListId="8c84fa94-04c1-424b-9868-57a2d4851a1d" relativeResultsDirectory="28e642e4-b426-44b8-9e25-4d20924c1fb3" />
    <UnitTestResult executionId="ef2e4e2e-1ea9-4138-9d51-3d5122e15685" testId="4624c7cf-0808-ccc2-1354-42d39484f92b" testName="SecurityHandler_NotCalled_WhenAdminUser" computerName="DKSR-EFI-06" duration="00:00:00.0171472" startTime="2024-01-09T15:43:02.7009467+01:00" endTime="2024-01-09T15:43:02.7165725+01:00" testType="13cdc9d9-ddb5-4fa4-a97d-d965ccfc6d4b" outcome="Passed" testListId="8c84fa94-04c1-424b-9868-57a2d4851a1d" relativeResultsDirectory="ef2e4e2e-1ea9-4138-9d51-3d5122e15685" />
    <UnitTestResult executionId="c103eb34-27c0-4b52-9f9d-820af3fbd29c" testId="1a8e4594-967b-56b8-b4d6-00fffa0a8ae6" testName="GetStatistics_OnNonAdmin_ReturnsAllowedStatistics" computerName="DKSR-EFI-06" duration="00:00:00.3082752" startTime="2024-01-09T15:43:02.3728218+01:00" endTime="2024-01-09T15:43:02.6853202+01:00" testType="13cdc9d9-ddb5-4fa4-a97d-d965ccfc6d4b" outcome="Passed" testListId="8c84fa94-04c1-424b-9868-57a2d4851a1d" relativeResultsDirectory="c103eb34-27c0-4b52-9f9d-820af3fbd29c" />
    <UnitTestResult executionId="de516e30-a152-4f42-8281-d6dcdb672e87" testId="5443d4fa-38ee-a8c9-324e-9eef1892df66" testName="GetSnapshots_CallsSnapshotsHandler_AndReturnSameResult" computerName="DKSR-EFI-06" duration="00:00:00.0132989" startTime="2024-01-09T15:43:02.7165725+01:00" endTime="2024-01-09T15:43:02.7321949+01:00" testType="13cdc9d9-ddb5-4fa4-a97d-d965ccfc6d4b" outcome="Passed" testListId="8c84fa94-04c1-424b-9868-57a2d4851a1d" relativeResultsDirectory="de516e30-a152-4f42-8281-d6dcdb672e87" />
    <UnitTestResult executionId="46fe64ae-5f0d-4d08-a060-9ccbe1b6e0fb" testId="3d666180-93d4-c8a0-90cf-1acaf74f5aea" testName="Constructor_Succeeds_WithoutArguments" computerName="DKSR-EFI-06" duration="00:00:00.3572820" startTime="2024-01-09T15:43:01.8884443+01:00" endTime="2024-01-09T15:43:02.3571942+01:00" testType="13cdc9d9-ddb5-4fa4-a97d-d965ccfc6d4b" outcome="Passed" testListId="8c84fa94-04c1-424b-9868-57a2d4851a1d" relativeResultsDirectory="46fe64ae-5f0d-4d08-a060-9ccbe1b6e0fb" />
    <UnitTestResult executionId="972f3269-1332-47fc-9da5-fd0728f70499" testId="ceaa262f-e3cc-5e1c-f224-6472df703d49" testName="SecurityHandler_Called_WithNonAdminUser_GetSnapshot" computerName="DKSR-EFI-06" duration="00:00:00.0024364" startTime="2024-01-09T15:43:02.7165725+01:00" endTime="2024-01-09T15:43:02.7165725+01:00" testType="13cdc9d9-ddb5-4fa4-a97d-d965ccfc6d4b" outcome="Passed" testListId="8c84fa94-04c1-424b-9868-57a2d4851a1d" relativeResultsDirectory="972f3269-1332-47fc-9da5-fd0728f70499" />
  </Results>
  <TestDefinitions>
    <UnitTest name="SecurityHandler_NotCalled_WhenAdminUser" storage="d:\actions-runner\_work\xpco\xpco\eventserver\server\components\central\videoos.eventserver.alarms.infrastructure.unittest2\bin\debug\net472\videoos.eventserver.alarms.infrastructure.unittest.dll" id="4624c7cf-0808-ccc2-1354-42d39484f92b">
      <Execution id="ef2e4e2e-1ea9-4138-9d51-3d5122e15685" />
      <TestMethod codeBase="D:\actions-runner\_work\XPCO\XPCO\EventServer\Server\Components\Central\VideoOS.EventServer.Alarms.Infrastructure.UnitTest2\bin\Debug\net472\VideoOS.EventServer.Alarms.Infrastructure.UnitTest.dll" adapterTypeName="executor://mstestadapter/v2" className="VideoOS.EventServer.Alarms.Infrastructure.UnitTest.Repository.AlarmSnapshotsRepositoryTest" name="SecurityHandler_NotCalled_WhenAdminUser" />
    </UnitTest>
    <UnitTest name="SecurityHandler_Called_WithNonAdminUser_GetSnapshot" storage="d:\actions-runner\_work\xpco\xpco\eventserver\server\components\central\videoos.eventserver.alarms.infrastructure.unittest2\bin\debug\net472\videoos.eventserver.alarms.infrastructure.unittest.dll" id="ceaa262f-e3cc-5e1c-f224-6472df703d49">
      <Execution id="972f3269-1332-47fc-9da5-fd0728f70499" />
      <TestMethod codeBase="D:\actions-runner\_work\XPCO\XPCO\EventServer\Server\Components\Central\VideoOS.EventServer.Alarms.Infrastructure.UnitTest2\bin\Debug\net472\VideoOS.EventServer.Alarms.Infrastructure.UnitTest.dll" adapterTypeName="executor://mstestadapter/v2" className="VideoOS.EventServer.Alarms.Infrastructure.UnitTest.Repository.AlarmSnapshotsRepositoryTest" name="SecurityHandler_Called_WithNonAdminUser_GetSnapshot" />
    </UnitTest>
    <UnitTest name="GetStatistics_OnAdmin_ReturnsAllStatistics" storage="d:\actions-runner\_work\xpco\xpco\eventserver\server\components\central\videoos.eventserver.alarms.infrastructure.unittest2\bin\debug\net472\videoos.eventserver.alarms.infrastructure.unittest.dll" id="1e623a32-213e-3e6f-618a-f64ebd046eec">
      <Execution id="be8b2822-ff59-42cc-af30-f4bcc46947d1" />
      <TestMethod codeBase="D:\actions-runner\_work\XPCO\XPCO\EventServer\Server\Components\Central\VideoOS.EventServer.Alarms.Infrastructure.UnitTest2\bin\Debug\net472\VideoOS.EventServer.Alarms.Infrastructure.UnitTest.dll" adapterTypeName="executor://mstestadapter/v2" className="VideoOS.EventServer.Alarms.Infrastructure.UnitTest.AlarmStatisticsRepositoryTest" name="GetStatistics_OnAdmin_ReturnsAllStatistics" />
    </UnitTest>
    <UnitTest name="GetStatistics_OnNonAdmin_ReturnsAllowedStatistics" storage="d:\actions-runner\_work\xpco\xpco\eventserver\server\components\central\videoos.eventserver.alarms.infrastructure.unittest2\bin\debug\net472\videoos.eventserver.alarms.infrastructure.unittest.dll" id="1a8e4594-967b-56b8-b4d6-00fffa0a8ae6">
      <Execution id="c103eb34-27c0-4b52-9f9d-820af3fbd29c" />
      <TestMethod codeBase="D:\actions-runner\_work\XPCO\XPCO\EventServer\Server\Components\Central\VideoOS.EventServer.Alarms.Infrastructure.UnitTest2\bin\Debug\net472\VideoOS.EventServer.Alarms.Infrastructure.UnitTest.dll" adapterTypeName="executor://mstestadapter/v2" className="VideoOS.EventServer.Alarms.Infrastructure.UnitTest.AlarmStatisticsRepositoryTest" name="GetStatistics_OnNonAdmin_ReturnsAllowedStatistics" />
    </UnitTest>
    <UnitTest name="Constructor_Succeeds_WithoutArguments" storage="d:\actions-runner\_work\xpco\xpco\eventserver\server\components\central\videoos.eventserver.alarms.infrastructure.unittest2\bin\debug\net472\videoos.eventserver.alarms.infrastructure.unittest.dll" id="3d666180-93d4-c8a0-90cf-1acaf74f5aea">
      <TestCategory>
        <TestCategoryItem TestCategory="AlarmCache" />
      </TestCategory>
      <Execution id="46fe64ae-5f0d-4d08-a060-9ccbe1b6e0fb" />
      <TestMethod codeBase="D:\actions-runner\_work\XPCO\XPCO\EventServer\Server\Components\Central\VideoOS.EventServer.Alarms.Infrastructure.UnitTest2\bin\Debug\net472\VideoOS.EventServer.Alarms.Infrastructure.UnitTest.dll" adapterTypeName="executor://mstestadapter/v2" className="VideoOS.EventServer.Alarms.Infrastructure.UnitTest.AlarmCacheTest" name="Constructor_Succeeds_WithoutArguments" />
    </UnitTest>
    <UnitTest name="GetSnapshots_CallsSnapshotsHandler_AndReturnSameResult" storage="d:\actions-runner\_work\xpco\xpco\eventserver\server\components\central\videoos.eventserver.alarms.infrastructure.unittest2\bin\debug\net472\videoos.eventserver.alarms.infrastructure.unittest.dll" id="5443d4fa-38ee-a8c9-324e-9eef1892df66">
      <Execution id="de516e30-a152-4f42-8281-d6dcdb672e87" />
      <TestMethod codeBase="D:\actions-runner\_work\XPCO\XPCO\EventServer\Server\Components\Central\VideoOS.EventServer.Alarms.Infrastructure.UnitTest2\bin\Debug\net472\VideoOS.EventServer.Alarms.Infrastructure.UnitTest.dll" adapterTypeName="executor://mstestadapter/v2" className="VideoOS.EventServer.Alarms.Infrastructure.UnitTest.Repository.AlarmSnapshotsRepositoryTest" name="GetSnapshots_CallsSnapshotsHandler_AndReturnSameResult" />
    </UnitTest>
    <UnitTest name="SecurityHandler_Called_WithNonAdminUser_AttachSnapshot" storage="d:\actions-runner\_work\xpco\xpco\eventserver\server\components\central\videoos.eventserver.alarms.infrastructure.unittest2\bin\debug\net472\videoos.eventserver.alarms.infrastructure.unittest.dll" id="f92ac7e0-af28-d48a-71df-ea24b0a6d6f3">
      <Execution id="28c4a292-b204-44c7-8e41-d41f9b5f9eb5" />
      <TestMethod codeBase="D:\actions-runner\_work\XPCO\XPCO\EventServer\Server\Components\Central\VideoOS.EventServer.Alarms.Infrastructure.UnitTest2\bin\Debug\net472\VideoOS.EventServer.Alarms.Infrastructure.UnitTest.dll" adapterTypeName="executor://mstestadapter/v2" className="VideoOS.EventServer.Alarms.Infrastructure.UnitTest.Repository.AlarmSnapshotsRepositoryTest" name="SecurityHandler_Called_WithNonAdminUser_AttachSnapshot" />
    </UnitTest>
    <UnitTest name="AttachSnapshot_CallsSnapshotsHandler" storage="d:\actions-runner\_work\xpco\xpco\eventserver\server\components\central\videoos.eventserver.alarms.infrastructure.unittest2\bin\debug\net472\videoos.eventserver.alarms.infrastructure.unittest.dll" id="434baac6-a68f-7ede-d002-21dd7770fcf1">
      <Execution id="28e642e4-b426-44b8-9e25-4d20924c1fb3" />
      <TestMethod codeBase="D:\actions-runner\_work\XPCO\XPCO\EventServer\Server\Components\Central\VideoOS.EventServer.Alarms.Infrastructure.UnitTest2\bin\Debug\net472\VideoOS.EventServer.Alarms.Infrastructure.UnitTest.dll" adapterTypeName="executor://mstestadapter/v2" className="VideoOS.EventServer.Alarms.Infrastructure.UnitTest.Repository.AlarmSnapshotsRepositoryTest" name="AttachSnapshot_CallsSnapshotsHandler" />
    </UnitTest>
  </TestDefinitions>
  <TestEntries>
    <TestEntry testId="f92ac7e0-af28-d48a-71df-ea24b0a6d6f3" executionId="28c4a292-b204-44c7-8e41-d41f9b5f9eb5" testListId="8c84fa94-04c1-424b-9868-57a2d4851a1d" />
    <TestEntry testId="1e623a32-213e-3e6f-618a-f64ebd046eec" executionId="be8b2822-ff59-42cc-af30-f4bcc46947d1" testListId="8c84fa94-04c1-424b-9868-57a2d4851a1d" />
    <TestEntry testId="434baac6-a68f-7ede-d002-21dd7770fcf1" executionId="28e642e4-b426-44b8-9e25-4d20924c1fb3" testListId="8c84fa94-04c1-424b-9868-57a2d4851a1d" />
    <TestEntry testId="4624c7cf-0808-ccc2-1354-42d39484f92b" executionId="ef2e4e2e-1ea9-4138-9d51-3d5122e15685" testListId="8c84fa94-04c1-424b-9868-57a2d4851a1d" />
    <TestEntry testId="1a8e4594-967b-56b8-b4d6-00fffa0a8ae6" executionId="c103eb34-27c0-4b52-9f9d-820af3fbd29c" testListId="8c84fa94-04c1-424b-9868-57a2d4851a1d" />
    <TestEntry testId="5443d4fa-38ee-a8c9-324e-9eef1892df66" executionId="de516e30-a152-4f42-8281-d6dcdb672e87" testListId="8c84fa94-04c1-424b-9868-57a2d4851a1d" />
    <TestEntry testId="3d666180-93d4-c8a0-90cf-1acaf74f5aea" executionId="46fe64ae-5f0d-4d08-a060-9ccbe1b6e0fb" testListId="8c84fa94-04c1-424b-9868-57a2d4851a1d" />
    <TestEntry testId="ceaa262f-e3cc-5e1c-f224-6472df703d49" executionId="972f3269-1332-47fc-9da5-fd0728f70499" testListId="8c84fa94-04c1-424b-9868-57a2d4851a1d" />
  </TestEntries>
  <TestLists>
    <TestList name="Results Not in a List" id="8c84fa94-04c1-424b-9868-57a2d4851a1d" />
    <TestList name="All Loaded Results" id="19431567-8539-422a-85d7-44ee4e166bda" />
  </TestLists>
  <ResultSummary outcome="Completed">
    <Counters total="8" executed="8" passed="8" failed="0" error="0" timeout="0" aborted="0" inconclusive="0" passedButRunAborted="0" notRunnable="0" notExecuted="0" disconnected="0" warning="0" completed="0" inProgress="0" pending="0" />
  </ResultSummary>
</TestRun>