<?xml version="1.0" encoding="utf-8"?>
<TestRun id="f063f240-5322-4b81-a0ef-4dc951c7b15f" name="DKSR-EFI-06$@DKSR-EFI-06 2024-01-09 15:43:10" runUser="NT AUTHORITY\NETWORK SERVICE" xmlns="http://microsoft.com/schemas/VisualStudio/TeamTest/2010">
  <Times creation="2024-01-09T15:43:10.6541047+01:00" queuing="2024-01-09T15:43:10.6541047+01:00" start="2024-01-09T15:43:08.6540977+01:00" finish="2024-01-09T15:45:44.2953592+01:00" />
  <TestSettings name="default" id="b49222a7-d0ca-480d-855f-2dd33fcf8b36">
    <Deployment runDeploymentRoot="DKSR-EFI-06$_DKSR-EFI-06_2024-01-09_15_43_10" />
  </TestSettings>
  <Results>
    <UnitTestResult executionId="8eb0f7df-ef18-40fe-a7dd-5341911a92db" testId="005a0164-534c-e56f-7279-9e3fcaf62159" testName="Given_IncludeRuleWithExtendedKinds_When_IsSubscribedIsCalledWhereKindIsValid_Then_IsReturnsTheResult (1d48187a-b159-48fe-8025-e4dc5269b749,XPCO,True)" computerName="DKSR-EFI-06" duration="00:00:00.0000633" startTime="2024-01-09T15:45:42.0606689+01:00" endTime="2024-01-09T15:45:42.0606689+01:00" testType="13cdc9d9-ddb5-4fa4-a97d-d965ccfc6d4b" outcome="Passed" testListId="8c84fa94-04c1-424b-9868-57a2d4851a1d" relativeResultsDirectory="8eb0f7df-ef18-40fe-a7dd-5341911a92db" />
    <UnitTestResult executionId="fade2e4e-5b02-4f91-a7fd-6881faaebab7" testId="0bee18d7-6595-d19e-678d-f471e9c73f63" testName="Given_EventsInCacheNoRecentEvents_When_ResumingWithoutLastKnownGoodEvent_Then_GetRecentEventsReturnsNoEvents" computerName="DKSR-EFI-06" duration="00:00:00.1888206" startTime="2024-01-09T15:43:11.7166072+01:00" endTime="2024-01-09T15:43:11.9041084+01:00" testType="13cdc9d9-ddb5-4fa4-a97d-d965ccfc6d4b" outcome="Passed" testListId="8c84fa94-04c1-424b-9868-57a2d4851a1d" relativeResultsDirectory="fade2e4e-5b02-4f91-a7fd-6881faaebab7" />
    <UnitTestResult executionId="19a20076-5116-4027-bb54-27e5388ca070" testId="b7d1f7c2-1558-ee08-9510-8ffbd157ef39" testName="Given_InvalidCommandId_When_Parsing_Then_400BadRequestResponseFatalError" computerName="DKSR-EFI-06" duration="00:00:00.0004333" startTime="2024-01-09T15:45:42.2950451+01:00" endTime="2024-01-09T15:45:42.2950451+01:00" testType="13cdc9d9-ddb5-4fa4-a97d-d965ccfc6d4b" outcome="Passed" testListId="8c84fa94-04c1-424b-9868-57a2d4851a1d" relativeResultsDirectory="19a20076-5116-4027-bb54-27e5388ca070" />
    <UnitTestResult executionId="9b99850a-433b-4b2c-a206-c528888a3421" testId="cfdad807-6976-92ae-7eac-bfd3102843cf" testName="Given_SessionExists_When_StartNewSession_Then_SuccessNewSessionCreatedOldSessionDiscarded" computerName="DKSR-EFI-06" duration="00:00:00.0249030" startTime="2024-01-09T15:45:41.7481722+01:00" endTime="2024-01-09T15:45:41.7637973+01:00" testType="13cdc9d9-ddb5-4fa4-a97d-d965ccfc6d4b" outcome="Passed" testListId="8c84fa94-04c1-424b-9868-57a2d4851a1d" relativeResultsDirectory="9b99850a-433b-4b2c-a206-c528888a3421" />
    <UnitTestResult executionId="8a720f09-81f9-42da-960b-8f2856fd4c6f" testId="3383aa31-fd9e-e756-c177-5fb014e0f40a" testName="Given_ResumeSessionAndEvents_When_Mapping_Then_ASessionIdAndEventIdIsGuid" computerName="DKSR-EFI-06" duration="00:00:00.0005276" startTime="2024-01-09T15:45:42.9981678+01:00" endTime="2024-01-09T15:45:42.9981678+01:00" testType="13cdc9d9-ddb5-4fa4-a97d-d965ccfc6d4b" outcome="Passed" testListId="8c84fa94-04c1-424b-9868-57a2d4851a1d" relativeResultsDirectory="8a720f09-81f9-42da-960b-8f2856fd4c6f" />
    <UnitTestResult executionId="1b42e887-6ab7-4589-b707-1e15bc896559" testId="a89d0695-f1ec-52c6-0f6e-39897d378c92" testName="Given_Rules_IsSubscribedStateIsCalled_Then_IsSubscribedReturnsTheResult (ABBBB6C3-DFBD-4439-86F3-DC71C5BB39A1,Include,,True)" computerName="DKSR-EFI-06" duration="00:00:00.0061908" startTime="2024-01-09T15:45:42.0919239+01:00" endTime="2024-01-09T15:45:42.0919239+01:00" testType="13cdc9d9-ddb5-4fa4-a97d-d965ccfc6d4b" outcome="Passed" testListId="8c84fa94-04c1-424b-9868-57a2d4851a1d" relativeResultsDirectory="1b42e887-6ab7-4589-b707-1e15bc896559" />
    <UnitTestResult executionId="c3070b25-ed29-467b-9ad1-32eec2214fb1" testId="da63023d-61f4-0bd0-40ba-5ee05c47391c" testName="Given_ErrorResponse_When_Serializing_TheOutputIsCorrect" computerName="DKSR-EFI-06" duration="00:00:00.0038450" startTime="2024-01-09T15:45:42.9825455+01:00" endTime="2024-01-09T15:45:42.9981678+01:00" testType="13cdc9d9-ddb5-4fa4-a97d-d965ccfc6d4b" outcome="Passed" testListId="8c84fa94-04c1-424b-9868-57a2d4851a1d" relativeResultsDirectory="c3070b25-ed29-467b-9ad1-32eec2214fb1" />
    <UnitTestResult executionId="40b36a7b-e708-4556-bb9f-1df3e0d7d30e" testId="d83db56b-87cc-9a16-cbc0-14f0f643f9e4" testName="Given_ResourceTypes_Then_ParseShouldReturnTheId (03782B66-8B2F-484F-ACD6-DAD83C011732,03782B66-8B2F-484F-ACD6-DAD83C011732)" computerName="DKSR-EFI-06" duration="00:00:00.0000523" startTime="2024-01-09T15:45:42.9825455+01:00" endTime="2024-01-09T15:45:42.9825455+01:00" testType="13cdc9d9-ddb5-4fa4-a97d-d965ccfc6d4b" outcome="Passed" testListId="8c84fa94-04c1-424b-9868-57a2d4851a1d" relativeResultsDirectory="40b36a7b-e708-4556-bb9f-1df3e0d7d30e" />
    <UnitTestResult executionId="1b9f4168-cc06-4c67-9139-6d2ab111413c" testId="8e6126a9-8a85-34a6-7edd-6aad8e81bb40" testName="Given_IncludeRuleWithSourceId_When_IsSubscribedIsCalledWhereTheEventSourceHasNoId_Then_IsSubscribedIsTrue" computerName="DKSR-EFI-06" duration="00:00:00.0007520" startTime="2024-01-09T15:45:42.0294171+01:00" endTime="2024-01-09T15:45:42.0294171+01:00" testType="13cdc9d9-ddb5-4fa4-a97d-d965ccfc6d4b" outcome="Passed" testListId="8c84fa94-04c1-424b-9868-57a2d4851a1d" relativeResultsDirectory="1b9f4168-cc06-4c67-9139-6d2ab111413c" />
    <UnitTestResult executionId="e0130190-a832-4574-bdad-0944919b90be" testId="5751e437-c242-6e1c-152f-d70afbf9a64a" testName="Given_ResumeSessionAndEvents_When_Mapping_Then_ASessionIdAndEventIdIsGuid" computerName="DKSR-EFI-06" duration="00:00:00.0004937" startTime="2024-01-09T15:45:42.3262952+01:00" endTime="2024-01-09T15:45:42.3262952+01:00" testType="13cdc9d9-ddb5-4fa4-a97d-d965ccfc6d4b" outcome="Passed" testListId="8c84fa94-04c1-424b-9868-57a2d4851a1d" relativeResultsDirectory="e0130190-a832-4574-bdad-0944919b90be" />
    <UnitTestResult executionId="e16d78ec-c751-4d4a-918f-3aa3f827182c" testId="ab487fc1-7e95-1dc9-6f76-3ccd7de31b29" testName="Given_Nothing_When_StatefullEventsArePushed_Then_TheEventIsAddedToTheCache" computerName="DKSR-EFI-06" duration="00:00:00.0062490" startTime="2024-01-09T15:45:41.9669226+01:00" endTime="2024-01-09T15:45:41.9825448+01:00" testType="13cdc9d9-ddb5-4fa4-a97d-d965ccfc6d4b" outcome="Passed" testListId="8c84fa94-04c1-424b-9868-57a2d4851a1d" relativeResultsDirectory="e16d78ec-c751-4d4a-918f-3aa3f827182c" />
    <UnitTestResult executionId="fe603eb2-949b-4367-95a8-723f656d98d3" testId="bac320c3-b6a0-73c8-39a2-fe6fdd381331" testName="Given_Rules_IsSubscribedStateIsCalled_Then_IsSubscribedReturnsTheResult (ABBBB6C3-DFBD-4439-86F3-DC71C5BB39A1,Exclude,,False)" computerName="DKSR-EFI-06" duration="00:00:00.0003583" startTime="2024-01-09T15:45:42.1075456+01:00" endTime="2024-01-09T15:45:42.1075456+01:00" testType="13cdc9d9-ddb5-4fa4-a97d-d965ccfc6d4b" outcome="Passed" testListId="8c84fa94-04c1-424b-9868-57a2d4851a1d" relativeResultsDirectory="fe603eb2-949b-4367-95a8-723f656d98d3" />
    <UnitTestResult executionId="0a8a2ce6-970c-41ec-a0dd-8638d21e58ff" testId="d17a0167-b318-3283-77b1-87a040e6cbda" testName="Given_EventsInCacheNoRecentEvents_When_ResumingFromExistingEvent_Then_GetRecentEventsReturnsResumedEvents" computerName="DKSR-EFI-06" duration="00:00:00.0656749" startTime="2024-01-09T15:43:11.6545139+01:00" endTime="2024-01-09T15:43:11.7166072+01:00" testType="13cdc9d9-ddb5-4fa4-a97d-d965ccfc6d4b" outcome="Passed" testListId="8c84fa94-04c1-424b-9868-57a2d4851a1d" relativeResultsDirectory="0a8a2ce6-970c-41ec-a0dd-8638d21e58ff" />
    <UnitTestResult executionId="b316ac70-25ea-480a-a09e-6e67383f6bfd" testId="454503b4-50f6-421b-6dc9-2c38d4ed7964" testName="Given_ExcludeRuleThatExcludesAllEventTypes_IsSubscribedStateIsCalled_Then_IsSubscribedReturnsFalse" computerName="DKSR-EFI-06" duration="00:00:00.0004851" startTime="2024-01-09T15:45:42.1075456+01:00" endTime="2024-01-09T15:45:42.1075456+01:00" testType="13cdc9d9-ddb5-4fa4-a97d-d965ccfc6d4b" outcome="Passed" testListId="8c84fa94-04c1-424b-9868-57a2d4851a1d" relativeResultsDirectory="b316ac70-25ea-480a-a09e-6e67383f6bfd" />
    <UnitTestResult executionId="8f6a842d-a17e-4554-99c6-63b835806c02" testId="0966b5db-2e06-8767-524f-3e7bcc7e7dd3" testName="Given_Rules_IsSubscribedIsCalled_Then_IsSubscribedReturnsTheResult (4EF04DAE-3C18-4BAD-A730-42F6F293E700,Include,,,,True)" computerName="DKSR-EFI-06" duration="00:00:00.0129177" startTime="2024-01-09T15:45:42.0606689+01:00" endTime="2024-01-09T15:45:42.0762945+01:00" testType="13cdc9d9-ddb5-4fa4-a97d-d965ccfc6d4b" outcome="Passed" testListId="8c84fa94-04c1-424b-9868-57a2d4851a1d" relativeResultsDirectory="8f6a842d-a17e-4554-99c6-63b835806c02" />
    <UnitTestResult executionId="e41d8943-6d95-4e24-9486-09df10b3f06f" testId="31486b7f-4750-5c30-dfac-940e85d9aba3" testName="Given_StartSession_When_Mapping_Then_ASessionIdAndEventIdIsDefault" computerName="DKSR-EFI-06" duration="00:00:00.0009150" startTime="2024-01-09T15:45:42.9981678+01:00" endTime="2024-01-09T15:45:42.9981678+01:00" testType="13cdc9d9-ddb5-4fa4-a97d-d965ccfc6d4b" outcome="Passed" testListId="8c84fa94-04c1-424b-9868-57a2d4851a1d" relativeResultsDirectory="e41d8943-6d95-4e24-9486-09df10b3f06f" />
    <UnitTestResult executionId="dff19171-fc53-49af-ac4e-22cd5d7ba03e" testId="bcbd1dc7-ecfd-5631-fa27-5293e392e3ca" testName="Given_MessageHandlerIsCreated_When_ValidateClientIsSuccessful_Then_StatusIsSuccess" computerName="DKSR-EFI-06" duration="00:00:00.1202909" startTime="2024-01-09T15:45:41.0137918+01:00" endTime="2024-01-09T15:45:41.1231690+01:00" testType="13cdc9d9-ddb5-4fa4-a97d-d965ccfc6d4b" outcome="Passed" testListId="8c84fa94-04c1-424b-9868-57a2d4851a1d" relativeResultsDirectory="dff19171-fc53-49af-ac4e-22cd5d7ba03e" />
    <UnitTestResult executionId="9b49be04-c56e-4d12-a687-ca8476f8086f" testId="4e5ef586-508b-3b2e-2a84-792eb7741207" testName="Given_EventsMessage_When_SerializeObject_Then_Succed" computerName="DKSR-EFI-06" duration="00:00:00.0153396" startTime="2024-01-09T15:45:42.7950434+01:00" endTime="2024-01-09T15:45:42.8106700+01:00" testType="13cdc9d9-ddb5-4fa4-a97d-d965ccfc6d4b" outcome="Passed" testListId="8c84fa94-04c1-424b-9868-57a2d4851a1d" relativeResultsDirectory="9b49be04-c56e-4d12-a687-ca8476f8086f" />
    <UnitTestResult executionId="16ce23f1-e769-4714-81c9-125c0d0e3279" testId="1a022045-6931-1daf-eef1-9605781f6de4" testName="Given_NoCommand_When_Parsing_Then_400BadRequestResponseWithProperCommandId" computerName="DKSR-EFI-06" duration="00:00:00.0003455" startTime="2024-01-09T15:45:42.2950451+01:00" endTime="2024-01-09T15:45:42.2950451+01:00" testType="13cdc9d9-ddb5-4fa4-a97d-d965ccfc6d4b" outcome="Passed" testListId="8c84fa94-04c1-424b-9868-57a2d4851a1d" relativeResultsDirectory="16ce23f1-e769-4714-81c9-125c0d0e3279" />
    <UnitTestResult executionId="0899f4b9-d6bd-4f65-bd26-63f044554c4d" testId="6643f0e1-b507-35c9-5a38-67492d5e5f01" testName="Given_ProperAddSubscriptionCommand_When_Parsing_Then_200OKAndAddSubscriptionObjectReturned" computerName="DKSR-EFI-06" duration="00:00:00.1507225" startTime="2024-01-09T15:45:42.1075456+01:00" endTime="2024-01-09T15:45:42.2637972+01:00" testType="13cdc9d9-ddb5-4fa4-a97d-d965ccfc6d4b" outcome="Passed" testListId="8c84fa94-04c1-424b-9868-57a2d4851a1d" relativeResultsDirectory="0899f4b9-d6bd-4f65-bd26-63f044554c4d" />
    <UnitTestResult executionId="19888744-843f-4b18-bf15-f72f14cb9326" testId="52a5f325-961f-02a2-36af-76660603105d" testName="Given_Rules_IsSubscribedStateIsCalled_Then_IsSubscribedReturnsTheResult (ABBBB6C3-DFBD-4439-86F3-DC71C5BB39A1,Include,ABBBB6C3-DFBD-4439-86F3-DC71C5BB39A1,True)" computerName="DKSR-EFI-06" duration="00:00:00.0004319" startTime="2024-01-09T15:45:42.0919239+01:00" endTime="2024-01-09T15:45:42.0919239+01:00" testType="13cdc9d9-ddb5-4fa4-a97d-d965ccfc6d4b" outcome="Passed" testListId="8c84fa94-04c1-424b-9868-57a2d4851a1d" relativeResultsDirectory="19888744-843f-4b18-bf15-f72f14cb9326" />
    <UnitTestResult executionId="7b3617ba-3a95-49a1-80c1-f04f387805ed" testId="38a7b6a3-6c9d-888d-93a0-c6e954f4929d" testName="Given_ResourceTypeSpecifierCollectionEmpty_When_Parsing_Then_400BadRequestInvalidArgumentsReturned" computerName="DKSR-EFI-06" duration="00:00:00.0002951" startTime="2024-01-09T15:45:42.2950451+01:00" endTime="2024-01-09T15:45:42.2950451+01:00" testType="13cdc9d9-ddb5-4fa4-a97d-d965ccfc6d4b" outcome="Passed" testListId="8c84fa94-04c1-424b-9868-57a2d4851a1d" relativeResultsDirectory="7b3617ba-3a95-49a1-80c1-f04f387805ed" />
    <UnitTestResult executionId="91a811c3-c54b-4645-9d55-b631f3acad6f" testId="deb905cf-a2a0-6941-04d3-858abc2fa886" testName="Given_Null_When_IsSubscribedIsCalled_Then_ExceptionIsThrown" computerName="DKSR-EFI-06" duration="00:00:00.0006243" startTime="2024-01-09T15:45:42.0294171+01:00" endTime="2024-01-09T15:45:42.0294171+01:00" testType="13cdc9d9-ddb5-4fa4-a97d-d965ccfc6d4b" outcome="Passed" testListId="8c84fa94-04c1-424b-9868-57a2d4851a1d" relativeResultsDirectory="91a811c3-c54b-4645-9d55-b631f3acad6f" />
    <UnitTestResult executionId="ea107ab5-7660-4ba7-a0f1-2ea3bcda153e" testId="23ec95fb-7089-54a6-3032-25dda5297720" testName="Given_Nothing_When_StatefullEventwithoutSorceIdIsPushed_Then_ItIsIgnoredInTheCache" computerName="DKSR-EFI-06" duration="00:00:00.0014618" startTime="2024-01-09T15:45:41.9825448+01:00" endTime="2024-01-09T15:45:41.9825448+01:00" testType="13cdc9d9-ddb5-4fa4-a97d-d965ccfc6d4b" outcome="Passed" testListId="8c84fa94-04c1-424b-9868-57a2d4851a1d" relativeResultsDirectory="ea107ab5-7660-4ba7-a0f1-2ea3bcda153e" />
    <UnitTestResult executionId="ff4a2e00-ef3f-462c-afd7-5d1e21eaf68d" testId="29b4380c-4fab-0ff2-5b8f-2065ade1c77f" testName="Given_CommandIdBoolean_When_Parsing_Then_400BadRequestInvalidArgumentsReturned" computerName="DKSR-EFI-06" duration="00:00:00.0027749" startTime="2024-01-09T15:45:42.2794220+01:00" endTime="2024-01-09T15:45:42.2950451+01:00" testType="13cdc9d9-ddb5-4fa4-a97d-d965ccfc6d4b" outcome="Passed" testListId="8c84fa94-04c1-424b-9868-57a2d4851a1d" relativeResultsDirectory="ff4a2e00-ef3f-462c-afd7-5d1e21eaf68d" />
    <UnitTestResult executionId="dae50e25-9ead-4218-be32-1052a3c8cd06" testId="5abc0175-c520-8fe1-a4de-af6d035c8b14" testName="Given_ParamsAndValuesForEssConnectAuthorizationTimeoutSeconds_When_GetEssConnectAuthorizationTimeoutSeconds_Then_ExpectedIsReturned (EssConnectAuthorizationTimeout,0,0)" computerName="DKSR-EFI-06" duration="00:00:00.0000141" startTime="2024-01-09T15:43:10.6541047+01:00" endTime="2024-01-09T15:43:10.6541047+01:00" testType="13cdc9d9-ddb5-4fa4-a97d-d965ccfc6d4b" outcome="Passed" testListId="8c84fa94-04c1-424b-9868-57a2d4851a1d" relativeResultsDirectory="dae50e25-9ead-4218-be32-1052a3c8cd06" />
    <UnitTestResult executionId="98d92a30-6c68-4f16-8ecf-0a5129592708" testId="a3675df0-d5b7-652d-f192-ad7ccce62d82" testName="Given_EventsInCache_When_RetentionTimeExpires_Then_EventsCanNoLongerBeResumed" computerName="DKSR-EFI-06" duration="00:00:00.2779978" startTime="2024-01-09T15:43:11.9666064+01:00" endTime="2024-01-09T15:43:12.2322342+01:00" testType="13cdc9d9-ddb5-4fa4-a97d-d965ccfc6d4b" outcome="Passed" testListId="8c84fa94-04c1-424b-9868-57a2d4851a1d" relativeResultsDirectory="98d92a30-6c68-4f16-8ecf-0a5129592708" />
    <UnitTestResult executionId="233cdc3d-c1a1-41e0-bcf0-f94ee7214215" testId="646b8f42-decd-5593-6e73-660cc3b2534d" testName="Given_MessageHandler_When_PushAsyncCalldTwice_Then_MessagSequenceIsCorrect" computerName="DKSR-EFI-06" duration="00:00:00.1502376" startTime="2024-01-09T15:45:41.5450457+01:00" endTime="2024-01-09T15:45:41.7012927+01:00" testType="13cdc9d9-ddb5-4fa4-a97d-d965ccfc6d4b" outcome="Passed" testListId="8c84fa94-04c1-424b-9868-57a2d4851a1d" relativeResultsDirectory="233cdc3d-c1a1-41e0-bcf0-f94ee7214215" />
    <UnitTestResult executionId="acbaad75-13eb-4bce-9e48-b21143455707" testId="1f4a2205-5f2b-3ebd-cf78-6856543ffcfc" testName="Given_Rules_IsSubscribedStateIsCalled_Then_IsSubscribedReturnsTheResult (ABBBB6C3-DFBD-4439-86F3-DC71C5BB39A1,Exclude,15C28E95-285D-47F7-95E2-976DEC10D2D4,True)" computerName="DKSR-EFI-06" duration="00:00:00.0003774" startTime="2024-01-09T15:45:42.1075456+01:00" endTime="2024-01-09T15:45:42.1075456+01:00" testType="13cdc9d9-ddb5-4fa4-a97d-d965ccfc6d4b" outcome="Passed" testListId="8c84fa94-04c1-424b-9868-57a2d4851a1d" relativeResultsDirectory="acbaad75-13eb-4bce-9e48-b21143455707" />
    <UnitTestResult executionId="4145b305-5b12-44d0-bf24-76bf09851622" testId="f799f189-be53-4091-5b25-657cc5d1b247" testName="Given_NoSession_When_StartSession_Then_SuccessCreated" computerName="DKSR-EFI-06" duration="00:00:00.0236320" startTime="2024-01-09T15:45:41.7169256+01:00" endTime="2024-01-09T15:45:41.7481722+01:00" testType="13cdc9d9-ddb5-4fa4-a97d-d965ccfc6d4b" outcome="Passed" testListId="8c84fa94-04c1-424b-9868-57a2d4851a1d" relativeResultsDirectory="4145b305-5b12-44d0-bf24-76bf09851622" />
    <UnitTestResult executionId="c5b3efa0-7e82-420a-a540-06260cce8fd5" testId="2b203899-461a-2b69-e195-97649e521740" testName="Given_EssResumeSessionTimeoutSecondsKeyWithValueUnderLimit_When_GetEssResumeSessionTimeoutSeconds_Then_DefaultValueReturned" computerName="DKSR-EFI-06" duration="00:00:00.0001393" startTime="2024-01-09T15:43:10.5759799+01:00" endTime="2024-01-09T15:43:10.5759799+01:00" testType="13cdc9d9-ddb5-4fa4-a97d-d965ccfc6d4b" outcome="Passed" testListId="8c84fa94-04c1-424b-9868-57a2d4851a1d" relativeResultsDirectory="c5b3efa0-7e82-420a-a540-06260cce8fd5" />
    <UnitTestResult executionId="f6c240b7-0125-4936-95e0-96aec008ea5a" testId="70b10f23-0f8f-6490-4522-62292554caa5" testName="Given_ResourceTypes_Then_ParseShouldReturnTheId (camera,5135BA21-F1DC-4321-806A-6CE2017343C0)" computerName="DKSR-EFI-06" duration="00:00:00.0048046" startTime="2024-01-09T15:45:42.9669228+01:00" endTime="2024-01-09T15:45:42.9669228+01:00" testType="13cdc9d9-ddb5-4fa4-a97d-d965ccfc6d4b" outcome="Passed" testListId="8c84fa94-04c1-424b-9868-57a2d4851a1d" relativeResultsDirectory="f6c240b7-0125-4936-95e0-96aec008ea5a">
      <Output>
        <StdOut>Debug Trace:&#xD;
----- Resource only found by adding s: camera</StdOut>
      </Output>
    </UnitTestResult>
    <UnitTestResult executionId="0594f5e0-9680-411a-805d-310d9d68a731" testId="df0c0ff9-7f0e-2d2e-976b-55c6991fd6e9" testName="Given_EventsInCacheCancellingRecentEvents_When_ResumingFromExistingEvent_Then_GetRecentEventsReturnsCachedEvents" computerName="DKSR-EFI-06" duration="00:00:00.0452899" startTime="2024-01-09T15:43:11.9212596+01:00" endTime="2024-01-09T15:43:11.9666064+01:00" testType="13cdc9d9-ddb5-4fa4-a97d-d965ccfc6d4b" outcome="Passed" testListId="8c84fa94-04c1-424b-9868-57a2d4851a1d" relativeResultsDirectory="0594f5e0-9680-411a-805d-310d9d68a731" />
    <UnitTestResult executionId="82ab5a29-61cf-4812-bb8e-ae29e0871e79" testId="3cee16d3-b36c-ab9e-3ba3-183a6748dbfa" testName="Given_Nothing_When_NewEventInEventCache_Then_EventSenderDoesNotFetchFromEventCache" computerName="DKSR-EFI-06" duration="00:00:00.0035911" startTime="2024-01-09T15:43:12.4353592+01:00" endTime="2024-01-09T15:43:12.4353592+01:00" testType="13cdc9d9-ddb5-4fa4-a97d-d965ccfc6d4b" outcome="Passed" testListId="8c84fa94-04c1-424b-9868-57a2d4851a1d" relativeResultsDirectory="82ab5a29-61cf-4812-bb8e-ae29e0871e79" />
    <UnitTestResult executionId="ba926921-3ea3-4f5e-b0b4-5f522dc59350" testId="4bf816f4-8ff9-5f05-5469-95e36547d36e" testName="Given_NoSession_When_AddSubscription_Then_ProperErrorResponse" computerName="DKSR-EFI-06" duration="00:00:00.0192345" startTime="2024-01-09T15:45:41.7012927+01:00" endTime="2024-01-09T15:45:41.7169256+01:00" testType="13cdc9d9-ddb5-4fa4-a97d-d965ccfc6d4b" outcome="Passed" testListId="8c84fa94-04c1-424b-9868-57a2d4851a1d" relativeResultsDirectory="ba926921-3ea3-4f5e-b0b4-5f522dc59350" />
    <UnitTestResult executionId="5e1afb85-737e-45dc-a741-5f697389826e" testId="4ce35d63-7ac6-fb24-a2a8-2dd14293980c" testName="Given_Nothing_When_GetOrCreate_Then_ASessionIsCreated (00000000-0000-0000-0000-000000000000)" computerName="DKSR-EFI-06" duration="00:00:00.0278897" startTime="2024-01-09T15:45:41.8262950+01:00" endTime="2024-01-09T15:45:41.8575414+01:00" testType="13cdc9d9-ddb5-4fa4-a97d-d965ccfc6d4b" outcome="Passed" testListId="8c84fa94-04c1-424b-9868-57a2d4851a1d" relativeResultsDirectory="5e1afb85-737e-45dc-a741-5f697389826e" />
    <UnitTestResult executionId="82224b9c-706a-49f4-a020-115760109859" testId="ca6de712-cccd-e22a-7ab5-7d82b6d46442" testName="Given_StartSessionWithInvalidEventId_When_Parsing_Then_ErrorIsReturned" computerName="DKSR-EFI-06" duration="00:00:00.0003299" startTime="2024-01-09T15:45:42.9981678+01:00" endTime="2024-01-09T15:45:42.9981678+01:00" testType="13cdc9d9-ddb5-4fa4-a97d-d965ccfc6d4b" outcome="Passed" testListId="8c84fa94-04c1-424b-9868-57a2d4851a1d" relativeResultsDirectory="82224b9c-706a-49f4-a020-115760109859" />
    <UnitTestResult executionId="9f4bd211-d4bd-4712-a503-870ffa4dffe0" testId="66c2e5a2-49b8-8da4-ae58-aa7e48aaa402" testName="Given_UserIsNullSessionExistsAndIsInactive_When_GetOrCreate_Then_SessionIsReturned" computerName="DKSR-EFI-06" duration="00:00:00.0031000" startTime="2024-01-09T15:45:41.8731699+01:00" endTime="2024-01-09T15:45:41.8887924+01:00" testType="13cdc9d9-ddb5-4fa4-a97d-d965ccfc6d4b" outcome="Passed" testListId="8c84fa94-04c1-424b-9868-57a2d4851a1d" relativeResultsDirectory="9f4bd211-d4bd-4712-a503-870ffa4dffe0" />
    <UnitTestResult executionId="67132e9c-05a1-48ec-8c91-6ea108c0887a" testId="e8528be5-b85a-9a64-e355-41b2eb647d3a" testName="Given_SessionHasTimedout_When_GetOrCreate_Then_ANewSessionIsReturned" computerName="DKSR-EFI-06" duration="00:00:00.0389321" startTime="2024-01-09T15:45:41.8887924+01:00" endTime="2024-01-09T15:45:41.9200484+01:00" testType="13cdc9d9-ddb5-4fa4-a97d-d965ccfc6d4b" outcome="Passed" testListId="8c84fa94-04c1-424b-9868-57a2d4851a1d" relativeResultsDirectory="67132e9c-05a1-48ec-8c91-6ea108c0887a" />
    <UnitTestResult executionId="0b37cd00-3e20-4b3e-aa79-0130389b2bc3" testId="eaeece35-3172-5c51-c577-7144c5c03259" testName="Given_EventWithKnownKind_When_ToExposedEvent_Then_SourceIsCorrect" computerName="DKSR-EFI-06" duration="00:00:00.0048932" startTime="2024-01-09T15:45:42.7325437+01:00" endTime="2024-01-09T15:45:42.7325437+01:00" testType="13cdc9d9-ddb5-4fa4-a97d-d965ccfc6d4b" outcome="Passed" testListId="8c84fa94-04c1-424b-9868-57a2d4851a1d" relativeResultsDirectory="0b37cd00-3e20-4b3e-aa79-0130389b2bc3" />
    <UnitTestResult executionId="e0b13b8a-70cf-4e32-ba58-196fe177cc40" testId="c39af18d-e350-1d1b-8554-909c49b54e82" testName="Test" computerName="DKSR-EFI-06" duration="00:00:00.0003671" startTime="2024-01-09T15:43:11.3103566+01:00" endTime="2024-01-09T15:43:11.3103566+01:00" testType="13cdc9d9-ddb5-4fa4-a97d-d965ccfc6d4b" outcome="Passed" testListId="8c84fa94-04c1-424b-9868-57a2d4851a1d" relativeResultsDirectory="e0b13b8a-70cf-4e32-ba58-196fe177cc40" />
    <UnitTestResult executionId="b8600d08-c989-4478-938a-9205fc7a9f9a" testId="17c064d0-17b6-35c6-0b29-ea391d9f353f" testName="Given_Rules_IsSubscribedStateIsCalled_Then_IsSubscribedReturnsTheResult (ABBBB6C3-DFBD-4439-86F3-DC71C5BB39A1,Include,C26708C1-6BD7-4B77-BE0D-FB30FDC2055D,True)" computerName="DKSR-EFI-06" duration="00:00:00.0006717" startTime="2024-01-09T15:45:42.0919239+01:00" endTime="2024-01-09T15:45:42.0919239+01:00" testType="13cdc9d9-ddb5-4fa4-a97d-d965ccfc6d4b" outcome="Passed" testListId="8c84fa94-04c1-424b-9868-57a2d4851a1d" relativeResultsDirectory="b8600d08-c989-4478-938a-9205fc7a9f9a" />
    <UnitTestResult executionId="8b1f492a-5192-409a-9a48-178c4985a41d" testId="768fb8b7-3990-5a33-7f27-4e6edef2b06b" testName="Given_Nothing_When_SettingAndRemovingEventReceiverFast_Then_NoExceptionThrown" computerName="DKSR-EFI-06" duration="00:00:00.1002877" startTime="2024-01-09T15:43:12.4353592+01:00" endTime="2024-01-09T15:43:12.5447325+01:00" testType="13cdc9d9-ddb5-4fa4-a97d-d965ccfc6d4b" outcome="Passed" testListId="8c84fa94-04c1-424b-9868-57a2d4851a1d" relativeResultsDirectory="8b1f492a-5192-409a-9a48-178c4985a41d" />
    <UnitTestResult executionId="673c6528-6c34-4767-9558-717f6eb88164" testId="05666e4e-d0b6-ba13-848d-05794867fd17" testName="Given_ResourceTypes_Then_ParseShouldReturnTheId (recordingservers,088904A7-EE2D-4AB7-8FCC-25F1B462FD88)" computerName="DKSR-EFI-06" duration="00:00:00.0000206" startTime="2024-01-09T15:45:42.9825455+01:00" endTime="2024-01-09T15:45:42.9825455+01:00" testType="13cdc9d9-ddb5-4fa4-a97d-d965ccfc6d4b" outcome="Passed" testListId="8c84fa94-04c1-424b-9868-57a2d4851a1d" relativeResultsDirectory="673c6528-6c34-4767-9558-717f6eb88164" />
    <UnitTestResult executionId="1902cb4d-ee12-4772-ada8-44edb28cea2e" testId="efe9817f-6752-68f6-bfc5-2b49ae629ec1" testName="Given_Nothing_When_IsSubscribedIsCalled_Then_NoEventsHaveBeenSubscribedFor" computerName="DKSR-EFI-06" duration="00:00:00.0006349" startTime="2024-01-09T15:45:42.0294171+01:00" endTime="2024-01-09T15:45:42.0294171+01:00" testType="13cdc9d9-ddb5-4fa4-a97d-d965ccfc6d4b" outcome="Passed" testListId="8c84fa94-04c1-424b-9868-57a2d4851a1d" relativeResultsDirectory="1902cb4d-ee12-4772-ada8-44edb28cea2e" />
    <UnitTestResult executionId="154ce02b-97f6-4ff9-9d70-19ad3b7d4d99" testId="62ddb9e3-be5f-b22a-127d-2f9489fd7a03" testName="Given_MessageHandler_When_PushAsyncWithEvent_Then_ProcessMessageAsyncIsCalled" computerName="DKSR-EFI-06" duration="00:00:00.0290991" startTime="2024-01-09T15:45:41.5137945+01:00" endTime="2024-01-09T15:45:41.5450457+01:00" testType="13cdc9d9-ddb5-4fa4-a97d-d965ccfc6d4b" outcome="Passed" testListId="8c84fa94-04c1-424b-9868-57a2d4851a1d" relativeResultsDirectory="154ce02b-97f6-4ff9-9d70-19ad3b7d4d99" />
    <UnitTestResult executionId="6b2b6379-fdeb-4055-b5e3-eadce983e431" testId="60e0d5d7-a3e6-79c1-e9e1-84c57cc0d5ed" testName="Given_SessionExistsButIsNotInactive_When_GetOrCreate_Then_NewSessionIsReturned" computerName="DKSR-EFI-06" duration="00:00:00.0057844" startTime="2024-01-09T15:45:41.9200484+01:00" endTime="2024-01-09T15:45:41.9356676+01:00" testType="13cdc9d9-ddb5-4fa4-a97d-d965ccfc6d4b" outcome="Passed" testListId="8c84fa94-04c1-424b-9868-57a2d4851a1d" relativeResultsDirectory="6b2b6379-fdeb-4055-b5e3-eadce983e431" />
    <UnitTestResult executionId="9e2b101a-271e-4784-bfef-4d585bf59dd1" testId="a664b755-27f4-da71-042a-b2043df80cd0" testName="Given_Rules_IsSubscribedStateIsCalled_Then_IsSubscribedReturnsTheResult (ABBBB6C3-DFBD-4439-86F3-DC71C5BB39A1,Exclude,C26708C1-6BD7-4B77-BE0D-FB30FDC2055D,True)" computerName="DKSR-EFI-06" duration="00:00:00.0006522" startTime="2024-01-09T15:45:42.1075456+01:00" endTime="2024-01-09T15:45:42.1075456+01:00" testType="13cdc9d9-ddb5-4fa4-a97d-d965ccfc6d4b" outcome="Passed" testListId="8c84fa94-04c1-424b-9868-57a2d4851a1d" relativeResultsDirectory="9e2b101a-271e-4784-bfef-4d585bf59dd1" />
    <UnitTestResult executionId="e7ff3056-d907-4716-8674-7f4fcf6f1b93" testId="ebc2d938-a1ad-e738-d36d-328329ec97ff" testName="Given_Rules_IsSubscribedStateIsCalled_Then_IsSubscribedReturnsTheResult (ABBBB6C3-DFBD-4439-86F3-DC71C5BB39A1,Exclude,ABBBB6C3-DFBD-4439-86F3-DC71C5BB39A1,True)" computerName="DKSR-EFI-06" duration="00:00:00.0004112" startTime="2024-01-09T15:45:42.1075456+01:00" endTime="2024-01-09T15:45:42.1075456+01:00" testType="13cdc9d9-ddb5-4fa4-a97d-d965ccfc6d4b" outcome="Passed" testListId="8c84fa94-04c1-424b-9868-57a2d4851a1d" relativeResultsDirectory="e7ff3056-d907-4716-8674-7f4fcf6f1b93" />
    <UnitTestResult executionId="c30ea40b-2b02-4e77-9dbc-79f20fb78f91" testId="70eeb1ad-920b-36a3-73e7-e226adca4ba4" testName="Given_ParamsAndValuesForEssConnectAuthorizationTimeoutSeconds_When_GetEssConnectAuthorizationTimeoutSeconds_Then_ExpectedIsReturned (EssConnectAuthorizationTimeout,sadf,5)" computerName="DKSR-EFI-06" duration="00:00:00.0000171" startTime="2024-01-09T15:43:10.6541047+01:00" endTime="2024-01-09T15:43:10.6541047+01:00" testType="13cdc9d9-ddb5-4fa4-a97d-d965ccfc6d4b" outcome="Passed" testListId="8c84fa94-04c1-424b-9868-57a2d4851a1d" relativeResultsDirectory="c30ea40b-2b02-4e77-9dbc-79f20fb78f91" />
    <UnitTestResult executionId="1c2b1c94-ece4-4d54-a849-2719ad6c11c5" testId="f12c380b-252f-3d82-b5ce-40e9dc7dcd57" testName="Given_InactiveSessionExistsGoodEventDoesNotExists_When_GetOrCreate_Then_NewSessionReturned" computerName="DKSR-EFI-06" duration="00:00:00.0060817" startTime="2024-01-09T15:45:41.9669226+01:00" endTime="2024-01-09T15:45:41.9669226+01:00" testType="13cdc9d9-ddb5-4fa4-a97d-d965ccfc6d4b" outcome="Passed" testListId="8c84fa94-04c1-424b-9868-57a2d4851a1d" relativeResultsDirectory="1c2b1c94-ece4-4d54-a849-2719ad6c11c5" />
    <UnitTestResult executionId="ff201032-e71f-4411-bed9-8b60093303cb" testId="a8a5aaea-1edb-fbdc-1ce8-d03ed5d4ef6a" testName="Given_EventTypeSpecifierCollectionEmpty_When_Parsing_Then_400BadRequestInvalidArgumentsReturned" computerName="DKSR-EFI-06" duration="00:00:00.0004024" startTime="2024-01-09T15:45:42.2950451+01:00" endTime="2024-01-09T15:45:42.2950451+01:00" testType="13cdc9d9-ddb5-4fa4-a97d-d965ccfc6d4b" outcome="Passed" testListId="8c84fa94-04c1-424b-9868-57a2d4851a1d" relativeResultsDirectory="ff201032-e71f-4411-bed9-8b60093303cb" />
    <UnitTestResult executionId="25d0ff85-ccc8-401c-9135-e3e2aff18090" testId="1a203833-3e67-798a-159d-af3605348683" testName="Given_SessionExists_When_GetOrCreateAnotherId_Then_AnAdditionalSessionIsCreated" computerName="DKSR-EFI-06" duration="00:00:00.0039769" startTime="2024-01-09T15:45:41.9200484+01:00" endTime="2024-01-09T15:45:41.9200484+01:00" testType="13cdc9d9-ddb5-4fa4-a97d-d965ccfc6d4b" outcome="Passed" testListId="8c84fa94-04c1-424b-9868-57a2d4851a1d" relativeResultsDirectory="25d0ff85-ccc8-401c-9135-e3e2aff18090" />
    <UnitTestResult executionId="e52d0e33-4d5e-4dd9-b09d-8b963bd5658e" testId="b697e546-a056-254c-e398-3d48dc7aefd3" testName="Given_ProperRemoveSubscriptionCommand_When_Parsing_Then_200OKAndRemoveSubscriptionObjectReturned" computerName="DKSR-EFI-06" duration="00:00:00.0016168" startTime="2024-01-09T15:45:42.9512927+01:00" endTime="2024-01-09T15:45:42.9512927+01:00" testType="13cdc9d9-ddb5-4fa4-a97d-d965ccfc6d4b" outcome="Passed" testListId="8c84fa94-04c1-424b-9868-57a2d4851a1d" relativeResultsDirectory="e52d0e33-4d5e-4dd9-b09d-8b963bd5658e" />
    <UnitTestResult executionId="708783b1-a3a5-4b37-b607-7f24f226f342" testId="53616b31-d5c5-a73f-fad1-e49ff5408362" testName="Given_Rules_IsSubscribedIsCalled_Then_IsSubscribedReturnsTheResult (4EF04DAE-3C18-4BAD-A730-42F6F293E700,Exclude,,,4EF04DAE-3C18-4BAD-A730-42F6F293E700,False)" computerName="DKSR-EFI-06" duration="00:00:00.0002244" startTime="2024-01-09T15:45:42.0919239+01:00" endTime="2024-01-09T15:45:42.0919239+01:00" testType="13cdc9d9-ddb5-4fa4-a97d-d965ccfc6d4b" outcome="Passed" testListId="8c84fa94-04c1-424b-9868-57a2d4851a1d" relativeResultsDirectory="708783b1-a3a5-4b37-b607-7f24f226f342" />
    <UnitTestResult executionId="5144bad4-0324-4858-b6c9-41ce037b63a0" testId="f28919ed-cfda-2f3f-40b0-4c8bc98e136b" testName="Given_Rules_IsSubscribedIsCalled_Then_IsSubscribedReturnsTheResult (D0D2FE84-1C92-44C5-9EE3-AFCEA6415F30,Exclude,,4EF04DAE-3C18-4BAD-A730-42F6F293E700,,True)" computerName="DKSR-EFI-06" duration="00:00:00.0002845" startTime="2024-01-09T15:45:42.0919239+01:00" endTime="2024-01-09T15:45:42.0919239+01:00" testType="13cdc9d9-ddb5-4fa4-a97d-d965ccfc6d4b" outcome="Passed" testListId="8c84fa94-04c1-424b-9868-57a2d4851a1d" relativeResultsDirectory="5144bad4-0324-4858-b6c9-41ce037b63a0" />
    <UnitTestResult executionId="0542162a-52d6-4c2b-b9eb-55795452d057" testId="83550f0a-a118-bb08-1ed4-f3c798229aac" testName="Given_AddSubscriptionCommand_When_Mapping_Then_AProperSubscriptionUpdateIsCreated" computerName="DKSR-EFI-06" duration="00:00:00.0262413" startTime="2024-01-09T15:45:42.2950451+01:00" endTime="2024-01-09T15:45:42.3262952+01:00" testType="13cdc9d9-ddb5-4fa4-a97d-d965ccfc6d4b" outcome="Passed" testListId="8c84fa94-04c1-424b-9868-57a2d4851a1d" relativeResultsDirectory="0542162a-52d6-4c2b-b9eb-55795452d057" />
    <UnitTestResult executionId="c38fc2bc-72a5-43d2-9f03-a482af94bbe5" testId="0c217a13-ecb4-b231-f1b0-ed784058acf2" testName="Given_OnlyExcludeModifiers_When_Parsing_Then_400BadRequestInvalidArgumentsReturned" computerName="DKSR-EFI-06" duration="00:00:00.0007943" startTime="2024-01-09T15:45:42.2794220+01:00" endTime="2024-01-09T15:45:42.2794220+01:00" testType="13cdc9d9-ddb5-4fa4-a97d-d965ccfc6d4b" outcome="Passed" testListId="8c84fa94-04c1-424b-9868-57a2d4851a1d" relativeResultsDirectory="c38fc2bc-72a5-43d2-9f03-a482af94bbe5" />
    <UnitTestResult executionId="0de0db26-7e8e-4e5c-b915-c9e973e4a9e6" testId="0c5b364a-f5de-58da-b753-1ac614082b83" testName="Given_ResumeSession_When_Mapping_Then_ASessionIdIsGuidEventIdIsDefault" computerName="DKSR-EFI-06" duration="00:00:00.0005226" startTime="2024-01-09T15:45:42.3262952+01:00" endTime="2024-01-09T15:45:42.3262952+01:00" testType="13cdc9d9-ddb5-4fa4-a97d-d965ccfc6d4b" outcome="Passed" testListId="8c84fa94-04c1-424b-9868-57a2d4851a1d" relativeResultsDirectory="0de0db26-7e8e-4e5c-b915-c9e973e4a9e6" />
    <UnitTestResult executionId="c6fc931d-633a-4082-8673-1dcbfb5406c8" testId="443ba165-3495-bc93-572f-03526dd196b4" testName="Given_ExposedEventWithAnalyticsData_When_Serialize_Then_NullPropertiesAreNotSerializedPropertiesNamedIdIsAllLowerCase" computerName="DKSR-EFI-06" duration="00:00:00.0603236" startTime="2024-01-09T15:45:42.8731679+01:00" endTime="2024-01-09T15:45:42.9356699+01:00" testType="13cdc9d9-ddb5-4fa4-a97d-d965ccfc6d4b" outcome="Passed" testListId="8c84fa94-04c1-424b-9868-57a2d4851a1d" relativeResultsDirectory="c6fc931d-633a-4082-8673-1dcbfb5406c8" />
    <UnitTestResult executionId="a4271889-78ab-4a1c-a465-6c61634b3bb6" testId="808f6769-4db7-45b6-b417-19ff0fba4947" testName="Given_Rules_IsSubscribedIsCalled_Then_IsSubscribedReturnsTheResult (4EF04DAE-3C18-4BAD-A730-42F6F293E700,Exclude,4EF04DAE-3C18-4BAD-A730-42F6F293E700,,,False)" computerName="DKSR-EFI-06" duration="00:00:00.0002526" startTime="2024-01-09T15:45:42.0919239+01:00" endTime="2024-01-09T15:45:42.0919239+01:00" testType="13cdc9d9-ddb5-4fa4-a97d-d965ccfc6d4b" outcome="Passed" testListId="8c84fa94-04c1-424b-9868-57a2d4851a1d" relativeResultsDirectory="a4271889-78ab-4a1c-a465-6c61634b3bb6" />
    <UnitTestResult executionId="c7a7fc53-7c82-4700-9104-7cfb2813ed07" testId="b7353867-d878-1710-56a6-21b83884fb70" testName="Given_InactiveSessionExistsGoodEventExists_When_GetOrCreate_Then_ExistingSessionReturned" computerName="DKSR-EFI-06" duration="00:00:00.0092968" startTime="2024-01-09T15:45:41.9512925+01:00" endTime="2024-01-09T15:45:41.9669226+01:00" testType="13cdc9d9-ddb5-4fa4-a97d-d965ccfc6d4b" outcome="Passed" testListId="8c84fa94-04c1-424b-9868-57a2d4851a1d" relativeResultsDirectory="c7a7fc53-7c82-4700-9104-7cfb2813ed07" />
    <UnitTestResult executionId="3f7401ea-ec05-46b8-b2d0-4ab9ee8181ab" testId="8902bc51-6268-0123-2576-c6cf515fbd3e" testName="Given_StartSessionWithSessionIdNoEventId_When_Parsing_Then_CommandIsReturned" computerName="DKSR-EFI-06" duration="00:00:00.0003816" startTime="2024-01-09T15:45:42.9981678+01:00" endTime="2024-01-09T15:45:42.9981678+01:00" testType="13cdc9d9-ddb5-4fa4-a97d-d965ccfc6d4b" outcome="Passed" testListId="8c84fa94-04c1-424b-9868-57a2d4851a1d" relativeResultsDirectory="3f7401ea-ec05-46b8-b2d0-4ab9ee8181ab" />
    <UnitTestResult executionId="a9c2ebe2-d21a-41c5-9377-672018af8c38" testId="d9bfac4b-ce86-a681-9c66-201e537a2310" testName="Given_Rules_IsSubscribedIsCalled_Then_IsSubscribedReturnsTheResult (4EF04DAE-3C18-4BAD-A730-42F6F293E700,Exclude,,4EF04DAE-3C18-4BAD-A730-42F6F293E700,,False)" computerName="DKSR-EFI-06" duration="00:00:00.0002363" startTime="2024-01-09T15:45:42.0919239+01:00" endTime="2024-01-09T15:45:42.0919239+01:00" testType="13cdc9d9-ddb5-4fa4-a97d-d965ccfc6d4b" outcome="Passed" testListId="8c84fa94-04c1-424b-9868-57a2d4851a1d" relativeResultsDirectory="a9c2ebe2-d21a-41c5-9377-672018af8c38" />
    <UnitTestResult executionId="287822e5-1d5e-4706-8e14-0a386be79a0f" testId="85e7b633-0898-9dcd-aa1d-0c44e567bb98" testName="Given_MessageHandlerIsCreated_When_ValidateIsCalledWithoutAuthorizationHeaderAndANonAuthorizationCommandIsSent_Then_DisconnectIsRequestedBeforeTimeout" computerName="DKSR-EFI-06" duration="00:00:00.0464601" startTime="2024-01-09T15:45:41.1231690+01:00" endTime="2024-01-09T15:45:41.1700423+01:00" testType="13cdc9d9-ddb5-4fa4-a97d-d965ccfc6d4b" outcome="Passed" testListId="8c84fa94-04c1-424b-9868-57a2d4851a1d" relativeResultsDirectory="287822e5-1d5e-4706-8e14-0a386be79a0f" />
    <UnitTestResult executionId="7974dc5a-4368-47cf-9613-3e266270d584" testId="30e60ca6-6a1b-6f7f-607e-c17564fc7e81" testName="Given_EssResumeSessionTimeoutSecondsKeyWithInvalidValue_When_GetEssResumeSessionTimeoutSeconds_Then_DefaultValueReturned" computerName="DKSR-EFI-06" duration="00:00:00.0001755" startTime="2024-01-09T15:43:10.5759799+01:00" endTime="2024-01-09T15:43:10.5759799+01:00" testType="13cdc9d9-ddb5-4fa4-a97d-d965ccfc6d4b" outcome="Passed" testListId="8c84fa94-04c1-424b-9868-57a2d4851a1d" relativeResultsDirectory="7974dc5a-4368-47cf-9613-3e266270d584" />
    <UnitTestResult executionId="a8264eec-698b-42c5-bd53-1096be3fc6a2" testId="9db78887-519d-a7af-b6f8-964541821c04" testName="Given_IncludeRuleWithExtendedKinds_When_IsSubscribedIsCalledWhereKindIsValid_Then_IsReturnsTheResult (1d48187a-b159-48fe-8025-e4dc5269b749,XP,False)" computerName="DKSR-EFI-06" duration="00:00:00.0000543" startTime="2024-01-09T15:45:42.0606689+01:00" endTime="2024-01-09T15:45:42.0606689+01:00" testType="13cdc9d9-ddb5-4fa4-a97d-d965ccfc6d4b" outcome="Passed" testListId="8c84fa94-04c1-424b-9868-57a2d4851a1d" relativeResultsDirectory="a8264eec-698b-42c5-bd53-1096be3fc6a2" />
    <UnitTestResult executionId="66e5a7d2-8cd3-4af5-bcf8-06390ba4282c" testId="481fd340-843a-082c-7388-67fb090ab51b" testName="Given_Nothing_When_GetPermittedeventsIsCalled_Then_ThePermittedEventsAreReturned" computerName="DKSR-EFI-06" duration="00:00:00.0060966" startTime="2024-01-09T15:45:41.8106690+01:00" endTime="2024-01-09T15:45:41.8106690+01:00" testType="13cdc9d9-ddb5-4fa4-a97d-d965ccfc6d4b" outcome="Passed" testListId="8c84fa94-04c1-424b-9868-57a2d4851a1d" relativeResultsDirectory="66e5a7d2-8cd3-4af5-bcf8-06390ba4282c" />
    <UnitTestResult executionId="9b901f2e-7056-4b55-b8c0-2c52b21fd680" testId="8c5476c8-0889-2d5c-d152-5f350961e078" testName="Given_EventWithNoStateGroup_When_ToExposedEvent_Then_StateIdisNull" computerName="DKSR-EFI-06" duration="00:00:00.1797020" startTime="2024-01-09T15:45:42.5450456+01:00" endTime="2024-01-09T15:45:42.7169223+01:00" testType="13cdc9d9-ddb5-4fa4-a97d-d965ccfc6d4b" outcome="Passed" testListId="8c84fa94-04c1-424b-9868-57a2d4851a1d" relativeResultsDirectory="9b901f2e-7056-4b55-b8c0-2c52b21fd680" />
    <UnitTestResult executionId="bb34879e-1d78-4e1f-8b3c-725fed355923" testId="4f2ad8a8-e34c-1bcc-8266-63f0740759e4" testName="Given_MessageHandlerIsCreatedAndClientValidated_When_AnAuthenticateCommandIsSent_Then_ItIsIgnoredAndAnErrorResponseIsReturned" computerName="DKSR-EFI-06" duration="00:00:00.3420864" startTime="2024-01-09T15:45:41.1700423+01:00" endTime="2024-01-09T15:45:41.5137945+01:00" testType="13cdc9d9-ddb5-4fa4-a97d-d965ccfc6d4b" outcome="Passed" testListId="8c84fa94-04c1-424b-9868-57a2d4851a1d" relativeResultsDirectory="bb34879e-1d78-4e1f-8b3c-725fed355923" />
    <UnitTestResult executionId="1b9dcfc6-cd84-44b3-ac85-3acde3ca521f" testId="6a45f7a3-f5ba-e515-01de-9cc940547205" testName="Given_Rules_IsSubscribedIsCalled_Then_IsSubscribedReturnsTheResult (4EF04DAE-3C18-4BAD-A730-42F6F293E700,Include,4EF04DAE-3C18-4BAD-A730-42F6F293E700,,,True)" computerName="DKSR-EFI-06" duration="00:00:00.0004961" startTime="2024-01-09T15:45:42.0762945+01:00" endTime="2024-01-09T15:45:42.0919239+01:00" testType="13cdc9d9-ddb5-4fa4-a97d-d965ccfc6d4b" outcome="Passed" testListId="8c84fa94-04c1-424b-9868-57a2d4851a1d" relativeResultsDirectory="1b9dcfc6-cd84-44b3-ac85-3acde3ca521f" />
    <UnitTestResult executionId="8ea7e673-bd71-489f-983a-516b899dd85a" testId="d9c383ec-2b9a-9077-f8dd-a7d50a9778d4" testName="Given_SubscriptionAdded_When_EventThatMatchesFilter_Then_IsSubscribedTrue" computerName="DKSR-EFI-06" duration="00:00:00.0067552" startTime="2024-01-09T15:45:42.0137915+01:00" endTime="2024-01-09T15:45:42.0294171+01:00" testType="13cdc9d9-ddb5-4fa4-a97d-d965ccfc6d4b" outcome="Passed" testListId="8c84fa94-04c1-424b-9868-57a2d4851a1d" relativeResultsDirectory="8ea7e673-bd71-489f-983a-516b899dd85a" />
    <UnitTestResult executionId="9b1e0f41-c934-4f45-9aa3-9d354f88f11d" testId="81f50e6f-4770-8131-f7a6-47556bddf81b" testName="Given_ExposedEventWithNoStateGroup_When_Deserilize_Then_StateAndStateIdAreNull" computerName="DKSR-EFI-06" duration="00:00:00.0058410" startTime="2024-01-09T15:45:42.8575478+01:00" endTime="2024-01-09T15:45:42.8575478+01:00" testType="13cdc9d9-ddb5-4fa4-a97d-d965ccfc6d4b" outcome="Passed" testListId="8c84fa94-04c1-424b-9868-57a2d4851a1d" relativeResultsDirectory="9b1e0f41-c934-4f45-9aa3-9d354f88f11d" />
    <UnitTestResult executionId="1012fd76-1c2c-45b4-8a3e-ecc1cff22344" testId="c3639fcf-9e7c-c54f-2d7d-59155cbd5a63" testName="Given_Event_When_ToExposedEvent_Then_ExposedEventCreatedCorrectly" computerName="DKSR-EFI-06" duration="00:00:00.1796839" startTime="2024-01-09T15:45:42.3262952+01:00" endTime="2024-01-09T15:45:42.5137976+01:00" testType="13cdc9d9-ddb5-4fa4-a97d-d965ccfc6d4b" outcome="Passed" testListId="8c84fa94-04c1-424b-9868-57a2d4851a1d" relativeResultsDirectory="1012fd76-1c2c-45b4-8a3e-ecc1cff22344" />
    <UnitTestResult executionId="116a14f8-060b-4b71-94c4-2220e3d467b6" testId="0bae87fb-b85d-97ff-1581-004ead8709b6" testName="Given_EssResumeSessionTimeoutSecondsKeyWithValueOverLimit_When_GetEssResumeSessionTimeoutSeconds_Then_MaxValueReturned" computerName="DKSR-EFI-06" duration="00:00:00.0001503" startTime="2024-01-09T15:43:10.5759799+01:00" endTime="2024-01-09T15:43:10.5759799+01:00" testType="13cdc9d9-ddb5-4fa4-a97d-d965ccfc6d4b" outcome="Passed" testListId="8c84fa94-04c1-424b-9868-57a2d4851a1d" relativeResultsDirectory="116a14f8-060b-4b71-94c4-2220e3d467b6" />
    <UnitTestResult executionId="88fcd906-6b8f-4928-b412-54fdc7de7ffb" testId="858b6940-6e6d-ff85-5ac6-612dad40475f" testName="Given_StatesHasBeenSet_When_GetCurrentState_Then_PermittedAndSubscribedStatesAreReturned" computerName="DKSR-EFI-06" duration="00:00:00.0048308" startTime="2024-01-09T15:43:12.3728569+01:00" endTime="2024-01-09T15:43:12.3728569+01:00" testType="13cdc9d9-ddb5-4fa4-a97d-d965ccfc6d4b" outcome="Passed" testListId="8c84fa94-04c1-424b-9868-57a2d4851a1d" relativeResultsDirectory="88fcd906-6b8f-4928-b412-54fdc7de7ffb" />
    <UnitTestResult executionId="17117e6a-547a-4dbf-b1dc-d773404822c5" testId="029f8264-8dd8-7c55-ccbc-cf1a4f568059" testName="Given_Nothing_When_AnyEvent_Then_IsSubscribedFalse" computerName="DKSR-EFI-06" duration="00:00:00.0016367" startTime="2024-01-09T15:45:41.9825448+01:00" endTime="2024-01-09T15:45:41.9825448+01:00" testType="13cdc9d9-ddb5-4fa4-a97d-d965ccfc6d4b" outcome="Passed" testListId="8c84fa94-04c1-424b-9868-57a2d4851a1d" relativeResultsDirectory="17117e6a-547a-4dbf-b1dc-d773404822c5" />
    <UnitTestResult executionId="cf52c256-e173-42de-9fc3-96d59b2d67bd" testId="2a6106eb-ba7e-b936-66dc-fc24c5b7718a" testName="Given_IncludeRuleWithExtendedKinds_When_IsSubscribedIsCalledWhereKindIsValid_Then_IsReturnsTheResult (088904a7-ee2d-4ab7-8fcc-25f1b462fd88,XP,False)" computerName="DKSR-EFI-06" duration="00:00:00.0001358" startTime="2024-01-09T15:45:42.0606689+01:00" endTime="2024-01-09T15:45:42.0606689+01:00" testType="13cdc9d9-ddb5-4fa4-a97d-d965ccfc6d4b" outcome="Passed" testListId="8c84fa94-04c1-424b-9868-57a2d4851a1d" relativeResultsDirectory="cf52c256-e173-42de-9fc3-96d59b2d67bd" />
    <UnitTestResult executionId="638e2169-77e5-41a0-8d05-2d55dd311e1f" testId="c148984c-ba7d-fc63-e1bc-c30e90767785" testName="Given_UserDoesNotHavePermission_When_GetPermittedEventsIsCalled_Than_EmptyListIsReturned" computerName="DKSR-EFI-06" duration="00:00:00.0038348" startTime="2024-01-09T15:45:41.8106690+01:00" endTime="2024-01-09T15:45:41.8262950+01:00" testType="13cdc9d9-ddb5-4fa4-a97d-d965ccfc6d4b" outcome="Passed" testListId="8c84fa94-04c1-424b-9868-57a2d4851a1d" relativeResultsDirectory="638e2169-77e5-41a0-8d05-2d55dd311e1f" />
    <UnitTestResult executionId="62a183d9-a9af-43cc-a58a-d8caf14c847a" testId="0dee0c57-2847-a3b6-19a4-a177a6eed981" testName="Given_IncludeRuleWithExtendedKinds_When_IsSubscribedIsCalledWhereKindIsValid_Then_IsReturnsTheResult (088904a7-ee2d-4ab7-8fcc-25f1b462fd88,XPCORS,True)" computerName="DKSR-EFI-06" duration="00:00:00.0163683" startTime="2024-01-09T15:45:42.0294171+01:00" endTime="2024-01-09T15:45:42.0606689+01:00" testType="13cdc9d9-ddb5-4fa4-a97d-d965ccfc6d4b" outcome="Passed" testListId="8c84fa94-04c1-424b-9868-57a2d4851a1d" relativeResultsDirectory="62a183d9-a9af-43cc-a58a-d8caf14c847a" />
    <UnitTestResult executionId="ff79e0fb-71f3-4c1c-9b53-b7f8f24d10fa" testId="fbf64ec8-d5f5-94f2-fc46-be7866b30797" testName="Given_ExposedEventWithNoStateGroup_When_SerializeObject_Then_StateAndStateIdNotPartOfJson" computerName="DKSR-EFI-06" duration="00:00:00.0109027" startTime="2024-01-09T15:45:42.8106700+01:00" endTime="2024-01-09T15:45:42.8262950+01:00" testType="13cdc9d9-ddb5-4fa4-a97d-d965ccfc6d4b" outcome="Passed" testListId="8c84fa94-04c1-424b-9868-57a2d4851a1d" relativeResultsDirectory="ff79e0fb-71f3-4c1c-9b53-b7f8f24d10fa" />
    <UnitTestResult executionId="52c8d7af-009e-4d08-a8c6-d1b8f2737abf" testId="6d2dccb8-c17b-4d0c-535c-5073418f2efb" testName="Given_Nothing_When_StateCacheIsDisposed_Then_ItUnsubscribesFromPusher" computerName="DKSR-EFI-06" duration="00:00:00.0013645" startTime="2024-01-09T15:45:41.9825448+01:00" endTime="2024-01-09T15:45:41.9825448+01:00" testType="13cdc9d9-ddb5-4fa4-a97d-d965ccfc6d4b" outcome="Passed" testListId="8c84fa94-04c1-424b-9868-57a2d4851a1d" relativeResultsDirectory="52c8d7af-009e-4d08-a8c6-d1b8f2737abf" />
    <UnitTestResult executionId="f73d42f5-a7c4-4b0d-b000-fe67e47aa36d" testId="328dd0e4-45d7-76b5-ca22-4814a8559100" testName="Given_Nothing_When_GetOrCreate_Then_ASessionIsCreated (5d791cdb-20c9-47d4-824e-8e02a82edb25)" computerName="DKSR-EFI-06" duration="00:00:00.0067203" startTime="2024-01-09T15:45:41.8575414+01:00" endTime="2024-01-09T15:45:41.8731699+01:00" testType="13cdc9d9-ddb5-4fa4-a97d-d965ccfc6d4b" outcome="Passed" testListId="8c84fa94-04c1-424b-9868-57a2d4851a1d" relativeResultsDirectory="f73d42f5-a7c4-4b0d-b000-fe67e47aa36d" />
    <UnitTestResult executionId="5aca3398-2328-4c95-b4be-600ad0fdefdc" testId="69130c48-6b47-0224-8842-3c1652c8f273" testName="Given_Nothing_When_SubscriptionAdded_Then_ASubscriptionIdIsReturned" computerName="DKSR-EFI-06" duration="00:00:00.0280778" startTime="2024-01-09T15:45:41.9825448+01:00" endTime="2024-01-09T15:45:42.0137915+01:00" testType="13cdc9d9-ddb5-4fa4-a97d-d965ccfc6d4b" outcome="Passed" testListId="8c84fa94-04c1-424b-9868-57a2d4851a1d" relativeResultsDirectory="5aca3398-2328-4c95-b4be-600ad0fdefdc" />
    <UnitTestResult executionId="faffd8af-17e1-4de4-b788-f16368d9b99f" testId="64a35114-0f6b-de9f-7921-a8ad4a25f43c" testName="Given_Nothing_When_EventIsReceivedEventPusher_Then_ItIsPushedFurtherIfSubScriberHasRightsAndHasSubscribed" computerName="DKSR-EFI-06" duration="00:00:00.0960744" startTime="2024-01-09T15:43:12.2322342+01:00" endTime="2024-01-09T15:43:12.3416072+01:00" testType="13cdc9d9-ddb5-4fa4-a97d-d965ccfc6d4b" outcome="Passed" testListId="8c84fa94-04c1-424b-9868-57a2d4851a1d" relativeResultsDirectory="faffd8af-17e1-4de4-b788-f16368d9b99f" />
    <UnitTestResult executionId="d4f1305e-93f1-4b36-a525-43beb2d03ec2" testId="72ea1e3a-e8ec-a352-2083-f5b0e29e730a" testName="Given_Nothing_When_PusherIsLocked_Then_EventsWillBeHeldBackUntilLockIsDisposed" computerName="DKSR-EFI-06" duration="00:00:00.0361840" startTime="2024-01-09T15:43:11.2791093+01:00" endTime="2024-01-09T15:43:11.3103566+01:00" testType="13cdc9d9-ddb5-4fa4-a97d-d965ccfc6d4b" outcome="Passed" testListId="8c84fa94-04c1-424b-9868-57a2d4851a1d" relativeResultsDirectory="d4f1305e-93f1-4b36-a525-43beb2d03ec2" />
    <UnitTestResult executionId="d46004ac-56a2-4778-afe2-9f302b1a7f12" testId="1222d351-f369-13e6-8a63-654c6658a8f7" testName="Given_RemoveSubscriptionCommand_When_Mapping_Then_AProperSubscriptionUpdateIsCreated" computerName="DKSR-EFI-06" duration="00:00:00.0008254" startTime="2024-01-09T15:45:42.3262952+01:00" endTime="2024-01-09T15:45:42.3262952+01:00" testType="13cdc9d9-ddb5-4fa4-a97d-d965ccfc6d4b" outcome="Passed" testListId="8c84fa94-04c1-424b-9868-57a2d4851a1d" relativeResultsDirectory="d46004ac-56a2-4778-afe2-9f302b1a7f12" />
    <UnitTestResult executionId="da0fc57a-4c26-413d-83cf-86666221f86d" testId="ff6f4675-f029-a53b-69f2-96a2c4d77823" testName="Given_TwoEventsUserHasPermisson_When_GetPermittedEventsIsCalled_Than_TwoEventsAreReturned" computerName="DKSR-EFI-06" duration="00:00:00.0110850" startTime="2024-01-09T15:45:41.8262950+01:00" endTime="2024-01-09T15:45:41.8262950+01:00" testType="13cdc9d9-ddb5-4fa4-a97d-d965ccfc6d4b" outcome="Passed" testListId="8c84fa94-04c1-424b-9868-57a2d4851a1d" relativeResultsDirectory="da0fc57a-4c26-413d-83cf-86666221f86d" />
    <UnitTestResult executionId="31b54b5d-02d2-419d-8131-e2d0e55c372b" testId="9936d8fc-36f2-1232-dd42-3fed3ed610cc" testName="Given_ResourceTypes_Then_ParseShouldReturnTheId (Cameras,5135BA21-F1DC-4321-806A-6CE2017343C0)" computerName="DKSR-EFI-06" duration="00:00:00.0000276" startTime="2024-01-09T15:45:42.9825455+01:00" endTime="2024-01-09T15:45:42.9825455+01:00" testType="13cdc9d9-ddb5-4fa4-a97d-d965ccfc6d4b" outcome="Passed" testListId="8c84fa94-04c1-424b-9868-57a2d4851a1d" relativeResultsDirectory="31b54b5d-02d2-419d-8131-e2d0e55c372b" />
    <UnitTestResult executionId="a1b5c4e1-9198-463a-8976-601b3306fc82" testId="9dba7c0f-4e59-e2da-a35f-46a781b5af00" testName="Given_BadlyFormedJson_When_Parsing_Then_400BadRequestResponseFatalError" computerName="DKSR-EFI-06" duration="00:00:00.0028057" startTime="2024-01-09T15:45:42.2950451+01:00" endTime="2024-01-09T15:45:42.2950451+01:00" testType="13cdc9d9-ddb5-4fa4-a97d-d965ccfc6d4b" outcome="Passed" testListId="8c84fa94-04c1-424b-9868-57a2d4851a1d" relativeResultsDirectory="a1b5c4e1-9198-463a-8976-601b3306fc82" />
    <UnitTestResult executionId="6f4a3c04-3d4f-4e2e-9114-adce61a7447f" testId="9d380471-420e-7575-73fb-7175773c02f0" testName="Given_SessionExists_When_StartSameSession_Then_SuccessExistingSessionReturned" computerName="DKSR-EFI-06" duration="00:00:00.0131990" startTime="2024-01-09T15:45:41.7637973+01:00" endTime="2024-01-09T15:45:41.7794190+01:00" testType="13cdc9d9-ddb5-4fa4-a97d-d965ccfc6d4b" outcome="Passed" testListId="8c84fa94-04c1-424b-9868-57a2d4851a1d" relativeResultsDirectory="6f4a3c04-3d4f-4e2e-9114-adce61a7447f" />
    <UnitTestResult executionId="cecc6282-b100-47bc-b6c4-a8109fb9f2ce" testId="123a39d1-1aad-86d2-5468-ddc7e7e8d908" testName="Given_ResourceTypes_Then_ParseShouldReturnTheId (RecordingServers,088904A7-EE2D-4AB7-8FCC-25F1B462FD88)" computerName="DKSR-EFI-06" duration="00:00:00.0000221" startTime="2024-01-09T15:45:42.9825455+01:00" endTime="2024-01-09T15:45:42.9825455+01:00" testType="13cdc9d9-ddb5-4fa4-a97d-d965ccfc6d4b" outcome="Passed" testListId="8c84fa94-04c1-424b-9868-57a2d4851a1d" relativeResultsDirectory="cecc6282-b100-47bc-b6c4-a8109fb9f2ce" />
    <UnitTestResult executionId="07e8979d-f515-4543-b94d-993cc450a692" testId="89525102-93d9-a18e-34ec-ef1caa7ba7f0" testName="Given_IncludeRuleWithWildCard_When_IsSubscribedIsCalled_Then_IsSubscribedIsTrue" computerName="DKSR-EFI-06" duration="00:00:00.0017017" startTime="2024-01-09T15:45:42.0294171+01:00" endTime="2024-01-09T15:45:42.0294171+01:00" testType="13cdc9d9-ddb5-4fa4-a97d-d965ccfc6d4b" outcome="Passed" testListId="8c84fa94-04c1-424b-9868-57a2d4851a1d" relativeResultsDirectory="07e8979d-f515-4543-b94d-993cc450a692" />
    <UnitTestResult executionId="8d77c0d5-9163-4b55-a7f1-94b308d255c3" testId="e56d644f-ad5a-07c3-07ab-689fae3f0416" testName="Given_EventsAreAdded_When_GetRecentEvents_Then_EventsAreHandedOut" computerName="DKSR-EFI-06" duration="00:00:00.2054465" startTime="2024-01-09T15:43:11.3103566+01:00" endTime="2024-01-09T15:43:11.5291051+01:00" testType="13cdc9d9-ddb5-4fa4-a97d-d965ccfc6d4b" outcome="Passed" testListId="8c84fa94-04c1-424b-9868-57a2d4851a1d" relativeResultsDirectory="8d77c0d5-9163-4b55-a7f1-94b308d255c3" />
    <UnitTestResult executionId="1f9afd10-6c11-4225-9f82-5d8bf18d566e" testId="c320cab3-a834-5d65-ec05-fa4802ad3ca0" testName="Given_InactiveSessionExistsSameUserDifferentObject_When_GetOrCreate_Then_ExistsingSessionReturned" computerName="DKSR-EFI-06" duration="00:00:00.0076076" startTime="2024-01-09T15:45:41.9512925+01:00" endTime="2024-01-09T15:45:41.9512925+01:00" testType="13cdc9d9-ddb5-4fa4-a97d-d965ccfc6d4b" outcome="Passed" testListId="8c84fa94-04c1-424b-9868-57a2d4851a1d" relativeResultsDirectory="1f9afd10-6c11-4225-9f82-5d8bf18d566e" />
    <UnitTestResult executionId="55f61c4b-01bd-497f-97a5-58da0e0d9830" testId="3d4b9a3d-89d4-b2fd-70dd-2497dc4dbb19" testName="Given_ParamsAndValuesForEssConnectAuthorizationTimeoutSeconds_When_GetEssConnectAuthorizationTimeoutSeconds_Then_ExpectedIsReturned (SomeOtherKey,10,5)" computerName="DKSR-EFI-06" duration="00:00:00.0000166" startTime="2024-01-09T15:43:10.6541047+01:00" endTime="2024-01-09T15:43:10.6541047+01:00" testType="13cdc9d9-ddb5-4fa4-a97d-d965ccfc6d4b" outcome="Passed" testListId="8c84fa94-04c1-424b-9868-57a2d4851a1d" relativeResultsDirectory="55f61c4b-01bd-497f-97a5-58da0e0d9830" />
    <UnitTestResult executionId="43da47a7-89dd-4ab1-984c-53eb14981c5e" testId="e12d47e8-52e8-1587-c267-c57ea84bfbac" testName="Given_MultipleEventSubPushersAreSubScribedTo_When_AnyOfThePuhsersPushesAnEvent_Then_TheEventIsforwarded" computerName="DKSR-EFI-06" duration="00:00:00.6107852" startTime="2024-01-09T15:43:10.6541047+01:00" endTime="2024-01-09T15:43:11.2634797+01:00" testType="13cdc9d9-ddb5-4fa4-a97d-d965ccfc6d4b" outcome="Passed" testListId="8c84fa94-04c1-424b-9868-57a2d4851a1d" relativeResultsDirectory="43da47a7-89dd-4ab1-984c-53eb14981c5e" />
    <UnitTestResult executionId="bf14fbc6-526e-4e75-9309-153e05cbc1a2" testId="84c212d2-0ca6-f915-5c13-c2835aa4f740" testName="Given_EventWithEventTypeNull_When_ToExposedEvent_Then_ReturnNull" computerName="DKSR-EFI-06" duration="00:00:00.0021589" startTime="2024-01-09T15:45:42.9356699+01:00" endTime="2024-01-09T15:45:42.9512927+01:00" testType="13cdc9d9-ddb5-4fa4-a97d-d965ccfc6d4b" outcome="Passed" testListId="8c84fa94-04c1-424b-9868-57a2d4851a1d" relativeResultsDirectory="bf14fbc6-526e-4e75-9309-153e05cbc1a2" />
    <UnitTestResult executionId="92d2c850-286c-4783-a722-906dfe8fbe13" testId="f759bd97-980f-b14d-c0d8-3d20ffae820c" testName="Given_EventsInCacheAfterWaitingForEvents_When_ResumingFromExistingEvent_Then_GetRecentEventsReturnsCachedEvents" computerName="DKSR-EFI-06" duration="00:00:00.0040511" startTime="2024-01-09T15:43:11.9041084+01:00" endTime="2024-01-09T15:43:11.9212596+01:00" testType="13cdc9d9-ddb5-4fa4-a97d-d965ccfc6d4b" outcome="Passed" testListId="8c84fa94-04c1-424b-9868-57a2d4851a1d" relativeResultsDirectory="92d2c850-286c-4783-a722-906dfe8fbe13" />
    <UnitTestResult executionId="739305ce-c69b-4605-bc30-94eecd6bd750" testId="d33dd4f9-42d2-ba54-a613-8ae309125d7c" testName="Given_UserIsNull_When_GetPermittedEventsIsCalled_Than_AllEventsAreReturned" computerName="DKSR-EFI-06" duration="00:00:00.0022152" startTime="2024-01-09T15:45:41.8106690+01:00" endTime="2024-01-09T15:45:41.8106690+01:00" testType="13cdc9d9-ddb5-4fa4-a97d-d965ccfc6d4b" outcome="Passed" testListId="8c84fa94-04c1-424b-9868-57a2d4851a1d" relativeResultsDirectory="739305ce-c69b-4605-bc30-94eecd6bd750" />
    <UnitTestResult executionId="f3cc6b67-2700-44d9-a03d-4530079c83f3" testId="56804e2f-7b1e-7bf6-17ba-4d7f0f88e41f" testName="Given_StatefulEventsAreSent_WhenGetCurrentState_Then_EventsAndStateResponseIsSendInCorrectOrder" computerName="DKSR-EFI-06" duration="00:02:28.2099740" startTime="2024-01-09T15:43:12.5447325+01:00" endTime="2024-01-09T15:45:40.7481680+01:00" testType="13cdc9d9-ddb5-4fa4-a97d-d965ccfc6d4b" outcome="Passed" testListId="8c84fa94-04c1-424b-9868-57a2d4851a1d" relativeResultsDirectory="f3cc6b67-2700-44d9-a03d-4530079c83f3">
      <Output>
        <StdOut>No of iterations = 482, No of events = 4537921</StdOut>
      </Output>
    </UnitTestResult>
    <UnitTestResult executionId="a49e1f88-8b36-45d3-8841-8bb2fb703bc1" testId="574b2f8f-cafd-7669-fb7d-d3336a80f13a" testName="Given_Rules_IsSubscribedIsCalled_Then_IsSubscribedReturnsTheResult (4EF04DAE-3C18-4BAD-A730-42F6F293E700,Include,,4EF04DAE-3C18-4BAD-A730-42F6F293E700,,True)" computerName="DKSR-EFI-06" duration="00:00:00.0002667" startTime="2024-01-09T15:45:42.0919239+01:00" endTime="2024-01-09T15:45:42.0919239+01:00" testType="13cdc9d9-ddb5-4fa4-a97d-d965ccfc6d4b" outcome="Passed" testListId="8c84fa94-04c1-424b-9868-57a2d4851a1d" relativeResultsDirectory="a49e1f88-8b36-45d3-8841-8bb2fb703bc1" />
    <UnitTestResult executionId="ced3b74d-222e-4cb7-a2ab-4641681e6587" testId="7a3188fe-d9d4-6d4d-0426-af1256cedb5c" testName="Given_SessionExistsAndStatfullEventPushed_When_GetCurrentState_Then_StateReturendOnce" computerName="DKSR-EFI-06" duration="00:00:00.0258975" startTime="2024-01-09T15:45:41.7794190+01:00" endTime="2024-01-09T15:45:41.8106690+01:00" testType="13cdc9d9-ddb5-4fa4-a97d-d965ccfc6d4b" outcome="Passed" testListId="8c84fa94-04c1-424b-9868-57a2d4851a1d" relativeResultsDirectory="ced3b74d-222e-4cb7-a2ab-4641681e6587" />
    <UnitTestResult executionId="814b29d4-4fe5-4e61-8ee2-63ae6f56dc28" testId="6b5e001c-372d-3984-9439-6b6573e7f51e" testName="Given_SubscriptionDoesNotExist_When_AttemptToRemove_Then_AnErrorIsReturned" computerName="DKSR-EFI-06" duration="00:00:00.0029905" startTime="2024-01-09T15:45:42.0294171+01:00" endTime="2024-01-09T15:45:42.0294171+01:00" testType="13cdc9d9-ddb5-4fa4-a97d-d965ccfc6d4b" outcome="Passed" testListId="8c84fa94-04c1-424b-9868-57a2d4851a1d" relativeResultsDirectory="814b29d4-4fe5-4e61-8ee2-63ae6f56dc28" />
    <UnitTestResult executionId="a40bf874-f842-4df4-bf2b-dcc81f713d49" testId="bf839169-2f4f-26db-25a1-60776c691c5e" testName="Given_Rules_IsSubscribedIsCalled_Then_IsSubscribedReturnsTheResult (D0D2FE84-1C92-44C5-9EE3-AFCEA6415F30,Include,4EF04DAE-3C18-4BAD-A730-42F6F293E700,,,False)" computerName="DKSR-EFI-06" duration="00:00:00.0002510" startTime="2024-01-09T15:45:42.0919239+01:00" endTime="2024-01-09T15:45:42.0919239+01:00" testType="13cdc9d9-ddb5-4fa4-a97d-d965ccfc6d4b" outcome="Passed" testListId="8c84fa94-04c1-424b-9868-57a2d4851a1d" relativeResultsDirectory="a40bf874-f842-4df4-bf2b-dcc81f713d49" />
    <UnitTestResult executionId="87adbecd-5518-442b-acce-e511b58abb2b" testId="329b8388-0c3e-b165-4696-a2bcdcd89b43" testName="Given_StartSessionWithoutSessionId_When_Parsing_Then_CommandIsReturned" computerName="DKSR-EFI-06" duration="00:00:00.0029465" startTime="2024-01-09T15:45:42.9981678+01:00" endTime="2024-01-09T15:45:42.9981678+01:00" testType="13cdc9d9-ddb5-4fa4-a97d-d965ccfc6d4b" outcome="Passed" testListId="8c84fa94-04c1-424b-9868-57a2d4851a1d" relativeResultsDirectory="87adbecd-5518-442b-acce-e511b58abb2b" />
    <UnitTestResult executionId="38f0be4e-7a31-4821-98ae-292d31b26c00" testId="b47c2cfd-a74b-c954-bd88-3779258e52fd" testName="Given_Rules_IsSubscribedIsCalled_Then_IsSubscribedReturnsTheResult (D0D2FE84-1C92-44C5-9EE3-AFCEA6415F30,Exclude,,,4EF04DAE-3C18-4BAD-A730-42F6F293E700,True)" computerName="DKSR-EFI-06" duration="00:00:00.0002572" startTime="2024-01-09T15:45:42.0919239+01:00" endTime="2024-01-09T15:45:42.0919239+01:00" testType="13cdc9d9-ddb5-4fa4-a97d-d965ccfc6d4b" outcome="Passed" testListId="8c84fa94-04c1-424b-9868-57a2d4851a1d" relativeResultsDirectory="38f0be4e-7a31-4821-98ae-292d31b26c00" />
    <UnitTestResult executionId="0d8e6ac9-f5e5-45a8-ac26-b13a8bba4ffa" testId="39426936-1308-2dfd-d59b-bffdf5f4c70e" testName="Given_InactiveSessionExistsWithDifferentUser_When_GetOrCreate_Then_NewSessionIsCreated" computerName="DKSR-EFI-06" duration="00:00:00.0059308" startTime="2024-01-09T15:45:41.9356676+01:00" endTime="2024-01-09T15:45:41.9356676+01:00" testType="13cdc9d9-ddb5-4fa4-a97d-d965ccfc6d4b" outcome="Passed" testListId="8c84fa94-04c1-424b-9868-57a2d4851a1d" relativeResultsDirectory="0d8e6ac9-f5e5-45a8-ac26-b13a8bba4ffa" />
    <UnitTestResult executionId="0205cd83-d369-4f5c-a4c8-6297f6ff0c62" testId="88e04dae-20a6-c7a1-b98d-f318be8516ad" testName="Given_EventsAreAdded_When_AddingAdditionalGetRecentEvents_Then_AllAddedEventsAreReturnedInCorrectOrder" computerName="DKSR-EFI-06" duration="00:00:00.0045336" startTime="2024-01-09T15:43:11.6545139+01:00" endTime="2024-01-09T15:43:11.6545139+01:00" testType="13cdc9d9-ddb5-4fa4-a97d-d965ccfc6d4b" outcome="Passed" testListId="8c84fa94-04c1-424b-9868-57a2d4851a1d" relativeResultsDirectory="0205cd83-d369-4f5c-a4c8-6297f6ff0c62" />
    <UnitTestResult executionId="f7366969-d869-46cd-b7b7-9cac5e24b086" testId="c742fc73-325e-9428-9ee7-73ee2741e439" testName="Given_EventReceiverIsSet_When_NewEventInEventCache_Then_EventIsSentToEventReceiver" computerName="DKSR-EFI-06" duration="00:00:00.0583643" startTime="2024-01-09T15:43:12.3728569+01:00" endTime="2024-01-09T15:43:12.4353592+01:00" testType="13cdc9d9-ddb5-4fa4-a97d-d965ccfc6d4b" outcome="Passed" testListId="8c84fa94-04c1-424b-9868-57a2d4851a1d" relativeResultsDirectory="f7366969-d869-46cd-b7b7-9cac5e24b086" />
    <UnitTestResult executionId="a447290c-9e85-474c-868d-fd085fa36193" testId="fa8c76aa-9af9-704a-4fa8-d3eee8da1a14" testName="Given_EventsMessage_When_DeserilizeFromJson_Then_Succed" computerName="DKSR-EFI-06" duration="00:00:00.0363353" startTime="2024-01-09T15:45:42.8262950+01:00" endTime="2024-01-09T15:45:42.8575478+01:00" testType="13cdc9d9-ddb5-4fa4-a97d-d965ccfc6d4b" outcome="Passed" testListId="8c84fa94-04c1-424b-9868-57a2d4851a1d" relativeResultsDirectory="a447290c-9e85-474c-868d-fd085fa36193" />
    <UnitTestResult executionId="d6b4332b-7344-4581-8508-1218c50151db" testId="1eee4f33-92b7-9018-6165-a17963f5aa42" testName="Given_SessionExistsAndIsInactive_When_GetOrCreate_Then_SessionIsReturned" computerName="DKSR-EFI-06" duration="00:00:00.0109912" startTime="2024-01-09T15:45:41.8731699+01:00" endTime="2024-01-09T15:45:41.8731699+01:00" testType="13cdc9d9-ddb5-4fa4-a97d-d965ccfc6d4b" outcome="Passed" testListId="8c84fa94-04c1-424b-9868-57a2d4851a1d" relativeResultsDirectory="d6b4332b-7344-4581-8508-1218c50151db" />
    <UnitTestResult executionId="1ce9361d-36c8-454a-ad83-dc9931d65aa0" testId="6f664609-7f00-6a0e-a61d-edaf8aad34b5" testName="Given_Rules_IsSubscribedStateIsCalled_Then_IsSubscribedReturnsTheResult (ABBBB6C3-DFBD-4439-86F3-DC71C5BB39A1,Include,15C28E95-285D-47F7-95E2-976DEC10D2D4,False)" computerName="DKSR-EFI-06" duration="00:00:00.0003542" startTime="2024-01-09T15:45:42.1075456+01:00" endTime="2024-01-09T15:45:42.1075456+01:00" testType="13cdc9d9-ddb5-4fa4-a97d-d965ccfc6d4b" outcome="Passed" testListId="8c84fa94-04c1-424b-9868-57a2d4851a1d" relativeResultsDirectory="1ce9361d-36c8-454a-ad83-dc9931d65aa0" />
    <UnitTestResult executionId="b75500ea-df54-47f2-a01b-8d3c28723b67" testId="6c10c340-c807-5df9-dc18-9315a1b42c3e" testName="Given_Nothing_When_GetRecentEvent_Then_CallHangsUntillCancelled" computerName="DKSR-EFI-06" duration="00:00:00.0254443" startTime="2024-01-09T15:43:11.6072323+01:00" endTime="2024-01-09T15:43:11.6228557+01:00" testType="13cdc9d9-ddb5-4fa4-a97d-d965ccfc6d4b" outcome="Passed" testListId="8c84fa94-04c1-424b-9868-57a2d4851a1d" relativeResultsDirectory="b75500ea-df54-47f2-a01b-8d3c28723b67" />
    <UnitTestResult executionId="dc6e0697-0091-44dd-9798-28ba09175853" testId="29e8a8c3-6cb3-9ed6-377b-a865e9932129" testName="Given_MessageHandlerIsCreated_When_ValidateIsCalledWithoutAuthorizationHeader_Then_StatusIsSuccessAndDisconnectRequestIsCalledAfterTimeout" computerName="DKSR-EFI-06" startTime="2024-01-09T15:45:41.1231690+01:00" endTime="2024-01-09T15:45:41.1231690+01:00" testType="13cdc9d9-ddb5-4fa4-a97d-d965ccfc6d4b" outcome="NotExecuted" testListId="8c84fa94-04c1-424b-9868-57a2d4851a1d" relativeResultsDirectory="dc6e0697-0091-44dd-9798-28ba09175853">
      <Output></Output>
    </UnitTestResult>
    <UnitTestResult executionId="6623c8a3-aeb8-470b-992d-938d13a22245" testId="1dd525cf-618e-0666-32f8-2dda2373e5b3" testName="Given_ExposedEvent_When_Serialize_Then_TheEntireAllAttributeNamesAreLowercase_a_z_OrDigit_0_9" computerName="DKSR-EFI-06" duration="00:00:00.0127204" startTime="2024-01-09T15:45:42.8575478+01:00" endTime="2024-01-09T15:45:42.8731679+01:00" testType="13cdc9d9-ddb5-4fa4-a97d-d965ccfc6d4b" outcome="Passed" testListId="8c84fa94-04c1-424b-9868-57a2d4851a1d" relativeResultsDirectory="6623c8a3-aeb8-470b-992d-938d13a22245" />
    <UnitTestResult executionId="37d5d439-b686-4095-9d26-4644f1734d80" testId="e2d72b73-0696-090f-8c01-3546d7e28db3" testName="Given_Nothing_When_UserSidIsGuid_Then_TypeIsBasicUser" computerName="DKSR-EFI-06" duration="00:00:00.0041611" startTime="2024-01-09T15:45:42.1075456+01:00" endTime="2024-01-09T15:45:42.1075456+01:00" testType="13cdc9d9-ddb5-4fa4-a97d-d965ccfc6d4b" outcome="Passed" testListId="8c84fa94-04c1-424b-9868-57a2d4851a1d" relativeResultsDirectory="37d5d439-b686-4095-9d26-4644f1734d80" />
    <UnitTestResult executionId="dc67ea76-d9a7-463e-8855-aed5131b8003" testId="68f0ec07-d246-9cc5-1f3b-2ca2b959446a" testName="Given_EventsInCacheRecentEvents_When_ResumingFromExistingEvent_Then_GetRecentEventsReturnsResumedEventsAndRecentEvents" computerName="DKSR-EFI-06" duration="00:00:00.0025716" startTime="2024-01-09T15:43:11.9041084+01:00" endTime="2024-01-09T15:43:11.9041084+01:00" testType="13cdc9d9-ddb5-4fa4-a97d-d965ccfc6d4b" outcome="Passed" testListId="8c84fa94-04c1-424b-9868-57a2d4851a1d" relativeResultsDirectory="dc67ea76-d9a7-463e-8855-aed5131b8003" />
    <UnitTestResult executionId="74173849-01f1-4a3a-821b-4c20880193d9" testId="eeb5ac1e-1bb9-1820-7491-a59f060b4245" testName="Given_Nothing_When_UserSidIsInvalidSid_Then_UnknownIdentityType" computerName="DKSR-EFI-06" duration="00:00:00.0012069" startTime="2024-01-09T15:45:42.1075456+01:00" endTime="2024-01-09T15:45:42.1075456+01:00" testType="13cdc9d9-ddb5-4fa4-a97d-d965ccfc6d4b" outcome="Passed" testListId="8c84fa94-04c1-424b-9868-57a2d4851a1d" relativeResultsDirectory="74173849-01f1-4a3a-821b-4c20880193d9" />
    <UnitTestResult executionId="5780ac12-1380-43c7-80a5-6dae9735eca5" testId="2fb60441-b8ca-a1cd-4ec5-1ef5fd42e809" testName="Given_ResumeSession_When_Mapping_Then_ASessionIdIsGuidEventIdIsDefault" computerName="DKSR-EFI-06" duration="00:00:00.0005251" startTime="2024-01-09T15:45:42.9981678+01:00" endTime="2024-01-09T15:45:42.9981678+01:00" testType="13cdc9d9-ddb5-4fa4-a97d-d965ccfc6d4b" outcome="Passed" testListId="8c84fa94-04c1-424b-9868-57a2d4851a1d" relativeResultsDirectory="5780ac12-1380-43c7-80a5-6dae9735eca5" />
    <UnitTestResult executionId="0b0744d7-a3af-4c47-9f56-56d1a368ac38" testId="da78fd54-9ea2-6def-aa74-165cbef3b64c" testName="Given_UnknownResourceType_Then_ExceptionIsThrown" computerName="DKSR-EFI-06" duration="00:00:00.0007180" startTime="2024-01-09T15:45:42.9825455+01:00" endTime="2024-01-09T15:45:42.9825455+01:00" testType="13cdc9d9-ddb5-4fa4-a97d-d965ccfc6d4b" outcome="Passed" testListId="8c84fa94-04c1-424b-9868-57a2d4851a1d" relativeResultsDirectory="0b0744d7-a3af-4c47-9f56-56d1a368ac38" />
    <UnitTestResult executionId="dfe48335-e1ba-4d2b-a127-b219936d3916" testId="f0782b82-1d51-d793-bf43-0576cd5997bc" testName="Given_MissingSpecifier_When_Parsing_Then_400BadRequestInvalidArgumentsReturned" computerName="DKSR-EFI-06" duration="00:00:00.0026016" startTime="2024-01-09T15:45:42.2794220+01:00" endTime="2024-01-09T15:45:42.2794220+01:00" testType="13cdc9d9-ddb5-4fa4-a97d-d965ccfc6d4b" outcome="Passed" testListId="8c84fa94-04c1-424b-9868-57a2d4851a1d" relativeResultsDirectory="dfe48335-e1ba-4d2b-a127-b219936d3916" />
    <UnitTestResult executionId="0a98110c-6466-4c3c-b243-4a4d71d29b88" testId="c22f1937-927d-4816-d5ab-1a0baaf000a8" testName="Given_ParamsAndValuesForEssConnectAuthorizationTimeoutSeconds_When_GetEssConnectAuthorizationTimeoutSeconds_Then_ExpectedIsReturned (EssConnectAuthorizationTimeout,-1,5)" computerName="DKSR-EFI-06" duration="00:00:00.0000134" startTime="2024-01-09T15:43:10.6541047+01:00" endTime="2024-01-09T15:43:10.6541047+01:00" testType="13cdc9d9-ddb5-4fa4-a97d-d965ccfc6d4b" outcome="Passed" testListId="8c84fa94-04c1-424b-9868-57a2d4851a1d" relativeResultsDirectory="0a98110c-6466-4c3c-b243-4a4d71d29b88" />
    <UnitTestResult executionId="ecbb8ca3-6fd1-4217-93bb-e03e5a2de96e" testId="81aa6ddd-6b6e-20cb-fe97-9fe4af4ac5e9" testName="Given_Rules_IsSubscribedIsCalled_Then_IsSubscribedReturnsTheResult (D0D2FE84-1C92-44C5-9EE3-AFCEA6415F30,Include,,4EF04DAE-3C18-4BAD-A730-42F6F293E700,,False)" computerName="DKSR-EFI-06" duration="00:00:00.0002649" startTime="2024-01-09T15:45:42.0919239+01:00" endTime="2024-01-09T15:45:42.0919239+01:00" testType="13cdc9d9-ddb5-4fa4-a97d-d965ccfc6d4b" outcome="Passed" testListId="8c84fa94-04c1-424b-9868-57a2d4851a1d" relativeResultsDirectory="ecbb8ca3-6fd1-4217-93bb-e03e5a2de96e" />
    <UnitTestResult executionId="41cb7da6-ebc9-4690-82d9-448a4254e017" testId="14d607be-ff13-1e7d-d02b-70da6282f27b" testName="Given_SubscriptionIdEmptyGuid_When_Parsing_Then_400BadRequestInvalidArgumentsReturned" computerName="DKSR-EFI-06" duration="00:00:00.0004355" startTime="2024-01-09T15:45:42.9512927+01:00" endTime="2024-01-09T15:45:42.9669228+01:00" testType="13cdc9d9-ddb5-4fa4-a97d-d965ccfc6d4b" outcome="Passed" testListId="8c84fa94-04c1-424b-9868-57a2d4851a1d" relativeResultsDirectory="41cb7da6-ebc9-4690-82d9-448a4254e017" />
    <UnitTestResult executionId="85cdd6d7-aaf9-4ae9-98f4-2dcc0c9e1fc4" testId="ee9912fe-3dec-29df-42d4-ddd55644b5cf" testName="Given_Rules_IsSubscribedIsCalled_Then_IsSubscribedReturnsTheResult (4EF04DAE-3C18-4BAD-A730-42F6F293E700,Include,,,4EF04DAE-3C18-4BAD-A730-42F6F293E700,True)" computerName="DKSR-EFI-06" duration="00:00:00.0002426" startTime="2024-01-09T15:45:42.0919239+01:00" endTime="2024-01-09T15:45:42.0919239+01:00" testType="13cdc9d9-ddb5-4fa4-a97d-d965ccfc6d4b" outcome="Passed" testListId="8c84fa94-04c1-424b-9868-57a2d4851a1d" relativeResultsDirectory="85cdd6d7-aaf9-4ae9-98f4-2dcc0c9e1fc4" />
    <UnitTestResult executionId="5515dc85-bfc0-4303-9b53-7631d4ea5b7e" testId="df99e538-fcef-3d36-1047-c53e9aa2bfe4" testName="Given_EventsAreAdded_When_GetRecentEventsTwice_Then_CallAreHangingAtSecondCall" computerName="DKSR-EFI-06" duration="00:00:00.0214493" startTime="2024-01-09T15:43:11.6228557+01:00" endTime="2024-01-09T15:43:11.6545139+01:00" testType="13cdc9d9-ddb5-4fa4-a97d-d965ccfc6d4b" outcome="Passed" testListId="8c84fa94-04c1-424b-9868-57a2d4851a1d" relativeResultsDirectory="5515dc85-bfc0-4303-9b53-7631d4ea5b7e" />
    <UnitTestResult executionId="7d1ad293-7f88-42d2-a913-a57eda44e162" testId="9a7b0de5-dbb0-3a2f-ee11-fc9ab5bbeded" testName="Given_StartSessionWithInvalidSessionId_When_Parsing_Then_ErrorIsReturned" computerName="DKSR-EFI-06" duration="00:00:00.0003337" startTime="2024-01-09T15:45:42.9981678+01:00" endTime="2024-01-09T15:45:42.9981678+01:00" testType="13cdc9d9-ddb5-4fa4-a97d-d965ccfc6d4b" outcome="Passed" testListId="8c84fa94-04c1-424b-9868-57a2d4851a1d" relativeResultsDirectory="7d1ad293-7f88-42d2-a913-a57eda44e162" />
    <UnitTestResult executionId="6b27b61b-ebc5-4208-b6bc-48d5479e0f51" testId="ac5a3b6c-8792-acd8-e85e-8cc8e5d22d05" testName="Given_SubscriptionIdNotValidGuid_When_Parsing_Then_400BadRequestInvalidArgumentsReturned" computerName="DKSR-EFI-06" duration="00:00:00.0109300" startTime="2024-01-09T15:45:42.9512927+01:00" endTime="2024-01-09T15:45:42.9512927+01:00" testType="13cdc9d9-ddb5-4fa4-a97d-d965ccfc6d4b" outcome="Passed" testListId="8c84fa94-04c1-424b-9868-57a2d4851a1d" relativeResultsDirectory="6b27b61b-ebc5-4208-b6bc-48d5479e0f51" />
    <UnitTestResult executionId="6f491012-2715-4fe6-8cf6-4d952d534fb2" testId="1fd5f302-597b-bfea-c23e-2f2cea94c1d3" testName="Given_AddSubscriptionCommand_When_Mapping_WithIllegalResourceType_StatusCodeIsNotOk" computerName="DKSR-EFI-06" duration="00:00:00.0025288" startTime="2024-01-09T15:45:42.3262952+01:00" endTime="2024-01-09T15:45:42.3262952+01:00" testType="13cdc9d9-ddb5-4fa4-a97d-d965ccfc6d4b" outcome="Passed" testListId="8c84fa94-04c1-424b-9868-57a2d4851a1d" relativeResultsDirectory="6f491012-2715-4fe6-8cf6-4d952d534fb2" />
    <UnitTestResult executionId="5eaf9902-6751-4ca2-a7c0-e74f9604b18b" testId="b5c0a1fd-aa2b-5442-fd8a-3074032b4f13" testName="Given_StartSessionWithSessionId_When_Parsing_Then_CommandIsReturned" computerName="DKSR-EFI-06" duration="00:00:00.0004620" startTime="2024-01-09T15:45:42.9981678+01:00" endTime="2024-01-09T15:45:42.9981678+01:00" testType="13cdc9d9-ddb5-4fa4-a97d-d965ccfc6d4b" outcome="Passed" testListId="8c84fa94-04c1-424b-9868-57a2d4851a1d" relativeResultsDirectory="5eaf9902-6751-4ca2-a7c0-e74f9604b18b" />
    <UnitTestResult executionId="b0e10b25-3aa2-48c3-9714-e7fc392fdf70" testId="5971eedf-4f4e-1851-ad1a-a1d18c644a21" testName="Given_Nothing_When_GetRecentEvent_Then_CallHangsUntillEventsAreAdded" computerName="DKSR-EFI-06" duration="00:00:00.0691104" startTime="2024-01-09T15:43:11.5291051+01:00" endTime="2024-01-09T15:43:11.6072323+01:00" testType="13cdc9d9-ddb5-4fa4-a97d-d965ccfc6d4b" outcome="Passed" testListId="8c84fa94-04c1-424b-9868-57a2d4851a1d" relativeResultsDirectory="b0e10b25-3aa2-48c3-9714-e7fc392fdf70" />
    <UnitTestResult executionId="7a6826cd-e22d-4199-b207-026f23c13ba2" testId="585e800b-5018-9338-1c12-fccb1555134d" testName="Given_EventEngineSubscribesToPusher_When_EventEngineIsDisposed_Then_ItUnsubscribesFromPusher" computerName="DKSR-EFI-06" duration="00:00:00.0345107" startTime="2024-01-09T15:43:12.3416072+01:00" endTime="2024-01-09T15:43:12.3728569+01:00" testType="13cdc9d9-ddb5-4fa4-a97d-d965ccfc6d4b" outcome="Passed" testListId="8c84fa94-04c1-424b-9868-57a2d4851a1d" relativeResultsDirectory="7a6826cd-e22d-4199-b207-026f23c13ba2" />
    <UnitTestResult executionId="d6e0d895-5064-4363-b6f4-fb3b334d2982" testId="a4d04c57-a507-2cbe-786f-98ded8dc3ed2" testName="Given_MessageHandlerIsCreated_When_ValidateIsCalledWithoutAuthorizationHeaderAndAuthorizationCommandSentWithinTimeout_Then_NoDisconnectIsRequestedAfterTimeout" computerName="DKSR-EFI-06" startTime="2024-01-09T15:45:41.1231690+01:00" endTime="2024-01-09T15:45:41.1231690+01:00" testType="13cdc9d9-ddb5-4fa4-a97d-d965ccfc6d4b" outcome="NotExecuted" testListId="8c84fa94-04c1-424b-9868-57a2d4851a1d" relativeResultsDirectory="d6e0d895-5064-4363-b6f4-fb3b334d2982">
      <Output></Output>
    </UnitTestResult>
    <UnitTestResult executionId="82542574-fde1-4259-a573-e759b6cf1e2e" testId="f470f3be-cbb4-4884-ce73-3815b9db8202" testName="Given_Nothing_When_CallingCreateOnTheMessageHandlerFactory_Then_AMessagehandlerIsCreated" computerName="DKSR-EFI-06" duration="00:00:00.2558014" startTime="2024-01-09T15:45:40.7481680+01:00" endTime="2024-01-09T15:45:41.0137918+01:00" testType="13cdc9d9-ddb5-4fa4-a97d-d965ccfc6d4b" outcome="Passed" testListId="8c84fa94-04c1-424b-9868-57a2d4851a1d" relativeResultsDirectory="82542574-fde1-4259-a573-e759b6cf1e2e" />
    <UnitTestResult executionId="da3239ca-ad2a-4f34-ae91-f24a74378f25" testId="4d88f499-64c4-cc5c-d594-ad7b8c2afd74" testName="Given_NoCommandId_When_Parsing_Then_400BadRequestResponseFatalError" computerName="DKSR-EFI-06" duration="00:00:00.0003835" startTime="2024-01-09T15:45:42.2950451+01:00" endTime="2024-01-09T15:45:42.2950451+01:00" testType="13cdc9d9-ddb5-4fa4-a97d-d965ccfc6d4b" outcome="Passed" testListId="8c84fa94-04c1-424b-9868-57a2d4851a1d" relativeResultsDirectory="da3239ca-ad2a-4f34-ae91-f24a74378f25" />
    <UnitTestResult executionId="59515115-fbd1-4aa0-88df-63e93e5f21c5" testId="cbdaa892-b585-e537-2a1b-08ca32d0b7bd" testName="Given_ParamsAndValuesForEssConnectAuthorizationTimeoutSeconds_When_GetEssConnectAuthorizationTimeoutSeconds_Then_ExpectedIsReturned (EssConnectAuthorizationTimeout,13,13)" computerName="DKSR-EFI-06" duration="00:00:00.0006336" startTime="2024-01-09T15:43:10.5759799+01:00" endTime="2024-01-09T15:43:10.6541047+01:00" testType="13cdc9d9-ddb5-4fa4-a97d-d965ccfc6d4b" outcome="Passed" testListId="8c84fa94-04c1-424b-9868-57a2d4851a1d" relativeResultsDirectory="59515115-fbd1-4aa0-88df-63e93e5f21c5" />
    <UnitTestResult executionId="4dd24f89-9255-4470-965e-6dc4d11304cc" testId="3f42f314-c12f-95ee-e81e-6cf2bd7cb27c" testName="Given_EventWithAnalyticsData_When_ToExposedEvent_Then_DataShouldbeOfType_AnalyticsDataWithoutSnapshots" computerName="DKSR-EFI-06" duration="00:00:00.0606261" startTime="2024-01-09T15:45:42.7325437+01:00" endTime="2024-01-09T15:45:42.7950434+01:00" testType="13cdc9d9-ddb5-4fa4-a97d-d965ccfc6d4b" outcome="Passed" testListId="8c84fa94-04c1-424b-9868-57a2d4851a1d" relativeResultsDirectory="4dd24f89-9255-4470-965e-6dc4d11304cc" />
    <UnitTestResult executionId="46da2dbf-d5ed-4259-a9e2-aee7ae13630c" testId="a3c7ccc4-d266-198f-9b4f-0336f30b0d51" testName="Given_Nothing_When_UserSidIsRandomString_Then_UnknownIdentityType" computerName="DKSR-EFI-06" duration="00:00:00.0001680" startTime="2024-01-09T15:45:42.1075456+01:00" endTime="2024-01-09T15:45:42.1075456+01:00" testType="13cdc9d9-ddb5-4fa4-a97d-d965ccfc6d4b" outcome="Passed" testListId="8c84fa94-04c1-424b-9868-57a2d4851a1d" relativeResultsDirectory="46da2dbf-d5ed-4259-a9e2-aee7ae13630c" />
    <UnitTestResult executionId="23828e1e-3987-4c8e-81b0-bb56522b47d4" testId="c4567314-3208-8c2e-d7e3-263b4b46b4ae" testName="Given_EssResumeSessionTimeoutSecondsKeyDoesNotExist_When_GetEssResumeSessionTimeoutSeconds_Then_DefaultValueReturned" computerName="DKSR-EFI-06" duration="00:00:00.0001413" startTime="2024-01-09T15:43:10.5759799+01:00" endTime="2024-01-09T15:43:10.5759799+01:00" testType="13cdc9d9-ddb5-4fa4-a97d-d965ccfc6d4b" outcome="Passed" testListId="8c84fa94-04c1-424b-9868-57a2d4851a1d" relativeResultsDirectory="23828e1e-3987-4c8e-81b0-bb56522b47d4" />
    <UnitTestResult executionId="d01178b3-9714-4beb-b831-d88b68b1df35" testId="97f523e7-893b-0556-85a1-f54162e13433" testName="Given_ParamsAndValuesForEssConnectAuthorizationTimeoutSeconds_When_GetEssConnectAuthorizationTimeoutSeconds_Then_ExpectedIsReturned (EssConnectAuthorizationTimeout,60,60)" computerName="DKSR-EFI-06" duration="00:00:00.0000205" startTime="2024-01-09T15:43:10.6541047+01:00" endTime="2024-01-09T15:43:10.6541047+01:00" testType="13cdc9d9-ddb5-4fa4-a97d-d965ccfc6d4b" outcome="Passed" testListId="8c84fa94-04c1-424b-9868-57a2d4851a1d" relativeResultsDirectory="d01178b3-9714-4beb-b831-d88b68b1df35" />
    <UnitTestResult executionId="16011a24-1aa9-4937-bd88-2e1ed9587e3b" testId="2aff5125-fb54-d17a-bf02-76651f9097aa" testName="Given_InactiveSessionUserNullExistsWithDifferentUser_When_GetOrCreate_Then_NewSessionIsCreated" computerName="DKSR-EFI-06" duration="00:00:00.0043845" startTime="2024-01-09T15:45:41.9356676+01:00" endTime="2024-01-09T15:45:41.9512925+01:00" testType="13cdc9d9-ddb5-4fa4-a97d-d965ccfc6d4b" outcome="Passed" testListId="8c84fa94-04c1-424b-9868-57a2d4851a1d" relativeResultsDirectory="16011a24-1aa9-4937-bd88-2e1ed9587e3b" />
    <UnitTestResult executionId="54387ca5-b807-4825-bf62-2f8a01291703" testId="c71ae056-973d-f7c9-8269-7b94bc1575d1" testName="Given_Nothing_When_AStateFullAndAStatelessEventIsPushed_Then_OnlyTheStateFullEventAddedToTheCache" computerName="DKSR-EFI-06" duration="00:00:00.0019061" startTime="2024-01-09T15:45:41.9825448+01:00" endTime="2024-01-09T15:45:41.9825448+01:00" testType="13cdc9d9-ddb5-4fa4-a97d-d965ccfc6d4b" outcome="Passed" testListId="8c84fa94-04c1-424b-9868-57a2d4851a1d" relativeResultsDirectory="54387ca5-b807-4825-bf62-2f8a01291703" />
    <UnitTestResult executionId="c8d8f9cb-4b6c-4ecd-83b4-c7ea35259191" testId="82ef564a-d6af-624d-6881-42d7ff50cdbe" testName="Given_ParamsAndValuesForEssConnectAuthorizationTimeoutSeconds_When_GetEssConnectAuthorizationTimeoutSeconds_Then_ExpectedIsReturned (EssConnectAuthorizationTimeout,61,5)" computerName="DKSR-EFI-06" duration="00:00:00.0000131" startTime="2024-01-09T15:43:10.6541047+01:00" endTime="2024-01-09T15:43:10.6541047+01:00" testType="13cdc9d9-ddb5-4fa4-a97d-d965ccfc6d4b" outcome="Passed" testListId="8c84fa94-04c1-424b-9868-57a2d4851a1d" relativeResultsDirectory="c8d8f9cb-4b6c-4ecd-83b4-c7ea35259191" />
    <UnitTestResult executionId="1065efcb-a9c6-47e0-8eee-c2c20b3d35ad" testId="6507f808-c9e1-3403-0216-cd8d28b5f232" testName="Given_StartSession_When_Mapping_Then_ASessionIdAndEventIdIsDefault" computerName="DKSR-EFI-06" duration="00:00:00.0011758" startTime="2024-01-09T15:45:42.3262952+01:00" endTime="2024-01-09T15:45:42.3262952+01:00" testType="13cdc9d9-ddb5-4fa4-a97d-d965ccfc6d4b" outcome="Passed" testListId="8c84fa94-04c1-424b-9868-57a2d4851a1d" relativeResultsDirectory="1065efcb-a9c6-47e0-8eee-c2c20b3d35ad" />
    <UnitTestResult executionId="b98ad80a-4eb8-430a-ac64-d30bb2b7cae3" testId="cf0e0023-87b9-f504-68e5-027424cdabd7" testName="Given_AllProperWildcardsCommand_When_Parsing_Then_200OKAndAddSubscriptionObjectReturned" computerName="DKSR-EFI-06" duration="00:00:00.0013495" startTime="2024-01-09T15:45:42.2637972+01:00" endTime="2024-01-09T15:45:42.2637972+01:00" testType="13cdc9d9-ddb5-4fa4-a97d-d965ccfc6d4b" outcome="Passed" testListId="8c84fa94-04c1-424b-9868-57a2d4851a1d" relativeResultsDirectory="b98ad80a-4eb8-430a-ac64-d30bb2b7cae3" />
    <UnitTestResult executionId="4eeeb42c-3778-44de-b9ab-9e0b7e721770" testId="668c287d-4ba0-05cf-67a7-432cda7deceb" testName="Given_UnknownCommand_When_Parsing_Then_404NotFoundResponseWithProperCommandId" computerName="DKSR-EFI-06" duration="00:00:00.0002906" startTime="2024-01-09T15:45:42.2950451+01:00" endTime="2024-01-09T15:45:42.2950451+01:00" testType="13cdc9d9-ddb5-4fa4-a97d-d965ccfc6d4b" outcome="Passed" testListId="8c84fa94-04c1-424b-9868-57a2d4851a1d" relativeResultsDirectory="4eeeb42c-3778-44de-b9ab-9e0b7e721770" />
    <UnitTestResult executionId="78fd68d0-4365-481d-94bf-38819e01efc1" testId="1701e553-4b92-dc28-17a3-5f3b2e50e5ab" testName="Given_EssResumeSessionTimeoutSecondsKeyWithValue_When_GetEssResumeSessionTimeoutSeconds_Then_ValueReturned" computerName="DKSR-EFI-06" duration="00:00:00.0034688" startTime="2024-01-09T15:43:10.5759799+01:00" endTime="2024-01-09T15:43:10.5759799+01:00" testType="13cdc9d9-ddb5-4fa4-a97d-d965ccfc6d4b" outcome="Passed" testListId="8c84fa94-04c1-424b-9868-57a2d4851a1d" relativeResultsDirectory="78fd68d0-4365-481d-94bf-38819e01efc1" />
    <UnitTestResult executionId="7f300453-d04e-4bcd-a8a1-24c007bf1ac9" testId="c259da4e-14ef-cda9-000a-f14f8ecc5688" testName="Given_Nothing_When_AppConfigNull_Then_ThrowsArgumentNullException" computerName="DKSR-EFI-06" duration="00:00:00.0107475" startTime="2024-01-09T15:43:10.3572281+01:00" endTime="2024-01-09T15:43:10.5603528+01:00" testType="13cdc9d9-ddb5-4fa4-a97d-d965ccfc6d4b" outcome="Passed" testListId="8c84fa94-04c1-424b-9868-57a2d4851a1d" relativeResultsDirectory="7f300453-d04e-4bcd-a8a1-24c007bf1ac9" />
    <UnitTestResult executionId="7cf941b6-163e-4518-8af3-15710dea61d3" testId="581913c4-cfd7-5c26-9601-bebfe46e68ed" testName="Given_BadCommandFormat_When_Parsing_Then_400BadRequestResponse" computerName="DKSR-EFI-06" duration="00:00:00.0002873" startTime="2024-01-09T15:45:42.2950451+01:00" endTime="2024-01-09T15:45:42.2950451+01:00" testType="13cdc9d9-ddb5-4fa4-a97d-d965ccfc6d4b" outcome="Passed" testListId="8c84fa94-04c1-424b-9868-57a2d4851a1d" relativeResultsDirectory="7cf941b6-163e-4518-8af3-15710dea61d3" />
    <UnitTestResult executionId="1c06a994-a5d9-41d7-b188-79dfdef64815" testId="5d5faa4c-e456-921b-b239-ec54ee40f259" testName="Given_EventWithEventTypeNull_When_ToExposedEvent_Then_ReturnNull" computerName="DKSR-EFI-06" duration="00:00:00.0327119" startTime="2024-01-09T15:45:42.5137976+01:00" endTime="2024-01-09T15:45:42.5450456+01:00" testType="13cdc9d9-ddb5-4fa4-a97d-d965ccfc6d4b" outcome="Passed" testListId="8c84fa94-04c1-424b-9868-57a2d4851a1d" relativeResultsDirectory="1c06a994-a5d9-41d7-b188-79dfdef64815" />
    <UnitTestResult executionId="44d18945-df74-4cbf-b003-402c33bb5c7f" testId="a9e52de8-4e3c-69e2-691d-0e023421a227" testName="Given_Null_When_AddSubscriptionRulesIsCalled_Then_ExceptionIsThrown" computerName="DKSR-EFI-06" duration="00:00:00.0008338" startTime="2024-01-09T15:45:42.0294171+01:00" endTime="2024-01-09T15:45:42.0294171+01:00" testType="13cdc9d9-ddb5-4fa4-a97d-d965ccfc6d4b" outcome="Passed" testListId="8c84fa94-04c1-424b-9868-57a2d4851a1d" relativeResultsDirectory="44d18945-df74-4cbf-b003-402c33bb5c7f" />
    <UnitTestResult executionId="eec762c9-e3ea-4fb1-9dbc-be958c6ffa1a" testId="408ecd82-af97-3e0a-f15b-76ffe0975d7b" testName="Given_MultipleEventSubPushersAreSubScribedTo_When_TheEventAndStatePusherIsDisposed_Then_ThenAllSubPushersAreUnsubscribed" computerName="DKSR-EFI-06" duration="00:00:00.0074296" startTime="2024-01-09T15:43:11.2634797+01:00" endTime="2024-01-09T15:43:11.2791093+01:00" testType="13cdc9d9-ddb5-4fa4-a97d-d965ccfc6d4b" outcome="Passed" testListId="8c84fa94-04c1-424b-9868-57a2d4851a1d" relativeResultsDirectory="eec762c9-e3ea-4fb1-9dbc-be958c6ffa1a" />
    <UnitTestResult executionId="ff484a42-2f02-4cae-8d99-df89fbe5594b" testId="6a85fda5-00d9-1c5a-0a7c-4a3863b0b71c" testName="Given_Nothing_When_AStateFullEventIsPushedMultipleTimes_Then_TheLastStateIsStoredInTheCache" computerName="DKSR-EFI-06" duration="00:00:00.0015825" startTime="2024-01-09T15:45:41.9825448+01:00" endTime="2024-01-09T15:45:41.9825448+01:00" testType="13cdc9d9-ddb5-4fa4-a97d-d965ccfc6d4b" outcome="Passed" testListId="8c84fa94-04c1-424b-9868-57a2d4851a1d" relativeResultsDirectory="ff484a42-2f02-4cae-8d99-df89fbe5594b" />
    <UnitTestResult executionId="ad590c4b-6736-45bc-9cf7-9ccf4d840287" testId="8fd20424-1827-93f4-e482-848d3e7f0278" testName="Given_Nothing_When_AStateFullEventIsPushedMultipleTimesInTheSamePush_Then_TheLastStateInTheCollectionIsStoredInTheCache" computerName="DKSR-EFI-06" duration="00:00:00.0016809" startTime="2024-01-09T15:45:41.9825448+01:00" endTime="2024-01-09T15:45:41.9825448+01:00" testType="13cdc9d9-ddb5-4fa4-a97d-d965ccfc6d4b" outcome="Passed" testListId="8c84fa94-04c1-424b-9868-57a2d4851a1d" relativeResultsDirectory="ad590c4b-6736-45bc-9cf7-9ccf4d840287" />
    <UnitTestResult executionId="b382f3f6-bafc-499c-af26-ad4791b1bf26" testId="614e977e-8164-1974-f844-e7e9e5f18ba0" testName="Given_WildcardAlongWithOhterSpecifier_When_Parsing_Then_400BadRequestInvalidArgumentsReturned" computerName="DKSR-EFI-06" duration="00:00:00.0149446" startTime="2024-01-09T15:45:42.2637972+01:00" endTime="2024-01-09T15:45:42.2794220+01:00" testType="13cdc9d9-ddb5-4fa4-a97d-d965ccfc6d4b" outcome="Passed" testListId="8c84fa94-04c1-424b-9868-57a2d4851a1d" relativeResultsDirectory="b382f3f6-bafc-499c-af26-ad4791b1bf26" />
    <UnitTestResult executionId="d2d4111b-ac9a-426d-aadc-38cb5272482b" testId="7b06f581-1ccc-6701-d74a-400b5542513f" testName="Given_CommandIdDecimalNumber_When_Parsing_Then_400BadRequestInvalidArgumentsReturned" computerName="DKSR-EFI-06" duration="00:00:00.0008678" startTime="2024-01-09T15:45:42.2950451+01:00" endTime="2024-01-09T15:45:42.2950451+01:00" testType="13cdc9d9-ddb5-4fa4-a97d-d965ccfc6d4b" outcome="Passed" testListId="8c84fa94-04c1-424b-9868-57a2d4851a1d" relativeResultsDirectory="d2d4111b-ac9a-426d-aadc-38cb5272482b" />
    <UnitTestResult executionId="a9ee81cd-b2c3-4457-9e0a-9cd80ff9ee81" testId="c7334bd2-08fc-6f4e-61b6-5c29e6877bbe" testName="Given_StartSessionWithEventId_When_Parsing_Then_CommandIsReturned" computerName="DKSR-EFI-06" duration="00:00:00.0003789" startTime="2024-01-09T15:45:42.9981678+01:00" endTime="2024-01-09T15:45:42.9981678+01:00" testType="13cdc9d9-ddb5-4fa4-a97d-d965ccfc6d4b" outcome="Passed" testListId="8c84fa94-04c1-424b-9868-57a2d4851a1d" relativeResultsDirectory="a9ee81cd-b2c3-4457-9e0a-9cd80ff9ee81" />
    <UnitTestResult executionId="d473c3c7-9ec9-4a1d-940a-b7c2f8a4aaf0" testId="1c442c16-ba3d-419e-9d9d-1c14a4999eae" testName="Given_Rules_IsSubscribedIsCalled_Then_IsSubscribedReturnsTheResult (D0D2FE84-1C92-44C5-9EE3-AFCEA6415F30,Include,,,4EF04DAE-3C18-4BAD-A730-42F6F293E700,False)" computerName="DKSR-EFI-06" duration="00:00:00.0003981" startTime="2024-01-09T15:45:42.0919239+01:00" endTime="2024-01-09T15:45:42.0919239+01:00" testType="13cdc9d9-ddb5-4fa4-a97d-d965ccfc6d4b" outcome="Passed" testListId="8c84fa94-04c1-424b-9868-57a2d4851a1d" relativeResultsDirectory="d473c3c7-9ec9-4a1d-940a-b7c2f8a4aaf0" />
    <UnitTestResult executionId="1166f5c4-2c27-432a-b323-b474f8287103" testId="06a83446-ab5d-f9d1-38d7-8cbf57b3df82" testName="Given_Event_When_ToState_ThenStateIsCreatedCorrectly" computerName="DKSR-EFI-06" duration="00:00:00.0063062" startTime="2024-01-09T15:45:42.9356699+01:00" endTime="2024-01-09T15:45:42.9356699+01:00" testType="13cdc9d9-ddb5-4fa4-a97d-d965ccfc6d4b" outcome="Passed" testListId="8c84fa94-04c1-424b-9868-57a2d4851a1d" relativeResultsDirectory="1166f5c4-2c27-432a-b323-b474f8287103" />
    <UnitTestResult executionId="92dd78d3-0f3f-4010-8a46-948429aa5c4d" testId="57086f39-ab8e-09a6-827b-ca94b12bb7fc" testName="Given_Nothing_When_UserSidIsValidSid_Then_TypeIsWindowsUser" computerName="DKSR-EFI-06" duration="00:00:00.0002529" startTime="2024-01-09T15:45:42.1075456+01:00" endTime="2024-01-09T15:45:42.1075456+01:00" testType="13cdc9d9-ddb5-4fa4-a97d-d965ccfc6d4b" outcome="Passed" testListId="8c84fa94-04c1-424b-9868-57a2d4851a1d" relativeResultsDirectory="92dd78d3-0f3f-4010-8a46-948429aa5c4d" />
    <UnitTestResult executionId="77b76990-05db-44f5-b08a-2e574ff47876" testId="886acc91-59d5-7f60-5e03-1f12d5f64ef7" testName="Given_EssResumeSessionTimeoutSecondsKeyWithValueZero_When_GetEssResumeSessionTimeoutSeconds_Then_ZeroReturned" computerName="DKSR-EFI-06" duration="00:00:00.0001355" startTime="2024-01-09T15:43:10.5759799+01:00" endTime="2024-01-09T15:43:10.5759799+01:00" testType="13cdc9d9-ddb5-4fa4-a97d-d965ccfc6d4b" outcome="Passed" testListId="8c84fa94-04c1-424b-9868-57a2d4851a1d" relativeResultsDirectory="77b76990-05db-44f5-b08a-2e574ff47876" />
    <UnitTestResult executionId="3738c713-97b7-40e4-9cc4-c43ba5db4f81" testId="9e195642-ca02-ec07-52dd-52469c1263d2" testName="Given_Rules_IsSubscribedIsCalled_Then_IsSubscribedReturnsTheResult (D0D2FE84-1C92-44C5-9EE3-AFCEA6415F30,Exclude,4EF04DAE-3C18-4BAD-A730-42F6F293E700,,,True)" computerName="DKSR-EFI-06" duration="00:00:00.0004381" startTime="2024-01-09T15:45:42.0919239+01:00" endTime="2024-01-09T15:45:42.0919239+01:00" testType="13cdc9d9-ddb5-4fa4-a97d-d965ccfc6d4b" outcome="Passed" testListId="8c84fa94-04c1-424b-9868-57a2d4851a1d" relativeResultsDirectory="3738c713-97b7-40e4-9cc4-c43ba5db4f81" />
  </Results>
  <TestDefinitions>
    <UnitTest name="Test" storage="d:\actions-runner\_work\xpco\xpco\eventserver\server\components\central\videoos.eventserver.events.eventstatussubscriptionwsapi.unittest\bin\debug\net472\videoos.eventserver.events.eventstatussubscriptionwsapi.unittest.dll" id="c39af18d-e350-1d1b-8554-909c49b54e82">
      <Execution id="e0b13b8a-70cf-4e32-ba58-196fe177cc40" />
      <TestMethod codeBase="D:\actions-runner\_work\XPCO\XPCO\EventServer\Server\Components\Central\VideoOS.EventServer.Events.EventStatusSubscriptionWsApi.UnitTest\bin\Debug\net472\VideoOS.EventServer.Events.EventStatusSubscriptionWsApi.UnitTest.dll" adapterTypeName="executor://mstestadapter/v2" className="VideoOS.EventServer.Events.EventStatusSubscriptionWsApi.UnitTest.EventAndStatusSubscriptionServerTests" name="Test" />
    </UnitTest>
    <UnitTest name="Given_InactiveSessionExistsGoodEventExists_When_GetOrCreate_Then_ExistingSessionReturned" storage="d:\actions-runner\_work\xpco\xpco\eventserver\server\components\central\videoos.eventserver.events.eventstatussubscriptionwsapi.unittest\bin\debug\net472\videoos.eventserver.events.eventstatussubscriptionwsapi.unittest.dll" id="b7353867-d878-1710-56a6-21b83884fb70">
      <Execution id="c7a7fc53-7c82-4700-9104-7cfb2813ed07" />
      <TestMethod codeBase="D:\actions-runner\_work\XPCO\XPCO\EventServer\Server\Components\Central\VideoOS.EventServer.Events.EventStatusSubscriptionWsApi.UnitTest\bin\Debug\net472\VideoOS.EventServer.Events.EventStatusSubscriptionWsApi.UnitTest.dll" adapterTypeName="executor://mstestadapter/v2" className="VideoOS.EventServer.Events.EventStatusSubscriptionWsApi.UnitTest.SessionCacheTests" name="Given_InactiveSessionExistsGoodEventExists_When_GetOrCreate_Then_ExistingSessionReturned" />
    </UnitTest>
    <UnitTest name="Given_SessionExists_When_StartSameSession_Then_SuccessExistingSessionReturned" storage="d:\actions-runner\_work\xpco\xpco\eventserver\server\components\central\videoos.eventserver.events.eventstatussubscriptionwsapi.unittest\bin\debug\net472\videoos.eventserver.events.eventstatussubscriptionwsapi.unittest.dll" id="9d380471-420e-7575-73fb-7175773c02f0">
      <Execution id="6f4a3c04-3d4f-4e2e-9114-adce61a7447f" />
      <TestMethod codeBase="D:\actions-runner\_work\XPCO\XPCO\EventServer\Server\Components\Central\VideoOS.EventServer.Events.EventStatusSubscriptionWsApi.UnitTest\bin\Debug\net472\VideoOS.EventServer.Events.EventStatusSubscriptionWsApi.UnitTest.dll" adapterTypeName="executor://mstestadapter/v2" className="VideoOS.EventServer.Events.EventStatusSubscriptionWsApi.UnitTest.MessageHandlerTests" name="Given_SessionExists_When_StartSameSession_Then_SuccessExistingSessionReturned" />
    </UnitTest>
    <UnitTest name="Given_Nothing_When_AppConfigNull_Then_ThrowsArgumentNullException" storage="d:\actions-runner\_work\xpco\xpco\eventserver\server\components\central\videoos.eventserver.events.eventstatussubscriptionwsapi.unittest\bin\debug\net472\videoos.eventserver.events.eventstatussubscriptionwsapi.unittest.dll" id="c259da4e-14ef-cda9-000a-f14f8ecc5688">
      <Execution id="7f300453-d04e-4bcd-a8a1-24c007bf1ac9" />
      <TestMethod codeBase="D:\actions-runner\_work\XPCO\XPCO\EventServer\Server\Components\Central\VideoOS.EventServer.Events.EventStatusSubscriptionWsApi.UnitTest\bin\Debug\net472\VideoOS.EventServer.Events.EventStatusSubscriptionWsApi.UnitTest.dll" adapterTypeName="executor://mstestadapter/v2" className="VideoOS.EventServer.Events.EventStatusSubscriptionWsApi.UnitTest.AppConfigReaderTests" name="Given_Nothing_When_AppConfigNull_Then_ThrowsArgumentNullException" />
    </UnitTest>
    <UnitTest name="Given_Nothing_When_GetRecentEvent_Then_CallHangsUntillEventsAreAdded" storage="d:\actions-runner\_work\xpco\xpco\eventserver\server\components\central\videoos.eventserver.events.eventstatussubscriptionwsapi.unittest\bin\debug\net472\videoos.eventserver.events.eventstatussubscriptionwsapi.unittest.dll" id="5971eedf-4f4e-1851-ad1a-a1d18c644a21">
      <Execution id="b0e10b25-3aa2-48c3-9714-e7fc392fdf70" />
      <TestMethod codeBase="D:\actions-runner\_work\XPCO\XPCO\EventServer\Server\Components\Central\VideoOS.EventServer.Events.EventStatusSubscriptionWsApi.UnitTest\bin\Debug\net472\VideoOS.EventServer.Events.EventStatusSubscriptionWsApi.UnitTest.dll" adapterTypeName="executor://mstestadapter/v2" className="VideoOS.EventServer.Events.EventStatusSubscriptionWsApi.UnitTest.EventCacheTests" name="Given_Nothing_When_GetRecentEvent_Then_CallHangsUntillEventsAreAdded" />
    </UnitTest>
    <UnitTest name="Given_Nothing_When_GetOrCreate_Then_ASessionIsCreated (00000000-0000-0000-0000-000000000000)" storage="d:\actions-runner\_work\xpco\xpco\eventserver\server\components\central\videoos.eventserver.events.eventstatussubscriptionwsapi.unittest\bin\debug\net472\videoos.eventserver.events.eventstatussubscriptionwsapi.unittest.dll" id="4ce35d63-7ac6-fb24-a2a8-2dd14293980c">
      <Execution id="5e1afb85-737e-45dc-a741-5f697389826e" />
      <TestMethod codeBase="D:\actions-runner\_work\XPCO\XPCO\EventServer\Server\Components\Central\VideoOS.EventServer.Events.EventStatusSubscriptionWsApi.UnitTest\bin\Debug\net472\VideoOS.EventServer.Events.EventStatusSubscriptionWsApi.UnitTest.dll" adapterTypeName="executor://mstestadapter/v2" className="VideoOS.EventServer.Events.EventStatusSubscriptionWsApi.UnitTest.SessionCacheTests" name="Given_Nothing_When_GetOrCreate_Then_ASessionIsCreated" />
    </UnitTest>
    <UnitTest name="Given_EventsInCacheCancellingRecentEvents_When_ResumingFromExistingEvent_Then_GetRecentEventsReturnsCachedEvents" storage="d:\actions-runner\_work\xpco\xpco\eventserver\server\components\central\videoos.eventserver.events.eventstatussubscriptionwsapi.unittest\bin\debug\net472\videoos.eventserver.events.eventstatussubscriptionwsapi.unittest.dll" id="df0c0ff9-7f0e-2d2e-976b-55c6991fd6e9">
      <Execution id="0594f5e0-9680-411a-805d-310d9d68a731" />
      <TestMethod codeBase="D:\actions-runner\_work\XPCO\XPCO\EventServer\Server\Components\Central\VideoOS.EventServer.Events.EventStatusSubscriptionWsApi.UnitTest\bin\Debug\net472\VideoOS.EventServer.Events.EventStatusSubscriptionWsApi.UnitTest.dll" adapterTypeName="executor://mstestadapter/v2" className="VideoOS.EventServer.Events.EventStatusSubscriptionWsApi.UnitTest.EventCacheTests" name="Given_EventsInCacheCancellingRecentEvents_When_ResumingFromExistingEvent_Then_GetRecentEventsReturnsCachedEvents" />
    </UnitTest>
    <UnitTest name="Given_Nothing_When_AStateFullEventIsPushedMultipleTimes_Then_TheLastStateIsStoredInTheCache" storage="d:\actions-runner\_work\xpco\xpco\eventserver\server\components\central\videoos.eventserver.events.eventstatussubscriptionwsapi.unittest\bin\debug\net472\videoos.eventserver.events.eventstatussubscriptionwsapi.unittest.dll" id="6a85fda5-00d9-1c5a-0a7c-4a3863b0b71c">
      <Execution id="ff484a42-2f02-4cae-8d99-df89fbe5594b" />
      <TestMethod codeBase="D:\actions-runner\_work\XPCO\XPCO\EventServer\Server\Components\Central\VideoOS.EventServer.Events.EventStatusSubscriptionWsApi.UnitTest\bin\Debug\net472\VideoOS.EventServer.Events.EventStatusSubscriptionWsApi.UnitTest.dll" adapterTypeName="executor://mstestadapter/v2" className="VideoOS.EventServer.Events.EventStatusSubscriptionWsApi.UnitTest.StateCacheUnitTests" name="Given_Nothing_When_AStateFullEventIsPushedMultipleTimes_Then_TheLastStateIsStoredInTheCache" />
    </UnitTest>
    <UnitTest name="Given_Rules_IsSubscribedIsCalled_Then_IsSubscribedReturnsTheResult (D0D2FE84-1C92-44C5-9EE3-AFCEA6415F30,Include,,,4EF04DAE-3C18-4BAD-A730-42F6F293E700,False)" storage="d:\actions-runner\_work\xpco\xpco\eventserver\server\components\central\videoos.eventserver.events.eventstatussubscriptionwsapi.unittest\bin\debug\net472\videoos.eventserver.events.eventstatussubscriptionwsapi.unittest.dll" id="1c442c16-ba3d-419e-9d9d-1c14a4999eae">
      <Execution id="d473c3c7-9ec9-4a1d-940a-b7c2f8a4aaf0" />
      <TestMethod codeBase="D:\actions-runner\_work\XPCO\XPCO\EventServer\Server\Components\Central\VideoOS.EventServer.Events.EventStatusSubscriptionWsApi.UnitTest\bin\Debug\net472\VideoOS.EventServer.Events.EventStatusSubscriptionWsApi.UnitTest.dll" adapterTypeName="executor://mstestadapter/v2" className="VideoOS.EventServer.Events.EventStatusSubscriptionWsApi.UnitTest.SubscriptionTests" name="Given_Rules_IsSubscribedIsCalled_Then_IsSubscribedReturnsTheResult" />
    </UnitTest>
    <UnitTest name="Given_EventsInCacheNoRecentEvents_When_ResumingWithoutLastKnownGoodEvent_Then_GetRecentEventsReturnsNoEvents" storage="d:\actions-runner\_work\xpco\xpco\eventserver\server\components\central\videoos.eventserver.events.eventstatussubscriptionwsapi.unittest\bin\debug\net472\videoos.eventserver.events.eventstatussubscriptionwsapi.unittest.dll" id="0bee18d7-6595-d19e-678d-f471e9c73f63">
      <Execution id="fade2e4e-5b02-4f91-a7fd-6881faaebab7" />
      <TestMethod codeBase="D:\actions-runner\_work\XPCO\XPCO\EventServer\Server\Components\Central\VideoOS.EventServer.Events.EventStatusSubscriptionWsApi.UnitTest\bin\Debug\net472\VideoOS.EventServer.Events.EventStatusSubscriptionWsApi.UnitTest.dll" adapterTypeName="executor://mstestadapter/v2" className="VideoOS.EventServer.Events.EventStatusSubscriptionWsApi.UnitTest.EventCacheTests" name="Given_EventsInCacheNoRecentEvents_When_ResumingWithoutLastKnownGoodEvent_Then_GetRecentEventsReturnsNoEvents" />
    </UnitTest>
    <UnitTest name="Given_ResumeSession_When_Mapping_Then_ASessionIdIsGuidEventIdIsDefault" storage="d:\actions-runner\_work\xpco\xpco\eventserver\server\components\central\videoos.eventserver.events.eventstatussubscriptionwsapi.unittest\bin\debug\net472\videoos.eventserver.events.eventstatussubscriptionwsapi.unittest.dll" id="0c5b364a-f5de-58da-b753-1ac614082b83">
      <Execution id="0de0db26-7e8e-4e5c-b915-c9e973e4a9e6" />
      <TestMethod codeBase="D:\actions-runner\_work\XPCO\XPCO\EventServer\Server\Components\Central\VideoOS.EventServer.Events.EventStatusSubscriptionWsApi.UnitTest\bin\Debug\net472\VideoOS.EventServer.Events.EventStatusSubscriptionWsApi.UnitTest.dll" adapterTypeName="executor://mstestadapter/v2" className="VideoOS.EventServer.Events.EventStatusSubscriptionWsApi.UnitTest.Protocol.CommandMapperTests" name="Given_ResumeSession_When_Mapping_Then_ASessionIdIsGuidEventIdIsDefault" />
    </UnitTest>
    <UnitTest name="Given_Nothing_When_IsSubscribedIsCalled_Then_NoEventsHaveBeenSubscribedFor" storage="d:\actions-runner\_work\xpco\xpco\eventserver\server\components\central\videoos.eventserver.events.eventstatussubscriptionwsapi.unittest\bin\debug\net472\videoos.eventserver.events.eventstatussubscriptionwsapi.unittest.dll" id="efe9817f-6752-68f6-bfc5-2b49ae629ec1">
      <Execution id="1902cb4d-ee12-4772-ada8-44edb28cea2e" />
      <TestMethod codeBase="D:\actions-runner\_work\XPCO\XPCO\EventServer\Server\Components\Central\VideoOS.EventServer.Events.EventStatusSubscriptionWsApi.UnitTest\bin\Debug\net472\VideoOS.EventServer.Events.EventStatusSubscriptionWsApi.UnitTest.dll" adapterTypeName="executor://mstestadapter/v2" className="VideoOS.EventServer.Events.EventStatusSubscriptionWsApi.UnitTest.SubscriptionTests" name="Given_Nothing_When_IsSubscribedIsCalled_Then_NoEventsHaveBeenSubscribedFor" />
    </UnitTest>
    <UnitTest name="Given_Nothing_When_EventIsReceivedEventPusher_Then_ItIsPushedFurtherIfSubScriberHasRightsAndHasSubscribed" storage="d:\actions-runner\_work\xpco\xpco\eventserver\server\components\central\videoos.eventserver.events.eventstatussubscriptionwsapi.unittest\bin\debug\net472\videoos.eventserver.events.eventstatussubscriptionwsapi.unittest.dll" id="64a35114-0f6b-de9f-7921-a8ad4a25f43c">
      <Execution id="faffd8af-17e1-4de4-b788-f16368d9b99f" />
      <TestMethod codeBase="D:\actions-runner\_work\XPCO\XPCO\EventServer\Server\Components\Central\VideoOS.EventServer.Events.EventStatusSubscriptionWsApi.UnitTest\bin\Debug\net472\VideoOS.EventServer.Events.EventStatusSubscriptionWsApi.UnitTest.dll" adapterTypeName="executor://mstestadapter/v2" className="VideoOS.EventServer.Events.EventStatusSubscriptionWsApi.UnitTest.EventEngineTests" name="Given_Nothing_When_EventIsReceivedEventPusher_Then_ItIsPushedFurtherIfSubScriberHasRightsAndHasSubscribed" />
    </UnitTest>
    <UnitTest name="Given_EventWithEventTypeNull_When_ToExposedEvent_Then_ReturnNull" storage="d:\actions-runner\_work\xpco\xpco\eventserver\server\components\central\videoos.eventserver.events.eventstatussubscriptionwsapi.unittest\bin\debug\net472\videoos.eventserver.events.eventstatussubscriptionwsapi.unittest.dll" id="5d5faa4c-e456-921b-b239-ec54ee40f259">
      <Execution id="1c06a994-a5d9-41d7-b188-79dfdef64815" />
      <TestMethod codeBase="D:\actions-runner\_work\XPCO\XPCO\EventServer\Server\Components\Central\VideoOS.EventServer.Events.EventStatusSubscriptionWsApi.UnitTest\bin\Debug\net472\VideoOS.EventServer.Events.EventStatusSubscriptionWsApi.UnitTest.dll" adapterTypeName="executor://mstestadapter/v2" className="VideoOS.EventServer.Events.EventStatusSubscriptionWsApi.UnitTest.Protocol.EventMapperTests" name="Given_EventWithEventTypeNull_When_ToExposedEvent_Then_ReturnNull" />
    </UnitTest>
    <UnitTest name="Given_Rules_IsSubscribedIsCalled_Then_IsSubscribedReturnsTheResult (4EF04DAE-3C18-4BAD-A730-42F6F293E700,Include,,,4EF04DAE-3C18-4BAD-A730-42F6F293E700,True)" storage="d:\actions-runner\_work\xpco\xpco\eventserver\server\components\central\videoos.eventserver.events.eventstatussubscriptionwsapi.unittest\bin\debug\net472\videoos.eventserver.events.eventstatussubscriptionwsapi.unittest.dll" id="ee9912fe-3dec-29df-42d4-ddd55644b5cf">
      <Execution id="85cdd6d7-aaf9-4ae9-98f4-2dcc0c9e1fc4" />
      <TestMethod codeBase="D:\actions-runner\_work\XPCO\XPCO\EventServer\Server\Components\Central\VideoOS.EventServer.Events.EventStatusSubscriptionWsApi.UnitTest\bin\Debug\net472\VideoOS.EventServer.Events.EventStatusSubscriptionWsApi.UnitTest.dll" adapterTypeName="executor://mstestadapter/v2" className="VideoOS.EventServer.Events.EventStatusSubscriptionWsApi.UnitTest.SubscriptionTests" name="Given_Rules_IsSubscribedIsCalled_Then_IsSubscribedReturnsTheResult" />
    </UnitTest>
    <UnitTest name="Given_UnknownCommand_When_Parsing_Then_404NotFoundResponseWithProperCommandId" storage="d:\actions-runner\_work\xpco\xpco\eventserver\server\components\central\videoos.eventserver.events.eventstatussubscriptionwsapi.unittest\bin\debug\net472\videoos.eventserver.events.eventstatussubscriptionwsapi.unittest.dll" id="668c287d-4ba0-05cf-67a7-432cda7deceb">
      <Execution id="4eeeb42c-3778-44de-b9ab-9e0b7e721770" />
      <TestMethod codeBase="D:\actions-runner\_work\XPCO\XPCO\EventServer\Server\Components\Central\VideoOS.EventServer.Events.EventStatusSubscriptionWsApi.UnitTest\bin\Debug\net472\VideoOS.EventServer.Events.EventStatusSubscriptionWsApi.UnitTest.dll" adapterTypeName="executor://mstestadapter/v2" className="VideoOS.EventServer.Events.EventStatusSubscriptionWsApi.UnitTest.Protocol.BasicMessageParserUnitTests" name="Given_UnknownCommand_When_Parsing_Then_404NotFoundResponseWithProperCommandId" />
    </UnitTest>
    <UnitTest name="Given_EventWithAnalyticsData_When_ToExposedEvent_Then_DataShouldbeOfType_AnalyticsDataWithoutSnapshots" storage="d:\actions-runner\_work\xpco\xpco\eventserver\server\components\central\videoos.eventserver.events.eventstatussubscriptionwsapi.unittest\bin\debug\net472\videoos.eventserver.events.eventstatussubscriptionwsapi.unittest.dll" id="3f42f314-c12f-95ee-e81e-6cf2bd7cb27c">
      <Execution id="4dd24f89-9255-4470-965e-6dc4d11304cc" />
      <TestMethod codeBase="D:\actions-runner\_work\XPCO\XPCO\EventServer\Server\Components\Central\VideoOS.EventServer.Events.EventStatusSubscriptionWsApi.UnitTest\bin\Debug\net472\VideoOS.EventServer.Events.EventStatusSubscriptionWsApi.UnitTest.dll" adapterTypeName="executor://mstestadapter/v2" className="VideoOS.EventServer.Events.EventStatusSubscriptionWsApi.UnitTest.Protocol.EventMapperTests" name="Given_EventWithAnalyticsData_When_ToExposedEvent_Then_DataShouldbeOfType_AnalyticsDataWithoutSnapshots" />
    </UnitTest>
    <UnitTest name="Given_EventWithEventTypeNull_When_ToExposedEvent_Then_ReturnNull" storage="d:\actions-runner\_work\xpco\xpco\eventserver\server\components\central\videoos.eventserver.events.eventstatussubscriptionwsapi.unittest\bin\debug\net472\videoos.eventserver.events.eventstatussubscriptionwsapi.unittest.dll" id="84c212d2-0ca6-f915-5c13-c2835aa4f740">
      <Execution id="bf14fbc6-526e-4e75-9309-153e05cbc1a2" />
      <TestMethod codeBase="D:\actions-runner\_work\XPCO\XPCO\EventServer\Server\Components\Central\VideoOS.EventServer.Events.EventStatusSubscriptionWsApi.UnitTest\bin\Debug\net472\VideoOS.EventServer.Events.EventStatusSubscriptionWsApi.UnitTest.dll" adapterTypeName="executor://mstestadapter/v2" className="VideoOS.EventServer.Events.EventStatusSubscriptionWsApi.UnitTest.Protocol.EventStateMapperTests" name="Given_EventWithEventTypeNull_When_ToExposedEvent_Then_ReturnNull" />
    </UnitTest>
    <UnitTest name="Given_IncludeRuleWithWildCard_When_IsSubscribedIsCalled_Then_IsSubscribedIsTrue" storage="d:\actions-runner\_work\xpco\xpco\eventserver\server\components\central\videoos.eventserver.events.eventstatussubscriptionwsapi.unittest\bin\debug\net472\videoos.eventserver.events.eventstatussubscriptionwsapi.unittest.dll" id="89525102-93d9-a18e-34ec-ef1caa7ba7f0">
      <Execution id="07e8979d-f515-4543-b94d-993cc450a692" />
      <TestMethod codeBase="D:\actions-runner\_work\XPCO\XPCO\EventServer\Server\Components\Central\VideoOS.EventServer.Events.EventStatusSubscriptionWsApi.UnitTest\bin\Debug\net472\VideoOS.EventServer.Events.EventStatusSubscriptionWsApi.UnitTest.dll" adapterTypeName="executor://mstestadapter/v2" className="VideoOS.EventServer.Events.EventStatusSubscriptionWsApi.UnitTest.SubscriptionTests" name="Given_IncludeRuleWithWildCard_When_IsSubscribedIsCalled_Then_IsSubscribedIsTrue" />
    </UnitTest>
    <UnitTest name="Given_Rules_IsSubscribedStateIsCalled_Then_IsSubscribedReturnsTheResult (ABBBB6C3-DFBD-4439-86F3-DC71C5BB39A1,Exclude,ABBBB6C3-DFBD-4439-86F3-DC71C5BB39A1,True)" storage="d:\actions-runner\_work\xpco\xpco\eventserver\server\components\central\videoos.eventserver.events.eventstatussubscriptionwsapi.unittest\bin\debug\net472\videoos.eventserver.events.eventstatussubscriptionwsapi.unittest.dll" id="ebc2d938-a1ad-e738-d36d-328329ec97ff">
      <Execution id="e7ff3056-d907-4716-8674-7f4fcf6f1b93" />
      <TestMethod codeBase="D:\actions-runner\_work\XPCO\XPCO\EventServer\Server\Components\Central\VideoOS.EventServer.Events.EventStatusSubscriptionWsApi.UnitTest\bin\Debug\net472\VideoOS.EventServer.Events.EventStatusSubscriptionWsApi.UnitTest.dll" adapterTypeName="executor://mstestadapter/v2" className="VideoOS.EventServer.Events.EventStatusSubscriptionWsApi.UnitTest.SubscriptionTests" name="Given_Rules_IsSubscribedStateIsCalled_Then_IsSubscribedReturnsTheResult" />
    </UnitTest>
    <UnitTest name="Given_MessageHandlerIsCreated_When_ValidateClientIsSuccessful_Then_StatusIsSuccess" storage="d:\actions-runner\_work\xpco\xpco\eventserver\server\components\central\videoos.eventserver.events.eventstatussubscriptionwsapi.unittest\bin\debug\net472\videoos.eventserver.events.eventstatussubscriptionwsapi.unittest.dll" id="bcbd1dc7-ecfd-5631-fa27-5293e392e3ca">
      <Execution id="dff19171-fc53-49af-ac4e-22cd5d7ba03e" />
      <TestMethod codeBase="D:\actions-runner\_work\XPCO\XPCO\EventServer\Server\Components\Central\VideoOS.EventServer.Events.EventStatusSubscriptionWsApi.UnitTest\bin\Debug\net472\VideoOS.EventServer.Events.EventStatusSubscriptionWsApi.UnitTest.dll" adapterTypeName="executor://mstestadapter/v2" className="VideoOS.EventServer.Events.EventStatusSubscriptionWsApi.UnitTest.MessageHandlerTests" name="Given_MessageHandlerIsCreated_When_ValidateClientIsSuccessful_Then_StatusIsSuccess" />
    </UnitTest>
    <UnitTest name="Given_IncludeRuleWithExtendedKinds_When_IsSubscribedIsCalledWhereKindIsValid_Then_IsReturnsTheResult (1d48187a-b159-48fe-8025-e4dc5269b749,XP,False)" storage="d:\actions-runner\_work\xpco\xpco\eventserver\server\components\central\videoos.eventserver.events.eventstatussubscriptionwsapi.unittest\bin\debug\net472\videoos.eventserver.events.eventstatussubscriptionwsapi.unittest.dll" id="9db78887-519d-a7af-b6f8-964541821c04">
      <Execution id="a8264eec-698b-42c5-bd53-1096be3fc6a2" />
      <TestMethod codeBase="D:\actions-runner\_work\XPCO\XPCO\EventServer\Server\Components\Central\VideoOS.EventServer.Events.EventStatusSubscriptionWsApi.UnitTest\bin\Debug\net472\VideoOS.EventServer.Events.EventStatusSubscriptionWsApi.UnitTest.dll" adapterTypeName="executor://mstestadapter/v2" className="VideoOS.EventServer.Events.EventStatusSubscriptionWsApi.UnitTest.SubscriptionTests" name="Given_IncludeRuleWithExtendedKinds_When_IsSubscribedIsCalledWhereKindIsValid_Then_IsReturnsTheResult" />
    </UnitTest>
    <UnitTest name="Given_Rules_IsSubscribedIsCalled_Then_IsSubscribedReturnsTheResult (D0D2FE84-1C92-44C5-9EE3-AFCEA6415F30,Exclude,,4EF04DAE-3C18-4BAD-A730-42F6F293E700,,True)" storage="d:\actions-runner\_work\xpco\xpco\eventserver\server\components\central\videoos.eventserver.events.eventstatussubscriptionwsapi.unittest\bin\debug\net472\videoos.eventserver.events.eventstatussubscriptionwsapi.unittest.dll" id="f28919ed-cfda-2f3f-40b0-4c8bc98e136b">
      <Execution id="5144bad4-0324-4858-b6c9-41ce037b63a0" />
      <TestMethod codeBase="D:\actions-runner\_work\XPCO\XPCO\EventServer\Server\Components\Central\VideoOS.EventServer.Events.EventStatusSubscriptionWsApi.UnitTest\bin\Debug\net472\VideoOS.EventServer.Events.EventStatusSubscriptionWsApi.UnitTest.dll" adapterTypeName="executor://mstestadapter/v2" className="VideoOS.EventServer.Events.EventStatusSubscriptionWsApi.UnitTest.SubscriptionTests" name="Given_Rules_IsSubscribedIsCalled_Then_IsSubscribedReturnsTheResult" />
    </UnitTest>
    <UnitTest name="Given_Rules_IsSubscribedStateIsCalled_Then_IsSubscribedReturnsTheResult (ABBBB6C3-DFBD-4439-86F3-DC71C5BB39A1,Include,15C28E95-285D-47F7-95E2-976DEC10D2D4,False)" storage="d:\actions-runner\_work\xpco\xpco\eventserver\server\components\central\videoos.eventserver.events.eventstatussubscriptionwsapi.unittest\bin\debug\net472\videoos.eventserver.events.eventstatussubscriptionwsapi.unittest.dll" id="6f664609-7f00-6a0e-a61d-edaf8aad34b5">
      <Execution id="1ce9361d-36c8-454a-ad83-dc9931d65aa0" />
      <TestMethod codeBase="D:\actions-runner\_work\XPCO\XPCO\EventServer\Server\Components\Central\VideoOS.EventServer.Events.EventStatusSubscriptionWsApi.UnitTest\bin\Debug\net472\VideoOS.EventServer.Events.EventStatusSubscriptionWsApi.UnitTest.dll" adapterTypeName="executor://mstestadapter/v2" className="VideoOS.EventServer.Events.EventStatusSubscriptionWsApi.UnitTest.SubscriptionTests" name="Given_Rules_IsSubscribedStateIsCalled_Then_IsSubscribedReturnsTheResult" />
    </UnitTest>
    <UnitTest name="Given_Nothing_When_StatefullEventwithoutSorceIdIsPushed_Then_ItIsIgnoredInTheCache" storage="d:\actions-runner\_work\xpco\xpco\eventserver\server\components\central\videoos.eventserver.events.eventstatussubscriptionwsapi.unittest\bin\debug\net472\videoos.eventserver.events.eventstatussubscriptionwsapi.unittest.dll" id="23ec95fb-7089-54a6-3032-25dda5297720">
      <Execution id="ea107ab5-7660-4ba7-a0f1-2ea3bcda153e" />
      <TestMethod codeBase="D:\actions-runner\_work\XPCO\XPCO\EventServer\Server\Components\Central\VideoOS.EventServer.Events.EventStatusSubscriptionWsApi.UnitTest\bin\Debug\net472\VideoOS.EventServer.Events.EventStatusSubscriptionWsApi.UnitTest.dll" adapterTypeName="executor://mstestadapter/v2" className="VideoOS.EventServer.Events.EventStatusSubscriptionWsApi.UnitTest.StateCacheUnitTests" name="Given_Nothing_When_StatefullEventwithoutSorceIdIsPushed_Then_ItIsIgnoredInTheCache" />
    </UnitTest>
    <UnitTest name="Given_Nothing_When_GetRecentEvent_Then_CallHangsUntillCancelled" storage="d:\actions-runner\_work\xpco\xpco\eventserver\server\components\central\videoos.eventserver.events.eventstatussubscriptionwsapi.unittest\bin\debug\net472\videoos.eventserver.events.eventstatussubscriptionwsapi.unittest.dll" id="6c10c340-c807-5df9-dc18-9315a1b42c3e">
      <Execution id="b75500ea-df54-47f2-a01b-8d3c28723b67" />
      <TestMethod codeBase="D:\actions-runner\_work\XPCO\XPCO\EventServer\Server\Components\Central\VideoOS.EventServer.Events.EventStatusSubscriptionWsApi.UnitTest\bin\Debug\net472\VideoOS.EventServer.Events.EventStatusSubscriptionWsApi.UnitTest.dll" adapterTypeName="executor://mstestadapter/v2" className="VideoOS.EventServer.Events.EventStatusSubscriptionWsApi.UnitTest.EventCacheTests" name="Given_Nothing_When_GetRecentEvent_Then_CallHangsUntillCancelled" />
    </UnitTest>
    <UnitTest name="Given_ExposedEventWithNoStateGroup_When_Deserilize_Then_StateAndStateIdAreNull" storage="d:\actions-runner\_work\xpco\xpco\eventserver\server\components\central\videoos.eventserver.events.eventstatussubscriptionwsapi.unittest\bin\debug\net472\videoos.eventserver.events.eventstatussubscriptionwsapi.unittest.dll" id="81f50e6f-4770-8131-f7a6-47556bddf81b">
      <Execution id="9b1e0f41-c934-4f45-9aa3-9d354f88f11d" />
      <TestMethod codeBase="D:\actions-runner\_work\XPCO\XPCO\EventServer\Server\Components\Central\VideoOS.EventServer.Events.EventStatusSubscriptionWsApi.UnitTest\bin\Debug\net472\VideoOS.EventServer.Events.EventStatusSubscriptionWsApi.UnitTest.dll" adapterTypeName="executor://mstestadapter/v2" className="VideoOS.EventServer.Events.EventStatusSubscriptionWsApi.UnitTest.Protocol.EventsMessageTests" name="Given_ExposedEventWithNoStateGroup_When_Deserilize_Then_StateAndStateIdAreNull" />
    </UnitTest>
    <UnitTest name="Given_Rules_IsSubscribedIsCalled_Then_IsSubscribedReturnsTheResult (4EF04DAE-3C18-4BAD-A730-42F6F293E700,Exclude,,,4EF04DAE-3C18-4BAD-A730-42F6F293E700,False)" storage="d:\actions-runner\_work\xpco\xpco\eventserver\server\components\central\videoos.eventserver.events.eventstatussubscriptionwsapi.unittest\bin\debug\net472\videoos.eventserver.events.eventstatussubscriptionwsapi.unittest.dll" id="53616b31-d5c5-a73f-fad1-e49ff5408362">
      <Execution id="708783b1-a3a5-4b37-b607-7f24f226f342" />
      <TestMethod codeBase="D:\actions-runner\_work\XPCO\XPCO\EventServer\Server\Components\Central\VideoOS.EventServer.Events.EventStatusSubscriptionWsApi.UnitTest\bin\Debug\net472\VideoOS.EventServer.Events.EventStatusSubscriptionWsApi.UnitTest.dll" adapterTypeName="executor://mstestadapter/v2" className="VideoOS.EventServer.Events.EventStatusSubscriptionWsApi.UnitTest.SubscriptionTests" name="Given_Rules_IsSubscribedIsCalled_Then_IsSubscribedReturnsTheResult" />
    </UnitTest>
    <UnitTest name="Given_ResumeSessionAndEvents_When_Mapping_Then_ASessionIdAndEventIdIsGuid" storage="d:\actions-runner\_work\xpco\xpco\eventserver\server\components\central\videoos.eventserver.events.eventstatussubscriptionwsapi.unittest\bin\debug\net472\videoos.eventserver.events.eventstatussubscriptionwsapi.unittest.dll" id="3383aa31-fd9e-e756-c177-5fb014e0f40a">
      <Execution id="8a720f09-81f9-42da-960b-8f2856fd4c6f" />
      <TestMethod codeBase="D:\actions-runner\_work\XPCO\XPCO\EventServer\Server\Components\Central\VideoOS.EventServer.Events.EventStatusSubscriptionWsApi.UnitTest\bin\Debug\net472\VideoOS.EventServer.Events.EventStatusSubscriptionWsApi.UnitTest.dll" adapterTypeName="executor://mstestadapter/v2" className="VideoOS.EventServer.Events.EventStatusSubscriptionWsApi.UnitTest.Protocol.SessionMapperTests" name="Given_ResumeSessionAndEvents_When_Mapping_Then_ASessionIdAndEventIdIsGuid" />
    </UnitTest>
    <UnitTest name="Given_NoSession_When_AddSubscription_Then_ProperErrorResponse" storage="d:\actions-runner\_work\xpco\xpco\eventserver\server\components\central\videoos.eventserver.events.eventstatussubscriptionwsapi.unittest\bin\debug\net472\videoos.eventserver.events.eventstatussubscriptionwsapi.unittest.dll" id="4bf816f4-8ff9-5f05-5469-95e36547d36e">
      <Execution id="ba926921-3ea3-4f5e-b0b4-5f522dc59350" />
      <TestMethod codeBase="D:\actions-runner\_work\XPCO\XPCO\EventServer\Server\Components\Central\VideoOS.EventServer.Events.EventStatusSubscriptionWsApi.UnitTest\bin\Debug\net472\VideoOS.EventServer.Events.EventStatusSubscriptionWsApi.UnitTest.dll" adapterTypeName="executor://mstestadapter/v2" className="VideoOS.EventServer.Events.EventStatusSubscriptionWsApi.UnitTest.MessageHandlerTests" name="Given_NoSession_When_AddSubscription_Then_ProperErrorResponse" />
    </UnitTest>
    <UnitTest name="Given_InactiveSessionExistsGoodEventDoesNotExists_When_GetOrCreate_Then_NewSessionReturned" storage="d:\actions-runner\_work\xpco\xpco\eventserver\server\components\central\videoos.eventserver.events.eventstatussubscriptionwsapi.unittest\bin\debug\net472\videoos.eventserver.events.eventstatussubscriptionwsapi.unittest.dll" id="f12c380b-252f-3d82-b5ce-40e9dc7dcd57">
      <Execution id="1c2b1c94-ece4-4d54-a849-2719ad6c11c5" />
      <TestMethod codeBase="D:\actions-runner\_work\XPCO\XPCO\EventServer\Server\Components\Central\VideoOS.EventServer.Events.EventStatusSubscriptionWsApi.UnitTest\bin\Debug\net472\VideoOS.EventServer.Events.EventStatusSubscriptionWsApi.UnitTest.dll" adapterTypeName="executor://mstestadapter/v2" className="VideoOS.EventServer.Events.EventStatusSubscriptionWsApi.UnitTest.SessionCacheTests" name="Given_InactiveSessionExistsGoodEventDoesNotExists_When_GetOrCreate_Then_NewSessionReturned" />
    </UnitTest>
    <UnitTest name="Given_ResourceTypeSpecifierCollectionEmpty_When_Parsing_Then_400BadRequestInvalidArgumentsReturned" storage="d:\actions-runner\_work\xpco\xpco\eventserver\server\components\central\videoos.eventserver.events.eventstatussubscriptionwsapi.unittest\bin\debug\net472\videoos.eventserver.events.eventstatussubscriptionwsapi.unittest.dll" id="38a7b6a3-6c9d-888d-93a0-c6e954f4929d">
      <Execution id="7b3617ba-3a95-49a1-80c1-f04f387805ed" />
      <TestMethod codeBase="D:\actions-runner\_work\XPCO\XPCO\EventServer\Server\Components\Central\VideoOS.EventServer.Events.EventStatusSubscriptionWsApi.UnitTest\bin\Debug\net472\VideoOS.EventServer.Events.EventStatusSubscriptionWsApi.UnitTest.dll" adapterTypeName="executor://mstestadapter/v2" className="VideoOS.EventServer.Events.EventStatusSubscriptionWsApi.UnitTest.Protocol.AddSubscriptionMessageParserUnitTests" name="Given_ResourceTypeSpecifierCollectionEmpty_When_Parsing_Then_400BadRequestInvalidArgumentsReturned" />
    </UnitTest>
    <UnitTest name="Given_SessionExists_When_GetOrCreateAnotherId_Then_AnAdditionalSessionIsCreated" storage="d:\actions-runner\_work\xpco\xpco\eventserver\server\components\central\videoos.eventserver.events.eventstatussubscriptionwsapi.unittest\bin\debug\net472\videoos.eventserver.events.eventstatussubscriptionwsapi.unittest.dll" id="1a203833-3e67-798a-159d-af3605348683">
      <Execution id="25d0ff85-ccc8-401c-9135-e3e2aff18090" />
      <TestMethod codeBase="D:\actions-runner\_work\XPCO\XPCO\EventServer\Server\Components\Central\VideoOS.EventServer.Events.EventStatusSubscriptionWsApi.UnitTest\bin\Debug\net472\VideoOS.EventServer.Events.EventStatusSubscriptionWsApi.UnitTest.dll" adapterTypeName="executor://mstestadapter/v2" className="VideoOS.EventServer.Events.EventStatusSubscriptionWsApi.UnitTest.SessionCacheTests" name="Given_SessionExists_When_GetOrCreateAnotherId_Then_AnAdditionalSessionIsCreated" />
    </UnitTest>
    <UnitTest name="Given_CommandIdBoolean_When_Parsing_Then_400BadRequestInvalidArgumentsReturned" storage="d:\actions-runner\_work\xpco\xpco\eventserver\server\components\central\videoos.eventserver.events.eventstatussubscriptionwsapi.unittest\bin\debug\net472\videoos.eventserver.events.eventstatussubscriptionwsapi.unittest.dll" id="29b4380c-4fab-0ff2-5b8f-2065ade1c77f">
      <Execution id="ff4a2e00-ef3f-462c-afd7-5d1e21eaf68d" />
      <TestMethod codeBase="D:\actions-runner\_work\XPCO\XPCO\EventServer\Server\Components\Central\VideoOS.EventServer.Events.EventStatusSubscriptionWsApi.UnitTest\bin\Debug\net472\VideoOS.EventServer.Events.EventStatusSubscriptionWsApi.UnitTest.dll" adapterTypeName="executor://mstestadapter/v2" className="VideoOS.EventServer.Events.EventStatusSubscriptionWsApi.UnitTest.Protocol.AddSubscriptionMessageParserUnitTests" name="Given_CommandIdBoolean_When_Parsing_Then_400BadRequestInvalidArgumentsReturned" />
    </UnitTest>
    <UnitTest name="Given_Null_When_AddSubscriptionRulesIsCalled_Then_ExceptionIsThrown" storage="d:\actions-runner\_work\xpco\xpco\eventserver\server\components\central\videoos.eventserver.events.eventstatussubscriptionwsapi.unittest\bin\debug\net472\videoos.eventserver.events.eventstatussubscriptionwsapi.unittest.dll" id="a9e52de8-4e3c-69e2-691d-0e023421a227">
      <Execution id="44d18945-df74-4cbf-b003-402c33bb5c7f" />
      <TestMethod codeBase="D:\actions-runner\_work\XPCO\XPCO\EventServer\Server\Components\Central\VideoOS.EventServer.Events.EventStatusSubscriptionWsApi.UnitTest\bin\Debug\net472\VideoOS.EventServer.Events.EventStatusSubscriptionWsApi.UnitTest.dll" adapterTypeName="executor://mstestadapter/v2" className="VideoOS.EventServer.Events.EventStatusSubscriptionWsApi.UnitTest.SubscriptionTests" name="Given_Null_When_AddSubscriptionRulesIsCalled_Then_ExceptionIsThrown" />
    </UnitTest>
    <UnitTest name="Given_EssResumeSessionTimeoutSecondsKeyWithValueOverLimit_When_GetEssResumeSessionTimeoutSeconds_Then_MaxValueReturned" storage="d:\actions-runner\_work\xpco\xpco\eventserver\server\components\central\videoos.eventserver.events.eventstatussubscriptionwsapi.unittest\bin\debug\net472\videoos.eventserver.events.eventstatussubscriptionwsapi.unittest.dll" id="0bae87fb-b85d-97ff-1581-004ead8709b6">
      <Execution id="116a14f8-060b-4b71-94c4-2220e3d467b6" />
      <TestMethod codeBase="D:\actions-runner\_work\XPCO\XPCO\EventServer\Server\Components\Central\VideoOS.EventServer.Events.EventStatusSubscriptionWsApi.UnitTest\bin\Debug\net472\VideoOS.EventServer.Events.EventStatusSubscriptionWsApi.UnitTest.dll" adapterTypeName="executor://mstestadapter/v2" className="VideoOS.EventServer.Events.EventStatusSubscriptionWsApi.UnitTest.AppConfigReaderTests" name="Given_EssResumeSessionTimeoutSecondsKeyWithValueOverLimit_When_GetEssResumeSessionTimeoutSeconds_Then_MaxValueReturned" />
    </UnitTest>
    <UnitTest name="Given_Rules_IsSubscribedStateIsCalled_Then_IsSubscribedReturnsTheResult (ABBBB6C3-DFBD-4439-86F3-DC71C5BB39A1,Include,,True)" storage="d:\actions-runner\_work\xpco\xpco\eventserver\server\components\central\videoos.eventserver.events.eventstatussubscriptionwsapi.unittest\bin\debug\net472\videoos.eventserver.events.eventstatussubscriptionwsapi.unittest.dll" id="a89d0695-f1ec-52c6-0f6e-39897d378c92">
      <Execution id="1b42e887-6ab7-4589-b707-1e15bc896559" />
      <TestMethod codeBase="D:\actions-runner\_work\XPCO\XPCO\EventServer\Server\Components\Central\VideoOS.EventServer.Events.EventStatusSubscriptionWsApi.UnitTest\bin\Debug\net472\VideoOS.EventServer.Events.EventStatusSubscriptionWsApi.UnitTest.dll" adapterTypeName="executor://mstestadapter/v2" className="VideoOS.EventServer.Events.EventStatusSubscriptionWsApi.UnitTest.SubscriptionTests" name="Given_Rules_IsSubscribedStateIsCalled_Then_IsSubscribedReturnsTheResult" />
    </UnitTest>
    <UnitTest name="Given_StartSessionWithSessionIdNoEventId_When_Parsing_Then_CommandIsReturned" storage="d:\actions-runner\_work\xpco\xpco\eventserver\server\components\central\videoos.eventserver.events.eventstatussubscriptionwsapi.unittest\bin\debug\net472\videoos.eventserver.events.eventstatussubscriptionwsapi.unittest.dll" id="8902bc51-6268-0123-2576-c6cf515fbd3e">
      <Execution id="3f7401ea-ec05-46b8-b2d0-4ab9ee8181ab" />
      <TestMethod codeBase="D:\actions-runner\_work\XPCO\XPCO\EventServer\Server\Components\Central\VideoOS.EventServer.Events.EventStatusSubscriptionWsApi.UnitTest\bin\Debug\net472\VideoOS.EventServer.Events.EventStatusSubscriptionWsApi.UnitTest.dll" adapterTypeName="executor://mstestadapter/v2" className="VideoOS.EventServer.Events.EventStatusSubscriptionWsApi.UnitTest.Protocol.StartSessionMessageParserUnitTests" name="Given_StartSessionWithSessionIdNoEventId_When_Parsing_Then_CommandIsReturned" />
    </UnitTest>
    <UnitTest name="Given_ParamsAndValuesForEssConnectAuthorizationTimeoutSeconds_When_GetEssConnectAuthorizationTimeoutSeconds_Then_ExpectedIsReturned (EssConnectAuthorizationTimeout,sadf,5)" storage="d:\actions-runner\_work\xpco\xpco\eventserver\server\components\central\videoos.eventserver.events.eventstatussubscriptionwsapi.unittest\bin\debug\net472\videoos.eventserver.events.eventstatussubscriptionwsapi.unittest.dll" id="70eeb1ad-920b-36a3-73e7-e226adca4ba4">
      <Execution id="c30ea40b-2b02-4e77-9dbc-79f20fb78f91" />
      <TestMethod codeBase="D:\actions-runner\_work\XPCO\XPCO\EventServer\Server\Components\Central\VideoOS.EventServer.Events.EventStatusSubscriptionWsApi.UnitTest\bin\Debug\net472\VideoOS.EventServer.Events.EventStatusSubscriptionWsApi.UnitTest.dll" adapterTypeName="executor://mstestadapter/v2" className="VideoOS.EventServer.Events.EventStatusSubscriptionWsApi.UnitTest.AppConfigReaderTests" name="Given_ParamsAndValuesForEssConnectAuthorizationTimeoutSeconds_When_GetEssConnectAuthorizationTimeoutSeconds_Then_ExpectedIsReturned" />
    </UnitTest>
    <UnitTest name="Given_ErrorResponse_When_Serializing_TheOutputIsCorrect" storage="d:\actions-runner\_work\xpco\xpco\eventserver\server\components\central\videoos.eventserver.events.eventstatussubscriptionwsapi.unittest\bin\debug\net472\videoos.eventserver.events.eventstatussubscriptionwsapi.unittest.dll" id="da63023d-61f4-0bd0-40ba-5ee05c47391c">
      <Execution id="c3070b25-ed29-467b-9ad1-32eec2214fb1" />
      <TestMethod codeBase="D:\actions-runner\_work\XPCO\XPCO\EventServer\Server\Components\Central\VideoOS.EventServer.Events.EventStatusSubscriptionWsApi.UnitTest\bin\Debug\net472\VideoOS.EventServer.Events.EventStatusSubscriptionWsApi.UnitTest.dll" adapterTypeName="executor://mstestadapter/v2" className="VideoOS.EventServer.Events.EventStatusSubscriptionWsApi.UnitTest.Protocol.ResponseUnitTests" name="Given_ErrorResponse_When_Serializing_TheOutputIsCorrect" />
    </UnitTest>
    <UnitTest name="Given_OnlyExcludeModifiers_When_Parsing_Then_400BadRequestInvalidArgumentsReturned" storage="d:\actions-runner\_work\xpco\xpco\eventserver\server\components\central\videoos.eventserver.events.eventstatussubscriptionwsapi.unittest\bin\debug\net472\videoos.eventserver.events.eventstatussubscriptionwsapi.unittest.dll" id="0c217a13-ecb4-b231-f1b0-ed784058acf2">
      <Execution id="c38fc2bc-72a5-43d2-9f03-a482af94bbe5" />
      <TestMethod codeBase="D:\actions-runner\_work\XPCO\XPCO\EventServer\Server\Components\Central\VideoOS.EventServer.Events.EventStatusSubscriptionWsApi.UnitTest\bin\Debug\net472\VideoOS.EventServer.Events.EventStatusSubscriptionWsApi.UnitTest.dll" adapterTypeName="executor://mstestadapter/v2" className="VideoOS.EventServer.Events.EventStatusSubscriptionWsApi.UnitTest.Protocol.AddSubscriptionMessageParserUnitTests" name="Given_OnlyExcludeModifiers_When_Parsing_Then_400BadRequestInvalidArgumentsReturned" />
    </UnitTest>
    <UnitTest name="Given_ParamsAndValuesForEssConnectAuthorizationTimeoutSeconds_When_GetEssConnectAuthorizationTimeoutSeconds_Then_ExpectedIsReturned (EssConnectAuthorizationTimeout,61,5)" storage="d:\actions-runner\_work\xpco\xpco\eventserver\server\components\central\videoos.eventserver.events.eventstatussubscriptionwsapi.unittest\bin\debug\net472\videoos.eventserver.events.eventstatussubscriptionwsapi.unittest.dll" id="82ef564a-d6af-624d-6881-42d7ff50cdbe">
      <Execution id="c8d8f9cb-4b6c-4ecd-83b4-c7ea35259191" />
      <TestMethod codeBase="D:\actions-runner\_work\XPCO\XPCO\EventServer\Server\Components\Central\VideoOS.EventServer.Events.EventStatusSubscriptionWsApi.UnitTest\bin\Debug\net472\VideoOS.EventServer.Events.EventStatusSubscriptionWsApi.UnitTest.dll" adapterTypeName="executor://mstestadapter/v2" className="VideoOS.EventServer.Events.EventStatusSubscriptionWsApi.UnitTest.AppConfigReaderTests" name="Given_ParamsAndValuesForEssConnectAuthorizationTimeoutSeconds_When_GetEssConnectAuthorizationTimeoutSeconds_Then_ExpectedIsReturned" />
    </UnitTest>
    <UnitTest name="Given_InactiveSessionUserNullExistsWithDifferentUser_When_GetOrCreate_Then_NewSessionIsCreated" storage="d:\actions-runner\_work\xpco\xpco\eventserver\server\components\central\videoos.eventserver.events.eventstatussubscriptionwsapi.unittest\bin\debug\net472\videoos.eventserver.events.eventstatussubscriptionwsapi.unittest.dll" id="2aff5125-fb54-d17a-bf02-76651f9097aa">
      <Execution id="16011a24-1aa9-4937-bd88-2e1ed9587e3b" />
      <TestMethod codeBase="D:\actions-runner\_work\XPCO\XPCO\EventServer\Server\Components\Central\VideoOS.EventServer.Events.EventStatusSubscriptionWsApi.UnitTest\bin\Debug\net472\VideoOS.EventServer.Events.EventStatusSubscriptionWsApi.UnitTest.dll" adapterTypeName="executor://mstestadapter/v2" className="VideoOS.EventServer.Events.EventStatusSubscriptionWsApi.UnitTest.SessionCacheTests" name="Given_InactiveSessionUserNullExistsWithDifferentUser_When_GetOrCreate_Then_NewSessionIsCreated" />
    </UnitTest>
    <UnitTest name="Given_InactiveSessionExistsSameUserDifferentObject_When_GetOrCreate_Then_ExistsingSessionReturned" storage="d:\actions-runner\_work\xpco\xpco\eventserver\server\components\central\videoos.eventserver.events.eventstatussubscriptionwsapi.unittest\bin\debug\net472\videoos.eventserver.events.eventstatussubscriptionwsapi.unittest.dll" id="c320cab3-a834-5d65-ec05-fa4802ad3ca0">
      <Execution id="1f9afd10-6c11-4225-9f82-5d8bf18d566e" />
      <TestMethod codeBase="D:\actions-runner\_work\XPCO\XPCO\EventServer\Server\Components\Central\VideoOS.EventServer.Events.EventStatusSubscriptionWsApi.UnitTest\bin\Debug\net472\VideoOS.EventServer.Events.EventStatusSubscriptionWsApi.UnitTest.dll" adapterTypeName="executor://mstestadapter/v2" className="VideoOS.EventServer.Events.EventStatusSubscriptionWsApi.UnitTest.SessionCacheTests" name="Given_InactiveSessionExistsSameUserDifferentObject_When_GetOrCreate_Then_ExistsingSessionReturned" />
    </UnitTest>
    <UnitTest name="Given_EventTypeSpecifierCollectionEmpty_When_Parsing_Then_400BadRequestInvalidArgumentsReturned" storage="d:\actions-runner\_work\xpco\xpco\eventserver\server\components\central\videoos.eventserver.events.eventstatussubscriptionwsapi.unittest\bin\debug\net472\videoos.eventserver.events.eventstatussubscriptionwsapi.unittest.dll" id="a8a5aaea-1edb-fbdc-1ce8-d03ed5d4ef6a">
      <Execution id="ff201032-e71f-4411-bed9-8b60093303cb" />
      <TestMethod codeBase="D:\actions-runner\_work\XPCO\XPCO\EventServer\Server\Components\Central\VideoOS.EventServer.Events.EventStatusSubscriptionWsApi.UnitTest\bin\Debug\net472\VideoOS.EventServer.Events.EventStatusSubscriptionWsApi.UnitTest.dll" adapterTypeName="executor://mstestadapter/v2" className="VideoOS.EventServer.Events.EventStatusSubscriptionWsApi.UnitTest.Protocol.AddSubscriptionMessageParserUnitTests" name="Given_EventTypeSpecifierCollectionEmpty_When_Parsing_Then_400BadRequestInvalidArgumentsReturned" />
    </UnitTest>
    <UnitTest name="Given_Nothing_When_GetOrCreate_Then_ASessionIsCreated (5d791cdb-20c9-47d4-824e-8e02a82edb25)" storage="d:\actions-runner\_work\xpco\xpco\eventserver\server\components\central\videoos.eventserver.events.eventstatussubscriptionwsapi.unittest\bin\debug\net472\videoos.eventserver.events.eventstatussubscriptionwsapi.unittest.dll" id="328dd0e4-45d7-76b5-ca22-4814a8559100">
      <Execution id="f73d42f5-a7c4-4b0d-b000-fe67e47aa36d" />
      <TestMethod codeBase="D:\actions-runner\_work\XPCO\XPCO\EventServer\Server\Components\Central\VideoOS.EventServer.Events.EventStatusSubscriptionWsApi.UnitTest\bin\Debug\net472\VideoOS.EventServer.Events.EventStatusSubscriptionWsApi.UnitTest.dll" adapterTypeName="executor://mstestadapter/v2" className="VideoOS.EventServer.Events.EventStatusSubscriptionWsApi.UnitTest.SessionCacheTests" name="Given_Nothing_When_GetOrCreate_Then_ASessionIsCreated" />
    </UnitTest>
    <UnitTest name="Given_EventsAreAdded_When_AddingAdditionalGetRecentEvents_Then_AllAddedEventsAreReturnedInCorrectOrder" storage="d:\actions-runner\_work\xpco\xpco\eventserver\server\components\central\videoos.eventserver.events.eventstatussubscriptionwsapi.unittest\bin\debug\net472\videoos.eventserver.events.eventstatussubscriptionwsapi.unittest.dll" id="88e04dae-20a6-c7a1-b98d-f318be8516ad">
      <Execution id="0205cd83-d369-4f5c-a4c8-6297f6ff0c62" />
      <TestMethod codeBase="D:\actions-runner\_work\XPCO\XPCO\EventServer\Server\Components\Central\VideoOS.EventServer.Events.EventStatusSubscriptionWsApi.UnitTest\bin\Debug\net472\VideoOS.EventServer.Events.EventStatusSubscriptionWsApi.UnitTest.dll" adapterTypeName="executor://mstestadapter/v2" className="VideoOS.EventServer.Events.EventStatusSubscriptionWsApi.UnitTest.EventCacheTests" name="Given_EventsAreAdded_When_AddingAdditionalGetRecentEvents_Then_AllAddedEventsAreReturnedInCorrectOrder" />
    </UnitTest>
    <UnitTest name="Given_IncludeRuleWithExtendedKinds_When_IsSubscribedIsCalledWhereKindIsValid_Then_IsReturnsTheResult (088904a7-ee2d-4ab7-8fcc-25f1b462fd88,XP,False)" storage="d:\actions-runner\_work\xpco\xpco\eventserver\server\components\central\videoos.eventserver.events.eventstatussubscriptionwsapi.unittest\bin\debug\net472\videoos.eventserver.events.eventstatussubscriptionwsapi.unittest.dll" id="2a6106eb-ba7e-b936-66dc-fc24c5b7718a">
      <Execution id="cf52c256-e173-42de-9fc3-96d59b2d67bd" />
      <TestMethod codeBase="D:\actions-runner\_work\XPCO\XPCO\EventServer\Server\Components\Central\VideoOS.EventServer.Events.EventStatusSubscriptionWsApi.UnitTest\bin\Debug\net472\VideoOS.EventServer.Events.EventStatusSubscriptionWsApi.UnitTest.dll" adapterTypeName="executor://mstestadapter/v2" className="VideoOS.EventServer.Events.EventStatusSubscriptionWsApi.UnitTest.SubscriptionTests" name="Given_IncludeRuleWithExtendedKinds_When_IsSubscribedIsCalledWhereKindIsValid_Then_IsReturnsTheResult" />
    </UnitTest>
    <UnitTest name="Given_Nothing_When_GetPermittedeventsIsCalled_Then_ThePermittedEventsAreReturned" storage="d:\actions-runner\_work\xpco\xpco\eventserver\server\components\central\videoos.eventserver.events.eventstatussubscriptionwsapi.unittest\bin\debug\net472\videoos.eventserver.events.eventstatussubscriptionwsapi.unittest.dll" id="481fd340-843a-082c-7388-67fb090ab51b">
      <Execution id="66e5a7d2-8cd3-4af5-bcf8-06390ba4282c" />
      <TestMethod codeBase="D:\actions-runner\_work\XPCO\XPCO\EventServer\Server\Components\Central\VideoOS.EventServer.Events.EventStatusSubscriptionWsApi.UnitTest\bin\Debug\net472\VideoOS.EventServer.Events.EventStatusSubscriptionWsApi.UnitTest.dll" adapterTypeName="executor://mstestadapter/v2" className="VideoOS.EventServer.Events.EventStatusSubscriptionWsApi.UnitTest.RightsFilterTests" name="Given_Nothing_When_GetPermittedeventsIsCalled_Then_ThePermittedEventsAreReturned" />
    </UnitTest>
    <UnitTest name="Given_StartSessionWithInvalidSessionId_When_Parsing_Then_ErrorIsReturned" storage="d:\actions-runner\_work\xpco\xpco\eventserver\server\components\central\videoos.eventserver.events.eventstatussubscriptionwsapi.unittest\bin\debug\net472\videoos.eventserver.events.eventstatussubscriptionwsapi.unittest.dll" id="9a7b0de5-dbb0-3a2f-ee11-fc9ab5bbeded">
      <Execution id="7d1ad293-7f88-42d2-a913-a57eda44e162" />
      <TestMethod codeBase="D:\actions-runner\_work\XPCO\XPCO\EventServer\Server\Components\Central\VideoOS.EventServer.Events.EventStatusSubscriptionWsApi.UnitTest\bin\Debug\net472\VideoOS.EventServer.Events.EventStatusSubscriptionWsApi.UnitTest.dll" adapterTypeName="executor://mstestadapter/v2" className="VideoOS.EventServer.Events.EventStatusSubscriptionWsApi.UnitTest.Protocol.StartSessionMessageParserUnitTests" name="Given_StartSessionWithInvalidSessionId_When_Parsing_Then_ErrorIsReturned" />
    </UnitTest>
    <UnitTest name="Given_ExposedEventWithNoStateGroup_When_SerializeObject_Then_StateAndStateIdNotPartOfJson" storage="d:\actions-runner\_work\xpco\xpco\eventserver\server\components\central\videoos.eventserver.events.eventstatussubscriptionwsapi.unittest\bin\debug\net472\videoos.eventserver.events.eventstatussubscriptionwsapi.unittest.dll" id="fbf64ec8-d5f5-94f2-fc46-be7866b30797">
      <Execution id="ff79e0fb-71f3-4c1c-9b53-b7f8f24d10fa" />
      <TestMethod codeBase="D:\actions-runner\_work\XPCO\XPCO\EventServer\Server\Components\Central\VideoOS.EventServer.Events.EventStatusSubscriptionWsApi.UnitTest\bin\Debug\net472\VideoOS.EventServer.Events.EventStatusSubscriptionWsApi.UnitTest.dll" adapterTypeName="executor://mstestadapter/v2" className="VideoOS.EventServer.Events.EventStatusSubscriptionWsApi.UnitTest.Protocol.EventsMessageTests" name="Given_ExposedEventWithNoStateGroup_When_SerializeObject_Then_StateAndStateIdNotPartOfJson" />
    </UnitTest>
    <UnitTest name="Given_EventWithNoStateGroup_When_ToExposedEvent_Then_StateIdisNull" storage="d:\actions-runner\_work\xpco\xpco\eventserver\server\components\central\videoos.eventserver.events.eventstatussubscriptionwsapi.unittest\bin\debug\net472\videoos.eventserver.events.eventstatussubscriptionwsapi.unittest.dll" id="8c5476c8-0889-2d5c-d152-5f350961e078">
      <Execution id="9b901f2e-7056-4b55-b8c0-2c52b21fd680" />
      <TestMethod codeBase="D:\actions-runner\_work\XPCO\XPCO\EventServer\Server\Components\Central\VideoOS.EventServer.Events.EventStatusSubscriptionWsApi.UnitTest\bin\Debug\net472\VideoOS.EventServer.Events.EventStatusSubscriptionWsApi.UnitTest.dll" adapterTypeName="executor://mstestadapter/v2" className="VideoOS.EventServer.Events.EventStatusSubscriptionWsApi.UnitTest.Protocol.EventMapperTests" name="Given_EventWithNoStateGroup_When_ToExposedEvent_Then_StateIdisNull" />
    </UnitTest>
    <UnitTest name="Given_ResourceTypes_Then_ParseShouldReturnTheId (03782B66-8B2F-484F-ACD6-DAD83C011732,03782B66-8B2F-484F-ACD6-DAD83C011732)" storage="d:\actions-runner\_work\xpco\xpco\eventserver\server\components\central\videoos.eventserver.events.eventstatussubscriptionwsapi.unittest\bin\debug\net472\videoos.eventserver.events.eventstatussubscriptionwsapi.unittest.dll" id="d83db56b-87cc-9a16-cbc0-14f0f643f9e4">
      <Execution id="40b36a7b-e708-4556-bb9f-1df3e0d7d30e" />
      <TestMethod codeBase="D:\actions-runner\_work\XPCO\XPCO\EventServer\Server\Components\Central\VideoOS.EventServer.Events.EventStatusSubscriptionWsApi.UnitTest\bin\Debug\net472\VideoOS.EventServer.Events.EventStatusSubscriptionWsApi.UnitTest.dll" adapterTypeName="executor://mstestadapter/v2" className="VideoOS.EventServer.Events.EventStatusSubscriptionWsApi.UnitTest.Protocol.ResourceTypeConverterUnitTests" name="Given_ResourceTypes_Then_ParseShouldReturnTheId" />
    </UnitTest>
    <UnitTest name="Given_EventsAreAdded_When_GetRecentEventsTwice_Then_CallAreHangingAtSecondCall" storage="d:\actions-runner\_work\xpco\xpco\eventserver\server\components\central\videoos.eventserver.events.eventstatussubscriptionwsapi.unittest\bin\debug\net472\videoos.eventserver.events.eventstatussubscriptionwsapi.unittest.dll" id="df99e538-fcef-3d36-1047-c53e9aa2bfe4">
      <Execution id="5515dc85-bfc0-4303-9b53-7631d4ea5b7e" />
      <TestMethod codeBase="D:\actions-runner\_work\XPCO\XPCO\EventServer\Server\Components\Central\VideoOS.EventServer.Events.EventStatusSubscriptionWsApi.UnitTest\bin\Debug\net472\VideoOS.EventServer.Events.EventStatusSubscriptionWsApi.UnitTest.dll" adapterTypeName="executor://mstestadapter/v2" className="VideoOS.EventServer.Events.EventStatusSubscriptionWsApi.UnitTest.EventCacheTests" name="Given_EventsAreAdded_When_GetRecentEventsTwice_Then_CallAreHangingAtSecondCall" />
    </UnitTest>
    <UnitTest name="Given_MessageHandlerIsCreated_When_ValidateIsCalledWithoutAuthorizationHeaderAndANonAuthorizationCommandIsSent_Then_DisconnectIsRequestedBeforeTimeout" storage="d:\actions-runner\_work\xpco\xpco\eventserver\server\components\central\videoos.eventserver.events.eventstatussubscriptionwsapi.unittest\bin\debug\net472\videoos.eventserver.events.eventstatussubscriptionwsapi.unittest.dll" id="85e7b633-0898-9dcd-aa1d-0c44e567bb98">
      <Execution id="287822e5-1d5e-4706-8e14-0a386be79a0f" />
      <TestMethod codeBase="D:\actions-runner\_work\XPCO\XPCO\EventServer\Server\Components\Central\VideoOS.EventServer.Events.EventStatusSubscriptionWsApi.UnitTest\bin\Debug\net472\VideoOS.EventServer.Events.EventStatusSubscriptionWsApi.UnitTest.dll" adapterTypeName="executor://mstestadapter/v2" className="VideoOS.EventServer.Events.EventStatusSubscriptionWsApi.UnitTest.MessageHandlerTests" name="Given_MessageHandlerIsCreated_When_ValidateIsCalledWithoutAuthorizationHeaderAndANonAuthorizationCommandIsSent_Then_DisconnectIsRequestedBeforeTimeout" />
    </UnitTest>
    <UnitTest name="Given_EventsInCacheNoRecentEvents_When_ResumingFromExistingEvent_Then_GetRecentEventsReturnsResumedEvents" storage="d:\actions-runner\_work\xpco\xpco\eventserver\server\components\central\videoos.eventserver.events.eventstatussubscriptionwsapi.unittest\bin\debug\net472\videoos.eventserver.events.eventstatussubscriptionwsapi.unittest.dll" id="d17a0167-b318-3283-77b1-87a040e6cbda">
      <Execution id="0a8a2ce6-970c-41ec-a0dd-8638d21e58ff" />
      <TestMethod codeBase="D:\actions-runner\_work\XPCO\XPCO\EventServer\Server\Components\Central\VideoOS.EventServer.Events.EventStatusSubscriptionWsApi.UnitTest\bin\Debug\net472\VideoOS.EventServer.Events.EventStatusSubscriptionWsApi.UnitTest.dll" adapterTypeName="executor://mstestadapter/v2" className="VideoOS.EventServer.Events.EventStatusSubscriptionWsApi.UnitTest.EventCacheTests" name="Given_EventsInCacheNoRecentEvents_When_ResumingFromExistingEvent_Then_GetRecentEventsReturnsResumedEvents" />
    </UnitTest>
    <UnitTest name="Given_Rules_IsSubscribedIsCalled_Then_IsSubscribedReturnsTheResult (4EF04DAE-3C18-4BAD-A730-42F6F293E700,Include,,,,True)" storage="d:\actions-runner\_work\xpco\xpco\eventserver\server\components\central\videoos.eventserver.events.eventstatussubscriptionwsapi.unittest\bin\debug\net472\videoos.eventserver.events.eventstatussubscriptionwsapi.unittest.dll" id="0966b5db-2e06-8767-524f-3e7bcc7e7dd3">
      <Execution id="8f6a842d-a17e-4554-99c6-63b835806c02" />
      <TestMethod codeBase="D:\actions-runner\_work\XPCO\XPCO\EventServer\Server\Components\Central\VideoOS.EventServer.Events.EventStatusSubscriptionWsApi.UnitTest\bin\Debug\net472\VideoOS.EventServer.Events.EventStatusSubscriptionWsApi.UnitTest.dll" adapterTypeName="executor://mstestadapter/v2" className="VideoOS.EventServer.Events.EventStatusSubscriptionWsApi.UnitTest.SubscriptionTests" name="Given_Rules_IsSubscribedIsCalled_Then_IsSubscribedReturnsTheResult" />
    </UnitTest>
    <UnitTest name="Given_NoSession_When_StartSession_Then_SuccessCreated" storage="d:\actions-runner\_work\xpco\xpco\eventserver\server\components\central\videoos.eventserver.events.eventstatussubscriptionwsapi.unittest\bin\debug\net472\videoos.eventserver.events.eventstatussubscriptionwsapi.unittest.dll" id="f799f189-be53-4091-5b25-657cc5d1b247">
      <Execution id="4145b305-5b12-44d0-bf24-76bf09851622" />
      <TestMethod codeBase="D:\actions-runner\_work\XPCO\XPCO\EventServer\Server\Components\Central\VideoOS.EventServer.Events.EventStatusSubscriptionWsApi.UnitTest\bin\Debug\net472\VideoOS.EventServer.Events.EventStatusSubscriptionWsApi.UnitTest.dll" adapterTypeName="executor://mstestadapter/v2" className="VideoOS.EventServer.Events.EventStatusSubscriptionWsApi.UnitTest.MessageHandlerTests" name="Given_NoSession_When_StartSession_Then_SuccessCreated" />
    </UnitTest>
    <UnitTest name="Given_ParamsAndValuesForEssConnectAuthorizationTimeoutSeconds_When_GetEssConnectAuthorizationTimeoutSeconds_Then_ExpectedIsReturned (SomeOtherKey,10,5)" storage="d:\actions-runner\_work\xpco\xpco\eventserver\server\components\central\videoos.eventserver.events.eventstatussubscriptionwsapi.unittest\bin\debug\net472\videoos.eventserver.events.eventstatussubscriptionwsapi.unittest.dll" id="3d4b9a3d-89d4-b2fd-70dd-2497dc4dbb19">
      <Execution id="55f61c4b-01bd-497f-97a5-58da0e0d9830" />
      <TestMethod codeBase="D:\actions-runner\_work\XPCO\XPCO\EventServer\Server\Components\Central\VideoOS.EventServer.Events.EventStatusSubscriptionWsApi.UnitTest\bin\Debug\net472\VideoOS.EventServer.Events.EventStatusSubscriptionWsApi.UnitTest.dll" adapterTypeName="executor://mstestadapter/v2" className="VideoOS.EventServer.Events.EventStatusSubscriptionWsApi.UnitTest.AppConfigReaderTests" name="Given_ParamsAndValuesForEssConnectAuthorizationTimeoutSeconds_When_GetEssConnectAuthorizationTimeoutSeconds_Then_ExpectedIsReturned" />
    </UnitTest>
    <UnitTest name="Given_SubscriptionDoesNotExist_When_AttemptToRemove_Then_AnErrorIsReturned" storage="d:\actions-runner\_work\xpco\xpco\eventserver\server\components\central\videoos.eventserver.events.eventstatussubscriptionwsapi.unittest\bin\debug\net472\videoos.eventserver.events.eventstatussubscriptionwsapi.unittest.dll" id="6b5e001c-372d-3984-9439-6b6573e7f51e">
      <Execution id="814b29d4-4fe5-4e61-8ee2-63ae6f56dc28" />
      <TestMethod codeBase="D:\actions-runner\_work\XPCO\XPCO\EventServer\Server\Components\Central\VideoOS.EventServer.Events.EventStatusSubscriptionWsApi.UnitTest\bin\Debug\net472\VideoOS.EventServer.Events.EventStatusSubscriptionWsApi.UnitTest.dll" adapterTypeName="executor://mstestadapter/v2" className="VideoOS.EventServer.Events.EventStatusSubscriptionWsApi.UnitTest.SubscriptionRuleEngineTests" name="Given_SubscriptionDoesNotExist_When_AttemptToRemove_Then_AnErrorIsReturned" />
    </UnitTest>
    <UnitTest name="Given_EventWithKnownKind_When_ToExposedEvent_Then_SourceIsCorrect" storage="d:\actions-runner\_work\xpco\xpco\eventserver\server\components\central\videoos.eventserver.events.eventstatussubscriptionwsapi.unittest\bin\debug\net472\videoos.eventserver.events.eventstatussubscriptionwsapi.unittest.dll" id="eaeece35-3172-5c51-c577-7144c5c03259">
      <Execution id="0b37cd00-3e20-4b3e-aa79-0130389b2bc3" />
      <TestMethod codeBase="D:\actions-runner\_work\XPCO\XPCO\EventServer\Server\Components\Central\VideoOS.EventServer.Events.EventStatusSubscriptionWsApi.UnitTest\bin\Debug\net472\VideoOS.EventServer.Events.EventStatusSubscriptionWsApi.UnitTest.dll" adapterTypeName="executor://mstestadapter/v2" className="VideoOS.EventServer.Events.EventStatusSubscriptionWsApi.UnitTest.Protocol.EventMapperTests" name="Given_EventWithKnownKind_When_ToExposedEvent_Then_SourceIsCorrect" />
    </UnitTest>
    <UnitTest name="Given_MissingSpecifier_When_Parsing_Then_400BadRequestInvalidArgumentsReturned" storage="d:\actions-runner\_work\xpco\xpco\eventserver\server\components\central\videoos.eventserver.events.eventstatussubscriptionwsapi.unittest\bin\debug\net472\videoos.eventserver.events.eventstatussubscriptionwsapi.unittest.dll" id="f0782b82-1d51-d793-bf43-0576cd5997bc">
      <Execution id="dfe48335-e1ba-4d2b-a127-b219936d3916" />
      <TestMethod codeBase="D:\actions-runner\_work\XPCO\XPCO\EventServer\Server\Components\Central\VideoOS.EventServer.Events.EventStatusSubscriptionWsApi.UnitTest\bin\Debug\net472\VideoOS.EventServer.Events.EventStatusSubscriptionWsApi.UnitTest.dll" adapterTypeName="executor://mstestadapter/v2" className="VideoOS.EventServer.Events.EventStatusSubscriptionWsApi.UnitTest.Protocol.AddSubscriptionMessageParserUnitTests" name="Given_MissingSpecifier_When_Parsing_Then_400BadRequestInvalidArgumentsReturned" />
    </UnitTest>
    <UnitTest name="Given_Nothing_When_NewEventInEventCache_Then_EventSenderDoesNotFetchFromEventCache" storage="d:\actions-runner\_work\xpco\xpco\eventserver\server\components\central\videoos.eventserver.events.eventstatussubscriptionwsapi.unittest\bin\debug\net472\videoos.eventserver.events.eventstatussubscriptionwsapi.unittest.dll" id="3cee16d3-b36c-ab9e-3ba3-183a6748dbfa">
      <Execution id="82ab5a29-61cf-4812-bb8e-ae29e0871e79" />
      <TestMethod codeBase="D:\actions-runner\_work\XPCO\XPCO\EventServer\Server\Components\Central\VideoOS.EventServer.Events.EventStatusSubscriptionWsApi.UnitTest\bin\Debug\net472\VideoOS.EventServer.Events.EventStatusSubscriptionWsApi.UnitTest.dll" adapterTypeName="executor://mstestadapter/v2" className="VideoOS.EventServer.Events.EventStatusSubscriptionWsApi.UnitTest.EventSenderUnitTests" name="Given_Nothing_When_NewEventInEventCache_Then_EventSenderDoesNotFetchFromEventCache" />
    </UnitTest>
    <UnitTest name="Given_SessionExistsButIsNotInactive_When_GetOrCreate_Then_NewSessionIsReturned" storage="d:\actions-runner\_work\xpco\xpco\eventserver\server\components\central\videoos.eventserver.events.eventstatussubscriptionwsapi.unittest\bin\debug\net472\videoos.eventserver.events.eventstatussubscriptionwsapi.unittest.dll" id="60e0d5d7-a3e6-79c1-e9e1-84c57cc0d5ed">
      <Execution id="6b2b6379-fdeb-4055-b5e3-eadce983e431" />
      <TestMethod codeBase="D:\actions-runner\_work\XPCO\XPCO\EventServer\Server\Components\Central\VideoOS.EventServer.Events.EventStatusSubscriptionWsApi.UnitTest\bin\Debug\net472\VideoOS.EventServer.Events.EventStatusSubscriptionWsApi.UnitTest.dll" adapterTypeName="executor://mstestadapter/v2" className="VideoOS.EventServer.Events.EventStatusSubscriptionWsApi.UnitTest.SessionCacheTests" name="Given_SessionExistsButIsNotInactive_When_GetOrCreate_Then_NewSessionIsReturned" />
    </UnitTest>
    <UnitTest name="Given_EventsInCache_When_RetentionTimeExpires_Then_EventsCanNoLongerBeResumed" storage="d:\actions-runner\_work\xpco\xpco\eventserver\server\components\central\videoos.eventserver.events.eventstatussubscriptionwsapi.unittest\bin\debug\net472\videoos.eventserver.events.eventstatussubscriptionwsapi.unittest.dll" id="a3675df0-d5b7-652d-f192-ad7ccce62d82">
      <Execution id="98d92a30-6c68-4f16-8ecf-0a5129592708" />
      <TestMethod codeBase="D:\actions-runner\_work\XPCO\XPCO\EventServer\Server\Components\Central\VideoOS.EventServer.Events.EventStatusSubscriptionWsApi.UnitTest\bin\Debug\net472\VideoOS.EventServer.Events.EventStatusSubscriptionWsApi.UnitTest.dll" adapterTypeName="executor://mstestadapter/v2" className="VideoOS.EventServer.Events.EventStatusSubscriptionWsApi.UnitTest.EventCacheTests" name="Given_EventsInCache_When_RetentionTimeExpires_Then_EventsCanNoLongerBeResumed" />
    </UnitTest>
    <UnitTest name="Given_EventEngineSubscribesToPusher_When_EventEngineIsDisposed_Then_ItUnsubscribesFromPusher" storage="d:\actions-runner\_work\xpco\xpco\eventserver\server\components\central\videoos.eventserver.events.eventstatussubscriptionwsapi.unittest\bin\debug\net472\videoos.eventserver.events.eventstatussubscriptionwsapi.unittest.dll" id="585e800b-5018-9338-1c12-fccb1555134d">
      <Execution id="7a6826cd-e22d-4199-b207-026f23c13ba2" />
      <TestMethod codeBase="D:\actions-runner\_work\XPCO\XPCO\EventServer\Server\Components\Central\VideoOS.EventServer.Events.EventStatusSubscriptionWsApi.UnitTest\bin\Debug\net472\VideoOS.EventServer.Events.EventStatusSubscriptionWsApi.UnitTest.dll" adapterTypeName="executor://mstestadapter/v2" className="VideoOS.EventServer.Events.EventStatusSubscriptionWsApi.UnitTest.EventEngineTests" name="Given_EventEngineSubscribesToPusher_When_EventEngineIsDisposed_Then_ItUnsubscribesFromPusher" />
    </UnitTest>
    <UnitTest name="Given_MessageHandlerIsCreatedAndClientValidated_When_AnAuthenticateCommandIsSent_Then_ItIsIgnoredAndAnErrorResponseIsReturned" storage="d:\actions-runner\_work\xpco\xpco\eventserver\server\components\central\videoos.eventserver.events.eventstatussubscriptionwsapi.unittest\bin\debug\net472\videoos.eventserver.events.eventstatussubscriptionwsapi.unittest.dll" id="4f2ad8a8-e34c-1bcc-8266-63f0740759e4">
      <Execution id="bb34879e-1d78-4e1f-8b3c-725fed355923" />
      <TestMethod codeBase="D:\actions-runner\_work\XPCO\XPCO\EventServer\Server\Components\Central\VideoOS.EventServer.Events.EventStatusSubscriptionWsApi.UnitTest\bin\Debug\net472\VideoOS.EventServer.Events.EventStatusSubscriptionWsApi.UnitTest.dll" adapterTypeName="executor://mstestadapter/v2" className="VideoOS.EventServer.Events.EventStatusSubscriptionWsApi.UnitTest.MessageHandlerTests" name="Given_MessageHandlerIsCreatedAndClientValidated_When_AnAuthenticateCommandIsSent_Then_ItIsIgnoredAndAnErrorResponseIsReturned" />
    </UnitTest>
    <UnitTest name="Given_SessionExists_When_StartNewSession_Then_SuccessNewSessionCreatedOldSessionDiscarded" storage="d:\actions-runner\_work\xpco\xpco\eventserver\server\components\central\videoos.eventserver.events.eventstatussubscriptionwsapi.unittest\bin\debug\net472\videoos.eventserver.events.eventstatussubscriptionwsapi.unittest.dll" id="cfdad807-6976-92ae-7eac-bfd3102843cf">
      <Execution id="9b99850a-433b-4b2c-a206-c528888a3421" />
      <TestMethod codeBase="D:\actions-runner\_work\XPCO\XPCO\EventServer\Server\Components\Central\VideoOS.EventServer.Events.EventStatusSubscriptionWsApi.UnitTest\bin\Debug\net472\VideoOS.EventServer.Events.EventStatusSubscriptionWsApi.UnitTest.dll" adapterTypeName="executor://mstestadapter/v2" className="VideoOS.EventServer.Events.EventStatusSubscriptionWsApi.UnitTest.MessageHandlerTests" name="Given_SessionExists_When_StartNewSession_Then_SuccessNewSessionCreatedOldSessionDiscarded" />
    </UnitTest>
    <UnitTest name="Given_Nothing_When_SettingAndRemovingEventReceiverFast_Then_NoExceptionThrown" storage="d:\actions-runner\_work\xpco\xpco\eventserver\server\components\central\videoos.eventserver.events.eventstatussubscriptionwsapi.unittest\bin\debug\net472\videoos.eventserver.events.eventstatussubscriptionwsapi.unittest.dll" id="768fb8b7-3990-5a33-7f27-4e6edef2b06b">
      <Execution id="8b1f492a-5192-409a-9a48-178c4985a41d" />
      <TestMethod codeBase="D:\actions-runner\_work\XPCO\XPCO\EventServer\Server\Components\Central\VideoOS.EventServer.Events.EventStatusSubscriptionWsApi.UnitTest\bin\Debug\net472\VideoOS.EventServer.Events.EventStatusSubscriptionWsApi.UnitTest.dll" adapterTypeName="executor://mstestadapter/v2" className="VideoOS.EventServer.Events.EventStatusSubscriptionWsApi.UnitTest.EventSenderUnitTests" name="Given_Nothing_When_SettingAndRemovingEventReceiverFast_Then_NoExceptionThrown" />
    </UnitTest>
    <UnitTest name="Given_EssResumeSessionTimeoutSecondsKeyDoesNotExist_When_GetEssResumeSessionTimeoutSeconds_Then_DefaultValueReturned" storage="d:\actions-runner\_work\xpco\xpco\eventserver\server\components\central\videoos.eventserver.events.eventstatussubscriptionwsapi.unittest\bin\debug\net472\videoos.eventserver.events.eventstatussubscriptionwsapi.unittest.dll" id="c4567314-3208-8c2e-d7e3-263b4b46b4ae">
      <Execution id="23828e1e-3987-4c8e-81b0-bb56522b47d4" />
      <TestMethod codeBase="D:\actions-runner\_work\XPCO\XPCO\EventServer\Server\Components\Central\VideoOS.EventServer.Events.EventStatusSubscriptionWsApi.UnitTest\bin\Debug\net472\VideoOS.EventServer.Events.EventStatusSubscriptionWsApi.UnitTest.dll" adapterTypeName="executor://mstestadapter/v2" className="VideoOS.EventServer.Events.EventStatusSubscriptionWsApi.UnitTest.AppConfigReaderTests" name="Given_EssResumeSessionTimeoutSecondsKeyDoesNotExist_When_GetEssResumeSessionTimeoutSeconds_Then_DefaultValueReturned" />
    </UnitTest>
    <UnitTest name="Given_IncludeRuleWithExtendedKinds_When_IsSubscribedIsCalledWhereKindIsValid_Then_IsReturnsTheResult (1d48187a-b159-48fe-8025-e4dc5269b749,XPCO,True)" storage="d:\actions-runner\_work\xpco\xpco\eventserver\server\components\central\videoos.eventserver.events.eventstatussubscriptionwsapi.unittest\bin\debug\net472\videoos.eventserver.events.eventstatussubscriptionwsapi.unittest.dll" id="005a0164-534c-e56f-7279-9e3fcaf62159">
      <Execution id="8eb0f7df-ef18-40fe-a7dd-5341911a92db" />
      <TestMethod codeBase="D:\actions-runner\_work\XPCO\XPCO\EventServer\Server\Components\Central\VideoOS.EventServer.Events.EventStatusSubscriptionWsApi.UnitTest\bin\Debug\net472\VideoOS.EventServer.Events.EventStatusSubscriptionWsApi.UnitTest.dll" adapterTypeName="executor://mstestadapter/v2" className="VideoOS.EventServer.Events.EventStatusSubscriptionWsApi.UnitTest.SubscriptionTests" name="Given_IncludeRuleWithExtendedKinds_When_IsSubscribedIsCalledWhereKindIsValid_Then_IsReturnsTheResult" />
    </UnitTest>
    <UnitTest name="Given_Nothing_When_AStateFullAndAStatelessEventIsPushed_Then_OnlyTheStateFullEventAddedToTheCache" storage="d:\actions-runner\_work\xpco\xpco\eventserver\server\components\central\videoos.eventserver.events.eventstatussubscriptionwsapi.unittest\bin\debug\net472\videoos.eventserver.events.eventstatussubscriptionwsapi.unittest.dll" id="c71ae056-973d-f7c9-8269-7b94bc1575d1">
      <Execution id="54387ca5-b807-4825-bf62-2f8a01291703" />
      <TestMethod codeBase="D:\actions-runner\_work\XPCO\XPCO\EventServer\Server\Components\Central\VideoOS.EventServer.Events.EventStatusSubscriptionWsApi.UnitTest\bin\Debug\net472\VideoOS.EventServer.Events.EventStatusSubscriptionWsApi.UnitTest.dll" adapterTypeName="executor://mstestadapter/v2" className="VideoOS.EventServer.Events.EventStatusSubscriptionWsApi.UnitTest.StateCacheUnitTests" name="Given_Nothing_When_AStateFullAndAStatelessEventIsPushed_Then_OnlyTheStateFullEventAddedToTheCache" />
    </UnitTest>
    <UnitTest name="Given_Rules_IsSubscribedStateIsCalled_Then_IsSubscribedReturnsTheResult (ABBBB6C3-DFBD-4439-86F3-DC71C5BB39A1,Exclude,,False)" storage="d:\actions-runner\_work\xpco\xpco\eventserver\server\components\central\videoos.eventserver.events.eventstatussubscriptionwsapi.unittest\bin\debug\net472\videoos.eventserver.events.eventstatussubscriptionwsapi.unittest.dll" id="bac320c3-b6a0-73c8-39a2-fe6fdd381331">
      <Execution id="fe603eb2-949b-4367-95a8-723f656d98d3" />
      <TestMethod codeBase="D:\actions-runner\_work\XPCO\XPCO\EventServer\Server\Components\Central\VideoOS.EventServer.Events.EventStatusSubscriptionWsApi.UnitTest\bin\Debug\net472\VideoOS.EventServer.Events.EventStatusSubscriptionWsApi.UnitTest.dll" adapterTypeName="executor://mstestadapter/v2" className="VideoOS.EventServer.Events.EventStatusSubscriptionWsApi.UnitTest.SubscriptionTests" name="Given_Rules_IsSubscribedStateIsCalled_Then_IsSubscribedReturnsTheResult" />
    </UnitTest>
    <UnitTest name="Given_EssResumeSessionTimeoutSecondsKeyWithValue_When_GetEssResumeSessionTimeoutSeconds_Then_ValueReturned" storage="d:\actions-runner\_work\xpco\xpco\eventserver\server\components\central\videoos.eventserver.events.eventstatussubscriptionwsapi.unittest\bin\debug\net472\videoos.eventserver.events.eventstatussubscriptionwsapi.unittest.dll" id="1701e553-4b92-dc28-17a3-5f3b2e50e5ab">
      <Execution id="78fd68d0-4365-481d-94bf-38819e01efc1" />
      <TestMethod codeBase="D:\actions-runner\_work\XPCO\XPCO\EventServer\Server\Components\Central\VideoOS.EventServer.Events.EventStatusSubscriptionWsApi.UnitTest\bin\Debug\net472\VideoOS.EventServer.Events.EventStatusSubscriptionWsApi.UnitTest.dll" adapterTypeName="executor://mstestadapter/v2" className="VideoOS.EventServer.Events.EventStatusSubscriptionWsApi.UnitTest.AppConfigReaderTests" name="Given_EssResumeSessionTimeoutSecondsKeyWithValue_When_GetEssResumeSessionTimeoutSeconds_Then_ValueReturned" />
    </UnitTest>
    <UnitTest name="Given_AddSubscriptionCommand_When_Mapping_Then_AProperSubscriptionUpdateIsCreated" storage="d:\actions-runner\_work\xpco\xpco\eventserver\server\components\central\videoos.eventserver.events.eventstatussubscriptionwsapi.unittest\bin\debug\net472\videoos.eventserver.events.eventstatussubscriptionwsapi.unittest.dll" id="83550f0a-a118-bb08-1ed4-f3c798229aac">
      <Execution id="0542162a-52d6-4c2b-b9eb-55795452d057" />
      <TestMethod codeBase="D:\actions-runner\_work\XPCO\XPCO\EventServer\Server\Components\Central\VideoOS.EventServer.Events.EventStatusSubscriptionWsApi.UnitTest\bin\Debug\net472\VideoOS.EventServer.Events.EventStatusSubscriptionWsApi.UnitTest.dll" adapterTypeName="executor://mstestadapter/v2" className="VideoOS.EventServer.Events.EventStatusSubscriptionWsApi.UnitTest.Protocol.CommandMapperTests" name="Given_AddSubscriptionCommand_When_Mapping_Then_AProperSubscriptionUpdateIsCreated" />
    </UnitTest>
    <UnitTest name="Given_ParamsAndValuesForEssConnectAuthorizationTimeoutSeconds_When_GetEssConnectAuthorizationTimeoutSeconds_Then_ExpectedIsReturned (EssConnectAuthorizationTimeout,-1,5)" storage="d:\actions-runner\_work\xpco\xpco\eventserver\server\components\central\videoos.eventserver.events.eventstatussubscriptionwsapi.unittest\bin\debug\net472\videoos.eventserver.events.eventstatussubscriptionwsapi.unittest.dll" id="c22f1937-927d-4816-d5ab-1a0baaf000a8">
      <Execution id="0a98110c-6466-4c3c-b243-4a4d71d29b88" />
      <TestMethod codeBase="D:\actions-runner\_work\XPCO\XPCO\EventServer\Server\Components\Central\VideoOS.EventServer.Events.EventStatusSubscriptionWsApi.UnitTest\bin\Debug\net472\VideoOS.EventServer.Events.EventStatusSubscriptionWsApi.UnitTest.dll" adapterTypeName="executor://mstestadapter/v2" className="VideoOS.EventServer.Events.EventStatusSubscriptionWsApi.UnitTest.AppConfigReaderTests" name="Given_ParamsAndValuesForEssConnectAuthorizationTimeoutSeconds_When_GetEssConnectAuthorizationTimeoutSeconds_Then_ExpectedIsReturned" />
    </UnitTest>
    <UnitTest name="Given_Rules_IsSubscribedStateIsCalled_Then_IsSubscribedReturnsTheResult (ABBBB6C3-DFBD-4439-86F3-DC71C5BB39A1,Include,ABBBB6C3-DFBD-4439-86F3-DC71C5BB39A1,True)" storage="d:\actions-runner\_work\xpco\xpco\eventserver\server\components\central\videoos.eventserver.events.eventstatussubscriptionwsapi.unittest\bin\debug\net472\videoos.eventserver.events.eventstatussubscriptionwsapi.unittest.dll" id="52a5f325-961f-02a2-36af-76660603105d">
      <Execution id="19888744-843f-4b18-bf15-f72f14cb9326" />
      <TestMethod codeBase="D:\actions-runner\_work\XPCO\XPCO\EventServer\Server\Components\Central\VideoOS.EventServer.Events.EventStatusSubscriptionWsApi.UnitTest\bin\Debug\net472\VideoOS.EventServer.Events.EventStatusSubscriptionWsApi.UnitTest.dll" adapterTypeName="executor://mstestadapter/v2" className="VideoOS.EventServer.Events.EventStatusSubscriptionWsApi.UnitTest.SubscriptionTests" name="Given_Rules_IsSubscribedStateIsCalled_Then_IsSubscribedReturnsTheResult" />
    </UnitTest>
    <UnitTest name="Given_MessageHandlerIsCreated_When_ValidateIsCalledWithoutAuthorizationHeader_Then_StatusIsSuccessAndDisconnectRequestIsCalledAfterTimeout" storage="d:\actions-runner\_work\xpco\xpco\eventserver\server\components\central\videoos.eventserver.events.eventstatussubscriptionwsapi.unittest\bin\debug\net472\videoos.eventserver.events.eventstatussubscriptionwsapi.unittest.dll" id="29e8a8c3-6cb3-9ed6-377b-a865e9932129">
      <Execution id="dc6e0697-0091-44dd-9798-28ba09175853" />
      <TestMethod codeBase="D:\actions-runner\_work\XPCO\XPCO\EventServer\Server\Components\Central\VideoOS.EventServer.Events.EventStatusSubscriptionWsApi.UnitTest\bin\Debug\net472\VideoOS.EventServer.Events.EventStatusSubscriptionWsApi.UnitTest.dll" adapterTypeName="executor://mstestadapter/v2" className="VideoOS.EventServer.Events.EventStatusSubscriptionWsApi.UnitTest.MessageHandlerTests" name="Given_MessageHandlerIsCreated_When_ValidateIsCalledWithoutAuthorizationHeader_Then_StatusIsSuccessAndDisconnectRequestIsCalledAfterTimeout" />
    </UnitTest>
    <UnitTest name="Given_MultipleEventSubPushersAreSubScribedTo_When_TheEventAndStatePusherIsDisposed_Then_ThenAllSubPushersAreUnsubscribed" storage="d:\actions-runner\_work\xpco\xpco\eventserver\server\components\central\videoos.eventserver.events.eventstatussubscriptionwsapi.unittest\bin\debug\net472\videoos.eventserver.events.eventstatussubscriptionwsapi.unittest.dll" id="408ecd82-af97-3e0a-f15b-76ffe0975d7b">
      <Execution id="eec762c9-e3ea-4fb1-9dbc-be958c6ffa1a" />
      <TestMethod codeBase="D:\actions-runner\_work\XPCO\XPCO\EventServer\Server\Components\Central\VideoOS.EventServer.Events.EventStatusSubscriptionWsApi.UnitTest\bin\Debug\net472\VideoOS.EventServer.Events.EventStatusSubscriptionWsApi.UnitTest.dll" adapterTypeName="executor://mstestadapter/v2" className="VideoOS.EventServer.Events.EventStatusSubscriptionWsApi.UnitTest.EventAndStatePusherTests" name="Given_MultipleEventSubPushersAreSubScribedTo_When_TheEventAndStatePusherIsDisposed_Then_ThenAllSubPushersAreUnsubscribed" />
    </UnitTest>
    <UnitTest name="Given_EventReceiverIsSet_When_NewEventInEventCache_Then_EventIsSentToEventReceiver" storage="d:\actions-runner\_work\xpco\xpco\eventserver\server\components\central\videoos.eventserver.events.eventstatussubscriptionwsapi.unittest\bin\debug\net472\videoos.eventserver.events.eventstatussubscriptionwsapi.unittest.dll" id="c742fc73-325e-9428-9ee7-73ee2741e439">
      <Execution id="f7366969-d869-46cd-b7b7-9cac5e24b086" />
      <TestMethod codeBase="D:\actions-runner\_work\XPCO\XPCO\EventServer\Server\Components\Central\VideoOS.EventServer.Events.EventStatusSubscriptionWsApi.UnitTest\bin\Debug\net472\VideoOS.EventServer.Events.EventStatusSubscriptionWsApi.UnitTest.dll" adapterTypeName="executor://mstestadapter/v2" className="VideoOS.EventServer.Events.EventStatusSubscriptionWsApi.UnitTest.EventSenderUnitTests" name="Given_EventReceiverIsSet_When_NewEventInEventCache_Then_EventIsSentToEventReceiver" />
    </UnitTest>
    <UnitTest name="Given_RemoveSubscriptionCommand_When_Mapping_Then_AProperSubscriptionUpdateIsCreated" storage="d:\actions-runner\_work\xpco\xpco\eventserver\server\components\central\videoos.eventserver.events.eventstatussubscriptionwsapi.unittest\bin\debug\net472\videoos.eventserver.events.eventstatussubscriptionwsapi.unittest.dll" id="1222d351-f369-13e6-8a63-654c6658a8f7">
      <Execution id="d46004ac-56a2-4778-afe2-9f302b1a7f12" />
      <TestMethod codeBase="D:\actions-runner\_work\XPCO\XPCO\EventServer\Server\Components\Central\VideoOS.EventServer.Events.EventStatusSubscriptionWsApi.UnitTest\bin\Debug\net472\VideoOS.EventServer.Events.EventStatusSubscriptionWsApi.UnitTest.dll" adapterTypeName="executor://mstestadapter/v2" className="VideoOS.EventServer.Events.EventStatusSubscriptionWsApi.UnitTest.Protocol.CommandMapperTests" name="Given_RemoveSubscriptionCommand_When_Mapping_Then_AProperSubscriptionUpdateIsCreated" />
    </UnitTest>
    <UnitTest name="Given_StartSessionWithSessionId_When_Parsing_Then_CommandIsReturned" storage="d:\actions-runner\_work\xpco\xpco\eventserver\server\components\central\videoos.eventserver.events.eventstatussubscriptionwsapi.unittest\bin\debug\net472\videoos.eventserver.events.eventstatussubscriptionwsapi.unittest.dll" id="b5c0a1fd-aa2b-5442-fd8a-3074032b4f13">
      <Execution id="5eaf9902-6751-4ca2-a7c0-e74f9604b18b" />
      <TestMethod codeBase="D:\actions-runner\_work\XPCO\XPCO\EventServer\Server\Components\Central\VideoOS.EventServer.Events.EventStatusSubscriptionWsApi.UnitTest\bin\Debug\net472\VideoOS.EventServer.Events.EventStatusSubscriptionWsApi.UnitTest.dll" adapterTypeName="executor://mstestadapter/v2" className="VideoOS.EventServer.Events.EventStatusSubscriptionWsApi.UnitTest.Protocol.StartSessionMessageParserUnitTests" name="Given_StartSessionWithSessionId_When_Parsing_Then_CommandIsReturned" />
    </UnitTest>
    <UnitTest name="Given_MultipleEventSubPushersAreSubScribedTo_When_AnyOfThePuhsersPushesAnEvent_Then_TheEventIsforwarded" storage="d:\actions-runner\_work\xpco\xpco\eventserver\server\components\central\videoos.eventserver.events.eventstatussubscriptionwsapi.unittest\bin\debug\net472\videoos.eventserver.events.eventstatussubscriptionwsapi.unittest.dll" id="e12d47e8-52e8-1587-c267-c57ea84bfbac">
      <Execution id="43da47a7-89dd-4ab1-984c-53eb14981c5e" />
      <TestMethod codeBase="D:\actions-runner\_work\XPCO\XPCO\EventServer\Server\Components\Central\VideoOS.EventServer.Events.EventStatusSubscriptionWsApi.UnitTest\bin\Debug\net472\VideoOS.EventServer.Events.EventStatusSubscriptionWsApi.UnitTest.dll" adapterTypeName="executor://mstestadapter/v2" className="VideoOS.EventServer.Events.EventStatusSubscriptionWsApi.UnitTest.EventAndStatePusherTests" name="Given_MultipleEventSubPushersAreSubScribedTo_When_AnyOfThePuhsersPushesAnEvent_Then_TheEventIsforwarded" />
    </UnitTest>
    <UnitTest name="Given_Rules_IsSubscribedIsCalled_Then_IsSubscribedReturnsTheResult (4EF04DAE-3C18-4BAD-A730-42F6F293E700,Exclude,4EF04DAE-3C18-4BAD-A730-42F6F293E700,,,False)" storage="d:\actions-runner\_work\xpco\xpco\eventserver\server\components\central\videoos.eventserver.events.eventstatussubscriptionwsapi.unittest\bin\debug\net472\videoos.eventserver.events.eventstatussubscriptionwsapi.unittest.dll" id="808f6769-4db7-45b6-b417-19ff0fba4947">
      <Execution id="a4271889-78ab-4a1c-a465-6c61634b3bb6" />
      <TestMethod codeBase="D:\actions-runner\_work\XPCO\XPCO\EventServer\Server\Components\Central\VideoOS.EventServer.Events.EventStatusSubscriptionWsApi.UnitTest\bin\Debug\net472\VideoOS.EventServer.Events.EventStatusSubscriptionWsApi.UnitTest.dll" adapterTypeName="executor://mstestadapter/v2" className="VideoOS.EventServer.Events.EventStatusSubscriptionWsApi.UnitTest.SubscriptionTests" name="Given_Rules_IsSubscribedIsCalled_Then_IsSubscribedReturnsTheResult" />
    </UnitTest>
    <UnitTest name="Given_Nothing_When_UserSidIsGuid_Then_TypeIsBasicUser" storage="d:\actions-runner\_work\xpco\xpco\eventserver\server\components\central\videoos.eventserver.events.eventstatussubscriptionwsapi.unittest\bin\debug\net472\videoos.eventserver.events.eventstatussubscriptionwsapi.unittest.dll" id="e2d72b73-0696-090f-8c01-3546d7e28db3">
      <Execution id="37d5d439-b686-4095-9d26-4644f1734d80" />
      <TestMethod codeBase="D:\actions-runner\_work\XPCO\XPCO\EventServer\Server\Components\Central\VideoOS.EventServer.Events.EventStatusSubscriptionWsApi.UnitTest\bin\Debug\net472\VideoOS.EventServer.Events.EventStatusSubscriptionWsApi.UnitTest.dll" adapterTypeName="executor://mstestadapter/v2" className="VideoOS.EventServer.Events.EventStatusSubscriptionWsApi.UnitTest.UserWrapperTests" name="Given_Nothing_When_UserSidIsGuid_Then_TypeIsBasicUser" />
    </UnitTest>
    <UnitTest name="Given_StatesHasBeenSet_When_GetCurrentState_Then_PermittedAndSubscribedStatesAreReturned" storage="d:\actions-runner\_work\xpco\xpco\eventserver\server\components\central\videoos.eventserver.events.eventstatussubscriptionwsapi.unittest\bin\debug\net472\videoos.eventserver.events.eventstatussubscriptionwsapi.unittest.dll" id="858b6940-6e6d-ff85-5ac6-612dad40475f">
      <Execution id="88fcd906-6b8f-4928-b412-54fdc7de7ffb" />
      <TestMethod codeBase="D:\actions-runner\_work\XPCO\XPCO\EventServer\Server\Components\Central\VideoOS.EventServer.Events.EventStatusSubscriptionWsApi.UnitTest\bin\Debug\net472\VideoOS.EventServer.Events.EventStatusSubscriptionWsApi.UnitTest.dll" adapterTypeName="executor://mstestadapter/v2" className="VideoOS.EventServer.Events.EventStatusSubscriptionWsApi.UnitTest.EventEngineTests" name="Given_StatesHasBeenSet_When_GetCurrentState_Then_PermittedAndSubscribedStatesAreReturned" />
    </UnitTest>
    <UnitTest name="Given_ProperAddSubscriptionCommand_When_Parsing_Then_200OKAndAddSubscriptionObjectReturned" storage="d:\actions-runner\_work\xpco\xpco\eventserver\server\components\central\videoos.eventserver.events.eventstatussubscriptionwsapi.unittest\bin\debug\net472\videoos.eventserver.events.eventstatussubscriptionwsapi.unittest.dll" id="6643f0e1-b507-35c9-5a38-67492d5e5f01">
      <Execution id="0899f4b9-d6bd-4f65-bd26-63f044554c4d" />
      <TestMethod codeBase="D:\actions-runner\_work\XPCO\XPCO\EventServer\Server\Components\Central\VideoOS.EventServer.Events.EventStatusSubscriptionWsApi.UnitTest\bin\Debug\net472\VideoOS.EventServer.Events.EventStatusSubscriptionWsApi.UnitTest.dll" adapterTypeName="executor://mstestadapter/v2" className="VideoOS.EventServer.Events.EventStatusSubscriptionWsApi.UnitTest.Protocol.AddSubscriptionMessageParserUnitTests" name="Given_ProperAddSubscriptionCommand_When_Parsing_Then_200OKAndAddSubscriptionObjectReturned" />
    </UnitTest>
    <UnitTest name="Given_TwoEventsUserHasPermisson_When_GetPermittedEventsIsCalled_Than_TwoEventsAreReturned" storage="d:\actions-runner\_work\xpco\xpco\eventserver\server\components\central\videoos.eventserver.events.eventstatussubscriptionwsapi.unittest\bin\debug\net472\videoos.eventserver.events.eventstatussubscriptionwsapi.unittest.dll" id="ff6f4675-f029-a53b-69f2-96a2c4d77823">
      <Execution id="da0fc57a-4c26-413d-83cf-86666221f86d" />
      <TestMethod codeBase="D:\actions-runner\_work\XPCO\XPCO\EventServer\Server\Components\Central\VideoOS.EventServer.Events.EventStatusSubscriptionWsApi.UnitTest\bin\Debug\net472\VideoOS.EventServer.Events.EventStatusSubscriptionWsApi.UnitTest.dll" adapterTypeName="executor://mstestadapter/v2" className="VideoOS.EventServer.Events.EventStatusSubscriptionWsApi.UnitTest.RightsFilterTests" name="Given_TwoEventsUserHasPermisson_When_GetPermittedEventsIsCalled_Than_TwoEventsAreReturned" />
    </UnitTest>
    <UnitTest name="Given_InactiveSessionExistsWithDifferentUser_When_GetOrCreate_Then_NewSessionIsCreated" storage="d:\actions-runner\_work\xpco\xpco\eventserver\server\components\central\videoos.eventserver.events.eventstatussubscriptionwsapi.unittest\bin\debug\net472\videoos.eventserver.events.eventstatussubscriptionwsapi.unittest.dll" id="39426936-1308-2dfd-d59b-bffdf5f4c70e">
      <Execution id="0d8e6ac9-f5e5-45a8-ac26-b13a8bba4ffa" />
      <TestMethod codeBase="D:\actions-runner\_work\XPCO\XPCO\EventServer\Server\Components\Central\VideoOS.EventServer.Events.EventStatusSubscriptionWsApi.UnitTest\bin\Debug\net472\VideoOS.EventServer.Events.EventStatusSubscriptionWsApi.UnitTest.dll" adapterTypeName="executor://mstestadapter/v2" className="VideoOS.EventServer.Events.EventStatusSubscriptionWsApi.UnitTest.SessionCacheTests" name="Given_InactiveSessionExistsWithDifferentUser_When_GetOrCreate_Then_NewSessionIsCreated" />
    </UnitTest>
    <UnitTest name="Given_EventsInCacheRecentEvents_When_ResumingFromExistingEvent_Then_GetRecentEventsReturnsResumedEventsAndRecentEvents" storage="d:\actions-runner\_work\xpco\xpco\eventserver\server\components\central\videoos.eventserver.events.eventstatussubscriptionwsapi.unittest\bin\debug\net472\videoos.eventserver.events.eventstatussubscriptionwsapi.unittest.dll" id="68f0ec07-d246-9cc5-1f3b-2ca2b959446a">
      <Execution id="dc67ea76-d9a7-463e-8855-aed5131b8003" />
      <TestMethod codeBase="D:\actions-runner\_work\XPCO\XPCO\EventServer\Server\Components\Central\VideoOS.EventServer.Events.EventStatusSubscriptionWsApi.UnitTest\bin\Debug\net472\VideoOS.EventServer.Events.EventStatusSubscriptionWsApi.UnitTest.dll" adapterTypeName="executor://mstestadapter/v2" className="VideoOS.EventServer.Events.EventStatusSubscriptionWsApi.UnitTest.EventCacheTests" name="Given_EventsInCacheRecentEvents_When_ResumingFromExistingEvent_Then_GetRecentEventsReturnsResumedEventsAndRecentEvents" />
    </UnitTest>
    <UnitTest name="Given_Rules_IsSubscribedIsCalled_Then_IsSubscribedReturnsTheResult (D0D2FE84-1C92-44C5-9EE3-AFCEA6415F30,Include,4EF04DAE-3C18-4BAD-A730-42F6F293E700,,,False)" storage="d:\actions-runner\_work\xpco\xpco\eventserver\server\components\central\videoos.eventserver.events.eventstatussubscriptionwsapi.unittest\bin\debug\net472\videoos.eventserver.events.eventstatussubscriptionwsapi.unittest.dll" id="bf839169-2f4f-26db-25a1-60776c691c5e">
      <Execution id="a40bf874-f842-4df4-bf2b-dcc81f713d49" />
      <TestMethod codeBase="D:\actions-runner\_work\XPCO\XPCO\EventServer\Server\Components\Central\VideoOS.EventServer.Events.EventStatusSubscriptionWsApi.UnitTest\bin\Debug\net472\VideoOS.EventServer.Events.EventStatusSubscriptionWsApi.UnitTest.dll" adapterTypeName="executor://mstestadapter/v2" className="VideoOS.EventServer.Events.EventStatusSubscriptionWsApi.UnitTest.SubscriptionTests" name="Given_Rules_IsSubscribedIsCalled_Then_IsSubscribedReturnsTheResult" />
    </UnitTest>
    <UnitTest name="Given_AddSubscriptionCommand_When_Mapping_WithIllegalResourceType_StatusCodeIsNotOk" storage="d:\actions-runner\_work\xpco\xpco\eventserver\server\components\central\videoos.eventserver.events.eventstatussubscriptionwsapi.unittest\bin\debug\net472\videoos.eventserver.events.eventstatussubscriptionwsapi.unittest.dll" id="1fd5f302-597b-bfea-c23e-2f2cea94c1d3">
      <Execution id="6f491012-2715-4fe6-8cf6-4d952d534fb2" />
      <TestMethod codeBase="D:\actions-runner\_work\XPCO\XPCO\EventServer\Server\Components\Central\VideoOS.EventServer.Events.EventStatusSubscriptionWsApi.UnitTest\bin\Debug\net472\VideoOS.EventServer.Events.EventStatusSubscriptionWsApi.UnitTest.dll" adapterTypeName="executor://mstestadapter/v2" className="VideoOS.EventServer.Events.EventStatusSubscriptionWsApi.UnitTest.Protocol.CommandMapperTests" name="Given_AddSubscriptionCommand_When_Mapping_WithIllegalResourceType_StatusCodeIsNotOk" />
    </UnitTest>
    <UnitTest name="Given_AllProperWildcardsCommand_When_Parsing_Then_200OKAndAddSubscriptionObjectReturned" storage="d:\actions-runner\_work\xpco\xpco\eventserver\server\components\central\videoos.eventserver.events.eventstatussubscriptionwsapi.unittest\bin\debug\net472\videoos.eventserver.events.eventstatussubscriptionwsapi.unittest.dll" id="cf0e0023-87b9-f504-68e5-027424cdabd7">
      <Execution id="b98ad80a-4eb8-430a-ac64-d30bb2b7cae3" />
      <TestMethod codeBase="D:\actions-runner\_work\XPCO\XPCO\EventServer\Server\Components\Central\VideoOS.EventServer.Events.EventStatusSubscriptionWsApi.UnitTest\bin\Debug\net472\VideoOS.EventServer.Events.EventStatusSubscriptionWsApi.UnitTest.dll" adapterTypeName="executor://mstestadapter/v2" className="VideoOS.EventServer.Events.EventStatusSubscriptionWsApi.UnitTest.Protocol.AddSubscriptionMessageParserUnitTests" name="Given_AllProperWildcardsCommand_When_Parsing_Then_200OKAndAddSubscriptionObjectReturned" />
    </UnitTest>
    <UnitTest name="Given_UserIsNullSessionExistsAndIsInactive_When_GetOrCreate_Then_SessionIsReturned" storage="d:\actions-runner\_work\xpco\xpco\eventserver\server\components\central\videoos.eventserver.events.eventstatussubscriptionwsapi.unittest\bin\debug\net472\videoos.eventserver.events.eventstatussubscriptionwsapi.unittest.dll" id="66c2e5a2-49b8-8da4-ae58-aa7e48aaa402">
      <Execution id="9f4bd211-d4bd-4712-a503-870ffa4dffe0" />
      <TestMethod codeBase="D:\actions-runner\_work\XPCO\XPCO\EventServer\Server\Components\Central\VideoOS.EventServer.Events.EventStatusSubscriptionWsApi.UnitTest\bin\Debug\net472\VideoOS.EventServer.Events.EventStatusSubscriptionWsApi.UnitTest.dll" adapterTypeName="executor://mstestadapter/v2" className="VideoOS.EventServer.Events.EventStatusSubscriptionWsApi.UnitTest.SessionCacheTests" name="Given_UserIsNullSessionExistsAndIsInactive_When_GetOrCreate_Then_SessionIsReturned" />
    </UnitTest>
    <UnitTest name="Given_InvalidCommandId_When_Parsing_Then_400BadRequestResponseFatalError" storage="d:\actions-runner\_work\xpco\xpco\eventserver\server\components\central\videoos.eventserver.events.eventstatussubscriptionwsapi.unittest\bin\debug\net472\videoos.eventserver.events.eventstatussubscriptionwsapi.unittest.dll" id="b7d1f7c2-1558-ee08-9510-8ffbd157ef39">
      <Execution id="19a20076-5116-4027-bb54-27e5388ca070" />
      <TestMethod codeBase="D:\actions-runner\_work\XPCO\XPCO\EventServer\Server\Components\Central\VideoOS.EventServer.Events.EventStatusSubscriptionWsApi.UnitTest\bin\Debug\net472\VideoOS.EventServer.Events.EventStatusSubscriptionWsApi.UnitTest.dll" adapterTypeName="executor://mstestadapter/v2" className="VideoOS.EventServer.Events.EventStatusSubscriptionWsApi.UnitTest.Protocol.BasicMessageParserUnitTests" name="Given_InvalidCommandId_When_Parsing_Then_400BadRequestResponseFatalError" />
    </UnitTest>
    <UnitTest name="Given_EssResumeSessionTimeoutSecondsKeyWithInvalidValue_When_GetEssResumeSessionTimeoutSeconds_Then_DefaultValueReturned" storage="d:\actions-runner\_work\xpco\xpco\eventserver\server\components\central\videoos.eventserver.events.eventstatussubscriptionwsapi.unittest\bin\debug\net472\videoos.eventserver.events.eventstatussubscriptionwsapi.unittest.dll" id="30e60ca6-6a1b-6f7f-607e-c17564fc7e81">
      <Execution id="7974dc5a-4368-47cf-9613-3e266270d584" />
      <TestMethod codeBase="D:\actions-runner\_work\XPCO\XPCO\EventServer\Server\Components\Central\VideoOS.EventServer.Events.EventStatusSubscriptionWsApi.UnitTest\bin\Debug\net472\VideoOS.EventServer.Events.EventStatusSubscriptionWsApi.UnitTest.dll" adapterTypeName="executor://mstestadapter/v2" className="VideoOS.EventServer.Events.EventStatusSubscriptionWsApi.UnitTest.AppConfigReaderTests" name="Given_EssResumeSessionTimeoutSecondsKeyWithInvalidValue_When_GetEssResumeSessionTimeoutSeconds_Then_DefaultValueReturned" />
    </UnitTest>
    <UnitTest name="Given_Nothing_When_StatefullEventsArePushed_Then_TheEventIsAddedToTheCache" storage="d:\actions-runner\_work\xpco\xpco\eventserver\server\components\central\videoos.eventserver.events.eventstatussubscriptionwsapi.unittest\bin\debug\net472\videoos.eventserver.events.eventstatussubscriptionwsapi.unittest.dll" id="ab487fc1-7e95-1dc9-6f76-3ccd7de31b29">
      <Execution id="e16d78ec-c751-4d4a-918f-3aa3f827182c" />
      <TestMethod codeBase="D:\actions-runner\_work\XPCO\XPCO\EventServer\Server\Components\Central\VideoOS.EventServer.Events.EventStatusSubscriptionWsApi.UnitTest\bin\Debug\net472\VideoOS.EventServer.Events.EventStatusSubscriptionWsApi.UnitTest.dll" adapterTypeName="executor://mstestadapter/v2" className="VideoOS.EventServer.Events.EventStatusSubscriptionWsApi.UnitTest.StateCacheUnitTests" name="Given_Nothing_When_StatefullEventsArePushed_Then_TheEventIsAddedToTheCache" />
    </UnitTest>
    <UnitTest name="Given_Rules_IsSubscribedIsCalled_Then_IsSubscribedReturnsTheResult (D0D2FE84-1C92-44C5-9EE3-AFCEA6415F30,Exclude,4EF04DAE-3C18-4BAD-A730-42F6F293E700,,,True)" storage="d:\actions-runner\_work\xpco\xpco\eventserver\server\components\central\videoos.eventserver.events.eventstatussubscriptionwsapi.unittest\bin\debug\net472\videoos.eventserver.events.eventstatussubscriptionwsapi.unittest.dll" id="9e195642-ca02-ec07-52dd-52469c1263d2">
      <Execution id="3738c713-97b7-40e4-9cc4-c43ba5db4f81" />
      <TestMethod codeBase="D:\actions-runner\_work\XPCO\XPCO\EventServer\Server\Components\Central\VideoOS.EventServer.Events.EventStatusSubscriptionWsApi.UnitTest\bin\Debug\net472\VideoOS.EventServer.Events.EventStatusSubscriptionWsApi.UnitTest.dll" adapterTypeName="executor://mstestadapter/v2" className="VideoOS.EventServer.Events.EventStatusSubscriptionWsApi.UnitTest.SubscriptionTests" name="Given_Rules_IsSubscribedIsCalled_Then_IsSubscribedReturnsTheResult" />
    </UnitTest>
    <UnitTest name="Given_Rules_IsSubscribedStateIsCalled_Then_IsSubscribedReturnsTheResult (ABBBB6C3-DFBD-4439-86F3-DC71C5BB39A1,Include,C26708C1-6BD7-4B77-BE0D-FB30FDC2055D,True)" storage="d:\actions-runner\_work\xpco\xpco\eventserver\server\components\central\videoos.eventserver.events.eventstatussubscriptionwsapi.unittest\bin\debug\net472\videoos.eventserver.events.eventstatussubscriptionwsapi.unittest.dll" id="17c064d0-17b6-35c6-0b29-ea391d9f353f">
      <Execution id="b8600d08-c989-4478-938a-9205fc7a9f9a" />
      <TestMethod codeBase="D:\actions-runner\_work\XPCO\XPCO\EventServer\Server\Components\Central\VideoOS.EventServer.Events.EventStatusSubscriptionWsApi.UnitTest\bin\Debug\net472\VideoOS.EventServer.Events.EventStatusSubscriptionWsApi.UnitTest.dll" adapterTypeName="executor://mstestadapter/v2" className="VideoOS.EventServer.Events.EventStatusSubscriptionWsApi.UnitTest.SubscriptionTests" name="Given_Rules_IsSubscribedStateIsCalled_Then_IsSubscribedReturnsTheResult" />
    </UnitTest>
    <UnitTest name="Given_UnknownResourceType_Then_ExceptionIsThrown" storage="d:\actions-runner\_work\xpco\xpco\eventserver\server\components\central\videoos.eventserver.events.eventstatussubscriptionwsapi.unittest\bin\debug\net472\videoos.eventserver.events.eventstatussubscriptionwsapi.unittest.dll" id="da78fd54-9ea2-6def-aa74-165cbef3b64c">
      <Execution id="0b0744d7-a3af-4c47-9f56-56d1a368ac38" />
      <TestMethod codeBase="D:\actions-runner\_work\XPCO\XPCO\EventServer\Server\Components\Central\VideoOS.EventServer.Events.EventStatusSubscriptionWsApi.UnitTest\bin\Debug\net472\VideoOS.EventServer.Events.EventStatusSubscriptionWsApi.UnitTest.dll" adapterTypeName="executor://mstestadapter/v2" className="VideoOS.EventServer.Events.EventStatusSubscriptionWsApi.UnitTest.Protocol.ResourceTypeConverterUnitTests" name="Given_UnknownResourceType_Then_ExceptionIsThrown" />
    </UnitTest>
    <UnitTest name="Given_EventsAreAdded_When_GetRecentEvents_Then_EventsAreHandedOut" storage="d:\actions-runner\_work\xpco\xpco\eventserver\server\components\central\videoos.eventserver.events.eventstatussubscriptionwsapi.unittest\bin\debug\net472\videoos.eventserver.events.eventstatussubscriptionwsapi.unittest.dll" id="e56d644f-ad5a-07c3-07ab-689fae3f0416">
      <Execution id="8d77c0d5-9163-4b55-a7f1-94b308d255c3" />
      <TestMethod codeBase="D:\actions-runner\_work\XPCO\XPCO\EventServer\Server\Components\Central\VideoOS.EventServer.Events.EventStatusSubscriptionWsApi.UnitTest\bin\Debug\net472\VideoOS.EventServer.Events.EventStatusSubscriptionWsApi.UnitTest.dll" adapterTypeName="executor://mstestadapter/v2" className="VideoOS.EventServer.Events.EventStatusSubscriptionWsApi.UnitTest.EventCacheTests" name="Given_EventsAreAdded_When_GetRecentEvents_Then_EventsAreHandedOut" />
    </UnitTest>
    <UnitTest name="Given_EssResumeSessionTimeoutSecondsKeyWithValueUnderLimit_When_GetEssResumeSessionTimeoutSeconds_Then_DefaultValueReturned" storage="d:\actions-runner\_work\xpco\xpco\eventserver\server\components\central\videoos.eventserver.events.eventstatussubscriptionwsapi.unittest\bin\debug\net472\videoos.eventserver.events.eventstatussubscriptionwsapi.unittest.dll" id="2b203899-461a-2b69-e195-97649e521740">
      <Execution id="c5b3efa0-7e82-420a-a540-06260cce8fd5" />
      <TestMethod codeBase="D:\actions-runner\_work\XPCO\XPCO\EventServer\Server\Components\Central\VideoOS.EventServer.Events.EventStatusSubscriptionWsApi.UnitTest\bin\Debug\net472\VideoOS.EventServer.Events.EventStatusSubscriptionWsApi.UnitTest.dll" adapterTypeName="executor://mstestadapter/v2" className="VideoOS.EventServer.Events.EventStatusSubscriptionWsApi.UnitTest.AppConfigReaderTests" name="Given_EssResumeSessionTimeoutSecondsKeyWithValueUnderLimit_When_GetEssResumeSessionTimeoutSeconds_Then_DefaultValueReturned" />
    </UnitTest>
    <UnitTest name="Given_ResourceTypes_Then_ParseShouldReturnTheId (recordingservers,088904A7-EE2D-4AB7-8FCC-25F1B462FD88)" storage="d:\actions-runner\_work\xpco\xpco\eventserver\server\components\central\videoos.eventserver.events.eventstatussubscriptionwsapi.unittest\bin\debug\net472\videoos.eventserver.events.eventstatussubscriptionwsapi.unittest.dll" id="05666e4e-d0b6-ba13-848d-05794867fd17">
      <Execution id="673c6528-6c34-4767-9558-717f6eb88164" />
      <TestMethod codeBase="D:\actions-runner\_work\XPCO\XPCO\EventServer\Server\Components\Central\VideoOS.EventServer.Events.EventStatusSubscriptionWsApi.UnitTest\bin\Debug\net472\VideoOS.EventServer.Events.EventStatusSubscriptionWsApi.UnitTest.dll" adapterTypeName="executor://mstestadapter/v2" className="VideoOS.EventServer.Events.EventStatusSubscriptionWsApi.UnitTest.Protocol.ResourceTypeConverterUnitTests" name="Given_ResourceTypes_Then_ParseShouldReturnTheId" />
    </UnitTest>
    <UnitTest name="Given_StatefulEventsAreSent_WhenGetCurrentState_Then_EventsAndStateResponseIsSendInCorrectOrder" storage="d:\actions-runner\_work\xpco\xpco\eventserver\server\components\central\videoos.eventserver.events.eventstatussubscriptionwsapi.unittest\bin\debug\net472\videoos.eventserver.events.eventstatussubscriptionwsapi.unittest.dll" id="56804e2f-7b1e-7bf6-17ba-4d7f0f88e41f">
      <Execution id="f3cc6b67-2700-44d9-a03d-4530079c83f3" />
      <TestMethod codeBase="D:\actions-runner\_work\XPCO\XPCO\EventServer\Server\Components\Central\VideoOS.EventServer.Events.EventStatusSubscriptionWsApi.UnitTest\bin\Debug\net472\VideoOS.EventServer.Events.EventStatusSubscriptionWsApi.UnitTest.dll" adapterTypeName="executor://mstestadapter/v2" className="VideoOS.EventServer.Events.EventStatusSubscriptionWsApi.UnitTest.IntegrationTests" name="Given_StatefulEventsAreSent_WhenGetCurrentState_Then_EventsAndStateResponseIsSendInCorrectOrder" />
    </UnitTest>
    <UnitTest name="Given_UserIsNull_When_GetPermittedEventsIsCalled_Than_AllEventsAreReturned" storage="d:\actions-runner\_work\xpco\xpco\eventserver\server\components\central\videoos.eventserver.events.eventstatussubscriptionwsapi.unittest\bin\debug\net472\videoos.eventserver.events.eventstatussubscriptionwsapi.unittest.dll" id="d33dd4f9-42d2-ba54-a613-8ae309125d7c">
      <Execution id="739305ce-c69b-4605-bc30-94eecd6bd750" />
      <TestMethod codeBase="D:\actions-runner\_work\XPCO\XPCO\EventServer\Server\Components\Central\VideoOS.EventServer.Events.EventStatusSubscriptionWsApi.UnitTest\bin\Debug\net472\VideoOS.EventServer.Events.EventStatusSubscriptionWsApi.UnitTest.dll" adapterTypeName="executor://mstestadapter/v2" className="VideoOS.EventServer.Events.EventStatusSubscriptionWsApi.UnitTest.RightsFilterTests" name="Given_UserIsNull_When_GetPermittedEventsIsCalled_Than_AllEventsAreReturned" />
    </UnitTest>
    <UnitTest name="Given_Rules_IsSubscribedIsCalled_Then_IsSubscribedReturnsTheResult (4EF04DAE-3C18-4BAD-A730-42F6F293E700,Include,4EF04DAE-3C18-4BAD-A730-42F6F293E700,,,True)" storage="d:\actions-runner\_work\xpco\xpco\eventserver\server\components\central\videoos.eventserver.events.eventstatussubscriptionwsapi.unittest\bin\debug\net472\videoos.eventserver.events.eventstatussubscriptionwsapi.unittest.dll" id="6a45f7a3-f5ba-e515-01de-9cc940547205">
      <Execution id="1b9dcfc6-cd84-44b3-ac85-3acde3ca521f" />
      <TestMethod codeBase="D:\actions-runner\_work\XPCO\XPCO\EventServer\Server\Components\Central\VideoOS.EventServer.Events.EventStatusSubscriptionWsApi.UnitTest\bin\Debug\net472\VideoOS.EventServer.Events.EventStatusSubscriptionWsApi.UnitTest.dll" adapterTypeName="executor://mstestadapter/v2" className="VideoOS.EventServer.Events.EventStatusSubscriptionWsApi.UnitTest.SubscriptionTests" name="Given_Rules_IsSubscribedIsCalled_Then_IsSubscribedReturnsTheResult" />
    </UnitTest>
    <UnitTest name="Given_ResourceTypes_Then_ParseShouldReturnTheId (camera,5135BA21-F1DC-4321-806A-6CE2017343C0)" storage="d:\actions-runner\_work\xpco\xpco\eventserver\server\components\central\videoos.eventserver.events.eventstatussubscriptionwsapi.unittest\bin\debug\net472\videoos.eventserver.events.eventstatussubscriptionwsapi.unittest.dll" id="70b10f23-0f8f-6490-4522-62292554caa5">
      <Execution id="f6c240b7-0125-4936-95e0-96aec008ea5a" />
      <TestMethod codeBase="D:\actions-runner\_work\XPCO\XPCO\EventServer\Server\Components\Central\VideoOS.EventServer.Events.EventStatusSubscriptionWsApi.UnitTest\bin\Debug\net472\VideoOS.EventServer.Events.EventStatusSubscriptionWsApi.UnitTest.dll" adapterTypeName="executor://mstestadapter/v2" className="VideoOS.EventServer.Events.EventStatusSubscriptionWsApi.UnitTest.Protocol.ResourceTypeConverterUnitTests" name="Given_ResourceTypes_Then_ParseShouldReturnTheId" />
    </UnitTest>
    <UnitTest name="Given_IncludeRuleWithExtendedKinds_When_IsSubscribedIsCalledWhereKindIsValid_Then_IsReturnsTheResult (088904a7-ee2d-4ab7-8fcc-25f1b462fd88,XPCORS,True)" storage="d:\actions-runner\_work\xpco\xpco\eventserver\server\components\central\videoos.eventserver.events.eventstatussubscriptionwsapi.unittest\bin\debug\net472\videoos.eventserver.events.eventstatussubscriptionwsapi.unittest.dll" id="0dee0c57-2847-a3b6-19a4-a177a6eed981">
      <Execution id="62a183d9-a9af-43cc-a58a-d8caf14c847a" />
      <TestMethod codeBase="D:\actions-runner\_work\XPCO\XPCO\EventServer\Server\Components\Central\VideoOS.EventServer.Events.EventStatusSubscriptionWsApi.UnitTest\bin\Debug\net472\VideoOS.EventServer.Events.EventStatusSubscriptionWsApi.UnitTest.dll" adapterTypeName="executor://mstestadapter/v2" className="VideoOS.EventServer.Events.EventStatusSubscriptionWsApi.UnitTest.SubscriptionTests" name="Given_IncludeRuleWithExtendedKinds_When_IsSubscribedIsCalledWhereKindIsValid_Then_IsReturnsTheResult" />
    </UnitTest>
    <UnitTest name="Given_ExcludeRuleThatExcludesAllEventTypes_IsSubscribedStateIsCalled_Then_IsSubscribedReturnsFalse" storage="d:\actions-runner\_work\xpco\xpco\eventserver\server\components\central\videoos.eventserver.events.eventstatussubscriptionwsapi.unittest\bin\debug\net472\videoos.eventserver.events.eventstatussubscriptionwsapi.unittest.dll" id="454503b4-50f6-421b-6dc9-2c38d4ed7964">
      <Execution id="b316ac70-25ea-480a-a09e-6e67383f6bfd" />
      <TestMethod codeBase="D:\actions-runner\_work\XPCO\XPCO\EventServer\Server\Components\Central\VideoOS.EventServer.Events.EventStatusSubscriptionWsApi.UnitTest\bin\Debug\net472\VideoOS.EventServer.Events.EventStatusSubscriptionWsApi.UnitTest.dll" adapterTypeName="executor://mstestadapter/v2" className="VideoOS.EventServer.Events.EventStatusSubscriptionWsApi.UnitTest.SubscriptionTests" name="Given_ExcludeRuleThatExcludesAllEventTypes_IsSubscribedStateIsCalled_Then_IsSubscribedReturnsFalse" />
    </UnitTest>
    <UnitTest name="Given_ParamsAndValuesForEssConnectAuthorizationTimeoutSeconds_When_GetEssConnectAuthorizationTimeoutSeconds_Then_ExpectedIsReturned (EssConnectAuthorizationTimeout,60,60)" storage="d:\actions-runner\_work\xpco\xpco\eventserver\server\components\central\videoos.eventserver.events.eventstatussubscriptionwsapi.unittest\bin\debug\net472\videoos.eventserver.events.eventstatussubscriptionwsapi.unittest.dll" id="97f523e7-893b-0556-85a1-f54162e13433">
      <Execution id="d01178b3-9714-4beb-b831-d88b68b1df35" />
      <TestMethod codeBase="D:\actions-runner\_work\XPCO\XPCO\EventServer\Server\Components\Central\VideoOS.EventServer.Events.EventStatusSubscriptionWsApi.UnitTest\bin\Debug\net472\VideoOS.EventServer.Events.EventStatusSubscriptionWsApi.UnitTest.dll" adapterTypeName="executor://mstestadapter/v2" className="VideoOS.EventServer.Events.EventStatusSubscriptionWsApi.UnitTest.AppConfigReaderTests" name="Given_ParamsAndValuesForEssConnectAuthorizationTimeoutSeconds_When_GetEssConnectAuthorizationTimeoutSeconds_Then_ExpectedIsReturned" />
    </UnitTest>
    <UnitTest name="Given_SessionExistsAndStatfullEventPushed_When_GetCurrentState_Then_StateReturendOnce" storage="d:\actions-runner\_work\xpco\xpco\eventserver\server\components\central\videoos.eventserver.events.eventstatussubscriptionwsapi.unittest\bin\debug\net472\videoos.eventserver.events.eventstatussubscriptionwsapi.unittest.dll" id="7a3188fe-d9d4-6d4d-0426-af1256cedb5c">
      <Execution id="ced3b74d-222e-4cb7-a2ab-4641681e6587" />
      <TestMethod codeBase="D:\actions-runner\_work\XPCO\XPCO\EventServer\Server\Components\Central\VideoOS.EventServer.Events.EventStatusSubscriptionWsApi.UnitTest\bin\Debug\net472\VideoOS.EventServer.Events.EventStatusSubscriptionWsApi.UnitTest.dll" adapterTypeName="executor://mstestadapter/v2" className="VideoOS.EventServer.Events.EventStatusSubscriptionWsApi.UnitTest.MessageHandlerTests" name="Given_SessionExistsAndStatfullEventPushed_When_GetCurrentState_Then_StateReturendOnce" />
    </UnitTest>
    <UnitTest name="Given_StartSession_When_Mapping_Then_ASessionIdAndEventIdIsDefault" storage="d:\actions-runner\_work\xpco\xpco\eventserver\server\components\central\videoos.eventserver.events.eventstatussubscriptionwsapi.unittest\bin\debug\net472\videoos.eventserver.events.eventstatussubscriptionwsapi.unittest.dll" id="31486b7f-4750-5c30-dfac-940e85d9aba3">
      <Execution id="e41d8943-6d95-4e24-9486-09df10b3f06f" />
      <TestMethod codeBase="D:\actions-runner\_work\XPCO\XPCO\EventServer\Server\Components\Central\VideoOS.EventServer.Events.EventStatusSubscriptionWsApi.UnitTest\bin\Debug\net472\VideoOS.EventServer.Events.EventStatusSubscriptionWsApi.UnitTest.dll" adapterTypeName="executor://mstestadapter/v2" className="VideoOS.EventServer.Events.EventStatusSubscriptionWsApi.UnitTest.Protocol.SessionMapperTests" name="Given_StartSession_When_Mapping_Then_ASessionIdAndEventIdIsDefault" />
    </UnitTest>
    <UnitTest name="Given_ResumeSessionAndEvents_When_Mapping_Then_ASessionIdAndEventIdIsGuid" storage="d:\actions-runner\_work\xpco\xpco\eventserver\server\components\central\videoos.eventserver.events.eventstatussubscriptionwsapi.unittest\bin\debug\net472\videoos.eventserver.events.eventstatussubscriptionwsapi.unittest.dll" id="5751e437-c242-6e1c-152f-d70afbf9a64a">
      <Execution id="e0130190-a832-4574-bdad-0944919b90be" />
      <TestMethod codeBase="D:\actions-runner\_work\XPCO\XPCO\EventServer\Server\Components\Central\VideoOS.EventServer.Events.EventStatusSubscriptionWsApi.UnitTest\bin\Debug\net472\VideoOS.EventServer.Events.EventStatusSubscriptionWsApi.UnitTest.dll" adapterTypeName="executor://mstestadapter/v2" className="VideoOS.EventServer.Events.EventStatusSubscriptionWsApi.UnitTest.Protocol.CommandMapperTests" name="Given_ResumeSessionAndEvents_When_Mapping_Then_ASessionIdAndEventIdIsGuid" />
    </UnitTest>
    <UnitTest name="Given_Rules_IsSubscribedIsCalled_Then_IsSubscribedReturnsTheResult (4EF04DAE-3C18-4BAD-A730-42F6F293E700,Exclude,,4EF04DAE-3C18-4BAD-A730-42F6F293E700,,False)" storage="d:\actions-runner\_work\xpco\xpco\eventserver\server\components\central\videoos.eventserver.events.eventstatussubscriptionwsapi.unittest\bin\debug\net472\videoos.eventserver.events.eventstatussubscriptionwsapi.unittest.dll" id="d9bfac4b-ce86-a681-9c66-201e537a2310">
      <Execution id="a9c2ebe2-d21a-41c5-9377-672018af8c38" />
      <TestMethod codeBase="D:\actions-runner\_work\XPCO\XPCO\EventServer\Server\Components\Central\VideoOS.EventServer.Events.EventStatusSubscriptionWsApi.UnitTest\bin\Debug\net472\VideoOS.EventServer.Events.EventStatusSubscriptionWsApi.UnitTest.dll" adapterTypeName="executor://mstestadapter/v2" className="VideoOS.EventServer.Events.EventStatusSubscriptionWsApi.UnitTest.SubscriptionTests" name="Given_Rules_IsSubscribedIsCalled_Then_IsSubscribedReturnsTheResult" />
    </UnitTest>
    <UnitTest name="Given_ResourceTypes_Then_ParseShouldReturnTheId (RecordingServers,088904A7-EE2D-4AB7-8FCC-25F1B462FD88)" storage="d:\actions-runner\_work\xpco\xpco\eventserver\server\components\central\videoos.eventserver.events.eventstatussubscriptionwsapi.unittest\bin\debug\net472\videoos.eventserver.events.eventstatussubscriptionwsapi.unittest.dll" id="123a39d1-1aad-86d2-5468-ddc7e7e8d908">
      <Execution id="cecc6282-b100-47bc-b6c4-a8109fb9f2ce" />
      <TestMethod codeBase="D:\actions-runner\_work\XPCO\XPCO\EventServer\Server\Components\Central\VideoOS.EventServer.Events.EventStatusSubscriptionWsApi.UnitTest\bin\Debug\net472\VideoOS.EventServer.Events.EventStatusSubscriptionWsApi.UnitTest.dll" adapterTypeName="executor://mstestadapter/v2" className="VideoOS.EventServer.Events.EventStatusSubscriptionWsApi.UnitTest.Protocol.ResourceTypeConverterUnitTests" name="Given_ResourceTypes_Then_ParseShouldReturnTheId" />
    </UnitTest>
    <UnitTest name="Given_ParamsAndValuesForEssConnectAuthorizationTimeoutSeconds_When_GetEssConnectAuthorizationTimeoutSeconds_Then_ExpectedIsReturned (EssConnectAuthorizationTimeout,13,13)" storage="d:\actions-runner\_work\xpco\xpco\eventserver\server\components\central\videoos.eventserver.events.eventstatussubscriptionwsapi.unittest\bin\debug\net472\videoos.eventserver.events.eventstatussubscriptionwsapi.unittest.dll" id="cbdaa892-b585-e537-2a1b-08ca32d0b7bd">
      <Execution id="59515115-fbd1-4aa0-88df-63e93e5f21c5" />
      <TestMethod codeBase="D:\actions-runner\_work\XPCO\XPCO\EventServer\Server\Components\Central\VideoOS.EventServer.Events.EventStatusSubscriptionWsApi.UnitTest\bin\Debug\net472\VideoOS.EventServer.Events.EventStatusSubscriptionWsApi.UnitTest.dll" adapterTypeName="executor://mstestadapter/v2" className="VideoOS.EventServer.Events.EventStatusSubscriptionWsApi.UnitTest.AppConfigReaderTests" name="Given_ParamsAndValuesForEssConnectAuthorizationTimeoutSeconds_When_GetEssConnectAuthorizationTimeoutSeconds_Then_ExpectedIsReturned" />
    </UnitTest>
    <UnitTest name="Given_ParamsAndValuesForEssConnectAuthorizationTimeoutSeconds_When_GetEssConnectAuthorizationTimeoutSeconds_Then_ExpectedIsReturned (EssConnectAuthorizationTimeout,0,0)" storage="d:\actions-runner\_work\xpco\xpco\eventserver\server\components\central\videoos.eventserver.events.eventstatussubscriptionwsapi.unittest\bin\debug\net472\videoos.eventserver.events.eventstatussubscriptionwsapi.unittest.dll" id="5abc0175-c520-8fe1-a4de-af6d035c8b14">
      <Execution id="dae50e25-9ead-4218-be32-1052a3c8cd06" />
      <TestMethod codeBase="D:\actions-runner\_work\XPCO\XPCO\EventServer\Server\Components\Central\VideoOS.EventServer.Events.EventStatusSubscriptionWsApi.UnitTest\bin\Debug\net472\VideoOS.EventServer.Events.EventStatusSubscriptionWsApi.UnitTest.dll" adapterTypeName="executor://mstestadapter/v2" className="VideoOS.EventServer.Events.EventStatusSubscriptionWsApi.UnitTest.AppConfigReaderTests" name="Given_ParamsAndValuesForEssConnectAuthorizationTimeoutSeconds_When_GetEssConnectAuthorizationTimeoutSeconds_Then_ExpectedIsReturned" />
    </UnitTest>
    <UnitTest name="Given_Nothing_When_SubscriptionAdded_Then_ASubscriptionIdIsReturned" storage="d:\actions-runner\_work\xpco\xpco\eventserver\server\components\central\videoos.eventserver.events.eventstatussubscriptionwsapi.unittest\bin\debug\net472\videoos.eventserver.events.eventstatussubscriptionwsapi.unittest.dll" id="69130c48-6b47-0224-8842-3c1652c8f273">
      <Execution id="5aca3398-2328-4c95-b4be-600ad0fdefdc" />
      <TestMethod codeBase="D:\actions-runner\_work\XPCO\XPCO\EventServer\Server\Components\Central\VideoOS.EventServer.Events.EventStatusSubscriptionWsApi.UnitTest\bin\Debug\net472\VideoOS.EventServer.Events.EventStatusSubscriptionWsApi.UnitTest.dll" adapterTypeName="executor://mstestadapter/v2" className="VideoOS.EventServer.Events.EventStatusSubscriptionWsApi.UnitTest.SubscriptionRuleEngineTests" name="Given_Nothing_When_SubscriptionAdded_Then_ASubscriptionIdIsReturned" />
    </UnitTest>
    <UnitTest name="Given_SessionExistsAndIsInactive_When_GetOrCreate_Then_SessionIsReturned" storage="d:\actions-runner\_work\xpco\xpco\eventserver\server\components\central\videoos.eventserver.events.eventstatussubscriptionwsapi.unittest\bin\debug\net472\videoos.eventserver.events.eventstatussubscriptionwsapi.unittest.dll" id="1eee4f33-92b7-9018-6165-a17963f5aa42">
      <Execution id="d6b4332b-7344-4581-8508-1218c50151db" />
      <TestMethod codeBase="D:\actions-runner\_work\XPCO\XPCO\EventServer\Server\Components\Central\VideoOS.EventServer.Events.EventStatusSubscriptionWsApi.UnitTest\bin\Debug\net472\VideoOS.EventServer.Events.EventStatusSubscriptionWsApi.UnitTest.dll" adapterTypeName="executor://mstestadapter/v2" className="VideoOS.EventServer.Events.EventStatusSubscriptionWsApi.UnitTest.SessionCacheTests" name="Given_SessionExistsAndIsInactive_When_GetOrCreate_Then_SessionIsReturned" />
    </UnitTest>
    <UnitTest name="Given_MessageHandler_When_PushAsyncWithEvent_Then_ProcessMessageAsyncIsCalled" storage="d:\actions-runner\_work\xpco\xpco\eventserver\server\components\central\videoos.eventserver.events.eventstatussubscriptionwsapi.unittest\bin\debug\net472\videoos.eventserver.events.eventstatussubscriptionwsapi.unittest.dll" id="62ddb9e3-be5f-b22a-127d-2f9489fd7a03">
      <Execution id="154ce02b-97f6-4ff9-9d70-19ad3b7d4d99" />
      <TestMethod codeBase="D:\actions-runner\_work\XPCO\XPCO\EventServer\Server\Components\Central\VideoOS.EventServer.Events.EventStatusSubscriptionWsApi.UnitTest\bin\Debug\net472\VideoOS.EventServer.Events.EventStatusSubscriptionWsApi.UnitTest.dll" adapterTypeName="executor://mstestadapter/v2" className="VideoOS.EventServer.Events.EventStatusSubscriptionWsApi.UnitTest.MessageHandlerTests" name="Given_MessageHandler_When_PushAsyncWithEvent_Then_ProcessMessageAsyncIsCalled" />
    </UnitTest>
    <UnitTest name="Given_EventsMessage_When_DeserilizeFromJson_Then_Succed" storage="d:\actions-runner\_work\xpco\xpco\eventserver\server\components\central\videoos.eventserver.events.eventstatussubscriptionwsapi.unittest\bin\debug\net472\videoos.eventserver.events.eventstatussubscriptionwsapi.unittest.dll" id="fa8c76aa-9af9-704a-4fa8-d3eee8da1a14">
      <Execution id="a447290c-9e85-474c-868d-fd085fa36193" />
      <TestMethod codeBase="D:\actions-runner\_work\XPCO\XPCO\EventServer\Server\Components\Central\VideoOS.EventServer.Events.EventStatusSubscriptionWsApi.UnitTest\bin\Debug\net472\VideoOS.EventServer.Events.EventStatusSubscriptionWsApi.UnitTest.dll" adapterTypeName="executor://mstestadapter/v2" className="VideoOS.EventServer.Events.EventStatusSubscriptionWsApi.UnitTest.Protocol.EventsMessageTests" name="Given_EventsMessage_When_DeserilizeFromJson_Then_Succed" />
    </UnitTest>
    <UnitTest name="Given_ExposedEventWithAnalyticsData_When_Serialize_Then_NullPropertiesAreNotSerializedPropertiesNamedIdIsAllLowerCase" storage="d:\actions-runner\_work\xpco\xpco\eventserver\server\components\central\videoos.eventserver.events.eventstatussubscriptionwsapi.unittest\bin\debug\net472\videoos.eventserver.events.eventstatussubscriptionwsapi.unittest.dll" id="443ba165-3495-bc93-572f-03526dd196b4">
      <Execution id="c6fc931d-633a-4082-8673-1dcbfb5406c8" />
      <TestMethod codeBase="D:\actions-runner\_work\XPCO\XPCO\EventServer\Server\Components\Central\VideoOS.EventServer.Events.EventStatusSubscriptionWsApi.UnitTest\bin\Debug\net472\VideoOS.EventServer.Events.EventStatusSubscriptionWsApi.UnitTest.dll" adapterTypeName="executor://mstestadapter/v2" className="VideoOS.EventServer.Events.EventStatusSubscriptionWsApi.UnitTest.Protocol.EventsMessageTests" name="Given_ExposedEventWithAnalyticsData_When_Serialize_Then_NullPropertiesAreNotSerializedPropertiesNamedIdIsAllLowerCase" />
    </UnitTest>
    <UnitTest name="Given_BadCommandFormat_When_Parsing_Then_400BadRequestResponse" storage="d:\actions-runner\_work\xpco\xpco\eventserver\server\components\central\videoos.eventserver.events.eventstatussubscriptionwsapi.unittest\bin\debug\net472\videoos.eventserver.events.eventstatussubscriptionwsapi.unittest.dll" id="581913c4-cfd7-5c26-9601-bebfe46e68ed">
      <Execution id="7cf941b6-163e-4518-8af3-15710dea61d3" />
      <TestMethod codeBase="D:\actions-runner\_work\XPCO\XPCO\EventServer\Server\Components\Central\VideoOS.EventServer.Events.EventStatusSubscriptionWsApi.UnitTest\bin\Debug\net472\VideoOS.EventServer.Events.EventStatusSubscriptionWsApi.UnitTest.dll" adapterTypeName="executor://mstestadapter/v2" className="VideoOS.EventServer.Events.EventStatusSubscriptionWsApi.UnitTest.Protocol.BasicMessageParserUnitTests" name="Given_BadCommandFormat_When_Parsing_Then_400BadRequestResponse" />
    </UnitTest>
    <UnitTest name="Given_BadlyFormedJson_When_Parsing_Then_400BadRequestResponseFatalError" storage="d:\actions-runner\_work\xpco\xpco\eventserver\server\components\central\videoos.eventserver.events.eventstatussubscriptionwsapi.unittest\bin\debug\net472\videoos.eventserver.events.eventstatussubscriptionwsapi.unittest.dll" id="9dba7c0f-4e59-e2da-a35f-46a781b5af00">
      <Execution id="a1b5c4e1-9198-463a-8976-601b3306fc82" />
      <TestMethod codeBase="D:\actions-runner\_work\XPCO\XPCO\EventServer\Server\Components\Central\VideoOS.EventServer.Events.EventStatusSubscriptionWsApi.UnitTest\bin\Debug\net472\VideoOS.EventServer.Events.EventStatusSubscriptionWsApi.UnitTest.dll" adapterTypeName="executor://mstestadapter/v2" className="VideoOS.EventServer.Events.EventStatusSubscriptionWsApi.UnitTest.Protocol.BasicMessageParserUnitTests" name="Given_BadlyFormedJson_When_Parsing_Then_400BadRequestResponseFatalError" />
    </UnitTest>
    <UnitTest name="Given_MessageHandlerIsCreated_When_ValidateIsCalledWithoutAuthorizationHeaderAndAuthorizationCommandSentWithinTimeout_Then_NoDisconnectIsRequestedAfterTimeout" storage="d:\actions-runner\_work\xpco\xpco\eventserver\server\components\central\videoos.eventserver.events.eventstatussubscriptionwsapi.unittest\bin\debug\net472\videoos.eventserver.events.eventstatussubscriptionwsapi.unittest.dll" id="a4d04c57-a507-2cbe-786f-98ded8dc3ed2">
      <Execution id="d6e0d895-5064-4363-b6f4-fb3b334d2982" />
      <TestMethod codeBase="D:\actions-runner\_work\XPCO\XPCO\EventServer\Server\Components\Central\VideoOS.EventServer.Events.EventStatusSubscriptionWsApi.UnitTest\bin\Debug\net472\VideoOS.EventServer.Events.EventStatusSubscriptionWsApi.UnitTest.dll" adapterTypeName="executor://mstestadapter/v2" className="VideoOS.EventServer.Events.EventStatusSubscriptionWsApi.UnitTest.MessageHandlerTests" name="Given_MessageHandlerIsCreated_When_ValidateIsCalledWithoutAuthorizationHeaderAndAuthorizationCommandSentWithinTimeout_Then_NoDisconnectIsRequestedAfterTimeout" />
    </UnitTest>
    <UnitTest name="Given_ExposedEvent_When_Serialize_Then_TheEntireAllAttributeNamesAreLowercase_a_z_OrDigit_0_9" storage="d:\actions-runner\_work\xpco\xpco\eventserver\server\components\central\videoos.eventserver.events.eventstatussubscriptionwsapi.unittest\bin\debug\net472\videoos.eventserver.events.eventstatussubscriptionwsapi.unittest.dll" id="1dd525cf-618e-0666-32f8-2dda2373e5b3">
      <Execution id="6623c8a3-aeb8-470b-992d-938d13a22245" />
      <TestMethod codeBase="D:\actions-runner\_work\XPCO\XPCO\EventServer\Server\Components\Central\VideoOS.EventServer.Events.EventStatusSubscriptionWsApi.UnitTest\bin\Debug\net472\VideoOS.EventServer.Events.EventStatusSubscriptionWsApi.UnitTest.dll" adapterTypeName="executor://mstestadapter/v2" className="VideoOS.EventServer.Events.EventStatusSubscriptionWsApi.UnitTest.Protocol.EventsMessageTests" name="Given_ExposedEvent_When_Serialize_Then_TheEntireAllAttributeNamesAreLowercase_a_z_OrDigit_0_9" />
    </UnitTest>
    <UnitTest name="Given_EssResumeSessionTimeoutSecondsKeyWithValueZero_When_GetEssResumeSessionTimeoutSeconds_Then_ZeroReturned" storage="d:\actions-runner\_work\xpco\xpco\eventserver\server\components\central\videoos.eventserver.events.eventstatussubscriptionwsapi.unittest\bin\debug\net472\videoos.eventserver.events.eventstatussubscriptionwsapi.unittest.dll" id="886acc91-59d5-7f60-5e03-1f12d5f64ef7">
      <Execution id="77b76990-05db-44f5-b08a-2e574ff47876" />
      <TestMethod codeBase="D:\actions-runner\_work\XPCO\XPCO\EventServer\Server\Components\Central\VideoOS.EventServer.Events.EventStatusSubscriptionWsApi.UnitTest\bin\Debug\net472\VideoOS.EventServer.Events.EventStatusSubscriptionWsApi.UnitTest.dll" adapterTypeName="executor://mstestadapter/v2" className="VideoOS.EventServer.Events.EventStatusSubscriptionWsApi.UnitTest.AppConfigReaderTests" name="Given_EssResumeSessionTimeoutSecondsKeyWithValueZero_When_GetEssResumeSessionTimeoutSeconds_Then_ZeroReturned" />
    </UnitTest>
    <UnitTest name="Given_ResourceTypes_Then_ParseShouldReturnTheId (Cameras,5135BA21-F1DC-4321-806A-6CE2017343C0)" storage="d:\actions-runner\_work\xpco\xpco\eventserver\server\components\central\videoos.eventserver.events.eventstatussubscriptionwsapi.unittest\bin\debug\net472\videoos.eventserver.events.eventstatussubscriptionwsapi.unittest.dll" id="9936d8fc-36f2-1232-dd42-3fed3ed610cc">
      <Execution id="31b54b5d-02d2-419d-8131-e2d0e55c372b" />
      <TestMethod codeBase="D:\actions-runner\_work\XPCO\XPCO\EventServer\Server\Components\Central\VideoOS.EventServer.Events.EventStatusSubscriptionWsApi.UnitTest\bin\Debug\net472\VideoOS.EventServer.Events.EventStatusSubscriptionWsApi.UnitTest.dll" adapterTypeName="executor://mstestadapter/v2" className="VideoOS.EventServer.Events.EventStatusSubscriptionWsApi.UnitTest.Protocol.ResourceTypeConverterUnitTests" name="Given_ResourceTypes_Then_ParseShouldReturnTheId" />
    </UnitTest>
    <UnitTest name="Given_Nothing_When_UserSidIsValidSid_Then_TypeIsWindowsUser" storage="d:\actions-runner\_work\xpco\xpco\eventserver\server\components\central\videoos.eventserver.events.eventstatussubscriptionwsapi.unittest\bin\debug\net472\videoos.eventserver.events.eventstatussubscriptionwsapi.unittest.dll" id="57086f39-ab8e-09a6-827b-ca94b12bb7fc">
      <Execution id="92dd78d3-0f3f-4010-8a46-948429aa5c4d" />
      <TestMethod codeBase="D:\actions-runner\_work\XPCO\XPCO\EventServer\Server\Components\Central\VideoOS.EventServer.Events.EventStatusSubscriptionWsApi.UnitTest\bin\Debug\net472\VideoOS.EventServer.Events.EventStatusSubscriptionWsApi.UnitTest.dll" adapterTypeName="executor://mstestadapter/v2" className="VideoOS.EventServer.Events.EventStatusSubscriptionWsApi.UnitTest.UserWrapperTests" name="Given_Nothing_When_UserSidIsValidSid_Then_TypeIsWindowsUser" />
    </UnitTest>
    <UnitTest name="Given_Nothing_When_StateCacheIsDisposed_Then_ItUnsubscribesFromPusher" storage="d:\actions-runner\_work\xpco\xpco\eventserver\server\components\central\videoos.eventserver.events.eventstatussubscriptionwsapi.unittest\bin\debug\net472\videoos.eventserver.events.eventstatussubscriptionwsapi.unittest.dll" id="6d2dccb8-c17b-4d0c-535c-5073418f2efb">
      <Execution id="52c8d7af-009e-4d08-a8c6-d1b8f2737abf" />
      <TestMethod codeBase="D:\actions-runner\_work\XPCO\XPCO\EventServer\Server\Components\Central\VideoOS.EventServer.Events.EventStatusSubscriptionWsApi.UnitTest\bin\Debug\net472\VideoOS.EventServer.Events.EventStatusSubscriptionWsApi.UnitTest.dll" adapterTypeName="executor://mstestadapter/v2" className="VideoOS.EventServer.Events.EventStatusSubscriptionWsApi.UnitTest.StateCacheUnitTests" name="Given_Nothing_When_StateCacheIsDisposed_Then_ItUnsubscribesFromPusher" />
    </UnitTest>
    <UnitTest name="Given_Null_When_IsSubscribedIsCalled_Then_ExceptionIsThrown" storage="d:\actions-runner\_work\xpco\xpco\eventserver\server\components\central\videoos.eventserver.events.eventstatussubscriptionwsapi.unittest\bin\debug\net472\videoos.eventserver.events.eventstatussubscriptionwsapi.unittest.dll" id="deb905cf-a2a0-6941-04d3-858abc2fa886">
      <Execution id="91a811c3-c54b-4645-9d55-b631f3acad6f" />
      <TestMethod codeBase="D:\actions-runner\_work\XPCO\XPCO\EventServer\Server\Components\Central\VideoOS.EventServer.Events.EventStatusSubscriptionWsApi.UnitTest\bin\Debug\net472\VideoOS.EventServer.Events.EventStatusSubscriptionWsApi.UnitTest.dll" adapterTypeName="executor://mstestadapter/v2" className="VideoOS.EventServer.Events.EventStatusSubscriptionWsApi.UnitTest.SubscriptionTests" name="Given_Null_When_IsSubscribedIsCalled_Then_ExceptionIsThrown" />
    </UnitTest>
    <UnitTest name="Given_StartSessionWithEventId_When_Parsing_Then_CommandIsReturned" storage="d:\actions-runner\_work\xpco\xpco\eventserver\server\components\central\videoos.eventserver.events.eventstatussubscriptionwsapi.unittest\bin\debug\net472\videoos.eventserver.events.eventstatussubscriptionwsapi.unittest.dll" id="c7334bd2-08fc-6f4e-61b6-5c29e6877bbe">
      <Execution id="a9ee81cd-b2c3-4457-9e0a-9cd80ff9ee81" />
      <TestMethod codeBase="D:\actions-runner\_work\XPCO\XPCO\EventServer\Server\Components\Central\VideoOS.EventServer.Events.EventStatusSubscriptionWsApi.UnitTest\bin\Debug\net472\VideoOS.EventServer.Events.EventStatusSubscriptionWsApi.UnitTest.dll" adapterTypeName="executor://mstestadapter/v2" className="VideoOS.EventServer.Events.EventStatusSubscriptionWsApi.UnitTest.Protocol.StartSessionMessageParserUnitTests" name="Given_StartSessionWithEventId_When_Parsing_Then_CommandIsReturned" />
    </UnitTest>
    <UnitTest name="Given_SubscriptionIdNotValidGuid_When_Parsing_Then_400BadRequestInvalidArgumentsReturned" storage="d:\actions-runner\_work\xpco\xpco\eventserver\server\components\central\videoos.eventserver.events.eventstatussubscriptionwsapi.unittest\bin\debug\net472\videoos.eventserver.events.eventstatussubscriptionwsapi.unittest.dll" id="ac5a3b6c-8792-acd8-e85e-8cc8e5d22d05">
      <Execution id="6b27b61b-ebc5-4208-b6bc-48d5479e0f51" />
      <TestMethod codeBase="D:\actions-runner\_work\XPCO\XPCO\EventServer\Server\Components\Central\VideoOS.EventServer.Events.EventStatusSubscriptionWsApi.UnitTest\bin\Debug\net472\VideoOS.EventServer.Events.EventStatusSubscriptionWsApi.UnitTest.dll" adapterTypeName="executor://mstestadapter/v2" className="VideoOS.EventServer.Events.EventStatusSubscriptionWsApi.UnitTest.Protocol.RemoveSubscriptionMessageParserUnitTest" name="Given_SubscriptionIdNotValidGuid_When_Parsing_Then_400BadRequestInvalidArgumentsReturned" />
    </UnitTest>
    <UnitTest name="Given_ProperRemoveSubscriptionCommand_When_Parsing_Then_200OKAndRemoveSubscriptionObjectReturned" storage="d:\actions-runner\_work\xpco\xpco\eventserver\server\components\central\videoos.eventserver.events.eventstatussubscriptionwsapi.unittest\bin\debug\net472\videoos.eventserver.events.eventstatussubscriptionwsapi.unittest.dll" id="b697e546-a056-254c-e398-3d48dc7aefd3">
      <Execution id="e52d0e33-4d5e-4dd9-b09d-8b963bd5658e" />
      <TestMethod codeBase="D:\actions-runner\_work\XPCO\XPCO\EventServer\Server\Components\Central\VideoOS.EventServer.Events.EventStatusSubscriptionWsApi.UnitTest\bin\Debug\net472\VideoOS.EventServer.Events.EventStatusSubscriptionWsApi.UnitTest.dll" adapterTypeName="executor://mstestadapter/v2" className="VideoOS.EventServer.Events.EventStatusSubscriptionWsApi.UnitTest.Protocol.RemoveSubscriptionMessageParserUnitTest" name="Given_ProperRemoveSubscriptionCommand_When_Parsing_Then_200OKAndRemoveSubscriptionObjectReturned" />
    </UnitTest>
    <UnitTest name="Given_NoCommandId_When_Parsing_Then_400BadRequestResponseFatalError" storage="d:\actions-runner\_work\xpco\xpco\eventserver\server\components\central\videoos.eventserver.events.eventstatussubscriptionwsapi.unittest\bin\debug\net472\videoos.eventserver.events.eventstatussubscriptionwsapi.unittest.dll" id="4d88f499-64c4-cc5c-d594-ad7b8c2afd74">
      <Execution id="da3239ca-ad2a-4f34-ae91-f24a74378f25" />
      <TestMethod codeBase="D:\actions-runner\_work\XPCO\XPCO\EventServer\Server\Components\Central\VideoOS.EventServer.Events.EventStatusSubscriptionWsApi.UnitTest\bin\Debug\net472\VideoOS.EventServer.Events.EventStatusSubscriptionWsApi.UnitTest.dll" adapterTypeName="executor://mstestadapter/v2" className="VideoOS.EventServer.Events.EventStatusSubscriptionWsApi.UnitTest.Protocol.BasicMessageParserUnitTests" name="Given_NoCommandId_When_Parsing_Then_400BadRequestResponseFatalError" />
    </UnitTest>
    <UnitTest name="Given_Rules_IsSubscribedStateIsCalled_Then_IsSubscribedReturnsTheResult (ABBBB6C3-DFBD-4439-86F3-DC71C5BB39A1,Exclude,C26708C1-6BD7-4B77-BE0D-FB30FDC2055D,True)" storage="d:\actions-runner\_work\xpco\xpco\eventserver\server\components\central\videoos.eventserver.events.eventstatussubscriptionwsapi.unittest\bin\debug\net472\videoos.eventserver.events.eventstatussubscriptionwsapi.unittest.dll" id="a664b755-27f4-da71-042a-b2043df80cd0">
      <Execution id="9e2b101a-271e-4784-bfef-4d585bf59dd1" />
      <TestMethod codeBase="D:\actions-runner\_work\XPCO\XPCO\EventServer\Server\Components\Central\VideoOS.EventServer.Events.EventStatusSubscriptionWsApi.UnitTest\bin\Debug\net472\VideoOS.EventServer.Events.EventStatusSubscriptionWsApi.UnitTest.dll" adapterTypeName="executor://mstestadapter/v2" className="VideoOS.EventServer.Events.EventStatusSubscriptionWsApi.UnitTest.SubscriptionTests" name="Given_Rules_IsSubscribedStateIsCalled_Then_IsSubscribedReturnsTheResult" />
    </UnitTest>
    <UnitTest name="Given_NoCommand_When_Parsing_Then_400BadRequestResponseWithProperCommandId" storage="d:\actions-runner\_work\xpco\xpco\eventserver\server\components\central\videoos.eventserver.events.eventstatussubscriptionwsapi.unittest\bin\debug\net472\videoos.eventserver.events.eventstatussubscriptionwsapi.unittest.dll" id="1a022045-6931-1daf-eef1-9605781f6de4">
      <Execution id="16ce23f1-e769-4714-81c9-125c0d0e3279" />
      <TestMethod codeBase="D:\actions-runner\_work\XPCO\XPCO\EventServer\Server\Components\Central\VideoOS.EventServer.Events.EventStatusSubscriptionWsApi.UnitTest\bin\Debug\net472\VideoOS.EventServer.Events.EventStatusSubscriptionWsApi.UnitTest.dll" adapterTypeName="executor://mstestadapter/v2" className="VideoOS.EventServer.Events.EventStatusSubscriptionWsApi.UnitTest.Protocol.BasicMessageParserUnitTests" name="Given_NoCommand_When_Parsing_Then_400BadRequestResponseWithProperCommandId" />
    </UnitTest>
    <UnitTest name="Given_SubscriptionIdEmptyGuid_When_Parsing_Then_400BadRequestInvalidArgumentsReturned" storage="d:\actions-runner\_work\xpco\xpco\eventserver\server\components\central\videoos.eventserver.events.eventstatussubscriptionwsapi.unittest\bin\debug\net472\videoos.eventserver.events.eventstatussubscriptionwsapi.unittest.dll" id="14d607be-ff13-1e7d-d02b-70da6282f27b">
      <Execution id="41cb7da6-ebc9-4690-82d9-448a4254e017" />
      <TestMethod codeBase="D:\actions-runner\_work\XPCO\XPCO\EventServer\Server\Components\Central\VideoOS.EventServer.Events.EventStatusSubscriptionWsApi.UnitTest\bin\Debug\net472\VideoOS.EventServer.Events.EventStatusSubscriptionWsApi.UnitTest.dll" adapterTypeName="executor://mstestadapter/v2" className="VideoOS.EventServer.Events.EventStatusSubscriptionWsApi.UnitTest.Protocol.RemoveSubscriptionMessageParserUnitTest" name="Given_SubscriptionIdEmptyGuid_When_Parsing_Then_400BadRequestInvalidArgumentsReturned" />
    </UnitTest>
    <UnitTest name="Given_ResumeSession_When_Mapping_Then_ASessionIdIsGuidEventIdIsDefault" storage="d:\actions-runner\_work\xpco\xpco\eventserver\server\components\central\videoos.eventserver.events.eventstatussubscriptionwsapi.unittest\bin\debug\net472\videoos.eventserver.events.eventstatussubscriptionwsapi.unittest.dll" id="2fb60441-b8ca-a1cd-4ec5-1ef5fd42e809">
      <Execution id="5780ac12-1380-43c7-80a5-6dae9735eca5" />
      <TestMethod codeBase="D:\actions-runner\_work\XPCO\XPCO\EventServer\Server\Components\Central\VideoOS.EventServer.Events.EventStatusSubscriptionWsApi.UnitTest\bin\Debug\net472\VideoOS.EventServer.Events.EventStatusSubscriptionWsApi.UnitTest.dll" adapterTypeName="executor://mstestadapter/v2" className="VideoOS.EventServer.Events.EventStatusSubscriptionWsApi.UnitTest.Protocol.SessionMapperTests" name="Given_ResumeSession_When_Mapping_Then_ASessionIdIsGuidEventIdIsDefault" />
    </UnitTest>
    <UnitTest name="Given_Nothing_When_UserSidIsInvalidSid_Then_UnknownIdentityType" storage="d:\actions-runner\_work\xpco\xpco\eventserver\server\components\central\videoos.eventserver.events.eventstatussubscriptionwsapi.unittest\bin\debug\net472\videoos.eventserver.events.eventstatussubscriptionwsapi.unittest.dll" id="eeb5ac1e-1bb9-1820-7491-a59f060b4245">
      <Execution id="74173849-01f1-4a3a-821b-4c20880193d9" />
      <TestMethod codeBase="D:\actions-runner\_work\XPCO\XPCO\EventServer\Server\Components\Central\VideoOS.EventServer.Events.EventStatusSubscriptionWsApi.UnitTest\bin\Debug\net472\VideoOS.EventServer.Events.EventStatusSubscriptionWsApi.UnitTest.dll" adapterTypeName="executor://mstestadapter/v2" className="VideoOS.EventServer.Events.EventStatusSubscriptionWsApi.UnitTest.UserWrapperTests" name="Given_Nothing_When_UserSidIsInvalidSid_Then_UnknownIdentityType" />
    </UnitTest>
    <UnitTest name="Given_EventsMessage_When_SerializeObject_Then_Succed" storage="d:\actions-runner\_work\xpco\xpco\eventserver\server\components\central\videoos.eventserver.events.eventstatussubscriptionwsapi.unittest\bin\debug\net472\videoos.eventserver.events.eventstatussubscriptionwsapi.unittest.dll" id="4e5ef586-508b-3b2e-2a84-792eb7741207">
      <Execution id="9b49be04-c56e-4d12-a687-ca8476f8086f" />
      <TestMethod codeBase="D:\actions-runner\_work\XPCO\XPCO\EventServer\Server\Components\Central\VideoOS.EventServer.Events.EventStatusSubscriptionWsApi.UnitTest\bin\Debug\net472\VideoOS.EventServer.Events.EventStatusSubscriptionWsApi.UnitTest.dll" adapterTypeName="executor://mstestadapter/v2" className="VideoOS.EventServer.Events.EventStatusSubscriptionWsApi.UnitTest.Protocol.EventsMessageTests" name="Given_EventsMessage_When_SerializeObject_Then_Succed" />
    </UnitTest>
    <UnitTest name="Given_CommandIdDecimalNumber_When_Parsing_Then_400BadRequestInvalidArgumentsReturned" storage="d:\actions-runner\_work\xpco\xpco\eventserver\server\components\central\videoos.eventserver.events.eventstatussubscriptionwsapi.unittest\bin\debug\net472\videoos.eventserver.events.eventstatussubscriptionwsapi.unittest.dll" id="7b06f581-1ccc-6701-d74a-400b5542513f">
      <Execution id="d2d4111b-ac9a-426d-aadc-38cb5272482b" />
      <TestMethod codeBase="D:\actions-runner\_work\XPCO\XPCO\EventServer\Server\Components\Central\VideoOS.EventServer.Events.EventStatusSubscriptionWsApi.UnitTest\bin\Debug\net472\VideoOS.EventServer.Events.EventStatusSubscriptionWsApi.UnitTest.dll" adapterTypeName="executor://mstestadapter/v2" className="VideoOS.EventServer.Events.EventStatusSubscriptionWsApi.UnitTest.Protocol.AddSubscriptionMessageParserUnitTests" name="Given_CommandIdDecimalNumber_When_Parsing_Then_400BadRequestInvalidArgumentsReturned" />
    </UnitTest>
    <UnitTest name="Given_Rules_IsSubscribedIsCalled_Then_IsSubscribedReturnsTheResult (4EF04DAE-3C18-4BAD-A730-42F6F293E700,Include,,4EF04DAE-3C18-4BAD-A730-42F6F293E700,,True)" storage="d:\actions-runner\_work\xpco\xpco\eventserver\server\components\central\videoos.eventserver.events.eventstatussubscriptionwsapi.unittest\bin\debug\net472\videoos.eventserver.events.eventstatussubscriptionwsapi.unittest.dll" id="574b2f8f-cafd-7669-fb7d-d3336a80f13a">
      <Execution id="a49e1f88-8b36-45d3-8841-8bb2fb703bc1" />
      <TestMethod codeBase="D:\actions-runner\_work\XPCO\XPCO\EventServer\Server\Components\Central\VideoOS.EventServer.Events.EventStatusSubscriptionWsApi.UnitTest\bin\Debug\net472\VideoOS.EventServer.Events.EventStatusSubscriptionWsApi.UnitTest.dll" adapterTypeName="executor://mstestadapter/v2" className="VideoOS.EventServer.Events.EventStatusSubscriptionWsApi.UnitTest.SubscriptionTests" name="Given_Rules_IsSubscribedIsCalled_Then_IsSubscribedReturnsTheResult" />
    </UnitTest>
    <UnitTest name="Given_StartSession_When_Mapping_Then_ASessionIdAndEventIdIsDefault" storage="d:\actions-runner\_work\xpco\xpco\eventserver\server\components\central\videoos.eventserver.events.eventstatussubscriptionwsapi.unittest\bin\debug\net472\videoos.eventserver.events.eventstatussubscriptionwsapi.unittest.dll" id="6507f808-c9e1-3403-0216-cd8d28b5f232">
      <Execution id="1065efcb-a9c6-47e0-8eee-c2c20b3d35ad" />
      <TestMethod codeBase="D:\actions-runner\_work\XPCO\XPCO\EventServer\Server\Components\Central\VideoOS.EventServer.Events.EventStatusSubscriptionWsApi.UnitTest\bin\Debug\net472\VideoOS.EventServer.Events.EventStatusSubscriptionWsApi.UnitTest.dll" adapterTypeName="executor://mstestadapter/v2" className="VideoOS.EventServer.Events.EventStatusSubscriptionWsApi.UnitTest.Protocol.CommandMapperTests" name="Given_StartSession_When_Mapping_Then_ASessionIdAndEventIdIsDefault" />
    </UnitTest>
    <UnitTest name="Given_SubscriptionAdded_When_EventThatMatchesFilter_Then_IsSubscribedTrue" storage="d:\actions-runner\_work\xpco\xpco\eventserver\server\components\central\videoos.eventserver.events.eventstatussubscriptionwsapi.unittest\bin\debug\net472\videoos.eventserver.events.eventstatussubscriptionwsapi.unittest.dll" id="d9c383ec-2b9a-9077-f8dd-a7d50a9778d4">
      <Execution id="8ea7e673-bd71-489f-983a-516b899dd85a" />
      <TestMethod codeBase="D:\actions-runner\_work\XPCO\XPCO\EventServer\Server\Components\Central\VideoOS.EventServer.Events.EventStatusSubscriptionWsApi.UnitTest\bin\Debug\net472\VideoOS.EventServer.Events.EventStatusSubscriptionWsApi.UnitTest.dll" adapterTypeName="executor://mstestadapter/v2" className="VideoOS.EventServer.Events.EventStatusSubscriptionWsApi.UnitTest.SubscriptionRuleEngineTests" name="Given_SubscriptionAdded_When_EventThatMatchesFilter_Then_IsSubscribedTrue" />
    </UnitTest>
    <UnitTest name="Given_SessionHasTimedout_When_GetOrCreate_Then_ANewSessionIsReturned" storage="d:\actions-runner\_work\xpco\xpco\eventserver\server\components\central\videoos.eventserver.events.eventstatussubscriptionwsapi.unittest\bin\debug\net472\videoos.eventserver.events.eventstatussubscriptionwsapi.unittest.dll" id="e8528be5-b85a-9a64-e355-41b2eb647d3a">
      <Execution id="67132e9c-05a1-48ec-8c91-6ea108c0887a" />
      <TestMethod codeBase="D:\actions-runner\_work\XPCO\XPCO\EventServer\Server\Components\Central\VideoOS.EventServer.Events.EventStatusSubscriptionWsApi.UnitTest\bin\Debug\net472\VideoOS.EventServer.Events.EventStatusSubscriptionWsApi.UnitTest.dll" adapterTypeName="executor://mstestadapter/v2" className="VideoOS.EventServer.Events.EventStatusSubscriptionWsApi.UnitTest.SessionCacheTests" name="Given_SessionHasTimedout_When_GetOrCreate_Then_ANewSessionIsReturned" />
    </UnitTest>
    <UnitTest name="Given_IncludeRuleWithSourceId_When_IsSubscribedIsCalledWhereTheEventSourceHasNoId_Then_IsSubscribedIsTrue" storage="d:\actions-runner\_work\xpco\xpco\eventserver\server\components\central\videoos.eventserver.events.eventstatussubscriptionwsapi.unittest\bin\debug\net472\videoos.eventserver.events.eventstatussubscriptionwsapi.unittest.dll" id="8e6126a9-8a85-34a6-7edd-6aad8e81bb40">
      <Execution id="1b9f4168-cc06-4c67-9139-6d2ab111413c" />
      <TestMethod codeBase="D:\actions-runner\_work\XPCO\XPCO\EventServer\Server\Components\Central\VideoOS.EventServer.Events.EventStatusSubscriptionWsApi.UnitTest\bin\Debug\net472\VideoOS.EventServer.Events.EventStatusSubscriptionWsApi.UnitTest.dll" adapterTypeName="executor://mstestadapter/v2" className="VideoOS.EventServer.Events.EventStatusSubscriptionWsApi.UnitTest.SubscriptionTests" name="Given_IncludeRuleWithSourceId_When_IsSubscribedIsCalledWhereTheEventSourceHasNoId_Then_IsSubscribedIsTrue" />
    </UnitTest>
    <UnitTest name="Given_Event_When_ToExposedEvent_Then_ExposedEventCreatedCorrectly" storage="d:\actions-runner\_work\xpco\xpco\eventserver\server\components\central\videoos.eventserver.events.eventstatussubscriptionwsapi.unittest\bin\debug\net472\videoos.eventserver.events.eventstatussubscriptionwsapi.unittest.dll" id="c3639fcf-9e7c-c54f-2d7d-59155cbd5a63">
      <Execution id="1012fd76-1c2c-45b4-8a3e-ecc1cff22344" />
      <TestMethod codeBase="D:\actions-runner\_work\XPCO\XPCO\EventServer\Server\Components\Central\VideoOS.EventServer.Events.EventStatusSubscriptionWsApi.UnitTest\bin\Debug\net472\VideoOS.EventServer.Events.EventStatusSubscriptionWsApi.UnitTest.dll" adapterTypeName="executor://mstestadapter/v2" className="VideoOS.EventServer.Events.EventStatusSubscriptionWsApi.UnitTest.Protocol.EventMapperTests" name="Given_Event_When_ToExposedEvent_Then_ExposedEventCreatedCorrectly" />
    </UnitTest>
    <UnitTest name="Given_Rules_IsSubscribedStateIsCalled_Then_IsSubscribedReturnsTheResult (ABBBB6C3-DFBD-4439-86F3-DC71C5BB39A1,Exclude,15C28E95-285D-47F7-95E2-976DEC10D2D4,True)" storage="d:\actions-runner\_work\xpco\xpco\eventserver\server\components\central\videoos.eventserver.events.eventstatussubscriptionwsapi.unittest\bin\debug\net472\videoos.eventserver.events.eventstatussubscriptionwsapi.unittest.dll" id="1f4a2205-5f2b-3ebd-cf78-6856543ffcfc">
      <Execution id="acbaad75-13eb-4bce-9e48-b21143455707" />
      <TestMethod codeBase="D:\actions-runner\_work\XPCO\XPCO\EventServer\Server\Components\Central\VideoOS.EventServer.Events.EventStatusSubscriptionWsApi.UnitTest\bin\Debug\net472\VideoOS.EventServer.Events.EventStatusSubscriptionWsApi.UnitTest.dll" adapterTypeName="executor://mstestadapter/v2" className="VideoOS.EventServer.Events.EventStatusSubscriptionWsApi.UnitTest.SubscriptionTests" name="Given_Rules_IsSubscribedStateIsCalled_Then_IsSubscribedReturnsTheResult" />
    </UnitTest>
    <UnitTest name="Given_StartSessionWithoutSessionId_When_Parsing_Then_CommandIsReturned" storage="d:\actions-runner\_work\xpco\xpco\eventserver\server\components\central\videoos.eventserver.events.eventstatussubscriptionwsapi.unittest\bin\debug\net472\videoos.eventserver.events.eventstatussubscriptionwsapi.unittest.dll" id="329b8388-0c3e-b165-4696-a2bcdcd89b43">
      <Execution id="87adbecd-5518-442b-acce-e511b58abb2b" />
      <TestMethod codeBase="D:\actions-runner\_work\XPCO\XPCO\EventServer\Server\Components\Central\VideoOS.EventServer.Events.EventStatusSubscriptionWsApi.UnitTest\bin\Debug\net472\VideoOS.EventServer.Events.EventStatusSubscriptionWsApi.UnitTest.dll" adapterTypeName="executor://mstestadapter/v2" className="VideoOS.EventServer.Events.EventStatusSubscriptionWsApi.UnitTest.Protocol.StartSessionMessageParserUnitTests" name="Given_StartSessionWithoutSessionId_When_Parsing_Then_CommandIsReturned" />
    </UnitTest>
    <UnitTest name="Given_Nothing_When_AnyEvent_Then_IsSubscribedFalse" storage="d:\actions-runner\_work\xpco\xpco\eventserver\server\components\central\videoos.eventserver.events.eventstatussubscriptionwsapi.unittest\bin\debug\net472\videoos.eventserver.events.eventstatussubscriptionwsapi.unittest.dll" id="029f8264-8dd8-7c55-ccbc-cf1a4f568059">
      <Execution id="17117e6a-547a-4dbf-b1dc-d773404822c5" />
      <TestMethod codeBase="D:\actions-runner\_work\XPCO\XPCO\EventServer\Server\Components\Central\VideoOS.EventServer.Events.EventStatusSubscriptionWsApi.UnitTest\bin\Debug\net472\VideoOS.EventServer.Events.EventStatusSubscriptionWsApi.UnitTest.dll" adapterTypeName="executor://mstestadapter/v2" className="VideoOS.EventServer.Events.EventStatusSubscriptionWsApi.UnitTest.SubscriptionRuleEngineTests" name="Given_Nothing_When_AnyEvent_Then_IsSubscribedFalse" />
    </UnitTest>
    <UnitTest name="Given_Nothing_When_CallingCreateOnTheMessageHandlerFactory_Then_AMessagehandlerIsCreated" storage="d:\actions-runner\_work\xpco\xpco\eventserver\server\components\central\videoos.eventserver.events.eventstatussubscriptionwsapi.unittest\bin\debug\net472\videoos.eventserver.events.eventstatussubscriptionwsapi.unittest.dll" id="f470f3be-cbb4-4884-ce73-3815b9db8202">
      <Execution id="82542574-fde1-4259-a573-e759b6cf1e2e" />
      <TestMethod codeBase="D:\actions-runner\_work\XPCO\XPCO\EventServer\Server\Components\Central\VideoOS.EventServer.Events.EventStatusSubscriptionWsApi.UnitTest\bin\Debug\net472\VideoOS.EventServer.Events.EventStatusSubscriptionWsApi.UnitTest.dll" adapterTypeName="executor://mstestadapter/v2" className="VideoOS.EventServer.Events.EventStatusSubscriptionWsApi.UnitTest.MessageHandlerTests" name="Given_Nothing_When_CallingCreateOnTheMessageHandlerFactory_Then_AMessagehandlerIsCreated" />
    </UnitTest>
    <UnitTest name="Given_EventsInCacheAfterWaitingForEvents_When_ResumingFromExistingEvent_Then_GetRecentEventsReturnsCachedEvents" storage="d:\actions-runner\_work\xpco\xpco\eventserver\server\components\central\videoos.eventserver.events.eventstatussubscriptionwsapi.unittest\bin\debug\net472\videoos.eventserver.events.eventstatussubscriptionwsapi.unittest.dll" id="f759bd97-980f-b14d-c0d8-3d20ffae820c">
      <Execution id="92d2c850-286c-4783-a722-906dfe8fbe13" />
      <TestMethod codeBase="D:\actions-runner\_work\XPCO\XPCO\EventServer\Server\Components\Central\VideoOS.EventServer.Events.EventStatusSubscriptionWsApi.UnitTest\bin\Debug\net472\VideoOS.EventServer.Events.EventStatusSubscriptionWsApi.UnitTest.dll" adapterTypeName="executor://mstestadapter/v2" className="VideoOS.EventServer.Events.EventStatusSubscriptionWsApi.UnitTest.EventCacheTests" name="Given_EventsInCacheAfterWaitingForEvents_When_ResumingFromExistingEvent_Then_GetRecentEventsReturnsCachedEvents" />
    </UnitTest>
    <UnitTest name="Given_Nothing_When_PusherIsLocked_Then_EventsWillBeHeldBackUntilLockIsDisposed" storage="d:\actions-runner\_work\xpco\xpco\eventserver\server\components\central\videoos.eventserver.events.eventstatussubscriptionwsapi.unittest\bin\debug\net472\videoos.eventserver.events.eventstatussubscriptionwsapi.unittest.dll" id="72ea1e3a-e8ec-a352-2083-f5b0e29e730a">
      <Execution id="d4f1305e-93f1-4b36-a525-43beb2d03ec2" />
      <TestMethod codeBase="D:\actions-runner\_work\XPCO\XPCO\EventServer\Server\Components\Central\VideoOS.EventServer.Events.EventStatusSubscriptionWsApi.UnitTest\bin\Debug\net472\VideoOS.EventServer.Events.EventStatusSubscriptionWsApi.UnitTest.dll" adapterTypeName="executor://mstestadapter/v2" className="VideoOS.EventServer.Events.EventStatusSubscriptionWsApi.UnitTest.EventAndStatePusherTests" name="Given_Nothing_When_PusherIsLocked_Then_EventsWillBeHeldBackUntilLockIsDisposed" />
    </UnitTest>
    <UnitTest name="Given_Rules_IsSubscribedIsCalled_Then_IsSubscribedReturnsTheResult (D0D2FE84-1C92-44C5-9EE3-AFCEA6415F30,Exclude,,,4EF04DAE-3C18-4BAD-A730-42F6F293E700,True)" storage="d:\actions-runner\_work\xpco\xpco\eventserver\server\components\central\videoos.eventserver.events.eventstatussubscriptionwsapi.unittest\bin\debug\net472\videoos.eventserver.events.eventstatussubscriptionwsapi.unittest.dll" id="b47c2cfd-a74b-c954-bd88-3779258e52fd">
      <Execution id="38f0be4e-7a31-4821-98ae-292d31b26c00" />
      <TestMethod codeBase="D:\actions-runner\_work\XPCO\XPCO\EventServer\Server\Components\Central\VideoOS.EventServer.Events.EventStatusSubscriptionWsApi.UnitTest\bin\Debug\net472\VideoOS.EventServer.Events.EventStatusSubscriptionWsApi.UnitTest.dll" adapterTypeName="executor://mstestadapter/v2" className="VideoOS.EventServer.Events.EventStatusSubscriptionWsApi.UnitTest.SubscriptionTests" name="Given_Rules_IsSubscribedIsCalled_Then_IsSubscribedReturnsTheResult" />
    </UnitTest>
    <UnitTest name="Given_MessageHandler_When_PushAsyncCalldTwice_Then_MessagSequenceIsCorrect" storage="d:\actions-runner\_work\xpco\xpco\eventserver\server\components\central\videoos.eventserver.events.eventstatussubscriptionwsapi.unittest\bin\debug\net472\videoos.eventserver.events.eventstatussubscriptionwsapi.unittest.dll" id="646b8f42-decd-5593-6e73-660cc3b2534d">
      <Execution id="233cdc3d-c1a1-41e0-bcf0-f94ee7214215" />
      <TestMethod codeBase="D:\actions-runner\_work\XPCO\XPCO\EventServer\Server\Components\Central\VideoOS.EventServer.Events.EventStatusSubscriptionWsApi.UnitTest\bin\Debug\net472\VideoOS.EventServer.Events.EventStatusSubscriptionWsApi.UnitTest.dll" adapterTypeName="executor://mstestadapter/v2" className="VideoOS.EventServer.Events.EventStatusSubscriptionWsApi.UnitTest.MessageHandlerTests" name="Given_MessageHandler_When_PushAsyncCalldTwice_Then_MessagSequenceIsCorrect" />
    </UnitTest>
    <UnitTest name="Given_Nothing_When_AStateFullEventIsPushedMultipleTimesInTheSamePush_Then_TheLastStateInTheCollectionIsStoredInTheCache" storage="d:\actions-runner\_work\xpco\xpco\eventserver\server\components\central\videoos.eventserver.events.eventstatussubscriptionwsapi.unittest\bin\debug\net472\videoos.eventserver.events.eventstatussubscriptionwsapi.unittest.dll" id="8fd20424-1827-93f4-e482-848d3e7f0278">
      <Execution id="ad590c4b-6736-45bc-9cf7-9ccf4d840287" />
      <TestMethod codeBase="D:\actions-runner\_work\XPCO\XPCO\EventServer\Server\Components\Central\VideoOS.EventServer.Events.EventStatusSubscriptionWsApi.UnitTest\bin\Debug\net472\VideoOS.EventServer.Events.EventStatusSubscriptionWsApi.UnitTest.dll" adapterTypeName="executor://mstestadapter/v2" className="VideoOS.EventServer.Events.EventStatusSubscriptionWsApi.UnitTest.StateCacheUnitTests" name="Given_Nothing_When_AStateFullEventIsPushedMultipleTimesInTheSamePush_Then_TheLastStateInTheCollectionIsStoredInTheCache" />
    </UnitTest>
    <UnitTest name="Given_Event_When_ToState_ThenStateIsCreatedCorrectly" storage="d:\actions-runner\_work\xpco\xpco\eventserver\server\components\central\videoos.eventserver.events.eventstatussubscriptionwsapi.unittest\bin\debug\net472\videoos.eventserver.events.eventstatussubscriptionwsapi.unittest.dll" id="06a83446-ab5d-f9d1-38d7-8cbf57b3df82">
      <Execution id="1166f5c4-2c27-432a-b323-b474f8287103" />
      <TestMethod codeBase="D:\actions-runner\_work\XPCO\XPCO\EventServer\Server\Components\Central\VideoOS.EventServer.Events.EventStatusSubscriptionWsApi.UnitTest\bin\Debug\net472\VideoOS.EventServer.Events.EventStatusSubscriptionWsApi.UnitTest.dll" adapterTypeName="executor://mstestadapter/v2" className="VideoOS.EventServer.Events.EventStatusSubscriptionWsApi.UnitTest.Protocol.EventStateMapperTests" name="Given_Event_When_ToState_ThenStateIsCreatedCorrectly" />
    </UnitTest>
    <UnitTest name="Given_WildcardAlongWithOhterSpecifier_When_Parsing_Then_400BadRequestInvalidArgumentsReturned" storage="d:\actions-runner\_work\xpco\xpco\eventserver\server\components\central\videoos.eventserver.events.eventstatussubscriptionwsapi.unittest\bin\debug\net472\videoos.eventserver.events.eventstatussubscriptionwsapi.unittest.dll" id="614e977e-8164-1974-f844-e7e9e5f18ba0">
      <Execution id="b382f3f6-bafc-499c-af26-ad4791b1bf26" />
      <TestMethod codeBase="D:\actions-runner\_work\XPCO\XPCO\EventServer\Server\Components\Central\VideoOS.EventServer.Events.EventStatusSubscriptionWsApi.UnitTest\bin\Debug\net472\VideoOS.EventServer.Events.EventStatusSubscriptionWsApi.UnitTest.dll" adapterTypeName="executor://mstestadapter/v2" className="VideoOS.EventServer.Events.EventStatusSubscriptionWsApi.UnitTest.Protocol.AddSubscriptionMessageParserUnitTests" name="Given_WildcardAlongWithOhterSpecifier_When_Parsing_Then_400BadRequestInvalidArgumentsReturned" />
    </UnitTest>
    <UnitTest name="Given_StartSessionWithInvalidEventId_When_Parsing_Then_ErrorIsReturned" storage="d:\actions-runner\_work\xpco\xpco\eventserver\server\components\central\videoos.eventserver.events.eventstatussubscriptionwsapi.unittest\bin\debug\net472\videoos.eventserver.events.eventstatussubscriptionwsapi.unittest.dll" id="ca6de712-cccd-e22a-7ab5-7d82b6d46442">
      <Execution id="82224b9c-706a-49f4-a020-115760109859" />
      <TestMethod codeBase="D:\actions-runner\_work\XPCO\XPCO\EventServer\Server\Components\Central\VideoOS.EventServer.Events.EventStatusSubscriptionWsApi.UnitTest\bin\Debug\net472\VideoOS.EventServer.Events.EventStatusSubscriptionWsApi.UnitTest.dll" adapterTypeName="executor://mstestadapter/v2" className="VideoOS.EventServer.Events.EventStatusSubscriptionWsApi.UnitTest.Protocol.StartSessionMessageParserUnitTests" name="Given_StartSessionWithInvalidEventId_When_Parsing_Then_ErrorIsReturned" />
    </UnitTest>
    <UnitTest name="Given_Rules_IsSubscribedIsCalled_Then_IsSubscribedReturnsTheResult (D0D2FE84-1C92-44C5-9EE3-AFCEA6415F30,Include,,4EF04DAE-3C18-4BAD-A730-42F6F293E700,,False)" storage="d:\actions-runner\_work\xpco\xpco\eventserver\server\components\central\videoos.eventserver.events.eventstatussubscriptionwsapi.unittest\bin\debug\net472\videoos.eventserver.events.eventstatussubscriptionwsapi.unittest.dll" id="81aa6ddd-6b6e-20cb-fe97-9fe4af4ac5e9">
      <Execution id="ecbb8ca3-6fd1-4217-93bb-e03e5a2de96e" />
      <TestMethod codeBase="D:\actions-runner\_work\XPCO\XPCO\EventServer\Server\Components\Central\VideoOS.EventServer.Events.EventStatusSubscriptionWsApi.UnitTest\bin\Debug\net472\VideoOS.EventServer.Events.EventStatusSubscriptionWsApi.UnitTest.dll" adapterTypeName="executor://mstestadapter/v2" className="VideoOS.EventServer.Events.EventStatusSubscriptionWsApi.UnitTest.SubscriptionTests" name="Given_Rules_IsSubscribedIsCalled_Then_IsSubscribedReturnsTheResult" />
    </UnitTest>
    <UnitTest name="Given_Nothing_When_UserSidIsRandomString_Then_UnknownIdentityType" storage="d:\actions-runner\_work\xpco\xpco\eventserver\server\components\central\videoos.eventserver.events.eventstatussubscriptionwsapi.unittest\bin\debug\net472\videoos.eventserver.events.eventstatussubscriptionwsapi.unittest.dll" id="a3c7ccc4-d266-198f-9b4f-0336f30b0d51">
      <Execution id="46da2dbf-d5ed-4259-a9e2-aee7ae13630c" />
      <TestMethod codeBase="D:\actions-runner\_work\XPCO\XPCO\EventServer\Server\Components\Central\VideoOS.EventServer.Events.EventStatusSubscriptionWsApi.UnitTest\bin\Debug\net472\VideoOS.EventServer.Events.EventStatusSubscriptionWsApi.UnitTest.dll" adapterTypeName="executor://mstestadapter/v2" className="VideoOS.EventServer.Events.EventStatusSubscriptionWsApi.UnitTest.UserWrapperTests" name="Given_Nothing_When_UserSidIsRandomString_Then_UnknownIdentityType" />
    </UnitTest>
    <UnitTest name="Given_UserDoesNotHavePermission_When_GetPermittedEventsIsCalled_Than_EmptyListIsReturned" storage="d:\actions-runner\_work\xpco\xpco\eventserver\server\components\central\videoos.eventserver.events.eventstatussubscriptionwsapi.unittest\bin\debug\net472\videoos.eventserver.events.eventstatussubscriptionwsapi.unittest.dll" id="c148984c-ba7d-fc63-e1bc-c30e90767785">
      <Execution id="638e2169-77e5-41a0-8d05-2d55dd311e1f" />
      <TestMethod codeBase="D:\actions-runner\_work\XPCO\XPCO\EventServer\Server\Components\Central\VideoOS.EventServer.Events.EventStatusSubscriptionWsApi.UnitTest\bin\Debug\net472\VideoOS.EventServer.Events.EventStatusSubscriptionWsApi.UnitTest.dll" adapterTypeName="executor://mstestadapter/v2" className="VideoOS.EventServer.Events.EventStatusSubscriptionWsApi.UnitTest.RightsFilterTests" name="Given_UserDoesNotHavePermission_When_GetPermittedEventsIsCalled_Than_EmptyListIsReturned" />
    </UnitTest>
  </TestDefinitions>
  <TestEntries>
    <TestEntry testId="005a0164-534c-e56f-7279-9e3fcaf62159" executionId="8eb0f7df-ef18-40fe-a7dd-5341911a92db" testListId="8c84fa94-04c1-424b-9868-57a2d4851a1d" />
    <TestEntry testId="0bee18d7-6595-d19e-678d-f471e9c73f63" executionId="fade2e4e-5b02-4f91-a7fd-6881faaebab7" testListId="8c84fa94-04c1-424b-9868-57a2d4851a1d" />
    <TestEntry testId="b7d1f7c2-1558-ee08-9510-8ffbd157ef39" executionId="19a20076-5116-4027-bb54-27e5388ca070" testListId="8c84fa94-04c1-424b-9868-57a2d4851a1d" />
    <TestEntry testId="cfdad807-6976-92ae-7eac-bfd3102843cf" executionId="9b99850a-433b-4b2c-a206-c528888a3421" testListId="8c84fa94-04c1-424b-9868-57a2d4851a1d" />
    <TestEntry testId="3383aa31-fd9e-e756-c177-5fb014e0f40a" executionId="8a720f09-81f9-42da-960b-8f2856fd4c6f" testListId="8c84fa94-04c1-424b-9868-57a2d4851a1d" />
    <TestEntry testId="a89d0695-f1ec-52c6-0f6e-39897d378c92" executionId="1b42e887-6ab7-4589-b707-1e15bc896559" testListId="8c84fa94-04c1-424b-9868-57a2d4851a1d" />
    <TestEntry testId="da63023d-61f4-0bd0-40ba-5ee05c47391c" executionId="c3070b25-ed29-467b-9ad1-32eec2214fb1" testListId="8c84fa94-04c1-424b-9868-57a2d4851a1d" />
    <TestEntry testId="d83db56b-87cc-9a16-cbc0-14f0f643f9e4" executionId="40b36a7b-e708-4556-bb9f-1df3e0d7d30e" testListId="8c84fa94-04c1-424b-9868-57a2d4851a1d" />
    <TestEntry testId="8e6126a9-8a85-34a6-7edd-6aad8e81bb40" executionId="1b9f4168-cc06-4c67-9139-6d2ab111413c" testListId="8c84fa94-04c1-424b-9868-57a2d4851a1d" />
    <TestEntry testId="5751e437-c242-6e1c-152f-d70afbf9a64a" executionId="e0130190-a832-4574-bdad-0944919b90be" testListId="8c84fa94-04c1-424b-9868-57a2d4851a1d" />
    <TestEntry testId="ab487fc1-7e95-1dc9-6f76-3ccd7de31b29" executionId="e16d78ec-c751-4d4a-918f-3aa3f827182c" testListId="8c84fa94-04c1-424b-9868-57a2d4851a1d" />
    <TestEntry testId="bac320c3-b6a0-73c8-39a2-fe6fdd381331" executionId="fe603eb2-949b-4367-95a8-723f656d98d3" testListId="8c84fa94-04c1-424b-9868-57a2d4851a1d" />
    <TestEntry testId="d17a0167-b318-3283-77b1-87a040e6cbda" executionId="0a8a2ce6-970c-41ec-a0dd-8638d21e58ff" testListId="8c84fa94-04c1-424b-9868-57a2d4851a1d" />
    <TestEntry testId="454503b4-50f6-421b-6dc9-2c38d4ed7964" executionId="b316ac70-25ea-480a-a09e-6e67383f6bfd" testListId="8c84fa94-04c1-424b-9868-57a2d4851a1d" />
    <TestEntry testId="0966b5db-2e06-8767-524f-3e7bcc7e7dd3" executionId="8f6a842d-a17e-4554-99c6-63b835806c02" testListId="8c84fa94-04c1-424b-9868-57a2d4851a1d" />
    <TestEntry testId="31486b7f-4750-5c30-dfac-940e85d9aba3" executionId="e41d8943-6d95-4e24-9486-09df10b3f06f" testListId="8c84fa94-04c1-424b-9868-57a2d4851a1d" />
    <TestEntry testId="bcbd1dc7-ecfd-5631-fa27-5293e392e3ca" executionId="dff19171-fc53-49af-ac4e-22cd5d7ba03e" testListId="8c84fa94-04c1-424b-9868-57a2d4851a1d" />
    <TestEntry testId="4e5ef586-508b-3b2e-2a84-792eb7741207" executionId="9b49be04-c56e-4d12-a687-ca8476f8086f" testListId="8c84fa94-04c1-424b-9868-57a2d4851a1d" />
    <TestEntry testId="1a022045-6931-1daf-eef1-9605781f6de4" executionId="16ce23f1-e769-4714-81c9-125c0d0e3279" testListId="8c84fa94-04c1-424b-9868-57a2d4851a1d" />
    <TestEntry testId="6643f0e1-b507-35c9-5a38-67492d5e5f01" executionId="0899f4b9-d6bd-4f65-bd26-63f044554c4d" testListId="8c84fa94-04c1-424b-9868-57a2d4851a1d" />
    <TestEntry testId="52a5f325-961f-02a2-36af-76660603105d" executionId="19888744-843f-4b18-bf15-f72f14cb9326" testListId="8c84fa94-04c1-424b-9868-57a2d4851a1d" />
    <TestEntry testId="38a7b6a3-6c9d-888d-93a0-c6e954f4929d" executionId="7b3617ba-3a95-49a1-80c1-f04f387805ed" testListId="8c84fa94-04c1-424b-9868-57a2d4851a1d" />
    <TestEntry testId="deb905cf-a2a0-6941-04d3-858abc2fa886" executionId="91a811c3-c54b-4645-9d55-b631f3acad6f" testListId="8c84fa94-04c1-424b-9868-57a2d4851a1d" />
    <TestEntry testId="23ec95fb-7089-54a6-3032-25dda5297720" executionId="ea107ab5-7660-4ba7-a0f1-2ea3bcda153e" testListId="8c84fa94-04c1-424b-9868-57a2d4851a1d" />
    <TestEntry testId="29b4380c-4fab-0ff2-5b8f-2065ade1c77f" executionId="ff4a2e00-ef3f-462c-afd7-5d1e21eaf68d" testListId="8c84fa94-04c1-424b-9868-57a2d4851a1d" />
    <TestEntry testId="5abc0175-c520-8fe1-a4de-af6d035c8b14" executionId="dae50e25-9ead-4218-be32-1052a3c8cd06" testListId="8c84fa94-04c1-424b-9868-57a2d4851a1d" />
    <TestEntry testId="a3675df0-d5b7-652d-f192-ad7ccce62d82" executionId="98d92a30-6c68-4f16-8ecf-0a5129592708" testListId="8c84fa94-04c1-424b-9868-57a2d4851a1d" />
    <TestEntry testId="646b8f42-decd-5593-6e73-660cc3b2534d" executionId="233cdc3d-c1a1-41e0-bcf0-f94ee7214215" testListId="8c84fa94-04c1-424b-9868-57a2d4851a1d" />
    <TestEntry testId="1f4a2205-5f2b-3ebd-cf78-6856543ffcfc" executionId="acbaad75-13eb-4bce-9e48-b21143455707" testListId="8c84fa94-04c1-424b-9868-57a2d4851a1d" />
    <TestEntry testId="f799f189-be53-4091-5b25-657cc5d1b247" executionId="4145b305-5b12-44d0-bf24-76bf09851622" testListId="8c84fa94-04c1-424b-9868-57a2d4851a1d" />
    <TestEntry testId="2b203899-461a-2b69-e195-97649e521740" executionId="c5b3efa0-7e82-420a-a540-06260cce8fd5" testListId="8c84fa94-04c1-424b-9868-57a2d4851a1d" />
    <TestEntry testId="70b10f23-0f8f-6490-4522-62292554caa5" executionId="f6c240b7-0125-4936-95e0-96aec008ea5a" testListId="8c84fa94-04c1-424b-9868-57a2d4851a1d" />
    <TestEntry testId="df0c0ff9-7f0e-2d2e-976b-55c6991fd6e9" executionId="0594f5e0-9680-411a-805d-310d9d68a731" testListId="8c84fa94-04c1-424b-9868-57a2d4851a1d" />
    <TestEntry testId="3cee16d3-b36c-ab9e-3ba3-183a6748dbfa" executionId="82ab5a29-61cf-4812-bb8e-ae29e0871e79" testListId="8c84fa94-04c1-424b-9868-57a2d4851a1d" />
    <TestEntry testId="4bf816f4-8ff9-5f05-5469-95e36547d36e" executionId="ba926921-3ea3-4f5e-b0b4-5f522dc59350" testListId="8c84fa94-04c1-424b-9868-57a2d4851a1d" />
    <TestEntry testId="4ce35d63-7ac6-fb24-a2a8-2dd14293980c" executionId="5e1afb85-737e-45dc-a741-5f697389826e" testListId="8c84fa94-04c1-424b-9868-57a2d4851a1d" />
    <TestEntry testId="ca6de712-cccd-e22a-7ab5-7d82b6d46442" executionId="82224b9c-706a-49f4-a020-115760109859" testListId="8c84fa94-04c1-424b-9868-57a2d4851a1d" />
    <TestEntry testId="66c2e5a2-49b8-8da4-ae58-aa7e48aaa402" executionId="9f4bd211-d4bd-4712-a503-870ffa4dffe0" testListId="8c84fa94-04c1-424b-9868-57a2d4851a1d" />
    <TestEntry testId="e8528be5-b85a-9a64-e355-41b2eb647d3a" executionId="67132e9c-05a1-48ec-8c91-6ea108c0887a" testListId="8c84fa94-04c1-424b-9868-57a2d4851a1d" />
    <TestEntry testId="eaeece35-3172-5c51-c577-7144c5c03259" executionId="0b37cd00-3e20-4b3e-aa79-0130389b2bc3" testListId="8c84fa94-04c1-424b-9868-57a2d4851a1d" />
    <TestEntry testId="c39af18d-e350-1d1b-8554-909c49b54e82" executionId="e0b13b8a-70cf-4e32-ba58-196fe177cc40" testListId="8c84fa94-04c1-424b-9868-57a2d4851a1d" />
    <TestEntry testId="17c064d0-17b6-35c6-0b29-ea391d9f353f" executionId="b8600d08-c989-4478-938a-9205fc7a9f9a" testListId="8c84fa94-04c1-424b-9868-57a2d4851a1d" />
    <TestEntry testId="768fb8b7-3990-5a33-7f27-4e6edef2b06b" executionId="8b1f492a-5192-409a-9a48-178c4985a41d" testListId="8c84fa94-04c1-424b-9868-57a2d4851a1d" />
    <TestEntry testId="05666e4e-d0b6-ba13-848d-05794867fd17" executionId="673c6528-6c34-4767-9558-717f6eb88164" testListId="8c84fa94-04c1-424b-9868-57a2d4851a1d" />
    <TestEntry testId="efe9817f-6752-68f6-bfc5-2b49ae629ec1" executionId="1902cb4d-ee12-4772-ada8-44edb28cea2e" testListId="8c84fa94-04c1-424b-9868-57a2d4851a1d" />
    <TestEntry testId="62ddb9e3-be5f-b22a-127d-2f9489fd7a03" executionId="154ce02b-97f6-4ff9-9d70-19ad3b7d4d99" testListId="8c84fa94-04c1-424b-9868-57a2d4851a1d" />
    <TestEntry testId="60e0d5d7-a3e6-79c1-e9e1-84c57cc0d5ed" executionId="6b2b6379-fdeb-4055-b5e3-eadce983e431" testListId="8c84fa94-04c1-424b-9868-57a2d4851a1d" />
    <TestEntry testId="a664b755-27f4-da71-042a-b2043df80cd0" executionId="9e2b101a-271e-4784-bfef-4d585bf59dd1" testListId="8c84fa94-04c1-424b-9868-57a2d4851a1d" />
    <TestEntry testId="ebc2d938-a1ad-e738-d36d-328329ec97ff" executionId="e7ff3056-d907-4716-8674-7f4fcf6f1b93" testListId="8c84fa94-04c1-424b-9868-57a2d4851a1d" />
    <TestEntry testId="70eeb1ad-920b-36a3-73e7-e226adca4ba4" executionId="c30ea40b-2b02-4e77-9dbc-79f20fb78f91" testListId="8c84fa94-04c1-424b-9868-57a2d4851a1d" />
    <TestEntry testId="f12c380b-252f-3d82-b5ce-40e9dc7dcd57" executionId="1c2b1c94-ece4-4d54-a849-2719ad6c11c5" testListId="8c84fa94-04c1-424b-9868-57a2d4851a1d" />
    <TestEntry testId="a8a5aaea-1edb-fbdc-1ce8-d03ed5d4ef6a" executionId="ff201032-e71f-4411-bed9-8b60093303cb" testListId="8c84fa94-04c1-424b-9868-57a2d4851a1d" />
    <TestEntry testId="1a203833-3e67-798a-159d-af3605348683" executionId="25d0ff85-ccc8-401c-9135-e3e2aff18090" testListId="8c84fa94-04c1-424b-9868-57a2d4851a1d" />
    <TestEntry testId="b697e546-a056-254c-e398-3d48dc7aefd3" executionId="e52d0e33-4d5e-4dd9-b09d-8b963bd5658e" testListId="8c84fa94-04c1-424b-9868-57a2d4851a1d" />
    <TestEntry testId="53616b31-d5c5-a73f-fad1-e49ff5408362" executionId="708783b1-a3a5-4b37-b607-7f24f226f342" testListId="8c84fa94-04c1-424b-9868-57a2d4851a1d" />
    <TestEntry testId="f28919ed-cfda-2f3f-40b0-4c8bc98e136b" executionId="5144bad4-0324-4858-b6c9-41ce037b63a0" testListId="8c84fa94-04c1-424b-9868-57a2d4851a1d" />
    <TestEntry testId="83550f0a-a118-bb08-1ed4-f3c798229aac" executionId="0542162a-52d6-4c2b-b9eb-55795452d057" testListId="8c84fa94-04c1-424b-9868-57a2d4851a1d" />
    <TestEntry testId="0c217a13-ecb4-b231-f1b0-ed784058acf2" executionId="c38fc2bc-72a5-43d2-9f03-a482af94bbe5" testListId="8c84fa94-04c1-424b-9868-57a2d4851a1d" />
    <TestEntry testId="0c5b364a-f5de-58da-b753-1ac614082b83" executionId="0de0db26-7e8e-4e5c-b915-c9e973e4a9e6" testListId="8c84fa94-04c1-424b-9868-57a2d4851a1d" />
    <TestEntry testId="443ba165-3495-bc93-572f-03526dd196b4" executionId="c6fc931d-633a-4082-8673-1dcbfb5406c8" testListId="8c84fa94-04c1-424b-9868-57a2d4851a1d" />
    <TestEntry testId="808f6769-4db7-45b6-b417-19ff0fba4947" executionId="a4271889-78ab-4a1c-a465-6c61634b3bb6" testListId="8c84fa94-04c1-424b-9868-57a2d4851a1d" />
    <TestEntry testId="b7353867-d878-1710-56a6-21b83884fb70" executionId="c7a7fc53-7c82-4700-9104-7cfb2813ed07" testListId="8c84fa94-04c1-424b-9868-57a2d4851a1d" />
    <TestEntry testId="8902bc51-6268-0123-2576-c6cf515fbd3e" executionId="3f7401ea-ec05-46b8-b2d0-4ab9ee8181ab" testListId="8c84fa94-04c1-424b-9868-57a2d4851a1d" />
    <TestEntry testId="d9bfac4b-ce86-a681-9c66-201e537a2310" executionId="a9c2ebe2-d21a-41c5-9377-672018af8c38" testListId="8c84fa94-04c1-424b-9868-57a2d4851a1d" />
    <TestEntry testId="85e7b633-0898-9dcd-aa1d-0c44e567bb98" executionId="287822e5-1d5e-4706-8e14-0a386be79a0f" testListId="8c84fa94-04c1-424b-9868-57a2d4851a1d" />
    <TestEntry testId="30e60ca6-6a1b-6f7f-607e-c17564fc7e81" executionId="7974dc5a-4368-47cf-9613-3e266270d584" testListId="8c84fa94-04c1-424b-9868-57a2d4851a1d" />
    <TestEntry testId="9db78887-519d-a7af-b6f8-964541821c04" executionId="a8264eec-698b-42c5-bd53-1096be3fc6a2" testListId="8c84fa94-04c1-424b-9868-57a2d4851a1d" />
    <TestEntry testId="481fd340-843a-082c-7388-67fb090ab51b" executionId="66e5a7d2-8cd3-4af5-bcf8-06390ba4282c" testListId="8c84fa94-04c1-424b-9868-57a2d4851a1d" />
    <TestEntry testId="8c5476c8-0889-2d5c-d152-5f350961e078" executionId="9b901f2e-7056-4b55-b8c0-2c52b21fd680" testListId="8c84fa94-04c1-424b-9868-57a2d4851a1d" />
    <TestEntry testId="4f2ad8a8-e34c-1bcc-8266-63f0740759e4" executionId="bb34879e-1d78-4e1f-8b3c-725fed355923" testListId="8c84fa94-04c1-424b-9868-57a2d4851a1d" />
    <TestEntry testId="6a45f7a3-f5ba-e515-01de-9cc940547205" executionId="1b9dcfc6-cd84-44b3-ac85-3acde3ca521f" testListId="8c84fa94-04c1-424b-9868-57a2d4851a1d" />
    <TestEntry testId="d9c383ec-2b9a-9077-f8dd-a7d50a9778d4" executionId="8ea7e673-bd71-489f-983a-516b899dd85a" testListId="8c84fa94-04c1-424b-9868-57a2d4851a1d" />
    <TestEntry testId="81f50e6f-4770-8131-f7a6-47556bddf81b" executionId="9b1e0f41-c934-4f45-9aa3-9d354f88f11d" testListId="8c84fa94-04c1-424b-9868-57a2d4851a1d" />
    <TestEntry testId="c3639fcf-9e7c-c54f-2d7d-59155cbd5a63" executionId="1012fd76-1c2c-45b4-8a3e-ecc1cff22344" testListId="8c84fa94-04c1-424b-9868-57a2d4851a1d" />
    <TestEntry testId="0bae87fb-b85d-97ff-1581-004ead8709b6" executionId="116a14f8-060b-4b71-94c4-2220e3d467b6" testListId="8c84fa94-04c1-424b-9868-57a2d4851a1d" />
    <TestEntry testId="858b6940-6e6d-ff85-5ac6-612dad40475f" executionId="88fcd906-6b8f-4928-b412-54fdc7de7ffb" testListId="8c84fa94-04c1-424b-9868-57a2d4851a1d" />
    <TestEntry testId="029f8264-8dd8-7c55-ccbc-cf1a4f568059" executionId="17117e6a-547a-4dbf-b1dc-d773404822c5" testListId="8c84fa94-04c1-424b-9868-57a2d4851a1d" />
    <TestEntry testId="2a6106eb-ba7e-b936-66dc-fc24c5b7718a" executionId="cf52c256-e173-42de-9fc3-96d59b2d67bd" testListId="8c84fa94-04c1-424b-9868-57a2d4851a1d" />
    <TestEntry testId="c148984c-ba7d-fc63-e1bc-c30e90767785" executionId="638e2169-77e5-41a0-8d05-2d55dd311e1f" testListId="8c84fa94-04c1-424b-9868-57a2d4851a1d" />
    <TestEntry testId="0dee0c57-2847-a3b6-19a4-a177a6eed981" executionId="62a183d9-a9af-43cc-a58a-d8caf14c847a" testListId="8c84fa94-04c1-424b-9868-57a2d4851a1d" />
    <TestEntry testId="fbf64ec8-d5f5-94f2-fc46-be7866b30797" executionId="ff79e0fb-71f3-4c1c-9b53-b7f8f24d10fa" testListId="8c84fa94-04c1-424b-9868-57a2d4851a1d" />
    <TestEntry testId="6d2dccb8-c17b-4d0c-535c-5073418f2efb" executionId="52c8d7af-009e-4d08-a8c6-d1b8f2737abf" testListId="8c84fa94-04c1-424b-9868-57a2d4851a1d" />
    <TestEntry testId="328dd0e4-45d7-76b5-ca22-4814a8559100" executionId="f73d42f5-a7c4-4b0d-b000-fe67e47aa36d" testListId="8c84fa94-04c1-424b-9868-57a2d4851a1d" />
    <TestEntry testId="69130c48-6b47-0224-8842-3c1652c8f273" executionId="5aca3398-2328-4c95-b4be-600ad0fdefdc" testListId="8c84fa94-04c1-424b-9868-57a2d4851a1d" />
    <TestEntry testId="64a35114-0f6b-de9f-7921-a8ad4a25f43c" executionId="faffd8af-17e1-4de4-b788-f16368d9b99f" testListId="8c84fa94-04c1-424b-9868-57a2d4851a1d" />
    <TestEntry testId="72ea1e3a-e8ec-a352-2083-f5b0e29e730a" executionId="d4f1305e-93f1-4b36-a525-43beb2d03ec2" testListId="8c84fa94-04c1-424b-9868-57a2d4851a1d" />
    <TestEntry testId="1222d351-f369-13e6-8a63-654c6658a8f7" executionId="d46004ac-56a2-4778-afe2-9f302b1a7f12" testListId="8c84fa94-04c1-424b-9868-57a2d4851a1d" />
    <TestEntry testId="ff6f4675-f029-a53b-69f2-96a2c4d77823" executionId="da0fc57a-4c26-413d-83cf-86666221f86d" testListId="8c84fa94-04c1-424b-9868-57a2d4851a1d" />
    <TestEntry testId="9936d8fc-36f2-1232-dd42-3fed3ed610cc" executionId="31b54b5d-02d2-419d-8131-e2d0e55c372b" testListId="8c84fa94-04c1-424b-9868-57a2d4851a1d" />
    <TestEntry testId="9dba7c0f-4e59-e2da-a35f-46a781b5af00" executionId="a1b5c4e1-9198-463a-8976-601b3306fc82" testListId="8c84fa94-04c1-424b-9868-57a2d4851a1d" />
    <TestEntry testId="9d380471-420e-7575-73fb-7175773c02f0" executionId="6f4a3c04-3d4f-4e2e-9114-adce61a7447f" testListId="8c84fa94-04c1-424b-9868-57a2d4851a1d" />
    <TestEntry testId="123a39d1-1aad-86d2-5468-ddc7e7e8d908" executionId="cecc6282-b100-47bc-b6c4-a8109fb9f2ce" testListId="8c84fa94-04c1-424b-9868-57a2d4851a1d" />
    <TestEntry testId="89525102-93d9-a18e-34ec-ef1caa7ba7f0" executionId="07e8979d-f515-4543-b94d-993cc450a692" testListId="8c84fa94-04c1-424b-9868-57a2d4851a1d" />
    <TestEntry testId="e56d644f-ad5a-07c3-07ab-689fae3f0416" executionId="8d77c0d5-9163-4b55-a7f1-94b308d255c3" testListId="8c84fa94-04c1-424b-9868-57a2d4851a1d" />
    <TestEntry testId="c320cab3-a834-5d65-ec05-fa4802ad3ca0" executionId="1f9afd10-6c11-4225-9f82-5d8bf18d566e" testListId="8c84fa94-04c1-424b-9868-57a2d4851a1d" />
    <TestEntry testId="3d4b9a3d-89d4-b2fd-70dd-2497dc4dbb19" executionId="55f61c4b-01bd-497f-97a5-58da0e0d9830" testListId="8c84fa94-04c1-424b-9868-57a2d4851a1d" />
    <TestEntry testId="e12d47e8-52e8-1587-c267-c57ea84bfbac" executionId="43da47a7-89dd-4ab1-984c-53eb14981c5e" testListId="8c84fa94-04c1-424b-9868-57a2d4851a1d" />
    <TestEntry testId="84c212d2-0ca6-f915-5c13-c2835aa4f740" executionId="bf14fbc6-526e-4e75-9309-153e05cbc1a2" testListId="8c84fa94-04c1-424b-9868-57a2d4851a1d" />
    <TestEntry testId="f759bd97-980f-b14d-c0d8-3d20ffae820c" executionId="92d2c850-286c-4783-a722-906dfe8fbe13" testListId="8c84fa94-04c1-424b-9868-57a2d4851a1d" />
    <TestEntry testId="d33dd4f9-42d2-ba54-a613-8ae309125d7c" executionId="739305ce-c69b-4605-bc30-94eecd6bd750" testListId="8c84fa94-04c1-424b-9868-57a2d4851a1d" />
    <TestEntry testId="56804e2f-7b1e-7bf6-17ba-4d7f0f88e41f" executionId="f3cc6b67-2700-44d9-a03d-4530079c83f3" testListId="8c84fa94-04c1-424b-9868-57a2d4851a1d" />
    <TestEntry testId="574b2f8f-cafd-7669-fb7d-d3336a80f13a" executionId="a49e1f88-8b36-45d3-8841-8bb2fb703bc1" testListId="8c84fa94-04c1-424b-9868-57a2d4851a1d" />
    <TestEntry testId="7a3188fe-d9d4-6d4d-0426-af1256cedb5c" executionId="ced3b74d-222e-4cb7-a2ab-4641681e6587" testListId="8c84fa94-04c1-424b-9868-57a2d4851a1d" />
    <TestEntry testId="6b5e001c-372d-3984-9439-6b6573e7f51e" executionId="814b29d4-4fe5-4e61-8ee2-63ae6f56dc28" testListId="8c84fa94-04c1-424b-9868-57a2d4851a1d" />
    <TestEntry testId="bf839169-2f4f-26db-25a1-60776c691c5e" executionId="a40bf874-f842-4df4-bf2b-dcc81f713d49" testListId="8c84fa94-04c1-424b-9868-57a2d4851a1d" />
    <TestEntry testId="329b8388-0c3e-b165-4696-a2bcdcd89b43" executionId="87adbecd-5518-442b-acce-e511b58abb2b" testListId="8c84fa94-04c1-424b-9868-57a2d4851a1d" />
    <TestEntry testId="b47c2cfd-a74b-c954-bd88-3779258e52fd" executionId="38f0be4e-7a31-4821-98ae-292d31b26c00" testListId="8c84fa94-04c1-424b-9868-57a2d4851a1d" />
    <TestEntry testId="39426936-1308-2dfd-d59b-bffdf5f4c70e" executionId="0d8e6ac9-f5e5-45a8-ac26-b13a8bba4ffa" testListId="8c84fa94-04c1-424b-9868-57a2d4851a1d" />
    <TestEntry testId="88e04dae-20a6-c7a1-b98d-f318be8516ad" executionId="0205cd83-d369-4f5c-a4c8-6297f6ff0c62" testListId="8c84fa94-04c1-424b-9868-57a2d4851a1d" />
    <TestEntry testId="c742fc73-325e-9428-9ee7-73ee2741e439" executionId="f7366969-d869-46cd-b7b7-9cac5e24b086" testListId="8c84fa94-04c1-424b-9868-57a2d4851a1d" />
    <TestEntry testId="fa8c76aa-9af9-704a-4fa8-d3eee8da1a14" executionId="a447290c-9e85-474c-868d-fd085fa36193" testListId="8c84fa94-04c1-424b-9868-57a2d4851a1d" />
    <TestEntry testId="1eee4f33-92b7-9018-6165-a17963f5aa42" executionId="d6b4332b-7344-4581-8508-1218c50151db" testListId="8c84fa94-04c1-424b-9868-57a2d4851a1d" />
    <TestEntry testId="6f664609-7f00-6a0e-a61d-edaf8aad34b5" executionId="1ce9361d-36c8-454a-ad83-dc9931d65aa0" testListId="8c84fa94-04c1-424b-9868-57a2d4851a1d" />
    <TestEntry testId="6c10c340-c807-5df9-dc18-9315a1b42c3e" executionId="b75500ea-df54-47f2-a01b-8d3c28723b67" testListId="8c84fa94-04c1-424b-9868-57a2d4851a1d" />
    <TestEntry testId="29e8a8c3-6cb3-9ed6-377b-a865e9932129" executionId="dc6e0697-0091-44dd-9798-28ba09175853" testListId="8c84fa94-04c1-424b-9868-57a2d4851a1d" />
    <TestEntry testId="1dd525cf-618e-0666-32f8-2dda2373e5b3" executionId="6623c8a3-aeb8-470b-992d-938d13a22245" testListId="8c84fa94-04c1-424b-9868-57a2d4851a1d" />
    <TestEntry testId="e2d72b73-0696-090f-8c01-3546d7e28db3" executionId="37d5d439-b686-4095-9d26-4644f1734d80" testListId="8c84fa94-04c1-424b-9868-57a2d4851a1d" />
    <TestEntry testId="68f0ec07-d246-9cc5-1f3b-2ca2b959446a" executionId="dc67ea76-d9a7-463e-8855-aed5131b8003" testListId="8c84fa94-04c1-424b-9868-57a2d4851a1d" />
    <TestEntry testId="eeb5ac1e-1bb9-1820-7491-a59f060b4245" executionId="74173849-01f1-4a3a-821b-4c20880193d9" testListId="8c84fa94-04c1-424b-9868-57a2d4851a1d" />
    <TestEntry testId="2fb60441-b8ca-a1cd-4ec5-1ef5fd42e809" executionId="5780ac12-1380-43c7-80a5-6dae9735eca5" testListId="8c84fa94-04c1-424b-9868-57a2d4851a1d" />
    <TestEntry testId="da78fd54-9ea2-6def-aa74-165cbef3b64c" executionId="0b0744d7-a3af-4c47-9f56-56d1a368ac38" testListId="8c84fa94-04c1-424b-9868-57a2d4851a1d" />
    <TestEntry testId="f0782b82-1d51-d793-bf43-0576cd5997bc" executionId="dfe48335-e1ba-4d2b-a127-b219936d3916" testListId="8c84fa94-04c1-424b-9868-57a2d4851a1d" />
    <TestEntry testId="c22f1937-927d-4816-d5ab-1a0baaf000a8" executionId="0a98110c-6466-4c3c-b243-4a4d71d29b88" testListId="8c84fa94-04c1-424b-9868-57a2d4851a1d" />
    <TestEntry testId="81aa6ddd-6b6e-20cb-fe97-9fe4af4ac5e9" executionId="ecbb8ca3-6fd1-4217-93bb-e03e5a2de96e" testListId="8c84fa94-04c1-424b-9868-57a2d4851a1d" />
    <TestEntry testId="14d607be-ff13-1e7d-d02b-70da6282f27b" executionId="41cb7da6-ebc9-4690-82d9-448a4254e017" testListId="8c84fa94-04c1-424b-9868-57a2d4851a1d" />
    <TestEntry testId="ee9912fe-3dec-29df-42d4-ddd55644b5cf" executionId="85cdd6d7-aaf9-4ae9-98f4-2dcc0c9e1fc4" testListId="8c84fa94-04c1-424b-9868-57a2d4851a1d" />
    <TestEntry testId="df99e538-fcef-3d36-1047-c53e9aa2bfe4" executionId="5515dc85-bfc0-4303-9b53-7631d4ea5b7e" testListId="8c84fa94-04c1-424b-9868-57a2d4851a1d" />
    <TestEntry testId="9a7b0de5-dbb0-3a2f-ee11-fc9ab5bbeded" executionId="7d1ad293-7f88-42d2-a913-a57eda44e162" testListId="8c84fa94-04c1-424b-9868-57a2d4851a1d" />
    <TestEntry testId="ac5a3b6c-8792-acd8-e85e-8cc8e5d22d05" executionId="6b27b61b-ebc5-4208-b6bc-48d5479e0f51" testListId="8c84fa94-04c1-424b-9868-57a2d4851a1d" />
    <TestEntry testId="1fd5f302-597b-bfea-c23e-2f2cea94c1d3" executionId="6f491012-2715-4fe6-8cf6-4d952d534fb2" testListId="8c84fa94-04c1-424b-9868-57a2d4851a1d" />
    <TestEntry testId="b5c0a1fd-aa2b-5442-fd8a-3074032b4f13" executionId="5eaf9902-6751-4ca2-a7c0-e74f9604b18b" testListId="8c84fa94-04c1-424b-9868-57a2d4851a1d" />
    <TestEntry testId="5971eedf-4f4e-1851-ad1a-a1d18c644a21" executionId="b0e10b25-3aa2-48c3-9714-e7fc392fdf70" testListId="8c84fa94-04c1-424b-9868-57a2d4851a1d" />
    <TestEntry testId="585e800b-5018-9338-1c12-fccb1555134d" executionId="7a6826cd-e22d-4199-b207-026f23c13ba2" testListId="8c84fa94-04c1-424b-9868-57a2d4851a1d" />
    <TestEntry testId="a4d04c57-a507-2cbe-786f-98ded8dc3ed2" executionId="d6e0d895-5064-4363-b6f4-fb3b334d2982" testListId="8c84fa94-04c1-424b-9868-57a2d4851a1d" />
    <TestEntry testId="f470f3be-cbb4-4884-ce73-3815b9db8202" executionId="82542574-fde1-4259-a573-e759b6cf1e2e" testListId="8c84fa94-04c1-424b-9868-57a2d4851a1d" />
    <TestEntry testId="4d88f499-64c4-cc5c-d594-ad7b8c2afd74" executionId="da3239ca-ad2a-4f34-ae91-f24a74378f25" testListId="8c84fa94-04c1-424b-9868-57a2d4851a1d" />
    <TestEntry testId="cbdaa892-b585-e537-2a1b-08ca32d0b7bd" executionId="59515115-fbd1-4aa0-88df-63e93e5f21c5" testListId="8c84fa94-04c1-424b-9868-57a2d4851a1d" />
    <TestEntry testId="3f42f314-c12f-95ee-e81e-6cf2bd7cb27c" executionId="4dd24f89-9255-4470-965e-6dc4d11304cc" testListId="8c84fa94-04c1-424b-9868-57a2d4851a1d" />
    <TestEntry testId="a3c7ccc4-d266-198f-9b4f-0336f30b0d51" executionId="46da2dbf-d5ed-4259-a9e2-aee7ae13630c" testListId="8c84fa94-04c1-424b-9868-57a2d4851a1d" />
    <TestEntry testId="c4567314-3208-8c2e-d7e3-263b4b46b4ae" executionId="23828e1e-3987-4c8e-81b0-bb56522b47d4" testListId="8c84fa94-04c1-424b-9868-57a2d4851a1d" />
    <TestEntry testId="97f523e7-893b-0556-85a1-f54162e13433" executionId="d01178b3-9714-4beb-b831-d88b68b1df35" testListId="8c84fa94-04c1-424b-9868-57a2d4851a1d" />
    <TestEntry testId="2aff5125-fb54-d17a-bf02-76651f9097aa" executionId="16011a24-1aa9-4937-bd88-2e1ed9587e3b" testListId="8c84fa94-04c1-424b-9868-57a2d4851a1d" />
    <TestEntry testId="c71ae056-973d-f7c9-8269-7b94bc1575d1" executionId="54387ca5-b807-4825-bf62-2f8a01291703" testListId="8c84fa94-04c1-424b-9868-57a2d4851a1d" />
    <TestEntry testId="82ef564a-d6af-624d-6881-42d7ff50cdbe" executionId="c8d8f9cb-4b6c-4ecd-83b4-c7ea35259191" testListId="8c84fa94-04c1-424b-9868-57a2d4851a1d" />
    <TestEntry testId="6507f808-c9e1-3403-0216-cd8d28b5f232" executionId="1065efcb-a9c6-47e0-8eee-c2c20b3d35ad" testListId="8c84fa94-04c1-424b-9868-57a2d4851a1d" />
    <TestEntry testId="cf0e0023-87b9-f504-68e5-027424cdabd7" executionId="b98ad80a-4eb8-430a-ac64-d30bb2b7cae3" testListId="8c84fa94-04c1-424b-9868-57a2d4851a1d" />
    <TestEntry testId="668c287d-4ba0-05cf-67a7-432cda7deceb" executionId="4eeeb42c-3778-44de-b9ab-9e0b7e721770" testListId="8c84fa94-04c1-424b-9868-57a2d4851a1d" />
    <TestEntry testId="1701e553-4b92-dc28-17a3-5f3b2e50e5ab" executionId="78fd68d0-4365-481d-94bf-38819e01efc1" testListId="8c84fa94-04c1-424b-9868-57a2d4851a1d" />
    <TestEntry testId="c259da4e-14ef-cda9-000a-f14f8ecc5688" executionId="7f300453-d04e-4bcd-a8a1-24c007bf1ac9" testListId="8c84fa94-04c1-424b-9868-57a2d4851a1d" />
    <TestEntry testId="581913c4-cfd7-5c26-9601-bebfe46e68ed" executionId="7cf941b6-163e-4518-8af3-15710dea61d3" testListId="8c84fa94-04c1-424b-9868-57a2d4851a1d" />
    <TestEntry testId="5d5faa4c-e456-921b-b239-ec54ee40f259" executionId="1c06a994-a5d9-41d7-b188-79dfdef64815" testListId="8c84fa94-04c1-424b-9868-57a2d4851a1d" />
    <TestEntry testId="a9e52de8-4e3c-69e2-691d-0e023421a227" executionId="44d18945-df74-4cbf-b003-402c33bb5c7f" testListId="8c84fa94-04c1-424b-9868-57a2d4851a1d" />
    <TestEntry testId="408ecd82-af97-3e0a-f15b-76ffe0975d7b" executionId="eec762c9-e3ea-4fb1-9dbc-be958c6ffa1a" testListId="8c84fa94-04c1-424b-9868-57a2d4851a1d" />
    <TestEntry testId="6a85fda5-00d9-1c5a-0a7c-4a3863b0b71c" executionId="ff484a42-2f02-4cae-8d99-df89fbe5594b" testListId="8c84fa94-04c1-424b-9868-57a2d4851a1d" />
    <TestEntry testId="8fd20424-1827-93f4-e482-848d3e7f0278" executionId="ad590c4b-6736-45bc-9cf7-9ccf4d840287" testListId="8c84fa94-04c1-424b-9868-57a2d4851a1d" />
    <TestEntry testId="614e977e-8164-1974-f844-e7e9e5f18ba0" executionId="b382f3f6-bafc-499c-af26-ad4791b1bf26" testListId="8c84fa94-04c1-424b-9868-57a2d4851a1d" />
    <TestEntry testId="7b06f581-1ccc-6701-d74a-400b5542513f" executionId="d2d4111b-ac9a-426d-aadc-38cb5272482b" testListId="8c84fa94-04c1-424b-9868-57a2d4851a1d" />
    <TestEntry testId="c7334bd2-08fc-6f4e-61b6-5c29e6877bbe" executionId="a9ee81cd-b2c3-4457-9e0a-9cd80ff9ee81" testListId="8c84fa94-04c1-424b-9868-57a2d4851a1d" />
    <TestEntry testId="1c442c16-ba3d-419e-9d9d-1c14a4999eae" executionId="d473c3c7-9ec9-4a1d-940a-b7c2f8a4aaf0" testListId="8c84fa94-04c1-424b-9868-57a2d4851a1d" />
    <TestEntry testId="06a83446-ab5d-f9d1-38d7-8cbf57b3df82" executionId="1166f5c4-2c27-432a-b323-b474f8287103" testListId="8c84fa94-04c1-424b-9868-57a2d4851a1d" />
    <TestEntry testId="57086f39-ab8e-09a6-827b-ca94b12bb7fc" executionId="92dd78d3-0f3f-4010-8a46-948429aa5c4d" testListId="8c84fa94-04c1-424b-9868-57a2d4851a1d" />
    <TestEntry testId="886acc91-59d5-7f60-5e03-1f12d5f64ef7" executionId="77b76990-05db-44f5-b08a-2e574ff47876" testListId="8c84fa94-04c1-424b-9868-57a2d4851a1d" />
    <TestEntry testId="9e195642-ca02-ec07-52dd-52469c1263d2" executionId="3738c713-97b7-40e4-9cc4-c43ba5db4f81" testListId="8c84fa94-04c1-424b-9868-57a2d4851a1d" />
  </TestEntries>
  <TestLists>
    <TestList name="Results Not in a List" id="8c84fa94-04c1-424b-9868-57a2d4851a1d" />
    <TestList name="All Loaded Results" id="19431567-8539-422a-85d7-44ee4e166bda" />
  </TestLists>
  <ResultSummary outcome="Completed">
    <Counters total="163" executed="161" passed="161" failed="0" error="0" timeout="0" aborted="0" inconclusive="0" passedButRunAborted="0" notRunnable="0" notExecuted="0" disconnected="0" warning="0" completed="0" inProgress="0" pending="0" />
    <Output>
      <StdOut>Test 'Given_MessageHandlerIsCreated_When_ValidateIsCalledWithoutAuthorizationHeader_Then_StatusIsSuccessAndDisconnectRequestIsCalledAfterTimeout' was skipped in the test run.&#xD;
Test 'Given_MessageHandlerIsCreated_When_ValidateIsCalledWithoutAuthorizationHeaderAndAuthorizationCommandSentWithinTimeout_Then_NoDisconnectIsRequestedAfterTimeout' was skipped in the test run.&#xD;
</StdOut>
    </Output>
  </ResultSummary>
</TestRun>